<?xml version="1.0" encoding="UTF-8"?>
<!-- Generated by org.testng.reporters.JUnitReportReporter -->
<testsuite hostname="Asplap3104" failures="0" tests="1" name="CreditProcess.InvoiceCreditRequest" time="365.014" errors="1" timestamp="2024-11-06T11:09:25 IST" skipped="0">
  <testcase classname="CreditProcess.InvoiceCreditRequest" name="B2B486_TC01" time="365.014">
    <error message="Timed out after 3 seconds. Unable to locate the element" type="org.openqa.selenium.NoSuchElementException">
      <![CDATA[org.openqa.selenium.NoSuchElementException: Timed out after 3 seconds. Unable to locate the element
at AspireAI.CustomFactories.AjaxElementLocator.findElement(AjaxElementLocator.java:74)
at org.openqa.selenium.support.pagefactory.internal.LocatingElementHandler.invoke(LocatingElementHandler.java:38)
at com.sun.proxy.$Proxy25.getWrappedElement(Unknown Source)
at org.openqa.selenium.remote.internal.WebElementToJsonConverter.apply(WebElementToJsonConverter.java:52)
at java.base/java.util.stream.ReferencePipeline$3$1.accept(ReferencePipeline.java:195)
at java.base/java.util.Spliterators$ArraySpliterator.forEachRemaining(Spliterators.java:948)
at java.base/java.util.stream.AbstractPipeline.copyInto(AbstractPipeline.java:484)
at java.base/java.util.stream.AbstractPipeline.wrapAndCopyInto(AbstractPipeline.java:474)
at java.base/java.util.stream.ReduceOps$ReduceOp.evaluateSequential(ReduceOps.java:913)
at java.base/java.util.stream.AbstractPipeline.evaluate(AbstractPipeline.java:234)
at java.base/java.util.stream.ReferencePipeline.collect(ReferencePipeline.java:578)
at org.openqa.selenium.remote.RemoteWebDriver.executeScript(RemoteWebDriver.java:477)
at ICar.support.BrowserActions.scrollToViewWithTrue(BrowserActions.java:180)
at ICar.Pages.SalesForcePages.getCreditAmountFromStudent(SalesForcePages.java:31841)
at CreditProcess.InvoiceCreditRequest.B2B486_TC01(InvoiceCreditRequest.java:118)
at java.base/jdk.internal.reflect.NativeMethodAccessorImpl.invoke0(Native Method)
at java.base/jdk.internal.reflect.NativeMethodAccessorImpl.invoke(NativeMethodAccessorImpl.java:62)
at java.base/jdk.internal.reflect.DelegatingMethodAccessorImpl.invoke(DelegatingMethodAccessorImpl.java:43)
at java.base/java.lang.reflect.Method.invoke(Method.java:564)
at org.testng.internal.invokers.MethodInvocationHelper.invokeMethod(MethodInvocationHelper.java:139)
at org.testng.internal.invokers.TestInvoker.invokeMethod(TestInvoker.java:664)
at org.testng.internal.invokers.TestInvoker.invokeTestMethod(TestInvoker.java:227)
at org.testng.internal.invokers.TestMethodWithDataProviderMethodWorker.call(TestMethodWithDataProviderMethodWorker.java:80)
at org.testng.internal.invokers.TestMethodWithDataProviderMethodWorker.call(TestMethodWithDataProviderMethodWorker.java:17)
at java.base/java.util.concurrent.FutureTask.run(FutureTask.java:264)
at java.base/java.util.concurrent.Executors$RunnableAdapter.call(Executors.java:515)
at java.base/java.util.concurrent.FutureTask.run(FutureTask.java:264)
at java.base/java.util.concurrent.ThreadPoolExecutor.runWorker(ThreadPoolExecutor.java:1130)
at java.base/java.util.concurrent.ThreadPoolExecutor$Worker.run(ThreadPoolExecutor.java:630)
at java.base/java.lang.Thread.run(Thread.java:832)
Caused by: org.openqa.selenium.NoSuchElementException: no such element: Unable to locate element: {"method":"xpath","selector":"//span[text()='Credit Amount Available']/parent::div/following-sibling::div/span/slot/slot/lightning-formatted-text"}
  (Session info: chrome=130.0.6723.116)
For documentation on this error, please visit: https://selenium.dev/exceptions/#no_such_element
Build info: version: '4.6.0', revision: '79f1c02ae20'
System info: os.name: 'Windows 10', os.arch: 'amd64', os.version: '10.0', java.version: '14.0.2'
Driver info: org.openqa.selenium.chrome.ChromeDriver
Command: [a1c119d3a4766e97d8e7348fc2dce667, findElement {using=xpath, value=//span[text()='Credit Amount Available']/parent::div/following-sibling::div/span/slot/slot/lightning-formatted-text}]
Capabilities {acceptInsecureCerts: false, browserName: chrome, browserVersion: 130.0.6723.116, chrome: {chromedriverVersion: 129.0.6668.58 (81a06fb873a9..., userDataDir: C:\Users\DHARAN~1.SRI\AppDa...}, fedcm:accounts: true, goog:chromeOptions: {debuggerAddress: localhost:55102}, networkConnectionEnabled: false, pageLoadStrategy: normal, platformName: WINDOWS, proxy: Proxy(), se:cdp: ws://localhost:55102/devtoo..., se:cdpVersion: 130.0.6723.116, setWindowRect: true, strictFileInteractability: false, timeouts: {implicit: 0, pageLoad: 300000, script: 30000}, unhandledPromptBehavior: dismiss and notify, webauthn:extension:credBlob: true, webauthn:extension:largeBlob: true, webauthn:extension:minPinLength: true, webauthn:extension:prf: true, webauthn:virtualAuthenticators: true}
Session ID: a1c119d3a4766e97d8e7348fc2dce667
at java.base/jdk.internal.reflect.NativeConstructorAccessorImpl.newInstance0(Native Method)
at java.base/jdk.internal.reflect.NativeConstructorAccessorImpl.newInstance(NativeConstructorAccessorImpl.java:62)
at java.base/jdk.internal.reflect.DelegatingConstructorAccessorImpl.newInstance(DelegatingConstructorAccessorImpl.java:45)
at java.base/java.lang.reflect.Constructor.newInstanceWithCaller(Constructor.java:500)
at java.base/java.lang.reflect.Constructor.newInstance(Constructor.java:481)
at org.openqa.selenium.remote.codec.w3c.W3CHttpResponseCodec.createException(W3CHttpResponseCodec.java:200)
at org.openqa.selenium.remote.codec.w3c.W3CHttpResponseCodec.decode(W3CHttpResponseCodec.java:133)
at org.openqa.selenium.remote.codec.w3c.W3CHttpResponseCodec.decode(W3CHttpResponseCodec.java:53)
at org.openqa.selenium.remote.HttpCommandExecutor.execute(HttpCommandExecutor.java:193)
at org.openqa.selenium.remote.service.DriverCommandExecutor.invokeExecute(DriverCommandExecutor.java:183)
at org.openqa.selenium.remote.service.DriverCommandExecutor.execute(DriverCommandExecutor.java:158)
at org.openqa.selenium.remote.RemoteWebDriver.execute(RemoteWebDriver.java:543)
at org.openqa.selenium.remote.ElementLocation$ElementFinder$2.findElement(ElementLocation.java:162)
at org.openqa.selenium.remote.ElementLocation.findElement(ElementLocation.java:60)
at org.openqa.selenium.remote.RemoteWebDriver.findElement(RemoteWebDriver.java:352)
at org.openqa.selenium.remote.RemoteWebDriver.findElement(RemoteWebDriver.java:344)
at AspireAI.CustomFactories.CustomDefaultElementLocator.findElement(CustomDefaultElementLocator.java:55)
at AspireAI.CustomFactories.AjaxElementLocator.access$0(AjaxElementLocator.java:1)
at AspireAI.CustomFactories.AjaxElementLocator$SlowLoadingElement.isLoaded(AjaxElementLocator.java:142)
at org.openqa.selenium.support.ui.SlowLoadableComponent.get(SlowLoadableComponent.java:72)
at AspireAI.CustomFactories.AjaxElementLocator.findElement(AjaxElementLocator.java:71)
... 29 more
]]>
    </error>
    <system-out>
      <![CDATA[<div class="test-event"> <font color="maroon"> <small> &emsp; &emsp;--- 06 Nov 11:03:16 085 - TestCaseID:: B2B486_TC01</small> </font> </div>
<div class="test-event"> <font color="maroon"> <small> &emsp; &emsp;--- 06 Nov 11:03:20 207 - <b>5</b> - Driver::initialize::Get - ICar.support.WebDriverFactory.getDriver(WebDriverFactory.java:640)</small> </font> </div>
&emsp;<div class="test-title"> <strong><font size = "3" color = "#000080">Verify the “Invoice Type = Xfer to Acct Credit and Origin = TM End Date” displayed in Invoice When Credit amount transfers from TM to Org(Account).</font> </strong> </div>&emsp;<div><strong>Steps:</strong></div><!-- Report -->&emsp;
<div class="test-event"> <font color="maroon"> <small> &emsp; &emsp;--- 06 Nov 11:03:30 406 - Page URL:: https://i-car--qa.sandbox.my.salesforce.com/</small> </font> </div>
<div class="test-event"> <font color="maroon"> <small> &emsp; &emsp;--- 06 Nov 11:03:30 406 - <b>8</b> - Page Load Wait: (Sync) - ICar.support.Utils.waitForPageLoad(Utils.java:109)</small> </font> </div>
<div class="test-message">&emsp;Successfully navigated to 'Login' Page&emsp;<a href=".\ScreenShot\B2B486_TC01_87790288776900.png" target="_blank" >[ScreenShot]</a></div>
<div class="test-event"> <font color="maroon"> <small> &emsp; &emsp;--- 06 Nov 11:03:31 022 - Element is displayed:: [[ChromeDriver: chrome on WINDOWS (a1c119d3a4766e97d8e7348fc2dce667)] -> id: username]</small> </font> </div>
<div class="test-event"> <font color="maroon"> <small> &emsp; &emsp;--- 06 Nov 11:03:31 195 - Element is displayed:: [[ChromeDriver: chrome on WINDOWS (a1c119d3a4766e97d8e7348fc2dce667)] -> id: username]</small> </font> </div>
<div class="test-event"> <font color="maroon"> <small> &emsp; &emsp;--- 06 Nov 11:03:32 162 - Element is displayed:: [[ChromeDriver: chrome on WINDOWS (a1c119d3a4766e97d8e7348fc2dce667)] -> id: password]</small> </font> </div>
<div class="test-event"> <font color="maroon"> <small> &emsp; &emsp;--- 06 Nov 11:03:32 475 - Element is displayed:: [[ChromeDriver: chrome on WINDOWS (a1c119d3a4766e97d8e7348fc2dce667)] -> id: Login]</small> </font> </div>
<div class="test-event"> <font color="maroon"> <small> &emsp; &emsp;--- 06 Nov 11:04:10 326 - Catched spinner load exception due to Expected condition failed: waiting for ICar.support.WaitUtils$4@1192be0a (tried for 13 second(s) with 500 milliseconds interval)</small> </font> </div>
<div class="test-event"> <font color="maroon"> <small> &emsp; &emsp;--- 06 Nov 11:04:10 326 - <b>13</b> - Spinner Load Wait: (Sync) - ICar.support.WaitUtils.waitForSpinner(WaitUtils.java:225)</small> </font> </div>
<div class="test-event"> <font color="maroon"> <small> &emsp; &emsp;--- 06 Nov 11:04:26 146 - Catched spinner load exception due to Expected condition failed: waiting for ICar.support.WaitUtils$4@1192be0a (tried for 6 second(s) with 500 milliseconds interval)</small> </font> </div>
<div class="test-event"> <font color="maroon"> <small> &emsp; &emsp;--- 06 Nov 11:04:26 146 - <b>6</b> - Spinner Load Wait: (Sync) - ICar.support.WaitUtils.waitForSpinner(WaitUtils.java:225)</small> </font> </div>
<div class="test-event"> <font color="maroon"> <small> &emsp; &emsp;--- 06 Nov 11:04:26 234 - Element is displayed:: [[ChromeDriver: chrome on WINDOWS (a1c119d3a4766e97d8e7348fc2dce667)] -> css selector: button[class*='search-button']]</small> </font> </div>
<div class="test-message">&emsp; Enter the user credentials as : icaradminautomation1@i-car.com.qa</div>
<div class="test-message">&emsp; Navigate to 'SalesForce Page'</div>
<div class="test-event"> <font color="maroon"> <small> &emsp; &emsp;--- 06 Nov 11:04:34 438 - Page URL:: https://i-car--qa.sandbox.lightning.force.com/lightning/o/account/list?filtername=__recent</small> </font> </div>
<div class="test-event"> <font color="maroon"> <small> &emsp; &emsp;--- 06 Nov 11:04:34 438 - <b>8</b> - Page Load Wait: (Sync) - ICar.support.Utils.waitForPageLoad(Utils.java:109)</small> </font> </div>
<div class="test-event"> <font color="maroon"> <small> &emsp; &emsp;--- 06 Nov 11:04:47 776 - Page URL:: https://i-car--qa.sandbox.lightning.force.com/lightning/o/account/list?filtername=__recent</small> </font> </div>
<div class="test-event"> <font color="maroon"> <small> &emsp; &emsp;--- 06 Nov 11:04:47 776 - <b>8</b> - Page Load Wait: (Sync) - ICar.support.Utils.waitForPageLoad(Utils.java:109)</small> </font> </div>
<div class="test-message">&emsp;Close the tab</div>
<div class="test-message">&emsp;Search and click on IcarID 2754212</div>
<div class="test-event"> <font color="maroon"> <small> &emsp; &emsp;--- 06 Nov 11:05:22 442 - Page URL:: https://i-car--qa.sandbox.lightning.force.com/lightning/o/account/list?filtername=__recent</small> </font> </div>
<div class="test-event"> <font color="maroon"> <small> &emsp; &emsp;--- 06 Nov 11:05:22 442 - <b>8</b> - Page Load Wait: (Sync) - ICar.support.Utils.waitForPageLoad(Utils.java:109)</small> </font> </div>
<div class="test-event"> <font color="maroon"> <small> &emsp; &emsp;--- 06 Nov 11:05:35 740 - Page URL:: https://i-car--qa.sandbox.lightning.force.com/lightning/o/account/list?filtername=__recent</small> </font> </div>
<div class="test-event"> <font color="maroon"> <small> &emsp; &emsp;--- 06 Nov 11:05:35 740 - <b>8</b> - Page Load Wait: (Sync) - ICar.support.Utils.waitForPageLoad(Utils.java:109)</small> </font> </div>
<div class="test-message">&emsp;Close the tab</div>
<div class="test-event"> <font color="maroon"> <small> &emsp; &emsp;--- 06 Nov 11:06:10 391 - Page URL:: https://i-car--qa.sandbox.lightning.force.com/lightning/o/account/list?filtername=__recent</small> </font> </div>
<div class="test-event"> <font color="maroon"> <small> &emsp; &emsp;--- 06 Nov 11:06:10 391 - <b>8</b> - Page Load Wait: (Sync) - ICar.support.Utils.waitForPageLoad(Utils.java:109)</small> </font> </div>
<div class="test-event"> <font color="maroon"> <small> &emsp; &emsp;--- 06 Nov 11:06:10 448 - Element is displayed:: [[ChromeDriver: chrome on WINDOWS (a1c119d3a4766e97d8e7348fc2dce667)] -> css selector: button[class*='search-button']]</small> </font> </div>
<div class="test-event"> <font color="maroon"> <small> &emsp; &emsp;--- 06 Nov 11:06:12 735 - Catched spinner load exception due to Expected condition failed: waiting for ICar.support.WaitUtils$4@1192be0a (tried for 2 second(s) with 500 milliseconds interval)</small> </font> </div>
<div class="test-event"> <font color="maroon"> <small> &emsp; &emsp;--- 06 Nov 11:06:12 735 - <b>2</b> - Spinner Load Wait: (Sync) - ICar.support.WaitUtils.waitForSpinner(WaitUtils.java:225)</small> </font> </div>
<div class="test-event"> <font color="maroon"> <small> &emsp; &emsp;--- 06 Nov 11:06:15 848 - Element is displayed:: [[ChromeDriver: chrome on WINDOWS (a1c119d3a4766e97d8e7348fc2dce667)] -> css selector: button[class*='search-button']]</small> </font> </div>
<div class="test-event"> <font color="maroon"> <small> &emsp; &emsp;--- 06 Nov 11:06:24 515 - Page URL:: https://i-car--qa.sandbox.lightning.force.com/lightning/o/account/list?filtername=__recent</small> </font> </div>
<div class="test-event"> <font color="maroon"> <small> &emsp; &emsp;--- 06 Nov 11:06:24 516 - <b>8</b> - Page Load Wait: (Sync) - ICar.support.Utils.waitForPageLoad(Utils.java:109)</small> </font> </div>
<div class="test-event"> <font color="maroon"> <small> &emsp; &emsp;--- 06 Nov 11:06:44 096 - Catched spinner load exception due to Expected condition failed: waiting for ICar.support.WaitUtils$4@1192be0a (tried for 10 second(s) with 500 milliseconds interval)</small> </font> </div>
<div class="test-event"> <font color="maroon"> <small> &emsp; &emsp;--- 06 Nov 11:06:44 096 - <b>10</b> - Spinner Load Wait: (Sync) - ICar.support.WaitUtils.waitForSpinner(WaitUtils.java:225)</small> </font> </div>
<div class="test-event"> <font color="maroon"> <small> &emsp; &emsp;--- 06 Nov 11:06:52 652 - Page URL:: https://i-car--qa.sandbox.lightning.force.com/one/one.app#eyjjb21wb25lbnrezwyioijmb3jjzvnlyxjjadpzzwfyy2hqywdlrgvza3rvccisimf0dhjpynv0zxmionsidgvybsi6iji3ntqymtiilcjzy29wzu1hcci6eyj0exblijoive9qx1jfu1vmvfmilcjuyw1lc3bhy2uioiiilcjsywjlbci6ilrvccbszxn1bhrziiwibgfizwxqbhvyywwioijub3agumvzdwx0cyisinjlc3vsdhndbxaioijmb3jjzvnlyxjjadpwcmvkawn0zwrszxn1bhrzin0simnvbnrlehqionsirklmvevsuyi6e30sinnlyxjjafnvdxjjzsi6ikftu0ltvefovf9esufmt0cilcjkaxnhymxlsw50zw50uxvlcnkiomzhbhnllcjkaxnhymxlu3blbgxdb3jyzwn0aw9uijpmywxzzswic2vhcmnorglhbg9nu2vzc2lvbklkijoiytgyywmxotatyzfizi04odziltkyztqtnzriyzk3yjrmmdnkiiwizgvidwdjbmzvijp7imfwce5hbwuioijjq2fyx1nlcnzpy2vfq29uc29szsisimfwcfr5cguioijdb25zb2xliiwiyxbwtmftzxnwywnlijoiyyisimxvy2f0aw9uijoizm9yy2u6b2jqzwn0sg9tzurlc2t0b3ailcjzb2jqzwn0vhlwzsi6ikfjy291bnqifx0simdyb3vwswqioijeruzbvuxuin0sinn0yxrlijp7fx0%3d</small> </font> </div>
<div class="test-event"> <font color="maroon"> <small> &emsp; &emsp;--- 06 Nov 11:06:52 652 - <b>8</b> - Page Load Wait: (Sync) - ICar.support.Utils.waitForPageLoad(Utils.java:109)</small> </font> </div>
<div class="test-event"> <font color="maroon"> <small> &emsp; &emsp;--- 06 Nov 11:07:03 730 - Catched spinner load exception due to Expected condition failed: waiting for ICar.support.WaitUtils$4@1192be0a (tried for 11 second(s) with 500 milliseconds interval)</small> </font> </div>
<div class="test-event"> <font color="maroon"> <small> &emsp; &emsp;--- 06 Nov 11:07:03 730 - <b>11</b> - Spinner Load Wait: (Sync) - ICar.support.WaitUtils.waitForSpinner(WaitUtils.java:225)</small> </font> </div>
<div class="test-event"> <font color="maroon"> <small> &emsp; &emsp;--- 06 Nov 11:07:12 388 - Page URL:: https://i-car--qa.sandbox.lightning.force.com/one/one.app#eyjjb21wb25lbnrezwyioijmb3jjzvnlyxjjadpzzwfyy2hqywdlrgvza3rvccisimf0dhjpynv0zxmionsidgvybsi6iji3ntqymtiilcjzy29wzu1hcci6eyj0exblijoive9qx1jfu1vmvfmilcjuyw1lc3bhy2uioiiilcjsywjlbci6ilrvccbszxn1bhrziiwibgfizwxqbhvyywwioijub3agumvzdwx0cyisinjlc3vsdhndbxaioijmb3jjzvnlyxjjadpwcmvkawn0zwrszxn1bhrzin0simnvbnrlehqionsirklmvevsuyi6e30sinnlyxjjafnvdxjjzsi6ikftu0ltvefovf9esufmt0cilcjkaxnhymxlsw50zw50uxvlcnkiomzhbhnllcjkaxnhymxlu3blbgxdb3jyzwn0aw9uijpmywxzzswic2vhcmnorglhbg9nu2vzc2lvbklkijoiytgyywmxotatyzfizi04odziltkyztqtnzriyzk3yjrmmdnkiiwizgvidwdjbmzvijp7imfwce5hbwuioijjq2fyx1nlcnzpy2vfq29uc29szsisimfwcfr5cguioijdb25zb2xliiwiyxbwtmftzxnwywnlijoiyyisimxvy2f0aw9uijoizm9yy2u6b2jqzwn0sg9tzurlc2t0b3ailcjzb2jqzwn0vhlwzsi6ikfjy291bnqifx0simdyb3vwswqioijeruzbvuxuin0sinn0yxrlijp7fx0%3d</small> </font> </div>
<div class="test-event"> <font color="maroon"> <small> &emsp; &emsp;--- 06 Nov 11:07:12 388 - <b>8</b> - Page Load Wait: (Sync) - ICar.support.Utils.waitForPageLoad(Utils.java:109)</small> </font> </div>
<div class="test-event"> <font color="maroon"> <small> &emsp; &emsp;--- 06 Nov 11:07:12 465 - Element is displayed:: [[ChromeDriver: chrome on WINDOWS (a1c119d3a4766e97d8e7348fc2dce667)] -> xpath: //a[@title='Top Results']//span[text()='Top Results']]</small> </font> </div>
<div class="test-event"> <font color="maroon"> <small> &emsp; &emsp;--- 06 Nov 11:07:21 241 - Page URL:: https://i-car--qa.sandbox.lightning.force.com/one/one.app#eyjjb21wb25lbnrezwyioijmb3jjzvnlyxjjadpzzwfyy2hqywdlrgvza3rvccisimf0dhjpynv0zxmionsidgvybsi6iji3ntqymtiilcjzy29wzu1hcci6eyj0exblijoive9qx1jfu1vmvfmilcjuyw1lc3bhy2uioiiilcjsywjlbci6ilrvccbszxn1bhrziiwibgfizwxqbhvyywwioijub3agumvzdwx0cyisinjlc3vsdhndbxaioijmb3jjzvnlyxjjadpwcmvkawn0zwrszxn1bhrzin0simnvbnrlehqionsirklmvevsuyi6e30sinnlyxjjafnvdxjjzsi6ikftu0ltvefovf9esufmt0cilcjkaxnhymxlsw50zw50uxvlcnkiomzhbhnllcjkaxnhymxlu3blbgxdb3jyzwn0aw9uijpmywxzzswic2vhcmnorglhbg9nu2vzc2lvbklkijoiytgyywmxotatyzfizi04odziltkyztqtnzriyzk3yjrmmdnkiiwizgvidwdjbmzvijp7imfwce5hbwuioijjq2fyx1nlcnzpy2vfq29uc29szsisimfwcfr5cguioijdb25zb2xliiwiyxbwtmftzxnwywnlijoiyyisimxvy2f0aw9uijoizm9yy2u6b2jqzwn0sg9tzurlc2t0b3ailcjzb2jqzwn0vhlwzsi6ikfjy291bnqifx0simdyb3vwswqioijeruzbvuxuin0sinn0yxrlijp7fx0%3d</small> </font> </div>
<div class="test-event"> <font color="maroon"> <small> &emsp; &emsp;--- 06 Nov 11:07:21 241 - <b>8</b> - Page Load Wait: (Sync) - ICar.support.Utils.waitForPageLoad(Utils.java:109)</small> </font> </div>
<div class="test-event"> <font color="maroon"> <small> &emsp; &emsp;--- 06 Nov 11:07:26 523 - Catched spinner load exception due to Expected condition failed: waiting for ICar.support.WaitUtils$4@1192be0a (tried for 5 second(s) with 500 milliseconds interval)</small> </font> </div>
<div class="test-event"> <font color="maroon"> <small> &emsp; &emsp;--- 06 Nov 11:07:26 523 - <b>5</b> - Spinner Load Wait: (Sync) - ICar.support.WaitUtils.waitForSpinner(WaitUtils.java:225)</small> </font> </div>
<div class="test-event"> <font color="maroon"> <small> &emsp; &emsp;--- 06 Nov 11:07:35 031 - Page URL:: https://i-car--qa.sandbox.lightning.force.com/one/one.app#eyjjb21wb25lbnrezwyioijmb3jjzvnlyxjjadpzzwfyy2hqywdlrgvza3rvccisimf0dhjpynv0zxmionsidgvybsi6iji3ntqymtiilcjzy29wzu1hcci6eyj0exblijoive9qx1jfu1vmvfmilcjuyw1lc3bhy2uioiiilcjsywjlbci6ilrvccbszxn1bhrziiwibgfizwxqbhvyywwioijub3agumvzdwx0cyisinjlc3vsdhndbxaioijmb3jjzvnlyxjjadpwcmvkawn0zwrszxn1bhrzin0simnvbnrlehqionsirklmvevsuyi6e30sinnlyxjjafnvdxjjzsi6ikftu0ltvefovf9esufmt0cilcjkaxnhymxlsw50zw50uxvlcnkiomzhbhnllcjkaxnhymxlu3blbgxdb3jyzwn0aw9uijpmywxzzswic2vhcmnorglhbg9nu2vzc2lvbklkijoiytgyywmxotatyzfizi04odziltkyztqtnzriyzk3yjrmmdnkiiwizgvidwdjbmzvijp7imfwce5hbwuioijjq2fyx1nlcnzpy2vfq29uc29szsisimfwcfr5cguioijdb25zb2xliiwiyxbwtmftzxnwywnlijoiyyisimxvy2f0aw9uijoizm9yy2u6b2jqzwn0sg9tzurlc2t0b3ailcjzb2jqzwn0vhlwzsi6ikfjy291bnqifx0simdyb3vwswqioijeruzbvuxuin0sinn0yxrlijp7fx0%3d</small> </font> </div>
<div class="test-event"> <font color="maroon"> <small> &emsp; &emsp;--- 06 Nov 11:07:35 032 - <b>8</b> - Page Load Wait: (Sync) - ICar.support.Utils.waitForPageLoad(Utils.java:109)</small> </font> </div>
<div class="test-event"> <font color="maroon"> <small> &emsp; &emsp;--- 06 Nov 11:07:43 637 - Page URL:: https://i-car--qa.sandbox.lightning.force.com/one/one.app#eyjjb21wb25lbnrezwyioijmb3jjzvnlyxjjadpzzwfyy2hqywdlrgvza3rvccisimf0dhjpynv0zxmionsidgvybsi6iji3ntqymtiilcjzy29wzu1hcci6eyj0exblijoive9qx1jfu1vmvfmilcjuyw1lc3bhy2uioiiilcjsywjlbci6ilrvccbszxn1bhrziiwibgfizwxqbhvyywwioijub3agumvzdwx0cyisinjlc3vsdhndbxaioijmb3jjzvnlyxjjadpwcmvkawn0zwrszxn1bhrzin0simnvbnrlehqionsirklmvevsuyi6e30sinnlyxjjafnvdxjjzsi6ikftu0ltvefovf9esufmt0cilcjkaxnhymxlsw50zw50uxvlcnkiomzhbhnllcjkaxnhymxlu3blbgxdb3jyzwn0aw9uijpmywxzzswic2vhcmnorglhbg9nu2vzc2lvbklkijoiytgyywmxotatyzfizi04odziltkyztqtnzriyzk3yjrmmdnkiiwizgvidwdjbmzvijp7imfwce5hbwuioijjq2fyx1nlcnzpy2vfq29uc29szsisimfwcfr5cguioijdb25zb2xliiwiyxbwtmftzxnwywnlijoiyyisimxvy2f0aw9uijoizm9yy2u6b2jqzwn0sg9tzurlc2t0b3ailcjzb2jqzwn0vhlwzsi6ikfjy291bnqifx0simdyb3vwswqioijeruzbvuxuin0sinn0yxrlijp7fx0%3d</small> </font> </div>
<div class="test-event"> <font color="maroon"> <small> &emsp; &emsp;--- 06 Nov 11:07:43 638 - <b>8</b> - Page Load Wait: (Sync) - ICar.support.Utils.waitForPageLoad(Utils.java:109)</small> </font> </div>
<div class="test-event"> <font color="maroon"> <small> &emsp; &emsp;--- 06 Nov 11:07:52 168 - Page URL:: https://i-car--qa.sandbox.lightning.force.com/one/one.app#eyjjb21wb25lbnrezwyioijmb3jjzvnlyxjjadpzzwfyy2hqywdlrgvza3rvccisimf0dhjpynv0zxmionsidgvybsi6iji3ntqymtiilcjzy29wzu1hcci6eyj0exblijoive9qx1jfu1vmvfmilcjuyw1lc3bhy2uioiiilcjsywjlbci6ilrvccbszxn1bhrziiwibgfizwxqbhvyywwioijub3agumvzdwx0cyisinjlc3vsdhndbxaioijmb3jjzvnlyxjjadpwcmvkawn0zwrszxn1bhrzin0simnvbnrlehqionsirklmvevsuyi6e30sinnlyxjjafnvdxjjzsi6ikftu0ltvefovf9esufmt0cilcjkaxnhymxlsw50zw50uxvlcnkiomzhbhnllcjkaxnhymxlu3blbgxdb3jyzwn0aw9uijpmywxzzswic2vhcmnorglhbg9nu2vzc2lvbklkijoiytgyywmxotatyzfizi04odziltkyztqtnzriyzk3yjrmmdnkiiwizgvidwdjbmzvijp7imfwce5hbwuioijjq2fyx1nlcnzpy2vfq29uc29szsisimfwcfr5cguioijdb25zb2xliiwiyxbwtmftzxnwywnlijoiyyisimxvy2f0aw9uijoizm9yy2u6b2jqzwn0sg9tzurlc2t0b3ailcjzb2jqzwn0vhlwzsi6ikfjy291bnqifx0simdyb3vwswqioijeruzbvuxuin0sinn0yxrlijp7fx0%3d</small> </font> </div>
<div class="test-event"> <font color="maroon"> <small> &emsp; &emsp;--- 06 Nov 11:07:52 168 - <b>8</b> - Page Load Wait: (Sync) - ICar.support.Utils.waitForPageLoad(Utils.java:109)</small> </font> </div>
<div class="test-event"> <font color="maroon"> <small> &emsp; &emsp;--- 06 Nov 11:08:00 650 - Catched spinner load exception due to Expected condition failed: waiting for ICar.support.WaitUtils$4@1192be0a (tried for 8 second(s) with 500 milliseconds interval)</small> </font> </div>
<div class="test-event"> <font color="maroon"> <small> &emsp; &emsp;--- 06 Nov 11:08:00 650 - <b>8</b> - Spinner Load Wait: (Sync) - ICar.support.WaitUtils.waitForSpinner(WaitUtils.java:225)</small> </font> </div>
<div class="test-event"> <font color="maroon"> <small> &emsp; &emsp;--- 06 Nov 11:08:09 265 - Page URL:: https://i-car--qa.sandbox.lightning.force.com/one/one.app#eyjjb21wb25lbnrezwyioijmb3jjzvnlyxjjadpzzwfyy2hqywdlrgvza3rvccisimf0dhjpynv0zxmionsidgvybsi6iji3ntqymtiilcjzy29wzu1hcci6eyj0exblijoive9qx1jfu1vmvfmilcjuyw1lc3bhy2uioiiilcjsywjlbci6ilrvccbszxn1bhrziiwibgfizwxqbhvyywwioijub3agumvzdwx0cyisinjlc3vsdhndbxaioijmb3jjzvnlyxjjadpwcmvkawn0zwrszxn1bhrzin0simnvbnrlehqionsirklmvevsuyi6e30sinnlyxjjafnvdxjjzsi6ikftu0ltvefovf9esufmt0cilcjkaxnhymxlsw50zw50uxvlcnkiomzhbhnllcjkaxnhymxlu3blbgxdb3jyzwn0aw9uijpmywxzzswic2vhcmnorglhbg9nu2vzc2lvbklkijoiytgyywmxotatyzfizi04odziltkyztqtnzriyzk3yjrmmdnkiiwizgvidwdjbmzvijp7imfwce5hbwuioijjq2fyx1nlcnzpy2vfq29uc29szsisimfwcfr5cguioijdb25zb2xliiwiyxbwtmftzxnwywnlijoiyyisimxvy2f0aw9uijoizm9yy2u6b2jqzwn0sg9tzurlc2t0b3ailcjzb2jqzwn0vhlwzsi6ikfjy291bnqifx0simdyb3vwswqioijeruzbvuxuin0sinn0yxrlijp7fx0%3d</small> </font> </div>
<div class="test-event"> <font color="maroon"> <small> &emsp; &emsp;--- 06 Nov 11:08:09 266 - <b>8</b> - Page Load Wait: (Sync) - ICar.support.Utils.waitForPageLoad(Utils.java:109)</small> </font> </div>
<div class="test-event"> <font color="maroon"> <small> &emsp; &emsp;--- 06 Nov 11:08:11 372 - Element is displayed:: [[ChromeDriver: chrome on WINDOWS (a1c119d3a4766e97d8e7348fc2dce667)] -> xpath: //div[contains(@class,'forceSearchResultsRegion')]//div[contains(@class,'resultsMultiWrapper')]/div/div[1]//following::h2//a]</small> </font> </div>
<div class="test-event"> <font color="maroon"> <small> &emsp; &emsp;--- 06 Nov 11:08:11 554 - Element is displayed:: [[ChromeDriver: chrome on WINDOWS (a1c119d3a4766e97d8e7348fc2dce667)] -> xpath: //a[text()='Contacts']]</small> </font> </div>
<div class="test-event"> <font color="maroon"> <small> &emsp; &emsp;--- 06 Nov 11:08:36 915 - Element is displayed:: [[ChromeDriver: chrome on WINDOWS (a1c119d3a4766e97d8e7348fc2dce667)] -> xpath: //div[text()='Contacts']//following :: table//tbody//th//span /a]</small> </font> </div>
<div class="test-message">&emsp;5.Click on student details tab</div>
<div class="test-event"> <font color="maroon"> <small> &emsp; &emsp;--- 06 Nov 11:08:47 474 - Catched spinner load exception due to Expected condition failed: waiting for ICar.support.WaitUtils$4@1192be0a (tried for 10 second(s) with 500 milliseconds interval)</small> </font> </div>
<div class="test-event"> <font color="maroon"> <small> &emsp; &emsp;--- 06 Nov 11:08:47 474 - <b>10</b> - Spinner Load Wait: (Sync) - ICar.support.WaitUtils.waitForSpinner(WaitUtils.java:225)</small> </font> </div>
<div class="test-event"> <font color="maroon"> <small> &emsp; &emsp;--- 06 Nov 11:08:47 535 - Element is displayed:: [[ChromeDriver: chrome on WINDOWS (a1c119d3a4766e97d8e7348fc2dce667)] -> xpath: (//a[text()='Details'])[1]]</small> </font> </div>
<div class="test-event"> <font color="maroon"> <small> &emsp; &emsp;--- 06 Nov 11:08:49 667 - Element is displayed:: [[ChromeDriver: chrome on WINDOWS (a1c119d3a4766e97d8e7348fc2dce667)] -> xpath: (//a[text()='Details'])[1]]</small> </font> </div>
<div class="test-message">&emsp;Get Credit amount from TM</div>
<div class="test-event"> <font color="maroon"> <small> &emsp; &emsp;--- 06 Nov 11:09:00 598 - Page URL:: https://i-car--qa.sandbox.lightning.force.com/lightning/r/contact/0031i00000nubloqae/view</small> </font> </div>
<div class="test-event"> <font color="maroon"> <small> &emsp; &emsp;--- 06 Nov 11:09:00 598 - <b>8</b> - Page Load Wait: (Sync) - ICar.support.Utils.waitForPageLoad(Utils.java:109)</small> </font> </div>
<!--FAIL-->
<div class="test-result"><br><font color="red"><strong> Timed out after 3 seconds. Unable to locate the element </strong></font> <a href=".\ScreenShot\B2B486_TC01_88144847778100.png" target="_blank" >[ScreenShot]</a></div>&emsp;
&emsp;<div class="test-title"> <strong><font size = "3" color = "#0000FF">---Test Execution Ends---</font> </strong> </div>&emsp;]]>
    </system-out>
  </testcase> <!-- B2B486_TC01 -->
  <system-out>
    <![CDATA[<div class="test-event"> <font color="maroon"> <small> &emsp; &emsp;--- 06 Nov 11:03:16 085 - TestCaseID:: B2B486_TC01</small> </font> </div>
<div class="test-event"> <font color="maroon"> <small> &emsp; &emsp;--- 06 Nov 11:03:20 207 - <b>5</b> - Driver::initialize::Get - ICar.support.WebDriverFactory.getDriver(WebDriverFactory.java:640)</small> </font> </div>
&emsp;<div class="test-title"> <strong><font size = "3" color = "#000080">Verify the “Invoice Type = Xfer to Acct Credit and Origin = TM End Date” displayed in Invoice When Credit amount transfers from TM to Org(Account).</font> </strong> </div>&emsp;<div><strong>Steps:</strong></div><!-- Report -->&emsp;
<div class="test-event"> <font color="maroon"> <small> &emsp; &emsp;--- 06 Nov 11:03:30 406 - Page URL:: https://i-car--qa.sandbox.my.salesforce.com/</small> </font> </div>
<div class="test-event"> <font color="maroon"> <small> &emsp; &emsp;--- 06 Nov 11:03:30 406 - <b>8</b> - Page Load Wait: (Sync) - ICar.support.Utils.waitForPageLoad(Utils.java:109)</small> </font> </div>
<div class="test-message">&emsp;Successfully navigated to 'Login' Page&emsp;<a href=".\ScreenShot\B2B486_TC01_87790288776900.png" target="_blank" >[ScreenShot]</a></div>
<div class="test-event"> <font color="maroon"> <small> &emsp; &emsp;--- 06 Nov 11:03:31 022 - Element is displayed:: [[ChromeDriver: chrome on WINDOWS (a1c119d3a4766e97d8e7348fc2dce667)] -> id: username]</small> </font> </div>
<div class="test-event"> <font color="maroon"> <small> &emsp; &emsp;--- 06 Nov 11:03:31 195 - Element is displayed:: [[ChromeDriver: chrome on WINDOWS (a1c119d3a4766e97d8e7348fc2dce667)] -> id: username]</small> </font> </div>
<div class="test-event"> <font color="maroon"> <small> &emsp; &emsp;--- 06 Nov 11:03:32 162 - Element is displayed:: [[ChromeDriver: chrome on WINDOWS (a1c119d3a4766e97d8e7348fc2dce667)] -> id: password]</small> </font> </div>
<div class="test-event"> <font color="maroon"> <small> &emsp; &emsp;--- 06 Nov 11:03:32 475 - Element is displayed:: [[ChromeDriver: chrome on WINDOWS (a1c119d3a4766e97d8e7348fc2dce667)] -> id: Login]</small> </font> </div>
<div class="test-event"> <font color="maroon"> <small> &emsp; &emsp;--- 06 Nov 11:04:10 326 - Catched spinner load exception due to Expected condition failed: waiting for ICar.support.WaitUtils$4@1192be0a (tried for 13 second(s) with 500 milliseconds interval)</small> </font> </div>
<div class="test-event"> <font color="maroon"> <small> &emsp; &emsp;--- 06 Nov 11:04:10 326 - <b>13</b> - Spinner Load Wait: (Sync) - ICar.support.WaitUtils.waitForSpinner(WaitUtils.java:225)</small> </font> </div>
<div class="test-event"> <font color="maroon"> <small> &emsp; &emsp;--- 06 Nov 11:04:26 146 - Catched spinner load exception due to Expected condition failed: waiting for ICar.support.WaitUtils$4@1192be0a (tried for 6 second(s) with 500 milliseconds interval)</small> </font> </div>
<div class="test-event"> <font color="maroon"> <small> &emsp; &emsp;--- 06 Nov 11:04:26 146 - <b>6</b> - Spinner Load Wait: (Sync) - ICar.support.WaitUtils.waitForSpinner(WaitUtils.java:225)</small> </font> </div>
<div class="test-event"> <font color="maroon"> <small> &emsp; &emsp;--- 06 Nov 11:04:26 234 - Element is displayed:: [[ChromeDriver: chrome on WINDOWS (a1c119d3a4766e97d8e7348fc2dce667)] -> css selector: button[class*='search-button']]</small> </font> </div>
<div class="test-message">&emsp; Enter the user credentials as : icaradminautomation1@i-car.com.qa</div>
<div class="test-message">&emsp; Navigate to 'SalesForce Page'</div>
<div class="test-event"> <font color="maroon"> <small> &emsp; &emsp;--- 06 Nov 11:04:34 438 - Page URL:: https://i-car--qa.sandbox.lightning.force.com/lightning/o/account/list?filtername=__recent</small> </font> </div>
<div class="test-event"> <font color="maroon"> <small> &emsp; &emsp;--- 06 Nov 11:04:34 438 - <b>8</b> - Page Load Wait: (Sync) - ICar.support.Utils.waitForPageLoad(Utils.java:109)</small> </font> </div>
<div class="test-event"> <font color="maroon"> <small> &emsp; &emsp;--- 06 Nov 11:04:47 776 - Page URL:: https://i-car--qa.sandbox.lightning.force.com/lightning/o/account/list?filtername=__recent</small> </font> </div>
<div class="test-event"> <font color="maroon"> <small> &emsp; &emsp;--- 06 Nov 11:04:47 776 - <b>8</b> - Page Load Wait: (Sync) - ICar.support.Utils.waitForPageLoad(Utils.java:109)</small> </font> </div>
<div class="test-message">&emsp;Close the tab</div>
<div class="test-message">&emsp;Search and click on IcarID 2754212</div>
<div class="test-event"> <font color="maroon"> <small> &emsp; &emsp;--- 06 Nov 11:05:22 442 - Page URL:: https://i-car--qa.sandbox.lightning.force.com/lightning/o/account/list?filtername=__recent</small> </font> </div>
<div class="test-event"> <font color="maroon"> <small> &emsp; &emsp;--- 06 Nov 11:05:22 442 - <b>8</b> - Page Load Wait: (Sync) - ICar.support.Utils.waitForPageLoad(Utils.java:109)</small> </font> </div>
<div class="test-event"> <font color="maroon"> <small> &emsp; &emsp;--- 06 Nov 11:05:35 740 - Page URL:: https://i-car--qa.sandbox.lightning.force.com/lightning/o/account/list?filtername=__recent</small> </font> </div>
<div class="test-event"> <font color="maroon"> <small> &emsp; &emsp;--- 06 Nov 11:05:35 740 - <b>8</b> - Page Load Wait: (Sync) - ICar.support.Utils.waitForPageLoad(Utils.java:109)</small> </font> </div>
<div class="test-message">&emsp;Close the tab</div>
<div class="test-event"> <font color="maroon"> <small> &emsp; &emsp;--- 06 Nov 11:06:10 391 - Page URL:: https://i-car--qa.sandbox.lightning.force.com/lightning/o/account/list?filtername=__recent</small> </font> </div>
<div class="test-event"> <font color="maroon"> <small> &emsp; &emsp;--- 06 Nov 11:06:10 391 - <b>8</b> - Page Load Wait: (Sync) - ICar.support.Utils.waitForPageLoad(Utils.java:109)</small> </font> </div>
<div class="test-event"> <font color="maroon"> <small> &emsp; &emsp;--- 06 Nov 11:06:10 448 - Element is displayed:: [[ChromeDriver: chrome on WINDOWS (a1c119d3a4766e97d8e7348fc2dce667)] -> css selector: button[class*='search-button']]</small> </font> </div>
<div class="test-event"> <font color="maroon"> <small> &emsp; &emsp;--- 06 Nov 11:06:12 735 - Catched spinner load exception due to Expected condition failed: waiting for ICar.support.WaitUtils$4@1192be0a (tried for 2 second(s) with 500 milliseconds interval)</small> </font> </div>
<div class="test-event"> <font color="maroon"> <small> &emsp; &emsp;--- 06 Nov 11:06:12 735 - <b>2</b> - Spinner Load Wait: (Sync) - ICar.support.WaitUtils.waitForSpinner(WaitUtils.java:225)</small> </font> </div>
<div class="test-event"> <font color="maroon"> <small> &emsp; &emsp;--- 06 Nov 11:06:15 848 - Element is displayed:: [[ChromeDriver: chrome on WINDOWS (a1c119d3a4766e97d8e7348fc2dce667)] -> css selector: button[class*='search-button']]</small> </font> </div>
<div class="test-event"> <font color="maroon"> <small> &emsp; &emsp;--- 06 Nov 11:06:24 515 - Page URL:: https://i-car--qa.sandbox.lightning.force.com/lightning/o/account/list?filtername=__recent</small> </font> </div>
<div class="test-event"> <font color="maroon"> <small> &emsp; &emsp;--- 06 Nov 11:06:24 516 - <b>8</b> - Page Load Wait: (Sync) - ICar.support.Utils.waitForPageLoad(Utils.java:109)</small> </font> </div>
<div class="test-event"> <font color="maroon"> <small> &emsp; &emsp;--- 06 Nov 11:06:44 096 - Catched spinner load exception due to Expected condition failed: waiting for ICar.support.WaitUtils$4@1192be0a (tried for 10 second(s) with 500 milliseconds interval)</small> </font> </div>
<div class="test-event"> <font color="maroon"> <small> &emsp; &emsp;--- 06 Nov 11:06:44 096 - <b>10</b> - Spinner Load Wait: (Sync) - ICar.support.WaitUtils.waitForSpinner(WaitUtils.java:225)</small> </font> </div>
<div class="test-event"> <font color="maroon"> <small> &emsp; &emsp;--- 06 Nov 11:06:52 652 - Page URL:: https://i-car--qa.sandbox.lightning.force.com/one/one.app#eyjjb21wb25lbnrezwyioijmb3jjzvnlyxjjadpzzwfyy2hqywdlrgvza3rvccisimf0dhjpynv0zxmionsidgvybsi6iji3ntqymtiilcjzy29wzu1hcci6eyj0exblijoive9qx1jfu1vmvfmilcjuyw1lc3bhy2uioiiilcjsywjlbci6ilrvccbszxn1bhrziiwibgfizwxqbhvyywwioijub3agumvzdwx0cyisinjlc3vsdhndbxaioijmb3jjzvnlyxjjadpwcmvkawn0zwrszxn1bhrzin0simnvbnrlehqionsirklmvevsuyi6e30sinnlyxjjafnvdxjjzsi6ikftu0ltvefovf9esufmt0cilcjkaxnhymxlsw50zw50uxvlcnkiomzhbhnllcjkaxnhymxlu3blbgxdb3jyzwn0aw9uijpmywxzzswic2vhcmnorglhbg9nu2vzc2lvbklkijoiytgyywmxotatyzfizi04odziltkyztqtnzriyzk3yjrmmdnkiiwizgvidwdjbmzvijp7imfwce5hbwuioijjq2fyx1nlcnzpy2vfq29uc29szsisimfwcfr5cguioijdb25zb2xliiwiyxbwtmftzxnwywnlijoiyyisimxvy2f0aw9uijoizm9yy2u6b2jqzwn0sg9tzurlc2t0b3ailcjzb2jqzwn0vhlwzsi6ikfjy291bnqifx0simdyb3vwswqioijeruzbvuxuin0sinn0yxrlijp7fx0%3d</small> </font> </div>
<div class="test-event"> <font color="maroon"> <small> &emsp; &emsp;--- 06 Nov 11:06:52 652 - <b>8</b> - Page Load Wait: (Sync) - ICar.support.Utils.waitForPageLoad(Utils.java:109)</small> </font> </div>
<div class="test-event"> <font color="maroon"> <small> &emsp; &emsp;--- 06 Nov 11:07:03 730 - Catched spinner load exception due to Expected condition failed: waiting for ICar.support.WaitUtils$4@1192be0a (tried for 11 second(s) with 500 milliseconds interval)</small> </font> </div>
<div class="test-event"> <font color="maroon"> <small> &emsp; &emsp;--- 06 Nov 11:07:03 730 - <b>11</b> - Spinner Load Wait: (Sync) - ICar.support.WaitUtils.waitForSpinner(WaitUtils.java:225)</small> </font> </div>
<div class="test-event"> <font color="maroon"> <small> &emsp; &emsp;--- 06 Nov 11:07:12 388 - Page URL:: https://i-car--qa.sandbox.lightning.force.com/one/one.app#eyjjb21wb25lbnrezwyioijmb3jjzvnlyxjjadpzzwfyy2hqywdlrgvza3rvccisimf0dhjpynv0zxmionsidgvybsi6iji3ntqymtiilcjzy29wzu1hcci6eyj0exblijoive9qx1jfu1vmvfmilcjuyw1lc3bhy2uioiiilcjsywjlbci6ilrvccbszxn1bhrziiwibgfizwxqbhvyywwioijub3agumvzdwx0cyisinjlc3vsdhndbxaioijmb3jjzvnlyxjjadpwcmvkawn0zwrszxn1bhrzin0simnvbnrlehqionsirklmvevsuyi6e30sinnlyxjjafnvdxjjzsi6ikftu0ltvefovf9esufmt0cilcjkaxnhymxlsw50zw50uxvlcnkiomzhbhnllcjkaxnhymxlu3blbgxdb3jyzwn0aw9uijpmywxzzswic2vhcmnorglhbg9nu2vzc2lvbklkijoiytgyywmxotatyzfizi04odziltkyztqtnzriyzk3yjrmmdnkiiwizgvidwdjbmzvijp7imfwce5hbwuioijjq2fyx1nlcnzpy2vfq29uc29szsisimfwcfr5cguioijdb25zb2xliiwiyxbwtmftzxnwywnlijoiyyisimxvy2f0aw9uijoizm9yy2u6b2jqzwn0sg9tzurlc2t0b3ailcjzb2jqzwn0vhlwzsi6ikfjy291bnqifx0simdyb3vwswqioijeruzbvuxuin0sinn0yxrlijp7fx0%3d</small> </font> </div>
<div class="test-event"> <font color="maroon"> <small> &emsp; &emsp;--- 06 Nov 11:07:12 388 - <b>8</b> - Page Load Wait: (Sync) - ICar.support.Utils.waitForPageLoad(Utils.java:109)</small> </font> </div>
<div class="test-event"> <font color="maroon"> <small> &emsp; &emsp;--- 06 Nov 11:07:12 465 - Element is displayed:: [[ChromeDriver: chrome on WINDOWS (a1c119d3a4766e97d8e7348fc2dce667)] -> xpath: //a[@title='Top Results']//span[text()='Top Results']]</small> </font> </div>
<div class="test-event"> <font color="maroon"> <small> &emsp; &emsp;--- 06 Nov 11:07:21 241 - Page URL:: https://i-car--qa.sandbox.lightning.force.com/one/one.app#eyjjb21wb25lbnrezwyioijmb3jjzvnlyxjjadpzzwfyy2hqywdlrgvza3rvccisimf0dhjpynv0zxmionsidgvybsi6iji3ntqymtiilcjzy29wzu1hcci6eyj0exblijoive9qx1jfu1vmvfmilcjuyw1lc3bhy2uioiiilcjsywjlbci6ilrvccbszxn1bhrziiwibgfizwxqbhvyywwioijub3agumvzdwx0cyisinjlc3vsdhndbxaioijmb3jjzvnlyxjjadpwcmvkawn0zwrszxn1bhrzin0simnvbnrlehqionsirklmvevsuyi6e30sinnlyxjjafnvdxjjzsi6ikftu0ltvefovf9esufmt0cilcjkaxnhymxlsw50zw50uxvlcnkiomzhbhnllcjkaxnhymxlu3blbgxdb3jyzwn0aw9uijpmywxzzswic2vhcmnorglhbg9nu2vzc2lvbklkijoiytgyywmxotatyzfizi04odziltkyztqtnzriyzk3yjrmmdnkiiwizgvidwdjbmzvijp7imfwce5hbwuioijjq2fyx1nlcnzpy2vfq29uc29szsisimfwcfr5cguioijdb25zb2xliiwiyxbwtmftzxnwywnlijoiyyisimxvy2f0aw9uijoizm9yy2u6b2jqzwn0sg9tzurlc2t0b3ailcjzb2jqzwn0vhlwzsi6ikfjy291bnqifx0simdyb3vwswqioijeruzbvuxuin0sinn0yxrlijp7fx0%3d</small> </font> </div>
<div class="test-event"> <font color="maroon"> <small> &emsp; &emsp;--- 06 Nov 11:07:21 241 - <b>8</b> - Page Load Wait: (Sync) - ICar.support.Utils.waitForPageLoad(Utils.java:109)</small> </font> </div>
<div class="test-event"> <font color="maroon"> <small> &emsp; &emsp;--- 06 Nov 11:07:26 523 - Catched spinner load exception due to Expected condition failed: waiting for ICar.support.WaitUtils$4@1192be0a (tried for 5 second(s) with 500 milliseconds interval)</small> </font> </div>
<div class="test-event"> <font color="maroon"> <small> &emsp; &emsp;--- 06 Nov 11:07:26 523 - <b>5</b> - Spinner Load Wait: (Sync) - ICar.support.WaitUtils.waitForSpinner(WaitUtils.java:225)</small> </font> </div>
<div class="test-event"> <font color="maroon"> <small> &emsp; &emsp;--- 06 Nov 11:07:35 031 - Page URL:: https://i-car--qa.sandbox.lightning.force.com/one/one.app#eyjjb21wb25lbnrezwyioijmb3jjzvnlyxjjadpzzwfyy2hqywdlrgvza3rvccisimf0dhjpynv0zxmionsidgvybsi6iji3ntqymtiilcjzy29wzu1hcci6eyj0exblijoive9qx1jfu1vmvfmilcjuyw1lc3bhy2uioiiilcjsywjlbci6ilrvccbszxn1bhrziiwibgfizwxqbhvyywwioijub3agumvzdwx0cyisinjlc3vsdhndbxaioijmb3jjzvnlyxjjadpwcmvkawn0zwrszxn1bhrzin0simnvbnrlehqionsirklmvevsuyi6e30sinnlyxjjafnvdxjjzsi6ikftu0ltvefovf9esufmt0cilcjkaxnhymxlsw50zw50uxvlcnkiomzhbhnllcjkaxnhymxlu3blbgxdb3jyzwn0aw9uijpmywxzzswic2vhcmnorglhbg9nu2vzc2lvbklkijoiytgyywmxotatyzfizi04odziltkyztqtnzriyzk3yjrmmdnkiiwizgvidwdjbmzvijp7imfwce5hbwuioijjq2fyx1nlcnzpy2vfq29uc29szsisimfwcfr5cguioijdb25zb2xliiwiyxbwtmftzxnwywnlijoiyyisimxvy2f0aw9uijoizm9yy2u6b2jqzwn0sg9tzurlc2t0b3ailcjzb2jqzwn0vhlwzsi6ikfjy291bnqifx0simdyb3vwswqioijeruzbvuxuin0sinn0yxrlijp7fx0%3d</small> </font> </div>
<div class="test-event"> <font color="maroon"> <small> &emsp; &emsp;--- 06 Nov 11:07:35 032 - <b>8</b> - Page Load Wait: (Sync) - ICar.support.Utils.waitForPageLoad(Utils.java:109)</small> </font> </div>
<div class="test-event"> <font color="maroon"> <small> &emsp; &emsp;--- 06 Nov 11:07:43 637 - Page URL:: https://i-car--qa.sandbox.lightning.force.com/one/one.app#eyjjb21wb25lbnrezwyioijmb3jjzvnlyxjjadpzzwfyy2hqywdlrgvza3rvccisimf0dhjpynv0zxmionsidgvybsi6iji3ntqymtiilcjzy29wzu1hcci6eyj0exblijoive9qx1jfu1vmvfmilcjuyw1lc3bhy2uioiiilcjsywjlbci6ilrvccbszxn1bhrziiwibgfizwxqbhvyywwioijub3agumvzdwx0cyisinjlc3vsdhndbxaioijmb3jjzvnlyxjjadpwcmvkawn0zwrszxn1bhrzin0simnvbnrlehqionsirklmvevsuyi6e30sinnlyxjjafnvdxjjzsi6ikftu0ltvefovf9esufmt0cilcjkaxnhymxlsw50zw50uxvlcnkiomzhbhnllcjkaxnhymxlu3blbgxdb3jyzwn0aw9uijpmywxzzswic2vhcmnorglhbg9nu2vzc2lvbklkijoiytgyywmxotatyzfizi04odziltkyztqtnzriyzk3yjrmmdnkiiwizgvidwdjbmzvijp7imfwce5hbwuioijjq2fyx1nlcnzpy2vfq29uc29szsisimfwcfr5cguioijdb25zb2xliiwiyxbwtmftzxnwywnlijoiyyisimxvy2f0aw9uijoizm9yy2u6b2jqzwn0sg9tzurlc2t0b3ailcjzb2jqzwn0vhlwzsi6ikfjy291bnqifx0simdyb3vwswqioijeruzbvuxuin0sinn0yxrlijp7fx0%3d</small> </font> </div>
<div class="test-event"> <font color="maroon"> <small> &emsp; &emsp;--- 06 Nov 11:07:43 638 - <b>8</b> - Page Load Wait: (Sync) - ICar.support.Utils.waitForPageLoad(Utils.java:109)</small> </font> </div>
<div class="test-event"> <font color="maroon"> <small> &emsp; &emsp;--- 06 Nov 11:07:52 168 - Page URL:: https://i-car--qa.sandbox.lightning.force.com/one/one.app#eyjjb21wb25lbnrezwyioijmb3jjzvnlyxjjadpzzwfyy2hqywdlrgvza3rvccisimf0dhjpynv0zxmionsidgvybsi6iji3ntqymtiilcjzy29wzu1hcci6eyj0exblijoive9qx1jfu1vmvfmilcjuyw1lc3bhy2uioiiilcjsywjlbci6ilrvccbszxn1bhrziiwibgfizwxqbhvyywwioijub3agumvzdwx0cyisinjlc3vsdhndbxaioijmb3jjzvnlyxjjadpwcmvkawn0zwrszxn1bhrzin0simnvbnrlehqionsirklmvevsuyi6e30sinnlyxjjafnvdxjjzsi6ikftu0ltvefovf9esufmt0cilcjkaxnhymxlsw50zw50uxvlcnkiomzhbhnllcjkaxnhymxlu3blbgxdb3jyzwn0aw9uijpmywxzzswic2vhcmnorglhbg9nu2vzc2lvbklkijoiytgyywmxotatyzfizi04odziltkyztqtnzriyzk3yjrmmdnkiiwizgvidwdjbmzvijp7imfwce5hbwuioijjq2fyx1nlcnzpy2vfq29uc29szsisimfwcfr5cguioijdb25zb2xliiwiyxbwtmftzxnwywnlijoiyyisimxvy2f0aw9uijoizm9yy2u6b2jqzwn0sg9tzurlc2t0b3ailcjzb2jqzwn0vhlwzsi6ikfjy291bnqifx0simdyb3vwswqioijeruzbvuxuin0sinn0yxrlijp7fx0%3d</small> </font> </div>
<div class="test-event"> <font color="maroon"> <small> &emsp; &emsp;--- 06 Nov 11:07:52 168 - <b>8</b> - Page Load Wait: (Sync) - ICar.support.Utils.waitForPageLoad(Utils.java:109)</small> </font> </div>
<div class="test-event"> <font color="maroon"> <small> &emsp; &emsp;--- 06 Nov 11:08:00 650 - Catched spinner load exception due to Expected condition failed: waiting for ICar.support.WaitUtils$4@1192be0a (tried for 8 second(s) with 500 milliseconds interval)</small> </font> </div>
<div class="test-event"> <font color="maroon"> <small> &emsp; &emsp;--- 06 Nov 11:08:00 650 - <b>8</b> - Spinner Load Wait: (Sync) - ICar.support.WaitUtils.waitForSpinner(WaitUtils.java:225)</small> </font> </div>
<div class="test-event"> <font color="maroon"> <small> &emsp; &emsp;--- 06 Nov 11:08:09 265 - Page URL:: https://i-car--qa.sandbox.lightning.force.com/one/one.app#eyjjb21wb25lbnrezwyioijmb3jjzvnlyxjjadpzzwfyy2hqywdlrgvza3rvccisimf0dhjpynv0zxmionsidgvybsi6iji3ntqymtiilcjzy29wzu1hcci6eyj0exblijoive9qx1jfu1vmvfmilcjuyw1lc3bhy2uioiiilcjsywjlbci6ilrvccbszxn1bhrziiwibgfizwxqbhvyywwioijub3agumvzdwx0cyisinjlc3vsdhndbxaioijmb3jjzvnlyxjjadpwcmvkawn0zwrszxn1bhrzin0simnvbnrlehqionsirklmvevsuyi6e30sinnlyxjjafnvdxjjzsi6ikftu0ltvefovf9esufmt0cilcjkaxnhymxlsw50zw50uxvlcnkiomzhbhnllcjkaxnhymxlu3blbgxdb3jyzwn0aw9uijpmywxzzswic2vhcmnorglhbg9nu2vzc2lvbklkijoiytgyywmxotatyzfizi04odziltkyztqtnzriyzk3yjrmmdnkiiwizgvidwdjbmzvijp7imfwce5hbwuioijjq2fyx1nlcnzpy2vfq29uc29szsisimfwcfr5cguioijdb25zb2xliiwiyxbwtmftzxnwywnlijoiyyisimxvy2f0aw9uijoizm9yy2u6b2jqzwn0sg9tzurlc2t0b3ailcjzb2jqzwn0vhlwzsi6ikfjy291bnqifx0simdyb3vwswqioijeruzbvuxuin0sinn0yxrlijp7fx0%3d</small> </font> </div>
<div class="test-event"> <font color="maroon"> <small> &emsp; &emsp;--- 06 Nov 11:08:09 266 - <b>8</b> - Page Load Wait: (Sync) - ICar.support.Utils.waitForPageLoad(Utils.java:109)</small> </font> </div>
<div class="test-event"> <font color="maroon"> <small> &emsp; &emsp;--- 06 Nov 11:08:11 372 - Element is displayed:: [[ChromeDriver: chrome on WINDOWS (a1c119d3a4766e97d8e7348fc2dce667)] -> xpath: //div[contains(@class,'forceSearchResultsRegion')]//div[contains(@class,'resultsMultiWrapper')]/div/div[1]//following::h2//a]</small> </font> </div>
<div class="test-event"> <font color="maroon"> <small> &emsp; &emsp;--- 06 Nov 11:08:11 554 - Element is displayed:: [[ChromeDriver: chrome on WINDOWS (a1c119d3a4766e97d8e7348fc2dce667)] -> xpath: //a[text()='Contacts']]</small> </font> </div>
<div class="test-event"> <font color="maroon"> <small> &emsp; &emsp;--- 06 Nov 11:08:36 915 - Element is displayed:: [[ChromeDriver: chrome on WINDOWS (a1c119d3a4766e97d8e7348fc2dce667)] -> xpath: //div[text()='Contacts']//following :: table//tbody//th//span /a]</small> </font> </div>
<div class="test-message">&emsp;5.Click on student details tab</div>
<div class="test-event"> <font color="maroon"> <small> &emsp; &emsp;--- 06 Nov 11:08:47 474 - Catched spinner load exception due to Expected condition failed: waiting for ICar.support.WaitUtils$4@1192be0a (tried for 10 second(s) with 500 milliseconds interval)</small> </font> </div>
<div class="test-event"> <font color="maroon"> <small> &emsp; &emsp;--- 06 Nov 11:08:47 474 - <b>10</b> - Spinner Load Wait: (Sync) - ICar.support.WaitUtils.waitForSpinner(WaitUtils.java:225)</small> </font> </div>
<div class="test-event"> <font color="maroon"> <small> &emsp; &emsp;--- 06 Nov 11:08:47 535 - Element is displayed:: [[ChromeDriver: chrome on WINDOWS (a1c119d3a4766e97d8e7348fc2dce667)] -> xpath: (//a[text()='Details'])[1]]</small> </font> </div>
<div class="test-event"> <font color="maroon"> <small> &emsp; &emsp;--- 06 Nov 11:08:49 667 - Element is displayed:: [[ChromeDriver: chrome on WINDOWS (a1c119d3a4766e97d8e7348fc2dce667)] -> xpath: (//a[text()='Details'])[1]]</small> </font> </div>
<div class="test-message">&emsp;Get Credit amount from TM</div>
<div class="test-event"> <font color="maroon"> <small> &emsp; &emsp;--- 06 Nov 11:09:00 598 - Page URL:: https://i-car--qa.sandbox.lightning.force.com/lightning/r/contact/0031i00000nubloqae/view</small> </font> </div>
<div class="test-event"> <font color="maroon"> <small> &emsp; &emsp;--- 06 Nov 11:09:00 598 - <b>8</b> - Page Load Wait: (Sync) - ICar.support.Utils.waitForPageLoad(Utils.java:109)</small> </font> </div>
<!--FAIL-->
<div class="test-result"><br><font color="red"><strong> Timed out after 3 seconds. Unable to locate the element </strong></font> <a href=".\ScreenShot\B2B486_TC01_88144847778100.png" target="_blank" >[ScreenShot]</a></div>&emsp;
&emsp;<div class="test-title"> <strong><font size = "3" color = "#0000FF">---Test Execution Ends---</font> </strong> </div>&emsp;]]>
  </system-out>
</testsuite> <!-- CreditProcess.InvoiceCreditRequest -->
