<?xml version="1.0" encoding="UTF-8"?>
<!-- Generated by org.testng.reporters.JUnitReportReporter -->
<testsuite hostname="Asplap3104" failures="0" tests="1" name="amazontestscript.Amazonpurchase" time="1.698" errors="0" timestamp="2024-11-22T12:35:23 IST" skipped="0">
  <testcase classname="amazontestscript.Amazonpurchase" name="TC01" time="1.698">
    <system-out>
      <![CDATA[<div class="test-event"> <font color="maroon"> <small> &emsp; &emsp;--- 22 Nov 12:35:17 261 - TestCaseID:: TC01</small> </font> </div>
<div class="test-event"> <font color="maroon"> <small> &emsp; &emsp;--- 22 Nov 12:35:21 286 - <b>4</b> - Driver::initialize::Get - ICar.support.WebDriverFactory.getDriver(WebDriverFactory.java:640)</small> </font> </div>
&emsp;<div class="test-title"> <strong><font size = "3" color = "#000080">Verify the login</font> </strong> </div>&emsp;<div><strong>Steps:</strong></div><!-- Report -->&emsp;
<div class="test-result"><br><font color="green"><strong> Test Passed. </strong></font> </div>&emsp;
&emsp;<div class="test-title"> <strong><font size = "3" color = "#0000FF">---Test Execution Ends---</font> </strong> </div>&emsp;]]>
    </system-out>
  </testcase> <!-- TC01 -->
  <system-out>
    <![CDATA[<div class="test-event"> <font color="maroon"> <small> &emsp; &emsp;--- 22 Nov 12:35:17 261 - TestCaseID:: TC01</small> </font> </div>
<div class="test-event"> <font color="maroon"> <small> &emsp; &emsp;--- 22 Nov 12:35:21 286 - <b>4</b> - Driver::initialize::Get - ICar.support.WebDriverFactory.getDriver(WebDriverFactory.java:640)</small> </font> </div>
&emsp;<div class="test-title"> <strong><font size = "3" color = "#000080">Verify the login</font> </strong> </div>&emsp;<div><strong>Steps:</strong></div><!-- Report -->&emsp;
<div class="test-result"><br><font color="green"><strong> Test Passed. </strong></font> </div>&emsp;
&emsp;<div class="test-title"> <strong><font size = "3" color = "#0000FF">---Test Execution Ends---</font> </strong> </div>&emsp;]]>
  </system-out>
</testsuite> <!-- amazontestscript.Amazonpurchase -->
