<?xml version="1.0" encoding="UTF-8"?>
<!-- Generated by org.testng.reporters.JUnitReportReporter -->
<testsuite hostname="aspire1763" failures="4" tests="55" name="B2Btestscripts.B2B_Student" time="7644.704" errors="18" timestamp="2024-10-16T17:34:36 IST" skipped="1">
  <testcase classname="B2Btestscripts.B2B_Student" name="ICar_B2B_TC047" time="110.506">
    <system-out>
      <![CDATA[<div class="test-event"> <font color="maroon"> <small> &emsp; &emsp;--- 16 Oct 15:27:42 812 - TestCaseID:: ICar_B2B_TC047</small> </font> </div>
<div class="test-event"> <font color="maroon"> <small> &emsp; &emsp;--- 16 Oct 15:27:44 989 - <b>2</b> - Driver::initialize::Get - ICar.support.WebDriverFactory.getDriver(WebDriverFactory.java:640)</small> </font> </div>
&emsp;<div class="test-title"> <strong><font size = "3" color = "#000080">Ability to download the invoice</font> </strong> </div>&emsp;<div><strong>Steps:</strong></div><!-- Report -->&emsp;
<div class="test-event"> <font color="maroon"> <small> &emsp; &emsp;--- 16 Oct 15:27:54 272 - Element is displayed:: [[ChromeDriver: chrome on WINDOWS (8c42d9832141a5ae63e1d4c9775a23ed)] -> xpath: //a/img[@alt='Login Image']|//button[@id='btn-login']]</small> </font> </div>
<div class="test-event"> <font color="maroon"> <small> &emsp; &emsp;--- 16 Oct 15:27:54 333 - Element is displayed:: [[ChromeDriver: chrome on WINDOWS (8c42d9832141a5ae63e1d4c9775a23ed)] -> xpath: //a/img[@alt='Login Image']|//button[@id='btn-login']]</small> </font> </div>
<div class="test-message">&emsp;Successfully navigated to 'Home' Page&emsp;<a href=".\ScreenShot\ICar_B2B_TC047_60041746039800.png" target="_blank" >[ScreenShot]</a></div>
<div class="test-message">&emsp;1. Home page is launched.</div>
<div class="test-event"> <font color="maroon"> <small> &emsp; &emsp;--- 16 Oct 15:27:54 688 - Page URL:: https://www.icarstage.com/</small> </font> </div>
<div class="test-event"> <font color="maroon"> <small> &emsp; &emsp;--- 16 Oct 15:27:54 689 - <b>0</b> - Page Load Wait: (Sync) - ICar.support.Utils.waitForPageLoad(Utils.java:109)</small> </font> </div>
<div class="test-event"> <font color="maroon"> <small> &emsp; &emsp;--- 16 Oct 15:27:54 740 - Element is displayed:: [[ChromeDriver: chrome on WINDOWS (8c42d9832141a5ae63e1d4c9775a23ed)] -> xpath: //a/img[@alt='Login Image']|//button[@id='btn-login']]</small> </font> </div>
<div class="test-event"> <font color="maroon"> <small> &emsp; &emsp;--- 16 Oct 15:27:54 799 - Element is displayed:: [[ChromeDriver: chrome on WINDOWS (8c42d9832141a5ae63e1d4c9775a23ed)] -> xpath: //a/img[@alt='Login Image']|//button[@id='btn-login']]</small> </font> </div>
<div class="test-event"> <font color="maroon"> <small> &emsp; &emsp;--- 16 Oct 15:28:12 549 - Catched spinner load exception due to Expected condition failed: waiting for ICar.support.WaitUtils$4@636673a3 (tried for 15 second(s) with 500 milliseconds interval)</small> </font> </div>
<div class="test-event"> <font color="maroon"> <small> &emsp; &emsp;--- 16 Oct 15:28:12 549 - <b>15</b> - Spinner Load Wait: (Sync) - ICar.support.WaitUtils.waitForSpinner(WaitUtils.java:225)</small> </font> </div>
<div class="test-message">&emsp;2. Navigate to 'Login Page'</div>
<div class="test-message">&emsp;Successfully navigated to 'Login' Page&emsp;<a href=".\ScreenShot\ICar_B2B_TC047_60059965959500.png" target="_blank" >[ScreenShot]</a></div>
<div class="test-event"> <font color="maroon"> <small> &emsp; &emsp;--- 16 Oct 15:28:12 768 - Element is displayed:: [[ChromeDriver: chrome on WINDOWS (8c42d9832141a5ae63e1d4c9775a23ed)] -> id: username]</small> </font> </div>
<div class="test-event"> <font color="maroon"> <small> &emsp; &emsp;--- 16 Oct 15:28:12 832 - Element is displayed:: [[ChromeDriver: chrome on WINDOWS (8c42d9832141a5ae63e1d4c9775a23ed)] -> id: username]</small> </font> </div>
<div class="test-event"> <font color="maroon"> <small> &emsp; &emsp;--- 16 Oct 15:28:13 084 - Element is displayed:: [[ChromeDriver: chrome on WINDOWS (8c42d9832141a5ae63e1d4c9775a23ed)] -> id: password]</small> </font> </div>
<div class="test-event"> <font color="maroon"> <small> &emsp; &emsp;--- 16 Oct 15:28:13 284 - Element is displayed:: [[ChromeDriver: chrome on WINDOWS (8c42d9832141a5ae63e1d4c9775a23ed)] -> id: btn-login]</small> </font> </div>
<div class="test-event"> <font color="maroon"> <small> &emsp; &emsp;--- 16 Oct 15:28:17 780 - Catched spinner load exception due to Expected condition failed: waiting for ICar.support.WaitUtils$4@636673a3 (tried for 3 second(s) with 500 milliseconds interval)</small> </font> </div>
<div class="test-event"> <font color="maroon"> <small> &emsp; &emsp;--- 16 Oct 15:28:17 780 - <b>4</b> - Spinner Load Wait: (Sync) - ICar.support.WaitUtils.waitForSpinner(WaitUtils.java:225)</small> </font> </div>
<div class="test-event"> <font color="maroon"> <small> &emsp; &emsp;--- 16 Oct 15:28:40 845 - Catched spinner load exception due to Expected condition failed: waiting for ICar.support.WaitUtils$4@636673a3 (tried for 10 second(s) with 500 milliseconds interval)</small> </font> </div>
<div class="test-event"> <font color="maroon"> <small> &emsp; &emsp;--- 16 Oct 15:28:40 845 - <b>10</b> - Spinner Load Wait: (Sync) - ICar.support.WaitUtils.waitForSpinner(WaitUtils.java:225)</small> </font> </div>
<div class="test-event"> <font color="maroon"> <small> &emsp; &emsp;--- 16 Oct 15:28:40 931 - Element is displayed:: [[ChromeDriver: chrome on WINDOWS (8c42d9832141a5ae63e1d4c9775a23ed)] -> xpath: //button[@value='Launch My Learning']]</small> </font> </div>
<div class="test-message">&emsp;3. Enter the user credentials as : pkelly123</div>
<div class="test-message">&emsp;Successfully navigated to 'User Home' Page&emsp;<a href=".\ScreenShot\ICar_B2B_TC047_60088344437700.png" target="_blank" >[ScreenShot]</a></div>
<div class="test-event"> <font color="maroon"> <small> &emsp; &emsp;--- 16 Oct 15:28:41 339 - Page URL:: https://www.icarstage.com/</small> </font> </div>
<div class="test-event"> <font color="maroon"> <small> &emsp; &emsp;--- 16 Oct 15:28:41 339 - <b>0</b> - Page Load Wait: (Sync) - ICar.support.Utils.waitForPageLoad(Utils.java:109)</small> </font> </div>
<div class="test-event"> <font color="maroon"> <small> &emsp; &emsp;--- 16 Oct 15:28:41 404 - Element is displayed:: [[ChromeDriver: chrome on WINDOWS (8c42d9832141a5ae63e1d4c9775a23ed)] -> xpath: //p[text()='Launch My Learning']]</small> </font> </div>
<div class="test-event"> <font color="maroon"> <small> &emsp; &emsp;--- 16 Oct 15:28:41 450 - Element is displayed:: [[ChromeDriver: chrome on WINDOWS (8c42d9832141a5ae63e1d4c9775a23ed)] -> xpath: //lightning-layout[@class='left-margin slds-align_absolute-center slds-grid slds-grid_align-spread slds-wrap']//lightning-layout-item[2]//a]</small> </font> </div>
<div class="test-event"> <font color="maroon"> <small> &emsp; &emsp;--- 16 Oct 15:28:43 549 - Element is displayed:: [[ChromeDriver: chrome on WINDOWS (8c42d9832141a5ae63e1d4c9775a23ed)] -> xpath: //lightning-layout[@class='left-margin slds-align_absolute-center slds-grid slds-grid_align-spread slds-wrap']//lightning-layout-item[2]//a]</small> </font> </div>
<div class="test-event"> <font color="maroon"> <small> &emsp; &emsp;--- 16 Oct 15:28:43 669 - Element is displayed:: [[ChromeDriver: chrome on WINDOWS (8c42d9832141a5ae63e1d4c9775a23ed)] -> xpath: //ul[@aria-label='Show More']//li[3]/a]</small> </font> </div>
<div class="test-event"> <font color="maroon"> <small> &emsp; &emsp;--- 16 Oct 15:28:43 735 - Element is displayed:: [[ChromeDriver: chrome on WINDOWS (8c42d9832141a5ae63e1d4c9775a23ed)] -> xpath: //ul[@aria-label='Show More']//li[3]/a]</small> </font> </div>
<div class="test-event"> <font color="maroon"> <small> &emsp; &emsp;--- 16 Oct 15:29:01 239 - Catched spinner load exception due to Expected condition failed: waiting for ICar.support.WaitUtils$4@636673a3 (tried for 15 second(s) with 500 milliseconds interval)</small> </font> </div>
<div class="test-event"> <font color="maroon"> <small> &emsp; &emsp;--- 16 Oct 15:29:01 239 - <b>15</b> - Spinner Load Wait: (Sync) - ICar.support.WaitUtils.waitForSpinner(WaitUtils.java:225)</small> </font> </div>
<div class="test-event"> <font color="maroon"> <small> &emsp; &emsp;--- 16 Oct 15:29:01 374 - Page URL:: https://www.icarstage.com/my-purchases</small> </font> </div>
<div class="test-event"> <font color="maroon"> <small> &emsp; &emsp;--- 16 Oct 15:29:01 374 - <b>0</b> - Page Load Wait: (Sync) - ICar.support.Utils.waitForPageLoad(Utils.java:109)</small> </font> </div>
<div class="test-event"> <font color="maroon"> <small> &emsp; &emsp;--- 16 Oct 15:29:01 451 - Element is displayed:: [[ChromeDriver: chrome on WINDOWS (8c42d9832141a5ae63e1d4c9775a23ed)] -> xpath: //button[text()='Search']]</small> </font> </div>
<div class="test-message">&emsp;4. Navigate to My Purchases Page</div>
<div class="test-message">&emsp;Successfully navigated to 'My Purchases' Page&emsp;<a href=".\ScreenShot\ICar_B2B_TC047_60108864430900.png" target="_blank" >[ScreenShot]</a></div>
<div class="test-event"> <font color="maroon"> <small> &emsp; &emsp;--- 16 Oct 15:29:01 677 - Page URL:: https://www.icarstage.com/my-purchases</small> </font> </div>
<div class="test-event"> <font color="maroon"> <small> &emsp; &emsp;--- 16 Oct 15:29:01 677 - <b>0</b> - Page Load Wait: (Sync) - ICar.support.Utils.waitForPageLoad(Utils.java:109)</small> </font> </div>
<div class="test-event"> <font color="maroon"> <small> &emsp; &emsp;--- 16 Oct 15:29:23 013 - Catched spinner load exception due to Expected condition failed: waiting for ICar.support.WaitUtils$4@636673a3 (tried for 1 second(s) with 500 milliseconds interval)</small> </font> </div>
<div class="test-event"> <font color="maroon"> <small> &emsp; &emsp;--- 16 Oct 15:29:23 013 - <b>1</b> - Spinner Load Wait: (Sync) - ICar.support.WaitUtils.waitForSpinner(WaitUtils.java:225)</small> </font> </div>
<div class="test-event"> <font color="maroon"> <small> &emsp; &emsp;--- 16 Oct 15:29:23 080 - Element is displayed:: [[ChromeDriver: chrome on WINDOWS (8c42d9832141a5ae63e1d4c9775a23ed)] -> xpath: //button[text()='Search']]</small> </font> </div>
<div class="test-event"> <font color="maroon"> <small> &emsp; &emsp;--- 16 Oct 15:29:31 447 - Catched spinner load exception due to Expected condition failed: waiting for ICar.support.WaitUtils$4@636673a3 (tried for 8 second(s) with 500 milliseconds interval)</small> </font> </div>
<div class="test-event"> <font color="maroon"> <small> &emsp; &emsp;--- 16 Oct 15:29:31 447 - <b>8</b> - Spinner Load Wait: (Sync) - ICar.support.WaitUtils.waitForSpinner(WaitUtils.java:225)</small> </font> </div>
<div class="test-message">&emsp;5. Select value as last year in 'Search By' drop down and click search button</div>
<div class="test-message">&emsp;No records are found&emsp;<a href=".\ScreenShot\ICar_B2B_TC047_60142080831200.png" target="_blank" >[ScreenShot]</a></div>
<div class="test-message">&emsp;No records found for the given search criteria so skipping step 6&emsp;<a href=".\ScreenShot\ICar_B2B_TC047_60142215773800.png" target="_blank" >[ScreenShot]</a></div>
<div class="test-result"><br><font color="green"><strong> Test Passed. </strong></font> </div>&emsp;
&emsp;<div class="test-title"> <strong><font size = "3" color = "#0000FF">---Test Execution Ends---</font> </strong> </div>&emsp;]]>
    </system-out>
  </testcase> <!-- ICar_B2B_TC047 -->
  <testcase classname="B2Btestscripts.B2B_Student" name="ICar_B2B_TC024" time="118.364">
    <system-out>
      <![CDATA[<div class="test-event"> <font color="maroon"> <small> &emsp; &emsp;--- 16 Oct 15:25:29 159 - TestCaseID:: ICar_B2B_TC024</small> </font> </div>
<div class="test-event"> <font color="maroon"> <small> &emsp; &emsp;--- 16 Oct 15:25:44 399 - <b>16</b> - Driver::initialize::Get - ICar.support.WebDriverFactory.getDriver(WebDriverFactory.java:640)</small> </font> </div>
&emsp;<div class="test-title"> <strong><font size = "3" color = "#000080">Verify the download pdf functionality under my training link</font> </strong> </div>&emsp;<div><strong>Steps:</strong></div><!-- Report -->&emsp;
<div class="test-event"> <font color="maroon"> <small> &emsp; &emsp;--- 16 Oct 15:25:49 744 - Element is displayed:: [[ChromeDriver: chrome on WINDOWS (84e5873c739acc8704250a3ce54c3c09)] -> xpath: //a/img[@alt='Login Image']|//button[@id='btn-login']]</small> </font> </div>
<div class="test-event"> <font color="maroon"> <small> &emsp; &emsp;--- 16 Oct 15:25:49 836 - Element is displayed:: [[ChromeDriver: chrome on WINDOWS (84e5873c739acc8704250a3ce54c3c09)] -> xpath: //a/img[@alt='Login Image']|//button[@id='btn-login']]</small> </font> </div>
<div class="test-message">&emsp;Successfully navigated to 'Home' Page&emsp;<a href=".\ScreenShot\ICar_B2B_TC024_59918020728400.png" target="_blank" >[ScreenShot]</a></div>
<div class="test-message">&emsp;1. Home page is launched.</div>
<div class="test-event"> <font color="maroon"> <small> &emsp; &emsp;--- 16 Oct 15:25:52 016 - Page URL:: https://www.icarstage.com/</small> </font> </div>
<div class="test-event"> <font color="maroon"> <small> &emsp; &emsp;--- 16 Oct 15:25:52 016 - <b>0</b> - Page Load Wait: (Sync) - ICar.support.Utils.waitForPageLoad(Utils.java:109)</small> </font> </div>
<div class="test-event"> <font color="maroon"> <small> &emsp; &emsp;--- 16 Oct 15:25:52 072 - Element is displayed:: [[ChromeDriver: chrome on WINDOWS (84e5873c739acc8704250a3ce54c3c09)] -> xpath: //a/img[@alt='Login Image']|//button[@id='btn-login']]</small> </font> </div>
<div class="test-event"> <font color="maroon"> <small> &emsp; &emsp;--- 16 Oct 15:25:52 264 - Element is displayed:: [[ChromeDriver: chrome on WINDOWS (84e5873c739acc8704250a3ce54c3c09)] -> xpath: //a/img[@alt='Login Image']|//button[@id='btn-login']]</small> </font> </div>
<div class="test-event"> <font color="maroon"> <small> &emsp; &emsp;--- 16 Oct 15:26:12 874 - Catched spinner load exception due to Expected condition failed: waiting for ICar.support.WaitUtils$4@636673a3 (tried for 15 second(s) with 500 milliseconds interval)</small> </font> </div>
<div class="test-event"> <font color="maroon"> <small> &emsp; &emsp;--- 16 Oct 15:26:12 874 - <b>15</b> - Spinner Load Wait: (Sync) - ICar.support.WaitUtils.waitForSpinner(WaitUtils.java:225)</small> </font> </div>
<div class="test-message">&emsp;2. Navigate to 'Login Page'</div>
<div class="test-message">&emsp;Successfully navigated to 'Login' Page&emsp;<a href=".\ScreenShot\ICar_B2B_TC024_59940336842400.png" target="_blank" >[ScreenShot]</a></div>
<div class="test-event"> <font color="maroon"> <small> &emsp; &emsp;--- 16 Oct 15:26:13 113 - Element is displayed:: [[ChromeDriver: chrome on WINDOWS (84e5873c739acc8704250a3ce54c3c09)] -> id: username]</small> </font> </div>
<div class="test-event"> <font color="maroon"> <small> &emsp; &emsp;--- 16 Oct 15:26:13 180 - Element is displayed:: [[ChromeDriver: chrome on WINDOWS (84e5873c739acc8704250a3ce54c3c09)] -> id: username]</small> </font> </div>
<div class="test-event"> <font color="maroon"> <small> &emsp; &emsp;--- 16 Oct 15:26:13 404 - Element is displayed:: [[ChromeDriver: chrome on WINDOWS (84e5873c739acc8704250a3ce54c3c09)] -> id: password]</small> </font> </div>
<div class="test-event"> <font color="maroon"> <small> &emsp; &emsp;--- 16 Oct 15:26:13 616 - Element is displayed:: [[ChromeDriver: chrome on WINDOWS (84e5873c739acc8704250a3ce54c3c09)] -> id: btn-login]</small> </font> </div>
<div class="test-event"> <font color="maroon"> <small> &emsp; &emsp;--- 16 Oct 15:26:20 386 - Catched spinner load exception due to Expected condition failed: waiting for ICar.support.WaitUtils$4@636673a3 (tried for 3 second(s) with 500 milliseconds interval)</small> </font> </div>
<div class="test-event"> <font color="maroon"> <small> &emsp; &emsp;--- 16 Oct 15:26:20 387 - <b>6</b> - Spinner Load Wait: (Sync) - ICar.support.WaitUtils.waitForSpinner(WaitUtils.java:225)</small> </font> </div>
<div class="test-event"> <font color="maroon"> <small> &emsp; &emsp;--- 16 Oct 15:26:43 544 - Catched spinner load exception due to Expected condition failed: waiting for ICar.support.WaitUtils$4@636673a3 (tried for 10 second(s) with 500 milliseconds interval)</small> </font> </div>
<div class="test-event"> <font color="maroon"> <small> &emsp; &emsp;--- 16 Oct 15:26:43 545 - <b>10</b> - Spinner Load Wait: (Sync) - ICar.support.WaitUtils.waitForSpinner(WaitUtils.java:225)</small> </font> </div>
<div class="test-event"> <font color="maroon"> <small> &emsp; &emsp;--- 16 Oct 15:26:43 632 - Element is displayed:: [[ChromeDriver: chrome on WINDOWS (84e5873c739acc8704250a3ce54c3c09)] -> xpath: //button[@value='Launch My Learning']]</small> </font> </div>
<div class="test-message">&emsp;3. Enter the user credentials as : Angielex</div>
<div class="test-message">&emsp;Successfully navigated to 'User Home' Page&emsp;<a href=".\ScreenShot\ICar_B2B_TC024_59971045267400.png" target="_blank" >[ScreenShot]</a></div>
<div class="test-event"> <font color="maroon"> <small> &emsp; &emsp;--- 16 Oct 15:26:44 027 - Page URL:: https://www.icarstage.com/</small> </font> </div>
<div class="test-event"> <font color="maroon"> <small> &emsp; &emsp;--- 16 Oct 15:26:44 027 - <b>0</b> - Page Load Wait: (Sync) - ICar.support.Utils.waitForPageLoad(Utils.java:109)</small> </font> </div>
<div class="test-event"> <font color="maroon"> <small> &emsp; &emsp;--- 16 Oct 15:26:44 091 - Element is displayed:: [[ChromeDriver: chrome on WINDOWS (84e5873c739acc8704250a3ce54c3c09)] -> xpath: //p[text()='Launch My Learning']]</small> </font> </div>
<div class="test-event"> <font color="maroon"> <small> &emsp; &emsp;--- 16 Oct 15:26:44 136 - Element is displayed:: [[ChromeDriver: chrome on WINDOWS (84e5873c739acc8704250a3ce54c3c09)] -> xpath: //a[text()='My Training']]</small> </font> </div>
<div class="test-event"> <font color="maroon"> <small> &emsp; &emsp;--- 16 Oct 15:26:44 317 - Page URL:: https://www.icarstage.com/</small> </font> </div>
<div class="test-event"> <font color="maroon"> <small> &emsp; &emsp;--- 16 Oct 15:26:44 318 - <b>0</b> - Page Load Wait: (Sync) - ICar.support.Utils.waitForPageLoad(Utils.java:109)</small> </font> </div>
<div class="test-event"> <font color="maroon"> <small> &emsp; &emsp;--- 16 Oct 15:26:46 412 - Element is displayed:: [[ChromeDriver: chrome on WINDOWS (84e5873c739acc8704250a3ce54c3c09)] -> xpath: //a[text()='My Training']]</small> </font> </div>
<div class="test-event"> <font color="maroon"> <small> &emsp; &emsp;--- 16 Oct 15:27:05 214 - Catched spinner load exception due to Expected condition failed: waiting for ICar.support.WaitUtils$4@636673a3 (tried for 15 second(s) with 500 milliseconds interval)</small> </font> </div>
<div class="test-event"> <font color="maroon"> <small> &emsp; &emsp;--- 16 Oct 15:27:05 214 - <b>15</b> - Spinner Load Wait: (Sync) - ICar.support.WaitUtils.waitForSpinner(WaitUtils.java:225)</small> </font> </div>
<div class="test-event"> <font color="maroon"> <small> &emsp; &emsp;--- 16 Oct 15:27:05 431 - Page URL:: https://www.icarstage.com/my-training</small> </font> </div>
<div class="test-event"> <font color="maroon"> <small> &emsp; &emsp;--- 16 Oct 15:27:05 432 - <b>0</b> - Page Load Wait: (Sync) - ICar.support.Utils.waitForPageLoad(Utils.java:109)</small> </font> </div>
<div class="test-event"> <font color="maroon"> <small> &emsp; &emsp;--- 16 Oct 15:27:05 500 - Element is displayed:: [[ChromeDriver: chrome on WINDOWS (84e5873c739acc8704250a3ce54c3c09)] -> xpath: //span[@title='My Professional Development']]</small> </font> </div>
<div class="test-message">&emsp;4. Navigating to My Training Page</div>
<div class="test-message">&emsp;Successfully navigated to 'My Training' Page&emsp;<a href=".\ScreenShot\ICar_B2B_TC024_59992912752500.png" target="_blank" >[ScreenShot]</a></div>
<div class="test-event"> <font color="maroon"> <small> &emsp; &emsp;--- 16 Oct 15:27:06 752 - Element is displayed:: [[ChromeDriver: chrome on WINDOWS (84e5873c739acc8704250a3ce54c3c09)] -> xpath: //span[@title='My Professional Development']]</small> </font> </div>
<div class="test-event"> <font color="maroon"> <small> &emsp; &emsp;--- 16 Oct 15:27:08 850 - Element is displayed:: [[ChromeDriver: chrome on WINDOWS (84e5873c739acc8704250a3ce54c3c09)] -> xpath: //span[@title='My Professional Development']]</small> </font> </div>
<div class="test-message">&emsp;5. click on download button</div>
<div class="test-event"> <font color="maroon"> <small> &emsp; &emsp;--- 16 Oct 15:27:11 256 - Element is displayed:: [[ChromeDriver: chrome on WINDOWS (84e5873c739acc8704250a3ce54c3c09)] -> xpath: //button[@title='Download Training Record']]</small> </font> </div>
<div class="test-event"> <font color="maroon"> <small> &emsp; &emsp;--- 16 Oct 15:27:13 454 - Catched spinner load exception due to Expected condition failed: waiting for ICar.support.WaitUtils$4@636673a3 (tried for 2 second(s) with 500 milliseconds interval)</small> </font> </div>
<div class="test-event"> <font color="maroon"> <small> &emsp; &emsp;--- 16 Oct 15:27:13 455 - <b>2</b> - Spinner Load Wait: (Sync) - ICar.support.WaitUtils.waitForSpinner(WaitUtils.java:225)</small> </font> </div>
<div class="test-message">&emsp;Download file in :C:\Users\prathap.kumaresan\Downloads\My Training\Robin Larkin_Training_10_16_2024.pdf</div>
<div class="test-message">&emsp;Downloaded documnent name :Robin Larkin_Training_10_16_2024.pdf&emsp;<a href=".\ScreenShot\ICar_B2B_TC024_60028403200500.png" target="_blank" >[ScreenShot]</a></div>
<div class="test-message">&emsp;Downloaded document content :
10/16/2024Page  of 1 2
My Professional Development
 : Robin LarkinNAME Platinum Status: Not Platinum
I-CAR ID : 2978028 PDP Roles: Estimator, RefinishTechnician
My Training Status
Platinum
PDP Role Training Required Platinum RenewalDate
Courses Completed/Total Courses Annual Training
Renewal DatePL1 PL2 PL3 Annual Training
Estimator PL1 0/23 0/16 0/9 0/6 7/18/2025
Refinish Technician PL1 0/12 0/5 0/5 0/6 9/11/2025
My Affiliations
No Data To Display
My Certifications
Certification Name Active Renewal Date Completion Date
10/16/2024Page  of 2 2
My Knowledge And Skills Area
All Courses
Course Name Course Code Status Completed Date Provider Name
Discover myI-CAR I-CAR 0001 - Staff &Customers Subscribed
&emsp;<a href=".\ScreenShot\ICar_B2B_TC024_60029173957500.png" target="_blank" >[ScreenShot]</a></div>
<div class="test-message">&emsp;Successfully verfied the details in download pdf&emsp;<a href=".\ScreenShot\ICar_B2B_TC024_60029389008200.png" target="_blank" >[ScreenShot]</a></div>
<div class="test-result"><br><font color="green"><strong> Test Passed. </strong></font> </div>&emsp;
&emsp;<div class="test-title"> <strong><font size = "3" color = "#0000FF">---Test Execution Ends---</font> </strong> </div>&emsp;]]>
    </system-out>
  </testcase> <!-- ICar_B2B_TC024 -->
  <testcase classname="B2Btestscripts.B2B_Student" name="ICar_B2B_TC051" time="73.589">
    <error message="Index 0 out of bounds for length 0" type="java.lang.IndexOutOfBoundsException">
      <![CDATA[java.lang.IndexOutOfBoundsException: Index 0 out of bounds for length 0
at java.base/jdk.internal.util.Preconditions.outOfBounds(Preconditions.java:64)
at java.base/jdk.internal.util.Preconditions.outOfBoundsCheckIndex(Preconditions.java:70)
at java.base/jdk.internal.util.Preconditions.checkIndex(Preconditions.java:266)
at java.base/java.util.Objects.checkIndex(Objects.java:359)
at java.base/java.util.ArrayList.get(ArrayList.java:427)
at java.base/jdk.internal.reflect.GeneratedMethodAccessor8.invoke(Unknown Source)
at java.base/jdk.internal.reflect.DelegatingMethodAccessorImpl.invoke(DelegatingMethodAccessorImpl.java:43)
at java.base/java.lang.reflect.Method.invoke(Method.java:567)
at org.openqa.selenium.support.pagefactory.internal.LocatingElementListHandler.invoke(LocatingElementListHandler.java:39)
at jdk.proxy2/jdk.proxy2.$Proxy26.get(Unknown Source)
at ICar.Pages.UserHomePage.clickonCourses(UserHomePage.java:2808)
at B2Btestscripts.B2B_Student.ICar_B2B_TC051(B2B_Student.java:4343)
at java.base/jdk.internal.reflect.NativeMethodAccessorImpl.invoke0(Native Method)
at java.base/jdk.internal.reflect.NativeMethodAccessorImpl.invoke(NativeMethodAccessorImpl.java:78)
at java.base/jdk.internal.reflect.DelegatingMethodAccessorImpl.invoke(DelegatingMethodAccessorImpl.java:43)
at java.base/java.lang.reflect.Method.invoke(Method.java:567)
at org.testng.internal.invokers.MethodInvocationHelper.invokeMethod(MethodInvocationHelper.java:139)
at org.testng.internal.invokers.TestInvoker.invokeMethod(TestInvoker.java:664)
at org.testng.internal.invokers.TestInvoker.invokeTestMethod(TestInvoker.java:227)
at org.testng.internal.invokers.TestMethodWithDataProviderMethodWorker.call(TestMethodWithDataProviderMethodWorker.java:80)
at org.testng.internal.invokers.TestMethodWithDataProviderMethodWorker.call(TestMethodWithDataProviderMethodWorker.java:17)
at java.base/java.util.concurrent.FutureTask.run(FutureTask.java:264)
at java.base/java.util.concurrent.Executors$RunnableAdapter.call(Executors.java:515)
at java.base/java.util.concurrent.FutureTask.run(FutureTask.java:264)
at java.base/java.util.concurrent.ThreadPoolExecutor.runWorker(ThreadPoolExecutor.java:1130)
at java.base/java.util.concurrent.ThreadPoolExecutor$Worker.run(ThreadPoolExecutor.java:630)
at java.base/java.lang.Thread.run(Thread.java:831)
]]>
    </error>
    <system-out>
      <![CDATA[<div class="test-event"> <font color="maroon"> <small> &emsp; &emsp;--- 16 Oct 17:20:27 553 - TestCaseID:: ICar_B2B_TC051</small> </font> </div>
<div class="test-event"> <font color="maroon"> <small> &emsp; &emsp;--- 16 Oct 17:20:29 421 - <b>1</b> - Driver::initialize::Get - ICar.support.WebDriverFactory.getDriver(WebDriverFactory.java:640)</small> </font> </div>
&emsp;<div class="test-title"> <strong><font size = "3" color = "#000080">Verify adding All Live, Online, and Virtual Courses and Learning Plans through Browse Catalog</font> </strong> </div>&emsp;<div><strong>Steps:</strong></div><!-- Report -->&emsp;
<div class="test-event"> <font color="maroon"> <small> &emsp; &emsp;--- 16 Oct 17:20:34 020 - Element is displayed:: [[ChromeDriver: chrome on WINDOWS (67dc1ad3db6fa7fdd0567b463ef3156d)] -> xpath: //a/img[@alt='Login Image']|//button[@id='btn-login']]</small> </font> </div>
<div class="test-event"> <font color="maroon"> <small> &emsp; &emsp;--- 16 Oct 17:20:34 073 - Element is displayed:: [[ChromeDriver: chrome on WINDOWS (67dc1ad3db6fa7fdd0567b463ef3156d)] -> xpath: //a/img[@alt='Login Image']|//button[@id='btn-login']]</small> </font> </div>
<div class="test-message">&emsp;Successfully navigated to 'Home' Page</div>
<div class="test-message">&emsp;1. Home page is launched.</div>
<div class="test-event"> <font color="maroon"> <small> &emsp; &emsp;--- 16 Oct 17:20:34 244 - Page URL:: https://www.icarstage.com/</small> </font> </div>
<div class="test-event"> <font color="maroon"> <small> &emsp; &emsp;--- 16 Oct 17:20:34 244 - <b>0</b> - Page Load Wait: (Sync) - ICar.support.Utils.waitForPageLoad(Utils.java:109)</small> </font> </div>
<div class="test-event"> <font color="maroon"> <small> &emsp; &emsp;--- 16 Oct 17:20:34 284 - Element is displayed:: [[ChromeDriver: chrome on WINDOWS (67dc1ad3db6fa7fdd0567b463ef3156d)] -> xpath: //a/img[@alt='Login Image']|//button[@id='btn-login']]</small> </font> </div>
<div class="test-event"> <font color="maroon"> <small> &emsp; &emsp;--- 16 Oct 17:20:34 334 - Element is displayed:: [[ChromeDriver: chrome on WINDOWS (67dc1ad3db6fa7fdd0567b463ef3156d)] -> xpath: //a/img[@alt='Login Image']|//button[@id='btn-login']]</small> </font> </div>
<div class="test-event"> <font color="maroon"> <small> &emsp; &emsp;--- 16 Oct 17:20:53 020 - Catched spinner load exception due to Expected condition failed: waiting for ICar.support.WaitUtils$4@636673a3 (tried for 15 second(s) with 500 milliseconds interval)</small> </font> </div>
<div class="test-event"> <font color="maroon"> <small> &emsp; &emsp;--- 16 Oct 17:20:53 020 - <b>15</b> - Spinner Load Wait: (Sync) - ICar.support.WaitUtils.waitForSpinner(WaitUtils.java:225)</small> </font> </div>
<div class="test-message">&emsp;2. Login page  should be successfully display</div>
<div class="test-message">&emsp;Successfully navigated to 'Login' Page</div>
<div class="test-event"> <font color="maroon"> <small> &emsp; &emsp;--- 16 Oct 17:20:53 136 - Element is displayed:: [[ChromeDriver: chrome on WINDOWS (67dc1ad3db6fa7fdd0567b463ef3156d)] -> id: username]</small> </font> </div>
<div class="test-event"> <font color="maroon"> <small> &emsp; &emsp;--- 16 Oct 17:20:53 191 - Element is displayed:: [[ChromeDriver: chrome on WINDOWS (67dc1ad3db6fa7fdd0567b463ef3156d)] -> id: username]</small> </font> </div>
<div class="test-event"> <font color="maroon"> <small> &emsp; &emsp;--- 16 Oct 17:20:53 379 - Element is displayed:: [[ChromeDriver: chrome on WINDOWS (67dc1ad3db6fa7fdd0567b463ef3156d)] -> id: password]</small> </font> </div>
<div class="test-event"> <font color="maroon"> <small> &emsp; &emsp;--- 16 Oct 17:20:53 542 - Element is displayed:: [[ChromeDriver: chrome on WINDOWS (67dc1ad3db6fa7fdd0567b463ef3156d)] -> id: btn-login]</small> </font> </div>
<div class="test-event"> <font color="maroon"> <small> &emsp; &emsp;--- 16 Oct 17:20:59 486 - Catched spinner load exception due to Expected condition failed: waiting for ICar.support.WaitUtils$4@636673a3 (tried for 3 second(s) with 500 milliseconds interval)</small> </font> </div>
<div class="test-event"> <font color="maroon"> <small> &emsp; &emsp;--- 16 Oct 17:20:59 486 - <b>5</b> - Spinner Load Wait: (Sync) - ICar.support.WaitUtils.waitForSpinner(WaitUtils.java:225)</small> </font> </div>
<div class="test-event"> <font color="maroon"> <small> &emsp; &emsp;--- 16 Oct 17:21:21 303 - Catched spinner load exception due to Expected condition failed: waiting for ICar.support.WaitUtils$4@636673a3 (tried for 10 second(s) with 500 milliseconds interval)</small> </font> </div>
<div class="test-event"> <font color="maroon"> <small> &emsp; &emsp;--- 16 Oct 17:21:21 303 - <b>10</b> - Spinner Load Wait: (Sync) - ICar.support.WaitUtils.waitForSpinner(WaitUtils.java:225)</small> </font> </div>
<div class="test-event"> <font color="maroon"> <small> &emsp; &emsp;--- 16 Oct 17:21:21 370 - Element is displayed:: [[ChromeDriver: chrome on WINDOWS (67dc1ad3db6fa7fdd0567b463ef3156d)] -> xpath: //button[@value='Launch My Learning']]</small> </font> </div>
<div class="test-message">&emsp;3. Enter the user credentials as : pkelly123</div>
<div class="test-message">&emsp;Successfully navigated to 'User Home' Page</div>
<div class="test-event"> <font color="maroon"> <small> &emsp; &emsp;--- 16 Oct 17:21:21 410 - Element is displayed:: [[ChromeDriver: chrome on WINDOWS (67dc1ad3db6fa7fdd0567b463ef3156d)] -> xpath: //a[contains(text(),'Browse Catalog')]]</small> </font> </div>
<div class="test-event"> <font color="maroon"> <small> &emsp; &emsp;--- 16 Oct 17:21:21 459 - Element is displayed:: [[ChromeDriver: chrome on WINDOWS (67dc1ad3db6fa7fdd0567b463ef3156d)] -> xpath: //a[contains(text(),'Browse Catalog')]]</small> </font> </div>
<div class="test-message">&emsp;4.Clicked on Browse Catalog</div>
<div class="test-event"> <font color="maroon"> <small> &emsp; &emsp;--- 16 Oct 17:21:30 190 - Catched spinner load exception due to Expected condition failed: waiting for ICar.support.WaitUtils$4@636673a3 (tried for 7 second(s) with 500 milliseconds interval)</small> </font> </div>
<div class="test-event"> <font color="maroon"> <small> &emsp; &emsp;--- 16 Oct 17:21:30 190 - <b>7</b> - Spinner Load Wait: (Sync) - ICar.support.WaitUtils.waitForSpinner(WaitUtils.java:225)</small> </font> </div>
<div class="test-event"> <font color="maroon"> <small> &emsp; &emsp;--- 16 Oct 17:21:30 226 - Element is displayed:: [[ChromeDriver: chrome on WINDOWS (67dc1ad3db6fa7fdd0567b463ef3156d)] -> xpath: //section[@class='main-section']//following::li//section[@class='fields-area']//a]</small> </font> </div>
<div class="test-event"> <font color="maroon"> <small> &emsp; &emsp;--- 16 Oct 17:21:30 267 - Element is displayed:: [[ChromeDriver: chrome on WINDOWS (67dc1ad3db6fa7fdd0567b463ef3156d)] -> xpath: //section[@class='main-section']//following::li//section[@class='fields-area']//a]</small> </font> </div>
<div class="test-message">&emsp;5.Clicked on the link All Live, Online, and Virtual Courses and Learning Plans</div>
<div class="test-event"> <font color="maroon"> <small> &emsp; &emsp;--- 16 Oct 17:21:39 375 - Catched spinner load exception due to Expected condition failed: waiting for ICar.support.WaitUtils$4@636673a3 (tried for 7 second(s) with 500 milliseconds interval)</small> </font> </div>
<div class="test-event"> <font color="maroon"> <small> &emsp; &emsp;--- 16 Oct 17:21:39 375 - <b>7</b> - Spinner Load Wait: (Sync) - ICar.support.WaitUtils.waitForSpinner(WaitUtils.java:225)</small> </font> </div>
<!--FAIL-->
<div class="test-result"><br><font color="red"><strong> Index 0 out of bounds for length 0 </strong></font> <a href=".\ScreenShot\ICar_B2B_TC051_66870033550500.png" target="_blank" >[ScreenShot]</a></div>&emsp;
&emsp;<div class="test-title"> <strong><font size = "3" color = "#0000FF">---Test Execution Ends---</font> </strong> </div>&emsp;]]>
    </system-out>
  </testcase> <!-- ICar_B2B_TC051 -->
  <testcase classname="B2Btestscripts.B2B_Student" name="ICar_B2B_TC009" time="127.511">
    <system-out>
      <![CDATA[<div class="test-event"> <font color="maroon"> <small> &emsp; &emsp;--- 16 Oct 15:40:57 468 - TestCaseID:: ICar_B2B_TC009</small> </font> </div>
<div class="test-event"> <font color="maroon"> <small> &emsp; &emsp;--- 16 Oct 15:40:59 124 - <b>1</b> - Driver::initialize::Get - ICar.support.WebDriverFactory.getDriver(WebDriverFactory.java:640)</small> </font> </div>
&emsp;<div class="test-title"> <strong><font size = "3" color = "#000080">Verify adding Credit card details to the student Payment information gets added.</font> </strong> </div>&emsp;<div><strong>Steps:</strong></div><!-- Report -->&emsp;
<div class="test-event"> <font color="maroon"> <small> &emsp; &emsp;--- 16 Oct 15:41:04 180 - Element is displayed:: [[ChromeDriver: chrome on WINDOWS (fc72046c6d7d87dadc3ae58b7ee5a5c1)] -> xpath: //a/img[@alt='Login Image']|//button[@id='btn-login']]</small> </font> </div>
<div class="test-event"> <font color="maroon"> <small> &emsp; &emsp;--- 16 Oct 15:41:04 267 - Element is displayed:: [[ChromeDriver: chrome on WINDOWS (fc72046c6d7d87dadc3ae58b7ee5a5c1)] -> xpath: //a/img[@alt='Login Image']|//button[@id='btn-login']]</small> </font> </div>
<div class="test-message">&emsp;Successfully navigated to 'Home' Page&emsp;<a href=".\ScreenShot\ICar_B2B_TC009_60831679701700.png" target="_blank" >[ScreenShot]</a></div>
<div class="test-message">&emsp;1. Home page is launched.</div>
<div class="test-event"> <font color="maroon"> <small> &emsp; &emsp;--- 16 Oct 15:41:04 749 - Page URL:: https://www.icarstage.com/</small> </font> </div>
<div class="test-event"> <font color="maroon"> <small> &emsp; &emsp;--- 16 Oct 15:41:04 749 - <b>0</b> - Page Load Wait: (Sync) - ICar.support.Utils.waitForPageLoad(Utils.java:109)</small> </font> </div>
<div class="test-event"> <font color="maroon"> <small> &emsp; &emsp;--- 16 Oct 15:41:04 950 - Element is displayed:: [[ChromeDriver: chrome on WINDOWS (fc72046c6d7d87dadc3ae58b7ee5a5c1)] -> xpath: //a/img[@alt='Login Image']|//button[@id='btn-login']]</small> </font> </div>
<div class="test-event"> <font color="maroon"> <small> &emsp; &emsp;--- 16 Oct 15:41:05 370 - Element is displayed:: [[ChromeDriver: chrome on WINDOWS (fc72046c6d7d87dadc3ae58b7ee5a5c1)] -> xpath: //a/img[@alt='Login Image']|//button[@id='btn-login']]</small> </font> </div>
<div class="test-event"> <font color="maroon"> <small> &emsp; &emsp;--- 16 Oct 15:41:23 040 - Catched spinner load exception due to Expected condition failed: waiting for ICar.support.WaitUtils$4@636673a3 (tried for 15 second(s) with 500 milliseconds interval)</small> </font> </div>
<div class="test-event"> <font color="maroon"> <small> &emsp; &emsp;--- 16 Oct 15:41:23 041 - <b>15</b> - Spinner Load Wait: (Sync) - ICar.support.WaitUtils.waitForSpinner(WaitUtils.java:225)</small> </font> </div>
<div class="test-message">&emsp;2. Navigate to 'Login Page'</div>
<div class="test-message">&emsp;Successfully navigated to 'Login' Page&emsp;<a href=".\ScreenShot\ICar_B2B_TC009_60850456617400.png" target="_blank" >[ScreenShot]</a></div>
<div class="test-event"> <font color="maroon"> <small> &emsp; &emsp;--- 16 Oct 15:41:23 249 - Element is displayed:: [[ChromeDriver: chrome on WINDOWS (fc72046c6d7d87dadc3ae58b7ee5a5c1)] -> id: username]</small> </font> </div>
<div class="test-event"> <font color="maroon"> <small> &emsp; &emsp;--- 16 Oct 15:41:23 307 - Element is displayed:: [[ChromeDriver: chrome on WINDOWS (fc72046c6d7d87dadc3ae58b7ee5a5c1)] -> id: username]</small> </font> </div>
<div class="test-event"> <font color="maroon"> <small> &emsp; &emsp;--- 16 Oct 15:41:23 526 - Element is displayed:: [[ChromeDriver: chrome on WINDOWS (fc72046c6d7d87dadc3ae58b7ee5a5c1)] -> id: password]</small> </font> </div>
<div class="test-event"> <font color="maroon"> <small> &emsp; &emsp;--- 16 Oct 15:41:23 768 - Element is displayed:: [[ChromeDriver: chrome on WINDOWS (fc72046c6d7d87dadc3ae58b7ee5a5c1)] -> id: btn-login]</small> </font> </div>
<div class="test-event"> <font color="maroon"> <small> &emsp; &emsp;--- 16 Oct 15:41:28 921 - Catched spinner load exception due to Expected condition failed: waiting for ICar.support.WaitUtils$4@636673a3 (tried for 3 second(s) with 500 milliseconds interval)</small> </font> </div>
<div class="test-event"> <font color="maroon"> <small> &emsp; &emsp;--- 16 Oct 15:41:28 921 - <b>5</b> - Spinner Load Wait: (Sync) - ICar.support.WaitUtils.waitForSpinner(WaitUtils.java:225)</small> </font> </div>
<div class="test-event"> <font color="maroon"> <small> &emsp; &emsp;--- 16 Oct 15:41:51 668 - Catched spinner load exception due to Expected condition failed: waiting for ICar.support.WaitUtils$4@636673a3 (tried for 10 second(s) with 500 milliseconds interval)</small> </font> </div>
<div class="test-event"> <font color="maroon"> <small> &emsp; &emsp;--- 16 Oct 15:41:51 668 - <b>10</b> - Spinner Load Wait: (Sync) - ICar.support.WaitUtils.waitForSpinner(WaitUtils.java:225)</small> </font> </div>
<div class="test-event"> <font color="maroon"> <small> &emsp; &emsp;--- 16 Oct 15:41:51 740 - Element is displayed:: [[ChromeDriver: chrome on WINDOWS (fc72046c6d7d87dadc3ae58b7ee5a5c1)] -> xpath: //button[@value='Launch My Learning']]</small> </font> </div>
<div class="test-message">&emsp;3. Enter the user credentials</div>
<div class="test-message">&emsp;Successfully navigated to 'User Home' Page&emsp;<a href=".\ScreenShot\ICar_B2B_TC009_60879152493800.png" target="_blank" >[ScreenShot]</a></div>
<div class="test-event"> <font color="maroon"> <small> &emsp; &emsp;--- 16 Oct 15:41:52 061 - Page URL:: https://www.icarstage.com/</small> </font> </div>
<div class="test-event"> <font color="maroon"> <small> &emsp; &emsp;--- 16 Oct 15:41:52 061 - <b>0</b> - Page Load Wait: (Sync) - ICar.support.Utils.waitForPageLoad(Utils.java:109)</small> </font> </div>
<div class="test-message">&emsp;4. Navigate to 'My Payment information' page</div>
<div class="test-event"> <font color="maroon"> <small> &emsp; &emsp;--- 16 Oct 15:41:52 246 - Page URL:: https://www.icarstage.com/</small> </font> </div>
<div class="test-event"> <font color="maroon"> <small> &emsp; &emsp;--- 16 Oct 15:41:52 247 - <b>0</b> - Page Load Wait: (Sync) - ICar.support.Utils.waitForPageLoad(Utils.java:109)</small> </font> </div>
<div class="test-event"> <font color="maroon"> <small> &emsp; &emsp;--- 16 Oct 15:41:52 306 - Element is displayed:: [[ChromeDriver: chrome on WINDOWS (fc72046c6d7d87dadc3ae58b7ee5a5c1)] -> xpath: //p[text()='Launch My Learning']]</small> </font> </div>
<div class="test-event"> <font color="maroon"> <small> &emsp; &emsp;--- 16 Oct 15:41:52 372 - Element is displayed:: [[ChromeDriver: chrome on WINDOWS (fc72046c6d7d87dadc3ae58b7ee5a5c1)] -> xpath: //lightning-layout[@class='left-margin slds-align_absolute-center slds-grid slds-grid_align-spread slds-wrap']//lightning-layout-item[2]//a]</small> </font> </div>
<div class="test-event"> <font color="maroon"> <small> &emsp; &emsp;--- 16 Oct 15:41:54 461 - Element is displayed:: [[ChromeDriver: chrome on WINDOWS (fc72046c6d7d87dadc3ae58b7ee5a5c1)] -> xpath: //lightning-layout[@class='left-margin slds-align_absolute-center slds-grid slds-grid_align-spread slds-wrap']//lightning-layout-item[2]//a]</small> </font> </div>
<div class="test-event"> <font color="maroon"> <small> &emsp; &emsp;--- 16 Oct 15:41:54 568 - Element is displayed:: [[ChromeDriver: chrome on WINDOWS (fc72046c6d7d87dadc3ae58b7ee5a5c1)] -> xpath: //ul[@aria-label='Show More']//li[2]/a]</small> </font> </div>
<div class="test-event"> <font color="maroon"> <small> &emsp; &emsp;--- 16 Oct 15:41:54 617 - Element is displayed:: [[ChromeDriver: chrome on WINDOWS (fc72046c6d7d87dadc3ae58b7ee5a5c1)] -> xpath: //ul[@aria-label='Show More']//li[2]/a]</small> </font> </div>
<div class="test-event"> <font color="maroon"> <small> &emsp; &emsp;--- 16 Oct 15:42:11 398 - Catched spinner load exception due to Expected condition failed: waiting for ICar.support.WaitUtils$4@636673a3 (tried for 15 second(s) with 500 milliseconds interval)</small> </font> </div>
<div class="test-event"> <font color="maroon"> <small> &emsp; &emsp;--- 16 Oct 15:42:11 398 - <b>15</b> - Spinner Load Wait: (Sync) - ICar.support.WaitUtils.waitForSpinner(WaitUtils.java:225)</small> </font> </div>
<div class="test-event"> <font color="maroon"> <small> &emsp; &emsp;--- 16 Oct 15:42:11 498 - Page URL:: https://www.icarstage.com/my-payment-information</small> </font> </div>
<div class="test-event"> <font color="maroon"> <small> &emsp; &emsp;--- 16 Oct 15:42:11 498 - <b>0</b> - Page Load Wait: (Sync) - ICar.support.Utils.waitForPageLoad(Utils.java:109)</small> </font> </div>
<div class="test-event"> <font color="maroon"> <small> &emsp; &emsp;--- 16 Oct 15:42:11 558 - Element is displayed:: [[ChromeDriver: chrome on WINDOWS (fc72046c6d7d87dadc3ae58b7ee5a5c1)] -> xpath: //a[contains(text(),'Credit Card')]]</small> </font> </div>
<div class="test-message">&emsp;Successfully navigated to 'My Payment Information' Page&emsp;<a href=".\ScreenShot\ICar_B2B_TC009_60898971500400.png" target="_blank" >[ScreenShot]</a></div>
<div class="test-event"> <font color="maroon"> <small> &emsp; &emsp;--- 16 Oct 15:42:23 361 - Element Proxy element for: AjaxElementLocator 'By.xpath: //slot[@name='message']', is not displayed in page </small> </font> </div>
<div class="test-message">&emsp;5. Click on add new credit card button</div>
<div class="test-event"> <font color="maroon"> <small> &emsp; &emsp;--- 16 Oct 15:42:36 916 - Catched spinner load exception due to Expected condition failed: waiting for ICar.support.WaitUtils$4@636673a3 (tried for 10 second(s) with 500 milliseconds interval)</small> </font> </div>
<div class="test-event"> <font color="maroon"> <small> &emsp; &emsp;--- 16 Oct 15:42:36 917 - <b>10</b> - Spinner Load Wait: (Sync) - ICar.support.WaitUtils.waitForSpinner(WaitUtils.java:225)</small> </font> </div>
<div class="test-event"> <font color="maroon"> <small> &emsp; &emsp;--- 16 Oct 15:42:36 970 - Element is displayed:: [[ChromeDriver: chrome on WINDOWS (fc72046c6d7d87dadc3ae58b7ee5a5c1)] -> xpath: //a[contains(text(),'Credit Card')]]</small> </font> </div>
<div class="test-event"> <font color="maroon"> <small> &emsp; &emsp;--- 16 Oct 15:42:43 294 - Catched spinner load exception due to Expected condition failed: waiting for ICar.support.WaitUtils$4@636673a3 (tried for 6 second(s) with 500 milliseconds interval)</small> </font> </div>
<div class="test-event"> <font color="maroon"> <small> &emsp; &emsp;--- 16 Oct 15:42:43 294 - <b>6</b> - Spinner Load Wait: (Sync) - ICar.support.WaitUtils.waitForSpinner(WaitUtils.java:225)</small> </font> </div>
<div class="test-event"> <font color="maroon"> <small> &emsp; &emsp;--- 16 Oct 15:42:51 597 - Catched spinner load exception due to Expected condition failed: waiting for ICar.support.WaitUtils$4@636673a3 (tried for 6 second(s) with 500 milliseconds interval)</small> </font> </div>
<div class="test-event"> <font color="maroon"> <small> &emsp; &emsp;--- 16 Oct 15:42:51 597 - <b>6</b> - Spinner Load Wait: (Sync) - ICar.support.WaitUtils.waitForSpinner(WaitUtils.java:225)</small> </font> </div>
<div class="test-event"> <font color="maroon"> <small> &emsp; &emsp;--- 16 Oct 15:42:51 667 - Element is displayed:: [[ChromeDriver: chrome on WINDOWS (fc72046c6d7d87dadc3ae58b7ee5a5c1)] -> xpath: //input[@name='cardnumber']]</small> </font> </div>
<div class="test-event"> <font color="maroon"> <small> &emsp; &emsp;--- 16 Oct 15:42:52 627 - Element is displayed:: [[ChromeDriver: chrome on WINDOWS (fc72046c6d7d87dadc3ae58b7ee5a5c1)] -> xpath: //input[@name='exp-date']]</small> </font> </div>
<div class="test-event"> <font color="maroon"> <small> &emsp; &emsp;--- 16 Oct 15:42:53 052 - Element is displayed:: [[ChromeDriver: chrome on WINDOWS (fc72046c6d7d87dadc3ae58b7ee5a5c1)] -> xpath: //input[@name='cvc']]</small> </font> </div>
<div class="test-event"> <font color="maroon"> <small> &emsp; &emsp;--- 16 Oct 15:42:53 324 - Element is displayed:: [[ChromeDriver: chrome on WINDOWS (fc72046c6d7d87dadc3ae58b7ee5a5c1)] -> xpath: //input[@name='postal']]</small> </font> </div>
<div class="test-event"> <font color="maroon"> <small> &emsp; &emsp;--- 16 Oct 15:42:53 688 - Element is displayed:: [[ChromeDriver: chrome on WINDOWS (fc72046c6d7d87dadc3ae58b7ee5a5c1)] -> xpath: //button[@title='Add Card']]</small> </font> </div>
<div class="test-event"> <font color="maroon"> <small> &emsp; &emsp;--- 16 Oct 15:42:55 612 - Element is displayed:: [[ChromeDriver: chrome on WINDOWS (fc72046c6d7d87dadc3ae58b7ee5a5c1)] -> xpath: //slot[@name='message']]</small> </font> </div>
<div class="test-message">&emsp;Successfully displayed a pop up to add credit card&emsp;<a href=".\ScreenShot\ICar_B2B_TC009_60943049034100.png" target="_blank" >[ScreenShot]</a></div>
<div class="test-message">&emsp;6. Fill the inputs in the pop up to add a new credit card</div>
<div class="test-message">&emsp;Successfully added credit card and verified added credit card in the table grid&emsp;<a href=".\ScreenShot\ICar_B2B_TC009_60953276753700.png" target="_blank" >[ScreenShot]</a></div>
<div class="test-result"><br><font color="green"><strong> Test Passed. </strong></font> </div>&emsp;
&emsp;<div class="test-title"> <strong><font size = "3" color = "#0000FF">---Test Execution Ends---</font> </strong> </div>&emsp;]]>
    </system-out>
  </testcase> <!-- ICar_B2B_TC009 -->
  <testcase classname="B2Btestscripts.B2B_Student" name="ICar_B2B_TC026" time="156.843">
    <system-out>
      <![CDATA[<div class="test-event"> <font color="maroon"> <small> &emsp; &emsp;--- 16 Oct 16:21:57 303 - TestCaseID:: ICar_B2B_TC026</small> </font> </div>
<div class="test-event"> <font color="maroon"> <small> &emsp; &emsp;--- 16 Oct 16:21:58 305 - <b>1</b> - Driver::initialize::Get - ICar.support.WebDriverFactory.getDriver(WebDriverFactory.java:640)</small> </font> </div>
&emsp;<div class="test-title"> <strong><font size = "3" color = "#000080">Ability to verify the added bank account to the student Profile</font> </strong> </div>&emsp;<div><strong>Steps:</strong></div><!-- Report -->&emsp;
<div class="test-event"> <font color="maroon"> <small> &emsp; &emsp;--- 16 Oct 16:22:04 044 - Element is displayed:: [[ChromeDriver: chrome on WINDOWS (d258f8ca3dc155bab01cfa666ae0bd89)] -> xpath: //a/img[@alt='Login Image']|//button[@id='btn-login']]</small> </font> </div>
<div class="test-event"> <font color="maroon"> <small> &emsp; &emsp;--- 16 Oct 16:22:04 103 - Element is displayed:: [[ChromeDriver: chrome on WINDOWS (d258f8ca3dc155bab01cfa666ae0bd89)] -> xpath: //a/img[@alt='Login Image']|//button[@id='btn-login']]</small> </font> </div>
<div class="test-message">&emsp;Successfully navigated to 'Home' Page&emsp;<a href=".\ScreenShot\ICar_B2B_TC026_63291515320000.png" target="_blank" >[ScreenShot]</a></div>
<div class="test-message">&emsp;1. Home page is launched.</div>
<div class="test-event"> <font color="maroon"> <small> &emsp; &emsp;--- 16 Oct 16:22:04 502 - Page URL:: https://www.icarstage.com/</small> </font> </div>
<div class="test-event"> <font color="maroon"> <small> &emsp; &emsp;--- 16 Oct 16:22:04 502 - <b>0</b> - Page Load Wait: (Sync) - ICar.support.Utils.waitForPageLoad(Utils.java:109)</small> </font> </div>
<div class="test-event"> <font color="maroon"> <small> &emsp; &emsp;--- 16 Oct 16:22:04 541 - Element is displayed:: [[ChromeDriver: chrome on WINDOWS (d258f8ca3dc155bab01cfa666ae0bd89)] -> xpath: //a/img[@alt='Login Image']|//button[@id='btn-login']]</small> </font> </div>
<div class="test-event"> <font color="maroon"> <small> &emsp; &emsp;--- 16 Oct 16:22:04 618 - Element is displayed:: [[ChromeDriver: chrome on WINDOWS (d258f8ca3dc155bab01cfa666ae0bd89)] -> xpath: //a/img[@alt='Login Image']|//button[@id='btn-login']]</small> </font> </div>
<div class="test-event"> <font color="maroon"> <small> &emsp; &emsp;--- 16 Oct 16:22:23 345 - Catched spinner load exception due to Expected condition failed: waiting for ICar.support.WaitUtils$4@636673a3 (tried for 15 second(s) with 500 milliseconds interval)</small> </font> </div>
<div class="test-event"> <font color="maroon"> <small> &emsp; &emsp;--- 16 Oct 16:22:23 345 - <b>15</b> - Spinner Load Wait: (Sync) - ICar.support.WaitUtils.waitForSpinner(WaitUtils.java:225)</small> </font> </div>
<div class="test-message">&emsp;2. Navigate to 'Login Page'</div>
<div class="test-message">&emsp;Successfully navigated to 'Login' Page&emsp;<a href=".\ScreenShot\ICar_B2B_TC026_63310762469800.png" target="_blank" >[ScreenShot]</a></div>
<div class="test-event"> <font color="maroon"> <small> &emsp; &emsp;--- 16 Oct 16:22:23 558 - Element is displayed:: [[ChromeDriver: chrome on WINDOWS (d258f8ca3dc155bab01cfa666ae0bd89)] -> id: username]</small> </font> </div>
<div class="test-event"> <font color="maroon"> <small> &emsp; &emsp;--- 16 Oct 16:22:23 613 - Element is displayed:: [[ChromeDriver: chrome on WINDOWS (d258f8ca3dc155bab01cfa666ae0bd89)] -> id: username]</small> </font> </div>
<div class="test-event"> <font color="maroon"> <small> &emsp; &emsp;--- 16 Oct 16:22:23 809 - Element is displayed:: [[ChromeDriver: chrome on WINDOWS (d258f8ca3dc155bab01cfa666ae0bd89)] -> id: password]</small> </font> </div>
<div class="test-event"> <font color="maroon"> <small> &emsp; &emsp;--- 16 Oct 16:22:23 975 - Element is displayed:: [[ChromeDriver: chrome on WINDOWS (d258f8ca3dc155bab01cfa666ae0bd89)] -> id: btn-login]</small> </font> </div>
<div class="test-event"> <font color="maroon"> <small> &emsp; &emsp;--- 16 Oct 16:22:28 746 - Catched spinner load exception due to Expected condition failed: waiting for ICar.support.WaitUtils$4@636673a3 (tried for 3 second(s) with 500 milliseconds interval)</small> </font> </div>
<div class="test-event"> <font color="maroon"> <small> &emsp; &emsp;--- 16 Oct 16:22:28 746 - <b>4</b> - Spinner Load Wait: (Sync) - ICar.support.WaitUtils.waitForSpinner(WaitUtils.java:225)</small> </font> </div>
<div class="test-event"> <font color="maroon"> <small> &emsp; &emsp;--- 16 Oct 16:22:51 693 - Catched spinner load exception due to Expected condition failed: waiting for ICar.support.WaitUtils$4@636673a3 (tried for 10 second(s) with 500 milliseconds interval)</small> </font> </div>
<div class="test-event"> <font color="maroon"> <small> &emsp; &emsp;--- 16 Oct 16:22:51 693 - <b>10</b> - Spinner Load Wait: (Sync) - ICar.support.WaitUtils.waitForSpinner(WaitUtils.java:225)</small> </font> </div>
<div class="test-event"> <font color="maroon"> <small> &emsp; &emsp;--- 16 Oct 16:22:51 766 - Element is displayed:: [[ChromeDriver: chrome on WINDOWS (d258f8ca3dc155bab01cfa666ae0bd89)] -> xpath: //button[@value='Launch My Learning']]</small> </font> </div>
<div class="test-message">&emsp;3. Enter the user credentials</div>
<div class="test-message">&emsp;Successfully navigated to 'User Home' Page&emsp;<a href=".\ScreenShot\ICar_B2B_TC026_63339178631700.png" target="_blank" >[ScreenShot]</a></div>
<div class="test-event"> <font color="maroon"> <small> &emsp; &emsp;--- 16 Oct 16:22:52 099 - Page URL:: https://www.icarstage.com/</small> </font> </div>
<div class="test-event"> <font color="maroon"> <small> &emsp; &emsp;--- 16 Oct 16:22:52 099 - <b>0</b> - Page Load Wait: (Sync) - ICar.support.Utils.waitForPageLoad(Utils.java:109)</small> </font> </div>
<div class="test-message">&emsp;4. Navigate to My Payment information page</div>
<div class="test-event"> <font color="maroon"> <small> &emsp; &emsp;--- 16 Oct 16:22:52 287 - Page URL:: https://www.icarstage.com/</small> </font> </div>
<div class="test-event"> <font color="maroon"> <small> &emsp; &emsp;--- 16 Oct 16:22:52 287 - <b>0</b> - Page Load Wait: (Sync) - ICar.support.Utils.waitForPageLoad(Utils.java:109)</small> </font> </div>
<div class="test-event"> <font color="maroon"> <small> &emsp; &emsp;--- 16 Oct 16:22:52 341 - Element is displayed:: [[ChromeDriver: chrome on WINDOWS (d258f8ca3dc155bab01cfa666ae0bd89)] -> xpath: //p[text()='Launch My Learning']]</small> </font> </div>
<div class="test-event"> <font color="maroon"> <small> &emsp; &emsp;--- 16 Oct 16:22:52 377 - Element is displayed:: [[ChromeDriver: chrome on WINDOWS (d258f8ca3dc155bab01cfa666ae0bd89)] -> xpath: //lightning-layout[@class='left-margin slds-align_absolute-center slds-grid slds-grid_align-spread slds-wrap']//lightning-layout-item[2]//a]</small> </font> </div>
<div class="test-event"> <font color="maroon"> <small> &emsp; &emsp;--- 16 Oct 16:22:54 466 - Element is displayed:: [[ChromeDriver: chrome on WINDOWS (d258f8ca3dc155bab01cfa666ae0bd89)] -> xpath: //lightning-layout[@class='left-margin slds-align_absolute-center slds-grid slds-grid_align-spread slds-wrap']//lightning-layout-item[2]//a]</small> </font> </div>
<div class="test-event"> <font color="maroon"> <small> &emsp; &emsp;--- 16 Oct 16:22:54 580 - Element is displayed:: [[ChromeDriver: chrome on WINDOWS (d258f8ca3dc155bab01cfa666ae0bd89)] -> xpath: //ul[@aria-label='Show More']//li[2]/a]</small> </font> </div>
<div class="test-event"> <font color="maroon"> <small> &emsp; &emsp;--- 16 Oct 16:22:54 640 - Element is displayed:: [[ChromeDriver: chrome on WINDOWS (d258f8ca3dc155bab01cfa666ae0bd89)] -> xpath: //ul[@aria-label='Show More']//li[2]/a]</small> </font> </div>
<div class="test-event"> <font color="maroon"> <small> &emsp; &emsp;--- 16 Oct 16:23:11 676 - Catched spinner load exception due to Expected condition failed: waiting for ICar.support.WaitUtils$4@636673a3 (tried for 15 second(s) with 500 milliseconds interval)</small> </font> </div>
<div class="test-event"> <font color="maroon"> <small> &emsp; &emsp;--- 16 Oct 16:23:11 676 - <b>15</b> - Spinner Load Wait: (Sync) - ICar.support.WaitUtils.waitForSpinner(WaitUtils.java:225)</small> </font> </div>
<div class="test-event"> <font color="maroon"> <small> &emsp; &emsp;--- 16 Oct 16:23:11 767 - Page URL:: https://www.icarstage.com/my-payment-information</small> </font> </div>
<div class="test-event"> <font color="maroon"> <small> &emsp; &emsp;--- 16 Oct 16:23:11 767 - <b>0</b> - Page Load Wait: (Sync) - ICar.support.Utils.waitForPageLoad(Utils.java:109)</small> </font> </div>
<div class="test-event"> <font color="maroon"> <small> &emsp; &emsp;--- 16 Oct 16:23:11 819 - Element is displayed:: [[ChromeDriver: chrome on WINDOWS (d258f8ca3dc155bab01cfa666ae0bd89)] -> xpath: //a[contains(text(),'Credit Card')]]</small> </font> </div>
<div class="test-event"> <font color="maroon"> <small> &emsp; &emsp;--- 16 Oct 16:23:11 884 - Page URL:: https://www.icarstage.com/my-payment-information</small> </font> </div>
<div class="test-event"> <font color="maroon"> <small> &emsp; &emsp;--- 16 Oct 16:23:11 884 - <b>0</b> - Page Load Wait: (Sync) - ICar.support.Utils.waitForPageLoad(Utils.java:109)</small> </font> </div>
<div class="test-message">&emsp;Successfully navigated to 'My Payment Information' Page&emsp;<a href=".\ScreenShot\ICar_B2B_TC026_63359296313100.png" target="_blank" >[ScreenShot]</a></div>
<div class="test-event"> <font color="maroon"> <small> &emsp; &emsp;--- 16 Oct 16:23:20 747 - Element Proxy element for: AjaxElementLocator 'By.xpath: //slot[@name='message']', is not displayed in page </small> </font> </div>
<div class="test-event"> <font color="maroon"> <small> &emsp; &emsp;--- 16 Oct 16:23:20 795 - Element is displayed:: [[ChromeDriver: chrome on WINDOWS (d258f8ca3dc155bab01cfa666ae0bd89)] -> xpath: //c-b2b_-my-payment-info[contains(@data-component-id,'MyPaymentInfo')]/div[1]/div[2]/div[2]/div[2]/div/div[4]/div/div[2]//a[1]]</small> </font> </div>
<div class="test-event"> <font color="maroon"> <small> &emsp; &emsp;--- 16 Oct 16:23:22 515 - Page URL:: https://www.icarstage.com/my-payment-information</small> </font> </div>
<div class="test-event"> <font color="maroon"> <small> &emsp; &emsp;--- 16 Oct 16:23:22 515 - <b>0</b> - Page Load Wait: (Sync) - ICar.support.Utils.waitForPageLoad(Utils.java:109)</small> </font> </div>
<div class="test-event"> <font color="maroon"> <small> &emsp; &emsp;--- 16 Oct 16:23:23 685 - Element is displayed:: [[ChromeDriver: chrome on WINDOWS (d258f8ca3dc155bab01cfa666ae0bd89)] -> xpath: //button[@title='Yes']]</small> </font> </div>
<div class="test-event"> <font color="maroon"> <small> &emsp; &emsp;--- 16 Oct 16:23:23 820 - Element is displayed:: [[ChromeDriver: chrome on WINDOWS (d258f8ca3dc155bab01cfa666ae0bd89)] -> xpath: //button[@title='Yes']]</small> </font> </div>
<div class="test-message">&emsp;5. Click on the add bank account button</div>
<div class="test-event"> <font color="maroon"> <small> &emsp; &emsp;--- 16 Oct 16:23:27 969 - Page URL:: https://www.icarstage.com/my-payment-information</small> </font> </div>
<div class="test-event"> <font color="maroon"> <small> &emsp; &emsp;--- 16 Oct 16:23:27 969 - <b>0</b> - Page Load Wait: (Sync) - ICar.support.Utils.waitForPageLoad(Utils.java:109)</small> </font> </div>
<div class="test-event"> <font color="maroon"> <small> &emsp; &emsp;--- 16 Oct 16:23:39 330 - Catched spinner load exception due to Expected condition failed: waiting for ICar.support.WaitUtils$4@636673a3 (tried for 7 second(s) with 500 milliseconds interval)</small> </font> </div>
<div class="test-event"> <font color="maroon"> <small> &emsp; &emsp;--- 16 Oct 16:23:39 330 - <b>7</b> - Spinner Load Wait: (Sync) - ICar.support.WaitUtils.waitForSpinner(WaitUtils.java:225)</small> </font> </div>
<div class="test-event"> <font color="maroon"> <small> &emsp; &emsp;--- 16 Oct 16:23:39 388 - Element is displayed:: [[ChromeDriver: chrome on WINDOWS (d258f8ca3dc155bab01cfa666ae0bd89)] -> xpath: //a[contains(text(),'Add Bank Account')]]</small> </font> </div>
<div class="test-event"> <font color="maroon"> <small> &emsp; &emsp;--- 16 Oct 16:23:39 518 - Page URL:: https://www.icarstage.com/my-payment-information</small> </font> </div>
<div class="test-event"> <font color="maroon"> <small> &emsp; &emsp;--- 16 Oct 16:23:39 518 - <b>0</b> - Page Load Wait: (Sync) - ICar.support.Utils.waitForPageLoad(Utils.java:109)</small> </font> </div>
<div class="test-event"> <font color="maroon"> <small> &emsp; &emsp;--- 16 Oct 16:23:39 582 - Page URL:: https://www.icarstage.com/my-payment-information</small> </font> </div>
<div class="test-event"> <font color="maroon"> <small> &emsp; &emsp;--- 16 Oct 16:23:39 582 - <b>0</b> - Page Load Wait: (Sync) - ICar.support.Utils.waitForPageLoad(Utils.java:109)</small> </font> </div>
<div class="test-event"> <font color="maroon"> <small> &emsp; &emsp;--- 16 Oct 16:23:47 038 - Catched spinner load exception due to Expected condition failed: waiting for ICar.support.WaitUtils$4@636673a3 (tried for 7 second(s) with 500 milliseconds interval)</small> </font> </div>
<div class="test-event"> <font color="maroon"> <small> &emsp; &emsp;--- 16 Oct 16:23:47 038 - <b>7</b> - Spinner Load Wait: (Sync) - ICar.support.WaitUtils.waitForSpinner(WaitUtils.java:225)</small> </font> </div>
<div class="test-event"> <font color="maroon"> <small> &emsp; &emsp;--- 16 Oct 16:23:47 118 - Element is displayed:: [[ChromeDriver: chrome on WINDOWS (d258f8ca3dc155bab01cfa666ae0bd89)] -> xpath: (//div[@class='slds-form-element__control slds-grow']/child::input)[1]]</small> </font> </div>
<div class="test-event"> <font color="maroon"> <small> &emsp; &emsp;--- 16 Oct 16:23:47 523 - Page URL:: https://www.icarstage.com/my-payment-information</small> </font> </div>
<div class="test-event"> <font color="maroon"> <small> &emsp; &emsp;--- 16 Oct 16:23:47 523 - <b>0</b> - Page Load Wait: (Sync) - ICar.support.Utils.waitForPageLoad(Utils.java:109)</small> </font> </div>
<div class="test-event"> <font color="maroon"> <small> &emsp; &emsp;--- 16 Oct 16:23:47 606 - Element is displayed:: [[ChromeDriver: chrome on WINDOWS (d258f8ca3dc155bab01cfa666ae0bd89)] -> xpath: (//div[@class='slds-form-element__control slds-grow']/child::input)[2]]</small> </font> </div>
<div class="test-event"> <font color="maroon"> <small> &emsp; &emsp;--- 16 Oct 16:23:47 838 - Element is displayed:: [[ChromeDriver: chrome on WINDOWS (d258f8ca3dc155bab01cfa666ae0bd89)] -> xpath: //button[@title='Add Account']]</small> </font> </div>
<div class="test-event"> <font color="maroon"> <small> &emsp; &emsp;--- 16 Oct 16:23:49 586 - Element is displayed:: [[ChromeDriver: chrome on WINDOWS (d258f8ca3dc155bab01cfa666ae0bd89)] -> xpath: //slot[@name='message']]</small> </font> </div>
<div class="test-message">&emsp;Successfully added bank account :000123456789 and verified added bank details in the table grid </div>
<div class="test-message">&emsp;6. Click verify option of Bank account</div>
<div class="test-event"> <font color="maroon"> <small> &emsp; &emsp;--- 16 Oct 16:23:50 655 - Catched spinner load exception due to Expected condition failed: waiting for ICar.support.WaitUtils$4@636673a3 (tried for 1 second(s) with 500 milliseconds interval)</small> </font> </div>
<div class="test-event"> <font color="maroon"> <small> &emsp; &emsp;--- 16 Oct 16:23:50 655 - <b>1</b> - Spinner Load Wait: (Sync) - ICar.support.WaitUtils.waitForSpinner(WaitUtils.java:225)</small> </font> </div>
<div class="test-event"> <font color="maroon"> <small> &emsp; &emsp;--- 16 Oct 16:24:00 987 - Catched spinner load exception due to Expected condition failed: waiting for ICar.support.WaitUtils$4@636673a3 (tried for 10 second(s) with 500 milliseconds interval)</small> </font> </div>
<div class="test-event"> <font color="maroon"> <small> &emsp; &emsp;--- 16 Oct 16:24:00 987 - <b>10</b> - Spinner Load Wait: (Sync) - ICar.support.WaitUtils.waitForSpinner(WaitUtils.java:225)</small> </font> </div>
<div class="test-event"> <font color="maroon"> <small> &emsp; &emsp;--- 16 Oct 16:24:11 306 - Catched spinner load exception due to Expected condition failed: waiting for ICar.support.WaitUtils$4@636673a3 (tried for 10 second(s) with 500 milliseconds interval)</small> </font> </div>
<div class="test-event"> <font color="maroon"> <small> &emsp; &emsp;--- 16 Oct 16:24:11 306 - <b>10</b> - Spinner Load Wait: (Sync) - ICar.support.WaitUtils.waitForSpinner(WaitUtils.java:225)</small> </font> </div>
<div class="test-event"> <font color="maroon"> <small> &emsp; &emsp;--- 16 Oct 16:24:11 347 - Element is displayed:: [[ChromeDriver: chrome on WINDOWS (d258f8ca3dc155bab01cfa666ae0bd89)] -> xpath: //a[contains(@name,'verify|ba_')]]</small> </font> </div>
<div class="test-event"> <font color="maroon"> <small> &emsp; &emsp;--- 16 Oct 16:24:12 478 - Element is displayed:: [[ChromeDriver: chrome on WINDOWS (d258f8ca3dc155bab01cfa666ae0bd89)] -> xpath: (//input[@placeholder='Amount in cents'])[1]]</small> </font> </div>
<div class="test-event"> <font color="maroon"> <small> &emsp; &emsp;--- 16 Oct 16:24:12 662 - Element is displayed:: [[ChromeDriver: chrome on WINDOWS (d258f8ca3dc155bab01cfa666ae0bd89)] -> xpath: (//input[@placeholder='Amount in cents'])[2]]</small> </font> </div>
<div class="test-event"> <font color="maroon"> <small> &emsp; &emsp;--- 16 Oct 16:24:13 874 - Element is displayed:: [[ChromeDriver: chrome on WINDOWS (d258f8ca3dc155bab01cfa666ae0bd89)] -> xpath: //button[@title='Verify Account']]</small> </font> </div>
<div class="test-event"> <font color="maroon"> <small> &emsp; &emsp;--- 16 Oct 16:24:15 990 - Catched spinner load exception due to Expected condition failed: waiting for ICar.support.WaitUtils$4@636673a3 (tried for 2 second(s) with 500 milliseconds interval)</small> </font> </div>
<div class="test-event"> <font color="maroon"> <small> &emsp; &emsp;--- 16 Oct 16:24:15 990 - <b>2</b> - Spinner Load Wait: (Sync) - ICar.support.WaitUtils.waitForSpinner(WaitUtils.java:225)</small> </font> </div>
<div class="test-event"> <font color="maroon"> <small> &emsp; &emsp;--- 16 Oct 16:24:16 049 - Element is displayed:: [[ChromeDriver: chrome on WINDOWS (d258f8ca3dc155bab01cfa666ae0bd89)] -> xpath: //button[@title='Verify Account']]</small> </font> </div>
<div class="test-event"> <font color="maroon"> <small> &emsp; &emsp;--- 16 Oct 16:24:17 715 - Element is displayed:: [[ChromeDriver: chrome on WINDOWS (d258f8ca3dc155bab01cfa666ae0bd89)] -> xpath: //slot[@name='message']]</small> </font> </div>
<div class="test-message">&emsp;Sucessfully verfied the bank account&emsp;<a href=".\ScreenShot\ICar_B2B_TC026_63425143358200.png" target="_blank" >[ScreenShot]</a></div>
<div class="test-event"> <font color="maroon"> <small> &emsp; &emsp;--- 16 Oct 16:24:19 916 - Element [[ChromeDriver: chrome on WINDOWS (d258f8ca3dc155bab01cfa666ae0bd89)] -> xpath: //slot[@name='message']], is still visible in page</small> </font> </div>
<div class="test-event"> <font color="maroon"> <small> &emsp; &emsp;--- 16 Oct 16:24:20 453 - Element [[ChromeDriver: chrome on WINDOWS (d258f8ca3dc155bab01cfa666ae0bd89)] -> xpath: //slot[@name='message']], is still visible in page</small> </font> </div>
<div class="test-event"> <font color="maroon"> <small> &emsp; &emsp;--- 16 Oct 16:24:20 982 - Element [[ChromeDriver: chrome on WINDOWS (d258f8ca3dc155bab01cfa666ae0bd89)] -> xpath: //slot[@name='message']], is still visible in page</small> </font> </div>
<div class="test-event"> <font color="maroon"> <small> &emsp; &emsp;--- 16 Oct 16:24:21 510 - Element [[ChromeDriver: chrome on WINDOWS (d258f8ca3dc155bab01cfa666ae0bd89)] -> xpath: //slot[@name='message']], is still visible in page</small> </font> </div>
<div class="test-event"> <font color="maroon"> <small> &emsp; &emsp;--- 16 Oct 16:24:28 456 - Element Proxy element for: AjaxElementLocator 'By.xpath: //slot[@name='message']', is not displayed in page </small> </font> </div>
<div class="test-event"> <font color="maroon"> <small> &emsp; &emsp;--- 16 Oct 16:24:28 492 - Element is displayed:: [[ChromeDriver: chrome on WINDOWS (d258f8ca3dc155bab01cfa666ae0bd89)] -> xpath: //c-b2b_-my-payment-info[contains(@data-component-id,'MyPaymentInfo')]/div[1]/div[2]/div[2]/div[2]/div/div[4]/div/div[2]//a[1]]</small> </font> </div>
<div class="test-event"> <font color="maroon"> <small> &emsp; &emsp;--- 16 Oct 16:24:29 612 - Page URL:: https://www.icarstage.com/my-payment-information</small> </font> </div>
<div class="test-event"> <font color="maroon"> <small> &emsp; &emsp;--- 16 Oct 16:24:29 612 - <b>0</b> - Page Load Wait: (Sync) - ICar.support.Utils.waitForPageLoad(Utils.java:109)</small> </font> </div>
<div class="test-event"> <font color="maroon"> <small> &emsp; &emsp;--- 16 Oct 16:24:30 657 - Element is displayed:: [[ChromeDriver: chrome on WINDOWS (d258f8ca3dc155bab01cfa666ae0bd89)] -> xpath: //button[@title='Yes']]</small> </font> </div>
<div class="test-event"> <font color="maroon"> <small> &emsp; &emsp;--- 16 Oct 16:24:30 717 - Element is displayed:: [[ChromeDriver: chrome on WINDOWS (d258f8ca3dc155bab01cfa666ae0bd89)] -> xpath: //button[@title='Yes']]</small> </font> </div>
<div class="test-result"><br><font color="green"><strong> Test Passed. </strong></font> </div>&emsp;
&emsp;<div class="test-title"> <strong><font size = "3" color = "#0000FF">---Test Execution Ends---</font> </strong> </div>&emsp;]]>
    </system-out>
  </testcase> <!-- ICar_B2B_TC026 -->
  <testcase classname="B2Btestscripts.B2B_Student" name="ICar_B2B_TC010" time="110.469">
    <system-out>
      <![CDATA[<div class="test-event"> <font color="maroon"> <small> &emsp; &emsp;--- 16 Oct 15:43:06 538 - TestCaseID:: ICar_B2B_TC010</small> </font> </div>
<div class="test-event"> <font color="maroon"> <small> &emsp; &emsp;--- 16 Oct 15:43:08 014 - <b>1</b> - Driver::initialize::Get - ICar.support.WebDriverFactory.getDriver(WebDriverFactory.java:640)</small> </font> </div>
&emsp;<div class="test-title"> <strong><font size = "3" color = "#000080">Verify searching my purchases using Search By option shows searched results</font> </strong> </div>&emsp;<div><strong>Steps:</strong></div><!-- Report -->&emsp;
<div class="test-event"> <font color="maroon"> <small> &emsp; &emsp;--- 16 Oct 15:43:12 891 - Element is displayed:: [[ChromeDriver: chrome on WINDOWS (080fffdc3642edc8e7ad021e84a8b2a0)] -> xpath: //a/img[@alt='Login Image']|//button[@id='btn-login']]</small> </font> </div>
<div class="test-event"> <font color="maroon"> <small> &emsp; &emsp;--- 16 Oct 15:43:12 949 - Element is displayed:: [[ChromeDriver: chrome on WINDOWS (080fffdc3642edc8e7ad021e84a8b2a0)] -> xpath: //a/img[@alt='Login Image']|//button[@id='btn-login']]</small> </font> </div>
<div class="test-message">&emsp;Successfully navigated to 'Home' Page&emsp;<a href=".\ScreenShot\ICar_B2B_TC010_60960361967600.png" target="_blank" >[ScreenShot]</a></div>
<div class="test-message">&emsp;1. Home page is launched.</div>
<div class="test-event"> <font color="maroon"> <small> &emsp; &emsp;--- 16 Oct 15:43:13 629 - Page URL:: https://www.icarstage.com/</small> </font> </div>
<div class="test-event"> <font color="maroon"> <small> &emsp; &emsp;--- 16 Oct 15:43:13 629 - <b>0</b> - Page Load Wait: (Sync) - ICar.support.Utils.waitForPageLoad(Utils.java:109)</small> </font> </div>
<div class="test-event"> <font color="maroon"> <small> &emsp; &emsp;--- 16 Oct 15:43:13 668 - Element is displayed:: [[ChromeDriver: chrome on WINDOWS (080fffdc3642edc8e7ad021e84a8b2a0)] -> xpath: //a/img[@alt='Login Image']|//button[@id='btn-login']]</small> </font> </div>
<div class="test-event"> <font color="maroon"> <small> &emsp; &emsp;--- 16 Oct 15:43:13 720 - Element is displayed:: [[ChromeDriver: chrome on WINDOWS (080fffdc3642edc8e7ad021e84a8b2a0)] -> xpath: //a/img[@alt='Login Image']|//button[@id='btn-login']]</small> </font> </div>
<div class="test-event"> <font color="maroon"> <small> &emsp; &emsp;--- 16 Oct 15:43:31 538 - Catched spinner load exception due to Expected condition failed: waiting for ICar.support.WaitUtils$4@636673a3 (tried for 15 second(s) with 500 milliseconds interval)</small> </font> </div>
<div class="test-event"> <font color="maroon"> <small> &emsp; &emsp;--- 16 Oct 15:43:31 538 - <b>15</b> - Spinner Load Wait: (Sync) - ICar.support.WaitUtils.waitForSpinner(WaitUtils.java:225)</small> </font> </div>
<div class="test-message">&emsp;2. Navigate to 'Login Page'</div>
<div class="test-message">&emsp;Successfully navigated to 'Login' Page&emsp;<a href=".\ScreenShot\ICar_B2B_TC010_60978953548700.png" target="_blank" >[ScreenShot]</a></div>
<div class="test-event"> <font color="maroon"> <small> &emsp; &emsp;--- 16 Oct 15:43:31 744 - Element is displayed:: [[ChromeDriver: chrome on WINDOWS (080fffdc3642edc8e7ad021e84a8b2a0)] -> id: username]</small> </font> </div>
<div class="test-event"> <font color="maroon"> <small> &emsp; &emsp;--- 16 Oct 15:43:31 805 - Element is displayed:: [[ChromeDriver: chrome on WINDOWS (080fffdc3642edc8e7ad021e84a8b2a0)] -> id: username]</small> </font> </div>
<div class="test-event"> <font color="maroon"> <small> &emsp; &emsp;--- 16 Oct 15:43:32 034 - Element is displayed:: [[ChromeDriver: chrome on WINDOWS (080fffdc3642edc8e7ad021e84a8b2a0)] -> id: password]</small> </font> </div>
<div class="test-event"> <font color="maroon"> <small> &emsp; &emsp;--- 16 Oct 15:43:32 217 - Element is displayed:: [[ChromeDriver: chrome on WINDOWS (080fffdc3642edc8e7ad021e84a8b2a0)] -> id: btn-login]</small> </font> </div>
<div class="test-event"> <font color="maroon"> <small> &emsp; &emsp;--- 16 Oct 15:43:38 013 - Catched spinner load exception due to Expected condition failed: waiting for ICar.support.WaitUtils$4@636673a3 (tried for 3 second(s) with 500 milliseconds interval)</small> </font> </div>
<div class="test-event"> <font color="maroon"> <small> &emsp; &emsp;--- 16 Oct 15:43:38 013 - <b>5</b> - Spinner Load Wait: (Sync) - ICar.support.WaitUtils.waitForSpinner(WaitUtils.java:225)</small> </font> </div>
<div class="test-event"> <font color="maroon"> <small> &emsp; &emsp;--- 16 Oct 15:44:00 754 - Catched spinner load exception due to Expected condition failed: waiting for ICar.support.WaitUtils$4@636673a3 (tried for 10 second(s) with 500 milliseconds interval)</small> </font> </div>
<div class="test-event"> <font color="maroon"> <small> &emsp; &emsp;--- 16 Oct 15:44:00 754 - <b>10</b> - Spinner Load Wait: (Sync) - ICar.support.WaitUtils.waitForSpinner(WaitUtils.java:225)</small> </font> </div>
<div class="test-event"> <font color="maroon"> <small> &emsp; &emsp;--- 16 Oct 15:44:00 828 - Element is displayed:: [[ChromeDriver: chrome on WINDOWS (080fffdc3642edc8e7ad021e84a8b2a0)] -> xpath: //button[@value='Launch My Learning']]</small> </font> </div>
<div class="test-message">&emsp;3. Enter the user credentials UserName:-Angielex</div>
<div class="test-message">&emsp;Successfully navigated to 'User Home' Page&emsp;<a href=".\ScreenShot\ICar_B2B_TC010_61008241411300.png" target="_blank" >[ScreenShot]</a></div>
<div class="test-message">&emsp;4. Select 'My Purchases' from drop down</div>
<div class="test-event"> <font color="maroon"> <small> &emsp; &emsp;--- 16 Oct 15:44:01 177 - Page URL:: https://www.icarstage.com/</small> </font> </div>
<div class="test-event"> <font color="maroon"> <small> &emsp; &emsp;--- 16 Oct 15:44:01 177 - <b>0</b> - Page Load Wait: (Sync) - ICar.support.Utils.waitForPageLoad(Utils.java:109)</small> </font> </div>
<div class="test-event"> <font color="maroon"> <small> &emsp; &emsp;--- 16 Oct 15:44:01 238 - Element is displayed:: [[ChromeDriver: chrome on WINDOWS (080fffdc3642edc8e7ad021e84a8b2a0)] -> xpath: //p[text()='Launch My Learning']]</small> </font> </div>
<div class="test-event"> <font color="maroon"> <small> &emsp; &emsp;--- 16 Oct 15:44:01 278 - Element is displayed:: [[ChromeDriver: chrome on WINDOWS (080fffdc3642edc8e7ad021e84a8b2a0)] -> xpath: //lightning-layout[@class='left-margin slds-align_absolute-center slds-grid slds-grid_align-spread slds-wrap']//lightning-layout-item[2]//a]</small> </font> </div>
<div class="test-event"> <font color="maroon"> <small> &emsp; &emsp;--- 16 Oct 15:44:03 392 - Element is displayed:: [[ChromeDriver: chrome on WINDOWS (080fffdc3642edc8e7ad021e84a8b2a0)] -> xpath: //lightning-layout[@class='left-margin slds-align_absolute-center slds-grid slds-grid_align-spread slds-wrap']//lightning-layout-item[2]//a]</small> </font> </div>
<div class="test-event"> <font color="maroon"> <small> &emsp; &emsp;--- 16 Oct 15:44:03 518 - Element is displayed:: [[ChromeDriver: chrome on WINDOWS (080fffdc3642edc8e7ad021e84a8b2a0)] -> xpath: //ul[@aria-label='Show More']//li[3]/a]</small> </font> </div>
<div class="test-event"> <font color="maroon"> <small> &emsp; &emsp;--- 16 Oct 15:44:03 573 - Element is displayed:: [[ChromeDriver: chrome on WINDOWS (080fffdc3642edc8e7ad021e84a8b2a0)] -> xpath: //ul[@aria-label='Show More']//li[3]/a]</small> </font> </div>
<div class="test-event"> <font color="maroon"> <small> &emsp; &emsp;--- 16 Oct 15:44:20 841 - Catched spinner load exception due to Expected condition failed: waiting for ICar.support.WaitUtils$4@636673a3 (tried for 15 second(s) with 500 milliseconds interval)</small> </font> </div>
<div class="test-event"> <font color="maroon"> <small> &emsp; &emsp;--- 16 Oct 15:44:20 841 - <b>15</b> - Spinner Load Wait: (Sync) - ICar.support.WaitUtils.waitForSpinner(WaitUtils.java:225)</small> </font> </div>
<div class="test-event"> <font color="maroon"> <small> &emsp; &emsp;--- 16 Oct 15:44:20 946 - Page URL:: https://www.icarstage.com/my-purchases</small> </font> </div>
<div class="test-event"> <font color="maroon"> <small> &emsp; &emsp;--- 16 Oct 15:44:20 946 - <b>0</b> - Page Load Wait: (Sync) - ICar.support.Utils.waitForPageLoad(Utils.java:109)</small> </font> </div>
<div class="test-event"> <font color="maroon"> <small> &emsp; &emsp;--- 16 Oct 15:44:21 018 - Element is displayed:: [[ChromeDriver: chrome on WINDOWS (080fffdc3642edc8e7ad021e84a8b2a0)] -> xpath: //button[text()='Search']]</small> </font> </div>
<div class="test-message">&emsp;Successfully navigated to 'My Purchases' Page&emsp;<a href=".\ScreenShot\ICar_B2B_TC010_61028430290900.png" target="_blank" >[ScreenShot]</a></div>
<div class="test-event"> <font color="maroon"> <small> &emsp; &emsp;--- 16 Oct 15:44:21 542 - Page URL:: https://www.icarstage.com/my-purchases</small> </font> </div>
<div class="test-event"> <font color="maroon"> <small> &emsp; &emsp;--- 16 Oct 15:44:21 542 - <b>0</b> - Page Load Wait: (Sync) - ICar.support.Utils.waitForPageLoad(Utils.java:109)</small> </font> </div>
<div class="test-event"> <font color="maroon"> <small> &emsp; &emsp;--- 16 Oct 15:44:43 137 - Catched spinner load exception due to Expected condition failed: waiting for ICar.support.WaitUtils$4@636673a3 (tried for 1 second(s) with 500 milliseconds interval)</small> </font> </div>
<div class="test-event"> <font color="maroon"> <small> &emsp; &emsp;--- 16 Oct 15:44:43 137 - <b>1</b> - Spinner Load Wait: (Sync) - ICar.support.WaitUtils.waitForSpinner(WaitUtils.java:225)</small> </font> </div>
<div class="test-event"> <font color="maroon"> <small> &emsp; &emsp;--- 16 Oct 15:44:43 199 - Element is displayed:: [[ChromeDriver: chrome on WINDOWS (080fffdc3642edc8e7ad021e84a8b2a0)] -> xpath: //button[text()='Search']]</small> </font> </div>
<div class="test-event"> <font color="maroon"> <small> &emsp; &emsp;--- 16 Oct 15:44:51 545 - Catched spinner load exception due to Expected condition failed: waiting for ICar.support.WaitUtils$4@636673a3 (tried for 8 second(s) with 500 milliseconds interval)</small> </font> </div>
<div class="test-event"> <font color="maroon"> <small> &emsp; &emsp;--- 16 Oct 15:44:51 545 - <b>8</b> - Spinner Load Wait: (Sync) - ICar.support.WaitUtils.waitForSpinner(WaitUtils.java:225)</small> </font> </div>
<div class="test-message">&emsp;5. Select value as last year in 'Search By' drop down</div>
<div class="test-message">&emsp;Successfully verified the displayed purchase date is matching with the provided period, From Date: 09-25-2019End Date: 09-25-2020&emsp;<a href=".\ScreenShot\ICar_B2B_TC010_61065370708900.png" target="_blank" >[ScreenShot]</a></div>
<div class="test-result"><br><font color="green"><strong> Test Passed. </strong></font> </div>&emsp;
&emsp;<div class="test-title"> <strong><font size = "3" color = "#0000FF">---Test Execution Ends---</font> </strong> </div>&emsp;]]>
    </system-out>
  </testcase> <!-- ICar_B2B_TC010 -->
  <testcase classname="B2Btestscripts.B2B_Student" name="ICar_B2B_TC007" time="79.688">
    <error message="Index 0 out of bounds for length 0" type="java.lang.IndexOutOfBoundsException">
      <![CDATA[java.lang.IndexOutOfBoundsException: Index 0 out of bounds for length 0
at java.base/jdk.internal.util.Preconditions.outOfBounds(Preconditions.java:64)
at java.base/jdk.internal.util.Preconditions.outOfBoundsCheckIndex(Preconditions.java:70)
at java.base/jdk.internal.util.Preconditions.checkIndex(Preconditions.java:266)
at java.base/java.util.Objects.checkIndex(Objects.java:359)
at java.base/java.util.ArrayList.get(ArrayList.java:427)
at java.base/jdk.internal.reflect.NativeMethodAccessorImpl.invoke0(Native Method)
at java.base/jdk.internal.reflect.NativeMethodAccessorImpl.invoke(NativeMethodAccessorImpl.java:78)
at java.base/jdk.internal.reflect.DelegatingMethodAccessorImpl.invoke(DelegatingMethodAccessorImpl.java:43)
at java.base/java.lang.reflect.Method.invoke(Method.java:567)
at org.openqa.selenium.support.pagefactory.internal.LocatingElementListHandler.invoke(LocatingElementListHandler.java:39)
at jdk.proxy2/jdk.proxy2.$Proxy26.get(Unknown Source)
at ICar.Pages.MyProfilePage.isLoaded(MyProfilePage.java:140)
at org.openqa.selenium.support.ui.LoadableComponent.get(LoadableComponent.java:52)
at ICar.Pages.HeaderPage.navigatedToProfilePage(HeaderPage.java:180)
at B2Btestscripts.B2B_Student.ICar_B2B_TC007(B2B_Student.java:2482)
at java.base/jdk.internal.reflect.NativeMethodAccessorImpl.invoke0(Native Method)
at java.base/jdk.internal.reflect.NativeMethodAccessorImpl.invoke(NativeMethodAccessorImpl.java:78)
at java.base/jdk.internal.reflect.DelegatingMethodAccessorImpl.invoke(DelegatingMethodAccessorImpl.java:43)
at java.base/java.lang.reflect.Method.invoke(Method.java:567)
at org.testng.internal.invokers.MethodInvocationHelper.invokeMethod(MethodInvocationHelper.java:139)
at org.testng.internal.invokers.TestInvoker.invokeMethod(TestInvoker.java:664)
at org.testng.internal.invokers.TestInvoker.invokeTestMethod(TestInvoker.java:227)
at org.testng.internal.invokers.TestMethodWithDataProviderMethodWorker.call(TestMethodWithDataProviderMethodWorker.java:80)
at org.testng.internal.invokers.TestMethodWithDataProviderMethodWorker.call(TestMethodWithDataProviderMethodWorker.java:17)
at java.base/java.util.concurrent.FutureTask.run(FutureTask.java:264)
at java.base/java.util.concurrent.Executors$RunnableAdapter.call(Executors.java:515)
at java.base/java.util.concurrent.FutureTask.run(FutureTask.java:264)
at java.base/java.util.concurrent.ThreadPoolExecutor.runWorker(ThreadPoolExecutor.java:1130)
at java.base/java.util.concurrent.ThreadPoolExecutor$Worker.run(ThreadPoolExecutor.java:630)
at java.base/java.lang.Thread.run(Thread.java:831)
]]>
    </error>
    <system-out>
      <![CDATA[<div class="test-event"> <font color="maroon"> <small> &emsp; &emsp;--- 16 Oct 15:37:33 565 - TestCaseID:: ICar_B2B_TC007</small> </font> </div>
<div class="test-event"> <font color="maroon"> <small> &emsp; &emsp;--- 16 Oct 15:37:34 941 - <b>1</b> - Driver::initialize::Get - ICar.support.WebDriverFactory.getDriver(WebDriverFactory.java:640)</small> </font> </div>
&emsp;<div class="test-title"> <strong><font size = "3" color = "#000080">Verify the login application and select language as Spanish</font> </strong> </div>&emsp;<div><strong>Steps:</strong></div><!-- Report -->&emsp;
<div class="test-event"> <font color="maroon"> <small> &emsp; &emsp;--- 16 Oct 15:37:40 971 - Element is displayed:: [[ChromeDriver: chrome on WINDOWS (2b3eb90c01947c26804726b07149d709)] -> xpath: //a/img[@alt='Login Image']|//button[@id='btn-login']]</small> </font> </div>
<div class="test-event"> <font color="maroon"> <small> &emsp; &emsp;--- 16 Oct 15:37:41 102 - Element is displayed:: [[ChromeDriver: chrome on WINDOWS (2b3eb90c01947c26804726b07149d709)] -> xpath: //a/img[@alt='Login Image']|//button[@id='btn-login']]</small> </font> </div>
<div class="test-message">&emsp;Successfully navigated to 'Home' Page&emsp;<a href=".\ScreenShot\ICar_B2B_TC007_60628514301100.png" target="_blank" >[ScreenShot]</a></div>
<div class="test-message">&emsp;1. Home page is launched.</div>
<div class="test-event"> <font color="maroon"> <small> &emsp; &emsp;--- 16 Oct 15:37:41 500 - Page URL:: https://www.icarstage.com/</small> </font> </div>
<div class="test-event"> <font color="maroon"> <small> &emsp; &emsp;--- 16 Oct 15:37:41 500 - <b>0</b> - Page Load Wait: (Sync) - ICar.support.Utils.waitForPageLoad(Utils.java:109)</small> </font> </div>
<div class="test-event"> <font color="maroon"> <small> &emsp; &emsp;--- 16 Oct 15:37:41 544 - Element is displayed:: [[ChromeDriver: chrome on WINDOWS (2b3eb90c01947c26804726b07149d709)] -> xpath: //a/img[@alt='Login Image']|//button[@id='btn-login']]</small> </font> </div>
<div class="test-event"> <font color="maroon"> <small> &emsp; &emsp;--- 16 Oct 15:37:41 617 - Element is displayed:: [[ChromeDriver: chrome on WINDOWS (2b3eb90c01947c26804726b07149d709)] -> xpath: //a/img[@alt='Login Image']|//button[@id='btn-login']]</small> </font> </div>
<div class="test-event"> <font color="maroon"> <small> &emsp; &emsp;--- 16 Oct 15:37:59 384 - Catched spinner load exception due to Expected condition failed: waiting for ICar.support.WaitUtils$4@636673a3 (tried for 15 second(s) with 500 milliseconds interval)</small> </font> </div>
<div class="test-event"> <font color="maroon"> <small> &emsp; &emsp;--- 16 Oct 15:37:59 384 - <b>15</b> - Spinner Load Wait: (Sync) - ICar.support.WaitUtils.waitForSpinner(WaitUtils.java:225)</small> </font> </div>
<div class="test-message">&emsp;2. Navigate to 'Login Page'</div>
<div class="test-message">&emsp;Successfully navigated to 'Login' Page&emsp;<a href=".\ScreenShot\ICar_B2B_TC007_60646800481200.png" target="_blank" >[ScreenShot]</a></div>
<div class="test-event"> <font color="maroon"> <small> &emsp; &emsp;--- 16 Oct 15:37:59 618 - Element is displayed:: [[ChromeDriver: chrome on WINDOWS (2b3eb90c01947c26804726b07149d709)] -> id: username]</small> </font> </div>
<div class="test-event"> <font color="maroon"> <small> &emsp; &emsp;--- 16 Oct 15:37:59 680 - Element is displayed:: [[ChromeDriver: chrome on WINDOWS (2b3eb90c01947c26804726b07149d709)] -> id: username]</small> </font> </div>
<div class="test-event"> <font color="maroon"> <small> &emsp; &emsp;--- 16 Oct 15:37:59 889 - Element is displayed:: [[ChromeDriver: chrome on WINDOWS (2b3eb90c01947c26804726b07149d709)] -> id: password]</small> </font> </div>
<div class="test-event"> <font color="maroon"> <small> &emsp; &emsp;--- 16 Oct 15:38:00 108 - Element is displayed:: [[ChromeDriver: chrome on WINDOWS (2b3eb90c01947c26804726b07149d709)] -> id: btn-login]</small> </font> </div>
<div class="test-event"> <font color="maroon"> <small> &emsp; &emsp;--- 16 Oct 15:38:04 981 - Catched spinner load exception due to Expected condition failed: waiting for ICar.support.WaitUtils$4@636673a3 (tried for 3 second(s) with 500 milliseconds interval)</small> </font> </div>
<div class="test-event"> <font color="maroon"> <small> &emsp; &emsp;--- 16 Oct 15:38:04 981 - <b>4</b> - Spinner Load Wait: (Sync) - ICar.support.WaitUtils.waitForSpinner(WaitUtils.java:225)</small> </font> </div>
<div class="test-event"> <font color="maroon"> <small> &emsp; &emsp;--- 16 Oct 15:38:27 562 - Catched spinner load exception due to Expected condition failed: waiting for ICar.support.WaitUtils$4@636673a3 (tried for 10 second(s) with 500 milliseconds interval)</small> </font> </div>
<div class="test-event"> <font color="maroon"> <small> &emsp; &emsp;--- 16 Oct 15:38:27 563 - <b>10</b> - Spinner Load Wait: (Sync) - ICar.support.WaitUtils.waitForSpinner(WaitUtils.java:225)</small> </font> </div>
<div class="test-event"> <font color="maroon"> <small> &emsp; &emsp;--- 16 Oct 15:38:27 642 - Element is displayed:: [[ChromeDriver: chrome on WINDOWS (2b3eb90c01947c26804726b07149d709)] -> xpath: //button[@value='Launch My Learning']]</small> </font> </div>
<div class="test-message">&emsp;3. Enter the user credentials</div>
<div class="test-message">&emsp;Successfully navigated to 'User Home' Page&emsp;<a href=".\ScreenShot\ICar_B2B_TC007_60675055175700.png" target="_blank" >[ScreenShot]</a></div>
<div class="test-message">&emsp;4. Navigate to My profile Page</div>
<div class="test-event"> <font color="maroon"> <small> &emsp; &emsp;--- 16 Oct 15:38:27 995 - Page URL:: https://www.icarstage.com/</small> </font> </div>
<div class="test-event"> <font color="maroon"> <small> &emsp; &emsp;--- 16 Oct 15:38:27 995 - <b>0</b> - Page Load Wait: (Sync) - ICar.support.Utils.waitForPageLoad(Utils.java:109)</small> </font> </div>
<div class="test-event"> <font color="maroon"> <small> &emsp; &emsp;--- 16 Oct 15:38:28 055 - Element is displayed:: [[ChromeDriver: chrome on WINDOWS (2b3eb90c01947c26804726b07149d709)] -> xpath: //p[text()='Launch My Learning']]</small> </font> </div>
<div class="test-event"> <font color="maroon"> <small> &emsp; &emsp;--- 16 Oct 15:38:28 096 - Element is displayed:: [[ChromeDriver: chrome on WINDOWS (2b3eb90c01947c26804726b07149d709)] -> xpath: //lightning-layout[@class='left-margin slds-align_absolute-center slds-grid slds-grid_align-spread slds-wrap']//lightning-layout-item[2]//a]</small> </font> </div>
<div class="test-event"> <font color="maroon"> <small> &emsp; &emsp;--- 16 Oct 15:38:30 176 - Element is displayed:: [[ChromeDriver: chrome on WINDOWS (2b3eb90c01947c26804726b07149d709)] -> xpath: //lightning-layout[@class='left-margin slds-align_absolute-center slds-grid slds-grid_align-spread slds-wrap']//lightning-layout-item[2]//a]</small> </font> </div>
<div class="test-event"> <font color="maroon"> <small> &emsp; &emsp;--- 16 Oct 15:38:30 287 - Element is displayed:: [[ChromeDriver: chrome on WINDOWS (2b3eb90c01947c26804726b07149d709)] -> xpath: (//a[@class='NOVAMenu'])[1]]</small> </font> </div>
<div class="test-event"> <font color="maroon"> <small> &emsp; &emsp;--- 16 Oct 15:38:30 340 - Element is displayed:: [[ChromeDriver: chrome on WINDOWS (2b3eb90c01947c26804726b07149d709)] -> xpath: (//a[@class='NOVAMenu'])[1]]</small> </font> </div>
<div class="test-event"> <font color="maroon"> <small> &emsp; &emsp;--- 16 Oct 15:38:47 386 - Catched spinner load exception due to Expected condition failed: waiting for ICar.support.WaitUtils$4@636673a3 (tried for 15 second(s) with 500 milliseconds interval)</small> </font> </div>
<div class="test-event"> <font color="maroon"> <small> &emsp; &emsp;--- 16 Oct 15:38:47 386 - <b>15</b> - Spinner Load Wait: (Sync) - ICar.support.WaitUtils.waitForSpinner(WaitUtils.java:225)</small> </font> </div>
<div class="test-event"> <font color="maroon"> <small> &emsp; &emsp;--- 16 Oct 15:38:47 485 - Page URL:: https://www.icarstage.com/myprofile</small> </font> </div>
<div class="test-event"> <font color="maroon"> <small> &emsp; &emsp;--- 16 Oct 15:38:47 485 - <b>0</b> - Page Load Wait: (Sync) - ICar.support.Utils.waitForPageLoad(Utils.java:109)</small> </font> </div>
<!--FAIL-->
<div class="test-result"><br><font color="red"><strong> Index 0 out of bounds for length 0 </strong></font> <a href=".\ScreenShot\ICar_B2B_TC007_60701399342900.png" target="_blank" >[ScreenShot]</a></div>&emsp;
&emsp;<div class="test-title"> <strong><font size = "3" color = "#0000FF">---Test Execution Ends---</font> </strong> </div>&emsp;]]>
    </system-out>
  </testcase> <!-- ICar_B2B_TC007 -->
  <testcase classname="B2Btestscripts.B2B_Student" name="ICar_B2B_TC022" time="143.002">
    <system-out>
      <![CDATA[<div class="test-event"> <font color="maroon"> <small> &emsp; &emsp;--- 16 Oct 16:15:01 246 - TestCaseID:: ICar_B2B_TC022</small> </font> </div>
<div class="test-event"> <font color="maroon"> <small> &emsp; &emsp;--- 16 Oct 16:15:02 347 - <b>1</b> - Driver::initialize::Get - ICar.support.WebDriverFactory.getDriver(WebDriverFactory.java:640)</small> </font> </div>
&emsp;<div class="test-title"> <strong><font size = "3" color = "#000080">Verify Ability to add courses from Knowledge and skills area to the cart</font> </strong> </div>&emsp;<div><strong>Steps:</strong></div><!-- Report -->&emsp;
<div class="test-event"> <font color="maroon"> <small> &emsp; &emsp;--- 16 Oct 16:15:08 324 - Element is displayed:: [[ChromeDriver: chrome on WINDOWS (9d7e2bad783aa7d92edb7ce7d677c82f)] -> xpath: //a/img[@alt='Login Image']|//button[@id='btn-login']]</small> </font> </div>
<div class="test-event"> <font color="maroon"> <small> &emsp; &emsp;--- 16 Oct 16:15:08 384 - Element is displayed:: [[ChromeDriver: chrome on WINDOWS (9d7e2bad783aa7d92edb7ce7d677c82f)] -> xpath: //a/img[@alt='Login Image']|//button[@id='btn-login']]</small> </font> </div>
<div class="test-message">&emsp;Successfully navigated to 'Home' Page&emsp;<a href=".\ScreenShot\ICar_B2B_TC022_62875796068100.png" target="_blank" >[ScreenShot]</a></div>
<div class="test-message">&emsp;1. Home page is launched.</div>
<div class="test-event"> <font color="maroon"> <small> &emsp; &emsp;--- 16 Oct 16:15:08 777 - Page URL:: https://www.icarstage.com/</small> </font> </div>
<div class="test-event"> <font color="maroon"> <small> &emsp; &emsp;--- 16 Oct 16:15:08 777 - <b>0</b> - Page Load Wait: (Sync) - ICar.support.Utils.waitForPageLoad(Utils.java:109)</small> </font> </div>
<div class="test-event"> <font color="maroon"> <small> &emsp; &emsp;--- 16 Oct 16:15:08 843 - Element is displayed:: [[ChromeDriver: chrome on WINDOWS (9d7e2bad783aa7d92edb7ce7d677c82f)] -> xpath: //a/img[@alt='Login Image']|//button[@id='btn-login']]</small> </font> </div>
<div class="test-event"> <font color="maroon"> <small> &emsp; &emsp;--- 16 Oct 16:15:08 896 - Element is displayed:: [[ChromeDriver: chrome on WINDOWS (9d7e2bad783aa7d92edb7ce7d677c82f)] -> xpath: //a/img[@alt='Login Image']|//button[@id='btn-login']]</small> </font> </div>
<div class="test-event"> <font color="maroon"> <small> &emsp; &emsp;--- 16 Oct 16:15:26 727 - Catched spinner load exception due to Expected condition failed: waiting for ICar.support.WaitUtils$4@636673a3 (tried for 15 second(s) with 500 milliseconds interval)</small> </font> </div>
<div class="test-event"> <font color="maroon"> <small> &emsp; &emsp;--- 16 Oct 16:15:26 727 - <b>15</b> - Spinner Load Wait: (Sync) - ICar.support.WaitUtils.waitForSpinner(WaitUtils.java:225)</small> </font> </div>
<div class="test-message">&emsp;2. Navigate to 'Login Page'</div>
<div class="test-message">&emsp;Successfully navigated to 'Login' Page&emsp;<a href=".\ScreenShot\ICar_B2B_TC022_62894143692200.png" target="_blank" >[ScreenShot]</a></div>
<div class="test-event"> <font color="maroon"> <small> &emsp; &emsp;--- 16 Oct 16:15:26 973 - Element is displayed:: [[ChromeDriver: chrome on WINDOWS (9d7e2bad783aa7d92edb7ce7d677c82f)] -> id: username]</small> </font> </div>
<div class="test-event"> <font color="maroon"> <small> &emsp; &emsp;--- 16 Oct 16:15:27 034 - Element is displayed:: [[ChromeDriver: chrome on WINDOWS (9d7e2bad783aa7d92edb7ce7d677c82f)] -> id: username]</small> </font> </div>
<div class="test-event"> <font color="maroon"> <small> &emsp; &emsp;--- 16 Oct 16:15:27 239 - Element is displayed:: [[ChromeDriver: chrome on WINDOWS (9d7e2bad783aa7d92edb7ce7d677c82f)] -> id: password]</small> </font> </div>
<div class="test-event"> <font color="maroon"> <small> &emsp; &emsp;--- 16 Oct 16:15:27 410 - Element is displayed:: [[ChromeDriver: chrome on WINDOWS (9d7e2bad783aa7d92edb7ce7d677c82f)] -> id: btn-login]</small> </font> </div>
<div class="test-event"> <font color="maroon"> <small> &emsp; &emsp;--- 16 Oct 16:15:32 885 - Catched spinner load exception due to Expected condition failed: waiting for ICar.support.WaitUtils$4@636673a3 (tried for 3 second(s) with 500 milliseconds interval)</small> </font> </div>
<div class="test-event"> <font color="maroon"> <small> &emsp; &emsp;--- 16 Oct 16:15:32 885 - <b>5</b> - Spinner Load Wait: (Sync) - ICar.support.WaitUtils.waitForSpinner(WaitUtils.java:225)</small> </font> </div>
<div class="test-event"> <font color="maroon"> <small> &emsp; &emsp;--- 16 Oct 16:15:56 021 - Catched spinner load exception due to Expected condition failed: waiting for ICar.support.WaitUtils$4@636673a3 (tried for 10 second(s) with 500 milliseconds interval)</small> </font> </div>
<div class="test-event"> <font color="maroon"> <small> &emsp; &emsp;--- 16 Oct 16:15:56 021 - <b>10</b> - Spinner Load Wait: (Sync) - ICar.support.WaitUtils.waitForSpinner(WaitUtils.java:225)</small> </font> </div>
<div class="test-event"> <font color="maroon"> <small> &emsp; &emsp;--- 16 Oct 16:15:56 095 - Element is displayed:: [[ChromeDriver: chrome on WINDOWS (9d7e2bad783aa7d92edb7ce7d677c82f)] -> xpath: //button[@value='Launch My Learning']]</small> </font> </div>
<div class="test-message">&emsp;3. Enter the user credentials as : Angielex</div>
<div class="test-message">&emsp;Successfully navigated to 'User Home' Page&emsp;<a href=".\ScreenShot\ICar_B2B_TC022_62923507357400.png" target="_blank" >[ScreenShot]</a></div>
<div class="test-event"> <font color="maroon"> <small> &emsp; &emsp;--- 16 Oct 16:15:56 485 - Page URL:: https://www.icarstage.com/</small> </font> </div>
<div class="test-event"> <font color="maroon"> <small> &emsp; &emsp;--- 16 Oct 16:15:56 485 - <b>0</b> - Page Load Wait: (Sync) - ICar.support.Utils.waitForPageLoad(Utils.java:109)</small> </font> </div>
<div class="test-event"> <font color="maroon"> <small> &emsp; &emsp;--- 16 Oct 16:15:56 543 - Element is displayed:: [[ChromeDriver: chrome on WINDOWS (9d7e2bad783aa7d92edb7ce7d677c82f)] -> xpath: //p[text()='Launch My Learning']]</small> </font> </div>
<div class="test-event"> <font color="maroon"> <small> &emsp; &emsp;--- 16 Oct 16:15:56 581 - Element is displayed:: [[ChromeDriver: chrome on WINDOWS (9d7e2bad783aa7d92edb7ce7d677c82f)] -> xpath: //a[text()='My Training']]</small> </font> </div>
<div class="test-event"> <font color="maroon"> <small> &emsp; &emsp;--- 16 Oct 16:15:56 752 - Page URL:: https://www.icarstage.com/</small> </font> </div>
<div class="test-event"> <font color="maroon"> <small> &emsp; &emsp;--- 16 Oct 16:15:56 752 - <b>0</b> - Page Load Wait: (Sync) - ICar.support.Utils.waitForPageLoad(Utils.java:109)</small> </font> </div>
<div class="test-event"> <font color="maroon"> <small> &emsp; &emsp;--- 16 Oct 16:15:58 828 - Element is displayed:: [[ChromeDriver: chrome on WINDOWS (9d7e2bad783aa7d92edb7ce7d677c82f)] -> xpath: //a[text()='My Training']]</small> </font> </div>
<div class="test-event"> <font color="maroon"> <small> &emsp; &emsp;--- 16 Oct 16:16:16 937 - Catched spinner load exception due to Expected condition failed: waiting for ICar.support.WaitUtils$4@636673a3 (tried for 15 second(s) with 500 milliseconds interval)</small> </font> </div>
<div class="test-event"> <font color="maroon"> <small> &emsp; &emsp;--- 16 Oct 16:16:16 937 - <b>15</b> - Spinner Load Wait: (Sync) - ICar.support.WaitUtils.waitForSpinner(WaitUtils.java:225)</small> </font> </div>
<div class="test-event"> <font color="maroon"> <small> &emsp; &emsp;--- 16 Oct 16:16:17 145 - Page URL:: https://www.icarstage.com/my-training</small> </font> </div>
<div class="test-event"> <font color="maroon"> <small> &emsp; &emsp;--- 16 Oct 16:16:17 145 - <b>0</b> - Page Load Wait: (Sync) - ICar.support.Utils.waitForPageLoad(Utils.java:109)</small> </font> </div>
<div class="test-event"> <font color="maroon"> <small> &emsp; &emsp;--- 16 Oct 16:16:17 200 - Element is displayed:: [[ChromeDriver: chrome on WINDOWS (9d7e2bad783aa7d92edb7ce7d677c82f)] -> xpath: //span[@title='My Professional Development']]</small> </font> </div>
<div class="test-message">&emsp;4. Navigating to My Training Page</div>
<div class="test-message">&emsp;Successfully navigated to 'My Training' Page&emsp;<a href=".\ScreenShot\ICar_B2B_TC022_62944613210800.png" target="_blank" >[ScreenShot]</a></div>
<div class="test-message">&emsp;5. click on My Knowledge skill link</div>
<div class="test-event"> <font color="maroon"> <small> &emsp; &emsp;--- 16 Oct 16:16:19 459 - Element is displayed:: [[ChromeDriver: chrome on WINDOWS (9d7e2bad783aa7d92edb7ce7d677c82f)] -> xpath: //span[@title='My Knowledge and Skills Area']]</small> </font> </div>
<div class="test-message">&emsp;6. selecting the pending course</div>
<div class="test-event"> <font color="maroon"> <small> &emsp; &emsp;--- 16 Oct 16:16:19 591 - Element is displayed:: [[ChromeDriver: chrome on WINDOWS (9d7e2bad783aa7d92edb7ce7d677c82f)] -> xpath: //div[@class='slds-accordion__content']//h2[@class='slds-accordion__summary-heading']/button]</small> </font> </div>
<div class="test-event"> <font color="maroon"> <small> &emsp; &emsp;--- 16 Oct 16:16:19 767 - Page URL:: https://www.icarstage.com/my-training</small> </font> </div>
<div class="test-event"> <font color="maroon"> <small> &emsp; &emsp;--- 16 Oct 16:16:19 767 - <b>0</b> - Page Load Wait: (Sync) - ICar.support.Utils.waitForPageLoad(Utils.java:109)</small> </font> </div>
<div class="test-event"> <font color="maroon"> <small> &emsp; &emsp;--- 16 Oct 16:16:20 809 - Catched spinner load exception due to Expected condition failed: waiting for ICar.support.WaitUtils$4@636673a3 (tried for 1 second(s) with 500 milliseconds interval)</small> </font> </div>
<div class="test-event"> <font color="maroon"> <small> &emsp; &emsp;--- 16 Oct 16:16:20 809 - <b>1</b> - Spinner Load Wait: (Sync) - ICar.support.WaitUtils.waitForSpinner(WaitUtils.java:225)</small> </font> </div>
<div class="test-event"> <font color="maroon"> <small> &emsp; &emsp;--- 16 Oct 16:16:24 922 - Element is displayed:: [[ChromeDriver: chrome on WINDOWS (9d7e2bad783aa7d92edb7ce7d677c82f)] -> xpath: //div[@class='product-block slds-m-right_large']//a[@class='padding-right']]</small> </font> </div>
<div class="test-message">&emsp;7. Select the check box in the training options pop up window and add to the cart</div>
<div class="test-event"> <font color="maroon"> <small> &emsp; &emsp;--- 16 Oct 16:16:25 128 - Page URL:: https://www.icarstage.com/my-training</small> </font> </div>
<div class="test-event"> <font color="maroon"> <small> &emsp; &emsp;--- 16 Oct 16:16:25 128 - <b>0</b> - Page Load Wait: (Sync) - ICar.support.Utils.waitForPageLoad(Utils.java:109)</small> </font> </div>
<div class="test-event"> <font color="maroon"> <small> &emsp; &emsp;--- 16 Oct 16:16:26 178 - Catched spinner load exception due to Expected condition failed: waiting for ICar.support.WaitUtils$4@636673a3 (tried for 1 second(s) with 500 milliseconds interval)</small> </font> </div>
<div class="test-event"> <font color="maroon"> <small> &emsp; &emsp;--- 16 Oct 16:16:26 178 - <b>1</b> - Spinner Load Wait: (Sync) - ICar.support.WaitUtils.waitForSpinner(WaitUtils.java:225)</small> </font> </div>
<div class="test-event"> <font color="maroon"> <small> &emsp; &emsp;--- 16 Oct 16:16:26 261 - Element is displayed:: [[ChromeDriver: chrome on WINDOWS (9d7e2bad783aa7d92edb7ce7d677c82f)] -> xpath: //table/tbody//tr//td//div//span[@class='slds-checkbox']/input]</small> </font> </div>
<div class="test-event"> <font color="maroon"> <small> &emsp; &emsp;--- 16 Oct 16:16:28 377 - Element is displayed:: [[ChromeDriver: chrome on WINDOWS (9d7e2bad783aa7d92edb7ce7d677c82f)] -> xpath: //button[contains(text(),'Add')]]</small> </font> </div>
<div class="test-event"> <font color="maroon"> <small> &emsp; &emsp;--- 16 Oct 16:16:31 425 - Element is displayed:: [[ChromeDriver: chrome on WINDOWS (9d7e2bad783aa7d92edb7ce7d677c82f)] -> xpath: //slot[@name='message']]</small> </font> </div>
<div class="test-message">&emsp;Successfully added selected course to the cart : Vehicle Construction Material Types&emsp;<a href=".\ScreenShot\ICar_B2B_TC022_62958881737500.png" target="_blank" >[ScreenShot]</a></div>
<div class="test-event"> <font color="maroon"> <small> &emsp; &emsp;--- 16 Oct 16:16:31 818 - Page URL:: https://www.icarstage.com/my-training</small> </font> </div>
<div class="test-event"> <font color="maroon"> <small> &emsp; &emsp;--- 16 Oct 16:16:31 818 - <b>0</b> - Page Load Wait: (Sync) - ICar.support.Utils.waitForPageLoad(Utils.java:109)</small> </font> </div>
<div class="test-event"> <font color="maroon"> <small> &emsp; &emsp;--- 16 Oct 16:16:31 876 - Element is displayed:: [[ChromeDriver: chrome on WINDOWS (9d7e2bad783aa7d92edb7ce7d677c82f)] -> xpath: //p[text()='Launch My Learning']]</small> </font> </div>
<div class="test-event"> <font color="maroon"> <small> &emsp; &emsp;--- 16 Oct 16:16:52 122 - Catched spinner load exception due to Expected condition failed: waiting for ICar.support.WaitUtils$4@636673a3 (tried for 20 second(s) with 500 milliseconds interval)</small> </font> </div>
<div class="test-event"> <font color="maroon"> <small> &emsp; &emsp;--- 16 Oct 16:16:52 122 - <b>20</b> - Spinner Load Wait: (Sync) - ICar.support.WaitUtils.waitForSpinner(WaitUtils.java:225)</small> </font> </div>
<div class="test-event"> <font color="maroon"> <small> &emsp; &emsp;--- 16 Oct 16:16:52 170 - Element is displayed:: [[ChromeDriver: chrome on WINDOWS (9d7e2bad783aa7d92edb7ce7d677c82f)] -> xpath: //div[@class='HeaderCart_Icon']/a]</small> </font> </div>
<div class="test-event"> <font color="maroon"> <small> &emsp; &emsp;--- 16 Oct 16:16:54 255 - Element is displayed:: [[ChromeDriver: chrome on WINDOWS (9d7e2bad783aa7d92edb7ce7d677c82f)] -> xpath: //div[@class='HeaderCart_Icon']/a]</small> </font> </div>
<div class="test-event"> <font color="maroon"> <small> &emsp; &emsp;--- 16 Oct 16:17:14 215 - Catched spinner load exception due to Expected condition failed: waiting for ICar.support.WaitUtils$4@636673a3 (tried for 15 second(s) with 500 milliseconds interval)</small> </font> </div>
<div class="test-event"> <font color="maroon"> <small> &emsp; &emsp;--- 16 Oct 16:17:14 215 - <b>15</b> - Spinner Load Wait: (Sync) - ICar.support.WaitUtils.waitForSpinner(WaitUtils.java:225)</small> </font> </div>
<div class="test-event"> <font color="maroon"> <small> &emsp; &emsp;--- 16 Oct 16:17:14 321 - Page URL:: https://www.icarstage.com/cart</small> </font> </div>
<div class="test-event"> <font color="maroon"> <small> &emsp; &emsp;--- 16 Oct 16:17:14 321 - <b>0</b> - Page Load Wait: (Sync) - ICar.support.Utils.waitForPageLoad(Utils.java:109)</small> </font> </div>
<div class="test-event"> <font color="maroon"> <small> &emsp; &emsp;--- 16 Oct 16:17:14 373 - Element is displayed:: [[ChromeDriver: chrome on WINDOWS (9d7e2bad783aa7d92edb7ce7d677c82f)] -> xpath: //button[text()='Continue to Checkout']]</small> </font> </div>
<div class="test-message">&emsp;8. click on My cart icon to navigate to My Cart Page</div>
<div class="test-message">&emsp;Successfully navigated to 'My Cart' Page&emsp;<a href=".\ScreenShot\ICar_B2B_TC022_63001785832700.png" target="_blank" >[ScreenShot]</a></div>
<div class="test-message">&emsp;9. Verify the added course gets displayed in the cart</div>
<div class="test-event"> <font color="maroon"> <small> &emsp; &emsp;--- 16 Oct 16:17:19 715 - Catched spinner load exception due to Expected condition failed: waiting for ICar.support.WaitUtils$4@636673a3 (tried for 5 second(s) with 500 milliseconds interval)</small> </font> </div>
<div class="test-event"> <font color="maroon"> <small> &emsp; &emsp;--- 16 Oct 16:17:19 715 - <b>5</b> - Spinner Load Wait: (Sync) - ICar.support.WaitUtils.waitForSpinner(WaitUtils.java:225)</small> </font> </div>
<div class="test-event"> <font color="maroon"> <small> &emsp; &emsp;--- 16 Oct 16:17:19 755 - Element is displayed:: [[ChromeDriver: chrome on WINDOWS (9d7e2bad783aa7d92edb7ce7d677c82f)] -> xpath: //c-b2b_-cart-items[contains(@data-component-id,'b2b_CartItems-a')]//div[@class='left-width']//div[@data-label='LearningPlan']/div]</small> </font> </div>
<div class="test-message">&emsp;Successfully Verified the added course gets displayed in the cart&emsp;<a href=".\ScreenShot\ICar_B2B_TC022_63009232875400.png" target="_blank" >[ScreenShot]</a></div>
<div class="test-event"> <font color="maroon"> <small> &emsp; &emsp;--- 16 Oct 16:17:22 066 - Element is displayed:: [[ChromeDriver: chrome on WINDOWS (9d7e2bad783aa7d92edb7ce7d677c82f)] -> xpath: //button[text()='Empty Cart']]</small> </font> </div>
<div class="test-event"> <font color="maroon"> <small> &emsp; &emsp;--- 16 Oct 16:17:24 160 - Element is displayed:: [[ChromeDriver: chrome on WINDOWS (9d7e2bad783aa7d92edb7ce7d677c82f)] -> xpath: //button[text()='Empty Cart']]</small> </font> </div>
<div class="test-event"> <font color="maroon"> <small> &emsp; &emsp;--- 16 Oct 16:17:24 292 - Element is displayed:: [[ChromeDriver: chrome on WINDOWS (9d7e2bad783aa7d92edb7ce7d677c82f)] -> xpath: //button[@title='Yes']]</small> </font> </div>
<div class="test-event"> <font color="maroon"> <small> &emsp; &emsp;--- 16 Oct 16:17:24 356 - Element is displayed:: [[ChromeDriver: chrome on WINDOWS (9d7e2bad783aa7d92edb7ce7d677c82f)] -> xpath: //button[@title='Yes']]</small> </font> </div>
<div class="test-message">&emsp;successfully removed from cart</div>
<div class="test-result"><br><font color="green"><strong> Test Passed. </strong></font> </div>&emsp;
&emsp;<div class="test-title"> <strong><font size = "3" color = "#0000FF">---Test Execution Ends---</font> </strong> </div>&emsp;]]>
    </system-out>
  </testcase> <!-- ICar_B2B_TC022 -->
  <testcase classname="B2Btestscripts.B2B_Student" name="ICar_B2B_TC061" time="134.748">
    <error message="Click on List view Icon not found in page!!" type="java.lang.Exception">
      <![CDATA[java.lang.Exception: Click on List view Icon not found in page!!
at ICar.support.BrowserActions.clickOnElement(BrowserActions.java:230)
at ICar.Pages.UserHomePage.clickOnViewIcon(UserHomePage.java:3087)
at B2Btestscripts.B2B_Student.ICar_B2B_TC061(B2B_Student.java:4532)
at java.base/jdk.internal.reflect.NativeMethodAccessorImpl.invoke0(Native Method)
at java.base/jdk.internal.reflect.NativeMethodAccessorImpl.invoke(NativeMethodAccessorImpl.java:78)
at java.base/jdk.internal.reflect.DelegatingMethodAccessorImpl.invoke(DelegatingMethodAccessorImpl.java:43)
at java.base/java.lang.reflect.Method.invoke(Method.java:567)
at org.testng.internal.invokers.MethodInvocationHelper.invokeMethod(MethodInvocationHelper.java:139)
at org.testng.internal.invokers.TestInvoker.invokeMethod(TestInvoker.java:664)
at org.testng.internal.invokers.TestInvoker.invokeTestMethod(TestInvoker.java:227)
at org.testng.internal.invokers.TestMethodWithDataProviderMethodWorker.call(TestMethodWithDataProviderMethodWorker.java:80)
at org.testng.internal.invokers.TestMethodWithDataProviderMethodWorker.call(TestMethodWithDataProviderMethodWorker.java:17)
at java.base/java.util.concurrent.FutureTask.run(FutureTask.java:264)
at java.base/java.util.concurrent.Executors$RunnableAdapter.call(Executors.java:515)
at java.base/java.util.concurrent.FutureTask.run(FutureTask.java:264)
at java.base/java.util.concurrent.ThreadPoolExecutor.runWorker(ThreadPoolExecutor.java:1130)
at java.base/java.util.concurrent.ThreadPoolExecutor$Worker.run(ThreadPoolExecutor.java:630)
at java.base/java.lang.Thread.run(Thread.java:831)
]]>
    </error>
    <system-out>
      <![CDATA[<div class="test-event"> <font color="maroon"> <small> &emsp; &emsp;--- 16 Oct 17:28:23 871 - TestCaseID:: ICar_B2B_TC061</small> </font> </div>
<div class="test-event"> <font color="maroon"> <small> &emsp; &emsp;--- 16 Oct 17:28:24 912 - <b>1</b> - Driver::initialize::Get - ICar.support.WebDriverFactory.getDriver(WebDriverFactory.java:640)</small> </font> </div>
&emsp;<div class="test-title"> <strong><font size = "3" color = "#000080">Verify grid and list view under All Live, Online, and Virtual Courses and Learning Plans link</font> </strong> </div>&emsp;<div><strong>Steps:</strong></div><!-- Report -->&emsp;
<div class="test-event"> <font color="maroon"> <small> &emsp; &emsp;--- 16 Oct 17:28:30 761 - Element is displayed:: [[ChromeDriver: chrome on WINDOWS (df73aa1852f0b32306662473bb77339a)] -> xpath: //a/img[@alt='Login Image']|//button[@id='btn-login']]</small> </font> </div>
<div class="test-event"> <font color="maroon"> <small> &emsp; &emsp;--- 16 Oct 17:28:30 812 - Element is displayed:: [[ChromeDriver: chrome on WINDOWS (df73aa1852f0b32306662473bb77339a)] -> xpath: //a/img[@alt='Login Image']|//button[@id='btn-login']]</small> </font> </div>
<div class="test-message">&emsp;Successfully navigated to 'Home' Page&emsp;<a href=".\ScreenShot\ICar_B2B_TC061_67278224356900.png" target="_blank" >[ScreenShot]</a></div>
<div class="test-message">&emsp;1. Home page is launched.</div>
<div class="test-event"> <font color="maroon"> <small> &emsp; &emsp;--- 16 Oct 17:28:31 449 - Page URL:: https://www.icarstage.com/</small> </font> </div>
<div class="test-event"> <font color="maroon"> <small> &emsp; &emsp;--- 16 Oct 17:28:31 449 - <b>0</b> - Page Load Wait: (Sync) - ICar.support.Utils.waitForPageLoad(Utils.java:109)</small> </font> </div>
<div class="test-event"> <font color="maroon"> <small> &emsp; &emsp;--- 16 Oct 17:28:31 542 - Element is displayed:: [[ChromeDriver: chrome on WINDOWS (df73aa1852f0b32306662473bb77339a)] -> xpath: //a/img[@alt='Login Image']|//button[@id='btn-login']]</small> </font> </div>
<div class="test-event"> <font color="maroon"> <small> &emsp; &emsp;--- 16 Oct 17:28:31 595 - Element is displayed:: [[ChromeDriver: chrome on WINDOWS (df73aa1852f0b32306662473bb77339a)] -> xpath: //a/img[@alt='Login Image']|//button[@id='btn-login']]</small> </font> </div>
<div class="test-event"> <font color="maroon"> <small> &emsp; &emsp;--- 16 Oct 17:28:50 042 - Catched spinner load exception due to Expected condition failed: waiting for ICar.support.WaitUtils$4@636673a3 (tried for 15 second(s) with 500 milliseconds interval)</small> </font> </div>
<div class="test-event"> <font color="maroon"> <small> &emsp; &emsp;--- 16 Oct 17:28:50 042 - <b>15</b> - Spinner Load Wait: (Sync) - ICar.support.WaitUtils.waitForSpinner(WaitUtils.java:225)</small> </font> </div>
<div class="test-message">&emsp;2. Login page  should be successfully display</div>
<div class="test-message">&emsp;Successfully navigated to 'Login' Page&emsp;<a href=".\ScreenShot\ICar_B2B_TC061_67297457906900.png" target="_blank" >[ScreenShot]</a></div>
<div class="test-event"> <font color="maroon"> <small> &emsp; &emsp;--- 16 Oct 17:28:50 238 - Element is displayed:: [[ChromeDriver: chrome on WINDOWS (df73aa1852f0b32306662473bb77339a)] -> id: username]</small> </font> </div>
<div class="test-event"> <font color="maroon"> <small> &emsp; &emsp;--- 16 Oct 17:28:50 292 - Element is displayed:: [[ChromeDriver: chrome on WINDOWS (df73aa1852f0b32306662473bb77339a)] -> id: username]</small> </font> </div>
<div class="test-event"> <font color="maroon"> <small> &emsp; &emsp;--- 16 Oct 17:28:50 501 - Element is displayed:: [[ChromeDriver: chrome on WINDOWS (df73aa1852f0b32306662473bb77339a)] -> id: password]</small> </font> </div>
<div class="test-event"> <font color="maroon"> <small> &emsp; &emsp;--- 16 Oct 17:28:50 667 - Element is displayed:: [[ChromeDriver: chrome on WINDOWS (df73aa1852f0b32306662473bb77339a)] -> id: btn-login]</small> </font> </div>
<div class="test-event"> <font color="maroon"> <small> &emsp; &emsp;--- 16 Oct 17:28:56 708 - Catched spinner load exception due to Expected condition failed: waiting for ICar.support.WaitUtils$4@636673a3 (tried for 3 second(s) with 500 milliseconds interval)</small> </font> </div>
<div class="test-event"> <font color="maroon"> <small> &emsp; &emsp;--- 16 Oct 17:28:56 708 - <b>6</b> - Spinner Load Wait: (Sync) - ICar.support.WaitUtils.waitForSpinner(WaitUtils.java:225)</small> </font> </div>
<div class="test-event"> <font color="maroon"> <small> &emsp; &emsp;--- 16 Oct 17:29:18 580 - Catched spinner load exception due to Expected condition failed: waiting for ICar.support.WaitUtils$4@636673a3 (tried for 10 second(s) with 500 milliseconds interval)</small> </font> </div>
<div class="test-event"> <font color="maroon"> <small> &emsp; &emsp;--- 16 Oct 17:29:18 580 - <b>10</b> - Spinner Load Wait: (Sync) - ICar.support.WaitUtils.waitForSpinner(WaitUtils.java:225)</small> </font> </div>
<div class="test-event"> <font color="maroon"> <small> &emsp; &emsp;--- 16 Oct 17:29:18 651 - Element is displayed:: [[ChromeDriver: chrome on WINDOWS (df73aa1852f0b32306662473bb77339a)] -> xpath: //button[@value='Launch My Learning']]</small> </font> </div>
<div class="test-message">&emsp;3. Enter the user credentials as : pkelly123</div>
<div class="test-message">&emsp;Successfully navigated to 'User Home' Page&emsp;<a href=".\ScreenShot\ICar_B2B_TC061_67326062315699.png" target="_blank" >[ScreenShot]</a></div>
<div class="test-event"> <font color="maroon"> <small> &emsp; &emsp;--- 16 Oct 17:29:18 855 - Element is displayed:: [[ChromeDriver: chrome on WINDOWS (df73aa1852f0b32306662473bb77339a)] -> xpath: //a[contains(text(),'Browse Catalog')]]</small> </font> </div>
<div class="test-event"> <font color="maroon"> <small> &emsp; &emsp;--- 16 Oct 17:29:18 911 - Element is displayed:: [[ChromeDriver: chrome on WINDOWS (df73aa1852f0b32306662473bb77339a)] -> xpath: //a[contains(text(),'Browse Catalog')]]</small> </font> </div>
<div class="test-message">&emsp;4.Clicked on Browse Catalog</div>
<div class="test-event"> <font color="maroon"> <small> &emsp; &emsp;--- 16 Oct 17:29:27 458 - Catched spinner load exception due to Expected condition failed: waiting for ICar.support.WaitUtils$4@636673a3 (tried for 7 second(s) with 500 milliseconds interval)</small> </font> </div>
<div class="test-event"> <font color="maroon"> <small> &emsp; &emsp;--- 16 Oct 17:29:27 458 - <b>7</b> - Spinner Load Wait: (Sync) - ICar.support.WaitUtils.waitForSpinner(WaitUtils.java:225)</small> </font> </div>
<div class="test-event"> <font color="maroon"> <small> &emsp; &emsp;--- 16 Oct 17:29:27 499 - Element is displayed:: [[ChromeDriver: chrome on WINDOWS (df73aa1852f0b32306662473bb77339a)] -> xpath: //section[@class='main-section']//following::li//section[@class='fields-area']//a]</small> </font> </div>
<div class="test-event"> <font color="maroon"> <small> &emsp; &emsp;--- 16 Oct 17:29:27 543 - Element is displayed:: [[ChromeDriver: chrome on WINDOWS (df73aa1852f0b32306662473bb77339a)] -> xpath: //section[@class='main-section']//following::li//section[@class='fields-area']//a]</small> </font> </div>
<div class="test-message">&emsp;5.Clicked on the link All Live, Online, and Virtual Courses and Learning Plans</div>
<div class="test-event"> <font color="maroon"> <small> &emsp; &emsp;--- 16 Oct 17:29:36 631 - Catched spinner load exception due to Expected condition failed: waiting for ICar.support.WaitUtils$4@636673a3 (tried for 7 second(s) with 500 milliseconds interval)</small> </font> </div>
<div class="test-event"> <font color="maroon"> <small> &emsp; &emsp;--- 16 Oct 17:29:36 631 - <b>7</b> - Spinner Load Wait: (Sync) - ICar.support.WaitUtils.waitForSpinner(WaitUtils.java:225)</small> </font> </div>
<div class="test-event"> <font color="maroon"> <small> &emsp; &emsp;--- 16 Oct 17:30:22 351 - Unable to find an element after 10 sec ==> Proxy element for: AjaxElementLocator 'By.xpath: //lightning-icon[@class='slds-icon-utility-rows slds-icon_container']/child::*/child::*'</small> </font> </div>
<div class="test-event"> <font color="maroon"> <small> &emsp; &emsp;--- 16 Oct 17:30:25 395 - Moved to element..</small> </font> </div>
<div class="test-event"> <font color="maroon"> <small> &emsp; &emsp;--- 16 Oct 17:30:38 995 - Unable to find a element after 10 sec ==> Proxy element for: AjaxElementLocator 'By.xpath: //lightning-icon[@class='slds-icon-utility-rows slds-icon_container']/child::*/child::*'</small> </font> </div>
<!--FAIL-->
<div class="test-result"><br><font color="red"><strong> Click on List view Icon not found in page!! </strong></font> <a href=".\ScreenShot\ICar_B2B_TC061_67406406972200.png" target="_blank" >[ScreenShot]</a></div>&emsp;
&emsp;<div class="test-title"> <strong><font size = "3" color = "#0000FF">---Test Execution Ends---</font> </strong> </div>&emsp;]]>
    </system-out>
  </testcase> <!-- ICar_B2B_TC061 -->
  <testcase classname="B2Btestscripts.B2B_Student" name="ICar_B2B_TC014" time="206.016">
    <system-out>
      <![CDATA[<div class="test-event"> <font color="maroon"> <small> &emsp; &emsp;--- 16 Oct 15:49:17 306 - TestCaseID:: ICar_B2B_TC014</small> </font> </div>
<div class="test-event"> <font color="maroon"> <small> &emsp; &emsp;--- 16 Oct 15:49:18 952 - <b>1</b> - Driver::initialize::Get - ICar.support.WebDriverFactory.getDriver(WebDriverFactory.java:640)</small> </font> </div>
&emsp;<div class="test-title"> <strong><font size = "3" color = "#000080">Verify adding training course to cart in Browser Catalog Feature</font> </strong> </div>&emsp;<div><strong>Steps:</strong></div><!-- Report -->&emsp;
<div class="test-event"> <font color="maroon"> <small> &emsp; &emsp;--- 16 Oct 15:49:25 342 - Element is displayed:: [[ChromeDriver: chrome on WINDOWS (4834176962fbe3ecc4109aac7d2ed5c0)] -> xpath: //a/img[@alt='Login Image']|//button[@id='btn-login']]</small> </font> </div>
<div class="test-event"> <font color="maroon"> <small> &emsp; &emsp;--- 16 Oct 15:49:25 406 - Element is displayed:: [[ChromeDriver: chrome on WINDOWS (4834176962fbe3ecc4109aac7d2ed5c0)] -> xpath: //a/img[@alt='Login Image']|//button[@id='btn-login']]</small> </font> </div>
<div class="test-message">&emsp;Successfully navigated to 'Home' Page&emsp;<a href=".\ScreenShot\ICar_B2B_TC014_61332819373800.png" target="_blank" >[ScreenShot]</a></div>
<div class="test-message">&emsp;1. Home page is launched.</div>
<div class="test-event"> <font color="maroon"> <small> &emsp; &emsp;--- 16 Oct 15:49:26 057 - Page URL:: https://www.icarstage.com/</small> </font> </div>
<div class="test-event"> <font color="maroon"> <small> &emsp; &emsp;--- 16 Oct 15:49:26 057 - <b>0</b> - Page Load Wait: (Sync) - ICar.support.Utils.waitForPageLoad(Utils.java:109)</small> </font> </div>
<div class="test-event"> <font color="maroon"> <small> &emsp; &emsp;--- 16 Oct 15:49:26 100 - Element is displayed:: [[ChromeDriver: chrome on WINDOWS (4834176962fbe3ecc4109aac7d2ed5c0)] -> xpath: //a/img[@alt='Login Image']|//button[@id='btn-login']]</small> </font> </div>
<div class="test-event"> <font color="maroon"> <small> &emsp; &emsp;--- 16 Oct 15:49:26 184 - Element is displayed:: [[ChromeDriver: chrome on WINDOWS (4834176962fbe3ecc4109aac7d2ed5c0)] -> xpath: //a/img[@alt='Login Image']|//button[@id='btn-login']]</small> </font> </div>
<div class="test-event"> <font color="maroon"> <small> &emsp; &emsp;--- 16 Oct 15:49:44 267 - Catched spinner load exception due to Expected condition failed: waiting for ICar.support.WaitUtils$4@636673a3 (tried for 15 second(s) with 500 milliseconds interval)</small> </font> </div>
<div class="test-event"> <font color="maroon"> <small> &emsp; &emsp;--- 16 Oct 15:49:44 267 - <b>15</b> - Spinner Load Wait: (Sync) - ICar.support.WaitUtils.waitForSpinner(WaitUtils.java:225)</small> </font> </div>
<div class="test-message">&emsp;2. Navigate to Login Page</div>
<div class="test-message">&emsp;Successfully navigated to 'Login' Page&emsp;<a href=".\ScreenShot\ICar_B2B_TC014_61351682952900.png" target="_blank" >[ScreenShot]</a></div>
<div class="test-event"> <font color="maroon"> <small> &emsp; &emsp;--- 16 Oct 15:49:44 604 - Element is displayed:: [[ChromeDriver: chrome on WINDOWS (4834176962fbe3ecc4109aac7d2ed5c0)] -> id: username]</small> </font> </div>
<div class="test-event"> <font color="maroon"> <small> &emsp; &emsp;--- 16 Oct 15:49:44 709 - Element is displayed:: [[ChromeDriver: chrome on WINDOWS (4834176962fbe3ecc4109aac7d2ed5c0)] -> id: username]</small> </font> </div>
<div class="test-event"> <font color="maroon"> <small> &emsp; &emsp;--- 16 Oct 15:49:44 930 - Element is displayed:: [[ChromeDriver: chrome on WINDOWS (4834176962fbe3ecc4109aac7d2ed5c0)] -> id: password]</small> </font> </div>
<div class="test-event"> <font color="maroon"> <small> &emsp; &emsp;--- 16 Oct 15:49:45 123 - Element is displayed:: [[ChromeDriver: chrome on WINDOWS (4834176962fbe3ecc4109aac7d2ed5c0)] -> id: btn-login]</small> </font> </div>
<div class="test-event"> <font color="maroon"> <small> &emsp; &emsp;--- 16 Oct 15:49:50 289 - Catched spinner load exception due to Expected condition failed: waiting for ICar.support.WaitUtils$4@636673a3 (tried for 3 second(s) with 500 milliseconds interval)</small> </font> </div>
<div class="test-event"> <font color="maroon"> <small> &emsp; &emsp;--- 16 Oct 15:49:50 289 - <b>5</b> - Spinner Load Wait: (Sync) - ICar.support.WaitUtils.waitForSpinner(WaitUtils.java:225)</small> </font> </div>
<div class="test-event"> <font color="maroon"> <small> &emsp; &emsp;--- 16 Oct 15:50:13 423 - Catched spinner load exception due to Expected condition failed: waiting for ICar.support.WaitUtils$4@636673a3 (tried for 10 second(s) with 500 milliseconds interval)</small> </font> </div>
<div class="test-event"> <font color="maroon"> <small> &emsp; &emsp;--- 16 Oct 15:50:13 423 - <b>10</b> - Spinner Load Wait: (Sync) - ICar.support.WaitUtils.waitForSpinner(WaitUtils.java:225)</small> </font> </div>
<div class="test-event"> <font color="maroon"> <small> &emsp; &emsp;--- 16 Oct 15:50:13 508 - Element is displayed:: [[ChromeDriver: chrome on WINDOWS (4834176962fbe3ecc4109aac7d2ed5c0)] -> xpath: //button[@value='Launch My Learning']]</small> </font> </div>
<div class="test-message">&emsp;3. Enter the user credentials as : Angielex</div>
<div class="test-message">&emsp;Successfully navigated to 'User Home' Page&emsp;<a href=".\ScreenShot\ICar_B2B_TC014_61380920415000.png" target="_blank" >[ScreenShot]</a></div>
<div class="test-message">&emsp;4. Click on link to navigate to 'Browser catalog' screen and add a course :Aluminum GMA Welding Theory to the cart</div>
<div class="test-event"> <font color="maroon"> <small> &emsp; &emsp;--- 16 Oct 15:50:13 905 - Page URL:: https://www.icarstage.com/</small> </font> </div>
<div class="test-event"> <font color="maroon"> <small> &emsp; &emsp;--- 16 Oct 15:50:13 905 - <b>0</b> - Page Load Wait: (Sync) - ICar.support.Utils.waitForPageLoad(Utils.java:109)</small> </font> </div>
<div class="test-event"> <font color="maroon"> <small> &emsp; &emsp;--- 16 Oct 15:50:13 966 - Element is displayed:: [[ChromeDriver: chrome on WINDOWS (4834176962fbe3ecc4109aac7d2ed5c0)] -> xpath: //p[text()='Launch My Learning']]</small> </font> </div>
<div class="test-event"> <font color="maroon"> <small> &emsp; &emsp;--- 16 Oct 15:50:14 138 - Page URL:: https://www.icarstage.com/</small> </font> </div>
<div class="test-event"> <font color="maroon"> <small> &emsp; &emsp;--- 16 Oct 15:50:14 138 - <b>0</b> - Page Load Wait: (Sync) - ICar.support.Utils.waitForPageLoad(Utils.java:109)</small> </font> </div>
<div class="test-event"> <font color="maroon"> <small> &emsp; &emsp;--- 16 Oct 15:50:28 358 - Catched spinner load exception due to Expected condition failed: waiting for ICar.support.WaitUtils$4@636673a3 (tried for 14 second(s) with 500 milliseconds interval)</small> </font> </div>
<div class="test-event"> <font color="maroon"> <small> &emsp; &emsp;--- 16 Oct 15:50:28 358 - <b>14</b> - Spinner Load Wait: (Sync) - ICar.support.WaitUtils.waitForSpinner(WaitUtils.java:225)</small> </font> </div>
<div class="test-event"> <font color="maroon"> <small> &emsp; &emsp;--- 16 Oct 15:50:28 403 - Element is displayed:: [[ChromeDriver: chrome on WINDOWS (4834176962fbe3ecc4109aac7d2ed5c0)] -> xpath: //a[text()='Browse Catalog']]</small> </font> </div>
<div class="test-event"> <font color="maroon"> <small> &emsp; &emsp;--- 16 Oct 15:50:28 457 - Element is displayed:: [[ChromeDriver: chrome on WINDOWS (4834176962fbe3ecc4109aac7d2ed5c0)] -> xpath: //a[text()='Browse Catalog']]</small> </font> </div>
<div class="test-event"> <font color="maroon"> <small> &emsp; &emsp;--- 16 Oct 15:50:33 024 - Page URL:: https://www.icarstage.com/browse</small> </font> </div>
<div class="test-event"> <font color="maroon"> <small> &emsp; &emsp;--- 16 Oct 15:50:33 024 - <b>0</b> - Page Load Wait: (Sync) - ICar.support.Utils.waitForPageLoad(Utils.java:109)</small> </font> </div>
<div class="test-event"> <font color="maroon"> <small> &emsp; &emsp;--- 16 Oct 15:50:48 311 - Catched spinner load exception due to Expected condition failed: waiting for ICar.support.WaitUtils$4@636673a3 (tried for 15 second(s) with 500 milliseconds interval)</small> </font> </div>
<div class="test-event"> <font color="maroon"> <small> &emsp; &emsp;--- 16 Oct 15:50:48 311 - Spinner Load Wait</small> </font> </div>
<div class="test-event"> <font color="maroon"> <small> &emsp; &emsp;--- 16 Oct 15:50:48 348 - Element is displayed:: [[ChromeDriver: chrome on WINDOWS (4834176962fbe3ecc4109aac7d2ed5c0)] -> xpath: //article[contains(@class,'slds-box card-layout-grid mobile-margin padding-bottom')]]</small> </font> </div>
<div class="test-event"> <font color="maroon"> <small> &emsp; &emsp;--- 16 Oct 15:50:55 574 - Catched spinner load exception due to Expected condition failed: waiting for ICar.support.WaitUtils$4@636673a3 (tried for 7 second(s) with 500 milliseconds interval)</small> </font> </div>
<div class="test-event"> <font color="maroon"> <small> &emsp; &emsp;--- 16 Oct 15:50:55 574 - <b>7</b> - Spinner Load Wait: (Sync) - ICar.support.WaitUtils.waitForSpinner(WaitUtils.java:225)</small> </font> </div>
<div class="test-event"> <font color="maroon"> <small> &emsp; &emsp;--- 16 Oct 15:51:40 001 - Element is displayed:: [[ChromeDriver: chrome on WINDOWS (4834176962fbe3ecc4109aac7d2ed5c0)] -> xpath: //a[@class='custom-name slds-p-vertical_small']]</small> </font> </div>
<div class="test-event"> <font color="maroon"> <small> &emsp; &emsp;--- 16 Oct 15:51:42 217 - Page URL:: https://www.icarstage.com/product/aluminum-gma-welding-theory/01tdi000007teqsia2</small> </font> </div>
<div class="test-event"> <font color="maroon"> <small> &emsp; &emsp;--- 16 Oct 15:51:42 218 - <b>0</b> - Page Load Wait: (Sync) - ICar.support.Utils.waitForPageLoad(Utils.java:109)</small> </font> </div>
<div class="test-event"> <font color="maroon"> <small> &emsp; &emsp;--- 16 Oct 15:51:44 665 - Element is displayed:: [[ChromeDriver: chrome on WINDOWS (4834176962fbe3ecc4109aac7d2ed5c0)] -> xpath: //button[text()='Add to Cart']]</small> </font> </div>
<div class="test-event"> <font color="maroon"> <small> &emsp; &emsp;--- 16 Oct 15:51:46 764 - Element is displayed:: [[ChromeDriver: chrome on WINDOWS (4834176962fbe3ecc4109aac7d2ed5c0)] -> xpath: //button[text()='Add to Cart']]</small> </font> </div>
<div class="test-event"> <font color="maroon"> <small> &emsp; &emsp;--- 16 Oct 15:51:48 825 - Element is displayed:: [[ChromeDriver: chrome on WINDOWS (4834176962fbe3ecc4109aac7d2ed5c0)] -> xpath: //slot[@name='message']]</small> </font> </div>
<div class="test-message">&emsp;Success message displayed on adding the course: Aluminum GMA Welding Theory to the cart&emsp;<a href=".\ScreenShot\ICar_B2B_TC014_61476258987200.png" target="_blank" >[ScreenShot]</a></div>
<div class="test-event"> <font color="maroon"> <small> &emsp; &emsp;--- 16 Oct 15:51:49 390 - Page URL:: https://www.icarstage.com/product/aluminum-gma-welding-theory/01tdi000007teqsia2</small> </font> </div>
<div class="test-event"> <font color="maroon"> <small> &emsp; &emsp;--- 16 Oct 15:51:49 390 - <b>0</b> - Page Load Wait: (Sync) - ICar.support.Utils.waitForPageLoad(Utils.java:109)</small> </font> </div>
<div class="test-event"> <font color="maroon"> <small> &emsp; &emsp;--- 16 Oct 15:51:49 453 - Element is displayed:: [[ChromeDriver: chrome on WINDOWS (4834176962fbe3ecc4109aac7d2ed5c0)] -> xpath: //p[text()='Launch My Learning']]</small> </font> </div>
<div class="test-event"> <font color="maroon"> <small> &emsp; &emsp;--- 16 Oct 15:52:09 629 - Catched spinner load exception due to Expected condition failed: waiting for ICar.support.WaitUtils$4@636673a3 (tried for 20 second(s) with 500 milliseconds interval)</small> </font> </div>
<div class="test-event"> <font color="maroon"> <small> &emsp; &emsp;--- 16 Oct 15:52:09 629 - <b>20</b> - Spinner Load Wait: (Sync) - ICar.support.WaitUtils.waitForSpinner(WaitUtils.java:225)</small> </font> </div>
<div class="test-event"> <font color="maroon"> <small> &emsp; &emsp;--- 16 Oct 15:52:09 680 - Element is displayed:: [[ChromeDriver: chrome on WINDOWS (4834176962fbe3ecc4109aac7d2ed5c0)] -> xpath: //div[@class='HeaderCart_Icon']/a]</small> </font> </div>
<div class="test-event"> <font color="maroon"> <small> &emsp; &emsp;--- 16 Oct 15:52:11 799 - Element is displayed:: [[ChromeDriver: chrome on WINDOWS (4834176962fbe3ecc4109aac7d2ed5c0)] -> xpath: //div[@class='HeaderCart_Icon']/a]</small> </font> </div>
<div class="test-event"> <font color="maroon"> <small> &emsp; &emsp;--- 16 Oct 15:52:31 647 - Catched spinner load exception due to Expected condition failed: waiting for ICar.support.WaitUtils$4@636673a3 (tried for 15 second(s) with 500 milliseconds interval)</small> </font> </div>
<div class="test-event"> <font color="maroon"> <small> &emsp; &emsp;--- 16 Oct 15:52:31 648 - <b>15</b> - Spinner Load Wait: (Sync) - ICar.support.WaitUtils.waitForSpinner(WaitUtils.java:225)</small> </font> </div>
<div class="test-event"> <font color="maroon"> <small> &emsp; &emsp;--- 16 Oct 15:52:31 815 - Page URL:: https://www.icarstage.com/cart</small> </font> </div>
<div class="test-event"> <font color="maroon"> <small> &emsp; &emsp;--- 16 Oct 15:52:31 815 - <b>0</b> - Page Load Wait: (Sync) - ICar.support.Utils.waitForPageLoad(Utils.java:109)</small> </font> </div>
<div class="test-event"> <font color="maroon"> <small> &emsp; &emsp;--- 16 Oct 15:52:31 871 - Element is displayed:: [[ChromeDriver: chrome on WINDOWS (4834176962fbe3ecc4109aac7d2ed5c0)] -> xpath: //button[text()='Continue to Checkout']]</small> </font> </div>
<div class="test-message">&emsp;5. Click on My cart icon to navigate to 'My Cart' Page</div>
<div class="test-message">&emsp;Successfully navigated to 'My Cart' Page&emsp;<a href=".\ScreenShot\ICar_B2B_TC014_61519283851500.png" target="_blank" >[ScreenShot]</a></div>
<div class="test-message">&emsp;6. Verify the added course: Aluminum GMA Welding Theory is displayed in the cart</div>
<div class="test-event"> <font color="maroon"> <small> &emsp; &emsp;--- 16 Oct 15:52:37 228 - Catched spinner load exception due to Expected condition failed: waiting for ICar.support.WaitUtils$4@636673a3 (tried for 5 second(s) with 500 milliseconds interval)</small> </font> </div>
<div class="test-event"> <font color="maroon"> <small> &emsp; &emsp;--- 16 Oct 15:52:37 228 - <b>5</b> - Spinner Load Wait: (Sync) - ICar.support.WaitUtils.waitForSpinner(WaitUtils.java:225)</small> </font> </div>
<div class="test-event"> <font color="maroon"> <small> &emsp; &emsp;--- 16 Oct 15:52:37 265 - Element is displayed:: [[ChromeDriver: chrome on WINDOWS (4834176962fbe3ecc4109aac7d2ed5c0)] -> xpath: //c-b2b_-cart-items[contains(@data-component-id,'b2b_CartItems-a')]//div[@class='left-width']//div[@data-label='LearningPlan']/div]</small> </font> </div>
<div class="test-message">&emsp;Successfully course: Aluminum GMA Welding Theory is added and displayed in the cart&emsp;<a href=".\ScreenShot\ICar_B2B_TC014_61528772609300.png" target="_blank" >[ScreenShot]</a></div>
<div class="test-event"> <font color="maroon"> <small> &emsp; &emsp;--- 16 Oct 15:52:41 593 - Element is displayed:: [[ChromeDriver: chrome on WINDOWS (4834176962fbe3ecc4109aac7d2ed5c0)] -> xpath: //button[text()='Empty Cart']]</small> </font> </div>
<div class="test-event"> <font color="maroon"> <small> &emsp; &emsp;--- 16 Oct 15:52:43 704 - Element is displayed:: [[ChromeDriver: chrome on WINDOWS (4834176962fbe3ecc4109aac7d2ed5c0)] -> xpath: //button[text()='Empty Cart']]</small> </font> </div>
<div class="test-event"> <font color="maroon"> <small> &emsp; &emsp;--- 16 Oct 15:52:44 095 - Element is displayed:: [[ChromeDriver: chrome on WINDOWS (4834176962fbe3ecc4109aac7d2ed5c0)] -> xpath: //button[@title='Yes']]</small> </font> </div>
<div class="test-event"> <font color="maroon"> <small> &emsp; &emsp;--- 16 Oct 15:52:44 172 - Element is displayed:: [[ChromeDriver: chrome on WINDOWS (4834176962fbe3ecc4109aac7d2ed5c0)] -> xpath: //button[@title='Yes']]</small> </font> </div>
<div class="test-message">&emsp;successfully removed from cart</div>
<div class="test-result"><br><font color="green"><strong> Test Passed. </strong></font> </div>&emsp;
&emsp;<div class="test-title"> <strong><font size = "3" color = "#0000FF">---Test Execution Ends---</font> </strong> </div>&emsp;]]>
    </system-out>
  </testcase> <!-- ICar_B2B_TC014 -->
  <testcase classname="B2Btestscripts.B2B_Student" name="ICar_B2B_TC039" time="160.139">
    <error message="Index -1 out of bounds for length 0" type="java.lang.IndexOutOfBoundsException">
      <![CDATA[java.lang.IndexOutOfBoundsException: Index -1 out of bounds for length 0
at java.base/jdk.internal.util.Preconditions.outOfBounds(Preconditions.java:64)
at java.base/jdk.internal.util.Preconditions.outOfBoundsCheckIndex(Preconditions.java:70)
at java.base/jdk.internal.util.Preconditions.checkIndex(Preconditions.java:266)
at java.base/java.util.Objects.checkIndex(Objects.java:359)
at java.base/java.util.ArrayList.get(ArrayList.java:427)
at java.base/jdk.internal.reflect.GeneratedMethodAccessor8.invoke(Unknown Source)
at java.base/jdk.internal.reflect.DelegatingMethodAccessorImpl.invoke(DelegatingMethodAccessorImpl.java:43)
at java.base/java.lang.reflect.Method.invoke(Method.java:567)
at org.openqa.selenium.support.pagefactory.internal.LocatingElementListHandler.invoke(LocatingElementListHandler.java:39)
at jdk.proxy2/jdk.proxy2.$Proxy26.get(Unknown Source)
at ICar.Pages.LiveVirtualSeatAssignmentsPage.recordsCount(LiveVirtualSeatAssignmentsPage.java:270)
at B2Btestscripts.B2B_Student.ICar_B2B_TC039(B2B_Student.java:3305)
at java.base/jdk.internal.reflect.NativeMethodAccessorImpl.invoke0(Native Method)
at java.base/jdk.internal.reflect.NativeMethodAccessorImpl.invoke(NativeMethodAccessorImpl.java:78)
at java.base/jdk.internal.reflect.DelegatingMethodAccessorImpl.invoke(DelegatingMethodAccessorImpl.java:43)
at java.base/java.lang.reflect.Method.invoke(Method.java:567)
at org.testng.internal.invokers.MethodInvocationHelper.invokeMethod(MethodInvocationHelper.java:139)
at org.testng.internal.invokers.TestInvoker.invokeMethod(TestInvoker.java:664)
at org.testng.internal.invokers.TestInvoker.invokeTestMethod(TestInvoker.java:227)
at org.testng.internal.invokers.TestMethodWithDataProviderMethodWorker.call(TestMethodWithDataProviderMethodWorker.java:80)
at org.testng.internal.invokers.TestMethodWithDataProviderMethodWorker.call(TestMethodWithDataProviderMethodWorker.java:17)
at java.base/java.util.concurrent.FutureTask.run(FutureTask.java:264)
at java.base/java.util.concurrent.Executors$RunnableAdapter.call(Executors.java:515)
at java.base/java.util.concurrent.FutureTask.run(FutureTask.java:264)
at java.base/java.util.concurrent.ThreadPoolExecutor.runWorker(ThreadPoolExecutor.java:1130)
at java.base/java.util.concurrent.ThreadPoolExecutor$Worker.run(ThreadPoolExecutor.java:630)
at java.base/java.lang.Thread.run(Thread.java:831)
]]>
    </error>
    <system-out>
      <![CDATA[<div class="test-event"> <font color="maroon"> <small> &emsp; &emsp;--- 16 Oct 16:59:12 521 - TestCaseID:: ICar_B2B_TC039</small> </font> </div>
<div class="test-event"> <font color="maroon"> <small> &emsp; &emsp;--- 16 Oct 16:59:14 243 - <b>1</b> - Driver::initialize::Get - ICar.support.WebDriverFactory.getDriver(WebDriverFactory.java:640)</small> </font> </div>
&emsp;<div class="test-title"> <strong><font size = "3" color = "#000080">Verify the excel download in  Live/Virtual Seat Assignments page</font> </strong> </div>&emsp;<div><strong>Steps:</strong></div><!-- Report -->&emsp;
<div class="test-event"> <font color="maroon"> <small> &emsp; &emsp;--- 16 Oct 16:59:18 913 - Element is displayed:: [[ChromeDriver: chrome on WINDOWS (f0a7760b4eb14ebfae158659f80aaafc)] -> xpath: //a/img[@alt='Login Image']|//button[@id='btn-login']]</small> </font> </div>
<div class="test-event"> <font color="maroon"> <small> &emsp; &emsp;--- 16 Oct 16:59:19 131 - Element is displayed:: [[ChromeDriver: chrome on WINDOWS (f0a7760b4eb14ebfae158659f80aaafc)] -> xpath: //a/img[@alt='Login Image']|//button[@id='btn-login']]</small> </font> </div>
<div class="test-message">&emsp;Successfully navigated to 'Home' Page&emsp;<a href=".\ScreenShot\ICar_B2B_TC039_65526543236900.png" target="_blank" >[ScreenShot]</a></div>
<div class="test-message">&emsp;1. Home page is launched.</div>
<div class="test-event"> <font color="maroon"> <small> &emsp; &emsp;--- 16 Oct 16:59:19 798 - Page URL:: https://www.icarstage.com/</small> </font> </div>
<div class="test-event"> <font color="maroon"> <small> &emsp; &emsp;--- 16 Oct 16:59:19 798 - <b>0</b> - Page Load Wait: (Sync) - ICar.support.Utils.waitForPageLoad(Utils.java:109)</small> </font> </div>
<div class="test-event"> <font color="maroon"> <small> &emsp; &emsp;--- 16 Oct 16:59:19 857 - Element is displayed:: [[ChromeDriver: chrome on WINDOWS (f0a7760b4eb14ebfae158659f80aaafc)] -> xpath: //a/img[@alt='Login Image']|//button[@id='btn-login']]</small> </font> </div>
<div class="test-event"> <font color="maroon"> <small> &emsp; &emsp;--- 16 Oct 16:59:19 904 - Element is displayed:: [[ChromeDriver: chrome on WINDOWS (f0a7760b4eb14ebfae158659f80aaafc)] -> xpath: //a/img[@alt='Login Image']|//button[@id='btn-login']]</small> </font> </div>
<div class="test-event"> <font color="maroon"> <small> &emsp; &emsp;--- 16 Oct 16:59:37 975 - Catched spinner load exception due to Expected condition failed: waiting for ICar.support.WaitUtils$4@636673a3 (tried for 15 second(s) with 500 milliseconds interval)</small> </font> </div>
<div class="test-event"> <font color="maroon"> <small> &emsp; &emsp;--- 16 Oct 16:59:37 975 - <b>15</b> - Spinner Load Wait: (Sync) - ICar.support.WaitUtils.waitForSpinner(WaitUtils.java:225)</small> </font> </div>
<div class="test-message">&emsp;2. Navigate to 'Login Page'</div>
<div class="test-message">&emsp;Successfully navigated to 'Login' Page&emsp;<a href=".\ScreenShot\ICar_B2B_TC039_65545390957400.png" target="_blank" >[ScreenShot]</a></div>
<div class="test-event"> <font color="maroon"> <small> &emsp; &emsp;--- 16 Oct 16:59:38 218 - Element is displayed:: [[ChromeDriver: chrome on WINDOWS (f0a7760b4eb14ebfae158659f80aaafc)] -> id: username]</small> </font> </div>
<div class="test-event"> <font color="maroon"> <small> &emsp; &emsp;--- 16 Oct 16:59:38 282 - Element is displayed:: [[ChromeDriver: chrome on WINDOWS (f0a7760b4eb14ebfae158659f80aaafc)] -> id: username]</small> </font> </div>
<div class="test-event"> <font color="maroon"> <small> &emsp; &emsp;--- 16 Oct 16:59:38 474 - Element is displayed:: [[ChromeDriver: chrome on WINDOWS (f0a7760b4eb14ebfae158659f80aaafc)] -> id: password]</small> </font> </div>
<div class="test-event"> <font color="maroon"> <small> &emsp; &emsp;--- 16 Oct 16:59:38 638 - Element is displayed:: [[ChromeDriver: chrome on WINDOWS (f0a7760b4eb14ebfae158659f80aaafc)] -> id: btn-login]</small> </font> </div>
<div class="test-event"> <font color="maroon"> <small> &emsp; &emsp;--- 16 Oct 16:59:45 708 - Catched spinner load exception due to Expected condition failed: waiting for ICar.support.WaitUtils$4@636673a3 (tried for 3 second(s) with 500 milliseconds interval)</small> </font> </div>
<div class="test-event"> <font color="maroon"> <small> &emsp; &emsp;--- 16 Oct 16:59:45 708 - <b>7</b> - Spinner Load Wait: (Sync) - ICar.support.WaitUtils.waitForSpinner(WaitUtils.java:225)</small> </font> </div>
<div class="test-event"> <font color="maroon"> <small> &emsp; &emsp;--- 16 Oct 17:00:07 485 - Catched spinner load exception due to Expected condition failed: waiting for ICar.support.WaitUtils$4@636673a3 (tried for 10 second(s) with 500 milliseconds interval)</small> </font> </div>
<div class="test-event"> <font color="maroon"> <small> &emsp; &emsp;--- 16 Oct 17:00:07 485 - <b>10</b> - Spinner Load Wait: (Sync) - ICar.support.WaitUtils.waitForSpinner(WaitUtils.java:225)</small> </font> </div>
<div class="test-event"> <font color="maroon"> <small> &emsp; &emsp;--- 16 Oct 17:00:07 558 - Element is displayed:: [[ChromeDriver: chrome on WINDOWS (f0a7760b4eb14ebfae158659f80aaafc)] -> xpath: //button[@value='Launch My Learning']]</small> </font> </div>
<div class="test-message">&emsp;3. Enter the user credentials as : 2810173</div>
<div class="test-message">&emsp;Successfully navigated to 'User Home' Page&emsp;<a href=".\ScreenShot\ICar_B2B_TC039_65574970764400.png" target="_blank" >[ScreenShot]</a></div>
<div class="test-message">&emsp;4. Navigate to 'Live/Virtual Seat assignments' page</div>
<div class="test-event"> <font color="maroon"> <small> &emsp; &emsp;--- 16 Oct 17:00:07 922 - Page URL:: https://www.icarstage.com/</small> </font> </div>
<div class="test-event"> <font color="maroon"> <small> &emsp; &emsp;--- 16 Oct 17:00:07 922 - <b>0</b> - Page Load Wait: (Sync) - ICar.support.Utils.waitForPageLoad(Utils.java:109)</small> </font> </div>
<div class="test-event"> <font color="maroon"> <small> &emsp; &emsp;--- 16 Oct 17:00:07 978 - Element is displayed:: [[ChromeDriver: chrome on WINDOWS (f0a7760b4eb14ebfae158659f80aaafc)] -> xpath: //p[text()='Launch My Learning']]</small> </font> </div>
<div class="test-event"> <font color="maroon"> <small> &emsp; &emsp;--- 16 Oct 17:01:14 660 - Unable to find an element after 15 sec ==> Proxy element for: AjaxElementLocator 'By.xpath: //a[text()='Manage Virtual Seat Assignments']'</small> </font> </div>
<div class="test-event"> <font color="maroon"> <small> &emsp; &emsp;--- 16 Oct 17:01:14 706 - Element is displayed:: [[ChromeDriver: chrome on WINDOWS (f0a7760b4eb14ebfae158659f80aaafc)] -> xpath: //a[text()='Virtual Seat Assignments']]</small> </font> </div>
<div class="test-event"> <font color="maroon"> <small> &emsp; &emsp;--- 16 Oct 17:01:16 789 - Element is displayed:: [[ChromeDriver: chrome on WINDOWS (f0a7760b4eb14ebfae158659f80aaafc)] -> xpath: //a[text()='Virtual Seat Assignments']]</small> </font> </div>
<div class="test-event"> <font color="maroon"> <small> &emsp; &emsp;--- 16 Oct 17:01:38 033 - Catched spinner load exception due to Expected condition failed: waiting for ICar.support.WaitUtils$4@636673a3 (tried for 15 second(s) with 500 milliseconds interval)</small> </font> </div>
<div class="test-event"> <font color="maroon"> <small> &emsp; &emsp;--- 16 Oct 17:01:38 033 - <b>15</b> - Spinner Load Wait: (Sync) - ICar.support.WaitUtils.waitForSpinner(WaitUtils.java:225)</small> </font> </div>
<div class="test-event"> <font color="maroon"> <small> &emsp; &emsp;--- 16 Oct 17:01:38 236 - Page URL:: https://my.icarstage.com/s/manage-virtual-seat-assignments</small> </font> </div>
<div class="test-event"> <font color="maroon"> <small> &emsp; &emsp;--- 16 Oct 17:01:38 236 - <b>0</b> - Page Load Wait: (Sync) - ICar.support.Utils.waitForPageLoad(Utils.java:109)</small> </font> </div>
<div class="test-event"> <font color="maroon"> <small> &emsp; &emsp;--- 16 Oct 17:01:38 317 - Element is displayed:: [[ChromeDriver: chrome on WINDOWS (f0a7760b4eb14ebfae158659f80aaafc)] -> xpath: //button[text()='Download']]</small> </font> </div>
<div class="test-message">&emsp;Successfully navigated to 'Live/Virtual Seat Assignments' Page&emsp;<a href=".\ScreenShot\ICar_B2B_TC039_65665728823200.png" target="_blank" >[ScreenShot]</a></div>
<div class="test-event"> <font color="maroon"> <small> &emsp; &emsp;--- 16 Oct 17:01:40 555 - Element is displayed:: [[ChromeDriver: chrome on WINDOWS (f0a7760b4eb14ebfae158659f80aaafc)] -> xpath: //button[text()='Download']]</small> </font> </div>
<div class="test-event"> <font color="maroon"> <small> &emsp; &emsp;--- 16 Oct 17:01:40 622 - Element is displayed:: [[ChromeDriver: chrome on WINDOWS (f0a7760b4eb14ebfae158659f80aaafc)] -> xpath: //button[text()='Download']]</small> </font> </div>
<div class="test-message">&emsp;5. Click on download button</div>
<div class="test-event"> <font color="maroon"> <small> &emsp; &emsp;--- 16 Oct 17:01:46 905 - Catched spinner load exception due to Expected condition failed: waiting for ICar.support.WaitUtils$4@636673a3 (tried for 6 second(s) with 500 milliseconds interval)</small> </font> </div>
<div class="test-event"> <font color="maroon"> <small> &emsp; &emsp;--- 16 Oct 17:01:46 906 - <b>6</b> - Spinner Load Wait: (Sync) - ICar.support.WaitUtils.waitForSpinner(WaitUtils.java:225)</small> </font> </div>
<div class="test-event"> <font color="maroon"> <small> &emsp; &emsp;--- 16 Oct 17:01:47 036 - Page URL:: https://my.icarstage.com/s/manage-virtual-seat-assignments</small> </font> </div>
<div class="test-event"> <font color="maroon"> <small> &emsp; &emsp;--- 16 Oct 17:01:47 037 - <b>0</b> - Page Load Wait: (Sync) - ICar.support.Utils.waitForPageLoad(Utils.java:109)</small> </font> </div>
<!--FAIL-->
<div class="test-result"><br><font color="red"><strong> Index -1 out of bounds for length 0 </strong></font> <a href=".\ScreenShot\ICar_B2B_TC039_65680961997599.png" target="_blank" >[ScreenShot]</a></div>&emsp;
&emsp;<div class="test-title"> <strong><font size = "3" color = "#0000FF">---Test Execution Ends---</font> </strong> </div>&emsp;]]>
    </system-out>
  </testcase> <!-- ICar_B2B_TC039 -->
  <testcase classname="B2Btestscripts.B2B_Student" name="ICar_B2B_TC015" time="172.196">
    <system-out>
      <![CDATA[<div class="test-event"> <font color="maroon"> <small> &emsp; &emsp;--- 16 Oct 15:52:45 002 - TestCaseID:: ICar_B2B_TC015</small> </font> </div>
<div class="test-event"> <font color="maroon"> <small> &emsp; &emsp;--- 16 Oct 15:52:47 083 - <b>2</b> - Driver::initialize::Get - ICar.support.WebDriverFactory.getDriver(WebDriverFactory.java:640)</small> </font> </div>
&emsp;<div class="test-title"> <strong><font size = "3" color = "#000080">Verify adding training course to cart after searching</font> </strong> </div>&emsp;<div><strong>Steps:</strong></div><!-- Report -->&emsp;
<div class="test-event"> <font color="maroon"> <small> &emsp; &emsp;--- 16 Oct 15:52:53 145 - Element is displayed:: [[ChromeDriver: chrome on WINDOWS (348af46f9e73142aff812d4155170555)] -> xpath: //a/img[@alt='Login Image']|//button[@id='btn-login']]</small> </font> </div>
<div class="test-event"> <font color="maroon"> <small> &emsp; &emsp;--- 16 Oct 15:52:53 211 - Element is displayed:: [[ChromeDriver: chrome on WINDOWS (348af46f9e73142aff812d4155170555)] -> xpath: //a/img[@alt='Login Image']|//button[@id='btn-login']]</small> </font> </div>
<div class="test-message">&emsp;Successfully navigated to 'Home' Page&emsp;<a href=".\ScreenShot\ICar_B2B_TC015_61540623611400.png" target="_blank" >[ScreenShot]</a></div>
<div class="test-message">&emsp;1. Home page is launched.</div>
<div class="test-event"> <font color="maroon"> <small> &emsp; &emsp;--- 16 Oct 15:52:53 682 - Page URL:: https://www.icarstage.com/</small> </font> </div>
<div class="test-event"> <font color="maroon"> <small> &emsp; &emsp;--- 16 Oct 15:52:53 682 - <b>0</b> - Page Load Wait: (Sync) - ICar.support.Utils.waitForPageLoad(Utils.java:109)</small> </font> </div>
<div class="test-event"> <font color="maroon"> <small> &emsp; &emsp;--- 16 Oct 15:52:53 732 - Element is displayed:: [[ChromeDriver: chrome on WINDOWS (348af46f9e73142aff812d4155170555)] -> xpath: //a/img[@alt='Login Image']|//button[@id='btn-login']]</small> </font> </div>
<div class="test-event"> <font color="maroon"> <small> &emsp; &emsp;--- 16 Oct 15:52:53 797 - Element is displayed:: [[ChromeDriver: chrome on WINDOWS (348af46f9e73142aff812d4155170555)] -> xpath: //a/img[@alt='Login Image']|//button[@id='btn-login']]</small> </font> </div>
<div class="test-event"> <font color="maroon"> <small> &emsp; &emsp;--- 16 Oct 15:53:12 102 - Catched spinner load exception due to Expected condition failed: waiting for ICar.support.WaitUtils$4@636673a3 (tried for 15 second(s) with 500 milliseconds interval)</small> </font> </div>
<div class="test-event"> <font color="maroon"> <small> &emsp; &emsp;--- 16 Oct 15:53:12 102 - <b>15</b> - Spinner Load Wait: (Sync) - ICar.support.WaitUtils.waitForSpinner(WaitUtils.java:225)</small> </font> </div>
<div class="test-message">&emsp;2. Navigate to 'Login Page'</div>
<div class="test-message">&emsp;Successfully navigated to 'Login' Page&emsp;<a href=".\ScreenShot\ICar_B2B_TC015_61559518145800.png" target="_blank" >[ScreenShot]</a></div>
<div class="test-event"> <font color="maroon"> <small> &emsp; &emsp;--- 16 Oct 15:53:13 672 - Element is displayed:: [[ChromeDriver: chrome on WINDOWS (348af46f9e73142aff812d4155170555)] -> id: username]</small> </font> </div>
<div class="test-event"> <font color="maroon"> <small> &emsp; &emsp;--- 16 Oct 15:53:13 770 - Element is displayed:: [[ChromeDriver: chrome on WINDOWS (348af46f9e73142aff812d4155170555)] -> id: username]</small> </font> </div>
<div class="test-event"> <font color="maroon"> <small> &emsp; &emsp;--- 16 Oct 15:53:14 173 - Element is displayed:: [[ChromeDriver: chrome on WINDOWS (348af46f9e73142aff812d4155170555)] -> id: password]</small> </font> </div>
<div class="test-event"> <font color="maroon"> <small> &emsp; &emsp;--- 16 Oct 15:53:14 446 - Element is displayed:: [[ChromeDriver: chrome on WINDOWS (348af46f9e73142aff812d4155170555)] -> id: btn-login]</small> </font> </div>
<div class="test-event"> <font color="maroon"> <small> &emsp; &emsp;--- 16 Oct 15:53:19 838 - Catched spinner load exception due to Expected condition failed: waiting for ICar.support.WaitUtils$4@636673a3 (tried for 3 second(s) with 500 milliseconds interval)</small> </font> </div>
<div class="test-event"> <font color="maroon"> <small> &emsp; &emsp;--- 16 Oct 15:53:19 838 - <b>5</b> - Spinner Load Wait: (Sync) - ICar.support.WaitUtils.waitForSpinner(WaitUtils.java:225)</small> </font> </div>
<div class="test-event"> <font color="maroon"> <small> &emsp; &emsp;--- 16 Oct 15:53:49 307 - Catched spinner load exception due to Expected condition failed: waiting for ICar.support.WaitUtils$4@636673a3 (tried for 10 second(s) with 500 milliseconds interval)</small> </font> </div>
<div class="test-event"> <font color="maroon"> <small> &emsp; &emsp;--- 16 Oct 15:53:49 307 - <b>10</b> - Spinner Load Wait: (Sync) - ICar.support.WaitUtils.waitForSpinner(WaitUtils.java:225)</small> </font> </div>
<div class="test-event"> <font color="maroon"> <small> &emsp; &emsp;--- 16 Oct 15:53:49 379 - Element is displayed:: [[ChromeDriver: chrome on WINDOWS (348af46f9e73142aff812d4155170555)] -> xpath: //button[@value='Launch My Learning']]</small> </font> </div>
<div class="test-message">&emsp;3. Enter the user credentials as : Angielex</div>
<div class="test-message">&emsp;Successfully navigated to 'User Home' Page&emsp;<a href=".\ScreenShot\ICar_B2B_TC015_61596791976800.png" target="_blank" >[ScreenShot]</a></div>
<div class="test-message">&emsp;4. Search the course Aluminum GMA Welding Theory and add to cart</div>
<div class="test-event"> <font color="maroon"> <small> &emsp; &emsp;--- 16 Oct 15:53:49 755 - Page URL:: https://www.icarstage.com/</small> </font> </div>
<div class="test-event"> <font color="maroon"> <small> &emsp; &emsp;--- 16 Oct 15:53:49 755 - <b>0</b> - Page Load Wait: (Sync) - ICar.support.Utils.waitForPageLoad(Utils.java:109)</small> </font> </div>
<div class="test-event"> <font color="maroon"> <small> &emsp; &emsp;--- 16 Oct 15:53:59 780 - Catched spinner load exception due to Expected condition failed: waiting for ICar.support.WaitUtils$4@636673a3 (tried for 10 second(s) with 500 milliseconds interval)</small> </font> </div>
<div class="test-event"> <font color="maroon"> <small> &emsp; &emsp;--- 16 Oct 15:53:59 780 - <b>10</b> - Spinner Load Wait: (Sync) - ICar.support.WaitUtils.waitForSpinner(WaitUtils.java:225)</small> </font> </div>
<div class="test-event"> <font color="maroon"> <small> &emsp; &emsp;--- 16 Oct 15:53:59 906 - Element is displayed:: [[ChromeDriver: chrome on WINDOWS (348af46f9e73142aff812d4155170555)] -> xpath: //input[@class='slds-input searchInputCls']]</small> </font> </div>
<div class="test-event"> <font color="maroon"> <small> &emsp; &emsp;--- 16 Oct 15:54:15 795 - Catched spinner load exception due to Expected condition failed: waiting for ICar.support.WaitUtils$4@636673a3 (tried for 14 second(s) with 500 milliseconds interval)</small> </font> </div>
<div class="test-event"> <font color="maroon"> <small> &emsp; &emsp;--- 16 Oct 15:54:15 795 - <b>14</b> - Spinner Load Wait: (Sync) - ICar.support.WaitUtils.waitForSpinner(WaitUtils.java:225)</small> </font> </div>
<div class="test-event"> <font color="maroon"> <small> &emsp; &emsp;--- 16 Oct 15:54:17 882 - Element is displayed:: [[ChromeDriver: chrome on WINDOWS (348af46f9e73142aff812d4155170555)] -> xpath: //td[@data-label='ProductName']//a]</small> </font> </div>
<div class="test-event"> <font color="maroon"> <small> &emsp; &emsp;--- 16 Oct 15:54:19 969 - Page URL:: https://www.icarstage.com/product/aluminum-gma-welding-theory/01tdi000007teqsia2</small> </font> </div>
<div class="test-event"> <font color="maroon"> <small> &emsp; &emsp;--- 16 Oct 15:54:19 969 - <b>0</b> - Page Load Wait: (Sync) - ICar.support.Utils.waitForPageLoad(Utils.java:109)</small> </font> </div>
<div class="test-event"> <font color="maroon"> <small> &emsp; &emsp;--- 16 Oct 15:54:40 454 - Unable to find a element after 17 sec ==> Proxy element for: AjaxElementLocator 'By.xpath: (//button[text()='Get Started'])[1]'</small> </font> </div>
<div class="test-event"> <font color="maroon"> <small> &emsp; &emsp;--- 16 Oct 15:54:40 503 - Element is displayed:: [[ChromeDriver: chrome on WINDOWS (348af46f9e73142aff812d4155170555)] -> xpath: //button[text()='Add to Cart']]</small> </font> </div>
<div class="test-event"> <font color="maroon"> <small> &emsp; &emsp;--- 16 Oct 15:54:40 562 - Element is displayed:: [[ChromeDriver: chrome on WINDOWS (348af46f9e73142aff812d4155170555)] -> xpath: //button[text()='Add to Cart']]</small> </font> </div>
<div class="test-event"> <font color="maroon"> <small> &emsp; &emsp;--- 16 Oct 15:54:42 793 - Element is displayed:: [[ChromeDriver: chrome on WINDOWS (348af46f9e73142aff812d4155170555)] -> xpath: //slot[@name='message']]</small> </font> </div>
<div class="test-message">&emsp;Success message displayed on adding the course: Aluminum GMA Welding Theory to the cart&emsp;<a href=".\ScreenShot\ICar_B2B_TC015_61650250762500.png" target="_blank" >[ScreenShot]</a></div>
<div class="test-event"> <font color="maroon"> <small> &emsp; &emsp;--- 16 Oct 15:54:43 123 - Page URL:: https://www.icarstage.com/product/aluminum-gma-welding-theory/01tdi000007teqsia2</small> </font> </div>
<div class="test-event"> <font color="maroon"> <small> &emsp; &emsp;--- 16 Oct 15:54:43 123 - <b>0</b> - Page Load Wait: (Sync) - ICar.support.Utils.waitForPageLoad(Utils.java:109)</small> </font> </div>
<div class="test-event"> <font color="maroon"> <small> &emsp; &emsp;--- 16 Oct 15:54:43 181 - Element is displayed:: [[ChromeDriver: chrome on WINDOWS (348af46f9e73142aff812d4155170555)] -> xpath: //p[text()='Launch My Learning']]</small> </font> </div>
<div class="test-event"> <font color="maroon"> <small> &emsp; &emsp;--- 16 Oct 15:55:03 553 - Catched spinner load exception due to Expected condition failed: waiting for ICar.support.WaitUtils$4@636673a3 (tried for 20 second(s) with 500 milliseconds interval)</small> </font> </div>
<div class="test-event"> <font color="maroon"> <small> &emsp; &emsp;--- 16 Oct 15:55:03 553 - <b>20</b> - Spinner Load Wait: (Sync) - ICar.support.WaitUtils.waitForSpinner(WaitUtils.java:225)</small> </font> </div>
<div class="test-event"> <font color="maroon"> <small> &emsp; &emsp;--- 16 Oct 15:55:03 600 - Element is displayed:: [[ChromeDriver: chrome on WINDOWS (348af46f9e73142aff812d4155170555)] -> xpath: //div[@class='HeaderCart_Icon']/a]</small> </font> </div>
<div class="test-event"> <font color="maroon"> <small> &emsp; &emsp;--- 16 Oct 15:55:05 917 - Element is displayed:: [[ChromeDriver: chrome on WINDOWS (348af46f9e73142aff812d4155170555)] -> xpath: //div[@class='HeaderCart_Icon']/a]</small> </font> </div>
<div class="test-event"> <font color="maroon"> <small> &emsp; &emsp;--- 16 Oct 15:55:26 097 - Catched spinner load exception due to Expected condition failed: waiting for ICar.support.WaitUtils$4@636673a3 (tried for 15 second(s) with 500 milliseconds interval)</small> </font> </div>
<div class="test-event"> <font color="maroon"> <small> &emsp; &emsp;--- 16 Oct 15:55:26 097 - <b>15</b> - Spinner Load Wait: (Sync) - ICar.support.WaitUtils.waitForSpinner(WaitUtils.java:225)</small> </font> </div>
<div class="test-event"> <font color="maroon"> <small> &emsp; &emsp;--- 16 Oct 15:55:26 202 - Page URL:: https://www.icarstage.com/cart</small> </font> </div>
<div class="test-event"> <font color="maroon"> <small> &emsp; &emsp;--- 16 Oct 15:55:26 202 - <b>0</b> - Page Load Wait: (Sync) - ICar.support.Utils.waitForPageLoad(Utils.java:109)</small> </font> </div>
<div class="test-event"> <font color="maroon"> <small> &emsp; &emsp;--- 16 Oct 15:55:26 258 - Element is displayed:: [[ChromeDriver: chrome on WINDOWS (348af46f9e73142aff812d4155170555)] -> xpath: //button[text()='Continue to Checkout']]</small> </font> </div>
<div class="test-message">&emsp;5. Click on My cart icon to navigate to My Cart Page</div>
<div class="test-message">&emsp;Successfully navigated to 'My Cart' Page&emsp;<a href=".\ScreenShot\ICar_B2B_TC015_61693669937600.png" target="_blank" >[ScreenShot]</a></div>
<div class="test-message">&emsp;6. Verify the added course gets displayed in the cart</div>
<div class="test-event"> <font color="maroon"> <small> &emsp; &emsp;--- 16 Oct 15:55:32 101 - Catched spinner load exception due to Expected condition failed: waiting for ICar.support.WaitUtils$4@636673a3 (tried for 5 second(s) with 500 milliseconds interval)</small> </font> </div>
<div class="test-event"> <font color="maroon"> <small> &emsp; &emsp;--- 16 Oct 15:55:32 101 - <b>5</b> - Spinner Load Wait: (Sync) - ICar.support.WaitUtils.waitForSpinner(WaitUtils.java:225)</small> </font> </div>
<div class="test-event"> <font color="maroon"> <small> &emsp; &emsp;--- 16 Oct 15:55:32 138 - Element is displayed:: [[ChromeDriver: chrome on WINDOWS (348af46f9e73142aff812d4155170555)] -> xpath: //c-b2b_-cart-items[contains(@data-component-id,'b2b_CartItems-a')]//div[@class='left-width']//div[@data-label='LearningPlan']/div]</small> </font> </div>
<div class="test-message">&emsp;Successfully course: Aluminum GMA Welding Theory is added and displayed in the cart&emsp;<a href=".\ScreenShot\ICar_B2B_TC015_61703649644700.png" target="_blank" >[ScreenShot]</a></div>
<div class="test-event"> <font color="maroon"> <small> &emsp; &emsp;--- 16 Oct 15:55:36 445 - Element is displayed:: [[ChromeDriver: chrome on WINDOWS (348af46f9e73142aff812d4155170555)] -> xpath: //button[text()='Empty Cart']]</small> </font> </div>
<div class="test-event"> <font color="maroon"> <small> &emsp; &emsp;--- 16 Oct 15:55:38 525 - Element is displayed:: [[ChromeDriver: chrome on WINDOWS (348af46f9e73142aff812d4155170555)] -> xpath: //button[text()='Empty Cart']]</small> </font> </div>
<div class="test-event"> <font color="maroon"> <small> &emsp; &emsp;--- 16 Oct 15:55:38 630 - Element is displayed:: [[ChromeDriver: chrome on WINDOWS (348af46f9e73142aff812d4155170555)] -> xpath: //button[@title='Yes']]</small> </font> </div>
<div class="test-event"> <font color="maroon"> <small> &emsp; &emsp;--- 16 Oct 15:55:38 703 - Element is displayed:: [[ChromeDriver: chrome on WINDOWS (348af46f9e73142aff812d4155170555)] -> xpath: //button[@title='Yes']]</small> </font> </div>
<div class="test-message">&emsp;successfully removed from cart</div>
<div class="test-result"><br><font color="green"><strong> Test Passed. </strong></font> </div>&emsp;
&emsp;<div class="test-title"> <strong><font size = "3" color = "#0000FF">---Test Execution Ends---</font> </strong> </div>&emsp;]]>
    </system-out>
  </testcase> <!-- ICar_B2B_TC015 -->
  <testcase classname="B2Btestscripts.B2B_Student" name="ICar_B2B_TC030" time="121.340">
    <system-out>
      <![CDATA[<div class="test-event"> <font color="maroon"> <small> &emsp; &emsp;--- 16 Oct 16:30:00 461 - TestCaseID:: ICar_B2B_TC030</small> </font> </div>
<div class="test-event"> <font color="maroon"> <small> &emsp; &emsp;--- 16 Oct 16:30:01 405 - <b>0</b> - Driver::initialize::Get - ICar.support.WebDriverFactory.getDriver(WebDriverFactory.java:640)</small> </font> </div>
&emsp;<div class="test-title"> <strong><font size = "3" color = "#000080">Ability to delete the added credit card to the student payment information</font> </strong> </div>&emsp;<div><strong>Steps:</strong></div><!-- Report -->&emsp;
<div class="test-event"> <font color="maroon"> <small> &emsp; &emsp;--- 16 Oct 16:30:06 886 - Element is displayed:: [[ChromeDriver: chrome on WINDOWS (00a39145f1c76a74a38809f1f74fa28c)] -> xpath: //a/img[@alt='Login Image']|//button[@id='btn-login']]</small> </font> </div>
<div class="test-event"> <font color="maroon"> <small> &emsp; &emsp;--- 16 Oct 16:30:06 962 - Element is displayed:: [[ChromeDriver: chrome on WINDOWS (00a39145f1c76a74a38809f1f74fa28c)] -> xpath: //a/img[@alt='Login Image']|//button[@id='btn-login']]</small> </font> </div>
<div class="test-message">&emsp;Successfully navigated to 'Home' Page&emsp;<a href=".\ScreenShot\ICar_B2B_TC030_63774374134700.png" target="_blank" >[ScreenShot]</a></div>
<div class="test-message">&emsp;1. Home page is launched.</div>
<div class="test-event"> <font color="maroon"> <small> &emsp; &emsp;--- 16 Oct 16:30:07 403 - Page URL:: https://www.icarstage.com/</small> </font> </div>
<div class="test-event"> <font color="maroon"> <small> &emsp; &emsp;--- 16 Oct 16:30:07 403 - <b>0</b> - Page Load Wait: (Sync) - ICar.support.Utils.waitForPageLoad(Utils.java:109)</small> </font> </div>
<div class="test-event"> <font color="maroon"> <small> &emsp; &emsp;--- 16 Oct 16:30:07 444 - Element is displayed:: [[ChromeDriver: chrome on WINDOWS (00a39145f1c76a74a38809f1f74fa28c)] -> xpath: //a/img[@alt='Login Image']|//button[@id='btn-login']]</small> </font> </div>
<div class="test-event"> <font color="maroon"> <small> &emsp; &emsp;--- 16 Oct 16:30:07 503 - Element is displayed:: [[ChromeDriver: chrome on WINDOWS (00a39145f1c76a74a38809f1f74fa28c)] -> xpath: //a/img[@alt='Login Image']|//button[@id='btn-login']]</small> </font> </div>
<div class="test-event"> <font color="maroon"> <small> &emsp; &emsp;--- 16 Oct 16:30:25 534 - Catched spinner load exception due to Expected condition failed: waiting for ICar.support.WaitUtils$4@636673a3 (tried for 15 second(s) with 500 milliseconds interval)</small> </font> </div>
<div class="test-event"> <font color="maroon"> <small> &emsp; &emsp;--- 16 Oct 16:30:25 534 - <b>15</b> - Spinner Load Wait: (Sync) - ICar.support.WaitUtils.waitForSpinner(WaitUtils.java:225)</small> </font> </div>
<div class="test-message">&emsp;2. Navigate to 'Login Page'</div>
<div class="test-message">&emsp;Successfully navigated to 'Login' Page&emsp;<a href=".\ScreenShot\ICar_B2B_TC030_63792949887200.png" target="_blank" >[ScreenShot]</a></div>
<div class="test-event"> <font color="maroon"> <small> &emsp; &emsp;--- 16 Oct 16:30:25 750 - Element is displayed:: [[ChromeDriver: chrome on WINDOWS (00a39145f1c76a74a38809f1f74fa28c)] -> id: username]</small> </font> </div>
<div class="test-event"> <font color="maroon"> <small> &emsp; &emsp;--- 16 Oct 16:30:25 803 - Element is displayed:: [[ChromeDriver: chrome on WINDOWS (00a39145f1c76a74a38809f1f74fa28c)] -> id: username]</small> </font> </div>
<div class="test-event"> <font color="maroon"> <small> &emsp; &emsp;--- 16 Oct 16:30:26 005 - Element is displayed:: [[ChromeDriver: chrome on WINDOWS (00a39145f1c76a74a38809f1f74fa28c)] -> id: password]</small> </font> </div>
<div class="test-event"> <font color="maroon"> <small> &emsp; &emsp;--- 16 Oct 16:30:26 174 - Element is displayed:: [[ChromeDriver: chrome on WINDOWS (00a39145f1c76a74a38809f1f74fa28c)] -> id: btn-login]</small> </font> </div>
<div class="test-event"> <font color="maroon"> <small> &emsp; &emsp;--- 16 Oct 16:30:31 021 - Catched spinner load exception due to Expected condition failed: waiting for ICar.support.WaitUtils$4@636673a3 (tried for 3 second(s) with 500 milliseconds interval)</small> </font> </div>
<div class="test-event"> <font color="maroon"> <small> &emsp; &emsp;--- 16 Oct 16:30:31 021 - <b>4</b> - Spinner Load Wait: (Sync) - ICar.support.WaitUtils.waitForSpinner(WaitUtils.java:225)</small> </font> </div>
<div class="test-event"> <font color="maroon"> <small> &emsp; &emsp;--- 16 Oct 16:30:55 910 - Catched spinner load exception due to Expected condition failed: waiting for ICar.support.WaitUtils$4@636673a3 (tried for 10 second(s) with 500 milliseconds interval)</small> </font> </div>
<div class="test-event"> <font color="maroon"> <small> &emsp; &emsp;--- 16 Oct 16:30:55 910 - <b>10</b> - Spinner Load Wait: (Sync) - ICar.support.WaitUtils.waitForSpinner(WaitUtils.java:225)</small> </font> </div>
<div class="test-event"> <font color="maroon"> <small> &emsp; &emsp;--- 16 Oct 16:30:55 983 - Element is displayed:: [[ChromeDriver: chrome on WINDOWS (00a39145f1c76a74a38809f1f74fa28c)] -> xpath: //button[@value='Launch My Learning']]</small> </font> </div>
<div class="test-message">&emsp;3. Enter the user credentials as : 2810173</div>
<div class="test-message">&emsp;Successfully navigated to 'User Home' Page&emsp;<a href=".\ScreenShot\ICar_B2B_TC030_63823395748200.png" target="_blank" >[ScreenShot]</a></div>
<div class="test-event"> <font color="maroon"> <small> &emsp; &emsp;--- 16 Oct 16:30:56 398 - Page URL:: https://www.icarstage.com/</small> </font> </div>
<div class="test-event"> <font color="maroon"> <small> &emsp; &emsp;--- 16 Oct 16:30:56 398 - <b>0</b> - Page Load Wait: (Sync) - ICar.support.Utils.waitForPageLoad(Utils.java:109)</small> </font> </div>
<div class="test-event"> <font color="maroon"> <small> &emsp; &emsp;--- 16 Oct 16:30:56 454 - Element is displayed:: [[ChromeDriver: chrome on WINDOWS (00a39145f1c76a74a38809f1f74fa28c)] -> xpath: //p[text()='Launch My Learning']]</small> </font> </div>
<div class="test-event"> <font color="maroon"> <small> &emsp; &emsp;--- 16 Oct 16:30:56 493 - Element is displayed:: [[ChromeDriver: chrome on WINDOWS (00a39145f1c76a74a38809f1f74fa28c)] -> xpath: //lightning-layout[@class='left-margin slds-align_absolute-center slds-grid slds-grid_align-spread slds-wrap']//lightning-layout-item[2]//a]</small> </font> </div>
<div class="test-event"> <font color="maroon"> <small> &emsp; &emsp;--- 16 Oct 16:30:58 568 - Element is displayed:: [[ChromeDriver: chrome on WINDOWS (00a39145f1c76a74a38809f1f74fa28c)] -> xpath: //lightning-layout[@class='left-margin slds-align_absolute-center slds-grid slds-grid_align-spread slds-wrap']//lightning-layout-item[2]//a]</small> </font> </div>
<div class="test-event"> <font color="maroon"> <small> &emsp; &emsp;--- 16 Oct 16:30:58 670 - Element is displayed:: [[ChromeDriver: chrome on WINDOWS (00a39145f1c76a74a38809f1f74fa28c)] -> xpath: //ul[@aria-label='Show More']//li[2]/a]</small> </font> </div>
<div class="test-event"> <font color="maroon"> <small> &emsp; &emsp;--- 16 Oct 16:30:58 722 - Element is displayed:: [[ChromeDriver: chrome on WINDOWS (00a39145f1c76a74a38809f1f74fa28c)] -> xpath: //ul[@aria-label='Show More']//li[2]/a]</small> </font> </div>
<div class="test-event"> <font color="maroon"> <small> &emsp; &emsp;--- 16 Oct 16:31:15 875 - Catched spinner load exception due to Expected condition failed: waiting for ICar.support.WaitUtils$4@636673a3 (tried for 15 second(s) with 500 milliseconds interval)</small> </font> </div>
<div class="test-event"> <font color="maroon"> <small> &emsp; &emsp;--- 16 Oct 16:31:15 875 - <b>15</b> - Spinner Load Wait: (Sync) - ICar.support.WaitUtils.waitForSpinner(WaitUtils.java:225)</small> </font> </div>
<div class="test-event"> <font color="maroon"> <small> &emsp; &emsp;--- 16 Oct 16:31:15 968 - Page URL:: https://www.icarstage.com/my-payment-information</small> </font> </div>
<div class="test-event"> <font color="maroon"> <small> &emsp; &emsp;--- 16 Oct 16:31:15 968 - <b>0</b> - Page Load Wait: (Sync) - ICar.support.Utils.waitForPageLoad(Utils.java:109)</small> </font> </div>
<div class="test-event"> <font color="maroon"> <small> &emsp; &emsp;--- 16 Oct 16:31:16 028 - Element is displayed:: [[ChromeDriver: chrome on WINDOWS (00a39145f1c76a74a38809f1f74fa28c)] -> xpath: //a[contains(text(),'Credit Card')]]</small> </font> </div>
<div class="test-message">&emsp;4. Navigating to My Payment Information Page</div>
<div class="test-message">&emsp;Successfully navigated to 'My Payment Information' Page&emsp;<a href=".\ScreenShot\ICar_B2B_TC030_63843440199600.png" target="_blank" >[ScreenShot]</a></div>
<div class="test-message">&emsp;5. Add the credit card details</div>
<div class="test-event"> <font color="maroon"> <small> &emsp; &emsp;--- 16 Oct 16:31:26 551 - Catched spinner load exception due to Expected condition failed: waiting for ICar.support.WaitUtils$4@636673a3 (tried for 10 second(s) with 500 milliseconds interval)</small> </font> </div>
<div class="test-event"> <font color="maroon"> <small> &emsp; &emsp;--- 16 Oct 16:31:26 551 - <b>10</b> - Spinner Load Wait: (Sync) - ICar.support.WaitUtils.waitForSpinner(WaitUtils.java:225)</small> </font> </div>
<div class="test-event"> <font color="maroon"> <small> &emsp; &emsp;--- 16 Oct 16:31:26 612 - Element is displayed:: [[ChromeDriver: chrome on WINDOWS (00a39145f1c76a74a38809f1f74fa28c)] -> xpath: //a[contains(text(),'Credit Card')]]</small> </font> </div>
<div class="test-event"> <font color="maroon"> <small> &emsp; &emsp;--- 16 Oct 16:31:33 033 - Catched spinner load exception due to Expected condition failed: waiting for ICar.support.WaitUtils$4@636673a3 (tried for 6 second(s) with 500 milliseconds interval)</small> </font> </div>
<div class="test-event"> <font color="maroon"> <small> &emsp; &emsp;--- 16 Oct 16:31:33 033 - <b>6</b> - Spinner Load Wait: (Sync) - ICar.support.WaitUtils.waitForSpinner(WaitUtils.java:225)</small> </font> </div>
<div class="test-event"> <font color="maroon"> <small> &emsp; &emsp;--- 16 Oct 16:31:41 372 - Catched spinner load exception due to Expected condition failed: waiting for ICar.support.WaitUtils$4@636673a3 (tried for 6 second(s) with 500 milliseconds interval)</small> </font> </div>
<div class="test-event"> <font color="maroon"> <small> &emsp; &emsp;--- 16 Oct 16:31:41 372 - <b>6</b> - Spinner Load Wait: (Sync) - ICar.support.WaitUtils.waitForSpinner(WaitUtils.java:225)</small> </font> </div>
<div class="test-event"> <font color="maroon"> <small> &emsp; &emsp;--- 16 Oct 16:31:41 435 - Element is displayed:: [[ChromeDriver: chrome on WINDOWS (00a39145f1c76a74a38809f1f74fa28c)] -> xpath: //input[@name='cardnumber']]</small> </font> </div>
<div class="test-event"> <font color="maroon"> <small> &emsp; &emsp;--- 16 Oct 16:31:42 373 - Element is displayed:: [[ChromeDriver: chrome on WINDOWS (00a39145f1c76a74a38809f1f74fa28c)] -> xpath: //input[@name='exp-date']]</small> </font> </div>
<div class="test-event"> <font color="maroon"> <small> &emsp; &emsp;--- 16 Oct 16:31:42 626 - Element is displayed:: [[ChromeDriver: chrome on WINDOWS (00a39145f1c76a74a38809f1f74fa28c)] -> xpath: //input[@name='cvc']]</small> </font> </div>
<div class="test-event"> <font color="maroon"> <small> &emsp; &emsp;--- 16 Oct 16:31:42 853 - Element is displayed:: [[ChromeDriver: chrome on WINDOWS (00a39145f1c76a74a38809f1f74fa28c)] -> xpath: //input[@name='postal']]</small> </font> </div>
<div class="test-event"> <font color="maroon"> <small> &emsp; &emsp;--- 16 Oct 16:31:43 082 - Element is displayed:: [[ChromeDriver: chrome on WINDOWS (00a39145f1c76a74a38809f1f74fa28c)] -> xpath: //button[@title='Add Card']]</small> </font> </div>
<div class="test-event"> <font color="maroon"> <small> &emsp; &emsp;--- 16 Oct 16:31:45 047 - Element is displayed:: [[ChromeDriver: chrome on WINDOWS (00a39145f1c76a74a38809f1f74fa28c)] -> xpath: //slot[@name='message']]</small> </font> </div>
<div class="test-message">&emsp;Successfully add card to 'My Payment Information' Page&emsp;<a href=".\ScreenShot\ICar_B2B_TC030_63872475910000.png" target="_blank" >[ScreenShot]</a></div>
<div class="test-message">&emsp;6.Remove the credit card</div>
<div class="test-event"> <font color="maroon"> <small> &emsp; &emsp;--- 16 Oct 16:31:49 337 - Element [[ChromeDriver: chrome on WINDOWS (00a39145f1c76a74a38809f1f74fa28c)] -> xpath: //slot[@name='message']], is still visible in page</small> </font> </div>
<div class="test-event"> <font color="maroon"> <small> &emsp; &emsp;--- 16 Oct 16:31:49 876 - Element [[ChromeDriver: chrome on WINDOWS (00a39145f1c76a74a38809f1f74fa28c)] -> xpath: //slot[@name='message']], is still visible in page</small> </font> </div>
<div class="test-event"> <font color="maroon"> <small> &emsp; &emsp;--- 16 Oct 16:31:56 840 - Element Proxy element for: AjaxElementLocator 'By.xpath: //slot[@name='message']', is not displayed in page </small> </font> </div>
<div class="test-event"> <font color="maroon"> <small> &emsp; &emsp;--- 16 Oct 16:32:00 885 - Element is displayed:: [[ChromeDriver: chrome on WINDOWS (00a39145f1c76a74a38809f1f74fa28c)] -> xpath: (//a[contains(@name,'delete|card_')])/lightning-icon]</small> </font> </div>
<div class="test-event"> <font color="maroon"> <small> &emsp; &emsp;--- 16 Oct 16:32:00 981 - Element is displayed:: [[ChromeDriver: chrome on WINDOWS (00a39145f1c76a74a38809f1f74fa28c)] -> xpath: //button[@title='Yes']]</small> </font> </div>
<div class="test-event"> <font color="maroon"> <small> &emsp; &emsp;--- 16 Oct 16:32:01 028 - Element is displayed:: [[ChromeDriver: chrome on WINDOWS (00a39145f1c76a74a38809f1f74fa28c)] -> xpath: //button[@title='Yes']]</small> </font> </div>
<div class="test-message">&emsp;Successfully Removing the credit card  in 'My Payment Information' Page&emsp;<a href=".\ScreenShot\ICar_B2B_TC030_63889360029600.png" target="_blank" >[ScreenShot]</a></div>
<div class="test-result"><br><font color="green"><strong> Test Passed. </strong></font> </div>&emsp;
&emsp;<div class="test-title"> <strong><font size = "3" color = "#0000FF">---Test Execution Ends---</font> </strong> </div>&emsp;]]>
    </system-out>
  </testcase> <!-- ICar_B2B_TC030 -->
  <testcase classname="B2Btestscripts.B2B_Student" name="ICar_B2B_TC064" time="82.466">
    <error message="Index 0 out of bounds for length 0" type="java.lang.IndexOutOfBoundsException">
      <![CDATA[java.lang.IndexOutOfBoundsException: Index 0 out of bounds for length 0
at java.base/jdk.internal.util.Preconditions.outOfBounds(Preconditions.java:64)
at java.base/jdk.internal.util.Preconditions.outOfBoundsCheckIndex(Preconditions.java:70)
at java.base/jdk.internal.util.Preconditions.checkIndex(Preconditions.java:266)
at java.base/java.util.Objects.checkIndex(Objects.java:359)
at java.base/java.util.ArrayList.get(ArrayList.java:427)
at java.base/jdk.internal.reflect.GeneratedMethodAccessor8.invoke(Unknown Source)
at java.base/jdk.internal.reflect.DelegatingMethodAccessorImpl.invoke(DelegatingMethodAccessorImpl.java:43)
at java.base/java.lang.reflect.Method.invoke(Method.java:567)
at org.openqa.selenium.support.pagefactory.internal.LocatingElementListHandler.invoke(LocatingElementListHandler.java:39)
at jdk.proxy2/jdk.proxy2.$Proxy26.get(Unknown Source)
at ICar.Pages.MyTrainingPage.getCertificatesDetails(MyTrainingPage.java:839)
at B2Btestscripts.B2B_Student.ICar_B2B_TC064(B2B_Student.java:4836)
at java.base/jdk.internal.reflect.NativeMethodAccessorImpl.invoke0(Native Method)
at java.base/jdk.internal.reflect.NativeMethodAccessorImpl.invoke(NativeMethodAccessorImpl.java:78)
at java.base/jdk.internal.reflect.DelegatingMethodAccessorImpl.invoke(DelegatingMethodAccessorImpl.java:43)
at java.base/java.lang.reflect.Method.invoke(Method.java:567)
at org.testng.internal.invokers.MethodInvocationHelper.invokeMethod(MethodInvocationHelper.java:139)
at org.testng.internal.invokers.TestInvoker.invokeMethod(TestInvoker.java:664)
at org.testng.internal.invokers.TestInvoker.invokeTestMethod(TestInvoker.java:227)
at org.testng.internal.invokers.TestMethodWithDataProviderMethodWorker.call(TestMethodWithDataProviderMethodWorker.java:80)
at org.testng.internal.invokers.TestMethodWithDataProviderMethodWorker.call(TestMethodWithDataProviderMethodWorker.java:17)
at java.base/java.util.concurrent.FutureTask.run(FutureTask.java:264)
at java.base/java.util.concurrent.Executors$RunnableAdapter.call(Executors.java:515)
at java.base/java.util.concurrent.FutureTask.run(FutureTask.java:264)
at java.base/java.util.concurrent.ThreadPoolExecutor.runWorker(ThreadPoolExecutor.java:1130)
at java.base/java.util.concurrent.ThreadPoolExecutor$Worker.run(ThreadPoolExecutor.java:630)
at java.base/java.lang.Thread.run(Thread.java:831)
]]>
    </error>
    <system-out>
      <![CDATA[<div class="test-event"> <font color="maroon"> <small> &emsp; &emsp;--- 16 Oct 17:33:11 688 - TestCaseID:: ICar_B2B_TC064</small> </font> </div>
<div class="test-event"> <font color="maroon"> <small> &emsp; &emsp;--- 16 Oct 17:33:12 670 - <b>0</b> - Driver::initialize::Get - ICar.support.WebDriverFactory.getDriver(WebDriverFactory.java:640)</small> </font> </div>
&emsp;<div class="test-title"> <strong><font size = "3" color = "#000080">Verify the certificated in download pdf functionality under my training link</font> </strong> </div>&emsp;<div><strong>Steps:</strong></div><!-- Report -->&emsp;
<div class="test-event"> <font color="maroon"> <small> &emsp; &emsp;--- 16 Oct 17:33:22 110 - Element is displayed:: [[ChromeDriver: chrome on WINDOWS (24b9acd155de0e14bb92ed49e4dd4d13)] -> xpath: //a/img[@alt='Login Image']|//button[@id='btn-login']]</small> </font> </div>
<div class="test-event"> <font color="maroon"> <small> &emsp; &emsp;--- 16 Oct 17:33:22 171 - Element is displayed:: [[ChromeDriver: chrome on WINDOWS (24b9acd155de0e14bb92ed49e4dd4d13)] -> xpath: //a/img[@alt='Login Image']|//button[@id='btn-login']]</small> </font> </div>
<div class="test-message">&emsp;Successfully navigated to 'Home' Page&emsp;<a href=".\ScreenShot\ICar_B2B_TC064_67569582799000.png" target="_blank" >[ScreenShot]</a></div>
<div class="test-message">&emsp;1. Home page is launched.</div>
<div class="test-event"> <font color="maroon"> <small> &emsp; &emsp;--- 16 Oct 17:33:22 515 - Page URL:: https://www.icarstage.com/</small> </font> </div>
<div class="test-event"> <font color="maroon"> <small> &emsp; &emsp;--- 16 Oct 17:33:22 515 - <b>0</b> - Page Load Wait: (Sync) - ICar.support.Utils.waitForPageLoad(Utils.java:109)</small> </font> </div>
<div class="test-event"> <font color="maroon"> <small> &emsp; &emsp;--- 16 Oct 17:33:22 563 - Element is displayed:: [[ChromeDriver: chrome on WINDOWS (24b9acd155de0e14bb92ed49e4dd4d13)] -> xpath: //a/img[@alt='Login Image']|//button[@id='btn-login']]</small> </font> </div>
<div class="test-event"> <font color="maroon"> <small> &emsp; &emsp;--- 16 Oct 17:33:22 621 - Element is displayed:: [[ChromeDriver: chrome on WINDOWS (24b9acd155de0e14bb92ed49e4dd4d13)] -> xpath: //a/img[@alt='Login Image']|//button[@id='btn-login']]</small> </font> </div>
<div class="test-event"> <font color="maroon"> <small> &emsp; &emsp;--- 16 Oct 17:33:41 297 - Catched spinner load exception due to Expected condition failed: waiting for ICar.support.WaitUtils$4@636673a3 (tried for 15 second(s) with 500 milliseconds interval)</small> </font> </div>
<div class="test-event"> <font color="maroon"> <small> &emsp; &emsp;--- 16 Oct 17:33:41 297 - <b>15</b> - Spinner Load Wait: (Sync) - ICar.support.WaitUtils.waitForSpinner(WaitUtils.java:225)</small> </font> </div>
<div class="test-message">&emsp;2. Login page  should be successfully display</div>
<div class="test-message">&emsp;Successfully navigated to 'Login' Page&emsp;<a href=".\ScreenShot\ICar_B2B_TC064_67588712208500.png" target="_blank" >[ScreenShot]</a></div>
<div class="test-event"> <font color="maroon"> <small> &emsp; &emsp;--- 16 Oct 17:33:41 482 - Element is displayed:: [[ChromeDriver: chrome on WINDOWS (24b9acd155de0e14bb92ed49e4dd4d13)] -> id: username]</small> </font> </div>
<div class="test-event"> <font color="maroon"> <small> &emsp; &emsp;--- 16 Oct 17:33:41 538 - Element is displayed:: [[ChromeDriver: chrome on WINDOWS (24b9acd155de0e14bb92ed49e4dd4d13)] -> id: username]</small> </font> </div>
<div class="test-event"> <font color="maroon"> <small> &emsp; &emsp;--- 16 Oct 17:33:41 889 - Element is displayed:: [[ChromeDriver: chrome on WINDOWS (24b9acd155de0e14bb92ed49e4dd4d13)] -> id: password]</small> </font> </div>
<div class="test-event"> <font color="maroon"> <small> &emsp; &emsp;--- 16 Oct 17:33:42 224 - Element is displayed:: [[ChromeDriver: chrome on WINDOWS (24b9acd155de0e14bb92ed49e4dd4d13)] -> id: btn-login]</small> </font> </div>
<div class="test-event"> <font color="maroon"> <small> &emsp; &emsp;--- 16 Oct 17:33:47 769 - Catched spinner load exception due to Expected condition failed: waiting for ICar.support.WaitUtils$4@636673a3 (tried for 3 second(s) with 500 milliseconds interval)</small> </font> </div>
<div class="test-event"> <font color="maroon"> <small> &emsp; &emsp;--- 16 Oct 17:33:47 769 - <b>5</b> - Spinner Load Wait: (Sync) - ICar.support.WaitUtils.waitForSpinner(WaitUtils.java:225)</small> </font> </div>
<div class="test-event"> <font color="maroon"> <small> &emsp; &emsp;--- 16 Oct 17:34:09 640 - Catched spinner load exception due to Expected condition failed: waiting for ICar.support.WaitUtils$4@636673a3 (tried for 10 second(s) with 500 milliseconds interval)</small> </font> </div>
<div class="test-event"> <font color="maroon"> <small> &emsp; &emsp;--- 16 Oct 17:34:09 640 - <b>10</b> - Spinner Load Wait: (Sync) - ICar.support.WaitUtils.waitForSpinner(WaitUtils.java:225)</small> </font> </div>
<div class="test-event"> <font color="maroon"> <small> &emsp; &emsp;--- 16 Oct 17:34:09 724 - Element is displayed:: [[ChromeDriver: chrome on WINDOWS (24b9acd155de0e14bb92ed49e4dd4d13)] -> xpath: //button[@value='Launch My Learning']]</small> </font> </div>
<div class="test-message">&emsp;3. Enter the user credentials as : pkelly123</div>
<div class="test-message">&emsp;Successfully navigated to 'User Home' Page&emsp;<a href=".\ScreenShot\ICar_B2B_TC064_67617136389600.png" target="_blank" >[ScreenShot]</a></div>
<div class="test-event"> <font color="maroon"> <small> &emsp; &emsp;--- 16 Oct 17:34:10 185 - Page URL:: https://www.icarstage.com/</small> </font> </div>
<div class="test-event"> <font color="maroon"> <small> &emsp; &emsp;--- 16 Oct 17:34:10 186 - <b>0</b> - Page Load Wait: (Sync) - ICar.support.Utils.waitForPageLoad(Utils.java:109)</small> </font> </div>
<div class="test-event"> <font color="maroon"> <small> &emsp; &emsp;--- 16 Oct 17:34:10 261 - Element is displayed:: [[ChromeDriver: chrome on WINDOWS (24b9acd155de0e14bb92ed49e4dd4d13)] -> xpath: //p[text()='Launch My Learning']]</small> </font> </div>
<div class="test-event"> <font color="maroon"> <small> &emsp; &emsp;--- 16 Oct 17:34:10 310 - Element is displayed:: [[ChromeDriver: chrome on WINDOWS (24b9acd155de0e14bb92ed49e4dd4d13)] -> xpath: //a[text()='My Training']]</small> </font> </div>
<div class="test-event"> <font color="maroon"> <small> &emsp; &emsp;--- 16 Oct 17:34:10 524 - Page URL:: https://www.icarstage.com/</small> </font> </div>
<div class="test-event"> <font color="maroon"> <small> &emsp; &emsp;--- 16 Oct 17:34:10 524 - <b>0</b> - Page Load Wait: (Sync) - ICar.support.Utils.waitForPageLoad(Utils.java:109)</small> </font> </div>
<div class="test-event"> <font color="maroon"> <small> &emsp; &emsp;--- 16 Oct 17:34:12 632 - Element is displayed:: [[ChromeDriver: chrome on WINDOWS (24b9acd155de0e14bb92ed49e4dd4d13)] -> xpath: //a[text()='My Training']]</small> </font> </div>
<div class="test-event"> <font color="maroon"> <small> &emsp; &emsp;--- 16 Oct 17:34:30 693 - Catched spinner load exception due to Expected condition failed: waiting for ICar.support.WaitUtils$4@636673a3 (tried for 15 second(s) with 500 milliseconds interval)</small> </font> </div>
<div class="test-event"> <font color="maroon"> <small> &emsp; &emsp;--- 16 Oct 17:34:30 693 - <b>15</b> - Spinner Load Wait: (Sync) - ICar.support.WaitUtils.waitForSpinner(WaitUtils.java:225)</small> </font> </div>
<div class="test-event"> <font color="maroon"> <small> &emsp; &emsp;--- 16 Oct 17:34:30 931 - Page URL:: https://www.icarstage.com/my-training</small> </font> </div>
<div class="test-event"> <font color="maroon"> <small> &emsp; &emsp;--- 16 Oct 17:34:30 931 - <b>0</b> - Page Load Wait: (Sync) - ICar.support.Utils.waitForPageLoad(Utils.java:109)</small> </font> </div>
<div class="test-event"> <font color="maroon"> <small> &emsp; &emsp;--- 16 Oct 17:34:30 998 - Element is displayed:: [[ChromeDriver: chrome on WINDOWS (24b9acd155de0e14bb92ed49e4dd4d13)] -> xpath: //span[@title='My Professional Development']]</small> </font> </div>
<div class="test-message">&emsp;4. Navigating to My Training Page</div>
<div class="test-message">&emsp;Successfully navigated to 'My Training' Page&emsp;<a href=".\ScreenShot\ICar_B2B_TC064_67638410370800.png" target="_blank" >[ScreenShot]</a></div>
<div class="test-event"> <font color="maroon"> <small> &emsp; &emsp;--- 16 Oct 17:34:31 221 - Element is displayed:: [[ChromeDriver: chrome on WINDOWS (24b9acd155de0e14bb92ed49e4dd4d13)] -> xpath: //span[@title='My Certifications']]</small> </font> </div>
<!--FAIL-->
<div class="test-result"><br><font color="red"><strong> Index 0 out of bounds for length 0 </strong></font> <a href=".\ScreenShot\ICar_B2B_TC064_67642023214500.png" target="_blank" >[ScreenShot]</a></div>&emsp;
&emsp;<div class="test-title"> <strong><font size = "3" color = "#0000FF">---Test Execution Ends---</font> </strong> </div>&emsp;]]>
    </system-out>
  </testcase> <!-- ICar_B2B_TC064 -->
  <testcase classname="B2Btestscripts.B2B_Student" name="ICar_B2B_TC011" time="89.708">
    <system-out>
      <![CDATA[<div class="test-event"> <font color="maroon"> <small> &emsp; &emsp;--- 16 Oct 15:44:58 502 - TestCaseID:: ICar_B2B_TC011</small> </font> </div>
<div class="test-event"> <font color="maroon"> <small> &emsp; &emsp;--- 16 Oct 15:44:59 950 - <b>1</b> - Driver::initialize::Get - ICar.support.WebDriverFactory.getDriver(WebDriverFactory.java:640)</small> </font> </div>
&emsp;<div class="test-title"> <strong><font size = "3" color = "#000080">Verify search course in student role</font> </strong> </div>&emsp;<div><strong>Steps:</strong></div><!-- Report -->&emsp;
<div class="test-event"> <font color="maroon"> <small> &emsp; &emsp;--- 16 Oct 15:45:07 052 - Element is displayed:: [[ChromeDriver: chrome on WINDOWS (31cd6d4066a042e4ad8a8dd9d427ed46)] -> xpath: //a/img[@alt='Login Image']|//button[@id='btn-login']]</small> </font> </div>
<div class="test-event"> <font color="maroon"> <small> &emsp; &emsp;--- 16 Oct 15:45:07 116 - Element is displayed:: [[ChromeDriver: chrome on WINDOWS (31cd6d4066a042e4ad8a8dd9d427ed46)] -> xpath: //a/img[@alt='Login Image']|//button[@id='btn-login']]</small> </font> </div>
<div class="test-message">&emsp;Successfully navigated to 'Home' Page&emsp;<a href=".\ScreenShot\ICar_B2B_TC011_61074529208100.png" target="_blank" >[ScreenShot]</a></div>
<div class="test-message">&emsp;1. Home page is launched.</div>
<div class="test-event"> <font color="maroon"> <small> &emsp; &emsp;--- 16 Oct 15:45:07 488 - Page URL:: https://www.icarstage.com/</small> </font> </div>
<div class="test-event"> <font color="maroon"> <small> &emsp; &emsp;--- 16 Oct 15:45:07 488 - <b>0</b> - Page Load Wait: (Sync) - ICar.support.Utils.waitForPageLoad(Utils.java:109)</small> </font> </div>
<div class="test-event"> <font color="maroon"> <small> &emsp; &emsp;--- 16 Oct 15:45:07 552 - Element is displayed:: [[ChromeDriver: chrome on WINDOWS (31cd6d4066a042e4ad8a8dd9d427ed46)] -> xpath: //a/img[@alt='Login Image']|//button[@id='btn-login']]</small> </font> </div>
<div class="test-event"> <font color="maroon"> <small> &emsp; &emsp;--- 16 Oct 15:45:07 605 - Element is displayed:: [[ChromeDriver: chrome on WINDOWS (31cd6d4066a042e4ad8a8dd9d427ed46)] -> xpath: //a/img[@alt='Login Image']|//button[@id='btn-login']]</small> </font> </div>
<div class="test-event"> <font color="maroon"> <small> &emsp; &emsp;--- 16 Oct 15:45:25 613 - Catched spinner load exception due to Expected condition failed: waiting for ICar.support.WaitUtils$4@636673a3 (tried for 15 second(s) with 500 milliseconds interval)</small> </font> </div>
<div class="test-event"> <font color="maroon"> <small> &emsp; &emsp;--- 16 Oct 15:45:25 613 - <b>15</b> - Spinner Load Wait: (Sync) - ICar.support.WaitUtils.waitForSpinner(WaitUtils.java:225)</small> </font> </div>
<div class="test-message">&emsp;2. Navigate to Login page</div>
<div class="test-message">&emsp;Successfully navigated to 'Login' Page&emsp;<a href=".\ScreenShot\ICar_B2B_TC011_61093029360400.png" target="_blank" >[ScreenShot]</a></div>
<div class="test-event"> <font color="maroon"> <small> &emsp; &emsp;--- 16 Oct 15:45:25 842 - Element is displayed:: [[ChromeDriver: chrome on WINDOWS (31cd6d4066a042e4ad8a8dd9d427ed46)] -> id: username]</small> </font> </div>
<div class="test-event"> <font color="maroon"> <small> &emsp; &emsp;--- 16 Oct 15:45:25 910 - Element is displayed:: [[ChromeDriver: chrome on WINDOWS (31cd6d4066a042e4ad8a8dd9d427ed46)] -> id: username]</small> </font> </div>
<div class="test-event"> <font color="maroon"> <small> &emsp; &emsp;--- 16 Oct 15:45:26 129 - Element is displayed:: [[ChromeDriver: chrome on WINDOWS (31cd6d4066a042e4ad8a8dd9d427ed46)] -> id: password]</small> </font> </div>
<div class="test-event"> <font color="maroon"> <small> &emsp; &emsp;--- 16 Oct 15:45:26 317 - Element is displayed:: [[ChromeDriver: chrome on WINDOWS (31cd6d4066a042e4ad8a8dd9d427ed46)] -> id: btn-login]</small> </font> </div>
<div class="test-event"> <font color="maroon"> <small> &emsp; &emsp;--- 16 Oct 15:45:32 301 - Catched spinner load exception due to Expected condition failed: waiting for ICar.support.WaitUtils$4@636673a3 (tried for 3 second(s) with 500 milliseconds interval)</small> </font> </div>
<div class="test-event"> <font color="maroon"> <small> &emsp; &emsp;--- 16 Oct 15:45:32 301 - <b>5</b> - Spinner Load Wait: (Sync) - ICar.support.WaitUtils.waitForSpinner(WaitUtils.java:225)</small> </font> </div>
<div class="test-event"> <font color="maroon"> <small> &emsp; &emsp;--- 16 Oct 15:45:54 825 - Catched spinner load exception due to Expected condition failed: waiting for ICar.support.WaitUtils$4@636673a3 (tried for 10 second(s) with 500 milliseconds interval)</small> </font> </div>
<div class="test-event"> <font color="maroon"> <small> &emsp; &emsp;--- 16 Oct 15:45:54 825 - <b>10</b> - Spinner Load Wait: (Sync) - ICar.support.WaitUtils.waitForSpinner(WaitUtils.java:225)</small> </font> </div>
<div class="test-event"> <font color="maroon"> <small> &emsp; &emsp;--- 16 Oct 15:45:54 900 - Element is displayed:: [[ChromeDriver: chrome on WINDOWS (31cd6d4066a042e4ad8a8dd9d427ed46)] -> xpath: //button[@value='Launch My Learning']]</small> </font> </div>
<div class="test-message">&emsp;3. Enter the user credentials as : Angielex</div>
<div class="test-message">&emsp;Successfully navigated to 'User Home' Page&emsp;<a href=".\ScreenShot\ICar_B2B_TC011_61122312791500.png" target="_blank" >[ScreenShot]</a></div>
<div class="test-message">&emsp;4. Enter course name in search field Searched: Ford</div>
<div class="test-event"> <font color="maroon"> <small> &emsp; &emsp;--- 16 Oct 15:45:55 283 - Page URL:: https://www.icarstage.com/</small> </font> </div>
<div class="test-event"> <font color="maroon"> <small> &emsp; &emsp;--- 16 Oct 15:45:55 283 - <b>0</b> - Page Load Wait: (Sync) - ICar.support.Utils.waitForPageLoad(Utils.java:109)</small> </font> </div>
<div class="test-event"> <font color="maroon"> <small> &emsp; &emsp;--- 16 Oct 15:46:05 662 - Catched spinner load exception due to Expected condition failed: waiting for ICar.support.WaitUtils$4@636673a3 (tried for 10 second(s) with 500 milliseconds interval)</small> </font> </div>
<div class="test-event"> <font color="maroon"> <small> &emsp; &emsp;--- 16 Oct 15:46:05 662 - <b>10</b> - Spinner Load Wait: (Sync) - ICar.support.WaitUtils.waitForSpinner(WaitUtils.java:225)</small> </font> </div>
<div class="test-event"> <font color="maroon"> <small> &emsp; &emsp;--- 16 Oct 15:46:05 734 - Element is displayed:: [[ChromeDriver: chrome on WINDOWS (31cd6d4066a042e4ad8a8dd9d427ed46)] -> xpath: //input[@class='slds-input searchInputCls']]</small> </font> </div>
<div class="test-event"> <font color="maroon"> <small> &emsp; &emsp;--- 16 Oct 15:46:21 356 - Catched spinner load exception due to Expected condition failed: waiting for ICar.support.WaitUtils$4@636673a3 (tried for 14 second(s) with 500 milliseconds interval)</small> </font> </div>
<div class="test-event"> <font color="maroon"> <small> &emsp; &emsp;--- 16 Oct 15:46:21 356 - <b>14</b> - Spinner Load Wait: (Sync) - ICar.support.WaitUtils.waitForSpinner(WaitUtils.java:225)</small> </font> </div>
<div class="test-message">&emsp;5. Verify the search result</div>
<div class="test-event"> <font color="maroon"> <small> &emsp; &emsp;--- 16 Oct 15:46:21 400 - Element is displayed:: [[ChromeDriver: chrome on WINDOWS (31cd6d4066a042e4ad8a8dd9d427ed46)] -> xpath: //td[@data-label='ProductName']//a]</small> </font> </div>
<div class="test-event"> <font color="maroon"> <small> &emsp; &emsp;--- 16 Oct 15:46:21 525 - Page URL:: https://www.icarstage.com/custom-search-results?searchtext=ford#gsc.tab=0&gsc.q=ford&gsc.page=1</small> </font> </div>
<div class="test-event"> <font color="maroon"> <small> &emsp; &emsp;--- 16 Oct 15:46:21 525 - <b>0</b> - Page Load Wait: (Sync) - ICar.support.Utils.waitForPageLoad(Utils.java:109)</small> </font> </div>
<div class="test-event"> <font color="maroon"> <small> &emsp; &emsp;--- 16 Oct 15:46:23 601 - Catched spinner load exception due to Expected condition failed: waiting for ICar.support.WaitUtils$4@636673a3 (tried for 2 second(s) with 500 milliseconds interval)</small> </font> </div>
<div class="test-event"> <font color="maroon"> <small> &emsp; &emsp;--- 16 Oct 15:46:23 601 - <b>2</b> - Spinner Load Wait: (Sync) - ICar.support.WaitUtils.waitForSpinner(WaitUtils.java:225)</small> </font> </div>
<div class="test-message">&emsp;Search result contains 'Ford' in COURSE/LEARNING PLAN&emsp;<a href=".\ScreenShot\ICar_B2B_TC011_61156297888700.png" target="_blank" >[ScreenShot]</a></div>
<div class="test-result"><br><font color="green"><strong> Test Passed. </strong></font> </div>&emsp;
&emsp;<div class="test-title"> <strong><font size = "3" color = "#0000FF">---Test Execution Ends---</font> </strong> </div>&emsp;]]>
    </system-out>
  </testcase> <!-- ICar_B2B_TC011 -->
  <testcase classname="B2Btestscripts.B2B_Student" name="ICar_B2B_TC044" time="64.015">
    <error message="Index 0 out of bounds for length 0" type="java.lang.IndexOutOfBoundsException">
      <![CDATA[java.lang.IndexOutOfBoundsException: Index 0 out of bounds for length 0
at java.base/jdk.internal.util.Preconditions.outOfBounds(Preconditions.java:64)
at java.base/jdk.internal.util.Preconditions.outOfBoundsCheckIndex(Preconditions.java:70)
at java.base/jdk.internal.util.Preconditions.checkIndex(Preconditions.java:266)
at java.base/java.util.Objects.checkIndex(Objects.java:359)
at java.base/java.util.ArrayList.get(ArrayList.java:427)
at java.base/jdk.internal.reflect.GeneratedMethodAccessor8.invoke(Unknown Source)
at java.base/jdk.internal.reflect.DelegatingMethodAccessorImpl.invoke(DelegatingMethodAccessorImpl.java:43)
at java.base/java.lang.reflect.Method.invoke(Method.java:567)
at org.openqa.selenium.support.pagefactory.internal.LocatingElementListHandler.invoke(LocatingElementListHandler.java:39)
at jdk.proxy2/jdk.proxy2.$Proxy26.get(Unknown Source)
at ICar.Pages.UserHomePage.searchAndAddCourseToCart(UserHomePage.java:1659)
at B2Btestscripts.B2B_Student.ICar_B2B_TC044(B2B_Student.java:3759)
at java.base/jdk.internal.reflect.NativeMethodAccessorImpl.invoke0(Native Method)
at java.base/jdk.internal.reflect.NativeMethodAccessorImpl.invoke(NativeMethodAccessorImpl.java:78)
at java.base/jdk.internal.reflect.DelegatingMethodAccessorImpl.invoke(DelegatingMethodAccessorImpl.java:43)
at java.base/java.lang.reflect.Method.invoke(Method.java:567)
at org.testng.internal.invokers.MethodInvocationHelper.invokeMethod(MethodInvocationHelper.java:139)
at org.testng.internal.invokers.TestInvoker.invokeMethod(TestInvoker.java:664)
at org.testng.internal.invokers.TestInvoker.invokeTestMethod(TestInvoker.java:227)
at org.testng.internal.invokers.TestMethodWithDataProviderMethodWorker.call(TestMethodWithDataProviderMethodWorker.java:80)
at org.testng.internal.invokers.TestMethodWithDataProviderMethodWorker.call(TestMethodWithDataProviderMethodWorker.java:17)
at java.base/java.util.concurrent.FutureTask.run(FutureTask.java:264)
at java.base/java.util.concurrent.Executors$RunnableAdapter.call(Executors.java:515)
at java.base/java.util.concurrent.FutureTask.run(FutureTask.java:264)
at java.base/java.util.concurrent.ThreadPoolExecutor.runWorker(ThreadPoolExecutor.java:1130)
at java.base/java.util.concurrent.ThreadPoolExecutor$Worker.run(ThreadPoolExecutor.java:630)
at java.base/java.lang.Thread.run(Thread.java:831)
]]>
    </error>
    <system-out>
      <![CDATA[<div class="test-event"> <font color="maroon"> <small> &emsp; &emsp;--- 16 Oct 17:09:44 516 - TestCaseID:: ICar_B2B_TC044</small> </font> </div>
<div class="test-event"> <font color="maroon"> <small> &emsp; &emsp;--- 16 Oct 17:09:45 938 - <b>1</b> - Driver::initialize::Get - ICar.support.WebDriverFactory.getDriver(WebDriverFactory.java:640)</small> </font> </div>
&emsp;<div class="test-title"> <strong><font size = "3" color = "#000080">Verify error message if incorrect coupon code is entered</font> </strong> </div>&emsp;<div><strong>Steps:</strong></div><!-- Report -->&emsp;
<div class="test-event"> <font color="maroon"> <small> &emsp; &emsp;--- 16 Oct 17:09:51 524 - Element is displayed:: [[ChromeDriver: chrome on WINDOWS (8f46d4a757138d2112c855deaefe6cd9)] -> xpath: //a/img[@alt='Login Image']|//button[@id='btn-login']]</small> </font> </div>
<div class="test-event"> <font color="maroon"> <small> &emsp; &emsp;--- 16 Oct 17:09:51 573 - Element is displayed:: [[ChromeDriver: chrome on WINDOWS (8f46d4a757138d2112c855deaefe6cd9)] -> xpath: //a/img[@alt='Login Image']|//button[@id='btn-login']]</small> </font> </div>
<div class="test-message">&emsp;Successfully navigated to 'Home' Page&emsp;<a href=".\ScreenShot\ICar_B2B_TC044_66158985597399.png" target="_blank" >[ScreenShot]</a></div>
<div class="test-message">&emsp;1. Home page is launched.</div>
<div class="test-event"> <font color="maroon"> <small> &emsp; &emsp;--- 16 Oct 17:09:51 895 - Page URL:: https://www.icarstage.com/</small> </font> </div>
<div class="test-event"> <font color="maroon"> <small> &emsp; &emsp;--- 16 Oct 17:09:51 895 - <b>0</b> - Page Load Wait: (Sync) - ICar.support.Utils.waitForPageLoad(Utils.java:109)</small> </font> </div>
<div class="test-event"> <font color="maroon"> <small> &emsp; &emsp;--- 16 Oct 17:09:51 938 - Element is displayed:: [[ChromeDriver: chrome on WINDOWS (8f46d4a757138d2112c855deaefe6cd9)] -> xpath: //a/img[@alt='Login Image']|//button[@id='btn-login']]</small> </font> </div>
<div class="test-event"> <font color="maroon"> <small> &emsp; &emsp;--- 16 Oct 17:09:51 990 - Element is displayed:: [[ChromeDriver: chrome on WINDOWS (8f46d4a757138d2112c855deaefe6cd9)] -> xpath: //a/img[@alt='Login Image']|//button[@id='btn-login']]</small> </font> </div>
<div class="test-event"> <font color="maroon"> <small> &emsp; &emsp;--- 16 Oct 17:10:09 763 - Catched spinner load exception due to Expected condition failed: waiting for ICar.support.WaitUtils$4@636673a3 (tried for 15 second(s) with 500 milliseconds interval)</small> </font> </div>
<div class="test-event"> <font color="maroon"> <small> &emsp; &emsp;--- 16 Oct 17:10:09 763 - <b>15</b> - Spinner Load Wait: (Sync) - ICar.support.WaitUtils.waitForSpinner(WaitUtils.java:225)</small> </font> </div>
<div class="test-message">&emsp;2. Navigate to 'Login Page'</div>
<div class="test-message">&emsp;Successfully navigated to 'Login' Page&emsp;<a href=".\ScreenShot\ICar_B2B_TC044_66177178950999.png" target="_blank" >[ScreenShot]</a></div>
<div class="test-event"> <font color="maroon"> <small> &emsp; &emsp;--- 16 Oct 17:10:09 987 - Element is displayed:: [[ChromeDriver: chrome on WINDOWS (8f46d4a757138d2112c855deaefe6cd9)] -> id: username]</small> </font> </div>
<div class="test-event"> <font color="maroon"> <small> &emsp; &emsp;--- 16 Oct 17:10:10 040 - Element is displayed:: [[ChromeDriver: chrome on WINDOWS (8f46d4a757138d2112c855deaefe6cd9)] -> id: username]</small> </font> </div>
<div class="test-event"> <font color="maroon"> <small> &emsp; &emsp;--- 16 Oct 17:10:10 241 - Element is displayed:: [[ChromeDriver: chrome on WINDOWS (8f46d4a757138d2112c855deaefe6cd9)] -> id: password]</small> </font> </div>
<div class="test-event"> <font color="maroon"> <small> &emsp; &emsp;--- 16 Oct 17:10:10 412 - Element is displayed:: [[ChromeDriver: chrome on WINDOWS (8f46d4a757138d2112c855deaefe6cd9)] -> id: btn-login]</small> </font> </div>
<div class="test-event"> <font color="maroon"> <small> &emsp; &emsp;--- 16 Oct 17:10:17 602 - Catched spinner load exception due to Expected condition failed: waiting for ICar.support.WaitUtils$4@636673a3 (tried for 3 second(s) with 500 milliseconds interval)</small> </font> </div>
<div class="test-event"> <font color="maroon"> <small> &emsp; &emsp;--- 16 Oct 17:10:17 602 - <b>7</b> - Spinner Load Wait: (Sync) - ICar.support.WaitUtils.waitForSpinner(WaitUtils.java:225)</small> </font> </div>
<div class="test-event"> <font color="maroon"> <small> &emsp; &emsp;--- 16 Oct 17:10:39 383 - Catched spinner load exception due to Expected condition failed: waiting for ICar.support.WaitUtils$4@636673a3 (tried for 10 second(s) with 500 milliseconds interval)</small> </font> </div>
<div class="test-event"> <font color="maroon"> <small> &emsp; &emsp;--- 16 Oct 17:10:39 383 - <b>10</b> - Spinner Load Wait: (Sync) - ICar.support.WaitUtils.waitForSpinner(WaitUtils.java:225)</small> </font> </div>
<div class="test-event"> <font color="maroon"> <small> &emsp; &emsp;--- 16 Oct 17:10:39 453 - Element is displayed:: [[ChromeDriver: chrome on WINDOWS (8f46d4a757138d2112c855deaefe6cd9)] -> xpath: //button[@value='Launch My Learning']]</small> </font> </div>
<div class="test-message">&emsp;3. Enter the user credentials. Username = pkelly123</div>
<div class="test-message">&emsp;Successfully navigated to 'User Home' Page&emsp;<a href=".\ScreenShot\ICar_B2B_TC044_66206866154599.png" target="_blank" >[ScreenShot]</a></div>
<div class="test-event"> <font color="maroon"> <small> &emsp; &emsp;--- 16 Oct 17:10:39 710 - Element is displayed:: [[ChromeDriver: chrome on WINDOWS (8f46d4a757138d2112c855deaefe6cd9)] -> xpath: //input[contains(@placeholder,'Search')]]</small> </font> </div>
<div class="test-event"> <font color="maroon"> <small> &emsp; &emsp;--- 16 Oct 17:10:39 759 - Element is displayed:: [[ChromeDriver: chrome on WINDOWS (8f46d4a757138d2112c855deaefe6cd9)] -> xpath: //input[contains(@placeholder,'Search')]]</small> </font> </div>
<!--FAIL-->
<div class="test-result"><br><font color="red"><strong> Index 0 out of bounds for length 0 </strong></font> <a href=".\ScreenShot\ICar_B2B_TC044_66216817322899.png" target="_blank" >[ScreenShot]</a></div>&emsp;
&emsp;<div class="test-title"> <strong><font size = "3" color = "#0000FF">---Test Execution Ends---</font> </strong> </div>&emsp;]]>
    </system-out>
  </testcase> <!-- ICar_B2B_TC044 -->
  <testcase classname="B2Btestscripts.B2B_Student" name="ICar_B2B_TC040" time="147.499">
    <error message="Index 0 out of bounds for length 0" type="java.lang.IndexOutOfBoundsException">
      <![CDATA[java.lang.IndexOutOfBoundsException: Index 0 out of bounds for length 0
at java.base/jdk.internal.util.Preconditions.outOfBounds(Preconditions.java:64)
at java.base/jdk.internal.util.Preconditions.outOfBoundsCheckIndex(Preconditions.java:70)
at java.base/jdk.internal.util.Preconditions.checkIndex(Preconditions.java:266)
at java.base/java.util.Objects.checkIndex(Objects.java:359)
at java.base/java.util.ArrayList.get(ArrayList.java:427)
at java.base/jdk.internal.reflect.GeneratedMethodAccessor8.invoke(Unknown Source)
at java.base/jdk.internal.reflect.DelegatingMethodAccessorImpl.invoke(DelegatingMethodAccessorImpl.java:43)
at java.base/java.lang.reflect.Method.invoke(Method.java:567)
at org.openqa.selenium.support.pagefactory.internal.LocatingElementListHandler.invoke(LocatingElementListHandler.java:39)
at jdk.proxy2/jdk.proxy2.$Proxy26.get(Unknown Source)
at ICar.Pages.LiveVirtualSeatAssignmentsPage.selectAssign(LiveVirtualSeatAssignmentsPage.java:285)
at B2Btestscripts.B2B_Student.ICar_B2B_TC040(B2B_Student.java:3388)
at java.base/jdk.internal.reflect.NativeMethodAccessorImpl.invoke0(Native Method)
at java.base/jdk.internal.reflect.NativeMethodAccessorImpl.invoke(NativeMethodAccessorImpl.java:78)
at java.base/jdk.internal.reflect.DelegatingMethodAccessorImpl.invoke(DelegatingMethodAccessorImpl.java:43)
at java.base/java.lang.reflect.Method.invoke(Method.java:567)
at org.testng.internal.invokers.MethodInvocationHelper.invokeMethod(MethodInvocationHelper.java:139)
at org.testng.internal.invokers.TestInvoker.invokeMethod(TestInvoker.java:664)
at org.testng.internal.invokers.TestInvoker.invokeTestMethod(TestInvoker.java:227)
at org.testng.internal.invokers.TestMethodWithDataProviderMethodWorker.call(TestMethodWithDataProviderMethodWorker.java:80)
at org.testng.internal.invokers.TestMethodWithDataProviderMethodWorker.call(TestMethodWithDataProviderMethodWorker.java:17)
at java.base/java.util.concurrent.FutureTask.run(FutureTask.java:264)
at java.base/java.util.concurrent.Executors$RunnableAdapter.call(Executors.java:515)
at java.base/java.util.concurrent.FutureTask.run(FutureTask.java:264)
at java.base/java.util.concurrent.ThreadPoolExecutor.runWorker(ThreadPoolExecutor.java:1130)
at java.base/java.util.concurrent.ThreadPoolExecutor$Worker.run(ThreadPoolExecutor.java:630)
at java.base/java.lang.Thread.run(Thread.java:831)
]]>
    </error>
    <system-out>
      <![CDATA[<div class="test-event"> <font color="maroon"> <small> &emsp; &emsp;--- 16 Oct 17:01:54 393 - TestCaseID:: ICar_B2B_TC040</small> </font> </div>
<div class="test-event"> <font color="maroon"> <small> &emsp; &emsp;--- 16 Oct 17:01:56 004 - <b>1</b> - Driver::initialize::Get - ICar.support.WebDriverFactory.getDriver(WebDriverFactory.java:640)</small> </font> </div>
&emsp;<div class="test-title"> <strong><font size = "3" color = "#000080">Request session under Live/Virtual Seat Assignments</font> </strong> </div>&emsp;<div><strong>Steps:</strong></div><!-- Report -->&emsp;
<div class="test-event"> <font color="maroon"> <small> &emsp; &emsp;--- 16 Oct 17:02:00 802 - Element is displayed:: [[ChromeDriver: chrome on WINDOWS (965e37e0cbf19df93cc7aa323b25ca2b)] -> xpath: //a/img[@alt='Login Image']|//button[@id='btn-login']]</small> </font> </div>
<div class="test-event"> <font color="maroon"> <small> &emsp; &emsp;--- 16 Oct 17:02:00 848 - Element is displayed:: [[ChromeDriver: chrome on WINDOWS (965e37e0cbf19df93cc7aa323b25ca2b)] -> xpath: //a/img[@alt='Login Image']|//button[@id='btn-login']]</small> </font> </div>
<div class="test-message">&emsp;Successfully navigated to 'Home' Page&emsp;<a href=".\ScreenShot\ICar_B2B_TC040_65688259452400.png" target="_blank" >[ScreenShot]</a></div>
<div class="test-message">&emsp;1. Home page is launched.</div>
<div class="test-event"> <font color="maroon"> <small> &emsp; &emsp;--- 16 Oct 17:02:01 584 - Page URL:: https://www.icarstage.com/</small> </font> </div>
<div class="test-event"> <font color="maroon"> <small> &emsp; &emsp;--- 16 Oct 17:02:01 584 - <b>0</b> - Page Load Wait: (Sync) - ICar.support.Utils.waitForPageLoad(Utils.java:109)</small> </font> </div>
<div class="test-event"> <font color="maroon"> <small> &emsp; &emsp;--- 16 Oct 17:02:01 619 - Element is displayed:: [[ChromeDriver: chrome on WINDOWS (965e37e0cbf19df93cc7aa323b25ca2b)] -> xpath: //a/img[@alt='Login Image']|//button[@id='btn-login']]</small> </font> </div>
<div class="test-event"> <font color="maroon"> <small> &emsp; &emsp;--- 16 Oct 17:02:01 664 - Element is displayed:: [[ChromeDriver: chrome on WINDOWS (965e37e0cbf19df93cc7aa323b25ca2b)] -> xpath: //a/img[@alt='Login Image']|//button[@id='btn-login']]</small> </font> </div>
<div class="test-event"> <font color="maroon"> <small> &emsp; &emsp;--- 16 Oct 17:02:20 649 - Catched spinner load exception due to Expected condition failed: waiting for ICar.support.WaitUtils$4@636673a3 (tried for 15 second(s) with 500 milliseconds interval)</small> </font> </div>
<div class="test-event"> <font color="maroon"> <small> &emsp; &emsp;--- 16 Oct 17:02:20 649 - <b>15</b> - Spinner Load Wait: (Sync) - ICar.support.WaitUtils.waitForSpinner(WaitUtils.java:225)</small> </font> </div>
<div class="test-message">&emsp;2. Navigate to 'Login Page'</div>
<div class="test-message">&emsp;Successfully navigated to 'Login' Page&emsp;<a href=".\ScreenShot\ICar_B2B_TC040_65708064397800.png" target="_blank" >[ScreenShot]</a></div>
<div class="test-event"> <font color="maroon"> <small> &emsp; &emsp;--- 16 Oct 17:02:20 880 - Element is displayed:: [[ChromeDriver: chrome on WINDOWS (965e37e0cbf19df93cc7aa323b25ca2b)] -> id: username]</small> </font> </div>
<div class="test-event"> <font color="maroon"> <small> &emsp; &emsp;--- 16 Oct 17:02:20 934 - Element is displayed:: [[ChromeDriver: chrome on WINDOWS (965e37e0cbf19df93cc7aa323b25ca2b)] -> id: username]</small> </font> </div>
<div class="test-event"> <font color="maroon"> <small> &emsp; &emsp;--- 16 Oct 17:02:21 133 - Element is displayed:: [[ChromeDriver: chrome on WINDOWS (965e37e0cbf19df93cc7aa323b25ca2b)] -> id: password]</small> </font> </div>
<div class="test-event"> <font color="maroon"> <small> &emsp; &emsp;--- 16 Oct 17:02:21 289 - Element is displayed:: [[ChromeDriver: chrome on WINDOWS (965e37e0cbf19df93cc7aa323b25ca2b)] -> id: btn-login]</small> </font> </div>
<div class="test-event"> <font color="maroon"> <small> &emsp; &emsp;--- 16 Oct 17:02:26 161 - Catched spinner load exception due to Expected condition failed: waiting for ICar.support.WaitUtils$4@636673a3 (tried for 3 second(s) with 500 milliseconds interval)</small> </font> </div>
<div class="test-event"> <font color="maroon"> <small> &emsp; &emsp;--- 16 Oct 17:02:26 161 - <b>4</b> - Spinner Load Wait: (Sync) - ICar.support.WaitUtils.waitForSpinner(WaitUtils.java:225)</small> </font> </div>
<div class="test-event"> <font color="maroon"> <small> &emsp; &emsp;--- 16 Oct 17:02:48 522 - Catched spinner load exception due to Expected condition failed: waiting for ICar.support.WaitUtils$4@636673a3 (tried for 10 second(s) with 500 milliseconds interval)</small> </font> </div>
<div class="test-event"> <font color="maroon"> <small> &emsp; &emsp;--- 16 Oct 17:02:48 522 - <b>10</b> - Spinner Load Wait: (Sync) - ICar.support.WaitUtils.waitForSpinner(WaitUtils.java:225)</small> </font> </div>
<div class="test-event"> <font color="maroon"> <small> &emsp; &emsp;--- 16 Oct 17:02:48 597 - Element is displayed:: [[ChromeDriver: chrome on WINDOWS (965e37e0cbf19df93cc7aa323b25ca2b)] -> xpath: //button[@value='Launch My Learning']]</small> </font> </div>
<div class="test-message">&emsp;3. Enter the user credentials as : pkelly123</div>
<div class="test-message">&emsp;Successfully navigated to 'User Home' Page&emsp;<a href=".\ScreenShot\ICar_B2B_TC040_65736009204799.png" target="_blank" >[ScreenShot]</a></div>
<div class="test-message">&emsp;4. Navigate to 'Live/Virtual Seat assignments' page</div>
<div class="test-event"> <font color="maroon"> <small> &emsp; &emsp;--- 16 Oct 17:02:48 971 - Page URL:: https://www.icarstage.com/</small> </font> </div>
<div class="test-event"> <font color="maroon"> <small> &emsp; &emsp;--- 16 Oct 17:02:48 971 - <b>0</b> - Page Load Wait: (Sync) - ICar.support.Utils.waitForPageLoad(Utils.java:109)</small> </font> </div>
<div class="test-event"> <font color="maroon"> <small> &emsp; &emsp;--- 16 Oct 17:02:49 031 - Element is displayed:: [[ChromeDriver: chrome on WINDOWS (965e37e0cbf19df93cc7aa323b25ca2b)] -> xpath: //p[text()='Launch My Learning']]</small> </font> </div>
<div class="test-event"> <font color="maroon"> <small> &emsp; &emsp;--- 16 Oct 17:03:56 199 - Unable to find an element after 15 sec ==> Proxy element for: AjaxElementLocator 'By.xpath: //a[text()='Manage Virtual Seat Assignments']'</small> </font> </div>
<div class="test-event"> <font color="maroon"> <small> &emsp; &emsp;--- 16 Oct 17:03:56 246 - Element is displayed:: [[ChromeDriver: chrome on WINDOWS (965e37e0cbf19df93cc7aa323b25ca2b)] -> xpath: //a[text()='Virtual Seat Assignments']]</small> </font> </div>
<div class="test-event"> <font color="maroon"> <small> &emsp; &emsp;--- 16 Oct 17:03:58 323 - Element is displayed:: [[ChromeDriver: chrome on WINDOWS (965e37e0cbf19df93cc7aa323b25ca2b)] -> xpath: //a[text()='Virtual Seat Assignments']]</small> </font> </div>
<div class="test-event"> <font color="maroon"> <small> &emsp; &emsp;--- 16 Oct 17:04:18 603 - Catched spinner load exception due to Expected condition failed: waiting for ICar.support.WaitUtils$4@636673a3 (tried for 15 second(s) with 500 milliseconds interval)</small> </font> </div>
<div class="test-event"> <font color="maroon"> <small> &emsp; &emsp;--- 16 Oct 17:04:18 603 - <b>15</b> - Spinner Load Wait: (Sync) - ICar.support.WaitUtils.waitForSpinner(WaitUtils.java:225)</small> </font> </div>
<div class="test-event"> <font color="maroon"> <small> &emsp; &emsp;--- 16 Oct 17:04:18 787 - Page URL:: https://my.icarstage.com/s/manage-virtual-seat-assignments</small> </font> </div>
<div class="test-event"> <font color="maroon"> <small> &emsp; &emsp;--- 16 Oct 17:04:18 787 - <b>0</b> - Page Load Wait: (Sync) - ICar.support.Utils.waitForPageLoad(Utils.java:109)</small> </font> </div>
<div class="test-event"> <font color="maroon"> <small> &emsp; &emsp;--- 16 Oct 17:04:18 851 - Element is displayed:: [[ChromeDriver: chrome on WINDOWS (965e37e0cbf19df93cc7aa323b25ca2b)] -> xpath: //button[text()='Download']]</small> </font> </div>
<div class="test-message">&emsp;Successfully navigated to 'Live/Virtual Seat Assignments' Page&emsp;<a href=".\ScreenShot\ICar_B2B_TC040_65826263306900.png" target="_blank" >[ScreenShot]</a></div>
<div class="test-message">&emsp;5. Request the session</div>
<div class="test-event"> <font color="maroon"> <small> &emsp; &emsp;--- 16 Oct 17:04:19 122 - Page URL:: https://my.icarstage.com/s/manage-virtual-seat-assignments</small> </font> </div>
<div class="test-event"> <font color="maroon"> <small> &emsp; &emsp;--- 16 Oct 17:04:19 122 - <b>0</b> - Page Load Wait: (Sync) - ICar.support.Utils.waitForPageLoad(Utils.java:109)</small> </font> </div>
<!--FAIL-->
<div class="test-result"><br><font color="red"><strong> Index 0 out of bounds for length 0 </strong></font> <a href=".\ScreenShot\ICar_B2B_TC040_65829789076899.png" target="_blank" >[ScreenShot]</a></div>&emsp;
&emsp;<div class="test-title"> <strong><font size = "3" color = "#0000FF">---Test Execution Ends---</font> </strong> </div>&emsp;]]>
    </system-out>
  </testcase> <!-- ICar_B2B_TC040 -->
  <testcase classname="B2Btestscripts.B2B_Student" name="ICar_B2B_TC031" time="307.171">
    <error message="Email confirmation not found in page!!" type="java.lang.Exception">
      <![CDATA[java.lang.Exception: Email confirmation not found in page!!
at ICar.support.BrowserActions.clickOnElement(BrowserActions.java:230)
at ICar.Pages.PaymentDetailsPage.verifyEmailConfirmation(PaymentDetailsPage.java:278)
at B2Btestscripts.B2B_Student.ICar_B2B_TC031(B2B_Student.java:1786)
at java.base/jdk.internal.reflect.NativeMethodAccessorImpl.invoke0(Native Method)
at java.base/jdk.internal.reflect.NativeMethodAccessorImpl.invoke(NativeMethodAccessorImpl.java:78)
at java.base/jdk.internal.reflect.DelegatingMethodAccessorImpl.invoke(DelegatingMethodAccessorImpl.java:43)
at java.base/java.lang.reflect.Method.invoke(Method.java:567)
at org.testng.internal.invokers.MethodInvocationHelper.invokeMethod(MethodInvocationHelper.java:139)
at org.testng.internal.invokers.TestInvoker.invokeMethod(TestInvoker.java:664)
at org.testng.internal.invokers.TestInvoker.invokeTestMethod(TestInvoker.java:227)
at org.testng.internal.invokers.TestMethodWithDataProviderMethodWorker.call(TestMethodWithDataProviderMethodWorker.java:80)
at org.testng.internal.invokers.TestMethodWithDataProviderMethodWorker.call(TestMethodWithDataProviderMethodWorker.java:17)
at java.base/java.util.concurrent.FutureTask.run(FutureTask.java:264)
at java.base/java.util.concurrent.Executors$RunnableAdapter.call(Executors.java:515)
at java.base/java.util.concurrent.FutureTask.run(FutureTask.java:264)
at java.base/java.util.concurrent.ThreadPoolExecutor.runWorker(ThreadPoolExecutor.java:1130)
at java.base/java.util.concurrent.ThreadPoolExecutor$Worker.run(ThreadPoolExecutor.java:630)
at java.base/java.lang.Thread.run(Thread.java:831)
]]>
    </error>
    <system-out>
      <![CDATA[<div class="test-event"> <font color="maroon"> <small> &emsp; &emsp;--- 16 Oct 16:32:02 756 - TestCaseID:: ICar_B2B_TC031</small> </font> </div>
<div class="test-event"> <font color="maroon"> <small> &emsp; &emsp;--- 16 Oct 16:32:04 238 - <b>1</b> - Driver::initialize::Get - ICar.support.WebDriverFactory.getDriver(WebDriverFactory.java:640)</small> </font> </div>
<div class="test-event"> <font color="maroon"> <small> &emsp; &emsp;--- 16 Oct 16:32:12 812 - Catched spinner load exception due to Expected condition failed: waiting for ICar.support.WaitUtils$4@636673a3 (tried for 8 second(s) with 500 milliseconds interval)</small> </font> </div>
<div class="test-event"> <font color="maroon"> <small> &emsp; &emsp;--- 16 Oct 16:32:12 812 - <b>8</b> - Spinner Load Wait: (Sync) - ICar.support.WaitUtils.waitForSpinner(WaitUtils.java:225)</small> </font> </div>
&emsp;<div class="test-title"> <strong><font size = "3" color = "#000080">Ability to make payment with the saved credit card</font> </strong> </div>&emsp;<div><strong>Steps:</strong></div><!-- Report -->&emsp;
<div class="test-event"> <font color="maroon"> <small> &emsp; &emsp;--- 16 Oct 16:32:17 685 - Element is displayed:: [[ChromeDriver: chrome on WINDOWS (0982be5e8359f454c9043233a4d32554)] -> xpath: //a/img[@alt='Login Image']|//button[@id='btn-login']]</small> </font> </div>
<div class="test-event"> <font color="maroon"> <small> &emsp; &emsp;--- 16 Oct 16:32:17 740 - Element is displayed:: [[ChromeDriver: chrome on WINDOWS (0982be5e8359f454c9043233a4d32554)] -> xpath: //a/img[@alt='Login Image']|//button[@id='btn-login']]</small> </font> </div>
<div class="test-message">&emsp;Successfully navigated to 'Home' Page&emsp;<a href=".\ScreenShot\ICar_B2B_TC031_63905151639400.png" target="_blank" >[ScreenShot]</a></div>
<div class="test-message">&emsp;1. Home page is launched.</div>
<div class="test-event"> <font color="maroon"> <small> &emsp; &emsp;--- 16 Oct 16:32:18 240 - Page URL:: https://www.icarstage.com/</small> </font> </div>
<div class="test-event"> <font color="maroon"> <small> &emsp; &emsp;--- 16 Oct 16:32:18 240 - <b>0</b> - Page Load Wait: (Sync) - ICar.support.Utils.waitForPageLoad(Utils.java:109)</small> </font> </div>
<div class="test-event"> <font color="maroon"> <small> &emsp; &emsp;--- 16 Oct 16:32:18 289 - Element is displayed:: [[ChromeDriver: chrome on WINDOWS (0982be5e8359f454c9043233a4d32554)] -> xpath: //a/img[@alt='Login Image']|//button[@id='btn-login']]</small> </font> </div>
<div class="test-event"> <font color="maroon"> <small> &emsp; &emsp;--- 16 Oct 16:32:18 387 - Element is displayed:: [[ChromeDriver: chrome on WINDOWS (0982be5e8359f454c9043233a4d32554)] -> xpath: //a/img[@alt='Login Image']|//button[@id='btn-login']]</small> </font> </div>
<div class="test-event"> <font color="maroon"> <small> &emsp; &emsp;--- 16 Oct 16:32:36 122 - Catched spinner load exception due to Expected condition failed: waiting for ICar.support.WaitUtils$4@636673a3 (tried for 15 second(s) with 500 milliseconds interval)</small> </font> </div>
<div class="test-event"> <font color="maroon"> <small> &emsp; &emsp;--- 16 Oct 16:32:36 122 - <b>15</b> - Spinner Load Wait: (Sync) - ICar.support.WaitUtils.waitForSpinner(WaitUtils.java:225)</small> </font> </div>
<div class="test-message">&emsp;2. Navigate to 'Login Page'</div>
<div class="test-message">&emsp;Successfully navigated to 'Login' Page&emsp;<a href=".\ScreenShot\ICar_B2B_TC031_63923538411800.png" target="_blank" >[ScreenShot]</a></div>
<div class="test-event"> <font color="maroon"> <small> &emsp; &emsp;--- 16 Oct 16:32:36 338 - Element is displayed:: [[ChromeDriver: chrome on WINDOWS (0982be5e8359f454c9043233a4d32554)] -> id: username]</small> </font> </div>
<div class="test-event"> <font color="maroon"> <small> &emsp; &emsp;--- 16 Oct 16:32:36 394 - Element is displayed:: [[ChromeDriver: chrome on WINDOWS (0982be5e8359f454c9043233a4d32554)] -> id: username]</small> </font> </div>
<div class="test-event"> <font color="maroon"> <small> &emsp; &emsp;--- 16 Oct 16:32:36 577 - Element is displayed:: [[ChromeDriver: chrome on WINDOWS (0982be5e8359f454c9043233a4d32554)] -> id: password]</small> </font> </div>
<div class="test-event"> <font color="maroon"> <small> &emsp; &emsp;--- 16 Oct 16:32:36 728 - Element is displayed:: [[ChromeDriver: chrome on WINDOWS (0982be5e8359f454c9043233a4d32554)] -> id: btn-login]</small> </font> </div>
<div class="test-event"> <font color="maroon"> <small> &emsp; &emsp;--- 16 Oct 16:32:43 169 - Catched spinner load exception due to Expected condition failed: waiting for ICar.support.WaitUtils$4@636673a3 (tried for 3 second(s) with 500 milliseconds interval)</small> </font> </div>
<div class="test-event"> <font color="maroon"> <small> &emsp; &emsp;--- 16 Oct 16:32:43 169 - <b>6</b> - Spinner Load Wait: (Sync) - ICar.support.WaitUtils.waitForSpinner(WaitUtils.java:225)</small> </font> </div>
<div class="test-event"> <font color="maroon"> <small> &emsp; &emsp;--- 16 Oct 16:33:05 362 - Catched spinner load exception due to Expected condition failed: waiting for ICar.support.WaitUtils$4@636673a3 (tried for 10 second(s) with 500 milliseconds interval)</small> </font> </div>
<div class="test-event"> <font color="maroon"> <small> &emsp; &emsp;--- 16 Oct 16:33:05 362 - <b>10</b> - Spinner Load Wait: (Sync) - ICar.support.WaitUtils.waitForSpinner(WaitUtils.java:225)</small> </font> </div>
<div class="test-event"> <font color="maroon"> <small> &emsp; &emsp;--- 16 Oct 16:33:05 430 - Element is displayed:: [[ChromeDriver: chrome on WINDOWS (0982be5e8359f454c9043233a4d32554)] -> xpath: //button[@value='Launch My Learning']]</small> </font> </div>
<div class="test-message">&emsp;3. Enter the user credentials as : 2810173</div>
<div class="test-message">&emsp;Successfully navigated to 'User Home' Page&emsp;<a href=".\ScreenShot\ICar_B2B_TC031_63952842342400.png" target="_blank" >[ScreenShot]</a></div>
<div class="test-event"> <font color="maroon"> <small> &emsp; &emsp;--- 16 Oct 16:33:05 793 - Page URL:: https://www.icarstage.com/</small> </font> </div>
<div class="test-event"> <font color="maroon"> <small> &emsp; &emsp;--- 16 Oct 16:33:05 793 - <b>0</b> - Page Load Wait: (Sync) - ICar.support.Utils.waitForPageLoad(Utils.java:109)</small> </font> </div>
<div class="test-event"> <font color="maroon"> <small> &emsp; &emsp;--- 16 Oct 16:33:05 846 - Element is displayed:: [[ChromeDriver: chrome on WINDOWS (0982be5e8359f454c9043233a4d32554)] -> xpath: //p[text()='Launch My Learning']]</small> </font> </div>
<div class="test-event"> <font color="maroon"> <small> &emsp; &emsp;--- 16 Oct 16:33:05 882 - Element is displayed:: [[ChromeDriver: chrome on WINDOWS (0982be5e8359f454c9043233a4d32554)] -> xpath: //lightning-layout[@class='left-margin slds-align_absolute-center slds-grid slds-grid_align-spread slds-wrap']//lightning-layout-item[2]//a]</small> </font> </div>
<div class="test-event"> <font color="maroon"> <small> &emsp; &emsp;--- 16 Oct 16:33:07 955 - Element is displayed:: [[ChromeDriver: chrome on WINDOWS (0982be5e8359f454c9043233a4d32554)] -> xpath: //lightning-layout[@class='left-margin slds-align_absolute-center slds-grid slds-grid_align-spread slds-wrap']//lightning-layout-item[2]//a]</small> </font> </div>
<div class="test-event"> <font color="maroon"> <small> &emsp; &emsp;--- 16 Oct 16:33:08 056 - Element is displayed:: [[ChromeDriver: chrome on WINDOWS (0982be5e8359f454c9043233a4d32554)] -> xpath: //ul[@aria-label='Show More']//li[2]/a]</small> </font> </div>
<div class="test-event"> <font color="maroon"> <small> &emsp; &emsp;--- 16 Oct 16:33:08 104 - Element is displayed:: [[ChromeDriver: chrome on WINDOWS (0982be5e8359f454c9043233a4d32554)] -> xpath: //ul[@aria-label='Show More']//li[2]/a]</small> </font> </div>
<div class="test-event"> <font color="maroon"> <small> &emsp; &emsp;--- 16 Oct 16:33:25 079 - Catched spinner load exception due to Expected condition failed: waiting for ICar.support.WaitUtils$4@636673a3 (tried for 15 second(s) with 500 milliseconds interval)</small> </font> </div>
<div class="test-event"> <font color="maroon"> <small> &emsp; &emsp;--- 16 Oct 16:33:25 080 - <b>15</b> - Spinner Load Wait: (Sync) - ICar.support.WaitUtils.waitForSpinner(WaitUtils.java:225)</small> </font> </div>
<div class="test-event"> <font color="maroon"> <small> &emsp; &emsp;--- 16 Oct 16:33:25 171 - Page URL:: https://www.icarstage.com/my-payment-information</small> </font> </div>
<div class="test-event"> <font color="maroon"> <small> &emsp; &emsp;--- 16 Oct 16:33:25 172 - <b>0</b> - Page Load Wait: (Sync) - ICar.support.Utils.waitForPageLoad(Utils.java:109)</small> </font> </div>
<div class="test-event"> <font color="maroon"> <small> &emsp; &emsp;--- 16 Oct 16:33:25 230 - Element is displayed:: [[ChromeDriver: chrome on WINDOWS (0982be5e8359f454c9043233a4d32554)] -> xpath: //a[contains(text(),'Credit Card')]]</small> </font> </div>
<div class="test-message">&emsp;4. Navigating to My Payment Information Page</div>
<div class="test-message">&emsp;Successfully navigated to 'My Payment Information' Page&emsp;<a href=".\ScreenShot\ICar_B2B_TC031_63972642349500.png" target="_blank" >[ScreenShot]</a></div>
<div class="test-message">&emsp;5. Add the credit card details</div>
<div class="test-event"> <font color="maroon"> <small> &emsp; &emsp;--- 16 Oct 16:33:37 234 - Element Proxy element for: AjaxElementLocator 'By.xpath: //slot[@name='message']', is not displayed in page </small> </font> </div>
<div class="test-event"> <font color="maroon"> <small> &emsp; &emsp;--- 16 Oct 16:34:00 866 - Catched spinner load exception due to Expected condition failed: waiting for ICar.support.WaitUtils$4@636673a3 (tried for 10 second(s) with 500 milliseconds interval)</small> </font> </div>
<div class="test-event"> <font color="maroon"> <small> &emsp; &emsp;--- 16 Oct 16:34:00 866 - <b>10</b> - Spinner Load Wait: (Sync) - ICar.support.WaitUtils.waitForSpinner(WaitUtils.java:225)</small> </font> </div>
<div class="test-event"> <font color="maroon"> <small> &emsp; &emsp;--- 16 Oct 16:34:00 929 - Element is displayed:: [[ChromeDriver: chrome on WINDOWS (0982be5e8359f454c9043233a4d32554)] -> xpath: //a[contains(text(),'Credit Card')]]</small> </font> </div>
<div class="test-event"> <font color="maroon"> <small> &emsp; &emsp;--- 16 Oct 16:34:07 228 - Catched spinner load exception due to Expected condition failed: waiting for ICar.support.WaitUtils$4@636673a3 (tried for 6 second(s) with 500 milliseconds interval)</small> </font> </div>
<div class="test-event"> <font color="maroon"> <small> &emsp; &emsp;--- 16 Oct 16:34:07 228 - <b>6</b> - Spinner Load Wait: (Sync) - ICar.support.WaitUtils.waitForSpinner(WaitUtils.java:225)</small> </font> </div>
<div class="test-event"> <font color="maroon"> <small> &emsp; &emsp;--- 16 Oct 16:34:15 523 - Catched spinner load exception due to Expected condition failed: waiting for ICar.support.WaitUtils$4@636673a3 (tried for 6 second(s) with 500 milliseconds interval)</small> </font> </div>
<div class="test-event"> <font color="maroon"> <small> &emsp; &emsp;--- 16 Oct 16:34:15 523 - <b>6</b> - Spinner Load Wait: (Sync) - ICar.support.WaitUtils.waitForSpinner(WaitUtils.java:225)</small> </font> </div>
<div class="test-event"> <font color="maroon"> <small> &emsp; &emsp;--- 16 Oct 16:34:15 594 - Element is displayed:: [[ChromeDriver: chrome on WINDOWS (0982be5e8359f454c9043233a4d32554)] -> xpath: //input[@name='cardnumber']]</small> </font> </div>
<div class="test-event"> <font color="maroon"> <small> &emsp; &emsp;--- 16 Oct 16:34:16 480 - Element is displayed:: [[ChromeDriver: chrome on WINDOWS (0982be5e8359f454c9043233a4d32554)] -> xpath: //input[@name='exp-date']]</small> </font> </div>
<div class="test-event"> <font color="maroon"> <small> &emsp; &emsp;--- 16 Oct 16:34:16 708 - Element is displayed:: [[ChromeDriver: chrome on WINDOWS (0982be5e8359f454c9043233a4d32554)] -> xpath: //input[@name='cvc']]</small> </font> </div>
<div class="test-event"> <font color="maroon"> <small> &emsp; &emsp;--- 16 Oct 16:34:16 939 - Element is displayed:: [[ChromeDriver: chrome on WINDOWS (0982be5e8359f454c9043233a4d32554)] -> xpath: //input[@name='postal']]</small> </font> </div>
<div class="test-event"> <font color="maroon"> <small> &emsp; &emsp;--- 16 Oct 16:34:17 210 - Element is displayed:: [[ChromeDriver: chrome on WINDOWS (0982be5e8359f454c9043233a4d32554)] -> xpath: //button[@title='Add Card']]</small> </font> </div>
<div class="test-event"> <font color="maroon"> <small> &emsp; &emsp;--- 16 Oct 16:34:19 009 - Element is displayed:: [[ChromeDriver: chrome on WINDOWS (0982be5e8359f454c9043233a4d32554)] -> xpath: //slot[@name='message']]</small> </font> </div>
<div class="test-message">&emsp;Successfully add card to 'My Payment Information' Page&emsp;<a href=".\ScreenShot\ICar_B2B_TC031_64026433988000.png" target="_blank" >[ScreenShot]</a></div>
<div class="test-message">&emsp;6. Set the credit card as default</div>
<div class="test-event"> <font color="maroon"> <small> &emsp; &emsp;--- 16 Oct 16:34:30 542 - Element Proxy element for: AjaxElementLocator 'By.xpath: //slot[@name='message']', is not displayed in page </small> </font> </div>
<div class="test-event"> <font color="maroon"> <small> &emsp; &emsp;--- 16 Oct 16:34:34 798 - Element is displayed:: [[ChromeDriver: chrome on WINDOWS (0982be5e8359f454c9043233a4d32554)] -> xpath: //c-b2b_-my-payment-info[contains(@data-component-id,'MyPaymentInfo')]/div[1]/div[2]/div[1]/div[2]/div/div[4]//lightning-primitive-input-radio]</small> </font> </div>
<div class="test-event"> <font color="maroon"> <small> &emsp; &emsp;--- 16 Oct 16:34:34 886 - Element is displayed:: [[ChromeDriver: chrome on WINDOWS (0982be5e8359f454c9043233a4d32554)] -> xpath: //button[@title='Yes']]</small> </font> </div>
<div class="test-event"> <font color="maroon"> <small> &emsp; &emsp;--- 16 Oct 16:34:34 937 - Element is displayed:: [[ChromeDriver: chrome on WINDOWS (0982be5e8359f454c9043233a4d32554)] -> xpath: //button[@title='Yes']]</small> </font> </div>
<div class="test-message">&emsp;Successfully set the card as default in 'My Payment Information' Page&emsp;<a href=".\ScreenShot\ICar_B2B_TC031_64043496372800.png" target="_blank" >[ScreenShot]</a></div>
<div class="test-message">&emsp;7. click on link to navigate to Browser catalog and add course to the cart</div>
<div class="test-event"> <font color="maroon"> <small> &emsp; &emsp;--- 16 Oct 16:34:36 423 - Page URL:: https://www.icarstage.com/my-payment-information</small> </font> </div>
<div class="test-event"> <font color="maroon"> <small> &emsp; &emsp;--- 16 Oct 16:34:36 423 - <b>0</b> - Page Load Wait: (Sync) - ICar.support.Utils.waitForPageLoad(Utils.java:109)</small> </font> </div>
<div class="test-event"> <font color="maroon"> <small> &emsp; &emsp;--- 16 Oct 16:34:36 491 - Element is displayed:: [[ChromeDriver: chrome on WINDOWS (0982be5e8359f454c9043233a4d32554)] -> xpath: //p[text()='Launch My Learning']]</small> </font> </div>
<div class="test-event"> <font color="maroon"> <small> &emsp; &emsp;--- 16 Oct 16:34:56 546 - Catched spinner load exception due to Expected condition failed: waiting for ICar.support.WaitUtils$4@636673a3 (tried for 20 second(s) with 500 milliseconds interval)</small> </font> </div>
<div class="test-event"> <font color="maroon"> <small> &emsp; &emsp;--- 16 Oct 16:34:56 546 - <b>20</b> - Spinner Load Wait: (Sync) - ICar.support.WaitUtils.waitForSpinner(WaitUtils.java:225)</small> </font> </div>
<div class="test-event"> <font color="maroon"> <small> &emsp; &emsp;--- 16 Oct 16:34:56 623 - Element is displayed:: [[ChromeDriver: chrome on WINDOWS (0982be5e8359f454c9043233a4d32554)] -> xpath: //div[@class='HeaderCart_Icon']/a]</small> </font> </div>
<div class="test-event"> <font color="maroon"> <small> &emsp; &emsp;--- 16 Oct 16:34:59 546 - Element is displayed:: [[ChromeDriver: chrome on WINDOWS (0982be5e8359f454c9043233a4d32554)] -> xpath: //div[@class='HeaderCart_Icon']/a]</small> </font> </div>
<div class="test-event"> <font color="maroon"> <small> &emsp; &emsp;--- 16 Oct 16:35:22 400 - Catched spinner load exception due to Expected condition failed: waiting for ICar.support.WaitUtils$4@636673a3 (tried for 15 second(s) with 500 milliseconds interval)</small> </font> </div>
<div class="test-event"> <font color="maroon"> <small> &emsp; &emsp;--- 16 Oct 16:35:22 400 - <b>15</b> - Spinner Load Wait: (Sync) - ICar.support.WaitUtils.waitForSpinner(WaitUtils.java:225)</small> </font> </div>
<div class="test-event"> <font color="maroon"> <small> &emsp; &emsp;--- 16 Oct 16:35:22 506 - Page URL:: https://www.icarstage.com/cart</small> </font> </div>
<div class="test-event"> <font color="maroon"> <small> &emsp; &emsp;--- 16 Oct 16:35:22 506 - <b>0</b> - Page Load Wait: (Sync) - ICar.support.Utils.waitForPageLoad(Utils.java:109)</small> </font> </div>
<div class="test-event"> <font color="maroon"> <small> &emsp; &emsp;--- 16 Oct 16:35:22 570 - Element is displayed:: [[ChromeDriver: chrome on WINDOWS (0982be5e8359f454c9043233a4d32554)] -> xpath: //button[text()='Continue to Checkout']]</small> </font> </div>
<div class="test-event"> <font color="maroon"> <small> &emsp; &emsp;--- 16 Oct 16:35:22 633 - Element is displayed:: [[ChromeDriver: chrome on WINDOWS (0982be5e8359f454c9043233a4d32554)] -> xpath: //input[contains(@placeholder,'Search')]]</small> </font> </div>
<div class="test-event"> <font color="maroon"> <small> &emsp; &emsp;--- 16 Oct 16:35:22 697 - Element is displayed:: [[ChromeDriver: chrome on WINDOWS (0982be5e8359f454c9043233a4d32554)] -> xpath: //input[contains(@placeholder,'Search')]]</small> </font> </div>
<div class="test-event"> <font color="maroon"> <small> &emsp; &emsp;--- 16 Oct 16:35:31 038 - Element is displayed:: [[[[ChromeDriver: chrome on WINDOWS (0982be5e8359f454c9043233a4d32554)] -> xpath: //c-b2b_custom-search-results-list[contains(@data-component-id,'b2b_customSearchResultsList')]/div/div[2]//table/tbody/tr[1]/td/div]] -> xpath: a]</small> </font> </div>
<div class="test-event"> <font color="maroon"> <small> &emsp; &emsp;--- 16 Oct 16:35:43 225 - Catched spinner load exception due to Expected condition failed: waiting for ICar.support.WaitUtils$4@636673a3 (tried for 10 second(s) with 500 milliseconds interval)</small> </font> </div>
<div class="test-event"> <font color="maroon"> <small> &emsp; &emsp;--- 16 Oct 16:35:43 225 - <b>10</b> - Spinner Load Wait: (Sync) - ICar.support.WaitUtils.waitForSpinner(WaitUtils.java:225)</small> </font> </div>
<div class="test-event"> <font color="maroon"> <small> &emsp; &emsp;--- 16 Oct 16:35:45 506 - Element is displayed:: [[ChromeDriver: chrome on WINDOWS (0982be5e8359f454c9043233a4d32554)] -> xpath: //button[text()='Add to Cart']]</small> </font> </div>
<div class="test-event"> <font color="maroon"> <small> &emsp; &emsp;--- 16 Oct 16:35:45 611 - Element is displayed:: [[ChromeDriver: chrome on WINDOWS (0982be5e8359f454c9043233a4d32554)] -> xpath: //div[@class='HeaderCart_Icon']/a]</small> </font> </div>
<div class="test-event"> <font color="maroon"> <small> &emsp; &emsp;--- 16 Oct 16:35:52 706 - Element is displayed:: [[ChromeDriver: chrome on WINDOWS (0982be5e8359f454c9043233a4d32554)] -> xpath: //div[@class='HeaderCart_Icon']/a]</small> </font> </div>
<div class="test-event"> <font color="maroon"> <small> &emsp; &emsp;--- 16 Oct 16:35:54 039 - Page URL:: https://www.icarstage.com/cart</small> </font> </div>
<div class="test-event"> <font color="maroon"> <small> &emsp; &emsp;--- 16 Oct 16:35:54 040 - <b>0</b> - Page Load Wait: (Sync) - ICar.support.Utils.waitForPageLoad(Utils.java:109)</small> </font> </div>
<div class="test-event"> <font color="maroon"> <small> &emsp; &emsp;--- 16 Oct 16:35:54 095 - Element is displayed:: [[ChromeDriver: chrome on WINDOWS (0982be5e8359f454c9043233a4d32554)] -> xpath: //p[text()='Launch My Learning']]</small> </font> </div>
<div class="test-event"> <font color="maroon"> <small> &emsp; &emsp;--- 16 Oct 16:36:14 476 - Catched spinner load exception due to Expected condition failed: waiting for ICar.support.WaitUtils$4@636673a3 (tried for 20 second(s) with 500 milliseconds interval)</small> </font> </div>
<div class="test-event"> <font color="maroon"> <small> &emsp; &emsp;--- 16 Oct 16:36:14 476 - <b>20</b> - Spinner Load Wait: (Sync) - ICar.support.WaitUtils.waitForSpinner(WaitUtils.java:225)</small> </font> </div>
<div class="test-event"> <font color="maroon"> <small> &emsp; &emsp;--- 16 Oct 16:36:14 516 - Element is displayed:: [[ChromeDriver: chrome on WINDOWS (0982be5e8359f454c9043233a4d32554)] -> xpath: //div[@class='HeaderCart_Icon']/a]</small> </font> </div>
<div class="test-event"> <font color="maroon"> <small> &emsp; &emsp;--- 16 Oct 16:36:16 594 - Element is displayed:: [[ChromeDriver: chrome on WINDOWS (0982be5e8359f454c9043233a4d32554)] -> xpath: //div[@class='HeaderCart_Icon']/a]</small> </font> </div>
<div class="test-event"> <font color="maroon"> <small> &emsp; &emsp;--- 16 Oct 16:36:36 295 - Catched spinner load exception due to Expected condition failed: waiting for ICar.support.WaitUtils$4@636673a3 (tried for 15 second(s) with 500 milliseconds interval)</small> </font> </div>
<div class="test-event"> <font color="maroon"> <small> &emsp; &emsp;--- 16 Oct 16:36:36 295 - <b>15</b> - Spinner Load Wait: (Sync) - ICar.support.WaitUtils.waitForSpinner(WaitUtils.java:225)</small> </font> </div>
<div class="test-event"> <font color="maroon"> <small> &emsp; &emsp;--- 16 Oct 16:36:36 401 - Page URL:: https://www.icarstage.com/cart</small> </font> </div>
<div class="test-event"> <font color="maroon"> <small> &emsp; &emsp;--- 16 Oct 16:36:36 401 - <b>0</b> - Page Load Wait: (Sync) - ICar.support.Utils.waitForPageLoad(Utils.java:109)</small> </font> </div>
<div class="test-event"> <font color="maroon"> <small> &emsp; &emsp;--- 16 Oct 16:36:36 454 - Element is displayed:: [[ChromeDriver: chrome on WINDOWS (0982be5e8359f454c9043233a4d32554)] -> xpath: //button[text()='Continue to Checkout']]</small> </font> </div>
<div class="test-message">&emsp;8. click on My cart icon to navigate to My Cart Page</div>
<div class="test-message">&emsp;Successfully navigated to 'My Cart' Page&emsp;<a href=".\ScreenShot\ICar_B2B_TC031_64163867249400.png" target="_blank" >[ScreenShot]</a></div>
<div class="test-event"> <font color="maroon"> <small> &emsp; &emsp;--- 16 Oct 16:36:49 571 - Page URL:: https://www.icarstage.com/cart</small> </font> </div>
<div class="test-event"> <font color="maroon"> <small> &emsp; &emsp;--- 16 Oct 16:36:49 571 - <b>0</b> - Page Load Wait: (Sync) - ICar.support.Utils.waitForPageLoad(Utils.java:109)</small> </font> </div>
<div class="test-event"> <font color="maroon"> <small> &emsp; &emsp;--- 16 Oct 16:36:56 824 - Catched spinner load exception due to Expected condition failed: waiting for ICar.support.WaitUtils$4@636673a3 (tried for 7 second(s) with 500 milliseconds interval)</small> </font> </div>
<div class="test-event"> <font color="maroon"> <small> &emsp; &emsp;--- 16 Oct 16:36:56 825 - <b>7</b> - Spinner Load Wait: (Sync) - ICar.support.WaitUtils.waitForSpinner(WaitUtils.java:225)</small> </font> </div>
<div class="test-message">&emsp;11. Click Email purchase confirmation</div>
<div class="test-event"> <font color="maroon"> <small> &emsp; &emsp;--- 16 Oct 16:37:10 545 - Unable to find a element after 10 sec ==> Proxy element for: AjaxElementLocator 'By.cssSelector: .cDcPurchaseConfirmation >div div >button'</small> </font> </div>
<!--FAIL-->
<div class="test-result"><br><font color="red"><strong> Email confirmation not found in page!! </strong></font> <a href=".\ScreenShot\ICar_B2B_TC031_64197956763100.png" target="_blank" >[ScreenShot]</a></div>&emsp;
&emsp;<div class="test-title"> <strong><font size = "3" color = "#0000FF">---Test Execution Ends---</font> </strong> </div>&emsp;]]>
    </system-out>
  </testcase> <!-- ICar_B2B_TC031 -->
  <testcase classname="B2Btestscripts.B2B_Student" name="ICar_B2B_TC013" time="86.937">
    <system-out>
      <![CDATA[<div class="test-event"> <font color="maroon"> <small> &emsp; &emsp;--- 16 Oct 15:47:49 172 - TestCaseID:: ICar_B2B_TC013</small> </font> </div>
<div class="test-event"> <font color="maroon"> <small> &emsp; &emsp;--- 16 Oct 15:47:50 353 - <b>1</b> - Driver::initialize::Get - ICar.support.WebDriverFactory.getDriver(WebDriverFactory.java:640)</small> </font> </div>
&emsp;<div class="test-title"> <strong><font size = "3" color = "#000080">Verify advanced class search functionality with Live/Virtual/Online sessions</font> </strong> </div>&emsp;<div><strong>Steps:</strong></div><!-- Report -->&emsp;
<div class="test-event"> <font color="maroon"> <small> &emsp; &emsp;--- 16 Oct 15:47:56 781 - Element is displayed:: [[ChromeDriver: chrome on WINDOWS (7ccbbb30ec2e5739f28ac769300dbcd4)] -> xpath: //a/img[@alt='Login Image']|//button[@id='btn-login']]</small> </font> </div>
<div class="test-event"> <font color="maroon"> <small> &emsp; &emsp;--- 16 Oct 15:47:56 858 - Element is displayed:: [[ChromeDriver: chrome on WINDOWS (7ccbbb30ec2e5739f28ac769300dbcd4)] -> xpath: //a/img[@alt='Login Image']|//button[@id='btn-login']]</small> </font> </div>
<div class="test-message">&emsp;Successfully navigated to 'Home' Page&emsp;<a href=".\ScreenShot\ICar_B2B_TC013_61244270295100.png" target="_blank" >[ScreenShot]</a></div>
<div class="test-message">&emsp;1. Home page is launched.</div>
<div class="test-event"> <font color="maroon"> <small> &emsp; &emsp;--- 16 Oct 15:47:57 221 - Page URL:: https://www.icarstage.com/</small> </font> </div>
<div class="test-event"> <font color="maroon"> <small> &emsp; &emsp;--- 16 Oct 15:47:57 221 - <b>0</b> - Page Load Wait: (Sync) - ICar.support.Utils.waitForPageLoad(Utils.java:109)</small> </font> </div>
<div class="test-event"> <font color="maroon"> <small> &emsp; &emsp;--- 16 Oct 15:47:57 268 - Element is displayed:: [[ChromeDriver: chrome on WINDOWS (7ccbbb30ec2e5739f28ac769300dbcd4)] -> xpath: //a/img[@alt='Login Image']|//button[@id='btn-login']]</small> </font> </div>
<div class="test-event"> <font color="maroon"> <small> &emsp; &emsp;--- 16 Oct 15:47:57 353 - Element is displayed:: [[ChromeDriver: chrome on WINDOWS (7ccbbb30ec2e5739f28ac769300dbcd4)] -> xpath: //a/img[@alt='Login Image']|//button[@id='btn-login']]</small> </font> </div>
<div class="test-event"> <font color="maroon"> <small> &emsp; &emsp;--- 16 Oct 15:48:15 177 - Catched spinner load exception due to Expected condition failed: waiting for ICar.support.WaitUtils$4@636673a3 (tried for 15 second(s) with 500 milliseconds interval)</small> </font> </div>
<div class="test-event"> <font color="maroon"> <small> &emsp; &emsp;--- 16 Oct 15:48:15 178 - <b>15</b> - Spinner Load Wait: (Sync) - ICar.support.WaitUtils.waitForSpinner(WaitUtils.java:225)</small> </font> </div>
<div class="test-message">&emsp;2. Navigate to 'Login Page'</div>
<div class="test-message">&emsp;Successfully navigated to 'Login' Page&emsp;<a href=".\ScreenShot\ICar_B2B_TC013_61262593457700.png" target="_blank" >[ScreenShot]</a></div>
<div class="test-event"> <font color="maroon"> <small> &emsp; &emsp;--- 16 Oct 15:48:15 431 - Element is displayed:: [[ChromeDriver: chrome on WINDOWS (7ccbbb30ec2e5739f28ac769300dbcd4)] -> id: username]</small> </font> </div>
<div class="test-event"> <font color="maroon"> <small> &emsp; &emsp;--- 16 Oct 15:48:15 489 - Element is displayed:: [[ChromeDriver: chrome on WINDOWS (7ccbbb30ec2e5739f28ac769300dbcd4)] -> id: username]</small> </font> </div>
<div class="test-event"> <font color="maroon"> <small> &emsp; &emsp;--- 16 Oct 15:48:15 794 - Element is displayed:: [[ChromeDriver: chrome on WINDOWS (7ccbbb30ec2e5739f28ac769300dbcd4)] -> id: password]</small> </font> </div>
<div class="test-event"> <font color="maroon"> <small> &emsp; &emsp;--- 16 Oct 15:48:16 007 - Element is displayed:: [[ChromeDriver: chrome on WINDOWS (7ccbbb30ec2e5739f28ac769300dbcd4)] -> id: btn-login]</small> </font> </div>
<div class="test-event"> <font color="maroon"> <small> &emsp; &emsp;--- 16 Oct 15:48:20 628 - Catched spinner load exception due to Expected condition failed: waiting for ICar.support.WaitUtils$4@636673a3 (tried for 3 second(s) with 500 milliseconds interval)</small> </font> </div>
<div class="test-event"> <font color="maroon"> <small> &emsp; &emsp;--- 16 Oct 15:48:20 628 - <b>4</b> - Spinner Load Wait: (Sync) - ICar.support.WaitUtils.waitForSpinner(WaitUtils.java:225)</small> </font> </div>
<div class="test-event"> <font color="maroon"> <small> &emsp; &emsp;--- 16 Oct 15:48:44 927 - Catched spinner load exception due to Expected condition failed: waiting for ICar.support.WaitUtils$4@636673a3 (tried for 10 second(s) with 500 milliseconds interval)</small> </font> </div>
<div class="test-event"> <font color="maroon"> <small> &emsp; &emsp;--- 16 Oct 15:48:44 927 - <b>10</b> - Spinner Load Wait: (Sync) - ICar.support.WaitUtils.waitForSpinner(WaitUtils.java:225)</small> </font> </div>
<div class="test-event"> <font color="maroon"> <small> &emsp; &emsp;--- 16 Oct 15:48:45 019 - Element is displayed:: [[ChromeDriver: chrome on WINDOWS (7ccbbb30ec2e5739f28ac769300dbcd4)] -> xpath: //button[@value='Launch My Learning']]</small> </font> </div>
<div class="test-message">&emsp;3. Enter the user credentials as : Angielex</div>
<div class="test-message">&emsp;Successfully navigated to 'User Home' Page&emsp;<a href=".\ScreenShot\ICar_B2B_TC013_61292431093500.png" target="_blank" >[ScreenShot]</a></div>
<div class="test-message">&emsp;4. Click on the Advance search Link and enter the search criteria for Virtual Courses</div>
<div class="test-event"> <font color="maroon"> <small> &emsp; &emsp;--- 16 Oct 15:48:45 233 - Element is displayed:: [[ChromeDriver: chrome on WINDOWS (7ccbbb30ec2e5739f28ac769300dbcd4)] -> xpath: //a[text()='Advanced Class Search ']]</small> </font> </div>
<div class="test-event"> <font color="maroon"> <small> &emsp; &emsp;--- 16 Oct 15:49:01 754 - Catched spinner load exception due to Expected condition failed: waiting for ICar.support.WaitUtils$4@636673a3 (tried for 10 second(s) with 500 milliseconds interval)</small> </font> </div>
<div class="test-event"> <font color="maroon"> <small> &emsp; &emsp;--- 16 Oct 15:49:01 754 - <b>10</b> - Spinner Load Wait: (Sync) - ICar.support.WaitUtils.waitForSpinner(WaitUtils.java:225)</small> </font> </div>
<div class="test-event"> <font color="maroon"> <small> &emsp; &emsp;--- 16 Oct 15:49:01 805 - Element is displayed:: [[ChromeDriver: chrome on WINDOWS (7ccbbb30ec2e5739f28ac769300dbcd4)] -> xpath: //lightning-input[@class='slds-form-element']//label[contains(text(),'Address')]/../div/input]</small> </font> </div>
<div class="test-event"> <font color="maroon"> <small> &emsp; &emsp;--- 16 Oct 15:49:01 855 - Element is displayed:: [[ChromeDriver: chrome on WINDOWS (7ccbbb30ec2e5739f28ac769300dbcd4)] -> xpath: //lightning-input[@class='slds-form-element']//label[contains(text(),'Address')]/../div/input]</small> </font> </div>
<div class="test-event"> <font color="maroon"> <small> &emsp; &emsp;--- 16 Oct 15:49:01 913 - Element is displayed:: [[ChromeDriver: chrome on WINDOWS (7ccbbb30ec2e5739f28ac769300dbcd4)] -> xpath: //lightning-input[@class='slds-form-element']//label[contains(text(),'Address')]/../div/input]</small> </font> </div>
<div class="test-event"> <font color="maroon"> <small> &emsp; &emsp;--- 16 Oct 15:49:02 018 - Element is displayed:: [[ChromeDriver: chrome on WINDOWS (7ccbbb30ec2e5739f28ac769300dbcd4)] -> xpath: //lightning-input[@class='slds-form-element']//label[contains(text(),'City')]/../div/input]</small> </font> </div>
<div class="test-event"> <font color="maroon"> <small> &emsp; &emsp;--- 16 Oct 15:49:02 118 - Element is displayed:: [[ChromeDriver: chrome on WINDOWS (7ccbbb30ec2e5739f28ac769300dbcd4)] -> xpath: (//*[@class='slds-form-element'])/label/span[contains(text(),'State')]/../..//select]</small> </font> </div>
<div class="test-event"> <font color="maroon"> <small> &emsp; &emsp;--- 16 Oct 15:49:02 286 - Element is displayed:: [[ChromeDriver: chrome on WINDOWS (7ccbbb30ec2e5739f28ac769300dbcd4)] -> xpath: //lightning-input[@class='slds-form-element']//label[contains(text(),'Zip Code')]/../div/input]</small> </font> </div>
<div class="test-event"> <font color="maroon"> <small> &emsp; &emsp;--- 16 Oct 15:49:02 389 - Element is displayed:: [[ChromeDriver: chrome on WINDOWS (7ccbbb30ec2e5739f28ac769300dbcd4)] -> xpath: (//*[@class='slds-form-element'])/label/span[contains(text(),'Role')]/../..//select]</small> </font> </div>
<div class="test-event"> <font color="maroon"> <small> &emsp; &emsp;--- 16 Oct 15:49:02 580 - Element is displayed:: [[ChromeDriver: chrome on WINDOWS (7ccbbb30ec2e5739f28ac769300dbcd4)] -> xpath: (//*[@class='slds-form-element'])/label/span[contains(text(),'Pro Level')]/../..//select]</small> </font> </div>
<div class="test-event"> <font color="maroon"> <small> &emsp; &emsp;--- 16 Oct 15:49:05 901 - Page URL:: https://my.icarstage.com/s/session-search</small> </font> </div>
<div class="test-event"> <font color="maroon"> <small> &emsp; &emsp;--- 16 Oct 15:49:05 902 - <b>0</b> - Page Load Wait: (Sync) - ICar.support.Utils.waitForPageLoad(Utils.java:109)</small> </font> </div>
<div class="test-event"> <font color="maroon"> <small> &emsp; &emsp;--- 16 Oct 15:49:06 023 - Element is displayed:: [[ChromeDriver: chrome on WINDOWS (7ccbbb30ec2e5739f28ac769300dbcd4)] -> xpath: (//*[@class='slds-form-element__control slds-input-has-icon slds-input-has-icon_right']/input)[1]]</small> </font> </div>
<div class="test-event"> <font color="maroon"> <small> &emsp; &emsp;--- 16 Oct 15:49:06 327 - Element is displayed:: [[ChromeDriver: chrome on WINDOWS (7ccbbb30ec2e5739f28ac769300dbcd4)] -> xpath: (//*[@class='slds-form-element__control slds-input-has-icon slds-input-has-icon_right']/input)[2]]</small> </font> </div>
<div class="test-event"> <font color="maroon"> <small> &emsp; &emsp;--- 16 Oct 15:49:12 956 - Catched spinner load exception due to Expected condition failed: waiting for ICar.support.WaitUtils$4@636673a3 (tried for 6 second(s) with 500 milliseconds interval)</small> </font> </div>
<div class="test-event"> <font color="maroon"> <small> &emsp; &emsp;--- 16 Oct 15:49:12 956 - <b>6</b> - Spinner Load Wait: (Sync) - ICar.support.WaitUtils.waitForSpinner(WaitUtils.java:225)</small> </font> </div>
<div class="test-message">&emsp;4. Click on the Advance Search button</div>
<div class="test-event"> <font color="maroon"> <small> &emsp; &emsp;--- 16 Oct 15:49:13 051 - Element is displayed:: [[ChromeDriver: chrome on WINDOWS (7ccbbb30ec2e5739f28ac769300dbcd4)] -> xpath: (//button[@title='Search'])[2]]</small> </font> </div>
<div class="test-message">&emsp;5. Verify the search results</div>
<div class="test-message">&emsp;No records are found&emsp;<a href=".\ScreenShot\ICar_B2B_TC013_61323789588200.png" target="_blank" >[ScreenShot]</a></div>
<div class="test-message">&emsp;No records found for the given search criteria&emsp;<a href=".\ScreenShot\ICar_B2B_TC013_61323978833800.png" target="_blank" >[ScreenShot]</a></div>
<div class="test-result"><br><font color="green"><strong> Test Passed. </strong></font> </div>&emsp;
&emsp;<div class="test-title"> <strong><font size = "3" color = "#0000FF">---Test Execution Ends---</font> </strong> </div>&emsp;]]>
    </system-out>
  </testcase> <!-- ICar_B2B_TC013 -->
  <testcase classname="B2Btestscripts.B2B_Student" name="ICar_B2B_TC054" time="219.585">
    <error message="meesage not found in page!!" type="java.lang.Exception">
      <![CDATA[java.lang.Exception: meesage not found in page!!
at ICar.support.BrowserActions.getText(BrowserActions.java:351)
at ICar.Pages.UserHomePage.addCourseTocart(UserHomePage.java:1182)
at B2Btestscripts.B2B_Student.ICar_B2B_TC054(B2B_Student.java:4252)
at java.base/jdk.internal.reflect.NativeMethodAccessorImpl.invoke0(Native Method)
at java.base/jdk.internal.reflect.NativeMethodAccessorImpl.invoke(NativeMethodAccessorImpl.java:78)
at java.base/jdk.internal.reflect.DelegatingMethodAccessorImpl.invoke(DelegatingMethodAccessorImpl.java:43)
at java.base/java.lang.reflect.Method.invoke(Method.java:567)
at org.testng.internal.invokers.MethodInvocationHelper.invokeMethod(MethodInvocationHelper.java:139)
at org.testng.internal.invokers.TestInvoker.invokeMethod(TestInvoker.java:664)
at org.testng.internal.invokers.TestInvoker.invokeTestMethod(TestInvoker.java:227)
at org.testng.internal.invokers.TestMethodWithDataProviderMethodWorker.call(TestMethodWithDataProviderMethodWorker.java:80)
at org.testng.internal.invokers.TestMethodWithDataProviderMethodWorker.call(TestMethodWithDataProviderMethodWorker.java:17)
at java.base/java.util.concurrent.FutureTask.run(FutureTask.java:264)
at java.base/java.util.concurrent.Executors$RunnableAdapter.call(Executors.java:515)
at java.base/java.util.concurrent.FutureTask.run(FutureTask.java:264)
at java.base/java.util.concurrent.ThreadPoolExecutor.runWorker(ThreadPoolExecutor.java:1130)
at java.base/java.util.concurrent.ThreadPoolExecutor$Worker.run(ThreadPoolExecutor.java:630)
at java.base/java.lang.Thread.run(Thread.java:831)
]]>
    </error>
    <system-out>
      <![CDATA[<div class="test-event"> <font color="maroon"> <small> &emsp; &emsp;--- 16 Oct 17:24:43 039 - TestCaseID:: ICar_B2B_TC054</small> </font> </div>
<div class="test-event"> <font color="maroon"> <small> &emsp; &emsp;--- 16 Oct 17:24:44 702 - <b>1</b> - Driver::initialize::Get - ICar.support.WebDriverFactory.getDriver(WebDriverFactory.java:640)</small> </font> </div>
&emsp;<div class="test-title"> <strong><font size = "3" color = "#000080">Verify adding multiple training course to cart in Browser Catalog Feature</font> </strong> </div>&emsp;<div><strong>Steps:</strong></div><!-- Report -->&emsp;
<div class="test-event"> <font color="maroon"> <small> &emsp; &emsp;--- 16 Oct 17:24:50 379 - Element is displayed:: [[ChromeDriver: chrome on WINDOWS (0bc3dfb99e2aac2fd18ea5d9c4ff009e)] -> xpath: //a/img[@alt='Login Image']|//button[@id='btn-login']]</small> </font> </div>
<div class="test-event"> <font color="maroon"> <small> &emsp; &emsp;--- 16 Oct 17:24:50 452 - Element is displayed:: [[ChromeDriver: chrome on WINDOWS (0bc3dfb99e2aac2fd18ea5d9c4ff009e)] -> xpath: //a/img[@alt='Login Image']|//button[@id='btn-login']]</small> </font> </div>
<div class="test-message">&emsp;Successfully navigated to 'Home' Page&emsp;<a href=".\ScreenShot\ICar_B2B_TC054_67057864581500.png" target="_blank" >[ScreenShot]</a></div>
<div class="test-message">&emsp;1. Home page is launched.</div>
<div class="test-event"> <font color="maroon"> <small> &emsp; &emsp;--- 16 Oct 17:24:51 091 - Page URL:: https://www.icarstage.com/</small> </font> </div>
<div class="test-event"> <font color="maroon"> <small> &emsp; &emsp;--- 16 Oct 17:24:51 091 - <b>0</b> - Page Load Wait: (Sync) - ICar.support.Utils.waitForPageLoad(Utils.java:109)</small> </font> </div>
<div class="test-event"> <font color="maroon"> <small> &emsp; &emsp;--- 16 Oct 17:24:51 127 - Element is displayed:: [[ChromeDriver: chrome on WINDOWS (0bc3dfb99e2aac2fd18ea5d9c4ff009e)] -> xpath: //a/img[@alt='Login Image']|//button[@id='btn-login']]</small> </font> </div>
<div class="test-event"> <font color="maroon"> <small> &emsp; &emsp;--- 16 Oct 17:24:51 176 - Element is displayed:: [[ChromeDriver: chrome on WINDOWS (0bc3dfb99e2aac2fd18ea5d9c4ff009e)] -> xpath: //a/img[@alt='Login Image']|//button[@id='btn-login']]</small> </font> </div>
<div class="test-event"> <font color="maroon"> <small> &emsp; &emsp;--- 16 Oct 17:25:08 860 - Catched spinner load exception due to Expected condition failed: waiting for ICar.support.WaitUtils$4@636673a3 (tried for 15 second(s) with 500 milliseconds interval)</small> </font> </div>
<div class="test-event"> <font color="maroon"> <small> &emsp; &emsp;--- 16 Oct 17:25:08 860 - <b>15</b> - Spinner Load Wait: (Sync) - ICar.support.WaitUtils.waitForSpinner(WaitUtils.java:225)</small> </font> </div>
<div class="test-message">&emsp;2. Login page  should be successfully display</div>
<div class="test-message">&emsp;Successfully navigated to 'Login' Page&emsp;<a href=".\ScreenShot\ICar_B2B_TC054_67076275940499.png" target="_blank" >[ScreenShot]</a></div>
<div class="test-event"> <font color="maroon"> <small> &emsp; &emsp;--- 16 Oct 17:25:09 055 - Element is displayed:: [[ChromeDriver: chrome on WINDOWS (0bc3dfb99e2aac2fd18ea5d9c4ff009e)] -> id: username]</small> </font> </div>
<div class="test-event"> <font color="maroon"> <small> &emsp; &emsp;--- 16 Oct 17:25:09 115 - Element is displayed:: [[ChromeDriver: chrome on WINDOWS (0bc3dfb99e2aac2fd18ea5d9c4ff009e)] -> id: username]</small> </font> </div>
<div class="test-event"> <font color="maroon"> <small> &emsp; &emsp;--- 16 Oct 17:25:09 309 - Element is displayed:: [[ChromeDriver: chrome on WINDOWS (0bc3dfb99e2aac2fd18ea5d9c4ff009e)] -> id: password]</small> </font> </div>
<div class="test-event"> <font color="maroon"> <small> &emsp; &emsp;--- 16 Oct 17:25:09 481 - Element is displayed:: [[ChromeDriver: chrome on WINDOWS (0bc3dfb99e2aac2fd18ea5d9c4ff009e)] -> id: btn-login]</small> </font> </div>
<div class="test-event"> <font color="maroon"> <small> &emsp; &emsp;--- 16 Oct 17:25:15 035 - Catched spinner load exception due to Expected condition failed: waiting for ICar.support.WaitUtils$4@636673a3 (tried for 3 second(s) with 500 milliseconds interval)</small> </font> </div>
<div class="test-event"> <font color="maroon"> <small> &emsp; &emsp;--- 16 Oct 17:25:15 035 - <b>5</b> - Spinner Load Wait: (Sync) - ICar.support.WaitUtils.waitForSpinner(WaitUtils.java:225)</small> </font> </div>
<div class="test-event"> <font color="maroon"> <small> &emsp; &emsp;--- 16 Oct 17:25:37 070 - Catched spinner load exception due to Expected condition failed: waiting for ICar.support.WaitUtils$4@636673a3 (tried for 10 second(s) with 500 milliseconds interval)</small> </font> </div>
<div class="test-event"> <font color="maroon"> <small> &emsp; &emsp;--- 16 Oct 17:25:37 070 - <b>10</b> - Spinner Load Wait: (Sync) - ICar.support.WaitUtils.waitForSpinner(WaitUtils.java:225)</small> </font> </div>
<div class="test-event"> <font color="maroon"> <small> &emsp; &emsp;--- 16 Oct 17:25:37 138 - Element is displayed:: [[ChromeDriver: chrome on WINDOWS (0bc3dfb99e2aac2fd18ea5d9c4ff009e)] -> xpath: //button[@value='Launch My Learning']]</small> </font> </div>
<div class="test-message">&emsp;3. Enter the user credentials as : pkelly123</div>
<div class="test-message">&emsp;Successfully navigated to 'User Home' Page&emsp;<a href=".\ScreenShot\ICar_B2B_TC054_67104549898100.png" target="_blank" >[ScreenShot]</a></div>
<div class="test-message">&emsp;4. click on link to navigate to Browser catelog and Successfully adding course to the cart</div>
<div class="test-event"> <font color="maroon"> <small> &emsp; &emsp;--- 16 Oct 17:25:37 520 - Page URL:: https://www.icarstage.com/</small> </font> </div>
<div class="test-event"> <font color="maroon"> <small> &emsp; &emsp;--- 16 Oct 17:25:37 520 - <b>0</b> - Page Load Wait: (Sync) - ICar.support.Utils.waitForPageLoad(Utils.java:109)</small> </font> </div>
<div class="test-event"> <font color="maroon"> <small> &emsp; &emsp;--- 16 Oct 17:25:37 575 - Element is displayed:: [[ChromeDriver: chrome on WINDOWS (0bc3dfb99e2aac2fd18ea5d9c4ff009e)] -> xpath: //p[text()='Launch My Learning']]</small> </font> </div>
<div class="test-event"> <font color="maroon"> <small> &emsp; &emsp;--- 16 Oct 17:25:37 733 - Page URL:: https://www.icarstage.com/</small> </font> </div>
<div class="test-event"> <font color="maroon"> <small> &emsp; &emsp;--- 16 Oct 17:25:37 733 - <b>0</b> - Page Load Wait: (Sync) - ICar.support.Utils.waitForPageLoad(Utils.java:109)</small> </font> </div>
<div class="test-event"> <font color="maroon"> <small> &emsp; &emsp;--- 16 Oct 17:25:51 741 - Catched spinner load exception due to Expected condition failed: waiting for ICar.support.WaitUtils$4@636673a3 (tried for 14 second(s) with 500 milliseconds interval)</small> </font> </div>
<div class="test-event"> <font color="maroon"> <small> &emsp; &emsp;--- 16 Oct 17:25:51 741 - <b>14</b> - Spinner Load Wait: (Sync) - ICar.support.WaitUtils.waitForSpinner(WaitUtils.java:225)</small> </font> </div>
<div class="test-event"> <font color="maroon"> <small> &emsp; &emsp;--- 16 Oct 17:25:51 809 - Element is displayed:: [[ChromeDriver: chrome on WINDOWS (0bc3dfb99e2aac2fd18ea5d9c4ff009e)] -> xpath: //a[text()='Browse Catalog']]</small> </font> </div>
<div class="test-event"> <font color="maroon"> <small> &emsp; &emsp;--- 16 Oct 17:25:51 892 - Element is displayed:: [[ChromeDriver: chrome on WINDOWS (0bc3dfb99e2aac2fd18ea5d9c4ff009e)] -> xpath: //a[text()='Browse Catalog']]</small> </font> </div>
<div class="test-event"> <font color="maroon"> <small> &emsp; &emsp;--- 16 Oct 17:25:56 341 - Page URL:: https://www.icarstage.com/browse</small> </font> </div>
<div class="test-event"> <font color="maroon"> <small> &emsp; &emsp;--- 16 Oct 17:25:56 341 - <b>0</b> - Page Load Wait: (Sync) - ICar.support.Utils.waitForPageLoad(Utils.java:109)</small> </font> </div>
<div class="test-event"> <font color="maroon"> <small> &emsp; &emsp;--- 16 Oct 17:26:11 386 - Catched spinner load exception due to Expected condition failed: waiting for ICar.support.WaitUtils$4@636673a3 (tried for 15 second(s) with 500 milliseconds interval)</small> </font> </div>
<div class="test-event"> <font color="maroon"> <small> &emsp; &emsp;--- 16 Oct 17:26:11 386 - Spinner Load Wait</small> </font> </div>
<div class="test-event"> <font color="maroon"> <small> &emsp; &emsp;--- 16 Oct 17:26:11 421 - Element is displayed:: [[ChromeDriver: chrome on WINDOWS (0bc3dfb99e2aac2fd18ea5d9c4ff009e)] -> xpath: //article[contains(@class,'slds-box card-layout-grid mobile-margin padding-bottom')]]</small> </font> </div>
<div class="test-event"> <font color="maroon"> <small> &emsp; &emsp;--- 16 Oct 17:26:18 697 - Catched spinner load exception due to Expected condition failed: waiting for ICar.support.WaitUtils$4@636673a3 (tried for 7 second(s) with 500 milliseconds interval)</small> </font> </div>
<div class="test-event"> <font color="maroon"> <small> &emsp; &emsp;--- 16 Oct 17:26:18 697 - <b>7</b> - Spinner Load Wait: (Sync) - ICar.support.WaitUtils.waitForSpinner(WaitUtils.java:225)</small> </font> </div>
<div class="test-event"> <font color="maroon"> <small> &emsp; &emsp;--- 16 Oct 17:27:04 498 - Page URL:: https://www.icarstage.com/browse</small> </font> </div>
<div class="test-event"> <font color="maroon"> <small> &emsp; &emsp;--- 16 Oct 17:27:04 498 - <b>0</b> - Page Load Wait: (Sync) - ICar.support.Utils.waitForPageLoad(Utils.java:109)</small> </font> </div>
<div class="test-event"> <font color="maroon"> <small> &emsp; &emsp;--- 16 Oct 17:27:49 956 - Unable to find an element after 10 sec ==> Proxy element for: AjaxElementLocator 'By.xpath: //button[text()='Add to Cart']'</small> </font> </div>
<div class="test-event"> <font color="maroon"> <small> &emsp; &emsp;--- 16 Oct 17:27:52 995 - Moved to element..</small> </font> </div>
<div class="test-event"> <font color="maroon"> <small> &emsp; &emsp;--- 16 Oct 17:28:06 610 - Unable to find a element after 10 sec ==> Proxy element for: AjaxElementLocator 'By.xpath: //button[text()='Add to Cart']'</small> </font> </div>
<div class="test-event"> <font color="maroon"> <small> &emsp; &emsp;--- 16 Oct 17:28:19 911 - Unable to find a element after 10 sec ==> Proxy element for: AjaxElementLocator 'By.xpath: //button[text()='Add to Cart']'</small> </font> </div>
<!--FAIL-->
<div class="test-result"><br><font color="red"><strong> meesage not found in page!! </strong></font> <a href=".\ScreenShot\ICar_B2B_TC054_67270583252800.png" target="_blank" >[ScreenShot]</a></div>&emsp;
&emsp;<div class="test-title"> <strong><font size = "3" color = "#0000FF">---Test Execution Ends---</font> </strong> </div>&emsp;]]>
    </system-out>
  </testcase> <!-- ICar_B2B_TC054 -->
  <testcase classname="B2Btestscripts.B2B_Student" name="ICar_B2B_TC037" time="91.561">
    <failure message="Failed to verify the Affiliations" type="java.lang.AssertionError">
      <![CDATA[java.lang.AssertionError: Failed to verify the Affiliations
at org.testng.Assert.fail(Assert.java:111)
at ICar.support.Log.fail(Log.java:556)
at ICar.support.Log.assertThat(Log.java:731)
at B2Btestscripts.B2B_Student.ICar_B2B_TC037(B2B_Student.java:2247)
at java.base/jdk.internal.reflect.NativeMethodAccessorImpl.invoke0(Native Method)
at java.base/jdk.internal.reflect.NativeMethodAccessorImpl.invoke(NativeMethodAccessorImpl.java:78)
at java.base/jdk.internal.reflect.DelegatingMethodAccessorImpl.invoke(DelegatingMethodAccessorImpl.java:43)
at java.base/java.lang.reflect.Method.invoke(Method.java:567)
at org.testng.internal.invokers.MethodInvocationHelper.invokeMethod(MethodInvocationHelper.java:139)
at org.testng.internal.invokers.TestInvoker.invokeMethod(TestInvoker.java:664)
at org.testng.internal.invokers.TestInvoker.invokeTestMethod(TestInvoker.java:227)
at org.testng.internal.invokers.TestMethodWithDataProviderMethodWorker.call(TestMethodWithDataProviderMethodWorker.java:80)
at org.testng.internal.invokers.TestMethodWithDataProviderMethodWorker.call(TestMethodWithDataProviderMethodWorker.java:17)
at java.base/java.util.concurrent.FutureTask.run(FutureTask.java:264)
at java.base/java.util.concurrent.Executors$RunnableAdapter.call(Executors.java:515)
at java.base/java.util.concurrent.FutureTask.run(FutureTask.java:264)
at java.base/java.util.concurrent.ThreadPoolExecutor.runWorker(ThreadPoolExecutor.java:1130)
at java.base/java.util.concurrent.ThreadPoolExecutor$Worker.run(ThreadPoolExecutor.java:630)
at java.base/java.lang.Thread.run(Thread.java:831)
]]>
    </failure>
    <system-out>
      <![CDATA[<div class="test-event"> <font color="maroon"> <small> &emsp; &emsp;--- 16 Oct 16:55:36 843 - TestCaseID:: ICar_B2B_TC037</small> </font> </div>
<div class="test-event"> <font color="maroon"> <small> &emsp; &emsp;--- 16 Oct 16:55:38 275 - <b>1</b> - Driver::initialize::Get - ICar.support.WebDriverFactory.getDriver(WebDriverFactory.java:640)</small> </font> </div>
&emsp;<div class="test-title"> <strong><font size = "3" color = "#000080">Verify the My Affiliations and the certification</font> </strong> </div>&emsp;<div><strong>Steps:</strong></div><!-- Report -->&emsp;
<div class="test-event"> <font color="maroon"> <small> &emsp; &emsp;--- 16 Oct 16:55:43 498 - Element is displayed:: [[ChromeDriver: chrome on WINDOWS (0d6fca3ea03d57d147bc02f2c21b0126)] -> xpath: //a/img[@alt='Login Image']|//button[@id='btn-login']]</small> </font> </div>
<div class="test-event"> <font color="maroon"> <small> &emsp; &emsp;--- 16 Oct 16:55:43 547 - Element is displayed:: [[ChromeDriver: chrome on WINDOWS (0d6fca3ea03d57d147bc02f2c21b0126)] -> xpath: //a/img[@alt='Login Image']|//button[@id='btn-login']]</small> </font> </div>
<div class="test-message">&emsp;Successfully navigated to 'Home' Page&emsp;<a href=".\ScreenShot\ICar_B2B_TC037_65310959115100.png" target="_blank" >[ScreenShot]</a></div>
<div class="test-message">&emsp;1. Home page is launched.</div>
<div class="test-event"> <font color="maroon"> <small> &emsp; &emsp;--- 16 Oct 16:55:44 337 - Page URL:: https://www.icarstage.com/</small> </font> </div>
<div class="test-event"> <font color="maroon"> <small> &emsp; &emsp;--- 16 Oct 16:55:44 337 - <b>0</b> - Page Load Wait: (Sync) - ICar.support.Utils.waitForPageLoad(Utils.java:109)</small> </font> </div>
<div class="test-event"> <font color="maroon"> <small> &emsp; &emsp;--- 16 Oct 16:55:44 397 - Element is displayed:: [[ChromeDriver: chrome on WINDOWS (0d6fca3ea03d57d147bc02f2c21b0126)] -> xpath: //a/img[@alt='Login Image']|//button[@id='btn-login']]</small> </font> </div>
<div class="test-event"> <font color="maroon"> <small> &emsp; &emsp;--- 16 Oct 16:55:44 451 - Element is displayed:: [[ChromeDriver: chrome on WINDOWS (0d6fca3ea03d57d147bc02f2c21b0126)] -> xpath: //a/img[@alt='Login Image']|//button[@id='btn-login']]</small> </font> </div>
<div class="test-event"> <font color="maroon"> <small> &emsp; &emsp;--- 16 Oct 16:56:02 430 - Catched spinner load exception due to Expected condition failed: waiting for ICar.support.WaitUtils$4@636673a3 (tried for 15 second(s) with 500 milliseconds interval)</small> </font> </div>
<div class="test-event"> <font color="maroon"> <small> &emsp; &emsp;--- 16 Oct 16:56:02 430 - <b>15</b> - Spinner Load Wait: (Sync) - ICar.support.WaitUtils.waitForSpinner(WaitUtils.java:225)</small> </font> </div>
<div class="test-message">&emsp;2. Navigate to 'Login Page'</div>
<div class="test-message">&emsp;Successfully navigated to 'Login' Page&emsp;<a href=".\ScreenShot\ICar_B2B_TC037_65329845631600.png" target="_blank" >[ScreenShot]</a></div>
<div class="test-event"> <font color="maroon"> <small> &emsp; &emsp;--- 16 Oct 16:56:02 654 - Element is displayed:: [[ChromeDriver: chrome on WINDOWS (0d6fca3ea03d57d147bc02f2c21b0126)] -> id: username]</small> </font> </div>
<div class="test-event"> <font color="maroon"> <small> &emsp; &emsp;--- 16 Oct 16:56:02 714 - Element is displayed:: [[ChromeDriver: chrome on WINDOWS (0d6fca3ea03d57d147bc02f2c21b0126)] -> id: username]</small> </font> </div>
<div class="test-event"> <font color="maroon"> <small> &emsp; &emsp;--- 16 Oct 16:56:02 940 - Element is displayed:: [[ChromeDriver: chrome on WINDOWS (0d6fca3ea03d57d147bc02f2c21b0126)] -> id: password]</small> </font> </div>
<div class="test-event"> <font color="maroon"> <small> &emsp; &emsp;--- 16 Oct 16:56:03 102 - Element is displayed:: [[ChromeDriver: chrome on WINDOWS (0d6fca3ea03d57d147bc02f2c21b0126)] -> id: btn-login]</small> </font> </div>
<div class="test-event"> <font color="maroon"> <small> &emsp; &emsp;--- 16 Oct 16:56:08 562 - Catched spinner load exception due to Expected condition failed: waiting for ICar.support.WaitUtils$4@636673a3 (tried for 3 second(s) with 500 milliseconds interval)</small> </font> </div>
<div class="test-event"> <font color="maroon"> <small> &emsp; &emsp;--- 16 Oct 16:56:08 562 - <b>5</b> - Spinner Load Wait: (Sync) - ICar.support.WaitUtils.waitForSpinner(WaitUtils.java:225)</small> </font> </div>
<div class="test-event"> <font color="maroon"> <small> &emsp; &emsp;--- 16 Oct 16:56:30 788 - Catched spinner load exception due to Expected condition failed: waiting for ICar.support.WaitUtils$4@636673a3 (tried for 10 second(s) with 500 milliseconds interval)</small> </font> </div>
<div class="test-event"> <font color="maroon"> <small> &emsp; &emsp;--- 16 Oct 16:56:30 789 - <b>10</b> - Spinner Load Wait: (Sync) - ICar.support.WaitUtils.waitForSpinner(WaitUtils.java:225)</small> </font> </div>
<div class="test-event"> <font color="maroon"> <small> &emsp; &emsp;--- 16 Oct 16:56:30 863 - Element is displayed:: [[ChromeDriver: chrome on WINDOWS (0d6fca3ea03d57d147bc02f2c21b0126)] -> xpath: //button[@value='Launch My Learning']]</small> </font> </div>
<div class="test-message">&emsp;3. Enter the user credentials as : pkelly123</div>
<div class="test-message">&emsp;Successfully navigated to 'User Home' Page&emsp;<a href=".\ScreenShot\ICar_B2B_TC037_65358275158500.png" target="_blank" >[ScreenShot]</a></div>
<div class="test-event"> <font color="maroon"> <small> &emsp; &emsp;--- 16 Oct 16:56:31 239 - Page URL:: https://www.icarstage.com/</small> </font> </div>
<div class="test-event"> <font color="maroon"> <small> &emsp; &emsp;--- 16 Oct 16:56:31 239 - <b>0</b> - Page Load Wait: (Sync) - ICar.support.Utils.waitForPageLoad(Utils.java:109)</small> </font> </div>
<div class="test-event"> <font color="maroon"> <small> &emsp; &emsp;--- 16 Oct 16:56:31 302 - Element is displayed:: [[ChromeDriver: chrome on WINDOWS (0d6fca3ea03d57d147bc02f2c21b0126)] -> xpath: //p[text()='Launch My Learning']]</small> </font> </div>
<div class="test-event"> <font color="maroon"> <small> &emsp; &emsp;--- 16 Oct 16:56:31 340 - Element is displayed:: [[ChromeDriver: chrome on WINDOWS (0d6fca3ea03d57d147bc02f2c21b0126)] -> xpath: //a[text()='My Training']]</small> </font> </div>
<div class="test-event"> <font color="maroon"> <small> &emsp; &emsp;--- 16 Oct 16:56:31 512 - Page URL:: https://www.icarstage.com/</small> </font> </div>
<div class="test-event"> <font color="maroon"> <small> &emsp; &emsp;--- 16 Oct 16:56:31 512 - <b>0</b> - Page Load Wait: (Sync) - ICar.support.Utils.waitForPageLoad(Utils.java:109)</small> </font> </div>
<div class="test-event"> <font color="maroon"> <small> &emsp; &emsp;--- 16 Oct 16:56:33 595 - Element is displayed:: [[ChromeDriver: chrome on WINDOWS (0d6fca3ea03d57d147bc02f2c21b0126)] -> xpath: //a[text()='My Training']]</small> </font> </div>
<div class="test-event"> <font color="maroon"> <small> &emsp; &emsp;--- 16 Oct 16:56:51 907 - Catched spinner load exception due to Expected condition failed: waiting for ICar.support.WaitUtils$4@636673a3 (tried for 15 second(s) with 500 milliseconds interval)</small> </font> </div>
<div class="test-event"> <font color="maroon"> <small> &emsp; &emsp;--- 16 Oct 16:56:51 907 - <b>15</b> - Spinner Load Wait: (Sync) - ICar.support.WaitUtils.waitForSpinner(WaitUtils.java:225)</small> </font> </div>
<div class="test-event"> <font color="maroon"> <small> &emsp; &emsp;--- 16 Oct 16:56:52 143 - Page URL:: https://www.icarstage.com/my-training</small> </font> </div>
<div class="test-event"> <font color="maroon"> <small> &emsp; &emsp;--- 16 Oct 16:56:52 143 - <b>0</b> - Page Load Wait: (Sync) - ICar.support.Utils.waitForPageLoad(Utils.java:109)</small> </font> </div>
<div class="test-event"> <font color="maroon"> <small> &emsp; &emsp;--- 16 Oct 16:56:52 204 - Element is displayed:: [[ChromeDriver: chrome on WINDOWS (0d6fca3ea03d57d147bc02f2c21b0126)] -> xpath: //span[@title='My Professional Development']]</small> </font> </div>
<div class="test-message">&emsp;4. Navigating to My Training Page</div>
<div class="test-message">&emsp;Successfully navigated to 'My Training' Page&emsp;<a href=".\ScreenShot\ICar_B2B_TC037_65379615707600.png" target="_blank" >[ScreenShot]</a></div>
<div class="test-message">&emsp;5.Click on the My Affiliations and Verify the Affiliations details :NA</div>
<div class="test-event"> <font color="maroon"> <small> &emsp; &emsp;--- 16 Oct 16:56:52 404 - Page URL:: https://www.icarstage.com/my-training</small> </font> </div>
<div class="test-event"> <font color="maroon"> <small> &emsp; &emsp;--- 16 Oct 16:56:52 404 - Page Load Wait </small> </font> </div>
<div class="test-event"> <font color="maroon"> <small> &emsp; &emsp;--- 16 Oct 16:56:59 666 - Catched spinner load exception due to Expected condition failed: waiting for ICar.support.WaitUtils$4@636673a3 (tried for 7 second(s) with 500 milliseconds interval)</small> </font> </div>
<div class="test-event"> <font color="maroon"> <small> &emsp; &emsp;--- 16 Oct 16:56:59 666 - <b>7</b> - Spinner Load Wait: (Sync) - ICar.support.WaitUtils.waitForSpinner(WaitUtils.java:225)</small> </font> </div>
<div class="test-event"> <font color="maroon"> <small> &emsp; &emsp;--- 16 Oct 16:56:59 748 - Element is displayed:: [[ChromeDriver: chrome on WINDOWS (0d6fca3ea03d57d147bc02f2c21b0126)] -> xpath: //span[@title='My Affiliations']]</small> </font> </div>
<div class="test-event"> <font color="maroon"> <small> &emsp; &emsp;--- 16 Oct 16:57:06 073 - Unable to find a element after 4 sec ==> [[ChromeDriver: chrome on WINDOWS (0d6fca3ea03d57d147bc02f2c21b0126)] -> xpath: //lightning-accordion-section[@class='acc-section slds-accordion__list-item'][3]//table//tbody/tr]</small> </font> </div>
<!--FAIL-->
<div class="test-result"><br><font color="red"><strong> Failed to verify the Affiliations </strong></font> <a href=".\ScreenShot\ICar_B2B_TC037_65396729608700.png" target="_blank" >[ScreenShot]</a></div>&emsp;
&emsp;<div class="test-title"> <strong><font size = "3" color = "#0000FF">---Test Execution Ends---</font> </strong> </div>&emsp;]]>
    </system-out>
  </testcase> <!-- ICar_B2B_TC037 -->
  <testcase classname="B2Btestscripts.B2B_Student" name="ICar_B2B_TC032" time="334.340">
    <system-out>
      <![CDATA[<div class="test-event"> <font color="maroon"> <small> &emsp; &emsp;--- 16 Oct 16:37:11 428 - TestCaseID:: ICar_B2B_TC032</small> </font> </div>
<div class="test-event"> <font color="maroon"> <small> &emsp; &emsp;--- 16 Oct 16:37:13 102 - <b>1</b> - Driver::initialize::Get - ICar.support.WebDriverFactory.getDriver(WebDriverFactory.java:640)</small> </font> </div>
&emsp;<div class="test-title"> <strong><font size = "3" color = "#000080">Ability to make payment with the saved bank account</font> </strong> </div>&emsp;<div><strong>Steps:</strong></div><!-- Report -->&emsp;
<div class="test-event"> <font color="maroon"> <small> &emsp; &emsp;--- 16 Oct 16:37:18 922 - Element is displayed:: [[ChromeDriver: chrome on WINDOWS (d186178d45d793020a8e056a11d42c08)] -> xpath: //a/img[@alt='Login Image']|//button[@id='btn-login']]</small> </font> </div>
<div class="test-event"> <font color="maroon"> <small> &emsp; &emsp;--- 16 Oct 16:37:18 972 - Element is displayed:: [[ChromeDriver: chrome on WINDOWS (d186178d45d793020a8e056a11d42c08)] -> xpath: //a/img[@alt='Login Image']|//button[@id='btn-login']]</small> </font> </div>
<div class="test-message">&emsp;Successfully navigated to 'Home' Page&emsp;<a href=".\ScreenShot\ICar_B2B_TC032_64206383779100.png" target="_blank" >[ScreenShot]</a></div>
<div class="test-message">&emsp;1. Home page is launched.</div>
<div class="test-event"> <font color="maroon"> <small> &emsp; &emsp;--- 16 Oct 16:37:19 391 - Page URL:: https://www.icarstage.com/</small> </font> </div>
<div class="test-event"> <font color="maroon"> <small> &emsp; &emsp;--- 16 Oct 16:37:19 391 - <b>0</b> - Page Load Wait: (Sync) - ICar.support.Utils.waitForPageLoad(Utils.java:109)</small> </font> </div>
<div class="test-event"> <font color="maroon"> <small> &emsp; &emsp;--- 16 Oct 16:37:19 436 - Element is displayed:: [[ChromeDriver: chrome on WINDOWS (d186178d45d793020a8e056a11d42c08)] -> xpath: //a/img[@alt='Login Image']|//button[@id='btn-login']]</small> </font> </div>
<div class="test-event"> <font color="maroon"> <small> &emsp; &emsp;--- 16 Oct 16:37:19 493 - Element is displayed:: [[ChromeDriver: chrome on WINDOWS (d186178d45d793020a8e056a11d42c08)] -> xpath: //a/img[@alt='Login Image']|//button[@id='btn-login']]</small> </font> </div>
<div class="test-event"> <font color="maroon"> <small> &emsp; &emsp;--- 16 Oct 16:37:37 506 - Catched spinner load exception due to Expected condition failed: waiting for ICar.support.WaitUtils$4@636673a3 (tried for 15 second(s) with 500 milliseconds interval)</small> </font> </div>
<div class="test-event"> <font color="maroon"> <small> &emsp; &emsp;--- 16 Oct 16:37:37 506 - <b>15</b> - Spinner Load Wait: (Sync) - ICar.support.WaitUtils.waitForSpinner(WaitUtils.java:225)</small> </font> </div>
<div class="test-message">&emsp;2. Navigate to 'Login Page'</div>
<div class="test-message">&emsp;Successfully navigated to 'Login' Page&emsp;<a href=".\ScreenShot\ICar_B2B_TC032_64224922019700.png" target="_blank" >[ScreenShot]</a></div>
<div class="test-event"> <font color="maroon"> <small> &emsp; &emsp;--- 16 Oct 16:37:37 743 - Element is displayed:: [[ChromeDriver: chrome on WINDOWS (d186178d45d793020a8e056a11d42c08)] -> id: username]</small> </font> </div>
<div class="test-event"> <font color="maroon"> <small> &emsp; &emsp;--- 16 Oct 16:37:37 808 - Element is displayed:: [[ChromeDriver: chrome on WINDOWS (d186178d45d793020a8e056a11d42c08)] -> id: username]</small> </font> </div>
<div class="test-event"> <font color="maroon"> <small> &emsp; &emsp;--- 16 Oct 16:37:38 037 - Element is displayed:: [[ChromeDriver: chrome on WINDOWS (d186178d45d793020a8e056a11d42c08)] -> id: password]</small> </font> </div>
<div class="test-event"> <font color="maroon"> <small> &emsp; &emsp;--- 16 Oct 16:37:38 220 - Element is displayed:: [[ChromeDriver: chrome on WINDOWS (d186178d45d793020a8e056a11d42c08)] -> id: btn-login]</small> </font> </div>
<div class="test-event"> <font color="maroon"> <small> &emsp; &emsp;--- 16 Oct 16:37:44 502 - Catched spinner load exception due to Expected condition failed: waiting for ICar.support.WaitUtils$4@636673a3 (tried for 3 second(s) with 500 milliseconds interval)</small> </font> </div>
<div class="test-event"> <font color="maroon"> <small> &emsp; &emsp;--- 16 Oct 16:37:44 502 - <b>6</b> - Spinner Load Wait: (Sync) - ICar.support.WaitUtils.waitForSpinner(WaitUtils.java:225)</small> </font> </div>
<div class="test-event"> <font color="maroon"> <small> &emsp; &emsp;--- 16 Oct 16:38:08 214 - Catched spinner load exception due to Expected condition failed: waiting for ICar.support.WaitUtils$4@636673a3 (tried for 10 second(s) with 500 milliseconds interval)</small> </font> </div>
<div class="test-event"> <font color="maroon"> <small> &emsp; &emsp;--- 16 Oct 16:38:08 214 - <b>10</b> - Spinner Load Wait: (Sync) - ICar.support.WaitUtils.waitForSpinner(WaitUtils.java:225)</small> </font> </div>
<div class="test-event"> <font color="maroon"> <small> &emsp; &emsp;--- 16 Oct 16:38:08 337 - Element is displayed:: [[ChromeDriver: chrome on WINDOWS (d186178d45d793020a8e056a11d42c08)] -> xpath: //button[@value='Launch My Learning']]</small> </font> </div>
<div class="test-message">&emsp;3. Enter the user credentials as : 2810173</div>
<div class="test-message">&emsp;Successfully navigated to 'User Home' Page&emsp;<a href=".\ScreenShot\ICar_B2B_TC032_64255748896900.png" target="_blank" >[ScreenShot]</a></div>
<div class="test-event"> <font color="maroon"> <small> &emsp; &emsp;--- 16 Oct 16:38:08 758 - Page URL:: https://www.icarstage.com/</small> </font> </div>
<div class="test-event"> <font color="maroon"> <small> &emsp; &emsp;--- 16 Oct 16:38:08 758 - <b>0</b> - Page Load Wait: (Sync) - ICar.support.Utils.waitForPageLoad(Utils.java:109)</small> </font> </div>
<div class="test-event"> <font color="maroon"> <small> &emsp; &emsp;--- 16 Oct 16:38:08 816 - Element is displayed:: [[ChromeDriver: chrome on WINDOWS (d186178d45d793020a8e056a11d42c08)] -> xpath: //p[text()='Launch My Learning']]</small> </font> </div>
<div class="test-event"> <font color="maroon"> <small> &emsp; &emsp;--- 16 Oct 16:38:08 861 - Element is displayed:: [[ChromeDriver: chrome on WINDOWS (d186178d45d793020a8e056a11d42c08)] -> xpath: //lightning-layout[@class='left-margin slds-align_absolute-center slds-grid slds-grid_align-spread slds-wrap']//lightning-layout-item[2]//a]</small> </font> </div>
<div class="test-event"> <font color="maroon"> <small> &emsp; &emsp;--- 16 Oct 16:38:10 951 - Element is displayed:: [[ChromeDriver: chrome on WINDOWS (d186178d45d793020a8e056a11d42c08)] -> xpath: //lightning-layout[@class='left-margin slds-align_absolute-center slds-grid slds-grid_align-spread slds-wrap']//lightning-layout-item[2]//a]</small> </font> </div>
<div class="test-event"> <font color="maroon"> <small> &emsp; &emsp;--- 16 Oct 16:38:11 070 - Element is displayed:: [[ChromeDriver: chrome on WINDOWS (d186178d45d793020a8e056a11d42c08)] -> xpath: //ul[@aria-label='Show More']//li[2]/a]</small> </font> </div>
<div class="test-event"> <font color="maroon"> <small> &emsp; &emsp;--- 16 Oct 16:38:11 134 - Element is displayed:: [[ChromeDriver: chrome on WINDOWS (d186178d45d793020a8e056a11d42c08)] -> xpath: //ul[@aria-label='Show More']//li[2]/a]</small> </font> </div>
<div class="test-event"> <font color="maroon"> <small> &emsp; &emsp;--- 16 Oct 16:38:28 240 - Catched spinner load exception due to Expected condition failed: waiting for ICar.support.WaitUtils$4@636673a3 (tried for 15 second(s) with 500 milliseconds interval)</small> </font> </div>
<div class="test-event"> <font color="maroon"> <small> &emsp; &emsp;--- 16 Oct 16:38:28 240 - <b>15</b> - Spinner Load Wait: (Sync) - ICar.support.WaitUtils.waitForSpinner(WaitUtils.java:225)</small> </font> </div>
<div class="test-event"> <font color="maroon"> <small> &emsp; &emsp;--- 16 Oct 16:38:28 332 - Page URL:: https://www.icarstage.com/my-payment-information</small> </font> </div>
<div class="test-event"> <font color="maroon"> <small> &emsp; &emsp;--- 16 Oct 16:38:28 332 - <b>0</b> - Page Load Wait: (Sync) - ICar.support.Utils.waitForPageLoad(Utils.java:109)</small> </font> </div>
<div class="test-event"> <font color="maroon"> <small> &emsp; &emsp;--- 16 Oct 16:38:28 385 - Element is displayed:: [[ChromeDriver: chrome on WINDOWS (d186178d45d793020a8e056a11d42c08)] -> xpath: //a[contains(text(),'Credit Card')]]</small> </font> </div>
<div class="test-message">&emsp;4. Navigating to My Payment Information Page</div>
<div class="test-message">&emsp;Successfully navigated to 'My Payment Information' Page&emsp;<a href=".\ScreenShot\ICar_B2B_TC032_64275796855800.png" target="_blank" >[ScreenShot]</a></div>
<div class="test-event"> <font color="maroon"> <small> &emsp; &emsp;--- 16 Oct 16:38:36 901 - Element Proxy element for: AjaxElementLocator 'By.xpath: //slot[@name='message']', is not displayed in page </small> </font> </div>
<div class="test-message">&emsp;5. Add the credit card details</div>
<div class="test-event"> <font color="maroon"> <small> &emsp; &emsp;--- 16 Oct 16:38:44 203 - Page URL:: https://www.icarstage.com/my-payment-information</small> </font> </div>
<div class="test-event"> <font color="maroon"> <small> &emsp; &emsp;--- 16 Oct 16:38:44 204 - <b>0</b> - Page Load Wait: (Sync) - ICar.support.Utils.waitForPageLoad(Utils.java:109)</small> </font> </div>
<div class="test-event"> <font color="maroon"> <small> &emsp; &emsp;--- 16 Oct 16:38:55 526 - Catched spinner load exception due to Expected condition failed: waiting for ICar.support.WaitUtils$4@636673a3 (tried for 7 second(s) with 500 milliseconds interval)</small> </font> </div>
<div class="test-event"> <font color="maroon"> <small> &emsp; &emsp;--- 16 Oct 16:38:55 526 - <b>7</b> - Spinner Load Wait: (Sync) - ICar.support.WaitUtils.waitForSpinner(WaitUtils.java:225)</small> </font> </div>
<div class="test-event"> <font color="maroon"> <small> &emsp; &emsp;--- 16 Oct 16:38:55 595 - Element is displayed:: [[ChromeDriver: chrome on WINDOWS (d186178d45d793020a8e056a11d42c08)] -> xpath: //a[contains(text(),'Add Bank Account')]]</small> </font> </div>
<div class="test-event"> <font color="maroon"> <small> &emsp; &emsp;--- 16 Oct 16:38:55 780 - Page URL:: https://www.icarstage.com/my-payment-information</small> </font> </div>
<div class="test-event"> <font color="maroon"> <small> &emsp; &emsp;--- 16 Oct 16:38:55 780 - <b>0</b> - Page Load Wait: (Sync) - ICar.support.Utils.waitForPageLoad(Utils.java:109)</small> </font> </div>
<div class="test-event"> <font color="maroon"> <small> &emsp; &emsp;--- 16 Oct 16:38:55 863 - Page URL:: https://www.icarstage.com/my-payment-information</small> </font> </div>
<div class="test-event"> <font color="maroon"> <small> &emsp; &emsp;--- 16 Oct 16:38:55 863 - <b>0</b> - Page Load Wait: (Sync) - ICar.support.Utils.waitForPageLoad(Utils.java:109)</small> </font> </div>
<div class="test-event"> <font color="maroon"> <small> &emsp; &emsp;--- 16 Oct 16:39:03 369 - Catched spinner load exception due to Expected condition failed: waiting for ICar.support.WaitUtils$4@636673a3 (tried for 7 second(s) with 500 milliseconds interval)</small> </font> </div>
<div class="test-event"> <font color="maroon"> <small> &emsp; &emsp;--- 16 Oct 16:39:03 370 - <b>7</b> - Spinner Load Wait: (Sync) - ICar.support.WaitUtils.waitForSpinner(WaitUtils.java:225)</small> </font> </div>
<div class="test-event"> <font color="maroon"> <small> &emsp; &emsp;--- 16 Oct 16:39:03 533 - Element is displayed:: [[ChromeDriver: chrome on WINDOWS (d186178d45d793020a8e056a11d42c08)] -> xpath: (//div[@class='slds-form-element__control slds-grow']/child::input)[1]]</small> </font> </div>
<div class="test-event"> <font color="maroon"> <small> &emsp; &emsp;--- 16 Oct 16:39:03 860 - Page URL:: https://www.icarstage.com/my-payment-information</small> </font> </div>
<div class="test-event"> <font color="maroon"> <small> &emsp; &emsp;--- 16 Oct 16:39:03 860 - <b>0</b> - Page Load Wait: (Sync) - ICar.support.Utils.waitForPageLoad(Utils.java:109)</small> </font> </div>
<div class="test-event"> <font color="maroon"> <small> &emsp; &emsp;--- 16 Oct 16:39:03 969 - Element is displayed:: [[ChromeDriver: chrome on WINDOWS (d186178d45d793020a8e056a11d42c08)] -> xpath: (//div[@class='slds-form-element__control slds-grow']/child::input)[2]]</small> </font> </div>
<div class="test-event"> <font color="maroon"> <small> &emsp; &emsp;--- 16 Oct 16:39:04 607 - Element is displayed:: [[ChromeDriver: chrome on WINDOWS (d186178d45d793020a8e056a11d42c08)] -> xpath: //button[@title='Add Account']]</small> </font> </div>
<div class="test-event"> <font color="maroon"> <small> &emsp; &emsp;--- 16 Oct 16:39:06 493 - Element is displayed:: [[ChromeDriver: chrome on WINDOWS (d186178d45d793020a8e056a11d42c08)] -> xpath: //slot[@name='message']]</small> </font> </div>
<div class="test-message">&emsp;Successfully add card to 'My Payment Information' Page&emsp;<a href=".\ScreenShot\ICar_B2B_TC032_64313922343900.png" target="_blank" >[ScreenShot]</a></div>
<div class="test-event"> <font color="maroon"> <small> &emsp; &emsp;--- 16 Oct 16:39:07 729 - Catched spinner load exception due to Expected condition failed: waiting for ICar.support.WaitUtils$4@636673a3 (tried for 1 second(s) with 500 milliseconds interval)</small> </font> </div>
<div class="test-event"> <font color="maroon"> <small> &emsp; &emsp;--- 16 Oct 16:39:07 729 - <b>1</b> - Spinner Load Wait: (Sync) - ICar.support.WaitUtils.waitForSpinner(WaitUtils.java:225)</small> </font> </div>
<div class="test-event"> <font color="maroon"> <small> &emsp; &emsp;--- 16 Oct 16:39:18 034 - Catched spinner load exception due to Expected condition failed: waiting for ICar.support.WaitUtils$4@636673a3 (tried for 10 second(s) with 500 milliseconds interval)</small> </font> </div>
<div class="test-event"> <font color="maroon"> <small> &emsp; &emsp;--- 16 Oct 16:39:18 034 - <b>10</b> - Spinner Load Wait: (Sync) - ICar.support.WaitUtils.waitForSpinner(WaitUtils.java:225)</small> </font> </div>
<div class="test-event"> <font color="maroon"> <small> &emsp; &emsp;--- 16 Oct 16:39:28 333 - Catched spinner load exception due to Expected condition failed: waiting for ICar.support.WaitUtils$4@636673a3 (tried for 10 second(s) with 500 milliseconds interval)</small> </font> </div>
<div class="test-event"> <font color="maroon"> <small> &emsp; &emsp;--- 16 Oct 16:39:28 333 - <b>10</b> - Spinner Load Wait: (Sync) - ICar.support.WaitUtils.waitForSpinner(WaitUtils.java:225)</small> </font> </div>
<div class="test-event"> <font color="maroon"> <small> &emsp; &emsp;--- 16 Oct 16:39:28 375 - Element is displayed:: [[ChromeDriver: chrome on WINDOWS (d186178d45d793020a8e056a11d42c08)] -> xpath: //a[contains(@name,'verify|ba_')]]</small> </font> </div>
<div class="test-event"> <font color="maroon"> <small> &emsp; &emsp;--- 16 Oct 16:39:29 506 - Element is displayed:: [[ChromeDriver: chrome on WINDOWS (d186178d45d793020a8e056a11d42c08)] -> xpath: (//input[@placeholder='Amount in cents'])[1]]</small> </font> </div>
<div class="test-event"> <font color="maroon"> <small> &emsp; &emsp;--- 16 Oct 16:39:29 723 - Element is displayed:: [[ChromeDriver: chrome on WINDOWS (d186178d45d793020a8e056a11d42c08)] -> xpath: (//input[@placeholder='Amount in cents'])[2]]</small> </font> </div>
<div class="test-event"> <font color="maroon"> <small> &emsp; &emsp;--- 16 Oct 16:39:30 912 - Element is displayed:: [[ChromeDriver: chrome on WINDOWS (d186178d45d793020a8e056a11d42c08)] -> xpath: //button[@title='Verify Account']]</small> </font> </div>
<div class="test-event"> <font color="maroon"> <small> &emsp; &emsp;--- 16 Oct 16:39:32 983 - Catched spinner load exception due to Expected condition failed: waiting for ICar.support.WaitUtils$4@636673a3 (tried for 2 second(s) with 500 milliseconds interval)</small> </font> </div>
<div class="test-event"> <font color="maroon"> <small> &emsp; &emsp;--- 16 Oct 16:39:32 983 - <b>2</b> - Spinner Load Wait: (Sync) - ICar.support.WaitUtils.waitForSpinner(WaitUtils.java:225)</small> </font> </div>
<div class="test-event"> <font color="maroon"> <small> &emsp; &emsp;--- 16 Oct 16:39:33 038 - Element is displayed:: [[ChromeDriver: chrome on WINDOWS (d186178d45d793020a8e056a11d42c08)] -> xpath: //button[@title='Verify Account']]</small> </font> </div>
<div class="test-event"> <font color="maroon"> <small> &emsp; &emsp;--- 16 Oct 16:39:33 942 - Element is displayed:: [[ChromeDriver: chrome on WINDOWS (d186178d45d793020a8e056a11d42c08)] -> xpath: //slot[@name='message']]</small> </font> </div>
<div class="test-message">&emsp;6. click on link to navigate to Browser catalog and Successfully adding course to the cart</div>
<div class="test-event"> <font color="maroon"> <small> &emsp; &emsp;--- 16 Oct 16:39:34 103 - Page URL:: https://www.icarstage.com/my-payment-information</small> </font> </div>
<div class="test-event"> <font color="maroon"> <small> &emsp; &emsp;--- 16 Oct 16:39:34 103 - <b>0</b> - Page Load Wait: (Sync) - ICar.support.Utils.waitForPageLoad(Utils.java:109)</small> </font> </div>
<div class="test-event"> <font color="maroon"> <small> &emsp; &emsp;--- 16 Oct 16:39:34 161 - Element is displayed:: [[ChromeDriver: chrome on WINDOWS (d186178d45d793020a8e056a11d42c08)] -> xpath: //p[text()='Launch My Learning']]</small> </font> </div>
<div class="test-event"> <font color="maroon"> <small> &emsp; &emsp;--- 16 Oct 16:39:54 270 - Catched spinner load exception due to Expected condition failed: waiting for ICar.support.WaitUtils$4@636673a3 (tried for 20 second(s) with 500 milliseconds interval)</small> </font> </div>
<div class="test-event"> <font color="maroon"> <small> &emsp; &emsp;--- 16 Oct 16:39:54 270 - <b>20</b> - Spinner Load Wait: (Sync) - ICar.support.WaitUtils.waitForSpinner(WaitUtils.java:225)</small> </font> </div>
<div class="test-event"> <font color="maroon"> <small> &emsp; &emsp;--- 16 Oct 16:39:54 318 - Element is displayed:: [[ChromeDriver: chrome on WINDOWS (d186178d45d793020a8e056a11d42c08)] -> xpath: //div[@class='HeaderCart_Icon']/a]</small> </font> </div>
<div class="test-event"> <font color="maroon"> <small> &emsp; &emsp;--- 16 Oct 16:39:56 389 - Element is displayed:: [[ChromeDriver: chrome on WINDOWS (d186178d45d793020a8e056a11d42c08)] -> xpath: //div[@class='HeaderCart_Icon']/a]</small> </font> </div>
<div class="test-event"> <font color="maroon"> <small> &emsp; &emsp;--- 16 Oct 16:40:16 398 - Catched spinner load exception due to Expected condition failed: waiting for ICar.support.WaitUtils$4@636673a3 (tried for 15 second(s) with 500 milliseconds interval)</small> </font> </div>
<div class="test-event"> <font color="maroon"> <small> &emsp; &emsp;--- 16 Oct 16:40:16 398 - <b>15</b> - Spinner Load Wait: (Sync) - ICar.support.WaitUtils.waitForSpinner(WaitUtils.java:225)</small> </font> </div>
<div class="test-event"> <font color="maroon"> <small> &emsp; &emsp;--- 16 Oct 16:40:16 506 - Page URL:: https://www.icarstage.com/cart</small> </font> </div>
<div class="test-event"> <font color="maroon"> <small> &emsp; &emsp;--- 16 Oct 16:40:16 506 - <b>0</b> - Page Load Wait: (Sync) - ICar.support.Utils.waitForPageLoad(Utils.java:109)</small> </font> </div>
<div class="test-event"> <font color="maroon"> <small> &emsp; &emsp;--- 16 Oct 16:40:16 591 - Element is displayed:: [[ChromeDriver: chrome on WINDOWS (d186178d45d793020a8e056a11d42c08)] -> xpath: //button[text()='Continue to Checkout']]</small> </font> </div>
<div class="test-event"> <font color="maroon"> <small> &emsp; &emsp;--- 16 Oct 16:40:16 678 - Element is displayed:: [[ChromeDriver: chrome on WINDOWS (d186178d45d793020a8e056a11d42c08)] -> xpath: //input[contains(@placeholder,'Search')]]</small> </font> </div>
<div class="test-event"> <font color="maroon"> <small> &emsp; &emsp;--- 16 Oct 16:40:16 736 - Element is displayed:: [[ChromeDriver: chrome on WINDOWS (d186178d45d793020a8e056a11d42c08)] -> xpath: //input[contains(@placeholder,'Search')]]</small> </font> </div>
<div class="test-event"> <font color="maroon"> <small> &emsp; &emsp;--- 16 Oct 16:40:25 184 - Element is displayed:: [[[[ChromeDriver: chrome on WINDOWS (d186178d45d793020a8e056a11d42c08)] -> xpath: //c-b2b_custom-search-results-list[contains(@data-component-id,'b2b_customSearchResultsList')]/div/div[2]//table/tbody/tr[1]/td/div]] -> xpath: a]</small> </font> </div>
<div class="test-event"> <font color="maroon"> <small> &emsp; &emsp;--- 16 Oct 16:40:37 239 - Catched spinner load exception due to Expected condition failed: waiting for ICar.support.WaitUtils$4@636673a3 (tried for 10 second(s) with 500 milliseconds interval)</small> </font> </div>
<div class="test-event"> <font color="maroon"> <small> &emsp; &emsp;--- 16 Oct 16:40:37 239 - <b>10</b> - Spinner Load Wait: (Sync) - ICar.support.WaitUtils.waitForSpinner(WaitUtils.java:225)</small> </font> </div>
<div class="test-event"> <font color="maroon"> <small> &emsp; &emsp;--- 16 Oct 16:40:39 337 - Element is displayed:: [[ChromeDriver: chrome on WINDOWS (d186178d45d793020a8e056a11d42c08)] -> xpath: //button[text()='Add to Cart']]</small> </font> </div>
<div class="test-event"> <font color="maroon"> <small> &emsp; &emsp;--- 16 Oct 16:40:39 469 - Element is displayed:: [[ChromeDriver: chrome on WINDOWS (d186178d45d793020a8e056a11d42c08)] -> xpath: //div[@class='HeaderCart_Icon']/a]</small> </font> </div>
<div class="test-event"> <font color="maroon"> <small> &emsp; &emsp;--- 16 Oct 16:40:46 555 - Element is displayed:: [[ChromeDriver: chrome on WINDOWS (d186178d45d793020a8e056a11d42c08)] -> xpath: //div[@class='HeaderCart_Icon']/a]</small> </font> </div>
<div class="test-event"> <font color="maroon"> <small> &emsp; &emsp;--- 16 Oct 16:40:47 906 - Page URL:: https://www.icarstage.com/cart</small> </font> </div>
<div class="test-event"> <font color="maroon"> <small> &emsp; &emsp;--- 16 Oct 16:40:47 906 - <b>0</b> - Page Load Wait: (Sync) - ICar.support.Utils.waitForPageLoad(Utils.java:109)</small> </font> </div>
<div class="test-event"> <font color="maroon"> <small> &emsp; &emsp;--- 16 Oct 16:40:47 961 - Element is displayed:: [[ChromeDriver: chrome on WINDOWS (d186178d45d793020a8e056a11d42c08)] -> xpath: //p[text()='Launch My Learning']]</small> </font> </div>
<div class="test-event"> <font color="maroon"> <small> &emsp; &emsp;--- 16 Oct 16:41:08 030 - Catched spinner load exception due to Expected condition failed: waiting for ICar.support.WaitUtils$4@636673a3 (tried for 20 second(s) with 500 milliseconds interval)</small> </font> </div>
<div class="test-event"> <font color="maroon"> <small> &emsp; &emsp;--- 16 Oct 16:41:08 030 - <b>20</b> - Spinner Load Wait: (Sync) - ICar.support.WaitUtils.waitForSpinner(WaitUtils.java:225)</small> </font> </div>
<div class="test-event"> <font color="maroon"> <small> &emsp; &emsp;--- 16 Oct 16:41:08 074 - Element is displayed:: [[ChromeDriver: chrome on WINDOWS (d186178d45d793020a8e056a11d42c08)] -> xpath: //div[@class='HeaderCart_Icon']/a]</small> </font> </div>
<div class="test-event"> <font color="maroon"> <small> &emsp; &emsp;--- 16 Oct 16:41:10 156 - Element is displayed:: [[ChromeDriver: chrome on WINDOWS (d186178d45d793020a8e056a11d42c08)] -> xpath: //div[@class='HeaderCart_Icon']/a]</small> </font> </div>
<div class="test-event"> <font color="maroon"> <small> &emsp; &emsp;--- 16 Oct 16:41:29 816 - Catched spinner load exception due to Expected condition failed: waiting for ICar.support.WaitUtils$4@636673a3 (tried for 15 second(s) with 500 milliseconds interval)</small> </font> </div>
<div class="test-event"> <font color="maroon"> <small> &emsp; &emsp;--- 16 Oct 16:41:29 816 - <b>15</b> - Spinner Load Wait: (Sync) - ICar.support.WaitUtils.waitForSpinner(WaitUtils.java:225)</small> </font> </div>
<div class="test-event"> <font color="maroon"> <small> &emsp; &emsp;--- 16 Oct 16:41:29 932 - Page URL:: https://www.icarstage.com/cart</small> </font> </div>
<div class="test-event"> <font color="maroon"> <small> &emsp; &emsp;--- 16 Oct 16:41:29 932 - <b>0</b> - Page Load Wait: (Sync) - ICar.support.Utils.waitForPageLoad(Utils.java:109)</small> </font> </div>
<div class="test-event"> <font color="maroon"> <small> &emsp; &emsp;--- 16 Oct 16:41:30 002 - Element is displayed:: [[ChromeDriver: chrome on WINDOWS (d186178d45d793020a8e056a11d42c08)] -> xpath: //button[text()='Continue to Checkout']]</small> </font> </div>
<div class="test-message">&emsp;7. click on My cart icon to navigate to My Cart Page</div>
<div class="test-message">&emsp;Successfully navigated to 'My Cart' Page&emsp;<a href=".\ScreenShot\ICar_B2B_TC032_64457415055900.png" target="_blank" >[ScreenShot]</a></div>
<div class="test-event"> <font color="maroon"> <small> &emsp; &emsp;--- 16 Oct 16:41:32 375 - Element is displayed:: [[ChromeDriver: chrome on WINDOWS (d186178d45d793020a8e056a11d42c08)] -> xpath: //button[text()='Continue to Checkout']]</small> </font> </div>
<div class="test-event"> <font color="maroon"> <small> &emsp; &emsp;--- 16 Oct 16:41:35 917 - Catched spinner load exception due to Expected condition failed: waiting for ICar.support.WaitUtils$4@636673a3 (tried for 3 second(s) with 500 milliseconds interval)</small> </font> </div>
<div class="test-event"> <font color="maroon"> <small> &emsp; &emsp;--- 16 Oct 16:41:35 917 - <b>3</b> - Spinner Load Wait: (Sync) - ICar.support.WaitUtils.waitForSpinner(WaitUtils.java:225)</small> </font> </div>
<div class="test-event"> <font color="maroon"> <small> &emsp; &emsp;--- 16 Oct 16:41:44 239 - Catched spinner load exception due to Expected condition failed: waiting for ICar.support.WaitUtils$4@636673a3 (tried for 8 second(s) with 500 milliseconds interval)</small> </font> </div>
<div class="test-event"> <font color="maroon"> <small> &emsp; &emsp;--- 16 Oct 16:41:44 239 - <b>8</b> - Spinner Load Wait: (Sync) - ICar.support.WaitUtils.waitForSpinner(WaitUtils.java:225)</small> </font> </div>
<div class="test-event"> <font color="maroon"> <small> &emsp; &emsp;--- 16 Oct 16:41:44 441 - Page URL:: https://www.icarstage.com/checkout</small> </font> </div>
<div class="test-event"> <font color="maroon"> <small> &emsp; &emsp;--- 16 Oct 16:41:44 441 - <b>0</b> - Page Load Wait: (Sync) - ICar.support.Utils.waitForPageLoad(Utils.java:109)</small> </font> </div>
<div class="test-event"> <font color="maroon"> <small> &emsp; &emsp;--- 16 Oct 16:41:44 573 - Element is displayed:: [[ChromeDriver: chrome on WINDOWS (d186178d45d793020a8e056a11d42c08)] -> xpath: //button[contains(@aria-label,'Payment Method')]]</small> </font> </div>
<div class="test-message">&emsp;8. click on check out button to navigate to Payment details Page</div>
<div class="test-message">&emsp;9. Proceed button should be enabled</div>
<div class="test-event"> <font color="maroon"> <small> &emsp; &emsp;--- 16 Oct 16:41:44 644 - Element is displayed:: [[ChromeDriver: chrome on WINDOWS (d186178d45d793020a8e056a11d42c08)] -> xpath: //button[contains(@aria-label,'Payment Method')]]</small> </font> </div>
<div class="test-event"> <font color="maroon"> <small> &emsp; &emsp;--- 16 Oct 16:41:44 724 - Element is displayed:: [[ChromeDriver: chrome on WINDOWS (d186178d45d793020a8e056a11d42c08)] -> xpath: //button[contains(@aria-label,'Payment Method')]]</small> </font> </div>
<div class="test-event"> <font color="maroon"> <small> &emsp; &emsp;--- 16 Oct 16:41:53 101 - Element is displayed:: [[ChromeDriver: chrome on WINDOWS (d186178d45d793020a8e056a11d42c08)] -> xpath: //div[@aria-label='Payment Method']//lightning-base-combobox-item//span[@class='slds-truncate']]</small> </font> </div>
<div class="test-message">&emsp;Credit card payment option already exist in payment selection drop down</div>
<div class="test-message">&emsp;Successfully selected and verfied the Payment method in 'Payment details' Page&emsp;<a href=".\ScreenShot\ICar_B2B_TC032_64482534615700.png" target="_blank" >[ScreenShot]</a></div>
<div class="test-event"> <font color="maroon"> <small> &emsp; &emsp;--- 16 Oct 16:41:55 341 - Element is displayed:: [[ChromeDriver: chrome on WINDOWS (d186178d45d793020a8e056a11d42c08)] -> xpath: //button[text()='Complete Purchase']]</small> </font> </div>
<div class="test-event"> <font color="maroon"> <small> &emsp; &emsp;--- 16 Oct 16:41:55 401 - Element is displayed:: [[ChromeDriver: chrome on WINDOWS (d186178d45d793020a8e056a11d42c08)] -> xpath: //button[text()='Complete Purchase']]</small> </font> </div>
<div class="test-event"> <font color="maroon"> <small> &emsp; &emsp;--- 16 Oct 16:41:55 533 - Page URL:: https://www.icarstage.com/checkout</small> </font> </div>
<div class="test-event"> <font color="maroon"> <small> &emsp; &emsp;--- 16 Oct 16:41:55 534 - <b>0</b> - Page Load Wait: (Sync) - ICar.support.Utils.waitForPageLoad(Utils.java:109)</small> </font> </div>
<div class="test-event"> <font color="maroon"> <small> &emsp; &emsp;--- 16 Oct 16:42:09 561 - Catched spinner load exception due to Expected condition failed: waiting for ICar.support.WaitUtils$4@636673a3 (tried for 14 second(s) with 500 milliseconds interval)</small> </font> </div>
<div class="test-event"> <font color="maroon"> <small> &emsp; &emsp;--- 16 Oct 16:42:09 561 - <b>14</b> - Spinner Load Wait: (Sync) - ICar.support.WaitUtils.waitForSpinner(WaitUtils.java:225)</small> </font> </div>
<div class="test-event"> <font color="maroon"> <small> &emsp; &emsp;--- 16 Oct 16:42:09 627 - Element is displayed:: [[ChromeDriver: chrome on WINDOWS (d186178d45d793020a8e056a11d42c08)] -> xpath: //div[@class='summary-align']//div[text()='Order']//following::div[1]]</small> </font> </div>
<div class="test-event"> <font color="maroon"> <small> &emsp; &emsp;--- 16 Oct 16:42:12 707 - Element is displayed:: [[ChromeDriver: chrome on WINDOWS (d186178d45d793020a8e056a11d42c08)] -> xpath: //div[@class='summary-align']//div[text()='Order']//following::div[1]]</small> </font> </div>
<div class="test-message">&emsp;Successfully Purchased the course with order no : 00884131&emsp;<a href=".\ScreenShot\ICar_B2B_TC032_64500119830800.png" target="_blank" >[ScreenShot]</a></div>
<div class="test-message">&emsp;Removing the Accounts</div>
<div class="test-event"> <font color="maroon"> <small> &emsp; &emsp;--- 16 Oct 16:42:12 939 - Page URL:: https://www.icarstage.com/order?orderid=801vc000016dlqcyas</small> </font> </div>
<div class="test-event"> <font color="maroon"> <small> &emsp; &emsp;--- 16 Oct 16:42:12 939 - <b>0</b> - Page Load Wait: (Sync) - ICar.support.Utils.waitForPageLoad(Utils.java:109)</small> </font> </div>
<div class="test-event"> <font color="maroon"> <small> &emsp; &emsp;--- 16 Oct 16:42:12 992 - Element is displayed:: [[ChromeDriver: chrome on WINDOWS (d186178d45d793020a8e056a11d42c08)] -> xpath: //p[text()='Launch My Learning']]</small> </font> </div>
<div class="test-event"> <font color="maroon"> <small> &emsp; &emsp;--- 16 Oct 16:42:13 028 - Element is displayed:: [[ChromeDriver: chrome on WINDOWS (d186178d45d793020a8e056a11d42c08)] -> xpath: //lightning-layout[@class='left-margin slds-align_absolute-center slds-grid slds-grid_align-spread slds-wrap']//lightning-layout-item[2]//a]</small> </font> </div>
<div class="test-event"> <font color="maroon"> <small> &emsp; &emsp;--- 16 Oct 16:42:15 094 - Element is displayed:: [[ChromeDriver: chrome on WINDOWS (d186178d45d793020a8e056a11d42c08)] -> xpath: //lightning-layout[@class='left-margin slds-align_absolute-center slds-grid slds-grid_align-spread slds-wrap']//lightning-layout-item[2]//a]</small> </font> </div>
<div class="test-event"> <font color="maroon"> <small> &emsp; &emsp;--- 16 Oct 16:42:15 175 - Element is displayed:: [[ChromeDriver: chrome on WINDOWS (d186178d45d793020a8e056a11d42c08)] -> xpath: //ul[@aria-label='Show More']//li[2]/a]</small> </font> </div>
<div class="test-event"> <font color="maroon"> <small> &emsp; &emsp;--- 16 Oct 16:42:15 224 - Element is displayed:: [[ChromeDriver: chrome on WINDOWS (d186178d45d793020a8e056a11d42c08)] -> xpath: //ul[@aria-label='Show More']//li[2]/a]</small> </font> </div>
<div class="test-event"> <font color="maroon"> <small> &emsp; &emsp;--- 16 Oct 16:42:31 306 - Catched spinner load exception due to Expected condition failed: waiting for ICar.support.WaitUtils$4@636673a3 (tried for 15 second(s) with 500 milliseconds interval)</small> </font> </div>
<div class="test-event"> <font color="maroon"> <small> &emsp; &emsp;--- 16 Oct 16:42:31 306 - <b>15</b> - Spinner Load Wait: (Sync) - ICar.support.WaitUtils.waitForSpinner(WaitUtils.java:225)</small> </font> </div>
<div class="test-event"> <font color="maroon"> <small> &emsp; &emsp;--- 16 Oct 16:42:31 405 - Page URL:: https://www.icarstage.com/my-payment-information</small> </font> </div>
<div class="test-event"> <font color="maroon"> <small> &emsp; &emsp;--- 16 Oct 16:42:31 405 - <b>0</b> - Page Load Wait: (Sync) - ICar.support.Utils.waitForPageLoad(Utils.java:109)</small> </font> </div>
<div class="test-event"> <font color="maroon"> <small> &emsp; &emsp;--- 16 Oct 16:42:31 463 - Element is displayed:: [[ChromeDriver: chrome on WINDOWS (d186178d45d793020a8e056a11d42c08)] -> xpath: //a[contains(text(),'Credit Card')]]</small> </font> </div>
<div class="test-message">&emsp;Successfully navigated to 'My Payment Information' Page&emsp;<a href=".\ScreenShot\ICar_B2B_TC032_64518875844700.png" target="_blank" >[ScreenShot]</a></div>
<div class="test-event"> <font color="maroon"> <small> &emsp; &emsp;--- 16 Oct 16:42:40 096 - Element Proxy element for: AjaxElementLocator 'By.xpath: //slot[@name='message']', is not displayed in page </small> </font> </div>
<div class="test-event"> <font color="maroon"> <small> &emsp; &emsp;--- 16 Oct 16:42:40 199 - Element is displayed:: [[ChromeDriver: chrome on WINDOWS (d186178d45d793020a8e056a11d42c08)] -> xpath: //c-b2b_-my-payment-info[contains(@data-component-id,'MyPaymentInfo')]/div[1]/div[2]/div[2]/div[2]/div/div[4]/div/div[2]//a[1]]</small> </font> </div>
<div class="test-event"> <font color="maroon"> <small> &emsp; &emsp;--- 16 Oct 16:42:41 382 - Page URL:: https://www.icarstage.com/my-payment-information</small> </font> </div>
<div class="test-event"> <font color="maroon"> <small> &emsp; &emsp;--- 16 Oct 16:42:41 382 - <b>0</b> - Page Load Wait: (Sync) - ICar.support.Utils.waitForPageLoad(Utils.java:109)</small> </font> </div>
<div class="test-event"> <font color="maroon"> <small> &emsp; &emsp;--- 16 Oct 16:42:42 442 - Element is displayed:: [[ChromeDriver: chrome on WINDOWS (d186178d45d793020a8e056a11d42c08)] -> xpath: //button[@title='Yes']]</small> </font> </div>
<div class="test-event"> <font color="maroon"> <small> &emsp; &emsp;--- 16 Oct 16:42:42 502 - Element is displayed:: [[ChromeDriver: chrome on WINDOWS (d186178d45d793020a8e056a11d42c08)] -> xpath: //button[@title='Yes']]</small> </font> </div>
<div class="test-result"><br><font color="green"><strong> Test Passed. </strong></font> </div>&emsp;
&emsp;<div class="test-title"> <strong><font size = "3" color = "#0000FF">---Test Execution Ends---</font> </strong> </div>&emsp;]]>
    </system-out>
  </testcase> <!-- ICar_B2B_TC032 -->
  <testcase classname="B2Btestscripts.B2B_Student" name="ICar_B2B_TC034" time="379.038">
    <system-out>
      <![CDATA[<div class="test-event"> <font color="maroon"> <small> &emsp; &emsp;--- 16 Oct 16:47:26 002 - TestCaseID:: ICar_B2B_TC034</small> </font> </div>
<div class="test-event"> <font color="maroon"> <small> &emsp; &emsp;--- 16 Oct 16:47:27 487 - <b>1</b> - Driver::initialize::Get - ICar.support.WebDriverFactory.getDriver(WebDriverFactory.java:640)</small> </font> </div>
&emsp;<div class="test-title"> <strong><font size = "3" color = "#000080">Ability to save the newly added credit card details in the payment page and verify it in the payment information of the student page</font> </strong> </div>&emsp;<div><strong>Steps:</strong></div><!-- Report -->&emsp;
<div class="test-event"> <font color="maroon"> <small> &emsp; &emsp;--- 16 Oct 16:47:33 053 - Element is displayed:: [[ChromeDriver: chrome on WINDOWS (20650065b0193084a0cca7f00fc0410f)] -> xpath: //a/img[@alt='Login Image']|//button[@id='btn-login']]</small> </font> </div>
<div class="test-event"> <font color="maroon"> <small> &emsp; &emsp;--- 16 Oct 16:47:33 105 - Element is displayed:: [[ChromeDriver: chrome on WINDOWS (20650065b0193084a0cca7f00fc0410f)] -> xpath: //a/img[@alt='Login Image']|//button[@id='btn-login']]</small> </font> </div>
<div class="test-message">&emsp;Successfully navigated to 'Home' Page&emsp;<a href=".\ScreenShot\ICar_B2B_TC034_64820517297500.png" target="_blank" >[ScreenShot]</a></div>
<div class="test-message">&emsp;1. Home page is launched.</div>
<div class="test-event"> <font color="maroon"> <small> &emsp; &emsp;--- 16 Oct 16:47:33 540 - Page URL:: https://www.icarstage.com/</small> </font> </div>
<div class="test-event"> <font color="maroon"> <small> &emsp; &emsp;--- 16 Oct 16:47:33 540 - <b>0</b> - Page Load Wait: (Sync) - ICar.support.Utils.waitForPageLoad(Utils.java:109)</small> </font> </div>
<div class="test-event"> <font color="maroon"> <small> &emsp; &emsp;--- 16 Oct 16:47:33 577 - Element is displayed:: [[ChromeDriver: chrome on WINDOWS (20650065b0193084a0cca7f00fc0410f)] -> xpath: //a/img[@alt='Login Image']|//button[@id='btn-login']]</small> </font> </div>
<div class="test-event"> <font color="maroon"> <small> &emsp; &emsp;--- 16 Oct 16:47:33 627 - Element is displayed:: [[ChromeDriver: chrome on WINDOWS (20650065b0193084a0cca7f00fc0410f)] -> xpath: //a/img[@alt='Login Image']|//button[@id='btn-login']]</small> </font> </div>
<div class="test-event"> <font color="maroon"> <small> &emsp; &emsp;--- 16 Oct 16:47:51 288 - Catched spinner load exception due to Expected condition failed: waiting for ICar.support.WaitUtils$4@636673a3 (tried for 15 second(s) with 500 milliseconds interval)</small> </font> </div>
<div class="test-event"> <font color="maroon"> <small> &emsp; &emsp;--- 16 Oct 16:47:51 288 - <b>15</b> - Spinner Load Wait: (Sync) - ICar.support.WaitUtils.waitForSpinner(WaitUtils.java:225)</small> </font> </div>
<div class="test-message">&emsp;2. Navigate to 'Login Page'</div>
<div class="test-message">&emsp;Successfully navigated to 'Login' Page&emsp;<a href=".\ScreenShot\ICar_B2B_TC034_64838703129200.png" target="_blank" >[ScreenShot]</a></div>
<div class="test-event"> <font color="maroon"> <small> &emsp; &emsp;--- 16 Oct 16:47:51 515 - Element is displayed:: [[ChromeDriver: chrome on WINDOWS (20650065b0193084a0cca7f00fc0410f)] -> id: username]</small> </font> </div>
<div class="test-event"> <font color="maroon"> <small> &emsp; &emsp;--- 16 Oct 16:47:51 576 - Element is displayed:: [[ChromeDriver: chrome on WINDOWS (20650065b0193084a0cca7f00fc0410f)] -> id: username]</small> </font> </div>
<div class="test-event"> <font color="maroon"> <small> &emsp; &emsp;--- 16 Oct 16:47:51 782 - Element is displayed:: [[ChromeDriver: chrome on WINDOWS (20650065b0193084a0cca7f00fc0410f)] -> id: password]</small> </font> </div>
<div class="test-event"> <font color="maroon"> <small> &emsp; &emsp;--- 16 Oct 16:47:51 948 - Element is displayed:: [[ChromeDriver: chrome on WINDOWS (20650065b0193084a0cca7f00fc0410f)] -> id: btn-login]</small> </font> </div>
<div class="test-event"> <font color="maroon"> <small> &emsp; &emsp;--- 16 Oct 16:47:57 552 - Catched spinner load exception due to Expected condition failed: waiting for ICar.support.WaitUtils$4@636673a3 (tried for 3 second(s) with 500 milliseconds interval)</small> </font> </div>
<div class="test-event"> <font color="maroon"> <small> &emsp; &emsp;--- 16 Oct 16:47:57 552 - <b>5</b> - Spinner Load Wait: (Sync) - ICar.support.WaitUtils.waitForSpinner(WaitUtils.java:225)</small> </font> </div>
<div class="test-event"> <font color="maroon"> <small> &emsp; &emsp;--- 16 Oct 16:48:19 929 - Catched spinner load exception due to Expected condition failed: waiting for ICar.support.WaitUtils$4@636673a3 (tried for 10 second(s) with 500 milliseconds interval)</small> </font> </div>
<div class="test-event"> <font color="maroon"> <small> &emsp; &emsp;--- 16 Oct 16:48:19 929 - <b>10</b> - Spinner Load Wait: (Sync) - ICar.support.WaitUtils.waitForSpinner(WaitUtils.java:225)</small> </font> </div>
<div class="test-event"> <font color="maroon"> <small> &emsp; &emsp;--- 16 Oct 16:48:20 058 - Element is displayed:: [[ChromeDriver: chrome on WINDOWS (20650065b0193084a0cca7f00fc0410f)] -> xpath: //button[@value='Launch My Learning']]</small> </font> </div>
<div class="test-message">&emsp;3. Enter the user credentials as : 2810173</div>
<div class="test-message">&emsp;Successfully navigated to 'User Home' Page&emsp;<a href=".\ScreenShot\ICar_B2B_TC034_64867470275700.png" target="_blank" >[ScreenShot]</a></div>
<div class="test-event"> <font color="maroon"> <small> &emsp; &emsp;--- 16 Oct 16:48:20 450 - Page URL:: https://www.icarstage.com/</small> </font> </div>
<div class="test-event"> <font color="maroon"> <small> &emsp; &emsp;--- 16 Oct 16:48:20 450 - <b>0</b> - Page Load Wait: (Sync) - ICar.support.Utils.waitForPageLoad(Utils.java:109)</small> </font> </div>
<div class="test-event"> <font color="maroon"> <small> &emsp; &emsp;--- 16 Oct 16:48:20 510 - Element is displayed:: [[ChromeDriver: chrome on WINDOWS (20650065b0193084a0cca7f00fc0410f)] -> xpath: //p[text()='Launch My Learning']]</small> </font> </div>
<div class="test-event"> <font color="maroon"> <small> &emsp; &emsp;--- 16 Oct 16:48:20 549 - Element is displayed:: [[ChromeDriver: chrome on WINDOWS (20650065b0193084a0cca7f00fc0410f)] -> xpath: //lightning-layout[@class='left-margin slds-align_absolute-center slds-grid slds-grid_align-spread slds-wrap']//lightning-layout-item[2]//a]</small> </font> </div>
<div class="test-event"> <font color="maroon"> <small> &emsp; &emsp;--- 16 Oct 16:48:22 626 - Element is displayed:: [[ChromeDriver: chrome on WINDOWS (20650065b0193084a0cca7f00fc0410f)] -> xpath: //lightning-layout[@class='left-margin slds-align_absolute-center slds-grid slds-grid_align-spread slds-wrap']//lightning-layout-item[2]//a]</small> </font> </div>
<div class="test-event"> <font color="maroon"> <small> &emsp; &emsp;--- 16 Oct 16:48:22 728 - Element is displayed:: [[ChromeDriver: chrome on WINDOWS (20650065b0193084a0cca7f00fc0410f)] -> xpath: //ul[@aria-label='Show More']//li[2]/a]</small> </font> </div>
<div class="test-event"> <font color="maroon"> <small> &emsp; &emsp;--- 16 Oct 16:48:22 776 - Element is displayed:: [[ChromeDriver: chrome on WINDOWS (20650065b0193084a0cca7f00fc0410f)] -> xpath: //ul[@aria-label='Show More']//li[2]/a]</small> </font> </div>
<div class="test-event"> <font color="maroon"> <small> &emsp; &emsp;--- 16 Oct 16:48:39 515 - Catched spinner load exception due to Expected condition failed: waiting for ICar.support.WaitUtils$4@636673a3 (tried for 15 second(s) with 500 milliseconds interval)</small> </font> </div>
<div class="test-event"> <font color="maroon"> <small> &emsp; &emsp;--- 16 Oct 16:48:39 515 - <b>15</b> - Spinner Load Wait: (Sync) - ICar.support.WaitUtils.waitForSpinner(WaitUtils.java:225)</small> </font> </div>
<div class="test-event"> <font color="maroon"> <small> &emsp; &emsp;--- 16 Oct 16:48:39 607 - Page URL:: https://www.icarstage.com/my-payment-information</small> </font> </div>
<div class="test-event"> <font color="maroon"> <small> &emsp; &emsp;--- 16 Oct 16:48:39 607 - <b>0</b> - Page Load Wait: (Sync) - ICar.support.Utils.waitForPageLoad(Utils.java:109)</small> </font> </div>
<div class="test-event"> <font color="maroon"> <small> &emsp; &emsp;--- 16 Oct 16:48:39 663 - Element is displayed:: [[ChromeDriver: chrome on WINDOWS (20650065b0193084a0cca7f00fc0410f)] -> xpath: //a[contains(text(),'Credit Card')]]</small> </font> </div>
<div class="test-message">&emsp;4. Navigating to My Payment Information Page</div>
<div class="test-message">&emsp;Successfully navigated to 'My Payment Information' Page&emsp;<a href=".\ScreenShot\ICar_B2B_TC034_64887076206200.png" target="_blank" >[ScreenShot]</a></div>
<div class="test-message">&emsp;5.Remove all the Cards</div>
<div class="test-event"> <font color="maroon"> <small> &emsp; &emsp;--- 16 Oct 16:48:48 328 - Element Proxy element for: AjaxElementLocator 'By.xpath: //slot[@name='message']', is not displayed in page </small> </font> </div>
<div class="test-event"> <font color="maroon"> <small> &emsp; &emsp;--- 16 Oct 16:48:48 366 - Element is displayed:: [[ChromeDriver: chrome on WINDOWS (20650065b0193084a0cca7f00fc0410f)] -> xpath: (//a[contains(@name,'delete|card_')])/lightning-icon]</small> </font> </div>
<div class="test-event"> <font color="maroon"> <small> &emsp; &emsp;--- 16 Oct 16:48:48 472 - Element is displayed:: [[ChromeDriver: chrome on WINDOWS (20650065b0193084a0cca7f00fc0410f)] -> xpath: //button[@title='Yes']]</small> </font> </div>
<div class="test-event"> <font color="maroon"> <small> &emsp; &emsp;--- 16 Oct 16:48:48 521 - Element is displayed:: [[ChromeDriver: chrome on WINDOWS (20650065b0193084a0cca7f00fc0410f)] -> xpath: //button[@title='Yes']]</small> </font> </div>
<div class="test-event"> <font color="maroon"> <small> &emsp; &emsp;--- 16 Oct 16:48:49 606 - Catched spinner load exception due to Expected condition failed: waiting for ICar.support.WaitUtils$4@636673a3 (tried for 1 second(s) with 500 milliseconds interval)</small> </font> </div>
<div class="test-event"> <font color="maroon"> <small> &emsp; &emsp;--- 16 Oct 16:48:49 606 - <b>1</b> - Spinner Load Wait: (Sync) - ICar.support.WaitUtils.waitForSpinner(WaitUtils.java:225)</small> </font> </div>
<div class="test-event"> <font color="maroon"> <small> &emsp; &emsp;--- 16 Oct 16:48:51 653 - Element [[ChromeDriver: chrome on WINDOWS (20650065b0193084a0cca7f00fc0410f)] -> xpath: //slot[@name='message']], is still visible in page</small> </font> </div>
<div class="test-event"> <font color="maroon"> <small> &emsp; &emsp;--- 16 Oct 16:48:52 186 - Element [[ChromeDriver: chrome on WINDOWS (20650065b0193084a0cca7f00fc0410f)] -> xpath: //slot[@name='message']], is still visible in page</small> </font> </div>
<div class="test-event"> <font color="maroon"> <small> &emsp; &emsp;--- 16 Oct 16:48:52 726 - Element [[ChromeDriver: chrome on WINDOWS (20650065b0193084a0cca7f00fc0410f)] -> xpath: //slot[@name='message']], is still visible in page</small> </font> </div>
<div class="test-event"> <font color="maroon"> <small> &emsp; &emsp;--- 16 Oct 16:48:53 267 - Element [[ChromeDriver: chrome on WINDOWS (20650065b0193084a0cca7f00fc0410f)] -> xpath: //slot[@name='message']], is still visible in page</small> </font> </div>
<div class="test-event"> <font color="maroon"> <small> &emsp; &emsp;--- 16 Oct 16:48:53 805 - Element [[ChromeDriver: chrome on WINDOWS (20650065b0193084a0cca7f00fc0410f)] -> xpath: //slot[@name='message']], is still visible in page</small> </font> </div>
<div class="test-event"> <font color="maroon"> <small> &emsp; &emsp;--- 16 Oct 16:48:54 338 - Element [[ChromeDriver: chrome on WINDOWS (20650065b0193084a0cca7f00fc0410f)] -> xpath: //slot[@name='message']], is still visible in page</small> </font> </div>
<div class="test-event"> <font color="maroon"> <small> &emsp; &emsp;--- 16 Oct 16:48:54 868 - Element [[ChromeDriver: chrome on WINDOWS (20650065b0193084a0cca7f00fc0410f)] -> xpath: //slot[@name='message']], is still visible in page</small> </font> </div>
<div class="test-event"> <font color="maroon"> <small> &emsp; &emsp;--- 16 Oct 16:49:01 854 - Element Proxy element for: AjaxElementLocator 'By.xpath: //slot[@name='message']', is not displayed in page </small> </font> </div>
<div class="test-message">&emsp;Successfully add card to 'My Payment Information' Page&emsp;<a href=".\ScreenShot\ICar_B2B_TC034_64912506755100.png" target="_blank" >[ScreenShot]</a></div>
<div class="test-event"> <font color="maroon"> <small> &emsp; &emsp;--- 16 Oct 16:49:13 771 - Element Proxy element for: AjaxElementLocator 'By.xpath: //slot[@name='message']', is not displayed in page </small> </font> </div>
<div class="test-message">&emsp;6. click on link to navigate to Browser catalog and Successfully adding course to the cart</div>
<div class="test-event"> <font color="maroon"> <small> &emsp; &emsp;--- 16 Oct 16:49:21 113 - Page URL:: https://www.icarstage.com/my-payment-information</small> </font> </div>
<div class="test-event"> <font color="maroon"> <small> &emsp; &emsp;--- 16 Oct 16:49:21 113 - <b>0</b> - Page Load Wait: (Sync) - ICar.support.Utils.waitForPageLoad(Utils.java:109)</small> </font> </div>
<div class="test-event"> <font color="maroon"> <small> &emsp; &emsp;--- 16 Oct 16:49:21 162 - Element is displayed:: [[ChromeDriver: chrome on WINDOWS (20650065b0193084a0cca7f00fc0410f)] -> xpath: //p[text()='Launch My Learning']]</small> </font> </div>
<div class="test-event"> <font color="maroon"> <small> &emsp; &emsp;--- 16 Oct 16:49:41 443 - Catched spinner load exception due to Expected condition failed: waiting for ICar.support.WaitUtils$4@636673a3 (tried for 20 second(s) with 500 milliseconds interval)</small> </font> </div>
<div class="test-event"> <font color="maroon"> <small> &emsp; &emsp;--- 16 Oct 16:49:41 443 - <b>20</b> - Spinner Load Wait: (Sync) - ICar.support.WaitUtils.waitForSpinner(WaitUtils.java:225)</small> </font> </div>
<div class="test-event"> <font color="maroon"> <small> &emsp; &emsp;--- 16 Oct 16:49:41 487 - Element is displayed:: [[ChromeDriver: chrome on WINDOWS (20650065b0193084a0cca7f00fc0410f)] -> xpath: //div[@class='HeaderCart_Icon']/a]</small> </font> </div>
<div class="test-event"> <font color="maroon"> <small> &emsp; &emsp;--- 16 Oct 16:49:43 566 - Element is displayed:: [[ChromeDriver: chrome on WINDOWS (20650065b0193084a0cca7f00fc0410f)] -> xpath: //div[@class='HeaderCart_Icon']/a]</small> </font> </div>
<div class="test-event"> <font color="maroon"> <small> &emsp; &emsp;--- 16 Oct 16:50:03 372 - Catched spinner load exception due to Expected condition failed: waiting for ICar.support.WaitUtils$4@636673a3 (tried for 15 second(s) with 500 milliseconds interval)</small> </font> </div>
<div class="test-event"> <font color="maroon"> <small> &emsp; &emsp;--- 16 Oct 16:50:03 372 - <b>15</b> - Spinner Load Wait: (Sync) - ICar.support.WaitUtils.waitForSpinner(WaitUtils.java:225)</small> </font> </div>
<div class="test-event"> <font color="maroon"> <small> &emsp; &emsp;--- 16 Oct 16:50:03 458 - Page URL:: https://www.icarstage.com/cart</small> </font> </div>
<div class="test-event"> <font color="maroon"> <small> &emsp; &emsp;--- 16 Oct 16:50:03 458 - <b>0</b> - Page Load Wait: (Sync) - ICar.support.Utils.waitForPageLoad(Utils.java:109)</small> </font> </div>
<div class="test-event"> <font color="maroon"> <small> &emsp; &emsp;--- 16 Oct 16:50:03 515 - Element is displayed:: [[ChromeDriver: chrome on WINDOWS (20650065b0193084a0cca7f00fc0410f)] -> xpath: //button[text()='Continue to Checkout']]</small> </font> </div>
<div class="test-event"> <font color="maroon"> <small> &emsp; &emsp;--- 16 Oct 16:50:03 567 - Element is displayed:: [[ChromeDriver: chrome on WINDOWS (20650065b0193084a0cca7f00fc0410f)] -> xpath: //input[contains(@placeholder,'Search')]]</small> </font> </div>
<div class="test-event"> <font color="maroon"> <small> &emsp; &emsp;--- 16 Oct 16:50:03 614 - Element is displayed:: [[ChromeDriver: chrome on WINDOWS (20650065b0193084a0cca7f00fc0410f)] -> xpath: //input[contains(@placeholder,'Search')]]</small> </font> </div>
<div class="test-event"> <font color="maroon"> <small> &emsp; &emsp;--- 16 Oct 16:50:12 357 - Element is displayed:: [[[[ChromeDriver: chrome on WINDOWS (20650065b0193084a0cca7f00fc0410f)] -> xpath: //c-b2b_custom-search-results-list[contains(@data-component-id,'b2b_customSearchResultsList')]/div/div[2]//table/tbody/tr[1]/td/div]] -> xpath: a]</small> </font> </div>
<div class="test-event"> <font color="maroon"> <small> &emsp; &emsp;--- 16 Oct 16:50:25 007 - Catched spinner load exception due to Expected condition failed: waiting for ICar.support.WaitUtils$4@636673a3 (tried for 10 second(s) with 500 milliseconds interval)</small> </font> </div>
<div class="test-event"> <font color="maroon"> <small> &emsp; &emsp;--- 16 Oct 16:50:25 007 - <b>10</b> - Spinner Load Wait: (Sync) - ICar.support.WaitUtils.waitForSpinner(WaitUtils.java:225)</small> </font> </div>
<div class="test-event"> <font color="maroon"> <small> &emsp; &emsp;--- 16 Oct 16:50:27 087 - Element is displayed:: [[ChromeDriver: chrome on WINDOWS (20650065b0193084a0cca7f00fc0410f)] -> xpath: //button[text()='Add to Cart']]</small> </font> </div>
<div class="test-event"> <font color="maroon"> <small> &emsp; &emsp;--- 16 Oct 16:50:27 181 - Element is displayed:: [[ChromeDriver: chrome on WINDOWS (20650065b0193084a0cca7f00fc0410f)] -> xpath: //div[@class='HeaderCart_Icon']/a]</small> </font> </div>
<div class="test-event"> <font color="maroon"> <small> &emsp; &emsp;--- 16 Oct 16:50:34 289 - Element is displayed:: [[ChromeDriver: chrome on WINDOWS (20650065b0193084a0cca7f00fc0410f)] -> xpath: //div[@class='HeaderCart_Icon']/a]</small> </font> </div>
<div class="test-event"> <font color="maroon"> <small> &emsp; &emsp;--- 16 Oct 16:50:35 753 - Page URL:: https://www.icarstage.com/cart</small> </font> </div>
<div class="test-event"> <font color="maroon"> <small> &emsp; &emsp;--- 16 Oct 16:50:35 754 - <b>0</b> - Page Load Wait: (Sync) - ICar.support.Utils.waitForPageLoad(Utils.java:109)</small> </font> </div>
<div class="test-event"> <font color="maroon"> <small> &emsp; &emsp;--- 16 Oct 16:50:35 805 - Element is displayed:: [[ChromeDriver: chrome on WINDOWS (20650065b0193084a0cca7f00fc0410f)] -> xpath: //p[text()='Launch My Learning']]</small> </font> </div>
<div class="test-event"> <font color="maroon"> <small> &emsp; &emsp;--- 16 Oct 16:50:56 198 - Catched spinner load exception due to Expected condition failed: waiting for ICar.support.WaitUtils$4@636673a3 (tried for 20 second(s) with 500 milliseconds interval)</small> </font> </div>
<div class="test-event"> <font color="maroon"> <small> &emsp; &emsp;--- 16 Oct 16:50:56 198 - <b>20</b> - Spinner Load Wait: (Sync) - ICar.support.WaitUtils.waitForSpinner(WaitUtils.java:225)</small> </font> </div>
<div class="test-event"> <font color="maroon"> <small> &emsp; &emsp;--- 16 Oct 16:50:56 243 - Element is displayed:: [[ChromeDriver: chrome on WINDOWS (20650065b0193084a0cca7f00fc0410f)] -> xpath: //div[@class='HeaderCart_Icon']/a]</small> </font> </div>
<div class="test-event"> <font color="maroon"> <small> &emsp; &emsp;--- 16 Oct 16:50:58 323 - Element is displayed:: [[ChromeDriver: chrome on WINDOWS (20650065b0193084a0cca7f00fc0410f)] -> xpath: //div[@class='HeaderCart_Icon']/a]</small> </font> </div>
<div class="test-event"> <font color="maroon"> <small> &emsp; &emsp;--- 16 Oct 16:51:18 039 - Catched spinner load exception due to Expected condition failed: waiting for ICar.support.WaitUtils$4@636673a3 (tried for 15 second(s) with 500 milliseconds interval)</small> </font> </div>
<div class="test-event"> <font color="maroon"> <small> &emsp; &emsp;--- 16 Oct 16:51:18 039 - <b>15</b> - Spinner Load Wait: (Sync) - ICar.support.WaitUtils.waitForSpinner(WaitUtils.java:225)</small> </font> </div>
<div class="test-event"> <font color="maroon"> <small> &emsp; &emsp;--- 16 Oct 16:51:18 144 - Page URL:: https://www.icarstage.com/cart</small> </font> </div>
<div class="test-event"> <font color="maroon"> <small> &emsp; &emsp;--- 16 Oct 16:51:18 144 - <b>0</b> - Page Load Wait: (Sync) - ICar.support.Utils.waitForPageLoad(Utils.java:109)</small> </font> </div>
<div class="test-event"> <font color="maroon"> <small> &emsp; &emsp;--- 16 Oct 16:51:18 203 - Element is displayed:: [[ChromeDriver: chrome on WINDOWS (20650065b0193084a0cca7f00fc0410f)] -> xpath: //button[text()='Continue to Checkout']]</small> </font> </div>
<div class="test-message">&emsp;7. click on My cart icon to navigate to My Cart Page</div>
<div class="test-message">&emsp;Successfully navigated to 'My Cart' Page&emsp;<a href=".\ScreenShot\ICar_B2B_TC034_65045614909200.png" target="_blank" >[ScreenShot]</a></div>
<div class="test-event"> <font color="maroon"> <small> &emsp; &emsp;--- 16 Oct 16:51:20 459 - Element is displayed:: [[ChromeDriver: chrome on WINDOWS (20650065b0193084a0cca7f00fc0410f)] -> xpath: //button[text()='Continue to Checkout']]</small> </font> </div>
<div class="test-event"> <font color="maroon"> <small> &emsp; &emsp;--- 16 Oct 16:51:23 951 - Catched spinner load exception due to Expected condition failed: waiting for ICar.support.WaitUtils$4@636673a3 (tried for 3 second(s) with 500 milliseconds interval)</small> </font> </div>
<div class="test-event"> <font color="maroon"> <small> &emsp; &emsp;--- 16 Oct 16:51:23 951 - <b>3</b> - Spinner Load Wait: (Sync) - ICar.support.WaitUtils.waitForSpinner(WaitUtils.java:225)</small> </font> </div>
<div class="test-event"> <font color="maroon"> <small> &emsp; &emsp;--- 16 Oct 16:51:32 272 - Catched spinner load exception due to Expected condition failed: waiting for ICar.support.WaitUtils$4@636673a3 (tried for 8 second(s) with 500 milliseconds interval)</small> </font> </div>
<div class="test-event"> <font color="maroon"> <small> &emsp; &emsp;--- 16 Oct 16:51:32 272 - <b>8</b> - Spinner Load Wait: (Sync) - ICar.support.WaitUtils.waitForSpinner(WaitUtils.java:225)</small> </font> </div>
<div class="test-event"> <font color="maroon"> <small> &emsp; &emsp;--- 16 Oct 16:51:32 350 - Page URL:: https://www.icarstage.com/checkout</small> </font> </div>
<div class="test-event"> <font color="maroon"> <small> &emsp; &emsp;--- 16 Oct 16:51:32 350 - <b>0</b> - Page Load Wait: (Sync) - ICar.support.Utils.waitForPageLoad(Utils.java:109)</small> </font> </div>
<div class="test-event"> <font color="maroon"> <small> &emsp; &emsp;--- 16 Oct 16:51:32 404 - Element is displayed:: [[ChromeDriver: chrome on WINDOWS (20650065b0193084a0cca7f00fc0410f)] -> xpath: //button[contains(@aria-label,'Payment Method')]]</small> </font> </div>
<div class="test-message">&emsp;8. click on check out button to navigate to Payment details Page</div>
<div class="test-message">&emsp;Successfully navigated to 'Payment details' Page&emsp;<a href=".\ScreenShot\ICar_B2B_TC034_65059816770100.png" target="_blank" >[ScreenShot]</a></div>
<div class="test-event"> <font color="maroon"> <small> &emsp; &emsp;--- 16 Oct 16:51:49 957 - Catched spinner load exception due to Expected condition failed: waiting for ICar.support.WaitUtils$4@636673a3 (tried for 6 second(s) with 500 milliseconds interval)</small> </font> </div>
<div class="test-event"> <font color="maroon"> <small> &emsp; &emsp;--- 16 Oct 16:51:49 957 - <b>6</b> - Spinner Load Wait: (Sync) - ICar.support.WaitUtils.waitForSpinner(WaitUtils.java:225)</small> </font> </div>
<div class="test-event"> <font color="maroon"> <small> &emsp; &emsp;--- 16 Oct 16:51:50 031 - Page URL:: https://www.icarstage.com/checkout</small> </font> </div>
<div class="test-event"> <font color="maroon"> <small> &emsp; &emsp;--- 16 Oct 16:51:50 031 - <b>0</b> - Page Load Wait: (Sync) - ICar.support.Utils.waitForPageLoad(Utils.java:109)</small> </font> </div>
<div class="test-event"> <font color="maroon"> <small> &emsp; &emsp;--- 16 Oct 16:52:10 279 - Catched spinner load exception due to Expected condition failed: waiting for ICar.support.WaitUtils$4@636673a3 (tried for 20 second(s) with 500 milliseconds interval)</small> </font> </div>
<div class="test-event"> <font color="maroon"> <small> &emsp; &emsp;--- 16 Oct 16:52:10 279 - <b>20</b> - Spinner Load Wait: (Sync) - ICar.support.WaitUtils.waitForSpinner(WaitUtils.java:225)</small> </font> </div>
<div class="test-event"> <font color="maroon"> <small> &emsp; &emsp;--- 16 Oct 16:52:13 418 - Page URL:: https://www.icarstage.com/checkout</small> </font> </div>
<div class="test-event"> <font color="maroon"> <small> &emsp; &emsp;--- 16 Oct 16:52:13 418 - <b>0</b> - Page Load Wait: (Sync) - ICar.support.Utils.waitForPageLoad(Utils.java:109)</small> </font> </div>
<div class="test-event"> <font color="maroon"> <small> &emsp; &emsp;--- 16 Oct 16:52:19 787 - Catched spinner load exception due to Expected condition failed: waiting for ICar.support.WaitUtils$4@636673a3 (tried for 4 second(s) with 500 milliseconds interval)</small> </font> </div>
<div class="test-event"> <font color="maroon"> <small> &emsp; &emsp;--- 16 Oct 16:52:19 787 - <b>4</b> - Spinner Load Wait: (Sync) - ICar.support.WaitUtils.waitForSpinner(WaitUtils.java:225)</small> </font> </div>
<div class="test-event"> <font color="maroon"> <small> &emsp; &emsp;--- 16 Oct 16:52:19 884 - Page URL:: https://www.icarstage.com/checkout</small> </font> </div>
<div class="test-event"> <font color="maroon"> <small> &emsp; &emsp;--- 16 Oct 16:52:19 884 - <b>0</b> - Page Load Wait: (Sync) - ICar.support.Utils.waitForPageLoad(Utils.java:109)</small> </font> </div>
<div class="test-event"> <font color="maroon"> <small> &emsp; &emsp;--- 16 Oct 16:52:27 109 - Element is displayed:: [[ChromeDriver: chrome on WINDOWS (20650065b0193084a0cca7f00fc0410f)] -> xpath: //input[@name='cardnumber']]</small> </font> </div>
<div class="test-event"> <font color="maroon"> <small> &emsp; &emsp;--- 16 Oct 16:52:37 446 - Element is displayed:: [[ChromeDriver: chrome on WINDOWS (20650065b0193084a0cca7f00fc0410f)] -> xpath: //input[@name='exp-date']]</small> </font> </div>
<div class="test-event"> <font color="maroon"> <small> &emsp; &emsp;--- 16 Oct 16:52:37 678 - Element is displayed:: [[ChromeDriver: chrome on WINDOWS (20650065b0193084a0cca7f00fc0410f)] -> xpath: //input[@name='cvc']]</small> </font> </div>
<div class="test-event"> <font color="maroon"> <small> &emsp; &emsp;--- 16 Oct 16:52:42 916 - Element is displayed:: [[ChromeDriver: chrome on WINDOWS (20650065b0193084a0cca7f00fc0410f)] -> xpath: //input[@name='postal']]</small> </font> </div>
<div class="test-message">&emsp;9. Proceed button should be enabled</div>
<div class="test-event"> <font color="maroon"> <small> &emsp; &emsp;--- 16 Oct 16:52:43 134 - Element is displayed:: [[ChromeDriver: chrome on WINDOWS (20650065b0193084a0cca7f00fc0410f)] -> xpath: //button[text()='Complete Purchase']]</small> </font> </div>
<div class="test-event"> <font color="maroon"> <small> &emsp; &emsp;--- 16 Oct 16:52:43 191 - Element is displayed:: [[ChromeDriver: chrome on WINDOWS (20650065b0193084a0cca7f00fc0410f)] -> xpath: //button[text()='Complete Purchase']]</small> </font> </div>
<div class="test-event"> <font color="maroon"> <small> &emsp; &emsp;--- 16 Oct 16:52:44 131 - Element is displayed:: [[ChromeDriver: chrome on WINDOWS (20650065b0193084a0cca7f00fc0410f)] -> xpath: //button[text()='Yes']]</small> </font> </div>
<div class="test-event"> <font color="maroon"> <small> &emsp; &emsp;--- 16 Oct 16:52:44 189 - Element is displayed:: [[ChromeDriver: chrome on WINDOWS (20650065b0193084a0cca7f00fc0410f)] -> xpath: //button[text()='Yes']]</small> </font> </div>
<div class="test-event"> <font color="maroon"> <small> &emsp; &emsp;--- 16 Oct 16:52:44 305 - Page URL:: https://www.icarstage.com/checkout</small> </font> </div>
<div class="test-event"> <font color="maroon"> <small> &emsp; &emsp;--- 16 Oct 16:52:44 305 - <b>0</b> - Page Load Wait: (Sync) - ICar.support.Utils.waitForPageLoad(Utils.java:109)</small> </font> </div>
<div class="test-event"> <font color="maroon"> <small> &emsp; &emsp;--- 16 Oct 16:52:58 350 - Catched spinner load exception due to Expected condition failed: waiting for ICar.support.WaitUtils$4@636673a3 (tried for 14 second(s) with 500 milliseconds interval)</small> </font> </div>
<div class="test-event"> <font color="maroon"> <small> &emsp; &emsp;--- 16 Oct 16:52:58 350 - <b>14</b> - Spinner Load Wait: (Sync) - ICar.support.WaitUtils.waitForSpinner(WaitUtils.java:225)</small> </font> </div>
<div class="test-event"> <font color="maroon"> <small> &emsp; &emsp;--- 16 Oct 16:52:58 410 - Element is displayed:: [[ChromeDriver: chrome on WINDOWS (20650065b0193084a0cca7f00fc0410f)] -> xpath: //div[@class='summary-align']//div[text()='Order']//following::div[1]]</small> </font> </div>
<div class="test-event"> <font color="maroon"> <small> &emsp; &emsp;--- 16 Oct 16:53:01 492 - Element is displayed:: [[ChromeDriver: chrome on WINDOWS (20650065b0193084a0cca7f00fc0410f)] -> xpath: //div[@class='summary-align']//div[text()='Order']//following::div[1]]</small> </font> </div>
<div class="test-message">&emsp;Successfully Purchased the course with order no : 00884133&emsp;<a href=".\ScreenShot\ICar_B2B_TC034_65148904588400.png" target="_blank" >[ScreenShot]</a></div>
<div class="test-event"> <font color="maroon"> <small> &emsp; &emsp;--- 16 Oct 16:53:01 799 - Page URL:: https://www.icarstage.com/order?orderid=801vc000016e0fnyas</small> </font> </div>
<div class="test-event"> <font color="maroon"> <small> &emsp; &emsp;--- 16 Oct 16:53:01 799 - <b>0</b> - Page Load Wait: (Sync) - ICar.support.Utils.waitForPageLoad(Utils.java:109)</small> </font> </div>
<div class="test-event"> <font color="maroon"> <small> &emsp; &emsp;--- 16 Oct 16:53:01 855 - Element is displayed:: [[ChromeDriver: chrome on WINDOWS (20650065b0193084a0cca7f00fc0410f)] -> xpath: //p[text()='Launch My Learning']]</small> </font> </div>
<div class="test-event"> <font color="maroon"> <small> &emsp; &emsp;--- 16 Oct 16:53:01 896 - Element is displayed:: [[ChromeDriver: chrome on WINDOWS (20650065b0193084a0cca7f00fc0410f)] -> xpath: //lightning-layout[@class='left-margin slds-align_absolute-center slds-grid slds-grid_align-spread slds-wrap']//lightning-layout-item[2]//a]</small> </font> </div>
<div class="test-event"> <font color="maroon"> <small> &emsp; &emsp;--- 16 Oct 16:53:03 979 - Element is displayed:: [[ChromeDriver: chrome on WINDOWS (20650065b0193084a0cca7f00fc0410f)] -> xpath: //lightning-layout[@class='left-margin slds-align_absolute-center slds-grid slds-grid_align-spread slds-wrap']//lightning-layout-item[2]//a]</small> </font> </div>
<div class="test-event"> <font color="maroon"> <small> &emsp; &emsp;--- 16 Oct 16:53:04 066 - Element is displayed:: [[ChromeDriver: chrome on WINDOWS (20650065b0193084a0cca7f00fc0410f)] -> xpath: //ul[@aria-label='Show More']//li[2]/a]</small> </font> </div>
<div class="test-event"> <font color="maroon"> <small> &emsp; &emsp;--- 16 Oct 16:53:04 113 - Element is displayed:: [[ChromeDriver: chrome on WINDOWS (20650065b0193084a0cca7f00fc0410f)] -> xpath: //ul[@aria-label='Show More']//li[2]/a]</small> </font> </div>
<div class="test-event"> <font color="maroon"> <small> &emsp; &emsp;--- 16 Oct 16:53:20 090 - Catched spinner load exception due to Expected condition failed: waiting for ICar.support.WaitUtils$4@636673a3 (tried for 15 second(s) with 500 milliseconds interval)</small> </font> </div>
<div class="test-event"> <font color="maroon"> <small> &emsp; &emsp;--- 16 Oct 16:53:20 090 - <b>15</b> - Spinner Load Wait: (Sync) - ICar.support.WaitUtils.waitForSpinner(WaitUtils.java:225)</small> </font> </div>
<div class="test-event"> <font color="maroon"> <small> &emsp; &emsp;--- 16 Oct 16:53:20 186 - Page URL:: https://www.icarstage.com/my-payment-information</small> </font> </div>
<div class="test-event"> <font color="maroon"> <small> &emsp; &emsp;--- 16 Oct 16:53:20 186 - <b>0</b> - Page Load Wait: (Sync) - ICar.support.Utils.waitForPageLoad(Utils.java:109)</small> </font> </div>
<div class="test-event"> <font color="maroon"> <small> &emsp; &emsp;--- 16 Oct 16:53:20 244 - Element is displayed:: [[ChromeDriver: chrome on WINDOWS (20650065b0193084a0cca7f00fc0410f)] -> xpath: //a[contains(text(),'Credit Card')]]</small> </font> </div>
<div class="test-message">&emsp;10. Navigating to My Payment Information Page</div>
<div class="test-message">&emsp;Successfully navigated to 'My Payment Information' Page&emsp;<a href=".\ScreenShot\ICar_B2B_TC034_65167655977100.png" target="_blank" >[ScreenShot]</a></div>
<div class="test-event"> <font color="maroon"> <small> &emsp; &emsp;--- 16 Oct 16:53:20 476 - Element is displayed:: [[ChromeDriver: chrome on WINDOWS (20650065b0193084a0cca7f00fc0410f)] -> xpath: (//a[contains(@name,'delete|card_')])/lightning-icon]</small> </font> </div>
<div class="test-message">&emsp;Successfully verified card in 'My Payment Information' Page&emsp;<a href=".\ScreenShot\ICar_B2B_TC034_65167888546600.png" target="_blank" >[ScreenShot]</a></div>
<div class="test-event"> <font color="maroon"> <small> &emsp; &emsp;--- 16 Oct 16:53:29 168 - Element Proxy element for: AjaxElementLocator 'By.xpath: //slot[@name='message']', is not displayed in page </small> </font> </div>
<div class="test-event"> <font color="maroon"> <small> &emsp; &emsp;--- 16 Oct 16:53:29 203 - Element is displayed:: [[ChromeDriver: chrome on WINDOWS (20650065b0193084a0cca7f00fc0410f)] -> xpath: (//a[contains(@name,'delete|card_')])/lightning-icon]</small> </font> </div>
<div class="test-event"> <font color="maroon"> <small> &emsp; &emsp;--- 16 Oct 16:53:29 314 - Element is displayed:: [[ChromeDriver: chrome on WINDOWS (20650065b0193084a0cca7f00fc0410f)] -> xpath: //button[@title='Yes']]</small> </font> </div>
<div class="test-event"> <font color="maroon"> <small> &emsp; &emsp;--- 16 Oct 16:53:29 360 - Element is displayed:: [[ChromeDriver: chrome on WINDOWS (20650065b0193084a0cca7f00fc0410f)] -> xpath: //button[@title='Yes']]</small> </font> </div>
<div class="test-event"> <font color="maroon"> <small> &emsp; &emsp;--- 16 Oct 16:53:30 429 - Catched spinner load exception due to Expected condition failed: waiting for ICar.support.WaitUtils$4@636673a3 (tried for 1 second(s) with 500 milliseconds interval)</small> </font> </div>
<div class="test-event"> <font color="maroon"> <small> &emsp; &emsp;--- 16 Oct 16:53:30 429 - <b>1</b> - Spinner Load Wait: (Sync) - ICar.support.WaitUtils.waitForSpinner(WaitUtils.java:225)</small> </font> </div>
<div class="test-event"> <font color="maroon"> <small> &emsp; &emsp;--- 16 Oct 16:53:32 466 - Element [[ChromeDriver: chrome on WINDOWS (20650065b0193084a0cca7f00fc0410f)] -> xpath: //slot[@name='message']], is still visible in page</small> </font> </div>
<div class="test-event"> <font color="maroon"> <small> &emsp; &emsp;--- 16 Oct 16:53:32 997 - Element [[ChromeDriver: chrome on WINDOWS (20650065b0193084a0cca7f00fc0410f)] -> xpath: //slot[@name='message']], is still visible in page</small> </font> </div>
<div class="test-event"> <font color="maroon"> <small> &emsp; &emsp;--- 16 Oct 16:53:33 540 - Element [[ChromeDriver: chrome on WINDOWS (20650065b0193084a0cca7f00fc0410f)] -> xpath: //slot[@name='message']], is still visible in page</small> </font> </div>
<div class="test-event"> <font color="maroon"> <small> &emsp; &emsp;--- 16 Oct 16:53:34 076 - Element [[ChromeDriver: chrome on WINDOWS (20650065b0193084a0cca7f00fc0410f)] -> xpath: //slot[@name='message']], is still visible in page</small> </font> </div>
<div class="test-event"> <font color="maroon"> <small> &emsp; &emsp;--- 16 Oct 16:53:34 611 - Element [[ChromeDriver: chrome on WINDOWS (20650065b0193084a0cca7f00fc0410f)] -> xpath: //slot[@name='message']], is still visible in page</small> </font> </div>
<div class="test-event"> <font color="maroon"> <small> &emsp; &emsp;--- 16 Oct 16:53:35 147 - Element [[ChromeDriver: chrome on WINDOWS (20650065b0193084a0cca7f00fc0410f)] -> xpath: //slot[@name='message']], is still visible in page</small> </font> </div>
<div class="test-event"> <font color="maroon"> <small> &emsp; &emsp;--- 16 Oct 16:53:35 693 - Element [[ChromeDriver: chrome on WINDOWS (20650065b0193084a0cca7f00fc0410f)] -> xpath: //slot[@name='message']], is still visible in page</small> </font> </div>
<div class="test-event"> <font color="maroon"> <small> &emsp; &emsp;--- 16 Oct 16:53:42 684 - Element Proxy element for: AjaxElementLocator 'By.xpath: //slot[@name='message']', is not displayed in page </small> </font> </div>
<div class="test-result"><br><font color="green"><strong> Test Passed. </strong></font> </div>&emsp;
&emsp;<div class="test-title"> <strong><font size = "3" color = "#0000FF">---Test Execution Ends---</font> </strong> </div>&emsp;]]>
    </system-out>
  </testcase> <!-- ICar_B2B_TC034 -->
  <testcase classname="B2Btestscripts.B2B_Student" name="ICar_B2B_TC042" time="106.867">
    <error message="Index 0 out of bounds for length 0" type="java.lang.IndexOutOfBoundsException">
      <![CDATA[java.lang.IndexOutOfBoundsException: Index 0 out of bounds for length 0
at java.base/jdk.internal.util.Preconditions.outOfBounds(Preconditions.java:64)
at java.base/jdk.internal.util.Preconditions.outOfBoundsCheckIndex(Preconditions.java:70)
at java.base/jdk.internal.util.Preconditions.checkIndex(Preconditions.java:266)
at java.base/java.util.Objects.checkIndex(Objects.java:359)
at java.base/java.util.ArrayList.get(ArrayList.java:427)
at java.base/jdk.internal.reflect.GeneratedMethodAccessor8.invoke(Unknown Source)
at java.base/jdk.internal.reflect.DelegatingMethodAccessorImpl.invoke(DelegatingMethodAccessorImpl.java:43)
at java.base/java.lang.reflect.Method.invoke(Method.java:567)
at org.openqa.selenium.support.pagefactory.internal.LocatingElementListHandler.invoke(LocatingElementListHandler.java:39)
at jdk.proxy2/jdk.proxy2.$Proxy26.get(Unknown Source)
at ICar.Pages.UserHomePage.clickonCourses(UserHomePage.java:2808)
at B2Btestscripts.B2B_Student.ICar_B2B_TC042(B2B_Student.java:2406)
at java.base/jdk.internal.reflect.NativeMethodAccessorImpl.invoke0(Native Method)
at java.base/jdk.internal.reflect.NativeMethodAccessorImpl.invoke(NativeMethodAccessorImpl.java:78)
at java.base/jdk.internal.reflect.DelegatingMethodAccessorImpl.invoke(DelegatingMethodAccessorImpl.java:43)
at java.base/java.lang.reflect.Method.invoke(Method.java:567)
at org.testng.internal.invokers.MethodInvocationHelper.invokeMethod(MethodInvocationHelper.java:139)
at org.testng.internal.invokers.TestInvoker.invokeMethod(TestInvoker.java:664)
at org.testng.internal.invokers.TestInvoker.invokeTestMethod(TestInvoker.java:227)
at org.testng.internal.invokers.TestMethodWithDataProviderMethodWorker.call(TestMethodWithDataProviderMethodWorker.java:80)
at org.testng.internal.invokers.TestMethodWithDataProviderMethodWorker.call(TestMethodWithDataProviderMethodWorker.java:17)
at java.base/java.util.concurrent.FutureTask.run(FutureTask.java:264)
at java.base/java.util.concurrent.Executors$RunnableAdapter.call(Executors.java:515)
at java.base/java.util.concurrent.FutureTask.run(FutureTask.java:264)
at java.base/java.util.concurrent.ThreadPoolExecutor.runWorker(ThreadPoolExecutor.java:1130)
at java.base/java.util.concurrent.ThreadPoolExecutor$Worker.run(ThreadPoolExecutor.java:630)
at java.base/java.lang.Thread.run(Thread.java:831)
]]>
    </error>
    <system-out>
      <![CDATA[<div class="test-event"> <font color="maroon"> <small> &emsp; &emsp;--- 16 Oct 17:06:51 671 - TestCaseID:: ICar_B2B_TC042</small> </font> </div>
<div class="test-event"> <font color="maroon"> <small> &emsp; &emsp;--- 16 Oct 17:06:53 065 - <b>1</b> - Driver::initialize::Get - ICar.support.WebDriverFactory.getDriver(WebDriverFactory.java:640)</small> </font> </div>
&emsp;<div class="test-title"> <strong><font size = "3" color = "#000080">Verify the request tab in course for student</font> </strong> </div>&emsp;<div><strong>Steps:</strong></div><!-- Report -->&emsp;
<div class="test-event"> <font color="maroon"> <small> &emsp; &emsp;--- 16 Oct 17:06:58 421 - Element is displayed:: [[ChromeDriver: chrome on WINDOWS (67961ac9b75b97aee8aaa26819fbe5a0)] -> xpath: //a/img[@alt='Login Image']|//button[@id='btn-login']]</small> </font> </div>
<div class="test-event"> <font color="maroon"> <small> &emsp; &emsp;--- 16 Oct 17:06:58 470 - Element is displayed:: [[ChromeDriver: chrome on WINDOWS (67961ac9b75b97aee8aaa26819fbe5a0)] -> xpath: //a/img[@alt='Login Image']|//button[@id='btn-login']]</small> </font> </div>
<div class="test-message">&emsp;Successfully navigated to 'Home' Page&emsp;<a href=".\ScreenShot\ICar_B2B_TC042_65985882114299.png" target="_blank" >[ScreenShot]</a></div>
<div class="test-message">&emsp;1. Home page is launched.</div>
<div class="test-event"> <font color="maroon"> <small> &emsp; &emsp;--- 16 Oct 17:06:58 795 - Page URL:: https://www.icarstage.com/</small> </font> </div>
<div class="test-event"> <font color="maroon"> <small> &emsp; &emsp;--- 16 Oct 17:06:58 795 - <b>0</b> - Page Load Wait: (Sync) - ICar.support.Utils.waitForPageLoad(Utils.java:109)</small> </font> </div>
<div class="test-event"> <font color="maroon"> <small> &emsp; &emsp;--- 16 Oct 17:06:58 831 - Element is displayed:: [[ChromeDriver: chrome on WINDOWS (67961ac9b75b97aee8aaa26819fbe5a0)] -> xpath: //a/img[@alt='Login Image']|//button[@id='btn-login']]</small> </font> </div>
<div class="test-event"> <font color="maroon"> <small> &emsp; &emsp;--- 16 Oct 17:06:58 879 - Element is displayed:: [[ChromeDriver: chrome on WINDOWS (67961ac9b75b97aee8aaa26819fbe5a0)] -> xpath: //a/img[@alt='Login Image']|//button[@id='btn-login']]</small> </font> </div>
<div class="test-event"> <font color="maroon"> <small> &emsp; &emsp;--- 16 Oct 17:07:17 174 - Catched spinner load exception due to Expected condition failed: waiting for ICar.support.WaitUtils$4@636673a3 (tried for 15 second(s) with 500 milliseconds interval)</small> </font> </div>
<div class="test-event"> <font color="maroon"> <small> &emsp; &emsp;--- 16 Oct 17:07:17 174 - <b>15</b> - Spinner Load Wait: (Sync) - ICar.support.WaitUtils.waitForSpinner(WaitUtils.java:225)</small> </font> </div>
<div class="test-message">&emsp;2. Navigate to 'Login Page'</div>
<div class="test-message">&emsp;Successfully navigated to 'Login' Page&emsp;<a href=".\ScreenShot\ICar_B2B_TC042_66004590013500.png" target="_blank" >[ScreenShot]</a></div>
<div class="test-event"> <font color="maroon"> <small> &emsp; &emsp;--- 16 Oct 17:07:17 399 - Element is displayed:: [[ChromeDriver: chrome on WINDOWS (67961ac9b75b97aee8aaa26819fbe5a0)] -> id: username]</small> </font> </div>
<div class="test-event"> <font color="maroon"> <small> &emsp; &emsp;--- 16 Oct 17:07:17 456 - Element is displayed:: [[ChromeDriver: chrome on WINDOWS (67961ac9b75b97aee8aaa26819fbe5a0)] -> id: username]</small> </font> </div>
<div class="test-event"> <font color="maroon"> <small> &emsp; &emsp;--- 16 Oct 17:07:17 645 - Element is displayed:: [[ChromeDriver: chrome on WINDOWS (67961ac9b75b97aee8aaa26819fbe5a0)] -> id: password]</small> </font> </div>
<div class="test-event"> <font color="maroon"> <small> &emsp; &emsp;--- 16 Oct 17:07:17 804 - Element is displayed:: [[ChromeDriver: chrome on WINDOWS (67961ac9b75b97aee8aaa26819fbe5a0)] -> id: btn-login]</small> </font> </div>
<div class="test-event"> <font color="maroon"> <small> &emsp; &emsp;--- 16 Oct 17:07:22 897 - Catched spinner load exception due to Expected condition failed: waiting for ICar.support.WaitUtils$4@636673a3 (tried for 3 second(s) with 500 milliseconds interval)</small> </font> </div>
<div class="test-event"> <font color="maroon"> <small> &emsp; &emsp;--- 16 Oct 17:07:22 897 - <b>5</b> - Spinner Load Wait: (Sync) - ICar.support.WaitUtils.waitForSpinner(WaitUtils.java:225)</small> </font> </div>
<div class="test-event"> <font color="maroon"> <small> &emsp; &emsp;--- 16 Oct 17:07:45 088 - Catched spinner load exception due to Expected condition failed: waiting for ICar.support.WaitUtils$4@636673a3 (tried for 10 second(s) with 500 milliseconds interval)</small> </font> </div>
<div class="test-event"> <font color="maroon"> <small> &emsp; &emsp;--- 16 Oct 17:07:45 088 - <b>10</b> - Spinner Load Wait: (Sync) - ICar.support.WaitUtils.waitForSpinner(WaitUtils.java:225)</small> </font> </div>
<div class="test-event"> <font color="maroon"> <small> &emsp; &emsp;--- 16 Oct 17:07:45 162 - Element is displayed:: [[ChromeDriver: chrome on WINDOWS (67961ac9b75b97aee8aaa26819fbe5a0)] -> xpath: //button[@value='Launch My Learning']]</small> </font> </div>
<div class="test-message">&emsp;3. Enter the user credentials as : pkelly123</div>
<div class="test-message">&emsp;Successfully navigated to 'User Home' Page&emsp;<a href=".\ScreenShot\ICar_B2B_TC042_66032574163900.png" target="_blank" >[ScreenShot]</a></div>
<div class="test-message">&emsp;4. Click on link to navigate to 'Browser catalog' and add course to the cart</div>
<div class="test-event"> <font color="maroon"> <small> &emsp; &emsp;--- 16 Oct 17:07:45 550 - Page URL:: https://www.icarstage.com/</small> </font> </div>
<div class="test-event"> <font color="maroon"> <small> &emsp; &emsp;--- 16 Oct 17:07:45 550 - <b>0</b> - Page Load Wait: (Sync) - ICar.support.Utils.waitForPageLoad(Utils.java:109)</small> </font> </div>
<div class="test-event"> <font color="maroon"> <small> &emsp; &emsp;--- 16 Oct 17:07:45 604 - Element is displayed:: [[ChromeDriver: chrome on WINDOWS (67961ac9b75b97aee8aaa26819fbe5a0)] -> xpath: //p[text()='Launch My Learning']]</small> </font> </div>
<div class="test-event"> <font color="maroon"> <small> &emsp; &emsp;--- 16 Oct 17:07:45 763 - Page URL:: https://www.icarstage.com/</small> </font> </div>
<div class="test-event"> <font color="maroon"> <small> &emsp; &emsp;--- 16 Oct 17:07:45 763 - <b>0</b> - Page Load Wait: (Sync) - ICar.support.Utils.waitForPageLoad(Utils.java:109)</small> </font> </div>
<div class="test-event"> <font color="maroon"> <small> &emsp; &emsp;--- 16 Oct 17:07:59 806 - Catched spinner load exception due to Expected condition failed: waiting for ICar.support.WaitUtils$4@636673a3 (tried for 14 second(s) with 500 milliseconds interval)</small> </font> </div>
<div class="test-event"> <font color="maroon"> <small> &emsp; &emsp;--- 16 Oct 17:07:59 806 - <b>14</b> - Spinner Load Wait: (Sync) - ICar.support.WaitUtils.waitForSpinner(WaitUtils.java:225)</small> </font> </div>
<div class="test-event"> <font color="maroon"> <small> &emsp; &emsp;--- 16 Oct 17:07:59 855 - Element is displayed:: [[ChromeDriver: chrome on WINDOWS (67961ac9b75b97aee8aaa26819fbe5a0)] -> xpath: //a[text()='Browse Catalog']]</small> </font> </div>
<div class="test-event"> <font color="maroon"> <small> &emsp; &emsp;--- 16 Oct 17:07:59 913 - Element is displayed:: [[ChromeDriver: chrome on WINDOWS (67961ac9b75b97aee8aaa26819fbe5a0)] -> xpath: //a[text()='Browse Catalog']]</small> </font> </div>
<div class="test-event"> <font color="maroon"> <small> &emsp; &emsp;--- 16 Oct 17:08:04 641 - Page URL:: https://www.icarstage.com/browse</small> </font> </div>
<div class="test-event"> <font color="maroon"> <small> &emsp; &emsp;--- 16 Oct 17:08:04 641 - <b>0</b> - Page Load Wait: (Sync) - ICar.support.Utils.waitForPageLoad(Utils.java:109)</small> </font> </div>
<div class="test-event"> <font color="maroon"> <small> &emsp; &emsp;--- 16 Oct 17:08:19 727 - Catched spinner load exception due to Expected condition failed: waiting for ICar.support.WaitUtils$4@636673a3 (tried for 15 second(s) with 500 milliseconds interval)</small> </font> </div>
<div class="test-event"> <font color="maroon"> <small> &emsp; &emsp;--- 16 Oct 17:08:19 727 - Spinner Load Wait</small> </font> </div>
<div class="test-event"> <font color="maroon"> <small> &emsp; &emsp;--- 16 Oct 17:08:19 757 - Element is displayed:: [[ChromeDriver: chrome on WINDOWS (67961ac9b75b97aee8aaa26819fbe5a0)] -> xpath: //article[contains(@class,'slds-box card-layout-grid mobile-margin padding-bottom')]]</small> </font> </div>
<div class="test-event"> <font color="maroon"> <small> &emsp; &emsp;--- 16 Oct 17:08:27 032 - Catched spinner load exception due to Expected condition failed: waiting for ICar.support.WaitUtils$4@636673a3 (tried for 7 second(s) with 500 milliseconds interval)</small> </font> </div>
<div class="test-event"> <font color="maroon"> <small> &emsp; &emsp;--- 16 Oct 17:08:27 032 - <b>7</b> - Spinner Load Wait: (Sync) - ICar.support.WaitUtils.waitForSpinner(WaitUtils.java:225)</small> </font> </div>
<div class="test-event"> <font color="maroon"> <small> &emsp; &emsp;--- 16 Oct 17:08:27 070 - Element is displayed:: [[ChromeDriver: chrome on WINDOWS (67961ac9b75b97aee8aaa26819fbe5a0)] -> xpath: //section[@class='main-section']//following::li//section[@class='fields-area']//a]</small> </font> </div>
<div class="test-event"> <font color="maroon"> <small> &emsp; &emsp;--- 16 Oct 17:08:27 114 - Element is displayed:: [[ChromeDriver: chrome on WINDOWS (67961ac9b75b97aee8aaa26819fbe5a0)] -> xpath: //section[@class='main-section']//following::li//section[@class='fields-area']//a]</small> </font> </div>
<div class="test-event"> <font color="maroon"> <small> &emsp; &emsp;--- 16 Oct 17:08:36 112 - Catched spinner load exception due to Expected condition failed: waiting for ICar.support.WaitUtils$4@636673a3 (tried for 7 second(s) with 500 milliseconds interval)</small> </font> </div>
<div class="test-event"> <font color="maroon"> <small> &emsp; &emsp;--- 16 Oct 17:08:36 112 - <b>7</b> - Spinner Load Wait: (Sync) - ICar.support.WaitUtils.waitForSpinner(WaitUtils.java:225)</small> </font> </div>
<!--FAIL-->
<div class="test-result"><br><font color="red"><strong> Index 0 out of bounds for length 0 </strong></font> <a href=".\ScreenShot\ICar_B2B_TC042_66086760092300.png" target="_blank" >[ScreenShot]</a></div>&emsp;
&emsp;<div class="test-title"> <strong><font size = "3" color = "#0000FF">---Test Execution Ends---</font> </strong> </div>&emsp;]]>
    </system-out>
  </testcase> <!-- ICar_B2B_TC042 -->
  <testcase classname="B2Btestscripts.B2B_Student" name="ICar_B2B_TC036" time="109.068">
    <system-out>
      <![CDATA[<div class="test-event"> <font color="maroon"> <small> &emsp; &emsp;--- 16 Oct 16:53:46 535 - TestCaseID:: ICar_B2B_TC036</small> </font> </div>
<div class="test-event"> <font color="maroon"> <small> &emsp; &emsp;--- 16 Oct 16:53:47 765 - <b>1</b> - Driver::initialize::Get - ICar.support.WebDriverFactory.getDriver(WebDriverFactory.java:640)</small> </font> </div>
&emsp;<div class="test-title"> <strong><font size = "3" color = "#000080">Verify the Platinum Training Progress details under My Training Progress</font> </strong> </div>&emsp;<div><strong>Steps:</strong></div><!-- Report -->&emsp;
<div class="test-event"> <font color="maroon"> <small> &emsp; &emsp;--- 16 Oct 16:53:53 901 - Element is displayed:: [[ChromeDriver: chrome on WINDOWS (795b6dbe5cf5bac284423317f9d251a4)] -> xpath: //a/img[@alt='Login Image']|//button[@id='btn-login']]</small> </font> </div>
<div class="test-event"> <font color="maroon"> <small> &emsp; &emsp;--- 16 Oct 16:53:53 958 - Element is displayed:: [[ChromeDriver: chrome on WINDOWS (795b6dbe5cf5bac284423317f9d251a4)] -> xpath: //a/img[@alt='Login Image']|//button[@id='btn-login']]</small> </font> </div>
<div class="test-message">&emsp;Successfully navigated to 'Home' Page&emsp;<a href=".\ScreenShot\ICar_B2B_TC036_65201369539200.png" target="_blank" >[ScreenShot]</a></div>
<div class="test-message">&emsp;1. Home page is launched.</div>
<div class="test-event"> <font color="maroon"> <small> &emsp; &emsp;--- 16 Oct 16:53:54 742 - Page URL:: https://www.icarstage.com/</small> </font> </div>
<div class="test-event"> <font color="maroon"> <small> &emsp; &emsp;--- 16 Oct 16:53:54 742 - <b>0</b> - Page Load Wait: (Sync) - ICar.support.Utils.waitForPageLoad(Utils.java:109)</small> </font> </div>
<div class="test-event"> <font color="maroon"> <small> &emsp; &emsp;--- 16 Oct 16:53:54 779 - Element is displayed:: [[ChromeDriver: chrome on WINDOWS (795b6dbe5cf5bac284423317f9d251a4)] -> xpath: //a/img[@alt='Login Image']|//button[@id='btn-login']]</small> </font> </div>
<div class="test-event"> <font color="maroon"> <small> &emsp; &emsp;--- 16 Oct 16:53:54 831 - Element is displayed:: [[ChromeDriver: chrome on WINDOWS (795b6dbe5cf5bac284423317f9d251a4)] -> xpath: //a/img[@alt='Login Image']|//button[@id='btn-login']]</small> </font> </div>
<div class="test-event"> <font color="maroon"> <small> &emsp; &emsp;--- 16 Oct 16:54:13 783 - Catched spinner load exception due to Expected condition failed: waiting for ICar.support.WaitUtils$4@636673a3 (tried for 15 second(s) with 500 milliseconds interval)</small> </font> </div>
<div class="test-event"> <font color="maroon"> <small> &emsp; &emsp;--- 16 Oct 16:54:13 783 - <b>15</b> - Spinner Load Wait: (Sync) - ICar.support.WaitUtils.waitForSpinner(WaitUtils.java:225)</small> </font> </div>
<div class="test-message">&emsp;2. Navigate to 'Login Page'</div>
<div class="test-message">&emsp;Successfully navigated to 'Login' Page&emsp;<a href=".\ScreenShot\ICar_B2B_TC036_65221198267000.png" target="_blank" >[ScreenShot]</a></div>
<div class="test-event"> <font color="maroon"> <small> &emsp; &emsp;--- 16 Oct 16:54:14 003 - Element is displayed:: [[ChromeDriver: chrome on WINDOWS (795b6dbe5cf5bac284423317f9d251a4)] -> id: username]</small> </font> </div>
<div class="test-event"> <font color="maroon"> <small> &emsp; &emsp;--- 16 Oct 16:54:14 056 - Element is displayed:: [[ChromeDriver: chrome on WINDOWS (795b6dbe5cf5bac284423317f9d251a4)] -> id: username]</small> </font> </div>
<div class="test-event"> <font color="maroon"> <small> &emsp; &emsp;--- 16 Oct 16:54:14 258 - Element is displayed:: [[ChromeDriver: chrome on WINDOWS (795b6dbe5cf5bac284423317f9d251a4)] -> id: password]</small> </font> </div>
<div class="test-event"> <font color="maroon"> <small> &emsp; &emsp;--- 16 Oct 16:54:14 418 - Element is displayed:: [[ChromeDriver: chrome on WINDOWS (795b6dbe5cf5bac284423317f9d251a4)] -> id: btn-login]</small> </font> </div>
<div class="test-event"> <font color="maroon"> <small> &emsp; &emsp;--- 16 Oct 16:54:20 672 - Catched spinner load exception due to Expected condition failed: waiting for ICar.support.WaitUtils$4@636673a3 (tried for 3 second(s) with 500 milliseconds interval)</small> </font> </div>
<div class="test-event"> <font color="maroon"> <small> &emsp; &emsp;--- 16 Oct 16:54:20 672 - <b>6</b> - Spinner Load Wait: (Sync) - ICar.support.WaitUtils.waitForSpinner(WaitUtils.java:225)</small> </font> </div>
<div class="test-event"> <font color="maroon"> <small> &emsp; &emsp;--- 16 Oct 16:54:42 533 - Catched spinner load exception due to Expected condition failed: waiting for ICar.support.WaitUtils$4@636673a3 (tried for 10 second(s) with 500 milliseconds interval)</small> </font> </div>
<div class="test-event"> <font color="maroon"> <small> &emsp; &emsp;--- 16 Oct 16:54:42 533 - <b>10</b> - Spinner Load Wait: (Sync) - ICar.support.WaitUtils.waitForSpinner(WaitUtils.java:225)</small> </font> </div>
<div class="test-event"> <font color="maroon"> <small> &emsp; &emsp;--- 16 Oct 16:54:42 603 - Element is displayed:: [[ChromeDriver: chrome on WINDOWS (795b6dbe5cf5bac284423317f9d251a4)] -> xpath: //button[@value='Launch My Learning']]</small> </font> </div>
<div class="test-message">&emsp;3. Enter the user credentials as : pkelly123</div>
<div class="test-message">&emsp;Successfully navigated to 'User Home' Page&emsp;<a href=".\ScreenShot\ICar_B2B_TC036_65250015338000.png" target="_blank" >[ScreenShot]</a></div>
<div class="test-event"> <font color="maroon"> <small> &emsp; &emsp;--- 16 Oct 16:54:42 981 - Page URL:: https://www.icarstage.com/</small> </font> </div>
<div class="test-event"> <font color="maroon"> <small> &emsp; &emsp;--- 16 Oct 16:54:42 981 - <b>0</b> - Page Load Wait: (Sync) - ICar.support.Utils.waitForPageLoad(Utils.java:109)</small> </font> </div>
<div class="test-event"> <font color="maroon"> <small> &emsp; &emsp;--- 16 Oct 16:54:43 040 - Element is displayed:: [[ChromeDriver: chrome on WINDOWS (795b6dbe5cf5bac284423317f9d251a4)] -> xpath: //p[text()='Launch My Learning']]</small> </font> </div>
<div class="test-event"> <font color="maroon"> <small> &emsp; &emsp;--- 16 Oct 16:54:43 077 - Element is displayed:: [[ChromeDriver: chrome on WINDOWS (795b6dbe5cf5bac284423317f9d251a4)] -> xpath: //a[text()='My Training']]</small> </font> </div>
<div class="test-event"> <font color="maroon"> <small> &emsp; &emsp;--- 16 Oct 16:54:43 233 - Page URL:: https://www.icarstage.com/</small> </font> </div>
<div class="test-event"> <font color="maroon"> <small> &emsp; &emsp;--- 16 Oct 16:54:43 233 - <b>0</b> - Page Load Wait: (Sync) - ICar.support.Utils.waitForPageLoad(Utils.java:109)</small> </font> </div>
<div class="test-event"> <font color="maroon"> <small> &emsp; &emsp;--- 16 Oct 16:54:45 315 - Element is displayed:: [[ChromeDriver: chrome on WINDOWS (795b6dbe5cf5bac284423317f9d251a4)] -> xpath: //a[text()='My Training']]</small> </font> </div>
<div class="test-event"> <font color="maroon"> <small> &emsp; &emsp;--- 16 Oct 16:55:03 541 - Catched spinner load exception due to Expected condition failed: waiting for ICar.support.WaitUtils$4@636673a3 (tried for 15 second(s) with 500 milliseconds interval)</small> </font> </div>
<div class="test-event"> <font color="maroon"> <small> &emsp; &emsp;--- 16 Oct 16:55:03 541 - <b>15</b> - Spinner Load Wait: (Sync) - ICar.support.WaitUtils.waitForSpinner(WaitUtils.java:225)</small> </font> </div>
<div class="test-event"> <font color="maroon"> <small> &emsp; &emsp;--- 16 Oct 16:55:03 769 - Page URL:: https://www.icarstage.com/my-training</small> </font> </div>
<div class="test-event"> <font color="maroon"> <small> &emsp; &emsp;--- 16 Oct 16:55:03 769 - <b>0</b> - Page Load Wait: (Sync) - ICar.support.Utils.waitForPageLoad(Utils.java:109)</small> </font> </div>
<div class="test-event"> <font color="maroon"> <small> &emsp; &emsp;--- 16 Oct 16:55:03 826 - Element is displayed:: [[ChromeDriver: chrome on WINDOWS (795b6dbe5cf5bac284423317f9d251a4)] -> xpath: //span[@title='My Professional Development']]</small> </font> </div>
<div class="test-message">&emsp;4. Navigating to My Training Page</div>
<div class="test-message">&emsp;Successfully navigated to 'My Training' Page&emsp;<a href=".\ScreenShot\ICar_B2B_TC036_65271237909400.png" target="_blank" >[ScreenShot]</a></div>
<div class="test-message">&emsp;5. click on My Professional Development link</div>
<div class="test-event"> <font color="maroon"> <small> &emsp; &emsp;--- 16 Oct 16:55:04 049 - Element is displayed:: [[ChromeDriver: chrome on WINDOWS (795b6dbe5cf5bac284423317f9d251a4)] -> xpath: //span[@title='My Professional Development']]</small> </font> </div>
<div class="test-event"> <font color="maroon"> <small> &emsp; &emsp;--- 16 Oct 16:55:04 098 - Element is displayed:: [[ChromeDriver: chrome on WINDOWS (795b6dbe5cf5bac284423317f9d251a4)] -> xpath: //span[@title='My Professional Development']]</small> </font> </div>
<div class="test-message">&emsp;6. Updating the Learning Path with :Estimator;Non-Structural Technician</div>
<div class="test-event"> <font color="maroon"> <small> &emsp; &emsp;--- 16 Oct 16:55:04 227 - Element is displayed:: [[ChromeDriver: chrome on WINDOWS (795b6dbe5cf5bac284423317f9d251a4)] -> xpath: //span[text()='Non-Structural Technician']/preceding-sibling::span]</small> </font> </div>
<div class="test-event"> <font color="maroon"> <small> &emsp; &emsp;--- 16 Oct 16:55:04 280 - Element is displayed:: [[ChromeDriver: chrome on WINDOWS (795b6dbe5cf5bac284423317f9d251a4)] -> xpath: //span[text()='Estimator']/preceding-sibling::span]</small> </font> </div>
<div class="test-event"> <font color="maroon"> <small> &emsp; &emsp;--- 16 Oct 16:55:07 377 - Element is displayed:: [[ChromeDriver: chrome on WINDOWS (795b6dbe5cf5bac284423317f9d251a4)] -> xpath: //span[text()='Non-Structural Technician']/preceding-sibling::span]</small> </font> </div>
<div class="test-event"> <font color="maroon"> <small> &emsp; &emsp;--- 16 Oct 16:55:07 434 - Element is displayed:: [[ChromeDriver: chrome on WINDOWS (795b6dbe5cf5bac284423317f9d251a4)] -> xpath: //span[text()='Non-Structural Technician']/preceding-sibling::span]</small> </font> </div>
<div class="test-event"> <font color="maroon"> <small> &emsp; &emsp;--- 16 Oct 16:55:10 547 - Element is displayed:: [[ChromeDriver: chrome on WINDOWS (795b6dbe5cf5bac284423317f9d251a4)] -> xpath: //button[@title='Update Preference']]</small> </font> </div>
<div class="test-event"> <font color="maroon"> <small> &emsp; &emsp;--- 16 Oct 16:55:25 712 - Catched spinner load exception due to Expected condition failed: waiting for ICar.support.WaitUtils$4@636673a3 (tried for 15 second(s) with 500 milliseconds interval)</small> </font> </div>
<div class="test-event"> <font color="maroon"> <small> &emsp; &emsp;--- 16 Oct 16:55:25 712 - <b>15</b> - Spinner Load Wait: (Sync) - ICar.support.WaitUtils.waitForSpinner(WaitUtils.java:225)</small> </font> </div>
<div class="test-message">&emsp;7. Get the Platinum Training Progress details if available</div>
<div class="test-event"> <font color="maroon"> <small> &emsp; &emsp;--- 16 Oct 16:55:25 726 - Page URL:: https://www.icarstage.com/my-training</small> </font> </div>
<div class="test-event"> <font color="maroon"> <small> &emsp; &emsp;--- 16 Oct 16:55:25 727 - Page Load Wait </small> </font> </div>
<div class="test-event"> <font color="maroon"> <small> &emsp; &emsp;--- 16 Oct 16:55:34 032 - Catched spinner load exception due to Expected condition failed: waiting for ICar.support.WaitUtils$4@636673a3 (tried for 8 second(s) with 500 milliseconds interval)</small> </font> </div>
<div class="test-event"> <font color="maroon"> <small> &emsp; &emsp;--- 16 Oct 16:55:34 032 - <b>8</b> - Spinner Load Wait: (Sync) - ICar.support.WaitUtils.waitForSpinner(WaitUtils.java:225)</small> </font> </div>
<div class="test-event"> <font color="maroon"> <small> &emsp; &emsp;--- 16 Oct 16:55:34 078 - Element is displayed:: [[ChromeDriver: chrome on WINDOWS (795b6dbe5cf5bac284423317f9d251a4)] -> xpath: //span[@title='My Training Status']]</small> </font> </div>
<div class="test-event"> <font color="maroon"> <small> &emsp; &emsp;--- 16 Oct 16:55:34 140 - Element is displayed:: [[ChromeDriver: chrome on WINDOWS (795b6dbe5cf5bac284423317f9d251a4)] -> xpath: //span[@title='My Training Status']]</small> </font> </div>
<div class="test-message">&emsp;Successfully verified the role status under My Training Progress.&emsp;<a href=".\ScreenShot\ICar_B2B_TC036_65303712422200.png" target="_blank" >[ScreenShot]</a></div>
<div class="test-result"><br><font color="green"><strong> Test Passed. </strong></font> </div>&emsp;
&emsp;<div class="test-title"> <strong><font size = "3" color = "#0000FF">---Test Execution Ends---</font> </strong> </div>&emsp;]]>
    </system-out>
  </testcase> <!-- ICar_B2B_TC036 -->
  <testcase classname="B2Btestscripts.B2B_Student" name="ICar_B2B_TC025" time="144.280">
    <error message="[[ChromeDriver: chrome on WINDOWS (9104cc4c98cffb53ea8bc881447748b4)] -&gt; xpath: //span[text()=&#039;Non-Structural Technician&#039;]/preceding-sibling::span] field not found in page!!" type="java.lang.Exception">
      <![CDATA[java.lang.Exception: [[ChromeDriver: chrome on WINDOWS (9104cc4c98cffb53ea8bc881447748b4)] -> xpath: //span[text()='Non-Structural Technician']/preceding-sibling::span] field not found in page!!
at ICar.Pages.MyTrainingPage.clickTheCheckBox(MyTrainingPage.java:444)
at ICar.Pages.MyTrainingPage.switchLearnPath(MyTrainingPage.java:409)
at ICar.Pages.MyTrainingPage.selectLearningPath(MyTrainingPage.java:372)
at B2Btestscripts.B2B_Student.ICar_B2B_TC025(B2B_Student.java:3056)
at java.base/jdk.internal.reflect.NativeMethodAccessorImpl.invoke0(Native Method)
at java.base/jdk.internal.reflect.NativeMethodAccessorImpl.invoke(NativeMethodAccessorImpl.java:78)
at java.base/jdk.internal.reflect.DelegatingMethodAccessorImpl.invoke(DelegatingMethodAccessorImpl.java:43)
at java.base/java.lang.reflect.Method.invoke(Method.java:567)
at org.testng.internal.invokers.MethodInvocationHelper.invokeMethod(MethodInvocationHelper.java:139)
at org.testng.internal.invokers.TestInvoker.invokeMethod(TestInvoker.java:664)
at org.testng.internal.invokers.TestInvoker.invokeTestMethod(TestInvoker.java:227)
at org.testng.internal.invokers.TestMethodWithDataProviderMethodWorker.call(TestMethodWithDataProviderMethodWorker.java:80)
at org.testng.internal.invokers.TestMethodWithDataProviderMethodWorker.call(TestMethodWithDataProviderMethodWorker.java:17)
at java.base/java.util.concurrent.FutureTask.run(FutureTask.java:264)
at java.base/java.util.concurrent.Executors$RunnableAdapter.call(Executors.java:515)
at java.base/java.util.concurrent.FutureTask.run(FutureTask.java:264)
at java.base/java.util.concurrent.ThreadPoolExecutor.runWorker(ThreadPoolExecutor.java:1130)
at java.base/java.util.concurrent.ThreadPoolExecutor$Worker.run(ThreadPoolExecutor.java:630)
at java.base/java.lang.Thread.run(Thread.java:831)
]]>
    </error>
    <system-out>
      <![CDATA[<div class="test-event"> <font color="maroon"> <small> &emsp; &emsp;--- 16 Oct 16:19:31 139 - TestCaseID:: ICar_B2B_TC025</small> </font> </div>
<div class="test-event"> <font color="maroon"> <small> &emsp; &emsp;--- 16 Oct 16:19:33 011 - <b>1</b> - Driver::initialize::Get - ICar.support.WebDriverFactory.getDriver(WebDriverFactory.java:640)</small> </font> </div>
&emsp;<div class="test-title"> <strong><font size = "3" color = "#000080">Verify the  My Knowledge and Skills Area after updating the preferred Learning Path</font> </strong> </div>&emsp;<div><strong>Steps:</strong></div><!-- Report -->&emsp;
<div class="test-event"> <font color="maroon"> <small> &emsp; &emsp;--- 16 Oct 16:19:38 725 - Element is displayed:: [[ChromeDriver: chrome on WINDOWS (9104cc4c98cffb53ea8bc881447748b4)] -> xpath: //a/img[@alt='Login Image']|//button[@id='btn-login']]</small> </font> </div>
<div class="test-event"> <font color="maroon"> <small> &emsp; &emsp;--- 16 Oct 16:19:38 781 - Element is displayed:: [[ChromeDriver: chrome on WINDOWS (9104cc4c98cffb53ea8bc881447748b4)] -> xpath: //a/img[@alt='Login Image']|//button[@id='btn-login']]</small> </font> </div>
<div class="test-message">&emsp;Successfully navigated to 'Home' Page&emsp;<a href=".\ScreenShot\ICar_B2B_TC025_63146193219700.png" target="_blank" >[ScreenShot]</a></div>
<div class="test-message">&emsp;1. Home page is launched.</div>
<div class="test-event"> <font color="maroon"> <small> &emsp; &emsp;--- 16 Oct 16:19:39 172 - Page URL:: https://www.icarstage.com/</small> </font> </div>
<div class="test-event"> <font color="maroon"> <small> &emsp; &emsp;--- 16 Oct 16:19:39 172 - <b>0</b> - Page Load Wait: (Sync) - ICar.support.Utils.waitForPageLoad(Utils.java:109)</small> </font> </div>
<div class="test-event"> <font color="maroon"> <small> &emsp; &emsp;--- 16 Oct 16:19:39 225 - Element is displayed:: [[ChromeDriver: chrome on WINDOWS (9104cc4c98cffb53ea8bc881447748b4)] -> xpath: //a/img[@alt='Login Image']|//button[@id='btn-login']]</small> </font> </div>
<div class="test-event"> <font color="maroon"> <small> &emsp; &emsp;--- 16 Oct 16:19:39 284 - Element is displayed:: [[ChromeDriver: chrome on WINDOWS (9104cc4c98cffb53ea8bc881447748b4)] -> xpath: //a/img[@alt='Login Image']|//button[@id='btn-login']]</small> </font> </div>
<div class="test-event"> <font color="maroon"> <small> &emsp; &emsp;--- 16 Oct 16:19:57 289 - Catched spinner load exception due to Expected condition failed: waiting for ICar.support.WaitUtils$4@636673a3 (tried for 15 second(s) with 500 milliseconds interval)</small> </font> </div>
<div class="test-event"> <font color="maroon"> <small> &emsp; &emsp;--- 16 Oct 16:19:57 289 - <b>15</b> - Spinner Load Wait: (Sync) - ICar.support.WaitUtils.waitForSpinner(WaitUtils.java:225)</small> </font> </div>
<div class="test-message">&emsp;2. Navigate to 'Login Page'</div>
<div class="test-message">&emsp;Successfully navigated to 'Login' Page&emsp;<a href=".\ScreenShot\ICar_B2B_TC025_63164705345200.png" target="_blank" >[ScreenShot]</a></div>
<div class="test-event"> <font color="maroon"> <small> &emsp; &emsp;--- 16 Oct 16:19:57 494 - Element is displayed:: [[ChromeDriver: chrome on WINDOWS (9104cc4c98cffb53ea8bc881447748b4)] -> id: username]</small> </font> </div>
<div class="test-event"> <font color="maroon"> <small> &emsp; &emsp;--- 16 Oct 16:19:57 556 - Element is displayed:: [[ChromeDriver: chrome on WINDOWS (9104cc4c98cffb53ea8bc881447748b4)] -> id: username]</small> </font> </div>
<div class="test-event"> <font color="maroon"> <small> &emsp; &emsp;--- 16 Oct 16:19:57 743 - Element is displayed:: [[ChromeDriver: chrome on WINDOWS (9104cc4c98cffb53ea8bc881447748b4)] -> id: password]</small> </font> </div>
<div class="test-event"> <font color="maroon"> <small> &emsp; &emsp;--- 16 Oct 16:19:57 912 - Element is displayed:: [[ChromeDriver: chrome on WINDOWS (9104cc4c98cffb53ea8bc881447748b4)] -> id: btn-login]</small> </font> </div>
<div class="test-event"> <font color="maroon"> <small> &emsp; &emsp;--- 16 Oct 16:20:04 930 - Catched spinner load exception due to Expected condition failed: waiting for ICar.support.WaitUtils$4@636673a3 (tried for 3 second(s) with 500 milliseconds interval)</small> </font> </div>
<div class="test-event"> <font color="maroon"> <small> &emsp; &emsp;--- 16 Oct 16:20:04 930 - <b>6</b> - Spinner Load Wait: (Sync) - ICar.support.WaitUtils.waitForSpinner(WaitUtils.java:225)</small> </font> </div>
<div class="test-event"> <font color="maroon"> <small> &emsp; &emsp;--- 16 Oct 16:20:27 491 - Catched spinner load exception due to Expected condition failed: waiting for ICar.support.WaitUtils$4@636673a3 (tried for 10 second(s) with 500 milliseconds interval)</small> </font> </div>
<div class="test-event"> <font color="maroon"> <small> &emsp; &emsp;--- 16 Oct 16:20:27 491 - <b>10</b> - Spinner Load Wait: (Sync) - ICar.support.WaitUtils.waitForSpinner(WaitUtils.java:225)</small> </font> </div>
<div class="test-event"> <font color="maroon"> <small> &emsp; &emsp;--- 16 Oct 16:20:27 559 - Element is displayed:: [[ChromeDriver: chrome on WINDOWS (9104cc4c98cffb53ea8bc881447748b4)] -> xpath: //button[@value='Launch My Learning']]</small> </font> </div>
<div class="test-message">&emsp;3. Enter the user credentials</div>
<div class="test-message">&emsp;Successfully navigated to 'User Home' Page&emsp;<a href=".\ScreenShot\ICar_B2B_TC025_63194971746100.png" target="_blank" >[ScreenShot]</a></div>
<div class="test-event"> <font color="maroon"> <small> &emsp; &emsp;--- 16 Oct 16:20:27 932 - Page URL:: https://www.icarstage.com/</small> </font> </div>
<div class="test-event"> <font color="maroon"> <small> &emsp; &emsp;--- 16 Oct 16:20:27 932 - <b>0</b> - Page Load Wait: (Sync) - ICar.support.Utils.waitForPageLoad(Utils.java:109)</small> </font> </div>
<div class="test-event"> <font color="maroon"> <small> &emsp; &emsp;--- 16 Oct 16:20:27 987 - Element is displayed:: [[ChromeDriver: chrome on WINDOWS (9104cc4c98cffb53ea8bc881447748b4)] -> xpath: //p[text()='Launch My Learning']]</small> </font> </div>
<div class="test-event"> <font color="maroon"> <small> &emsp; &emsp;--- 16 Oct 16:20:28 025 - Element is displayed:: [[ChromeDriver: chrome on WINDOWS (9104cc4c98cffb53ea8bc881447748b4)] -> xpath: //a[text()='My Training']]</small> </font> </div>
<div class="test-event"> <font color="maroon"> <small> &emsp; &emsp;--- 16 Oct 16:20:28 196 - Page URL:: https://www.icarstage.com/</small> </font> </div>
<div class="test-event"> <font color="maroon"> <small> &emsp; &emsp;--- 16 Oct 16:20:28 196 - <b>0</b> - Page Load Wait: (Sync) - ICar.support.Utils.waitForPageLoad(Utils.java:109)</small> </font> </div>
<div class="test-event"> <font color="maroon"> <small> &emsp; &emsp;--- 16 Oct 16:20:30 280 - Element is displayed:: [[ChromeDriver: chrome on WINDOWS (9104cc4c98cffb53ea8bc881447748b4)] -> xpath: //a[text()='My Training']]</small> </font> </div>
<div class="test-event"> <font color="maroon"> <small> &emsp; &emsp;--- 16 Oct 16:20:48 399 - Catched spinner load exception due to Expected condition failed: waiting for ICar.support.WaitUtils$4@636673a3 (tried for 15 second(s) with 500 milliseconds interval)</small> </font> </div>
<div class="test-event"> <font color="maroon"> <small> &emsp; &emsp;--- 16 Oct 16:20:48 399 - <b>15</b> - Spinner Load Wait: (Sync) - ICar.support.WaitUtils.waitForSpinner(WaitUtils.java:225)</small> </font> </div>
<div class="test-event"> <font color="maroon"> <small> &emsp; &emsp;--- 16 Oct 16:20:48 601 - Page URL:: https://www.icarstage.com/my-training</small> </font> </div>
<div class="test-event"> <font color="maroon"> <small> &emsp; &emsp;--- 16 Oct 16:20:48 601 - <b>0</b> - Page Load Wait: (Sync) - ICar.support.Utils.waitForPageLoad(Utils.java:109)</small> </font> </div>
<div class="test-event"> <font color="maroon"> <small> &emsp; &emsp;--- 16 Oct 16:20:48 653 - Element is displayed:: [[ChromeDriver: chrome on WINDOWS (9104cc4c98cffb53ea8bc881447748b4)] -> xpath: //span[@title='My Professional Development']]</small> </font> </div>
<div class="test-message">&emsp;4. Navigate to 'My Training' link</div>
<div class="test-event"> <font color="maroon"> <small> &emsp; &emsp;--- 16 Oct 16:20:49 770 - Element is displayed:: [[ChromeDriver: chrome on WINDOWS (9104cc4c98cffb53ea8bc881447748b4)] -> xpath: //span[@title='My Professional Development']]</small> </font> </div>
<div class="test-event"> <font color="maroon"> <small> &emsp; &emsp;--- 16 Oct 16:20:51 863 - Element is displayed:: [[ChromeDriver: chrome on WINDOWS (9104cc4c98cffb53ea8bc881447748b4)] -> xpath: //span[@title='My Professional Development']]</small> </font> </div>
<div class="test-message">&emsp;5. Click on the 'My Professional Development' link</div>
<div class="test-event"> <font color="maroon"> <small> &emsp; &emsp;--- 16 Oct 16:20:52 029 - Element is displayed:: [[ChromeDriver: chrome on WINDOWS (9104cc4c98cffb53ea8bc881447748b4)] -> xpath: //span[text()='Non-Structural Technician']/preceding-sibling::span]</small> </font> </div>
<div class="test-event"> <font color="maroon"> <small> &emsp; &emsp;--- 16 Oct 16:20:54 174 - Element is displayed:: [[ChromeDriver: chrome on WINDOWS (9104cc4c98cffb53ea8bc881447748b4)] -> xpath: //span[text()='Structural Technician']/preceding-sibling::span]</small> </font> </div>
<div class="test-event"> <font color="maroon"> <small> &emsp; &emsp;--- 16 Oct 16:20:56 279 - Element is displayed:: [[ChromeDriver: chrome on WINDOWS (9104cc4c98cffb53ea8bc881447748b4)] -> xpath: //span[text()='Refinish Technician']/preceding-sibling::span]</small> </font> </div>
<div class="test-event"> <font color="maroon"> <small> &emsp; &emsp;--- 16 Oct 16:20:58 440 - Element is displayed:: [[ChromeDriver: chrome on WINDOWS (9104cc4c98cffb53ea8bc881447748b4)] -> xpath: //span[text()='Estimator']/preceding-sibling::span]</small> </font> </div>
<div class="test-event"> <font color="maroon"> <small> &emsp; &emsp;--- 16 Oct 16:21:00 583 - Element is displayed:: [[ChromeDriver: chrome on WINDOWS (9104cc4c98cffb53ea8bc881447748b4)] -> xpath: //span[text()='Production Management']/preceding-sibling::span]</small> </font> </div>
<div class="test-event"> <font color="maroon"> <small> &emsp; &emsp;--- 16 Oct 16:21:02 691 - Element is displayed:: [[ChromeDriver: chrome on WINDOWS (9104cc4c98cffb53ea8bc881447748b4)] -> xpath: //span[text()='Electrical/Diagnostics Technician']/preceding-sibling::span]</small> </font> </div>
<div class="test-event"> <font color="maroon"> <small> &emsp; &emsp;--- 16 Oct 16:21:04 906 - Element is displayed:: [[ChromeDriver: chrome on WINDOWS (9104cc4c98cffb53ea8bc881447748b4)] -> xpath: //span[text()='Mechanical Technician']/preceding-sibling::span]</small> </font> </div>
<div class="test-event"> <font color="maroon"> <small> &emsp; &emsp;--- 16 Oct 16:21:07 013 - Element is displayed:: [[ChromeDriver: chrome on WINDOWS (9104cc4c98cffb53ea8bc881447748b4)] -> xpath: //span[text()='Auto Physical Damage Appraiser']/preceding-sibling::span]</small> </font> </div>
<div class="test-event"> <font color="maroon"> <small> &emsp; &emsp;--- 16 Oct 16:21:09 128 - Element is displayed:: [[ChromeDriver: chrome on WINDOWS (9104cc4c98cffb53ea8bc881447748b4)] -> xpath: //button[@title='Update Preference']]</small> </font> </div>
<div class="test-event"> <font color="maroon"> <small> &emsp; &emsp;--- 16 Oct 16:21:22 522 - Catched spinner load exception due to Expected condition failed: waiting for ICar.support.WaitUtils$4@636673a3 (tried for 13 second(s) with 500 milliseconds interval)</small> </font> </div>
<div class="test-event"> <font color="maroon"> <small> &emsp; &emsp;--- 16 Oct 16:21:22 522 - <b>13</b> - Spinner Load Wait: (Sync) - ICar.support.WaitUtils.waitForSpinner(WaitUtils.java:225)</small> </font> </div>
<div class="test-message">&emsp;6. Update the Learning Path with :Non-Structural Technician</div>
<div class="test-event"> <font color="maroon"> <small> &emsp; &emsp;--- 16 Oct 16:21:53 374 - Unable to find an element after 30 sec ==> [[ChromeDriver: chrome on WINDOWS (9104cc4c98cffb53ea8bc881447748b4)] -> xpath: //span[text()='Non-Structural Technician']/preceding-sibling::span]</small> </font> </div>
<div class="test-event"> <font color="maroon"> <small> &emsp; &emsp;--- 16 Oct 16:21:56 572 - Unable to find a element after 3 sec ==> [[ChromeDriver: chrome on WINDOWS (9104cc4c98cffb53ea8bc881447748b4)] -> xpath: //span[text()='Non-Structural Technician']/preceding-sibling::span]</small> </font> </div>
<!--FAIL-->
<div class="test-result"><br><font color="red"><strong> [[ChromeDriver: chrome on WINDOWS (9104cc4c98cffb53ea8bc881447748b4)] -> xpath: //span[text()='Non-Structural Technician']/preceding-sibling::span] field not found in page!! </strong></font> <a href=".\ScreenShot\ICar_B2B_TC025_63283992627400.png" target="_blank" >[ScreenShot]</a></div>&emsp;
&emsp;<div class="test-title"> <strong><font size = "3" color = "#0000FF">---Test Execution Ends---</font> </strong> </div>&emsp;]]>
    </system-out>
  </testcase> <!-- ICar_B2B_TC025 -->
  <testcase classname="B2Btestscripts.B2B_Student" name="ICar_B2B_TC062" time="75.724">
    <system-out>
      <![CDATA[<div class="test-event"> <font color="maroon"> <small> &emsp; &emsp;--- 16 Oct 17:30:39 671 - TestCaseID:: ICar_B2B_TC062</small> </font> </div>
<div class="test-event"> <font color="maroon"> <small> &emsp; &emsp;--- 16 Oct 17:30:40 890 - <b>1</b> - Driver::initialize::Get - ICar.support.WebDriverFactory.getDriver(WebDriverFactory.java:640)</small> </font> </div>
&emsp;<div class="test-title"> <strong><font size = "3" color = "#000080">Verify sorting courses under All Live, Online, and Virtual Courses and Learning Plans link</font> </strong> </div>&emsp;<div><strong>Steps:</strong></div><!-- Report -->&emsp;
<div class="test-event"> <font color="maroon"> <small> &emsp; &emsp;--- 16 Oct 17:30:46 092 - Element is displayed:: [[ChromeDriver: chrome on WINDOWS (c171262be4d6b00aaf9a657a875f8c3c)] -> xpath: //a/img[@alt='Login Image']|//button[@id='btn-login']]</small> </font> </div>
<div class="test-event"> <font color="maroon"> <small> &emsp; &emsp;--- 16 Oct 17:30:46 147 - Element is displayed:: [[ChromeDriver: chrome on WINDOWS (c171262be4d6b00aaf9a657a875f8c3c)] -> xpath: //a/img[@alt='Login Image']|//button[@id='btn-login']]</small> </font> </div>
<div class="test-message">&emsp;Successfully navigated to 'Home' Page&emsp;<a href=".\ScreenShot\ICar_B2B_TC062_67413559184500.png" target="_blank" >[ScreenShot]</a></div>
<div class="test-message">&emsp;1. Home page is launched.</div>
<div class="test-event"> <font color="maroon"> <small> &emsp; &emsp;--- 16 Oct 17:30:47 208 - Page URL:: https://www.icarstage.com/</small> </font> </div>
<div class="test-event"> <font color="maroon"> <small> &emsp; &emsp;--- 16 Oct 17:30:47 208 - <b>0</b> - Page Load Wait: (Sync) - ICar.support.Utils.waitForPageLoad(Utils.java:109)</small> </font> </div>
<div class="test-event"> <font color="maroon"> <small> &emsp; &emsp;--- 16 Oct 17:30:47 274 - Element is displayed:: [[ChromeDriver: chrome on WINDOWS (c171262be4d6b00aaf9a657a875f8c3c)] -> xpath: //a/img[@alt='Login Image']|//button[@id='btn-login']]</small> </font> </div>
<div class="test-event"> <font color="maroon"> <small> &emsp; &emsp;--- 16 Oct 17:30:47 371 - Element is displayed:: [[ChromeDriver: chrome on WINDOWS (c171262be4d6b00aaf9a657a875f8c3c)] -> xpath: //a/img[@alt='Login Image']|//button[@id='btn-login']]</small> </font> </div>
<div class="test-event"> <font color="maroon"> <small> &emsp; &emsp;--- 16 Oct 17:31:05 070 - Catched spinner load exception due to Expected condition failed: waiting for ICar.support.WaitUtils$4@636673a3 (tried for 15 second(s) with 500 milliseconds interval)</small> </font> </div>
<div class="test-event"> <font color="maroon"> <small> &emsp; &emsp;--- 16 Oct 17:31:05 070 - <b>15</b> - Spinner Load Wait: (Sync) - ICar.support.WaitUtils.waitForSpinner(WaitUtils.java:225)</small> </font> </div>
<div class="test-message">&emsp;2. Login page  should be successfully display</div>
<div class="test-message">&emsp;Successfully navigated to 'Login' Page&emsp;<a href=".\ScreenShot\ICar_B2B_TC062_67432485276499.png" target="_blank" >[ScreenShot]</a></div>
<div class="test-event"> <font color="maroon"> <small> &emsp; &emsp;--- 16 Oct 17:31:05 258 - Element is displayed:: [[ChromeDriver: chrome on WINDOWS (c171262be4d6b00aaf9a657a875f8c3c)] -> id: username]</small> </font> </div>
<div class="test-event"> <font color="maroon"> <small> &emsp; &emsp;--- 16 Oct 17:31:05 309 - Element is displayed:: [[ChromeDriver: chrome on WINDOWS (c171262be4d6b00aaf9a657a875f8c3c)] -> id: username]</small> </font> </div>
<div class="test-event"> <font color="maroon"> <small> &emsp; &emsp;--- 16 Oct 17:31:05 516 - Element is displayed:: [[ChromeDriver: chrome on WINDOWS (c171262be4d6b00aaf9a657a875f8c3c)] -> id: password]</small> </font> </div>
<div class="test-event"> <font color="maroon"> <small> &emsp; &emsp;--- 16 Oct 17:31:05 682 - Element is displayed:: [[ChromeDriver: chrome on WINDOWS (c171262be4d6b00aaf9a657a875f8c3c)] -> id: btn-login]</small> </font> </div>
<div class="test-event"> <font color="maroon"> <small> &emsp; &emsp;--- 16 Oct 17:31:12 077 - Catched spinner load exception due to Expected condition failed: waiting for ICar.support.WaitUtils$4@636673a3 (tried for 3 second(s) with 500 milliseconds interval)</small> </font> </div>
<div class="test-event"> <font color="maroon"> <small> &emsp; &emsp;--- 16 Oct 17:31:12 077 - <b>6</b> - Spinner Load Wait: (Sync) - ICar.support.WaitUtils.waitForSpinner(WaitUtils.java:225)</small> </font> </div>
<div class="test-event"> <font color="maroon"> <small> &emsp; &emsp;--- 16 Oct 17:31:33 797 - Catched spinner load exception due to Expected condition failed: waiting for ICar.support.WaitUtils$4@636673a3 (tried for 10 second(s) with 500 milliseconds interval)</small> </font> </div>
<div class="test-event"> <font color="maroon"> <small> &emsp; &emsp;--- 16 Oct 17:31:33 798 - <b>10</b> - Spinner Load Wait: (Sync) - ICar.support.WaitUtils.waitForSpinner(WaitUtils.java:225)</small> </font> </div>
<div class="test-event"> <font color="maroon"> <small> &emsp; &emsp;--- 16 Oct 17:31:33 883 - Element is displayed:: [[ChromeDriver: chrome on WINDOWS (c171262be4d6b00aaf9a657a875f8c3c)] -> xpath: //button[@value='Launch My Learning']]</small> </font> </div>
<div class="test-message">&emsp;3. Enter the user credentials as : pkelly123</div>
<div class="test-message">&emsp;Successfully navigated to 'User Home' Page&emsp;<a href=".\ScreenShot\ICar_B2B_TC062_67461294712600.png" target="_blank" >[ScreenShot]</a></div>
<div class="test-event"> <font color="maroon"> <small> &emsp; &emsp;--- 16 Oct 17:31:34 104 - Element is displayed:: [[ChromeDriver: chrome on WINDOWS (c171262be4d6b00aaf9a657a875f8c3c)] -> xpath: //a[contains(text(),'Browse Catalog')]]</small> </font> </div>
<div class="test-event"> <font color="maroon"> <small> &emsp; &emsp;--- 16 Oct 17:31:34 155 - Element is displayed:: [[ChromeDriver: chrome on WINDOWS (c171262be4d6b00aaf9a657a875f8c3c)] -> xpath: //a[contains(text(),'Browse Catalog')]]</small> </font> </div>
<div class="test-message">&emsp;4.Clicked on Browse Catalog</div>
<div class="test-event"> <font color="maroon"> <small> &emsp; &emsp;--- 16 Oct 17:31:43 272 - Catched spinner load exception due to Expected condition failed: waiting for ICar.support.WaitUtils$4@636673a3 (tried for 7 second(s) with 500 milliseconds interval)</small> </font> </div>
<div class="test-event"> <font color="maroon"> <small> &emsp; &emsp;--- 16 Oct 17:31:43 272 - <b>7</b> - Spinner Load Wait: (Sync) - ICar.support.WaitUtils.waitForSpinner(WaitUtils.java:225)</small> </font> </div>
<div class="test-event"> <font color="maroon"> <small> &emsp; &emsp;--- 16 Oct 17:31:43 335 - Element is displayed:: [[ChromeDriver: chrome on WINDOWS (c171262be4d6b00aaf9a657a875f8c3c)] -> xpath: //section[@class='main-section']//following::li//section[@class='fields-area']//a]</small> </font> </div>
<div class="test-event"> <font color="maroon"> <small> &emsp; &emsp;--- 16 Oct 17:31:43 375 - Element is displayed:: [[ChromeDriver: chrome on WINDOWS (c171262be4d6b00aaf9a657a875f8c3c)] -> xpath: //section[@class='main-section']//following::li//section[@class='fields-area']//a]</small> </font> </div>
<div class="test-message">&emsp;5.Clicked on the link All Live, Online, and Virtual Courses and Learning Plans</div>
<div class="test-event"> <font color="maroon"> <small> &emsp; &emsp;--- 16 Oct 17:31:52 484 - Catched spinner load exception due to Expected condition failed: waiting for ICar.support.WaitUtils$4@636673a3 (tried for 7 second(s) with 500 milliseconds interval)</small> </font> </div>
<div class="test-event"> <font color="maroon"> <small> &emsp; &emsp;--- 16 Oct 17:31:52 484 - <b>7</b> - Spinner Load Wait: (Sync) - ICar.support.WaitUtils.waitForSpinner(WaitUtils.java:225)</small> </font> </div>
<div class="test-message">&emsp;No records are found&emsp;<a href=".\ScreenShot\ICar_B2B_TC062_67483153656400.png" target="_blank" >[ScreenShot]</a></div>
<div class="test-message">&emsp;No records found for the given search criteria&emsp;<a href=".\ScreenShot\ICar_B2B_TC062_67483345759599.png" target="_blank" >[ScreenShot]</a></div>
<div class="test-result"><br><font color="green"><strong> Test Passed. </strong></font> </div>&emsp;
&emsp;<div class="test-title"> <strong><font size = "3" color = "#0000FF">---Test Execution Ends---</font> </strong> </div>&emsp;]]>
    </system-out>
  </testcase> <!-- ICar_B2B_TC062 -->
  <testcase classname="B2Btestscripts.B2B_Student" name="ICar_B2B_TC004" time="83.201">
    <error message="Index 0 out of bounds for length 0" type="java.lang.IndexOutOfBoundsException">
      <![CDATA[java.lang.IndexOutOfBoundsException: Index 0 out of bounds for length 0
at java.base/jdk.internal.util.Preconditions.outOfBounds(Preconditions.java:64)
at java.base/jdk.internal.util.Preconditions.outOfBoundsCheckIndex(Preconditions.java:70)
at java.base/jdk.internal.util.Preconditions.checkIndex(Preconditions.java:266)
at java.base/java.util.Objects.checkIndex(Objects.java:359)
at java.base/java.util.ArrayList.get(ArrayList.java:427)
at java.base/jdk.internal.reflect.NativeMethodAccessorImpl.invoke0(Native Method)
at java.base/jdk.internal.reflect.NativeMethodAccessorImpl.invoke(NativeMethodAccessorImpl.java:78)
at java.base/jdk.internal.reflect.DelegatingMethodAccessorImpl.invoke(DelegatingMethodAccessorImpl.java:43)
at java.base/java.lang.reflect.Method.invoke(Method.java:567)
at org.openqa.selenium.support.pagefactory.internal.LocatingElementListHandler.invoke(LocatingElementListHandler.java:39)
at jdk.proxy2/jdk.proxy2.$Proxy26.get(Unknown Source)
at ICar.Pages.MyProfilePage.isLoaded(MyProfilePage.java:140)
at org.openqa.selenium.support.ui.LoadableComponent.get(LoadableComponent.java:52)
at ICar.Pages.HeaderPage.navigatedToProfilePage(HeaderPage.java:180)
at B2Btestscripts.B2B_Student.ICar_B2B_TC004(B2B_Student.java:605)
at java.base/jdk.internal.reflect.NativeMethodAccessorImpl.invoke0(Native Method)
at java.base/jdk.internal.reflect.NativeMethodAccessorImpl.invoke(NativeMethodAccessorImpl.java:78)
at java.base/jdk.internal.reflect.DelegatingMethodAccessorImpl.invoke(DelegatingMethodAccessorImpl.java:43)
at java.base/java.lang.reflect.Method.invoke(Method.java:567)
at org.testng.internal.invokers.MethodInvocationHelper.invokeMethod(MethodInvocationHelper.java:139)
at org.testng.internal.invokers.TestInvoker.invokeMethod(TestInvoker.java:664)
at org.testng.internal.invokers.TestInvoker.invokeTestMethod(TestInvoker.java:227)
at org.testng.internal.invokers.TestMethodWithDataProviderMethodWorker.call(TestMethodWithDataProviderMethodWorker.java:80)
at org.testng.internal.invokers.TestMethodWithDataProviderMethodWorker.call(TestMethodWithDataProviderMethodWorker.java:17)
at java.base/java.util.concurrent.FutureTask.run(FutureTask.java:264)
at java.base/java.util.concurrent.Executors$RunnableAdapter.call(Executors.java:515)
at java.base/java.util.concurrent.FutureTask.run(FutureTask.java:264)
at java.base/java.util.concurrent.ThreadPoolExecutor.runWorker(ThreadPoolExecutor.java:1130)
at java.base/java.util.concurrent.ThreadPoolExecutor$Worker.run(ThreadPoolExecutor.java:630)
at java.base/java.lang.Thread.run(Thread.java:831)
]]>
    </error>
    <system-out>
      <![CDATA[<div class="test-event"> <font color="maroon"> <small> &emsp; &emsp;--- 16 Oct 15:33:25 595 - TestCaseID:: ICar_B2B_TC004</small> </font> </div>
<div class="test-event"> <font color="maroon"> <small> &emsp; &emsp;--- 16 Oct 15:33:26 806 - <b>1</b> - Driver::initialize::Get - ICar.support.WebDriverFactory.getDriver(WebDriverFactory.java:640)</small> </font> </div>
&emsp;<div class="test-title"> <strong><font size = "3" color = "#000080">Verify student profile displayed with required inputs in the student dashboard</font> </strong> </div>&emsp;<div><strong>Steps:</strong></div><!-- Report -->&emsp;
<div class="test-event"> <font color="maroon"> <small> &emsp; &emsp;--- 16 Oct 15:33:32 291 - Element is displayed:: [[ChromeDriver: chrome on WINDOWS (9b90ba784229559da80257af10c6c0da)] -> xpath: //a/img[@alt='Login Image']|//button[@id='btn-login']]</small> </font> </div>
<div class="test-event"> <font color="maroon"> <small> &emsp; &emsp;--- 16 Oct 15:33:32 364 - Element is displayed:: [[ChromeDriver: chrome on WINDOWS (9b90ba784229559da80257af10c6c0da)] -> xpath: //a/img[@alt='Login Image']|//button[@id='btn-login']]</small> </font> </div>
<div class="test-message">&emsp;Successfully navigated to 'Home' Page&emsp;<a href=".\ScreenShot\ICar_B2B_TC004_60379777209800.png" target="_blank" >[ScreenShot]</a></div>
<div class="test-message">&emsp;1. Home page is launched.</div>
<div class="test-event"> <font color="maroon"> <small> &emsp; &emsp;--- 16 Oct 15:33:32 799 - Page URL:: https://www.icarstage.com/</small> </font> </div>
<div class="test-event"> <font color="maroon"> <small> &emsp; &emsp;--- 16 Oct 15:33:32 799 - <b>0</b> - Page Load Wait: (Sync) - ICar.support.Utils.waitForPageLoad(Utils.java:109)</small> </font> </div>
<div class="test-event"> <font color="maroon"> <small> &emsp; &emsp;--- 16 Oct 15:33:32 857 - Element is displayed:: [[ChromeDriver: chrome on WINDOWS (9b90ba784229559da80257af10c6c0da)] -> xpath: //a/img[@alt='Login Image']|//button[@id='btn-login']]</small> </font> </div>
<div class="test-event"> <font color="maroon"> <small> &emsp; &emsp;--- 16 Oct 15:33:32 929 - Element is displayed:: [[ChromeDriver: chrome on WINDOWS (9b90ba784229559da80257af10c6c0da)] -> xpath: //a/img[@alt='Login Image']|//button[@id='btn-login']]</small> </font> </div>
<div class="test-event"> <font color="maroon"> <small> &emsp; &emsp;--- 16 Oct 15:33:51 145 - Catched spinner load exception due to Expected condition failed: waiting for ICar.support.WaitUtils$4@636673a3 (tried for 15 second(s) with 500 milliseconds interval)</small> </font> </div>
<div class="test-event"> <font color="maroon"> <small> &emsp; &emsp;--- 16 Oct 15:33:51 146 - <b>15</b> - Spinner Load Wait: (Sync) - ICar.support.WaitUtils.waitForSpinner(WaitUtils.java:225)</small> </font> </div>
<div class="test-message">&emsp;2. Navigate to 'Login Page'</div>
<div class="test-message">&emsp;Successfully navigated to 'Login' Page&emsp;<a href=".\ScreenShot\ICar_B2B_TC004_60398562568700.png" target="_blank" >[ScreenShot]</a></div>
<div class="test-event"> <font color="maroon"> <small> &emsp; &emsp;--- 16 Oct 15:33:51 463 - Element is displayed:: [[ChromeDriver: chrome on WINDOWS (9b90ba784229559da80257af10c6c0da)] -> id: username]</small> </font> </div>
<div class="test-event"> <font color="maroon"> <small> &emsp; &emsp;--- 16 Oct 15:33:51 539 - Element is displayed:: [[ChromeDriver: chrome on WINDOWS (9b90ba784229559da80257af10c6c0da)] -> id: username]</small> </font> </div>
<div class="test-event"> <font color="maroon"> <small> &emsp; &emsp;--- 16 Oct 15:33:51 740 - Element is displayed:: [[ChromeDriver: chrome on WINDOWS (9b90ba784229559da80257af10c6c0da)] -> id: password]</small> </font> </div>
<div class="test-event"> <font color="maroon"> <small> &emsp; &emsp;--- 16 Oct 15:33:51 914 - Element is displayed:: [[ChromeDriver: chrome on WINDOWS (9b90ba784229559da80257af10c6c0da)] -> id: btn-login]</small> </font> </div>
<div class="test-event"> <font color="maroon"> <small> &emsp; &emsp;--- 16 Oct 15:33:57 454 - Catched spinner load exception due to Expected condition failed: waiting for ICar.support.WaitUtils$4@636673a3 (tried for 3 second(s) with 500 milliseconds interval)</small> </font> </div>
<div class="test-event"> <font color="maroon"> <small> &emsp; &emsp;--- 16 Oct 15:33:57 454 - <b>5</b> - Spinner Load Wait: (Sync) - ICar.support.WaitUtils.waitForSpinner(WaitUtils.java:225)</small> </font> </div>
<div class="test-event"> <font color="maroon"> <small> &emsp; &emsp;--- 16 Oct 15:34:19 851 - Catched spinner load exception due to Expected condition failed: waiting for ICar.support.WaitUtils$4@636673a3 (tried for 10 second(s) with 500 milliseconds interval)</small> </font> </div>
<div class="test-event"> <font color="maroon"> <small> &emsp; &emsp;--- 16 Oct 15:34:19 851 - <b>10</b> - Spinner Load Wait: (Sync) - ICar.support.WaitUtils.waitForSpinner(WaitUtils.java:225)</small> </font> </div>
<div class="test-event"> <font color="maroon"> <small> &emsp; &emsp;--- 16 Oct 15:34:19 930 - Element is displayed:: [[ChromeDriver: chrome on WINDOWS (9b90ba784229559da80257af10c6c0da)] -> xpath: //button[@value='Launch My Learning']]</small> </font> </div>
<div class="test-message">&emsp;3. Enter the user credentials as : Angielex</div>
<div class="test-message">&emsp;Successfully navigated to 'User Home' Page&emsp;<a href=".\ScreenShot\ICar_B2B_TC004_60427343259600.png" target="_blank" >[ScreenShot]</a></div>
<div class="test-message">&emsp;4. Navigate to Student profile</div>
<div class="test-event"> <font color="maroon"> <small> &emsp; &emsp;--- 16 Oct 15:34:20 305 - Page URL:: https://www.icarstage.com/</small> </font> </div>
<div class="test-event"> <font color="maroon"> <small> &emsp; &emsp;--- 16 Oct 15:34:20 305 - <b>0</b> - Page Load Wait: (Sync) - ICar.support.Utils.waitForPageLoad(Utils.java:109)</small> </font> </div>
<div class="test-event"> <font color="maroon"> <small> &emsp; &emsp;--- 16 Oct 15:34:20 364 - Element is displayed:: [[ChromeDriver: chrome on WINDOWS (9b90ba784229559da80257af10c6c0da)] -> xpath: //p[text()='Launch My Learning']]</small> </font> </div>
<div class="test-event"> <font color="maroon"> <small> &emsp; &emsp;--- 16 Oct 15:34:20 403 - Element is displayed:: [[ChromeDriver: chrome on WINDOWS (9b90ba784229559da80257af10c6c0da)] -> xpath: //lightning-layout[@class='left-margin slds-align_absolute-center slds-grid slds-grid_align-spread slds-wrap']//lightning-layout-item[2]//a]</small> </font> </div>
<div class="test-event"> <font color="maroon"> <small> &emsp; &emsp;--- 16 Oct 15:34:22 487 - Element is displayed:: [[ChromeDriver: chrome on WINDOWS (9b90ba784229559da80257af10c6c0da)] -> xpath: //lightning-layout[@class='left-margin slds-align_absolute-center slds-grid slds-grid_align-spread slds-wrap']//lightning-layout-item[2]//a]</small> </font> </div>
<div class="test-event"> <font color="maroon"> <small> &emsp; &emsp;--- 16 Oct 15:34:22 685 - Element is displayed:: [[ChromeDriver: chrome on WINDOWS (9b90ba784229559da80257af10c6c0da)] -> xpath: (//a[@class='NOVAMenu'])[1]]</small> </font> </div>
<div class="test-event"> <font color="maroon"> <small> &emsp; &emsp;--- 16 Oct 15:34:22 743 - Element is displayed:: [[ChromeDriver: chrome on WINDOWS (9b90ba784229559da80257af10c6c0da)] -> xpath: (//a[@class='NOVAMenu'])[1]]</small> </font> </div>
<div class="test-event"> <font color="maroon"> <small> &emsp; &emsp;--- 16 Oct 15:34:42 750 - Catched spinner load exception due to Expected condition failed: waiting for ICar.support.WaitUtils$4@636673a3 (tried for 15 second(s) with 500 milliseconds interval)</small> </font> </div>
<div class="test-event"> <font color="maroon"> <small> &emsp; &emsp;--- 16 Oct 15:34:42 750 - <b>15</b> - Spinner Load Wait: (Sync) - ICar.support.WaitUtils.waitForSpinner(WaitUtils.java:225)</small> </font> </div>
<div class="test-event"> <font color="maroon"> <small> &emsp; &emsp;--- 16 Oct 15:34:42 868 - Page URL:: https://www.icarstage.com/myprofile</small> </font> </div>
<div class="test-event"> <font color="maroon"> <small> &emsp; &emsp;--- 16 Oct 15:34:42 868 - <b>0</b> - Page Load Wait: (Sync) - ICar.support.Utils.waitForPageLoad(Utils.java:109)</small> </font> </div>
<!--FAIL-->
<div class="test-result"><br><font color="red"><strong> Index 0 out of bounds for length 0 </strong></font> <a href=".\ScreenShot\ICar_B2B_TC004_60456733584300.png" target="_blank" >[ScreenShot]</a></div>&emsp;
&emsp;<div class="test-title"> <strong><font size = "3" color = "#0000FF">---Test Execution Ends---</font> </strong> </div>&emsp;]]>
    </system-out>
  </testcase> <!-- ICar_B2B_TC004 -->
  <testcase classname="B2Btestscripts.B2B_Student" name="ICar_B2B_TC003" time="138.608">
    <system-out>
      <![CDATA[<div class="test-event"> <font color="maroon"> <small> &emsp; &emsp;--- 16 Oct 15:31:05 521 - TestCaseID:: ICar_B2B_TC003</small> </font> </div>
<div class="test-event"> <font color="maroon"> <small> &emsp; &emsp;--- 16 Oct 15:31:06 970 - <b>1</b> - Driver::initialize::Get - ICar.support.WebDriverFactory.getDriver(WebDriverFactory.java:640)</small> </font> </div>
&emsp;<div class="test-title"> <strong><font size = "3" color = "#000080">Verify login application with student credentails</font> </strong> </div>&emsp;<div><strong>Steps:</strong></div><!-- Report -->&emsp;
<div class="test-event"> <font color="maroon"> <small> &emsp; &emsp;--- 16 Oct 15:31:12 591 - Element is displayed:: [[ChromeDriver: chrome on WINDOWS (5cf2cf86ed306a428f7d5be92e15638f)] -> xpath: //a/img[@alt='Login Image']|//button[@id='btn-login']]</small> </font> </div>
<div class="test-event"> <font color="maroon"> <small> &emsp; &emsp;--- 16 Oct 15:31:12 661 - Element is displayed:: [[ChromeDriver: chrome on WINDOWS (5cf2cf86ed306a428f7d5be92e15638f)] -> xpath: //a/img[@alt='Login Image']|//button[@id='btn-login']]</small> </font> </div>
<div class="test-message">&emsp;Successfully navigated to 'Home' Page&emsp;<a href=".\ScreenShot\ICar_B2B_TC003_60240074946400.png" target="_blank" >[ScreenShot]</a></div>
<div class="test-message">&emsp;1. Home page is launched.</div>
<div class="test-event"> <font color="maroon"> <small> &emsp; &emsp;--- 16 Oct 15:31:13 388 - Page URL:: https://www.icarstage.com/</small> </font> </div>
<div class="test-event"> <font color="maroon"> <small> &emsp; &emsp;--- 16 Oct 15:31:13 388 - <b>0</b> - Page Load Wait: (Sync) - ICar.support.Utils.waitForPageLoad(Utils.java:109)</small> </font> </div>
<div class="test-event"> <font color="maroon"> <small> &emsp; &emsp;--- 16 Oct 15:31:13 425 - Element is displayed:: [[ChromeDriver: chrome on WINDOWS (5cf2cf86ed306a428f7d5be92e15638f)] -> xpath: //a/img[@alt='Login Image']|//button[@id='btn-login']]</small> </font> </div>
<div class="test-event"> <font color="maroon"> <small> &emsp; &emsp;--- 16 Oct 15:31:13 485 - Element is displayed:: [[ChromeDriver: chrome on WINDOWS (5cf2cf86ed306a428f7d5be92e15638f)] -> xpath: //a/img[@alt='Login Image']|//button[@id='btn-login']]</small> </font> </div>
<div class="test-event"> <font color="maroon"> <small> &emsp; &emsp;--- 16 Oct 15:31:31 608 - Catched spinner load exception due to Expected condition failed: waiting for ICar.support.WaitUtils$4@636673a3 (tried for 15 second(s) with 500 milliseconds interval)</small> </font> </div>
<div class="test-event"> <font color="maroon"> <small> &emsp; &emsp;--- 16 Oct 15:31:31 608 - <b>15</b> - Spinner Load Wait: (Sync) - ICar.support.WaitUtils.waitForSpinner(WaitUtils.java:225)</small> </font> </div>
<div class="test-message">&emsp;2. Navigate to 'Login Page'</div>
<div class="test-message">&emsp;Successfully navigated to 'Login' Page&emsp;<a href=".\ScreenShot\ICar_B2B_TC003_60259024549400.png" target="_blank" >[ScreenShot]</a></div>
<div class="test-event"> <font color="maroon"> <small> &emsp; &emsp;--- 16 Oct 15:31:31 792 - Element is displayed:: [[ChromeDriver: chrome on WINDOWS (5cf2cf86ed306a428f7d5be92e15638f)] -> id: username]</small> </font> </div>
<div class="test-event"> <font color="maroon"> <small> &emsp; &emsp;--- 16 Oct 15:31:31 855 - Element is displayed:: [[ChromeDriver: chrome on WINDOWS (5cf2cf86ed306a428f7d5be92e15638f)] -> id: username]</small> </font> </div>
<div class="test-event"> <font color="maroon"> <small> &emsp; &emsp;--- 16 Oct 15:31:32 069 - Element is displayed:: [[ChromeDriver: chrome on WINDOWS (5cf2cf86ed306a428f7d5be92e15638f)] -> id: password]</small> </font> </div>
<div class="test-event"> <font color="maroon"> <small> &emsp; &emsp;--- 16 Oct 15:31:32 262 - Element is displayed:: [[ChromeDriver: chrome on WINDOWS (5cf2cf86ed306a428f7d5be92e15638f)] -> id: btn-login]</small> </font> </div>
<div class="test-event"> <font color="maroon"> <small> &emsp; &emsp;--- 16 Oct 15:31:37 894 - Catched spinner load exception due to Expected condition failed: waiting for ICar.support.WaitUtils$4@636673a3 (tried for 3 second(s) with 500 milliseconds interval)</small> </font> </div>
<div class="test-event"> <font color="maroon"> <small> &emsp; &emsp;--- 16 Oct 15:31:37 894 - <b>5</b> - Spinner Load Wait: (Sync) - ICar.support.WaitUtils.waitForSpinner(WaitUtils.java:225)</small> </font> </div>
<div class="test-event"> <font color="maroon"> <small> &emsp; &emsp;--- 16 Oct 15:32:01 126 - Catched spinner load exception due to Expected condition failed: waiting for ICar.support.WaitUtils$4@636673a3 (tried for 10 second(s) with 500 milliseconds interval)</small> </font> </div>
<div class="test-event"> <font color="maroon"> <small> &emsp; &emsp;--- 16 Oct 15:32:01 126 - <b>10</b> - Spinner Load Wait: (Sync) - ICar.support.WaitUtils.waitForSpinner(WaitUtils.java:225)</small> </font> </div>
<div class="test-event"> <font color="maroon"> <small> &emsp; &emsp;--- 16 Oct 15:32:01 203 - Element is displayed:: [[ChromeDriver: chrome on WINDOWS (5cf2cf86ed306a428f7d5be92e15638f)] -> xpath: //button[@value='Launch My Learning']]</small> </font> </div>
<div class="test-message">&emsp;3. Enter the user credentials as : Angielex</div>
<div class="test-message">&emsp;Successfully navigated to 'User Home' Page&emsp;<a href=".\ScreenShot\ICar_B2B_TC003_60288615833300.png" target="_blank" >[ScreenShot]</a></div>
<div class="test-message">&emsp;4. verify the links are present for this user role:Student</div>
<div class="test-event"> <font color="maroon"> <small> &emsp; &emsp;--- 16 Oct 15:32:01 404 - Element is displayed:: [[ChromeDriver: chrome on WINDOWS (5cf2cf86ed306a428f7d5be92e15638f)] -> xpath: //a[text()='My Training']]</small> </font> </div>
<div class="test-event"> <font color="maroon"> <small> &emsp; &emsp;--- 16 Oct 15:32:01 477 - Element is displayed:: [[ChromeDriver: chrome on WINDOWS (5cf2cf86ed306a428f7d5be92e15638f)] -> xpath: //a[text()='Browse Catalog']]</small> </font> </div>
<div class="test-event"> <font color="maroon"> <small> &emsp; &emsp;--- 16 Oct 15:32:01 552 - Element is displayed:: [[ChromeDriver: chrome on WINDOWS (5cf2cf86ed306a428f7d5be92e15638f)] -> xpath: //a[text()='Virtual Seat Assignments']]</small> </font> </div>
<div class="test-message">&emsp;
 Successfuly verfied the links in the User page&emsp;<a href=".\ScreenShot\ICar_B2B_TC003_60288985360700.png" target="_blank" >[ScreenShot]</a></div>
<div class="test-event"> <font color="maroon"> <small> &emsp; &emsp;--- 16 Oct 15:32:01 933 - Page URL:: https://www.icarstage.com/</small> </font> </div>
<div class="test-event"> <font color="maroon"> <small> &emsp; &emsp;--- 16 Oct 15:32:01 933 - <b>0</b> - Page Load Wait: (Sync) - ICar.support.Utils.waitForPageLoad(Utils.java:109)</small> </font> </div>
<div class="test-event"> <font color="maroon"> <small> &emsp; &emsp;--- 16 Oct 15:32:01 994 - Element is displayed:: [[ChromeDriver: chrome on WINDOWS (5cf2cf86ed306a428f7d5be92e15638f)] -> xpath: //p[text()='Launch My Learning']]</small> </font> </div>
<div class="test-event"> <font color="maroon"> <small> &emsp; &emsp;--- 16 Oct 15:32:02 035 - Element is displayed:: [[ChromeDriver: chrome on WINDOWS (5cf2cf86ed306a428f7d5be92e15638f)] -> xpath: //img[@alt='Logout']]</small> </font> </div>
<div class="test-event"> <font color="maroon"> <small> &emsp; &emsp;--- 16 Oct 15:32:02 087 - Element is displayed:: [[ChromeDriver: chrome on WINDOWS (5cf2cf86ed306a428f7d5be92e15638f)] -> xpath: //img[@alt='Logout']]</small> </font> </div>
<div class="test-event"> <font color="maroon"> <small> &emsp; &emsp;--- 16 Oct 15:33:09 870 - Unable to find an element after 15 sec ==> Proxy element for: AjaxElementLocator 'By.xpath: //button[@id='btn-login']'</small> </font> </div>
<div class="test-event"> <font color="maroon"> <small> &emsp; &emsp;--- 16 Oct 15:33:24 918 - Catched spinner load exception due to Expected condition failed: waiting for ICar.support.WaitUtils$4@636673a3 (tried for 15 second(s) with 500 milliseconds interval)</small> </font> </div>
<div class="test-event"> <font color="maroon"> <small> &emsp; &emsp;--- 16 Oct 15:33:24 918 - <b>15</b> - Spinner Load Wait: (Sync) - ICar.support.WaitUtils.waitForSpinner(WaitUtils.java:225)</small> </font> </div>
<div class="test-event"> <font color="maroon"> <small> &emsp; &emsp;--- 16 Oct 15:33:25 092 - Element is displayed:: [[ChromeDriver: chrome on WINDOWS (5cf2cf86ed306a428f7d5be92e15638f)] -> xpath: //a/img[@alt='Login Image']|//button[@id='btn-login']]</small> </font> </div>
<div class="test-event"> <font color="maroon"> <small> &emsp; &emsp;--- 16 Oct 15:33:25 149 - Element is displayed:: [[ChromeDriver: chrome on WINDOWS (5cf2cf86ed306a428f7d5be92e15638f)] -> xpath: //a/img[@alt='Login Image']|//button[@id='btn-login']]</small> </font> </div>
<div class="test-message">&emsp;Logout succesfull</div>
<div class="test-result"><br><font color="green"><strong> Test Passed. </strong></font> </div>&emsp;
&emsp;<div class="test-title"> <strong><font size = "3" color = "#0000FF">---Test Execution Ends---</font> </strong> </div>&emsp;]]>
    </system-out>
  </testcase> <!-- ICar_B2B_TC003 -->
  <testcase classname="B2Btestscripts.B2B_Student" name="ICar_B2B_TC049" time="96.045">
    <failure message="Failed to verify  the platinum certificate under &#039;My Training&#039; Page" type="java.lang.AssertionError">
      <![CDATA[java.lang.AssertionError: Failed to verify  the platinum certificate under 'My Training' Page
at org.testng.Assert.fail(Assert.java:111)
at ICar.support.Log.fail(Log.java:556)
at ICar.support.Log.assertThat(Log.java:731)
at B2Btestscripts.B2B_Student.ICar_B2B_TC049(B2B_Student.java:3548)
at java.base/jdk.internal.reflect.NativeMethodAccessorImpl.invoke0(Native Method)
at java.base/jdk.internal.reflect.NativeMethodAccessorImpl.invoke(NativeMethodAccessorImpl.java:78)
at java.base/jdk.internal.reflect.DelegatingMethodAccessorImpl.invoke(DelegatingMethodAccessorImpl.java:43)
at java.base/java.lang.reflect.Method.invoke(Method.java:567)
at org.testng.internal.invokers.MethodInvocationHelper.invokeMethod(MethodInvocationHelper.java:139)
at org.testng.internal.invokers.TestInvoker.invokeMethod(TestInvoker.java:664)
at org.testng.internal.invokers.TestInvoker.invokeTestMethod(TestInvoker.java:227)
at org.testng.internal.invokers.TestMethodWithDataProviderMethodWorker.call(TestMethodWithDataProviderMethodWorker.java:80)
at org.testng.internal.invokers.TestMethodWithDataProviderMethodWorker.call(TestMethodWithDataProviderMethodWorker.java:17)
at java.base/java.util.concurrent.FutureTask.run(FutureTask.java:264)
at java.base/java.util.concurrent.Executors$RunnableAdapter.call(Executors.java:515)
at java.base/java.util.concurrent.FutureTask.run(FutureTask.java:264)
at java.base/java.util.concurrent.ThreadPoolExecutor.runWorker(ThreadPoolExecutor.java:1130)
at java.base/java.util.concurrent.ThreadPoolExecutor$Worker.run(ThreadPoolExecutor.java:630)
at java.base/java.lang.Thread.run(Thread.java:831)
]]>
    </failure>
    <system-out>
      <![CDATA[<div class="test-event"> <font color="maroon"> <small> &emsp; &emsp;--- 16 Oct 17:17:05 351 - TestCaseID:: ICar_B2B_TC049</small> </font> </div>
<div class="test-event"> <font color="maroon"> <small> &emsp; &emsp;--- 16 Oct 17:17:07 762 - <b>2</b> - Driver::initialize::Get - ICar.support.WebDriverFactory.getDriver(WebDriverFactory.java:640)</small> </font> </div>
&emsp;<div class="test-title"> <strong><font size = "3" color = "#000080">Verify Platinum certificate under My Training Progress</font> </strong> </div>&emsp;<div><strong>Steps:</strong></div><!-- Report -->&emsp;
<div class="test-event"> <font color="maroon"> <small> &emsp; &emsp;--- 16 Oct 17:17:16 502 - Element is displayed:: [[ChromeDriver: chrome on WINDOWS (7690d290017f3a84fad5752ddd90f634)] -> xpath: //a/img[@alt='Login Image']|//button[@id='btn-login']]</small> </font> </div>
<div class="test-event"> <font color="maroon"> <small> &emsp; &emsp;--- 16 Oct 17:17:16 550 - Element is displayed:: [[ChromeDriver: chrome on WINDOWS (7690d290017f3a84fad5752ddd90f634)] -> xpath: //a/img[@alt='Login Image']|//button[@id='btn-login']]</small> </font> </div>
<div class="test-message">&emsp;Successfully navigated to 'Home' Page&emsp;<a href=".\ScreenShot\ICar_B2B_TC049_66603962083599.png" target="_blank" >[ScreenShot]</a></div>
<div class="test-message">&emsp;1. Home page is launched.</div>
<div class="test-event"> <font color="maroon"> <small> &emsp; &emsp;--- 16 Oct 17:17:17 434 - Page URL:: https://www.icarstage.com/</small> </font> </div>
<div class="test-event"> <font color="maroon"> <small> &emsp; &emsp;--- 16 Oct 17:17:17 434 - <b>0</b> - Page Load Wait: (Sync) - ICar.support.Utils.waitForPageLoad(Utils.java:109)</small> </font> </div>
<div class="test-event"> <font color="maroon"> <small> &emsp; &emsp;--- 16 Oct 17:17:17 468 - Element is displayed:: [[ChromeDriver: chrome on WINDOWS (7690d290017f3a84fad5752ddd90f634)] -> xpath: //a/img[@alt='Login Image']|//button[@id='btn-login']]</small> </font> </div>
<div class="test-event"> <font color="maroon"> <small> &emsp; &emsp;--- 16 Oct 17:17:17 520 - Element is displayed:: [[ChromeDriver: chrome on WINDOWS (7690d290017f3a84fad5752ddd90f634)] -> xpath: //a/img[@alt='Login Image']|//button[@id='btn-login']]</small> </font> </div>
<div class="test-event"> <font color="maroon"> <small> &emsp; &emsp;--- 16 Oct 17:17:35 502 - Catched spinner load exception due to Expected condition failed: waiting for ICar.support.WaitUtils$4@636673a3 (tried for 15 second(s) with 500 milliseconds interval)</small> </font> </div>
<div class="test-event"> <font color="maroon"> <small> &emsp; &emsp;--- 16 Oct 17:17:35 502 - <b>15</b> - Spinner Load Wait: (Sync) - ICar.support.WaitUtils.waitForSpinner(WaitUtils.java:225)</small> </font> </div>
<div class="test-message">&emsp;2. Navigate to 'Login Page'</div>
<div class="test-message">&emsp;Successfully navigated to 'Login' Page&emsp;<a href=".\ScreenShot\ICar_B2B_TC049_66622917591499.png" target="_blank" >[ScreenShot]</a></div>
<div class="test-event"> <font color="maroon"> <small> &emsp; &emsp;--- 16 Oct 17:17:35 713 - Element is displayed:: [[ChromeDriver: chrome on WINDOWS (7690d290017f3a84fad5752ddd90f634)] -> id: username]</small> </font> </div>
<div class="test-event"> <font color="maroon"> <small> &emsp; &emsp;--- 16 Oct 17:17:35 766 - Element is displayed:: [[ChromeDriver: chrome on WINDOWS (7690d290017f3a84fad5752ddd90f634)] -> id: username]</small> </font> </div>
<div class="test-event"> <font color="maroon"> <small> &emsp; &emsp;--- 16 Oct 17:17:35 971 - Element is displayed:: [[ChromeDriver: chrome on WINDOWS (7690d290017f3a84fad5752ddd90f634)] -> id: password]</small> </font> </div>
<div class="test-event"> <font color="maroon"> <small> &emsp; &emsp;--- 16 Oct 17:17:36 121 - Element is displayed:: [[ChromeDriver: chrome on WINDOWS (7690d290017f3a84fad5752ddd90f634)] -> id: btn-login]</small> </font> </div>
<div class="test-event"> <font color="maroon"> <small> &emsp; &emsp;--- 16 Oct 17:17:41 878 - Catched spinner load exception due to Expected condition failed: waiting for ICar.support.WaitUtils$4@636673a3 (tried for 3 second(s) with 500 milliseconds interval)</small> </font> </div>
<div class="test-event"> <font color="maroon"> <small> &emsp; &emsp;--- 16 Oct 17:17:41 878 - <b>5</b> - Spinner Load Wait: (Sync) - ICar.support.WaitUtils.waitForSpinner(WaitUtils.java:225)</small> </font> </div>
<div class="test-event"> <font color="maroon"> <small> &emsp; &emsp;--- 16 Oct 17:18:07 944 - Catched spinner load exception due to Expected condition failed: waiting for ICar.support.WaitUtils$4@636673a3 (tried for 10 second(s) with 500 milliseconds interval)</small> </font> </div>
<div class="test-event"> <font color="maroon"> <small> &emsp; &emsp;--- 16 Oct 17:18:07 944 - <b>10</b> - Spinner Load Wait: (Sync) - ICar.support.WaitUtils.waitForSpinner(WaitUtils.java:225)</small> </font> </div>
<div class="test-event"> <font color="maroon"> <small> &emsp; &emsp;--- 16 Oct 17:18:08 045 - Element is displayed:: [[ChromeDriver: chrome on WINDOWS (7690d290017f3a84fad5752ddd90f634)] -> xpath: //button[@value='Launch My Learning']]</small> </font> </div>
<div class="test-message">&emsp;3. Enter the user credentials</div>
<div class="test-message">&emsp;Successfully navigated to 'User Home' Page&emsp;<a href=".\ScreenShot\ICar_B2B_TC049_66655457303599.png" target="_blank" >[ScreenShot]</a></div>
<div class="test-event"> <font color="maroon"> <small> &emsp; &emsp;--- 16 Oct 17:18:08 760 - Page URL:: https://www.icarstage.com/</small> </font> </div>
<div class="test-event"> <font color="maroon"> <small> &emsp; &emsp;--- 16 Oct 17:18:08 760 - <b>0</b> - Page Load Wait: (Sync) - ICar.support.Utils.waitForPageLoad(Utils.java:109)</small> </font> </div>
<div class="test-event"> <font color="maroon"> <small> &emsp; &emsp;--- 16 Oct 17:18:08 809 - Element is displayed:: [[ChromeDriver: chrome on WINDOWS (7690d290017f3a84fad5752ddd90f634)] -> xpath: //p[text()='Launch My Learning']]</small> </font> </div>
<div class="test-event"> <font color="maroon"> <small> &emsp; &emsp;--- 16 Oct 17:18:08 844 - Element is displayed:: [[ChromeDriver: chrome on WINDOWS (7690d290017f3a84fad5752ddd90f634)] -> xpath: //a[text()='My Training']]</small> </font> </div>
<div class="test-event"> <font color="maroon"> <small> &emsp; &emsp;--- 16 Oct 17:18:09 149 - Page URL:: https://www.icarstage.com/</small> </font> </div>
<div class="test-event"> <font color="maroon"> <small> &emsp; &emsp;--- 16 Oct 17:18:09 150 - <b>0</b> - Page Load Wait: (Sync) - ICar.support.Utils.waitForPageLoad(Utils.java:109)</small> </font> </div>
<div class="test-event"> <font color="maroon"> <small> &emsp; &emsp;--- 16 Oct 17:18:11 238 - Element is displayed:: [[ChromeDriver: chrome on WINDOWS (7690d290017f3a84fad5752ddd90f634)] -> xpath: //a[text()='My Training']]</small> </font> </div>
<div class="test-event"> <font color="maroon"> <small> &emsp; &emsp;--- 16 Oct 17:18:29 025 - Catched spinner load exception due to Expected condition failed: waiting for ICar.support.WaitUtils$4@636673a3 (tried for 15 second(s) with 500 milliseconds interval)</small> </font> </div>
<div class="test-event"> <font color="maroon"> <small> &emsp; &emsp;--- 16 Oct 17:18:29 025 - <b>15</b> - Spinner Load Wait: (Sync) - ICar.support.WaitUtils.waitForSpinner(WaitUtils.java:225)</small> </font> </div>
<div class="test-event"> <font color="maroon"> <small> &emsp; &emsp;--- 16 Oct 17:18:29 248 - Page URL:: https://www.icarstage.com/my-training</small> </font> </div>
<div class="test-event"> <font color="maroon"> <small> &emsp; &emsp;--- 16 Oct 17:18:29 248 - <b>0</b> - Page Load Wait: (Sync) - ICar.support.Utils.waitForPageLoad(Utils.java:109)</small> </font> </div>
<div class="test-event"> <font color="maroon"> <small> &emsp; &emsp;--- 16 Oct 17:18:29 309 - Element is displayed:: [[ChromeDriver: chrome on WINDOWS (7690d290017f3a84fad5752ddd90f634)] -> xpath: //span[@title='My Professional Development']]</small> </font> </div>
<div class="test-message">&emsp;4. Navigate to 'My training' link</div>
<div class="test-message">&emsp;Successfully navigated to 'My Training' Page&emsp;<a href=".\ScreenShot\ICar_B2B_TC049_66676721390399.png" target="_blank" >[ScreenShot]</a></div>
<div class="test-message">&emsp;5. Click on training progress tab and verify the Platinum certificate under My Training Progress</div>
<div class="test-event"> <font color="maroon"> <small> &emsp; &emsp;--- 16 Oct 17:18:29 504 - Page URL:: https://www.icarstage.com/my-training</small> </font> </div>
<div class="test-event"> <font color="maroon"> <small> &emsp; &emsp;--- 16 Oct 17:18:29 504 - Page Load Wait </small> </font> </div>
<div class="test-event"> <font color="maroon"> <small> &emsp; &emsp;--- 16 Oct 17:18:37 809 - Catched spinner load exception due to Expected condition failed: waiting for ICar.support.WaitUtils$4@636673a3 (tried for 8 second(s) with 500 milliseconds interval)</small> </font> </div>
<div class="test-event"> <font color="maroon"> <small> &emsp; &emsp;--- 16 Oct 17:18:37 809 - <b>8</b> - Spinner Load Wait: (Sync) - ICar.support.WaitUtils.waitForSpinner(WaitUtils.java:225)</small> </font> </div>
<div class="test-event"> <font color="maroon"> <small> &emsp; &emsp;--- 16 Oct 17:18:37 855 - Element is displayed:: [[ChromeDriver: chrome on WINDOWS (7690d290017f3a84fad5752ddd90f634)] -> xpath: //span[@title='My Training Status']]</small> </font> </div>
<div class="test-event"> <font color="maroon"> <small> &emsp; &emsp;--- 16 Oct 17:18:37 913 - Element is displayed:: [[ChromeDriver: chrome on WINDOWS (7690d290017f3a84fad5752ddd90f634)] -> xpath: //span[@title='My Training Status']]</small> </font> </div>
<div class="test-event"> <font color="maroon"> <small> &emsp; &emsp;--- 16 Oct 17:18:38 135 - Page URL:: https://www.icarstage.com/my-training</small> </font> </div>
<div class="test-event"> <font color="maroon"> <small> &emsp; &emsp;--- 16 Oct 17:18:38 135 - <b>0</b> - Page Load Wait: (Sync) - ICar.support.Utils.waitForPageLoad(Utils.java:109)</small> </font> </div>
<!--FAIL-->
<div class="test-result"><br><font color="red"><strong> Failed to verify  the platinum certificate under 'My Training' Page </strong></font> <a href=".\ScreenShot\ICar_B2B_TC049_66690796752600.png" target="_blank" >[ScreenShot]</a></div>&emsp;
&emsp;<div class="test-title"> <strong><font size = "3" color = "#0000FF">---Test Execution Ends---</font> </strong> </div>&emsp;]]>
    </system-out>
  </testcase> <!-- ICar_B2B_TC049 -->
  <testcase classname="B2Btestscripts.B2B_Student" name="ICar_B2B_TC008" time="121.443">
    <system-out>
      <![CDATA[<div class="test-event"> <font color="maroon"> <small> &emsp; &emsp;--- 16 Oct 15:38:54 644 - TestCaseID:: ICar_B2B_TC008</small> </font> </div>
<div class="test-event"> <font color="maroon"> <small> &emsp; &emsp;--- 16 Oct 15:38:56 009 - <b>1</b> - Driver::initialize::Get - ICar.support.WebDriverFactory.getDriver(WebDriverFactory.java:640)</small> </font> </div>
&emsp;<div class="test-title"> <strong><font size = "3" color = "#000080">Verify adding Bank account to the student Payment information gets added.</font> </strong> </div>&emsp;<div><strong>Steps:</strong></div><!-- Report -->&emsp;
<div class="test-event"> <font color="maroon"> <small> &emsp; &emsp;--- 16 Oct 15:39:01 934 - Element is displayed:: [[ChromeDriver: chrome on WINDOWS (edb0a54a01bf9d88a5f9f4a677553cdd)] -> xpath: //a/img[@alt='Login Image']|//button[@id='btn-login']]</small> </font> </div>
<div class="test-event"> <font color="maroon"> <small> &emsp; &emsp;--- 16 Oct 15:39:02 003 - Element is displayed:: [[ChromeDriver: chrome on WINDOWS (edb0a54a01bf9d88a5f9f4a677553cdd)] -> xpath: //a/img[@alt='Login Image']|//button[@id='btn-login']]</small> </font> </div>
<div class="test-message">&emsp;Successfully navigated to 'Home' Page&emsp;<a href=".\ScreenShot\ICar_B2B_TC008_60709416312200.png" target="_blank" >[ScreenShot]</a></div>
<div class="test-message">&emsp;1. Home page is launched.</div>
<div class="test-event"> <font color="maroon"> <small> &emsp; &emsp;--- 16 Oct 15:39:02 380 - Page URL:: https://www.icarstage.com/</small> </font> </div>
<div class="test-event"> <font color="maroon"> <small> &emsp; &emsp;--- 16 Oct 15:39:02 380 - <b>0</b> - Page Load Wait: (Sync) - ICar.support.Utils.waitForPageLoad(Utils.java:109)</small> </font> </div>
<div class="test-event"> <font color="maroon"> <small> &emsp; &emsp;--- 16 Oct 15:39:02 483 - Element is displayed:: [[ChromeDriver: chrome on WINDOWS (edb0a54a01bf9d88a5f9f4a677553cdd)] -> xpath: //a/img[@alt='Login Image']|//button[@id='btn-login']]</small> </font> </div>
<div class="test-event"> <font color="maroon"> <small> &emsp; &emsp;--- 16 Oct 15:39:02 544 - Element is displayed:: [[ChromeDriver: chrome on WINDOWS (edb0a54a01bf9d88a5f9f4a677553cdd)] -> xpath: //a/img[@alt='Login Image']|//button[@id='btn-login']]</small> </font> </div>
<div class="test-event"> <font color="maroon"> <small> &emsp; &emsp;--- 16 Oct 15:39:21 242 - Catched spinner load exception due to Expected condition failed: waiting for ICar.support.WaitUtils$4@636673a3 (tried for 15 second(s) with 500 milliseconds interval)</small> </font> </div>
<div class="test-event"> <font color="maroon"> <small> &emsp; &emsp;--- 16 Oct 15:39:21 242 - <b>15</b> - Spinner Load Wait: (Sync) - ICar.support.WaitUtils.waitForSpinner(WaitUtils.java:225)</small> </font> </div>
<div class="test-message">&emsp;2. Navigate to 'Login Page'</div>
<div class="test-message">&emsp;Successfully navigated to 'Login' Page&emsp;<a href=".\ScreenShot\ICar_B2B_TC008_60728657935100.png" target="_blank" >[ScreenShot]</a></div>
<div class="test-event"> <font color="maroon"> <small> &emsp; &emsp;--- 16 Oct 15:39:21 457 - Element is displayed:: [[ChromeDriver: chrome on WINDOWS (edb0a54a01bf9d88a5f9f4a677553cdd)] -> id: username]</small> </font> </div>
<div class="test-event"> <font color="maroon"> <small> &emsp; &emsp;--- 16 Oct 15:39:21 522 - Element is displayed:: [[ChromeDriver: chrome on WINDOWS (edb0a54a01bf9d88a5f9f4a677553cdd)] -> id: username]</small> </font> </div>
<div class="test-event"> <font color="maroon"> <small> &emsp; &emsp;--- 16 Oct 15:39:21 730 - Element is displayed:: [[ChromeDriver: chrome on WINDOWS (edb0a54a01bf9d88a5f9f4a677553cdd)] -> id: password]</small> </font> </div>
<div class="test-event"> <font color="maroon"> <small> &emsp; &emsp;--- 16 Oct 15:39:21 934 - Element is displayed:: [[ChromeDriver: chrome on WINDOWS (edb0a54a01bf9d88a5f9f4a677553cdd)] -> id: btn-login]</small> </font> </div>
<div class="test-event"> <font color="maroon"> <small> &emsp; &emsp;--- 16 Oct 15:39:28 178 - Catched spinner load exception due to Expected condition failed: waiting for ICar.support.WaitUtils$4@636673a3 (tried for 3 second(s) with 500 milliseconds interval)</small> </font> </div>
<div class="test-event"> <font color="maroon"> <small> &emsp; &emsp;--- 16 Oct 15:39:28 178 - <b>6</b> - Spinner Load Wait: (Sync) - ICar.support.WaitUtils.waitForSpinner(WaitUtils.java:225)</small> </font> </div>
<div class="test-event"> <font color="maroon"> <small> &emsp; &emsp;--- 16 Oct 15:39:50 083 - Catched spinner load exception due to Expected condition failed: waiting for ICar.support.WaitUtils$4@636673a3 (tried for 10 second(s) with 500 milliseconds interval)</small> </font> </div>
<div class="test-event"> <font color="maroon"> <small> &emsp; &emsp;--- 16 Oct 15:39:50 083 - <b>10</b> - Spinner Load Wait: (Sync) - ICar.support.WaitUtils.waitForSpinner(WaitUtils.java:225)</small> </font> </div>
<div class="test-event"> <font color="maroon"> <small> &emsp; &emsp;--- 16 Oct 15:39:50 167 - Element is displayed:: [[ChromeDriver: chrome on WINDOWS (edb0a54a01bf9d88a5f9f4a677553cdd)] -> xpath: //button[@value='Launch My Learning']]</small> </font> </div>
<div class="test-message">&emsp;3. Enter the user credentials</div>
<div class="test-message">&emsp;Successfully navigated to 'User Home' Page&emsp;<a href=".\ScreenShot\ICar_B2B_TC008_60757580257900.png" target="_blank" >[ScreenShot]</a></div>
<div class="test-event"> <font color="maroon"> <small> &emsp; &emsp;--- 16 Oct 15:39:50 636 - Page URL:: https://www.icarstage.com/</small> </font> </div>
<div class="test-event"> <font color="maroon"> <small> &emsp; &emsp;--- 16 Oct 15:39:50 637 - <b>0</b> - Page Load Wait: (Sync) - ICar.support.Utils.waitForPageLoad(Utils.java:109)</small> </font> </div>
<div class="test-message">&emsp;4. Navigate to My Payment information page</div>
<div class="test-event"> <font color="maroon"> <small> &emsp; &emsp;--- 16 Oct 15:39:50 828 - Page URL:: https://www.icarstage.com/</small> </font> </div>
<div class="test-event"> <font color="maroon"> <small> &emsp; &emsp;--- 16 Oct 15:39:50 828 - <b>0</b> - Page Load Wait: (Sync) - ICar.support.Utils.waitForPageLoad(Utils.java:109)</small> </font> </div>
<div class="test-event"> <font color="maroon"> <small> &emsp; &emsp;--- 16 Oct 15:39:50 890 - Element is displayed:: [[ChromeDriver: chrome on WINDOWS (edb0a54a01bf9d88a5f9f4a677553cdd)] -> xpath: //p[text()='Launch My Learning']]</small> </font> </div>
<div class="test-event"> <font color="maroon"> <small> &emsp; &emsp;--- 16 Oct 15:39:50 929 - Element is displayed:: [[ChromeDriver: chrome on WINDOWS (edb0a54a01bf9d88a5f9f4a677553cdd)] -> xpath: //lightning-layout[@class='left-margin slds-align_absolute-center slds-grid slds-grid_align-spread slds-wrap']//lightning-layout-item[2]//a]</small> </font> </div>
<div class="test-event"> <font color="maroon"> <small> &emsp; &emsp;--- 16 Oct 15:39:53 004 - Element is displayed:: [[ChromeDriver: chrome on WINDOWS (edb0a54a01bf9d88a5f9f4a677553cdd)] -> xpath: //lightning-layout[@class='left-margin slds-align_absolute-center slds-grid slds-grid_align-spread slds-wrap']//lightning-layout-item[2]//a]</small> </font> </div>
<div class="test-event"> <font color="maroon"> <small> &emsp; &emsp;--- 16 Oct 15:39:53 116 - Element is displayed:: [[ChromeDriver: chrome on WINDOWS (edb0a54a01bf9d88a5f9f4a677553cdd)] -> xpath: //ul[@aria-label='Show More']//li[2]/a]</small> </font> </div>
<div class="test-event"> <font color="maroon"> <small> &emsp; &emsp;--- 16 Oct 15:39:53 169 - Element is displayed:: [[ChromeDriver: chrome on WINDOWS (edb0a54a01bf9d88a5f9f4a677553cdd)] -> xpath: //ul[@aria-label='Show More']//li[2]/a]</small> </font> </div>
<div class="test-event"> <font color="maroon"> <small> &emsp; &emsp;--- 16 Oct 15:40:09 601 - Catched spinner load exception due to Expected condition failed: waiting for ICar.support.WaitUtils$4@636673a3 (tried for 15 second(s) with 500 milliseconds interval)</small> </font> </div>
<div class="test-event"> <font color="maroon"> <small> &emsp; &emsp;--- 16 Oct 15:40:09 601 - <b>15</b> - Spinner Load Wait: (Sync) - ICar.support.WaitUtils.waitForSpinner(WaitUtils.java:225)</small> </font> </div>
<div class="test-event"> <font color="maroon"> <small> &emsp; &emsp;--- 16 Oct 15:40:09 721 - Page URL:: https://www.icarstage.com/my-payment-information</small> </font> </div>
<div class="test-event"> <font color="maroon"> <small> &emsp; &emsp;--- 16 Oct 15:40:09 721 - <b>0</b> - Page Load Wait: (Sync) - ICar.support.Utils.waitForPageLoad(Utils.java:109)</small> </font> </div>
<div class="test-event"> <font color="maroon"> <small> &emsp; &emsp;--- 16 Oct 15:40:09 784 - Element is displayed:: [[ChromeDriver: chrome on WINDOWS (edb0a54a01bf9d88a5f9f4a677553cdd)] -> xpath: //a[contains(text(),'Credit Card')]]</small> </font> </div>
<div class="test-event"> <font color="maroon"> <small> &emsp; &emsp;--- 16 Oct 15:40:18 234 - Element Proxy element for: AjaxElementLocator 'By.xpath: //slot[@name='message']', is not displayed in page </small> </font> </div>
<div class="test-message">&emsp;5. Click add bank account button</div>
<div class="test-event"> <font color="maroon"> <small> &emsp; &emsp;--- 16 Oct 15:40:25 337 - Page URL:: https://www.icarstage.com/my-payment-information</small> </font> </div>
<div class="test-event"> <font color="maroon"> <small> &emsp; &emsp;--- 16 Oct 15:40:25 337 - <b>0</b> - Page Load Wait: (Sync) - ICar.support.Utils.waitForPageLoad(Utils.java:109)</small> </font> </div>
<div class="test-event"> <font color="maroon"> <small> &emsp; &emsp;--- 16 Oct 15:40:36 626 - Catched spinner load exception due to Expected condition failed: waiting for ICar.support.WaitUtils$4@636673a3 (tried for 7 second(s) with 500 milliseconds interval)</small> </font> </div>
<div class="test-event"> <font color="maroon"> <small> &emsp; &emsp;--- 16 Oct 15:40:36 627 - <b>7</b> - Spinner Load Wait: (Sync) - ICar.support.WaitUtils.waitForSpinner(WaitUtils.java:225)</small> </font> </div>
<div class="test-event"> <font color="maroon"> <small> &emsp; &emsp;--- 16 Oct 15:40:36 687 - Element is displayed:: [[ChromeDriver: chrome on WINDOWS (edb0a54a01bf9d88a5f9f4a677553cdd)] -> xpath: //a[contains(text(),'Add Bank Account')]]</small> </font> </div>
<div class="test-event"> <font color="maroon"> <small> &emsp; &emsp;--- 16 Oct 15:40:36 831 - Page URL:: https://www.icarstage.com/my-payment-information</small> </font> </div>
<div class="test-event"> <font color="maroon"> <small> &emsp; &emsp;--- 16 Oct 15:40:36 832 - <b>0</b> - Page Load Wait: (Sync) - ICar.support.Utils.waitForPageLoad(Utils.java:109)</small> </font> </div>
<div class="test-event"> <font color="maroon"> <small> &emsp; &emsp;--- 16 Oct 15:40:36 911 - Page URL:: https://www.icarstage.com/my-payment-information</small> </font> </div>
<div class="test-event"> <font color="maroon"> <small> &emsp; &emsp;--- 16 Oct 15:40:36 911 - <b>0</b> - Page Load Wait: (Sync) - ICar.support.Utils.waitForPageLoad(Utils.java:109)</small> </font> </div>
<div class="test-message">&emsp;6. Enter Bank account number and Routing number details</div>
<div class="test-event"> <font color="maroon"> <small> &emsp; &emsp;--- 16 Oct 15:40:36 979 - Page URL:: https://www.icarstage.com/my-payment-information</small> </font> </div>
<div class="test-event"> <font color="maroon"> <small> &emsp; &emsp;--- 16 Oct 15:40:36 979 - <b>0</b> - Page Load Wait: (Sync) - ICar.support.Utils.waitForPageLoad(Utils.java:109)</small> </font> </div>
<div class="test-event"> <font color="maroon"> <small> &emsp; &emsp;--- 16 Oct 15:40:44 227 - Catched spinner load exception due to Expected condition failed: waiting for ICar.support.WaitUtils$4@636673a3 (tried for 7 second(s) with 500 milliseconds interval)</small> </font> </div>
<div class="test-event"> <font color="maroon"> <small> &emsp; &emsp;--- 16 Oct 15:40:44 227 - <b>7</b> - Spinner Load Wait: (Sync) - ICar.support.WaitUtils.waitForSpinner(WaitUtils.java:225)</small> </font> </div>
<div class="test-event"> <font color="maroon"> <small> &emsp; &emsp;--- 16 Oct 15:40:44 316 - Element is displayed:: [[ChromeDriver: chrome on WINDOWS (edb0a54a01bf9d88a5f9f4a677553cdd)] -> xpath: (//div[@class='slds-form-element__control slds-grow']/child::input)[1]]</small> </font> </div>
<div class="test-event"> <font color="maroon"> <small> &emsp; &emsp;--- 16 Oct 15:40:44 639 - Page URL:: https://www.icarstage.com/my-payment-information</small> </font> </div>
<div class="test-event"> <font color="maroon"> <small> &emsp; &emsp;--- 16 Oct 15:40:44 639 - <b>0</b> - Page Load Wait: (Sync) - ICar.support.Utils.waitForPageLoad(Utils.java:109)</small> </font> </div>
<div class="test-event"> <font color="maroon"> <small> &emsp; &emsp;--- 16 Oct 15:40:44 707 - Element is displayed:: [[ChromeDriver: chrome on WINDOWS (edb0a54a01bf9d88a5f9f4a677553cdd)] -> xpath: (//div[@class='slds-form-element__control slds-grow']/child::input)[2]]</small> </font> </div>
<div class="test-event"> <font color="maroon"> <small> &emsp; &emsp;--- 16 Oct 15:40:45 004 - Element is displayed:: [[ChromeDriver: chrome on WINDOWS (edb0a54a01bf9d88a5f9f4a677553cdd)] -> xpath: //button[@title='Add Account']]</small> </font> </div>
<div class="test-event"> <font color="maroon"> <small> &emsp; &emsp;--- 16 Oct 15:40:46 723 - Element is displayed:: [[ChromeDriver: chrome on WINDOWS (edb0a54a01bf9d88a5f9f4a677553cdd)] -> xpath: //slot[@name='message']]</small> </font> </div>
<div class="test-event"> <font color="maroon"> <small> &emsp; &emsp;--- 16 Oct 15:40:46 972 - Page URL:: https://www.icarstage.com/my-payment-information</small> </font> </div>
<div class="test-event"> <font color="maroon"> <small> &emsp; &emsp;--- 16 Oct 15:40:46 972 - <b>0</b> - Page Load Wait: (Sync) - ICar.support.Utils.waitForPageLoad(Utils.java:109)</small> </font> </div>
<div class="test-message">&emsp;Successfully added bank account and verified added bank details in the table grid </div>
<div class="test-result"><br><font color="green"><strong> Test Passed. </strong></font> </div>&emsp;
&emsp;<div class="test-title"> <strong><font size = "3" color = "#0000FF">---Test Execution Ends---</font> </strong> </div>&emsp;]]>
    </system-out>
  </testcase> <!-- ICar_B2B_TC008 -->
  <testcase classname="B2Btestscripts.B2B_Student" name="ICar_B2B_TC045" time="143.474">
    <error message="Timed out after 3 seconds. Unable to locate the element" type="org.openqa.selenium.NoSuchElementException">
      <![CDATA[org.openqa.selenium.NoSuchElementException: Timed out after 3 seconds. Unable to locate the element
at AspireAI.CustomFactories.AjaxElementLocator.findElement(AjaxElementLocator.java:74)
at org.openqa.selenium.support.pagefactory.internal.LocatingElementHandler.invoke(LocatingElementHandler.java:38)
at jdk.proxy2/jdk.proxy2.$Proxy25.getWrappedElement(Unknown Source)
at org.openqa.selenium.remote.internal.WebElementToJsonConverter.apply(WebElementToJsonConverter.java:52)
at java.base/java.util.stream.ReferencePipeline$3$1.accept(ReferencePipeline.java:197)
at java.base/java.util.Spliterators$ArraySpliterator.forEachRemaining(Spliterators.java:948)
at java.base/java.util.stream.AbstractPipeline.copyInto(AbstractPipeline.java:484)
at java.base/java.util.stream.AbstractPipeline.wrapAndCopyInto(AbstractPipeline.java:474)
at java.base/java.util.stream.ReduceOps$ReduceOp.evaluateSequential(ReduceOps.java:913)
at java.base/java.util.stream.AbstractPipeline.evaluate(AbstractPipeline.java:234)
at java.base/java.util.stream.ReferencePipeline.collect(ReferencePipeline.java:682)
at org.openqa.selenium.remote.RemoteWebDriver.executeScript(RemoteWebDriver.java:477)
at ICar.support.BrowserActions.scrollToView(BrowserActions.java:175)
at ICar.Pages.CartPage.enterCreditAmount(CartPage.java:621)
at B2Btestscripts.B2B_Student.ICar_B2B_TC045(B2B_Student.java:3696)
at java.base/jdk.internal.reflect.NativeMethodAccessorImpl.invoke0(Native Method)
at java.base/jdk.internal.reflect.NativeMethodAccessorImpl.invoke(NativeMethodAccessorImpl.java:78)
at java.base/jdk.internal.reflect.DelegatingMethodAccessorImpl.invoke(DelegatingMethodAccessorImpl.java:43)
at java.base/java.lang.reflect.Method.invoke(Method.java:567)
at org.testng.internal.invokers.MethodInvocationHelper.invokeMethod(MethodInvocationHelper.java:139)
at org.testng.internal.invokers.TestInvoker.invokeMethod(TestInvoker.java:664)
at org.testng.internal.invokers.TestInvoker.invokeTestMethod(TestInvoker.java:227)
at org.testng.internal.invokers.TestMethodWithDataProviderMethodWorker.call(TestMethodWithDataProviderMethodWorker.java:80)
at org.testng.internal.invokers.TestMethodWithDataProviderMethodWorker.call(TestMethodWithDataProviderMethodWorker.java:17)
at java.base/java.util.concurrent.FutureTask.run(FutureTask.java:264)
at java.base/java.util.concurrent.Executors$RunnableAdapter.call(Executors.java:515)
at java.base/java.util.concurrent.FutureTask.run(FutureTask.java:264)
at java.base/java.util.concurrent.ThreadPoolExecutor.runWorker(ThreadPoolExecutor.java:1130)
at java.base/java.util.concurrent.ThreadPoolExecutor$Worker.run(ThreadPoolExecutor.java:630)
at java.base/java.lang.Thread.run(Thread.java:831)
Caused by: org.openqa.selenium.NoSuchElementException: no such element: Unable to locate element: {"method":"xpath","selector":"//input[@placeholder='Enter Credits here']"}
  (Session info: chrome=129.0.6668.101)
For documentation on this error, please visit: https://selenium.dev/exceptions/#no_such_element
Build info: version: '4.6.0', revision: '79f1c02ae20'
System info: os.name: 'Windows 10', os.arch: 'amd64', os.version: '10.0', java.version: '16.0.2'
Driver info: org.openqa.selenium.chrome.ChromeDriver
Command: [75824ec15baea104f451c9539f5579cf, findElement {using=xpath, value=//input[@placeholder='Enter Credits here']}]
Capabilities {acceptInsecureCerts: false, browserName: chrome, browserVersion: 129.0.6668.101, chrome: {chromedriverVersion: 129.0.6668.58 (81a06fb873a9..., userDataDir: C:\Users\PRATHA~1.KUM\AppDa...}, fedcm:accounts: true, goog:chromeOptions: {debuggerAddress: localhost:63862}, networkConnectionEnabled: false, pageLoadStrategy: normal, platformName: WINDOWS, proxy: Proxy(), se:cdp: ws://localhost:63862/devtoo..., se:cdpVersion: 129.0.6668.101, setWindowRect: true, strictFileInteractability: false, timeouts: {implicit: 0, pageLoad: 300000, script: 30000}, unhandledPromptBehavior: dismiss and notify, webauthn:extension:credBlob: true, webauthn:extension:largeBlob: true, webauthn:extension:minPinLength: true, webauthn:extension:prf: true, webauthn:virtualAuthenticators: true}
Session ID: 75824ec15baea104f451c9539f5579cf
at jdk.internal.reflect.GeneratedConstructorAccessor68.newInstance(Unknown Source)
at java.base/jdk.internal.reflect.DelegatingConstructorAccessorImpl.newInstance(DelegatingConstructorAccessorImpl.java:45)
at java.base/java.lang.reflect.Constructor.newInstanceWithCaller(Constructor.java:499)
at java.base/java.lang.reflect.Constructor.newInstance(Constructor.java:480)
at org.openqa.selenium.remote.codec.w3c.W3CHttpResponseCodec.createException(W3CHttpResponseCodec.java:200)
at org.openqa.selenium.remote.codec.w3c.W3CHttpResponseCodec.decode(W3CHttpResponseCodec.java:133)
at org.openqa.selenium.remote.codec.w3c.W3CHttpResponseCodec.decode(W3CHttpResponseCodec.java:53)
at org.openqa.selenium.remote.HttpCommandExecutor.execute(HttpCommandExecutor.java:193)
at org.openqa.selenium.remote.service.DriverCommandExecutor.invokeExecute(DriverCommandExecutor.java:183)
at org.openqa.selenium.remote.service.DriverCommandExecutor.execute(DriverCommandExecutor.java:158)
at org.openqa.selenium.remote.RemoteWebDriver.execute(RemoteWebDriver.java:543)
at org.openqa.selenium.remote.ElementLocation$ElementFinder$2.findElement(ElementLocation.java:162)
at org.openqa.selenium.remote.ElementLocation.findElement(ElementLocation.java:60)
at org.openqa.selenium.remote.RemoteWebDriver.findElement(RemoteWebDriver.java:352)
at org.openqa.selenium.remote.RemoteWebDriver.findElement(RemoteWebDriver.java:344)
at AspireAI.CustomFactories.CustomDefaultElementLocator.findElement(CustomDefaultElementLocator.java:55)
at AspireAI.CustomFactories.AjaxElementLocator.access$0(AjaxElementLocator.java:1)
at AspireAI.CustomFactories.AjaxElementLocator$SlowLoadingElement.isLoaded(AjaxElementLocator.java:142)
at org.openqa.selenium.support.ui.SlowLoadableComponent.get(SlowLoadableComponent.java:72)
at AspireAI.CustomFactories.AjaxElementLocator.findElement(AjaxElementLocator.java:71)
... 29 more
]]>
    </error>
    <system-out>
      <![CDATA[<div class="test-event"> <font color="maroon"> <small> &emsp; &emsp;--- 16 Oct 17:10:49 965 - TestCaseID:: ICar_B2B_TC045</small> </font> </div>
<div class="test-event"> <font color="maroon"> <small> &emsp; &emsp;--- 16 Oct 17:10:51 164 - <b>1</b> - Driver::initialize::Get - ICar.support.WebDriverFactory.getDriver(WebDriverFactory.java:640)</small> </font> </div>
&emsp;<div class="test-title"> <strong><font size = "3" color = "#000080">Ability to apply credit points and proceed check out</font> </strong> </div>&emsp;<div><strong>Steps:</strong></div><!-- Report -->&emsp;
<div class="test-event"> <font color="maroon"> <small> &emsp; &emsp;--- 16 Oct 17:10:56 516 - Element is displayed:: [[ChromeDriver: chrome on WINDOWS (75824ec15baea104f451c9539f5579cf)] -> xpath: //a/img[@alt='Login Image']|//button[@id='btn-login']]</small> </font> </div>
<div class="test-event"> <font color="maroon"> <small> &emsp; &emsp;--- 16 Oct 17:10:56 846 - Element is displayed:: [[ChromeDriver: chrome on WINDOWS (75824ec15baea104f451c9539f5579cf)] -> xpath: //a/img[@alt='Login Image']|//button[@id='btn-login']]</small> </font> </div>
<div class="test-message">&emsp;Successfully navigated to 'Home' Page&emsp;<a href=".\ScreenShot\ICar_B2B_TC045_66224259125800.png" target="_blank" >[ScreenShot]</a></div>
<div class="test-message">&emsp;1. Home page is launched.</div>
<div class="test-event"> <font color="maroon"> <small> &emsp; &emsp;--- 16 Oct 17:10:58 021 - Page URL:: https://www.icarstage.com/</small> </font> </div>
<div class="test-event"> <font color="maroon"> <small> &emsp; &emsp;--- 16 Oct 17:10:58 021 - <b>0</b> - Page Load Wait: (Sync) - ICar.support.Utils.waitForPageLoad(Utils.java:109)</small> </font> </div>
<div class="test-event"> <font color="maroon"> <small> &emsp; &emsp;--- 16 Oct 17:10:58 056 - Element is displayed:: [[ChromeDriver: chrome on WINDOWS (75824ec15baea104f451c9539f5579cf)] -> xpath: //a/img[@alt='Login Image']|//button[@id='btn-login']]</small> </font> </div>
<div class="test-event"> <font color="maroon"> <small> &emsp; &emsp;--- 16 Oct 17:10:58 104 - Element is displayed:: [[ChromeDriver: chrome on WINDOWS (75824ec15baea104f451c9539f5579cf)] -> xpath: //a/img[@alt='Login Image']|//button[@id='btn-login']]</small> </font> </div>
<div class="test-event"> <font color="maroon"> <small> &emsp; &emsp;--- 16 Oct 17:11:19 548 - Catched spinner load exception due to Expected condition failed: waiting for ICar.support.WaitUtils$4@636673a3 (tried for 15 second(s) with 500 milliseconds interval)</small> </font> </div>
<div class="test-event"> <font color="maroon"> <small> &emsp; &emsp;--- 16 Oct 17:11:19 548 - <b>15</b> - Spinner Load Wait: (Sync) - ICar.support.WaitUtils.waitForSpinner(WaitUtils.java:225)</small> </font> </div>
<div class="test-message">&emsp;2. Navigate to 'Login Page'</div>
<div class="test-message">&emsp;Successfully navigated to 'Login' Page&emsp;<a href=".\ScreenShot\ICar_B2B_TC045_66246963521100.png" target="_blank" >[ScreenShot]</a></div>
<div class="test-event"> <font color="maroon"> <small> &emsp; &emsp;--- 16 Oct 17:11:19 805 - Element is displayed:: [[ChromeDriver: chrome on WINDOWS (75824ec15baea104f451c9539f5579cf)] -> id: username]</small> </font> </div>
<div class="test-event"> <font color="maroon"> <small> &emsp; &emsp;--- 16 Oct 17:11:19 860 - Element is displayed:: [[ChromeDriver: chrome on WINDOWS (75824ec15baea104f451c9539f5579cf)] -> id: username]</small> </font> </div>
<div class="test-event"> <font color="maroon"> <small> &emsp; &emsp;--- 16 Oct 17:11:20 117 - Element is displayed:: [[ChromeDriver: chrome on WINDOWS (75824ec15baea104f451c9539f5579cf)] -> id: password]</small> </font> </div>
<div class="test-event"> <font color="maroon"> <small> &emsp; &emsp;--- 16 Oct 17:11:20 317 - Element is displayed:: [[ChromeDriver: chrome on WINDOWS (75824ec15baea104f451c9539f5579cf)] -> id: btn-login]</small> </font> </div>
<div class="test-event"> <font color="maroon"> <small> &emsp; &emsp;--- 16 Oct 17:11:25 204 - Catched spinner load exception due to Expected condition failed: waiting for ICar.support.WaitUtils$4@636673a3 (tried for 3 second(s) with 500 milliseconds interval)</small> </font> </div>
<div class="test-event"> <font color="maroon"> <small> &emsp; &emsp;--- 16 Oct 17:11:25 204 - <b>4</b> - Spinner Load Wait: (Sync) - ICar.support.WaitUtils.waitForSpinner(WaitUtils.java:225)</small> </font> </div>
<div class="test-event"> <font color="maroon"> <small> &emsp; &emsp;--- 16 Oct 17:11:47 420 - Catched spinner load exception due to Expected condition failed: waiting for ICar.support.WaitUtils$4@636673a3 (tried for 10 second(s) with 500 milliseconds interval)</small> </font> </div>
<div class="test-event"> <font color="maroon"> <small> &emsp; &emsp;--- 16 Oct 17:11:47 420 - <b>10</b> - Spinner Load Wait: (Sync) - ICar.support.WaitUtils.waitForSpinner(WaitUtils.java:225)</small> </font> </div>
<div class="test-event"> <font color="maroon"> <small> &emsp; &emsp;--- 16 Oct 17:11:47 493 - Element is displayed:: [[ChromeDriver: chrome on WINDOWS (75824ec15baea104f451c9539f5579cf)] -> xpath: //button[@value='Launch My Learning']]</small> </font> </div>
<div class="test-message">&emsp;3. Enter the user credentials. Username = pkelly123</div>
<div class="test-message">&emsp;Successfully navigated to 'User Home' Page&emsp;<a href=".\ScreenShot\ICar_B2B_TC045_66274905379200.png" target="_blank" >[ScreenShot]</a></div>
<div class="test-event"> <font color="maroon"> <small> &emsp; &emsp;--- 16 Oct 17:11:47 769 - Element is displayed:: [[ChromeDriver: chrome on WINDOWS (75824ec15baea104f451c9539f5579cf)] -> xpath: //input[contains(@placeholder,'Search')]]</small> </font> </div>
<div class="test-event"> <font color="maroon"> <small> &emsp; &emsp;--- 16 Oct 17:11:47 826 - Element is displayed:: [[ChromeDriver: chrome on WINDOWS (75824ec15baea104f451c9539f5579cf)] -> xpath: //input[contains(@placeholder,'Search')]]</small> </font> </div>
<div class="test-event"> <font color="maroon"> <small> &emsp; &emsp;--- 16 Oct 17:11:56 228 - Element is displayed:: [[[[ChromeDriver: chrome on WINDOWS (75824ec15baea104f451c9539f5579cf)] -> xpath: //c-b2b_custom-search-results-list[contains(@data-component-id,'b2b_customSearchResultsList')]/div/div[2]//table/tbody/tr[1]/td/div]] -> xpath: a]</small> </font> </div>
<div class="test-event"> <font color="maroon"> <small> &emsp; &emsp;--- 16 Oct 17:12:08 298 - Catched spinner load exception due to Expected condition failed: waiting for ICar.support.WaitUtils$4@636673a3 (tried for 10 second(s) with 500 milliseconds interval)</small> </font> </div>
<div class="test-event"> <font color="maroon"> <small> &emsp; &emsp;--- 16 Oct 17:12:08 298 - <b>10</b> - Spinner Load Wait: (Sync) - ICar.support.WaitUtils.waitForSpinner(WaitUtils.java:225)</small> </font> </div>
<div class="test-event"> <font color="maroon"> <small> &emsp; &emsp;--- 16 Oct 17:12:10 375 - Element is displayed:: [[ChromeDriver: chrome on WINDOWS (75824ec15baea104f451c9539f5579cf)] -> xpath: //button[text()='Add to Cart']]</small> </font> </div>
<div class="test-event"> <font color="maroon"> <small> &emsp; &emsp;--- 16 Oct 17:12:10 477 - Element is displayed:: [[ChromeDriver: chrome on WINDOWS (75824ec15baea104f451c9539f5579cf)] -> xpath: //div[@class='HeaderCart_Icon']/a]</small> </font> </div>
<div class="test-event"> <font color="maroon"> <small> &emsp; &emsp;--- 16 Oct 17:12:17 574 - Element is displayed:: [[ChromeDriver: chrome on WINDOWS (75824ec15baea104f451c9539f5579cf)] -> xpath: //div[@class='HeaderCart_Icon']/a]</small> </font> </div>
<div class="test-message">&emsp;4. Search and add course to the cart Course Name=PL3 Auto Physical Damage Appraiser</div>
<div class="test-message">&emsp;5. Click cart icon and navigate to cart summary</div>
<div class="test-event"> <font color="maroon"> <small> &emsp; &emsp;--- 16 Oct 17:12:19 257 - Page URL:: https://www.icarstage.com/cart</small> </font> </div>
<div class="test-event"> <font color="maroon"> <small> &emsp; &emsp;--- 16 Oct 17:12:19 257 - <b>0</b> - Page Load Wait: (Sync) - ICar.support.Utils.waitForPageLoad(Utils.java:109)</small> </font> </div>
<div class="test-event"> <font color="maroon"> <small> &emsp; &emsp;--- 16 Oct 17:12:19 321 - Element is displayed:: [[ChromeDriver: chrome on WINDOWS (75824ec15baea104f451c9539f5579cf)] -> xpath: //p[text()='Launch My Learning']]</small> </font> </div>
<div class="test-event"> <font color="maroon"> <small> &emsp; &emsp;--- 16 Oct 17:12:39 569 - Catched spinner load exception due to Expected condition failed: waiting for ICar.support.WaitUtils$4@636673a3 (tried for 20 second(s) with 500 milliseconds interval)</small> </font> </div>
<div class="test-event"> <font color="maroon"> <small> &emsp; &emsp;--- 16 Oct 17:12:39 569 - <b>20</b> - Spinner Load Wait: (Sync) - ICar.support.WaitUtils.waitForSpinner(WaitUtils.java:225)</small> </font> </div>
<div class="test-event"> <font color="maroon"> <small> &emsp; &emsp;--- 16 Oct 17:12:39 612 - Element is displayed:: [[ChromeDriver: chrome on WINDOWS (75824ec15baea104f451c9539f5579cf)] -> xpath: //div[@class='HeaderCart_Icon']/a]</small> </font> </div>
<div class="test-event"> <font color="maroon"> <small> &emsp; &emsp;--- 16 Oct 17:12:41 705 - Element is displayed:: [[ChromeDriver: chrome on WINDOWS (75824ec15baea104f451c9539f5579cf)] -> xpath: //div[@class='HeaderCart_Icon']/a]</small> </font> </div>
<div class="test-event"> <font color="maroon"> <small> &emsp; &emsp;--- 16 Oct 17:13:00 815 - Catched spinner load exception due to Expected condition failed: waiting for ICar.support.WaitUtils$4@636673a3 (tried for 15 second(s) with 500 milliseconds interval)</small> </font> </div>
<div class="test-event"> <font color="maroon"> <small> &emsp; &emsp;--- 16 Oct 17:13:00 816 - <b>15</b> - Spinner Load Wait: (Sync) - ICar.support.WaitUtils.waitForSpinner(WaitUtils.java:225)</small> </font> </div>
<div class="test-event"> <font color="maroon"> <small> &emsp; &emsp;--- 16 Oct 17:13:00 928 - Page URL:: https://www.icarstage.com/cart</small> </font> </div>
<div class="test-event"> <font color="maroon"> <small> &emsp; &emsp;--- 16 Oct 17:13:00 928 - <b>0</b> - Page Load Wait: (Sync) - ICar.support.Utils.waitForPageLoad(Utils.java:109)</small> </font> </div>
<div class="test-event"> <font color="maroon"> <small> &emsp; &emsp;--- 16 Oct 17:13:10 657 - Unable to find a element after 6 sec ==> Proxy element for: AjaxElementLocator 'By.xpath: //button[text()='Continue to Checkout']'</small> </font> </div>
<div class="test-event"> <font color="maroon"> <small> &emsp; &emsp;--- 16 Oct 17:13:10 718 - Element is displayed:: [[ChromeDriver: chrome on WINDOWS (75824ec15baea104f451c9539f5579cf)] -> xpath: //button[text()='Empty Cart']]</small> </font> </div>
<div class="test-message">&emsp;Successfully navigated to 'My Cart' Page&emsp;<a href=".\ScreenShot\ICar_B2B_TC045_66358130274600.png" target="_blank" >[ScreenShot]</a></div>
<div class="test-message">&emsp;6. Enter credit amount2</div>
<!--FAIL-->
<div class="test-result"><br><font color="red"><strong> Timed out after 3 seconds. Unable to locate the element </strong></font> <a href=".\ScreenShot\ICar_B2B_TC045_66361550233100.png" target="_blank" >[ScreenShot]</a></div>&emsp;
&emsp;<div class="test-title"> <strong><font size = "3" color = "#0000FF">---Test Execution Ends---</font> </strong> </div>&emsp;]]>
    </system-out>
  </testcase> <!-- ICar_B2B_TC045 -->
  <testcase classname="B2Btestscripts.B2B_Student" name="ICar_B2B_TC052" time="100.555">
    <system-out>
      <![CDATA[<div class="test-event"> <font color="maroon"> <small> &emsp; &emsp;--- 16 Oct 17:21:43 026 - TestCaseID:: ICar_B2B_TC052</small> </font> </div>
<div class="test-event"> <font color="maroon"> <small> &emsp; &emsp;--- 16 Oct 17:21:44 313 - <b>1</b> - Driver::initialize::Get - ICar.support.WebDriverFactory.getDriver(WebDriverFactory.java:640)</small> </font> </div>
&emsp;<div class="test-title"> <strong><font size = "3" color = "#000080">Verify price calculator button is enabled</font> </strong> </div>&emsp;<div><strong>Steps:</strong></div><!-- Report -->&emsp;
<div class="test-event"> <font color="maroon"> <small> &emsp; &emsp;--- 16 Oct 17:21:50 606 - Element is displayed:: [[ChromeDriver: chrome on WINDOWS (1c62c05ac8cb25030cddeaaf51716c5f)] -> xpath: //a/img[@alt='Login Image']|//button[@id='btn-login']]</small> </font> </div>
<div class="test-event"> <font color="maroon"> <small> &emsp; &emsp;--- 16 Oct 17:21:50 657 - Element is displayed:: [[ChromeDriver: chrome on WINDOWS (1c62c05ac8cb25030cddeaaf51716c5f)] -> xpath: //a/img[@alt='Login Image']|//button[@id='btn-login']]</small> </font> </div>
<div class="test-message">&emsp;Successfully navigated to 'Home' Page&emsp;<a href=".\ScreenShot\ICar_B2B_TC052_66878069042500.png" target="_blank" >[ScreenShot]</a></div>
<div class="test-message">&emsp;1. Home page is launched.</div>
<div class="test-event"> <font color="maroon"> <small> &emsp; &emsp;--- 16 Oct 17:21:51 135 - Page URL:: https://www.icarstage.com/</small> </font> </div>
<div class="test-event"> <font color="maroon"> <small> &emsp; &emsp;--- 16 Oct 17:21:51 135 - <b>0</b> - Page Load Wait: (Sync) - ICar.support.Utils.waitForPageLoad(Utils.java:109)</small> </font> </div>
<div class="test-event"> <font color="maroon"> <small> &emsp; &emsp;--- 16 Oct 17:21:51 169 - Element is displayed:: [[ChromeDriver: chrome on WINDOWS (1c62c05ac8cb25030cddeaaf51716c5f)] -> xpath: //a/img[@alt='Login Image']|//button[@id='btn-login']]</small> </font> </div>
<div class="test-event"> <font color="maroon"> <small> &emsp; &emsp;--- 16 Oct 17:21:51 220 - Element is displayed:: [[ChromeDriver: chrome on WINDOWS (1c62c05ac8cb25030cddeaaf51716c5f)] -> xpath: //a/img[@alt='Login Image']|//button[@id='btn-login']]</small> </font> </div>
<div class="test-event"> <font color="maroon"> <small> &emsp; &emsp;--- 16 Oct 17:22:09 479 - Catched spinner load exception due to Expected condition failed: waiting for ICar.support.WaitUtils$4@636673a3 (tried for 15 second(s) with 500 milliseconds interval)</small> </font> </div>
<div class="test-event"> <font color="maroon"> <small> &emsp; &emsp;--- 16 Oct 17:22:09 479 - <b>15</b> - Spinner Load Wait: (Sync) - ICar.support.WaitUtils.waitForSpinner(WaitUtils.java:225)</small> </font> </div>
<div class="test-message">&emsp;2. Login page  should be successfully display</div>
<div class="test-message">&emsp;Successfully navigated to 'Login' Page&emsp;<a href=".\ScreenShot\ICar_B2B_TC052_66896894216600.png" target="_blank" >[ScreenShot]</a></div>
<div class="test-event"> <font color="maroon"> <small> &emsp; &emsp;--- 16 Oct 17:22:10 766 - Element is displayed:: [[ChromeDriver: chrome on WINDOWS (1c62c05ac8cb25030cddeaaf51716c5f)] -> id: username]</small> </font> </div>
<div class="test-event"> <font color="maroon"> <small> &emsp; &emsp;--- 16 Oct 17:22:10 821 - Element is displayed:: [[ChromeDriver: chrome on WINDOWS (1c62c05ac8cb25030cddeaaf51716c5f)] -> id: username]</small> </font> </div>
<div class="test-event"> <font color="maroon"> <small> &emsp; &emsp;--- 16 Oct 17:22:11 017 - Element is displayed:: [[ChromeDriver: chrome on WINDOWS (1c62c05ac8cb25030cddeaaf51716c5f)] -> id: password]</small> </font> </div>
<div class="test-event"> <font color="maroon"> <small> &emsp; &emsp;--- 16 Oct 17:22:11 165 - Element is displayed:: [[ChromeDriver: chrome on WINDOWS (1c62c05ac8cb25030cddeaaf51716c5f)] -> id: btn-login]</small> </font> </div>
<div class="test-event"> <font color="maroon"> <small> &emsp; &emsp;--- 16 Oct 17:22:19 125 - Catched spinner load exception due to Expected condition failed: waiting for ICar.support.WaitUtils$4@636673a3 (tried for 3 second(s) with 500 milliseconds interval)</small> </font> </div>
<div class="test-event"> <font color="maroon"> <small> &emsp; &emsp;--- 16 Oct 17:22:19 125 - <b>7</b> - Spinner Load Wait: (Sync) - ICar.support.WaitUtils.waitForSpinner(WaitUtils.java:225)</small> </font> </div>
<div class="test-event"> <font color="maroon"> <small> &emsp; &emsp;--- 16 Oct 17:22:43 859 - Catched spinner load exception due to Expected condition failed: waiting for ICar.support.WaitUtils$4@636673a3 (tried for 10 second(s) with 500 milliseconds interval)</small> </font> </div>
<div class="test-event"> <font color="maroon"> <small> &emsp; &emsp;--- 16 Oct 17:22:43 860 - <b>10</b> - Spinner Load Wait: (Sync) - ICar.support.WaitUtils.waitForSpinner(WaitUtils.java:225)</small> </font> </div>
<div class="test-event"> <font color="maroon"> <small> &emsp; &emsp;--- 16 Oct 17:22:43 930 - Element is displayed:: [[ChromeDriver: chrome on WINDOWS (1c62c05ac8cb25030cddeaaf51716c5f)] -> xpath: //button[@value='Launch My Learning']]</small> </font> </div>
<div class="test-message">&emsp;3. Enter the user credentials as : pkelly123</div>
<div class="test-message">&emsp;Successfully navigated to 'User Home' Page&emsp;<a href=".\ScreenShot\ICar_B2B_TC052_66931342021599.png" target="_blank" >[ScreenShot]</a></div>
<div class="test-event"> <font color="maroon"> <small> &emsp; &emsp;--- 16 Oct 17:22:44 574 - Element is displayed:: [[ChromeDriver: chrome on WINDOWS (1c62c05ac8cb25030cddeaaf51716c5f)] -> xpath: //a[contains(text(),'Browse Catalog')]]</small> </font> </div>
<div class="test-event"> <font color="maroon"> <small> &emsp; &emsp;--- 16 Oct 17:22:44 629 - Element is displayed:: [[ChromeDriver: chrome on WINDOWS (1c62c05ac8cb25030cddeaaf51716c5f)] -> xpath: //a[contains(text(),'Browse Catalog')]]</small> </font> </div>
<div class="test-message">&emsp;4.Clicked on Browse Catalog</div>
<div class="test-event"> <font color="maroon"> <small> &emsp; &emsp;--- 16 Oct 17:22:53 199 - Catched spinner load exception due to Expected condition failed: waiting for ICar.support.WaitUtils$4@636673a3 (tried for 6 second(s) with 500 milliseconds interval)</small> </font> </div>
<div class="test-event"> <font color="maroon"> <small> &emsp; &emsp;--- 16 Oct 17:22:53 199 - <b>6</b> - Spinner Load Wait: (Sync) - ICar.support.WaitUtils.waitForSpinner(WaitUtils.java:225)</small> </font> </div>
<div class="test-event"> <font color="maroon"> <small> &emsp; &emsp;--- 16 Oct 17:23:01 529 - Catched spinner load exception due to Expected condition failed: waiting for ICar.support.WaitUtils$4@636673a3 (tried for 6 second(s) with 500 milliseconds interval)</small> </font> </div>
<div class="test-event"> <font color="maroon"> <small> &emsp; &emsp;--- 16 Oct 17:23:01 529 - <b>6</b> - Spinner Load Wait: (Sync) - ICar.support.WaitUtils.waitForSpinner(WaitUtils.java:225)</small> </font> </div>
<div class="test-event"> <font color="maroon"> <small> &emsp; &emsp;--- 16 Oct 17:23:01 595 - Element is displayed:: [[ChromeDriver: chrome on WINDOWS (1c62c05ac8cb25030cddeaaf51716c5f)] -> xpath: //lightning-input[@data-filter-id='Welding']//input]</small> </font> </div>
<div class="test-event"> <font color="maroon"> <small> &emsp; &emsp;--- 16 Oct 17:23:07 896 - Catched spinner load exception due to Expected condition failed: waiting for ICar.support.WaitUtils$4@636673a3 (tried for 6 second(s) with 500 milliseconds interval)</small> </font> </div>
<div class="test-event"> <font color="maroon"> <small> &emsp; &emsp;--- 16 Oct 17:23:07 896 - <b>6</b> - Spinner Load Wait: (Sync) - ICar.support.WaitUtils.waitForSpinner(WaitUtils.java:225)</small> </font> </div>
<div class="test-event"> <font color="maroon"> <small> &emsp; &emsp;--- 16 Oct 17:23:09 960 - Element is displayed:: [[ChromeDriver: chrome on WINDOWS (1c62c05ac8cb25030cddeaaf51716c5f)] -> xpath: //section[@class='main-section']//section[@class='fields-area']/a]</small> </font> </div>
<div class="test-event"> <font color="maroon"> <small> &emsp; &emsp;--- 16 Oct 17:23:14 051 - Element is displayed:: [[ChromeDriver: chrome on WINDOWS (1c62c05ac8cb25030cddeaaf51716c5f)] -> xpath: //section[@class='main-section']//section[@class='fields-area']/a]</small> </font> </div>
<div class="test-event"> <font color="maroon"> <small> &emsp; &emsp;--- 16 Oct 17:23:22 246 - Catched spinner load exception due to Expected condition failed: waiting for ICar.support.WaitUtils$4@636673a3 (tried for 6 second(s) with 500 milliseconds interval)</small> </font> </div>
<div class="test-event"> <font color="maroon"> <small> &emsp; &emsp;--- 16 Oct 17:23:22 246 - <b>6</b> - Spinner Load Wait: (Sync) - ICar.support.WaitUtils.waitForSpinner(WaitUtils.java:225)</small> </font> </div>
<div class="test-message">&emsp;5.Clicked on the course'Recertification: Aluminum GMA (MIG) Welding' in Welding Training & Certification</div>
<div class="test-event"> <font color="maroon"> <small> &emsp; &emsp;--- 16 Oct 17:23:22 291 - Element is displayed:: [[ChromeDriver: chrome on WINDOWS (1c62c05ac8cb25030cddeaaf51716c5f)] -> xpath: //a[text()='Use Price Calculator']]</small> </font> </div>
<div class="test-message">&emsp;Price calculator button is displayed and enabled&emsp;<a href=".\ScreenShot\ICar_B2B_TC052_66971772229200.png" target="_blank" >[ScreenShot]</a></div>
<div class="test-result"><br><font color="green"><strong> Test Passed. </strong></font> </div>&emsp;
&emsp;<div class="test-title"> <strong><font size = "3" color = "#0000FF">---Test Execution Ends---</font> </strong> </div>&emsp;]]>
    </system-out>
  </testcase> <!-- ICar_B2B_TC052 -->
  <testcase classname="B2Btestscripts.B2B_Student" name="ICar_B2B_TC012" time="78.446">
    <system-out>
      <![CDATA[<div class="test-event"> <font color="maroon"> <small> &emsp; &emsp;--- 16 Oct 15:46:29 682 - TestCaseID:: ICar_B2B_TC012</small> </font> </div>
<div class="test-event"> <font color="maroon"> <small> &emsp; &emsp;--- 16 Oct 15:46:30 723 - <b>1</b> - Driver::initialize::Get - ICar.support.WebDriverFactory.getDriver(WebDriverFactory.java:640)</small> </font> </div>
&emsp;<div class="test-title"> <strong><font size = "3" color = "#000080">Verify searching my purchases using shop option shows searched results</font> </strong> </div>&emsp;<div><strong>Steps:</strong></div><!-- Report -->&emsp;
<div class="test-event"> <font color="maroon"> <small> &emsp; &emsp;--- 16 Oct 15:46:37 549 - Element is displayed:: [[ChromeDriver: chrome on WINDOWS (23d8223b46596d305a1b0b43e8f633bd)] -> xpath: //a/img[@alt='Login Image']|//button[@id='btn-login']]</small> </font> </div>
<div class="test-event"> <font color="maroon"> <small> &emsp; &emsp;--- 16 Oct 15:46:37 612 - Element is displayed:: [[ChromeDriver: chrome on WINDOWS (23d8223b46596d305a1b0b43e8f633bd)] -> xpath: //a/img[@alt='Login Image']|//button[@id='btn-login']]</small> </font> </div>
<div class="test-message">&emsp;Successfully navigated to 'Home' Page&emsp;<a href=".\ScreenShot\ICar_B2B_TC012_61165025168700.png" target="_blank" >[ScreenShot]</a></div>
<div class="test-message">&emsp;1. Home page is launched.</div>
<div class="test-event"> <font color="maroon"> <small> &emsp; &emsp;--- 16 Oct 15:46:37 980 - Page URL:: https://www.icarstage.com/</small> </font> </div>
<div class="test-event"> <font color="maroon"> <small> &emsp; &emsp;--- 16 Oct 15:46:37 980 - <b>0</b> - Page Load Wait: (Sync) - ICar.support.Utils.waitForPageLoad(Utils.java:109)</small> </font> </div>
<div class="test-event"> <font color="maroon"> <small> &emsp; &emsp;--- 16 Oct 15:46:38 017 - Element is displayed:: [[ChromeDriver: chrome on WINDOWS (23d8223b46596d305a1b0b43e8f633bd)] -> xpath: //a/img[@alt='Login Image']|//button[@id='btn-login']]</small> </font> </div>
<div class="test-event"> <font color="maroon"> <small> &emsp; &emsp;--- 16 Oct 15:46:38 075 - Element is displayed:: [[ChromeDriver: chrome on WINDOWS (23d8223b46596d305a1b0b43e8f633bd)] -> xpath: //a/img[@alt='Login Image']|//button[@id='btn-login']]</small> </font> </div>
<div class="test-event"> <font color="maroon"> <small> &emsp; &emsp;--- 16 Oct 15:46:55 900 - Catched spinner load exception due to Expected condition failed: waiting for ICar.support.WaitUtils$4@636673a3 (tried for 15 second(s) with 500 milliseconds interval)</small> </font> </div>
<div class="test-event"> <font color="maroon"> <small> &emsp; &emsp;--- 16 Oct 15:46:55 900 - <b>15</b> - Spinner Load Wait: (Sync) - ICar.support.WaitUtils.waitForSpinner(WaitUtils.java:225)</small> </font> </div>
<div class="test-message">&emsp;2. Navigate to 'Login Page'</div>
<div class="test-message">&emsp;Successfully navigated to 'Login' Page&emsp;<a href=".\ScreenShot\ICar_B2B_TC012_61183316046900.png" target="_blank" >[ScreenShot]</a></div>
<div class="test-event"> <font color="maroon"> <small> &emsp; &emsp;--- 16 Oct 15:46:56 128 - Element is displayed:: [[ChromeDriver: chrome on WINDOWS (23d8223b46596d305a1b0b43e8f633bd)] -> id: username]</small> </font> </div>
<div class="test-event"> <font color="maroon"> <small> &emsp; &emsp;--- 16 Oct 15:46:56 258 - Element is displayed:: [[ChromeDriver: chrome on WINDOWS (23d8223b46596d305a1b0b43e8f633bd)] -> id: username]</small> </font> </div>
<div class="test-event"> <font color="maroon"> <small> &emsp; &emsp;--- 16 Oct 15:46:56 532 - Element is displayed:: [[ChromeDriver: chrome on WINDOWS (23d8223b46596d305a1b0b43e8f633bd)] -> id: password]</small> </font> </div>
<div class="test-event"> <font color="maroon"> <small> &emsp; &emsp;--- 16 Oct 15:46:56 755 - Element is displayed:: [[ChromeDriver: chrome on WINDOWS (23d8223b46596d305a1b0b43e8f633bd)] -> id: btn-login]</small> </font> </div>
<div class="test-event"> <font color="maroon"> <small> &emsp; &emsp;--- 16 Oct 15:47:02 758 - Catched spinner load exception due to Expected condition failed: waiting for ICar.support.WaitUtils$4@636673a3 (tried for 3 second(s) with 500 milliseconds interval)</small> </font> </div>
<div class="test-event"> <font color="maroon"> <small> &emsp; &emsp;--- 16 Oct 15:47:02 758 - <b>5</b> - Spinner Load Wait: (Sync) - ICar.support.WaitUtils.waitForSpinner(WaitUtils.java:225)</small> </font> </div>
<div class="test-event"> <font color="maroon"> <small> &emsp; &emsp;--- 16 Oct 15:47:25 638 - Catched spinner load exception due to Expected condition failed: waiting for ICar.support.WaitUtils$4@636673a3 (tried for 10 second(s) with 500 milliseconds interval)</small> </font> </div>
<div class="test-event"> <font color="maroon"> <small> &emsp; &emsp;--- 16 Oct 15:47:25 638 - <b>10</b> - Spinner Load Wait: (Sync) - ICar.support.WaitUtils.waitForSpinner(WaitUtils.java:225)</small> </font> </div>
<div class="test-event"> <font color="maroon"> <small> &emsp; &emsp;--- 16 Oct 15:47:25 712 - Element is displayed:: [[ChromeDriver: chrome on WINDOWS (23d8223b46596d305a1b0b43e8f633bd)] -> xpath: //button[@value='Launch My Learning']]</small> </font> </div>
<div class="test-message">&emsp;3. Enter the user credentials UserName:-Angielex</div>
<div class="test-message">&emsp;Successfully navigated to 'User Home' Page&emsp;<a href=".\ScreenShot\ICar_B2B_TC012_61213125021200.png" target="_blank" >[ScreenShot]</a></div>
<div class="test-message">&emsp;4. Navigate to my purchase page</div>
<div class="test-event"> <font color="maroon"> <small> &emsp; &emsp;--- 16 Oct 15:47:26 091 - Page URL:: https://www.icarstage.com/</small> </font> </div>
<div class="test-event"> <font color="maroon"> <small> &emsp; &emsp;--- 16 Oct 15:47:26 091 - <b>0</b> - Page Load Wait: (Sync) - ICar.support.Utils.waitForPageLoad(Utils.java:109)</small> </font> </div>
<div class="test-event"> <font color="maroon"> <small> &emsp; &emsp;--- 16 Oct 15:47:26 146 - Element is displayed:: [[ChromeDriver: chrome on WINDOWS (23d8223b46596d305a1b0b43e8f633bd)] -> xpath: //p[text()='Launch My Learning']]</small> </font> </div>
<div class="test-event"> <font color="maroon"> <small> &emsp; &emsp;--- 16 Oct 15:47:26 186 - Element is displayed:: [[ChromeDriver: chrome on WINDOWS (23d8223b46596d305a1b0b43e8f633bd)] -> xpath: //lightning-layout[@class='left-margin slds-align_absolute-center slds-grid slds-grid_align-spread slds-wrap']//lightning-layout-item[2]//a]</small> </font> </div>
<div class="test-event"> <font color="maroon"> <small> &emsp; &emsp;--- 16 Oct 15:47:28 281 - Element is displayed:: [[ChromeDriver: chrome on WINDOWS (23d8223b46596d305a1b0b43e8f633bd)] -> xpath: //lightning-layout[@class='left-margin slds-align_absolute-center slds-grid slds-grid_align-spread slds-wrap']//lightning-layout-item[2]//a]</small> </font> </div>
<div class="test-event"> <font color="maroon"> <small> &emsp; &emsp;--- 16 Oct 15:47:28 387 - Element is displayed:: [[ChromeDriver: chrome on WINDOWS (23d8223b46596d305a1b0b43e8f633bd)] -> xpath: //ul[@aria-label='Show More']//li[3]/a]</small> </font> </div>
<div class="test-event"> <font color="maroon"> <small> &emsp; &emsp;--- 16 Oct 15:47:28 444 - Element is displayed:: [[ChromeDriver: chrome on WINDOWS (23d8223b46596d305a1b0b43e8f633bd)] -> xpath: //ul[@aria-label='Show More']//li[3]/a]</small> </font> </div>
<div class="test-event"> <font color="maroon"> <small> &emsp; &emsp;--- 16 Oct 15:47:45 057 - Catched spinner load exception due to Expected condition failed: waiting for ICar.support.WaitUtils$4@636673a3 (tried for 15 second(s) with 500 milliseconds interval)</small> </font> </div>
<div class="test-event"> <font color="maroon"> <small> &emsp; &emsp;--- 16 Oct 15:47:45 057 - <b>15</b> - Spinner Load Wait: (Sync) - ICar.support.WaitUtils.waitForSpinner(WaitUtils.java:225)</small> </font> </div>
<div class="test-event"> <font color="maroon"> <small> &emsp; &emsp;--- 16 Oct 15:47:45 166 - Page URL:: https://www.icarstage.com/my-purchases</small> </font> </div>
<div class="test-event"> <font color="maroon"> <small> &emsp; &emsp;--- 16 Oct 15:47:45 166 - <b>0</b> - Page Load Wait: (Sync) - ICar.support.Utils.waitForPageLoad(Utils.java:109)</small> </font> </div>
<div class="test-event"> <font color="maroon"> <small> &emsp; &emsp;--- 16 Oct 15:47:45 222 - Element is displayed:: [[ChromeDriver: chrome on WINDOWS (23d8223b46596d305a1b0b43e8f633bd)] -> xpath: //button[text()='Search']]</small> </font> </div>
<div class="test-message">&emsp;5. Verify shops are displayed under shop drop down</div>
<div class="test-message">&emsp;Successfully no shops are listed&emsp;<a href=".\ScreenShot\ICar_B2B_TC012_61235840710700.png" target="_blank" >[ScreenShot]</a></div>
<div class="test-result"><br><font color="green"><strong> Test Passed. </strong></font> </div>&emsp;
&emsp;<div class="test-title"> <strong><font size = "3" color = "#0000FF">---Test Execution Ends---</font> </strong> </div>&emsp;]]>
    </system-out>
  </testcase> <!-- ICar_B2B_TC012 -->
  <testcase classname="B2Btestscripts.B2B_Student" name="ICar_B2B_TC048" time="121.188">
    <failure message="Failed to  verify the course already enrolled message" type="java.lang.AssertionError">
      <![CDATA[java.lang.AssertionError: Failed to  verify the course already enrolled message
at org.testng.Assert.fail(Assert.java:111)
at ICar.support.Log.fail(Log.java:556)
at ICar.support.Log.assertThat(Log.java:731)
at B2Btestscripts.B2B_Student.ICar_B2B_TC048(B2B_Student.java:1348)
at java.base/jdk.internal.reflect.NativeMethodAccessorImpl.invoke0(Native Method)
at java.base/jdk.internal.reflect.NativeMethodAccessorImpl.invoke(NativeMethodAccessorImpl.java:78)
at java.base/jdk.internal.reflect.DelegatingMethodAccessorImpl.invoke(DelegatingMethodAccessorImpl.java:43)
at java.base/java.lang.reflect.Method.invoke(Method.java:567)
at org.testng.internal.invokers.MethodInvocationHelper.invokeMethod(MethodInvocationHelper.java:139)
at org.testng.internal.invokers.TestInvoker.invokeMethod(TestInvoker.java:664)
at org.testng.internal.invokers.TestInvoker.invokeTestMethod(TestInvoker.java:227)
at org.testng.internal.invokers.TestMethodWithDataProviderMethodWorker.call(TestMethodWithDataProviderMethodWorker.java:80)
at org.testng.internal.invokers.TestMethodWithDataProviderMethodWorker.call(TestMethodWithDataProviderMethodWorker.java:17)
at java.base/java.util.concurrent.FutureTask.run(FutureTask.java:264)
at java.base/java.util.concurrent.Executors$RunnableAdapter.call(Executors.java:515)
at java.base/java.util.concurrent.FutureTask.run(FutureTask.java:264)
at java.base/java.util.concurrent.ThreadPoolExecutor.runWorker(ThreadPoolExecutor.java:1130)
at java.base/java.util.concurrent.ThreadPoolExecutor$Worker.run(ThreadPoolExecutor.java:630)
at java.base/java.lang.Thread.run(Thread.java:831)
]]>
    </failure>
    <system-out>
      <![CDATA[<div class="test-event"> <font color="maroon"> <small> &emsp; &emsp;--- 16 Oct 17:15:02 777 - TestCaseID:: ICar_B2B_TC048</small> </font> </div>
<div class="test-event"> <font color="maroon"> <small> &emsp; &emsp;--- 16 Oct 17:15:04 157 - <b>1</b> - Driver::initialize::Get - ICar.support.WebDriverFactory.getDriver(WebDriverFactory.java:640)</small> </font> </div>
&emsp;<div class="test-title"> <strong><font size = "3" color = "#000080">verify the message on purchasing already purchased course</font> </strong> </div>&emsp;<div><strong>Steps:</strong></div><!-- Report -->&emsp;
<div class="test-event"> <font color="maroon"> <small> &emsp; &emsp;--- 16 Oct 17:15:09 173 - Element is displayed:: [[ChromeDriver: chrome on WINDOWS (aa5fc8cea042ed537f59db0714f1abb1)] -> xpath: //a/img[@alt='Login Image']|//button[@id='btn-login']]</small> </font> </div>
<div class="test-event"> <font color="maroon"> <small> &emsp; &emsp;--- 16 Oct 17:15:09 219 - Element is displayed:: [[ChromeDriver: chrome on WINDOWS (aa5fc8cea042ed537f59db0714f1abb1)] -> xpath: //a/img[@alt='Login Image']|//button[@id='btn-login']]</small> </font> </div>
<div class="test-message">&emsp;Successfully navigated to 'Home' Page&emsp;<a href=".\ScreenShot\ICar_B2B_TC048_66476631277700.png" target="_blank" >[ScreenShot]</a></div>
<div class="test-message">&emsp;1. Home page is launched.</div>
<div class="test-event"> <font color="maroon"> <small> &emsp; &emsp;--- 16 Oct 17:15:09 644 - Page URL:: https://www.icarstage.com/</small> </font> </div>
<div class="test-event"> <font color="maroon"> <small> &emsp; &emsp;--- 16 Oct 17:15:09 644 - <b>0</b> - Page Load Wait: (Sync) - ICar.support.Utils.waitForPageLoad(Utils.java:109)</small> </font> </div>
<div class="test-event"> <font color="maroon"> <small> &emsp; &emsp;--- 16 Oct 17:15:09 688 - Element is displayed:: [[ChromeDriver: chrome on WINDOWS (aa5fc8cea042ed537f59db0714f1abb1)] -> xpath: //a/img[@alt='Login Image']|//button[@id='btn-login']]</small> </font> </div>
<div class="test-event"> <font color="maroon"> <small> &emsp; &emsp;--- 16 Oct 17:15:09 737 - Element is displayed:: [[ChromeDriver: chrome on WINDOWS (aa5fc8cea042ed537f59db0714f1abb1)] -> xpath: //a/img[@alt='Login Image']|//button[@id='btn-login']]</small> </font> </div>
<div class="test-event"> <font color="maroon"> <small> &emsp; &emsp;--- 16 Oct 17:15:27 454 - Catched spinner load exception due to Expected condition failed: waiting for ICar.support.WaitUtils$4@636673a3 (tried for 15 second(s) with 500 milliseconds interval)</small> </font> </div>
<div class="test-event"> <font color="maroon"> <small> &emsp; &emsp;--- 16 Oct 17:15:27 454 - <b>15</b> - Spinner Load Wait: (Sync) - ICar.support.WaitUtils.waitForSpinner(WaitUtils.java:225)</small> </font> </div>
<div class="test-message">&emsp;2. Navigate to 'Login Page'</div>
<div class="test-message">&emsp;Successfully navigated to 'Login' Page&emsp;<a href=".\ScreenShot\ICar_B2B_TC048_66494869543900.png" target="_blank" >[ScreenShot]</a></div>
<div class="test-event"> <font color="maroon"> <small> &emsp; &emsp;--- 16 Oct 17:15:27 681 - Element is displayed:: [[ChromeDriver: chrome on WINDOWS (aa5fc8cea042ed537f59db0714f1abb1)] -> id: username]</small> </font> </div>
<div class="test-event"> <font color="maroon"> <small> &emsp; &emsp;--- 16 Oct 17:15:27 740 - Element is displayed:: [[ChromeDriver: chrome on WINDOWS (aa5fc8cea042ed537f59db0714f1abb1)] -> id: username]</small> </font> </div>
<div class="test-event"> <font color="maroon"> <small> &emsp; &emsp;--- 16 Oct 17:15:27 948 - Element is displayed:: [[ChromeDriver: chrome on WINDOWS (aa5fc8cea042ed537f59db0714f1abb1)] -> id: password]</small> </font> </div>
<div class="test-event"> <font color="maroon"> <small> &emsp; &emsp;--- 16 Oct 17:15:28 119 - Element is displayed:: [[ChromeDriver: chrome on WINDOWS (aa5fc8cea042ed537f59db0714f1abb1)] -> id: btn-login]</small> </font> </div>
<div class="test-event"> <font color="maroon"> <small> &emsp; &emsp;--- 16 Oct 17:15:33 728 - Catched spinner load exception due to Expected condition failed: waiting for ICar.support.WaitUtils$4@636673a3 (tried for 3 second(s) with 500 milliseconds interval)</small> </font> </div>
<div class="test-event"> <font color="maroon"> <small> &emsp; &emsp;--- 16 Oct 17:15:33 728 - <b>5</b> - Spinner Load Wait: (Sync) - ICar.support.WaitUtils.waitForSpinner(WaitUtils.java:225)</small> </font> </div>
<div class="test-event"> <font color="maroon"> <small> &emsp; &emsp;--- 16 Oct 17:15:55 751 - Catched spinner load exception due to Expected condition failed: waiting for ICar.support.WaitUtils$4@636673a3 (tried for 10 second(s) with 500 milliseconds interval)</small> </font> </div>
<div class="test-event"> <font color="maroon"> <small> &emsp; &emsp;--- 16 Oct 17:15:55 751 - <b>10</b> - Spinner Load Wait: (Sync) - ICar.support.WaitUtils.waitForSpinner(WaitUtils.java:225)</small> </font> </div>
<div class="test-event"> <font color="maroon"> <small> &emsp; &emsp;--- 16 Oct 17:15:55 823 - Element is displayed:: [[ChromeDriver: chrome on WINDOWS (aa5fc8cea042ed537f59db0714f1abb1)] -> xpath: //button[@value='Launch My Learning']]</small> </font> </div>
<div class="test-message">&emsp;3. Enter the user credentials as : pkelly123</div>
<div class="test-message">&emsp;Successfully navigated to 'User Home' Page&emsp;<a href=".\ScreenShot\ICar_B2B_TC048_66523235251200.png" target="_blank" >[ScreenShot]</a></div>
<div class="test-message">&emsp;4. click on link to navigate to Browser catalog and Successfully adding course to the cart</div>
<div class="test-event"> <font color="maroon"> <small> &emsp; &emsp;--- 16 Oct 17:15:56 193 - Page URL:: https://www.icarstage.com/</small> </font> </div>
<div class="test-event"> <font color="maroon"> <small> &emsp; &emsp;--- 16 Oct 17:15:56 193 - <b>0</b> - Page Load Wait: (Sync) - ICar.support.Utils.waitForPageLoad(Utils.java:109)</small> </font> </div>
<div class="test-event"> <font color="maroon"> <small> &emsp; &emsp;--- 16 Oct 17:15:56 245 - Element is displayed:: [[ChromeDriver: chrome on WINDOWS (aa5fc8cea042ed537f59db0714f1abb1)] -> xpath: //p[text()='Launch My Learning']]</small> </font> </div>
<div class="test-event"> <font color="maroon"> <small> &emsp; &emsp;--- 16 Oct 17:15:56 403 - Page URL:: https://www.icarstage.com/</small> </font> </div>
<div class="test-event"> <font color="maroon"> <small> &emsp; &emsp;--- 16 Oct 17:15:56 403 - <b>0</b> - Page Load Wait: (Sync) - ICar.support.Utils.waitForPageLoad(Utils.java:109)</small> </font> </div>
<div class="test-event"> <font color="maroon"> <small> &emsp; &emsp;--- 16 Oct 17:16:10 503 - Catched spinner load exception due to Expected condition failed: waiting for ICar.support.WaitUtils$4@636673a3 (tried for 14 second(s) with 500 milliseconds interval)</small> </font> </div>
<div class="test-event"> <font color="maroon"> <small> &emsp; &emsp;--- 16 Oct 17:16:10 503 - <b>14</b> - Spinner Load Wait: (Sync) - ICar.support.WaitUtils.waitForSpinner(WaitUtils.java:225)</small> </font> </div>
<div class="test-event"> <font color="maroon"> <small> &emsp; &emsp;--- 16 Oct 17:16:10 548 - Element is displayed:: [[ChromeDriver: chrome on WINDOWS (aa5fc8cea042ed537f59db0714f1abb1)] -> xpath: //a[text()='Browse Catalog']]</small> </font> </div>
<div class="test-event"> <font color="maroon"> <small> &emsp; &emsp;--- 16 Oct 17:16:10 601 - Element is displayed:: [[ChromeDriver: chrome on WINDOWS (aa5fc8cea042ed537f59db0714f1abb1)] -> xpath: //a[text()='Browse Catalog']]</small> </font> </div>
<div class="test-event"> <font color="maroon"> <small> &emsp; &emsp;--- 16 Oct 17:16:15 077 - Page URL:: https://www.icarstage.com/browse</small> </font> </div>
<div class="test-event"> <font color="maroon"> <small> &emsp; &emsp;--- 16 Oct 17:16:15 077 - <b>0</b> - Page Load Wait: (Sync) - ICar.support.Utils.waitForPageLoad(Utils.java:109)</small> </font> </div>
<div class="test-event"> <font color="maroon"> <small> &emsp; &emsp;--- 16 Oct 17:16:30 187 - Catched spinner load exception due to Expected condition failed: waiting for ICar.support.WaitUtils$4@636673a3 (tried for 15 second(s) with 500 milliseconds interval)</small> </font> </div>
<div class="test-event"> <font color="maroon"> <small> &emsp; &emsp;--- 16 Oct 17:16:30 187 - Spinner Load Wait</small> </font> </div>
<div class="test-event"> <font color="maroon"> <small> &emsp; &emsp;--- 16 Oct 17:16:30 216 - Element is displayed:: [[ChromeDriver: chrome on WINDOWS (aa5fc8cea042ed537f59db0714f1abb1)] -> xpath: //article[contains(@class,'slds-box card-layout-grid mobile-margin padding-bottom')]]</small> </font> </div>
<div class="test-event"> <font color="maroon"> <small> &emsp; &emsp;--- 16 Oct 17:16:37 575 - Catched spinner load exception due to Expected condition failed: waiting for ICar.support.WaitUtils$4@636673a3 (tried for 7 second(s) with 500 milliseconds interval)</small> </font> </div>
<div class="test-event"> <font color="maroon"> <small> &emsp; &emsp;--- 16 Oct 17:16:37 575 - <b>7</b> - Spinner Load Wait: (Sync) - ICar.support.WaitUtils.waitForSpinner(WaitUtils.java:225)</small> </font> </div>
<div class="test-event"> <font color="maroon"> <small> &emsp; &emsp;--- 16 Oct 17:16:56 481 - Element is displayed:: [[ChromeDriver: chrome on WINDOWS (aa5fc8cea042ed537f59db0714f1abb1)] -> xpath: //a[@class='custom-name slds-p-vertical_small']]</small> </font> </div>
<div class="test-event"> <font color="maroon"> <small> &emsp; &emsp;--- 16 Oct 17:16:58 502 - Page URL:: https://www.icarstage.com/product/acura-nsx-damage-analysis/01tdi000007tetyia2</small> </font> </div>
<div class="test-event"> <font color="maroon"> <small> &emsp; &emsp;--- 16 Oct 17:16:58 502 - <b>0</b> - Page Load Wait: (Sync) - ICar.support.Utils.waitForPageLoad(Utils.java:109)</small> </font> </div>
<div class="test-event"> <font color="maroon"> <small> &emsp; &emsp;--- 16 Oct 17:17:00 688 - Element is displayed:: [[ChromeDriver: chrome on WINDOWS (aa5fc8cea042ed537f59db0714f1abb1)] -> xpath: //button[text()='Add to Cart']]</small> </font> </div>
<div class="test-event"> <font color="maroon"> <small> &emsp; &emsp;--- 16 Oct 17:17:02 777 - Element is displayed:: [[ChromeDriver: chrome on WINDOWS (aa5fc8cea042ed537f59db0714f1abb1)] -> xpath: //button[text()='Add to Cart']]</small> </font> </div>
<div class="test-event"> <font color="maroon"> <small> &emsp; &emsp;--- 16 Oct 17:17:03 981 - Element is displayed:: [[ChromeDriver: chrome on WINDOWS (aa5fc8cea042ed537f59db0714f1abb1)] -> xpath: //slot[@name='message']]</small> </font> </div>
<!--FAIL-->
<div class="test-result"><br><font color="red"><strong> Failed to  verify the course already enrolled message </strong></font> <a href=".\ScreenShot\ICar_B2B_TC048_66591415212299.png" target="_blank" >[ScreenShot]</a></div>&emsp;
&emsp;<div class="test-title"> <strong><font size = "3" color = "#0000FF">---Test Execution Ends---</font> </strong> </div>&emsp;]]>
    </system-out>
  </testcase> <!-- ICar_B2B_TC048 -->
  <testcase classname="B2Btestscripts.B2B_Student" name="ICar_B2B_TC027" time="145.103">
    <system-out>
      <![CDATA[<div class="test-event"> <font color="maroon"> <small> &emsp; &emsp;--- 16 Oct 16:24:35 160 - TestCaseID:: ICar_B2B_TC027</small> </font> </div>
<div class="test-event"> <font color="maroon"> <small> &emsp; &emsp;--- 16 Oct 16:24:36 635 - <b>1</b> - Driver::initialize::Get - ICar.support.WebDriverFactory.getDriver(WebDriverFactory.java:640)</small> </font> </div>
&emsp;<div class="test-title"> <strong><font size = "3" color = "#000080">Ability to delete the added bank account to the student Profile</font> </strong> </div>&emsp;<div><strong>Steps:</strong></div><!-- Report -->&emsp;
<div class="test-event"> <font color="maroon"> <small> &emsp; &emsp;--- 16 Oct 16:24:43 144 - Element is displayed:: [[ChromeDriver: chrome on WINDOWS (9e96331ee111c58b7c798b953c3ecf9c)] -> xpath: //a/img[@alt='Login Image']|//button[@id='btn-login']]</small> </font> </div>
<div class="test-event"> <font color="maroon"> <small> &emsp; &emsp;--- 16 Oct 16:24:43 194 - Element is displayed:: [[ChromeDriver: chrome on WINDOWS (9e96331ee111c58b7c798b953c3ecf9c)] -> xpath: //a/img[@alt='Login Image']|//button[@id='btn-login']]</small> </font> </div>
<div class="test-message">&emsp;Successfully navigated to 'Home' Page&emsp;<a href=".\ScreenShot\ICar_B2B_TC027_63450606210000.png" target="_blank" >[ScreenShot]</a></div>
<div class="test-message">&emsp;1. Home page is launched.</div>
<div class="test-event"> <font color="maroon"> <small> &emsp; &emsp;--- 16 Oct 16:24:43 525 - Page URL:: https://www.icarstage.com/</small> </font> </div>
<div class="test-event"> <font color="maroon"> <small> &emsp; &emsp;--- 16 Oct 16:24:43 525 - <b>0</b> - Page Load Wait: (Sync) - ICar.support.Utils.waitForPageLoad(Utils.java:109)</small> </font> </div>
<div class="test-event"> <font color="maroon"> <small> &emsp; &emsp;--- 16 Oct 16:24:43 562 - Element is displayed:: [[ChromeDriver: chrome on WINDOWS (9e96331ee111c58b7c798b953c3ecf9c)] -> xpath: //a/img[@alt='Login Image']|//button[@id='btn-login']]</small> </font> </div>
<div class="test-event"> <font color="maroon"> <small> &emsp; &emsp;--- 16 Oct 16:24:43 610 - Element is displayed:: [[ChromeDriver: chrome on WINDOWS (9e96331ee111c58b7c798b953c3ecf9c)] -> xpath: //a/img[@alt='Login Image']|//button[@id='btn-login']]</small> </font> </div>
<div class="test-event"> <font color="maroon"> <small> &emsp; &emsp;--- 16 Oct 16:25:01 525 - Catched spinner load exception due to Expected condition failed: waiting for ICar.support.WaitUtils$4@636673a3 (tried for 15 second(s) with 500 milliseconds interval)</small> </font> </div>
<div class="test-event"> <font color="maroon"> <small> &emsp; &emsp;--- 16 Oct 16:25:01 525 - <b>15</b> - Spinner Load Wait: (Sync) - ICar.support.WaitUtils.waitForSpinner(WaitUtils.java:225)</small> </font> </div>
<div class="test-message">&emsp;2. Navigate to 'Login Page'</div>
<div class="test-message">&emsp;Successfully navigated to 'Login' Page&emsp;<a href=".\ScreenShot\ICar_B2B_TC027_63468941283600.png" target="_blank" >[ScreenShot]</a></div>
<div class="test-event"> <font color="maroon"> <small> &emsp; &emsp;--- 16 Oct 16:25:01 737 - Element is displayed:: [[ChromeDriver: chrome on WINDOWS (9e96331ee111c58b7c798b953c3ecf9c)] -> id: username]</small> </font> </div>
<div class="test-event"> <font color="maroon"> <small> &emsp; &emsp;--- 16 Oct 16:25:01 798 - Element is displayed:: [[ChromeDriver: chrome on WINDOWS (9e96331ee111c58b7c798b953c3ecf9c)] -> id: username]</small> </font> </div>
<div class="test-event"> <font color="maroon"> <small> &emsp; &emsp;--- 16 Oct 16:25:02 002 - Element is displayed:: [[ChromeDriver: chrome on WINDOWS (9e96331ee111c58b7c798b953c3ecf9c)] -> id: password]</small> </font> </div>
<div class="test-event"> <font color="maroon"> <small> &emsp; &emsp;--- 16 Oct 16:25:02 175 - Element is displayed:: [[ChromeDriver: chrome on WINDOWS (9e96331ee111c58b7c798b953c3ecf9c)] -> id: btn-login]</small> </font> </div>
<div class="test-event"> <font color="maroon"> <small> &emsp; &emsp;--- 16 Oct 16:25:07 879 - Catched spinner load exception due to Expected condition failed: waiting for ICar.support.WaitUtils$4@636673a3 (tried for 3 second(s) with 500 milliseconds interval)</small> </font> </div>
<div class="test-event"> <font color="maroon"> <small> &emsp; &emsp;--- 16 Oct 16:25:07 879 - <b>5</b> - Spinner Load Wait: (Sync) - ICar.support.WaitUtils.waitForSpinner(WaitUtils.java:225)</small> </font> </div>
<div class="test-event"> <font color="maroon"> <small> &emsp; &emsp;--- 16 Oct 16:25:30 497 - Catched spinner load exception due to Expected condition failed: waiting for ICar.support.WaitUtils$4@636673a3 (tried for 10 second(s) with 500 milliseconds interval)</small> </font> </div>
<div class="test-event"> <font color="maroon"> <small> &emsp; &emsp;--- 16 Oct 16:25:30 497 - <b>10</b> - Spinner Load Wait: (Sync) - ICar.support.WaitUtils.waitForSpinner(WaitUtils.java:225)</small> </font> </div>
<div class="test-event"> <font color="maroon"> <small> &emsp; &emsp;--- 16 Oct 16:25:30 566 - Element is displayed:: [[ChromeDriver: chrome on WINDOWS (9e96331ee111c58b7c798b953c3ecf9c)] -> xpath: //button[@value='Launch My Learning']]</small> </font> </div>
<div class="test-message">&emsp;3. Enter the user credentials</div>
<div class="test-message">&emsp;Successfully navigated to 'User Home' Page&emsp;<a href=".\ScreenShot\ICar_B2B_TC027_63497979072300.png" target="_blank" >[ScreenShot]</a></div>
<div class="test-event"> <font color="maroon"> <small> &emsp; &emsp;--- 16 Oct 16:25:30 949 - Page URL:: https://www.icarstage.com/</small> </font> </div>
<div class="test-event"> <font color="maroon"> <small> &emsp; &emsp;--- 16 Oct 16:25:30 949 - <b>0</b> - Page Load Wait: (Sync) - ICar.support.Utils.waitForPageLoad(Utils.java:109)</small> </font> </div>
<div class="test-message">&emsp;4. Navigate to My Payment information page</div>
<div class="test-event"> <font color="maroon"> <small> &emsp; &emsp;--- 16 Oct 16:25:31 126 - Page URL:: https://www.icarstage.com/</small> </font> </div>
<div class="test-event"> <font color="maroon"> <small> &emsp; &emsp;--- 16 Oct 16:25:31 126 - <b>0</b> - Page Load Wait: (Sync) - ICar.support.Utils.waitForPageLoad(Utils.java:109)</small> </font> </div>
<div class="test-event"> <font color="maroon"> <small> &emsp; &emsp;--- 16 Oct 16:25:31 178 - Element is displayed:: [[ChromeDriver: chrome on WINDOWS (9e96331ee111c58b7c798b953c3ecf9c)] -> xpath: //p[text()='Launch My Learning']]</small> </font> </div>
<div class="test-event"> <font color="maroon"> <small> &emsp; &emsp;--- 16 Oct 16:25:31 215 - Element is displayed:: [[ChromeDriver: chrome on WINDOWS (9e96331ee111c58b7c798b953c3ecf9c)] -> xpath: //lightning-layout[@class='left-margin slds-align_absolute-center slds-grid slds-grid_align-spread slds-wrap']//lightning-layout-item[2]//a]</small> </font> </div>
<div class="test-event"> <font color="maroon"> <small> &emsp; &emsp;--- 16 Oct 16:25:33 310 - Element is displayed:: [[ChromeDriver: chrome on WINDOWS (9e96331ee111c58b7c798b953c3ecf9c)] -> xpath: //lightning-layout[@class='left-margin slds-align_absolute-center slds-grid slds-grid_align-spread slds-wrap']//lightning-layout-item[2]//a]</small> </font> </div>
<div class="test-event"> <font color="maroon"> <small> &emsp; &emsp;--- 16 Oct 16:25:33 414 - Element is displayed:: [[ChromeDriver: chrome on WINDOWS (9e96331ee111c58b7c798b953c3ecf9c)] -> xpath: //ul[@aria-label='Show More']//li[2]/a]</small> </font> </div>
<div class="test-event"> <font color="maroon"> <small> &emsp; &emsp;--- 16 Oct 16:25:33 460 - Element is displayed:: [[ChromeDriver: chrome on WINDOWS (9e96331ee111c58b7c798b953c3ecf9c)] -> xpath: //ul[@aria-label='Show More']//li[2]/a]</small> </font> </div>
<div class="test-event"> <font color="maroon"> <small> &emsp; &emsp;--- 16 Oct 16:25:50 263 - Catched spinner load exception due to Expected condition failed: waiting for ICar.support.WaitUtils$4@636673a3 (tried for 15 second(s) with 500 milliseconds interval)</small> </font> </div>
<div class="test-event"> <font color="maroon"> <small> &emsp; &emsp;--- 16 Oct 16:25:50 263 - <b>15</b> - Spinner Load Wait: (Sync) - ICar.support.WaitUtils.waitForSpinner(WaitUtils.java:225)</small> </font> </div>
<div class="test-event"> <font color="maroon"> <small> &emsp; &emsp;--- 16 Oct 16:25:50 352 - Page URL:: https://www.icarstage.com/my-payment-information</small> </font> </div>
<div class="test-event"> <font color="maroon"> <small> &emsp; &emsp;--- 16 Oct 16:25:50 352 - <b>0</b> - Page Load Wait: (Sync) - ICar.support.Utils.waitForPageLoad(Utils.java:109)</small> </font> </div>
<div class="test-event"> <font color="maroon"> <small> &emsp; &emsp;--- 16 Oct 16:25:50 408 - Element is displayed:: [[ChromeDriver: chrome on WINDOWS (9e96331ee111c58b7c798b953c3ecf9c)] -> xpath: //a[contains(text(),'Credit Card')]]</small> </font> </div>
<div class="test-message">&emsp;Successfully navigated to 'My Payment Information' Page&emsp;<a href=".\ScreenShot\ICar_B2B_TC027_63517820693300.png" target="_blank" >[ScreenShot]</a></div>
<div class="test-event"> <font color="maroon"> <small> &emsp; &emsp;--- 16 Oct 16:25:50 629 - Page URL:: https://www.icarstage.com/my-payment-information</small> </font> </div>
<div class="test-event"> <font color="maroon"> <small> &emsp; &emsp;--- 16 Oct 16:25:50 629 - <b>0</b> - Page Load Wait: (Sync) - ICar.support.Utils.waitForPageLoad(Utils.java:109)</small> </font> </div>
<div class="test-message">&emsp;5. Click on the add bank account button</div>
<div class="test-event"> <font color="maroon"> <small> &emsp; &emsp;--- 16 Oct 16:25:59 097 - Element Proxy element for: AjaxElementLocator 'By.xpath: //slot[@name='message']', is not displayed in page </small> </font> </div>
<div class="test-event"> <font color="maroon"> <small> &emsp; &emsp;--- 16 Oct 16:26:06 223 - Page URL:: https://www.icarstage.com/my-payment-information</small> </font> </div>
<div class="test-event"> <font color="maroon"> <small> &emsp; &emsp;--- 16 Oct 16:26:06 223 - <b>0</b> - Page Load Wait: (Sync) - ICar.support.Utils.waitForPageLoad(Utils.java:109)</small> </font> </div>
<div class="test-event"> <font color="maroon"> <small> &emsp; &emsp;--- 16 Oct 16:26:17 485 - Catched spinner load exception due to Expected condition failed: waiting for ICar.support.WaitUtils$4@636673a3 (tried for 7 second(s) with 500 milliseconds interval)</small> </font> </div>
<div class="test-event"> <font color="maroon"> <small> &emsp; &emsp;--- 16 Oct 16:26:17 485 - <b>7</b> - Spinner Load Wait: (Sync) - ICar.support.WaitUtils.waitForSpinner(WaitUtils.java:225)</small> </font> </div>
<div class="test-event"> <font color="maroon"> <small> &emsp; &emsp;--- 16 Oct 16:26:17 559 - Element is displayed:: [[ChromeDriver: chrome on WINDOWS (9e96331ee111c58b7c798b953c3ecf9c)] -> xpath: //a[contains(text(),'Add Bank Account')]]</small> </font> </div>
<div class="test-event"> <font color="maroon"> <small> &emsp; &emsp;--- 16 Oct 16:26:17 697 - Page URL:: https://www.icarstage.com/my-payment-information</small> </font> </div>
<div class="test-event"> <font color="maroon"> <small> &emsp; &emsp;--- 16 Oct 16:26:17 697 - <b>0</b> - Page Load Wait: (Sync) - ICar.support.Utils.waitForPageLoad(Utils.java:109)</small> </font> </div>
<div class="test-event"> <font color="maroon"> <small> &emsp; &emsp;--- 16 Oct 16:26:17 802 - Page URL:: https://www.icarstage.com/my-payment-information</small> </font> </div>
<div class="test-event"> <font color="maroon"> <small> &emsp; &emsp;--- 16 Oct 16:26:17 802 - <b>0</b> - Page Load Wait: (Sync) - ICar.support.Utils.waitForPageLoad(Utils.java:109)</small> </font> </div>
<div class="test-event"> <font color="maroon"> <small> &emsp; &emsp;--- 16 Oct 16:26:25 074 - Catched spinner load exception due to Expected condition failed: waiting for ICar.support.WaitUtils$4@636673a3 (tried for 7 second(s) with 500 milliseconds interval)</small> </font> </div>
<div class="test-event"> <font color="maroon"> <small> &emsp; &emsp;--- 16 Oct 16:26:25 074 - <b>7</b> - Spinner Load Wait: (Sync) - ICar.support.WaitUtils.waitForSpinner(WaitUtils.java:225)</small> </font> </div>
<div class="test-event"> <font color="maroon"> <small> &emsp; &emsp;--- 16 Oct 16:26:25 178 - Element is displayed:: [[ChromeDriver: chrome on WINDOWS (9e96331ee111c58b7c798b953c3ecf9c)] -> xpath: (//div[@class='slds-form-element__control slds-grow']/child::input)[1]]</small> </font> </div>
<div class="test-event"> <font color="maroon"> <small> &emsp; &emsp;--- 16 Oct 16:26:25 480 - Page URL:: https://www.icarstage.com/my-payment-information</small> </font> </div>
<div class="test-event"> <font color="maroon"> <small> &emsp; &emsp;--- 16 Oct 16:26:25 481 - <b>0</b> - Page Load Wait: (Sync) - ICar.support.Utils.waitForPageLoad(Utils.java:109)</small> </font> </div>
<div class="test-event"> <font color="maroon"> <small> &emsp; &emsp;--- 16 Oct 16:26:25 532 - Element is displayed:: [[ChromeDriver: chrome on WINDOWS (9e96331ee111c58b7c798b953c3ecf9c)] -> xpath: (//div[@class='slds-form-element__control slds-grow']/child::input)[2]]</small> </font> </div>
<div class="test-event"> <font color="maroon"> <small> &emsp; &emsp;--- 16 Oct 16:26:25 712 - Element is displayed:: [[ChromeDriver: chrome on WINDOWS (9e96331ee111c58b7c798b953c3ecf9c)] -> xpath: //button[@title='Add Account']]</small> </font> </div>
<div class="test-event"> <font color="maroon"> <small> &emsp; &emsp;--- 16 Oct 16:26:27 713 - Element is displayed:: [[ChromeDriver: chrome on WINDOWS (9e96331ee111c58b7c798b953c3ecf9c)] -> xpath: //slot[@name='message']]</small> </font> </div>
<div class="test-message">&emsp;Successfully added bank account :000123456789 and verified added bank details in the table grid </div>
<div class="test-event"> <font color="maroon"> <small> &emsp; &emsp;--- 16 Oct 16:26:27 805 - Page URL:: https://www.icarstage.com/my-payment-information</small> </font> </div>
<div class="test-event"> <font color="maroon"> <small> &emsp; &emsp;--- 16 Oct 16:26:27 806 - <b>0</b> - Page Load Wait: (Sync) - ICar.support.Utils.waitForPageLoad(Utils.java:109)</small> </font> </div>
<div class="test-event"> <font color="maroon"> <small> &emsp; &emsp;--- 16 Oct 16:26:27 902 - Page URL:: https://www.icarstage.com/my-payment-information</small> </font> </div>
<div class="test-event"> <font color="maroon"> <small> &emsp; &emsp;--- 16 Oct 16:26:27 902 - <b>0</b> - Page Load Wait: (Sync) - ICar.support.Utils.waitForPageLoad(Utils.java:109)</small> </font> </div>
<div class="test-message">&emsp;6. Click on delete button to delete the added Bank account</div>
<div class="test-event"> <font color="maroon"> <small> &emsp; &emsp;--- 16 Oct 16:26:29 005 - Catched spinner load exception due to Expected condition failed: waiting for ICar.support.WaitUtils$4@636673a3 (tried for 1 second(s) with 500 milliseconds interval)</small> </font> </div>
<div class="test-event"> <font color="maroon"> <small> &emsp; &emsp;--- 16 Oct 16:26:29 005 - <b>1</b> - Spinner Load Wait: (Sync) - ICar.support.WaitUtils.waitForSpinner(WaitUtils.java:225)</small> </font> </div>
<div class="test-event"> <font color="maroon"> <small> &emsp; &emsp;--- 16 Oct 16:26:39 298 - Catched spinner load exception due to Expected condition failed: waiting for ICar.support.WaitUtils$4@636673a3 (tried for 10 second(s) with 500 milliseconds interval)</small> </font> </div>
<div class="test-event"> <font color="maroon"> <small> &emsp; &emsp;--- 16 Oct 16:26:39 298 - <b>10</b> - Spinner Load Wait: (Sync) - ICar.support.WaitUtils.waitForSpinner(WaitUtils.java:225)</small> </font> </div>
<div class="test-event"> <font color="maroon"> <small> &emsp; &emsp;--- 16 Oct 16:26:49 640 - Catched spinner load exception due to Expected condition failed: waiting for ICar.support.WaitUtils$4@636673a3 (tried for 10 second(s) with 500 milliseconds interval)</small> </font> </div>
<div class="test-event"> <font color="maroon"> <small> &emsp; &emsp;--- 16 Oct 16:26:49 640 - <b>10</b> - Spinner Load Wait: (Sync) - ICar.support.WaitUtils.waitForSpinner(WaitUtils.java:225)</small> </font> </div>
<div class="test-event"> <font color="maroon"> <small> &emsp; &emsp;--- 16 Oct 16:26:49 679 - Element is displayed:: [[ChromeDriver: chrome on WINDOWS (9e96331ee111c58b7c798b953c3ecf9c)] -> xpath: (//a[contains(@name,'delete|ba_')])[1]]</small> </font> </div>
<div class="test-event"> <font color="maroon"> <small> &emsp; &emsp;--- 16 Oct 16:26:49 784 - Element is displayed:: [[ChromeDriver: chrome on WINDOWS (9e96331ee111c58b7c798b953c3ecf9c)] -> xpath: //button[@title='Yes']]</small> </font> </div>
<div class="test-event"> <font color="maroon"> <small> &emsp; &emsp;--- 16 Oct 16:26:49 830 - Element is displayed:: [[ChromeDriver: chrome on WINDOWS (9e96331ee111c58b7c798b953c3ecf9c)] -> xpath: //button[@title='Yes']]</small> </font> </div>
<div class="test-event"> <font color="maroon"> <small> &emsp; &emsp;--- 16 Oct 16:26:50 727 - Element is displayed:: [[ChromeDriver: chrome on WINDOWS (9e96331ee111c58b7c798b953c3ecf9c)] -> xpath: //slot[@name='message']]</small> </font> </div>
<div class="test-message">&emsp;Successfully deleted the Bank account and verified the success message upon deletion&emsp;<a href=".\ScreenShot\ICar_B2B_TC027_63578155091900.png" target="_blank" >[ScreenShot]</a></div>
<div class="test-event"> <font color="maroon"> <small> &emsp; &emsp;--- 16 Oct 16:27:01 282 - Catched spinner load exception due to Expected condition failed: waiting for ICar.support.WaitUtils$4@636673a3 (tried for 10 second(s) with 500 milliseconds interval)</small> </font> </div>
<div class="test-event"> <font color="maroon"> <small> &emsp; &emsp;--- 16 Oct 16:27:01 283 - <b>10</b> - Spinner Load Wait: (Sync) - ICar.support.WaitUtils.waitForSpinner(WaitUtils.java:225)</small> </font> </div>
<div class="test-message">&emsp;Successfully verified the deleted bank details are not displayed in the table grid</div>
<div class="test-result"><br><font color="green"><strong> Test Passed. </strong></font> </div>&emsp;
&emsp;<div class="test-title"> <strong><font size = "3" color = "#0000FF">---Test Execution Ends---</font> </strong> </div>&emsp;]]>
    </system-out>
  </testcase> <!-- ICar_B2B_TC027 -->
  <testcase classname="B2Btestscripts.B2B_Student" name="ICar_B2B_TC001" time="88.669">
    <system-out>
      <![CDATA[<div class="test-event"> <font color="maroon"> <small> &emsp; &emsp;--- 16 Oct 15:29:35 484 - TestCaseID:: ICar_B2B_TC001</small> </font> </div>
<div class="test-event"> <font color="maroon"> <small> &emsp; &emsp;--- 16 Oct 15:29:36 851 - <b>1</b> - Driver::initialize::Get - ICar.support.WebDriverFactory.getDriver(WebDriverFactory.java:640)</small> </font> </div>
&emsp;<div class="test-title"> <strong><font size = "3" color = "#000080">Creation of  new account with English as prefered language</font> </strong> </div>&emsp;<div><strong>Steps:</strong></div><!-- Report -->&emsp;
<div class="test-event"> <font color="maroon"> <small> &emsp; &emsp;--- 16 Oct 15:29:42 152 - Element is displayed:: [[ChromeDriver: chrome on WINDOWS (b951ec23249d238cd6b4a1eb21304808)] -> xpath: //a/img[@alt='Login Image']|//button[@id='btn-login']]</small> </font> </div>
<div class="test-event"> <font color="maroon"> <small> &emsp; &emsp;--- 16 Oct 15:29:42 221 - Element is displayed:: [[ChromeDriver: chrome on WINDOWS (b951ec23249d238cd6b4a1eb21304808)] -> xpath: //a/img[@alt='Login Image']|//button[@id='btn-login']]</small> </font> </div>
<div class="test-message">&emsp;Successfully navigated to 'Home' Page&emsp;<a href=".\ScreenShot\ICar_B2B_TC001_60149633725700.png" target="_blank" >[ScreenShot]</a></div>
<div class="test-message">&emsp;1. Home page is launched.</div>
<div class="test-event"> <font color="maroon"> <small> &emsp; &emsp;--- 16 Oct 15:29:42 710 - Page URL:: https://www.icarstage.com/</small> </font> </div>
<div class="test-event"> <font color="maroon"> <small> &emsp; &emsp;--- 16 Oct 15:29:42 710 - <b>0</b> - Page Load Wait: (Sync) - ICar.support.Utils.waitForPageLoad(Utils.java:109)</small> </font> </div>
<div class="test-event"> <font color="maroon"> <small> &emsp; &emsp;--- 16 Oct 15:29:42 776 - Element is displayed:: [[ChromeDriver: chrome on WINDOWS (b951ec23249d238cd6b4a1eb21304808)] -> xpath: //a/img[@alt='Login Image']|//button[@id='btn-login']]</small> </font> </div>
<div class="test-event"> <font color="maroon"> <small> &emsp; &emsp;--- 16 Oct 15:29:42 965 - Element is displayed:: [[ChromeDriver: chrome on WINDOWS (b951ec23249d238cd6b4a1eb21304808)] -> xpath: //a/img[@alt='Login Image']|//button[@id='btn-login']]</small> </font> </div>
<div class="test-event"> <font color="maroon"> <small> &emsp; &emsp;--- 16 Oct 15:30:01 270 - Catched spinner load exception due to Expected condition failed: waiting for ICar.support.WaitUtils$4@636673a3 (tried for 15 second(s) with 500 milliseconds interval)</small> </font> </div>
<div class="test-event"> <font color="maroon"> <small> &emsp; &emsp;--- 16 Oct 15:30:01 270 - <b>15</b> - Spinner Load Wait: (Sync) - ICar.support.WaitUtils.waitForSpinner(WaitUtils.java:225)</small> </font> </div>
<div class="test-message">&emsp;2. Navigate to login Page.</div>
<div class="test-message">&emsp;Successfully navigated to 'Login' Page&emsp;<a href=".\ScreenShot\ICar_B2B_TC001_60168686200700.png" target="_blank" >[ScreenShot]</a></div>
<div class="test-event"> <font color="maroon"> <small> &emsp; &emsp;--- 16 Oct 15:30:01 521 - Element is displayed:: [[ChromeDriver: chrome on WINDOWS (b951ec23249d238cd6b4a1eb21304808)] -> id: btn-signup]</small> </font> </div>
<div class="test-event"> <font color="maroon"> <small> &emsp; &emsp;--- 16 Oct 15:30:01 773 - Element is displayed:: [[ChromeDriver: chrome on WINDOWS (b951ec23249d238cd6b4a1eb21304808)] -> id: btn-signup]</small> </font> </div>
<div class="test-event"> <font color="maroon"> <small> &emsp; &emsp;--- 16 Oct 15:30:12 756 - Catched spinner load exception due to Expected condition failed: waiting for ICar.support.WaitUtils$4@636673a3 (tried for 4 second(s) with 500 milliseconds interval)</small> </font> </div>
<div class="test-event"> <font color="maroon"> <small> &emsp; &emsp;--- 16 Oct 15:30:12 757 - <b>4</b> - Spinner Load Wait: (Sync) - ICar.support.WaitUtils.waitForSpinner(WaitUtils.java:225)</small> </font> </div>
<div class="test-event"> <font color="maroon"> <small> &emsp; &emsp;--- 16 Oct 15:30:12 947 - Page URL:: https://my.icarstage.com/s/self-register</small> </font> </div>
<div class="test-event"> <font color="maroon"> <small> &emsp; &emsp;--- 16 Oct 15:30:12 947 - <b>0</b> - Page Load Wait: (Sync) - ICar.support.Utils.waitForPageLoad(Utils.java:109)</small> </font> </div>
<div class="test-event"> <font color="maroon"> <small> &emsp; &emsp;--- 16 Oct 15:30:13 015 - Element is displayed:: [[ChromeDriver: chrome on WINDOWS (b951ec23249d238cd6b4a1eb21304808)] -> css selector: button.slds-button]</small> </font> </div>
<div class="test-message">&emsp;3. Sign up page is displayed successfully</div>
<div class="test-message">&emsp;Successfully navigated to 'Sign up' Page&emsp;<a href=".\ScreenShot\ICar_B2B_TC001_60180428005400.png" target="_blank" >[ScreenShot]</a></div>
<div class="test-message">&emsp;4. Entering the user information and check the Successful message</div>
<div class="test-event"> <font color="maroon"> <small> &emsp; &emsp;--- 16 Oct 15:30:13 978 - Element is displayed:: [[ChromeDriver: chrome on WINDOWS (b951ec23249d238cd6b4a1eb21304808)] -> xpath: //input[@placeholder='Enter Your First Name']]</small> </font> </div>
<div class="test-event"> <font color="maroon"> <small> &emsp; &emsp;--- 16 Oct 15:30:14 211 - Element is displayed:: [[ChromeDriver: chrome on WINDOWS (b951ec23249d238cd6b4a1eb21304808)] -> xpath: //input[@placeholder='Enter Your Last Name']]</small> </font> </div>
<div class="test-event"> <font color="maroon"> <small> &emsp; &emsp;--- 16 Oct 15:30:14 436 - Element is displayed:: [[ChromeDriver: chrome on WINDOWS (b951ec23249d238cd6b4a1eb21304808)] -> xpath: //input[@placeholder='Enter Your Email']]</small> </font> </div>
<div class="test-event"> <font color="maroon"> <small> &emsp; &emsp;--- 16 Oct 15:30:14 713 - Element is displayed:: [[ChromeDriver: chrome on WINDOWS (b951ec23249d238cd6b4a1eb21304808)] -> xpath: //input[@placeholder='Re-enter Your Email']]</small> </font> </div>
<div class="test-event"> <font color="maroon"> <small> &emsp; &emsp;--- 16 Oct 15:30:15 011 - Element is displayed:: [[ChromeDriver: chrome on WINDOWS (b951ec23249d238cd6b4a1eb21304808)] -> xpath: //input[@placeholder='Create a Username']]</small> </font> </div>
<div class="test-event"> <font color="maroon"> <small> &emsp; &emsp;--- 16 Oct 15:30:15 260 - Element is displayed:: [[ChromeDriver: chrome on WINDOWS (b951ec23249d238cd6b4a1eb21304808)] -> xpath: //label[contains(text(),'Password')]/following-sibling::div//input]</small> </font> </div>
<div class="test-event"> <font color="maroon"> <small> &emsp; &emsp;--- 16 Oct 15:30:15 516 - Element is displayed:: [[ChromeDriver: chrome on WINDOWS (b951ec23249d238cd6b4a1eb21304808)] -> xpath: //input[@placeholder='Re-enter Your Password']]</small> </font> </div>
<div class="test-event"> <font color="maroon"> <small> &emsp; &emsp;--- 16 Oct 15:30:15 820 - Element is displayed:: [[ChromeDriver: chrome on WINDOWS (b951ec23249d238cd6b4a1eb21304808)] -> xpath: //input[@placeholder='Enter Your Street Address']]</small> </font> </div>
<div class="test-event"> <font color="maroon"> <small> &emsp; &emsp;--- 16 Oct 15:30:16 093 - Element is displayed:: [[ChromeDriver: chrome on WINDOWS (b951ec23249d238cd6b4a1eb21304808)] -> xpath: //input[@placeholder='Enter Your City']]</small> </font> </div>
<div class="test-event"> <font color="maroon"> <small> &emsp; &emsp;--- 16 Oct 15:30:16 314 - Element is displayed:: [[ChromeDriver: chrome on WINDOWS (b951ec23249d238cd6b4a1eb21304808)] -> name: States]</small> </font> </div>
<div class="test-event"> <font color="maroon"> <small> &emsp; &emsp;--- 16 Oct 15:30:18 408 - Element is displayed:: [[ChromeDriver: chrome on WINDOWS (b951ec23249d238cd6b4a1eb21304808)] -> name: States]</small> </font> </div>
<div class="test-event"> <font color="maroon"> <small> &emsp; &emsp;--- 16 Oct 15:30:18 612 - Element is displayed:: [[ChromeDriver: chrome on WINDOWS (b951ec23249d238cd6b4a1eb21304808)] -> xpath: //label[contains(text(),'Zipcode')]/following-sibling::div//input]</small> </font> </div>
<div class="test-event"> <font color="maroon"> <small> &emsp; &emsp;--- 16 Oct 15:30:18 810 - Element is displayed:: [[ChromeDriver: chrome on WINDOWS (b951ec23249d238cd6b4a1eb21304808)] -> name: Countries]</small> </font> </div>
<div class="test-event"> <font color="maroon"> <small> &emsp; &emsp;--- 16 Oct 15:30:21 053 - Element is displayed:: [[ChromeDriver: chrome on WINDOWS (b951ec23249d238cd6b4a1eb21304808)] -> xpath: //label[contains(text(),'Preferred Phone Type')]/following-sibling::div//select]</small> </font> </div>
<div class="test-event"> <font color="maroon"> <small> &emsp; &emsp;--- 16 Oct 15:30:23 176 - Element is displayed:: [[ChromeDriver: chrome on WINDOWS (b951ec23249d238cd6b4a1eb21304808)] -> xpath: //label[contains(text(),'Preferred Phone Type')]/following-sibling::div//select]</small> </font> </div>
<div class="test-event"> <font color="maroon"> <small> &emsp; &emsp;--- 16 Oct 15:30:23 342 - Element is displayed:: [[ChromeDriver: chrome on WINDOWS (b951ec23249d238cd6b4a1eb21304808)] -> xpath: //label[contains(text(),'Home Phone')]/following-sibling::div//input]</small> </font> </div>
<div class="test-event"> <font color="maroon"> <small> &emsp; &emsp;--- 16 Oct 15:30:23 569 - Element is displayed:: [[ChromeDriver: chrome on WINDOWS (b951ec23249d238cd6b4a1eb21304808)] -> name: PreferedLanguage]</small> </font> </div>
<div class="test-event"> <font color="maroon"> <small> &emsp; &emsp;--- 16 Oct 15:30:25 735 - Element is displayed:: [[ChromeDriver: chrome on WINDOWS (b951ec23249d238cd6b4a1eb21304808)] -> name: PreferedLanguage]</small> </font> </div>
<div class="test-event"> <font color="maroon"> <small> &emsp; &emsp;--- 16 Oct 15:30:25 923 - Element is displayed:: [[ChromeDriver: chrome on WINDOWS (b951ec23249d238cd6b4a1eb21304808)] -> xpath: //span[text()='Estimator']/preceding-sibling::span]</small> </font> </div>
<div class="test-event"> <font color="maroon"> <small> &emsp; &emsp;--- 16 Oct 15:30:28 086 - Element is displayed:: [[ChromeDriver: chrome on WINDOWS (b951ec23249d238cd6b4a1eb21304808)] -> xpath: //span[text()='Estimator']/preceding-sibling::span]</small> </font> </div>
<div class="test-event"> <font color="maroon"> <small> &emsp; &emsp;--- 16 Oct 15:30:29 175 - Element is displayed:: [[ChromeDriver: chrome on WINDOWS (b951ec23249d238cd6b4a1eb21304808)] -> xpath: //span[text()='Non-Structural Technician']/preceding-sibling::span]</small> </font> </div>
<div class="test-event"> <font color="maroon"> <small> &emsp; &emsp;--- 16 Oct 15:30:31 301 - Element is displayed:: [[ChromeDriver: chrome on WINDOWS (b951ec23249d238cd6b4a1eb21304808)] -> xpath: //span[text()='Non-Structural Technician']/preceding-sibling::span]</small> </font> </div>
<div class="test-event"> <font color="maroon"> <small> &emsp; &emsp;--- 16 Oct 15:30:32 458 - Element is displayed:: [[ChromeDriver: chrome on WINDOWS (b951ec23249d238cd6b4a1eb21304808)] -> xpath: //label[contains(text(),'I Accept the Following')]/preceding-sibling::lightning-input//div/span/input]</small> </font> </div>
<div class="test-event"> <font color="maroon"> <small> &emsp; &emsp;--- 16 Oct 15:30:32 541 - Element is displayed:: [[ChromeDriver: chrome on WINDOWS (b951ec23249d238cd6b4a1eb21304808)] -> css selector: button.slds-button]</small> </font> </div>
<div class="test-event"> <font color="maroon"> <small> &emsp; &emsp;--- 16 Oct 15:30:34 638 - Element is displayed:: [[ChromeDriver: chrome on WINDOWS (b951ec23249d238cd6b4a1eb21304808)] -> css selector: button.slds-button]</small> </font> </div>
<div class="test-event"> <font color="maroon"> <small> &emsp; &emsp;--- 16 Oct 15:30:34 716 - Page URL:: https://my.icarstage.com/s/self-register</small> </font> </div>
<div class="test-event"> <font color="maroon"> <small> &emsp; &emsp;--- 16 Oct 15:30:34 716 - Page Load Wait </small> </font> </div>
<div class="test-event"> <font color="maroon"> <small> &emsp; &emsp;--- 16 Oct 15:31:04 746 - Catched spinner load exception due to Expected condition failed: waiting for ICar.support.WaitUtils$4@636673a3 (tried for 30 second(s) with 500 milliseconds interval)</small> </font> </div>
<div class="test-event"> <font color="maroon"> <small> &emsp; &emsp;--- 16 Oct 15:31:04 746 - <b>30</b> - Spinner Load Wait: (Sync) - ICar.support.WaitUtils.waitForSpinner(WaitUtils.java:225)</small> </font> </div>
<div class="test-event"> <font color="maroon"> <small> &emsp; &emsp;--- 16 Oct 15:31:04 793 - Element is displayed:: [[ChromeDriver: chrome on WINDOWS (b951ec23249d238cd6b4a1eb21304808)] -> css selector: div.cDcselfRegister > div p > b:nth-child(8)]</small> </font> </div>
<div class="test-message">&emsp;Successfully created I-Car Account with UserName : ashleigh.considine And I-car id : 3131549&emsp;<a href=".\ScreenShot\ICar_B2B_TC001_60232252028700.png" target="_blank" >[ScreenShot]</a></div>
<div class="test-result"><br><font color="green"><strong> Test Passed. </strong></font> </div>&emsp;
&emsp;<div class="test-title"> <strong><font size = "3" color = "#0000FF">---Test Execution Ends---</font> </strong> </div>&emsp;]]>
    </system-out>
  </testcase> <!-- ICar_B2B_TC001 -->
  <testcase classname="B2Btestscripts.B2B_Student" name="ICar_B2B_TC050" time="94.377">
    <skipped/>
    <system-out>
      <![CDATA[<div class="test-event"> <font color="maroon"> <small> &emsp; &emsp;--- 16 Oct 17:18:43 824 - TestCaseID:: ICar_B2B_TC050</small> </font> </div>
<div class="test-event"> <font color="maroon"> <small> &emsp; &emsp;--- 16 Oct 17:18:53 161 - <b>9</b> - Driver::initialize::Get - ICar.support.WebDriverFactory.getDriver(WebDriverFactory.java:640)</small> </font> </div>
&emsp;<div class="test-title"> <strong><font size = "3" color = "#000080">Verify sort of Search results in student role</font> </strong> </div>&emsp;<div><strong>Steps:</strong></div><!-- Report -->&emsp;
<div class="test-event"> <font color="maroon"> <small> &emsp; &emsp;--- 16 Oct 17:18:56 918 - Element is displayed:: [[ChromeDriver: chrome on WINDOWS (b2f620778bf7c7354e267ee00e170799)] -> xpath: //a/img[@alt='Login Image']|//button[@id='btn-login']]</small> </font> </div>
<div class="test-event"> <font color="maroon"> <small> &emsp; &emsp;--- 16 Oct 17:18:56 970 - Element is displayed:: [[ChromeDriver: chrome on WINDOWS (b2f620778bf7c7354e267ee00e170799)] -> xpath: //a/img[@alt='Login Image']|//button[@id='btn-login']]</small> </font> </div>
<div class="test-message">&emsp;Successfully navigated to 'Home' Page&emsp;<a href=".\ScreenShot\ICar_B2B_TC050_66704382241600.png" target="_blank" >[ScreenShot]</a></div>
<div class="test-message">&emsp;1. Home page is launched.</div>
<div class="test-event"> <font color="maroon"> <small> &emsp; &emsp;--- 16 Oct 17:18:57 675 - Page URL:: https://www.icarstage.com/</small> </font> </div>
<div class="test-event"> <font color="maroon"> <small> &emsp; &emsp;--- 16 Oct 17:18:57 675 - <b>0</b> - Page Load Wait: (Sync) - ICar.support.Utils.waitForPageLoad(Utils.java:109)</small> </font> </div>
<div class="test-event"> <font color="maroon"> <small> &emsp; &emsp;--- 16 Oct 17:18:57 712 - Element is displayed:: [[ChromeDriver: chrome on WINDOWS (b2f620778bf7c7354e267ee00e170799)] -> xpath: //a/img[@alt='Login Image']|//button[@id='btn-login']]</small> </font> </div>
<div class="test-event"> <font color="maroon"> <small> &emsp; &emsp;--- 16 Oct 17:18:57 761 - Element is displayed:: [[ChromeDriver: chrome on WINDOWS (b2f620778bf7c7354e267ee00e170799)] -> xpath: //a/img[@alt='Login Image']|//button[@id='btn-login']]</small> </font> </div>
<div class="test-event"> <font color="maroon"> <small> &emsp; &emsp;--- 16 Oct 17:19:15 463 - Catched spinner load exception due to Expected condition failed: waiting for ICar.support.WaitUtils$4@636673a3 (tried for 15 second(s) with 500 milliseconds interval)</small> </font> </div>
<div class="test-event"> <font color="maroon"> <small> &emsp; &emsp;--- 16 Oct 17:19:15 463 - <b>15</b> - Spinner Load Wait: (Sync) - ICar.support.WaitUtils.waitForSpinner(WaitUtils.java:225)</small> </font> </div>
<div class="test-message">&emsp;2. Navigate to login page</div>
<div class="test-message">&emsp;Successfully navigated to 'Login' Page&emsp;<a href=".\ScreenShot\ICar_B2B_TC050_66722879230399.png" target="_blank" >[ScreenShot]</a></div>
<div class="test-event"> <font color="maroon"> <small> &emsp; &emsp;--- 16 Oct 17:19:15 684 - Element is displayed:: [[ChromeDriver: chrome on WINDOWS (b2f620778bf7c7354e267ee00e170799)] -> id: username]</small> </font> </div>
<div class="test-event"> <font color="maroon"> <small> &emsp; &emsp;--- 16 Oct 17:19:15 739 - Element is displayed:: [[ChromeDriver: chrome on WINDOWS (b2f620778bf7c7354e267ee00e170799)] -> id: username]</small> </font> </div>
<div class="test-event"> <font color="maroon"> <small> &emsp; &emsp;--- 16 Oct 17:19:15 936 - Element is displayed:: [[ChromeDriver: chrome on WINDOWS (b2f620778bf7c7354e267ee00e170799)] -> id: password]</small> </font> </div>
<div class="test-event"> <font color="maroon"> <small> &emsp; &emsp;--- 16 Oct 17:19:16 096 - Element is displayed:: [[ChromeDriver: chrome on WINDOWS (b2f620778bf7c7354e267ee00e170799)] -> id: btn-login]</small> </font> </div>
<div class="test-event"> <font color="maroon"> <small> &emsp; &emsp;--- 16 Oct 17:19:21 137 - Catched spinner load exception due to Expected condition failed: waiting for ICar.support.WaitUtils$4@636673a3 (tried for 3 second(s) with 500 milliseconds interval)</small> </font> </div>
<div class="test-event"> <font color="maroon"> <small> &emsp; &emsp;--- 16 Oct 17:19:21 137 - <b>5</b> - Spinner Load Wait: (Sync) - ICar.support.WaitUtils.waitForSpinner(WaitUtils.java:225)</small> </font> </div>
<div class="test-event"> <font color="maroon"> <small> &emsp; &emsp;--- 16 Oct 17:19:43 214 - Catched spinner load exception due to Expected condition failed: waiting for ICar.support.WaitUtils$4@636673a3 (tried for 10 second(s) with 500 milliseconds interval)</small> </font> </div>
<div class="test-event"> <font color="maroon"> <small> &emsp; &emsp;--- 16 Oct 17:19:43 214 - <b>10</b> - Spinner Load Wait: (Sync) - ICar.support.WaitUtils.waitForSpinner(WaitUtils.java:225)</small> </font> </div>
<div class="test-event"> <font color="maroon"> <small> &emsp; &emsp;--- 16 Oct 17:19:43 288 - Element is displayed:: [[ChromeDriver: chrome on WINDOWS (b2f620778bf7c7354e267ee00e170799)] -> xpath: //button[@value='Launch My Learning']]</small> </font> </div>
<div class="test-message">&emsp;3. Enter the user credentials as : pkelly123</div>
<div class="test-message">&emsp;Successfully navigated to 'User Home' Page&emsp;<a href=".\ScreenShot\ICar_B2B_TC050_66750700005399.png" target="_blank" >[ScreenShot]</a></div>
<div class="test-message">&emsp;4. Enter course name in search field, Course Name:Ford</div>
<div class="test-event"> <font color="maroon"> <small> &emsp; &emsp;--- 16 Oct 17:19:43 695 - Page URL:: https://www.icarstage.com/</small> </font> </div>
<div class="test-event"> <font color="maroon"> <small> &emsp; &emsp;--- 16 Oct 17:19:43 695 - <b>0</b> - Page Load Wait: (Sync) - ICar.support.Utils.waitForPageLoad(Utils.java:109)</small> </font> </div>
<div class="test-event"> <font color="maroon"> <small> &emsp; &emsp;--- 16 Oct 17:19:54 112 - Catched spinner load exception due to Expected condition failed: waiting for ICar.support.WaitUtils$4@636673a3 (tried for 10 second(s) with 500 milliseconds interval)</small> </font> </div>
<div class="test-event"> <font color="maroon"> <small> &emsp; &emsp;--- 16 Oct 17:19:54 112 - <b>10</b> - Spinner Load Wait: (Sync) - ICar.support.WaitUtils.waitForSpinner(WaitUtils.java:225)</small> </font> </div>
<div class="test-event"> <font color="maroon"> <small> &emsp; &emsp;--- 16 Oct 17:19:54 175 - Element is displayed:: [[ChromeDriver: chrome on WINDOWS (b2f620778bf7c7354e267ee00e170799)] -> xpath: //input[@class='slds-input searchInputCls']]</small> </font> </div>
<div class="test-event"> <font color="maroon"> <small> &emsp; &emsp;--- 16 Oct 17:20:09 505 - Catched spinner load exception due to Expected condition failed: waiting for ICar.support.WaitUtils$4@636673a3 (tried for 14 second(s) with 500 milliseconds interval)</small> </font> </div>
<div class="test-event"> <font color="maroon"> <small> &emsp; &emsp;--- 16 Oct 17:20:09 505 - <b>14</b> - Spinner Load Wait: (Sync) - ICar.support.WaitUtils.waitForSpinner(WaitUtils.java:225)</small> </font> </div>
<div class="test-event"> <font color="maroon"> <small> &emsp; &emsp;--- 16 Oct 17:20:09 539 - Element is displayed:: [[ChromeDriver: chrome on WINDOWS (b2f620778bf7c7354e267ee00e170799)] -> xpath: //td[@data-label='ProductName']//a]</small> </font> </div>
<div class="test-message">&emsp;5. Performing sorting in search result</div>
<div class="test-event"> <font color="maroon"> <small> &emsp; &emsp;--- 16 Oct 17:20:09 639 - Page URL:: https://www.icarstage.com/custom-search-results?searchtext=ford#gsc.tab=0&gsc.q=ford&gsc.page=1</small> </font> </div>
<div class="test-event"> <font color="maroon"> <small> &emsp; &emsp;--- 16 Oct 17:20:09 639 - <b>0</b> - Page Load Wait: (Sync) - ICar.support.Utils.waitForPageLoad(Utils.java:109)</small> </font> </div>
<div class="test-event"> <font color="maroon"> <small> &emsp; &emsp;--- 16 Oct 17:20:11 786 - Catched spinner load exception due to Expected condition failed: waiting for ICar.support.WaitUtils$4@636673a3 (tried for 2 second(s) with 500 milliseconds interval)</small> </font> </div>
<div class="test-event"> <font color="maroon"> <small> &emsp; &emsp;--- 16 Oct 17:20:11 786 - <b>2</b> - Spinner Load Wait: (Sync) - ICar.support.WaitUtils.waitForSpinner(WaitUtils.java:225)</small> </font> </div>
<div class="test-event"> <font color="maroon"> <small> &emsp; &emsp;--- 16 Oct 17:20:26 968 - Unable to find a element after 6 sec ==> Proxy element for: AjaxElementLocator 'By.cssSelector: select.slds-select'</small> </font> </div>
<div class="test-result"><br><font color="orange"><strong> select for sort not found in page!! </strong></font> <a href=".\ScreenShot\ICar_B2B_TC050_66794380531300.png" target="_blank" >[ScreenShot]</a> </strong></font> 
&emsp;<div class="test-title"> <strong><font size = "3" color = "#0000FF">---Test Execution Ends---</font> </strong> </div>&emsp;]]>
    </system-out>
  </testcase> <!-- ICar_B2B_TC050 -->
  <testcase classname="B2Btestscripts.B2B_Student" name="ICar_B2B_TC017" time="205.750">
    <system-out>
      <![CDATA[<div class="test-event"> <font color="maroon"> <small> &emsp; &emsp;--- 16 Oct 16:03:37 793 - TestCaseID:: ICar_B2B_TC017</small> </font> </div>
<div class="test-event"> <font color="maroon"> <small> &emsp; &emsp;--- 16 Oct 16:03:39 081 - <b>1</b> - Driver::initialize::Get - ICar.support.WebDriverFactory.getDriver(WebDriverFactory.java:640)</small> </font> </div>
&emsp;<div class="test-title"> <strong><font size = "3" color = "#000080">Verify Ability to empty the cart</font> </strong> </div>&emsp;<div><strong>Steps:</strong></div><!-- Report -->&emsp;
<div class="test-event"> <font color="maroon"> <small> &emsp; &emsp;--- 16 Oct 16:03:46 820 - Element is displayed:: [[ChromeDriver: chrome on WINDOWS (6f2241c0930ea460229ebf53be6eb853)] -> xpath: //a/img[@alt='Login Image']|//button[@id='btn-login']]</small> </font> </div>
<div class="test-event"> <font color="maroon"> <small> &emsp; &emsp;--- 16 Oct 16:03:46 894 - Element is displayed:: [[ChromeDriver: chrome on WINDOWS (6f2241c0930ea460229ebf53be6eb853)] -> xpath: //a/img[@alt='Login Image']|//button[@id='btn-login']]</small> </font> </div>
<div class="test-message">&emsp;Successfully navigated to 'Home' Page&emsp;<a href=".\ScreenShot\ICar_B2B_TC017_62194306819700.png" target="_blank" >[ScreenShot]</a></div>
<div class="test-message">&emsp;1. Home page is launched.</div>
<div class="test-event"> <font color="maroon"> <small> &emsp; &emsp;--- 16 Oct 16:03:47 408 - Page URL:: https://www.icarstage.com/</small> </font> </div>
<div class="test-event"> <font color="maroon"> <small> &emsp; &emsp;--- 16 Oct 16:03:47 408 - <b>0</b> - Page Load Wait: (Sync) - ICar.support.Utils.waitForPageLoad(Utils.java:109)</small> </font> </div>
<div class="test-event"> <font color="maroon"> <small> &emsp; &emsp;--- 16 Oct 16:03:47 447 - Element is displayed:: [[ChromeDriver: chrome on WINDOWS (6f2241c0930ea460229ebf53be6eb853)] -> xpath: //a/img[@alt='Login Image']|//button[@id='btn-login']]</small> </font> </div>
<div class="test-event"> <font color="maroon"> <small> &emsp; &emsp;--- 16 Oct 16:03:47 668 - Element is displayed:: [[ChromeDriver: chrome on WINDOWS (6f2241c0930ea460229ebf53be6eb853)] -> xpath: //a/img[@alt='Login Image']|//button[@id='btn-login']]</small> </font> </div>
<div class="test-event"> <font color="maroon"> <small> &emsp; &emsp;--- 16 Oct 16:04:05 755 - Catched spinner load exception due to Expected condition failed: waiting for ICar.support.WaitUtils$4@636673a3 (tried for 15 second(s) with 500 milliseconds interval)</small> </font> </div>
<div class="test-event"> <font color="maroon"> <small> &emsp; &emsp;--- 16 Oct 16:04:05 755 - <b>15</b> - Spinner Load Wait: (Sync) - ICar.support.WaitUtils.waitForSpinner(WaitUtils.java:225)</small> </font> </div>
<div class="test-message">&emsp;2. Navigate to 'Login Page'</div>
<div class="test-message">&emsp;Successfully navigated to 'Login' Page&emsp;<a href=".\ScreenShot\ICar_B2B_TC017_62213170636000.png" target="_blank" >[ScreenShot]</a></div>
<div class="test-event"> <font color="maroon"> <small> &emsp; &emsp;--- 16 Oct 16:04:05 960 - Element is displayed:: [[ChromeDriver: chrome on WINDOWS (6f2241c0930ea460229ebf53be6eb853)] -> id: username]</small> </font> </div>
<div class="test-event"> <font color="maroon"> <small> &emsp; &emsp;--- 16 Oct 16:04:06 018 - Element is displayed:: [[ChromeDriver: chrome on WINDOWS (6f2241c0930ea460229ebf53be6eb853)] -> id: username]</small> </font> </div>
<div class="test-event"> <font color="maroon"> <small> &emsp; &emsp;--- 16 Oct 16:04:06 226 - Element is displayed:: [[ChromeDriver: chrome on WINDOWS (6f2241c0930ea460229ebf53be6eb853)] -> id: password]</small> </font> </div>
<div class="test-event"> <font color="maroon"> <small> &emsp; &emsp;--- 16 Oct 16:04:06 409 - Element is displayed:: [[ChromeDriver: chrome on WINDOWS (6f2241c0930ea460229ebf53be6eb853)] -> id: btn-login]</small> </font> </div>
<div class="test-event"> <font color="maroon"> <small> &emsp; &emsp;--- 16 Oct 16:04:12 496 - Catched spinner load exception due to Expected condition failed: waiting for ICar.support.WaitUtils$4@636673a3 (tried for 3 second(s) with 500 milliseconds interval)</small> </font> </div>
<div class="test-event"> <font color="maroon"> <small> &emsp; &emsp;--- 16 Oct 16:04:12 496 - <b>6</b> - Spinner Load Wait: (Sync) - ICar.support.WaitUtils.waitForSpinner(WaitUtils.java:225)</small> </font> </div>
<div class="test-event"> <font color="maroon"> <small> &emsp; &emsp;--- 16 Oct 16:04:34 796 - Catched spinner load exception due to Expected condition failed: waiting for ICar.support.WaitUtils$4@636673a3 (tried for 10 second(s) with 500 milliseconds interval)</small> </font> </div>
<div class="test-event"> <font color="maroon"> <small> &emsp; &emsp;--- 16 Oct 16:04:34 796 - <b>10</b> - Spinner Load Wait: (Sync) - ICar.support.WaitUtils.waitForSpinner(WaitUtils.java:225)</small> </font> </div>
<div class="test-event"> <font color="maroon"> <small> &emsp; &emsp;--- 16 Oct 16:04:34 860 - Element is displayed:: [[ChromeDriver: chrome on WINDOWS (6f2241c0930ea460229ebf53be6eb853)] -> xpath: //button[@value='Launch My Learning']]</small> </font> </div>
<div class="test-message">&emsp;3. Enter the user credentials as : Angielex</div>
<div class="test-message">&emsp;Successfully navigated to 'User Home' Page&emsp;<a href=".\ScreenShot\ICar_B2B_TC017_62242272617900.png" target="_blank" >[ScreenShot]</a></div>
<div class="test-message">&emsp;4. Click on link to navigate to 'Browser catalog and Successfully adding course to the cart</div>
<div class="test-event"> <font color="maroon"> <small> &emsp; &emsp;--- 16 Oct 16:04:35 197 - Page URL:: https://www.icarstage.com/</small> </font> </div>
<div class="test-event"> <font color="maroon"> <small> &emsp; &emsp;--- 16 Oct 16:04:35 197 - <b>0</b> - Page Load Wait: (Sync) - ICar.support.Utils.waitForPageLoad(Utils.java:109)</small> </font> </div>
<div class="test-event"> <font color="maroon"> <small> &emsp; &emsp;--- 16 Oct 16:04:35 249 - Element is displayed:: [[ChromeDriver: chrome on WINDOWS (6f2241c0930ea460229ebf53be6eb853)] -> xpath: //p[text()='Launch My Learning']]</small> </font> </div>
<div class="test-event"> <font color="maroon"> <small> &emsp; &emsp;--- 16 Oct 16:04:35 409 - Page URL:: https://www.icarstage.com/</small> </font> </div>
<div class="test-event"> <font color="maroon"> <small> &emsp; &emsp;--- 16 Oct 16:04:35 409 - <b>0</b> - Page Load Wait: (Sync) - ICar.support.Utils.waitForPageLoad(Utils.java:109)</small> </font> </div>
<div class="test-event"> <font color="maroon"> <small> &emsp; &emsp;--- 16 Oct 16:04:49 426 - Catched spinner load exception due to Expected condition failed: waiting for ICar.support.WaitUtils$4@636673a3 (tried for 14 second(s) with 500 milliseconds interval)</small> </font> </div>
<div class="test-event"> <font color="maroon"> <small> &emsp; &emsp;--- 16 Oct 16:04:49 426 - <b>14</b> - Spinner Load Wait: (Sync) - ICar.support.WaitUtils.waitForSpinner(WaitUtils.java:225)</small> </font> </div>
<div class="test-event"> <font color="maroon"> <small> &emsp; &emsp;--- 16 Oct 16:04:49 496 - Element is displayed:: [[ChromeDriver: chrome on WINDOWS (6f2241c0930ea460229ebf53be6eb853)] -> xpath: //a[text()='Browse Catalog']]</small> </font> </div>
<div class="test-event"> <font color="maroon"> <small> &emsp; &emsp;--- 16 Oct 16:04:49 567 - Element is displayed:: [[ChromeDriver: chrome on WINDOWS (6f2241c0930ea460229ebf53be6eb853)] -> xpath: //a[text()='Browse Catalog']]</small> </font> </div>
<div class="test-event"> <font color="maroon"> <small> &emsp; &emsp;--- 16 Oct 16:04:54 056 - Page URL:: https://www.icarstage.com/browse</small> </font> </div>
<div class="test-event"> <font color="maroon"> <small> &emsp; &emsp;--- 16 Oct 16:04:54 056 - <b>0</b> - Page Load Wait: (Sync) - ICar.support.Utils.waitForPageLoad(Utils.java:109)</small> </font> </div>
<div class="test-event"> <font color="maroon"> <small> &emsp; &emsp;--- 16 Oct 16:05:09 129 - Catched spinner load exception due to Expected condition failed: waiting for ICar.support.WaitUtils$4@636673a3 (tried for 15 second(s) with 500 milliseconds interval)</small> </font> </div>
<div class="test-event"> <font color="maroon"> <small> &emsp; &emsp;--- 16 Oct 16:05:09 129 - Spinner Load Wait</small> </font> </div>
<div class="test-event"> <font color="maroon"> <small> &emsp; &emsp;--- 16 Oct 16:05:09 161 - Element is displayed:: [[ChromeDriver: chrome on WINDOWS (6f2241c0930ea460229ebf53be6eb853)] -> xpath: //article[contains(@class,'slds-box card-layout-grid mobile-margin padding-bottom')]]</small> </font> </div>
<div class="test-event"> <font color="maroon"> <small> &emsp; &emsp;--- 16 Oct 16:05:16 462 - Catched spinner load exception due to Expected condition failed: waiting for ICar.support.WaitUtils$4@636673a3 (tried for 7 second(s) with 500 milliseconds interval)</small> </font> </div>
<div class="test-event"> <font color="maroon"> <small> &emsp; &emsp;--- 16 Oct 16:05:16 462 - <b>7</b> - Spinner Load Wait: (Sync) - ICar.support.WaitUtils.waitForSpinner(WaitUtils.java:225)</small> </font> </div>
<div class="test-event"> <font color="maroon"> <small> &emsp; &emsp;--- 16 Oct 16:06:00 034 - Element is displayed:: [[ChromeDriver: chrome on WINDOWS (6f2241c0930ea460229ebf53be6eb853)] -> xpath: //a[@class='custom-name slds-p-vertical_small']]</small> </font> </div>
<div class="test-event"> <font color="maroon"> <small> &emsp; &emsp;--- 16 Oct 16:06:03 459 - Page URL:: https://www.icarstage.com/product/aluminum-gma-welding-theory/01tdi000007teqsia2</small> </font> </div>
<div class="test-event"> <font color="maroon"> <small> &emsp; &emsp;--- 16 Oct 16:06:03 459 - <b>0</b> - Page Load Wait: (Sync) - ICar.support.Utils.waitForPageLoad(Utils.java:109)</small> </font> </div>
<div class="test-event"> <font color="maroon"> <small> &emsp; &emsp;--- 16 Oct 16:06:05 903 - Element is displayed:: [[ChromeDriver: chrome on WINDOWS (6f2241c0930ea460229ebf53be6eb853)] -> xpath: //button[text()='Add to Cart']]</small> </font> </div>
<div class="test-event"> <font color="maroon"> <small> &emsp; &emsp;--- 16 Oct 16:06:07 986 - Element is displayed:: [[ChromeDriver: chrome on WINDOWS (6f2241c0930ea460229ebf53be6eb853)] -> xpath: //button[text()='Add to Cart']]</small> </font> </div>
<div class="test-event"> <font color="maroon"> <small> &emsp; &emsp;--- 16 Oct 16:06:10 190 - Element is displayed:: [[ChromeDriver: chrome on WINDOWS (6f2241c0930ea460229ebf53be6eb853)] -> xpath: //slot[@name='message']]</small> </font> </div>
<div class="test-message">&emsp;Successfully added course: Aluminum GMA Welding Theory to the cart&emsp;<a href=".\ScreenShot\ICar_B2B_TC017_62337630770200.png" target="_blank" >[ScreenShot]</a></div>
<div class="test-event"> <font color="maroon"> <small> &emsp; &emsp;--- 16 Oct 16:06:10 507 - Page URL:: https://www.icarstage.com/product/aluminum-gma-welding-theory/01tdi000007teqsia2</small> </font> </div>
<div class="test-event"> <font color="maroon"> <small> &emsp; &emsp;--- 16 Oct 16:06:10 507 - <b>0</b> - Page Load Wait: (Sync) - ICar.support.Utils.waitForPageLoad(Utils.java:109)</small> </font> </div>
<div class="test-event"> <font color="maroon"> <small> &emsp; &emsp;--- 16 Oct 16:06:10 560 - Element is displayed:: [[ChromeDriver: chrome on WINDOWS (6f2241c0930ea460229ebf53be6eb853)] -> xpath: //p[text()='Launch My Learning']]</small> </font> </div>
<div class="test-event"> <font color="maroon"> <small> &emsp; &emsp;--- 16 Oct 16:06:30 932 - Catched spinner load exception due to Expected condition failed: waiting for ICar.support.WaitUtils$4@636673a3 (tried for 20 second(s) with 500 milliseconds interval)</small> </font> </div>
<div class="test-event"> <font color="maroon"> <small> &emsp; &emsp;--- 16 Oct 16:06:30 932 - <b>20</b> - Spinner Load Wait: (Sync) - ICar.support.WaitUtils.waitForSpinner(WaitUtils.java:225)</small> </font> </div>
<div class="test-event"> <font color="maroon"> <small> &emsp; &emsp;--- 16 Oct 16:06:30 983 - Element is displayed:: [[ChromeDriver: chrome on WINDOWS (6f2241c0930ea460229ebf53be6eb853)] -> xpath: //div[@class='HeaderCart_Icon']/a]</small> </font> </div>
<div class="test-event"> <font color="maroon"> <small> &emsp; &emsp;--- 16 Oct 16:06:33 070 - Element is displayed:: [[ChromeDriver: chrome on WINDOWS (6f2241c0930ea460229ebf53be6eb853)] -> xpath: //div[@class='HeaderCart_Icon']/a]</small> </font> </div>
<div class="test-event"> <font color="maroon"> <small> &emsp; &emsp;--- 16 Oct 16:06:53 282 - Catched spinner load exception due to Expected condition failed: waiting for ICar.support.WaitUtils$4@636673a3 (tried for 15 second(s) with 500 milliseconds interval)</small> </font> </div>
<div class="test-event"> <font color="maroon"> <small> &emsp; &emsp;--- 16 Oct 16:06:53 282 - <b>15</b> - Spinner Load Wait: (Sync) - ICar.support.WaitUtils.waitForSpinner(WaitUtils.java:225)</small> </font> </div>
<div class="test-event"> <font color="maroon"> <small> &emsp; &emsp;--- 16 Oct 16:06:53 387 - Page URL:: https://www.icarstage.com/cart</small> </font> </div>
<div class="test-event"> <font color="maroon"> <small> &emsp; &emsp;--- 16 Oct 16:06:53 388 - <b>0</b> - Page Load Wait: (Sync) - ICar.support.Utils.waitForPageLoad(Utils.java:109)</small> </font> </div>
<div class="test-event"> <font color="maroon"> <small> &emsp; &emsp;--- 16 Oct 16:06:53 446 - Element is displayed:: [[ChromeDriver: chrome on WINDOWS (6f2241c0930ea460229ebf53be6eb853)] -> xpath: //button[text()='Continue to Checkout']]</small> </font> </div>
<div class="test-message">&emsp;5. Click on My cart icon to navigate to My Cart Page</div>
<div class="test-message">&emsp;Successfully navigated to 'My Cart' Page&emsp;<a href=".\ScreenShot\ICar_B2B_TC017_62380857739900.png" target="_blank" >[ScreenShot]</a></div>
<div class="test-message">&emsp;5. Click on remove button to remove the product from cart</div>
<div class="test-event"> <font color="maroon"> <small> &emsp; &emsp;--- 16 Oct 16:06:53 684 - Element is displayed:: [[ChromeDriver: chrome on WINDOWS (6f2241c0930ea460229ebf53be6eb853)] -> xpath: //button[text()='Empty Cart']]</small> </font> </div>
<div class="test-event"> <font color="maroon"> <small> &emsp; &emsp;--- 16 Oct 16:06:55 767 - Element is displayed:: [[ChromeDriver: chrome on WINDOWS (6f2241c0930ea460229ebf53be6eb853)] -> xpath: //button[text()='Empty Cart']]</small> </font> </div>
<div class="test-event"> <font color="maroon"> <small> &emsp; &emsp;--- 16 Oct 16:06:55 860 - Element is displayed:: [[ChromeDriver: chrome on WINDOWS (6f2241c0930ea460229ebf53be6eb853)] -> xpath: //button[@title='Yes']]</small> </font> </div>
<div class="test-event"> <font color="maroon"> <small> &emsp; &emsp;--- 16 Oct 16:06:55 918 - Element is displayed:: [[ChromeDriver: chrome on WINDOWS (6f2241c0930ea460229ebf53be6eb853)] -> xpath: //button[@title='Yes']]</small> </font> </div>
<div class="test-message">&emsp;successfully removed from cart</div>
<div class="test-event"> <font color="maroon"> <small> &emsp; &emsp;--- 16 Oct 16:06:57 619 - Element is displayed:: [[ChromeDriver: chrome on WINDOWS (6f2241c0930ea460229ebf53be6eb853)] -> xpath: //slot[@name='message']]</small> </font> </div>
<div class="test-message">&emsp;Successfully verfied the Message&emsp;<a href=".\ScreenShot\ICar_B2B_TC017_62385066696600.png" target="_blank" >[ScreenShot]</a></div>
<div class="test-event"> <font color="maroon"> <small> &emsp; &emsp;--- 16 Oct 16:07:00 946 - Catched spinner load exception due to Expected condition failed: waiting for ICar.support.WaitUtils$4@636673a3 (tried for 3 second(s) with 500 milliseconds interval)</small> </font> </div>
<div class="test-event"> <font color="maroon"> <small> &emsp; &emsp;--- 16 Oct 16:07:00 946 - <b>3</b> - Spinner Load Wait: (Sync) - ICar.support.WaitUtils.waitForSpinner(WaitUtils.java:225)</small> </font> </div>
<div class="test-message">&emsp;Successfully course: Aluminum GMA Welding Theory removed from the  'My Cart' Page&emsp;<a href=".\ScreenShot\ICar_B2B_TC017_62391588671300.png" target="_blank" >[ScreenShot]</a></div>
<div class="test-result"><br><font color="green"><strong> Test Passed. </strong></font> </div>&emsp;
&emsp;<div class="test-title"> <strong><font size = "3" color = "#0000FF">---Test Execution Ends---</font> </strong> </div>&emsp;]]>
    </system-out>
  </testcase> <!-- ICar_B2B_TC017 -->
  <testcase classname="B2Btestscripts.B2B_Student" name="ICar_B2B_TC019" time="77.688">
    <system-out>
      <![CDATA[<div class="test-event"> <font color="maroon"> <small> &emsp; &emsp;--- 16 Oct 16:08:54 188 - TestCaseID:: ICar_B2B_TC019</small> </font> </div>
<div class="test-event"> <font color="maroon"> <small> &emsp; &emsp;--- 16 Oct 16:08:56 370 - <b>2</b> - Driver::initialize::Get - ICar.support.WebDriverFactory.getDriver(WebDriverFactory.java:640)</small> </font> </div>
&emsp;<div class="test-title"> <strong><font size = "3" color = "#000080">Verify My Training progress is displayed wth required information</font> </strong> </div>&emsp;<div><strong>Steps:</strong></div><!-- Report -->&emsp;
<div class="test-event"> <font color="maroon"> <small> &emsp; &emsp;--- 16 Oct 16:09:01 148 - Element is displayed:: [[ChromeDriver: chrome on WINDOWS (7bb73b7db2afeabb7e5d81a3e9f0077b)] -> xpath: //a/img[@alt='Login Image']|//button[@id='btn-login']]</small> </font> </div>
<div class="test-event"> <font color="maroon"> <small> &emsp; &emsp;--- 16 Oct 16:09:01 204 - Element is displayed:: [[ChromeDriver: chrome on WINDOWS (7bb73b7db2afeabb7e5d81a3e9f0077b)] -> xpath: //a/img[@alt='Login Image']|//button[@id='btn-login']]</small> </font> </div>
<div class="test-message">&emsp;Successfully navigated to 'Home' Page&emsp;<a href=".\ScreenShot\ICar_B2B_TC019_62508615620700.png" target="_blank" >[ScreenShot]</a></div>
<div class="test-message">&emsp;1. Home page is launched.</div>
<div class="test-event"> <font color="maroon"> <small> &emsp; &emsp;--- 16 Oct 16:09:01 700 - Page URL:: https://www.icarstage.com/</small> </font> </div>
<div class="test-event"> <font color="maroon"> <small> &emsp; &emsp;--- 16 Oct 16:09:01 700 - <b>0</b> - Page Load Wait: (Sync) - ICar.support.Utils.waitForPageLoad(Utils.java:109)</small> </font> </div>
<div class="test-event"> <font color="maroon"> <small> &emsp; &emsp;--- 16 Oct 16:09:01 754 - Element is displayed:: [[ChromeDriver: chrome on WINDOWS (7bb73b7db2afeabb7e5d81a3e9f0077b)] -> xpath: //a/img[@alt='Login Image']|//button[@id='btn-login']]</small> </font> </div>
<div class="test-event"> <font color="maroon"> <small> &emsp; &emsp;--- 16 Oct 16:09:01 815 - Element is displayed:: [[ChromeDriver: chrome on WINDOWS (7bb73b7db2afeabb7e5d81a3e9f0077b)] -> xpath: //a/img[@alt='Login Image']|//button[@id='btn-login']]</small> </font> </div>
<div class="test-event"> <font color="maroon"> <small> &emsp; &emsp;--- 16 Oct 16:09:20 016 - Catched spinner load exception due to Expected condition failed: waiting for ICar.support.WaitUtils$4@636673a3 (tried for 15 second(s) with 500 milliseconds interval)</small> </font> </div>
<div class="test-event"> <font color="maroon"> <small> &emsp; &emsp;--- 16 Oct 16:09:20 017 - <b>15</b> - Spinner Load Wait: (Sync) - ICar.support.WaitUtils.waitForSpinner(WaitUtils.java:225)</small> </font> </div>
<div class="test-message">&emsp;2. Navigate to 'Login Page'</div>
<div class="test-message">&emsp;Successfully navigated to 'Login' Page&emsp;<a href=".\ScreenShot\ICar_B2B_TC019_62527432955200.png" target="_blank" >[ScreenShot]</a></div>
<div class="test-event"> <font color="maroon"> <small> &emsp; &emsp;--- 16 Oct 16:09:20 311 - Element is displayed:: [[ChromeDriver: chrome on WINDOWS (7bb73b7db2afeabb7e5d81a3e9f0077b)] -> id: username]</small> </font> </div>
<div class="test-event"> <font color="maroon"> <small> &emsp; &emsp;--- 16 Oct 16:09:20 374 - Element is displayed:: [[ChromeDriver: chrome on WINDOWS (7bb73b7db2afeabb7e5d81a3e9f0077b)] -> id: username]</small> </font> </div>
<div class="test-event"> <font color="maroon"> <small> &emsp; &emsp;--- 16 Oct 16:09:20 598 - Element is displayed:: [[ChromeDriver: chrome on WINDOWS (7bb73b7db2afeabb7e5d81a3e9f0077b)] -> id: password]</small> </font> </div>
<div class="test-event"> <font color="maroon"> <small> &emsp; &emsp;--- 16 Oct 16:09:20 772 - Element is displayed:: [[ChromeDriver: chrome on WINDOWS (7bb73b7db2afeabb7e5d81a3e9f0077b)] -> id: btn-login]</small> </font> </div>
<div class="test-event"> <font color="maroon"> <small> &emsp; &emsp;--- 16 Oct 16:09:29 697 - Catched spinner load exception due to Expected condition failed: waiting for ICar.support.WaitUtils$4@636673a3 (tried for 3 second(s) with 500 milliseconds interval)</small> </font> </div>
<div class="test-event"> <font color="maroon"> <small> &emsp; &emsp;--- 16 Oct 16:09:29 697 - <b>8</b> - Spinner Load Wait: (Sync) - ICar.support.WaitUtils.waitForSpinner(WaitUtils.java:225)</small> </font> </div>
<div class="test-event"> <font color="maroon"> <small> &emsp; &emsp;--- 16 Oct 16:09:52 448 - Catched spinner load exception due to Expected condition failed: waiting for ICar.support.WaitUtils$4@636673a3 (tried for 10 second(s) with 500 milliseconds interval)</small> </font> </div>
<div class="test-event"> <font color="maroon"> <small> &emsp; &emsp;--- 16 Oct 16:09:52 449 - <b>10</b> - Spinner Load Wait: (Sync) - ICar.support.WaitUtils.waitForSpinner(WaitUtils.java:225)</small> </font> </div>
<div class="test-event"> <font color="maroon"> <small> &emsp; &emsp;--- 16 Oct 16:09:52 526 - Element is displayed:: [[ChromeDriver: chrome on WINDOWS (7bb73b7db2afeabb7e5d81a3e9f0077b)] -> xpath: //button[@value='Launch My Learning']]</small> </font> </div>
<div class="test-message">&emsp;3. Enter the user credentials</div>
<div class="test-message">&emsp;Successfully navigated to 'User Home' Page&emsp;<a href=".\ScreenShot\ICar_B2B_TC019_62559937974700.png" target="_blank" >[ScreenShot]</a></div>
<div class="test-event"> <font color="maroon"> <small> &emsp; &emsp;--- 16 Oct 16:09:52 879 - Page URL:: https://www.icarstage.com/</small> </font> </div>
<div class="test-event"> <font color="maroon"> <small> &emsp; &emsp;--- 16 Oct 16:09:52 880 - <b>0</b> - Page Load Wait: (Sync) - ICar.support.Utils.waitForPageLoad(Utils.java:109)</small> </font> </div>
<div class="test-event"> <font color="maroon"> <small> &emsp; &emsp;--- 16 Oct 16:09:52 932 - Element is displayed:: [[ChromeDriver: chrome on WINDOWS (7bb73b7db2afeabb7e5d81a3e9f0077b)] -> xpath: //p[text()='Launch My Learning']]</small> </font> </div>
<div class="test-event"> <font color="maroon"> <small> &emsp; &emsp;--- 16 Oct 16:09:52 970 - Element is displayed:: [[ChromeDriver: chrome on WINDOWS (7bb73b7db2afeabb7e5d81a3e9f0077b)] -> xpath: //a[text()='My Training']]</small> </font> </div>
<div class="test-event"> <font color="maroon"> <small> &emsp; &emsp;--- 16 Oct 16:09:53 138 - Page URL:: https://www.icarstage.com/</small> </font> </div>
<div class="test-event"> <font color="maroon"> <small> &emsp; &emsp;--- 16 Oct 16:09:53 138 - <b>0</b> - Page Load Wait: (Sync) - ICar.support.Utils.waitForPageLoad(Utils.java:109)</small> </font> </div>
<div class="test-event"> <font color="maroon"> <small> &emsp; &emsp;--- 16 Oct 16:09:55 221 - Element is displayed:: [[ChromeDriver: chrome on WINDOWS (7bb73b7db2afeabb7e5d81a3e9f0077b)] -> xpath: //a[text()='My Training']]</small> </font> </div>
<div class="test-event"> <font color="maroon"> <small> &emsp; &emsp;--- 16 Oct 16:10:13 324 - Catched spinner load exception due to Expected condition failed: waiting for ICar.support.WaitUtils$4@636673a3 (tried for 15 second(s) with 500 milliseconds interval)</small> </font> </div>
<div class="test-event"> <font color="maroon"> <small> &emsp; &emsp;--- 16 Oct 16:10:13 324 - <b>15</b> - Spinner Load Wait: (Sync) - ICar.support.WaitUtils.waitForSpinner(WaitUtils.java:225)</small> </font> </div>
<div class="test-event"> <font color="maroon"> <small> &emsp; &emsp;--- 16 Oct 16:10:13 513 - Page URL:: https://www.icarstage.com/my-training</small> </font> </div>
<div class="test-event"> <font color="maroon"> <small> &emsp; &emsp;--- 16 Oct 16:10:13 513 - <b>0</b> - Page Load Wait: (Sync) - ICar.support.Utils.waitForPageLoad(Utils.java:109)</small> </font> </div>
<div class="test-event"> <font color="maroon"> <small> &emsp; &emsp;--- 16 Oct 16:10:13 575 - Element is displayed:: [[ChromeDriver: chrome on WINDOWS (7bb73b7db2afeabb7e5d81a3e9f0077b)] -> xpath: //span[@title='My Professional Development']]</small> </font> </div>
<div class="test-message">&emsp;4. Navigate to My Training link</div>
<div class="test-message">&emsp;Successfully verified 'My training' page&emsp;<a href=".\ScreenShot\ICar_B2B_TC019_62580987616600.png" target="_blank" >[ScreenShot]</a></div>
<div class="test-result"><br><font color="green"><strong> Test Passed. </strong></font> </div>&emsp;
&emsp;<div class="test-title"> <strong><font size = "3" color = "#0000FF">---Test Execution Ends---</font> </strong> </div>&emsp;]]>
    </system-out>
  </testcase> <!-- ICar_B2B_TC019 -->
  <testcase classname="B2Btestscripts.B2B_Student" name="ICar_B2B_TC028" time="177.138">
    <system-out>
      <![CDATA[<div class="test-event"> <font color="maroon"> <small> &emsp; &emsp;--- 16 Oct 16:27:01 750 - TestCaseID:: ICar_B2B_TC028</small> </font> </div>
<div class="test-event"> <font color="maroon"> <small> &emsp; &emsp;--- 16 Oct 16:27:03 310 - <b>1</b> - Driver::initialize::Get - ICar.support.WebDriverFactory.getDriver(WebDriverFactory.java:640)</small> </font> </div>
&emsp;<div class="test-title"> <strong><font size = "3" color = "#000080">Ability to remove a default credit card to the student payment information</font> </strong> </div>&emsp;<div><strong>Steps:</strong></div><!-- Report -->&emsp;
<div class="test-event"> <font color="maroon"> <small> &emsp; &emsp;--- 16 Oct 16:27:08 100 - Element is displayed:: [[ChromeDriver: chrome on WINDOWS (8698502799e7528757bec5e8b116cc28)] -> xpath: //a/img[@alt='Login Image']|//button[@id='btn-login']]</small> </font> </div>
<div class="test-event"> <font color="maroon"> <small> &emsp; &emsp;--- 16 Oct 16:27:08 270 - Element is displayed:: [[ChromeDriver: chrome on WINDOWS (8698502799e7528757bec5e8b116cc28)] -> xpath: //a/img[@alt='Login Image']|//button[@id='btn-login']]</small> </font> </div>
<div class="test-message">&emsp;Successfully navigated to 'Home' Page&emsp;<a href=".\ScreenShot\ICar_B2B_TC028_63595682029500.png" target="_blank" >[ScreenShot]</a></div>
<div class="test-message">&emsp;1. Home page is launched.</div>
<div class="test-event"> <font color="maroon"> <small> &emsp; &emsp;--- 16 Oct 16:27:08 626 - Page URL:: https://www.icarstage.com/</small> </font> </div>
<div class="test-event"> <font color="maroon"> <small> &emsp; &emsp;--- 16 Oct 16:27:08 626 - <b>0</b> - Page Load Wait: (Sync) - ICar.support.Utils.waitForPageLoad(Utils.java:109)</small> </font> </div>
<div class="test-event"> <font color="maroon"> <small> &emsp; &emsp;--- 16 Oct 16:27:08 666 - Element is displayed:: [[ChromeDriver: chrome on WINDOWS (8698502799e7528757bec5e8b116cc28)] -> xpath: //a/img[@alt='Login Image']|//button[@id='btn-login']]</small> </font> </div>
<div class="test-event"> <font color="maroon"> <small> &emsp; &emsp;--- 16 Oct 16:27:08 714 - Element is displayed:: [[ChromeDriver: chrome on WINDOWS (8698502799e7528757bec5e8b116cc28)] -> xpath: //a/img[@alt='Login Image']|//button[@id='btn-login']]</small> </font> </div>
<div class="test-event"> <font color="maroon"> <small> &emsp; &emsp;--- 16 Oct 16:27:27 467 - Catched spinner load exception due to Expected condition failed: waiting for ICar.support.WaitUtils$4@636673a3 (tried for 15 second(s) with 500 milliseconds interval)</small> </font> </div>
<div class="test-event"> <font color="maroon"> <small> &emsp; &emsp;--- 16 Oct 16:27:27 467 - <b>15</b> - Spinner Load Wait: (Sync) - ICar.support.WaitUtils.waitForSpinner(WaitUtils.java:225)</small> </font> </div>
<div class="test-message">&emsp;2. Login page  should be successfully display</div>
<div class="test-message">&emsp;Successfully navigated to 'Login' Page&emsp;<a href=".\ScreenShot\ICar_B2B_TC028_63614883076900.png" target="_blank" >[ScreenShot]</a></div>
<div class="test-event"> <font color="maroon"> <small> &emsp; &emsp;--- 16 Oct 16:27:27 685 - Element is displayed:: [[ChromeDriver: chrome on WINDOWS (8698502799e7528757bec5e8b116cc28)] -> id: username]</small> </font> </div>
<div class="test-event"> <font color="maroon"> <small> &emsp; &emsp;--- 16 Oct 16:27:27 739 - Element is displayed:: [[ChromeDriver: chrome on WINDOWS (8698502799e7528757bec5e8b116cc28)] -> id: username]</small> </font> </div>
<div class="test-event"> <font color="maroon"> <small> &emsp; &emsp;--- 16 Oct 16:27:27 936 - Element is displayed:: [[ChromeDriver: chrome on WINDOWS (8698502799e7528757bec5e8b116cc28)] -> id: password]</small> </font> </div>
<div class="test-event"> <font color="maroon"> <small> &emsp; &emsp;--- 16 Oct 16:27:28 102 - Element is displayed:: [[ChromeDriver: chrome on WINDOWS (8698502799e7528757bec5e8b116cc28)] -> id: btn-login]</small> </font> </div>
<div class="test-event"> <font color="maroon"> <small> &emsp; &emsp;--- 16 Oct 16:27:34 500 - Catched spinner load exception due to Expected condition failed: waiting for ICar.support.WaitUtils$4@636673a3 (tried for 3 second(s) with 500 milliseconds interval)</small> </font> </div>
<div class="test-event"> <font color="maroon"> <small> &emsp; &emsp;--- 16 Oct 16:27:34 500 - <b>6</b> - Spinner Load Wait: (Sync) - ICar.support.WaitUtils.waitForSpinner(WaitUtils.java:225)</small> </font> </div>
<div class="test-event"> <font color="maroon"> <small> &emsp; &emsp;--- 16 Oct 16:27:57 076 - Catched spinner load exception due to Expected condition failed: waiting for ICar.support.WaitUtils$4@636673a3 (tried for 10 second(s) with 500 milliseconds interval)</small> </font> </div>
<div class="test-event"> <font color="maroon"> <small> &emsp; &emsp;--- 16 Oct 16:27:57 076 - <b>10</b> - Spinner Load Wait: (Sync) - ICar.support.WaitUtils.waitForSpinner(WaitUtils.java:225)</small> </font> </div>
<div class="test-event"> <font color="maroon"> <small> &emsp; &emsp;--- 16 Oct 16:27:57 148 - Element is displayed:: [[ChromeDriver: chrome on WINDOWS (8698502799e7528757bec5e8b116cc28)] -> xpath: //button[@value='Launch My Learning']]</small> </font> </div>
<div class="test-message">&emsp;3. Enter the user credentials as : 2810173</div>
<div class="test-message">&emsp;Successfully navigated to 'User Home' Page&emsp;<a href=".\ScreenShot\ICar_B2B_TC028_63644561279500.png" target="_blank" >[ScreenShot]</a></div>
<div class="test-event"> <font color="maroon"> <small> &emsp; &emsp;--- 16 Oct 16:27:57 531 - Page URL:: https://www.icarstage.com/</small> </font> </div>
<div class="test-event"> <font color="maroon"> <small> &emsp; &emsp;--- 16 Oct 16:27:57 531 - <b>0</b> - Page Load Wait: (Sync) - ICar.support.Utils.waitForPageLoad(Utils.java:109)</small> </font> </div>
<div class="test-event"> <font color="maroon"> <small> &emsp; &emsp;--- 16 Oct 16:27:57 590 - Element is displayed:: [[ChromeDriver: chrome on WINDOWS (8698502799e7528757bec5e8b116cc28)] -> xpath: //p[text()='Launch My Learning']]</small> </font> </div>
<div class="test-event"> <font color="maroon"> <small> &emsp; &emsp;--- 16 Oct 16:27:57 631 - Element is displayed:: [[ChromeDriver: chrome on WINDOWS (8698502799e7528757bec5e8b116cc28)] -> xpath: //lightning-layout[@class='left-margin slds-align_absolute-center slds-grid slds-grid_align-spread slds-wrap']//lightning-layout-item[2]//a]</small> </font> </div>
<div class="test-event"> <font color="maroon"> <small> &emsp; &emsp;--- 16 Oct 16:27:59 757 - Element is displayed:: [[ChromeDriver: chrome on WINDOWS (8698502799e7528757bec5e8b116cc28)] -> xpath: //lightning-layout[@class='left-margin slds-align_absolute-center slds-grid slds-grid_align-spread slds-wrap']//lightning-layout-item[2]//a]</small> </font> </div>
<div class="test-event"> <font color="maroon"> <small> &emsp; &emsp;--- 16 Oct 16:27:59 876 - Element is displayed:: [[ChromeDriver: chrome on WINDOWS (8698502799e7528757bec5e8b116cc28)] -> xpath: //ul[@aria-label='Show More']//li[2]/a]</small> </font> </div>
<div class="test-event"> <font color="maroon"> <small> &emsp; &emsp;--- 16 Oct 16:27:59 928 - Element is displayed:: [[ChromeDriver: chrome on WINDOWS (8698502799e7528757bec5e8b116cc28)] -> xpath: //ul[@aria-label='Show More']//li[2]/a]</small> </font> </div>
<div class="test-event"> <font color="maroon"> <small> &emsp; &emsp;--- 16 Oct 16:28:16 720 - Catched spinner load exception due to Expected condition failed: waiting for ICar.support.WaitUtils$4@636673a3 (tried for 15 second(s) with 500 milliseconds interval)</small> </font> </div>
<div class="test-event"> <font color="maroon"> <small> &emsp; &emsp;--- 16 Oct 16:28:16 720 - <b>15</b> - Spinner Load Wait: (Sync) - ICar.support.WaitUtils.waitForSpinner(WaitUtils.java:225)</small> </font> </div>
<div class="test-event"> <font color="maroon"> <small> &emsp; &emsp;--- 16 Oct 16:28:16 814 - Page URL:: https://www.icarstage.com/my-payment-information</small> </font> </div>
<div class="test-event"> <font color="maroon"> <small> &emsp; &emsp;--- 16 Oct 16:28:16 814 - <b>0</b> - Page Load Wait: (Sync) - ICar.support.Utils.waitForPageLoad(Utils.java:109)</small> </font> </div>
<div class="test-event"> <font color="maroon"> <small> &emsp; &emsp;--- 16 Oct 16:28:16 868 - Element is displayed:: [[ChromeDriver: chrome on WINDOWS (8698502799e7528757bec5e8b116cc28)] -> xpath: //a[contains(text(),'Credit Card')]]</small> </font> </div>
<div class="test-message">&emsp;4. Navigating to My Payment Information Page</div>
<div class="test-message">&emsp;Successfully navigated to 'My Payment Information' Page&emsp;<a href=".\ScreenShot\ICar_B2B_TC028_63664280328600.png" target="_blank" >[ScreenShot]</a></div>
<div class="test-event"> <font color="maroon"> <small> &emsp; &emsp;--- 16 Oct 16:28:25 510 - Element Proxy element for: AjaxElementLocator 'By.xpath: //slot[@name='message']', is not displayed in page </small> </font> </div>
<div class="test-event"> <font color="maroon"> <small> &emsp; &emsp;--- 16 Oct 16:28:25 546 - Element is displayed:: [[ChromeDriver: chrome on WINDOWS (8698502799e7528757bec5e8b116cc28)] -> xpath: (//a[contains(@name,'delete|card_')])/lightning-icon]</small> </font> </div>
<div class="test-event"> <font color="maroon"> <small> &emsp; &emsp;--- 16 Oct 16:28:26 094 - Element is displayed:: [[ChromeDriver: chrome on WINDOWS (8698502799e7528757bec5e8b116cc28)] -> xpath: //button[@title='Yes']]</small> </font> </div>
<div class="test-event"> <font color="maroon"> <small> &emsp; &emsp;--- 16 Oct 16:28:26 151 - Element is displayed:: [[ChromeDriver: chrome on WINDOWS (8698502799e7528757bec5e8b116cc28)] -> xpath: //button[@title='Yes']]</small> </font> </div>
<div class="test-event"> <font color="maroon"> <small> &emsp; &emsp;--- 16 Oct 16:28:27 223 - Catched spinner load exception due to Expected condition failed: waiting for ICar.support.WaitUtils$4@636673a3 (tried for 1 second(s) with 500 milliseconds interval)</small> </font> </div>
<div class="test-event"> <font color="maroon"> <small> &emsp; &emsp;--- 16 Oct 16:28:27 223 - <b>1</b> - Spinner Load Wait: (Sync) - ICar.support.WaitUtils.waitForSpinner(WaitUtils.java:225)</small> </font> </div>
<div class="test-event"> <font color="maroon"> <small> &emsp; &emsp;--- 16 Oct 16:28:29 267 - Element [[ChromeDriver: chrome on WINDOWS (8698502799e7528757bec5e8b116cc28)] -> xpath: //slot[@name='message']], is still visible in page</small> </font> </div>
<div class="test-event"> <font color="maroon"> <small> &emsp; &emsp;--- 16 Oct 16:28:29 840 - Element [[ChromeDriver: chrome on WINDOWS (8698502799e7528757bec5e8b116cc28)] -> xpath: //slot[@name='message']], is still visible in page</small> </font> </div>
<div class="test-event"> <font color="maroon"> <small> &emsp; &emsp;--- 16 Oct 16:28:30 373 - Element [[ChromeDriver: chrome on WINDOWS (8698502799e7528757bec5e8b116cc28)] -> xpath: //slot[@name='message']], is still visible in page</small> </font> </div>
<div class="test-event"> <font color="maroon"> <small> &emsp; &emsp;--- 16 Oct 16:28:30 925 - Element [[ChromeDriver: chrome on WINDOWS (8698502799e7528757bec5e8b116cc28)] -> xpath: //slot[@name='message']], is still visible in page</small> </font> </div>
<div class="test-event"> <font color="maroon"> <small> &emsp; &emsp;--- 16 Oct 16:28:31 452 - Element [[ChromeDriver: chrome on WINDOWS (8698502799e7528757bec5e8b116cc28)] -> xpath: //slot[@name='message']], is still visible in page</small> </font> </div>
<div class="test-event"> <font color="maroon"> <small> &emsp; &emsp;--- 16 Oct 16:28:31 990 - Element [[ChromeDriver: chrome on WINDOWS (8698502799e7528757bec5e8b116cc28)] -> xpath: //slot[@name='message']], is still visible in page</small> </font> </div>
<div class="test-event"> <font color="maroon"> <small> &emsp; &emsp;--- 16 Oct 16:28:38 910 - Element Proxy element for: AjaxElementLocator 'By.xpath: //slot[@name='message']', is not displayed in page </small> </font> </div>
<div class="test-message">&emsp;5. Add the credit card details</div>
<div class="test-event"> <font color="maroon"> <small> &emsp; &emsp;--- 16 Oct 16:28:52 519 - Catched spinner load exception due to Expected condition failed: waiting for ICar.support.WaitUtils$4@636673a3 (tried for 10 second(s) with 500 milliseconds interval)</small> </font> </div>
<div class="test-event"> <font color="maroon"> <small> &emsp; &emsp;--- 16 Oct 16:28:52 519 - <b>10</b> - Spinner Load Wait: (Sync) - ICar.support.WaitUtils.waitForSpinner(WaitUtils.java:225)</small> </font> </div>
<div class="test-event"> <font color="maroon"> <small> &emsp; &emsp;--- 16 Oct 16:28:52 626 - Element is displayed:: [[ChromeDriver: chrome on WINDOWS (8698502799e7528757bec5e8b116cc28)] -> xpath: //a[contains(text(),'Credit Card')]]</small> </font> </div>
<div class="test-event"> <font color="maroon"> <small> &emsp; &emsp;--- 16 Oct 16:28:58 867 - Catched spinner load exception due to Expected condition failed: waiting for ICar.support.WaitUtils$4@636673a3 (tried for 6 second(s) with 500 milliseconds interval)</small> </font> </div>
<div class="test-event"> <font color="maroon"> <small> &emsp; &emsp;--- 16 Oct 16:28:58 867 - <b>6</b> - Spinner Load Wait: (Sync) - ICar.support.WaitUtils.waitForSpinner(WaitUtils.java:225)</small> </font> </div>
<div class="test-event"> <font color="maroon"> <small> &emsp; &emsp;--- 16 Oct 16:29:07 187 - Catched spinner load exception due to Expected condition failed: waiting for ICar.support.WaitUtils$4@636673a3 (tried for 6 second(s) with 500 milliseconds interval)</small> </font> </div>
<div class="test-event"> <font color="maroon"> <small> &emsp; &emsp;--- 16 Oct 16:29:07 187 - <b>6</b> - Spinner Load Wait: (Sync) - ICar.support.WaitUtils.waitForSpinner(WaitUtils.java:225)</small> </font> </div>
<div class="test-event"> <font color="maroon"> <small> &emsp; &emsp;--- 16 Oct 16:29:07 248 - Element is displayed:: [[ChromeDriver: chrome on WINDOWS (8698502799e7528757bec5e8b116cc28)] -> xpath: //input[@name='cardnumber']]</small> </font> </div>
<div class="test-event"> <font color="maroon"> <small> &emsp; &emsp;--- 16 Oct 16:29:08 123 - Element is displayed:: [[ChromeDriver: chrome on WINDOWS (8698502799e7528757bec5e8b116cc28)] -> xpath: //input[@name='exp-date']]</small> </font> </div>
<div class="test-event"> <font color="maroon"> <small> &emsp; &emsp;--- 16 Oct 16:29:08 356 - Element is displayed:: [[ChromeDriver: chrome on WINDOWS (8698502799e7528757bec5e8b116cc28)] -> xpath: //input[@name='cvc']]</small> </font> </div>
<div class="test-event"> <font color="maroon"> <small> &emsp; &emsp;--- 16 Oct 16:29:08 570 - Element is displayed:: [[ChromeDriver: chrome on WINDOWS (8698502799e7528757bec5e8b116cc28)] -> xpath: //input[@name='postal']]</small> </font> </div>
<div class="test-event"> <font color="maroon"> <small> &emsp; &emsp;--- 16 Oct 16:29:08 818 - Element is displayed:: [[ChromeDriver: chrome on WINDOWS (8698502799e7528757bec5e8b116cc28)] -> xpath: //button[@title='Add Card']]</small> </font> </div>
<div class="test-event"> <font color="maroon"> <small> &emsp; &emsp;--- 16 Oct 16:29:10 491 - Element is displayed:: [[ChromeDriver: chrome on WINDOWS (8698502799e7528757bec5e8b116cc28)] -> xpath: //slot[@name='message']]</small> </font> </div>
<div class="test-message">&emsp;Successfully add card to 'My Payment Information' Page&emsp;<a href=".\ScreenShot\ICar_B2B_TC028_63717919103600.png" target="_blank" >[ScreenShot]</a></div>
<div class="test-message">&emsp;6. Set the credit card as default</div>
<div class="test-event"> <font color="maroon"> <small> &emsp; &emsp;--- 16 Oct 16:29:15 069 - Element [[ChromeDriver: chrome on WINDOWS (8698502799e7528757bec5e8b116cc28)] -> xpath: //slot[@name='message']], is still visible in page</small> </font> </div>
<div class="test-event"> <font color="maroon"> <small> &emsp; &emsp;--- 16 Oct 16:29:22 072 - Element Proxy element for: AjaxElementLocator 'By.xpath: //slot[@name='message']', is not displayed in page </small> </font> </div>
<div class="test-event"> <font color="maroon"> <small> &emsp; &emsp;--- 16 Oct 16:29:26 118 - Element is displayed:: [[ChromeDriver: chrome on WINDOWS (8698502799e7528757bec5e8b116cc28)] -> xpath: //c-b2b_-my-payment-info[contains(@data-component-id,'MyPaymentInfo')]/div[1]/div[2]/div[1]/div[2]/div/div[4]//lightning-primitive-input-radio]</small> </font> </div>
<div class="test-event"> <font color="maroon"> <small> &emsp; &emsp;--- 16 Oct 16:29:26 205 - Element is displayed:: [[ChromeDriver: chrome on WINDOWS (8698502799e7528757bec5e8b116cc28)] -> xpath: //button[@title='Yes']]</small> </font> </div>
<div class="test-event"> <font color="maroon"> <small> &emsp; &emsp;--- 16 Oct 16:29:26 257 - Element is displayed:: [[ChromeDriver: chrome on WINDOWS (8698502799e7528757bec5e8b116cc28)] -> xpath: //button[@title='Yes']]</small> </font> </div>
<div class="test-message">&emsp;Successfully set the card as default in 'My Payment Information' Page&emsp;<a href=".\ScreenShot\ICar_B2B_TC028_63734830006500.png" target="_blank" >[ScreenShot]</a></div>
<div class="test-message">&emsp;7. Removing the credit card as default</div>
<div class="test-event"> <font color="maroon"> <small> &emsp; &emsp;--- 16 Oct 16:29:31 690 - Element [[ChromeDriver: chrome on WINDOWS (8698502799e7528757bec5e8b116cc28)] -> xpath: //slot[@name='message']], is still visible in page</small> </font> </div>
<div class="test-event"> <font color="maroon"> <small> &emsp; &emsp;--- 16 Oct 16:29:32 227 - Element [[ChromeDriver: chrome on WINDOWS (8698502799e7528757bec5e8b116cc28)] -> xpath: //slot[@name='message']], is still visible in page</small> </font> </div>
<div class="test-event"> <font color="maroon"> <small> &emsp; &emsp;--- 16 Oct 16:29:39 188 - Element Proxy element for: AjaxElementLocator 'By.xpath: //slot[@name='message']', is not displayed in page </small> </font> </div>
<div class="test-event"> <font color="maroon"> <small> &emsp; &emsp;--- 16 Oct 16:29:43 238 - Element is displayed:: [[ChromeDriver: chrome on WINDOWS (8698502799e7528757bec5e8b116cc28)] -> xpath: (//a[contains(@name,'delete|card_')])/lightning-icon]</small> </font> </div>
<div class="test-event"> <font color="maroon"> <small> &emsp; &emsp;--- 16 Oct 16:29:43 323 - Element is displayed:: [[ChromeDriver: chrome on WINDOWS (8698502799e7528757bec5e8b116cc28)] -> xpath: //button[@title='Yes']]</small> </font> </div>
<div class="test-event"> <font color="maroon"> <small> &emsp; &emsp;--- 16 Oct 16:29:43 375 - Element is displayed:: [[ChromeDriver: chrome on WINDOWS (8698502799e7528757bec5e8b116cc28)] -> xpath: //button[@title='Yes']]</small> </font> </div>
<div class="test-event"> <font color="maroon"> <small> &emsp; &emsp;--- 16 Oct 16:29:47 125 - Element [[ChromeDriver: chrome on WINDOWS (8698502799e7528757bec5e8b116cc28)] -> xpath: //slot[@name='message']], is still visible in page</small> </font> </div>
<div class="test-event"> <font color="maroon"> <small> &emsp; &emsp;--- 16 Oct 16:29:47 660 - Element [[ChromeDriver: chrome on WINDOWS (8698502799e7528757bec5e8b116cc28)] -> xpath: //slot[@name='message']], is still visible in page</small> </font> </div>
<div class="test-event"> <font color="maroon"> <small> &emsp; &emsp;--- 16 Oct 16:29:48 198 - Element [[ChromeDriver: chrome on WINDOWS (8698502799e7528757bec5e8b116cc28)] -> xpath: //slot[@name='message']], is still visible in page</small> </font> </div>
<div class="test-event"> <font color="maroon"> <small> &emsp; &emsp;--- 16 Oct 16:29:48 728 - Element [[ChromeDriver: chrome on WINDOWS (8698502799e7528757bec5e8b116cc28)] -> xpath: //slot[@name='message']], is still visible in page</small> </font> </div>
<div class="test-event"> <font color="maroon"> <small> &emsp; &emsp;--- 16 Oct 16:29:49 259 - Element [[ChromeDriver: chrome on WINDOWS (8698502799e7528757bec5e8b116cc28)] -> xpath: //slot[@name='message']], is still visible in page</small> </font> </div>
<div class="test-event"> <font color="maroon"> <small> &emsp; &emsp;--- 16 Oct 16:29:49 796 - Element [[ChromeDriver: chrome on WINDOWS (8698502799e7528757bec5e8b116cc28)] -> xpath: //slot[@name='message']], is still visible in page</small> </font> </div>
<div class="test-event"> <font color="maroon"> <small> &emsp; &emsp;--- 16 Oct 16:29:56 788 - Element Proxy element for: AjaxElementLocator 'By.xpath: //slot[@name='message']', is not displayed in page </small> </font> </div>
<div class="test-result"><br><font color="green"><strong> Test Passed. </strong></font> </div>&emsp;
&emsp;<div class="test-title"> <strong><font size = "3" color = "#0000FF">---Test Execution Ends---</font> </strong> </div>&emsp;]]>
    </system-out>
  </testcase> <!-- ICar_B2B_TC028 -->
  <testcase classname="B2Btestscripts.B2B_Student" name="ICar_B2B_TC033" time="277.880">
    <system-out>
      <![CDATA[<div class="test-event"> <font color="maroon"> <small> &emsp; &emsp;--- 16 Oct 16:42:47 066 - TestCaseID:: ICar_B2B_TC033</small> </font> </div>
<div class="test-event"> <font color="maroon"> <small> &emsp; &emsp;--- 16 Oct 16:42:48 109 - <b>1</b> - Driver::initialize::Get - ICar.support.WebDriverFactory.getDriver(WebDriverFactory.java:640)</small> </font> </div>
&emsp;<div class="test-title"> <strong><font size = "3" color = "#000080">verify Ability to make payment by adding new credit card</font> </strong> </div>&emsp;<div><strong>Steps:</strong></div><!-- Report -->&emsp;
<div class="test-event"> <font color="maroon"> <small> &emsp; &emsp;--- 16 Oct 16:42:53 186 - Element is displayed:: [[ChromeDriver: chrome on WINDOWS (b9c1092ede6745a4ca57417641de0f69)] -> xpath: //a/img[@alt='Login Image']|//button[@id='btn-login']]</small> </font> </div>
<div class="test-event"> <font color="maroon"> <small> &emsp; &emsp;--- 16 Oct 16:42:53 281 - Element is displayed:: [[ChromeDriver: chrome on WINDOWS (b9c1092ede6745a4ca57417641de0f69)] -> xpath: //a/img[@alt='Login Image']|//button[@id='btn-login']]</small> </font> </div>
<div class="test-message">&emsp;Successfully navigated to 'Home' Page&emsp;<a href=".\ScreenShot\ICar_B2B_TC033_64540693220400.png" target="_blank" >[ScreenShot]</a></div>
<div class="test-message">&emsp;1. Home page is launched.</div>
<div class="test-event"> <font color="maroon"> <small> &emsp; &emsp;--- 16 Oct 16:42:53 797 - Page URL:: https://www.icarstage.com/</small> </font> </div>
<div class="test-event"> <font color="maroon"> <small> &emsp; &emsp;--- 16 Oct 16:42:53 797 - <b>0</b> - Page Load Wait: (Sync) - ICar.support.Utils.waitForPageLoad(Utils.java:109)</small> </font> </div>
<div class="test-event"> <font color="maroon"> <small> &emsp; &emsp;--- 16 Oct 16:42:53 835 - Element is displayed:: [[ChromeDriver: chrome on WINDOWS (b9c1092ede6745a4ca57417641de0f69)] -> xpath: //a/img[@alt='Login Image']|//button[@id='btn-login']]</small> </font> </div>
<div class="test-event"> <font color="maroon"> <small> &emsp; &emsp;--- 16 Oct 16:42:53 895 - Element is displayed:: [[ChromeDriver: chrome on WINDOWS (b9c1092ede6745a4ca57417641de0f69)] -> xpath: //a/img[@alt='Login Image']|//button[@id='btn-login']]</small> </font> </div>
<div class="test-event"> <font color="maroon"> <small> &emsp; &emsp;--- 16 Oct 16:43:12 872 - Catched spinner load exception due to Expected condition failed: waiting for ICar.support.WaitUtils$4@636673a3 (tried for 15 second(s) with 500 milliseconds interval)</small> </font> </div>
<div class="test-event"> <font color="maroon"> <small> &emsp; &emsp;--- 16 Oct 16:43:12 872 - <b>15</b> - Spinner Load Wait: (Sync) - ICar.support.WaitUtils.waitForSpinner(WaitUtils.java:225)</small> </font> </div>
<div class="test-message">&emsp;2. Navigate to 'Login Page'</div>
<div class="test-message">&emsp;Successfully navigated to 'Login' Page&emsp;<a href=".\ScreenShot\ICar_B2B_TC033_64560287090100.png" target="_blank" >[ScreenShot]</a></div>
<div class="test-event"> <font color="maroon"> <small> &emsp; &emsp;--- 16 Oct 16:43:13 078 - Element is displayed:: [[ChromeDriver: chrome on WINDOWS (b9c1092ede6745a4ca57417641de0f69)] -> id: username]</small> </font> </div>
<div class="test-event"> <font color="maroon"> <small> &emsp; &emsp;--- 16 Oct 16:43:13 138 - Element is displayed:: [[ChromeDriver: chrome on WINDOWS (b9c1092ede6745a4ca57417641de0f69)] -> id: username]</small> </font> </div>
<div class="test-event"> <font color="maroon"> <small> &emsp; &emsp;--- 16 Oct 16:43:13 337 - Element is displayed:: [[ChromeDriver: chrome on WINDOWS (b9c1092ede6745a4ca57417641de0f69)] -> id: password]</small> </font> </div>
<div class="test-event"> <font color="maroon"> <small> &emsp; &emsp;--- 16 Oct 16:43:13 518 - Element is displayed:: [[ChromeDriver: chrome on WINDOWS (b9c1092ede6745a4ca57417641de0f69)] -> id: btn-login]</small> </font> </div>
<div class="test-event"> <font color="maroon"> <small> &emsp; &emsp;--- 16 Oct 16:43:19 582 - Catched spinner load exception due to Expected condition failed: waiting for ICar.support.WaitUtils$4@636673a3 (tried for 3 second(s) with 500 milliseconds interval)</small> </font> </div>
<div class="test-event"> <font color="maroon"> <small> &emsp; &emsp;--- 16 Oct 16:43:19 582 - <b>6</b> - Spinner Load Wait: (Sync) - ICar.support.WaitUtils.waitForSpinner(WaitUtils.java:225)</small> </font> </div>
<div class="test-event"> <font color="maroon"> <small> &emsp; &emsp;--- 16 Oct 16:43:42 960 - Catched spinner load exception due to Expected condition failed: waiting for ICar.support.WaitUtils$4@636673a3 (tried for 10 second(s) with 500 milliseconds interval)</small> </font> </div>
<div class="test-event"> <font color="maroon"> <small> &emsp; &emsp;--- 16 Oct 16:43:42 960 - <b>10</b> - Spinner Load Wait: (Sync) - ICar.support.WaitUtils.waitForSpinner(WaitUtils.java:225)</small> </font> </div>
<div class="test-event"> <font color="maroon"> <small> &emsp; &emsp;--- 16 Oct 16:43:43 032 - Element is displayed:: [[ChromeDriver: chrome on WINDOWS (b9c1092ede6745a4ca57417641de0f69)] -> xpath: //button[@value='Launch My Learning']]</small> </font> </div>
<div class="test-message">&emsp;3. Enter the user credentials as : 2810173</div>
<div class="test-message">&emsp;Successfully navigated to 'User Home' Page&emsp;<a href=".\ScreenShot\ICar_B2B_TC033_64590444144200.png" target="_blank" >[ScreenShot]</a></div>
<div class="test-message">&emsp;4. click on link to navigate to Browser catalog and Successfully adding course to the cart</div>
<div class="test-event"> <font color="maroon"> <small> &emsp; &emsp;--- 16 Oct 16:43:43 439 - Page URL:: https://www.icarstage.com/</small> </font> </div>
<div class="test-event"> <font color="maroon"> <small> &emsp; &emsp;--- 16 Oct 16:43:43 439 - <b>0</b> - Page Load Wait: (Sync) - ICar.support.Utils.waitForPageLoad(Utils.java:109)</small> </font> </div>
<div class="test-event"> <font color="maroon"> <small> &emsp; &emsp;--- 16 Oct 16:43:43 494 - Element is displayed:: [[ChromeDriver: chrome on WINDOWS (b9c1092ede6745a4ca57417641de0f69)] -> xpath: //p[text()='Launch My Learning']]</small> </font> </div>
<div class="test-event"> <font color="maroon"> <small> &emsp; &emsp;--- 16 Oct 16:44:03 679 - Catched spinner load exception due to Expected condition failed: waiting for ICar.support.WaitUtils$4@636673a3 (tried for 20 second(s) with 500 milliseconds interval)</small> </font> </div>
<div class="test-event"> <font color="maroon"> <small> &emsp; &emsp;--- 16 Oct 16:44:03 679 - <b>20</b> - Spinner Load Wait: (Sync) - ICar.support.WaitUtils.waitForSpinner(WaitUtils.java:225)</small> </font> </div>
<div class="test-event"> <font color="maroon"> <small> &emsp; &emsp;--- 16 Oct 16:44:03 728 - Element is displayed:: [[ChromeDriver: chrome on WINDOWS (b9c1092ede6745a4ca57417641de0f69)] -> xpath: //div[@class='HeaderCart_Icon']/a]</small> </font> </div>
<div class="test-event"> <font color="maroon"> <small> &emsp; &emsp;--- 16 Oct 16:44:05 822 - Element is displayed:: [[ChromeDriver: chrome on WINDOWS (b9c1092ede6745a4ca57417641de0f69)] -> xpath: //div[@class='HeaderCart_Icon']/a]</small> </font> </div>
<div class="test-event"> <font color="maroon"> <small> &emsp; &emsp;--- 16 Oct 16:44:25 581 - Catched spinner load exception due to Expected condition failed: waiting for ICar.support.WaitUtils$4@636673a3 (tried for 15 second(s) with 500 milliseconds interval)</small> </font> </div>
<div class="test-event"> <font color="maroon"> <small> &emsp; &emsp;--- 16 Oct 16:44:25 581 - <b>15</b> - Spinner Load Wait: (Sync) - ICar.support.WaitUtils.waitForSpinner(WaitUtils.java:225)</small> </font> </div>
<div class="test-event"> <font color="maroon"> <small> &emsp; &emsp;--- 16 Oct 16:44:25 776 - Page URL:: https://www.icarstage.com/cart</small> </font> </div>
<div class="test-event"> <font color="maroon"> <small> &emsp; &emsp;--- 16 Oct 16:44:25 776 - <b>0</b> - Page Load Wait: (Sync) - ICar.support.Utils.waitForPageLoad(Utils.java:109)</small> </font> </div>
<div class="test-event"> <font color="maroon"> <small> &emsp; &emsp;--- 16 Oct 16:44:25 847 - Element is displayed:: [[ChromeDriver: chrome on WINDOWS (b9c1092ede6745a4ca57417641de0f69)] -> xpath: //button[text()='Continue to Checkout']]</small> </font> </div>
<div class="test-event"> <font color="maroon"> <small> &emsp; &emsp;--- 16 Oct 16:44:25 907 - Element is displayed:: [[ChromeDriver: chrome on WINDOWS (b9c1092ede6745a4ca57417641de0f69)] -> xpath: //input[contains(@placeholder,'Search')]]</small> </font> </div>
<div class="test-event"> <font color="maroon"> <small> &emsp; &emsp;--- 16 Oct 16:44:25 972 - Element is displayed:: [[ChromeDriver: chrome on WINDOWS (b9c1092ede6745a4ca57417641de0f69)] -> xpath: //input[contains(@placeholder,'Search')]]</small> </font> </div>
<div class="test-event"> <font color="maroon"> <small> &emsp; &emsp;--- 16 Oct 16:44:34 413 - Element is displayed:: [[[[ChromeDriver: chrome on WINDOWS (b9c1092ede6745a4ca57417641de0f69)] -> xpath: //c-b2b_custom-search-results-list[contains(@data-component-id,'b2b_customSearchResultsList')]/div/div[2]//table/tbody/tr[1]/td/div]] -> xpath: a]</small> </font> </div>
<div class="test-event"> <font color="maroon"> <small> &emsp; &emsp;--- 16 Oct 16:44:46 436 - Catched spinner load exception due to Expected condition failed: waiting for ICar.support.WaitUtils$4@636673a3 (tried for 10 second(s) with 500 milliseconds interval)</small> </font> </div>
<div class="test-event"> <font color="maroon"> <small> &emsp; &emsp;--- 16 Oct 16:44:46 436 - <b>10</b> - Spinner Load Wait: (Sync) - ICar.support.WaitUtils.waitForSpinner(WaitUtils.java:225)</small> </font> </div>
<div class="test-event"> <font color="maroon"> <small> &emsp; &emsp;--- 16 Oct 16:44:48 527 - Element is displayed:: [[ChromeDriver: chrome on WINDOWS (b9c1092ede6745a4ca57417641de0f69)] -> xpath: //button[text()='Add to Cart']]</small> </font> </div>
<div class="test-event"> <font color="maroon"> <small> &emsp; &emsp;--- 16 Oct 16:44:48 637 - Element is displayed:: [[ChromeDriver: chrome on WINDOWS (b9c1092ede6745a4ca57417641de0f69)] -> xpath: //div[@class='HeaderCart_Icon']/a]</small> </font> </div>
<div class="test-event"> <font color="maroon"> <small> &emsp; &emsp;--- 16 Oct 16:44:55 728 - Element is displayed:: [[ChromeDriver: chrome on WINDOWS (b9c1092ede6745a4ca57417641de0f69)] -> xpath: //div[@class='HeaderCart_Icon']/a]</small> </font> </div>
<div class="test-event"> <font color="maroon"> <small> &emsp; &emsp;--- 16 Oct 16:44:57 002 - Page URL:: https://www.icarstage.com/cart</small> </font> </div>
<div class="test-event"> <font color="maroon"> <small> &emsp; &emsp;--- 16 Oct 16:44:57 002 - <b>0</b> - Page Load Wait: (Sync) - ICar.support.Utils.waitForPageLoad(Utils.java:109)</small> </font> </div>
<div class="test-event"> <font color="maroon"> <small> &emsp; &emsp;--- 16 Oct 16:44:57 115 - Element is displayed:: [[ChromeDriver: chrome on WINDOWS (b9c1092ede6745a4ca57417641de0f69)] -> xpath: //p[text()='Launch My Learning']]</small> </font> </div>
<div class="test-event"> <font color="maroon"> <small> &emsp; &emsp;--- 16 Oct 16:45:17 412 - Catched spinner load exception due to Expected condition failed: waiting for ICar.support.WaitUtils$4@636673a3 (tried for 20 second(s) with 500 milliseconds interval)</small> </font> </div>
<div class="test-event"> <font color="maroon"> <small> &emsp; &emsp;--- 16 Oct 16:45:17 412 - <b>20</b> - Spinner Load Wait: (Sync) - ICar.support.WaitUtils.waitForSpinner(WaitUtils.java:225)</small> </font> </div>
<div class="test-event"> <font color="maroon"> <small> &emsp; &emsp;--- 16 Oct 16:45:17 451 - Element is displayed:: [[ChromeDriver: chrome on WINDOWS (b9c1092ede6745a4ca57417641de0f69)] -> xpath: //div[@class='HeaderCart_Icon']/a]</small> </font> </div>
<div class="test-event"> <font color="maroon"> <small> &emsp; &emsp;--- 16 Oct 16:45:19 529 - Element is displayed:: [[ChromeDriver: chrome on WINDOWS (b9c1092ede6745a4ca57417641de0f69)] -> xpath: //div[@class='HeaderCart_Icon']/a]</small> </font> </div>
<div class="test-event"> <font color="maroon"> <small> &emsp; &emsp;--- 16 Oct 16:45:39 769 - Catched spinner load exception due to Expected condition failed: waiting for ICar.support.WaitUtils$4@636673a3 (tried for 15 second(s) with 500 milliseconds interval)</small> </font> </div>
<div class="test-event"> <font color="maroon"> <small> &emsp; &emsp;--- 16 Oct 16:45:39 769 - <b>15</b> - Spinner Load Wait: (Sync) - ICar.support.WaitUtils.waitForSpinner(WaitUtils.java:225)</small> </font> </div>
<div class="test-event"> <font color="maroon"> <small> &emsp; &emsp;--- 16 Oct 16:45:39 880 - Page URL:: https://www.icarstage.com/cart</small> </font> </div>
<div class="test-event"> <font color="maroon"> <small> &emsp; &emsp;--- 16 Oct 16:45:39 880 - <b>0</b> - Page Load Wait: (Sync) - ICar.support.Utils.waitForPageLoad(Utils.java:109)</small> </font> </div>
<div class="test-event"> <font color="maroon"> <small> &emsp; &emsp;--- 16 Oct 16:45:39 940 - Element is displayed:: [[ChromeDriver: chrome on WINDOWS (b9c1092ede6745a4ca57417641de0f69)] -> xpath: //button[text()='Continue to Checkout']]</small> </font> </div>
<div class="test-message">&emsp;5. click on My cart icon to navigate to My Cart Page</div>
<div class="test-message">&emsp;Successfully navigated to 'My Cart' Page&emsp;<a href=".\ScreenShot\ICar_B2B_TC033_64707353194400.png" target="_blank" >[ScreenShot]</a></div>
<div class="test-event"> <font color="maroon"> <small> &emsp; &emsp;--- 16 Oct 16:45:42 185 - Element is displayed:: [[ChromeDriver: chrome on WINDOWS (b9c1092ede6745a4ca57417641de0f69)] -> xpath: //button[text()='Continue to Checkout']]</small> </font> </div>
<div class="test-event"> <font color="maroon"> <small> &emsp; &emsp;--- 16 Oct 16:45:45 813 - Catched spinner load exception due to Expected condition failed: waiting for ICar.support.WaitUtils$4@636673a3 (tried for 3 second(s) with 500 milliseconds interval)</small> </font> </div>
<div class="test-event"> <font color="maroon"> <small> &emsp; &emsp;--- 16 Oct 16:45:45 814 - <b>3</b> - Spinner Load Wait: (Sync) - ICar.support.WaitUtils.waitForSpinner(WaitUtils.java:225)</small> </font> </div>
<div class="test-event"> <font color="maroon"> <small> &emsp; &emsp;--- 16 Oct 16:45:54 092 - Catched spinner load exception due to Expected condition failed: waiting for ICar.support.WaitUtils$4@636673a3 (tried for 8 second(s) with 500 milliseconds interval)</small> </font> </div>
<div class="test-event"> <font color="maroon"> <small> &emsp; &emsp;--- 16 Oct 16:45:54 092 - <b>8</b> - Spinner Load Wait: (Sync) - ICar.support.WaitUtils.waitForSpinner(WaitUtils.java:225)</small> </font> </div>
<div class="test-event"> <font color="maroon"> <small> &emsp; &emsp;--- 16 Oct 16:45:54 174 - Page URL:: https://www.icarstage.com/checkout</small> </font> </div>
<div class="test-event"> <font color="maroon"> <small> &emsp; &emsp;--- 16 Oct 16:45:54 174 - <b>0</b> - Page Load Wait: (Sync) - ICar.support.Utils.waitForPageLoad(Utils.java:109)</small> </font> </div>
<div class="test-event"> <font color="maroon"> <small> &emsp; &emsp;--- 16 Oct 16:45:54 231 - Element is displayed:: [[ChromeDriver: chrome on WINDOWS (b9c1092ede6745a4ca57417641de0f69)] -> xpath: //button[contains(@aria-label,'Payment Method')]]</small> </font> </div>
<div class="test-message">&emsp;6. click on check out button to navigate to Payment details Page</div>
<div class="test-message">&emsp;Successfully navigated to 'Payment details' Page&emsp;<a href=".\ScreenShot\ICar_B2B_TC033_64721643215200.png" target="_blank" >[ScreenShot]</a></div>
<div class="test-message">&emsp;7. Enter the credit card details and proceed</div>
<div class="test-event"> <font color="maroon"> <small> &emsp; &emsp;--- 16 Oct 16:46:13 466 - Catched spinner load exception due to Expected condition failed: waiting for ICar.support.WaitUtils$4@636673a3 (tried for 6 second(s) with 500 milliseconds interval)</small> </font> </div>
<div class="test-event"> <font color="maroon"> <small> &emsp; &emsp;--- 16 Oct 16:46:13 466 - <b>6</b> - Spinner Load Wait: (Sync) - ICar.support.WaitUtils.waitForSpinner(WaitUtils.java:225)</small> </font> </div>
<div class="test-event"> <font color="maroon"> <small> &emsp; &emsp;--- 16 Oct 16:46:13 542 - Page URL:: https://www.icarstage.com/checkout</small> </font> </div>
<div class="test-event"> <font color="maroon"> <small> &emsp; &emsp;--- 16 Oct 16:46:13 542 - <b>0</b> - Page Load Wait: (Sync) - ICar.support.Utils.waitForPageLoad(Utils.java:109)</small> </font> </div>
<div class="test-event"> <font color="maroon"> <small> &emsp; &emsp;--- 16 Oct 16:46:33 772 - Catched spinner load exception due to Expected condition failed: waiting for ICar.support.WaitUtils$4@636673a3 (tried for 20 second(s) with 500 milliseconds interval)</small> </font> </div>
<div class="test-event"> <font color="maroon"> <small> &emsp; &emsp;--- 16 Oct 16:46:33 772 - <b>20</b> - Spinner Load Wait: (Sync) - ICar.support.WaitUtils.waitForSpinner(WaitUtils.java:225)</small> </font> </div>
<div class="test-event"> <font color="maroon"> <small> &emsp; &emsp;--- 16 Oct 16:46:36 924 - Page URL:: https://www.icarstage.com/checkout</small> </font> </div>
<div class="test-event"> <font color="maroon"> <small> &emsp; &emsp;--- 16 Oct 16:46:36 924 - <b>0</b> - Page Load Wait: (Sync) - ICar.support.Utils.waitForPageLoad(Utils.java:109)</small> </font> </div>
<div class="test-event"> <font color="maroon"> <small> &emsp; &emsp;--- 16 Oct 16:46:43 236 - Catched spinner load exception due to Expected condition failed: waiting for ICar.support.WaitUtils$4@636673a3 (tried for 4 second(s) with 500 milliseconds interval)</small> </font> </div>
<div class="test-event"> <font color="maroon"> <small> &emsp; &emsp;--- 16 Oct 16:46:43 236 - <b>4</b> - Spinner Load Wait: (Sync) - ICar.support.WaitUtils.waitForSpinner(WaitUtils.java:225)</small> </font> </div>
<div class="test-event"> <font color="maroon"> <small> &emsp; &emsp;--- 16 Oct 16:46:43 569 - Page URL:: https://www.icarstage.com/checkout</small> </font> </div>
<div class="test-event"> <font color="maroon"> <small> &emsp; &emsp;--- 16 Oct 16:46:43 569 - <b>0</b> - Page Load Wait: (Sync) - ICar.support.Utils.waitForPageLoad(Utils.java:109)</small> </font> </div>
<div class="test-event"> <font color="maroon"> <small> &emsp; &emsp;--- 16 Oct 16:46:50 801 - Element is displayed:: [[ChromeDriver: chrome on WINDOWS (b9c1092ede6745a4ca57417641de0f69)] -> xpath: //input[@name='cardnumber']]</small> </font> </div>
<div class="test-event"> <font color="maroon"> <small> &emsp; &emsp;--- 16 Oct 16:47:01 168 - Element is displayed:: [[ChromeDriver: chrome on WINDOWS (b9c1092ede6745a4ca57417641de0f69)] -> xpath: //input[@name='exp-date']]</small> </font> </div>
<div class="test-event"> <font color="maroon"> <small> &emsp; &emsp;--- 16 Oct 16:47:01 408 - Element is displayed:: [[ChromeDriver: chrome on WINDOWS (b9c1092ede6745a4ca57417641de0f69)] -> xpath: //input[@name='cvc']]</small> </font> </div>
<div class="test-event"> <font color="maroon"> <small> &emsp; &emsp;--- 16 Oct 16:47:06 642 - Element is displayed:: [[ChromeDriver: chrome on WINDOWS (b9c1092ede6745a4ca57417641de0f69)] -> xpath: //input[@name='postal']]</small> </font> </div>
<div class="test-event"> <font color="maroon"> <small> &emsp; &emsp;--- 16 Oct 16:47:06 891 - Element is displayed:: [[ChromeDriver: chrome on WINDOWS (b9c1092ede6745a4ca57417641de0f69)] -> xpath: //button[text()='Complete Purchase']]</small> </font> </div>
<div class="test-event"> <font color="maroon"> <small> &emsp; &emsp;--- 16 Oct 16:47:07 070 - Page URL:: https://www.icarstage.com/checkout</small> </font> </div>
<div class="test-event"> <font color="maroon"> <small> &emsp; &emsp;--- 16 Oct 16:47:07 070 - <b>0</b> - Page Load Wait: (Sync) - ICar.support.Utils.waitForPageLoad(Utils.java:109)</small> </font> </div>
<div class="test-event"> <font color="maroon"> <small> &emsp; &emsp;--- 16 Oct 16:47:22 082 - Catched spinner load exception due to Expected condition failed: waiting for ICar.support.WaitUtils$4@636673a3 (tried for 15 second(s) with 500 milliseconds interval)</small> </font> </div>
<div class="test-event"> <font color="maroon"> <small> &emsp; &emsp;--- 16 Oct 16:47:22 082 - <b>15</b> - Spinner Load Wait: (Sync) - ICar.support.WaitUtils.waitForSpinner(WaitUtils.java:225)</small> </font> </div>
<div class="test-event"> <font color="maroon"> <small> &emsp; &emsp;--- 16 Oct 16:47:22 150 - Element is displayed:: [[ChromeDriver: chrome on WINDOWS (b9c1092ede6745a4ca57417641de0f69)] -> xpath: //div[@class='summary-align']//div[text()='Order']//following::div[1]]</small> </font> </div>
<div class="test-event"> <font color="maroon"> <small> &emsp; &emsp;--- 16 Oct 16:47:25 231 - Element is displayed:: [[ChromeDriver: chrome on WINDOWS (b9c1092ede6745a4ca57417641de0f69)] -> xpath: //div[@class='summary-align']//div[text()='Order']//following::div[1]]</small> </font> </div>
<div class="test-message">&emsp;Successfully Purchased the course with order no : 00884132&emsp;<a href=".\ScreenShot\ICar_B2B_TC033_64812643467500.png" target="_blank" >[ScreenShot]</a></div>
<div class="test-result"><br><font color="green"><strong> Test Passed. </strong></font> </div>&emsp;
&emsp;<div class="test-title"> <strong><font size = "3" color = "#0000FF">---Test Execution Ends---</font> </strong> </div>&emsp;]]>
    </system-out>
  </testcase> <!-- ICar_B2B_TC033 -->
  <testcase classname="B2Btestscripts.B2B_Student" name="ICar_B2B_TC046" time="106.980">
    <system-out>
      <![CDATA[<div class="test-event"> <font color="maroon"> <small> &emsp; &emsp;--- 16 Oct 17:13:14 649 - TestCaseID:: ICar_B2B_TC046</small> </font> </div>
<div class="test-event"> <font color="maroon"> <small> &emsp; &emsp;--- 16 Oct 17:13:15 791 - <b>1</b> - Driver::initialize::Get - ICar.support.WebDriverFactory.getDriver(WebDriverFactory.java:640)</small> </font> </div>
&emsp;<div class="test-title"> <strong><font size = "3" color = "#000080">Ability to view the invoice</font> </strong> </div>&emsp;<div><strong>Steps:</strong></div><!-- Report -->&emsp;
<div class="test-event"> <font color="maroon"> <small> &emsp; &emsp;--- 16 Oct 17:13:21 039 - Element is displayed:: [[ChromeDriver: chrome on WINDOWS (b0419ce27164b5dc15187e1a7076faa2)] -> xpath: //a/img[@alt='Login Image']|//button[@id='btn-login']]</small> </font> </div>
<div class="test-event"> <font color="maroon"> <small> &emsp; &emsp;--- 16 Oct 17:13:21 124 - Element is displayed:: [[ChromeDriver: chrome on WINDOWS (b0419ce27164b5dc15187e1a7076faa2)] -> xpath: //a/img[@alt='Login Image']|//button[@id='btn-login']]</small> </font> </div>
<div class="test-message">&emsp;Successfully navigated to 'Home' Page&emsp;<a href=".\ScreenShot\ICar_B2B_TC046_66368536184000.png" target="_blank" >[ScreenShot]</a></div>
<div class="test-message">&emsp;1. Home page is launched.</div>
<div class="test-event"> <font color="maroon"> <small> &emsp; &emsp;--- 16 Oct 17:13:21 906 - Page URL:: https://www.icarstage.com/</small> </font> </div>
<div class="test-event"> <font color="maroon"> <small> &emsp; &emsp;--- 16 Oct 17:13:21 906 - <b>0</b> - Page Load Wait: (Sync) - ICar.support.Utils.waitForPageLoad(Utils.java:109)</small> </font> </div>
<div class="test-event"> <font color="maroon"> <small> &emsp; &emsp;--- 16 Oct 17:13:21 944 - Element is displayed:: [[ChromeDriver: chrome on WINDOWS (b0419ce27164b5dc15187e1a7076faa2)] -> xpath: //a/img[@alt='Login Image']|//button[@id='btn-login']]</small> </font> </div>
<div class="test-event"> <font color="maroon"> <small> &emsp; &emsp;--- 16 Oct 17:13:21 999 - Element is displayed:: [[ChromeDriver: chrome on WINDOWS (b0419ce27164b5dc15187e1a7076faa2)] -> xpath: //a/img[@alt='Login Image']|//button[@id='btn-login']]</small> </font> </div>
<div class="test-event"> <font color="maroon"> <small> &emsp; &emsp;--- 16 Oct 17:13:39 871 - Catched spinner load exception due to Expected condition failed: waiting for ICar.support.WaitUtils$4@636673a3 (tried for 15 second(s) with 500 milliseconds interval)</small> </font> </div>
<div class="test-event"> <font color="maroon"> <small> &emsp; &emsp;--- 16 Oct 17:13:39 871 - <b>15</b> - Spinner Load Wait: (Sync) - ICar.support.WaitUtils.waitForSpinner(WaitUtils.java:225)</small> </font> </div>
<div class="test-message">&emsp;2. Navigate to 'Login Page'</div>
<div class="test-message">&emsp;Successfully navigated to 'Login' Page&emsp;<a href=".\ScreenShot\ICar_B2B_TC046_66387286672999.png" target="_blank" >[ScreenShot]</a></div>
<div class="test-event"> <font color="maroon"> <small> &emsp; &emsp;--- 16 Oct 17:13:40 285 - Element is displayed:: [[ChromeDriver: chrome on WINDOWS (b0419ce27164b5dc15187e1a7076faa2)] -> id: username]</small> </font> </div>
<div class="test-event"> <font color="maroon"> <small> &emsp; &emsp;--- 16 Oct 17:13:40 347 - Element is displayed:: [[ChromeDriver: chrome on WINDOWS (b0419ce27164b5dc15187e1a7076faa2)] -> id: username]</small> </font> </div>
<div class="test-event"> <font color="maroon"> <small> &emsp; &emsp;--- 16 Oct 17:13:40 542 - Element is displayed:: [[ChromeDriver: chrome on WINDOWS (b0419ce27164b5dc15187e1a7076faa2)] -> id: password]</small> </font> </div>
<div class="test-event"> <font color="maroon"> <small> &emsp; &emsp;--- 16 Oct 17:13:40 704 - Element is displayed:: [[ChromeDriver: chrome on WINDOWS (b0419ce27164b5dc15187e1a7076faa2)] -> id: btn-login]</small> </font> </div>
<div class="test-event"> <font color="maroon"> <small> &emsp; &emsp;--- 16 Oct 17:13:46 573 - Catched spinner load exception due to Expected condition failed: waiting for ICar.support.WaitUtils$4@636673a3 (tried for 3 second(s) with 500 milliseconds interval)</small> </font> </div>
<div class="test-event"> <font color="maroon"> <small> &emsp; &emsp;--- 16 Oct 17:13:46 573 - <b>5</b> - Spinner Load Wait: (Sync) - ICar.support.WaitUtils.waitForSpinner(WaitUtils.java:225)</small> </font> </div>
<div class="test-event"> <font color="maroon"> <small> &emsp; &emsp;--- 16 Oct 17:14:08 797 - Catched spinner load exception due to Expected condition failed: waiting for ICar.support.WaitUtils$4@636673a3 (tried for 10 second(s) with 500 milliseconds interval)</small> </font> </div>
<div class="test-event"> <font color="maroon"> <small> &emsp; &emsp;--- 16 Oct 17:14:08 797 - <b>10</b> - Spinner Load Wait: (Sync) - ICar.support.WaitUtils.waitForSpinner(WaitUtils.java:225)</small> </font> </div>
<div class="test-event"> <font color="maroon"> <small> &emsp; &emsp;--- 16 Oct 17:14:08 872 - Element is displayed:: [[ChromeDriver: chrome on WINDOWS (b0419ce27164b5dc15187e1a7076faa2)] -> xpath: //button[@value='Launch My Learning']]</small> </font> </div>
<div class="test-message">&emsp;3. Enter the user credentials UserName:-pkelly123</div>
<div class="test-message">&emsp;Successfully navigated to 'User Home' Page&emsp;<a href=".\ScreenShot\ICar_B2B_TC046_66416284233200.png" target="_blank" >[ScreenShot]</a></div>
<div class="test-message">&emsp;4. Click on the user name drop down and select 'My Purchases'</div>
<div class="test-event"> <font color="maroon"> <small> &emsp; &emsp;--- 16 Oct 17:14:09 266 - Page URL:: https://www.icarstage.com/</small> </font> </div>
<div class="test-event"> <font color="maroon"> <small> &emsp; &emsp;--- 16 Oct 17:14:09 266 - <b>0</b> - Page Load Wait: (Sync) - ICar.support.Utils.waitForPageLoad(Utils.java:109)</small> </font> </div>
<div class="test-event"> <font color="maroon"> <small> &emsp; &emsp;--- 16 Oct 17:14:09 340 - Element is displayed:: [[ChromeDriver: chrome on WINDOWS (b0419ce27164b5dc15187e1a7076faa2)] -> xpath: //p[text()='Launch My Learning']]</small> </font> </div>
<div class="test-event"> <font color="maroon"> <small> &emsp; &emsp;--- 16 Oct 17:14:09 378 - Element is displayed:: [[ChromeDriver: chrome on WINDOWS (b0419ce27164b5dc15187e1a7076faa2)] -> xpath: //lightning-layout[@class='left-margin slds-align_absolute-center slds-grid slds-grid_align-spread slds-wrap']//lightning-layout-item[2]//a]</small> </font> </div>
<div class="test-event"> <font color="maroon"> <small> &emsp; &emsp;--- 16 Oct 17:14:11 464 - Element is displayed:: [[ChromeDriver: chrome on WINDOWS (b0419ce27164b5dc15187e1a7076faa2)] -> xpath: //lightning-layout[@class='left-margin slds-align_absolute-center slds-grid slds-grid_align-spread slds-wrap']//lightning-layout-item[2]//a]</small> </font> </div>
<div class="test-event"> <font color="maroon"> <small> &emsp; &emsp;--- 16 Oct 17:14:11 574 - Element is displayed:: [[ChromeDriver: chrome on WINDOWS (b0419ce27164b5dc15187e1a7076faa2)] -> xpath: //ul[@aria-label='Show More']//li[3]/a]</small> </font> </div>
<div class="test-event"> <font color="maroon"> <small> &emsp; &emsp;--- 16 Oct 17:14:11 622 - Element is displayed:: [[ChromeDriver: chrome on WINDOWS (b0419ce27164b5dc15187e1a7076faa2)] -> xpath: //ul[@aria-label='Show More']//li[3]/a]</small> </font> </div>
<div class="test-event"> <font color="maroon"> <small> &emsp; &emsp;--- 16 Oct 17:14:28 641 - Catched spinner load exception due to Expected condition failed: waiting for ICar.support.WaitUtils$4@636673a3 (tried for 15 second(s) with 500 milliseconds interval)</small> </font> </div>
<div class="test-event"> <font color="maroon"> <small> &emsp; &emsp;--- 16 Oct 17:14:28 641 - <b>15</b> - Spinner Load Wait: (Sync) - ICar.support.WaitUtils.waitForSpinner(WaitUtils.java:225)</small> </font> </div>
<div class="test-event"> <font color="maroon"> <small> &emsp; &emsp;--- 16 Oct 17:14:28 736 - Page URL:: https://www.icarstage.com/my-purchases</small> </font> </div>
<div class="test-event"> <font color="maroon"> <small> &emsp; &emsp;--- 16 Oct 17:14:28 736 - <b>0</b> - Page Load Wait: (Sync) - ICar.support.Utils.waitForPageLoad(Utils.java:109)</small> </font> </div>
<div class="test-event"> <font color="maroon"> <small> &emsp; &emsp;--- 16 Oct 17:14:28 792 - Element is displayed:: [[ChromeDriver: chrome on WINDOWS (b0419ce27164b5dc15187e1a7076faa2)] -> xpath: //button[text()='Search']]</small> </font> </div>
<div class="test-message">&emsp;Successfully navigated to 'My Purchases' Page&emsp;<a href=".\ScreenShot\ICar_B2B_TC046_66436204291700.png" target="_blank" >[ScreenShot]</a></div>
<div class="test-event"> <font color="maroon"> <small> &emsp; &emsp;--- 16 Oct 17:14:29 038 - Page URL:: https://www.icarstage.com/my-purchases</small> </font> </div>
<div class="test-event"> <font color="maroon"> <small> &emsp; &emsp;--- 16 Oct 17:14:29 038 - <b>0</b> - Page Load Wait: (Sync) - ICar.support.Utils.waitForPageLoad(Utils.java:109)</small> </font> </div>
<div class="test-event"> <font color="maroon"> <small> &emsp; &emsp;--- 16 Oct 17:14:50 335 - Catched spinner load exception due to Expected condition failed: waiting for ICar.support.WaitUtils$4@636673a3 (tried for 1 second(s) with 500 milliseconds interval)</small> </font> </div>
<div class="test-event"> <font color="maroon"> <small> &emsp; &emsp;--- 16 Oct 17:14:50 335 - <b>1</b> - Spinner Load Wait: (Sync) - ICar.support.WaitUtils.waitForSpinner(WaitUtils.java:225)</small> </font> </div>
<div class="test-event"> <font color="maroon"> <small> &emsp; &emsp;--- 16 Oct 17:14:50 383 - Element is displayed:: [[ChromeDriver: chrome on WINDOWS (b0419ce27164b5dc15187e1a7076faa2)] -> xpath: //button[text()='Search']]</small> </font> </div>
<div class="test-event"> <font color="maroon"> <small> &emsp; &emsp;--- 16 Oct 17:14:58 765 - Catched spinner load exception due to Expected condition failed: waiting for ICar.support.WaitUtils$4@636673a3 (tried for 8 second(s) with 500 milliseconds interval)</small> </font> </div>
<div class="test-event"> <font color="maroon"> <small> &emsp; &emsp;--- 16 Oct 17:14:58 765 - <b>8</b> - Spinner Load Wait: (Sync) - ICar.support.WaitUtils.waitForSpinner(WaitUtils.java:225)</small> </font> </div>
<div class="test-message">&emsp;5. Select value as last year in 'Search By' drop down and click search button</div>
<div class="test-message">&emsp;No records are found&emsp;<a href=".\ScreenShot\ICar_B2B_TC046_66469427545000.png" target="_blank" >[ScreenShot]</a></div>
<div class="test-message">&emsp;No records found for the given search criteria so skipping step 6&emsp;<a href=".\ScreenShot\ICar_B2B_TC046_66469595038700.png" target="_blank" >[ScreenShot]</a></div>
<div class="test-result"><br><font color="green"><strong> Test Passed. </strong></font> </div>&emsp;
&emsp;<div class="test-title"> <strong><font size = "3" color = "#0000FF">---Test Execution Ends---</font> </strong> </div>&emsp;]]>
    </system-out>
  </testcase> <!-- ICar_B2B_TC046 -->
  <testcase classname="B2Btestscripts.B2B_Student" name="ICar_B2B_TC041" time="146.870">
    <error message="Index 0 out of bounds for length 0" type="java.lang.IndexOutOfBoundsException">
      <![CDATA[java.lang.IndexOutOfBoundsException: Index 0 out of bounds for length 0
at java.base/jdk.internal.util.Preconditions.outOfBounds(Preconditions.java:64)
at java.base/jdk.internal.util.Preconditions.outOfBoundsCheckIndex(Preconditions.java:70)
at java.base/jdk.internal.util.Preconditions.checkIndex(Preconditions.java:266)
at java.base/java.util.Objects.checkIndex(Objects.java:359)
at java.base/java.util.ArrayList.get(ArrayList.java:427)
at java.base/jdk.internal.reflect.GeneratedMethodAccessor8.invoke(Unknown Source)
at java.base/jdk.internal.reflect.DelegatingMethodAccessorImpl.invoke(DelegatingMethodAccessorImpl.java:43)
at java.base/java.lang.reflect.Method.invoke(Method.java:567)
at org.openqa.selenium.support.pagefactory.internal.LocatingElementListHandler.invoke(LocatingElementListHandler.java:39)
at jdk.proxy2/jdk.proxy2.$Proxy26.get(Unknown Source)
at ICar.Pages.LiveVirtualSeatAssignmentsPage.selectAssign(LiveVirtualSeatAssignmentsPage.java:285)
at B2Btestscripts.B2B_Student.ICar_B2B_TC041(B2B_Student.java:3467)
at java.base/jdk.internal.reflect.NativeMethodAccessorImpl.invoke0(Native Method)
at java.base/jdk.internal.reflect.NativeMethodAccessorImpl.invoke(NativeMethodAccessorImpl.java:78)
at java.base/jdk.internal.reflect.DelegatingMethodAccessorImpl.invoke(DelegatingMethodAccessorImpl.java:43)
at java.base/java.lang.reflect.Method.invoke(Method.java:567)
at org.testng.internal.invokers.MethodInvocationHelper.invokeMethod(MethodInvocationHelper.java:139)
at org.testng.internal.invokers.TestInvoker.invokeMethod(TestInvoker.java:664)
at org.testng.internal.invokers.TestInvoker.invokeTestMethod(TestInvoker.java:227)
at org.testng.internal.invokers.TestMethodWithDataProviderMethodWorker.call(TestMethodWithDataProviderMethodWorker.java:80)
at org.testng.internal.invokers.TestMethodWithDataProviderMethodWorker.call(TestMethodWithDataProviderMethodWorker.java:17)
at java.base/java.util.concurrent.FutureTask.run(FutureTask.java:264)
at java.base/java.util.concurrent.Executors$RunnableAdapter.call(Executors.java:515)
at java.base/java.util.concurrent.FutureTask.run(FutureTask.java:264)
at java.base/java.util.concurrent.ThreadPoolExecutor.runWorker(ThreadPoolExecutor.java:1130)
at java.base/java.util.concurrent.ThreadPoolExecutor$Worker.run(ThreadPoolExecutor.java:630)
at java.base/java.lang.Thread.run(Thread.java:831)
]]>
    </error>
    <system-out>
      <![CDATA[<div class="test-event"> <font color="maroon"> <small> &emsp; &emsp;--- 16 Oct 17:04:23 519 - TestCaseID:: ICar_B2B_TC041</small> </font> </div>
<div class="test-event"> <font color="maroon"> <small> &emsp; &emsp;--- 16 Oct 17:04:24 792 - <b>1</b> - Driver::initialize::Get - ICar.support.WebDriverFactory.getDriver(WebDriverFactory.java:640)</small> </font> </div>
&emsp;<div class="test-title"> <strong><font size = "3" color = "#000080">Verify cancel of Request session under Live/Virtual Seat Assignments</font> </strong> </div>&emsp;<div><strong>Steps:</strong></div><!-- Report -->&emsp;
<div class="test-event"> <font color="maroon"> <small> &emsp; &emsp;--- 16 Oct 17:04:30 855 - Element is displayed:: [[ChromeDriver: chrome on WINDOWS (6d160d26d4f5faca5fa5a9c6959b1d6f)] -> xpath: //a/img[@alt='Login Image']|//button[@id='btn-login']]</small> </font> </div>
<div class="test-event"> <font color="maroon"> <small> &emsp; &emsp;--- 16 Oct 17:04:30 907 - Element is displayed:: [[ChromeDriver: chrome on WINDOWS (6d160d26d4f5faca5fa5a9c6959b1d6f)] -> xpath: //a/img[@alt='Login Image']|//button[@id='btn-login']]</small> </font> </div>
<div class="test-message">&emsp;Successfully navigated to 'Home' Page&emsp;<a href=".\ScreenShot\ICar_B2B_TC041_65838319471300.png" target="_blank" >[ScreenShot]</a></div>
<div class="test-message">&emsp;1. Home page is launched.</div>
<div class="test-event"> <font color="maroon"> <small> &emsp; &emsp;--- 16 Oct 17:04:31 446 - Page URL:: https://www.icarstage.com/</small> </font> </div>
<div class="test-event"> <font color="maroon"> <small> &emsp; &emsp;--- 16 Oct 17:04:31 446 - <b>0</b> - Page Load Wait: (Sync) - ICar.support.Utils.waitForPageLoad(Utils.java:109)</small> </font> </div>
<div class="test-event"> <font color="maroon"> <small> &emsp; &emsp;--- 16 Oct 17:04:31 486 - Element is displayed:: [[ChromeDriver: chrome on WINDOWS (6d160d26d4f5faca5fa5a9c6959b1d6f)] -> xpath: //a/img[@alt='Login Image']|//button[@id='btn-login']]</small> </font> </div>
<div class="test-event"> <font color="maroon"> <small> &emsp; &emsp;--- 16 Oct 17:04:31 541 - Element is displayed:: [[ChromeDriver: chrome on WINDOWS (6d160d26d4f5faca5fa5a9c6959b1d6f)] -> xpath: //a/img[@alt='Login Image']|//button[@id='btn-login']]</small> </font> </div>
<div class="test-event"> <font color="maroon"> <small> &emsp; &emsp;--- 16 Oct 17:04:49 470 - Catched spinner load exception due to Expected condition failed: waiting for ICar.support.WaitUtils$4@636673a3 (tried for 15 second(s) with 500 milliseconds interval)</small> </font> </div>
<div class="test-event"> <font color="maroon"> <small> &emsp; &emsp;--- 16 Oct 17:04:49 471 - <b>15</b> - Spinner Load Wait: (Sync) - ICar.support.WaitUtils.waitForSpinner(WaitUtils.java:225)</small> </font> </div>
<div class="test-message">&emsp;2. Navigate to 'Login Page'</div>
<div class="test-message">&emsp;Successfully navigated to 'Login' Page&emsp;<a href=".\ScreenShot\ICar_B2B_TC041_65856885847000.png" target="_blank" >[ScreenShot]</a></div>
<div class="test-event"> <font color="maroon"> <small> &emsp; &emsp;--- 16 Oct 17:04:49 699 - Element is displayed:: [[ChromeDriver: chrome on WINDOWS (6d160d26d4f5faca5fa5a9c6959b1d6f)] -> id: username]</small> </font> </div>
<div class="test-event"> <font color="maroon"> <small> &emsp; &emsp;--- 16 Oct 17:04:49 757 - Element is displayed:: [[ChromeDriver: chrome on WINDOWS (6d160d26d4f5faca5fa5a9c6959b1d6f)] -> id: username]</small> </font> </div>
<div class="test-event"> <font color="maroon"> <small> &emsp; &emsp;--- 16 Oct 17:04:49 958 - Element is displayed:: [[ChromeDriver: chrome on WINDOWS (6d160d26d4f5faca5fa5a9c6959b1d6f)] -> id: password]</small> </font> </div>
<div class="test-event"> <font color="maroon"> <small> &emsp; &emsp;--- 16 Oct 17:04:50 127 - Element is displayed:: [[ChromeDriver: chrome on WINDOWS (6d160d26d4f5faca5fa5a9c6959b1d6f)] -> id: btn-login]</small> </font> </div>
<div class="test-event"> <font color="maroon"> <small> &emsp; &emsp;--- 16 Oct 17:04:54 921 - Catched spinner load exception due to Expected condition failed: waiting for ICar.support.WaitUtils$4@636673a3 (tried for 3 second(s) with 500 milliseconds interval)</small> </font> </div>
<div class="test-event"> <font color="maroon"> <small> &emsp; &emsp;--- 16 Oct 17:04:54 921 - <b>4</b> - Spinner Load Wait: (Sync) - ICar.support.WaitUtils.waitForSpinner(WaitUtils.java:225)</small> </font> </div>
<div class="test-event"> <font color="maroon"> <small> &emsp; &emsp;--- 16 Oct 17:05:17 194 - Catched spinner load exception due to Expected condition failed: waiting for ICar.support.WaitUtils$4@636673a3 (tried for 10 second(s) with 500 milliseconds interval)</small> </font> </div>
<div class="test-event"> <font color="maroon"> <small> &emsp; &emsp;--- 16 Oct 17:05:17 194 - <b>10</b> - Spinner Load Wait: (Sync) - ICar.support.WaitUtils.waitForSpinner(WaitUtils.java:225)</small> </font> </div>
<div class="test-event"> <font color="maroon"> <small> &emsp; &emsp;--- 16 Oct 17:05:17 264 - Element is displayed:: [[ChromeDriver: chrome on WINDOWS (6d160d26d4f5faca5fa5a9c6959b1d6f)] -> xpath: //button[@value='Launch My Learning']]</small> </font> </div>
<div class="test-message">&emsp;3. Enter the user credentials as : pkelly123</div>
<div class="test-message">&emsp;Successfully navigated to 'User Home' Page&emsp;<a href=".\ScreenShot\ICar_B2B_TC041_65884676327299.png" target="_blank" >[ScreenShot]</a></div>
<div class="test-message">&emsp;4. Navigate to 'Live/Virtual Seat assignments' page</div>
<div class="test-event"> <font color="maroon"> <small> &emsp; &emsp;--- 16 Oct 17:05:17 636 - Page URL:: https://www.icarstage.com/</small> </font> </div>
<div class="test-event"> <font color="maroon"> <small> &emsp; &emsp;--- 16 Oct 17:05:17 637 - <b>0</b> - Page Load Wait: (Sync) - ICar.support.Utils.waitForPageLoad(Utils.java:109)</small> </font> </div>
<div class="test-event"> <font color="maroon"> <small> &emsp; &emsp;--- 16 Oct 17:05:17 689 - Element is displayed:: [[ChromeDriver: chrome on WINDOWS (6d160d26d4f5faca5fa5a9c6959b1d6f)] -> xpath: //p[text()='Launch My Learning']]</small> </font> </div>
<div class="test-event"> <font color="maroon"> <small> &emsp; &emsp;--- 16 Oct 17:06:24 763 - Unable to find an element after 15 sec ==> Proxy element for: AjaxElementLocator 'By.xpath: //a[text()='Manage Virtual Seat Assignments']'</small> </font> </div>
<div class="test-event"> <font color="maroon"> <small> &emsp; &emsp;--- 16 Oct 17:06:24 812 - Element is displayed:: [[ChromeDriver: chrome on WINDOWS (6d160d26d4f5faca5fa5a9c6959b1d6f)] -> xpath: //a[text()='Virtual Seat Assignments']]</small> </font> </div>
<div class="test-event"> <font color="maroon"> <small> &emsp; &emsp;--- 16 Oct 17:06:26 903 - Element is displayed:: [[ChromeDriver: chrome on WINDOWS (6d160d26d4f5faca5fa5a9c6959b1d6f)] -> xpath: //a[text()='Virtual Seat Assignments']]</small> </font> </div>
<div class="test-event"> <font color="maroon"> <small> &emsp; &emsp;--- 16 Oct 17:06:47 330 - Catched spinner load exception due to Expected condition failed: waiting for ICar.support.WaitUtils$4@636673a3 (tried for 15 second(s) with 500 milliseconds interval)</small> </font> </div>
<div class="test-event"> <font color="maroon"> <small> &emsp; &emsp;--- 16 Oct 17:06:47 330 - <b>15</b> - Spinner Load Wait: (Sync) - ICar.support.WaitUtils.waitForSpinner(WaitUtils.java:225)</small> </font> </div>
<div class="test-event"> <font color="maroon"> <small> &emsp; &emsp;--- 16 Oct 17:06:47 519 - Page URL:: https://my.icarstage.com/s/manage-virtual-seat-assignments</small> </font> </div>
<div class="test-event"> <font color="maroon"> <small> &emsp; &emsp;--- 16 Oct 17:06:47 519 - <b>0</b> - Page Load Wait: (Sync) - ICar.support.Utils.waitForPageLoad(Utils.java:109)</small> </font> </div>
<div class="test-event"> <font color="maroon"> <small> &emsp; &emsp;--- 16 Oct 17:06:47 587 - Element is displayed:: [[ChromeDriver: chrome on WINDOWS (6d160d26d4f5faca5fa5a9c6959b1d6f)] -> xpath: //button[text()='Download']]</small> </font> </div>
<div class="test-message">&emsp;Successfully navigated to 'Live/Virtual Seat Assignments' Page&emsp;<a href=".\ScreenShot\ICar_B2B_TC041_65974999612500.png" target="_blank" >[ScreenShot]</a></div>
<div class="test-message">&emsp;5. Cancel the session request</div>
<div class="test-event"> <font color="maroon"> <small> &emsp; &emsp;--- 16 Oct 17:06:47 885 - Page URL:: https://my.icarstage.com/s/manage-virtual-seat-assignments</small> </font> </div>
<div class="test-event"> <font color="maroon"> <small> &emsp; &emsp;--- 16 Oct 17:06:47 885 - <b>0</b> - Page Load Wait: (Sync) - ICar.support.Utils.waitForPageLoad(Utils.java:109)</small> </font> </div>
<!--FAIL-->
<div class="test-result"><br><font color="red"><strong> Index 0 out of bounds for length 0 </strong></font> <a href=".\ScreenShot\ICar_B2B_TC041_65978547751399.png" target="_blank" >[ScreenShot]</a></div>&emsp;
&emsp;<div class="test-title"> <strong><font size = "3" color = "#0000FF">---Test Execution Ends---</font> </strong> </div>&emsp;]]>
    </system-out>
  </testcase> <!-- ICar_B2B_TC041 -->
  <testcase classname="B2Btestscripts.B2B_Student" name="ICar_B2B_TC018" time="108.473">
    <system-out>
      <![CDATA[<div class="test-event"> <font color="maroon"> <small> &emsp; &emsp;--- 16 Oct 16:07:04 829 - TestCaseID:: ICar_B2B_TC018</small> </font> </div>
<div class="test-event"> <font color="maroon"> <small> &emsp; &emsp;--- 16 Oct 16:07:05 702 - <b>0</b> - Driver::initialize::Get - ICar.support.WebDriverFactory.getDriver(WebDriverFactory.java:640)</small> </font> </div>
&emsp;<div class="test-title"> <strong><font size = "3" color = "#000080">Verify update preference is successful</font> </strong> </div>&emsp;<div><strong>Steps:</strong></div><!-- Report -->&emsp;
<div class="test-event"> <font color="maroon"> <small> &emsp; &emsp;--- 16 Oct 16:07:11 530 - Element is displayed:: [[ChromeDriver: chrome on WINDOWS (c247650bc5068ec15aac121d9431ddb1)] -> xpath: //a/img[@alt='Login Image']|//button[@id='btn-login']]</small> </font> </div>
<div class="test-event"> <font color="maroon"> <small> &emsp; &emsp;--- 16 Oct 16:07:11 708 - Element is displayed:: [[ChromeDriver: chrome on WINDOWS (c247650bc5068ec15aac121d9431ddb1)] -> xpath: //a/img[@alt='Login Image']|//button[@id='btn-login']]</small> </font> </div>
<div class="test-message">&emsp;Successfully navigated to 'Home' Page&emsp;<a href=".\ScreenShot\ICar_B2B_TC018_62399120760900.png" target="_blank" >[ScreenShot]</a></div>
<div class="test-message">&emsp;1. Home page is launched.</div>
<div class="test-event"> <font color="maroon"> <small> &emsp; &emsp;--- 16 Oct 16:07:12 577 - Page URL:: https://www.icarstage.com/</small> </font> </div>
<div class="test-event"> <font color="maroon"> <small> &emsp; &emsp;--- 16 Oct 16:07:12 577 - <b>0</b> - Page Load Wait: (Sync) - ICar.support.Utils.waitForPageLoad(Utils.java:109)</small> </font> </div>
<div class="test-event"> <font color="maroon"> <small> &emsp; &emsp;--- 16 Oct 16:07:12 644 - Element is displayed:: [[ChromeDriver: chrome on WINDOWS (c247650bc5068ec15aac121d9431ddb1)] -> xpath: //a/img[@alt='Login Image']|//button[@id='btn-login']]</small> </font> </div>
<div class="test-event"> <font color="maroon"> <small> &emsp; &emsp;--- 16 Oct 16:07:12 734 - Element is displayed:: [[ChromeDriver: chrome on WINDOWS (c247650bc5068ec15aac121d9431ddb1)] -> xpath: //a/img[@alt='Login Image']|//button[@id='btn-login']]</small> </font> </div>
<div class="test-event"> <font color="maroon"> <small> &emsp; &emsp;--- 16 Oct 16:07:30 572 - Catched spinner load exception due to Expected condition failed: waiting for ICar.support.WaitUtils$4@636673a3 (tried for 15 second(s) with 500 milliseconds interval)</small> </font> </div>
<div class="test-event"> <font color="maroon"> <small> &emsp; &emsp;--- 16 Oct 16:07:30 572 - <b>15</b> - Spinner Load Wait: (Sync) - ICar.support.WaitUtils.waitForSpinner(WaitUtils.java:225)</small> </font> </div>
<div class="test-message">&emsp;2. Navigate to 'Login Page'</div>
<div class="test-message">&emsp;Successfully navigated to 'Login' Page&emsp;<a href=".\ScreenShot\ICar_B2B_TC018_62417987736700.png" target="_blank" >[ScreenShot]</a></div>
<div class="test-event"> <font color="maroon"> <small> &emsp; &emsp;--- 16 Oct 16:07:30 777 - Element is displayed:: [[ChromeDriver: chrome on WINDOWS (c247650bc5068ec15aac121d9431ddb1)] -> id: username]</small> </font> </div>
<div class="test-event"> <font color="maroon"> <small> &emsp; &emsp;--- 16 Oct 16:07:30 841 - Element is displayed:: [[ChromeDriver: chrome on WINDOWS (c247650bc5068ec15aac121d9431ddb1)] -> id: username]</small> </font> </div>
<div class="test-event"> <font color="maroon"> <small> &emsp; &emsp;--- 16 Oct 16:07:31 064 - Element is displayed:: [[ChromeDriver: chrome on WINDOWS (c247650bc5068ec15aac121d9431ddb1)] -> id: password]</small> </font> </div>
<div class="test-event"> <font color="maroon"> <small> &emsp; &emsp;--- 16 Oct 16:07:31 245 - Element is displayed:: [[ChromeDriver: chrome on WINDOWS (c247650bc5068ec15aac121d9431ddb1)] -> id: btn-login]</small> </font> </div>
<div class="test-event"> <font color="maroon"> <small> &emsp; &emsp;--- 16 Oct 16:07:36 681 - Catched spinner load exception due to Expected condition failed: waiting for ICar.support.WaitUtils$4@636673a3 (tried for 3 second(s) with 500 milliseconds interval)</small> </font> </div>
<div class="test-event"> <font color="maroon"> <small> &emsp; &emsp;--- 16 Oct 16:07:36 681 - <b>5</b> - Spinner Load Wait: (Sync) - ICar.support.WaitUtils.waitForSpinner(WaitUtils.java:225)</small> </font> </div>
<div class="test-event"> <font color="maroon"> <small> &emsp; &emsp;--- 16 Oct 16:07:59 241 - Catched spinner load exception due to Expected condition failed: waiting for ICar.support.WaitUtils$4@636673a3 (tried for 10 second(s) with 500 milliseconds interval)</small> </font> </div>
<div class="test-event"> <font color="maroon"> <small> &emsp; &emsp;--- 16 Oct 16:07:59 241 - <b>10</b> - Spinner Load Wait: (Sync) - ICar.support.WaitUtils.waitForSpinner(WaitUtils.java:225)</small> </font> </div>
<div class="test-event"> <font color="maroon"> <small> &emsp; &emsp;--- 16 Oct 16:07:59 321 - Element is displayed:: [[ChromeDriver: chrome on WINDOWS (c247650bc5068ec15aac121d9431ddb1)] -> xpath: //button[@value='Launch My Learning']]</small> </font> </div>
<div class="test-message">&emsp;3. Enter the user credentials as : Angielex</div>
<div class="test-message">&emsp;Successfully navigated to 'User Home' Page&emsp;<a href=".\ScreenShot\ICar_B2B_TC018_62446733211100.png" target="_blank" >[ScreenShot]</a></div>
<div class="test-event"> <font color="maroon"> <small> &emsp; &emsp;--- 16 Oct 16:07:59 674 - Page URL:: https://www.icarstage.com/</small> </font> </div>
<div class="test-event"> <font color="maroon"> <small> &emsp; &emsp;--- 16 Oct 16:07:59 674 - <b>0</b> - Page Load Wait: (Sync) - ICar.support.Utils.waitForPageLoad(Utils.java:109)</small> </font> </div>
<div class="test-event"> <font color="maroon"> <small> &emsp; &emsp;--- 16 Oct 16:07:59 728 - Element is displayed:: [[ChromeDriver: chrome on WINDOWS (c247650bc5068ec15aac121d9431ddb1)] -> xpath: //p[text()='Launch My Learning']]</small> </font> </div>
<div class="test-event"> <font color="maroon"> <small> &emsp; &emsp;--- 16 Oct 16:07:59 766 - Element is displayed:: [[ChromeDriver: chrome on WINDOWS (c247650bc5068ec15aac121d9431ddb1)] -> xpath: //a[text()='My Training']]</small> </font> </div>
<div class="test-event"> <font color="maroon"> <small> &emsp; &emsp;--- 16 Oct 16:07:59 933 - Page URL:: https://www.icarstage.com/</small> </font> </div>
<div class="test-event"> <font color="maroon"> <small> &emsp; &emsp;--- 16 Oct 16:07:59 933 - <b>0</b> - Page Load Wait: (Sync) - ICar.support.Utils.waitForPageLoad(Utils.java:109)</small> </font> </div>
<div class="test-event"> <font color="maroon"> <small> &emsp; &emsp;--- 16 Oct 16:08:02 016 - Element is displayed:: [[ChromeDriver: chrome on WINDOWS (c247650bc5068ec15aac121d9431ddb1)] -> xpath: //a[text()='My Training']]</small> </font> </div>
<div class="test-event"> <font color="maroon"> <small> &emsp; &emsp;--- 16 Oct 16:08:20 160 - Catched spinner load exception due to Expected condition failed: waiting for ICar.support.WaitUtils$4@636673a3 (tried for 15 second(s) with 500 milliseconds interval)</small> </font> </div>
<div class="test-event"> <font color="maroon"> <small> &emsp; &emsp;--- 16 Oct 16:08:20 160 - <b>15</b> - Spinner Load Wait: (Sync) - ICar.support.WaitUtils.waitForSpinner(WaitUtils.java:225)</small> </font> </div>
<div class="test-event"> <font color="maroon"> <small> &emsp; &emsp;--- 16 Oct 16:08:20 348 - Page URL:: https://www.icarstage.com/my-training</small> </font> </div>
<div class="test-event"> <font color="maroon"> <small> &emsp; &emsp;--- 16 Oct 16:08:20 349 - <b>0</b> - Page Load Wait: (Sync) - ICar.support.Utils.waitForPageLoad(Utils.java:109)</small> </font> </div>
<div class="test-event"> <font color="maroon"> <small> &emsp; &emsp;--- 16 Oct 16:08:20 405 - Element is displayed:: [[ChromeDriver: chrome on WINDOWS (c247650bc5068ec15aac121d9431ddb1)] -> xpath: //span[@title='My Professional Development']]</small> </font> </div>
<div class="test-message">&emsp;4. Navigating to My Training Page</div>
<div class="test-message">&emsp;Successfully navigated to 'My Training' Page&emsp;<a href=".\ScreenShot\ICar_B2B_TC018_62467818334900.png" target="_blank" >[ScreenShot]</a></div>
<div class="test-message">&emsp;5. click on My Professional Development link</div>
<div class="test-event"> <font color="maroon"> <small> &emsp; &emsp;--- 16 Oct 16:08:20 626 - Element is displayed:: [[ChromeDriver: chrome on WINDOWS (c247650bc5068ec15aac121d9431ddb1)] -> xpath: //span[@title='My Professional Development']]</small> </font> </div>
<div class="test-event"> <font color="maroon"> <small> &emsp; &emsp;--- 16 Oct 16:08:20 677 - Element is displayed:: [[ChromeDriver: chrome on WINDOWS (c247650bc5068ec15aac121d9431ddb1)] -> xpath: //span[@title='My Professional Development']]</small> </font> </div>
<div class="test-message">&emsp;6. Updating the Learning Path with :Estimator;Non-Structural Technician</div>
<div class="test-event"> <font color="maroon"> <small> &emsp; &emsp;--- 16 Oct 16:08:20 776 - Element is displayed:: [[ChromeDriver: chrome on WINDOWS (c247650bc5068ec15aac121d9431ddb1)] -> xpath: //span[text()='Non-Structural Technician']/preceding-sibling::span]</small> </font> </div>
<div class="test-event"> <font color="maroon"> <small> &emsp; &emsp;--- 16 Oct 16:08:20 863 - Element is displayed:: [[ChromeDriver: chrome on WINDOWS (c247650bc5068ec15aac121d9431ddb1)] -> xpath: //span[text()='Estimator']/preceding-sibling::span]</small> </font> </div>
<div class="test-event"> <font color="maroon"> <small> &emsp; &emsp;--- 16 Oct 16:08:23 974 - Element is displayed:: [[ChromeDriver: chrome on WINDOWS (c247650bc5068ec15aac121d9431ddb1)] -> xpath: //span[text()='Non-Structural Technician']/preceding-sibling::span]</small> </font> </div>
<div class="test-event"> <font color="maroon"> <small> &emsp; &emsp;--- 16 Oct 16:08:24 040 - Element is displayed:: [[ChromeDriver: chrome on WINDOWS (c247650bc5068ec15aac121d9431ddb1)] -> xpath: //span[text()='Non-Structural Technician']/preceding-sibling::span]</small> </font> </div>
<div class="test-event"> <font color="maroon"> <small> &emsp; &emsp;--- 16 Oct 16:08:26 207 - Element is displayed:: [[ChromeDriver: chrome on WINDOWS (c247650bc5068ec15aac121d9431ddb1)] -> xpath: //span[text()='Non-Structural Technician']/preceding-sibling::span]</small> </font> </div>
<div class="test-event"> <font color="maroon"> <small> &emsp; &emsp;--- 16 Oct 16:08:27 296 - Element is displayed:: [[ChromeDriver: chrome on WINDOWS (c247650bc5068ec15aac121d9431ddb1)] -> xpath: //button[@title='Update Preference']]</small> </font> </div>
<div class="test-event"> <font color="maroon"> <small> &emsp; &emsp;--- 16 Oct 16:08:42 736 - Catched spinner load exception due to Expected condition failed: waiting for ICar.support.WaitUtils$4@636673a3 (tried for 15 second(s) with 500 milliseconds interval)</small> </font> </div>
<div class="test-event"> <font color="maroon"> <small> &emsp; &emsp;--- 16 Oct 16:08:42 736 - <b>15</b> - Spinner Load Wait: (Sync) - ICar.support.WaitUtils.waitForSpinner(WaitUtils.java:225)</small> </font> </div>
<div class="test-event"> <font color="maroon"> <small> &emsp; &emsp;--- 16 Oct 16:08:42 750 - Page URL:: https://www.icarstage.com/my-training</small> </font> </div>
<div class="test-event"> <font color="maroon"> <small> &emsp; &emsp;--- 16 Oct 16:08:42 750 - Page Load Wait </small> </font> </div>
<div class="test-event"> <font color="maroon"> <small> &emsp; &emsp;--- 16 Oct 16:08:51 040 - Catched spinner load exception due to Expected condition failed: waiting for ICar.support.WaitUtils$4@636673a3 (tried for 8 second(s) with 500 milliseconds interval)</small> </font> </div>
<div class="test-event"> <font color="maroon"> <small> &emsp; &emsp;--- 16 Oct 16:08:51 040 - <b>8</b> - Spinner Load Wait: (Sync) - ICar.support.WaitUtils.waitForSpinner(WaitUtils.java:225)</small> </font> </div>
<div class="test-event"> <font color="maroon"> <small> &emsp; &emsp;--- 16 Oct 16:08:51 106 - Element is displayed:: [[ChromeDriver: chrome on WINDOWS (c247650bc5068ec15aac121d9431ddb1)] -> xpath: //span[@title='My Professional Development']]</small> </font> </div>
<div class="test-event"> <font color="maroon"> <small> &emsp; &emsp;--- 16 Oct 16:08:51 164 - Element is displayed:: [[ChromeDriver: chrome on WINDOWS (c247650bc5068ec15aac121d9431ddb1)] -> xpath: //span[@title='My Professional Development']]</small> </font> </div>
<div class="test-message">&emsp;Successfully updated preference in 'My Training' Page&emsp;<a href=".\ScreenShot\ICar_B2B_TC018_62500670990300.png" target="_blank" >[ScreenShot]</a></div>
<div class="test-result"><br><font color="green"><strong> Test Passed. </strong></font> </div>&emsp;
&emsp;<div class="test-title"> <strong><font size = "3" color = "#0000FF">---Test Execution Ends---</font> </strong> </div>&emsp;]]>
    </system-out>
  </testcase> <!-- ICar_B2B_TC018 -->
  <testcase classname="B2Btestscripts.B2B_Student" name="ICar_B2B_TC006" time="80.886">
    <error message="Index 0 out of bounds for length 0" type="java.lang.IndexOutOfBoundsException">
      <![CDATA[java.lang.IndexOutOfBoundsException: Index 0 out of bounds for length 0
at java.base/jdk.internal.util.Preconditions.outOfBounds(Preconditions.java:64)
at java.base/jdk.internal.util.Preconditions.outOfBoundsCheckIndex(Preconditions.java:70)
at java.base/jdk.internal.util.Preconditions.checkIndex(Preconditions.java:266)
at java.base/java.util.Objects.checkIndex(Objects.java:359)
at java.base/java.util.ArrayList.get(ArrayList.java:427)
at java.base/jdk.internal.reflect.NativeMethodAccessorImpl.invoke0(Native Method)
at java.base/jdk.internal.reflect.NativeMethodAccessorImpl.invoke(NativeMethodAccessorImpl.java:78)
at java.base/jdk.internal.reflect.DelegatingMethodAccessorImpl.invoke(DelegatingMethodAccessorImpl.java:43)
at java.base/java.lang.reflect.Method.invoke(Method.java:567)
at org.openqa.selenium.support.pagefactory.internal.LocatingElementListHandler.invoke(LocatingElementListHandler.java:39)
at jdk.proxy2/jdk.proxy2.$Proxy26.get(Unknown Source)
at ICar.Pages.MyProfilePage.isLoaded(MyProfilePage.java:140)
at org.openqa.selenium.support.ui.LoadableComponent.get(LoadableComponent.java:52)
at ICar.Pages.HeaderPage.navigatedToProfilePage(HeaderPage.java:180)
at B2Btestscripts.B2B_Student.ICar_B2B_TC006(B2B_Student.java:2321)
at java.base/jdk.internal.reflect.NativeMethodAccessorImpl.invoke0(Native Method)
at java.base/jdk.internal.reflect.NativeMethodAccessorImpl.invoke(NativeMethodAccessorImpl.java:78)
at java.base/jdk.internal.reflect.DelegatingMethodAccessorImpl.invoke(DelegatingMethodAccessorImpl.java:43)
at java.base/java.lang.reflect.Method.invoke(Method.java:567)
at org.testng.internal.invokers.MethodInvocationHelper.invokeMethod(MethodInvocationHelper.java:139)
at org.testng.internal.invokers.TestInvoker.invokeMethod(TestInvoker.java:664)
at org.testng.internal.invokers.TestInvoker.invokeTestMethod(TestInvoker.java:227)
at org.testng.internal.invokers.TestMethodWithDataProviderMethodWorker.call(TestMethodWithDataProviderMethodWorker.java:80)
at org.testng.internal.invokers.TestMethodWithDataProviderMethodWorker.call(TestMethodWithDataProviderMethodWorker.java:17)
at java.base/java.util.concurrent.FutureTask.run(FutureTask.java:264)
at java.base/java.util.concurrent.Executors$RunnableAdapter.call(Executors.java:515)
at java.base/java.util.concurrent.FutureTask.run(FutureTask.java:264)
at java.base/java.util.concurrent.ThreadPoolExecutor.runWorker(ThreadPoolExecutor.java:1130)
at java.base/java.util.concurrent.ThreadPoolExecutor$Worker.run(ThreadPoolExecutor.java:630)
at java.base/java.lang.Thread.run(Thread.java:831)
]]>
    </error>
    <system-out>
      <![CDATA[<div class="test-event"> <font color="maroon"> <small> &emsp; &emsp;--- 16 Oct 15:36:11 784 - TestCaseID:: ICar_B2B_TC006</small> </font> </div>
<div class="test-event"> <font color="maroon"> <small> &emsp; &emsp;--- 16 Oct 15:36:12 662 - <b>0</b> - Driver::initialize::Get - ICar.support.WebDriverFactory.getDriver(WebDriverFactory.java:640)</small> </font> </div>
&emsp;<div class="test-title"> <strong><font size = "3" color = "#000080">Verify the login application and select language as english</font> </strong> </div>&emsp;<div><strong>Steps:</strong></div><!-- Report -->&emsp;
<div class="test-event"> <font color="maroon"> <small> &emsp; &emsp;--- 16 Oct 15:36:18 557 - Element is displayed:: [[ChromeDriver: chrome on WINDOWS (2244ec04e1bda3b66ff76139fd2dfc84)] -> xpath: //a/img[@alt='Login Image']|//button[@id='btn-login']]</small> </font> </div>
<div class="test-event"> <font color="maroon"> <small> &emsp; &emsp;--- 16 Oct 15:36:18 628 - Element is displayed:: [[ChromeDriver: chrome on WINDOWS (2244ec04e1bda3b66ff76139fd2dfc84)] -> xpath: //a/img[@alt='Login Image']|//button[@id='btn-login']]</small> </font> </div>
<div class="test-message">&emsp;Successfully navigated to 'Home' Page&emsp;<a href=".\ScreenShot\ICar_B2B_TC006_60546041432500.png" target="_blank" >[ScreenShot]</a></div>
<div class="test-message">&emsp;1. Home page is launched.</div>
<div class="test-event"> <font color="maroon"> <small> &emsp; &emsp;--- 16 Oct 15:36:19 300 - Page URL:: https://www.icarstage.com/</small> </font> </div>
<div class="test-event"> <font color="maroon"> <small> &emsp; &emsp;--- 16 Oct 15:36:19 301 - <b>0</b> - Page Load Wait: (Sync) - ICar.support.Utils.waitForPageLoad(Utils.java:109)</small> </font> </div>
<div class="test-event"> <font color="maroon"> <small> &emsp; &emsp;--- 16 Oct 15:36:19 378 - Element is displayed:: [[ChromeDriver: chrome on WINDOWS (2244ec04e1bda3b66ff76139fd2dfc84)] -> xpath: //a/img[@alt='Login Image']|//button[@id='btn-login']]</small> </font> </div>
<div class="test-event"> <font color="maroon"> <small> &emsp; &emsp;--- 16 Oct 15:36:19 448 - Element is displayed:: [[ChromeDriver: chrome on WINDOWS (2244ec04e1bda3b66ff76139fd2dfc84)] -> xpath: //a/img[@alt='Login Image']|//button[@id='btn-login']]</small> </font> </div>
<div class="test-event"> <font color="maroon"> <small> &emsp; &emsp;--- 16 Oct 15:36:37 408 - Catched spinner load exception due to Expected condition failed: waiting for ICar.support.WaitUtils$4@636673a3 (tried for 15 second(s) with 500 milliseconds interval)</small> </font> </div>
<div class="test-event"> <font color="maroon"> <small> &emsp; &emsp;--- 16 Oct 15:36:37 408 - <b>15</b> - Spinner Load Wait: (Sync) - ICar.support.WaitUtils.waitForSpinner(WaitUtils.java:225)</small> </font> </div>
<div class="test-message">&emsp;2. Navigate to 'Login Page'</div>
<div class="test-message">&emsp;Successfully navigated to 'Login' Page&emsp;<a href=".\ScreenShot\ICar_B2B_TC006_60564824496900.png" target="_blank" >[ScreenShot]</a></div>
<div class="test-event"> <font color="maroon"> <small> &emsp; &emsp;--- 16 Oct 15:36:37 648 - Element is displayed:: [[ChromeDriver: chrome on WINDOWS (2244ec04e1bda3b66ff76139fd2dfc84)] -> id: username]</small> </font> </div>
<div class="test-event"> <font color="maroon"> <small> &emsp; &emsp;--- 16 Oct 15:36:37 713 - Element is displayed:: [[ChromeDriver: chrome on WINDOWS (2244ec04e1bda3b66ff76139fd2dfc84)] -> id: username]</small> </font> </div>
<div class="test-event"> <font color="maroon"> <small> &emsp; &emsp;--- 16 Oct 15:36:37 937 - Element is displayed:: [[ChromeDriver: chrome on WINDOWS (2244ec04e1bda3b66ff76139fd2dfc84)] -> id: password]</small> </font> </div>
<div class="test-event"> <font color="maroon"> <small> &emsp; &emsp;--- 16 Oct 15:36:38 122 - Element is displayed:: [[ChromeDriver: chrome on WINDOWS (2244ec04e1bda3b66ff76139fd2dfc84)] -> id: btn-login]</small> </font> </div>
<div class="test-event"> <font color="maroon"> <small> &emsp; &emsp;--- 16 Oct 15:36:43 524 - Catched spinner load exception due to Expected condition failed: waiting for ICar.support.WaitUtils$4@636673a3 (tried for 3 second(s) with 500 milliseconds interval)</small> </font> </div>
<div class="test-event"> <font color="maroon"> <small> &emsp; &emsp;--- 16 Oct 15:36:43 524 - <b>5</b> - Spinner Load Wait: (Sync) - ICar.support.WaitUtils.waitForSpinner(WaitUtils.java:225)</small> </font> </div>
<div class="test-event"> <font color="maroon"> <small> &emsp; &emsp;--- 16 Oct 15:37:05 966 - Catched spinner load exception due to Expected condition failed: waiting for ICar.support.WaitUtils$4@636673a3 (tried for 10 second(s) with 500 milliseconds interval)</small> </font> </div>
<div class="test-event"> <font color="maroon"> <small> &emsp; &emsp;--- 16 Oct 15:37:05 966 - <b>10</b> - Spinner Load Wait: (Sync) - ICar.support.WaitUtils.waitForSpinner(WaitUtils.java:225)</small> </font> </div>
<div class="test-event"> <font color="maroon"> <small> &emsp; &emsp;--- 16 Oct 15:37:06 045 - Element is displayed:: [[ChromeDriver: chrome on WINDOWS (2244ec04e1bda3b66ff76139fd2dfc84)] -> xpath: //button[@value='Launch My Learning']]</small> </font> </div>
<div class="test-message">&emsp;3. Enter the user credentials</div>
<div class="test-message">&emsp;Successfully navigated to 'User Home' Page&emsp;<a href=".\ScreenShot\ICar_B2B_TC006_60593457313900.png" target="_blank" >[ScreenShot]</a></div>
<div class="test-message">&emsp;4.Navigating to My profile Page</div>
<div class="test-event"> <font color="maroon"> <small> &emsp; &emsp;--- 16 Oct 15:37:06 449 - Page URL:: https://www.icarstage.com/</small> </font> </div>
<div class="test-event"> <font color="maroon"> <small> &emsp; &emsp;--- 16 Oct 15:37:06 449 - <b>0</b> - Page Load Wait: (Sync) - ICar.support.Utils.waitForPageLoad(Utils.java:109)</small> </font> </div>
<div class="test-event"> <font color="maroon"> <small> &emsp; &emsp;--- 16 Oct 15:37:06 510 - Element is displayed:: [[ChromeDriver: chrome on WINDOWS (2244ec04e1bda3b66ff76139fd2dfc84)] -> xpath: //p[text()='Launch My Learning']]</small> </font> </div>
<div class="test-event"> <font color="maroon"> <small> &emsp; &emsp;--- 16 Oct 15:37:06 550 - Element is displayed:: [[ChromeDriver: chrome on WINDOWS (2244ec04e1bda3b66ff76139fd2dfc84)] -> xpath: //lightning-layout[@class='left-margin slds-align_absolute-center slds-grid slds-grid_align-spread slds-wrap']//lightning-layout-item[2]//a]</small> </font> </div>
<div class="test-event"> <font color="maroon"> <small> &emsp; &emsp;--- 16 Oct 15:37:08 665 - Element is displayed:: [[ChromeDriver: chrome on WINDOWS (2244ec04e1bda3b66ff76139fd2dfc84)] -> xpath: //lightning-layout[@class='left-margin slds-align_absolute-center slds-grid slds-grid_align-spread slds-wrap']//lightning-layout-item[2]//a]</small> </font> </div>
<div class="test-event"> <font color="maroon"> <small> &emsp; &emsp;--- 16 Oct 15:37:08 843 - Element is displayed:: [[ChromeDriver: chrome on WINDOWS (2244ec04e1bda3b66ff76139fd2dfc84)] -> xpath: (//a[@class='NOVAMenu'])[1]]</small> </font> </div>
<div class="test-event"> <font color="maroon"> <small> &emsp; &emsp;--- 16 Oct 15:37:08 907 - Element is displayed:: [[ChromeDriver: chrome on WINDOWS (2244ec04e1bda3b66ff76139fd2dfc84)] -> xpath: (//a[@class='NOVAMenu'])[1]]</small> </font> </div>
<div class="test-event"> <font color="maroon"> <small> &emsp; &emsp;--- 16 Oct 15:37:26 321 - Catched spinner load exception due to Expected condition failed: waiting for ICar.support.WaitUtils$4@636673a3 (tried for 15 second(s) with 500 milliseconds interval)</small> </font> </div>
<div class="test-event"> <font color="maroon"> <small> &emsp; &emsp;--- 16 Oct 15:37:26 321 - <b>15</b> - Spinner Load Wait: (Sync) - ICar.support.WaitUtils.waitForSpinner(WaitUtils.java:225)</small> </font> </div>
<div class="test-event"> <font color="maroon"> <small> &emsp; &emsp;--- 16 Oct 15:37:26 446 - Page URL:: https://www.icarstage.com/myprofile</small> </font> </div>
<div class="test-event"> <font color="maroon"> <small> &emsp; &emsp;--- 16 Oct 15:37:26 446 - <b>0</b> - Page Load Wait: (Sync) - ICar.support.Utils.waitForPageLoad(Utils.java:109)</small> </font> </div>
<!--FAIL-->
<div class="test-result"><br><font color="red"><strong> Index 0 out of bounds for length 0 </strong></font> <a href=".\ScreenShot\ICar_B2B_TC006_60620359970600.png" target="_blank" >[ScreenShot]</a></div>&emsp;
&emsp;<div class="test-title"> <strong><font size = "3" color = "#0000FF">---Test Execution Ends---</font> </strong> </div>&emsp;]]>
    </system-out>
  </testcase> <!-- ICar_B2B_TC006 -->
  <testcase classname="B2Btestscripts.B2B_Student" name="ICar_B2B_TC038" time="121.211">
    <system-out>
      <![CDATA[<div class="test-event"> <font color="maroon"> <small> &emsp; &emsp;--- 16 Oct 16:57:09 847 - TestCaseID:: ICar_B2B_TC038</small> </font> </div>
<div class="test-event"> <font color="maroon"> <small> &emsp; &emsp;--- 16 Oct 16:57:11 304 - <b>1</b> - Driver::initialize::Get - ICar.support.WebDriverFactory.getDriver(WebDriverFactory.java:640)</small> </font> </div>
&emsp;<div class="test-title"> <strong><font size = "3" color = "#000080">Verify the excel download in purchase page</font> </strong> </div>&emsp;<div><strong>Steps:</strong></div><!-- Report -->&emsp;
<div class="test-event"> <font color="maroon"> <small> &emsp; &emsp;--- 16 Oct 16:57:15 967 - Element is displayed:: [[ChromeDriver: chrome on WINDOWS (527cb2c670a8fa39fd3128a44c88198b)] -> xpath: //a/img[@alt='Login Image']|//button[@id='btn-login']]</small> </font> </div>
<div class="test-event"> <font color="maroon"> <small> &emsp; &emsp;--- 16 Oct 16:57:16 017 - Element is displayed:: [[ChromeDriver: chrome on WINDOWS (527cb2c670a8fa39fd3128a44c88198b)] -> xpath: //a/img[@alt='Login Image']|//button[@id='btn-login']]</small> </font> </div>
<div class="test-message">&emsp;Successfully navigated to 'Home' Page&emsp;<a href=".\ScreenShot\ICar_B2B_TC038_65403428829700.png" target="_blank" >[ScreenShot]</a></div>
<div class="test-message">&emsp;1. Home page is launched.</div>
<div class="test-event"> <font color="maroon"> <small> &emsp; &emsp;--- 16 Oct 16:57:16 889 - Page URL:: https://www.icarstage.com/</small> </font> </div>
<div class="test-event"> <font color="maroon"> <small> &emsp; &emsp;--- 16 Oct 16:57:16 889 - <b>0</b> - Page Load Wait: (Sync) - ICar.support.Utils.waitForPageLoad(Utils.java:109)</small> </font> </div>
<div class="test-event"> <font color="maroon"> <small> &emsp; &emsp;--- 16 Oct 16:57:16 922 - Element is displayed:: [[ChromeDriver: chrome on WINDOWS (527cb2c670a8fa39fd3128a44c88198b)] -> xpath: //a/img[@alt='Login Image']|//button[@id='btn-login']]</small> </font> </div>
<div class="test-event"> <font color="maroon"> <small> &emsp; &emsp;--- 16 Oct 16:57:16 992 - Element is displayed:: [[ChromeDriver: chrome on WINDOWS (527cb2c670a8fa39fd3128a44c88198b)] -> xpath: //a/img[@alt='Login Image']|//button[@id='btn-login']]</small> </font> </div>
<div class="test-event"> <font color="maroon"> <small> &emsp; &emsp;--- 16 Oct 16:57:34 863 - Catched spinner load exception due to Expected condition failed: waiting for ICar.support.WaitUtils$4@636673a3 (tried for 15 second(s) with 500 milliseconds interval)</small> </font> </div>
<div class="test-event"> <font color="maroon"> <small> &emsp; &emsp;--- 16 Oct 16:57:34 863 - <b>15</b> - Spinner Load Wait: (Sync) - ICar.support.WaitUtils.waitForSpinner(WaitUtils.java:225)</small> </font> </div>
<div class="test-message">&emsp;2. Navigate to 'Login Page'</div>
<div class="test-message">&emsp;Successfully navigated to 'Login' Page&emsp;<a href=".\ScreenShot\ICar_B2B_TC038_65422278696400.png" target="_blank" >[ScreenShot]</a></div>
<div class="test-event"> <font color="maroon"> <small> &emsp; &emsp;--- 16 Oct 16:57:35 095 - Element is displayed:: [[ChromeDriver: chrome on WINDOWS (527cb2c670a8fa39fd3128a44c88198b)] -> id: username]</small> </font> </div>
<div class="test-event"> <font color="maroon"> <small> &emsp; &emsp;--- 16 Oct 16:57:35 157 - Element is displayed:: [[ChromeDriver: chrome on WINDOWS (527cb2c670a8fa39fd3128a44c88198b)] -> id: username]</small> </font> </div>
<div class="test-event"> <font color="maroon"> <small> &emsp; &emsp;--- 16 Oct 16:57:35 351 - Element is displayed:: [[ChromeDriver: chrome on WINDOWS (527cb2c670a8fa39fd3128a44c88198b)] -> id: password]</small> </font> </div>
<div class="test-event"> <font color="maroon"> <small> &emsp; &emsp;--- 16 Oct 16:57:35 511 - Element is displayed:: [[ChromeDriver: chrome on WINDOWS (527cb2c670a8fa39fd3128a44c88198b)] -> id: btn-login]</small> </font> </div>
<div class="test-event"> <font color="maroon"> <small> &emsp; &emsp;--- 16 Oct 16:57:41 656 - Catched spinner load exception due to Expected condition failed: waiting for ICar.support.WaitUtils$4@636673a3 (tried for 3 second(s) with 500 milliseconds interval)</small> </font> </div>
<div class="test-event"> <font color="maroon"> <small> &emsp; &emsp;--- 16 Oct 16:57:41 656 - <b>6</b> - Spinner Load Wait: (Sync) - ICar.support.WaitUtils.waitForSpinner(WaitUtils.java:225)</small> </font> </div>
<div class="test-event"> <font color="maroon"> <small> &emsp; &emsp;--- 16 Oct 16:58:03 884 - Catched spinner load exception due to Expected condition failed: waiting for ICar.support.WaitUtils$4@636673a3 (tried for 10 second(s) with 500 milliseconds interval)</small> </font> </div>
<div class="test-event"> <font color="maroon"> <small> &emsp; &emsp;--- 16 Oct 16:58:03 884 - <b>10</b> - Spinner Load Wait: (Sync) - ICar.support.WaitUtils.waitForSpinner(WaitUtils.java:225)</small> </font> </div>
<div class="test-event"> <font color="maroon"> <small> &emsp; &emsp;--- 16 Oct 16:58:03 954 - Element is displayed:: [[ChromeDriver: chrome on WINDOWS (527cb2c670a8fa39fd3128a44c88198b)] -> xpath: //button[@value='Launch My Learning']]</small> </font> </div>
<div class="test-message">&emsp;3. Enter the user credentials as : 2810173</div>
<div class="test-message">&emsp;Successfully navigated to 'User Home' Page&emsp;<a href=".\ScreenShot\ICar_B2B_TC038_65451365991600.png" target="_blank" >[ScreenShot]</a></div>
<div class="test-message">&emsp;4. Navigate to My Purchase Page</div>
<div class="test-event"> <font color="maroon"> <small> &emsp; &emsp;--- 16 Oct 16:58:04 337 - Page URL:: https://www.icarstage.com/</small> </font> </div>
<div class="test-event"> <font color="maroon"> <small> &emsp; &emsp;--- 16 Oct 16:58:04 337 - <b>0</b> - Page Load Wait: (Sync) - ICar.support.Utils.waitForPageLoad(Utils.java:109)</small> </font> </div>
<div class="test-event"> <font color="maroon"> <small> &emsp; &emsp;--- 16 Oct 16:58:04 389 - Element is displayed:: [[ChromeDriver: chrome on WINDOWS (527cb2c670a8fa39fd3128a44c88198b)] -> xpath: //p[text()='Launch My Learning']]</small> </font> </div>
<div class="test-event"> <font color="maroon"> <small> &emsp; &emsp;--- 16 Oct 16:58:04 426 - Element is displayed:: [[ChromeDriver: chrome on WINDOWS (527cb2c670a8fa39fd3128a44c88198b)] -> xpath: //lightning-layout[@class='left-margin slds-align_absolute-center slds-grid slds-grid_align-spread slds-wrap']//lightning-layout-item[2]//a]</small> </font> </div>
<div class="test-event"> <font color="maroon"> <small> &emsp; &emsp;--- 16 Oct 16:58:06 498 - Element is displayed:: [[ChromeDriver: chrome on WINDOWS (527cb2c670a8fa39fd3128a44c88198b)] -> xpath: //lightning-layout[@class='left-margin slds-align_absolute-center slds-grid slds-grid_align-spread slds-wrap']//lightning-layout-item[2]//a]</small> </font> </div>
<div class="test-event"> <font color="maroon"> <small> &emsp; &emsp;--- 16 Oct 16:58:06 602 - Element is displayed:: [[ChromeDriver: chrome on WINDOWS (527cb2c670a8fa39fd3128a44c88198b)] -> xpath: //ul[@aria-label='Show More']//li[3]/a]</small> </font> </div>
<div class="test-event"> <font color="maroon"> <small> &emsp; &emsp;--- 16 Oct 16:58:06 649 - Element is displayed:: [[ChromeDriver: chrome on WINDOWS (527cb2c670a8fa39fd3128a44c88198b)] -> xpath: //ul[@aria-label='Show More']//li[3]/a]</small> </font> </div>
<div class="test-event"> <font color="maroon"> <small> &emsp; &emsp;--- 16 Oct 16:58:23 514 - Catched spinner load exception due to Expected condition failed: waiting for ICar.support.WaitUtils$4@636673a3 (tried for 15 second(s) with 500 milliseconds interval)</small> </font> </div>
<div class="test-event"> <font color="maroon"> <small> &emsp; &emsp;--- 16 Oct 16:58:23 514 - <b>15</b> - Spinner Load Wait: (Sync) - ICar.support.WaitUtils.waitForSpinner(WaitUtils.java:225)</small> </font> </div>
<div class="test-event"> <font color="maroon"> <small> &emsp; &emsp;--- 16 Oct 16:58:23 630 - Page URL:: https://www.icarstage.com/my-purchases</small> </font> </div>
<div class="test-event"> <font color="maroon"> <small> &emsp; &emsp;--- 16 Oct 16:58:23 630 - <b>0</b> - Page Load Wait: (Sync) - ICar.support.Utils.waitForPageLoad(Utils.java:109)</small> </font> </div>
<div class="test-event"> <font color="maroon"> <small> &emsp; &emsp;--- 16 Oct 16:58:23 684 - Element is displayed:: [[ChromeDriver: chrome on WINDOWS (527cb2c670a8fa39fd3128a44c88198b)] -> xpath: //button[text()='Search']]</small> </font> </div>
<div class="test-message">&emsp;Successfully navigated to 'My Purchases' Page&emsp;<a href=".\ScreenShot\ICar_B2B_TC038_65471096034000.png" target="_blank" >[ScreenShot]</a></div>
<div class="test-event"> <font color="maroon"> <small> &emsp; &emsp;--- 16 Oct 16:58:23 956 - Page URL:: https://www.icarstage.com/my-purchases</small> </font> </div>
<div class="test-event"> <font color="maroon"> <small> &emsp; &emsp;--- 16 Oct 16:58:23 956 - <b>0</b> - Page Load Wait: (Sync) - ICar.support.Utils.waitForPageLoad(Utils.java:109)</small> </font> </div>
<div class="test-event"> <font color="maroon"> <small> &emsp; &emsp;--- 16 Oct 16:58:24 009 - Element is displayed:: [[ChromeDriver: chrome on WINDOWS (527cb2c670a8fa39fd3128a44c88198b)] -> xpath: //input[@name='toDate']]</small> </font> </div>
<div class="test-event"> <font color="maroon"> <small> &emsp; &emsp;--- 16 Oct 16:58:24 325 - Page URL:: https://www.icarstage.com/my-purchases</small> </font> </div>
<div class="test-event"> <font color="maroon"> <small> &emsp; &emsp;--- 16 Oct 16:58:24 325 - <b>0</b> - Page Load Wait: (Sync) - ICar.support.Utils.waitForPageLoad(Utils.java:109)</small> </font> </div>
<div class="test-event"> <font color="maroon"> <small> &emsp; &emsp;--- 16 Oct 16:58:24 374 - Element is displayed:: [[ChromeDriver: chrome on WINDOWS (527cb2c670a8fa39fd3128a44c88198b)] -> xpath: //button[text()='Search']]</small> </font> </div>
<div class="test-event"> <font color="maroon"> <small> &emsp; &emsp;--- 16 Oct 16:58:24 514 - Page URL:: https://www.icarstage.com/my-purchases</small> </font> </div>
<div class="test-event"> <font color="maroon"> <small> &emsp; &emsp;--- 16 Oct 16:58:24 514 - <b>0</b> - Page Load Wait: (Sync) - ICar.support.Utils.waitForPageLoad(Utils.java:109)</small> </font> </div>
<div class="test-event"> <font color="maroon"> <small> &emsp; &emsp;--- 16 Oct 16:58:27 641 - Catched spinner load exception due to Expected condition failed: waiting for ICar.support.WaitUtils$4@636673a3 (tried for 3 second(s) with 500 milliseconds interval)</small> </font> </div>
<div class="test-event"> <font color="maroon"> <small> &emsp; &emsp;--- 16 Oct 16:58:27 641 - <b>3</b> - Spinner Load Wait: (Sync) - ICar.support.WaitUtils.waitForSpinner(WaitUtils.java:225)</small> </font> </div>
<div class="test-event"> <font color="maroon"> <small> &emsp; &emsp;--- 16 Oct 16:58:27 771 - Page URL:: https://www.icarstage.com/my-purchases</small> </font> </div>
<div class="test-event"> <font color="maroon"> <small> &emsp; &emsp;--- 16 Oct 16:58:27 771 - <b>0</b> - Page Load Wait: (Sync) - ICar.support.Utils.waitForPageLoad(Utils.java:109)</small> </font> </div>
<div class="test-event"> <font color="maroon"> <small> &emsp; &emsp;--- 16 Oct 16:58:29 866 - Element is displayed:: [[ChromeDriver: chrome on WINDOWS (527cb2c670a8fa39fd3128a44c88198b)] -> xpath: //button[text()='Download']]</small> </font> </div>
<div class="test-event"> <font color="maroon"> <small> &emsp; &emsp;--- 16 Oct 16:58:29 926 - Element is displayed:: [[ChromeDriver: chrome on WINDOWS (527cb2c670a8fa39fd3128a44c88198b)] -> xpath: //button[text()='Download']]</small> </font> </div>
<div class="test-message">&emsp;5. Click on download button</div>
<div class="test-event"> <font color="maroon"> <small> &emsp; &emsp;--- 16 Oct 16:58:37 124 - Catched spinner load exception due to Expected condition failed: waiting for ICar.support.WaitUtils$4@636673a3 (tried for 4 second(s) with 500 milliseconds interval)</small> </font> </div>
<div class="test-event"> <font color="maroon"> <small> &emsp; &emsp;--- 16 Oct 16:58:37 124 - <b>4</b> - Spinner Load Wait: (Sync) - ICar.support.WaitUtils.waitForSpinner(WaitUtils.java:225)</small> </font> </div>
<div class="test-event"> <font color="maroon"> <small> &emsp; &emsp;--- 16 Oct 16:58:43 306 - Catched spinner load exception due to Expected condition failed: waiting for ICar.support.WaitUtils$4@636673a3 (tried for 4 second(s) with 500 milliseconds interval)</small> </font> </div>
<div class="test-event"> <font color="maroon"> <small> &emsp; &emsp;--- 16 Oct 16:58:43 306 - <b>4</b> - Spinner Load Wait: (Sync) - ICar.support.WaitUtils.waitForSpinner(WaitUtils.java:225)</small> </font> </div>
<div class="test-event"> <font color="maroon"> <small> &emsp; &emsp;--- 16 Oct 16:58:47 470 - Catched spinner load exception due to Expected condition failed: waiting for ICar.support.WaitUtils$4@636673a3 (tried for 4 second(s) with 500 milliseconds interval)</small> </font> </div>
<div class="test-event"> <font color="maroon"> <small> &emsp; &emsp;--- 16 Oct 16:58:47 470 - <b>4</b> - Spinner Load Wait: (Sync) - ICar.support.WaitUtils.waitForSpinner(WaitUtils.java:225)</small> </font> </div>
<div class="test-event"> <font color="maroon"> <small> &emsp; &emsp;--- 16 Oct 16:58:53 669 - Catched spinner load exception due to Expected condition failed: waiting for ICar.support.WaitUtils$4@636673a3 (tried for 4 second(s) with 500 milliseconds interval)</small> </font> </div>
<div class="test-event"> <font color="maroon"> <small> &emsp; &emsp;--- 16 Oct 16:58:53 669 - <b>4</b> - Spinner Load Wait: (Sync) - ICar.support.WaitUtils.waitForSpinner(WaitUtils.java:225)</small> </font> </div>
<div class="test-event"> <font color="maroon"> <small> &emsp; &emsp;--- 16 Oct 16:58:57 846 - Catched spinner load exception due to Expected condition failed: waiting for ICar.support.WaitUtils$4@636673a3 (tried for 4 second(s) with 500 milliseconds interval)</small> </font> </div>
<div class="test-event"> <font color="maroon"> <small> &emsp; &emsp;--- 16 Oct 16:58:57 846 - <b>4</b> - Spinner Load Wait: (Sync) - ICar.support.WaitUtils.waitForSpinner(WaitUtils.java:225)</small> </font> </div>
<div class="test-event"> <font color="maroon"> <small> &emsp; &emsp;--- 16 Oct 16:59:04 039 - Catched spinner load exception due to Expected condition failed: waiting for ICar.support.WaitUtils$4@636673a3 (tried for 4 second(s) with 500 milliseconds interval)</small> </font> </div>
<div class="test-event"> <font color="maroon"> <small> &emsp; &emsp;--- 16 Oct 16:59:04 039 - <b>4</b> - Spinner Load Wait: (Sync) - ICar.support.WaitUtils.waitForSpinner(WaitUtils.java:225)</small> </font> </div>
<div class="test-event"> <font color="maroon"> <small> &emsp; &emsp;--- 16 Oct 16:59:06 130 - Element is displayed:: [[ChromeDriver: chrome on WINDOWS (527cb2c670a8fa39fd3128a44c88198b)] -> xpath: //table//tbody/tr/td[@data-label='Expand']/a]</small> </font> </div>
<div class="test-event"> <font color="maroon"> <small> &emsp; &emsp;--- 16 Oct 16:59:06 254 - Page URL:: https://www.icarstage.com/my-purchases</small> </font> </div>
<div class="test-event"> <font color="maroon"> <small> &emsp; &emsp;--- 16 Oct 16:59:06 254 - <b>0</b> - Page Load Wait: (Sync) - ICar.support.Utils.waitForPageLoad(Utils.java:109)</small> </font> </div>
<div class="test-event"> <font color="maroon"> <small> &emsp; &emsp;--- 16 Oct 16:59:08 335 - Element is displayed:: [[ChromeDriver: chrome on WINDOWS (527cb2c670a8fa39fd3128a44c88198b)] -> xpath: //table//tbody/tr/td[@data-label='Expand']/a]</small> </font> </div>
<div class="test-event"> <font color="maroon"> <small> &emsp; &emsp;--- 16 Oct 16:59:08 463 - Page URL:: https://www.icarstage.com/my-purchases</small> </font> </div>
<div class="test-event"> <font color="maroon"> <small> &emsp; &emsp;--- 16 Oct 16:59:08 463 - <b>0</b> - Page Load Wait: (Sync) - ICar.support.Utils.waitForPageLoad(Utils.java:109)</small> </font> </div>
<div class="test-event"> <font color="maroon"> <small> &emsp; &emsp;--- 16 Oct 16:59:10 533 - Element is displayed:: [[ChromeDriver: chrome on WINDOWS (527cb2c670a8fa39fd3128a44c88198b)] -> xpath: //table//tbody/tr/td[@data-label='Expand']/a]</small> </font> </div>
<div class="test-event"> <font color="maroon"> <small> &emsp; &emsp;--- 16 Oct 16:59:10 805 - Page URL:: https://www.icarstage.com/my-purchases</small> </font> </div>
<div class="test-event"> <font color="maroon"> <small> &emsp; &emsp;--- 16 Oct 16:59:10 805 - <b>0</b> - Page Load Wait: (Sync) - ICar.support.Utils.waitForPageLoad(Utils.java:109)</small> </font> </div>
<div class="test-message">&emsp;File download successful</div>
<div class="test-message">&emsp;Number of records in CSV file : 8</div>
<div class="test-message">&emsp;UI record count is  equal to the count in CSV file&emsp;<a href=".\ScreenShot\ICar_B2B_TC038_65519327986800.png" target="_blank" >[ScreenShot]</a></div>
<div class="test-result"><br><font color="green"><strong> Test Passed. </strong></font> </div>&emsp;
&emsp;<div class="test-title"> <strong><font size = "3" color = "#0000FF">---Test Execution Ends---</font> </strong> </div>&emsp;]]>
    </system-out>
  </testcase> <!-- ICar_B2B_TC038 -->
  <testcase classname="B2Btestscripts.B2B_Student" name="ICar_B2B_TC063" time="74.143">
    <system-out>
      <![CDATA[<div class="test-event"> <font color="maroon"> <small> &emsp; &emsp;--- 16 Oct 17:31:56 642 - TestCaseID:: ICar_B2B_TC063</small> </font> </div>
<div class="test-event"> <font color="maroon"> <small> &emsp; &emsp;--- 16 Oct 17:31:57 513 - <b>0</b> - Driver::initialize::Get - ICar.support.WebDriverFactory.getDriver(WebDriverFactory.java:640)</small> </font> </div>
&emsp;<div class="test-title"> <strong><font size = "3" color = "#000080">Verify sorting courses under All Live, Online, and Virtual Courses and Learning Plans link</font> </strong> </div>&emsp;<div><strong>Steps:</strong></div><!-- Report -->&emsp;
<div class="test-event"> <font color="maroon"> <small> &emsp; &emsp;--- 16 Oct 17:32:03 202 - Element is displayed:: [[ChromeDriver: chrome on WINDOWS (63b2489dfe9ba447ba0871badb86974c)] -> xpath: //a/img[@alt='Login Image']|//button[@id='btn-login']]</small> </font> </div>
<div class="test-event"> <font color="maroon"> <small> &emsp; &emsp;--- 16 Oct 17:32:03 280 - Element is displayed:: [[ChromeDriver: chrome on WINDOWS (63b2489dfe9ba447ba0871badb86974c)] -> xpath: //a/img[@alt='Login Image']|//button[@id='btn-login']]</small> </font> </div>
<div class="test-message">&emsp;Successfully navigated to 'Home' Page&emsp;<a href=".\ScreenShot\ICar_B2B_TC063_67490692135200.png" target="_blank" >[ScreenShot]</a></div>
<div class="test-message">&emsp;1. Home page is launched.</div>
<div class="test-event"> <font color="maroon"> <small> &emsp; &emsp;--- 16 Oct 17:32:03 650 - Page URL:: https://www.icarstage.com/</small> </font> </div>
<div class="test-event"> <font color="maroon"> <small> &emsp; &emsp;--- 16 Oct 17:32:03 650 - <b>0</b> - Page Load Wait: (Sync) - ICar.support.Utils.waitForPageLoad(Utils.java:109)</small> </font> </div>
<div class="test-event"> <font color="maroon"> <small> &emsp; &emsp;--- 16 Oct 17:32:03 689 - Element is displayed:: [[ChromeDriver: chrome on WINDOWS (63b2489dfe9ba447ba0871badb86974c)] -> xpath: //a/img[@alt='Login Image']|//button[@id='btn-login']]</small> </font> </div>
<div class="test-event"> <font color="maroon"> <small> &emsp; &emsp;--- 16 Oct 17:32:03 738 - Element is displayed:: [[ChromeDriver: chrome on WINDOWS (63b2489dfe9ba447ba0871badb86974c)] -> xpath: //a/img[@alt='Login Image']|//button[@id='btn-login']]</small> </font> </div>
<div class="test-event"> <font color="maroon"> <small> &emsp; &emsp;--- 16 Oct 17:32:21 759 - Catched spinner load exception due to Expected condition failed: waiting for ICar.support.WaitUtils$4@636673a3 (tried for 15 second(s) with 500 milliseconds interval)</small> </font> </div>
<div class="test-event"> <font color="maroon"> <small> &emsp; &emsp;--- 16 Oct 17:32:21 759 - <b>15</b> - Spinner Load Wait: (Sync) - ICar.support.WaitUtils.waitForSpinner(WaitUtils.java:225)</small> </font> </div>
<div class="test-message">&emsp;2. Login page  should be successfully display</div>
<div class="test-message">&emsp;Successfully navigated to 'Login' Page&emsp;<a href=".\ScreenShot\ICar_B2B_TC063_67509174277900.png" target="_blank" >[ScreenShot]</a></div>
<div class="test-event"> <font color="maroon"> <small> &emsp; &emsp;--- 16 Oct 17:32:21 946 - Element is displayed:: [[ChromeDriver: chrome on WINDOWS (63b2489dfe9ba447ba0871badb86974c)] -> id: username]</small> </font> </div>
<div class="test-event"> <font color="maroon"> <small> &emsp; &emsp;--- 16 Oct 17:32:21 998 - Element is displayed:: [[ChromeDriver: chrome on WINDOWS (63b2489dfe9ba447ba0871badb86974c)] -> id: username]</small> </font> </div>
<div class="test-event"> <font color="maroon"> <small> &emsp; &emsp;--- 16 Oct 17:32:22 203 - Element is displayed:: [[ChromeDriver: chrome on WINDOWS (63b2489dfe9ba447ba0871badb86974c)] -> id: password]</small> </font> </div>
<div class="test-event"> <font color="maroon"> <small> &emsp; &emsp;--- 16 Oct 17:32:22 367 - Element is displayed:: [[ChromeDriver: chrome on WINDOWS (63b2489dfe9ba447ba0871badb86974c)] -> id: btn-login]</small> </font> </div>
<div class="test-event"> <font color="maroon"> <small> &emsp; &emsp;--- 16 Oct 17:32:27 458 - Catched spinner load exception due to Expected condition failed: waiting for ICar.support.WaitUtils$4@636673a3 (tried for 3 second(s) with 500 milliseconds interval)</small> </font> </div>
<div class="test-event"> <font color="maroon"> <small> &emsp; &emsp;--- 16 Oct 17:32:27 458 - <b>5</b> - Spinner Load Wait: (Sync) - ICar.support.WaitUtils.waitForSpinner(WaitUtils.java:225)</small> </font> </div>
<div class="test-event"> <font color="maroon"> <small> &emsp; &emsp;--- 16 Oct 17:32:49 178 - Catched spinner load exception due to Expected condition failed: waiting for ICar.support.WaitUtils$4@636673a3 (tried for 10 second(s) with 500 milliseconds interval)</small> </font> </div>
<div class="test-event"> <font color="maroon"> <small> &emsp; &emsp;--- 16 Oct 17:32:49 178 - <b>10</b> - Spinner Load Wait: (Sync) - ICar.support.WaitUtils.waitForSpinner(WaitUtils.java:225)</small> </font> </div>
<div class="test-event"> <font color="maroon"> <small> &emsp; &emsp;--- 16 Oct 17:32:49 249 - Element is displayed:: [[ChromeDriver: chrome on WINDOWS (63b2489dfe9ba447ba0871badb86974c)] -> xpath: //button[@value='Launch My Learning']]</small> </font> </div>
<div class="test-message">&emsp;3. Enter the user credentials as : pkelly123</div>
<div class="test-message">&emsp;Successfully navigated to 'User Home' Page&emsp;<a href=".\ScreenShot\ICar_B2B_TC063_67536661368700.png" target="_blank" >[ScreenShot]</a></div>
<div class="test-event"> <font color="maroon"> <small> &emsp; &emsp;--- 16 Oct 17:32:49 481 - Element is displayed:: [[ChromeDriver: chrome on WINDOWS (63b2489dfe9ba447ba0871badb86974c)] -> xpath: //a[contains(text(),'Browse Catalog')]]</small> </font> </div>
<div class="test-event"> <font color="maroon"> <small> &emsp; &emsp;--- 16 Oct 17:32:49 545 - Element is displayed:: [[ChromeDriver: chrome on WINDOWS (63b2489dfe9ba447ba0871badb86974c)] -> xpath: //a[contains(text(),'Browse Catalog')]]</small> </font> </div>
<div class="test-message">&emsp;4.Clicked on Browse Catalog</div>
<div class="test-event"> <font color="maroon"> <small> &emsp; &emsp;--- 16 Oct 17:32:58 261 - Catched spinner load exception due to Expected condition failed: waiting for ICar.support.WaitUtils$4@636673a3 (tried for 7 second(s) with 500 milliseconds interval)</small> </font> </div>
<div class="test-event"> <font color="maroon"> <small> &emsp; &emsp;--- 16 Oct 17:32:58 261 - <b>7</b> - Spinner Load Wait: (Sync) - ICar.support.WaitUtils.waitForSpinner(WaitUtils.java:225)</small> </font> </div>
<div class="test-event"> <font color="maroon"> <small> &emsp; &emsp;--- 16 Oct 17:32:58 309 - Element is displayed:: [[ChromeDriver: chrome on WINDOWS (63b2489dfe9ba447ba0871badb86974c)] -> xpath: //section[@class='main-section']//following::li//section[@class='fields-area']//a]</small> </font> </div>
<div class="test-event"> <font color="maroon"> <small> &emsp; &emsp;--- 16 Oct 17:32:58 350 - Element is displayed:: [[ChromeDriver: chrome on WINDOWS (63b2489dfe9ba447ba0871badb86974c)] -> xpath: //section[@class='main-section']//following::li//section[@class='fields-area']//a]</small> </font> </div>
<div class="test-message">&emsp;5.Clicked on the link All Live, Online, and Virtual Courses and Learning Plans</div>
<div class="test-event"> <font color="maroon"> <small> &emsp; &emsp;--- 16 Oct 17:33:07 518 - Catched spinner load exception due to Expected condition failed: waiting for ICar.support.WaitUtils$4@636673a3 (tried for 7 second(s) with 500 milliseconds interval)</small> </font> </div>
<div class="test-event"> <font color="maroon"> <small> &emsp; &emsp;--- 16 Oct 17:33:07 518 - <b>7</b> - Spinner Load Wait: (Sync) - ICar.support.WaitUtils.waitForSpinner(WaitUtils.java:225)</small> </font> </div>
<div class="test-message">&emsp;No records are found&emsp;<a href=".\ScreenShot\ICar_B2B_TC063_67558220493000.png" target="_blank" >[ScreenShot]</a></div>
<div class="test-message">&emsp;No records found for the given search criteria&emsp;<a href=".\ScreenShot\ICar_B2B_TC063_67558394724700.png" target="_blank" >[ScreenShot]</a></div>
<div class="test-result"><br><font color="green"><strong> Test Passed. </strong></font> </div>&emsp;
&emsp;<div class="test-title"> <strong><font size = "3" color = "#0000FF">---Test Execution Ends---</font> </strong> </div>&emsp;]]>
    </system-out>
  </testcase> <!-- ICar_B2B_TC063 -->
  <testcase classname="B2Btestscripts.B2B_Student" name="ICar_B2B_TC053" time="73.634">
    <system-out>
      <![CDATA[<div class="test-event"> <font color="maroon"> <small> &emsp; &emsp;--- 16 Oct 17:23:24 880 - TestCaseID:: ICar_B2B_TC053</small> </font> </div>
<div class="test-event"> <font color="maroon"> <small> &emsp; &emsp;--- 16 Oct 17:23:29 395 - <b>4</b> - Driver::initialize::Get - ICar.support.WebDriverFactory.getDriver(WebDriverFactory.java:640)</small> </font> </div>
&emsp;<div class="test-title"> <strong><font size = "3" color = "#000080">Verify sorting courses under All Live, Online, and Virtual Courses and Learning Plans link</font> </strong> </div>&emsp;<div><strong>Steps:</strong></div><!-- Report -->&emsp;
<div class="test-event"> <font color="maroon"> <small> &emsp; &emsp;--- 16 Oct 17:23:33 380 - Element is displayed:: [[ChromeDriver: chrome on WINDOWS (ee59eb3908142231b74acd658f00bb65)] -> xpath: //a/img[@alt='Login Image']|//button[@id='btn-login']]</small> </font> </div>
<div class="test-event"> <font color="maroon"> <small> &emsp; &emsp;--- 16 Oct 17:23:33 428 - Element is displayed:: [[ChromeDriver: chrome on WINDOWS (ee59eb3908142231b74acd658f00bb65)] -> xpath: //a/img[@alt='Login Image']|//button[@id='btn-login']]</small> </font> </div>
<div class="test-message">&emsp;Successfully navigated to 'Home' Page&emsp;<a href=".\ScreenShot\ICar_B2B_TC053_66980840619900.png" target="_blank" >[ScreenShot]</a></div>
<div class="test-message">&emsp;1. Home page is launched.</div>
<div class="test-event"> <font color="maroon"> <small> &emsp; &emsp;--- 16 Oct 17:23:33 784 - Page URL:: https://www.icarstage.com/</small> </font> </div>
<div class="test-event"> <font color="maroon"> <small> &emsp; &emsp;--- 16 Oct 17:23:33 785 - <b>0</b> - Page Load Wait: (Sync) - ICar.support.Utils.waitForPageLoad(Utils.java:109)</small> </font> </div>
<div class="test-event"> <font color="maroon"> <small> &emsp; &emsp;--- 16 Oct 17:23:33 824 - Element is displayed:: [[ChromeDriver: chrome on WINDOWS (ee59eb3908142231b74acd658f00bb65)] -> xpath: //a/img[@alt='Login Image']|//button[@id='btn-login']]</small> </font> </div>
<div class="test-event"> <font color="maroon"> <small> &emsp; &emsp;--- 16 Oct 17:23:33 875 - Element is displayed:: [[ChromeDriver: chrome on WINDOWS (ee59eb3908142231b74acd658f00bb65)] -> xpath: //a/img[@alt='Login Image']|//button[@id='btn-login']]</small> </font> </div>
<div class="test-event"> <font color="maroon"> <small> &emsp; &emsp;--- 16 Oct 17:23:52 014 - Catched spinner load exception due to Expected condition failed: waiting for ICar.support.WaitUtils$4@636673a3 (tried for 15 second(s) with 500 milliseconds interval)</small> </font> </div>
<div class="test-event"> <font color="maroon"> <small> &emsp; &emsp;--- 16 Oct 17:23:52 014 - <b>15</b> - Spinner Load Wait: (Sync) - ICar.support.WaitUtils.waitForSpinner(WaitUtils.java:225)</small> </font> </div>
<div class="test-message">&emsp;2. Login page  should be successfully display</div>
<div class="test-message">&emsp;Successfully navigated to 'Login' Page&emsp;<a href=".\ScreenShot\ICar_B2B_TC053_66999429628800.png" target="_blank" >[ScreenShot]</a></div>
<div class="test-event"> <font color="maroon"> <small> &emsp; &emsp;--- 16 Oct 17:23:52 249 - Element is displayed:: [[ChromeDriver: chrome on WINDOWS (ee59eb3908142231b74acd658f00bb65)] -> id: username]</small> </font> </div>
<div class="test-event"> <font color="maroon"> <small> &emsp; &emsp;--- 16 Oct 17:23:52 312 - Element is displayed:: [[ChromeDriver: chrome on WINDOWS (ee59eb3908142231b74acd658f00bb65)] -> id: username]</small> </font> </div>
<div class="test-event"> <font color="maroon"> <small> &emsp; &emsp;--- 16 Oct 17:23:52 504 - Element is displayed:: [[ChromeDriver: chrome on WINDOWS (ee59eb3908142231b74acd658f00bb65)] -> id: password]</small> </font> </div>
<div class="test-event"> <font color="maroon"> <small> &emsp; &emsp;--- 16 Oct 17:23:52 670 - Element is displayed:: [[ChromeDriver: chrome on WINDOWS (ee59eb3908142231b74acd658f00bb65)] -> id: btn-login]</small> </font> </div>
<div class="test-event"> <font color="maroon"> <small> &emsp; &emsp;--- 16 Oct 17:23:59 332 - Catched spinner load exception due to Expected condition failed: waiting for ICar.support.WaitUtils$4@636673a3 (tried for 3 second(s) with 500 milliseconds interval)</small> </font> </div>
<div class="test-event"> <font color="maroon"> <small> &emsp; &emsp;--- 16 Oct 17:23:59 332 - <b>6</b> - Spinner Load Wait: (Sync) - ICar.support.WaitUtils.waitForSpinner(WaitUtils.java:225)</small> </font> </div>
<div class="test-event"> <font color="maroon"> <small> &emsp; &emsp;--- 16 Oct 17:24:21 175 - Catched spinner load exception due to Expected condition failed: waiting for ICar.support.WaitUtils$4@636673a3 (tried for 10 second(s) with 500 milliseconds interval)</small> </font> </div>
<div class="test-event"> <font color="maroon"> <small> &emsp; &emsp;--- 16 Oct 17:24:21 176 - <b>10</b> - Spinner Load Wait: (Sync) - ICar.support.WaitUtils.waitForSpinner(WaitUtils.java:225)</small> </font> </div>
<div class="test-event"> <font color="maroon"> <small> &emsp; &emsp;--- 16 Oct 17:24:21 254 - Element is displayed:: [[ChromeDriver: chrome on WINDOWS (ee59eb3908142231b74acd658f00bb65)] -> xpath: //button[@value='Launch My Learning']]</small> </font> </div>
<div class="test-message">&emsp;3. Enter the user credentials as : pkelly123</div>
<div class="test-message">&emsp;Successfully navigated to 'User Home' Page&emsp;<a href=".\ScreenShot\ICar_B2B_TC053_67028665930899.png" target="_blank" >[ScreenShot]</a></div>
<div class="test-event"> <font color="maroon"> <small> &emsp; &emsp;--- 16 Oct 17:24:21 476 - Element is displayed:: [[ChromeDriver: chrome on WINDOWS (ee59eb3908142231b74acd658f00bb65)] -> xpath: //a[contains(text(),'Browse Catalog')]]</small> </font> </div>
<div class="test-event"> <font color="maroon"> <small> &emsp; &emsp;--- 16 Oct 17:24:21 533 - Element is displayed:: [[ChromeDriver: chrome on WINDOWS (ee59eb3908142231b74acd658f00bb65)] -> xpath: //a[contains(text(),'Browse Catalog')]]</small> </font> </div>
<div class="test-message">&emsp;4.Clicked on Browse Catalog</div>
<div class="test-event"> <font color="maroon"> <small> &emsp; &emsp;--- 16 Oct 17:24:30 161 - Catched spinner load exception due to Expected condition failed: waiting for ICar.support.WaitUtils$4@636673a3 (tried for 7 second(s) with 500 milliseconds interval)</small> </font> </div>
<div class="test-event"> <font color="maroon"> <small> &emsp; &emsp;--- 16 Oct 17:24:30 161 - <b>7</b> - Spinner Load Wait: (Sync) - ICar.support.WaitUtils.waitForSpinner(WaitUtils.java:225)</small> </font> </div>
<div class="test-event"> <font color="maroon"> <small> &emsp; &emsp;--- 16 Oct 17:24:30 195 - Element is displayed:: [[ChromeDriver: chrome on WINDOWS (ee59eb3908142231b74acd658f00bb65)] -> xpath: //section[@class='main-section']//following::li//section[@class='fields-area']//a]</small> </font> </div>
<div class="test-event"> <font color="maroon"> <small> &emsp; &emsp;--- 16 Oct 17:24:30 233 - Element is displayed:: [[ChromeDriver: chrome on WINDOWS (ee59eb3908142231b74acd658f00bb65)] -> xpath: //section[@class='main-section']//following::li//section[@class='fields-area']//a]</small> </font> </div>
<div class="test-message">&emsp;5.Clicked on the link All Live, Online, and Virtual Courses and Learning Plans</div>
<div class="test-event"> <font color="maroon"> <small> &emsp; &emsp;--- 16 Oct 17:24:39 256 - Catched spinner load exception due to Expected condition failed: waiting for ICar.support.WaitUtils$4@636673a3 (tried for 7 second(s) with 500 milliseconds interval)</small> </font> </div>
<div class="test-event"> <font color="maroon"> <small> &emsp; &emsp;--- 16 Oct 17:24:39 256 - <b>7</b> - Spinner Load Wait: (Sync) - ICar.support.WaitUtils.waitForSpinner(WaitUtils.java:225)</small> </font> </div>
<div class="test-message">&emsp;No records are found&emsp;<a href=".\ScreenShot\ICar_B2B_TC053_67049734195300.png" target="_blank" >[ScreenShot]</a></div>
<div class="test-message">&emsp;No records found for the given search criteria&emsp;<a href=".\ScreenShot\ICar_B2B_TC053_67049909236900.png" target="_blank" >[ScreenShot]</a></div>
<div class="test-result"><br><font color="green"><strong> Test Passed. </strong></font> </div>&emsp;
&emsp;<div class="test-title"> <strong><font size = "3" color = "#0000FF">---Test Execution Ends---</font> </strong> </div>&emsp;]]>
    </system-out>
  </testcase> <!-- ICar_B2B_TC053 -->
  <testcase classname="B2Btestscripts.B2B_Student" name="ICar_B2B_TC043" time="63.270">
    <error message="Index 0 out of bounds for length 0" type="java.lang.IndexOutOfBoundsException">
      <![CDATA[java.lang.IndexOutOfBoundsException: Index 0 out of bounds for length 0
at java.base/jdk.internal.util.Preconditions.outOfBounds(Preconditions.java:64)
at java.base/jdk.internal.util.Preconditions.outOfBoundsCheckIndex(Preconditions.java:70)
at java.base/jdk.internal.util.Preconditions.checkIndex(Preconditions.java:266)
at java.base/java.util.Objects.checkIndex(Objects.java:359)
at java.base/java.util.ArrayList.get(ArrayList.java:427)
at java.base/jdk.internal.reflect.GeneratedMethodAccessor8.invoke(Unknown Source)
at java.base/jdk.internal.reflect.DelegatingMethodAccessorImpl.invoke(DelegatingMethodAccessorImpl.java:43)
at java.base/java.lang.reflect.Method.invoke(Method.java:567)
at org.openqa.selenium.support.pagefactory.internal.LocatingElementListHandler.invoke(LocatingElementListHandler.java:39)
at jdk.proxy2/jdk.proxy2.$Proxy26.get(Unknown Source)
at ICar.Pages.UserHomePage.searchAndAddCourseToCart(UserHomePage.java:1659)
at B2Btestscripts.B2B_Student.ICar_B2B_TC043(B2B_Student.java:3606)
at java.base/jdk.internal.reflect.NativeMethodAccessorImpl.invoke0(Native Method)
at java.base/jdk.internal.reflect.NativeMethodAccessorImpl.invoke(NativeMethodAccessorImpl.java:78)
at java.base/jdk.internal.reflect.DelegatingMethodAccessorImpl.invoke(DelegatingMethodAccessorImpl.java:43)
at java.base/java.lang.reflect.Method.invoke(Method.java:567)
at org.testng.internal.invokers.MethodInvocationHelper.invokeMethod(MethodInvocationHelper.java:139)
at org.testng.internal.invokers.TestInvoker.invokeMethod(TestInvoker.java:664)
at org.testng.internal.invokers.TestInvoker.invokeTestMethod(TestInvoker.java:227)
at org.testng.internal.invokers.TestMethodWithDataProviderMethodWorker.call(TestMethodWithDataProviderMethodWorker.java:80)
at org.testng.internal.invokers.TestMethodWithDataProviderMethodWorker.call(TestMethodWithDataProviderMethodWorker.java:17)
at java.base/java.util.concurrent.FutureTask.run(FutureTask.java:264)
at java.base/java.util.concurrent.Executors$RunnableAdapter.call(Executors.java:515)
at java.base/java.util.concurrent.FutureTask.run(FutureTask.java:264)
at java.base/java.util.concurrent.ThreadPoolExecutor.runWorker(ThreadPoolExecutor.java:1130)
at java.base/java.util.concurrent.ThreadPoolExecutor$Worker.run(ThreadPoolExecutor.java:630)
at java.base/java.lang.Thread.run(Thread.java:831)
]]>
    </error>
    <system-out>
      <![CDATA[<div class="test-event"> <font color="maroon"> <small> &emsp; &emsp;--- 16 Oct 17:08:39 916 - TestCaseID:: ICar_B2B_TC043</small> </font> </div>
<div class="test-event"> <font color="maroon"> <small> &emsp; &emsp;--- 16 Oct 17:08:41 234 - <b>1</b> - Driver::initialize::Get - ICar.support.WebDriverFactory.getDriver(WebDriverFactory.java:640)</small> </font> </div>
&emsp;<div class="test-title"> <strong><font size = "3" color = "#000080">Ability to apply coupon code and proceed checkout</font> </strong> </div>&emsp;<div><strong>Steps:</strong></div><!-- Report -->&emsp;
<div class="test-event"> <font color="maroon"> <small> &emsp; &emsp;--- 16 Oct 17:08:46 805 - Element is displayed:: [[ChromeDriver: chrome on WINDOWS (9d7bcf6e9610d45dd3455932c440c663)] -> xpath: //a/img[@alt='Login Image']|//button[@id='btn-login']]</small> </font> </div>
<div class="test-event"> <font color="maroon"> <small> &emsp; &emsp;--- 16 Oct 17:08:46 854 - Element is displayed:: [[ChromeDriver: chrome on WINDOWS (9d7bcf6e9610d45dd3455932c440c663)] -> xpath: //a/img[@alt='Login Image']|//button[@id='btn-login']]</small> </font> </div>
<div class="test-message">&emsp;Successfully navigated to 'Home' Page&emsp;<a href=".\ScreenShot\ICar_B2B_TC043_66094266734599.png" target="_blank" >[ScreenShot]</a></div>
<div class="test-message">&emsp;1. Home page is launched.</div>
<div class="test-event"> <font color="maroon"> <small> &emsp; &emsp;--- 16 Oct 17:08:47 215 - Page URL:: https://www.icarstage.com/</small> </font> </div>
<div class="test-event"> <font color="maroon"> <small> &emsp; &emsp;--- 16 Oct 17:08:47 215 - <b>0</b> - Page Load Wait: (Sync) - ICar.support.Utils.waitForPageLoad(Utils.java:109)</small> </font> </div>
<div class="test-event"> <font color="maroon"> <small> &emsp; &emsp;--- 16 Oct 17:08:47 247 - Element is displayed:: [[ChromeDriver: chrome on WINDOWS (9d7bcf6e9610d45dd3455932c440c663)] -> xpath: //a/img[@alt='Login Image']|//button[@id='btn-login']]</small> </font> </div>
<div class="test-event"> <font color="maroon"> <small> &emsp; &emsp;--- 16 Oct 17:08:47 296 - Element is displayed:: [[ChromeDriver: chrome on WINDOWS (9d7bcf6e9610d45dd3455932c440c663)] -> xpath: //a/img[@alt='Login Image']|//button[@id='btn-login']]</small> </font> </div>
<div class="test-event"> <font color="maroon"> <small> &emsp; &emsp;--- 16 Oct 17:09:05 159 - Catched spinner load exception due to Expected condition failed: waiting for ICar.support.WaitUtils$4@636673a3 (tried for 15 second(s) with 500 milliseconds interval)</small> </font> </div>
<div class="test-event"> <font color="maroon"> <small> &emsp; &emsp;--- 16 Oct 17:09:05 159 - <b>15</b> - Spinner Load Wait: (Sync) - ICar.support.WaitUtils.waitForSpinner(WaitUtils.java:225)</small> </font> </div>
<div class="test-message">&emsp;2. Navigate to 'Login Page'</div>
<div class="test-message">&emsp;Successfully navigated to 'Login' Page&emsp;<a href=".\ScreenShot\ICar_B2B_TC043_66112575151700.png" target="_blank" >[ScreenShot]</a></div>
<div class="test-event"> <font color="maroon"> <small> &emsp; &emsp;--- 16 Oct 17:09:05 382 - Element is displayed:: [[ChromeDriver: chrome on WINDOWS (9d7bcf6e9610d45dd3455932c440c663)] -> id: username]</small> </font> </div>
<div class="test-event"> <font color="maroon"> <small> &emsp; &emsp;--- 16 Oct 17:09:05 442 - Element is displayed:: [[ChromeDriver: chrome on WINDOWS (9d7bcf6e9610d45dd3455932c440c663)] -> id: username]</small> </font> </div>
<div class="test-event"> <font color="maroon"> <small> &emsp; &emsp;--- 16 Oct 17:09:05 644 - Element is displayed:: [[ChromeDriver: chrome on WINDOWS (9d7bcf6e9610d45dd3455932c440c663)] -> id: password]</small> </font> </div>
<div class="test-event"> <font color="maroon"> <small> &emsp; &emsp;--- 16 Oct 17:09:05 818 - Element is displayed:: [[ChromeDriver: chrome on WINDOWS (9d7bcf6e9610d45dd3455932c440c663)] -> id: btn-login]</small> </font> </div>
<div class="test-event"> <font color="maroon"> <small> &emsp; &emsp;--- 16 Oct 17:09:11 609 - Catched spinner load exception due to Expected condition failed: waiting for ICar.support.WaitUtils$4@636673a3 (tried for 3 second(s) with 500 milliseconds interval)</small> </font> </div>
<div class="test-event"> <font color="maroon"> <small> &emsp; &emsp;--- 16 Oct 17:09:11 609 - <b>5</b> - Spinner Load Wait: (Sync) - ICar.support.WaitUtils.waitForSpinner(WaitUtils.java:225)</small> </font> </div>
<div class="test-event"> <font color="maroon"> <small> &emsp; &emsp;--- 16 Oct 17:09:33 717 - Catched spinner load exception due to Expected condition failed: waiting for ICar.support.WaitUtils$4@636673a3 (tried for 10 second(s) with 500 milliseconds interval)</small> </font> </div>
<div class="test-event"> <font color="maroon"> <small> &emsp; &emsp;--- 16 Oct 17:09:33 717 - <b>10</b> - Spinner Load Wait: (Sync) - ICar.support.WaitUtils.waitForSpinner(WaitUtils.java:225)</small> </font> </div>
<div class="test-event"> <font color="maroon"> <small> &emsp; &emsp;--- 16 Oct 17:09:33 788 - Element is displayed:: [[ChromeDriver: chrome on WINDOWS (9d7bcf6e9610d45dd3455932c440c663)] -> xpath: //button[@value='Launch My Learning']]</small> </font> </div>
<div class="test-message">&emsp;3. Enter the user credentials. Username = pkelly123</div>
<div class="test-message">&emsp;Successfully navigated to 'User Home' Page&emsp;<a href=".\ScreenShot\ICar_B2B_TC043_66141200540000.png" target="_blank" >[ScreenShot]</a></div>
<div class="test-event"> <font color="maroon"> <small> &emsp; &emsp;--- 16 Oct 17:09:34 039 - Element is displayed:: [[ChromeDriver: chrome on WINDOWS (9d7bcf6e9610d45dd3455932c440c663)] -> xpath: //input[contains(@placeholder,'Search')]]</small> </font> </div>
<div class="test-event"> <font color="maroon"> <small> &emsp; &emsp;--- 16 Oct 17:09:34 091 - Element is displayed:: [[ChromeDriver: chrome on WINDOWS (9d7bcf6e9610d45dd3455932c440c663)] -> xpath: //input[contains(@placeholder,'Search')]]</small> </font> </div>
<!--FAIL-->
<div class="test-result"><br><font color="red"><strong> Index 0 out of bounds for length 0 </strong></font> <a href=".\ScreenShot\ICar_B2B_TC043_66151359241900.png" target="_blank" >[ScreenShot]</a></div>&emsp;
&emsp;<div class="test-title"> <strong><font size = "3" color = "#0000FF">---Test Execution Ends---</font> </strong> </div>&emsp;]]>
    </system-out>
  </testcase> <!-- ICar_B2B_TC043 -->
  <testcase classname="B2Btestscripts.B2B_Student" name="ICar_B2B_TC021" time="210.883">
    <system-out>
      <![CDATA[<div class="test-event"> <font color="maroon"> <small> &emsp; &emsp;--- 16 Oct 16:11:29 215 - TestCaseID:: ICar_B2B_TC021</small> </font> </div>
<div class="test-event"> <font color="maroon"> <small> &emsp; &emsp;--- 16 Oct 16:11:30 351 - <b>1</b> - Driver::initialize::Get - ICar.support.WebDriverFactory.getDriver(WebDriverFactory.java:640)</small> </font> </div>
&emsp;<div class="test-title"> <strong><font size = "3" color = "#000080">Verify My Knowledge and Skills Area after updating the preferred Learning Path and add course to the cart</font> </strong> </div>&emsp;<div><strong>Steps:</strong></div><!-- Report -->&emsp;
<div class="test-event"> <font color="maroon"> <small> &emsp; &emsp;--- 16 Oct 16:11:37 923 - Element is displayed:: [[ChromeDriver: chrome on WINDOWS (f13e28965fa158f0e1d9d20536755dd3)] -> xpath: //a/img[@alt='Login Image']|//button[@id='btn-login']]</small> </font> </div>
<div class="test-event"> <font color="maroon"> <small> &emsp; &emsp;--- 16 Oct 16:11:37 972 - Element is displayed:: [[ChromeDriver: chrome on WINDOWS (f13e28965fa158f0e1d9d20536755dd3)] -> xpath: //a/img[@alt='Login Image']|//button[@id='btn-login']]</small> </font> </div>
<div class="test-message">&emsp;Successfully navigated to 'Home' Page&emsp;<a href=".\ScreenShot\ICar_B2B_TC021_62665384771100.png" target="_blank" >[ScreenShot]</a></div>
<div class="test-message">&emsp;1. Home page is launched.</div>
<div class="test-event"> <font color="maroon"> <small> &emsp; &emsp;--- 16 Oct 16:11:38 335 - Page URL:: https://www.icarstage.com/</small> </font> </div>
<div class="test-event"> <font color="maroon"> <small> &emsp; &emsp;--- 16 Oct 16:11:38 335 - <b>0</b> - Page Load Wait: (Sync) - ICar.support.Utils.waitForPageLoad(Utils.java:109)</small> </font> </div>
<div class="test-event"> <font color="maroon"> <small> &emsp; &emsp;--- 16 Oct 16:11:38 373 - Element is displayed:: [[ChromeDriver: chrome on WINDOWS (f13e28965fa158f0e1d9d20536755dd3)] -> xpath: //a/img[@alt='Login Image']|//button[@id='btn-login']]</small> </font> </div>
<div class="test-event"> <font color="maroon"> <small> &emsp; &emsp;--- 16 Oct 16:11:38 422 - Element is displayed:: [[ChromeDriver: chrome on WINDOWS (f13e28965fa158f0e1d9d20536755dd3)] -> xpath: //a/img[@alt='Login Image']|//button[@id='btn-login']]</small> </font> </div>
<div class="test-event"> <font color="maroon"> <small> &emsp; &emsp;--- 16 Oct 16:11:56 306 - Catched spinner load exception due to Expected condition failed: waiting for ICar.support.WaitUtils$4@636673a3 (tried for 15 second(s) with 500 milliseconds interval)</small> </font> </div>
<div class="test-event"> <font color="maroon"> <small> &emsp; &emsp;--- 16 Oct 16:11:56 306 - <b>15</b> - Spinner Load Wait: (Sync) - ICar.support.WaitUtils.waitForSpinner(WaitUtils.java:225)</small> </font> </div>
<div class="test-message">&emsp;2. Navigate to 'Login Page'</div>
<div class="test-message">&emsp;Successfully navigated to 'Login' Page&emsp;<a href=".\ScreenShot\ICar_B2B_TC021_62683722255400.png" target="_blank" >[ScreenShot]</a></div>
<div class="test-event"> <font color="maroon"> <small> &emsp; &emsp;--- 16 Oct 16:11:56 518 - Element is displayed:: [[ChromeDriver: chrome on WINDOWS (f13e28965fa158f0e1d9d20536755dd3)] -> id: username]</small> </font> </div>
<div class="test-event"> <font color="maroon"> <small> &emsp; &emsp;--- 16 Oct 16:11:56 568 - Element is displayed:: [[ChromeDriver: chrome on WINDOWS (f13e28965fa158f0e1d9d20536755dd3)] -> id: username]</small> </font> </div>
<div class="test-event"> <font color="maroon"> <small> &emsp; &emsp;--- 16 Oct 16:11:56 771 - Element is displayed:: [[ChromeDriver: chrome on WINDOWS (f13e28965fa158f0e1d9d20536755dd3)] -> id: password]</small> </font> </div>
<div class="test-event"> <font color="maroon"> <small> &emsp; &emsp;--- 16 Oct 16:11:56 949 - Element is displayed:: [[ChromeDriver: chrome on WINDOWS (f13e28965fa158f0e1d9d20536755dd3)] -> id: btn-login]</small> </font> </div>
<div class="test-event"> <font color="maroon"> <small> &emsp; &emsp;--- 16 Oct 16:12:00 349 - Catched spinner load exception due to Expected condition failed: waiting for ICar.support.WaitUtils$4@636673a3 (tried for 3 second(s) with 500 milliseconds interval)</small> </font> </div>
<div class="test-event"> <font color="maroon"> <small> &emsp; &emsp;--- 16 Oct 16:12:00 350 - <b>3</b> - Spinner Load Wait: (Sync) - ICar.support.WaitUtils.waitForSpinner(WaitUtils.java:225)</small> </font> </div>
<div class="test-event"> <font color="maroon"> <small> &emsp; &emsp;--- 16 Oct 16:12:22 426 - Catched spinner load exception due to Expected condition failed: waiting for ICar.support.WaitUtils$4@636673a3 (tried for 10 second(s) with 500 milliseconds interval)</small> </font> </div>
<div class="test-event"> <font color="maroon"> <small> &emsp; &emsp;--- 16 Oct 16:12:22 427 - <b>10</b> - Spinner Load Wait: (Sync) - ICar.support.WaitUtils.waitForSpinner(WaitUtils.java:225)</small> </font> </div>
<div class="test-event"> <font color="maroon"> <small> &emsp; &emsp;--- 16 Oct 16:12:22 497 - Element is displayed:: [[ChromeDriver: chrome on WINDOWS (f13e28965fa158f0e1d9d20536755dd3)] -> xpath: //button[@value='Launch My Learning']]</small> </font> </div>
<div class="test-message">&emsp;3. Enter the user credentials as : Angielex</div>
<div class="test-message">&emsp;Successfully navigated to 'User Home' Page&emsp;<a href=".\ScreenShot\ICar_B2B_TC021_62709910157500.png" target="_blank" >[ScreenShot]</a></div>
<div class="test-event"> <font color="maroon"> <small> &emsp; &emsp;--- 16 Oct 16:12:22 915 - Page URL:: https://www.icarstage.com/</small> </font> </div>
<div class="test-event"> <font color="maroon"> <small> &emsp; &emsp;--- 16 Oct 16:12:22 915 - <b>0</b> - Page Load Wait: (Sync) - ICar.support.Utils.waitForPageLoad(Utils.java:109)</small> </font> </div>
<div class="test-event"> <font color="maroon"> <small> &emsp; &emsp;--- 16 Oct 16:12:22 978 - Element is displayed:: [[ChromeDriver: chrome on WINDOWS (f13e28965fa158f0e1d9d20536755dd3)] -> xpath: //p[text()='Launch My Learning']]</small> </font> </div>
<div class="test-event"> <font color="maroon"> <small> &emsp; &emsp;--- 16 Oct 16:12:23 016 - Element is displayed:: [[ChromeDriver: chrome on WINDOWS (f13e28965fa158f0e1d9d20536755dd3)] -> xpath: //a[text()='My Training']]</small> </font> </div>
<div class="test-event"> <font color="maroon"> <small> &emsp; &emsp;--- 16 Oct 16:12:23 197 - Page URL:: https://www.icarstage.com/</small> </font> </div>
<div class="test-event"> <font color="maroon"> <small> &emsp; &emsp;--- 16 Oct 16:12:23 197 - <b>0</b> - Page Load Wait: (Sync) - ICar.support.Utils.waitForPageLoad(Utils.java:109)</small> </font> </div>
<div class="test-event"> <font color="maroon"> <small> &emsp; &emsp;--- 16 Oct 16:12:25 266 - Element is displayed:: [[ChromeDriver: chrome on WINDOWS (f13e28965fa158f0e1d9d20536755dd3)] -> xpath: //a[text()='My Training']]</small> </font> </div>
<div class="test-event"> <font color="maroon"> <small> &emsp; &emsp;--- 16 Oct 16:12:44 102 - Catched spinner load exception due to Expected condition failed: waiting for ICar.support.WaitUtils$4@636673a3 (tried for 15 second(s) with 500 milliseconds interval)</small> </font> </div>
<div class="test-event"> <font color="maroon"> <small> &emsp; &emsp;--- 16 Oct 16:12:44 102 - <b>15</b> - Spinner Load Wait: (Sync) - ICar.support.WaitUtils.waitForSpinner(WaitUtils.java:225)</small> </font> </div>
<div class="test-event"> <font color="maroon"> <small> &emsp; &emsp;--- 16 Oct 16:12:44 529 - Page URL:: https://www.icarstage.com/my-training</small> </font> </div>
<div class="test-event"> <font color="maroon"> <small> &emsp; &emsp;--- 16 Oct 16:12:44 529 - <b>0</b> - Page Load Wait: (Sync) - ICar.support.Utils.waitForPageLoad(Utils.java:109)</small> </font> </div>
<div class="test-event"> <font color="maroon"> <small> &emsp; &emsp;--- 16 Oct 16:12:44 647 - Element is displayed:: [[ChromeDriver: chrome on WINDOWS (f13e28965fa158f0e1d9d20536755dd3)] -> xpath: //span[@title='My Professional Development']]</small> </font> </div>
<div class="test-message">&emsp;4. Navigating to My Training Page</div>
<div class="test-message">&emsp;Successfully navigated to 'My Training' Page&emsp;<a href=".\ScreenShot\ICar_B2B_TC021_62732060009700.png" target="_blank" >[ScreenShot]</a></div>
<div class="test-message">&emsp;5. click on My Professional Development link</div>
<div class="test-event"> <font color="maroon"> <small> &emsp; &emsp;--- 16 Oct 16:12:44 907 - Element is displayed:: [[ChromeDriver: chrome on WINDOWS (f13e28965fa158f0e1d9d20536755dd3)] -> xpath: //span[@title='My Professional Development']]</small> </font> </div>
<div class="test-event"> <font color="maroon"> <small> &emsp; &emsp;--- 16 Oct 16:12:44 960 - Element is displayed:: [[ChromeDriver: chrome on WINDOWS (f13e28965fa158f0e1d9d20536755dd3)] -> xpath: //span[@title='My Professional Development']]</small> </font> </div>
<div class="test-message">&emsp;6. Updating the Learning Path with :Estimator;Non-Structural Technician</div>
<div class="test-event"> <font color="maroon"> <small> &emsp; &emsp;--- 16 Oct 16:12:45 090 - Element is displayed:: [[ChromeDriver: chrome on WINDOWS (f13e28965fa158f0e1d9d20536755dd3)] -> xpath: //span[text()='Non-Structural Technician']/preceding-sibling::span]</small> </font> </div>
<div class="test-event"> <font color="maroon"> <small> &emsp; &emsp;--- 16 Oct 16:12:45 141 - Element is displayed:: [[ChromeDriver: chrome on WINDOWS (f13e28965fa158f0e1d9d20536755dd3)] -> xpath: //span[text()='Estimator']/preceding-sibling::span]</small> </font> </div>
<div class="test-event"> <font color="maroon"> <small> &emsp; &emsp;--- 16 Oct 16:12:48 219 - Element is displayed:: [[ChromeDriver: chrome on WINDOWS (f13e28965fa158f0e1d9d20536755dd3)] -> xpath: //span[text()='Non-Structural Technician']/preceding-sibling::span]</small> </font> </div>
<div class="test-event"> <font color="maroon"> <small> &emsp; &emsp;--- 16 Oct 16:12:48 270 - Element is displayed:: [[ChromeDriver: chrome on WINDOWS (f13e28965fa158f0e1d9d20536755dd3)] -> xpath: //span[text()='Non-Structural Technician']/preceding-sibling::span]</small> </font> </div>
<div class="test-event"> <font color="maroon"> <small> &emsp; &emsp;--- 16 Oct 16:12:51 389 - Element is displayed:: [[ChromeDriver: chrome on WINDOWS (f13e28965fa158f0e1d9d20536755dd3)] -> xpath: //button[@title='Update Preference']]</small> </font> </div>
<div class="test-event"> <font color="maroon"> <small> &emsp; &emsp;--- 16 Oct 16:13:06 800 - Catched spinner load exception due to Expected condition failed: waiting for ICar.support.WaitUtils$4@636673a3 (tried for 15 second(s) with 500 milliseconds interval)</small> </font> </div>
<div class="test-event"> <font color="maroon"> <small> &emsp; &emsp;--- 16 Oct 16:13:06 800 - <b>15</b> - Spinner Load Wait: (Sync) - ICar.support.WaitUtils.waitForSpinner(WaitUtils.java:225)</small> </font> </div>
<div class="test-event"> <font color="maroon"> <small> &emsp; &emsp;--- 16 Oct 16:13:06 815 - Page URL:: https://www.icarstage.com/my-training</small> </font> </div>
<div class="test-event"> <font color="maroon"> <small> &emsp; &emsp;--- 16 Oct 16:13:06 815 - Page Load Wait </small> </font> </div>
<div class="test-event"> <font color="maroon"> <small> &emsp; &emsp;--- 16 Oct 16:13:15 106 - Catched spinner load exception due to Expected condition failed: waiting for ICar.support.WaitUtils$4@636673a3 (tried for 8 second(s) with 500 milliseconds interval)</small> </font> </div>
<div class="test-event"> <font color="maroon"> <small> &emsp; &emsp;--- 16 Oct 16:13:15 106 - <b>8</b> - Spinner Load Wait: (Sync) - ICar.support.WaitUtils.waitForSpinner(WaitUtils.java:225)</small> </font> </div>
<div class="test-event"> <font color="maroon"> <small> &emsp; &emsp;--- 16 Oct 16:13:15 167 - Element is displayed:: [[ChromeDriver: chrome on WINDOWS (f13e28965fa158f0e1d9d20536755dd3)] -> xpath: //span[@title='My Professional Development']]</small> </font> </div>
<div class="test-event"> <font color="maroon"> <small> &emsp; &emsp;--- 16 Oct 16:13:15 223 - Element is displayed:: [[ChromeDriver: chrome on WINDOWS (f13e28965fa158f0e1d9d20536755dd3)] -> xpath: //span[@title='My Professional Development']]</small> </font> </div>
<div class="test-message">&emsp;Successfully updated preference in 'My Training' Page&emsp;<a href=".\ScreenShot\ICar_B2B_TC021_62764720825300.png" target="_blank" >[ScreenShot]</a></div>
<div class="test-message">&emsp;7. click on My Knowledge skill link</div>
<div class="test-event"> <font color="maroon"> <small> &emsp; &emsp;--- 16 Oct 16:13:19 560 - Element is displayed:: [[ChromeDriver: chrome on WINDOWS (f13e28965fa158f0e1d9d20536755dd3)] -> xpath: //span[@title='My Knowledge and Skills Area']]</small> </font> </div>
<div class="test-message">&emsp;8. selecting the pending course Non-Structural Technician ProLevel 1,Select personal protection equipment</div>
<div class="test-event"> <font color="maroon"> <small> &emsp; &emsp;--- 16 Oct 16:13:20 648 - Catched spinner load exception due to Expected condition failed: waiting for ICar.support.WaitUtils$4@636673a3 (tried for 1 second(s) with 500 milliseconds interval)</small> </font> </div>
<div class="test-event"> <font color="maroon"> <small> &emsp; &emsp;--- 16 Oct 16:13:20 648 - <b>1</b> - Spinner Load Wait: (Sync) - ICar.support.WaitUtils.waitForSpinner(WaitUtils.java:225)</small> </font> </div>
<div class="test-event"> <font color="maroon"> <small> &emsp; &emsp;--- 16 Oct 16:13:39 248 - Element is displayed:: [[ChromeDriver: chrome on WINDOWS (f13e28965fa158f0e1d9d20536755dd3)] -> xpath: //div[@class='slds-accordion__content']//h2[@class='slds-accordion__summary-heading']/button]</small> </font> </div>
<div class="test-event"> <font color="maroon"> <small> &emsp; &emsp;--- 16 Oct 16:13:41 367 - Catched spinner load exception due to Expected condition failed: waiting for ICar.support.WaitUtils$4@636673a3 (tried for 2 second(s) with 500 milliseconds interval)</small> </font> </div>
<div class="test-event"> <font color="maroon"> <small> &emsp; &emsp;--- 16 Oct 16:13:41 367 - <b>2</b> - Spinner Load Wait: (Sync) - ICar.support.WaitUtils.waitForSpinner(WaitUtils.java:225)</small> </font> </div>
<div class="test-event"> <font color="maroon"> <small> &emsp; &emsp;--- 16 Oct 16:13:50 535 - Element is displayed:: [[ChromeDriver: chrome on WINDOWS (f13e28965fa158f0e1d9d20536755dd3)] -> xpath: //a[@class='padding-right']]</small> </font> </div>
<div class="test-message">&emsp;9. Select the check box in the training options pop up window and add to the cart :Working Safely Around Hazardous Materials</div>
<div class="test-event"> <font color="maroon"> <small> &emsp; &emsp;--- 16 Oct 16:13:56 919 - Page URL:: https://www.icarstage.com/my-training</small> </font> </div>
<div class="test-event"> <font color="maroon"> <small> &emsp; &emsp;--- 16 Oct 16:13:56 919 - <b>0</b> - Page Load Wait: (Sync) - ICar.support.Utils.waitForPageLoad(Utils.java:109)</small> </font> </div>
<div class="test-event"> <font color="maroon"> <small> &emsp; &emsp;--- 16 Oct 16:14:00 060 - Element is displayed:: [[ChromeDriver: chrome on WINDOWS (f13e28965fa158f0e1d9d20536755dd3)] -> xpath: //table/tbody//tr//td//div//span[@class='slds-checkbox']/input]</small> </font> </div>
<div class="test-event"> <font color="maroon"> <small> &emsp; &emsp;--- 16 Oct 16:14:05 184 - Element is displayed:: [[ChromeDriver: chrome on WINDOWS (f13e28965fa158f0e1d9d20536755dd3)] -> xpath: //button[contains(text(),'Add')]]</small> </font> </div>
<div class="test-event"> <font color="maroon"> <small> &emsp; &emsp;--- 16 Oct 16:14:07 731 - Element is displayed:: [[ChromeDriver: chrome on WINDOWS (f13e28965fa158f0e1d9d20536755dd3)] -> xpath: //slot[@name='message']]</small> </font> </div>
<div class="test-message">&emsp;Successfully added selected course to the cart : Working Safely Around Hazardous Materials&emsp;<a href=".\ScreenShot\ICar_B2B_TC021_62815161083400.png" target="_blank" >[ScreenShot]</a></div>
<div class="test-event"> <font color="maroon"> <small> &emsp; &emsp;--- 16 Oct 16:14:08 106 - Page URL:: https://www.icarstage.com/my-training</small> </font> </div>
<div class="test-event"> <font color="maroon"> <small> &emsp; &emsp;--- 16 Oct 16:14:08 106 - <b>0</b> - Page Load Wait: (Sync) - ICar.support.Utils.waitForPageLoad(Utils.java:109)</small> </font> </div>
<div class="test-event"> <font color="maroon"> <small> &emsp; &emsp;--- 16 Oct 16:14:08 159 - Element is displayed:: [[ChromeDriver: chrome on WINDOWS (f13e28965fa158f0e1d9d20536755dd3)] -> xpath: //p[text()='Launch My Learning']]</small> </font> </div>
<div class="test-event"> <font color="maroon"> <small> &emsp; &emsp;--- 16 Oct 16:14:28 330 - Catched spinner load exception due to Expected condition failed: waiting for ICar.support.WaitUtils$4@636673a3 (tried for 20 second(s) with 500 milliseconds interval)</small> </font> </div>
<div class="test-event"> <font color="maroon"> <small> &emsp; &emsp;--- 16 Oct 16:14:28 330 - <b>20</b> - Spinner Load Wait: (Sync) - ICar.support.WaitUtils.waitForSpinner(WaitUtils.java:225)</small> </font> </div>
<div class="test-event"> <font color="maroon"> <small> &emsp; &emsp;--- 16 Oct 16:14:28 385 - Element is displayed:: [[ChromeDriver: chrome on WINDOWS (f13e28965fa158f0e1d9d20536755dd3)] -> xpath: //div[@class='HeaderCart_Icon']/a]</small> </font> </div>
<div class="test-event"> <font color="maroon"> <small> &emsp; &emsp;--- 16 Oct 16:14:30 463 - Element is displayed:: [[ChromeDriver: chrome on WINDOWS (f13e28965fa158f0e1d9d20536755dd3)] -> xpath: //div[@class='HeaderCart_Icon']/a]</small> </font> </div>
<div class="test-event"> <font color="maroon"> <small> &emsp; &emsp;--- 16 Oct 16:14:50 465 - Catched spinner load exception due to Expected condition failed: waiting for ICar.support.WaitUtils$4@636673a3 (tried for 15 second(s) with 500 milliseconds interval)</small> </font> </div>
<div class="test-event"> <font color="maroon"> <small> &emsp; &emsp;--- 16 Oct 16:14:50 466 - <b>15</b> - Spinner Load Wait: (Sync) - ICar.support.WaitUtils.waitForSpinner(WaitUtils.java:225)</small> </font> </div>
<div class="test-event"> <font color="maroon"> <small> &emsp; &emsp;--- 16 Oct 16:14:50 563 - Page URL:: https://www.icarstage.com/cart</small> </font> </div>
<div class="test-event"> <font color="maroon"> <small> &emsp; &emsp;--- 16 Oct 16:14:50 563 - <b>0</b> - Page Load Wait: (Sync) - ICar.support.Utils.waitForPageLoad(Utils.java:109)</small> </font> </div>
<div class="test-event"> <font color="maroon"> <small> &emsp; &emsp;--- 16 Oct 16:14:50 618 - Element is displayed:: [[ChromeDriver: chrome on WINDOWS (f13e28965fa158f0e1d9d20536755dd3)] -> xpath: //button[text()='Continue to Checkout']]</small> </font> </div>
<div class="test-message">&emsp;8. click on My cart icon to navigate to My Cart Page</div>
<div class="test-message">&emsp;Successfully navigated to 'My Cart' Page&emsp;<a href=".\ScreenShot\ICar_B2B_TC021_62858030772300.png" target="_blank" >[ScreenShot]</a></div>
<div class="test-message">&emsp;9. Verify the added course gets displayed in the cart</div>
<div class="test-event"> <font color="maroon"> <small> &emsp; &emsp;--- 16 Oct 16:14:55 977 - Catched spinner load exception due to Expected condition failed: waiting for ICar.support.WaitUtils$4@636673a3 (tried for 5 second(s) with 500 milliseconds interval)</small> </font> </div>
<div class="test-event"> <font color="maroon"> <small> &emsp; &emsp;--- 16 Oct 16:14:55 977 - <b>5</b> - Spinner Load Wait: (Sync) - ICar.support.WaitUtils.waitForSpinner(WaitUtils.java:225)</small> </font> </div>
<div class="test-event"> <font color="maroon"> <small> &emsp; &emsp;--- 16 Oct 16:14:56 016 - Element is displayed:: [[ChromeDriver: chrome on WINDOWS (f13e28965fa158f0e1d9d20536755dd3)] -> xpath: //c-b2b_-cart-items[contains(@data-component-id,'b2b_CartItems-a')]//div[@class='left-width']//div[@data-label='LearningPlan']/div]</small> </font> </div>
<div class="test-message">&emsp;Successfully Verified the added course gets displayed in the cart&emsp;<a href=".\ScreenShot\ICar_B2B_TC021_62865487193700.png" target="_blank" >[ScreenShot]</a></div>
<div class="test-event"> <font color="maroon"> <small> &emsp; &emsp;--- 16 Oct 16:14:58 352 - Element is displayed:: [[ChromeDriver: chrome on WINDOWS (f13e28965fa158f0e1d9d20536755dd3)] -> xpath: //button[text()='Empty Cart']]</small> </font> </div>
<div class="test-event"> <font color="maroon"> <small> &emsp; &emsp;--- 16 Oct 16:15:00 452 - Element is displayed:: [[ChromeDriver: chrome on WINDOWS (f13e28965fa158f0e1d9d20536755dd3)] -> xpath: //button[text()='Empty Cart']]</small> </font> </div>
<div class="test-event"> <font color="maroon"> <small> &emsp; &emsp;--- 16 Oct 16:15:00 564 - Element is displayed:: [[ChromeDriver: chrome on WINDOWS (f13e28965fa158f0e1d9d20536755dd3)] -> xpath: //button[@title='Yes']]</small> </font> </div>
<div class="test-event"> <font color="maroon"> <small> &emsp; &emsp;--- 16 Oct 16:15:00 616 - Element is displayed:: [[ChromeDriver: chrome on WINDOWS (f13e28965fa158f0e1d9d20536755dd3)] -> xpath: //button[@title='Yes']]</small> </font> </div>
<div class="test-message">&emsp;successfully removed from cart</div>
<div class="test-result"><br><font color="green"><strong> Test Passed. </strong></font> </div>&emsp;
&emsp;<div class="test-title"> <strong><font size = "3" color = "#0000FF">---Test Execution Ends---</font> </strong> </div>&emsp;]]>
    </system-out>
  </testcase> <!-- ICar_B2B_TC021 -->
  <testcase classname="B2Btestscripts.B2B_Student" name="ICar_B2B_TC005" time="80.393">
    <error message="Index 0 out of bounds for length 0" type="java.lang.IndexOutOfBoundsException">
      <![CDATA[java.lang.IndexOutOfBoundsException: Index 0 out of bounds for length 0
at java.base/jdk.internal.util.Preconditions.outOfBounds(Preconditions.java:64)
at java.base/jdk.internal.util.Preconditions.outOfBoundsCheckIndex(Preconditions.java:70)
at java.base/jdk.internal.util.Preconditions.checkIndex(Preconditions.java:266)
at java.base/java.util.Objects.checkIndex(Objects.java:359)
at java.base/java.util.ArrayList.get(ArrayList.java:427)
at java.base/jdk.internal.reflect.NativeMethodAccessorImpl.invoke0(Native Method)
at java.base/jdk.internal.reflect.NativeMethodAccessorImpl.invoke(NativeMethodAccessorImpl.java:78)
at java.base/jdk.internal.reflect.DelegatingMethodAccessorImpl.invoke(DelegatingMethodAccessorImpl.java:43)
at java.base/java.lang.reflect.Method.invoke(Method.java:567)
at org.openqa.selenium.support.pagefactory.internal.LocatingElementListHandler.invoke(LocatingElementListHandler.java:39)
at jdk.proxy2/jdk.proxy2.$Proxy26.get(Unknown Source)
at ICar.Pages.MyProfilePage.isLoaded(MyProfilePage.java:140)
at org.openqa.selenium.support.ui.LoadableComponent.get(LoadableComponent.java:52)
at ICar.Pages.HeaderPage.navigatedToProfilePage(HeaderPage.java:180)
at B2Btestscripts.B2B_Student.ICar_B2B_TC005(B2B_Student.java:690)
at java.base/jdk.internal.reflect.NativeMethodAccessorImpl.invoke0(Native Method)
at java.base/jdk.internal.reflect.NativeMethodAccessorImpl.invoke(NativeMethodAccessorImpl.java:78)
at java.base/jdk.internal.reflect.DelegatingMethodAccessorImpl.invoke(DelegatingMethodAccessorImpl.java:43)
at java.base/java.lang.reflect.Method.invoke(Method.java:567)
at org.testng.internal.invokers.MethodInvocationHelper.invokeMethod(MethodInvocationHelper.java:139)
at org.testng.internal.invokers.TestInvoker.invokeMethod(TestInvoker.java:664)
at org.testng.internal.invokers.TestInvoker.invokeTestMethod(TestInvoker.java:227)
at org.testng.internal.invokers.TestMethodWithDataProviderMethodWorker.call(TestMethodWithDataProviderMethodWorker.java:80)
at org.testng.internal.invokers.TestMethodWithDataProviderMethodWorker.call(TestMethodWithDataProviderMethodWorker.java:17)
at java.base/java.util.concurrent.FutureTask.run(FutureTask.java:264)
at java.base/java.util.concurrent.Executors$RunnableAdapter.call(Executors.java:515)
at java.base/java.util.concurrent.FutureTask.run(FutureTask.java:264)
at java.base/java.util.concurrent.ThreadPoolExecutor.runWorker(ThreadPoolExecutor.java:1130)
at java.base/java.util.concurrent.ThreadPoolExecutor$Worker.run(ThreadPoolExecutor.java:630)
at java.base/java.lang.Thread.run(Thread.java:831)
]]>
    </error>
    <system-out>
      <![CDATA[<div class="test-event"> <font color="maroon"> <small> &emsp; &emsp;--- 16 Oct 15:34:50 029 - TestCaseID:: ICar_B2B_TC005</small> </font> </div>
<div class="test-event"> <font color="maroon"> <small> &emsp; &emsp;--- 16 Oct 15:34:51 383 - <b>1</b> - Driver::initialize::Get - ICar.support.WebDriverFactory.getDriver(WebDriverFactory.java:640)</small> </font> </div>
&emsp;<div class="test-title"> <strong><font size = "3" color = "#000080">Verify editing student profile details gets updated</font> </strong> </div>&emsp;<div><strong>Steps:</strong></div><!-- Report -->&emsp;
<div class="test-event"> <font color="maroon"> <small> &emsp; &emsp;--- 16 Oct 15:34:56 606 - Element is displayed:: [[ChromeDriver: chrome on WINDOWS (f54d3b0bea125443c2fb64120a36ef90)] -> xpath: //a/img[@alt='Login Image']|//button[@id='btn-login']]</small> </font> </div>
<div class="test-event"> <font color="maroon"> <small> &emsp; &emsp;--- 16 Oct 15:34:56 716 - Element is displayed:: [[ChromeDriver: chrome on WINDOWS (f54d3b0bea125443c2fb64120a36ef90)] -> xpath: //a/img[@alt='Login Image']|//button[@id='btn-login']]</small> </font> </div>
<div class="test-message">&emsp;Successfully navigated to 'Home' Page&emsp;<a href=".\ScreenShot\ICar_B2B_TC005_60464128911800.png" target="_blank" >[ScreenShot]</a></div>
<div class="test-message">&emsp;1. Home page is launched.</div>
<div class="test-event"> <font color="maroon"> <small> &emsp; &emsp;--- 16 Oct 15:34:57 128 - Page URL:: https://www.icarstage.com/</small> </font> </div>
<div class="test-event"> <font color="maroon"> <small> &emsp; &emsp;--- 16 Oct 15:34:57 128 - <b>0</b> - Page Load Wait: (Sync) - ICar.support.Utils.waitForPageLoad(Utils.java:109)</small> </font> </div>
<div class="test-event"> <font color="maroon"> <small> &emsp; &emsp;--- 16 Oct 15:34:57 185 - Element is displayed:: [[ChromeDriver: chrome on WINDOWS (f54d3b0bea125443c2fb64120a36ef90)] -> xpath: //a/img[@alt='Login Image']|//button[@id='btn-login']]</small> </font> </div>
<div class="test-event"> <font color="maroon"> <small> &emsp; &emsp;--- 16 Oct 15:34:57 302 - Element is displayed:: [[ChromeDriver: chrome on WINDOWS (f54d3b0bea125443c2fb64120a36ef90)] -> xpath: //a/img[@alt='Login Image']|//button[@id='btn-login']]</small> </font> </div>
<div class="test-event"> <font color="maroon"> <small> &emsp; &emsp;--- 16 Oct 15:35:15 886 - Catched spinner load exception due to Expected condition failed: waiting for ICar.support.WaitUtils$4@636673a3 (tried for 15 second(s) with 500 milliseconds interval)</small> </font> </div>
<div class="test-event"> <font color="maroon"> <small> &emsp; &emsp;--- 16 Oct 15:35:15 887 - <b>15</b> - Spinner Load Wait: (Sync) - ICar.support.WaitUtils.waitForSpinner(WaitUtils.java:225)</small> </font> </div>
<div class="test-message">&emsp;2. Navigate to 'Login Page'</div>
<div class="test-message">&emsp;Successfully navigated to 'Login' Page&emsp;<a href=".\ScreenShot\ICar_B2B_TC005_60483303169900.png" target="_blank" >[ScreenShot]</a></div>
<div class="test-event"> <font color="maroon"> <small> &emsp; &emsp;--- 16 Oct 15:35:16 083 - Element is displayed:: [[ChromeDriver: chrome on WINDOWS (f54d3b0bea125443c2fb64120a36ef90)] -> id: username]</small> </font> </div>
<div class="test-event"> <font color="maroon"> <small> &emsp; &emsp;--- 16 Oct 15:35:16 144 - Element is displayed:: [[ChromeDriver: chrome on WINDOWS (f54d3b0bea125443c2fb64120a36ef90)] -> id: username]</small> </font> </div>
<div class="test-event"> <font color="maroon"> <small> &emsp; &emsp;--- 16 Oct 15:35:16 388 - Element is displayed:: [[ChromeDriver: chrome on WINDOWS (f54d3b0bea125443c2fb64120a36ef90)] -> id: password]</small> </font> </div>
<div class="test-event"> <font color="maroon"> <small> &emsp; &emsp;--- 16 Oct 15:35:16 574 - Element is displayed:: [[ChromeDriver: chrome on WINDOWS (f54d3b0bea125443c2fb64120a36ef90)] -> id: btn-login]</small> </font> </div>
<div class="test-event"> <font color="maroon"> <small> &emsp; &emsp;--- 16 Oct 15:35:21 795 - Catched spinner load exception due to Expected condition failed: waiting for ICar.support.WaitUtils$4@636673a3 (tried for 3 second(s) with 500 milliseconds interval)</small> </font> </div>
<div class="test-event"> <font color="maroon"> <small> &emsp; &emsp;--- 16 Oct 15:35:21 795 - <b>5</b> - Spinner Load Wait: (Sync) - ICar.support.WaitUtils.waitForSpinner(WaitUtils.java:225)</small> </font> </div>
<div class="test-event"> <font color="maroon"> <small> &emsp; &emsp;--- 16 Oct 15:35:44 556 - Catched spinner load exception due to Expected condition failed: waiting for ICar.support.WaitUtils$4@636673a3 (tried for 10 second(s) with 500 milliseconds interval)</small> </font> </div>
<div class="test-event"> <font color="maroon"> <small> &emsp; &emsp;--- 16 Oct 15:35:44 557 - <b>10</b> - Spinner Load Wait: (Sync) - ICar.support.WaitUtils.waitForSpinner(WaitUtils.java:225)</small> </font> </div>
<div class="test-event"> <font color="maroon"> <small> &emsp; &emsp;--- 16 Oct 15:35:44 638 - Element is displayed:: [[ChromeDriver: chrome on WINDOWS (f54d3b0bea125443c2fb64120a36ef90)] -> xpath: //button[@value='Launch My Learning']]</small> </font> </div>
<div class="test-message">&emsp;3. Enter the user credentials as : Angielex</div>
<div class="test-message">&emsp;Successfully navigated to 'User Home' Page&emsp;<a href=".\ScreenShot\ICar_B2B_TC005_60512051456900.png" target="_blank" >[ScreenShot]</a></div>
<div class="test-message">&emsp;4. Navigate to Student profile</div>
<div class="test-event"> <font color="maroon"> <small> &emsp; &emsp;--- 16 Oct 15:35:45 002 - Page URL:: https://www.icarstage.com/</small> </font> </div>
<div class="test-event"> <font color="maroon"> <small> &emsp; &emsp;--- 16 Oct 15:35:45 002 - <b>0</b> - Page Load Wait: (Sync) - ICar.support.Utils.waitForPageLoad(Utils.java:109)</small> </font> </div>
<div class="test-event"> <font color="maroon"> <small> &emsp; &emsp;--- 16 Oct 15:35:45 061 - Element is displayed:: [[ChromeDriver: chrome on WINDOWS (f54d3b0bea125443c2fb64120a36ef90)] -> xpath: //p[text()='Launch My Learning']]</small> </font> </div>
<div class="test-event"> <font color="maroon"> <small> &emsp; &emsp;--- 16 Oct 15:35:45 104 - Element is displayed:: [[ChromeDriver: chrome on WINDOWS (f54d3b0bea125443c2fb64120a36ef90)] -> xpath: //lightning-layout[@class='left-margin slds-align_absolute-center slds-grid slds-grid_align-spread slds-wrap']//lightning-layout-item[2]//a]</small> </font> </div>
<div class="test-event"> <font color="maroon"> <small> &emsp; &emsp;--- 16 Oct 15:35:47 183 - Element is displayed:: [[ChromeDriver: chrome on WINDOWS (f54d3b0bea125443c2fb64120a36ef90)] -> xpath: //lightning-layout[@class='left-margin slds-align_absolute-center slds-grid slds-grid_align-spread slds-wrap']//lightning-layout-item[2]//a]</small> </font> </div>
<div class="test-event"> <font color="maroon"> <small> &emsp; &emsp;--- 16 Oct 15:35:47 300 - Element is displayed:: [[ChromeDriver: chrome on WINDOWS (f54d3b0bea125443c2fb64120a36ef90)] -> xpath: (//a[@class='NOVAMenu'])[1]]</small> </font> </div>
<div class="test-event"> <font color="maroon"> <small> &emsp; &emsp;--- 16 Oct 15:35:47 362 - Element is displayed:: [[ChromeDriver: chrome on WINDOWS (f54d3b0bea125443c2fb64120a36ef90)] -> xpath: (//a[@class='NOVAMenu'])[1]]</small> </font> </div>
<div class="test-event"> <font color="maroon"> <small> &emsp; &emsp;--- 16 Oct 15:36:04 351 - Catched spinner load exception due to Expected condition failed: waiting for ICar.support.WaitUtils$4@636673a3 (tried for 15 second(s) with 500 milliseconds interval)</small> </font> </div>
<div class="test-event"> <font color="maroon"> <small> &emsp; &emsp;--- 16 Oct 15:36:04 352 - <b>15</b> - Spinner Load Wait: (Sync) - ICar.support.WaitUtils.waitForSpinner(WaitUtils.java:225)</small> </font> </div>
<div class="test-event"> <font color="maroon"> <small> &emsp; &emsp;--- 16 Oct 15:36:04 495 - Page URL:: https://www.icarstage.com/myprofile</small> </font> </div>
<div class="test-event"> <font color="maroon"> <small> &emsp; &emsp;--- 16 Oct 15:36:04 496 - <b>0</b> - Page Load Wait: (Sync) - ICar.support.Utils.waitForPageLoad(Utils.java:109)</small> </font> </div>
<!--FAIL-->
<div class="test-result"><br><font color="red"><strong> Index 0 out of bounds for length 0 </strong></font> <a href=".\ScreenShot\ICar_B2B_TC005_60538390878100.png" target="_blank" >[ScreenShot]</a></div>&emsp;
&emsp;<div class="test-title"> <strong><font size = "3" color = "#0000FF">---Test Execution Ends---</font> </strong> </div>&emsp;]]>
    </system-out>
  </testcase> <!-- ICar_B2B_TC005 -->
  <testcase classname="B2Btestscripts.B2B_Student" name="ICar_B2B_TC020" time="74.071">
    <system-out>
      <![CDATA[<div class="test-event"> <font color="maroon"> <small> &emsp; &emsp;--- 16 Oct 16:10:14 075 - TestCaseID:: ICar_B2B_TC020</small> </font> </div>
<div class="test-event"> <font color="maroon"> <small> &emsp; &emsp;--- 16 Oct 16:10:15 133 - <b>1</b> - Driver::initialize::Get - ICar.support.WebDriverFactory.getDriver(WebDriverFactory.java:640)</small> </font> </div>
&emsp;<div class="test-title"> <strong><font size = "3" color = "#000080">Verify My Professional Development details</font> </strong> </div>&emsp;<div><strong>Steps:</strong></div><!-- Report -->&emsp;
<div class="test-event"> <font color="maroon"> <small> &emsp; &emsp;--- 16 Oct 16:10:21 382 - Element is displayed:: [[ChromeDriver: chrome on WINDOWS (88553562c5f52261cc1bf215a94dc73e)] -> xpath: //a/img[@alt='Login Image']|//button[@id='btn-login']]</small> </font> </div>
<div class="test-event"> <font color="maroon"> <small> &emsp; &emsp;--- 16 Oct 16:10:21 511 - Element is displayed:: [[ChromeDriver: chrome on WINDOWS (88553562c5f52261cc1bf215a94dc73e)] -> xpath: //a/img[@alt='Login Image']|//button[@id='btn-login']]</small> </font> </div>
<div class="test-message">&emsp;Successfully navigated to 'Home' Page&emsp;<a href=".\ScreenShot\ICar_B2B_TC020_62588923844400.png" target="_blank" >[ScreenShot]</a></div>
<div class="test-message">&emsp;1. Home page is launched.</div>
<div class="test-event"> <font color="maroon"> <small> &emsp; &emsp;--- 16 Oct 16:10:21 866 - Page URL:: https://www.icarstage.com/</small> </font> </div>
<div class="test-event"> <font color="maroon"> <small> &emsp; &emsp;--- 16 Oct 16:10:21 866 - <b>0</b> - Page Load Wait: (Sync) - ICar.support.Utils.waitForPageLoad(Utils.java:109)</small> </font> </div>
<div class="test-event"> <font color="maroon"> <small> &emsp; &emsp;--- 16 Oct 16:10:21 902 - Element is displayed:: [[ChromeDriver: chrome on WINDOWS (88553562c5f52261cc1bf215a94dc73e)] -> xpath: //a/img[@alt='Login Image']|//button[@id='btn-login']]</small> </font> </div>
<div class="test-event"> <font color="maroon"> <small> &emsp; &emsp;--- 16 Oct 16:10:21 954 - Element is displayed:: [[ChromeDriver: chrome on WINDOWS (88553562c5f52261cc1bf215a94dc73e)] -> xpath: //a/img[@alt='Login Image']|//button[@id='btn-login']]</small> </font> </div>
<div class="test-event"> <font color="maroon"> <small> &emsp; &emsp;--- 16 Oct 16:10:39 819 - Catched spinner load exception due to Expected condition failed: waiting for ICar.support.WaitUtils$4@636673a3 (tried for 15 second(s) with 500 milliseconds interval)</small> </font> </div>
<div class="test-event"> <font color="maroon"> <small> &emsp; &emsp;--- 16 Oct 16:10:39 819 - <b>15</b> - Spinner Load Wait: (Sync) - ICar.support.WaitUtils.waitForSpinner(WaitUtils.java:225)</small> </font> </div>
<div class="test-message">&emsp;2. Navigate to 'Login Page'</div>
<div class="test-message">&emsp;Successfully navigated to 'Login' Page&emsp;<a href=".\ScreenShot\ICar_B2B_TC020_62607234773900.png" target="_blank" >[ScreenShot]</a></div>
<div class="test-event"> <font color="maroon"> <small> &emsp; &emsp;--- 16 Oct 16:10:40 019 - Element is displayed:: [[ChromeDriver: chrome on WINDOWS (88553562c5f52261cc1bf215a94dc73e)] -> id: username]</small> </font> </div>
<div class="test-event"> <font color="maroon"> <small> &emsp; &emsp;--- 16 Oct 16:10:40 069 - Element is displayed:: [[ChromeDriver: chrome on WINDOWS (88553562c5f52261cc1bf215a94dc73e)] -> id: username]</small> </font> </div>
<div class="test-event"> <font color="maroon"> <small> &emsp; &emsp;--- 16 Oct 16:10:40 271 - Element is displayed:: [[ChromeDriver: chrome on WINDOWS (88553562c5f52261cc1bf215a94dc73e)] -> id: password]</small> </font> </div>
<div class="test-event"> <font color="maroon"> <small> &emsp; &emsp;--- 16 Oct 16:10:40 452 - Element is displayed:: [[ChromeDriver: chrome on WINDOWS (88553562c5f52261cc1bf215a94dc73e)] -> id: btn-login]</small> </font> </div>
<div class="test-event"> <font color="maroon"> <small> &emsp; &emsp;--- 16 Oct 16:10:45 082 - Catched spinner load exception due to Expected condition failed: waiting for ICar.support.WaitUtils$4@636673a3 (tried for 3 second(s) with 500 milliseconds interval)</small> </font> </div>
<div class="test-event"> <font color="maroon"> <small> &emsp; &emsp;--- 16 Oct 16:10:45 082 - <b>4</b> - Spinner Load Wait: (Sync) - ICar.support.WaitUtils.waitForSpinner(WaitUtils.java:225)</small> </font> </div>
<div class="test-event"> <font color="maroon"> <small> &emsp; &emsp;--- 16 Oct 16:11:07 774 - Catched spinner load exception due to Expected condition failed: waiting for ICar.support.WaitUtils$4@636673a3 (tried for 10 second(s) with 500 milliseconds interval)</small> </font> </div>
<div class="test-event"> <font color="maroon"> <small> &emsp; &emsp;--- 16 Oct 16:11:07 774 - <b>10</b> - Spinner Load Wait: (Sync) - ICar.support.WaitUtils.waitForSpinner(WaitUtils.java:225)</small> </font> </div>
<div class="test-event"> <font color="maroon"> <small> &emsp; &emsp;--- 16 Oct 16:11:07 851 - Element is displayed:: [[ChromeDriver: chrome on WINDOWS (88553562c5f52261cc1bf215a94dc73e)] -> xpath: //button[@value='Launch My Learning']]</small> </font> </div>
<div class="test-message">&emsp;3. Enter the user credentials</div>
<div class="test-message">&emsp;Successfully navigated to 'User Home' Page&emsp;<a href=".\ScreenShot\ICar_B2B_TC020_62635263857200.png" target="_blank" >[ScreenShot]</a></div>
<div class="test-message">&emsp;4. Navigate to My Training link</div>
<div class="test-event"> <font color="maroon"> <small> &emsp; &emsp;--- 16 Oct 16:11:08 188 - Page URL:: https://www.icarstage.com/</small> </font> </div>
<div class="test-event"> <font color="maroon"> <small> &emsp; &emsp;--- 16 Oct 16:11:08 188 - <b>0</b> - Page Load Wait: (Sync) - ICar.support.Utils.waitForPageLoad(Utils.java:109)</small> </font> </div>
<div class="test-event"> <font color="maroon"> <small> &emsp; &emsp;--- 16 Oct 16:11:08 242 - Element is displayed:: [[ChromeDriver: chrome on WINDOWS (88553562c5f52261cc1bf215a94dc73e)] -> xpath: //p[text()='Launch My Learning']]</small> </font> </div>
<div class="test-event"> <font color="maroon"> <small> &emsp; &emsp;--- 16 Oct 16:11:08 280 - Element is displayed:: [[ChromeDriver: chrome on WINDOWS (88553562c5f52261cc1bf215a94dc73e)] -> xpath: //a[text()='My Training']]</small> </font> </div>
<div class="test-event"> <font color="maroon"> <small> &emsp; &emsp;--- 16 Oct 16:11:08 438 - Page URL:: https://www.icarstage.com/</small> </font> </div>
<div class="test-event"> <font color="maroon"> <small> &emsp; &emsp;--- 16 Oct 16:11:08 438 - <b>0</b> - Page Load Wait: (Sync) - ICar.support.Utils.waitForPageLoad(Utils.java:109)</small> </font> </div>
<div class="test-event"> <font color="maroon"> <small> &emsp; &emsp;--- 16 Oct 16:11:10 521 - Element is displayed:: [[ChromeDriver: chrome on WINDOWS (88553562c5f52261cc1bf215a94dc73e)] -> xpath: //a[text()='My Training']]</small> </font> </div>
<div class="test-event"> <font color="maroon"> <small> &emsp; &emsp;--- 16 Oct 16:11:27 805 - Catched spinner load exception due to Expected condition failed: waiting for ICar.support.WaitUtils$4@636673a3 (tried for 15 second(s) with 500 milliseconds interval)</small> </font> </div>
<div class="test-event"> <font color="maroon"> <small> &emsp; &emsp;--- 16 Oct 16:11:27 805 - <b>15</b> - Spinner Load Wait: (Sync) - ICar.support.WaitUtils.waitForSpinner(WaitUtils.java:225)</small> </font> </div>
<div class="test-event"> <font color="maroon"> <small> &emsp; &emsp;--- 16 Oct 16:11:27 997 - Page URL:: https://www.icarstage.com/my-training</small> </font> </div>
<div class="test-event"> <font color="maroon"> <small> &emsp; &emsp;--- 16 Oct 16:11:27 997 - <b>0</b> - Page Load Wait: (Sync) - ICar.support.Utils.waitForPageLoad(Utils.java:109)</small> </font> </div>
<div class="test-event"> <font color="maroon"> <small> &emsp; &emsp;--- 16 Oct 16:11:28 052 - Element is displayed:: [[ChromeDriver: chrome on WINDOWS (88553562c5f52261cc1bf215a94dc73e)] -> xpath: //span[@title='My Professional Development']]</small> </font> </div>
<div class="test-message">&emsp;5. Click on the 'My Professional Development' </div>
<div class="test-event"> <font color="maroon"> <small> &emsp; &emsp;--- 16 Oct 16:11:28 104 - Element is displayed:: [[ChromeDriver: chrome on WINDOWS (88553562c5f52261cc1bf215a94dc73e)] -> xpath: //span[@title='My Professional Development']]</small> </font> </div>
<div class="test-event"> <font color="maroon"> <small> &emsp; &emsp;--- 16 Oct 16:11:28 158 - Element is displayed:: [[ChromeDriver: chrome on WINDOWS (88553562c5f52261cc1bf215a94dc73e)] -> xpath: //span[@title='My Professional Development']]</small> </font> </div>
<div class="test-message">&emsp;Successfully displayed 'My Professional development' details&emsp;<a href=".\ScreenShot\ICar_B2B_TC020_62655762808900.png" target="_blank" >[ScreenShot]</a></div>
<div class="test-result"><br><font color="green"><strong> Test Passed. </strong></font> </div>&emsp;
&emsp;<div class="test-title"> <strong><font size = "3" color = "#0000FF">---Test Execution Ends---</font> </strong> </div>&emsp;]]>
    </system-out>
  </testcase> <!-- ICar_B2B_TC020 -->
  <testcase classname="B2Btestscripts.B2B_Student" name="ICar_B2B_TC016" time="477.288">
    <error message="Success meesage not found in page!!" type="java.lang.Exception">
      <![CDATA[java.lang.Exception: Success meesage not found in page!!
at ICar.support.BrowserActions.getText(BrowserActions.java:351)
at ICar.Pages.CartPage.verifyTheMSG(CartPage.java:737)
at B2Btestscripts.B2B_Student.ICar_B2B_TC016(B2B_Student.java:803)
at java.base/jdk.internal.reflect.NativeMethodAccessorImpl.invoke0(Native Method)
at java.base/jdk.internal.reflect.NativeMethodAccessorImpl.invoke(NativeMethodAccessorImpl.java:78)
at java.base/jdk.internal.reflect.DelegatingMethodAccessorImpl.invoke(DelegatingMethodAccessorImpl.java:43)
at java.base/java.lang.reflect.Method.invoke(Method.java:567)
at org.testng.internal.invokers.MethodInvocationHelper.invokeMethod(MethodInvocationHelper.java:139)
at org.testng.internal.invokers.TestInvoker.invokeMethod(TestInvoker.java:664)
at org.testng.internal.invokers.TestInvoker.invokeTestMethod(TestInvoker.java:227)
at org.testng.internal.invokers.TestMethodWithDataProviderMethodWorker.call(TestMethodWithDataProviderMethodWorker.java:80)
at org.testng.internal.invokers.TestMethodWithDataProviderMethodWorker.call(TestMethodWithDataProviderMethodWorker.java:17)
at java.base/java.util.concurrent.FutureTask.run(FutureTask.java:264)
at java.base/java.util.concurrent.Executors$RunnableAdapter.call(Executors.java:515)
at java.base/java.util.concurrent.FutureTask.run(FutureTask.java:264)
at java.base/java.util.concurrent.ThreadPoolExecutor.runWorker(ThreadPoolExecutor.java:1130)
at java.base/java.util.concurrent.ThreadPoolExecutor$Worker.run(ThreadPoolExecutor.java:630)
at java.base/java.lang.Thread.run(Thread.java:831)
]]>
    </error>
    <system-out>
      <![CDATA[<div class="test-event"> <font color="maroon"> <small> &emsp; &emsp;--- 16 Oct 15:55:39 290 - TestCaseID:: ICar_B2B_TC016</small> </font> </div>
<div class="test-event"> <font color="maroon"> <small> &emsp; &emsp;--- 16 Oct 15:55:40 491 - <b>1</b> - Driver::initialize::Get - ICar.support.WebDriverFactory.getDriver(WebDriverFactory.java:640)</small> </font> </div>
&emsp;<div class="test-title"> <strong><font size = "3" color = "#000080">Verify Ability to remove course from shopping cart</font> </strong> </div>&emsp;<div><strong>Steps:</strong></div><!-- Report -->&emsp;
<div class="test-event"> <font color="maroon"> <small> &emsp; &emsp;--- 16 Oct 15:55:46 647 - Element is displayed:: [[ChromeDriver: chrome on WINDOWS (af775c49c6c3974ef76c21230384b52a)] -> xpath: //a/img[@alt='Login Image']|//button[@id='btn-login']]</small> </font> </div>
<div class="test-event"> <font color="maroon"> <small> &emsp; &emsp;--- 16 Oct 15:55:46 701 - Element is displayed:: [[ChromeDriver: chrome on WINDOWS (af775c49c6c3974ef76c21230384b52a)] -> xpath: //a/img[@alt='Login Image']|//button[@id='btn-login']]</small> </font> </div>
<div class="test-message">&emsp;Successfully navigated to 'Home' Page&emsp;<a href=".\ScreenShot\ICar_B2B_TC016_61714113481100.png" target="_blank" >[ScreenShot]</a></div>
<div class="test-message">&emsp;1. Home page is launched.</div>
<div class="test-event"> <font color="maroon"> <small> &emsp; &emsp;--- 16 Oct 15:55:47 100 - Page URL:: https://www.icarstage.com/</small> </font> </div>
<div class="test-event"> <font color="maroon"> <small> &emsp; &emsp;--- 16 Oct 15:55:47 100 - <b>0</b> - Page Load Wait: (Sync) - ICar.support.Utils.waitForPageLoad(Utils.java:109)</small> </font> </div>
<div class="test-event"> <font color="maroon"> <small> &emsp; &emsp;--- 16 Oct 15:55:47 149 - Element is displayed:: [[ChromeDriver: chrome on WINDOWS (af775c49c6c3974ef76c21230384b52a)] -> xpath: //a/img[@alt='Login Image']|//button[@id='btn-login']]</small> </font> </div>
<div class="test-event"> <font color="maroon"> <small> &emsp; &emsp;--- 16 Oct 15:55:47 241 - Element is displayed:: [[ChromeDriver: chrome on WINDOWS (af775c49c6c3974ef76c21230384b52a)] -> xpath: //a/img[@alt='Login Image']|//button[@id='btn-login']]</small> </font> </div>
<div class="test-event"> <font color="maroon"> <small> &emsp; &emsp;--- 16 Oct 15:56:05 493 - Catched spinner load exception due to Expected condition failed: waiting for ICar.support.WaitUtils$4@636673a3 (tried for 15 second(s) with 500 milliseconds interval)</small> </font> </div>
<div class="test-event"> <font color="maroon"> <small> &emsp; &emsp;--- 16 Oct 15:56:05 493 - <b>15</b> - Spinner Load Wait: (Sync) - ICar.support.WaitUtils.waitForSpinner(WaitUtils.java:225)</small> </font> </div>
<div class="test-message">&emsp;2. Navigate to 'Login Page'</div>
<div class="test-message">&emsp;Successfully navigated to 'Login' Page&emsp;<a href=".\ScreenShot\ICar_B2B_TC016_61732909823900.png" target="_blank" >[ScreenShot]</a></div>
<div class="test-event"> <font color="maroon"> <small> &emsp; &emsp;--- 16 Oct 15:56:05 739 - Element is displayed:: [[ChromeDriver: chrome on WINDOWS (af775c49c6c3974ef76c21230384b52a)] -> id: username]</small> </font> </div>
<div class="test-event"> <font color="maroon"> <small> &emsp; &emsp;--- 16 Oct 15:56:05 838 - Element is displayed:: [[ChromeDriver: chrome on WINDOWS (af775c49c6c3974ef76c21230384b52a)] -> id: username]</small> </font> </div>
<div class="test-event"> <font color="maroon"> <small> &emsp; &emsp;--- 16 Oct 15:56:06 057 - Element is displayed:: [[ChromeDriver: chrome on WINDOWS (af775c49c6c3974ef76c21230384b52a)] -> id: password]</small> </font> </div>
<div class="test-event"> <font color="maroon"> <small> &emsp; &emsp;--- 16 Oct 15:56:06 532 - Element is displayed:: [[ChromeDriver: chrome on WINDOWS (af775c49c6c3974ef76c21230384b52a)] -> id: btn-login]</small> </font> </div>
<div class="test-event"> <font color="maroon"> <small> &emsp; &emsp;--- 16 Oct 15:56:12 180 - Catched spinner load exception due to Expected condition failed: waiting for ICar.support.WaitUtils$4@636673a3 (tried for 3 second(s) with 500 milliseconds interval)</small> </font> </div>
<div class="test-event"> <font color="maroon"> <small> &emsp; &emsp;--- 16 Oct 15:56:12 181 - <b>5</b> - Spinner Load Wait: (Sync) - ICar.support.WaitUtils.waitForSpinner(WaitUtils.java:225)</small> </font> </div>
<div class="test-event"> <font color="maroon"> <small> &emsp; &emsp;--- 16 Oct 15:56:37 088 - Catched spinner load exception due to Expected condition failed: waiting for ICar.support.WaitUtils$4@636673a3 (tried for 10 second(s) with 500 milliseconds interval)</small> </font> </div>
<div class="test-event"> <font color="maroon"> <small> &emsp; &emsp;--- 16 Oct 15:56:37 088 - <b>10</b> - Spinner Load Wait: (Sync) - ICar.support.WaitUtils.waitForSpinner(WaitUtils.java:225)</small> </font> </div>
<div class="test-event"> <font color="maroon"> <small> &emsp; &emsp;--- 16 Oct 15:56:37 158 - Element is displayed:: [[ChromeDriver: chrome on WINDOWS (af775c49c6c3974ef76c21230384b52a)] -> xpath: //button[@value='Launch My Learning']]</small> </font> </div>
<div class="test-message">&emsp;3. Enter the user credentials as : Angielex</div>
<div class="test-message">&emsp;Successfully navigated to 'User Home' Page&emsp;<a href=".\ScreenShot\ICar_B2B_TC016_61764570331100.png" target="_blank" >[ScreenShot]</a></div>
<div class="test-message">&emsp;4. Click on link to navigate to 'Browser catalog' and add course to the cart</div>
<div class="test-event"> <font color="maroon"> <small> &emsp; &emsp;--- 16 Oct 15:56:37 762 - Page URL:: https://www.icarstage.com/</small> </font> </div>
<div class="test-event"> <font color="maroon"> <small> &emsp; &emsp;--- 16 Oct 15:56:37 763 - <b>0</b> - Page Load Wait: (Sync) - ICar.support.Utils.waitForPageLoad(Utils.java:109)</small> </font> </div>
<div class="test-event"> <font color="maroon"> <small> &emsp; &emsp;--- 16 Oct 15:56:37 833 - Element is displayed:: [[ChromeDriver: chrome on WINDOWS (af775c49c6c3974ef76c21230384b52a)] -> xpath: //p[text()='Launch My Learning']]</small> </font> </div>
<div class="test-event"> <font color="maroon"> <small> &emsp; &emsp;--- 16 Oct 15:56:37 998 - Page URL:: https://www.icarstage.com/</small> </font> </div>
<div class="test-event"> <font color="maroon"> <small> &emsp; &emsp;--- 16 Oct 15:56:37 998 - <b>0</b> - Page Load Wait: (Sync) - ICar.support.Utils.waitForPageLoad(Utils.java:109)</small> </font> </div>
<div class="test-event"> <font color="maroon"> <small> &emsp; &emsp;--- 16 Oct 15:56:52 475 - Catched spinner load exception due to Expected condition failed: waiting for ICar.support.WaitUtils$4@636673a3 (tried for 14 second(s) with 500 milliseconds interval)</small> </font> </div>
<div class="test-event"> <font color="maroon"> <small> &emsp; &emsp;--- 16 Oct 15:56:52 475 - <b>14</b> - Spinner Load Wait: (Sync) - ICar.support.WaitUtils.waitForSpinner(WaitUtils.java:225)</small> </font> </div>
<div class="test-event"> <font color="maroon"> <small> &emsp; &emsp;--- 16 Oct 15:56:52 528 - Element is displayed:: [[ChromeDriver: chrome on WINDOWS (af775c49c6c3974ef76c21230384b52a)] -> xpath: //a[text()='Browse Catalog']]</small> </font> </div>
<div class="test-event"> <font color="maroon"> <small> &emsp; &emsp;--- 16 Oct 15:56:52 584 - Element is displayed:: [[ChromeDriver: chrome on WINDOWS (af775c49c6c3974ef76c21230384b52a)] -> xpath: //a[text()='Browse Catalog']]</small> </font> </div>
<div class="test-event"> <font color="maroon"> <small> &emsp; &emsp;--- 16 Oct 15:56:57 388 - Page URL:: https://www.icarstage.com/browse</small> </font> </div>
<div class="test-event"> <font color="maroon"> <small> &emsp; &emsp;--- 16 Oct 15:56:57 388 - <b>0</b> - Page Load Wait: (Sync) - ICar.support.Utils.waitForPageLoad(Utils.java:109)</small> </font> </div>
<div class="test-event"> <font color="maroon"> <small> &emsp; &emsp;--- 16 Oct 15:57:12 489 - Catched spinner load exception due to Expected condition failed: waiting for ICar.support.WaitUtils$4@636673a3 (tried for 15 second(s) with 500 milliseconds interval)</small> </font> </div>
<div class="test-event"> <font color="maroon"> <small> &emsp; &emsp;--- 16 Oct 15:57:12 489 - Spinner Load Wait</small> </font> </div>
<div class="test-event"> <font color="maroon"> <small> &emsp; &emsp;--- 16 Oct 15:57:12 521 - Element is displayed:: [[ChromeDriver: chrome on WINDOWS (af775c49c6c3974ef76c21230384b52a)] -> xpath: //article[contains(@class,'slds-box card-layout-grid mobile-margin padding-bottom')]]</small> </font> </div>
<div class="test-event"> <font color="maroon"> <small> &emsp; &emsp;--- 16 Oct 15:57:19 807 - Catched spinner load exception due to Expected condition failed: waiting for ICar.support.WaitUtils$4@636673a3 (tried for 7 second(s) with 500 milliseconds interval)</small> </font> </div>
<div class="test-event"> <font color="maroon"> <small> &emsp; &emsp;--- 16 Oct 15:57:19 807 - <b>7</b> - Spinner Load Wait: (Sync) - ICar.support.WaitUtils.waitForSpinner(WaitUtils.java:225)</small> </font> </div>
<div class="test-event"> <font color="maroon"> <small> &emsp; &emsp;--- 16 Oct 15:58:03 744 - Element is displayed:: [[ChromeDriver: chrome on WINDOWS (af775c49c6c3974ef76c21230384b52a)] -> xpath: //a[@class='custom-name slds-p-vertical_small']]</small> </font> </div>
<div class="test-event"> <font color="maroon"> <small> &emsp; &emsp;--- 16 Oct 15:58:05 800 - Page URL:: https://www.icarstage.com/product/aluminum-gma-welding-theory/01tdi000007teqsia2</small> </font> </div>
<div class="test-event"> <font color="maroon"> <small> &emsp; &emsp;--- 16 Oct 15:58:05 800 - <b>0</b> - Page Load Wait: (Sync) - ICar.support.Utils.waitForPageLoad(Utils.java:109)</small> </font> </div>
<div class="test-event"> <font color="maroon"> <small> &emsp; &emsp;--- 16 Oct 15:58:08 869 - Element is displayed:: [[ChromeDriver: chrome on WINDOWS (af775c49c6c3974ef76c21230384b52a)] -> xpath: //button[text()='Add to Cart']]</small> </font> </div>
<div class="test-event"> <font color="maroon"> <small> &emsp; &emsp;--- 16 Oct 15:58:11 002 - Element is displayed:: [[ChromeDriver: chrome on WINDOWS (af775c49c6c3974ef76c21230384b52a)] -> xpath: //button[text()='Add to Cart']]</small> </font> </div>
<div class="test-event"> <font color="maroon"> <small> &emsp; &emsp;--- 16 Oct 15:58:14 258 - Element is displayed:: [[ChromeDriver: chrome on WINDOWS (af775c49c6c3974ef76c21230384b52a)] -> xpath: //slot[@name='message']]</small> </font> </div>
<div class="test-message">&emsp;Success message displayed on adding the course: Aluminum GMA Welding Theory to the cart&emsp;<a href=".\ScreenShot\ICar_B2B_TC016_61861683196400.png" target="_blank" >[ScreenShot]</a></div>
<div class="test-event"> <font color="maroon"> <small> &emsp; &emsp;--- 16 Oct 15:58:14 616 - Page URL:: https://www.icarstage.com/product/aluminum-gma-welding-theory/01tdi000007teqsia2</small> </font> </div>
<div class="test-event"> <font color="maroon"> <small> &emsp; &emsp;--- 16 Oct 15:58:14 617 - <b>0</b> - Page Load Wait: (Sync) - ICar.support.Utils.waitForPageLoad(Utils.java:109)</small> </font> </div>
<div class="test-event"> <font color="maroon"> <small> &emsp; &emsp;--- 16 Oct 15:58:14 675 - Element is displayed:: [[ChromeDriver: chrome on WINDOWS (af775c49c6c3974ef76c21230384b52a)] -> xpath: //p[text()='Launch My Learning']]</small> </font> </div>
<div class="test-event"> <font color="maroon"> <small> &emsp; &emsp;--- 16 Oct 15:58:34 998 - Catched spinner load exception due to Expected condition failed: waiting for ICar.support.WaitUtils$4@636673a3 (tried for 20 second(s) with 500 milliseconds interval)</small> </font> </div>
<div class="test-event"> <font color="maroon"> <small> &emsp; &emsp;--- 16 Oct 15:58:34 998 - <b>20</b> - Spinner Load Wait: (Sync) - ICar.support.WaitUtils.waitForSpinner(WaitUtils.java:225)</small> </font> </div>
<div class="test-event"> <font color="maroon"> <small> &emsp; &emsp;--- 16 Oct 15:58:35 040 - Element is displayed:: [[ChromeDriver: chrome on WINDOWS (af775c49c6c3974ef76c21230384b52a)] -> xpath: //div[@class='HeaderCart_Icon']/a]</small> </font> </div>
<div class="test-event"> <font color="maroon"> <small> &emsp; &emsp;--- 16 Oct 15:58:37 130 - Element is displayed:: [[ChromeDriver: chrome on WINDOWS (af775c49c6c3974ef76c21230384b52a)] -> xpath: //div[@class='HeaderCart_Icon']/a]</small> </font> </div>
<div class="test-event"> <font color="maroon"> <small> &emsp; &emsp;--- 16 Oct 15:58:58 102 - Catched spinner load exception due to Expected condition failed: waiting for ICar.support.WaitUtils$4@636673a3 (tried for 15 second(s) with 500 milliseconds interval)</small> </font> </div>
<div class="test-event"> <font color="maroon"> <small> &emsp; &emsp;--- 16 Oct 15:58:58 102 - <b>15</b> - Spinner Load Wait: (Sync) - ICar.support.WaitUtils.waitForSpinner(WaitUtils.java:225)</small> </font> </div>
<div class="test-event"> <font color="maroon"> <small> &emsp; &emsp;--- 16 Oct 15:58:58 204 - Page URL:: https://www.icarstage.com/cart</small> </font> </div>
<div class="test-event"> <font color="maroon"> <small> &emsp; &emsp;--- 16 Oct 15:58:58 204 - <b>0</b> - Page Load Wait: (Sync) - ICar.support.Utils.waitForPageLoad(Utils.java:109)</small> </font> </div>
<div class="test-event"> <font color="maroon"> <small> &emsp; &emsp;--- 16 Oct 15:58:58 261 - Element is displayed:: [[ChromeDriver: chrome on WINDOWS (af775c49c6c3974ef76c21230384b52a)] -> xpath: //button[text()='Continue to Checkout']]</small> </font> </div>
<div class="test-message">&emsp;5. Click on My cart icon to navigate to My Cart Page</div>
<div class="test-message">&emsp;Successfully navigated to 'My Cart' Page&emsp;<a href=".\ScreenShot\ICar_B2B_TC016_61905672854000.png" target="_blank" >[ScreenShot]</a></div>
<div class="test-message">&emsp;5. click on remove button to remove the added course from cart</div>
<div class="test-event"> <font color="maroon"> <small> &emsp; &emsp;--- 16 Oct 15:59:01 523 - Catched spinner load exception due to Expected condition failed: waiting for ICar.support.WaitUtils$4@636673a3 (tried for 3 second(s) with 500 milliseconds interval)</small> </font> </div>
<div class="test-event"> <font color="maroon"> <small> &emsp; &emsp;--- 16 Oct 15:59:01 523 - <b>3</b> - Spinner Load Wait: (Sync) - ICar.support.WaitUtils.waitForSpinner(WaitUtils.java:225)</small> </font> </div>
<div class="test-event"> <font color="maroon"> <small> &emsp; &emsp;--- 16 Oct 15:59:11 657 - Page URL:: https://www.icarstage.com/cart</small> </font> </div>
<div class="test-event"> <font color="maroon"> <small> &emsp; &emsp;--- 16 Oct 15:59:11 657 - <b>0</b> - Page Load Wait: (Sync) - ICar.support.Utils.waitForPageLoad(Utils.java:109)</small> </font> </div>
<div class="test-event"> <font color="maroon"> <small> &emsp; &emsp;--- 16 Oct 16:03:33 772 - Unable to find an element after 60 sec ==> Proxy element for: AjaxElementLocator 'By.xpath: //slot[@name='message']'</small> </font> </div>
<!--FAIL-->
<div class="test-result"><br><font color="red"><strong> Success meesage not found in page!! </strong></font> <a href=".\ScreenShot\ICar_B2B_TC016_62184413560600.png" target="_blank" >[ScreenShot]</a></div>&emsp;
&emsp;<div class="test-title"> <strong><font size = "3" color = "#0000FF">---Test Execution Ends---</font> </strong> </div>&emsp;]]>
    </system-out>
  </testcase> <!-- ICar_B2B_TC016 -->
  <testcase classname="B2Btestscripts.B2B_Student" name="ICar_B2B_TC023" time="124.367">
    <failure message="Failed to add selected course to the cart" type="java.lang.AssertionError">
      <![CDATA[java.lang.AssertionError: Failed to add selected course to the cart
at org.testng.Assert.fail(Assert.java:111)
at ICar.support.Log.fail(Log.java:556)
at ICar.support.Log.assertThat(Log.java:731)
at B2Btestscripts.B2B_Student.ICar_B2B_TC023(B2B_Student.java:1262)
at java.base/jdk.internal.reflect.NativeMethodAccessorImpl.invoke0(Native Method)
at java.base/jdk.internal.reflect.NativeMethodAccessorImpl.invoke(NativeMethodAccessorImpl.java:78)
at java.base/jdk.internal.reflect.DelegatingMethodAccessorImpl.invoke(DelegatingMethodAccessorImpl.java:43)
at java.base/java.lang.reflect.Method.invoke(Method.java:567)
at org.testng.internal.invokers.MethodInvocationHelper.invokeMethod(MethodInvocationHelper.java:139)
at org.testng.internal.invokers.TestInvoker.invokeMethod(TestInvoker.java:664)
at org.testng.internal.invokers.TestInvoker.invokeTestMethod(TestInvoker.java:227)
at org.testng.internal.invokers.TestMethodWithDataProviderMethodWorker.call(TestMethodWithDataProviderMethodWorker.java:80)
at org.testng.internal.invokers.TestMethodWithDataProviderMethodWorker.call(TestMethodWithDataProviderMethodWorker.java:17)
at java.base/java.util.concurrent.FutureTask.run(FutureTask.java:264)
at java.base/java.util.concurrent.Executors$RunnableAdapter.call(Executors.java:515)
at java.base/java.util.concurrent.FutureTask.run(FutureTask.java:264)
at java.base/java.util.concurrent.ThreadPoolExecutor.runWorker(ThreadPoolExecutor.java:1130)
at java.base/java.util.concurrent.ThreadPoolExecutor$Worker.run(ThreadPoolExecutor.java:630)
at java.base/java.lang.Thread.run(Thread.java:831)
]]>
    </failure>
    <system-out>
      <![CDATA[<div class="test-event"> <font color="maroon"> <small> &emsp; &emsp;--- 16 Oct 16:17:25 359 - TestCaseID:: ICar_B2B_TC023</small> </font> </div>
<div class="test-event"> <font color="maroon"> <small> &emsp; &emsp;--- 16 Oct 16:17:26 775 - <b>1</b> - Driver::initialize::Get - ICar.support.WebDriverFactory.getDriver(WebDriverFactory.java:640)</small> </font> </div>
&emsp;<div class="test-title"> <strong><font size = "3" color = "#000080">Verify Ability to add courses of  Annual training from Knowledge and skills area to the cart</font> </strong> </div>&emsp;<div><strong>Steps:</strong></div><!-- Report -->&emsp;
<div class="test-event"> <font color="maroon"> <small> &emsp; &emsp;--- 16 Oct 16:17:32 542 - Element is displayed:: [[ChromeDriver: chrome on WINDOWS (2369eb2fd86115cbdcc80d7bde5d9397)] -> xpath: //a/img[@alt='Login Image']|//button[@id='btn-login']]</small> </font> </div>
<div class="test-event"> <font color="maroon"> <small> &emsp; &emsp;--- 16 Oct 16:17:32 609 - Element is displayed:: [[ChromeDriver: chrome on WINDOWS (2369eb2fd86115cbdcc80d7bde5d9397)] -> xpath: //a/img[@alt='Login Image']|//button[@id='btn-login']]</small> </font> </div>
<div class="test-message">&emsp;Successfully navigated to 'Home' Page&emsp;<a href=".\ScreenShot\ICar_B2B_TC023_63020021100500.png" target="_blank" >[ScreenShot]</a></div>
<div class="test-message">&emsp;1. Home page is launched.</div>
<div class="test-event"> <font color="maroon"> <small> &emsp; &emsp;--- 16 Oct 16:17:33 217 - Page URL:: https://www.icarstage.com/</small> </font> </div>
<div class="test-event"> <font color="maroon"> <small> &emsp; &emsp;--- 16 Oct 16:17:33 217 - <b>0</b> - Page Load Wait: (Sync) - ICar.support.Utils.waitForPageLoad(Utils.java:109)</small> </font> </div>
<div class="test-event"> <font color="maroon"> <small> &emsp; &emsp;--- 16 Oct 16:17:33 253 - Element is displayed:: [[ChromeDriver: chrome on WINDOWS (2369eb2fd86115cbdcc80d7bde5d9397)] -> xpath: //a/img[@alt='Login Image']|//button[@id='btn-login']]</small> </font> </div>
<div class="test-event"> <font color="maroon"> <small> &emsp; &emsp;--- 16 Oct 16:17:33 302 - Element is displayed:: [[ChromeDriver: chrome on WINDOWS (2369eb2fd86115cbdcc80d7bde5d9397)] -> xpath: //a/img[@alt='Login Image']|//button[@id='btn-login']]</small> </font> </div>
<div class="test-event"> <font color="maroon"> <small> &emsp; &emsp;--- 16 Oct 16:17:51 191 - Catched spinner load exception due to Expected condition failed: waiting for ICar.support.WaitUtils$4@636673a3 (tried for 15 second(s) with 500 milliseconds interval)</small> </font> </div>
<div class="test-event"> <font color="maroon"> <small> &emsp; &emsp;--- 16 Oct 16:17:51 191 - <b>15</b> - Spinner Load Wait: (Sync) - ICar.support.WaitUtils.waitForSpinner(WaitUtils.java:225)</small> </font> </div>
<div class="test-message">&emsp;2. Navigate to 'Login Page'</div>
<div class="test-message">&emsp;Successfully navigated to 'Login' Page&emsp;<a href=".\ScreenShot\ICar_B2B_TC023_63038607112800.png" target="_blank" >[ScreenShot]</a></div>
<div class="test-event"> <font color="maroon"> <small> &emsp; &emsp;--- 16 Oct 16:17:51 397 - Element is displayed:: [[ChromeDriver: chrome on WINDOWS (2369eb2fd86115cbdcc80d7bde5d9397)] -> id: username]</small> </font> </div>
<div class="test-event"> <font color="maroon"> <small> &emsp; &emsp;--- 16 Oct 16:17:51 454 - Element is displayed:: [[ChromeDriver: chrome on WINDOWS (2369eb2fd86115cbdcc80d7bde5d9397)] -> id: username]</small> </font> </div>
<div class="test-event"> <font color="maroon"> <small> &emsp; &emsp;--- 16 Oct 16:17:51 653 - Element is displayed:: [[ChromeDriver: chrome on WINDOWS (2369eb2fd86115cbdcc80d7bde5d9397)] -> id: password]</small> </font> </div>
<div class="test-event"> <font color="maroon"> <small> &emsp; &emsp;--- 16 Oct 16:17:51 816 - Element is displayed:: [[ChromeDriver: chrome on WINDOWS (2369eb2fd86115cbdcc80d7bde5d9397)] -> id: btn-login]</small> </font> </div>
<div class="test-event"> <font color="maroon"> <small> &emsp; &emsp;--- 16 Oct 16:17:57 104 - Catched spinner load exception due to Expected condition failed: waiting for ICar.support.WaitUtils$4@636673a3 (tried for 3 second(s) with 500 milliseconds interval)</small> </font> </div>
<div class="test-event"> <font color="maroon"> <small> &emsp; &emsp;--- 16 Oct 16:17:57 104 - <b>5</b> - Spinner Load Wait: (Sync) - ICar.support.WaitUtils.waitForSpinner(WaitUtils.java:225)</small> </font> </div>
<div class="test-event"> <font color="maroon"> <small> &emsp; &emsp;--- 16 Oct 16:18:19 765 - Catched spinner load exception due to Expected condition failed: waiting for ICar.support.WaitUtils$4@636673a3 (tried for 10 second(s) with 500 milliseconds interval)</small> </font> </div>
<div class="test-event"> <font color="maroon"> <small> &emsp; &emsp;--- 16 Oct 16:18:19 765 - <b>10</b> - Spinner Load Wait: (Sync) - ICar.support.WaitUtils.waitForSpinner(WaitUtils.java:225)</small> </font> </div>
<div class="test-event"> <font color="maroon"> <small> &emsp; &emsp;--- 16 Oct 16:18:19 836 - Element is displayed:: [[ChromeDriver: chrome on WINDOWS (2369eb2fd86115cbdcc80d7bde5d9397)] -> xpath: //button[@value='Launch My Learning']]</small> </font> </div>
<div class="test-message">&emsp;3. Enter the user credentials as : Angielex</div>
<div class="test-message">&emsp;Successfully navigated to 'User Home' Page&emsp;<a href=".\ScreenShot\ICar_B2B_TC023_63067247812000.png" target="_blank" >[ScreenShot]</a></div>
<div class="test-event"> <font color="maroon"> <small> &emsp; &emsp;--- 16 Oct 16:18:20 210 - Page URL:: https://www.icarstage.com/</small> </font> </div>
<div class="test-event"> <font color="maroon"> <small> &emsp; &emsp;--- 16 Oct 16:18:20 210 - <b>0</b> - Page Load Wait: (Sync) - ICar.support.Utils.waitForPageLoad(Utils.java:109)</small> </font> </div>
<div class="test-event"> <font color="maroon"> <small> &emsp; &emsp;--- 16 Oct 16:18:20 262 - Element is displayed:: [[ChromeDriver: chrome on WINDOWS (2369eb2fd86115cbdcc80d7bde5d9397)] -> xpath: //p[text()='Launch My Learning']]</small> </font> </div>
<div class="test-event"> <font color="maroon"> <small> &emsp; &emsp;--- 16 Oct 16:18:20 298 - Element is displayed:: [[ChromeDriver: chrome on WINDOWS (2369eb2fd86115cbdcc80d7bde5d9397)] -> xpath: //a[text()='My Training']]</small> </font> </div>
<div class="test-event"> <font color="maroon"> <small> &emsp; &emsp;--- 16 Oct 16:18:20 478 - Page URL:: https://www.icarstage.com/</small> </font> </div>
<div class="test-event"> <font color="maroon"> <small> &emsp; &emsp;--- 16 Oct 16:18:20 478 - <b>0</b> - Page Load Wait: (Sync) - ICar.support.Utils.waitForPageLoad(Utils.java:109)</small> </font> </div>
<div class="test-event"> <font color="maroon"> <small> &emsp; &emsp;--- 16 Oct 16:18:22 595 - Element is displayed:: [[ChromeDriver: chrome on WINDOWS (2369eb2fd86115cbdcc80d7bde5d9397)] -> xpath: //a[text()='My Training']]</small> </font> </div>
<div class="test-event"> <font color="maroon"> <small> &emsp; &emsp;--- 16 Oct 16:18:41 008 - Catched spinner load exception due to Expected condition failed: waiting for ICar.support.WaitUtils$4@636673a3 (tried for 15 second(s) with 500 milliseconds interval)</small> </font> </div>
<div class="test-event"> <font color="maroon"> <small> &emsp; &emsp;--- 16 Oct 16:18:41 008 - <b>15</b> - Spinner Load Wait: (Sync) - ICar.support.WaitUtils.waitForSpinner(WaitUtils.java:225)</small> </font> </div>
<div class="test-event"> <font color="maroon"> <small> &emsp; &emsp;--- 16 Oct 16:18:41 198 - Page URL:: https://www.icarstage.com/my-training</small> </font> </div>
<div class="test-event"> <font color="maroon"> <small> &emsp; &emsp;--- 16 Oct 16:18:41 198 - <b>0</b> - Page Load Wait: (Sync) - ICar.support.Utils.waitForPageLoad(Utils.java:109)</small> </font> </div>
<div class="test-event"> <font color="maroon"> <small> &emsp; &emsp;--- 16 Oct 16:18:41 259 - Element is displayed:: [[ChromeDriver: chrome on WINDOWS (2369eb2fd86115cbdcc80d7bde5d9397)] -> xpath: //span[@title='My Professional Development']]</small> </font> </div>
<div class="test-message">&emsp;4. Navigating to My Training Page</div>
<div class="test-message">&emsp;Successfully navigated to 'My Training' Page&emsp;<a href=".\ScreenShot\ICar_B2B_TC023_63088670901000.png" target="_blank" >[ScreenShot]</a></div>
<div class="test-message">&emsp;5. click on My Knowledge skill link</div>
<div class="test-event"> <font color="maroon"> <small> &emsp; &emsp;--- 16 Oct 16:18:43 501 - Element is displayed:: [[ChromeDriver: chrome on WINDOWS (2369eb2fd86115cbdcc80d7bde5d9397)] -> xpath: //span[@title='My Knowledge and Skills Area']]</small> </font> </div>
<div class="test-message">&emsp;6. selecting the pending course Non-Structural Technician Annual Training,Annual Training</div>
<div class="test-event"> <font color="maroon"> <small> &emsp; &emsp;--- 16 Oct 16:18:44 607 - Catched spinner load exception due to Expected condition failed: waiting for ICar.support.WaitUtils$4@636673a3 (tried for 1 second(s) with 500 milliseconds interval)</small> </font> </div>
<div class="test-event"> <font color="maroon"> <small> &emsp; &emsp;--- 16 Oct 16:18:44 607 - <b>1</b> - Spinner Load Wait: (Sync) - ICar.support.WaitUtils.waitForSpinner(WaitUtils.java:225)</small> </font> </div>
<div class="test-event"> <font color="maroon"> <small> &emsp; &emsp;--- 16 Oct 16:19:09 380 - Element is displayed:: [[ChromeDriver: chrome on WINDOWS (2369eb2fd86115cbdcc80d7bde5d9397)] -> xpath: //div[@class='slds-accordion__content']//h2[@class='slds-accordion__summary-heading']/button]</small> </font> </div>
<div class="test-event"> <font color="maroon"> <small> &emsp; &emsp;--- 16 Oct 16:19:11 490 - Catched spinner load exception due to Expected condition failed: waiting for ICar.support.WaitUtils$4@636673a3 (tried for 2 second(s) with 500 milliseconds interval)</small> </font> </div>
<div class="test-event"> <font color="maroon"> <small> &emsp; &emsp;--- 16 Oct 16:19:11 490 - <b>2</b> - Spinner Load Wait: (Sync) - ICar.support.WaitUtils.waitForSpinner(WaitUtils.java:225)</small> </font> </div>
<div class="test-event"> <font color="maroon"> <small> &emsp; &emsp;--- 16 Oct 16:19:21 715 - Element is displayed:: [[ChromeDriver: chrome on WINDOWS (2369eb2fd86115cbdcc80d7bde5d9397)] -> xpath: //a[@class='padding-right']]</small> </font> </div>
<div class="test-message">&emsp;7. Select the check box in the training options pop up window and add to the cart :2018 Jeep Wrangler JL</div>
<div class="test-event"> <font color="maroon"> <small> &emsp; &emsp;--- 16 Oct 16:19:21 921 - Page URL:: https://www.icarstage.com/my-training</small> </font> </div>
<div class="test-event"> <font color="maroon"> <small> &emsp; &emsp;--- 16 Oct 16:19:21 921 - <b>0</b> - Page Load Wait: (Sync) - ICar.support.Utils.waitForPageLoad(Utils.java:109)</small> </font> </div>
<div class="test-event"> <font color="maroon"> <small> &emsp; &emsp;--- 16 Oct 16:19:30 100 - Element is displayed:: [[ChromeDriver: chrome on WINDOWS (2369eb2fd86115cbdcc80d7bde5d9397)] -> xpath: //button[contains(text(),'Add')]]</small> </font> </div>
<div class="test-event"> <font color="maroon"> <small> &emsp; &emsp;--- 16 Oct 16:19:30 230 - Element is displayed:: [[ChromeDriver: chrome on WINDOWS (2369eb2fd86115cbdcc80d7bde5d9397)] -> xpath: //slot[@name='message']]</small> </font> </div>
<!--FAIL-->
<div class="test-result"><br><font color="red"><strong> Failed to add selected course to the cart </strong></font> <a href=".\ScreenShot\ICar_B2B_TC023_63137655952000.png" target="_blank" >[ScreenShot]</a></div>&emsp;
&emsp;<div class="test-title"> <strong><font size = "3" color = "#0000FF">---Test Execution Ends---</font> </strong> </div>&emsp;]]>
    </system-out>
  </testcase> <!-- ICar_B2B_TC023 -->
  <system-out>
    <![CDATA[<div class="test-event"> <font color="maroon"> <small> &emsp; &emsp;--- 16 Oct 15:25:29 159 - TestCaseID:: ICar_B2B_TC024</small> </font> </div>
<div class="test-event"> <font color="maroon"> <small> &emsp; &emsp;--- 16 Oct 15:25:44 399 - <b>16</b> - Driver::initialize::Get - ICar.support.WebDriverFactory.getDriver(WebDriverFactory.java:640)</small> </font> </div>
&emsp;<div class="test-title"> <strong><font size = "3" color = "#000080">Verify the download pdf functionality under my training link</font> </strong> </div>&emsp;<div><strong>Steps:</strong></div><!-- Report -->&emsp;
<div class="test-event"> <font color="maroon"> <small> &emsp; &emsp;--- 16 Oct 15:25:49 744 - Element is displayed:: [[ChromeDriver: chrome on WINDOWS (84e5873c739acc8704250a3ce54c3c09)] -> xpath: //a/img[@alt='Login Image']|//button[@id='btn-login']]</small> </font> </div>
<div class="test-event"> <font color="maroon"> <small> &emsp; &emsp;--- 16 Oct 15:25:49 836 - Element is displayed:: [[ChromeDriver: chrome on WINDOWS (84e5873c739acc8704250a3ce54c3c09)] -> xpath: //a/img[@alt='Login Image']|//button[@id='btn-login']]</small> </font> </div>
<div class="test-message">&emsp;Successfully navigated to 'Home' Page&emsp;<a href=".\ScreenShot\ICar_B2B_TC024_59918020728400.png" target="_blank" >[ScreenShot]</a></div>
<div class="test-message">&emsp;1. Home page is launched.</div>
<div class="test-event"> <font color="maroon"> <small> &emsp; &emsp;--- 16 Oct 15:25:52 016 - Page URL:: https://www.icarstage.com/</small> </font> </div>
<div class="test-event"> <font color="maroon"> <small> &emsp; &emsp;--- 16 Oct 15:25:52 016 - <b>0</b> - Page Load Wait: (Sync) - ICar.support.Utils.waitForPageLoad(Utils.java:109)</small> </font> </div>
<div class="test-event"> <font color="maroon"> <small> &emsp; &emsp;--- 16 Oct 15:25:52 072 - Element is displayed:: [[ChromeDriver: chrome on WINDOWS (84e5873c739acc8704250a3ce54c3c09)] -> xpath: //a/img[@alt='Login Image']|//button[@id='btn-login']]</small> </font> </div>
<div class="test-event"> <font color="maroon"> <small> &emsp; &emsp;--- 16 Oct 15:25:52 264 - Element is displayed:: [[ChromeDriver: chrome on WINDOWS (84e5873c739acc8704250a3ce54c3c09)] -> xpath: //a/img[@alt='Login Image']|//button[@id='btn-login']]</small> </font> </div>
<div class="test-event"> <font color="maroon"> <small> &emsp; &emsp;--- 16 Oct 15:26:12 874 - Catched spinner load exception due to Expected condition failed: waiting for ICar.support.WaitUtils$4@636673a3 (tried for 15 second(s) with 500 milliseconds interval)</small> </font> </div>
<div class="test-event"> <font color="maroon"> <small> &emsp; &emsp;--- 16 Oct 15:26:12 874 - <b>15</b> - Spinner Load Wait: (Sync) - ICar.support.WaitUtils.waitForSpinner(WaitUtils.java:225)</small> </font> </div>
<div class="test-message">&emsp;2. Navigate to 'Login Page'</div>
<div class="test-message">&emsp;Successfully navigated to 'Login' Page&emsp;<a href=".\ScreenShot\ICar_B2B_TC024_59940336842400.png" target="_blank" >[ScreenShot]</a></div>
<div class="test-event"> <font color="maroon"> <small> &emsp; &emsp;--- 16 Oct 15:26:13 113 - Element is displayed:: [[ChromeDriver: chrome on WINDOWS (84e5873c739acc8704250a3ce54c3c09)] -> id: username]</small> </font> </div>
<div class="test-event"> <font color="maroon"> <small> &emsp; &emsp;--- 16 Oct 15:26:13 180 - Element is displayed:: [[ChromeDriver: chrome on WINDOWS (84e5873c739acc8704250a3ce54c3c09)] -> id: username]</small> </font> </div>
<div class="test-event"> <font color="maroon"> <small> &emsp; &emsp;--- 16 Oct 15:26:13 404 - Element is displayed:: [[ChromeDriver: chrome on WINDOWS (84e5873c739acc8704250a3ce54c3c09)] -> id: password]</small> </font> </div>
<div class="test-event"> <font color="maroon"> <small> &emsp; &emsp;--- 16 Oct 15:26:13 616 - Element is displayed:: [[ChromeDriver: chrome on WINDOWS (84e5873c739acc8704250a3ce54c3c09)] -> id: btn-login]</small> </font> </div>
<div class="test-event"> <font color="maroon"> <small> &emsp; &emsp;--- 16 Oct 15:26:20 386 - Catched spinner load exception due to Expected condition failed: waiting for ICar.support.WaitUtils$4@636673a3 (tried for 3 second(s) with 500 milliseconds interval)</small> </font> </div>
<div class="test-event"> <font color="maroon"> <small> &emsp; &emsp;--- 16 Oct 15:26:20 387 - <b>6</b> - Spinner Load Wait: (Sync) - ICar.support.WaitUtils.waitForSpinner(WaitUtils.java:225)</small> </font> </div>
<div class="test-event"> <font color="maroon"> <small> &emsp; &emsp;--- 16 Oct 15:26:43 544 - Catched spinner load exception due to Expected condition failed: waiting for ICar.support.WaitUtils$4@636673a3 (tried for 10 second(s) with 500 milliseconds interval)</small> </font> </div>
<div class="test-event"> <font color="maroon"> <small> &emsp; &emsp;--- 16 Oct 15:26:43 545 - <b>10</b> - Spinner Load Wait: (Sync) - ICar.support.WaitUtils.waitForSpinner(WaitUtils.java:225)</small> </font> </div>
<div class="test-event"> <font color="maroon"> <small> &emsp; &emsp;--- 16 Oct 15:26:43 632 - Element is displayed:: [[ChromeDriver: chrome on WINDOWS (84e5873c739acc8704250a3ce54c3c09)] -> xpath: //button[@value='Launch My Learning']]</small> </font> </div>
<div class="test-message">&emsp;3. Enter the user credentials as : Angielex</div>
<div class="test-message">&emsp;Successfully navigated to 'User Home' Page&emsp;<a href=".\ScreenShot\ICar_B2B_TC024_59971045267400.png" target="_blank" >[ScreenShot]</a></div>
<div class="test-event"> <font color="maroon"> <small> &emsp; &emsp;--- 16 Oct 15:26:44 027 - Page URL:: https://www.icarstage.com/</small> </font> </div>
<div class="test-event"> <font color="maroon"> <small> &emsp; &emsp;--- 16 Oct 15:26:44 027 - <b>0</b> - Page Load Wait: (Sync) - ICar.support.Utils.waitForPageLoad(Utils.java:109)</small> </font> </div>
<div class="test-event"> <font color="maroon"> <small> &emsp; &emsp;--- 16 Oct 15:26:44 091 - Element is displayed:: [[ChromeDriver: chrome on WINDOWS (84e5873c739acc8704250a3ce54c3c09)] -> xpath: //p[text()='Launch My Learning']]</small> </font> </div>
<div class="test-event"> <font color="maroon"> <small> &emsp; &emsp;--- 16 Oct 15:26:44 136 - Element is displayed:: [[ChromeDriver: chrome on WINDOWS (84e5873c739acc8704250a3ce54c3c09)] -> xpath: //a[text()='My Training']]</small> </font> </div>
<div class="test-event"> <font color="maroon"> <small> &emsp; &emsp;--- 16 Oct 15:26:44 317 - Page URL:: https://www.icarstage.com/</small> </font> </div>
<div class="test-event"> <font color="maroon"> <small> &emsp; &emsp;--- 16 Oct 15:26:44 318 - <b>0</b> - Page Load Wait: (Sync) - ICar.support.Utils.waitForPageLoad(Utils.java:109)</small> </font> </div>
<div class="test-event"> <font color="maroon"> <small> &emsp; &emsp;--- 16 Oct 15:26:46 412 - Element is displayed:: [[ChromeDriver: chrome on WINDOWS (84e5873c739acc8704250a3ce54c3c09)] -> xpath: //a[text()='My Training']]</small> </font> </div>
<div class="test-event"> <font color="maroon"> <small> &emsp; &emsp;--- 16 Oct 15:27:05 214 - Catched spinner load exception due to Expected condition failed: waiting for ICar.support.WaitUtils$4@636673a3 (tried for 15 second(s) with 500 milliseconds interval)</small> </font> </div>
<div class="test-event"> <font color="maroon"> <small> &emsp; &emsp;--- 16 Oct 15:27:05 214 - <b>15</b> - Spinner Load Wait: (Sync) - ICar.support.WaitUtils.waitForSpinner(WaitUtils.java:225)</small> </font> </div>
<div class="test-event"> <font color="maroon"> <small> &emsp; &emsp;--- 16 Oct 15:27:05 431 - Page URL:: https://www.icarstage.com/my-training</small> </font> </div>
<div class="test-event"> <font color="maroon"> <small> &emsp; &emsp;--- 16 Oct 15:27:05 432 - <b>0</b> - Page Load Wait: (Sync) - ICar.support.Utils.waitForPageLoad(Utils.java:109)</small> </font> </div>
<div class="test-event"> <font color="maroon"> <small> &emsp; &emsp;--- 16 Oct 15:27:05 500 - Element is displayed:: [[ChromeDriver: chrome on WINDOWS (84e5873c739acc8704250a3ce54c3c09)] -> xpath: //span[@title='My Professional Development']]</small> </font> </div>
<div class="test-message">&emsp;4. Navigating to My Training Page</div>
<div class="test-message">&emsp;Successfully navigated to 'My Training' Page&emsp;<a href=".\ScreenShot\ICar_B2B_TC024_59992912752500.png" target="_blank" >[ScreenShot]</a></div>
<div class="test-event"> <font color="maroon"> <small> &emsp; &emsp;--- 16 Oct 15:27:06 752 - Element is displayed:: [[ChromeDriver: chrome on WINDOWS (84e5873c739acc8704250a3ce54c3c09)] -> xpath: //span[@title='My Professional Development']]</small> </font> </div>
<div class="test-event"> <font color="maroon"> <small> &emsp; &emsp;--- 16 Oct 15:27:08 850 - Element is displayed:: [[ChromeDriver: chrome on WINDOWS (84e5873c739acc8704250a3ce54c3c09)] -> xpath: //span[@title='My Professional Development']]</small> </font> </div>
<div class="test-message">&emsp;5. click on download button</div>
<div class="test-event"> <font color="maroon"> <small> &emsp; &emsp;--- 16 Oct 15:27:11 256 - Element is displayed:: [[ChromeDriver: chrome on WINDOWS (84e5873c739acc8704250a3ce54c3c09)] -> xpath: //button[@title='Download Training Record']]</small> </font> </div>
<div class="test-event"> <font color="maroon"> <small> &emsp; &emsp;--- 16 Oct 15:27:13 454 - Catched spinner load exception due to Expected condition failed: waiting for ICar.support.WaitUtils$4@636673a3 (tried for 2 second(s) with 500 milliseconds interval)</small> </font> </div>
<div class="test-event"> <font color="maroon"> <small> &emsp; &emsp;--- 16 Oct 15:27:13 455 - <b>2</b> - Spinner Load Wait: (Sync) - ICar.support.WaitUtils.waitForSpinner(WaitUtils.java:225)</small> </font> </div>
<div class="test-message">&emsp;Download file in :C:\Users\prathap.kumaresan\Downloads\My Training\Robin Larkin_Training_10_16_2024.pdf</div>
<div class="test-message">&emsp;Downloaded documnent name :Robin Larkin_Training_10_16_2024.pdf&emsp;<a href=".\ScreenShot\ICar_B2B_TC024_60028403200500.png" target="_blank" >[ScreenShot]</a></div>
<div class="test-message">&emsp;Downloaded document content :
10/16/2024Page  of 1 2
My Professional Development
 : Robin LarkinNAME Platinum Status: Not Platinum
I-CAR ID : 2978028 PDP Roles: Estimator, RefinishTechnician
My Training Status
Platinum
PDP Role Training Required Platinum RenewalDate
Courses Completed/Total Courses Annual Training
Renewal DatePL1 PL2 PL3 Annual Training
Estimator PL1 0/23 0/16 0/9 0/6 7/18/2025
Refinish Technician PL1 0/12 0/5 0/5 0/6 9/11/2025
My Affiliations
No Data To Display
My Certifications
Certification Name Active Renewal Date Completion Date
10/16/2024Page  of 2 2
My Knowledge And Skills Area
All Courses
Course Name Course Code Status Completed Date Provider Name
Discover myI-CAR I-CAR 0001 - Staff &Customers Subscribed
&emsp;<a href=".\ScreenShot\ICar_B2B_TC024_60029173957500.png" target="_blank" >[ScreenShot]</a></div>
<div class="test-message">&emsp;Successfully verfied the details in download pdf&emsp;<a href=".\ScreenShot\ICar_B2B_TC024_60029389008200.png" target="_blank" >[ScreenShot]</a></div>
<div class="test-result"><br><font color="green"><strong> Test Passed. </strong></font> </div>&emsp;
&emsp;<div class="test-title"> <strong><font size = "3" color = "#0000FF">---Test Execution Ends---</font> </strong> </div>&emsp;
<div class="test-event"> <font color="maroon"> <small> &emsp; &emsp;--- 16 Oct 15:27:42 812 - TestCaseID:: ICar_B2B_TC047</small> </font> </div>
<div class="test-event"> <font color="maroon"> <small> &emsp; &emsp;--- 16 Oct 15:27:44 989 - <b>2</b> - Driver::initialize::Get - ICar.support.WebDriverFactory.getDriver(WebDriverFactory.java:640)</small> </font> </div>
&emsp;<div class="test-title"> <strong><font size = "3" color = "#000080">Ability to download the invoice</font> </strong> </div>&emsp;<div><strong>Steps:</strong></div><!-- Report -->&emsp;
<div class="test-event"> <font color="maroon"> <small> &emsp; &emsp;--- 16 Oct 15:27:54 272 - Element is displayed:: [[ChromeDriver: chrome on WINDOWS (8c42d9832141a5ae63e1d4c9775a23ed)] -> xpath: //a/img[@alt='Login Image']|//button[@id='btn-login']]</small> </font> </div>
<div class="test-event"> <font color="maroon"> <small> &emsp; &emsp;--- 16 Oct 15:27:54 333 - Element is displayed:: [[ChromeDriver: chrome on WINDOWS (8c42d9832141a5ae63e1d4c9775a23ed)] -> xpath: //a/img[@alt='Login Image']|//button[@id='btn-login']]</small> </font> </div>
<div class="test-message">&emsp;Successfully navigated to 'Home' Page&emsp;<a href=".\ScreenShot\ICar_B2B_TC047_60041746039800.png" target="_blank" >[ScreenShot]</a></div>
<div class="test-message">&emsp;1. Home page is launched.</div>
<div class="test-event"> <font color="maroon"> <small> &emsp; &emsp;--- 16 Oct 15:27:54 688 - Page URL:: https://www.icarstage.com/</small> </font> </div>
<div class="test-event"> <font color="maroon"> <small> &emsp; &emsp;--- 16 Oct 15:27:54 689 - <b>0</b> - Page Load Wait: (Sync) - ICar.support.Utils.waitForPageLoad(Utils.java:109)</small> </font> </div>
<div class="test-event"> <font color="maroon"> <small> &emsp; &emsp;--- 16 Oct 15:27:54 740 - Element is displayed:: [[ChromeDriver: chrome on WINDOWS (8c42d9832141a5ae63e1d4c9775a23ed)] -> xpath: //a/img[@alt='Login Image']|//button[@id='btn-login']]</small> </font> </div>
<div class="test-event"> <font color="maroon"> <small> &emsp; &emsp;--- 16 Oct 15:27:54 799 - Element is displayed:: [[ChromeDriver: chrome on WINDOWS (8c42d9832141a5ae63e1d4c9775a23ed)] -> xpath: //a/img[@alt='Login Image']|//button[@id='btn-login']]</small> </font> </div>
<div class="test-event"> <font color="maroon"> <small> &emsp; &emsp;--- 16 Oct 15:28:12 549 - Catched spinner load exception due to Expected condition failed: waiting for ICar.support.WaitUtils$4@636673a3 (tried for 15 second(s) with 500 milliseconds interval)</small> </font> </div>
<div class="test-event"> <font color="maroon"> <small> &emsp; &emsp;--- 16 Oct 15:28:12 549 - <b>15</b> - Spinner Load Wait: (Sync) - ICar.support.WaitUtils.waitForSpinner(WaitUtils.java:225)</small> </font> </div>
<div class="test-message">&emsp;2. Navigate to 'Login Page'</div>
<div class="test-message">&emsp;Successfully navigated to 'Login' Page&emsp;<a href=".\ScreenShot\ICar_B2B_TC047_60059965959500.png" target="_blank" >[ScreenShot]</a></div>
<div class="test-event"> <font color="maroon"> <small> &emsp; &emsp;--- 16 Oct 15:28:12 768 - Element is displayed:: [[ChromeDriver: chrome on WINDOWS (8c42d9832141a5ae63e1d4c9775a23ed)] -> id: username]</small> </font> </div>
<div class="test-event"> <font color="maroon"> <small> &emsp; &emsp;--- 16 Oct 15:28:12 832 - Element is displayed:: [[ChromeDriver: chrome on WINDOWS (8c42d9832141a5ae63e1d4c9775a23ed)] -> id: username]</small> </font> </div>
<div class="test-event"> <font color="maroon"> <small> &emsp; &emsp;--- 16 Oct 15:28:13 084 - Element is displayed:: [[ChromeDriver: chrome on WINDOWS (8c42d9832141a5ae63e1d4c9775a23ed)] -> id: password]</small> </font> </div>
<div class="test-event"> <font color="maroon"> <small> &emsp; &emsp;--- 16 Oct 15:28:13 284 - Element is displayed:: [[ChromeDriver: chrome on WINDOWS (8c42d9832141a5ae63e1d4c9775a23ed)] -> id: btn-login]</small> </font> </div>
<div class="test-event"> <font color="maroon"> <small> &emsp; &emsp;--- 16 Oct 15:28:17 780 - Catched spinner load exception due to Expected condition failed: waiting for ICar.support.WaitUtils$4@636673a3 (tried for 3 second(s) with 500 milliseconds interval)</small> </font> </div>
<div class="test-event"> <font color="maroon"> <small> &emsp; &emsp;--- 16 Oct 15:28:17 780 - <b>4</b> - Spinner Load Wait: (Sync) - ICar.support.WaitUtils.waitForSpinner(WaitUtils.java:225)</small> </font> </div>
<div class="test-event"> <font color="maroon"> <small> &emsp; &emsp;--- 16 Oct 15:28:40 845 - Catched spinner load exception due to Expected condition failed: waiting for ICar.support.WaitUtils$4@636673a3 (tried for 10 second(s) with 500 milliseconds interval)</small> </font> </div>
<div class="test-event"> <font color="maroon"> <small> &emsp; &emsp;--- 16 Oct 15:28:40 845 - <b>10</b> - Spinner Load Wait: (Sync) - ICar.support.WaitUtils.waitForSpinner(WaitUtils.java:225)</small> </font> </div>
<div class="test-event"> <font color="maroon"> <small> &emsp; &emsp;--- 16 Oct 15:28:40 931 - Element is displayed:: [[ChromeDriver: chrome on WINDOWS (8c42d9832141a5ae63e1d4c9775a23ed)] -> xpath: //button[@value='Launch My Learning']]</small> </font> </div>
<div class="test-message">&emsp;3. Enter the user credentials as : pkelly123</div>
<div class="test-message">&emsp;Successfully navigated to 'User Home' Page&emsp;<a href=".\ScreenShot\ICar_B2B_TC047_60088344437700.png" target="_blank" >[ScreenShot]</a></div>
<div class="test-event"> <font color="maroon"> <small> &emsp; &emsp;--- 16 Oct 15:28:41 339 - Page URL:: https://www.icarstage.com/</small> </font> </div>
<div class="test-event"> <font color="maroon"> <small> &emsp; &emsp;--- 16 Oct 15:28:41 339 - <b>0</b> - Page Load Wait: (Sync) - ICar.support.Utils.waitForPageLoad(Utils.java:109)</small> </font> </div>
<div class="test-event"> <font color="maroon"> <small> &emsp; &emsp;--- 16 Oct 15:28:41 404 - Element is displayed:: [[ChromeDriver: chrome on WINDOWS (8c42d9832141a5ae63e1d4c9775a23ed)] -> xpath: //p[text()='Launch My Learning']]</small> </font> </div>
<div class="test-event"> <font color="maroon"> <small> &emsp; &emsp;--- 16 Oct 15:28:41 450 - Element is displayed:: [[ChromeDriver: chrome on WINDOWS (8c42d9832141a5ae63e1d4c9775a23ed)] -> xpath: //lightning-layout[@class='left-margin slds-align_absolute-center slds-grid slds-grid_align-spread slds-wrap']//lightning-layout-item[2]//a]</small> </font> </div>
<div class="test-event"> <font color="maroon"> <small> &emsp; &emsp;--- 16 Oct 15:28:43 549 - Element is displayed:: [[ChromeDriver: chrome on WINDOWS (8c42d9832141a5ae63e1d4c9775a23ed)] -> xpath: //lightning-layout[@class='left-margin slds-align_absolute-center slds-grid slds-grid_align-spread slds-wrap']//lightning-layout-item[2]//a]</small> </font> </div>
<div class="test-event"> <font color="maroon"> <small> &emsp; &emsp;--- 16 Oct 15:28:43 669 - Element is displayed:: [[ChromeDriver: chrome on WINDOWS (8c42d9832141a5ae63e1d4c9775a23ed)] -> xpath: //ul[@aria-label='Show More']//li[3]/a]</small> </font> </div>
<div class="test-event"> <font color="maroon"> <small> &emsp; &emsp;--- 16 Oct 15:28:43 735 - Element is displayed:: [[ChromeDriver: chrome on WINDOWS (8c42d9832141a5ae63e1d4c9775a23ed)] -> xpath: //ul[@aria-label='Show More']//li[3]/a]</small> </font> </div>
<div class="test-event"> <font color="maroon"> <small> &emsp; &emsp;--- 16 Oct 15:29:01 239 - Catched spinner load exception due to Expected condition failed: waiting for ICar.support.WaitUtils$4@636673a3 (tried for 15 second(s) with 500 milliseconds interval)</small> </font> </div>
<div class="test-event"> <font color="maroon"> <small> &emsp; &emsp;--- 16 Oct 15:29:01 239 - <b>15</b> - Spinner Load Wait: (Sync) - ICar.support.WaitUtils.waitForSpinner(WaitUtils.java:225)</small> </font> </div>
<div class="test-event"> <font color="maroon"> <small> &emsp; &emsp;--- 16 Oct 15:29:01 374 - Page URL:: https://www.icarstage.com/my-purchases</small> </font> </div>
<div class="test-event"> <font color="maroon"> <small> &emsp; &emsp;--- 16 Oct 15:29:01 374 - <b>0</b> - Page Load Wait: (Sync) - ICar.support.Utils.waitForPageLoad(Utils.java:109)</small> </font> </div>
<div class="test-event"> <font color="maroon"> <small> &emsp; &emsp;--- 16 Oct 15:29:01 451 - Element is displayed:: [[ChromeDriver: chrome on WINDOWS (8c42d9832141a5ae63e1d4c9775a23ed)] -> xpath: //button[text()='Search']]</small> </font> </div>
<div class="test-message">&emsp;4. Navigate to My Purchases Page</div>
<div class="test-message">&emsp;Successfully navigated to 'My Purchases' Page&emsp;<a href=".\ScreenShot\ICar_B2B_TC047_60108864430900.png" target="_blank" >[ScreenShot]</a></div>
<div class="test-event"> <font color="maroon"> <small> &emsp; &emsp;--- 16 Oct 15:29:01 677 - Page URL:: https://www.icarstage.com/my-purchases</small> </font> </div>
<div class="test-event"> <font color="maroon"> <small> &emsp; &emsp;--- 16 Oct 15:29:01 677 - <b>0</b> - Page Load Wait: (Sync) - ICar.support.Utils.waitForPageLoad(Utils.java:109)</small> </font> </div>
<div class="test-event"> <font color="maroon"> <small> &emsp; &emsp;--- 16 Oct 15:29:23 013 - Catched spinner load exception due to Expected condition failed: waiting for ICar.support.WaitUtils$4@636673a3 (tried for 1 second(s) with 500 milliseconds interval)</small> </font> </div>
<div class="test-event"> <font color="maroon"> <small> &emsp; &emsp;--- 16 Oct 15:29:23 013 - <b>1</b> - Spinner Load Wait: (Sync) - ICar.support.WaitUtils.waitForSpinner(WaitUtils.java:225)</small> </font> </div>
<div class="test-event"> <font color="maroon"> <small> &emsp; &emsp;--- 16 Oct 15:29:23 080 - Element is displayed:: [[ChromeDriver: chrome on WINDOWS (8c42d9832141a5ae63e1d4c9775a23ed)] -> xpath: //button[text()='Search']]</small> </font> </div>
<div class="test-event"> <font color="maroon"> <small> &emsp; &emsp;--- 16 Oct 15:29:31 447 - Catched spinner load exception due to Expected condition failed: waiting for ICar.support.WaitUtils$4@636673a3 (tried for 8 second(s) with 500 milliseconds interval)</small> </font> </div>
<div class="test-event"> <font color="maroon"> <small> &emsp; &emsp;--- 16 Oct 15:29:31 447 - <b>8</b> - Spinner Load Wait: (Sync) - ICar.support.WaitUtils.waitForSpinner(WaitUtils.java:225)</small> </font> </div>
<div class="test-message">&emsp;5. Select value as last year in 'Search By' drop down and click search button</div>
<div class="test-message">&emsp;No records are found&emsp;<a href=".\ScreenShot\ICar_B2B_TC047_60142080831200.png" target="_blank" >[ScreenShot]</a></div>
<div class="test-message">&emsp;No records found for the given search criteria so skipping step 6&emsp;<a href=".\ScreenShot\ICar_B2B_TC047_60142215773800.png" target="_blank" >[ScreenShot]</a></div>
<div class="test-result"><br><font color="green"><strong> Test Passed. </strong></font> </div>&emsp;
&emsp;<div class="test-title"> <strong><font size = "3" color = "#0000FF">---Test Execution Ends---</font> </strong> </div>&emsp;
<div class="test-event"> <font color="maroon"> <small> &emsp; &emsp;--- 16 Oct 15:29:35 484 - TestCaseID:: ICar_B2B_TC001</small> </font> </div>
<div class="test-event"> <font color="maroon"> <small> &emsp; &emsp;--- 16 Oct 15:29:36 851 - <b>1</b> - Driver::initialize::Get - ICar.support.WebDriverFactory.getDriver(WebDriverFactory.java:640)</small> </font> </div>
&emsp;<div class="test-title"> <strong><font size = "3" color = "#000080">Creation of  new account with English as prefered language</font> </strong> </div>&emsp;<div><strong>Steps:</strong></div><!-- Report -->&emsp;
<div class="test-event"> <font color="maroon"> <small> &emsp; &emsp;--- 16 Oct 15:29:42 152 - Element is displayed:: [[ChromeDriver: chrome on WINDOWS (b951ec23249d238cd6b4a1eb21304808)] -> xpath: //a/img[@alt='Login Image']|//button[@id='btn-login']]</small> </font> </div>
<div class="test-event"> <font color="maroon"> <small> &emsp; &emsp;--- 16 Oct 15:29:42 221 - Element is displayed:: [[ChromeDriver: chrome on WINDOWS (b951ec23249d238cd6b4a1eb21304808)] -> xpath: //a/img[@alt='Login Image']|//button[@id='btn-login']]</small> </font> </div>
<div class="test-message">&emsp;Successfully navigated to 'Home' Page&emsp;<a href=".\ScreenShot\ICar_B2B_TC001_60149633725700.png" target="_blank" >[ScreenShot]</a></div>
<div class="test-message">&emsp;1. Home page is launched.</div>
<div class="test-event"> <font color="maroon"> <small> &emsp; &emsp;--- 16 Oct 15:29:42 710 - Page URL:: https://www.icarstage.com/</small> </font> </div>
<div class="test-event"> <font color="maroon"> <small> &emsp; &emsp;--- 16 Oct 15:29:42 710 - <b>0</b> - Page Load Wait: (Sync) - ICar.support.Utils.waitForPageLoad(Utils.java:109)</small> </font> </div>
<div class="test-event"> <font color="maroon"> <small> &emsp; &emsp;--- 16 Oct 15:29:42 776 - Element is displayed:: [[ChromeDriver: chrome on WINDOWS (b951ec23249d238cd6b4a1eb21304808)] -> xpath: //a/img[@alt='Login Image']|//button[@id='btn-login']]</small> </font> </div>
<div class="test-event"> <font color="maroon"> <small> &emsp; &emsp;--- 16 Oct 15:29:42 965 - Element is displayed:: [[ChromeDriver: chrome on WINDOWS (b951ec23249d238cd6b4a1eb21304808)] -> xpath: //a/img[@alt='Login Image']|//button[@id='btn-login']]</small> </font> </div>
<div class="test-event"> <font color="maroon"> <small> &emsp; &emsp;--- 16 Oct 15:30:01 270 - Catched spinner load exception due to Expected condition failed: waiting for ICar.support.WaitUtils$4@636673a3 (tried for 15 second(s) with 500 milliseconds interval)</small> </font> </div>
<div class="test-event"> <font color="maroon"> <small> &emsp; &emsp;--- 16 Oct 15:30:01 270 - <b>15</b> - Spinner Load Wait: (Sync) - ICar.support.WaitUtils.waitForSpinner(WaitUtils.java:225)</small> </font> </div>
<div class="test-message">&emsp;2. Navigate to login Page.</div>
<div class="test-message">&emsp;Successfully navigated to 'Login' Page&emsp;<a href=".\ScreenShot\ICar_B2B_TC001_60168686200700.png" target="_blank" >[ScreenShot]</a></div>
<div class="test-event"> <font color="maroon"> <small> &emsp; &emsp;--- 16 Oct 15:30:01 521 - Element is displayed:: [[ChromeDriver: chrome on WINDOWS (b951ec23249d238cd6b4a1eb21304808)] -> id: btn-signup]</small> </font> </div>
<div class="test-event"> <font color="maroon"> <small> &emsp; &emsp;--- 16 Oct 15:30:01 773 - Element is displayed:: [[ChromeDriver: chrome on WINDOWS (b951ec23249d238cd6b4a1eb21304808)] -> id: btn-signup]</small> </font> </div>
<div class="test-event"> <font color="maroon"> <small> &emsp; &emsp;--- 16 Oct 15:30:12 756 - Catched spinner load exception due to Expected condition failed: waiting for ICar.support.WaitUtils$4@636673a3 (tried for 4 second(s) with 500 milliseconds interval)</small> </font> </div>
<div class="test-event"> <font color="maroon"> <small> &emsp; &emsp;--- 16 Oct 15:30:12 757 - <b>4</b> - Spinner Load Wait: (Sync) - ICar.support.WaitUtils.waitForSpinner(WaitUtils.java:225)</small> </font> </div>
<div class="test-event"> <font color="maroon"> <small> &emsp; &emsp;--- 16 Oct 15:30:12 947 - Page URL:: https://my.icarstage.com/s/self-register</small> </font> </div>
<div class="test-event"> <font color="maroon"> <small> &emsp; &emsp;--- 16 Oct 15:30:12 947 - <b>0</b> - Page Load Wait: (Sync) - ICar.support.Utils.waitForPageLoad(Utils.java:109)</small> </font> </div>
<div class="test-event"> <font color="maroon"> <small> &emsp; &emsp;--- 16 Oct 15:30:13 015 - Element is displayed:: [[ChromeDriver: chrome on WINDOWS (b951ec23249d238cd6b4a1eb21304808)] -> css selector: button.slds-button]</small> </font> </div>
<div class="test-message">&emsp;3. Sign up page is displayed successfully</div>
<div class="test-message">&emsp;Successfully navigated to 'Sign up' Page&emsp;<a href=".\ScreenShot\ICar_B2B_TC001_60180428005400.png" target="_blank" >[ScreenShot]</a></div>
<div class="test-message">&emsp;4. Entering the user information and check the Successful message</div>
<div class="test-event"> <font color="maroon"> <small> &emsp; &emsp;--- 16 Oct 15:30:13 978 - Element is displayed:: [[ChromeDriver: chrome on WINDOWS (b951ec23249d238cd6b4a1eb21304808)] -> xpath: //input[@placeholder='Enter Your First Name']]</small> </font> </div>
<div class="test-event"> <font color="maroon"> <small> &emsp; &emsp;--- 16 Oct 15:30:14 211 - Element is displayed:: [[ChromeDriver: chrome on WINDOWS (b951ec23249d238cd6b4a1eb21304808)] -> xpath: //input[@placeholder='Enter Your Last Name']]</small> </font> </div>
<div class="test-event"> <font color="maroon"> <small> &emsp; &emsp;--- 16 Oct 15:30:14 436 - Element is displayed:: [[ChromeDriver: chrome on WINDOWS (b951ec23249d238cd6b4a1eb21304808)] -> xpath: //input[@placeholder='Enter Your Email']]</small> </font> </div>
<div class="test-event"> <font color="maroon"> <small> &emsp; &emsp;--- 16 Oct 15:30:14 713 - Element is displayed:: [[ChromeDriver: chrome on WINDOWS (b951ec23249d238cd6b4a1eb21304808)] -> xpath: //input[@placeholder='Re-enter Your Email']]</small> </font> </div>
<div class="test-event"> <font color="maroon"> <small> &emsp; &emsp;--- 16 Oct 15:30:15 011 - Element is displayed:: [[ChromeDriver: chrome on WINDOWS (b951ec23249d238cd6b4a1eb21304808)] -> xpath: //input[@placeholder='Create a Username']]</small> </font> </div>
<div class="test-event"> <font color="maroon"> <small> &emsp; &emsp;--- 16 Oct 15:30:15 260 - Element is displayed:: [[ChromeDriver: chrome on WINDOWS (b951ec23249d238cd6b4a1eb21304808)] -> xpath: //label[contains(text(),'Password')]/following-sibling::div//input]</small> </font> </div>
<div class="test-event"> <font color="maroon"> <small> &emsp; &emsp;--- 16 Oct 15:30:15 516 - Element is displayed:: [[ChromeDriver: chrome on WINDOWS (b951ec23249d238cd6b4a1eb21304808)] -> xpath: //input[@placeholder='Re-enter Your Password']]</small> </font> </div>
<div class="test-event"> <font color="maroon"> <small> &emsp; &emsp;--- 16 Oct 15:30:15 820 - Element is displayed:: [[ChromeDriver: chrome on WINDOWS (b951ec23249d238cd6b4a1eb21304808)] -> xpath: //input[@placeholder='Enter Your Street Address']]</small> </font> </div>
<div class="test-event"> <font color="maroon"> <small> &emsp; &emsp;--- 16 Oct 15:30:16 093 - Element is displayed:: [[ChromeDriver: chrome on WINDOWS (b951ec23249d238cd6b4a1eb21304808)] -> xpath: //input[@placeholder='Enter Your City']]</small> </font> </div>
<div class="test-event"> <font color="maroon"> <small> &emsp; &emsp;--- 16 Oct 15:30:16 314 - Element is displayed:: [[ChromeDriver: chrome on WINDOWS (b951ec23249d238cd6b4a1eb21304808)] -> name: States]</small> </font> </div>
<div class="test-event"> <font color="maroon"> <small> &emsp; &emsp;--- 16 Oct 15:30:18 408 - Element is displayed:: [[ChromeDriver: chrome on WINDOWS (b951ec23249d238cd6b4a1eb21304808)] -> name: States]</small> </font> </div>
<div class="test-event"> <font color="maroon"> <small> &emsp; &emsp;--- 16 Oct 15:30:18 612 - Element is displayed:: [[ChromeDriver: chrome on WINDOWS (b951ec23249d238cd6b4a1eb21304808)] -> xpath: //label[contains(text(),'Zipcode')]/following-sibling::div//input]</small> </font> </div>
<div class="test-event"> <font color="maroon"> <small> &emsp; &emsp;--- 16 Oct 15:30:18 810 - Element is displayed:: [[ChromeDriver: chrome on WINDOWS (b951ec23249d238cd6b4a1eb21304808)] -> name: Countries]</small> </font> </div>
<div class="test-event"> <font color="maroon"> <small> &emsp; &emsp;--- 16 Oct 15:30:21 053 - Element is displayed:: [[ChromeDriver: chrome on WINDOWS (b951ec23249d238cd6b4a1eb21304808)] -> xpath: //label[contains(text(),'Preferred Phone Type')]/following-sibling::div//select]</small> </font> </div>
<div class="test-event"> <font color="maroon"> <small> &emsp; &emsp;--- 16 Oct 15:30:23 176 - Element is displayed:: [[ChromeDriver: chrome on WINDOWS (b951ec23249d238cd6b4a1eb21304808)] -> xpath: //label[contains(text(),'Preferred Phone Type')]/following-sibling::div//select]</small> </font> </div>
<div class="test-event"> <font color="maroon"> <small> &emsp; &emsp;--- 16 Oct 15:30:23 342 - Element is displayed:: [[ChromeDriver: chrome on WINDOWS (b951ec23249d238cd6b4a1eb21304808)] -> xpath: //label[contains(text(),'Home Phone')]/following-sibling::div//input]</small> </font> </div>
<div class="test-event"> <font color="maroon"> <small> &emsp; &emsp;--- 16 Oct 15:30:23 569 - Element is displayed:: [[ChromeDriver: chrome on WINDOWS (b951ec23249d238cd6b4a1eb21304808)] -> name: PreferedLanguage]</small> </font> </div>
<div class="test-event"> <font color="maroon"> <small> &emsp; &emsp;--- 16 Oct 15:30:25 735 - Element is displayed:: [[ChromeDriver: chrome on WINDOWS (b951ec23249d238cd6b4a1eb21304808)] -> name: PreferedLanguage]</small> </font> </div>
<div class="test-event"> <font color="maroon"> <small> &emsp; &emsp;--- 16 Oct 15:30:25 923 - Element is displayed:: [[ChromeDriver: chrome on WINDOWS (b951ec23249d238cd6b4a1eb21304808)] -> xpath: //span[text()='Estimator']/preceding-sibling::span]</small> </font> </div>
<div class="test-event"> <font color="maroon"> <small> &emsp; &emsp;--- 16 Oct 15:30:28 086 - Element is displayed:: [[ChromeDriver: chrome on WINDOWS (b951ec23249d238cd6b4a1eb21304808)] -> xpath: //span[text()='Estimator']/preceding-sibling::span]</small> </font> </div>
<div class="test-event"> <font color="maroon"> <small> &emsp; &emsp;--- 16 Oct 15:30:29 175 - Element is displayed:: [[ChromeDriver: chrome on WINDOWS (b951ec23249d238cd6b4a1eb21304808)] -> xpath: //span[text()='Non-Structural Technician']/preceding-sibling::span]</small> </font> </div>
<div class="test-event"> <font color="maroon"> <small> &emsp; &emsp;--- 16 Oct 15:30:31 301 - Element is displayed:: [[ChromeDriver: chrome on WINDOWS (b951ec23249d238cd6b4a1eb21304808)] -> xpath: //span[text()='Non-Structural Technician']/preceding-sibling::span]</small> </font> </div>
<div class="test-event"> <font color="maroon"> <small> &emsp; &emsp;--- 16 Oct 15:30:32 458 - Element is displayed:: [[ChromeDriver: chrome on WINDOWS (b951ec23249d238cd6b4a1eb21304808)] -> xpath: //label[contains(text(),'I Accept the Following')]/preceding-sibling::lightning-input//div/span/input]</small> </font> </div>
<div class="test-event"> <font color="maroon"> <small> &emsp; &emsp;--- 16 Oct 15:30:32 541 - Element is displayed:: [[ChromeDriver: chrome on WINDOWS (b951ec23249d238cd6b4a1eb21304808)] -> css selector: button.slds-button]</small> </font> </div>
<div class="test-event"> <font color="maroon"> <small> &emsp; &emsp;--- 16 Oct 15:30:34 638 - Element is displayed:: [[ChromeDriver: chrome on WINDOWS (b951ec23249d238cd6b4a1eb21304808)] -> css selector: button.slds-button]</small> </font> </div>
<div class="test-event"> <font color="maroon"> <small> &emsp; &emsp;--- 16 Oct 15:30:34 716 - Page URL:: https://my.icarstage.com/s/self-register</small> </font> </div>
<div class="test-event"> <font color="maroon"> <small> &emsp; &emsp;--- 16 Oct 15:30:34 716 - Page Load Wait </small> </font> </div>
<div class="test-event"> <font color="maroon"> <small> &emsp; &emsp;--- 16 Oct 15:31:04 746 - Catched spinner load exception due to Expected condition failed: waiting for ICar.support.WaitUtils$4@636673a3 (tried for 30 second(s) with 500 milliseconds interval)</small> </font> </div>
<div class="test-event"> <font color="maroon"> <small> &emsp; &emsp;--- 16 Oct 15:31:04 746 - <b>30</b> - Spinner Load Wait: (Sync) - ICar.support.WaitUtils.waitForSpinner(WaitUtils.java:225)</small> </font> </div>
<div class="test-event"> <font color="maroon"> <small> &emsp; &emsp;--- 16 Oct 15:31:04 793 - Element is displayed:: [[ChromeDriver: chrome on WINDOWS (b951ec23249d238cd6b4a1eb21304808)] -> css selector: div.cDcselfRegister > div p > b:nth-child(8)]</small> </font> </div>
<div class="test-message">&emsp;Successfully created I-Car Account with UserName : ashleigh.considine And I-car id : 3131549&emsp;<a href=".\ScreenShot\ICar_B2B_TC001_60232252028700.png" target="_blank" >[ScreenShot]</a></div>
<div class="test-result"><br><font color="green"><strong> Test Passed. </strong></font> </div>&emsp;
&emsp;<div class="test-title"> <strong><font size = "3" color = "#0000FF">---Test Execution Ends---</font> </strong> </div>&emsp;
<div class="test-event"> <font color="maroon"> <small> &emsp; &emsp;--- 16 Oct 15:31:05 521 - TestCaseID:: ICar_B2B_TC003</small> </font> </div>
<div class="test-event"> <font color="maroon"> <small> &emsp; &emsp;--- 16 Oct 15:31:06 970 - <b>1</b> - Driver::initialize::Get - ICar.support.WebDriverFactory.getDriver(WebDriverFactory.java:640)</small> </font> </div>
&emsp;<div class="test-title"> <strong><font size = "3" color = "#000080">Verify login application with student credentails</font> </strong> </div>&emsp;<div><strong>Steps:</strong></div><!-- Report -->&emsp;
<div class="test-event"> <font color="maroon"> <small> &emsp; &emsp;--- 16 Oct 15:31:12 591 - Element is displayed:: [[ChromeDriver: chrome on WINDOWS (5cf2cf86ed306a428f7d5be92e15638f)] -> xpath: //a/img[@alt='Login Image']|//button[@id='btn-login']]</small> </font> </div>
<div class="test-event"> <font color="maroon"> <small> &emsp; &emsp;--- 16 Oct 15:31:12 661 - Element is displayed:: [[ChromeDriver: chrome on WINDOWS (5cf2cf86ed306a428f7d5be92e15638f)] -> xpath: //a/img[@alt='Login Image']|//button[@id='btn-login']]</small> </font> </div>
<div class="test-message">&emsp;Successfully navigated to 'Home' Page&emsp;<a href=".\ScreenShot\ICar_B2B_TC003_60240074946400.png" target="_blank" >[ScreenShot]</a></div>
<div class="test-message">&emsp;1. Home page is launched.</div>
<div class="test-event"> <font color="maroon"> <small> &emsp; &emsp;--- 16 Oct 15:31:13 388 - Page URL:: https://www.icarstage.com/</small> </font> </div>
<div class="test-event"> <font color="maroon"> <small> &emsp; &emsp;--- 16 Oct 15:31:13 388 - <b>0</b> - Page Load Wait: (Sync) - ICar.support.Utils.waitForPageLoad(Utils.java:109)</small> </font> </div>
<div class="test-event"> <font color="maroon"> <small> &emsp; &emsp;--- 16 Oct 15:31:13 425 - Element is displayed:: [[ChromeDriver: chrome on WINDOWS (5cf2cf86ed306a428f7d5be92e15638f)] -> xpath: //a/img[@alt='Login Image']|//button[@id='btn-login']]</small> </font> </div>
<div class="test-event"> <font color="maroon"> <small> &emsp; &emsp;--- 16 Oct 15:31:13 485 - Element is displayed:: [[ChromeDriver: chrome on WINDOWS (5cf2cf86ed306a428f7d5be92e15638f)] -> xpath: //a/img[@alt='Login Image']|//button[@id='btn-login']]</small> </font> </div>
<div class="test-event"> <font color="maroon"> <small> &emsp; &emsp;--- 16 Oct 15:31:31 608 - Catched spinner load exception due to Expected condition failed: waiting for ICar.support.WaitUtils$4@636673a3 (tried for 15 second(s) with 500 milliseconds interval)</small> </font> </div>
<div class="test-event"> <font color="maroon"> <small> &emsp; &emsp;--- 16 Oct 15:31:31 608 - <b>15</b> - Spinner Load Wait: (Sync) - ICar.support.WaitUtils.waitForSpinner(WaitUtils.java:225)</small> </font> </div>
<div class="test-message">&emsp;2. Navigate to 'Login Page'</div>
<div class="test-message">&emsp;Successfully navigated to 'Login' Page&emsp;<a href=".\ScreenShot\ICar_B2B_TC003_60259024549400.png" target="_blank" >[ScreenShot]</a></div>
<div class="test-event"> <font color="maroon"> <small> &emsp; &emsp;--- 16 Oct 15:31:31 792 - Element is displayed:: [[ChromeDriver: chrome on WINDOWS (5cf2cf86ed306a428f7d5be92e15638f)] -> id: username]</small> </font> </div>
<div class="test-event"> <font color="maroon"> <small> &emsp; &emsp;--- 16 Oct 15:31:31 855 - Element is displayed:: [[ChromeDriver: chrome on WINDOWS (5cf2cf86ed306a428f7d5be92e15638f)] -> id: username]</small> </font> </div>
<div class="test-event"> <font color="maroon"> <small> &emsp; &emsp;--- 16 Oct 15:31:32 069 - Element is displayed:: [[ChromeDriver: chrome on WINDOWS (5cf2cf86ed306a428f7d5be92e15638f)] -> id: password]</small> </font> </div>
<div class="test-event"> <font color="maroon"> <small> &emsp; &emsp;--- 16 Oct 15:31:32 262 - Element is displayed:: [[ChromeDriver: chrome on WINDOWS (5cf2cf86ed306a428f7d5be92e15638f)] -> id: btn-login]</small> </font> </div>
<div class="test-event"> <font color="maroon"> <small> &emsp; &emsp;--- 16 Oct 15:31:37 894 - Catched spinner load exception due to Expected condition failed: waiting for ICar.support.WaitUtils$4@636673a3 (tried for 3 second(s) with 500 milliseconds interval)</small> </font> </div>
<div class="test-event"> <font color="maroon"> <small> &emsp; &emsp;--- 16 Oct 15:31:37 894 - <b>5</b> - Spinner Load Wait: (Sync) - ICar.support.WaitUtils.waitForSpinner(WaitUtils.java:225)</small> </font> </div>
<div class="test-event"> <font color="maroon"> <small> &emsp; &emsp;--- 16 Oct 15:32:01 126 - Catched spinner load exception due to Expected condition failed: waiting for ICar.support.WaitUtils$4@636673a3 (tried for 10 second(s) with 500 milliseconds interval)</small> </font> </div>
<div class="test-event"> <font color="maroon"> <small> &emsp; &emsp;--- 16 Oct 15:32:01 126 - <b>10</b> - Spinner Load Wait: (Sync) - ICar.support.WaitUtils.waitForSpinner(WaitUtils.java:225)</small> </font> </div>
<div class="test-event"> <font color="maroon"> <small> &emsp; &emsp;--- 16 Oct 15:32:01 203 - Element is displayed:: [[ChromeDriver: chrome on WINDOWS (5cf2cf86ed306a428f7d5be92e15638f)] -> xpath: //button[@value='Launch My Learning']]</small> </font> </div>
<div class="test-message">&emsp;3. Enter the user credentials as : Angielex</div>
<div class="test-message">&emsp;Successfully navigated to 'User Home' Page&emsp;<a href=".\ScreenShot\ICar_B2B_TC003_60288615833300.png" target="_blank" >[ScreenShot]</a></div>
<div class="test-message">&emsp;4. verify the links are present for this user role:Student</div>
<div class="test-event"> <font color="maroon"> <small> &emsp; &emsp;--- 16 Oct 15:32:01 404 - Element is displayed:: [[ChromeDriver: chrome on WINDOWS (5cf2cf86ed306a428f7d5be92e15638f)] -> xpath: //a[text()='My Training']]</small> </font> </div>
<div class="test-event"> <font color="maroon"> <small> &emsp; &emsp;--- 16 Oct 15:32:01 477 - Element is displayed:: [[ChromeDriver: chrome on WINDOWS (5cf2cf86ed306a428f7d5be92e15638f)] -> xpath: //a[text()='Browse Catalog']]</small> </font> </div>
<div class="test-event"> <font color="maroon"> <small> &emsp; &emsp;--- 16 Oct 15:32:01 552 - Element is displayed:: [[ChromeDriver: chrome on WINDOWS (5cf2cf86ed306a428f7d5be92e15638f)] -> xpath: //a[text()='Virtual Seat Assignments']]</small> </font> </div>
<div class="test-message">&emsp;
 Successfuly verfied the links in the User page&emsp;<a href=".\ScreenShot\ICar_B2B_TC003_60288985360700.png" target="_blank" >[ScreenShot]</a></div>
<div class="test-event"> <font color="maroon"> <small> &emsp; &emsp;--- 16 Oct 15:32:01 933 - Page URL:: https://www.icarstage.com/</small> </font> </div>
<div class="test-event"> <font color="maroon"> <small> &emsp; &emsp;--- 16 Oct 15:32:01 933 - <b>0</b> - Page Load Wait: (Sync) - ICar.support.Utils.waitForPageLoad(Utils.java:109)</small> </font> </div>
<div class="test-event"> <font color="maroon"> <small> &emsp; &emsp;--- 16 Oct 15:32:01 994 - Element is displayed:: [[ChromeDriver: chrome on WINDOWS (5cf2cf86ed306a428f7d5be92e15638f)] -> xpath: //p[text()='Launch My Learning']]</small> </font> </div>
<div class="test-event"> <font color="maroon"> <small> &emsp; &emsp;--- 16 Oct 15:32:02 035 - Element is displayed:: [[ChromeDriver: chrome on WINDOWS (5cf2cf86ed306a428f7d5be92e15638f)] -> xpath: //img[@alt='Logout']]</small> </font> </div>
<div class="test-event"> <font color="maroon"> <small> &emsp; &emsp;--- 16 Oct 15:32:02 087 - Element is displayed:: [[ChromeDriver: chrome on WINDOWS (5cf2cf86ed306a428f7d5be92e15638f)] -> xpath: //img[@alt='Logout']]</small> </font> </div>
<div class="test-event"> <font color="maroon"> <small> &emsp; &emsp;--- 16 Oct 15:33:09 870 - Unable to find an element after 15 sec ==> Proxy element for: AjaxElementLocator 'By.xpath: //button[@id='btn-login']'</small> </font> </div>
<div class="test-event"> <font color="maroon"> <small> &emsp; &emsp;--- 16 Oct 15:33:24 918 - Catched spinner load exception due to Expected condition failed: waiting for ICar.support.WaitUtils$4@636673a3 (tried for 15 second(s) with 500 milliseconds interval)</small> </font> </div>
<div class="test-event"> <font color="maroon"> <small> &emsp; &emsp;--- 16 Oct 15:33:24 918 - <b>15</b> - Spinner Load Wait: (Sync) - ICar.support.WaitUtils.waitForSpinner(WaitUtils.java:225)</small> </font> </div>
<div class="test-event"> <font color="maroon"> <small> &emsp; &emsp;--- 16 Oct 15:33:25 092 - Element is displayed:: [[ChromeDriver: chrome on WINDOWS (5cf2cf86ed306a428f7d5be92e15638f)] -> xpath: //a/img[@alt='Login Image']|//button[@id='btn-login']]</small> </font> </div>
<div class="test-event"> <font color="maroon"> <small> &emsp; &emsp;--- 16 Oct 15:33:25 149 - Element is displayed:: [[ChromeDriver: chrome on WINDOWS (5cf2cf86ed306a428f7d5be92e15638f)] -> xpath: //a/img[@alt='Login Image']|//button[@id='btn-login']]</small> </font> </div>
<div class="test-message">&emsp;Logout succesfull</div>
<div class="test-result"><br><font color="green"><strong> Test Passed. </strong></font> </div>&emsp;
&emsp;<div class="test-title"> <strong><font size = "3" color = "#0000FF">---Test Execution Ends---</font> </strong> </div>&emsp;
<div class="test-event"> <font color="maroon"> <small> &emsp; &emsp;--- 16 Oct 15:33:25 595 - TestCaseID:: ICar_B2B_TC004</small> </font> </div>
<div class="test-event"> <font color="maroon"> <small> &emsp; &emsp;--- 16 Oct 15:33:26 806 - <b>1</b> - Driver::initialize::Get - ICar.support.WebDriverFactory.getDriver(WebDriverFactory.java:640)</small> </font> </div>
&emsp;<div class="test-title"> <strong><font size = "3" color = "#000080">Verify student profile displayed with required inputs in the student dashboard</font> </strong> </div>&emsp;<div><strong>Steps:</strong></div><!-- Report -->&emsp;
<div class="test-event"> <font color="maroon"> <small> &emsp; &emsp;--- 16 Oct 15:33:32 291 - Element is displayed:: [[ChromeDriver: chrome on WINDOWS (9b90ba784229559da80257af10c6c0da)] -> xpath: //a/img[@alt='Login Image']|//button[@id='btn-login']]</small> </font> </div>
<div class="test-event"> <font color="maroon"> <small> &emsp; &emsp;--- 16 Oct 15:33:32 364 - Element is displayed:: [[ChromeDriver: chrome on WINDOWS (9b90ba784229559da80257af10c6c0da)] -> xpath: //a/img[@alt='Login Image']|//button[@id='btn-login']]</small> </font> </div>
<div class="test-message">&emsp;Successfully navigated to 'Home' Page&emsp;<a href=".\ScreenShot\ICar_B2B_TC004_60379777209800.png" target="_blank" >[ScreenShot]</a></div>
<div class="test-message">&emsp;1. Home page is launched.</div>
<div class="test-event"> <font color="maroon"> <small> &emsp; &emsp;--- 16 Oct 15:33:32 799 - Page URL:: https://www.icarstage.com/</small> </font> </div>
<div class="test-event"> <font color="maroon"> <small> &emsp; &emsp;--- 16 Oct 15:33:32 799 - <b>0</b> - Page Load Wait: (Sync) - ICar.support.Utils.waitForPageLoad(Utils.java:109)</small> </font> </div>
<div class="test-event"> <font color="maroon"> <small> &emsp; &emsp;--- 16 Oct 15:33:32 857 - Element is displayed:: [[ChromeDriver: chrome on WINDOWS (9b90ba784229559da80257af10c6c0da)] -> xpath: //a/img[@alt='Login Image']|//button[@id='btn-login']]</small> </font> </div>
<div class="test-event"> <font color="maroon"> <small> &emsp; &emsp;--- 16 Oct 15:33:32 929 - Element is displayed:: [[ChromeDriver: chrome on WINDOWS (9b90ba784229559da80257af10c6c0da)] -> xpath: //a/img[@alt='Login Image']|//button[@id='btn-login']]</small> </font> </div>
<div class="test-event"> <font color="maroon"> <small> &emsp; &emsp;--- 16 Oct 15:33:51 145 - Catched spinner load exception due to Expected condition failed: waiting for ICar.support.WaitUtils$4@636673a3 (tried for 15 second(s) with 500 milliseconds interval)</small> </font> </div>
<div class="test-event"> <font color="maroon"> <small> &emsp; &emsp;--- 16 Oct 15:33:51 146 - <b>15</b> - Spinner Load Wait: (Sync) - ICar.support.WaitUtils.waitForSpinner(WaitUtils.java:225)</small> </font> </div>
<div class="test-message">&emsp;2. Navigate to 'Login Page'</div>
<div class="test-message">&emsp;Successfully navigated to 'Login' Page&emsp;<a href=".\ScreenShot\ICar_B2B_TC004_60398562568700.png" target="_blank" >[ScreenShot]</a></div>
<div class="test-event"> <font color="maroon"> <small> &emsp; &emsp;--- 16 Oct 15:33:51 463 - Element is displayed:: [[ChromeDriver: chrome on WINDOWS (9b90ba784229559da80257af10c6c0da)] -> id: username]</small> </font> </div>
<div class="test-event"> <font color="maroon"> <small> &emsp; &emsp;--- 16 Oct 15:33:51 539 - Element is displayed:: [[ChromeDriver: chrome on WINDOWS (9b90ba784229559da80257af10c6c0da)] -> id: username]</small> </font> </div>
<div class="test-event"> <font color="maroon"> <small> &emsp; &emsp;--- 16 Oct 15:33:51 740 - Element is displayed:: [[ChromeDriver: chrome on WINDOWS (9b90ba784229559da80257af10c6c0da)] -> id: password]</small> </font> </div>
<div class="test-event"> <font color="maroon"> <small> &emsp; &emsp;--- 16 Oct 15:33:51 914 - Element is displayed:: [[ChromeDriver: chrome on WINDOWS (9b90ba784229559da80257af10c6c0da)] -> id: btn-login]</small> </font> </div>
<div class="test-event"> <font color="maroon"> <small> &emsp; &emsp;--- 16 Oct 15:33:57 454 - Catched spinner load exception due to Expected condition failed: waiting for ICar.support.WaitUtils$4@636673a3 (tried for 3 second(s) with 500 milliseconds interval)</small> </font> </div>
<div class="test-event"> <font color="maroon"> <small> &emsp; &emsp;--- 16 Oct 15:33:57 454 - <b>5</b> - Spinner Load Wait: (Sync) - ICar.support.WaitUtils.waitForSpinner(WaitUtils.java:225)</small> </font> </div>
<div class="test-event"> <font color="maroon"> <small> &emsp; &emsp;--- 16 Oct 15:34:19 851 - Catched spinner load exception due to Expected condition failed: waiting for ICar.support.WaitUtils$4@636673a3 (tried for 10 second(s) with 500 milliseconds interval)</small> </font> </div>
<div class="test-event"> <font color="maroon"> <small> &emsp; &emsp;--- 16 Oct 15:34:19 851 - <b>10</b> - Spinner Load Wait: (Sync) - ICar.support.WaitUtils.waitForSpinner(WaitUtils.java:225)</small> </font> </div>
<div class="test-event"> <font color="maroon"> <small> &emsp; &emsp;--- 16 Oct 15:34:19 930 - Element is displayed:: [[ChromeDriver: chrome on WINDOWS (9b90ba784229559da80257af10c6c0da)] -> xpath: //button[@value='Launch My Learning']]</small> </font> </div>
<div class="test-message">&emsp;3. Enter the user credentials as : Angielex</div>
<div class="test-message">&emsp;Successfully navigated to 'User Home' Page&emsp;<a href=".\ScreenShot\ICar_B2B_TC004_60427343259600.png" target="_blank" >[ScreenShot]</a></div>
<div class="test-message">&emsp;4. Navigate to Student profile</div>
<div class="test-event"> <font color="maroon"> <small> &emsp; &emsp;--- 16 Oct 15:34:20 305 - Page URL:: https://www.icarstage.com/</small> </font> </div>
<div class="test-event"> <font color="maroon"> <small> &emsp; &emsp;--- 16 Oct 15:34:20 305 - <b>0</b> - Page Load Wait: (Sync) - ICar.support.Utils.waitForPageLoad(Utils.java:109)</small> </font> </div>
<div class="test-event"> <font color="maroon"> <small> &emsp; &emsp;--- 16 Oct 15:34:20 364 - Element is displayed:: [[ChromeDriver: chrome on WINDOWS (9b90ba784229559da80257af10c6c0da)] -> xpath: //p[text()='Launch My Learning']]</small> </font> </div>
<div class="test-event"> <font color="maroon"> <small> &emsp; &emsp;--- 16 Oct 15:34:20 403 - Element is displayed:: [[ChromeDriver: chrome on WINDOWS (9b90ba784229559da80257af10c6c0da)] -> xpath: //lightning-layout[@class='left-margin slds-align_absolute-center slds-grid slds-grid_align-spread slds-wrap']//lightning-layout-item[2]//a]</small> </font> </div>
<div class="test-event"> <font color="maroon"> <small> &emsp; &emsp;--- 16 Oct 15:34:22 487 - Element is displayed:: [[ChromeDriver: chrome on WINDOWS (9b90ba784229559da80257af10c6c0da)] -> xpath: //lightning-layout[@class='left-margin slds-align_absolute-center slds-grid slds-grid_align-spread slds-wrap']//lightning-layout-item[2]//a]</small> </font> </div>
<div class="test-event"> <font color="maroon"> <small> &emsp; &emsp;--- 16 Oct 15:34:22 685 - Element is displayed:: [[ChromeDriver: chrome on WINDOWS (9b90ba784229559da80257af10c6c0da)] -> xpath: (//a[@class='NOVAMenu'])[1]]</small> </font> </div>
<div class="test-event"> <font color="maroon"> <small> &emsp; &emsp;--- 16 Oct 15:34:22 743 - Element is displayed:: [[ChromeDriver: chrome on WINDOWS (9b90ba784229559da80257af10c6c0da)] -> xpath: (//a[@class='NOVAMenu'])[1]]</small> </font> </div>
<div class="test-event"> <font color="maroon"> <small> &emsp; &emsp;--- 16 Oct 15:34:42 750 - Catched spinner load exception due to Expected condition failed: waiting for ICar.support.WaitUtils$4@636673a3 (tried for 15 second(s) with 500 milliseconds interval)</small> </font> </div>
<div class="test-event"> <font color="maroon"> <small> &emsp; &emsp;--- 16 Oct 15:34:42 750 - <b>15</b> - Spinner Load Wait: (Sync) - ICar.support.WaitUtils.waitForSpinner(WaitUtils.java:225)</small> </font> </div>
<div class="test-event"> <font color="maroon"> <small> &emsp; &emsp;--- 16 Oct 15:34:42 868 - Page URL:: https://www.icarstage.com/myprofile</small> </font> </div>
<div class="test-event"> <font color="maroon"> <small> &emsp; &emsp;--- 16 Oct 15:34:42 868 - <b>0</b> - Page Load Wait: (Sync) - ICar.support.Utils.waitForPageLoad(Utils.java:109)</small> </font> </div>
<!--FAIL-->
<div class="test-result"><br><font color="red"><strong> Index 0 out of bounds for length 0 </strong></font> <a href=".\ScreenShot\ICar_B2B_TC004_60456733584300.png" target="_blank" >[ScreenShot]</a></div>&emsp;
&emsp;<div class="test-title"> <strong><font size = "3" color = "#0000FF">---Test Execution Ends---</font> </strong> </div>&emsp;
<div class="test-event"> <font color="maroon"> <small> &emsp; &emsp;--- 16 Oct 15:34:50 029 - TestCaseID:: ICar_B2B_TC005</small> </font> </div>
<div class="test-event"> <font color="maroon"> <small> &emsp; &emsp;--- 16 Oct 15:34:51 383 - <b>1</b> - Driver::initialize::Get - ICar.support.WebDriverFactory.getDriver(WebDriverFactory.java:640)</small> </font> </div>
&emsp;<div class="test-title"> <strong><font size = "3" color = "#000080">Verify editing student profile details gets updated</font> </strong> </div>&emsp;<div><strong>Steps:</strong></div><!-- Report -->&emsp;
<div class="test-event"> <font color="maroon"> <small> &emsp; &emsp;--- 16 Oct 15:34:56 606 - Element is displayed:: [[ChromeDriver: chrome on WINDOWS (f54d3b0bea125443c2fb64120a36ef90)] -> xpath: //a/img[@alt='Login Image']|//button[@id='btn-login']]</small> </font> </div>
<div class="test-event"> <font color="maroon"> <small> &emsp; &emsp;--- 16 Oct 15:34:56 716 - Element is displayed:: [[ChromeDriver: chrome on WINDOWS (f54d3b0bea125443c2fb64120a36ef90)] -> xpath: //a/img[@alt='Login Image']|//button[@id='btn-login']]</small> </font> </div>
<div class="test-message">&emsp;Successfully navigated to 'Home' Page&emsp;<a href=".\ScreenShot\ICar_B2B_TC005_60464128911800.png" target="_blank" >[ScreenShot]</a></div>
<div class="test-message">&emsp;1. Home page is launched.</div>
<div class="test-event"> <font color="maroon"> <small> &emsp; &emsp;--- 16 Oct 15:34:57 128 - Page URL:: https://www.icarstage.com/</small> </font> </div>
<div class="test-event"> <font color="maroon"> <small> &emsp; &emsp;--- 16 Oct 15:34:57 128 - <b>0</b> - Page Load Wait: (Sync) - ICar.support.Utils.waitForPageLoad(Utils.java:109)</small> </font> </div>
<div class="test-event"> <font color="maroon"> <small> &emsp; &emsp;--- 16 Oct 15:34:57 185 - Element is displayed:: [[ChromeDriver: chrome on WINDOWS (f54d3b0bea125443c2fb64120a36ef90)] -> xpath: //a/img[@alt='Login Image']|//button[@id='btn-login']]</small> </font> </div>
<div class="test-event"> <font color="maroon"> <small> &emsp; &emsp;--- 16 Oct 15:34:57 302 - Element is displayed:: [[ChromeDriver: chrome on WINDOWS (f54d3b0bea125443c2fb64120a36ef90)] -> xpath: //a/img[@alt='Login Image']|//button[@id='btn-login']]</small> </font> </div>
<div class="test-event"> <font color="maroon"> <small> &emsp; &emsp;--- 16 Oct 15:35:15 886 - Catched spinner load exception due to Expected condition failed: waiting for ICar.support.WaitUtils$4@636673a3 (tried for 15 second(s) with 500 milliseconds interval)</small> </font> </div>
<div class="test-event"> <font color="maroon"> <small> &emsp; &emsp;--- 16 Oct 15:35:15 887 - <b>15</b> - Spinner Load Wait: (Sync) - ICar.support.WaitUtils.waitForSpinner(WaitUtils.java:225)</small> </font> </div>
<div class="test-message">&emsp;2. Navigate to 'Login Page'</div>
<div class="test-message">&emsp;Successfully navigated to 'Login' Page&emsp;<a href=".\ScreenShot\ICar_B2B_TC005_60483303169900.png" target="_blank" >[ScreenShot]</a></div>
<div class="test-event"> <font color="maroon"> <small> &emsp; &emsp;--- 16 Oct 15:35:16 083 - Element is displayed:: [[ChromeDriver: chrome on WINDOWS (f54d3b0bea125443c2fb64120a36ef90)] -> id: username]</small> </font> </div>
<div class="test-event"> <font color="maroon"> <small> &emsp; &emsp;--- 16 Oct 15:35:16 144 - Element is displayed:: [[ChromeDriver: chrome on WINDOWS (f54d3b0bea125443c2fb64120a36ef90)] -> id: username]</small> </font> </div>
<div class="test-event"> <font color="maroon"> <small> &emsp; &emsp;--- 16 Oct 15:35:16 388 - Element is displayed:: [[ChromeDriver: chrome on WINDOWS (f54d3b0bea125443c2fb64120a36ef90)] -> id: password]</small> </font> </div>
<div class="test-event"> <font color="maroon"> <small> &emsp; &emsp;--- 16 Oct 15:35:16 574 - Element is displayed:: [[ChromeDriver: chrome on WINDOWS (f54d3b0bea125443c2fb64120a36ef90)] -> id: btn-login]</small> </font> </div>
<div class="test-event"> <font color="maroon"> <small> &emsp; &emsp;--- 16 Oct 15:35:21 795 - Catched spinner load exception due to Expected condition failed: waiting for ICar.support.WaitUtils$4@636673a3 (tried for 3 second(s) with 500 milliseconds interval)</small> </font> </div>
<div class="test-event"> <font color="maroon"> <small> &emsp; &emsp;--- 16 Oct 15:35:21 795 - <b>5</b> - Spinner Load Wait: (Sync) - ICar.support.WaitUtils.waitForSpinner(WaitUtils.java:225)</small> </font> </div>
<div class="test-event"> <font color="maroon"> <small> &emsp; &emsp;--- 16 Oct 15:35:44 556 - Catched spinner load exception due to Expected condition failed: waiting for ICar.support.WaitUtils$4@636673a3 (tried for 10 second(s) with 500 milliseconds interval)</small> </font> </div>
<div class="test-event"> <font color="maroon"> <small> &emsp; &emsp;--- 16 Oct 15:35:44 557 - <b>10</b> - Spinner Load Wait: (Sync) - ICar.support.WaitUtils.waitForSpinner(WaitUtils.java:225)</small> </font> </div>
<div class="test-event"> <font color="maroon"> <small> &emsp; &emsp;--- 16 Oct 15:35:44 638 - Element is displayed:: [[ChromeDriver: chrome on WINDOWS (f54d3b0bea125443c2fb64120a36ef90)] -> xpath: //button[@value='Launch My Learning']]</small> </font> </div>
<div class="test-message">&emsp;3. Enter the user credentials as : Angielex</div>
<div class="test-message">&emsp;Successfully navigated to 'User Home' Page&emsp;<a href=".\ScreenShot\ICar_B2B_TC005_60512051456900.png" target="_blank" >[ScreenShot]</a></div>
<div class="test-message">&emsp;4. Navigate to Student profile</div>
<div class="test-event"> <font color="maroon"> <small> &emsp; &emsp;--- 16 Oct 15:35:45 002 - Page URL:: https://www.icarstage.com/</small> </font> </div>
<div class="test-event"> <font color="maroon"> <small> &emsp; &emsp;--- 16 Oct 15:35:45 002 - <b>0</b> - Page Load Wait: (Sync) - ICar.support.Utils.waitForPageLoad(Utils.java:109)</small> </font> </div>
<div class="test-event"> <font color="maroon"> <small> &emsp; &emsp;--- 16 Oct 15:35:45 061 - Element is displayed:: [[ChromeDriver: chrome on WINDOWS (f54d3b0bea125443c2fb64120a36ef90)] -> xpath: //p[text()='Launch My Learning']]</small> </font> </div>
<div class="test-event"> <font color="maroon"> <small> &emsp; &emsp;--- 16 Oct 15:35:45 104 - Element is displayed:: [[ChromeDriver: chrome on WINDOWS (f54d3b0bea125443c2fb64120a36ef90)] -> xpath: //lightning-layout[@class='left-margin slds-align_absolute-center slds-grid slds-grid_align-spread slds-wrap']//lightning-layout-item[2]//a]</small> </font> </div>
<div class="test-event"> <font color="maroon"> <small> &emsp; &emsp;--- 16 Oct 15:35:47 183 - Element is displayed:: [[ChromeDriver: chrome on WINDOWS (f54d3b0bea125443c2fb64120a36ef90)] -> xpath: //lightning-layout[@class='left-margin slds-align_absolute-center slds-grid slds-grid_align-spread slds-wrap']//lightning-layout-item[2]//a]</small> </font> </div>
<div class="test-event"> <font color="maroon"> <small> &emsp; &emsp;--- 16 Oct 15:35:47 300 - Element is displayed:: [[ChromeDriver: chrome on WINDOWS (f54d3b0bea125443c2fb64120a36ef90)] -> xpath: (//a[@class='NOVAMenu'])[1]]</small> </font> </div>
<div class="test-event"> <font color="maroon"> <small> &emsp; &emsp;--- 16 Oct 15:35:47 362 - Element is displayed:: [[ChromeDriver: chrome on WINDOWS (f54d3b0bea125443c2fb64120a36ef90)] -> xpath: (//a[@class='NOVAMenu'])[1]]</small> </font> </div>
<div class="test-event"> <font color="maroon"> <small> &emsp; &emsp;--- 16 Oct 15:36:04 351 - Catched spinner load exception due to Expected condition failed: waiting for ICar.support.WaitUtils$4@636673a3 (tried for 15 second(s) with 500 milliseconds interval)</small> </font> </div>
<div class="test-event"> <font color="maroon"> <small> &emsp; &emsp;--- 16 Oct 15:36:04 352 - <b>15</b> - Spinner Load Wait: (Sync) - ICar.support.WaitUtils.waitForSpinner(WaitUtils.java:225)</small> </font> </div>
<div class="test-event"> <font color="maroon"> <small> &emsp; &emsp;--- 16 Oct 15:36:04 495 - Page URL:: https://www.icarstage.com/myprofile</small> </font> </div>
<div class="test-event"> <font color="maroon"> <small> &emsp; &emsp;--- 16 Oct 15:36:04 496 - <b>0</b> - Page Load Wait: (Sync) - ICar.support.Utils.waitForPageLoad(Utils.java:109)</small> </font> </div>
<!--FAIL-->
<div class="test-result"><br><font color="red"><strong> Index 0 out of bounds for length 0 </strong></font> <a href=".\ScreenShot\ICar_B2B_TC005_60538390878100.png" target="_blank" >[ScreenShot]</a></div>&emsp;
&emsp;<div class="test-title"> <strong><font size = "3" color = "#0000FF">---Test Execution Ends---</font> </strong> </div>&emsp;
<div class="test-event"> <font color="maroon"> <small> &emsp; &emsp;--- 16 Oct 15:36:11 784 - TestCaseID:: ICar_B2B_TC006</small> </font> </div>
<div class="test-event"> <font color="maroon"> <small> &emsp; &emsp;--- 16 Oct 15:36:12 662 - <b>0</b> - Driver::initialize::Get - ICar.support.WebDriverFactory.getDriver(WebDriverFactory.java:640)</small> </font> </div>
&emsp;<div class="test-title"> <strong><font size = "3" color = "#000080">Verify the login application and select language as english</font> </strong> </div>&emsp;<div><strong>Steps:</strong></div><!-- Report -->&emsp;
<div class="test-event"> <font color="maroon"> <small> &emsp; &emsp;--- 16 Oct 15:36:18 557 - Element is displayed:: [[ChromeDriver: chrome on WINDOWS (2244ec04e1bda3b66ff76139fd2dfc84)] -> xpath: //a/img[@alt='Login Image']|//button[@id='btn-login']]</small> </font> </div>
<div class="test-event"> <font color="maroon"> <small> &emsp; &emsp;--- 16 Oct 15:36:18 628 - Element is displayed:: [[ChromeDriver: chrome on WINDOWS (2244ec04e1bda3b66ff76139fd2dfc84)] -> xpath: //a/img[@alt='Login Image']|//button[@id='btn-login']]</small> </font> </div>
<div class="test-message">&emsp;Successfully navigated to 'Home' Page&emsp;<a href=".\ScreenShot\ICar_B2B_TC006_60546041432500.png" target="_blank" >[ScreenShot]</a></div>
<div class="test-message">&emsp;1. Home page is launched.</div>
<div class="test-event"> <font color="maroon"> <small> &emsp; &emsp;--- 16 Oct 15:36:19 300 - Page URL:: https://www.icarstage.com/</small> </font> </div>
<div class="test-event"> <font color="maroon"> <small> &emsp; &emsp;--- 16 Oct 15:36:19 301 - <b>0</b> - Page Load Wait: (Sync) - ICar.support.Utils.waitForPageLoad(Utils.java:109)</small> </font> </div>
<div class="test-event"> <font color="maroon"> <small> &emsp; &emsp;--- 16 Oct 15:36:19 378 - Element is displayed:: [[ChromeDriver: chrome on WINDOWS (2244ec04e1bda3b66ff76139fd2dfc84)] -> xpath: //a/img[@alt='Login Image']|//button[@id='btn-login']]</small> </font> </div>
<div class="test-event"> <font color="maroon"> <small> &emsp; &emsp;--- 16 Oct 15:36:19 448 - Element is displayed:: [[ChromeDriver: chrome on WINDOWS (2244ec04e1bda3b66ff76139fd2dfc84)] -> xpath: //a/img[@alt='Login Image']|//button[@id='btn-login']]</small> </font> </div>
<div class="test-event"> <font color="maroon"> <small> &emsp; &emsp;--- 16 Oct 15:36:37 408 - Catched spinner load exception due to Expected condition failed: waiting for ICar.support.WaitUtils$4@636673a3 (tried for 15 second(s) with 500 milliseconds interval)</small> </font> </div>
<div class="test-event"> <font color="maroon"> <small> &emsp; &emsp;--- 16 Oct 15:36:37 408 - <b>15</b> - Spinner Load Wait: (Sync) - ICar.support.WaitUtils.waitForSpinner(WaitUtils.java:225)</small> </font> </div>
<div class="test-message">&emsp;2. Navigate to 'Login Page'</div>
<div class="test-message">&emsp;Successfully navigated to 'Login' Page&emsp;<a href=".\ScreenShot\ICar_B2B_TC006_60564824496900.png" target="_blank" >[ScreenShot]</a></div>
<div class="test-event"> <font color="maroon"> <small> &emsp; &emsp;--- 16 Oct 15:36:37 648 - Element is displayed:: [[ChromeDriver: chrome on WINDOWS (2244ec04e1bda3b66ff76139fd2dfc84)] -> id: username]</small> </font> </div>
<div class="test-event"> <font color="maroon"> <small> &emsp; &emsp;--- 16 Oct 15:36:37 713 - Element is displayed:: [[ChromeDriver: chrome on WINDOWS (2244ec04e1bda3b66ff76139fd2dfc84)] -> id: username]</small> </font> </div>
<div class="test-event"> <font color="maroon"> <small> &emsp; &emsp;--- 16 Oct 15:36:37 937 - Element is displayed:: [[ChromeDriver: chrome on WINDOWS (2244ec04e1bda3b66ff76139fd2dfc84)] -> id: password]</small> </font> </div>
<div class="test-event"> <font color="maroon"> <small> &emsp; &emsp;--- 16 Oct 15:36:38 122 - Element is displayed:: [[ChromeDriver: chrome on WINDOWS (2244ec04e1bda3b66ff76139fd2dfc84)] -> id: btn-login]</small> </font> </div>
<div class="test-event"> <font color="maroon"> <small> &emsp; &emsp;--- 16 Oct 15:36:43 524 - Catched spinner load exception due to Expected condition failed: waiting for ICar.support.WaitUtils$4@636673a3 (tried for 3 second(s) with 500 milliseconds interval)</small> </font> </div>
<div class="test-event"> <font color="maroon"> <small> &emsp; &emsp;--- 16 Oct 15:36:43 524 - <b>5</b> - Spinner Load Wait: (Sync) - ICar.support.WaitUtils.waitForSpinner(WaitUtils.java:225)</small> </font> </div>
<div class="test-event"> <font color="maroon"> <small> &emsp; &emsp;--- 16 Oct 15:37:05 966 - Catched spinner load exception due to Expected condition failed: waiting for ICar.support.WaitUtils$4@636673a3 (tried for 10 second(s) with 500 milliseconds interval)</small> </font> </div>
<div class="test-event"> <font color="maroon"> <small> &emsp; &emsp;--- 16 Oct 15:37:05 966 - <b>10</b> - Spinner Load Wait: (Sync) - ICar.support.WaitUtils.waitForSpinner(WaitUtils.java:225)</small> </font> </div>
<div class="test-event"> <font color="maroon"> <small> &emsp; &emsp;--- 16 Oct 15:37:06 045 - Element is displayed:: [[ChromeDriver: chrome on WINDOWS (2244ec04e1bda3b66ff76139fd2dfc84)] -> xpath: //button[@value='Launch My Learning']]</small> </font> </div>
<div class="test-message">&emsp;3. Enter the user credentials</div>
<div class="test-message">&emsp;Successfully navigated to 'User Home' Page&emsp;<a href=".\ScreenShot\ICar_B2B_TC006_60593457313900.png" target="_blank" >[ScreenShot]</a></div>
<div class="test-message">&emsp;4.Navigating to My profile Page</div>
<div class="test-event"> <font color="maroon"> <small> &emsp; &emsp;--- 16 Oct 15:37:06 449 - Page URL:: https://www.icarstage.com/</small> </font> </div>
<div class="test-event"> <font color="maroon"> <small> &emsp; &emsp;--- 16 Oct 15:37:06 449 - <b>0</b> - Page Load Wait: (Sync) - ICar.support.Utils.waitForPageLoad(Utils.java:109)</small> </font> </div>
<div class="test-event"> <font color="maroon"> <small> &emsp; &emsp;--- 16 Oct 15:37:06 510 - Element is displayed:: [[ChromeDriver: chrome on WINDOWS (2244ec04e1bda3b66ff76139fd2dfc84)] -> xpath: //p[text()='Launch My Learning']]</small> </font> </div>
<div class="test-event"> <font color="maroon"> <small> &emsp; &emsp;--- 16 Oct 15:37:06 550 - Element is displayed:: [[ChromeDriver: chrome on WINDOWS (2244ec04e1bda3b66ff76139fd2dfc84)] -> xpath: //lightning-layout[@class='left-margin slds-align_absolute-center slds-grid slds-grid_align-spread slds-wrap']//lightning-layout-item[2]//a]</small> </font> </div>
<div class="test-event"> <font color="maroon"> <small> &emsp; &emsp;--- 16 Oct 15:37:08 665 - Element is displayed:: [[ChromeDriver: chrome on WINDOWS (2244ec04e1bda3b66ff76139fd2dfc84)] -> xpath: //lightning-layout[@class='left-margin slds-align_absolute-center slds-grid slds-grid_align-spread slds-wrap']//lightning-layout-item[2]//a]</small> </font> </div>
<div class="test-event"> <font color="maroon"> <small> &emsp; &emsp;--- 16 Oct 15:37:08 843 - Element is displayed:: [[ChromeDriver: chrome on WINDOWS (2244ec04e1bda3b66ff76139fd2dfc84)] -> xpath: (//a[@class='NOVAMenu'])[1]]</small> </font> </div>
<div class="test-event"> <font color="maroon"> <small> &emsp; &emsp;--- 16 Oct 15:37:08 907 - Element is displayed:: [[ChromeDriver: chrome on WINDOWS (2244ec04e1bda3b66ff76139fd2dfc84)] -> xpath: (//a[@class='NOVAMenu'])[1]]</small> </font> </div>
<div class="test-event"> <font color="maroon"> <small> &emsp; &emsp;--- 16 Oct 15:37:26 321 - Catched spinner load exception due to Expected condition failed: waiting for ICar.support.WaitUtils$4@636673a3 (tried for 15 second(s) with 500 milliseconds interval)</small> </font> </div>
<div class="test-event"> <font color="maroon"> <small> &emsp; &emsp;--- 16 Oct 15:37:26 321 - <b>15</b> - Spinner Load Wait: (Sync) - ICar.support.WaitUtils.waitForSpinner(WaitUtils.java:225)</small> </font> </div>
<div class="test-event"> <font color="maroon"> <small> &emsp; &emsp;--- 16 Oct 15:37:26 446 - Page URL:: https://www.icarstage.com/myprofile</small> </font> </div>
<div class="test-event"> <font color="maroon"> <small> &emsp; &emsp;--- 16 Oct 15:37:26 446 - <b>0</b> - Page Load Wait: (Sync) - ICar.support.Utils.waitForPageLoad(Utils.java:109)</small> </font> </div>
<!--FAIL-->
<div class="test-result"><br><font color="red"><strong> Index 0 out of bounds for length 0 </strong></font> <a href=".\ScreenShot\ICar_B2B_TC006_60620359970600.png" target="_blank" >[ScreenShot]</a></div>&emsp;
&emsp;<div class="test-title"> <strong><font size = "3" color = "#0000FF">---Test Execution Ends---</font> </strong> </div>&emsp;
<div class="test-event"> <font color="maroon"> <small> &emsp; &emsp;--- 16 Oct 15:37:33 565 - TestCaseID:: ICar_B2B_TC007</small> </font> </div>
<div class="test-event"> <font color="maroon"> <small> &emsp; &emsp;--- 16 Oct 15:37:34 941 - <b>1</b> - Driver::initialize::Get - ICar.support.WebDriverFactory.getDriver(WebDriverFactory.java:640)</small> </font> </div>
&emsp;<div class="test-title"> <strong><font size = "3" color = "#000080">Verify the login application and select language as Spanish</font> </strong> </div>&emsp;<div><strong>Steps:</strong></div><!-- Report -->&emsp;
<div class="test-event"> <font color="maroon"> <small> &emsp; &emsp;--- 16 Oct 15:37:40 971 - Element is displayed:: [[ChromeDriver: chrome on WINDOWS (2b3eb90c01947c26804726b07149d709)] -> xpath: //a/img[@alt='Login Image']|//button[@id='btn-login']]</small> </font> </div>
<div class="test-event"> <font color="maroon"> <small> &emsp; &emsp;--- 16 Oct 15:37:41 102 - Element is displayed:: [[ChromeDriver: chrome on WINDOWS (2b3eb90c01947c26804726b07149d709)] -> xpath: //a/img[@alt='Login Image']|//button[@id='btn-login']]</small> </font> </div>
<div class="test-message">&emsp;Successfully navigated to 'Home' Page&emsp;<a href=".\ScreenShot\ICar_B2B_TC007_60628514301100.png" target="_blank" >[ScreenShot]</a></div>
<div class="test-message">&emsp;1. Home page is launched.</div>
<div class="test-event"> <font color="maroon"> <small> &emsp; &emsp;--- 16 Oct 15:37:41 500 - Page URL:: https://www.icarstage.com/</small> </font> </div>
<div class="test-event"> <font color="maroon"> <small> &emsp; &emsp;--- 16 Oct 15:37:41 500 - <b>0</b> - Page Load Wait: (Sync) - ICar.support.Utils.waitForPageLoad(Utils.java:109)</small> </font> </div>
<div class="test-event"> <font color="maroon"> <small> &emsp; &emsp;--- 16 Oct 15:37:41 544 - Element is displayed:: [[ChromeDriver: chrome on WINDOWS (2b3eb90c01947c26804726b07149d709)] -> xpath: //a/img[@alt='Login Image']|//button[@id='btn-login']]</small> </font> </div>
<div class="test-event"> <font color="maroon"> <small> &emsp; &emsp;--- 16 Oct 15:37:41 617 - Element is displayed:: [[ChromeDriver: chrome on WINDOWS (2b3eb90c01947c26804726b07149d709)] -> xpath: //a/img[@alt='Login Image']|//button[@id='btn-login']]</small> </font> </div>
<div class="test-event"> <font color="maroon"> <small> &emsp; &emsp;--- 16 Oct 15:37:59 384 - Catched spinner load exception due to Expected condition failed: waiting for ICar.support.WaitUtils$4@636673a3 (tried for 15 second(s) with 500 milliseconds interval)</small> </font> </div>
<div class="test-event"> <font color="maroon"> <small> &emsp; &emsp;--- 16 Oct 15:37:59 384 - <b>15</b> - Spinner Load Wait: (Sync) - ICar.support.WaitUtils.waitForSpinner(WaitUtils.java:225)</small> </font> </div>
<div class="test-message">&emsp;2. Navigate to 'Login Page'</div>
<div class="test-message">&emsp;Successfully navigated to 'Login' Page&emsp;<a href=".\ScreenShot\ICar_B2B_TC007_60646800481200.png" target="_blank" >[ScreenShot]</a></div>
<div class="test-event"> <font color="maroon"> <small> &emsp; &emsp;--- 16 Oct 15:37:59 618 - Element is displayed:: [[ChromeDriver: chrome on WINDOWS (2b3eb90c01947c26804726b07149d709)] -> id: username]</small> </font> </div>
<div class="test-event"> <font color="maroon"> <small> &emsp; &emsp;--- 16 Oct 15:37:59 680 - Element is displayed:: [[ChromeDriver: chrome on WINDOWS (2b3eb90c01947c26804726b07149d709)] -> id: username]</small> </font> </div>
<div class="test-event"> <font color="maroon"> <small> &emsp; &emsp;--- 16 Oct 15:37:59 889 - Element is displayed:: [[ChromeDriver: chrome on WINDOWS (2b3eb90c01947c26804726b07149d709)] -> id: password]</small> </font> </div>
<div class="test-event"> <font color="maroon"> <small> &emsp; &emsp;--- 16 Oct 15:38:00 108 - Element is displayed:: [[ChromeDriver: chrome on WINDOWS (2b3eb90c01947c26804726b07149d709)] -> id: btn-login]</small> </font> </div>
<div class="test-event"> <font color="maroon"> <small> &emsp; &emsp;--- 16 Oct 15:38:04 981 - Catched spinner load exception due to Expected condition failed: waiting for ICar.support.WaitUtils$4@636673a3 (tried for 3 second(s) with 500 milliseconds interval)</small> </font> </div>
<div class="test-event"> <font color="maroon"> <small> &emsp; &emsp;--- 16 Oct 15:38:04 981 - <b>4</b> - Spinner Load Wait: (Sync) - ICar.support.WaitUtils.waitForSpinner(WaitUtils.java:225)</small> </font> </div>
<div class="test-event"> <font color="maroon"> <small> &emsp; &emsp;--- 16 Oct 15:38:27 562 - Catched spinner load exception due to Expected condition failed: waiting for ICar.support.WaitUtils$4@636673a3 (tried for 10 second(s) with 500 milliseconds interval)</small> </font> </div>
<div class="test-event"> <font color="maroon"> <small> &emsp; &emsp;--- 16 Oct 15:38:27 563 - <b>10</b> - Spinner Load Wait: (Sync) - ICar.support.WaitUtils.waitForSpinner(WaitUtils.java:225)</small> </font> </div>
<div class="test-event"> <font color="maroon"> <small> &emsp; &emsp;--- 16 Oct 15:38:27 642 - Element is displayed:: [[ChromeDriver: chrome on WINDOWS (2b3eb90c01947c26804726b07149d709)] -> xpath: //button[@value='Launch My Learning']]</small> </font> </div>
<div class="test-message">&emsp;3. Enter the user credentials</div>
<div class="test-message">&emsp;Successfully navigated to 'User Home' Page&emsp;<a href=".\ScreenShot\ICar_B2B_TC007_60675055175700.png" target="_blank" >[ScreenShot]</a></div>
<div class="test-message">&emsp;4. Navigate to My profile Page</div>
<div class="test-event"> <font color="maroon"> <small> &emsp; &emsp;--- 16 Oct 15:38:27 995 - Page URL:: https://www.icarstage.com/</small> </font> </div>
<div class="test-event"> <font color="maroon"> <small> &emsp; &emsp;--- 16 Oct 15:38:27 995 - <b>0</b> - Page Load Wait: (Sync) - ICar.support.Utils.waitForPageLoad(Utils.java:109)</small> </font> </div>
<div class="test-event"> <font color="maroon"> <small> &emsp; &emsp;--- 16 Oct 15:38:28 055 - Element is displayed:: [[ChromeDriver: chrome on WINDOWS (2b3eb90c01947c26804726b07149d709)] -> xpath: //p[text()='Launch My Learning']]</small> </font> </div>
<div class="test-event"> <font color="maroon"> <small> &emsp; &emsp;--- 16 Oct 15:38:28 096 - Element is displayed:: [[ChromeDriver: chrome on WINDOWS (2b3eb90c01947c26804726b07149d709)] -> xpath: //lightning-layout[@class='left-margin slds-align_absolute-center slds-grid slds-grid_align-spread slds-wrap']//lightning-layout-item[2]//a]</small> </font> </div>
<div class="test-event"> <font color="maroon"> <small> &emsp; &emsp;--- 16 Oct 15:38:30 176 - Element is displayed:: [[ChromeDriver: chrome on WINDOWS (2b3eb90c01947c26804726b07149d709)] -> xpath: //lightning-layout[@class='left-margin slds-align_absolute-center slds-grid slds-grid_align-spread slds-wrap']//lightning-layout-item[2]//a]</small> </font> </div>
<div class="test-event"> <font color="maroon"> <small> &emsp; &emsp;--- 16 Oct 15:38:30 287 - Element is displayed:: [[ChromeDriver: chrome on WINDOWS (2b3eb90c01947c26804726b07149d709)] -> xpath: (//a[@class='NOVAMenu'])[1]]</small> </font> </div>
<div class="test-event"> <font color="maroon"> <small> &emsp; &emsp;--- 16 Oct 15:38:30 340 - Element is displayed:: [[ChromeDriver: chrome on WINDOWS (2b3eb90c01947c26804726b07149d709)] -> xpath: (//a[@class='NOVAMenu'])[1]]</small> </font> </div>
<div class="test-event"> <font color="maroon"> <small> &emsp; &emsp;--- 16 Oct 15:38:47 386 - Catched spinner load exception due to Expected condition failed: waiting for ICar.support.WaitUtils$4@636673a3 (tried for 15 second(s) with 500 milliseconds interval)</small> </font> </div>
<div class="test-event"> <font color="maroon"> <small> &emsp; &emsp;--- 16 Oct 15:38:47 386 - <b>15</b> - Spinner Load Wait: (Sync) - ICar.support.WaitUtils.waitForSpinner(WaitUtils.java:225)</small> </font> </div>
<div class="test-event"> <font color="maroon"> <small> &emsp; &emsp;--- 16 Oct 15:38:47 485 - Page URL:: https://www.icarstage.com/myprofile</small> </font> </div>
<div class="test-event"> <font color="maroon"> <small> &emsp; &emsp;--- 16 Oct 15:38:47 485 - <b>0</b> - Page Load Wait: (Sync) - ICar.support.Utils.waitForPageLoad(Utils.java:109)</small> </font> </div>
<!--FAIL-->
<div class="test-result"><br><font color="red"><strong> Index 0 out of bounds for length 0 </strong></font> <a href=".\ScreenShot\ICar_B2B_TC007_60701399342900.png" target="_blank" >[ScreenShot]</a></div>&emsp;
&emsp;<div class="test-title"> <strong><font size = "3" color = "#0000FF">---Test Execution Ends---</font> </strong> </div>&emsp;
<div class="test-event"> <font color="maroon"> <small> &emsp; &emsp;--- 16 Oct 15:38:54 644 - TestCaseID:: ICar_B2B_TC008</small> </font> </div>
<div class="test-event"> <font color="maroon"> <small> &emsp; &emsp;--- 16 Oct 15:38:56 009 - <b>1</b> - Driver::initialize::Get - ICar.support.WebDriverFactory.getDriver(WebDriverFactory.java:640)</small> </font> </div>
&emsp;<div class="test-title"> <strong><font size = "3" color = "#000080">Verify adding Bank account to the student Payment information gets added.</font> </strong> </div>&emsp;<div><strong>Steps:</strong></div><!-- Report -->&emsp;
<div class="test-event"> <font color="maroon"> <small> &emsp; &emsp;--- 16 Oct 15:39:01 934 - Element is displayed:: [[ChromeDriver: chrome on WINDOWS (edb0a54a01bf9d88a5f9f4a677553cdd)] -> xpath: //a/img[@alt='Login Image']|//button[@id='btn-login']]</small> </font> </div>
<div class="test-event"> <font color="maroon"> <small> &emsp; &emsp;--- 16 Oct 15:39:02 003 - Element is displayed:: [[ChromeDriver: chrome on WINDOWS (edb0a54a01bf9d88a5f9f4a677553cdd)] -> xpath: //a/img[@alt='Login Image']|//button[@id='btn-login']]</small> </font> </div>
<div class="test-message">&emsp;Successfully navigated to 'Home' Page&emsp;<a href=".\ScreenShot\ICar_B2B_TC008_60709416312200.png" target="_blank" >[ScreenShot]</a></div>
<div class="test-message">&emsp;1. Home page is launched.</div>
<div class="test-event"> <font color="maroon"> <small> &emsp; &emsp;--- 16 Oct 15:39:02 380 - Page URL:: https://www.icarstage.com/</small> </font> </div>
<div class="test-event"> <font color="maroon"> <small> &emsp; &emsp;--- 16 Oct 15:39:02 380 - <b>0</b> - Page Load Wait: (Sync) - ICar.support.Utils.waitForPageLoad(Utils.java:109)</small> </font> </div>
<div class="test-event"> <font color="maroon"> <small> &emsp; &emsp;--- 16 Oct 15:39:02 483 - Element is displayed:: [[ChromeDriver: chrome on WINDOWS (edb0a54a01bf9d88a5f9f4a677553cdd)] -> xpath: //a/img[@alt='Login Image']|//button[@id='btn-login']]</small> </font> </div>
<div class="test-event"> <font color="maroon"> <small> &emsp; &emsp;--- 16 Oct 15:39:02 544 - Element is displayed:: [[ChromeDriver: chrome on WINDOWS (edb0a54a01bf9d88a5f9f4a677553cdd)] -> xpath: //a/img[@alt='Login Image']|//button[@id='btn-login']]</small> </font> </div>
<div class="test-event"> <font color="maroon"> <small> &emsp; &emsp;--- 16 Oct 15:39:21 242 - Catched spinner load exception due to Expected condition failed: waiting for ICar.support.WaitUtils$4@636673a3 (tried for 15 second(s) with 500 milliseconds interval)</small> </font> </div>
<div class="test-event"> <font color="maroon"> <small> &emsp; &emsp;--- 16 Oct 15:39:21 242 - <b>15</b> - Spinner Load Wait: (Sync) - ICar.support.WaitUtils.waitForSpinner(WaitUtils.java:225)</small> </font> </div>
<div class="test-message">&emsp;2. Navigate to 'Login Page'</div>
<div class="test-message">&emsp;Successfully navigated to 'Login' Page&emsp;<a href=".\ScreenShot\ICar_B2B_TC008_60728657935100.png" target="_blank" >[ScreenShot]</a></div>
<div class="test-event"> <font color="maroon"> <small> &emsp; &emsp;--- 16 Oct 15:39:21 457 - Element is displayed:: [[ChromeDriver: chrome on WINDOWS (edb0a54a01bf9d88a5f9f4a677553cdd)] -> id: username]</small> </font> </div>
<div class="test-event"> <font color="maroon"> <small> &emsp; &emsp;--- 16 Oct 15:39:21 522 - Element is displayed:: [[ChromeDriver: chrome on WINDOWS (edb0a54a01bf9d88a5f9f4a677553cdd)] -> id: username]</small> </font> </div>
<div class="test-event"> <font color="maroon"> <small> &emsp; &emsp;--- 16 Oct 15:39:21 730 - Element is displayed:: [[ChromeDriver: chrome on WINDOWS (edb0a54a01bf9d88a5f9f4a677553cdd)] -> id: password]</small> </font> </div>
<div class="test-event"> <font color="maroon"> <small> &emsp; &emsp;--- 16 Oct 15:39:21 934 - Element is displayed:: [[ChromeDriver: chrome on WINDOWS (edb0a54a01bf9d88a5f9f4a677553cdd)] -> id: btn-login]</small> </font> </div>
<div class="test-event"> <font color="maroon"> <small> &emsp; &emsp;--- 16 Oct 15:39:28 178 - Catched spinner load exception due to Expected condition failed: waiting for ICar.support.WaitUtils$4@636673a3 (tried for 3 second(s) with 500 milliseconds interval)</small> </font> </div>
<div class="test-event"> <font color="maroon"> <small> &emsp; &emsp;--- 16 Oct 15:39:28 178 - <b>6</b> - Spinner Load Wait: (Sync) - ICar.support.WaitUtils.waitForSpinner(WaitUtils.java:225)</small> </font> </div>
<div class="test-event"> <font color="maroon"> <small> &emsp; &emsp;--- 16 Oct 15:39:50 083 - Catched spinner load exception due to Expected condition failed: waiting for ICar.support.WaitUtils$4@636673a3 (tried for 10 second(s) with 500 milliseconds interval)</small> </font> </div>
<div class="test-event"> <font color="maroon"> <small> &emsp; &emsp;--- 16 Oct 15:39:50 083 - <b>10</b> - Spinner Load Wait: (Sync) - ICar.support.WaitUtils.waitForSpinner(WaitUtils.java:225)</small> </font> </div>
<div class="test-event"> <font color="maroon"> <small> &emsp; &emsp;--- 16 Oct 15:39:50 167 - Element is displayed:: [[ChromeDriver: chrome on WINDOWS (edb0a54a01bf9d88a5f9f4a677553cdd)] -> xpath: //button[@value='Launch My Learning']]</small> </font> </div>
<div class="test-message">&emsp;3. Enter the user credentials</div>
<div class="test-message">&emsp;Successfully navigated to 'User Home' Page&emsp;<a href=".\ScreenShot\ICar_B2B_TC008_60757580257900.png" target="_blank" >[ScreenShot]</a></div>
<div class="test-event"> <font color="maroon"> <small> &emsp; &emsp;--- 16 Oct 15:39:50 636 - Page URL:: https://www.icarstage.com/</small> </font> </div>
<div class="test-event"> <font color="maroon"> <small> &emsp; &emsp;--- 16 Oct 15:39:50 637 - <b>0</b> - Page Load Wait: (Sync) - ICar.support.Utils.waitForPageLoad(Utils.java:109)</small> </font> </div>
<div class="test-message">&emsp;4. Navigate to My Payment information page</div>
<div class="test-event"> <font color="maroon"> <small> &emsp; &emsp;--- 16 Oct 15:39:50 828 - Page URL:: https://www.icarstage.com/</small> </font> </div>
<div class="test-event"> <font color="maroon"> <small> &emsp; &emsp;--- 16 Oct 15:39:50 828 - <b>0</b> - Page Load Wait: (Sync) - ICar.support.Utils.waitForPageLoad(Utils.java:109)</small> </font> </div>
<div class="test-event"> <font color="maroon"> <small> &emsp; &emsp;--- 16 Oct 15:39:50 890 - Element is displayed:: [[ChromeDriver: chrome on WINDOWS (edb0a54a01bf9d88a5f9f4a677553cdd)] -> xpath: //p[text()='Launch My Learning']]</small> </font> </div>
<div class="test-event"> <font color="maroon"> <small> &emsp; &emsp;--- 16 Oct 15:39:50 929 - Element is displayed:: [[ChromeDriver: chrome on WINDOWS (edb0a54a01bf9d88a5f9f4a677553cdd)] -> xpath: //lightning-layout[@class='left-margin slds-align_absolute-center slds-grid slds-grid_align-spread slds-wrap']//lightning-layout-item[2]//a]</small> </font> </div>
<div class="test-event"> <font color="maroon"> <small> &emsp; &emsp;--- 16 Oct 15:39:53 004 - Element is displayed:: [[ChromeDriver: chrome on WINDOWS (edb0a54a01bf9d88a5f9f4a677553cdd)] -> xpath: //lightning-layout[@class='left-margin slds-align_absolute-center slds-grid slds-grid_align-spread slds-wrap']//lightning-layout-item[2]//a]</small> </font> </div>
<div class="test-event"> <font color="maroon"> <small> &emsp; &emsp;--- 16 Oct 15:39:53 116 - Element is displayed:: [[ChromeDriver: chrome on WINDOWS (edb0a54a01bf9d88a5f9f4a677553cdd)] -> xpath: //ul[@aria-label='Show More']//li[2]/a]</small> </font> </div>
<div class="test-event"> <font color="maroon"> <small> &emsp; &emsp;--- 16 Oct 15:39:53 169 - Element is displayed:: [[ChromeDriver: chrome on WINDOWS (edb0a54a01bf9d88a5f9f4a677553cdd)] -> xpath: //ul[@aria-label='Show More']//li[2]/a]</small> </font> </div>
<div class="test-event"> <font color="maroon"> <small> &emsp; &emsp;--- 16 Oct 15:40:09 601 - Catched spinner load exception due to Expected condition failed: waiting for ICar.support.WaitUtils$4@636673a3 (tried for 15 second(s) with 500 milliseconds interval)</small> </font> </div>
<div class="test-event"> <font color="maroon"> <small> &emsp; &emsp;--- 16 Oct 15:40:09 601 - <b>15</b> - Spinner Load Wait: (Sync) - ICar.support.WaitUtils.waitForSpinner(WaitUtils.java:225)</small> </font> </div>
<div class="test-event"> <font color="maroon"> <small> &emsp; &emsp;--- 16 Oct 15:40:09 721 - Page URL:: https://www.icarstage.com/my-payment-information</small> </font> </div>
<div class="test-event"> <font color="maroon"> <small> &emsp; &emsp;--- 16 Oct 15:40:09 721 - <b>0</b> - Page Load Wait: (Sync) - ICar.support.Utils.waitForPageLoad(Utils.java:109)</small> </font> </div>
<div class="test-event"> <font color="maroon"> <small> &emsp; &emsp;--- 16 Oct 15:40:09 784 - Element is displayed:: [[ChromeDriver: chrome on WINDOWS (edb0a54a01bf9d88a5f9f4a677553cdd)] -> xpath: //a[contains(text(),'Credit Card')]]</small> </font> </div>
<div class="test-event"> <font color="maroon"> <small> &emsp; &emsp;--- 16 Oct 15:40:18 234 - Element Proxy element for: AjaxElementLocator 'By.xpath: //slot[@name='message']', is not displayed in page </small> </font> </div>
<div class="test-message">&emsp;5. Click add bank account button</div>
<div class="test-event"> <font color="maroon"> <small> &emsp; &emsp;--- 16 Oct 15:40:25 337 - Page URL:: https://www.icarstage.com/my-payment-information</small> </font> </div>
<div class="test-event"> <font color="maroon"> <small> &emsp; &emsp;--- 16 Oct 15:40:25 337 - <b>0</b> - Page Load Wait: (Sync) - ICar.support.Utils.waitForPageLoad(Utils.java:109)</small> </font> </div>
<div class="test-event"> <font color="maroon"> <small> &emsp; &emsp;--- 16 Oct 15:40:36 626 - Catched spinner load exception due to Expected condition failed: waiting for ICar.support.WaitUtils$4@636673a3 (tried for 7 second(s) with 500 milliseconds interval)</small> </font> </div>
<div class="test-event"> <font color="maroon"> <small> &emsp; &emsp;--- 16 Oct 15:40:36 627 - <b>7</b> - Spinner Load Wait: (Sync) - ICar.support.WaitUtils.waitForSpinner(WaitUtils.java:225)</small> </font> </div>
<div class="test-event"> <font color="maroon"> <small> &emsp; &emsp;--- 16 Oct 15:40:36 687 - Element is displayed:: [[ChromeDriver: chrome on WINDOWS (edb0a54a01bf9d88a5f9f4a677553cdd)] -> xpath: //a[contains(text(),'Add Bank Account')]]</small> </font> </div>
<div class="test-event"> <font color="maroon"> <small> &emsp; &emsp;--- 16 Oct 15:40:36 831 - Page URL:: https://www.icarstage.com/my-payment-information</small> </font> </div>
<div class="test-event"> <font color="maroon"> <small> &emsp; &emsp;--- 16 Oct 15:40:36 832 - <b>0</b> - Page Load Wait: (Sync) - ICar.support.Utils.waitForPageLoad(Utils.java:109)</small> </font> </div>
<div class="test-event"> <font color="maroon"> <small> &emsp; &emsp;--- 16 Oct 15:40:36 911 - Page URL:: https://www.icarstage.com/my-payment-information</small> </font> </div>
<div class="test-event"> <font color="maroon"> <small> &emsp; &emsp;--- 16 Oct 15:40:36 911 - <b>0</b> - Page Load Wait: (Sync) - ICar.support.Utils.waitForPageLoad(Utils.java:109)</small> </font> </div>
<div class="test-message">&emsp;6. Enter Bank account number and Routing number details</div>
<div class="test-event"> <font color="maroon"> <small> &emsp; &emsp;--- 16 Oct 15:40:36 979 - Page URL:: https://www.icarstage.com/my-payment-information</small> </font> </div>
<div class="test-event"> <font color="maroon"> <small> &emsp; &emsp;--- 16 Oct 15:40:36 979 - <b>0</b> - Page Load Wait: (Sync) - ICar.support.Utils.waitForPageLoad(Utils.java:109)</small> </font> </div>
<div class="test-event"> <font color="maroon"> <small> &emsp; &emsp;--- 16 Oct 15:40:44 227 - Catched spinner load exception due to Expected condition failed: waiting for ICar.support.WaitUtils$4@636673a3 (tried for 7 second(s) with 500 milliseconds interval)</small> </font> </div>
<div class="test-event"> <font color="maroon"> <small> &emsp; &emsp;--- 16 Oct 15:40:44 227 - <b>7</b> - Spinner Load Wait: (Sync) - ICar.support.WaitUtils.waitForSpinner(WaitUtils.java:225)</small> </font> </div>
<div class="test-event"> <font color="maroon"> <small> &emsp; &emsp;--- 16 Oct 15:40:44 316 - Element is displayed:: [[ChromeDriver: chrome on WINDOWS (edb0a54a01bf9d88a5f9f4a677553cdd)] -> xpath: (//div[@class='slds-form-element__control slds-grow']/child::input)[1]]</small> </font> </div>
<div class="test-event"> <font color="maroon"> <small> &emsp; &emsp;--- 16 Oct 15:40:44 639 - Page URL:: https://www.icarstage.com/my-payment-information</small> </font> </div>
<div class="test-event"> <font color="maroon"> <small> &emsp; &emsp;--- 16 Oct 15:40:44 639 - <b>0</b> - Page Load Wait: (Sync) - ICar.support.Utils.waitForPageLoad(Utils.java:109)</small> </font> </div>
<div class="test-event"> <font color="maroon"> <small> &emsp; &emsp;--- 16 Oct 15:40:44 707 - Element is displayed:: [[ChromeDriver: chrome on WINDOWS (edb0a54a01bf9d88a5f9f4a677553cdd)] -> xpath: (//div[@class='slds-form-element__control slds-grow']/child::input)[2]]</small> </font> </div>
<div class="test-event"> <font color="maroon"> <small> &emsp; &emsp;--- 16 Oct 15:40:45 004 - Element is displayed:: [[ChromeDriver: chrome on WINDOWS (edb0a54a01bf9d88a5f9f4a677553cdd)] -> xpath: //button[@title='Add Account']]</small> </font> </div>
<div class="test-event"> <font color="maroon"> <small> &emsp; &emsp;--- 16 Oct 15:40:46 723 - Element is displayed:: [[ChromeDriver: chrome on WINDOWS (edb0a54a01bf9d88a5f9f4a677553cdd)] -> xpath: //slot[@name='message']]</small> </font> </div>
<div class="test-event"> <font color="maroon"> <small> &emsp; &emsp;--- 16 Oct 15:40:46 972 - Page URL:: https://www.icarstage.com/my-payment-information</small> </font> </div>
<div class="test-event"> <font color="maroon"> <small> &emsp; &emsp;--- 16 Oct 15:40:46 972 - <b>0</b> - Page Load Wait: (Sync) - ICar.support.Utils.waitForPageLoad(Utils.java:109)</small> </font> </div>
<div class="test-message">&emsp;Successfully added bank account and verified added bank details in the table grid </div>
<div class="test-result"><br><font color="green"><strong> Test Passed. </strong></font> </div>&emsp;
&emsp;<div class="test-title"> <strong><font size = "3" color = "#0000FF">---Test Execution Ends---</font> </strong> </div>&emsp;
<div class="test-event"> <font color="maroon"> <small> &emsp; &emsp;--- 16 Oct 15:40:57 468 - TestCaseID:: ICar_B2B_TC009</small> </font> </div>
<div class="test-event"> <font color="maroon"> <small> &emsp; &emsp;--- 16 Oct 15:40:59 124 - <b>1</b> - Driver::initialize::Get - ICar.support.WebDriverFactory.getDriver(WebDriverFactory.java:640)</small> </font> </div>
&emsp;<div class="test-title"> <strong><font size = "3" color = "#000080">Verify adding Credit card details to the student Payment information gets added.</font> </strong> </div>&emsp;<div><strong>Steps:</strong></div><!-- Report -->&emsp;
<div class="test-event"> <font color="maroon"> <small> &emsp; &emsp;--- 16 Oct 15:41:04 180 - Element is displayed:: [[ChromeDriver: chrome on WINDOWS (fc72046c6d7d87dadc3ae58b7ee5a5c1)] -> xpath: //a/img[@alt='Login Image']|//button[@id='btn-login']]</small> </font> </div>
<div class="test-event"> <font color="maroon"> <small> &emsp; &emsp;--- 16 Oct 15:41:04 267 - Element is displayed:: [[ChromeDriver: chrome on WINDOWS (fc72046c6d7d87dadc3ae58b7ee5a5c1)] -> xpath: //a/img[@alt='Login Image']|//button[@id='btn-login']]</small> </font> </div>
<div class="test-message">&emsp;Successfully navigated to 'Home' Page&emsp;<a href=".\ScreenShot\ICar_B2B_TC009_60831679701700.png" target="_blank" >[ScreenShot]</a></div>
<div class="test-message">&emsp;1. Home page is launched.</div>
<div class="test-event"> <font color="maroon"> <small> &emsp; &emsp;--- 16 Oct 15:41:04 749 - Page URL:: https://www.icarstage.com/</small> </font> </div>
<div class="test-event"> <font color="maroon"> <small> &emsp; &emsp;--- 16 Oct 15:41:04 749 - <b>0</b> - Page Load Wait: (Sync) - ICar.support.Utils.waitForPageLoad(Utils.java:109)</small> </font> </div>
<div class="test-event"> <font color="maroon"> <small> &emsp; &emsp;--- 16 Oct 15:41:04 950 - Element is displayed:: [[ChromeDriver: chrome on WINDOWS (fc72046c6d7d87dadc3ae58b7ee5a5c1)] -> xpath: //a/img[@alt='Login Image']|//button[@id='btn-login']]</small> </font> </div>
<div class="test-event"> <font color="maroon"> <small> &emsp; &emsp;--- 16 Oct 15:41:05 370 - Element is displayed:: [[ChromeDriver: chrome on WINDOWS (fc72046c6d7d87dadc3ae58b7ee5a5c1)] -> xpath: //a/img[@alt='Login Image']|//button[@id='btn-login']]</small> </font> </div>
<div class="test-event"> <font color="maroon"> <small> &emsp; &emsp;--- 16 Oct 15:41:23 040 - Catched spinner load exception due to Expected condition failed: waiting for ICar.support.WaitUtils$4@636673a3 (tried for 15 second(s) with 500 milliseconds interval)</small> </font> </div>
<div class="test-event"> <font color="maroon"> <small> &emsp; &emsp;--- 16 Oct 15:41:23 041 - <b>15</b> - Spinner Load Wait: (Sync) - ICar.support.WaitUtils.waitForSpinner(WaitUtils.java:225)</small> </font> </div>
<div class="test-message">&emsp;2. Navigate to 'Login Page'</div>
<div class="test-message">&emsp;Successfully navigated to 'Login' Page&emsp;<a href=".\ScreenShot\ICar_B2B_TC009_60850456617400.png" target="_blank" >[ScreenShot]</a></div>
<div class="test-event"> <font color="maroon"> <small> &emsp; &emsp;--- 16 Oct 15:41:23 249 - Element is displayed:: [[ChromeDriver: chrome on WINDOWS (fc72046c6d7d87dadc3ae58b7ee5a5c1)] -> id: username]</small> </font> </div>
<div class="test-event"> <font color="maroon"> <small> &emsp; &emsp;--- 16 Oct 15:41:23 307 - Element is displayed:: [[ChromeDriver: chrome on WINDOWS (fc72046c6d7d87dadc3ae58b7ee5a5c1)] -> id: username]</small> </font> </div>
<div class="test-event"> <font color="maroon"> <small> &emsp; &emsp;--- 16 Oct 15:41:23 526 - Element is displayed:: [[ChromeDriver: chrome on WINDOWS (fc72046c6d7d87dadc3ae58b7ee5a5c1)] -> id: password]</small> </font> </div>
<div class="test-event"> <font color="maroon"> <small> &emsp; &emsp;--- 16 Oct 15:41:23 768 - Element is displayed:: [[ChromeDriver: chrome on WINDOWS (fc72046c6d7d87dadc3ae58b7ee5a5c1)] -> id: btn-login]</small> </font> </div>
<div class="test-event"> <font color="maroon"> <small> &emsp; &emsp;--- 16 Oct 15:41:28 921 - Catched spinner load exception due to Expected condition failed: waiting for ICar.support.WaitUtils$4@636673a3 (tried for 3 second(s) with 500 milliseconds interval)</small> </font> </div>
<div class="test-event"> <font color="maroon"> <small> &emsp; &emsp;--- 16 Oct 15:41:28 921 - <b>5</b> - Spinner Load Wait: (Sync) - ICar.support.WaitUtils.waitForSpinner(WaitUtils.java:225)</small> </font> </div>
<div class="test-event"> <font color="maroon"> <small> &emsp; &emsp;--- 16 Oct 15:41:51 668 - Catched spinner load exception due to Expected condition failed: waiting for ICar.support.WaitUtils$4@636673a3 (tried for 10 second(s) with 500 milliseconds interval)</small> </font> </div>
<div class="test-event"> <font color="maroon"> <small> &emsp; &emsp;--- 16 Oct 15:41:51 668 - <b>10</b> - Spinner Load Wait: (Sync) - ICar.support.WaitUtils.waitForSpinner(WaitUtils.java:225)</small> </font> </div>
<div class="test-event"> <font color="maroon"> <small> &emsp; &emsp;--- 16 Oct 15:41:51 740 - Element is displayed:: [[ChromeDriver: chrome on WINDOWS (fc72046c6d7d87dadc3ae58b7ee5a5c1)] -> xpath: //button[@value='Launch My Learning']]</small> </font> </div>
<div class="test-message">&emsp;3. Enter the user credentials</div>
<div class="test-message">&emsp;Successfully navigated to 'User Home' Page&emsp;<a href=".\ScreenShot\ICar_B2B_TC009_60879152493800.png" target="_blank" >[ScreenShot]</a></div>
<div class="test-event"> <font color="maroon"> <small> &emsp; &emsp;--- 16 Oct 15:41:52 061 - Page URL:: https://www.icarstage.com/</small> </font> </div>
<div class="test-event"> <font color="maroon"> <small> &emsp; &emsp;--- 16 Oct 15:41:52 061 - <b>0</b> - Page Load Wait: (Sync) - ICar.support.Utils.waitForPageLoad(Utils.java:109)</small> </font> </div>
<div class="test-message">&emsp;4. Navigate to 'My Payment information' page</div>
<div class="test-event"> <font color="maroon"> <small> &emsp; &emsp;--- 16 Oct 15:41:52 246 - Page URL:: https://www.icarstage.com/</small> </font> </div>
<div class="test-event"> <font color="maroon"> <small> &emsp; &emsp;--- 16 Oct 15:41:52 247 - <b>0</b> - Page Load Wait: (Sync) - ICar.support.Utils.waitForPageLoad(Utils.java:109)</small> </font> </div>
<div class="test-event"> <font color="maroon"> <small> &emsp; &emsp;--- 16 Oct 15:41:52 306 - Element is displayed:: [[ChromeDriver: chrome on WINDOWS (fc72046c6d7d87dadc3ae58b7ee5a5c1)] -> xpath: //p[text()='Launch My Learning']]</small> </font> </div>
<div class="test-event"> <font color="maroon"> <small> &emsp; &emsp;--- 16 Oct 15:41:52 372 - Element is displayed:: [[ChromeDriver: chrome on WINDOWS (fc72046c6d7d87dadc3ae58b7ee5a5c1)] -> xpath: //lightning-layout[@class='left-margin slds-align_absolute-center slds-grid slds-grid_align-spread slds-wrap']//lightning-layout-item[2]//a]</small> </font> </div>
<div class="test-event"> <font color="maroon"> <small> &emsp; &emsp;--- 16 Oct 15:41:54 461 - Element is displayed:: [[ChromeDriver: chrome on WINDOWS (fc72046c6d7d87dadc3ae58b7ee5a5c1)] -> xpath: //lightning-layout[@class='left-margin slds-align_absolute-center slds-grid slds-grid_align-spread slds-wrap']//lightning-layout-item[2]//a]</small> </font> </div>
<div class="test-event"> <font color="maroon"> <small> &emsp; &emsp;--- 16 Oct 15:41:54 568 - Element is displayed:: [[ChromeDriver: chrome on WINDOWS (fc72046c6d7d87dadc3ae58b7ee5a5c1)] -> xpath: //ul[@aria-label='Show More']//li[2]/a]</small> </font> </div>
<div class="test-event"> <font color="maroon"> <small> &emsp; &emsp;--- 16 Oct 15:41:54 617 - Element is displayed:: [[ChromeDriver: chrome on WINDOWS (fc72046c6d7d87dadc3ae58b7ee5a5c1)] -> xpath: //ul[@aria-label='Show More']//li[2]/a]</small> </font> </div>
<div class="test-event"> <font color="maroon"> <small> &emsp; &emsp;--- 16 Oct 15:42:11 398 - Catched spinner load exception due to Expected condition failed: waiting for ICar.support.WaitUtils$4@636673a3 (tried for 15 second(s) with 500 milliseconds interval)</small> </font> </div>
<div class="test-event"> <font color="maroon"> <small> &emsp; &emsp;--- 16 Oct 15:42:11 398 - <b>15</b> - Spinner Load Wait: (Sync) - ICar.support.WaitUtils.waitForSpinner(WaitUtils.java:225)</small> </font> </div>
<div class="test-event"> <font color="maroon"> <small> &emsp; &emsp;--- 16 Oct 15:42:11 498 - Page URL:: https://www.icarstage.com/my-payment-information</small> </font> </div>
<div class="test-event"> <font color="maroon"> <small> &emsp; &emsp;--- 16 Oct 15:42:11 498 - <b>0</b> - Page Load Wait: (Sync) - ICar.support.Utils.waitForPageLoad(Utils.java:109)</small> </font> </div>
<div class="test-event"> <font color="maroon"> <small> &emsp; &emsp;--- 16 Oct 15:42:11 558 - Element is displayed:: [[ChromeDriver: chrome on WINDOWS (fc72046c6d7d87dadc3ae58b7ee5a5c1)] -> xpath: //a[contains(text(),'Credit Card')]]</small> </font> </div>
<div class="test-message">&emsp;Successfully navigated to 'My Payment Information' Page&emsp;<a href=".\ScreenShot\ICar_B2B_TC009_60898971500400.png" target="_blank" >[ScreenShot]</a></div>
<div class="test-event"> <font color="maroon"> <small> &emsp; &emsp;--- 16 Oct 15:42:23 361 - Element Proxy element for: AjaxElementLocator 'By.xpath: //slot[@name='message']', is not displayed in page </small> </font> </div>
<div class="test-message">&emsp;5. Click on add new credit card button</div>
<div class="test-event"> <font color="maroon"> <small> &emsp; &emsp;--- 16 Oct 15:42:36 916 - Catched spinner load exception due to Expected condition failed: waiting for ICar.support.WaitUtils$4@636673a3 (tried for 10 second(s) with 500 milliseconds interval)</small> </font> </div>
<div class="test-event"> <font color="maroon"> <small> &emsp; &emsp;--- 16 Oct 15:42:36 917 - <b>10</b> - Spinner Load Wait: (Sync) - ICar.support.WaitUtils.waitForSpinner(WaitUtils.java:225)</small> </font> </div>
<div class="test-event"> <font color="maroon"> <small> &emsp; &emsp;--- 16 Oct 15:42:36 970 - Element is displayed:: [[ChromeDriver: chrome on WINDOWS (fc72046c6d7d87dadc3ae58b7ee5a5c1)] -> xpath: //a[contains(text(),'Credit Card')]]</small> </font> </div>
<div class="test-event"> <font color="maroon"> <small> &emsp; &emsp;--- 16 Oct 15:42:43 294 - Catched spinner load exception due to Expected condition failed: waiting for ICar.support.WaitUtils$4@636673a3 (tried for 6 second(s) with 500 milliseconds interval)</small> </font> </div>
<div class="test-event"> <font color="maroon"> <small> &emsp; &emsp;--- 16 Oct 15:42:43 294 - <b>6</b> - Spinner Load Wait: (Sync) - ICar.support.WaitUtils.waitForSpinner(WaitUtils.java:225)</small> </font> </div>
<div class="test-event"> <font color="maroon"> <small> &emsp; &emsp;--- 16 Oct 15:42:51 597 - Catched spinner load exception due to Expected condition failed: waiting for ICar.support.WaitUtils$4@636673a3 (tried for 6 second(s) with 500 milliseconds interval)</small> </font> </div>
<div class="test-event"> <font color="maroon"> <small> &emsp; &emsp;--- 16 Oct 15:42:51 597 - <b>6</b> - Spinner Load Wait: (Sync) - ICar.support.WaitUtils.waitForSpinner(WaitUtils.java:225)</small> </font> </div>
<div class="test-event"> <font color="maroon"> <small> &emsp; &emsp;--- 16 Oct 15:42:51 667 - Element is displayed:: [[ChromeDriver: chrome on WINDOWS (fc72046c6d7d87dadc3ae58b7ee5a5c1)] -> xpath: //input[@name='cardnumber']]</small> </font> </div>
<div class="test-event"> <font color="maroon"> <small> &emsp; &emsp;--- 16 Oct 15:42:52 627 - Element is displayed:: [[ChromeDriver: chrome on WINDOWS (fc72046c6d7d87dadc3ae58b7ee5a5c1)] -> xpath: //input[@name='exp-date']]</small> </font> </div>
<div class="test-event"> <font color="maroon"> <small> &emsp; &emsp;--- 16 Oct 15:42:53 052 - Element is displayed:: [[ChromeDriver: chrome on WINDOWS (fc72046c6d7d87dadc3ae58b7ee5a5c1)] -> xpath: //input[@name='cvc']]</small> </font> </div>
<div class="test-event"> <font color="maroon"> <small> &emsp; &emsp;--- 16 Oct 15:42:53 324 - Element is displayed:: [[ChromeDriver: chrome on WINDOWS (fc72046c6d7d87dadc3ae58b7ee5a5c1)] -> xpath: //input[@name='postal']]</small> </font> </div>
<div class="test-event"> <font color="maroon"> <small> &emsp; &emsp;--- 16 Oct 15:42:53 688 - Element is displayed:: [[ChromeDriver: chrome on WINDOWS (fc72046c6d7d87dadc3ae58b7ee5a5c1)] -> xpath: //button[@title='Add Card']]</small> </font> </div>
<div class="test-event"> <font color="maroon"> <small> &emsp; &emsp;--- 16 Oct 15:42:55 612 - Element is displayed:: [[ChromeDriver: chrome on WINDOWS (fc72046c6d7d87dadc3ae58b7ee5a5c1)] -> xpath: //slot[@name='message']]</small> </font> </div>
<div class="test-message">&emsp;Successfully displayed a pop up to add credit card&emsp;<a href=".\ScreenShot\ICar_B2B_TC009_60943049034100.png" target="_blank" >[ScreenShot]</a></div>
<div class="test-message">&emsp;6. Fill the inputs in the pop up to add a new credit card</div>
<div class="test-message">&emsp;Successfully added credit card and verified added credit card in the table grid&emsp;<a href=".\ScreenShot\ICar_B2B_TC009_60953276753700.png" target="_blank" >[ScreenShot]</a></div>
<div class="test-result"><br><font color="green"><strong> Test Passed. </strong></font> </div>&emsp;
&emsp;<div class="test-title"> <strong><font size = "3" color = "#0000FF">---Test Execution Ends---</font> </strong> </div>&emsp;
<div class="test-event"> <font color="maroon"> <small> &emsp; &emsp;--- 16 Oct 15:43:06 538 - TestCaseID:: ICar_B2B_TC010</small> </font> </div>
<div class="test-event"> <font color="maroon"> <small> &emsp; &emsp;--- 16 Oct 15:43:08 014 - <b>1</b> - Driver::initialize::Get - ICar.support.WebDriverFactory.getDriver(WebDriverFactory.java:640)</small> </font> </div>
&emsp;<div class="test-title"> <strong><font size = "3" color = "#000080">Verify searching my purchases using Search By option shows searched results</font> </strong> </div>&emsp;<div><strong>Steps:</strong></div><!-- Report -->&emsp;
<div class="test-event"> <font color="maroon"> <small> &emsp; &emsp;--- 16 Oct 15:43:12 891 - Element is displayed:: [[ChromeDriver: chrome on WINDOWS (080fffdc3642edc8e7ad021e84a8b2a0)] -> xpath: //a/img[@alt='Login Image']|//button[@id='btn-login']]</small> </font> </div>
<div class="test-event"> <font color="maroon"> <small> &emsp; &emsp;--- 16 Oct 15:43:12 949 - Element is displayed:: [[ChromeDriver: chrome on WINDOWS (080fffdc3642edc8e7ad021e84a8b2a0)] -> xpath: //a/img[@alt='Login Image']|//button[@id='btn-login']]</small> </font> </div>
<div class="test-message">&emsp;Successfully navigated to 'Home' Page&emsp;<a href=".\ScreenShot\ICar_B2B_TC010_60960361967600.png" target="_blank" >[ScreenShot]</a></div>
<div class="test-message">&emsp;1. Home page is launched.</div>
<div class="test-event"> <font color="maroon"> <small> &emsp; &emsp;--- 16 Oct 15:43:13 629 - Page URL:: https://www.icarstage.com/</small> </font> </div>
<div class="test-event"> <font color="maroon"> <small> &emsp; &emsp;--- 16 Oct 15:43:13 629 - <b>0</b> - Page Load Wait: (Sync) - ICar.support.Utils.waitForPageLoad(Utils.java:109)</small> </font> </div>
<div class="test-event"> <font color="maroon"> <small> &emsp; &emsp;--- 16 Oct 15:43:13 668 - Element is displayed:: [[ChromeDriver: chrome on WINDOWS (080fffdc3642edc8e7ad021e84a8b2a0)] -> xpath: //a/img[@alt='Login Image']|//button[@id='btn-login']]</small> </font> </div>
<div class="test-event"> <font color="maroon"> <small> &emsp; &emsp;--- 16 Oct 15:43:13 720 - Element is displayed:: [[ChromeDriver: chrome on WINDOWS (080fffdc3642edc8e7ad021e84a8b2a0)] -> xpath: //a/img[@alt='Login Image']|//button[@id='btn-login']]</small> </font> </div>
<div class="test-event"> <font color="maroon"> <small> &emsp; &emsp;--- 16 Oct 15:43:31 538 - Catched spinner load exception due to Expected condition failed: waiting for ICar.support.WaitUtils$4@636673a3 (tried for 15 second(s) with 500 milliseconds interval)</small> </font> </div>
<div class="test-event"> <font color="maroon"> <small> &emsp; &emsp;--- 16 Oct 15:43:31 538 - <b>15</b> - Spinner Load Wait: (Sync) - ICar.support.WaitUtils.waitForSpinner(WaitUtils.java:225)</small> </font> </div>
<div class="test-message">&emsp;2. Navigate to 'Login Page'</div>
<div class="test-message">&emsp;Successfully navigated to 'Login' Page&emsp;<a href=".\ScreenShot\ICar_B2B_TC010_60978953548700.png" target="_blank" >[ScreenShot]</a></div>
<div class="test-event"> <font color="maroon"> <small> &emsp; &emsp;--- 16 Oct 15:43:31 744 - Element is displayed:: [[ChromeDriver: chrome on WINDOWS (080fffdc3642edc8e7ad021e84a8b2a0)] -> id: username]</small> </font> </div>
<div class="test-event"> <font color="maroon"> <small> &emsp; &emsp;--- 16 Oct 15:43:31 805 - Element is displayed:: [[ChromeDriver: chrome on WINDOWS (080fffdc3642edc8e7ad021e84a8b2a0)] -> id: username]</small> </font> </div>
<div class="test-event"> <font color="maroon"> <small> &emsp; &emsp;--- 16 Oct 15:43:32 034 - Element is displayed:: [[ChromeDriver: chrome on WINDOWS (080fffdc3642edc8e7ad021e84a8b2a0)] -> id: password]</small> </font> </div>
<div class="test-event"> <font color="maroon"> <small> &emsp; &emsp;--- 16 Oct 15:43:32 217 - Element is displayed:: [[ChromeDriver: chrome on WINDOWS (080fffdc3642edc8e7ad021e84a8b2a0)] -> id: btn-login]</small> </font> </div>
<div class="test-event"> <font color="maroon"> <small> &emsp; &emsp;--- 16 Oct 15:43:38 013 - Catched spinner load exception due to Expected condition failed: waiting for ICar.support.WaitUtils$4@636673a3 (tried for 3 second(s) with 500 milliseconds interval)</small> </font> </div>
<div class="test-event"> <font color="maroon"> <small> &emsp; &emsp;--- 16 Oct 15:43:38 013 - <b>5</b> - Spinner Load Wait: (Sync) - ICar.support.WaitUtils.waitForSpinner(WaitUtils.java:225)</small> </font> </div>
<div class="test-event"> <font color="maroon"> <small> &emsp; &emsp;--- 16 Oct 15:44:00 754 - Catched spinner load exception due to Expected condition failed: waiting for ICar.support.WaitUtils$4@636673a3 (tried for 10 second(s) with 500 milliseconds interval)</small> </font> </div>
<div class="test-event"> <font color="maroon"> <small> &emsp; &emsp;--- 16 Oct 15:44:00 754 - <b>10</b> - Spinner Load Wait: (Sync) - ICar.support.WaitUtils.waitForSpinner(WaitUtils.java:225)</small> </font> </div>
<div class="test-event"> <font color="maroon"> <small> &emsp; &emsp;--- 16 Oct 15:44:00 828 - Element is displayed:: [[ChromeDriver: chrome on WINDOWS (080fffdc3642edc8e7ad021e84a8b2a0)] -> xpath: //button[@value='Launch My Learning']]</small> </font> </div>
<div class="test-message">&emsp;3. Enter the user credentials UserName:-Angielex</div>
<div class="test-message">&emsp;Successfully navigated to 'User Home' Page&emsp;<a href=".\ScreenShot\ICar_B2B_TC010_61008241411300.png" target="_blank" >[ScreenShot]</a></div>
<div class="test-message">&emsp;4. Select 'My Purchases' from drop down</div>
<div class="test-event"> <font color="maroon"> <small> &emsp; &emsp;--- 16 Oct 15:44:01 177 - Page URL:: https://www.icarstage.com/</small> </font> </div>
<div class="test-event"> <font color="maroon"> <small> &emsp; &emsp;--- 16 Oct 15:44:01 177 - <b>0</b> - Page Load Wait: (Sync) - ICar.support.Utils.waitForPageLoad(Utils.java:109)</small> </font> </div>
<div class="test-event"> <font color="maroon"> <small> &emsp; &emsp;--- 16 Oct 15:44:01 238 - Element is displayed:: [[ChromeDriver: chrome on WINDOWS (080fffdc3642edc8e7ad021e84a8b2a0)] -> xpath: //p[text()='Launch My Learning']]</small> </font> </div>
<div class="test-event"> <font color="maroon"> <small> &emsp; &emsp;--- 16 Oct 15:44:01 278 - Element is displayed:: [[ChromeDriver: chrome on WINDOWS (080fffdc3642edc8e7ad021e84a8b2a0)] -> xpath: //lightning-layout[@class='left-margin slds-align_absolute-center slds-grid slds-grid_align-spread slds-wrap']//lightning-layout-item[2]//a]</small> </font> </div>
<div class="test-event"> <font color="maroon"> <small> &emsp; &emsp;--- 16 Oct 15:44:03 392 - Element is displayed:: [[ChromeDriver: chrome on WINDOWS (080fffdc3642edc8e7ad021e84a8b2a0)] -> xpath: //lightning-layout[@class='left-margin slds-align_absolute-center slds-grid slds-grid_align-spread slds-wrap']//lightning-layout-item[2]//a]</small> </font> </div>
<div class="test-event"> <font color="maroon"> <small> &emsp; &emsp;--- 16 Oct 15:44:03 518 - Element is displayed:: [[ChromeDriver: chrome on WINDOWS (080fffdc3642edc8e7ad021e84a8b2a0)] -> xpath: //ul[@aria-label='Show More']//li[3]/a]</small> </font> </div>
<div class="test-event"> <font color="maroon"> <small> &emsp; &emsp;--- 16 Oct 15:44:03 573 - Element is displayed:: [[ChromeDriver: chrome on WINDOWS (080fffdc3642edc8e7ad021e84a8b2a0)] -> xpath: //ul[@aria-label='Show More']//li[3]/a]</small> </font> </div>
<div class="test-event"> <font color="maroon"> <small> &emsp; &emsp;--- 16 Oct 15:44:20 841 - Catched spinner load exception due to Expected condition failed: waiting for ICar.support.WaitUtils$4@636673a3 (tried for 15 second(s) with 500 milliseconds interval)</small> </font> </div>
<div class="test-event"> <font color="maroon"> <small> &emsp; &emsp;--- 16 Oct 15:44:20 841 - <b>15</b> - Spinner Load Wait: (Sync) - ICar.support.WaitUtils.waitForSpinner(WaitUtils.java:225)</small> </font> </div>
<div class="test-event"> <font color="maroon"> <small> &emsp; &emsp;--- 16 Oct 15:44:20 946 - Page URL:: https://www.icarstage.com/my-purchases</small> </font> </div>
<div class="test-event"> <font color="maroon"> <small> &emsp; &emsp;--- 16 Oct 15:44:20 946 - <b>0</b> - Page Load Wait: (Sync) - ICar.support.Utils.waitForPageLoad(Utils.java:109)</small> </font> </div>
<div class="test-event"> <font color="maroon"> <small> &emsp; &emsp;--- 16 Oct 15:44:21 018 - Element is displayed:: [[ChromeDriver: chrome on WINDOWS (080fffdc3642edc8e7ad021e84a8b2a0)] -> xpath: //button[text()='Search']]</small> </font> </div>
<div class="test-message">&emsp;Successfully navigated to 'My Purchases' Page&emsp;<a href=".\ScreenShot\ICar_B2B_TC010_61028430290900.png" target="_blank" >[ScreenShot]</a></div>
<div class="test-event"> <font color="maroon"> <small> &emsp; &emsp;--- 16 Oct 15:44:21 542 - Page URL:: https://www.icarstage.com/my-purchases</small> </font> </div>
<div class="test-event"> <font color="maroon"> <small> &emsp; &emsp;--- 16 Oct 15:44:21 542 - <b>0</b> - Page Load Wait: (Sync) - ICar.support.Utils.waitForPageLoad(Utils.java:109)</small> </font> </div>
<div class="test-event"> <font color="maroon"> <small> &emsp; &emsp;--- 16 Oct 15:44:43 137 - Catched spinner load exception due to Expected condition failed: waiting for ICar.support.WaitUtils$4@636673a3 (tried for 1 second(s) with 500 milliseconds interval)</small> </font> </div>
<div class="test-event"> <font color="maroon"> <small> &emsp; &emsp;--- 16 Oct 15:44:43 137 - <b>1</b> - Spinner Load Wait: (Sync) - ICar.support.WaitUtils.waitForSpinner(WaitUtils.java:225)</small> </font> </div>
<div class="test-event"> <font color="maroon"> <small> &emsp; &emsp;--- 16 Oct 15:44:43 199 - Element is displayed:: [[ChromeDriver: chrome on WINDOWS (080fffdc3642edc8e7ad021e84a8b2a0)] -> xpath: //button[text()='Search']]</small> </font> </div>
<div class="test-event"> <font color="maroon"> <small> &emsp; &emsp;--- 16 Oct 15:44:51 545 - Catched spinner load exception due to Expected condition failed: waiting for ICar.support.WaitUtils$4@636673a3 (tried for 8 second(s) with 500 milliseconds interval)</small> </font> </div>
<div class="test-event"> <font color="maroon"> <small> &emsp; &emsp;--- 16 Oct 15:44:51 545 - <b>8</b> - Spinner Load Wait: (Sync) - ICar.support.WaitUtils.waitForSpinner(WaitUtils.java:225)</small> </font> </div>
<div class="test-message">&emsp;5. Select value as last year in 'Search By' drop down</div>
<div class="test-message">&emsp;Successfully verified the displayed purchase date is matching with the provided period, From Date: 09-25-2019End Date: 09-25-2020&emsp;<a href=".\ScreenShot\ICar_B2B_TC010_61065370708900.png" target="_blank" >[ScreenShot]</a></div>
<div class="test-result"><br><font color="green"><strong> Test Passed. </strong></font> </div>&emsp;
&emsp;<div class="test-title"> <strong><font size = "3" color = "#0000FF">---Test Execution Ends---</font> </strong> </div>&emsp;
<div class="test-event"> <font color="maroon"> <small> &emsp; &emsp;--- 16 Oct 15:44:58 502 - TestCaseID:: ICar_B2B_TC011</small> </font> </div>
<div class="test-event"> <font color="maroon"> <small> &emsp; &emsp;--- 16 Oct 15:44:59 950 - <b>1</b> - Driver::initialize::Get - ICar.support.WebDriverFactory.getDriver(WebDriverFactory.java:640)</small> </font> </div>
&emsp;<div class="test-title"> <strong><font size = "3" color = "#000080">Verify search course in student role</font> </strong> </div>&emsp;<div><strong>Steps:</strong></div><!-- Report -->&emsp;
<div class="test-event"> <font color="maroon"> <small> &emsp; &emsp;--- 16 Oct 15:45:07 052 - Element is displayed:: [[ChromeDriver: chrome on WINDOWS (31cd6d4066a042e4ad8a8dd9d427ed46)] -> xpath: //a/img[@alt='Login Image']|//button[@id='btn-login']]</small> </font> </div>
<div class="test-event"> <font color="maroon"> <small> &emsp; &emsp;--- 16 Oct 15:45:07 116 - Element is displayed:: [[ChromeDriver: chrome on WINDOWS (31cd6d4066a042e4ad8a8dd9d427ed46)] -> xpath: //a/img[@alt='Login Image']|//button[@id='btn-login']]</small> </font> </div>
<div class="test-message">&emsp;Successfully navigated to 'Home' Page&emsp;<a href=".\ScreenShot\ICar_B2B_TC011_61074529208100.png" target="_blank" >[ScreenShot]</a></div>
<div class="test-message">&emsp;1. Home page is launched.</div>
<div class="test-event"> <font color="maroon"> <small> &emsp; &emsp;--- 16 Oct 15:45:07 488 - Page URL:: https://www.icarstage.com/</small> </font> </div>
<div class="test-event"> <font color="maroon"> <small> &emsp; &emsp;--- 16 Oct 15:45:07 488 - <b>0</b> - Page Load Wait: (Sync) - ICar.support.Utils.waitForPageLoad(Utils.java:109)</small> </font> </div>
<div class="test-event"> <font color="maroon"> <small> &emsp; &emsp;--- 16 Oct 15:45:07 552 - Element is displayed:: [[ChromeDriver: chrome on WINDOWS (31cd6d4066a042e4ad8a8dd9d427ed46)] -> xpath: //a/img[@alt='Login Image']|//button[@id='btn-login']]</small> </font> </div>
<div class="test-event"> <font color="maroon"> <small> &emsp; &emsp;--- 16 Oct 15:45:07 605 - Element is displayed:: [[ChromeDriver: chrome on WINDOWS (31cd6d4066a042e4ad8a8dd9d427ed46)] -> xpath: //a/img[@alt='Login Image']|//button[@id='btn-login']]</small> </font> </div>
<div class="test-event"> <font color="maroon"> <small> &emsp; &emsp;--- 16 Oct 15:45:25 613 - Catched spinner load exception due to Expected condition failed: waiting for ICar.support.WaitUtils$4@636673a3 (tried for 15 second(s) with 500 milliseconds interval)</small> </font> </div>
<div class="test-event"> <font color="maroon"> <small> &emsp; &emsp;--- 16 Oct 15:45:25 613 - <b>15</b> - Spinner Load Wait: (Sync) - ICar.support.WaitUtils.waitForSpinner(WaitUtils.java:225)</small> </font> </div>
<div class="test-message">&emsp;2. Navigate to Login page</div>
<div class="test-message">&emsp;Successfully navigated to 'Login' Page&emsp;<a href=".\ScreenShot\ICar_B2B_TC011_61093029360400.png" target="_blank" >[ScreenShot]</a></div>
<div class="test-event"> <font color="maroon"> <small> &emsp; &emsp;--- 16 Oct 15:45:25 842 - Element is displayed:: [[ChromeDriver: chrome on WINDOWS (31cd6d4066a042e4ad8a8dd9d427ed46)] -> id: username]</small> </font> </div>
<div class="test-event"> <font color="maroon"> <small> &emsp; &emsp;--- 16 Oct 15:45:25 910 - Element is displayed:: [[ChromeDriver: chrome on WINDOWS (31cd6d4066a042e4ad8a8dd9d427ed46)] -> id: username]</small> </font> </div>
<div class="test-event"> <font color="maroon"> <small> &emsp; &emsp;--- 16 Oct 15:45:26 129 - Element is displayed:: [[ChromeDriver: chrome on WINDOWS (31cd6d4066a042e4ad8a8dd9d427ed46)] -> id: password]</small> </font> </div>
<div class="test-event"> <font color="maroon"> <small> &emsp; &emsp;--- 16 Oct 15:45:26 317 - Element is displayed:: [[ChromeDriver: chrome on WINDOWS (31cd6d4066a042e4ad8a8dd9d427ed46)] -> id: btn-login]</small> </font> </div>
<div class="test-event"> <font color="maroon"> <small> &emsp; &emsp;--- 16 Oct 15:45:32 301 - Catched spinner load exception due to Expected condition failed: waiting for ICar.support.WaitUtils$4@636673a3 (tried for 3 second(s) with 500 milliseconds interval)</small> </font> </div>
<div class="test-event"> <font color="maroon"> <small> &emsp; &emsp;--- 16 Oct 15:45:32 301 - <b>5</b> - Spinner Load Wait: (Sync) - ICar.support.WaitUtils.waitForSpinner(WaitUtils.java:225)</small> </font> </div>
<div class="test-event"> <font color="maroon"> <small> &emsp; &emsp;--- 16 Oct 15:45:54 825 - Catched spinner load exception due to Expected condition failed: waiting for ICar.support.WaitUtils$4@636673a3 (tried for 10 second(s) with 500 milliseconds interval)</small> </font> </div>
<div class="test-event"> <font color="maroon"> <small> &emsp; &emsp;--- 16 Oct 15:45:54 825 - <b>10</b> - Spinner Load Wait: (Sync) - ICar.support.WaitUtils.waitForSpinner(WaitUtils.java:225)</small> </font> </div>
<div class="test-event"> <font color="maroon"> <small> &emsp; &emsp;--- 16 Oct 15:45:54 900 - Element is displayed:: [[ChromeDriver: chrome on WINDOWS (31cd6d4066a042e4ad8a8dd9d427ed46)] -> xpath: //button[@value='Launch My Learning']]</small> </font> </div>
<div class="test-message">&emsp;3. Enter the user credentials as : Angielex</div>
<div class="test-message">&emsp;Successfully navigated to 'User Home' Page&emsp;<a href=".\ScreenShot\ICar_B2B_TC011_61122312791500.png" target="_blank" >[ScreenShot]</a></div>
<div class="test-message">&emsp;4. Enter course name in search field Searched: Ford</div>
<div class="test-event"> <font color="maroon"> <small> &emsp; &emsp;--- 16 Oct 15:45:55 283 - Page URL:: https://www.icarstage.com/</small> </font> </div>
<div class="test-event"> <font color="maroon"> <small> &emsp; &emsp;--- 16 Oct 15:45:55 283 - <b>0</b> - Page Load Wait: (Sync) - ICar.support.Utils.waitForPageLoad(Utils.java:109)</small> </font> </div>
<div class="test-event"> <font color="maroon"> <small> &emsp; &emsp;--- 16 Oct 15:46:05 662 - Catched spinner load exception due to Expected condition failed: waiting for ICar.support.WaitUtils$4@636673a3 (tried for 10 second(s) with 500 milliseconds interval)</small> </font> </div>
<div class="test-event"> <font color="maroon"> <small> &emsp; &emsp;--- 16 Oct 15:46:05 662 - <b>10</b> - Spinner Load Wait: (Sync) - ICar.support.WaitUtils.waitForSpinner(WaitUtils.java:225)</small> </font> </div>
<div class="test-event"> <font color="maroon"> <small> &emsp; &emsp;--- 16 Oct 15:46:05 734 - Element is displayed:: [[ChromeDriver: chrome on WINDOWS (31cd6d4066a042e4ad8a8dd9d427ed46)] -> xpath: //input[@class='slds-input searchInputCls']]</small> </font> </div>
<div class="test-event"> <font color="maroon"> <small> &emsp; &emsp;--- 16 Oct 15:46:21 356 - Catched spinner load exception due to Expected condition failed: waiting for ICar.support.WaitUtils$4@636673a3 (tried for 14 second(s) with 500 milliseconds interval)</small> </font> </div>
<div class="test-event"> <font color="maroon"> <small> &emsp; &emsp;--- 16 Oct 15:46:21 356 - <b>14</b> - Spinner Load Wait: (Sync) - ICar.support.WaitUtils.waitForSpinner(WaitUtils.java:225)</small> </font> </div>
<div class="test-message">&emsp;5. Verify the search result</div>
<div class="test-event"> <font color="maroon"> <small> &emsp; &emsp;--- 16 Oct 15:46:21 400 - Element is displayed:: [[ChromeDriver: chrome on WINDOWS (31cd6d4066a042e4ad8a8dd9d427ed46)] -> xpath: //td[@data-label='ProductName']//a]</small> </font> </div>
<div class="test-event"> <font color="maroon"> <small> &emsp; &emsp;--- 16 Oct 15:46:21 525 - Page URL:: https://www.icarstage.com/custom-search-results?searchtext=ford#gsc.tab=0&gsc.q=ford&gsc.page=1</small> </font> </div>
<div class="test-event"> <font color="maroon"> <small> &emsp; &emsp;--- 16 Oct 15:46:21 525 - <b>0</b> - Page Load Wait: (Sync) - ICar.support.Utils.waitForPageLoad(Utils.java:109)</small> </font> </div>
<div class="test-event"> <font color="maroon"> <small> &emsp; &emsp;--- 16 Oct 15:46:23 601 - Catched spinner load exception due to Expected condition failed: waiting for ICar.support.WaitUtils$4@636673a3 (tried for 2 second(s) with 500 milliseconds interval)</small> </font> </div>
<div class="test-event"> <font color="maroon"> <small> &emsp; &emsp;--- 16 Oct 15:46:23 601 - <b>2</b> - Spinner Load Wait: (Sync) - ICar.support.WaitUtils.waitForSpinner(WaitUtils.java:225)</small> </font> </div>
<div class="test-message">&emsp;Search result contains 'Ford' in COURSE/LEARNING PLAN&emsp;<a href=".\ScreenShot\ICar_B2B_TC011_61156297888700.png" target="_blank" >[ScreenShot]</a></div>
<div class="test-result"><br><font color="green"><strong> Test Passed. </strong></font> </div>&emsp;
&emsp;<div class="test-title"> <strong><font size = "3" color = "#0000FF">---Test Execution Ends---</font> </strong> </div>&emsp;
<div class="test-event"> <font color="maroon"> <small> &emsp; &emsp;--- 16 Oct 15:46:29 682 - TestCaseID:: ICar_B2B_TC012</small> </font> </div>
<div class="test-event"> <font color="maroon"> <small> &emsp; &emsp;--- 16 Oct 15:46:30 723 - <b>1</b> - Driver::initialize::Get - ICar.support.WebDriverFactory.getDriver(WebDriverFactory.java:640)</small> </font> </div>
&emsp;<div class="test-title"> <strong><font size = "3" color = "#000080">Verify searching my purchases using shop option shows searched results</font> </strong> </div>&emsp;<div><strong>Steps:</strong></div><!-- Report -->&emsp;
<div class="test-event"> <font color="maroon"> <small> &emsp; &emsp;--- 16 Oct 15:46:37 549 - Element is displayed:: [[ChromeDriver: chrome on WINDOWS (23d8223b46596d305a1b0b43e8f633bd)] -> xpath: //a/img[@alt='Login Image']|//button[@id='btn-login']]</small> </font> </div>
<div class="test-event"> <font color="maroon"> <small> &emsp; &emsp;--- 16 Oct 15:46:37 612 - Element is displayed:: [[ChromeDriver: chrome on WINDOWS (23d8223b46596d305a1b0b43e8f633bd)] -> xpath: //a/img[@alt='Login Image']|//button[@id='btn-login']]</small> </font> </div>
<div class="test-message">&emsp;Successfully navigated to 'Home' Page&emsp;<a href=".\ScreenShot\ICar_B2B_TC012_61165025168700.png" target="_blank" >[ScreenShot]</a></div>
<div class="test-message">&emsp;1. Home page is launched.</div>
<div class="test-event"> <font color="maroon"> <small> &emsp; &emsp;--- 16 Oct 15:46:37 980 - Page URL:: https://www.icarstage.com/</small> </font> </div>
<div class="test-event"> <font color="maroon"> <small> &emsp; &emsp;--- 16 Oct 15:46:37 980 - <b>0</b> - Page Load Wait: (Sync) - ICar.support.Utils.waitForPageLoad(Utils.java:109)</small> </font> </div>
<div class="test-event"> <font color="maroon"> <small> &emsp; &emsp;--- 16 Oct 15:46:38 017 - Element is displayed:: [[ChromeDriver: chrome on WINDOWS (23d8223b46596d305a1b0b43e8f633bd)] -> xpath: //a/img[@alt='Login Image']|//button[@id='btn-login']]</small> </font> </div>
<div class="test-event"> <font color="maroon"> <small> &emsp; &emsp;--- 16 Oct 15:46:38 075 - Element is displayed:: [[ChromeDriver: chrome on WINDOWS (23d8223b46596d305a1b0b43e8f633bd)] -> xpath: //a/img[@alt='Login Image']|//button[@id='btn-login']]</small> </font> </div>
<div class="test-event"> <font color="maroon"> <small> &emsp; &emsp;--- 16 Oct 15:46:55 900 - Catched spinner load exception due to Expected condition failed: waiting for ICar.support.WaitUtils$4@636673a3 (tried for 15 second(s) with 500 milliseconds interval)</small> </font> </div>
<div class="test-event"> <font color="maroon"> <small> &emsp; &emsp;--- 16 Oct 15:46:55 900 - <b>15</b> - Spinner Load Wait: (Sync) - ICar.support.WaitUtils.waitForSpinner(WaitUtils.java:225)</small> </font> </div>
<div class="test-message">&emsp;2. Navigate to 'Login Page'</div>
<div class="test-message">&emsp;Successfully navigated to 'Login' Page&emsp;<a href=".\ScreenShot\ICar_B2B_TC012_61183316046900.png" target="_blank" >[ScreenShot]</a></div>
<div class="test-event"> <font color="maroon"> <small> &emsp; &emsp;--- 16 Oct 15:46:56 128 - Element is displayed:: [[ChromeDriver: chrome on WINDOWS (23d8223b46596d305a1b0b43e8f633bd)] -> id: username]</small> </font> </div>
<div class="test-event"> <font color="maroon"> <small> &emsp; &emsp;--- 16 Oct 15:46:56 258 - Element is displayed:: [[ChromeDriver: chrome on WINDOWS (23d8223b46596d305a1b0b43e8f633bd)] -> id: username]</small> </font> </div>
<div class="test-event"> <font color="maroon"> <small> &emsp; &emsp;--- 16 Oct 15:46:56 532 - Element is displayed:: [[ChromeDriver: chrome on WINDOWS (23d8223b46596d305a1b0b43e8f633bd)] -> id: password]</small> </font> </div>
<div class="test-event"> <font color="maroon"> <small> &emsp; &emsp;--- 16 Oct 15:46:56 755 - Element is displayed:: [[ChromeDriver: chrome on WINDOWS (23d8223b46596d305a1b0b43e8f633bd)] -> id: btn-login]</small> </font> </div>
<div class="test-event"> <font color="maroon"> <small> &emsp; &emsp;--- 16 Oct 15:47:02 758 - Catched spinner load exception due to Expected condition failed: waiting for ICar.support.WaitUtils$4@636673a3 (tried for 3 second(s) with 500 milliseconds interval)</small> </font> </div>
<div class="test-event"> <font color="maroon"> <small> &emsp; &emsp;--- 16 Oct 15:47:02 758 - <b>5</b> - Spinner Load Wait: (Sync) - ICar.support.WaitUtils.waitForSpinner(WaitUtils.java:225)</small> </font> </div>
<div class="test-event"> <font color="maroon"> <small> &emsp; &emsp;--- 16 Oct 15:47:25 638 - Catched spinner load exception due to Expected condition failed: waiting for ICar.support.WaitUtils$4@636673a3 (tried for 10 second(s) with 500 milliseconds interval)</small> </font> </div>
<div class="test-event"> <font color="maroon"> <small> &emsp; &emsp;--- 16 Oct 15:47:25 638 - <b>10</b> - Spinner Load Wait: (Sync) - ICar.support.WaitUtils.waitForSpinner(WaitUtils.java:225)</small> </font> </div>
<div class="test-event"> <font color="maroon"> <small> &emsp; &emsp;--- 16 Oct 15:47:25 712 - Element is displayed:: [[ChromeDriver: chrome on WINDOWS (23d8223b46596d305a1b0b43e8f633bd)] -> xpath: //button[@value='Launch My Learning']]</small> </font> </div>
<div class="test-message">&emsp;3. Enter the user credentials UserName:-Angielex</div>
<div class="test-message">&emsp;Successfully navigated to 'User Home' Page&emsp;<a href=".\ScreenShot\ICar_B2B_TC012_61213125021200.png" target="_blank" >[ScreenShot]</a></div>
<div class="test-message">&emsp;4. Navigate to my purchase page</div>
<div class="test-event"> <font color="maroon"> <small> &emsp; &emsp;--- 16 Oct 15:47:26 091 - Page URL:: https://www.icarstage.com/</small> </font> </div>
<div class="test-event"> <font color="maroon"> <small> &emsp; &emsp;--- 16 Oct 15:47:26 091 - <b>0</b> - Page Load Wait: (Sync) - ICar.support.Utils.waitForPageLoad(Utils.java:109)</small> </font> </div>
<div class="test-event"> <font color="maroon"> <small> &emsp; &emsp;--- 16 Oct 15:47:26 146 - Element is displayed:: [[ChromeDriver: chrome on WINDOWS (23d8223b46596d305a1b0b43e8f633bd)] -> xpath: //p[text()='Launch My Learning']]</small> </font> </div>
<div class="test-event"> <font color="maroon"> <small> &emsp; &emsp;--- 16 Oct 15:47:26 186 - Element is displayed:: [[ChromeDriver: chrome on WINDOWS (23d8223b46596d305a1b0b43e8f633bd)] -> xpath: //lightning-layout[@class='left-margin slds-align_absolute-center slds-grid slds-grid_align-spread slds-wrap']//lightning-layout-item[2]//a]</small> </font> </div>
<div class="test-event"> <font color="maroon"> <small> &emsp; &emsp;--- 16 Oct 15:47:28 281 - Element is displayed:: [[ChromeDriver: chrome on WINDOWS (23d8223b46596d305a1b0b43e8f633bd)] -> xpath: //lightning-layout[@class='left-margin slds-align_absolute-center slds-grid slds-grid_align-spread slds-wrap']//lightning-layout-item[2]//a]</small> </font> </div>
<div class="test-event"> <font color="maroon"> <small> &emsp; &emsp;--- 16 Oct 15:47:28 387 - Element is displayed:: [[ChromeDriver: chrome on WINDOWS (23d8223b46596d305a1b0b43e8f633bd)] -> xpath: //ul[@aria-label='Show More']//li[3]/a]</small> </font> </div>
<div class="test-event"> <font color="maroon"> <small> &emsp; &emsp;--- 16 Oct 15:47:28 444 - Element is displayed:: [[ChromeDriver: chrome on WINDOWS (23d8223b46596d305a1b0b43e8f633bd)] -> xpath: //ul[@aria-label='Show More']//li[3]/a]</small> </font> </div>
<div class="test-event"> <font color="maroon"> <small> &emsp; &emsp;--- 16 Oct 15:47:45 057 - Catched spinner load exception due to Expected condition failed: waiting for ICar.support.WaitUtils$4@636673a3 (tried for 15 second(s) with 500 milliseconds interval)</small> </font> </div>
<div class="test-event"> <font color="maroon"> <small> &emsp; &emsp;--- 16 Oct 15:47:45 057 - <b>15</b> - Spinner Load Wait: (Sync) - ICar.support.WaitUtils.waitForSpinner(WaitUtils.java:225)</small> </font> </div>
<div class="test-event"> <font color="maroon"> <small> &emsp; &emsp;--- 16 Oct 15:47:45 166 - Page URL:: https://www.icarstage.com/my-purchases</small> </font> </div>
<div class="test-event"> <font color="maroon"> <small> &emsp; &emsp;--- 16 Oct 15:47:45 166 - <b>0</b> - Page Load Wait: (Sync) - ICar.support.Utils.waitForPageLoad(Utils.java:109)</small> </font> </div>
<div class="test-event"> <font color="maroon"> <small> &emsp; &emsp;--- 16 Oct 15:47:45 222 - Element is displayed:: [[ChromeDriver: chrome on WINDOWS (23d8223b46596d305a1b0b43e8f633bd)] -> xpath: //button[text()='Search']]</small> </font> </div>
<div class="test-message">&emsp;5. Verify shops are displayed under shop drop down</div>
<div class="test-message">&emsp;Successfully no shops are listed&emsp;<a href=".\ScreenShot\ICar_B2B_TC012_61235840710700.png" target="_blank" >[ScreenShot]</a></div>
<div class="test-result"><br><font color="green"><strong> Test Passed. </strong></font> </div>&emsp;
&emsp;<div class="test-title"> <strong><font size = "3" color = "#0000FF">---Test Execution Ends---</font> </strong> </div>&emsp;
<div class="test-event"> <font color="maroon"> <small> &emsp; &emsp;--- 16 Oct 15:47:49 172 - TestCaseID:: ICar_B2B_TC013</small> </font> </div>
<div class="test-event"> <font color="maroon"> <small> &emsp; &emsp;--- 16 Oct 15:47:50 353 - <b>1</b> - Driver::initialize::Get - ICar.support.WebDriverFactory.getDriver(WebDriverFactory.java:640)</small> </font> </div>
&emsp;<div class="test-title"> <strong><font size = "3" color = "#000080">Verify advanced class search functionality with Live/Virtual/Online sessions</font> </strong> </div>&emsp;<div><strong>Steps:</strong></div><!-- Report -->&emsp;
<div class="test-event"> <font color="maroon"> <small> &emsp; &emsp;--- 16 Oct 15:47:56 781 - Element is displayed:: [[ChromeDriver: chrome on WINDOWS (7ccbbb30ec2e5739f28ac769300dbcd4)] -> xpath: //a/img[@alt='Login Image']|//button[@id='btn-login']]</small> </font> </div>
<div class="test-event"> <font color="maroon"> <small> &emsp; &emsp;--- 16 Oct 15:47:56 858 - Element is displayed:: [[ChromeDriver: chrome on WINDOWS (7ccbbb30ec2e5739f28ac769300dbcd4)] -> xpath: //a/img[@alt='Login Image']|//button[@id='btn-login']]</small> </font> </div>
<div class="test-message">&emsp;Successfully navigated to 'Home' Page&emsp;<a href=".\ScreenShot\ICar_B2B_TC013_61244270295100.png" target="_blank" >[ScreenShot]</a></div>
<div class="test-message">&emsp;1. Home page is launched.</div>
<div class="test-event"> <font color="maroon"> <small> &emsp; &emsp;--- 16 Oct 15:47:57 221 - Page URL:: https://www.icarstage.com/</small> </font> </div>
<div class="test-event"> <font color="maroon"> <small> &emsp; &emsp;--- 16 Oct 15:47:57 221 - <b>0</b> - Page Load Wait: (Sync) - ICar.support.Utils.waitForPageLoad(Utils.java:109)</small> </font> </div>
<div class="test-event"> <font color="maroon"> <small> &emsp; &emsp;--- 16 Oct 15:47:57 268 - Element is displayed:: [[ChromeDriver: chrome on WINDOWS (7ccbbb30ec2e5739f28ac769300dbcd4)] -> xpath: //a/img[@alt='Login Image']|//button[@id='btn-login']]</small> </font> </div>
<div class="test-event"> <font color="maroon"> <small> &emsp; &emsp;--- 16 Oct 15:47:57 353 - Element is displayed:: [[ChromeDriver: chrome on WINDOWS (7ccbbb30ec2e5739f28ac769300dbcd4)] -> xpath: //a/img[@alt='Login Image']|//button[@id='btn-login']]</small> </font> </div>
<div class="test-event"> <font color="maroon"> <small> &emsp; &emsp;--- 16 Oct 15:48:15 177 - Catched spinner load exception due to Expected condition failed: waiting for ICar.support.WaitUtils$4@636673a3 (tried for 15 second(s) with 500 milliseconds interval)</small> </font> </div>
<div class="test-event"> <font color="maroon"> <small> &emsp; &emsp;--- 16 Oct 15:48:15 178 - <b>15</b> - Spinner Load Wait: (Sync) - ICar.support.WaitUtils.waitForSpinner(WaitUtils.java:225)</small> </font> </div>
<div class="test-message">&emsp;2. Navigate to 'Login Page'</div>
<div class="test-message">&emsp;Successfully navigated to 'Login' Page&emsp;<a href=".\ScreenShot\ICar_B2B_TC013_61262593457700.png" target="_blank" >[ScreenShot]</a></div>
<div class="test-event"> <font color="maroon"> <small> &emsp; &emsp;--- 16 Oct 15:48:15 431 - Element is displayed:: [[ChromeDriver: chrome on WINDOWS (7ccbbb30ec2e5739f28ac769300dbcd4)] -> id: username]</small> </font> </div>
<div class="test-event"> <font color="maroon"> <small> &emsp; &emsp;--- 16 Oct 15:48:15 489 - Element is displayed:: [[ChromeDriver: chrome on WINDOWS (7ccbbb30ec2e5739f28ac769300dbcd4)] -> id: username]</small> </font> </div>
<div class="test-event"> <font color="maroon"> <small> &emsp; &emsp;--- 16 Oct 15:48:15 794 - Element is displayed:: [[ChromeDriver: chrome on WINDOWS (7ccbbb30ec2e5739f28ac769300dbcd4)] -> id: password]</small> </font> </div>
<div class="test-event"> <font color="maroon"> <small> &emsp; &emsp;--- 16 Oct 15:48:16 007 - Element is displayed:: [[ChromeDriver: chrome on WINDOWS (7ccbbb30ec2e5739f28ac769300dbcd4)] -> id: btn-login]</small> </font> </div>
<div class="test-event"> <font color="maroon"> <small> &emsp; &emsp;--- 16 Oct 15:48:20 628 - Catched spinner load exception due to Expected condition failed: waiting for ICar.support.WaitUtils$4@636673a3 (tried for 3 second(s) with 500 milliseconds interval)</small> </font> </div>
<div class="test-event"> <font color="maroon"> <small> &emsp; &emsp;--- 16 Oct 15:48:20 628 - <b>4</b> - Spinner Load Wait: (Sync) - ICar.support.WaitUtils.waitForSpinner(WaitUtils.java:225)</small> </font> </div>
<div class="test-event"> <font color="maroon"> <small> &emsp; &emsp;--- 16 Oct 15:48:44 927 - Catched spinner load exception due to Expected condition failed: waiting for ICar.support.WaitUtils$4@636673a3 (tried for 10 second(s) with 500 milliseconds interval)</small> </font> </div>
<div class="test-event"> <font color="maroon"> <small> &emsp; &emsp;--- 16 Oct 15:48:44 927 - <b>10</b> - Spinner Load Wait: (Sync) - ICar.support.WaitUtils.waitForSpinner(WaitUtils.java:225)</small> </font> </div>
<div class="test-event"> <font color="maroon"> <small> &emsp; &emsp;--- 16 Oct 15:48:45 019 - Element is displayed:: [[ChromeDriver: chrome on WINDOWS (7ccbbb30ec2e5739f28ac769300dbcd4)] -> xpath: //button[@value='Launch My Learning']]</small> </font> </div>
<div class="test-message">&emsp;3. Enter the user credentials as : Angielex</div>
<div class="test-message">&emsp;Successfully navigated to 'User Home' Page&emsp;<a href=".\ScreenShot\ICar_B2B_TC013_61292431093500.png" target="_blank" >[ScreenShot]</a></div>
<div class="test-message">&emsp;4. Click on the Advance search Link and enter the search criteria for Virtual Courses</div>
<div class="test-event"> <font color="maroon"> <small> &emsp; &emsp;--- 16 Oct 15:48:45 233 - Element is displayed:: [[ChromeDriver: chrome on WINDOWS (7ccbbb30ec2e5739f28ac769300dbcd4)] -> xpath: //a[text()='Advanced Class Search ']]</small> </font> </div>
<div class="test-event"> <font color="maroon"> <small> &emsp; &emsp;--- 16 Oct 15:49:01 754 - Catched spinner load exception due to Expected condition failed: waiting for ICar.support.WaitUtils$4@636673a3 (tried for 10 second(s) with 500 milliseconds interval)</small> </font> </div>
<div class="test-event"> <font color="maroon"> <small> &emsp; &emsp;--- 16 Oct 15:49:01 754 - <b>10</b> - Spinner Load Wait: (Sync) - ICar.support.WaitUtils.waitForSpinner(WaitUtils.java:225)</small> </font> </div>
<div class="test-event"> <font color="maroon"> <small> &emsp; &emsp;--- 16 Oct 15:49:01 805 - Element is displayed:: [[ChromeDriver: chrome on WINDOWS (7ccbbb30ec2e5739f28ac769300dbcd4)] -> xpath: //lightning-input[@class='slds-form-element']//label[contains(text(),'Address')]/../div/input]</small> </font> </div>
<div class="test-event"> <font color="maroon"> <small> &emsp; &emsp;--- 16 Oct 15:49:01 855 - Element is displayed:: [[ChromeDriver: chrome on WINDOWS (7ccbbb30ec2e5739f28ac769300dbcd4)] -> xpath: //lightning-input[@class='slds-form-element']//label[contains(text(),'Address')]/../div/input]</small> </font> </div>
<div class="test-event"> <font color="maroon"> <small> &emsp; &emsp;--- 16 Oct 15:49:01 913 - Element is displayed:: [[ChromeDriver: chrome on WINDOWS (7ccbbb30ec2e5739f28ac769300dbcd4)] -> xpath: //lightning-input[@class='slds-form-element']//label[contains(text(),'Address')]/../div/input]</small> </font> </div>
<div class="test-event"> <font color="maroon"> <small> &emsp; &emsp;--- 16 Oct 15:49:02 018 - Element is displayed:: [[ChromeDriver: chrome on WINDOWS (7ccbbb30ec2e5739f28ac769300dbcd4)] -> xpath: //lightning-input[@class='slds-form-element']//label[contains(text(),'City')]/../div/input]</small> </font> </div>
<div class="test-event"> <font color="maroon"> <small> &emsp; &emsp;--- 16 Oct 15:49:02 118 - Element is displayed:: [[ChromeDriver: chrome on WINDOWS (7ccbbb30ec2e5739f28ac769300dbcd4)] -> xpath: (//*[@class='slds-form-element'])/label/span[contains(text(),'State')]/../..//select]</small> </font> </div>
<div class="test-event"> <font color="maroon"> <small> &emsp; &emsp;--- 16 Oct 15:49:02 286 - Element is displayed:: [[ChromeDriver: chrome on WINDOWS (7ccbbb30ec2e5739f28ac769300dbcd4)] -> xpath: //lightning-input[@class='slds-form-element']//label[contains(text(),'Zip Code')]/../div/input]</small> </font> </div>
<div class="test-event"> <font color="maroon"> <small> &emsp; &emsp;--- 16 Oct 15:49:02 389 - Element is displayed:: [[ChromeDriver: chrome on WINDOWS (7ccbbb30ec2e5739f28ac769300dbcd4)] -> xpath: (//*[@class='slds-form-element'])/label/span[contains(text(),'Role')]/../..//select]</small> </font> </div>
<div class="test-event"> <font color="maroon"> <small> &emsp; &emsp;--- 16 Oct 15:49:02 580 - Element is displayed:: [[ChromeDriver: chrome on WINDOWS (7ccbbb30ec2e5739f28ac769300dbcd4)] -> xpath: (//*[@class='slds-form-element'])/label/span[contains(text(),'Pro Level')]/../..//select]</small> </font> </div>
<div class="test-event"> <font color="maroon"> <small> &emsp; &emsp;--- 16 Oct 15:49:05 901 - Page URL:: https://my.icarstage.com/s/session-search</small> </font> </div>
<div class="test-event"> <font color="maroon"> <small> &emsp; &emsp;--- 16 Oct 15:49:05 902 - <b>0</b> - Page Load Wait: (Sync) - ICar.support.Utils.waitForPageLoad(Utils.java:109)</small> </font> </div>
<div class="test-event"> <font color="maroon"> <small> &emsp; &emsp;--- 16 Oct 15:49:06 023 - Element is displayed:: [[ChromeDriver: chrome on WINDOWS (7ccbbb30ec2e5739f28ac769300dbcd4)] -> xpath: (//*[@class='slds-form-element__control slds-input-has-icon slds-input-has-icon_right']/input)[1]]</small> </font> </div>
<div class="test-event"> <font color="maroon"> <small> &emsp; &emsp;--- 16 Oct 15:49:06 327 - Element is displayed:: [[ChromeDriver: chrome on WINDOWS (7ccbbb30ec2e5739f28ac769300dbcd4)] -> xpath: (//*[@class='slds-form-element__control slds-input-has-icon slds-input-has-icon_right']/input)[2]]</small> </font> </div>
<div class="test-event"> <font color="maroon"> <small> &emsp; &emsp;--- 16 Oct 15:49:12 956 - Catched spinner load exception due to Expected condition failed: waiting for ICar.support.WaitUtils$4@636673a3 (tried for 6 second(s) with 500 milliseconds interval)</small> </font> </div>
<div class="test-event"> <font color="maroon"> <small> &emsp; &emsp;--- 16 Oct 15:49:12 956 - <b>6</b> - Spinner Load Wait: (Sync) - ICar.support.WaitUtils.waitForSpinner(WaitUtils.java:225)</small> </font> </div>
<div class="test-message">&emsp;4. Click on the Advance Search button</div>
<div class="test-event"> <font color="maroon"> <small> &emsp; &emsp;--- 16 Oct 15:49:13 051 - Element is displayed:: [[ChromeDriver: chrome on WINDOWS (7ccbbb30ec2e5739f28ac769300dbcd4)] -> xpath: (//button[@title='Search'])[2]]</small> </font> </div>
<div class="test-message">&emsp;5. Verify the search results</div>
<div class="test-message">&emsp;No records are found&emsp;<a href=".\ScreenShot\ICar_B2B_TC013_61323789588200.png" target="_blank" >[ScreenShot]</a></div>
<div class="test-message">&emsp;No records found for the given search criteria&emsp;<a href=".\ScreenShot\ICar_B2B_TC013_61323978833800.png" target="_blank" >[ScreenShot]</a></div>
<div class="test-result"><br><font color="green"><strong> Test Passed. </strong></font> </div>&emsp;
&emsp;<div class="test-title"> <strong><font size = "3" color = "#0000FF">---Test Execution Ends---</font> </strong> </div>&emsp;
<div class="test-event"> <font color="maroon"> <small> &emsp; &emsp;--- 16 Oct 15:49:17 306 - TestCaseID:: ICar_B2B_TC014</small> </font> </div>
<div class="test-event"> <font color="maroon"> <small> &emsp; &emsp;--- 16 Oct 15:49:18 952 - <b>1</b> - Driver::initialize::Get - ICar.support.WebDriverFactory.getDriver(WebDriverFactory.java:640)</small> </font> </div>
&emsp;<div class="test-title"> <strong><font size = "3" color = "#000080">Verify adding training course to cart in Browser Catalog Feature</font> </strong> </div>&emsp;<div><strong>Steps:</strong></div><!-- Report -->&emsp;
<div class="test-event"> <font color="maroon"> <small> &emsp; &emsp;--- 16 Oct 15:49:25 342 - Element is displayed:: [[ChromeDriver: chrome on WINDOWS (4834176962fbe3ecc4109aac7d2ed5c0)] -> xpath: //a/img[@alt='Login Image']|//button[@id='btn-login']]</small> </font> </div>
<div class="test-event"> <font color="maroon"> <small> &emsp; &emsp;--- 16 Oct 15:49:25 406 - Element is displayed:: [[ChromeDriver: chrome on WINDOWS (4834176962fbe3ecc4109aac7d2ed5c0)] -> xpath: //a/img[@alt='Login Image']|//button[@id='btn-login']]</small> </font> </div>
<div class="test-message">&emsp;Successfully navigated to 'Home' Page&emsp;<a href=".\ScreenShot\ICar_B2B_TC014_61332819373800.png" target="_blank" >[ScreenShot]</a></div>
<div class="test-message">&emsp;1. Home page is launched.</div>
<div class="test-event"> <font color="maroon"> <small> &emsp; &emsp;--- 16 Oct 15:49:26 057 - Page URL:: https://www.icarstage.com/</small> </font> </div>
<div class="test-event"> <font color="maroon"> <small> &emsp; &emsp;--- 16 Oct 15:49:26 057 - <b>0</b> - Page Load Wait: (Sync) - ICar.support.Utils.waitForPageLoad(Utils.java:109)</small> </font> </div>
<div class="test-event"> <font color="maroon"> <small> &emsp; &emsp;--- 16 Oct 15:49:26 100 - Element is displayed:: [[ChromeDriver: chrome on WINDOWS (4834176962fbe3ecc4109aac7d2ed5c0)] -> xpath: //a/img[@alt='Login Image']|//button[@id='btn-login']]</small> </font> </div>
<div class="test-event"> <font color="maroon"> <small> &emsp; &emsp;--- 16 Oct 15:49:26 184 - Element is displayed:: [[ChromeDriver: chrome on WINDOWS (4834176962fbe3ecc4109aac7d2ed5c0)] -> xpath: //a/img[@alt='Login Image']|//button[@id='btn-login']]</small> </font> </div>
<div class="test-event"> <font color="maroon"> <small> &emsp; &emsp;--- 16 Oct 15:49:44 267 - Catched spinner load exception due to Expected condition failed: waiting for ICar.support.WaitUtils$4@636673a3 (tried for 15 second(s) with 500 milliseconds interval)</small> </font> </div>
<div class="test-event"> <font color="maroon"> <small> &emsp; &emsp;--- 16 Oct 15:49:44 267 - <b>15</b> - Spinner Load Wait: (Sync) - ICar.support.WaitUtils.waitForSpinner(WaitUtils.java:225)</small> </font> </div>
<div class="test-message">&emsp;2. Navigate to Login Page</div>
<div class="test-message">&emsp;Successfully navigated to 'Login' Page&emsp;<a href=".\ScreenShot\ICar_B2B_TC014_61351682952900.png" target="_blank" >[ScreenShot]</a></div>
<div class="test-event"> <font color="maroon"> <small> &emsp; &emsp;--- 16 Oct 15:49:44 604 - Element is displayed:: [[ChromeDriver: chrome on WINDOWS (4834176962fbe3ecc4109aac7d2ed5c0)] -> id: username]</small> </font> </div>
<div class="test-event"> <font color="maroon"> <small> &emsp; &emsp;--- 16 Oct 15:49:44 709 - Element is displayed:: [[ChromeDriver: chrome on WINDOWS (4834176962fbe3ecc4109aac7d2ed5c0)] -> id: username]</small> </font> </div>
<div class="test-event"> <font color="maroon"> <small> &emsp; &emsp;--- 16 Oct 15:49:44 930 - Element is displayed:: [[ChromeDriver: chrome on WINDOWS (4834176962fbe3ecc4109aac7d2ed5c0)] -> id: password]</small> </font> </div>
<div class="test-event"> <font color="maroon"> <small> &emsp; &emsp;--- 16 Oct 15:49:45 123 - Element is displayed:: [[ChromeDriver: chrome on WINDOWS (4834176962fbe3ecc4109aac7d2ed5c0)] -> id: btn-login]</small> </font> </div>
<div class="test-event"> <font color="maroon"> <small> &emsp; &emsp;--- 16 Oct 15:49:50 289 - Catched spinner load exception due to Expected condition failed: waiting for ICar.support.WaitUtils$4@636673a3 (tried for 3 second(s) with 500 milliseconds interval)</small> </font> </div>
<div class="test-event"> <font color="maroon"> <small> &emsp; &emsp;--- 16 Oct 15:49:50 289 - <b>5</b> - Spinner Load Wait: (Sync) - ICar.support.WaitUtils.waitForSpinner(WaitUtils.java:225)</small> </font> </div>
<div class="test-event"> <font color="maroon"> <small> &emsp; &emsp;--- 16 Oct 15:50:13 423 - Catched spinner load exception due to Expected condition failed: waiting for ICar.support.WaitUtils$4@636673a3 (tried for 10 second(s) with 500 milliseconds interval)</small> </font> </div>
<div class="test-event"> <font color="maroon"> <small> &emsp; &emsp;--- 16 Oct 15:50:13 423 - <b>10</b> - Spinner Load Wait: (Sync) - ICar.support.WaitUtils.waitForSpinner(WaitUtils.java:225)</small> </font> </div>
<div class="test-event"> <font color="maroon"> <small> &emsp; &emsp;--- 16 Oct 15:50:13 508 - Element is displayed:: [[ChromeDriver: chrome on WINDOWS (4834176962fbe3ecc4109aac7d2ed5c0)] -> xpath: //button[@value='Launch My Learning']]</small> </font> </div>
<div class="test-message">&emsp;3. Enter the user credentials as : Angielex</div>
<div class="test-message">&emsp;Successfully navigated to 'User Home' Page&emsp;<a href=".\ScreenShot\ICar_B2B_TC014_61380920415000.png" target="_blank" >[ScreenShot]</a></div>
<div class="test-message">&emsp;4. Click on link to navigate to 'Browser catalog' screen and add a course :Aluminum GMA Welding Theory to the cart</div>
<div class="test-event"> <font color="maroon"> <small> &emsp; &emsp;--- 16 Oct 15:50:13 905 - Page URL:: https://www.icarstage.com/</small> </font> </div>
<div class="test-event"> <font color="maroon"> <small> &emsp; &emsp;--- 16 Oct 15:50:13 905 - <b>0</b> - Page Load Wait: (Sync) - ICar.support.Utils.waitForPageLoad(Utils.java:109)</small> </font> </div>
<div class="test-event"> <font color="maroon"> <small> &emsp; &emsp;--- 16 Oct 15:50:13 966 - Element is displayed:: [[ChromeDriver: chrome on WINDOWS (4834176962fbe3ecc4109aac7d2ed5c0)] -> xpath: //p[text()='Launch My Learning']]</small> </font> </div>
<div class="test-event"> <font color="maroon"> <small> &emsp; &emsp;--- 16 Oct 15:50:14 138 - Page URL:: https://www.icarstage.com/</small> </font> </div>
<div class="test-event"> <font color="maroon"> <small> &emsp; &emsp;--- 16 Oct 15:50:14 138 - <b>0</b> - Page Load Wait: (Sync) - ICar.support.Utils.waitForPageLoad(Utils.java:109)</small> </font> </div>
<div class="test-event"> <font color="maroon"> <small> &emsp; &emsp;--- 16 Oct 15:50:28 358 - Catched spinner load exception due to Expected condition failed: waiting for ICar.support.WaitUtils$4@636673a3 (tried for 14 second(s) with 500 milliseconds interval)</small> </font> </div>
<div class="test-event"> <font color="maroon"> <small> &emsp; &emsp;--- 16 Oct 15:50:28 358 - <b>14</b> - Spinner Load Wait: (Sync) - ICar.support.WaitUtils.waitForSpinner(WaitUtils.java:225)</small> </font> </div>
<div class="test-event"> <font color="maroon"> <small> &emsp; &emsp;--- 16 Oct 15:50:28 403 - Element is displayed:: [[ChromeDriver: chrome on WINDOWS (4834176962fbe3ecc4109aac7d2ed5c0)] -> xpath: //a[text()='Browse Catalog']]</small> </font> </div>
<div class="test-event"> <font color="maroon"> <small> &emsp; &emsp;--- 16 Oct 15:50:28 457 - Element is displayed:: [[ChromeDriver: chrome on WINDOWS (4834176962fbe3ecc4109aac7d2ed5c0)] -> xpath: //a[text()='Browse Catalog']]</small> </font> </div>
<div class="test-event"> <font color="maroon"> <small> &emsp; &emsp;--- 16 Oct 15:50:33 024 - Page URL:: https://www.icarstage.com/browse</small> </font> </div>
<div class="test-event"> <font color="maroon"> <small> &emsp; &emsp;--- 16 Oct 15:50:33 024 - <b>0</b> - Page Load Wait: (Sync) - ICar.support.Utils.waitForPageLoad(Utils.java:109)</small> </font> </div>
<div class="test-event"> <font color="maroon"> <small> &emsp; &emsp;--- 16 Oct 15:50:48 311 - Catched spinner load exception due to Expected condition failed: waiting for ICar.support.WaitUtils$4@636673a3 (tried for 15 second(s) with 500 milliseconds interval)</small> </font> </div>
<div class="test-event"> <font color="maroon"> <small> &emsp; &emsp;--- 16 Oct 15:50:48 311 - Spinner Load Wait</small> </font> </div>
<div class="test-event"> <font color="maroon"> <small> &emsp; &emsp;--- 16 Oct 15:50:48 348 - Element is displayed:: [[ChromeDriver: chrome on WINDOWS (4834176962fbe3ecc4109aac7d2ed5c0)] -> xpath: //article[contains(@class,'slds-box card-layout-grid mobile-margin padding-bottom')]]</small> </font> </div>
<div class="test-event"> <font color="maroon"> <small> &emsp; &emsp;--- 16 Oct 15:50:55 574 - Catched spinner load exception due to Expected condition failed: waiting for ICar.support.WaitUtils$4@636673a3 (tried for 7 second(s) with 500 milliseconds interval)</small> </font> </div>
<div class="test-event"> <font color="maroon"> <small> &emsp; &emsp;--- 16 Oct 15:50:55 574 - <b>7</b> - Spinner Load Wait: (Sync) - ICar.support.WaitUtils.waitForSpinner(WaitUtils.java:225)</small> </font> </div>
<div class="test-event"> <font color="maroon"> <small> &emsp; &emsp;--- 16 Oct 15:51:40 001 - Element is displayed:: [[ChromeDriver: chrome on WINDOWS (4834176962fbe3ecc4109aac7d2ed5c0)] -> xpath: //a[@class='custom-name slds-p-vertical_small']]</small> </font> </div>
<div class="test-event"> <font color="maroon"> <small> &emsp; &emsp;--- 16 Oct 15:51:42 217 - Page URL:: https://www.icarstage.com/product/aluminum-gma-welding-theory/01tdi000007teqsia2</small> </font> </div>
<div class="test-event"> <font color="maroon"> <small> &emsp; &emsp;--- 16 Oct 15:51:42 218 - <b>0</b> - Page Load Wait: (Sync) - ICar.support.Utils.waitForPageLoad(Utils.java:109)</small> </font> </div>
<div class="test-event"> <font color="maroon"> <small> &emsp; &emsp;--- 16 Oct 15:51:44 665 - Element is displayed:: [[ChromeDriver: chrome on WINDOWS (4834176962fbe3ecc4109aac7d2ed5c0)] -> xpath: //button[text()='Add to Cart']]</small> </font> </div>
<div class="test-event"> <font color="maroon"> <small> &emsp; &emsp;--- 16 Oct 15:51:46 764 - Element is displayed:: [[ChromeDriver: chrome on WINDOWS (4834176962fbe3ecc4109aac7d2ed5c0)] -> xpath: //button[text()='Add to Cart']]</small> </font> </div>
<div class="test-event"> <font color="maroon"> <small> &emsp; &emsp;--- 16 Oct 15:51:48 825 - Element is displayed:: [[ChromeDriver: chrome on WINDOWS (4834176962fbe3ecc4109aac7d2ed5c0)] -> xpath: //slot[@name='message']]</small> </font> </div>
<div class="test-message">&emsp;Success message displayed on adding the course: Aluminum GMA Welding Theory to the cart&emsp;<a href=".\ScreenShot\ICar_B2B_TC014_61476258987200.png" target="_blank" >[ScreenShot]</a></div>
<div class="test-event"> <font color="maroon"> <small> &emsp; &emsp;--- 16 Oct 15:51:49 390 - Page URL:: https://www.icarstage.com/product/aluminum-gma-welding-theory/01tdi000007teqsia2</small> </font> </div>
<div class="test-event"> <font color="maroon"> <small> &emsp; &emsp;--- 16 Oct 15:51:49 390 - <b>0</b> - Page Load Wait: (Sync) - ICar.support.Utils.waitForPageLoad(Utils.java:109)</small> </font> </div>
<div class="test-event"> <font color="maroon"> <small> &emsp; &emsp;--- 16 Oct 15:51:49 453 - Element is displayed:: [[ChromeDriver: chrome on WINDOWS (4834176962fbe3ecc4109aac7d2ed5c0)] -> xpath: //p[text()='Launch My Learning']]</small> </font> </div>
<div class="test-event"> <font color="maroon"> <small> &emsp; &emsp;--- 16 Oct 15:52:09 629 - Catched spinner load exception due to Expected condition failed: waiting for ICar.support.WaitUtils$4@636673a3 (tried for 20 second(s) with 500 milliseconds interval)</small> </font> </div>
<div class="test-event"> <font color="maroon"> <small> &emsp; &emsp;--- 16 Oct 15:52:09 629 - <b>20</b> - Spinner Load Wait: (Sync) - ICar.support.WaitUtils.waitForSpinner(WaitUtils.java:225)</small> </font> </div>
<div class="test-event"> <font color="maroon"> <small> &emsp; &emsp;--- 16 Oct 15:52:09 680 - Element is displayed:: [[ChromeDriver: chrome on WINDOWS (4834176962fbe3ecc4109aac7d2ed5c0)] -> xpath: //div[@class='HeaderCart_Icon']/a]</small> </font> </div>
<div class="test-event"> <font color="maroon"> <small> &emsp; &emsp;--- 16 Oct 15:52:11 799 - Element is displayed:: [[ChromeDriver: chrome on WINDOWS (4834176962fbe3ecc4109aac7d2ed5c0)] -> xpath: //div[@class='HeaderCart_Icon']/a]</small> </font> </div>
<div class="test-event"> <font color="maroon"> <small> &emsp; &emsp;--- 16 Oct 15:52:31 647 - Catched spinner load exception due to Expected condition failed: waiting for ICar.support.WaitUtils$4@636673a3 (tried for 15 second(s) with 500 milliseconds interval)</small> </font> </div>
<div class="test-event"> <font color="maroon"> <small> &emsp; &emsp;--- 16 Oct 15:52:31 648 - <b>15</b> - Spinner Load Wait: (Sync) - ICar.support.WaitUtils.waitForSpinner(WaitUtils.java:225)</small> </font> </div>
<div class="test-event"> <font color="maroon"> <small> &emsp; &emsp;--- 16 Oct 15:52:31 815 - Page URL:: https://www.icarstage.com/cart</small> </font> </div>
<div class="test-event"> <font color="maroon"> <small> &emsp; &emsp;--- 16 Oct 15:52:31 815 - <b>0</b> - Page Load Wait: (Sync) - ICar.support.Utils.waitForPageLoad(Utils.java:109)</small> </font> </div>
<div class="test-event"> <font color="maroon"> <small> &emsp; &emsp;--- 16 Oct 15:52:31 871 - Element is displayed:: [[ChromeDriver: chrome on WINDOWS (4834176962fbe3ecc4109aac7d2ed5c0)] -> xpath: //button[text()='Continue to Checkout']]</small> </font> </div>
<div class="test-message">&emsp;5. Click on My cart icon to navigate to 'My Cart' Page</div>
<div class="test-message">&emsp;Successfully navigated to 'My Cart' Page&emsp;<a href=".\ScreenShot\ICar_B2B_TC014_61519283851500.png" target="_blank" >[ScreenShot]</a></div>
<div class="test-message">&emsp;6. Verify the added course: Aluminum GMA Welding Theory is displayed in the cart</div>
<div class="test-event"> <font color="maroon"> <small> &emsp; &emsp;--- 16 Oct 15:52:37 228 - Catched spinner load exception due to Expected condition failed: waiting for ICar.support.WaitUtils$4@636673a3 (tried for 5 second(s) with 500 milliseconds interval)</small> </font> </div>
<div class="test-event"> <font color="maroon"> <small> &emsp; &emsp;--- 16 Oct 15:52:37 228 - <b>5</b> - Spinner Load Wait: (Sync) - ICar.support.WaitUtils.waitForSpinner(WaitUtils.java:225)</small> </font> </div>
<div class="test-event"> <font color="maroon"> <small> &emsp; &emsp;--- 16 Oct 15:52:37 265 - Element is displayed:: [[ChromeDriver: chrome on WINDOWS (4834176962fbe3ecc4109aac7d2ed5c0)] -> xpath: //c-b2b_-cart-items[contains(@data-component-id,'b2b_CartItems-a')]//div[@class='left-width']//div[@data-label='LearningPlan']/div]</small> </font> </div>
<div class="test-message">&emsp;Successfully course: Aluminum GMA Welding Theory is added and displayed in the cart&emsp;<a href=".\ScreenShot\ICar_B2B_TC014_61528772609300.png" target="_blank" >[ScreenShot]</a></div>
<div class="test-event"> <font color="maroon"> <small> &emsp; &emsp;--- 16 Oct 15:52:41 593 - Element is displayed:: [[ChromeDriver: chrome on WINDOWS (4834176962fbe3ecc4109aac7d2ed5c0)] -> xpath: //button[text()='Empty Cart']]</small> </font> </div>
<div class="test-event"> <font color="maroon"> <small> &emsp; &emsp;--- 16 Oct 15:52:43 704 - Element is displayed:: [[ChromeDriver: chrome on WINDOWS (4834176962fbe3ecc4109aac7d2ed5c0)] -> xpath: //button[text()='Empty Cart']]</small> </font> </div>
<div class="test-event"> <font color="maroon"> <small> &emsp; &emsp;--- 16 Oct 15:52:44 095 - Element is displayed:: [[ChromeDriver: chrome on WINDOWS (4834176962fbe3ecc4109aac7d2ed5c0)] -> xpath: //button[@title='Yes']]</small> </font> </div>
<div class="test-event"> <font color="maroon"> <small> &emsp; &emsp;--- 16 Oct 15:52:44 172 - Element is displayed:: [[ChromeDriver: chrome on WINDOWS (4834176962fbe3ecc4109aac7d2ed5c0)] -> xpath: //button[@title='Yes']]</small> </font> </div>
<div class="test-message">&emsp;successfully removed from cart</div>
<div class="test-result"><br><font color="green"><strong> Test Passed. </strong></font> </div>&emsp;
&emsp;<div class="test-title"> <strong><font size = "3" color = "#0000FF">---Test Execution Ends---</font> </strong> </div>&emsp;
<div class="test-event"> <font color="maroon"> <small> &emsp; &emsp;--- 16 Oct 15:52:45 002 - TestCaseID:: ICar_B2B_TC015</small> </font> </div>
<div class="test-event"> <font color="maroon"> <small> &emsp; &emsp;--- 16 Oct 15:52:47 083 - <b>2</b> - Driver::initialize::Get - ICar.support.WebDriverFactory.getDriver(WebDriverFactory.java:640)</small> </font> </div>
&emsp;<div class="test-title"> <strong><font size = "3" color = "#000080">Verify adding training course to cart after searching</font> </strong> </div>&emsp;<div><strong>Steps:</strong></div><!-- Report -->&emsp;
<div class="test-event"> <font color="maroon"> <small> &emsp; &emsp;--- 16 Oct 15:52:53 145 - Element is displayed:: [[ChromeDriver: chrome on WINDOWS (348af46f9e73142aff812d4155170555)] -> xpath: //a/img[@alt='Login Image']|//button[@id='btn-login']]</small> </font> </div>
<div class="test-event"> <font color="maroon"> <small> &emsp; &emsp;--- 16 Oct 15:52:53 211 - Element is displayed:: [[ChromeDriver: chrome on WINDOWS (348af46f9e73142aff812d4155170555)] -> xpath: //a/img[@alt='Login Image']|//button[@id='btn-login']]</small> </font> </div>
<div class="test-message">&emsp;Successfully navigated to 'Home' Page&emsp;<a href=".\ScreenShot\ICar_B2B_TC015_61540623611400.png" target="_blank" >[ScreenShot]</a></div>
<div class="test-message">&emsp;1. Home page is launched.</div>
<div class="test-event"> <font color="maroon"> <small> &emsp; &emsp;--- 16 Oct 15:52:53 682 - Page URL:: https://www.icarstage.com/</small> </font> </div>
<div class="test-event"> <font color="maroon"> <small> &emsp; &emsp;--- 16 Oct 15:52:53 682 - <b>0</b> - Page Load Wait: (Sync) - ICar.support.Utils.waitForPageLoad(Utils.java:109)</small> </font> </div>
<div class="test-event"> <font color="maroon"> <small> &emsp; &emsp;--- 16 Oct 15:52:53 732 - Element is displayed:: [[ChromeDriver: chrome on WINDOWS (348af46f9e73142aff812d4155170555)] -> xpath: //a/img[@alt='Login Image']|//button[@id='btn-login']]</small> </font> </div>
<div class="test-event"> <font color="maroon"> <small> &emsp; &emsp;--- 16 Oct 15:52:53 797 - Element is displayed:: [[ChromeDriver: chrome on WINDOWS (348af46f9e73142aff812d4155170555)] -> xpath: //a/img[@alt='Login Image']|//button[@id='btn-login']]</small> </font> </div>
<div class="test-event"> <font color="maroon"> <small> &emsp; &emsp;--- 16 Oct 15:53:12 102 - Catched spinner load exception due to Expected condition failed: waiting for ICar.support.WaitUtils$4@636673a3 (tried for 15 second(s) with 500 milliseconds interval)</small> </font> </div>
<div class="test-event"> <font color="maroon"> <small> &emsp; &emsp;--- 16 Oct 15:53:12 102 - <b>15</b> - Spinner Load Wait: (Sync) - ICar.support.WaitUtils.waitForSpinner(WaitUtils.java:225)</small> </font> </div>
<div class="test-message">&emsp;2. Navigate to 'Login Page'</div>
<div class="test-message">&emsp;Successfully navigated to 'Login' Page&emsp;<a href=".\ScreenShot\ICar_B2B_TC015_61559518145800.png" target="_blank" >[ScreenShot]</a></div>
<div class="test-event"> <font color="maroon"> <small> &emsp; &emsp;--- 16 Oct 15:53:13 672 - Element is displayed:: [[ChromeDriver: chrome on WINDOWS (348af46f9e73142aff812d4155170555)] -> id: username]</small> </font> </div>
<div class="test-event"> <font color="maroon"> <small> &emsp; &emsp;--- 16 Oct 15:53:13 770 - Element is displayed:: [[ChromeDriver: chrome on WINDOWS (348af46f9e73142aff812d4155170555)] -> id: username]</small> </font> </div>
<div class="test-event"> <font color="maroon"> <small> &emsp; &emsp;--- 16 Oct 15:53:14 173 - Element is displayed:: [[ChromeDriver: chrome on WINDOWS (348af46f9e73142aff812d4155170555)] -> id: password]</small> </font> </div>
<div class="test-event"> <font color="maroon"> <small> &emsp; &emsp;--- 16 Oct 15:53:14 446 - Element is displayed:: [[ChromeDriver: chrome on WINDOWS (348af46f9e73142aff812d4155170555)] -> id: btn-login]</small> </font> </div>
<div class="test-event"> <font color="maroon"> <small> &emsp; &emsp;--- 16 Oct 15:53:19 838 - Catched spinner load exception due to Expected condition failed: waiting for ICar.support.WaitUtils$4@636673a3 (tried for 3 second(s) with 500 milliseconds interval)</small> </font> </div>
<div class="test-event"> <font color="maroon"> <small> &emsp; &emsp;--- 16 Oct 15:53:19 838 - <b>5</b> - Spinner Load Wait: (Sync) - ICar.support.WaitUtils.waitForSpinner(WaitUtils.java:225)</small> </font> </div>
<div class="test-event"> <font color="maroon"> <small> &emsp; &emsp;--- 16 Oct 15:53:49 307 - Catched spinner load exception due to Expected condition failed: waiting for ICar.support.WaitUtils$4@636673a3 (tried for 10 second(s) with 500 milliseconds interval)</small> </font> </div>
<div class="test-event"> <font color="maroon"> <small> &emsp; &emsp;--- 16 Oct 15:53:49 307 - <b>10</b> - Spinner Load Wait: (Sync) - ICar.support.WaitUtils.waitForSpinner(WaitUtils.java:225)</small> </font> </div>
<div class="test-event"> <font color="maroon"> <small> &emsp; &emsp;--- 16 Oct 15:53:49 379 - Element is displayed:: [[ChromeDriver: chrome on WINDOWS (348af46f9e73142aff812d4155170555)] -> xpath: //button[@value='Launch My Learning']]</small> </font> </div>
<div class="test-message">&emsp;3. Enter the user credentials as : Angielex</div>
<div class="test-message">&emsp;Successfully navigated to 'User Home' Page&emsp;<a href=".\ScreenShot\ICar_B2B_TC015_61596791976800.png" target="_blank" >[ScreenShot]</a></div>
<div class="test-message">&emsp;4. Search the course Aluminum GMA Welding Theory and add to cart</div>
<div class="test-event"> <font color="maroon"> <small> &emsp; &emsp;--- 16 Oct 15:53:49 755 - Page URL:: https://www.icarstage.com/</small> </font> </div>
<div class="test-event"> <font color="maroon"> <small> &emsp; &emsp;--- 16 Oct 15:53:49 755 - <b>0</b> - Page Load Wait: (Sync) - ICar.support.Utils.waitForPageLoad(Utils.java:109)</small> </font> </div>
<div class="test-event"> <font color="maroon"> <small> &emsp; &emsp;--- 16 Oct 15:53:59 780 - Catched spinner load exception due to Expected condition failed: waiting for ICar.support.WaitUtils$4@636673a3 (tried for 10 second(s) with 500 milliseconds interval)</small> </font> </div>
<div class="test-event"> <font color="maroon"> <small> &emsp; &emsp;--- 16 Oct 15:53:59 780 - <b>10</b> - Spinner Load Wait: (Sync) - ICar.support.WaitUtils.waitForSpinner(WaitUtils.java:225)</small> </font> </div>
<div class="test-event"> <font color="maroon"> <small> &emsp; &emsp;--- 16 Oct 15:53:59 906 - Element is displayed:: [[ChromeDriver: chrome on WINDOWS (348af46f9e73142aff812d4155170555)] -> xpath: //input[@class='slds-input searchInputCls']]</small> </font> </div>
<div class="test-event"> <font color="maroon"> <small> &emsp; &emsp;--- 16 Oct 15:54:15 795 - Catched spinner load exception due to Expected condition failed: waiting for ICar.support.WaitUtils$4@636673a3 (tried for 14 second(s) with 500 milliseconds interval)</small> </font> </div>
<div class="test-event"> <font color="maroon"> <small> &emsp; &emsp;--- 16 Oct 15:54:15 795 - <b>14</b> - Spinner Load Wait: (Sync) - ICar.support.WaitUtils.waitForSpinner(WaitUtils.java:225)</small> </font> </div>
<div class="test-event"> <font color="maroon"> <small> &emsp; &emsp;--- 16 Oct 15:54:17 882 - Element is displayed:: [[ChromeDriver: chrome on WINDOWS (348af46f9e73142aff812d4155170555)] -> xpath: //td[@data-label='ProductName']//a]</small> </font> </div>
<div class="test-event"> <font color="maroon"> <small> &emsp; &emsp;--- 16 Oct 15:54:19 969 - Page URL:: https://www.icarstage.com/product/aluminum-gma-welding-theory/01tdi000007teqsia2</small> </font> </div>
<div class="test-event"> <font color="maroon"> <small> &emsp; &emsp;--- 16 Oct 15:54:19 969 - <b>0</b> - Page Load Wait: (Sync) - ICar.support.Utils.waitForPageLoad(Utils.java:109)</small> </font> </div>
<div class="test-event"> <font color="maroon"> <small> &emsp; &emsp;--- 16 Oct 15:54:40 454 - Unable to find a element after 17 sec ==> Proxy element for: AjaxElementLocator 'By.xpath: (//button[text()='Get Started'])[1]'</small> </font> </div>
<div class="test-event"> <font color="maroon"> <small> &emsp; &emsp;--- 16 Oct 15:54:40 503 - Element is displayed:: [[ChromeDriver: chrome on WINDOWS (348af46f9e73142aff812d4155170555)] -> xpath: //button[text()='Add to Cart']]</small> </font> </div>
<div class="test-event"> <font color="maroon"> <small> &emsp; &emsp;--- 16 Oct 15:54:40 562 - Element is displayed:: [[ChromeDriver: chrome on WINDOWS (348af46f9e73142aff812d4155170555)] -> xpath: //button[text()='Add to Cart']]</small> </font> </div>
<div class="test-event"> <font color="maroon"> <small> &emsp; &emsp;--- 16 Oct 15:54:42 793 - Element is displayed:: [[ChromeDriver: chrome on WINDOWS (348af46f9e73142aff812d4155170555)] -> xpath: //slot[@name='message']]</small> </font> </div>
<div class="test-message">&emsp;Success message displayed on adding the course: Aluminum GMA Welding Theory to the cart&emsp;<a href=".\ScreenShot\ICar_B2B_TC015_61650250762500.png" target="_blank" >[ScreenShot]</a></div>
<div class="test-event"> <font color="maroon"> <small> &emsp; &emsp;--- 16 Oct 15:54:43 123 - Page URL:: https://www.icarstage.com/product/aluminum-gma-welding-theory/01tdi000007teqsia2</small> </font> </div>
<div class="test-event"> <font color="maroon"> <small> &emsp; &emsp;--- 16 Oct 15:54:43 123 - <b>0</b> - Page Load Wait: (Sync) - ICar.support.Utils.waitForPageLoad(Utils.java:109)</small> </font> </div>
<div class="test-event"> <font color="maroon"> <small> &emsp; &emsp;--- 16 Oct 15:54:43 181 - Element is displayed:: [[ChromeDriver: chrome on WINDOWS (348af46f9e73142aff812d4155170555)] -> xpath: //p[text()='Launch My Learning']]</small> </font> </div>
<div class="test-event"> <font color="maroon"> <small> &emsp; &emsp;--- 16 Oct 15:55:03 553 - Catched spinner load exception due to Expected condition failed: waiting for ICar.support.WaitUtils$4@636673a3 (tried for 20 second(s) with 500 milliseconds interval)</small> </font> </div>
<div class="test-event"> <font color="maroon"> <small> &emsp; &emsp;--- 16 Oct 15:55:03 553 - <b>20</b> - Spinner Load Wait: (Sync) - ICar.support.WaitUtils.waitForSpinner(WaitUtils.java:225)</small> </font> </div>
<div class="test-event"> <font color="maroon"> <small> &emsp; &emsp;--- 16 Oct 15:55:03 600 - Element is displayed:: [[ChromeDriver: chrome on WINDOWS (348af46f9e73142aff812d4155170555)] -> xpath: //div[@class='HeaderCart_Icon']/a]</small> </font> </div>
<div class="test-event"> <font color="maroon"> <small> &emsp; &emsp;--- 16 Oct 15:55:05 917 - Element is displayed:: [[ChromeDriver: chrome on WINDOWS (348af46f9e73142aff812d4155170555)] -> xpath: //div[@class='HeaderCart_Icon']/a]</small> </font> </div>
<div class="test-event"> <font color="maroon"> <small> &emsp; &emsp;--- 16 Oct 15:55:26 097 - Catched spinner load exception due to Expected condition failed: waiting for ICar.support.WaitUtils$4@636673a3 (tried for 15 second(s) with 500 milliseconds interval)</small> </font> </div>
<div class="test-event"> <font color="maroon"> <small> &emsp; &emsp;--- 16 Oct 15:55:26 097 - <b>15</b> - Spinner Load Wait: (Sync) - ICar.support.WaitUtils.waitForSpinner(WaitUtils.java:225)</small> </font> </div>
<div class="test-event"> <font color="maroon"> <small> &emsp; &emsp;--- 16 Oct 15:55:26 202 - Page URL:: https://www.icarstage.com/cart</small> </font> </div>
<div class="test-event"> <font color="maroon"> <small> &emsp; &emsp;--- 16 Oct 15:55:26 202 - <b>0</b> - Page Load Wait: (Sync) - ICar.support.Utils.waitForPageLoad(Utils.java:109)</small> </font> </div>
<div class="test-event"> <font color="maroon"> <small> &emsp; &emsp;--- 16 Oct 15:55:26 258 - Element is displayed:: [[ChromeDriver: chrome on WINDOWS (348af46f9e73142aff812d4155170555)] -> xpath: //button[text()='Continue to Checkout']]</small> </font> </div>
<div class="test-message">&emsp;5. Click on My cart icon to navigate to My Cart Page</div>
<div class="test-message">&emsp;Successfully navigated to 'My Cart' Page&emsp;<a href=".\ScreenShot\ICar_B2B_TC015_61693669937600.png" target="_blank" >[ScreenShot]</a></div>
<div class="test-message">&emsp;6. Verify the added course gets displayed in the cart</div>
<div class="test-event"> <font color="maroon"> <small> &emsp; &emsp;--- 16 Oct 15:55:32 101 - Catched spinner load exception due to Expected condition failed: waiting for ICar.support.WaitUtils$4@636673a3 (tried for 5 second(s) with 500 milliseconds interval)</small> </font> </div>
<div class="test-event"> <font color="maroon"> <small> &emsp; &emsp;--- 16 Oct 15:55:32 101 - <b>5</b> - Spinner Load Wait: (Sync) - ICar.support.WaitUtils.waitForSpinner(WaitUtils.java:225)</small> </font> </div>
<div class="test-event"> <font color="maroon"> <small> &emsp; &emsp;--- 16 Oct 15:55:32 138 - Element is displayed:: [[ChromeDriver: chrome on WINDOWS (348af46f9e73142aff812d4155170555)] -> xpath: //c-b2b_-cart-items[contains(@data-component-id,'b2b_CartItems-a')]//div[@class='left-width']//div[@data-label='LearningPlan']/div]</small> </font> </div>
<div class="test-message">&emsp;Successfully course: Aluminum GMA Welding Theory is added and displayed in the cart&emsp;<a href=".\ScreenShot\ICar_B2B_TC015_61703649644700.png" target="_blank" >[ScreenShot]</a></div>
<div class="test-event"> <font color="maroon"> <small> &emsp; &emsp;--- 16 Oct 15:55:36 445 - Element is displayed:: [[ChromeDriver: chrome on WINDOWS (348af46f9e73142aff812d4155170555)] -> xpath: //button[text()='Empty Cart']]</small> </font> </div>
<div class="test-event"> <font color="maroon"> <small> &emsp; &emsp;--- 16 Oct 15:55:38 525 - Element is displayed:: [[ChromeDriver: chrome on WINDOWS (348af46f9e73142aff812d4155170555)] -> xpath: //button[text()='Empty Cart']]</small> </font> </div>
<div class="test-event"> <font color="maroon"> <small> &emsp; &emsp;--- 16 Oct 15:55:38 630 - Element is displayed:: [[ChromeDriver: chrome on WINDOWS (348af46f9e73142aff812d4155170555)] -> xpath: //button[@title='Yes']]</small> </font> </div>
<div class="test-event"> <font color="maroon"> <small> &emsp; &emsp;--- 16 Oct 15:55:38 703 - Element is displayed:: [[ChromeDriver: chrome on WINDOWS (348af46f9e73142aff812d4155170555)] -> xpath: //button[@title='Yes']]</small> </font> </div>
<div class="test-message">&emsp;successfully removed from cart</div>
<div class="test-result"><br><font color="green"><strong> Test Passed. </strong></font> </div>&emsp;
&emsp;<div class="test-title"> <strong><font size = "3" color = "#0000FF">---Test Execution Ends---</font> </strong> </div>&emsp;
<div class="test-event"> <font color="maroon"> <small> &emsp; &emsp;--- 16 Oct 15:55:39 290 - TestCaseID:: ICar_B2B_TC016</small> </font> </div>
<div class="test-event"> <font color="maroon"> <small> &emsp; &emsp;--- 16 Oct 15:55:40 491 - <b>1</b> - Driver::initialize::Get - ICar.support.WebDriverFactory.getDriver(WebDriverFactory.java:640)</small> </font> </div>
&emsp;<div class="test-title"> <strong><font size = "3" color = "#000080">Verify Ability to remove course from shopping cart</font> </strong> </div>&emsp;<div><strong>Steps:</strong></div><!-- Report -->&emsp;
<div class="test-event"> <font color="maroon"> <small> &emsp; &emsp;--- 16 Oct 15:55:46 647 - Element is displayed:: [[ChromeDriver: chrome on WINDOWS (af775c49c6c3974ef76c21230384b52a)] -> xpath: //a/img[@alt='Login Image']|//button[@id='btn-login']]</small> </font> </div>
<div class="test-event"> <font color="maroon"> <small> &emsp; &emsp;--- 16 Oct 15:55:46 701 - Element is displayed:: [[ChromeDriver: chrome on WINDOWS (af775c49c6c3974ef76c21230384b52a)] -> xpath: //a/img[@alt='Login Image']|//button[@id='btn-login']]</small> </font> </div>
<div class="test-message">&emsp;Successfully navigated to 'Home' Page&emsp;<a href=".\ScreenShot\ICar_B2B_TC016_61714113481100.png" target="_blank" >[ScreenShot]</a></div>
<div class="test-message">&emsp;1. Home page is launched.</div>
<div class="test-event"> <font color="maroon"> <small> &emsp; &emsp;--- 16 Oct 15:55:47 100 - Page URL:: https://www.icarstage.com/</small> </font> </div>
<div class="test-event"> <font color="maroon"> <small> &emsp; &emsp;--- 16 Oct 15:55:47 100 - <b>0</b> - Page Load Wait: (Sync) - ICar.support.Utils.waitForPageLoad(Utils.java:109)</small> </font> </div>
<div class="test-event"> <font color="maroon"> <small> &emsp; &emsp;--- 16 Oct 15:55:47 149 - Element is displayed:: [[ChromeDriver: chrome on WINDOWS (af775c49c6c3974ef76c21230384b52a)] -> xpath: //a/img[@alt='Login Image']|//button[@id='btn-login']]</small> </font> </div>
<div class="test-event"> <font color="maroon"> <small> &emsp; &emsp;--- 16 Oct 15:55:47 241 - Element is displayed:: [[ChromeDriver: chrome on WINDOWS (af775c49c6c3974ef76c21230384b52a)] -> xpath: //a/img[@alt='Login Image']|//button[@id='btn-login']]</small> </font> </div>
<div class="test-event"> <font color="maroon"> <small> &emsp; &emsp;--- 16 Oct 15:56:05 493 - Catched spinner load exception due to Expected condition failed: waiting for ICar.support.WaitUtils$4@636673a3 (tried for 15 second(s) with 500 milliseconds interval)</small> </font> </div>
<div class="test-event"> <font color="maroon"> <small> &emsp; &emsp;--- 16 Oct 15:56:05 493 - <b>15</b> - Spinner Load Wait: (Sync) - ICar.support.WaitUtils.waitForSpinner(WaitUtils.java:225)</small> </font> </div>
<div class="test-message">&emsp;2. Navigate to 'Login Page'</div>
<div class="test-message">&emsp;Successfully navigated to 'Login' Page&emsp;<a href=".\ScreenShot\ICar_B2B_TC016_61732909823900.png" target="_blank" >[ScreenShot]</a></div>
<div class="test-event"> <font color="maroon"> <small> &emsp; &emsp;--- 16 Oct 15:56:05 739 - Element is displayed:: [[ChromeDriver: chrome on WINDOWS (af775c49c6c3974ef76c21230384b52a)] -> id: username]</small> </font> </div>
<div class="test-event"> <font color="maroon"> <small> &emsp; &emsp;--- 16 Oct 15:56:05 838 - Element is displayed:: [[ChromeDriver: chrome on WINDOWS (af775c49c6c3974ef76c21230384b52a)] -> id: username]</small> </font> </div>
<div class="test-event"> <font color="maroon"> <small> &emsp; &emsp;--- 16 Oct 15:56:06 057 - Element is displayed:: [[ChromeDriver: chrome on WINDOWS (af775c49c6c3974ef76c21230384b52a)] -> id: password]</small> </font> </div>
<div class="test-event"> <font color="maroon"> <small> &emsp; &emsp;--- 16 Oct 15:56:06 532 - Element is displayed:: [[ChromeDriver: chrome on WINDOWS (af775c49c6c3974ef76c21230384b52a)] -> id: btn-login]</small> </font> </div>
<div class="test-event"> <font color="maroon"> <small> &emsp; &emsp;--- 16 Oct 15:56:12 180 - Catched spinner load exception due to Expected condition failed: waiting for ICar.support.WaitUtils$4@636673a3 (tried for 3 second(s) with 500 milliseconds interval)</small> </font> </div>
<div class="test-event"> <font color="maroon"> <small> &emsp; &emsp;--- 16 Oct 15:56:12 181 - <b>5</b> - Spinner Load Wait: (Sync) - ICar.support.WaitUtils.waitForSpinner(WaitUtils.java:225)</small> </font> </div>
<div class="test-event"> <font color="maroon"> <small> &emsp; &emsp;--- 16 Oct 15:56:37 088 - Catched spinner load exception due to Expected condition failed: waiting for ICar.support.WaitUtils$4@636673a3 (tried for 10 second(s) with 500 milliseconds interval)</small> </font> </div>
<div class="test-event"> <font color="maroon"> <small> &emsp; &emsp;--- 16 Oct 15:56:37 088 - <b>10</b> - Spinner Load Wait: (Sync) - ICar.support.WaitUtils.waitForSpinner(WaitUtils.java:225)</small> </font> </div>
<div class="test-event"> <font color="maroon"> <small> &emsp; &emsp;--- 16 Oct 15:56:37 158 - Element is displayed:: [[ChromeDriver: chrome on WINDOWS (af775c49c6c3974ef76c21230384b52a)] -> xpath: //button[@value='Launch My Learning']]</small> </font> </div>
<div class="test-message">&emsp;3. Enter the user credentials as : Angielex</div>
<div class="test-message">&emsp;Successfully navigated to 'User Home' Page&emsp;<a href=".\ScreenShot\ICar_B2B_TC016_61764570331100.png" target="_blank" >[ScreenShot]</a></div>
<div class="test-message">&emsp;4. Click on link to navigate to 'Browser catalog' and add course to the cart</div>
<div class="test-event"> <font color="maroon"> <small> &emsp; &emsp;--- 16 Oct 15:56:37 762 - Page URL:: https://www.icarstage.com/</small> </font> </div>
<div class="test-event"> <font color="maroon"> <small> &emsp; &emsp;--- 16 Oct 15:56:37 763 - <b>0</b> - Page Load Wait: (Sync) - ICar.support.Utils.waitForPageLoad(Utils.java:109)</small> </font> </div>
<div class="test-event"> <font color="maroon"> <small> &emsp; &emsp;--- 16 Oct 15:56:37 833 - Element is displayed:: [[ChromeDriver: chrome on WINDOWS (af775c49c6c3974ef76c21230384b52a)] -> xpath: //p[text()='Launch My Learning']]</small> </font> </div>
<div class="test-event"> <font color="maroon"> <small> &emsp; &emsp;--- 16 Oct 15:56:37 998 - Page URL:: https://www.icarstage.com/</small> </font> </div>
<div class="test-event"> <font color="maroon"> <small> &emsp; &emsp;--- 16 Oct 15:56:37 998 - <b>0</b> - Page Load Wait: (Sync) - ICar.support.Utils.waitForPageLoad(Utils.java:109)</small> </font> </div>
<div class="test-event"> <font color="maroon"> <small> &emsp; &emsp;--- 16 Oct 15:56:52 475 - Catched spinner load exception due to Expected condition failed: waiting for ICar.support.WaitUtils$4@636673a3 (tried for 14 second(s) with 500 milliseconds interval)</small> </font> </div>
<div class="test-event"> <font color="maroon"> <small> &emsp; &emsp;--- 16 Oct 15:56:52 475 - <b>14</b> - Spinner Load Wait: (Sync) - ICar.support.WaitUtils.waitForSpinner(WaitUtils.java:225)</small> </font> </div>
<div class="test-event"> <font color="maroon"> <small> &emsp; &emsp;--- 16 Oct 15:56:52 528 - Element is displayed:: [[ChromeDriver: chrome on WINDOWS (af775c49c6c3974ef76c21230384b52a)] -> xpath: //a[text()='Browse Catalog']]</small> </font> </div>
<div class="test-event"> <font color="maroon"> <small> &emsp; &emsp;--- 16 Oct 15:56:52 584 - Element is displayed:: [[ChromeDriver: chrome on WINDOWS (af775c49c6c3974ef76c21230384b52a)] -> xpath: //a[text()='Browse Catalog']]</small> </font> </div>
<div class="test-event"> <font color="maroon"> <small> &emsp; &emsp;--- 16 Oct 15:56:57 388 - Page URL:: https://www.icarstage.com/browse</small> </font> </div>
<div class="test-event"> <font color="maroon"> <small> &emsp; &emsp;--- 16 Oct 15:56:57 388 - <b>0</b> - Page Load Wait: (Sync) - ICar.support.Utils.waitForPageLoad(Utils.java:109)</small> </font> </div>
<div class="test-event"> <font color="maroon"> <small> &emsp; &emsp;--- 16 Oct 15:57:12 489 - Catched spinner load exception due to Expected condition failed: waiting for ICar.support.WaitUtils$4@636673a3 (tried for 15 second(s) with 500 milliseconds interval)</small> </font> </div>
<div class="test-event"> <font color="maroon"> <small> &emsp; &emsp;--- 16 Oct 15:57:12 489 - Spinner Load Wait</small> </font> </div>
<div class="test-event"> <font color="maroon"> <small> &emsp; &emsp;--- 16 Oct 15:57:12 521 - Element is displayed:: [[ChromeDriver: chrome on WINDOWS (af775c49c6c3974ef76c21230384b52a)] -> xpath: //article[contains(@class,'slds-box card-layout-grid mobile-margin padding-bottom')]]</small> </font> </div>
<div class="test-event"> <font color="maroon"> <small> &emsp; &emsp;--- 16 Oct 15:57:19 807 - Catched spinner load exception due to Expected condition failed: waiting for ICar.support.WaitUtils$4@636673a3 (tried for 7 second(s) with 500 milliseconds interval)</small> </font> </div>
<div class="test-event"> <font color="maroon"> <small> &emsp; &emsp;--- 16 Oct 15:57:19 807 - <b>7</b> - Spinner Load Wait: (Sync) - ICar.support.WaitUtils.waitForSpinner(WaitUtils.java:225)</small> </font> </div>
<div class="test-event"> <font color="maroon"> <small> &emsp; &emsp;--- 16 Oct 15:58:03 744 - Element is displayed:: [[ChromeDriver: chrome on WINDOWS (af775c49c6c3974ef76c21230384b52a)] -> xpath: //a[@class='custom-name slds-p-vertical_small']]</small> </font> </div>
<div class="test-event"> <font color="maroon"> <small> &emsp; &emsp;--- 16 Oct 15:58:05 800 - Page URL:: https://www.icarstage.com/product/aluminum-gma-welding-theory/01tdi000007teqsia2</small> </font> </div>
<div class="test-event"> <font color="maroon"> <small> &emsp; &emsp;--- 16 Oct 15:58:05 800 - <b>0</b> - Page Load Wait: (Sync) - ICar.support.Utils.waitForPageLoad(Utils.java:109)</small> </font> </div>
<div class="test-event"> <font color="maroon"> <small> &emsp; &emsp;--- 16 Oct 15:58:08 869 - Element is displayed:: [[ChromeDriver: chrome on WINDOWS (af775c49c6c3974ef76c21230384b52a)] -> xpath: //button[text()='Add to Cart']]</small> </font> </div>
<div class="test-event"> <font color="maroon"> <small> &emsp; &emsp;--- 16 Oct 15:58:11 002 - Element is displayed:: [[ChromeDriver: chrome on WINDOWS (af775c49c6c3974ef76c21230384b52a)] -> xpath: //button[text()='Add to Cart']]</small> </font> </div>
<div class="test-event"> <font color="maroon"> <small> &emsp; &emsp;--- 16 Oct 15:58:14 258 - Element is displayed:: [[ChromeDriver: chrome on WINDOWS (af775c49c6c3974ef76c21230384b52a)] -> xpath: //slot[@name='message']]</small> </font> </div>
<div class="test-message">&emsp;Success message displayed on adding the course: Aluminum GMA Welding Theory to the cart&emsp;<a href=".\ScreenShot\ICar_B2B_TC016_61861683196400.png" target="_blank" >[ScreenShot]</a></div>
<div class="test-event"> <font color="maroon"> <small> &emsp; &emsp;--- 16 Oct 15:58:14 616 - Page URL:: https://www.icarstage.com/product/aluminum-gma-welding-theory/01tdi000007teqsia2</small> </font> </div>
<div class="test-event"> <font color="maroon"> <small> &emsp; &emsp;--- 16 Oct 15:58:14 617 - <b>0</b> - Page Load Wait: (Sync) - ICar.support.Utils.waitForPageLoad(Utils.java:109)</small> </font> </div>
<div class="test-event"> <font color="maroon"> <small> &emsp; &emsp;--- 16 Oct 15:58:14 675 - Element is displayed:: [[ChromeDriver: chrome on WINDOWS (af775c49c6c3974ef76c21230384b52a)] -> xpath: //p[text()='Launch My Learning']]</small> </font> </div>
<div class="test-event"> <font color="maroon"> <small> &emsp; &emsp;--- 16 Oct 15:58:34 998 - Catched spinner load exception due to Expected condition failed: waiting for ICar.support.WaitUtils$4@636673a3 (tried for 20 second(s) with 500 milliseconds interval)</small> </font> </div>
<div class="test-event"> <font color="maroon"> <small> &emsp; &emsp;--- 16 Oct 15:58:34 998 - <b>20</b> - Spinner Load Wait: (Sync) - ICar.support.WaitUtils.waitForSpinner(WaitUtils.java:225)</small> </font> </div>
<div class="test-event"> <font color="maroon"> <small> &emsp; &emsp;--- 16 Oct 15:58:35 040 - Element is displayed:: [[ChromeDriver: chrome on WINDOWS (af775c49c6c3974ef76c21230384b52a)] -> xpath: //div[@class='HeaderCart_Icon']/a]</small> </font> </div>
<div class="test-event"> <font color="maroon"> <small> &emsp; &emsp;--- 16 Oct 15:58:37 130 - Element is displayed:: [[ChromeDriver: chrome on WINDOWS (af775c49c6c3974ef76c21230384b52a)] -> xpath: //div[@class='HeaderCart_Icon']/a]</small> </font> </div>
<div class="test-event"> <font color="maroon"> <small> &emsp; &emsp;--- 16 Oct 15:58:58 102 - Catched spinner load exception due to Expected condition failed: waiting for ICar.support.WaitUtils$4@636673a3 (tried for 15 second(s) with 500 milliseconds interval)</small> </font> </div>
<div class="test-event"> <font color="maroon"> <small> &emsp; &emsp;--- 16 Oct 15:58:58 102 - <b>15</b> - Spinner Load Wait: (Sync) - ICar.support.WaitUtils.waitForSpinner(WaitUtils.java:225)</small> </font> </div>
<div class="test-event"> <font color="maroon"> <small> &emsp; &emsp;--- 16 Oct 15:58:58 204 - Page URL:: https://www.icarstage.com/cart</small> </font> </div>
<div class="test-event"> <font color="maroon"> <small> &emsp; &emsp;--- 16 Oct 15:58:58 204 - <b>0</b> - Page Load Wait: (Sync) - ICar.support.Utils.waitForPageLoad(Utils.java:109)</small> </font> </div>
<div class="test-event"> <font color="maroon"> <small> &emsp; &emsp;--- 16 Oct 15:58:58 261 - Element is displayed:: [[ChromeDriver: chrome on WINDOWS (af775c49c6c3974ef76c21230384b52a)] -> xpath: //button[text()='Continue to Checkout']]</small> </font> </div>
<div class="test-message">&emsp;5. Click on My cart icon to navigate to My Cart Page</div>
<div class="test-message">&emsp;Successfully navigated to 'My Cart' Page&emsp;<a href=".\ScreenShot\ICar_B2B_TC016_61905672854000.png" target="_blank" >[ScreenShot]</a></div>
<div class="test-message">&emsp;5. click on remove button to remove the added course from cart</div>
<div class="test-event"> <font color="maroon"> <small> &emsp; &emsp;--- 16 Oct 15:59:01 523 - Catched spinner load exception due to Expected condition failed: waiting for ICar.support.WaitUtils$4@636673a3 (tried for 3 second(s) with 500 milliseconds interval)</small> </font> </div>
<div class="test-event"> <font color="maroon"> <small> &emsp; &emsp;--- 16 Oct 15:59:01 523 - <b>3</b> - Spinner Load Wait: (Sync) - ICar.support.WaitUtils.waitForSpinner(WaitUtils.java:225)</small> </font> </div>
<div class="test-event"> <font color="maroon"> <small> &emsp; &emsp;--- 16 Oct 15:59:11 657 - Page URL:: https://www.icarstage.com/cart</small> </font> </div>
<div class="test-event"> <font color="maroon"> <small> &emsp; &emsp;--- 16 Oct 15:59:11 657 - <b>0</b> - Page Load Wait: (Sync) - ICar.support.Utils.waitForPageLoad(Utils.java:109)</small> </font> </div>
<div class="test-event"> <font color="maroon"> <small> &emsp; &emsp;--- 16 Oct 16:03:33 772 - Unable to find an element after 60 sec ==> Proxy element for: AjaxElementLocator 'By.xpath: //slot[@name='message']'</small> </font> </div>
<!--FAIL-->
<div class="test-result"><br><font color="red"><strong> Success meesage not found in page!! </strong></font> <a href=".\ScreenShot\ICar_B2B_TC016_62184413560600.png" target="_blank" >[ScreenShot]</a></div>&emsp;
&emsp;<div class="test-title"> <strong><font size = "3" color = "#0000FF">---Test Execution Ends---</font> </strong> </div>&emsp;
<div class="test-event"> <font color="maroon"> <small> &emsp; &emsp;--- 16 Oct 16:03:37 793 - TestCaseID:: ICar_B2B_TC017</small> </font> </div>
<div class="test-event"> <font color="maroon"> <small> &emsp; &emsp;--- 16 Oct 16:03:39 081 - <b>1</b> - Driver::initialize::Get - ICar.support.WebDriverFactory.getDriver(WebDriverFactory.java:640)</small> </font> </div>
&emsp;<div class="test-title"> <strong><font size = "3" color = "#000080">Verify Ability to empty the cart</font> </strong> </div>&emsp;<div><strong>Steps:</strong></div><!-- Report -->&emsp;
<div class="test-event"> <font color="maroon"> <small> &emsp; &emsp;--- 16 Oct 16:03:46 820 - Element is displayed:: [[ChromeDriver: chrome on WINDOWS (6f2241c0930ea460229ebf53be6eb853)] -> xpath: //a/img[@alt='Login Image']|//button[@id='btn-login']]</small> </font> </div>
<div class="test-event"> <font color="maroon"> <small> &emsp; &emsp;--- 16 Oct 16:03:46 894 - Element is displayed:: [[ChromeDriver: chrome on WINDOWS (6f2241c0930ea460229ebf53be6eb853)] -> xpath: //a/img[@alt='Login Image']|//button[@id='btn-login']]</small> </font> </div>
<div class="test-message">&emsp;Successfully navigated to 'Home' Page&emsp;<a href=".\ScreenShot\ICar_B2B_TC017_62194306819700.png" target="_blank" >[ScreenShot]</a></div>
<div class="test-message">&emsp;1. Home page is launched.</div>
<div class="test-event"> <font color="maroon"> <small> &emsp; &emsp;--- 16 Oct 16:03:47 408 - Page URL:: https://www.icarstage.com/</small> </font> </div>
<div class="test-event"> <font color="maroon"> <small> &emsp; &emsp;--- 16 Oct 16:03:47 408 - <b>0</b> - Page Load Wait: (Sync) - ICar.support.Utils.waitForPageLoad(Utils.java:109)</small> </font> </div>
<div class="test-event"> <font color="maroon"> <small> &emsp; &emsp;--- 16 Oct 16:03:47 447 - Element is displayed:: [[ChromeDriver: chrome on WINDOWS (6f2241c0930ea460229ebf53be6eb853)] -> xpath: //a/img[@alt='Login Image']|//button[@id='btn-login']]</small> </font> </div>
<div class="test-event"> <font color="maroon"> <small> &emsp; &emsp;--- 16 Oct 16:03:47 668 - Element is displayed:: [[ChromeDriver: chrome on WINDOWS (6f2241c0930ea460229ebf53be6eb853)] -> xpath: //a/img[@alt='Login Image']|//button[@id='btn-login']]</small> </font> </div>
<div class="test-event"> <font color="maroon"> <small> &emsp; &emsp;--- 16 Oct 16:04:05 755 - Catched spinner load exception due to Expected condition failed: waiting for ICar.support.WaitUtils$4@636673a3 (tried for 15 second(s) with 500 milliseconds interval)</small> </font> </div>
<div class="test-event"> <font color="maroon"> <small> &emsp; &emsp;--- 16 Oct 16:04:05 755 - <b>15</b> - Spinner Load Wait: (Sync) - ICar.support.WaitUtils.waitForSpinner(WaitUtils.java:225)</small> </font> </div>
<div class="test-message">&emsp;2. Navigate to 'Login Page'</div>
<div class="test-message">&emsp;Successfully navigated to 'Login' Page&emsp;<a href=".\ScreenShot\ICar_B2B_TC017_62213170636000.png" target="_blank" >[ScreenShot]</a></div>
<div class="test-event"> <font color="maroon"> <small> &emsp; &emsp;--- 16 Oct 16:04:05 960 - Element is displayed:: [[ChromeDriver: chrome on WINDOWS (6f2241c0930ea460229ebf53be6eb853)] -> id: username]</small> </font> </div>
<div class="test-event"> <font color="maroon"> <small> &emsp; &emsp;--- 16 Oct 16:04:06 018 - Element is displayed:: [[ChromeDriver: chrome on WINDOWS (6f2241c0930ea460229ebf53be6eb853)] -> id: username]</small> </font> </div>
<div class="test-event"> <font color="maroon"> <small> &emsp; &emsp;--- 16 Oct 16:04:06 226 - Element is displayed:: [[ChromeDriver: chrome on WINDOWS (6f2241c0930ea460229ebf53be6eb853)] -> id: password]</small> </font> </div>
<div class="test-event"> <font color="maroon"> <small> &emsp; &emsp;--- 16 Oct 16:04:06 409 - Element is displayed:: [[ChromeDriver: chrome on WINDOWS (6f2241c0930ea460229ebf53be6eb853)] -> id: btn-login]</small> </font> </div>
<div class="test-event"> <font color="maroon"> <small> &emsp; &emsp;--- 16 Oct 16:04:12 496 - Catched spinner load exception due to Expected condition failed: waiting for ICar.support.WaitUtils$4@636673a3 (tried for 3 second(s) with 500 milliseconds interval)</small> </font> </div>
<div class="test-event"> <font color="maroon"> <small> &emsp; &emsp;--- 16 Oct 16:04:12 496 - <b>6</b> - Spinner Load Wait: (Sync) - ICar.support.WaitUtils.waitForSpinner(WaitUtils.java:225)</small> </font> </div>
<div class="test-event"> <font color="maroon"> <small> &emsp; &emsp;--- 16 Oct 16:04:34 796 - Catched spinner load exception due to Expected condition failed: waiting for ICar.support.WaitUtils$4@636673a3 (tried for 10 second(s) with 500 milliseconds interval)</small> </font> </div>
<div class="test-event"> <font color="maroon"> <small> &emsp; &emsp;--- 16 Oct 16:04:34 796 - <b>10</b> - Spinner Load Wait: (Sync) - ICar.support.WaitUtils.waitForSpinner(WaitUtils.java:225)</small> </font> </div>
<div class="test-event"> <font color="maroon"> <small> &emsp; &emsp;--- 16 Oct 16:04:34 860 - Element is displayed:: [[ChromeDriver: chrome on WINDOWS (6f2241c0930ea460229ebf53be6eb853)] -> xpath: //button[@value='Launch My Learning']]</small> </font> </div>
<div class="test-message">&emsp;3. Enter the user credentials as : Angielex</div>
<div class="test-message">&emsp;Successfully navigated to 'User Home' Page&emsp;<a href=".\ScreenShot\ICar_B2B_TC017_62242272617900.png" target="_blank" >[ScreenShot]</a></div>
<div class="test-message">&emsp;4. Click on link to navigate to 'Browser catalog and Successfully adding course to the cart</div>
<div class="test-event"> <font color="maroon"> <small> &emsp; &emsp;--- 16 Oct 16:04:35 197 - Page URL:: https://www.icarstage.com/</small> </font> </div>
<div class="test-event"> <font color="maroon"> <small> &emsp; &emsp;--- 16 Oct 16:04:35 197 - <b>0</b> - Page Load Wait: (Sync) - ICar.support.Utils.waitForPageLoad(Utils.java:109)</small> </font> </div>
<div class="test-event"> <font color="maroon"> <small> &emsp; &emsp;--- 16 Oct 16:04:35 249 - Element is displayed:: [[ChromeDriver: chrome on WINDOWS (6f2241c0930ea460229ebf53be6eb853)] -> xpath: //p[text()='Launch My Learning']]</small> </font> </div>
<div class="test-event"> <font color="maroon"> <small> &emsp; &emsp;--- 16 Oct 16:04:35 409 - Page URL:: https://www.icarstage.com/</small> </font> </div>
<div class="test-event"> <font color="maroon"> <small> &emsp; &emsp;--- 16 Oct 16:04:35 409 - <b>0</b> - Page Load Wait: (Sync) - ICar.support.Utils.waitForPageLoad(Utils.java:109)</small> </font> </div>
<div class="test-event"> <font color="maroon"> <small> &emsp; &emsp;--- 16 Oct 16:04:49 426 - Catched spinner load exception due to Expected condition failed: waiting for ICar.support.WaitUtils$4@636673a3 (tried for 14 second(s) with 500 milliseconds interval)</small> </font> </div>
<div class="test-event"> <font color="maroon"> <small> &emsp; &emsp;--- 16 Oct 16:04:49 426 - <b>14</b> - Spinner Load Wait: (Sync) - ICar.support.WaitUtils.waitForSpinner(WaitUtils.java:225)</small> </font> </div>
<div class="test-event"> <font color="maroon"> <small> &emsp; &emsp;--- 16 Oct 16:04:49 496 - Element is displayed:: [[ChromeDriver: chrome on WINDOWS (6f2241c0930ea460229ebf53be6eb853)] -> xpath: //a[text()='Browse Catalog']]</small> </font> </div>
<div class="test-event"> <font color="maroon"> <small> &emsp; &emsp;--- 16 Oct 16:04:49 567 - Element is displayed:: [[ChromeDriver: chrome on WINDOWS (6f2241c0930ea460229ebf53be6eb853)] -> xpath: //a[text()='Browse Catalog']]</small> </font> </div>
<div class="test-event"> <font color="maroon"> <small> &emsp; &emsp;--- 16 Oct 16:04:54 056 - Page URL:: https://www.icarstage.com/browse</small> </font> </div>
<div class="test-event"> <font color="maroon"> <small> &emsp; &emsp;--- 16 Oct 16:04:54 056 - <b>0</b> - Page Load Wait: (Sync) - ICar.support.Utils.waitForPageLoad(Utils.java:109)</small> </font> </div>
<div class="test-event"> <font color="maroon"> <small> &emsp; &emsp;--- 16 Oct 16:05:09 129 - Catched spinner load exception due to Expected condition failed: waiting for ICar.support.WaitUtils$4@636673a3 (tried for 15 second(s) with 500 milliseconds interval)</small> </font> </div>
<div class="test-event"> <font color="maroon"> <small> &emsp; &emsp;--- 16 Oct 16:05:09 129 - Spinner Load Wait</small> </font> </div>
<div class="test-event"> <font color="maroon"> <small> &emsp; &emsp;--- 16 Oct 16:05:09 161 - Element is displayed:: [[ChromeDriver: chrome on WINDOWS (6f2241c0930ea460229ebf53be6eb853)] -> xpath: //article[contains(@class,'slds-box card-layout-grid mobile-margin padding-bottom')]]</small> </font> </div>
<div class="test-event"> <font color="maroon"> <small> &emsp; &emsp;--- 16 Oct 16:05:16 462 - Catched spinner load exception due to Expected condition failed: waiting for ICar.support.WaitUtils$4@636673a3 (tried for 7 second(s) with 500 milliseconds interval)</small> </font> </div>
<div class="test-event"> <font color="maroon"> <small> &emsp; &emsp;--- 16 Oct 16:05:16 462 - <b>7</b> - Spinner Load Wait: (Sync) - ICar.support.WaitUtils.waitForSpinner(WaitUtils.java:225)</small> </font> </div>
<div class="test-event"> <font color="maroon"> <small> &emsp; &emsp;--- 16 Oct 16:06:00 034 - Element is displayed:: [[ChromeDriver: chrome on WINDOWS (6f2241c0930ea460229ebf53be6eb853)] -> xpath: //a[@class='custom-name slds-p-vertical_small']]</small> </font> </div>
<div class="test-event"> <font color="maroon"> <small> &emsp; &emsp;--- 16 Oct 16:06:03 459 - Page URL:: https://www.icarstage.com/product/aluminum-gma-welding-theory/01tdi000007teqsia2</small> </font> </div>
<div class="test-event"> <font color="maroon"> <small> &emsp; &emsp;--- 16 Oct 16:06:03 459 - <b>0</b> - Page Load Wait: (Sync) - ICar.support.Utils.waitForPageLoad(Utils.java:109)</small> </font> </div>
<div class="test-event"> <font color="maroon"> <small> &emsp; &emsp;--- 16 Oct 16:06:05 903 - Element is displayed:: [[ChromeDriver: chrome on WINDOWS (6f2241c0930ea460229ebf53be6eb853)] -> xpath: //button[text()='Add to Cart']]</small> </font> </div>
<div class="test-event"> <font color="maroon"> <small> &emsp; &emsp;--- 16 Oct 16:06:07 986 - Element is displayed:: [[ChromeDriver: chrome on WINDOWS (6f2241c0930ea460229ebf53be6eb853)] -> xpath: //button[text()='Add to Cart']]</small> </font> </div>
<div class="test-event"> <font color="maroon"> <small> &emsp; &emsp;--- 16 Oct 16:06:10 190 - Element is displayed:: [[ChromeDriver: chrome on WINDOWS (6f2241c0930ea460229ebf53be6eb853)] -> xpath: //slot[@name='message']]</small> </font> </div>
<div class="test-message">&emsp;Successfully added course: Aluminum GMA Welding Theory to the cart&emsp;<a href=".\ScreenShot\ICar_B2B_TC017_62337630770200.png" target="_blank" >[ScreenShot]</a></div>
<div class="test-event"> <font color="maroon"> <small> &emsp; &emsp;--- 16 Oct 16:06:10 507 - Page URL:: https://www.icarstage.com/product/aluminum-gma-welding-theory/01tdi000007teqsia2</small> </font> </div>
<div class="test-event"> <font color="maroon"> <small> &emsp; &emsp;--- 16 Oct 16:06:10 507 - <b>0</b> - Page Load Wait: (Sync) - ICar.support.Utils.waitForPageLoad(Utils.java:109)</small> </font> </div>
<div class="test-event"> <font color="maroon"> <small> &emsp; &emsp;--- 16 Oct 16:06:10 560 - Element is displayed:: [[ChromeDriver: chrome on WINDOWS (6f2241c0930ea460229ebf53be6eb853)] -> xpath: //p[text()='Launch My Learning']]</small> </font> </div>
<div class="test-event"> <font color="maroon"> <small> &emsp; &emsp;--- 16 Oct 16:06:30 932 - Catched spinner load exception due to Expected condition failed: waiting for ICar.support.WaitUtils$4@636673a3 (tried for 20 second(s) with 500 milliseconds interval)</small> </font> </div>
<div class="test-event"> <font color="maroon"> <small> &emsp; &emsp;--- 16 Oct 16:06:30 932 - <b>20</b> - Spinner Load Wait: (Sync) - ICar.support.WaitUtils.waitForSpinner(WaitUtils.java:225)</small> </font> </div>
<div class="test-event"> <font color="maroon"> <small> &emsp; &emsp;--- 16 Oct 16:06:30 983 - Element is displayed:: [[ChromeDriver: chrome on WINDOWS (6f2241c0930ea460229ebf53be6eb853)] -> xpath: //div[@class='HeaderCart_Icon']/a]</small> </font> </div>
<div class="test-event"> <font color="maroon"> <small> &emsp; &emsp;--- 16 Oct 16:06:33 070 - Element is displayed:: [[ChromeDriver: chrome on WINDOWS (6f2241c0930ea460229ebf53be6eb853)] -> xpath: //div[@class='HeaderCart_Icon']/a]</small> </font> </div>
<div class="test-event"> <font color="maroon"> <small> &emsp; &emsp;--- 16 Oct 16:06:53 282 - Catched spinner load exception due to Expected condition failed: waiting for ICar.support.WaitUtils$4@636673a3 (tried for 15 second(s) with 500 milliseconds interval)</small> </font> </div>
<div class="test-event"> <font color="maroon"> <small> &emsp; &emsp;--- 16 Oct 16:06:53 282 - <b>15</b> - Spinner Load Wait: (Sync) - ICar.support.WaitUtils.waitForSpinner(WaitUtils.java:225)</small> </font> </div>
<div class="test-event"> <font color="maroon"> <small> &emsp; &emsp;--- 16 Oct 16:06:53 387 - Page URL:: https://www.icarstage.com/cart</small> </font> </div>
<div class="test-event"> <font color="maroon"> <small> &emsp; &emsp;--- 16 Oct 16:06:53 388 - <b>0</b> - Page Load Wait: (Sync) - ICar.support.Utils.waitForPageLoad(Utils.java:109)</small> </font> </div>
<div class="test-event"> <font color="maroon"> <small> &emsp; &emsp;--- 16 Oct 16:06:53 446 - Element is displayed:: [[ChromeDriver: chrome on WINDOWS (6f2241c0930ea460229ebf53be6eb853)] -> xpath: //button[text()='Continue to Checkout']]</small> </font> </div>
<div class="test-message">&emsp;5. Click on My cart icon to navigate to My Cart Page</div>
<div class="test-message">&emsp;Successfully navigated to 'My Cart' Page&emsp;<a href=".\ScreenShot\ICar_B2B_TC017_62380857739900.png" target="_blank" >[ScreenShot]</a></div>
<div class="test-message">&emsp;5. Click on remove button to remove the product from cart</div>
<div class="test-event"> <font color="maroon"> <small> &emsp; &emsp;--- 16 Oct 16:06:53 684 - Element is displayed:: [[ChromeDriver: chrome on WINDOWS (6f2241c0930ea460229ebf53be6eb853)] -> xpath: //button[text()='Empty Cart']]</small> </font> </div>
<div class="test-event"> <font color="maroon"> <small> &emsp; &emsp;--- 16 Oct 16:06:55 767 - Element is displayed:: [[ChromeDriver: chrome on WINDOWS (6f2241c0930ea460229ebf53be6eb853)] -> xpath: //button[text()='Empty Cart']]</small> </font> </div>
<div class="test-event"> <font color="maroon"> <small> &emsp; &emsp;--- 16 Oct 16:06:55 860 - Element is displayed:: [[ChromeDriver: chrome on WINDOWS (6f2241c0930ea460229ebf53be6eb853)] -> xpath: //button[@title='Yes']]</small> </font> </div>
<div class="test-event"> <font color="maroon"> <small> &emsp; &emsp;--- 16 Oct 16:06:55 918 - Element is displayed:: [[ChromeDriver: chrome on WINDOWS (6f2241c0930ea460229ebf53be6eb853)] -> xpath: //button[@title='Yes']]</small> </font> </div>
<div class="test-message">&emsp;successfully removed from cart</div>
<div class="test-event"> <font color="maroon"> <small> &emsp; &emsp;--- 16 Oct 16:06:57 619 - Element is displayed:: [[ChromeDriver: chrome on WINDOWS (6f2241c0930ea460229ebf53be6eb853)] -> xpath: //slot[@name='message']]</small> </font> </div>
<div class="test-message">&emsp;Successfully verfied the Message&emsp;<a href=".\ScreenShot\ICar_B2B_TC017_62385066696600.png" target="_blank" >[ScreenShot]</a></div>
<div class="test-event"> <font color="maroon"> <small> &emsp; &emsp;--- 16 Oct 16:07:00 946 - Catched spinner load exception due to Expected condition failed: waiting for ICar.support.WaitUtils$4@636673a3 (tried for 3 second(s) with 500 milliseconds interval)</small> </font> </div>
<div class="test-event"> <font color="maroon"> <small> &emsp; &emsp;--- 16 Oct 16:07:00 946 - <b>3</b> - Spinner Load Wait: (Sync) - ICar.support.WaitUtils.waitForSpinner(WaitUtils.java:225)</small> </font> </div>
<div class="test-message">&emsp;Successfully course: Aluminum GMA Welding Theory removed from the  'My Cart' Page&emsp;<a href=".\ScreenShot\ICar_B2B_TC017_62391588671300.png" target="_blank" >[ScreenShot]</a></div>
<div class="test-result"><br><font color="green"><strong> Test Passed. </strong></font> </div>&emsp;
&emsp;<div class="test-title"> <strong><font size = "3" color = "#0000FF">---Test Execution Ends---</font> </strong> </div>&emsp;
<div class="test-event"> <font color="maroon"> <small> &emsp; &emsp;--- 16 Oct 16:07:04 829 - TestCaseID:: ICar_B2B_TC018</small> </font> </div>
<div class="test-event"> <font color="maroon"> <small> &emsp; &emsp;--- 16 Oct 16:07:05 702 - <b>0</b> - Driver::initialize::Get - ICar.support.WebDriverFactory.getDriver(WebDriverFactory.java:640)</small> </font> </div>
&emsp;<div class="test-title"> <strong><font size = "3" color = "#000080">Verify update preference is successful</font> </strong> </div>&emsp;<div><strong>Steps:</strong></div><!-- Report -->&emsp;
<div class="test-event"> <font color="maroon"> <small> &emsp; &emsp;--- 16 Oct 16:07:11 530 - Element is displayed:: [[ChromeDriver: chrome on WINDOWS (c247650bc5068ec15aac121d9431ddb1)] -> xpath: //a/img[@alt='Login Image']|//button[@id='btn-login']]</small> </font> </div>
<div class="test-event"> <font color="maroon"> <small> &emsp; &emsp;--- 16 Oct 16:07:11 708 - Element is displayed:: [[ChromeDriver: chrome on WINDOWS (c247650bc5068ec15aac121d9431ddb1)] -> xpath: //a/img[@alt='Login Image']|//button[@id='btn-login']]</small> </font> </div>
<div class="test-message">&emsp;Successfully navigated to 'Home' Page&emsp;<a href=".\ScreenShot\ICar_B2B_TC018_62399120760900.png" target="_blank" >[ScreenShot]</a></div>
<div class="test-message">&emsp;1. Home page is launched.</div>
<div class="test-event"> <font color="maroon"> <small> &emsp; &emsp;--- 16 Oct 16:07:12 577 - Page URL:: https://www.icarstage.com/</small> </font> </div>
<div class="test-event"> <font color="maroon"> <small> &emsp; &emsp;--- 16 Oct 16:07:12 577 - <b>0</b> - Page Load Wait: (Sync) - ICar.support.Utils.waitForPageLoad(Utils.java:109)</small> </font> </div>
<div class="test-event"> <font color="maroon"> <small> &emsp; &emsp;--- 16 Oct 16:07:12 644 - Element is displayed:: [[ChromeDriver: chrome on WINDOWS (c247650bc5068ec15aac121d9431ddb1)] -> xpath: //a/img[@alt='Login Image']|//button[@id='btn-login']]</small> </font> </div>
<div class="test-event"> <font color="maroon"> <small> &emsp; &emsp;--- 16 Oct 16:07:12 734 - Element is displayed:: [[ChromeDriver: chrome on WINDOWS (c247650bc5068ec15aac121d9431ddb1)] -> xpath: //a/img[@alt='Login Image']|//button[@id='btn-login']]</small> </font> </div>
<div class="test-event"> <font color="maroon"> <small> &emsp; &emsp;--- 16 Oct 16:07:30 572 - Catched spinner load exception due to Expected condition failed: waiting for ICar.support.WaitUtils$4@636673a3 (tried for 15 second(s) with 500 milliseconds interval)</small> </font> </div>
<div class="test-event"> <font color="maroon"> <small> &emsp; &emsp;--- 16 Oct 16:07:30 572 - <b>15</b> - Spinner Load Wait: (Sync) - ICar.support.WaitUtils.waitForSpinner(WaitUtils.java:225)</small> </font> </div>
<div class="test-message">&emsp;2. Navigate to 'Login Page'</div>
<div class="test-message">&emsp;Successfully navigated to 'Login' Page&emsp;<a href=".\ScreenShot\ICar_B2B_TC018_62417987736700.png" target="_blank" >[ScreenShot]</a></div>
<div class="test-event"> <font color="maroon"> <small> &emsp; &emsp;--- 16 Oct 16:07:30 777 - Element is displayed:: [[ChromeDriver: chrome on WINDOWS (c247650bc5068ec15aac121d9431ddb1)] -> id: username]</small> </font> </div>
<div class="test-event"> <font color="maroon"> <small> &emsp; &emsp;--- 16 Oct 16:07:30 841 - Element is displayed:: [[ChromeDriver: chrome on WINDOWS (c247650bc5068ec15aac121d9431ddb1)] -> id: username]</small> </font> </div>
<div class="test-event"> <font color="maroon"> <small> &emsp; &emsp;--- 16 Oct 16:07:31 064 - Element is displayed:: [[ChromeDriver: chrome on WINDOWS (c247650bc5068ec15aac121d9431ddb1)] -> id: password]</small> </font> </div>
<div class="test-event"> <font color="maroon"> <small> &emsp; &emsp;--- 16 Oct 16:07:31 245 - Element is displayed:: [[ChromeDriver: chrome on WINDOWS (c247650bc5068ec15aac121d9431ddb1)] -> id: btn-login]</small> </font> </div>
<div class="test-event"> <font color="maroon"> <small> &emsp; &emsp;--- 16 Oct 16:07:36 681 - Catched spinner load exception due to Expected condition failed: waiting for ICar.support.WaitUtils$4@636673a3 (tried for 3 second(s) with 500 milliseconds interval)</small> </font> </div>
<div class="test-event"> <font color="maroon"> <small> &emsp; &emsp;--- 16 Oct 16:07:36 681 - <b>5</b> - Spinner Load Wait: (Sync) - ICar.support.WaitUtils.waitForSpinner(WaitUtils.java:225)</small> </font> </div>
<div class="test-event"> <font color="maroon"> <small> &emsp; &emsp;--- 16 Oct 16:07:59 241 - Catched spinner load exception due to Expected condition failed: waiting for ICar.support.WaitUtils$4@636673a3 (tried for 10 second(s) with 500 milliseconds interval)</small> </font> </div>
<div class="test-event"> <font color="maroon"> <small> &emsp; &emsp;--- 16 Oct 16:07:59 241 - <b>10</b> - Spinner Load Wait: (Sync) - ICar.support.WaitUtils.waitForSpinner(WaitUtils.java:225)</small> </font> </div>
<div class="test-event"> <font color="maroon"> <small> &emsp; &emsp;--- 16 Oct 16:07:59 321 - Element is displayed:: [[ChromeDriver: chrome on WINDOWS (c247650bc5068ec15aac121d9431ddb1)] -> xpath: //button[@value='Launch My Learning']]</small> </font> </div>
<div class="test-message">&emsp;3. Enter the user credentials as : Angielex</div>
<div class="test-message">&emsp;Successfully navigated to 'User Home' Page&emsp;<a href=".\ScreenShot\ICar_B2B_TC018_62446733211100.png" target="_blank" >[ScreenShot]</a></div>
<div class="test-event"> <font color="maroon"> <small> &emsp; &emsp;--- 16 Oct 16:07:59 674 - Page URL:: https://www.icarstage.com/</small> </font> </div>
<div class="test-event"> <font color="maroon"> <small> &emsp; &emsp;--- 16 Oct 16:07:59 674 - <b>0</b> - Page Load Wait: (Sync) - ICar.support.Utils.waitForPageLoad(Utils.java:109)</small> </font> </div>
<div class="test-event"> <font color="maroon"> <small> &emsp; &emsp;--- 16 Oct 16:07:59 728 - Element is displayed:: [[ChromeDriver: chrome on WINDOWS (c247650bc5068ec15aac121d9431ddb1)] -> xpath: //p[text()='Launch My Learning']]</small> </font> </div>
<div class="test-event"> <font color="maroon"> <small> &emsp; &emsp;--- 16 Oct 16:07:59 766 - Element is displayed:: [[ChromeDriver: chrome on WINDOWS (c247650bc5068ec15aac121d9431ddb1)] -> xpath: //a[text()='My Training']]</small> </font> </div>
<div class="test-event"> <font color="maroon"> <small> &emsp; &emsp;--- 16 Oct 16:07:59 933 - Page URL:: https://www.icarstage.com/</small> </font> </div>
<div class="test-event"> <font color="maroon"> <small> &emsp; &emsp;--- 16 Oct 16:07:59 933 - <b>0</b> - Page Load Wait: (Sync) - ICar.support.Utils.waitForPageLoad(Utils.java:109)</small> </font> </div>
<div class="test-event"> <font color="maroon"> <small> &emsp; &emsp;--- 16 Oct 16:08:02 016 - Element is displayed:: [[ChromeDriver: chrome on WINDOWS (c247650bc5068ec15aac121d9431ddb1)] -> xpath: //a[text()='My Training']]</small> </font> </div>
<div class="test-event"> <font color="maroon"> <small> &emsp; &emsp;--- 16 Oct 16:08:20 160 - Catched spinner load exception due to Expected condition failed: waiting for ICar.support.WaitUtils$4@636673a3 (tried for 15 second(s) with 500 milliseconds interval)</small> </font> </div>
<div class="test-event"> <font color="maroon"> <small> &emsp; &emsp;--- 16 Oct 16:08:20 160 - <b>15</b> - Spinner Load Wait: (Sync) - ICar.support.WaitUtils.waitForSpinner(WaitUtils.java:225)</small> </font> </div>
<div class="test-event"> <font color="maroon"> <small> &emsp; &emsp;--- 16 Oct 16:08:20 348 - Page URL:: https://www.icarstage.com/my-training</small> </font> </div>
<div class="test-event"> <font color="maroon"> <small> &emsp; &emsp;--- 16 Oct 16:08:20 349 - <b>0</b> - Page Load Wait: (Sync) - ICar.support.Utils.waitForPageLoad(Utils.java:109)</small> </font> </div>
<div class="test-event"> <font color="maroon"> <small> &emsp; &emsp;--- 16 Oct 16:08:20 405 - Element is displayed:: [[ChromeDriver: chrome on WINDOWS (c247650bc5068ec15aac121d9431ddb1)] -> xpath: //span[@title='My Professional Development']]</small> </font> </div>
<div class="test-message">&emsp;4. Navigating to My Training Page</div>
<div class="test-message">&emsp;Successfully navigated to 'My Training' Page&emsp;<a href=".\ScreenShot\ICar_B2B_TC018_62467818334900.png" target="_blank" >[ScreenShot]</a></div>
<div class="test-message">&emsp;5. click on My Professional Development link</div>
<div class="test-event"> <font color="maroon"> <small> &emsp; &emsp;--- 16 Oct 16:08:20 626 - Element is displayed:: [[ChromeDriver: chrome on WINDOWS (c247650bc5068ec15aac121d9431ddb1)] -> xpath: //span[@title='My Professional Development']]</small> </font> </div>
<div class="test-event"> <font color="maroon"> <small> &emsp; &emsp;--- 16 Oct 16:08:20 677 - Element is displayed:: [[ChromeDriver: chrome on WINDOWS (c247650bc5068ec15aac121d9431ddb1)] -> xpath: //span[@title='My Professional Development']]</small> </font> </div>
<div class="test-message">&emsp;6. Updating the Learning Path with :Estimator;Non-Structural Technician</div>
<div class="test-event"> <font color="maroon"> <small> &emsp; &emsp;--- 16 Oct 16:08:20 776 - Element is displayed:: [[ChromeDriver: chrome on WINDOWS (c247650bc5068ec15aac121d9431ddb1)] -> xpath: //span[text()='Non-Structural Technician']/preceding-sibling::span]</small> </font> </div>
<div class="test-event"> <font color="maroon"> <small> &emsp; &emsp;--- 16 Oct 16:08:20 863 - Element is displayed:: [[ChromeDriver: chrome on WINDOWS (c247650bc5068ec15aac121d9431ddb1)] -> xpath: //span[text()='Estimator']/preceding-sibling::span]</small> </font> </div>
<div class="test-event"> <font color="maroon"> <small> &emsp; &emsp;--- 16 Oct 16:08:23 974 - Element is displayed:: [[ChromeDriver: chrome on WINDOWS (c247650bc5068ec15aac121d9431ddb1)] -> xpath: //span[text()='Non-Structural Technician']/preceding-sibling::span]</small> </font> </div>
<div class="test-event"> <font color="maroon"> <small> &emsp; &emsp;--- 16 Oct 16:08:24 040 - Element is displayed:: [[ChromeDriver: chrome on WINDOWS (c247650bc5068ec15aac121d9431ddb1)] -> xpath: //span[text()='Non-Structural Technician']/preceding-sibling::span]</small> </font> </div>
<div class="test-event"> <font color="maroon"> <small> &emsp; &emsp;--- 16 Oct 16:08:26 207 - Element is displayed:: [[ChromeDriver: chrome on WINDOWS (c247650bc5068ec15aac121d9431ddb1)] -> xpath: //span[text()='Non-Structural Technician']/preceding-sibling::span]</small> </font> </div>
<div class="test-event"> <font color="maroon"> <small> &emsp; &emsp;--- 16 Oct 16:08:27 296 - Element is displayed:: [[ChromeDriver: chrome on WINDOWS (c247650bc5068ec15aac121d9431ddb1)] -> xpath: //button[@title='Update Preference']]</small> </font> </div>
<div class="test-event"> <font color="maroon"> <small> &emsp; &emsp;--- 16 Oct 16:08:42 736 - Catched spinner load exception due to Expected condition failed: waiting for ICar.support.WaitUtils$4@636673a3 (tried for 15 second(s) with 500 milliseconds interval)</small> </font> </div>
<div class="test-event"> <font color="maroon"> <small> &emsp; &emsp;--- 16 Oct 16:08:42 736 - <b>15</b> - Spinner Load Wait: (Sync) - ICar.support.WaitUtils.waitForSpinner(WaitUtils.java:225)</small> </font> </div>
<div class="test-event"> <font color="maroon"> <small> &emsp; &emsp;--- 16 Oct 16:08:42 750 - Page URL:: https://www.icarstage.com/my-training</small> </font> </div>
<div class="test-event"> <font color="maroon"> <small> &emsp; &emsp;--- 16 Oct 16:08:42 750 - Page Load Wait </small> </font> </div>
<div class="test-event"> <font color="maroon"> <small> &emsp; &emsp;--- 16 Oct 16:08:51 040 - Catched spinner load exception due to Expected condition failed: waiting for ICar.support.WaitUtils$4@636673a3 (tried for 8 second(s) with 500 milliseconds interval)</small> </font> </div>
<div class="test-event"> <font color="maroon"> <small> &emsp; &emsp;--- 16 Oct 16:08:51 040 - <b>8</b> - Spinner Load Wait: (Sync) - ICar.support.WaitUtils.waitForSpinner(WaitUtils.java:225)</small> </font> </div>
<div class="test-event"> <font color="maroon"> <small> &emsp; &emsp;--- 16 Oct 16:08:51 106 - Element is displayed:: [[ChromeDriver: chrome on WINDOWS (c247650bc5068ec15aac121d9431ddb1)] -> xpath: //span[@title='My Professional Development']]</small> </font> </div>
<div class="test-event"> <font color="maroon"> <small> &emsp; &emsp;--- 16 Oct 16:08:51 164 - Element is displayed:: [[ChromeDriver: chrome on WINDOWS (c247650bc5068ec15aac121d9431ddb1)] -> xpath: //span[@title='My Professional Development']]</small> </font> </div>
<div class="test-message">&emsp;Successfully updated preference in 'My Training' Page&emsp;<a href=".\ScreenShot\ICar_B2B_TC018_62500670990300.png" target="_blank" >[ScreenShot]</a></div>
<div class="test-result"><br><font color="green"><strong> Test Passed. </strong></font> </div>&emsp;
&emsp;<div class="test-title"> <strong><font size = "3" color = "#0000FF">---Test Execution Ends---</font> </strong> </div>&emsp;
<div class="test-event"> <font color="maroon"> <small> &emsp; &emsp;--- 16 Oct 16:08:54 188 - TestCaseID:: ICar_B2B_TC019</small> </font> </div>
<div class="test-event"> <font color="maroon"> <small> &emsp; &emsp;--- 16 Oct 16:08:56 370 - <b>2</b> - Driver::initialize::Get - ICar.support.WebDriverFactory.getDriver(WebDriverFactory.java:640)</small> </font> </div>
&emsp;<div class="test-title"> <strong><font size = "3" color = "#000080">Verify My Training progress is displayed wth required information</font> </strong> </div>&emsp;<div><strong>Steps:</strong></div><!-- Report -->&emsp;
<div class="test-event"> <font color="maroon"> <small> &emsp; &emsp;--- 16 Oct 16:09:01 148 - Element is displayed:: [[ChromeDriver: chrome on WINDOWS (7bb73b7db2afeabb7e5d81a3e9f0077b)] -> xpath: //a/img[@alt='Login Image']|//button[@id='btn-login']]</small> </font> </div>
<div class="test-event"> <font color="maroon"> <small> &emsp; &emsp;--- 16 Oct 16:09:01 204 - Element is displayed:: [[ChromeDriver: chrome on WINDOWS (7bb73b7db2afeabb7e5d81a3e9f0077b)] -> xpath: //a/img[@alt='Login Image']|//button[@id='btn-login']]</small> </font> </div>
<div class="test-message">&emsp;Successfully navigated to 'Home' Page&emsp;<a href=".\ScreenShot\ICar_B2B_TC019_62508615620700.png" target="_blank" >[ScreenShot]</a></div>
<div class="test-message">&emsp;1. Home page is launched.</div>
<div class="test-event"> <font color="maroon"> <small> &emsp; &emsp;--- 16 Oct 16:09:01 700 - Page URL:: https://www.icarstage.com/</small> </font> </div>
<div class="test-event"> <font color="maroon"> <small> &emsp; &emsp;--- 16 Oct 16:09:01 700 - <b>0</b> - Page Load Wait: (Sync) - ICar.support.Utils.waitForPageLoad(Utils.java:109)</small> </font> </div>
<div class="test-event"> <font color="maroon"> <small> &emsp; &emsp;--- 16 Oct 16:09:01 754 - Element is displayed:: [[ChromeDriver: chrome on WINDOWS (7bb73b7db2afeabb7e5d81a3e9f0077b)] -> xpath: //a/img[@alt='Login Image']|//button[@id='btn-login']]</small> </font> </div>
<div class="test-event"> <font color="maroon"> <small> &emsp; &emsp;--- 16 Oct 16:09:01 815 - Element is displayed:: [[ChromeDriver: chrome on WINDOWS (7bb73b7db2afeabb7e5d81a3e9f0077b)] -> xpath: //a/img[@alt='Login Image']|//button[@id='btn-login']]</small> </font> </div>
<div class="test-event"> <font color="maroon"> <small> &emsp; &emsp;--- 16 Oct 16:09:20 016 - Catched spinner load exception due to Expected condition failed: waiting for ICar.support.WaitUtils$4@636673a3 (tried for 15 second(s) with 500 milliseconds interval)</small> </font> </div>
<div class="test-event"> <font color="maroon"> <small> &emsp; &emsp;--- 16 Oct 16:09:20 017 - <b>15</b> - Spinner Load Wait: (Sync) - ICar.support.WaitUtils.waitForSpinner(WaitUtils.java:225)</small> </font> </div>
<div class="test-message">&emsp;2. Navigate to 'Login Page'</div>
<div class="test-message">&emsp;Successfully navigated to 'Login' Page&emsp;<a href=".\ScreenShot\ICar_B2B_TC019_62527432955200.png" target="_blank" >[ScreenShot]</a></div>
<div class="test-event"> <font color="maroon"> <small> &emsp; &emsp;--- 16 Oct 16:09:20 311 - Element is displayed:: [[ChromeDriver: chrome on WINDOWS (7bb73b7db2afeabb7e5d81a3e9f0077b)] -> id: username]</small> </font> </div>
<div class="test-event"> <font color="maroon"> <small> &emsp; &emsp;--- 16 Oct 16:09:20 374 - Element is displayed:: [[ChromeDriver: chrome on WINDOWS (7bb73b7db2afeabb7e5d81a3e9f0077b)] -> id: username]</small> </font> </div>
<div class="test-event"> <font color="maroon"> <small> &emsp; &emsp;--- 16 Oct 16:09:20 598 - Element is displayed:: [[ChromeDriver: chrome on WINDOWS (7bb73b7db2afeabb7e5d81a3e9f0077b)] -> id: password]</small> </font> </div>
<div class="test-event"> <font color="maroon"> <small> &emsp; &emsp;--- 16 Oct 16:09:20 772 - Element is displayed:: [[ChromeDriver: chrome on WINDOWS (7bb73b7db2afeabb7e5d81a3e9f0077b)] -> id: btn-login]</small> </font> </div>
<div class="test-event"> <font color="maroon"> <small> &emsp; &emsp;--- 16 Oct 16:09:29 697 - Catched spinner load exception due to Expected condition failed: waiting for ICar.support.WaitUtils$4@636673a3 (tried for 3 second(s) with 500 milliseconds interval)</small> </font> </div>
<div class="test-event"> <font color="maroon"> <small> &emsp; &emsp;--- 16 Oct 16:09:29 697 - <b>8</b> - Spinner Load Wait: (Sync) - ICar.support.WaitUtils.waitForSpinner(WaitUtils.java:225)</small> </font> </div>
<div class="test-event"> <font color="maroon"> <small> &emsp; &emsp;--- 16 Oct 16:09:52 448 - Catched spinner load exception due to Expected condition failed: waiting for ICar.support.WaitUtils$4@636673a3 (tried for 10 second(s) with 500 milliseconds interval)</small> </font> </div>
<div class="test-event"> <font color="maroon"> <small> &emsp; &emsp;--- 16 Oct 16:09:52 449 - <b>10</b> - Spinner Load Wait: (Sync) - ICar.support.WaitUtils.waitForSpinner(WaitUtils.java:225)</small> </font> </div>
<div class="test-event"> <font color="maroon"> <small> &emsp; &emsp;--- 16 Oct 16:09:52 526 - Element is displayed:: [[ChromeDriver: chrome on WINDOWS (7bb73b7db2afeabb7e5d81a3e9f0077b)] -> xpath: //button[@value='Launch My Learning']]</small> </font> </div>
<div class="test-message">&emsp;3. Enter the user credentials</div>
<div class="test-message">&emsp;Successfully navigated to 'User Home' Page&emsp;<a href=".\ScreenShot\ICar_B2B_TC019_62559937974700.png" target="_blank" >[ScreenShot]</a></div>
<div class="test-event"> <font color="maroon"> <small> &emsp; &emsp;--- 16 Oct 16:09:52 879 - Page URL:: https://www.icarstage.com/</small> </font> </div>
<div class="test-event"> <font color="maroon"> <small> &emsp; &emsp;--- 16 Oct 16:09:52 880 - <b>0</b> - Page Load Wait: (Sync) - ICar.support.Utils.waitForPageLoad(Utils.java:109)</small> </font> </div>
<div class="test-event"> <font color="maroon"> <small> &emsp; &emsp;--- 16 Oct 16:09:52 932 - Element is displayed:: [[ChromeDriver: chrome on WINDOWS (7bb73b7db2afeabb7e5d81a3e9f0077b)] -> xpath: //p[text()='Launch My Learning']]</small> </font> </div>
<div class="test-event"> <font color="maroon"> <small> &emsp; &emsp;--- 16 Oct 16:09:52 970 - Element is displayed:: [[ChromeDriver: chrome on WINDOWS (7bb73b7db2afeabb7e5d81a3e9f0077b)] -> xpath: //a[text()='My Training']]</small> </font> </div>
<div class="test-event"> <font color="maroon"> <small> &emsp; &emsp;--- 16 Oct 16:09:53 138 - Page URL:: https://www.icarstage.com/</small> </font> </div>
<div class="test-event"> <font color="maroon"> <small> &emsp; &emsp;--- 16 Oct 16:09:53 138 - <b>0</b> - Page Load Wait: (Sync) - ICar.support.Utils.waitForPageLoad(Utils.java:109)</small> </font> </div>
<div class="test-event"> <font color="maroon"> <small> &emsp; &emsp;--- 16 Oct 16:09:55 221 - Element is displayed:: [[ChromeDriver: chrome on WINDOWS (7bb73b7db2afeabb7e5d81a3e9f0077b)] -> xpath: //a[text()='My Training']]</small> </font> </div>
<div class="test-event"> <font color="maroon"> <small> &emsp; &emsp;--- 16 Oct 16:10:13 324 - Catched spinner load exception due to Expected condition failed: waiting for ICar.support.WaitUtils$4@636673a3 (tried for 15 second(s) with 500 milliseconds interval)</small> </font> </div>
<div class="test-event"> <font color="maroon"> <small> &emsp; &emsp;--- 16 Oct 16:10:13 324 - <b>15</b> - Spinner Load Wait: (Sync) - ICar.support.WaitUtils.waitForSpinner(WaitUtils.java:225)</small> </font> </div>
<div class="test-event"> <font color="maroon"> <small> &emsp; &emsp;--- 16 Oct 16:10:13 513 - Page URL:: https://www.icarstage.com/my-training</small> </font> </div>
<div class="test-event"> <font color="maroon"> <small> &emsp; &emsp;--- 16 Oct 16:10:13 513 - <b>0</b> - Page Load Wait: (Sync) - ICar.support.Utils.waitForPageLoad(Utils.java:109)</small> </font> </div>
<div class="test-event"> <font color="maroon"> <small> &emsp; &emsp;--- 16 Oct 16:10:13 575 - Element is displayed:: [[ChromeDriver: chrome on WINDOWS (7bb73b7db2afeabb7e5d81a3e9f0077b)] -> xpath: //span[@title='My Professional Development']]</small> </font> </div>
<div class="test-message">&emsp;4. Navigate to My Training link</div>
<div class="test-message">&emsp;Successfully verified 'My training' page&emsp;<a href=".\ScreenShot\ICar_B2B_TC019_62580987616600.png" target="_blank" >[ScreenShot]</a></div>
<div class="test-result"><br><font color="green"><strong> Test Passed. </strong></font> </div>&emsp;
&emsp;<div class="test-title"> <strong><font size = "3" color = "#0000FF">---Test Execution Ends---</font> </strong> </div>&emsp;
<div class="test-event"> <font color="maroon"> <small> &emsp; &emsp;--- 16 Oct 16:10:14 075 - TestCaseID:: ICar_B2B_TC020</small> </font> </div>
<div class="test-event"> <font color="maroon"> <small> &emsp; &emsp;--- 16 Oct 16:10:15 133 - <b>1</b> - Driver::initialize::Get - ICar.support.WebDriverFactory.getDriver(WebDriverFactory.java:640)</small> </font> </div>
&emsp;<div class="test-title"> <strong><font size = "3" color = "#000080">Verify My Professional Development details</font> </strong> </div>&emsp;<div><strong>Steps:</strong></div><!-- Report -->&emsp;
<div class="test-event"> <font color="maroon"> <small> &emsp; &emsp;--- 16 Oct 16:10:21 382 - Element is displayed:: [[ChromeDriver: chrome on WINDOWS (88553562c5f52261cc1bf215a94dc73e)] -> xpath: //a/img[@alt='Login Image']|//button[@id='btn-login']]</small> </font> </div>
<div class="test-event"> <font color="maroon"> <small> &emsp; &emsp;--- 16 Oct 16:10:21 511 - Element is displayed:: [[ChromeDriver: chrome on WINDOWS (88553562c5f52261cc1bf215a94dc73e)] -> xpath: //a/img[@alt='Login Image']|//button[@id='btn-login']]</small> </font> </div>
<div class="test-message">&emsp;Successfully navigated to 'Home' Page&emsp;<a href=".\ScreenShot\ICar_B2B_TC020_62588923844400.png" target="_blank" >[ScreenShot]</a></div>
<div class="test-message">&emsp;1. Home page is launched.</div>
<div class="test-event"> <font color="maroon"> <small> &emsp; &emsp;--- 16 Oct 16:10:21 866 - Page URL:: https://www.icarstage.com/</small> </font> </div>
<div class="test-event"> <font color="maroon"> <small> &emsp; &emsp;--- 16 Oct 16:10:21 866 - <b>0</b> - Page Load Wait: (Sync) - ICar.support.Utils.waitForPageLoad(Utils.java:109)</small> </font> </div>
<div class="test-event"> <font color="maroon"> <small> &emsp; &emsp;--- 16 Oct 16:10:21 902 - Element is displayed:: [[ChromeDriver: chrome on WINDOWS (88553562c5f52261cc1bf215a94dc73e)] -> xpath: //a/img[@alt='Login Image']|//button[@id='btn-login']]</small> </font> </div>
<div class="test-event"> <font color="maroon"> <small> &emsp; &emsp;--- 16 Oct 16:10:21 954 - Element is displayed:: [[ChromeDriver: chrome on WINDOWS (88553562c5f52261cc1bf215a94dc73e)] -> xpath: //a/img[@alt='Login Image']|//button[@id='btn-login']]</small> </font> </div>
<div class="test-event"> <font color="maroon"> <small> &emsp; &emsp;--- 16 Oct 16:10:39 819 - Catched spinner load exception due to Expected condition failed: waiting for ICar.support.WaitUtils$4@636673a3 (tried for 15 second(s) with 500 milliseconds interval)</small> </font> </div>
<div class="test-event"> <font color="maroon"> <small> &emsp; &emsp;--- 16 Oct 16:10:39 819 - <b>15</b> - Spinner Load Wait: (Sync) - ICar.support.WaitUtils.waitForSpinner(WaitUtils.java:225)</small> </font> </div>
<div class="test-message">&emsp;2. Navigate to 'Login Page'</div>
<div class="test-message">&emsp;Successfully navigated to 'Login' Page&emsp;<a href=".\ScreenShot\ICar_B2B_TC020_62607234773900.png" target="_blank" >[ScreenShot]</a></div>
<div class="test-event"> <font color="maroon"> <small> &emsp; &emsp;--- 16 Oct 16:10:40 019 - Element is displayed:: [[ChromeDriver: chrome on WINDOWS (88553562c5f52261cc1bf215a94dc73e)] -> id: username]</small> </font> </div>
<div class="test-event"> <font color="maroon"> <small> &emsp; &emsp;--- 16 Oct 16:10:40 069 - Element is displayed:: [[ChromeDriver: chrome on WINDOWS (88553562c5f52261cc1bf215a94dc73e)] -> id: username]</small> </font> </div>
<div class="test-event"> <font color="maroon"> <small> &emsp; &emsp;--- 16 Oct 16:10:40 271 - Element is displayed:: [[ChromeDriver: chrome on WINDOWS (88553562c5f52261cc1bf215a94dc73e)] -> id: password]</small> </font> </div>
<div class="test-event"> <font color="maroon"> <small> &emsp; &emsp;--- 16 Oct 16:10:40 452 - Element is displayed:: [[ChromeDriver: chrome on WINDOWS (88553562c5f52261cc1bf215a94dc73e)] -> id: btn-login]</small> </font> </div>
<div class="test-event"> <font color="maroon"> <small> &emsp; &emsp;--- 16 Oct 16:10:45 082 - Catched spinner load exception due to Expected condition failed: waiting for ICar.support.WaitUtils$4@636673a3 (tried for 3 second(s) with 500 milliseconds interval)</small> </font> </div>
<div class="test-event"> <font color="maroon"> <small> &emsp; &emsp;--- 16 Oct 16:10:45 082 - <b>4</b> - Spinner Load Wait: (Sync) - ICar.support.WaitUtils.waitForSpinner(WaitUtils.java:225)</small> </font> </div>
<div class="test-event"> <font color="maroon"> <small> &emsp; &emsp;--- 16 Oct 16:11:07 774 - Catched spinner load exception due to Expected condition failed: waiting for ICar.support.WaitUtils$4@636673a3 (tried for 10 second(s) with 500 milliseconds interval)</small> </font> </div>
<div class="test-event"> <font color="maroon"> <small> &emsp; &emsp;--- 16 Oct 16:11:07 774 - <b>10</b> - Spinner Load Wait: (Sync) - ICar.support.WaitUtils.waitForSpinner(WaitUtils.java:225)</small> </font> </div>
<div class="test-event"> <font color="maroon"> <small> &emsp; &emsp;--- 16 Oct 16:11:07 851 - Element is displayed:: [[ChromeDriver: chrome on WINDOWS (88553562c5f52261cc1bf215a94dc73e)] -> xpath: //button[@value='Launch My Learning']]</small> </font> </div>
<div class="test-message">&emsp;3. Enter the user credentials</div>
<div class="test-message">&emsp;Successfully navigated to 'User Home' Page&emsp;<a href=".\ScreenShot\ICar_B2B_TC020_62635263857200.png" target="_blank" >[ScreenShot]</a></div>
<div class="test-message">&emsp;4. Navigate to My Training link</div>
<div class="test-event"> <font color="maroon"> <small> &emsp; &emsp;--- 16 Oct 16:11:08 188 - Page URL:: https://www.icarstage.com/</small> </font> </div>
<div class="test-event"> <font color="maroon"> <small> &emsp; &emsp;--- 16 Oct 16:11:08 188 - <b>0</b> - Page Load Wait: (Sync) - ICar.support.Utils.waitForPageLoad(Utils.java:109)</small> </font> </div>
<div class="test-event"> <font color="maroon"> <small> &emsp; &emsp;--- 16 Oct 16:11:08 242 - Element is displayed:: [[ChromeDriver: chrome on WINDOWS (88553562c5f52261cc1bf215a94dc73e)] -> xpath: //p[text()='Launch My Learning']]</small> </font> </div>
<div class="test-event"> <font color="maroon"> <small> &emsp; &emsp;--- 16 Oct 16:11:08 280 - Element is displayed:: [[ChromeDriver: chrome on WINDOWS (88553562c5f52261cc1bf215a94dc73e)] -> xpath: //a[text()='My Training']]</small> </font> </div>
<div class="test-event"> <font color="maroon"> <small> &emsp; &emsp;--- 16 Oct 16:11:08 438 - Page URL:: https://www.icarstage.com/</small> </font> </div>
<div class="test-event"> <font color="maroon"> <small> &emsp; &emsp;--- 16 Oct 16:11:08 438 - <b>0</b> - Page Load Wait: (Sync) - ICar.support.Utils.waitForPageLoad(Utils.java:109)</small> </font> </div>
<div class="test-event"> <font color="maroon"> <small> &emsp; &emsp;--- 16 Oct 16:11:10 521 - Element is displayed:: [[ChromeDriver: chrome on WINDOWS (88553562c5f52261cc1bf215a94dc73e)] -> xpath: //a[text()='My Training']]</small> </font> </div>
<div class="test-event"> <font color="maroon"> <small> &emsp; &emsp;--- 16 Oct 16:11:27 805 - Catched spinner load exception due to Expected condition failed: waiting for ICar.support.WaitUtils$4@636673a3 (tried for 15 second(s) with 500 milliseconds interval)</small> </font> </div>
<div class="test-event"> <font color="maroon"> <small> &emsp; &emsp;--- 16 Oct 16:11:27 805 - <b>15</b> - Spinner Load Wait: (Sync) - ICar.support.WaitUtils.waitForSpinner(WaitUtils.java:225)</small> </font> </div>
<div class="test-event"> <font color="maroon"> <small> &emsp; &emsp;--- 16 Oct 16:11:27 997 - Page URL:: https://www.icarstage.com/my-training</small> </font> </div>
<div class="test-event"> <font color="maroon"> <small> &emsp; &emsp;--- 16 Oct 16:11:27 997 - <b>0</b> - Page Load Wait: (Sync) - ICar.support.Utils.waitForPageLoad(Utils.java:109)</small> </font> </div>
<div class="test-event"> <font color="maroon"> <small> &emsp; &emsp;--- 16 Oct 16:11:28 052 - Element is displayed:: [[ChromeDriver: chrome on WINDOWS (88553562c5f52261cc1bf215a94dc73e)] -> xpath: //span[@title='My Professional Development']]</small> </font> </div>
<div class="test-message">&emsp;5. Click on the 'My Professional Development' </div>
<div class="test-event"> <font color="maroon"> <small> &emsp; &emsp;--- 16 Oct 16:11:28 104 - Element is displayed:: [[ChromeDriver: chrome on WINDOWS (88553562c5f52261cc1bf215a94dc73e)] -> xpath: //span[@title='My Professional Development']]</small> </font> </div>
<div class="test-event"> <font color="maroon"> <small> &emsp; &emsp;--- 16 Oct 16:11:28 158 - Element is displayed:: [[ChromeDriver: chrome on WINDOWS (88553562c5f52261cc1bf215a94dc73e)] -> xpath: //span[@title='My Professional Development']]</small> </font> </div>
<div class="test-message">&emsp;Successfully displayed 'My Professional development' details&emsp;<a href=".\ScreenShot\ICar_B2B_TC020_62655762808900.png" target="_blank" >[ScreenShot]</a></div>
<div class="test-result"><br><font color="green"><strong> Test Passed. </strong></font> </div>&emsp;
&emsp;<div class="test-title"> <strong><font size = "3" color = "#0000FF">---Test Execution Ends---</font> </strong> </div>&emsp;
<div class="test-event"> <font color="maroon"> <small> &emsp; &emsp;--- 16 Oct 16:11:29 215 - TestCaseID:: ICar_B2B_TC021</small> </font> </div>
<div class="test-event"> <font color="maroon"> <small> &emsp; &emsp;--- 16 Oct 16:11:30 351 - <b>1</b> - Driver::initialize::Get - ICar.support.WebDriverFactory.getDriver(WebDriverFactory.java:640)</small> </font> </div>
&emsp;<div class="test-title"> <strong><font size = "3" color = "#000080">Verify My Knowledge and Skills Area after updating the preferred Learning Path and add course to the cart</font> </strong> </div>&emsp;<div><strong>Steps:</strong></div><!-- Report -->&emsp;
<div class="test-event"> <font color="maroon"> <small> &emsp; &emsp;--- 16 Oct 16:11:37 923 - Element is displayed:: [[ChromeDriver: chrome on WINDOWS (f13e28965fa158f0e1d9d20536755dd3)] -> xpath: //a/img[@alt='Login Image']|//button[@id='btn-login']]</small> </font> </div>
<div class="test-event"> <font color="maroon"> <small> &emsp; &emsp;--- 16 Oct 16:11:37 972 - Element is displayed:: [[ChromeDriver: chrome on WINDOWS (f13e28965fa158f0e1d9d20536755dd3)] -> xpath: //a/img[@alt='Login Image']|//button[@id='btn-login']]</small> </font> </div>
<div class="test-message">&emsp;Successfully navigated to 'Home' Page&emsp;<a href=".\ScreenShot\ICar_B2B_TC021_62665384771100.png" target="_blank" >[ScreenShot]</a></div>
<div class="test-message">&emsp;1. Home page is launched.</div>
<div class="test-event"> <font color="maroon"> <small> &emsp; &emsp;--- 16 Oct 16:11:38 335 - Page URL:: https://www.icarstage.com/</small> </font> </div>
<div class="test-event"> <font color="maroon"> <small> &emsp; &emsp;--- 16 Oct 16:11:38 335 - <b>0</b> - Page Load Wait: (Sync) - ICar.support.Utils.waitForPageLoad(Utils.java:109)</small> </font> </div>
<div class="test-event"> <font color="maroon"> <small> &emsp; &emsp;--- 16 Oct 16:11:38 373 - Element is displayed:: [[ChromeDriver: chrome on WINDOWS (f13e28965fa158f0e1d9d20536755dd3)] -> xpath: //a/img[@alt='Login Image']|//button[@id='btn-login']]</small> </font> </div>
<div class="test-event"> <font color="maroon"> <small> &emsp; &emsp;--- 16 Oct 16:11:38 422 - Element is displayed:: [[ChromeDriver: chrome on WINDOWS (f13e28965fa158f0e1d9d20536755dd3)] -> xpath: //a/img[@alt='Login Image']|//button[@id='btn-login']]</small> </font> </div>
<div class="test-event"> <font color="maroon"> <small> &emsp; &emsp;--- 16 Oct 16:11:56 306 - Catched spinner load exception due to Expected condition failed: waiting for ICar.support.WaitUtils$4@636673a3 (tried for 15 second(s) with 500 milliseconds interval)</small> </font> </div>
<div class="test-event"> <font color="maroon"> <small> &emsp; &emsp;--- 16 Oct 16:11:56 306 - <b>15</b> - Spinner Load Wait: (Sync) - ICar.support.WaitUtils.waitForSpinner(WaitUtils.java:225)</small> </font> </div>
<div class="test-message">&emsp;2. Navigate to 'Login Page'</div>
<div class="test-message">&emsp;Successfully navigated to 'Login' Page&emsp;<a href=".\ScreenShot\ICar_B2B_TC021_62683722255400.png" target="_blank" >[ScreenShot]</a></div>
<div class="test-event"> <font color="maroon"> <small> &emsp; &emsp;--- 16 Oct 16:11:56 518 - Element is displayed:: [[ChromeDriver: chrome on WINDOWS (f13e28965fa158f0e1d9d20536755dd3)] -> id: username]</small> </font> </div>
<div class="test-event"> <font color="maroon"> <small> &emsp; &emsp;--- 16 Oct 16:11:56 568 - Element is displayed:: [[ChromeDriver: chrome on WINDOWS (f13e28965fa158f0e1d9d20536755dd3)] -> id: username]</small> </font> </div>
<div class="test-event"> <font color="maroon"> <small> &emsp; &emsp;--- 16 Oct 16:11:56 771 - Element is displayed:: [[ChromeDriver: chrome on WINDOWS (f13e28965fa158f0e1d9d20536755dd3)] -> id: password]</small> </font> </div>
<div class="test-event"> <font color="maroon"> <small> &emsp; &emsp;--- 16 Oct 16:11:56 949 - Element is displayed:: [[ChromeDriver: chrome on WINDOWS (f13e28965fa158f0e1d9d20536755dd3)] -> id: btn-login]</small> </font> </div>
<div class="test-event"> <font color="maroon"> <small> &emsp; &emsp;--- 16 Oct 16:12:00 349 - Catched spinner load exception due to Expected condition failed: waiting for ICar.support.WaitUtils$4@636673a3 (tried for 3 second(s) with 500 milliseconds interval)</small> </font> </div>
<div class="test-event"> <font color="maroon"> <small> &emsp; &emsp;--- 16 Oct 16:12:00 350 - <b>3</b> - Spinner Load Wait: (Sync) - ICar.support.WaitUtils.waitForSpinner(WaitUtils.java:225)</small> </font> </div>
<div class="test-event"> <font color="maroon"> <small> &emsp; &emsp;--- 16 Oct 16:12:22 426 - Catched spinner load exception due to Expected condition failed: waiting for ICar.support.WaitUtils$4@636673a3 (tried for 10 second(s) with 500 milliseconds interval)</small> </font> </div>
<div class="test-event"> <font color="maroon"> <small> &emsp; &emsp;--- 16 Oct 16:12:22 427 - <b>10</b> - Spinner Load Wait: (Sync) - ICar.support.WaitUtils.waitForSpinner(WaitUtils.java:225)</small> </font> </div>
<div class="test-event"> <font color="maroon"> <small> &emsp; &emsp;--- 16 Oct 16:12:22 497 - Element is displayed:: [[ChromeDriver: chrome on WINDOWS (f13e28965fa158f0e1d9d20536755dd3)] -> xpath: //button[@value='Launch My Learning']]</small> </font> </div>
<div class="test-message">&emsp;3. Enter the user credentials as : Angielex</div>
<div class="test-message">&emsp;Successfully navigated to 'User Home' Page&emsp;<a href=".\ScreenShot\ICar_B2B_TC021_62709910157500.png" target="_blank" >[ScreenShot]</a></div>
<div class="test-event"> <font color="maroon"> <small> &emsp; &emsp;--- 16 Oct 16:12:22 915 - Page URL:: https://www.icarstage.com/</small> </font> </div>
<div class="test-event"> <font color="maroon"> <small> &emsp; &emsp;--- 16 Oct 16:12:22 915 - <b>0</b> - Page Load Wait: (Sync) - ICar.support.Utils.waitForPageLoad(Utils.java:109)</small> </font> </div>
<div class="test-event"> <font color="maroon"> <small> &emsp; &emsp;--- 16 Oct 16:12:22 978 - Element is displayed:: [[ChromeDriver: chrome on WINDOWS (f13e28965fa158f0e1d9d20536755dd3)] -> xpath: //p[text()='Launch My Learning']]</small> </font> </div>
<div class="test-event"> <font color="maroon"> <small> &emsp; &emsp;--- 16 Oct 16:12:23 016 - Element is displayed:: [[ChromeDriver: chrome on WINDOWS (f13e28965fa158f0e1d9d20536755dd3)] -> xpath: //a[text()='My Training']]</small> </font> </div>
<div class="test-event"> <font color="maroon"> <small> &emsp; &emsp;--- 16 Oct 16:12:23 197 - Page URL:: https://www.icarstage.com/</small> </font> </div>
<div class="test-event"> <font color="maroon"> <small> &emsp; &emsp;--- 16 Oct 16:12:23 197 - <b>0</b> - Page Load Wait: (Sync) - ICar.support.Utils.waitForPageLoad(Utils.java:109)</small> </font> </div>
<div class="test-event"> <font color="maroon"> <small> &emsp; &emsp;--- 16 Oct 16:12:25 266 - Element is displayed:: [[ChromeDriver: chrome on WINDOWS (f13e28965fa158f0e1d9d20536755dd3)] -> xpath: //a[text()='My Training']]</small> </font> </div>
<div class="test-event"> <font color="maroon"> <small> &emsp; &emsp;--- 16 Oct 16:12:44 102 - Catched spinner load exception due to Expected condition failed: waiting for ICar.support.WaitUtils$4@636673a3 (tried for 15 second(s) with 500 milliseconds interval)</small> </font> </div>
<div class="test-event"> <font color="maroon"> <small> &emsp; &emsp;--- 16 Oct 16:12:44 102 - <b>15</b> - Spinner Load Wait: (Sync) - ICar.support.WaitUtils.waitForSpinner(WaitUtils.java:225)</small> </font> </div>
<div class="test-event"> <font color="maroon"> <small> &emsp; &emsp;--- 16 Oct 16:12:44 529 - Page URL:: https://www.icarstage.com/my-training</small> </font> </div>
<div class="test-event"> <font color="maroon"> <small> &emsp; &emsp;--- 16 Oct 16:12:44 529 - <b>0</b> - Page Load Wait: (Sync) - ICar.support.Utils.waitForPageLoad(Utils.java:109)</small> </font> </div>
<div class="test-event"> <font color="maroon"> <small> &emsp; &emsp;--- 16 Oct 16:12:44 647 - Element is displayed:: [[ChromeDriver: chrome on WINDOWS (f13e28965fa158f0e1d9d20536755dd3)] -> xpath: //span[@title='My Professional Development']]</small> </font> </div>
<div class="test-message">&emsp;4. Navigating to My Training Page</div>
<div class="test-message">&emsp;Successfully navigated to 'My Training' Page&emsp;<a href=".\ScreenShot\ICar_B2B_TC021_62732060009700.png" target="_blank" >[ScreenShot]</a></div>
<div class="test-message">&emsp;5. click on My Professional Development link</div>
<div class="test-event"> <font color="maroon"> <small> &emsp; &emsp;--- 16 Oct 16:12:44 907 - Element is displayed:: [[ChromeDriver: chrome on WINDOWS (f13e28965fa158f0e1d9d20536755dd3)] -> xpath: //span[@title='My Professional Development']]</small> </font> </div>
<div class="test-event"> <font color="maroon"> <small> &emsp; &emsp;--- 16 Oct 16:12:44 960 - Element is displayed:: [[ChromeDriver: chrome on WINDOWS (f13e28965fa158f0e1d9d20536755dd3)] -> xpath: //span[@title='My Professional Development']]</small> </font> </div>
<div class="test-message">&emsp;6. Updating the Learning Path with :Estimator;Non-Structural Technician</div>
<div class="test-event"> <font color="maroon"> <small> &emsp; &emsp;--- 16 Oct 16:12:45 090 - Element is displayed:: [[ChromeDriver: chrome on WINDOWS (f13e28965fa158f0e1d9d20536755dd3)] -> xpath: //span[text()='Non-Structural Technician']/preceding-sibling::span]</small> </font> </div>
<div class="test-event"> <font color="maroon"> <small> &emsp; &emsp;--- 16 Oct 16:12:45 141 - Element is displayed:: [[ChromeDriver: chrome on WINDOWS (f13e28965fa158f0e1d9d20536755dd3)] -> xpath: //span[text()='Estimator']/preceding-sibling::span]</small> </font> </div>
<div class="test-event"> <font color="maroon"> <small> &emsp; &emsp;--- 16 Oct 16:12:48 219 - Element is displayed:: [[ChromeDriver: chrome on WINDOWS (f13e28965fa158f0e1d9d20536755dd3)] -> xpath: //span[text()='Non-Structural Technician']/preceding-sibling::span]</small> </font> </div>
<div class="test-event"> <font color="maroon"> <small> &emsp; &emsp;--- 16 Oct 16:12:48 270 - Element is displayed:: [[ChromeDriver: chrome on WINDOWS (f13e28965fa158f0e1d9d20536755dd3)] -> xpath: //span[text()='Non-Structural Technician']/preceding-sibling::span]</small> </font> </div>
<div class="test-event"> <font color="maroon"> <small> &emsp; &emsp;--- 16 Oct 16:12:51 389 - Element is displayed:: [[ChromeDriver: chrome on WINDOWS (f13e28965fa158f0e1d9d20536755dd3)] -> xpath: //button[@title='Update Preference']]</small> </font> </div>
<div class="test-event"> <font color="maroon"> <small> &emsp; &emsp;--- 16 Oct 16:13:06 800 - Catched spinner load exception due to Expected condition failed: waiting for ICar.support.WaitUtils$4@636673a3 (tried for 15 second(s) with 500 milliseconds interval)</small> </font> </div>
<div class="test-event"> <font color="maroon"> <small> &emsp; &emsp;--- 16 Oct 16:13:06 800 - <b>15</b> - Spinner Load Wait: (Sync) - ICar.support.WaitUtils.waitForSpinner(WaitUtils.java:225)</small> </font> </div>
<div class="test-event"> <font color="maroon"> <small> &emsp; &emsp;--- 16 Oct 16:13:06 815 - Page URL:: https://www.icarstage.com/my-training</small> </font> </div>
<div class="test-event"> <font color="maroon"> <small> &emsp; &emsp;--- 16 Oct 16:13:06 815 - Page Load Wait </small> </font> </div>
<div class="test-event"> <font color="maroon"> <small> &emsp; &emsp;--- 16 Oct 16:13:15 106 - Catched spinner load exception due to Expected condition failed: waiting for ICar.support.WaitUtils$4@636673a3 (tried for 8 second(s) with 500 milliseconds interval)</small> </font> </div>
<div class="test-event"> <font color="maroon"> <small> &emsp; &emsp;--- 16 Oct 16:13:15 106 - <b>8</b> - Spinner Load Wait: (Sync) - ICar.support.WaitUtils.waitForSpinner(WaitUtils.java:225)</small> </font> </div>
<div class="test-event"> <font color="maroon"> <small> &emsp; &emsp;--- 16 Oct 16:13:15 167 - Element is displayed:: [[ChromeDriver: chrome on WINDOWS (f13e28965fa158f0e1d9d20536755dd3)] -> xpath: //span[@title='My Professional Development']]</small> </font> </div>
<div class="test-event"> <font color="maroon"> <small> &emsp; &emsp;--- 16 Oct 16:13:15 223 - Element is displayed:: [[ChromeDriver: chrome on WINDOWS (f13e28965fa158f0e1d9d20536755dd3)] -> xpath: //span[@title='My Professional Development']]</small> </font> </div>
<div class="test-message">&emsp;Successfully updated preference in 'My Training' Page&emsp;<a href=".\ScreenShot\ICar_B2B_TC021_62764720825300.png" target="_blank" >[ScreenShot]</a></div>
<div class="test-message">&emsp;7. click on My Knowledge skill link</div>
<div class="test-event"> <font color="maroon"> <small> &emsp; &emsp;--- 16 Oct 16:13:19 560 - Element is displayed:: [[ChromeDriver: chrome on WINDOWS (f13e28965fa158f0e1d9d20536755dd3)] -> xpath: //span[@title='My Knowledge and Skills Area']]</small> </font> </div>
<div class="test-message">&emsp;8. selecting the pending course Non-Structural Technician ProLevel 1,Select personal protection equipment</div>
<div class="test-event"> <font color="maroon"> <small> &emsp; &emsp;--- 16 Oct 16:13:20 648 - Catched spinner load exception due to Expected condition failed: waiting for ICar.support.WaitUtils$4@636673a3 (tried for 1 second(s) with 500 milliseconds interval)</small> </font> </div>
<div class="test-event"> <font color="maroon"> <small> &emsp; &emsp;--- 16 Oct 16:13:20 648 - <b>1</b> - Spinner Load Wait: (Sync) - ICar.support.WaitUtils.waitForSpinner(WaitUtils.java:225)</small> </font> </div>
<div class="test-event"> <font color="maroon"> <small> &emsp; &emsp;--- 16 Oct 16:13:39 248 - Element is displayed:: [[ChromeDriver: chrome on WINDOWS (f13e28965fa158f0e1d9d20536755dd3)] -> xpath: //div[@class='slds-accordion__content']//h2[@class='slds-accordion__summary-heading']/button]</small> </font> </div>
<div class="test-event"> <font color="maroon"> <small> &emsp; &emsp;--- 16 Oct 16:13:41 367 - Catched spinner load exception due to Expected condition failed: waiting for ICar.support.WaitUtils$4@636673a3 (tried for 2 second(s) with 500 milliseconds interval)</small> </font> </div>
<div class="test-event"> <font color="maroon"> <small> &emsp; &emsp;--- 16 Oct 16:13:41 367 - <b>2</b> - Spinner Load Wait: (Sync) - ICar.support.WaitUtils.waitForSpinner(WaitUtils.java:225)</small> </font> </div>
<div class="test-event"> <font color="maroon"> <small> &emsp; &emsp;--- 16 Oct 16:13:50 535 - Element is displayed:: [[ChromeDriver: chrome on WINDOWS (f13e28965fa158f0e1d9d20536755dd3)] -> xpath: //a[@class='padding-right']]</small> </font> </div>
<div class="test-message">&emsp;9. Select the check box in the training options pop up window and add to the cart :Working Safely Around Hazardous Materials</div>
<div class="test-event"> <font color="maroon"> <small> &emsp; &emsp;--- 16 Oct 16:13:56 919 - Page URL:: https://www.icarstage.com/my-training</small> </font> </div>
<div class="test-event"> <font color="maroon"> <small> &emsp; &emsp;--- 16 Oct 16:13:56 919 - <b>0</b> - Page Load Wait: (Sync) - ICar.support.Utils.waitForPageLoad(Utils.java:109)</small> </font> </div>
<div class="test-event"> <font color="maroon"> <small> &emsp; &emsp;--- 16 Oct 16:14:00 060 - Element is displayed:: [[ChromeDriver: chrome on WINDOWS (f13e28965fa158f0e1d9d20536755dd3)] -> xpath: //table/tbody//tr//td//div//span[@class='slds-checkbox']/input]</small> </font> </div>
<div class="test-event"> <font color="maroon"> <small> &emsp; &emsp;--- 16 Oct 16:14:05 184 - Element is displayed:: [[ChromeDriver: chrome on WINDOWS (f13e28965fa158f0e1d9d20536755dd3)] -> xpath: //button[contains(text(),'Add')]]</small> </font> </div>
<div class="test-event"> <font color="maroon"> <small> &emsp; &emsp;--- 16 Oct 16:14:07 731 - Element is displayed:: [[ChromeDriver: chrome on WINDOWS (f13e28965fa158f0e1d9d20536755dd3)] -> xpath: //slot[@name='message']]</small> </font> </div>
<div class="test-message">&emsp;Successfully added selected course to the cart : Working Safely Around Hazardous Materials&emsp;<a href=".\ScreenShot\ICar_B2B_TC021_62815161083400.png" target="_blank" >[ScreenShot]</a></div>
<div class="test-event"> <font color="maroon"> <small> &emsp; &emsp;--- 16 Oct 16:14:08 106 - Page URL:: https://www.icarstage.com/my-training</small> </font> </div>
<div class="test-event"> <font color="maroon"> <small> &emsp; &emsp;--- 16 Oct 16:14:08 106 - <b>0</b> - Page Load Wait: (Sync) - ICar.support.Utils.waitForPageLoad(Utils.java:109)</small> </font> </div>
<div class="test-event"> <font color="maroon"> <small> &emsp; &emsp;--- 16 Oct 16:14:08 159 - Element is displayed:: [[ChromeDriver: chrome on WINDOWS (f13e28965fa158f0e1d9d20536755dd3)] -> xpath: //p[text()='Launch My Learning']]</small> </font> </div>
<div class="test-event"> <font color="maroon"> <small> &emsp; &emsp;--- 16 Oct 16:14:28 330 - Catched spinner load exception due to Expected condition failed: waiting for ICar.support.WaitUtils$4@636673a3 (tried for 20 second(s) with 500 milliseconds interval)</small> </font> </div>
<div class="test-event"> <font color="maroon"> <small> &emsp; &emsp;--- 16 Oct 16:14:28 330 - <b>20</b> - Spinner Load Wait: (Sync) - ICar.support.WaitUtils.waitForSpinner(WaitUtils.java:225)</small> </font> </div>
<div class="test-event"> <font color="maroon"> <small> &emsp; &emsp;--- 16 Oct 16:14:28 385 - Element is displayed:: [[ChromeDriver: chrome on WINDOWS (f13e28965fa158f0e1d9d20536755dd3)] -> xpath: //div[@class='HeaderCart_Icon']/a]</small> </font> </div>
<div class="test-event"> <font color="maroon"> <small> &emsp; &emsp;--- 16 Oct 16:14:30 463 - Element is displayed:: [[ChromeDriver: chrome on WINDOWS (f13e28965fa158f0e1d9d20536755dd3)] -> xpath: //div[@class='HeaderCart_Icon']/a]</small> </font> </div>
<div class="test-event"> <font color="maroon"> <small> &emsp; &emsp;--- 16 Oct 16:14:50 465 - Catched spinner load exception due to Expected condition failed: waiting for ICar.support.WaitUtils$4@636673a3 (tried for 15 second(s) with 500 milliseconds interval)</small> </font> </div>
<div class="test-event"> <font color="maroon"> <small> &emsp; &emsp;--- 16 Oct 16:14:50 466 - <b>15</b> - Spinner Load Wait: (Sync) - ICar.support.WaitUtils.waitForSpinner(WaitUtils.java:225)</small> </font> </div>
<div class="test-event"> <font color="maroon"> <small> &emsp; &emsp;--- 16 Oct 16:14:50 563 - Page URL:: https://www.icarstage.com/cart</small> </font> </div>
<div class="test-event"> <font color="maroon"> <small> &emsp; &emsp;--- 16 Oct 16:14:50 563 - <b>0</b> - Page Load Wait: (Sync) - ICar.support.Utils.waitForPageLoad(Utils.java:109)</small> </font> </div>
<div class="test-event"> <font color="maroon"> <small> &emsp; &emsp;--- 16 Oct 16:14:50 618 - Element is displayed:: [[ChromeDriver: chrome on WINDOWS (f13e28965fa158f0e1d9d20536755dd3)] -> xpath: //button[text()='Continue to Checkout']]</small> </font> </div>
<div class="test-message">&emsp;8. click on My cart icon to navigate to My Cart Page</div>
<div class="test-message">&emsp;Successfully navigated to 'My Cart' Page&emsp;<a href=".\ScreenShot\ICar_B2B_TC021_62858030772300.png" target="_blank" >[ScreenShot]</a></div>
<div class="test-message">&emsp;9. Verify the added course gets displayed in the cart</div>
<div class="test-event"> <font color="maroon"> <small> &emsp; &emsp;--- 16 Oct 16:14:55 977 - Catched spinner load exception due to Expected condition failed: waiting for ICar.support.WaitUtils$4@636673a3 (tried for 5 second(s) with 500 milliseconds interval)</small> </font> </div>
<div class="test-event"> <font color="maroon"> <small> &emsp; &emsp;--- 16 Oct 16:14:55 977 - <b>5</b> - Spinner Load Wait: (Sync) - ICar.support.WaitUtils.waitForSpinner(WaitUtils.java:225)</small> </font> </div>
<div class="test-event"> <font color="maroon"> <small> &emsp; &emsp;--- 16 Oct 16:14:56 016 - Element is displayed:: [[ChromeDriver: chrome on WINDOWS (f13e28965fa158f0e1d9d20536755dd3)] -> xpath: //c-b2b_-cart-items[contains(@data-component-id,'b2b_CartItems-a')]//div[@class='left-width']//div[@data-label='LearningPlan']/div]</small> </font> </div>
<div class="test-message">&emsp;Successfully Verified the added course gets displayed in the cart&emsp;<a href=".\ScreenShot\ICar_B2B_TC021_62865487193700.png" target="_blank" >[ScreenShot]</a></div>
<div class="test-event"> <font color="maroon"> <small> &emsp; &emsp;--- 16 Oct 16:14:58 352 - Element is displayed:: [[ChromeDriver: chrome on WINDOWS (f13e28965fa158f0e1d9d20536755dd3)] -> xpath: //button[text()='Empty Cart']]</small> </font> </div>
<div class="test-event"> <font color="maroon"> <small> &emsp; &emsp;--- 16 Oct 16:15:00 452 - Element is displayed:: [[ChromeDriver: chrome on WINDOWS (f13e28965fa158f0e1d9d20536755dd3)] -> xpath: //button[text()='Empty Cart']]</small> </font> </div>
<div class="test-event"> <font color="maroon"> <small> &emsp; &emsp;--- 16 Oct 16:15:00 564 - Element is displayed:: [[ChromeDriver: chrome on WINDOWS (f13e28965fa158f0e1d9d20536755dd3)] -> xpath: //button[@title='Yes']]</small> </font> </div>
<div class="test-event"> <font color="maroon"> <small> &emsp; &emsp;--- 16 Oct 16:15:00 616 - Element is displayed:: [[ChromeDriver: chrome on WINDOWS (f13e28965fa158f0e1d9d20536755dd3)] -> xpath: //button[@title='Yes']]</small> </font> </div>
<div class="test-message">&emsp;successfully removed from cart</div>
<div class="test-result"><br><font color="green"><strong> Test Passed. </strong></font> </div>&emsp;
&emsp;<div class="test-title"> <strong><font size = "3" color = "#0000FF">---Test Execution Ends---</font> </strong> </div>&emsp;
<div class="test-event"> <font color="maroon"> <small> &emsp; &emsp;--- 16 Oct 16:15:01 246 - TestCaseID:: ICar_B2B_TC022</small> </font> </div>
<div class="test-event"> <font color="maroon"> <small> &emsp; &emsp;--- 16 Oct 16:15:02 347 - <b>1</b> - Driver::initialize::Get - ICar.support.WebDriverFactory.getDriver(WebDriverFactory.java:640)</small> </font> </div>
&emsp;<div class="test-title"> <strong><font size = "3" color = "#000080">Verify Ability to add courses from Knowledge and skills area to the cart</font> </strong> </div>&emsp;<div><strong>Steps:</strong></div><!-- Report -->&emsp;
<div class="test-event"> <font color="maroon"> <small> &emsp; &emsp;--- 16 Oct 16:15:08 324 - Element is displayed:: [[ChromeDriver: chrome on WINDOWS (9d7e2bad783aa7d92edb7ce7d677c82f)] -> xpath: //a/img[@alt='Login Image']|//button[@id='btn-login']]</small> </font> </div>
<div class="test-event"> <font color="maroon"> <small> &emsp; &emsp;--- 16 Oct 16:15:08 384 - Element is displayed:: [[ChromeDriver: chrome on WINDOWS (9d7e2bad783aa7d92edb7ce7d677c82f)] -> xpath: //a/img[@alt='Login Image']|//button[@id='btn-login']]</small> </font> </div>
<div class="test-message">&emsp;Successfully navigated to 'Home' Page&emsp;<a href=".\ScreenShot\ICar_B2B_TC022_62875796068100.png" target="_blank" >[ScreenShot]</a></div>
<div class="test-message">&emsp;1. Home page is launched.</div>
<div class="test-event"> <font color="maroon"> <small> &emsp; &emsp;--- 16 Oct 16:15:08 777 - Page URL:: https://www.icarstage.com/</small> </font> </div>
<div class="test-event"> <font color="maroon"> <small> &emsp; &emsp;--- 16 Oct 16:15:08 777 - <b>0</b> - Page Load Wait: (Sync) - ICar.support.Utils.waitForPageLoad(Utils.java:109)</small> </font> </div>
<div class="test-event"> <font color="maroon"> <small> &emsp; &emsp;--- 16 Oct 16:15:08 843 - Element is displayed:: [[ChromeDriver: chrome on WINDOWS (9d7e2bad783aa7d92edb7ce7d677c82f)] -> xpath: //a/img[@alt='Login Image']|//button[@id='btn-login']]</small> </font> </div>
<div class="test-event"> <font color="maroon"> <small> &emsp; &emsp;--- 16 Oct 16:15:08 896 - Element is displayed:: [[ChromeDriver: chrome on WINDOWS (9d7e2bad783aa7d92edb7ce7d677c82f)] -> xpath: //a/img[@alt='Login Image']|//button[@id='btn-login']]</small> </font> </div>
<div class="test-event"> <font color="maroon"> <small> &emsp; &emsp;--- 16 Oct 16:15:26 727 - Catched spinner load exception due to Expected condition failed: waiting for ICar.support.WaitUtils$4@636673a3 (tried for 15 second(s) with 500 milliseconds interval)</small> </font> </div>
<div class="test-event"> <font color="maroon"> <small> &emsp; &emsp;--- 16 Oct 16:15:26 727 - <b>15</b> - Spinner Load Wait: (Sync) - ICar.support.WaitUtils.waitForSpinner(WaitUtils.java:225)</small> </font> </div>
<div class="test-message">&emsp;2. Navigate to 'Login Page'</div>
<div class="test-message">&emsp;Successfully navigated to 'Login' Page&emsp;<a href=".\ScreenShot\ICar_B2B_TC022_62894143692200.png" target="_blank" >[ScreenShot]</a></div>
<div class="test-event"> <font color="maroon"> <small> &emsp; &emsp;--- 16 Oct 16:15:26 973 - Element is displayed:: [[ChromeDriver: chrome on WINDOWS (9d7e2bad783aa7d92edb7ce7d677c82f)] -> id: username]</small> </font> </div>
<div class="test-event"> <font color="maroon"> <small> &emsp; &emsp;--- 16 Oct 16:15:27 034 - Element is displayed:: [[ChromeDriver: chrome on WINDOWS (9d7e2bad783aa7d92edb7ce7d677c82f)] -> id: username]</small> </font> </div>
<div class="test-event"> <font color="maroon"> <small> &emsp; &emsp;--- 16 Oct 16:15:27 239 - Element is displayed:: [[ChromeDriver: chrome on WINDOWS (9d7e2bad783aa7d92edb7ce7d677c82f)] -> id: password]</small> </font> </div>
<div class="test-event"> <font color="maroon"> <small> &emsp; &emsp;--- 16 Oct 16:15:27 410 - Element is displayed:: [[ChromeDriver: chrome on WINDOWS (9d7e2bad783aa7d92edb7ce7d677c82f)] -> id: btn-login]</small> </font> </div>
<div class="test-event"> <font color="maroon"> <small> &emsp; &emsp;--- 16 Oct 16:15:32 885 - Catched spinner load exception due to Expected condition failed: waiting for ICar.support.WaitUtils$4@636673a3 (tried for 3 second(s) with 500 milliseconds interval)</small> </font> </div>
<div class="test-event"> <font color="maroon"> <small> &emsp; &emsp;--- 16 Oct 16:15:32 885 - <b>5</b> - Spinner Load Wait: (Sync) - ICar.support.WaitUtils.waitForSpinner(WaitUtils.java:225)</small> </font> </div>
<div class="test-event"> <font color="maroon"> <small> &emsp; &emsp;--- 16 Oct 16:15:56 021 - Catched spinner load exception due to Expected condition failed: waiting for ICar.support.WaitUtils$4@636673a3 (tried for 10 second(s) with 500 milliseconds interval)</small> </font> </div>
<div class="test-event"> <font color="maroon"> <small> &emsp; &emsp;--- 16 Oct 16:15:56 021 - <b>10</b> - Spinner Load Wait: (Sync) - ICar.support.WaitUtils.waitForSpinner(WaitUtils.java:225)</small> </font> </div>
<div class="test-event"> <font color="maroon"> <small> &emsp; &emsp;--- 16 Oct 16:15:56 095 - Element is displayed:: [[ChromeDriver: chrome on WINDOWS (9d7e2bad783aa7d92edb7ce7d677c82f)] -> xpath: //button[@value='Launch My Learning']]</small> </font> </div>
<div class="test-message">&emsp;3. Enter the user credentials as : Angielex</div>
<div class="test-message">&emsp;Successfully navigated to 'User Home' Page&emsp;<a href=".\ScreenShot\ICar_B2B_TC022_62923507357400.png" target="_blank" >[ScreenShot]</a></div>
<div class="test-event"> <font color="maroon"> <small> &emsp; &emsp;--- 16 Oct 16:15:56 485 - Page URL:: https://www.icarstage.com/</small> </font> </div>
<div class="test-event"> <font color="maroon"> <small> &emsp; &emsp;--- 16 Oct 16:15:56 485 - <b>0</b> - Page Load Wait: (Sync) - ICar.support.Utils.waitForPageLoad(Utils.java:109)</small> </font> </div>
<div class="test-event"> <font color="maroon"> <small> &emsp; &emsp;--- 16 Oct 16:15:56 543 - Element is displayed:: [[ChromeDriver: chrome on WINDOWS (9d7e2bad783aa7d92edb7ce7d677c82f)] -> xpath: //p[text()='Launch My Learning']]</small> </font> </div>
<div class="test-event"> <font color="maroon"> <small> &emsp; &emsp;--- 16 Oct 16:15:56 581 - Element is displayed:: [[ChromeDriver: chrome on WINDOWS (9d7e2bad783aa7d92edb7ce7d677c82f)] -> xpath: //a[text()='My Training']]</small> </font> </div>
<div class="test-event"> <font color="maroon"> <small> &emsp; &emsp;--- 16 Oct 16:15:56 752 - Page URL:: https://www.icarstage.com/</small> </font> </div>
<div class="test-event"> <font color="maroon"> <small> &emsp; &emsp;--- 16 Oct 16:15:56 752 - <b>0</b> - Page Load Wait: (Sync) - ICar.support.Utils.waitForPageLoad(Utils.java:109)</small> </font> </div>
<div class="test-event"> <font color="maroon"> <small> &emsp; &emsp;--- 16 Oct 16:15:58 828 - Element is displayed:: [[ChromeDriver: chrome on WINDOWS (9d7e2bad783aa7d92edb7ce7d677c82f)] -> xpath: //a[text()='My Training']]</small> </font> </div>
<div class="test-event"> <font color="maroon"> <small> &emsp; &emsp;--- 16 Oct 16:16:16 937 - Catched spinner load exception due to Expected condition failed: waiting for ICar.support.WaitUtils$4@636673a3 (tried for 15 second(s) with 500 milliseconds interval)</small> </font> </div>
<div class="test-event"> <font color="maroon"> <small> &emsp; &emsp;--- 16 Oct 16:16:16 937 - <b>15</b> - Spinner Load Wait: (Sync) - ICar.support.WaitUtils.waitForSpinner(WaitUtils.java:225)</small> </font> </div>
<div class="test-event"> <font color="maroon"> <small> &emsp; &emsp;--- 16 Oct 16:16:17 145 - Page URL:: https://www.icarstage.com/my-training</small> </font> </div>
<div class="test-event"> <font color="maroon"> <small> &emsp; &emsp;--- 16 Oct 16:16:17 145 - <b>0</b> - Page Load Wait: (Sync) - ICar.support.Utils.waitForPageLoad(Utils.java:109)</small> </font> </div>
<div class="test-event"> <font color="maroon"> <small> &emsp; &emsp;--- 16 Oct 16:16:17 200 - Element is displayed:: [[ChromeDriver: chrome on WINDOWS (9d7e2bad783aa7d92edb7ce7d677c82f)] -> xpath: //span[@title='My Professional Development']]</small> </font> </div>
<div class="test-message">&emsp;4. Navigating to My Training Page</div>
<div class="test-message">&emsp;Successfully navigated to 'My Training' Page&emsp;<a href=".\ScreenShot\ICar_B2B_TC022_62944613210800.png" target="_blank" >[ScreenShot]</a></div>
<div class="test-message">&emsp;5. click on My Knowledge skill link</div>
<div class="test-event"> <font color="maroon"> <small> &emsp; &emsp;--- 16 Oct 16:16:19 459 - Element is displayed:: [[ChromeDriver: chrome on WINDOWS (9d7e2bad783aa7d92edb7ce7d677c82f)] -> xpath: //span[@title='My Knowledge and Skills Area']]</small> </font> </div>
<div class="test-message">&emsp;6. selecting the pending course</div>
<div class="test-event"> <font color="maroon"> <small> &emsp; &emsp;--- 16 Oct 16:16:19 591 - Element is displayed:: [[ChromeDriver: chrome on WINDOWS (9d7e2bad783aa7d92edb7ce7d677c82f)] -> xpath: //div[@class='slds-accordion__content']//h2[@class='slds-accordion__summary-heading']/button]</small> </font> </div>
<div class="test-event"> <font color="maroon"> <small> &emsp; &emsp;--- 16 Oct 16:16:19 767 - Page URL:: https://www.icarstage.com/my-training</small> </font> </div>
<div class="test-event"> <font color="maroon"> <small> &emsp; &emsp;--- 16 Oct 16:16:19 767 - <b>0</b> - Page Load Wait: (Sync) - ICar.support.Utils.waitForPageLoad(Utils.java:109)</small> </font> </div>
<div class="test-event"> <font color="maroon"> <small> &emsp; &emsp;--- 16 Oct 16:16:20 809 - Catched spinner load exception due to Expected condition failed: waiting for ICar.support.WaitUtils$4@636673a3 (tried for 1 second(s) with 500 milliseconds interval)</small> </font> </div>
<div class="test-event"> <font color="maroon"> <small> &emsp; &emsp;--- 16 Oct 16:16:20 809 - <b>1</b> - Spinner Load Wait: (Sync) - ICar.support.WaitUtils.waitForSpinner(WaitUtils.java:225)</small> </font> </div>
<div class="test-event"> <font color="maroon"> <small> &emsp; &emsp;--- 16 Oct 16:16:24 922 - Element is displayed:: [[ChromeDriver: chrome on WINDOWS (9d7e2bad783aa7d92edb7ce7d677c82f)] -> xpath: //div[@class='product-block slds-m-right_large']//a[@class='padding-right']]</small> </font> </div>
<div class="test-message">&emsp;7. Select the check box in the training options pop up window and add to the cart</div>
<div class="test-event"> <font color="maroon"> <small> &emsp; &emsp;--- 16 Oct 16:16:25 128 - Page URL:: https://www.icarstage.com/my-training</small> </font> </div>
<div class="test-event"> <font color="maroon"> <small> &emsp; &emsp;--- 16 Oct 16:16:25 128 - <b>0</b> - Page Load Wait: (Sync) - ICar.support.Utils.waitForPageLoad(Utils.java:109)</small> </font> </div>
<div class="test-event"> <font color="maroon"> <small> &emsp; &emsp;--- 16 Oct 16:16:26 178 - Catched spinner load exception due to Expected condition failed: waiting for ICar.support.WaitUtils$4@636673a3 (tried for 1 second(s) with 500 milliseconds interval)</small> </font> </div>
<div class="test-event"> <font color="maroon"> <small> &emsp; &emsp;--- 16 Oct 16:16:26 178 - <b>1</b> - Spinner Load Wait: (Sync) - ICar.support.WaitUtils.waitForSpinner(WaitUtils.java:225)</small> </font> </div>
<div class="test-event"> <font color="maroon"> <small> &emsp; &emsp;--- 16 Oct 16:16:26 261 - Element is displayed:: [[ChromeDriver: chrome on WINDOWS (9d7e2bad783aa7d92edb7ce7d677c82f)] -> xpath: //table/tbody//tr//td//div//span[@class='slds-checkbox']/input]</small> </font> </div>
<div class="test-event"> <font color="maroon"> <small> &emsp; &emsp;--- 16 Oct 16:16:28 377 - Element is displayed:: [[ChromeDriver: chrome on WINDOWS (9d7e2bad783aa7d92edb7ce7d677c82f)] -> xpath: //button[contains(text(),'Add')]]</small> </font> </div>
<div class="test-event"> <font color="maroon"> <small> &emsp; &emsp;--- 16 Oct 16:16:31 425 - Element is displayed:: [[ChromeDriver: chrome on WINDOWS (9d7e2bad783aa7d92edb7ce7d677c82f)] -> xpath: //slot[@name='message']]</small> </font> </div>
<div class="test-message">&emsp;Successfully added selected course to the cart : Vehicle Construction Material Types&emsp;<a href=".\ScreenShot\ICar_B2B_TC022_62958881737500.png" target="_blank" >[ScreenShot]</a></div>
<div class="test-event"> <font color="maroon"> <small> &emsp; &emsp;--- 16 Oct 16:16:31 818 - Page URL:: https://www.icarstage.com/my-training</small> </font> </div>
<div class="test-event"> <font color="maroon"> <small> &emsp; &emsp;--- 16 Oct 16:16:31 818 - <b>0</b> - Page Load Wait: (Sync) - ICar.support.Utils.waitForPageLoad(Utils.java:109)</small> </font> </div>
<div class="test-event"> <font color="maroon"> <small> &emsp; &emsp;--- 16 Oct 16:16:31 876 - Element is displayed:: [[ChromeDriver: chrome on WINDOWS (9d7e2bad783aa7d92edb7ce7d677c82f)] -> xpath: //p[text()='Launch My Learning']]</small> </font> </div>
<div class="test-event"> <font color="maroon"> <small> &emsp; &emsp;--- 16 Oct 16:16:52 122 - Catched spinner load exception due to Expected condition failed: waiting for ICar.support.WaitUtils$4@636673a3 (tried for 20 second(s) with 500 milliseconds interval)</small> </font> </div>
<div class="test-event"> <font color="maroon"> <small> &emsp; &emsp;--- 16 Oct 16:16:52 122 - <b>20</b> - Spinner Load Wait: (Sync) - ICar.support.WaitUtils.waitForSpinner(WaitUtils.java:225)</small> </font> </div>
<div class="test-event"> <font color="maroon"> <small> &emsp; &emsp;--- 16 Oct 16:16:52 170 - Element is displayed:: [[ChromeDriver: chrome on WINDOWS (9d7e2bad783aa7d92edb7ce7d677c82f)] -> xpath: //div[@class='HeaderCart_Icon']/a]</small> </font> </div>
<div class="test-event"> <font color="maroon"> <small> &emsp; &emsp;--- 16 Oct 16:16:54 255 - Element is displayed:: [[ChromeDriver: chrome on WINDOWS (9d7e2bad783aa7d92edb7ce7d677c82f)] -> xpath: //div[@class='HeaderCart_Icon']/a]</small> </font> </div>
<div class="test-event"> <font color="maroon"> <small> &emsp; &emsp;--- 16 Oct 16:17:14 215 - Catched spinner load exception due to Expected condition failed: waiting for ICar.support.WaitUtils$4@636673a3 (tried for 15 second(s) with 500 milliseconds interval)</small> </font> </div>
<div class="test-event"> <font color="maroon"> <small> &emsp; &emsp;--- 16 Oct 16:17:14 215 - <b>15</b> - Spinner Load Wait: (Sync) - ICar.support.WaitUtils.waitForSpinner(WaitUtils.java:225)</small> </font> </div>
<div class="test-event"> <font color="maroon"> <small> &emsp; &emsp;--- 16 Oct 16:17:14 321 - Page URL:: https://www.icarstage.com/cart</small> </font> </div>
<div class="test-event"> <font color="maroon"> <small> &emsp; &emsp;--- 16 Oct 16:17:14 321 - <b>0</b> - Page Load Wait: (Sync) - ICar.support.Utils.waitForPageLoad(Utils.java:109)</small> </font> </div>
<div class="test-event"> <font color="maroon"> <small> &emsp; &emsp;--- 16 Oct 16:17:14 373 - Element is displayed:: [[ChromeDriver: chrome on WINDOWS (9d7e2bad783aa7d92edb7ce7d677c82f)] -> xpath: //button[text()='Continue to Checkout']]</small> </font> </div>
<div class="test-message">&emsp;8. click on My cart icon to navigate to My Cart Page</div>
<div class="test-message">&emsp;Successfully navigated to 'My Cart' Page&emsp;<a href=".\ScreenShot\ICar_B2B_TC022_63001785832700.png" target="_blank" >[ScreenShot]</a></div>
<div class="test-message">&emsp;9. Verify the added course gets displayed in the cart</div>
<div class="test-event"> <font color="maroon"> <small> &emsp; &emsp;--- 16 Oct 16:17:19 715 - Catched spinner load exception due to Expected condition failed: waiting for ICar.support.WaitUtils$4@636673a3 (tried for 5 second(s) with 500 milliseconds interval)</small> </font> </div>
<div class="test-event"> <font color="maroon"> <small> &emsp; &emsp;--- 16 Oct 16:17:19 715 - <b>5</b> - Spinner Load Wait: (Sync) - ICar.support.WaitUtils.waitForSpinner(WaitUtils.java:225)</small> </font> </div>
<div class="test-event"> <font color="maroon"> <small> &emsp; &emsp;--- 16 Oct 16:17:19 755 - Element is displayed:: [[ChromeDriver: chrome on WINDOWS (9d7e2bad783aa7d92edb7ce7d677c82f)] -> xpath: //c-b2b_-cart-items[contains(@data-component-id,'b2b_CartItems-a')]//div[@class='left-width']//div[@data-label='LearningPlan']/div]</small> </font> </div>
<div class="test-message">&emsp;Successfully Verified the added course gets displayed in the cart&emsp;<a href=".\ScreenShot\ICar_B2B_TC022_63009232875400.png" target="_blank" >[ScreenShot]</a></div>
<div class="test-event"> <font color="maroon"> <small> &emsp; &emsp;--- 16 Oct 16:17:22 066 - Element is displayed:: [[ChromeDriver: chrome on WINDOWS (9d7e2bad783aa7d92edb7ce7d677c82f)] -> xpath: //button[text()='Empty Cart']]</small> </font> </div>
<div class="test-event"> <font color="maroon"> <small> &emsp; &emsp;--- 16 Oct 16:17:24 160 - Element is displayed:: [[ChromeDriver: chrome on WINDOWS (9d7e2bad783aa7d92edb7ce7d677c82f)] -> xpath: //button[text()='Empty Cart']]</small> </font> </div>
<div class="test-event"> <font color="maroon"> <small> &emsp; &emsp;--- 16 Oct 16:17:24 292 - Element is displayed:: [[ChromeDriver: chrome on WINDOWS (9d7e2bad783aa7d92edb7ce7d677c82f)] -> xpath: //button[@title='Yes']]</small> </font> </div>
<div class="test-event"> <font color="maroon"> <small> &emsp; &emsp;--- 16 Oct 16:17:24 356 - Element is displayed:: [[ChromeDriver: chrome on WINDOWS (9d7e2bad783aa7d92edb7ce7d677c82f)] -> xpath: //button[@title='Yes']]</small> </font> </div>
<div class="test-message">&emsp;successfully removed from cart</div>
<div class="test-result"><br><font color="green"><strong> Test Passed. </strong></font> </div>&emsp;
&emsp;<div class="test-title"> <strong><font size = "3" color = "#0000FF">---Test Execution Ends---</font> </strong> </div>&emsp;
<div class="test-event"> <font color="maroon"> <small> &emsp; &emsp;--- 16 Oct 16:17:25 359 - TestCaseID:: ICar_B2B_TC023</small> </font> </div>
<div class="test-event"> <font color="maroon"> <small> &emsp; &emsp;--- 16 Oct 16:17:26 775 - <b>1</b> - Driver::initialize::Get - ICar.support.WebDriverFactory.getDriver(WebDriverFactory.java:640)</small> </font> </div>
&emsp;<div class="test-title"> <strong><font size = "3" color = "#000080">Verify Ability to add courses of  Annual training from Knowledge and skills area to the cart</font> </strong> </div>&emsp;<div><strong>Steps:</strong></div><!-- Report -->&emsp;
<div class="test-event"> <font color="maroon"> <small> &emsp; &emsp;--- 16 Oct 16:17:32 542 - Element is displayed:: [[ChromeDriver: chrome on WINDOWS (2369eb2fd86115cbdcc80d7bde5d9397)] -> xpath: //a/img[@alt='Login Image']|//button[@id='btn-login']]</small> </font> </div>
<div class="test-event"> <font color="maroon"> <small> &emsp; &emsp;--- 16 Oct 16:17:32 609 - Element is displayed:: [[ChromeDriver: chrome on WINDOWS (2369eb2fd86115cbdcc80d7bde5d9397)] -> xpath: //a/img[@alt='Login Image']|//button[@id='btn-login']]</small> </font> </div>
<div class="test-message">&emsp;Successfully navigated to 'Home' Page&emsp;<a href=".\ScreenShot\ICar_B2B_TC023_63020021100500.png" target="_blank" >[ScreenShot]</a></div>
<div class="test-message">&emsp;1. Home page is launched.</div>
<div class="test-event"> <font color="maroon"> <small> &emsp; &emsp;--- 16 Oct 16:17:33 217 - Page URL:: https://www.icarstage.com/</small> </font> </div>
<div class="test-event"> <font color="maroon"> <small> &emsp; &emsp;--- 16 Oct 16:17:33 217 - <b>0</b> - Page Load Wait: (Sync) - ICar.support.Utils.waitForPageLoad(Utils.java:109)</small> </font> </div>
<div class="test-event"> <font color="maroon"> <small> &emsp; &emsp;--- 16 Oct 16:17:33 253 - Element is displayed:: [[ChromeDriver: chrome on WINDOWS (2369eb2fd86115cbdcc80d7bde5d9397)] -> xpath: //a/img[@alt='Login Image']|//button[@id='btn-login']]</small> </font> </div>
<div class="test-event"> <font color="maroon"> <small> &emsp; &emsp;--- 16 Oct 16:17:33 302 - Element is displayed:: [[ChromeDriver: chrome on WINDOWS (2369eb2fd86115cbdcc80d7bde5d9397)] -> xpath: //a/img[@alt='Login Image']|//button[@id='btn-login']]</small> </font> </div>
<div class="test-event"> <font color="maroon"> <small> &emsp; &emsp;--- 16 Oct 16:17:51 191 - Catched spinner load exception due to Expected condition failed: waiting for ICar.support.WaitUtils$4@636673a3 (tried for 15 second(s) with 500 milliseconds interval)</small> </font> </div>
<div class="test-event"> <font color="maroon"> <small> &emsp; &emsp;--- 16 Oct 16:17:51 191 - <b>15</b> - Spinner Load Wait: (Sync) - ICar.support.WaitUtils.waitForSpinner(WaitUtils.java:225)</small> </font> </div>
<div class="test-message">&emsp;2. Navigate to 'Login Page'</div>
<div class="test-message">&emsp;Successfully navigated to 'Login' Page&emsp;<a href=".\ScreenShot\ICar_B2B_TC023_63038607112800.png" target="_blank" >[ScreenShot]</a></div>
<div class="test-event"> <font color="maroon"> <small> &emsp; &emsp;--- 16 Oct 16:17:51 397 - Element is displayed:: [[ChromeDriver: chrome on WINDOWS (2369eb2fd86115cbdcc80d7bde5d9397)] -> id: username]</small> </font> </div>
<div class="test-event"> <font color="maroon"> <small> &emsp; &emsp;--- 16 Oct 16:17:51 454 - Element is displayed:: [[ChromeDriver: chrome on WINDOWS (2369eb2fd86115cbdcc80d7bde5d9397)] -> id: username]</small> </font> </div>
<div class="test-event"> <font color="maroon"> <small> &emsp; &emsp;--- 16 Oct 16:17:51 653 - Element is displayed:: [[ChromeDriver: chrome on WINDOWS (2369eb2fd86115cbdcc80d7bde5d9397)] -> id: password]</small> </font> </div>
<div class="test-event"> <font color="maroon"> <small> &emsp; &emsp;--- 16 Oct 16:17:51 816 - Element is displayed:: [[ChromeDriver: chrome on WINDOWS (2369eb2fd86115cbdcc80d7bde5d9397)] -> id: btn-login]</small> </font> </div>
<div class="test-event"> <font color="maroon"> <small> &emsp; &emsp;--- 16 Oct 16:17:57 104 - Catched spinner load exception due to Expected condition failed: waiting for ICar.support.WaitUtils$4@636673a3 (tried for 3 second(s) with 500 milliseconds interval)</small> </font> </div>
<div class="test-event"> <font color="maroon"> <small> &emsp; &emsp;--- 16 Oct 16:17:57 104 - <b>5</b> - Spinner Load Wait: (Sync) - ICar.support.WaitUtils.waitForSpinner(WaitUtils.java:225)</small> </font> </div>
<div class="test-event"> <font color="maroon"> <small> &emsp; &emsp;--- 16 Oct 16:18:19 765 - Catched spinner load exception due to Expected condition failed: waiting for ICar.support.WaitUtils$4@636673a3 (tried for 10 second(s) with 500 milliseconds interval)</small> </font> </div>
<div class="test-event"> <font color="maroon"> <small> &emsp; &emsp;--- 16 Oct 16:18:19 765 - <b>10</b> - Spinner Load Wait: (Sync) - ICar.support.WaitUtils.waitForSpinner(WaitUtils.java:225)</small> </font> </div>
<div class="test-event"> <font color="maroon"> <small> &emsp; &emsp;--- 16 Oct 16:18:19 836 - Element is displayed:: [[ChromeDriver: chrome on WINDOWS (2369eb2fd86115cbdcc80d7bde5d9397)] -> xpath: //button[@value='Launch My Learning']]</small> </font> </div>
<div class="test-message">&emsp;3. Enter the user credentials as : Angielex</div>
<div class="test-message">&emsp;Successfully navigated to 'User Home' Page&emsp;<a href=".\ScreenShot\ICar_B2B_TC023_63067247812000.png" target="_blank" >[ScreenShot]</a></div>
<div class="test-event"> <font color="maroon"> <small> &emsp; &emsp;--- 16 Oct 16:18:20 210 - Page URL:: https://www.icarstage.com/</small> </font> </div>
<div class="test-event"> <font color="maroon"> <small> &emsp; &emsp;--- 16 Oct 16:18:20 210 - <b>0</b> - Page Load Wait: (Sync) - ICar.support.Utils.waitForPageLoad(Utils.java:109)</small> </font> </div>
<div class="test-event"> <font color="maroon"> <small> &emsp; &emsp;--- 16 Oct 16:18:20 262 - Element is displayed:: [[ChromeDriver: chrome on WINDOWS (2369eb2fd86115cbdcc80d7bde5d9397)] -> xpath: //p[text()='Launch My Learning']]</small> </font> </div>
<div class="test-event"> <font color="maroon"> <small> &emsp; &emsp;--- 16 Oct 16:18:20 298 - Element is displayed:: [[ChromeDriver: chrome on WINDOWS (2369eb2fd86115cbdcc80d7bde5d9397)] -> xpath: //a[text()='My Training']]</small> </font> </div>
<div class="test-event"> <font color="maroon"> <small> &emsp; &emsp;--- 16 Oct 16:18:20 478 - Page URL:: https://www.icarstage.com/</small> </font> </div>
<div class="test-event"> <font color="maroon"> <small> &emsp; &emsp;--- 16 Oct 16:18:20 478 - <b>0</b> - Page Load Wait: (Sync) - ICar.support.Utils.waitForPageLoad(Utils.java:109)</small> </font> </div>
<div class="test-event"> <font color="maroon"> <small> &emsp; &emsp;--- 16 Oct 16:18:22 595 - Element is displayed:: [[ChromeDriver: chrome on WINDOWS (2369eb2fd86115cbdcc80d7bde5d9397)] -> xpath: //a[text()='My Training']]</small> </font> </div>
<div class="test-event"> <font color="maroon"> <small> &emsp; &emsp;--- 16 Oct 16:18:41 008 - Catched spinner load exception due to Expected condition failed: waiting for ICar.support.WaitUtils$4@636673a3 (tried for 15 second(s) with 500 milliseconds interval)</small> </font> </div>
<div class="test-event"> <font color="maroon"> <small> &emsp; &emsp;--- 16 Oct 16:18:41 008 - <b>15</b> - Spinner Load Wait: (Sync) - ICar.support.WaitUtils.waitForSpinner(WaitUtils.java:225)</small> </font> </div>
<div class="test-event"> <font color="maroon"> <small> &emsp; &emsp;--- 16 Oct 16:18:41 198 - Page URL:: https://www.icarstage.com/my-training</small> </font> </div>
<div class="test-event"> <font color="maroon"> <small> &emsp; &emsp;--- 16 Oct 16:18:41 198 - <b>0</b> - Page Load Wait: (Sync) - ICar.support.Utils.waitForPageLoad(Utils.java:109)</small> </font> </div>
<div class="test-event"> <font color="maroon"> <small> &emsp; &emsp;--- 16 Oct 16:18:41 259 - Element is displayed:: [[ChromeDriver: chrome on WINDOWS (2369eb2fd86115cbdcc80d7bde5d9397)] -> xpath: //span[@title='My Professional Development']]</small> </font> </div>
<div class="test-message">&emsp;4. Navigating to My Training Page</div>
<div class="test-message">&emsp;Successfully navigated to 'My Training' Page&emsp;<a href=".\ScreenShot\ICar_B2B_TC023_63088670901000.png" target="_blank" >[ScreenShot]</a></div>
<div class="test-message">&emsp;5. click on My Knowledge skill link</div>
<div class="test-event"> <font color="maroon"> <small> &emsp; &emsp;--- 16 Oct 16:18:43 501 - Element is displayed:: [[ChromeDriver: chrome on WINDOWS (2369eb2fd86115cbdcc80d7bde5d9397)] -> xpath: //span[@title='My Knowledge and Skills Area']]</small> </font> </div>
<div class="test-message">&emsp;6. selecting the pending course Non-Structural Technician Annual Training,Annual Training</div>
<div class="test-event"> <font color="maroon"> <small> &emsp; &emsp;--- 16 Oct 16:18:44 607 - Catched spinner load exception due to Expected condition failed: waiting for ICar.support.WaitUtils$4@636673a3 (tried for 1 second(s) with 500 milliseconds interval)</small> </font> </div>
<div class="test-event"> <font color="maroon"> <small> &emsp; &emsp;--- 16 Oct 16:18:44 607 - <b>1</b> - Spinner Load Wait: (Sync) - ICar.support.WaitUtils.waitForSpinner(WaitUtils.java:225)</small> </font> </div>
<div class="test-event"> <font color="maroon"> <small> &emsp; &emsp;--- 16 Oct 16:19:09 380 - Element is displayed:: [[ChromeDriver: chrome on WINDOWS (2369eb2fd86115cbdcc80d7bde5d9397)] -> xpath: //div[@class='slds-accordion__content']//h2[@class='slds-accordion__summary-heading']/button]</small> </font> </div>
<div class="test-event"> <font color="maroon"> <small> &emsp; &emsp;--- 16 Oct 16:19:11 490 - Catched spinner load exception due to Expected condition failed: waiting for ICar.support.WaitUtils$4@636673a3 (tried for 2 second(s) with 500 milliseconds interval)</small> </font> </div>
<div class="test-event"> <font color="maroon"> <small> &emsp; &emsp;--- 16 Oct 16:19:11 490 - <b>2</b> - Spinner Load Wait: (Sync) - ICar.support.WaitUtils.waitForSpinner(WaitUtils.java:225)</small> </font> </div>
<div class="test-event"> <font color="maroon"> <small> &emsp; &emsp;--- 16 Oct 16:19:21 715 - Element is displayed:: [[ChromeDriver: chrome on WINDOWS (2369eb2fd86115cbdcc80d7bde5d9397)] -> xpath: //a[@class='padding-right']]</small> </font> </div>
<div class="test-message">&emsp;7. Select the check box in the training options pop up window and add to the cart :2018 Jeep Wrangler JL</div>
<div class="test-event"> <font color="maroon"> <small> &emsp; &emsp;--- 16 Oct 16:19:21 921 - Page URL:: https://www.icarstage.com/my-training</small> </font> </div>
<div class="test-event"> <font color="maroon"> <small> &emsp; &emsp;--- 16 Oct 16:19:21 921 - <b>0</b> - Page Load Wait: (Sync) - ICar.support.Utils.waitForPageLoad(Utils.java:109)</small> </font> </div>
<div class="test-event"> <font color="maroon"> <small> &emsp; &emsp;--- 16 Oct 16:19:30 100 - Element is displayed:: [[ChromeDriver: chrome on WINDOWS (2369eb2fd86115cbdcc80d7bde5d9397)] -> xpath: //button[contains(text(),'Add')]]</small> </font> </div>
<div class="test-event"> <font color="maroon"> <small> &emsp; &emsp;--- 16 Oct 16:19:30 230 - Element is displayed:: [[ChromeDriver: chrome on WINDOWS (2369eb2fd86115cbdcc80d7bde5d9397)] -> xpath: //slot[@name='message']]</small> </font> </div>
<!--FAIL-->
<div class="test-result"><br><font color="red"><strong> Failed to add selected course to the cart </strong></font> <a href=".\ScreenShot\ICar_B2B_TC023_63137655952000.png" target="_blank" >[ScreenShot]</a></div>&emsp;
&emsp;<div class="test-title"> <strong><font size = "3" color = "#0000FF">---Test Execution Ends---</font> </strong> </div>&emsp;
<div class="test-event"> <font color="maroon"> <small> &emsp; &emsp;--- 16 Oct 16:19:31 139 - TestCaseID:: ICar_B2B_TC025</small> </font> </div>
<div class="test-event"> <font color="maroon"> <small> &emsp; &emsp;--- 16 Oct 16:19:33 011 - <b>1</b> - Driver::initialize::Get - ICar.support.WebDriverFactory.getDriver(WebDriverFactory.java:640)</small> </font> </div>
&emsp;<div class="test-title"> <strong><font size = "3" color = "#000080">Verify the  My Knowledge and Skills Area after updating the preferred Learning Path</font> </strong> </div>&emsp;<div><strong>Steps:</strong></div><!-- Report -->&emsp;
<div class="test-event"> <font color="maroon"> <small> &emsp; &emsp;--- 16 Oct 16:19:38 725 - Element is displayed:: [[ChromeDriver: chrome on WINDOWS (9104cc4c98cffb53ea8bc881447748b4)] -> xpath: //a/img[@alt='Login Image']|//button[@id='btn-login']]</small> </font> </div>
<div class="test-event"> <font color="maroon"> <small> &emsp; &emsp;--- 16 Oct 16:19:38 781 - Element is displayed:: [[ChromeDriver: chrome on WINDOWS (9104cc4c98cffb53ea8bc881447748b4)] -> xpath: //a/img[@alt='Login Image']|//button[@id='btn-login']]</small> </font> </div>
<div class="test-message">&emsp;Successfully navigated to 'Home' Page&emsp;<a href=".\ScreenShot\ICar_B2B_TC025_63146193219700.png" target="_blank" >[ScreenShot]</a></div>
<div class="test-message">&emsp;1. Home page is launched.</div>
<div class="test-event"> <font color="maroon"> <small> &emsp; &emsp;--- 16 Oct 16:19:39 172 - Page URL:: https://www.icarstage.com/</small> </font> </div>
<div class="test-event"> <font color="maroon"> <small> &emsp; &emsp;--- 16 Oct 16:19:39 172 - <b>0</b> - Page Load Wait: (Sync) - ICar.support.Utils.waitForPageLoad(Utils.java:109)</small> </font> </div>
<div class="test-event"> <font color="maroon"> <small> &emsp; &emsp;--- 16 Oct 16:19:39 225 - Element is displayed:: [[ChromeDriver: chrome on WINDOWS (9104cc4c98cffb53ea8bc881447748b4)] -> xpath: //a/img[@alt='Login Image']|//button[@id='btn-login']]</small> </font> </div>
<div class="test-event"> <font color="maroon"> <small> &emsp; &emsp;--- 16 Oct 16:19:39 284 - Element is displayed:: [[ChromeDriver: chrome on WINDOWS (9104cc4c98cffb53ea8bc881447748b4)] -> xpath: //a/img[@alt='Login Image']|//button[@id='btn-login']]</small> </font> </div>
<div class="test-event"> <font color="maroon"> <small> &emsp; &emsp;--- 16 Oct 16:19:57 289 - Catched spinner load exception due to Expected condition failed: waiting for ICar.support.WaitUtils$4@636673a3 (tried for 15 second(s) with 500 milliseconds interval)</small> </font> </div>
<div class="test-event"> <font color="maroon"> <small> &emsp; &emsp;--- 16 Oct 16:19:57 289 - <b>15</b> - Spinner Load Wait: (Sync) - ICar.support.WaitUtils.waitForSpinner(WaitUtils.java:225)</small> </font> </div>
<div class="test-message">&emsp;2. Navigate to 'Login Page'</div>
<div class="test-message">&emsp;Successfully navigated to 'Login' Page&emsp;<a href=".\ScreenShot\ICar_B2B_TC025_63164705345200.png" target="_blank" >[ScreenShot]</a></div>
<div class="test-event"> <font color="maroon"> <small> &emsp; &emsp;--- 16 Oct 16:19:57 494 - Element is displayed:: [[ChromeDriver: chrome on WINDOWS (9104cc4c98cffb53ea8bc881447748b4)] -> id: username]</small> </font> </div>
<div class="test-event"> <font color="maroon"> <small> &emsp; &emsp;--- 16 Oct 16:19:57 556 - Element is displayed:: [[ChromeDriver: chrome on WINDOWS (9104cc4c98cffb53ea8bc881447748b4)] -> id: username]</small> </font> </div>
<div class="test-event"> <font color="maroon"> <small> &emsp; &emsp;--- 16 Oct 16:19:57 743 - Element is displayed:: [[ChromeDriver: chrome on WINDOWS (9104cc4c98cffb53ea8bc881447748b4)] -> id: password]</small> </font> </div>
<div class="test-event"> <font color="maroon"> <small> &emsp; &emsp;--- 16 Oct 16:19:57 912 - Element is displayed:: [[ChromeDriver: chrome on WINDOWS (9104cc4c98cffb53ea8bc881447748b4)] -> id: btn-login]</small> </font> </div>
<div class="test-event"> <font color="maroon"> <small> &emsp; &emsp;--- 16 Oct 16:20:04 930 - Catched spinner load exception due to Expected condition failed: waiting for ICar.support.WaitUtils$4@636673a3 (tried for 3 second(s) with 500 milliseconds interval)</small> </font> </div>
<div class="test-event"> <font color="maroon"> <small> &emsp; &emsp;--- 16 Oct 16:20:04 930 - <b>6</b> - Spinner Load Wait: (Sync) - ICar.support.WaitUtils.waitForSpinner(WaitUtils.java:225)</small> </font> </div>
<div class="test-event"> <font color="maroon"> <small> &emsp; &emsp;--- 16 Oct 16:20:27 491 - Catched spinner load exception due to Expected condition failed: waiting for ICar.support.WaitUtils$4@636673a3 (tried for 10 second(s) with 500 milliseconds interval)</small> </font> </div>
<div class="test-event"> <font color="maroon"> <small> &emsp; &emsp;--- 16 Oct 16:20:27 491 - <b>10</b> - Spinner Load Wait: (Sync) - ICar.support.WaitUtils.waitForSpinner(WaitUtils.java:225)</small> </font> </div>
<div class="test-event"> <font color="maroon"> <small> &emsp; &emsp;--- 16 Oct 16:20:27 559 - Element is displayed:: [[ChromeDriver: chrome on WINDOWS (9104cc4c98cffb53ea8bc881447748b4)] -> xpath: //button[@value='Launch My Learning']]</small> </font> </div>
<div class="test-message">&emsp;3. Enter the user credentials</div>
<div class="test-message">&emsp;Successfully navigated to 'User Home' Page&emsp;<a href=".\ScreenShot\ICar_B2B_TC025_63194971746100.png" target="_blank" >[ScreenShot]</a></div>
<div class="test-event"> <font color="maroon"> <small> &emsp; &emsp;--- 16 Oct 16:20:27 932 - Page URL:: https://www.icarstage.com/</small> </font> </div>
<div class="test-event"> <font color="maroon"> <small> &emsp; &emsp;--- 16 Oct 16:20:27 932 - <b>0</b> - Page Load Wait: (Sync) - ICar.support.Utils.waitForPageLoad(Utils.java:109)</small> </font> </div>
<div class="test-event"> <font color="maroon"> <small> &emsp; &emsp;--- 16 Oct 16:20:27 987 - Element is displayed:: [[ChromeDriver: chrome on WINDOWS (9104cc4c98cffb53ea8bc881447748b4)] -> xpath: //p[text()='Launch My Learning']]</small> </font> </div>
<div class="test-event"> <font color="maroon"> <small> &emsp; &emsp;--- 16 Oct 16:20:28 025 - Element is displayed:: [[ChromeDriver: chrome on WINDOWS (9104cc4c98cffb53ea8bc881447748b4)] -> xpath: //a[text()='My Training']]</small> </font> </div>
<div class="test-event"> <font color="maroon"> <small> &emsp; &emsp;--- 16 Oct 16:20:28 196 - Page URL:: https://www.icarstage.com/</small> </font> </div>
<div class="test-event"> <font color="maroon"> <small> &emsp; &emsp;--- 16 Oct 16:20:28 196 - <b>0</b> - Page Load Wait: (Sync) - ICar.support.Utils.waitForPageLoad(Utils.java:109)</small> </font> </div>
<div class="test-event"> <font color="maroon"> <small> &emsp; &emsp;--- 16 Oct 16:20:30 280 - Element is displayed:: [[ChromeDriver: chrome on WINDOWS (9104cc4c98cffb53ea8bc881447748b4)] -> xpath: //a[text()='My Training']]</small> </font> </div>
<div class="test-event"> <font color="maroon"> <small> &emsp; &emsp;--- 16 Oct 16:20:48 399 - Catched spinner load exception due to Expected condition failed: waiting for ICar.support.WaitUtils$4@636673a3 (tried for 15 second(s) with 500 milliseconds interval)</small> </font> </div>
<div class="test-event"> <font color="maroon"> <small> &emsp; &emsp;--- 16 Oct 16:20:48 399 - <b>15</b> - Spinner Load Wait: (Sync) - ICar.support.WaitUtils.waitForSpinner(WaitUtils.java:225)</small> </font> </div>
<div class="test-event"> <font color="maroon"> <small> &emsp; &emsp;--- 16 Oct 16:20:48 601 - Page URL:: https://www.icarstage.com/my-training</small> </font> </div>
<div class="test-event"> <font color="maroon"> <small> &emsp; &emsp;--- 16 Oct 16:20:48 601 - <b>0</b> - Page Load Wait: (Sync) - ICar.support.Utils.waitForPageLoad(Utils.java:109)</small> </font> </div>
<div class="test-event"> <font color="maroon"> <small> &emsp; &emsp;--- 16 Oct 16:20:48 653 - Element is displayed:: [[ChromeDriver: chrome on WINDOWS (9104cc4c98cffb53ea8bc881447748b4)] -> xpath: //span[@title='My Professional Development']]</small> </font> </div>
<div class="test-message">&emsp;4. Navigate to 'My Training' link</div>
<div class="test-event"> <font color="maroon"> <small> &emsp; &emsp;--- 16 Oct 16:20:49 770 - Element is displayed:: [[ChromeDriver: chrome on WINDOWS (9104cc4c98cffb53ea8bc881447748b4)] -> xpath: //span[@title='My Professional Development']]</small> </font> </div>
<div class="test-event"> <font color="maroon"> <small> &emsp; &emsp;--- 16 Oct 16:20:51 863 - Element is displayed:: [[ChromeDriver: chrome on WINDOWS (9104cc4c98cffb53ea8bc881447748b4)] -> xpath: //span[@title='My Professional Development']]</small> </font> </div>
<div class="test-message">&emsp;5. Click on the 'My Professional Development' link</div>
<div class="test-event"> <font color="maroon"> <small> &emsp; &emsp;--- 16 Oct 16:20:52 029 - Element is displayed:: [[ChromeDriver: chrome on WINDOWS (9104cc4c98cffb53ea8bc881447748b4)] -> xpath: //span[text()='Non-Structural Technician']/preceding-sibling::span]</small> </font> </div>
<div class="test-event"> <font color="maroon"> <small> &emsp; &emsp;--- 16 Oct 16:20:54 174 - Element is displayed:: [[ChromeDriver: chrome on WINDOWS (9104cc4c98cffb53ea8bc881447748b4)] -> xpath: //span[text()='Structural Technician']/preceding-sibling::span]</small> </font> </div>
<div class="test-event"> <font color="maroon"> <small> &emsp; &emsp;--- 16 Oct 16:20:56 279 - Element is displayed:: [[ChromeDriver: chrome on WINDOWS (9104cc4c98cffb53ea8bc881447748b4)] -> xpath: //span[text()='Refinish Technician']/preceding-sibling::span]</small> </font> </div>
<div class="test-event"> <font color="maroon"> <small> &emsp; &emsp;--- 16 Oct 16:20:58 440 - Element is displayed:: [[ChromeDriver: chrome on WINDOWS (9104cc4c98cffb53ea8bc881447748b4)] -> xpath: //span[text()='Estimator']/preceding-sibling::span]</small> </font> </div>
<div class="test-event"> <font color="maroon"> <small> &emsp; &emsp;--- 16 Oct 16:21:00 583 - Element is displayed:: [[ChromeDriver: chrome on WINDOWS (9104cc4c98cffb53ea8bc881447748b4)] -> xpath: //span[text()='Production Management']/preceding-sibling::span]</small> </font> </div>
<div class="test-event"> <font color="maroon"> <small> &emsp; &emsp;--- 16 Oct 16:21:02 691 - Element is displayed:: [[ChromeDriver: chrome on WINDOWS (9104cc4c98cffb53ea8bc881447748b4)] -> xpath: //span[text()='Electrical/Diagnostics Technician']/preceding-sibling::span]</small> </font> </div>
<div class="test-event"> <font color="maroon"> <small> &emsp; &emsp;--- 16 Oct 16:21:04 906 - Element is displayed:: [[ChromeDriver: chrome on WINDOWS (9104cc4c98cffb53ea8bc881447748b4)] -> xpath: //span[text()='Mechanical Technician']/preceding-sibling::span]</small> </font> </div>
<div class="test-event"> <font color="maroon"> <small> &emsp; &emsp;--- 16 Oct 16:21:07 013 - Element is displayed:: [[ChromeDriver: chrome on WINDOWS (9104cc4c98cffb53ea8bc881447748b4)] -> xpath: //span[text()='Auto Physical Damage Appraiser']/preceding-sibling::span]</small> </font> </div>
<div class="test-event"> <font color="maroon"> <small> &emsp; &emsp;--- 16 Oct 16:21:09 128 - Element is displayed:: [[ChromeDriver: chrome on WINDOWS (9104cc4c98cffb53ea8bc881447748b4)] -> xpath: //button[@title='Update Preference']]</small> </font> </div>
<div class="test-event"> <font color="maroon"> <small> &emsp; &emsp;--- 16 Oct 16:21:22 522 - Catched spinner load exception due to Expected condition failed: waiting for ICar.support.WaitUtils$4@636673a3 (tried for 13 second(s) with 500 milliseconds interval)</small> </font> </div>
<div class="test-event"> <font color="maroon"> <small> &emsp; &emsp;--- 16 Oct 16:21:22 522 - <b>13</b> - Spinner Load Wait: (Sync) - ICar.support.WaitUtils.waitForSpinner(WaitUtils.java:225)</small> </font> </div>
<div class="test-message">&emsp;6. Update the Learning Path with :Non-Structural Technician</div>
<div class="test-event"> <font color="maroon"> <small> &emsp; &emsp;--- 16 Oct 16:21:53 374 - Unable to find an element after 30 sec ==> [[ChromeDriver: chrome on WINDOWS (9104cc4c98cffb53ea8bc881447748b4)] -> xpath: //span[text()='Non-Structural Technician']/preceding-sibling::span]</small> </font> </div>
<div class="test-event"> <font color="maroon"> <small> &emsp; &emsp;--- 16 Oct 16:21:56 572 - Unable to find a element after 3 sec ==> [[ChromeDriver: chrome on WINDOWS (9104cc4c98cffb53ea8bc881447748b4)] -> xpath: //span[text()='Non-Structural Technician']/preceding-sibling::span]</small> </font> </div>
<!--FAIL-->
<div class="test-result"><br><font color="red"><strong> [[ChromeDriver: chrome on WINDOWS (9104cc4c98cffb53ea8bc881447748b4)] -> xpath: //span[text()='Non-Structural Technician']/preceding-sibling::span] field not found in page!! </strong></font> <a href=".\ScreenShot\ICar_B2B_TC025_63283992627400.png" target="_blank" >[ScreenShot]</a></div>&emsp;
&emsp;<div class="test-title"> <strong><font size = "3" color = "#0000FF">---Test Execution Ends---</font> </strong> </div>&emsp;
<div class="test-event"> <font color="maroon"> <small> &emsp; &emsp;--- 16 Oct 16:21:57 303 - TestCaseID:: ICar_B2B_TC026</small> </font> </div>
<div class="test-event"> <font color="maroon"> <small> &emsp; &emsp;--- 16 Oct 16:21:58 305 - <b>1</b> - Driver::initialize::Get - ICar.support.WebDriverFactory.getDriver(WebDriverFactory.java:640)</small> </font> </div>
&emsp;<div class="test-title"> <strong><font size = "3" color = "#000080">Ability to verify the added bank account to the student Profile</font> </strong> </div>&emsp;<div><strong>Steps:</strong></div><!-- Report -->&emsp;
<div class="test-event"> <font color="maroon"> <small> &emsp; &emsp;--- 16 Oct 16:22:04 044 - Element is displayed:: [[ChromeDriver: chrome on WINDOWS (d258f8ca3dc155bab01cfa666ae0bd89)] -> xpath: //a/img[@alt='Login Image']|//button[@id='btn-login']]</small> </font> </div>
<div class="test-event"> <font color="maroon"> <small> &emsp; &emsp;--- 16 Oct 16:22:04 103 - Element is displayed:: [[ChromeDriver: chrome on WINDOWS (d258f8ca3dc155bab01cfa666ae0bd89)] -> xpath: //a/img[@alt='Login Image']|//button[@id='btn-login']]</small> </font> </div>
<div class="test-message">&emsp;Successfully navigated to 'Home' Page&emsp;<a href=".\ScreenShot\ICar_B2B_TC026_63291515320000.png" target="_blank" >[ScreenShot]</a></div>
<div class="test-message">&emsp;1. Home page is launched.</div>
<div class="test-event"> <font color="maroon"> <small> &emsp; &emsp;--- 16 Oct 16:22:04 502 - Page URL:: https://www.icarstage.com/</small> </font> </div>
<div class="test-event"> <font color="maroon"> <small> &emsp; &emsp;--- 16 Oct 16:22:04 502 - <b>0</b> - Page Load Wait: (Sync) - ICar.support.Utils.waitForPageLoad(Utils.java:109)</small> </font> </div>
<div class="test-event"> <font color="maroon"> <small> &emsp; &emsp;--- 16 Oct 16:22:04 541 - Element is displayed:: [[ChromeDriver: chrome on WINDOWS (d258f8ca3dc155bab01cfa666ae0bd89)] -> xpath: //a/img[@alt='Login Image']|//button[@id='btn-login']]</small> </font> </div>
<div class="test-event"> <font color="maroon"> <small> &emsp; &emsp;--- 16 Oct 16:22:04 618 - Element is displayed:: [[ChromeDriver: chrome on WINDOWS (d258f8ca3dc155bab01cfa666ae0bd89)] -> xpath: //a/img[@alt='Login Image']|//button[@id='btn-login']]</small> </font> </div>
<div class="test-event"> <font color="maroon"> <small> &emsp; &emsp;--- 16 Oct 16:22:23 345 - Catched spinner load exception due to Expected condition failed: waiting for ICar.support.WaitUtils$4@636673a3 (tried for 15 second(s) with 500 milliseconds interval)</small> </font> </div>
<div class="test-event"> <font color="maroon"> <small> &emsp; &emsp;--- 16 Oct 16:22:23 345 - <b>15</b> - Spinner Load Wait: (Sync) - ICar.support.WaitUtils.waitForSpinner(WaitUtils.java:225)</small> </font> </div>
<div class="test-message">&emsp;2. Navigate to 'Login Page'</div>
<div class="test-message">&emsp;Successfully navigated to 'Login' Page&emsp;<a href=".\ScreenShot\ICar_B2B_TC026_63310762469800.png" target="_blank" >[ScreenShot]</a></div>
<div class="test-event"> <font color="maroon"> <small> &emsp; &emsp;--- 16 Oct 16:22:23 558 - Element is displayed:: [[ChromeDriver: chrome on WINDOWS (d258f8ca3dc155bab01cfa666ae0bd89)] -> id: username]</small> </font> </div>
<div class="test-event"> <font color="maroon"> <small> &emsp; &emsp;--- 16 Oct 16:22:23 613 - Element is displayed:: [[ChromeDriver: chrome on WINDOWS (d258f8ca3dc155bab01cfa666ae0bd89)] -> id: username]</small> </font> </div>
<div class="test-event"> <font color="maroon"> <small> &emsp; &emsp;--- 16 Oct 16:22:23 809 - Element is displayed:: [[ChromeDriver: chrome on WINDOWS (d258f8ca3dc155bab01cfa666ae0bd89)] -> id: password]</small> </font> </div>
<div class="test-event"> <font color="maroon"> <small> &emsp; &emsp;--- 16 Oct 16:22:23 975 - Element is displayed:: [[ChromeDriver: chrome on WINDOWS (d258f8ca3dc155bab01cfa666ae0bd89)] -> id: btn-login]</small> </font> </div>
<div class="test-event"> <font color="maroon"> <small> &emsp; &emsp;--- 16 Oct 16:22:28 746 - Catched spinner load exception due to Expected condition failed: waiting for ICar.support.WaitUtils$4@636673a3 (tried for 3 second(s) with 500 milliseconds interval)</small> </font> </div>
<div class="test-event"> <font color="maroon"> <small> &emsp; &emsp;--- 16 Oct 16:22:28 746 - <b>4</b> - Spinner Load Wait: (Sync) - ICar.support.WaitUtils.waitForSpinner(WaitUtils.java:225)</small> </font> </div>
<div class="test-event"> <font color="maroon"> <small> &emsp; &emsp;--- 16 Oct 16:22:51 693 - Catched spinner load exception due to Expected condition failed: waiting for ICar.support.WaitUtils$4@636673a3 (tried for 10 second(s) with 500 milliseconds interval)</small> </font> </div>
<div class="test-event"> <font color="maroon"> <small> &emsp; &emsp;--- 16 Oct 16:22:51 693 - <b>10</b> - Spinner Load Wait: (Sync) - ICar.support.WaitUtils.waitForSpinner(WaitUtils.java:225)</small> </font> </div>
<div class="test-event"> <font color="maroon"> <small> &emsp; &emsp;--- 16 Oct 16:22:51 766 - Element is displayed:: [[ChromeDriver: chrome on WINDOWS (d258f8ca3dc155bab01cfa666ae0bd89)] -> xpath: //button[@value='Launch My Learning']]</small> </font> </div>
<div class="test-message">&emsp;3. Enter the user credentials</div>
<div class="test-message">&emsp;Successfully navigated to 'User Home' Page&emsp;<a href=".\ScreenShot\ICar_B2B_TC026_63339178631700.png" target="_blank" >[ScreenShot]</a></div>
<div class="test-event"> <font color="maroon"> <small> &emsp; &emsp;--- 16 Oct 16:22:52 099 - Page URL:: https://www.icarstage.com/</small> </font> </div>
<div class="test-event"> <font color="maroon"> <small> &emsp; &emsp;--- 16 Oct 16:22:52 099 - <b>0</b> - Page Load Wait: (Sync) - ICar.support.Utils.waitForPageLoad(Utils.java:109)</small> </font> </div>
<div class="test-message">&emsp;4. Navigate to My Payment information page</div>
<div class="test-event"> <font color="maroon"> <small> &emsp; &emsp;--- 16 Oct 16:22:52 287 - Page URL:: https://www.icarstage.com/</small> </font> </div>
<div class="test-event"> <font color="maroon"> <small> &emsp; &emsp;--- 16 Oct 16:22:52 287 - <b>0</b> - Page Load Wait: (Sync) - ICar.support.Utils.waitForPageLoad(Utils.java:109)</small> </font> </div>
<div class="test-event"> <font color="maroon"> <small> &emsp; &emsp;--- 16 Oct 16:22:52 341 - Element is displayed:: [[ChromeDriver: chrome on WINDOWS (d258f8ca3dc155bab01cfa666ae0bd89)] -> xpath: //p[text()='Launch My Learning']]</small> </font> </div>
<div class="test-event"> <font color="maroon"> <small> &emsp; &emsp;--- 16 Oct 16:22:52 377 - Element is displayed:: [[ChromeDriver: chrome on WINDOWS (d258f8ca3dc155bab01cfa666ae0bd89)] -> xpath: //lightning-layout[@class='left-margin slds-align_absolute-center slds-grid slds-grid_align-spread slds-wrap']//lightning-layout-item[2]//a]</small> </font> </div>
<div class="test-event"> <font color="maroon"> <small> &emsp; &emsp;--- 16 Oct 16:22:54 466 - Element is displayed:: [[ChromeDriver: chrome on WINDOWS (d258f8ca3dc155bab01cfa666ae0bd89)] -> xpath: //lightning-layout[@class='left-margin slds-align_absolute-center slds-grid slds-grid_align-spread slds-wrap']//lightning-layout-item[2]//a]</small> </font> </div>
<div class="test-event"> <font color="maroon"> <small> &emsp; &emsp;--- 16 Oct 16:22:54 580 - Element is displayed:: [[ChromeDriver: chrome on WINDOWS (d258f8ca3dc155bab01cfa666ae0bd89)] -> xpath: //ul[@aria-label='Show More']//li[2]/a]</small> </font> </div>
<div class="test-event"> <font color="maroon"> <small> &emsp; &emsp;--- 16 Oct 16:22:54 640 - Element is displayed:: [[ChromeDriver: chrome on WINDOWS (d258f8ca3dc155bab01cfa666ae0bd89)] -> xpath: //ul[@aria-label='Show More']//li[2]/a]</small> </font> </div>
<div class="test-event"> <font color="maroon"> <small> &emsp; &emsp;--- 16 Oct 16:23:11 676 - Catched spinner load exception due to Expected condition failed: waiting for ICar.support.WaitUtils$4@636673a3 (tried for 15 second(s) with 500 milliseconds interval)</small> </font> </div>
<div class="test-event"> <font color="maroon"> <small> &emsp; &emsp;--- 16 Oct 16:23:11 676 - <b>15</b> - Spinner Load Wait: (Sync) - ICar.support.WaitUtils.waitForSpinner(WaitUtils.java:225)</small> </font> </div>
<div class="test-event"> <font color="maroon"> <small> &emsp; &emsp;--- 16 Oct 16:23:11 767 - Page URL:: https://www.icarstage.com/my-payment-information</small> </font> </div>
<div class="test-event"> <font color="maroon"> <small> &emsp; &emsp;--- 16 Oct 16:23:11 767 - <b>0</b> - Page Load Wait: (Sync) - ICar.support.Utils.waitForPageLoad(Utils.java:109)</small> </font> </div>
<div class="test-event"> <font color="maroon"> <small> &emsp; &emsp;--- 16 Oct 16:23:11 819 - Element is displayed:: [[ChromeDriver: chrome on WINDOWS (d258f8ca3dc155bab01cfa666ae0bd89)] -> xpath: //a[contains(text(),'Credit Card')]]</small> </font> </div>
<div class="test-event"> <font color="maroon"> <small> &emsp; &emsp;--- 16 Oct 16:23:11 884 - Page URL:: https://www.icarstage.com/my-payment-information</small> </font> </div>
<div class="test-event"> <font color="maroon"> <small> &emsp; &emsp;--- 16 Oct 16:23:11 884 - <b>0</b> - Page Load Wait: (Sync) - ICar.support.Utils.waitForPageLoad(Utils.java:109)</small> </font> </div>
<div class="test-message">&emsp;Successfully navigated to 'My Payment Information' Page&emsp;<a href=".\ScreenShot\ICar_B2B_TC026_63359296313100.png" target="_blank" >[ScreenShot]</a></div>
<div class="test-event"> <font color="maroon"> <small> &emsp; &emsp;--- 16 Oct 16:23:20 747 - Element Proxy element for: AjaxElementLocator 'By.xpath: //slot[@name='message']', is not displayed in page </small> </font> </div>
<div class="test-event"> <font color="maroon"> <small> &emsp; &emsp;--- 16 Oct 16:23:20 795 - Element is displayed:: [[ChromeDriver: chrome on WINDOWS (d258f8ca3dc155bab01cfa666ae0bd89)] -> xpath: //c-b2b_-my-payment-info[contains(@data-component-id,'MyPaymentInfo')]/div[1]/div[2]/div[2]/div[2]/div/div[4]/div/div[2]//a[1]]</small> </font> </div>
<div class="test-event"> <font color="maroon"> <small> &emsp; &emsp;--- 16 Oct 16:23:22 515 - Page URL:: https://www.icarstage.com/my-payment-information</small> </font> </div>
<div class="test-event"> <font color="maroon"> <small> &emsp; &emsp;--- 16 Oct 16:23:22 515 - <b>0</b> - Page Load Wait: (Sync) - ICar.support.Utils.waitForPageLoad(Utils.java:109)</small> </font> </div>
<div class="test-event"> <font color="maroon"> <small> &emsp; &emsp;--- 16 Oct 16:23:23 685 - Element is displayed:: [[ChromeDriver: chrome on WINDOWS (d258f8ca3dc155bab01cfa666ae0bd89)] -> xpath: //button[@title='Yes']]</small> </font> </div>
<div class="test-event"> <font color="maroon"> <small> &emsp; &emsp;--- 16 Oct 16:23:23 820 - Element is displayed:: [[ChromeDriver: chrome on WINDOWS (d258f8ca3dc155bab01cfa666ae0bd89)] -> xpath: //button[@title='Yes']]</small> </font> </div>
<div class="test-message">&emsp;5. Click on the add bank account button</div>
<div class="test-event"> <font color="maroon"> <small> &emsp; &emsp;--- 16 Oct 16:23:27 969 - Page URL:: https://www.icarstage.com/my-payment-information</small> </font> </div>
<div class="test-event"> <font color="maroon"> <small> &emsp; &emsp;--- 16 Oct 16:23:27 969 - <b>0</b> - Page Load Wait: (Sync) - ICar.support.Utils.waitForPageLoad(Utils.java:109)</small> </font> </div>
<div class="test-event"> <font color="maroon"> <small> &emsp; &emsp;--- 16 Oct 16:23:39 330 - Catched spinner load exception due to Expected condition failed: waiting for ICar.support.WaitUtils$4@636673a3 (tried for 7 second(s) with 500 milliseconds interval)</small> </font> </div>
<div class="test-event"> <font color="maroon"> <small> &emsp; &emsp;--- 16 Oct 16:23:39 330 - <b>7</b> - Spinner Load Wait: (Sync) - ICar.support.WaitUtils.waitForSpinner(WaitUtils.java:225)</small> </font> </div>
<div class="test-event"> <font color="maroon"> <small> &emsp; &emsp;--- 16 Oct 16:23:39 388 - Element is displayed:: [[ChromeDriver: chrome on WINDOWS (d258f8ca3dc155bab01cfa666ae0bd89)] -> xpath: //a[contains(text(),'Add Bank Account')]]</small> </font> </div>
<div class="test-event"> <font color="maroon"> <small> &emsp; &emsp;--- 16 Oct 16:23:39 518 - Page URL:: https://www.icarstage.com/my-payment-information</small> </font> </div>
<div class="test-event"> <font color="maroon"> <small> &emsp; &emsp;--- 16 Oct 16:23:39 518 - <b>0</b> - Page Load Wait: (Sync) - ICar.support.Utils.waitForPageLoad(Utils.java:109)</small> </font> </div>
<div class="test-event"> <font color="maroon"> <small> &emsp; &emsp;--- 16 Oct 16:23:39 582 - Page URL:: https://www.icarstage.com/my-payment-information</small> </font> </div>
<div class="test-event"> <font color="maroon"> <small> &emsp; &emsp;--- 16 Oct 16:23:39 582 - <b>0</b> - Page Load Wait: (Sync) - ICar.support.Utils.waitForPageLoad(Utils.java:109)</small> </font> </div>
<div class="test-event"> <font color="maroon"> <small> &emsp; &emsp;--- 16 Oct 16:23:47 038 - Catched spinner load exception due to Expected condition failed: waiting for ICar.support.WaitUtils$4@636673a3 (tried for 7 second(s) with 500 milliseconds interval)</small> </font> </div>
<div class="test-event"> <font color="maroon"> <small> &emsp; &emsp;--- 16 Oct 16:23:47 038 - <b>7</b> - Spinner Load Wait: (Sync) - ICar.support.WaitUtils.waitForSpinner(WaitUtils.java:225)</small> </font> </div>
<div class="test-event"> <font color="maroon"> <small> &emsp; &emsp;--- 16 Oct 16:23:47 118 - Element is displayed:: [[ChromeDriver: chrome on WINDOWS (d258f8ca3dc155bab01cfa666ae0bd89)] -> xpath: (//div[@class='slds-form-element__control slds-grow']/child::input)[1]]</small> </font> </div>
<div class="test-event"> <font color="maroon"> <small> &emsp; &emsp;--- 16 Oct 16:23:47 523 - Page URL:: https://www.icarstage.com/my-payment-information</small> </font> </div>
<div class="test-event"> <font color="maroon"> <small> &emsp; &emsp;--- 16 Oct 16:23:47 523 - <b>0</b> - Page Load Wait: (Sync) - ICar.support.Utils.waitForPageLoad(Utils.java:109)</small> </font> </div>
<div class="test-event"> <font color="maroon"> <small> &emsp; &emsp;--- 16 Oct 16:23:47 606 - Element is displayed:: [[ChromeDriver: chrome on WINDOWS (d258f8ca3dc155bab01cfa666ae0bd89)] -> xpath: (//div[@class='slds-form-element__control slds-grow']/child::input)[2]]</small> </font> </div>
<div class="test-event"> <font color="maroon"> <small> &emsp; &emsp;--- 16 Oct 16:23:47 838 - Element is displayed:: [[ChromeDriver: chrome on WINDOWS (d258f8ca3dc155bab01cfa666ae0bd89)] -> xpath: //button[@title='Add Account']]</small> </font> </div>
<div class="test-event"> <font color="maroon"> <small> &emsp; &emsp;--- 16 Oct 16:23:49 586 - Element is displayed:: [[ChromeDriver: chrome on WINDOWS (d258f8ca3dc155bab01cfa666ae0bd89)] -> xpath: //slot[@name='message']]</small> </font> </div>
<div class="test-message">&emsp;Successfully added bank account :000123456789 and verified added bank details in the table grid </div>
<div class="test-message">&emsp;6. Click verify option of Bank account</div>
<div class="test-event"> <font color="maroon"> <small> &emsp; &emsp;--- 16 Oct 16:23:50 655 - Catched spinner load exception due to Expected condition failed: waiting for ICar.support.WaitUtils$4@636673a3 (tried for 1 second(s) with 500 milliseconds interval)</small> </font> </div>
<div class="test-event"> <font color="maroon"> <small> &emsp; &emsp;--- 16 Oct 16:23:50 655 - <b>1</b> - Spinner Load Wait: (Sync) - ICar.support.WaitUtils.waitForSpinner(WaitUtils.java:225)</small> </font> </div>
<div class="test-event"> <font color="maroon"> <small> &emsp; &emsp;--- 16 Oct 16:24:00 987 - Catched spinner load exception due to Expected condition failed: waiting for ICar.support.WaitUtils$4@636673a3 (tried for 10 second(s) with 500 milliseconds interval)</small> </font> </div>
<div class="test-event"> <font color="maroon"> <small> &emsp; &emsp;--- 16 Oct 16:24:00 987 - <b>10</b> - Spinner Load Wait: (Sync) - ICar.support.WaitUtils.waitForSpinner(WaitUtils.java:225)</small> </font> </div>
<div class="test-event"> <font color="maroon"> <small> &emsp; &emsp;--- 16 Oct 16:24:11 306 - Catched spinner load exception due to Expected condition failed: waiting for ICar.support.WaitUtils$4@636673a3 (tried for 10 second(s) with 500 milliseconds interval)</small> </font> </div>
<div class="test-event"> <font color="maroon"> <small> &emsp; &emsp;--- 16 Oct 16:24:11 306 - <b>10</b> - Spinner Load Wait: (Sync) - ICar.support.WaitUtils.waitForSpinner(WaitUtils.java:225)</small> </font> </div>
<div class="test-event"> <font color="maroon"> <small> &emsp; &emsp;--- 16 Oct 16:24:11 347 - Element is displayed:: [[ChromeDriver: chrome on WINDOWS (d258f8ca3dc155bab01cfa666ae0bd89)] -> xpath: //a[contains(@name,'verify|ba_')]]</small> </font> </div>
<div class="test-event"> <font color="maroon"> <small> &emsp; &emsp;--- 16 Oct 16:24:12 478 - Element is displayed:: [[ChromeDriver: chrome on WINDOWS (d258f8ca3dc155bab01cfa666ae0bd89)] -> xpath: (//input[@placeholder='Amount in cents'])[1]]</small> </font> </div>
<div class="test-event"> <font color="maroon"> <small> &emsp; &emsp;--- 16 Oct 16:24:12 662 - Element is displayed:: [[ChromeDriver: chrome on WINDOWS (d258f8ca3dc155bab01cfa666ae0bd89)] -> xpath: (//input[@placeholder='Amount in cents'])[2]]</small> </font> </div>
<div class="test-event"> <font color="maroon"> <small> &emsp; &emsp;--- 16 Oct 16:24:13 874 - Element is displayed:: [[ChromeDriver: chrome on WINDOWS (d258f8ca3dc155bab01cfa666ae0bd89)] -> xpath: //button[@title='Verify Account']]</small> </font> </div>
<div class="test-event"> <font color="maroon"> <small> &emsp; &emsp;--- 16 Oct 16:24:15 990 - Catched spinner load exception due to Expected condition failed: waiting for ICar.support.WaitUtils$4@636673a3 (tried for 2 second(s) with 500 milliseconds interval)</small> </font> </div>
<div class="test-event"> <font color="maroon"> <small> &emsp; &emsp;--- 16 Oct 16:24:15 990 - <b>2</b> - Spinner Load Wait: (Sync) - ICar.support.WaitUtils.waitForSpinner(WaitUtils.java:225)</small> </font> </div>
<div class="test-event"> <font color="maroon"> <small> &emsp; &emsp;--- 16 Oct 16:24:16 049 - Element is displayed:: [[ChromeDriver: chrome on WINDOWS (d258f8ca3dc155bab01cfa666ae0bd89)] -> xpath: //button[@title='Verify Account']]</small> </font> </div>
<div class="test-event"> <font color="maroon"> <small> &emsp; &emsp;--- 16 Oct 16:24:17 715 - Element is displayed:: [[ChromeDriver: chrome on WINDOWS (d258f8ca3dc155bab01cfa666ae0bd89)] -> xpath: //slot[@name='message']]</small> </font> </div>
<div class="test-message">&emsp;Sucessfully verfied the bank account&emsp;<a href=".\ScreenShot\ICar_B2B_TC026_63425143358200.png" target="_blank" >[ScreenShot]</a></div>
<div class="test-event"> <font color="maroon"> <small> &emsp; &emsp;--- 16 Oct 16:24:19 916 - Element [[ChromeDriver: chrome on WINDOWS (d258f8ca3dc155bab01cfa666ae0bd89)] -> xpath: //slot[@name='message']], is still visible in page</small> </font> </div>
<div class="test-event"> <font color="maroon"> <small> &emsp; &emsp;--- 16 Oct 16:24:20 453 - Element [[ChromeDriver: chrome on WINDOWS (d258f8ca3dc155bab01cfa666ae0bd89)] -> xpath: //slot[@name='message']], is still visible in page</small> </font> </div>
<div class="test-event"> <font color="maroon"> <small> &emsp; &emsp;--- 16 Oct 16:24:20 982 - Element [[ChromeDriver: chrome on WINDOWS (d258f8ca3dc155bab01cfa666ae0bd89)] -> xpath: //slot[@name='message']], is still visible in page</small> </font> </div>
<div class="test-event"> <font color="maroon"> <small> &emsp; &emsp;--- 16 Oct 16:24:21 510 - Element [[ChromeDriver: chrome on WINDOWS (d258f8ca3dc155bab01cfa666ae0bd89)] -> xpath: //slot[@name='message']], is still visible in page</small> </font> </div>
<div class="test-event"> <font color="maroon"> <small> &emsp; &emsp;--- 16 Oct 16:24:28 456 - Element Proxy element for: AjaxElementLocator 'By.xpath: //slot[@name='message']', is not displayed in page </small> </font> </div>
<div class="test-event"> <font color="maroon"> <small> &emsp; &emsp;--- 16 Oct 16:24:28 492 - Element is displayed:: [[ChromeDriver: chrome on WINDOWS (d258f8ca3dc155bab01cfa666ae0bd89)] -> xpath: //c-b2b_-my-payment-info[contains(@data-component-id,'MyPaymentInfo')]/div[1]/div[2]/div[2]/div[2]/div/div[4]/div/div[2]//a[1]]</small> </font> </div>
<div class="test-event"> <font color="maroon"> <small> &emsp; &emsp;--- 16 Oct 16:24:29 612 - Page URL:: https://www.icarstage.com/my-payment-information</small> </font> </div>
<div class="test-event"> <font color="maroon"> <small> &emsp; &emsp;--- 16 Oct 16:24:29 612 - <b>0</b> - Page Load Wait: (Sync) - ICar.support.Utils.waitForPageLoad(Utils.java:109)</small> </font> </div>
<div class="test-event"> <font color="maroon"> <small> &emsp; &emsp;--- 16 Oct 16:24:30 657 - Element is displayed:: [[ChromeDriver: chrome on WINDOWS (d258f8ca3dc155bab01cfa666ae0bd89)] -> xpath: //button[@title='Yes']]</small> </font> </div>
<div class="test-event"> <font color="maroon"> <small> &emsp; &emsp;--- 16 Oct 16:24:30 717 - Element is displayed:: [[ChromeDriver: chrome on WINDOWS (d258f8ca3dc155bab01cfa666ae0bd89)] -> xpath: //button[@title='Yes']]</small> </font> </div>
<div class="test-result"><br><font color="green"><strong> Test Passed. </strong></font> </div>&emsp;
&emsp;<div class="test-title"> <strong><font size = "3" color = "#0000FF">---Test Execution Ends---</font> </strong> </div>&emsp;
<div class="test-event"> <font color="maroon"> <small> &emsp; &emsp;--- 16 Oct 16:24:35 160 - TestCaseID:: ICar_B2B_TC027</small> </font> </div>
<div class="test-event"> <font color="maroon"> <small> &emsp; &emsp;--- 16 Oct 16:24:36 635 - <b>1</b> - Driver::initialize::Get - ICar.support.WebDriverFactory.getDriver(WebDriverFactory.java:640)</small> </font> </div>
&emsp;<div class="test-title"> <strong><font size = "3" color = "#000080">Ability to delete the added bank account to the student Profile</font> </strong> </div>&emsp;<div><strong>Steps:</strong></div><!-- Report -->&emsp;
<div class="test-event"> <font color="maroon"> <small> &emsp; &emsp;--- 16 Oct 16:24:43 144 - Element is displayed:: [[ChromeDriver: chrome on WINDOWS (9e96331ee111c58b7c798b953c3ecf9c)] -> xpath: //a/img[@alt='Login Image']|//button[@id='btn-login']]</small> </font> </div>
<div class="test-event"> <font color="maroon"> <small> &emsp; &emsp;--- 16 Oct 16:24:43 194 - Element is displayed:: [[ChromeDriver: chrome on WINDOWS (9e96331ee111c58b7c798b953c3ecf9c)] -> xpath: //a/img[@alt='Login Image']|//button[@id='btn-login']]</small> </font> </div>
<div class="test-message">&emsp;Successfully navigated to 'Home' Page&emsp;<a href=".\ScreenShot\ICar_B2B_TC027_63450606210000.png" target="_blank" >[ScreenShot]</a></div>
<div class="test-message">&emsp;1. Home page is launched.</div>
<div class="test-event"> <font color="maroon"> <small> &emsp; &emsp;--- 16 Oct 16:24:43 525 - Page URL:: https://www.icarstage.com/</small> </font> </div>
<div class="test-event"> <font color="maroon"> <small> &emsp; &emsp;--- 16 Oct 16:24:43 525 - <b>0</b> - Page Load Wait: (Sync) - ICar.support.Utils.waitForPageLoad(Utils.java:109)</small> </font> </div>
<div class="test-event"> <font color="maroon"> <small> &emsp; &emsp;--- 16 Oct 16:24:43 562 - Element is displayed:: [[ChromeDriver: chrome on WINDOWS (9e96331ee111c58b7c798b953c3ecf9c)] -> xpath: //a/img[@alt='Login Image']|//button[@id='btn-login']]</small> </font> </div>
<div class="test-event"> <font color="maroon"> <small> &emsp; &emsp;--- 16 Oct 16:24:43 610 - Element is displayed:: [[ChromeDriver: chrome on WINDOWS (9e96331ee111c58b7c798b953c3ecf9c)] -> xpath: //a/img[@alt='Login Image']|//button[@id='btn-login']]</small> </font> </div>
<div class="test-event"> <font color="maroon"> <small> &emsp; &emsp;--- 16 Oct 16:25:01 525 - Catched spinner load exception due to Expected condition failed: waiting for ICar.support.WaitUtils$4@636673a3 (tried for 15 second(s) with 500 milliseconds interval)</small> </font> </div>
<div class="test-event"> <font color="maroon"> <small> &emsp; &emsp;--- 16 Oct 16:25:01 525 - <b>15</b> - Spinner Load Wait: (Sync) - ICar.support.WaitUtils.waitForSpinner(WaitUtils.java:225)</small> </font> </div>
<div class="test-message">&emsp;2. Navigate to 'Login Page'</div>
<div class="test-message">&emsp;Successfully navigated to 'Login' Page&emsp;<a href=".\ScreenShot\ICar_B2B_TC027_63468941283600.png" target="_blank" >[ScreenShot]</a></div>
<div class="test-event"> <font color="maroon"> <small> &emsp; &emsp;--- 16 Oct 16:25:01 737 - Element is displayed:: [[ChromeDriver: chrome on WINDOWS (9e96331ee111c58b7c798b953c3ecf9c)] -> id: username]</small> </font> </div>
<div class="test-event"> <font color="maroon"> <small> &emsp; &emsp;--- 16 Oct 16:25:01 798 - Element is displayed:: [[ChromeDriver: chrome on WINDOWS (9e96331ee111c58b7c798b953c3ecf9c)] -> id: username]</small> </font> </div>
<div class="test-event"> <font color="maroon"> <small> &emsp; &emsp;--- 16 Oct 16:25:02 002 - Element is displayed:: [[ChromeDriver: chrome on WINDOWS (9e96331ee111c58b7c798b953c3ecf9c)] -> id: password]</small> </font> </div>
<div class="test-event"> <font color="maroon"> <small> &emsp; &emsp;--- 16 Oct 16:25:02 175 - Element is displayed:: [[ChromeDriver: chrome on WINDOWS (9e96331ee111c58b7c798b953c3ecf9c)] -> id: btn-login]</small> </font> </div>
<div class="test-event"> <font color="maroon"> <small> &emsp; &emsp;--- 16 Oct 16:25:07 879 - Catched spinner load exception due to Expected condition failed: waiting for ICar.support.WaitUtils$4@636673a3 (tried for 3 second(s) with 500 milliseconds interval)</small> </font> </div>
<div class="test-event"> <font color="maroon"> <small> &emsp; &emsp;--- 16 Oct 16:25:07 879 - <b>5</b> - Spinner Load Wait: (Sync) - ICar.support.WaitUtils.waitForSpinner(WaitUtils.java:225)</small> </font> </div>
<div class="test-event"> <font color="maroon"> <small> &emsp; &emsp;--- 16 Oct 16:25:30 497 - Catched spinner load exception due to Expected condition failed: waiting for ICar.support.WaitUtils$4@636673a3 (tried for 10 second(s) with 500 milliseconds interval)</small> </font> </div>
<div class="test-event"> <font color="maroon"> <small> &emsp; &emsp;--- 16 Oct 16:25:30 497 - <b>10</b> - Spinner Load Wait: (Sync) - ICar.support.WaitUtils.waitForSpinner(WaitUtils.java:225)</small> </font> </div>
<div class="test-event"> <font color="maroon"> <small> &emsp; &emsp;--- 16 Oct 16:25:30 566 - Element is displayed:: [[ChromeDriver: chrome on WINDOWS (9e96331ee111c58b7c798b953c3ecf9c)] -> xpath: //button[@value='Launch My Learning']]</small> </font> </div>
<div class="test-message">&emsp;3. Enter the user credentials</div>
<div class="test-message">&emsp;Successfully navigated to 'User Home' Page&emsp;<a href=".\ScreenShot\ICar_B2B_TC027_63497979072300.png" target="_blank" >[ScreenShot]</a></div>
<div class="test-event"> <font color="maroon"> <small> &emsp; &emsp;--- 16 Oct 16:25:30 949 - Page URL:: https://www.icarstage.com/</small> </font> </div>
<div class="test-event"> <font color="maroon"> <small> &emsp; &emsp;--- 16 Oct 16:25:30 949 - <b>0</b> - Page Load Wait: (Sync) - ICar.support.Utils.waitForPageLoad(Utils.java:109)</small> </font> </div>
<div class="test-message">&emsp;4. Navigate to My Payment information page</div>
<div class="test-event"> <font color="maroon"> <small> &emsp; &emsp;--- 16 Oct 16:25:31 126 - Page URL:: https://www.icarstage.com/</small> </font> </div>
<div class="test-event"> <font color="maroon"> <small> &emsp; &emsp;--- 16 Oct 16:25:31 126 - <b>0</b> - Page Load Wait: (Sync) - ICar.support.Utils.waitForPageLoad(Utils.java:109)</small> </font> </div>
<div class="test-event"> <font color="maroon"> <small> &emsp; &emsp;--- 16 Oct 16:25:31 178 - Element is displayed:: [[ChromeDriver: chrome on WINDOWS (9e96331ee111c58b7c798b953c3ecf9c)] -> xpath: //p[text()='Launch My Learning']]</small> </font> </div>
<div class="test-event"> <font color="maroon"> <small> &emsp; &emsp;--- 16 Oct 16:25:31 215 - Element is displayed:: [[ChromeDriver: chrome on WINDOWS (9e96331ee111c58b7c798b953c3ecf9c)] -> xpath: //lightning-layout[@class='left-margin slds-align_absolute-center slds-grid slds-grid_align-spread slds-wrap']//lightning-layout-item[2]//a]</small> </font> </div>
<div class="test-event"> <font color="maroon"> <small> &emsp; &emsp;--- 16 Oct 16:25:33 310 - Element is displayed:: [[ChromeDriver: chrome on WINDOWS (9e96331ee111c58b7c798b953c3ecf9c)] -> xpath: //lightning-layout[@class='left-margin slds-align_absolute-center slds-grid slds-grid_align-spread slds-wrap']//lightning-layout-item[2]//a]</small> </font> </div>
<div class="test-event"> <font color="maroon"> <small> &emsp; &emsp;--- 16 Oct 16:25:33 414 - Element is displayed:: [[ChromeDriver: chrome on WINDOWS (9e96331ee111c58b7c798b953c3ecf9c)] -> xpath: //ul[@aria-label='Show More']//li[2]/a]</small> </font> </div>
<div class="test-event"> <font color="maroon"> <small> &emsp; &emsp;--- 16 Oct 16:25:33 460 - Element is displayed:: [[ChromeDriver: chrome on WINDOWS (9e96331ee111c58b7c798b953c3ecf9c)] -> xpath: //ul[@aria-label='Show More']//li[2]/a]</small> </font> </div>
<div class="test-event"> <font color="maroon"> <small> &emsp; &emsp;--- 16 Oct 16:25:50 263 - Catched spinner load exception due to Expected condition failed: waiting for ICar.support.WaitUtils$4@636673a3 (tried for 15 second(s) with 500 milliseconds interval)</small> </font> </div>
<div class="test-event"> <font color="maroon"> <small> &emsp; &emsp;--- 16 Oct 16:25:50 263 - <b>15</b> - Spinner Load Wait: (Sync) - ICar.support.WaitUtils.waitForSpinner(WaitUtils.java:225)</small> </font> </div>
<div class="test-event"> <font color="maroon"> <small> &emsp; &emsp;--- 16 Oct 16:25:50 352 - Page URL:: https://www.icarstage.com/my-payment-information</small> </font> </div>
<div class="test-event"> <font color="maroon"> <small> &emsp; &emsp;--- 16 Oct 16:25:50 352 - <b>0</b> - Page Load Wait: (Sync) - ICar.support.Utils.waitForPageLoad(Utils.java:109)</small> </font> </div>
<div class="test-event"> <font color="maroon"> <small> &emsp; &emsp;--- 16 Oct 16:25:50 408 - Element is displayed:: [[ChromeDriver: chrome on WINDOWS (9e96331ee111c58b7c798b953c3ecf9c)] -> xpath: //a[contains(text(),'Credit Card')]]</small> </font> </div>
<div class="test-message">&emsp;Successfully navigated to 'My Payment Information' Page&emsp;<a href=".\ScreenShot\ICar_B2B_TC027_63517820693300.png" target="_blank" >[ScreenShot]</a></div>
<div class="test-event"> <font color="maroon"> <small> &emsp; &emsp;--- 16 Oct 16:25:50 629 - Page URL:: https://www.icarstage.com/my-payment-information</small> </font> </div>
<div class="test-event"> <font color="maroon"> <small> &emsp; &emsp;--- 16 Oct 16:25:50 629 - <b>0</b> - Page Load Wait: (Sync) - ICar.support.Utils.waitForPageLoad(Utils.java:109)</small> </font> </div>
<div class="test-message">&emsp;5. Click on the add bank account button</div>
<div class="test-event"> <font color="maroon"> <small> &emsp; &emsp;--- 16 Oct 16:25:59 097 - Element Proxy element for: AjaxElementLocator 'By.xpath: //slot[@name='message']', is not displayed in page </small> </font> </div>
<div class="test-event"> <font color="maroon"> <small> &emsp; &emsp;--- 16 Oct 16:26:06 223 - Page URL:: https://www.icarstage.com/my-payment-information</small> </font> </div>
<div class="test-event"> <font color="maroon"> <small> &emsp; &emsp;--- 16 Oct 16:26:06 223 - <b>0</b> - Page Load Wait: (Sync) - ICar.support.Utils.waitForPageLoad(Utils.java:109)</small> </font> </div>
<div class="test-event"> <font color="maroon"> <small> &emsp; &emsp;--- 16 Oct 16:26:17 485 - Catched spinner load exception due to Expected condition failed: waiting for ICar.support.WaitUtils$4@636673a3 (tried for 7 second(s) with 500 milliseconds interval)</small> </font> </div>
<div class="test-event"> <font color="maroon"> <small> &emsp; &emsp;--- 16 Oct 16:26:17 485 - <b>7</b> - Spinner Load Wait: (Sync) - ICar.support.WaitUtils.waitForSpinner(WaitUtils.java:225)</small> </font> </div>
<div class="test-event"> <font color="maroon"> <small> &emsp; &emsp;--- 16 Oct 16:26:17 559 - Element is displayed:: [[ChromeDriver: chrome on WINDOWS (9e96331ee111c58b7c798b953c3ecf9c)] -> xpath: //a[contains(text(),'Add Bank Account')]]</small> </font> </div>
<div class="test-event"> <font color="maroon"> <small> &emsp; &emsp;--- 16 Oct 16:26:17 697 - Page URL:: https://www.icarstage.com/my-payment-information</small> </font> </div>
<div class="test-event"> <font color="maroon"> <small> &emsp; &emsp;--- 16 Oct 16:26:17 697 - <b>0</b> - Page Load Wait: (Sync) - ICar.support.Utils.waitForPageLoad(Utils.java:109)</small> </font> </div>
<div class="test-event"> <font color="maroon"> <small> &emsp; &emsp;--- 16 Oct 16:26:17 802 - Page URL:: https://www.icarstage.com/my-payment-information</small> </font> </div>
<div class="test-event"> <font color="maroon"> <small> &emsp; &emsp;--- 16 Oct 16:26:17 802 - <b>0</b> - Page Load Wait: (Sync) - ICar.support.Utils.waitForPageLoad(Utils.java:109)</small> </font> </div>
<div class="test-event"> <font color="maroon"> <small> &emsp; &emsp;--- 16 Oct 16:26:25 074 - Catched spinner load exception due to Expected condition failed: waiting for ICar.support.WaitUtils$4@636673a3 (tried for 7 second(s) with 500 milliseconds interval)</small> </font> </div>
<div class="test-event"> <font color="maroon"> <small> &emsp; &emsp;--- 16 Oct 16:26:25 074 - <b>7</b> - Spinner Load Wait: (Sync) - ICar.support.WaitUtils.waitForSpinner(WaitUtils.java:225)</small> </font> </div>
<div class="test-event"> <font color="maroon"> <small> &emsp; &emsp;--- 16 Oct 16:26:25 178 - Element is displayed:: [[ChromeDriver: chrome on WINDOWS (9e96331ee111c58b7c798b953c3ecf9c)] -> xpath: (//div[@class='slds-form-element__control slds-grow']/child::input)[1]]</small> </font> </div>
<div class="test-event"> <font color="maroon"> <small> &emsp; &emsp;--- 16 Oct 16:26:25 480 - Page URL:: https://www.icarstage.com/my-payment-information</small> </font> </div>
<div class="test-event"> <font color="maroon"> <small> &emsp; &emsp;--- 16 Oct 16:26:25 481 - <b>0</b> - Page Load Wait: (Sync) - ICar.support.Utils.waitForPageLoad(Utils.java:109)</small> </font> </div>
<div class="test-event"> <font color="maroon"> <small> &emsp; &emsp;--- 16 Oct 16:26:25 532 - Element is displayed:: [[ChromeDriver: chrome on WINDOWS (9e96331ee111c58b7c798b953c3ecf9c)] -> xpath: (//div[@class='slds-form-element__control slds-grow']/child::input)[2]]</small> </font> </div>
<div class="test-event"> <font color="maroon"> <small> &emsp; &emsp;--- 16 Oct 16:26:25 712 - Element is displayed:: [[ChromeDriver: chrome on WINDOWS (9e96331ee111c58b7c798b953c3ecf9c)] -> xpath: //button[@title='Add Account']]</small> </font> </div>
<div class="test-event"> <font color="maroon"> <small> &emsp; &emsp;--- 16 Oct 16:26:27 713 - Element is displayed:: [[ChromeDriver: chrome on WINDOWS (9e96331ee111c58b7c798b953c3ecf9c)] -> xpath: //slot[@name='message']]</small> </font> </div>
<div class="test-message">&emsp;Successfully added bank account :000123456789 and verified added bank details in the table grid </div>
<div class="test-event"> <font color="maroon"> <small> &emsp; &emsp;--- 16 Oct 16:26:27 805 - Page URL:: https://www.icarstage.com/my-payment-information</small> </font> </div>
<div class="test-event"> <font color="maroon"> <small> &emsp; &emsp;--- 16 Oct 16:26:27 806 - <b>0</b> - Page Load Wait: (Sync) - ICar.support.Utils.waitForPageLoad(Utils.java:109)</small> </font> </div>
<div class="test-event"> <font color="maroon"> <small> &emsp; &emsp;--- 16 Oct 16:26:27 902 - Page URL:: https://www.icarstage.com/my-payment-information</small> </font> </div>
<div class="test-event"> <font color="maroon"> <small> &emsp; &emsp;--- 16 Oct 16:26:27 902 - <b>0</b> - Page Load Wait: (Sync) - ICar.support.Utils.waitForPageLoad(Utils.java:109)</small> </font> </div>
<div class="test-message">&emsp;6. Click on delete button to delete the added Bank account</div>
<div class="test-event"> <font color="maroon"> <small> &emsp; &emsp;--- 16 Oct 16:26:29 005 - Catched spinner load exception due to Expected condition failed: waiting for ICar.support.WaitUtils$4@636673a3 (tried for 1 second(s) with 500 milliseconds interval)</small> </font> </div>
<div class="test-event"> <font color="maroon"> <small> &emsp; &emsp;--- 16 Oct 16:26:29 005 - <b>1</b> - Spinner Load Wait: (Sync) - ICar.support.WaitUtils.waitForSpinner(WaitUtils.java:225)</small> </font> </div>
<div class="test-event"> <font color="maroon"> <small> &emsp; &emsp;--- 16 Oct 16:26:39 298 - Catched spinner load exception due to Expected condition failed: waiting for ICar.support.WaitUtils$4@636673a3 (tried for 10 second(s) with 500 milliseconds interval)</small> </font> </div>
<div class="test-event"> <font color="maroon"> <small> &emsp; &emsp;--- 16 Oct 16:26:39 298 - <b>10</b> - Spinner Load Wait: (Sync) - ICar.support.WaitUtils.waitForSpinner(WaitUtils.java:225)</small> </font> </div>
<div class="test-event"> <font color="maroon"> <small> &emsp; &emsp;--- 16 Oct 16:26:49 640 - Catched spinner load exception due to Expected condition failed: waiting for ICar.support.WaitUtils$4@636673a3 (tried for 10 second(s) with 500 milliseconds interval)</small> </font> </div>
<div class="test-event"> <font color="maroon"> <small> &emsp; &emsp;--- 16 Oct 16:26:49 640 - <b>10</b> - Spinner Load Wait: (Sync) - ICar.support.WaitUtils.waitForSpinner(WaitUtils.java:225)</small> </font> </div>
<div class="test-event"> <font color="maroon"> <small> &emsp; &emsp;--- 16 Oct 16:26:49 679 - Element is displayed:: [[ChromeDriver: chrome on WINDOWS (9e96331ee111c58b7c798b953c3ecf9c)] -> xpath: (//a[contains(@name,'delete|ba_')])[1]]</small> </font> </div>
<div class="test-event"> <font color="maroon"> <small> &emsp; &emsp;--- 16 Oct 16:26:49 784 - Element is displayed:: [[ChromeDriver: chrome on WINDOWS (9e96331ee111c58b7c798b953c3ecf9c)] -> xpath: //button[@title='Yes']]</small> </font> </div>
<div class="test-event"> <font color="maroon"> <small> &emsp; &emsp;--- 16 Oct 16:26:49 830 - Element is displayed:: [[ChromeDriver: chrome on WINDOWS (9e96331ee111c58b7c798b953c3ecf9c)] -> xpath: //button[@title='Yes']]</small> </font> </div>
<div class="test-event"> <font color="maroon"> <small> &emsp; &emsp;--- 16 Oct 16:26:50 727 - Element is displayed:: [[ChromeDriver: chrome on WINDOWS (9e96331ee111c58b7c798b953c3ecf9c)] -> xpath: //slot[@name='message']]</small> </font> </div>
<div class="test-message">&emsp;Successfully deleted the Bank account and verified the success message upon deletion&emsp;<a href=".\ScreenShot\ICar_B2B_TC027_63578155091900.png" target="_blank" >[ScreenShot]</a></div>
<div class="test-event"> <font color="maroon"> <small> &emsp; &emsp;--- 16 Oct 16:27:01 282 - Catched spinner load exception due to Expected condition failed: waiting for ICar.support.WaitUtils$4@636673a3 (tried for 10 second(s) with 500 milliseconds interval)</small> </font> </div>
<div class="test-event"> <font color="maroon"> <small> &emsp; &emsp;--- 16 Oct 16:27:01 283 - <b>10</b> - Spinner Load Wait: (Sync) - ICar.support.WaitUtils.waitForSpinner(WaitUtils.java:225)</small> </font> </div>
<div class="test-message">&emsp;Successfully verified the deleted bank details are not displayed in the table grid</div>
<div class="test-result"><br><font color="green"><strong> Test Passed. </strong></font> </div>&emsp;
&emsp;<div class="test-title"> <strong><font size = "3" color = "#0000FF">---Test Execution Ends---</font> </strong> </div>&emsp;
<div class="test-event"> <font color="maroon"> <small> &emsp; &emsp;--- 16 Oct 16:27:01 750 - TestCaseID:: ICar_B2B_TC028</small> </font> </div>
<div class="test-event"> <font color="maroon"> <small> &emsp; &emsp;--- 16 Oct 16:27:03 310 - <b>1</b> - Driver::initialize::Get - ICar.support.WebDriverFactory.getDriver(WebDriverFactory.java:640)</small> </font> </div>
&emsp;<div class="test-title"> <strong><font size = "3" color = "#000080">Ability to remove a default credit card to the student payment information</font> </strong> </div>&emsp;<div><strong>Steps:</strong></div><!-- Report -->&emsp;
<div class="test-event"> <font color="maroon"> <small> &emsp; &emsp;--- 16 Oct 16:27:08 100 - Element is displayed:: [[ChromeDriver: chrome on WINDOWS (8698502799e7528757bec5e8b116cc28)] -> xpath: //a/img[@alt='Login Image']|//button[@id='btn-login']]</small> </font> </div>
<div class="test-event"> <font color="maroon"> <small> &emsp; &emsp;--- 16 Oct 16:27:08 270 - Element is displayed:: [[ChromeDriver: chrome on WINDOWS (8698502799e7528757bec5e8b116cc28)] -> xpath: //a/img[@alt='Login Image']|//button[@id='btn-login']]</small> </font> </div>
<div class="test-message">&emsp;Successfully navigated to 'Home' Page&emsp;<a href=".\ScreenShot\ICar_B2B_TC028_63595682029500.png" target="_blank" >[ScreenShot]</a></div>
<div class="test-message">&emsp;1. Home page is launched.</div>
<div class="test-event"> <font color="maroon"> <small> &emsp; &emsp;--- 16 Oct 16:27:08 626 - Page URL:: https://www.icarstage.com/</small> </font> </div>
<div class="test-event"> <font color="maroon"> <small> &emsp; &emsp;--- 16 Oct 16:27:08 626 - <b>0</b> - Page Load Wait: (Sync) - ICar.support.Utils.waitForPageLoad(Utils.java:109)</small> </font> </div>
<div class="test-event"> <font color="maroon"> <small> &emsp; &emsp;--- 16 Oct 16:27:08 666 - Element is displayed:: [[ChromeDriver: chrome on WINDOWS (8698502799e7528757bec5e8b116cc28)] -> xpath: //a/img[@alt='Login Image']|//button[@id='btn-login']]</small> </font> </div>
<div class="test-event"> <font color="maroon"> <small> &emsp; &emsp;--- 16 Oct 16:27:08 714 - Element is displayed:: [[ChromeDriver: chrome on WINDOWS (8698502799e7528757bec5e8b116cc28)] -> xpath: //a/img[@alt='Login Image']|//button[@id='btn-login']]</small> </font> </div>
<div class="test-event"> <font color="maroon"> <small> &emsp; &emsp;--- 16 Oct 16:27:27 467 - Catched spinner load exception due to Expected condition failed: waiting for ICar.support.WaitUtils$4@636673a3 (tried for 15 second(s) with 500 milliseconds interval)</small> </font> </div>
<div class="test-event"> <font color="maroon"> <small> &emsp; &emsp;--- 16 Oct 16:27:27 467 - <b>15</b> - Spinner Load Wait: (Sync) - ICar.support.WaitUtils.waitForSpinner(WaitUtils.java:225)</small> </font> </div>
<div class="test-message">&emsp;2. Login page  should be successfully display</div>
<div class="test-message">&emsp;Successfully navigated to 'Login' Page&emsp;<a href=".\ScreenShot\ICar_B2B_TC028_63614883076900.png" target="_blank" >[ScreenShot]</a></div>
<div class="test-event"> <font color="maroon"> <small> &emsp; &emsp;--- 16 Oct 16:27:27 685 - Element is displayed:: [[ChromeDriver: chrome on WINDOWS (8698502799e7528757bec5e8b116cc28)] -> id: username]</small> </font> </div>
<div class="test-event"> <font color="maroon"> <small> &emsp; &emsp;--- 16 Oct 16:27:27 739 - Element is displayed:: [[ChromeDriver: chrome on WINDOWS (8698502799e7528757bec5e8b116cc28)] -> id: username]</small> </font> </div>
<div class="test-event"> <font color="maroon"> <small> &emsp; &emsp;--- 16 Oct 16:27:27 936 - Element is displayed:: [[ChromeDriver: chrome on WINDOWS (8698502799e7528757bec5e8b116cc28)] -> id: password]</small> </font> </div>
<div class="test-event"> <font color="maroon"> <small> &emsp; &emsp;--- 16 Oct 16:27:28 102 - Element is displayed:: [[ChromeDriver: chrome on WINDOWS (8698502799e7528757bec5e8b116cc28)] -> id: btn-login]</small> </font> </div>
<div class="test-event"> <font color="maroon"> <small> &emsp; &emsp;--- 16 Oct 16:27:34 500 - Catched spinner load exception due to Expected condition failed: waiting for ICar.support.WaitUtils$4@636673a3 (tried for 3 second(s) with 500 milliseconds interval)</small> </font> </div>
<div class="test-event"> <font color="maroon"> <small> &emsp; &emsp;--- 16 Oct 16:27:34 500 - <b>6</b> - Spinner Load Wait: (Sync) - ICar.support.WaitUtils.waitForSpinner(WaitUtils.java:225)</small> </font> </div>
<div class="test-event"> <font color="maroon"> <small> &emsp; &emsp;--- 16 Oct 16:27:57 076 - Catched spinner load exception due to Expected condition failed: waiting for ICar.support.WaitUtils$4@636673a3 (tried for 10 second(s) with 500 milliseconds interval)</small> </font> </div>
<div class="test-event"> <font color="maroon"> <small> &emsp; &emsp;--- 16 Oct 16:27:57 076 - <b>10</b> - Spinner Load Wait: (Sync) - ICar.support.WaitUtils.waitForSpinner(WaitUtils.java:225)</small> </font> </div>
<div class="test-event"> <font color="maroon"> <small> &emsp; &emsp;--- 16 Oct 16:27:57 148 - Element is displayed:: [[ChromeDriver: chrome on WINDOWS (8698502799e7528757bec5e8b116cc28)] -> xpath: //button[@value='Launch My Learning']]</small> </font> </div>
<div class="test-message">&emsp;3. Enter the user credentials as : 2810173</div>
<div class="test-message">&emsp;Successfully navigated to 'User Home' Page&emsp;<a href=".\ScreenShot\ICar_B2B_TC028_63644561279500.png" target="_blank" >[ScreenShot]</a></div>
<div class="test-event"> <font color="maroon"> <small> &emsp; &emsp;--- 16 Oct 16:27:57 531 - Page URL:: https://www.icarstage.com/</small> </font> </div>
<div class="test-event"> <font color="maroon"> <small> &emsp; &emsp;--- 16 Oct 16:27:57 531 - <b>0</b> - Page Load Wait: (Sync) - ICar.support.Utils.waitForPageLoad(Utils.java:109)</small> </font> </div>
<div class="test-event"> <font color="maroon"> <small> &emsp; &emsp;--- 16 Oct 16:27:57 590 - Element is displayed:: [[ChromeDriver: chrome on WINDOWS (8698502799e7528757bec5e8b116cc28)] -> xpath: //p[text()='Launch My Learning']]</small> </font> </div>
<div class="test-event"> <font color="maroon"> <small> &emsp; &emsp;--- 16 Oct 16:27:57 631 - Element is displayed:: [[ChromeDriver: chrome on WINDOWS (8698502799e7528757bec5e8b116cc28)] -> xpath: //lightning-layout[@class='left-margin slds-align_absolute-center slds-grid slds-grid_align-spread slds-wrap']//lightning-layout-item[2]//a]</small> </font> </div>
<div class="test-event"> <font color="maroon"> <small> &emsp; &emsp;--- 16 Oct 16:27:59 757 - Element is displayed:: [[ChromeDriver: chrome on WINDOWS (8698502799e7528757bec5e8b116cc28)] -> xpath: //lightning-layout[@class='left-margin slds-align_absolute-center slds-grid slds-grid_align-spread slds-wrap']//lightning-layout-item[2]//a]</small> </font> </div>
<div class="test-event"> <font color="maroon"> <small> &emsp; &emsp;--- 16 Oct 16:27:59 876 - Element is displayed:: [[ChromeDriver: chrome on WINDOWS (8698502799e7528757bec5e8b116cc28)] -> xpath: //ul[@aria-label='Show More']//li[2]/a]</small> </font> </div>
<div class="test-event"> <font color="maroon"> <small> &emsp; &emsp;--- 16 Oct 16:27:59 928 - Element is displayed:: [[ChromeDriver: chrome on WINDOWS (8698502799e7528757bec5e8b116cc28)] -> xpath: //ul[@aria-label='Show More']//li[2]/a]</small> </font> </div>
<div class="test-event"> <font color="maroon"> <small> &emsp; &emsp;--- 16 Oct 16:28:16 720 - Catched spinner load exception due to Expected condition failed: waiting for ICar.support.WaitUtils$4@636673a3 (tried for 15 second(s) with 500 milliseconds interval)</small> </font> </div>
<div class="test-event"> <font color="maroon"> <small> &emsp; &emsp;--- 16 Oct 16:28:16 720 - <b>15</b> - Spinner Load Wait: (Sync) - ICar.support.WaitUtils.waitForSpinner(WaitUtils.java:225)</small> </font> </div>
<div class="test-event"> <font color="maroon"> <small> &emsp; &emsp;--- 16 Oct 16:28:16 814 - Page URL:: https://www.icarstage.com/my-payment-information</small> </font> </div>
<div class="test-event"> <font color="maroon"> <small> &emsp; &emsp;--- 16 Oct 16:28:16 814 - <b>0</b> - Page Load Wait: (Sync) - ICar.support.Utils.waitForPageLoad(Utils.java:109)</small> </font> </div>
<div class="test-event"> <font color="maroon"> <small> &emsp; &emsp;--- 16 Oct 16:28:16 868 - Element is displayed:: [[ChromeDriver: chrome on WINDOWS (8698502799e7528757bec5e8b116cc28)] -> xpath: //a[contains(text(),'Credit Card')]]</small> </font> </div>
<div class="test-message">&emsp;4. Navigating to My Payment Information Page</div>
<div class="test-message">&emsp;Successfully navigated to 'My Payment Information' Page&emsp;<a href=".\ScreenShot\ICar_B2B_TC028_63664280328600.png" target="_blank" >[ScreenShot]</a></div>
<div class="test-event"> <font color="maroon"> <small> &emsp; &emsp;--- 16 Oct 16:28:25 510 - Element Proxy element for: AjaxElementLocator 'By.xpath: //slot[@name='message']', is not displayed in page </small> </font> </div>
<div class="test-event"> <font color="maroon"> <small> &emsp; &emsp;--- 16 Oct 16:28:25 546 - Element is displayed:: [[ChromeDriver: chrome on WINDOWS (8698502799e7528757bec5e8b116cc28)] -> xpath: (//a[contains(@name,'delete|card_')])/lightning-icon]</small> </font> </div>
<div class="test-event"> <font color="maroon"> <small> &emsp; &emsp;--- 16 Oct 16:28:26 094 - Element is displayed:: [[ChromeDriver: chrome on WINDOWS (8698502799e7528757bec5e8b116cc28)] -> xpath: //button[@title='Yes']]</small> </font> </div>
<div class="test-event"> <font color="maroon"> <small> &emsp; &emsp;--- 16 Oct 16:28:26 151 - Element is displayed:: [[ChromeDriver: chrome on WINDOWS (8698502799e7528757bec5e8b116cc28)] -> xpath: //button[@title='Yes']]</small> </font> </div>
<div class="test-event"> <font color="maroon"> <small> &emsp; &emsp;--- 16 Oct 16:28:27 223 - Catched spinner load exception due to Expected condition failed: waiting for ICar.support.WaitUtils$4@636673a3 (tried for 1 second(s) with 500 milliseconds interval)</small> </font> </div>
<div class="test-event"> <font color="maroon"> <small> &emsp; &emsp;--- 16 Oct 16:28:27 223 - <b>1</b> - Spinner Load Wait: (Sync) - ICar.support.WaitUtils.waitForSpinner(WaitUtils.java:225)</small> </font> </div>
<div class="test-event"> <font color="maroon"> <small> &emsp; &emsp;--- 16 Oct 16:28:29 267 - Element [[ChromeDriver: chrome on WINDOWS (8698502799e7528757bec5e8b116cc28)] -> xpath: //slot[@name='message']], is still visible in page</small> </font> </div>
<div class="test-event"> <font color="maroon"> <small> &emsp; &emsp;--- 16 Oct 16:28:29 840 - Element [[ChromeDriver: chrome on WINDOWS (8698502799e7528757bec5e8b116cc28)] -> xpath: //slot[@name='message']], is still visible in page</small> </font> </div>
<div class="test-event"> <font color="maroon"> <small> &emsp; &emsp;--- 16 Oct 16:28:30 373 - Element [[ChromeDriver: chrome on WINDOWS (8698502799e7528757bec5e8b116cc28)] -> xpath: //slot[@name='message']], is still visible in page</small> </font> </div>
<div class="test-event"> <font color="maroon"> <small> &emsp; &emsp;--- 16 Oct 16:28:30 925 - Element [[ChromeDriver: chrome on WINDOWS (8698502799e7528757bec5e8b116cc28)] -> xpath: //slot[@name='message']], is still visible in page</small> </font> </div>
<div class="test-event"> <font color="maroon"> <small> &emsp; &emsp;--- 16 Oct 16:28:31 452 - Element [[ChromeDriver: chrome on WINDOWS (8698502799e7528757bec5e8b116cc28)] -> xpath: //slot[@name='message']], is still visible in page</small> </font> </div>
<div class="test-event"> <font color="maroon"> <small> &emsp; &emsp;--- 16 Oct 16:28:31 990 - Element [[ChromeDriver: chrome on WINDOWS (8698502799e7528757bec5e8b116cc28)] -> xpath: //slot[@name='message']], is still visible in page</small> </font> </div>
<div class="test-event"> <font color="maroon"> <small> &emsp; &emsp;--- 16 Oct 16:28:38 910 - Element Proxy element for: AjaxElementLocator 'By.xpath: //slot[@name='message']', is not displayed in page </small> </font> </div>
<div class="test-message">&emsp;5. Add the credit card details</div>
<div class="test-event"> <font color="maroon"> <small> &emsp; &emsp;--- 16 Oct 16:28:52 519 - Catched spinner load exception due to Expected condition failed: waiting for ICar.support.WaitUtils$4@636673a3 (tried for 10 second(s) with 500 milliseconds interval)</small> </font> </div>
<div class="test-event"> <font color="maroon"> <small> &emsp; &emsp;--- 16 Oct 16:28:52 519 - <b>10</b> - Spinner Load Wait: (Sync) - ICar.support.WaitUtils.waitForSpinner(WaitUtils.java:225)</small> </font> </div>
<div class="test-event"> <font color="maroon"> <small> &emsp; &emsp;--- 16 Oct 16:28:52 626 - Element is displayed:: [[ChromeDriver: chrome on WINDOWS (8698502799e7528757bec5e8b116cc28)] -> xpath: //a[contains(text(),'Credit Card')]]</small> </font> </div>
<div class="test-event"> <font color="maroon"> <small> &emsp; &emsp;--- 16 Oct 16:28:58 867 - Catched spinner load exception due to Expected condition failed: waiting for ICar.support.WaitUtils$4@636673a3 (tried for 6 second(s) with 500 milliseconds interval)</small> </font> </div>
<div class="test-event"> <font color="maroon"> <small> &emsp; &emsp;--- 16 Oct 16:28:58 867 - <b>6</b> - Spinner Load Wait: (Sync) - ICar.support.WaitUtils.waitForSpinner(WaitUtils.java:225)</small> </font> </div>
<div class="test-event"> <font color="maroon"> <small> &emsp; &emsp;--- 16 Oct 16:29:07 187 - Catched spinner load exception due to Expected condition failed: waiting for ICar.support.WaitUtils$4@636673a3 (tried for 6 second(s) with 500 milliseconds interval)</small> </font> </div>
<div class="test-event"> <font color="maroon"> <small> &emsp; &emsp;--- 16 Oct 16:29:07 187 - <b>6</b> - Spinner Load Wait: (Sync) - ICar.support.WaitUtils.waitForSpinner(WaitUtils.java:225)</small> </font> </div>
<div class="test-event"> <font color="maroon"> <small> &emsp; &emsp;--- 16 Oct 16:29:07 248 - Element is displayed:: [[ChromeDriver: chrome on WINDOWS (8698502799e7528757bec5e8b116cc28)] -> xpath: //input[@name='cardnumber']]</small> </font> </div>
<div class="test-event"> <font color="maroon"> <small> &emsp; &emsp;--- 16 Oct 16:29:08 123 - Element is displayed:: [[ChromeDriver: chrome on WINDOWS (8698502799e7528757bec5e8b116cc28)] -> xpath: //input[@name='exp-date']]</small> </font> </div>
<div class="test-event"> <font color="maroon"> <small> &emsp; &emsp;--- 16 Oct 16:29:08 356 - Element is displayed:: [[ChromeDriver: chrome on WINDOWS (8698502799e7528757bec5e8b116cc28)] -> xpath: //input[@name='cvc']]</small> </font> </div>
<div class="test-event"> <font color="maroon"> <small> &emsp; &emsp;--- 16 Oct 16:29:08 570 - Element is displayed:: [[ChromeDriver: chrome on WINDOWS (8698502799e7528757bec5e8b116cc28)] -> xpath: //input[@name='postal']]</small> </font> </div>
<div class="test-event"> <font color="maroon"> <small> &emsp; &emsp;--- 16 Oct 16:29:08 818 - Element is displayed:: [[ChromeDriver: chrome on WINDOWS (8698502799e7528757bec5e8b116cc28)] -> xpath: //button[@title='Add Card']]</small> </font> </div>
<div class="test-event"> <font color="maroon"> <small> &emsp; &emsp;--- 16 Oct 16:29:10 491 - Element is displayed:: [[ChromeDriver: chrome on WINDOWS (8698502799e7528757bec5e8b116cc28)] -> xpath: //slot[@name='message']]</small> </font> </div>
<div class="test-message">&emsp;Successfully add card to 'My Payment Information' Page&emsp;<a href=".\ScreenShot\ICar_B2B_TC028_63717919103600.png" target="_blank" >[ScreenShot]</a></div>
<div class="test-message">&emsp;6. Set the credit card as default</div>
<div class="test-event"> <font color="maroon"> <small> &emsp; &emsp;--- 16 Oct 16:29:15 069 - Element [[ChromeDriver: chrome on WINDOWS (8698502799e7528757bec5e8b116cc28)] -> xpath: //slot[@name='message']], is still visible in page</small> </font> </div>
<div class="test-event"> <font color="maroon"> <small> &emsp; &emsp;--- 16 Oct 16:29:22 072 - Element Proxy element for: AjaxElementLocator 'By.xpath: //slot[@name='message']', is not displayed in page </small> </font> </div>
<div class="test-event"> <font color="maroon"> <small> &emsp; &emsp;--- 16 Oct 16:29:26 118 - Element is displayed:: [[ChromeDriver: chrome on WINDOWS (8698502799e7528757bec5e8b116cc28)] -> xpath: //c-b2b_-my-payment-info[contains(@data-component-id,'MyPaymentInfo')]/div[1]/div[2]/div[1]/div[2]/div/div[4]//lightning-primitive-input-radio]</small> </font> </div>
<div class="test-event"> <font color="maroon"> <small> &emsp; &emsp;--- 16 Oct 16:29:26 205 - Element is displayed:: [[ChromeDriver: chrome on WINDOWS (8698502799e7528757bec5e8b116cc28)] -> xpath: //button[@title='Yes']]</small> </font> </div>
<div class="test-event"> <font color="maroon"> <small> &emsp; &emsp;--- 16 Oct 16:29:26 257 - Element is displayed:: [[ChromeDriver: chrome on WINDOWS (8698502799e7528757bec5e8b116cc28)] -> xpath: //button[@title='Yes']]</small> </font> </div>
<div class="test-message">&emsp;Successfully set the card as default in 'My Payment Information' Page&emsp;<a href=".\ScreenShot\ICar_B2B_TC028_63734830006500.png" target="_blank" >[ScreenShot]</a></div>
<div class="test-message">&emsp;7. Removing the credit card as default</div>
<div class="test-event"> <font color="maroon"> <small> &emsp; &emsp;--- 16 Oct 16:29:31 690 - Element [[ChromeDriver: chrome on WINDOWS (8698502799e7528757bec5e8b116cc28)] -> xpath: //slot[@name='message']], is still visible in page</small> </font> </div>
<div class="test-event"> <font color="maroon"> <small> &emsp; &emsp;--- 16 Oct 16:29:32 227 - Element [[ChromeDriver: chrome on WINDOWS (8698502799e7528757bec5e8b116cc28)] -> xpath: //slot[@name='message']], is still visible in page</small> </font> </div>
<div class="test-event"> <font color="maroon"> <small> &emsp; &emsp;--- 16 Oct 16:29:39 188 - Element Proxy element for: AjaxElementLocator 'By.xpath: //slot[@name='message']', is not displayed in page </small> </font> </div>
<div class="test-event"> <font color="maroon"> <small> &emsp; &emsp;--- 16 Oct 16:29:43 238 - Element is displayed:: [[ChromeDriver: chrome on WINDOWS (8698502799e7528757bec5e8b116cc28)] -> xpath: (//a[contains(@name,'delete|card_')])/lightning-icon]</small> </font> </div>
<div class="test-event"> <font color="maroon"> <small> &emsp; &emsp;--- 16 Oct 16:29:43 323 - Element is displayed:: [[ChromeDriver: chrome on WINDOWS (8698502799e7528757bec5e8b116cc28)] -> xpath: //button[@title='Yes']]</small> </font> </div>
<div class="test-event"> <font color="maroon"> <small> &emsp; &emsp;--- 16 Oct 16:29:43 375 - Element is displayed:: [[ChromeDriver: chrome on WINDOWS (8698502799e7528757bec5e8b116cc28)] -> xpath: //button[@title='Yes']]</small> </font> </div>
<div class="test-event"> <font color="maroon"> <small> &emsp; &emsp;--- 16 Oct 16:29:47 125 - Element [[ChromeDriver: chrome on WINDOWS (8698502799e7528757bec5e8b116cc28)] -> xpath: //slot[@name='message']], is still visible in page</small> </font> </div>
<div class="test-event"> <font color="maroon"> <small> &emsp; &emsp;--- 16 Oct 16:29:47 660 - Element [[ChromeDriver: chrome on WINDOWS (8698502799e7528757bec5e8b116cc28)] -> xpath: //slot[@name='message']], is still visible in page</small> </font> </div>
<div class="test-event"> <font color="maroon"> <small> &emsp; &emsp;--- 16 Oct 16:29:48 198 - Element [[ChromeDriver: chrome on WINDOWS (8698502799e7528757bec5e8b116cc28)] -> xpath: //slot[@name='message']], is still visible in page</small> </font> </div>
<div class="test-event"> <font color="maroon"> <small> &emsp; &emsp;--- 16 Oct 16:29:48 728 - Element [[ChromeDriver: chrome on WINDOWS (8698502799e7528757bec5e8b116cc28)] -> xpath: //slot[@name='message']], is still visible in page</small> </font> </div>
<div class="test-event"> <font color="maroon"> <small> &emsp; &emsp;--- 16 Oct 16:29:49 259 - Element [[ChromeDriver: chrome on WINDOWS (8698502799e7528757bec5e8b116cc28)] -> xpath: //slot[@name='message']], is still visible in page</small> </font> </div>
<div class="test-event"> <font color="maroon"> <small> &emsp; &emsp;--- 16 Oct 16:29:49 796 - Element [[ChromeDriver: chrome on WINDOWS (8698502799e7528757bec5e8b116cc28)] -> xpath: //slot[@name='message']], is still visible in page</small> </font> </div>
<div class="test-event"> <font color="maroon"> <small> &emsp; &emsp;--- 16 Oct 16:29:56 788 - Element Proxy element for: AjaxElementLocator 'By.xpath: //slot[@name='message']', is not displayed in page </small> </font> </div>
<div class="test-result"><br><font color="green"><strong> Test Passed. </strong></font> </div>&emsp;
&emsp;<div class="test-title"> <strong><font size = "3" color = "#0000FF">---Test Execution Ends---</font> </strong> </div>&emsp;
<div class="test-event"> <font color="maroon"> <small> &emsp; &emsp;--- 16 Oct 16:30:00 461 - TestCaseID:: ICar_B2B_TC030</small> </font> </div>
<div class="test-event"> <font color="maroon"> <small> &emsp; &emsp;--- 16 Oct 16:30:01 405 - <b>0</b> - Driver::initialize::Get - ICar.support.WebDriverFactory.getDriver(WebDriverFactory.java:640)</small> </font> </div>
&emsp;<div class="test-title"> <strong><font size = "3" color = "#000080">Ability to delete the added credit card to the student payment information</font> </strong> </div>&emsp;<div><strong>Steps:</strong></div><!-- Report -->&emsp;
<div class="test-event"> <font color="maroon"> <small> &emsp; &emsp;--- 16 Oct 16:30:06 886 - Element is displayed:: [[ChromeDriver: chrome on WINDOWS (00a39145f1c76a74a38809f1f74fa28c)] -> xpath: //a/img[@alt='Login Image']|//button[@id='btn-login']]</small> </font> </div>
<div class="test-event"> <font color="maroon"> <small> &emsp; &emsp;--- 16 Oct 16:30:06 962 - Element is displayed:: [[ChromeDriver: chrome on WINDOWS (00a39145f1c76a74a38809f1f74fa28c)] -> xpath: //a/img[@alt='Login Image']|//button[@id='btn-login']]</small> </font> </div>
<div class="test-message">&emsp;Successfully navigated to 'Home' Page&emsp;<a href=".\ScreenShot\ICar_B2B_TC030_63774374134700.png" target="_blank" >[ScreenShot]</a></div>
<div class="test-message">&emsp;1. Home page is launched.</div>
<div class="test-event"> <font color="maroon"> <small> &emsp; &emsp;--- 16 Oct 16:30:07 403 - Page URL:: https://www.icarstage.com/</small> </font> </div>
<div class="test-event"> <font color="maroon"> <small> &emsp; &emsp;--- 16 Oct 16:30:07 403 - <b>0</b> - Page Load Wait: (Sync) - ICar.support.Utils.waitForPageLoad(Utils.java:109)</small> </font> </div>
<div class="test-event"> <font color="maroon"> <small> &emsp; &emsp;--- 16 Oct 16:30:07 444 - Element is displayed:: [[ChromeDriver: chrome on WINDOWS (00a39145f1c76a74a38809f1f74fa28c)] -> xpath: //a/img[@alt='Login Image']|//button[@id='btn-login']]</small> </font> </div>
<div class="test-event"> <font color="maroon"> <small> &emsp; &emsp;--- 16 Oct 16:30:07 503 - Element is displayed:: [[ChromeDriver: chrome on WINDOWS (00a39145f1c76a74a38809f1f74fa28c)] -> xpath: //a/img[@alt='Login Image']|//button[@id='btn-login']]</small> </font> </div>
<div class="test-event"> <font color="maroon"> <small> &emsp; &emsp;--- 16 Oct 16:30:25 534 - Catched spinner load exception due to Expected condition failed: waiting for ICar.support.WaitUtils$4@636673a3 (tried for 15 second(s) with 500 milliseconds interval)</small> </font> </div>
<div class="test-event"> <font color="maroon"> <small> &emsp; &emsp;--- 16 Oct 16:30:25 534 - <b>15</b> - Spinner Load Wait: (Sync) - ICar.support.WaitUtils.waitForSpinner(WaitUtils.java:225)</small> </font> </div>
<div class="test-message">&emsp;2. Navigate to 'Login Page'</div>
<div class="test-message">&emsp;Successfully navigated to 'Login' Page&emsp;<a href=".\ScreenShot\ICar_B2B_TC030_63792949887200.png" target="_blank" >[ScreenShot]</a></div>
<div class="test-event"> <font color="maroon"> <small> &emsp; &emsp;--- 16 Oct 16:30:25 750 - Element is displayed:: [[ChromeDriver: chrome on WINDOWS (00a39145f1c76a74a38809f1f74fa28c)] -> id: username]</small> </font> </div>
<div class="test-event"> <font color="maroon"> <small> &emsp; &emsp;--- 16 Oct 16:30:25 803 - Element is displayed:: [[ChromeDriver: chrome on WINDOWS (00a39145f1c76a74a38809f1f74fa28c)] -> id: username]</small> </font> </div>
<div class="test-event"> <font color="maroon"> <small> &emsp; &emsp;--- 16 Oct 16:30:26 005 - Element is displayed:: [[ChromeDriver: chrome on WINDOWS (00a39145f1c76a74a38809f1f74fa28c)] -> id: password]</small> </font> </div>
<div class="test-event"> <font color="maroon"> <small> &emsp; &emsp;--- 16 Oct 16:30:26 174 - Element is displayed:: [[ChromeDriver: chrome on WINDOWS (00a39145f1c76a74a38809f1f74fa28c)] -> id: btn-login]</small> </font> </div>
<div class="test-event"> <font color="maroon"> <small> &emsp; &emsp;--- 16 Oct 16:30:31 021 - Catched spinner load exception due to Expected condition failed: waiting for ICar.support.WaitUtils$4@636673a3 (tried for 3 second(s) with 500 milliseconds interval)</small> </font> </div>
<div class="test-event"> <font color="maroon"> <small> &emsp; &emsp;--- 16 Oct 16:30:31 021 - <b>4</b> - Spinner Load Wait: (Sync) - ICar.support.WaitUtils.waitForSpinner(WaitUtils.java:225)</small> </font> </div>
<div class="test-event"> <font color="maroon"> <small> &emsp; &emsp;--- 16 Oct 16:30:55 910 - Catched spinner load exception due to Expected condition failed: waiting for ICar.support.WaitUtils$4@636673a3 (tried for 10 second(s) with 500 milliseconds interval)</small> </font> </div>
<div class="test-event"> <font color="maroon"> <small> &emsp; &emsp;--- 16 Oct 16:30:55 910 - <b>10</b> - Spinner Load Wait: (Sync) - ICar.support.WaitUtils.waitForSpinner(WaitUtils.java:225)</small> </font> </div>
<div class="test-event"> <font color="maroon"> <small> &emsp; &emsp;--- 16 Oct 16:30:55 983 - Element is displayed:: [[ChromeDriver: chrome on WINDOWS (00a39145f1c76a74a38809f1f74fa28c)] -> xpath: //button[@value='Launch My Learning']]</small> </font> </div>
<div class="test-message">&emsp;3. Enter the user credentials as : 2810173</div>
<div class="test-message">&emsp;Successfully navigated to 'User Home' Page&emsp;<a href=".\ScreenShot\ICar_B2B_TC030_63823395748200.png" target="_blank" >[ScreenShot]</a></div>
<div class="test-event"> <font color="maroon"> <small> &emsp; &emsp;--- 16 Oct 16:30:56 398 - Page URL:: https://www.icarstage.com/</small> </font> </div>
<div class="test-event"> <font color="maroon"> <small> &emsp; &emsp;--- 16 Oct 16:30:56 398 - <b>0</b> - Page Load Wait: (Sync) - ICar.support.Utils.waitForPageLoad(Utils.java:109)</small> </font> </div>
<div class="test-event"> <font color="maroon"> <small> &emsp; &emsp;--- 16 Oct 16:30:56 454 - Element is displayed:: [[ChromeDriver: chrome on WINDOWS (00a39145f1c76a74a38809f1f74fa28c)] -> xpath: //p[text()='Launch My Learning']]</small> </font> </div>
<div class="test-event"> <font color="maroon"> <small> &emsp; &emsp;--- 16 Oct 16:30:56 493 - Element is displayed:: [[ChromeDriver: chrome on WINDOWS (00a39145f1c76a74a38809f1f74fa28c)] -> xpath: //lightning-layout[@class='left-margin slds-align_absolute-center slds-grid slds-grid_align-spread slds-wrap']//lightning-layout-item[2]//a]</small> </font> </div>
<div class="test-event"> <font color="maroon"> <small> &emsp; &emsp;--- 16 Oct 16:30:58 568 - Element is displayed:: [[ChromeDriver: chrome on WINDOWS (00a39145f1c76a74a38809f1f74fa28c)] -> xpath: //lightning-layout[@class='left-margin slds-align_absolute-center slds-grid slds-grid_align-spread slds-wrap']//lightning-layout-item[2]//a]</small> </font> </div>
<div class="test-event"> <font color="maroon"> <small> &emsp; &emsp;--- 16 Oct 16:30:58 670 - Element is displayed:: [[ChromeDriver: chrome on WINDOWS (00a39145f1c76a74a38809f1f74fa28c)] -> xpath: //ul[@aria-label='Show More']//li[2]/a]</small> </font> </div>
<div class="test-event"> <font color="maroon"> <small> &emsp; &emsp;--- 16 Oct 16:30:58 722 - Element is displayed:: [[ChromeDriver: chrome on WINDOWS (00a39145f1c76a74a38809f1f74fa28c)] -> xpath: //ul[@aria-label='Show More']//li[2]/a]</small> </font> </div>
<div class="test-event"> <font color="maroon"> <small> &emsp; &emsp;--- 16 Oct 16:31:15 875 - Catched spinner load exception due to Expected condition failed: waiting for ICar.support.WaitUtils$4@636673a3 (tried for 15 second(s) with 500 milliseconds interval)</small> </font> </div>
<div class="test-event"> <font color="maroon"> <small> &emsp; &emsp;--- 16 Oct 16:31:15 875 - <b>15</b> - Spinner Load Wait: (Sync) - ICar.support.WaitUtils.waitForSpinner(WaitUtils.java:225)</small> </font> </div>
<div class="test-event"> <font color="maroon"> <small> &emsp; &emsp;--- 16 Oct 16:31:15 968 - Page URL:: https://www.icarstage.com/my-payment-information</small> </font> </div>
<div class="test-event"> <font color="maroon"> <small> &emsp; &emsp;--- 16 Oct 16:31:15 968 - <b>0</b> - Page Load Wait: (Sync) - ICar.support.Utils.waitForPageLoad(Utils.java:109)</small> </font> </div>
<div class="test-event"> <font color="maroon"> <small> &emsp; &emsp;--- 16 Oct 16:31:16 028 - Element is displayed:: [[ChromeDriver: chrome on WINDOWS (00a39145f1c76a74a38809f1f74fa28c)] -> xpath: //a[contains(text(),'Credit Card')]]</small> </font> </div>
<div class="test-message">&emsp;4. Navigating to My Payment Information Page</div>
<div class="test-message">&emsp;Successfully navigated to 'My Payment Information' Page&emsp;<a href=".\ScreenShot\ICar_B2B_TC030_63843440199600.png" target="_blank" >[ScreenShot]</a></div>
<div class="test-message">&emsp;5. Add the credit card details</div>
<div class="test-event"> <font color="maroon"> <small> &emsp; &emsp;--- 16 Oct 16:31:26 551 - Catched spinner load exception due to Expected condition failed: waiting for ICar.support.WaitUtils$4@636673a3 (tried for 10 second(s) with 500 milliseconds interval)</small> </font> </div>
<div class="test-event"> <font color="maroon"> <small> &emsp; &emsp;--- 16 Oct 16:31:26 551 - <b>10</b> - Spinner Load Wait: (Sync) - ICar.support.WaitUtils.waitForSpinner(WaitUtils.java:225)</small> </font> </div>
<div class="test-event"> <font color="maroon"> <small> &emsp; &emsp;--- 16 Oct 16:31:26 612 - Element is displayed:: [[ChromeDriver: chrome on WINDOWS (00a39145f1c76a74a38809f1f74fa28c)] -> xpath: //a[contains(text(),'Credit Card')]]</small> </font> </div>
<div class="test-event"> <font color="maroon"> <small> &emsp; &emsp;--- 16 Oct 16:31:33 033 - Catched spinner load exception due to Expected condition failed: waiting for ICar.support.WaitUtils$4@636673a3 (tried for 6 second(s) with 500 milliseconds interval)</small> </font> </div>
<div class="test-event"> <font color="maroon"> <small> &emsp; &emsp;--- 16 Oct 16:31:33 033 - <b>6</b> - Spinner Load Wait: (Sync) - ICar.support.WaitUtils.waitForSpinner(WaitUtils.java:225)</small> </font> </div>
<div class="test-event"> <font color="maroon"> <small> &emsp; &emsp;--- 16 Oct 16:31:41 372 - Catched spinner load exception due to Expected condition failed: waiting for ICar.support.WaitUtils$4@636673a3 (tried for 6 second(s) with 500 milliseconds interval)</small> </font> </div>
<div class="test-event"> <font color="maroon"> <small> &emsp; &emsp;--- 16 Oct 16:31:41 372 - <b>6</b> - Spinner Load Wait: (Sync) - ICar.support.WaitUtils.waitForSpinner(WaitUtils.java:225)</small> </font> </div>
<div class="test-event"> <font color="maroon"> <small> &emsp; &emsp;--- 16 Oct 16:31:41 435 - Element is displayed:: [[ChromeDriver: chrome on WINDOWS (00a39145f1c76a74a38809f1f74fa28c)] -> xpath: //input[@name='cardnumber']]</small> </font> </div>
<div class="test-event"> <font color="maroon"> <small> &emsp; &emsp;--- 16 Oct 16:31:42 373 - Element is displayed:: [[ChromeDriver: chrome on WINDOWS (00a39145f1c76a74a38809f1f74fa28c)] -> xpath: //input[@name='exp-date']]</small> </font> </div>
<div class="test-event"> <font color="maroon"> <small> &emsp; &emsp;--- 16 Oct 16:31:42 626 - Element is displayed:: [[ChromeDriver: chrome on WINDOWS (00a39145f1c76a74a38809f1f74fa28c)] -> xpath: //input[@name='cvc']]</small> </font> </div>
<div class="test-event"> <font color="maroon"> <small> &emsp; &emsp;--- 16 Oct 16:31:42 853 - Element is displayed:: [[ChromeDriver: chrome on WINDOWS (00a39145f1c76a74a38809f1f74fa28c)] -> xpath: //input[@name='postal']]</small> </font> </div>
<div class="test-event"> <font color="maroon"> <small> &emsp; &emsp;--- 16 Oct 16:31:43 082 - Element is displayed:: [[ChromeDriver: chrome on WINDOWS (00a39145f1c76a74a38809f1f74fa28c)] -> xpath: //button[@title='Add Card']]</small> </font> </div>
<div class="test-event"> <font color="maroon"> <small> &emsp; &emsp;--- 16 Oct 16:31:45 047 - Element is displayed:: [[ChromeDriver: chrome on WINDOWS (00a39145f1c76a74a38809f1f74fa28c)] -> xpath: //slot[@name='message']]</small> </font> </div>
<div class="test-message">&emsp;Successfully add card to 'My Payment Information' Page&emsp;<a href=".\ScreenShot\ICar_B2B_TC030_63872475910000.png" target="_blank" >[ScreenShot]</a></div>
<div class="test-message">&emsp;6.Remove the credit card</div>
<div class="test-event"> <font color="maroon"> <small> &emsp; &emsp;--- 16 Oct 16:31:49 337 - Element [[ChromeDriver: chrome on WINDOWS (00a39145f1c76a74a38809f1f74fa28c)] -> xpath: //slot[@name='message']], is still visible in page</small> </font> </div>
<div class="test-event"> <font color="maroon"> <small> &emsp; &emsp;--- 16 Oct 16:31:49 876 - Element [[ChromeDriver: chrome on WINDOWS (00a39145f1c76a74a38809f1f74fa28c)] -> xpath: //slot[@name='message']], is still visible in page</small> </font> </div>
<div class="test-event"> <font color="maroon"> <small> &emsp; &emsp;--- 16 Oct 16:31:56 840 - Element Proxy element for: AjaxElementLocator 'By.xpath: //slot[@name='message']', is not displayed in page </small> </font> </div>
<div class="test-event"> <font color="maroon"> <small> &emsp; &emsp;--- 16 Oct 16:32:00 885 - Element is displayed:: [[ChromeDriver: chrome on WINDOWS (00a39145f1c76a74a38809f1f74fa28c)] -> xpath: (//a[contains(@name,'delete|card_')])/lightning-icon]</small> </font> </div>
<div class="test-event"> <font color="maroon"> <small> &emsp; &emsp;--- 16 Oct 16:32:00 981 - Element is displayed:: [[ChromeDriver: chrome on WINDOWS (00a39145f1c76a74a38809f1f74fa28c)] -> xpath: //button[@title='Yes']]</small> </font> </div>
<div class="test-event"> <font color="maroon"> <small> &emsp; &emsp;--- 16 Oct 16:32:01 028 - Element is displayed:: [[ChromeDriver: chrome on WINDOWS (00a39145f1c76a74a38809f1f74fa28c)] -> xpath: //button[@title='Yes']]</small> </font> </div>
<div class="test-message">&emsp;Successfully Removing the credit card  in 'My Payment Information' Page&emsp;<a href=".\ScreenShot\ICar_B2B_TC030_63889360029600.png" target="_blank" >[ScreenShot]</a></div>
<div class="test-result"><br><font color="green"><strong> Test Passed. </strong></font> </div>&emsp;
&emsp;<div class="test-title"> <strong><font size = "3" color = "#0000FF">---Test Execution Ends---</font> </strong> </div>&emsp;
<div class="test-event"> <font color="maroon"> <small> &emsp; &emsp;--- 16 Oct 16:32:02 756 - TestCaseID:: ICar_B2B_TC031</small> </font> </div>
<div class="test-event"> <font color="maroon"> <small> &emsp; &emsp;--- 16 Oct 16:32:04 238 - <b>1</b> - Driver::initialize::Get - ICar.support.WebDriverFactory.getDriver(WebDriverFactory.java:640)</small> </font> </div>
<div class="test-event"> <font color="maroon"> <small> &emsp; &emsp;--- 16 Oct 16:32:12 812 - Catched spinner load exception due to Expected condition failed: waiting for ICar.support.WaitUtils$4@636673a3 (tried for 8 second(s) with 500 milliseconds interval)</small> </font> </div>
<div class="test-event"> <font color="maroon"> <small> &emsp; &emsp;--- 16 Oct 16:32:12 812 - <b>8</b> - Spinner Load Wait: (Sync) - ICar.support.WaitUtils.waitForSpinner(WaitUtils.java:225)</small> </font> </div>
&emsp;<div class="test-title"> <strong><font size = "3" color = "#000080">Ability to make payment with the saved credit card</font> </strong> </div>&emsp;<div><strong>Steps:</strong></div><!-- Report -->&emsp;
<div class="test-event"> <font color="maroon"> <small> &emsp; &emsp;--- 16 Oct 16:32:17 685 - Element is displayed:: [[ChromeDriver: chrome on WINDOWS (0982be5e8359f454c9043233a4d32554)] -> xpath: //a/img[@alt='Login Image']|//button[@id='btn-login']]</small> </font> </div>
<div class="test-event"> <font color="maroon"> <small> &emsp; &emsp;--- 16 Oct 16:32:17 740 - Element is displayed:: [[ChromeDriver: chrome on WINDOWS (0982be5e8359f454c9043233a4d32554)] -> xpath: //a/img[@alt='Login Image']|//button[@id='btn-login']]</small> </font> </div>
<div class="test-message">&emsp;Successfully navigated to 'Home' Page&emsp;<a href=".\ScreenShot\ICar_B2B_TC031_63905151639400.png" target="_blank" >[ScreenShot]</a></div>
<div class="test-message">&emsp;1. Home page is launched.</div>
<div class="test-event"> <font color="maroon"> <small> &emsp; &emsp;--- 16 Oct 16:32:18 240 - Page URL:: https://www.icarstage.com/</small> </font> </div>
<div class="test-event"> <font color="maroon"> <small> &emsp; &emsp;--- 16 Oct 16:32:18 240 - <b>0</b> - Page Load Wait: (Sync) - ICar.support.Utils.waitForPageLoad(Utils.java:109)</small> </font> </div>
<div class="test-event"> <font color="maroon"> <small> &emsp; &emsp;--- 16 Oct 16:32:18 289 - Element is displayed:: [[ChromeDriver: chrome on WINDOWS (0982be5e8359f454c9043233a4d32554)] -> xpath: //a/img[@alt='Login Image']|//button[@id='btn-login']]</small> </font> </div>
<div class="test-event"> <font color="maroon"> <small> &emsp; &emsp;--- 16 Oct 16:32:18 387 - Element is displayed:: [[ChromeDriver: chrome on WINDOWS (0982be5e8359f454c9043233a4d32554)] -> xpath: //a/img[@alt='Login Image']|//button[@id='btn-login']]</small> </font> </div>
<div class="test-event"> <font color="maroon"> <small> &emsp; &emsp;--- 16 Oct 16:32:36 122 - Catched spinner load exception due to Expected condition failed: waiting for ICar.support.WaitUtils$4@636673a3 (tried for 15 second(s) with 500 milliseconds interval)</small> </font> </div>
<div class="test-event"> <font color="maroon"> <small> &emsp; &emsp;--- 16 Oct 16:32:36 122 - <b>15</b> - Spinner Load Wait: (Sync) - ICar.support.WaitUtils.waitForSpinner(WaitUtils.java:225)</small> </font> </div>
<div class="test-message">&emsp;2. Navigate to 'Login Page'</div>
<div class="test-message">&emsp;Successfully navigated to 'Login' Page&emsp;<a href=".\ScreenShot\ICar_B2B_TC031_63923538411800.png" target="_blank" >[ScreenShot]</a></div>
<div class="test-event"> <font color="maroon"> <small> &emsp; &emsp;--- 16 Oct 16:32:36 338 - Element is displayed:: [[ChromeDriver: chrome on WINDOWS (0982be5e8359f454c9043233a4d32554)] -> id: username]</small> </font> </div>
<div class="test-event"> <font color="maroon"> <small> &emsp; &emsp;--- 16 Oct 16:32:36 394 - Element is displayed:: [[ChromeDriver: chrome on WINDOWS (0982be5e8359f454c9043233a4d32554)] -> id: username]</small> </font> </div>
<div class="test-event"> <font color="maroon"> <small> &emsp; &emsp;--- 16 Oct 16:32:36 577 - Element is displayed:: [[ChromeDriver: chrome on WINDOWS (0982be5e8359f454c9043233a4d32554)] -> id: password]</small> </font> </div>
<div class="test-event"> <font color="maroon"> <small> &emsp; &emsp;--- 16 Oct 16:32:36 728 - Element is displayed:: [[ChromeDriver: chrome on WINDOWS (0982be5e8359f454c9043233a4d32554)] -> id: btn-login]</small> </font> </div>
<div class="test-event"> <font color="maroon"> <small> &emsp; &emsp;--- 16 Oct 16:32:43 169 - Catched spinner load exception due to Expected condition failed: waiting for ICar.support.WaitUtils$4@636673a3 (tried for 3 second(s) with 500 milliseconds interval)</small> </font> </div>
<div class="test-event"> <font color="maroon"> <small> &emsp; &emsp;--- 16 Oct 16:32:43 169 - <b>6</b> - Spinner Load Wait: (Sync) - ICar.support.WaitUtils.waitForSpinner(WaitUtils.java:225)</small> </font> </div>
<div class="test-event"> <font color="maroon"> <small> &emsp; &emsp;--- 16 Oct 16:33:05 362 - Catched spinner load exception due to Expected condition failed: waiting for ICar.support.WaitUtils$4@636673a3 (tried for 10 second(s) with 500 milliseconds interval)</small> </font> </div>
<div class="test-event"> <font color="maroon"> <small> &emsp; &emsp;--- 16 Oct 16:33:05 362 - <b>10</b> - Spinner Load Wait: (Sync) - ICar.support.WaitUtils.waitForSpinner(WaitUtils.java:225)</small> </font> </div>
<div class="test-event"> <font color="maroon"> <small> &emsp; &emsp;--- 16 Oct 16:33:05 430 - Element is displayed:: [[ChromeDriver: chrome on WINDOWS (0982be5e8359f454c9043233a4d32554)] -> xpath: //button[@value='Launch My Learning']]</small> </font> </div>
<div class="test-message">&emsp;3. Enter the user credentials as : 2810173</div>
<div class="test-message">&emsp;Successfully navigated to 'User Home' Page&emsp;<a href=".\ScreenShot\ICar_B2B_TC031_63952842342400.png" target="_blank" >[ScreenShot]</a></div>
<div class="test-event"> <font color="maroon"> <small> &emsp; &emsp;--- 16 Oct 16:33:05 793 - Page URL:: https://www.icarstage.com/</small> </font> </div>
<div class="test-event"> <font color="maroon"> <small> &emsp; &emsp;--- 16 Oct 16:33:05 793 - <b>0</b> - Page Load Wait: (Sync) - ICar.support.Utils.waitForPageLoad(Utils.java:109)</small> </font> </div>
<div class="test-event"> <font color="maroon"> <small> &emsp; &emsp;--- 16 Oct 16:33:05 846 - Element is displayed:: [[ChromeDriver: chrome on WINDOWS (0982be5e8359f454c9043233a4d32554)] -> xpath: //p[text()='Launch My Learning']]</small> </font> </div>
<div class="test-event"> <font color="maroon"> <small> &emsp; &emsp;--- 16 Oct 16:33:05 882 - Element is displayed:: [[ChromeDriver: chrome on WINDOWS (0982be5e8359f454c9043233a4d32554)] -> xpath: //lightning-layout[@class='left-margin slds-align_absolute-center slds-grid slds-grid_align-spread slds-wrap']//lightning-layout-item[2]//a]</small> </font> </div>
<div class="test-event"> <font color="maroon"> <small> &emsp; &emsp;--- 16 Oct 16:33:07 955 - Element is displayed:: [[ChromeDriver: chrome on WINDOWS (0982be5e8359f454c9043233a4d32554)] -> xpath: //lightning-layout[@class='left-margin slds-align_absolute-center slds-grid slds-grid_align-spread slds-wrap']//lightning-layout-item[2]//a]</small> </font> </div>
<div class="test-event"> <font color="maroon"> <small> &emsp; &emsp;--- 16 Oct 16:33:08 056 - Element is displayed:: [[ChromeDriver: chrome on WINDOWS (0982be5e8359f454c9043233a4d32554)] -> xpath: //ul[@aria-label='Show More']//li[2]/a]</small> </font> </div>
<div class="test-event"> <font color="maroon"> <small> &emsp; &emsp;--- 16 Oct 16:33:08 104 - Element is displayed:: [[ChromeDriver: chrome on WINDOWS (0982be5e8359f454c9043233a4d32554)] -> xpath: //ul[@aria-label='Show More']//li[2]/a]</small> </font> </div>
<div class="test-event"> <font color="maroon"> <small> &emsp; &emsp;--- 16 Oct 16:33:25 079 - Catched spinner load exception due to Expected condition failed: waiting for ICar.support.WaitUtils$4@636673a3 (tried for 15 second(s) with 500 milliseconds interval)</small> </font> </div>
<div class="test-event"> <font color="maroon"> <small> &emsp; &emsp;--- 16 Oct 16:33:25 080 - <b>15</b> - Spinner Load Wait: (Sync) - ICar.support.WaitUtils.waitForSpinner(WaitUtils.java:225)</small> </font> </div>
<div class="test-event"> <font color="maroon"> <small> &emsp; &emsp;--- 16 Oct 16:33:25 171 - Page URL:: https://www.icarstage.com/my-payment-information</small> </font> </div>
<div class="test-event"> <font color="maroon"> <small> &emsp; &emsp;--- 16 Oct 16:33:25 172 - <b>0</b> - Page Load Wait: (Sync) - ICar.support.Utils.waitForPageLoad(Utils.java:109)</small> </font> </div>
<div class="test-event"> <font color="maroon"> <small> &emsp; &emsp;--- 16 Oct 16:33:25 230 - Element is displayed:: [[ChromeDriver: chrome on WINDOWS (0982be5e8359f454c9043233a4d32554)] -> xpath: //a[contains(text(),'Credit Card')]]</small> </font> </div>
<div class="test-message">&emsp;4. Navigating to My Payment Information Page</div>
<div class="test-message">&emsp;Successfully navigated to 'My Payment Information' Page&emsp;<a href=".\ScreenShot\ICar_B2B_TC031_63972642349500.png" target="_blank" >[ScreenShot]</a></div>
<div class="test-message">&emsp;5. Add the credit card details</div>
<div class="test-event"> <font color="maroon"> <small> &emsp; &emsp;--- 16 Oct 16:33:37 234 - Element Proxy element for: AjaxElementLocator 'By.xpath: //slot[@name='message']', is not displayed in page </small> </font> </div>
<div class="test-event"> <font color="maroon"> <small> &emsp; &emsp;--- 16 Oct 16:34:00 866 - Catched spinner load exception due to Expected condition failed: waiting for ICar.support.WaitUtils$4@636673a3 (tried for 10 second(s) with 500 milliseconds interval)</small> </font> </div>
<div class="test-event"> <font color="maroon"> <small> &emsp; &emsp;--- 16 Oct 16:34:00 866 - <b>10</b> - Spinner Load Wait: (Sync) - ICar.support.WaitUtils.waitForSpinner(WaitUtils.java:225)</small> </font> </div>
<div class="test-event"> <font color="maroon"> <small> &emsp; &emsp;--- 16 Oct 16:34:00 929 - Element is displayed:: [[ChromeDriver: chrome on WINDOWS (0982be5e8359f454c9043233a4d32554)] -> xpath: //a[contains(text(),'Credit Card')]]</small> </font> </div>
<div class="test-event"> <font color="maroon"> <small> &emsp; &emsp;--- 16 Oct 16:34:07 228 - Catched spinner load exception due to Expected condition failed: waiting for ICar.support.WaitUtils$4@636673a3 (tried for 6 second(s) with 500 milliseconds interval)</small> </font> </div>
<div class="test-event"> <font color="maroon"> <small> &emsp; &emsp;--- 16 Oct 16:34:07 228 - <b>6</b> - Spinner Load Wait: (Sync) - ICar.support.WaitUtils.waitForSpinner(WaitUtils.java:225)</small> </font> </div>
<div class="test-event"> <font color="maroon"> <small> &emsp; &emsp;--- 16 Oct 16:34:15 523 - Catched spinner load exception due to Expected condition failed: waiting for ICar.support.WaitUtils$4@636673a3 (tried for 6 second(s) with 500 milliseconds interval)</small> </font> </div>
<div class="test-event"> <font color="maroon"> <small> &emsp; &emsp;--- 16 Oct 16:34:15 523 - <b>6</b> - Spinner Load Wait: (Sync) - ICar.support.WaitUtils.waitForSpinner(WaitUtils.java:225)</small> </font> </div>
<div class="test-event"> <font color="maroon"> <small> &emsp; &emsp;--- 16 Oct 16:34:15 594 - Element is displayed:: [[ChromeDriver: chrome on WINDOWS (0982be5e8359f454c9043233a4d32554)] -> xpath: //input[@name='cardnumber']]</small> </font> </div>
<div class="test-event"> <font color="maroon"> <small> &emsp; &emsp;--- 16 Oct 16:34:16 480 - Element is displayed:: [[ChromeDriver: chrome on WINDOWS (0982be5e8359f454c9043233a4d32554)] -> xpath: //input[@name='exp-date']]</small> </font> </div>
<div class="test-event"> <font color="maroon"> <small> &emsp; &emsp;--- 16 Oct 16:34:16 708 - Element is displayed:: [[ChromeDriver: chrome on WINDOWS (0982be5e8359f454c9043233a4d32554)] -> xpath: //input[@name='cvc']]</small> </font> </div>
<div class="test-event"> <font color="maroon"> <small> &emsp; &emsp;--- 16 Oct 16:34:16 939 - Element is displayed:: [[ChromeDriver: chrome on WINDOWS (0982be5e8359f454c9043233a4d32554)] -> xpath: //input[@name='postal']]</small> </font> </div>
<div class="test-event"> <font color="maroon"> <small> &emsp; &emsp;--- 16 Oct 16:34:17 210 - Element is displayed:: [[ChromeDriver: chrome on WINDOWS (0982be5e8359f454c9043233a4d32554)] -> xpath: //button[@title='Add Card']]</small> </font> </div>
<div class="test-event"> <font color="maroon"> <small> &emsp; &emsp;--- 16 Oct 16:34:19 009 - Element is displayed:: [[ChromeDriver: chrome on WINDOWS (0982be5e8359f454c9043233a4d32554)] -> xpath: //slot[@name='message']]</small> </font> </div>
<div class="test-message">&emsp;Successfully add card to 'My Payment Information' Page&emsp;<a href=".\ScreenShot\ICar_B2B_TC031_64026433988000.png" target="_blank" >[ScreenShot]</a></div>
<div class="test-message">&emsp;6. Set the credit card as default</div>
<div class="test-event"> <font color="maroon"> <small> &emsp; &emsp;--- 16 Oct 16:34:30 542 - Element Proxy element for: AjaxElementLocator 'By.xpath: //slot[@name='message']', is not displayed in page </small> </font> </div>
<div class="test-event"> <font color="maroon"> <small> &emsp; &emsp;--- 16 Oct 16:34:34 798 - Element is displayed:: [[ChromeDriver: chrome on WINDOWS (0982be5e8359f454c9043233a4d32554)] -> xpath: //c-b2b_-my-payment-info[contains(@data-component-id,'MyPaymentInfo')]/div[1]/div[2]/div[1]/div[2]/div/div[4]//lightning-primitive-input-radio]</small> </font> </div>
<div class="test-event"> <font color="maroon"> <small> &emsp; &emsp;--- 16 Oct 16:34:34 886 - Element is displayed:: [[ChromeDriver: chrome on WINDOWS (0982be5e8359f454c9043233a4d32554)] -> xpath: //button[@title='Yes']]</small> </font> </div>
<div class="test-event"> <font color="maroon"> <small> &emsp; &emsp;--- 16 Oct 16:34:34 937 - Element is displayed:: [[ChromeDriver: chrome on WINDOWS (0982be5e8359f454c9043233a4d32554)] -> xpath: //button[@title='Yes']]</small> </font> </div>
<div class="test-message">&emsp;Successfully set the card as default in 'My Payment Information' Page&emsp;<a href=".\ScreenShot\ICar_B2B_TC031_64043496372800.png" target="_blank" >[ScreenShot]</a></div>
<div class="test-message">&emsp;7. click on link to navigate to Browser catalog and add course to the cart</div>
<div class="test-event"> <font color="maroon"> <small> &emsp; &emsp;--- 16 Oct 16:34:36 423 - Page URL:: https://www.icarstage.com/my-payment-information</small> </font> </div>
<div class="test-event"> <font color="maroon"> <small> &emsp; &emsp;--- 16 Oct 16:34:36 423 - <b>0</b> - Page Load Wait: (Sync) - ICar.support.Utils.waitForPageLoad(Utils.java:109)</small> </font> </div>
<div class="test-event"> <font color="maroon"> <small> &emsp; &emsp;--- 16 Oct 16:34:36 491 - Element is displayed:: [[ChromeDriver: chrome on WINDOWS (0982be5e8359f454c9043233a4d32554)] -> xpath: //p[text()='Launch My Learning']]</small> </font> </div>
<div class="test-event"> <font color="maroon"> <small> &emsp; &emsp;--- 16 Oct 16:34:56 546 - Catched spinner load exception due to Expected condition failed: waiting for ICar.support.WaitUtils$4@636673a3 (tried for 20 second(s) with 500 milliseconds interval)</small> </font> </div>
<div class="test-event"> <font color="maroon"> <small> &emsp; &emsp;--- 16 Oct 16:34:56 546 - <b>20</b> - Spinner Load Wait: (Sync) - ICar.support.WaitUtils.waitForSpinner(WaitUtils.java:225)</small> </font> </div>
<div class="test-event"> <font color="maroon"> <small> &emsp; &emsp;--- 16 Oct 16:34:56 623 - Element is displayed:: [[ChromeDriver: chrome on WINDOWS (0982be5e8359f454c9043233a4d32554)] -> xpath: //div[@class='HeaderCart_Icon']/a]</small> </font> </div>
<div class="test-event"> <font color="maroon"> <small> &emsp; &emsp;--- 16 Oct 16:34:59 546 - Element is displayed:: [[ChromeDriver: chrome on WINDOWS (0982be5e8359f454c9043233a4d32554)] -> xpath: //div[@class='HeaderCart_Icon']/a]</small> </font> </div>
<div class="test-event"> <font color="maroon"> <small> &emsp; &emsp;--- 16 Oct 16:35:22 400 - Catched spinner load exception due to Expected condition failed: waiting for ICar.support.WaitUtils$4@636673a3 (tried for 15 second(s) with 500 milliseconds interval)</small> </font> </div>
<div class="test-event"> <font color="maroon"> <small> &emsp; &emsp;--- 16 Oct 16:35:22 400 - <b>15</b> - Spinner Load Wait: (Sync) - ICar.support.WaitUtils.waitForSpinner(WaitUtils.java:225)</small> </font> </div>
<div class="test-event"> <font color="maroon"> <small> &emsp; &emsp;--- 16 Oct 16:35:22 506 - Page URL:: https://www.icarstage.com/cart</small> </font> </div>
<div class="test-event"> <font color="maroon"> <small> &emsp; &emsp;--- 16 Oct 16:35:22 506 - <b>0</b> - Page Load Wait: (Sync) - ICar.support.Utils.waitForPageLoad(Utils.java:109)</small> </font> </div>
<div class="test-event"> <font color="maroon"> <small> &emsp; &emsp;--- 16 Oct 16:35:22 570 - Element is displayed:: [[ChromeDriver: chrome on WINDOWS (0982be5e8359f454c9043233a4d32554)] -> xpath: //button[text()='Continue to Checkout']]</small> </font> </div>
<div class="test-event"> <font color="maroon"> <small> &emsp; &emsp;--- 16 Oct 16:35:22 633 - Element is displayed:: [[ChromeDriver: chrome on WINDOWS (0982be5e8359f454c9043233a4d32554)] -> xpath: //input[contains(@placeholder,'Search')]]</small> </font> </div>
<div class="test-event"> <font color="maroon"> <small> &emsp; &emsp;--- 16 Oct 16:35:22 697 - Element is displayed:: [[ChromeDriver: chrome on WINDOWS (0982be5e8359f454c9043233a4d32554)] -> xpath: //input[contains(@placeholder,'Search')]]</small> </font> </div>
<div class="test-event"> <font color="maroon"> <small> &emsp; &emsp;--- 16 Oct 16:35:31 038 - Element is displayed:: [[[[ChromeDriver: chrome on WINDOWS (0982be5e8359f454c9043233a4d32554)] -> xpath: //c-b2b_custom-search-results-list[contains(@data-component-id,'b2b_customSearchResultsList')]/div/div[2]//table/tbody/tr[1]/td/div]] -> xpath: a]</small> </font> </div>
<div class="test-event"> <font color="maroon"> <small> &emsp; &emsp;--- 16 Oct 16:35:43 225 - Catched spinner load exception due to Expected condition failed: waiting for ICar.support.WaitUtils$4@636673a3 (tried for 10 second(s) with 500 milliseconds interval)</small> </font> </div>
<div class="test-event"> <font color="maroon"> <small> &emsp; &emsp;--- 16 Oct 16:35:43 225 - <b>10</b> - Spinner Load Wait: (Sync) - ICar.support.WaitUtils.waitForSpinner(WaitUtils.java:225)</small> </font> </div>
<div class="test-event"> <font color="maroon"> <small> &emsp; &emsp;--- 16 Oct 16:35:45 506 - Element is displayed:: [[ChromeDriver: chrome on WINDOWS (0982be5e8359f454c9043233a4d32554)] -> xpath: //button[text()='Add to Cart']]</small> </font> </div>
<div class="test-event"> <font color="maroon"> <small> &emsp; &emsp;--- 16 Oct 16:35:45 611 - Element is displayed:: [[ChromeDriver: chrome on WINDOWS (0982be5e8359f454c9043233a4d32554)] -> xpath: //div[@class='HeaderCart_Icon']/a]</small> </font> </div>
<div class="test-event"> <font color="maroon"> <small> &emsp; &emsp;--- 16 Oct 16:35:52 706 - Element is displayed:: [[ChromeDriver: chrome on WINDOWS (0982be5e8359f454c9043233a4d32554)] -> xpath: //div[@class='HeaderCart_Icon']/a]</small> </font> </div>
<div class="test-event"> <font color="maroon"> <small> &emsp; &emsp;--- 16 Oct 16:35:54 039 - Page URL:: https://www.icarstage.com/cart</small> </font> </div>
<div class="test-event"> <font color="maroon"> <small> &emsp; &emsp;--- 16 Oct 16:35:54 040 - <b>0</b> - Page Load Wait: (Sync) - ICar.support.Utils.waitForPageLoad(Utils.java:109)</small> </font> </div>
<div class="test-event"> <font color="maroon"> <small> &emsp; &emsp;--- 16 Oct 16:35:54 095 - Element is displayed:: [[ChromeDriver: chrome on WINDOWS (0982be5e8359f454c9043233a4d32554)] -> xpath: //p[text()='Launch My Learning']]</small> </font> </div>
<div class="test-event"> <font color="maroon"> <small> &emsp; &emsp;--- 16 Oct 16:36:14 476 - Catched spinner load exception due to Expected condition failed: waiting for ICar.support.WaitUtils$4@636673a3 (tried for 20 second(s) with 500 milliseconds interval)</small> </font> </div>
<div class="test-event"> <font color="maroon"> <small> &emsp; &emsp;--- 16 Oct 16:36:14 476 - <b>20</b> - Spinner Load Wait: (Sync) - ICar.support.WaitUtils.waitForSpinner(WaitUtils.java:225)</small> </font> </div>
<div class="test-event"> <font color="maroon"> <small> &emsp; &emsp;--- 16 Oct 16:36:14 516 - Element is displayed:: [[ChromeDriver: chrome on WINDOWS (0982be5e8359f454c9043233a4d32554)] -> xpath: //div[@class='HeaderCart_Icon']/a]</small> </font> </div>
<div class="test-event"> <font color="maroon"> <small> &emsp; &emsp;--- 16 Oct 16:36:16 594 - Element is displayed:: [[ChromeDriver: chrome on WINDOWS (0982be5e8359f454c9043233a4d32554)] -> xpath: //div[@class='HeaderCart_Icon']/a]</small> </font> </div>
<div class="test-event"> <font color="maroon"> <small> &emsp; &emsp;--- 16 Oct 16:36:36 295 - Catched spinner load exception due to Expected condition failed: waiting for ICar.support.WaitUtils$4@636673a3 (tried for 15 second(s) with 500 milliseconds interval)</small> </font> </div>
<div class="test-event"> <font color="maroon"> <small> &emsp; &emsp;--- 16 Oct 16:36:36 295 - <b>15</b> - Spinner Load Wait: (Sync) - ICar.support.WaitUtils.waitForSpinner(WaitUtils.java:225)</small> </font> </div>
<div class="test-event"> <font color="maroon"> <small> &emsp; &emsp;--- 16 Oct 16:36:36 401 - Page URL:: https://www.icarstage.com/cart</small> </font> </div>
<div class="test-event"> <font color="maroon"> <small> &emsp; &emsp;--- 16 Oct 16:36:36 401 - <b>0</b> - Page Load Wait: (Sync) - ICar.support.Utils.waitForPageLoad(Utils.java:109)</small> </font> </div>
<div class="test-event"> <font color="maroon"> <small> &emsp; &emsp;--- 16 Oct 16:36:36 454 - Element is displayed:: [[ChromeDriver: chrome on WINDOWS (0982be5e8359f454c9043233a4d32554)] -> xpath: //button[text()='Continue to Checkout']]</small> </font> </div>
<div class="test-message">&emsp;8. click on My cart icon to navigate to My Cart Page</div>
<div class="test-message">&emsp;Successfully navigated to 'My Cart' Page&emsp;<a href=".\ScreenShot\ICar_B2B_TC031_64163867249400.png" target="_blank" >[ScreenShot]</a></div>
<div class="test-event"> <font color="maroon"> <small> &emsp; &emsp;--- 16 Oct 16:36:49 571 - Page URL:: https://www.icarstage.com/cart</small> </font> </div>
<div class="test-event"> <font color="maroon"> <small> &emsp; &emsp;--- 16 Oct 16:36:49 571 - <b>0</b> - Page Load Wait: (Sync) - ICar.support.Utils.waitForPageLoad(Utils.java:109)</small> </font> </div>
<div class="test-event"> <font color="maroon"> <small> &emsp; &emsp;--- 16 Oct 16:36:56 824 - Catched spinner load exception due to Expected condition failed: waiting for ICar.support.WaitUtils$4@636673a3 (tried for 7 second(s) with 500 milliseconds interval)</small> </font> </div>
<div class="test-event"> <font color="maroon"> <small> &emsp; &emsp;--- 16 Oct 16:36:56 825 - <b>7</b> - Spinner Load Wait: (Sync) - ICar.support.WaitUtils.waitForSpinner(WaitUtils.java:225)</small> </font> </div>
<div class="test-message">&emsp;11. Click Email purchase confirmation</div>
<div class="test-event"> <font color="maroon"> <small> &emsp; &emsp;--- 16 Oct 16:37:10 545 - Unable to find a element after 10 sec ==> Proxy element for: AjaxElementLocator 'By.cssSelector: .cDcPurchaseConfirmation >div div >button'</small> </font> </div>
<!--FAIL-->
<div class="test-result"><br><font color="red"><strong> Email confirmation not found in page!! </strong></font> <a href=".\ScreenShot\ICar_B2B_TC031_64197956763100.png" target="_blank" >[ScreenShot]</a></div>&emsp;
&emsp;<div class="test-title"> <strong><font size = "3" color = "#0000FF">---Test Execution Ends---</font> </strong> </div>&emsp;
<div class="test-event"> <font color="maroon"> <small> &emsp; &emsp;--- 16 Oct 16:37:11 428 - TestCaseID:: ICar_B2B_TC032</small> </font> </div>
<div class="test-event"> <font color="maroon"> <small> &emsp; &emsp;--- 16 Oct 16:37:13 102 - <b>1</b> - Driver::initialize::Get - ICar.support.WebDriverFactory.getDriver(WebDriverFactory.java:640)</small> </font> </div>
&emsp;<div class="test-title"> <strong><font size = "3" color = "#000080">Ability to make payment with the saved bank account</font> </strong> </div>&emsp;<div><strong>Steps:</strong></div><!-- Report -->&emsp;
<div class="test-event"> <font color="maroon"> <small> &emsp; &emsp;--- 16 Oct 16:37:18 922 - Element is displayed:: [[ChromeDriver: chrome on WINDOWS (d186178d45d793020a8e056a11d42c08)] -> xpath: //a/img[@alt='Login Image']|//button[@id='btn-login']]</small> </font> </div>
<div class="test-event"> <font color="maroon"> <small> &emsp; &emsp;--- 16 Oct 16:37:18 972 - Element is displayed:: [[ChromeDriver: chrome on WINDOWS (d186178d45d793020a8e056a11d42c08)] -> xpath: //a/img[@alt='Login Image']|//button[@id='btn-login']]</small> </font> </div>
<div class="test-message">&emsp;Successfully navigated to 'Home' Page&emsp;<a href=".\ScreenShot\ICar_B2B_TC032_64206383779100.png" target="_blank" >[ScreenShot]</a></div>
<div class="test-message">&emsp;1. Home page is launched.</div>
<div class="test-event"> <font color="maroon"> <small> &emsp; &emsp;--- 16 Oct 16:37:19 391 - Page URL:: https://www.icarstage.com/</small> </font> </div>
<div class="test-event"> <font color="maroon"> <small> &emsp; &emsp;--- 16 Oct 16:37:19 391 - <b>0</b> - Page Load Wait: (Sync) - ICar.support.Utils.waitForPageLoad(Utils.java:109)</small> </font> </div>
<div class="test-event"> <font color="maroon"> <small> &emsp; &emsp;--- 16 Oct 16:37:19 436 - Element is displayed:: [[ChromeDriver: chrome on WINDOWS (d186178d45d793020a8e056a11d42c08)] -> xpath: //a/img[@alt='Login Image']|//button[@id='btn-login']]</small> </font> </div>
<div class="test-event"> <font color="maroon"> <small> &emsp; &emsp;--- 16 Oct 16:37:19 493 - Element is displayed:: [[ChromeDriver: chrome on WINDOWS (d186178d45d793020a8e056a11d42c08)] -> xpath: //a/img[@alt='Login Image']|//button[@id='btn-login']]</small> </font> </div>
<div class="test-event"> <font color="maroon"> <small> &emsp; &emsp;--- 16 Oct 16:37:37 506 - Catched spinner load exception due to Expected condition failed: waiting for ICar.support.WaitUtils$4@636673a3 (tried for 15 second(s) with 500 milliseconds interval)</small> </font> </div>
<div class="test-event"> <font color="maroon"> <small> &emsp; &emsp;--- 16 Oct 16:37:37 506 - <b>15</b> - Spinner Load Wait: (Sync) - ICar.support.WaitUtils.waitForSpinner(WaitUtils.java:225)</small> </font> </div>
<div class="test-message">&emsp;2. Navigate to 'Login Page'</div>
<div class="test-message">&emsp;Successfully navigated to 'Login' Page&emsp;<a href=".\ScreenShot\ICar_B2B_TC032_64224922019700.png" target="_blank" >[ScreenShot]</a></div>
<div class="test-event"> <font color="maroon"> <small> &emsp; &emsp;--- 16 Oct 16:37:37 743 - Element is displayed:: [[ChromeDriver: chrome on WINDOWS (d186178d45d793020a8e056a11d42c08)] -> id: username]</small> </font> </div>
<div class="test-event"> <font color="maroon"> <small> &emsp; &emsp;--- 16 Oct 16:37:37 808 - Element is displayed:: [[ChromeDriver: chrome on WINDOWS (d186178d45d793020a8e056a11d42c08)] -> id: username]</small> </font> </div>
<div class="test-event"> <font color="maroon"> <small> &emsp; &emsp;--- 16 Oct 16:37:38 037 - Element is displayed:: [[ChromeDriver: chrome on WINDOWS (d186178d45d793020a8e056a11d42c08)] -> id: password]</small> </font> </div>
<div class="test-event"> <font color="maroon"> <small> &emsp; &emsp;--- 16 Oct 16:37:38 220 - Element is displayed:: [[ChromeDriver: chrome on WINDOWS (d186178d45d793020a8e056a11d42c08)] -> id: btn-login]</small> </font> </div>
<div class="test-event"> <font color="maroon"> <small> &emsp; &emsp;--- 16 Oct 16:37:44 502 - Catched spinner load exception due to Expected condition failed: waiting for ICar.support.WaitUtils$4@636673a3 (tried for 3 second(s) with 500 milliseconds interval)</small> </font> </div>
<div class="test-event"> <font color="maroon"> <small> &emsp; &emsp;--- 16 Oct 16:37:44 502 - <b>6</b> - Spinner Load Wait: (Sync) - ICar.support.WaitUtils.waitForSpinner(WaitUtils.java:225)</small> </font> </div>
<div class="test-event"> <font color="maroon"> <small> &emsp; &emsp;--- 16 Oct 16:38:08 214 - Catched spinner load exception due to Expected condition failed: waiting for ICar.support.WaitUtils$4@636673a3 (tried for 10 second(s) with 500 milliseconds interval)</small> </font> </div>
<div class="test-event"> <font color="maroon"> <small> &emsp; &emsp;--- 16 Oct 16:38:08 214 - <b>10</b> - Spinner Load Wait: (Sync) - ICar.support.WaitUtils.waitForSpinner(WaitUtils.java:225)</small> </font> </div>
<div class="test-event"> <font color="maroon"> <small> &emsp; &emsp;--- 16 Oct 16:38:08 337 - Element is displayed:: [[ChromeDriver: chrome on WINDOWS (d186178d45d793020a8e056a11d42c08)] -> xpath: //button[@value='Launch My Learning']]</small> </font> </div>
<div class="test-message">&emsp;3. Enter the user credentials as : 2810173</div>
<div class="test-message">&emsp;Successfully navigated to 'User Home' Page&emsp;<a href=".\ScreenShot\ICar_B2B_TC032_64255748896900.png" target="_blank" >[ScreenShot]</a></div>
<div class="test-event"> <font color="maroon"> <small> &emsp; &emsp;--- 16 Oct 16:38:08 758 - Page URL:: https://www.icarstage.com/</small> </font> </div>
<div class="test-event"> <font color="maroon"> <small> &emsp; &emsp;--- 16 Oct 16:38:08 758 - <b>0</b> - Page Load Wait: (Sync) - ICar.support.Utils.waitForPageLoad(Utils.java:109)</small> </font> </div>
<div class="test-event"> <font color="maroon"> <small> &emsp; &emsp;--- 16 Oct 16:38:08 816 - Element is displayed:: [[ChromeDriver: chrome on WINDOWS (d186178d45d793020a8e056a11d42c08)] -> xpath: //p[text()='Launch My Learning']]</small> </font> </div>
<div class="test-event"> <font color="maroon"> <small> &emsp; &emsp;--- 16 Oct 16:38:08 861 - Element is displayed:: [[ChromeDriver: chrome on WINDOWS (d186178d45d793020a8e056a11d42c08)] -> xpath: //lightning-layout[@class='left-margin slds-align_absolute-center slds-grid slds-grid_align-spread slds-wrap']//lightning-layout-item[2]//a]</small> </font> </div>
<div class="test-event"> <font color="maroon"> <small> &emsp; &emsp;--- 16 Oct 16:38:10 951 - Element is displayed:: [[ChromeDriver: chrome on WINDOWS (d186178d45d793020a8e056a11d42c08)] -> xpath: //lightning-layout[@class='left-margin slds-align_absolute-center slds-grid slds-grid_align-spread slds-wrap']//lightning-layout-item[2]//a]</small> </font> </div>
<div class="test-event"> <font color="maroon"> <small> &emsp; &emsp;--- 16 Oct 16:38:11 070 - Element is displayed:: [[ChromeDriver: chrome on WINDOWS (d186178d45d793020a8e056a11d42c08)] -> xpath: //ul[@aria-label='Show More']//li[2]/a]</small> </font> </div>
<div class="test-event"> <font color="maroon"> <small> &emsp; &emsp;--- 16 Oct 16:38:11 134 - Element is displayed:: [[ChromeDriver: chrome on WINDOWS (d186178d45d793020a8e056a11d42c08)] -> xpath: //ul[@aria-label='Show More']//li[2]/a]</small> </font> </div>
<div class="test-event"> <font color="maroon"> <small> &emsp; &emsp;--- 16 Oct 16:38:28 240 - Catched spinner load exception due to Expected condition failed: waiting for ICar.support.WaitUtils$4@636673a3 (tried for 15 second(s) with 500 milliseconds interval)</small> </font> </div>
<div class="test-event"> <font color="maroon"> <small> &emsp; &emsp;--- 16 Oct 16:38:28 240 - <b>15</b> - Spinner Load Wait: (Sync) - ICar.support.WaitUtils.waitForSpinner(WaitUtils.java:225)</small> </font> </div>
<div class="test-event"> <font color="maroon"> <small> &emsp; &emsp;--- 16 Oct 16:38:28 332 - Page URL:: https://www.icarstage.com/my-payment-information</small> </font> </div>
<div class="test-event"> <font color="maroon"> <small> &emsp; &emsp;--- 16 Oct 16:38:28 332 - <b>0</b> - Page Load Wait: (Sync) - ICar.support.Utils.waitForPageLoad(Utils.java:109)</small> </font> </div>
<div class="test-event"> <font color="maroon"> <small> &emsp; &emsp;--- 16 Oct 16:38:28 385 - Element is displayed:: [[ChromeDriver: chrome on WINDOWS (d186178d45d793020a8e056a11d42c08)] -> xpath: //a[contains(text(),'Credit Card')]]</small> </font> </div>
<div class="test-message">&emsp;4. Navigating to My Payment Information Page</div>
<div class="test-message">&emsp;Successfully navigated to 'My Payment Information' Page&emsp;<a href=".\ScreenShot\ICar_B2B_TC032_64275796855800.png" target="_blank" >[ScreenShot]</a></div>
<div class="test-event"> <font color="maroon"> <small> &emsp; &emsp;--- 16 Oct 16:38:36 901 - Element Proxy element for: AjaxElementLocator 'By.xpath: //slot[@name='message']', is not displayed in page </small> </font> </div>
<div class="test-message">&emsp;5. Add the credit card details</div>
<div class="test-event"> <font color="maroon"> <small> &emsp; &emsp;--- 16 Oct 16:38:44 203 - Page URL:: https://www.icarstage.com/my-payment-information</small> </font> </div>
<div class="test-event"> <font color="maroon"> <small> &emsp; &emsp;--- 16 Oct 16:38:44 204 - <b>0</b> - Page Load Wait: (Sync) - ICar.support.Utils.waitForPageLoad(Utils.java:109)</small> </font> </div>
<div class="test-event"> <font color="maroon"> <small> &emsp; &emsp;--- 16 Oct 16:38:55 526 - Catched spinner load exception due to Expected condition failed: waiting for ICar.support.WaitUtils$4@636673a3 (tried for 7 second(s) with 500 milliseconds interval)</small> </font> </div>
<div class="test-event"> <font color="maroon"> <small> &emsp; &emsp;--- 16 Oct 16:38:55 526 - <b>7</b> - Spinner Load Wait: (Sync) - ICar.support.WaitUtils.waitForSpinner(WaitUtils.java:225)</small> </font> </div>
<div class="test-event"> <font color="maroon"> <small> &emsp; &emsp;--- 16 Oct 16:38:55 595 - Element is displayed:: [[ChromeDriver: chrome on WINDOWS (d186178d45d793020a8e056a11d42c08)] -> xpath: //a[contains(text(),'Add Bank Account')]]</small> </font> </div>
<div class="test-event"> <font color="maroon"> <small> &emsp; &emsp;--- 16 Oct 16:38:55 780 - Page URL:: https://www.icarstage.com/my-payment-information</small> </font> </div>
<div class="test-event"> <font color="maroon"> <small> &emsp; &emsp;--- 16 Oct 16:38:55 780 - <b>0</b> - Page Load Wait: (Sync) - ICar.support.Utils.waitForPageLoad(Utils.java:109)</small> </font> </div>
<div class="test-event"> <font color="maroon"> <small> &emsp; &emsp;--- 16 Oct 16:38:55 863 - Page URL:: https://www.icarstage.com/my-payment-information</small> </font> </div>
<div class="test-event"> <font color="maroon"> <small> &emsp; &emsp;--- 16 Oct 16:38:55 863 - <b>0</b> - Page Load Wait: (Sync) - ICar.support.Utils.waitForPageLoad(Utils.java:109)</small> </font> </div>
<div class="test-event"> <font color="maroon"> <small> &emsp; &emsp;--- 16 Oct 16:39:03 369 - Catched spinner load exception due to Expected condition failed: waiting for ICar.support.WaitUtils$4@636673a3 (tried for 7 second(s) with 500 milliseconds interval)</small> </font> </div>
<div class="test-event"> <font color="maroon"> <small> &emsp; &emsp;--- 16 Oct 16:39:03 370 - <b>7</b> - Spinner Load Wait: (Sync) - ICar.support.WaitUtils.waitForSpinner(WaitUtils.java:225)</small> </font> </div>
<div class="test-event"> <font color="maroon"> <small> &emsp; &emsp;--- 16 Oct 16:39:03 533 - Element is displayed:: [[ChromeDriver: chrome on WINDOWS (d186178d45d793020a8e056a11d42c08)] -> xpath: (//div[@class='slds-form-element__control slds-grow']/child::input)[1]]</small> </font> </div>
<div class="test-event"> <font color="maroon"> <small> &emsp; &emsp;--- 16 Oct 16:39:03 860 - Page URL:: https://www.icarstage.com/my-payment-information</small> </font> </div>
<div class="test-event"> <font color="maroon"> <small> &emsp; &emsp;--- 16 Oct 16:39:03 860 - <b>0</b> - Page Load Wait: (Sync) - ICar.support.Utils.waitForPageLoad(Utils.java:109)</small> </font> </div>
<div class="test-event"> <font color="maroon"> <small> &emsp; &emsp;--- 16 Oct 16:39:03 969 - Element is displayed:: [[ChromeDriver: chrome on WINDOWS (d186178d45d793020a8e056a11d42c08)] -> xpath: (//div[@class='slds-form-element__control slds-grow']/child::input)[2]]</small> </font> </div>
<div class="test-event"> <font color="maroon"> <small> &emsp; &emsp;--- 16 Oct 16:39:04 607 - Element is displayed:: [[ChromeDriver: chrome on WINDOWS (d186178d45d793020a8e056a11d42c08)] -> xpath: //button[@title='Add Account']]</small> </font> </div>
<div class="test-event"> <font color="maroon"> <small> &emsp; &emsp;--- 16 Oct 16:39:06 493 - Element is displayed:: [[ChromeDriver: chrome on WINDOWS (d186178d45d793020a8e056a11d42c08)] -> xpath: //slot[@name='message']]</small> </font> </div>
<div class="test-message">&emsp;Successfully add card to 'My Payment Information' Page&emsp;<a href=".\ScreenShot\ICar_B2B_TC032_64313922343900.png" target="_blank" >[ScreenShot]</a></div>
<div class="test-event"> <font color="maroon"> <small> &emsp; &emsp;--- 16 Oct 16:39:07 729 - Catched spinner load exception due to Expected condition failed: waiting for ICar.support.WaitUtils$4@636673a3 (tried for 1 second(s) with 500 milliseconds interval)</small> </font> </div>
<div class="test-event"> <font color="maroon"> <small> &emsp; &emsp;--- 16 Oct 16:39:07 729 - <b>1</b> - Spinner Load Wait: (Sync) - ICar.support.WaitUtils.waitForSpinner(WaitUtils.java:225)</small> </font> </div>
<div class="test-event"> <font color="maroon"> <small> &emsp; &emsp;--- 16 Oct 16:39:18 034 - Catched spinner load exception due to Expected condition failed: waiting for ICar.support.WaitUtils$4@636673a3 (tried for 10 second(s) with 500 milliseconds interval)</small> </font> </div>
<div class="test-event"> <font color="maroon"> <small> &emsp; &emsp;--- 16 Oct 16:39:18 034 - <b>10</b> - Spinner Load Wait: (Sync) - ICar.support.WaitUtils.waitForSpinner(WaitUtils.java:225)</small> </font> </div>
<div class="test-event"> <font color="maroon"> <small> &emsp; &emsp;--- 16 Oct 16:39:28 333 - Catched spinner load exception due to Expected condition failed: waiting for ICar.support.WaitUtils$4@636673a3 (tried for 10 second(s) with 500 milliseconds interval)</small> </font> </div>
<div class="test-event"> <font color="maroon"> <small> &emsp; &emsp;--- 16 Oct 16:39:28 333 - <b>10</b> - Spinner Load Wait: (Sync) - ICar.support.WaitUtils.waitForSpinner(WaitUtils.java:225)</small> </font> </div>
<div class="test-event"> <font color="maroon"> <small> &emsp; &emsp;--- 16 Oct 16:39:28 375 - Element is displayed:: [[ChromeDriver: chrome on WINDOWS (d186178d45d793020a8e056a11d42c08)] -> xpath: //a[contains(@name,'verify|ba_')]]</small> </font> </div>
<div class="test-event"> <font color="maroon"> <small> &emsp; &emsp;--- 16 Oct 16:39:29 506 - Element is displayed:: [[ChromeDriver: chrome on WINDOWS (d186178d45d793020a8e056a11d42c08)] -> xpath: (//input[@placeholder='Amount in cents'])[1]]</small> </font> </div>
<div class="test-event"> <font color="maroon"> <small> &emsp; &emsp;--- 16 Oct 16:39:29 723 - Element is displayed:: [[ChromeDriver: chrome on WINDOWS (d186178d45d793020a8e056a11d42c08)] -> xpath: (//input[@placeholder='Amount in cents'])[2]]</small> </font> </div>
<div class="test-event"> <font color="maroon"> <small> &emsp; &emsp;--- 16 Oct 16:39:30 912 - Element is displayed:: [[ChromeDriver: chrome on WINDOWS (d186178d45d793020a8e056a11d42c08)] -> xpath: //button[@title='Verify Account']]</small> </font> </div>
<div class="test-event"> <font color="maroon"> <small> &emsp; &emsp;--- 16 Oct 16:39:32 983 - Catched spinner load exception due to Expected condition failed: waiting for ICar.support.WaitUtils$4@636673a3 (tried for 2 second(s) with 500 milliseconds interval)</small> </font> </div>
<div class="test-event"> <font color="maroon"> <small> &emsp; &emsp;--- 16 Oct 16:39:32 983 - <b>2</b> - Spinner Load Wait: (Sync) - ICar.support.WaitUtils.waitForSpinner(WaitUtils.java:225)</small> </font> </div>
<div class="test-event"> <font color="maroon"> <small> &emsp; &emsp;--- 16 Oct 16:39:33 038 - Element is displayed:: [[ChromeDriver: chrome on WINDOWS (d186178d45d793020a8e056a11d42c08)] -> xpath: //button[@title='Verify Account']]</small> </font> </div>
<div class="test-event"> <font color="maroon"> <small> &emsp; &emsp;--- 16 Oct 16:39:33 942 - Element is displayed:: [[ChromeDriver: chrome on WINDOWS (d186178d45d793020a8e056a11d42c08)] -> xpath: //slot[@name='message']]</small> </font> </div>
<div class="test-message">&emsp;6. click on link to navigate to Browser catalog and Successfully adding course to the cart</div>
<div class="test-event"> <font color="maroon"> <small> &emsp; &emsp;--- 16 Oct 16:39:34 103 - Page URL:: https://www.icarstage.com/my-payment-information</small> </font> </div>
<div class="test-event"> <font color="maroon"> <small> &emsp; &emsp;--- 16 Oct 16:39:34 103 - <b>0</b> - Page Load Wait: (Sync) - ICar.support.Utils.waitForPageLoad(Utils.java:109)</small> </font> </div>
<div class="test-event"> <font color="maroon"> <small> &emsp; &emsp;--- 16 Oct 16:39:34 161 - Element is displayed:: [[ChromeDriver: chrome on WINDOWS (d186178d45d793020a8e056a11d42c08)] -> xpath: //p[text()='Launch My Learning']]</small> </font> </div>
<div class="test-event"> <font color="maroon"> <small> &emsp; &emsp;--- 16 Oct 16:39:54 270 - Catched spinner load exception due to Expected condition failed: waiting for ICar.support.WaitUtils$4@636673a3 (tried for 20 second(s) with 500 milliseconds interval)</small> </font> </div>
<div class="test-event"> <font color="maroon"> <small> &emsp; &emsp;--- 16 Oct 16:39:54 270 - <b>20</b> - Spinner Load Wait: (Sync) - ICar.support.WaitUtils.waitForSpinner(WaitUtils.java:225)</small> </font> </div>
<div class="test-event"> <font color="maroon"> <small> &emsp; &emsp;--- 16 Oct 16:39:54 318 - Element is displayed:: [[ChromeDriver: chrome on WINDOWS (d186178d45d793020a8e056a11d42c08)] -> xpath: //div[@class='HeaderCart_Icon']/a]</small> </font> </div>
<div class="test-event"> <font color="maroon"> <small> &emsp; &emsp;--- 16 Oct 16:39:56 389 - Element is displayed:: [[ChromeDriver: chrome on WINDOWS (d186178d45d793020a8e056a11d42c08)] -> xpath: //div[@class='HeaderCart_Icon']/a]</small> </font> </div>
<div class="test-event"> <font color="maroon"> <small> &emsp; &emsp;--- 16 Oct 16:40:16 398 - Catched spinner load exception due to Expected condition failed: waiting for ICar.support.WaitUtils$4@636673a3 (tried for 15 second(s) with 500 milliseconds interval)</small> </font> </div>
<div class="test-event"> <font color="maroon"> <small> &emsp; &emsp;--- 16 Oct 16:40:16 398 - <b>15</b> - Spinner Load Wait: (Sync) - ICar.support.WaitUtils.waitForSpinner(WaitUtils.java:225)</small> </font> </div>
<div class="test-event"> <font color="maroon"> <small> &emsp; &emsp;--- 16 Oct 16:40:16 506 - Page URL:: https://www.icarstage.com/cart</small> </font> </div>
<div class="test-event"> <font color="maroon"> <small> &emsp; &emsp;--- 16 Oct 16:40:16 506 - <b>0</b> - Page Load Wait: (Sync) - ICar.support.Utils.waitForPageLoad(Utils.java:109)</small> </font> </div>
<div class="test-event"> <font color="maroon"> <small> &emsp; &emsp;--- 16 Oct 16:40:16 591 - Element is displayed:: [[ChromeDriver: chrome on WINDOWS (d186178d45d793020a8e056a11d42c08)] -> xpath: //button[text()='Continue to Checkout']]</small> </font> </div>
<div class="test-event"> <font color="maroon"> <small> &emsp; &emsp;--- 16 Oct 16:40:16 678 - Element is displayed:: [[ChromeDriver: chrome on WINDOWS (d186178d45d793020a8e056a11d42c08)] -> xpath: //input[contains(@placeholder,'Search')]]</small> </font> </div>
<div class="test-event"> <font color="maroon"> <small> &emsp; &emsp;--- 16 Oct 16:40:16 736 - Element is displayed:: [[ChromeDriver: chrome on WINDOWS (d186178d45d793020a8e056a11d42c08)] -> xpath: //input[contains(@placeholder,'Search')]]</small> </font> </div>
<div class="test-event"> <font color="maroon"> <small> &emsp; &emsp;--- 16 Oct 16:40:25 184 - Element is displayed:: [[[[ChromeDriver: chrome on WINDOWS (d186178d45d793020a8e056a11d42c08)] -> xpath: //c-b2b_custom-search-results-list[contains(@data-component-id,'b2b_customSearchResultsList')]/div/div[2]//table/tbody/tr[1]/td/div]] -> xpath: a]</small> </font> </div>
<div class="test-event"> <font color="maroon"> <small> &emsp; &emsp;--- 16 Oct 16:40:37 239 - Catched spinner load exception due to Expected condition failed: waiting for ICar.support.WaitUtils$4@636673a3 (tried for 10 second(s) with 500 milliseconds interval)</small> </font> </div>
<div class="test-event"> <font color="maroon"> <small> &emsp; &emsp;--- 16 Oct 16:40:37 239 - <b>10</b> - Spinner Load Wait: (Sync) - ICar.support.WaitUtils.waitForSpinner(WaitUtils.java:225)</small> </font> </div>
<div class="test-event"> <font color="maroon"> <small> &emsp; &emsp;--- 16 Oct 16:40:39 337 - Element is displayed:: [[ChromeDriver: chrome on WINDOWS (d186178d45d793020a8e056a11d42c08)] -> xpath: //button[text()='Add to Cart']]</small> </font> </div>
<div class="test-event"> <font color="maroon"> <small> &emsp; &emsp;--- 16 Oct 16:40:39 469 - Element is displayed:: [[ChromeDriver: chrome on WINDOWS (d186178d45d793020a8e056a11d42c08)] -> xpath: //div[@class='HeaderCart_Icon']/a]</small> </font> </div>
<div class="test-event"> <font color="maroon"> <small> &emsp; &emsp;--- 16 Oct 16:40:46 555 - Element is displayed:: [[ChromeDriver: chrome on WINDOWS (d186178d45d793020a8e056a11d42c08)] -> xpath: //div[@class='HeaderCart_Icon']/a]</small> </font> </div>
<div class="test-event"> <font color="maroon"> <small> &emsp; &emsp;--- 16 Oct 16:40:47 906 - Page URL:: https://www.icarstage.com/cart</small> </font> </div>
<div class="test-event"> <font color="maroon"> <small> &emsp; &emsp;--- 16 Oct 16:40:47 906 - <b>0</b> - Page Load Wait: (Sync) - ICar.support.Utils.waitForPageLoad(Utils.java:109)</small> </font> </div>
<div class="test-event"> <font color="maroon"> <small> &emsp; &emsp;--- 16 Oct 16:40:47 961 - Element is displayed:: [[ChromeDriver: chrome on WINDOWS (d186178d45d793020a8e056a11d42c08)] -> xpath: //p[text()='Launch My Learning']]</small> </font> </div>
<div class="test-event"> <font color="maroon"> <small> &emsp; &emsp;--- 16 Oct 16:41:08 030 - Catched spinner load exception due to Expected condition failed: waiting for ICar.support.WaitUtils$4@636673a3 (tried for 20 second(s) with 500 milliseconds interval)</small> </font> </div>
<div class="test-event"> <font color="maroon"> <small> &emsp; &emsp;--- 16 Oct 16:41:08 030 - <b>20</b> - Spinner Load Wait: (Sync) - ICar.support.WaitUtils.waitForSpinner(WaitUtils.java:225)</small> </font> </div>
<div class="test-event"> <font color="maroon"> <small> &emsp; &emsp;--- 16 Oct 16:41:08 074 - Element is displayed:: [[ChromeDriver: chrome on WINDOWS (d186178d45d793020a8e056a11d42c08)] -> xpath: //div[@class='HeaderCart_Icon']/a]</small> </font> </div>
<div class="test-event"> <font color="maroon"> <small> &emsp; &emsp;--- 16 Oct 16:41:10 156 - Element is displayed:: [[ChromeDriver: chrome on WINDOWS (d186178d45d793020a8e056a11d42c08)] -> xpath: //div[@class='HeaderCart_Icon']/a]</small> </font> </div>
<div class="test-event"> <font color="maroon"> <small> &emsp; &emsp;--- 16 Oct 16:41:29 816 - Catched spinner load exception due to Expected condition failed: waiting for ICar.support.WaitUtils$4@636673a3 (tried for 15 second(s) with 500 milliseconds interval)</small> </font> </div>
<div class="test-event"> <font color="maroon"> <small> &emsp; &emsp;--- 16 Oct 16:41:29 816 - <b>15</b> - Spinner Load Wait: (Sync) - ICar.support.WaitUtils.waitForSpinner(WaitUtils.java:225)</small> </font> </div>
<div class="test-event"> <font color="maroon"> <small> &emsp; &emsp;--- 16 Oct 16:41:29 932 - Page URL:: https://www.icarstage.com/cart</small> </font> </div>
<div class="test-event"> <font color="maroon"> <small> &emsp; &emsp;--- 16 Oct 16:41:29 932 - <b>0</b> - Page Load Wait: (Sync) - ICar.support.Utils.waitForPageLoad(Utils.java:109)</small> </font> </div>
<div class="test-event"> <font color="maroon"> <small> &emsp; &emsp;--- 16 Oct 16:41:30 002 - Element is displayed:: [[ChromeDriver: chrome on WINDOWS (d186178d45d793020a8e056a11d42c08)] -> xpath: //button[text()='Continue to Checkout']]</small> </font> </div>
<div class="test-message">&emsp;7. click on My cart icon to navigate to My Cart Page</div>
<div class="test-message">&emsp;Successfully navigated to 'My Cart' Page&emsp;<a href=".\ScreenShot\ICar_B2B_TC032_64457415055900.png" target="_blank" >[ScreenShot]</a></div>
<div class="test-event"> <font color="maroon"> <small> &emsp; &emsp;--- 16 Oct 16:41:32 375 - Element is displayed:: [[ChromeDriver: chrome on WINDOWS (d186178d45d793020a8e056a11d42c08)] -> xpath: //button[text()='Continue to Checkout']]</small> </font> </div>
<div class="test-event"> <font color="maroon"> <small> &emsp; &emsp;--- 16 Oct 16:41:35 917 - Catched spinner load exception due to Expected condition failed: waiting for ICar.support.WaitUtils$4@636673a3 (tried for 3 second(s) with 500 milliseconds interval)</small> </font> </div>
<div class="test-event"> <font color="maroon"> <small> &emsp; &emsp;--- 16 Oct 16:41:35 917 - <b>3</b> - Spinner Load Wait: (Sync) - ICar.support.WaitUtils.waitForSpinner(WaitUtils.java:225)</small> </font> </div>
<div class="test-event"> <font color="maroon"> <small> &emsp; &emsp;--- 16 Oct 16:41:44 239 - Catched spinner load exception due to Expected condition failed: waiting for ICar.support.WaitUtils$4@636673a3 (tried for 8 second(s) with 500 milliseconds interval)</small> </font> </div>
<div class="test-event"> <font color="maroon"> <small> &emsp; &emsp;--- 16 Oct 16:41:44 239 - <b>8</b> - Spinner Load Wait: (Sync) - ICar.support.WaitUtils.waitForSpinner(WaitUtils.java:225)</small> </font> </div>
<div class="test-event"> <font color="maroon"> <small> &emsp; &emsp;--- 16 Oct 16:41:44 441 - Page URL:: https://www.icarstage.com/checkout</small> </font> </div>
<div class="test-event"> <font color="maroon"> <small> &emsp; &emsp;--- 16 Oct 16:41:44 441 - <b>0</b> - Page Load Wait: (Sync) - ICar.support.Utils.waitForPageLoad(Utils.java:109)</small> </font> </div>
<div class="test-event"> <font color="maroon"> <small> &emsp; &emsp;--- 16 Oct 16:41:44 573 - Element is displayed:: [[ChromeDriver: chrome on WINDOWS (d186178d45d793020a8e056a11d42c08)] -> xpath: //button[contains(@aria-label,'Payment Method')]]</small> </font> </div>
<div class="test-message">&emsp;8. click on check out button to navigate to Payment details Page</div>
<div class="test-message">&emsp;9. Proceed button should be enabled</div>
<div class="test-event"> <font color="maroon"> <small> &emsp; &emsp;--- 16 Oct 16:41:44 644 - Element is displayed:: [[ChromeDriver: chrome on WINDOWS (d186178d45d793020a8e056a11d42c08)] -> xpath: //button[contains(@aria-label,'Payment Method')]]</small> </font> </div>
<div class="test-event"> <font color="maroon"> <small> &emsp; &emsp;--- 16 Oct 16:41:44 724 - Element is displayed:: [[ChromeDriver: chrome on WINDOWS (d186178d45d793020a8e056a11d42c08)] -> xpath: //button[contains(@aria-label,'Payment Method')]]</small> </font> </div>
<div class="test-event"> <font color="maroon"> <small> &emsp; &emsp;--- 16 Oct 16:41:53 101 - Element is displayed:: [[ChromeDriver: chrome on WINDOWS (d186178d45d793020a8e056a11d42c08)] -> xpath: //div[@aria-label='Payment Method']//lightning-base-combobox-item//span[@class='slds-truncate']]</small> </font> </div>
<div class="test-message">&emsp;Credit card payment option already exist in payment selection drop down</div>
<div class="test-message">&emsp;Successfully selected and verfied the Payment method in 'Payment details' Page&emsp;<a href=".\ScreenShot\ICar_B2B_TC032_64482534615700.png" target="_blank" >[ScreenShot]</a></div>
<div class="test-event"> <font color="maroon"> <small> &emsp; &emsp;--- 16 Oct 16:41:55 341 - Element is displayed:: [[ChromeDriver: chrome on WINDOWS (d186178d45d793020a8e056a11d42c08)] -> xpath: //button[text()='Complete Purchase']]</small> </font> </div>
<div class="test-event"> <font color="maroon"> <small> &emsp; &emsp;--- 16 Oct 16:41:55 401 - Element is displayed:: [[ChromeDriver: chrome on WINDOWS (d186178d45d793020a8e056a11d42c08)] -> xpath: //button[text()='Complete Purchase']]</small> </font> </div>
<div class="test-event"> <font color="maroon"> <small> &emsp; &emsp;--- 16 Oct 16:41:55 533 - Page URL:: https://www.icarstage.com/checkout</small> </font> </div>
<div class="test-event"> <font color="maroon"> <small> &emsp; &emsp;--- 16 Oct 16:41:55 534 - <b>0</b> - Page Load Wait: (Sync) - ICar.support.Utils.waitForPageLoad(Utils.java:109)</small> </font> </div>
<div class="test-event"> <font color="maroon"> <small> &emsp; &emsp;--- 16 Oct 16:42:09 561 - Catched spinner load exception due to Expected condition failed: waiting for ICar.support.WaitUtils$4@636673a3 (tried for 14 second(s) with 500 milliseconds interval)</small> </font> </div>
<div class="test-event"> <font color="maroon"> <small> &emsp; &emsp;--- 16 Oct 16:42:09 561 - <b>14</b> - Spinner Load Wait: (Sync) - ICar.support.WaitUtils.waitForSpinner(WaitUtils.java:225)</small> </font> </div>
<div class="test-event"> <font color="maroon"> <small> &emsp; &emsp;--- 16 Oct 16:42:09 627 - Element is displayed:: [[ChromeDriver: chrome on WINDOWS (d186178d45d793020a8e056a11d42c08)] -> xpath: //div[@class='summary-align']//div[text()='Order']//following::div[1]]</small> </font> </div>
<div class="test-event"> <font color="maroon"> <small> &emsp; &emsp;--- 16 Oct 16:42:12 707 - Element is displayed:: [[ChromeDriver: chrome on WINDOWS (d186178d45d793020a8e056a11d42c08)] -> xpath: //div[@class='summary-align']//div[text()='Order']//following::div[1]]</small> </font> </div>
<div class="test-message">&emsp;Successfully Purchased the course with order no : 00884131&emsp;<a href=".\ScreenShot\ICar_B2B_TC032_64500119830800.png" target="_blank" >[ScreenShot]</a></div>
<div class="test-message">&emsp;Removing the Accounts</div>
<div class="test-event"> <font color="maroon"> <small> &emsp; &emsp;--- 16 Oct 16:42:12 939 - Page URL:: https://www.icarstage.com/order?orderid=801vc000016dlqcyas</small> </font> </div>
<div class="test-event"> <font color="maroon"> <small> &emsp; &emsp;--- 16 Oct 16:42:12 939 - <b>0</b> - Page Load Wait: (Sync) - ICar.support.Utils.waitForPageLoad(Utils.java:109)</small> </font> </div>
<div class="test-event"> <font color="maroon"> <small> &emsp; &emsp;--- 16 Oct 16:42:12 992 - Element is displayed:: [[ChromeDriver: chrome on WINDOWS (d186178d45d793020a8e056a11d42c08)] -> xpath: //p[text()='Launch My Learning']]</small> </font> </div>
<div class="test-event"> <font color="maroon"> <small> &emsp; &emsp;--- 16 Oct 16:42:13 028 - Element is displayed:: [[ChromeDriver: chrome on WINDOWS (d186178d45d793020a8e056a11d42c08)] -> xpath: //lightning-layout[@class='left-margin slds-align_absolute-center slds-grid slds-grid_align-spread slds-wrap']//lightning-layout-item[2]//a]</small> </font> </div>
<div class="test-event"> <font color="maroon"> <small> &emsp; &emsp;--- 16 Oct 16:42:15 094 - Element is displayed:: [[ChromeDriver: chrome on WINDOWS (d186178d45d793020a8e056a11d42c08)] -> xpath: //lightning-layout[@class='left-margin slds-align_absolute-center slds-grid slds-grid_align-spread slds-wrap']//lightning-layout-item[2]//a]</small> </font> </div>
<div class="test-event"> <font color="maroon"> <small> &emsp; &emsp;--- 16 Oct 16:42:15 175 - Element is displayed:: [[ChromeDriver: chrome on WINDOWS (d186178d45d793020a8e056a11d42c08)] -> xpath: //ul[@aria-label='Show More']//li[2]/a]</small> </font> </div>
<div class="test-event"> <font color="maroon"> <small> &emsp; &emsp;--- 16 Oct 16:42:15 224 - Element is displayed:: [[ChromeDriver: chrome on WINDOWS (d186178d45d793020a8e056a11d42c08)] -> xpath: //ul[@aria-label='Show More']//li[2]/a]</small> </font> </div>
<div class="test-event"> <font color="maroon"> <small> &emsp; &emsp;--- 16 Oct 16:42:31 306 - Catched spinner load exception due to Expected condition failed: waiting for ICar.support.WaitUtils$4@636673a3 (tried for 15 second(s) with 500 milliseconds interval)</small> </font> </div>
<div class="test-event"> <font color="maroon"> <small> &emsp; &emsp;--- 16 Oct 16:42:31 306 - <b>15</b> - Spinner Load Wait: (Sync) - ICar.support.WaitUtils.waitForSpinner(WaitUtils.java:225)</small> </font> </div>
<div class="test-event"> <font color="maroon"> <small> &emsp; &emsp;--- 16 Oct 16:42:31 405 - Page URL:: https://www.icarstage.com/my-payment-information</small> </font> </div>
<div class="test-event"> <font color="maroon"> <small> &emsp; &emsp;--- 16 Oct 16:42:31 405 - <b>0</b> - Page Load Wait: (Sync) - ICar.support.Utils.waitForPageLoad(Utils.java:109)</small> </font> </div>
<div class="test-event"> <font color="maroon"> <small> &emsp; &emsp;--- 16 Oct 16:42:31 463 - Element is displayed:: [[ChromeDriver: chrome on WINDOWS (d186178d45d793020a8e056a11d42c08)] -> xpath: //a[contains(text(),'Credit Card')]]</small> </font> </div>
<div class="test-message">&emsp;Successfully navigated to 'My Payment Information' Page&emsp;<a href=".\ScreenShot\ICar_B2B_TC032_64518875844700.png" target="_blank" >[ScreenShot]</a></div>
<div class="test-event"> <font color="maroon"> <small> &emsp; &emsp;--- 16 Oct 16:42:40 096 - Element Proxy element for: AjaxElementLocator 'By.xpath: //slot[@name='message']', is not displayed in page </small> </font> </div>
<div class="test-event"> <font color="maroon"> <small> &emsp; &emsp;--- 16 Oct 16:42:40 199 - Element is displayed:: [[ChromeDriver: chrome on WINDOWS (d186178d45d793020a8e056a11d42c08)] -> xpath: //c-b2b_-my-payment-info[contains(@data-component-id,'MyPaymentInfo')]/div[1]/div[2]/div[2]/div[2]/div/div[4]/div/div[2]//a[1]]</small> </font> </div>
<div class="test-event"> <font color="maroon"> <small> &emsp; &emsp;--- 16 Oct 16:42:41 382 - Page URL:: https://www.icarstage.com/my-payment-information</small> </font> </div>
<div class="test-event"> <font color="maroon"> <small> &emsp; &emsp;--- 16 Oct 16:42:41 382 - <b>0</b> - Page Load Wait: (Sync) - ICar.support.Utils.waitForPageLoad(Utils.java:109)</small> </font> </div>
<div class="test-event"> <font color="maroon"> <small> &emsp; &emsp;--- 16 Oct 16:42:42 442 - Element is displayed:: [[ChromeDriver: chrome on WINDOWS (d186178d45d793020a8e056a11d42c08)] -> xpath: //button[@title='Yes']]</small> </font> </div>
<div class="test-event"> <font color="maroon"> <small> &emsp; &emsp;--- 16 Oct 16:42:42 502 - Element is displayed:: [[ChromeDriver: chrome on WINDOWS (d186178d45d793020a8e056a11d42c08)] -> xpath: //button[@title='Yes']]</small> </font> </div>
<div class="test-result"><br><font color="green"><strong> Test Passed. </strong></font> </div>&emsp;
&emsp;<div class="test-title"> <strong><font size = "3" color = "#0000FF">---Test Execution Ends---</font> </strong> </div>&emsp;
<div class="test-event"> <font color="maroon"> <small> &emsp; &emsp;--- 16 Oct 16:42:47 066 - TestCaseID:: ICar_B2B_TC033</small> </font> </div>
<div class="test-event"> <font color="maroon"> <small> &emsp; &emsp;--- 16 Oct 16:42:48 109 - <b>1</b> - Driver::initialize::Get - ICar.support.WebDriverFactory.getDriver(WebDriverFactory.java:640)</small> </font> </div>
&emsp;<div class="test-title"> <strong><font size = "3" color = "#000080">verify Ability to make payment by adding new credit card</font> </strong> </div>&emsp;<div><strong>Steps:</strong></div><!-- Report -->&emsp;
<div class="test-event"> <font color="maroon"> <small> &emsp; &emsp;--- 16 Oct 16:42:53 186 - Element is displayed:: [[ChromeDriver: chrome on WINDOWS (b9c1092ede6745a4ca57417641de0f69)] -> xpath: //a/img[@alt='Login Image']|//button[@id='btn-login']]</small> </font> </div>
<div class="test-event"> <font color="maroon"> <small> &emsp; &emsp;--- 16 Oct 16:42:53 281 - Element is displayed:: [[ChromeDriver: chrome on WINDOWS (b9c1092ede6745a4ca57417641de0f69)] -> xpath: //a/img[@alt='Login Image']|//button[@id='btn-login']]</small> </font> </div>
<div class="test-message">&emsp;Successfully navigated to 'Home' Page&emsp;<a href=".\ScreenShot\ICar_B2B_TC033_64540693220400.png" target="_blank" >[ScreenShot]</a></div>
<div class="test-message">&emsp;1. Home page is launched.</div>
<div class="test-event"> <font color="maroon"> <small> &emsp; &emsp;--- 16 Oct 16:42:53 797 - Page URL:: https://www.icarstage.com/</small> </font> </div>
<div class="test-event"> <font color="maroon"> <small> &emsp; &emsp;--- 16 Oct 16:42:53 797 - <b>0</b> - Page Load Wait: (Sync) - ICar.support.Utils.waitForPageLoad(Utils.java:109)</small> </font> </div>
<div class="test-event"> <font color="maroon"> <small> &emsp; &emsp;--- 16 Oct 16:42:53 835 - Element is displayed:: [[ChromeDriver: chrome on WINDOWS (b9c1092ede6745a4ca57417641de0f69)] -> xpath: //a/img[@alt='Login Image']|//button[@id='btn-login']]</small> </font> </div>
<div class="test-event"> <font color="maroon"> <small> &emsp; &emsp;--- 16 Oct 16:42:53 895 - Element is displayed:: [[ChromeDriver: chrome on WINDOWS (b9c1092ede6745a4ca57417641de0f69)] -> xpath: //a/img[@alt='Login Image']|//button[@id='btn-login']]</small> </font> </div>
<div class="test-event"> <font color="maroon"> <small> &emsp; &emsp;--- 16 Oct 16:43:12 872 - Catched spinner load exception due to Expected condition failed: waiting for ICar.support.WaitUtils$4@636673a3 (tried for 15 second(s) with 500 milliseconds interval)</small> </font> </div>
<div class="test-event"> <font color="maroon"> <small> &emsp; &emsp;--- 16 Oct 16:43:12 872 - <b>15</b> - Spinner Load Wait: (Sync) - ICar.support.WaitUtils.waitForSpinner(WaitUtils.java:225)</small> </font> </div>
<div class="test-message">&emsp;2. Navigate to 'Login Page'</div>
<div class="test-message">&emsp;Successfully navigated to 'Login' Page&emsp;<a href=".\ScreenShot\ICar_B2B_TC033_64560287090100.png" target="_blank" >[ScreenShot]</a></div>
<div class="test-event"> <font color="maroon"> <small> &emsp; &emsp;--- 16 Oct 16:43:13 078 - Element is displayed:: [[ChromeDriver: chrome on WINDOWS (b9c1092ede6745a4ca57417641de0f69)] -> id: username]</small> </font> </div>
<div class="test-event"> <font color="maroon"> <small> &emsp; &emsp;--- 16 Oct 16:43:13 138 - Element is displayed:: [[ChromeDriver: chrome on WINDOWS (b9c1092ede6745a4ca57417641de0f69)] -> id: username]</small> </font> </div>
<div class="test-event"> <font color="maroon"> <small> &emsp; &emsp;--- 16 Oct 16:43:13 337 - Element is displayed:: [[ChromeDriver: chrome on WINDOWS (b9c1092ede6745a4ca57417641de0f69)] -> id: password]</small> </font> </div>
<div class="test-event"> <font color="maroon"> <small> &emsp; &emsp;--- 16 Oct 16:43:13 518 - Element is displayed:: [[ChromeDriver: chrome on WINDOWS (b9c1092ede6745a4ca57417641de0f69)] -> id: btn-login]</small> </font> </div>
<div class="test-event"> <font color="maroon"> <small> &emsp; &emsp;--- 16 Oct 16:43:19 582 - Catched spinner load exception due to Expected condition failed: waiting for ICar.support.WaitUtils$4@636673a3 (tried for 3 second(s) with 500 milliseconds interval)</small> </font> </div>
<div class="test-event"> <font color="maroon"> <small> &emsp; &emsp;--- 16 Oct 16:43:19 582 - <b>6</b> - Spinner Load Wait: (Sync) - ICar.support.WaitUtils.waitForSpinner(WaitUtils.java:225)</small> </font> </div>
<div class="test-event"> <font color="maroon"> <small> &emsp; &emsp;--- 16 Oct 16:43:42 960 - Catched spinner load exception due to Expected condition failed: waiting for ICar.support.WaitUtils$4@636673a3 (tried for 10 second(s) with 500 milliseconds interval)</small> </font> </div>
<div class="test-event"> <font color="maroon"> <small> &emsp; &emsp;--- 16 Oct 16:43:42 960 - <b>10</b> - Spinner Load Wait: (Sync) - ICar.support.WaitUtils.waitForSpinner(WaitUtils.java:225)</small> </font> </div>
<div class="test-event"> <font color="maroon"> <small> &emsp; &emsp;--- 16 Oct 16:43:43 032 - Element is displayed:: [[ChromeDriver: chrome on WINDOWS (b9c1092ede6745a4ca57417641de0f69)] -> xpath: //button[@value='Launch My Learning']]</small> </font> </div>
<div class="test-message">&emsp;3. Enter the user credentials as : 2810173</div>
<div class="test-message">&emsp;Successfully navigated to 'User Home' Page&emsp;<a href=".\ScreenShot\ICar_B2B_TC033_64590444144200.png" target="_blank" >[ScreenShot]</a></div>
<div class="test-message">&emsp;4. click on link to navigate to Browser catalog and Successfully adding course to the cart</div>
<div class="test-event"> <font color="maroon"> <small> &emsp; &emsp;--- 16 Oct 16:43:43 439 - Page URL:: https://www.icarstage.com/</small> </font> </div>
<div class="test-event"> <font color="maroon"> <small> &emsp; &emsp;--- 16 Oct 16:43:43 439 - <b>0</b> - Page Load Wait: (Sync) - ICar.support.Utils.waitForPageLoad(Utils.java:109)</small> </font> </div>
<div class="test-event"> <font color="maroon"> <small> &emsp; &emsp;--- 16 Oct 16:43:43 494 - Element is displayed:: [[ChromeDriver: chrome on WINDOWS (b9c1092ede6745a4ca57417641de0f69)] -> xpath: //p[text()='Launch My Learning']]</small> </font> </div>
<div class="test-event"> <font color="maroon"> <small> &emsp; &emsp;--- 16 Oct 16:44:03 679 - Catched spinner load exception due to Expected condition failed: waiting for ICar.support.WaitUtils$4@636673a3 (tried for 20 second(s) with 500 milliseconds interval)</small> </font> </div>
<div class="test-event"> <font color="maroon"> <small> &emsp; &emsp;--- 16 Oct 16:44:03 679 - <b>20</b> - Spinner Load Wait: (Sync) - ICar.support.WaitUtils.waitForSpinner(WaitUtils.java:225)</small> </font> </div>
<div class="test-event"> <font color="maroon"> <small> &emsp; &emsp;--- 16 Oct 16:44:03 728 - Element is displayed:: [[ChromeDriver: chrome on WINDOWS (b9c1092ede6745a4ca57417641de0f69)] -> xpath: //div[@class='HeaderCart_Icon']/a]</small> </font> </div>
<div class="test-event"> <font color="maroon"> <small> &emsp; &emsp;--- 16 Oct 16:44:05 822 - Element is displayed:: [[ChromeDriver: chrome on WINDOWS (b9c1092ede6745a4ca57417641de0f69)] -> xpath: //div[@class='HeaderCart_Icon']/a]</small> </font> </div>
<div class="test-event"> <font color="maroon"> <small> &emsp; &emsp;--- 16 Oct 16:44:25 581 - Catched spinner load exception due to Expected condition failed: waiting for ICar.support.WaitUtils$4@636673a3 (tried for 15 second(s) with 500 milliseconds interval)</small> </font> </div>
<div class="test-event"> <font color="maroon"> <small> &emsp; &emsp;--- 16 Oct 16:44:25 581 - <b>15</b> - Spinner Load Wait: (Sync) - ICar.support.WaitUtils.waitForSpinner(WaitUtils.java:225)</small> </font> </div>
<div class="test-event"> <font color="maroon"> <small> &emsp; &emsp;--- 16 Oct 16:44:25 776 - Page URL:: https://www.icarstage.com/cart</small> </font> </div>
<div class="test-event"> <font color="maroon"> <small> &emsp; &emsp;--- 16 Oct 16:44:25 776 - <b>0</b> - Page Load Wait: (Sync) - ICar.support.Utils.waitForPageLoad(Utils.java:109)</small> </font> </div>
<div class="test-event"> <font color="maroon"> <small> &emsp; &emsp;--- 16 Oct 16:44:25 847 - Element is displayed:: [[ChromeDriver: chrome on WINDOWS (b9c1092ede6745a4ca57417641de0f69)] -> xpath: //button[text()='Continue to Checkout']]</small> </font> </div>
<div class="test-event"> <font color="maroon"> <small> &emsp; &emsp;--- 16 Oct 16:44:25 907 - Element is displayed:: [[ChromeDriver: chrome on WINDOWS (b9c1092ede6745a4ca57417641de0f69)] -> xpath: //input[contains(@placeholder,'Search')]]</small> </font> </div>
<div class="test-event"> <font color="maroon"> <small> &emsp; &emsp;--- 16 Oct 16:44:25 972 - Element is displayed:: [[ChromeDriver: chrome on WINDOWS (b9c1092ede6745a4ca57417641de0f69)] -> xpath: //input[contains(@placeholder,'Search')]]</small> </font> </div>
<div class="test-event"> <font color="maroon"> <small> &emsp; &emsp;--- 16 Oct 16:44:34 413 - Element is displayed:: [[[[ChromeDriver: chrome on WINDOWS (b9c1092ede6745a4ca57417641de0f69)] -> xpath: //c-b2b_custom-search-results-list[contains(@data-component-id,'b2b_customSearchResultsList')]/div/div[2]//table/tbody/tr[1]/td/div]] -> xpath: a]</small> </font> </div>
<div class="test-event"> <font color="maroon"> <small> &emsp; &emsp;--- 16 Oct 16:44:46 436 - Catched spinner load exception due to Expected condition failed: waiting for ICar.support.WaitUtils$4@636673a3 (tried for 10 second(s) with 500 milliseconds interval)</small> </font> </div>
<div class="test-event"> <font color="maroon"> <small> &emsp; &emsp;--- 16 Oct 16:44:46 436 - <b>10</b> - Spinner Load Wait: (Sync) - ICar.support.WaitUtils.waitForSpinner(WaitUtils.java:225)</small> </font> </div>
<div class="test-event"> <font color="maroon"> <small> &emsp; &emsp;--- 16 Oct 16:44:48 527 - Element is displayed:: [[ChromeDriver: chrome on WINDOWS (b9c1092ede6745a4ca57417641de0f69)] -> xpath: //button[text()='Add to Cart']]</small> </font> </div>
<div class="test-event"> <font color="maroon"> <small> &emsp; &emsp;--- 16 Oct 16:44:48 637 - Element is displayed:: [[ChromeDriver: chrome on WINDOWS (b9c1092ede6745a4ca57417641de0f69)] -> xpath: //div[@class='HeaderCart_Icon']/a]</small> </font> </div>
<div class="test-event"> <font color="maroon"> <small> &emsp; &emsp;--- 16 Oct 16:44:55 728 - Element is displayed:: [[ChromeDriver: chrome on WINDOWS (b9c1092ede6745a4ca57417641de0f69)] -> xpath: //div[@class='HeaderCart_Icon']/a]</small> </font> </div>
<div class="test-event"> <font color="maroon"> <small> &emsp; &emsp;--- 16 Oct 16:44:57 002 - Page URL:: https://www.icarstage.com/cart</small> </font> </div>
<div class="test-event"> <font color="maroon"> <small> &emsp; &emsp;--- 16 Oct 16:44:57 002 - <b>0</b> - Page Load Wait: (Sync) - ICar.support.Utils.waitForPageLoad(Utils.java:109)</small> </font> </div>
<div class="test-event"> <font color="maroon"> <small> &emsp; &emsp;--- 16 Oct 16:44:57 115 - Element is displayed:: [[ChromeDriver: chrome on WINDOWS (b9c1092ede6745a4ca57417641de0f69)] -> xpath: //p[text()='Launch My Learning']]</small> </font> </div>
<div class="test-event"> <font color="maroon"> <small> &emsp; &emsp;--- 16 Oct 16:45:17 412 - Catched spinner load exception due to Expected condition failed: waiting for ICar.support.WaitUtils$4@636673a3 (tried for 20 second(s) with 500 milliseconds interval)</small> </font> </div>
<div class="test-event"> <font color="maroon"> <small> &emsp; &emsp;--- 16 Oct 16:45:17 412 - <b>20</b> - Spinner Load Wait: (Sync) - ICar.support.WaitUtils.waitForSpinner(WaitUtils.java:225)</small> </font> </div>
<div class="test-event"> <font color="maroon"> <small> &emsp; &emsp;--- 16 Oct 16:45:17 451 - Element is displayed:: [[ChromeDriver: chrome on WINDOWS (b9c1092ede6745a4ca57417641de0f69)] -> xpath: //div[@class='HeaderCart_Icon']/a]</small> </font> </div>
<div class="test-event"> <font color="maroon"> <small> &emsp; &emsp;--- 16 Oct 16:45:19 529 - Element is displayed:: [[ChromeDriver: chrome on WINDOWS (b9c1092ede6745a4ca57417641de0f69)] -> xpath: //div[@class='HeaderCart_Icon']/a]</small> </font> </div>
<div class="test-event"> <font color="maroon"> <small> &emsp; &emsp;--- 16 Oct 16:45:39 769 - Catched spinner load exception due to Expected condition failed: waiting for ICar.support.WaitUtils$4@636673a3 (tried for 15 second(s) with 500 milliseconds interval)</small> </font> </div>
<div class="test-event"> <font color="maroon"> <small> &emsp; &emsp;--- 16 Oct 16:45:39 769 - <b>15</b> - Spinner Load Wait: (Sync) - ICar.support.WaitUtils.waitForSpinner(WaitUtils.java:225)</small> </font> </div>
<div class="test-event"> <font color="maroon"> <small> &emsp; &emsp;--- 16 Oct 16:45:39 880 - Page URL:: https://www.icarstage.com/cart</small> </font> </div>
<div class="test-event"> <font color="maroon"> <small> &emsp; &emsp;--- 16 Oct 16:45:39 880 - <b>0</b> - Page Load Wait: (Sync) - ICar.support.Utils.waitForPageLoad(Utils.java:109)</small> </font> </div>
<div class="test-event"> <font color="maroon"> <small> &emsp; &emsp;--- 16 Oct 16:45:39 940 - Element is displayed:: [[ChromeDriver: chrome on WINDOWS (b9c1092ede6745a4ca57417641de0f69)] -> xpath: //button[text()='Continue to Checkout']]</small> </font> </div>
<div class="test-message">&emsp;5. click on My cart icon to navigate to My Cart Page</div>
<div class="test-message">&emsp;Successfully navigated to 'My Cart' Page&emsp;<a href=".\ScreenShot\ICar_B2B_TC033_64707353194400.png" target="_blank" >[ScreenShot]</a></div>
<div class="test-event"> <font color="maroon"> <small> &emsp; &emsp;--- 16 Oct 16:45:42 185 - Element is displayed:: [[ChromeDriver: chrome on WINDOWS (b9c1092ede6745a4ca57417641de0f69)] -> xpath: //button[text()='Continue to Checkout']]</small> </font> </div>
<div class="test-event"> <font color="maroon"> <small> &emsp; &emsp;--- 16 Oct 16:45:45 813 - Catched spinner load exception due to Expected condition failed: waiting for ICar.support.WaitUtils$4@636673a3 (tried for 3 second(s) with 500 milliseconds interval)</small> </font> </div>
<div class="test-event"> <font color="maroon"> <small> &emsp; &emsp;--- 16 Oct 16:45:45 814 - <b>3</b> - Spinner Load Wait: (Sync) - ICar.support.WaitUtils.waitForSpinner(WaitUtils.java:225)</small> </font> </div>
<div class="test-event"> <font color="maroon"> <small> &emsp; &emsp;--- 16 Oct 16:45:54 092 - Catched spinner load exception due to Expected condition failed: waiting for ICar.support.WaitUtils$4@636673a3 (tried for 8 second(s) with 500 milliseconds interval)</small> </font> </div>
<div class="test-event"> <font color="maroon"> <small> &emsp; &emsp;--- 16 Oct 16:45:54 092 - <b>8</b> - Spinner Load Wait: (Sync) - ICar.support.WaitUtils.waitForSpinner(WaitUtils.java:225)</small> </font> </div>
<div class="test-event"> <font color="maroon"> <small> &emsp; &emsp;--- 16 Oct 16:45:54 174 - Page URL:: https://www.icarstage.com/checkout</small> </font> </div>
<div class="test-event"> <font color="maroon"> <small> &emsp; &emsp;--- 16 Oct 16:45:54 174 - <b>0</b> - Page Load Wait: (Sync) - ICar.support.Utils.waitForPageLoad(Utils.java:109)</small> </font> </div>
<div class="test-event"> <font color="maroon"> <small> &emsp; &emsp;--- 16 Oct 16:45:54 231 - Element is displayed:: [[ChromeDriver: chrome on WINDOWS (b9c1092ede6745a4ca57417641de0f69)] -> xpath: //button[contains(@aria-label,'Payment Method')]]</small> </font> </div>
<div class="test-message">&emsp;6. click on check out button to navigate to Payment details Page</div>
<div class="test-message">&emsp;Successfully navigated to 'Payment details' Page&emsp;<a href=".\ScreenShot\ICar_B2B_TC033_64721643215200.png" target="_blank" >[ScreenShot]</a></div>
<div class="test-message">&emsp;7. Enter the credit card details and proceed</div>
<div class="test-event"> <font color="maroon"> <small> &emsp; &emsp;--- 16 Oct 16:46:13 466 - Catched spinner load exception due to Expected condition failed: waiting for ICar.support.WaitUtils$4@636673a3 (tried for 6 second(s) with 500 milliseconds interval)</small> </font> </div>
<div class="test-event"> <font color="maroon"> <small> &emsp; &emsp;--- 16 Oct 16:46:13 466 - <b>6</b> - Spinner Load Wait: (Sync) - ICar.support.WaitUtils.waitForSpinner(WaitUtils.java:225)</small> </font> </div>
<div class="test-event"> <font color="maroon"> <small> &emsp; &emsp;--- 16 Oct 16:46:13 542 - Page URL:: https://www.icarstage.com/checkout</small> </font> </div>
<div class="test-event"> <font color="maroon"> <small> &emsp; &emsp;--- 16 Oct 16:46:13 542 - <b>0</b> - Page Load Wait: (Sync) - ICar.support.Utils.waitForPageLoad(Utils.java:109)</small> </font> </div>
<div class="test-event"> <font color="maroon"> <small> &emsp; &emsp;--- 16 Oct 16:46:33 772 - Catched spinner load exception due to Expected condition failed: waiting for ICar.support.WaitUtils$4@636673a3 (tried for 20 second(s) with 500 milliseconds interval)</small> </font> </div>
<div class="test-event"> <font color="maroon"> <small> &emsp; &emsp;--- 16 Oct 16:46:33 772 - <b>20</b> - Spinner Load Wait: (Sync) - ICar.support.WaitUtils.waitForSpinner(WaitUtils.java:225)</small> </font> </div>
<div class="test-event"> <font color="maroon"> <small> &emsp; &emsp;--- 16 Oct 16:46:36 924 - Page URL:: https://www.icarstage.com/checkout</small> </font> </div>
<div class="test-event"> <font color="maroon"> <small> &emsp; &emsp;--- 16 Oct 16:46:36 924 - <b>0</b> - Page Load Wait: (Sync) - ICar.support.Utils.waitForPageLoad(Utils.java:109)</small> </font> </div>
<div class="test-event"> <font color="maroon"> <small> &emsp; &emsp;--- 16 Oct 16:46:43 236 - Catched spinner load exception due to Expected condition failed: waiting for ICar.support.WaitUtils$4@636673a3 (tried for 4 second(s) with 500 milliseconds interval)</small> </font> </div>
<div class="test-event"> <font color="maroon"> <small> &emsp; &emsp;--- 16 Oct 16:46:43 236 - <b>4</b> - Spinner Load Wait: (Sync) - ICar.support.WaitUtils.waitForSpinner(WaitUtils.java:225)</small> </font> </div>
<div class="test-event"> <font color="maroon"> <small> &emsp; &emsp;--- 16 Oct 16:46:43 569 - Page URL:: https://www.icarstage.com/checkout</small> </font> </div>
<div class="test-event"> <font color="maroon"> <small> &emsp; &emsp;--- 16 Oct 16:46:43 569 - <b>0</b> - Page Load Wait: (Sync) - ICar.support.Utils.waitForPageLoad(Utils.java:109)</small> </font> </div>
<div class="test-event"> <font color="maroon"> <small> &emsp; &emsp;--- 16 Oct 16:46:50 801 - Element is displayed:: [[ChromeDriver: chrome on WINDOWS (b9c1092ede6745a4ca57417641de0f69)] -> xpath: //input[@name='cardnumber']]</small> </font> </div>
<div class="test-event"> <font color="maroon"> <small> &emsp; &emsp;--- 16 Oct 16:47:01 168 - Element is displayed:: [[ChromeDriver: chrome on WINDOWS (b9c1092ede6745a4ca57417641de0f69)] -> xpath: //input[@name='exp-date']]</small> </font> </div>
<div class="test-event"> <font color="maroon"> <small> &emsp; &emsp;--- 16 Oct 16:47:01 408 - Element is displayed:: [[ChromeDriver: chrome on WINDOWS (b9c1092ede6745a4ca57417641de0f69)] -> xpath: //input[@name='cvc']]</small> </font> </div>
<div class="test-event"> <font color="maroon"> <small> &emsp; &emsp;--- 16 Oct 16:47:06 642 - Element is displayed:: [[ChromeDriver: chrome on WINDOWS (b9c1092ede6745a4ca57417641de0f69)] -> xpath: //input[@name='postal']]</small> </font> </div>
<div class="test-event"> <font color="maroon"> <small> &emsp; &emsp;--- 16 Oct 16:47:06 891 - Element is displayed:: [[ChromeDriver: chrome on WINDOWS (b9c1092ede6745a4ca57417641de0f69)] -> xpath: //button[text()='Complete Purchase']]</small> </font> </div>
<div class="test-event"> <font color="maroon"> <small> &emsp; &emsp;--- 16 Oct 16:47:07 070 - Page URL:: https://www.icarstage.com/checkout</small> </font> </div>
<div class="test-event"> <font color="maroon"> <small> &emsp; &emsp;--- 16 Oct 16:47:07 070 - <b>0</b> - Page Load Wait: (Sync) - ICar.support.Utils.waitForPageLoad(Utils.java:109)</small> </font> </div>
<div class="test-event"> <font color="maroon"> <small> &emsp; &emsp;--- 16 Oct 16:47:22 082 - Catched spinner load exception due to Expected condition failed: waiting for ICar.support.WaitUtils$4@636673a3 (tried for 15 second(s) with 500 milliseconds interval)</small> </font> </div>
<div class="test-event"> <font color="maroon"> <small> &emsp; &emsp;--- 16 Oct 16:47:22 082 - <b>15</b> - Spinner Load Wait: (Sync) - ICar.support.WaitUtils.waitForSpinner(WaitUtils.java:225)</small> </font> </div>
<div class="test-event"> <font color="maroon"> <small> &emsp; &emsp;--- 16 Oct 16:47:22 150 - Element is displayed:: [[ChromeDriver: chrome on WINDOWS (b9c1092ede6745a4ca57417641de0f69)] -> xpath: //div[@class='summary-align']//div[text()='Order']//following::div[1]]</small> </font> </div>
<div class="test-event"> <font color="maroon"> <small> &emsp; &emsp;--- 16 Oct 16:47:25 231 - Element is displayed:: [[ChromeDriver: chrome on WINDOWS (b9c1092ede6745a4ca57417641de0f69)] -> xpath: //div[@class='summary-align']//div[text()='Order']//following::div[1]]</small> </font> </div>
<div class="test-message">&emsp;Successfully Purchased the course with order no : 00884132&emsp;<a href=".\ScreenShot\ICar_B2B_TC033_64812643467500.png" target="_blank" >[ScreenShot]</a></div>
<div class="test-result"><br><font color="green"><strong> Test Passed. </strong></font> </div>&emsp;
&emsp;<div class="test-title"> <strong><font size = "3" color = "#0000FF">---Test Execution Ends---</font> </strong> </div>&emsp;
<div class="test-event"> <font color="maroon"> <small> &emsp; &emsp;--- 16 Oct 16:47:26 002 - TestCaseID:: ICar_B2B_TC034</small> </font> </div>
<div class="test-event"> <font color="maroon"> <small> &emsp; &emsp;--- 16 Oct 16:47:27 487 - <b>1</b> - Driver::initialize::Get - ICar.support.WebDriverFactory.getDriver(WebDriverFactory.java:640)</small> </font> </div>
&emsp;<div class="test-title"> <strong><font size = "3" color = "#000080">Ability to save the newly added credit card details in the payment page and verify it in the payment information of the student page</font> </strong> </div>&emsp;<div><strong>Steps:</strong></div><!-- Report -->&emsp;
<div class="test-event"> <font color="maroon"> <small> &emsp; &emsp;--- 16 Oct 16:47:33 053 - Element is displayed:: [[ChromeDriver: chrome on WINDOWS (20650065b0193084a0cca7f00fc0410f)] -> xpath: //a/img[@alt='Login Image']|//button[@id='btn-login']]</small> </font> </div>
<div class="test-event"> <font color="maroon"> <small> &emsp; &emsp;--- 16 Oct 16:47:33 105 - Element is displayed:: [[ChromeDriver: chrome on WINDOWS (20650065b0193084a0cca7f00fc0410f)] -> xpath: //a/img[@alt='Login Image']|//button[@id='btn-login']]</small> </font> </div>
<div class="test-message">&emsp;Successfully navigated to 'Home' Page&emsp;<a href=".\ScreenShot\ICar_B2B_TC034_64820517297500.png" target="_blank" >[ScreenShot]</a></div>
<div class="test-message">&emsp;1. Home page is launched.</div>
<div class="test-event"> <font color="maroon"> <small> &emsp; &emsp;--- 16 Oct 16:47:33 540 - Page URL:: https://www.icarstage.com/</small> </font> </div>
<div class="test-event"> <font color="maroon"> <small> &emsp; &emsp;--- 16 Oct 16:47:33 540 - <b>0</b> - Page Load Wait: (Sync) - ICar.support.Utils.waitForPageLoad(Utils.java:109)</small> </font> </div>
<div class="test-event"> <font color="maroon"> <small> &emsp; &emsp;--- 16 Oct 16:47:33 577 - Element is displayed:: [[ChromeDriver: chrome on WINDOWS (20650065b0193084a0cca7f00fc0410f)] -> xpath: //a/img[@alt='Login Image']|//button[@id='btn-login']]</small> </font> </div>
<div class="test-event"> <font color="maroon"> <small> &emsp; &emsp;--- 16 Oct 16:47:33 627 - Element is displayed:: [[ChromeDriver: chrome on WINDOWS (20650065b0193084a0cca7f00fc0410f)] -> xpath: //a/img[@alt='Login Image']|//button[@id='btn-login']]</small> </font> </div>
<div class="test-event"> <font color="maroon"> <small> &emsp; &emsp;--- 16 Oct 16:47:51 288 - Catched spinner load exception due to Expected condition failed: waiting for ICar.support.WaitUtils$4@636673a3 (tried for 15 second(s) with 500 milliseconds interval)</small> </font> </div>
<div class="test-event"> <font color="maroon"> <small> &emsp; &emsp;--- 16 Oct 16:47:51 288 - <b>15</b> - Spinner Load Wait: (Sync) - ICar.support.WaitUtils.waitForSpinner(WaitUtils.java:225)</small> </font> </div>
<div class="test-message">&emsp;2. Navigate to 'Login Page'</div>
<div class="test-message">&emsp;Successfully navigated to 'Login' Page&emsp;<a href=".\ScreenShot\ICar_B2B_TC034_64838703129200.png" target="_blank" >[ScreenShot]</a></div>
<div class="test-event"> <font color="maroon"> <small> &emsp; &emsp;--- 16 Oct 16:47:51 515 - Element is displayed:: [[ChromeDriver: chrome on WINDOWS (20650065b0193084a0cca7f00fc0410f)] -> id: username]</small> </font> </div>
<div class="test-event"> <font color="maroon"> <small> &emsp; &emsp;--- 16 Oct 16:47:51 576 - Element is displayed:: [[ChromeDriver: chrome on WINDOWS (20650065b0193084a0cca7f00fc0410f)] -> id: username]</small> </font> </div>
<div class="test-event"> <font color="maroon"> <small> &emsp; &emsp;--- 16 Oct 16:47:51 782 - Element is displayed:: [[ChromeDriver: chrome on WINDOWS (20650065b0193084a0cca7f00fc0410f)] -> id: password]</small> </font> </div>
<div class="test-event"> <font color="maroon"> <small> &emsp; &emsp;--- 16 Oct 16:47:51 948 - Element is displayed:: [[ChromeDriver: chrome on WINDOWS (20650065b0193084a0cca7f00fc0410f)] -> id: btn-login]</small> </font> </div>
<div class="test-event"> <font color="maroon"> <small> &emsp; &emsp;--- 16 Oct 16:47:57 552 - Catched spinner load exception due to Expected condition failed: waiting for ICar.support.WaitUtils$4@636673a3 (tried for 3 second(s) with 500 milliseconds interval)</small> </font> </div>
<div class="test-event"> <font color="maroon"> <small> &emsp; &emsp;--- 16 Oct 16:47:57 552 - <b>5</b> - Spinner Load Wait: (Sync) - ICar.support.WaitUtils.waitForSpinner(WaitUtils.java:225)</small> </font> </div>
<div class="test-event"> <font color="maroon"> <small> &emsp; &emsp;--- 16 Oct 16:48:19 929 - Catched spinner load exception due to Expected condition failed: waiting for ICar.support.WaitUtils$4@636673a3 (tried for 10 second(s) with 500 milliseconds interval)</small> </font> </div>
<div class="test-event"> <font color="maroon"> <small> &emsp; &emsp;--- 16 Oct 16:48:19 929 - <b>10</b> - Spinner Load Wait: (Sync) - ICar.support.WaitUtils.waitForSpinner(WaitUtils.java:225)</small> </font> </div>
<div class="test-event"> <font color="maroon"> <small> &emsp; &emsp;--- 16 Oct 16:48:20 058 - Element is displayed:: [[ChromeDriver: chrome on WINDOWS (20650065b0193084a0cca7f00fc0410f)] -> xpath: //button[@value='Launch My Learning']]</small> </font> </div>
<div class="test-message">&emsp;3. Enter the user credentials as : 2810173</div>
<div class="test-message">&emsp;Successfully navigated to 'User Home' Page&emsp;<a href=".\ScreenShot\ICar_B2B_TC034_64867470275700.png" target="_blank" >[ScreenShot]</a></div>
<div class="test-event"> <font color="maroon"> <small> &emsp; &emsp;--- 16 Oct 16:48:20 450 - Page URL:: https://www.icarstage.com/</small> </font> </div>
<div class="test-event"> <font color="maroon"> <small> &emsp; &emsp;--- 16 Oct 16:48:20 450 - <b>0</b> - Page Load Wait: (Sync) - ICar.support.Utils.waitForPageLoad(Utils.java:109)</small> </font> </div>
<div class="test-event"> <font color="maroon"> <small> &emsp; &emsp;--- 16 Oct 16:48:20 510 - Element is displayed:: [[ChromeDriver: chrome on WINDOWS (20650065b0193084a0cca7f00fc0410f)] -> xpath: //p[text()='Launch My Learning']]</small> </font> </div>
<div class="test-event"> <font color="maroon"> <small> &emsp; &emsp;--- 16 Oct 16:48:20 549 - Element is displayed:: [[ChromeDriver: chrome on WINDOWS (20650065b0193084a0cca7f00fc0410f)] -> xpath: //lightning-layout[@class='left-margin slds-align_absolute-center slds-grid slds-grid_align-spread slds-wrap']//lightning-layout-item[2]//a]</small> </font> </div>
<div class="test-event"> <font color="maroon"> <small> &emsp; &emsp;--- 16 Oct 16:48:22 626 - Element is displayed:: [[ChromeDriver: chrome on WINDOWS (20650065b0193084a0cca7f00fc0410f)] -> xpath: //lightning-layout[@class='left-margin slds-align_absolute-center slds-grid slds-grid_align-spread slds-wrap']//lightning-layout-item[2]//a]</small> </font> </div>
<div class="test-event"> <font color="maroon"> <small> &emsp; &emsp;--- 16 Oct 16:48:22 728 - Element is displayed:: [[ChromeDriver: chrome on WINDOWS (20650065b0193084a0cca7f00fc0410f)] -> xpath: //ul[@aria-label='Show More']//li[2]/a]</small> </font> </div>
<div class="test-event"> <font color="maroon"> <small> &emsp; &emsp;--- 16 Oct 16:48:22 776 - Element is displayed:: [[ChromeDriver: chrome on WINDOWS (20650065b0193084a0cca7f00fc0410f)] -> xpath: //ul[@aria-label='Show More']//li[2]/a]</small> </font> </div>
<div class="test-event"> <font color="maroon"> <small> &emsp; &emsp;--- 16 Oct 16:48:39 515 - Catched spinner load exception due to Expected condition failed: waiting for ICar.support.WaitUtils$4@636673a3 (tried for 15 second(s) with 500 milliseconds interval)</small> </font> </div>
<div class="test-event"> <font color="maroon"> <small> &emsp; &emsp;--- 16 Oct 16:48:39 515 - <b>15</b> - Spinner Load Wait: (Sync) - ICar.support.WaitUtils.waitForSpinner(WaitUtils.java:225)</small> </font> </div>
<div class="test-event"> <font color="maroon"> <small> &emsp; &emsp;--- 16 Oct 16:48:39 607 - Page URL:: https://www.icarstage.com/my-payment-information</small> </font> </div>
<div class="test-event"> <font color="maroon"> <small> &emsp; &emsp;--- 16 Oct 16:48:39 607 - <b>0</b> - Page Load Wait: (Sync) - ICar.support.Utils.waitForPageLoad(Utils.java:109)</small> </font> </div>
<div class="test-event"> <font color="maroon"> <small> &emsp; &emsp;--- 16 Oct 16:48:39 663 - Element is displayed:: [[ChromeDriver: chrome on WINDOWS (20650065b0193084a0cca7f00fc0410f)] -> xpath: //a[contains(text(),'Credit Card')]]</small> </font> </div>
<div class="test-message">&emsp;4. Navigating to My Payment Information Page</div>
<div class="test-message">&emsp;Successfully navigated to 'My Payment Information' Page&emsp;<a href=".\ScreenShot\ICar_B2B_TC034_64887076206200.png" target="_blank" >[ScreenShot]</a></div>
<div class="test-message">&emsp;5.Remove all the Cards</div>
<div class="test-event"> <font color="maroon"> <small> &emsp; &emsp;--- 16 Oct 16:48:48 328 - Element Proxy element for: AjaxElementLocator 'By.xpath: //slot[@name='message']', is not displayed in page </small> </font> </div>
<div class="test-event"> <font color="maroon"> <small> &emsp; &emsp;--- 16 Oct 16:48:48 366 - Element is displayed:: [[ChromeDriver: chrome on WINDOWS (20650065b0193084a0cca7f00fc0410f)] -> xpath: (//a[contains(@name,'delete|card_')])/lightning-icon]</small> </font> </div>
<div class="test-event"> <font color="maroon"> <small> &emsp; &emsp;--- 16 Oct 16:48:48 472 - Element is displayed:: [[ChromeDriver: chrome on WINDOWS (20650065b0193084a0cca7f00fc0410f)] -> xpath: //button[@title='Yes']]</small> </font> </div>
<div class="test-event"> <font color="maroon"> <small> &emsp; &emsp;--- 16 Oct 16:48:48 521 - Element is displayed:: [[ChromeDriver: chrome on WINDOWS (20650065b0193084a0cca7f00fc0410f)] -> xpath: //button[@title='Yes']]</small> </font> </div>
<div class="test-event"> <font color="maroon"> <small> &emsp; &emsp;--- 16 Oct 16:48:49 606 - Catched spinner load exception due to Expected condition failed: waiting for ICar.support.WaitUtils$4@636673a3 (tried for 1 second(s) with 500 milliseconds interval)</small> </font> </div>
<div class="test-event"> <font color="maroon"> <small> &emsp; &emsp;--- 16 Oct 16:48:49 606 - <b>1</b> - Spinner Load Wait: (Sync) - ICar.support.WaitUtils.waitForSpinner(WaitUtils.java:225)</small> </font> </div>
<div class="test-event"> <font color="maroon"> <small> &emsp; &emsp;--- 16 Oct 16:48:51 653 - Element [[ChromeDriver: chrome on WINDOWS (20650065b0193084a0cca7f00fc0410f)] -> xpath: //slot[@name='message']], is still visible in page</small> </font> </div>
<div class="test-event"> <font color="maroon"> <small> &emsp; &emsp;--- 16 Oct 16:48:52 186 - Element [[ChromeDriver: chrome on WINDOWS (20650065b0193084a0cca7f00fc0410f)] -> xpath: //slot[@name='message']], is still visible in page</small> </font> </div>
<div class="test-event"> <font color="maroon"> <small> &emsp; &emsp;--- 16 Oct 16:48:52 726 - Element [[ChromeDriver: chrome on WINDOWS (20650065b0193084a0cca7f00fc0410f)] -> xpath: //slot[@name='message']], is still visible in page</small> </font> </div>
<div class="test-event"> <font color="maroon"> <small> &emsp; &emsp;--- 16 Oct 16:48:53 267 - Element [[ChromeDriver: chrome on WINDOWS (20650065b0193084a0cca7f00fc0410f)] -> xpath: //slot[@name='message']], is still visible in page</small> </font> </div>
<div class="test-event"> <font color="maroon"> <small> &emsp; &emsp;--- 16 Oct 16:48:53 805 - Element [[ChromeDriver: chrome on WINDOWS (20650065b0193084a0cca7f00fc0410f)] -> xpath: //slot[@name='message']], is still visible in page</small> </font> </div>
<div class="test-event"> <font color="maroon"> <small> &emsp; &emsp;--- 16 Oct 16:48:54 338 - Element [[ChromeDriver: chrome on WINDOWS (20650065b0193084a0cca7f00fc0410f)] -> xpath: //slot[@name='message']], is still visible in page</small> </font> </div>
<div class="test-event"> <font color="maroon"> <small> &emsp; &emsp;--- 16 Oct 16:48:54 868 - Element [[ChromeDriver: chrome on WINDOWS (20650065b0193084a0cca7f00fc0410f)] -> xpath: //slot[@name='message']], is still visible in page</small> </font> </div>
<div class="test-event"> <font color="maroon"> <small> &emsp; &emsp;--- 16 Oct 16:49:01 854 - Element Proxy element for: AjaxElementLocator 'By.xpath: //slot[@name='message']', is not displayed in page </small> </font> </div>
<div class="test-message">&emsp;Successfully add card to 'My Payment Information' Page&emsp;<a href=".\ScreenShot\ICar_B2B_TC034_64912506755100.png" target="_blank" >[ScreenShot]</a></div>
<div class="test-event"> <font color="maroon"> <small> &emsp; &emsp;--- 16 Oct 16:49:13 771 - Element Proxy element for: AjaxElementLocator 'By.xpath: //slot[@name='message']', is not displayed in page </small> </font> </div>
<div class="test-message">&emsp;6. click on link to navigate to Browser catalog and Successfully adding course to the cart</div>
<div class="test-event"> <font color="maroon"> <small> &emsp; &emsp;--- 16 Oct 16:49:21 113 - Page URL:: https://www.icarstage.com/my-payment-information</small> </font> </div>
<div class="test-event"> <font color="maroon"> <small> &emsp; &emsp;--- 16 Oct 16:49:21 113 - <b>0</b> - Page Load Wait: (Sync) - ICar.support.Utils.waitForPageLoad(Utils.java:109)</small> </font> </div>
<div class="test-event"> <font color="maroon"> <small> &emsp; &emsp;--- 16 Oct 16:49:21 162 - Element is displayed:: [[ChromeDriver: chrome on WINDOWS (20650065b0193084a0cca7f00fc0410f)] -> xpath: //p[text()='Launch My Learning']]</small> </font> </div>
<div class="test-event"> <font color="maroon"> <small> &emsp; &emsp;--- 16 Oct 16:49:41 443 - Catched spinner load exception due to Expected condition failed: waiting for ICar.support.WaitUtils$4@636673a3 (tried for 20 second(s) with 500 milliseconds interval)</small> </font> </div>
<div class="test-event"> <font color="maroon"> <small> &emsp; &emsp;--- 16 Oct 16:49:41 443 - <b>20</b> - Spinner Load Wait: (Sync) - ICar.support.WaitUtils.waitForSpinner(WaitUtils.java:225)</small> </font> </div>
<div class="test-event"> <font color="maroon"> <small> &emsp; &emsp;--- 16 Oct 16:49:41 487 - Element is displayed:: [[ChromeDriver: chrome on WINDOWS (20650065b0193084a0cca7f00fc0410f)] -> xpath: //div[@class='HeaderCart_Icon']/a]</small> </font> </div>
<div class="test-event"> <font color="maroon"> <small> &emsp; &emsp;--- 16 Oct 16:49:43 566 - Element is displayed:: [[ChromeDriver: chrome on WINDOWS (20650065b0193084a0cca7f00fc0410f)] -> xpath: //div[@class='HeaderCart_Icon']/a]</small> </font> </div>
<div class="test-event"> <font color="maroon"> <small> &emsp; &emsp;--- 16 Oct 16:50:03 372 - Catched spinner load exception due to Expected condition failed: waiting for ICar.support.WaitUtils$4@636673a3 (tried for 15 second(s) with 500 milliseconds interval)</small> </font> </div>
<div class="test-event"> <font color="maroon"> <small> &emsp; &emsp;--- 16 Oct 16:50:03 372 - <b>15</b> - Spinner Load Wait: (Sync) - ICar.support.WaitUtils.waitForSpinner(WaitUtils.java:225)</small> </font> </div>
<div class="test-event"> <font color="maroon"> <small> &emsp; &emsp;--- 16 Oct 16:50:03 458 - Page URL:: https://www.icarstage.com/cart</small> </font> </div>
<div class="test-event"> <font color="maroon"> <small> &emsp; &emsp;--- 16 Oct 16:50:03 458 - <b>0</b> - Page Load Wait: (Sync) - ICar.support.Utils.waitForPageLoad(Utils.java:109)</small> </font> </div>
<div class="test-event"> <font color="maroon"> <small> &emsp; &emsp;--- 16 Oct 16:50:03 515 - Element is displayed:: [[ChromeDriver: chrome on WINDOWS (20650065b0193084a0cca7f00fc0410f)] -> xpath: //button[text()='Continue to Checkout']]</small> </font> </div>
<div class="test-event"> <font color="maroon"> <small> &emsp; &emsp;--- 16 Oct 16:50:03 567 - Element is displayed:: [[ChromeDriver: chrome on WINDOWS (20650065b0193084a0cca7f00fc0410f)] -> xpath: //input[contains(@placeholder,'Search')]]</small> </font> </div>
<div class="test-event"> <font color="maroon"> <small> &emsp; &emsp;--- 16 Oct 16:50:03 614 - Element is displayed:: [[ChromeDriver: chrome on WINDOWS (20650065b0193084a0cca7f00fc0410f)] -> xpath: //input[contains(@placeholder,'Search')]]</small> </font> </div>
<div class="test-event"> <font color="maroon"> <small> &emsp; &emsp;--- 16 Oct 16:50:12 357 - Element is displayed:: [[[[ChromeDriver: chrome on WINDOWS (20650065b0193084a0cca7f00fc0410f)] -> xpath: //c-b2b_custom-search-results-list[contains(@data-component-id,'b2b_customSearchResultsList')]/div/div[2]//table/tbody/tr[1]/td/div]] -> xpath: a]</small> </font> </div>
<div class="test-event"> <font color="maroon"> <small> &emsp; &emsp;--- 16 Oct 16:50:25 007 - Catched spinner load exception due to Expected condition failed: waiting for ICar.support.WaitUtils$4@636673a3 (tried for 10 second(s) with 500 milliseconds interval)</small> </font> </div>
<div class="test-event"> <font color="maroon"> <small> &emsp; &emsp;--- 16 Oct 16:50:25 007 - <b>10</b> - Spinner Load Wait: (Sync) - ICar.support.WaitUtils.waitForSpinner(WaitUtils.java:225)</small> </font> </div>
<div class="test-event"> <font color="maroon"> <small> &emsp; &emsp;--- 16 Oct 16:50:27 087 - Element is displayed:: [[ChromeDriver: chrome on WINDOWS (20650065b0193084a0cca7f00fc0410f)] -> xpath: //button[text()='Add to Cart']]</small> </font> </div>
<div class="test-event"> <font color="maroon"> <small> &emsp; &emsp;--- 16 Oct 16:50:27 181 - Element is displayed:: [[ChromeDriver: chrome on WINDOWS (20650065b0193084a0cca7f00fc0410f)] -> xpath: //div[@class='HeaderCart_Icon']/a]</small> </font> </div>
<div class="test-event"> <font color="maroon"> <small> &emsp; &emsp;--- 16 Oct 16:50:34 289 - Element is displayed:: [[ChromeDriver: chrome on WINDOWS (20650065b0193084a0cca7f00fc0410f)] -> xpath: //div[@class='HeaderCart_Icon']/a]</small> </font> </div>
<div class="test-event"> <font color="maroon"> <small> &emsp; &emsp;--- 16 Oct 16:50:35 753 - Page URL:: https://www.icarstage.com/cart</small> </font> </div>
<div class="test-event"> <font color="maroon"> <small> &emsp; &emsp;--- 16 Oct 16:50:35 754 - <b>0</b> - Page Load Wait: (Sync) - ICar.support.Utils.waitForPageLoad(Utils.java:109)</small> </font> </div>
<div class="test-event"> <font color="maroon"> <small> &emsp; &emsp;--- 16 Oct 16:50:35 805 - Element is displayed:: [[ChromeDriver: chrome on WINDOWS (20650065b0193084a0cca7f00fc0410f)] -> xpath: //p[text()='Launch My Learning']]</small> </font> </div>
<div class="test-event"> <font color="maroon"> <small> &emsp; &emsp;--- 16 Oct 16:50:56 198 - Catched spinner load exception due to Expected condition failed: waiting for ICar.support.WaitUtils$4@636673a3 (tried for 20 second(s) with 500 milliseconds interval)</small> </font> </div>
<div class="test-event"> <font color="maroon"> <small> &emsp; &emsp;--- 16 Oct 16:50:56 198 - <b>20</b> - Spinner Load Wait: (Sync) - ICar.support.WaitUtils.waitForSpinner(WaitUtils.java:225)</small> </font> </div>
<div class="test-event"> <font color="maroon"> <small> &emsp; &emsp;--- 16 Oct 16:50:56 243 - Element is displayed:: [[ChromeDriver: chrome on WINDOWS (20650065b0193084a0cca7f00fc0410f)] -> xpath: //div[@class='HeaderCart_Icon']/a]</small> </font> </div>
<div class="test-event"> <font color="maroon"> <small> &emsp; &emsp;--- 16 Oct 16:50:58 323 - Element is displayed:: [[ChromeDriver: chrome on WINDOWS (20650065b0193084a0cca7f00fc0410f)] -> xpath: //div[@class='HeaderCart_Icon']/a]</small> </font> </div>
<div class="test-event"> <font color="maroon"> <small> &emsp; &emsp;--- 16 Oct 16:51:18 039 - Catched spinner load exception due to Expected condition failed: waiting for ICar.support.WaitUtils$4@636673a3 (tried for 15 second(s) with 500 milliseconds interval)</small> </font> </div>
<div class="test-event"> <font color="maroon"> <small> &emsp; &emsp;--- 16 Oct 16:51:18 039 - <b>15</b> - Spinner Load Wait: (Sync) - ICar.support.WaitUtils.waitForSpinner(WaitUtils.java:225)</small> </font> </div>
<div class="test-event"> <font color="maroon"> <small> &emsp; &emsp;--- 16 Oct 16:51:18 144 - Page URL:: https://www.icarstage.com/cart</small> </font> </div>
<div class="test-event"> <font color="maroon"> <small> &emsp; &emsp;--- 16 Oct 16:51:18 144 - <b>0</b> - Page Load Wait: (Sync) - ICar.support.Utils.waitForPageLoad(Utils.java:109)</small> </font> </div>
<div class="test-event"> <font color="maroon"> <small> &emsp; &emsp;--- 16 Oct 16:51:18 203 - Element is displayed:: [[ChromeDriver: chrome on WINDOWS (20650065b0193084a0cca7f00fc0410f)] -> xpath: //button[text()='Continue to Checkout']]</small> </font> </div>
<div class="test-message">&emsp;7. click on My cart icon to navigate to My Cart Page</div>
<div class="test-message">&emsp;Successfully navigated to 'My Cart' Page&emsp;<a href=".\ScreenShot\ICar_B2B_TC034_65045614909200.png" target="_blank" >[ScreenShot]</a></div>
<div class="test-event"> <font color="maroon"> <small> &emsp; &emsp;--- 16 Oct 16:51:20 459 - Element is displayed:: [[ChromeDriver: chrome on WINDOWS (20650065b0193084a0cca7f00fc0410f)] -> xpath: //button[text()='Continue to Checkout']]</small> </font> </div>
<div class="test-event"> <font color="maroon"> <small> &emsp; &emsp;--- 16 Oct 16:51:23 951 - Catched spinner load exception due to Expected condition failed: waiting for ICar.support.WaitUtils$4@636673a3 (tried for 3 second(s) with 500 milliseconds interval)</small> </font> </div>
<div class="test-event"> <font color="maroon"> <small> &emsp; &emsp;--- 16 Oct 16:51:23 951 - <b>3</b> - Spinner Load Wait: (Sync) - ICar.support.WaitUtils.waitForSpinner(WaitUtils.java:225)</small> </font> </div>
<div class="test-event"> <font color="maroon"> <small> &emsp; &emsp;--- 16 Oct 16:51:32 272 - Catched spinner load exception due to Expected condition failed: waiting for ICar.support.WaitUtils$4@636673a3 (tried for 8 second(s) with 500 milliseconds interval)</small> </font> </div>
<div class="test-event"> <font color="maroon"> <small> &emsp; &emsp;--- 16 Oct 16:51:32 272 - <b>8</b> - Spinner Load Wait: (Sync) - ICar.support.WaitUtils.waitForSpinner(WaitUtils.java:225)</small> </font> </div>
<div class="test-event"> <font color="maroon"> <small> &emsp; &emsp;--- 16 Oct 16:51:32 350 - Page URL:: https://www.icarstage.com/checkout</small> </font> </div>
<div class="test-event"> <font color="maroon"> <small> &emsp; &emsp;--- 16 Oct 16:51:32 350 - <b>0</b> - Page Load Wait: (Sync) - ICar.support.Utils.waitForPageLoad(Utils.java:109)</small> </font> </div>
<div class="test-event"> <font color="maroon"> <small> &emsp; &emsp;--- 16 Oct 16:51:32 404 - Element is displayed:: [[ChromeDriver: chrome on WINDOWS (20650065b0193084a0cca7f00fc0410f)] -> xpath: //button[contains(@aria-label,'Payment Method')]]</small> </font> </div>
<div class="test-message">&emsp;8. click on check out button to navigate to Payment details Page</div>
<div class="test-message">&emsp;Successfully navigated to 'Payment details' Page&emsp;<a href=".\ScreenShot\ICar_B2B_TC034_65059816770100.png" target="_blank" >[ScreenShot]</a></div>
<div class="test-event"> <font color="maroon"> <small> &emsp; &emsp;--- 16 Oct 16:51:49 957 - Catched spinner load exception due to Expected condition failed: waiting for ICar.support.WaitUtils$4@636673a3 (tried for 6 second(s) with 500 milliseconds interval)</small> </font> </div>
<div class="test-event"> <font color="maroon"> <small> &emsp; &emsp;--- 16 Oct 16:51:49 957 - <b>6</b> - Spinner Load Wait: (Sync) - ICar.support.WaitUtils.waitForSpinner(WaitUtils.java:225)</small> </font> </div>
<div class="test-event"> <font color="maroon"> <small> &emsp; &emsp;--- 16 Oct 16:51:50 031 - Page URL:: https://www.icarstage.com/checkout</small> </font> </div>
<div class="test-event"> <font color="maroon"> <small> &emsp; &emsp;--- 16 Oct 16:51:50 031 - <b>0</b> - Page Load Wait: (Sync) - ICar.support.Utils.waitForPageLoad(Utils.java:109)</small> </font> </div>
<div class="test-event"> <font color="maroon"> <small> &emsp; &emsp;--- 16 Oct 16:52:10 279 - Catched spinner load exception due to Expected condition failed: waiting for ICar.support.WaitUtils$4@636673a3 (tried for 20 second(s) with 500 milliseconds interval)</small> </font> </div>
<div class="test-event"> <font color="maroon"> <small> &emsp; &emsp;--- 16 Oct 16:52:10 279 - <b>20</b> - Spinner Load Wait: (Sync) - ICar.support.WaitUtils.waitForSpinner(WaitUtils.java:225)</small> </font> </div>
<div class="test-event"> <font color="maroon"> <small> &emsp; &emsp;--- 16 Oct 16:52:13 418 - Page URL:: https://www.icarstage.com/checkout</small> </font> </div>
<div class="test-event"> <font color="maroon"> <small> &emsp; &emsp;--- 16 Oct 16:52:13 418 - <b>0</b> - Page Load Wait: (Sync) - ICar.support.Utils.waitForPageLoad(Utils.java:109)</small> </font> </div>
<div class="test-event"> <font color="maroon"> <small> &emsp; &emsp;--- 16 Oct 16:52:19 787 - Catched spinner load exception due to Expected condition failed: waiting for ICar.support.WaitUtils$4@636673a3 (tried for 4 second(s) with 500 milliseconds interval)</small> </font> </div>
<div class="test-event"> <font color="maroon"> <small> &emsp; &emsp;--- 16 Oct 16:52:19 787 - <b>4</b> - Spinner Load Wait: (Sync) - ICar.support.WaitUtils.waitForSpinner(WaitUtils.java:225)</small> </font> </div>
<div class="test-event"> <font color="maroon"> <small> &emsp; &emsp;--- 16 Oct 16:52:19 884 - Page URL:: https://www.icarstage.com/checkout</small> </font> </div>
<div class="test-event"> <font color="maroon"> <small> &emsp; &emsp;--- 16 Oct 16:52:19 884 - <b>0</b> - Page Load Wait: (Sync) - ICar.support.Utils.waitForPageLoad(Utils.java:109)</small> </font> </div>
<div class="test-event"> <font color="maroon"> <small> &emsp; &emsp;--- 16 Oct 16:52:27 109 - Element is displayed:: [[ChromeDriver: chrome on WINDOWS (20650065b0193084a0cca7f00fc0410f)] -> xpath: //input[@name='cardnumber']]</small> </font> </div>
<div class="test-event"> <font color="maroon"> <small> &emsp; &emsp;--- 16 Oct 16:52:37 446 - Element is displayed:: [[ChromeDriver: chrome on WINDOWS (20650065b0193084a0cca7f00fc0410f)] -> xpath: //input[@name='exp-date']]</small> </font> </div>
<div class="test-event"> <font color="maroon"> <small> &emsp; &emsp;--- 16 Oct 16:52:37 678 - Element is displayed:: [[ChromeDriver: chrome on WINDOWS (20650065b0193084a0cca7f00fc0410f)] -> xpath: //input[@name='cvc']]</small> </font> </div>
<div class="test-event"> <font color="maroon"> <small> &emsp; &emsp;--- 16 Oct 16:52:42 916 - Element is displayed:: [[ChromeDriver: chrome on WINDOWS (20650065b0193084a0cca7f00fc0410f)] -> xpath: //input[@name='postal']]</small> </font> </div>
<div class="test-message">&emsp;9. Proceed button should be enabled</div>
<div class="test-event"> <font color="maroon"> <small> &emsp; &emsp;--- 16 Oct 16:52:43 134 - Element is displayed:: [[ChromeDriver: chrome on WINDOWS (20650065b0193084a0cca7f00fc0410f)] -> xpath: //button[text()='Complete Purchase']]</small> </font> </div>
<div class="test-event"> <font color="maroon"> <small> &emsp; &emsp;--- 16 Oct 16:52:43 191 - Element is displayed:: [[ChromeDriver: chrome on WINDOWS (20650065b0193084a0cca7f00fc0410f)] -> xpath: //button[text()='Complete Purchase']]</small> </font> </div>
<div class="test-event"> <font color="maroon"> <small> &emsp; &emsp;--- 16 Oct 16:52:44 131 - Element is displayed:: [[ChromeDriver: chrome on WINDOWS (20650065b0193084a0cca7f00fc0410f)] -> xpath: //button[text()='Yes']]</small> </font> </div>
<div class="test-event"> <font color="maroon"> <small> &emsp; &emsp;--- 16 Oct 16:52:44 189 - Element is displayed:: [[ChromeDriver: chrome on WINDOWS (20650065b0193084a0cca7f00fc0410f)] -> xpath: //button[text()='Yes']]</small> </font> </div>
<div class="test-event"> <font color="maroon"> <small> &emsp; &emsp;--- 16 Oct 16:52:44 305 - Page URL:: https://www.icarstage.com/checkout</small> </font> </div>
<div class="test-event"> <font color="maroon"> <small> &emsp; &emsp;--- 16 Oct 16:52:44 305 - <b>0</b> - Page Load Wait: (Sync) - ICar.support.Utils.waitForPageLoad(Utils.java:109)</small> </font> </div>
<div class="test-event"> <font color="maroon"> <small> &emsp; &emsp;--- 16 Oct 16:52:58 350 - Catched spinner load exception due to Expected condition failed: waiting for ICar.support.WaitUtils$4@636673a3 (tried for 14 second(s) with 500 milliseconds interval)</small> </font> </div>
<div class="test-event"> <font color="maroon"> <small> &emsp; &emsp;--- 16 Oct 16:52:58 350 - <b>14</b> - Spinner Load Wait: (Sync) - ICar.support.WaitUtils.waitForSpinner(WaitUtils.java:225)</small> </font> </div>
<div class="test-event"> <font color="maroon"> <small> &emsp; &emsp;--- 16 Oct 16:52:58 410 - Element is displayed:: [[ChromeDriver: chrome on WINDOWS (20650065b0193084a0cca7f00fc0410f)] -> xpath: //div[@class='summary-align']//div[text()='Order']//following::div[1]]</small> </font> </div>
<div class="test-event"> <font color="maroon"> <small> &emsp; &emsp;--- 16 Oct 16:53:01 492 - Element is displayed:: [[ChromeDriver: chrome on WINDOWS (20650065b0193084a0cca7f00fc0410f)] -> xpath: //div[@class='summary-align']//div[text()='Order']//following::div[1]]</small> </font> </div>
<div class="test-message">&emsp;Successfully Purchased the course with order no : 00884133&emsp;<a href=".\ScreenShot\ICar_B2B_TC034_65148904588400.png" target="_blank" >[ScreenShot]</a></div>
<div class="test-event"> <font color="maroon"> <small> &emsp; &emsp;--- 16 Oct 16:53:01 799 - Page URL:: https://www.icarstage.com/order?orderid=801vc000016e0fnyas</small> </font> </div>
<div class="test-event"> <font color="maroon"> <small> &emsp; &emsp;--- 16 Oct 16:53:01 799 - <b>0</b> - Page Load Wait: (Sync) - ICar.support.Utils.waitForPageLoad(Utils.java:109)</small> </font> </div>
<div class="test-event"> <font color="maroon"> <small> &emsp; &emsp;--- 16 Oct 16:53:01 855 - Element is displayed:: [[ChromeDriver: chrome on WINDOWS (20650065b0193084a0cca7f00fc0410f)] -> xpath: //p[text()='Launch My Learning']]</small> </font> </div>
<div class="test-event"> <font color="maroon"> <small> &emsp; &emsp;--- 16 Oct 16:53:01 896 - Element is displayed:: [[ChromeDriver: chrome on WINDOWS (20650065b0193084a0cca7f00fc0410f)] -> xpath: //lightning-layout[@class='left-margin slds-align_absolute-center slds-grid slds-grid_align-spread slds-wrap']//lightning-layout-item[2]//a]</small> </font> </div>
<div class="test-event"> <font color="maroon"> <small> &emsp; &emsp;--- 16 Oct 16:53:03 979 - Element is displayed:: [[ChromeDriver: chrome on WINDOWS (20650065b0193084a0cca7f00fc0410f)] -> xpath: //lightning-layout[@class='left-margin slds-align_absolute-center slds-grid slds-grid_align-spread slds-wrap']//lightning-layout-item[2]//a]</small> </font> </div>
<div class="test-event"> <font color="maroon"> <small> &emsp; &emsp;--- 16 Oct 16:53:04 066 - Element is displayed:: [[ChromeDriver: chrome on WINDOWS (20650065b0193084a0cca7f00fc0410f)] -> xpath: //ul[@aria-label='Show More']//li[2]/a]</small> </font> </div>
<div class="test-event"> <font color="maroon"> <small> &emsp; &emsp;--- 16 Oct 16:53:04 113 - Element is displayed:: [[ChromeDriver: chrome on WINDOWS (20650065b0193084a0cca7f00fc0410f)] -> xpath: //ul[@aria-label='Show More']//li[2]/a]</small> </font> </div>
<div class="test-event"> <font color="maroon"> <small> &emsp; &emsp;--- 16 Oct 16:53:20 090 - Catched spinner load exception due to Expected condition failed: waiting for ICar.support.WaitUtils$4@636673a3 (tried for 15 second(s) with 500 milliseconds interval)</small> </font> </div>
<div class="test-event"> <font color="maroon"> <small> &emsp; &emsp;--- 16 Oct 16:53:20 090 - <b>15</b> - Spinner Load Wait: (Sync) - ICar.support.WaitUtils.waitForSpinner(WaitUtils.java:225)</small> </font> </div>
<div class="test-event"> <font color="maroon"> <small> &emsp; &emsp;--- 16 Oct 16:53:20 186 - Page URL:: https://www.icarstage.com/my-payment-information</small> </font> </div>
<div class="test-event"> <font color="maroon"> <small> &emsp; &emsp;--- 16 Oct 16:53:20 186 - <b>0</b> - Page Load Wait: (Sync) - ICar.support.Utils.waitForPageLoad(Utils.java:109)</small> </font> </div>
<div class="test-event"> <font color="maroon"> <small> &emsp; &emsp;--- 16 Oct 16:53:20 244 - Element is displayed:: [[ChromeDriver: chrome on WINDOWS (20650065b0193084a0cca7f00fc0410f)] -> xpath: //a[contains(text(),'Credit Card')]]</small> </font> </div>
<div class="test-message">&emsp;10. Navigating to My Payment Information Page</div>
<div class="test-message">&emsp;Successfully navigated to 'My Payment Information' Page&emsp;<a href=".\ScreenShot\ICar_B2B_TC034_65167655977100.png" target="_blank" >[ScreenShot]</a></div>
<div class="test-event"> <font color="maroon"> <small> &emsp; &emsp;--- 16 Oct 16:53:20 476 - Element is displayed:: [[ChromeDriver: chrome on WINDOWS (20650065b0193084a0cca7f00fc0410f)] -> xpath: (//a[contains(@name,'delete|card_')])/lightning-icon]</small> </font> </div>
<div class="test-message">&emsp;Successfully verified card in 'My Payment Information' Page&emsp;<a href=".\ScreenShot\ICar_B2B_TC034_65167888546600.png" target="_blank" >[ScreenShot]</a></div>
<div class="test-event"> <font color="maroon"> <small> &emsp; &emsp;--- 16 Oct 16:53:29 168 - Element Proxy element for: AjaxElementLocator 'By.xpath: //slot[@name='message']', is not displayed in page </small> </font> </div>
<div class="test-event"> <font color="maroon"> <small> &emsp; &emsp;--- 16 Oct 16:53:29 203 - Element is displayed:: [[ChromeDriver: chrome on WINDOWS (20650065b0193084a0cca7f00fc0410f)] -> xpath: (//a[contains(@name,'delete|card_')])/lightning-icon]</small> </font> </div>
<div class="test-event"> <font color="maroon"> <small> &emsp; &emsp;--- 16 Oct 16:53:29 314 - Element is displayed:: [[ChromeDriver: chrome on WINDOWS (20650065b0193084a0cca7f00fc0410f)] -> xpath: //button[@title='Yes']]</small> </font> </div>
<div class="test-event"> <font color="maroon"> <small> &emsp; &emsp;--- 16 Oct 16:53:29 360 - Element is displayed:: [[ChromeDriver: chrome on WINDOWS (20650065b0193084a0cca7f00fc0410f)] -> xpath: //button[@title='Yes']]</small> </font> </div>
<div class="test-event"> <font color="maroon"> <small> &emsp; &emsp;--- 16 Oct 16:53:30 429 - Catched spinner load exception due to Expected condition failed: waiting for ICar.support.WaitUtils$4@636673a3 (tried for 1 second(s) with 500 milliseconds interval)</small> </font> </div>
<div class="test-event"> <font color="maroon"> <small> &emsp; &emsp;--- 16 Oct 16:53:30 429 - <b>1</b> - Spinner Load Wait: (Sync) - ICar.support.WaitUtils.waitForSpinner(WaitUtils.java:225)</small> </font> </div>
<div class="test-event"> <font color="maroon"> <small> &emsp; &emsp;--- 16 Oct 16:53:32 466 - Element [[ChromeDriver: chrome on WINDOWS (20650065b0193084a0cca7f00fc0410f)] -> xpath: //slot[@name='message']], is still visible in page</small> </font> </div>
<div class="test-event"> <font color="maroon"> <small> &emsp; &emsp;--- 16 Oct 16:53:32 997 - Element [[ChromeDriver: chrome on WINDOWS (20650065b0193084a0cca7f00fc0410f)] -> xpath: //slot[@name='message']], is still visible in page</small> </font> </div>
<div class="test-event"> <font color="maroon"> <small> &emsp; &emsp;--- 16 Oct 16:53:33 540 - Element [[ChromeDriver: chrome on WINDOWS (20650065b0193084a0cca7f00fc0410f)] -> xpath: //slot[@name='message']], is still visible in page</small> </font> </div>
<div class="test-event"> <font color="maroon"> <small> &emsp; &emsp;--- 16 Oct 16:53:34 076 - Element [[ChromeDriver: chrome on WINDOWS (20650065b0193084a0cca7f00fc0410f)] -> xpath: //slot[@name='message']], is still visible in page</small> </font> </div>
<div class="test-event"> <font color="maroon"> <small> &emsp; &emsp;--- 16 Oct 16:53:34 611 - Element [[ChromeDriver: chrome on WINDOWS (20650065b0193084a0cca7f00fc0410f)] -> xpath: //slot[@name='message']], is still visible in page</small> </font> </div>
<div class="test-event"> <font color="maroon"> <small> &emsp; &emsp;--- 16 Oct 16:53:35 147 - Element [[ChromeDriver: chrome on WINDOWS (20650065b0193084a0cca7f00fc0410f)] -> xpath: //slot[@name='message']], is still visible in page</small> </font> </div>
<div class="test-event"> <font color="maroon"> <small> &emsp; &emsp;--- 16 Oct 16:53:35 693 - Element [[ChromeDriver: chrome on WINDOWS (20650065b0193084a0cca7f00fc0410f)] -> xpath: //slot[@name='message']], is still visible in page</small> </font> </div>
<div class="test-event"> <font color="maroon"> <small> &emsp; &emsp;--- 16 Oct 16:53:42 684 - Element Proxy element for: AjaxElementLocator 'By.xpath: //slot[@name='message']', is not displayed in page </small> </font> </div>
<div class="test-result"><br><font color="green"><strong> Test Passed. </strong></font> </div>&emsp;
&emsp;<div class="test-title"> <strong><font size = "3" color = "#0000FF">---Test Execution Ends---</font> </strong> </div>&emsp;
<div class="test-event"> <font color="maroon"> <small> &emsp; &emsp;--- 16 Oct 16:53:46 535 - TestCaseID:: ICar_B2B_TC036</small> </font> </div>
<div class="test-event"> <font color="maroon"> <small> &emsp; &emsp;--- 16 Oct 16:53:47 765 - <b>1</b> - Driver::initialize::Get - ICar.support.WebDriverFactory.getDriver(WebDriverFactory.java:640)</small> </font> </div>
&emsp;<div class="test-title"> <strong><font size = "3" color = "#000080">Verify the Platinum Training Progress details under My Training Progress</font> </strong> </div>&emsp;<div><strong>Steps:</strong></div><!-- Report -->&emsp;
<div class="test-event"> <font color="maroon"> <small> &emsp; &emsp;--- 16 Oct 16:53:53 901 - Element is displayed:: [[ChromeDriver: chrome on WINDOWS (795b6dbe5cf5bac284423317f9d251a4)] -> xpath: //a/img[@alt='Login Image']|//button[@id='btn-login']]</small> </font> </div>
<div class="test-event"> <font color="maroon"> <small> &emsp; &emsp;--- 16 Oct 16:53:53 958 - Element is displayed:: [[ChromeDriver: chrome on WINDOWS (795b6dbe5cf5bac284423317f9d251a4)] -> xpath: //a/img[@alt='Login Image']|//button[@id='btn-login']]</small> </font> </div>
<div class="test-message">&emsp;Successfully navigated to 'Home' Page&emsp;<a href=".\ScreenShot\ICar_B2B_TC036_65201369539200.png" target="_blank" >[ScreenShot]</a></div>
<div class="test-message">&emsp;1. Home page is launched.</div>
<div class="test-event"> <font color="maroon"> <small> &emsp; &emsp;--- 16 Oct 16:53:54 742 - Page URL:: https://www.icarstage.com/</small> </font> </div>
<div class="test-event"> <font color="maroon"> <small> &emsp; &emsp;--- 16 Oct 16:53:54 742 - <b>0</b> - Page Load Wait: (Sync) - ICar.support.Utils.waitForPageLoad(Utils.java:109)</small> </font> </div>
<div class="test-event"> <font color="maroon"> <small> &emsp; &emsp;--- 16 Oct 16:53:54 779 - Element is displayed:: [[ChromeDriver: chrome on WINDOWS (795b6dbe5cf5bac284423317f9d251a4)] -> xpath: //a/img[@alt='Login Image']|//button[@id='btn-login']]</small> </font> </div>
<div class="test-event"> <font color="maroon"> <small> &emsp; &emsp;--- 16 Oct 16:53:54 831 - Element is displayed:: [[ChromeDriver: chrome on WINDOWS (795b6dbe5cf5bac284423317f9d251a4)] -> xpath: //a/img[@alt='Login Image']|//button[@id='btn-login']]</small> </font> </div>
<div class="test-event"> <font color="maroon"> <small> &emsp; &emsp;--- 16 Oct 16:54:13 783 - Catched spinner load exception due to Expected condition failed: waiting for ICar.support.WaitUtils$4@636673a3 (tried for 15 second(s) with 500 milliseconds interval)</small> </font> </div>
<div class="test-event"> <font color="maroon"> <small> &emsp; &emsp;--- 16 Oct 16:54:13 783 - <b>15</b> - Spinner Load Wait: (Sync) - ICar.support.WaitUtils.waitForSpinner(WaitUtils.java:225)</small> </font> </div>
<div class="test-message">&emsp;2. Navigate to 'Login Page'</div>
<div class="test-message">&emsp;Successfully navigated to 'Login' Page&emsp;<a href=".\ScreenShot\ICar_B2B_TC036_65221198267000.png" target="_blank" >[ScreenShot]</a></div>
<div class="test-event"> <font color="maroon"> <small> &emsp; &emsp;--- 16 Oct 16:54:14 003 - Element is displayed:: [[ChromeDriver: chrome on WINDOWS (795b6dbe5cf5bac284423317f9d251a4)] -> id: username]</small> </font> </div>
<div class="test-event"> <font color="maroon"> <small> &emsp; &emsp;--- 16 Oct 16:54:14 056 - Element is displayed:: [[ChromeDriver: chrome on WINDOWS (795b6dbe5cf5bac284423317f9d251a4)] -> id: username]</small> </font> </div>
<div class="test-event"> <font color="maroon"> <small> &emsp; &emsp;--- 16 Oct 16:54:14 258 - Element is displayed:: [[ChromeDriver: chrome on WINDOWS (795b6dbe5cf5bac284423317f9d251a4)] -> id: password]</small> </font> </div>
<div class="test-event"> <font color="maroon"> <small> &emsp; &emsp;--- 16 Oct 16:54:14 418 - Element is displayed:: [[ChromeDriver: chrome on WINDOWS (795b6dbe5cf5bac284423317f9d251a4)] -> id: btn-login]</small> </font> </div>
<div class="test-event"> <font color="maroon"> <small> &emsp; &emsp;--- 16 Oct 16:54:20 672 - Catched spinner load exception due to Expected condition failed: waiting for ICar.support.WaitUtils$4@636673a3 (tried for 3 second(s) with 500 milliseconds interval)</small> </font> </div>
<div class="test-event"> <font color="maroon"> <small> &emsp; &emsp;--- 16 Oct 16:54:20 672 - <b>6</b> - Spinner Load Wait: (Sync) - ICar.support.WaitUtils.waitForSpinner(WaitUtils.java:225)</small> </font> </div>
<div class="test-event"> <font color="maroon"> <small> &emsp; &emsp;--- 16 Oct 16:54:42 533 - Catched spinner load exception due to Expected condition failed: waiting for ICar.support.WaitUtils$4@636673a3 (tried for 10 second(s) with 500 milliseconds interval)</small> </font> </div>
<div class="test-event"> <font color="maroon"> <small> &emsp; &emsp;--- 16 Oct 16:54:42 533 - <b>10</b> - Spinner Load Wait: (Sync) - ICar.support.WaitUtils.waitForSpinner(WaitUtils.java:225)</small> </font> </div>
<div class="test-event"> <font color="maroon"> <small> &emsp; &emsp;--- 16 Oct 16:54:42 603 - Element is displayed:: [[ChromeDriver: chrome on WINDOWS (795b6dbe5cf5bac284423317f9d251a4)] -> xpath: //button[@value='Launch My Learning']]</small> </font> </div>
<div class="test-message">&emsp;3. Enter the user credentials as : pkelly123</div>
<div class="test-message">&emsp;Successfully navigated to 'User Home' Page&emsp;<a href=".\ScreenShot\ICar_B2B_TC036_65250015338000.png" target="_blank" >[ScreenShot]</a></div>
<div class="test-event"> <font color="maroon"> <small> &emsp; &emsp;--- 16 Oct 16:54:42 981 - Page URL:: https://www.icarstage.com/</small> </font> </div>
<div class="test-event"> <font color="maroon"> <small> &emsp; &emsp;--- 16 Oct 16:54:42 981 - <b>0</b> - Page Load Wait: (Sync) - ICar.support.Utils.waitForPageLoad(Utils.java:109)</small> </font> </div>
<div class="test-event"> <font color="maroon"> <small> &emsp; &emsp;--- 16 Oct 16:54:43 040 - Element is displayed:: [[ChromeDriver: chrome on WINDOWS (795b6dbe5cf5bac284423317f9d251a4)] -> xpath: //p[text()='Launch My Learning']]</small> </font> </div>
<div class="test-event"> <font color="maroon"> <small> &emsp; &emsp;--- 16 Oct 16:54:43 077 - Element is displayed:: [[ChromeDriver: chrome on WINDOWS (795b6dbe5cf5bac284423317f9d251a4)] -> xpath: //a[text()='My Training']]</small> </font> </div>
<div class="test-event"> <font color="maroon"> <small> &emsp; &emsp;--- 16 Oct 16:54:43 233 - Page URL:: https://www.icarstage.com/</small> </font> </div>
<div class="test-event"> <font color="maroon"> <small> &emsp; &emsp;--- 16 Oct 16:54:43 233 - <b>0</b> - Page Load Wait: (Sync) - ICar.support.Utils.waitForPageLoad(Utils.java:109)</small> </font> </div>
<div class="test-event"> <font color="maroon"> <small> &emsp; &emsp;--- 16 Oct 16:54:45 315 - Element is displayed:: [[ChromeDriver: chrome on WINDOWS (795b6dbe5cf5bac284423317f9d251a4)] -> xpath: //a[text()='My Training']]</small> </font> </div>
<div class="test-event"> <font color="maroon"> <small> &emsp; &emsp;--- 16 Oct 16:55:03 541 - Catched spinner load exception due to Expected condition failed: waiting for ICar.support.WaitUtils$4@636673a3 (tried for 15 second(s) with 500 milliseconds interval)</small> </font> </div>
<div class="test-event"> <font color="maroon"> <small> &emsp; &emsp;--- 16 Oct 16:55:03 541 - <b>15</b> - Spinner Load Wait: (Sync) - ICar.support.WaitUtils.waitForSpinner(WaitUtils.java:225)</small> </font> </div>
<div class="test-event"> <font color="maroon"> <small> &emsp; &emsp;--- 16 Oct 16:55:03 769 - Page URL:: https://www.icarstage.com/my-training</small> </font> </div>
<div class="test-event"> <font color="maroon"> <small> &emsp; &emsp;--- 16 Oct 16:55:03 769 - <b>0</b> - Page Load Wait: (Sync) - ICar.support.Utils.waitForPageLoad(Utils.java:109)</small> </font> </div>
<div class="test-event"> <font color="maroon"> <small> &emsp; &emsp;--- 16 Oct 16:55:03 826 - Element is displayed:: [[ChromeDriver: chrome on WINDOWS (795b6dbe5cf5bac284423317f9d251a4)] -> xpath: //span[@title='My Professional Development']]</small> </font> </div>
<div class="test-message">&emsp;4. Navigating to My Training Page</div>
<div class="test-message">&emsp;Successfully navigated to 'My Training' Page&emsp;<a href=".\ScreenShot\ICar_B2B_TC036_65271237909400.png" target="_blank" >[ScreenShot]</a></div>
<div class="test-message">&emsp;5. click on My Professional Development link</div>
<div class="test-event"> <font color="maroon"> <small> &emsp; &emsp;--- 16 Oct 16:55:04 049 - Element is displayed:: [[ChromeDriver: chrome on WINDOWS (795b6dbe5cf5bac284423317f9d251a4)] -> xpath: //span[@title='My Professional Development']]</small> </font> </div>
<div class="test-event"> <font color="maroon"> <small> &emsp; &emsp;--- 16 Oct 16:55:04 098 - Element is displayed:: [[ChromeDriver: chrome on WINDOWS (795b6dbe5cf5bac284423317f9d251a4)] -> xpath: //span[@title='My Professional Development']]</small> </font> </div>
<div class="test-message">&emsp;6. Updating the Learning Path with :Estimator;Non-Structural Technician</div>
<div class="test-event"> <font color="maroon"> <small> &emsp; &emsp;--- 16 Oct 16:55:04 227 - Element is displayed:: [[ChromeDriver: chrome on WINDOWS (795b6dbe5cf5bac284423317f9d251a4)] -> xpath: //span[text()='Non-Structural Technician']/preceding-sibling::span]</small> </font> </div>
<div class="test-event"> <font color="maroon"> <small> &emsp; &emsp;--- 16 Oct 16:55:04 280 - Element is displayed:: [[ChromeDriver: chrome on WINDOWS (795b6dbe5cf5bac284423317f9d251a4)] -> xpath: //span[text()='Estimator']/preceding-sibling::span]</small> </font> </div>
<div class="test-event"> <font color="maroon"> <small> &emsp; &emsp;--- 16 Oct 16:55:07 377 - Element is displayed:: [[ChromeDriver: chrome on WINDOWS (795b6dbe5cf5bac284423317f9d251a4)] -> xpath: //span[text()='Non-Structural Technician']/preceding-sibling::span]</small> </font> </div>
<div class="test-event"> <font color="maroon"> <small> &emsp; &emsp;--- 16 Oct 16:55:07 434 - Element is displayed:: [[ChromeDriver: chrome on WINDOWS (795b6dbe5cf5bac284423317f9d251a4)] -> xpath: //span[text()='Non-Structural Technician']/preceding-sibling::span]</small> </font> </div>
<div class="test-event"> <font color="maroon"> <small> &emsp; &emsp;--- 16 Oct 16:55:10 547 - Element is displayed:: [[ChromeDriver: chrome on WINDOWS (795b6dbe5cf5bac284423317f9d251a4)] -> xpath: //button[@title='Update Preference']]</small> </font> </div>
<div class="test-event"> <font color="maroon"> <small> &emsp; &emsp;--- 16 Oct 16:55:25 712 - Catched spinner load exception due to Expected condition failed: waiting for ICar.support.WaitUtils$4@636673a3 (tried for 15 second(s) with 500 milliseconds interval)</small> </font> </div>
<div class="test-event"> <font color="maroon"> <small> &emsp; &emsp;--- 16 Oct 16:55:25 712 - <b>15</b> - Spinner Load Wait: (Sync) - ICar.support.WaitUtils.waitForSpinner(WaitUtils.java:225)</small> </font> </div>
<div class="test-message">&emsp;7. Get the Platinum Training Progress details if available</div>
<div class="test-event"> <font color="maroon"> <small> &emsp; &emsp;--- 16 Oct 16:55:25 726 - Page URL:: https://www.icarstage.com/my-training</small> </font> </div>
<div class="test-event"> <font color="maroon"> <small> &emsp; &emsp;--- 16 Oct 16:55:25 727 - Page Load Wait </small> </font> </div>
<div class="test-event"> <font color="maroon"> <small> &emsp; &emsp;--- 16 Oct 16:55:34 032 - Catched spinner load exception due to Expected condition failed: waiting for ICar.support.WaitUtils$4@636673a3 (tried for 8 second(s) with 500 milliseconds interval)</small> </font> </div>
<div class="test-event"> <font color="maroon"> <small> &emsp; &emsp;--- 16 Oct 16:55:34 032 - <b>8</b> - Spinner Load Wait: (Sync) - ICar.support.WaitUtils.waitForSpinner(WaitUtils.java:225)</small> </font> </div>
<div class="test-event"> <font color="maroon"> <small> &emsp; &emsp;--- 16 Oct 16:55:34 078 - Element is displayed:: [[ChromeDriver: chrome on WINDOWS (795b6dbe5cf5bac284423317f9d251a4)] -> xpath: //span[@title='My Training Status']]</small> </font> </div>
<div class="test-event"> <font color="maroon"> <small> &emsp; &emsp;--- 16 Oct 16:55:34 140 - Element is displayed:: [[ChromeDriver: chrome on WINDOWS (795b6dbe5cf5bac284423317f9d251a4)] -> xpath: //span[@title='My Training Status']]</small> </font> </div>
<div class="test-message">&emsp;Successfully verified the role status under My Training Progress.&emsp;<a href=".\ScreenShot\ICar_B2B_TC036_65303712422200.png" target="_blank" >[ScreenShot]</a></div>
<div class="test-result"><br><font color="green"><strong> Test Passed. </strong></font> </div>&emsp;
&emsp;<div class="test-title"> <strong><font size = "3" color = "#0000FF">---Test Execution Ends---</font> </strong> </div>&emsp;
<div class="test-event"> <font color="maroon"> <small> &emsp; &emsp;--- 16 Oct 16:55:36 843 - TestCaseID:: ICar_B2B_TC037</small> </font> </div>
<div class="test-event"> <font color="maroon"> <small> &emsp; &emsp;--- 16 Oct 16:55:38 275 - <b>1</b> - Driver::initialize::Get - ICar.support.WebDriverFactory.getDriver(WebDriverFactory.java:640)</small> </font> </div>
&emsp;<div class="test-title"> <strong><font size = "3" color = "#000080">Verify the My Affiliations and the certification</font> </strong> </div>&emsp;<div><strong>Steps:</strong></div><!-- Report -->&emsp;
<div class="test-event"> <font color="maroon"> <small> &emsp; &emsp;--- 16 Oct 16:55:43 498 - Element is displayed:: [[ChromeDriver: chrome on WINDOWS (0d6fca3ea03d57d147bc02f2c21b0126)] -> xpath: //a/img[@alt='Login Image']|//button[@id='btn-login']]</small> </font> </div>
<div class="test-event"> <font color="maroon"> <small> &emsp; &emsp;--- 16 Oct 16:55:43 547 - Element is displayed:: [[ChromeDriver: chrome on WINDOWS (0d6fca3ea03d57d147bc02f2c21b0126)] -> xpath: //a/img[@alt='Login Image']|//button[@id='btn-login']]</small> </font> </div>
<div class="test-message">&emsp;Successfully navigated to 'Home' Page&emsp;<a href=".\ScreenShot\ICar_B2B_TC037_65310959115100.png" target="_blank" >[ScreenShot]</a></div>
<div class="test-message">&emsp;1. Home page is launched.</div>
<div class="test-event"> <font color="maroon"> <small> &emsp; &emsp;--- 16 Oct 16:55:44 337 - Page URL:: https://www.icarstage.com/</small> </font> </div>
<div class="test-event"> <font color="maroon"> <small> &emsp; &emsp;--- 16 Oct 16:55:44 337 - <b>0</b> - Page Load Wait: (Sync) - ICar.support.Utils.waitForPageLoad(Utils.java:109)</small> </font> </div>
<div class="test-event"> <font color="maroon"> <small> &emsp; &emsp;--- 16 Oct 16:55:44 397 - Element is displayed:: [[ChromeDriver: chrome on WINDOWS (0d6fca3ea03d57d147bc02f2c21b0126)] -> xpath: //a/img[@alt='Login Image']|//button[@id='btn-login']]</small> </font> </div>
<div class="test-event"> <font color="maroon"> <small> &emsp; &emsp;--- 16 Oct 16:55:44 451 - Element is displayed:: [[ChromeDriver: chrome on WINDOWS (0d6fca3ea03d57d147bc02f2c21b0126)] -> xpath: //a/img[@alt='Login Image']|//button[@id='btn-login']]</small> </font> </div>
<div class="test-event"> <font color="maroon"> <small> &emsp; &emsp;--- 16 Oct 16:56:02 430 - Catched spinner load exception due to Expected condition failed: waiting for ICar.support.WaitUtils$4@636673a3 (tried for 15 second(s) with 500 milliseconds interval)</small> </font> </div>
<div class="test-event"> <font color="maroon"> <small> &emsp; &emsp;--- 16 Oct 16:56:02 430 - <b>15</b> - Spinner Load Wait: (Sync) - ICar.support.WaitUtils.waitForSpinner(WaitUtils.java:225)</small> </font> </div>
<div class="test-message">&emsp;2. Navigate to 'Login Page'</div>
<div class="test-message">&emsp;Successfully navigated to 'Login' Page&emsp;<a href=".\ScreenShot\ICar_B2B_TC037_65329845631600.png" target="_blank" >[ScreenShot]</a></div>
<div class="test-event"> <font color="maroon"> <small> &emsp; &emsp;--- 16 Oct 16:56:02 654 - Element is displayed:: [[ChromeDriver: chrome on WINDOWS (0d6fca3ea03d57d147bc02f2c21b0126)] -> id: username]</small> </font> </div>
<div class="test-event"> <font color="maroon"> <small> &emsp; &emsp;--- 16 Oct 16:56:02 714 - Element is displayed:: [[ChromeDriver: chrome on WINDOWS (0d6fca3ea03d57d147bc02f2c21b0126)] -> id: username]</small> </font> </div>
<div class="test-event"> <font color="maroon"> <small> &emsp; &emsp;--- 16 Oct 16:56:02 940 - Element is displayed:: [[ChromeDriver: chrome on WINDOWS (0d6fca3ea03d57d147bc02f2c21b0126)] -> id: password]</small> </font> </div>
<div class="test-event"> <font color="maroon"> <small> &emsp; &emsp;--- 16 Oct 16:56:03 102 - Element is displayed:: [[ChromeDriver: chrome on WINDOWS (0d6fca3ea03d57d147bc02f2c21b0126)] -> id: btn-login]</small> </font> </div>
<div class="test-event"> <font color="maroon"> <small> &emsp; &emsp;--- 16 Oct 16:56:08 562 - Catched spinner load exception due to Expected condition failed: waiting for ICar.support.WaitUtils$4@636673a3 (tried for 3 second(s) with 500 milliseconds interval)</small> </font> </div>
<div class="test-event"> <font color="maroon"> <small> &emsp; &emsp;--- 16 Oct 16:56:08 562 - <b>5</b> - Spinner Load Wait: (Sync) - ICar.support.WaitUtils.waitForSpinner(WaitUtils.java:225)</small> </font> </div>
<div class="test-event"> <font color="maroon"> <small> &emsp; &emsp;--- 16 Oct 16:56:30 788 - Catched spinner load exception due to Expected condition failed: waiting for ICar.support.WaitUtils$4@636673a3 (tried for 10 second(s) with 500 milliseconds interval)</small> </font> </div>
<div class="test-event"> <font color="maroon"> <small> &emsp; &emsp;--- 16 Oct 16:56:30 789 - <b>10</b> - Spinner Load Wait: (Sync) - ICar.support.WaitUtils.waitForSpinner(WaitUtils.java:225)</small> </font> </div>
<div class="test-event"> <font color="maroon"> <small> &emsp; &emsp;--- 16 Oct 16:56:30 863 - Element is displayed:: [[ChromeDriver: chrome on WINDOWS (0d6fca3ea03d57d147bc02f2c21b0126)] -> xpath: //button[@value='Launch My Learning']]</small> </font> </div>
<div class="test-message">&emsp;3. Enter the user credentials as : pkelly123</div>
<div class="test-message">&emsp;Successfully navigated to 'User Home' Page&emsp;<a href=".\ScreenShot\ICar_B2B_TC037_65358275158500.png" target="_blank" >[ScreenShot]</a></div>
<div class="test-event"> <font color="maroon"> <small> &emsp; &emsp;--- 16 Oct 16:56:31 239 - Page URL:: https://www.icarstage.com/</small> </font> </div>
<div class="test-event"> <font color="maroon"> <small> &emsp; &emsp;--- 16 Oct 16:56:31 239 - <b>0</b> - Page Load Wait: (Sync) - ICar.support.Utils.waitForPageLoad(Utils.java:109)</small> </font> </div>
<div class="test-event"> <font color="maroon"> <small> &emsp; &emsp;--- 16 Oct 16:56:31 302 - Element is displayed:: [[ChromeDriver: chrome on WINDOWS (0d6fca3ea03d57d147bc02f2c21b0126)] -> xpath: //p[text()='Launch My Learning']]</small> </font> </div>
<div class="test-event"> <font color="maroon"> <small> &emsp; &emsp;--- 16 Oct 16:56:31 340 - Element is displayed:: [[ChromeDriver: chrome on WINDOWS (0d6fca3ea03d57d147bc02f2c21b0126)] -> xpath: //a[text()='My Training']]</small> </font> </div>
<div class="test-event"> <font color="maroon"> <small> &emsp; &emsp;--- 16 Oct 16:56:31 512 - Page URL:: https://www.icarstage.com/</small> </font> </div>
<div class="test-event"> <font color="maroon"> <small> &emsp; &emsp;--- 16 Oct 16:56:31 512 - <b>0</b> - Page Load Wait: (Sync) - ICar.support.Utils.waitForPageLoad(Utils.java:109)</small> </font> </div>
<div class="test-event"> <font color="maroon"> <small> &emsp; &emsp;--- 16 Oct 16:56:33 595 - Element is displayed:: [[ChromeDriver: chrome on WINDOWS (0d6fca3ea03d57d147bc02f2c21b0126)] -> xpath: //a[text()='My Training']]</small> </font> </div>
<div class="test-event"> <font color="maroon"> <small> &emsp; &emsp;--- 16 Oct 16:56:51 907 - Catched spinner load exception due to Expected condition failed: waiting for ICar.support.WaitUtils$4@636673a3 (tried for 15 second(s) with 500 milliseconds interval)</small> </font> </div>
<div class="test-event"> <font color="maroon"> <small> &emsp; &emsp;--- 16 Oct 16:56:51 907 - <b>15</b> - Spinner Load Wait: (Sync) - ICar.support.WaitUtils.waitForSpinner(WaitUtils.java:225)</small> </font> </div>
<div class="test-event"> <font color="maroon"> <small> &emsp; &emsp;--- 16 Oct 16:56:52 143 - Page URL:: https://www.icarstage.com/my-training</small> </font> </div>
<div class="test-event"> <font color="maroon"> <small> &emsp; &emsp;--- 16 Oct 16:56:52 143 - <b>0</b> - Page Load Wait: (Sync) - ICar.support.Utils.waitForPageLoad(Utils.java:109)</small> </font> </div>
<div class="test-event"> <font color="maroon"> <small> &emsp; &emsp;--- 16 Oct 16:56:52 204 - Element is displayed:: [[ChromeDriver: chrome on WINDOWS (0d6fca3ea03d57d147bc02f2c21b0126)] -> xpath: //span[@title='My Professional Development']]</small> </font> </div>
<div class="test-message">&emsp;4. Navigating to My Training Page</div>
<div class="test-message">&emsp;Successfully navigated to 'My Training' Page&emsp;<a href=".\ScreenShot\ICar_B2B_TC037_65379615707600.png" target="_blank" >[ScreenShot]</a></div>
<div class="test-message">&emsp;5.Click on the My Affiliations and Verify the Affiliations details :NA</div>
<div class="test-event"> <font color="maroon"> <small> &emsp; &emsp;--- 16 Oct 16:56:52 404 - Page URL:: https://www.icarstage.com/my-training</small> </font> </div>
<div class="test-event"> <font color="maroon"> <small> &emsp; &emsp;--- 16 Oct 16:56:52 404 - Page Load Wait </small> </font> </div>
<div class="test-event"> <font color="maroon"> <small> &emsp; &emsp;--- 16 Oct 16:56:59 666 - Catched spinner load exception due to Expected condition failed: waiting for ICar.support.WaitUtils$4@636673a3 (tried for 7 second(s) with 500 milliseconds interval)</small> </font> </div>
<div class="test-event"> <font color="maroon"> <small> &emsp; &emsp;--- 16 Oct 16:56:59 666 - <b>7</b> - Spinner Load Wait: (Sync) - ICar.support.WaitUtils.waitForSpinner(WaitUtils.java:225)</small> </font> </div>
<div class="test-event"> <font color="maroon"> <small> &emsp; &emsp;--- 16 Oct 16:56:59 748 - Element is displayed:: [[ChromeDriver: chrome on WINDOWS (0d6fca3ea03d57d147bc02f2c21b0126)] -> xpath: //span[@title='My Affiliations']]</small> </font> </div>
<div class="test-event"> <font color="maroon"> <small> &emsp; &emsp;--- 16 Oct 16:57:06 073 - Unable to find a element after 4 sec ==> [[ChromeDriver: chrome on WINDOWS (0d6fca3ea03d57d147bc02f2c21b0126)] -> xpath: //lightning-accordion-section[@class='acc-section slds-accordion__list-item'][3]//table//tbody/tr]</small> </font> </div>
<!--FAIL-->
<div class="test-result"><br><font color="red"><strong> Failed to verify the Affiliations </strong></font> <a href=".\ScreenShot\ICar_B2B_TC037_65396729608700.png" target="_blank" >[ScreenShot]</a></div>&emsp;
&emsp;<div class="test-title"> <strong><font size = "3" color = "#0000FF">---Test Execution Ends---</font> </strong> </div>&emsp;
<div class="test-event"> <font color="maroon"> <small> &emsp; &emsp;--- 16 Oct 16:57:09 847 - TestCaseID:: ICar_B2B_TC038</small> </font> </div>
<div class="test-event"> <font color="maroon"> <small> &emsp; &emsp;--- 16 Oct 16:57:11 304 - <b>1</b> - Driver::initialize::Get - ICar.support.WebDriverFactory.getDriver(WebDriverFactory.java:640)</small> </font> </div>
&emsp;<div class="test-title"> <strong><font size = "3" color = "#000080">Verify the excel download in purchase page</font> </strong> </div>&emsp;<div><strong>Steps:</strong></div><!-- Report -->&emsp;
<div class="test-event"> <font color="maroon"> <small> &emsp; &emsp;--- 16 Oct 16:57:15 967 - Element is displayed:: [[ChromeDriver: chrome on WINDOWS (527cb2c670a8fa39fd3128a44c88198b)] -> xpath: //a/img[@alt='Login Image']|//button[@id='btn-login']]</small> </font> </div>
<div class="test-event"> <font color="maroon"> <small> &emsp; &emsp;--- 16 Oct 16:57:16 017 - Element is displayed:: [[ChromeDriver: chrome on WINDOWS (527cb2c670a8fa39fd3128a44c88198b)] -> xpath: //a/img[@alt='Login Image']|//button[@id='btn-login']]</small> </font> </div>
<div class="test-message">&emsp;Successfully navigated to 'Home' Page&emsp;<a href=".\ScreenShot\ICar_B2B_TC038_65403428829700.png" target="_blank" >[ScreenShot]</a></div>
<div class="test-message">&emsp;1. Home page is launched.</div>
<div class="test-event"> <font color="maroon"> <small> &emsp; &emsp;--- 16 Oct 16:57:16 889 - Page URL:: https://www.icarstage.com/</small> </font> </div>
<div class="test-event"> <font color="maroon"> <small> &emsp; &emsp;--- 16 Oct 16:57:16 889 - <b>0</b> - Page Load Wait: (Sync) - ICar.support.Utils.waitForPageLoad(Utils.java:109)</small> </font> </div>
<div class="test-event"> <font color="maroon"> <small> &emsp; &emsp;--- 16 Oct 16:57:16 922 - Element is displayed:: [[ChromeDriver: chrome on WINDOWS (527cb2c670a8fa39fd3128a44c88198b)] -> xpath: //a/img[@alt='Login Image']|//button[@id='btn-login']]</small> </font> </div>
<div class="test-event"> <font color="maroon"> <small> &emsp; &emsp;--- 16 Oct 16:57:16 992 - Element is displayed:: [[ChromeDriver: chrome on WINDOWS (527cb2c670a8fa39fd3128a44c88198b)] -> xpath: //a/img[@alt='Login Image']|//button[@id='btn-login']]</small> </font> </div>
<div class="test-event"> <font color="maroon"> <small> &emsp; &emsp;--- 16 Oct 16:57:34 863 - Catched spinner load exception due to Expected condition failed: waiting for ICar.support.WaitUtils$4@636673a3 (tried for 15 second(s) with 500 milliseconds interval)</small> </font> </div>
<div class="test-event"> <font color="maroon"> <small> &emsp; &emsp;--- 16 Oct 16:57:34 863 - <b>15</b> - Spinner Load Wait: (Sync) - ICar.support.WaitUtils.waitForSpinner(WaitUtils.java:225)</small> </font> </div>
<div class="test-message">&emsp;2. Navigate to 'Login Page'</div>
<div class="test-message">&emsp;Successfully navigated to 'Login' Page&emsp;<a href=".\ScreenShot\ICar_B2B_TC038_65422278696400.png" target="_blank" >[ScreenShot]</a></div>
<div class="test-event"> <font color="maroon"> <small> &emsp; &emsp;--- 16 Oct 16:57:35 095 - Element is displayed:: [[ChromeDriver: chrome on WINDOWS (527cb2c670a8fa39fd3128a44c88198b)] -> id: username]</small> </font> </div>
<div class="test-event"> <font color="maroon"> <small> &emsp; &emsp;--- 16 Oct 16:57:35 157 - Element is displayed:: [[ChromeDriver: chrome on WINDOWS (527cb2c670a8fa39fd3128a44c88198b)] -> id: username]</small> </font> </div>
<div class="test-event"> <font color="maroon"> <small> &emsp; &emsp;--- 16 Oct 16:57:35 351 - Element is displayed:: [[ChromeDriver: chrome on WINDOWS (527cb2c670a8fa39fd3128a44c88198b)] -> id: password]</small> </font> </div>
<div class="test-event"> <font color="maroon"> <small> &emsp; &emsp;--- 16 Oct 16:57:35 511 - Element is displayed:: [[ChromeDriver: chrome on WINDOWS (527cb2c670a8fa39fd3128a44c88198b)] -> id: btn-login]</small> </font> </div>
<div class="test-event"> <font color="maroon"> <small> &emsp; &emsp;--- 16 Oct 16:57:41 656 - Catched spinner load exception due to Expected condition failed: waiting for ICar.support.WaitUtils$4@636673a3 (tried for 3 second(s) with 500 milliseconds interval)</small> </font> </div>
<div class="test-event"> <font color="maroon"> <small> &emsp; &emsp;--- 16 Oct 16:57:41 656 - <b>6</b> - Spinner Load Wait: (Sync) - ICar.support.WaitUtils.waitForSpinner(WaitUtils.java:225)</small> </font> </div>
<div class="test-event"> <font color="maroon"> <small> &emsp; &emsp;--- 16 Oct 16:58:03 884 - Catched spinner load exception due to Expected condition failed: waiting for ICar.support.WaitUtils$4@636673a3 (tried for 10 second(s) with 500 milliseconds interval)</small> </font> </div>
<div class="test-event"> <font color="maroon"> <small> &emsp; &emsp;--- 16 Oct 16:58:03 884 - <b>10</b> - Spinner Load Wait: (Sync) - ICar.support.WaitUtils.waitForSpinner(WaitUtils.java:225)</small> </font> </div>
<div class="test-event"> <font color="maroon"> <small> &emsp; &emsp;--- 16 Oct 16:58:03 954 - Element is displayed:: [[ChromeDriver: chrome on WINDOWS (527cb2c670a8fa39fd3128a44c88198b)] -> xpath: //button[@value='Launch My Learning']]</small> </font> </div>
<div class="test-message">&emsp;3. Enter the user credentials as : 2810173</div>
<div class="test-message">&emsp;Successfully navigated to 'User Home' Page&emsp;<a href=".\ScreenShot\ICar_B2B_TC038_65451365991600.png" target="_blank" >[ScreenShot]</a></div>
<div class="test-message">&emsp;4. Navigate to My Purchase Page</div>
<div class="test-event"> <font color="maroon"> <small> &emsp; &emsp;--- 16 Oct 16:58:04 337 - Page URL:: https://www.icarstage.com/</small> </font> </div>
<div class="test-event"> <font color="maroon"> <small> &emsp; &emsp;--- 16 Oct 16:58:04 337 - <b>0</b> - Page Load Wait: (Sync) - ICar.support.Utils.waitForPageLoad(Utils.java:109)</small> </font> </div>
<div class="test-event"> <font color="maroon"> <small> &emsp; &emsp;--- 16 Oct 16:58:04 389 - Element is displayed:: [[ChromeDriver: chrome on WINDOWS (527cb2c670a8fa39fd3128a44c88198b)] -> xpath: //p[text()='Launch My Learning']]</small> </font> </div>
<div class="test-event"> <font color="maroon"> <small> &emsp; &emsp;--- 16 Oct 16:58:04 426 - Element is displayed:: [[ChromeDriver: chrome on WINDOWS (527cb2c670a8fa39fd3128a44c88198b)] -> xpath: //lightning-layout[@class='left-margin slds-align_absolute-center slds-grid slds-grid_align-spread slds-wrap']//lightning-layout-item[2]//a]</small> </font> </div>
<div class="test-event"> <font color="maroon"> <small> &emsp; &emsp;--- 16 Oct 16:58:06 498 - Element is displayed:: [[ChromeDriver: chrome on WINDOWS (527cb2c670a8fa39fd3128a44c88198b)] -> xpath: //lightning-layout[@class='left-margin slds-align_absolute-center slds-grid slds-grid_align-spread slds-wrap']//lightning-layout-item[2]//a]</small> </font> </div>
<div class="test-event"> <font color="maroon"> <small> &emsp; &emsp;--- 16 Oct 16:58:06 602 - Element is displayed:: [[ChromeDriver: chrome on WINDOWS (527cb2c670a8fa39fd3128a44c88198b)] -> xpath: //ul[@aria-label='Show More']//li[3]/a]</small> </font> </div>
<div class="test-event"> <font color="maroon"> <small> &emsp; &emsp;--- 16 Oct 16:58:06 649 - Element is displayed:: [[ChromeDriver: chrome on WINDOWS (527cb2c670a8fa39fd3128a44c88198b)] -> xpath: //ul[@aria-label='Show More']//li[3]/a]</small> </font> </div>
<div class="test-event"> <font color="maroon"> <small> &emsp; &emsp;--- 16 Oct 16:58:23 514 - Catched spinner load exception due to Expected condition failed: waiting for ICar.support.WaitUtils$4@636673a3 (tried for 15 second(s) with 500 milliseconds interval)</small> </font> </div>
<div class="test-event"> <font color="maroon"> <small> &emsp; &emsp;--- 16 Oct 16:58:23 514 - <b>15</b> - Spinner Load Wait: (Sync) - ICar.support.WaitUtils.waitForSpinner(WaitUtils.java:225)</small> </font> </div>
<div class="test-event"> <font color="maroon"> <small> &emsp; &emsp;--- 16 Oct 16:58:23 630 - Page URL:: https://www.icarstage.com/my-purchases</small> </font> </div>
<div class="test-event"> <font color="maroon"> <small> &emsp; &emsp;--- 16 Oct 16:58:23 630 - <b>0</b> - Page Load Wait: (Sync) - ICar.support.Utils.waitForPageLoad(Utils.java:109)</small> </font> </div>
<div class="test-event"> <font color="maroon"> <small> &emsp; &emsp;--- 16 Oct 16:58:23 684 - Element is displayed:: [[ChromeDriver: chrome on WINDOWS (527cb2c670a8fa39fd3128a44c88198b)] -> xpath: //button[text()='Search']]</small> </font> </div>
<div class="test-message">&emsp;Successfully navigated to 'My Purchases' Page&emsp;<a href=".\ScreenShot\ICar_B2B_TC038_65471096034000.png" target="_blank" >[ScreenShot]</a></div>
<div class="test-event"> <font color="maroon"> <small> &emsp; &emsp;--- 16 Oct 16:58:23 956 - Page URL:: https://www.icarstage.com/my-purchases</small> </font> </div>
<div class="test-event"> <font color="maroon"> <small> &emsp; &emsp;--- 16 Oct 16:58:23 956 - <b>0</b> - Page Load Wait: (Sync) - ICar.support.Utils.waitForPageLoad(Utils.java:109)</small> </font> </div>
<div class="test-event"> <font color="maroon"> <small> &emsp; &emsp;--- 16 Oct 16:58:24 009 - Element is displayed:: [[ChromeDriver: chrome on WINDOWS (527cb2c670a8fa39fd3128a44c88198b)] -> xpath: //input[@name='toDate']]</small> </font> </div>
<div class="test-event"> <font color="maroon"> <small> &emsp; &emsp;--- 16 Oct 16:58:24 325 - Page URL:: https://www.icarstage.com/my-purchases</small> </font> </div>
<div class="test-event"> <font color="maroon"> <small> &emsp; &emsp;--- 16 Oct 16:58:24 325 - <b>0</b> - Page Load Wait: (Sync) - ICar.support.Utils.waitForPageLoad(Utils.java:109)</small> </font> </div>
<div class="test-event"> <font color="maroon"> <small> &emsp; &emsp;--- 16 Oct 16:58:24 374 - Element is displayed:: [[ChromeDriver: chrome on WINDOWS (527cb2c670a8fa39fd3128a44c88198b)] -> xpath: //button[text()='Search']]</small> </font> </div>
<div class="test-event"> <font color="maroon"> <small> &emsp; &emsp;--- 16 Oct 16:58:24 514 - Page URL:: https://www.icarstage.com/my-purchases</small> </font> </div>
<div class="test-event"> <font color="maroon"> <small> &emsp; &emsp;--- 16 Oct 16:58:24 514 - <b>0</b> - Page Load Wait: (Sync) - ICar.support.Utils.waitForPageLoad(Utils.java:109)</small> </font> </div>
<div class="test-event"> <font color="maroon"> <small> &emsp; &emsp;--- 16 Oct 16:58:27 641 - Catched spinner load exception due to Expected condition failed: waiting for ICar.support.WaitUtils$4@636673a3 (tried for 3 second(s) with 500 milliseconds interval)</small> </font> </div>
<div class="test-event"> <font color="maroon"> <small> &emsp; &emsp;--- 16 Oct 16:58:27 641 - <b>3</b> - Spinner Load Wait: (Sync) - ICar.support.WaitUtils.waitForSpinner(WaitUtils.java:225)</small> </font> </div>
<div class="test-event"> <font color="maroon"> <small> &emsp; &emsp;--- 16 Oct 16:58:27 771 - Page URL:: https://www.icarstage.com/my-purchases</small> </font> </div>
<div class="test-event"> <font color="maroon"> <small> &emsp; &emsp;--- 16 Oct 16:58:27 771 - <b>0</b> - Page Load Wait: (Sync) - ICar.support.Utils.waitForPageLoad(Utils.java:109)</small> </font> </div>
<div class="test-event"> <font color="maroon"> <small> &emsp; &emsp;--- 16 Oct 16:58:29 866 - Element is displayed:: [[ChromeDriver: chrome on WINDOWS (527cb2c670a8fa39fd3128a44c88198b)] -> xpath: //button[text()='Download']]</small> </font> </div>
<div class="test-event"> <font color="maroon"> <small> &emsp; &emsp;--- 16 Oct 16:58:29 926 - Element is displayed:: [[ChromeDriver: chrome on WINDOWS (527cb2c670a8fa39fd3128a44c88198b)] -> xpath: //button[text()='Download']]</small> </font> </div>
<div class="test-message">&emsp;5. Click on download button</div>
<div class="test-event"> <font color="maroon"> <small> &emsp; &emsp;--- 16 Oct 16:58:37 124 - Catched spinner load exception due to Expected condition failed: waiting for ICar.support.WaitUtils$4@636673a3 (tried for 4 second(s) with 500 milliseconds interval)</small> </font> </div>
<div class="test-event"> <font color="maroon"> <small> &emsp; &emsp;--- 16 Oct 16:58:37 124 - <b>4</b> - Spinner Load Wait: (Sync) - ICar.support.WaitUtils.waitForSpinner(WaitUtils.java:225)</small> </font> </div>
<div class="test-event"> <font color="maroon"> <small> &emsp; &emsp;--- 16 Oct 16:58:43 306 - Catched spinner load exception due to Expected condition failed: waiting for ICar.support.WaitUtils$4@636673a3 (tried for 4 second(s) with 500 milliseconds interval)</small> </font> </div>
<div class="test-event"> <font color="maroon"> <small> &emsp; &emsp;--- 16 Oct 16:58:43 306 - <b>4</b> - Spinner Load Wait: (Sync) - ICar.support.WaitUtils.waitForSpinner(WaitUtils.java:225)</small> </font> </div>
<div class="test-event"> <font color="maroon"> <small> &emsp; &emsp;--- 16 Oct 16:58:47 470 - Catched spinner load exception due to Expected condition failed: waiting for ICar.support.WaitUtils$4@636673a3 (tried for 4 second(s) with 500 milliseconds interval)</small> </font> </div>
<div class="test-event"> <font color="maroon"> <small> &emsp; &emsp;--- 16 Oct 16:58:47 470 - <b>4</b> - Spinner Load Wait: (Sync) - ICar.support.WaitUtils.waitForSpinner(WaitUtils.java:225)</small> </font> </div>
<div class="test-event"> <font color="maroon"> <small> &emsp; &emsp;--- 16 Oct 16:58:53 669 - Catched spinner load exception due to Expected condition failed: waiting for ICar.support.WaitUtils$4@636673a3 (tried for 4 second(s) with 500 milliseconds interval)</small> </font> </div>
<div class="test-event"> <font color="maroon"> <small> &emsp; &emsp;--- 16 Oct 16:58:53 669 - <b>4</b> - Spinner Load Wait: (Sync) - ICar.support.WaitUtils.waitForSpinner(WaitUtils.java:225)</small> </font> </div>
<div class="test-event"> <font color="maroon"> <small> &emsp; &emsp;--- 16 Oct 16:58:57 846 - Catched spinner load exception due to Expected condition failed: waiting for ICar.support.WaitUtils$4@636673a3 (tried for 4 second(s) with 500 milliseconds interval)</small> </font> </div>
<div class="test-event"> <font color="maroon"> <small> &emsp; &emsp;--- 16 Oct 16:58:57 846 - <b>4</b> - Spinner Load Wait: (Sync) - ICar.support.WaitUtils.waitForSpinner(WaitUtils.java:225)</small> </font> </div>
<div class="test-event"> <font color="maroon"> <small> &emsp; &emsp;--- 16 Oct 16:59:04 039 - Catched spinner load exception due to Expected condition failed: waiting for ICar.support.WaitUtils$4@636673a3 (tried for 4 second(s) with 500 milliseconds interval)</small> </font> </div>
<div class="test-event"> <font color="maroon"> <small> &emsp; &emsp;--- 16 Oct 16:59:04 039 - <b>4</b> - Spinner Load Wait: (Sync) - ICar.support.WaitUtils.waitForSpinner(WaitUtils.java:225)</small> </font> </div>
<div class="test-event"> <font color="maroon"> <small> &emsp; &emsp;--- 16 Oct 16:59:06 130 - Element is displayed:: [[ChromeDriver: chrome on WINDOWS (527cb2c670a8fa39fd3128a44c88198b)] -> xpath: //table//tbody/tr/td[@data-label='Expand']/a]</small> </font> </div>
<div class="test-event"> <font color="maroon"> <small> &emsp; &emsp;--- 16 Oct 16:59:06 254 - Page URL:: https://www.icarstage.com/my-purchases</small> </font> </div>
<div class="test-event"> <font color="maroon"> <small> &emsp; &emsp;--- 16 Oct 16:59:06 254 - <b>0</b> - Page Load Wait: (Sync) - ICar.support.Utils.waitForPageLoad(Utils.java:109)</small> </font> </div>
<div class="test-event"> <font color="maroon"> <small> &emsp; &emsp;--- 16 Oct 16:59:08 335 - Element is displayed:: [[ChromeDriver: chrome on WINDOWS (527cb2c670a8fa39fd3128a44c88198b)] -> xpath: //table//tbody/tr/td[@data-label='Expand']/a]</small> </font> </div>
<div class="test-event"> <font color="maroon"> <small> &emsp; &emsp;--- 16 Oct 16:59:08 463 - Page URL:: https://www.icarstage.com/my-purchases</small> </font> </div>
<div class="test-event"> <font color="maroon"> <small> &emsp; &emsp;--- 16 Oct 16:59:08 463 - <b>0</b> - Page Load Wait: (Sync) - ICar.support.Utils.waitForPageLoad(Utils.java:109)</small> </font> </div>
<div class="test-event"> <font color="maroon"> <small> &emsp; &emsp;--- 16 Oct 16:59:10 533 - Element is displayed:: [[ChromeDriver: chrome on WINDOWS (527cb2c670a8fa39fd3128a44c88198b)] -> xpath: //table//tbody/tr/td[@data-label='Expand']/a]</small> </font> </div>
<div class="test-event"> <font color="maroon"> <small> &emsp; &emsp;--- 16 Oct 16:59:10 805 - Page URL:: https://www.icarstage.com/my-purchases</small> </font> </div>
<div class="test-event"> <font color="maroon"> <small> &emsp; &emsp;--- 16 Oct 16:59:10 805 - <b>0</b> - Page Load Wait: (Sync) - ICar.support.Utils.waitForPageLoad(Utils.java:109)</small> </font> </div>
<div class="test-message">&emsp;File download successful</div>
<div class="test-message">&emsp;Number of records in CSV file : 8</div>
<div class="test-message">&emsp;UI record count is  equal to the count in CSV file&emsp;<a href=".\ScreenShot\ICar_B2B_TC038_65519327986800.png" target="_blank" >[ScreenShot]</a></div>
<div class="test-result"><br><font color="green"><strong> Test Passed. </strong></font> </div>&emsp;
&emsp;<div class="test-title"> <strong><font size = "3" color = "#0000FF">---Test Execution Ends---</font> </strong> </div>&emsp;
<div class="test-event"> <font color="maroon"> <small> &emsp; &emsp;--- 16 Oct 16:59:12 521 - TestCaseID:: ICar_B2B_TC039</small> </font> </div>
<div class="test-event"> <font color="maroon"> <small> &emsp; &emsp;--- 16 Oct 16:59:14 243 - <b>1</b> - Driver::initialize::Get - ICar.support.WebDriverFactory.getDriver(WebDriverFactory.java:640)</small> </font> </div>
&emsp;<div class="test-title"> <strong><font size = "3" color = "#000080">Verify the excel download in  Live/Virtual Seat Assignments page</font> </strong> </div>&emsp;<div><strong>Steps:</strong></div><!-- Report -->&emsp;
<div class="test-event"> <font color="maroon"> <small> &emsp; &emsp;--- 16 Oct 16:59:18 913 - Element is displayed:: [[ChromeDriver: chrome on WINDOWS (f0a7760b4eb14ebfae158659f80aaafc)] -> xpath: //a/img[@alt='Login Image']|//button[@id='btn-login']]</small> </font> </div>
<div class="test-event"> <font color="maroon"> <small> &emsp; &emsp;--- 16 Oct 16:59:19 131 - Element is displayed:: [[ChromeDriver: chrome on WINDOWS (f0a7760b4eb14ebfae158659f80aaafc)] -> xpath: //a/img[@alt='Login Image']|//button[@id='btn-login']]</small> </font> </div>
<div class="test-message">&emsp;Successfully navigated to 'Home' Page&emsp;<a href=".\ScreenShot\ICar_B2B_TC039_65526543236900.png" target="_blank" >[ScreenShot]</a></div>
<div class="test-message">&emsp;1. Home page is launched.</div>
<div class="test-event"> <font color="maroon"> <small> &emsp; &emsp;--- 16 Oct 16:59:19 798 - Page URL:: https://www.icarstage.com/</small> </font> </div>
<div class="test-event"> <font color="maroon"> <small> &emsp; &emsp;--- 16 Oct 16:59:19 798 - <b>0</b> - Page Load Wait: (Sync) - ICar.support.Utils.waitForPageLoad(Utils.java:109)</small> </font> </div>
<div class="test-event"> <font color="maroon"> <small> &emsp; &emsp;--- 16 Oct 16:59:19 857 - Element is displayed:: [[ChromeDriver: chrome on WINDOWS (f0a7760b4eb14ebfae158659f80aaafc)] -> xpath: //a/img[@alt='Login Image']|//button[@id='btn-login']]</small> </font> </div>
<div class="test-event"> <font color="maroon"> <small> &emsp; &emsp;--- 16 Oct 16:59:19 904 - Element is displayed:: [[ChromeDriver: chrome on WINDOWS (f0a7760b4eb14ebfae158659f80aaafc)] -> xpath: //a/img[@alt='Login Image']|//button[@id='btn-login']]</small> </font> </div>
<div class="test-event"> <font color="maroon"> <small> &emsp; &emsp;--- 16 Oct 16:59:37 975 - Catched spinner load exception due to Expected condition failed: waiting for ICar.support.WaitUtils$4@636673a3 (tried for 15 second(s) with 500 milliseconds interval)</small> </font> </div>
<div class="test-event"> <font color="maroon"> <small> &emsp; &emsp;--- 16 Oct 16:59:37 975 - <b>15</b> - Spinner Load Wait: (Sync) - ICar.support.WaitUtils.waitForSpinner(WaitUtils.java:225)</small> </font> </div>
<div class="test-message">&emsp;2. Navigate to 'Login Page'</div>
<div class="test-message">&emsp;Successfully navigated to 'Login' Page&emsp;<a href=".\ScreenShot\ICar_B2B_TC039_65545390957400.png" target="_blank" >[ScreenShot]</a></div>
<div class="test-event"> <font color="maroon"> <small> &emsp; &emsp;--- 16 Oct 16:59:38 218 - Element is displayed:: [[ChromeDriver: chrome on WINDOWS (f0a7760b4eb14ebfae158659f80aaafc)] -> id: username]</small> </font> </div>
<div class="test-event"> <font color="maroon"> <small> &emsp; &emsp;--- 16 Oct 16:59:38 282 - Element is displayed:: [[ChromeDriver: chrome on WINDOWS (f0a7760b4eb14ebfae158659f80aaafc)] -> id: username]</small> </font> </div>
<div class="test-event"> <font color="maroon"> <small> &emsp; &emsp;--- 16 Oct 16:59:38 474 - Element is displayed:: [[ChromeDriver: chrome on WINDOWS (f0a7760b4eb14ebfae158659f80aaafc)] -> id: password]</small> </font> </div>
<div class="test-event"> <font color="maroon"> <small> &emsp; &emsp;--- 16 Oct 16:59:38 638 - Element is displayed:: [[ChromeDriver: chrome on WINDOWS (f0a7760b4eb14ebfae158659f80aaafc)] -> id: btn-login]</small> </font> </div>
<div class="test-event"> <font color="maroon"> <small> &emsp; &emsp;--- 16 Oct 16:59:45 708 - Catched spinner load exception due to Expected condition failed: waiting for ICar.support.WaitUtils$4@636673a3 (tried for 3 second(s) with 500 milliseconds interval)</small> </font> </div>
<div class="test-event"> <font color="maroon"> <small> &emsp; &emsp;--- 16 Oct 16:59:45 708 - <b>7</b> - Spinner Load Wait: (Sync) - ICar.support.WaitUtils.waitForSpinner(WaitUtils.java:225)</small> </font> </div>
<div class="test-event"> <font color="maroon"> <small> &emsp; &emsp;--- 16 Oct 17:00:07 485 - Catched spinner load exception due to Expected condition failed: waiting for ICar.support.WaitUtils$4@636673a3 (tried for 10 second(s) with 500 milliseconds interval)</small> </font> </div>
<div class="test-event"> <font color="maroon"> <small> &emsp; &emsp;--- 16 Oct 17:00:07 485 - <b>10</b> - Spinner Load Wait: (Sync) - ICar.support.WaitUtils.waitForSpinner(WaitUtils.java:225)</small> </font> </div>
<div class="test-event"> <font color="maroon"> <small> &emsp; &emsp;--- 16 Oct 17:00:07 558 - Element is displayed:: [[ChromeDriver: chrome on WINDOWS (f0a7760b4eb14ebfae158659f80aaafc)] -> xpath: //button[@value='Launch My Learning']]</small> </font> </div>
<div class="test-message">&emsp;3. Enter the user credentials as : 2810173</div>
<div class="test-message">&emsp;Successfully navigated to 'User Home' Page&emsp;<a href=".\ScreenShot\ICar_B2B_TC039_65574970764400.png" target="_blank" >[ScreenShot]</a></div>
<div class="test-message">&emsp;4. Navigate to 'Live/Virtual Seat assignments' page</div>
<div class="test-event"> <font color="maroon"> <small> &emsp; &emsp;--- 16 Oct 17:00:07 922 - Page URL:: https://www.icarstage.com/</small> </font> </div>
<div class="test-event"> <font color="maroon"> <small> &emsp; &emsp;--- 16 Oct 17:00:07 922 - <b>0</b> - Page Load Wait: (Sync) - ICar.support.Utils.waitForPageLoad(Utils.java:109)</small> </font> </div>
<div class="test-event"> <font color="maroon"> <small> &emsp; &emsp;--- 16 Oct 17:00:07 978 - Element is displayed:: [[ChromeDriver: chrome on WINDOWS (f0a7760b4eb14ebfae158659f80aaafc)] -> xpath: //p[text()='Launch My Learning']]</small> </font> </div>
<div class="test-event"> <font color="maroon"> <small> &emsp; &emsp;--- 16 Oct 17:01:14 660 - Unable to find an element after 15 sec ==> Proxy element for: AjaxElementLocator 'By.xpath: //a[text()='Manage Virtual Seat Assignments']'</small> </font> </div>
<div class="test-event"> <font color="maroon"> <small> &emsp; &emsp;--- 16 Oct 17:01:14 706 - Element is displayed:: [[ChromeDriver: chrome on WINDOWS (f0a7760b4eb14ebfae158659f80aaafc)] -> xpath: //a[text()='Virtual Seat Assignments']]</small> </font> </div>
<div class="test-event"> <font color="maroon"> <small> &emsp; &emsp;--- 16 Oct 17:01:16 789 - Element is displayed:: [[ChromeDriver: chrome on WINDOWS (f0a7760b4eb14ebfae158659f80aaafc)] -> xpath: //a[text()='Virtual Seat Assignments']]</small> </font> </div>
<div class="test-event"> <font color="maroon"> <small> &emsp; &emsp;--- 16 Oct 17:01:38 033 - Catched spinner load exception due to Expected condition failed: waiting for ICar.support.WaitUtils$4@636673a3 (tried for 15 second(s) with 500 milliseconds interval)</small> </font> </div>
<div class="test-event"> <font color="maroon"> <small> &emsp; &emsp;--- 16 Oct 17:01:38 033 - <b>15</b> - Spinner Load Wait: (Sync) - ICar.support.WaitUtils.waitForSpinner(WaitUtils.java:225)</small> </font> </div>
<div class="test-event"> <font color="maroon"> <small> &emsp; &emsp;--- 16 Oct 17:01:38 236 - Page URL:: https://my.icarstage.com/s/manage-virtual-seat-assignments</small> </font> </div>
<div class="test-event"> <font color="maroon"> <small> &emsp; &emsp;--- 16 Oct 17:01:38 236 - <b>0</b> - Page Load Wait: (Sync) - ICar.support.Utils.waitForPageLoad(Utils.java:109)</small> </font> </div>
<div class="test-event"> <font color="maroon"> <small> &emsp; &emsp;--- 16 Oct 17:01:38 317 - Element is displayed:: [[ChromeDriver: chrome on WINDOWS (f0a7760b4eb14ebfae158659f80aaafc)] -> xpath: //button[text()='Download']]</small> </font> </div>
<div class="test-message">&emsp;Successfully navigated to 'Live/Virtual Seat Assignments' Page&emsp;<a href=".\ScreenShot\ICar_B2B_TC039_65665728823200.png" target="_blank" >[ScreenShot]</a></div>
<div class="test-event"> <font color="maroon"> <small> &emsp; &emsp;--- 16 Oct 17:01:40 555 - Element is displayed:: [[ChromeDriver: chrome on WINDOWS (f0a7760b4eb14ebfae158659f80aaafc)] -> xpath: //button[text()='Download']]</small> </font> </div>
<div class="test-event"> <font color="maroon"> <small> &emsp; &emsp;--- 16 Oct 17:01:40 622 - Element is displayed:: [[ChromeDriver: chrome on WINDOWS (f0a7760b4eb14ebfae158659f80aaafc)] -> xpath: //button[text()='Download']]</small> </font> </div>
<div class="test-message">&emsp;5. Click on download button</div>
<div class="test-event"> <font color="maroon"> <small> &emsp; &emsp;--- 16 Oct 17:01:46 905 - Catched spinner load exception due to Expected condition failed: waiting for ICar.support.WaitUtils$4@636673a3 (tried for 6 second(s) with 500 milliseconds interval)</small> </font> </div>
<div class="test-event"> <font color="maroon"> <small> &emsp; &emsp;--- 16 Oct 17:01:46 906 - <b>6</b> - Spinner Load Wait: (Sync) - ICar.support.WaitUtils.waitForSpinner(WaitUtils.java:225)</small> </font> </div>
<div class="test-event"> <font color="maroon"> <small> &emsp; &emsp;--- 16 Oct 17:01:47 036 - Page URL:: https://my.icarstage.com/s/manage-virtual-seat-assignments</small> </font> </div>
<div class="test-event"> <font color="maroon"> <small> &emsp; &emsp;--- 16 Oct 17:01:47 037 - <b>0</b> - Page Load Wait: (Sync) - ICar.support.Utils.waitForPageLoad(Utils.java:109)</small> </font> </div>
<!--FAIL-->
<div class="test-result"><br><font color="red"><strong> Index -1 out of bounds for length 0 </strong></font> <a href=".\ScreenShot\ICar_B2B_TC039_65680961997599.png" target="_blank" >[ScreenShot]</a></div>&emsp;
&emsp;<div class="test-title"> <strong><font size = "3" color = "#0000FF">---Test Execution Ends---</font> </strong> </div>&emsp;
<div class="test-event"> <font color="maroon"> <small> &emsp; &emsp;--- 16 Oct 17:01:54 393 - TestCaseID:: ICar_B2B_TC040</small> </font> </div>
<div class="test-event"> <font color="maroon"> <small> &emsp; &emsp;--- 16 Oct 17:01:56 004 - <b>1</b> - Driver::initialize::Get - ICar.support.WebDriverFactory.getDriver(WebDriverFactory.java:640)</small> </font> </div>
&emsp;<div class="test-title"> <strong><font size = "3" color = "#000080">Request session under Live/Virtual Seat Assignments</font> </strong> </div>&emsp;<div><strong>Steps:</strong></div><!-- Report -->&emsp;
<div class="test-event"> <font color="maroon"> <small> &emsp; &emsp;--- 16 Oct 17:02:00 802 - Element is displayed:: [[ChromeDriver: chrome on WINDOWS (965e37e0cbf19df93cc7aa323b25ca2b)] -> xpath: //a/img[@alt='Login Image']|//button[@id='btn-login']]</small> </font> </div>
<div class="test-event"> <font color="maroon"> <small> &emsp; &emsp;--- 16 Oct 17:02:00 848 - Element is displayed:: [[ChromeDriver: chrome on WINDOWS (965e37e0cbf19df93cc7aa323b25ca2b)] -> xpath: //a/img[@alt='Login Image']|//button[@id='btn-login']]</small> </font> </div>
<div class="test-message">&emsp;Successfully navigated to 'Home' Page&emsp;<a href=".\ScreenShot\ICar_B2B_TC040_65688259452400.png" target="_blank" >[ScreenShot]</a></div>
<div class="test-message">&emsp;1. Home page is launched.</div>
<div class="test-event"> <font color="maroon"> <small> &emsp; &emsp;--- 16 Oct 17:02:01 584 - Page URL:: https://www.icarstage.com/</small> </font> </div>
<div class="test-event"> <font color="maroon"> <small> &emsp; &emsp;--- 16 Oct 17:02:01 584 - <b>0</b> - Page Load Wait: (Sync) - ICar.support.Utils.waitForPageLoad(Utils.java:109)</small> </font> </div>
<div class="test-event"> <font color="maroon"> <small> &emsp; &emsp;--- 16 Oct 17:02:01 619 - Element is displayed:: [[ChromeDriver: chrome on WINDOWS (965e37e0cbf19df93cc7aa323b25ca2b)] -> xpath: //a/img[@alt='Login Image']|//button[@id='btn-login']]</small> </font> </div>
<div class="test-event"> <font color="maroon"> <small> &emsp; &emsp;--- 16 Oct 17:02:01 664 - Element is displayed:: [[ChromeDriver: chrome on WINDOWS (965e37e0cbf19df93cc7aa323b25ca2b)] -> xpath: //a/img[@alt='Login Image']|//button[@id='btn-login']]</small> </font> </div>
<div class="test-event"> <font color="maroon"> <small> &emsp; &emsp;--- 16 Oct 17:02:20 649 - Catched spinner load exception due to Expected condition failed: waiting for ICar.support.WaitUtils$4@636673a3 (tried for 15 second(s) with 500 milliseconds interval)</small> </font> </div>
<div class="test-event"> <font color="maroon"> <small> &emsp; &emsp;--- 16 Oct 17:02:20 649 - <b>15</b> - Spinner Load Wait: (Sync) - ICar.support.WaitUtils.waitForSpinner(WaitUtils.java:225)</small> </font> </div>
<div class="test-message">&emsp;2. Navigate to 'Login Page'</div>
<div class="test-message">&emsp;Successfully navigated to 'Login' Page&emsp;<a href=".\ScreenShot\ICar_B2B_TC040_65708064397800.png" target="_blank" >[ScreenShot]</a></div>
<div class="test-event"> <font color="maroon"> <small> &emsp; &emsp;--- 16 Oct 17:02:20 880 - Element is displayed:: [[ChromeDriver: chrome on WINDOWS (965e37e0cbf19df93cc7aa323b25ca2b)] -> id: username]</small> </font> </div>
<div class="test-event"> <font color="maroon"> <small> &emsp; &emsp;--- 16 Oct 17:02:20 934 - Element is displayed:: [[ChromeDriver: chrome on WINDOWS (965e37e0cbf19df93cc7aa323b25ca2b)] -> id: username]</small> </font> </div>
<div class="test-event"> <font color="maroon"> <small> &emsp; &emsp;--- 16 Oct 17:02:21 133 - Element is displayed:: [[ChromeDriver: chrome on WINDOWS (965e37e0cbf19df93cc7aa323b25ca2b)] -> id: password]</small> </font> </div>
<div class="test-event"> <font color="maroon"> <small> &emsp; &emsp;--- 16 Oct 17:02:21 289 - Element is displayed:: [[ChromeDriver: chrome on WINDOWS (965e37e0cbf19df93cc7aa323b25ca2b)] -> id: btn-login]</small> </font> </div>
<div class="test-event"> <font color="maroon"> <small> &emsp; &emsp;--- 16 Oct 17:02:26 161 - Catched spinner load exception due to Expected condition failed: waiting for ICar.support.WaitUtils$4@636673a3 (tried for 3 second(s) with 500 milliseconds interval)</small> </font> </div>
<div class="test-event"> <font color="maroon"> <small> &emsp; &emsp;--- 16 Oct 17:02:26 161 - <b>4</b> - Spinner Load Wait: (Sync) - ICar.support.WaitUtils.waitForSpinner(WaitUtils.java:225)</small> </font> </div>
<div class="test-event"> <font color="maroon"> <small> &emsp; &emsp;--- 16 Oct 17:02:48 522 - Catched spinner load exception due to Expected condition failed: waiting for ICar.support.WaitUtils$4@636673a3 (tried for 10 second(s) with 500 milliseconds interval)</small> </font> </div>
<div class="test-event"> <font color="maroon"> <small> &emsp; &emsp;--- 16 Oct 17:02:48 522 - <b>10</b> - Spinner Load Wait: (Sync) - ICar.support.WaitUtils.waitForSpinner(WaitUtils.java:225)</small> </font> </div>
<div class="test-event"> <font color="maroon"> <small> &emsp; &emsp;--- 16 Oct 17:02:48 597 - Element is displayed:: [[ChromeDriver: chrome on WINDOWS (965e37e0cbf19df93cc7aa323b25ca2b)] -> xpath: //button[@value='Launch My Learning']]</small> </font> </div>
<div class="test-message">&emsp;3. Enter the user credentials as : pkelly123</div>
<div class="test-message">&emsp;Successfully navigated to 'User Home' Page&emsp;<a href=".\ScreenShot\ICar_B2B_TC040_65736009204799.png" target="_blank" >[ScreenShot]</a></div>
<div class="test-message">&emsp;4. Navigate to 'Live/Virtual Seat assignments' page</div>
<div class="test-event"> <font color="maroon"> <small> &emsp; &emsp;--- 16 Oct 17:02:48 971 - Page URL:: https://www.icarstage.com/</small> </font> </div>
<div class="test-event"> <font color="maroon"> <small> &emsp; &emsp;--- 16 Oct 17:02:48 971 - <b>0</b> - Page Load Wait: (Sync) - ICar.support.Utils.waitForPageLoad(Utils.java:109)</small> </font> </div>
<div class="test-event"> <font color="maroon"> <small> &emsp; &emsp;--- 16 Oct 17:02:49 031 - Element is displayed:: [[ChromeDriver: chrome on WINDOWS (965e37e0cbf19df93cc7aa323b25ca2b)] -> xpath: //p[text()='Launch My Learning']]</small> </font> </div>
<div class="test-event"> <font color="maroon"> <small> &emsp; &emsp;--- 16 Oct 17:03:56 199 - Unable to find an element after 15 sec ==> Proxy element for: AjaxElementLocator 'By.xpath: //a[text()='Manage Virtual Seat Assignments']'</small> </font> </div>
<div class="test-event"> <font color="maroon"> <small> &emsp; &emsp;--- 16 Oct 17:03:56 246 - Element is displayed:: [[ChromeDriver: chrome on WINDOWS (965e37e0cbf19df93cc7aa323b25ca2b)] -> xpath: //a[text()='Virtual Seat Assignments']]</small> </font> </div>
<div class="test-event"> <font color="maroon"> <small> &emsp; &emsp;--- 16 Oct 17:03:58 323 - Element is displayed:: [[ChromeDriver: chrome on WINDOWS (965e37e0cbf19df93cc7aa323b25ca2b)] -> xpath: //a[text()='Virtual Seat Assignments']]</small> </font> </div>
<div class="test-event"> <font color="maroon"> <small> &emsp; &emsp;--- 16 Oct 17:04:18 603 - Catched spinner load exception due to Expected condition failed: waiting for ICar.support.WaitUtils$4@636673a3 (tried for 15 second(s) with 500 milliseconds interval)</small> </font> </div>
<div class="test-event"> <font color="maroon"> <small> &emsp; &emsp;--- 16 Oct 17:04:18 603 - <b>15</b> - Spinner Load Wait: (Sync) - ICar.support.WaitUtils.waitForSpinner(WaitUtils.java:225)</small> </font> </div>
<div class="test-event"> <font color="maroon"> <small> &emsp; &emsp;--- 16 Oct 17:04:18 787 - Page URL:: https://my.icarstage.com/s/manage-virtual-seat-assignments</small> </font> </div>
<div class="test-event"> <font color="maroon"> <small> &emsp; &emsp;--- 16 Oct 17:04:18 787 - <b>0</b> - Page Load Wait: (Sync) - ICar.support.Utils.waitForPageLoad(Utils.java:109)</small> </font> </div>
<div class="test-event"> <font color="maroon"> <small> &emsp; &emsp;--- 16 Oct 17:04:18 851 - Element is displayed:: [[ChromeDriver: chrome on WINDOWS (965e37e0cbf19df93cc7aa323b25ca2b)] -> xpath: //button[text()='Download']]</small> </font> </div>
<div class="test-message">&emsp;Successfully navigated to 'Live/Virtual Seat Assignments' Page&emsp;<a href=".\ScreenShot\ICar_B2B_TC040_65826263306900.png" target="_blank" >[ScreenShot]</a></div>
<div class="test-message">&emsp;5. Request the session</div>
<div class="test-event"> <font color="maroon"> <small> &emsp; &emsp;--- 16 Oct 17:04:19 122 - Page URL:: https://my.icarstage.com/s/manage-virtual-seat-assignments</small> </font> </div>
<div class="test-event"> <font color="maroon"> <small> &emsp; &emsp;--- 16 Oct 17:04:19 122 - <b>0</b> - Page Load Wait: (Sync) - ICar.support.Utils.waitForPageLoad(Utils.java:109)</small> </font> </div>
<!--FAIL-->
<div class="test-result"><br><font color="red"><strong> Index 0 out of bounds for length 0 </strong></font> <a href=".\ScreenShot\ICar_B2B_TC040_65829789076899.png" target="_blank" >[ScreenShot]</a></div>&emsp;
&emsp;<div class="test-title"> <strong><font size = "3" color = "#0000FF">---Test Execution Ends---</font> </strong> </div>&emsp;
<div class="test-event"> <font color="maroon"> <small> &emsp; &emsp;--- 16 Oct 17:04:23 519 - TestCaseID:: ICar_B2B_TC041</small> </font> </div>
<div class="test-event"> <font color="maroon"> <small> &emsp; &emsp;--- 16 Oct 17:04:24 792 - <b>1</b> - Driver::initialize::Get - ICar.support.WebDriverFactory.getDriver(WebDriverFactory.java:640)</small> </font> </div>
&emsp;<div class="test-title"> <strong><font size = "3" color = "#000080">Verify cancel of Request session under Live/Virtual Seat Assignments</font> </strong> </div>&emsp;<div><strong>Steps:</strong></div><!-- Report -->&emsp;
<div class="test-event"> <font color="maroon"> <small> &emsp; &emsp;--- 16 Oct 17:04:30 855 - Element is displayed:: [[ChromeDriver: chrome on WINDOWS (6d160d26d4f5faca5fa5a9c6959b1d6f)] -> xpath: //a/img[@alt='Login Image']|//button[@id='btn-login']]</small> </font> </div>
<div class="test-event"> <font color="maroon"> <small> &emsp; &emsp;--- 16 Oct 17:04:30 907 - Element is displayed:: [[ChromeDriver: chrome on WINDOWS (6d160d26d4f5faca5fa5a9c6959b1d6f)] -> xpath: //a/img[@alt='Login Image']|//button[@id='btn-login']]</small> </font> </div>
<div class="test-message">&emsp;Successfully navigated to 'Home' Page&emsp;<a href=".\ScreenShot\ICar_B2B_TC041_65838319471300.png" target="_blank" >[ScreenShot]</a></div>
<div class="test-message">&emsp;1. Home page is launched.</div>
<div class="test-event"> <font color="maroon"> <small> &emsp; &emsp;--- 16 Oct 17:04:31 446 - Page URL:: https://www.icarstage.com/</small> </font> </div>
<div class="test-event"> <font color="maroon"> <small> &emsp; &emsp;--- 16 Oct 17:04:31 446 - <b>0</b> - Page Load Wait: (Sync) - ICar.support.Utils.waitForPageLoad(Utils.java:109)</small> </font> </div>
<div class="test-event"> <font color="maroon"> <small> &emsp; &emsp;--- 16 Oct 17:04:31 486 - Element is displayed:: [[ChromeDriver: chrome on WINDOWS (6d160d26d4f5faca5fa5a9c6959b1d6f)] -> xpath: //a/img[@alt='Login Image']|//button[@id='btn-login']]</small> </font> </div>
<div class="test-event"> <font color="maroon"> <small> &emsp; &emsp;--- 16 Oct 17:04:31 541 - Element is displayed:: [[ChromeDriver: chrome on WINDOWS (6d160d26d4f5faca5fa5a9c6959b1d6f)] -> xpath: //a/img[@alt='Login Image']|//button[@id='btn-login']]</small> </font> </div>
<div class="test-event"> <font color="maroon"> <small> &emsp; &emsp;--- 16 Oct 17:04:49 470 - Catched spinner load exception due to Expected condition failed: waiting for ICar.support.WaitUtils$4@636673a3 (tried for 15 second(s) with 500 milliseconds interval)</small> </font> </div>
<div class="test-event"> <font color="maroon"> <small> &emsp; &emsp;--- 16 Oct 17:04:49 471 - <b>15</b> - Spinner Load Wait: (Sync) - ICar.support.WaitUtils.waitForSpinner(WaitUtils.java:225)</small> </font> </div>
<div class="test-message">&emsp;2. Navigate to 'Login Page'</div>
<div class="test-message">&emsp;Successfully navigated to 'Login' Page&emsp;<a href=".\ScreenShot\ICar_B2B_TC041_65856885847000.png" target="_blank" >[ScreenShot]</a></div>
<div class="test-event"> <font color="maroon"> <small> &emsp; &emsp;--- 16 Oct 17:04:49 699 - Element is displayed:: [[ChromeDriver: chrome on WINDOWS (6d160d26d4f5faca5fa5a9c6959b1d6f)] -> id: username]</small> </font> </div>
<div class="test-event"> <font color="maroon"> <small> &emsp; &emsp;--- 16 Oct 17:04:49 757 - Element is displayed:: [[ChromeDriver: chrome on WINDOWS (6d160d26d4f5faca5fa5a9c6959b1d6f)] -> id: username]</small> </font> </div>
<div class="test-event"> <font color="maroon"> <small> &emsp; &emsp;--- 16 Oct 17:04:49 958 - Element is displayed:: [[ChromeDriver: chrome on WINDOWS (6d160d26d4f5faca5fa5a9c6959b1d6f)] -> id: password]</small> </font> </div>
<div class="test-event"> <font color="maroon"> <small> &emsp; &emsp;--- 16 Oct 17:04:50 127 - Element is displayed:: [[ChromeDriver: chrome on WINDOWS (6d160d26d4f5faca5fa5a9c6959b1d6f)] -> id: btn-login]</small> </font> </div>
<div class="test-event"> <font color="maroon"> <small> &emsp; &emsp;--- 16 Oct 17:04:54 921 - Catched spinner load exception due to Expected condition failed: waiting for ICar.support.WaitUtils$4@636673a3 (tried for 3 second(s) with 500 milliseconds interval)</small> </font> </div>
<div class="test-event"> <font color="maroon"> <small> &emsp; &emsp;--- 16 Oct 17:04:54 921 - <b>4</b> - Spinner Load Wait: (Sync) - ICar.support.WaitUtils.waitForSpinner(WaitUtils.java:225)</small> </font> </div>
<div class="test-event"> <font color="maroon"> <small> &emsp; &emsp;--- 16 Oct 17:05:17 194 - Catched spinner load exception due to Expected condition failed: waiting for ICar.support.WaitUtils$4@636673a3 (tried for 10 second(s) with 500 milliseconds interval)</small> </font> </div>
<div class="test-event"> <font color="maroon"> <small> &emsp; &emsp;--- 16 Oct 17:05:17 194 - <b>10</b> - Spinner Load Wait: (Sync) - ICar.support.WaitUtils.waitForSpinner(WaitUtils.java:225)</small> </font> </div>
<div class="test-event"> <font color="maroon"> <small> &emsp; &emsp;--- 16 Oct 17:05:17 264 - Element is displayed:: [[ChromeDriver: chrome on WINDOWS (6d160d26d4f5faca5fa5a9c6959b1d6f)] -> xpath: //button[@value='Launch My Learning']]</small> </font> </div>
<div class="test-message">&emsp;3. Enter the user credentials as : pkelly123</div>
<div class="test-message">&emsp;Successfully navigated to 'User Home' Page&emsp;<a href=".\ScreenShot\ICar_B2B_TC041_65884676327299.png" target="_blank" >[ScreenShot]</a></div>
<div class="test-message">&emsp;4. Navigate to 'Live/Virtual Seat assignments' page</div>
<div class="test-event"> <font color="maroon"> <small> &emsp; &emsp;--- 16 Oct 17:05:17 636 - Page URL:: https://www.icarstage.com/</small> </font> </div>
<div class="test-event"> <font color="maroon"> <small> &emsp; &emsp;--- 16 Oct 17:05:17 637 - <b>0</b> - Page Load Wait: (Sync) - ICar.support.Utils.waitForPageLoad(Utils.java:109)</small> </font> </div>
<div class="test-event"> <font color="maroon"> <small> &emsp; &emsp;--- 16 Oct 17:05:17 689 - Element is displayed:: [[ChromeDriver: chrome on WINDOWS (6d160d26d4f5faca5fa5a9c6959b1d6f)] -> xpath: //p[text()='Launch My Learning']]</small> </font> </div>
<div class="test-event"> <font color="maroon"> <small> &emsp; &emsp;--- 16 Oct 17:06:24 763 - Unable to find an element after 15 sec ==> Proxy element for: AjaxElementLocator 'By.xpath: //a[text()='Manage Virtual Seat Assignments']'</small> </font> </div>
<div class="test-event"> <font color="maroon"> <small> &emsp; &emsp;--- 16 Oct 17:06:24 812 - Element is displayed:: [[ChromeDriver: chrome on WINDOWS (6d160d26d4f5faca5fa5a9c6959b1d6f)] -> xpath: //a[text()='Virtual Seat Assignments']]</small> </font> </div>
<div class="test-event"> <font color="maroon"> <small> &emsp; &emsp;--- 16 Oct 17:06:26 903 - Element is displayed:: [[ChromeDriver: chrome on WINDOWS (6d160d26d4f5faca5fa5a9c6959b1d6f)] -> xpath: //a[text()='Virtual Seat Assignments']]</small> </font> </div>
<div class="test-event"> <font color="maroon"> <small> &emsp; &emsp;--- 16 Oct 17:06:47 330 - Catched spinner load exception due to Expected condition failed: waiting for ICar.support.WaitUtils$4@636673a3 (tried for 15 second(s) with 500 milliseconds interval)</small> </font> </div>
<div class="test-event"> <font color="maroon"> <small> &emsp; &emsp;--- 16 Oct 17:06:47 330 - <b>15</b> - Spinner Load Wait: (Sync) - ICar.support.WaitUtils.waitForSpinner(WaitUtils.java:225)</small> </font> </div>
<div class="test-event"> <font color="maroon"> <small> &emsp; &emsp;--- 16 Oct 17:06:47 519 - Page URL:: https://my.icarstage.com/s/manage-virtual-seat-assignments</small> </font> </div>
<div class="test-event"> <font color="maroon"> <small> &emsp; &emsp;--- 16 Oct 17:06:47 519 - <b>0</b> - Page Load Wait: (Sync) - ICar.support.Utils.waitForPageLoad(Utils.java:109)</small> </font> </div>
<div class="test-event"> <font color="maroon"> <small> &emsp; &emsp;--- 16 Oct 17:06:47 587 - Element is displayed:: [[ChromeDriver: chrome on WINDOWS (6d160d26d4f5faca5fa5a9c6959b1d6f)] -> xpath: //button[text()='Download']]</small> </font> </div>
<div class="test-message">&emsp;Successfully navigated to 'Live/Virtual Seat Assignments' Page&emsp;<a href=".\ScreenShot\ICar_B2B_TC041_65974999612500.png" target="_blank" >[ScreenShot]</a></div>
<div class="test-message">&emsp;5. Cancel the session request</div>
<div class="test-event"> <font color="maroon"> <small> &emsp; &emsp;--- 16 Oct 17:06:47 885 - Page URL:: https://my.icarstage.com/s/manage-virtual-seat-assignments</small> </font> </div>
<div class="test-event"> <font color="maroon"> <small> &emsp; &emsp;--- 16 Oct 17:06:47 885 - <b>0</b> - Page Load Wait: (Sync) - ICar.support.Utils.waitForPageLoad(Utils.java:109)</small> </font> </div>
<!--FAIL-->
<div class="test-result"><br><font color="red"><strong> Index 0 out of bounds for length 0 </strong></font> <a href=".\ScreenShot\ICar_B2B_TC041_65978547751399.png" target="_blank" >[ScreenShot]</a></div>&emsp;
&emsp;<div class="test-title"> <strong><font size = "3" color = "#0000FF">---Test Execution Ends---</font> </strong> </div>&emsp;
<div class="test-event"> <font color="maroon"> <small> &emsp; &emsp;--- 16 Oct 17:06:51 671 - TestCaseID:: ICar_B2B_TC042</small> </font> </div>
<div class="test-event"> <font color="maroon"> <small> &emsp; &emsp;--- 16 Oct 17:06:53 065 - <b>1</b> - Driver::initialize::Get - ICar.support.WebDriverFactory.getDriver(WebDriverFactory.java:640)</small> </font> </div>
&emsp;<div class="test-title"> <strong><font size = "3" color = "#000080">Verify the request tab in course for student</font> </strong> </div>&emsp;<div><strong>Steps:</strong></div><!-- Report -->&emsp;
<div class="test-event"> <font color="maroon"> <small> &emsp; &emsp;--- 16 Oct 17:06:58 421 - Element is displayed:: [[ChromeDriver: chrome on WINDOWS (67961ac9b75b97aee8aaa26819fbe5a0)] -> xpath: //a/img[@alt='Login Image']|//button[@id='btn-login']]</small> </font> </div>
<div class="test-event"> <font color="maroon"> <small> &emsp; &emsp;--- 16 Oct 17:06:58 470 - Element is displayed:: [[ChromeDriver: chrome on WINDOWS (67961ac9b75b97aee8aaa26819fbe5a0)] -> xpath: //a/img[@alt='Login Image']|//button[@id='btn-login']]</small> </font> </div>
<div class="test-message">&emsp;Successfully navigated to 'Home' Page&emsp;<a href=".\ScreenShot\ICar_B2B_TC042_65985882114299.png" target="_blank" >[ScreenShot]</a></div>
<div class="test-message">&emsp;1. Home page is launched.</div>
<div class="test-event"> <font color="maroon"> <small> &emsp; &emsp;--- 16 Oct 17:06:58 795 - Page URL:: https://www.icarstage.com/</small> </font> </div>
<div class="test-event"> <font color="maroon"> <small> &emsp; &emsp;--- 16 Oct 17:06:58 795 - <b>0</b> - Page Load Wait: (Sync) - ICar.support.Utils.waitForPageLoad(Utils.java:109)</small> </font> </div>
<div class="test-event"> <font color="maroon"> <small> &emsp; &emsp;--- 16 Oct 17:06:58 831 - Element is displayed:: [[ChromeDriver: chrome on WINDOWS (67961ac9b75b97aee8aaa26819fbe5a0)] -> xpath: //a/img[@alt='Login Image']|//button[@id='btn-login']]</small> </font> </div>
<div class="test-event"> <font color="maroon"> <small> &emsp; &emsp;--- 16 Oct 17:06:58 879 - Element is displayed:: [[ChromeDriver: chrome on WINDOWS (67961ac9b75b97aee8aaa26819fbe5a0)] -> xpath: //a/img[@alt='Login Image']|//button[@id='btn-login']]</small> </font> </div>
<div class="test-event"> <font color="maroon"> <small> &emsp; &emsp;--- 16 Oct 17:07:17 174 - Catched spinner load exception due to Expected condition failed: waiting for ICar.support.WaitUtils$4@636673a3 (tried for 15 second(s) with 500 milliseconds interval)</small> </font> </div>
<div class="test-event"> <font color="maroon"> <small> &emsp; &emsp;--- 16 Oct 17:07:17 174 - <b>15</b> - Spinner Load Wait: (Sync) - ICar.support.WaitUtils.waitForSpinner(WaitUtils.java:225)</small> </font> </div>
<div class="test-message">&emsp;2. Navigate to 'Login Page'</div>
<div class="test-message">&emsp;Successfully navigated to 'Login' Page&emsp;<a href=".\ScreenShot\ICar_B2B_TC042_66004590013500.png" target="_blank" >[ScreenShot]</a></div>
<div class="test-event"> <font color="maroon"> <small> &emsp; &emsp;--- 16 Oct 17:07:17 399 - Element is displayed:: [[ChromeDriver: chrome on WINDOWS (67961ac9b75b97aee8aaa26819fbe5a0)] -> id: username]</small> </font> </div>
<div class="test-event"> <font color="maroon"> <small> &emsp; &emsp;--- 16 Oct 17:07:17 456 - Element is displayed:: [[ChromeDriver: chrome on WINDOWS (67961ac9b75b97aee8aaa26819fbe5a0)] -> id: username]</small> </font> </div>
<div class="test-event"> <font color="maroon"> <small> &emsp; &emsp;--- 16 Oct 17:07:17 645 - Element is displayed:: [[ChromeDriver: chrome on WINDOWS (67961ac9b75b97aee8aaa26819fbe5a0)] -> id: password]</small> </font> </div>
<div class="test-event"> <font color="maroon"> <small> &emsp; &emsp;--- 16 Oct 17:07:17 804 - Element is displayed:: [[ChromeDriver: chrome on WINDOWS (67961ac9b75b97aee8aaa26819fbe5a0)] -> id: btn-login]</small> </font> </div>
<div class="test-event"> <font color="maroon"> <small> &emsp; &emsp;--- 16 Oct 17:07:22 897 - Catched spinner load exception due to Expected condition failed: waiting for ICar.support.WaitUtils$4@636673a3 (tried for 3 second(s) with 500 milliseconds interval)</small> </font> </div>
<div class="test-event"> <font color="maroon"> <small> &emsp; &emsp;--- 16 Oct 17:07:22 897 - <b>5</b> - Spinner Load Wait: (Sync) - ICar.support.WaitUtils.waitForSpinner(WaitUtils.java:225)</small> </font> </div>
<div class="test-event"> <font color="maroon"> <small> &emsp; &emsp;--- 16 Oct 17:07:45 088 - Catched spinner load exception due to Expected condition failed: waiting for ICar.support.WaitUtils$4@636673a3 (tried for 10 second(s) with 500 milliseconds interval)</small> </font> </div>
<div class="test-event"> <font color="maroon"> <small> &emsp; &emsp;--- 16 Oct 17:07:45 088 - <b>10</b> - Spinner Load Wait: (Sync) - ICar.support.WaitUtils.waitForSpinner(WaitUtils.java:225)</small> </font> </div>
<div class="test-event"> <font color="maroon"> <small> &emsp; &emsp;--- 16 Oct 17:07:45 162 - Element is displayed:: [[ChromeDriver: chrome on WINDOWS (67961ac9b75b97aee8aaa26819fbe5a0)] -> xpath: //button[@value='Launch My Learning']]</small> </font> </div>
<div class="test-message">&emsp;3. Enter the user credentials as : pkelly123</div>
<div class="test-message">&emsp;Successfully navigated to 'User Home' Page&emsp;<a href=".\ScreenShot\ICar_B2B_TC042_66032574163900.png" target="_blank" >[ScreenShot]</a></div>
<div class="test-message">&emsp;4. Click on link to navigate to 'Browser catalog' and add course to the cart</div>
<div class="test-event"> <font color="maroon"> <small> &emsp; &emsp;--- 16 Oct 17:07:45 550 - Page URL:: https://www.icarstage.com/</small> </font> </div>
<div class="test-event"> <font color="maroon"> <small> &emsp; &emsp;--- 16 Oct 17:07:45 550 - <b>0</b> - Page Load Wait: (Sync) - ICar.support.Utils.waitForPageLoad(Utils.java:109)</small> </font> </div>
<div class="test-event"> <font color="maroon"> <small> &emsp; &emsp;--- 16 Oct 17:07:45 604 - Element is displayed:: [[ChromeDriver: chrome on WINDOWS (67961ac9b75b97aee8aaa26819fbe5a0)] -> xpath: //p[text()='Launch My Learning']]</small> </font> </div>
<div class="test-event"> <font color="maroon"> <small> &emsp; &emsp;--- 16 Oct 17:07:45 763 - Page URL:: https://www.icarstage.com/</small> </font> </div>
<div class="test-event"> <font color="maroon"> <small> &emsp; &emsp;--- 16 Oct 17:07:45 763 - <b>0</b> - Page Load Wait: (Sync) - ICar.support.Utils.waitForPageLoad(Utils.java:109)</small> </font> </div>
<div class="test-event"> <font color="maroon"> <small> &emsp; &emsp;--- 16 Oct 17:07:59 806 - Catched spinner load exception due to Expected condition failed: waiting for ICar.support.WaitUtils$4@636673a3 (tried for 14 second(s) with 500 milliseconds interval)</small> </font> </div>
<div class="test-event"> <font color="maroon"> <small> &emsp; &emsp;--- 16 Oct 17:07:59 806 - <b>14</b> - Spinner Load Wait: (Sync) - ICar.support.WaitUtils.waitForSpinner(WaitUtils.java:225)</small> </font> </div>
<div class="test-event"> <font color="maroon"> <small> &emsp; &emsp;--- 16 Oct 17:07:59 855 - Element is displayed:: [[ChromeDriver: chrome on WINDOWS (67961ac9b75b97aee8aaa26819fbe5a0)] -> xpath: //a[text()='Browse Catalog']]</small> </font> </div>
<div class="test-event"> <font color="maroon"> <small> &emsp; &emsp;--- 16 Oct 17:07:59 913 - Element is displayed:: [[ChromeDriver: chrome on WINDOWS (67961ac9b75b97aee8aaa26819fbe5a0)] -> xpath: //a[text()='Browse Catalog']]</small> </font> </div>
<div class="test-event"> <font color="maroon"> <small> &emsp; &emsp;--- 16 Oct 17:08:04 641 - Page URL:: https://www.icarstage.com/browse</small> </font> </div>
<div class="test-event"> <font color="maroon"> <small> &emsp; &emsp;--- 16 Oct 17:08:04 641 - <b>0</b> - Page Load Wait: (Sync) - ICar.support.Utils.waitForPageLoad(Utils.java:109)</small> </font> </div>
<div class="test-event"> <font color="maroon"> <small> &emsp; &emsp;--- 16 Oct 17:08:19 727 - Catched spinner load exception due to Expected condition failed: waiting for ICar.support.WaitUtils$4@636673a3 (tried for 15 second(s) with 500 milliseconds interval)</small> </font> </div>
<div class="test-event"> <font color="maroon"> <small> &emsp; &emsp;--- 16 Oct 17:08:19 727 - Spinner Load Wait</small> </font> </div>
<div class="test-event"> <font color="maroon"> <small> &emsp; &emsp;--- 16 Oct 17:08:19 757 - Element is displayed:: [[ChromeDriver: chrome on WINDOWS (67961ac9b75b97aee8aaa26819fbe5a0)] -> xpath: //article[contains(@class,'slds-box card-layout-grid mobile-margin padding-bottom')]]</small> </font> </div>
<div class="test-event"> <font color="maroon"> <small> &emsp; &emsp;--- 16 Oct 17:08:27 032 - Catched spinner load exception due to Expected condition failed: waiting for ICar.support.WaitUtils$4@636673a3 (tried for 7 second(s) with 500 milliseconds interval)</small> </font> </div>
<div class="test-event"> <font color="maroon"> <small> &emsp; &emsp;--- 16 Oct 17:08:27 032 - <b>7</b> - Spinner Load Wait: (Sync) - ICar.support.WaitUtils.waitForSpinner(WaitUtils.java:225)</small> </font> </div>
<div class="test-event"> <font color="maroon"> <small> &emsp; &emsp;--- 16 Oct 17:08:27 070 - Element is displayed:: [[ChromeDriver: chrome on WINDOWS (67961ac9b75b97aee8aaa26819fbe5a0)] -> xpath: //section[@class='main-section']//following::li//section[@class='fields-area']//a]</small> </font> </div>
<div class="test-event"> <font color="maroon"> <small> &emsp; &emsp;--- 16 Oct 17:08:27 114 - Element is displayed:: [[ChromeDriver: chrome on WINDOWS (67961ac9b75b97aee8aaa26819fbe5a0)] -> xpath: //section[@class='main-section']//following::li//section[@class='fields-area']//a]</small> </font> </div>
<div class="test-event"> <font color="maroon"> <small> &emsp; &emsp;--- 16 Oct 17:08:36 112 - Catched spinner load exception due to Expected condition failed: waiting for ICar.support.WaitUtils$4@636673a3 (tried for 7 second(s) with 500 milliseconds interval)</small> </font> </div>
<div class="test-event"> <font color="maroon"> <small> &emsp; &emsp;--- 16 Oct 17:08:36 112 - <b>7</b> - Spinner Load Wait: (Sync) - ICar.support.WaitUtils.waitForSpinner(WaitUtils.java:225)</small> </font> </div>
<!--FAIL-->
<div class="test-result"><br><font color="red"><strong> Index 0 out of bounds for length 0 </strong></font> <a href=".\ScreenShot\ICar_B2B_TC042_66086760092300.png" target="_blank" >[ScreenShot]</a></div>&emsp;
&emsp;<div class="test-title"> <strong><font size = "3" color = "#0000FF">---Test Execution Ends---</font> </strong> </div>&emsp;
<div class="test-event"> <font color="maroon"> <small> &emsp; &emsp;--- 16 Oct 17:08:39 916 - TestCaseID:: ICar_B2B_TC043</small> </font> </div>
<div class="test-event"> <font color="maroon"> <small> &emsp; &emsp;--- 16 Oct 17:08:41 234 - <b>1</b> - Driver::initialize::Get - ICar.support.WebDriverFactory.getDriver(WebDriverFactory.java:640)</small> </font> </div>
&emsp;<div class="test-title"> <strong><font size = "3" color = "#000080">Ability to apply coupon code and proceed checkout</font> </strong> </div>&emsp;<div><strong>Steps:</strong></div><!-- Report -->&emsp;
<div class="test-event"> <font color="maroon"> <small> &emsp; &emsp;--- 16 Oct 17:08:46 805 - Element is displayed:: [[ChromeDriver: chrome on WINDOWS (9d7bcf6e9610d45dd3455932c440c663)] -> xpath: //a/img[@alt='Login Image']|//button[@id='btn-login']]</small> </font> </div>
<div class="test-event"> <font color="maroon"> <small> &emsp; &emsp;--- 16 Oct 17:08:46 854 - Element is displayed:: [[ChromeDriver: chrome on WINDOWS (9d7bcf6e9610d45dd3455932c440c663)] -> xpath: //a/img[@alt='Login Image']|//button[@id='btn-login']]</small> </font> </div>
<div class="test-message">&emsp;Successfully navigated to 'Home' Page&emsp;<a href=".\ScreenShot\ICar_B2B_TC043_66094266734599.png" target="_blank" >[ScreenShot]</a></div>
<div class="test-message">&emsp;1. Home page is launched.</div>
<div class="test-event"> <font color="maroon"> <small> &emsp; &emsp;--- 16 Oct 17:08:47 215 - Page URL:: https://www.icarstage.com/</small> </font> </div>
<div class="test-event"> <font color="maroon"> <small> &emsp; &emsp;--- 16 Oct 17:08:47 215 - <b>0</b> - Page Load Wait: (Sync) - ICar.support.Utils.waitForPageLoad(Utils.java:109)</small> </font> </div>
<div class="test-event"> <font color="maroon"> <small> &emsp; &emsp;--- 16 Oct 17:08:47 247 - Element is displayed:: [[ChromeDriver: chrome on WINDOWS (9d7bcf6e9610d45dd3455932c440c663)] -> xpath: //a/img[@alt='Login Image']|//button[@id='btn-login']]</small> </font> </div>
<div class="test-event"> <font color="maroon"> <small> &emsp; &emsp;--- 16 Oct 17:08:47 296 - Element is displayed:: [[ChromeDriver: chrome on WINDOWS (9d7bcf6e9610d45dd3455932c440c663)] -> xpath: //a/img[@alt='Login Image']|//button[@id='btn-login']]</small> </font> </div>
<div class="test-event"> <font color="maroon"> <small> &emsp; &emsp;--- 16 Oct 17:09:05 159 - Catched spinner load exception due to Expected condition failed: waiting for ICar.support.WaitUtils$4@636673a3 (tried for 15 second(s) with 500 milliseconds interval)</small> </font> </div>
<div class="test-event"> <font color="maroon"> <small> &emsp; &emsp;--- 16 Oct 17:09:05 159 - <b>15</b> - Spinner Load Wait: (Sync) - ICar.support.WaitUtils.waitForSpinner(WaitUtils.java:225)</small> </font> </div>
<div class="test-message">&emsp;2. Navigate to 'Login Page'</div>
<div class="test-message">&emsp;Successfully navigated to 'Login' Page&emsp;<a href=".\ScreenShot\ICar_B2B_TC043_66112575151700.png" target="_blank" >[ScreenShot]</a></div>
<div class="test-event"> <font color="maroon"> <small> &emsp; &emsp;--- 16 Oct 17:09:05 382 - Element is displayed:: [[ChromeDriver: chrome on WINDOWS (9d7bcf6e9610d45dd3455932c440c663)] -> id: username]</small> </font> </div>
<div class="test-event"> <font color="maroon"> <small> &emsp; &emsp;--- 16 Oct 17:09:05 442 - Element is displayed:: [[ChromeDriver: chrome on WINDOWS (9d7bcf6e9610d45dd3455932c440c663)] -> id: username]</small> </font> </div>
<div class="test-event"> <font color="maroon"> <small> &emsp; &emsp;--- 16 Oct 17:09:05 644 - Element is displayed:: [[ChromeDriver: chrome on WINDOWS (9d7bcf6e9610d45dd3455932c440c663)] -> id: password]</small> </font> </div>
<div class="test-event"> <font color="maroon"> <small> &emsp; &emsp;--- 16 Oct 17:09:05 818 - Element is displayed:: [[ChromeDriver: chrome on WINDOWS (9d7bcf6e9610d45dd3455932c440c663)] -> id: btn-login]</small> </font> </div>
<div class="test-event"> <font color="maroon"> <small> &emsp; &emsp;--- 16 Oct 17:09:11 609 - Catched spinner load exception due to Expected condition failed: waiting for ICar.support.WaitUtils$4@636673a3 (tried for 3 second(s) with 500 milliseconds interval)</small> </font> </div>
<div class="test-event"> <font color="maroon"> <small> &emsp; &emsp;--- 16 Oct 17:09:11 609 - <b>5</b> - Spinner Load Wait: (Sync) - ICar.support.WaitUtils.waitForSpinner(WaitUtils.java:225)</small> </font> </div>
<div class="test-event"> <font color="maroon"> <small> &emsp; &emsp;--- 16 Oct 17:09:33 717 - Catched spinner load exception due to Expected condition failed: waiting for ICar.support.WaitUtils$4@636673a3 (tried for 10 second(s) with 500 milliseconds interval)</small> </font> </div>
<div class="test-event"> <font color="maroon"> <small> &emsp; &emsp;--- 16 Oct 17:09:33 717 - <b>10</b> - Spinner Load Wait: (Sync) - ICar.support.WaitUtils.waitForSpinner(WaitUtils.java:225)</small> </font> </div>
<div class="test-event"> <font color="maroon"> <small> &emsp; &emsp;--- 16 Oct 17:09:33 788 - Element is displayed:: [[ChromeDriver: chrome on WINDOWS (9d7bcf6e9610d45dd3455932c440c663)] -> xpath: //button[@value='Launch My Learning']]</small> </font> </div>
<div class="test-message">&emsp;3. Enter the user credentials. Username = pkelly123</div>
<div class="test-message">&emsp;Successfully navigated to 'User Home' Page&emsp;<a href=".\ScreenShot\ICar_B2B_TC043_66141200540000.png" target="_blank" >[ScreenShot]</a></div>
<div class="test-event"> <font color="maroon"> <small> &emsp; &emsp;--- 16 Oct 17:09:34 039 - Element is displayed:: [[ChromeDriver: chrome on WINDOWS (9d7bcf6e9610d45dd3455932c440c663)] -> xpath: //input[contains(@placeholder,'Search')]]</small> </font> </div>
<div class="test-event"> <font color="maroon"> <small> &emsp; &emsp;--- 16 Oct 17:09:34 091 - Element is displayed:: [[ChromeDriver: chrome on WINDOWS (9d7bcf6e9610d45dd3455932c440c663)] -> xpath: //input[contains(@placeholder,'Search')]]</small> </font> </div>
<!--FAIL-->
<div class="test-result"><br><font color="red"><strong> Index 0 out of bounds for length 0 </strong></font> <a href=".\ScreenShot\ICar_B2B_TC043_66151359241900.png" target="_blank" >[ScreenShot]</a></div>&emsp;
&emsp;<div class="test-title"> <strong><font size = "3" color = "#0000FF">---Test Execution Ends---</font> </strong> </div>&emsp;
<div class="test-event"> <font color="maroon"> <small> &emsp; &emsp;--- 16 Oct 17:09:44 516 - TestCaseID:: ICar_B2B_TC044</small> </font> </div>
<div class="test-event"> <font color="maroon"> <small> &emsp; &emsp;--- 16 Oct 17:09:45 938 - <b>1</b> - Driver::initialize::Get - ICar.support.WebDriverFactory.getDriver(WebDriverFactory.java:640)</small> </font> </div>
&emsp;<div class="test-title"> <strong><font size = "3" color = "#000080">Verify error message if incorrect coupon code is entered</font> </strong> </div>&emsp;<div><strong>Steps:</strong></div><!-- Report -->&emsp;
<div class="test-event"> <font color="maroon"> <small> &emsp; &emsp;--- 16 Oct 17:09:51 524 - Element is displayed:: [[ChromeDriver: chrome on WINDOWS (8f46d4a757138d2112c855deaefe6cd9)] -> xpath: //a/img[@alt='Login Image']|//button[@id='btn-login']]</small> </font> </div>
<div class="test-event"> <font color="maroon"> <small> &emsp; &emsp;--- 16 Oct 17:09:51 573 - Element is displayed:: [[ChromeDriver: chrome on WINDOWS (8f46d4a757138d2112c855deaefe6cd9)] -> xpath: //a/img[@alt='Login Image']|//button[@id='btn-login']]</small> </font> </div>
<div class="test-message">&emsp;Successfully navigated to 'Home' Page&emsp;<a href=".\ScreenShot\ICar_B2B_TC044_66158985597399.png" target="_blank" >[ScreenShot]</a></div>
<div class="test-message">&emsp;1. Home page is launched.</div>
<div class="test-event"> <font color="maroon"> <small> &emsp; &emsp;--- 16 Oct 17:09:51 895 - Page URL:: https://www.icarstage.com/</small> </font> </div>
<div class="test-event"> <font color="maroon"> <small> &emsp; &emsp;--- 16 Oct 17:09:51 895 - <b>0</b> - Page Load Wait: (Sync) - ICar.support.Utils.waitForPageLoad(Utils.java:109)</small> </font> </div>
<div class="test-event"> <font color="maroon"> <small> &emsp; &emsp;--- 16 Oct 17:09:51 938 - Element is displayed:: [[ChromeDriver: chrome on WINDOWS (8f46d4a757138d2112c855deaefe6cd9)] -> xpath: //a/img[@alt='Login Image']|//button[@id='btn-login']]</small> </font> </div>
<div class="test-event"> <font color="maroon"> <small> &emsp; &emsp;--- 16 Oct 17:09:51 990 - Element is displayed:: [[ChromeDriver: chrome on WINDOWS (8f46d4a757138d2112c855deaefe6cd9)] -> xpath: //a/img[@alt='Login Image']|//button[@id='btn-login']]</small> </font> </div>
<div class="test-event"> <font color="maroon"> <small> &emsp; &emsp;--- 16 Oct 17:10:09 763 - Catched spinner load exception due to Expected condition failed: waiting for ICar.support.WaitUtils$4@636673a3 (tried for 15 second(s) with 500 milliseconds interval)</small> </font> </div>
<div class="test-event"> <font color="maroon"> <small> &emsp; &emsp;--- 16 Oct 17:10:09 763 - <b>15</b> - Spinner Load Wait: (Sync) - ICar.support.WaitUtils.waitForSpinner(WaitUtils.java:225)</small> </font> </div>
<div class="test-message">&emsp;2. Navigate to 'Login Page'</div>
<div class="test-message">&emsp;Successfully navigated to 'Login' Page&emsp;<a href=".\ScreenShot\ICar_B2B_TC044_66177178950999.png" target="_blank" >[ScreenShot]</a></div>
<div class="test-event"> <font color="maroon"> <small> &emsp; &emsp;--- 16 Oct 17:10:09 987 - Element is displayed:: [[ChromeDriver: chrome on WINDOWS (8f46d4a757138d2112c855deaefe6cd9)] -> id: username]</small> </font> </div>
<div class="test-event"> <font color="maroon"> <small> &emsp; &emsp;--- 16 Oct 17:10:10 040 - Element is displayed:: [[ChromeDriver: chrome on WINDOWS (8f46d4a757138d2112c855deaefe6cd9)] -> id: username]</small> </font> </div>
<div class="test-event"> <font color="maroon"> <small> &emsp; &emsp;--- 16 Oct 17:10:10 241 - Element is displayed:: [[ChromeDriver: chrome on WINDOWS (8f46d4a757138d2112c855deaefe6cd9)] -> id: password]</small> </font> </div>
<div class="test-event"> <font color="maroon"> <small> &emsp; &emsp;--- 16 Oct 17:10:10 412 - Element is displayed:: [[ChromeDriver: chrome on WINDOWS (8f46d4a757138d2112c855deaefe6cd9)] -> id: btn-login]</small> </font> </div>
<div class="test-event"> <font color="maroon"> <small> &emsp; &emsp;--- 16 Oct 17:10:17 602 - Catched spinner load exception due to Expected condition failed: waiting for ICar.support.WaitUtils$4@636673a3 (tried for 3 second(s) with 500 milliseconds interval)</small> </font> </div>
<div class="test-event"> <font color="maroon"> <small> &emsp; &emsp;--- 16 Oct 17:10:17 602 - <b>7</b> - Spinner Load Wait: (Sync) - ICar.support.WaitUtils.waitForSpinner(WaitUtils.java:225)</small> </font> </div>
<div class="test-event"> <font color="maroon"> <small> &emsp; &emsp;--- 16 Oct 17:10:39 383 - Catched spinner load exception due to Expected condition failed: waiting for ICar.support.WaitUtils$4@636673a3 (tried for 10 second(s) with 500 milliseconds interval)</small> </font> </div>
<div class="test-event"> <font color="maroon"> <small> &emsp; &emsp;--- 16 Oct 17:10:39 383 - <b>10</b> - Spinner Load Wait: (Sync) - ICar.support.WaitUtils.waitForSpinner(WaitUtils.java:225)</small> </font> </div>
<div class="test-event"> <font color="maroon"> <small> &emsp; &emsp;--- 16 Oct 17:10:39 453 - Element is displayed:: [[ChromeDriver: chrome on WINDOWS (8f46d4a757138d2112c855deaefe6cd9)] -> xpath: //button[@value='Launch My Learning']]</small> </font> </div>
<div class="test-message">&emsp;3. Enter the user credentials. Username = pkelly123</div>
<div class="test-message">&emsp;Successfully navigated to 'User Home' Page&emsp;<a href=".\ScreenShot\ICar_B2B_TC044_66206866154599.png" target="_blank" >[ScreenShot]</a></div>
<div class="test-event"> <font color="maroon"> <small> &emsp; &emsp;--- 16 Oct 17:10:39 710 - Element is displayed:: [[ChromeDriver: chrome on WINDOWS (8f46d4a757138d2112c855deaefe6cd9)] -> xpath: //input[contains(@placeholder,'Search')]]</small> </font> </div>
<div class="test-event"> <font color="maroon"> <small> &emsp; &emsp;--- 16 Oct 17:10:39 759 - Element is displayed:: [[ChromeDriver: chrome on WINDOWS (8f46d4a757138d2112c855deaefe6cd9)] -> xpath: //input[contains(@placeholder,'Search')]]</small> </font> </div>
<!--FAIL-->
<div class="test-result"><br><font color="red"><strong> Index 0 out of bounds for length 0 </strong></font> <a href=".\ScreenShot\ICar_B2B_TC044_66216817322899.png" target="_blank" >[ScreenShot]</a></div>&emsp;
&emsp;<div class="test-title"> <strong><font size = "3" color = "#0000FF">---Test Execution Ends---</font> </strong> </div>&emsp;
<div class="test-event"> <font color="maroon"> <small> &emsp; &emsp;--- 16 Oct 17:10:49 965 - TestCaseID:: ICar_B2B_TC045</small> </font> </div>
<div class="test-event"> <font color="maroon"> <small> &emsp; &emsp;--- 16 Oct 17:10:51 164 - <b>1</b> - Driver::initialize::Get - ICar.support.WebDriverFactory.getDriver(WebDriverFactory.java:640)</small> </font> </div>
&emsp;<div class="test-title"> <strong><font size = "3" color = "#000080">Ability to apply credit points and proceed check out</font> </strong> </div>&emsp;<div><strong>Steps:</strong></div><!-- Report -->&emsp;
<div class="test-event"> <font color="maroon"> <small> &emsp; &emsp;--- 16 Oct 17:10:56 516 - Element is displayed:: [[ChromeDriver: chrome on WINDOWS (75824ec15baea104f451c9539f5579cf)] -> xpath: //a/img[@alt='Login Image']|//button[@id='btn-login']]</small> </font> </div>
<div class="test-event"> <font color="maroon"> <small> &emsp; &emsp;--- 16 Oct 17:10:56 846 - Element is displayed:: [[ChromeDriver: chrome on WINDOWS (75824ec15baea104f451c9539f5579cf)] -> xpath: //a/img[@alt='Login Image']|//button[@id='btn-login']]</small> </font> </div>
<div class="test-message">&emsp;Successfully navigated to 'Home' Page&emsp;<a href=".\ScreenShot\ICar_B2B_TC045_66224259125800.png" target="_blank" >[ScreenShot]</a></div>
<div class="test-message">&emsp;1. Home page is launched.</div>
<div class="test-event"> <font color="maroon"> <small> &emsp; &emsp;--- 16 Oct 17:10:58 021 - Page URL:: https://www.icarstage.com/</small> </font> </div>
<div class="test-event"> <font color="maroon"> <small> &emsp; &emsp;--- 16 Oct 17:10:58 021 - <b>0</b> - Page Load Wait: (Sync) - ICar.support.Utils.waitForPageLoad(Utils.java:109)</small> </font> </div>
<div class="test-event"> <font color="maroon"> <small> &emsp; &emsp;--- 16 Oct 17:10:58 056 - Element is displayed:: [[ChromeDriver: chrome on WINDOWS (75824ec15baea104f451c9539f5579cf)] -> xpath: //a/img[@alt='Login Image']|//button[@id='btn-login']]</small> </font> </div>
<div class="test-event"> <font color="maroon"> <small> &emsp; &emsp;--- 16 Oct 17:10:58 104 - Element is displayed:: [[ChromeDriver: chrome on WINDOWS (75824ec15baea104f451c9539f5579cf)] -> xpath: //a/img[@alt='Login Image']|//button[@id='btn-login']]</small> </font> </div>
<div class="test-event"> <font color="maroon"> <small> &emsp; &emsp;--- 16 Oct 17:11:19 548 - Catched spinner load exception due to Expected condition failed: waiting for ICar.support.WaitUtils$4@636673a3 (tried for 15 second(s) with 500 milliseconds interval)</small> </font> </div>
<div class="test-event"> <font color="maroon"> <small> &emsp; &emsp;--- 16 Oct 17:11:19 548 - <b>15</b> - Spinner Load Wait: (Sync) - ICar.support.WaitUtils.waitForSpinner(WaitUtils.java:225)</small> </font> </div>
<div class="test-message">&emsp;2. Navigate to 'Login Page'</div>
<div class="test-message">&emsp;Successfully navigated to 'Login' Page&emsp;<a href=".\ScreenShot\ICar_B2B_TC045_66246963521100.png" target="_blank" >[ScreenShot]</a></div>
<div class="test-event"> <font color="maroon"> <small> &emsp; &emsp;--- 16 Oct 17:11:19 805 - Element is displayed:: [[ChromeDriver: chrome on WINDOWS (75824ec15baea104f451c9539f5579cf)] -> id: username]</small> </font> </div>
<div class="test-event"> <font color="maroon"> <small> &emsp; &emsp;--- 16 Oct 17:11:19 860 - Element is displayed:: [[ChromeDriver: chrome on WINDOWS (75824ec15baea104f451c9539f5579cf)] -> id: username]</small> </font> </div>
<div class="test-event"> <font color="maroon"> <small> &emsp; &emsp;--- 16 Oct 17:11:20 117 - Element is displayed:: [[ChromeDriver: chrome on WINDOWS (75824ec15baea104f451c9539f5579cf)] -> id: password]</small> </font> </div>
<div class="test-event"> <font color="maroon"> <small> &emsp; &emsp;--- 16 Oct 17:11:20 317 - Element is displayed:: [[ChromeDriver: chrome on WINDOWS (75824ec15baea104f451c9539f5579cf)] -> id: btn-login]</small> </font> </div>
<div class="test-event"> <font color="maroon"> <small> &emsp; &emsp;--- 16 Oct 17:11:25 204 - Catched spinner load exception due to Expected condition failed: waiting for ICar.support.WaitUtils$4@636673a3 (tried for 3 second(s) with 500 milliseconds interval)</small> </font> </div>
<div class="test-event"> <font color="maroon"> <small> &emsp; &emsp;--- 16 Oct 17:11:25 204 - <b>4</b> - Spinner Load Wait: (Sync) - ICar.support.WaitUtils.waitForSpinner(WaitUtils.java:225)</small> </font> </div>
<div class="test-event"> <font color="maroon"> <small> &emsp; &emsp;--- 16 Oct 17:11:47 420 - Catched spinner load exception due to Expected condition failed: waiting for ICar.support.WaitUtils$4@636673a3 (tried for 10 second(s) with 500 milliseconds interval)</small> </font> </div>
<div class="test-event"> <font color="maroon"> <small> &emsp; &emsp;--- 16 Oct 17:11:47 420 - <b>10</b> - Spinner Load Wait: (Sync) - ICar.support.WaitUtils.waitForSpinner(WaitUtils.java:225)</small> </font> </div>
<div class="test-event"> <font color="maroon"> <small> &emsp; &emsp;--- 16 Oct 17:11:47 493 - Element is displayed:: [[ChromeDriver: chrome on WINDOWS (75824ec15baea104f451c9539f5579cf)] -> xpath: //button[@value='Launch My Learning']]</small> </font> </div>
<div class="test-message">&emsp;3. Enter the user credentials. Username = pkelly123</div>
<div class="test-message">&emsp;Successfully navigated to 'User Home' Page&emsp;<a href=".\ScreenShot\ICar_B2B_TC045_66274905379200.png" target="_blank" >[ScreenShot]</a></div>
<div class="test-event"> <font color="maroon"> <small> &emsp; &emsp;--- 16 Oct 17:11:47 769 - Element is displayed:: [[ChromeDriver: chrome on WINDOWS (75824ec15baea104f451c9539f5579cf)] -> xpath: //input[contains(@placeholder,'Search')]]</small> </font> </div>
<div class="test-event"> <font color="maroon"> <small> &emsp; &emsp;--- 16 Oct 17:11:47 826 - Element is displayed:: [[ChromeDriver: chrome on WINDOWS (75824ec15baea104f451c9539f5579cf)] -> xpath: //input[contains(@placeholder,'Search')]]</small> </font> </div>
<div class="test-event"> <font color="maroon"> <small> &emsp; &emsp;--- 16 Oct 17:11:56 228 - Element is displayed:: [[[[ChromeDriver: chrome on WINDOWS (75824ec15baea104f451c9539f5579cf)] -> xpath: //c-b2b_custom-search-results-list[contains(@data-component-id,'b2b_customSearchResultsList')]/div/div[2]//table/tbody/tr[1]/td/div]] -> xpath: a]</small> </font> </div>
<div class="test-event"> <font color="maroon"> <small> &emsp; &emsp;--- 16 Oct 17:12:08 298 - Catched spinner load exception due to Expected condition failed: waiting for ICar.support.WaitUtils$4@636673a3 (tried for 10 second(s) with 500 milliseconds interval)</small> </font> </div>
<div class="test-event"> <font color="maroon"> <small> &emsp; &emsp;--- 16 Oct 17:12:08 298 - <b>10</b> - Spinner Load Wait: (Sync) - ICar.support.WaitUtils.waitForSpinner(WaitUtils.java:225)</small> </font> </div>
<div class="test-event"> <font color="maroon"> <small> &emsp; &emsp;--- 16 Oct 17:12:10 375 - Element is displayed:: [[ChromeDriver: chrome on WINDOWS (75824ec15baea104f451c9539f5579cf)] -> xpath: //button[text()='Add to Cart']]</small> </font> </div>
<div class="test-event"> <font color="maroon"> <small> &emsp; &emsp;--- 16 Oct 17:12:10 477 - Element is displayed:: [[ChromeDriver: chrome on WINDOWS (75824ec15baea104f451c9539f5579cf)] -> xpath: //div[@class='HeaderCart_Icon']/a]</small> </font> </div>
<div class="test-event"> <font color="maroon"> <small> &emsp; &emsp;--- 16 Oct 17:12:17 574 - Element is displayed:: [[ChromeDriver: chrome on WINDOWS (75824ec15baea104f451c9539f5579cf)] -> xpath: //div[@class='HeaderCart_Icon']/a]</small> </font> </div>
<div class="test-message">&emsp;4. Search and add course to the cart Course Name=PL3 Auto Physical Damage Appraiser</div>
<div class="test-message">&emsp;5. Click cart icon and navigate to cart summary</div>
<div class="test-event"> <font color="maroon"> <small> &emsp; &emsp;--- 16 Oct 17:12:19 257 - Page URL:: https://www.icarstage.com/cart</small> </font> </div>
<div class="test-event"> <font color="maroon"> <small> &emsp; &emsp;--- 16 Oct 17:12:19 257 - <b>0</b> - Page Load Wait: (Sync) - ICar.support.Utils.waitForPageLoad(Utils.java:109)</small> </font> </div>
<div class="test-event"> <font color="maroon"> <small> &emsp; &emsp;--- 16 Oct 17:12:19 321 - Element is displayed:: [[ChromeDriver: chrome on WINDOWS (75824ec15baea104f451c9539f5579cf)] -> xpath: //p[text()='Launch My Learning']]</small> </font> </div>
<div class="test-event"> <font color="maroon"> <small> &emsp; &emsp;--- 16 Oct 17:12:39 569 - Catched spinner load exception due to Expected condition failed: waiting for ICar.support.WaitUtils$4@636673a3 (tried for 20 second(s) with 500 milliseconds interval)</small> </font> </div>
<div class="test-event"> <font color="maroon"> <small> &emsp; &emsp;--- 16 Oct 17:12:39 569 - <b>20</b> - Spinner Load Wait: (Sync) - ICar.support.WaitUtils.waitForSpinner(WaitUtils.java:225)</small> </font> </div>
<div class="test-event"> <font color="maroon"> <small> &emsp; &emsp;--- 16 Oct 17:12:39 612 - Element is displayed:: [[ChromeDriver: chrome on WINDOWS (75824ec15baea104f451c9539f5579cf)] -> xpath: //div[@class='HeaderCart_Icon']/a]</small> </font> </div>
<div class="test-event"> <font color="maroon"> <small> &emsp; &emsp;--- 16 Oct 17:12:41 705 - Element is displayed:: [[ChromeDriver: chrome on WINDOWS (75824ec15baea104f451c9539f5579cf)] -> xpath: //div[@class='HeaderCart_Icon']/a]</small> </font> </div>
<div class="test-event"> <font color="maroon"> <small> &emsp; &emsp;--- 16 Oct 17:13:00 815 - Catched spinner load exception due to Expected condition failed: waiting for ICar.support.WaitUtils$4@636673a3 (tried for 15 second(s) with 500 milliseconds interval)</small> </font> </div>
<div class="test-event"> <font color="maroon"> <small> &emsp; &emsp;--- 16 Oct 17:13:00 816 - <b>15</b> - Spinner Load Wait: (Sync) - ICar.support.WaitUtils.waitForSpinner(WaitUtils.java:225)</small> </font> </div>
<div class="test-event"> <font color="maroon"> <small> &emsp; &emsp;--- 16 Oct 17:13:00 928 - Page URL:: https://www.icarstage.com/cart</small> </font> </div>
<div class="test-event"> <font color="maroon"> <small> &emsp; &emsp;--- 16 Oct 17:13:00 928 - <b>0</b> - Page Load Wait: (Sync) - ICar.support.Utils.waitForPageLoad(Utils.java:109)</small> </font> </div>
<div class="test-event"> <font color="maroon"> <small> &emsp; &emsp;--- 16 Oct 17:13:10 657 - Unable to find a element after 6 sec ==> Proxy element for: AjaxElementLocator 'By.xpath: //button[text()='Continue to Checkout']'</small> </font> </div>
<div class="test-event"> <font color="maroon"> <small> &emsp; &emsp;--- 16 Oct 17:13:10 718 - Element is displayed:: [[ChromeDriver: chrome on WINDOWS (75824ec15baea104f451c9539f5579cf)] -> xpath: //button[text()='Empty Cart']]</small> </font> </div>
<div class="test-message">&emsp;Successfully navigated to 'My Cart' Page&emsp;<a href=".\ScreenShot\ICar_B2B_TC045_66358130274600.png" target="_blank" >[ScreenShot]</a></div>
<div class="test-message">&emsp;6. Enter credit amount2</div>
<!--FAIL-->
<div class="test-result"><br><font color="red"><strong> Timed out after 3 seconds. Unable to locate the element </strong></font> <a href=".\ScreenShot\ICar_B2B_TC045_66361550233100.png" target="_blank" >[ScreenShot]</a></div>&emsp;
&emsp;<div class="test-title"> <strong><font size = "3" color = "#0000FF">---Test Execution Ends---</font> </strong> </div>&emsp;
<div class="test-event"> <font color="maroon"> <small> &emsp; &emsp;--- 16 Oct 17:13:14 649 - TestCaseID:: ICar_B2B_TC046</small> </font> </div>
<div class="test-event"> <font color="maroon"> <small> &emsp; &emsp;--- 16 Oct 17:13:15 791 - <b>1</b> - Driver::initialize::Get - ICar.support.WebDriverFactory.getDriver(WebDriverFactory.java:640)</small> </font> </div>
&emsp;<div class="test-title"> <strong><font size = "3" color = "#000080">Ability to view the invoice</font> </strong> </div>&emsp;<div><strong>Steps:</strong></div><!-- Report -->&emsp;
<div class="test-event"> <font color="maroon"> <small> &emsp; &emsp;--- 16 Oct 17:13:21 039 - Element is displayed:: [[ChromeDriver: chrome on WINDOWS (b0419ce27164b5dc15187e1a7076faa2)] -> xpath: //a/img[@alt='Login Image']|//button[@id='btn-login']]</small> </font> </div>
<div class="test-event"> <font color="maroon"> <small> &emsp; &emsp;--- 16 Oct 17:13:21 124 - Element is displayed:: [[ChromeDriver: chrome on WINDOWS (b0419ce27164b5dc15187e1a7076faa2)] -> xpath: //a/img[@alt='Login Image']|//button[@id='btn-login']]</small> </font> </div>
<div class="test-message">&emsp;Successfully navigated to 'Home' Page&emsp;<a href=".\ScreenShot\ICar_B2B_TC046_66368536184000.png" target="_blank" >[ScreenShot]</a></div>
<div class="test-message">&emsp;1. Home page is launched.</div>
<div class="test-event"> <font color="maroon"> <small> &emsp; &emsp;--- 16 Oct 17:13:21 906 - Page URL:: https://www.icarstage.com/</small> </font> </div>
<div class="test-event"> <font color="maroon"> <small> &emsp; &emsp;--- 16 Oct 17:13:21 906 - <b>0</b> - Page Load Wait: (Sync) - ICar.support.Utils.waitForPageLoad(Utils.java:109)</small> </font> </div>
<div class="test-event"> <font color="maroon"> <small> &emsp; &emsp;--- 16 Oct 17:13:21 944 - Element is displayed:: [[ChromeDriver: chrome on WINDOWS (b0419ce27164b5dc15187e1a7076faa2)] -> xpath: //a/img[@alt='Login Image']|//button[@id='btn-login']]</small> </font> </div>
<div class="test-event"> <font color="maroon"> <small> &emsp; &emsp;--- 16 Oct 17:13:21 999 - Element is displayed:: [[ChromeDriver: chrome on WINDOWS (b0419ce27164b5dc15187e1a7076faa2)] -> xpath: //a/img[@alt='Login Image']|//button[@id='btn-login']]</small> </font> </div>
<div class="test-event"> <font color="maroon"> <small> &emsp; &emsp;--- 16 Oct 17:13:39 871 - Catched spinner load exception due to Expected condition failed: waiting for ICar.support.WaitUtils$4@636673a3 (tried for 15 second(s) with 500 milliseconds interval)</small> </font> </div>
<div class="test-event"> <font color="maroon"> <small> &emsp; &emsp;--- 16 Oct 17:13:39 871 - <b>15</b> - Spinner Load Wait: (Sync) - ICar.support.WaitUtils.waitForSpinner(WaitUtils.java:225)</small> </font> </div>
<div class="test-message">&emsp;2. Navigate to 'Login Page'</div>
<div class="test-message">&emsp;Successfully navigated to 'Login' Page&emsp;<a href=".\ScreenShot\ICar_B2B_TC046_66387286672999.png" target="_blank" >[ScreenShot]</a></div>
<div class="test-event"> <font color="maroon"> <small> &emsp; &emsp;--- 16 Oct 17:13:40 285 - Element is displayed:: [[ChromeDriver: chrome on WINDOWS (b0419ce27164b5dc15187e1a7076faa2)] -> id: username]</small> </font> </div>
<div class="test-event"> <font color="maroon"> <small> &emsp; &emsp;--- 16 Oct 17:13:40 347 - Element is displayed:: [[ChromeDriver: chrome on WINDOWS (b0419ce27164b5dc15187e1a7076faa2)] -> id: username]</small> </font> </div>
<div class="test-event"> <font color="maroon"> <small> &emsp; &emsp;--- 16 Oct 17:13:40 542 - Element is displayed:: [[ChromeDriver: chrome on WINDOWS (b0419ce27164b5dc15187e1a7076faa2)] -> id: password]</small> </font> </div>
<div class="test-event"> <font color="maroon"> <small> &emsp; &emsp;--- 16 Oct 17:13:40 704 - Element is displayed:: [[ChromeDriver: chrome on WINDOWS (b0419ce27164b5dc15187e1a7076faa2)] -> id: btn-login]</small> </font> </div>
<div class="test-event"> <font color="maroon"> <small> &emsp; &emsp;--- 16 Oct 17:13:46 573 - Catched spinner load exception due to Expected condition failed: waiting for ICar.support.WaitUtils$4@636673a3 (tried for 3 second(s) with 500 milliseconds interval)</small> </font> </div>
<div class="test-event"> <font color="maroon"> <small> &emsp; &emsp;--- 16 Oct 17:13:46 573 - <b>5</b> - Spinner Load Wait: (Sync) - ICar.support.WaitUtils.waitForSpinner(WaitUtils.java:225)</small> </font> </div>
<div class="test-event"> <font color="maroon"> <small> &emsp; &emsp;--- 16 Oct 17:14:08 797 - Catched spinner load exception due to Expected condition failed: waiting for ICar.support.WaitUtils$4@636673a3 (tried for 10 second(s) with 500 milliseconds interval)</small> </font> </div>
<div class="test-event"> <font color="maroon"> <small> &emsp; &emsp;--- 16 Oct 17:14:08 797 - <b>10</b> - Spinner Load Wait: (Sync) - ICar.support.WaitUtils.waitForSpinner(WaitUtils.java:225)</small> </font> </div>
<div class="test-event"> <font color="maroon"> <small> &emsp; &emsp;--- 16 Oct 17:14:08 872 - Element is displayed:: [[ChromeDriver: chrome on WINDOWS (b0419ce27164b5dc15187e1a7076faa2)] -> xpath: //button[@value='Launch My Learning']]</small> </font> </div>
<div class="test-message">&emsp;3. Enter the user credentials UserName:-pkelly123</div>
<div class="test-message">&emsp;Successfully navigated to 'User Home' Page&emsp;<a href=".\ScreenShot\ICar_B2B_TC046_66416284233200.png" target="_blank" >[ScreenShot]</a></div>
<div class="test-message">&emsp;4. Click on the user name drop down and select 'My Purchases'</div>
<div class="test-event"> <font color="maroon"> <small> &emsp; &emsp;--- 16 Oct 17:14:09 266 - Page URL:: https://www.icarstage.com/</small> </font> </div>
<div class="test-event"> <font color="maroon"> <small> &emsp; &emsp;--- 16 Oct 17:14:09 266 - <b>0</b> - Page Load Wait: (Sync) - ICar.support.Utils.waitForPageLoad(Utils.java:109)</small> </font> </div>
<div class="test-event"> <font color="maroon"> <small> &emsp; &emsp;--- 16 Oct 17:14:09 340 - Element is displayed:: [[ChromeDriver: chrome on WINDOWS (b0419ce27164b5dc15187e1a7076faa2)] -> xpath: //p[text()='Launch My Learning']]</small> </font> </div>
<div class="test-event"> <font color="maroon"> <small> &emsp; &emsp;--- 16 Oct 17:14:09 378 - Element is displayed:: [[ChromeDriver: chrome on WINDOWS (b0419ce27164b5dc15187e1a7076faa2)] -> xpath: //lightning-layout[@class='left-margin slds-align_absolute-center slds-grid slds-grid_align-spread slds-wrap']//lightning-layout-item[2]//a]</small> </font> </div>
<div class="test-event"> <font color="maroon"> <small> &emsp; &emsp;--- 16 Oct 17:14:11 464 - Element is displayed:: [[ChromeDriver: chrome on WINDOWS (b0419ce27164b5dc15187e1a7076faa2)] -> xpath: //lightning-layout[@class='left-margin slds-align_absolute-center slds-grid slds-grid_align-spread slds-wrap']//lightning-layout-item[2]//a]</small> </font> </div>
<div class="test-event"> <font color="maroon"> <small> &emsp; &emsp;--- 16 Oct 17:14:11 574 - Element is displayed:: [[ChromeDriver: chrome on WINDOWS (b0419ce27164b5dc15187e1a7076faa2)] -> xpath: //ul[@aria-label='Show More']//li[3]/a]</small> </font> </div>
<div class="test-event"> <font color="maroon"> <small> &emsp; &emsp;--- 16 Oct 17:14:11 622 - Element is displayed:: [[ChromeDriver: chrome on WINDOWS (b0419ce27164b5dc15187e1a7076faa2)] -> xpath: //ul[@aria-label='Show More']//li[3]/a]</small> </font> </div>
<div class="test-event"> <font color="maroon"> <small> &emsp; &emsp;--- 16 Oct 17:14:28 641 - Catched spinner load exception due to Expected condition failed: waiting for ICar.support.WaitUtils$4@636673a3 (tried for 15 second(s) with 500 milliseconds interval)</small> </font> </div>
<div class="test-event"> <font color="maroon"> <small> &emsp; &emsp;--- 16 Oct 17:14:28 641 - <b>15</b> - Spinner Load Wait: (Sync) - ICar.support.WaitUtils.waitForSpinner(WaitUtils.java:225)</small> </font> </div>
<div class="test-event"> <font color="maroon"> <small> &emsp; &emsp;--- 16 Oct 17:14:28 736 - Page URL:: https://www.icarstage.com/my-purchases</small> </font> </div>
<div class="test-event"> <font color="maroon"> <small> &emsp; &emsp;--- 16 Oct 17:14:28 736 - <b>0</b> - Page Load Wait: (Sync) - ICar.support.Utils.waitForPageLoad(Utils.java:109)</small> </font> </div>
<div class="test-event"> <font color="maroon"> <small> &emsp; &emsp;--- 16 Oct 17:14:28 792 - Element is displayed:: [[ChromeDriver: chrome on WINDOWS (b0419ce27164b5dc15187e1a7076faa2)] -> xpath: //button[text()='Search']]</small> </font> </div>
<div class="test-message">&emsp;Successfully navigated to 'My Purchases' Page&emsp;<a href=".\ScreenShot\ICar_B2B_TC046_66436204291700.png" target="_blank" >[ScreenShot]</a></div>
<div class="test-event"> <font color="maroon"> <small> &emsp; &emsp;--- 16 Oct 17:14:29 038 - Page URL:: https://www.icarstage.com/my-purchases</small> </font> </div>
<div class="test-event"> <font color="maroon"> <small> &emsp; &emsp;--- 16 Oct 17:14:29 038 - <b>0</b> - Page Load Wait: (Sync) - ICar.support.Utils.waitForPageLoad(Utils.java:109)</small> </font> </div>
<div class="test-event"> <font color="maroon"> <small> &emsp; &emsp;--- 16 Oct 17:14:50 335 - Catched spinner load exception due to Expected condition failed: waiting for ICar.support.WaitUtils$4@636673a3 (tried for 1 second(s) with 500 milliseconds interval)</small> </font> </div>
<div class="test-event"> <font color="maroon"> <small> &emsp; &emsp;--- 16 Oct 17:14:50 335 - <b>1</b> - Spinner Load Wait: (Sync) - ICar.support.WaitUtils.waitForSpinner(WaitUtils.java:225)</small> </font> </div>
<div class="test-event"> <font color="maroon"> <small> &emsp; &emsp;--- 16 Oct 17:14:50 383 - Element is displayed:: [[ChromeDriver: chrome on WINDOWS (b0419ce27164b5dc15187e1a7076faa2)] -> xpath: //button[text()='Search']]</small> </font> </div>
<div class="test-event"> <font color="maroon"> <small> &emsp; &emsp;--- 16 Oct 17:14:58 765 - Catched spinner load exception due to Expected condition failed: waiting for ICar.support.WaitUtils$4@636673a3 (tried for 8 second(s) with 500 milliseconds interval)</small> </font> </div>
<div class="test-event"> <font color="maroon"> <small> &emsp; &emsp;--- 16 Oct 17:14:58 765 - <b>8</b> - Spinner Load Wait: (Sync) - ICar.support.WaitUtils.waitForSpinner(WaitUtils.java:225)</small> </font> </div>
<div class="test-message">&emsp;5. Select value as last year in 'Search By' drop down and click search button</div>
<div class="test-message">&emsp;No records are found&emsp;<a href=".\ScreenShot\ICar_B2B_TC046_66469427545000.png" target="_blank" >[ScreenShot]</a></div>
<div class="test-message">&emsp;No records found for the given search criteria so skipping step 6&emsp;<a href=".\ScreenShot\ICar_B2B_TC046_66469595038700.png" target="_blank" >[ScreenShot]</a></div>
<div class="test-result"><br><font color="green"><strong> Test Passed. </strong></font> </div>&emsp;
&emsp;<div class="test-title"> <strong><font size = "3" color = "#0000FF">---Test Execution Ends---</font> </strong> </div>&emsp;
<div class="test-event"> <font color="maroon"> <small> &emsp; &emsp;--- 16 Oct 17:15:02 777 - TestCaseID:: ICar_B2B_TC048</small> </font> </div>
<div class="test-event"> <font color="maroon"> <small> &emsp; &emsp;--- 16 Oct 17:15:04 157 - <b>1</b> - Driver::initialize::Get - ICar.support.WebDriverFactory.getDriver(WebDriverFactory.java:640)</small> </font> </div>
&emsp;<div class="test-title"> <strong><font size = "3" color = "#000080">verify the message on purchasing already purchased course</font> </strong> </div>&emsp;<div><strong>Steps:</strong></div><!-- Report -->&emsp;
<div class="test-event"> <font color="maroon"> <small> &emsp; &emsp;--- 16 Oct 17:15:09 173 - Element is displayed:: [[ChromeDriver: chrome on WINDOWS (aa5fc8cea042ed537f59db0714f1abb1)] -> xpath: //a/img[@alt='Login Image']|//button[@id='btn-login']]</small> </font> </div>
<div class="test-event"> <font color="maroon"> <small> &emsp; &emsp;--- 16 Oct 17:15:09 219 - Element is displayed:: [[ChromeDriver: chrome on WINDOWS (aa5fc8cea042ed537f59db0714f1abb1)] -> xpath: //a/img[@alt='Login Image']|//button[@id='btn-login']]</small> </font> </div>
<div class="test-message">&emsp;Successfully navigated to 'Home' Page&emsp;<a href=".\ScreenShot\ICar_B2B_TC048_66476631277700.png" target="_blank" >[ScreenShot]</a></div>
<div class="test-message">&emsp;1. Home page is launched.</div>
<div class="test-event"> <font color="maroon"> <small> &emsp; &emsp;--- 16 Oct 17:15:09 644 - Page URL:: https://www.icarstage.com/</small> </font> </div>
<div class="test-event"> <font color="maroon"> <small> &emsp; &emsp;--- 16 Oct 17:15:09 644 - <b>0</b> - Page Load Wait: (Sync) - ICar.support.Utils.waitForPageLoad(Utils.java:109)</small> </font> </div>
<div class="test-event"> <font color="maroon"> <small> &emsp; &emsp;--- 16 Oct 17:15:09 688 - Element is displayed:: [[ChromeDriver: chrome on WINDOWS (aa5fc8cea042ed537f59db0714f1abb1)] -> xpath: //a/img[@alt='Login Image']|//button[@id='btn-login']]</small> </font> </div>
<div class="test-event"> <font color="maroon"> <small> &emsp; &emsp;--- 16 Oct 17:15:09 737 - Element is displayed:: [[ChromeDriver: chrome on WINDOWS (aa5fc8cea042ed537f59db0714f1abb1)] -> xpath: //a/img[@alt='Login Image']|//button[@id='btn-login']]</small> </font> </div>
<div class="test-event"> <font color="maroon"> <small> &emsp; &emsp;--- 16 Oct 17:15:27 454 - Catched spinner load exception due to Expected condition failed: waiting for ICar.support.WaitUtils$4@636673a3 (tried for 15 second(s) with 500 milliseconds interval)</small> </font> </div>
<div class="test-event"> <font color="maroon"> <small> &emsp; &emsp;--- 16 Oct 17:15:27 454 - <b>15</b> - Spinner Load Wait: (Sync) - ICar.support.WaitUtils.waitForSpinner(WaitUtils.java:225)</small> </font> </div>
<div class="test-message">&emsp;2. Navigate to 'Login Page'</div>
<div class="test-message">&emsp;Successfully navigated to 'Login' Page&emsp;<a href=".\ScreenShot\ICar_B2B_TC048_66494869543900.png" target="_blank" >[ScreenShot]</a></div>
<div class="test-event"> <font color="maroon"> <small> &emsp; &emsp;--- 16 Oct 17:15:27 681 - Element is displayed:: [[ChromeDriver: chrome on WINDOWS (aa5fc8cea042ed537f59db0714f1abb1)] -> id: username]</small> </font> </div>
<div class="test-event"> <font color="maroon"> <small> &emsp; &emsp;--- 16 Oct 17:15:27 740 - Element is displayed:: [[ChromeDriver: chrome on WINDOWS (aa5fc8cea042ed537f59db0714f1abb1)] -> id: username]</small> </font> </div>
<div class="test-event"> <font color="maroon"> <small> &emsp; &emsp;--- 16 Oct 17:15:27 948 - Element is displayed:: [[ChromeDriver: chrome on WINDOWS (aa5fc8cea042ed537f59db0714f1abb1)] -> id: password]</small> </font> </div>
<div class="test-event"> <font color="maroon"> <small> &emsp; &emsp;--- 16 Oct 17:15:28 119 - Element is displayed:: [[ChromeDriver: chrome on WINDOWS (aa5fc8cea042ed537f59db0714f1abb1)] -> id: btn-login]</small> </font> </div>
<div class="test-event"> <font color="maroon"> <small> &emsp; &emsp;--- 16 Oct 17:15:33 728 - Catched spinner load exception due to Expected condition failed: waiting for ICar.support.WaitUtils$4@636673a3 (tried for 3 second(s) with 500 milliseconds interval)</small> </font> </div>
<div class="test-event"> <font color="maroon"> <small> &emsp; &emsp;--- 16 Oct 17:15:33 728 - <b>5</b> - Spinner Load Wait: (Sync) - ICar.support.WaitUtils.waitForSpinner(WaitUtils.java:225)</small> </font> </div>
<div class="test-event"> <font color="maroon"> <small> &emsp; &emsp;--- 16 Oct 17:15:55 751 - Catched spinner load exception due to Expected condition failed: waiting for ICar.support.WaitUtils$4@636673a3 (tried for 10 second(s) with 500 milliseconds interval)</small> </font> </div>
<div class="test-event"> <font color="maroon"> <small> &emsp; &emsp;--- 16 Oct 17:15:55 751 - <b>10</b> - Spinner Load Wait: (Sync) - ICar.support.WaitUtils.waitForSpinner(WaitUtils.java:225)</small> </font> </div>
<div class="test-event"> <font color="maroon"> <small> &emsp; &emsp;--- 16 Oct 17:15:55 823 - Element is displayed:: [[ChromeDriver: chrome on WINDOWS (aa5fc8cea042ed537f59db0714f1abb1)] -> xpath: //button[@value='Launch My Learning']]</small> </font> </div>
<div class="test-message">&emsp;3. Enter the user credentials as : pkelly123</div>
<div class="test-message">&emsp;Successfully navigated to 'User Home' Page&emsp;<a href=".\ScreenShot\ICar_B2B_TC048_66523235251200.png" target="_blank" >[ScreenShot]</a></div>
<div class="test-message">&emsp;4. click on link to navigate to Browser catalog and Successfully adding course to the cart</div>
<div class="test-event"> <font color="maroon"> <small> &emsp; &emsp;--- 16 Oct 17:15:56 193 - Page URL:: https://www.icarstage.com/</small> </font> </div>
<div class="test-event"> <font color="maroon"> <small> &emsp; &emsp;--- 16 Oct 17:15:56 193 - <b>0</b> - Page Load Wait: (Sync) - ICar.support.Utils.waitForPageLoad(Utils.java:109)</small> </font> </div>
<div class="test-event"> <font color="maroon"> <small> &emsp; &emsp;--- 16 Oct 17:15:56 245 - Element is displayed:: [[ChromeDriver: chrome on WINDOWS (aa5fc8cea042ed537f59db0714f1abb1)] -> xpath: //p[text()='Launch My Learning']]</small> </font> </div>
<div class="test-event"> <font color="maroon"> <small> &emsp; &emsp;--- 16 Oct 17:15:56 403 - Page URL:: https://www.icarstage.com/</small> </font> </div>
<div class="test-event"> <font color="maroon"> <small> &emsp; &emsp;--- 16 Oct 17:15:56 403 - <b>0</b> - Page Load Wait: (Sync) - ICar.support.Utils.waitForPageLoad(Utils.java:109)</small> </font> </div>
<div class="test-event"> <font color="maroon"> <small> &emsp; &emsp;--- 16 Oct 17:16:10 503 - Catched spinner load exception due to Expected condition failed: waiting for ICar.support.WaitUtils$4@636673a3 (tried for 14 second(s) with 500 milliseconds interval)</small> </font> </div>
<div class="test-event"> <font color="maroon"> <small> &emsp; &emsp;--- 16 Oct 17:16:10 503 - <b>14</b> - Spinner Load Wait: (Sync) - ICar.support.WaitUtils.waitForSpinner(WaitUtils.java:225)</small> </font> </div>
<div class="test-event"> <font color="maroon"> <small> &emsp; &emsp;--- 16 Oct 17:16:10 548 - Element is displayed:: [[ChromeDriver: chrome on WINDOWS (aa5fc8cea042ed537f59db0714f1abb1)] -> xpath: //a[text()='Browse Catalog']]</small> </font> </div>
<div class="test-event"> <font color="maroon"> <small> &emsp; &emsp;--- 16 Oct 17:16:10 601 - Element is displayed:: [[ChromeDriver: chrome on WINDOWS (aa5fc8cea042ed537f59db0714f1abb1)] -> xpath: //a[text()='Browse Catalog']]</small> </font> </div>
<div class="test-event"> <font color="maroon"> <small> &emsp; &emsp;--- 16 Oct 17:16:15 077 - Page URL:: https://www.icarstage.com/browse</small> </font> </div>
<div class="test-event"> <font color="maroon"> <small> &emsp; &emsp;--- 16 Oct 17:16:15 077 - <b>0</b> - Page Load Wait: (Sync) - ICar.support.Utils.waitForPageLoad(Utils.java:109)</small> </font> </div>
<div class="test-event"> <font color="maroon"> <small> &emsp; &emsp;--- 16 Oct 17:16:30 187 - Catched spinner load exception due to Expected condition failed: waiting for ICar.support.WaitUtils$4@636673a3 (tried for 15 second(s) with 500 milliseconds interval)</small> </font> </div>
<div class="test-event"> <font color="maroon"> <small> &emsp; &emsp;--- 16 Oct 17:16:30 187 - Spinner Load Wait</small> </font> </div>
<div class="test-event"> <font color="maroon"> <small> &emsp; &emsp;--- 16 Oct 17:16:30 216 - Element is displayed:: [[ChromeDriver: chrome on WINDOWS (aa5fc8cea042ed537f59db0714f1abb1)] -> xpath: //article[contains(@class,'slds-box card-layout-grid mobile-margin padding-bottom')]]</small> </font> </div>
<div class="test-event"> <font color="maroon"> <small> &emsp; &emsp;--- 16 Oct 17:16:37 575 - Catched spinner load exception due to Expected condition failed: waiting for ICar.support.WaitUtils$4@636673a3 (tried for 7 second(s) with 500 milliseconds interval)</small> </font> </div>
<div class="test-event"> <font color="maroon"> <small> &emsp; &emsp;--- 16 Oct 17:16:37 575 - <b>7</b> - Spinner Load Wait: (Sync) - ICar.support.WaitUtils.waitForSpinner(WaitUtils.java:225)</small> </font> </div>
<div class="test-event"> <font color="maroon"> <small> &emsp; &emsp;--- 16 Oct 17:16:56 481 - Element is displayed:: [[ChromeDriver: chrome on WINDOWS (aa5fc8cea042ed537f59db0714f1abb1)] -> xpath: //a[@class='custom-name slds-p-vertical_small']]</small> </font> </div>
<div class="test-event"> <font color="maroon"> <small> &emsp; &emsp;--- 16 Oct 17:16:58 502 - Page URL:: https://www.icarstage.com/product/acura-nsx-damage-analysis/01tdi000007tetyia2</small> </font> </div>
<div class="test-event"> <font color="maroon"> <small> &emsp; &emsp;--- 16 Oct 17:16:58 502 - <b>0</b> - Page Load Wait: (Sync) - ICar.support.Utils.waitForPageLoad(Utils.java:109)</small> </font> </div>
<div class="test-event"> <font color="maroon"> <small> &emsp; &emsp;--- 16 Oct 17:17:00 688 - Element is displayed:: [[ChromeDriver: chrome on WINDOWS (aa5fc8cea042ed537f59db0714f1abb1)] -> xpath: //button[text()='Add to Cart']]</small> </font> </div>
<div class="test-event"> <font color="maroon"> <small> &emsp; &emsp;--- 16 Oct 17:17:02 777 - Element is displayed:: [[ChromeDriver: chrome on WINDOWS (aa5fc8cea042ed537f59db0714f1abb1)] -> xpath: //button[text()='Add to Cart']]</small> </font> </div>
<div class="test-event"> <font color="maroon"> <small> &emsp; &emsp;--- 16 Oct 17:17:03 981 - Element is displayed:: [[ChromeDriver: chrome on WINDOWS (aa5fc8cea042ed537f59db0714f1abb1)] -> xpath: //slot[@name='message']]</small> </font> </div>
<!--FAIL-->
<div class="test-result"><br><font color="red"><strong> Failed to  verify the course already enrolled message </strong></font> <a href=".\ScreenShot\ICar_B2B_TC048_66591415212299.png" target="_blank" >[ScreenShot]</a></div>&emsp;
&emsp;<div class="test-title"> <strong><font size = "3" color = "#0000FF">---Test Execution Ends---</font> </strong> </div>&emsp;
<div class="test-event"> <font color="maroon"> <small> &emsp; &emsp;--- 16 Oct 17:17:05 351 - TestCaseID:: ICar_B2B_TC049</small> </font> </div>
<div class="test-event"> <font color="maroon"> <small> &emsp; &emsp;--- 16 Oct 17:17:07 762 - <b>2</b> - Driver::initialize::Get - ICar.support.WebDriverFactory.getDriver(WebDriverFactory.java:640)</small> </font> </div>
&emsp;<div class="test-title"> <strong><font size = "3" color = "#000080">Verify Platinum certificate under My Training Progress</font> </strong> </div>&emsp;<div><strong>Steps:</strong></div><!-- Report -->&emsp;
<div class="test-event"> <font color="maroon"> <small> &emsp; &emsp;--- 16 Oct 17:17:16 502 - Element is displayed:: [[ChromeDriver: chrome on WINDOWS (7690d290017f3a84fad5752ddd90f634)] -> xpath: //a/img[@alt='Login Image']|//button[@id='btn-login']]</small> </font> </div>
<div class="test-event"> <font color="maroon"> <small> &emsp; &emsp;--- 16 Oct 17:17:16 550 - Element is displayed:: [[ChromeDriver: chrome on WINDOWS (7690d290017f3a84fad5752ddd90f634)] -> xpath: //a/img[@alt='Login Image']|//button[@id='btn-login']]</small> </font> </div>
<div class="test-message">&emsp;Successfully navigated to 'Home' Page&emsp;<a href=".\ScreenShot\ICar_B2B_TC049_66603962083599.png" target="_blank" >[ScreenShot]</a></div>
<div class="test-message">&emsp;1. Home page is launched.</div>
<div class="test-event"> <font color="maroon"> <small> &emsp; &emsp;--- 16 Oct 17:17:17 434 - Page URL:: https://www.icarstage.com/</small> </font> </div>
<div class="test-event"> <font color="maroon"> <small> &emsp; &emsp;--- 16 Oct 17:17:17 434 - <b>0</b> - Page Load Wait: (Sync) - ICar.support.Utils.waitForPageLoad(Utils.java:109)</small> </font> </div>
<div class="test-event"> <font color="maroon"> <small> &emsp; &emsp;--- 16 Oct 17:17:17 468 - Element is displayed:: [[ChromeDriver: chrome on WINDOWS (7690d290017f3a84fad5752ddd90f634)] -> xpath: //a/img[@alt='Login Image']|//button[@id='btn-login']]</small> </font> </div>
<div class="test-event"> <font color="maroon"> <small> &emsp; &emsp;--- 16 Oct 17:17:17 520 - Element is displayed:: [[ChromeDriver: chrome on WINDOWS (7690d290017f3a84fad5752ddd90f634)] -> xpath: //a/img[@alt='Login Image']|//button[@id='btn-login']]</small> </font> </div>
<div class="test-event"> <font color="maroon"> <small> &emsp; &emsp;--- 16 Oct 17:17:35 502 - Catched spinner load exception due to Expected condition failed: waiting for ICar.support.WaitUtils$4@636673a3 (tried for 15 second(s) with 500 milliseconds interval)</small> </font> </div>
<div class="test-event"> <font color="maroon"> <small> &emsp; &emsp;--- 16 Oct 17:17:35 502 - <b>15</b> - Spinner Load Wait: (Sync) - ICar.support.WaitUtils.waitForSpinner(WaitUtils.java:225)</small> </font> </div>
<div class="test-message">&emsp;2. Navigate to 'Login Page'</div>
<div class="test-message">&emsp;Successfully navigated to 'Login' Page&emsp;<a href=".\ScreenShot\ICar_B2B_TC049_66622917591499.png" target="_blank" >[ScreenShot]</a></div>
<div class="test-event"> <font color="maroon"> <small> &emsp; &emsp;--- 16 Oct 17:17:35 713 - Element is displayed:: [[ChromeDriver: chrome on WINDOWS (7690d290017f3a84fad5752ddd90f634)] -> id: username]</small> </font> </div>
<div class="test-event"> <font color="maroon"> <small> &emsp; &emsp;--- 16 Oct 17:17:35 766 - Element is displayed:: [[ChromeDriver: chrome on WINDOWS (7690d290017f3a84fad5752ddd90f634)] -> id: username]</small> </font> </div>
<div class="test-event"> <font color="maroon"> <small> &emsp; &emsp;--- 16 Oct 17:17:35 971 - Element is displayed:: [[ChromeDriver: chrome on WINDOWS (7690d290017f3a84fad5752ddd90f634)] -> id: password]</small> </font> </div>
<div class="test-event"> <font color="maroon"> <small> &emsp; &emsp;--- 16 Oct 17:17:36 121 - Element is displayed:: [[ChromeDriver: chrome on WINDOWS (7690d290017f3a84fad5752ddd90f634)] -> id: btn-login]</small> </font> </div>
<div class="test-event"> <font color="maroon"> <small> &emsp; &emsp;--- 16 Oct 17:17:41 878 - Catched spinner load exception due to Expected condition failed: waiting for ICar.support.WaitUtils$4@636673a3 (tried for 3 second(s) with 500 milliseconds interval)</small> </font> </div>
<div class="test-event"> <font color="maroon"> <small> &emsp; &emsp;--- 16 Oct 17:17:41 878 - <b>5</b> - Spinner Load Wait: (Sync) - ICar.support.WaitUtils.waitForSpinner(WaitUtils.java:225)</small> </font> </div>
<div class="test-event"> <font color="maroon"> <small> &emsp; &emsp;--- 16 Oct 17:18:07 944 - Catched spinner load exception due to Expected condition failed: waiting for ICar.support.WaitUtils$4@636673a3 (tried for 10 second(s) with 500 milliseconds interval)</small> </font> </div>
<div class="test-event"> <font color="maroon"> <small> &emsp; &emsp;--- 16 Oct 17:18:07 944 - <b>10</b> - Spinner Load Wait: (Sync) - ICar.support.WaitUtils.waitForSpinner(WaitUtils.java:225)</small> </font> </div>
<div class="test-event"> <font color="maroon"> <small> &emsp; &emsp;--- 16 Oct 17:18:08 045 - Element is displayed:: [[ChromeDriver: chrome on WINDOWS (7690d290017f3a84fad5752ddd90f634)] -> xpath: //button[@value='Launch My Learning']]</small> </font> </div>
<div class="test-message">&emsp;3. Enter the user credentials</div>
<div class="test-message">&emsp;Successfully navigated to 'User Home' Page&emsp;<a href=".\ScreenShot\ICar_B2B_TC049_66655457303599.png" target="_blank" >[ScreenShot]</a></div>
<div class="test-event"> <font color="maroon"> <small> &emsp; &emsp;--- 16 Oct 17:18:08 760 - Page URL:: https://www.icarstage.com/</small> </font> </div>
<div class="test-event"> <font color="maroon"> <small> &emsp; &emsp;--- 16 Oct 17:18:08 760 - <b>0</b> - Page Load Wait: (Sync) - ICar.support.Utils.waitForPageLoad(Utils.java:109)</small> </font> </div>
<div class="test-event"> <font color="maroon"> <small> &emsp; &emsp;--- 16 Oct 17:18:08 809 - Element is displayed:: [[ChromeDriver: chrome on WINDOWS (7690d290017f3a84fad5752ddd90f634)] -> xpath: //p[text()='Launch My Learning']]</small> </font> </div>
<div class="test-event"> <font color="maroon"> <small> &emsp; &emsp;--- 16 Oct 17:18:08 844 - Element is displayed:: [[ChromeDriver: chrome on WINDOWS (7690d290017f3a84fad5752ddd90f634)] -> xpath: //a[text()='My Training']]</small> </font> </div>
<div class="test-event"> <font color="maroon"> <small> &emsp; &emsp;--- 16 Oct 17:18:09 149 - Page URL:: https://www.icarstage.com/</small> </font> </div>
<div class="test-event"> <font color="maroon"> <small> &emsp; &emsp;--- 16 Oct 17:18:09 150 - <b>0</b> - Page Load Wait: (Sync) - ICar.support.Utils.waitForPageLoad(Utils.java:109)</small> </font> </div>
<div class="test-event"> <font color="maroon"> <small> &emsp; &emsp;--- 16 Oct 17:18:11 238 - Element is displayed:: [[ChromeDriver: chrome on WINDOWS (7690d290017f3a84fad5752ddd90f634)] -> xpath: //a[text()='My Training']]</small> </font> </div>
<div class="test-event"> <font color="maroon"> <small> &emsp; &emsp;--- 16 Oct 17:18:29 025 - Catched spinner load exception due to Expected condition failed: waiting for ICar.support.WaitUtils$4@636673a3 (tried for 15 second(s) with 500 milliseconds interval)</small> </font> </div>
<div class="test-event"> <font color="maroon"> <small> &emsp; &emsp;--- 16 Oct 17:18:29 025 - <b>15</b> - Spinner Load Wait: (Sync) - ICar.support.WaitUtils.waitForSpinner(WaitUtils.java:225)</small> </font> </div>
<div class="test-event"> <font color="maroon"> <small> &emsp; &emsp;--- 16 Oct 17:18:29 248 - Page URL:: https://www.icarstage.com/my-training</small> </font> </div>
<div class="test-event"> <font color="maroon"> <small> &emsp; &emsp;--- 16 Oct 17:18:29 248 - <b>0</b> - Page Load Wait: (Sync) - ICar.support.Utils.waitForPageLoad(Utils.java:109)</small> </font> </div>
<div class="test-event"> <font color="maroon"> <small> &emsp; &emsp;--- 16 Oct 17:18:29 309 - Element is displayed:: [[ChromeDriver: chrome on WINDOWS (7690d290017f3a84fad5752ddd90f634)] -> xpath: //span[@title='My Professional Development']]</small> </font> </div>
<div class="test-message">&emsp;4. Navigate to 'My training' link</div>
<div class="test-message">&emsp;Successfully navigated to 'My Training' Page&emsp;<a href=".\ScreenShot\ICar_B2B_TC049_66676721390399.png" target="_blank" >[ScreenShot]</a></div>
<div class="test-message">&emsp;5. Click on training progress tab and verify the Platinum certificate under My Training Progress</div>
<div class="test-event"> <font color="maroon"> <small> &emsp; &emsp;--- 16 Oct 17:18:29 504 - Page URL:: https://www.icarstage.com/my-training</small> </font> </div>
<div class="test-event"> <font color="maroon"> <small> &emsp; &emsp;--- 16 Oct 17:18:29 504 - Page Load Wait </small> </font> </div>
<div class="test-event"> <font color="maroon"> <small> &emsp; &emsp;--- 16 Oct 17:18:37 809 - Catched spinner load exception due to Expected condition failed: waiting for ICar.support.WaitUtils$4@636673a3 (tried for 8 second(s) with 500 milliseconds interval)</small> </font> </div>
<div class="test-event"> <font color="maroon"> <small> &emsp; &emsp;--- 16 Oct 17:18:37 809 - <b>8</b> - Spinner Load Wait: (Sync) - ICar.support.WaitUtils.waitForSpinner(WaitUtils.java:225)</small> </font> </div>
<div class="test-event"> <font color="maroon"> <small> &emsp; &emsp;--- 16 Oct 17:18:37 855 - Element is displayed:: [[ChromeDriver: chrome on WINDOWS (7690d290017f3a84fad5752ddd90f634)] -> xpath: //span[@title='My Training Status']]</small> </font> </div>
<div class="test-event"> <font color="maroon"> <small> &emsp; &emsp;--- 16 Oct 17:18:37 913 - Element is displayed:: [[ChromeDriver: chrome on WINDOWS (7690d290017f3a84fad5752ddd90f634)] -> xpath: //span[@title='My Training Status']]</small> </font> </div>
<div class="test-event"> <font color="maroon"> <small> &emsp; &emsp;--- 16 Oct 17:18:38 135 - Page URL:: https://www.icarstage.com/my-training</small> </font> </div>
<div class="test-event"> <font color="maroon"> <small> &emsp; &emsp;--- 16 Oct 17:18:38 135 - <b>0</b> - Page Load Wait: (Sync) - ICar.support.Utils.waitForPageLoad(Utils.java:109)</small> </font> </div>
<!--FAIL-->
<div class="test-result"><br><font color="red"><strong> Failed to verify  the platinum certificate under 'My Training' Page </strong></font> <a href=".\ScreenShot\ICar_B2B_TC049_66690796752600.png" target="_blank" >[ScreenShot]</a></div>&emsp;
&emsp;<div class="test-title"> <strong><font size = "3" color = "#0000FF">---Test Execution Ends---</font> </strong> </div>&emsp;
<div class="test-event"> <font color="maroon"> <small> &emsp; &emsp;--- 16 Oct 17:18:43 824 - TestCaseID:: ICar_B2B_TC050</small> </font> </div>
<div class="test-event"> <font color="maroon"> <small> &emsp; &emsp;--- 16 Oct 17:18:53 161 - <b>9</b> - Driver::initialize::Get - ICar.support.WebDriverFactory.getDriver(WebDriverFactory.java:640)</small> </font> </div>
&emsp;<div class="test-title"> <strong><font size = "3" color = "#000080">Verify sort of Search results in student role</font> </strong> </div>&emsp;<div><strong>Steps:</strong></div><!-- Report -->&emsp;
<div class="test-event"> <font color="maroon"> <small> &emsp; &emsp;--- 16 Oct 17:18:56 918 - Element is displayed:: [[ChromeDriver: chrome on WINDOWS (b2f620778bf7c7354e267ee00e170799)] -> xpath: //a/img[@alt='Login Image']|//button[@id='btn-login']]</small> </font> </div>
<div class="test-event"> <font color="maroon"> <small> &emsp; &emsp;--- 16 Oct 17:18:56 970 - Element is displayed:: [[ChromeDriver: chrome on WINDOWS (b2f620778bf7c7354e267ee00e170799)] -> xpath: //a/img[@alt='Login Image']|//button[@id='btn-login']]</small> </font> </div>
<div class="test-message">&emsp;Successfully navigated to 'Home' Page&emsp;<a href=".\ScreenShot\ICar_B2B_TC050_66704382241600.png" target="_blank" >[ScreenShot]</a></div>
<div class="test-message">&emsp;1. Home page is launched.</div>
<div class="test-event"> <font color="maroon"> <small> &emsp; &emsp;--- 16 Oct 17:18:57 675 - Page URL:: https://www.icarstage.com/</small> </font> </div>
<div class="test-event"> <font color="maroon"> <small> &emsp; &emsp;--- 16 Oct 17:18:57 675 - <b>0</b> - Page Load Wait: (Sync) - ICar.support.Utils.waitForPageLoad(Utils.java:109)</small> </font> </div>
<div class="test-event"> <font color="maroon"> <small> &emsp; &emsp;--- 16 Oct 17:18:57 712 - Element is displayed:: [[ChromeDriver: chrome on WINDOWS (b2f620778bf7c7354e267ee00e170799)] -> xpath: //a/img[@alt='Login Image']|//button[@id='btn-login']]</small> </font> </div>
<div class="test-event"> <font color="maroon"> <small> &emsp; &emsp;--- 16 Oct 17:18:57 761 - Element is displayed:: [[ChromeDriver: chrome on WINDOWS (b2f620778bf7c7354e267ee00e170799)] -> xpath: //a/img[@alt='Login Image']|//button[@id='btn-login']]</small> </font> </div>
<div class="test-event"> <font color="maroon"> <small> &emsp; &emsp;--- 16 Oct 17:19:15 463 - Catched spinner load exception due to Expected condition failed: waiting for ICar.support.WaitUtils$4@636673a3 (tried for 15 second(s) with 500 milliseconds interval)</small> </font> </div>
<div class="test-event"> <font color="maroon"> <small> &emsp; &emsp;--- 16 Oct 17:19:15 463 - <b>15</b> - Spinner Load Wait: (Sync) - ICar.support.WaitUtils.waitForSpinner(WaitUtils.java:225)</small> </font> </div>
<div class="test-message">&emsp;2. Navigate to login page</div>
<div class="test-message">&emsp;Successfully navigated to 'Login' Page&emsp;<a href=".\ScreenShot\ICar_B2B_TC050_66722879230399.png" target="_blank" >[ScreenShot]</a></div>
<div class="test-event"> <font color="maroon"> <small> &emsp; &emsp;--- 16 Oct 17:19:15 684 - Element is displayed:: [[ChromeDriver: chrome on WINDOWS (b2f620778bf7c7354e267ee00e170799)] -> id: username]</small> </font> </div>
<div class="test-event"> <font color="maroon"> <small> &emsp; &emsp;--- 16 Oct 17:19:15 739 - Element is displayed:: [[ChromeDriver: chrome on WINDOWS (b2f620778bf7c7354e267ee00e170799)] -> id: username]</small> </font> </div>
<div class="test-event"> <font color="maroon"> <small> &emsp; &emsp;--- 16 Oct 17:19:15 936 - Element is displayed:: [[ChromeDriver: chrome on WINDOWS (b2f620778bf7c7354e267ee00e170799)] -> id: password]</small> </font> </div>
<div class="test-event"> <font color="maroon"> <small> &emsp; &emsp;--- 16 Oct 17:19:16 096 - Element is displayed:: [[ChromeDriver: chrome on WINDOWS (b2f620778bf7c7354e267ee00e170799)] -> id: btn-login]</small> </font> </div>
<div class="test-event"> <font color="maroon"> <small> &emsp; &emsp;--- 16 Oct 17:19:21 137 - Catched spinner load exception due to Expected condition failed: waiting for ICar.support.WaitUtils$4@636673a3 (tried for 3 second(s) with 500 milliseconds interval)</small> </font> </div>
<div class="test-event"> <font color="maroon"> <small> &emsp; &emsp;--- 16 Oct 17:19:21 137 - <b>5</b> - Spinner Load Wait: (Sync) - ICar.support.WaitUtils.waitForSpinner(WaitUtils.java:225)</small> </font> </div>
<div class="test-event"> <font color="maroon"> <small> &emsp; &emsp;--- 16 Oct 17:19:43 214 - Catched spinner load exception due to Expected condition failed: waiting for ICar.support.WaitUtils$4@636673a3 (tried for 10 second(s) with 500 milliseconds interval)</small> </font> </div>
<div class="test-event"> <font color="maroon"> <small> &emsp; &emsp;--- 16 Oct 17:19:43 214 - <b>10</b> - Spinner Load Wait: (Sync) - ICar.support.WaitUtils.waitForSpinner(WaitUtils.java:225)</small> </font> </div>
<div class="test-event"> <font color="maroon"> <small> &emsp; &emsp;--- 16 Oct 17:19:43 288 - Element is displayed:: [[ChromeDriver: chrome on WINDOWS (b2f620778bf7c7354e267ee00e170799)] -> xpath: //button[@value='Launch My Learning']]</small> </font> </div>
<div class="test-message">&emsp;3. Enter the user credentials as : pkelly123</div>
<div class="test-message">&emsp;Successfully navigated to 'User Home' Page&emsp;<a href=".\ScreenShot\ICar_B2B_TC050_66750700005399.png" target="_blank" >[ScreenShot]</a></div>
<div class="test-message">&emsp;4. Enter course name in search field, Course Name:Ford</div>
<div class="test-event"> <font color="maroon"> <small> &emsp; &emsp;--- 16 Oct 17:19:43 695 - Page URL:: https://www.icarstage.com/</small> </font> </div>
<div class="test-event"> <font color="maroon"> <small> &emsp; &emsp;--- 16 Oct 17:19:43 695 - <b>0</b> - Page Load Wait: (Sync) - ICar.support.Utils.waitForPageLoad(Utils.java:109)</small> </font> </div>
<div class="test-event"> <font color="maroon"> <small> &emsp; &emsp;--- 16 Oct 17:19:54 112 - Catched spinner load exception due to Expected condition failed: waiting for ICar.support.WaitUtils$4@636673a3 (tried for 10 second(s) with 500 milliseconds interval)</small> </font> </div>
<div class="test-event"> <font color="maroon"> <small> &emsp; &emsp;--- 16 Oct 17:19:54 112 - <b>10</b> - Spinner Load Wait: (Sync) - ICar.support.WaitUtils.waitForSpinner(WaitUtils.java:225)</small> </font> </div>
<div class="test-event"> <font color="maroon"> <small> &emsp; &emsp;--- 16 Oct 17:19:54 175 - Element is displayed:: [[ChromeDriver: chrome on WINDOWS (b2f620778bf7c7354e267ee00e170799)] -> xpath: //input[@class='slds-input searchInputCls']]</small> </font> </div>
<div class="test-event"> <font color="maroon"> <small> &emsp; &emsp;--- 16 Oct 17:20:09 505 - Catched spinner load exception due to Expected condition failed: waiting for ICar.support.WaitUtils$4@636673a3 (tried for 14 second(s) with 500 milliseconds interval)</small> </font> </div>
<div class="test-event"> <font color="maroon"> <small> &emsp; &emsp;--- 16 Oct 17:20:09 505 - <b>14</b> - Spinner Load Wait: (Sync) - ICar.support.WaitUtils.waitForSpinner(WaitUtils.java:225)</small> </font> </div>
<div class="test-event"> <font color="maroon"> <small> &emsp; &emsp;--- 16 Oct 17:20:09 539 - Element is displayed:: [[ChromeDriver: chrome on WINDOWS (b2f620778bf7c7354e267ee00e170799)] -> xpath: //td[@data-label='ProductName']//a]</small> </font> </div>
<div class="test-message">&emsp;5. Performing sorting in search result</div>
<div class="test-event"> <font color="maroon"> <small> &emsp; &emsp;--- 16 Oct 17:20:09 639 - Page URL:: https://www.icarstage.com/custom-search-results?searchtext=ford#gsc.tab=0&gsc.q=ford&gsc.page=1</small> </font> </div>
<div class="test-event"> <font color="maroon"> <small> &emsp; &emsp;--- 16 Oct 17:20:09 639 - <b>0</b> - Page Load Wait: (Sync) - ICar.support.Utils.waitForPageLoad(Utils.java:109)</small> </font> </div>
<div class="test-event"> <font color="maroon"> <small> &emsp; &emsp;--- 16 Oct 17:20:11 786 - Catched spinner load exception due to Expected condition failed: waiting for ICar.support.WaitUtils$4@636673a3 (tried for 2 second(s) with 500 milliseconds interval)</small> </font> </div>
<div class="test-event"> <font color="maroon"> <small> &emsp; &emsp;--- 16 Oct 17:20:11 786 - <b>2</b> - Spinner Load Wait: (Sync) - ICar.support.WaitUtils.waitForSpinner(WaitUtils.java:225)</small> </font> </div>
<div class="test-event"> <font color="maroon"> <small> &emsp; &emsp;--- 16 Oct 17:20:26 968 - Unable to find a element after 6 sec ==> Proxy element for: AjaxElementLocator 'By.cssSelector: select.slds-select'</small> </font> </div>
<div class="test-result"><br><font color="orange"><strong> select for sort not found in page!! </strong></font> <a href=".\ScreenShot\ICar_B2B_TC050_66794380531300.png" target="_blank" >[ScreenShot]</a> </strong></font> 
&emsp;<div class="test-title"> <strong><font size = "3" color = "#0000FF">---Test Execution Ends---</font> </strong> </div>&emsp;
<div class="test-event"> <font color="maroon"> <small> &emsp; &emsp;--- 16 Oct 17:20:27 553 - TestCaseID:: ICar_B2B_TC051</small> </font> </div>
<div class="test-event"> <font color="maroon"> <small> &emsp; &emsp;--- 16 Oct 17:20:29 421 - <b>1</b> - Driver::initialize::Get - ICar.support.WebDriverFactory.getDriver(WebDriverFactory.java:640)</small> </font> </div>
&emsp;<div class="test-title"> <strong><font size = "3" color = "#000080">Verify adding All Live, Online, and Virtual Courses and Learning Plans through Browse Catalog</font> </strong> </div>&emsp;<div><strong>Steps:</strong></div><!-- Report -->&emsp;
<div class="test-event"> <font color="maroon"> <small> &emsp; &emsp;--- 16 Oct 17:20:34 020 - Element is displayed:: [[ChromeDriver: chrome on WINDOWS (67dc1ad3db6fa7fdd0567b463ef3156d)] -> xpath: //a/img[@alt='Login Image']|//button[@id='btn-login']]</small> </font> </div>
<div class="test-event"> <font color="maroon"> <small> &emsp; &emsp;--- 16 Oct 17:20:34 073 - Element is displayed:: [[ChromeDriver: chrome on WINDOWS (67dc1ad3db6fa7fdd0567b463ef3156d)] -> xpath: //a/img[@alt='Login Image']|//button[@id='btn-login']]</small> </font> </div>
<div class="test-message">&emsp;Successfully navigated to 'Home' Page</div>
<div class="test-message">&emsp;1. Home page is launched.</div>
<div class="test-event"> <font color="maroon"> <small> &emsp; &emsp;--- 16 Oct 17:20:34 244 - Page URL:: https://www.icarstage.com/</small> </font> </div>
<div class="test-event"> <font color="maroon"> <small> &emsp; &emsp;--- 16 Oct 17:20:34 244 - <b>0</b> - Page Load Wait: (Sync) - ICar.support.Utils.waitForPageLoad(Utils.java:109)</small> </font> </div>
<div class="test-event"> <font color="maroon"> <small> &emsp; &emsp;--- 16 Oct 17:20:34 284 - Element is displayed:: [[ChromeDriver: chrome on WINDOWS (67dc1ad3db6fa7fdd0567b463ef3156d)] -> xpath: //a/img[@alt='Login Image']|//button[@id='btn-login']]</small> </font> </div>
<div class="test-event"> <font color="maroon"> <small> &emsp; &emsp;--- 16 Oct 17:20:34 334 - Element is displayed:: [[ChromeDriver: chrome on WINDOWS (67dc1ad3db6fa7fdd0567b463ef3156d)] -> xpath: //a/img[@alt='Login Image']|//button[@id='btn-login']]</small> </font> </div>
<div class="test-event"> <font color="maroon"> <small> &emsp; &emsp;--- 16 Oct 17:20:53 020 - Catched spinner load exception due to Expected condition failed: waiting for ICar.support.WaitUtils$4@636673a3 (tried for 15 second(s) with 500 milliseconds interval)</small> </font> </div>
<div class="test-event"> <font color="maroon"> <small> &emsp; &emsp;--- 16 Oct 17:20:53 020 - <b>15</b> - Spinner Load Wait: (Sync) - ICar.support.WaitUtils.waitForSpinner(WaitUtils.java:225)</small> </font> </div>
<div class="test-message">&emsp;2. Login page  should be successfully display</div>
<div class="test-message">&emsp;Successfully navigated to 'Login' Page</div>
<div class="test-event"> <font color="maroon"> <small> &emsp; &emsp;--- 16 Oct 17:20:53 136 - Element is displayed:: [[ChromeDriver: chrome on WINDOWS (67dc1ad3db6fa7fdd0567b463ef3156d)] -> id: username]</small> </font> </div>
<div class="test-event"> <font color="maroon"> <small> &emsp; &emsp;--- 16 Oct 17:20:53 191 - Element is displayed:: [[ChromeDriver: chrome on WINDOWS (67dc1ad3db6fa7fdd0567b463ef3156d)] -> id: username]</small> </font> </div>
<div class="test-event"> <font color="maroon"> <small> &emsp; &emsp;--- 16 Oct 17:20:53 379 - Element is displayed:: [[ChromeDriver: chrome on WINDOWS (67dc1ad3db6fa7fdd0567b463ef3156d)] -> id: password]</small> </font> </div>
<div class="test-event"> <font color="maroon"> <small> &emsp; &emsp;--- 16 Oct 17:20:53 542 - Element is displayed:: [[ChromeDriver: chrome on WINDOWS (67dc1ad3db6fa7fdd0567b463ef3156d)] -> id: btn-login]</small> </font> </div>
<div class="test-event"> <font color="maroon"> <small> &emsp; &emsp;--- 16 Oct 17:20:59 486 - Catched spinner load exception due to Expected condition failed: waiting for ICar.support.WaitUtils$4@636673a3 (tried for 3 second(s) with 500 milliseconds interval)</small> </font> </div>
<div class="test-event"> <font color="maroon"> <small> &emsp; &emsp;--- 16 Oct 17:20:59 486 - <b>5</b> - Spinner Load Wait: (Sync) - ICar.support.WaitUtils.waitForSpinner(WaitUtils.java:225)</small> </font> </div>
<div class="test-event"> <font color="maroon"> <small> &emsp; &emsp;--- 16 Oct 17:21:21 303 - Catched spinner load exception due to Expected condition failed: waiting for ICar.support.WaitUtils$4@636673a3 (tried for 10 second(s) with 500 milliseconds interval)</small> </font> </div>
<div class="test-event"> <font color="maroon"> <small> &emsp; &emsp;--- 16 Oct 17:21:21 303 - <b>10</b> - Spinner Load Wait: (Sync) - ICar.support.WaitUtils.waitForSpinner(WaitUtils.java:225)</small> </font> </div>
<div class="test-event"> <font color="maroon"> <small> &emsp; &emsp;--- 16 Oct 17:21:21 370 - Element is displayed:: [[ChromeDriver: chrome on WINDOWS (67dc1ad3db6fa7fdd0567b463ef3156d)] -> xpath: //button[@value='Launch My Learning']]</small> </font> </div>
<div class="test-message">&emsp;3. Enter the user credentials as : pkelly123</div>
<div class="test-message">&emsp;Successfully navigated to 'User Home' Page</div>
<div class="test-event"> <font color="maroon"> <small> &emsp; &emsp;--- 16 Oct 17:21:21 410 - Element is displayed:: [[ChromeDriver: chrome on WINDOWS (67dc1ad3db6fa7fdd0567b463ef3156d)] -> xpath: //a[contains(text(),'Browse Catalog')]]</small> </font> </div>
<div class="test-event"> <font color="maroon"> <small> &emsp; &emsp;--- 16 Oct 17:21:21 459 - Element is displayed:: [[ChromeDriver: chrome on WINDOWS (67dc1ad3db6fa7fdd0567b463ef3156d)] -> xpath: //a[contains(text(),'Browse Catalog')]]</small> </font> </div>
<div class="test-message">&emsp;4.Clicked on Browse Catalog</div>
<div class="test-event"> <font color="maroon"> <small> &emsp; &emsp;--- 16 Oct 17:21:30 190 - Catched spinner load exception due to Expected condition failed: waiting for ICar.support.WaitUtils$4@636673a3 (tried for 7 second(s) with 500 milliseconds interval)</small> </font> </div>
<div class="test-event"> <font color="maroon"> <small> &emsp; &emsp;--- 16 Oct 17:21:30 190 - <b>7</b> - Spinner Load Wait: (Sync) - ICar.support.WaitUtils.waitForSpinner(WaitUtils.java:225)</small> </font> </div>
<div class="test-event"> <font color="maroon"> <small> &emsp; &emsp;--- 16 Oct 17:21:30 226 - Element is displayed:: [[ChromeDriver: chrome on WINDOWS (67dc1ad3db6fa7fdd0567b463ef3156d)] -> xpath: //section[@class='main-section']//following::li//section[@class='fields-area']//a]</small> </font> </div>
<div class="test-event"> <font color="maroon"> <small> &emsp; &emsp;--- 16 Oct 17:21:30 267 - Element is displayed:: [[ChromeDriver: chrome on WINDOWS (67dc1ad3db6fa7fdd0567b463ef3156d)] -> xpath: //section[@class='main-section']//following::li//section[@class='fields-area']//a]</small> </font> </div>
<div class="test-message">&emsp;5.Clicked on the link All Live, Online, and Virtual Courses and Learning Plans</div>
<div class="test-event"> <font color="maroon"> <small> &emsp; &emsp;--- 16 Oct 17:21:39 375 - Catched spinner load exception due to Expected condition failed: waiting for ICar.support.WaitUtils$4@636673a3 (tried for 7 second(s) with 500 milliseconds interval)</small> </font> </div>
<div class="test-event"> <font color="maroon"> <small> &emsp; &emsp;--- 16 Oct 17:21:39 375 - <b>7</b> - Spinner Load Wait: (Sync) - ICar.support.WaitUtils.waitForSpinner(WaitUtils.java:225)</small> </font> </div>
<!--FAIL-->
<div class="test-result"><br><font color="red"><strong> Index 0 out of bounds for length 0 </strong></font> <a href=".\ScreenShot\ICar_B2B_TC051_66870033550500.png" target="_blank" >[ScreenShot]</a></div>&emsp;
&emsp;<div class="test-title"> <strong><font size = "3" color = "#0000FF">---Test Execution Ends---</font> </strong> </div>&emsp;
<div class="test-event"> <font color="maroon"> <small> &emsp; &emsp;--- 16 Oct 17:21:43 026 - TestCaseID:: ICar_B2B_TC052</small> </font> </div>
<div class="test-event"> <font color="maroon"> <small> &emsp; &emsp;--- 16 Oct 17:21:44 313 - <b>1</b> - Driver::initialize::Get - ICar.support.WebDriverFactory.getDriver(WebDriverFactory.java:640)</small> </font> </div>
&emsp;<div class="test-title"> <strong><font size = "3" color = "#000080">Verify price calculator button is enabled</font> </strong> </div>&emsp;<div><strong>Steps:</strong></div><!-- Report -->&emsp;
<div class="test-event"> <font color="maroon"> <small> &emsp; &emsp;--- 16 Oct 17:21:50 606 - Element is displayed:: [[ChromeDriver: chrome on WINDOWS (1c62c05ac8cb25030cddeaaf51716c5f)] -> xpath: //a/img[@alt='Login Image']|//button[@id='btn-login']]</small> </font> </div>
<div class="test-event"> <font color="maroon"> <small> &emsp; &emsp;--- 16 Oct 17:21:50 657 - Element is displayed:: [[ChromeDriver: chrome on WINDOWS (1c62c05ac8cb25030cddeaaf51716c5f)] -> xpath: //a/img[@alt='Login Image']|//button[@id='btn-login']]</small> </font> </div>
<div class="test-message">&emsp;Successfully navigated to 'Home' Page&emsp;<a href=".\ScreenShot\ICar_B2B_TC052_66878069042500.png" target="_blank" >[ScreenShot]</a></div>
<div class="test-message">&emsp;1. Home page is launched.</div>
<div class="test-event"> <font color="maroon"> <small> &emsp; &emsp;--- 16 Oct 17:21:51 135 - Page URL:: https://www.icarstage.com/</small> </font> </div>
<div class="test-event"> <font color="maroon"> <small> &emsp; &emsp;--- 16 Oct 17:21:51 135 - <b>0</b> - Page Load Wait: (Sync) - ICar.support.Utils.waitForPageLoad(Utils.java:109)</small> </font> </div>
<div class="test-event"> <font color="maroon"> <small> &emsp; &emsp;--- 16 Oct 17:21:51 169 - Element is displayed:: [[ChromeDriver: chrome on WINDOWS (1c62c05ac8cb25030cddeaaf51716c5f)] -> xpath: //a/img[@alt='Login Image']|//button[@id='btn-login']]</small> </font> </div>
<div class="test-event"> <font color="maroon"> <small> &emsp; &emsp;--- 16 Oct 17:21:51 220 - Element is displayed:: [[ChromeDriver: chrome on WINDOWS (1c62c05ac8cb25030cddeaaf51716c5f)] -> xpath: //a/img[@alt='Login Image']|//button[@id='btn-login']]</small> </font> </div>
<div class="test-event"> <font color="maroon"> <small> &emsp; &emsp;--- 16 Oct 17:22:09 479 - Catched spinner load exception due to Expected condition failed: waiting for ICar.support.WaitUtils$4@636673a3 (tried for 15 second(s) with 500 milliseconds interval)</small> </font> </div>
<div class="test-event"> <font color="maroon"> <small> &emsp; &emsp;--- 16 Oct 17:22:09 479 - <b>15</b> - Spinner Load Wait: (Sync) - ICar.support.WaitUtils.waitForSpinner(WaitUtils.java:225)</small> </font> </div>
<div class="test-message">&emsp;2. Login page  should be successfully display</div>
<div class="test-message">&emsp;Successfully navigated to 'Login' Page&emsp;<a href=".\ScreenShot\ICar_B2B_TC052_66896894216600.png" target="_blank" >[ScreenShot]</a></div>
<div class="test-event"> <font color="maroon"> <small> &emsp; &emsp;--- 16 Oct 17:22:10 766 - Element is displayed:: [[ChromeDriver: chrome on WINDOWS (1c62c05ac8cb25030cddeaaf51716c5f)] -> id: username]</small> </font> </div>
<div class="test-event"> <font color="maroon"> <small> &emsp; &emsp;--- 16 Oct 17:22:10 821 - Element is displayed:: [[ChromeDriver: chrome on WINDOWS (1c62c05ac8cb25030cddeaaf51716c5f)] -> id: username]</small> </font> </div>
<div class="test-event"> <font color="maroon"> <small> &emsp; &emsp;--- 16 Oct 17:22:11 017 - Element is displayed:: [[ChromeDriver: chrome on WINDOWS (1c62c05ac8cb25030cddeaaf51716c5f)] -> id: password]</small> </font> </div>
<div class="test-event"> <font color="maroon"> <small> &emsp; &emsp;--- 16 Oct 17:22:11 165 - Element is displayed:: [[ChromeDriver: chrome on WINDOWS (1c62c05ac8cb25030cddeaaf51716c5f)] -> id: btn-login]</small> </font> </div>
<div class="test-event"> <font color="maroon"> <small> &emsp; &emsp;--- 16 Oct 17:22:19 125 - Catched spinner load exception due to Expected condition failed: waiting for ICar.support.WaitUtils$4@636673a3 (tried for 3 second(s) with 500 milliseconds interval)</small> </font> </div>
<div class="test-event"> <font color="maroon"> <small> &emsp; &emsp;--- 16 Oct 17:22:19 125 - <b>7</b> - Spinner Load Wait: (Sync) - ICar.support.WaitUtils.waitForSpinner(WaitUtils.java:225)</small> </font> </div>
<div class="test-event"> <font color="maroon"> <small> &emsp; &emsp;--- 16 Oct 17:22:43 859 - Catched spinner load exception due to Expected condition failed: waiting for ICar.support.WaitUtils$4@636673a3 (tried for 10 second(s) with 500 milliseconds interval)</small> </font> </div>
<div class="test-event"> <font color="maroon"> <small> &emsp; &emsp;--- 16 Oct 17:22:43 860 - <b>10</b> - Spinner Load Wait: (Sync) - ICar.support.WaitUtils.waitForSpinner(WaitUtils.java:225)</small> </font> </div>
<div class="test-event"> <font color="maroon"> <small> &emsp; &emsp;--- 16 Oct 17:22:43 930 - Element is displayed:: [[ChromeDriver: chrome on WINDOWS (1c62c05ac8cb25030cddeaaf51716c5f)] -> xpath: //button[@value='Launch My Learning']]</small> </font> </div>
<div class="test-message">&emsp;3. Enter the user credentials as : pkelly123</div>
<div class="test-message">&emsp;Successfully navigated to 'User Home' Page&emsp;<a href=".\ScreenShot\ICar_B2B_TC052_66931342021599.png" target="_blank" >[ScreenShot]</a></div>
<div class="test-event"> <font color="maroon"> <small> &emsp; &emsp;--- 16 Oct 17:22:44 574 - Element is displayed:: [[ChromeDriver: chrome on WINDOWS (1c62c05ac8cb25030cddeaaf51716c5f)] -> xpath: //a[contains(text(),'Browse Catalog')]]</small> </font> </div>
<div class="test-event"> <font color="maroon"> <small> &emsp; &emsp;--- 16 Oct 17:22:44 629 - Element is displayed:: [[ChromeDriver: chrome on WINDOWS (1c62c05ac8cb25030cddeaaf51716c5f)] -> xpath: //a[contains(text(),'Browse Catalog')]]</small> </font> </div>
<div class="test-message">&emsp;4.Clicked on Browse Catalog</div>
<div class="test-event"> <font color="maroon"> <small> &emsp; &emsp;--- 16 Oct 17:22:53 199 - Catched spinner load exception due to Expected condition failed: waiting for ICar.support.WaitUtils$4@636673a3 (tried for 6 second(s) with 500 milliseconds interval)</small> </font> </div>
<div class="test-event"> <font color="maroon"> <small> &emsp; &emsp;--- 16 Oct 17:22:53 199 - <b>6</b> - Spinner Load Wait: (Sync) - ICar.support.WaitUtils.waitForSpinner(WaitUtils.java:225)</small> </font> </div>
<div class="test-event"> <font color="maroon"> <small> &emsp; &emsp;--- 16 Oct 17:23:01 529 - Catched spinner load exception due to Expected condition failed: waiting for ICar.support.WaitUtils$4@636673a3 (tried for 6 second(s) with 500 milliseconds interval)</small> </font> </div>
<div class="test-event"> <font color="maroon"> <small> &emsp; &emsp;--- 16 Oct 17:23:01 529 - <b>6</b> - Spinner Load Wait: (Sync) - ICar.support.WaitUtils.waitForSpinner(WaitUtils.java:225)</small> </font> </div>
<div class="test-event"> <font color="maroon"> <small> &emsp; &emsp;--- 16 Oct 17:23:01 595 - Element is displayed:: [[ChromeDriver: chrome on WINDOWS (1c62c05ac8cb25030cddeaaf51716c5f)] -> xpath: //lightning-input[@data-filter-id='Welding']//input]</small> </font> </div>
<div class="test-event"> <font color="maroon"> <small> &emsp; &emsp;--- 16 Oct 17:23:07 896 - Catched spinner load exception due to Expected condition failed: waiting for ICar.support.WaitUtils$4@636673a3 (tried for 6 second(s) with 500 milliseconds interval)</small> </font> </div>
<div class="test-event"> <font color="maroon"> <small> &emsp; &emsp;--- 16 Oct 17:23:07 896 - <b>6</b> - Spinner Load Wait: (Sync) - ICar.support.WaitUtils.waitForSpinner(WaitUtils.java:225)</small> </font> </div>
<div class="test-event"> <font color="maroon"> <small> &emsp; &emsp;--- 16 Oct 17:23:09 960 - Element is displayed:: [[ChromeDriver: chrome on WINDOWS (1c62c05ac8cb25030cddeaaf51716c5f)] -> xpath: //section[@class='main-section']//section[@class='fields-area']/a]</small> </font> </div>
<div class="test-event"> <font color="maroon"> <small> &emsp; &emsp;--- 16 Oct 17:23:14 051 - Element is displayed:: [[ChromeDriver: chrome on WINDOWS (1c62c05ac8cb25030cddeaaf51716c5f)] -> xpath: //section[@class='main-section']//section[@class='fields-area']/a]</small> </font> </div>
<div class="test-event"> <font color="maroon"> <small> &emsp; &emsp;--- 16 Oct 17:23:22 246 - Catched spinner load exception due to Expected condition failed: waiting for ICar.support.WaitUtils$4@636673a3 (tried for 6 second(s) with 500 milliseconds interval)</small> </font> </div>
<div class="test-event"> <font color="maroon"> <small> &emsp; &emsp;--- 16 Oct 17:23:22 246 - <b>6</b> - Spinner Load Wait: (Sync) - ICar.support.WaitUtils.waitForSpinner(WaitUtils.java:225)</small> </font> </div>
<div class="test-message">&emsp;5.Clicked on the course'Recertification: Aluminum GMA (MIG) Welding' in Welding Training & Certification</div>
<div class="test-event"> <font color="maroon"> <small> &emsp; &emsp;--- 16 Oct 17:23:22 291 - Element is displayed:: [[ChromeDriver: chrome on WINDOWS (1c62c05ac8cb25030cddeaaf51716c5f)] -> xpath: //a[text()='Use Price Calculator']]</small> </font> </div>
<div class="test-message">&emsp;Price calculator button is displayed and enabled&emsp;<a href=".\ScreenShot\ICar_B2B_TC052_66971772229200.png" target="_blank" >[ScreenShot]</a></div>
<div class="test-result"><br><font color="green"><strong> Test Passed. </strong></font> </div>&emsp;
&emsp;<div class="test-title"> <strong><font size = "3" color = "#0000FF">---Test Execution Ends---</font> </strong> </div>&emsp;
<div class="test-event"> <font color="maroon"> <small> &emsp; &emsp;--- 16 Oct 17:23:24 880 - TestCaseID:: ICar_B2B_TC053</small> </font> </div>
<div class="test-event"> <font color="maroon"> <small> &emsp; &emsp;--- 16 Oct 17:23:29 395 - <b>4</b> - Driver::initialize::Get - ICar.support.WebDriverFactory.getDriver(WebDriverFactory.java:640)</small> </font> </div>
&emsp;<div class="test-title"> <strong><font size = "3" color = "#000080">Verify sorting courses under All Live, Online, and Virtual Courses and Learning Plans link</font> </strong> </div>&emsp;<div><strong>Steps:</strong></div><!-- Report -->&emsp;
<div class="test-event"> <font color="maroon"> <small> &emsp; &emsp;--- 16 Oct 17:23:33 380 - Element is displayed:: [[ChromeDriver: chrome on WINDOWS (ee59eb3908142231b74acd658f00bb65)] -> xpath: //a/img[@alt='Login Image']|//button[@id='btn-login']]</small> </font> </div>
<div class="test-event"> <font color="maroon"> <small> &emsp; &emsp;--- 16 Oct 17:23:33 428 - Element is displayed:: [[ChromeDriver: chrome on WINDOWS (ee59eb3908142231b74acd658f00bb65)] -> xpath: //a/img[@alt='Login Image']|//button[@id='btn-login']]</small> </font> </div>
<div class="test-message">&emsp;Successfully navigated to 'Home' Page&emsp;<a href=".\ScreenShot\ICar_B2B_TC053_66980840619900.png" target="_blank" >[ScreenShot]</a></div>
<div class="test-message">&emsp;1. Home page is launched.</div>
<div class="test-event"> <font color="maroon"> <small> &emsp; &emsp;--- 16 Oct 17:23:33 784 - Page URL:: https://www.icarstage.com/</small> </font> </div>
<div class="test-event"> <font color="maroon"> <small> &emsp; &emsp;--- 16 Oct 17:23:33 785 - <b>0</b> - Page Load Wait: (Sync) - ICar.support.Utils.waitForPageLoad(Utils.java:109)</small> </font> </div>
<div class="test-event"> <font color="maroon"> <small> &emsp; &emsp;--- 16 Oct 17:23:33 824 - Element is displayed:: [[ChromeDriver: chrome on WINDOWS (ee59eb3908142231b74acd658f00bb65)] -> xpath: //a/img[@alt='Login Image']|//button[@id='btn-login']]</small> </font> </div>
<div class="test-event"> <font color="maroon"> <small> &emsp; &emsp;--- 16 Oct 17:23:33 875 - Element is displayed:: [[ChromeDriver: chrome on WINDOWS (ee59eb3908142231b74acd658f00bb65)] -> xpath: //a/img[@alt='Login Image']|//button[@id='btn-login']]</small> </font> </div>
<div class="test-event"> <font color="maroon"> <small> &emsp; &emsp;--- 16 Oct 17:23:52 014 - Catched spinner load exception due to Expected condition failed: waiting for ICar.support.WaitUtils$4@636673a3 (tried for 15 second(s) with 500 milliseconds interval)</small> </font> </div>
<div class="test-event"> <font color="maroon"> <small> &emsp; &emsp;--- 16 Oct 17:23:52 014 - <b>15</b> - Spinner Load Wait: (Sync) - ICar.support.WaitUtils.waitForSpinner(WaitUtils.java:225)</small> </font> </div>
<div class="test-message">&emsp;2. Login page  should be successfully display</div>
<div class="test-message">&emsp;Successfully navigated to 'Login' Page&emsp;<a href=".\ScreenShot\ICar_B2B_TC053_66999429628800.png" target="_blank" >[ScreenShot]</a></div>
<div class="test-event"> <font color="maroon"> <small> &emsp; &emsp;--- 16 Oct 17:23:52 249 - Element is displayed:: [[ChromeDriver: chrome on WINDOWS (ee59eb3908142231b74acd658f00bb65)] -> id: username]</small> </font> </div>
<div class="test-event"> <font color="maroon"> <small> &emsp; &emsp;--- 16 Oct 17:23:52 312 - Element is displayed:: [[ChromeDriver: chrome on WINDOWS (ee59eb3908142231b74acd658f00bb65)] -> id: username]</small> </font> </div>
<div class="test-event"> <font color="maroon"> <small> &emsp; &emsp;--- 16 Oct 17:23:52 504 - Element is displayed:: [[ChromeDriver: chrome on WINDOWS (ee59eb3908142231b74acd658f00bb65)] -> id: password]</small> </font> </div>
<div class="test-event"> <font color="maroon"> <small> &emsp; &emsp;--- 16 Oct 17:23:52 670 - Element is displayed:: [[ChromeDriver: chrome on WINDOWS (ee59eb3908142231b74acd658f00bb65)] -> id: btn-login]</small> </font> </div>
<div class="test-event"> <font color="maroon"> <small> &emsp; &emsp;--- 16 Oct 17:23:59 332 - Catched spinner load exception due to Expected condition failed: waiting for ICar.support.WaitUtils$4@636673a3 (tried for 3 second(s) with 500 milliseconds interval)</small> </font> </div>
<div class="test-event"> <font color="maroon"> <small> &emsp; &emsp;--- 16 Oct 17:23:59 332 - <b>6</b> - Spinner Load Wait: (Sync) - ICar.support.WaitUtils.waitForSpinner(WaitUtils.java:225)</small> </font> </div>
<div class="test-event"> <font color="maroon"> <small> &emsp; &emsp;--- 16 Oct 17:24:21 175 - Catched spinner load exception due to Expected condition failed: waiting for ICar.support.WaitUtils$4@636673a3 (tried for 10 second(s) with 500 milliseconds interval)</small> </font> </div>
<div class="test-event"> <font color="maroon"> <small> &emsp; &emsp;--- 16 Oct 17:24:21 176 - <b>10</b> - Spinner Load Wait: (Sync) - ICar.support.WaitUtils.waitForSpinner(WaitUtils.java:225)</small> </font> </div>
<div class="test-event"> <font color="maroon"> <small> &emsp; &emsp;--- 16 Oct 17:24:21 254 - Element is displayed:: [[ChromeDriver: chrome on WINDOWS (ee59eb3908142231b74acd658f00bb65)] -> xpath: //button[@value='Launch My Learning']]</small> </font> </div>
<div class="test-message">&emsp;3. Enter the user credentials as : pkelly123</div>
<div class="test-message">&emsp;Successfully navigated to 'User Home' Page&emsp;<a href=".\ScreenShot\ICar_B2B_TC053_67028665930899.png" target="_blank" >[ScreenShot]</a></div>
<div class="test-event"> <font color="maroon"> <small> &emsp; &emsp;--- 16 Oct 17:24:21 476 - Element is displayed:: [[ChromeDriver: chrome on WINDOWS (ee59eb3908142231b74acd658f00bb65)] -> xpath: //a[contains(text(),'Browse Catalog')]]</small> </font> </div>
<div class="test-event"> <font color="maroon"> <small> &emsp; &emsp;--- 16 Oct 17:24:21 533 - Element is displayed:: [[ChromeDriver: chrome on WINDOWS (ee59eb3908142231b74acd658f00bb65)] -> xpath: //a[contains(text(),'Browse Catalog')]]</small> </font> </div>
<div class="test-message">&emsp;4.Clicked on Browse Catalog</div>
<div class="test-event"> <font color="maroon"> <small> &emsp; &emsp;--- 16 Oct 17:24:30 161 - Catched spinner load exception due to Expected condition failed: waiting for ICar.support.WaitUtils$4@636673a3 (tried for 7 second(s) with 500 milliseconds interval)</small> </font> </div>
<div class="test-event"> <font color="maroon"> <small> &emsp; &emsp;--- 16 Oct 17:24:30 161 - <b>7</b> - Spinner Load Wait: (Sync) - ICar.support.WaitUtils.waitForSpinner(WaitUtils.java:225)</small> </font> </div>
<div class="test-event"> <font color="maroon"> <small> &emsp; &emsp;--- 16 Oct 17:24:30 195 - Element is displayed:: [[ChromeDriver: chrome on WINDOWS (ee59eb3908142231b74acd658f00bb65)] -> xpath: //section[@class='main-section']//following::li//section[@class='fields-area']//a]</small> </font> </div>
<div class="test-event"> <font color="maroon"> <small> &emsp; &emsp;--- 16 Oct 17:24:30 233 - Element is displayed:: [[ChromeDriver: chrome on WINDOWS (ee59eb3908142231b74acd658f00bb65)] -> xpath: //section[@class='main-section']//following::li//section[@class='fields-area']//a]</small> </font> </div>
<div class="test-message">&emsp;5.Clicked on the link All Live, Online, and Virtual Courses and Learning Plans</div>
<div class="test-event"> <font color="maroon"> <small> &emsp; &emsp;--- 16 Oct 17:24:39 256 - Catched spinner load exception due to Expected condition failed: waiting for ICar.support.WaitUtils$4@636673a3 (tried for 7 second(s) with 500 milliseconds interval)</small> </font> </div>
<div class="test-event"> <font color="maroon"> <small> &emsp; &emsp;--- 16 Oct 17:24:39 256 - <b>7</b> - Spinner Load Wait: (Sync) - ICar.support.WaitUtils.waitForSpinner(WaitUtils.java:225)</small> </font> </div>
<div class="test-message">&emsp;No records are found&emsp;<a href=".\ScreenShot\ICar_B2B_TC053_67049734195300.png" target="_blank" >[ScreenShot]</a></div>
<div class="test-message">&emsp;No records found for the given search criteria&emsp;<a href=".\ScreenShot\ICar_B2B_TC053_67049909236900.png" target="_blank" >[ScreenShot]</a></div>
<div class="test-result"><br><font color="green"><strong> Test Passed. </strong></font> </div>&emsp;
&emsp;<div class="test-title"> <strong><font size = "3" color = "#0000FF">---Test Execution Ends---</font> </strong> </div>&emsp;
<div class="test-event"> <font color="maroon"> <small> &emsp; &emsp;--- 16 Oct 17:24:43 039 - TestCaseID:: ICar_B2B_TC054</small> </font> </div>
<div class="test-event"> <font color="maroon"> <small> &emsp; &emsp;--- 16 Oct 17:24:44 702 - <b>1</b> - Driver::initialize::Get - ICar.support.WebDriverFactory.getDriver(WebDriverFactory.java:640)</small> </font> </div>
&emsp;<div class="test-title"> <strong><font size = "3" color = "#000080">Verify adding multiple training course to cart in Browser Catalog Feature</font> </strong> </div>&emsp;<div><strong>Steps:</strong></div><!-- Report -->&emsp;
<div class="test-event"> <font color="maroon"> <small> &emsp; &emsp;--- 16 Oct 17:24:50 379 - Element is displayed:: [[ChromeDriver: chrome on WINDOWS (0bc3dfb99e2aac2fd18ea5d9c4ff009e)] -> xpath: //a/img[@alt='Login Image']|//button[@id='btn-login']]</small> </font> </div>
<div class="test-event"> <font color="maroon"> <small> &emsp; &emsp;--- 16 Oct 17:24:50 452 - Element is displayed:: [[ChromeDriver: chrome on WINDOWS (0bc3dfb99e2aac2fd18ea5d9c4ff009e)] -> xpath: //a/img[@alt='Login Image']|//button[@id='btn-login']]</small> </font> </div>
<div class="test-message">&emsp;Successfully navigated to 'Home' Page&emsp;<a href=".\ScreenShot\ICar_B2B_TC054_67057864581500.png" target="_blank" >[ScreenShot]</a></div>
<div class="test-message">&emsp;1. Home page is launched.</div>
<div class="test-event"> <font color="maroon"> <small> &emsp; &emsp;--- 16 Oct 17:24:51 091 - Page URL:: https://www.icarstage.com/</small> </font> </div>
<div class="test-event"> <font color="maroon"> <small> &emsp; &emsp;--- 16 Oct 17:24:51 091 - <b>0</b> - Page Load Wait: (Sync) - ICar.support.Utils.waitForPageLoad(Utils.java:109)</small> </font> </div>
<div class="test-event"> <font color="maroon"> <small> &emsp; &emsp;--- 16 Oct 17:24:51 127 - Element is displayed:: [[ChromeDriver: chrome on WINDOWS (0bc3dfb99e2aac2fd18ea5d9c4ff009e)] -> xpath: //a/img[@alt='Login Image']|//button[@id='btn-login']]</small> </font> </div>
<div class="test-event"> <font color="maroon"> <small> &emsp; &emsp;--- 16 Oct 17:24:51 176 - Element is displayed:: [[ChromeDriver: chrome on WINDOWS (0bc3dfb99e2aac2fd18ea5d9c4ff009e)] -> xpath: //a/img[@alt='Login Image']|//button[@id='btn-login']]</small> </font> </div>
<div class="test-event"> <font color="maroon"> <small> &emsp; &emsp;--- 16 Oct 17:25:08 860 - Catched spinner load exception due to Expected condition failed: waiting for ICar.support.WaitUtils$4@636673a3 (tried for 15 second(s) with 500 milliseconds interval)</small> </font> </div>
<div class="test-event"> <font color="maroon"> <small> &emsp; &emsp;--- 16 Oct 17:25:08 860 - <b>15</b> - Spinner Load Wait: (Sync) - ICar.support.WaitUtils.waitForSpinner(WaitUtils.java:225)</small> </font> </div>
<div class="test-message">&emsp;2. Login page  should be successfully display</div>
<div class="test-message">&emsp;Successfully navigated to 'Login' Page&emsp;<a href=".\ScreenShot\ICar_B2B_TC054_67076275940499.png" target="_blank" >[ScreenShot]</a></div>
<div class="test-event"> <font color="maroon"> <small> &emsp; &emsp;--- 16 Oct 17:25:09 055 - Element is displayed:: [[ChromeDriver: chrome on WINDOWS (0bc3dfb99e2aac2fd18ea5d9c4ff009e)] -> id: username]</small> </font> </div>
<div class="test-event"> <font color="maroon"> <small> &emsp; &emsp;--- 16 Oct 17:25:09 115 - Element is displayed:: [[ChromeDriver: chrome on WINDOWS (0bc3dfb99e2aac2fd18ea5d9c4ff009e)] -> id: username]</small> </font> </div>
<div class="test-event"> <font color="maroon"> <small> &emsp; &emsp;--- 16 Oct 17:25:09 309 - Element is displayed:: [[ChromeDriver: chrome on WINDOWS (0bc3dfb99e2aac2fd18ea5d9c4ff009e)] -> id: password]</small> </font> </div>
<div class="test-event"> <font color="maroon"> <small> &emsp; &emsp;--- 16 Oct 17:25:09 481 - Element is displayed:: [[ChromeDriver: chrome on WINDOWS (0bc3dfb99e2aac2fd18ea5d9c4ff009e)] -> id: btn-login]</small> </font> </div>
<div class="test-event"> <font color="maroon"> <small> &emsp; &emsp;--- 16 Oct 17:25:15 035 - Catched spinner load exception due to Expected condition failed: waiting for ICar.support.WaitUtils$4@636673a3 (tried for 3 second(s) with 500 milliseconds interval)</small> </font> </div>
<div class="test-event"> <font color="maroon"> <small> &emsp; &emsp;--- 16 Oct 17:25:15 035 - <b>5</b> - Spinner Load Wait: (Sync) - ICar.support.WaitUtils.waitForSpinner(WaitUtils.java:225)</small> </font> </div>
<div class="test-event"> <font color="maroon"> <small> &emsp; &emsp;--- 16 Oct 17:25:37 070 - Catched spinner load exception due to Expected condition failed: waiting for ICar.support.WaitUtils$4@636673a3 (tried for 10 second(s) with 500 milliseconds interval)</small> </font> </div>
<div class="test-event"> <font color="maroon"> <small> &emsp; &emsp;--- 16 Oct 17:25:37 070 - <b>10</b> - Spinner Load Wait: (Sync) - ICar.support.WaitUtils.waitForSpinner(WaitUtils.java:225)</small> </font> </div>
<div class="test-event"> <font color="maroon"> <small> &emsp; &emsp;--- 16 Oct 17:25:37 138 - Element is displayed:: [[ChromeDriver: chrome on WINDOWS (0bc3dfb99e2aac2fd18ea5d9c4ff009e)] -> xpath: //button[@value='Launch My Learning']]</small> </font> </div>
<div class="test-message">&emsp;3. Enter the user credentials as : pkelly123</div>
<div class="test-message">&emsp;Successfully navigated to 'User Home' Page&emsp;<a href=".\ScreenShot\ICar_B2B_TC054_67104549898100.png" target="_blank" >[ScreenShot]</a></div>
<div class="test-message">&emsp;4. click on link to navigate to Browser catelog and Successfully adding course to the cart</div>
<div class="test-event"> <font color="maroon"> <small> &emsp; &emsp;--- 16 Oct 17:25:37 520 - Page URL:: https://www.icarstage.com/</small> </font> </div>
<div class="test-event"> <font color="maroon"> <small> &emsp; &emsp;--- 16 Oct 17:25:37 520 - <b>0</b> - Page Load Wait: (Sync) - ICar.support.Utils.waitForPageLoad(Utils.java:109)</small> </font> </div>
<div class="test-event"> <font color="maroon"> <small> &emsp; &emsp;--- 16 Oct 17:25:37 575 - Element is displayed:: [[ChromeDriver: chrome on WINDOWS (0bc3dfb99e2aac2fd18ea5d9c4ff009e)] -> xpath: //p[text()='Launch My Learning']]</small> </font> </div>
<div class="test-event"> <font color="maroon"> <small> &emsp; &emsp;--- 16 Oct 17:25:37 733 - Page URL:: https://www.icarstage.com/</small> </font> </div>
<div class="test-event"> <font color="maroon"> <small> &emsp; &emsp;--- 16 Oct 17:25:37 733 - <b>0</b> - Page Load Wait: (Sync) - ICar.support.Utils.waitForPageLoad(Utils.java:109)</small> </font> </div>
<div class="test-event"> <font color="maroon"> <small> &emsp; &emsp;--- 16 Oct 17:25:51 741 - Catched spinner load exception due to Expected condition failed: waiting for ICar.support.WaitUtils$4@636673a3 (tried for 14 second(s) with 500 milliseconds interval)</small> </font> </div>
<div class="test-event"> <font color="maroon"> <small> &emsp; &emsp;--- 16 Oct 17:25:51 741 - <b>14</b> - Spinner Load Wait: (Sync) - ICar.support.WaitUtils.waitForSpinner(WaitUtils.java:225)</small> </font> </div>
<div class="test-event"> <font color="maroon"> <small> &emsp; &emsp;--- 16 Oct 17:25:51 809 - Element is displayed:: [[ChromeDriver: chrome on WINDOWS (0bc3dfb99e2aac2fd18ea5d9c4ff009e)] -> xpath: //a[text()='Browse Catalog']]</small> </font> </div>
<div class="test-event"> <font color="maroon"> <small> &emsp; &emsp;--- 16 Oct 17:25:51 892 - Element is displayed:: [[ChromeDriver: chrome on WINDOWS (0bc3dfb99e2aac2fd18ea5d9c4ff009e)] -> xpath: //a[text()='Browse Catalog']]</small> </font> </div>
<div class="test-event"> <font color="maroon"> <small> &emsp; &emsp;--- 16 Oct 17:25:56 341 - Page URL:: https://www.icarstage.com/browse</small> </font> </div>
<div class="test-event"> <font color="maroon"> <small> &emsp; &emsp;--- 16 Oct 17:25:56 341 - <b>0</b> - Page Load Wait: (Sync) - ICar.support.Utils.waitForPageLoad(Utils.java:109)</small> </font> </div>
<div class="test-event"> <font color="maroon"> <small> &emsp; &emsp;--- 16 Oct 17:26:11 386 - Catched spinner load exception due to Expected condition failed: waiting for ICar.support.WaitUtils$4@636673a3 (tried for 15 second(s) with 500 milliseconds interval)</small> </font> </div>
<div class="test-event"> <font color="maroon"> <small> &emsp; &emsp;--- 16 Oct 17:26:11 386 - Spinner Load Wait</small> </font> </div>
<div class="test-event"> <font color="maroon"> <small> &emsp; &emsp;--- 16 Oct 17:26:11 421 - Element is displayed:: [[ChromeDriver: chrome on WINDOWS (0bc3dfb99e2aac2fd18ea5d9c4ff009e)] -> xpath: //article[contains(@class,'slds-box card-layout-grid mobile-margin padding-bottom')]]</small> </font> </div>
<div class="test-event"> <font color="maroon"> <small> &emsp; &emsp;--- 16 Oct 17:26:18 697 - Catched spinner load exception due to Expected condition failed: waiting for ICar.support.WaitUtils$4@636673a3 (tried for 7 second(s) with 500 milliseconds interval)</small> </font> </div>
<div class="test-event"> <font color="maroon"> <small> &emsp; &emsp;--- 16 Oct 17:26:18 697 - <b>7</b> - Spinner Load Wait: (Sync) - ICar.support.WaitUtils.waitForSpinner(WaitUtils.java:225)</small> </font> </div>
<div class="test-event"> <font color="maroon"> <small> &emsp; &emsp;--- 16 Oct 17:27:04 498 - Page URL:: https://www.icarstage.com/browse</small> </font> </div>
<div class="test-event"> <font color="maroon"> <small> &emsp; &emsp;--- 16 Oct 17:27:04 498 - <b>0</b> - Page Load Wait: (Sync) - ICar.support.Utils.waitForPageLoad(Utils.java:109)</small> </font> </div>
<div class="test-event"> <font color="maroon"> <small> &emsp; &emsp;--- 16 Oct 17:27:49 956 - Unable to find an element after 10 sec ==> Proxy element for: AjaxElementLocator 'By.xpath: //button[text()='Add to Cart']'</small> </font> </div>
<div class="test-event"> <font color="maroon"> <small> &emsp; &emsp;--- 16 Oct 17:27:52 995 - Moved to element..</small> </font> </div>
<div class="test-event"> <font color="maroon"> <small> &emsp; &emsp;--- 16 Oct 17:28:06 610 - Unable to find a element after 10 sec ==> Proxy element for: AjaxElementLocator 'By.xpath: //button[text()='Add to Cart']'</small> </font> </div>
<div class="test-event"> <font color="maroon"> <small> &emsp; &emsp;--- 16 Oct 17:28:19 911 - Unable to find a element after 10 sec ==> Proxy element for: AjaxElementLocator 'By.xpath: //button[text()='Add to Cart']'</small> </font> </div>
<!--FAIL-->
<div class="test-result"><br><font color="red"><strong> meesage not found in page!! </strong></font> <a href=".\ScreenShot\ICar_B2B_TC054_67270583252800.png" target="_blank" >[ScreenShot]</a></div>&emsp;
&emsp;<div class="test-title"> <strong><font size = "3" color = "#0000FF">---Test Execution Ends---</font> </strong> </div>&emsp;
<div class="test-event"> <font color="maroon"> <small> &emsp; &emsp;--- 16 Oct 17:28:23 871 - TestCaseID:: ICar_B2B_TC061</small> </font> </div>
<div class="test-event"> <font color="maroon"> <small> &emsp; &emsp;--- 16 Oct 17:28:24 912 - <b>1</b> - Driver::initialize::Get - ICar.support.WebDriverFactory.getDriver(WebDriverFactory.java:640)</small> </font> </div>
&emsp;<div class="test-title"> <strong><font size = "3" color = "#000080">Verify grid and list view under All Live, Online, and Virtual Courses and Learning Plans link</font> </strong> </div>&emsp;<div><strong>Steps:</strong></div><!-- Report -->&emsp;
<div class="test-event"> <font color="maroon"> <small> &emsp; &emsp;--- 16 Oct 17:28:30 761 - Element is displayed:: [[ChromeDriver: chrome on WINDOWS (df73aa1852f0b32306662473bb77339a)] -> xpath: //a/img[@alt='Login Image']|//button[@id='btn-login']]</small> </font> </div>
<div class="test-event"> <font color="maroon"> <small> &emsp; &emsp;--- 16 Oct 17:28:30 812 - Element is displayed:: [[ChromeDriver: chrome on WINDOWS (df73aa1852f0b32306662473bb77339a)] -> xpath: //a/img[@alt='Login Image']|//button[@id='btn-login']]</small> </font> </div>
<div class="test-message">&emsp;Successfully navigated to 'Home' Page&emsp;<a href=".\ScreenShot\ICar_B2B_TC061_67278224356900.png" target="_blank" >[ScreenShot]</a></div>
<div class="test-message">&emsp;1. Home page is launched.</div>
<div class="test-event"> <font color="maroon"> <small> &emsp; &emsp;--- 16 Oct 17:28:31 449 - Page URL:: https://www.icarstage.com/</small> </font> </div>
<div class="test-event"> <font color="maroon"> <small> &emsp; &emsp;--- 16 Oct 17:28:31 449 - <b>0</b> - Page Load Wait: (Sync) - ICar.support.Utils.waitForPageLoad(Utils.java:109)</small> </font> </div>
<div class="test-event"> <font color="maroon"> <small> &emsp; &emsp;--- 16 Oct 17:28:31 542 - Element is displayed:: [[ChromeDriver: chrome on WINDOWS (df73aa1852f0b32306662473bb77339a)] -> xpath: //a/img[@alt='Login Image']|//button[@id='btn-login']]</small> </font> </div>
<div class="test-event"> <font color="maroon"> <small> &emsp; &emsp;--- 16 Oct 17:28:31 595 - Element is displayed:: [[ChromeDriver: chrome on WINDOWS (df73aa1852f0b32306662473bb77339a)] -> xpath: //a/img[@alt='Login Image']|//button[@id='btn-login']]</small> </font> </div>
<div class="test-event"> <font color="maroon"> <small> &emsp; &emsp;--- 16 Oct 17:28:50 042 - Catched spinner load exception due to Expected condition failed: waiting for ICar.support.WaitUtils$4@636673a3 (tried for 15 second(s) with 500 milliseconds interval)</small> </font> </div>
<div class="test-event"> <font color="maroon"> <small> &emsp; &emsp;--- 16 Oct 17:28:50 042 - <b>15</b> - Spinner Load Wait: (Sync) - ICar.support.WaitUtils.waitForSpinner(WaitUtils.java:225)</small> </font> </div>
<div class="test-message">&emsp;2. Login page  should be successfully display</div>
<div class="test-message">&emsp;Successfully navigated to 'Login' Page&emsp;<a href=".\ScreenShot\ICar_B2B_TC061_67297457906900.png" target="_blank" >[ScreenShot]</a></div>
<div class="test-event"> <font color="maroon"> <small> &emsp; &emsp;--- 16 Oct 17:28:50 238 - Element is displayed:: [[ChromeDriver: chrome on WINDOWS (df73aa1852f0b32306662473bb77339a)] -> id: username]</small> </font> </div>
<div class="test-event"> <font color="maroon"> <small> &emsp; &emsp;--- 16 Oct 17:28:50 292 - Element is displayed:: [[ChromeDriver: chrome on WINDOWS (df73aa1852f0b32306662473bb77339a)] -> id: username]</small> </font> </div>
<div class="test-event"> <font color="maroon"> <small> &emsp; &emsp;--- 16 Oct 17:28:50 501 - Element is displayed:: [[ChromeDriver: chrome on WINDOWS (df73aa1852f0b32306662473bb77339a)] -> id: password]</small> </font> </div>
<div class="test-event"> <font color="maroon"> <small> &emsp; &emsp;--- 16 Oct 17:28:50 667 - Element is displayed:: [[ChromeDriver: chrome on WINDOWS (df73aa1852f0b32306662473bb77339a)] -> id: btn-login]</small> </font> </div>
<div class="test-event"> <font color="maroon"> <small> &emsp; &emsp;--- 16 Oct 17:28:56 708 - Catched spinner load exception due to Expected condition failed: waiting for ICar.support.WaitUtils$4@636673a3 (tried for 3 second(s) with 500 milliseconds interval)</small> </font> </div>
<div class="test-event"> <font color="maroon"> <small> &emsp; &emsp;--- 16 Oct 17:28:56 708 - <b>6</b> - Spinner Load Wait: (Sync) - ICar.support.WaitUtils.waitForSpinner(WaitUtils.java:225)</small> </font> </div>
<div class="test-event"> <font color="maroon"> <small> &emsp; &emsp;--- 16 Oct 17:29:18 580 - Catched spinner load exception due to Expected condition failed: waiting for ICar.support.WaitUtils$4@636673a3 (tried for 10 second(s) with 500 milliseconds interval)</small> </font> </div>
<div class="test-event"> <font color="maroon"> <small> &emsp; &emsp;--- 16 Oct 17:29:18 580 - <b>10</b> - Spinner Load Wait: (Sync) - ICar.support.WaitUtils.waitForSpinner(WaitUtils.java:225)</small> </font> </div>
<div class="test-event"> <font color="maroon"> <small> &emsp; &emsp;--- 16 Oct 17:29:18 651 - Element is displayed:: [[ChromeDriver: chrome on WINDOWS (df73aa1852f0b32306662473bb77339a)] -> xpath: //button[@value='Launch My Learning']]</small> </font> </div>
<div class="test-message">&emsp;3. Enter the user credentials as : pkelly123</div>
<div class="test-message">&emsp;Successfully navigated to 'User Home' Page&emsp;<a href=".\ScreenShot\ICar_B2B_TC061_67326062315699.png" target="_blank" >[ScreenShot]</a></div>
<div class="test-event"> <font color="maroon"> <small> &emsp; &emsp;--- 16 Oct 17:29:18 855 - Element is displayed:: [[ChromeDriver: chrome on WINDOWS (df73aa1852f0b32306662473bb77339a)] -> xpath: //a[contains(text(),'Browse Catalog')]]</small> </font> </div>
<div class="test-event"> <font color="maroon"> <small> &emsp; &emsp;--- 16 Oct 17:29:18 911 - Element is displayed:: [[ChromeDriver: chrome on WINDOWS (df73aa1852f0b32306662473bb77339a)] -> xpath: //a[contains(text(),'Browse Catalog')]]</small> </font> </div>
<div class="test-message">&emsp;4.Clicked on Browse Catalog</div>
<div class="test-event"> <font color="maroon"> <small> &emsp; &emsp;--- 16 Oct 17:29:27 458 - Catched spinner load exception due to Expected condition failed: waiting for ICar.support.WaitUtils$4@636673a3 (tried for 7 second(s) with 500 milliseconds interval)</small> </font> </div>
<div class="test-event"> <font color="maroon"> <small> &emsp; &emsp;--- 16 Oct 17:29:27 458 - <b>7</b> - Spinner Load Wait: (Sync) - ICar.support.WaitUtils.waitForSpinner(WaitUtils.java:225)</small> </font> </div>
<div class="test-event"> <font color="maroon"> <small> &emsp; &emsp;--- 16 Oct 17:29:27 499 - Element is displayed:: [[ChromeDriver: chrome on WINDOWS (df73aa1852f0b32306662473bb77339a)] -> xpath: //section[@class='main-section']//following::li//section[@class='fields-area']//a]</small> </font> </div>
<div class="test-event"> <font color="maroon"> <small> &emsp; &emsp;--- 16 Oct 17:29:27 543 - Element is displayed:: [[ChromeDriver: chrome on WINDOWS (df73aa1852f0b32306662473bb77339a)] -> xpath: //section[@class='main-section']//following::li//section[@class='fields-area']//a]</small> </font> </div>
<div class="test-message">&emsp;5.Clicked on the link All Live, Online, and Virtual Courses and Learning Plans</div>
<div class="test-event"> <font color="maroon"> <small> &emsp; &emsp;--- 16 Oct 17:29:36 631 - Catched spinner load exception due to Expected condition failed: waiting for ICar.support.WaitUtils$4@636673a3 (tried for 7 second(s) with 500 milliseconds interval)</small> </font> </div>
<div class="test-event"> <font color="maroon"> <small> &emsp; &emsp;--- 16 Oct 17:29:36 631 - <b>7</b> - Spinner Load Wait: (Sync) - ICar.support.WaitUtils.waitForSpinner(WaitUtils.java:225)</small> </font> </div>
<div class="test-event"> <font color="maroon"> <small> &emsp; &emsp;--- 16 Oct 17:30:22 351 - Unable to find an element after 10 sec ==> Proxy element for: AjaxElementLocator 'By.xpath: //lightning-icon[@class='slds-icon-utility-rows slds-icon_container']/child::*/child::*'</small> </font> </div>
<div class="test-event"> <font color="maroon"> <small> &emsp; &emsp;--- 16 Oct 17:30:25 395 - Moved to element..</small> </font> </div>
<div class="test-event"> <font color="maroon"> <small> &emsp; &emsp;--- 16 Oct 17:30:38 995 - Unable to find a element after 10 sec ==> Proxy element for: AjaxElementLocator 'By.xpath: //lightning-icon[@class='slds-icon-utility-rows slds-icon_container']/child::*/child::*'</small> </font> </div>
<!--FAIL-->
<div class="test-result"><br><font color="red"><strong> Click on List view Icon not found in page!! </strong></font> <a href=".\ScreenShot\ICar_B2B_TC061_67406406972200.png" target="_blank" >[ScreenShot]</a></div>&emsp;
&emsp;<div class="test-title"> <strong><font size = "3" color = "#0000FF">---Test Execution Ends---</font> </strong> </div>&emsp;
<div class="test-event"> <font color="maroon"> <small> &emsp; &emsp;--- 16 Oct 17:30:39 671 - TestCaseID:: ICar_B2B_TC062</small> </font> </div>
<div class="test-event"> <font color="maroon"> <small> &emsp; &emsp;--- 16 Oct 17:30:40 890 - <b>1</b> - Driver::initialize::Get - ICar.support.WebDriverFactory.getDriver(WebDriverFactory.java:640)</small> </font> </div>
&emsp;<div class="test-title"> <strong><font size = "3" color = "#000080">Verify sorting courses under All Live, Online, and Virtual Courses and Learning Plans link</font> </strong> </div>&emsp;<div><strong>Steps:</strong></div><!-- Report -->&emsp;
<div class="test-event"> <font color="maroon"> <small> &emsp; &emsp;--- 16 Oct 17:30:46 092 - Element is displayed:: [[ChromeDriver: chrome on WINDOWS (c171262be4d6b00aaf9a657a875f8c3c)] -> xpath: //a/img[@alt='Login Image']|//button[@id='btn-login']]</small> </font> </div>
<div class="test-event"> <font color="maroon"> <small> &emsp; &emsp;--- 16 Oct 17:30:46 147 - Element is displayed:: [[ChromeDriver: chrome on WINDOWS (c171262be4d6b00aaf9a657a875f8c3c)] -> xpath: //a/img[@alt='Login Image']|//button[@id='btn-login']]</small> </font> </div>
<div class="test-message">&emsp;Successfully navigated to 'Home' Page&emsp;<a href=".\ScreenShot\ICar_B2B_TC062_67413559184500.png" target="_blank" >[ScreenShot]</a></div>
<div class="test-message">&emsp;1. Home page is launched.</div>
<div class="test-event"> <font color="maroon"> <small> &emsp; &emsp;--- 16 Oct 17:30:47 208 - Page URL:: https://www.icarstage.com/</small> </font> </div>
<div class="test-event"> <font color="maroon"> <small> &emsp; &emsp;--- 16 Oct 17:30:47 208 - <b>0</b> - Page Load Wait: (Sync) - ICar.support.Utils.waitForPageLoad(Utils.java:109)</small> </font> </div>
<div class="test-event"> <font color="maroon"> <small> &emsp; &emsp;--- 16 Oct 17:30:47 274 - Element is displayed:: [[ChromeDriver: chrome on WINDOWS (c171262be4d6b00aaf9a657a875f8c3c)] -> xpath: //a/img[@alt='Login Image']|//button[@id='btn-login']]</small> </font> </div>
<div class="test-event"> <font color="maroon"> <small> &emsp; &emsp;--- 16 Oct 17:30:47 371 - Element is displayed:: [[ChromeDriver: chrome on WINDOWS (c171262be4d6b00aaf9a657a875f8c3c)] -> xpath: //a/img[@alt='Login Image']|//button[@id='btn-login']]</small> </font> </div>
<div class="test-event"> <font color="maroon"> <small> &emsp; &emsp;--- 16 Oct 17:31:05 070 - Catched spinner load exception due to Expected condition failed: waiting for ICar.support.WaitUtils$4@636673a3 (tried for 15 second(s) with 500 milliseconds interval)</small> </font> </div>
<div class="test-event"> <font color="maroon"> <small> &emsp; &emsp;--- 16 Oct 17:31:05 070 - <b>15</b> - Spinner Load Wait: (Sync) - ICar.support.WaitUtils.waitForSpinner(WaitUtils.java:225)</small> </font> </div>
<div class="test-message">&emsp;2. Login page  should be successfully display</div>
<div class="test-message">&emsp;Successfully navigated to 'Login' Page&emsp;<a href=".\ScreenShot\ICar_B2B_TC062_67432485276499.png" target="_blank" >[ScreenShot]</a></div>
<div class="test-event"> <font color="maroon"> <small> &emsp; &emsp;--- 16 Oct 17:31:05 258 - Element is displayed:: [[ChromeDriver: chrome on WINDOWS (c171262be4d6b00aaf9a657a875f8c3c)] -> id: username]</small> </font> </div>
<div class="test-event"> <font color="maroon"> <small> &emsp; &emsp;--- 16 Oct 17:31:05 309 - Element is displayed:: [[ChromeDriver: chrome on WINDOWS (c171262be4d6b00aaf9a657a875f8c3c)] -> id: username]</small> </font> </div>
<div class="test-event"> <font color="maroon"> <small> &emsp; &emsp;--- 16 Oct 17:31:05 516 - Element is displayed:: [[ChromeDriver: chrome on WINDOWS (c171262be4d6b00aaf9a657a875f8c3c)] -> id: password]</small> </font> </div>
<div class="test-event"> <font color="maroon"> <small> &emsp; &emsp;--- 16 Oct 17:31:05 682 - Element is displayed:: [[ChromeDriver: chrome on WINDOWS (c171262be4d6b00aaf9a657a875f8c3c)] -> id: btn-login]</small> </font> </div>
<div class="test-event"> <font color="maroon"> <small> &emsp; &emsp;--- 16 Oct 17:31:12 077 - Catched spinner load exception due to Expected condition failed: waiting for ICar.support.WaitUtils$4@636673a3 (tried for 3 second(s) with 500 milliseconds interval)</small> </font> </div>
<div class="test-event"> <font color="maroon"> <small> &emsp; &emsp;--- 16 Oct 17:31:12 077 - <b>6</b> - Spinner Load Wait: (Sync) - ICar.support.WaitUtils.waitForSpinner(WaitUtils.java:225)</small> </font> </div>
<div class="test-event"> <font color="maroon"> <small> &emsp; &emsp;--- 16 Oct 17:31:33 797 - Catched spinner load exception due to Expected condition failed: waiting for ICar.support.WaitUtils$4@636673a3 (tried for 10 second(s) with 500 milliseconds interval)</small> </font> </div>
<div class="test-event"> <font color="maroon"> <small> &emsp; &emsp;--- 16 Oct 17:31:33 798 - <b>10</b> - Spinner Load Wait: (Sync) - ICar.support.WaitUtils.waitForSpinner(WaitUtils.java:225)</small> </font> </div>
<div class="test-event"> <font color="maroon"> <small> &emsp; &emsp;--- 16 Oct 17:31:33 883 - Element is displayed:: [[ChromeDriver: chrome on WINDOWS (c171262be4d6b00aaf9a657a875f8c3c)] -> xpath: //button[@value='Launch My Learning']]</small> </font> </div>
<div class="test-message">&emsp;3. Enter the user credentials as : pkelly123</div>
<div class="test-message">&emsp;Successfully navigated to 'User Home' Page&emsp;<a href=".\ScreenShot\ICar_B2B_TC062_67461294712600.png" target="_blank" >[ScreenShot]</a></div>
<div class="test-event"> <font color="maroon"> <small> &emsp; &emsp;--- 16 Oct 17:31:34 104 - Element is displayed:: [[ChromeDriver: chrome on WINDOWS (c171262be4d6b00aaf9a657a875f8c3c)] -> xpath: //a[contains(text(),'Browse Catalog')]]</small> </font> </div>
<div class="test-event"> <font color="maroon"> <small> &emsp; &emsp;--- 16 Oct 17:31:34 155 - Element is displayed:: [[ChromeDriver: chrome on WINDOWS (c171262be4d6b00aaf9a657a875f8c3c)] -> xpath: //a[contains(text(),'Browse Catalog')]]</small> </font> </div>
<div class="test-message">&emsp;4.Clicked on Browse Catalog</div>
<div class="test-event"> <font color="maroon"> <small> &emsp; &emsp;--- 16 Oct 17:31:43 272 - Catched spinner load exception due to Expected condition failed: waiting for ICar.support.WaitUtils$4@636673a3 (tried for 7 second(s) with 500 milliseconds interval)</small> </font> </div>
<div class="test-event"> <font color="maroon"> <small> &emsp; &emsp;--- 16 Oct 17:31:43 272 - <b>7</b> - Spinner Load Wait: (Sync) - ICar.support.WaitUtils.waitForSpinner(WaitUtils.java:225)</small> </font> </div>
<div class="test-event"> <font color="maroon"> <small> &emsp; &emsp;--- 16 Oct 17:31:43 335 - Element is displayed:: [[ChromeDriver: chrome on WINDOWS (c171262be4d6b00aaf9a657a875f8c3c)] -> xpath: //section[@class='main-section']//following::li//section[@class='fields-area']//a]</small> </font> </div>
<div class="test-event"> <font color="maroon"> <small> &emsp; &emsp;--- 16 Oct 17:31:43 375 - Element is displayed:: [[ChromeDriver: chrome on WINDOWS (c171262be4d6b00aaf9a657a875f8c3c)] -> xpath: //section[@class='main-section']//following::li//section[@class='fields-area']//a]</small> </font> </div>
<div class="test-message">&emsp;5.Clicked on the link All Live, Online, and Virtual Courses and Learning Plans</div>
<div class="test-event"> <font color="maroon"> <small> &emsp; &emsp;--- 16 Oct 17:31:52 484 - Catched spinner load exception due to Expected condition failed: waiting for ICar.support.WaitUtils$4@636673a3 (tried for 7 second(s) with 500 milliseconds interval)</small> </font> </div>
<div class="test-event"> <font color="maroon"> <small> &emsp; &emsp;--- 16 Oct 17:31:52 484 - <b>7</b> - Spinner Load Wait: (Sync) - ICar.support.WaitUtils.waitForSpinner(WaitUtils.java:225)</small> </font> </div>
<div class="test-message">&emsp;No records are found&emsp;<a href=".\ScreenShot\ICar_B2B_TC062_67483153656400.png" target="_blank" >[ScreenShot]</a></div>
<div class="test-message">&emsp;No records found for the given search criteria&emsp;<a href=".\ScreenShot\ICar_B2B_TC062_67483345759599.png" target="_blank" >[ScreenShot]</a></div>
<div class="test-result"><br><font color="green"><strong> Test Passed. </strong></font> </div>&emsp;
&emsp;<div class="test-title"> <strong><font size = "3" color = "#0000FF">---Test Execution Ends---</font> </strong> </div>&emsp;
<div class="test-event"> <font color="maroon"> <small> &emsp; &emsp;--- 16 Oct 17:31:56 642 - TestCaseID:: ICar_B2B_TC063</small> </font> </div>
<div class="test-event"> <font color="maroon"> <small> &emsp; &emsp;--- 16 Oct 17:31:57 513 - <b>0</b> - Driver::initialize::Get - ICar.support.WebDriverFactory.getDriver(WebDriverFactory.java:640)</small> </font> </div>
&emsp;<div class="test-title"> <strong><font size = "3" color = "#000080">Verify sorting courses under All Live, Online, and Virtual Courses and Learning Plans link</font> </strong> </div>&emsp;<div><strong>Steps:</strong></div><!-- Report -->&emsp;
<div class="test-event"> <font color="maroon"> <small> &emsp; &emsp;--- 16 Oct 17:32:03 202 - Element is displayed:: [[ChromeDriver: chrome on WINDOWS (63b2489dfe9ba447ba0871badb86974c)] -> xpath: //a/img[@alt='Login Image']|//button[@id='btn-login']]</small> </font> </div>
<div class="test-event"> <font color="maroon"> <small> &emsp; &emsp;--- 16 Oct 17:32:03 280 - Element is displayed:: [[ChromeDriver: chrome on WINDOWS (63b2489dfe9ba447ba0871badb86974c)] -> xpath: //a/img[@alt='Login Image']|//button[@id='btn-login']]</small> </font> </div>
<div class="test-message">&emsp;Successfully navigated to 'Home' Page&emsp;<a href=".\ScreenShot\ICar_B2B_TC063_67490692135200.png" target="_blank" >[ScreenShot]</a></div>
<div class="test-message">&emsp;1. Home page is launched.</div>
<div class="test-event"> <font color="maroon"> <small> &emsp; &emsp;--- 16 Oct 17:32:03 650 - Page URL:: https://www.icarstage.com/</small> </font> </div>
<div class="test-event"> <font color="maroon"> <small> &emsp; &emsp;--- 16 Oct 17:32:03 650 - <b>0</b> - Page Load Wait: (Sync) - ICar.support.Utils.waitForPageLoad(Utils.java:109)</small> </font> </div>
<div class="test-event"> <font color="maroon"> <small> &emsp; &emsp;--- 16 Oct 17:32:03 689 - Element is displayed:: [[ChromeDriver: chrome on WINDOWS (63b2489dfe9ba447ba0871badb86974c)] -> xpath: //a/img[@alt='Login Image']|//button[@id='btn-login']]</small> </font> </div>
<div class="test-event"> <font color="maroon"> <small> &emsp; &emsp;--- 16 Oct 17:32:03 738 - Element is displayed:: [[ChromeDriver: chrome on WINDOWS (63b2489dfe9ba447ba0871badb86974c)] -> xpath: //a/img[@alt='Login Image']|//button[@id='btn-login']]</small> </font> </div>
<div class="test-event"> <font color="maroon"> <small> &emsp; &emsp;--- 16 Oct 17:32:21 759 - Catched spinner load exception due to Expected condition failed: waiting for ICar.support.WaitUtils$4@636673a3 (tried for 15 second(s) with 500 milliseconds interval)</small> </font> </div>
<div class="test-event"> <font color="maroon"> <small> &emsp; &emsp;--- 16 Oct 17:32:21 759 - <b>15</b> - Spinner Load Wait: (Sync) - ICar.support.WaitUtils.waitForSpinner(WaitUtils.java:225)</small> </font> </div>
<div class="test-message">&emsp;2. Login page  should be successfully display</div>
<div class="test-message">&emsp;Successfully navigated to 'Login' Page&emsp;<a href=".\ScreenShot\ICar_B2B_TC063_67509174277900.png" target="_blank" >[ScreenShot]</a></div>
<div class="test-event"> <font color="maroon"> <small> &emsp; &emsp;--- 16 Oct 17:32:21 946 - Element is displayed:: [[ChromeDriver: chrome on WINDOWS (63b2489dfe9ba447ba0871badb86974c)] -> id: username]</small> </font> </div>
<div class="test-event"> <font color="maroon"> <small> &emsp; &emsp;--- 16 Oct 17:32:21 998 - Element is displayed:: [[ChromeDriver: chrome on WINDOWS (63b2489dfe9ba447ba0871badb86974c)] -> id: username]</small> </font> </div>
<div class="test-event"> <font color="maroon"> <small> &emsp; &emsp;--- 16 Oct 17:32:22 203 - Element is displayed:: [[ChromeDriver: chrome on WINDOWS (63b2489dfe9ba447ba0871badb86974c)] -> id: password]</small> </font> </div>
<div class="test-event"> <font color="maroon"> <small> &emsp; &emsp;--- 16 Oct 17:32:22 367 - Element is displayed:: [[ChromeDriver: chrome on WINDOWS (63b2489dfe9ba447ba0871badb86974c)] -> id: btn-login]</small> </font> </div>
<div class="test-event"> <font color="maroon"> <small> &emsp; &emsp;--- 16 Oct 17:32:27 458 - Catched spinner load exception due to Expected condition failed: waiting for ICar.support.WaitUtils$4@636673a3 (tried for 3 second(s) with 500 milliseconds interval)</small> </font> </div>
<div class="test-event"> <font color="maroon"> <small> &emsp; &emsp;--- 16 Oct 17:32:27 458 - <b>5</b> - Spinner Load Wait: (Sync) - ICar.support.WaitUtils.waitForSpinner(WaitUtils.java:225)</small> </font> </div>
<div class="test-event"> <font color="maroon"> <small> &emsp; &emsp;--- 16 Oct 17:32:49 178 - Catched spinner load exception due to Expected condition failed: waiting for ICar.support.WaitUtils$4@636673a3 (tried for 10 second(s) with 500 milliseconds interval)</small> </font> </div>
<div class="test-event"> <font color="maroon"> <small> &emsp; &emsp;--- 16 Oct 17:32:49 178 - <b>10</b> - Spinner Load Wait: (Sync) - ICar.support.WaitUtils.waitForSpinner(WaitUtils.java:225)</small> </font> </div>
<div class="test-event"> <font color="maroon"> <small> &emsp; &emsp;--- 16 Oct 17:32:49 249 - Element is displayed:: [[ChromeDriver: chrome on WINDOWS (63b2489dfe9ba447ba0871badb86974c)] -> xpath: //button[@value='Launch My Learning']]</small> </font> </div>
<div class="test-message">&emsp;3. Enter the user credentials as : pkelly123</div>
<div class="test-message">&emsp;Successfully navigated to 'User Home' Page&emsp;<a href=".\ScreenShot\ICar_B2B_TC063_67536661368700.png" target="_blank" >[ScreenShot]</a></div>
<div class="test-event"> <font color="maroon"> <small> &emsp; &emsp;--- 16 Oct 17:32:49 481 - Element is displayed:: [[ChromeDriver: chrome on WINDOWS (63b2489dfe9ba447ba0871badb86974c)] -> xpath: //a[contains(text(),'Browse Catalog')]]</small> </font> </div>
<div class="test-event"> <font color="maroon"> <small> &emsp; &emsp;--- 16 Oct 17:32:49 545 - Element is displayed:: [[ChromeDriver: chrome on WINDOWS (63b2489dfe9ba447ba0871badb86974c)] -> xpath: //a[contains(text(),'Browse Catalog')]]</small> </font> </div>
<div class="test-message">&emsp;4.Clicked on Browse Catalog</div>
<div class="test-event"> <font color="maroon"> <small> &emsp; &emsp;--- 16 Oct 17:32:58 261 - Catched spinner load exception due to Expected condition failed: waiting for ICar.support.WaitUtils$4@636673a3 (tried for 7 second(s) with 500 milliseconds interval)</small> </font> </div>
<div class="test-event"> <font color="maroon"> <small> &emsp; &emsp;--- 16 Oct 17:32:58 261 - <b>7</b> - Spinner Load Wait: (Sync) - ICar.support.WaitUtils.waitForSpinner(WaitUtils.java:225)</small> </font> </div>
<div class="test-event"> <font color="maroon"> <small> &emsp; &emsp;--- 16 Oct 17:32:58 309 - Element is displayed:: [[ChromeDriver: chrome on WINDOWS (63b2489dfe9ba447ba0871badb86974c)] -> xpath: //section[@class='main-section']//following::li//section[@class='fields-area']//a]</small> </font> </div>
<div class="test-event"> <font color="maroon"> <small> &emsp; &emsp;--- 16 Oct 17:32:58 350 - Element is displayed:: [[ChromeDriver: chrome on WINDOWS (63b2489dfe9ba447ba0871badb86974c)] -> xpath: //section[@class='main-section']//following::li//section[@class='fields-area']//a]</small> </font> </div>
<div class="test-message">&emsp;5.Clicked on the link All Live, Online, and Virtual Courses and Learning Plans</div>
<div class="test-event"> <font color="maroon"> <small> &emsp; &emsp;--- 16 Oct 17:33:07 518 - Catched spinner load exception due to Expected condition failed: waiting for ICar.support.WaitUtils$4@636673a3 (tried for 7 second(s) with 500 milliseconds interval)</small> </font> </div>
<div class="test-event"> <font color="maroon"> <small> &emsp; &emsp;--- 16 Oct 17:33:07 518 - <b>7</b> - Spinner Load Wait: (Sync) - ICar.support.WaitUtils.waitForSpinner(WaitUtils.java:225)</small> </font> </div>
<div class="test-message">&emsp;No records are found&emsp;<a href=".\ScreenShot\ICar_B2B_TC063_67558220493000.png" target="_blank" >[ScreenShot]</a></div>
<div class="test-message">&emsp;No records found for the given search criteria&emsp;<a href=".\ScreenShot\ICar_B2B_TC063_67558394724700.png" target="_blank" >[ScreenShot]</a></div>
<div class="test-result"><br><font color="green"><strong> Test Passed. </strong></font> </div>&emsp;
&emsp;<div class="test-title"> <strong><font size = "3" color = "#0000FF">---Test Execution Ends---</font> </strong> </div>&emsp;
<div class="test-event"> <font color="maroon"> <small> &emsp; &emsp;--- 16 Oct 17:33:11 688 - TestCaseID:: ICar_B2B_TC064</small> </font> </div>
<div class="test-event"> <font color="maroon"> <small> &emsp; &emsp;--- 16 Oct 17:33:12 670 - <b>0</b> - Driver::initialize::Get - ICar.support.WebDriverFactory.getDriver(WebDriverFactory.java:640)</small> </font> </div>
&emsp;<div class="test-title"> <strong><font size = "3" color = "#000080">Verify the certificated in download pdf functionality under my training link</font> </strong> </div>&emsp;<div><strong>Steps:</strong></div><!-- Report -->&emsp;
<div class="test-event"> <font color="maroon"> <small> &emsp; &emsp;--- 16 Oct 17:33:22 110 - Element is displayed:: [[ChromeDriver: chrome on WINDOWS (24b9acd155de0e14bb92ed49e4dd4d13)] -> xpath: //a/img[@alt='Login Image']|//button[@id='btn-login']]</small> </font> </div>
<div class="test-event"> <font color="maroon"> <small> &emsp; &emsp;--- 16 Oct 17:33:22 171 - Element is displayed:: [[ChromeDriver: chrome on WINDOWS (24b9acd155de0e14bb92ed49e4dd4d13)] -> xpath: //a/img[@alt='Login Image']|//button[@id='btn-login']]</small> </font> </div>
<div class="test-message">&emsp;Successfully navigated to 'Home' Page&emsp;<a href=".\ScreenShot\ICar_B2B_TC064_67569582799000.png" target="_blank" >[ScreenShot]</a></div>
<div class="test-message">&emsp;1. Home page is launched.</div>
<div class="test-event"> <font color="maroon"> <small> &emsp; &emsp;--- 16 Oct 17:33:22 515 - Page URL:: https://www.icarstage.com/</small> </font> </div>
<div class="test-event"> <font color="maroon"> <small> &emsp; &emsp;--- 16 Oct 17:33:22 515 - <b>0</b> - Page Load Wait: (Sync) - ICar.support.Utils.waitForPageLoad(Utils.java:109)</small> </font> </div>
<div class="test-event"> <font color="maroon"> <small> &emsp; &emsp;--- 16 Oct 17:33:22 563 - Element is displayed:: [[ChromeDriver: chrome on WINDOWS (24b9acd155de0e14bb92ed49e4dd4d13)] -> xpath: //a/img[@alt='Login Image']|//button[@id='btn-login']]</small> </font> </div>
<div class="test-event"> <font color="maroon"> <small> &emsp; &emsp;--- 16 Oct 17:33:22 621 - Element is displayed:: [[ChromeDriver: chrome on WINDOWS (24b9acd155de0e14bb92ed49e4dd4d13)] -> xpath: //a/img[@alt='Login Image']|//button[@id='btn-login']]</small> </font> </div>
<div class="test-event"> <font color="maroon"> <small> &emsp; &emsp;--- 16 Oct 17:33:41 297 - Catched spinner load exception due to Expected condition failed: waiting for ICar.support.WaitUtils$4@636673a3 (tried for 15 second(s) with 500 milliseconds interval)</small> </font> </div>
<div class="test-event"> <font color="maroon"> <small> &emsp; &emsp;--- 16 Oct 17:33:41 297 - <b>15</b> - Spinner Load Wait: (Sync) - ICar.support.WaitUtils.waitForSpinner(WaitUtils.java:225)</small> </font> </div>
<div class="test-message">&emsp;2. Login page  should be successfully display</div>
<div class="test-message">&emsp;Successfully navigated to 'Login' Page&emsp;<a href=".\ScreenShot\ICar_B2B_TC064_67588712208500.png" target="_blank" >[ScreenShot]</a></div>
<div class="test-event"> <font color="maroon"> <small> &emsp; &emsp;--- 16 Oct 17:33:41 482 - Element is displayed:: [[ChromeDriver: chrome on WINDOWS (24b9acd155de0e14bb92ed49e4dd4d13)] -> id: username]</small> </font> </div>
<div class="test-event"> <font color="maroon"> <small> &emsp; &emsp;--- 16 Oct 17:33:41 538 - Element is displayed:: [[ChromeDriver: chrome on WINDOWS (24b9acd155de0e14bb92ed49e4dd4d13)] -> id: username]</small> </font> </div>
<div class="test-event"> <font color="maroon"> <small> &emsp; &emsp;--- 16 Oct 17:33:41 889 - Element is displayed:: [[ChromeDriver: chrome on WINDOWS (24b9acd155de0e14bb92ed49e4dd4d13)] -> id: password]</small> </font> </div>
<div class="test-event"> <font color="maroon"> <small> &emsp; &emsp;--- 16 Oct 17:33:42 224 - Element is displayed:: [[ChromeDriver: chrome on WINDOWS (24b9acd155de0e14bb92ed49e4dd4d13)] -> id: btn-login]</small> </font> </div>
<div class="test-event"> <font color="maroon"> <small> &emsp; &emsp;--- 16 Oct 17:33:47 769 - Catched spinner load exception due to Expected condition failed: waiting for ICar.support.WaitUtils$4@636673a3 (tried for 3 second(s) with 500 milliseconds interval)</small> </font> </div>
<div class="test-event"> <font color="maroon"> <small> &emsp; &emsp;--- 16 Oct 17:33:47 769 - <b>5</b> - Spinner Load Wait: (Sync) - ICar.support.WaitUtils.waitForSpinner(WaitUtils.java:225)</small> </font> </div>
<div class="test-event"> <font color="maroon"> <small> &emsp; &emsp;--- 16 Oct 17:34:09 640 - Catched spinner load exception due to Expected condition failed: waiting for ICar.support.WaitUtils$4@636673a3 (tried for 10 second(s) with 500 milliseconds interval)</small> </font> </div>
<div class="test-event"> <font color="maroon"> <small> &emsp; &emsp;--- 16 Oct 17:34:09 640 - <b>10</b> - Spinner Load Wait: (Sync) - ICar.support.WaitUtils.waitForSpinner(WaitUtils.java:225)</small> </font> </div>
<div class="test-event"> <font color="maroon"> <small> &emsp; &emsp;--- 16 Oct 17:34:09 724 - Element is displayed:: [[ChromeDriver: chrome on WINDOWS (24b9acd155de0e14bb92ed49e4dd4d13)] -> xpath: //button[@value='Launch My Learning']]</small> </font> </div>
<div class="test-message">&emsp;3. Enter the user credentials as : pkelly123</div>
<div class="test-message">&emsp;Successfully navigated to 'User Home' Page&emsp;<a href=".\ScreenShot\ICar_B2B_TC064_67617136389600.png" target="_blank" >[ScreenShot]</a></div>
<div class="test-event"> <font color="maroon"> <small> &emsp; &emsp;--- 16 Oct 17:34:10 185 - Page URL:: https://www.icarstage.com/</small> </font> </div>
<div class="test-event"> <font color="maroon"> <small> &emsp; &emsp;--- 16 Oct 17:34:10 186 - <b>0</b> - Page Load Wait: (Sync) - ICar.support.Utils.waitForPageLoad(Utils.java:109)</small> </font> </div>
<div class="test-event"> <font color="maroon"> <small> &emsp; &emsp;--- 16 Oct 17:34:10 261 - Element is displayed:: [[ChromeDriver: chrome on WINDOWS (24b9acd155de0e14bb92ed49e4dd4d13)] -> xpath: //p[text()='Launch My Learning']]</small> </font> </div>
<div class="test-event"> <font color="maroon"> <small> &emsp; &emsp;--- 16 Oct 17:34:10 310 - Element is displayed:: [[ChromeDriver: chrome on WINDOWS (24b9acd155de0e14bb92ed49e4dd4d13)] -> xpath: //a[text()='My Training']]</small> </font> </div>
<div class="test-event"> <font color="maroon"> <small> &emsp; &emsp;--- 16 Oct 17:34:10 524 - Page URL:: https://www.icarstage.com/</small> </font> </div>
<div class="test-event"> <font color="maroon"> <small> &emsp; &emsp;--- 16 Oct 17:34:10 524 - <b>0</b> - Page Load Wait: (Sync) - ICar.support.Utils.waitForPageLoad(Utils.java:109)</small> </font> </div>
<div class="test-event"> <font color="maroon"> <small> &emsp; &emsp;--- 16 Oct 17:34:12 632 - Element is displayed:: [[ChromeDriver: chrome on WINDOWS (24b9acd155de0e14bb92ed49e4dd4d13)] -> xpath: //a[text()='My Training']]</small> </font> </div>
<div class="test-event"> <font color="maroon"> <small> &emsp; &emsp;--- 16 Oct 17:34:30 693 - Catched spinner load exception due to Expected condition failed: waiting for ICar.support.WaitUtils$4@636673a3 (tried for 15 second(s) with 500 milliseconds interval)</small> </font> </div>
<div class="test-event"> <font color="maroon"> <small> &emsp; &emsp;--- 16 Oct 17:34:30 693 - <b>15</b> - Spinner Load Wait: (Sync) - ICar.support.WaitUtils.waitForSpinner(WaitUtils.java:225)</small> </font> </div>
<div class="test-event"> <font color="maroon"> <small> &emsp; &emsp;--- 16 Oct 17:34:30 931 - Page URL:: https://www.icarstage.com/my-training</small> </font> </div>
<div class="test-event"> <font color="maroon"> <small> &emsp; &emsp;--- 16 Oct 17:34:30 931 - <b>0</b> - Page Load Wait: (Sync) - ICar.support.Utils.waitForPageLoad(Utils.java:109)</small> </font> </div>
<div class="test-event"> <font color="maroon"> <small> &emsp; &emsp;--- 16 Oct 17:34:30 998 - Element is displayed:: [[ChromeDriver: chrome on WINDOWS (24b9acd155de0e14bb92ed49e4dd4d13)] -> xpath: //span[@title='My Professional Development']]</small> </font> </div>
<div class="test-message">&emsp;4. Navigating to My Training Page</div>
<div class="test-message">&emsp;Successfully navigated to 'My Training' Page&emsp;<a href=".\ScreenShot\ICar_B2B_TC064_67638410370800.png" target="_blank" >[ScreenShot]</a></div>
<div class="test-event"> <font color="maroon"> <small> &emsp; &emsp;--- 16 Oct 17:34:31 221 - Element is displayed:: [[ChromeDriver: chrome on WINDOWS (24b9acd155de0e14bb92ed49e4dd4d13)] -> xpath: //span[@title='My Certifications']]</small> </font> </div>
<!--FAIL-->
<div class="test-result"><br><font color="red"><strong> Index 0 out of bounds for length 0 </strong></font> <a href=".\ScreenShot\ICar_B2B_TC064_67642023214500.png" target="_blank" >[ScreenShot]</a></div>&emsp;
&emsp;<div class="test-title"> <strong><font size = "3" color = "#0000FF">---Test Execution Ends---</font> </strong> </div>&emsp;]]>
  </system-out>
</testsuite> <!-- B2Btestscripts.B2B_Student -->
