<?xml version="1.0" encoding="UTF-8"?>
<!-- Generated by org.testng.reporters.JUnitReportReporter -->
<testsuite hostname="aspire1763" failures="1" tests="16" name="CommitteeTestscripts.CommitteeTestscripts" time="5341.233" errors="1" timestamp="2024-10-15T13:04:43 IST" skipped="0">
  <testcase classname="CommitteeTestscripts.CommitteeTestscripts" name="B2B1002_TC03" time="300.612">
    <system-out>
      <![CDATA[<div class="test-event"> <font color="maroon"> <small> &emsp; &emsp;--- 15 Oct 12:05:43 752 - TestCaseID:: B2B1002_TC03</small> </font> </div>
<div class="test-event"> <font color="maroon"> <small> &emsp; &emsp;--- 15 Oct 12:05:45 237 - <b>1</b> - Driver::initialize::Get - ICar.support.WebDriverFactory.getDriver(WebDriverFactory.java:640)</small> </font> </div>
&emsp;<div class="test-title"> <strong><font size = "3" color = "#000080">Verify the “Access Committee Portal” link is not displayed in the Manage box when Login as Non Committee Officers.</font> </strong> </div>&emsp;<div><strong>Steps:</strong></div><!-- Report -->&emsp;
<div class="test-event"> <font color="maroon"> <small> &emsp; &emsp;--- 15 Oct 12:05:50 548 - Page URL:: https://i-car--staging.sandbox.my.salesforce.com/</small> </font> </div>
<div class="test-event"> <font color="maroon"> <small> &emsp; &emsp;--- 15 Oct 12:05:50 548 - <b>0</b> - Page Load Wait: (Sync) - ICar.support.Utils.waitForPageLoad(Utils.java:109)</small> </font> </div>
<div class="test-event"> <font color="maroon"> <small> &emsp; &emsp;--- 15 Oct 12:06:04 818 - Page URL:: https://i-car--staging.sandbox.my.salesforce.com/</small> </font> </div>
<div class="test-event"> <font color="maroon"> <small> &emsp; &emsp;--- 15 Oct 12:06:04 819 - <b>0</b> - Page Load Wait: (Sync) - ICar.support.Utils.waitForPageLoad(Utils.java:109)</small> </font> </div>
<div class="test-message">&emsp;Successfully navigated to 'Login' Page&emsp;<a href=".\ScreenShot\B2B1002_TC03_1256159909110200.png" target="_blank" >[ScreenShot]</a></div>
<div class="test-message">&emsp;1. Login page is launched.</div>
<div class="test-event"> <font color="maroon"> <small> &emsp; &emsp;--- 15 Oct 12:06:05 094 - Element is displayed:: [[ChromeDriver: chrome on WINDOWS (b877d58e541e04ab77117bf4c40ff9eb)] -> id: username]</small> </font> </div>
<div class="test-event"> <font color="maroon"> <small> &emsp; &emsp;--- 15 Oct 12:06:05 171 - Element is displayed:: [[ChromeDriver: chrome on WINDOWS (b877d58e541e04ab77117bf4c40ff9eb)] -> id: username]</small> </font> </div>
<div class="test-event"> <font color="maroon"> <small> &emsp; &emsp;--- 15 Oct 12:06:05 538 - Element is displayed:: [[ChromeDriver: chrome on WINDOWS (b877d58e541e04ab77117bf4c40ff9eb)] -> id: password]</small> </font> </div>
<div class="test-event"> <font color="maroon"> <small> &emsp; &emsp;--- 15 Oct 12:06:05 740 - Element is displayed:: [[ChromeDriver: chrome on WINDOWS (b877d58e541e04ab77117bf4c40ff9eb)] -> id: Login]</small> </font> </div>
<div class="test-event"> <font color="maroon"> <small> &emsp; &emsp;--- 15 Oct 12:06:47 378 - Catched spinner load exception due to Expected condition failed: waiting for ICar.support.WaitUtils$4@3e310ae5 (tried for 13 second(s) with 500 milliseconds interval)</small> </font> </div>
<div class="test-event"> <font color="maroon"> <small> &emsp; &emsp;--- 15 Oct 12:06:47 378 - <b>13</b> - Spinner Load Wait: (Sync) - ICar.support.WaitUtils.waitForSpinner(WaitUtils.java:225)</small> </font> </div>
<div class="test-event"> <font color="maroon"> <small> &emsp; &emsp;--- 15 Oct 12:07:05 901 - Catched spinner load exception due to Expected condition failed: waiting for ICar.support.WaitUtils$4@3e310ae5 (tried for 6 second(s) with 500 milliseconds interval)</small> </font> </div>
<div class="test-event"> <font color="maroon"> <small> &emsp; &emsp;--- 15 Oct 12:07:05 901 - <b>6</b> - Spinner Load Wait: (Sync) - ICar.support.WaitUtils.waitForSpinner(WaitUtils.java:225)</small> </font> </div>
<div class="test-event"> <font color="maroon"> <small> &emsp; &emsp;--- 15 Oct 12:07:05 974 - Element is displayed:: [[ChromeDriver: chrome on WINDOWS (b877d58e541e04ab77117bf4c40ff9eb)] -> css selector: button[class*='search-button']]</small> </font> </div>
<div class="test-message">&emsp;2. Navigate to 'SalesForce Page'</div>
<div class="test-event"> <font color="maroon"> <small> &emsp; &emsp;--- 15 Oct 12:07:06 146 - Page URL:: https://i-car--staging.sandbox.lightning.force.com/lightning/o/committee__c/list?filtername=__recent</small> </font> </div>
<div class="test-event"> <font color="maroon"> <small> &emsp; &emsp;--- 15 Oct 12:07:06 147 - <b>0</b> - Page Load Wait: (Sync) - ICar.support.Utils.waitForPageLoad(Utils.java:109)</small> </font> </div>
<div class="test-event"> <font color="maroon"> <small> &emsp; &emsp;--- 15 Oct 12:07:11 460 - Page URL:: https://i-car--staging.sandbox.lightning.force.com/lightning/o/committee__c/list?filtername=__recent</small> </font> </div>
<div class="test-event"> <font color="maroon"> <small> &emsp; &emsp;--- 15 Oct 12:07:11 460 - <b>0</b> - Page Load Wait: (Sync) - ICar.support.Utils.waitForPageLoad(Utils.java:109)</small> </font> </div>
<div class="test-message">&emsp;Close the tab</div>
<div class="test-message">&emsp;Successfully navigated to 'Login' Page&emsp;<a href=".\ScreenShot\B2B1002_TC03_1256231630299200.png" target="_blank" >[ScreenShot]</a></div>
<div class="test-event"> <font color="maroon"> <small> &emsp; &emsp;--- 15 Oct 12:07:21 924 - Catched spinner load exception due to Expected condition failed: waiting for ICar.support.WaitUtils$4@3e310ae5 (tried for 5 second(s) with 500 milliseconds interval)</small> </font> </div>
<div class="test-event"> <font color="maroon"> <small> &emsp; &emsp;--- 15 Oct 12:07:21 924 - <b>5</b> - Spinner Load Wait: (Sync) - ICar.support.WaitUtils.waitForSpinner(WaitUtils.java:225)</small> </font> </div>
<div class="test-event"> <font color="maroon"> <small> &emsp; &emsp;--- 15 Oct 12:07:22 097 - Page URL:: https://i-car--staging.sandbox.lightning.force.com/lightning/o/committee__c/list?filtername=__recent</small> </font> </div>
<div class="test-event"> <font color="maroon"> <small> &emsp; &emsp;--- 15 Oct 12:07:22 097 - <b>0</b> - Page Load Wait: (Sync) - ICar.support.Utils.waitForPageLoad(Utils.java:109)</small> </font> </div>
<div class="test-event"> <font color="maroon"> <small> &emsp; &emsp;--- 15 Oct 12:07:22 186 - Element is displayed:: [[ChromeDriver: chrome on WINDOWS (b877d58e541e04ab77117bf4c40ff9eb)] -> xpath: //div[contains(@class,'appLauncher ')]//button]</small> </font> </div>
<div class="test-event"> <font color="maroon"> <small> &emsp; &emsp;--- 15 Oct 12:07:22 246 - Element is displayed:: [[ChromeDriver: chrome on WINDOWS (b877d58e541e04ab77117bf4c40ff9eb)] -> xpath: //div[contains(@class,'appLauncher ')]//button]</small> </font> </div>
<div class="test-event"> <font color="maroon"> <small> &emsp; &emsp;--- 15 Oct 12:07:24 007 - Element is displayed:: [[ChromeDriver: chrome on WINDOWS (b877d58e541e04ab77117bf4c40ff9eb)] -> xpath: //input[@placeholder='Search apps and items...']]</small> </font> </div>
<div class="test-event"> <font color="maroon"> <small> &emsp; &emsp;--- 15 Oct 12:07:24 064 - Element is displayed:: [[ChromeDriver: chrome on WINDOWS (b877d58e541e04ab77117bf4c40ff9eb)] -> xpath: //input[@placeholder='Search apps and items...']]</small> </font> </div>
<div class="test-event"> <font color="maroon"> <small> &emsp; &emsp;--- 15 Oct 12:07:27 337 - Element is displayed:: [[ChromeDriver: chrome on WINDOWS (b877d58e541e04ab77117bf4c40ff9eb)] -> xpath: //lightning-formatted-rich-text/span/p/b[text()='Committees']]</small> </font> </div>
<div class="test-event"> <font color="maroon"> <small> &emsp; &emsp;--- 15 Oct 12:07:30 406 - Element is displayed:: [[ChromeDriver: chrome on WINDOWS (b877d58e541e04ab77117bf4c40ff9eb)] -> xpath: //lightning-formatted-rich-text/span/p/b[text()='Committees']]</small> </font> </div>
<div class="test-event"> <font color="maroon"> <small> &emsp; &emsp;--- 15 Oct 12:07:30 763 - Page URL:: https://i-car--staging.sandbox.lightning.force.com/lightning/o/committee__c/home</small> </font> </div>
<div class="test-event"> <font color="maroon"> <small> &emsp; &emsp;--- 15 Oct 12:07:30 763 - <b>0</b> - Page Load Wait: (Sync) - ICar.support.Utils.waitForPageLoad(Utils.java:109)</small> </font> </div>
<div class="test-event"> <font color="maroon"> <small> &emsp; &emsp;--- 15 Oct 12:07:36 017 - Catched spinner load exception due to Expected condition failed: waiting for ICar.support.WaitUtils$4@3e310ae5 (tried for 5 second(s) with 500 milliseconds interval)</small> </font> </div>
<div class="test-event"> <font color="maroon"> <small> &emsp; &emsp;--- 15 Oct 12:07:36 017 - <b>5</b> - Spinner Load Wait: (Sync) - ICar.support.WaitUtils.waitForSpinner(WaitUtils.java:225)</small> </font> </div>
<div class="test-event"> <font color="maroon"> <small> &emsp; &emsp;--- 15 Oct 12:07:36 240 - Page URL:: https://i-car--staging.sandbox.lightning.force.com/lightning/o/committee__c/list?filtername=__recent</small> </font> </div>
<div class="test-event"> <font color="maroon"> <small> &emsp; &emsp;--- 15 Oct 12:07:36 240 - <b>0</b> - Page Load Wait: (Sync) - ICar.support.Utils.waitForPageLoad(Utils.java:109)</small> </font> </div>
<div class="test-event"> <font color="maroon"> <small> &emsp; &emsp;--- 15 Oct 12:07:36 337 - Element is displayed:: [[ChromeDriver: chrome on WINDOWS (b877d58e541e04ab77117bf4c40ff9eb)] -> xpath: //div[contains(@class,'appLauncher ')]//button]</small> </font> </div>
<div class="test-event"> <font color="maroon"> <small> &emsp; &emsp;--- 15 Oct 12:07:36 396 - Element is displayed:: [[ChromeDriver: chrome on WINDOWS (b877d58e541e04ab77117bf4c40ff9eb)] -> xpath: //div[contains(@class,'appLauncher ')]//button]</small> </font> </div>
<div class="test-event"> <font color="maroon"> <small> &emsp; &emsp;--- 15 Oct 12:07:36 631 - Element is displayed:: [[ChromeDriver: chrome on WINDOWS (b877d58e541e04ab77117bf4c40ff9eb)] -> xpath: //input[@placeholder='Search apps and items...']]</small> </font> </div>
<div class="test-event"> <font color="maroon"> <small> &emsp; &emsp;--- 15 Oct 12:07:36 706 - Element is displayed:: [[ChromeDriver: chrome on WINDOWS (b877d58e541e04ab77117bf4c40ff9eb)] -> xpath: //input[@placeholder='Search apps and items...']]</small> </font> </div>
<div class="test-event"> <font color="maroon"> <small> &emsp; &emsp;--- 15 Oct 12:07:40 106 - Element is displayed:: [[ChromeDriver: chrome on WINDOWS (b877d58e541e04ab77117bf4c40ff9eb)] -> xpath: //lightning-formatted-rich-text/span/p/b[text()='Committee Members']]</small> </font> </div>
<div class="test-event"> <font color="maroon"> <small> &emsp; &emsp;--- 15 Oct 12:07:43 217 - Element is displayed:: [[ChromeDriver: chrome on WINDOWS (b877d58e541e04ab77117bf4c40ff9eb)] -> xpath: //lightning-formatted-rich-text/span/p/b[text()='Committee Members']]</small> </font> </div>
<div class="test-event"> <font color="maroon"> <small> &emsp; &emsp;--- 15 Oct 12:07:44 173 - Page URL:: https://i-car--staging.sandbox.lightning.force.com/lightning/o/committee_member__c/home</small> </font> </div>
<div class="test-event"> <font color="maroon"> <small> &emsp; &emsp;--- 15 Oct 12:07:44 173 - <b>0</b> - Page Load Wait: (Sync) - ICar.support.Utils.waitForPageLoad(Utils.java:109)</small> </font> </div>
<div class="test-message">&emsp;3. Enter the AccountName as : Anthony Brooks:510-0208 Metro Baltimore MD</div>
<div class="test-event"> <font color="maroon"> <small> &emsp; &emsp;--- 15 Oct 12:07:44 367 - Page URL:: https://i-car--staging.sandbox.lightning.force.com/lightning/o/committee_member__c/home</small> </font> </div>
<div class="test-event"> <font color="maroon"> <small> &emsp; &emsp;--- 15 Oct 12:07:44 367 - <b>0</b> - Page Load Wait: (Sync) - ICar.support.Utils.waitForPageLoad(Utils.java:109)</small> </font> </div>
<div class="test-event"> <font color="maroon"> <small> &emsp; &emsp;--- 15 Oct 12:07:44 709 - Element is displayed:: [[ChromeDriver: chrome on WINDOWS (b877d58e541e04ab77117bf4c40ff9eb)] -> css selector: button[class*='search-button']]</small> </font> </div>
<div class="test-event"> <font color="maroon"> <small> &emsp; &emsp;--- 15 Oct 12:07:46 804 - Catched spinner load exception due to Expected condition failed: waiting for ICar.support.WaitUtils$4@3e310ae5 (tried for 2 second(s) with 500 milliseconds interval)</small> </font> </div>
<div class="test-event"> <font color="maroon"> <small> &emsp; &emsp;--- 15 Oct 12:07:46 804 - <b>2</b> - Spinner Load Wait: (Sync) - ICar.support.WaitUtils.waitForSpinner(WaitUtils.java:225)</small> </font> </div>
<div class="test-event"> <font color="maroon"> <small> &emsp; &emsp;--- 15 Oct 12:07:49 920 - Element is displayed:: [[ChromeDriver: chrome on WINDOWS (b877d58e541e04ab77117bf4c40ff9eb)] -> css selector: button[class*='search-button']]</small> </font> </div>
<div class="test-event"> <font color="maroon"> <small> &emsp; &emsp;--- 15 Oct 12:07:50 351 - Page URL:: https://i-car--staging.sandbox.lightning.force.com/lightning/o/committee_member__c/home</small> </font> </div>
<div class="test-event"> <font color="maroon"> <small> &emsp; &emsp;--- 15 Oct 12:07:50 351 - <b>0</b> - Page Load Wait: (Sync) - ICar.support.Utils.waitForPageLoad(Utils.java:109)</small> </font> </div>
<div class="test-event"> <font color="maroon"> <small> &emsp; &emsp;--- 15 Oct 12:08:07 063 - Catched spinner load exception due to Expected condition failed: waiting for ICar.support.WaitUtils$4@3e310ae5 (tried for 10 second(s) with 500 milliseconds interval)</small> </font> </div>
<div class="test-event"> <font color="maroon"> <small> &emsp; &emsp;--- 15 Oct 12:08:07 063 - <b>10</b> - Spinner Load Wait: (Sync) - ICar.support.WaitUtils.waitForSpinner(WaitUtils.java:225)</small> </font> </div>
<div class="test-event"> <font color="maroon"> <small> &emsp; &emsp;--- 15 Oct 12:08:07 412 - Page URL:: https://i-car--staging.sandbox.lightning.force.com/one/one.app#eyjjb21wb25lbnrezwyioijmb3jjzvnlyxjjadpzzwfyy2hqywdlrgvza3rvccisimf0dhjpynv0zxmionsidgvybsi6ikfudghvbnkgqnjvb2tzojuxmc0wmja4ie1ldhjviejhbhrpbw9yzsbnrcisinnjb3bltwfwijp7inr5cguioijut1bfukvtvuxuuyisim5hbwvzcgfjzsi6iiisimxhymvsijoivg9wifjlc3vsdhmilcjsywjlbfbsdxjhbci6ilrvccbszxn1bhrziiwicmvzdwx0c0ntcci6imzvcmnlu2vhcmnoonbyzwrpy3rlzfjlc3vsdhmifswiy29udgv4dci6eyjgsuxurvjtijp7fswic2vhcmnou291cmnlijoiqvntsvnuqu5ux0rjquxpryisimrpc2fibgvjbnrlbnrrdwvyesi6zmfsc2usimrpc2fibgvtcgvsbenvcnjly3rpb24iomzhbhnllcjzzwfyy2heawfsb2dtzxnzaw9uswqioijinte4ndm4oc1injnjlwy5y2itotblmi03mtrindi0m2zmztmilcjkzwj1z0luzm8ionsiyxbwtmftzsi6ikldyxjfu2vydmljzv9db25zb2xliiwiyxbwvhlwzsi6iknvbnnvbguilcjhchboyw1lc3bhy2uioijjiiwibg9jyxrpb24ioijmb3jjztpvymply3rib21lrgvza3rvccisinnvymply3ruexblijoiq29tbwl0dgvlx01lbwjlcl9fyyj9fswiz3jvdxbjzci6ikrfrkfvtfqifswic3rhdguiont9fq%3d%3d</small> </font> </div>
<div class="test-event"> <font color="maroon"> <small> &emsp; &emsp;--- 15 Oct 12:08:07 412 - <b>0</b> - Page Load Wait: (Sync) - ICar.support.Utils.waitForPageLoad(Utils.java:109)</small> </font> </div>
<div class="test-event"> <font color="maroon"> <small> &emsp; &emsp;--- 15 Oct 12:08:07 762 - Page URL:: https://i-car--staging.sandbox.lightning.force.com/one/one.app#eyjjb21wb25lbnrezwyioijmb3jjzvnlyxjjadpzzwfyy2hqywdlrgvza3rvccisimf0dhjpynv0zxmionsidgvybsi6ikfudghvbnkgqnjvb2tzojuxmc0wmja4ie1ldhjviejhbhrpbw9yzsbnrcisinnjb3bltwfwijp7inr5cguioijut1bfukvtvuxuuyisim5hbwvzcgfjzsi6iiisimxhymvsijoivg9wifjlc3vsdhmilcjsywjlbfbsdxjhbci6ilrvccbszxn1bhrziiwicmvzdwx0c0ntcci6imzvcmnlu2vhcmnoonbyzwrpy3rlzfjlc3vsdhmifswiy29udgv4dci6eyjgsuxurvjtijp7fswic2vhcmnou291cmnlijoiqvntsvnuqu5ux0rjquxpryisimrpc2fibgvjbnrlbnrrdwvyesi6zmfsc2usimrpc2fibgvtcgvsbenvcnjly3rpb24iomzhbhnllcjzzwfyy2heawfsb2dtzxnzaw9uswqioijinte4ndm4oc1injnjlwy5y2itotblmi03mtrindi0m2zmztmilcjkzwj1z0luzm8ionsiyxbwtmftzsi6ikldyxjfu2vydmljzv9db25zb2xliiwiyxbwvhlwzsi6iknvbnnvbguilcjhchboyw1lc3bhy2uioijjiiwibg9jyxrpb24ioijmb3jjztpvymply3rib21lrgvza3rvccisinnvymply3ruexblijoiq29tbwl0dgvlx01lbwjlcl9fyyj9fswiz3jvdxbjzci6ikrfrkfvtfqifswic3rhdguiont9fq%3d%3d</small> </font> </div>
<div class="test-event"> <font color="maroon"> <small> &emsp; &emsp;--- 15 Oct 12:08:07 762 - <b>0</b> - Page Load Wait: (Sync) - ICar.support.Utils.waitForPageLoad(Utils.java:109)</small> </font> </div>
<div class="test-event"> <font color="maroon"> <small> &emsp; &emsp;--- 15 Oct 12:08:17 778 - Catched spinner load exception due to Expected condition failed: waiting for ICar.support.WaitUtils$4@3e310ae5 (tried for 10 second(s) with 500 milliseconds interval)</small> </font> </div>
<div class="test-event"> <font color="maroon"> <small> &emsp; &emsp;--- 15 Oct 12:08:17 778 - <b>10</b> - Spinner Load Wait: (Sync) - ICar.support.WaitUtils.waitForSpinner(WaitUtils.java:225)</small> </font> </div>
<div class="test-event"> <font color="maroon"> <small> &emsp; &emsp;--- 15 Oct 12:08:17 813 - Element is displayed:: [[ChromeDriver: chrome on WINDOWS (b877d58e541e04ab77117bf4c40ff9eb)] -> css selector: div.forceSearchResultsRegion div.resultsMultiWrapper >div > div table tbody th a]</small> </font> </div>
<div class="test-event"> <font color="maroon"> <small> &emsp; &emsp;--- 15 Oct 12:08:17 911 - Element is displayed:: [[ChromeDriver: chrome on WINDOWS (b877d58e541e04ab77117bf4c40ff9eb)] -> css selector: div.forceSearchResultsRegion div.resultsMultiWrapper >div > div table tbody th a]</small> </font> </div>
<div class="test-event"> <font color="maroon"> <small> &emsp; &emsp;--- 15 Oct 12:08:18 431 - Page URL:: https://i-car--staging.sandbox.lightning.force.com/one/one.app#eyjjb21wb25lbnrezwyioijmb3jjzvnlyxjjadpzzwfyy2hqywdlrgvza3rvccisimf0dhjpynv0zxmionsidgvybsi6ikfudghvbnkgqnjvb2tzojuxmc0wmja4ie1ldhjviejhbhrpbw9yzsbnrcisinnjb3bltwfwijp7inr5cguioijut1bfukvtvuxuuyisim5hbwvzcgfjzsi6iiisimxhymvsijoivg9wifjlc3vsdhmilcjsywjlbfbsdxjhbci6ilrvccbszxn1bhrziiwicmvzdwx0c0ntcci6imzvcmnlu2vhcmnoonbyzwrpy3rlzfjlc3vsdhmifswiy29udgv4dci6eyjgsuxurvjtijp7fswic2vhcmnou291cmnlijoiqvntsvnuqu5ux0rjquxpryisimrpc2fibgvjbnrlbnrrdwvyesi6zmfsc2usimrpc2fibgvtcgvsbenvcnjly3rpb24iomzhbhnllcjzzwfyy2heawfsb2dtzxnzaw9uswqioijinte4ndm4oc1injnjlwy5y2itotblmi03mtrindi0m2zmztmilcjkzwj1z0luzm8ionsiyxbwtmftzsi6ikldyxjfu2vydmljzv9db25zb2xliiwiyxbwvhlwzsi6iknvbnnvbguilcjhchboyw1lc3bhy2uioijjiiwibg9jyxrpb24ioijmb3jjztpvymply3rib21lrgvza3rvccisinnvymply3ruexblijoiq29tbwl0dgvlx01lbwjlcl9fyyj9fswiz3jvdxbjzci6ikrfrkfvtfqifswic3rhdguiont9fq%3d%3d</small> </font> </div>
<div class="test-event"> <font color="maroon"> <small> &emsp; &emsp;--- 15 Oct 12:08:18 432 - <b>0</b> - Page Load Wait: (Sync) - ICar.support.Utils.waitForPageLoad(Utils.java:109)</small> </font> </div>
<div class="test-message">&emsp;Role displayed Committee Member</div>
<div class="test-message">&emsp;Successfully verified - Contact name Anthony Bruce Brooks whose role displayed as Committee Member</div>
<div class="test-event"> <font color="maroon"> <small> &emsp; &emsp;--- 15 Oct 12:08:23 811 - Page URL:: https://i-car--staging.sandbox.lightning.force.com/lightning/r/committee_member__c/a371i000000ir8rqaq/view</small> </font> </div>
<div class="test-event"> <font color="maroon"> <small> &emsp; &emsp;--- 15 Oct 12:08:23 811 - <b>0</b> - Page Load Wait: (Sync) - ICar.support.Utils.waitForPageLoad(Utils.java:109)</small> </font> </div>
<div class="test-event"> <font color="maroon"> <small> &emsp; &emsp;--- 15 Oct 12:08:28 987 - Page URL:: https://i-car--staging.sandbox.lightning.force.com/lightning/r/committee_member__c/a371i000000ir8rqaq/view</small> </font> </div>
<div class="test-event"> <font color="maroon"> <small> &emsp; &emsp;--- 15 Oct 12:08:28 987 - <b>0</b> - Page Load Wait: (Sync) - ICar.support.Utils.waitForPageLoad(Utils.java:109)</small> </font> </div>
<div class="test-event"> <font color="maroon"> <small> &emsp; &emsp;--- 15 Oct 12:08:33 453 - Page URL:: https://i-car--staging.sandbox.lightning.force.com/lightning/r/committee_member__c/a371i000000ir8rqaq/view</small> </font> </div>
<div class="test-event"> <font color="maroon"> <small> &emsp; &emsp;--- 15 Oct 12:08:33 453 - <b>0</b> - Page Load Wait: (Sync) - ICar.support.Utils.waitForPageLoad(Utils.java:109)</small> </font> </div>
<div class="test-event"> <font color="maroon"> <small> &emsp; &emsp;--- 15 Oct 12:08:33 510 - Element is displayed:: [[ChromeDriver: chrome on WINDOWS (b877d58e541e04ab77117bf4c40ff9eb)] -> css selector: button[class*='search-button']]</small> </font> </div>
<div class="test-event"> <font color="maroon"> <small> &emsp; &emsp;--- 15 Oct 12:08:35 703 - Catched spinner load exception due to Expected condition failed: waiting for ICar.support.WaitUtils$4@3e310ae5 (tried for 2 second(s) with 500 milliseconds interval)</small> </font> </div>
<div class="test-event"> <font color="maroon"> <small> &emsp; &emsp;--- 15 Oct 12:08:35 703 - <b>2</b> - Spinner Load Wait: (Sync) - ICar.support.WaitUtils.waitForSpinner(WaitUtils.java:225)</small> </font> </div>
<div class="test-event"> <font color="maroon"> <small> &emsp; &emsp;--- 15 Oct 12:08:38 781 - Element is displayed:: [[ChromeDriver: chrome on WINDOWS (b877d58e541e04ab77117bf4c40ff9eb)] -> css selector: button[class*='search-button']]</small> </font> </div>
<div class="test-event"> <font color="maroon"> <small> &emsp; &emsp;--- 15 Oct 12:08:39 335 - Page URL:: https://i-car--staging.sandbox.lightning.force.com/lightning/o/committee__c/list?filtername=__recent</small> </font> </div>
<div class="test-event"> <font color="maroon"> <small> &emsp; &emsp;--- 15 Oct 12:08:39 335 - <b>0</b> - Page Load Wait: (Sync) - ICar.support.Utils.waitForPageLoad(Utils.java:109)</small> </font> </div>
<div class="test-event"> <font color="maroon"> <small> &emsp; &emsp;--- 15 Oct 12:08:59 022 - Catched spinner load exception due to Expected condition failed: waiting for ICar.support.WaitUtils$4@3e310ae5 (tried for 10 second(s) with 500 milliseconds interval)</small> </font> </div>
<div class="test-event"> <font color="maroon"> <small> &emsp; &emsp;--- 15 Oct 12:08:59 022 - <b>10</b> - Spinner Load Wait: (Sync) - ICar.support.WaitUtils.waitForSpinner(WaitUtils.java:225)</small> </font> </div>
<div class="test-event"> <font color="maroon"> <small> &emsp; &emsp;--- 15 Oct 12:08:59 792 - Page URL:: https://i-car--staging.sandbox.lightning.force.com/one/one.app#eyjjb21wb25lbnrezwyioijmb3jjzvnlyxjjadpzzwfyy2hqywdlrgvza3rvccisimf0dhjpynv0zxmionsidgvybsi6ijiynzkzmtiilcjzy29wzu1hcci6eyj0exblijoive9qx1jfu1vmvfmilcjuyw1lc3bhy2uioiiilcjsywjlbci6ilrvccbszxn1bhrziiwibgfizwxqbhvyywwioijub3agumvzdwx0cyisinjlc3vsdhndbxaioijmb3jjzvnlyxjjadpwcmvkawn0zwrszxn1bhrzin0simnvbnrlehqionsirklmvevsuyi6e30sinnlyxjjafnvdxjjzsi6ikftu0ltvefovf9esufmt0cilcjkaxnhymxlsw50zw50uxvlcnkiomzhbhnllcjkaxnhymxlu3blbgxdb3jyzwn0aw9uijpmywxzzswic2vhcmnorglhbg9nu2vzc2lvbklkijoiytkwntk2ntqtnzi4ny00nmy1ltblytmtodm2zmninzfinze0iiwizgvidwdjbmzvijp7imfwce5hbwuioijjq2fyx1nlcnzpy2vfq29uc29szsisimfwcfr5cguioijdb25zb2xliiwiyxbwtmftzxnwywnlijoiyyisimxvy2f0aw9uijoizm9yy2u6b2jqzwn0sg9tzurlc2t0b3ailcjzb2jqzwn0vhlwzsi6iknvbw1pdhrlzv9fyyj9fswiz3jvdxbjzci6ikrfrkfvtfqifswic3rhdguiont9fq%3d%3d</small> </font> </div>
<div class="test-event"> <font color="maroon"> <small> &emsp; &emsp;--- 15 Oct 12:08:59 793 - <b>0</b> - Page Load Wait: (Sync) - ICar.support.Utils.waitForPageLoad(Utils.java:109)</small> </font> </div>
<div class="test-event"> <font color="maroon"> <small> &emsp; &emsp;--- 15 Oct 12:09:10 857 - Catched spinner load exception due to Expected condition failed: waiting for ICar.support.WaitUtils$4@3e310ae5 (tried for 11 second(s) with 500 milliseconds interval)</small> </font> </div>
<div class="test-event"> <font color="maroon"> <small> &emsp; &emsp;--- 15 Oct 12:09:10 857 - <b>11</b> - Spinner Load Wait: (Sync) - ICar.support.WaitUtils.waitForSpinner(WaitUtils.java:225)</small> </font> </div>
<div class="test-event"> <font color="maroon"> <small> &emsp; &emsp;--- 15 Oct 12:09:11 648 - Page URL:: https://i-car--staging.sandbox.lightning.force.com/one/one.app#eyjjb21wb25lbnrezwyioijmb3jjzvnlyxjjadpzzwfyy2hqywdlrgvza3rvccisimf0dhjpynv0zxmionsidgvybsi6ijiynzkzmtiilcjzy29wzu1hcci6eyj0exblijoive9qx1jfu1vmvfmilcjuyw1lc3bhy2uioiiilcjsywjlbci6ilrvccbszxn1bhrziiwibgfizwxqbhvyywwioijub3agumvzdwx0cyisinjlc3vsdhndbxaioijmb3jjzvnlyxjjadpwcmvkawn0zwrszxn1bhrzin0simnvbnrlehqionsirklmvevsuyi6e30sinnlyxjjafnvdxjjzsi6ikftu0ltvefovf9esufmt0cilcjkaxnhymxlsw50zw50uxvlcnkiomzhbhnllcjkaxnhymxlu3blbgxdb3jyzwn0aw9uijpmywxzzswic2vhcmnorglhbg9nu2vzc2lvbklkijoiytkwntk2ntqtnzi4ny00nmy1ltblytmtodm2zmninzfinze0iiwizgvidwdjbmzvijp7imfwce5hbwuioijjq2fyx1nlcnzpy2vfq29uc29szsisimfwcfr5cguioijdb25zb2xliiwiyxbwtmftzxnwywnlijoiyyisimxvy2f0aw9uijoizm9yy2u6b2jqzwn0sg9tzurlc2t0b3ailcjzb2jqzwn0vhlwzsi6iknvbw1pdhrlzv9fyyj9fswiz3jvdxbjzci6ikrfrkfvtfqifswic3rhdguiont9fq%3d%3d</small> </font> </div>
<div class="test-event"> <font color="maroon"> <small> &emsp; &emsp;--- 15 Oct 12:09:11 648 - <b>0</b> - Page Load Wait: (Sync) - ICar.support.Utils.waitForPageLoad(Utils.java:109)</small> </font> </div>
<div class="test-event"> <font color="maroon"> <small> &emsp; &emsp;--- 15 Oct 12:09:11 757 - Element is displayed:: [[ChromeDriver: chrome on WINDOWS (b877d58e541e04ab77117bf4c40ff9eb)] -> xpath: //a[@title='Top Results']//span[text()='Top Results']]</small> </font> </div>
<div class="test-event"> <font color="maroon"> <small> &emsp; &emsp;--- 15 Oct 12:09:12 219 - Page URL:: https://i-car--staging.sandbox.lightning.force.com/one/one.app#eyjjb21wb25lbnrezwyioijmb3jjzvnlyxjjadpzzwfyy2hqywdlrgvza3rvccisimf0dhjpynv0zxmionsidgvybsi6ijiynzkzmtiilcjzy29wzu1hcci6eyj0exblijoive9qx1jfu1vmvfmilcjuyw1lc3bhy2uioiiilcjsywjlbci6ilrvccbszxn1bhrziiwibgfizwxqbhvyywwioijub3agumvzdwx0cyisinjlc3vsdhndbxaioijmb3jjzvnlyxjjadpwcmvkawn0zwrszxn1bhrzin0simnvbnrlehqionsirklmvevsuyi6e30sinnlyxjjafnvdxjjzsi6ikftu0ltvefovf9esufmt0cilcjkaxnhymxlsw50zw50uxvlcnkiomzhbhnllcjkaxnhymxlu3blbgxdb3jyzwn0aw9uijpmywxzzswic2vhcmnorglhbg9nu2vzc2lvbklkijoiytkwntk2ntqtnzi4ny00nmy1ltblytmtodm2zmninzfinze0iiwizgvidwdjbmzvijp7imfwce5hbwuioijjq2fyx1nlcnzpy2vfq29uc29szsisimfwcfr5cguioijdb25zb2xliiwiyxbwtmftzxnwywnlijoiyyisimxvy2f0aw9uijoizm9yy2u6b2jqzwn0sg9tzurlc2t0b3ailcjzb2jqzwn0vhlwzsi6iknvbw1pdhrlzv9fyyj9fswiz3jvdxbjzci6ikrfrkfvtfqifswic3rhdguiont9fq%3d%3d</small> </font> </div>
<div class="test-event"> <font color="maroon"> <small> &emsp; &emsp;--- 15 Oct 12:09:12 220 - <b>0</b> - Page Load Wait: (Sync) - ICar.support.Utils.waitForPageLoad(Utils.java:109)</small> </font> </div>
<div class="test-event"> <font color="maroon"> <small> &emsp; &emsp;--- 15 Oct 12:09:17 300 - Catched spinner load exception due to Expected condition failed: waiting for ICar.support.WaitUtils$4@3e310ae5 (tried for 5 second(s) with 500 milliseconds interval)</small> </font> </div>
<div class="test-event"> <font color="maroon"> <small> &emsp; &emsp;--- 15 Oct 12:09:17 300 - <b>5</b> - Spinner Load Wait: (Sync) - ICar.support.WaitUtils.waitForSpinner(WaitUtils.java:225)</small> </font> </div>
<div class="test-event"> <font color="maroon"> <small> &emsp; &emsp;--- 15 Oct 12:09:18 045 - Page URL:: https://i-car--staging.sandbox.lightning.force.com/one/one.app#eyjjb21wb25lbnrezwyioijmb3jjzvnlyxjjadpzzwfyy2hqywdlrgvza3rvccisimf0dhjpynv0zxmionsidgvybsi6ijiynzkzmtiilcjzy29wzu1hcci6eyj0exblijoive9qx1jfu1vmvfmilcjuyw1lc3bhy2uioiiilcjsywjlbci6ilrvccbszxn1bhrziiwibgfizwxqbhvyywwioijub3agumvzdwx0cyisinjlc3vsdhndbxaioijmb3jjzvnlyxjjadpwcmvkawn0zwrszxn1bhrzin0simnvbnrlehqionsirklmvevsuyi6e30sinnlyxjjafnvdxjjzsi6ikftu0ltvefovf9esufmt0cilcjkaxnhymxlsw50zw50uxvlcnkiomzhbhnllcjkaxnhymxlu3blbgxdb3jyzwn0aw9uijpmywxzzswic2vhcmnorglhbg9nu2vzc2lvbklkijoiytkwntk2ntqtnzi4ny00nmy1ltblytmtodm2zmninzfinze0iiwizgvidwdjbmzvijp7imfwce5hbwuioijjq2fyx1nlcnzpy2vfq29uc29szsisimfwcfr5cguioijdb25zb2xliiwiyxbwtmftzxnwywnlijoiyyisimxvy2f0aw9uijoizm9yy2u6b2jqzwn0sg9tzurlc2t0b3ailcjzb2jqzwn0vhlwzsi6iknvbw1pdhrlzv9fyyj9fswiz3jvdxbjzci6ikrfrkfvtfqifswic3rhdguiont9fq%3d%3d</small> </font> </div>
<div class="test-event"> <font color="maroon"> <small> &emsp; &emsp;--- 15 Oct 12:09:18 045 - <b>0</b> - Page Load Wait: (Sync) - ICar.support.Utils.waitForPageLoad(Utils.java:109)</small> </font> </div>
<div class="test-event"> <font color="maroon"> <small> &emsp; &emsp;--- 15 Oct 12:09:18 781 - Page URL:: https://i-car--staging.sandbox.lightning.force.com/one/one.app#eyjjb21wb25lbnrezwyioijmb3jjzvnlyxjjadpzzwfyy2hqywdlrgvza3rvccisimf0dhjpynv0zxmionsidgvybsi6ijiynzkzmtiilcjzy29wzu1hcci6eyj0exblijoive9qx1jfu1vmvfmilcjuyw1lc3bhy2uioiiilcjsywjlbci6ilrvccbszxn1bhrziiwibgfizwxqbhvyywwioijub3agumvzdwx0cyisinjlc3vsdhndbxaioijmb3jjzvnlyxjjadpwcmvkawn0zwrszxn1bhrzin0simnvbnrlehqionsirklmvevsuyi6e30sinnlyxjjafnvdxjjzsi6ikftu0ltvefovf9esufmt0cilcjkaxnhymxlsw50zw50uxvlcnkiomzhbhnllcjkaxnhymxlu3blbgxdb3jyzwn0aw9uijpmywxzzswic2vhcmnorglhbg9nu2vzc2lvbklkijoiytkwntk2ntqtnzi4ny00nmy1ltblytmtodm2zmninzfinze0iiwizgvidwdjbmzvijp7imfwce5hbwuioijjq2fyx1nlcnzpy2vfq29uc29szsisimfwcfr5cguioijdb25zb2xliiwiyxbwtmftzxnwywnlijoiyyisimxvy2f0aw9uijoizm9yy2u6b2jqzwn0sg9tzurlc2t0b3ailcjzb2jqzwn0vhlwzsi6iknvbw1pdhrlzv9fyyj9fswiz3jvdxbjzci6ikrfrkfvtfqifswic3rhdguiont9fq%3d%3d</small> </font> </div>
<div class="test-event"> <font color="maroon"> <small> &emsp; &emsp;--- 15 Oct 12:09:18 781 - <b>0</b> - Page Load Wait: (Sync) - ICar.support.Utils.waitForPageLoad(Utils.java:109)</small> </font> </div>
<div class="test-event"> <font color="maroon"> <small> &emsp; &emsp;--- 15 Oct 12:09:19 511 - Page URL:: https://i-car--staging.sandbox.lightning.force.com/one/one.app#eyjjb21wb25lbnrezwyioijmb3jjzvnlyxjjadpzzwfyy2hqywdlrgvza3rvccisimf0dhjpynv0zxmionsidgvybsi6ijiynzkzmtiilcjzy29wzu1hcci6eyj0exblijoive9qx1jfu1vmvfmilcjuyw1lc3bhy2uioiiilcjsywjlbci6ilrvccbszxn1bhrziiwibgfizwxqbhvyywwioijub3agumvzdwx0cyisinjlc3vsdhndbxaioijmb3jjzvnlyxjjadpwcmvkawn0zwrszxn1bhrzin0simnvbnrlehqionsirklmvevsuyi6e30sinnlyxjjafnvdxjjzsi6ikftu0ltvefovf9esufmt0cilcjkaxnhymxlsw50zw50uxvlcnkiomzhbhnllcjkaxnhymxlu3blbgxdb3jyzwn0aw9uijpmywxzzswic2vhcmnorglhbg9nu2vzc2lvbklkijoiytkwntk2ntqtnzi4ny00nmy1ltblytmtodm2zmninzfinze0iiwizgvidwdjbmzvijp7imfwce5hbwuioijjq2fyx1nlcnzpy2vfq29uc29szsisimfwcfr5cguioijdb25zb2xliiwiyxbwtmftzxnwywnlijoiyyisimxvy2f0aw9uijoizm9yy2u6b2jqzwn0sg9tzurlc2t0b3ailcjzb2jqzwn0vhlwzsi6iknvbw1pdhrlzv9fyyj9fswiz3jvdxbjzci6ikrfrkfvtfqifswic3rhdguiont9fq%3d%3d</small> </font> </div>
<div class="test-event"> <font color="maroon"> <small> &emsp; &emsp;--- 15 Oct 12:09:19 512 - <b>0</b> - Page Load Wait: (Sync) - ICar.support.Utils.waitForPageLoad(Utils.java:109)</small> </font> </div>
<div class="test-event"> <font color="maroon"> <small> &emsp; &emsp;--- 15 Oct 12:09:27 899 - Catched spinner load exception due to Expected condition failed: waiting for ICar.support.WaitUtils$4@3e310ae5 (tried for 8 second(s) with 500 milliseconds interval)</small> </font> </div>
<div class="test-event"> <font color="maroon"> <small> &emsp; &emsp;--- 15 Oct 12:09:27 900 - <b>8</b> - Spinner Load Wait: (Sync) - ICar.support.WaitUtils.waitForSpinner(WaitUtils.java:225)</small> </font> </div>
<div class="test-event"> <font color="maroon"> <small> &emsp; &emsp;--- 15 Oct 12:09:28 601 - Page URL:: https://i-car--staging.sandbox.lightning.force.com/one/one.app#eyjjb21wb25lbnrezwyioijmb3jjzvnlyxjjadpzzwfyy2hqywdlrgvza3rvccisimf0dhjpynv0zxmionsidgvybsi6ijiynzkzmtiilcjzy29wzu1hcci6eyj0exblijoive9qx1jfu1vmvfmilcjuyw1lc3bhy2uioiiilcjsywjlbci6ilrvccbszxn1bhrziiwibgfizwxqbhvyywwioijub3agumvzdwx0cyisinjlc3vsdhndbxaioijmb3jjzvnlyxjjadpwcmvkawn0zwrszxn1bhrzin0simnvbnrlehqionsirklmvevsuyi6e30sinnlyxjjafnvdxjjzsi6ikftu0ltvefovf9esufmt0cilcjkaxnhymxlsw50zw50uxvlcnkiomzhbhnllcjkaxnhymxlu3blbgxdb3jyzwn0aw9uijpmywxzzswic2vhcmnorglhbg9nu2vzc2lvbklkijoiytkwntk2ntqtnzi4ny00nmy1ltblytmtodm2zmninzfinze0iiwizgvidwdjbmzvijp7imfwce5hbwuioijjq2fyx1nlcnzpy2vfq29uc29szsisimfwcfr5cguioijdb25zb2xliiwiyxbwtmftzxnwywnlijoiyyisimxvy2f0aw9uijoizm9yy2u6b2jqzwn0sg9tzurlc2t0b3ailcjzb2jqzwn0vhlwzsi6iknvbw1pdhrlzv9fyyj9fswiz3jvdxbjzci6ikrfrkfvtfqifswic3rhdguiont9fq%3d%3d</small> </font> </div>
<div class="test-event"> <font color="maroon"> <small> &emsp; &emsp;--- 15 Oct 12:09:28 601 - <b>0</b> - Page Load Wait: (Sync) - ICar.support.Utils.waitForPageLoad(Utils.java:109)</small> </font> </div>
<div class="test-event"> <font color="maroon"> <small> &emsp; &emsp;--- 15 Oct 12:09:30 765 - Element is displayed:: [[ChromeDriver: chrome on WINDOWS (b877d58e541e04ab77117bf4c40ff9eb)] -> xpath: //div[contains(@class,'forceSearchResultsRegion')]//div[contains(@class,'resultsMultiWrapper')]/div/div[1]//following::h2//a]</small> </font> </div>
<div class="test-event"> <font color="maroon"> <small> &emsp; &emsp;--- 15 Oct 12:09:31 068 - Element is displayed:: [[ChromeDriver: chrome on WINDOWS (b877d58e541e04ab77117bf4c40ff9eb)] -> xpath: //a[text()='Contacts']]</small> </font> </div>
<div class="test-event"> <font color="maroon"> <small> &emsp; &emsp;--- 15 Oct 12:09:35 089 - Element is displayed:: [[ChromeDriver: chrome on WINDOWS (b877d58e541e04ab77117bf4c40ff9eb)] -> xpath: //div[text()='Contacts']//following :: table//tbody//th//span /a]</small> </font> </div>
<div class="test-message">&emsp;4.Enter ICAR ID  2279312</div>
<div class="test-event"> <font color="maroon"> <small> &emsp; &emsp;--- 15 Oct 12:09:50 658 - Catched spinner load exception due to Expected condition failed: waiting for ICar.support.WaitUtils$4@3e310ae5 (tried for 15 second(s) with 500 milliseconds interval)</small> </font> </div>
<div class="test-event"> <font color="maroon"> <small> &emsp; &emsp;--- 15 Oct 12:09:50 658 - <b>15</b> - Spinner Load Wait: (Sync) - ICar.support.WaitUtils.waitForSpinner(WaitUtils.java:225)</small> </font> </div>
<div class="test-event"> <font color="maroon"> <small> &emsp; &emsp;--- 15 Oct 12:09:51 224 - Page URL:: https://i-car--staging.sandbox.lightning.force.com/lightning/r/contact/0031i00000oeh1aqaa/view</small> </font> </div>
<div class="test-event"> <font color="maroon"> <small> &emsp; &emsp;--- 15 Oct 12:09:51 224 - <b>0</b> - Page Load Wait: (Sync) - ICar.support.Utils.waitForPageLoad(Utils.java:109)</small> </font> </div>
<div class="test-event"> <font color="maroon"> <small> &emsp; &emsp;--- 15 Oct 12:10:06 348 - Catched spinner load exception due to Expected condition failed: waiting for ICar.support.WaitUtils$4@3e310ae5 (tried for 15 second(s) with 500 milliseconds interval)</small> </font> </div>
<div class="test-event"> <font color="maroon"> <small> &emsp; &emsp;--- 15 Oct 12:10:06 348 - <b>15</b> - Spinner Load Wait: (Sync) - ICar.support.WaitUtils.waitForSpinner(WaitUtils.java:225)</small> </font> </div>
<div class="test-event"> <font color="maroon"> <small> &emsp; &emsp;--- 15 Oct 12:10:06 407 - Element is displayed:: [[ChromeDriver: chrome on WINDOWS (b877d58e541e04ab77117bf4c40ff9eb)] -> xpath: //button[text()='Access Shopping Cart - New']]</small> </font> </div>
<div class="test-event"> <font color="maroon"> <small> &emsp; &emsp;--- 15 Oct 12:10:08 524 - Element is displayed:: [[ChromeDriver: chrome on WINDOWS (b877d58e541e04ab77117bf4c40ff9eb)] -> xpath: //button[text()='Access Shopping Cart - New']]</small> </font> </div>
<div class="test-event"> <font color="maroon"> <small> &emsp; &emsp;--- 15 Oct 12:10:17 560 - Page URL:: https://i-car--staging.sandbox.lightning.force.com/lightning/r/contact/0031i00000oeh1aqaa/view</small> </font> </div>
<div class="test-event"> <font color="maroon"> <small> &emsp; &emsp;--- 15 Oct 12:10:17 560 - <b>0</b> - Page Load Wait: (Sync) - ICar.support.Utils.waitForPageLoad(Utils.java:109)</small> </font> </div>
<div class="test-event"> <font color="maroon"> <small> &emsp; &emsp;--- 15 Oct 12:10:40 785 - Catched spinner load exception due to Expected condition failed: waiting for ICar.support.WaitUtils$4@3e310ae5 (tried for 10 second(s) with 500 milliseconds interval)</small> </font> </div>
<div class="test-event"> <font color="maroon"> <small> &emsp; &emsp;--- 15 Oct 12:10:40 785 - <b>10</b> - Spinner Load Wait: (Sync) - ICar.support.WaitUtils.waitForSpinner(WaitUtils.java:225)</small> </font> </div>
<div class="test-event"> <font color="maroon"> <small> &emsp; &emsp;--- 15 Oct 12:10:40 871 - Element is displayed:: [[ChromeDriver: chrome on WINDOWS (b877d58e541e04ab77117bf4c40ff9eb)] -> xpath: //button[@value='Launch My Learning']]</small> </font> </div>
<div class="test-message">&emsp;5. Clicked the 'Access Shoping cart'  & Navigated to the user home page.</div>
<div class="test-message">&emsp;Successfully validated -Access committee portal link hided</div>
<div class="test-result"><br><font color="green"><strong> Test Passed. </strong></font> </div>&emsp;
&emsp;<div class="test-title"> <strong><font size = "3" color = "#0000FF">---Test Execution Ends---</font> </strong> </div>&emsp;]]>
    </system-out>
  </testcase> <!-- B2B1002_TC03 -->
  <testcase classname="CommitteeTestscripts.CommitteeTestscripts" name="B2B1104_TC03" time="557.864">
    <error message="Click on view all link not found in page!!" type="java.lang.Exception">
      <![CDATA[java.lang.Exception: Click on view all link not found in page!!
at ICar.support.BrowserActions.javascriptClick(BrowserActions.java:305)
at ICar.Pages.SalesForcePages.clickCommitteeGoalFilesViewAllLink(SalesForcePages.java:32940)
at CommitteeTestscripts.CommitteeTestscripts.B2B1104_TC03(CommitteeTestscripts.java:1811)
at java.base/jdk.internal.reflect.NativeMethodAccessorImpl.invoke0(Native Method)
at java.base/jdk.internal.reflect.NativeMethodAccessorImpl.invoke(NativeMethodAccessorImpl.java:78)
at java.base/jdk.internal.reflect.DelegatingMethodAccessorImpl.invoke(DelegatingMethodAccessorImpl.java:43)
at java.base/java.lang.reflect.Method.invoke(Method.java:567)
at org.testng.internal.invokers.MethodInvocationHelper.invokeMethod(MethodInvocationHelper.java:139)
at org.testng.internal.invokers.TestInvoker.invokeMethod(TestInvoker.java:664)
at org.testng.internal.invokers.TestInvoker.invokeTestMethod(TestInvoker.java:227)
at org.testng.internal.invokers.TestMethodWithDataProviderMethodWorker.call(TestMethodWithDataProviderMethodWorker.java:80)
at org.testng.internal.invokers.TestMethodWithDataProviderMethodWorker.call(TestMethodWithDataProviderMethodWorker.java:17)
at java.base/java.util.concurrent.FutureTask.run(FutureTask.java:264)
at java.base/java.util.concurrent.Executors$RunnableAdapter.call(Executors.java:515)
at java.base/java.util.concurrent.FutureTask.run(FutureTask.java:264)
at java.base/java.util.concurrent.ThreadPoolExecutor.runWorker(ThreadPoolExecutor.java:1130)
at java.base/java.util.concurrent.ThreadPoolExecutor$Worker.run(ThreadPoolExecutor.java:630)
at java.base/java.lang.Thread.run(Thread.java:831)
]]>
    </error>
    <system-out>
      <![CDATA[<div class="test-event"> <font color="maroon"> <small> &emsp; &emsp;--- 15 Oct 12:55:21 375 - TestCaseID:: B2B1104_TC03</small> </font> </div>
<div class="test-event"> <font color="maroon"> <small> &emsp; &emsp;--- 15 Oct 12:55:47 623 - <b>26</b> - Driver::initialize::Get - ICar.support.WebDriverFactory.getDriver(WebDriverFactory.java:640)</small> </font> </div>
&emsp;<div class="test-title"> <strong><font size = "3" color = "#000080">Committee Officer should be able to add a file and that file can be viewed in the portal</font> </strong> </div>&emsp;<div><strong>Steps:</strong></div><!-- Report -->&emsp;
<div class="test-event"> <font color="maroon"> <small> &emsp; &emsp;--- 15 Oct 12:56:03 214 - Page URL:: data:,</small> </font> </div>
<div class="test-event"> <font color="maroon"> <small> &emsp; &emsp;--- 15 Oct 12:56:03 215 - <b>0</b> - Page Load Wait: (Sync) - ICar.support.Utils.waitForPageLoad(Utils.java:109)</small> </font> </div>
<div class="test-event"> <font color="maroon"> <small> &emsp; &emsp;--- 15 Oct 12:56:03 360 - Page URL:: data:,</small> </font> </div>
<div class="test-event"> <font color="maroon"> <small> &emsp; &emsp;--- 15 Oct 12:56:03 360 - <b>0</b> - Page Load Wait: (Sync) - ICar.support.Utils.waitForPageLoad(Utils.java:109)</small> </font> </div>
<div class="test-event"> <font color="maroon"> <small> &emsp; &emsp;--- 15 Oct 12:56:08 486 - Page URL:: https://i-car--staging.sandbox.my.salesforce.com/</small> </font> </div>
<div class="test-event"> <font color="maroon"> <small> &emsp; &emsp;--- 15 Oct 12:56:08 486 - <b>4</b> - Page Load Wait: (Sync) - ICar.support.Utils.waitForPageLoad(Utils.java:109)</small> </font> </div>
<div class="test-message">&emsp;Successfully navigated to 'Login' Page&emsp;<a href=".\ScreenShot\B2B1104_TC03_1259163568993200.png" target="_blank" >[ScreenShot]</a></div>
<div class="test-message">&emsp;1. Login page is launched.</div>
<div class="test-event"> <font color="maroon"> <small> &emsp; &emsp;--- 15 Oct 12:56:08 843 - Element is displayed:: [[ChromeDriver: chrome on WINDOWS (1ab6fe09772bac825b7dcfa28c7ea844)] -> id: username]</small> </font> </div>
<div class="test-event"> <font color="maroon"> <small> &emsp; &emsp;--- 15 Oct 12:56:08 947 - Element is displayed:: [[ChromeDriver: chrome on WINDOWS (1ab6fe09772bac825b7dcfa28c7ea844)] -> id: username]</small> </font> </div>
<div class="test-event"> <font color="maroon"> <small> &emsp; &emsp;--- 15 Oct 12:56:09 401 - Element is displayed:: [[ChromeDriver: chrome on WINDOWS (1ab6fe09772bac825b7dcfa28c7ea844)] -> id: password]</small> </font> </div>
<div class="test-event"> <font color="maroon"> <small> &emsp; &emsp;--- 15 Oct 12:56:09 636 - Element is displayed:: [[ChromeDriver: chrome on WINDOWS (1ab6fe09772bac825b7dcfa28c7ea844)] -> id: Login]</small> </font> </div>
<div class="test-event"> <font color="maroon"> <small> &emsp; &emsp;--- 15 Oct 12:56:58 942 - Catched spinner load exception due to Expected condition failed: waiting for ICar.support.WaitUtils$4@3e310ae5 (tried for 13 second(s) with 500 milliseconds interval)</small> </font> </div>
<div class="test-event"> <font color="maroon"> <small> &emsp; &emsp;--- 15 Oct 12:56:58 942 - <b>13</b> - Spinner Load Wait: (Sync) - ICar.support.WaitUtils.waitForSpinner(WaitUtils.java:225)</small> </font> </div>
<div class="test-event"> <font color="maroon"> <small> &emsp; &emsp;--- 15 Oct 12:57:19 373 - Catched spinner load exception due to Expected condition failed: waiting for ICar.support.WaitUtils$4@3e310ae5 (tried for 6 second(s) with 500 milliseconds interval)</small> </font> </div>
<div class="test-event"> <font color="maroon"> <small> &emsp; &emsp;--- 15 Oct 12:57:19 373 - <b>6</b> - Spinner Load Wait: (Sync) - ICar.support.WaitUtils.waitForSpinner(WaitUtils.java:225)</small> </font> </div>
<div class="test-event"> <font color="maroon"> <small> &emsp; &emsp;--- 15 Oct 12:57:19 461 - Element is displayed:: [[ChromeDriver: chrome on WINDOWS (1ab6fe09772bac825b7dcfa28c7ea844)] -> css selector: button[class*='search-button']]</small> </font> </div>
<div class="test-message">&emsp;2. Navigate to 'SalesForce Page'</div>
<div class="test-event"> <font color="maroon"> <small> &emsp; &emsp;--- 15 Oct 12:57:19 809 - Page URL:: https://i-car--staging.sandbox.lightning.force.com/lightning/r/committee_goal__c/a5q8w000000h9u4qac/related/attachedcontentdocuments/view?ws=%2flightning%2fr%2fcommittee_member__c%2fa371i000000ir8rqaa%2fview</small> </font> </div>
<div class="test-event"> <font color="maroon"> <small> &emsp; &emsp;--- 15 Oct 12:57:19 809 - <b>0</b> - Page Load Wait: (Sync) - ICar.support.Utils.waitForPageLoad(Utils.java:109)</small> </font> </div>
<div class="test-event"> <font color="maroon"> <small> &emsp; &emsp;--- 15 Oct 12:57:25 342 - Page URL:: https://i-car--staging.sandbox.lightning.force.com/lightning/r/committee_goal__c/a5q8w000000h9u4qac/related/attachedcontentdocuments/view?ws=%2flightning%2fr%2fcommittee_member__c%2fa371i000000ir8rqaa%2fview</small> </font> </div>
<div class="test-event"> <font color="maroon"> <small> &emsp; &emsp;--- 15 Oct 12:57:25 342 - <b>0</b> - Page Load Wait: (Sync) - ICar.support.Utils.waitForPageLoad(Utils.java:109)</small> </font> </div>
<div class="test-message">&emsp;Close the tab</div>
<div class="test-message">&emsp;Successfully navigated to 'Login' Page&emsp;<a href=".\ScreenShot\B2B1104_TC03_1259245686744100.png" target="_blank" >[ScreenShot]</a></div>
<div class="test-event"> <font color="maroon"> <small> &emsp; &emsp;--- 15 Oct 12:57:30 978 - Page URL:: https://i-car--staging.sandbox.lightning.force.com/lightning/o/committee__c/list?filtername=__recent</small> </font> </div>
<div class="test-event"> <font color="maroon"> <small> &emsp; &emsp;--- 15 Oct 12:57:30 978 - <b>0</b> - Page Load Wait: (Sync) - ICar.support.Utils.waitForPageLoad(Utils.java:109)</small> </font> </div>
<div class="test-event"> <font color="maroon"> <small> &emsp; &emsp;--- 15 Oct 12:57:31 023 - Element is displayed:: [[ChromeDriver: chrome on WINDOWS (1ab6fe09772bac825b7dcfa28c7ea844)] -> css selector: button[class*='search-button']]</small> </font> </div>
<div class="test-event"> <font color="maroon"> <small> &emsp; &emsp;--- 15 Oct 12:57:33 110 - Catched spinner load exception due to Expected condition failed: waiting for ICar.support.WaitUtils$4@3e310ae5 (tried for 2 second(s) with 500 milliseconds interval)</small> </font> </div>
<div class="test-event"> <font color="maroon"> <small> &emsp; &emsp;--- 15 Oct 12:57:33 111 - <b>2</b> - Spinner Load Wait: (Sync) - ICar.support.WaitUtils.waitForSpinner(WaitUtils.java:225)</small> </font> </div>
<div class="test-event"> <font color="maroon"> <small> &emsp; &emsp;--- 15 Oct 12:57:36 195 - Element is displayed:: [[ChromeDriver: chrome on WINDOWS (1ab6fe09772bac825b7dcfa28c7ea844)] -> css selector: button[class*='search-button']]</small> </font> </div>
<div class="test-event"> <font color="maroon"> <small> &emsp; &emsp;--- 15 Oct 12:57:36 879 - Page URL:: https://i-car--staging.sandbox.lightning.force.com/lightning/o/committee__c/list?filtername=__recent</small> </font> </div>
<div class="test-event"> <font color="maroon"> <small> &emsp; &emsp;--- 15 Oct 12:57:36 879 - <b>0</b> - Page Load Wait: (Sync) - ICar.support.Utils.waitForPageLoad(Utils.java:109)</small> </font> </div>
<div class="test-event"> <font color="maroon"> <small> &emsp; &emsp;--- 15 Oct 12:57:53 930 - Catched spinner load exception due to Expected condition failed: waiting for ICar.support.WaitUtils$4@3e310ae5 (tried for 10 second(s) with 500 milliseconds interval)</small> </font> </div>
<div class="test-event"> <font color="maroon"> <small> &emsp; &emsp;--- 15 Oct 12:57:53 930 - <b>10</b> - Spinner Load Wait: (Sync) - ICar.support.WaitUtils.waitForSpinner(WaitUtils.java:225)</small> </font> </div>
<div class="test-event"> <font color="maroon"> <small> &emsp; &emsp;--- 15 Oct 12:57:54 348 - Page URL:: https://i-car--staging.sandbox.lightning.force.com/one/one.app#eyjjb21wb25lbnrezwyioijmb3jjzvnlyxjjadpzzwfyy2hqywdlrgvza3rvccisimf0dhjpynv0zxmionsidgvybsi6ikfszxnzyw5kcmegqwnvc3rhoju0mc0wnzk5ievsifbhc28sifryiiwic2nvcgvnyxaionsidhlwzsi6ilrpuf9srvnvtfrtiiwibmftzxnwywnlijoiiiwibgfizwwioijub3agumvzdwx0cyisimxhymvsugx1cmfsijoivg9wifjlc3vsdhmilcjyzxn1bhrzq21wijoizm9yy2vtzwfyy2g6chjlzgljdgvkumvzdwx0cyj9lcjjb250zxh0ijp7ikzjtfrfulmiont9lcjzzwfyy2htb3vyy2uioijbu1nju1rbtlrfrelbte9hiiwizglzywjszuludgvudff1zxj5ijpmywxzzswizglzywjszvnwzwxsq29ycmvjdglvbii6zmfsc2usinnlyxjjaerpywxvz1nlc3npb25jzci6ijdinzg2ntdklwrjzgutzjeync1jnmvjltfkn2u5mzk2othjmsisimrlynvnsw5mbyi6eyjhchboyw1lijoisunhcl9tzxj2awnlx0nvbnnvbguilcjhchbuexblijoiq29uc29szsisimfwce5hbwvzcgfjzsi6immilcjsb2nhdglvbii6imzvcmnlom9iamvjdehvbwvezxnrdg9wiiwic29iamvjdfr5cguioijdb21taxr0zwvfx2mifx0simdyb3vwswqioijeruzbvuxuin0sinn0yxrlijp7fx0%3d</small> </font> </div>
<div class="test-event"> <font color="maroon"> <small> &emsp; &emsp;--- 15 Oct 12:57:54 348 - <b>0</b> - Page Load Wait: (Sync) - ICar.support.Utils.waitForPageLoad(Utils.java:109)</small> </font> </div>
<div class="test-event"> <font color="maroon"> <small> &emsp; &emsp;--- 15 Oct 12:57:54 641 - Page URL:: https://i-car--staging.sandbox.lightning.force.com/one/one.app#eyjjb21wb25lbnrezwyioijmb3jjzvnlyxjjadpzzwfyy2hqywdlrgvza3rvccisimf0dhjpynv0zxmionsidgvybsi6ikfszxnzyw5kcmegqwnvc3rhoju0mc0wnzk5ievsifbhc28sifryiiwic2nvcgvnyxaionsidhlwzsi6ilrpuf9srvnvtfrtiiwibmftzxnwywnlijoiiiwibgfizwwioijub3agumvzdwx0cyisimxhymvsugx1cmfsijoivg9wifjlc3vsdhmilcjyzxn1bhrzq21wijoizm9yy2vtzwfyy2g6chjlzgljdgvkumvzdwx0cyj9lcjjb250zxh0ijp7ikzjtfrfulmiont9lcjzzwfyy2htb3vyy2uioijbu1nju1rbtlrfrelbte9hiiwizglzywjszuludgvudff1zxj5ijpmywxzzswizglzywjszvnwzwxsq29ycmvjdglvbii6zmfsc2usinnlyxjjaerpywxvz1nlc3npb25jzci6ijdinzg2ntdklwrjzgutzjeync1jnmvjltfkn2u5mzk2othjmsisimrlynvnsw5mbyi6eyjhchboyw1lijoisunhcl9tzxj2awnlx0nvbnnvbguilcjhchbuexblijoiq29uc29szsisimfwce5hbwvzcgfjzsi6immilcjsb2nhdglvbii6imzvcmnlom9iamvjdehvbwvezxnrdg9wiiwic29iamvjdfr5cguioijdb21taxr0zwvfx2mifx0simdyb3vwswqioijeruzbvuxuin0sinn0yxrlijp7fx0%3d</small> </font> </div>
<div class="test-event"> <font color="maroon"> <small> &emsp; &emsp;--- 15 Oct 12:57:54 642 - <b>0</b> - Page Load Wait: (Sync) - ICar.support.Utils.waitForPageLoad(Utils.java:109)</small> </font> </div>
<div class="test-event"> <font color="maroon"> <small> &emsp; &emsp;--- 15 Oct 12:58:05 021 - Catched spinner load exception due to Expected condition failed: waiting for ICar.support.WaitUtils$4@3e310ae5 (tried for 10 second(s) with 500 milliseconds interval)</small> </font> </div>
<div class="test-event"> <font color="maroon"> <small> &emsp; &emsp;--- 15 Oct 12:58:05 021 - <b>10</b> - Spinner Load Wait: (Sync) - ICar.support.WaitUtils.waitForSpinner(WaitUtils.java:225)</small> </font> </div>
<div class="test-event"> <font color="maroon"> <small> &emsp; &emsp;--- 15 Oct 12:58:05 055 - Element is displayed:: [[ChromeDriver: chrome on WINDOWS (1ab6fe09772bac825b7dcfa28c7ea844)] -> css selector: div.forceSearchResultsRegion div.resultsMultiWrapper >div > div table tbody th a]</small> </font> </div>
<div class="test-event"> <font color="maroon"> <small> &emsp; &emsp;--- 15 Oct 12:58:05 196 - Element is displayed:: [[ChromeDriver: chrome on WINDOWS (1ab6fe09772bac825b7dcfa28c7ea844)] -> css selector: div.forceSearchResultsRegion div.resultsMultiWrapper >div > div table tbody th a]</small> </font> </div>
<div class="test-message">&emsp;6.Click on committee link</div>
<div class="test-event"> <font color="maroon"> <small> &emsp; &emsp;--- 15 Oct 12:58:05 905 - Page URL:: https://i-car--staging.sandbox.lightning.force.com/one/one.app#eyjjb21wb25lbnrezwyioijmb3jjzvnlyxjjadpzzwfyy2hqywdlrgvza3rvccisimf0dhjpynv0zxmionsidgvybsi6ikfszxnzyw5kcmegqwnvc3rhoju0mc0wnzk5ievsifbhc28sifryiiwic2nvcgvnyxaionsidhlwzsi6ilrpuf9srvnvtfrtiiwibmftzxnwywnlijoiiiwibgfizwwioijub3agumvzdwx0cyisimxhymvsugx1cmfsijoivg9wifjlc3vsdhmilcjyzxn1bhrzq21wijoizm9yy2vtzwfyy2g6chjlzgljdgvkumvzdwx0cyj9lcjjb250zxh0ijp7ikzjtfrfulmiont9lcjzzwfyy2htb3vyy2uioijbu1nju1rbtlrfrelbte9hiiwizglzywjszuludgvudff1zxj5ijpmywxzzswizglzywjszvnwzwxsq29ycmvjdglvbii6zmfsc2usinnlyxjjaerpywxvz1nlc3npb25jzci6ijdinzg2ntdklwrjzgutzjeync1jnmvjltfkn2u5mzk2othjmsisimrlynvnsw5mbyi6eyjhchboyw1lijoisunhcl9tzxj2awnlx0nvbnnvbguilcjhchbuexblijoiq29uc29szsisimfwce5hbwvzcgfjzsi6immilcjsb2nhdglvbii6imzvcmnlom9iamvjdehvbwvezxnrdg9wiiwic29iamvjdfr5cguioijdb21taxr0zwvfx2mifx0simdyb3vwswqioijeruzbvuxuin0sinn0yxrlijp7fx0%3d</small> </font> </div>
<div class="test-event"> <font color="maroon"> <small> &emsp; &emsp;--- 15 Oct 12:58:05 905 - <b>0</b> - Page Load Wait: (Sync) - ICar.support.Utils.waitForPageLoad(Utils.java:109)</small> </font> </div>
<div class="test-event"> <font color="maroon"> <small> &emsp; &emsp;--- 15 Oct 12:58:05 995 - Element is displayed:: [[ChromeDriver: chrome on WINDOWS (1ab6fe09772bac825b7dcfa28c7ea844)] -> xpath: //records-record-layout-item[@field-label='Committee']//div[contains(@data-target-selection-name,'Committee__c')]//slot[1]//records-hoverable-link//a]</small> </font> </div>
<div class="test-event"> <font color="maroon"> <small> &emsp; &emsp;--- 15 Oct 12:58:06 097 - Element is displayed:: [[ChromeDriver: chrome on WINDOWS (1ab6fe09772bac825b7dcfa28c7ea844)] -> xpath: //records-record-layout-item[@field-label='Committee']//div[contains(@data-target-selection-name,'Committee__c')]//slot[1]//records-hoverable-link//a]</small> </font> </div>
<div class="test-event"> <font color="maroon"> <small> &emsp; &emsp;--- 15 Oct 12:58:06 557 - Page URL:: https://i-car--staging.sandbox.lightning.force.com/lightning/r/committee__c/a381i0000006tc9qai/view?ws=%2flightning%2fr%2fcommittee_member__c%2fa371i000000ir8rqaa%2fview</small> </font> </div>
<div class="test-event"> <font color="maroon"> <small> &emsp; &emsp;--- 15 Oct 12:58:06 557 - <b>0</b> - Page Load Wait: (Sync) - ICar.support.Utils.waitForPageLoad(Utils.java:109)</small> </font> </div>
<div class="test-event"> <font color="maroon"> <small> &emsp; &emsp;--- 15 Oct 12:58:15 033 - Catched spinner load exception due to Expected condition failed: waiting for ICar.support.WaitUtils$4@3e310ae5 (tried for 8 second(s) with 500 milliseconds interval)</small> </font> </div>
<div class="test-event"> <font color="maroon"> <small> &emsp; &emsp;--- 15 Oct 12:58:15 033 - <b>8</b> - Spinner Load Wait: (Sync) - ICar.support.WaitUtils.waitForSpinner(WaitUtils.java:225)</small> </font> </div>
<div class="test-event"> <font color="maroon"> <small> &emsp; &emsp;--- 15 Oct 12:58:15 096 - Element is displayed:: [[ChromeDriver: chrome on WINDOWS (1ab6fe09772bac825b7dcfa28c7ea844)] -> xpath: //span[text()='Committee Goals (Active Goals)']/parent::span]</small> </font> </div>
<div class="test-event"> <font color="maroon"> <small> &emsp; &emsp;--- 15 Oct 12:58:17 592 - Element is displayed:: [[ChromeDriver: chrome on WINDOWS (1ab6fe09772bac825b7dcfa28c7ea844)] -> xpath: //span[text()='Committee Goals (Active Goals)']/parent::span]</small> </font> </div>
<div class="test-event"> <font color="maroon"> <small> &emsp; &emsp;--- 15 Oct 12:58:23 003 - Page URL:: https://i-car--staging.sandbox.lightning.force.com/lightning/r/committee__c/a381i0000006tc9qai/related/committee_goals1__r/view?ws=%2flightning%2fr%2fcommittee_member__c%2fa371i000000ir8rqaa%2fview</small> </font> </div>
<div class="test-event"> <font color="maroon"> <small> &emsp; &emsp;--- 15 Oct 12:58:23 004 - Page Load Wait </small> </font> </div>
<div class="test-event"> <font color="maroon"> <small> &emsp; &emsp;--- 15 Oct 12:58:23 926 - Page URL:: https://i-car--staging.sandbox.lightning.force.com/lightning/r/committee__c/a381i0000006tc9qai/related/committee_goals1__r/view?ws=%2flightning%2fr%2fcommittee_member__c%2fa371i000000ir8rqaa%2fview</small> </font> </div>
<div class="test-event"> <font color="maroon"> <small> &emsp; &emsp;--- 15 Oct 12:58:23 926 - <b>0</b> - Page Load Wait: (Sync) - ICar.support.Utils.waitForPageLoad(Utils.java:109)</small> </font> </div>
<div class="test-event"> <font color="maroon"> <small> &emsp; &emsp;--- 15 Oct 12:58:32 315 - Catched spinner load exception due to Expected condition failed: waiting for ICar.support.WaitUtils$4@3e310ae5 (tried for 8 second(s) with 500 milliseconds interval)</small> </font> </div>
<div class="test-event"> <font color="maroon"> <small> &emsp; &emsp;--- 15 Oct 12:58:32 315 - <b>8</b> - Spinner Load Wait: (Sync) - ICar.support.WaitUtils.waitForSpinner(WaitUtils.java:225)</small> </font> </div>
<div class="test-event"> <font color="maroon"> <small> &emsp; &emsp;--- 15 Oct 12:58:32 363 - Element is displayed:: [[ChromeDriver: chrome on WINDOWS (1ab6fe09772bac825b7dcfa28c7ea844)] -> xpath: (//table[@aria-label='Committee Goals (Active Goals)'])[last()]/tbody/tr/th/span/a|(//table[@aria-label='Committee Goals (Active Goals)'])[last()]/tbody/tr/th//a]</small> </font> </div>
<div class="test-message">&emsp;Active Goal details are displayed</div>
<div class="test-message">&emsp;8.Click on view all link of file upload</div>
<div class="test-event"> <font color="maroon"> <small> &emsp; &emsp;--- 15 Oct 12:58:43 520 - Page URL:: https://i-car--staging.sandbox.lightning.force.com/lightning/r/committee_goal__c/a5q8w000000h9u4qac/view?ws=%2flightning%2fr%2fcommittee_member__c%2fa371i000000ir8rqaa%2fview</small> </font> </div>
<div class="test-event"> <font color="maroon"> <small> &emsp; &emsp;--- 15 Oct 12:58:43 520 - <b>0</b> - Page Load Wait: (Sync) - ICar.support.Utils.waitForPageLoad(Utils.java:109)</small> </font> </div>
<div class="test-event"> <font color="maroon"> <small> &emsp; &emsp;--- 15 Oct 12:59:01 697 - Catched spinner load exception due to Expected condition failed: waiting for ICar.support.WaitUtils$4@3e310ae5 (tried for 18 second(s) with 500 milliseconds interval)</small> </font> </div>
<div class="test-event"> <font color="maroon"> <small> &emsp; &emsp;--- 15 Oct 12:59:01 697 - <b>18</b> - Spinner Load Wait: (Sync) - ICar.support.WaitUtils.waitForSpinner(WaitUtils.java:225)</small> </font> </div>
<div class="test-event"> <font color="maroon"> <small> &emsp; &emsp;--- 15 Oct 12:59:02 583 - Page URL:: https://i-car--staging.sandbox.lightning.force.com/lightning/r/committee_goal__c/a5q8w000000h9u4qac/view?ws=%2flightning%2fr%2fcommittee_member__c%2fa371i000000ir8rqaa%2fview</small> </font> </div>
<div class="test-event"> <font color="maroon"> <small> &emsp; &emsp;--- 15 Oct 12:59:02 584 - <b>0</b> - Page Load Wait: (Sync) - ICar.support.Utils.waitForPageLoad(Utils.java:109)</small> </font> </div>
<div class="test-event"> <font color="maroon"> <small> &emsp; &emsp;--- 15 Oct 12:59:03 626 - Page URL:: https://i-car--staging.sandbox.lightning.force.com/lightning/r/committee_goal__c/a5q8w000000h9u4qac/view?ws=%2flightning%2fr%2fcommittee_member__c%2fa371i000000ir8rqaa%2fview</small> </font> </div>
<div class="test-event"> <font color="maroon"> <small> &emsp; &emsp;--- 15 Oct 12:59:03 627 - <b>1</b> - Page Load Wait: (Sync) - ICar.support.Utils.waitForPageLoad(Utils.java:109)</small> </font> </div>
<div class="test-event"> <font color="maroon"> <small> &emsp; &emsp;--- 15 Oct 12:59:18 662 - Catched spinner load exception due to Expected condition failed: waiting for ICar.support.WaitUtils$4@3e310ae5 (tried for 15 second(s) with 500 milliseconds interval)</small> </font> </div>
<div class="test-event"> <font color="maroon"> <small> &emsp; &emsp;--- 15 Oct 12:59:18 662 - Spinner Load Wait</small> </font> </div>
<div class="test-event"> <font color="maroon"> <small> &emsp; &emsp;--- 15 Oct 12:59:20 860 - Element is displayed:: [[ChromeDriver: chrome on WINDOWS (1ab6fe09772bac825b7dcfa28c7ea844)] -> xpath: (//span[text()='View All'])[last()]]</small> </font> </div>
<div class="test-message">&emsp;9.Delete existing file with name 'Upload' upload</div>
<div class="test-event"> <font color="maroon"> <small> &emsp; &emsp;--- 15 Oct 12:59:22 128 - Page URL:: https://i-car--staging.sandbox.lightning.force.com/lightning/r/committee_goal__c/a5q8w000000h9u4qac/related/attachedcontentdocuments/view?ws=%2flightning%2fr%2fcommittee_member__c%2fa371i000000ir8rqaa%2fview</small> </font> </div>
<div class="test-event"> <font color="maroon"> <small> &emsp; &emsp;--- 15 Oct 12:59:22 128 - <b>1</b> - Page Load Wait: (Sync) - ICar.support.Utils.waitForPageLoad(Utils.java:109)</small> </font> </div>
<div class="test-event"> <font color="maroon"> <small> &emsp; &emsp;--- 15 Oct 12:59:22 364 - Element is displayed:: [[ChromeDriver: chrome on WINDOWS (1ab6fe09772bac825b7dcfa28c7ea844)] -> xpath: (//table[@aria-label='Files'])[last()]/tbody/tr/td[last()]/span/div/a]</small> </font> </div>
<div class="test-event"> <font color="maroon"> <small> &emsp; &emsp;--- 15 Oct 12:59:27 463 - Element is displayed:: [[ChromeDriver: chrome on WINDOWS (1ab6fe09772bac825b7dcfa28c7ea844)] -> xpath: //div[@class='branding-actions actionMenu']/ul/li/a[@title='Delete']]</small> </font> </div>
<div class="test-event"> <font color="maroon"> <small> &emsp; &emsp;--- 15 Oct 12:59:32 662 - Element is displayed:: [[ChromeDriver: chrome on WINDOWS (1ab6fe09772bac825b7dcfa28c7ea844)] -> xpath: //span[text()='Delete']]</small> </font> </div>
<div class="test-event"> <font color="maroon"> <small> &emsp; &emsp;--- 15 Oct 12:59:43 917 - Element is displayed:: [[ChromeDriver: chrome on WINDOWS (1ab6fe09772bac825b7dcfa28c7ea844)] -> xpath: (//a[@title='Add Files'])[last()]]</small> </font> </div>
<div class="test-event"> <font color="maroon"> <small> &emsp; &emsp;--- 15 Oct 12:59:43 996 - Element is displayed:: [[ChromeDriver: chrome on WINDOWS (1ab6fe09772bac825b7dcfa28c7ea844)] -> xpath: (//a[@title='Add Files'])[last()]]</small> </font> </div>
<div class="test-event"> <font color="maroon"> <small> &emsp; &emsp;--- 15 Oct 12:59:54 223 - Catched spinner load exception due to Expected condition failed: waiting for ICar.support.WaitUtils$4@3e310ae5 (tried for 10 second(s) with 500 milliseconds interval)</small> </font> </div>
<div class="test-event"> <font color="maroon"> <small> &emsp; &emsp;--- 15 Oct 12:59:54 223 - <b>10</b> - Spinner Load Wait: (Sync) - ICar.support.WaitUtils.waitForSpinner(WaitUtils.java:225)</small> </font> </div>
<div class="test-event"> <font color="maroon"> <small> &emsp; &emsp;--- 15 Oct 12:59:55 287 - Page URL:: https://i-car--staging.sandbox.lightning.force.com/lightning/r/committee_goal__c/a5q8w000000h9u4qac/related/attachedcontentdocuments/view?ws=%2flightning%2fr%2fcommittee_member__c%2fa371i000000ir8rqaa%2fview</small> </font> </div>
<div class="test-event"> <font color="maroon"> <small> &emsp; &emsp;--- 15 Oct 12:59:55 287 - <b>1</b> - Page Load Wait: (Sync) - ICar.support.Utils.waitForPageLoad(Utils.java:109)</small> </font> </div>
<div class="test-event"> <font color="maroon"> <small> &emsp; &emsp;--- 15 Oct 12:59:55 340 - Element is displayed:: [[ChromeDriver: chrome on WINDOWS (1ab6fe09772bac825b7dcfa28c7ea844)] -> xpath: //button/span[text()='Upload Files']]</small> </font> </div>
<div class="test-message">&emsp;The file is uploaded from the locationD:\ICar\IcarAutomation-Weekly\ICar-TestAutomation_new\src\main\resources\Upload\upload.pdf</div>
<div class="test-event"> <font color="maroon"> <small> &emsp; &emsp;--- 15 Oct 13:00:03 571 - Page URL:: https://i-car--staging.sandbox.lightning.force.com/lightning/r/committee_goal__c/a5q8w000000h9u4qac/related/attachedcontentdocuments/view?ws=%2flightning%2fr%2fcommittee_member__c%2fa371i000000ir8rqaa%2fview</small> </font> </div>
<div class="test-event"> <font color="maroon"> <small> &emsp; &emsp;--- 15 Oct 13:00:03 571 - <b>1</b> - Page Load Wait: (Sync) - ICar.support.Utils.waitForPageLoad(Utils.java:109)</small> </font> </div>
<div class="test-event"> <font color="maroon"> <small> &emsp; &emsp;--- 15 Oct 13:00:03 634 - Element is displayed:: [[ChromeDriver: chrome on WINDOWS (1ab6fe09772bac825b7dcfa28c7ea844)] -> xpath: //span[text()='Done']]</small> </font> </div>
<div class="test-event"> <font color="maroon"> <small> &emsp; &emsp;--- 15 Oct 13:00:07 678 - Page URL:: https://i-car--staging.sandbox.lightning.force.com/lightning/r/committee_goal__c/a5q8w000000h9u4qac/related/attachedcontentdocuments/view?ws=%2flightning%2fr%2fcommittee_member__c%2fa371i000000ir8rqaa%2fview</small> </font> </div>
<div class="test-event"> <font color="maroon"> <small> &emsp; &emsp;--- 15 Oct 13:00:07 678 - <b>1</b> - Page Load Wait: (Sync) - ICar.support.Utils.waitForPageLoad(Utils.java:109)</small> </font> </div>
<div class="test-event"> <font color="maroon"> <small> &emsp; &emsp;--- 15 Oct 13:00:07 761 - Element is displayed:: [[ChromeDriver: chrome on WINDOWS (1ab6fe09772bac825b7dcfa28c7ea844)] -> xpath: //span[text()='Done']]</small> </font> </div>
<div class="test-message">&emsp;File Upload Completed</div>
<div class="test-message">&emsp;File uploaded successfully and file name is 'Upload1'</div>
<div class="test-event"> <font color="maroon"> <small> &emsp; &emsp;--- 15 Oct 13:00:23 605 - Page URL:: https://i-car--staging.sandbox.lightning.force.com/lightning/r/committee_goal__c/a5q8w000000h9u4qac/related/attachedcontentdocuments/view?ws=%2flightning%2fr%2fcommittee_member__c%2fa371i000000ir8rqaa%2fview</small> </font> </div>
<div class="test-event"> <font color="maroon"> <small> &emsp; &emsp;--- 15 Oct 13:00:23 605 - <b>0</b> - Page Load Wait: (Sync) - ICar.support.Utils.waitForPageLoad(Utils.java:109)</small> </font> </div>
<!--FAILSOFT-->
<div class="test-result"><font color="red">&emsp;Failed to share uploaded file with Alessandra Veronica Acosta</font></div>
<div class="test-event"> <font color="maroon"> <small> &emsp; &emsp;--- 15 Oct 13:00:28 290 - Page URL:: https://i-car--staging.sandbox.lightning.force.com/lightning/r/committee_goal__c/a5q8w000000h9u4qac/related/attachedcontentdocuments/view?ws=%2flightning%2fr%2fcommittee_member__c%2fa371i000000ir8rqaa%2fview</small> </font> </div>
<div class="test-event"> <font color="maroon"> <small> &emsp; &emsp;--- 15 Oct 13:00:28 290 - <b>0</b> - Page Load Wait: (Sync) - ICar.support.Utils.waitForPageLoad(Utils.java:109)</small> </font> </div>
<div class="test-event"> <font color="maroon"> <small> &emsp; &emsp;--- 15 Oct 13:00:34 132 - Page URL:: https://i-car--staging.sandbox.lightning.force.com/lightning/r/committee_goal__c/a5q8w000000h9u4qac/related/attachedcontentdocuments/view?ws=%2flightning%2fr%2fcommittee_member__c%2fa371i000000ir8rqaa%2fview</small> </font> </div>
<div class="test-event"> <font color="maroon"> <small> &emsp; &emsp;--- 15 Oct 13:00:34 132 - <b>0</b> - Page Load Wait: (Sync) - ICar.support.Utils.waitForPageLoad(Utils.java:109)</small> </font> </div>
<div class="test-message">&emsp;Close the tab</div>
<div class="test-event"> <font color="maroon"> <small> &emsp; &emsp;--- 15 Oct 13:00:39 370 - Page URL:: https://i-car--staging.sandbox.lightning.force.com/lightning/o/committee__c/list?filtername=__recent</small> </font> </div>
<div class="test-event"> <font color="maroon"> <small> &emsp; &emsp;--- 15 Oct 13:00:39 370 - <b>0</b> - Page Load Wait: (Sync) - ICar.support.Utils.waitForPageLoad(Utils.java:109)</small> </font> </div>
<div class="test-event"> <font color="maroon"> <small> &emsp; &emsp;--- 15 Oct 13:00:39 412 - Element is displayed:: [[ChromeDriver: chrome on WINDOWS (1ab6fe09772bac825b7dcfa28c7ea844)] -> css selector: button[class*='search-button']]</small> </font> </div>
<div class="test-event"> <font color="maroon"> <small> &emsp; &emsp;--- 15 Oct 13:00:41 541 - Catched spinner load exception due to Expected condition failed: waiting for ICar.support.WaitUtils$4@3e310ae5 (tried for 2 second(s) with 500 milliseconds interval)</small> </font> </div>
<div class="test-event"> <font color="maroon"> <small> &emsp; &emsp;--- 15 Oct 13:00:41 541 - <b>2</b> - Spinner Load Wait: (Sync) - ICar.support.WaitUtils.waitForSpinner(WaitUtils.java:225)</small> </font> </div>
<div class="test-event"> <font color="maroon"> <small> &emsp; &emsp;--- 15 Oct 13:00:44 609 - Element is displayed:: [[ChromeDriver: chrome on WINDOWS (1ab6fe09772bac825b7dcfa28c7ea844)] -> css selector: button[class*='search-button']]</small> </font> </div>
<div class="test-event"> <font color="maroon"> <small> &emsp; &emsp;--- 15 Oct 13:00:45 023 - Page URL:: https://i-car--staging.sandbox.lightning.force.com/lightning/o/committee__c/list?filtername=__recent</small> </font> </div>
<div class="test-event"> <font color="maroon"> <small> &emsp; &emsp;--- 15 Oct 13:00:45 023 - <b>0</b> - Page Load Wait: (Sync) - ICar.support.Utils.waitForPageLoad(Utils.java:109)</small> </font> </div>
<div class="test-event"> <font color="maroon"> <small> &emsp; &emsp;--- 15 Oct 13:01:04 586 - Catched spinner load exception due to Expected condition failed: waiting for ICar.support.WaitUtils$4@3e310ae5 (tried for 10 second(s) with 500 milliseconds interval)</small> </font> </div>
<div class="test-event"> <font color="maroon"> <small> &emsp; &emsp;--- 15 Oct 13:01:04 586 - <b>10</b> - Spinner Load Wait: (Sync) - ICar.support.WaitUtils.waitForSpinner(WaitUtils.java:225)</small> </font> </div>
<div class="test-event"> <font color="maroon"> <small> &emsp; &emsp;--- 15 Oct 13:01:05 652 - Page URL:: https://i-car--staging.sandbox.lightning.force.com/one/one.app#eyjjb21wb25lbnrezwyioijmb3jjzvnlyxjjadpzzwfyy2hqywdlrgvza3rvccisimf0dhjpynv0zxmionsidgvybsi6iji2mtqzmdgilcjzy29wzu1hcci6eyj0exblijoive9qx1jfu1vmvfmilcjuyw1lc3bhy2uioiiilcjsywjlbci6ilrvccbszxn1bhrziiwibgfizwxqbhvyywwioijub3agumvzdwx0cyisinjlc3vsdhndbxaioijmb3jjzvnlyxjjadpwcmvkawn0zwrszxn1bhrzin0simnvbnrlehqionsirklmvevsuyi6e30sinnlyxjjafnvdxjjzsi6ikftu0ltvefovf9esufmt0cilcjkaxnhymxlsw50zw50uxvlcnkiomzhbhnllcjkaxnhymxlu3blbgxdb3jyzwn0aw9uijpmywxzzswic2vhcmnorglhbg9nu2vzc2lvbklkijoiymiwndyzmdktmtc4ys04zjvllthkmwutmtq4mgninmnlogzkiiwizgvidwdjbmzvijp7imfwce5hbwuioijjq2fyx1nlcnzpy2vfq29uc29szsisimfwcfr5cguioijdb25zb2xliiwiyxbwtmftzxnwywnlijoiyyisimxvy2f0aw9uijoizm9yy2u6b2jqzwn0sg9tzurlc2t0b3ailcjzb2jqzwn0vhlwzsi6iknvbw1pdhrlzv9fyyj9fswiz3jvdxbjzci6ikrfrkfvtfqifswic3rhdguiont9fq%3d%3d</small> </font> </div>
<div class="test-event"> <font color="maroon"> <small> &emsp; &emsp;--- 15 Oct 13:01:05 652 - <b>1</b> - Page Load Wait: (Sync) - ICar.support.Utils.waitForPageLoad(Utils.java:109)</small> </font> </div>
<div class="test-event"> <font color="maroon"> <small> &emsp; &emsp;--- 15 Oct 13:01:16 885 - Catched spinner load exception due to Expected condition failed: waiting for ICar.support.WaitUtils$4@3e310ae5 (tried for 11 second(s) with 500 milliseconds interval)</small> </font> </div>
<div class="test-event"> <font color="maroon"> <small> &emsp; &emsp;--- 15 Oct 13:01:16 885 - <b>11</b> - Spinner Load Wait: (Sync) - ICar.support.WaitUtils.waitForSpinner(WaitUtils.java:225)</small> </font> </div>
<div class="test-event"> <font color="maroon"> <small> &emsp; &emsp;--- 15 Oct 13:01:17 988 - Page URL:: https://i-car--staging.sandbox.lightning.force.com/one/one.app#eyjjb21wb25lbnrezwyioijmb3jjzvnlyxjjadpzzwfyy2hqywdlrgvza3rvccisimf0dhjpynv0zxmionsidgvybsi6iji2mtqzmdgilcjzy29wzu1hcci6eyj0exblijoive9qx1jfu1vmvfmilcjuyw1lc3bhy2uioiiilcjsywjlbci6ilrvccbszxn1bhrziiwibgfizwxqbhvyywwioijub3agumvzdwx0cyisinjlc3vsdhndbxaioijmb3jjzvnlyxjjadpwcmvkawn0zwrszxn1bhrzin0simnvbnrlehqionsirklmvevsuyi6e30sinnlyxjjafnvdxjjzsi6ikftu0ltvefovf9esufmt0cilcjkaxnhymxlsw50zw50uxvlcnkiomzhbhnllcjkaxnhymxlu3blbgxdb3jyzwn0aw9uijpmywxzzswic2vhcmnorglhbg9nu2vzc2lvbklkijoiymiwndyzmdktmtc4ys04zjvllthkmwutmtq4mgninmnlogzkiiwizgvidwdjbmzvijp7imfwce5hbwuioijjq2fyx1nlcnzpy2vfq29uc29szsisimfwcfr5cguioijdb25zb2xliiwiyxbwtmftzxnwywnlijoiyyisimxvy2f0aw9uijoizm9yy2u6b2jqzwn0sg9tzurlc2t0b3ailcjzb2jqzwn0vhlwzsi6iknvbw1pdhrlzv9fyyj9fswiz3jvdxbjzci6ikrfrkfvtfqifswic3rhdguiont9fq%3d%3d</small> </font> </div>
<div class="test-event"> <font color="maroon"> <small> &emsp; &emsp;--- 15 Oct 13:01:17 988 - <b>1</b> - Page Load Wait: (Sync) - ICar.support.Utils.waitForPageLoad(Utils.java:109)</small> </font> </div>
<div class="test-event"> <font color="maroon"> <small> &emsp; &emsp;--- 15 Oct 13:01:18 053 - Element is displayed:: [[ChromeDriver: chrome on WINDOWS (1ab6fe09772bac825b7dcfa28c7ea844)] -> xpath: //a[@title='Top Results']//span[text()='Top Results']]</small> </font> </div>
<div class="test-event"> <font color="maroon"> <small> &emsp; &emsp;--- 15 Oct 13:01:18 466 - Page URL:: https://i-car--staging.sandbox.lightning.force.com/one/one.app#eyjjb21wb25lbnrezwyioijmb3jjzvnlyxjjadpzzwfyy2hqywdlrgvza3rvccisimf0dhjpynv0zxmionsidgvybsi6iji2mtqzmdgilcjzy29wzu1hcci6eyj0exblijoive9qx1jfu1vmvfmilcjuyw1lc3bhy2uioiiilcjsywjlbci6ilrvccbszxn1bhrziiwibgfizwxqbhvyywwioijub3agumvzdwx0cyisinjlc3vsdhndbxaioijmb3jjzvnlyxjjadpwcmvkawn0zwrszxn1bhrzin0simnvbnrlehqionsirklmvevsuyi6e30sinnlyxjjafnvdxjjzsi6ikftu0ltvefovf9esufmt0cilcjkaxnhymxlsw50zw50uxvlcnkiomzhbhnllcjkaxnhymxlu3blbgxdb3jyzwn0aw9uijpmywxzzswic2vhcmnorglhbg9nu2vzc2lvbklkijoiymiwndyzmdktmtc4ys04zjvllthkmwutmtq4mgninmnlogzkiiwizgvidwdjbmzvijp7imfwce5hbwuioijjq2fyx1nlcnzpy2vfq29uc29szsisimfwcfr5cguioijdb25zb2xliiwiyxbwtmftzxnwywnlijoiyyisimxvy2f0aw9uijoizm9yy2u6b2jqzwn0sg9tzurlc2t0b3ailcjzb2jqzwn0vhlwzsi6iknvbw1pdhrlzv9fyyj9fswiz3jvdxbjzci6ikrfrkfvtfqifswic3rhdguiont9fq%3d%3d</small> </font> </div>
<div class="test-event"> <font color="maroon"> <small> &emsp; &emsp;--- 15 Oct 13:01:18 466 - <b>0</b> - Page Load Wait: (Sync) - ICar.support.Utils.waitForPageLoad(Utils.java:109)</small> </font> </div>
<div class="test-event"> <font color="maroon"> <small> &emsp; &emsp;--- 15 Oct 13:01:23 500 - Catched spinner load exception due to Expected condition failed: waiting for ICar.support.WaitUtils$4@3e310ae5 (tried for 5 second(s) with 500 milliseconds interval)</small> </font> </div>
<div class="test-event"> <font color="maroon"> <small> &emsp; &emsp;--- 15 Oct 13:01:23 500 - <b>5</b> - Spinner Load Wait: (Sync) - ICar.support.WaitUtils.waitForSpinner(WaitUtils.java:225)</small> </font> </div>
<div class="test-event"> <font color="maroon"> <small> &emsp; &emsp;--- 15 Oct 13:01:24 377 - Page URL:: https://i-car--staging.sandbox.lightning.force.com/one/one.app#eyjjb21wb25lbnrezwyioijmb3jjzvnlyxjjadpzzwfyy2hqywdlrgvza3rvccisimf0dhjpynv0zxmionsidgvybsi6iji2mtqzmdgilcjzy29wzu1hcci6eyj0exblijoive9qx1jfu1vmvfmilcjuyw1lc3bhy2uioiiilcjsywjlbci6ilrvccbszxn1bhrziiwibgfizwxqbhvyywwioijub3agumvzdwx0cyisinjlc3vsdhndbxaioijmb3jjzvnlyxjjadpwcmvkawn0zwrszxn1bhrzin0simnvbnrlehqionsirklmvevsuyi6e30sinnlyxjjafnvdxjjzsi6ikftu0ltvefovf9esufmt0cilcjkaxnhymxlsw50zw50uxvlcnkiomzhbhnllcjkaxnhymxlu3blbgxdb3jyzwn0aw9uijpmywxzzswic2vhcmnorglhbg9nu2vzc2lvbklkijoiymiwndyzmdktmtc4ys04zjvllthkmwutmtq4mgninmnlogzkiiwizgvidwdjbmzvijp7imfwce5hbwuioijjq2fyx1nlcnzpy2vfq29uc29szsisimfwcfr5cguioijdb25zb2xliiwiyxbwtmftzxnwywnlijoiyyisimxvy2f0aw9uijoizm9yy2u6b2jqzwn0sg9tzurlc2t0b3ailcjzb2jqzwn0vhlwzsi6iknvbw1pdhrlzv9fyyj9fswiz3jvdxbjzci6ikrfrkfvtfqifswic3rhdguiont9fq%3d%3d</small> </font> </div>
<div class="test-event"> <font color="maroon"> <small> &emsp; &emsp;--- 15 Oct 13:01:24 377 - <b>0</b> - Page Load Wait: (Sync) - ICar.support.Utils.waitForPageLoad(Utils.java:109)</small> </font> </div>
<div class="test-event"> <font color="maroon"> <small> &emsp; &emsp;--- 15 Oct 13:01:25 199 - Page URL:: https://i-car--staging.sandbox.lightning.force.com/one/one.app#eyjjb21wb25lbnrezwyioijmb3jjzvnlyxjjadpzzwfyy2hqywdlrgvza3rvccisimf0dhjpynv0zxmionsidgvybsi6iji2mtqzmdgilcjzy29wzu1hcci6eyj0exblijoive9qx1jfu1vmvfmilcjuyw1lc3bhy2uioiiilcjsywjlbci6ilrvccbszxn1bhrziiwibgfizwxqbhvyywwioijub3agumvzdwx0cyisinjlc3vsdhndbxaioijmb3jjzvnlyxjjadpwcmvkawn0zwrszxn1bhrzin0simnvbnrlehqionsirklmvevsuyi6e30sinnlyxjjafnvdxjjzsi6ikftu0ltvefovf9esufmt0cilcjkaxnhymxlsw50zw50uxvlcnkiomzhbhnllcjkaxnhymxlu3blbgxdb3jyzwn0aw9uijpmywxzzswic2vhcmnorglhbg9nu2vzc2lvbklkijoiymiwndyzmdktmtc4ys04zjvllthkmwutmtq4mgninmnlogzkiiwizgvidwdjbmzvijp7imfwce5hbwuioijjq2fyx1nlcnzpy2vfq29uc29szsisimfwcfr5cguioijdb25zb2xliiwiyxbwtmftzxnwywnlijoiyyisimxvy2f0aw9uijoizm9yy2u6b2jqzwn0sg9tzurlc2t0b3ailcjzb2jqzwn0vhlwzsi6iknvbw1pdhrlzv9fyyj9fswiz3jvdxbjzci6ikrfrkfvtfqifswic3rhdguiont9fq%3d%3d</small> </font> </div>
<div class="test-event"> <font color="maroon"> <small> &emsp; &emsp;--- 15 Oct 13:01:25 200 - <b>0</b> - Page Load Wait: (Sync) - ICar.support.Utils.waitForPageLoad(Utils.java:109)</small> </font> </div>
<div class="test-event"> <font color="maroon"> <small> &emsp; &emsp;--- 15 Oct 13:01:26 016 - Page URL:: https://i-car--staging.sandbox.lightning.force.com/one/one.app#eyjjb21wb25lbnrezwyioijmb3jjzvnlyxjjadpzzwfyy2hqywdlrgvza3rvccisimf0dhjpynv0zxmionsidgvybsi6iji2mtqzmdgilcjzy29wzu1hcci6eyj0exblijoive9qx1jfu1vmvfmilcjuyw1lc3bhy2uioiiilcjsywjlbci6ilrvccbszxn1bhrziiwibgfizwxqbhvyywwioijub3agumvzdwx0cyisinjlc3vsdhndbxaioijmb3jjzvnlyxjjadpwcmvkawn0zwrszxn1bhrzin0simnvbnrlehqionsirklmvevsuyi6e30sinnlyxjjafnvdxjjzsi6ikftu0ltvefovf9esufmt0cilcjkaxnhymxlsw50zw50uxvlcnkiomzhbhnllcjkaxnhymxlu3blbgxdb3jyzwn0aw9uijpmywxzzswic2vhcmnorglhbg9nu2vzc2lvbklkijoiymiwndyzmdktmtc4ys04zjvllthkmwutmtq4mgninmnlogzkiiwizgvidwdjbmzvijp7imfwce5hbwuioijjq2fyx1nlcnzpy2vfq29uc29szsisimfwcfr5cguioijdb25zb2xliiwiyxbwtmftzxnwywnlijoiyyisimxvy2f0aw9uijoizm9yy2u6b2jqzwn0sg9tzurlc2t0b3ailcjzb2jqzwn0vhlwzsi6iknvbw1pdhrlzv9fyyj9fswiz3jvdxbjzci6ikrfrkfvtfqifswic3rhdguiont9fq%3d%3d</small> </font> </div>
<div class="test-event"> <font color="maroon"> <small> &emsp; &emsp;--- 15 Oct 13:01:26 016 - <b>0</b> - Page Load Wait: (Sync) - ICar.support.Utils.waitForPageLoad(Utils.java:109)</small> </font> </div>
<div class="test-event"> <font color="maroon"> <small> &emsp; &emsp;--- 15 Oct 13:01:34 051 - Catched spinner load exception due to Expected condition failed: waiting for ICar.support.WaitUtils$4@3e310ae5 (tried for 8 second(s) with 500 milliseconds interval)</small> </font> </div>
<div class="test-event"> <font color="maroon"> <small> &emsp; &emsp;--- 15 Oct 13:01:34 051 - <b>8</b> - Spinner Load Wait: (Sync) - ICar.support.WaitUtils.waitForSpinner(WaitUtils.java:225)</small> </font> </div>
<div class="test-event"> <font color="maroon"> <small> &emsp; &emsp;--- 15 Oct 13:01:34 936 - Page URL:: https://i-car--staging.sandbox.lightning.force.com/one/one.app#eyjjb21wb25lbnrezwyioijmb3jjzvnlyxjjadpzzwfyy2hqywdlrgvza3rvccisimf0dhjpynv0zxmionsidgvybsi6iji2mtqzmdgilcjzy29wzu1hcci6eyj0exblijoive9qx1jfu1vmvfmilcjuyw1lc3bhy2uioiiilcjsywjlbci6ilrvccbszxn1bhrziiwibgfizwxqbhvyywwioijub3agumvzdwx0cyisinjlc3vsdhndbxaioijmb3jjzvnlyxjjadpwcmvkawn0zwrszxn1bhrzin0simnvbnrlehqionsirklmvevsuyi6e30sinnlyxjjafnvdxjjzsi6ikftu0ltvefovf9esufmt0cilcjkaxnhymxlsw50zw50uxvlcnkiomzhbhnllcjkaxnhymxlu3blbgxdb3jyzwn0aw9uijpmywxzzswic2vhcmnorglhbg9nu2vzc2lvbklkijoiymiwndyzmdktmtc4ys04zjvllthkmwutmtq4mgninmnlogzkiiwizgvidwdjbmzvijp7imfwce5hbwuioijjq2fyx1nlcnzpy2vfq29uc29szsisimfwcfr5cguioijdb25zb2xliiwiyxbwtmftzxnwywnlijoiyyisimxvy2f0aw9uijoizm9yy2u6b2jqzwn0sg9tzurlc2t0b3ailcjzb2jqzwn0vhlwzsi6iknvbw1pdhrlzv9fyyj9fswiz3jvdxbjzci6ikrfrkfvtfqifswic3rhdguiont9fq%3d%3d</small> </font> </div>
<div class="test-event"> <font color="maroon"> <small> &emsp; &emsp;--- 15 Oct 13:01:34 937 - <b>0</b> - Page Load Wait: (Sync) - ICar.support.Utils.waitForPageLoad(Utils.java:109)</small> </font> </div>
<div class="test-event"> <font color="maroon"> <small> &emsp; &emsp;--- 15 Oct 13:01:37 085 - Element is displayed:: [[ChromeDriver: chrome on WINDOWS (1ab6fe09772bac825b7dcfa28c7ea844)] -> xpath: //div[contains(@class,'forceSearchResultsRegion')]//div[contains(@class,'resultsMultiWrapper')]/div/div[1]//following::h2//a]</small> </font> </div>
<div class="test-event"> <font color="maroon"> <small> &emsp; &emsp;--- 15 Oct 13:01:37 280 - Element is displayed:: [[ChromeDriver: chrome on WINDOWS (1ab6fe09772bac825b7dcfa28c7ea844)] -> xpath: //a[text()='Contacts']]</small> </font> </div>
<div class="test-event"> <font color="maroon"> <small> &emsp; &emsp;--- 15 Oct 13:01:41 539 - Element is displayed:: [[ChromeDriver: chrome on WINDOWS (1ab6fe09772bac825b7dcfa28c7ea844)] -> xpath: //div[text()='Contacts']//following :: table//tbody//th//span /a]</small> </font> </div>
<div class="test-message">&emsp;10.Enter ICAR ID  2614308</div>
<div class="test-event"> <font color="maroon"> <small> &emsp; &emsp;--- 15 Oct 13:01:50 784 - Element is displayed:: [[ChromeDriver: chrome on WINDOWS (1ab6fe09772bac825b7dcfa28c7ea844)] -> xpath: //a/img[@alt='Login Image']|//button[@id='btn-login']]</small> </font> </div>
<div class="test-event"> <font color="maroon"> <small> &emsp; &emsp;--- 15 Oct 13:01:50 872 - Element is displayed:: [[ChromeDriver: chrome on WINDOWS (1ab6fe09772bac825b7dcfa28c7ea844)] -> xpath: //a/img[@alt='Login Image']|//button[@id='btn-login']]</small> </font> </div>
<div class="test-message">&emsp;Successfully navigated to 'Home' Page&emsp;<a href=".\ScreenShot\B2B1104_TC03_1259505955805100.png" target="_blank" >[ScreenShot]</a></div>
<div class="test-message">&emsp;1. Home page is launched.</div>
<div class="test-event"> <font color="maroon"> <small> &emsp; &emsp;--- 15 Oct 13:01:51 247 - Page URL:: https://www.icarstage.com/</small> </font> </div>
<div class="test-event"> <font color="maroon"> <small> &emsp; &emsp;--- 15 Oct 13:01:51 247 - <b>0</b> - Page Load Wait: (Sync) - ICar.support.Utils.waitForPageLoad(Utils.java:109)</small> </font> </div>
<div class="test-event"> <font color="maroon"> <small> &emsp; &emsp;--- 15 Oct 13:01:51 295 - Element is displayed:: [[ChromeDriver: chrome on WINDOWS (1ab6fe09772bac825b7dcfa28c7ea844)] -> xpath: //a/img[@alt='Login Image']|//button[@id='btn-login']]</small> </font> </div>
<div class="test-event"> <font color="maroon"> <small> &emsp; &emsp;--- 15 Oct 13:01:51 355 - Element is displayed:: [[ChromeDriver: chrome on WINDOWS (1ab6fe09772bac825b7dcfa28c7ea844)] -> xpath: //a/img[@alt='Login Image']|//button[@id='btn-login']]</small> </font> </div>
<div class="test-event"> <font color="maroon"> <small> &emsp; &emsp;--- 15 Oct 13:02:09 382 - Catched spinner load exception due to Expected condition failed: waiting for ICar.support.WaitUtils$4@3e310ae5 (tried for 15 second(s) with 500 milliseconds interval)</small> </font> </div>
<div class="test-event"> <font color="maroon"> <small> &emsp; &emsp;--- 15 Oct 13:02:09 382 - <b>15</b> - Spinner Load Wait: (Sync) - ICar.support.WaitUtils.waitForSpinner(WaitUtils.java:225)</small> </font> </div>
<div class="test-message">&emsp;2. Login page  should be successfully display</div>
<div class="test-message">&emsp;Successfully navigated to 'Login' Page&emsp;<a href=".\ScreenShot\B2B1104_TC03_1259524470698500.png" target="_blank" >[ScreenShot]</a></div>
<div class="test-event"> <font color="maroon"> <small> &emsp; &emsp;--- 15 Oct 13:02:09 615 - Element is displayed:: [[ChromeDriver: chrome on WINDOWS (1ab6fe09772bac825b7dcfa28c7ea844)] -> id: username]</small> </font> </div>
<div class="test-event"> <font color="maroon"> <small> &emsp; &emsp;--- 15 Oct 13:02:09 672 - Element is displayed:: [[ChromeDriver: chrome on WINDOWS (1ab6fe09772bac825b7dcfa28c7ea844)] -> id: username]</small> </font> </div>
<div class="test-event"> <font color="maroon"> <small> &emsp; &emsp;--- 15 Oct 13:02:09 899 - Element is displayed:: [[ChromeDriver: chrome on WINDOWS (1ab6fe09772bac825b7dcfa28c7ea844)] -> id: password]</small> </font> </div>
<div class="test-event"> <font color="maroon"> <small> &emsp; &emsp;--- 15 Oct 13:02:10 063 - Element is displayed:: [[ChromeDriver: chrome on WINDOWS (1ab6fe09772bac825b7dcfa28c7ea844)] -> id: btn-login]</small> </font> </div>
<div class="test-event"> <font color="maroon"> <small> &emsp; &emsp;--- 15 Oct 13:02:23 144 - Catched spinner load exception due to Expected condition failed: waiting for ICar.support.WaitUtils$4@3e310ae5 (tried for 13 second(s) with 500 milliseconds interval)</small> </font> </div>
<div class="test-event"> <font color="maroon"> <small> &emsp; &emsp;--- 15 Oct 13:02:23 145 - <b>13</b> - Spinner Load Wait: (Sync) - ICar.support.WaitUtils.waitForSpinner(WaitUtils.java:225)</small> </font> </div>
<div class="test-event"> <font color="maroon"> <small> &emsp; &emsp;--- 15 Oct 13:02:47 659 - Catched spinner load exception due to Expected condition failed: waiting for ICar.support.WaitUtils$4@3e310ae5 (tried for 10 second(s) with 500 milliseconds interval)</small> </font> </div>
<div class="test-event"> <font color="maroon"> <small> &emsp; &emsp;--- 15 Oct 13:02:47 659 - <b>10</b> - Spinner Load Wait: (Sync) - ICar.support.WaitUtils.waitForSpinner(WaitUtils.java:225)</small> </font> </div>
<div class="test-event"> <font color="maroon"> <small> &emsp; &emsp;--- 15 Oct 13:02:47 752 - Element is displayed:: [[ChromeDriver: chrome on WINDOWS (1ab6fe09772bac825b7dcfa28c7ea844)] -> xpath: //button[@value='Launch My Learning']]</small> </font> </div>
<div class="test-message">&emsp;3. Enter the user credentials as : alessa0717</div>
<div class="test-message">&emsp;Successfully navigated to 'User Home' Page&emsp;<a href=".\ScreenShot\B2B1104_TC03_1259562836524400.png" target="_blank" >[ScreenShot]</a></div>
<div class="test-message">&emsp;Link Access Committee Portal displayed in B2B Portal</div>
<div class="test-message">&emsp;Access committee link is displayed</div>
<div class="test-event"> <font color="maroon"> <small> &emsp; &emsp;--- 15 Oct 13:02:49 171 - Page URL:: https://www.icarstage.com/</small> </font> </div>
<div class="test-event"> <font color="maroon"> <small> &emsp; &emsp;--- 15 Oct 13:02:49 171 - <b>0</b> - Page Load Wait: (Sync) - ICar.support.Utils.waitForPageLoad(Utils.java:109)</small> </font> </div>
<div class="test-event"> <font color="maroon"> <small> &emsp; &emsp;--- 15 Oct 13:02:49 232 - Element is displayed:: [[ChromeDriver: chrome on WINDOWS (1ab6fe09772bac825b7dcfa28c7ea844)] -> xpath: //p[text()='Launch My Learning']]</small> </font> </div>
<div class="test-event"> <font color="maroon"> <small> &emsp; &emsp;--- 15 Oct 13:02:49 273 - Element is displayed:: [[ChromeDriver: chrome on WINDOWS (1ab6fe09772bac825b7dcfa28c7ea844)] -> xpath: //a[text()='Access Committee Portal']]</small> </font> </div>
<div class="test-event"> <font color="maroon"> <small> &emsp; &emsp;--- 15 Oct 13:02:51 466 - Element is displayed:: [[ChromeDriver: chrome on WINDOWS (1ab6fe09772bac825b7dcfa28c7ea844)] -> xpath: //a[text()='Access Committee Portal']]</small> </font> </div>
<div class="test-event"> <font color="maroon"> <small> &emsp; &emsp;--- 15 Oct 13:03:16 777 - Catched spinner load exception due to Expected condition failed: waiting for ICar.support.WaitUtils$4@3e310ae5 (tried for 15 second(s) with 500 milliseconds interval)</small> </font> </div>
<div class="test-event"> <font color="maroon"> <small> &emsp; &emsp;--- 15 Oct 13:03:16 777 - <b>15</b> - Spinner Load Wait: (Sync) - ICar.support.WaitUtils.waitForSpinner(WaitUtils.java:225)</small> </font> </div>
<div class="test-event"> <font color="maroon"> <small> &emsp; &emsp;--- 15 Oct 13:03:16 945 - Page URL:: https://my.icarstage.com/s/committee/a381i0000006tc9qai/5400799</small> </font> </div>
<div class="test-event"> <font color="maroon"> <small> &emsp; &emsp;--- 15 Oct 13:03:16 945 - <b>0</b> - Page Load Wait: (Sync) - ICar.support.Utils.waitForPageLoad(Utils.java:109)</small> </font> </div>
<div class="test-message">&emsp;Successfully navigated to 'Access committee' Page&emsp;<a href=".\ScreenShot\B2B1104_TC03_1259592031914700.png" target="_blank" >[ScreenShot]</a></div>
<div class="test-event"> <font color="maroon"> <small> &emsp; &emsp;--- 15 Oct 13:03:17 262 - Page URL:: https://my.icarstage.com/s/committee/a381i0000006tc9qai/5400799</small> </font> </div>
<div class="test-event"> <font color="maroon"> <small> &emsp; &emsp;--- 15 Oct 13:03:17 262 - <b>0</b> - Page Load Wait: (Sync) - ICar.support.Utils.waitForPageLoad(Utils.java:109)</small> </font> </div>
<div class="test-event"> <font color="maroon"> <small> &emsp; &emsp;--- 15 Oct 13:03:25 589 - Catched spinner load exception due to Expected condition failed: waiting for ICar.support.WaitUtils$4@3e310ae5 (tried for 8 second(s) with 500 milliseconds interval)</small> </font> </div>
<div class="test-event"> <font color="maroon"> <small> &emsp; &emsp;--- 15 Oct 13:03:25 590 - <b>8</b> - Spinner Load Wait: (Sync) - ICar.support.WaitUtils.waitForSpinner(WaitUtils.java:225)</small> </font> </div>
<div class="test-event"> <font color="maroon"> <small> &emsp; &emsp;--- 15 Oct 13:03:25 687 - Element is displayed:: [[ChromeDriver: chrome on WINDOWS (1ab6fe09772bac825b7dcfa28c7ea844)] -> xpath: //span[text()='Committee Goals (Active Goals)']/parent::span]</small> </font> </div>
<div class="test-event"> <font color="maroon"> <small> &emsp; &emsp;--- 15 Oct 13:03:27 809 - Element is displayed:: [[ChromeDriver: chrome on WINDOWS (1ab6fe09772bac825b7dcfa28c7ea844)] -> xpath: //span[text()='Committee Goals (Active Goals)']/parent::span]</small> </font> </div>
<div class="test-event"> <font color="maroon"> <small> &emsp; &emsp;--- 15 Oct 13:03:32 898 - Page URL:: https://my.icarstage.com/s/committee/related/a381i0000006tc9qai/committee_goals1__r</small> </font> </div>
<div class="test-event"> <font color="maroon"> <small> &emsp; &emsp;--- 15 Oct 13:03:32 898 - Page Load Wait </small> </font> </div>
<div class="test-event"> <font color="maroon"> <small> &emsp; &emsp;--- 15 Oct 13:03:32 934 - Element is displayed:: [[ChromeDriver: chrome on WINDOWS (1ab6fe09772bac825b7dcfa28c7ea844)] -> xpath: (//table[contains(@aria-label,'Committee')])[last()]/thead/tr/th/div/a/span[2]]</small> </font> </div>
<div class="test-message">&emsp;All column headers are displayed on clicking active goal </div>
<div class="test-event"> <font color="maroon"> <small> &emsp; &emsp;--- 15 Oct 13:03:33 279 - Page URL:: https://my.icarstage.com/s/committee/related/a381i0000006tc9qai/committee_goals1__r</small> </font> </div>
<div class="test-event"> <font color="maroon"> <small> &emsp; &emsp;--- 15 Oct 13:03:33 279 - <b>0</b> - Page Load Wait: (Sync) - ICar.support.Utils.waitForPageLoad(Utils.java:109)</small> </font> </div>
<div class="test-event"> <font color="maroon"> <small> &emsp; &emsp;--- 15 Oct 13:03:41 748 - Catched spinner load exception due to Expected condition failed: waiting for ICar.support.WaitUtils$4@3e310ae5 (tried for 8 second(s) with 500 milliseconds interval)</small> </font> </div>
<div class="test-event"> <font color="maroon"> <small> &emsp; &emsp;--- 15 Oct 13:03:41 748 - <b>8</b> - Spinner Load Wait: (Sync) - ICar.support.WaitUtils.waitForSpinner(WaitUtils.java:225)</small> </font> </div>
<div class="test-event"> <font color="maroon"> <small> &emsp; &emsp;--- 15 Oct 13:03:41 819 - Element is displayed:: [[ChromeDriver: chrome on WINDOWS (1ab6fe09772bac825b7dcfa28c7ea844)] -> xpath: (//table[@aria-label='Committee Goals (Active Goals)'])[last()]/tbody/tr/th/span/a|(//table[@aria-label='Committee Goals (Active Goals)'])[last()]/tbody/tr/th//a]</small> </font> </div>
<div class="test-message">&emsp;Active Goal details are displayed</div>
<div class="test-message">&emsp;12.Click on view all link of file upload</div>
<div class="test-event"> <font color="maroon"> <small> &emsp; &emsp;--- 15 Oct 13:03:52 005 - Page URL:: https://my.icarstage.com/s/detail/a5q8w000000h9u4qac</small> </font> </div>
<div class="test-event"> <font color="maroon"> <small> &emsp; &emsp;--- 15 Oct 13:03:52 005 - <b>0</b> - Page Load Wait: (Sync) - ICar.support.Utils.waitForPageLoad(Utils.java:109)</small> </font> </div>
<div class="test-event"> <font color="maroon"> <small> &emsp; &emsp;--- 15 Oct 13:04:10 233 - Catched spinner load exception due to Expected condition failed: waiting for ICar.support.WaitUtils$4@3e310ae5 (tried for 18 second(s) with 500 milliseconds interval)</small> </font> </div>
<div class="test-event"> <font color="maroon"> <small> &emsp; &emsp;--- 15 Oct 13:04:10 233 - <b>18</b> - Spinner Load Wait: (Sync) - ICar.support.WaitUtils.waitForSpinner(WaitUtils.java:225)</small> </font> </div>
<div class="test-event"> <font color="maroon"> <small> &emsp; &emsp;--- 15 Oct 13:04:10 355 - Page URL:: https://my.icarstage.com/s/detail/a5q8w000000h9u4qac</small> </font> </div>
<div class="test-event"> <font color="maroon"> <small> &emsp; &emsp;--- 15 Oct 13:04:10 356 - <b>0</b> - Page Load Wait: (Sync) - ICar.support.Utils.waitForPageLoad(Utils.java:109)</small> </font> </div>
<div class="test-event"> <font color="maroon"> <small> &emsp; &emsp;--- 15 Oct 13:04:10 478 - Page URL:: https://my.icarstage.com/s/detail/a5q8w000000h9u4qac</small> </font> </div>
<div class="test-event"> <font color="maroon"> <small> &emsp; &emsp;--- 15 Oct 13:04:10 478 - <b>0</b> - Page Load Wait: (Sync) - ICar.support.Utils.waitForPageLoad(Utils.java:109)</small> </font> </div>
<div class="test-event"> <font color="maroon"> <small> &emsp; &emsp;--- 15 Oct 13:04:25 628 - Catched spinner load exception due to Expected condition failed: waiting for ICar.support.WaitUtils$4@3e310ae5 (tried for 15 second(s) with 500 milliseconds interval)</small> </font> </div>
<div class="test-event"> <font color="maroon"> <small> &emsp; &emsp;--- 15 Oct 13:04:25 628 - Spinner Load Wait</small> </font> </div>
<div class="test-event"> <font color="maroon"> <small> &emsp; &emsp;--- 15 Oct 13:04:41 152 - Unable to find a element after 10 sec ==> Proxy element for: AjaxElementLocator 'By.xpath: (//span[text()='View All'])[last()]'</small> </font> </div>
<!--FAIL-->
<div class="test-result"><br><font color="red"><strong> Click on view all link not found in page!! </strong></font> <a href=".\ScreenShot\B2B1104_TC03_1259676235586200.png" target="_blank" >[ScreenShot]</a></div>&emsp;
&emsp;<div class="test-title"> <strong><font size = "3" color = "#0000FF">---Test Execution Ends---</font> </strong> </div>&emsp;]]>
    </system-out>
  </testcase> <!-- B2B1104_TC03 -->
  <testcase classname="CommitteeTestscripts.CommitteeTestscripts" name="B2B1104_TC02" time="215.929">
    <system-out>
      <![CDATA[<div class="test-event"> <font color="maroon"> <small> &emsp; &emsp;--- 15 Oct 12:51:37 115 - TestCaseID:: B2B1104_TC02</small> </font> </div>
<div class="test-event"> <font color="maroon"> <small> &emsp; &emsp;--- 15 Oct 12:51:45 409 - <b>8</b> - Driver::initialize::Get - ICar.support.WebDriverFactory.getDriver(WebDriverFactory.java:640)</small> </font> </div>
&emsp;<div class="test-title"> <strong><font size = "3" color = "#000080">Validate uploaded file displayed in portal under committee goal</font> </strong> </div>&emsp;<div><strong>Steps:</strong></div><!-- Report -->&emsp;
<div class="test-event"> <font color="maroon"> <small> &emsp; &emsp;--- 15 Oct 12:51:59 457 - Page URL:: data:,</small> </font> </div>
<div class="test-event"> <font color="maroon"> <small> &emsp; &emsp;--- 15 Oct 12:51:59 457 - <b>0</b> - Page Load Wait: (Sync) - ICar.support.Utils.waitForPageLoad(Utils.java:109)</small> </font> </div>
<div class="test-event"> <font color="maroon"> <small> &emsp; &emsp;--- 15 Oct 12:51:59 510 - Page URL:: data:,</small> </font> </div>
<div class="test-event"> <font color="maroon"> <small> &emsp; &emsp;--- 15 Oct 12:51:59 510 - <b>0</b> - Page Load Wait: (Sync) - ICar.support.Utils.waitForPageLoad(Utils.java:109)</small> </font> </div>
<div class="test-event"> <font color="maroon"> <small> &emsp; &emsp;--- 15 Oct 12:52:02 142 - Page URL:: https://i-car--staging.sandbox.my.salesforce.com/</small> </font> </div>
<div class="test-event"> <font color="maroon"> <small> &emsp; &emsp;--- 15 Oct 12:52:02 142 - <b>0</b> - Page Load Wait: (Sync) - ICar.support.Utils.waitForPageLoad(Utils.java:109)</small> </font> </div>
<div class="test-message">&emsp;Successfully navigated to 'Login' Page&emsp;<a href=".\ScreenShot\B2B1104_TC02_1258917225473800.png" target="_blank" >[ScreenShot]</a></div>
<div class="test-message">&emsp;1. Login page is launched.</div>
<div class="test-event"> <font color="maroon"> <small> &emsp; &emsp;--- 15 Oct 12:52:02 520 - Element is displayed:: [[ChromeDriver: chrome on WINDOWS (c2c6af62d363e495c830de2c2c48f4b8)] -> id: username]</small> </font> </div>
<div class="test-event"> <font color="maroon"> <small> &emsp; &emsp;--- 15 Oct 12:52:02 587 - Element is displayed:: [[ChromeDriver: chrome on WINDOWS (c2c6af62d363e495c830de2c2c48f4b8)] -> id: username]</small> </font> </div>
<div class="test-event"> <font color="maroon"> <small> &emsp; &emsp;--- 15 Oct 12:52:02 829 - Element is displayed:: [[ChromeDriver: chrome on WINDOWS (c2c6af62d363e495c830de2c2c48f4b8)] -> id: password]</small> </font> </div>
<div class="test-event"> <font color="maroon"> <small> &emsp; &emsp;--- 15 Oct 12:52:03 052 - Element is displayed:: [[ChromeDriver: chrome on WINDOWS (c2c6af62d363e495c830de2c2c48f4b8)] -> id: Login]</small> </font> </div>
<div class="test-event"> <font color="maroon"> <small> &emsp; &emsp;--- 15 Oct 12:52:40 915 - Catched spinner load exception due to Expected condition failed: waiting for ICar.support.WaitUtils$4@3e310ae5 (tried for 13 second(s) with 500 milliseconds interval)</small> </font> </div>
<div class="test-event"> <font color="maroon"> <small> &emsp; &emsp;--- 15 Oct 12:52:40 915 - <b>13</b> - Spinner Load Wait: (Sync) - ICar.support.WaitUtils.waitForSpinner(WaitUtils.java:225)</small> </font> </div>
<div class="test-event"> <font color="maroon"> <small> &emsp; &emsp;--- 15 Oct 12:53:00 673 - Catched spinner load exception due to Expected condition failed: waiting for ICar.support.WaitUtils$4@3e310ae5 (tried for 6 second(s) with 500 milliseconds interval)</small> </font> </div>
<div class="test-event"> <font color="maroon"> <small> &emsp; &emsp;--- 15 Oct 12:53:00 674 - <b>6</b> - Spinner Load Wait: (Sync) - ICar.support.WaitUtils.waitForSpinner(WaitUtils.java:225)</small> </font> </div>
<div class="test-event"> <font color="maroon"> <small> &emsp; &emsp;--- 15 Oct 12:53:00 759 - Element is displayed:: [[ChromeDriver: chrome on WINDOWS (c2c6af62d363e495c830de2c2c48f4b8)] -> css selector: button[class*='search-button']]</small> </font> </div>
<div class="test-message">&emsp;2. Navigate to 'SalesForce Page'</div>
<div class="test-event"> <font color="maroon"> <small> &emsp; &emsp;--- 15 Oct 12:53:00 941 - Page URL:: https://i-car--staging.sandbox.lightning.force.com/lightning/o/committee__c/list?filtername=__recent</small> </font> </div>
<div class="test-event"> <font color="maroon"> <small> &emsp; &emsp;--- 15 Oct 12:53:00 942 - <b>0</b> - Page Load Wait: (Sync) - ICar.support.Utils.waitForPageLoad(Utils.java:109)</small> </font> </div>
<div class="test-event"> <font color="maroon"> <small> &emsp; &emsp;--- 15 Oct 12:53:06 152 - Page URL:: https://i-car--staging.sandbox.lightning.force.com/lightning/o/committee__c/list?filtername=__recent</small> </font> </div>
<div class="test-event"> <font color="maroon"> <small> &emsp; &emsp;--- 15 Oct 12:53:06 152 - <b>0</b> - Page Load Wait: (Sync) - ICar.support.Utils.waitForPageLoad(Utils.java:109)</small> </font> </div>
<div class="test-message">&emsp;Close the tab</div>
<div class="test-message">&emsp;Successfully navigated to 'Login' Page&emsp;<a href=".\ScreenShot\B2B1104_TC02_1258986370005300.png" target="_blank" >[ScreenShot]</a></div>
<div class="test-event"> <font color="maroon"> <small> &emsp; &emsp;--- 15 Oct 12:53:11 625 - Page URL:: https://i-car--staging.sandbox.lightning.force.com/lightning/o/committee__c/list?filtername=__recent</small> </font> </div>
<div class="test-event"> <font color="maroon"> <small> &emsp; &emsp;--- 15 Oct 12:53:11 625 - <b>0</b> - Page Load Wait: (Sync) - ICar.support.Utils.waitForPageLoad(Utils.java:109)</small> </font> </div>
<div class="test-event"> <font color="maroon"> <small> &emsp; &emsp;--- 15 Oct 12:53:11 672 - Element is displayed:: [[ChromeDriver: chrome on WINDOWS (c2c6af62d363e495c830de2c2c48f4b8)] -> css selector: button[class*='search-button']]</small> </font> </div>
<div class="test-event"> <font color="maroon"> <small> &emsp; &emsp;--- 15 Oct 12:53:13 732 - Catched spinner load exception due to Expected condition failed: waiting for ICar.support.WaitUtils$4@3e310ae5 (tried for 2 second(s) with 500 milliseconds interval)</small> </font> </div>
<div class="test-event"> <font color="maroon"> <small> &emsp; &emsp;--- 15 Oct 12:53:13 732 - <b>2</b> - Spinner Load Wait: (Sync) - ICar.support.WaitUtils.waitForSpinner(WaitUtils.java:225)</small> </font> </div>
<div class="test-event"> <font color="maroon"> <small> &emsp; &emsp;--- 15 Oct 12:53:16 818 - Element is displayed:: [[ChromeDriver: chrome on WINDOWS (c2c6af62d363e495c830de2c2c48f4b8)] -> css selector: button[class*='search-button']]</small> </font> </div>
<div class="test-event"> <font color="maroon"> <small> &emsp; &emsp;--- 15 Oct 12:53:17 500 - Page URL:: https://i-car--staging.sandbox.lightning.force.com/lightning/o/committee__c/list?filtername=__recent</small> </font> </div>
<div class="test-event"> <font color="maroon"> <small> &emsp; &emsp;--- 15 Oct 12:53:17 500 - <b>0</b> - Page Load Wait: (Sync) - ICar.support.Utils.waitForPageLoad(Utils.java:109)</small> </font> </div>
<div class="test-event"> <font color="maroon"> <small> &emsp; &emsp;--- 15 Oct 12:53:34 467 - Catched spinner load exception due to Expected condition failed: waiting for ICar.support.WaitUtils$4@3e310ae5 (tried for 10 second(s) with 500 milliseconds interval)</small> </font> </div>
<div class="test-event"> <font color="maroon"> <small> &emsp; &emsp;--- 15 Oct 12:53:34 467 - <b>10</b> - Spinner Load Wait: (Sync) - ICar.support.WaitUtils.waitForSpinner(WaitUtils.java:225)</small> </font> </div>
<div class="test-event"> <font color="maroon"> <small> &emsp; &emsp;--- 15 Oct 12:53:34 851 - Page URL:: https://i-car--staging.sandbox.lightning.force.com/one/one.app#eyjjb21wb25lbnrezwyioijmb3jjzvnlyxjjadpzzwfyy2hqywdlrgvza3rvccisimf0dhjpynv0zxmionsidgvybsi6ikfszxnzyw5kcmegqwnvc3rhoju0mc0wnzk5ievsifbhc28sifryiiwic2nvcgvnyxaionsidhlwzsi6ilrpuf9srvnvtfrtin0simnvbnrlehqionsirklmvevsuyi6e30sinnlyxjjafnvdxjjzsi6ikftu0ltvefovf9esufmt0cilcjkaxnhymxlsw50zw50uxvlcnkiomzhbhnllcjkaxnhymxlu3blbgxdb3jyzwn0aw9uijpmywxzzswic2vhcmnorglhbg9nu2vzc2lvbklkijoizdawyta3odmtztq3ny0zodfjltgyytctotuxywuwogqzmjjmiiwizgvidwdjbmzvijp7imfwce5hbwuioijjq2fyx1nlcnzpy2vfq29uc29szsisimfwcfr5cguioijdb25zb2xliiwiyxbwtmftzxnwywnlijoiyyisimxvy2f0aw9uijoizm9yy2u6b2jqzwn0sg9tzurlc2t0b3ailcjzb2jqzwn0vhlwzsi6iknvbw1pdhrlzv9fyyj9fswiz3jvdxbjzci6ikrfrkfvtfqifswic3rhdguiont9fq%3d%3d</small> </font> </div>
<div class="test-event"> <font color="maroon"> <small> &emsp; &emsp;--- 15 Oct 12:53:34 851 - <b>0</b> - Page Load Wait: (Sync) - ICar.support.Utils.waitForPageLoad(Utils.java:109)</small> </font> </div>
<div class="test-event"> <font color="maroon"> <small> &emsp; &emsp;--- 15 Oct 12:53:35 247 - Page URL:: https://i-car--staging.sandbox.lightning.force.com/one/one.app#eyjjb21wb25lbnrezwyioijmb3jjzvnlyxjjadpzzwfyy2hqywdlrgvza3rvccisimf0dhjpynv0zxmionsidgvybsi6ikfszxnzyw5kcmegqwnvc3rhoju0mc0wnzk5ievsifbhc28sifryiiwic2nvcgvnyxaionsidhlwzsi6ilrpuf9srvnvtfrtin0simnvbnrlehqionsirklmvevsuyi6e30sinnlyxjjafnvdxjjzsi6ikftu0ltvefovf9esufmt0cilcjkaxnhymxlsw50zw50uxvlcnkiomzhbhnllcjkaxnhymxlu3blbgxdb3jyzwn0aw9uijpmywxzzswic2vhcmnorglhbg9nu2vzc2lvbklkijoizdawyta3odmtztq3ny0zodfjltgyytctotuxywuwogqzmjjmiiwizgvidwdjbmzvijp7imfwce5hbwuioijjq2fyx1nlcnzpy2vfq29uc29szsisimfwcfr5cguioijdb25zb2xliiwiyxbwtmftzxnwywnlijoiyyisimxvy2f0aw9uijoizm9yy2u6b2jqzwn0sg9tzurlc2t0b3ailcjzb2jqzwn0vhlwzsi6iknvbw1pdhrlzv9fyyj9fswiz3jvdxbjzci6ikrfrkfvtfqifswic3rhdguiont9fq%3d%3d</small> </font> </div>
<div class="test-event"> <font color="maroon"> <small> &emsp; &emsp;--- 15 Oct 12:53:35 248 - <b>0</b> - Page Load Wait: (Sync) - ICar.support.Utils.waitForPageLoad(Utils.java:109)</small> </font> </div>
<div class="test-event"> <font color="maroon"> <small> &emsp; &emsp;--- 15 Oct 12:53:45 771 - Catched spinner load exception due to Expected condition failed: waiting for ICar.support.WaitUtils$4@3e310ae5 (tried for 10 second(s) with 500 milliseconds interval)</small> </font> </div>
<div class="test-event"> <font color="maroon"> <small> &emsp; &emsp;--- 15 Oct 12:53:45 771 - <b>10</b> - Spinner Load Wait: (Sync) - ICar.support.WaitUtils.waitForSpinner(WaitUtils.java:225)</small> </font> </div>
<div class="test-event"> <font color="maroon"> <small> &emsp; &emsp;--- 15 Oct 12:53:45 824 - Element is displayed:: [[ChromeDriver: chrome on WINDOWS (c2c6af62d363e495c830de2c2c48f4b8)] -> css selector: div.forceSearchResultsRegion div.resultsMultiWrapper >div > div table tbody th a]</small> </font> </div>
<div class="test-event"> <font color="maroon"> <small> &emsp; &emsp;--- 15 Oct 12:53:45 906 - Element is displayed:: [[ChromeDriver: chrome on WINDOWS (c2c6af62d363e495c830de2c2c48f4b8)] -> css selector: div.forceSearchResultsRegion div.resultsMultiWrapper >div > div table tbody th a]</small> </font> </div>
<div class="test-message">&emsp;6.Click on committee link</div>
<div class="test-event"> <font color="maroon"> <small> &emsp; &emsp;--- 15 Oct 12:53:46 368 - Page URL:: https://i-car--staging.sandbox.lightning.force.com/one/one.app#eyjjb21wb25lbnrezwyioijmb3jjzvnlyxjjadpzzwfyy2hqywdlrgvza3rvccisimf0dhjpynv0zxmionsidgvybsi6ikfszxnzyw5kcmegqwnvc3rhoju0mc0wnzk5ievsifbhc28sifryiiwic2nvcgvnyxaionsidhlwzsi6ilrpuf9srvnvtfrtin0simnvbnrlehqionsirklmvevsuyi6e30sinnlyxjjafnvdxjjzsi6ikftu0ltvefovf9esufmt0cilcjkaxnhymxlsw50zw50uxvlcnkiomzhbhnllcjkaxnhymxlu3blbgxdb3jyzwn0aw9uijpmywxzzswic2vhcmnorglhbg9nu2vzc2lvbklkijoizdawyta3odmtztq3ny0zodfjltgyytctotuxywuwogqzmjjmiiwizgvidwdjbmzvijp7imfwce5hbwuioijjq2fyx1nlcnzpy2vfq29uc29szsisimfwcfr5cguioijdb25zb2xliiwiyxbwtmftzxnwywnlijoiyyisimxvy2f0aw9uijoizm9yy2u6b2jqzwn0sg9tzurlc2t0b3ailcjzb2jqzwn0vhlwzsi6iknvbw1pdhrlzv9fyyj9fswiz3jvdxbjzci6ikrfrkfvtfqifswic3rhdguiont9fq%3d%3d</small> </font> </div>
<div class="test-event"> <font color="maroon"> <small> &emsp; &emsp;--- 15 Oct 12:53:46 368 - <b>0</b> - Page Load Wait: (Sync) - ICar.support.Utils.waitForPageLoad(Utils.java:109)</small> </font> </div>
<div class="test-event"> <font color="maroon"> <small> &emsp; &emsp;--- 15 Oct 12:53:48 360 - Element is displayed:: [[ChromeDriver: chrome on WINDOWS (c2c6af62d363e495c830de2c2c48f4b8)] -> xpath: //records-record-layout-item[@field-label='Committee']//div[contains(@data-target-selection-name,'Committee__c')]//slot[1]//records-hoverable-link//a]</small> </font> </div>
<div class="test-event"> <font color="maroon"> <small> &emsp; &emsp;--- 15 Oct 12:53:48 427 - Element is displayed:: [[ChromeDriver: chrome on WINDOWS (c2c6af62d363e495c830de2c2c48f4b8)] -> xpath: //records-record-layout-item[@field-label='Committee']//div[contains(@data-target-selection-name,'Committee__c')]//slot[1]//records-hoverable-link//a]</small> </font> </div>
<div class="test-event"> <font color="maroon"> <small> &emsp; &emsp;--- 15 Oct 12:53:49 039 - Page URL:: https://i-car--staging.sandbox.lightning.force.com/lightning/r/committee__c/a381i0000006tc9qai/view?ws=%2flightning%2fr%2fcommittee_member__c%2fa371i000000ir8rqaa%2fview</small> </font> </div>
<div class="test-event"> <font color="maroon"> <small> &emsp; &emsp;--- 15 Oct 12:53:49 039 - <b>0</b> - Page Load Wait: (Sync) - ICar.support.Utils.waitForPageLoad(Utils.java:109)</small> </font> </div>
<div class="test-event"> <font color="maroon"> <small> &emsp; &emsp;--- 15 Oct 12:53:57 304 - Catched spinner load exception due to Expected condition failed: waiting for ICar.support.WaitUtils$4@3e310ae5 (tried for 8 second(s) with 500 milliseconds interval)</small> </font> </div>
<div class="test-event"> <font color="maroon"> <small> &emsp; &emsp;--- 15 Oct 12:53:57 304 - <b>8</b> - Spinner Load Wait: (Sync) - ICar.support.WaitUtils.waitForSpinner(WaitUtils.java:225)</small> </font> </div>
<div class="test-event"> <font color="maroon"> <small> &emsp; &emsp;--- 15 Oct 12:53:57 362 - Element is displayed:: [[ChromeDriver: chrome on WINDOWS (c2c6af62d363e495c830de2c2c48f4b8)] -> xpath: //span[text()='Committee Goals (Active Goals)']/parent::span]</small> </font> </div>
<div class="test-event"> <font color="maroon"> <small> &emsp; &emsp;--- 15 Oct 12:53:59 853 - Element is displayed:: [[ChromeDriver: chrome on WINDOWS (c2c6af62d363e495c830de2c2c48f4b8)] -> xpath: //span[text()='Committee Goals (Active Goals)']/parent::span]</small> </font> </div>
<div class="test-event"> <font color="maroon"> <small> &emsp; &emsp;--- 15 Oct 12:54:05 328 - Page URL:: https://i-car--staging.sandbox.lightning.force.com/lightning/r/committee__c/a381i0000006tc9qai/related/committee_goals1__r/view?ws=%2flightning%2fr%2fcommittee_member__c%2fa371i000000ir8rqaa%2fview</small> </font> </div>
<div class="test-event"> <font color="maroon"> <small> &emsp; &emsp;--- 15 Oct 12:54:05 328 - Page Load Wait </small> </font> </div>
<div class="test-event"> <font color="maroon"> <small> &emsp; &emsp;--- 15 Oct 12:54:06 216 - Page URL:: https://i-car--staging.sandbox.lightning.force.com/lightning/r/committee__c/a381i0000006tc9qai/related/committee_goals1__r/view?ws=%2flightning%2fr%2fcommittee_member__c%2fa371i000000ir8rqaa%2fview</small> </font> </div>
<div class="test-event"> <font color="maroon"> <small> &emsp; &emsp;--- 15 Oct 12:54:06 216 - <b>0</b> - Page Load Wait: (Sync) - ICar.support.Utils.waitForPageLoad(Utils.java:109)</small> </font> </div>
<div class="test-event"> <font color="maroon"> <small> &emsp; &emsp;--- 15 Oct 12:54:14 596 - Catched spinner load exception due to Expected condition failed: waiting for ICar.support.WaitUtils$4@3e310ae5 (tried for 8 second(s) with 500 milliseconds interval)</small> </font> </div>
<div class="test-event"> <font color="maroon"> <small> &emsp; &emsp;--- 15 Oct 12:54:14 596 - <b>8</b> - Spinner Load Wait: (Sync) - ICar.support.WaitUtils.waitForSpinner(WaitUtils.java:225)</small> </font> </div>
<div class="test-event"> <font color="maroon"> <small> &emsp; &emsp;--- 15 Oct 12:54:14 664 - Element is displayed:: [[ChromeDriver: chrome on WINDOWS (c2c6af62d363e495c830de2c2c48f4b8)] -> xpath: (//table[@aria-label='Committee Goals (Active Goals)'])[last()]/tbody/tr/th/span/a|(//table[@aria-label='Committee Goals (Active Goals)'])[last()]/tbody/tr/th//a]</small> </font> </div>
<div class="test-message">&emsp;Active Goal details are displayed</div>
<div class="test-message">&emsp;8.Click on view all link of file upload</div>
<div class="test-event"> <font color="maroon"> <small> &emsp; &emsp;--- 15 Oct 12:54:25 849 - Page URL:: https://i-car--staging.sandbox.lightning.force.com/lightning/r/committee_goal__c/a5q8w000000h9u4qac/view?ws=%2flightning%2fr%2fcommittee_member__c%2fa371i000000ir8rqaa%2fview</small> </font> </div>
<div class="test-event"> <font color="maroon"> <small> &emsp; &emsp;--- 15 Oct 12:54:25 849 - <b>1</b> - Page Load Wait: (Sync) - ICar.support.Utils.waitForPageLoad(Utils.java:109)</small> </font> </div>
<div class="test-event"> <font color="maroon"> <small> &emsp; &emsp;--- 15 Oct 12:54:44 283 - Catched spinner load exception due to Expected condition failed: waiting for ICar.support.WaitUtils$4@3e310ae5 (tried for 18 second(s) with 500 milliseconds interval)</small> </font> </div>
<div class="test-event"> <font color="maroon"> <small> &emsp; &emsp;--- 15 Oct 12:54:44 283 - <b>18</b> - Spinner Load Wait: (Sync) - ICar.support.WaitUtils.waitForSpinner(WaitUtils.java:225)</small> </font> </div>
<div class="test-event"> <font color="maroon"> <small> &emsp; &emsp;--- 15 Oct 12:54:45 036 - Page URL:: https://i-car--staging.sandbox.lightning.force.com/lightning/r/committee_goal__c/a5q8w000000h9u4qac/view?ws=%2flightning%2fr%2fcommittee_member__c%2fa371i000000ir8rqaa%2fview</small> </font> </div>
<div class="test-event"> <font color="maroon"> <small> &emsp; &emsp;--- 15 Oct 12:54:45 036 - <b>0</b> - Page Load Wait: (Sync) - ICar.support.Utils.waitForPageLoad(Utils.java:109)</small> </font> </div>
<div class="test-event"> <font color="maroon"> <small> &emsp; &emsp;--- 15 Oct 12:54:45 893 - Page URL:: https://i-car--staging.sandbox.lightning.force.com/lightning/r/committee_goal__c/a5q8w000000h9u4qac/view?ws=%2flightning%2fr%2fcommittee_member__c%2fa371i000000ir8rqaa%2fview</small> </font> </div>
<div class="test-event"> <font color="maroon"> <small> &emsp; &emsp;--- 15 Oct 12:54:45 893 - <b>0</b> - Page Load Wait: (Sync) - ICar.support.Utils.waitForPageLoad(Utils.java:109)</small> </font> </div>
<div class="test-event"> <font color="maroon"> <small> &emsp; &emsp;--- 15 Oct 12:55:01 062 - Catched spinner load exception due to Expected condition failed: waiting for ICar.support.WaitUtils$4@3e310ae5 (tried for 15 second(s) with 500 milliseconds interval)</small> </font> </div>
<div class="test-event"> <font color="maroon"> <small> &emsp; &emsp;--- 15 Oct 12:55:01 062 - Spinner Load Wait</small> </font> </div>
<div class="test-event"> <font color="maroon"> <small> &emsp; &emsp;--- 15 Oct 12:55:03 244 - Element is displayed:: [[ChromeDriver: chrome on WINDOWS (c2c6af62d363e495c830de2c2c48f4b8)] -> xpath: (//span[text()='View All'])[last()]]</small> </font> </div>
<div class="test-event"> <font color="maroon"> <small> &emsp; &emsp;--- 15 Oct 12:55:18 538 - Catched spinner load exception due to Expected condition failed: waiting for ICar.support.WaitUtils$4@3e310ae5 (tried for 15 second(s) with 500 milliseconds interval)</small> </font> </div>
<div class="test-event"> <font color="maroon"> <small> &emsp; &emsp;--- 15 Oct 12:55:18 538 - Spinner Load Wait</small> </font> </div>
<div class="test-event"> <font color="maroon"> <small> &emsp; &emsp;--- 15 Oct 12:55:19 565 - Page URL:: https://i-car--staging.sandbox.lightning.force.com/lightning/r/committee_goal__c/a5q8w000000h9u4qac/related/attachedcontentdocuments/view?ws=%2flightning%2fr%2fcommittee_member__c%2fa371i000000ir8rqaa%2fview</small> </font> </div>
<div class="test-event"> <font color="maroon"> <small> &emsp; &emsp;--- 15 Oct 12:55:19 565 - <b>1</b> - Page Load Wait: (Sync) - ICar.support.Utils.waitForPageLoad(Utils.java:109)</small> </font> </div>
<div class="test-message">&emsp;Uploaded file from portal is present in salesforce and uploaded file name is upload</div>
<div class="test-result"><br><font color="green"><strong> Test Passed. </strong></font> </div>&emsp;
&emsp;<div class="test-title"> <strong><font size = "3" color = "#0000FF">---Test Execution Ends---</font> </strong> </div>&emsp;]]>
    </system-out>
  </testcase> <!-- B2B1104_TC02 -->
  <testcase classname="CommitteeTestscripts.CommitteeTestscripts" name="B2B1000_TC03" time="294.414">
    <system-out>
      <![CDATA[<div class="test-event"> <font color="maroon"> <small> &emsp; &emsp;--- 15 Oct 11:46:10 816 - TestCaseID:: B2B1000_TC03</small> </font> </div>
<div class="test-event"> <font color="maroon"> <small> &emsp; &emsp;--- 15 Oct 11:46:12 008 - <b>1</b> - Driver::initialize::Get - ICar.support.WebDriverFactory.getDriver(WebDriverFactory.java:640)</small> </font> </div>
&emsp;<div class="test-title"> <strong><font size = "3" color = "#000080">Committee Member cannot access "Access Committee Portal" in the Portal</font> </strong> </div>&emsp;<div><strong>Steps:</strong></div><!-- Report -->&emsp;
<div class="test-event"> <font color="maroon"> <small> &emsp; &emsp;--- 15 Oct 11:46:17 446 - Page URL:: https://i-car--staging.sandbox.my.salesforce.com/</small> </font> </div>
<div class="test-event"> <font color="maroon"> <small> &emsp; &emsp;--- 15 Oct 11:46:17 446 - <b>2</b> - Page Load Wait: (Sync) - ICar.support.Utils.waitForPageLoad(Utils.java:109)</small> </font> </div>
<div class="test-event"> <font color="maroon"> <small> &emsp; &emsp;--- 15 Oct 11:46:30 465 - Page URL:: https://i-car--staging.sandbox.my.salesforce.com/</small> </font> </div>
<div class="test-event"> <font color="maroon"> <small> &emsp; &emsp;--- 15 Oct 11:46:30 465 - <b>0</b> - Page Load Wait: (Sync) - ICar.support.Utils.waitForPageLoad(Utils.java:109)</small> </font> </div>
<div class="test-message">&emsp;Successfully navigated to 'Login' Page&emsp;<a href=".\ScreenShot\B2B1000_TC03_1254985547610200.png" target="_blank" >[ScreenShot]</a></div>
<div class="test-message">&emsp;1. Login page is launched.</div>
<div class="test-event"> <font color="maroon"> <small> &emsp; &emsp;--- 15 Oct 11:46:30 721 - Element is displayed:: [[ChromeDriver: chrome on WINDOWS (1a3338f96e6ce072f6ce7994eaa27959)] -> id: username]</small> </font> </div>
<div class="test-event"> <font color="maroon"> <small> &emsp; &emsp;--- 15 Oct 11:46:30 788 - Element is displayed:: [[ChromeDriver: chrome on WINDOWS (1a3338f96e6ce072f6ce7994eaa27959)] -> id: username]</small> </font> </div>
<div class="test-event"> <font color="maroon"> <small> &emsp; &emsp;--- 15 Oct 11:46:31 047 - Element is displayed:: [[ChromeDriver: chrome on WINDOWS (1a3338f96e6ce072f6ce7994eaa27959)] -> id: password]</small> </font> </div>
<div class="test-event"> <font color="maroon"> <small> &emsp; &emsp;--- 15 Oct 11:46:31 230 - Element is displayed:: [[ChromeDriver: chrome on WINDOWS (1a3338f96e6ce072f6ce7994eaa27959)] -> id: Login]</small> </font> </div>
<div class="test-event"> <font color="maroon"> <small> &emsp; &emsp;--- 15 Oct 11:47:07 575 - Catched spinner load exception due to Expected condition failed: waiting for ICar.support.WaitUtils$4@3e310ae5 (tried for 13 second(s) with 500 milliseconds interval)</small> </font> </div>
<div class="test-event"> <font color="maroon"> <small> &emsp; &emsp;--- 15 Oct 11:47:07 576 - <b>13</b> - Spinner Load Wait: (Sync) - ICar.support.WaitUtils.waitForSpinner(WaitUtils.java:225)</small> </font> </div>
<div class="test-event"> <font color="maroon"> <small> &emsp; &emsp;--- 15 Oct 11:47:25 980 - Catched spinner load exception due to Expected condition failed: waiting for ICar.support.WaitUtils$4@3e310ae5 (tried for 6 second(s) with 500 milliseconds interval)</small> </font> </div>
<div class="test-event"> <font color="maroon"> <small> &emsp; &emsp;--- 15 Oct 11:47:25 980 - <b>6</b> - Spinner Load Wait: (Sync) - ICar.support.WaitUtils.waitForSpinner(WaitUtils.java:225)</small> </font> </div>
<div class="test-event"> <font color="maroon"> <small> &emsp; &emsp;--- 15 Oct 11:47:26 090 - Element is displayed:: [[ChromeDriver: chrome on WINDOWS (1a3338f96e6ce072f6ce7994eaa27959)] -> css selector: button[class*='search-button']]</small> </font> </div>
<div class="test-message">&emsp;2. Navigate to 'SalesForce Page'</div>
<div class="test-event"> <font color="maroon"> <small> &emsp; &emsp;--- 15 Oct 11:47:26 575 - Page URL:: https://i-car--staging.sandbox.lightning.force.com/lightning/r/contact/0031i00000oekjhqaa/view</small> </font> </div>
<div class="test-event"> <font color="maroon"> <small> &emsp; &emsp;--- 15 Oct 11:47:26 575 - <b>0</b> - Page Load Wait: (Sync) - ICar.support.Utils.waitForPageLoad(Utils.java:109)</small> </font> </div>
<div class="test-event"> <font color="maroon"> <small> &emsp; &emsp;--- 15 Oct 11:47:32 238 - Page URL:: https://i-car--staging.sandbox.lightning.force.com/lightning/r/contact/0031i00000oekjhqaa/view</small> </font> </div>
<div class="test-event"> <font color="maroon"> <small> &emsp; &emsp;--- 15 Oct 11:47:32 239 - <b>0</b> - Page Load Wait: (Sync) - ICar.support.Utils.waitForPageLoad(Utils.java:109)</small> </font> </div>
<div class="test-message">&emsp;Close the tab</div>
<div class="test-message">&emsp;Successfully navigated to 'Login' Page&emsp;<a href=".\ScreenShot\B2B1000_TC03_1255052370289200.png" target="_blank" >[ScreenShot]</a></div>
<div class="test-event"> <font color="maroon"> <small> &emsp; &emsp;--- 15 Oct 11:47:42 761 - Catched spinner load exception due to Expected condition failed: waiting for ICar.support.WaitUtils$4@3e310ae5 (tried for 5 second(s) with 500 milliseconds interval)</small> </font> </div>
<div class="test-event"> <font color="maroon"> <small> &emsp; &emsp;--- 15 Oct 11:47:42 761 - <b>5</b> - Spinner Load Wait: (Sync) - ICar.support.WaitUtils.waitForSpinner(WaitUtils.java:225)</small> </font> </div>
<div class="test-event"> <font color="maroon"> <small> &emsp; &emsp;--- 15 Oct 11:47:42 928 - Page URL:: https://i-car--staging.sandbox.lightning.force.com/lightning/o/committee__c/list?filtername=__recent</small> </font> </div>
<div class="test-event"> <font color="maroon"> <small> &emsp; &emsp;--- 15 Oct 11:47:42 928 - <b>0</b> - Page Load Wait: (Sync) - ICar.support.Utils.waitForPageLoad(Utils.java:109)</small> </font> </div>
<div class="test-event"> <font color="maroon"> <small> &emsp; &emsp;--- 15 Oct 11:47:43 002 - Element is displayed:: [[ChromeDriver: chrome on WINDOWS (1a3338f96e6ce072f6ce7994eaa27959)] -> xpath: //div[contains(@class,'appLauncher ')]//button]</small> </font> </div>
<div class="test-event"> <font color="maroon"> <small> &emsp; &emsp;--- 15 Oct 11:47:43 069 - Element is displayed:: [[ChromeDriver: chrome on WINDOWS (1a3338f96e6ce072f6ce7994eaa27959)] -> xpath: //div[contains(@class,'appLauncher ')]//button]</small> </font> </div>
<div class="test-event"> <font color="maroon"> <small> &emsp; &emsp;--- 15 Oct 11:47:44 681 - Element is displayed:: [[ChromeDriver: chrome on WINDOWS (1a3338f96e6ce072f6ce7994eaa27959)] -> xpath: //input[@placeholder='Search apps and items...']]</small> </font> </div>
<div class="test-event"> <font color="maroon"> <small> &emsp; &emsp;--- 15 Oct 11:47:44 752 - Element is displayed:: [[ChromeDriver: chrome on WINDOWS (1a3338f96e6ce072f6ce7994eaa27959)] -> xpath: //input[@placeholder='Search apps and items...']]</small> </font> </div>
<div class="test-event"> <font color="maroon"> <small> &emsp; &emsp;--- 15 Oct 11:47:48 070 - Element is displayed:: [[ChromeDriver: chrome on WINDOWS (1a3338f96e6ce072f6ce7994eaa27959)] -> xpath: //lightning-formatted-rich-text/span/p/b[text()='Committees']]</small> </font> </div>
<div class="test-event"> <font color="maroon"> <small> &emsp; &emsp;--- 15 Oct 11:47:51 121 - Element is displayed:: [[ChromeDriver: chrome on WINDOWS (1a3338f96e6ce072f6ce7994eaa27959)] -> xpath: //lightning-formatted-rich-text/span/p/b[text()='Committees']]</small> </font> </div>
<div class="test-event"> <font color="maroon"> <small> &emsp; &emsp;--- 15 Oct 11:47:51 396 - Page URL:: https://i-car--staging.sandbox.lightning.force.com/lightning/o/committee__c/home</small> </font> </div>
<div class="test-event"> <font color="maroon"> <small> &emsp; &emsp;--- 15 Oct 11:47:51 396 - <b>0</b> - Page Load Wait: (Sync) - ICar.support.Utils.waitForPageLoad(Utils.java:109)</small> </font> </div>
<div class="test-event"> <font color="maroon"> <small> &emsp; &emsp;--- 15 Oct 11:47:56 633 - Catched spinner load exception due to Expected condition failed: waiting for ICar.support.WaitUtils$4@3e310ae5 (tried for 5 second(s) with 500 milliseconds interval)</small> </font> </div>
<div class="test-event"> <font color="maroon"> <small> &emsp; &emsp;--- 15 Oct 11:47:56 633 - <b>5</b> - Spinner Load Wait: (Sync) - ICar.support.WaitUtils.waitForSpinner(WaitUtils.java:225)</small> </font> </div>
<div class="test-event"> <font color="maroon"> <small> &emsp; &emsp;--- 15 Oct 11:47:56 821 - Page URL:: https://i-car--staging.sandbox.lightning.force.com/lightning/o/committee__c/list?filtername=__recent</small> </font> </div>
<div class="test-event"> <font color="maroon"> <small> &emsp; &emsp;--- 15 Oct 11:47:56 821 - <b>0</b> - Page Load Wait: (Sync) - ICar.support.Utils.waitForPageLoad(Utils.java:109)</small> </font> </div>
<div class="test-event"> <font color="maroon"> <small> &emsp; &emsp;--- 15 Oct 11:47:56 893 - Element is displayed:: [[ChromeDriver: chrome on WINDOWS (1a3338f96e6ce072f6ce7994eaa27959)] -> xpath: //div[contains(@class,'appLauncher ')]//button]</small> </font> </div>
<div class="test-event"> <font color="maroon"> <small> &emsp; &emsp;--- 15 Oct 11:47:56 946 - Element is displayed:: [[ChromeDriver: chrome on WINDOWS (1a3338f96e6ce072f6ce7994eaa27959)] -> xpath: //div[contains(@class,'appLauncher ')]//button]</small> </font> </div>
<div class="test-event"> <font color="maroon"> <small> &emsp; &emsp;--- 15 Oct 11:47:57 134 - Element is displayed:: [[ChromeDriver: chrome on WINDOWS (1a3338f96e6ce072f6ce7994eaa27959)] -> xpath: //input[@placeholder='Search apps and items...']]</small> </font> </div>
<div class="test-event"> <font color="maroon"> <small> &emsp; &emsp;--- 15 Oct 11:47:57 195 - Element is displayed:: [[ChromeDriver: chrome on WINDOWS (1a3338f96e6ce072f6ce7994eaa27959)] -> xpath: //input[@placeholder='Search apps and items...']]</small> </font> </div>
<div class="test-event"> <font color="maroon"> <small> &emsp; &emsp;--- 15 Oct 11:48:00 573 - Element is displayed:: [[ChromeDriver: chrome on WINDOWS (1a3338f96e6ce072f6ce7994eaa27959)] -> xpath: //lightning-formatted-rich-text/span/p/b[text()='Committee Members']]</small> </font> </div>
<div class="test-event"> <font color="maroon"> <small> &emsp; &emsp;--- 15 Oct 11:48:03 631 - Element is displayed:: [[ChromeDriver: chrome on WINDOWS (1a3338f96e6ce072f6ce7994eaa27959)] -> xpath: //lightning-formatted-rich-text/span/p/b[text()='Committee Members']]</small> </font> </div>
<div class="test-event"> <font color="maroon"> <small> &emsp; &emsp;--- 15 Oct 11:48:04 049 - Page URL:: https://i-car--staging.sandbox.lightning.force.com/lightning/o/committee_member__c/home</small> </font> </div>
<div class="test-event"> <font color="maroon"> <small> &emsp; &emsp;--- 15 Oct 11:48:04 049 - <b>0</b> - Page Load Wait: (Sync) - ICar.support.Utils.waitForPageLoad(Utils.java:109)</small> </font> </div>
<div class="test-message">&emsp;3. Enter the AccountName as : Anthony Brooks:510-0208 Metro Baltimore MD</div>
<div class="test-event"> <font color="maroon"> <small> &emsp; &emsp;--- 15 Oct 11:48:04 197 - Page URL:: https://i-car--staging.sandbox.lightning.force.com/lightning/o/committee_member__c/home</small> </font> </div>
<div class="test-event"> <font color="maroon"> <small> &emsp; &emsp;--- 15 Oct 11:48:04 197 - <b>0</b> - Page Load Wait: (Sync) - ICar.support.Utils.waitForPageLoad(Utils.java:109)</small> </font> </div>
<div class="test-event"> <font color="maroon"> <small> &emsp; &emsp;--- 15 Oct 11:48:04 380 - Element is displayed:: [[ChromeDriver: chrome on WINDOWS (1a3338f96e6ce072f6ce7994eaa27959)] -> css selector: button[class*='search-button']]</small> </font> </div>
<div class="test-event"> <font color="maroon"> <small> &emsp; &emsp;--- 15 Oct 11:48:06 503 - Catched spinner load exception due to Expected condition failed: waiting for ICar.support.WaitUtils$4@3e310ae5 (tried for 2 second(s) with 500 milliseconds interval)</small> </font> </div>
<div class="test-event"> <font color="maroon"> <small> &emsp; &emsp;--- 15 Oct 11:48:06 503 - <b>2</b> - Spinner Load Wait: (Sync) - ICar.support.WaitUtils.waitForSpinner(WaitUtils.java:225)</small> </font> </div>
<div class="test-event"> <font color="maroon"> <small> &emsp; &emsp;--- 15 Oct 11:48:09 594 - Element is displayed:: [[ChromeDriver: chrome on WINDOWS (1a3338f96e6ce072f6ce7994eaa27959)] -> css selector: button[class*='search-button']]</small> </font> </div>
<div class="test-event"> <font color="maroon"> <small> &emsp; &emsp;--- 15 Oct 11:48:10 079 - Page URL:: https://i-car--staging.sandbox.lightning.force.com/lightning/o/committee_member__c/home</small> </font> </div>
<div class="test-event"> <font color="maroon"> <small> &emsp; &emsp;--- 15 Oct 11:48:10 079 - <b>0</b> - Page Load Wait: (Sync) - ICar.support.Utils.waitForPageLoad(Utils.java:109)</small> </font> </div>
<div class="test-event"> <font color="maroon"> <small> &emsp; &emsp;--- 15 Oct 11:48:26 628 - Catched spinner load exception due to Expected condition failed: waiting for ICar.support.WaitUtils$4@3e310ae5 (tried for 10 second(s) with 500 milliseconds interval)</small> </font> </div>
<div class="test-event"> <font color="maroon"> <small> &emsp; &emsp;--- 15 Oct 11:48:26 628 - <b>10</b> - Spinner Load Wait: (Sync) - ICar.support.WaitUtils.waitForSpinner(WaitUtils.java:225)</small> </font> </div>
<div class="test-event"> <font color="maroon"> <small> &emsp; &emsp;--- 15 Oct 11:48:26 978 - Page URL:: https://i-car--staging.sandbox.lightning.force.com/one/one.app#eyjjb21wb25lbnrezwyioijmb3jjzvnlyxjjadpzzwfyy2hqywdlrgvza3rvccisimf0dhjpynv0zxmionsidgvybsi6ikfudghvbnkgqnjvb2tzojuxmc0wmja4ie1ldhjviejhbhrpbw9yzsbnrcisinnjb3bltwfwijp7inr5cguioijut1bfukvtvuxuuyisim5hbwvzcgfjzsi6iiisimxhymvsijoivg9wifjlc3vsdhmilcjsywjlbfbsdxjhbci6ilrvccbszxn1bhrziiwicmvzdwx0c0ntcci6imzvcmnlu2vhcmnoonbyzwrpy3rlzfjlc3vsdhmifswiy29udgv4dci6eyjgsuxurvjtijp7fswic2vhcmnou291cmnlijoiqvntsvnuqu5ux0rjquxpryisimrpc2fibgvjbnrlbnrrdwvyesi6zmfsc2usimrpc2fibgvtcgvsbenvcnjly3rpb24iomzhbhnllcjzzwfyy2heawfsb2dtzxnzaw9uswqioii2ntgxnwm4os03yjrmlwrmogqtywexnc1kmtnkmdrknwezyteilcjkzwj1z0luzm8ionsiyxbwtmftzsi6ikldyxjfu2vydmljzv9db25zb2xliiwiyxbwvhlwzsi6iknvbnnvbguilcjhchboyw1lc3bhy2uioijjiiwibg9jyxrpb24ioijmb3jjztpvymply3rib21lrgvza3rvccisinnvymply3ruexblijoiq29tbwl0dgvlx01lbwjlcl9fyyj9fswiz3jvdxbjzci6ikrfrkfvtfqifswic3rhdguiont9fq%3d%3d</small> </font> </div>
<div class="test-event"> <font color="maroon"> <small> &emsp; &emsp;--- 15 Oct 11:48:26 978 - <b>0</b> - Page Load Wait: (Sync) - ICar.support.Utils.waitForPageLoad(Utils.java:109)</small> </font> </div>
<div class="test-event"> <font color="maroon"> <small> &emsp; &emsp;--- 15 Oct 11:48:27 325 - Page URL:: https://i-car--staging.sandbox.lightning.force.com/one/one.app#eyjjb21wb25lbnrezwyioijmb3jjzvnlyxjjadpzzwfyy2hqywdlrgvza3rvccisimf0dhjpynv0zxmionsidgvybsi6ikfudghvbnkgqnjvb2tzojuxmc0wmja4ie1ldhjviejhbhrpbw9yzsbnrcisinnjb3bltwfwijp7inr5cguioijut1bfukvtvuxuuyisim5hbwvzcgfjzsi6iiisimxhymvsijoivg9wifjlc3vsdhmilcjsywjlbfbsdxjhbci6ilrvccbszxn1bhrziiwicmvzdwx0c0ntcci6imzvcmnlu2vhcmnoonbyzwrpy3rlzfjlc3vsdhmifswiy29udgv4dci6eyjgsuxurvjtijp7fswic2vhcmnou291cmnlijoiqvntsvnuqu5ux0rjquxpryisimrpc2fibgvjbnrlbnrrdwvyesi6zmfsc2usimrpc2fibgvtcgvsbenvcnjly3rpb24iomzhbhnllcjzzwfyy2heawfsb2dtzxnzaw9uswqioii2ntgxnwm4os03yjrmlwrmogqtywexnc1kmtnkmdrknwezyteilcjkzwj1z0luzm8ionsiyxbwtmftzsi6ikldyxjfu2vydmljzv9db25zb2xliiwiyxbwvhlwzsi6iknvbnnvbguilcjhchboyw1lc3bhy2uioijjiiwibg9jyxrpb24ioijmb3jjztpvymply3rib21lrgvza3rvccisinnvymply3ruexblijoiq29tbwl0dgvlx01lbwjlcl9fyyj9fswiz3jvdxbjzci6ikrfrkfvtfqifswic3rhdguiont9fq%3d%3d</small> </font> </div>
<div class="test-event"> <font color="maroon"> <small> &emsp; &emsp;--- 15 Oct 11:48:27 325 - <b>0</b> - Page Load Wait: (Sync) - ICar.support.Utils.waitForPageLoad(Utils.java:109)</small> </font> </div>
<div class="test-event"> <font color="maroon"> <small> &emsp; &emsp;--- 15 Oct 11:48:37 781 - Catched spinner load exception due to Expected condition failed: waiting for ICar.support.WaitUtils$4@3e310ae5 (tried for 10 second(s) with 500 milliseconds interval)</small> </font> </div>
<div class="test-event"> <font color="maroon"> <small> &emsp; &emsp;--- 15 Oct 11:48:37 781 - <b>10</b> - Spinner Load Wait: (Sync) - ICar.support.WaitUtils.waitForSpinner(WaitUtils.java:225)</small> </font> </div>
<div class="test-event"> <font color="maroon"> <small> &emsp; &emsp;--- 15 Oct 11:48:37 816 - Element is displayed:: [[ChromeDriver: chrome on WINDOWS (1a3338f96e6ce072f6ce7994eaa27959)] -> css selector: div.forceSearchResultsRegion div.resultsMultiWrapper >div > div table tbody th a]</small> </font> </div>
<div class="test-event"> <font color="maroon"> <small> &emsp; &emsp;--- 15 Oct 11:48:37 910 - Element is displayed:: [[ChromeDriver: chrome on WINDOWS (1a3338f96e6ce072f6ce7994eaa27959)] -> css selector: div.forceSearchResultsRegion div.resultsMultiWrapper >div > div table tbody th a]</small> </font> </div>
<div class="test-event"> <font color="maroon"> <small> &emsp; &emsp;--- 15 Oct 11:48:38 419 - Page URL:: https://i-car--staging.sandbox.lightning.force.com/one/one.app#eyjjb21wb25lbnrezwyioijmb3jjzvnlyxjjadpzzwfyy2hqywdlrgvza3rvccisimf0dhjpynv0zxmionsidgvybsi6ikfudghvbnkgqnjvb2tzojuxmc0wmja4ie1ldhjviejhbhrpbw9yzsbnrcisinnjb3bltwfwijp7inr5cguioijut1bfukvtvuxuuyisim5hbwvzcgfjzsi6iiisimxhymvsijoivg9wifjlc3vsdhmilcjsywjlbfbsdxjhbci6ilrvccbszxn1bhrziiwicmvzdwx0c0ntcci6imzvcmnlu2vhcmnoonbyzwrpy3rlzfjlc3vsdhmifswiy29udgv4dci6eyjgsuxurvjtijp7fswic2vhcmnou291cmnlijoiqvntsvnuqu5ux0rjquxpryisimrpc2fibgvjbnrlbnrrdwvyesi6zmfsc2usimrpc2fibgvtcgvsbenvcnjly3rpb24iomzhbhnllcjzzwfyy2heawfsb2dtzxnzaw9uswqioii2ntgxnwm4os03yjrmlwrmogqtywexnc1kmtnkmdrknwezyteilcjkzwj1z0luzm8ionsiyxbwtmftzsi6ikldyxjfu2vydmljzv9db25zb2xliiwiyxbwvhlwzsi6iknvbnnvbguilcjhchboyw1lc3bhy2uioijjiiwibg9jyxrpb24ioijmb3jjztpvymply3rib21lrgvza3rvccisinnvymply3ruexblijoiq29tbwl0dgvlx01lbwjlcl9fyyj9fswiz3jvdxbjzci6ikrfrkfvtfqifswic3rhdguiont9fq%3d%3d</small> </font> </div>
<div class="test-event"> <font color="maroon"> <small> &emsp; &emsp;--- 15 Oct 11:48:38 419 - <b>0</b> - Page Load Wait: (Sync) - ICar.support.Utils.waitForPageLoad(Utils.java:109)</small> </font> </div>
<div class="test-message">&emsp;Role displayed Committee Member</div>
<div class="test-message">&emsp;Successfully verified - Contact name Anthony Bruce Brooks whose role displayed as Committee Member</div>
<div class="test-event"> <font color="maroon"> <small> &emsp; &emsp;--- 15 Oct 11:48:44 321 - Page URL:: https://i-car--staging.sandbox.lightning.force.com/lightning/r/committee_member__c/a371i000000ir8rqaq/view</small> </font> </div>
<div class="test-event"> <font color="maroon"> <small> &emsp; &emsp;--- 15 Oct 11:48:44 321 - <b>0</b> - Page Load Wait: (Sync) - ICar.support.Utils.waitForPageLoad(Utils.java:109)</small> </font> </div>
<div class="test-event"> <font color="maroon"> <small> &emsp; &emsp;--- 15 Oct 11:48:49 549 - Page URL:: https://i-car--staging.sandbox.lightning.force.com/lightning/r/committee_member__c/a371i000000ir8rqaq/view</small> </font> </div>
<div class="test-event"> <font color="maroon"> <small> &emsp; &emsp;--- 15 Oct 11:48:49 549 - <b>0</b> - Page Load Wait: (Sync) - ICar.support.Utils.waitForPageLoad(Utils.java:109)</small> </font> </div>
<div class="test-event"> <font color="maroon"> <small> &emsp; &emsp;--- 15 Oct 11:48:53 932 - Page URL:: https://i-car--staging.sandbox.lightning.force.com/lightning/r/committee_member__c/a371i000000ir8rqaq/view</small> </font> </div>
<div class="test-event"> <font color="maroon"> <small> &emsp; &emsp;--- 15 Oct 11:48:53 932 - <b>0</b> - Page Load Wait: (Sync) - ICar.support.Utils.waitForPageLoad(Utils.java:109)</small> </font> </div>
<div class="test-event"> <font color="maroon"> <small> &emsp; &emsp;--- 15 Oct 11:48:53 989 - Element is displayed:: [[ChromeDriver: chrome on WINDOWS (1a3338f96e6ce072f6ce7994eaa27959)] -> css selector: button[class*='search-button']]</small> </font> </div>
<div class="test-event"> <font color="maroon"> <small> &emsp; &emsp;--- 15 Oct 11:48:56 089 - Catched spinner load exception due to Expected condition failed: waiting for ICar.support.WaitUtils$4@3e310ae5 (tried for 2 second(s) with 500 milliseconds interval)</small> </font> </div>
<div class="test-event"> <font color="maroon"> <small> &emsp; &emsp;--- 15 Oct 11:48:56 089 - <b>2</b> - Spinner Load Wait: (Sync) - ICar.support.WaitUtils.waitForSpinner(WaitUtils.java:225)</small> </font> </div>
<div class="test-event"> <font color="maroon"> <small> &emsp; &emsp;--- 15 Oct 11:48:59 182 - Element is displayed:: [[ChromeDriver: chrome on WINDOWS (1a3338f96e6ce072f6ce7994eaa27959)] -> css selector: button[class*='search-button']]</small> </font> </div>
<div class="test-event"> <font color="maroon"> <small> &emsp; &emsp;--- 15 Oct 11:48:59 770 - Page URL:: https://i-car--staging.sandbox.lightning.force.com/lightning/o/committee__c/list?filtername=__recent</small> </font> </div>
<div class="test-event"> <font color="maroon"> <small> &emsp; &emsp;--- 15 Oct 11:48:59 770 - <b>0</b> - Page Load Wait: (Sync) - ICar.support.Utils.waitForPageLoad(Utils.java:109)</small> </font> </div>
<div class="test-event"> <font color="maroon"> <small> &emsp; &emsp;--- 15 Oct 11:49:19 505 - Catched spinner load exception due to Expected condition failed: waiting for ICar.support.WaitUtils$4@3e310ae5 (tried for 10 second(s) with 500 milliseconds interval)</small> </font> </div>
<div class="test-event"> <font color="maroon"> <small> &emsp; &emsp;--- 15 Oct 11:49:19 505 - <b>10</b> - Spinner Load Wait: (Sync) - ICar.support.WaitUtils.waitForSpinner(WaitUtils.java:225)</small> </font> </div>
<div class="test-event"> <font color="maroon"> <small> &emsp; &emsp;--- 15 Oct 11:49:20 311 - Page URL:: https://i-car--staging.sandbox.lightning.force.com/one/one.app#eyjjb21wb25lbnrezwyioijmb3jjzvnlyxjjadpzzwfyy2hqywdlrgvza3rvccisimf0dhjpynv0zxmionsidgvybsi6ijiynzkzmtiilcjzy29wzu1hcci6eyj0exblijoive9qx1jfu1vmvfmilcjuyw1lc3bhy2uioiiilcjsywjlbci6ilrvccbszxn1bhrziiwibgfizwxqbhvyywwioijub3agumvzdwx0cyisinjlc3vsdhndbxaioijmb3jjzvnlyxjjadpwcmvkawn0zwrszxn1bhrzin0simnvbnrlehqionsirklmvevsuyi6e30sinnlyxjjafnvdxjjzsi6ikftu0ltvefovf9esufmt0cilcjkaxnhymxlsw50zw50uxvlcnkiomzhbhnllcjkaxnhymxlu3blbgxdb3jyzwn0aw9uijpmywxzzswic2vhcmnorglhbg9nu2vzc2lvbklkijoimmuyztjmyzctngu5ny0yn2qylwziztgtogu1zdgxnzexn2vhiiwizgvidwdjbmzvijp7imfwce5hbwuioijjq2fyx1nlcnzpy2vfq29uc29szsisimfwcfr5cguioijdb25zb2xliiwiyxbwtmftzxnwywnlijoiyyisimxvy2f0aw9uijoizm9yy2u6b2jqzwn0sg9tzurlc2t0b3ailcjzb2jqzwn0vhlwzsi6iknvbw1pdhrlzv9fyyj9fswiz3jvdxbjzci6ikrfrkfvtfqifswic3rhdguiont9fq%3d%3d</small> </font> </div>
<div class="test-event"> <font color="maroon"> <small> &emsp; &emsp;--- 15 Oct 11:49:20 311 - <b>0</b> - Page Load Wait: (Sync) - ICar.support.Utils.waitForPageLoad(Utils.java:109)</small> </font> </div>
<div class="test-event"> <font color="maroon"> <small> &emsp; &emsp;--- 15 Oct 11:49:31 830 - Catched spinner load exception due to Expected condition failed: waiting for ICar.support.WaitUtils$4@3e310ae5 (tried for 11 second(s) with 500 milliseconds interval)</small> </font> </div>
<div class="test-event"> <font color="maroon"> <small> &emsp; &emsp;--- 15 Oct 11:49:31 831 - <b>11</b> - Spinner Load Wait: (Sync) - ICar.support.WaitUtils.waitForSpinner(WaitUtils.java:225)</small> </font> </div>
<div class="test-event"> <font color="maroon"> <small> &emsp; &emsp;--- 15 Oct 11:49:32 591 - Page URL:: https://i-car--staging.sandbox.lightning.force.com/one/one.app#eyjjb21wb25lbnrezwyioijmb3jjzvnlyxjjadpzzwfyy2hqywdlrgvza3rvccisimf0dhjpynv0zxmionsidgvybsi6ijiynzkzmtiilcjzy29wzu1hcci6eyj0exblijoive9qx1jfu1vmvfmilcjuyw1lc3bhy2uioiiilcjsywjlbci6ilrvccbszxn1bhrziiwibgfizwxqbhvyywwioijub3agumvzdwx0cyisinjlc3vsdhndbxaioijmb3jjzvnlyxjjadpwcmvkawn0zwrszxn1bhrzin0simnvbnrlehqionsirklmvevsuyi6e30sinnlyxjjafnvdxjjzsi6ikftu0ltvefovf9esufmt0cilcjkaxnhymxlsw50zw50uxvlcnkiomzhbhnllcjkaxnhymxlu3blbgxdb3jyzwn0aw9uijpmywxzzswic2vhcmnorglhbg9nu2vzc2lvbklkijoimmuyztjmyzctngu5ny0yn2qylwziztgtogu1zdgxnzexn2vhiiwizgvidwdjbmzvijp7imfwce5hbwuioijjq2fyx1nlcnzpy2vfq29uc29szsisimfwcfr5cguioijdb25zb2xliiwiyxbwtmftzxnwywnlijoiyyisimxvy2f0aw9uijoizm9yy2u6b2jqzwn0sg9tzurlc2t0b3ailcjzb2jqzwn0vhlwzsi6iknvbw1pdhrlzv9fyyj9fswiz3jvdxbjzci6ikrfrkfvtfqifswic3rhdguiont9fq%3d%3d</small> </font> </div>
<div class="test-event"> <font color="maroon"> <small> &emsp; &emsp;--- 15 Oct 11:49:32 591 - <b>0</b> - Page Load Wait: (Sync) - ICar.support.Utils.waitForPageLoad(Utils.java:109)</small> </font> </div>
<div class="test-event"> <font color="maroon"> <small> &emsp; &emsp;--- 15 Oct 11:49:32 652 - Element is displayed:: [[ChromeDriver: chrome on WINDOWS (1a3338f96e6ce072f6ce7994eaa27959)] -> xpath: //a[@title='Top Results']//span[text()='Top Results']]</small> </font> </div>
<div class="test-event"> <font color="maroon"> <small> &emsp; &emsp;--- 15 Oct 11:49:33 041 - Page URL:: https://i-car--staging.sandbox.lightning.force.com/one/one.app#eyjjb21wb25lbnrezwyioijmb3jjzvnlyxjjadpzzwfyy2hqywdlrgvza3rvccisimf0dhjpynv0zxmionsidgvybsi6ijiynzkzmtiilcjzy29wzu1hcci6eyj0exblijoive9qx1jfu1vmvfmilcjuyw1lc3bhy2uioiiilcjsywjlbci6ilrvccbszxn1bhrziiwibgfizwxqbhvyywwioijub3agumvzdwx0cyisinjlc3vsdhndbxaioijmb3jjzvnlyxjjadpwcmvkawn0zwrszxn1bhrzin0simnvbnrlehqionsirklmvevsuyi6e30sinnlyxjjafnvdxjjzsi6ikftu0ltvefovf9esufmt0cilcjkaxnhymxlsw50zw50uxvlcnkiomzhbhnllcjkaxnhymxlu3blbgxdb3jyzwn0aw9uijpmywxzzswic2vhcmnorglhbg9nu2vzc2lvbklkijoimmuyztjmyzctngu5ny0yn2qylwziztgtogu1zdgxnzexn2vhiiwizgvidwdjbmzvijp7imfwce5hbwuioijjq2fyx1nlcnzpy2vfq29uc29szsisimfwcfr5cguioijdb25zb2xliiwiyxbwtmftzxnwywnlijoiyyisimxvy2f0aw9uijoizm9yy2u6b2jqzwn0sg9tzurlc2t0b3ailcjzb2jqzwn0vhlwzsi6iknvbw1pdhrlzv9fyyj9fswiz3jvdxbjzci6ikrfrkfvtfqifswic3rhdguiont9fq%3d%3d</small> </font> </div>
<div class="test-event"> <font color="maroon"> <small> &emsp; &emsp;--- 15 Oct 11:49:33 041 - <b>0</b> - Page Load Wait: (Sync) - ICar.support.Utils.waitForPageLoad(Utils.java:109)</small> </font> </div>
<div class="test-event"> <font color="maroon"> <small> &emsp; &emsp;--- 15 Oct 11:49:38 150 - Catched spinner load exception due to Expected condition failed: waiting for ICar.support.WaitUtils$4@3e310ae5 (tried for 5 second(s) with 500 milliseconds interval)</small> </font> </div>
<div class="test-event"> <font color="maroon"> <small> &emsp; &emsp;--- 15 Oct 11:49:38 150 - <b>5</b> - Spinner Load Wait: (Sync) - ICar.support.WaitUtils.waitForSpinner(WaitUtils.java:225)</small> </font> </div>
<div class="test-event"> <font color="maroon"> <small> &emsp; &emsp;--- 15 Oct 11:49:38 849 - Page URL:: https://i-car--staging.sandbox.lightning.force.com/one/one.app#eyjjb21wb25lbnrezwyioijmb3jjzvnlyxjjadpzzwfyy2hqywdlrgvza3rvccisimf0dhjpynv0zxmionsidgvybsi6ijiynzkzmtiilcjzy29wzu1hcci6eyj0exblijoive9qx1jfu1vmvfmilcjuyw1lc3bhy2uioiiilcjsywjlbci6ilrvccbszxn1bhrziiwibgfizwxqbhvyywwioijub3agumvzdwx0cyisinjlc3vsdhndbxaioijmb3jjzvnlyxjjadpwcmvkawn0zwrszxn1bhrzin0simnvbnrlehqionsirklmvevsuyi6e30sinnlyxjjafnvdxjjzsi6ikftu0ltvefovf9esufmt0cilcjkaxnhymxlsw50zw50uxvlcnkiomzhbhnllcjkaxnhymxlu3blbgxdb3jyzwn0aw9uijpmywxzzswic2vhcmnorglhbg9nu2vzc2lvbklkijoimmuyztjmyzctngu5ny0yn2qylwziztgtogu1zdgxnzexn2vhiiwizgvidwdjbmzvijp7imfwce5hbwuioijjq2fyx1nlcnzpy2vfq29uc29szsisimfwcfr5cguioijdb25zb2xliiwiyxbwtmftzxnwywnlijoiyyisimxvy2f0aw9uijoizm9yy2u6b2jqzwn0sg9tzurlc2t0b3ailcjzb2jqzwn0vhlwzsi6iknvbw1pdhrlzv9fyyj9fswiz3jvdxbjzci6ikrfrkfvtfqifswic3rhdguiont9fq%3d%3d</small> </font> </div>
<div class="test-event"> <font color="maroon"> <small> &emsp; &emsp;--- 15 Oct 11:49:38 849 - <b>0</b> - Page Load Wait: (Sync) - ICar.support.Utils.waitForPageLoad(Utils.java:109)</small> </font> </div>
<div class="test-event"> <font color="maroon"> <small> &emsp; &emsp;--- 15 Oct 11:49:39 558 - Page URL:: https://i-car--staging.sandbox.lightning.force.com/one/one.app#eyjjb21wb25lbnrezwyioijmb3jjzvnlyxjjadpzzwfyy2hqywdlrgvza3rvccisimf0dhjpynv0zxmionsidgvybsi6ijiynzkzmtiilcjzy29wzu1hcci6eyj0exblijoive9qx1jfu1vmvfmilcjuyw1lc3bhy2uioiiilcjsywjlbci6ilrvccbszxn1bhrziiwibgfizwxqbhvyywwioijub3agumvzdwx0cyisinjlc3vsdhndbxaioijmb3jjzvnlyxjjadpwcmvkawn0zwrszxn1bhrzin0simnvbnrlehqionsirklmvevsuyi6e30sinnlyxjjafnvdxjjzsi6ikftu0ltvefovf9esufmt0cilcjkaxnhymxlsw50zw50uxvlcnkiomzhbhnllcjkaxnhymxlu3blbgxdb3jyzwn0aw9uijpmywxzzswic2vhcmnorglhbg9nu2vzc2lvbklkijoimmuyztjmyzctngu5ny0yn2qylwziztgtogu1zdgxnzexn2vhiiwizgvidwdjbmzvijp7imfwce5hbwuioijjq2fyx1nlcnzpy2vfq29uc29szsisimfwcfr5cguioijdb25zb2xliiwiyxbwtmftzxnwywnlijoiyyisimxvy2f0aw9uijoizm9yy2u6b2jqzwn0sg9tzurlc2t0b3ailcjzb2jqzwn0vhlwzsi6iknvbw1pdhrlzv9fyyj9fswiz3jvdxbjzci6ikrfrkfvtfqifswic3rhdguiont9fq%3d%3d</small> </font> </div>
<div class="test-event"> <font color="maroon"> <small> &emsp; &emsp;--- 15 Oct 11:49:39 559 - <b>0</b> - Page Load Wait: (Sync) - ICar.support.Utils.waitForPageLoad(Utils.java:109)</small> </font> </div>
<div class="test-event"> <font color="maroon"> <small> &emsp; &emsp;--- 15 Oct 11:49:40 266 - Page URL:: https://i-car--staging.sandbox.lightning.force.com/one/one.app#eyjjb21wb25lbnrezwyioijmb3jjzvnlyxjjadpzzwfyy2hqywdlrgvza3rvccisimf0dhjpynv0zxmionsidgvybsi6ijiynzkzmtiilcjzy29wzu1hcci6eyj0exblijoive9qx1jfu1vmvfmilcjuyw1lc3bhy2uioiiilcjsywjlbci6ilrvccbszxn1bhrziiwibgfizwxqbhvyywwioijub3agumvzdwx0cyisinjlc3vsdhndbxaioijmb3jjzvnlyxjjadpwcmvkawn0zwrszxn1bhrzin0simnvbnrlehqionsirklmvevsuyi6e30sinnlyxjjafnvdxjjzsi6ikftu0ltvefovf9esufmt0cilcjkaxnhymxlsw50zw50uxvlcnkiomzhbhnllcjkaxnhymxlu3blbgxdb3jyzwn0aw9uijpmywxzzswic2vhcmnorglhbg9nu2vzc2lvbklkijoimmuyztjmyzctngu5ny0yn2qylwziztgtogu1zdgxnzexn2vhiiwizgvidwdjbmzvijp7imfwce5hbwuioijjq2fyx1nlcnzpy2vfq29uc29szsisimfwcfr5cguioijdb25zb2xliiwiyxbwtmftzxnwywnlijoiyyisimxvy2f0aw9uijoizm9yy2u6b2jqzwn0sg9tzurlc2t0b3ailcjzb2jqzwn0vhlwzsi6iknvbw1pdhrlzv9fyyj9fswiz3jvdxbjzci6ikrfrkfvtfqifswic3rhdguiont9fq%3d%3d</small> </font> </div>
<div class="test-event"> <font color="maroon"> <small> &emsp; &emsp;--- 15 Oct 11:49:40 266 - <b>0</b> - Page Load Wait: (Sync) - ICar.support.Utils.waitForPageLoad(Utils.java:109)</small> </font> </div>
<div class="test-event"> <font color="maroon"> <small> &emsp; &emsp;--- 15 Oct 11:49:48 656 - Catched spinner load exception due to Expected condition failed: waiting for ICar.support.WaitUtils$4@3e310ae5 (tried for 8 second(s) with 500 milliseconds interval)</small> </font> </div>
<div class="test-event"> <font color="maroon"> <small> &emsp; &emsp;--- 15 Oct 11:49:48 656 - <b>8</b> - Spinner Load Wait: (Sync) - ICar.support.WaitUtils.waitForSpinner(WaitUtils.java:225)</small> </font> </div>
<div class="test-event"> <font color="maroon"> <small> &emsp; &emsp;--- 15 Oct 11:49:49 345 - Page URL:: https://i-car--staging.sandbox.lightning.force.com/one/one.app#eyjjb21wb25lbnrezwyioijmb3jjzvnlyxjjadpzzwfyy2hqywdlrgvza3rvccisimf0dhjpynv0zxmionsidgvybsi6ijiynzkzmtiilcjzy29wzu1hcci6eyj0exblijoive9qx1jfu1vmvfmilcjuyw1lc3bhy2uioiiilcjsywjlbci6ilrvccbszxn1bhrziiwibgfizwxqbhvyywwioijub3agumvzdwx0cyisinjlc3vsdhndbxaioijmb3jjzvnlyxjjadpwcmvkawn0zwrszxn1bhrzin0simnvbnrlehqionsirklmvevsuyi6e30sinnlyxjjafnvdxjjzsi6ikftu0ltvefovf9esufmt0cilcjkaxnhymxlsw50zw50uxvlcnkiomzhbhnllcjkaxnhymxlu3blbgxdb3jyzwn0aw9uijpmywxzzswic2vhcmnorglhbg9nu2vzc2lvbklkijoimmuyztjmyzctngu5ny0yn2qylwziztgtogu1zdgxnzexn2vhiiwizgvidwdjbmzvijp7imfwce5hbwuioijjq2fyx1nlcnzpy2vfq29uc29szsisimfwcfr5cguioijdb25zb2xliiwiyxbwtmftzxnwywnlijoiyyisimxvy2f0aw9uijoizm9yy2u6b2jqzwn0sg9tzurlc2t0b3ailcjzb2jqzwn0vhlwzsi6iknvbw1pdhrlzv9fyyj9fswiz3jvdxbjzci6ikrfrkfvtfqifswic3rhdguiont9fq%3d%3d</small> </font> </div>
<div class="test-event"> <font color="maroon"> <small> &emsp; &emsp;--- 15 Oct 11:49:49 345 - <b>0</b> - Page Load Wait: (Sync) - ICar.support.Utils.waitForPageLoad(Utils.java:109)</small> </font> </div>
<div class="test-event"> <font color="maroon"> <small> &emsp; &emsp;--- 15 Oct 11:49:51 489 - Element is displayed:: [[ChromeDriver: chrome on WINDOWS (1a3338f96e6ce072f6ce7994eaa27959)] -> xpath: //div[contains(@class,'forceSearchResultsRegion')]//div[contains(@class,'resultsMultiWrapper')]/div/div[1]//following::h2//a]</small> </font> </div>
<div class="test-event"> <font color="maroon"> <small> &emsp; &emsp;--- 15 Oct 11:49:51 790 - Element is displayed:: [[ChromeDriver: chrome on WINDOWS (1a3338f96e6ce072f6ce7994eaa27959)] -> xpath: //a[text()='Contacts']]</small> </font> </div>
<div class="test-event"> <font color="maroon"> <small> &emsp; &emsp;--- 15 Oct 11:49:56 085 - Element is displayed:: [[ChromeDriver: chrome on WINDOWS (1a3338f96e6ce072f6ce7994eaa27959)] -> xpath: //div[text()='Contacts']//following :: table//tbody//th//span /a]</small> </font> </div>
<div class="test-message">&emsp;Enter ICAR ID  2279312</div>
<div class="test-event"> <font color="maroon"> <small> &emsp; &emsp;--- 15 Oct 11:50:11 742 - Catched spinner load exception due to Expected condition failed: waiting for ICar.support.WaitUtils$4@3e310ae5 (tried for 15 second(s) with 500 milliseconds interval)</small> </font> </div>
<div class="test-event"> <font color="maroon"> <small> &emsp; &emsp;--- 15 Oct 11:50:11 742 - <b>15</b> - Spinner Load Wait: (Sync) - ICar.support.WaitUtils.waitForSpinner(WaitUtils.java:225)</small> </font> </div>
<div class="test-event"> <font color="maroon"> <small> &emsp; &emsp;--- 15 Oct 11:50:12 332 - Page URL:: https://i-car--staging.sandbox.lightning.force.com/lightning/r/contact/0031i00000oeh1aqaa/view</small> </font> </div>
<div class="test-event"> <font color="maroon"> <small> &emsp; &emsp;--- 15 Oct 11:50:12 332 - <b>0</b> - Page Load Wait: (Sync) - ICar.support.Utils.waitForPageLoad(Utils.java:109)</small> </font> </div>
<div class="test-event"> <font color="maroon"> <small> &emsp; &emsp;--- 15 Oct 11:50:27 508 - Catched spinner load exception due to Expected condition failed: waiting for ICar.support.WaitUtils$4@3e310ae5 (tried for 15 second(s) with 500 milliseconds interval)</small> </font> </div>
<div class="test-event"> <font color="maroon"> <small> &emsp; &emsp;--- 15 Oct 11:50:27 508 - <b>15</b> - Spinner Load Wait: (Sync) - ICar.support.WaitUtils.waitForSpinner(WaitUtils.java:225)</small> </font> </div>
<div class="test-event"> <font color="maroon"> <small> &emsp; &emsp;--- 15 Oct 11:50:27 576 - Element is displayed:: [[ChromeDriver: chrome on WINDOWS (1a3338f96e6ce072f6ce7994eaa27959)] -> xpath: //button[text()='Access Shopping Cart - New']]</small> </font> </div>
<div class="test-event"> <font color="maroon"> <small> &emsp; &emsp;--- 15 Oct 11:50:29 693 - Element is displayed:: [[ChromeDriver: chrome on WINDOWS (1a3338f96e6ce072f6ce7994eaa27959)] -> xpath: //button[text()='Access Shopping Cart - New']]</small> </font> </div>
<div class="test-event"> <font color="maroon"> <small> &emsp; &emsp;--- 15 Oct 11:50:38 403 - Page URL:: https://i-car--staging.sandbox.lightning.force.com/lightning/r/contact/0031i00000oeh1aqaa/view</small> </font> </div>
<div class="test-event"> <font color="maroon"> <small> &emsp; &emsp;--- 15 Oct 11:50:38 403 - <b>0</b> - Page Load Wait: (Sync) - ICar.support.Utils.waitForPageLoad(Utils.java:109)</small> </font> </div>
<div class="test-event"> <font color="maroon"> <small> &emsp; &emsp;--- 15 Oct 11:51:01 266 - Catched spinner load exception due to Expected condition failed: waiting for ICar.support.WaitUtils$4@3e310ae5 (tried for 10 second(s) with 500 milliseconds interval)</small> </font> </div>
<div class="test-event"> <font color="maroon"> <small> &emsp; &emsp;--- 15 Oct 11:51:01 266 - <b>10</b> - Spinner Load Wait: (Sync) - ICar.support.WaitUtils.waitForSpinner(WaitUtils.java:225)</small> </font> </div>
<div class="test-event"> <font color="maroon"> <small> &emsp; &emsp;--- 15 Oct 11:51:01 353 - Element is displayed:: [[ChromeDriver: chrome on WINDOWS (1a3338f96e6ce072f6ce7994eaa27959)] -> xpath: //button[@value='Launch My Learning']]</small> </font> </div>
<div class="test-message">&emsp;5. Clicked the 'Access Shoping cart'  & Navigated to the user home page.</div>
<div class="test-message">&emsp;Successfully verified-Access committee portal link not displayed on portal</div>
<div class="test-result"><br><font color="green"><strong> Test Passed. </strong></font> </div>&emsp;
&emsp;<div class="test-title"> <strong><font size = "3" color = "#0000FF">---Test Execution Ends---</font> </strong> </div>&emsp;]]>
    </system-out>
  </testcase> <!-- B2B1000_TC03 -->
  <testcase classname="CommitteeTestscripts.CommitteeTestscripts" name="B2B1054_TC02" time="343.704">
    <system-out>
      <![CDATA[<div class="test-event"> <font color="maroon"> <small> &emsp; &emsp;--- 15 Oct 12:21:34 436 - TestCaseID:: B2B1054_TC02</small> </font> </div>
<div class="test-event"> <font color="maroon"> <small> &emsp; &emsp;--- 15 Oct 12:21:35 875 - <b>1</b> - Driver::initialize::Get - ICar.support.WebDriverFactory.getDriver(WebDriverFactory.java:640)</small> </font> </div>
&emsp;<div class="test-title"> <strong><font size = "3" color = "#000080">Verify the header is displayed as “Resources and Forms” in the bottom of the main committee page</font> </strong> </div>&emsp;<div><strong>Steps:</strong></div><!-- Report -->&emsp;
<div class="test-event"> <font color="maroon"> <small> &emsp; &emsp;--- 15 Oct 12:21:43 351 - Page URL:: https://i-car--staging.sandbox.my.salesforce.com/</small> </font> </div>
<div class="test-event"> <font color="maroon"> <small> &emsp; &emsp;--- 15 Oct 12:21:43 351 - <b>3</b> - Page Load Wait: (Sync) - ICar.support.Utils.waitForPageLoad(Utils.java:109)</small> </font> </div>
<div class="test-event"> <font color="maroon"> <small> &emsp; &emsp;--- 15 Oct 12:21:56 942 - Page URL:: https://i-car--staging.sandbox.my.salesforce.com/</small> </font> </div>
<div class="test-event"> <font color="maroon"> <small> &emsp; &emsp;--- 15 Oct 12:21:56 942 - <b>0</b> - Page Load Wait: (Sync) - ICar.support.Utils.waitForPageLoad(Utils.java:109)</small> </font> </div>
<div class="test-message">&emsp;Successfully navigated to 'Login' Page&emsp;<a href=".\ScreenShot\B2B1054_TC02_1257112019765500.png" target="_blank" >[ScreenShot]</a></div>
<div class="test-message">&emsp;1. Login page is launched.</div>
<div class="test-event"> <font color="maroon"> <small> &emsp; &emsp;--- 15 Oct 12:21:57 298 - Element is displayed:: [[ChromeDriver: chrome on WINDOWS (459d12ef15e5970aebea3899cd6f0a9a)] -> id: username]</small> </font> </div>
<div class="test-event"> <font color="maroon"> <small> &emsp; &emsp;--- 15 Oct 12:21:57 371 - Element is displayed:: [[ChromeDriver: chrome on WINDOWS (459d12ef15e5970aebea3899cd6f0a9a)] -> id: username]</small> </font> </div>
<div class="test-event"> <font color="maroon"> <small> &emsp; &emsp;--- 15 Oct 12:21:57 633 - Element is displayed:: [[ChromeDriver: chrome on WINDOWS (459d12ef15e5970aebea3899cd6f0a9a)] -> id: password]</small> </font> </div>
<div class="test-event"> <font color="maroon"> <small> &emsp; &emsp;--- 15 Oct 12:21:57 878 - Element is displayed:: [[ChromeDriver: chrome on WINDOWS (459d12ef15e5970aebea3899cd6f0a9a)] -> id: Login]</small> </font> </div>
<div class="test-event"> <font color="maroon"> <small> &emsp; &emsp;--- 15 Oct 12:22:31 732 - Catched spinner load exception due to Expected condition failed: waiting for ICar.support.WaitUtils$4@3e310ae5 (tried for 13 second(s) with 500 milliseconds interval)</small> </font> </div>
<div class="test-event"> <font color="maroon"> <small> &emsp; &emsp;--- 15 Oct 12:22:31 733 - <b>13</b> - Spinner Load Wait: (Sync) - ICar.support.WaitUtils.waitForSpinner(WaitUtils.java:225)</small> </font> </div>
<div class="test-event"> <font color="maroon"> <small> &emsp; &emsp;--- 15 Oct 12:22:50 746 - Catched spinner load exception due to Expected condition failed: waiting for ICar.support.WaitUtils$4@3e310ae5 (tried for 6 second(s) with 500 milliseconds interval)</small> </font> </div>
<div class="test-event"> <font color="maroon"> <small> &emsp; &emsp;--- 15 Oct 12:22:50 747 - <b>6</b> - Spinner Load Wait: (Sync) - ICar.support.WaitUtils.waitForSpinner(WaitUtils.java:225)</small> </font> </div>
<div class="test-event"> <font color="maroon"> <small> &emsp; &emsp;--- 15 Oct 12:22:50 865 - Element is displayed:: [[ChromeDriver: chrome on WINDOWS (459d12ef15e5970aebea3899cd6f0a9a)] -> css selector: button[class*='search-button']]</small> </font> </div>
<div class="test-message">&emsp;2. Navigate to 'SalesForce Page'</div>
<div class="test-event"> <font color="maroon"> <small> &emsp; &emsp;--- 15 Oct 12:22:51 043 - Page URL:: https://i-car--staging.sandbox.lightning.force.com/lightning/o/committee__c/list?filtername=__recent</small> </font> </div>
<div class="test-event"> <font color="maroon"> <small> &emsp; &emsp;--- 15 Oct 12:22:51 043 - <b>0</b> - Page Load Wait: (Sync) - ICar.support.Utils.waitForPageLoad(Utils.java:109)</small> </font> </div>
<div class="test-event"> <font color="maroon"> <small> &emsp; &emsp;--- 15 Oct 12:22:56 256 - Page URL:: https://i-car--staging.sandbox.lightning.force.com/lightning/o/committee__c/list?filtername=__recent</small> </font> </div>
<div class="test-event"> <font color="maroon"> <small> &emsp; &emsp;--- 15 Oct 12:22:56 256 - <b>0</b> - Page Load Wait: (Sync) - ICar.support.Utils.waitForPageLoad(Utils.java:109)</small> </font> </div>
<div class="test-message">&emsp;Close the tab</div>
<div class="test-message">&emsp;Successfully navigated to 'Login' Page&emsp;<a href=".\ScreenShot\B2B1054_TC02_1257176423707800.png" target="_blank" >[ScreenShot]</a></div>
<div class="test-event"> <font color="maroon"> <small> &emsp; &emsp;--- 15 Oct 12:23:06 703 - Catched spinner load exception due to Expected condition failed: waiting for ICar.support.WaitUtils$4@3e310ae5 (tried for 5 second(s) with 500 milliseconds interval)</small> </font> </div>
<div class="test-event"> <font color="maroon"> <small> &emsp; &emsp;--- 15 Oct 12:23:06 703 - <b>5</b> - Spinner Load Wait: (Sync) - ICar.support.WaitUtils.waitForSpinner(WaitUtils.java:225)</small> </font> </div>
<div class="test-event"> <font color="maroon"> <small> &emsp; &emsp;--- 15 Oct 12:23:06 853 - Page URL:: https://i-car--staging.sandbox.lightning.force.com/lightning/o/committee__c/list?filtername=__recent</small> </font> </div>
<div class="test-event"> <font color="maroon"> <small> &emsp; &emsp;--- 15 Oct 12:23:06 853 - <b>0</b> - Page Load Wait: (Sync) - ICar.support.Utils.waitForPageLoad(Utils.java:109)</small> </font> </div>
<div class="test-event"> <font color="maroon"> <small> &emsp; &emsp;--- 15 Oct 12:23:06 925 - Element is displayed:: [[ChromeDriver: chrome on WINDOWS (459d12ef15e5970aebea3899cd6f0a9a)] -> xpath: //div[contains(@class,'appLauncher ')]//button]</small> </font> </div>
<div class="test-event"> <font color="maroon"> <small> &emsp; &emsp;--- 15 Oct 12:23:06 990 - Element is displayed:: [[ChromeDriver: chrome on WINDOWS (459d12ef15e5970aebea3899cd6f0a9a)] -> xpath: //div[contains(@class,'appLauncher ')]//button]</small> </font> </div>
<div class="test-event"> <font color="maroon"> <small> &emsp; &emsp;--- 15 Oct 12:23:08 561 - Element is displayed:: [[ChromeDriver: chrome on WINDOWS (459d12ef15e5970aebea3899cd6f0a9a)] -> xpath: //input[@placeholder='Search apps and items...']]</small> </font> </div>
<div class="test-event"> <font color="maroon"> <small> &emsp; &emsp;--- 15 Oct 12:23:08 624 - Element is displayed:: [[ChromeDriver: chrome on WINDOWS (459d12ef15e5970aebea3899cd6f0a9a)] -> xpath: //input[@placeholder='Search apps and items...']]</small> </font> </div>
<div class="test-event"> <font color="maroon"> <small> &emsp; &emsp;--- 15 Oct 12:23:11 962 - Element is displayed:: [[ChromeDriver: chrome on WINDOWS (459d12ef15e5970aebea3899cd6f0a9a)] -> xpath: //lightning-formatted-rich-text/span/p/b[text()='Committees']]</small> </font> </div>
<div class="test-event"> <font color="maroon"> <small> &emsp; &emsp;--- 15 Oct 12:23:15 000 - Element is displayed:: [[ChromeDriver: chrome on WINDOWS (459d12ef15e5970aebea3899cd6f0a9a)] -> xpath: //lightning-formatted-rich-text/span/p/b[text()='Committees']]</small> </font> </div>
<div class="test-event"> <font color="maroon"> <small> &emsp; &emsp;--- 15 Oct 12:23:15 382 - Page URL:: https://i-car--staging.sandbox.lightning.force.com/lightning/o/committee__c/home</small> </font> </div>
<div class="test-event"> <font color="maroon"> <small> &emsp; &emsp;--- 15 Oct 12:23:15 382 - <b>0</b> - Page Load Wait: (Sync) - ICar.support.Utils.waitForPageLoad(Utils.java:109)</small> </font> </div>
<div class="test-event"> <font color="maroon"> <small> &emsp; &emsp;--- 15 Oct 12:23:20 646 - Catched spinner load exception due to Expected condition failed: waiting for ICar.support.WaitUtils$4@3e310ae5 (tried for 5 second(s) with 500 milliseconds interval)</small> </font> </div>
<div class="test-event"> <font color="maroon"> <small> &emsp; &emsp;--- 15 Oct 12:23:20 646 - <b>5</b> - Spinner Load Wait: (Sync) - ICar.support.WaitUtils.waitForSpinner(WaitUtils.java:225)</small> </font> </div>
<div class="test-event"> <font color="maroon"> <small> &emsp; &emsp;--- 15 Oct 12:23:20 851 - Page URL:: https://i-car--staging.sandbox.lightning.force.com/lightning/o/committee__c/list?filtername=__recent</small> </font> </div>
<div class="test-event"> <font color="maroon"> <small> &emsp; &emsp;--- 15 Oct 12:23:20 851 - <b>0</b> - Page Load Wait: (Sync) - ICar.support.Utils.waitForPageLoad(Utils.java:109)</small> </font> </div>
<div class="test-event"> <font color="maroon"> <small> &emsp; &emsp;--- 15 Oct 12:23:20 912 - Element is displayed:: [[ChromeDriver: chrome on WINDOWS (459d12ef15e5970aebea3899cd6f0a9a)] -> xpath: //div[contains(@class,'appLauncher ')]//button]</small> </font> </div>
<div class="test-event"> <font color="maroon"> <small> &emsp; &emsp;--- 15 Oct 12:23:20 967 - Element is displayed:: [[ChromeDriver: chrome on WINDOWS (459d12ef15e5970aebea3899cd6f0a9a)] -> xpath: //div[contains(@class,'appLauncher ')]//button]</small> </font> </div>
<div class="test-event"> <font color="maroon"> <small> &emsp; &emsp;--- 15 Oct 12:23:21 147 - Element is displayed:: [[ChromeDriver: chrome on WINDOWS (459d12ef15e5970aebea3899cd6f0a9a)] -> xpath: //input[@placeholder='Search apps and items...']]</small> </font> </div>
<div class="test-event"> <font color="maroon"> <small> &emsp; &emsp;--- 15 Oct 12:23:21 198 - Element is displayed:: [[ChromeDriver: chrome on WINDOWS (459d12ef15e5970aebea3899cd6f0a9a)] -> xpath: //input[@placeholder='Search apps and items...']]</small> </font> </div>
<div class="test-event"> <font color="maroon"> <small> &emsp; &emsp;--- 15 Oct 12:23:24 601 - Element is displayed:: [[ChromeDriver: chrome on WINDOWS (459d12ef15e5970aebea3899cd6f0a9a)] -> xpath: //lightning-formatted-rich-text/span/p/b[text()='Committee Members']]</small> </font> </div>
<div class="test-event"> <font color="maroon"> <small> &emsp; &emsp;--- 15 Oct 12:23:27 664 - Element is displayed:: [[ChromeDriver: chrome on WINDOWS (459d12ef15e5970aebea3899cd6f0a9a)] -> xpath: //lightning-formatted-rich-text/span/p/b[text()='Committee Members']]</small> </font> </div>
<div class="test-event"> <font color="maroon"> <small> &emsp; &emsp;--- 15 Oct 12:23:28 140 - Page URL:: https://i-car--staging.sandbox.lightning.force.com/lightning/o/committee_member__c/home</small> </font> </div>
<div class="test-event"> <font color="maroon"> <small> &emsp; &emsp;--- 15 Oct 12:23:28 140 - <b>0</b> - Page Load Wait: (Sync) - ICar.support.Utils.waitForPageLoad(Utils.java:109)</small> </font> </div>
<div class="test-message">&emsp;3. Enter the AccountName as : Alessandra Acosta:540-0799 El Paso, TX</div>
<div class="test-event"> <font color="maroon"> <small> &emsp; &emsp;--- 15 Oct 12:23:28 290 - Page URL:: https://i-car--staging.sandbox.lightning.force.com/lightning/o/committee_member__c/home</small> </font> </div>
<div class="test-event"> <font color="maroon"> <small> &emsp; &emsp;--- 15 Oct 12:23:28 290 - <b>0</b> - Page Load Wait: (Sync) - ICar.support.Utils.waitForPageLoad(Utils.java:109)</small> </font> </div>
<div class="test-event"> <font color="maroon"> <small> &emsp; &emsp;--- 15 Oct 12:23:28 336 - Element is displayed:: [[ChromeDriver: chrome on WINDOWS (459d12ef15e5970aebea3899cd6f0a9a)] -> css selector: button[class*='search-button']]</small> </font> </div>
<div class="test-event"> <font color="maroon"> <small> &emsp; &emsp;--- 15 Oct 12:23:30 482 - Catched spinner load exception due to Expected condition failed: waiting for ICar.support.WaitUtils$4@3e310ae5 (tried for 2 second(s) with 500 milliseconds interval)</small> </font> </div>
<div class="test-event"> <font color="maroon"> <small> &emsp; &emsp;--- 15 Oct 12:23:30 482 - <b>2</b> - Spinner Load Wait: (Sync) - ICar.support.WaitUtils.waitForSpinner(WaitUtils.java:225)</small> </font> </div>
<div class="test-event"> <font color="maroon"> <small> &emsp; &emsp;--- 15 Oct 12:23:33 644 - Element is displayed:: [[ChromeDriver: chrome on WINDOWS (459d12ef15e5970aebea3899cd6f0a9a)] -> css selector: button[class*='search-button']]</small> </font> </div>
<div class="test-event"> <font color="maroon"> <small> &emsp; &emsp;--- 15 Oct 12:23:34 102 - Page URL:: https://i-car--staging.sandbox.lightning.force.com/lightning/o/committee_member__c/home</small> </font> </div>
<div class="test-event"> <font color="maroon"> <small> &emsp; &emsp;--- 15 Oct 12:23:34 102 - <b>0</b> - Page Load Wait: (Sync) - ICar.support.Utils.waitForPageLoad(Utils.java:109)</small> </font> </div>
<div class="test-event"> <font color="maroon"> <small> &emsp; &emsp;--- 15 Oct 12:23:50 733 - Catched spinner load exception due to Expected condition failed: waiting for ICar.support.WaitUtils$4@3e310ae5 (tried for 10 second(s) with 500 milliseconds interval)</small> </font> </div>
<div class="test-event"> <font color="maroon"> <small> &emsp; &emsp;--- 15 Oct 12:23:50 734 - <b>10</b> - Spinner Load Wait: (Sync) - ICar.support.WaitUtils.waitForSpinner(WaitUtils.java:225)</small> </font> </div>
<div class="test-event"> <font color="maroon"> <small> &emsp; &emsp;--- 15 Oct 12:23:51 096 - Page URL:: https://i-car--staging.sandbox.lightning.force.com/one/one.app#eyjjb21wb25lbnrezwyioijmb3jjzvnlyxjjadpzzwfyy2hqywdlrgvza3rvccisimf0dhjpynv0zxmionsidgvybsi6ikfszxnzyw5kcmegqwnvc3rhoju0mc0wnzk5ievsifbhc28sifryiiwic2nvcgvnyxaionsidhlwzsi6ilrpuf9srvnvtfrtiiwibmftzxnwywnlijoiiiwibgfizwwioijub3agumvzdwx0cyisimxhymvsugx1cmfsijoivg9wifjlc3vsdhmilcjyzxn1bhrzq21wijoizm9yy2vtzwfyy2g6chjlzgljdgvkumvzdwx0cyj9lcjjb250zxh0ijp7ikzjtfrfulmiont9lcjzzwfyy2htb3vyy2uioijbu1nju1rbtlrfrelbte9hiiwizglzywjszuludgvudff1zxj5ijpmywxzzswizglzywjszvnwzwxsq29ycmvjdglvbii6zmfsc2usinnlyxjjaerpywxvz1nlc3npb25jzci6ijk1n2m1mmi3ltaxyjatmmzims1mymriltfiyjjly2vkzwfmmsisimrlynvnsw5mbyi6eyjhchboyw1lijoisunhcl9tzxj2awnlx0nvbnnvbguilcjhchbuexblijoiq29uc29szsisimfwce5hbwvzcgfjzsi6immilcjsb2nhdglvbii6imzvcmnlom9iamvjdehvbwvezxnrdg9wiiwic29iamvjdfr5cguioijdb21taxr0zwvftwvtymvyx19jin19lcjncm91celkijoirevgqvvmvcj9lcjzdgf0zsi6e319</small> </font> </div>
<div class="test-event"> <font color="maroon"> <small> &emsp; &emsp;--- 15 Oct 12:23:51 096 - <b>0</b> - Page Load Wait: (Sync) - ICar.support.Utils.waitForPageLoad(Utils.java:109)</small> </font> </div>
<div class="test-event"> <font color="maroon"> <small> &emsp; &emsp;--- 15 Oct 12:23:51 461 - Page URL:: https://i-car--staging.sandbox.lightning.force.com/one/one.app#eyjjb21wb25lbnrezwyioijmb3jjzvnlyxjjadpzzwfyy2hqywdlrgvza3rvccisimf0dhjpynv0zxmionsidgvybsi6ikfszxnzyw5kcmegqwnvc3rhoju0mc0wnzk5ievsifbhc28sifryiiwic2nvcgvnyxaionsidhlwzsi6ilrpuf9srvnvtfrtiiwibmftzxnwywnlijoiiiwibgfizwwioijub3agumvzdwx0cyisimxhymvsugx1cmfsijoivg9wifjlc3vsdhmilcjyzxn1bhrzq21wijoizm9yy2vtzwfyy2g6chjlzgljdgvkumvzdwx0cyj9lcjjb250zxh0ijp7ikzjtfrfulmiont9lcjzzwfyy2htb3vyy2uioijbu1nju1rbtlrfrelbte9hiiwizglzywjszuludgvudff1zxj5ijpmywxzzswizglzywjszvnwzwxsq29ycmvjdglvbii6zmfsc2usinnlyxjjaerpywxvz1nlc3npb25jzci6ijk1n2m1mmi3ltaxyjatmmzims1mymriltfiyjjly2vkzwfmmsisimrlynvnsw5mbyi6eyjhchboyw1lijoisunhcl9tzxj2awnlx0nvbnnvbguilcjhchbuexblijoiq29uc29szsisimfwce5hbwvzcgfjzsi6immilcjsb2nhdglvbii6imzvcmnlom9iamvjdehvbwvezxnrdg9wiiwic29iamvjdfr5cguioijdb21taxr0zwvftwvtymvyx19jin19lcjncm91celkijoirevgqvvmvcj9lcjzdgf0zsi6e319</small> </font> </div>
<div class="test-event"> <font color="maroon"> <small> &emsp; &emsp;--- 15 Oct 12:23:51 462 - <b>0</b> - Page Load Wait: (Sync) - ICar.support.Utils.waitForPageLoad(Utils.java:109)</small> </font> </div>
<div class="test-event"> <font color="maroon"> <small> &emsp; &emsp;--- 15 Oct 12:24:01 939 - Catched spinner load exception due to Expected condition failed: waiting for ICar.support.WaitUtils$4@3e310ae5 (tried for 10 second(s) with 500 milliseconds interval)</small> </font> </div>
<div class="test-event"> <font color="maroon"> <small> &emsp; &emsp;--- 15 Oct 12:24:01 939 - <b>10</b> - Spinner Load Wait: (Sync) - ICar.support.WaitUtils.waitForSpinner(WaitUtils.java:225)</small> </font> </div>
<div class="test-event"> <font color="maroon"> <small> &emsp; &emsp;--- 15 Oct 12:24:01 986 - Element is displayed:: [[ChromeDriver: chrome on WINDOWS (459d12ef15e5970aebea3899cd6f0a9a)] -> css selector: div.forceSearchResultsRegion div.resultsMultiWrapper >div > div table tbody th a]</small> </font> </div>
<div class="test-event"> <font color="maroon"> <small> &emsp; &emsp;--- 15 Oct 12:24:02 094 - Element is displayed:: [[ChromeDriver: chrome on WINDOWS (459d12ef15e5970aebea3899cd6f0a9a)] -> css selector: div.forceSearchResultsRegion div.resultsMultiWrapper >div > div table tbody th a]</small> </font> </div>
<div class="test-event"> <font color="maroon"> <small> &emsp; &emsp;--- 15 Oct 12:24:02 647 - Page URL:: https://i-car--staging.sandbox.lightning.force.com/one/one.app#eyjjb21wb25lbnrezwyioijmb3jjzvnlyxjjadpzzwfyy2hqywdlrgvza3rvccisimf0dhjpynv0zxmionsidgvybsi6ikfszxnzyw5kcmegqwnvc3rhoju0mc0wnzk5ievsifbhc28sifryiiwic2nvcgvnyxaionsidhlwzsi6ilrpuf9srvnvtfrtiiwibmftzxnwywnlijoiiiwibgfizwwioijub3agumvzdwx0cyisimxhymvsugx1cmfsijoivg9wifjlc3vsdhmilcjyzxn1bhrzq21wijoizm9yy2vtzwfyy2g6chjlzgljdgvkumvzdwx0cyj9lcjjb250zxh0ijp7ikzjtfrfulmiont9lcjzzwfyy2htb3vyy2uioijbu1nju1rbtlrfrelbte9hiiwizglzywjszuludgvudff1zxj5ijpmywxzzswizglzywjszvnwzwxsq29ycmvjdglvbii6zmfsc2usinnlyxjjaerpywxvz1nlc3npb25jzci6ijk1n2m1mmi3ltaxyjatmmzims1mymriltfiyjjly2vkzwfmmsisimrlynvnsw5mbyi6eyjhchboyw1lijoisunhcl9tzxj2awnlx0nvbnnvbguilcjhchbuexblijoiq29uc29szsisimfwce5hbwvzcgfjzsi6immilcjsb2nhdglvbii6imzvcmnlom9iamvjdehvbwvezxnrdg9wiiwic29iamvjdfr5cguioijdb21taxr0zwvftwvtymvyx19jin19lcjncm91celkijoirevgqvvmvcj9lcjzdgf0zsi6e319</small> </font> </div>
<div class="test-event"> <font color="maroon"> <small> &emsp; &emsp;--- 15 Oct 12:24:02 647 - <b>0</b> - Page Load Wait: (Sync) - ICar.support.Utils.waitForPageLoad(Utils.java:109)</small> </font> </div>
<div class="test-message">&emsp;Role displayed Committee Officer</div>
<div class="test-message">&emsp;Successfully verified - Contact name Alessandra Veronica Acosta whose role displayed as Committee Officer</div>
<div class="test-event"> <font color="maroon"> <small> &emsp; &emsp;--- 15 Oct 12:24:08 259 - Page URL:: https://i-car--staging.sandbox.lightning.force.com/lightning/r/committee_member__c/a371i000000ir8rqaa/view</small> </font> </div>
<div class="test-event"> <font color="maroon"> <small> &emsp; &emsp;--- 15 Oct 12:24:08 259 - <b>0</b> - Page Load Wait: (Sync) - ICar.support.Utils.waitForPageLoad(Utils.java:109)</small> </font> </div>
<div class="test-event"> <font color="maroon"> <small> &emsp; &emsp;--- 15 Oct 12:24:13 454 - Page URL:: https://i-car--staging.sandbox.lightning.force.com/lightning/r/committee_member__c/a371i000000ir8rqaa/view</small> </font> </div>
<div class="test-event"> <font color="maroon"> <small> &emsp; &emsp;--- 15 Oct 12:24:13 454 - <b>0</b> - Page Load Wait: (Sync) - ICar.support.Utils.waitForPageLoad(Utils.java:109)</small> </font> </div>
<div class="test-event"> <font color="maroon"> <small> &emsp; &emsp;--- 15 Oct 12:24:17 806 - Page URL:: https://i-car--staging.sandbox.lightning.force.com/lightning/r/committee_member__c/a371i000000ir8rqaa/view</small> </font> </div>
<div class="test-event"> <font color="maroon"> <small> &emsp; &emsp;--- 15 Oct 12:24:17 806 - <b>0</b> - Page Load Wait: (Sync) - ICar.support.Utils.waitForPageLoad(Utils.java:109)</small> </font> </div>
<div class="test-event"> <font color="maroon"> <small> &emsp; &emsp;--- 15 Oct 12:24:17 857 - Element is displayed:: [[ChromeDriver: chrome on WINDOWS (459d12ef15e5970aebea3899cd6f0a9a)] -> css selector: button[class*='search-button']]</small> </font> </div>
<div class="test-event"> <font color="maroon"> <small> &emsp; &emsp;--- 15 Oct 12:24:20 056 - Catched spinner load exception due to Expected condition failed: waiting for ICar.support.WaitUtils$4@3e310ae5 (tried for 2 second(s) with 500 milliseconds interval)</small> </font> </div>
<div class="test-event"> <font color="maroon"> <small> &emsp; &emsp;--- 15 Oct 12:24:20 056 - <b>2</b> - Spinner Load Wait: (Sync) - ICar.support.WaitUtils.waitForSpinner(WaitUtils.java:225)</small> </font> </div>
<div class="test-event"> <font color="maroon"> <small> &emsp; &emsp;--- 15 Oct 12:24:23 171 - Element is displayed:: [[ChromeDriver: chrome on WINDOWS (459d12ef15e5970aebea3899cd6f0a9a)] -> css selector: button[class*='search-button']]</small> </font> </div>
<div class="test-event"> <font color="maroon"> <small> &emsp; &emsp;--- 15 Oct 12:24:23 643 - Page URL:: https://i-car--staging.sandbox.lightning.force.com/lightning/o/committee__c/list?filtername=__recent</small> </font> </div>
<div class="test-event"> <font color="maroon"> <small> &emsp; &emsp;--- 15 Oct 12:24:23 643 - <b>0</b> - Page Load Wait: (Sync) - ICar.support.Utils.waitForPageLoad(Utils.java:109)</small> </font> </div>
<div class="test-event"> <font color="maroon"> <small> &emsp; &emsp;--- 15 Oct 12:24:43 084 - Catched spinner load exception due to Expected condition failed: waiting for ICar.support.WaitUtils$4@3e310ae5 (tried for 10 second(s) with 500 milliseconds interval)</small> </font> </div>
<div class="test-event"> <font color="maroon"> <small> &emsp; &emsp;--- 15 Oct 12:24:43 084 - <b>10</b> - Spinner Load Wait: (Sync) - ICar.support.WaitUtils.waitForSpinner(WaitUtils.java:225)</small> </font> </div>
<div class="test-event"> <font color="maroon"> <small> &emsp; &emsp;--- 15 Oct 12:24:44 011 - Page URL:: https://i-car--staging.sandbox.lightning.force.com/one/one.app#eyjjb21wb25lbnrezwyioijmb3jjzvnlyxjjadpzzwfyy2hqywdlrgvza3rvccisimf0dhjpynv0zxmionsidgvybsi6iji2mtqzmdgilcjzy29wzu1hcci6eyj0exblijoive9qx1jfu1vmvfmilcjuyw1lc3bhy2uioiiilcjsywjlbci6ilrvccbszxn1bhrziiwibgfizwxqbhvyywwioijub3agumvzdwx0cyisinjlc3vsdhndbxaioijmb3jjzvnlyxjjadpwcmvkawn0zwrszxn1bhrzin0simnvbnrlehqionsirklmvevsuyi6e30sinnlyxjjafnvdxjjzsi6ikftu0ltvefovf9esufmt0cilcjkaxnhymxlsw50zw50uxvlcnkiomzhbhnllcjkaxnhymxlu3blbgxdb3jyzwn0aw9uijpmywxzzswic2vhcmnorglhbg9nu2vzc2lvbklkijoiztbmn2u1oditngvhzs1iyjixltvjzjctn2vlodrjyjfjntiziiwizgvidwdjbmzvijp7imfwce5hbwuioijjq2fyx1nlcnzpy2vfq29uc29szsisimfwcfr5cguioijdb25zb2xliiwiyxbwtmftzxnwywnlijoiyyisimxvy2f0aw9uijoizm9yy2u6b2jqzwn0sg9tzurlc2t0b3ailcjzb2jqzwn0vhlwzsi6iknvbw1pdhrlzv9fyyj9fswiz3jvdxbjzci6ikrfrkfvtfqifswic3rhdguiont9fq%3d%3d</small> </font> </div>
<div class="test-event"> <font color="maroon"> <small> &emsp; &emsp;--- 15 Oct 12:24:44 011 - <b>0</b> - Page Load Wait: (Sync) - ICar.support.Utils.waitForPageLoad(Utils.java:109)</small> </font> </div>
<div class="test-event"> <font color="maroon"> <small> &emsp; &emsp;--- 15 Oct 12:24:55 523 - Catched spinner load exception due to Expected condition failed: waiting for ICar.support.WaitUtils$4@3e310ae5 (tried for 11 second(s) with 500 milliseconds interval)</small> </font> </div>
<div class="test-event"> <font color="maroon"> <small> &emsp; &emsp;--- 15 Oct 12:24:55 523 - <b>11</b> - Spinner Load Wait: (Sync) - ICar.support.WaitUtils.waitForSpinner(WaitUtils.java:225)</small> </font> </div>
<div class="test-event"> <font color="maroon"> <small> &emsp; &emsp;--- 15 Oct 12:24:56 520 - Page URL:: https://i-car--staging.sandbox.lightning.force.com/one/one.app#eyjjb21wb25lbnrezwyioijmb3jjzvnlyxjjadpzzwfyy2hqywdlrgvza3rvccisimf0dhjpynv0zxmionsidgvybsi6iji2mtqzmdgilcjzy29wzu1hcci6eyj0exblijoive9qx1jfu1vmvfmilcjuyw1lc3bhy2uioiiilcjsywjlbci6ilrvccbszxn1bhrziiwibgfizwxqbhvyywwioijub3agumvzdwx0cyisinjlc3vsdhndbxaioijmb3jjzvnlyxjjadpwcmvkawn0zwrszxn1bhrzin0simnvbnrlehqionsirklmvevsuyi6e30sinnlyxjjafnvdxjjzsi6ikftu0ltvefovf9esufmt0cilcjkaxnhymxlsw50zw50uxvlcnkiomzhbhnllcjkaxnhymxlu3blbgxdb3jyzwn0aw9uijpmywxzzswic2vhcmnorglhbg9nu2vzc2lvbklkijoiztbmn2u1oditngvhzs1iyjixltvjzjctn2vlodrjyjfjntiziiwizgvidwdjbmzvijp7imfwce5hbwuioijjq2fyx1nlcnzpy2vfq29uc29szsisimfwcfr5cguioijdb25zb2xliiwiyxbwtmftzxnwywnlijoiyyisimxvy2f0aw9uijoizm9yy2u6b2jqzwn0sg9tzurlc2t0b3ailcjzb2jqzwn0vhlwzsi6iknvbw1pdhrlzv9fyyj9fswiz3jvdxbjzci6ikrfrkfvtfqifswic3rhdguiont9fq%3d%3d</small> </font> </div>
<div class="test-event"> <font color="maroon"> <small> &emsp; &emsp;--- 15 Oct 12:24:56 520 - <b>0</b> - Page Load Wait: (Sync) - ICar.support.Utils.waitForPageLoad(Utils.java:109)</small> </font> </div>
<div class="test-event"> <font color="maroon"> <small> &emsp; &emsp;--- 15 Oct 12:24:56 606 - Element is displayed:: [[ChromeDriver: chrome on WINDOWS (459d12ef15e5970aebea3899cd6f0a9a)] -> xpath: //a[@title='Top Results']//span[text()='Top Results']]</small> </font> </div>
<div class="test-event"> <font color="maroon"> <small> &emsp; &emsp;--- 15 Oct 12:24:57 082 - Page URL:: https://i-car--staging.sandbox.lightning.force.com/one/one.app#eyjjb21wb25lbnrezwyioijmb3jjzvnlyxjjadpzzwfyy2hqywdlrgvza3rvccisimf0dhjpynv0zxmionsidgvybsi6iji2mtqzmdgilcjzy29wzu1hcci6eyj0exblijoive9qx1jfu1vmvfmilcjuyw1lc3bhy2uioiiilcjsywjlbci6ilrvccbszxn1bhrziiwibgfizwxqbhvyywwioijub3agumvzdwx0cyisinjlc3vsdhndbxaioijmb3jjzvnlyxjjadpwcmvkawn0zwrszxn1bhrzin0simnvbnrlehqionsirklmvevsuyi6e30sinnlyxjjafnvdxjjzsi6ikftu0ltvefovf9esufmt0cilcjkaxnhymxlsw50zw50uxvlcnkiomzhbhnllcjkaxnhymxlu3blbgxdb3jyzwn0aw9uijpmywxzzswic2vhcmnorglhbg9nu2vzc2lvbklkijoiztbmn2u1oditngvhzs1iyjixltvjzjctn2vlodrjyjfjntiziiwizgvidwdjbmzvijp7imfwce5hbwuioijjq2fyx1nlcnzpy2vfq29uc29szsisimfwcfr5cguioijdb25zb2xliiwiyxbwtmftzxnwywnlijoiyyisimxvy2f0aw9uijoizm9yy2u6b2jqzwn0sg9tzurlc2t0b3ailcjzb2jqzwn0vhlwzsi6iknvbw1pdhrlzv9fyyj9fswiz3jvdxbjzci6ikrfrkfvtfqifswic3rhdguiont9fq%3d%3d</small> </font> </div>
<div class="test-event"> <font color="maroon"> <small> &emsp; &emsp;--- 15 Oct 12:24:57 082 - <b>0</b> - Page Load Wait: (Sync) - ICar.support.Utils.waitForPageLoad(Utils.java:109)</small> </font> </div>
<div class="test-event"> <font color="maroon"> <small> &emsp; &emsp;--- 15 Oct 12:25:02 551 - Catched spinner load exception due to Expected condition failed: waiting for ICar.support.WaitUtils$4@3e310ae5 (tried for 5 second(s) with 500 milliseconds interval)</small> </font> </div>
<div class="test-event"> <font color="maroon"> <small> &emsp; &emsp;--- 15 Oct 12:25:02 551 - <b>5</b> - Spinner Load Wait: (Sync) - ICar.support.WaitUtils.waitForSpinner(WaitUtils.java:225)</small> </font> </div>
<div class="test-event"> <font color="maroon"> <small> &emsp; &emsp;--- 15 Oct 12:25:03 391 - Page URL:: https://i-car--staging.sandbox.lightning.force.com/one/one.app#eyjjb21wb25lbnrezwyioijmb3jjzvnlyxjjadpzzwfyy2hqywdlrgvza3rvccisimf0dhjpynv0zxmionsidgvybsi6iji2mtqzmdgilcjzy29wzu1hcci6eyj0exblijoive9qx1jfu1vmvfmilcjuyw1lc3bhy2uioiiilcjsywjlbci6ilrvccbszxn1bhrziiwibgfizwxqbhvyywwioijub3agumvzdwx0cyisinjlc3vsdhndbxaioijmb3jjzvnlyxjjadpwcmvkawn0zwrszxn1bhrzin0simnvbnrlehqionsirklmvevsuyi6e30sinnlyxjjafnvdxjjzsi6ikftu0ltvefovf9esufmt0cilcjkaxnhymxlsw50zw50uxvlcnkiomzhbhnllcjkaxnhymxlu3blbgxdb3jyzwn0aw9uijpmywxzzswic2vhcmnorglhbg9nu2vzc2lvbklkijoiztbmn2u1oditngvhzs1iyjixltvjzjctn2vlodrjyjfjntiziiwizgvidwdjbmzvijp7imfwce5hbwuioijjq2fyx1nlcnzpy2vfq29uc29szsisimfwcfr5cguioijdb25zb2xliiwiyxbwtmftzxnwywnlijoiyyisimxvy2f0aw9uijoizm9yy2u6b2jqzwn0sg9tzurlc2t0b3ailcjzb2jqzwn0vhlwzsi6iknvbw1pdhrlzv9fyyj9fswiz3jvdxbjzci6ikrfrkfvtfqifswic3rhdguiont9fq%3d%3d</small> </font> </div>
<div class="test-event"> <font color="maroon"> <small> &emsp; &emsp;--- 15 Oct 12:25:03 391 - <b>0</b> - Page Load Wait: (Sync) - ICar.support.Utils.waitForPageLoad(Utils.java:109)</small> </font> </div>
<div class="test-event"> <font color="maroon"> <small> &emsp; &emsp;--- 15 Oct 12:25:04 253 - Page URL:: https://i-car--staging.sandbox.lightning.force.com/one/one.app#eyjjb21wb25lbnrezwyioijmb3jjzvnlyxjjadpzzwfyy2hqywdlrgvza3rvccisimf0dhjpynv0zxmionsidgvybsi6iji2mtqzmdgilcjzy29wzu1hcci6eyj0exblijoive9qx1jfu1vmvfmilcjuyw1lc3bhy2uioiiilcjsywjlbci6ilrvccbszxn1bhrziiwibgfizwxqbhvyywwioijub3agumvzdwx0cyisinjlc3vsdhndbxaioijmb3jjzvnlyxjjadpwcmvkawn0zwrszxn1bhrzin0simnvbnrlehqionsirklmvevsuyi6e30sinnlyxjjafnvdxjjzsi6ikftu0ltvefovf9esufmt0cilcjkaxnhymxlsw50zw50uxvlcnkiomzhbhnllcjkaxnhymxlu3blbgxdb3jyzwn0aw9uijpmywxzzswic2vhcmnorglhbg9nu2vzc2lvbklkijoiztbmn2u1oditngvhzs1iyjixltvjzjctn2vlodrjyjfjntiziiwizgvidwdjbmzvijp7imfwce5hbwuioijjq2fyx1nlcnzpy2vfq29uc29szsisimfwcfr5cguioijdb25zb2xliiwiyxbwtmftzxnwywnlijoiyyisimxvy2f0aw9uijoizm9yy2u6b2jqzwn0sg9tzurlc2t0b3ailcjzb2jqzwn0vhlwzsi6iknvbw1pdhrlzv9fyyj9fswiz3jvdxbjzci6ikrfrkfvtfqifswic3rhdguiont9fq%3d%3d</small> </font> </div>
<div class="test-event"> <font color="maroon"> <small> &emsp; &emsp;--- 15 Oct 12:25:04 253 - <b>0</b> - Page Load Wait: (Sync) - ICar.support.Utils.waitForPageLoad(Utils.java:109)</small> </font> </div>
<div class="test-event"> <font color="maroon"> <small> &emsp; &emsp;--- 15 Oct 12:25:05 087 - Page URL:: https://i-car--staging.sandbox.lightning.force.com/one/one.app#eyjjb21wb25lbnrezwyioijmb3jjzvnlyxjjadpzzwfyy2hqywdlrgvza3rvccisimf0dhjpynv0zxmionsidgvybsi6iji2mtqzmdgilcjzy29wzu1hcci6eyj0exblijoive9qx1jfu1vmvfmilcjuyw1lc3bhy2uioiiilcjsywjlbci6ilrvccbszxn1bhrziiwibgfizwxqbhvyywwioijub3agumvzdwx0cyisinjlc3vsdhndbxaioijmb3jjzvnlyxjjadpwcmvkawn0zwrszxn1bhrzin0simnvbnrlehqionsirklmvevsuyi6e30sinnlyxjjafnvdxjjzsi6ikftu0ltvefovf9esufmt0cilcjkaxnhymxlsw50zw50uxvlcnkiomzhbhnllcjkaxnhymxlu3blbgxdb3jyzwn0aw9uijpmywxzzswic2vhcmnorglhbg9nu2vzc2lvbklkijoiztbmn2u1oditngvhzs1iyjixltvjzjctn2vlodrjyjfjntiziiwizgvidwdjbmzvijp7imfwce5hbwuioijjq2fyx1nlcnzpy2vfq29uc29szsisimfwcfr5cguioijdb25zb2xliiwiyxbwtmftzxnwywnlijoiyyisimxvy2f0aw9uijoizm9yy2u6b2jqzwn0sg9tzurlc2t0b3ailcjzb2jqzwn0vhlwzsi6iknvbw1pdhrlzv9fyyj9fswiz3jvdxbjzci6ikrfrkfvtfqifswic3rhdguiont9fq%3d%3d</small> </font> </div>
<div class="test-event"> <font color="maroon"> <small> &emsp; &emsp;--- 15 Oct 12:25:05 087 - <b>0</b> - Page Load Wait: (Sync) - ICar.support.Utils.waitForPageLoad(Utils.java:109)</small> </font> </div>
<div class="test-event"> <font color="maroon"> <small> &emsp; &emsp;--- 15 Oct 12:25:13 399 - Catched spinner load exception due to Expected condition failed: waiting for ICar.support.WaitUtils$4@3e310ae5 (tried for 8 second(s) with 500 milliseconds interval)</small> </font> </div>
<div class="test-event"> <font color="maroon"> <small> &emsp; &emsp;--- 15 Oct 12:25:13 399 - <b>8</b> - Spinner Load Wait: (Sync) - ICar.support.WaitUtils.waitForSpinner(WaitUtils.java:225)</small> </font> </div>
<div class="test-event"> <font color="maroon"> <small> &emsp; &emsp;--- 15 Oct 12:25:14 246 - Page URL:: https://i-car--staging.sandbox.lightning.force.com/one/one.app#eyjjb21wb25lbnrezwyioijmb3jjzvnlyxjjadpzzwfyy2hqywdlrgvza3rvccisimf0dhjpynv0zxmionsidgvybsi6iji2mtqzmdgilcjzy29wzu1hcci6eyj0exblijoive9qx1jfu1vmvfmilcjuyw1lc3bhy2uioiiilcjsywjlbci6ilrvccbszxn1bhrziiwibgfizwxqbhvyywwioijub3agumvzdwx0cyisinjlc3vsdhndbxaioijmb3jjzvnlyxjjadpwcmvkawn0zwrszxn1bhrzin0simnvbnrlehqionsirklmvevsuyi6e30sinnlyxjjafnvdxjjzsi6ikftu0ltvefovf9esufmt0cilcjkaxnhymxlsw50zw50uxvlcnkiomzhbhnllcjkaxnhymxlu3blbgxdb3jyzwn0aw9uijpmywxzzswic2vhcmnorglhbg9nu2vzc2lvbklkijoiztbmn2u1oditngvhzs1iyjixltvjzjctn2vlodrjyjfjntiziiwizgvidwdjbmzvijp7imfwce5hbwuioijjq2fyx1nlcnzpy2vfq29uc29szsisimfwcfr5cguioijdb25zb2xliiwiyxbwtmftzxnwywnlijoiyyisimxvy2f0aw9uijoizm9yy2u6b2jqzwn0sg9tzurlc2t0b3ailcjzb2jqzwn0vhlwzsi6iknvbw1pdhrlzv9fyyj9fswiz3jvdxbjzci6ikrfrkfvtfqifswic3rhdguiont9fq%3d%3d</small> </font> </div>
<div class="test-event"> <font color="maroon"> <small> &emsp; &emsp;--- 15 Oct 12:25:14 246 - <b>0</b> - Page Load Wait: (Sync) - ICar.support.Utils.waitForPageLoad(Utils.java:109)</small> </font> </div>
<div class="test-event"> <font color="maroon"> <small> &emsp; &emsp;--- 15 Oct 12:25:16 399 - Element is displayed:: [[ChromeDriver: chrome on WINDOWS (459d12ef15e5970aebea3899cd6f0a9a)] -> xpath: //div[contains(@class,'forceSearchResultsRegion')]//div[contains(@class,'resultsMultiWrapper')]/div/div[1]//following::h2//a]</small> </font> </div>
<div class="test-event"> <font color="maroon"> <small> &emsp; &emsp;--- 15 Oct 12:25:16 781 - Element is displayed:: [[ChromeDriver: chrome on WINDOWS (459d12ef15e5970aebea3899cd6f0a9a)] -> xpath: //a[text()='Contacts']]</small> </font> </div>
<div class="test-event"> <font color="maroon"> <small> &emsp; &emsp;--- 15 Oct 12:25:21 066 - Element is displayed:: [[ChromeDriver: chrome on WINDOWS (459d12ef15e5970aebea3899cd6f0a9a)] -> xpath: //div[text()='Contacts']//following :: table//tbody//th//span /a]</small> </font> </div>
<div class="test-message">&emsp;4.Enter ICAR ID  2614308</div>
<div class="test-event"> <font color="maroon"> <small> &emsp; &emsp;--- 15 Oct 12:25:29 598 - Element is displayed:: [[ChromeDriver: chrome on WINDOWS (459d12ef15e5970aebea3899cd6f0a9a)] -> xpath: //a/img[@alt='Login Image']|//button[@id='btn-login']]</small> </font> </div>
<div class="test-event"> <font color="maroon"> <small> &emsp; &emsp;--- 15 Oct 12:25:29 700 - Element is displayed:: [[ChromeDriver: chrome on WINDOWS (459d12ef15e5970aebea3899cd6f0a9a)] -> xpath: //a/img[@alt='Login Image']|//button[@id='btn-login']]</small> </font> </div>
<div class="test-message">&emsp;Successfully navigated to 'Home' Page&emsp;<a href=".\ScreenShot\B2B1054_TC02_1257324777358400.png" target="_blank" >[ScreenShot]</a></div>
<div class="test-message">&emsp;1. Home page is launched.</div>
<div class="test-event"> <font color="maroon"> <small> &emsp; &emsp;--- 15 Oct 12:25:30 039 - Page URL:: https://www.icarstage.com/</small> </font> </div>
<div class="test-event"> <font color="maroon"> <small> &emsp; &emsp;--- 15 Oct 12:25:30 039 - <b>0</b> - Page Load Wait: (Sync) - ICar.support.Utils.waitForPageLoad(Utils.java:109)</small> </font> </div>
<div class="test-event"> <font color="maroon"> <small> &emsp; &emsp;--- 15 Oct 12:25:30 085 - Element is displayed:: [[ChromeDriver: chrome on WINDOWS (459d12ef15e5970aebea3899cd6f0a9a)] -> xpath: //a/img[@alt='Login Image']|//button[@id='btn-login']]</small> </font> </div>
<div class="test-event"> <font color="maroon"> <small> &emsp; &emsp;--- 15 Oct 12:25:30 141 - Element is displayed:: [[ChromeDriver: chrome on WINDOWS (459d12ef15e5970aebea3899cd6f0a9a)] -> xpath: //a/img[@alt='Login Image']|//button[@id='btn-login']]</small> </font> </div>
<div class="test-event"> <font color="maroon"> <small> &emsp; &emsp;--- 15 Oct 12:25:50 035 - Catched spinner load exception due to Expected condition failed: waiting for ICar.support.WaitUtils$4@3e310ae5 (tried for 15 second(s) with 500 milliseconds interval)</small> </font> </div>
<div class="test-event"> <font color="maroon"> <small> &emsp; &emsp;--- 15 Oct 12:25:50 035 - <b>15</b> - Spinner Load Wait: (Sync) - ICar.support.WaitUtils.waitForSpinner(WaitUtils.java:225)</small> </font> </div>
<div class="test-message">&emsp;2. Login page  should be successfully display</div>
<div class="test-message">&emsp;Successfully navigated to 'Login' Page&emsp;<a href=".\ScreenShot\B2B1054_TC02_1257345118338200.png" target="_blank" >[ScreenShot]</a></div>
<div class="test-event"> <font color="maroon"> <small> &emsp; &emsp;--- 15 Oct 12:25:50 240 - Element is displayed:: [[ChromeDriver: chrome on WINDOWS (459d12ef15e5970aebea3899cd6f0a9a)] -> id: username]</small> </font> </div>
<div class="test-event"> <font color="maroon"> <small> &emsp; &emsp;--- 15 Oct 12:25:50 307 - Element is displayed:: [[ChromeDriver: chrome on WINDOWS (459d12ef15e5970aebea3899cd6f0a9a)] -> id: username]</small> </font> </div>
<div class="test-event"> <font color="maroon"> <small> &emsp; &emsp;--- 15 Oct 12:25:50 541 - Element is displayed:: [[ChromeDriver: chrome on WINDOWS (459d12ef15e5970aebea3899cd6f0a9a)] -> id: password]</small> </font> </div>
<div class="test-event"> <font color="maroon"> <small> &emsp; &emsp;--- 15 Oct 12:25:50 734 - Element is displayed:: [[ChromeDriver: chrome on WINDOWS (459d12ef15e5970aebea3899cd6f0a9a)] -> id: btn-login]</small> </font> </div>
<div class="test-event"> <font color="maroon"> <small> &emsp; &emsp;--- 15 Oct 12:26:04 209 - Catched spinner load exception due to Expected condition failed: waiting for ICar.support.WaitUtils$4@3e310ae5 (tried for 13 second(s) with 500 milliseconds interval)</small> </font> </div>
<div class="test-event"> <font color="maroon"> <small> &emsp; &emsp;--- 15 Oct 12:26:04 210 - <b>13</b> - Spinner Load Wait: (Sync) - ICar.support.WaitUtils.waitForSpinner(WaitUtils.java:225)</small> </font> </div>
<div class="test-event"> <font color="maroon"> <small> &emsp; &emsp;--- 15 Oct 12:26:29 913 - Catched spinner load exception due to Expected condition failed: waiting for ICar.support.WaitUtils$4@3e310ae5 (tried for 10 second(s) with 500 milliseconds interval)</small> </font> </div>
<div class="test-event"> <font color="maroon"> <small> &emsp; &emsp;--- 15 Oct 12:26:29 913 - <b>10</b> - Spinner Load Wait: (Sync) - ICar.support.WaitUtils.waitForSpinner(WaitUtils.java:225)</small> </font> </div>
<div class="test-event"> <font color="maroon"> <small> &emsp; &emsp;--- 15 Oct 12:26:29 996 - Element is displayed:: [[ChromeDriver: chrome on WINDOWS (459d12ef15e5970aebea3899cd6f0a9a)] -> xpath: //button[@value='Launch My Learning']]</small> </font> </div>
<div class="test-message">&emsp;3. Enter the user credentials as : alessa0717</div>
<div class="test-message">&emsp;Successfully navigated to 'User Home' Page&emsp;<a href=".\ScreenShot\B2B1054_TC02_1257385073629200.png" target="_blank" >[ScreenShot]</a></div>
<div class="test-message">&emsp;Link Access Committee Portal displayed in B2B Portal</div>
<div class="test-message">&emsp;Successfully verified-Access committee portal link displayed on portal</div>
<div class="test-event"> <font color="maroon"> <small> &emsp; &emsp;--- 15 Oct 12:26:31 422 - Page URL:: https://www.icarstage.com/</small> </font> </div>
<div class="test-event"> <font color="maroon"> <small> &emsp; &emsp;--- 15 Oct 12:26:31 422 - <b>0</b> - Page Load Wait: (Sync) - ICar.support.Utils.waitForPageLoad(Utils.java:109)</small> </font> </div>
<div class="test-event"> <font color="maroon"> <small> &emsp; &emsp;--- 15 Oct 12:26:31 489 - Element is displayed:: [[ChromeDriver: chrome on WINDOWS (459d12ef15e5970aebea3899cd6f0a9a)] -> xpath: //p[text()='Launch My Learning']]</small> </font> </div>
<div class="test-event"> <font color="maroon"> <small> &emsp; &emsp;--- 15 Oct 12:26:31 548 - Element is displayed:: [[ChromeDriver: chrome on WINDOWS (459d12ef15e5970aebea3899cd6f0a9a)] -> xpath: //a[text()='Access Committee Portal']]</small> </font> </div>
<div class="test-event"> <font color="maroon"> <small> &emsp; &emsp;--- 15 Oct 12:26:33 632 - Element is displayed:: [[ChromeDriver: chrome on WINDOWS (459d12ef15e5970aebea3899cd6f0a9a)] -> xpath: //a[text()='Access Committee Portal']]</small> </font> </div>
<div class="test-event"> <font color="maroon"> <small> &emsp; &emsp;--- 15 Oct 12:26:54 529 - Catched spinner load exception due to Expected condition failed: waiting for ICar.support.WaitUtils$4@3e310ae5 (tried for 15 second(s) with 500 milliseconds interval)</small> </font> </div>
<div class="test-event"> <font color="maroon"> <small> &emsp; &emsp;--- 15 Oct 12:26:54 530 - <b>15</b> - Spinner Load Wait: (Sync) - ICar.support.WaitUtils.waitForSpinner(WaitUtils.java:225)</small> </font> </div>
<div class="test-event"> <font color="maroon"> <small> &emsp; &emsp;--- 15 Oct 12:26:54 822 - Page URL:: https://my.icarstage.com/s/committee/a381i0000006tc9qai/5400799</small> </font> </div>
<div class="test-event"> <font color="maroon"> <small> &emsp; &emsp;--- 15 Oct 12:26:54 822 - <b>0</b> - Page Load Wait: (Sync) - ICar.support.Utils.waitForPageLoad(Utils.java:109)</small> </font> </div>
<div class="test-message">&emsp;Successfully navigated to 'Access committee portal' Page&emsp;<a href=".\ScreenShot\B2B1054_TC02_1257409899814200.png" target="_blank" >[ScreenShot]</a></div>
<div class="test-event"> <font color="maroon"> <small> &emsp; &emsp;--- 15 Oct 12:26:55 167 - Page URL:: https://my.icarstage.com/s/committee/a381i0000006tc9qai/5400799</small> </font> </div>
<div class="test-event"> <font color="maroon"> <small> &emsp; &emsp;--- 15 Oct 12:26:55 167 - <b>0</b> - Page Load Wait: (Sync) - ICar.support.Utils.waitForPageLoad(Utils.java:109)</small> </font> </div>
<div class="test-event"> <font color="maroon"> <small> &emsp; &emsp;--- 15 Oct 12:27:03 502 - Catched spinner load exception due to Expected condition failed: waiting for ICar.support.WaitUtils$4@3e310ae5 (tried for 8 second(s) with 500 milliseconds interval)</small> </font> </div>
<div class="test-event"> <font color="maroon"> <small> &emsp; &emsp;--- 15 Oct 12:27:03 502 - <b>8</b> - Spinner Load Wait: (Sync) - ICar.support.WaitUtils.waitForSpinner(WaitUtils.java:225)</small> </font> </div>
<div class="test-event"> <font color="maroon"> <small> &emsp; &emsp;--- 15 Oct 12:27:03 585 - Element is displayed:: [[ChromeDriver: chrome on WINDOWS (459d12ef15e5970aebea3899cd6f0a9a)] -> xpath: //article[@class='slds-card']]</small> </font> </div>
<div class="test-message">&emsp;Resources and Forms displayed at bottom of Access committee page</div>
<div class="test-event"> <font color="maroon"> <small> &emsp; &emsp;--- 15 Oct 12:27:07 873 - Page URL:: https://my.icarstage.com/s/committee/a381i0000006tc9qai/5400799</small> </font> </div>
<div class="test-event"> <font color="maroon"> <small> &emsp; &emsp;--- 15 Oct 12:27:07 873 - <b>0</b> - Page Load Wait: (Sync) - ICar.support.Utils.waitForPageLoad(Utils.java:109)</small> </font> </div>
<div class="test-event"> <font color="maroon"> <small> &emsp; &emsp;--- 15 Oct 12:27:16 266 - Catched spinner load exception due to Expected condition failed: waiting for ICar.support.WaitUtils$4@3e310ae5 (tried for 8 second(s) with 500 milliseconds interval)</small> </font> </div>
<div class="test-event"> <font color="maroon"> <small> &emsp; &emsp;--- 15 Oct 12:27:16 266 - <b>8</b> - Spinner Load Wait: (Sync) - ICar.support.WaitUtils.waitForSpinner(WaitUtils.java:225)</small> </font> </div>
<div class="test-event"> <font color="maroon"> <small> &emsp; &emsp;--- 15 Oct 12:27:16 402 - Element is displayed:: [[ChromeDriver: chrome on WINDOWS (459d12ef15e5970aebea3899cd6f0a9a)] -> xpath: //article[@class='slds-card']/div/header/div/span/span]</small> </font> </div>
<div class="test-message">&emsp;Header displayed as “Resources and Forms” in the bottom of the main committee page</div>
<div class="test-result"><br><font color="green"><strong> Test Passed. </strong></font> </div>&emsp;
&emsp;<div class="test-title"> <strong><font size = "3" color = "#0000FF">---Test Execution Ends---</font> </strong> </div>&emsp;]]>
    </system-out>
  </testcase> <!-- B2B1054_TC02 -->
  <testcase classname="CommitteeTestscripts.CommitteeTestscripts" name="B2B1095_TC01" time="289.332">
    <system-out>
      <![CDATA[<div class="test-event"> <font color="maroon"> <small> &emsp; &emsp;--- 15 Oct 12:38:30 817 - TestCaseID:: B2B1095_TC01</small> </font> </div>
<div class="test-event"> <font color="maroon"> <small> &emsp; &emsp;--- 15 Oct 12:38:32 536 - <b>1</b> - Driver::initialize::Get - ICar.support.WebDriverFactory.getDriver(WebDriverFactory.java:640)</small> </font> </div>
&emsp;<div class="test-title"> <strong><font size = "3" color = "#000080">Active Committee Members Contact Name should be displayed in the portal</font> </strong> </div>&emsp;<div><strong>Steps:</strong></div><!-- Report -->&emsp;
<div class="test-event"> <font color="maroon"> <small> &emsp; &emsp;--- 15 Oct 12:38:40 507 - Page URL:: https://i-car--staging.sandbox.my.salesforce.com/</small> </font> </div>
<div class="test-event"> <font color="maroon"> <small> &emsp; &emsp;--- 15 Oct 12:38:40 507 - <b>0</b> - Page Load Wait: (Sync) - ICar.support.Utils.waitForPageLoad(Utils.java:109)</small> </font> </div>
<div class="test-message">&emsp;Successfully navigated to 'Login' Page&emsp;<a href=".\ScreenShot\B2B1095_TC01_1258115582340200.png" target="_blank" >[ScreenShot]</a></div>
<div class="test-message">&emsp;1. Login page is launched.</div>
<div class="test-event"> <font color="maroon"> <small> &emsp; &emsp;--- 15 Oct 12:38:40 933 - Element is displayed:: [[ChromeDriver: chrome on WINDOWS (d0e34f8b2897283e73dc6e33f262de4f)] -> id: username]</small> </font> </div>
<div class="test-event"> <font color="maroon"> <small> &emsp; &emsp;--- 15 Oct 12:38:41 033 - Element is displayed:: [[ChromeDriver: chrome on WINDOWS (d0e34f8b2897283e73dc6e33f262de4f)] -> id: username]</small> </font> </div>
<div class="test-event"> <font color="maroon"> <small> &emsp; &emsp;--- 15 Oct 12:38:41 659 - Element is displayed:: [[ChromeDriver: chrome on WINDOWS (d0e34f8b2897283e73dc6e33f262de4f)] -> id: password]</small> </font> </div>
<div class="test-event"> <font color="maroon"> <small> &emsp; &emsp;--- 15 Oct 12:38:42 589 - Element is displayed:: [[ChromeDriver: chrome on WINDOWS (d0e34f8b2897283e73dc6e33f262de4f)] -> id: Login]</small> </font> </div>
<div class="test-event"> <font color="maroon"> <small> &emsp; &emsp;--- 15 Oct 12:39:21 816 - Catched spinner load exception due to Expected condition failed: waiting for ICar.support.WaitUtils$4@3e310ae5 (tried for 13 second(s) with 500 milliseconds interval)</small> </font> </div>
<div class="test-event"> <font color="maroon"> <small> &emsp; &emsp;--- 15 Oct 12:39:21 816 - <b>13</b> - Spinner Load Wait: (Sync) - ICar.support.WaitUtils.waitForSpinner(WaitUtils.java:225)</small> </font> </div>
<div class="test-event"> <font color="maroon"> <small> &emsp; &emsp;--- 15 Oct 12:39:41 844 - Catched spinner load exception due to Expected condition failed: waiting for ICar.support.WaitUtils$4@3e310ae5 (tried for 6 second(s) with 500 milliseconds interval)</small> </font> </div>
<div class="test-event"> <font color="maroon"> <small> &emsp; &emsp;--- 15 Oct 12:39:41 844 - <b>6</b> - Spinner Load Wait: (Sync) - ICar.support.WaitUtils.waitForSpinner(WaitUtils.java:225)</small> </font> </div>
<div class="test-event"> <font color="maroon"> <small> &emsp; &emsp;--- 15 Oct 12:39:41 918 - Element is displayed:: [[ChromeDriver: chrome on WINDOWS (d0e34f8b2897283e73dc6e33f262de4f)] -> css selector: button[class*='search-button']]</small> </font> </div>
<div class="test-message">&emsp;2. Navigate to 'SalesForce Page'</div>
<div class="test-event"> <font color="maroon"> <small> &emsp; &emsp;--- 15 Oct 12:39:42 125 - Page URL:: https://i-car--staging.sandbox.lightning.force.com/lightning/o/committee__c/list?filtername=__recent</small> </font> </div>
<div class="test-event"> <font color="maroon"> <small> &emsp; &emsp;--- 15 Oct 12:39:42 125 - <b>0</b> - Page Load Wait: (Sync) - ICar.support.Utils.waitForPageLoad(Utils.java:109)</small> </font> </div>
<div class="test-event"> <font color="maroon"> <small> &emsp; &emsp;--- 15 Oct 12:39:47 320 - Page URL:: https://i-car--staging.sandbox.lightning.force.com/lightning/o/committee__c/list?filtername=__recent</small> </font> </div>
<div class="test-event"> <font color="maroon"> <small> &emsp; &emsp;--- 15 Oct 12:39:47 320 - <b>0</b> - Page Load Wait: (Sync) - ICar.support.Utils.waitForPageLoad(Utils.java:109)</small> </font> </div>
<div class="test-message">&emsp;Close the tab</div>
<div class="test-message">&emsp;Successfully navigated to 'Login' Page&emsp;<a href=".\ScreenShot\B2B1095_TC01_1258187544459000.png" target="_blank" >[ScreenShot]</a></div>
<div class="test-message">&emsp;3. Enter the IcarID as : 2614308</div>
<div class="test-event"> <font color="maroon"> <small> &emsp; &emsp;--- 15 Oct 12:39:52 823 - Page URL:: https://i-car--staging.sandbox.lightning.force.com/lightning/o/committee__c/list?filtername=__recent</small> </font> </div>
<div class="test-event"> <font color="maroon"> <small> &emsp; &emsp;--- 15 Oct 12:39:52 823 - <b>0</b> - Page Load Wait: (Sync) - ICar.support.Utils.waitForPageLoad(Utils.java:109)</small> </font> </div>
<div class="test-event"> <font color="maroon"> <small> &emsp; &emsp;--- 15 Oct 12:39:58 043 - Page URL:: https://i-car--staging.sandbox.lightning.force.com/lightning/o/committee__c/list?filtername=__recent</small> </font> </div>
<div class="test-event"> <font color="maroon"> <small> &emsp; &emsp;--- 15 Oct 12:39:58 043 - <b>0</b> - Page Load Wait: (Sync) - ICar.support.Utils.waitForPageLoad(Utils.java:109)</small> </font> </div>
<div class="test-message">&emsp;Close the tab</div>
<div class="test-event"> <font color="maroon"> <small> &emsp; &emsp;--- 15 Oct 12:40:03 430 - Page URL:: https://i-car--staging.sandbox.lightning.force.com/lightning/o/committee__c/list?filtername=__recent</small> </font> </div>
<div class="test-event"> <font color="maroon"> <small> &emsp; &emsp;--- 15 Oct 12:40:03 430 - <b>0</b> - Page Load Wait: (Sync) - ICar.support.Utils.waitForPageLoad(Utils.java:109)</small> </font> </div>
<div class="test-event"> <font color="maroon"> <small> &emsp; &emsp;--- 15 Oct 12:40:03 475 - Element is displayed:: [[ChromeDriver: chrome on WINDOWS (d0e34f8b2897283e73dc6e33f262de4f)] -> css selector: button[class*='search-button']]</small> </font> </div>
<div class="test-event"> <font color="maroon"> <small> &emsp; &emsp;--- 15 Oct 12:40:05 915 - Catched spinner load exception due to Expected condition failed: waiting for ICar.support.WaitUtils$4@3e310ae5 (tried for 2 second(s) with 500 milliseconds interval)</small> </font> </div>
<div class="test-event"> <font color="maroon"> <small> &emsp; &emsp;--- 15 Oct 12:40:05 915 - <b>2</b> - Spinner Load Wait: (Sync) - ICar.support.WaitUtils.waitForSpinner(WaitUtils.java:225)</small> </font> </div>
<div class="test-event"> <font color="maroon"> <small> &emsp; &emsp;--- 15 Oct 12:40:09 014 - Element is displayed:: [[ChromeDriver: chrome on WINDOWS (d0e34f8b2897283e73dc6e33f262de4f)] -> css selector: button[class*='search-button']]</small> </font> </div>
<div class="test-event"> <font color="maroon"> <small> &emsp; &emsp;--- 15 Oct 12:40:09 508 - Page URL:: https://i-car--staging.sandbox.lightning.force.com/lightning/o/committee__c/list?filtername=__recent</small> </font> </div>
<div class="test-event"> <font color="maroon"> <small> &emsp; &emsp;--- 15 Oct 12:40:09 508 - <b>0</b> - Page Load Wait: (Sync) - ICar.support.Utils.waitForPageLoad(Utils.java:109)</small> </font> </div>
<div class="test-event"> <font color="maroon"> <small> &emsp; &emsp;--- 15 Oct 12:40:29 231 - Catched spinner load exception due to Expected condition failed: waiting for ICar.support.WaitUtils$4@3e310ae5 (tried for 10 second(s) with 500 milliseconds interval)</small> </font> </div>
<div class="test-event"> <font color="maroon"> <small> &emsp; &emsp;--- 15 Oct 12:40:29 231 - <b>10</b> - Spinner Load Wait: (Sync) - ICar.support.WaitUtils.waitForSpinner(WaitUtils.java:225)</small> </font> </div>
<div class="test-event"> <font color="maroon"> <small> &emsp; &emsp;--- 15 Oct 12:40:30 151 - Page URL:: https://i-car--staging.sandbox.lightning.force.com/one/one.app#eyjjb21wb25lbnrezwyioijmb3jjzvnlyxjjadpzzwfyy2hqywdlrgvza3rvccisimf0dhjpynv0zxmionsidgvybsi6iji2mtqzmdgilcjzy29wzu1hcci6eyj0exblijoive9qx1jfu1vmvfmifswiy29udgv4dci6eyjgsuxurvjtijp7fswic2vhcmnou291cmnlijoiqvntsvnuqu5ux0rjquxpryisimrpc2fibgvjbnrlbnrrdwvyesi6zmfsc2usimrpc2fibgvtcgvsbenvcnjly3rpb24iomzhbhnllcjzzwfyy2heawfsb2dtzxnzaw9uswqioii4odhlytewoc0wytfmlwqymwmtngi2yi05ngqzmjg0mwe3ymeilcjkzwj1z0luzm8ionsiyxbwtmftzsi6ikldyxjfu2vydmljzv9db25zb2xliiwiyxbwvhlwzsi6iknvbnnvbguilcjhchboyw1lc3bhy2uioijjiiwibg9jyxrpb24ioijmb3jjztpvymply3rib21lrgvza3rvccisinnvymply3ruexblijoiq29tbwl0dgvlx19jin19lcjncm91celkijoirevgqvvmvcj9lcjzdgf0zsi6e319</small> </font> </div>
<div class="test-event"> <font color="maroon"> <small> &emsp; &emsp;--- 15 Oct 12:40:30 151 - <b>0</b> - Page Load Wait: (Sync) - ICar.support.Utils.waitForPageLoad(Utils.java:109)</small> </font> </div>
<div class="test-event"> <font color="maroon"> <small> &emsp; &emsp;--- 15 Oct 12:40:41 580 - Catched spinner load exception due to Expected condition failed: waiting for ICar.support.WaitUtils$4@3e310ae5 (tried for 11 second(s) with 500 milliseconds interval)</small> </font> </div>
<div class="test-event"> <font color="maroon"> <small> &emsp; &emsp;--- 15 Oct 12:40:41 580 - <b>11</b> - Spinner Load Wait: (Sync) - ICar.support.WaitUtils.waitForSpinner(WaitUtils.java:225)</small> </font> </div>
<div class="test-event"> <font color="maroon"> <small> &emsp; &emsp;--- 15 Oct 12:40:42 500 - Page URL:: https://i-car--staging.sandbox.lightning.force.com/one/one.app#eyjjb21wb25lbnrezwyioijmb3jjzvnlyxjjadpzzwfyy2hqywdlrgvza3rvccisimf0dhjpynv0zxmionsidgvybsi6iji2mtqzmdgilcjzy29wzu1hcci6eyj0exblijoive9qx1jfu1vmvfmifswiy29udgv4dci6eyjgsuxurvjtijp7fswic2vhcmnou291cmnlijoiqvntsvnuqu5ux0rjquxpryisimrpc2fibgvjbnrlbnrrdwvyesi6zmfsc2usimrpc2fibgvtcgvsbenvcnjly3rpb24iomzhbhnllcjzzwfyy2heawfsb2dtzxnzaw9uswqioii4odhlytewoc0wytfmlwqymwmtngi2yi05ngqzmjg0mwe3ymeilcjkzwj1z0luzm8ionsiyxbwtmftzsi6ikldyxjfu2vydmljzv9db25zb2xliiwiyxbwvhlwzsi6iknvbnnvbguilcjhchboyw1lc3bhy2uioijjiiwibg9jyxrpb24ioijmb3jjztpvymply3rib21lrgvza3rvccisinnvymply3ruexblijoiq29tbwl0dgvlx19jin19lcjncm91celkijoirevgqvvmvcj9lcjzdgf0zsi6e319</small> </font> </div>
<div class="test-event"> <font color="maroon"> <small> &emsp; &emsp;--- 15 Oct 12:40:42 500 - <b>0</b> - Page Load Wait: (Sync) - ICar.support.Utils.waitForPageLoad(Utils.java:109)</small> </font> </div>
<div class="test-event"> <font color="maroon"> <small> &emsp; &emsp;--- 15 Oct 12:40:42 561 - Element is displayed:: [[ChromeDriver: chrome on WINDOWS (d0e34f8b2897283e73dc6e33f262de4f)] -> xpath: //a[@title='Top Results']//span[text()='Top Results']]</small> </font> </div>
<div class="test-event"> <font color="maroon"> <small> &emsp; &emsp;--- 15 Oct 12:40:43 234 - Page URL:: https://i-car--staging.sandbox.lightning.force.com/one/one.app#eyjjb21wb25lbnrezwyioijmb3jjzvnlyxjjadpzzwfyy2hqywdlrgvza3rvccisimf0dhjpynv0zxmionsidgvybsi6iji2mtqzmdgilcjzy29wzu1hcci6eyj0exblijoive9qx1jfu1vmvfmifswiy29udgv4dci6eyjgsuxurvjtijp7fswic2vhcmnou291cmnlijoiqvntsvnuqu5ux0rjquxpryisimrpc2fibgvjbnrlbnrrdwvyesi6zmfsc2usimrpc2fibgvtcgvsbenvcnjly3rpb24iomzhbhnllcjzzwfyy2heawfsb2dtzxnzaw9uswqioii4odhlytewoc0wytfmlwqymwmtngi2yi05ngqzmjg0mwe3ymeilcjkzwj1z0luzm8ionsiyxbwtmftzsi6ikldyxjfu2vydmljzv9db25zb2xliiwiyxbwvhlwzsi6iknvbnnvbguilcjhchboyw1lc3bhy2uioijjiiwibg9jyxrpb24ioijmb3jjztpvymply3rib21lrgvza3rvccisinnvymply3ruexblijoiq29tbwl0dgvlx19jin19lcjncm91celkijoirevgqvvmvcj9lcjzdgf0zsi6e319</small> </font> </div>
<div class="test-event"> <font color="maroon"> <small> &emsp; &emsp;--- 15 Oct 12:40:43 234 - <b>0</b> - Page Load Wait: (Sync) - ICar.support.Utils.waitForPageLoad(Utils.java:109)</small> </font> </div>
<div class="test-event"> <font color="maroon"> <small> &emsp; &emsp;--- 15 Oct 12:40:48 593 - Catched spinner load exception due to Expected condition failed: waiting for ICar.support.WaitUtils$4@3e310ae5 (tried for 5 second(s) with 500 milliseconds interval)</small> </font> </div>
<div class="test-event"> <font color="maroon"> <small> &emsp; &emsp;--- 15 Oct 12:40:48 593 - <b>5</b> - Spinner Load Wait: (Sync) - ICar.support.WaitUtils.waitForSpinner(WaitUtils.java:225)</small> </font> </div>
<div class="test-event"> <font color="maroon"> <small> &emsp; &emsp;--- 15 Oct 12:40:49 419 - Page URL:: https://i-car--staging.sandbox.lightning.force.com/one/one.app#eyjjb21wb25lbnrezwyioijmb3jjzvnlyxjjadpzzwfyy2hqywdlrgvza3rvccisimf0dhjpynv0zxmionsidgvybsi6iji2mtqzmdgilcjzy29wzu1hcci6eyj0exblijoive9qx1jfu1vmvfmifswiy29udgv4dci6eyjgsuxurvjtijp7fswic2vhcmnou291cmnlijoiqvntsvnuqu5ux0rjquxpryisimrpc2fibgvjbnrlbnrrdwvyesi6zmfsc2usimrpc2fibgvtcgvsbenvcnjly3rpb24iomzhbhnllcjzzwfyy2heawfsb2dtzxnzaw9uswqioii4odhlytewoc0wytfmlwqymwmtngi2yi05ngqzmjg0mwe3ymeilcjkzwj1z0luzm8ionsiyxbwtmftzsi6ikldyxjfu2vydmljzv9db25zb2xliiwiyxbwvhlwzsi6iknvbnnvbguilcjhchboyw1lc3bhy2uioijjiiwibg9jyxrpb24ioijmb3jjztpvymply3rib21lrgvza3rvccisinnvymply3ruexblijoiq29tbwl0dgvlx19jin19lcjncm91celkijoirevgqvvmvcj9lcjzdgf0zsi6e319</small> </font> </div>
<div class="test-event"> <font color="maroon"> <small> &emsp; &emsp;--- 15 Oct 12:40:49 419 - <b>0</b> - Page Load Wait: (Sync) - ICar.support.Utils.waitForPageLoad(Utils.java:109)</small> </font> </div>
<div class="test-event"> <font color="maroon"> <small> &emsp; &emsp;--- 15 Oct 12:40:50 225 - Page URL:: https://i-car--staging.sandbox.lightning.force.com/one/one.app#eyjjb21wb25lbnrezwyioijmb3jjzvnlyxjjadpzzwfyy2hqywdlrgvza3rvccisimf0dhjpynv0zxmionsidgvybsi6iji2mtqzmdgilcjzy29wzu1hcci6eyj0exblijoive9qx1jfu1vmvfmifswiy29udgv4dci6eyjgsuxurvjtijp7fswic2vhcmnou291cmnlijoiqvntsvnuqu5ux0rjquxpryisimrpc2fibgvjbnrlbnrrdwvyesi6zmfsc2usimrpc2fibgvtcgvsbenvcnjly3rpb24iomzhbhnllcjzzwfyy2heawfsb2dtzxnzaw9uswqioii4odhlytewoc0wytfmlwqymwmtngi2yi05ngqzmjg0mwe3ymeilcjkzwj1z0luzm8ionsiyxbwtmftzsi6ikldyxjfu2vydmljzv9db25zb2xliiwiyxbwvhlwzsi6iknvbnnvbguilcjhchboyw1lc3bhy2uioijjiiwibg9jyxrpb24ioijmb3jjztpvymply3rib21lrgvza3rvccisinnvymply3ruexblijoiq29tbwl0dgvlx19jin19lcjncm91celkijoirevgqvvmvcj9lcjzdgf0zsi6e319</small> </font> </div>
<div class="test-event"> <font color="maroon"> <small> &emsp; &emsp;--- 15 Oct 12:40:50 225 - <b>0</b> - Page Load Wait: (Sync) - ICar.support.Utils.waitForPageLoad(Utils.java:109)</small> </font> </div>
<div class="test-event"> <font color="maroon"> <small> &emsp; &emsp;--- 15 Oct 12:40:51 026 - Page URL:: https://i-car--staging.sandbox.lightning.force.com/one/one.app#eyjjb21wb25lbnrezwyioijmb3jjzvnlyxjjadpzzwfyy2hqywdlrgvza3rvccisimf0dhjpynv0zxmionsidgvybsi6iji2mtqzmdgilcjzy29wzu1hcci6eyj0exblijoive9qx1jfu1vmvfmifswiy29udgv4dci6eyjgsuxurvjtijp7fswic2vhcmnou291cmnlijoiqvntsvnuqu5ux0rjquxpryisimrpc2fibgvjbnrlbnrrdwvyesi6zmfsc2usimrpc2fibgvtcgvsbenvcnjly3rpb24iomzhbhnllcjzzwfyy2heawfsb2dtzxnzaw9uswqioii4odhlytewoc0wytfmlwqymwmtngi2yi05ngqzmjg0mwe3ymeilcjkzwj1z0luzm8ionsiyxbwtmftzsi6ikldyxjfu2vydmljzv9db25zb2xliiwiyxbwvhlwzsi6iknvbnnvbguilcjhchboyw1lc3bhy2uioijjiiwibg9jyxrpb24ioijmb3jjztpvymply3rib21lrgvza3rvccisinnvymply3ruexblijoiq29tbwl0dgvlx19jin19lcjncm91celkijoirevgqvvmvcj9lcjzdgf0zsi6e319</small> </font> </div>
<div class="test-event"> <font color="maroon"> <small> &emsp; &emsp;--- 15 Oct 12:40:51 026 - <b>0</b> - Page Load Wait: (Sync) - ICar.support.Utils.waitForPageLoad(Utils.java:109)</small> </font> </div>
<div class="test-event"> <font color="maroon"> <small> &emsp; &emsp;--- 15 Oct 12:40:59 342 - Catched spinner load exception due to Expected condition failed: waiting for ICar.support.WaitUtils$4@3e310ae5 (tried for 8 second(s) with 500 milliseconds interval)</small> </font> </div>
<div class="test-event"> <font color="maroon"> <small> &emsp; &emsp;--- 15 Oct 12:40:59 342 - <b>8</b> - Spinner Load Wait: (Sync) - ICar.support.WaitUtils.waitForSpinner(WaitUtils.java:225)</small> </font> </div>
<div class="test-event"> <font color="maroon"> <small> &emsp; &emsp;--- 15 Oct 12:41:00 276 - Page URL:: https://i-car--staging.sandbox.lightning.force.com/one/one.app#eyjjb21wb25lbnrezwyioijmb3jjzvnlyxjjadpzzwfyy2hqywdlrgvza3rvccisimf0dhjpynv0zxmionsidgvybsi6iji2mtqzmdgilcjzy29wzu1hcci6eyj0exblijoive9qx1jfu1vmvfmifswiy29udgv4dci6eyjgsuxurvjtijp7fswic2vhcmnou291cmnlijoiqvntsvnuqu5ux0rjquxpryisimrpc2fibgvjbnrlbnrrdwvyesi6zmfsc2usimrpc2fibgvtcgvsbenvcnjly3rpb24iomzhbhnllcjzzwfyy2heawfsb2dtzxnzaw9uswqioii4odhlytewoc0wytfmlwqymwmtngi2yi05ngqzmjg0mwe3ymeilcjkzwj1z0luzm8ionsiyxbwtmftzsi6ikldyxjfu2vydmljzv9db25zb2xliiwiyxbwvhlwzsi6iknvbnnvbguilcjhchboyw1lc3bhy2uioijjiiwibg9jyxrpb24ioijmb3jjztpvymply3rib21lrgvza3rvccisinnvymply3ruexblijoiq29tbwl0dgvlx19jin19lcjncm91celkijoirevgqvvmvcj9lcjzdgf0zsi6e319</small> </font> </div>
<div class="test-event"> <font color="maroon"> <small> &emsp; &emsp;--- 15 Oct 12:41:00 276 - <b>0</b> - Page Load Wait: (Sync) - ICar.support.Utils.waitForPageLoad(Utils.java:109)</small> </font> </div>
<div class="test-event"> <font color="maroon"> <small> &emsp; &emsp;--- 15 Oct 12:41:02 436 - Element is displayed:: [[ChromeDriver: chrome on WINDOWS (d0e34f8b2897283e73dc6e33f262de4f)] -> xpath: //div[contains(@class,'forceSearchResultsRegion')]//div[contains(@class,'resultsMultiWrapper')]/div/div[1]//following::h2//a]</small> </font> </div>
<div class="test-event"> <font color="maroon"> <small> &emsp; &emsp;--- 15 Oct 12:41:02 669 - Element is displayed:: [[ChromeDriver: chrome on WINDOWS (d0e34f8b2897283e73dc6e33f262de4f)] -> xpath: //a[text()='Contacts']]</small> </font> </div>
<div class="test-event"> <font color="maroon"> <small> &emsp; &emsp;--- 15 Oct 12:41:07 047 - Element is displayed:: [[ChromeDriver: chrome on WINDOWS (d0e34f8b2897283e73dc6e33f262de4f)] -> xpath: //div[text()='Contacts']//following :: table//tbody//th//span /a]</small> </font> </div>
<div class="test-event"> <font color="maroon"> <small> &emsp; &emsp;--- 15 Oct 12:41:23 762 - Element is displayed:: [[ChromeDriver: chrome on WINDOWS (d0e34f8b2897283e73dc6e33f262de4f)] -> xpath: //a/img[@alt='Login Image']|//button[@id='btn-login']]</small> </font> </div>
<div class="test-event"> <font color="maroon"> <small> &emsp; &emsp;--- 15 Oct 12:41:23 821 - Element is displayed:: [[ChromeDriver: chrome on WINDOWS (d0e34f8b2897283e73dc6e33f262de4f)] -> xpath: //a/img[@alt='Login Image']|//button[@id='btn-login']]</small> </font> </div>
<div class="test-message">&emsp;Successfully navigated to 'Home' Page&emsp;<a href=".\ScreenShot\B2B1095_TC01_1258278898724300.png" target="_blank" >[ScreenShot]</a></div>
<div class="test-message">&emsp;1. Home page is launched.</div>
<div class="test-event"> <font color="maroon"> <small> &emsp; &emsp;--- 15 Oct 12:41:24 237 - Page URL:: https://www.icarstage.com/</small> </font> </div>
<div class="test-event"> <font color="maroon"> <small> &emsp; &emsp;--- 15 Oct 12:41:24 237 - <b>0</b> - Page Load Wait: (Sync) - ICar.support.Utils.waitForPageLoad(Utils.java:109)</small> </font> </div>
<div class="test-event"> <font color="maroon"> <small> &emsp; &emsp;--- 15 Oct 12:41:24 279 - Element is displayed:: [[ChromeDriver: chrome on WINDOWS (d0e34f8b2897283e73dc6e33f262de4f)] -> xpath: //a/img[@alt='Login Image']|//button[@id='btn-login']]</small> </font> </div>
<div class="test-event"> <font color="maroon"> <small> &emsp; &emsp;--- 15 Oct 12:41:24 341 - Element is displayed:: [[ChromeDriver: chrome on WINDOWS (d0e34f8b2897283e73dc6e33f262de4f)] -> xpath: //a/img[@alt='Login Image']|//button[@id='btn-login']]</small> </font> </div>
<div class="test-event"> <font color="maroon"> <small> &emsp; &emsp;--- 15 Oct 12:41:42 370 - Catched spinner load exception due to Expected condition failed: waiting for ICar.support.WaitUtils$4@3e310ae5 (tried for 15 second(s) with 500 milliseconds interval)</small> </font> </div>
<div class="test-event"> <font color="maroon"> <small> &emsp; &emsp;--- 15 Oct 12:41:42 370 - <b>15</b> - Spinner Load Wait: (Sync) - ICar.support.WaitUtils.waitForSpinner(WaitUtils.java:225)</small> </font> </div>
<div class="test-message">&emsp;2. Login page  should be successfully display</div>
<div class="test-message">&emsp;Successfully navigated to 'Login' Page&emsp;<a href=".\ScreenShot\B2B1095_TC01_1258297455087500.png" target="_blank" >[ScreenShot]</a></div>
<div class="test-event"> <font color="maroon"> <small> &emsp; &emsp;--- 15 Oct 12:41:42 649 - Element is displayed:: [[ChromeDriver: chrome on WINDOWS (d0e34f8b2897283e73dc6e33f262de4f)] -> id: username]</small> </font> </div>
<div class="test-event"> <font color="maroon"> <small> &emsp; &emsp;--- 15 Oct 12:41:42 713 - Element is displayed:: [[ChromeDriver: chrome on WINDOWS (d0e34f8b2897283e73dc6e33f262de4f)] -> id: username]</small> </font> </div>
<div class="test-event"> <font color="maroon"> <small> &emsp; &emsp;--- 15 Oct 12:41:42 973 - Element is displayed:: [[ChromeDriver: chrome on WINDOWS (d0e34f8b2897283e73dc6e33f262de4f)] -> id: password]</small> </font> </div>
<div class="test-event"> <font color="maroon"> <small> &emsp; &emsp;--- 15 Oct 12:41:43 141 - Element is displayed:: [[ChromeDriver: chrome on WINDOWS (d0e34f8b2897283e73dc6e33f262de4f)] -> id: btn-login]</small> </font> </div>
<div class="test-event"> <font color="maroon"> <small> &emsp; &emsp;--- 15 Oct 12:41:56 320 - Catched spinner load exception due to Expected condition failed: waiting for ICar.support.WaitUtils$4@3e310ae5 (tried for 13 second(s) with 500 milliseconds interval)</small> </font> </div>
<div class="test-event"> <font color="maroon"> <small> &emsp; &emsp;--- 15 Oct 12:41:56 320 - <b>13</b> - Spinner Load Wait: (Sync) - ICar.support.WaitUtils.waitForSpinner(WaitUtils.java:225)</small> </font> </div>
<div class="test-event"> <font color="maroon"> <small> &emsp; &emsp;--- 15 Oct 12:42:20 634 - Catched spinner load exception due to Expected condition failed: waiting for ICar.support.WaitUtils$4@3e310ae5 (tried for 10 second(s) with 500 milliseconds interval)</small> </font> </div>
<div class="test-event"> <font color="maroon"> <small> &emsp; &emsp;--- 15 Oct 12:42:20 634 - <b>10</b> - Spinner Load Wait: (Sync) - ICar.support.WaitUtils.waitForSpinner(WaitUtils.java:225)</small> </font> </div>
<div class="test-event"> <font color="maroon"> <small> &emsp; &emsp;--- 15 Oct 12:42:20 713 - Element is displayed:: [[ChromeDriver: chrome on WINDOWS (d0e34f8b2897283e73dc6e33f262de4f)] -> xpath: //button[@value='Launch My Learning']]</small> </font> </div>
<div class="test-message">&emsp;3. Enter the user credentials as : alessa0717</div>
<div class="test-message">&emsp;Successfully navigated to 'User Home' Page&emsp;<a href=".\ScreenShot\B2B1095_TC01_1258335791916600.png" target="_blank" >[ScreenShot]</a></div>
<div class="test-event"> <font color="maroon"> <small> &emsp; &emsp;--- 15 Oct 12:42:21 097 - Page URL:: https://www.icarstage.com/</small> </font> </div>
<div class="test-event"> <font color="maroon"> <small> &emsp; &emsp;--- 15 Oct 12:42:21 097 - <b>0</b> - Page Load Wait: (Sync) - ICar.support.Utils.waitForPageLoad(Utils.java:109)</small> </font> </div>
<div class="test-event"> <font color="maroon"> <small> &emsp; &emsp;--- 15 Oct 12:42:21 159 - Element is displayed:: [[ChromeDriver: chrome on WINDOWS (d0e34f8b2897283e73dc6e33f262de4f)] -> xpath: //p[text()='Launch My Learning']]</small> </font> </div>
<div class="test-event"> <font color="maroon"> <small> &emsp; &emsp;--- 15 Oct 12:42:21 202 - Element is displayed:: [[ChromeDriver: chrome on WINDOWS (d0e34f8b2897283e73dc6e33f262de4f)] -> xpath: //a[text()='Access Committee Portal']]</small> </font> </div>
<div class="test-event"> <font color="maroon"> <small> &emsp; &emsp;--- 15 Oct 12:42:23 313 - Element is displayed:: [[ChromeDriver: chrome on WINDOWS (d0e34f8b2897283e73dc6e33f262de4f)] -> xpath: //a[text()='Access Committee Portal']]</small> </font> </div>
<div class="test-event"> <font color="maroon"> <small> &emsp; &emsp;--- 15 Oct 12:43:03 334 - Catched spinner load exception due to Expected condition failed: waiting for ICar.support.WaitUtils$4@3e310ae5 (tried for 15 second(s) with 500 milliseconds interval)</small> </font> </div>
<div class="test-event"> <font color="maroon"> <small> &emsp; &emsp;--- 15 Oct 12:43:03 334 - <b>15</b> - Spinner Load Wait: (Sync) - ICar.support.WaitUtils.waitForSpinner(WaitUtils.java:225)</small> </font> </div>
<div class="test-event"> <font color="maroon"> <small> &emsp; &emsp;--- 15 Oct 12:43:03 514 - Page URL:: https://my.icarstage.com/s/committee/a381i0000006tc9qai/5400799</small> </font> </div>
<div class="test-event"> <font color="maroon"> <small> &emsp; &emsp;--- 15 Oct 12:43:03 514 - <b>0</b> - Page Load Wait: (Sync) - ICar.support.Utils.waitForPageLoad(Utils.java:109)</small> </font> </div>
<div class="test-message">&emsp;Successfully navigated to 'Access committee' Page&emsp;<a href=".\ScreenShot\B2B1095_TC01_1258378594320500.png" target="_blank" >[ScreenShot]</a></div>
<div class="test-event"> <font color="maroon"> <small> &emsp; &emsp;--- 15 Oct 12:43:03 864 - Page URL:: https://my.icarstage.com/s/committee/a381i0000006tc9qai/5400799</small> </font> </div>
<div class="test-event"> <font color="maroon"> <small> &emsp; &emsp;--- 15 Oct 12:43:03 864 - <b>0</b> - Page Load Wait: (Sync) - ICar.support.Utils.waitForPageLoad(Utils.java:109)</small> </font> </div>
<div class="test-event"> <font color="maroon"> <small> &emsp; &emsp;--- 15 Oct 12:43:12 301 - Catched spinner load exception due to Expected condition failed: waiting for ICar.support.WaitUtils$4@3e310ae5 (tried for 8 second(s) with 500 milliseconds interval)</small> </font> </div>
<div class="test-event"> <font color="maroon"> <small> &emsp; &emsp;--- 15 Oct 12:43:12 301 - <b>8</b> - Spinner Load Wait: (Sync) - ICar.support.WaitUtils.waitForSpinner(WaitUtils.java:225)</small> </font> </div>
<div class="test-event"> <font color="maroon"> <small> &emsp; &emsp;--- 15 Oct 12:43:12 365 - Element is displayed:: [[ChromeDriver: chrome on WINDOWS (d0e34f8b2897283e73dc6e33f262de4f)] -> xpath: //span[text()='Committee Members (Active Committee Member)']/parent::span]</small> </font> </div>
<div class="test-event"> <font color="maroon"> <small> &emsp; &emsp;--- 15 Oct 12:43:14 531 - Element is displayed:: [[ChromeDriver: chrome on WINDOWS (d0e34f8b2897283e73dc6e33f262de4f)] -> xpath: //span[text()='Committee Members (Active Committee Member)']/parent::span]</small> </font> </div>
<div class="test-event"> <font color="maroon"> <small> &emsp; &emsp;--- 15 Oct 12:43:19 669 - Page URL:: https://my.icarstage.com/s/committee/related/a381i0000006tc9qai/committee_members1__r</small> </font> </div>
<div class="test-event"> <font color="maroon"> <small> &emsp; &emsp;--- 15 Oct 12:43:19 669 - Page Load Wait </small> </font> </div>
<div class="test-event"> <font color="maroon"> <small> &emsp; &emsp;--- 15 Oct 12:43:19 853 - Element is displayed:: [[ChromeDriver: chrome on WINDOWS (d0e34f8b2897283e73dc6e33f262de4f)] -> xpath: (//table[contains(@aria-label,'Committee')])[last()]/thead/tr/th/div/a/span[2]]</small> </font> </div>
<div class="test-message">&emsp;All columns header are displayed on-clicking view all link of active committee member</div>
<div class="test-event"> <font color="maroon"> <small> &emsp; &emsp;--- 15 Oct 12:43:20 432 - Page URL:: https://my.icarstage.com/s/committee/related/a381i0000006tc9qai/committee_members1__r</small> </font> </div>
<div class="test-event"> <font color="maroon"> <small> &emsp; &emsp;--- 15 Oct 12:43:20 433 - <b>0</b> - Page Load Wait: (Sync) - ICar.support.Utils.waitForPageLoad(Utils.java:109)</small> </font> </div>
<div class="test-message">&emsp;Contact name Alessandra Acosta displayed in active committee member </div>
<div class="test-message">&emsp;Active committee member Contact name Alessandra Acostadisplayed in the portal</div>
<div class="test-result"><br><font color="green"><strong> Test Passed. </strong></font> </div>&emsp;
&emsp;<div class="test-title"> <strong><font size = "3" color = "#0000FF">---Test Execution Ends---</font> </strong> </div>&emsp;]]>
    </system-out>
  </testcase> <!-- B2B1095_TC01 -->
  <testcase classname="CommitteeTestscripts.CommitteeTestscripts" name="B2B1002_TC04" time="313.567">
    <system-out>
      <![CDATA[<div class="test-event"> <font color="maroon"> <small> &emsp; &emsp;--- 15 Oct 12:10:45 861 - TestCaseID:: B2B1002_TC04</small> </font> </div>
<div class="test-event"> <font color="maroon"> <small> &emsp; &emsp;--- 15 Oct 12:10:47 495 - <b>1</b> - Driver::initialize::Get - ICar.support.WebDriverFactory.getDriver(WebDriverFactory.java:640)</small> </font> </div>
&emsp;<div class="test-title"> <strong><font size = "3" color = "#000080">Verify the “Access Committee Portal” link is not displayed in the Manage box when Login as End dated Committee Officers.</font> </strong> </div>&emsp;<div><strong>Steps:</strong></div><!-- Report -->&emsp;
<div class="test-event"> <font color="maroon"> <small> &emsp; &emsp;--- 15 Oct 12:10:52 952 - Page URL:: https://i-car--staging.sandbox.my.salesforce.com/</small> </font> </div>
<div class="test-event"> <font color="maroon"> <small> &emsp; &emsp;--- 15 Oct 12:10:52 952 - <b>2</b> - Page Load Wait: (Sync) - ICar.support.Utils.waitForPageLoad(Utils.java:109)</small> </font> </div>
<div class="test-event"> <font color="maroon"> <small> &emsp; &emsp;--- 15 Oct 12:11:06 095 - Page URL:: https://i-car--staging.sandbox.my.salesforce.com/</small> </font> </div>
<div class="test-event"> <font color="maroon"> <small> &emsp; &emsp;--- 15 Oct 12:11:06 095 - <b>0</b> - Page Load Wait: (Sync) - ICar.support.Utils.waitForPageLoad(Utils.java:109)</small> </font> </div>
<div class="test-message">&emsp;Successfully navigated to 'Login' Page&emsp;<a href=".\ScreenShot\B2B1002_TC04_1256461174953100.png" target="_blank" >[ScreenShot]</a></div>
<div class="test-message">&emsp;1. Login page is launched.</div>
<div class="test-event"> <font color="maroon"> <small> &emsp; &emsp;--- 15 Oct 12:11:06 312 - Element is displayed:: [[ChromeDriver: chrome on WINDOWS (3159bbed5dee40441d314aed005e1fdc)] -> id: username]</small> </font> </div>
<div class="test-event"> <font color="maroon"> <small> &emsp; &emsp;--- 15 Oct 12:11:06 380 - Element is displayed:: [[ChromeDriver: chrome on WINDOWS (3159bbed5dee40441d314aed005e1fdc)] -> id: username]</small> </font> </div>
<div class="test-event"> <font color="maroon"> <small> &emsp; &emsp;--- 15 Oct 12:11:06 651 - Element is displayed:: [[ChromeDriver: chrome on WINDOWS (3159bbed5dee40441d314aed005e1fdc)] -> id: password]</small> </font> </div>
<div class="test-event"> <font color="maroon"> <small> &emsp; &emsp;--- 15 Oct 12:11:06 899 - Element is displayed:: [[ChromeDriver: chrome on WINDOWS (3159bbed5dee40441d314aed005e1fdc)] -> id: Login]</small> </font> </div>
<div class="test-event"> <font color="maroon"> <small> &emsp; &emsp;--- 15 Oct 12:11:35 656 - Catched spinner load exception due to Expected condition failed: waiting for ICar.support.WaitUtils$4@3e310ae5 (tried for 13 second(s) with 500 milliseconds interval)</small> </font> </div>
<div class="test-event"> <font color="maroon"> <small> &emsp; &emsp;--- 15 Oct 12:11:35 656 - <b>13</b> - Spinner Load Wait: (Sync) - ICar.support.WaitUtils.waitForSpinner(WaitUtils.java:225)</small> </font> </div>
<div class="test-event"> <font color="maroon"> <small> &emsp; &emsp;--- 15 Oct 12:11:54 790 - Catched spinner load exception due to Expected condition failed: waiting for ICar.support.WaitUtils$4@3e310ae5 (tried for 6 second(s) with 500 milliseconds interval)</small> </font> </div>
<div class="test-event"> <font color="maroon"> <small> &emsp; &emsp;--- 15 Oct 12:11:54 790 - <b>6</b> - Spinner Load Wait: (Sync) - ICar.support.WaitUtils.waitForSpinner(WaitUtils.java:225)</small> </font> </div>
<div class="test-event"> <font color="maroon"> <small> &emsp; &emsp;--- 15 Oct 12:11:54 879 - Element is displayed:: [[ChromeDriver: chrome on WINDOWS (3159bbed5dee40441d314aed005e1fdc)] -> css selector: button[class*='search-button']]</small> </font> </div>
<div class="test-message">&emsp;2. Navigate to 'SalesForce Page'</div>
<div class="test-event"> <font color="maroon"> <small> &emsp; &emsp;--- 15 Oct 12:11:55 370 - Page URL:: https://i-car--staging.sandbox.lightning.force.com/lightning/r/contact/0031i00000oeh1aqaa/view</small> </font> </div>
<div class="test-event"> <font color="maroon"> <small> &emsp; &emsp;--- 15 Oct 12:11:55 370 - <b>0</b> - Page Load Wait: (Sync) - ICar.support.Utils.waitForPageLoad(Utils.java:109)</small> </font> </div>
<div class="test-event"> <font color="maroon"> <small> &emsp; &emsp;--- 15 Oct 12:12:01 001 - Page URL:: https://i-car--staging.sandbox.lightning.force.com/lightning/r/contact/0031i00000oeh1aqaa/view</small> </font> </div>
<div class="test-event"> <font color="maroon"> <small> &emsp; &emsp;--- 15 Oct 12:12:01 001 - <b>0</b> - Page Load Wait: (Sync) - ICar.support.Utils.waitForPageLoad(Utils.java:109)</small> </font> </div>
<div class="test-message">&emsp;Close the tab</div>
<div class="test-message">&emsp;Successfully navigated to 'Login' Page&emsp;<a href=".\ScreenShot\B2B1002_TC04_1256521357057300.png" target="_blank" >[ScreenShot]</a></div>
<div class="test-event"> <font color="maroon"> <small> &emsp; &emsp;--- 15 Oct 12:12:11 700 - Catched spinner load exception due to Expected condition failed: waiting for ICar.support.WaitUtils$4@3e310ae5 (tried for 5 second(s) with 500 milliseconds interval)</small> </font> </div>
<div class="test-event"> <font color="maroon"> <small> &emsp; &emsp;--- 15 Oct 12:12:11 700 - <b>5</b> - Spinner Load Wait: (Sync) - ICar.support.WaitUtils.waitForSpinner(WaitUtils.java:225)</small> </font> </div>
<div class="test-event"> <font color="maroon"> <small> &emsp; &emsp;--- 15 Oct 12:12:11 868 - Page URL:: https://i-car--staging.sandbox.lightning.force.com/lightning/o/committee__c/list?filtername=__recent</small> </font> </div>
<div class="test-event"> <font color="maroon"> <small> &emsp; &emsp;--- 15 Oct 12:12:11 868 - <b>0</b> - Page Load Wait: (Sync) - ICar.support.Utils.waitForPageLoad(Utils.java:109)</small> </font> </div>
<div class="test-event"> <font color="maroon"> <small> &emsp; &emsp;--- 15 Oct 12:12:11 940 - Element is displayed:: [[ChromeDriver: chrome on WINDOWS (3159bbed5dee40441d314aed005e1fdc)] -> xpath: //div[contains(@class,'appLauncher ')]//button]</small> </font> </div>
<div class="test-event"> <font color="maroon"> <small> &emsp; &emsp;--- 15 Oct 12:12:12 067 - Element is displayed:: [[ChromeDriver: chrome on WINDOWS (3159bbed5dee40441d314aed005e1fdc)] -> xpath: //div[contains(@class,'appLauncher ')]//button]</small> </font> </div>
<div class="test-event"> <font color="maroon"> <small> &emsp; &emsp;--- 15 Oct 12:12:13 645 - Element is displayed:: [[ChromeDriver: chrome on WINDOWS (3159bbed5dee40441d314aed005e1fdc)] -> xpath: //input[@placeholder='Search apps and items...']]</small> </font> </div>
<div class="test-event"> <font color="maroon"> <small> &emsp; &emsp;--- 15 Oct 12:12:13 719 - Element is displayed:: [[ChromeDriver: chrome on WINDOWS (3159bbed5dee40441d314aed005e1fdc)] -> xpath: //input[@placeholder='Search apps and items...']]</small> </font> </div>
<div class="test-event"> <font color="maroon"> <small> &emsp; &emsp;--- 15 Oct 12:12:17 106 - Element is displayed:: [[ChromeDriver: chrome on WINDOWS (3159bbed5dee40441d314aed005e1fdc)] -> xpath: //lightning-formatted-rich-text/span/p/b[text()='Committees']]</small> </font> </div>
<div class="test-event"> <font color="maroon"> <small> &emsp; &emsp;--- 15 Oct 12:12:20 144 - Element is displayed:: [[ChromeDriver: chrome on WINDOWS (3159bbed5dee40441d314aed005e1fdc)] -> xpath: //lightning-formatted-rich-text/span/p/b[text()='Committees']]</small> </font> </div>
<div class="test-event"> <font color="maroon"> <small> &emsp; &emsp;--- 15 Oct 12:12:20 429 - Page URL:: https://i-car--staging.sandbox.lightning.force.com/lightning/o/committee__c/home</small> </font> </div>
<div class="test-event"> <font color="maroon"> <small> &emsp; &emsp;--- 15 Oct 12:12:20 429 - <b>0</b> - Page Load Wait: (Sync) - ICar.support.Utils.waitForPageLoad(Utils.java:109)</small> </font> </div>
<div class="test-event"> <font color="maroon"> <small> &emsp; &emsp;--- 15 Oct 12:12:25 745 - Catched spinner load exception due to Expected condition failed: waiting for ICar.support.WaitUtils$4@3e310ae5 (tried for 5 second(s) with 500 milliseconds interval)</small> </font> </div>
<div class="test-event"> <font color="maroon"> <small> &emsp; &emsp;--- 15 Oct 12:12:25 745 - <b>5</b> - Spinner Load Wait: (Sync) - ICar.support.WaitUtils.waitForSpinner(WaitUtils.java:225)</small> </font> </div>
<div class="test-event"> <font color="maroon"> <small> &emsp; &emsp;--- 15 Oct 12:12:25 915 - Page URL:: https://i-car--staging.sandbox.lightning.force.com/lightning/o/committee__c/list?filtername=__recent</small> </font> </div>
<div class="test-event"> <font color="maroon"> <small> &emsp; &emsp;--- 15 Oct 12:12:25 915 - <b>0</b> - Page Load Wait: (Sync) - ICar.support.Utils.waitForPageLoad(Utils.java:109)</small> </font> </div>
<div class="test-event"> <font color="maroon"> <small> &emsp; &emsp;--- 15 Oct 12:12:25 982 - Element is displayed:: [[ChromeDriver: chrome on WINDOWS (3159bbed5dee40441d314aed005e1fdc)] -> xpath: //div[contains(@class,'appLauncher ')]//button]</small> </font> </div>
<div class="test-event"> <font color="maroon"> <small> &emsp; &emsp;--- 15 Oct 12:12:26 051 - Element is displayed:: [[ChromeDriver: chrome on WINDOWS (3159bbed5dee40441d314aed005e1fdc)] -> xpath: //div[contains(@class,'appLauncher ')]//button]</small> </font> </div>
<div class="test-event"> <font color="maroon"> <small> &emsp; &emsp;--- 15 Oct 12:12:26 247 - Element is displayed:: [[ChromeDriver: chrome on WINDOWS (3159bbed5dee40441d314aed005e1fdc)] -> xpath: //input[@placeholder='Search apps and items...']]</small> </font> </div>
<div class="test-event"> <font color="maroon"> <small> &emsp; &emsp;--- 15 Oct 12:12:26 355 - Element is displayed:: [[ChromeDriver: chrome on WINDOWS (3159bbed5dee40441d314aed005e1fdc)] -> xpath: //input[@placeholder='Search apps and items...']]</small> </font> </div>
<div class="test-event"> <font color="maroon"> <small> &emsp; &emsp;--- 15 Oct 12:12:29 712 - Element is displayed:: [[ChromeDriver: chrome on WINDOWS (3159bbed5dee40441d314aed005e1fdc)] -> xpath: //lightning-formatted-rich-text/span/p/b[text()='Committee Members']]</small> </font> </div>
<div class="test-event"> <font color="maroon"> <small> &emsp; &emsp;--- 15 Oct 12:12:32 790 - Element is displayed:: [[ChromeDriver: chrome on WINDOWS (3159bbed5dee40441d314aed005e1fdc)] -> xpath: //lightning-formatted-rich-text/span/p/b[text()='Committee Members']]</small> </font> </div>
<div class="test-event"> <font color="maroon"> <small> &emsp; &emsp;--- 15 Oct 12:12:33 371 - Page URL:: https://i-car--staging.sandbox.lightning.force.com/lightning/o/committee_member__c/home</small> </font> </div>
<div class="test-event"> <font color="maroon"> <small> &emsp; &emsp;--- 15 Oct 12:12:33 371 - <b>0</b> - Page Load Wait: (Sync) - ICar.support.Utils.waitForPageLoad(Utils.java:109)</small> </font> </div>
<div class="test-message">&emsp;3. Enter the AccountName as : Chuck Conner:550-0954 Santa Rosa, CA</div>
<div class="test-event"> <font color="maroon"> <small> &emsp; &emsp;--- 15 Oct 12:12:33 921 - Page URL:: https://i-car--staging.sandbox.lightning.force.com/lightning/o/committee_member__c/home</small> </font> </div>
<div class="test-event"> <font color="maroon"> <small> &emsp; &emsp;--- 15 Oct 12:12:33 921 - <b>0</b> - Page Load Wait: (Sync) - ICar.support.Utils.waitForPageLoad(Utils.java:109)</small> </font> </div>
<div class="test-event"> <font color="maroon"> <small> &emsp; &emsp;--- 15 Oct 12:12:34 016 - Element is displayed:: [[ChromeDriver: chrome on WINDOWS (3159bbed5dee40441d314aed005e1fdc)] -> css selector: button[class*='search-button']]</small> </font> </div>
<div class="test-event"> <font color="maroon"> <small> &emsp; &emsp;--- 15 Oct 12:12:36 180 - Catched spinner load exception due to Expected condition failed: waiting for ICar.support.WaitUtils$4@3e310ae5 (tried for 2 second(s) with 500 milliseconds interval)</small> </font> </div>
<div class="test-event"> <font color="maroon"> <small> &emsp; &emsp;--- 15 Oct 12:12:36 180 - <b>2</b> - Spinner Load Wait: (Sync) - ICar.support.WaitUtils.waitForSpinner(WaitUtils.java:225)</small> </font> </div>
<div class="test-event"> <font color="maroon"> <small> &emsp; &emsp;--- 15 Oct 12:12:39 290 - Element is displayed:: [[ChromeDriver: chrome on WINDOWS (3159bbed5dee40441d314aed005e1fdc)] -> css selector: button[class*='search-button']]</small> </font> </div>
<div class="test-event"> <font color="maroon"> <small> &emsp; &emsp;--- 15 Oct 12:12:39 811 - Page URL:: https://i-car--staging.sandbox.lightning.force.com/lightning/o/committee_member__c/home</small> </font> </div>
<div class="test-event"> <font color="maroon"> <small> &emsp; &emsp;--- 15 Oct 12:12:39 811 - <b>0</b> - Page Load Wait: (Sync) - ICar.support.Utils.waitForPageLoad(Utils.java:109)</small> </font> </div>
<div class="test-event"> <font color="maroon"> <small> &emsp; &emsp;--- 15 Oct 12:12:56 966 - Catched spinner load exception due to Expected condition failed: waiting for ICar.support.WaitUtils$4@3e310ae5 (tried for 10 second(s) with 500 milliseconds interval)</small> </font> </div>
<div class="test-event"> <font color="maroon"> <small> &emsp; &emsp;--- 15 Oct 12:12:56 966 - <b>10</b> - Spinner Load Wait: (Sync) - ICar.support.WaitUtils.waitForSpinner(WaitUtils.java:225)</small> </font> </div>
<div class="test-event"> <font color="maroon"> <small> &emsp; &emsp;--- 15 Oct 12:12:57 365 - Page URL:: https://i-car--staging.sandbox.lightning.force.com/one/one.app#eyjjb21wb25lbnrezwyioijmb3jjzvnlyxjjadpzzwfyy2hqywdlrgvza3rvccisimf0dhjpynv0zxmionsidgvybsi6iknodwnrienvbm5lcjo1ntatmdk1ncbtyw50ysbsb3nhlcbdqsisinnjb3bltwfwijp7inr5cguioijut1bfukvtvuxuuyisim5hbwvzcgfjzsi6iiisimxhymvsijoivg9wifjlc3vsdhmilcjsywjlbfbsdxjhbci6ilrvccbszxn1bhrziiwicmvzdwx0c0ntcci6imzvcmnlu2vhcmnoonbyzwrpy3rlzfjlc3vsdhmifswiy29udgv4dci6eyjgsuxurvjtijp7fswic2vhcmnou291cmnlijoiqvntsvnuqu5ux0rjquxpryisimrpc2fibgvjbnrlbnrrdwvyesi6zmfsc2usimrpc2fibgvtcgvsbenvcnjly3rpb24iomzhbhnllcjzzwfyy2heawfsb2dtzxnzaw9uswqioii5otqxmtyzni05otaxlwjkndqtyjlhzs0ymjdjmdexmdvlodqilcjkzwj1z0luzm8ionsiyxbwtmftzsi6ikldyxjfu2vydmljzv9db25zb2xliiwiyxbwvhlwzsi6iknvbnnvbguilcjhchboyw1lc3bhy2uioijjiiwibg9jyxrpb24ioijmb3jjztpvymply3rib21lrgvza3rvccisinnvymply3ruexblijoiq29tbwl0dgvlx01lbwjlcl9fyyj9fswiz3jvdxbjzci6ikrfrkfvtfqifswic3rhdguiont9fq%3d%3d</small> </font> </div>
<div class="test-event"> <font color="maroon"> <small> &emsp; &emsp;--- 15 Oct 12:12:57 365 - <b>0</b> - Page Load Wait: (Sync) - ICar.support.Utils.waitForPageLoad(Utils.java:109)</small> </font> </div>
<div class="test-event"> <font color="maroon"> <small> &emsp; &emsp;--- 15 Oct 12:12:57 745 - Page URL:: https://i-car--staging.sandbox.lightning.force.com/one/one.app#eyjjb21wb25lbnrezwyioijmb3jjzvnlyxjjadpzzwfyy2hqywdlrgvza3rvccisimf0dhjpynv0zxmionsidgvybsi6iknodwnrienvbm5lcjo1ntatmdk1ncbtyw50ysbsb3nhlcbdqsisinnjb3bltwfwijp7inr5cguioijut1bfukvtvuxuuyisim5hbwvzcgfjzsi6iiisimxhymvsijoivg9wifjlc3vsdhmilcjsywjlbfbsdxjhbci6ilrvccbszxn1bhrziiwicmvzdwx0c0ntcci6imzvcmnlu2vhcmnoonbyzwrpy3rlzfjlc3vsdhmifswiy29udgv4dci6eyjgsuxurvjtijp7fswic2vhcmnou291cmnlijoiqvntsvnuqu5ux0rjquxpryisimrpc2fibgvjbnrlbnrrdwvyesi6zmfsc2usimrpc2fibgvtcgvsbenvcnjly3rpb24iomzhbhnllcjzzwfyy2heawfsb2dtzxnzaw9uswqioii5otqxmtyzni05otaxlwjkndqtyjlhzs0ymjdjmdexmdvlodqilcjkzwj1z0luzm8ionsiyxbwtmftzsi6ikldyxjfu2vydmljzv9db25zb2xliiwiyxbwvhlwzsi6iknvbnnvbguilcjhchboyw1lc3bhy2uioijjiiwibg9jyxrpb24ioijmb3jjztpvymply3rib21lrgvza3rvccisinnvymply3ruexblijoiq29tbwl0dgvlx01lbwjlcl9fyyj9fswiz3jvdxbjzci6ikrfrkfvtfqifswic3rhdguiont9fq%3d%3d</small> </font> </div>
<div class="test-event"> <font color="maroon"> <small> &emsp; &emsp;--- 15 Oct 12:12:57 745 - <b>0</b> - Page Load Wait: (Sync) - ICar.support.Utils.waitForPageLoad(Utils.java:109)</small> </font> </div>
<div class="test-event"> <font color="maroon"> <small> &emsp; &emsp;--- 15 Oct 12:13:07 820 - Catched spinner load exception due to Expected condition failed: waiting for ICar.support.WaitUtils$4@3e310ae5 (tried for 10 second(s) with 500 milliseconds interval)</small> </font> </div>
<div class="test-event"> <font color="maroon"> <small> &emsp; &emsp;--- 15 Oct 12:13:07 820 - <b>10</b> - Spinner Load Wait: (Sync) - ICar.support.WaitUtils.waitForSpinner(WaitUtils.java:225)</small> </font> </div>
<div class="test-event"> <font color="maroon"> <small> &emsp; &emsp;--- 15 Oct 12:13:07 858 - Element is displayed:: [[ChromeDriver: chrome on WINDOWS (3159bbed5dee40441d314aed005e1fdc)] -> css selector: div.forceSearchResultsRegion div.resultsMultiWrapper >div > div table tbody th a]</small> </font> </div>
<div class="test-event"> <font color="maroon"> <small> &emsp; &emsp;--- 15 Oct 12:13:07 963 - Element is displayed:: [[ChromeDriver: chrome on WINDOWS (3159bbed5dee40441d314aed005e1fdc)] -> css selector: div.forceSearchResultsRegion div.resultsMultiWrapper >div > div table tbody th a]</small> </font> </div>
<div class="test-event"> <font color="maroon"> <small> &emsp; &emsp;--- 15 Oct 12:13:08 558 - Page URL:: https://i-car--staging.sandbox.lightning.force.com/one/one.app#eyjjb21wb25lbnrezwyioijmb3jjzvnlyxjjadpzzwfyy2hqywdlrgvza3rvccisimf0dhjpynv0zxmionsidgvybsi6iknodwnrienvbm5lcjo1ntatmdk1ncbtyw50ysbsb3nhlcbdqsisinnjb3bltwfwijp7inr5cguioijut1bfukvtvuxuuyisim5hbwvzcgfjzsi6iiisimxhymvsijoivg9wifjlc3vsdhmilcjsywjlbfbsdxjhbci6ilrvccbszxn1bhrziiwicmvzdwx0c0ntcci6imzvcmnlu2vhcmnoonbyzwrpy3rlzfjlc3vsdhmifswiy29udgv4dci6eyjgsuxurvjtijp7fswic2vhcmnou291cmnlijoiqvntsvnuqu5ux0rjquxpryisimrpc2fibgvjbnrlbnrrdwvyesi6zmfsc2usimrpc2fibgvtcgvsbenvcnjly3rpb24iomzhbhnllcjzzwfyy2heawfsb2dtzxnzaw9uswqioii5otqxmtyzni05otaxlwjkndqtyjlhzs0ymjdjmdexmdvlodqilcjkzwj1z0luzm8ionsiyxbwtmftzsi6ikldyxjfu2vydmljzv9db25zb2xliiwiyxbwvhlwzsi6iknvbnnvbguilcjhchboyw1lc3bhy2uioijjiiwibg9jyxrpb24ioijmb3jjztpvymply3rib21lrgvza3rvccisinnvymply3ruexblijoiq29tbwl0dgvlx01lbwjlcl9fyyj9fswiz3jvdxbjzci6ikrfrkfvtfqifswic3rhdguiont9fq%3d%3d</small> </font> </div>
<div class="test-event"> <font color="maroon"> <small> &emsp; &emsp;--- 15 Oct 12:13:08 558 - <b>0</b> - Page Load Wait: (Sync) - ICar.support.Utils.waitForPageLoad(Utils.java:109)</small> </font> </div>
<div class="test-message">&emsp;Role displayed Committee Officer</div>
<div class="test-message">&emsp;Successfully verified - Contact name Chuck Conner whose role displayed as Committee Officer</div>
<div class="test-event"> <font color="maroon"> <small> &emsp; &emsp;--- 15 Oct 12:13:11 976 - Page URL:: https://i-car--staging.sandbox.lightning.force.com/lightning/r/committee_member__c/a371i000000ir9yqaa/view</small> </font> </div>
<div class="test-event"> <font color="maroon"> <small> &emsp; &emsp;--- 15 Oct 12:13:11 976 - <b>0</b> - Page Load Wait: (Sync) - ICar.support.Utils.waitForPageLoad(Utils.java:109)</small> </font> </div>
<div class="test-event"> <font color="maroon"> <small> &emsp; &emsp;--- 15 Oct 12:13:12 076 - Element is displayed:: [[ChromeDriver: chrome on WINDOWS (3159bbed5dee40441d314aed005e1fdc)] -> xpath: //button[@title='Edit Committee End Date']]</small> </font> </div>
<div class="test-event"> <font color="maroon"> <small> &emsp; &emsp;--- 15 Oct 12:13:12 149 - Element is displayed:: [[ChromeDriver: chrome on WINDOWS (3159bbed5dee40441d314aed005e1fdc)] -> xpath: //button[@title='Edit Committee End Date']]</small> </font> </div>
<div class="test-event"> <font color="maroon"> <small> &emsp; &emsp;--- 15 Oct 12:13:15 549 - Element is displayed:: [[ChromeDriver: chrome on WINDOWS (3159bbed5dee40441d314aed005e1fdc)] -> xpath: //button[@name='SaveEdit']]</small> </font> </div>
<div class="test-message">&emsp;Committee end date entered successfully</div>
<div class="test-event"> <font color="maroon"> <small> &emsp; &emsp;--- 15 Oct 12:13:32 341 - Page URL:: https://i-car--staging.sandbox.lightning.force.com/lightning/r/committee_member__c/a371i000000ir9yqaa/view</small> </font> </div>
<div class="test-event"> <font color="maroon"> <small> &emsp; &emsp;--- 15 Oct 12:13:32 342 - <b>0</b> - Page Load Wait: (Sync) - ICar.support.Utils.waitForPageLoad(Utils.java:109)</small> </font> </div>
<div class="test-message">&emsp;Is Active checkbox Not checked</div>
<div class="test-event"> <font color="maroon"> <small> &emsp; &emsp;--- 15 Oct 12:13:36 643 - Page URL:: https://i-car--staging.sandbox.lightning.force.com/lightning/r/committee_member__c/a371i000000ir9yqaa/view</small> </font> </div>
<div class="test-event"> <font color="maroon"> <small> &emsp; &emsp;--- 15 Oct 12:13:36 643 - <b>0</b> - Page Load Wait: (Sync) - ICar.support.Utils.waitForPageLoad(Utils.java:109)</small> </font> </div>
<div class="test-event"> <font color="maroon"> <small> &emsp; &emsp;--- 15 Oct 12:13:41 866 - Page URL:: https://i-car--staging.sandbox.lightning.force.com/lightning/r/committee_member__c/a371i000000ir9yqaa/view</small> </font> </div>
<div class="test-event"> <font color="maroon"> <small> &emsp; &emsp;--- 15 Oct 12:13:41 866 - <b>0</b> - Page Load Wait: (Sync) - ICar.support.Utils.waitForPageLoad(Utils.java:109)</small> </font> </div>
<div class="test-event"> <font color="maroon"> <small> &emsp; &emsp;--- 15 Oct 12:13:46 258 - Page URL:: https://i-car--staging.sandbox.lightning.force.com/lightning/r/committee_member__c/a371i000000ir9yqaa/view</small> </font> </div>
<div class="test-event"> <font color="maroon"> <small> &emsp; &emsp;--- 15 Oct 12:13:46 258 - <b>0</b> - Page Load Wait: (Sync) - ICar.support.Utils.waitForPageLoad(Utils.java:109)</small> </font> </div>
<div class="test-event"> <font color="maroon"> <small> &emsp; &emsp;--- 15 Oct 12:13:46 588 - Element is displayed:: [[ChromeDriver: chrome on WINDOWS (3159bbed5dee40441d314aed005e1fdc)] -> css selector: button[class*='search-button']]</small> </font> </div>
<div class="test-event"> <font color="maroon"> <small> &emsp; &emsp;--- 15 Oct 12:13:48 733 - Catched spinner load exception due to Expected condition failed: waiting for ICar.support.WaitUtils$4@3e310ae5 (tried for 2 second(s) with 500 milliseconds interval)</small> </font> </div>
<div class="test-event"> <font color="maroon"> <small> &emsp; &emsp;--- 15 Oct 12:13:48 733 - <b>2</b> - Spinner Load Wait: (Sync) - ICar.support.WaitUtils.waitForSpinner(WaitUtils.java:225)</small> </font> </div>
<div class="test-event"> <font color="maroon"> <small> &emsp; &emsp;--- 15 Oct 12:13:51 869 - Element is displayed:: [[ChromeDriver: chrome on WINDOWS (3159bbed5dee40441d314aed005e1fdc)] -> css selector: button[class*='search-button']]</small> </font> </div>
<div class="test-event"> <font color="maroon"> <small> &emsp; &emsp;--- 15 Oct 12:13:52 234 - Page URL:: https://i-car--staging.sandbox.lightning.force.com/lightning/o/committee__c/list?filtername=__recent</small> </font> </div>
<div class="test-event"> <font color="maroon"> <small> &emsp; &emsp;--- 15 Oct 12:13:52 234 - <b>0</b> - Page Load Wait: (Sync) - ICar.support.Utils.waitForPageLoad(Utils.java:109)</small> </font> </div>
<div class="test-event"> <font color="maroon"> <small> &emsp; &emsp;--- 15 Oct 12:14:11 854 - Catched spinner load exception due to Expected condition failed: waiting for ICar.support.WaitUtils$4@3e310ae5 (tried for 10 second(s) with 500 milliseconds interval)</small> </font> </div>
<div class="test-event"> <font color="maroon"> <small> &emsp; &emsp;--- 15 Oct 12:14:11 854 - <b>10</b> - Spinner Load Wait: (Sync) - ICar.support.WaitUtils.waitForSpinner(WaitUtils.java:225)</small> </font> </div>
<div class="test-event"> <font color="maroon"> <small> &emsp; &emsp;--- 15 Oct 12:14:12 662 - Page URL:: https://i-car--staging.sandbox.lightning.force.com/one/one.app#eyjjb21wb25lbnrezwyioijmb3jjzvnlyxjjadpzzwfyy2hqywdlrgvza3rvccisimf0dhjpynv0zxmionsidgvybsi6iji0mtm2odyilcjzy29wzu1hcci6eyj0exblijoive9qx1jfu1vmvfmilcjuyw1lc3bhy2uioiiilcjsywjlbci6ilrvccbszxn1bhrziiwibgfizwxqbhvyywwioijub3agumvzdwx0cyisinjlc3vsdhndbxaioijmb3jjzvnlyxjjadpwcmvkawn0zwrszxn1bhrzin0simnvbnrlehqionsirklmvevsuyi6e30sinnlyxjjafnvdxjjzsi6ikftu0ltvefovf9esufmt0cilcjkaxnhymxlsw50zw50uxvlcnkiomzhbhnllcjkaxnhymxlu3blbgxdb3jyzwn0aw9uijpmywxzzswic2vhcmnorglhbg9nu2vzc2lvbklkijoingq5zmuwymetzjnmzi1jnzqxltcxyjetmjuzmza3owu2mtmyiiwizgvidwdjbmzvijp7imfwce5hbwuioijjq2fyx1nlcnzpy2vfq29uc29szsisimfwcfr5cguioijdb25zb2xliiwiyxbwtmftzxnwywnlijoiyyisimxvy2f0aw9uijoizm9yy2u6b2jqzwn0sg9tzurlc2t0b3ailcjzb2jqzwn0vhlwzsi6iknvbw1pdhrlzv9fyyj9fswiz3jvdxbjzci6ikrfrkfvtfqifswic3rhdguiont9fq%3d%3d</small> </font> </div>
<div class="test-event"> <font color="maroon"> <small> &emsp; &emsp;--- 15 Oct 12:14:12 662 - <b>0</b> - Page Load Wait: (Sync) - ICar.support.Utils.waitForPageLoad(Utils.java:109)</small> </font> </div>
<div class="test-event"> <font color="maroon"> <small> &emsp; &emsp;--- 15 Oct 12:14:24 168 - Catched spinner load exception due to Expected condition failed: waiting for ICar.support.WaitUtils$4@3e310ae5 (tried for 11 second(s) with 500 milliseconds interval)</small> </font> </div>
<div class="test-event"> <font color="maroon"> <small> &emsp; &emsp;--- 15 Oct 12:14:24 168 - <b>11</b> - Spinner Load Wait: (Sync) - ICar.support.WaitUtils.waitForSpinner(WaitUtils.java:225)</small> </font> </div>
<div class="test-event"> <font color="maroon"> <small> &emsp; &emsp;--- 15 Oct 12:14:24 908 - Page URL:: https://i-car--staging.sandbox.lightning.force.com/one/one.app#eyjjb21wb25lbnrezwyioijmb3jjzvnlyxjjadpzzwfyy2hqywdlrgvza3rvccisimf0dhjpynv0zxmionsidgvybsi6iji0mtm2odyilcjzy29wzu1hcci6eyj0exblijoive9qx1jfu1vmvfmilcjuyw1lc3bhy2uioiiilcjsywjlbci6ilrvccbszxn1bhrziiwibgfizwxqbhvyywwioijub3agumvzdwx0cyisinjlc3vsdhndbxaioijmb3jjzvnlyxjjadpwcmvkawn0zwrszxn1bhrzin0simnvbnrlehqionsirklmvevsuyi6e30sinnlyxjjafnvdxjjzsi6ikftu0ltvefovf9esufmt0cilcjkaxnhymxlsw50zw50uxvlcnkiomzhbhnllcjkaxnhymxlu3blbgxdb3jyzwn0aw9uijpmywxzzswic2vhcmnorglhbg9nu2vzc2lvbklkijoingq5zmuwymetzjnmzi1jnzqxltcxyjetmjuzmza3owu2mtmyiiwizgvidwdjbmzvijp7imfwce5hbwuioijjq2fyx1nlcnzpy2vfq29uc29szsisimfwcfr5cguioijdb25zb2xliiwiyxbwtmftzxnwywnlijoiyyisimxvy2f0aw9uijoizm9yy2u6b2jqzwn0sg9tzurlc2t0b3ailcjzb2jqzwn0vhlwzsi6iknvbw1pdhrlzv9fyyj9fswiz3jvdxbjzci6ikrfrkfvtfqifswic3rhdguiont9fq%3d%3d</small> </font> </div>
<div class="test-event"> <font color="maroon"> <small> &emsp; &emsp;--- 15 Oct 12:14:24 908 - <b>0</b> - Page Load Wait: (Sync) - ICar.support.Utils.waitForPageLoad(Utils.java:109)</small> </font> </div>
<div class="test-event"> <font color="maroon"> <small> &emsp; &emsp;--- 15 Oct 12:14:24 968 - Element is displayed:: [[ChromeDriver: chrome on WINDOWS (3159bbed5dee40441d314aed005e1fdc)] -> xpath: //a[@title='Top Results']//span[text()='Top Results']]</small> </font> </div>
<div class="test-event"> <font color="maroon"> <small> &emsp; &emsp;--- 15 Oct 12:14:25 374 - Page URL:: https://i-car--staging.sandbox.lightning.force.com/one/one.app#eyjjb21wb25lbnrezwyioijmb3jjzvnlyxjjadpzzwfyy2hqywdlrgvza3rvccisimf0dhjpynv0zxmionsidgvybsi6iji0mtm2odyilcjzy29wzu1hcci6eyj0exblijoive9qx1jfu1vmvfmilcjuyw1lc3bhy2uioiiilcjsywjlbci6ilrvccbszxn1bhrziiwibgfizwxqbhvyywwioijub3agumvzdwx0cyisinjlc3vsdhndbxaioijmb3jjzvnlyxjjadpwcmvkawn0zwrszxn1bhrzin0simnvbnrlehqionsirklmvevsuyi6e30sinnlyxjjafnvdxjjzsi6ikftu0ltvefovf9esufmt0cilcjkaxnhymxlsw50zw50uxvlcnkiomzhbhnllcjkaxnhymxlu3blbgxdb3jyzwn0aw9uijpmywxzzswic2vhcmnorglhbg9nu2vzc2lvbklkijoingq5zmuwymetzjnmzi1jnzqxltcxyjetmjuzmza3owu2mtmyiiwizgvidwdjbmzvijp7imfwce5hbwuioijjq2fyx1nlcnzpy2vfq29uc29szsisimfwcfr5cguioijdb25zb2xliiwiyxbwtmftzxnwywnlijoiyyisimxvy2f0aw9uijoizm9yy2u6b2jqzwn0sg9tzurlc2t0b3ailcjzb2jqzwn0vhlwzsi6iknvbw1pdhrlzv9fyyj9fswiz3jvdxbjzci6ikrfrkfvtfqifswic3rhdguiont9fq%3d%3d</small> </font> </div>
<div class="test-event"> <font color="maroon"> <small> &emsp; &emsp;--- 15 Oct 12:14:25 374 - <b>0</b> - Page Load Wait: (Sync) - ICar.support.Utils.waitForPageLoad(Utils.java:109)</small> </font> </div>
<div class="test-event"> <font color="maroon"> <small> &emsp; &emsp;--- 15 Oct 12:14:30 670 - Catched spinner load exception due to Expected condition failed: waiting for ICar.support.WaitUtils$4@3e310ae5 (tried for 5 second(s) with 500 milliseconds interval)</small> </font> </div>
<div class="test-event"> <font color="maroon"> <small> &emsp; &emsp;--- 15 Oct 12:14:30 671 - <b>5</b> - Spinner Load Wait: (Sync) - ICar.support.WaitUtils.waitForSpinner(WaitUtils.java:225)</small> </font> </div>
<div class="test-event"> <font color="maroon"> <small> &emsp; &emsp;--- 15 Oct 12:14:31 353 - Page URL:: https://i-car--staging.sandbox.lightning.force.com/one/one.app#eyjjb21wb25lbnrezwyioijmb3jjzvnlyxjjadpzzwfyy2hqywdlrgvza3rvccisimf0dhjpynv0zxmionsidgvybsi6iji0mtm2odyilcjzy29wzu1hcci6eyj0exblijoive9qx1jfu1vmvfmilcjuyw1lc3bhy2uioiiilcjsywjlbci6ilrvccbszxn1bhrziiwibgfizwxqbhvyywwioijub3agumvzdwx0cyisinjlc3vsdhndbxaioijmb3jjzvnlyxjjadpwcmvkawn0zwrszxn1bhrzin0simnvbnrlehqionsirklmvevsuyi6e30sinnlyxjjafnvdxjjzsi6ikftu0ltvefovf9esufmt0cilcjkaxnhymxlsw50zw50uxvlcnkiomzhbhnllcjkaxnhymxlu3blbgxdb3jyzwn0aw9uijpmywxzzswic2vhcmnorglhbg9nu2vzc2lvbklkijoingq5zmuwymetzjnmzi1jnzqxltcxyjetmjuzmza3owu2mtmyiiwizgvidwdjbmzvijp7imfwce5hbwuioijjq2fyx1nlcnzpy2vfq29uc29szsisimfwcfr5cguioijdb25zb2xliiwiyxbwtmftzxnwywnlijoiyyisimxvy2f0aw9uijoizm9yy2u6b2jqzwn0sg9tzurlc2t0b3ailcjzb2jqzwn0vhlwzsi6iknvbw1pdhrlzv9fyyj9fswiz3jvdxbjzci6ikrfrkfvtfqifswic3rhdguiont9fq%3d%3d</small> </font> </div>
<div class="test-event"> <font color="maroon"> <small> &emsp; &emsp;--- 15 Oct 12:14:31 353 - <b>0</b> - Page Load Wait: (Sync) - ICar.support.Utils.waitForPageLoad(Utils.java:109)</small> </font> </div>
<div class="test-event"> <font color="maroon"> <small> &emsp; &emsp;--- 15 Oct 12:14:32 034 - Page URL:: https://i-car--staging.sandbox.lightning.force.com/one/one.app#eyjjb21wb25lbnrezwyioijmb3jjzvnlyxjjadpzzwfyy2hqywdlrgvza3rvccisimf0dhjpynv0zxmionsidgvybsi6iji0mtm2odyilcjzy29wzu1hcci6eyj0exblijoive9qx1jfu1vmvfmilcjuyw1lc3bhy2uioiiilcjsywjlbci6ilrvccbszxn1bhrziiwibgfizwxqbhvyywwioijub3agumvzdwx0cyisinjlc3vsdhndbxaioijmb3jjzvnlyxjjadpwcmvkawn0zwrszxn1bhrzin0simnvbnrlehqionsirklmvevsuyi6e30sinnlyxjjafnvdxjjzsi6ikftu0ltvefovf9esufmt0cilcjkaxnhymxlsw50zw50uxvlcnkiomzhbhnllcjkaxnhymxlu3blbgxdb3jyzwn0aw9uijpmywxzzswic2vhcmnorglhbg9nu2vzc2lvbklkijoingq5zmuwymetzjnmzi1jnzqxltcxyjetmjuzmza3owu2mtmyiiwizgvidwdjbmzvijp7imfwce5hbwuioijjq2fyx1nlcnzpy2vfq29uc29szsisimfwcfr5cguioijdb25zb2xliiwiyxbwtmftzxnwywnlijoiyyisimxvy2f0aw9uijoizm9yy2u6b2jqzwn0sg9tzurlc2t0b3ailcjzb2jqzwn0vhlwzsi6iknvbw1pdhrlzv9fyyj9fswiz3jvdxbjzci6ikrfrkfvtfqifswic3rhdguiont9fq%3d%3d</small> </font> </div>
<div class="test-event"> <font color="maroon"> <small> &emsp; &emsp;--- 15 Oct 12:14:32 034 - <b>0</b> - Page Load Wait: (Sync) - ICar.support.Utils.waitForPageLoad(Utils.java:109)</small> </font> </div>
<div class="test-event"> <font color="maroon"> <small> &emsp; &emsp;--- 15 Oct 12:14:32 695 - Page URL:: https://i-car--staging.sandbox.lightning.force.com/one/one.app#eyjjb21wb25lbnrezwyioijmb3jjzvnlyxjjadpzzwfyy2hqywdlrgvza3rvccisimf0dhjpynv0zxmionsidgvybsi6iji0mtm2odyilcjzy29wzu1hcci6eyj0exblijoive9qx1jfu1vmvfmilcjuyw1lc3bhy2uioiiilcjsywjlbci6ilrvccbszxn1bhrziiwibgfizwxqbhvyywwioijub3agumvzdwx0cyisinjlc3vsdhndbxaioijmb3jjzvnlyxjjadpwcmvkawn0zwrszxn1bhrzin0simnvbnrlehqionsirklmvevsuyi6e30sinnlyxjjafnvdxjjzsi6ikftu0ltvefovf9esufmt0cilcjkaxnhymxlsw50zw50uxvlcnkiomzhbhnllcjkaxnhymxlu3blbgxdb3jyzwn0aw9uijpmywxzzswic2vhcmnorglhbg9nu2vzc2lvbklkijoingq5zmuwymetzjnmzi1jnzqxltcxyjetmjuzmza3owu2mtmyiiwizgvidwdjbmzvijp7imfwce5hbwuioijjq2fyx1nlcnzpy2vfq29uc29szsisimfwcfr5cguioijdb25zb2xliiwiyxbwtmftzxnwywnlijoiyyisimxvy2f0aw9uijoizm9yy2u6b2jqzwn0sg9tzurlc2t0b3ailcjzb2jqzwn0vhlwzsi6iknvbw1pdhrlzv9fyyj9fswiz3jvdxbjzci6ikrfrkfvtfqifswic3rhdguiont9fq%3d%3d</small> </font> </div>
<div class="test-event"> <font color="maroon"> <small> &emsp; &emsp;--- 15 Oct 12:14:32 695 - <b>0</b> - Page Load Wait: (Sync) - ICar.support.Utils.waitForPageLoad(Utils.java:109)</small> </font> </div>
<div class="test-event"> <font color="maroon"> <small> &emsp; &emsp;--- 15 Oct 12:14:41 209 - Catched spinner load exception due to Expected condition failed: waiting for ICar.support.WaitUtils$4@3e310ae5 (tried for 8 second(s) with 500 milliseconds interval)</small> </font> </div>
<div class="test-event"> <font color="maroon"> <small> &emsp; &emsp;--- 15 Oct 12:14:41 209 - <b>8</b> - Spinner Load Wait: (Sync) - ICar.support.WaitUtils.waitForSpinner(WaitUtils.java:225)</small> </font> </div>
<div class="test-event"> <font color="maroon"> <small> &emsp; &emsp;--- 15 Oct 12:14:41 930 - Page URL:: https://i-car--staging.sandbox.lightning.force.com/one/one.app#eyjjb21wb25lbnrezwyioijmb3jjzvnlyxjjadpzzwfyy2hqywdlrgvza3rvccisimf0dhjpynv0zxmionsidgvybsi6iji0mtm2odyilcjzy29wzu1hcci6eyj0exblijoive9qx1jfu1vmvfmilcjuyw1lc3bhy2uioiiilcjsywjlbci6ilrvccbszxn1bhrziiwibgfizwxqbhvyywwioijub3agumvzdwx0cyisinjlc3vsdhndbxaioijmb3jjzvnlyxjjadpwcmvkawn0zwrszxn1bhrzin0simnvbnrlehqionsirklmvevsuyi6e30sinnlyxjjafnvdxjjzsi6ikftu0ltvefovf9esufmt0cilcjkaxnhymxlsw50zw50uxvlcnkiomzhbhnllcjkaxnhymxlu3blbgxdb3jyzwn0aw9uijpmywxzzswic2vhcmnorglhbg9nu2vzc2lvbklkijoingq5zmuwymetzjnmzi1jnzqxltcxyjetmjuzmza3owu2mtmyiiwizgvidwdjbmzvijp7imfwce5hbwuioijjq2fyx1nlcnzpy2vfq29uc29szsisimfwcfr5cguioijdb25zb2xliiwiyxbwtmftzxnwywnlijoiyyisimxvy2f0aw9uijoizm9yy2u6b2jqzwn0sg9tzurlc2t0b3ailcjzb2jqzwn0vhlwzsi6iknvbw1pdhrlzv9fyyj9fswiz3jvdxbjzci6ikrfrkfvtfqifswic3rhdguiont9fq%3d%3d</small> </font> </div>
<div class="test-event"> <font color="maroon"> <small> &emsp; &emsp;--- 15 Oct 12:14:41 930 - <b>0</b> - Page Load Wait: (Sync) - ICar.support.Utils.waitForPageLoad(Utils.java:109)</small> </font> </div>
<div class="test-event"> <font color="maroon"> <small> &emsp; &emsp;--- 15 Oct 12:14:44 068 - Element is displayed:: [[ChromeDriver: chrome on WINDOWS (3159bbed5dee40441d314aed005e1fdc)] -> xpath: //div[contains(@class,'forceSearchResultsRegion')]//div[contains(@class,'resultsMultiWrapper')]/div/div[1]//following::h2//a]</small> </font> </div>
<div class="test-event"> <font color="maroon"> <small> &emsp; &emsp;--- 15 Oct 12:14:44 260 - Element is displayed:: [[ChromeDriver: chrome on WINDOWS (3159bbed5dee40441d314aed005e1fdc)] -> xpath: //a[text()='Contacts']]</small> </font> </div>
<div class="test-event"> <font color="maroon"> <small> &emsp; &emsp;--- 15 Oct 12:14:48 545 - Element is displayed:: [[ChromeDriver: chrome on WINDOWS (3159bbed5dee40441d314aed005e1fdc)] -> xpath: //div[text()='Contacts']//following :: table//tbody//th//span /a]</small> </font> </div>
<div class="test-message">&emsp;4.Enter ICAR ID  2413686</div>
<div class="test-event"> <font color="maroon"> <small> &emsp; &emsp;--- 15 Oct 12:15:03 964 - Catched spinner load exception due to Expected condition failed: waiting for ICar.support.WaitUtils$4@3e310ae5 (tried for 15 second(s) with 500 milliseconds interval)</small> </font> </div>
<div class="test-event"> <font color="maroon"> <small> &emsp; &emsp;--- 15 Oct 12:15:03 964 - <b>15</b> - Spinner Load Wait: (Sync) - ICar.support.WaitUtils.waitForSpinner(WaitUtils.java:225)</small> </font> </div>
<div class="test-event"> <font color="maroon"> <small> &emsp; &emsp;--- 15 Oct 12:15:04 586 - Page URL:: https://i-car--staging.sandbox.lightning.force.com/lightning/r/contact/0031i00000oerqyqaq/view</small> </font> </div>
<div class="test-event"> <font color="maroon"> <small> &emsp; &emsp;--- 15 Oct 12:15:04 586 - <b>0</b> - Page Load Wait: (Sync) - ICar.support.Utils.waitForPageLoad(Utils.java:109)</small> </font> </div>
<div class="test-event"> <font color="maroon"> <small> &emsp; &emsp;--- 15 Oct 12:15:19 940 - Catched spinner load exception due to Expected condition failed: waiting for ICar.support.WaitUtils$4@3e310ae5 (tried for 15 second(s) with 500 milliseconds interval)</small> </font> </div>
<div class="test-event"> <font color="maroon"> <small> &emsp; &emsp;--- 15 Oct 12:15:19 940 - <b>15</b> - Spinner Load Wait: (Sync) - ICar.support.WaitUtils.waitForSpinner(WaitUtils.java:225)</small> </font> </div>
<div class="test-event"> <font color="maroon"> <small> &emsp; &emsp;--- 15 Oct 12:15:20 136 - Element is displayed:: [[ChromeDriver: chrome on WINDOWS (3159bbed5dee40441d314aed005e1fdc)] -> xpath: //button[text()='Access Shopping Cart - New']]</small> </font> </div>
<div class="test-event"> <font color="maroon"> <small> &emsp; &emsp;--- 15 Oct 12:15:22 242 - Element is displayed:: [[ChromeDriver: chrome on WINDOWS (3159bbed5dee40441d314aed005e1fdc)] -> xpath: //button[text()='Access Shopping Cart - New']]</small> </font> </div>
<div class="test-event"> <font color="maroon"> <small> &emsp; &emsp;--- 15 Oct 12:15:31 054 - Page URL:: https://i-car--staging.sandbox.lightning.force.com/lightning/r/contact/0031i00000oerqyqaq/view</small> </font> </div>
<div class="test-event"> <font color="maroon"> <small> &emsp; &emsp;--- 15 Oct 12:15:31 054 - <b>0</b> - Page Load Wait: (Sync) - ICar.support.Utils.waitForPageLoad(Utils.java:109)</small> </font> </div>
<div class="test-event"> <font color="maroon"> <small> &emsp; &emsp;--- 15 Oct 12:15:55 470 - Catched spinner load exception due to Expected condition failed: waiting for ICar.support.WaitUtils$4@3e310ae5 (tried for 10 second(s) with 500 milliseconds interval)</small> </font> </div>
<div class="test-event"> <font color="maroon"> <small> &emsp; &emsp;--- 15 Oct 12:15:55 470 - <b>10</b> - Spinner Load Wait: (Sync) - ICar.support.WaitUtils.waitForSpinner(WaitUtils.java:225)</small> </font> </div>
<div class="test-event"> <font color="maroon"> <small> &emsp; &emsp;--- 15 Oct 12:15:55 546 - Element is displayed:: [[ChromeDriver: chrome on WINDOWS (3159bbed5dee40441d314aed005e1fdc)] -> xpath: //button[@value='Launch My Learning']]</small> </font> </div>
<div class="test-message">&emsp;5. Clicked the 'Access Shoping cart'  & Navigated to the user home page.</div>
<div class="test-message">&emsp;Successfully verified-Access committee portal link not displayed on portal</div>
<div class="test-result"><br><font color="green"><strong> Test Passed. </strong></font> </div>&emsp;
&emsp;<div class="test-title"> <strong><font size = "3" color = "#0000FF">---Test Execution Ends---</font> </strong> </div>&emsp;]]>
    </system-out>
  </testcase> <!-- B2B1002_TC04 -->
  <testcase classname="CommitteeTestscripts.CommitteeTestscripts" name="B2B1054_TC01" time="332.135">
    <system-out>
      <![CDATA[<div class="test-event"> <font color="maroon"> <small> &emsp; &emsp;--- 15 Oct 12:16:01 071 - TestCaseID:: B2B1054_TC01</small> </font> </div>
<div class="test-event"> <font color="maroon"> <small> &emsp; &emsp;--- 15 Oct 12:16:02 296 - <b>1</b> - Driver::initialize::Get - ICar.support.WebDriverFactory.getDriver(WebDriverFactory.java:640)</small> </font> </div>
&emsp;<div class="test-title"> <strong><font size = "3" color = "#000080">Verify the “Navigation panel” is displayed in the bottom of the main committee page</font> </strong> </div>&emsp;<div><strong>Steps:</strong></div><!-- Report -->&emsp;
<div class="test-event"> <font color="maroon"> <small> &emsp; &emsp;--- 15 Oct 12:16:11 191 - Page URL:: https://i-car--staging.sandbox.my.salesforce.com/</small> </font> </div>
<div class="test-event"> <font color="maroon"> <small> &emsp; &emsp;--- 15 Oct 12:16:11 191 - <b>0</b> - Page Load Wait: (Sync) - ICar.support.Utils.waitForPageLoad(Utils.java:109)</small> </font> </div>
<div class="test-event"> <font color="maroon"> <small> &emsp; &emsp;--- 15 Oct 12:16:24 777 - Page URL:: https://i-car--staging.sandbox.my.salesforce.com/</small> </font> </div>
<div class="test-event"> <font color="maroon"> <small> &emsp; &emsp;--- 15 Oct 12:16:24 777 - <b>0</b> - Page Load Wait: (Sync) - ICar.support.Utils.waitForPageLoad(Utils.java:109)</small> </font> </div>
<div class="test-message">&emsp;Successfully navigated to 'Login' Page&emsp;<a href=".\ScreenShot\B2B1054_TC01_1256779856206900.png" target="_blank" >[ScreenShot]</a></div>
<div class="test-message">&emsp;1. Login page is launched.</div>
<div class="test-event"> <font color="maroon"> <small> &emsp; &emsp;--- 15 Oct 12:16:25 147 - Element is displayed:: [[ChromeDriver: chrome on WINDOWS (91de8402f6de9bfd8ddcd2280d5ae71a)] -> id: username]</small> </font> </div>
<div class="test-event"> <font color="maroon"> <small> &emsp; &emsp;--- 15 Oct 12:16:25 222 - Element is displayed:: [[ChromeDriver: chrome on WINDOWS (91de8402f6de9bfd8ddcd2280d5ae71a)] -> id: username]</small> </font> </div>
<div class="test-event"> <font color="maroon"> <small> &emsp; &emsp;--- 15 Oct 12:16:25 495 - Element is displayed:: [[ChromeDriver: chrome on WINDOWS (91de8402f6de9bfd8ddcd2280d5ae71a)] -> id: password]</small> </font> </div>
<div class="test-event"> <font color="maroon"> <small> &emsp; &emsp;--- 15 Oct 12:16:25 694 - Element is displayed:: [[ChromeDriver: chrome on WINDOWS (91de8402f6de9bfd8ddcd2280d5ae71a)] -> id: Login]</small> </font> </div>
<div class="test-event"> <font color="maroon"> <small> &emsp; &emsp;--- 15 Oct 12:16:56 376 - Catched spinner load exception due to Expected condition failed: waiting for ICar.support.WaitUtils$4@3e310ae5 (tried for 13 second(s) with 500 milliseconds interval)</small> </font> </div>
<div class="test-event"> <font color="maroon"> <small> &emsp; &emsp;--- 15 Oct 12:16:56 376 - <b>13</b> - Spinner Load Wait: (Sync) - ICar.support.WaitUtils.waitForSpinner(WaitUtils.java:225)</small> </font> </div>
<div class="test-event"> <font color="maroon"> <small> &emsp; &emsp;--- 15 Oct 12:17:15 240 - Catched spinner load exception due to Expected condition failed: waiting for ICar.support.WaitUtils$4@3e310ae5 (tried for 6 second(s) with 500 milliseconds interval)</small> </font> </div>
<div class="test-event"> <font color="maroon"> <small> &emsp; &emsp;--- 15 Oct 12:17:15 240 - <b>6</b> - Spinner Load Wait: (Sync) - ICar.support.WaitUtils.waitForSpinner(WaitUtils.java:225)</small> </font> </div>
<div class="test-event"> <font color="maroon"> <small> &emsp; &emsp;--- 15 Oct 12:17:15 323 - Element is displayed:: [[ChromeDriver: chrome on WINDOWS (91de8402f6de9bfd8ddcd2280d5ae71a)] -> css selector: button[class*='search-button']]</small> </font> </div>
<div class="test-message">&emsp;2. Navigate to 'SalesForce Page'</div>
<div class="test-event"> <font color="maroon"> <small> &emsp; &emsp;--- 15 Oct 12:17:15 762 - Page URL:: https://i-car--staging.sandbox.lightning.force.com/lightning/r/contact/0031i00000oerqyqaq/view</small> </font> </div>
<div class="test-event"> <font color="maroon"> <small> &emsp; &emsp;--- 15 Oct 12:17:15 762 - <b>0</b> - Page Load Wait: (Sync) - ICar.support.Utils.waitForPageLoad(Utils.java:109)</small> </font> </div>
<div class="test-event"> <font color="maroon"> <small> &emsp; &emsp;--- 15 Oct 12:17:21 373 - Page URL:: https://i-car--staging.sandbox.lightning.force.com/lightning/r/contact/0031i00000oerqyqaq/view</small> </font> </div>
<div class="test-event"> <font color="maroon"> <small> &emsp; &emsp;--- 15 Oct 12:17:21 373 - <b>0</b> - Page Load Wait: (Sync) - ICar.support.Utils.waitForPageLoad(Utils.java:109)</small> </font> </div>
<div class="test-message">&emsp;Close the tab</div>
<div class="test-message">&emsp;Successfully navigated to 'Login' Page&emsp;<a href=".\ScreenShot\B2B1054_TC01_1256841753586400.png" target="_blank" >[ScreenShot]</a></div>
<div class="test-event"> <font color="maroon"> <small> &emsp; &emsp;--- 15 Oct 12:17:32 181 - Catched spinner load exception due to Expected condition failed: waiting for ICar.support.WaitUtils$4@3e310ae5 (tried for 5 second(s) with 500 milliseconds interval)</small> </font> </div>
<div class="test-event"> <font color="maroon"> <small> &emsp; &emsp;--- 15 Oct 12:17:32 181 - <b>5</b> - Spinner Load Wait: (Sync) - ICar.support.WaitUtils.waitForSpinner(WaitUtils.java:225)</small> </font> </div>
<div class="test-event"> <font color="maroon"> <small> &emsp; &emsp;--- 15 Oct 12:17:32 351 - Page URL:: https://i-car--staging.sandbox.lightning.force.com/lightning/o/committee__c/list?filtername=__recent</small> </font> </div>
<div class="test-event"> <font color="maroon"> <small> &emsp; &emsp;--- 15 Oct 12:17:32 351 - <b>0</b> - Page Load Wait: (Sync) - ICar.support.Utils.waitForPageLoad(Utils.java:109)</small> </font> </div>
<div class="test-event"> <font color="maroon"> <small> &emsp; &emsp;--- 15 Oct 12:17:32 429 - Element is displayed:: [[ChromeDriver: chrome on WINDOWS (91de8402f6de9bfd8ddcd2280d5ae71a)] -> xpath: //div[contains(@class,'appLauncher ')]//button]</small> </font> </div>
<div class="test-event"> <font color="maroon"> <small> &emsp; &emsp;--- 15 Oct 12:17:32 518 - Element is displayed:: [[ChromeDriver: chrome on WINDOWS (91de8402f6de9bfd8ddcd2280d5ae71a)] -> xpath: //div[contains(@class,'appLauncher ')]//button]</small> </font> </div>
<div class="test-event"> <font color="maroon"> <small> &emsp; &emsp;--- 15 Oct 12:17:34 270 - Element is displayed:: [[ChromeDriver: chrome on WINDOWS (91de8402f6de9bfd8ddcd2280d5ae71a)] -> xpath: //input[@placeholder='Search apps and items...']]</small> </font> </div>
<div class="test-event"> <font color="maroon"> <small> &emsp; &emsp;--- 15 Oct 12:17:34 328 - Element is displayed:: [[ChromeDriver: chrome on WINDOWS (91de8402f6de9bfd8ddcd2280d5ae71a)] -> xpath: //input[@placeholder='Search apps and items...']]</small> </font> </div>
<div class="test-event"> <font color="maroon"> <small> &emsp; &emsp;--- 15 Oct 12:17:37 617 - Element is displayed:: [[ChromeDriver: chrome on WINDOWS (91de8402f6de9bfd8ddcd2280d5ae71a)] -> xpath: //lightning-formatted-rich-text/span/p/b[text()='Committees']]</small> </font> </div>
<div class="test-event"> <font color="maroon"> <small> &emsp; &emsp;--- 15 Oct 12:17:40 660 - Element is displayed:: [[ChromeDriver: chrome on WINDOWS (91de8402f6de9bfd8ddcd2280d5ae71a)] -> xpath: //lightning-formatted-rich-text/span/p/b[text()='Committees']]</small> </font> </div>
<div class="test-event"> <font color="maroon"> <small> &emsp; &emsp;--- 15 Oct 12:17:40 996 - Page URL:: https://i-car--staging.sandbox.lightning.force.com/lightning/o/committee__c/home</small> </font> </div>
<div class="test-event"> <font color="maroon"> <small> &emsp; &emsp;--- 15 Oct 12:17:40 996 - <b>0</b> - Page Load Wait: (Sync) - ICar.support.Utils.waitForPageLoad(Utils.java:109)</small> </font> </div>
<div class="test-event"> <font color="maroon"> <small> &emsp; &emsp;--- 15 Oct 12:17:46 197 - Catched spinner load exception due to Expected condition failed: waiting for ICar.support.WaitUtils$4@3e310ae5 (tried for 5 second(s) with 500 milliseconds interval)</small> </font> </div>
<div class="test-event"> <font color="maroon"> <small> &emsp; &emsp;--- 15 Oct 12:17:46 197 - <b>5</b> - Spinner Load Wait: (Sync) - ICar.support.WaitUtils.waitForSpinner(WaitUtils.java:225)</small> </font> </div>
<div class="test-event"> <font color="maroon"> <small> &emsp; &emsp;--- 15 Oct 12:17:46 416 - Page URL:: https://i-car--staging.sandbox.lightning.force.com/lightning/o/committee__c/list?filtername=__recent</small> </font> </div>
<div class="test-event"> <font color="maroon"> <small> &emsp; &emsp;--- 15 Oct 12:17:46 416 - <b>0</b> - Page Load Wait: (Sync) - ICar.support.Utils.waitForPageLoad(Utils.java:109)</small> </font> </div>
<div class="test-event"> <font color="maroon"> <small> &emsp; &emsp;--- 15 Oct 12:17:46 473 - Element is displayed:: [[ChromeDriver: chrome on WINDOWS (91de8402f6de9bfd8ddcd2280d5ae71a)] -> xpath: //div[contains(@class,'appLauncher ')]//button]</small> </font> </div>
<div class="test-event"> <font color="maroon"> <small> &emsp; &emsp;--- 15 Oct 12:17:46 525 - Element is displayed:: [[ChromeDriver: chrome on WINDOWS (91de8402f6de9bfd8ddcd2280d5ae71a)] -> xpath: //div[contains(@class,'appLauncher ')]//button]</small> </font> </div>
<div class="test-event"> <font color="maroon"> <small> &emsp; &emsp;--- 15 Oct 12:17:47 244 - Element is displayed:: [[ChromeDriver: chrome on WINDOWS (91de8402f6de9bfd8ddcd2280d5ae71a)] -> xpath: //input[@placeholder='Search apps and items...']]</small> </font> </div>
<div class="test-event"> <font color="maroon"> <small> &emsp; &emsp;--- 15 Oct 12:17:47 309 - Element is displayed:: [[ChromeDriver: chrome on WINDOWS (91de8402f6de9bfd8ddcd2280d5ae71a)] -> xpath: //input[@placeholder='Search apps and items...']]</small> </font> </div>
<div class="test-event"> <font color="maroon"> <small> &emsp; &emsp;--- 15 Oct 12:17:50 739 - Element is displayed:: [[ChromeDriver: chrome on WINDOWS (91de8402f6de9bfd8ddcd2280d5ae71a)] -> xpath: //lightning-formatted-rich-text/span/p/b[text()='Committee Members']]</small> </font> </div>
<div class="test-event"> <font color="maroon"> <small> &emsp; &emsp;--- 15 Oct 12:17:53 774 - Element is displayed:: [[ChromeDriver: chrome on WINDOWS (91de8402f6de9bfd8ddcd2280d5ae71a)] -> xpath: //lightning-formatted-rich-text/span/p/b[text()='Committee Members']]</small> </font> </div>
<div class="test-event"> <font color="maroon"> <small> &emsp; &emsp;--- 15 Oct 12:17:54 248 - Page URL:: https://i-car--staging.sandbox.lightning.force.com/lightning/o/committee_member__c/home</small> </font> </div>
<div class="test-event"> <font color="maroon"> <small> &emsp; &emsp;--- 15 Oct 12:17:54 248 - <b>0</b> - Page Load Wait: (Sync) - ICar.support.Utils.waitForPageLoad(Utils.java:109)</small> </font> </div>
<div class="test-message">&emsp;3. Enter the AccountName as : Alessandra Acosta:540-0799 El Paso, TX</div>
<div class="test-event"> <font color="maroon"> <small> &emsp; &emsp;--- 15 Oct 12:17:54 464 - Page URL:: https://i-car--staging.sandbox.lightning.force.com/lightning/o/committee_member__c/home</small> </font> </div>
<div class="test-event"> <font color="maroon"> <small> &emsp; &emsp;--- 15 Oct 12:17:54 464 - <b>0</b> - Page Load Wait: (Sync) - ICar.support.Utils.waitForPageLoad(Utils.java:109)</small> </font> </div>
<div class="test-event"> <font color="maroon"> <small> &emsp; &emsp;--- 15 Oct 12:17:54 588 - Element is displayed:: [[ChromeDriver: chrome on WINDOWS (91de8402f6de9bfd8ddcd2280d5ae71a)] -> css selector: button[class*='search-button']]</small> </font> </div>
<div class="test-event"> <font color="maroon"> <small> &emsp; &emsp;--- 15 Oct 12:17:56 714 - Catched spinner load exception due to Expected condition failed: waiting for ICar.support.WaitUtils$4@3e310ae5 (tried for 2 second(s) with 500 milliseconds interval)</small> </font> </div>
<div class="test-event"> <font color="maroon"> <small> &emsp; &emsp;--- 15 Oct 12:17:56 714 - <b>2</b> - Spinner Load Wait: (Sync) - ICar.support.WaitUtils.waitForSpinner(WaitUtils.java:225)</small> </font> </div>
<div class="test-event"> <font color="maroon"> <small> &emsp; &emsp;--- 15 Oct 12:17:59 821 - Element is displayed:: [[ChromeDriver: chrome on WINDOWS (91de8402f6de9bfd8ddcd2280d5ae71a)] -> css selector: button[class*='search-button']]</small> </font> </div>
<div class="test-event"> <font color="maroon"> <small> &emsp; &emsp;--- 15 Oct 12:18:00 356 - Page URL:: https://i-car--staging.sandbox.lightning.force.com/lightning/o/committee_member__c/home</small> </font> </div>
<div class="test-event"> <font color="maroon"> <small> &emsp; &emsp;--- 15 Oct 12:18:00 357 - <b>0</b> - Page Load Wait: (Sync) - ICar.support.Utils.waitForPageLoad(Utils.java:109)</small> </font> </div>
<div class="test-event"> <font color="maroon"> <small> &emsp; &emsp;--- 15 Oct 12:18:17 331 - Catched spinner load exception due to Expected condition failed: waiting for ICar.support.WaitUtils$4@3e310ae5 (tried for 10 second(s) with 500 milliseconds interval)</small> </font> </div>
<div class="test-event"> <font color="maroon"> <small> &emsp; &emsp;--- 15 Oct 12:18:17 332 - <b>10</b> - Spinner Load Wait: (Sync) - ICar.support.WaitUtils.waitForSpinner(WaitUtils.java:225)</small> </font> </div>
<div class="test-event"> <font color="maroon"> <small> &emsp; &emsp;--- 15 Oct 12:18:17 657 - Page URL:: https://i-car--staging.sandbox.lightning.force.com/one/one.app#eyjjb21wb25lbnrezwyioijmb3jjzvnlyxjjadpzzwfyy2hqywdlrgvza3rvccisimf0dhjpynv0zxmionsidgvybsi6ikfszxnzyw5kcmegqwnvc3rhoju0mc0wnzk5ievsifbhc28sifryiiwic2nvcgvnyxaionsidhlwzsi6ilrpuf9srvnvtfrtiiwibmftzxnwywnlijoiiiwibgfizwwioijub3agumvzdwx0cyisimxhymvsugx1cmfsijoivg9wifjlc3vsdhmilcjyzxn1bhrzq21wijoizm9yy2vtzwfyy2g6chjlzgljdgvkumvzdwx0cyj9lcjjb250zxh0ijp7ikzjtfrfulmiont9lcjzzwfyy2htb3vyy2uioijbu1nju1rbtlrfrelbte9hiiwizglzywjszuludgvudff1zxj5ijpmywxzzswizglzywjszvnwzwxsq29ycmvjdglvbii6zmfsc2usinnlyxjjaerpywxvz1nlc3npb25jzci6ijk0zmfhytdjltbmmtatyzvlnc1jnwflltm5othlnmuxmdg2ocisimrlynvnsw5mbyi6eyjhchboyw1lijoisunhcl9tzxj2awnlx0nvbnnvbguilcjhchbuexblijoiq29uc29szsisimfwce5hbwvzcgfjzsi6immilcjsb2nhdglvbii6imzvcmnlom9iamvjdehvbwvezxnrdg9wiiwic29iamvjdfr5cguioijdb21taxr0zwvftwvtymvyx19jin19lcjncm91celkijoirevgqvvmvcj9lcjzdgf0zsi6e319</small> </font> </div>
<div class="test-event"> <font color="maroon"> <small> &emsp; &emsp;--- 15 Oct 12:18:17 657 - <b>0</b> - Page Load Wait: (Sync) - ICar.support.Utils.waitForPageLoad(Utils.java:109)</small> </font> </div>
<div class="test-event"> <font color="maroon"> <small> &emsp; &emsp;--- 15 Oct 12:18:17 976 - Page URL:: https://i-car--staging.sandbox.lightning.force.com/one/one.app#eyjjb21wb25lbnrezwyioijmb3jjzvnlyxjjadpzzwfyy2hqywdlrgvza3rvccisimf0dhjpynv0zxmionsidgvybsi6ikfszxnzyw5kcmegqwnvc3rhoju0mc0wnzk5ievsifbhc28sifryiiwic2nvcgvnyxaionsidhlwzsi6ilrpuf9srvnvtfrtiiwibmftzxnwywnlijoiiiwibgfizwwioijub3agumvzdwx0cyisimxhymvsugx1cmfsijoivg9wifjlc3vsdhmilcjyzxn1bhrzq21wijoizm9yy2vtzwfyy2g6chjlzgljdgvkumvzdwx0cyj9lcjjb250zxh0ijp7ikzjtfrfulmiont9lcjzzwfyy2htb3vyy2uioijbu1nju1rbtlrfrelbte9hiiwizglzywjszuludgvudff1zxj5ijpmywxzzswizglzywjszvnwzwxsq29ycmvjdglvbii6zmfsc2usinnlyxjjaerpywxvz1nlc3npb25jzci6ijk0zmfhytdjltbmmtatyzvlnc1jnwflltm5othlnmuxmdg2ocisimrlynvnsw5mbyi6eyjhchboyw1lijoisunhcl9tzxj2awnlx0nvbnnvbguilcjhchbuexblijoiq29uc29szsisimfwce5hbwvzcgfjzsi6immilcjsb2nhdglvbii6imzvcmnlom9iamvjdehvbwvezxnrdg9wiiwic29iamvjdfr5cguioijdb21taxr0zwvftwvtymvyx19jin19lcjncm91celkijoirevgqvvmvcj9lcjzdgf0zsi6e319</small> </font> </div>
<div class="test-event"> <font color="maroon"> <small> &emsp; &emsp;--- 15 Oct 12:18:17 976 - <b>0</b> - Page Load Wait: (Sync) - ICar.support.Utils.waitForPageLoad(Utils.java:109)</small> </font> </div>
<div class="test-event"> <font color="maroon"> <small> &emsp; &emsp;--- 15 Oct 12:18:28 021 - Catched spinner load exception due to Expected condition failed: waiting for ICar.support.WaitUtils$4@3e310ae5 (tried for 10 second(s) with 500 milliseconds interval)</small> </font> </div>
<div class="test-event"> <font color="maroon"> <small> &emsp; &emsp;--- 15 Oct 12:18:28 021 - <b>10</b> - Spinner Load Wait: (Sync) - ICar.support.WaitUtils.waitForSpinner(WaitUtils.java:225)</small> </font> </div>
<div class="test-event"> <font color="maroon"> <small> &emsp; &emsp;--- 15 Oct 12:18:28 063 - Element is displayed:: [[ChromeDriver: chrome on WINDOWS (91de8402f6de9bfd8ddcd2280d5ae71a)] -> css selector: div.forceSearchResultsRegion div.resultsMultiWrapper >div > div table tbody th a]</small> </font> </div>
<div class="test-event"> <font color="maroon"> <small> &emsp; &emsp;--- 15 Oct 12:18:28 158 - Element is displayed:: [[ChromeDriver: chrome on WINDOWS (91de8402f6de9bfd8ddcd2280d5ae71a)] -> css selector: div.forceSearchResultsRegion div.resultsMultiWrapper >div > div table tbody th a]</small> </font> </div>
<div class="test-event"> <font color="maroon"> <small> &emsp; &emsp;--- 15 Oct 12:18:28 633 - Page URL:: https://i-car--staging.sandbox.lightning.force.com/one/one.app#eyjjb21wb25lbnrezwyioijmb3jjzvnlyxjjadpzzwfyy2hqywdlrgvza3rvccisimf0dhjpynv0zxmionsidgvybsi6ikfszxnzyw5kcmegqwnvc3rhoju0mc0wnzk5ievsifbhc28sifryiiwic2nvcgvnyxaionsidhlwzsi6ilrpuf9srvnvtfrtiiwibmftzxnwywnlijoiiiwibgfizwwioijub3agumvzdwx0cyisimxhymvsugx1cmfsijoivg9wifjlc3vsdhmilcjyzxn1bhrzq21wijoizm9yy2vtzwfyy2g6chjlzgljdgvkumvzdwx0cyj9lcjjb250zxh0ijp7ikzjtfrfulmiont9lcjzzwfyy2htb3vyy2uioijbu1nju1rbtlrfrelbte9hiiwizglzywjszuludgvudff1zxj5ijpmywxzzswizglzywjszvnwzwxsq29ycmvjdglvbii6zmfsc2usinnlyxjjaerpywxvz1nlc3npb25jzci6ijk0zmfhytdjltbmmtatyzvlnc1jnwflltm5othlnmuxmdg2ocisimrlynvnsw5mbyi6eyjhchboyw1lijoisunhcl9tzxj2awnlx0nvbnnvbguilcjhchbuexblijoiq29uc29szsisimfwce5hbwvzcgfjzsi6immilcjsb2nhdglvbii6imzvcmnlom9iamvjdehvbwvezxnrdg9wiiwic29iamvjdfr5cguioijdb21taxr0zwvftwvtymvyx19jin19lcjncm91celkijoirevgqvvmvcj9lcjzdgf0zsi6e319</small> </font> </div>
<div class="test-event"> <font color="maroon"> <small> &emsp; &emsp;--- 15 Oct 12:18:28 633 - <b>0</b> - Page Load Wait: (Sync) - ICar.support.Utils.waitForPageLoad(Utils.java:109)</small> </font> </div>
<div class="test-message">&emsp;Role displayed Committee Officer</div>
<div class="test-message">&emsp;Successfully verified - Contact name Alessandra Veronica Acosta whose role displayed as Committee Officer</div>
<div class="test-event"> <font color="maroon"> <small> &emsp; &emsp;--- 15 Oct 12:18:33 941 - Page URL:: https://i-car--staging.sandbox.lightning.force.com/lightning/r/committee_member__c/a371i000000ir8rqaa/view</small> </font> </div>
<div class="test-event"> <font color="maroon"> <small> &emsp; &emsp;--- 15 Oct 12:18:33 941 - <b>0</b> - Page Load Wait: (Sync) - ICar.support.Utils.waitForPageLoad(Utils.java:109)</small> </font> </div>
<div class="test-event"> <font color="maroon"> <small> &emsp; &emsp;--- 15 Oct 12:18:39 252 - Page URL:: https://i-car--staging.sandbox.lightning.force.com/lightning/r/committee_member__c/a371i000000ir8rqaa/view</small> </font> </div>
<div class="test-event"> <font color="maroon"> <small> &emsp; &emsp;--- 15 Oct 12:18:39 252 - <b>0</b> - Page Load Wait: (Sync) - ICar.support.Utils.waitForPageLoad(Utils.java:109)</small> </font> </div>
<div class="test-event"> <font color="maroon"> <small> &emsp; &emsp;--- 15 Oct 12:18:43 663 - Page URL:: https://i-car--staging.sandbox.lightning.force.com/lightning/r/committee_member__c/a371i000000ir8rqaa/view</small> </font> </div>
<div class="test-event"> <font color="maroon"> <small> &emsp; &emsp;--- 15 Oct 12:18:43 664 - <b>0</b> - Page Load Wait: (Sync) - ICar.support.Utils.waitForPageLoad(Utils.java:109)</small> </font> </div>
<div class="test-event"> <font color="maroon"> <small> &emsp; &emsp;--- 15 Oct 12:18:43 730 - Element is displayed:: [[ChromeDriver: chrome on WINDOWS (91de8402f6de9bfd8ddcd2280d5ae71a)] -> css selector: button[class*='search-button']]</small> </font> </div>
<div class="test-event"> <font color="maroon"> <small> &emsp; &emsp;--- 15 Oct 12:18:45 761 - Catched spinner load exception due to Expected condition failed: waiting for ICar.support.WaitUtils$4@3e310ae5 (tried for 2 second(s) with 500 milliseconds interval)</small> </font> </div>
<div class="test-event"> <font color="maroon"> <small> &emsp; &emsp;--- 15 Oct 12:18:45 761 - <b>2</b> - Spinner Load Wait: (Sync) - ICar.support.WaitUtils.waitForSpinner(WaitUtils.java:225)</small> </font> </div>
<div class="test-event"> <font color="maroon"> <small> &emsp; &emsp;--- 15 Oct 12:18:48 833 - Element is displayed:: [[ChromeDriver: chrome on WINDOWS (91de8402f6de9bfd8ddcd2280d5ae71a)] -> css selector: button[class*='search-button']]</small> </font> </div>
<div class="test-event"> <font color="maroon"> <small> &emsp; &emsp;--- 15 Oct 12:18:49 607 - Page URL:: https://i-car--staging.sandbox.lightning.force.com/lightning/o/committee__c/list?filtername=__recent</small> </font> </div>
<div class="test-event"> <font color="maroon"> <small> &emsp; &emsp;--- 15 Oct 12:18:49 607 - <b>0</b> - Page Load Wait: (Sync) - ICar.support.Utils.waitForPageLoad(Utils.java:109)</small> </font> </div>
<div class="test-event"> <font color="maroon"> <small> &emsp; &emsp;--- 15 Oct 12:19:09 131 - Catched spinner load exception due to Expected condition failed: waiting for ICar.support.WaitUtils$4@3e310ae5 (tried for 10 second(s) with 500 milliseconds interval)</small> </font> </div>
<div class="test-event"> <font color="maroon"> <small> &emsp; &emsp;--- 15 Oct 12:19:09 131 - <b>10</b> - Spinner Load Wait: (Sync) - ICar.support.WaitUtils.waitForSpinner(WaitUtils.java:225)</small> </font> </div>
<div class="test-event"> <font color="maroon"> <small> &emsp; &emsp;--- 15 Oct 12:19:10 002 - Page URL:: https://i-car--staging.sandbox.lightning.force.com/one/one.app#eyjjb21wb25lbnrezwyioijmb3jjzvnlyxjjadpzzwfyy2hqywdlrgvza3rvccisimf0dhjpynv0zxmionsidgvybsi6iji2mtqzmdgilcjzy29wzu1hcci6eyj0exblijoive9qx1jfu1vmvfmilcjuyw1lc3bhy2uioiiilcjsywjlbci6ilrvccbszxn1bhrziiwibgfizwxqbhvyywwioijub3agumvzdwx0cyisinjlc3vsdhndbxaioijmb3jjzvnlyxjjadpwcmvkawn0zwrszxn1bhrzin0simnvbnrlehqionsirklmvevsuyi6e30sinnlyxjjafnvdxjjzsi6ikftu0ltvefovf9esufmt0cilcjkaxnhymxlsw50zw50uxvlcnkiomzhbhnllcjkaxnhymxlu3blbgxdb3jyzwn0aw9uijpmywxzzswic2vhcmnorglhbg9nu2vzc2lvbklkijoiytk0zjdimzctmgm2ni03ywfjlta4ogity2nkyme1mzjjmji2iiwizgvidwdjbmzvijp7imfwce5hbwuioijjq2fyx1nlcnzpy2vfq29uc29szsisimfwcfr5cguioijdb25zb2xliiwiyxbwtmftzxnwywnlijoiyyisimxvy2f0aw9uijoizm9yy2u6b2jqzwn0sg9tzurlc2t0b3ailcjzb2jqzwn0vhlwzsi6iknvbw1pdhrlzv9fyyj9fswiz3jvdxbjzci6ikrfrkfvtfqifswic3rhdguiont9fq%3d%3d</small> </font> </div>
<div class="test-event"> <font color="maroon"> <small> &emsp; &emsp;--- 15 Oct 12:19:10 002 - <b>0</b> - Page Load Wait: (Sync) - ICar.support.Utils.waitForPageLoad(Utils.java:109)</small> </font> </div>
<div class="test-event"> <font color="maroon"> <small> &emsp; &emsp;--- 15 Oct 12:19:21 044 - Catched spinner load exception due to Expected condition failed: waiting for ICar.support.WaitUtils$4@3e310ae5 (tried for 11 second(s) with 500 milliseconds interval)</small> </font> </div>
<div class="test-event"> <font color="maroon"> <small> &emsp; &emsp;--- 15 Oct 12:19:21 044 - <b>11</b> - Spinner Load Wait: (Sync) - ICar.support.WaitUtils.waitForSpinner(WaitUtils.java:225)</small> </font> </div>
<div class="test-event"> <font color="maroon"> <small> &emsp; &emsp;--- 15 Oct 12:19:21 935 - Page URL:: https://i-car--staging.sandbox.lightning.force.com/one/one.app#eyjjb21wb25lbnrezwyioijmb3jjzvnlyxjjadpzzwfyy2hqywdlrgvza3rvccisimf0dhjpynv0zxmionsidgvybsi6iji2mtqzmdgilcjzy29wzu1hcci6eyj0exblijoive9qx1jfu1vmvfmilcjuyw1lc3bhy2uioiiilcjsywjlbci6ilrvccbszxn1bhrziiwibgfizwxqbhvyywwioijub3agumvzdwx0cyisinjlc3vsdhndbxaioijmb3jjzvnlyxjjadpwcmvkawn0zwrszxn1bhrzin0simnvbnrlehqionsirklmvevsuyi6e30sinnlyxjjafnvdxjjzsi6ikftu0ltvefovf9esufmt0cilcjkaxnhymxlsw50zw50uxvlcnkiomzhbhnllcjkaxnhymxlu3blbgxdb3jyzwn0aw9uijpmywxzzswic2vhcmnorglhbg9nu2vzc2lvbklkijoiytk0zjdimzctmgm2ni03ywfjlta4ogity2nkyme1mzjjmji2iiwizgvidwdjbmzvijp7imfwce5hbwuioijjq2fyx1nlcnzpy2vfq29uc29szsisimfwcfr5cguioijdb25zb2xliiwiyxbwtmftzxnwywnlijoiyyisimxvy2f0aw9uijoizm9yy2u6b2jqzwn0sg9tzurlc2t0b3ailcjzb2jqzwn0vhlwzsi6iknvbw1pdhrlzv9fyyj9fswiz3jvdxbjzci6ikrfrkfvtfqifswic3rhdguiont9fq%3d%3d</small> </font> </div>
<div class="test-event"> <font color="maroon"> <small> &emsp; &emsp;--- 15 Oct 12:19:21 935 - <b>0</b> - Page Load Wait: (Sync) - ICar.support.Utils.waitForPageLoad(Utils.java:109)</small> </font> </div>
<div class="test-event"> <font color="maroon"> <small> &emsp; &emsp;--- 15 Oct 12:19:22 000 - Element is displayed:: [[ChromeDriver: chrome on WINDOWS (91de8402f6de9bfd8ddcd2280d5ae71a)] -> xpath: //a[@title='Top Results']//span[text()='Top Results']]</small> </font> </div>
<div class="test-event"> <font color="maroon"> <small> &emsp; &emsp;--- 15 Oct 12:19:22 460 - Page URL:: https://i-car--staging.sandbox.lightning.force.com/one/one.app#eyjjb21wb25lbnrezwyioijmb3jjzvnlyxjjadpzzwfyy2hqywdlrgvza3rvccisimf0dhjpynv0zxmionsidgvybsi6iji2mtqzmdgilcjzy29wzu1hcci6eyj0exblijoive9qx1jfu1vmvfmilcjuyw1lc3bhy2uioiiilcjsywjlbci6ilrvccbszxn1bhrziiwibgfizwxqbhvyywwioijub3agumvzdwx0cyisinjlc3vsdhndbxaioijmb3jjzvnlyxjjadpwcmvkawn0zwrszxn1bhrzin0simnvbnrlehqionsirklmvevsuyi6e30sinnlyxjjafnvdxjjzsi6ikftu0ltvefovf9esufmt0cilcjkaxnhymxlsw50zw50uxvlcnkiomzhbhnllcjkaxnhymxlu3blbgxdb3jyzwn0aw9uijpmywxzzswic2vhcmnorglhbg9nu2vzc2lvbklkijoiytk0zjdimzctmgm2ni03ywfjlta4ogity2nkyme1mzjjmji2iiwizgvidwdjbmzvijp7imfwce5hbwuioijjq2fyx1nlcnzpy2vfq29uc29szsisimfwcfr5cguioijdb25zb2xliiwiyxbwtmftzxnwywnlijoiyyisimxvy2f0aw9uijoizm9yy2u6b2jqzwn0sg9tzurlc2t0b3ailcjzb2jqzwn0vhlwzsi6iknvbw1pdhrlzv9fyyj9fswiz3jvdxbjzci6ikrfrkfvtfqifswic3rhdguiont9fq%3d%3d</small> </font> </div>
<div class="test-event"> <font color="maroon"> <small> &emsp; &emsp;--- 15 Oct 12:19:22 460 - <b>0</b> - Page Load Wait: (Sync) - ICar.support.Utils.waitForPageLoad(Utils.java:109)</small> </font> </div>
<div class="test-event"> <font color="maroon"> <small> &emsp; &emsp;--- 15 Oct 12:19:27 658 - Catched spinner load exception due to Expected condition failed: waiting for ICar.support.WaitUtils$4@3e310ae5 (tried for 5 second(s) with 500 milliseconds interval)</small> </font> </div>
<div class="test-event"> <font color="maroon"> <small> &emsp; &emsp;--- 15 Oct 12:19:27 658 - <b>5</b> - Spinner Load Wait: (Sync) - ICar.support.WaitUtils.waitForSpinner(WaitUtils.java:225)</small> </font> </div>
<div class="test-event"> <font color="maroon"> <small> &emsp; &emsp;--- 15 Oct 12:19:28 497 - Page URL:: https://i-car--staging.sandbox.lightning.force.com/one/one.app#eyjjb21wb25lbnrezwyioijmb3jjzvnlyxjjadpzzwfyy2hqywdlrgvza3rvccisimf0dhjpynv0zxmionsidgvybsi6iji2mtqzmdgilcjzy29wzu1hcci6eyj0exblijoive9qx1jfu1vmvfmilcjuyw1lc3bhy2uioiiilcjsywjlbci6ilrvccbszxn1bhrziiwibgfizwxqbhvyywwioijub3agumvzdwx0cyisinjlc3vsdhndbxaioijmb3jjzvnlyxjjadpwcmvkawn0zwrszxn1bhrzin0simnvbnrlehqionsirklmvevsuyi6e30sinnlyxjjafnvdxjjzsi6ikftu0ltvefovf9esufmt0cilcjkaxnhymxlsw50zw50uxvlcnkiomzhbhnllcjkaxnhymxlu3blbgxdb3jyzwn0aw9uijpmywxzzswic2vhcmnorglhbg9nu2vzc2lvbklkijoiytk0zjdimzctmgm2ni03ywfjlta4ogity2nkyme1mzjjmji2iiwizgvidwdjbmzvijp7imfwce5hbwuioijjq2fyx1nlcnzpy2vfq29uc29szsisimfwcfr5cguioijdb25zb2xliiwiyxbwtmftzxnwywnlijoiyyisimxvy2f0aw9uijoizm9yy2u6b2jqzwn0sg9tzurlc2t0b3ailcjzb2jqzwn0vhlwzsi6iknvbw1pdhrlzv9fyyj9fswiz3jvdxbjzci6ikrfrkfvtfqifswic3rhdguiont9fq%3d%3d</small> </font> </div>
<div class="test-event"> <font color="maroon"> <small> &emsp; &emsp;--- 15 Oct 12:19:28 497 - <b>0</b> - Page Load Wait: (Sync) - ICar.support.Utils.waitForPageLoad(Utils.java:109)</small> </font> </div>
<div class="test-event"> <font color="maroon"> <small> &emsp; &emsp;--- 15 Oct 12:19:29 352 - Page URL:: https://i-car--staging.sandbox.lightning.force.com/one/one.app#eyjjb21wb25lbnrezwyioijmb3jjzvnlyxjjadpzzwfyy2hqywdlrgvza3rvccisimf0dhjpynv0zxmionsidgvybsi6iji2mtqzmdgilcjzy29wzu1hcci6eyj0exblijoive9qx1jfu1vmvfmilcjuyw1lc3bhy2uioiiilcjsywjlbci6ilrvccbszxn1bhrziiwibgfizwxqbhvyywwioijub3agumvzdwx0cyisinjlc3vsdhndbxaioijmb3jjzvnlyxjjadpwcmvkawn0zwrszxn1bhrzin0simnvbnrlehqionsirklmvevsuyi6e30sinnlyxjjafnvdxjjzsi6ikftu0ltvefovf9esufmt0cilcjkaxnhymxlsw50zw50uxvlcnkiomzhbhnllcjkaxnhymxlu3blbgxdb3jyzwn0aw9uijpmywxzzswic2vhcmnorglhbg9nu2vzc2lvbklkijoiytk0zjdimzctmgm2ni03ywfjlta4ogity2nkyme1mzjjmji2iiwizgvidwdjbmzvijp7imfwce5hbwuioijjq2fyx1nlcnzpy2vfq29uc29szsisimfwcfr5cguioijdb25zb2xliiwiyxbwtmftzxnwywnlijoiyyisimxvy2f0aw9uijoizm9yy2u6b2jqzwn0sg9tzurlc2t0b3ailcjzb2jqzwn0vhlwzsi6iknvbw1pdhrlzv9fyyj9fswiz3jvdxbjzci6ikrfrkfvtfqifswic3rhdguiont9fq%3d%3d</small> </font> </div>
<div class="test-event"> <font color="maroon"> <small> &emsp; &emsp;--- 15 Oct 12:19:29 352 - <b>0</b> - Page Load Wait: (Sync) - ICar.support.Utils.waitForPageLoad(Utils.java:109)</small> </font> </div>
<div class="test-event"> <font color="maroon"> <small> &emsp; &emsp;--- 15 Oct 12:19:30 210 - Page URL:: https://i-car--staging.sandbox.lightning.force.com/one/one.app#eyjjb21wb25lbnrezwyioijmb3jjzvnlyxjjadpzzwfyy2hqywdlrgvza3rvccisimf0dhjpynv0zxmionsidgvybsi6iji2mtqzmdgilcjzy29wzu1hcci6eyj0exblijoive9qx1jfu1vmvfmilcjuyw1lc3bhy2uioiiilcjsywjlbci6ilrvccbszxn1bhrziiwibgfizwxqbhvyywwioijub3agumvzdwx0cyisinjlc3vsdhndbxaioijmb3jjzvnlyxjjadpwcmvkawn0zwrszxn1bhrzin0simnvbnrlehqionsirklmvevsuyi6e30sinnlyxjjafnvdxjjzsi6ikftu0ltvefovf9esufmt0cilcjkaxnhymxlsw50zw50uxvlcnkiomzhbhnllcjkaxnhymxlu3blbgxdb3jyzwn0aw9uijpmywxzzswic2vhcmnorglhbg9nu2vzc2lvbklkijoiytk0zjdimzctmgm2ni03ywfjlta4ogity2nkyme1mzjjmji2iiwizgvidwdjbmzvijp7imfwce5hbwuioijjq2fyx1nlcnzpy2vfq29uc29szsisimfwcfr5cguioijdb25zb2xliiwiyxbwtmftzxnwywnlijoiyyisimxvy2f0aw9uijoizm9yy2u6b2jqzwn0sg9tzurlc2t0b3ailcjzb2jqzwn0vhlwzsi6iknvbw1pdhrlzv9fyyj9fswiz3jvdxbjzci6ikrfrkfvtfqifswic3rhdguiont9fq%3d%3d</small> </font> </div>
<div class="test-event"> <font color="maroon"> <small> &emsp; &emsp;--- 15 Oct 12:19:30 210 - <b>0</b> - Page Load Wait: (Sync) - ICar.support.Utils.waitForPageLoad(Utils.java:109)</small> </font> </div>
<div class="test-event"> <font color="maroon"> <small> &emsp; &emsp;--- 15 Oct 12:19:38 282 - Catched spinner load exception due to Expected condition failed: waiting for ICar.support.WaitUtils$4@3e310ae5 (tried for 8 second(s) with 500 milliseconds interval)</small> </font> </div>
<div class="test-event"> <font color="maroon"> <small> &emsp; &emsp;--- 15 Oct 12:19:38 282 - <b>8</b> - Spinner Load Wait: (Sync) - ICar.support.WaitUtils.waitForSpinner(WaitUtils.java:225)</small> </font> </div>
<div class="test-event"> <font color="maroon"> <small> &emsp; &emsp;--- 15 Oct 12:19:39 128 - Page URL:: https://i-car--staging.sandbox.lightning.force.com/one/one.app#eyjjb21wb25lbnrezwyioijmb3jjzvnlyxjjadpzzwfyy2hqywdlrgvza3rvccisimf0dhjpynv0zxmionsidgvybsi6iji2mtqzmdgilcjzy29wzu1hcci6eyj0exblijoive9qx1jfu1vmvfmilcjuyw1lc3bhy2uioiiilcjsywjlbci6ilrvccbszxn1bhrziiwibgfizwxqbhvyywwioijub3agumvzdwx0cyisinjlc3vsdhndbxaioijmb3jjzvnlyxjjadpwcmvkawn0zwrszxn1bhrzin0simnvbnrlehqionsirklmvevsuyi6e30sinnlyxjjafnvdxjjzsi6ikftu0ltvefovf9esufmt0cilcjkaxnhymxlsw50zw50uxvlcnkiomzhbhnllcjkaxnhymxlu3blbgxdb3jyzwn0aw9uijpmywxzzswic2vhcmnorglhbg9nu2vzc2lvbklkijoiytk0zjdimzctmgm2ni03ywfjlta4ogity2nkyme1mzjjmji2iiwizgvidwdjbmzvijp7imfwce5hbwuioijjq2fyx1nlcnzpy2vfq29uc29szsisimfwcfr5cguioijdb25zb2xliiwiyxbwtmftzxnwywnlijoiyyisimxvy2f0aw9uijoizm9yy2u6b2jqzwn0sg9tzurlc2t0b3ailcjzb2jqzwn0vhlwzsi6iknvbw1pdhrlzv9fyyj9fswiz3jvdxbjzci6ikrfrkfvtfqifswic3rhdguiont9fq%3d%3d</small> </font> </div>
<div class="test-event"> <font color="maroon"> <small> &emsp; &emsp;--- 15 Oct 12:19:39 128 - <b>0</b> - Page Load Wait: (Sync) - ICar.support.Utils.waitForPageLoad(Utils.java:109)</small> </font> </div>
<div class="test-event"> <font color="maroon"> <small> &emsp; &emsp;--- 15 Oct 12:19:41 274 - Element is displayed:: [[ChromeDriver: chrome on WINDOWS (91de8402f6de9bfd8ddcd2280d5ae71a)] -> xpath: //div[contains(@class,'forceSearchResultsRegion')]//div[contains(@class,'resultsMultiWrapper')]/div/div[1]//following::h2//a]</small> </font> </div>
<div class="test-event"> <font color="maroon"> <small> &emsp; &emsp;--- 15 Oct 12:19:41 478 - Element is displayed:: [[ChromeDriver: chrome on WINDOWS (91de8402f6de9bfd8ddcd2280d5ae71a)] -> xpath: //a[text()='Contacts']]</small> </font> </div>
<div class="test-event"> <font color="maroon"> <small> &emsp; &emsp;--- 15 Oct 12:19:45 559 - Element is displayed:: [[ChromeDriver: chrome on WINDOWS (91de8402f6de9bfd8ddcd2280d5ae71a)] -> xpath: //div[text()='Contacts']//following :: table//tbody//th//span /a]</small> </font> </div>
<div class="test-message">&emsp;4.Enter ICAR ID  2614308</div>
<div class="test-event"> <font color="maroon"> <small> &emsp; &emsp;--- 15 Oct 12:19:54 963 - Element is displayed:: [[ChromeDriver: chrome on WINDOWS (91de8402f6de9bfd8ddcd2280d5ae71a)] -> xpath: //a/img[@alt='Login Image']|//button[@id='btn-login']]</small> </font> </div>
<div class="test-event"> <font color="maroon"> <small> &emsp; &emsp;--- 15 Oct 12:19:55 038 - Element is displayed:: [[ChromeDriver: chrome on WINDOWS (91de8402f6de9bfd8ddcd2280d5ae71a)] -> xpath: //a/img[@alt='Login Image']|//button[@id='btn-login']]</small> </font> </div>
<div class="test-message">&emsp;Successfully navigated to 'Home' Page&emsp;<a href=".\ScreenShot\B2B1054_TC01_1256990116103000.png" target="_blank" >[ScreenShot]</a></div>
<div class="test-message">&emsp;1. Home page is launched.</div>
<div class="test-event"> <font color="maroon"> <small> &emsp; &emsp;--- 15 Oct 12:19:55 464 - Page URL:: https://www.icarstage.com/</small> </font> </div>
<div class="test-event"> <font color="maroon"> <small> &emsp; &emsp;--- 15 Oct 12:19:55 464 - <b>0</b> - Page Load Wait: (Sync) - ICar.support.Utils.waitForPageLoad(Utils.java:109)</small> </font> </div>
<div class="test-event"> <font color="maroon"> <small> &emsp; &emsp;--- 15 Oct 12:19:55 509 - Element is displayed:: [[ChromeDriver: chrome on WINDOWS (91de8402f6de9bfd8ddcd2280d5ae71a)] -> xpath: //a/img[@alt='Login Image']|//button[@id='btn-login']]</small> </font> </div>
<div class="test-event"> <font color="maroon"> <small> &emsp; &emsp;--- 15 Oct 12:19:55 569 - Element is displayed:: [[ChromeDriver: chrome on WINDOWS (91de8402f6de9bfd8ddcd2280d5ae71a)] -> xpath: //a/img[@alt='Login Image']|//button[@id='btn-login']]</small> </font> </div>
<div class="test-event"> <font color="maroon"> <small> &emsp; &emsp;--- 15 Oct 12:20:13 373 - Catched spinner load exception due to Expected condition failed: waiting for ICar.support.WaitUtils$4@3e310ae5 (tried for 15 second(s) with 500 milliseconds interval)</small> </font> </div>
<div class="test-event"> <font color="maroon"> <small> &emsp; &emsp;--- 15 Oct 12:20:13 374 - <b>15</b> - Spinner Load Wait: (Sync) - ICar.support.WaitUtils.waitForSpinner(WaitUtils.java:225)</small> </font> </div>
<div class="test-message">&emsp;2. Login page  should be successfully display</div>
<div class="test-message">&emsp;Successfully navigated to 'Login' Page&emsp;<a href=".\ScreenShot\B2B1054_TC01_1257008455624700.png" target="_blank" >[ScreenShot]</a></div>
<div class="test-event"> <font color="maroon"> <small> &emsp; &emsp;--- 15 Oct 12:20:13 579 - Element is displayed:: [[ChromeDriver: chrome on WINDOWS (91de8402f6de9bfd8ddcd2280d5ae71a)] -> id: username]</small> </font> </div>
<div class="test-event"> <font color="maroon"> <small> &emsp; &emsp;--- 15 Oct 12:20:13 646 - Element is displayed:: [[ChromeDriver: chrome on WINDOWS (91de8402f6de9bfd8ddcd2280d5ae71a)] -> id: username]</small> </font> </div>
<div class="test-event"> <font color="maroon"> <small> &emsp; &emsp;--- 15 Oct 12:20:13 898 - Element is displayed:: [[ChromeDriver: chrome on WINDOWS (91de8402f6de9bfd8ddcd2280d5ae71a)] -> id: password]</small> </font> </div>
<div class="test-event"> <font color="maroon"> <small> &emsp; &emsp;--- 15 Oct 12:20:14 068 - Element is displayed:: [[ChromeDriver: chrome on WINDOWS (91de8402f6de9bfd8ddcd2280d5ae71a)] -> id: btn-login]</small> </font> </div>
<div class="test-event"> <font color="maroon"> <small> &emsp; &emsp;--- 15 Oct 12:20:28 181 - Catched spinner load exception due to Expected condition failed: waiting for ICar.support.WaitUtils$4@3e310ae5 (tried for 13 second(s) with 500 milliseconds interval)</small> </font> </div>
<div class="test-event"> <font color="maroon"> <small> &emsp; &emsp;--- 15 Oct 12:20:28 181 - <b>14</b> - Spinner Load Wait: (Sync) - ICar.support.WaitUtils.waitForSpinner(WaitUtils.java:225)</small> </font> </div>
<div class="test-event"> <font color="maroon"> <small> &emsp; &emsp;--- 15 Oct 12:20:51 595 - Catched spinner load exception due to Expected condition failed: waiting for ICar.support.WaitUtils$4@3e310ae5 (tried for 10 second(s) with 500 milliseconds interval)</small> </font> </div>
<div class="test-event"> <font color="maroon"> <small> &emsp; &emsp;--- 15 Oct 12:20:51 595 - <b>10</b> - Spinner Load Wait: (Sync) - ICar.support.WaitUtils.waitForSpinner(WaitUtils.java:225)</small> </font> </div>
<div class="test-event"> <font color="maroon"> <small> &emsp; &emsp;--- 15 Oct 12:20:51 677 - Element is displayed:: [[ChromeDriver: chrome on WINDOWS (91de8402f6de9bfd8ddcd2280d5ae71a)] -> xpath: //button[@value='Launch My Learning']]</small> </font> </div>
<div class="test-message">&emsp;3. Enter the user credentials as : alessa0717</div>
<div class="test-message">&emsp;Successfully navigated to 'User Home' Page&emsp;<a href=".\ScreenShot\B2B1054_TC01_1257046755364300.png" target="_blank" >[ScreenShot]</a></div>
<div class="test-message">&emsp;Link Access Committee Portal displayed in B2B Portal</div>
<div class="test-message">&emsp;Successfully verified-Access committee portal link displayed on portal</div>
<div class="test-event"> <font color="maroon"> <small> &emsp; &emsp;--- 15 Oct 12:20:53 096 - Page URL:: https://www.icarstage.com/</small> </font> </div>
<div class="test-event"> <font color="maroon"> <small> &emsp; &emsp;--- 15 Oct 12:20:53 096 - <b>0</b> - Page Load Wait: (Sync) - ICar.support.Utils.waitForPageLoad(Utils.java:109)</small> </font> </div>
<div class="test-event"> <font color="maroon"> <small> &emsp; &emsp;--- 15 Oct 12:20:53 170 - Element is displayed:: [[ChromeDriver: chrome on WINDOWS (91de8402f6de9bfd8ddcd2280d5ae71a)] -> xpath: //p[text()='Launch My Learning']]</small> </font> </div>
<div class="test-event"> <font color="maroon"> <small> &emsp; &emsp;--- 15 Oct 12:20:53 216 - Element is displayed:: [[ChromeDriver: chrome on WINDOWS (91de8402f6de9bfd8ddcd2280d5ae71a)] -> xpath: //a[text()='Access Committee Portal']]</small> </font> </div>
<div class="test-event"> <font color="maroon"> <small> &emsp; &emsp;--- 15 Oct 12:20:55 287 - Element is displayed:: [[ChromeDriver: chrome on WINDOWS (91de8402f6de9bfd8ddcd2280d5ae71a)] -> xpath: //a[text()='Access Committee Portal']]</small> </font> </div>
<div class="test-event"> <font color="maroon"> <small> &emsp; &emsp;--- 15 Oct 12:21:20 348 - Catched spinner load exception due to Expected condition failed: waiting for ICar.support.WaitUtils$4@3e310ae5 (tried for 15 second(s) with 500 milliseconds interval)</small> </font> </div>
<div class="test-event"> <font color="maroon"> <small> &emsp; &emsp;--- 15 Oct 12:21:20 349 - <b>15</b> - Spinner Load Wait: (Sync) - ICar.support.WaitUtils.waitForSpinner(WaitUtils.java:225)</small> </font> </div>
<div class="test-event"> <font color="maroon"> <small> &emsp; &emsp;--- 15 Oct 12:21:20 630 - Page URL:: https://my.icarstage.com/s/committee/a381i0000006tc9qai/5400799</small> </font> </div>
<div class="test-event"> <font color="maroon"> <small> &emsp; &emsp;--- 15 Oct 12:21:20 630 - <b>0</b> - Page Load Wait: (Sync) - ICar.support.Utils.waitForPageLoad(Utils.java:109)</small> </font> </div>
<div class="test-message">&emsp;Successfully navigated to 'Access committee portal' Page&emsp;<a href=".\ScreenShot\B2B1054_TC01_1257075708064700.png" target="_blank" >[ScreenShot]</a></div>
<div class="test-event"> <font color="maroon"> <small> &emsp; &emsp;--- 15 Oct 12:21:20 945 - Page URL:: https://my.icarstage.com/s/committee/a381i0000006tc9qai/5400799</small> </font> </div>
<div class="test-event"> <font color="maroon"> <small> &emsp; &emsp;--- 15 Oct 12:21:20 945 - <b>0</b> - Page Load Wait: (Sync) - ICar.support.Utils.waitForPageLoad(Utils.java:109)</small> </font> </div>
<div class="test-event"> <font color="maroon"> <small> &emsp; &emsp;--- 15 Oct 12:21:29 298 - Catched spinner load exception due to Expected condition failed: waiting for ICar.support.WaitUtils$4@3e310ae5 (tried for 8 second(s) with 500 milliseconds interval)</small> </font> </div>
<div class="test-event"> <font color="maroon"> <small> &emsp; &emsp;--- 15 Oct 12:21:29 298 - <b>8</b> - Spinner Load Wait: (Sync) - ICar.support.WaitUtils.waitForSpinner(WaitUtils.java:225)</small> </font> </div>
<div class="test-event"> <font color="maroon"> <small> &emsp; &emsp;--- 15 Oct 12:21:29 367 - Element is displayed:: [[ChromeDriver: chrome on WINDOWS (91de8402f6de9bfd8ddcd2280d5ae71a)] -> xpath: //article[@class='slds-card']]</small> </font> </div>
<div class="test-message">&emsp;Resources and Forms displayed at bottom of Access committee page</div>
<div class="test-result"><br><font color="green"><strong> Test Passed. </strong></font> </div>&emsp;
&emsp;<div class="test-title"> <strong><font size = "3" color = "#0000FF">---Test Execution Ends---</font> </strong> </div>&emsp;]]>
    </system-out>
  </testcase> <!-- B2B1054_TC01 -->
  <testcase classname="CommitteeTestscripts.CommitteeTestscripts" name="B2B1000_TC04" time="241.246">
    <system-out>
      <![CDATA[<div class="test-event"> <font color="maroon"> <small> &emsp; &emsp;--- 15 Oct 11:51:06 429 - TestCaseID:: B2B1000_TC04</small> </font> </div>
<div class="test-event"> <font color="maroon"> <small> &emsp; &emsp;--- 15 Oct 11:51:07 469 - <b>1</b> - Driver::initialize::Get - ICar.support.WebDriverFactory.getDriver(WebDriverFactory.java:640)</small> </font> </div>
&emsp;<div class="test-title"> <strong><font size = "3" color = "#000080">Student/TM who is not a Committee Officer has no access to \"Access Committee Portal\"</font> </strong> </div>&emsp;<div><strong>Steps:</strong></div><!-- Report -->&emsp;
<div class="test-event"> <font color="maroon"> <small> &emsp; &emsp;--- 15 Oct 11:51:13 071 - Page URL:: https://i-car--staging.sandbox.my.salesforce.com/</small> </font> </div>
<div class="test-event"> <font color="maroon"> <small> &emsp; &emsp;--- 15 Oct 11:51:13 071 - <b>0</b> - Page Load Wait: (Sync) - ICar.support.Utils.waitForPageLoad(Utils.java:109)</small> </font> </div>
<div class="test-event"> <font color="maroon"> <small> &emsp; &emsp;--- 15 Oct 11:51:25 903 - Page URL:: https://i-car--staging.sandbox.my.salesforce.com/</small> </font> </div>
<div class="test-event"> <font color="maroon"> <small> &emsp; &emsp;--- 15 Oct 11:51:25 904 - <b>0</b> - Page Load Wait: (Sync) - ICar.support.Utils.waitForPageLoad(Utils.java:109)</small> </font> </div>
<div class="test-message">&emsp;Successfully navigated to 'Login' Page&emsp;<a href=".\ScreenShot\B2B1000_TC04_1255280989519300.png" target="_blank" >[ScreenShot]</a></div>
<div class="test-message">&emsp;1. Login page is launched.</div>
<div class="test-event"> <font color="maroon"> <small> &emsp; &emsp;--- 15 Oct 11:51:26 151 - Element is displayed:: [[ChromeDriver: chrome on WINDOWS (bc17308d8d939a895bf0aae8f90575a0)] -> id: username]</small> </font> </div>
<div class="test-event"> <font color="maroon"> <small> &emsp; &emsp;--- 15 Oct 11:51:26 214 - Element is displayed:: [[ChromeDriver: chrome on WINDOWS (bc17308d8d939a895bf0aae8f90575a0)] -> id: username]</small> </font> </div>
<div class="test-event"> <font color="maroon"> <small> &emsp; &emsp;--- 15 Oct 11:51:26 462 - Element is displayed:: [[ChromeDriver: chrome on WINDOWS (bc17308d8d939a895bf0aae8f90575a0)] -> id: password]</small> </font> </div>
<div class="test-event"> <font color="maroon"> <small> &emsp; &emsp;--- 15 Oct 11:51:26 673 - Element is displayed:: [[ChromeDriver: chrome on WINDOWS (bc17308d8d939a895bf0aae8f90575a0)] -> id: Login]</small> </font> </div>
<div class="test-event"> <font color="maroon"> <small> &emsp; &emsp;--- 15 Oct 11:52:00 950 - Catched spinner load exception due to Expected condition failed: waiting for ICar.support.WaitUtils$4@3e310ae5 (tried for 13 second(s) with 500 milliseconds interval)</small> </font> </div>
<div class="test-event"> <font color="maroon"> <small> &emsp; &emsp;--- 15 Oct 11:52:00 951 - <b>13</b> - Spinner Load Wait: (Sync) - ICar.support.WaitUtils.waitForSpinner(WaitUtils.java:225)</small> </font> </div>
<div class="test-event"> <font color="maroon"> <small> &emsp; &emsp;--- 15 Oct 11:52:19 315 - Catched spinner load exception due to Expected condition failed: waiting for ICar.support.WaitUtils$4@3e310ae5 (tried for 6 second(s) with 500 milliseconds interval)</small> </font> </div>
<div class="test-event"> <font color="maroon"> <small> &emsp; &emsp;--- 15 Oct 11:52:19 315 - <b>6</b> - Spinner Load Wait: (Sync) - ICar.support.WaitUtils.waitForSpinner(WaitUtils.java:225)</small> </font> </div>
<div class="test-event"> <font color="maroon"> <small> &emsp; &emsp;--- 15 Oct 11:52:19 400 - Element is displayed:: [[ChromeDriver: chrome on WINDOWS (bc17308d8d939a895bf0aae8f90575a0)] -> css selector: button[class*='search-button']]</small> </font> </div>
<div class="test-message">&emsp;2. Navigate to 'SalesForce Page'</div>
<div class="test-event"> <font color="maroon"> <small> &emsp; &emsp;--- 15 Oct 11:52:19 851 - Page URL:: https://i-car--staging.sandbox.lightning.force.com/lightning/r/contact/0031i00000oeh1aqaa/view</small> </font> </div>
<div class="test-event"> <font color="maroon"> <small> &emsp; &emsp;--- 15 Oct 11:52:19 851 - <b>0</b> - Page Load Wait: (Sync) - ICar.support.Utils.waitForPageLoad(Utils.java:109)</small> </font> </div>
<div class="test-event"> <font color="maroon"> <small> &emsp; &emsp;--- 15 Oct 11:52:25 429 - Page URL:: https://i-car--staging.sandbox.lightning.force.com/lightning/r/contact/0031i00000oeh1aqaa/view</small> </font> </div>
<div class="test-event"> <font color="maroon"> <small> &emsp; &emsp;--- 15 Oct 11:52:25 429 - <b>0</b> - Page Load Wait: (Sync) - ICar.support.Utils.waitForPageLoad(Utils.java:109)</small> </font> </div>
<div class="test-message">&emsp;Close the tab</div>
<div class="test-message">&emsp;Successfully navigated to 'Login' Page&emsp;<a href=".\ScreenShot\B2B1000_TC04_1255345788166700.png" target="_blank" >[ScreenShot]</a></div>
<div class="test-event"> <font color="maroon"> <small> &emsp; &emsp;--- 15 Oct 11:52:36 089 - Catched spinner load exception due to Expected condition failed: waiting for ICar.support.WaitUtils$4@3e310ae5 (tried for 5 second(s) with 500 milliseconds interval)</small> </font> </div>
<div class="test-event"> <font color="maroon"> <small> &emsp; &emsp;--- 15 Oct 11:52:36 089 - <b>5</b> - Spinner Load Wait: (Sync) - ICar.support.WaitUtils.waitForSpinner(WaitUtils.java:225)</small> </font> </div>
<div class="test-event"> <font color="maroon"> <small> &emsp; &emsp;--- 15 Oct 11:52:36 234 - Page URL:: https://i-car--staging.sandbox.lightning.force.com/lightning/o/committee__c/list?filtername=__recent</small> </font> </div>
<div class="test-event"> <font color="maroon"> <small> &emsp; &emsp;--- 15 Oct 11:52:36 234 - <b>0</b> - Page Load Wait: (Sync) - ICar.support.Utils.waitForPageLoad(Utils.java:109)</small> </font> </div>
<div class="test-event"> <font color="maroon"> <small> &emsp; &emsp;--- 15 Oct 11:52:36 306 - Element is displayed:: [[ChromeDriver: chrome on WINDOWS (bc17308d8d939a895bf0aae8f90575a0)] -> xpath: //div[contains(@class,'appLauncher ')]//button]</small> </font> </div>
<div class="test-event"> <font color="maroon"> <small> &emsp; &emsp;--- 15 Oct 11:52:36 373 - Element is displayed:: [[ChromeDriver: chrome on WINDOWS (bc17308d8d939a895bf0aae8f90575a0)] -> xpath: //div[contains(@class,'appLauncher ')]//button]</small> </font> </div>
<div class="test-event"> <font color="maroon"> <small> &emsp; &emsp;--- 15 Oct 11:52:38 018 - Element is displayed:: [[ChromeDriver: chrome on WINDOWS (bc17308d8d939a895bf0aae8f90575a0)] -> xpath: //input[@placeholder='Search apps and items...']]</small> </font> </div>
<div class="test-event"> <font color="maroon"> <small> &emsp; &emsp;--- 15 Oct 11:52:38 075 - Element is displayed:: [[ChromeDriver: chrome on WINDOWS (bc17308d8d939a895bf0aae8f90575a0)] -> xpath: //input[@placeholder='Search apps and items...']]</small> </font> </div>
<div class="test-event"> <font color="maroon"> <small> &emsp; &emsp;--- 15 Oct 11:52:41 354 - Element is displayed:: [[ChromeDriver: chrome on WINDOWS (bc17308d8d939a895bf0aae8f90575a0)] -> xpath: //lightning-formatted-rich-text/span/p/b[text()='Committees']]</small> </font> </div>
<div class="test-event"> <font color="maroon"> <small> &emsp; &emsp;--- 15 Oct 11:52:44 399 - Element is displayed:: [[ChromeDriver: chrome on WINDOWS (bc17308d8d939a895bf0aae8f90575a0)] -> xpath: //lightning-formatted-rich-text/span/p/b[text()='Committees']]</small> </font> </div>
<div class="test-event"> <font color="maroon"> <small> &emsp; &emsp;--- 15 Oct 11:52:44 748 - Page URL:: https://i-car--staging.sandbox.lightning.force.com/lightning/o/committee__c/home</small> </font> </div>
<div class="test-event"> <font color="maroon"> <small> &emsp; &emsp;--- 15 Oct 11:52:44 749 - <b>0</b> - Page Load Wait: (Sync) - ICar.support.Utils.waitForPageLoad(Utils.java:109)</small> </font> </div>
<div class="test-event"> <font color="maroon"> <small> &emsp; &emsp;--- 15 Oct 11:52:44 916 - Page URL:: https://i-car--staging.sandbox.lightning.force.com/lightning/o/committee__c/home</small> </font> </div>
<div class="test-event"> <font color="maroon"> <small> &emsp; &emsp;--- 15 Oct 11:52:44 916 - <b>0</b> - Page Load Wait: (Sync) - ICar.support.Utils.waitForPageLoad(Utils.java:109)</small> </font> </div>
<div class="test-event"> <font color="maroon"> <small> &emsp; &emsp;--- 15 Oct 11:52:50 159 - Page URL:: https://i-car--staging.sandbox.lightning.force.com/lightning/o/committee__c/list?filtername=__recent</small> </font> </div>
<div class="test-event"> <font color="maroon"> <small> &emsp; &emsp;--- 15 Oct 11:52:50 159 - <b>0</b> - Page Load Wait: (Sync) - ICar.support.Utils.waitForPageLoad(Utils.java:109)</small> </font> </div>
<div class="test-message">&emsp;Close the tab</div>
<div class="test-event"> <font color="maroon"> <small> &emsp; &emsp;--- 15 Oct 11:52:55 597 - Page URL:: https://i-car--staging.sandbox.lightning.force.com/lightning/o/committee__c/list?filtername=__recent</small> </font> </div>
<div class="test-event"> <font color="maroon"> <small> &emsp; &emsp;--- 15 Oct 11:52:55 597 - <b>0</b> - Page Load Wait: (Sync) - ICar.support.Utils.waitForPageLoad(Utils.java:109)</small> </font> </div>
<div class="test-event"> <font color="maroon"> <small> &emsp; &emsp;--- 15 Oct 11:52:55 641 - Element is displayed:: [[ChromeDriver: chrome on WINDOWS (bc17308d8d939a895bf0aae8f90575a0)] -> css selector: button[class*='search-button']]</small> </font> </div>
<div class="test-event"> <font color="maroon"> <small> &emsp; &emsp;--- 15 Oct 11:52:57 722 - Catched spinner load exception due to Expected condition failed: waiting for ICar.support.WaitUtils$4@3e310ae5 (tried for 2 second(s) with 500 milliseconds interval)</small> </font> </div>
<div class="test-event"> <font color="maroon"> <small> &emsp; &emsp;--- 15 Oct 11:52:57 722 - <b>2</b> - Spinner Load Wait: (Sync) - ICar.support.WaitUtils.waitForSpinner(WaitUtils.java:225)</small> </font> </div>
<div class="test-event"> <font color="maroon"> <small> &emsp; &emsp;--- 15 Oct 11:53:00 787 - Element is displayed:: [[ChromeDriver: chrome on WINDOWS (bc17308d8d939a895bf0aae8f90575a0)] -> css selector: button[class*='search-button']]</small> </font> </div>
<div class="test-event"> <font color="maroon"> <small> &emsp; &emsp;--- 15 Oct 11:53:01 174 - Page URL:: https://i-car--staging.sandbox.lightning.force.com/lightning/o/committee__c/list?filtername=__recent</small> </font> </div>
<div class="test-event"> <font color="maroon"> <small> &emsp; &emsp;--- 15 Oct 11:53:01 174 - <b>0</b> - Page Load Wait: (Sync) - ICar.support.Utils.waitForPageLoad(Utils.java:109)</small> </font> </div>
<div class="test-event"> <font color="maroon"> <small> &emsp; &emsp;--- 15 Oct 11:53:20 560 - Catched spinner load exception due to Expected condition failed: waiting for ICar.support.WaitUtils$4@3e310ae5 (tried for 10 second(s) with 500 milliseconds interval)</small> </font> </div>
<div class="test-event"> <font color="maroon"> <small> &emsp; &emsp;--- 15 Oct 11:53:20 560 - <b>10</b> - Spinner Load Wait: (Sync) - ICar.support.WaitUtils.waitForSpinner(WaitUtils.java:225)</small> </font> </div>
<div class="test-event"> <font color="maroon"> <small> &emsp; &emsp;--- 15 Oct 11:53:21 436 - Page URL:: https://i-car--staging.sandbox.lightning.force.com/one/one.app#eyjjb21wb25lbnrezwyioijmb3jjzvnlyxjjadpzzwfyy2hqywdlrgvza3rvccisimf0dhjpynv0zxmionsidgvybsi6iji0mjazodyilcjzy29wzu1hcci6eyj0exblijoive9qx1jfu1vmvfmilcjuyw1lc3bhy2uioiiilcjsywjlbci6ilrvccbszxn1bhrziiwibgfizwxqbhvyywwioijub3agumvzdwx0cyisinjlc3vsdhndbxaioijmb3jjzvnlyxjjadpwcmvkawn0zwrszxn1bhrzin0simnvbnrlehqionsirklmvevsuyi6e30sinnlyxjjafnvdxjjzsi6ikftu0ltvefovf9esufmt0cilcjkaxnhymxlsw50zw50uxvlcnkiomzhbhnllcjkaxnhymxlu3blbgxdb3jyzwn0aw9uijpmywxzzswic2vhcmnorglhbg9nu2vzc2lvbklkijoiowy5zdaznjgtogflms1jngi1lwmxzdgtodfjnwviytm3ngiziiwizgvidwdjbmzvijp7imfwce5hbwuioijjq2fyx1nlcnzpy2vfq29uc29szsisimfwcfr5cguioijdb25zb2xliiwiyxbwtmftzxnwywnlijoiyyisimxvy2f0aw9uijoizm9yy2u6b2jqzwn0sg9tzurlc2t0b3ailcjzb2jqzwn0vhlwzsi6iknvbw1pdhrlzv9fyyj9fswiz3jvdxbjzci6ikrfrkfvtfqifswic3rhdguiont9fq%3d%3d</small> </font> </div>
<div class="test-event"> <font color="maroon"> <small> &emsp; &emsp;--- 15 Oct 11:53:21 436 - <b>0</b> - Page Load Wait: (Sync) - ICar.support.Utils.waitForPageLoad(Utils.java:109)</small> </font> </div>
<div class="test-event"> <font color="maroon"> <small> &emsp; &emsp;--- 15 Oct 11:53:32 963 - Catched spinner load exception due to Expected condition failed: waiting for ICar.support.WaitUtils$4@3e310ae5 (tried for 11 second(s) with 500 milliseconds interval)</small> </font> </div>
<div class="test-event"> <font color="maroon"> <small> &emsp; &emsp;--- 15 Oct 11:53:32 963 - <b>11</b> - Spinner Load Wait: (Sync) - ICar.support.WaitUtils.waitForSpinner(WaitUtils.java:225)</small> </font> </div>
<div class="test-event"> <font color="maroon"> <small> &emsp; &emsp;--- 15 Oct 11:53:33 645 - Page URL:: https://i-car--staging.sandbox.lightning.force.com/one/one.app#eyjjb21wb25lbnrezwyioijmb3jjzvnlyxjjadpzzwfyy2hqywdlrgvza3rvccisimf0dhjpynv0zxmionsidgvybsi6iji0mjazodyilcjzy29wzu1hcci6eyj0exblijoive9qx1jfu1vmvfmilcjuyw1lc3bhy2uioiiilcjsywjlbci6ilrvccbszxn1bhrziiwibgfizwxqbhvyywwioijub3agumvzdwx0cyisinjlc3vsdhndbxaioijmb3jjzvnlyxjjadpwcmvkawn0zwrszxn1bhrzin0simnvbnrlehqionsirklmvevsuyi6e30sinnlyxjjafnvdxjjzsi6ikftu0ltvefovf9esufmt0cilcjkaxnhymxlsw50zw50uxvlcnkiomzhbhnllcjkaxnhymxlu3blbgxdb3jyzwn0aw9uijpmywxzzswic2vhcmnorglhbg9nu2vzc2lvbklkijoiowy5zdaznjgtogflms1jngi1lwmxzdgtodfjnwviytm3ngiziiwizgvidwdjbmzvijp7imfwce5hbwuioijjq2fyx1nlcnzpy2vfq29uc29szsisimfwcfr5cguioijdb25zb2xliiwiyxbwtmftzxnwywnlijoiyyisimxvy2f0aw9uijoizm9yy2u6b2jqzwn0sg9tzurlc2t0b3ailcjzb2jqzwn0vhlwzsi6iknvbw1pdhrlzv9fyyj9fswiz3jvdxbjzci6ikrfrkfvtfqifswic3rhdguiont9fq%3d%3d</small> </font> </div>
<div class="test-event"> <font color="maroon"> <small> &emsp; &emsp;--- 15 Oct 11:53:33 645 - <b>0</b> - Page Load Wait: (Sync) - ICar.support.Utils.waitForPageLoad(Utils.java:109)</small> </font> </div>
<div class="test-event"> <font color="maroon"> <small> &emsp; &emsp;--- 15 Oct 11:53:33 706 - Element is displayed:: [[ChromeDriver: chrome on WINDOWS (bc17308d8d939a895bf0aae8f90575a0)] -> xpath: //a[@title='Top Results']//span[text()='Top Results']]</small> </font> </div>
<div class="test-event"> <font color="maroon"> <small> &emsp; &emsp;--- 15 Oct 11:53:34 110 - Page URL:: https://i-car--staging.sandbox.lightning.force.com/one/one.app#eyjjb21wb25lbnrezwyioijmb3jjzvnlyxjjadpzzwfyy2hqywdlrgvza3rvccisimf0dhjpynv0zxmionsidgvybsi6iji0mjazodyilcjzy29wzu1hcci6eyj0exblijoive9qx1jfu1vmvfmilcjuyw1lc3bhy2uioiiilcjsywjlbci6ilrvccbszxn1bhrziiwibgfizwxqbhvyywwioijub3agumvzdwx0cyisinjlc3vsdhndbxaioijmb3jjzvnlyxjjadpwcmvkawn0zwrszxn1bhrzin0simnvbnrlehqionsirklmvevsuyi6e30sinnlyxjjafnvdxjjzsi6ikftu0ltvefovf9esufmt0cilcjkaxnhymxlsw50zw50uxvlcnkiomzhbhnllcjkaxnhymxlu3blbgxdb3jyzwn0aw9uijpmywxzzswic2vhcmnorglhbg9nu2vzc2lvbklkijoiowy5zdaznjgtogflms1jngi1lwmxzdgtodfjnwviytm3ngiziiwizgvidwdjbmzvijp7imfwce5hbwuioijjq2fyx1nlcnzpy2vfq29uc29szsisimfwcfr5cguioijdb25zb2xliiwiyxbwtmftzxnwywnlijoiyyisimxvy2f0aw9uijoizm9yy2u6b2jqzwn0sg9tzurlc2t0b3ailcjzb2jqzwn0vhlwzsi6iknvbw1pdhrlzv9fyyj9fswiz3jvdxbjzci6ikrfrkfvtfqifswic3rhdguiont9fq%3d%3d</small> </font> </div>
<div class="test-event"> <font color="maroon"> <small> &emsp; &emsp;--- 15 Oct 11:53:34 110 - <b>0</b> - Page Load Wait: (Sync) - ICar.support.Utils.waitForPageLoad(Utils.java:109)</small> </font> </div>
<div class="test-event"> <font color="maroon"> <small> &emsp; &emsp;--- 15 Oct 11:53:39 500 - Catched spinner load exception due to Expected condition failed: waiting for ICar.support.WaitUtils$4@3e310ae5 (tried for 5 second(s) with 500 milliseconds interval)</small> </font> </div>
<div class="test-event"> <font color="maroon"> <small> &emsp; &emsp;--- 15 Oct 11:53:39 500 - <b>5</b> - Spinner Load Wait: (Sync) - ICar.support.WaitUtils.waitForSpinner(WaitUtils.java:225)</small> </font> </div>
<div class="test-event"> <font color="maroon"> <small> &emsp; &emsp;--- 15 Oct 11:53:40 179 - Page URL:: https://i-car--staging.sandbox.lightning.force.com/one/one.app#eyjjb21wb25lbnrezwyioijmb3jjzvnlyxjjadpzzwfyy2hqywdlrgvza3rvccisimf0dhjpynv0zxmionsidgvybsi6iji0mjazodyilcjzy29wzu1hcci6eyj0exblijoive9qx1jfu1vmvfmilcjuyw1lc3bhy2uioiiilcjsywjlbci6ilrvccbszxn1bhrziiwibgfizwxqbhvyywwioijub3agumvzdwx0cyisinjlc3vsdhndbxaioijmb3jjzvnlyxjjadpwcmvkawn0zwrszxn1bhrzin0simnvbnrlehqionsirklmvevsuyi6e30sinnlyxjjafnvdxjjzsi6ikftu0ltvefovf9esufmt0cilcjkaxnhymxlsw50zw50uxvlcnkiomzhbhnllcjkaxnhymxlu3blbgxdb3jyzwn0aw9uijpmywxzzswic2vhcmnorglhbg9nu2vzc2lvbklkijoiowy5zdaznjgtogflms1jngi1lwmxzdgtodfjnwviytm3ngiziiwizgvidwdjbmzvijp7imfwce5hbwuioijjq2fyx1nlcnzpy2vfq29uc29szsisimfwcfr5cguioijdb25zb2xliiwiyxbwtmftzxnwywnlijoiyyisimxvy2f0aw9uijoizm9yy2u6b2jqzwn0sg9tzurlc2t0b3ailcjzb2jqzwn0vhlwzsi6iknvbw1pdhrlzv9fyyj9fswiz3jvdxbjzci6ikrfrkfvtfqifswic3rhdguiont9fq%3d%3d</small> </font> </div>
<div class="test-event"> <font color="maroon"> <small> &emsp; &emsp;--- 15 Oct 11:53:40 179 - <b>0</b> - Page Load Wait: (Sync) - ICar.support.Utils.waitForPageLoad(Utils.java:109)</small> </font> </div>
<div class="test-event"> <font color="maroon"> <small> &emsp; &emsp;--- 15 Oct 11:53:40 873 - Page URL:: https://i-car--staging.sandbox.lightning.force.com/one/one.app#eyjjb21wb25lbnrezwyioijmb3jjzvnlyxjjadpzzwfyy2hqywdlrgvza3rvccisimf0dhjpynv0zxmionsidgvybsi6iji0mjazodyilcjzy29wzu1hcci6eyj0exblijoive9qx1jfu1vmvfmilcjuyw1lc3bhy2uioiiilcjsywjlbci6ilrvccbszxn1bhrziiwibgfizwxqbhvyywwioijub3agumvzdwx0cyisinjlc3vsdhndbxaioijmb3jjzvnlyxjjadpwcmvkawn0zwrszxn1bhrzin0simnvbnrlehqionsirklmvevsuyi6e30sinnlyxjjafnvdxjjzsi6ikftu0ltvefovf9esufmt0cilcjkaxnhymxlsw50zw50uxvlcnkiomzhbhnllcjkaxnhymxlu3blbgxdb3jyzwn0aw9uijpmywxzzswic2vhcmnorglhbg9nu2vzc2lvbklkijoiowy5zdaznjgtogflms1jngi1lwmxzdgtodfjnwviytm3ngiziiwizgvidwdjbmzvijp7imfwce5hbwuioijjq2fyx1nlcnzpy2vfq29uc29szsisimfwcfr5cguioijdb25zb2xliiwiyxbwtmftzxnwywnlijoiyyisimxvy2f0aw9uijoizm9yy2u6b2jqzwn0sg9tzurlc2t0b3ailcjzb2jqzwn0vhlwzsi6iknvbw1pdhrlzv9fyyj9fswiz3jvdxbjzci6ikrfrkfvtfqifswic3rhdguiont9fq%3d%3d</small> </font> </div>
<div class="test-event"> <font color="maroon"> <small> &emsp; &emsp;--- 15 Oct 11:53:40 873 - <b>0</b> - Page Load Wait: (Sync) - ICar.support.Utils.waitForPageLoad(Utils.java:109)</small> </font> </div>
<div class="test-event"> <font color="maroon"> <small> &emsp; &emsp;--- 15 Oct 11:53:41 543 - Page URL:: https://i-car--staging.sandbox.lightning.force.com/one/one.app#eyjjb21wb25lbnrezwyioijmb3jjzvnlyxjjadpzzwfyy2hqywdlrgvza3rvccisimf0dhjpynv0zxmionsidgvybsi6iji0mjazodyilcjzy29wzu1hcci6eyj0exblijoive9qx1jfu1vmvfmilcjuyw1lc3bhy2uioiiilcjsywjlbci6ilrvccbszxn1bhrziiwibgfizwxqbhvyywwioijub3agumvzdwx0cyisinjlc3vsdhndbxaioijmb3jjzvnlyxjjadpwcmvkawn0zwrszxn1bhrzin0simnvbnrlehqionsirklmvevsuyi6e30sinnlyxjjafnvdxjjzsi6ikftu0ltvefovf9esufmt0cilcjkaxnhymxlsw50zw50uxvlcnkiomzhbhnllcjkaxnhymxlu3blbgxdb3jyzwn0aw9uijpmywxzzswic2vhcmnorglhbg9nu2vzc2lvbklkijoiowy5zdaznjgtogflms1jngi1lwmxzdgtodfjnwviytm3ngiziiwizgvidwdjbmzvijp7imfwce5hbwuioijjq2fyx1nlcnzpy2vfq29uc29szsisimfwcfr5cguioijdb25zb2xliiwiyxbwtmftzxnwywnlijoiyyisimxvy2f0aw9uijoizm9yy2u6b2jqzwn0sg9tzurlc2t0b3ailcjzb2jqzwn0vhlwzsi6iknvbw1pdhrlzv9fyyj9fswiz3jvdxbjzci6ikrfrkfvtfqifswic3rhdguiont9fq%3d%3d</small> </font> </div>
<div class="test-event"> <font color="maroon"> <small> &emsp; &emsp;--- 15 Oct 11:53:41 543 - <b>0</b> - Page Load Wait: (Sync) - ICar.support.Utils.waitForPageLoad(Utils.java:109)</small> </font> </div>
<div class="test-event"> <font color="maroon"> <small> &emsp; &emsp;--- 15 Oct 11:53:49 884 - Catched spinner load exception due to Expected condition failed: waiting for ICar.support.WaitUtils$4@3e310ae5 (tried for 8 second(s) with 500 milliseconds interval)</small> </font> </div>
<div class="test-event"> <font color="maroon"> <small> &emsp; &emsp;--- 15 Oct 11:53:49 885 - <b>8</b> - Spinner Load Wait: (Sync) - ICar.support.WaitUtils.waitForSpinner(WaitUtils.java:225)</small> </font> </div>
<div class="test-event"> <font color="maroon"> <small> &emsp; &emsp;--- 15 Oct 11:53:50 583 - Page URL:: https://i-car--staging.sandbox.lightning.force.com/one/one.app#eyjjb21wb25lbnrezwyioijmb3jjzvnlyxjjadpzzwfyy2hqywdlrgvza3rvccisimf0dhjpynv0zxmionsidgvybsi6iji0mjazodyilcjzy29wzu1hcci6eyj0exblijoive9qx1jfu1vmvfmilcjuyw1lc3bhy2uioiiilcjsywjlbci6ilrvccbszxn1bhrziiwibgfizwxqbhvyywwioijub3agumvzdwx0cyisinjlc3vsdhndbxaioijmb3jjzvnlyxjjadpwcmvkawn0zwrszxn1bhrzin0simnvbnrlehqionsirklmvevsuyi6e30sinnlyxjjafnvdxjjzsi6ikftu0ltvefovf9esufmt0cilcjkaxnhymxlsw50zw50uxvlcnkiomzhbhnllcjkaxnhymxlu3blbgxdb3jyzwn0aw9uijpmywxzzswic2vhcmnorglhbg9nu2vzc2lvbklkijoiowy5zdaznjgtogflms1jngi1lwmxzdgtodfjnwviytm3ngiziiwizgvidwdjbmzvijp7imfwce5hbwuioijjq2fyx1nlcnzpy2vfq29uc29szsisimfwcfr5cguioijdb25zb2xliiwiyxbwtmftzxnwywnlijoiyyisimxvy2f0aw9uijoizm9yy2u6b2jqzwn0sg9tzurlc2t0b3ailcjzb2jqzwn0vhlwzsi6iknvbw1pdhrlzv9fyyj9fswiz3jvdxbjzci6ikrfrkfvtfqifswic3rhdguiont9fq%3d%3d</small> </font> </div>
<div class="test-event"> <font color="maroon"> <small> &emsp; &emsp;--- 15 Oct 11:53:50 583 - <b>0</b> - Page Load Wait: (Sync) - ICar.support.Utils.waitForPageLoad(Utils.java:109)</small> </font> </div>
<div class="test-event"> <font color="maroon"> <small> &emsp; &emsp;--- 15 Oct 11:53:52 727 - Element is displayed:: [[ChromeDriver: chrome on WINDOWS (bc17308d8d939a895bf0aae8f90575a0)] -> xpath: //div[contains(@class,'forceSearchResultsRegion')]//div[contains(@class,'resultsMultiWrapper')]/div/div[1]//following::h2//a]</small> </font> </div>
<div class="test-event"> <font color="maroon"> <small> &emsp; &emsp;--- 15 Oct 11:53:53 028 - Element is displayed:: [[ChromeDriver: chrome on WINDOWS (bc17308d8d939a895bf0aae8f90575a0)] -> xpath: //a[text()='Contacts']]</small> </font> </div>
<div class="test-event"> <font color="maroon"> <small> &emsp; &emsp;--- 15 Oct 11:53:56 978 - Element is displayed:: [[ChromeDriver: chrome on WINDOWS (bc17308d8d939a895bf0aae8f90575a0)] -> xpath: //div[text()='Contacts']//following :: table//tbody//th//span /a]</small> </font> </div>
<div class="test-message">&emsp;3.Enter ICAR ID of TM 2420386</div>
<div class="test-event"> <font color="maroon"> <small> &emsp; &emsp;--- 15 Oct 11:54:12 621 - Catched spinner load exception due to Expected condition failed: waiting for ICar.support.WaitUtils$4@3e310ae5 (tried for 15 second(s) with 500 milliseconds interval)</small> </font> </div>
<div class="test-event"> <font color="maroon"> <small> &emsp; &emsp;--- 15 Oct 11:54:12 621 - <b>15</b> - Spinner Load Wait: (Sync) - ICar.support.WaitUtils.waitForSpinner(WaitUtils.java:225)</small> </font> </div>
<div class="test-event"> <font color="maroon"> <small> &emsp; &emsp;--- 15 Oct 11:54:13 199 - Page URL:: https://i-car--staging.sandbox.lightning.force.com/lightning/r/contact/0031i000019reebqaq/view</small> </font> </div>
<div class="test-event"> <font color="maroon"> <small> &emsp; &emsp;--- 15 Oct 11:54:13 199 - <b>0</b> - Page Load Wait: (Sync) - ICar.support.Utils.waitForPageLoad(Utils.java:109)</small> </font> </div>
<div class="test-event"> <font color="maroon"> <small> &emsp; &emsp;--- 15 Oct 11:54:28 294 - Catched spinner load exception due to Expected condition failed: waiting for ICar.support.WaitUtils$4@3e310ae5 (tried for 15 second(s) with 500 milliseconds interval)</small> </font> </div>
<div class="test-event"> <font color="maroon"> <small> &emsp; &emsp;--- 15 Oct 11:54:28 294 - <b>15</b> - Spinner Load Wait: (Sync) - ICar.support.WaitUtils.waitForSpinner(WaitUtils.java:225)</small> </font> </div>
<div class="test-event"> <font color="maroon"> <small> &emsp; &emsp;--- 15 Oct 11:54:28 353 - Element is displayed:: [[ChromeDriver: chrome on WINDOWS (bc17308d8d939a895bf0aae8f90575a0)] -> xpath: //button[text()='Access Shopping Cart - New']]</small> </font> </div>
<div class="test-event"> <font color="maroon"> <small> &emsp; &emsp;--- 15 Oct 11:54:30 456 - Element is displayed:: [[ChromeDriver: chrome on WINDOWS (bc17308d8d939a895bf0aae8f90575a0)] -> xpath: //button[text()='Access Shopping Cart - New']]</small> </font> </div>
<div class="test-event"> <font color="maroon"> <small> &emsp; &emsp;--- 15 Oct 11:54:39 713 - Page URL:: https://i-car--staging.sandbox.lightning.force.com/lightning/r/contact/0031i000019reebqaq/view</small> </font> </div>
<div class="test-event"> <font color="maroon"> <small> &emsp; &emsp;--- 15 Oct 11:54:39 713 - <b>1</b> - Page Load Wait: (Sync) - ICar.support.Utils.waitForPageLoad(Utils.java:109)</small> </font> </div>
<div class="test-event"> <font color="maroon"> <small> &emsp; &emsp;--- 15 Oct 11:55:03 994 - Catched spinner load exception due to Expected condition failed: waiting for ICar.support.WaitUtils$4@3e310ae5 (tried for 10 second(s) with 500 milliseconds interval)</small> </font> </div>
<div class="test-event"> <font color="maroon"> <small> &emsp; &emsp;--- 15 Oct 11:55:03 994 - <b>10</b> - Spinner Load Wait: (Sync) - ICar.support.WaitUtils.waitForSpinner(WaitUtils.java:225)</small> </font> </div>
<div class="test-event"> <font color="maroon"> <small> &emsp; &emsp;--- 15 Oct 11:55:04 077 - Element is displayed:: [[ChromeDriver: chrome on WINDOWS (bc17308d8d939a895bf0aae8f90575a0)] -> xpath: //button[@value='Launch My Learning']]</small> </font> </div>
<div class="test-message">&emsp;4. Clicked the 'Access Shoping cart'  & Navigated to the user home page.</div>
<div class="test-message">&emsp;Successfully verified-Access committee portal link not displayed on portal</div>
<div class="test-result"><br><font color="green"><strong> Test Passed. </strong></font> </div>&emsp;
&emsp;<div class="test-title"> <strong><font size = "3" color = "#0000FF">---Test Execution Ends---</font> </strong> </div>&emsp;]]>
    </system-out>
  </testcase> <!-- B2B1000_TC04 -->
  <testcase classname="CommitteeTestscripts.CommitteeTestscripts" name="B2B1002_TC02" time="336.028">
    <system-out>
      <![CDATA[<div class="test-event"> <font color="maroon"> <small> &emsp; &emsp;--- 15 Oct 12:00:06 576 - TestCaseID:: B2B1002_TC02</small> </font> </div>
<div class="test-event"> <font color="maroon"> <small> &emsp; &emsp;--- 15 Oct 12:00:07 710 - <b>1</b> - Driver::initialize::Get - ICar.support.WebDriverFactory.getDriver(WebDriverFactory.java:640)</small> </font> </div>
&emsp;<div class="test-title"> <strong><font size = "3" color = "#000080">Verify the Committee home page details are displayed when Click on Access Committee Portal link</font> </strong> </div>&emsp;<div><strong>Steps:</strong></div><!-- Report -->&emsp;
<div class="test-event"> <font color="maroon"> <small> &emsp; &emsp;--- 15 Oct 12:00:13 748 - Page URL:: https://i-car--staging.sandbox.my.salesforce.com/</small> </font> </div>
<div class="test-event"> <font color="maroon"> <small> &emsp; &emsp;--- 15 Oct 12:00:13 748 - <b>0</b> - Page Load Wait: (Sync) - ICar.support.Utils.waitForPageLoad(Utils.java:109)</small> </font> </div>
<div class="test-event"> <font color="maroon"> <small> &emsp; &emsp;--- 15 Oct 12:00:28 725 - Page URL:: https://i-car--staging.sandbox.my.salesforce.com/</small> </font> </div>
<div class="test-event"> <font color="maroon"> <small> &emsp; &emsp;--- 15 Oct 12:00:28 725 - <b>0</b> - Page Load Wait: (Sync) - ICar.support.Utils.waitForPageLoad(Utils.java:109)</small> </font> </div>
<div class="test-message">&emsp;Successfully navigated to 'Login' Page&emsp;<a href=".\ScreenShot\B2B1002_TC02_1255823816795100.png" target="_blank" >[ScreenShot]</a></div>
<div class="test-message">&emsp;1. Login page is launched.</div>
<div class="test-event"> <font color="maroon"> <small> &emsp; &emsp;--- 15 Oct 12:00:28 971 - Element is displayed:: [[ChromeDriver: chrome on WINDOWS (9511c161c6a204d13d93e9360ff7167c)] -> id: username]</small> </font> </div>
<div class="test-event"> <font color="maroon"> <small> &emsp; &emsp;--- 15 Oct 12:00:29 051 - Element is displayed:: [[ChromeDriver: chrome on WINDOWS (9511c161c6a204d13d93e9360ff7167c)] -> id: username]</small> </font> </div>
<div class="test-event"> <font color="maroon"> <small> &emsp; &emsp;--- 15 Oct 12:00:29 305 - Element is displayed:: [[ChromeDriver: chrome on WINDOWS (9511c161c6a204d13d93e9360ff7167c)] -> id: password]</small> </font> </div>
<div class="test-event"> <font color="maroon"> <small> &emsp; &emsp;--- 15 Oct 12:00:29 573 - Element is displayed:: [[ChromeDriver: chrome on WINDOWS (9511c161c6a204d13d93e9360ff7167c)] -> id: Login]</small> </font> </div>
<div class="test-event"> <font color="maroon"> <small> &emsp; &emsp;--- 15 Oct 12:01:03 275 - Catched spinner load exception due to Expected condition failed: waiting for ICar.support.WaitUtils$4@3e310ae5 (tried for 13 second(s) with 500 milliseconds interval)</small> </font> </div>
<div class="test-event"> <font color="maroon"> <small> &emsp; &emsp;--- 15 Oct 12:01:03 275 - <b>13</b> - Spinner Load Wait: (Sync) - ICar.support.WaitUtils.waitForSpinner(WaitUtils.java:225)</small> </font> </div>
<div class="test-event"> <font color="maroon"> <small> &emsp; &emsp;--- 15 Oct 12:01:23 122 - Catched spinner load exception due to Expected condition failed: waiting for ICar.support.WaitUtils$4@3e310ae5 (tried for 6 second(s) with 500 milliseconds interval)</small> </font> </div>
<div class="test-event"> <font color="maroon"> <small> &emsp; &emsp;--- 15 Oct 12:01:23 122 - <b>6</b> - Spinner Load Wait: (Sync) - ICar.support.WaitUtils.waitForSpinner(WaitUtils.java:225)</small> </font> </div>
<div class="test-event"> <font color="maroon"> <small> &emsp; &emsp;--- 15 Oct 12:01:23 305 - Element is displayed:: [[ChromeDriver: chrome on WINDOWS (9511c161c6a204d13d93e9360ff7167c)] -> css selector: button[class*='search-button']]</small> </font> </div>
<div class="test-message">&emsp;2. Navigate to 'SalesForce Page'</div>
<div class="test-event"> <font color="maroon"> <small> &emsp; &emsp;--- 15 Oct 12:01:23 904 - Page URL:: https://i-car--staging.sandbox.lightning.force.com/lightning/r/contact/0031i00000nuhghqae/view</small> </font> </div>
<div class="test-event"> <font color="maroon"> <small> &emsp; &emsp;--- 15 Oct 12:01:23 904 - <b>0</b> - Page Load Wait: (Sync) - ICar.support.Utils.waitForPageLoad(Utils.java:109)</small> </font> </div>
<div class="test-event"> <font color="maroon"> <small> &emsp; &emsp;--- 15 Oct 12:01:29 785 - Page URL:: https://i-car--staging.sandbox.lightning.force.com/lightning/r/contact/0031i00000nuhghqae/view</small> </font> </div>
<div class="test-event"> <font color="maroon"> <small> &emsp; &emsp;--- 15 Oct 12:01:29 785 - <b>0</b> - Page Load Wait: (Sync) - ICar.support.Utils.waitForPageLoad(Utils.java:109)</small> </font> </div>
<div class="test-message">&emsp;Close the tab</div>
<div class="test-message">&emsp;Successfully navigated to 'Login' Page&emsp;<a href=".\ScreenShot\B2B1002_TC02_1255890031223700.png" target="_blank" >[ScreenShot]</a></div>
<div class="test-event"> <font color="maroon"> <small> &emsp; &emsp;--- 15 Oct 12:01:40 465 - Catched spinner load exception due to Expected condition failed: waiting for ICar.support.WaitUtils$4@3e310ae5 (tried for 5 second(s) with 500 milliseconds interval)</small> </font> </div>
<div class="test-event"> <font color="maroon"> <small> &emsp; &emsp;--- 15 Oct 12:01:40 465 - <b>5</b> - Spinner Load Wait: (Sync) - ICar.support.WaitUtils.waitForSpinner(WaitUtils.java:225)</small> </font> </div>
<div class="test-event"> <font color="maroon"> <small> &emsp; &emsp;--- 15 Oct 12:01:40 677 - Page URL:: https://i-car--staging.sandbox.lightning.force.com/lightning/o/committee__c/list?filtername=__recent</small> </font> </div>
<div class="test-event"> <font color="maroon"> <small> &emsp; &emsp;--- 15 Oct 12:01:40 677 - <b>0</b> - Page Load Wait: (Sync) - ICar.support.Utils.waitForPageLoad(Utils.java:109)</small> </font> </div>
<div class="test-event"> <font color="maroon"> <small> &emsp; &emsp;--- 15 Oct 12:01:40 750 - Element is displayed:: [[ChromeDriver: chrome on WINDOWS (9511c161c6a204d13d93e9360ff7167c)] -> xpath: //div[contains(@class,'appLauncher ')]//button]</small> </font> </div>
<div class="test-event"> <font color="maroon"> <small> &emsp; &emsp;--- 15 Oct 12:01:40 814 - Element is displayed:: [[ChromeDriver: chrome on WINDOWS (9511c161c6a204d13d93e9360ff7167c)] -> xpath: //div[contains(@class,'appLauncher ')]//button]</small> </font> </div>
<div class="test-event"> <font color="maroon"> <small> &emsp; &emsp;--- 15 Oct 12:01:42 488 - Element is displayed:: [[ChromeDriver: chrome on WINDOWS (9511c161c6a204d13d93e9360ff7167c)] -> xpath: //input[@placeholder='Search apps and items...']]</small> </font> </div>
<div class="test-event"> <font color="maroon"> <small> &emsp; &emsp;--- 15 Oct 12:01:42 551 - Element is displayed:: [[ChromeDriver: chrome on WINDOWS (9511c161c6a204d13d93e9360ff7167c)] -> xpath: //input[@placeholder='Search apps and items...']]</small> </font> </div>
<div class="test-event"> <font color="maroon"> <small> &emsp; &emsp;--- 15 Oct 12:01:45 956 - Element is displayed:: [[ChromeDriver: chrome on WINDOWS (9511c161c6a204d13d93e9360ff7167c)] -> xpath: //lightning-formatted-rich-text/span/p/b[text()='Committees']]</small> </font> </div>
<div class="test-event"> <font color="maroon"> <small> &emsp; &emsp;--- 15 Oct 12:01:49 002 - Element is displayed:: [[ChromeDriver: chrome on WINDOWS (9511c161c6a204d13d93e9360ff7167c)] -> xpath: //lightning-formatted-rich-text/span/p/b[text()='Committees']]</small> </font> </div>
<div class="test-event"> <font color="maroon"> <small> &emsp; &emsp;--- 15 Oct 12:01:49 351 - Page URL:: https://i-car--staging.sandbox.lightning.force.com/lightning/o/committee__c/home</small> </font> </div>
<div class="test-event"> <font color="maroon"> <small> &emsp; &emsp;--- 15 Oct 12:01:49 351 - <b>0</b> - Page Load Wait: (Sync) - ICar.support.Utils.waitForPageLoad(Utils.java:109)</small> </font> </div>
<div class="test-event"> <font color="maroon"> <small> &emsp; &emsp;--- 15 Oct 12:01:54 677 - Catched spinner load exception due to Expected condition failed: waiting for ICar.support.WaitUtils$4@3e310ae5 (tried for 5 second(s) with 500 milliseconds interval)</small> </font> </div>
<div class="test-event"> <font color="maroon"> <small> &emsp; &emsp;--- 15 Oct 12:01:54 677 - <b>5</b> - Spinner Load Wait: (Sync) - ICar.support.WaitUtils.waitForSpinner(WaitUtils.java:225)</small> </font> </div>
<div class="test-event"> <font color="maroon"> <small> &emsp; &emsp;--- 15 Oct 12:01:54 862 - Page URL:: https://i-car--staging.sandbox.lightning.force.com/lightning/o/committee__c/list?filtername=__recent</small> </font> </div>
<div class="test-event"> <font color="maroon"> <small> &emsp; &emsp;--- 15 Oct 12:01:54 862 - <b>0</b> - Page Load Wait: (Sync) - ICar.support.Utils.waitForPageLoad(Utils.java:109)</small> </font> </div>
<div class="test-event"> <font color="maroon"> <small> &emsp; &emsp;--- 15 Oct 12:01:54 989 - Element is displayed:: [[ChromeDriver: chrome on WINDOWS (9511c161c6a204d13d93e9360ff7167c)] -> xpath: //div[contains(@class,'appLauncher ')]//button]</small> </font> </div>
<div class="test-event"> <font color="maroon"> <small> &emsp; &emsp;--- 15 Oct 12:01:55 064 - Element is displayed:: [[ChromeDriver: chrome on WINDOWS (9511c161c6a204d13d93e9360ff7167c)] -> xpath: //div[contains(@class,'appLauncher ')]//button]</small> </font> </div>
<div class="test-event"> <font color="maroon"> <small> &emsp; &emsp;--- 15 Oct 12:01:55 263 - Element is displayed:: [[ChromeDriver: chrome on WINDOWS (9511c161c6a204d13d93e9360ff7167c)] -> xpath: //input[@placeholder='Search apps and items...']]</small> </font> </div>
<div class="test-event"> <font color="maroon"> <small> &emsp; &emsp;--- 15 Oct 12:01:55 320 - Element is displayed:: [[ChromeDriver: chrome on WINDOWS (9511c161c6a204d13d93e9360ff7167c)] -> xpath: //input[@placeholder='Search apps and items...']]</small> </font> </div>
<div class="test-event"> <font color="maroon"> <small> &emsp; &emsp;--- 15 Oct 12:01:58 925 - Element is displayed:: [[ChromeDriver: chrome on WINDOWS (9511c161c6a204d13d93e9360ff7167c)] -> xpath: //lightning-formatted-rich-text/span/p/b[text()='Committee Members']]</small> </font> </div>
<div class="test-event"> <font color="maroon"> <small> &emsp; &emsp;--- 15 Oct 12:02:02 019 - Element is displayed:: [[ChromeDriver: chrome on WINDOWS (9511c161c6a204d13d93e9360ff7167c)] -> xpath: //lightning-formatted-rich-text/span/p/b[text()='Committee Members']]</small> </font> </div>
<div class="test-event"> <font color="maroon"> <small> &emsp; &emsp;--- 15 Oct 12:02:02 610 - Page URL:: https://i-car--staging.sandbox.lightning.force.com/lightning/o/committee_member__c/home</small> </font> </div>
<div class="test-event"> <font color="maroon"> <small> &emsp; &emsp;--- 15 Oct 12:02:02 610 - <b>0</b> - Page Load Wait: (Sync) - ICar.support.Utils.waitForPageLoad(Utils.java:109)</small> </font> </div>
<div class="test-message">&emsp;3. Enter the AccountName as : Alessandra Acosta:540-0799 El Paso, TX</div>
<div class="test-event"> <font color="maroon"> <small> &emsp; &emsp;--- 15 Oct 12:02:03 078 - Page URL:: https://i-car--staging.sandbox.lightning.force.com/lightning/o/committee_member__c/home</small> </font> </div>
<div class="test-event"> <font color="maroon"> <small> &emsp; &emsp;--- 15 Oct 12:02:03 078 - <b>0</b> - Page Load Wait: (Sync) - ICar.support.Utils.waitForPageLoad(Utils.java:109)</small> </font> </div>
<div class="test-event"> <font color="maroon"> <small> &emsp; &emsp;--- 15 Oct 12:02:03 146 - Element is displayed:: [[ChromeDriver: chrome on WINDOWS (9511c161c6a204d13d93e9360ff7167c)] -> css selector: button[class*='search-button']]</small> </font> </div>
<div class="test-event"> <font color="maroon"> <small> &emsp; &emsp;--- 15 Oct 12:02:05 281 - Catched spinner load exception due to Expected condition failed: waiting for ICar.support.WaitUtils$4@3e310ae5 (tried for 2 second(s) with 500 milliseconds interval)</small> </font> </div>
<div class="test-event"> <font color="maroon"> <small> &emsp; &emsp;--- 15 Oct 12:02:05 282 - <b>2</b> - Spinner Load Wait: (Sync) - ICar.support.WaitUtils.waitForSpinner(WaitUtils.java:225)</small> </font> </div>
<div class="test-event"> <font color="maroon"> <small> &emsp; &emsp;--- 15 Oct 12:02:08 466 - Element is displayed:: [[ChromeDriver: chrome on WINDOWS (9511c161c6a204d13d93e9360ff7167c)] -> css selector: button[class*='search-button']]</small> </font> </div>
<div class="test-event"> <font color="maroon"> <small> &emsp; &emsp;--- 15 Oct 12:02:09 188 - Page URL:: https://i-car--staging.sandbox.lightning.force.com/lightning/o/committee_member__c/home</small> </font> </div>
<div class="test-event"> <font color="maroon"> <small> &emsp; &emsp;--- 15 Oct 12:02:09 188 - <b>0</b> - Page Load Wait: (Sync) - ICar.support.Utils.waitForPageLoad(Utils.java:109)</small> </font> </div>
<div class="test-event"> <font color="maroon"> <small> &emsp; &emsp;--- 15 Oct 12:02:25 864 - Catched spinner load exception due to Expected condition failed: waiting for ICar.support.WaitUtils$4@3e310ae5 (tried for 10 second(s) with 500 milliseconds interval)</small> </font> </div>
<div class="test-event"> <font color="maroon"> <small> &emsp; &emsp;--- 15 Oct 12:02:25 864 - <b>10</b> - Spinner Load Wait: (Sync) - ICar.support.WaitUtils.waitForSpinner(WaitUtils.java:225)</small> </font> </div>
<div class="test-event"> <font color="maroon"> <small> &emsp; &emsp;--- 15 Oct 12:02:26 232 - Page URL:: https://i-car--staging.sandbox.lightning.force.com/one/one.app#eyjjb21wb25lbnrezwyioijmb3jjzvnlyxjjadpzzwfyy2hqywdlrgvza3rvccisimf0dhjpynv0zxmionsidgvybsi6ikfszxnzyw5kcmegqwnvc3rhoju0mc0wnzk5ievsifbhc28sifryiiwic2nvcgvnyxaionsidhlwzsi6ilrpuf9srvnvtfrtiiwibmftzxnwywnlijoiiiwibgfizwwioijub3agumvzdwx0cyisimxhymvsugx1cmfsijoivg9wifjlc3vsdhmilcjyzxn1bhrzq21wijoizm9yy2vtzwfyy2g6chjlzgljdgvkumvzdwx0cyj9lcjjb250zxh0ijp7ikzjtfrfulmiont9lcjzzwfyy2htb3vyy2uioijbu1nju1rbtlrfrelbte9hiiwizglzywjszuludgvudff1zxj5ijpmywxzzswizglzywjszvnwzwxsq29ycmvjdglvbii6zmfsc2usinnlyxjjaerpywxvz1nlc3npb25jzci6imq4zmq3nge1lwrmzjetnzuyyy0ymjkzltjkmzuxmzjiyzg4ysisimrlynvnsw5mbyi6eyjhchboyw1lijoisunhcl9tzxj2awnlx0nvbnnvbguilcjhchbuexblijoiq29uc29szsisimfwce5hbwvzcgfjzsi6immilcjsb2nhdglvbii6imzvcmnlom9iamvjdehvbwvezxnrdg9wiiwic29iamvjdfr5cguioijdb21taxr0zwvftwvtymvyx19jin19lcjncm91celkijoirevgqvvmvcj9lcjzdgf0zsi6e319</small> </font> </div>
<div class="test-event"> <font color="maroon"> <small> &emsp; &emsp;--- 15 Oct 12:02:26 232 - <b>0</b> - Page Load Wait: (Sync) - ICar.support.Utils.waitForPageLoad(Utils.java:109)</small> </font> </div>
<div class="test-event"> <font color="maroon"> <small> &emsp; &emsp;--- 15 Oct 12:02:26 583 - Page URL:: https://i-car--staging.sandbox.lightning.force.com/one/one.app#eyjjb21wb25lbnrezwyioijmb3jjzvnlyxjjadpzzwfyy2hqywdlrgvza3rvccisimf0dhjpynv0zxmionsidgvybsi6ikfszxnzyw5kcmegqwnvc3rhoju0mc0wnzk5ievsifbhc28sifryiiwic2nvcgvnyxaionsidhlwzsi6ilrpuf9srvnvtfrtiiwibmftzxnwywnlijoiiiwibgfizwwioijub3agumvzdwx0cyisimxhymvsugx1cmfsijoivg9wifjlc3vsdhmilcjyzxn1bhrzq21wijoizm9yy2vtzwfyy2g6chjlzgljdgvkumvzdwx0cyj9lcjjb250zxh0ijp7ikzjtfrfulmiont9lcjzzwfyy2htb3vyy2uioijbu1nju1rbtlrfrelbte9hiiwizglzywjszuludgvudff1zxj5ijpmywxzzswizglzywjszvnwzwxsq29ycmvjdglvbii6zmfsc2usinnlyxjjaerpywxvz1nlc3npb25jzci6imq4zmq3nge1lwrmzjetnzuyyy0ymjkzltjkmzuxmzjiyzg4ysisimrlynvnsw5mbyi6eyjhchboyw1lijoisunhcl9tzxj2awnlx0nvbnnvbguilcjhchbuexblijoiq29uc29szsisimfwce5hbwvzcgfjzsi6immilcjsb2nhdglvbii6imzvcmnlom9iamvjdehvbwvezxnrdg9wiiwic29iamvjdfr5cguioijdb21taxr0zwvftwvtymvyx19jin19lcjncm91celkijoirevgqvvmvcj9lcjzdgf0zsi6e319</small> </font> </div>
<div class="test-event"> <font color="maroon"> <small> &emsp; &emsp;--- 15 Oct 12:02:26 583 - <b>0</b> - Page Load Wait: (Sync) - ICar.support.Utils.waitForPageLoad(Utils.java:109)</small> </font> </div>
<div class="test-event"> <font color="maroon"> <small> &emsp; &emsp;--- 15 Oct 12:02:36 779 - Catched spinner load exception due to Expected condition failed: waiting for ICar.support.WaitUtils$4@3e310ae5 (tried for 10 second(s) with 500 milliseconds interval)</small> </font> </div>
<div class="test-event"> <font color="maroon"> <small> &emsp; &emsp;--- 15 Oct 12:02:36 779 - <b>10</b> - Spinner Load Wait: (Sync) - ICar.support.WaitUtils.waitForSpinner(WaitUtils.java:225)</small> </font> </div>
<div class="test-event"> <font color="maroon"> <small> &emsp; &emsp;--- 15 Oct 12:02:36 814 - Element is displayed:: [[ChromeDriver: chrome on WINDOWS (9511c161c6a204d13d93e9360ff7167c)] -> css selector: div.forceSearchResultsRegion div.resultsMultiWrapper >div > div table tbody th a]</small> </font> </div>
<div class="test-event"> <font color="maroon"> <small> &emsp; &emsp;--- 15 Oct 12:02:36 914 - Element is displayed:: [[ChromeDriver: chrome on WINDOWS (9511c161c6a204d13d93e9360ff7167c)] -> css selector: div.forceSearchResultsRegion div.resultsMultiWrapper >div > div table tbody th a]</small> </font> </div>
<div class="test-event"> <font color="maroon"> <small> &emsp; &emsp;--- 15 Oct 12:02:37 451 - Page URL:: https://i-car--staging.sandbox.lightning.force.com/one/one.app#eyjjb21wb25lbnrezwyioijmb3jjzvnlyxjjadpzzwfyy2hqywdlrgvza3rvccisimf0dhjpynv0zxmionsidgvybsi6ikfszxnzyw5kcmegqwnvc3rhoju0mc0wnzk5ievsifbhc28sifryiiwic2nvcgvnyxaionsidhlwzsi6ilrpuf9srvnvtfrtiiwibmftzxnwywnlijoiiiwibgfizwwioijub3agumvzdwx0cyisimxhymvsugx1cmfsijoivg9wifjlc3vsdhmilcjyzxn1bhrzq21wijoizm9yy2vtzwfyy2g6chjlzgljdgvkumvzdwx0cyj9lcjjb250zxh0ijp7ikzjtfrfulmiont9lcjzzwfyy2htb3vyy2uioijbu1nju1rbtlrfrelbte9hiiwizglzywjszuludgvudff1zxj5ijpmywxzzswizglzywjszvnwzwxsq29ycmvjdglvbii6zmfsc2usinnlyxjjaerpywxvz1nlc3npb25jzci6imq4zmq3nge1lwrmzjetnzuyyy0ymjkzltjkmzuxmzjiyzg4ysisimrlynvnsw5mbyi6eyjhchboyw1lijoisunhcl9tzxj2awnlx0nvbnnvbguilcjhchbuexblijoiq29uc29szsisimfwce5hbwvzcgfjzsi6immilcjsb2nhdglvbii6imzvcmnlom9iamvjdehvbwvezxnrdg9wiiwic29iamvjdfr5cguioijdb21taxr0zwvftwvtymvyx19jin19lcjncm91celkijoirevgqvvmvcj9lcjzdgf0zsi6e319</small> </font> </div>
<div class="test-event"> <font color="maroon"> <small> &emsp; &emsp;--- 15 Oct 12:02:37 451 - <b>0</b> - Page Load Wait: (Sync) - ICar.support.Utils.waitForPageLoad(Utils.java:109)</small> </font> </div>
<div class="test-message">&emsp;Role displayed Committee Officer</div>
<div class="test-message">&emsp;Successfully verified - Contact name Alessandra Veronica Acosta whose role displayed as Committee Officer</div>
<div class="test-event"> <font color="maroon"> <small> &emsp; &emsp;--- 15 Oct 12:02:43 471 - Page URL:: https://i-car--staging.sandbox.lightning.force.com/lightning/r/committee_member__c/a371i000000ir8rqaa/view</small> </font> </div>
<div class="test-event"> <font color="maroon"> <small> &emsp; &emsp;--- 15 Oct 12:02:43 471 - <b>0</b> - Page Load Wait: (Sync) - ICar.support.Utils.waitForPageLoad(Utils.java:109)</small> </font> </div>
<div class="test-event"> <font color="maroon"> <small> &emsp; &emsp;--- 15 Oct 12:02:48 653 - Page URL:: https://i-car--staging.sandbox.lightning.force.com/lightning/r/committee_member__c/a371i000000ir8rqaa/view</small> </font> </div>
<div class="test-event"> <font color="maroon"> <small> &emsp; &emsp;--- 15 Oct 12:02:48 653 - <b>0</b> - Page Load Wait: (Sync) - ICar.support.Utils.waitForPageLoad(Utils.java:109)</small> </font> </div>
<div class="test-event"> <font color="maroon"> <small> &emsp; &emsp;--- 15 Oct 12:02:53 048 - Page URL:: https://i-car--staging.sandbox.lightning.force.com/lightning/r/committee_member__c/a371i000000ir8rqaa/view</small> </font> </div>
<div class="test-event"> <font color="maroon"> <small> &emsp; &emsp;--- 15 Oct 12:02:53 048 - <b>0</b> - Page Load Wait: (Sync) - ICar.support.Utils.waitForPageLoad(Utils.java:109)</small> </font> </div>
<div class="test-event"> <font color="maroon"> <small> &emsp; &emsp;--- 15 Oct 12:02:53 095 - Element is displayed:: [[ChromeDriver: chrome on WINDOWS (9511c161c6a204d13d93e9360ff7167c)] -> css selector: button[class*='search-button']]</small> </font> </div>
<div class="test-event"> <font color="maroon"> <small> &emsp; &emsp;--- 15 Oct 12:02:55 277 - Catched spinner load exception due to Expected condition failed: waiting for ICar.support.WaitUtils$4@3e310ae5 (tried for 2 second(s) with 500 milliseconds interval)</small> </font> </div>
<div class="test-event"> <font color="maroon"> <small> &emsp; &emsp;--- 15 Oct 12:02:55 277 - <b>2</b> - Spinner Load Wait: (Sync) - ICar.support.WaitUtils.waitForSpinner(WaitUtils.java:225)</small> </font> </div>
<div class="test-event"> <font color="maroon"> <small> &emsp; &emsp;--- 15 Oct 12:02:58 391 - Element is displayed:: [[ChromeDriver: chrome on WINDOWS (9511c161c6a204d13d93e9360ff7167c)] -> css selector: button[class*='search-button']]</small> </font> </div>
<div class="test-event"> <font color="maroon"> <small> &emsp; &emsp;--- 15 Oct 12:02:58 945 - Page URL:: https://i-car--staging.sandbox.lightning.force.com/lightning/o/committee__c/list?filtername=__recent</small> </font> </div>
<div class="test-event"> <font color="maroon"> <small> &emsp; &emsp;--- 15 Oct 12:02:58 945 - <b>0</b> - Page Load Wait: (Sync) - ICar.support.Utils.waitForPageLoad(Utils.java:109)</small> </font> </div>
<div class="test-event"> <font color="maroon"> <small> &emsp; &emsp;--- 15 Oct 12:03:18 264 - Catched spinner load exception due to Expected condition failed: waiting for ICar.support.WaitUtils$4@3e310ae5 (tried for 10 second(s) with 500 milliseconds interval)</small> </font> </div>
<div class="test-event"> <font color="maroon"> <small> &emsp; &emsp;--- 15 Oct 12:03:18 264 - <b>10</b> - Spinner Load Wait: (Sync) - ICar.support.WaitUtils.waitForSpinner(WaitUtils.java:225)</small> </font> </div>
<div class="test-event"> <font color="maroon"> <small> &emsp; &emsp;--- 15 Oct 12:03:19 191 - Page URL:: https://i-car--staging.sandbox.lightning.force.com/one/one.app#eyjjb21wb25lbnrezwyioijmb3jjzvnlyxjjadpzzwfyy2hqywdlrgvza3rvccisimf0dhjpynv0zxmionsidgvybsi6iji2mtqzmdgilcjzy29wzu1hcci6eyj0exblijoive9qx1jfu1vmvfmilcjuyw1lc3bhy2uioiiilcjsywjlbci6ilrvccbszxn1bhrziiwibgfizwxqbhvyywwioijub3agumvzdwx0cyisinjlc3vsdhndbxaioijmb3jjzvnlyxjjadpwcmvkawn0zwrszxn1bhrzin0simnvbnrlehqionsirklmvevsuyi6e30sinnlyxjjafnvdxjjzsi6ikftu0ltvefovf9esufmt0cilcjkaxnhymxlsw50zw50uxvlcnkiomzhbhnllcjkaxnhymxlu3blbgxdb3jyzwn0aw9uijpmywxzzswic2vhcmnorglhbg9nu2vzc2lvbklkijoimzhhogi4ogutytzhmi1hmtqwlti1zgitmgq0nwu0ownhyjuziiwizgvidwdjbmzvijp7imfwce5hbwuioijjq2fyx1nlcnzpy2vfq29uc29szsisimfwcfr5cguioijdb25zb2xliiwiyxbwtmftzxnwywnlijoiyyisimxvy2f0aw9uijoizm9yy2u6b2jqzwn0sg9tzurlc2t0b3ailcjzb2jqzwn0vhlwzsi6iknvbw1pdhrlzv9fyyj9fswiz3jvdxbjzci6ikrfrkfvtfqifswic3rhdguiont9fq%3d%3d</small> </font> </div>
<div class="test-event"> <font color="maroon"> <small> &emsp; &emsp;--- 15 Oct 12:03:19 191 - <b>0</b> - Page Load Wait: (Sync) - ICar.support.Utils.waitForPageLoad(Utils.java:109)</small> </font> </div>
<div class="test-event"> <font color="maroon"> <small> &emsp; &emsp;--- 15 Oct 12:03:30 686 - Catched spinner load exception due to Expected condition failed: waiting for ICar.support.WaitUtils$4@3e310ae5 (tried for 11 second(s) with 500 milliseconds interval)</small> </font> </div>
<div class="test-event"> <font color="maroon"> <small> &emsp; &emsp;--- 15 Oct 12:03:30 686 - <b>11</b> - Spinner Load Wait: (Sync) - ICar.support.WaitUtils.waitForSpinner(WaitUtils.java:225)</small> </font> </div>
<div class="test-event"> <font color="maroon"> <small> &emsp; &emsp;--- 15 Oct 12:03:31 555 - Page URL:: https://i-car--staging.sandbox.lightning.force.com/one/one.app#eyjjb21wb25lbnrezwyioijmb3jjzvnlyxjjadpzzwfyy2hqywdlrgvza3rvccisimf0dhjpynv0zxmionsidgvybsi6iji2mtqzmdgilcjzy29wzu1hcci6eyj0exblijoive9qx1jfu1vmvfmilcjuyw1lc3bhy2uioiiilcjsywjlbci6ilrvccbszxn1bhrziiwibgfizwxqbhvyywwioijub3agumvzdwx0cyisinjlc3vsdhndbxaioijmb3jjzvnlyxjjadpwcmvkawn0zwrszxn1bhrzin0simnvbnrlehqionsirklmvevsuyi6e30sinnlyxjjafnvdxjjzsi6ikftu0ltvefovf9esufmt0cilcjkaxnhymxlsw50zw50uxvlcnkiomzhbhnllcjkaxnhymxlu3blbgxdb3jyzwn0aw9uijpmywxzzswic2vhcmnorglhbg9nu2vzc2lvbklkijoimzhhogi4ogutytzhmi1hmtqwlti1zgitmgq0nwu0ownhyjuziiwizgvidwdjbmzvijp7imfwce5hbwuioijjq2fyx1nlcnzpy2vfq29uc29szsisimfwcfr5cguioijdb25zb2xliiwiyxbwtmftzxnwywnlijoiyyisimxvy2f0aw9uijoizm9yy2u6b2jqzwn0sg9tzurlc2t0b3ailcjzb2jqzwn0vhlwzsi6iknvbw1pdhrlzv9fyyj9fswiz3jvdxbjzci6ikrfrkfvtfqifswic3rhdguiont9fq%3d%3d</small> </font> </div>
<div class="test-event"> <font color="maroon"> <small> &emsp; &emsp;--- 15 Oct 12:03:31 555 - <b>0</b> - Page Load Wait: (Sync) - ICar.support.Utils.waitForPageLoad(Utils.java:109)</small> </font> </div>
<div class="test-event"> <font color="maroon"> <small> &emsp; &emsp;--- 15 Oct 12:03:31 627 - Element is displayed:: [[ChromeDriver: chrome on WINDOWS (9511c161c6a204d13d93e9360ff7167c)] -> xpath: //a[@title='Top Results']//span[text()='Top Results']]</small> </font> </div>
<div class="test-event"> <font color="maroon"> <small> &emsp; &emsp;--- 15 Oct 12:03:32 044 - Page URL:: https://i-car--staging.sandbox.lightning.force.com/one/one.app#eyjjb21wb25lbnrezwyioijmb3jjzvnlyxjjadpzzwfyy2hqywdlrgvza3rvccisimf0dhjpynv0zxmionsidgvybsi6iji2mtqzmdgilcjzy29wzu1hcci6eyj0exblijoive9qx1jfu1vmvfmilcjuyw1lc3bhy2uioiiilcjsywjlbci6ilrvccbszxn1bhrziiwibgfizwxqbhvyywwioijub3agumvzdwx0cyisinjlc3vsdhndbxaioijmb3jjzvnlyxjjadpwcmvkawn0zwrszxn1bhrzin0simnvbnrlehqionsirklmvevsuyi6e30sinnlyxjjafnvdxjjzsi6ikftu0ltvefovf9esufmt0cilcjkaxnhymxlsw50zw50uxvlcnkiomzhbhnllcjkaxnhymxlu3blbgxdb3jyzwn0aw9uijpmywxzzswic2vhcmnorglhbg9nu2vzc2lvbklkijoimzhhogi4ogutytzhmi1hmtqwlti1zgitmgq0nwu0ownhyjuziiwizgvidwdjbmzvijp7imfwce5hbwuioijjq2fyx1nlcnzpy2vfq29uc29szsisimfwcfr5cguioijdb25zb2xliiwiyxbwtmftzxnwywnlijoiyyisimxvy2f0aw9uijoizm9yy2u6b2jqzwn0sg9tzurlc2t0b3ailcjzb2jqzwn0vhlwzsi6iknvbw1pdhrlzv9fyyj9fswiz3jvdxbjzci6ikrfrkfvtfqifswic3rhdguiont9fq%3d%3d</small> </font> </div>
<div class="test-event"> <font color="maroon"> <small> &emsp; &emsp;--- 15 Oct 12:03:32 044 - <b>0</b> - Page Load Wait: (Sync) - ICar.support.Utils.waitForPageLoad(Utils.java:109)</small> </font> </div>
<div class="test-event"> <font color="maroon"> <small> &emsp; &emsp;--- 15 Oct 12:03:37 465 - Catched spinner load exception due to Expected condition failed: waiting for ICar.support.WaitUtils$4@3e310ae5 (tried for 5 second(s) with 500 milliseconds interval)</small> </font> </div>
<div class="test-event"> <font color="maroon"> <small> &emsp; &emsp;--- 15 Oct 12:03:37 465 - <b>5</b> - Spinner Load Wait: (Sync) - ICar.support.WaitUtils.waitForSpinner(WaitUtils.java:225)</small> </font> </div>
<div class="test-event"> <font color="maroon"> <small> &emsp; &emsp;--- 15 Oct 12:03:38 313 - Page URL:: https://i-car--staging.sandbox.lightning.force.com/one/one.app#eyjjb21wb25lbnrezwyioijmb3jjzvnlyxjjadpzzwfyy2hqywdlrgvza3rvccisimf0dhjpynv0zxmionsidgvybsi6iji2mtqzmdgilcjzy29wzu1hcci6eyj0exblijoive9qx1jfu1vmvfmilcjuyw1lc3bhy2uioiiilcjsywjlbci6ilrvccbszxn1bhrziiwibgfizwxqbhvyywwioijub3agumvzdwx0cyisinjlc3vsdhndbxaioijmb3jjzvnlyxjjadpwcmvkawn0zwrszxn1bhrzin0simnvbnrlehqionsirklmvevsuyi6e30sinnlyxjjafnvdxjjzsi6ikftu0ltvefovf9esufmt0cilcjkaxnhymxlsw50zw50uxvlcnkiomzhbhnllcjkaxnhymxlu3blbgxdb3jyzwn0aw9uijpmywxzzswic2vhcmnorglhbg9nu2vzc2lvbklkijoimzhhogi4ogutytzhmi1hmtqwlti1zgitmgq0nwu0ownhyjuziiwizgvidwdjbmzvijp7imfwce5hbwuioijjq2fyx1nlcnzpy2vfq29uc29szsisimfwcfr5cguioijdb25zb2xliiwiyxbwtmftzxnwywnlijoiyyisimxvy2f0aw9uijoizm9yy2u6b2jqzwn0sg9tzurlc2t0b3ailcjzb2jqzwn0vhlwzsi6iknvbw1pdhrlzv9fyyj9fswiz3jvdxbjzci6ikrfrkfvtfqifswic3rhdguiont9fq%3d%3d</small> </font> </div>
<div class="test-event"> <font color="maroon"> <small> &emsp; &emsp;--- 15 Oct 12:03:38 313 - <b>0</b> - Page Load Wait: (Sync) - ICar.support.Utils.waitForPageLoad(Utils.java:109)</small> </font> </div>
<div class="test-event"> <font color="maroon"> <small> &emsp; &emsp;--- 15 Oct 12:03:39 146 - Page URL:: https://i-car--staging.sandbox.lightning.force.com/one/one.app#eyjjb21wb25lbnrezwyioijmb3jjzvnlyxjjadpzzwfyy2hqywdlrgvza3rvccisimf0dhjpynv0zxmionsidgvybsi6iji2mtqzmdgilcjzy29wzu1hcci6eyj0exblijoive9qx1jfu1vmvfmilcjuyw1lc3bhy2uioiiilcjsywjlbci6ilrvccbszxn1bhrziiwibgfizwxqbhvyywwioijub3agumvzdwx0cyisinjlc3vsdhndbxaioijmb3jjzvnlyxjjadpwcmvkawn0zwrszxn1bhrzin0simnvbnrlehqionsirklmvevsuyi6e30sinnlyxjjafnvdxjjzsi6ikftu0ltvefovf9esufmt0cilcjkaxnhymxlsw50zw50uxvlcnkiomzhbhnllcjkaxnhymxlu3blbgxdb3jyzwn0aw9uijpmywxzzswic2vhcmnorglhbg9nu2vzc2lvbklkijoimzhhogi4ogutytzhmi1hmtqwlti1zgitmgq0nwu0ownhyjuziiwizgvidwdjbmzvijp7imfwce5hbwuioijjq2fyx1nlcnzpy2vfq29uc29szsisimfwcfr5cguioijdb25zb2xliiwiyxbwtmftzxnwywnlijoiyyisimxvy2f0aw9uijoizm9yy2u6b2jqzwn0sg9tzurlc2t0b3ailcjzb2jqzwn0vhlwzsi6iknvbw1pdhrlzv9fyyj9fswiz3jvdxbjzci6ikrfrkfvtfqifswic3rhdguiont9fq%3d%3d</small> </font> </div>
<div class="test-event"> <font color="maroon"> <small> &emsp; &emsp;--- 15 Oct 12:03:39 147 - <b>0</b> - Page Load Wait: (Sync) - ICar.support.Utils.waitForPageLoad(Utils.java:109)</small> </font> </div>
<div class="test-event"> <font color="maroon"> <small> &emsp; &emsp;--- 15 Oct 12:03:39 971 - Page URL:: https://i-car--staging.sandbox.lightning.force.com/one/one.app#eyjjb21wb25lbnrezwyioijmb3jjzvnlyxjjadpzzwfyy2hqywdlrgvza3rvccisimf0dhjpynv0zxmionsidgvybsi6iji2mtqzmdgilcjzy29wzu1hcci6eyj0exblijoive9qx1jfu1vmvfmilcjuyw1lc3bhy2uioiiilcjsywjlbci6ilrvccbszxn1bhrziiwibgfizwxqbhvyywwioijub3agumvzdwx0cyisinjlc3vsdhndbxaioijmb3jjzvnlyxjjadpwcmvkawn0zwrszxn1bhrzin0simnvbnrlehqionsirklmvevsuyi6e30sinnlyxjjafnvdxjjzsi6ikftu0ltvefovf9esufmt0cilcjkaxnhymxlsw50zw50uxvlcnkiomzhbhnllcjkaxnhymxlu3blbgxdb3jyzwn0aw9uijpmywxzzswic2vhcmnorglhbg9nu2vzc2lvbklkijoimzhhogi4ogutytzhmi1hmtqwlti1zgitmgq0nwu0ownhyjuziiwizgvidwdjbmzvijp7imfwce5hbwuioijjq2fyx1nlcnzpy2vfq29uc29szsisimfwcfr5cguioijdb25zb2xliiwiyxbwtmftzxnwywnlijoiyyisimxvy2f0aw9uijoizm9yy2u6b2jqzwn0sg9tzurlc2t0b3ailcjzb2jqzwn0vhlwzsi6iknvbw1pdhrlzv9fyyj9fswiz3jvdxbjzci6ikrfrkfvtfqifswic3rhdguiont9fq%3d%3d</small> </font> </div>
<div class="test-event"> <font color="maroon"> <small> &emsp; &emsp;--- 15 Oct 12:03:39 971 - <b>0</b> - Page Load Wait: (Sync) - ICar.support.Utils.waitForPageLoad(Utils.java:109)</small> </font> </div>
<div class="test-event"> <font color="maroon"> <small> &emsp; &emsp;--- 15 Oct 12:03:48 325 - Catched spinner load exception due to Expected condition failed: waiting for ICar.support.WaitUtils$4@3e310ae5 (tried for 8 second(s) with 500 milliseconds interval)</small> </font> </div>
<div class="test-event"> <font color="maroon"> <small> &emsp; &emsp;--- 15 Oct 12:03:48 325 - <b>8</b> - Spinner Load Wait: (Sync) - ICar.support.WaitUtils.waitForSpinner(WaitUtils.java:225)</small> </font> </div>
<div class="test-event"> <font color="maroon"> <small> &emsp; &emsp;--- 15 Oct 12:03:49 123 - Page URL:: https://i-car--staging.sandbox.lightning.force.com/one/one.app#eyjjb21wb25lbnrezwyioijmb3jjzvnlyxjjadpzzwfyy2hqywdlrgvza3rvccisimf0dhjpynv0zxmionsidgvybsi6iji2mtqzmdgilcjzy29wzu1hcci6eyj0exblijoive9qx1jfu1vmvfmilcjuyw1lc3bhy2uioiiilcjsywjlbci6ilrvccbszxn1bhrziiwibgfizwxqbhvyywwioijub3agumvzdwx0cyisinjlc3vsdhndbxaioijmb3jjzvnlyxjjadpwcmvkawn0zwrszxn1bhrzin0simnvbnrlehqionsirklmvevsuyi6e30sinnlyxjjafnvdxjjzsi6ikftu0ltvefovf9esufmt0cilcjkaxnhymxlsw50zw50uxvlcnkiomzhbhnllcjkaxnhymxlu3blbgxdb3jyzwn0aw9uijpmywxzzswic2vhcmnorglhbg9nu2vzc2lvbklkijoimzhhogi4ogutytzhmi1hmtqwlti1zgitmgq0nwu0ownhyjuziiwizgvidwdjbmzvijp7imfwce5hbwuioijjq2fyx1nlcnzpy2vfq29uc29szsisimfwcfr5cguioijdb25zb2xliiwiyxbwtmftzxnwywnlijoiyyisimxvy2f0aw9uijoizm9yy2u6b2jqzwn0sg9tzurlc2t0b3ailcjzb2jqzwn0vhlwzsi6iknvbw1pdhrlzv9fyyj9fswiz3jvdxbjzci6ikrfrkfvtfqifswic3rhdguiont9fq%3d%3d</small> </font> </div>
<div class="test-event"> <font color="maroon"> <small> &emsp; &emsp;--- 15 Oct 12:03:49 124 - <b>0</b> - Page Load Wait: (Sync) - ICar.support.Utils.waitForPageLoad(Utils.java:109)</small> </font> </div>
<div class="test-event"> <font color="maroon"> <small> &emsp; &emsp;--- 15 Oct 12:03:51 249 - Element is displayed:: [[ChromeDriver: chrome on WINDOWS (9511c161c6a204d13d93e9360ff7167c)] -> xpath: //div[contains(@class,'forceSearchResultsRegion')]//div[contains(@class,'resultsMultiWrapper')]/div/div[1]//following::h2//a]</small> </font> </div>
<div class="test-event"> <font color="maroon"> <small> &emsp; &emsp;--- 15 Oct 12:03:51 457 - Element is displayed:: [[ChromeDriver: chrome on WINDOWS (9511c161c6a204d13d93e9360ff7167c)] -> xpath: //a[text()='Contacts']]</small> </font> </div>
<div class="test-event"> <font color="maroon"> <small> &emsp; &emsp;--- 15 Oct 12:03:55 533 - Element is displayed:: [[ChromeDriver: chrome on WINDOWS (9511c161c6a204d13d93e9360ff7167c)] -> xpath: //div[text()='Contacts']//following :: table//tbody//th//span /a]</small> </font> </div>
<div class="test-message">&emsp;4.Enter ICAR ID  2614308</div>
<div class="test-event"> <font color="maroon"> <small> &emsp; &emsp;--- 15 Oct 12:04:06 548 - Element is displayed:: [[ChromeDriver: chrome on WINDOWS (9511c161c6a204d13d93e9360ff7167c)] -> xpath: //a/img[@alt='Login Image']|//button[@id='btn-login']]</small> </font> </div>
<div class="test-event"> <font color="maroon"> <small> &emsp; &emsp;--- 15 Oct 12:04:06 606 - Element is displayed:: [[ChromeDriver: chrome on WINDOWS (9511c161c6a204d13d93e9360ff7167c)] -> xpath: //a/img[@alt='Login Image']|//button[@id='btn-login']]</small> </font> </div>
<div class="test-message">&emsp;Successfully navigated to 'Home' Page&emsp;<a href=".\ScreenShot\B2B1002_TC02_1256041697699200.png" target="_blank" >[ScreenShot]</a></div>
<div class="test-message">&emsp;1. Home page is launched.</div>
<div class="test-event"> <font color="maroon"> <small> &emsp; &emsp;--- 15 Oct 12:04:07 046 - Page URL:: https://www.icarstage.com/</small> </font> </div>
<div class="test-event"> <font color="maroon"> <small> &emsp; &emsp;--- 15 Oct 12:04:07 046 - <b>0</b> - Page Load Wait: (Sync) - ICar.support.Utils.waitForPageLoad(Utils.java:109)</small> </font> </div>
<div class="test-event"> <font color="maroon"> <small> &emsp; &emsp;--- 15 Oct 12:04:07 111 - Element is displayed:: [[ChromeDriver: chrome on WINDOWS (9511c161c6a204d13d93e9360ff7167c)] -> xpath: //a/img[@alt='Login Image']|//button[@id='btn-login']]</small> </font> </div>
<div class="test-event"> <font color="maroon"> <small> &emsp; &emsp;--- 15 Oct 12:04:07 166 - Element is displayed:: [[ChromeDriver: chrome on WINDOWS (9511c161c6a204d13d93e9360ff7167c)] -> xpath: //a/img[@alt='Login Image']|//button[@id='btn-login']]</small> </font> </div>
<div class="test-event"> <font color="maroon"> <small> &emsp; &emsp;--- 15 Oct 12:04:25 869 - Catched spinner load exception due to Expected condition failed: waiting for ICar.support.WaitUtils$4@3e310ae5 (tried for 15 second(s) with 500 milliseconds interval)</small> </font> </div>
<div class="test-event"> <font color="maroon"> <small> &emsp; &emsp;--- 15 Oct 12:04:25 869 - <b>15</b> - Spinner Load Wait: (Sync) - ICar.support.WaitUtils.waitForSpinner(WaitUtils.java:225)</small> </font> </div>
<div class="test-message">&emsp;2. Login page  should be successfully display</div>
<div class="test-message">&emsp;Successfully navigated to 'Login' Page&emsp;<a href=".\ScreenShot\B2B1002_TC02_1256060965465500.png" target="_blank" >[ScreenShot]</a></div>
<div class="test-event"> <font color="maroon"> <small> &emsp; &emsp;--- 15 Oct 12:04:26 235 - Element is displayed:: [[ChromeDriver: chrome on WINDOWS (9511c161c6a204d13d93e9360ff7167c)] -> id: username]</small> </font> </div>
<div class="test-event"> <font color="maroon"> <small> &emsp; &emsp;--- 15 Oct 12:04:26 300 - Element is displayed:: [[ChromeDriver: chrome on WINDOWS (9511c161c6a204d13d93e9360ff7167c)] -> id: username]</small> </font> </div>
<div class="test-event"> <font color="maroon"> <small> &emsp; &emsp;--- 15 Oct 12:04:26 556 - Element is displayed:: [[ChromeDriver: chrome on WINDOWS (9511c161c6a204d13d93e9360ff7167c)] -> id: password]</small> </font> </div>
<div class="test-event"> <font color="maroon"> <small> &emsp; &emsp;--- 15 Oct 12:04:26 748 - Element is displayed:: [[ChromeDriver: chrome on WINDOWS (9511c161c6a204d13d93e9360ff7167c)] -> id: btn-login]</small> </font> </div>
<div class="test-event"> <font color="maroon"> <small> &emsp; &emsp;--- 15 Oct 12:04:40 238 - Catched spinner load exception due to Expected condition failed: waiting for ICar.support.WaitUtils$4@3e310ae5 (tried for 13 second(s) with 500 milliseconds interval)</small> </font> </div>
<div class="test-event"> <font color="maroon"> <small> &emsp; &emsp;--- 15 Oct 12:04:40 238 - <b>13</b> - Spinner Load Wait: (Sync) - ICar.support.WaitUtils.waitForSpinner(WaitUtils.java:225)</small> </font> </div>
<div class="test-event"> <font color="maroon"> <small> &emsp; &emsp;--- 15 Oct 12:05:05 073 - Catched spinner load exception due to Expected condition failed: waiting for ICar.support.WaitUtils$4@3e310ae5 (tried for 10 second(s) with 500 milliseconds interval)</small> </font> </div>
<div class="test-event"> <font color="maroon"> <small> &emsp; &emsp;--- 15 Oct 12:05:05 073 - <b>10</b> - Spinner Load Wait: (Sync) - ICar.support.WaitUtils.waitForSpinner(WaitUtils.java:225)</small> </font> </div>
<div class="test-event"> <font color="maroon"> <small> &emsp; &emsp;--- 15 Oct 12:05:05 177 - Element is displayed:: [[ChromeDriver: chrome on WINDOWS (9511c161c6a204d13d93e9360ff7167c)] -> xpath: //button[@value='Launch My Learning']]</small> </font> </div>
<div class="test-message">&emsp;3. Enter the user credentials as : alessa0717</div>
<div class="test-message">&emsp;Successfully navigated to 'User Home' Page&emsp;<a href=".\ScreenShot\B2B1002_TC02_1256100267000100.png" target="_blank" >[ScreenShot]</a></div>
<div class="test-message">&emsp;Link Access Committee Portal displayed in B2B Portal</div>
<div class="test-message">&emsp;Successfully verified-Access committee portal link displayed on portal</div>
<div class="test-event"> <font color="maroon"> <small> &emsp; &emsp;--- 15 Oct 12:05:06 613 - Page URL:: https://www.icarstage.com/</small> </font> </div>
<div class="test-event"> <font color="maroon"> <small> &emsp; &emsp;--- 15 Oct 12:05:06 613 - <b>0</b> - Page Load Wait: (Sync) - ICar.support.Utils.waitForPageLoad(Utils.java:109)</small> </font> </div>
<div class="test-event"> <font color="maroon"> <small> &emsp; &emsp;--- 15 Oct 12:05:06 683 - Element is displayed:: [[ChromeDriver: chrome on WINDOWS (9511c161c6a204d13d93e9360ff7167c)] -> xpath: //p[text()='Launch My Learning']]</small> </font> </div>
<div class="test-event"> <font color="maroon"> <small> &emsp; &emsp;--- 15 Oct 12:05:06 731 - Element is displayed:: [[ChromeDriver: chrome on WINDOWS (9511c161c6a204d13d93e9360ff7167c)] -> xpath: //a[text()='Access Committee Portal']]</small> </font> </div>
<div class="test-event"> <font color="maroon"> <small> &emsp; &emsp;--- 15 Oct 12:05:08 844 - Element is displayed:: [[ChromeDriver: chrome on WINDOWS (9511c161c6a204d13d93e9360ff7167c)] -> xpath: //a[text()='Access Committee Portal']]</small> </font> </div>
<div class="test-event"> <font color="maroon"> <small> &emsp; &emsp;--- 15 Oct 12:05:31 040 - Catched spinner load exception due to Expected condition failed: waiting for ICar.support.WaitUtils$4@3e310ae5 (tried for 15 second(s) with 500 milliseconds interval)</small> </font> </div>
<div class="test-event"> <font color="maroon"> <small> &emsp; &emsp;--- 15 Oct 12:05:31 041 - <b>15</b> - Spinner Load Wait: (Sync) - ICar.support.WaitUtils.waitForSpinner(WaitUtils.java:225)</small> </font> </div>
<div class="test-event"> <font color="maroon"> <small> &emsp; &emsp;--- 15 Oct 12:05:31 275 - Page URL:: https://my.icarstage.com/s/committee/a381i0000006tc9qai/5400799</small> </font> </div>
<div class="test-event"> <font color="maroon"> <small> &emsp; &emsp;--- 15 Oct 12:05:31 275 - <b>0</b> - Page Load Wait: (Sync) - ICar.support.Utils.waitForPageLoad(Utils.java:109)</small> </font> </div>
<div class="test-message">&emsp;Successfully navigated to 'Access committee portal' Page&emsp;<a href=".\ScreenShot\B2B1002_TC02_1256126364816900.png" target="_blank" >[ScreenShot]</a></div>
<div class="test-event"> <font color="maroon"> <small> &emsp; &emsp;--- 15 Oct 12:05:31 655 - Page URL:: https://my.icarstage.com/s/committee/a381i0000006tc9qai/5400799</small> </font> </div>
<div class="test-event"> <font color="maroon"> <small> &emsp; &emsp;--- 15 Oct 12:05:31 655 - <b>0</b> - Page Load Wait: (Sync) - ICar.support.Utils.waitForPageLoad(Utils.java:109)</small> </font> </div>
<div class="test-event"> <font color="maroon"> <small> &emsp; &emsp;--- 15 Oct 12:05:39 831 - Catched spinner load exception due to Expected condition failed: waiting for ICar.support.WaitUtils$4@3e310ae5 (tried for 8 second(s) with 500 milliseconds interval)</small> </font> </div>
<div class="test-event"> <font color="maroon"> <small> &emsp; &emsp;--- 15 Oct 12:05:39 831 - <b>8</b> - Spinner Load Wait: (Sync) - ICar.support.WaitUtils.waitForSpinner(WaitUtils.java:225)</small> </font> </div>
<div class="test-event"> <font color="maroon"> <small> &emsp; &emsp;--- 15 Oct 12:05:41 957 - Element is displayed:: [[ChromeDriver: chrome on WINDOWS (9511c161c6a204d13d93e9360ff7167c)] -> xpath: //span[text()='Committee Code']//following::div[1]//span//slot//lightning-formatted-text]</small> </font> </div>
<div class="test-message">&emsp;Committee code displayed as 540-0799</div>
<div class="test-message">&emsp;Committee code displayed as 540-0799 El Paso, TX</div>
<div class="test-message">&emsp;Committee description displayed as committee</div>
<div class="test-message">&emsp;Successfully displayed Committee Home Page</div>
<div class="test-result"><br><font color="green"><strong> Test Passed. </strong></font> </div>&emsp;
&emsp;<div class="test-title"> <strong><font size = "3" color = "#0000FF">---Test Execution Ends---</font> </strong> </div>&emsp;]]>
    </system-out>
  </testcase> <!-- B2B1002_TC02 -->
  <testcase classname="CommitteeTestscripts.CommitteeTestscripts" name="B2B1054_TC03" time="356.974">
    <system-out>
      <![CDATA[<div class="test-event"> <font color="maroon"> <small> &emsp; &emsp;--- 15 Oct 12:27:19 585 - TestCaseID:: B2B1054_TC03</small> </font> </div>
<div class="test-event"> <font color="maroon"> <small> &emsp; &emsp;--- 15 Oct 12:27:20 940 - <b>1</b> - Driver::initialize::Get - ICar.support.WebDriverFactory.getDriver(WebDriverFactory.java:640)</small> </font> </div>
&emsp;<div class="test-title"> <strong><font size = "3" color = "#000080">Verify the 9 links are displayed and it is displayed as order as per requirement in header of “Resources and Forms”.</font> </strong> </div>&emsp;<div><strong>Steps:</strong></div><!-- Report -->&emsp;
<div class="test-event"> <font color="maroon"> <small> &emsp; &emsp;--- 15 Oct 12:27:26 325 - Page URL:: https://i-car--staging.sandbox.my.salesforce.com/</small> </font> </div>
<div class="test-event"> <font color="maroon"> <small> &emsp; &emsp;--- 15 Oct 12:27:26 325 - <b>0</b> - Page Load Wait: (Sync) - ICar.support.Utils.waitForPageLoad(Utils.java:109)</small> </font> </div>
<div class="test-event"> <font color="maroon"> <small> &emsp; &emsp;--- 15 Oct 12:27:40 392 - Page URL:: https://i-car--staging.sandbox.my.salesforce.com/</small> </font> </div>
<div class="test-event"> <font color="maroon"> <small> &emsp; &emsp;--- 15 Oct 12:27:40 392 - <b>0</b> - Page Load Wait: (Sync) - ICar.support.Utils.waitForPageLoad(Utils.java:109)</small> </font> </div>
<div class="test-message">&emsp;Successfully navigated to 'Login' Page&emsp;<a href=".\ScreenShot\B2B1054_TC03_1257455470298000.png" target="_blank" >[ScreenShot]</a></div>
<div class="test-message">&emsp;1. Login page is launched.</div>
<div class="test-event"> <font color="maroon"> <small> &emsp; &emsp;--- 15 Oct 12:27:40 773 - Element is displayed:: [[ChromeDriver: chrome on WINDOWS (6ee722df7081215fc2280cd99207d435)] -> id: username]</small> </font> </div>
<div class="test-event"> <font color="maroon"> <small> &emsp; &emsp;--- 15 Oct 12:27:40 836 - Element is displayed:: [[ChromeDriver: chrome on WINDOWS (6ee722df7081215fc2280cd99207d435)] -> id: username]</small> </font> </div>
<div class="test-event"> <font color="maroon"> <small> &emsp; &emsp;--- 15 Oct 12:27:41 065 - Element is displayed:: [[ChromeDriver: chrome on WINDOWS (6ee722df7081215fc2280cd99207d435)] -> id: password]</small> </font> </div>
<div class="test-event"> <font color="maroon"> <small> &emsp; &emsp;--- 15 Oct 12:27:41 244 - Element is displayed:: [[ChromeDriver: chrome on WINDOWS (6ee722df7081215fc2280cd99207d435)] -> id: Login]</small> </font> </div>
<div class="test-event"> <font color="maroon"> <small> &emsp; &emsp;--- 15 Oct 12:28:16 282 - Catched spinner load exception due to Expected condition failed: waiting for ICar.support.WaitUtils$4@3e310ae5 (tried for 13 second(s) with 500 milliseconds interval)</small> </font> </div>
<div class="test-event"> <font color="maroon"> <small> &emsp; &emsp;--- 15 Oct 12:28:16 282 - <b>13</b> - Spinner Load Wait: (Sync) - ICar.support.WaitUtils.waitForSpinner(WaitUtils.java:225)</small> </font> </div>
<div class="test-event"> <font color="maroon"> <small> &emsp; &emsp;--- 15 Oct 12:28:36 841 - Catched spinner load exception due to Expected condition failed: waiting for ICar.support.WaitUtils$4@3e310ae5 (tried for 6 second(s) with 500 milliseconds interval)</small> </font> </div>
<div class="test-event"> <font color="maroon"> <small> &emsp; &emsp;--- 15 Oct 12:28:36 842 - <b>6</b> - Spinner Load Wait: (Sync) - ICar.support.WaitUtils.waitForSpinner(WaitUtils.java:225)</small> </font> </div>
<div class="test-event"> <font color="maroon"> <small> &emsp; &emsp;--- 15 Oct 12:28:36 921 - Element is displayed:: [[ChromeDriver: chrome on WINDOWS (6ee722df7081215fc2280cd99207d435)] -> css selector: button[class*='search-button']]</small> </font> </div>
<div class="test-message">&emsp;2. Navigate to 'SalesForce Page'</div>
<div class="test-event"> <font color="maroon"> <small> &emsp; &emsp;--- 15 Oct 12:28:37 102 - Page URL:: https://i-car--staging.sandbox.lightning.force.com/lightning/o/committee__c/list?filtername=__recent</small> </font> </div>
<div class="test-event"> <font color="maroon"> <small> &emsp; &emsp;--- 15 Oct 12:28:37 102 - <b>0</b> - Page Load Wait: (Sync) - ICar.support.Utils.waitForPageLoad(Utils.java:109)</small> </font> </div>
<div class="test-event"> <font color="maroon"> <small> &emsp; &emsp;--- 15 Oct 12:28:42 385 - Page URL:: https://i-car--staging.sandbox.lightning.force.com/lightning/o/committee__c/list?filtername=__recent</small> </font> </div>
<div class="test-event"> <font color="maroon"> <small> &emsp; &emsp;--- 15 Oct 12:28:42 385 - <b>0</b> - Page Load Wait: (Sync) - ICar.support.Utils.waitForPageLoad(Utils.java:109)</small> </font> </div>
<div class="test-message">&emsp;Close the tab</div>
<div class="test-message">&emsp;Successfully navigated to 'Login' Page&emsp;<a href=".\ScreenShot\B2B1054_TC03_1257523192726700.png" target="_blank" >[ScreenShot]</a></div>
<div class="test-event"> <font color="maroon"> <small> &emsp; &emsp;--- 15 Oct 12:28:53 509 - Catched spinner load exception due to Expected condition failed: waiting for ICar.support.WaitUtils$4@3e310ae5 (tried for 5 second(s) with 500 milliseconds interval)</small> </font> </div>
<div class="test-event"> <font color="maroon"> <small> &emsp; &emsp;--- 15 Oct 12:28:53 510 - <b>5</b> - Spinner Load Wait: (Sync) - ICar.support.WaitUtils.waitForSpinner(WaitUtils.java:225)</small> </font> </div>
<div class="test-event"> <font color="maroon"> <small> &emsp; &emsp;--- 15 Oct 12:28:53 663 - Page URL:: https://i-car--staging.sandbox.lightning.force.com/lightning/o/committee__c/list?filtername=__recent</small> </font> </div>
<div class="test-event"> <font color="maroon"> <small> &emsp; &emsp;--- 15 Oct 12:28:53 663 - <b>0</b> - Page Load Wait: (Sync) - ICar.support.Utils.waitForPageLoad(Utils.java:109)</small> </font> </div>
<div class="test-event"> <font color="maroon"> <small> &emsp; &emsp;--- 15 Oct 12:28:53 819 - Element is displayed:: [[ChromeDriver: chrome on WINDOWS (6ee722df7081215fc2280cd99207d435)] -> xpath: //div[contains(@class,'appLauncher ')]//button]</small> </font> </div>
<div class="test-event"> <font color="maroon"> <small> &emsp; &emsp;--- 15 Oct 12:28:53 921 - Element is displayed:: [[ChromeDriver: chrome on WINDOWS (6ee722df7081215fc2280cd99207d435)] -> xpath: //div[contains(@class,'appLauncher ')]//button]</small> </font> </div>
<div class="test-event"> <font color="maroon"> <small> &emsp; &emsp;--- 15 Oct 12:28:56 033 - Element is displayed:: [[ChromeDriver: chrome on WINDOWS (6ee722df7081215fc2280cd99207d435)] -> xpath: //input[@placeholder='Search apps and items...']]</small> </font> </div>
<div class="test-event"> <font color="maroon"> <small> &emsp; &emsp;--- 15 Oct 12:28:56 090 - Element is displayed:: [[ChromeDriver: chrome on WINDOWS (6ee722df7081215fc2280cd99207d435)] -> xpath: //input[@placeholder='Search apps and items...']]</small> </font> </div>
<div class="test-event"> <font color="maroon"> <small> &emsp; &emsp;--- 15 Oct 12:28:59 447 - Element is displayed:: [[ChromeDriver: chrome on WINDOWS (6ee722df7081215fc2280cd99207d435)] -> xpath: //lightning-formatted-rich-text/span/p/b[text()='Committees']]</small> </font> </div>
<div class="test-event"> <font color="maroon"> <small> &emsp; &emsp;--- 15 Oct 12:29:02 499 - Element is displayed:: [[ChromeDriver: chrome on WINDOWS (6ee722df7081215fc2280cd99207d435)] -> xpath: //lightning-formatted-rich-text/span/p/b[text()='Committees']]</small> </font> </div>
<div class="test-event"> <font color="maroon"> <small> &emsp; &emsp;--- 15 Oct 12:29:02 823 - Page URL:: https://i-car--staging.sandbox.lightning.force.com/lightning/o/committee__c/home</small> </font> </div>
<div class="test-event"> <font color="maroon"> <small> &emsp; &emsp;--- 15 Oct 12:29:02 823 - <b>0</b> - Page Load Wait: (Sync) - ICar.support.Utils.waitForPageLoad(Utils.java:109)</small> </font> </div>
<div class="test-event"> <font color="maroon"> <small> &emsp; &emsp;--- 15 Oct 12:29:08 055 - Catched spinner load exception due to Expected condition failed: waiting for ICar.support.WaitUtils$4@3e310ae5 (tried for 5 second(s) with 500 milliseconds interval)</small> </font> </div>
<div class="test-event"> <font color="maroon"> <small> &emsp; &emsp;--- 15 Oct 12:29:08 055 - <b>5</b> - Spinner Load Wait: (Sync) - ICar.support.WaitUtils.waitForSpinner(WaitUtils.java:225)</small> </font> </div>
<div class="test-event"> <font color="maroon"> <small> &emsp; &emsp;--- 15 Oct 12:29:08 263 - Page URL:: https://i-car--staging.sandbox.lightning.force.com/lightning/o/committee__c/list?filtername=__recent</small> </font> </div>
<div class="test-event"> <font color="maroon"> <small> &emsp; &emsp;--- 15 Oct 12:29:08 263 - <b>0</b> - Page Load Wait: (Sync) - ICar.support.Utils.waitForPageLoad(Utils.java:109)</small> </font> </div>
<div class="test-event"> <font color="maroon"> <small> &emsp; &emsp;--- 15 Oct 12:29:08 325 - Element is displayed:: [[ChromeDriver: chrome on WINDOWS (6ee722df7081215fc2280cd99207d435)] -> xpath: //div[contains(@class,'appLauncher ')]//button]</small> </font> </div>
<div class="test-event"> <font color="maroon"> <small> &emsp; &emsp;--- 15 Oct 12:29:08 388 - Element is displayed:: [[ChromeDriver: chrome on WINDOWS (6ee722df7081215fc2280cd99207d435)] -> xpath: //div[contains(@class,'appLauncher ')]//button]</small> </font> </div>
<div class="test-event"> <font color="maroon"> <small> &emsp; &emsp;--- 15 Oct 12:29:08 570 - Element is displayed:: [[ChromeDriver: chrome on WINDOWS (6ee722df7081215fc2280cd99207d435)] -> xpath: //input[@placeholder='Search apps and items...']]</small> </font> </div>
<div class="test-event"> <font color="maroon"> <small> &emsp; &emsp;--- 15 Oct 12:29:08 626 - Element is displayed:: [[ChromeDriver: chrome on WINDOWS (6ee722df7081215fc2280cd99207d435)] -> xpath: //input[@placeholder='Search apps and items...']]</small> </font> </div>
<div class="test-event"> <font color="maroon"> <small> &emsp; &emsp;--- 15 Oct 12:29:12 005 - Element is displayed:: [[ChromeDriver: chrome on WINDOWS (6ee722df7081215fc2280cd99207d435)] -> xpath: //lightning-formatted-rich-text/span/p/b[text()='Committee Members']]</small> </font> </div>
<div class="test-event"> <font color="maroon"> <small> &emsp; &emsp;--- 15 Oct 12:29:15 060 - Element is displayed:: [[ChromeDriver: chrome on WINDOWS (6ee722df7081215fc2280cd99207d435)] -> xpath: //lightning-formatted-rich-text/span/p/b[text()='Committee Members']]</small> </font> </div>
<div class="test-event"> <font color="maroon"> <small> &emsp; &emsp;--- 15 Oct 12:29:15 539 - Page URL:: https://i-car--staging.sandbox.lightning.force.com/lightning/o/committee_member__c/home</small> </font> </div>
<div class="test-event"> <font color="maroon"> <small> &emsp; &emsp;--- 15 Oct 12:29:15 539 - <b>0</b> - Page Load Wait: (Sync) - ICar.support.Utils.waitForPageLoad(Utils.java:109)</small> </font> </div>
<div class="test-message">&emsp;3. Enter the AccountName as : Alessandra Acosta:540-0799 El Paso, TX</div>
<div class="test-event"> <font color="maroon"> <small> &emsp; &emsp;--- 15 Oct 12:29:15 680 - Page URL:: https://i-car--staging.sandbox.lightning.force.com/lightning/o/committee_member__c/home</small> </font> </div>
<div class="test-event"> <font color="maroon"> <small> &emsp; &emsp;--- 15 Oct 12:29:15 680 - <b>0</b> - Page Load Wait: (Sync) - ICar.support.Utils.waitForPageLoad(Utils.java:109)</small> </font> </div>
<div class="test-event"> <font color="maroon"> <small> &emsp; &emsp;--- 15 Oct 12:29:15 721 - Element is displayed:: [[ChromeDriver: chrome on WINDOWS (6ee722df7081215fc2280cd99207d435)] -> css selector: button[class*='search-button']]</small> </font> </div>
<div class="test-event"> <font color="maroon"> <small> &emsp; &emsp;--- 15 Oct 12:29:17 996 - Catched spinner load exception due to Expected condition failed: waiting for ICar.support.WaitUtils$4@3e310ae5 (tried for 2 second(s) with 500 milliseconds interval)</small> </font> </div>
<div class="test-event"> <font color="maroon"> <small> &emsp; &emsp;--- 15 Oct 12:29:17 997 - <b>2</b> - Spinner Load Wait: (Sync) - ICar.support.WaitUtils.waitForSpinner(WaitUtils.java:225)</small> </font> </div>
<div class="test-event"> <font color="maroon"> <small> &emsp; &emsp;--- 15 Oct 12:29:21 088 - Element is displayed:: [[ChromeDriver: chrome on WINDOWS (6ee722df7081215fc2280cd99207d435)] -> css selector: button[class*='search-button']]</small> </font> </div>
<div class="test-event"> <font color="maroon"> <small> &emsp; &emsp;--- 15 Oct 12:29:21 611 - Page URL:: https://i-car--staging.sandbox.lightning.force.com/lightning/o/committee_member__c/home</small> </font> </div>
<div class="test-event"> <font color="maroon"> <small> &emsp; &emsp;--- 15 Oct 12:29:21 612 - <b>0</b> - Page Load Wait: (Sync) - ICar.support.Utils.waitForPageLoad(Utils.java:109)</small> </font> </div>
<div class="test-event"> <font color="maroon"> <small> &emsp; &emsp;--- 15 Oct 12:29:38 211 - Catched spinner load exception due to Expected condition failed: waiting for ICar.support.WaitUtils$4@3e310ae5 (tried for 10 second(s) with 500 milliseconds interval)</small> </font> </div>
<div class="test-event"> <font color="maroon"> <small> &emsp; &emsp;--- 15 Oct 12:29:38 211 - <b>10</b> - Spinner Load Wait: (Sync) - ICar.support.WaitUtils.waitForSpinner(WaitUtils.java:225)</small> </font> </div>
<div class="test-event"> <font color="maroon"> <small> &emsp; &emsp;--- 15 Oct 12:29:38 562 - Page URL:: https://i-car--staging.sandbox.lightning.force.com/one/one.app#eyjjb21wb25lbnrezwyioijmb3jjzvnlyxjjadpzzwfyy2hqywdlrgvza3rvccisimf0dhjpynv0zxmionsidgvybsi6ikfszxnzyw5kcmegqwnvc3rhoju0mc0wnzk5ievsifbhc28sifryiiwic2nvcgvnyxaionsidhlwzsi6ilrpuf9srvnvtfrtiiwibmftzxnwywnlijoiiiwibgfizwwioijub3agumvzdwx0cyisimxhymvsugx1cmfsijoivg9wifjlc3vsdhmilcjyzxn1bhrzq21wijoizm9yy2vtzwfyy2g6chjlzgljdgvkumvzdwx0cyj9lcjjb250zxh0ijp7ikzjtfrfulmiont9lcjzzwfyy2htb3vyy2uioijbu1nju1rbtlrfrelbte9hiiwizglzywjszuludgvudff1zxj5ijpmywxzzswizglzywjszvnwzwxsq29ycmvjdglvbii6zmfsc2usinnlyxjjaerpywxvz1nlc3npb25jzci6ijm4mmrhntjkltewnzctzdexzs1mzwqwlwrkyjm3n2zlmwnkmsisimrlynvnsw5mbyi6eyjhchboyw1lijoisunhcl9tzxj2awnlx0nvbnnvbguilcjhchbuexblijoiq29uc29szsisimfwce5hbwvzcgfjzsi6immilcjsb2nhdglvbii6imzvcmnlom9iamvjdehvbwvezxnrdg9wiiwic29iamvjdfr5cguioijdb21taxr0zwvftwvtymvyx19jin19lcjncm91celkijoirevgqvvmvcj9lcjzdgf0zsi6e319</small> </font> </div>
<div class="test-event"> <font color="maroon"> <small> &emsp; &emsp;--- 15 Oct 12:29:38 562 - <b>0</b> - Page Load Wait: (Sync) - ICar.support.Utils.waitForPageLoad(Utils.java:109)</small> </font> </div>
<div class="test-event"> <font color="maroon"> <small> &emsp; &emsp;--- 15 Oct 12:29:38 908 - Page URL:: https://i-car--staging.sandbox.lightning.force.com/one/one.app#eyjjb21wb25lbnrezwyioijmb3jjzvnlyxjjadpzzwfyy2hqywdlrgvza3rvccisimf0dhjpynv0zxmionsidgvybsi6ikfszxnzyw5kcmegqwnvc3rhoju0mc0wnzk5ievsifbhc28sifryiiwic2nvcgvnyxaionsidhlwzsi6ilrpuf9srvnvtfrtiiwibmftzxnwywnlijoiiiwibgfizwwioijub3agumvzdwx0cyisimxhymvsugx1cmfsijoivg9wifjlc3vsdhmilcjyzxn1bhrzq21wijoizm9yy2vtzwfyy2g6chjlzgljdgvkumvzdwx0cyj9lcjjb250zxh0ijp7ikzjtfrfulmiont9lcjzzwfyy2htb3vyy2uioijbu1nju1rbtlrfrelbte9hiiwizglzywjszuludgvudff1zxj5ijpmywxzzswizglzywjszvnwzwxsq29ycmvjdglvbii6zmfsc2usinnlyxjjaerpywxvz1nlc3npb25jzci6ijm4mmrhntjkltewnzctzdexzs1mzwqwlwrkyjm3n2zlmwnkmsisimrlynvnsw5mbyi6eyjhchboyw1lijoisunhcl9tzxj2awnlx0nvbnnvbguilcjhchbuexblijoiq29uc29szsisimfwce5hbwvzcgfjzsi6immilcjsb2nhdglvbii6imzvcmnlom9iamvjdehvbwvezxnrdg9wiiwic29iamvjdfr5cguioijdb21taxr0zwvftwvtymvyx19jin19lcjncm91celkijoirevgqvvmvcj9lcjzdgf0zsi6e319</small> </font> </div>
<div class="test-event"> <font color="maroon"> <small> &emsp; &emsp;--- 15 Oct 12:29:38 908 - <b>0</b> - Page Load Wait: (Sync) - ICar.support.Utils.waitForPageLoad(Utils.java:109)</small> </font> </div>
<div class="test-event"> <font color="maroon"> <small> &emsp; &emsp;--- 15 Oct 12:29:49 399 - Catched spinner load exception due to Expected condition failed: waiting for ICar.support.WaitUtils$4@3e310ae5 (tried for 10 second(s) with 500 milliseconds interval)</small> </font> </div>
<div class="test-event"> <font color="maroon"> <small> &emsp; &emsp;--- 15 Oct 12:29:49 400 - <b>10</b> - Spinner Load Wait: (Sync) - ICar.support.WaitUtils.waitForSpinner(WaitUtils.java:225)</small> </font> </div>
<div class="test-event"> <font color="maroon"> <small> &emsp; &emsp;--- 15 Oct 12:29:49 437 - Element is displayed:: [[ChromeDriver: chrome on WINDOWS (6ee722df7081215fc2280cd99207d435)] -> css selector: div.forceSearchResultsRegion div.resultsMultiWrapper >div > div table tbody th a]</small> </font> </div>
<div class="test-event"> <font color="maroon"> <small> &emsp; &emsp;--- 15 Oct 12:29:49 553 - Element is displayed:: [[ChromeDriver: chrome on WINDOWS (6ee722df7081215fc2280cd99207d435)] -> css selector: div.forceSearchResultsRegion div.resultsMultiWrapper >div > div table tbody th a]</small> </font> </div>
<div class="test-event"> <font color="maroon"> <small> &emsp; &emsp;--- 15 Oct 12:29:50 102 - Page URL:: https://i-car--staging.sandbox.lightning.force.com/one/one.app#eyjjb21wb25lbnrezwyioijmb3jjzvnlyxjjadpzzwfyy2hqywdlrgvza3rvccisimf0dhjpynv0zxmionsidgvybsi6ikfszxnzyw5kcmegqwnvc3rhoju0mc0wnzk5ievsifbhc28sifryiiwic2nvcgvnyxaionsidhlwzsi6ilrpuf9srvnvtfrtiiwibmftzxnwywnlijoiiiwibgfizwwioijub3agumvzdwx0cyisimxhymvsugx1cmfsijoivg9wifjlc3vsdhmilcjyzxn1bhrzq21wijoizm9yy2vtzwfyy2g6chjlzgljdgvkumvzdwx0cyj9lcjjb250zxh0ijp7ikzjtfrfulmiont9lcjzzwfyy2htb3vyy2uioijbu1nju1rbtlrfrelbte9hiiwizglzywjszuludgvudff1zxj5ijpmywxzzswizglzywjszvnwzwxsq29ycmvjdglvbii6zmfsc2usinnlyxjjaerpywxvz1nlc3npb25jzci6ijm4mmrhntjkltewnzctzdexzs1mzwqwlwrkyjm3n2zlmwnkmsisimrlynvnsw5mbyi6eyjhchboyw1lijoisunhcl9tzxj2awnlx0nvbnnvbguilcjhchbuexblijoiq29uc29szsisimfwce5hbwvzcgfjzsi6immilcjsb2nhdglvbii6imzvcmnlom9iamvjdehvbwvezxnrdg9wiiwic29iamvjdfr5cguioijdb21taxr0zwvftwvtymvyx19jin19lcjncm91celkijoirevgqvvmvcj9lcjzdgf0zsi6e319</small> </font> </div>
<div class="test-event"> <font color="maroon"> <small> &emsp; &emsp;--- 15 Oct 12:29:50 102 - <b>0</b> - Page Load Wait: (Sync) - ICar.support.Utils.waitForPageLoad(Utils.java:109)</small> </font> </div>
<div class="test-message">&emsp;Role displayed Committee Officer</div>
<div class="test-message">&emsp;Successfully verified - Contact name Alessandra Veronica Acosta whose role displayed as Committee Officer</div>
<div class="test-event"> <font color="maroon"> <small> &emsp; &emsp;--- 15 Oct 12:29:56 443 - Page URL:: https://i-car--staging.sandbox.lightning.force.com/lightning/r/committee_member__c/a371i000000ir8rqaa/view</small> </font> </div>
<div class="test-event"> <font color="maroon"> <small> &emsp; &emsp;--- 15 Oct 12:29:56 443 - <b>0</b> - Page Load Wait: (Sync) - ICar.support.Utils.waitForPageLoad(Utils.java:109)</small> </font> </div>
<div class="test-event"> <font color="maroon"> <small> &emsp; &emsp;--- 15 Oct 12:30:01 649 - Page URL:: https://i-car--staging.sandbox.lightning.force.com/lightning/r/committee_member__c/a371i000000ir8rqaa/view</small> </font> </div>
<div class="test-event"> <font color="maroon"> <small> &emsp; &emsp;--- 15 Oct 12:30:01 649 - <b>0</b> - Page Load Wait: (Sync) - ICar.support.Utils.waitForPageLoad(Utils.java:109)</small> </font> </div>
<div class="test-event"> <font color="maroon"> <small> &emsp; &emsp;--- 15 Oct 12:30:05 994 - Page URL:: https://i-car--staging.sandbox.lightning.force.com/lightning/r/committee_member__c/a371i000000ir8rqaa/view</small> </font> </div>
<div class="test-event"> <font color="maroon"> <small> &emsp; &emsp;--- 15 Oct 12:30:05 994 - <b>0</b> - Page Load Wait: (Sync) - ICar.support.Utils.waitForPageLoad(Utils.java:109)</small> </font> </div>
<div class="test-event"> <font color="maroon"> <small> &emsp; &emsp;--- 15 Oct 12:30:06 055 - Element is displayed:: [[ChromeDriver: chrome on WINDOWS (6ee722df7081215fc2280cd99207d435)] -> css selector: button[class*='search-button']]</small> </font> </div>
<div class="test-event"> <font color="maroon"> <small> &emsp; &emsp;--- 15 Oct 12:30:08 445 - Catched spinner load exception due to Expected condition failed: waiting for ICar.support.WaitUtils$4@3e310ae5 (tried for 2 second(s) with 500 milliseconds interval)</small> </font> </div>
<div class="test-event"> <font color="maroon"> <small> &emsp; &emsp;--- 15 Oct 12:30:08 445 - <b>2</b> - Spinner Load Wait: (Sync) - ICar.support.WaitUtils.waitForSpinner(WaitUtils.java:225)</small> </font> </div>
<div class="test-event"> <font color="maroon"> <small> &emsp; &emsp;--- 15 Oct 12:30:11 829 - Element is displayed:: [[ChromeDriver: chrome on WINDOWS (6ee722df7081215fc2280cd99207d435)] -> css selector: button[class*='search-button']]</small> </font> </div>
<div class="test-event"> <font color="maroon"> <small> &emsp; &emsp;--- 15 Oct 12:30:12 223 - Page URL:: https://i-car--staging.sandbox.lightning.force.com/lightning/o/committee__c/list?filtername=__recent</small> </font> </div>
<div class="test-event"> <font color="maroon"> <small> &emsp; &emsp;--- 15 Oct 12:30:12 223 - <b>0</b> - Page Load Wait: (Sync) - ICar.support.Utils.waitForPageLoad(Utils.java:109)</small> </font> </div>
<div class="test-event"> <font color="maroon"> <small> &emsp; &emsp;--- 15 Oct 12:30:31 715 - Catched spinner load exception due to Expected condition failed: waiting for ICar.support.WaitUtils$4@3e310ae5 (tried for 10 second(s) with 500 milliseconds interval)</small> </font> </div>
<div class="test-event"> <font color="maroon"> <small> &emsp; &emsp;--- 15 Oct 12:30:31 715 - <b>10</b> - Spinner Load Wait: (Sync) - ICar.support.WaitUtils.waitForSpinner(WaitUtils.java:225)</small> </font> </div>
<div class="test-event"> <font color="maroon"> <small> &emsp; &emsp;--- 15 Oct 12:30:32 854 - Page URL:: https://i-car--staging.sandbox.lightning.force.com/one/one.app#eyjjb21wb25lbnrezwyioijmb3jjzvnlyxjjadpzzwfyy2hqywdlrgvza3rvccisimf0dhjpynv0zxmionsidgvybsi6iji2mtqzmdgilcjzy29wzu1hcci6eyj0exblijoive9qx1jfu1vmvfmilcjuyw1lc3bhy2uioiiilcjsywjlbci6ilrvccbszxn1bhrziiwibgfizwxqbhvyywwioijub3agumvzdwx0cyisinjlc3vsdhndbxaioijmb3jjzvnlyxjjadpwcmvkawn0zwrszxn1bhrzin0simnvbnrlehqionsirklmvevsuyi6e30sinnlyxjjafnvdxjjzsi6ikftu0ltvefovf9esufmt0cilcjkaxnhymxlsw50zw50uxvlcnkiomzhbhnllcjkaxnhymxlu3blbgxdb3jyzwn0aw9uijpmywxzzswic2vhcmnorglhbg9nu2vzc2lvbklkijointqxzmqxmzgtowi0ys04zwfhlwexmtatymi4otlhmwnin2i0iiwizgvidwdjbmzvijp7imfwce5hbwuioijjq2fyx1nlcnzpy2vfq29uc29szsisimfwcfr5cguioijdb25zb2xliiwiyxbwtmftzxnwywnlijoiyyisimxvy2f0aw9uijoizm9yy2u6b2jqzwn0sg9tzurlc2t0b3ailcjzb2jqzwn0vhlwzsi6iknvbw1pdhrlzv9fyyj9fswiz3jvdxbjzci6ikrfrkfvtfqifswic3rhdguiont9fq%3d%3d</small> </font> </div>
<div class="test-event"> <font color="maroon"> <small> &emsp; &emsp;--- 15 Oct 12:30:32 854 - <b>1</b> - Page Load Wait: (Sync) - ICar.support.Utils.waitForPageLoad(Utils.java:109)</small> </font> </div>
<div class="test-event"> <font color="maroon"> <small> &emsp; &emsp;--- 15 Oct 12:30:44 185 - Catched spinner load exception due to Expected condition failed: waiting for ICar.support.WaitUtils$4@3e310ae5 (tried for 11 second(s) with 500 milliseconds interval)</small> </font> </div>
<div class="test-event"> <font color="maroon"> <small> &emsp; &emsp;--- 15 Oct 12:30:44 185 - <b>11</b> - Spinner Load Wait: (Sync) - ICar.support.WaitUtils.waitForSpinner(WaitUtils.java:225)</small> </font> </div>
<div class="test-event"> <font color="maroon"> <small> &emsp; &emsp;--- 15 Oct 12:30:45 095 - Page URL:: https://i-car--staging.sandbox.lightning.force.com/one/one.app#eyjjb21wb25lbnrezwyioijmb3jjzvnlyxjjadpzzwfyy2hqywdlrgvza3rvccisimf0dhjpynv0zxmionsidgvybsi6iji2mtqzmdgilcjzy29wzu1hcci6eyj0exblijoive9qx1jfu1vmvfmilcjuyw1lc3bhy2uioiiilcjsywjlbci6ilrvccbszxn1bhrziiwibgfizwxqbhvyywwioijub3agumvzdwx0cyisinjlc3vsdhndbxaioijmb3jjzvnlyxjjadpwcmvkawn0zwrszxn1bhrzin0simnvbnrlehqionsirklmvevsuyi6e30sinnlyxjjafnvdxjjzsi6ikftu0ltvefovf9esufmt0cilcjkaxnhymxlsw50zw50uxvlcnkiomzhbhnllcjkaxnhymxlu3blbgxdb3jyzwn0aw9uijpmywxzzswic2vhcmnorglhbg9nu2vzc2lvbklkijointqxzmqxmzgtowi0ys04zwfhlwexmtatymi4otlhmwnin2i0iiwizgvidwdjbmzvijp7imfwce5hbwuioijjq2fyx1nlcnzpy2vfq29uc29szsisimfwcfr5cguioijdb25zb2xliiwiyxbwtmftzxnwywnlijoiyyisimxvy2f0aw9uijoizm9yy2u6b2jqzwn0sg9tzurlc2t0b3ailcjzb2jqzwn0vhlwzsi6iknvbw1pdhrlzv9fyyj9fswiz3jvdxbjzci6ikrfrkfvtfqifswic3rhdguiont9fq%3d%3d</small> </font> </div>
<div class="test-event"> <font color="maroon"> <small> &emsp; &emsp;--- 15 Oct 12:30:45 095 - <b>0</b> - Page Load Wait: (Sync) - ICar.support.Utils.waitForPageLoad(Utils.java:109)</small> </font> </div>
<div class="test-event"> <font color="maroon"> <small> &emsp; &emsp;--- 15 Oct 12:30:45 159 - Element is displayed:: [[ChromeDriver: chrome on WINDOWS (6ee722df7081215fc2280cd99207d435)] -> xpath: //a[@title='Top Results']//span[text()='Top Results']]</small> </font> </div>
<div class="test-event"> <font color="maroon"> <small> &emsp; &emsp;--- 15 Oct 12:30:45 589 - Page URL:: https://i-car--staging.sandbox.lightning.force.com/one/one.app#eyjjb21wb25lbnrezwyioijmb3jjzvnlyxjjadpzzwfyy2hqywdlrgvza3rvccisimf0dhjpynv0zxmionsidgvybsi6iji2mtqzmdgilcjzy29wzu1hcci6eyj0exblijoive9qx1jfu1vmvfmilcjuyw1lc3bhy2uioiiilcjsywjlbci6ilrvccbszxn1bhrziiwibgfizwxqbhvyywwioijub3agumvzdwx0cyisinjlc3vsdhndbxaioijmb3jjzvnlyxjjadpwcmvkawn0zwrszxn1bhrzin0simnvbnrlehqionsirklmvevsuyi6e30sinnlyxjjafnvdxjjzsi6ikftu0ltvefovf9esufmt0cilcjkaxnhymxlsw50zw50uxvlcnkiomzhbhnllcjkaxnhymxlu3blbgxdb3jyzwn0aw9uijpmywxzzswic2vhcmnorglhbg9nu2vzc2lvbklkijointqxzmqxmzgtowi0ys04zwfhlwexmtatymi4otlhmwnin2i0iiwizgvidwdjbmzvijp7imfwce5hbwuioijjq2fyx1nlcnzpy2vfq29uc29szsisimfwcfr5cguioijdb25zb2xliiwiyxbwtmftzxnwywnlijoiyyisimxvy2f0aw9uijoizm9yy2u6b2jqzwn0sg9tzurlc2t0b3ailcjzb2jqzwn0vhlwzsi6iknvbw1pdhrlzv9fyyj9fswiz3jvdxbjzci6ikrfrkfvtfqifswic3rhdguiont9fq%3d%3d</small> </font> </div>
<div class="test-event"> <font color="maroon"> <small> &emsp; &emsp;--- 15 Oct 12:30:45 589 - <b>0</b> - Page Load Wait: (Sync) - ICar.support.Utils.waitForPageLoad(Utils.java:109)</small> </font> </div>
<div class="test-event"> <font color="maroon"> <small> &emsp; &emsp;--- 15 Oct 12:30:51 011 - Catched spinner load exception due to Expected condition failed: waiting for ICar.support.WaitUtils$4@3e310ae5 (tried for 5 second(s) with 500 milliseconds interval)</small> </font> </div>
<div class="test-event"> <font color="maroon"> <small> &emsp; &emsp;--- 15 Oct 12:30:51 011 - <b>5</b> - Spinner Load Wait: (Sync) - ICar.support.WaitUtils.waitForSpinner(WaitUtils.java:225)</small> </font> </div>
<div class="test-event"> <font color="maroon"> <small> &emsp; &emsp;--- 15 Oct 12:30:51 837 - Page URL:: https://i-car--staging.sandbox.lightning.force.com/one/one.app#eyjjb21wb25lbnrezwyioijmb3jjzvnlyxjjadpzzwfyy2hqywdlrgvza3rvccisimf0dhjpynv0zxmionsidgvybsi6iji2mtqzmdgilcjzy29wzu1hcci6eyj0exblijoive9qx1jfu1vmvfmilcjuyw1lc3bhy2uioiiilcjsywjlbci6ilrvccbszxn1bhrziiwibgfizwxqbhvyywwioijub3agumvzdwx0cyisinjlc3vsdhndbxaioijmb3jjzvnlyxjjadpwcmvkawn0zwrszxn1bhrzin0simnvbnrlehqionsirklmvevsuyi6e30sinnlyxjjafnvdxjjzsi6ikftu0ltvefovf9esufmt0cilcjkaxnhymxlsw50zw50uxvlcnkiomzhbhnllcjkaxnhymxlu3blbgxdb3jyzwn0aw9uijpmywxzzswic2vhcmnorglhbg9nu2vzc2lvbklkijointqxzmqxmzgtowi0ys04zwfhlwexmtatymi4otlhmwnin2i0iiwizgvidwdjbmzvijp7imfwce5hbwuioijjq2fyx1nlcnzpy2vfq29uc29szsisimfwcfr5cguioijdb25zb2xliiwiyxbwtmftzxnwywnlijoiyyisimxvy2f0aw9uijoizm9yy2u6b2jqzwn0sg9tzurlc2t0b3ailcjzb2jqzwn0vhlwzsi6iknvbw1pdhrlzv9fyyj9fswiz3jvdxbjzci6ikrfrkfvtfqifswic3rhdguiont9fq%3d%3d</small> </font> </div>
<div class="test-event"> <font color="maroon"> <small> &emsp; &emsp;--- 15 Oct 12:30:51 837 - <b>0</b> - Page Load Wait: (Sync) - ICar.support.Utils.waitForPageLoad(Utils.java:109)</small> </font> </div>
<div class="test-event"> <font color="maroon"> <small> &emsp; &emsp;--- 15 Oct 12:30:52 798 - Page URL:: https://i-car--staging.sandbox.lightning.force.com/one/one.app#eyjjb21wb25lbnrezwyioijmb3jjzvnlyxjjadpzzwfyy2hqywdlrgvza3rvccisimf0dhjpynv0zxmionsidgvybsi6iji2mtqzmdgilcjzy29wzu1hcci6eyj0exblijoive9qx1jfu1vmvfmilcjuyw1lc3bhy2uioiiilcjsywjlbci6ilrvccbszxn1bhrziiwibgfizwxqbhvyywwioijub3agumvzdwx0cyisinjlc3vsdhndbxaioijmb3jjzvnlyxjjadpwcmvkawn0zwrszxn1bhrzin0simnvbnrlehqionsirklmvevsuyi6e30sinnlyxjjafnvdxjjzsi6ikftu0ltvefovf9esufmt0cilcjkaxnhymxlsw50zw50uxvlcnkiomzhbhnllcjkaxnhymxlu3blbgxdb3jyzwn0aw9uijpmywxzzswic2vhcmnorglhbg9nu2vzc2lvbklkijointqxzmqxmzgtowi0ys04zwfhlwexmtatymi4otlhmwnin2i0iiwizgvidwdjbmzvijp7imfwce5hbwuioijjq2fyx1nlcnzpy2vfq29uc29szsisimfwcfr5cguioijdb25zb2xliiwiyxbwtmftzxnwywnlijoiyyisimxvy2f0aw9uijoizm9yy2u6b2jqzwn0sg9tzurlc2t0b3ailcjzb2jqzwn0vhlwzsi6iknvbw1pdhrlzv9fyyj9fswiz3jvdxbjzci6ikrfrkfvtfqifswic3rhdguiont9fq%3d%3d</small> </font> </div>
<div class="test-event"> <font color="maroon"> <small> &emsp; &emsp;--- 15 Oct 12:30:52 798 - <b>0</b> - Page Load Wait: (Sync) - ICar.support.Utils.waitForPageLoad(Utils.java:109)</small> </font> </div>
<div class="test-event"> <font color="maroon"> <small> &emsp; &emsp;--- 15 Oct 12:30:53 630 - Page URL:: https://i-car--staging.sandbox.lightning.force.com/one/one.app#eyjjb21wb25lbnrezwyioijmb3jjzvnlyxjjadpzzwfyy2hqywdlrgvza3rvccisimf0dhjpynv0zxmionsidgvybsi6iji2mtqzmdgilcjzy29wzu1hcci6eyj0exblijoive9qx1jfu1vmvfmilcjuyw1lc3bhy2uioiiilcjsywjlbci6ilrvccbszxn1bhrziiwibgfizwxqbhvyywwioijub3agumvzdwx0cyisinjlc3vsdhndbxaioijmb3jjzvnlyxjjadpwcmvkawn0zwrszxn1bhrzin0simnvbnrlehqionsirklmvevsuyi6e30sinnlyxjjafnvdxjjzsi6ikftu0ltvefovf9esufmt0cilcjkaxnhymxlsw50zw50uxvlcnkiomzhbhnllcjkaxnhymxlu3blbgxdb3jyzwn0aw9uijpmywxzzswic2vhcmnorglhbg9nu2vzc2lvbklkijointqxzmqxmzgtowi0ys04zwfhlwexmtatymi4otlhmwnin2i0iiwizgvidwdjbmzvijp7imfwce5hbwuioijjq2fyx1nlcnzpy2vfq29uc29szsisimfwcfr5cguioijdb25zb2xliiwiyxbwtmftzxnwywnlijoiyyisimxvy2f0aw9uijoizm9yy2u6b2jqzwn0sg9tzurlc2t0b3ailcjzb2jqzwn0vhlwzsi6iknvbw1pdhrlzv9fyyj9fswiz3jvdxbjzci6ikrfrkfvtfqifswic3rhdguiont9fq%3d%3d</small> </font> </div>
<div class="test-event"> <font color="maroon"> <small> &emsp; &emsp;--- 15 Oct 12:30:53 630 - <b>0</b> - Page Load Wait: (Sync) - ICar.support.Utils.waitForPageLoad(Utils.java:109)</small> </font> </div>
<div class="test-event"> <font color="maroon"> <small> &emsp; &emsp;--- 15 Oct 12:31:01 927 - Catched spinner load exception due to Expected condition failed: waiting for ICar.support.WaitUtils$4@3e310ae5 (tried for 8 second(s) with 500 milliseconds interval)</small> </font> </div>
<div class="test-event"> <font color="maroon"> <small> &emsp; &emsp;--- 15 Oct 12:31:01 927 - <b>8</b> - Spinner Load Wait: (Sync) - ICar.support.WaitUtils.waitForSpinner(WaitUtils.java:225)</small> </font> </div>
<div class="test-event"> <font color="maroon"> <small> &emsp; &emsp;--- 15 Oct 12:31:02 740 - Page URL:: https://i-car--staging.sandbox.lightning.force.com/one/one.app#eyjjb21wb25lbnrezwyioijmb3jjzvnlyxjjadpzzwfyy2hqywdlrgvza3rvccisimf0dhjpynv0zxmionsidgvybsi6iji2mtqzmdgilcjzy29wzu1hcci6eyj0exblijoive9qx1jfu1vmvfmilcjuyw1lc3bhy2uioiiilcjsywjlbci6ilrvccbszxn1bhrziiwibgfizwxqbhvyywwioijub3agumvzdwx0cyisinjlc3vsdhndbxaioijmb3jjzvnlyxjjadpwcmvkawn0zwrszxn1bhrzin0simnvbnrlehqionsirklmvevsuyi6e30sinnlyxjjafnvdxjjzsi6ikftu0ltvefovf9esufmt0cilcjkaxnhymxlsw50zw50uxvlcnkiomzhbhnllcjkaxnhymxlu3blbgxdb3jyzwn0aw9uijpmywxzzswic2vhcmnorglhbg9nu2vzc2lvbklkijointqxzmqxmzgtowi0ys04zwfhlwexmtatymi4otlhmwnin2i0iiwizgvidwdjbmzvijp7imfwce5hbwuioijjq2fyx1nlcnzpy2vfq29uc29szsisimfwcfr5cguioijdb25zb2xliiwiyxbwtmftzxnwywnlijoiyyisimxvy2f0aw9uijoizm9yy2u6b2jqzwn0sg9tzurlc2t0b3ailcjzb2jqzwn0vhlwzsi6iknvbw1pdhrlzv9fyyj9fswiz3jvdxbjzci6ikrfrkfvtfqifswic3rhdguiont9fq%3d%3d</small> </font> </div>
<div class="test-event"> <font color="maroon"> <small> &emsp; &emsp;--- 15 Oct 12:31:02 740 - <b>0</b> - Page Load Wait: (Sync) - ICar.support.Utils.waitForPageLoad(Utils.java:109)</small> </font> </div>
<div class="test-event"> <font color="maroon"> <small> &emsp; &emsp;--- 15 Oct 12:31:04 878 - Element is displayed:: [[ChromeDriver: chrome on WINDOWS (6ee722df7081215fc2280cd99207d435)] -> xpath: //div[contains(@class,'forceSearchResultsRegion')]//div[contains(@class,'resultsMultiWrapper')]/div/div[1]//following::h2//a]</small> </font> </div>
<div class="test-event"> <font color="maroon"> <small> &emsp; &emsp;--- 15 Oct 12:31:05 077 - Element is displayed:: [[ChromeDriver: chrome on WINDOWS (6ee722df7081215fc2280cd99207d435)] -> xpath: //a[text()='Contacts']]</small> </font> </div>
<div class="test-event"> <font color="maroon"> <small> &emsp; &emsp;--- 15 Oct 12:31:09 162 - Element is displayed:: [[ChromeDriver: chrome on WINDOWS (6ee722df7081215fc2280cd99207d435)] -> xpath: //div[text()='Contacts']//following :: table//tbody//th//span /a]</small> </font> </div>
<div class="test-message">&emsp;4.Enter ICAR ID  2614308</div>
<div class="test-event"> <font color="maroon"> <small> &emsp; &emsp;--- 15 Oct 12:31:18 713 - Element is displayed:: [[ChromeDriver: chrome on WINDOWS (6ee722df7081215fc2280cd99207d435)] -> xpath: //a/img[@alt='Login Image']|//button[@id='btn-login']]</small> </font> </div>
<div class="test-event"> <font color="maroon"> <small> &emsp; &emsp;--- 15 Oct 12:31:18 774 - Element is displayed:: [[ChromeDriver: chrome on WINDOWS (6ee722df7081215fc2280cd99207d435)] -> xpath: //a/img[@alt='Login Image']|//button[@id='btn-login']]</small> </font> </div>
<div class="test-message">&emsp;Successfully navigated to 'Home' Page&emsp;<a href=".\ScreenShot\B2B1054_TC03_1257673850935100.png" target="_blank" >[ScreenShot]</a></div>
<div class="test-message">&emsp;1. Home page is launched.</div>
<div class="test-event"> <font color="maroon"> <small> &emsp; &emsp;--- 15 Oct 12:31:19 470 - Page URL:: https://www.icarstage.com/</small> </font> </div>
<div class="test-event"> <font color="maroon"> <small> &emsp; &emsp;--- 15 Oct 12:31:19 470 - <b>0</b> - Page Load Wait: (Sync) - ICar.support.Utils.waitForPageLoad(Utils.java:109)</small> </font> </div>
<div class="test-event"> <font color="maroon"> <small> &emsp; &emsp;--- 15 Oct 12:31:19 516 - Element is displayed:: [[ChromeDriver: chrome on WINDOWS (6ee722df7081215fc2280cd99207d435)] -> xpath: //a/img[@alt='Login Image']|//button[@id='btn-login']]</small> </font> </div>
<div class="test-event"> <font color="maroon"> <small> &emsp; &emsp;--- 15 Oct 12:31:19 586 - Element is displayed:: [[ChromeDriver: chrome on WINDOWS (6ee722df7081215fc2280cd99207d435)] -> xpath: //a/img[@alt='Login Image']|//button[@id='btn-login']]</small> </font> </div>
<div class="test-event"> <font color="maroon"> <small> &emsp; &emsp;--- 15 Oct 12:31:37 689 - Catched spinner load exception due to Expected condition failed: waiting for ICar.support.WaitUtils$4@3e310ae5 (tried for 15 second(s) with 500 milliseconds interval)</small> </font> </div>
<div class="test-event"> <font color="maroon"> <small> &emsp; &emsp;--- 15 Oct 12:31:37 689 - <b>15</b> - Spinner Load Wait: (Sync) - ICar.support.WaitUtils.waitForSpinner(WaitUtils.java:225)</small> </font> </div>
<div class="test-message">&emsp;2. Login page  should be successfully display</div>
<div class="test-message">&emsp;Successfully navigated to 'Login' Page&emsp;<a href=".\ScreenShot\B2B1054_TC03_1257692769104900.png" target="_blank" >[ScreenShot]</a></div>
<div class="test-event"> <font color="maroon"> <small> &emsp; &emsp;--- 15 Oct 12:31:37 915 - Element is displayed:: [[ChromeDriver: chrome on WINDOWS (6ee722df7081215fc2280cd99207d435)] -> id: username]</small> </font> </div>
<div class="test-event"> <font color="maroon"> <small> &emsp; &emsp;--- 15 Oct 12:31:38 008 - Element is displayed:: [[ChromeDriver: chrome on WINDOWS (6ee722df7081215fc2280cd99207d435)] -> id: username]</small> </font> </div>
<div class="test-event"> <font color="maroon"> <small> &emsp; &emsp;--- 15 Oct 12:31:38 246 - Element is displayed:: [[ChromeDriver: chrome on WINDOWS (6ee722df7081215fc2280cd99207d435)] -> id: password]</small> </font> </div>
<div class="test-event"> <font color="maroon"> <small> &emsp; &emsp;--- 15 Oct 12:31:38 416 - Element is displayed:: [[ChromeDriver: chrome on WINDOWS (6ee722df7081215fc2280cd99207d435)] -> id: btn-login]</small> </font> </div>
<div class="test-event"> <font color="maroon"> <small> &emsp; &emsp;--- 15 Oct 12:31:51 822 - Catched spinner load exception due to Expected condition failed: waiting for ICar.support.WaitUtils$4@3e310ae5 (tried for 13 second(s) with 500 milliseconds interval)</small> </font> </div>
<div class="test-event"> <font color="maroon"> <small> &emsp; &emsp;--- 15 Oct 12:31:51 822 - <b>13</b> - Spinner Load Wait: (Sync) - ICar.support.WaitUtils.waitForSpinner(WaitUtils.java:225)</small> </font> </div>
<div class="test-event"> <font color="maroon"> <small> &emsp; &emsp;--- 15 Oct 12:32:15 245 - Catched spinner load exception due to Expected condition failed: waiting for ICar.support.WaitUtils$4@3e310ae5 (tried for 10 second(s) with 500 milliseconds interval)</small> </font> </div>
<div class="test-event"> <font color="maroon"> <small> &emsp; &emsp;--- 15 Oct 12:32:15 245 - <b>10</b> - Spinner Load Wait: (Sync) - ICar.support.WaitUtils.waitForSpinner(WaitUtils.java:225)</small> </font> </div>
<div class="test-event"> <font color="maroon"> <small> &emsp; &emsp;--- 15 Oct 12:32:15 342 - Element is displayed:: [[ChromeDriver: chrome on WINDOWS (6ee722df7081215fc2280cd99207d435)] -> xpath: //button[@value='Launch My Learning']]</small> </font> </div>
<div class="test-message">&emsp;3. Enter the user credentials as : alessa0717</div>
<div class="test-message">&emsp;Successfully navigated to 'User Home' Page&emsp;<a href=".\ScreenShot\B2B1054_TC03_1257730418751500.png" target="_blank" >[ScreenShot]</a></div>
<div class="test-message">&emsp;Link Access Committee Portal displayed in B2B Portal</div>
<div class="test-message">&emsp;Successfully verified-Access committee portal link displayed on portal</div>
<div class="test-event"> <font color="maroon"> <small> &emsp; &emsp;--- 15 Oct 12:32:16 912 - Page URL:: https://www.icarstage.com/</small> </font> </div>
<div class="test-event"> <font color="maroon"> <small> &emsp; &emsp;--- 15 Oct 12:32:16 912 - <b>0</b> - Page Load Wait: (Sync) - ICar.support.Utils.waitForPageLoad(Utils.java:109)</small> </font> </div>
<div class="test-event"> <font color="maroon"> <small> &emsp; &emsp;--- 15 Oct 12:32:16 972 - Element is displayed:: [[ChromeDriver: chrome on WINDOWS (6ee722df7081215fc2280cd99207d435)] -> xpath: //p[text()='Launch My Learning']]</small> </font> </div>
<div class="test-event"> <font color="maroon"> <small> &emsp; &emsp;--- 15 Oct 12:32:17 010 - Element is displayed:: [[ChromeDriver: chrome on WINDOWS (6ee722df7081215fc2280cd99207d435)] -> xpath: //a[text()='Access Committee Portal']]</small> </font> </div>
<div class="test-event"> <font color="maroon"> <small> &emsp; &emsp;--- 15 Oct 12:32:19 106 - Element is displayed:: [[ChromeDriver: chrome on WINDOWS (6ee722df7081215fc2280cd99207d435)] -> xpath: //a[text()='Access Committee Portal']]</small> </font> </div>
<div class="test-event"> <font color="maroon"> <small> &emsp; &emsp;--- 15 Oct 12:32:41 723 - Catched spinner load exception due to Expected condition failed: waiting for ICar.support.WaitUtils$4@3e310ae5 (tried for 15 second(s) with 500 milliseconds interval)</small> </font> </div>
<div class="test-event"> <font color="maroon"> <small> &emsp; &emsp;--- 15 Oct 12:32:41 723 - <b>15</b> - Spinner Load Wait: (Sync) - ICar.support.WaitUtils.waitForSpinner(WaitUtils.java:225)</small> </font> </div>
<div class="test-event"> <font color="maroon"> <small> &emsp; &emsp;--- 15 Oct 12:32:41 999 - Page URL:: https://my.icarstage.com/s/committee/a381i0000006tc9qai/5400799</small> </font> </div>
<div class="test-event"> <font color="maroon"> <small> &emsp; &emsp;--- 15 Oct 12:32:41 999 - <b>0</b> - Page Load Wait: (Sync) - ICar.support.Utils.waitForPageLoad(Utils.java:109)</small> </font> </div>
<div class="test-message">&emsp;Successfully navigated to 'Access committee portal' Page&emsp;<a href=".\ScreenShot\B2B1054_TC03_1257757076123800.png" target="_blank" >[ScreenShot]</a></div>
<div class="test-event"> <font color="maroon"> <small> &emsp; &emsp;--- 15 Oct 12:32:42 348 - Page URL:: https://my.icarstage.com/s/committee/a381i0000006tc9qai/5400799</small> </font> </div>
<div class="test-event"> <font color="maroon"> <small> &emsp; &emsp;--- 15 Oct 12:32:42 348 - <b>0</b> - Page Load Wait: (Sync) - ICar.support.Utils.waitForPageLoad(Utils.java:109)</small> </font> </div>
<div class="test-event"> <font color="maroon"> <small> &emsp; &emsp;--- 15 Oct 12:32:50 763 - Catched spinner load exception due to Expected condition failed: waiting for ICar.support.WaitUtils$4@3e310ae5 (tried for 8 second(s) with 500 milliseconds interval)</small> </font> </div>
<div class="test-event"> <font color="maroon"> <small> &emsp; &emsp;--- 15 Oct 12:32:50 763 - <b>8</b> - Spinner Load Wait: (Sync) - ICar.support.WaitUtils.waitForSpinner(WaitUtils.java:225)</small> </font> </div>
<div class="test-event"> <font color="maroon"> <small> &emsp; &emsp;--- 15 Oct 12:32:50 824 - Element is displayed:: [[ChromeDriver: chrome on WINDOWS (6ee722df7081215fc2280cd99207d435)] -> xpath: //article[@class='slds-card']]</small> </font> </div>
<div class="test-message">&emsp;Resources and Forms displayed at bottom of Access committee page</div>
<div class="test-event"> <font color="maroon"> <small> &emsp; &emsp;--- 15 Oct 12:32:55 233 - Page URL:: https://my.icarstage.com/s/committee/a381i0000006tc9qai/5400799</small> </font> </div>
<div class="test-event"> <font color="maroon"> <small> &emsp; &emsp;--- 15 Oct 12:32:55 233 - <b>0</b> - Page Load Wait: (Sync) - ICar.support.Utils.waitForPageLoad(Utils.java:109)</small> </font> </div>
<div class="test-event"> <font color="maroon"> <small> &emsp; &emsp;--- 15 Oct 12:33:03 561 - Catched spinner load exception due to Expected condition failed: waiting for ICar.support.WaitUtils$4@3e310ae5 (tried for 8 second(s) with 500 milliseconds interval)</small> </font> </div>
<div class="test-event"> <font color="maroon"> <small> &emsp; &emsp;--- 15 Oct 12:33:03 561 - <b>8</b> - Spinner Load Wait: (Sync) - ICar.support.WaitUtils.waitForSpinner(WaitUtils.java:225)</small> </font> </div>
<div class="test-event"> <font color="maroon"> <small> &emsp; &emsp;--- 15 Oct 12:33:03 624 - Element is displayed:: [[ChromeDriver: chrome on WINDOWS (6ee722df7081215fc2280cd99207d435)] -> xpath: //article[@class='slds-card']/div/header/div/span/span]</small> </font> </div>
<div class="test-message">&emsp;Header displayed as “Resources and Forms” in the bottom of the main committee page</div>
<div class="test-event"> <font color="maroon"> <small> &emsp; &emsp;--- 15 Oct 12:33:05 810 - Page URL:: https://my.icarstage.com/s/committee/a381i0000006tc9qai/5400799</small> </font> </div>
<div class="test-event"> <font color="maroon"> <small> &emsp; &emsp;--- 15 Oct 12:33:05 811 - <b>0</b> - Page Load Wait: (Sync) - ICar.support.Utils.waitForPageLoad(Utils.java:109)</small> </font> </div>
<div class="test-event"> <font color="maroon"> <small> &emsp; &emsp;--- 15 Oct 12:33:14 134 - Catched spinner load exception due to Expected condition failed: waiting for ICar.support.WaitUtils$4@3e310ae5 (tried for 8 second(s) with 500 milliseconds interval)</small> </font> </div>
<div class="test-event"> <font color="maroon"> <small> &emsp; &emsp;--- 15 Oct 12:33:14 134 - <b>8</b> - Spinner Load Wait: (Sync) - ICar.support.WaitUtils.waitForSpinner(WaitUtils.java:225)</small> </font> </div>
<div class="test-event"> <font color="maroon"> <small> &emsp; &emsp;--- 15 Oct 12:33:14 181 - Element is displayed:: [[ChromeDriver: chrome on WINDOWS (6ee722df7081215fc2280cd99207d435)] -> xpath: //div[@class='slds-card__body']/div/div/div/div/a]</small> </font> </div>
<div class="test-message">&emsp;Resources and forms links are displayed and in order</div>
<div class="test-result"><br><font color="green"><strong> Test Passed. </strong></font> </div>&emsp;
&emsp;<div class="test-title"> <strong><font size = "3" color = "#0000FF">---Test Execution Ends---</font> </strong> </div>&emsp;]]>
    </system-out>
  </testcase> <!-- B2B1054_TC03 -->
  <testcase classname="CommitteeTestscripts.CommitteeTestscripts" name="B2B1002_TC01" time="296.709">
    <system-out>
      <![CDATA[<div class="test-event"> <font color="maroon"> <small> &emsp; &emsp;--- 15 Oct 11:55:08 718 - TestCaseID:: B2B1002_TC01</small> </font> </div>
<div class="test-event"> <font color="maroon"> <small> &emsp; &emsp;--- 15 Oct 11:55:09 862 - <b>1</b> - Driver::initialize::Get - ICar.support.WebDriverFactory.getDriver(WebDriverFactory.java:640)</small> </font> </div>
&emsp;<div class="test-title"> <strong><font size = "3" color = "#000080">Verify the “Access Committee Portal” link is displayed in the Manage box when Login as Committee Officers</font> </strong> </div>&emsp;<div><strong>Steps:</strong></div><!-- Report -->&emsp;
<div class="test-event"> <font color="maroon"> <small> &emsp; &emsp;--- 15 Oct 11:55:15 139 - Page URL:: https://i-car--staging.sandbox.my.salesforce.com/</small> </font> </div>
<div class="test-event"> <font color="maroon"> <small> &emsp; &emsp;--- 15 Oct 11:55:15 139 - <b>2</b> - Page Load Wait: (Sync) - ICar.support.Utils.waitForPageLoad(Utils.java:109)</small> </font> </div>
<div class="test-event"> <font color="maroon"> <small> &emsp; &emsp;--- 15 Oct 11:55:28 971 - Page URL:: https://i-car--staging.sandbox.my.salesforce.com/</small> </font> </div>
<div class="test-event"> <font color="maroon"> <small> &emsp; &emsp;--- 15 Oct 11:55:28 971 - <b>0</b> - Page Load Wait: (Sync) - ICar.support.Utils.waitForPageLoad(Utils.java:109)</small> </font> </div>
<div class="test-message">&emsp;Successfully navigated to 'Login' Page&emsp;<a href=".\ScreenShot\B2B1002_TC01_1255524065995400.png" target="_blank" >[ScreenShot]</a></div>
<div class="test-message">&emsp;1. Login page is launched.</div>
<div class="test-event"> <font color="maroon"> <small> &emsp; &emsp;--- 15 Oct 11:55:29 313 - Element is displayed:: [[ChromeDriver: chrome on WINDOWS (f2bb3f3e232c237b316a90198c8a90bc)] -> id: username]</small> </font> </div>
<div class="test-event"> <font color="maroon"> <small> &emsp; &emsp;--- 15 Oct 11:55:29 394 - Element is displayed:: [[ChromeDriver: chrome on WINDOWS (f2bb3f3e232c237b316a90198c8a90bc)] -> id: username]</small> </font> </div>
<div class="test-event"> <font color="maroon"> <small> &emsp; &emsp;--- 15 Oct 11:55:29 671 - Element is displayed:: [[ChromeDriver: chrome on WINDOWS (f2bb3f3e232c237b316a90198c8a90bc)] -> id: password]</small> </font> </div>
<div class="test-event"> <font color="maroon"> <small> &emsp; &emsp;--- 15 Oct 11:55:29 878 - Element is displayed:: [[ChromeDriver: chrome on WINDOWS (f2bb3f3e232c237b316a90198c8a90bc)] -> id: Login]</small> </font> </div>
<div class="test-event"> <font color="maroon"> <small> &emsp; &emsp;--- 15 Oct 11:56:01 900 - Catched spinner load exception due to Expected condition failed: waiting for ICar.support.WaitUtils$4@3e310ae5 (tried for 13 second(s) with 500 milliseconds interval)</small> </font> </div>
<div class="test-event"> <font color="maroon"> <small> &emsp; &emsp;--- 15 Oct 11:56:01 900 - <b>13</b> - Spinner Load Wait: (Sync) - ICar.support.WaitUtils.waitForSpinner(WaitUtils.java:225)</small> </font> </div>
<div class="test-event"> <font color="maroon"> <small> &emsp; &emsp;--- 15 Oct 11:56:22 155 - Catched spinner load exception due to Expected condition failed: waiting for ICar.support.WaitUtils$4@3e310ae5 (tried for 6 second(s) with 500 milliseconds interval)</small> </font> </div>
<div class="test-event"> <font color="maroon"> <small> &emsp; &emsp;--- 15 Oct 11:56:22 155 - <b>6</b> - Spinner Load Wait: (Sync) - ICar.support.WaitUtils.waitForSpinner(WaitUtils.java:225)</small> </font> </div>
<div class="test-event"> <font color="maroon"> <small> &emsp; &emsp;--- 15 Oct 11:56:22 236 - Element is displayed:: [[ChromeDriver: chrome on WINDOWS (f2bb3f3e232c237b316a90198c8a90bc)] -> css selector: button[class*='search-button']]</small> </font> </div>
<div class="test-message">&emsp;2. Navigate to 'SalesForce Page'</div>
<div class="test-event"> <font color="maroon"> <small> &emsp; &emsp;--- 15 Oct 11:56:22 714 - Page URL:: https://i-car--staging.sandbox.lightning.force.com/lightning/r/contact/0031i000019reebqaq/view</small> </font> </div>
<div class="test-event"> <font color="maroon"> <small> &emsp; &emsp;--- 15 Oct 11:56:22 714 - <b>0</b> - Page Load Wait: (Sync) - ICar.support.Utils.waitForPageLoad(Utils.java:109)</small> </font> </div>
<div class="test-event"> <font color="maroon"> <small> &emsp; &emsp;--- 15 Oct 11:56:28 558 - Page URL:: https://i-car--staging.sandbox.lightning.force.com/lightning/r/contact/0031i000019reebqaq/view</small> </font> </div>
<div class="test-event"> <font color="maroon"> <small> &emsp; &emsp;--- 15 Oct 11:56:28 558 - <b>0</b> - Page Load Wait: (Sync) - ICar.support.Utils.waitForPageLoad(Utils.java:109)</small> </font> </div>
<div class="test-message">&emsp;Close the tab</div>
<div class="test-message">&emsp;Successfully navigated to 'Login' Page&emsp;<a href=".\ScreenShot\B2B1002_TC01_1255588802535500.png" target="_blank" >[ScreenShot]</a></div>
<div class="test-event"> <font color="maroon"> <small> &emsp; &emsp;--- 15 Oct 11:56:39 989 - Catched spinner load exception due to Expected condition failed: waiting for ICar.support.WaitUtils$4@3e310ae5 (tried for 5 second(s) with 500 milliseconds interval)</small> </font> </div>
<div class="test-event"> <font color="maroon"> <small> &emsp; &emsp;--- 15 Oct 11:56:39 989 - <b>5</b> - Spinner Load Wait: (Sync) - ICar.support.WaitUtils.waitForSpinner(WaitUtils.java:225)</small> </font> </div>
<div class="test-event"> <font color="maroon"> <small> &emsp; &emsp;--- 15 Oct 11:56:40 173 - Page URL:: https://i-car--staging.sandbox.lightning.force.com/lightning/o/committee__c/list?filtername=__recent</small> </font> </div>
<div class="test-event"> <font color="maroon"> <small> &emsp; &emsp;--- 15 Oct 11:56:40 173 - <b>0</b> - Page Load Wait: (Sync) - ICar.support.Utils.waitForPageLoad(Utils.java:109)</small> </font> </div>
<div class="test-event"> <font color="maroon"> <small> &emsp; &emsp;--- 15 Oct 11:56:40 244 - Element is displayed:: [[ChromeDriver: chrome on WINDOWS (f2bb3f3e232c237b316a90198c8a90bc)] -> xpath: //div[contains(@class,'appLauncher ')]//button]</small> </font> </div>
<div class="test-event"> <font color="maroon"> <small> &emsp; &emsp;--- 15 Oct 11:56:40 302 - Element is displayed:: [[ChromeDriver: chrome on WINDOWS (f2bb3f3e232c237b316a90198c8a90bc)] -> xpath: //div[contains(@class,'appLauncher ')]//button]</small> </font> </div>
<div class="test-event"> <font color="maroon"> <small> &emsp; &emsp;--- 15 Oct 11:56:42 281 - Element is displayed:: [[ChromeDriver: chrome on WINDOWS (f2bb3f3e232c237b316a90198c8a90bc)] -> xpath: //input[@placeholder='Search apps and items...']]</small> </font> </div>
<div class="test-event"> <font color="maroon"> <small> &emsp; &emsp;--- 15 Oct 11:56:42 362 - Element is displayed:: [[ChromeDriver: chrome on WINDOWS (f2bb3f3e232c237b316a90198c8a90bc)] -> xpath: //input[@placeholder='Search apps and items...']]</small> </font> </div>
<div class="test-event"> <font color="maroon"> <small> &emsp; &emsp;--- 15 Oct 11:56:45 737 - Element is displayed:: [[ChromeDriver: chrome on WINDOWS (f2bb3f3e232c237b316a90198c8a90bc)] -> xpath: //lightning-formatted-rich-text/span/p/b[text()='Committees']]</small> </font> </div>
<div class="test-event"> <font color="maroon"> <small> &emsp; &emsp;--- 15 Oct 11:56:48 798 - Element is displayed:: [[ChromeDriver: chrome on WINDOWS (f2bb3f3e232c237b316a90198c8a90bc)] -> xpath: //lightning-formatted-rich-text/span/p/b[text()='Committees']]</small> </font> </div>
<div class="test-event"> <font color="maroon"> <small> &emsp; &emsp;--- 15 Oct 11:56:49 114 - Page URL:: https://i-car--staging.sandbox.lightning.force.com/lightning/o/committee__c/home</small> </font> </div>
<div class="test-event"> <font color="maroon"> <small> &emsp; &emsp;--- 15 Oct 11:56:49 114 - <b>0</b> - Page Load Wait: (Sync) - ICar.support.Utils.waitForPageLoad(Utils.java:109)</small> </font> </div>
<div class="test-event"> <font color="maroon"> <small> &emsp; &emsp;--- 15 Oct 11:56:54 359 - Catched spinner load exception due to Expected condition failed: waiting for ICar.support.WaitUtils$4@3e310ae5 (tried for 5 second(s) with 500 milliseconds interval)</small> </font> </div>
<div class="test-event"> <font color="maroon"> <small> &emsp; &emsp;--- 15 Oct 11:56:54 359 - <b>5</b> - Spinner Load Wait: (Sync) - ICar.support.WaitUtils.waitForSpinner(WaitUtils.java:225)</small> </font> </div>
<div class="test-event"> <font color="maroon"> <small> &emsp; &emsp;--- 15 Oct 11:56:54 526 - Page URL:: https://i-car--staging.sandbox.lightning.force.com/lightning/o/committee__c/list?filtername=__recent</small> </font> </div>
<div class="test-event"> <font color="maroon"> <small> &emsp; &emsp;--- 15 Oct 11:56:54 526 - <b>0</b> - Page Load Wait: (Sync) - ICar.support.Utils.waitForPageLoad(Utils.java:109)</small> </font> </div>
<div class="test-event"> <font color="maroon"> <small> &emsp; &emsp;--- 15 Oct 11:56:54 602 - Element is displayed:: [[ChromeDriver: chrome on WINDOWS (f2bb3f3e232c237b316a90198c8a90bc)] -> xpath: //div[contains(@class,'appLauncher ')]//button]</small> </font> </div>
<div class="test-event"> <font color="maroon"> <small> &emsp; &emsp;--- 15 Oct 11:56:54 663 - Element is displayed:: [[ChromeDriver: chrome on WINDOWS (f2bb3f3e232c237b316a90198c8a90bc)] -> xpath: //div[contains(@class,'appLauncher ')]//button]</small> </font> </div>
<div class="test-event"> <font color="maroon"> <small> &emsp; &emsp;--- 15 Oct 11:56:54 873 - Element is displayed:: [[ChromeDriver: chrome on WINDOWS (f2bb3f3e232c237b316a90198c8a90bc)] -> xpath: //input[@placeholder='Search apps and items...']]</small> </font> </div>
<div class="test-event"> <font color="maroon"> <small> &emsp; &emsp;--- 15 Oct 11:56:54 952 - Element is displayed:: [[ChromeDriver: chrome on WINDOWS (f2bb3f3e232c237b316a90198c8a90bc)] -> xpath: //input[@placeholder='Search apps and items...']]</small> </font> </div>
<div class="test-event"> <font color="maroon"> <small> &emsp; &emsp;--- 15 Oct 11:56:58 397 - Element is displayed:: [[ChromeDriver: chrome on WINDOWS (f2bb3f3e232c237b316a90198c8a90bc)] -> xpath: //lightning-formatted-rich-text/span/p/b[text()='Committee Members']]</small> </font> </div>
<div class="test-event"> <font color="maroon"> <small> &emsp; &emsp;--- 15 Oct 11:57:01 440 - Element is displayed:: [[ChromeDriver: chrome on WINDOWS (f2bb3f3e232c237b316a90198c8a90bc)] -> xpath: //lightning-formatted-rich-text/span/p/b[text()='Committee Members']]</small> </font> </div>
<div class="test-event"> <font color="maroon"> <small> &emsp; &emsp;--- 15 Oct 11:57:01 876 - Page URL:: https://i-car--staging.sandbox.lightning.force.com/lightning/o/committee_member__c/home</small> </font> </div>
<div class="test-event"> <font color="maroon"> <small> &emsp; &emsp;--- 15 Oct 11:57:01 876 - <b>0</b> - Page Load Wait: (Sync) - ICar.support.Utils.waitForPageLoad(Utils.java:109)</small> </font> </div>
<div class="test-message">&emsp;3. Enter the AccountName as : Alessandra Acosta:540-0799 El Paso, TX</div>
<div class="test-event"> <font color="maroon"> <small> &emsp; &emsp;--- 15 Oct 11:57:02 087 - Page URL:: https://i-car--staging.sandbox.lightning.force.com/lightning/o/committee_member__c/home</small> </font> </div>
<div class="test-event"> <font color="maroon"> <small> &emsp; &emsp;--- 15 Oct 11:57:02 087 - <b>0</b> - Page Load Wait: (Sync) - ICar.support.Utils.waitForPageLoad(Utils.java:109)</small> </font> </div>
<div class="test-event"> <font color="maroon"> <small> &emsp; &emsp;--- 15 Oct 11:57:02 221 - Element is displayed:: [[ChromeDriver: chrome on WINDOWS (f2bb3f3e232c237b316a90198c8a90bc)] -> css selector: button[class*='search-button']]</small> </font> </div>
<div class="test-event"> <font color="maroon"> <small> &emsp; &emsp;--- 15 Oct 11:57:04 327 - Catched spinner load exception due to Expected condition failed: waiting for ICar.support.WaitUtils$4@3e310ae5 (tried for 2 second(s) with 500 milliseconds interval)</small> </font> </div>
<div class="test-event"> <font color="maroon"> <small> &emsp; &emsp;--- 15 Oct 11:57:04 328 - <b>2</b> - Spinner Load Wait: (Sync) - ICar.support.WaitUtils.waitForSpinner(WaitUtils.java:225)</small> </font> </div>
<div class="test-event"> <font color="maroon"> <small> &emsp; &emsp;--- 15 Oct 11:57:07 408 - Element is displayed:: [[ChromeDriver: chrome on WINDOWS (f2bb3f3e232c237b316a90198c8a90bc)] -> css selector: button[class*='search-button']]</small> </font> </div>
<div class="test-event"> <font color="maroon"> <small> &emsp; &emsp;--- 15 Oct 11:57:07 857 - Page URL:: https://i-car--staging.sandbox.lightning.force.com/lightning/o/committee_member__c/home</small> </font> </div>
<div class="test-event"> <font color="maroon"> <small> &emsp; &emsp;--- 15 Oct 11:57:07 857 - <b>0</b> - Page Load Wait: (Sync) - ICar.support.Utils.waitForPageLoad(Utils.java:109)</small> </font> </div>
<div class="test-event"> <font color="maroon"> <small> &emsp; &emsp;--- 15 Oct 11:57:24 853 - Catched spinner load exception due to Expected condition failed: waiting for ICar.support.WaitUtils$4@3e310ae5 (tried for 10 second(s) with 500 milliseconds interval)</small> </font> </div>
<div class="test-event"> <font color="maroon"> <small> &emsp; &emsp;--- 15 Oct 11:57:24 853 - <b>10</b> - Spinner Load Wait: (Sync) - ICar.support.WaitUtils.waitForSpinner(WaitUtils.java:225)</small> </font> </div>
<div class="test-event"> <font color="maroon"> <small> &emsp; &emsp;--- 15 Oct 11:57:25 179 - Page URL:: https://i-car--staging.sandbox.lightning.force.com/one/one.app#eyjjb21wb25lbnrezwyioijmb3jjzvnlyxjjadpzzwfyy2hqywdlrgvza3rvccisimf0dhjpynv0zxmionsidgvybsi6ikfszxnzyw5kcmegqwnvc3rhoju0mc0wnzk5ievsifbhc28sifryiiwic2nvcgvnyxaionsidhlwzsi6ilrpuf9srvnvtfrtiiwibmftzxnwywnlijoiiiwibgfizwwioijub3agumvzdwx0cyisimxhymvsugx1cmfsijoivg9wifjlc3vsdhmilcjyzxn1bhrzq21wijoizm9yy2vtzwfyy2g6chjlzgljdgvkumvzdwx0cyj9lcjjb250zxh0ijp7ikzjtfrfulmiont9lcjzzwfyy2htb3vyy2uioijbu1nju1rbtlrfrelbte9hiiwizglzywjszuludgvudff1zxj5ijpmywxzzswizglzywjszvnwzwxsq29ycmvjdglvbii6zmfsc2usinnlyxjjaerpywxvz1nlc3npb25jzci6imrizgyzmjy0lwrmnzatyzrmmc03y2e5ltexmmu2yzbmmdixyyisimrlynvnsw5mbyi6eyjhchboyw1lijoisunhcl9tzxj2awnlx0nvbnnvbguilcjhchbuexblijoiq29uc29szsisimfwce5hbwvzcgfjzsi6immilcjsb2nhdglvbii6imzvcmnlom9iamvjdehvbwvezxnrdg9wiiwic29iamvjdfr5cguioijdb21taxr0zwvftwvtymvyx19jin19lcjncm91celkijoirevgqvvmvcj9lcjzdgf0zsi6e319</small> </font> </div>
<div class="test-event"> <font color="maroon"> <small> &emsp; &emsp;--- 15 Oct 11:57:25 179 - <b>0</b> - Page Load Wait: (Sync) - ICar.support.Utils.waitForPageLoad(Utils.java:109)</small> </font> </div>
<div class="test-event"> <font color="maroon"> <small> &emsp; &emsp;--- 15 Oct 11:57:25 536 - Page URL:: https://i-car--staging.sandbox.lightning.force.com/one/one.app#eyjjb21wb25lbnrezwyioijmb3jjzvnlyxjjadpzzwfyy2hqywdlrgvza3rvccisimf0dhjpynv0zxmionsidgvybsi6ikfszxnzyw5kcmegqwnvc3rhoju0mc0wnzk5ievsifbhc28sifryiiwic2nvcgvnyxaionsidhlwzsi6ilrpuf9srvnvtfrtiiwibmftzxnwywnlijoiiiwibgfizwwioijub3agumvzdwx0cyisimxhymvsugx1cmfsijoivg9wifjlc3vsdhmilcjyzxn1bhrzq21wijoizm9yy2vtzwfyy2g6chjlzgljdgvkumvzdwx0cyj9lcjjb250zxh0ijp7ikzjtfrfulmiont9lcjzzwfyy2htb3vyy2uioijbu1nju1rbtlrfrelbte9hiiwizglzywjszuludgvudff1zxj5ijpmywxzzswizglzywjszvnwzwxsq29ycmvjdglvbii6zmfsc2usinnlyxjjaerpywxvz1nlc3npb25jzci6imrizgyzmjy0lwrmnzatyzrmmc03y2e5ltexmmu2yzbmmdixyyisimrlynvnsw5mbyi6eyjhchboyw1lijoisunhcl9tzxj2awnlx0nvbnnvbguilcjhchbuexblijoiq29uc29szsisimfwce5hbwvzcgfjzsi6immilcjsb2nhdglvbii6imzvcmnlom9iamvjdehvbwvezxnrdg9wiiwic29iamvjdfr5cguioijdb21taxr0zwvftwvtymvyx19jin19lcjncm91celkijoirevgqvvmvcj9lcjzdgf0zsi6e319</small> </font> </div>
<div class="test-event"> <font color="maroon"> <small> &emsp; &emsp;--- 15 Oct 11:57:25 536 - <b>0</b> - Page Load Wait: (Sync) - ICar.support.Utils.waitForPageLoad(Utils.java:109)</small> </font> </div>
<div class="test-event"> <font color="maroon"> <small> &emsp; &emsp;--- 15 Oct 11:57:35 994 - Catched spinner load exception due to Expected condition failed: waiting for ICar.support.WaitUtils$4@3e310ae5 (tried for 10 second(s) with 500 milliseconds interval)</small> </font> </div>
<div class="test-event"> <font color="maroon"> <small> &emsp; &emsp;--- 15 Oct 11:57:35 994 - <b>10</b> - Spinner Load Wait: (Sync) - ICar.support.WaitUtils.waitForSpinner(WaitUtils.java:225)</small> </font> </div>
<div class="test-event"> <font color="maroon"> <small> &emsp; &emsp;--- 15 Oct 11:57:36 030 - Element is displayed:: [[ChromeDriver: chrome on WINDOWS (f2bb3f3e232c237b316a90198c8a90bc)] -> css selector: div.forceSearchResultsRegion div.resultsMultiWrapper >div > div table tbody th a]</small> </font> </div>
<div class="test-event"> <font color="maroon"> <small> &emsp; &emsp;--- 15 Oct 11:57:36 123 - Element is displayed:: [[ChromeDriver: chrome on WINDOWS (f2bb3f3e232c237b316a90198c8a90bc)] -> css selector: div.forceSearchResultsRegion div.resultsMultiWrapper >div > div table tbody th a]</small> </font> </div>
<div class="test-event"> <font color="maroon"> <small> &emsp; &emsp;--- 15 Oct 11:57:36 711 - Page URL:: https://i-car--staging.sandbox.lightning.force.com/one/one.app#eyjjb21wb25lbnrezwyioijmb3jjzvnlyxjjadpzzwfyy2hqywdlrgvza3rvccisimf0dhjpynv0zxmionsidgvybsi6ikfszxnzyw5kcmegqwnvc3rhoju0mc0wnzk5ievsifbhc28sifryiiwic2nvcgvnyxaionsidhlwzsi6ilrpuf9srvnvtfrtiiwibmftzxnwywnlijoiiiwibgfizwwioijub3agumvzdwx0cyisimxhymvsugx1cmfsijoivg9wifjlc3vsdhmilcjyzxn1bhrzq21wijoizm9yy2vtzwfyy2g6chjlzgljdgvkumvzdwx0cyj9lcjjb250zxh0ijp7ikzjtfrfulmiont9lcjzzwfyy2htb3vyy2uioijbu1nju1rbtlrfrelbte9hiiwizglzywjszuludgvudff1zxj5ijpmywxzzswizglzywjszvnwzwxsq29ycmvjdglvbii6zmfsc2usinnlyxjjaerpywxvz1nlc3npb25jzci6imrizgyzmjy0lwrmnzatyzrmmc03y2e5ltexmmu2yzbmmdixyyisimrlynvnsw5mbyi6eyjhchboyw1lijoisunhcl9tzxj2awnlx0nvbnnvbguilcjhchbuexblijoiq29uc29szsisimfwce5hbwvzcgfjzsi6immilcjsb2nhdglvbii6imzvcmnlom9iamvjdehvbwvezxnrdg9wiiwic29iamvjdfr5cguioijdb21taxr0zwvftwvtymvyx19jin19lcjncm91celkijoirevgqvvmvcj9lcjzdgf0zsi6e319</small> </font> </div>
<div class="test-event"> <font color="maroon"> <small> &emsp; &emsp;--- 15 Oct 11:57:36 711 - <b>0</b> - Page Load Wait: (Sync) - ICar.support.Utils.waitForPageLoad(Utils.java:109)</small> </font> </div>
<div class="test-message">&emsp;Role displayed Committee Officer</div>
<div class="test-message">&emsp;Successfully verified - Contact name Alessandra Veronica Acosta whose role displayed as Committee Officer</div>
<div class="test-event"> <font color="maroon"> <small> &emsp; &emsp;--- 15 Oct 11:57:42 893 - Page URL:: https://i-car--staging.sandbox.lightning.force.com/lightning/r/committee_member__c/a371i000000ir8rqaa/view</small> </font> </div>
<div class="test-event"> <font color="maroon"> <small> &emsp; &emsp;--- 15 Oct 11:57:42 893 - <b>2</b> - Page Load Wait: (Sync) - ICar.support.Utils.waitForPageLoad(Utils.java:109)</small> </font> </div>
<div class="test-event"> <font color="maroon"> <small> &emsp; &emsp;--- 15 Oct 11:57:48 068 - Page URL:: https://i-car--staging.sandbox.lightning.force.com/lightning/r/committee_member__c/a371i000000ir8rqaa/view</small> </font> </div>
<div class="test-event"> <font color="maroon"> <small> &emsp; &emsp;--- 15 Oct 11:57:48 068 - <b>0</b> - Page Load Wait: (Sync) - ICar.support.Utils.waitForPageLoad(Utils.java:109)</small> </font> </div>
<div class="test-event"> <font color="maroon"> <small> &emsp; &emsp;--- 15 Oct 11:57:52 795 - Page URL:: https://i-car--staging.sandbox.lightning.force.com/lightning/o/committee__c/list?filtername=__recent</small> </font> </div>
<div class="test-event"> <font color="maroon"> <small> &emsp; &emsp;--- 15 Oct 11:57:52 795 - <b>0</b> - Page Load Wait: (Sync) - ICar.support.Utils.waitForPageLoad(Utils.java:109)</small> </font> </div>
<div class="test-event"> <font color="maroon"> <small> &emsp; &emsp;--- 15 Oct 11:57:52 838 - Element is displayed:: [[ChromeDriver: chrome on WINDOWS (f2bb3f3e232c237b316a90198c8a90bc)] -> css selector: button[class*='search-button']]</small> </font> </div>
<div class="test-event"> <font color="maroon"> <small> &emsp; &emsp;--- 15 Oct 11:57:54 985 - Catched spinner load exception due to Expected condition failed: waiting for ICar.support.WaitUtils$4@3e310ae5 (tried for 2 second(s) with 500 milliseconds interval)</small> </font> </div>
<div class="test-event"> <font color="maroon"> <small> &emsp; &emsp;--- 15 Oct 11:57:54 985 - <b>2</b> - Spinner Load Wait: (Sync) - ICar.support.WaitUtils.waitForSpinner(WaitUtils.java:225)</small> </font> </div>
<div class="test-event"> <font color="maroon"> <small> &emsp; &emsp;--- 15 Oct 11:57:58 170 - Element is displayed:: [[ChromeDriver: chrome on WINDOWS (f2bb3f3e232c237b316a90198c8a90bc)] -> css selector: button[class*='search-button']]</small> </font> </div>
<div class="test-event"> <font color="maroon"> <small> &emsp; &emsp;--- 15 Oct 11:57:58 540 - Page URL:: https://i-car--staging.sandbox.lightning.force.com/lightning/o/committee__c/list?filtername=__recent</small> </font> </div>
<div class="test-event"> <font color="maroon"> <small> &emsp; &emsp;--- 15 Oct 11:57:58 540 - <b>0</b> - Page Load Wait: (Sync) - ICar.support.Utils.waitForPageLoad(Utils.java:109)</small> </font> </div>
<div class="test-event"> <font color="maroon"> <small> &emsp; &emsp;--- 15 Oct 11:58:18 366 - Catched spinner load exception due to Expected condition failed: waiting for ICar.support.WaitUtils$4@3e310ae5 (tried for 10 second(s) with 500 milliseconds interval)</small> </font> </div>
<div class="test-event"> <font color="maroon"> <small> &emsp; &emsp;--- 15 Oct 11:58:18 366 - <b>10</b> - Spinner Load Wait: (Sync) - ICar.support.WaitUtils.waitForSpinner(WaitUtils.java:225)</small> </font> </div>
<div class="test-event"> <font color="maroon"> <small> &emsp; &emsp;--- 15 Oct 11:58:19 288 - Page URL:: https://i-car--staging.sandbox.lightning.force.com/one/one.app#eyjjb21wb25lbnrezwyioijmb3jjzvnlyxjjadpzzwfyy2hqywdlrgvza3rvccisimf0dhjpynv0zxmionsidgvybsi6iji2mtqzmdgilcjzy29wzu1hcci6eyj0exblijoive9qx1jfu1vmvfmilcjuyw1lc3bhy2uioiiilcjsywjlbci6ilrvccbszxn1bhrziiwibgfizwxqbhvyywwioijub3agumvzdwx0cyisinjlc3vsdhndbxaioijmb3jjzvnlyxjjadpwcmvkawn0zwrszxn1bhrzin0simnvbnrlehqionsirklmvevsuyi6e30sinnlyxjjafnvdxjjzsi6ikftu0ltvefovf9esufmt0cilcjkaxnhymxlsw50zw50uxvlcnkiomzhbhnllcjkaxnhymxlu3blbgxdb3jyzwn0aw9uijpmywxzzswic2vhcmnorglhbg9nu2vzc2lvbklkijoizdhlogyymdatntdkoc05mgnilwvinzutn2u5odqzndmyyjiziiwizgvidwdjbmzvijp7imfwce5hbwuioijjq2fyx1nlcnzpy2vfq29uc29szsisimfwcfr5cguioijdb25zb2xliiwiyxbwtmftzxnwywnlijoiyyisimxvy2f0aw9uijoizm9yy2u6b2jqzwn0sg9tzurlc2t0b3ailcjzb2jqzwn0vhlwzsi6iknvbw1pdhrlzv9fyyj9fswiz3jvdxbjzci6ikrfrkfvtfqifswic3rhdguiont9fq%3d%3d</small> </font> </div>
<div class="test-event"> <font color="maroon"> <small> &emsp; &emsp;--- 15 Oct 11:58:19 288 - <b>0</b> - Page Load Wait: (Sync) - ICar.support.Utils.waitForPageLoad(Utils.java:109)</small> </font> </div>
<div class="test-event"> <font color="maroon"> <small> &emsp; &emsp;--- 15 Oct 11:58:30 421 - Catched spinner load exception due to Expected condition failed: waiting for ICar.support.WaitUtils$4@3e310ae5 (tried for 11 second(s) with 500 milliseconds interval)</small> </font> </div>
<div class="test-event"> <font color="maroon"> <small> &emsp; &emsp;--- 15 Oct 11:58:30 421 - <b>11</b> - Spinner Load Wait: (Sync) - ICar.support.WaitUtils.waitForSpinner(WaitUtils.java:225)</small> </font> </div>
<div class="test-event"> <font color="maroon"> <small> &emsp; &emsp;--- 15 Oct 11:58:31 513 - Page URL:: https://i-car--staging.sandbox.lightning.force.com/one/one.app#eyjjb21wb25lbnrezwyioijmb3jjzvnlyxjjadpzzwfyy2hqywdlrgvza3rvccisimf0dhjpynv0zxmionsidgvybsi6iji2mtqzmdgilcjzy29wzu1hcci6eyj0exblijoive9qx1jfu1vmvfmilcjuyw1lc3bhy2uioiiilcjsywjlbci6ilrvccbszxn1bhrziiwibgfizwxqbhvyywwioijub3agumvzdwx0cyisinjlc3vsdhndbxaioijmb3jjzvnlyxjjadpwcmvkawn0zwrszxn1bhrzin0simnvbnrlehqionsirklmvevsuyi6e30sinnlyxjjafnvdxjjzsi6ikftu0ltvefovf9esufmt0cilcjkaxnhymxlsw50zw50uxvlcnkiomzhbhnllcjkaxnhymxlu3blbgxdb3jyzwn0aw9uijpmywxzzswic2vhcmnorglhbg9nu2vzc2lvbklkijoizdhlogyymdatntdkoc05mgnilwvinzutn2u5odqzndmyyjiziiwizgvidwdjbmzvijp7imfwce5hbwuioijjq2fyx1nlcnzpy2vfq29uc29szsisimfwcfr5cguioijdb25zb2xliiwiyxbwtmftzxnwywnlijoiyyisimxvy2f0aw9uijoizm9yy2u6b2jqzwn0sg9tzurlc2t0b3ailcjzb2jqzwn0vhlwzsi6iknvbw1pdhrlzv9fyyj9fswiz3jvdxbjzci6ikrfrkfvtfqifswic3rhdguiont9fq%3d%3d</small> </font> </div>
<div class="test-event"> <font color="maroon"> <small> &emsp; &emsp;--- 15 Oct 11:58:31 513 - <b>1</b> - Page Load Wait: (Sync) - ICar.support.Utils.waitForPageLoad(Utils.java:109)</small> </font> </div>
<div class="test-event"> <font color="maroon"> <small> &emsp; &emsp;--- 15 Oct 11:58:31 779 - Element is displayed:: [[ChromeDriver: chrome on WINDOWS (f2bb3f3e232c237b316a90198c8a90bc)] -> xpath: //a[@title='Top Results']//span[text()='Top Results']]</small> </font> </div>
<div class="test-event"> <font color="maroon"> <small> &emsp; &emsp;--- 15 Oct 11:58:32 266 - Page URL:: https://i-car--staging.sandbox.lightning.force.com/one/one.app#eyjjb21wb25lbnrezwyioijmb3jjzvnlyxjjadpzzwfyy2hqywdlrgvza3rvccisimf0dhjpynv0zxmionsidgvybsi6iji2mtqzmdgilcjzy29wzu1hcci6eyj0exblijoive9qx1jfu1vmvfmilcjuyw1lc3bhy2uioiiilcjsywjlbci6ilrvccbszxn1bhrziiwibgfizwxqbhvyywwioijub3agumvzdwx0cyisinjlc3vsdhndbxaioijmb3jjzvnlyxjjadpwcmvkawn0zwrszxn1bhrzin0simnvbnrlehqionsirklmvevsuyi6e30sinnlyxjjafnvdxjjzsi6ikftu0ltvefovf9esufmt0cilcjkaxnhymxlsw50zw50uxvlcnkiomzhbhnllcjkaxnhymxlu3blbgxdb3jyzwn0aw9uijpmywxzzswic2vhcmnorglhbg9nu2vzc2lvbklkijoizdhlogyymdatntdkoc05mgnilwvinzutn2u5odqzndmyyjiziiwizgvidwdjbmzvijp7imfwce5hbwuioijjq2fyx1nlcnzpy2vfq29uc29szsisimfwcfr5cguioijdb25zb2xliiwiyxbwtmftzxnwywnlijoiyyisimxvy2f0aw9uijoizm9yy2u6b2jqzwn0sg9tzurlc2t0b3ailcjzb2jqzwn0vhlwzsi6iknvbw1pdhrlzv9fyyj9fswiz3jvdxbjzci6ikrfrkfvtfqifswic3rhdguiont9fq%3d%3d</small> </font> </div>
<div class="test-event"> <font color="maroon"> <small> &emsp; &emsp;--- 15 Oct 11:58:32 266 - <b>0</b> - Page Load Wait: (Sync) - ICar.support.Utils.waitForPageLoad(Utils.java:109)</small> </font> </div>
<div class="test-event"> <font color="maroon"> <small> &emsp; &emsp;--- 15 Oct 11:58:37 359 - Catched spinner load exception due to Expected condition failed: waiting for ICar.support.WaitUtils$4@3e310ae5 (tried for 5 second(s) with 500 milliseconds interval)</small> </font> </div>
<div class="test-event"> <font color="maroon"> <small> &emsp; &emsp;--- 15 Oct 11:58:37 359 - <b>5</b> - Spinner Load Wait: (Sync) - ICar.support.WaitUtils.waitForSpinner(WaitUtils.java:225)</small> </font> </div>
<div class="test-event"> <font color="maroon"> <small> &emsp; &emsp;--- 15 Oct 11:58:38 249 - Page URL:: https://i-car--staging.sandbox.lightning.force.com/one/one.app#eyjjb21wb25lbnrezwyioijmb3jjzvnlyxjjadpzzwfyy2hqywdlrgvza3rvccisimf0dhjpynv0zxmionsidgvybsi6iji2mtqzmdgilcjzy29wzu1hcci6eyj0exblijoive9qx1jfu1vmvfmilcjuyw1lc3bhy2uioiiilcjsywjlbci6ilrvccbszxn1bhrziiwibgfizwxqbhvyywwioijub3agumvzdwx0cyisinjlc3vsdhndbxaioijmb3jjzvnlyxjjadpwcmvkawn0zwrszxn1bhrzin0simnvbnrlehqionsirklmvevsuyi6e30sinnlyxjjafnvdxjjzsi6ikftu0ltvefovf9esufmt0cilcjkaxnhymxlsw50zw50uxvlcnkiomzhbhnllcjkaxnhymxlu3blbgxdb3jyzwn0aw9uijpmywxzzswic2vhcmnorglhbg9nu2vzc2lvbklkijoizdhlogyymdatntdkoc05mgnilwvinzutn2u5odqzndmyyjiziiwizgvidwdjbmzvijp7imfwce5hbwuioijjq2fyx1nlcnzpy2vfq29uc29szsisimfwcfr5cguioijdb25zb2xliiwiyxbwtmftzxnwywnlijoiyyisimxvy2f0aw9uijoizm9yy2u6b2jqzwn0sg9tzurlc2t0b3ailcjzb2jqzwn0vhlwzsi6iknvbw1pdhrlzv9fyyj9fswiz3jvdxbjzci6ikrfrkfvtfqifswic3rhdguiont9fq%3d%3d</small> </font> </div>
<div class="test-event"> <font color="maroon"> <small> &emsp; &emsp;--- 15 Oct 11:58:38 249 - <b>0</b> - Page Load Wait: (Sync) - ICar.support.Utils.waitForPageLoad(Utils.java:109)</small> </font> </div>
<div class="test-event"> <font color="maroon"> <small> &emsp; &emsp;--- 15 Oct 11:58:39 070 - Page URL:: https://i-car--staging.sandbox.lightning.force.com/one/one.app#eyjjb21wb25lbnrezwyioijmb3jjzvnlyxjjadpzzwfyy2hqywdlrgvza3rvccisimf0dhjpynv0zxmionsidgvybsi6iji2mtqzmdgilcjzy29wzu1hcci6eyj0exblijoive9qx1jfu1vmvfmilcjuyw1lc3bhy2uioiiilcjsywjlbci6ilrvccbszxn1bhrziiwibgfizwxqbhvyywwioijub3agumvzdwx0cyisinjlc3vsdhndbxaioijmb3jjzvnlyxjjadpwcmvkawn0zwrszxn1bhrzin0simnvbnrlehqionsirklmvevsuyi6e30sinnlyxjjafnvdxjjzsi6ikftu0ltvefovf9esufmt0cilcjkaxnhymxlsw50zw50uxvlcnkiomzhbhnllcjkaxnhymxlu3blbgxdb3jyzwn0aw9uijpmywxzzswic2vhcmnorglhbg9nu2vzc2lvbklkijoizdhlogyymdatntdkoc05mgnilwvinzutn2u5odqzndmyyjiziiwizgvidwdjbmzvijp7imfwce5hbwuioijjq2fyx1nlcnzpy2vfq29uc29szsisimfwcfr5cguioijdb25zb2xliiwiyxbwtmftzxnwywnlijoiyyisimxvy2f0aw9uijoizm9yy2u6b2jqzwn0sg9tzurlc2t0b3ailcjzb2jqzwn0vhlwzsi6iknvbw1pdhrlzv9fyyj9fswiz3jvdxbjzci6ikrfrkfvtfqifswic3rhdguiont9fq%3d%3d</small> </font> </div>
<div class="test-event"> <font color="maroon"> <small> &emsp; &emsp;--- 15 Oct 11:58:39 070 - <b>0</b> - Page Load Wait: (Sync) - ICar.support.Utils.waitForPageLoad(Utils.java:109)</small> </font> </div>
<div class="test-event"> <font color="maroon"> <small> &emsp; &emsp;--- 15 Oct 11:58:39 956 - Page URL:: https://i-car--staging.sandbox.lightning.force.com/one/one.app#eyjjb21wb25lbnrezwyioijmb3jjzvnlyxjjadpzzwfyy2hqywdlrgvza3rvccisimf0dhjpynv0zxmionsidgvybsi6iji2mtqzmdgilcjzy29wzu1hcci6eyj0exblijoive9qx1jfu1vmvfmilcjuyw1lc3bhy2uioiiilcjsywjlbci6ilrvccbszxn1bhrziiwibgfizwxqbhvyywwioijub3agumvzdwx0cyisinjlc3vsdhndbxaioijmb3jjzvnlyxjjadpwcmvkawn0zwrszxn1bhrzin0simnvbnrlehqionsirklmvevsuyi6e30sinnlyxjjafnvdxjjzsi6ikftu0ltvefovf9esufmt0cilcjkaxnhymxlsw50zw50uxvlcnkiomzhbhnllcjkaxnhymxlu3blbgxdb3jyzwn0aw9uijpmywxzzswic2vhcmnorglhbg9nu2vzc2lvbklkijoizdhlogyymdatntdkoc05mgnilwvinzutn2u5odqzndmyyjiziiwizgvidwdjbmzvijp7imfwce5hbwuioijjq2fyx1nlcnzpy2vfq29uc29szsisimfwcfr5cguioijdb25zb2xliiwiyxbwtmftzxnwywnlijoiyyisimxvy2f0aw9uijoizm9yy2u6b2jqzwn0sg9tzurlc2t0b3ailcjzb2jqzwn0vhlwzsi6iknvbw1pdhrlzv9fyyj9fswiz3jvdxbjzci6ikrfrkfvtfqifswic3rhdguiont9fq%3d%3d</small> </font> </div>
<div class="test-event"> <font color="maroon"> <small> &emsp; &emsp;--- 15 Oct 11:58:39 956 - <b>0</b> - Page Load Wait: (Sync) - ICar.support.Utils.waitForPageLoad(Utils.java:109)</small> </font> </div>
<div class="test-event"> <font color="maroon"> <small> &emsp; &emsp;--- 15 Oct 11:58:48 124 - Catched spinner load exception due to Expected condition failed: waiting for ICar.support.WaitUtils$4@3e310ae5 (tried for 8 second(s) with 500 milliseconds interval)</small> </font> </div>
<div class="test-event"> <font color="maroon"> <small> &emsp; &emsp;--- 15 Oct 11:58:48 124 - <b>8</b> - Spinner Load Wait: (Sync) - ICar.support.WaitUtils.waitForSpinner(WaitUtils.java:225)</small> </font> </div>
<div class="test-event"> <font color="maroon"> <small> &emsp; &emsp;--- 15 Oct 11:58:49 304 - Page URL:: https://i-car--staging.sandbox.lightning.force.com/one/one.app#eyjjb21wb25lbnrezwyioijmb3jjzvnlyxjjadpzzwfyy2hqywdlrgvza3rvccisimf0dhjpynv0zxmionsidgvybsi6iji2mtqzmdgilcjzy29wzu1hcci6eyj0exblijoive9qx1jfu1vmvfmilcjuyw1lc3bhy2uioiiilcjsywjlbci6ilrvccbszxn1bhrziiwibgfizwxqbhvyywwioijub3agumvzdwx0cyisinjlc3vsdhndbxaioijmb3jjzvnlyxjjadpwcmvkawn0zwrszxn1bhrzin0simnvbnrlehqionsirklmvevsuyi6e30sinnlyxjjafnvdxjjzsi6ikftu0ltvefovf9esufmt0cilcjkaxnhymxlsw50zw50uxvlcnkiomzhbhnllcjkaxnhymxlu3blbgxdb3jyzwn0aw9uijpmywxzzswic2vhcmnorglhbg9nu2vzc2lvbklkijoizdhlogyymdatntdkoc05mgnilwvinzutn2u5odqzndmyyjiziiwizgvidwdjbmzvijp7imfwce5hbwuioijjq2fyx1nlcnzpy2vfq29uc29szsisimfwcfr5cguioijdb25zb2xliiwiyxbwtmftzxnwywnlijoiyyisimxvy2f0aw9uijoizm9yy2u6b2jqzwn0sg9tzurlc2t0b3ailcjzb2jqzwn0vhlwzsi6iknvbw1pdhrlzv9fyyj9fswiz3jvdxbjzci6ikrfrkfvtfqifswic3rhdguiont9fq%3d%3d</small> </font> </div>
<div class="test-event"> <font color="maroon"> <small> &emsp; &emsp;--- 15 Oct 11:58:49 304 - <b>1</b> - Page Load Wait: (Sync) - ICar.support.Utils.waitForPageLoad(Utils.java:109)</small> </font> </div>
<div class="test-event"> <font color="maroon"> <small> &emsp; &emsp;--- 15 Oct 11:58:51 560 - Element is displayed:: [[ChromeDriver: chrome on WINDOWS (f2bb3f3e232c237b316a90198c8a90bc)] -> xpath: //div[contains(@class,'forceSearchResultsRegion')]//div[contains(@class,'resultsMultiWrapper')]/div/div[1]//following::h2//a]</small> </font> </div>
<div class="test-event"> <font color="maroon"> <small> &emsp; &emsp;--- 15 Oct 11:58:51 826 - Element is displayed:: [[ChromeDriver: chrome on WINDOWS (f2bb3f3e232c237b316a90198c8a90bc)] -> xpath: //a[text()='Contacts']]</small> </font> </div>
<div class="test-event"> <font color="maroon"> <small> &emsp; &emsp;--- 15 Oct 11:58:56 196 - Element is displayed:: [[ChromeDriver: chrome on WINDOWS (f2bb3f3e232c237b316a90198c8a90bc)] -> xpath: //div[text()='Contacts']//following :: table//tbody//th//span /a]</small> </font> </div>
<div class="test-message">&emsp;4.Enter ICAR ID  2614308</div>
<div class="test-event"> <font color="maroon"> <small> &emsp; &emsp;--- 15 Oct 11:59:11 581 - Catched spinner load exception due to Expected condition failed: waiting for ICar.support.WaitUtils$4@3e310ae5 (tried for 15 second(s) with 500 milliseconds interval)</small> </font> </div>
<div class="test-event"> <font color="maroon"> <small> &emsp; &emsp;--- 15 Oct 11:59:11 581 - <b>15</b> - Spinner Load Wait: (Sync) - ICar.support.WaitUtils.waitForSpinner(WaitUtils.java:225)</small> </font> </div>
<div class="test-event"> <font color="maroon"> <small> &emsp; &emsp;--- 15 Oct 11:59:12 349 - Page URL:: https://i-car--staging.sandbox.lightning.force.com/lightning/r/contact/0031i00000nuhghqae/view</small> </font> </div>
<div class="test-event"> <font color="maroon"> <small> &emsp; &emsp;--- 15 Oct 11:59:12 349 - <b>0</b> - Page Load Wait: (Sync) - ICar.support.Utils.waitForPageLoad(Utils.java:109)</small> </font> </div>
<div class="test-event"> <font color="maroon"> <small> &emsp; &emsp;--- 15 Oct 11:59:27 779 - Catched spinner load exception due to Expected condition failed: waiting for ICar.support.WaitUtils$4@3e310ae5 (tried for 15 second(s) with 500 milliseconds interval)</small> </font> </div>
<div class="test-event"> <font color="maroon"> <small> &emsp; &emsp;--- 15 Oct 11:59:27 779 - <b>15</b> - Spinner Load Wait: (Sync) - ICar.support.WaitUtils.waitForSpinner(WaitUtils.java:225)</small> </font> </div>
<div class="test-event"> <font color="maroon"> <small> &emsp; &emsp;--- 15 Oct 11:59:27 900 - Element is displayed:: [[ChromeDriver: chrome on WINDOWS (f2bb3f3e232c237b316a90198c8a90bc)] -> xpath: //button[text()='Access Shopping Cart - New']]</small> </font> </div>
<div class="test-event"> <font color="maroon"> <small> &emsp; &emsp;--- 15 Oct 11:59:30 099 - Element is displayed:: [[ChromeDriver: chrome on WINDOWS (f2bb3f3e232c237b316a90198c8a90bc)] -> xpath: //button[text()='Access Shopping Cart - New']]</small> </font> </div>
<div class="test-event"> <font color="maroon"> <small> &emsp; &emsp;--- 15 Oct 11:59:38 979 - Page URL:: https://i-car--staging.sandbox.lightning.force.com/lightning/r/contact/0031i00000nuhghqae/view</small> </font> </div>
<div class="test-event"> <font color="maroon"> <small> &emsp; &emsp;--- 15 Oct 11:59:38 980 - <b>0</b> - Page Load Wait: (Sync) - ICar.support.Utils.waitForPageLoad(Utils.java:109)</small> </font> </div>
<div class="test-event"> <font color="maroon"> <small> &emsp; &emsp;--- 15 Oct 12:00:04 344 - Catched spinner load exception due to Expected condition failed: waiting for ICar.support.WaitUtils$4@3e310ae5 (tried for 10 second(s) with 500 milliseconds interval)</small> </font> </div>
<div class="test-event"> <font color="maroon"> <small> &emsp; &emsp;--- 15 Oct 12:00:04 344 - <b>10</b> - Spinner Load Wait: (Sync) - ICar.support.WaitUtils.waitForSpinner(WaitUtils.java:225)</small> </font> </div>
<div class="test-event"> <font color="maroon"> <small> &emsp; &emsp;--- 15 Oct 12:00:04 520 - Element is displayed:: [[ChromeDriver: chrome on WINDOWS (f2bb3f3e232c237b316a90198c8a90bc)] -> xpath: //button[@value='Launch My Learning']]</small> </font> </div>
<div class="test-message">&emsp;5. Clicked the 'Access Shoping cart'  & Navigated to the user home page.</div>
<div class="test-message">&emsp;Link Access Committee Portal displayed in B2B Portal</div>
<div class="test-message">&emsp;Successfully verified-Access committee portal link displayed on portal</div>
<div class="test-result"><br><font color="green"><strong> Test Passed. </strong></font> </div>&emsp;
&emsp;<div class="test-title"> <strong><font size = "3" color = "#0000FF">---Test Execution Ends---</font> </strong> </div>&emsp;]]>
    </system-out>
  </testcase> <!-- B2B1002_TC01 -->
  <testcase classname="CommitteeTestscripts.CommitteeTestscripts" name="B2B1104_TC01" time="491.974">
    <failure message="Test Failed. Check the steps above in red color." type="java.lang.AssertionError">
      <![CDATA[java.lang.AssertionError: Test Failed. Check the steps above in red color.
at org.testng.Assert.fail(Assert.java:111)
at ICar.support.Log.fail(Log.java:573)
at ICar.support.Log.testCaseResult(Log.java:299)
at CommitteeTestscripts.CommitteeTestscripts.B2B1104_TC01(CommitteeTestscripts.java:1544)
at java.base/jdk.internal.reflect.NativeMethodAccessorImpl.invoke0(Native Method)
at java.base/jdk.internal.reflect.NativeMethodAccessorImpl.invoke(NativeMethodAccessorImpl.java:78)
at java.base/jdk.internal.reflect.DelegatingMethodAccessorImpl.invoke(DelegatingMethodAccessorImpl.java:43)
at java.base/java.lang.reflect.Method.invoke(Method.java:567)
at org.testng.internal.invokers.MethodInvocationHelper.invokeMethod(MethodInvocationHelper.java:139)
at org.testng.internal.invokers.TestInvoker.invokeMethod(TestInvoker.java:664)
at org.testng.internal.invokers.TestInvoker.invokeTestMethod(TestInvoker.java:227)
at org.testng.internal.invokers.TestMethodWithDataProviderMethodWorker.call(TestMethodWithDataProviderMethodWorker.java:80)
at org.testng.internal.invokers.TestMethodWithDataProviderMethodWorker.call(TestMethodWithDataProviderMethodWorker.java:17)
at java.base/java.util.concurrent.FutureTask.run(FutureTask.java:264)
at java.base/java.util.concurrent.Executors$RunnableAdapter.call(Executors.java:515)
at java.base/java.util.concurrent.FutureTask.run(FutureTask.java:264)
at java.base/java.util.concurrent.ThreadPoolExecutor.runWorker(ThreadPoolExecutor.java:1130)
at java.base/java.util.concurrent.ThreadPoolExecutor$Worker.run(ThreadPoolExecutor.java:630)
at java.base/java.lang.Thread.run(Thread.java:831)
]]>
    </failure>
    <system-out>
      <![CDATA[<div class="test-event"> <font color="maroon"> <small> &emsp; &emsp;--- 15 Oct 12:43:21 873 - TestCaseID:: B2B1104_TC01</small> </font> </div>
<div class="test-event"> <font color="maroon"> <small> &emsp; &emsp;--- 15 Oct 12:43:24 970 - <b>3</b> - Driver::initialize::Get - ICar.support.WebDriverFactory.getDriver(WebDriverFactory.java:640)</small> </font> </div>
&emsp;<div class="test-title"> <strong><font size = "3" color = "#000080">Committee Officers should be able to upload files in the committee goals page in the portal.</font> </strong> </div>&emsp;<div><strong>Steps:</strong></div><!-- Report -->&emsp;
<div class="test-event"> <font color="maroon"> <small> &emsp; &emsp;--- 15 Oct 12:43:32 884 - Page URL:: https://i-car--staging.sandbox.my.salesforce.com/</small> </font> </div>
<div class="test-event"> <font color="maroon"> <small> &emsp; &emsp;--- 15 Oct 12:43:32 884 - <b>0</b> - Page Load Wait: (Sync) - ICar.support.Utils.waitForPageLoad(Utils.java:109)</small> </font> </div>
<div class="test-event"> <font color="maroon"> <small> &emsp; &emsp;--- 15 Oct 12:43:49 731 - Page URL:: https://i-car--staging.sandbox.my.salesforce.com/</small> </font> </div>
<div class="test-event"> <font color="maroon"> <small> &emsp; &emsp;--- 15 Oct 12:43:49 731 - <b>0</b> - Page Load Wait: (Sync) - ICar.support.Utils.waitForPageLoad(Utils.java:109)</small> </font> </div>
<div class="test-message">&emsp;Successfully navigated to 'Login' Page&emsp;<a href=".\ScreenShot\B2B1104_TC01_1258424812524300.png" target="_blank" >[ScreenShot]</a></div>
<div class="test-message">&emsp;1. Login page is launched.</div>
<div class="test-event"> <font color="maroon"> <small> &emsp; &emsp;--- 15 Oct 12:43:50 027 - Element is displayed:: [[ChromeDriver: chrome on WINDOWS (4578539f43912d5a2c2ec8f1c1957319)] -> id: username]</small> </font> </div>
<div class="test-event"> <font color="maroon"> <small> &emsp; &emsp;--- 15 Oct 12:43:50 088 - Element is displayed:: [[ChromeDriver: chrome on WINDOWS (4578539f43912d5a2c2ec8f1c1957319)] -> id: username]</small> </font> </div>
<div class="test-event"> <font color="maroon"> <small> &emsp; &emsp;--- 15 Oct 12:43:50 470 - Element is displayed:: [[ChromeDriver: chrome on WINDOWS (4578539f43912d5a2c2ec8f1c1957319)] -> id: password]</small> </font> </div>
<div class="test-event"> <font color="maroon"> <small> &emsp; &emsp;--- 15 Oct 12:43:50 719 - Element is displayed:: [[ChromeDriver: chrome on WINDOWS (4578539f43912d5a2c2ec8f1c1957319)] -> id: Login]</small> </font> </div>
<div class="test-event"> <font color="maroon"> <small> &emsp; &emsp;--- 15 Oct 12:44:32 336 - Catched spinner load exception due to Expected condition failed: waiting for ICar.support.WaitUtils$4@3e310ae5 (tried for 13 second(s) with 500 milliseconds interval)</small> </font> </div>
<div class="test-event"> <font color="maroon"> <small> &emsp; &emsp;--- 15 Oct 12:44:32 336 - <b>13</b> - Spinner Load Wait: (Sync) - ICar.support.WaitUtils.waitForSpinner(WaitUtils.java:225)</small> </font> </div>
<div class="test-event"> <font color="maroon"> <small> &emsp; &emsp;--- 15 Oct 12:44:51 158 - Catched spinner load exception due to Expected condition failed: waiting for ICar.support.WaitUtils$4@3e310ae5 (tried for 6 second(s) with 500 milliseconds interval)</small> </font> </div>
<div class="test-event"> <font color="maroon"> <small> &emsp; &emsp;--- 15 Oct 12:44:51 159 - <b>6</b> - Spinner Load Wait: (Sync) - ICar.support.WaitUtils.waitForSpinner(WaitUtils.java:225)</small> </font> </div>
<div class="test-event"> <font color="maroon"> <small> &emsp; &emsp;--- 15 Oct 12:44:51 242 - Element is displayed:: [[ChromeDriver: chrome on WINDOWS (4578539f43912d5a2c2ec8f1c1957319)] -> css selector: button[class*='search-button']]</small> </font> </div>
<div class="test-message">&emsp;2. Navigate to 'SalesForce Page'</div>
<div class="test-event"> <font color="maroon"> <small> &emsp; &emsp;--- 15 Oct 12:44:51 430 - Page URL:: https://i-car--staging.sandbox.lightning.force.com/lightning/o/committee__c/list?filtername=__recent</small> </font> </div>
<div class="test-event"> <font color="maroon"> <small> &emsp; &emsp;--- 15 Oct 12:44:51 430 - <b>0</b> - Page Load Wait: (Sync) - ICar.support.Utils.waitForPageLoad(Utils.java:109)</small> </font> </div>
<div class="test-event"> <font color="maroon"> <small> &emsp; &emsp;--- 15 Oct 12:44:56 785 - Page URL:: https://i-car--staging.sandbox.lightning.force.com/lightning/o/committee__c/list?filtername=__recent</small> </font> </div>
<div class="test-event"> <font color="maroon"> <small> &emsp; &emsp;--- 15 Oct 12:44:56 785 - <b>0</b> - Page Load Wait: (Sync) - ICar.support.Utils.waitForPageLoad(Utils.java:109)</small> </font> </div>
<div class="test-message">&emsp;Close the tab</div>
<div class="test-message">&emsp;Successfully navigated to 'Login' Page&emsp;<a href=".\ScreenShot\B2B1104_TC01_1258497132487000.png" target="_blank" >[ScreenShot]</a></div>
<div class="test-event"> <font color="maroon"> <small> &emsp; &emsp;--- 15 Oct 12:45:07 572 - Catched spinner load exception due to Expected condition failed: waiting for ICar.support.WaitUtils$4@3e310ae5 (tried for 5 second(s) with 500 milliseconds interval)</small> </font> </div>
<div class="test-event"> <font color="maroon"> <small> &emsp; &emsp;--- 15 Oct 12:45:07 572 - <b>5</b> - Spinner Load Wait: (Sync) - ICar.support.WaitUtils.waitForSpinner(WaitUtils.java:225)</small> </font> </div>
<div class="test-event"> <font color="maroon"> <small> &emsp; &emsp;--- 15 Oct 12:45:07 851 - Page URL:: https://i-car--staging.sandbox.lightning.force.com/lightning/o/committee__c/list?filtername=__recent</small> </font> </div>
<div class="test-event"> <font color="maroon"> <small> &emsp; &emsp;--- 15 Oct 12:45:07 851 - <b>0</b> - Page Load Wait: (Sync) - ICar.support.Utils.waitForPageLoad(Utils.java:109)</small> </font> </div>
<div class="test-event"> <font color="maroon"> <small> &emsp; &emsp;--- 15 Oct 12:45:08 194 - Element is displayed:: [[ChromeDriver: chrome on WINDOWS (4578539f43912d5a2c2ec8f1c1957319)] -> xpath: //div[contains(@class,'appLauncher ')]//button]</small> </font> </div>
<div class="test-event"> <font color="maroon"> <small> &emsp; &emsp;--- 15 Oct 12:45:08 259 - Element is displayed:: [[ChromeDriver: chrome on WINDOWS (4578539f43912d5a2c2ec8f1c1957319)] -> xpath: //div[contains(@class,'appLauncher ')]//button]</small> </font> </div>
<div class="test-event"> <font color="maroon"> <small> &emsp; &emsp;--- 15 Oct 12:45:09 912 - Element is displayed:: [[ChromeDriver: chrome on WINDOWS (4578539f43912d5a2c2ec8f1c1957319)] -> xpath: //input[@placeholder='Search apps and items...']]</small> </font> </div>
<div class="test-event"> <font color="maroon"> <small> &emsp; &emsp;--- 15 Oct 12:45:10 029 - Element is displayed:: [[ChromeDriver: chrome on WINDOWS (4578539f43912d5a2c2ec8f1c1957319)] -> xpath: //input[@placeholder='Search apps and items...']]</small> </font> </div>
<div class="test-event"> <font color="maroon"> <small> &emsp; &emsp;--- 15 Oct 12:45:13 331 - Element is displayed:: [[ChromeDriver: chrome on WINDOWS (4578539f43912d5a2c2ec8f1c1957319)] -> xpath: //lightning-formatted-rich-text/span/p/b[text()='Committees']]</small> </font> </div>
<div class="test-event"> <font color="maroon"> <small> &emsp; &emsp;--- 15 Oct 12:45:16 368 - Element is displayed:: [[ChromeDriver: chrome on WINDOWS (4578539f43912d5a2c2ec8f1c1957319)] -> xpath: //lightning-formatted-rich-text/span/p/b[text()='Committees']]</small> </font> </div>
<div class="test-event"> <font color="maroon"> <small> &emsp; &emsp;--- 15 Oct 12:45:17 257 - Page URL:: https://i-car--staging.sandbox.lightning.force.com/lightning/o/committee__c/home</small> </font> </div>
<div class="test-event"> <font color="maroon"> <small> &emsp; &emsp;--- 15 Oct 12:45:17 257 - <b>0</b> - Page Load Wait: (Sync) - ICar.support.Utils.waitForPageLoad(Utils.java:109)</small> </font> </div>
<div class="test-event"> <font color="maroon"> <small> &emsp; &emsp;--- 15 Oct 12:45:22 665 - Catched spinner load exception due to Expected condition failed: waiting for ICar.support.WaitUtils$4@3e310ae5 (tried for 5 second(s) with 500 milliseconds interval)</small> </font> </div>
<div class="test-event"> <font color="maroon"> <small> &emsp; &emsp;--- 15 Oct 12:45:22 665 - <b>5</b> - Spinner Load Wait: (Sync) - ICar.support.WaitUtils.waitForSpinner(WaitUtils.java:225)</small> </font> </div>
<div class="test-event"> <font color="maroon"> <small> &emsp; &emsp;--- 15 Oct 12:45:22 884 - Page URL:: https://i-car--staging.sandbox.lightning.force.com/lightning/o/committee__c/list?filtername=__recent</small> </font> </div>
<div class="test-event"> <font color="maroon"> <small> &emsp; &emsp;--- 15 Oct 12:45:22 884 - <b>0</b> - Page Load Wait: (Sync) - ICar.support.Utils.waitForPageLoad(Utils.java:109)</small> </font> </div>
<div class="test-event"> <font color="maroon"> <small> &emsp; &emsp;--- 15 Oct 12:45:22 937 - Element is displayed:: [[ChromeDriver: chrome on WINDOWS (4578539f43912d5a2c2ec8f1c1957319)] -> xpath: //div[contains(@class,'appLauncher ')]//button]</small> </font> </div>
<div class="test-event"> <font color="maroon"> <small> &emsp; &emsp;--- 15 Oct 12:45:23 002 - Element is displayed:: [[ChromeDriver: chrome on WINDOWS (4578539f43912d5a2c2ec8f1c1957319)] -> xpath: //div[contains(@class,'appLauncher ')]//button]</small> </font> </div>
<div class="test-event"> <font color="maroon"> <small> &emsp; &emsp;--- 15 Oct 12:45:23 195 - Element is displayed:: [[ChromeDriver: chrome on WINDOWS (4578539f43912d5a2c2ec8f1c1957319)] -> xpath: //input[@placeholder='Search apps and items...']]</small> </font> </div>
<div class="test-event"> <font color="maroon"> <small> &emsp; &emsp;--- 15 Oct 12:45:23 254 - Element is displayed:: [[ChromeDriver: chrome on WINDOWS (4578539f43912d5a2c2ec8f1c1957319)] -> xpath: //input[@placeholder='Search apps and items...']]</small> </font> </div>
<div class="test-event"> <font color="maroon"> <small> &emsp; &emsp;--- 15 Oct 12:45:26 648 - Element is displayed:: [[ChromeDriver: chrome on WINDOWS (4578539f43912d5a2c2ec8f1c1957319)] -> xpath: //lightning-formatted-rich-text/span/p/b[text()='Committee Members']]</small> </font> </div>
<div class="test-event"> <font color="maroon"> <small> &emsp; &emsp;--- 15 Oct 12:45:29 688 - Element is displayed:: [[ChromeDriver: chrome on WINDOWS (4578539f43912d5a2c2ec8f1c1957319)] -> xpath: //lightning-formatted-rich-text/span/p/b[text()='Committee Members']]</small> </font> </div>
<div class="test-event"> <font color="maroon"> <small> &emsp; &emsp;--- 15 Oct 12:45:30 255 - Page URL:: https://i-car--staging.sandbox.lightning.force.com/lightning/o/committee_member__c/home</small> </font> </div>
<div class="test-event"> <font color="maroon"> <small> &emsp; &emsp;--- 15 Oct 12:45:30 255 - <b>0</b> - Page Load Wait: (Sync) - ICar.support.Utils.waitForPageLoad(Utils.java:109)</small> </font> </div>
<div class="test-message">&emsp;3. Enter the AccountName as : Alessandra Acosta:540-0799 El Paso, TX</div>
<div class="test-event"> <font color="maroon"> <small> &emsp; &emsp;--- 15 Oct 12:45:30 433 - Page URL:: https://i-car--staging.sandbox.lightning.force.com/lightning/o/committee_member__c/home</small> </font> </div>
<div class="test-event"> <font color="maroon"> <small> &emsp; &emsp;--- 15 Oct 12:45:30 433 - <b>0</b> - Page Load Wait: (Sync) - ICar.support.Utils.waitForPageLoad(Utils.java:109)</small> </font> </div>
<div class="test-event"> <font color="maroon"> <small> &emsp; &emsp;--- 15 Oct 12:45:30 492 - Element is displayed:: [[ChromeDriver: chrome on WINDOWS (4578539f43912d5a2c2ec8f1c1957319)] -> css selector: button[class*='search-button']]</small> </font> </div>
<div class="test-event"> <font color="maroon"> <small> &emsp; &emsp;--- 15 Oct 12:45:32 616 - Catched spinner load exception due to Expected condition failed: waiting for ICar.support.WaitUtils$4@3e310ae5 (tried for 2 second(s) with 500 milliseconds interval)</small> </font> </div>
<div class="test-event"> <font color="maroon"> <small> &emsp; &emsp;--- 15 Oct 12:45:32 617 - <b>2</b> - Spinner Load Wait: (Sync) - ICar.support.WaitUtils.waitForSpinner(WaitUtils.java:225)</small> </font> </div>
<div class="test-event"> <font color="maroon"> <small> &emsp; &emsp;--- 15 Oct 12:45:35 702 - Element is displayed:: [[ChromeDriver: chrome on WINDOWS (4578539f43912d5a2c2ec8f1c1957319)] -> css selector: button[class*='search-button']]</small> </font> </div>
<div class="test-event"> <font color="maroon"> <small> &emsp; &emsp;--- 15 Oct 12:45:36 198 - Page URL:: https://i-car--staging.sandbox.lightning.force.com/lightning/o/committee_member__c/home</small> </font> </div>
<div class="test-event"> <font color="maroon"> <small> &emsp; &emsp;--- 15 Oct 12:45:36 198 - <b>0</b> - Page Load Wait: (Sync) - ICar.support.Utils.waitForPageLoad(Utils.java:109)</small> </font> </div>
<div class="test-event"> <font color="maroon"> <small> &emsp; &emsp;--- 15 Oct 12:45:53 131 - Catched spinner load exception due to Expected condition failed: waiting for ICar.support.WaitUtils$4@3e310ae5 (tried for 10 second(s) with 500 milliseconds interval)</small> </font> </div>
<div class="test-event"> <font color="maroon"> <small> &emsp; &emsp;--- 15 Oct 12:45:53 131 - <b>10</b> - Spinner Load Wait: (Sync) - ICar.support.WaitUtils.waitForSpinner(WaitUtils.java:225)</small> </font> </div>
<div class="test-event"> <font color="maroon"> <small> &emsp; &emsp;--- 15 Oct 12:45:53 478 - Page URL:: https://i-car--staging.sandbox.lightning.force.com/one/one.app#eyjjb21wb25lbnrezwyioijmb3jjzvnlyxjjadpzzwfyy2hqywdlrgvza3rvccisimf0dhjpynv0zxmionsidgvybsi6ikfszxnzyw5kcmegqwnvc3rhoju0mc0wnzk5ievsifbhc28sifryiiwic2nvcgvnyxaionsidhlwzsi6ilrpuf9srvnvtfrtiiwibmftzxnwywnlijoiiiwibgfizwwioijub3agumvzdwx0cyisimxhymvsugx1cmfsijoivg9wifjlc3vsdhmilcjyzxn1bhrzq21wijoizm9yy2vtzwfyy2g6chjlzgljdgvkumvzdwx0cyj9lcjjb250zxh0ijp7ikzjtfrfulmiont9lcjzzwfyy2htb3vyy2uioijbu1nju1rbtlrfrelbte9hiiwizglzywjszuludgvudff1zxj5ijpmywxzzswizglzywjszvnwzwxsq29ycmvjdglvbii6zmfsc2usinnlyxjjaerpywxvz1nlc3npb25jzci6imzinwrlyjzmltc3owqty2i1yi04zjjlltzhmwjmzgrmyzy5msisimrlynvnsw5mbyi6eyjhchboyw1lijoisunhcl9tzxj2awnlx0nvbnnvbguilcjhchbuexblijoiq29uc29szsisimfwce5hbwvzcgfjzsi6immilcjsb2nhdglvbii6imzvcmnlom9iamvjdehvbwvezxnrdg9wiiwic29iamvjdfr5cguioijdb21taxr0zwvftwvtymvyx19jin19lcjncm91celkijoirevgqvvmvcj9lcjzdgf0zsi6e319</small> </font> </div>
<div class="test-event"> <font color="maroon"> <small> &emsp; &emsp;--- 15 Oct 12:45:53 478 - <b>0</b> - Page Load Wait: (Sync) - ICar.support.Utils.waitForPageLoad(Utils.java:109)</small> </font> </div>
<div class="test-event"> <font color="maroon"> <small> &emsp; &emsp;--- 15 Oct 12:45:53 846 - Page URL:: https://i-car--staging.sandbox.lightning.force.com/one/one.app#eyjjb21wb25lbnrezwyioijmb3jjzvnlyxjjadpzzwfyy2hqywdlrgvza3rvccisimf0dhjpynv0zxmionsidgvybsi6ikfszxnzyw5kcmegqwnvc3rhoju0mc0wnzk5ievsifbhc28sifryiiwic2nvcgvnyxaionsidhlwzsi6ilrpuf9srvnvtfrtiiwibmftzxnwywnlijoiiiwibgfizwwioijub3agumvzdwx0cyisimxhymvsugx1cmfsijoivg9wifjlc3vsdhmilcjyzxn1bhrzq21wijoizm9yy2vtzwfyy2g6chjlzgljdgvkumvzdwx0cyj9lcjjb250zxh0ijp7ikzjtfrfulmiont9lcjzzwfyy2htb3vyy2uioijbu1nju1rbtlrfrelbte9hiiwizglzywjszuludgvudff1zxj5ijpmywxzzswizglzywjszvnwzwxsq29ycmvjdglvbii6zmfsc2usinnlyxjjaerpywxvz1nlc3npb25jzci6imzinwrlyjzmltc3owqty2i1yi04zjjlltzhmwjmzgrmyzy5msisimrlynvnsw5mbyi6eyjhchboyw1lijoisunhcl9tzxj2awnlx0nvbnnvbguilcjhchbuexblijoiq29uc29szsisimfwce5hbwvzcgfjzsi6immilcjsb2nhdglvbii6imzvcmnlom9iamvjdehvbwvezxnrdg9wiiwic29iamvjdfr5cguioijdb21taxr0zwvftwvtymvyx19jin19lcjncm91celkijoirevgqvvmvcj9lcjzdgf0zsi6e319</small> </font> </div>
<div class="test-event"> <font color="maroon"> <small> &emsp; &emsp;--- 15 Oct 12:45:53 846 - <b>0</b> - Page Load Wait: (Sync) - ICar.support.Utils.waitForPageLoad(Utils.java:109)</small> </font> </div>
<div class="test-event"> <font color="maroon"> <small> &emsp; &emsp;--- 15 Oct 12:46:04 317 - Catched spinner load exception due to Expected condition failed: waiting for ICar.support.WaitUtils$4@3e310ae5 (tried for 10 second(s) with 500 milliseconds interval)</small> </font> </div>
<div class="test-event"> <font color="maroon"> <small> &emsp; &emsp;--- 15 Oct 12:46:04 317 - <b>10</b> - Spinner Load Wait: (Sync) - ICar.support.WaitUtils.waitForSpinner(WaitUtils.java:225)</small> </font> </div>
<div class="test-event"> <font color="maroon"> <small> &emsp; &emsp;--- 15 Oct 12:46:04 350 - Element is displayed:: [[ChromeDriver: chrome on WINDOWS (4578539f43912d5a2c2ec8f1c1957319)] -> css selector: div.forceSearchResultsRegion div.resultsMultiWrapper >div > div table tbody th a]</small> </font> </div>
<div class="test-event"> <font color="maroon"> <small> &emsp; &emsp;--- 15 Oct 12:46:04 429 - Element is displayed:: [[ChromeDriver: chrome on WINDOWS (4578539f43912d5a2c2ec8f1c1957319)] -> css selector: div.forceSearchResultsRegion div.resultsMultiWrapper >div > div table tbody th a]</small> </font> </div>
<div class="test-event"> <font color="maroon"> <small> &emsp; &emsp;--- 15 Oct 12:46:05 013 - Page URL:: https://i-car--staging.sandbox.lightning.force.com/one/one.app#eyjjb21wb25lbnrezwyioijmb3jjzvnlyxjjadpzzwfyy2hqywdlrgvza3rvccisimf0dhjpynv0zxmionsidgvybsi6ikfszxnzyw5kcmegqwnvc3rhoju0mc0wnzk5ievsifbhc28sifryiiwic2nvcgvnyxaionsidhlwzsi6ilrpuf9srvnvtfrtiiwibmftzxnwywnlijoiiiwibgfizwwioijub3agumvzdwx0cyisimxhymvsugx1cmfsijoivg9wifjlc3vsdhmilcjyzxn1bhrzq21wijoizm9yy2vtzwfyy2g6chjlzgljdgvkumvzdwx0cyj9lcjjb250zxh0ijp7ikzjtfrfulmiont9lcjzzwfyy2htb3vyy2uioijbu1nju1rbtlrfrelbte9hiiwizglzywjszuludgvudff1zxj5ijpmywxzzswizglzywjszvnwzwxsq29ycmvjdglvbii6zmfsc2usinnlyxjjaerpywxvz1nlc3npb25jzci6imzinwrlyjzmltc3owqty2i1yi04zjjlltzhmwjmzgrmyzy5msisimrlynvnsw5mbyi6eyjhchboyw1lijoisunhcl9tzxj2awnlx0nvbnnvbguilcjhchbuexblijoiq29uc29szsisimfwce5hbwvzcgfjzsi6immilcjsb2nhdglvbii6imzvcmnlom9iamvjdehvbwvezxnrdg9wiiwic29iamvjdfr5cguioijdb21taxr0zwvftwvtymvyx19jin19lcjncm91celkijoirevgqvvmvcj9lcjzdgf0zsi6e319</small> </font> </div>
<div class="test-event"> <font color="maroon"> <small> &emsp; &emsp;--- 15 Oct 12:46:05 013 - <b>0</b> - Page Load Wait: (Sync) - ICar.support.Utils.waitForPageLoad(Utils.java:109)</small> </font> </div>
<div class="test-message">&emsp;Role displayed Committee Officer</div>
<div class="test-message">&emsp;Student with ICAR ID 2614308 role displayed as Committee officer</div>
<div class="test-event"> <font color="maroon"> <small> &emsp; &emsp;--- 15 Oct 12:46:10 759 - Page URL:: https://i-car--staging.sandbox.lightning.force.com/lightning/r/committee_member__c/a371i000000ir8rqaa/view</small> </font> </div>
<div class="test-event"> <font color="maroon"> <small> &emsp; &emsp;--- 15 Oct 12:46:10 759 - <b>1</b> - Page Load Wait: (Sync) - ICar.support.Utils.waitForPageLoad(Utils.java:109)</small> </font> </div>
<div class="test-event"> <font color="maroon"> <small> &emsp; &emsp;--- 15 Oct 12:46:15 987 - Page URL:: https://i-car--staging.sandbox.lightning.force.com/lightning/r/committee_member__c/a371i000000ir8rqaa/view</small> </font> </div>
<div class="test-event"> <font color="maroon"> <small> &emsp; &emsp;--- 15 Oct 12:46:15 987 - <b>0</b> - Page Load Wait: (Sync) - ICar.support.Utils.waitForPageLoad(Utils.java:109)</small> </font> </div>
<div class="test-event"> <font color="maroon"> <small> &emsp; &emsp;--- 15 Oct 12:46:20 587 - Page URL:: https://i-car--staging.sandbox.lightning.force.com/lightning/r/committee_member__c/a371i000000ir8rqaa/view</small> </font> </div>
<div class="test-event"> <font color="maroon"> <small> &emsp; &emsp;--- 15 Oct 12:46:20 587 - <b>0</b> - Page Load Wait: (Sync) - ICar.support.Utils.waitForPageLoad(Utils.java:109)</small> </font> </div>
<div class="test-event"> <font color="maroon"> <small> &emsp; &emsp;--- 15 Oct 12:46:20 655 - Element is displayed:: [[ChromeDriver: chrome on WINDOWS (4578539f43912d5a2c2ec8f1c1957319)] -> css selector: button[class*='search-button']]</small> </font> </div>
<div class="test-event"> <font color="maroon"> <small> &emsp; &emsp;--- 15 Oct 12:46:22 757 - Catched spinner load exception due to Expected condition failed: waiting for ICar.support.WaitUtils$4@3e310ae5 (tried for 2 second(s) with 500 milliseconds interval)</small> </font> </div>
<div class="test-event"> <font color="maroon"> <small> &emsp; &emsp;--- 15 Oct 12:46:22 757 - <b>2</b> - Spinner Load Wait: (Sync) - ICar.support.WaitUtils.waitForSpinner(WaitUtils.java:225)</small> </font> </div>
<div class="test-event"> <font color="maroon"> <small> &emsp; &emsp;--- 15 Oct 12:46:25 941 - Element is displayed:: [[ChromeDriver: chrome on WINDOWS (4578539f43912d5a2c2ec8f1c1957319)] -> css selector: button[class*='search-button']]</small> </font> </div>
<div class="test-event"> <font color="maroon"> <small> &emsp; &emsp;--- 15 Oct 12:46:26 352 - Page URL:: https://i-car--staging.sandbox.lightning.force.com/lightning/o/committee__c/list?filtername=__recent</small> </font> </div>
<div class="test-event"> <font color="maroon"> <small> &emsp; &emsp;--- 15 Oct 12:46:26 352 - <b>0</b> - Page Load Wait: (Sync) - ICar.support.Utils.waitForPageLoad(Utils.java:109)</small> </font> </div>
<div class="test-event"> <font color="maroon"> <small> &emsp; &emsp;--- 15 Oct 12:46:46 132 - Catched spinner load exception due to Expected condition failed: waiting for ICar.support.WaitUtils$4@3e310ae5 (tried for 10 second(s) with 500 milliseconds interval)</small> </font> </div>
<div class="test-event"> <font color="maroon"> <small> &emsp; &emsp;--- 15 Oct 12:46:46 132 - <b>10</b> - Spinner Load Wait: (Sync) - ICar.support.WaitUtils.waitForSpinner(WaitUtils.java:225)</small> </font> </div>
<div class="test-event"> <font color="maroon"> <small> &emsp; &emsp;--- 15 Oct 12:46:47 246 - Page URL:: https://i-car--staging.sandbox.lightning.force.com/one/one.app#eyjjb21wb25lbnrezwyioijmb3jjzvnlyxjjadpzzwfyy2hqywdlrgvza3rvccisimf0dhjpynv0zxmionsidgvybsi6iji2mtqzmdgilcjzy29wzu1hcci6eyj0exblijoive9qx1jfu1vmvfmilcjuyw1lc3bhy2uioiiilcjsywjlbci6ilrvccbszxn1bhrziiwibgfizwxqbhvyywwioijub3agumvzdwx0cyisinjlc3vsdhndbxaioijmb3jjzvnlyxjjadpwcmvkawn0zwrszxn1bhrzin0simnvbnrlehqionsirklmvevsuyi6e30sinnlyxjjafnvdxjjzsi6ikftu0ltvefovf9esufmt0cilcjkaxnhymxlsw50zw50uxvlcnkiomzhbhnllcjkaxnhymxlu3blbgxdb3jyzwn0aw9uijpmywxzzswic2vhcmnorglhbg9nu2vzc2lvbklkijoiotblzjk0ztytyzbjny02mgq0lti1zgyty2mxmgq0m2u4ndy1iiwizgvidwdjbmzvijp7imfwce5hbwuioijjq2fyx1nlcnzpy2vfq29uc29szsisimfwcfr5cguioijdb25zb2xliiwiyxbwtmftzxnwywnlijoiyyisimxvy2f0aw9uijoizm9yy2u6b2jqzwn0sg9tzurlc2t0b3ailcjzb2jqzwn0vhlwzsi6iknvbw1pdhrlzv9fyyj9fswiz3jvdxbjzci6ikrfrkfvtfqifswic3rhdguiont9fq%3d%3d</small> </font> </div>
<div class="test-event"> <font color="maroon"> <small> &emsp; &emsp;--- 15 Oct 12:46:47 246 - <b>1</b> - Page Load Wait: (Sync) - ICar.support.Utils.waitForPageLoad(Utils.java:109)</small> </font> </div>
<div class="test-event"> <font color="maroon"> <small> &emsp; &emsp;--- 15 Oct 12:46:58 312 - Catched spinner load exception due to Expected condition failed: waiting for ICar.support.WaitUtils$4@3e310ae5 (tried for 11 second(s) with 500 milliseconds interval)</small> </font> </div>
<div class="test-event"> <font color="maroon"> <small> &emsp; &emsp;--- 15 Oct 12:46:58 312 - <b>11</b> - Spinner Load Wait: (Sync) - ICar.support.WaitUtils.waitForSpinner(WaitUtils.java:225)</small> </font> </div>
<div class="test-event"> <font color="maroon"> <small> &emsp; &emsp;--- 15 Oct 12:46:59 291 - Page URL:: https://i-car--staging.sandbox.lightning.force.com/one/one.app#eyjjb21wb25lbnrezwyioijmb3jjzvnlyxjjadpzzwfyy2hqywdlrgvza3rvccisimf0dhjpynv0zxmionsidgvybsi6iji2mtqzmdgilcjzy29wzu1hcci6eyj0exblijoive9qx1jfu1vmvfmilcjuyw1lc3bhy2uioiiilcjsywjlbci6ilrvccbszxn1bhrziiwibgfizwxqbhvyywwioijub3agumvzdwx0cyisinjlc3vsdhndbxaioijmb3jjzvnlyxjjadpwcmvkawn0zwrszxn1bhrzin0simnvbnrlehqionsirklmvevsuyi6e30sinnlyxjjafnvdxjjzsi6ikftu0ltvefovf9esufmt0cilcjkaxnhymxlsw50zw50uxvlcnkiomzhbhnllcjkaxnhymxlu3blbgxdb3jyzwn0aw9uijpmywxzzswic2vhcmnorglhbg9nu2vzc2lvbklkijoiotblzjk0ztytyzbjny02mgq0lti1zgyty2mxmgq0m2u4ndy1iiwizgvidwdjbmzvijp7imfwce5hbwuioijjq2fyx1nlcnzpy2vfq29uc29szsisimfwcfr5cguioijdb25zb2xliiwiyxbwtmftzxnwywnlijoiyyisimxvy2f0aw9uijoizm9yy2u6b2jqzwn0sg9tzurlc2t0b3ailcjzb2jqzwn0vhlwzsi6iknvbw1pdhrlzv9fyyj9fswiz3jvdxbjzci6ikrfrkfvtfqifswic3rhdguiont9fq%3d%3d</small> </font> </div>
<div class="test-event"> <font color="maroon"> <small> &emsp; &emsp;--- 15 Oct 12:46:59 291 - <b>0</b> - Page Load Wait: (Sync) - ICar.support.Utils.waitForPageLoad(Utils.java:109)</small> </font> </div>
<div class="test-event"> <font color="maroon"> <small> &emsp; &emsp;--- 15 Oct 12:46:59 366 - Element is displayed:: [[ChromeDriver: chrome on WINDOWS (4578539f43912d5a2c2ec8f1c1957319)] -> xpath: //a[@title='Top Results']//span[text()='Top Results']]</small> </font> </div>
<div class="test-event"> <font color="maroon"> <small> &emsp; &emsp;--- 15 Oct 12:47:00 026 - Page URL:: https://i-car--staging.sandbox.lightning.force.com/one/one.app#eyjjb21wb25lbnrezwyioijmb3jjzvnlyxjjadpzzwfyy2hqywdlrgvza3rvccisimf0dhjpynv0zxmionsidgvybsi6iji2mtqzmdgilcjzy29wzu1hcci6eyj0exblijoive9qx1jfu1vmvfmilcjuyw1lc3bhy2uioiiilcjsywjlbci6ilrvccbszxn1bhrziiwibgfizwxqbhvyywwioijub3agumvzdwx0cyisinjlc3vsdhndbxaioijmb3jjzvnlyxjjadpwcmvkawn0zwrszxn1bhrzin0simnvbnrlehqionsirklmvevsuyi6e30sinnlyxjjafnvdxjjzsi6ikftu0ltvefovf9esufmt0cilcjkaxnhymxlsw50zw50uxvlcnkiomzhbhnllcjkaxnhymxlu3blbgxdb3jyzwn0aw9uijpmywxzzswic2vhcmnorglhbg9nu2vzc2lvbklkijoiotblzjk0ztytyzbjny02mgq0lti1zgyty2mxmgq0m2u4ndy1iiwizgvidwdjbmzvijp7imfwce5hbwuioijjq2fyx1nlcnzpy2vfq29uc29szsisimfwcfr5cguioijdb25zb2xliiwiyxbwtmftzxnwywnlijoiyyisimxvy2f0aw9uijoizm9yy2u6b2jqzwn0sg9tzurlc2t0b3ailcjzb2jqzwn0vhlwzsi6iknvbw1pdhrlzv9fyyj9fswiz3jvdxbjzci6ikrfrkfvtfqifswic3rhdguiont9fq%3d%3d</small> </font> </div>
<div class="test-event"> <font color="maroon"> <small> &emsp; &emsp;--- 15 Oct 12:47:00 026 - <b>0</b> - Page Load Wait: (Sync) - ICar.support.Utils.waitForPageLoad(Utils.java:109)</small> </font> </div>
<div class="test-event"> <font color="maroon"> <small> &emsp; &emsp;--- 15 Oct 12:47:05 474 - Catched spinner load exception due to Expected condition failed: waiting for ICar.support.WaitUtils$4@3e310ae5 (tried for 5 second(s) with 500 milliseconds interval)</small> </font> </div>
<div class="test-event"> <font color="maroon"> <small> &emsp; &emsp;--- 15 Oct 12:47:05 474 - <b>5</b> - Spinner Load Wait: (Sync) - ICar.support.WaitUtils.waitForSpinner(WaitUtils.java:225)</small> </font> </div>
<div class="test-event"> <font color="maroon"> <small> &emsp; &emsp;--- 15 Oct 12:47:06 473 - Page URL:: https://i-car--staging.sandbox.lightning.force.com/one/one.app#eyjjb21wb25lbnrezwyioijmb3jjzvnlyxjjadpzzwfyy2hqywdlrgvza3rvccisimf0dhjpynv0zxmionsidgvybsi6iji2mtqzmdgilcjzy29wzu1hcci6eyj0exblijoive9qx1jfu1vmvfmilcjuyw1lc3bhy2uioiiilcjsywjlbci6ilrvccbszxn1bhrziiwibgfizwxqbhvyywwioijub3agumvzdwx0cyisinjlc3vsdhndbxaioijmb3jjzvnlyxjjadpwcmvkawn0zwrszxn1bhrzin0simnvbnrlehqionsirklmvevsuyi6e30sinnlyxjjafnvdxjjzsi6ikftu0ltvefovf9esufmt0cilcjkaxnhymxlsw50zw50uxvlcnkiomzhbhnllcjkaxnhymxlu3blbgxdb3jyzwn0aw9uijpmywxzzswic2vhcmnorglhbg9nu2vzc2lvbklkijoiotblzjk0ztytyzbjny02mgq0lti1zgyty2mxmgq0m2u4ndy1iiwizgvidwdjbmzvijp7imfwce5hbwuioijjq2fyx1nlcnzpy2vfq29uc29szsisimfwcfr5cguioijdb25zb2xliiwiyxbwtmftzxnwywnlijoiyyisimxvy2f0aw9uijoizm9yy2u6b2jqzwn0sg9tzurlc2t0b3ailcjzb2jqzwn0vhlwzsi6iknvbw1pdhrlzv9fyyj9fswiz3jvdxbjzci6ikrfrkfvtfqifswic3rhdguiont9fq%3d%3d</small> </font> </div>
<div class="test-event"> <font color="maroon"> <small> &emsp; &emsp;--- 15 Oct 12:47:06 473 - <b>1</b> - Page Load Wait: (Sync) - ICar.support.Utils.waitForPageLoad(Utils.java:109)</small> </font> </div>
<div class="test-event"> <font color="maroon"> <small> &emsp; &emsp;--- 15 Oct 12:47:07 330 - Page URL:: https://i-car--staging.sandbox.lightning.force.com/one/one.app#eyjjb21wb25lbnrezwyioijmb3jjzvnlyxjjadpzzwfyy2hqywdlrgvza3rvccisimf0dhjpynv0zxmionsidgvybsi6iji2mtqzmdgilcjzy29wzu1hcci6eyj0exblijoive9qx1jfu1vmvfmilcjuyw1lc3bhy2uioiiilcjsywjlbci6ilrvccbszxn1bhrziiwibgfizwxqbhvyywwioijub3agumvzdwx0cyisinjlc3vsdhndbxaioijmb3jjzvnlyxjjadpwcmvkawn0zwrszxn1bhrzin0simnvbnrlehqionsirklmvevsuyi6e30sinnlyxjjafnvdxjjzsi6ikftu0ltvefovf9esufmt0cilcjkaxnhymxlsw50zw50uxvlcnkiomzhbhnllcjkaxnhymxlu3blbgxdb3jyzwn0aw9uijpmywxzzswic2vhcmnorglhbg9nu2vzc2lvbklkijoiotblzjk0ztytyzbjny02mgq0lti1zgyty2mxmgq0m2u4ndy1iiwizgvidwdjbmzvijp7imfwce5hbwuioijjq2fyx1nlcnzpy2vfq29uc29szsisimfwcfr5cguioijdb25zb2xliiwiyxbwtmftzxnwywnlijoiyyisimxvy2f0aw9uijoizm9yy2u6b2jqzwn0sg9tzurlc2t0b3ailcjzb2jqzwn0vhlwzsi6iknvbw1pdhrlzv9fyyj9fswiz3jvdxbjzci6ikrfrkfvtfqifswic3rhdguiont9fq%3d%3d</small> </font> </div>
<div class="test-event"> <font color="maroon"> <small> &emsp; &emsp;--- 15 Oct 12:47:07 330 - <b>0</b> - Page Load Wait: (Sync) - ICar.support.Utils.waitForPageLoad(Utils.java:109)</small> </font> </div>
<div class="test-event"> <font color="maroon"> <small> &emsp; &emsp;--- 15 Oct 12:47:08 272 - Page URL:: https://i-car--staging.sandbox.lightning.force.com/one/one.app#eyjjb21wb25lbnrezwyioijmb3jjzvnlyxjjadpzzwfyy2hqywdlrgvza3rvccisimf0dhjpynv0zxmionsidgvybsi6iji2mtqzmdgilcjzy29wzu1hcci6eyj0exblijoive9qx1jfu1vmvfmilcjuyw1lc3bhy2uioiiilcjsywjlbci6ilrvccbszxn1bhrziiwibgfizwxqbhvyywwioijub3agumvzdwx0cyisinjlc3vsdhndbxaioijmb3jjzvnlyxjjadpwcmvkawn0zwrszxn1bhrzin0simnvbnrlehqionsirklmvevsuyi6e30sinnlyxjjafnvdxjjzsi6ikftu0ltvefovf9esufmt0cilcjkaxnhymxlsw50zw50uxvlcnkiomzhbhnllcjkaxnhymxlu3blbgxdb3jyzwn0aw9uijpmywxzzswic2vhcmnorglhbg9nu2vzc2lvbklkijoiotblzjk0ztytyzbjny02mgq0lti1zgyty2mxmgq0m2u4ndy1iiwizgvidwdjbmzvijp7imfwce5hbwuioijjq2fyx1nlcnzpy2vfq29uc29szsisimfwcfr5cguioijdb25zb2xliiwiyxbwtmftzxnwywnlijoiyyisimxvy2f0aw9uijoizm9yy2u6b2jqzwn0sg9tzurlc2t0b3ailcjzb2jqzwn0vhlwzsi6iknvbw1pdhrlzv9fyyj9fswiz3jvdxbjzci6ikrfrkfvtfqifswic3rhdguiont9fq%3d%3d</small> </font> </div>
<div class="test-event"> <font color="maroon"> <small> &emsp; &emsp;--- 15 Oct 12:47:08 272 - <b>0</b> - Page Load Wait: (Sync) - ICar.support.Utils.waitForPageLoad(Utils.java:109)</small> </font> </div>
<div class="test-event"> <font color="maroon"> <small> &emsp; &emsp;--- 15 Oct 12:47:16 782 - Catched spinner load exception due to Expected condition failed: waiting for ICar.support.WaitUtils$4@3e310ae5 (tried for 8 second(s) with 500 milliseconds interval)</small> </font> </div>
<div class="test-event"> <font color="maroon"> <small> &emsp; &emsp;--- 15 Oct 12:47:16 782 - <b>8</b> - Spinner Load Wait: (Sync) - ICar.support.WaitUtils.waitForSpinner(WaitUtils.java:225)</small> </font> </div>
<div class="test-event"> <font color="maroon"> <small> &emsp; &emsp;--- 15 Oct 12:47:17 766 - Page URL:: https://i-car--staging.sandbox.lightning.force.com/one/one.app#eyjjb21wb25lbnrezwyioijmb3jjzvnlyxjjadpzzwfyy2hqywdlrgvza3rvccisimf0dhjpynv0zxmionsidgvybsi6iji2mtqzmdgilcjzy29wzu1hcci6eyj0exblijoive9qx1jfu1vmvfmilcjuyw1lc3bhy2uioiiilcjsywjlbci6ilrvccbszxn1bhrziiwibgfizwxqbhvyywwioijub3agumvzdwx0cyisinjlc3vsdhndbxaioijmb3jjzvnlyxjjadpwcmvkawn0zwrszxn1bhrzin0simnvbnrlehqionsirklmvevsuyi6e30sinnlyxjjafnvdxjjzsi6ikftu0ltvefovf9esufmt0cilcjkaxnhymxlsw50zw50uxvlcnkiomzhbhnllcjkaxnhymxlu3blbgxdb3jyzwn0aw9uijpmywxzzswic2vhcmnorglhbg9nu2vzc2lvbklkijoiotblzjk0ztytyzbjny02mgq0lti1zgyty2mxmgq0m2u4ndy1iiwizgvidwdjbmzvijp7imfwce5hbwuioijjq2fyx1nlcnzpy2vfq29uc29szsisimfwcfr5cguioijdb25zb2xliiwiyxbwtmftzxnwywnlijoiyyisimxvy2f0aw9uijoizm9yy2u6b2jqzwn0sg9tzurlc2t0b3ailcjzb2jqzwn0vhlwzsi6iknvbw1pdhrlzv9fyyj9fswiz3jvdxbjzci6ikrfrkfvtfqifswic3rhdguiont9fq%3d%3d</small> </font> </div>
<div class="test-event"> <font color="maroon"> <small> &emsp; &emsp;--- 15 Oct 12:47:17 766 - <b>0</b> - Page Load Wait: (Sync) - ICar.support.Utils.waitForPageLoad(Utils.java:109)</small> </font> </div>
<div class="test-event"> <font color="maroon"> <small> &emsp; &emsp;--- 15 Oct 12:47:19 928 - Element is displayed:: [[ChromeDriver: chrome on WINDOWS (4578539f43912d5a2c2ec8f1c1957319)] -> xpath: //div[contains(@class,'forceSearchResultsRegion')]//div[contains(@class,'resultsMultiWrapper')]/div/div[1]//following::h2//a]</small> </font> </div>
<div class="test-event"> <font color="maroon"> <small> &emsp; &emsp;--- 15 Oct 12:47:20 133 - Element is displayed:: [[ChromeDriver: chrome on WINDOWS (4578539f43912d5a2c2ec8f1c1957319)] -> xpath: //a[text()='Contacts']]</small> </font> </div>
<div class="test-event"> <font color="maroon"> <small> &emsp; &emsp;--- 15 Oct 12:47:24 192 - Element is displayed:: [[ChromeDriver: chrome on WINDOWS (4578539f43912d5a2c2ec8f1c1957319)] -> xpath: //div[text()='Contacts']//following :: table//tbody//th//span /a]</small> </font> </div>
<div class="test-message">&emsp;4.Enter ICAR ID  2614308</div>
<div class="test-event"> <font color="maroon"> <small> &emsp; &emsp;--- 15 Oct 12:47:38 614 - Element is displayed:: [[ChromeDriver: chrome on WINDOWS (4578539f43912d5a2c2ec8f1c1957319)] -> xpath: //a/img[@alt='Login Image']|//button[@id='btn-login']]</small> </font> </div>
<div class="test-event"> <font color="maroon"> <small> &emsp; &emsp;--- 15 Oct 12:47:38 692 - Element is displayed:: [[ChromeDriver: chrome on WINDOWS (4578539f43912d5a2c2ec8f1c1957319)] -> xpath: //a/img[@alt='Login Image']|//button[@id='btn-login']]</small> </font> </div>
<div class="test-message">&emsp;Successfully navigated to 'Home' Page&emsp;<a href=".\ScreenShot\B2B1104_TC01_1258653775828400.png" target="_blank" >[ScreenShot]</a></div>
<div class="test-message">&emsp;1. Home page is launched.</div>
<div class="test-event"> <font color="maroon"> <small> &emsp; &emsp;--- 15 Oct 12:47:39 118 - Page URL:: https://www.icarstage.com/</small> </font> </div>
<div class="test-event"> <font color="maroon"> <small> &emsp; &emsp;--- 15 Oct 12:47:39 118 - <b>0</b> - Page Load Wait: (Sync) - ICar.support.Utils.waitForPageLoad(Utils.java:109)</small> </font> </div>
<div class="test-event"> <font color="maroon"> <small> &emsp; &emsp;--- 15 Oct 12:47:39 157 - Element is displayed:: [[ChromeDriver: chrome on WINDOWS (4578539f43912d5a2c2ec8f1c1957319)] -> xpath: //a/img[@alt='Login Image']|//button[@id='btn-login']]</small> </font> </div>
<div class="test-event"> <font color="maroon"> <small> &emsp; &emsp;--- 15 Oct 12:47:39 213 - Element is displayed:: [[ChromeDriver: chrome on WINDOWS (4578539f43912d5a2c2ec8f1c1957319)] -> xpath: //a/img[@alt='Login Image']|//button[@id='btn-login']]</small> </font> </div>
<div class="test-event"> <font color="maroon"> <small> &emsp; &emsp;--- 15 Oct 12:47:57 453 - Catched spinner load exception due to Expected condition failed: waiting for ICar.support.WaitUtils$4@3e310ae5 (tried for 15 second(s) with 500 milliseconds interval)</small> </font> </div>
<div class="test-event"> <font color="maroon"> <small> &emsp; &emsp;--- 15 Oct 12:47:57 454 - <b>15</b> - Spinner Load Wait: (Sync) - ICar.support.WaitUtils.waitForSpinner(WaitUtils.java:225)</small> </font> </div>
<div class="test-message">&emsp;2. Login page  should be successfully display</div>
<div class="test-message">&emsp;Successfully navigated to 'Login' Page&emsp;<a href=".\ScreenShot\B2B1104_TC01_1258672542099100.png" target="_blank" >[ScreenShot]</a></div>
<div class="test-event"> <font color="maroon"> <small> &emsp; &emsp;--- 15 Oct 12:47:57 674 - Element is displayed:: [[ChromeDriver: chrome on WINDOWS (4578539f43912d5a2c2ec8f1c1957319)] -> id: username]</small> </font> </div>
<div class="test-event"> <font color="maroon"> <small> &emsp; &emsp;--- 15 Oct 12:47:57 742 - Element is displayed:: [[ChromeDriver: chrome on WINDOWS (4578539f43912d5a2c2ec8f1c1957319)] -> id: username]</small> </font> </div>
<div class="test-event"> <font color="maroon"> <small> &emsp; &emsp;--- 15 Oct 12:47:58 063 - Element is displayed:: [[ChromeDriver: chrome on WINDOWS (4578539f43912d5a2c2ec8f1c1957319)] -> id: password]</small> </font> </div>
<div class="test-event"> <font color="maroon"> <small> &emsp; &emsp;--- 15 Oct 12:47:58 255 - Element is displayed:: [[ChromeDriver: chrome on WINDOWS (4578539f43912d5a2c2ec8f1c1957319)] -> id: btn-login]</small> </font> </div>
<div class="test-event"> <font color="maroon"> <small> &emsp; &emsp;--- 15 Oct 12:48:11 338 - Catched spinner load exception due to Expected condition failed: waiting for ICar.support.WaitUtils$4@3e310ae5 (tried for 13 second(s) with 500 milliseconds interval)</small> </font> </div>
<div class="test-event"> <font color="maroon"> <small> &emsp; &emsp;--- 15 Oct 12:48:11 338 - <b>13</b> - Spinner Load Wait: (Sync) - ICar.support.WaitUtils.waitForSpinner(WaitUtils.java:225)</small> </font> </div>
<div class="test-event"> <font color="maroon"> <small> &emsp; &emsp;--- 15 Oct 12:48:34 736 - Catched spinner load exception due to Expected condition failed: waiting for ICar.support.WaitUtils$4@3e310ae5 (tried for 10 second(s) with 500 milliseconds interval)</small> </font> </div>
<div class="test-event"> <font color="maroon"> <small> &emsp; &emsp;--- 15 Oct 12:48:34 736 - <b>10</b> - Spinner Load Wait: (Sync) - ICar.support.WaitUtils.waitForSpinner(WaitUtils.java:225)</small> </font> </div>
<div class="test-event"> <font color="maroon"> <small> &emsp; &emsp;--- 15 Oct 12:48:34 883 - Element is displayed:: [[ChromeDriver: chrome on WINDOWS (4578539f43912d5a2c2ec8f1c1957319)] -> xpath: //button[@value='Launch My Learning']]</small> </font> </div>
<div class="test-message">&emsp;3. Enter the user credentials as : alessa0717</div>
<div class="test-message">&emsp;Successfully navigated to 'User Home' Page&emsp;<a href=".\ScreenShot\B2B1104_TC01_1258709967278600.png" target="_blank" >[ScreenShot]</a></div>
<div class="test-event"> <font color="maroon"> <small> &emsp; &emsp;--- 15 Oct 12:48:35 318 - Page URL:: https://www.icarstage.com/</small> </font> </div>
<div class="test-event"> <font color="maroon"> <small> &emsp; &emsp;--- 15 Oct 12:48:35 319 - <b>0</b> - Page Load Wait: (Sync) - ICar.support.Utils.waitForPageLoad(Utils.java:109)</small> </font> </div>
<div class="test-event"> <font color="maroon"> <small> &emsp; &emsp;--- 15 Oct 12:48:35 373 - Element is displayed:: [[ChromeDriver: chrome on WINDOWS (4578539f43912d5a2c2ec8f1c1957319)] -> xpath: //p[text()='Launch My Learning']]</small> </font> </div>
<div class="test-event"> <font color="maroon"> <small> &emsp; &emsp;--- 15 Oct 12:48:35 410 - Element is displayed:: [[ChromeDriver: chrome on WINDOWS (4578539f43912d5a2c2ec8f1c1957319)] -> xpath: //a[text()='Access Committee Portal']]</small> </font> </div>
<div class="test-event"> <font color="maroon"> <small> &emsp; &emsp;--- 15 Oct 12:48:37 513 - Element is displayed:: [[ChromeDriver: chrome on WINDOWS (4578539f43912d5a2c2ec8f1c1957319)] -> xpath: //a[text()='Access Committee Portal']]</small> </font> </div>
<div class="test-event"> <font color="maroon"> <small> &emsp; &emsp;--- 15 Oct 12:48:56 910 - Catched spinner load exception due to Expected condition failed: waiting for ICar.support.WaitUtils$4@3e310ae5 (tried for 15 second(s) with 500 milliseconds interval)</small> </font> </div>
<div class="test-event"> <font color="maroon"> <small> &emsp; &emsp;--- 15 Oct 12:48:56 910 - <b>15</b> - Spinner Load Wait: (Sync) - ICar.support.WaitUtils.waitForSpinner(WaitUtils.java:225)</small> </font> </div>
<div class="test-event"> <font color="maroon"> <small> &emsp; &emsp;--- 15 Oct 12:48:57 720 - Page URL:: https://my.icarstage.com/s/committee/a381i0000006tc9qai/5400799</small> </font> </div>
<div class="test-event"> <font color="maroon"> <small> &emsp; &emsp;--- 15 Oct 12:48:57 720 - <b>0</b> - Page Load Wait: (Sync) - ICar.support.Utils.waitForPageLoad(Utils.java:109)</small> </font> </div>
<div class="test-message">&emsp;Successfully navigated to 'Access committee' Page&emsp;<a href=".\ScreenShot\B2B1104_TC01_1258732803752100.png" target="_blank" >[ScreenShot]</a></div>
<div class="test-event"> <font color="maroon"> <small> &emsp; &emsp;--- 15 Oct 12:48:58 022 - Page URL:: https://my.icarstage.com/s/committee/a381i0000006tc9qai/5400799</small> </font> </div>
<div class="test-event"> <font color="maroon"> <small> &emsp; &emsp;--- 15 Oct 12:48:58 022 - <b>0</b> - Page Load Wait: (Sync) - ICar.support.Utils.waitForPageLoad(Utils.java:109)</small> </font> </div>
<div class="test-event"> <font color="maroon"> <small> &emsp; &emsp;--- 15 Oct 12:49:06 198 - Catched spinner load exception due to Expected condition failed: waiting for ICar.support.WaitUtils$4@3e310ae5 (tried for 8 second(s) with 500 milliseconds interval)</small> </font> </div>
<div class="test-event"> <font color="maroon"> <small> &emsp; &emsp;--- 15 Oct 12:49:06 203 - <b>8</b> - Spinner Load Wait: (Sync) - ICar.support.WaitUtils.waitForSpinner(WaitUtils.java:225)</small> </font> </div>
<div class="test-event"> <font color="maroon"> <small> &emsp; &emsp;--- 15 Oct 12:49:06 291 - Element is displayed:: [[ChromeDriver: chrome on WINDOWS (4578539f43912d5a2c2ec8f1c1957319)] -> xpath: //span[text()='Committee Goals (Active Goals)']/parent::span]</small> </font> </div>
<div class="test-event"> <font color="maroon"> <small> &emsp; &emsp;--- 15 Oct 12:49:08 435 - Element is displayed:: [[ChromeDriver: chrome on WINDOWS (4578539f43912d5a2c2ec8f1c1957319)] -> xpath: //span[text()='Committee Goals (Active Goals)']/parent::span]</small> </font> </div>
<div class="test-event"> <font color="maroon"> <small> &emsp; &emsp;--- 15 Oct 12:49:13 574 - Page URL:: https://my.icarstage.com/s/committee/related/a381i0000006tc9qai/committee_goals1__r</small> </font> </div>
<div class="test-event"> <font color="maroon"> <small> &emsp; &emsp;--- 15 Oct 12:49:13 574 - Page Load Wait </small> </font> </div>
<div class="test-event"> <font color="maroon"> <small> &emsp; &emsp;--- 15 Oct 12:49:13 624 - Element is displayed:: [[ChromeDriver: chrome on WINDOWS (4578539f43912d5a2c2ec8f1c1957319)] -> xpath: (//table[contains(@aria-label,'Committee')])[last()]/thead/tr/th/div/a/span[2]]</small> </font> </div>
<div class="test-message">&emsp;All column headers are displayed on clicking active goal </div>
<div class="test-event"> <font color="maroon"> <small> &emsp; &emsp;--- 15 Oct 12:49:13 959 - Page URL:: https://my.icarstage.com/s/committee/related/a381i0000006tc9qai/committee_goals1__r</small> </font> </div>
<div class="test-event"> <font color="maroon"> <small> &emsp; &emsp;--- 15 Oct 12:49:13 959 - <b>0</b> - Page Load Wait: (Sync) - ICar.support.Utils.waitForPageLoad(Utils.java:109)</small> </font> </div>
<div class="test-event"> <font color="maroon"> <small> &emsp; &emsp;--- 15 Oct 12:49:22 283 - Catched spinner load exception due to Expected condition failed: waiting for ICar.support.WaitUtils$4@3e310ae5 (tried for 8 second(s) with 500 milliseconds interval)</small> </font> </div>
<div class="test-event"> <font color="maroon"> <small> &emsp; &emsp;--- 15 Oct 12:49:22 283 - <b>8</b> - Spinner Load Wait: (Sync) - ICar.support.WaitUtils.waitForSpinner(WaitUtils.java:225)</small> </font> </div>
<div class="test-event"> <font color="maroon"> <small> &emsp; &emsp;--- 15 Oct 12:49:22 324 - Element is displayed:: [[ChromeDriver: chrome on WINDOWS (4578539f43912d5a2c2ec8f1c1957319)] -> xpath: (//table[@aria-label='Committee Goals (Active Goals)'])[last()]/tbody/tr/th/span/a|(//table[@aria-label='Committee Goals (Active Goals)'])[last()]/tbody/tr/th//a]</small> </font> </div>
<div class="test-message">&emsp;Active Goal details are displayed</div>
<div class="test-message">&emsp;Upload file in committee Goal page</div>
<div class="test-event"> <font color="maroon"> <small> &emsp; &emsp;--- 15 Oct 12:49:27 558 - Page URL:: https://my.icarstage.com/s/detail/a5q8w000000h9u4qac</small> </font> </div>
<div class="test-event"> <font color="maroon"> <small> &emsp; &emsp;--- 15 Oct 12:49:27 558 - <b>0</b> - Page Load Wait: (Sync) - ICar.support.Utils.waitForPageLoad(Utils.java:109)</small> </font> </div>
<div class="test-event"> <font color="maroon"> <small> &emsp; &emsp;--- 15 Oct 12:49:33 071 - Page URL:: https://my.icarstage.com/s/detail/a5q8w000000h9u4qac</small> </font> </div>
<div class="test-event"> <font color="maroon"> <small> &emsp; &emsp;--- 15 Oct 12:49:33 071 - <b>0</b> - Page Load Wait: (Sync) - ICar.support.Utils.waitForPageLoad(Utils.java:109)</small> </font> </div>
<div class="test-event"> <font color="maroon"> <small> &emsp; &emsp;--- 15 Oct 12:49:48 327 - Catched spinner load exception due to Expected condition failed: waiting for ICar.support.WaitUtils$4@3e310ae5 (tried for 15 second(s) with 500 milliseconds interval)</small> </font> </div>
<div class="test-event"> <font color="maroon"> <small> &emsp; &emsp;--- 15 Oct 12:49:48 327 - Spinner Load Wait</small> </font> </div>
<div class="test-event"> <font color="maroon"> <small> &emsp; &emsp;--- 15 Oct 12:49:50 502 - Element is displayed:: [[ChromeDriver: chrome on WINDOWS (4578539f43912d5a2c2ec8f1c1957319)] -> xpath: //span[text()='View All']]</small> </font> </div>
<div class="test-event"> <font color="maroon"> <small> &emsp; &emsp;--- 15 Oct 12:49:53 735 - Element is displayed:: [[ChromeDriver: chrome on WINDOWS (4578539f43912d5a2c2ec8f1c1957319)] -> xpath: //div[@title='Upload Files']]</small> </font> </div>
<div class="test-message">&emsp;The file is uploaded from the locationD:\ICar\IcarAutomation-Weekly\ICar-TestAutomation_new\src\main\resources\Upload\upload.pdf</div>
<div class="test-event"> <font color="maroon"> <small> &emsp; &emsp;--- 15 Oct 12:50:27 022 - Catched spinner load exception due to Expected condition failed: waiting for ICar.support.WaitUtils$4@3e310ae5 (tried for 8 second(s) with 500 milliseconds interval)</small> </font> </div>
<div class="test-event"> <font color="maroon"> <small> &emsp; &emsp;--- 15 Oct 12:50:27 022 - <b>8</b> - Spinner Load Wait: (Sync) - ICar.support.WaitUtils.waitForSpinner(WaitUtils.java:225)</small> </font> </div>
<div class="test-event"> <font color="maroon"> <small> &emsp; &emsp;--- 15 Oct 12:50:31 183 - Page URL:: https://my.icarstage.com/s/relatedlist/a5q8w000000h9u4qac/attachedcontentdocuments</small> </font> </div>
<div class="test-event"> <font color="maroon"> <small> &emsp; &emsp;--- 15 Oct 12:50:31 183 - <b>0</b> - Page Load Wait: (Sync) - ICar.support.Utils.waitForPageLoad(Utils.java:109)</small> </font> </div>
<div class="test-event"> <font color="maroon"> <small> &emsp; &emsp;--- 15 Oct 12:51:15 477 - Unable to find an element after 10 sec ==> Proxy element for: AjaxElementLocator 'By.xpath: //span[text()='Done']'</small> </font> </div>
<div class="test-event"> <font color="maroon"> <small> &emsp; &emsp;--- 15 Oct 12:51:18 740 - Page URL:: https://my.icarstage.com/s/relatedlist/a5q8w000000h9u4qac/attachedcontentdocuments</small> </font> </div>
<div class="test-event"> <font color="maroon"> <small> &emsp; &emsp;--- 15 Oct 12:51:18 740 - <b>0</b> - Page Load Wait: (Sync) - ICar.support.Utils.waitForPageLoad(Utils.java:109)</small> </font> </div>
<div class="test-event"> <font color="maroon"> <small> &emsp; &emsp;--- 15 Oct 12:51:31 642 - Unable to find a element after 9 sec ==> Proxy element for: AjaxElementLocator 'By.xpath: //span[text()='Done']'</small> </font> </div>
<!--FAILSOFT-->
<div class="test-result"><font color="red">&emsp;Failed to upload file in portal with file name as uploas</font></div>
<!--FAIL-->
<div class="test-result"><br><font color="red"><strong> Test Failed. Check the steps above in red color. </strong></font> </div>&emsp;
&emsp;<div class="test-title"> <strong><font size = "3" color = "#0000FF">---Test Execution Ends---</font> </strong> </div>&emsp;]]>
    </system-out>
  </testcase> <!-- B2B1104_TC01 -->
  <testcase classname="CommitteeTestscripts.CommitteeTestscripts" name="B2B1000_TC02" time="318.246">
    <system-out>
      <![CDATA[<div class="test-event"> <font color="maroon"> <small> &emsp; &emsp;--- 15 Oct 11:40:50 743 - TestCaseID:: B2B1000_TC02</small> </font> </div>
<div class="test-event"> <font color="maroon"> <small> &emsp; &emsp;--- 15 Oct 11:40:52 555 - <b>1</b> - Driver::initialize::Get - ICar.support.WebDriverFactory.getDriver(WebDriverFactory.java:640)</small> </font> </div>
&emsp;<div class="test-title"> <strong><font size = "3" color = "#000080">End dating a committee Officer Role will remove the user from accessing the Committee Ofiicer Portal page</font> </strong> </div>&emsp;<div><strong>Steps:</strong></div><!-- Report -->&emsp;
<div class="test-event"> <font color="maroon"> <small> &emsp; &emsp;--- 15 Oct 11:40:57 931 - Page URL:: https://i-car--staging.sandbox.my.salesforce.com/</small> </font> </div>
<div class="test-event"> <font color="maroon"> <small> &emsp; &emsp;--- 15 Oct 11:40:57 931 - <b>0</b> - Page Load Wait: (Sync) - ICar.support.Utils.waitForPageLoad(Utils.java:109)</small> </font> </div>
<div class="test-event"> <font color="maroon"> <small> &emsp; &emsp;--- 15 Oct 11:41:11 241 - Page URL:: https://i-car--staging.sandbox.my.salesforce.com/</small> </font> </div>
<div class="test-event"> <font color="maroon"> <small> &emsp; &emsp;--- 15 Oct 11:41:11 241 - <b>0</b> - Page Load Wait: (Sync) - ICar.support.Utils.waitForPageLoad(Utils.java:109)</small> </font> </div>
<div class="test-message">&emsp;Successfully navigated to 'Login' Page&emsp;<a href=".\ScreenShot\B2B1000_TC02_1254666323909500.png" target="_blank" >[ScreenShot]</a></div>
<div class="test-message">&emsp;1. Login page is launched.</div>
<div class="test-event"> <font color="maroon"> <small> &emsp; &emsp;--- 15 Oct 11:41:11 470 - Element is displayed:: [[ChromeDriver: chrome on WINDOWS (e9e6434d9bbba587fc3ee34ef0d40850)] -> id: username]</small> </font> </div>
<div class="test-event"> <font color="maroon"> <small> &emsp; &emsp;--- 15 Oct 11:41:11 542 - Element is displayed:: [[ChromeDriver: chrome on WINDOWS (e9e6434d9bbba587fc3ee34ef0d40850)] -> id: username]</small> </font> </div>
<div class="test-event"> <font color="maroon"> <small> &emsp; &emsp;--- 15 Oct 11:41:11 913 - Element is displayed:: [[ChromeDriver: chrome on WINDOWS (e9e6434d9bbba587fc3ee34ef0d40850)] -> id: password]</small> </font> </div>
<div class="test-event"> <font color="maroon"> <small> &emsp; &emsp;--- 15 Oct 11:41:12 149 - Element is displayed:: [[ChromeDriver: chrome on WINDOWS (e9e6434d9bbba587fc3ee34ef0d40850)] -> id: Login]</small> </font> </div>
<div class="test-event"> <font color="maroon"> <small> &emsp; &emsp;--- 15 Oct 11:41:50 848 - Catched spinner load exception due to Expected condition failed: waiting for ICar.support.WaitUtils$4@3e310ae5 (tried for 13 second(s) with 500 milliseconds interval)</small> </font> </div>
<div class="test-event"> <font color="maroon"> <small> &emsp; &emsp;--- 15 Oct 11:41:50 848 - <b>13</b> - Spinner Load Wait: (Sync) - ICar.support.WaitUtils.waitForSpinner(WaitUtils.java:225)</small> </font> </div>
<div class="test-event"> <font color="maroon"> <small> &emsp; &emsp;--- 15 Oct 11:42:09 374 - Catched spinner load exception due to Expected condition failed: waiting for ICar.support.WaitUtils$4@3e310ae5 (tried for 6 second(s) with 500 milliseconds interval)</small> </font> </div>
<div class="test-event"> <font color="maroon"> <small> &emsp; &emsp;--- 15 Oct 11:42:09 374 - <b>6</b> - Spinner Load Wait: (Sync) - ICar.support.WaitUtils.waitForSpinner(WaitUtils.java:225)</small> </font> </div>
<div class="test-event"> <font color="maroon"> <small> &emsp; &emsp;--- 15 Oct 11:42:09 457 - Element is displayed:: [[ChromeDriver: chrome on WINDOWS (e9e6434d9bbba587fc3ee34ef0d40850)] -> css selector: button[class*='search-button']]</small> </font> </div>
<div class="test-message">&emsp;2. Navigate to 'SalesForce Page'</div>
<div class="test-event"> <font color="maroon"> <small> &emsp; &emsp;--- 15 Oct 11:42:09 790 - Page URL:: https://i-car--staging.sandbox.lightning.force.com/lightning/r/contact/0031i00000oeifqqaa/view</small> </font> </div>
<div class="test-event"> <font color="maroon"> <small> &emsp; &emsp;--- 15 Oct 11:42:09 791 - <b>0</b> - Page Load Wait: (Sync) - ICar.support.Utils.waitForPageLoad(Utils.java:109)</small> </font> </div>
<div class="test-event"> <font color="maroon"> <small> &emsp; &emsp;--- 15 Oct 11:42:15 102 - Page URL:: https://i-car--staging.sandbox.lightning.force.com/lightning/r/contact/0031i00000oeifqqaa/view</small> </font> </div>
<div class="test-event"> <font color="maroon"> <small> &emsp; &emsp;--- 15 Oct 11:42:15 102 - <b>0</b> - Page Load Wait: (Sync) - ICar.support.Utils.waitForPageLoad(Utils.java:109)</small> </font> </div>
<div class="test-message">&emsp;Successfully navigated to 'Login' Page&emsp;<a href=".\ScreenShot\B2B1000_TC02_1254734328117800.png" target="_blank" >[ScreenShot]</a></div>
<div class="test-event"> <font color="maroon"> <small> &emsp; &emsp;--- 15 Oct 11:42:25 024 - Catched spinner load exception due to Expected condition failed: waiting for ICar.support.WaitUtils$4@3e310ae5 (tried for 5 second(s) with 500 milliseconds interval)</small> </font> </div>
<div class="test-event"> <font color="maroon"> <small> &emsp; &emsp;--- 15 Oct 11:42:25 025 - <b>5</b> - Spinner Load Wait: (Sync) - ICar.support.WaitUtils.waitForSpinner(WaitUtils.java:225)</small> </font> </div>
<div class="test-event"> <font color="maroon"> <small> &emsp; &emsp;--- 15 Oct 11:42:25 191 - Page URL:: https://i-car--staging.sandbox.lightning.force.com/lightning/o/committee__c/list?filtername=__recent</small> </font> </div>
<div class="test-event"> <font color="maroon"> <small> &emsp; &emsp;--- 15 Oct 11:42:25 191 - <b>0</b> - Page Load Wait: (Sync) - ICar.support.Utils.waitForPageLoad(Utils.java:109)</small> </font> </div>
<div class="test-event"> <font color="maroon"> <small> &emsp; &emsp;--- 15 Oct 11:42:25 263 - Element is displayed:: [[ChromeDriver: chrome on WINDOWS (e9e6434d9bbba587fc3ee34ef0d40850)] -> xpath: //div[contains(@class,'appLauncher ')]//button]</small> </font> </div>
<div class="test-event"> <font color="maroon"> <small> &emsp; &emsp;--- 15 Oct 11:42:25 345 - Element is displayed:: [[ChromeDriver: chrome on WINDOWS (e9e6434d9bbba587fc3ee34ef0d40850)] -> xpath: //div[contains(@class,'appLauncher ')]//button]</small> </font> </div>
<div class="test-event"> <font color="maroon"> <small> &emsp; &emsp;--- 15 Oct 11:42:26 905 - Element is displayed:: [[ChromeDriver: chrome on WINDOWS (e9e6434d9bbba587fc3ee34ef0d40850)] -> xpath: //input[@placeholder='Search apps and items...']]</small> </font> </div>
<div class="test-event"> <font color="maroon"> <small> &emsp; &emsp;--- 15 Oct 11:42:26 978 - Element is displayed:: [[ChromeDriver: chrome on WINDOWS (e9e6434d9bbba587fc3ee34ef0d40850)] -> xpath: //input[@placeholder='Search apps and items...']]</small> </font> </div>
<div class="test-event"> <font color="maroon"> <small> &emsp; &emsp;--- 15 Oct 11:42:30 290 - Element is displayed:: [[ChromeDriver: chrome on WINDOWS (e9e6434d9bbba587fc3ee34ef0d40850)] -> xpath: //lightning-formatted-rich-text/span/p/b[text()='Committees']]</small> </font> </div>
<div class="test-event"> <font color="maroon"> <small> &emsp; &emsp;--- 15 Oct 11:42:33 346 - Element is displayed:: [[ChromeDriver: chrome on WINDOWS (e9e6434d9bbba587fc3ee34ef0d40850)] -> xpath: //lightning-formatted-rich-text/span/p/b[text()='Committees']]</small> </font> </div>
<div class="test-event"> <font color="maroon"> <small> &emsp; &emsp;--- 15 Oct 11:42:33 636 - Page URL:: https://i-car--staging.sandbox.lightning.force.com/lightning/o/committee__c/home</small> </font> </div>
<div class="test-event"> <font color="maroon"> <small> &emsp; &emsp;--- 15 Oct 11:42:33 637 - <b>0</b> - Page Load Wait: (Sync) - ICar.support.Utils.waitForPageLoad(Utils.java:109)</small> </font> </div>
<div class="test-event"> <font color="maroon"> <small> &emsp; &emsp;--- 15 Oct 11:42:38 844 - Catched spinner load exception due to Expected condition failed: waiting for ICar.support.WaitUtils$4@3e310ae5 (tried for 5 second(s) with 500 milliseconds interval)</small> </font> </div>
<div class="test-event"> <font color="maroon"> <small> &emsp; &emsp;--- 15 Oct 11:42:38 845 - <b>5</b> - Spinner Load Wait: (Sync) - ICar.support.WaitUtils.waitForSpinner(WaitUtils.java:225)</small> </font> </div>
<div class="test-event"> <font color="maroon"> <small> &emsp; &emsp;--- 15 Oct 11:42:39 002 - Page URL:: https://i-car--staging.sandbox.lightning.force.com/lightning/o/committee__c/list?filtername=__recent</small> </font> </div>
<div class="test-event"> <font color="maroon"> <small> &emsp; &emsp;--- 15 Oct 11:42:39 004 - <b>0</b> - Page Load Wait: (Sync) - ICar.support.Utils.waitForPageLoad(Utils.java:109)</small> </font> </div>
<div class="test-event"> <font color="maroon"> <small> &emsp; &emsp;--- 15 Oct 11:42:39 072 - Element is displayed:: [[ChromeDriver: chrome on WINDOWS (e9e6434d9bbba587fc3ee34ef0d40850)] -> xpath: //div[contains(@class,'appLauncher ')]//button]</small> </font> </div>
<div class="test-event"> <font color="maroon"> <small> &emsp; &emsp;--- 15 Oct 11:42:39 127 - Element is displayed:: [[ChromeDriver: chrome on WINDOWS (e9e6434d9bbba587fc3ee34ef0d40850)] -> xpath: //div[contains(@class,'appLauncher ')]//button]</small> </font> </div>
<div class="test-event"> <font color="maroon"> <small> &emsp; &emsp;--- 15 Oct 11:42:39 373 - Element is displayed:: [[ChromeDriver: chrome on WINDOWS (e9e6434d9bbba587fc3ee34ef0d40850)] -> xpath: //input[@placeholder='Search apps and items...']]</small> </font> </div>
<div class="test-event"> <font color="maroon"> <small> &emsp; &emsp;--- 15 Oct 11:42:39 445 - Element is displayed:: [[ChromeDriver: chrome on WINDOWS (e9e6434d9bbba587fc3ee34ef0d40850)] -> xpath: //input[@placeholder='Search apps and items...']]</small> </font> </div>
<div class="test-event"> <font color="maroon"> <small> &emsp; &emsp;--- 15 Oct 11:42:42 839 - Element is displayed:: [[ChromeDriver: chrome on WINDOWS (e9e6434d9bbba587fc3ee34ef0d40850)] -> xpath: //lightning-formatted-rich-text/span/p/b[text()='Committee Members']]</small> </font> </div>
<div class="test-event"> <font color="maroon"> <small> &emsp; &emsp;--- 15 Oct 11:42:45 878 - Element is displayed:: [[ChromeDriver: chrome on WINDOWS (e9e6434d9bbba587fc3ee34ef0d40850)] -> xpath: //lightning-formatted-rich-text/span/p/b[text()='Committee Members']]</small> </font> </div>
<div class="test-event"> <font color="maroon"> <small> &emsp; &emsp;--- 15 Oct 11:42:46 347 - Page URL:: https://i-car--staging.sandbox.lightning.force.com/lightning/o/committee_member__c/home</small> </font> </div>
<div class="test-event"> <font color="maroon"> <small> &emsp; &emsp;--- 15 Oct 11:42:46 347 - <b>0</b> - Page Load Wait: (Sync) - ICar.support.Utils.waitForPageLoad(Utils.java:109)</small> </font> </div>
<div class="test-message">&emsp;3. Enter the AccountName as : Adan Ibarra:540-0770 Houston Galveston, TX</div>
<div class="test-event"> <font color="maroon"> <small> &emsp; &emsp;--- 15 Oct 11:42:46 546 - Page URL:: https://i-car--staging.sandbox.lightning.force.com/lightning/o/committee_member__c/home</small> </font> </div>
<div class="test-event"> <font color="maroon"> <small> &emsp; &emsp;--- 15 Oct 11:42:46 546 - <b>0</b> - Page Load Wait: (Sync) - ICar.support.Utils.waitForPageLoad(Utils.java:109)</small> </font> </div>
<div class="test-event"> <font color="maroon"> <small> &emsp; &emsp;--- 15 Oct 11:42:46 644 - Element is displayed:: [[ChromeDriver: chrome on WINDOWS (e9e6434d9bbba587fc3ee34ef0d40850)] -> css selector: button[class*='search-button']]</small> </font> </div>
<div class="test-event"> <font color="maroon"> <small> &emsp; &emsp;--- 15 Oct 11:42:48 827 - Catched spinner load exception due to Expected condition failed: waiting for ICar.support.WaitUtils$4@3e310ae5 (tried for 2 second(s) with 500 milliseconds interval)</small> </font> </div>
<div class="test-event"> <font color="maroon"> <small> &emsp; &emsp;--- 15 Oct 11:42:48 827 - <b>2</b> - Spinner Load Wait: (Sync) - ICar.support.WaitUtils.waitForSpinner(WaitUtils.java:225)</small> </font> </div>
<div class="test-event"> <font color="maroon"> <small> &emsp; &emsp;--- 15 Oct 11:42:51 910 - Element is displayed:: [[ChromeDriver: chrome on WINDOWS (e9e6434d9bbba587fc3ee34ef0d40850)] -> css selector: button[class*='search-button']]</small> </font> </div>
<div class="test-event"> <font color="maroon"> <small> &emsp; &emsp;--- 15 Oct 11:42:52 442 - Page URL:: https://i-car--staging.sandbox.lightning.force.com/lightning/o/committee_member__c/home</small> </font> </div>
<div class="test-event"> <font color="maroon"> <small> &emsp; &emsp;--- 15 Oct 11:42:52 443 - <b>0</b> - Page Load Wait: (Sync) - ICar.support.Utils.waitForPageLoad(Utils.java:109)</small> </font> </div>
<div class="test-event"> <font color="maroon"> <small> &emsp; &emsp;--- 15 Oct 11:43:09 420 - Catched spinner load exception due to Expected condition failed: waiting for ICar.support.WaitUtils$4@3e310ae5 (tried for 10 second(s) with 500 milliseconds interval)</small> </font> </div>
<div class="test-event"> <font color="maroon"> <small> &emsp; &emsp;--- 15 Oct 11:43:09 420 - <b>10</b> - Spinner Load Wait: (Sync) - ICar.support.WaitUtils.waitForSpinner(WaitUtils.java:225)</small> </font> </div>
<div class="test-event"> <font color="maroon"> <small> &emsp; &emsp;--- 15 Oct 11:43:09 754 - Page URL:: https://i-car--staging.sandbox.lightning.force.com/one/one.app#eyjjb21wb25lbnrezwyioijmb3jjzvnlyxjjadpzzwfyy2hqywdlrgvza3rvccisimf0dhjpynv0zxmionsidgvybsi6ikfkyw4gswjhcnjhoju0mc0wnzcwiehvdxn0b24gr2fsdmvzdg9ulcbuwcisinnjb3bltwfwijp7inr5cguioijut1bfukvtvuxuuyisim5hbwvzcgfjzsi6iiisimxhymvsijoivg9wifjlc3vsdhmilcjsywjlbfbsdxjhbci6ilrvccbszxn1bhrziiwicmvzdwx0c0ntcci6imzvcmnlu2vhcmnoonbyzwrpy3rlzfjlc3vsdhmifswiy29udgv4dci6eyjgsuxurvjtijp7fswic2vhcmnou291cmnlijoiqvntsvnuqu5ux0rjquxpryisimrpc2fibgvjbnrlbnrrdwvyesi6zmfsc2usimrpc2fibgvtcgvsbenvcnjly3rpb24iomzhbhnllcjzzwfyy2heawfsb2dtzxnzaw9uswqioii0nthhn2e1yi0wzdrklwe2njitowrins01otziodk3ngrlogiilcjkzwj1z0luzm8ionsiyxbwtmftzsi6ikldyxjfu2vydmljzv9db25zb2xliiwiyxbwvhlwzsi6iknvbnnvbguilcjhchboyw1lc3bhy2uioijjiiwibg9jyxrpb24ioijmb3jjztpvymply3rib21lrgvza3rvccisinnvymply3ruexblijoiq29tbwl0dgvlx01lbwjlcl9fyyj9fswiz3jvdxbjzci6ikrfrkfvtfqifswic3rhdguiont9fq%3d%3d</small> </font> </div>
<div class="test-event"> <font color="maroon"> <small> &emsp; &emsp;--- 15 Oct 11:43:09 755 - <b>0</b> - Page Load Wait: (Sync) - ICar.support.Utils.waitForPageLoad(Utils.java:109)</small> </font> </div>
<div class="test-event"> <font color="maroon"> <small> &emsp; &emsp;--- 15 Oct 11:43:10 087 - Page URL:: https://i-car--staging.sandbox.lightning.force.com/one/one.app#eyjjb21wb25lbnrezwyioijmb3jjzvnlyxjjadpzzwfyy2hqywdlrgvza3rvccisimf0dhjpynv0zxmionsidgvybsi6ikfkyw4gswjhcnjhoju0mc0wnzcwiehvdxn0b24gr2fsdmvzdg9ulcbuwcisinnjb3bltwfwijp7inr5cguioijut1bfukvtvuxuuyisim5hbwvzcgfjzsi6iiisimxhymvsijoivg9wifjlc3vsdhmilcjsywjlbfbsdxjhbci6ilrvccbszxn1bhrziiwicmvzdwx0c0ntcci6imzvcmnlu2vhcmnoonbyzwrpy3rlzfjlc3vsdhmifswiy29udgv4dci6eyjgsuxurvjtijp7fswic2vhcmnou291cmnlijoiqvntsvnuqu5ux0rjquxpryisimrpc2fibgvjbnrlbnrrdwvyesi6zmfsc2usimrpc2fibgvtcgvsbenvcnjly3rpb24iomzhbhnllcjzzwfyy2heawfsb2dtzxnzaw9uswqioii0nthhn2e1yi0wzdrklwe2njitowrins01otziodk3ngrlogiilcjkzwj1z0luzm8ionsiyxbwtmftzsi6ikldyxjfu2vydmljzv9db25zb2xliiwiyxbwvhlwzsi6iknvbnnvbguilcjhchboyw1lc3bhy2uioijjiiwibg9jyxrpb24ioijmb3jjztpvymply3rib21lrgvza3rvccisinnvymply3ruexblijoiq29tbwl0dgvlx01lbwjlcl9fyyj9fswiz3jvdxbjzci6ikrfrkfvtfqifswic3rhdguiont9fq%3d%3d</small> </font> </div>
<div class="test-event"> <font color="maroon"> <small> &emsp; &emsp;--- 15 Oct 11:43:10 087 - <b>0</b> - Page Load Wait: (Sync) - ICar.support.Utils.waitForPageLoad(Utils.java:109)</small> </font> </div>
<div class="test-event"> <font color="maroon"> <small> &emsp; &emsp;--- 15 Oct 11:43:20 490 - Catched spinner load exception due to Expected condition failed: waiting for ICar.support.WaitUtils$4@3e310ae5 (tried for 10 second(s) with 500 milliseconds interval)</small> </font> </div>
<div class="test-event"> <font color="maroon"> <small> &emsp; &emsp;--- 15 Oct 11:43:20 491 - <b>10</b> - Spinner Load Wait: (Sync) - ICar.support.WaitUtils.waitForSpinner(WaitUtils.java:225)</small> </font> </div>
<div class="test-event"> <font color="maroon"> <small> &emsp; &emsp;--- 15 Oct 11:43:20 527 - Element is displayed:: [[ChromeDriver: chrome on WINDOWS (e9e6434d9bbba587fc3ee34ef0d40850)] -> css selector: div.forceSearchResultsRegion div.resultsMultiWrapper >div > div table tbody th a]</small> </font> </div>
<div class="test-event"> <font color="maroon"> <small> &emsp; &emsp;--- 15 Oct 11:43:20 629 - Element is displayed:: [[ChromeDriver: chrome on WINDOWS (e9e6434d9bbba587fc3ee34ef0d40850)] -> css selector: div.forceSearchResultsRegion div.resultsMultiWrapper >div > div table tbody th a]</small> </font> </div>
<div class="test-event"> <font color="maroon"> <small> &emsp; &emsp;--- 15 Oct 11:43:21 108 - Page URL:: https://i-car--staging.sandbox.lightning.force.com/one/one.app#eyjjb21wb25lbnrezwyioijmb3jjzvnlyxjjadpzzwfyy2hqywdlrgvza3rvccisimf0dhjpynv0zxmionsidgvybsi6ikfkyw4gswjhcnjhoju0mc0wnzcwiehvdxn0b24gr2fsdmvzdg9ulcbuwcisinnjb3bltwfwijp7inr5cguioijut1bfukvtvuxuuyisim5hbwvzcgfjzsi6iiisimxhymvsijoivg9wifjlc3vsdhmilcjsywjlbfbsdxjhbci6ilrvccbszxn1bhrziiwicmvzdwx0c0ntcci6imzvcmnlu2vhcmnoonbyzwrpy3rlzfjlc3vsdhmifswiy29udgv4dci6eyjgsuxurvjtijp7fswic2vhcmnou291cmnlijoiqvntsvnuqu5ux0rjquxpryisimrpc2fibgvjbnrlbnrrdwvyesi6zmfsc2usimrpc2fibgvtcgvsbenvcnjly3rpb24iomzhbhnllcjzzwfyy2heawfsb2dtzxnzaw9uswqioii0nthhn2e1yi0wzdrklwe2njitowrins01otziodk3ngrlogiilcjkzwj1z0luzm8ionsiyxbwtmftzsi6ikldyxjfu2vydmljzv9db25zb2xliiwiyxbwvhlwzsi6iknvbnnvbguilcjhchboyw1lc3bhy2uioijjiiwibg9jyxrpb24ioijmb3jjztpvymply3rib21lrgvza3rvccisinnvymply3ruexblijoiq29tbwl0dgvlx01lbwjlcl9fyyj9fswiz3jvdxbjzci6ikrfrkfvtfqifswic3rhdguiont9fq%3d%3d</small> </font> </div>
<div class="test-event"> <font color="maroon"> <small> &emsp; &emsp;--- 15 Oct 11:43:21 108 - <b>0</b> - Page Load Wait: (Sync) - ICar.support.Utils.waitForPageLoad(Utils.java:109)</small> </font> </div>
<div class="test-message">&emsp;Role displayed Committee Officer</div>
<div class="test-message">&emsp;Successfully verified - Contact name Adan Ibarra whose role displayed as Committee Officer</div>
<div class="test-event"> <font color="maroon"> <small> &emsp; &emsp;--- 15 Oct 11:43:25 126 - Page URL:: https://i-car--staging.sandbox.lightning.force.com/lightning/r/committee_member__c/a371i000000iqywqaq/view</small> </font> </div>
<div class="test-event"> <font color="maroon"> <small> &emsp; &emsp;--- 15 Oct 11:43:25 127 - <b>0</b> - Page Load Wait: (Sync) - ICar.support.Utils.waitForPageLoad(Utils.java:109)</small> </font> </div>
<div class="test-event"> <font color="maroon"> <small> &emsp; &emsp;--- 15 Oct 11:43:25 186 - Element is displayed:: [[ChromeDriver: chrome on WINDOWS (e9e6434d9bbba587fc3ee34ef0d40850)] -> xpath: //button[@title='Edit Committee End Date']]</small> </font> </div>
<div class="test-event"> <font color="maroon"> <small> &emsp; &emsp;--- 15 Oct 11:43:25 258 - Element is displayed:: [[ChromeDriver: chrome on WINDOWS (e9e6434d9bbba587fc3ee34ef0d40850)] -> xpath: //button[@title='Edit Committee End Date']]</small> </font> </div>
<div class="test-event"> <font color="maroon"> <small> &emsp; &emsp;--- 15 Oct 11:43:28 677 - Element is displayed:: [[ChromeDriver: chrome on WINDOWS (e9e6434d9bbba587fc3ee34ef0d40850)] -> xpath: //button[@name='SaveEdit']]</small> </font> </div>
<div class="test-message">&emsp;Committee end date entered successfully</div>
<div class="test-event"> <font color="maroon"> <small> &emsp; &emsp;--- 15 Oct 11:43:44 192 - Page URL:: https://i-car--staging.sandbox.lightning.force.com/lightning/r/committee_member__c/a371i000000iqywqaq/view</small> </font> </div>
<div class="test-event"> <font color="maroon"> <small> &emsp; &emsp;--- 15 Oct 11:43:44 192 - <b>0</b> - Page Load Wait: (Sync) - ICar.support.Utils.waitForPageLoad(Utils.java:109)</small> </font> </div>
<div class="test-message">&emsp;Is Active checkbox Not checked</div>
<div class="test-message">&emsp;Committee is active checkbox unchecked successfully</div>
<div class="test-event"> <font color="maroon"> <small> &emsp; &emsp;--- 15 Oct 11:43:48 840 - Page URL:: https://i-car--staging.sandbox.lightning.force.com/lightning/r/committee_member__c/a371i000000iqywqaq/view</small> </font> </div>
<div class="test-event"> <font color="maroon"> <small> &emsp; &emsp;--- 15 Oct 11:43:48 841 - <b>0</b> - Page Load Wait: (Sync) - ICar.support.Utils.waitForPageLoad(Utils.java:109)</small> </font> </div>
<div class="test-event"> <font color="maroon"> <small> &emsp; &emsp;--- 15 Oct 11:43:54 101 - Page URL:: https://i-car--staging.sandbox.lightning.force.com/lightning/r/committee_member__c/a371i000000iqywqaq/view</small> </font> </div>
<div class="test-event"> <font color="maroon"> <small> &emsp; &emsp;--- 15 Oct 11:43:54 101 - <b>0</b> - Page Load Wait: (Sync) - ICar.support.Utils.waitForPageLoad(Utils.java:109)</small> </font> </div>
<div class="test-event"> <font color="maroon"> <small> &emsp; &emsp;--- 15 Oct 11:43:58 411 - Page URL:: https://i-car--staging.sandbox.lightning.force.com/lightning/r/committee_member__c/a371i000000iqywqaq/view</small> </font> </div>
<div class="test-event"> <font color="maroon"> <small> &emsp; &emsp;--- 15 Oct 11:43:58 411 - <b>0</b> - Page Load Wait: (Sync) - ICar.support.Utils.waitForPageLoad(Utils.java:109)</small> </font> </div>
<div class="test-event"> <font color="maroon"> <small> &emsp; &emsp;--- 15 Oct 11:43:58 471 - Element is displayed:: [[ChromeDriver: chrome on WINDOWS (e9e6434d9bbba587fc3ee34ef0d40850)] -> css selector: button[class*='search-button']]</small> </font> </div>
<div class="test-event"> <font color="maroon"> <small> &emsp; &emsp;--- 15 Oct 11:44:00 672 - Catched spinner load exception due to Expected condition failed: waiting for ICar.support.WaitUtils$4@3e310ae5 (tried for 2 second(s) with 500 milliseconds interval)</small> </font> </div>
<div class="test-event"> <font color="maroon"> <small> &emsp; &emsp;--- 15 Oct 11:44:00 673 - <b>2</b> - Spinner Load Wait: (Sync) - ICar.support.WaitUtils.waitForSpinner(WaitUtils.java:225)</small> </font> </div>
<div class="test-event"> <font color="maroon"> <small> &emsp; &emsp;--- 15 Oct 11:44:03 777 - Element is displayed:: [[ChromeDriver: chrome on WINDOWS (e9e6434d9bbba587fc3ee34ef0d40850)] -> css selector: button[class*='search-button']]</small> </font> </div>
<div class="test-event"> <font color="maroon"> <small> &emsp; &emsp;--- 15 Oct 11:44:04 185 - Page URL:: https://i-car--staging.sandbox.lightning.force.com/lightning/o/committee__c/list?filtername=__recent</small> </font> </div>
<div class="test-event"> <font color="maroon"> <small> &emsp; &emsp;--- 15 Oct 11:44:04 185 - <b>0</b> - Page Load Wait: (Sync) - ICar.support.Utils.waitForPageLoad(Utils.java:109)</small> </font> </div>
<div class="test-event"> <font color="maroon"> <small> &emsp; &emsp;--- 15 Oct 11:44:24 078 - Catched spinner load exception due to Expected condition failed: waiting for ICar.support.WaitUtils$4@3e310ae5 (tried for 10 second(s) with 500 milliseconds interval)</small> </font> </div>
<div class="test-event"> <font color="maroon"> <small> &emsp; &emsp;--- 15 Oct 11:44:24 078 - <b>10</b> - Spinner Load Wait: (Sync) - ICar.support.WaitUtils.waitForSpinner(WaitUtils.java:225)</small> </font> </div>
<div class="test-event"> <font color="maroon"> <small> &emsp; &emsp;--- 15 Oct 11:44:24 866 - Page URL:: https://i-car--staging.sandbox.lightning.force.com/one/one.app#eyjjb21wb25lbnrezwyioijmb3jjzvnlyxjjadpzzwfyy2hqywdlrgvza3rvccisimf0dhjpynv0zxmionsidgvybsi6ijiynzg5ndyilcjzy29wzu1hcci6eyj0exblijoive9qx1jfu1vmvfmilcjuyw1lc3bhy2uioiiilcjsywjlbci6ilrvccbszxn1bhrziiwibgfizwxqbhvyywwioijub3agumvzdwx0cyisinjlc3vsdhndbxaioijmb3jjzvnlyxjjadpwcmvkawn0zwrszxn1bhrzin0simnvbnrlehqionsirklmvevsuyi6e30sinnlyxjjafnvdxjjzsi6ikftu0ltvefovf9esufmt0cilcjkaxnhymxlsw50zw50uxvlcnkiomzhbhnllcjkaxnhymxlu3blbgxdb3jyzwn0aw9uijpmywxzzswic2vhcmnorglhbg9nu2vzc2lvbklkijoiodkxmmm1otgtmgi1ni00ytq4lti0ztitzjezngy2zmmymwzkiiwizgvidwdjbmzvijp7imfwce5hbwuioijjq2fyx1nlcnzpy2vfq29uc29szsisimfwcfr5cguioijdb25zb2xliiwiyxbwtmftzxnwywnlijoiyyisimxvy2f0aw9uijoizm9yy2u6b2jqzwn0sg9tzurlc2t0b3ailcjzb2jqzwn0vhlwzsi6iknvbw1pdhrlzv9fyyj9fswiz3jvdxbjzci6ikrfrkfvtfqifswic3rhdguiont9fq%3d%3d</small> </font> </div>
<div class="test-event"> <font color="maroon"> <small> &emsp; &emsp;--- 15 Oct 11:44:24 866 - <b>0</b> - Page Load Wait: (Sync) - ICar.support.Utils.waitForPageLoad(Utils.java:109)</small> </font> </div>
<div class="test-event"> <font color="maroon"> <small> &emsp; &emsp;--- 15 Oct 11:44:36 373 - Catched spinner load exception due to Expected condition failed: waiting for ICar.support.WaitUtils$4@3e310ae5 (tried for 11 second(s) with 500 milliseconds interval)</small> </font> </div>
<div class="test-event"> <font color="maroon"> <small> &emsp; &emsp;--- 15 Oct 11:44:36 373 - <b>11</b> - Spinner Load Wait: (Sync) - ICar.support.WaitUtils.waitForSpinner(WaitUtils.java:225)</small> </font> </div>
<div class="test-event"> <font color="maroon"> <small> &emsp; &emsp;--- 15 Oct 11:44:37 040 - Page URL:: https://i-car--staging.sandbox.lightning.force.com/one/one.app#eyjjb21wb25lbnrezwyioijmb3jjzvnlyxjjadpzzwfyy2hqywdlrgvza3rvccisimf0dhjpynv0zxmionsidgvybsi6ijiynzg5ndyilcjzy29wzu1hcci6eyj0exblijoive9qx1jfu1vmvfmilcjuyw1lc3bhy2uioiiilcjsywjlbci6ilrvccbszxn1bhrziiwibgfizwxqbhvyywwioijub3agumvzdwx0cyisinjlc3vsdhndbxaioijmb3jjzvnlyxjjadpwcmvkawn0zwrszxn1bhrzin0simnvbnrlehqionsirklmvevsuyi6e30sinnlyxjjafnvdxjjzsi6ikftu0ltvefovf9esufmt0cilcjkaxnhymxlsw50zw50uxvlcnkiomzhbhnllcjkaxnhymxlu3blbgxdb3jyzwn0aw9uijpmywxzzswic2vhcmnorglhbg9nu2vzc2lvbklkijoiodkxmmm1otgtmgi1ni00ytq4lti0ztitzjezngy2zmmymwzkiiwizgvidwdjbmzvijp7imfwce5hbwuioijjq2fyx1nlcnzpy2vfq29uc29szsisimfwcfr5cguioijdb25zb2xliiwiyxbwtmftzxnwywnlijoiyyisimxvy2f0aw9uijoizm9yy2u6b2jqzwn0sg9tzurlc2t0b3ailcjzb2jqzwn0vhlwzsi6iknvbw1pdhrlzv9fyyj9fswiz3jvdxbjzci6ikrfrkfvtfqifswic3rhdguiont9fq%3d%3d</small> </font> </div>
<div class="test-event"> <font color="maroon"> <small> &emsp; &emsp;--- 15 Oct 11:44:37 041 - <b>0</b> - Page Load Wait: (Sync) - ICar.support.Utils.waitForPageLoad(Utils.java:109)</small> </font> </div>
<div class="test-event"> <font color="maroon"> <small> &emsp; &emsp;--- 15 Oct 11:44:37 111 - Element is displayed:: [[ChromeDriver: chrome on WINDOWS (e9e6434d9bbba587fc3ee34ef0d40850)] -> xpath: //a[@title='Top Results']//span[text()='Top Results']]</small> </font> </div>
<div class="test-event"> <font color="maroon"> <small> &emsp; &emsp;--- 15 Oct 11:44:37 494 - Page URL:: https://i-car--staging.sandbox.lightning.force.com/one/one.app#eyjjb21wb25lbnrezwyioijmb3jjzvnlyxjjadpzzwfyy2hqywdlrgvza3rvccisimf0dhjpynv0zxmionsidgvybsi6ijiynzg5ndyilcjzy29wzu1hcci6eyj0exblijoive9qx1jfu1vmvfmilcjuyw1lc3bhy2uioiiilcjsywjlbci6ilrvccbszxn1bhrziiwibgfizwxqbhvyywwioijub3agumvzdwx0cyisinjlc3vsdhndbxaioijmb3jjzvnlyxjjadpwcmvkawn0zwrszxn1bhrzin0simnvbnrlehqionsirklmvevsuyi6e30sinnlyxjjafnvdxjjzsi6ikftu0ltvefovf9esufmt0cilcjkaxnhymxlsw50zw50uxvlcnkiomzhbhnllcjkaxnhymxlu3blbgxdb3jyzwn0aw9uijpmywxzzswic2vhcmnorglhbg9nu2vzc2lvbklkijoiodkxmmm1otgtmgi1ni00ytq4lti0ztitzjezngy2zmmymwzkiiwizgvidwdjbmzvijp7imfwce5hbwuioijjq2fyx1nlcnzpy2vfq29uc29szsisimfwcfr5cguioijdb25zb2xliiwiyxbwtmftzxnwywnlijoiyyisimxvy2f0aw9uijoizm9yy2u6b2jqzwn0sg9tzurlc2t0b3ailcjzb2jqzwn0vhlwzsi6iknvbw1pdhrlzv9fyyj9fswiz3jvdxbjzci6ikrfrkfvtfqifswic3rhdguiont9fq%3d%3d</small> </font> </div>
<div class="test-event"> <font color="maroon"> <small> &emsp; &emsp;--- 15 Oct 11:44:37 494 - <b>0</b> - Page Load Wait: (Sync) - ICar.support.Utils.waitForPageLoad(Utils.java:109)</small> </font> </div>
<div class="test-event"> <font color="maroon"> <small> &emsp; &emsp;--- 15 Oct 11:44:42 613 - Catched spinner load exception due to Expected condition failed: waiting for ICar.support.WaitUtils$4@3e310ae5 (tried for 5 second(s) with 500 milliseconds interval)</small> </font> </div>
<div class="test-event"> <font color="maroon"> <small> &emsp; &emsp;--- 15 Oct 11:44:42 614 - <b>5</b> - Spinner Load Wait: (Sync) - ICar.support.WaitUtils.waitForSpinner(WaitUtils.java:225)</small> </font> </div>
<div class="test-event"> <font color="maroon"> <small> &emsp; &emsp;--- 15 Oct 11:44:43 291 - Page URL:: https://i-car--staging.sandbox.lightning.force.com/one/one.app#eyjjb21wb25lbnrezwyioijmb3jjzvnlyxjjadpzzwfyy2hqywdlrgvza3rvccisimf0dhjpynv0zxmionsidgvybsi6ijiynzg5ndyilcjzy29wzu1hcci6eyj0exblijoive9qx1jfu1vmvfmilcjuyw1lc3bhy2uioiiilcjsywjlbci6ilrvccbszxn1bhrziiwibgfizwxqbhvyywwioijub3agumvzdwx0cyisinjlc3vsdhndbxaioijmb3jjzvnlyxjjadpwcmvkawn0zwrszxn1bhrzin0simnvbnrlehqionsirklmvevsuyi6e30sinnlyxjjafnvdxjjzsi6ikftu0ltvefovf9esufmt0cilcjkaxnhymxlsw50zw50uxvlcnkiomzhbhnllcjkaxnhymxlu3blbgxdb3jyzwn0aw9uijpmywxzzswic2vhcmnorglhbg9nu2vzc2lvbklkijoiodkxmmm1otgtmgi1ni00ytq4lti0ztitzjezngy2zmmymwzkiiwizgvidwdjbmzvijp7imfwce5hbwuioijjq2fyx1nlcnzpy2vfq29uc29szsisimfwcfr5cguioijdb25zb2xliiwiyxbwtmftzxnwywnlijoiyyisimxvy2f0aw9uijoizm9yy2u6b2jqzwn0sg9tzurlc2t0b3ailcjzb2jqzwn0vhlwzsi6iknvbw1pdhrlzv9fyyj9fswiz3jvdxbjzci6ikrfrkfvtfqifswic3rhdguiont9fq%3d%3d</small> </font> </div>
<div class="test-event"> <font color="maroon"> <small> &emsp; &emsp;--- 15 Oct 11:44:43 291 - <b>0</b> - Page Load Wait: (Sync) - ICar.support.Utils.waitForPageLoad(Utils.java:109)</small> </font> </div>
<div class="test-event"> <font color="maroon"> <small> &emsp; &emsp;--- 15 Oct 11:44:43 934 - Page URL:: https://i-car--staging.sandbox.lightning.force.com/one/one.app#eyjjb21wb25lbnrezwyioijmb3jjzvnlyxjjadpzzwfyy2hqywdlrgvza3rvccisimf0dhjpynv0zxmionsidgvybsi6ijiynzg5ndyilcjzy29wzu1hcci6eyj0exblijoive9qx1jfu1vmvfmilcjuyw1lc3bhy2uioiiilcjsywjlbci6ilrvccbszxn1bhrziiwibgfizwxqbhvyywwioijub3agumvzdwx0cyisinjlc3vsdhndbxaioijmb3jjzvnlyxjjadpwcmvkawn0zwrszxn1bhrzin0simnvbnrlehqionsirklmvevsuyi6e30sinnlyxjjafnvdxjjzsi6ikftu0ltvefovf9esufmt0cilcjkaxnhymxlsw50zw50uxvlcnkiomzhbhnllcjkaxnhymxlu3blbgxdb3jyzwn0aw9uijpmywxzzswic2vhcmnorglhbg9nu2vzc2lvbklkijoiodkxmmm1otgtmgi1ni00ytq4lti0ztitzjezngy2zmmymwzkiiwizgvidwdjbmzvijp7imfwce5hbwuioijjq2fyx1nlcnzpy2vfq29uc29szsisimfwcfr5cguioijdb25zb2xliiwiyxbwtmftzxnwywnlijoiyyisimxvy2f0aw9uijoizm9yy2u6b2jqzwn0sg9tzurlc2t0b3ailcjzb2jqzwn0vhlwzsi6iknvbw1pdhrlzv9fyyj9fswiz3jvdxbjzci6ikrfrkfvtfqifswic3rhdguiont9fq%3d%3d</small> </font> </div>
<div class="test-event"> <font color="maroon"> <small> &emsp; &emsp;--- 15 Oct 11:44:43 934 - <b>0</b> - Page Load Wait: (Sync) - ICar.support.Utils.waitForPageLoad(Utils.java:109)</small> </font> </div>
<div class="test-event"> <font color="maroon"> <small> &emsp; &emsp;--- 15 Oct 11:44:44 590 - Page URL:: https://i-car--staging.sandbox.lightning.force.com/one/one.app#eyjjb21wb25lbnrezwyioijmb3jjzvnlyxjjadpzzwfyy2hqywdlrgvza3rvccisimf0dhjpynv0zxmionsidgvybsi6ijiynzg5ndyilcjzy29wzu1hcci6eyj0exblijoive9qx1jfu1vmvfmilcjuyw1lc3bhy2uioiiilcjsywjlbci6ilrvccbszxn1bhrziiwibgfizwxqbhvyywwioijub3agumvzdwx0cyisinjlc3vsdhndbxaioijmb3jjzvnlyxjjadpwcmvkawn0zwrszxn1bhrzin0simnvbnrlehqionsirklmvevsuyi6e30sinnlyxjjafnvdxjjzsi6ikftu0ltvefovf9esufmt0cilcjkaxnhymxlsw50zw50uxvlcnkiomzhbhnllcjkaxnhymxlu3blbgxdb3jyzwn0aw9uijpmywxzzswic2vhcmnorglhbg9nu2vzc2lvbklkijoiodkxmmm1otgtmgi1ni00ytq4lti0ztitzjezngy2zmmymwzkiiwizgvidwdjbmzvijp7imfwce5hbwuioijjq2fyx1nlcnzpy2vfq29uc29szsisimfwcfr5cguioijdb25zb2xliiwiyxbwtmftzxnwywnlijoiyyisimxvy2f0aw9uijoizm9yy2u6b2jqzwn0sg9tzurlc2t0b3ailcjzb2jqzwn0vhlwzsi6iknvbw1pdhrlzv9fyyj9fswiz3jvdxbjzci6ikrfrkfvtfqifswic3rhdguiont9fq%3d%3d</small> </font> </div>
<div class="test-event"> <font color="maroon"> <small> &emsp; &emsp;--- 15 Oct 11:44:44 590 - <b>0</b> - Page Load Wait: (Sync) - ICar.support.Utils.waitForPageLoad(Utils.java:109)</small> </font> </div>
<div class="test-event"> <font color="maroon"> <small> &emsp; &emsp;--- 15 Oct 11:44:52 935 - Catched spinner load exception due to Expected condition failed: waiting for ICar.support.WaitUtils$4@3e310ae5 (tried for 8 second(s) with 500 milliseconds interval)</small> </font> </div>
<div class="test-event"> <font color="maroon"> <small> &emsp; &emsp;--- 15 Oct 11:44:52 936 - <b>8</b> - Spinner Load Wait: (Sync) - ICar.support.WaitUtils.waitForSpinner(WaitUtils.java:225)</small> </font> </div>
<div class="test-event"> <font color="maroon"> <small> &emsp; &emsp;--- 15 Oct 11:44:53 572 - Page URL:: https://i-car--staging.sandbox.lightning.force.com/one/one.app#eyjjb21wb25lbnrezwyioijmb3jjzvnlyxjjadpzzwfyy2hqywdlrgvza3rvccisimf0dhjpynv0zxmionsidgvybsi6ijiynzg5ndyilcjzy29wzu1hcci6eyj0exblijoive9qx1jfu1vmvfmilcjuyw1lc3bhy2uioiiilcjsywjlbci6ilrvccbszxn1bhrziiwibgfizwxqbhvyywwioijub3agumvzdwx0cyisinjlc3vsdhndbxaioijmb3jjzvnlyxjjadpwcmvkawn0zwrszxn1bhrzin0simnvbnrlehqionsirklmvevsuyi6e30sinnlyxjjafnvdxjjzsi6ikftu0ltvefovf9esufmt0cilcjkaxnhymxlsw50zw50uxvlcnkiomzhbhnllcjkaxnhymxlu3blbgxdb3jyzwn0aw9uijpmywxzzswic2vhcmnorglhbg9nu2vzc2lvbklkijoiodkxmmm1otgtmgi1ni00ytq4lti0ztitzjezngy2zmmymwzkiiwizgvidwdjbmzvijp7imfwce5hbwuioijjq2fyx1nlcnzpy2vfq29uc29szsisimfwcfr5cguioijdb25zb2xliiwiyxbwtmftzxnwywnlijoiyyisimxvy2f0aw9uijoizm9yy2u6b2jqzwn0sg9tzurlc2t0b3ailcjzb2jqzwn0vhlwzsi6iknvbw1pdhrlzv9fyyj9fswiz3jvdxbjzci6ikrfrkfvtfqifswic3rhdguiont9fq%3d%3d</small> </font> </div>
<div class="test-event"> <font color="maroon"> <small> &emsp; &emsp;--- 15 Oct 11:44:53 572 - <b>0</b> - Page Load Wait: (Sync) - ICar.support.Utils.waitForPageLoad(Utils.java:109)</small> </font> </div>
<div class="test-event"> <font color="maroon"> <small> &emsp; &emsp;--- 15 Oct 11:44:55 687 - Element is displayed:: [[ChromeDriver: chrome on WINDOWS (e9e6434d9bbba587fc3ee34ef0d40850)] -> xpath: //div[contains(@class,'forceSearchResultsRegion')]//div[contains(@class,'resultsMultiWrapper')]/div/div[1]//following::h2//a]</small> </font> </div>
<div class="test-event"> <font color="maroon"> <small> &emsp; &emsp;--- 15 Oct 11:44:55 885 - Element is displayed:: [[ChromeDriver: chrome on WINDOWS (e9e6434d9bbba587fc3ee34ef0d40850)] -> xpath: //a[text()='Contacts']]</small> </font> </div>
<div class="test-event"> <font color="maroon"> <small> &emsp; &emsp;--- 15 Oct 11:45:00 561 - Element is displayed:: [[ChromeDriver: chrome on WINDOWS (e9e6434d9bbba587fc3ee34ef0d40850)] -> xpath: //div[text()='Contacts']//following :: table//tbody//th//span /a]</small> </font> </div>
<div class="test-message">&emsp;4.Enter ICAR ID  2278946</div>
<div class="test-event"> <font color="maroon"> <small> &emsp; &emsp;--- 15 Oct 11:45:16 252 - Catched spinner load exception due to Expected condition failed: waiting for ICar.support.WaitUtils$4@3e310ae5 (tried for 15 second(s) with 500 milliseconds interval)</small> </font> </div>
<div class="test-event"> <font color="maroon"> <small> &emsp; &emsp;--- 15 Oct 11:45:16 252 - <b>15</b> - Spinner Load Wait: (Sync) - ICar.support.WaitUtils.waitForSpinner(WaitUtils.java:225)</small> </font> </div>
<div class="test-event"> <font color="maroon"> <small> &emsp; &emsp;--- 15 Oct 11:45:16 827 - Page URL:: https://i-car--staging.sandbox.lightning.force.com/lightning/r/contact/0031i00000oekjhqaa/view</small> </font> </div>
<div class="test-event"> <font color="maroon"> <small> &emsp; &emsp;--- 15 Oct 11:45:16 827 - <b>0</b> - Page Load Wait: (Sync) - ICar.support.Utils.waitForPageLoad(Utils.java:109)</small> </font> </div>
<div class="test-event"> <font color="maroon"> <small> &emsp; &emsp;--- 15 Oct 11:45:31 924 - Catched spinner load exception due to Expected condition failed: waiting for ICar.support.WaitUtils$4@3e310ae5 (tried for 15 second(s) with 500 milliseconds interval)</small> </font> </div>
<div class="test-event"> <font color="maroon"> <small> &emsp; &emsp;--- 15 Oct 11:45:31 925 - <b>15</b> - Spinner Load Wait: (Sync) - ICar.support.WaitUtils.waitForSpinner(WaitUtils.java:225)</small> </font> </div>
<div class="test-event"> <font color="maroon"> <small> &emsp; &emsp;--- 15 Oct 11:45:31 985 - Element is displayed:: [[ChromeDriver: chrome on WINDOWS (e9e6434d9bbba587fc3ee34ef0d40850)] -> xpath: //button[text()='Access Shopping Cart - New']]</small> </font> </div>
<div class="test-event"> <font color="maroon"> <small> &emsp; &emsp;--- 15 Oct 11:45:34 112 - Element is displayed:: [[ChromeDriver: chrome on WINDOWS (e9e6434d9bbba587fc3ee34ef0d40850)] -> xpath: //button[text()='Access Shopping Cart - New']]</small> </font> </div>
<div class="test-event"> <font color="maroon"> <small> &emsp; &emsp;--- 15 Oct 11:45:42 980 - Page URL:: https://i-car--staging.sandbox.lightning.force.com/lightning/r/contact/0031i00000oekjhqaa/view</small> </font> </div>
<div class="test-event"> <font color="maroon"> <small> &emsp; &emsp;--- 15 Oct 11:45:42 980 - <b>0</b> - Page Load Wait: (Sync) - ICar.support.Utils.waitForPageLoad(Utils.java:109)</small> </font> </div>
<div class="test-event"> <font color="maroon"> <small> &emsp; &emsp;--- 15 Oct 11:46:05 944 - Catched spinner load exception due to Expected condition failed: waiting for ICar.support.WaitUtils$4@3e310ae5 (tried for 10 second(s) with 500 milliseconds interval)</small> </font> </div>
<div class="test-event"> <font color="maroon"> <small> &emsp; &emsp;--- 15 Oct 11:46:05 944 - <b>10</b> - Spinner Load Wait: (Sync) - ICar.support.WaitUtils.waitForSpinner(WaitUtils.java:225)</small> </font> </div>
<div class="test-event"> <font color="maroon"> <small> &emsp; &emsp;--- 15 Oct 11:46:06 027 - Element is displayed:: [[ChromeDriver: chrome on WINDOWS (e9e6434d9bbba587fc3ee34ef0d40850)] -> xpath: //button[@value='Launch My Learning']]</small> </font> </div>
<div class="test-message">&emsp;5. Clicked the 'Access Shoping cart'  & Navigated to the user home page.</div>
<div class="test-message">&emsp;Successfully verified-Access committee portal link not displayed on portal</div>
<div class="test-result"><br><font color="green"><strong> Test Passed. </strong></font> </div>&emsp;
&emsp;<div class="test-title"> <strong><font size = "3" color = "#0000FF">---Test Execution Ends---</font> </strong> </div>&emsp;]]>
    </system-out>
  </testcase> <!-- B2B1000_TC02 -->
  <testcase classname="CommitteeTestscripts.CommitteeTestscripts" name="B2B1000_TC01" time="342.764">
    <system-out>
      <![CDATA[<div class="test-event"> <font color="maroon"> <small> &emsp; &emsp;--- 15 Oct 11:35:05 233 - TestCaseID:: B2B1000_TC01</small> </font> </div>
<div class="test-event"> <font color="maroon"> <small> &emsp; &emsp;--- 15 Oct 11:35:07 921 - <b>3</b> - Driver::initialize::Get - ICar.support.WebDriverFactory.getDriver(WebDriverFactory.java:640)</small> </font> </div>
&emsp;<div class="test-title"> <strong><font size = "3" color = "#000080">Verify the active committee goal information</font> </strong> </div>&emsp;<div><strong>Steps:</strong></div><!-- Report -->&emsp;
<div class="test-event"> <font color="maroon"> <small> &emsp; &emsp;--- 15 Oct 11:35:15 332 - Element is displayed:: [[ChromeDriver: chrome on WINDOWS (260d696144699f282c7e38e3184b83ef)] -> xpath: //a/img[@alt='Login Image']|//button[@id='btn-login']]</small> </font> </div>
<div class="test-event"> <font color="maroon"> <small> &emsp; &emsp;--- 15 Oct 11:35:15 407 - Element is displayed:: [[ChromeDriver: chrome on WINDOWS (260d696144699f282c7e38e3184b83ef)] -> xpath: //a/img[@alt='Login Image']|//button[@id='btn-login']]</small> </font> </div>
<div class="test-message">&emsp;Successfully navigated to 'Home' Page&emsp;<a href=".\ScreenShot\B2B1000_TC01_1254310496708600.png" target="_blank" >[ScreenShot]</a></div>
<div class="test-message">&emsp;1. Home page is launched.</div>
<div class="test-event"> <font color="maroon"> <small> &emsp; &emsp;--- 15 Oct 11:35:17 393 - Page URL:: https://www.icarstage.com/</small> </font> </div>
<div class="test-event"> <font color="maroon"> <small> &emsp; &emsp;--- 15 Oct 11:35:17 393 - <b>0</b> - Page Load Wait: (Sync) - ICar.support.Utils.waitForPageLoad(Utils.java:109)</small> </font> </div>
<div class="test-event"> <font color="maroon"> <small> &emsp; &emsp;--- 15 Oct 11:35:17 446 - Element is displayed:: [[ChromeDriver: chrome on WINDOWS (260d696144699f282c7e38e3184b83ef)] -> xpath: //a/img[@alt='Login Image']|//button[@id='btn-login']]</small> </font> </div>
<div class="test-event"> <font color="maroon"> <small> &emsp; &emsp;--- 15 Oct 11:35:17 520 - Element is displayed:: [[ChromeDriver: chrome on WINDOWS (260d696144699f282c7e38e3184b83ef)] -> xpath: //a/img[@alt='Login Image']|//button[@id='btn-login']]</small> </font> </div>
<div class="test-event"> <font color="maroon"> <small> &emsp; &emsp;--- 15 Oct 11:35:35 768 - Catched spinner load exception due to Expected condition failed: waiting for ICar.support.WaitUtils$4@3e310ae5 (tried for 15 second(s) with 500 milliseconds interval)</small> </font> </div>
<div class="test-event"> <font color="maroon"> <small> &emsp; &emsp;--- 15 Oct 11:35:35 768 - <b>15</b> - Spinner Load Wait: (Sync) - ICar.support.WaitUtils.waitForSpinner(WaitUtils.java:225)</small> </font> </div>
<div class="test-message">&emsp;2. Login page  should be successfully display</div>
<div class="test-message">&emsp;Successfully navigated to 'Login' Page&emsp;<a href=".\ScreenShot\B2B1000_TC01_1254330858001600.png" target="_blank" >[ScreenShot]</a></div>
<div class="test-event"> <font color="maroon"> <small> &emsp; &emsp;--- 15 Oct 11:35:35 988 - Element is displayed:: [[ChromeDriver: chrome on WINDOWS (260d696144699f282c7e38e3184b83ef)] -> id: username]</small> </font> </div>
<div class="test-event"> <font color="maroon"> <small> &emsp; &emsp;--- 15 Oct 11:35:36 065 - Element is displayed:: [[ChromeDriver: chrome on WINDOWS (260d696144699f282c7e38e3184b83ef)] -> id: username]</small> </font> </div>
<div class="test-event"> <font color="maroon"> <small> &emsp; &emsp;--- 15 Oct 11:35:36 330 - Element is displayed:: [[ChromeDriver: chrome on WINDOWS (260d696144699f282c7e38e3184b83ef)] -> id: password]</small> </font> </div>
<div class="test-event"> <font color="maroon"> <small> &emsp; &emsp;--- 15 Oct 11:35:36 537 - Element is displayed:: [[ChromeDriver: chrome on WINDOWS (260d696144699f282c7e38e3184b83ef)] -> id: btn-login]</small> </font> </div>
<div class="test-event"> <font color="maroon"> <small> &emsp; &emsp;--- 15 Oct 11:35:51 349 - Catched spinner load exception due to Expected condition failed: waiting for ICar.support.WaitUtils$4@3e310ae5 (tried for 13 second(s) with 500 milliseconds interval)</small> </font> </div>
<div class="test-event"> <font color="maroon"> <small> &emsp; &emsp;--- 15 Oct 11:35:51 349 - <b>14</b> - Spinner Load Wait: (Sync) - ICar.support.WaitUtils.waitForSpinner(WaitUtils.java:225)</small> </font> </div>
<div class="test-event"> <font color="maroon"> <small> &emsp; &emsp;--- 15 Oct 11:36:15 531 - Catched spinner load exception due to Expected condition failed: waiting for ICar.support.WaitUtils$4@3e310ae5 (tried for 10 second(s) with 500 milliseconds interval)</small> </font> </div>
<div class="test-event"> <font color="maroon"> <small> &emsp; &emsp;--- 15 Oct 11:36:15 532 - <b>10</b> - Spinner Load Wait: (Sync) - ICar.support.WaitUtils.waitForSpinner(WaitUtils.java:225)</small> </font> </div>
<div class="test-event"> <font color="maroon"> <small> &emsp; &emsp;--- 15 Oct 11:36:15 631 - Element is displayed:: [[ChromeDriver: chrome on WINDOWS (260d696144699f282c7e38e3184b83ef)] -> xpath: //button[@value='Launch My Learning']]</small> </font> </div>
<div class="test-message">&emsp;3. Enter the user credentials as : alessa0717</div>
<div class="test-message">&emsp;Successfully navigated to 'User Home' Page&emsp;<a href=".\ScreenShot\B2B1000_TC01_1254370714126300.png" target="_blank" >[ScreenShot]</a></div>
<div class="test-event"> <font color="maroon"> <small> &emsp; &emsp;--- 15 Oct 11:36:16 080 - Page URL:: https://www.icarstage.com/</small> </font> </div>
<div class="test-event"> <font color="maroon"> <small> &emsp; &emsp;--- 15 Oct 11:36:16 080 - <b>0</b> - Page Load Wait: (Sync) - ICar.support.Utils.waitForPageLoad(Utils.java:109)</small> </font> </div>
<div class="test-event"> <font color="maroon"> <small> &emsp; &emsp;--- 15 Oct 11:36:16 158 - Element is displayed:: [[ChromeDriver: chrome on WINDOWS (260d696144699f282c7e38e3184b83ef)] -> xpath: //p[text()='Launch My Learning']]</small> </font> </div>
<div class="test-event"> <font color="maroon"> <small> &emsp; &emsp;--- 15 Oct 11:36:16 242 - Element is displayed:: [[ChromeDriver: chrome on WINDOWS (260d696144699f282c7e38e3184b83ef)] -> xpath: //a[text()='Access Committee Portal']]</small> </font> </div>
<div class="test-event"> <font color="maroon"> <small> &emsp; &emsp;--- 15 Oct 11:36:18 391 - Element is displayed:: [[ChromeDriver: chrome on WINDOWS (260d696144699f282c7e38e3184b83ef)] -> xpath: //a[text()='Access Committee Portal']]</small> </font> </div>
<div class="test-event"> <font color="maroon"> <small> &emsp; &emsp;--- 15 Oct 11:36:42 317 - Catched spinner load exception due to Expected condition failed: waiting for ICar.support.WaitUtils$4@3e310ae5 (tried for 15 second(s) with 500 milliseconds interval)</small> </font> </div>
<div class="test-event"> <font color="maroon"> <small> &emsp; &emsp;--- 15 Oct 11:36:42 317 - <b>15</b> - Spinner Load Wait: (Sync) - ICar.support.WaitUtils.waitForSpinner(WaitUtils.java:225)</small> </font> </div>
<div class="test-event"> <font color="maroon"> <small> &emsp; &emsp;--- 15 Oct 11:36:42 478 - Page URL:: https://my.icarstage.com/s/committee/a381i0000006tc9qai/5400799</small> </font> </div>
<div class="test-event"> <font color="maroon"> <small> &emsp; &emsp;--- 15 Oct 11:36:42 478 - <b>0</b> - Page Load Wait: (Sync) - ICar.support.Utils.waitForPageLoad(Utils.java:109)</small> </font> </div>
<div class="test-message">&emsp;Successfully navigated to 'Access committee' Page&emsp;<a href=".\ScreenShot\B2B1000_TC01_1254397561755100.png" target="_blank" >[ScreenShot]</a></div>
<div class="test-event"> <font color="maroon"> <small> &emsp; &emsp;--- 15 Oct 11:36:42 811 - Page URL:: https://my.icarstage.com/s/committee/a381i0000006tc9qai/5400799</small> </font> </div>
<div class="test-event"> <font color="maroon"> <small> &emsp; &emsp;--- 15 Oct 11:36:42 812 - <b>0</b> - Page Load Wait: (Sync) - ICar.support.Utils.waitForPageLoad(Utils.java:109)</small> </font> </div>
<div class="test-event"> <font color="maroon"> <small> &emsp; &emsp;--- 15 Oct 11:36:51 162 - Catched spinner load exception due to Expected condition failed: waiting for ICar.support.WaitUtils$4@3e310ae5 (tried for 8 second(s) with 500 milliseconds interval)</small> </font> </div>
<div class="test-event"> <font color="maroon"> <small> &emsp; &emsp;--- 15 Oct 11:36:51 162 - <b>8</b> - Spinner Load Wait: (Sync) - ICar.support.WaitUtils.waitForSpinner(WaitUtils.java:225)</small> </font> </div>
<div class="test-event"> <font color="maroon"> <small> &emsp; &emsp;--- 15 Oct 11:36:53 263 - Element is displayed:: [[ChromeDriver: chrome on WINDOWS (260d696144699f282c7e38e3184b83ef)] -> xpath: //span[text()='Committee Code']//following::div[1]//span//slot//lightning-formatted-text]</small> </font> </div>
<div class="test-message">&emsp;Committee code displayed as 540-0799</div>
<div class="test-message">&emsp;Committee code displayed as 540-0799 El Paso, TX</div>
<div class="test-message">&emsp;Committee description displayed as committee</div>
<div class="test-message">&emsp;Committee details are displayed&emsp;<a href=".\ScreenShot\B2B1000_TC01_1254408420389300.png" target="_blank" >[ScreenShot]</a></div>
<div class="test-event"> <font color="maroon"> <small> &emsp; &emsp;--- 15 Oct 11:36:53 756 - Page URL:: https://my.icarstage.com/s/committee/a381i0000006tc9qai/5400799</small> </font> </div>
<div class="test-event"> <font color="maroon"> <small> &emsp; &emsp;--- 15 Oct 11:36:53 756 - <b>0</b> - Page Load Wait: (Sync) - ICar.support.Utils.waitForPageLoad(Utils.java:109)</small> </font> </div>
<div class="test-event"> <font color="maroon"> <small> &emsp; &emsp;--- 15 Oct 11:37:02 121 - Catched spinner load exception due to Expected condition failed: waiting for ICar.support.WaitUtils$4@3e310ae5 (tried for 8 second(s) with 500 milliseconds interval)</small> </font> </div>
<div class="test-event"> <font color="maroon"> <small> &emsp; &emsp;--- 15 Oct 11:37:02 121 - <b>8</b> - Spinner Load Wait: (Sync) - ICar.support.WaitUtils.waitForSpinner(WaitUtils.java:225)</small> </font> </div>
<div class="test-event"> <font color="maroon"> <small> &emsp; &emsp;--- 15 Oct 11:37:02 162 - Element is displayed:: [[ChromeDriver: chrome on WINDOWS (260d696144699f282c7e38e3184b83ef)] -> xpath: //span[@class='test-id__field-value slds-form-element__static slds-grow word-break-ie11 is-read-only']]</small> </font> </div>
<div class="test-message">&emsp;Successfully validated- All committee fields are read-only&emsp;<a href=".\ScreenShot\B2B1000_TC01_1254417299069300.png" target="_blank" >[ScreenShot]</a></div>
<div class="test-event"> <font color="maroon"> <small> &emsp; &emsp;--- 15 Oct 11:37:02 573 - Page URL:: https://my.icarstage.com/s/committee/a381i0000006tc9qai/5400799</small> </font> </div>
<div class="test-event"> <font color="maroon"> <small> &emsp; &emsp;--- 15 Oct 11:37:02 573 - <b>0</b> - Page Load Wait: (Sync) - ICar.support.Utils.waitForPageLoad(Utils.java:109)</small> </font> </div>
<div class="test-event"> <font color="maroon"> <small> &emsp; &emsp;--- 15 Oct 11:37:10 977 - Catched spinner load exception due to Expected condition failed: waiting for ICar.support.WaitUtils$4@3e310ae5 (tried for 8 second(s) with 500 milliseconds interval)</small> </font> </div>
<div class="test-event"> <font color="maroon"> <small> &emsp; &emsp;--- 15 Oct 11:37:10 977 - <b>8</b> - Spinner Load Wait: (Sync) - ICar.support.WaitUtils.waitForSpinner(WaitUtils.java:225)</small> </font> </div>
<div class="test-message">&emsp;Active committee members are displayed&emsp;<a href=".\ScreenShot\B2B1000_TC01_1254426086629500.png" target="_blank" >[ScreenShot]</a></div>
<div class="test-event"> <font color="maroon"> <small> &emsp; &emsp;--- 15 Oct 11:37:11 379 - Page URL:: https://my.icarstage.com/s/committee/a381i0000006tc9qai/5400799</small> </font> </div>
<div class="test-event"> <font color="maroon"> <small> &emsp; &emsp;--- 15 Oct 11:37:11 380 - <b>0</b> - Page Load Wait: (Sync) - ICar.support.Utils.waitForPageLoad(Utils.java:109)</small> </font> </div>
<div class="test-event"> <font color="maroon"> <small> &emsp; &emsp;--- 15 Oct 11:37:19 796 - Catched spinner load exception due to Expected condition failed: waiting for ICar.support.WaitUtils$4@3e310ae5 (tried for 8 second(s) with 500 milliseconds interval)</small> </font> </div>
<div class="test-event"> <font color="maroon"> <small> &emsp; &emsp;--- 15 Oct 11:37:19 796 - <b>8</b> - Spinner Load Wait: (Sync) - ICar.support.WaitUtils.waitForSpinner(WaitUtils.java:225)</small> </font> </div>
<div class="test-event"> <font color="maroon"> <small> &emsp; &emsp;--- 15 Oct 11:37:19 842 - Element is displayed:: [[ChromeDriver: chrome on WINDOWS (260d696144699f282c7e38e3184b83ef)] -> xpath: (//table[@class='forceRecordLayout slds-table slds-no-row-hover slds-table_cell-buffer slds-table_fixed-layout uiVirtualDataGrid--default uiVirtualDataGrid'])[1]/tbody/tr/th/div/a]</small> </font> </div>
<div class="test-message">&emsp;Information about the committee member displayed&emsp;<a href=".\ScreenShot\B2B1000_TC01_1254439980785100.png" target="_blank" >[ScreenShot]</a></div>
<div class="test-event"> <font color="maroon"> <small> &emsp; &emsp;--- 15 Oct 11:37:25 199 - Page URL:: https://my.icarstage.com/s/detail/a371i000000ir8rqaa</small> </font> </div>
<div class="test-event"> <font color="maroon"> <small> &emsp; &emsp;--- 15 Oct 11:37:25 199 - <b>0</b> - Page Load Wait: (Sync) - ICar.support.Utils.waitForPageLoad(Utils.java:109)</small> </font> </div>
<div class="test-event"> <font color="maroon"> <small> &emsp; &emsp;--- 15 Oct 11:37:33 507 - Catched spinner load exception due to Expected condition failed: waiting for ICar.support.WaitUtils$4@3e310ae5 (tried for 8 second(s) with 500 milliseconds interval)</small> </font> </div>
<div class="test-event"> <font color="maroon"> <small> &emsp; &emsp;--- 15 Oct 11:37:33 507 - <b>8</b> - Spinner Load Wait: (Sync) - ICar.support.WaitUtils.waitForSpinner(WaitUtils.java:225)</small> </font> </div>
<div class="test-event"> <font color="maroon"> <small> &emsp; &emsp;--- 15 Oct 11:37:33 539 - Element is displayed:: [[ChromeDriver: chrome on WINDOWS (260d696144699f282c7e38e3184b83ef)] -> xpath: //span[@class='test-id__field-value slds-form-element__static slds-grow word-break-ie11 is-read-only']]</small> </font> </div>
<div class="test-message">&emsp;Active committee member details are displayed in read-only format&emsp;<a href=".\ScreenShot\B2B1000_TC01_1254448737903100.png" target="_blank" >[ScreenShot]</a></div>
<div class="test-event"> <font color="maroon"> <small> &emsp; &emsp;--- 15 Oct 11:37:33 932 - Page URL:: https://my.icarstage.com/s/detail/a371i000000ir8rqaa</small> </font> </div>
<div class="test-event"> <font color="maroon"> <small> &emsp; &emsp;--- 15 Oct 11:37:33 933 - <b>0</b> - Page Load Wait: (Sync) - ICar.support.Utils.waitForPageLoad(Utils.java:109)</small> </font> </div>
<div class="test-event"> <font color="maroon"> <small> &emsp; &emsp;--- 15 Oct 11:37:42 284 - Catched spinner load exception due to Expected condition failed: waiting for ICar.support.WaitUtils$4@3e310ae5 (tried for 8 second(s) with 500 milliseconds interval)</small> </font> </div>
<div class="test-event"> <font color="maroon"> <small> &emsp; &emsp;--- 15 Oct 11:37:42 285 - <b>8</b> - Spinner Load Wait: (Sync) - ICar.support.WaitUtils.waitForSpinner(WaitUtils.java:225)</small> </font> </div>
<div class="test-event"> <font color="maroon"> <small> &emsp; &emsp;--- 15 Oct 11:37:42 343 - Element is displayed:: [[ChromeDriver: chrome on WINDOWS (260d696144699f282c7e38e3184b83ef)] -> xpath: //span[@class='test-id__field-value slds-form-element__static slds-grow word-break-ie11 is-read-only']//div//a]</small> </font> </div>
<div class="test-event"> <font color="maroon"> <small> &emsp; &emsp;--- 15 Oct 11:37:42 421 - Element is displayed:: [[ChromeDriver: chrome on WINDOWS (260d696144699f282c7e38e3184b83ef)] -> xpath: //span[@class='test-id__field-value slds-form-element__static slds-grow word-break-ie11 is-read-only']//div//a]</small> </font> </div>
<div class="test-message">&emsp;Click on committee link takes committee officer to Home page&emsp;<a href=".\ScreenShot\B2B1000_TC01_1254462686162000.png" target="_blank" >[ScreenShot]</a></div>
<div class="test-event"> <font color="maroon"> <small> &emsp; &emsp;--- 15 Oct 11:37:47 962 - Page URL:: https://my.icarstage.com/s/committee/a381i0000006tc9qai/5400799</small> </font> </div>
<div class="test-event"> <font color="maroon"> <small> &emsp; &emsp;--- 15 Oct 11:37:47 962 - <b>0</b> - Page Load Wait: (Sync) - ICar.support.Utils.waitForPageLoad(Utils.java:109)</small> </font> </div>
<div class="test-event"> <font color="maroon"> <small> &emsp; &emsp;--- 15 Oct 11:37:56 341 - Catched spinner load exception due to Expected condition failed: waiting for ICar.support.WaitUtils$4@3e310ae5 (tried for 8 second(s) with 500 milliseconds interval)</small> </font> </div>
<div class="test-event"> <font color="maroon"> <small> &emsp; &emsp;--- 15 Oct 11:37:56 341 - <b>8</b> - Spinner Load Wait: (Sync) - ICar.support.WaitUtils.waitForSpinner(WaitUtils.java:225)</small> </font> </div>
<div class="test-event"> <font color="maroon"> <small> &emsp; &emsp;--- 15 Oct 11:37:56 405 - Element is displayed:: [[ChromeDriver: chrome on WINDOWS (260d696144699f282c7e38e3184b83ef)] -> xpath: //span[text()='Committee Members (Active Committee Member)']/parent::span]</small> </font> </div>
<div class="test-event"> <font color="maroon"> <small> &emsp; &emsp;--- 15 Oct 11:37:58 527 - Element is displayed:: [[ChromeDriver: chrome on WINDOWS (260d696144699f282c7e38e3184b83ef)] -> xpath: //span[text()='Committee Members (Active Committee Member)']/parent::span]</small> </font> </div>
<div class="test-event"> <font color="maroon"> <small> &emsp; &emsp;--- 15 Oct 11:38:03 590 - Page URL:: https://my.icarstage.com/s/committee/related/a381i0000006tc9qai/committee_members1__r</small> </font> </div>
<div class="test-event"> <font color="maroon"> <small> &emsp; &emsp;--- 15 Oct 11:38:03 590 - Page Load Wait </small> </font> </div>
<div class="test-event"> <font color="maroon"> <small> &emsp; &emsp;--- 15 Oct 11:38:03 672 - Element is displayed:: [[ChromeDriver: chrome on WINDOWS (260d696144699f282c7e38e3184b83ef)] -> xpath: (//table[contains(@aria-label,'Committee')])[last()]/thead/tr/th/div/a/span[2]]</small> </font> </div>
<div class="test-message">&emsp;All columns header are displayed on-clicking view all link of active committee member&emsp;<a href=".\ScreenShot\B2B1000_TC01_1254478965289500.png" target="_blank" >[ScreenShot]</a></div>
<div class="test-message">&emsp;Click access committee portal link</div>
<div class="test-event"> <font color="maroon"> <small> &emsp; &emsp;--- 15 Oct 11:38:22 317 - Element is displayed:: [[ChromeDriver: chrome on WINDOWS (260d696144699f282c7e38e3184b83ef)] -> xpath: //a[text()='Access Committee Portal']]</small> </font> </div>
<div class="test-event"> <font color="maroon"> <small> &emsp; &emsp;--- 15 Oct 11:38:24 426 - Element is displayed:: [[ChromeDriver: chrome on WINDOWS (260d696144699f282c7e38e3184b83ef)] -> xpath: //a[text()='Access Committee Portal']]</small> </font> </div>
<div class="test-event"> <font color="maroon"> <small> &emsp; &emsp;--- 15 Oct 11:38:47 480 - Catched spinner load exception due to Expected condition failed: waiting for ICar.support.WaitUtils$4@3e310ae5 (tried for 15 second(s) with 500 milliseconds interval)</small> </font> </div>
<div class="test-event"> <font color="maroon"> <small> &emsp; &emsp;--- 15 Oct 11:38:47 480 - <b>15</b> - Spinner Load Wait: (Sync) - ICar.support.WaitUtils.waitForSpinner(WaitUtils.java:225)</small> </font> </div>
<div class="test-event"> <font color="maroon"> <small> &emsp; &emsp;--- 15 Oct 11:38:47 663 - Page URL:: https://my.icarstage.com/s/committee/a381i0000006tc9qai/5400799</small> </font> </div>
<div class="test-event"> <font color="maroon"> <small> &emsp; &emsp;--- 15 Oct 11:38:47 663 - <b>0</b> - Page Load Wait: (Sync) - ICar.support.Utils.waitForPageLoad(Utils.java:109)</small> </font> </div>
<div class="test-event"> <font color="maroon"> <small> &emsp; &emsp;--- 15 Oct 11:38:56 057 - Catched spinner load exception due to Expected condition failed: waiting for ICar.support.WaitUtils$4@3e310ae5 (tried for 8 second(s) with 500 milliseconds interval)</small> </font> </div>
<div class="test-event"> <font color="maroon"> <small> &emsp; &emsp;--- 15 Oct 11:38:56 057 - <b>8</b> - Spinner Load Wait: (Sync) - ICar.support.WaitUtils.waitForSpinner(WaitUtils.java:225)</small> </font> </div>
<div class="test-event"> <font color="maroon"> <small> &emsp; &emsp;--- 15 Oct 11:38:56 117 - Element is displayed:: [[ChromeDriver: chrome on WINDOWS (260d696144699f282c7e38e3184b83ef)] -> xpath: //span[text()='Committee Goals (Active Goals)']/parent::span]</small> </font> </div>
<div class="test-event"> <font color="maroon"> <small> &emsp; &emsp;--- 15 Oct 11:38:58 228 - Element is displayed:: [[ChromeDriver: chrome on WINDOWS (260d696144699f282c7e38e3184b83ef)] -> xpath: //span[text()='Committee Goals (Active Goals)']/parent::span]</small> </font> </div>
<div class="test-event"> <font color="maroon"> <small> &emsp; &emsp;--- 15 Oct 11:39:03 336 - Page URL:: https://my.icarstage.com/s/committee/related/a381i0000006tc9qai/committee_goals1__r</small> </font> </div>
<div class="test-event"> <font color="maroon"> <small> &emsp; &emsp;--- 15 Oct 11:39:03 336 - Page Load Wait </small> </font> </div>
<div class="test-event"> <font color="maroon"> <small> &emsp; &emsp;--- 15 Oct 11:39:03 374 - Element is displayed:: [[ChromeDriver: chrome on WINDOWS (260d696144699f282c7e38e3184b83ef)] -> xpath: (//table[contains(@aria-label,'Committee')])[last()]/thead/tr/th/div/a/span[2]]</small> </font> </div>
<div class="test-message">&emsp;All column header such as "Committee Goal Name", "Goal Completed", "Accomplishment date 1", "Accomplishment date 2", "Accomplishment date 3", "Accomplishment date 4are displayed in active committee Goal home page&emsp;<a href=".\ScreenShot\B2B1000_TC01_1254538621536900.png" target="_blank" >[ScreenShot]</a></div>
<div class="test-event"> <font color="maroon"> <small> &emsp; &emsp;--- 15 Oct 11:39:03 943 - Page URL:: https://my.icarstage.com/s/committee/related/a381i0000006tc9qai/committee_goals1__r</small> </font> </div>
<div class="test-event"> <font color="maroon"> <small> &emsp; &emsp;--- 15 Oct 11:39:03 944 - <b>0</b> - Page Load Wait: (Sync) - ICar.support.Utils.waitForPageLoad(Utils.java:109)</small> </font> </div>
<div class="test-event"> <font color="maroon"> <small> &emsp; &emsp;--- 15 Oct 11:39:12 349 - Catched spinner load exception due to Expected condition failed: waiting for ICar.support.WaitUtils$4@3e310ae5 (tried for 8 second(s) with 500 milliseconds interval)</small> </font> </div>
<div class="test-event"> <font color="maroon"> <small> &emsp; &emsp;--- 15 Oct 11:39:12 349 - <b>8</b> - Spinner Load Wait: (Sync) - ICar.support.WaitUtils.waitForSpinner(WaitUtils.java:225)</small> </font> </div>
<div class="test-event"> <font color="maroon"> <small> &emsp; &emsp;--- 15 Oct 11:39:12 401 - Element is displayed:: [[ChromeDriver: chrome on WINDOWS (260d696144699f282c7e38e3184b83ef)] -> xpath: (//table[@aria-label='Committee Goals (Active Goals)'])[last()]/tbody/tr/th/span/a|(//table[@aria-label='Committee Goals (Active Goals)'])[last()]/tbody/tr/th//a]</small> </font> </div>
<div class="test-message">&emsp;Active Goal details are displayed&emsp;<a href=".\ScreenShot\B2B1000_TC01_1254552535481700.png" target="_blank" >[ScreenShot]</a></div>
<div class="test-event"> <font color="maroon"> <small> &emsp; &emsp;--- 15 Oct 11:39:17 787 - Page URL:: https://my.icarstage.com/s/detail/a5q8w000000h9u4qac</small> </font> </div>
<div class="test-event"> <font color="maroon"> <small> &emsp; &emsp;--- 15 Oct 11:39:17 788 - <b>0</b> - Page Load Wait: (Sync) - ICar.support.Utils.waitForPageLoad(Utils.java:109)</small> </font> </div>
<div class="test-event"> <font color="maroon"> <small> &emsp; &emsp;--- 15 Oct 11:39:26 144 - Catched spinner load exception due to Expected condition failed: waiting for ICar.support.WaitUtils$4@3e310ae5 (tried for 8 second(s) with 500 milliseconds interval)</small> </font> </div>
<div class="test-event"> <font color="maroon"> <small> &emsp; &emsp;--- 15 Oct 11:39:26 144 - <b>8</b> - Spinner Load Wait: (Sync) - ICar.support.WaitUtils.waitForSpinner(WaitUtils.java:225)</small> </font> </div>
<div class="test-event"> <font color="maroon"> <small> &emsp; &emsp;--- 15 Oct 11:39:26 195 - Element is displayed:: [[ChromeDriver: chrome on WINDOWS (260d696144699f282c7e38e3184b83ef)] -> xpath: //span[@class='test-id__field-value slds-form-element__static slds-grow word-break-ie11 is-read-only']]</small> </font> </div>
<div class="test-message">&emsp;Active Goal details are read-only&emsp;<a href=".\ScreenShot\B2B1000_TC01_1254561409521100.png" target="_blank" >[ScreenShot]</a></div>
<div class="test-event"> <font color="maroon"> <small> &emsp; &emsp;--- 15 Oct 11:39:26 656 - Page URL:: https://my.icarstage.com/s/detail/a5q8w000000h9u4qac</small> </font> </div>
<div class="test-event"> <font color="maroon"> <small> &emsp; &emsp;--- 15 Oct 11:39:26 656 - <b>0</b> - Page Load Wait: (Sync) - ICar.support.Utils.waitForPageLoad(Utils.java:109)</small> </font> </div>
<div class="test-event"> <font color="maroon"> <small> &emsp; &emsp;--- 15 Oct 11:39:35 045 - Catched spinner load exception due to Expected condition failed: waiting for ICar.support.WaitUtils$4@3e310ae5 (tried for 8 second(s) with 500 milliseconds interval)</small> </font> </div>
<div class="test-event"> <font color="maroon"> <small> &emsp; &emsp;--- 15 Oct 11:39:35 045 - <b>8</b> - Spinner Load Wait: (Sync) - ICar.support.WaitUtils.waitForSpinner(WaitUtils.java:225)</small> </font> </div>
<div class="test-event"> <font color="maroon"> <small> &emsp; &emsp;--- 15 Oct 11:39:35 103 - Element is displayed:: [[ChromeDriver: chrome on WINDOWS (260d696144699f282c7e38e3184b83ef)] -> xpath: //span[text()='Committee']//following::div[1]//span//slot//force-lookup//div//records-hoverable-link//div//a]</small> </font> </div>
<div class="test-event"> <font color="maroon"> <small> &emsp; &emsp;--- 15 Oct 11:39:37 237 - Element is displayed:: [[ChromeDriver: chrome on WINDOWS (260d696144699f282c7e38e3184b83ef)] -> xpath: //span[text()='Committee']//following::div[1]//span//slot//force-lookup//div//records-hoverable-link//div//a]</small> </font> </div>
<div class="test-message">&emsp;Successfully clicked on 'Committee' hyper link in committee Goal page</div>
<div class="test-event"> <font color="maroon"> <small> &emsp; &emsp;--- 15 Oct 11:39:42 484 - Page URL:: https://my.icarstage.com/s/committee/a381i0000006tc9qai/5400799</small> </font> </div>
<div class="test-event"> <font color="maroon"> <small> &emsp; &emsp;--- 15 Oct 11:39:42 485 - <b>0</b> - Page Load Wait: (Sync) - ICar.support.Utils.waitForPageLoad(Utils.java:109)</small> </font> </div>
<div class="test-event"> <font color="maroon"> <small> &emsp; &emsp;--- 15 Oct 11:39:50 943 - Catched spinner load exception due to Expected condition failed: waiting for ICar.support.WaitUtils$4@3e310ae5 (tried for 8 second(s) with 500 milliseconds interval)</small> </font> </div>
<div class="test-event"> <font color="maroon"> <small> &emsp; &emsp;--- 15 Oct 11:39:50 944 - <b>8</b> - Spinner Load Wait: (Sync) - ICar.support.WaitUtils.waitForSpinner(WaitUtils.java:225)</small> </font> </div>
<div class="test-event"> <font color="maroon"> <small> &emsp; &emsp;--- 15 Oct 11:39:53 064 - Element is displayed:: [[ChromeDriver: chrome on WINDOWS (260d696144699f282c7e38e3184b83ef)] -> xpath: //span[text()='Committee Code']//following::div[1]//span//slot//lightning-formatted-text]</small> </font> </div>
<div class="test-message">&emsp;Committee code displayed as 540-0799</div>
<div class="test-message">&emsp;Committee code displayed as 540-0799 El Paso, TX</div>
<div class="test-message">&emsp;Committee description displayed as committee</div>
<div class="test-message">&emsp;Landed on committee Home page&emsp;<a href=".\ScreenShot\B2B1000_TC01_1254588219781700.png" target="_blank" >[ScreenShot]</a></div>
<div class="test-message">&emsp;Click on view link of active goal in committee home page</div>
<div class="test-event"> <font color="maroon"> <small> &emsp; &emsp;--- 15 Oct 11:39:53 537 - Page URL:: https://my.icarstage.com/s/committee/a381i0000006tc9qai/5400799</small> </font> </div>
<div class="test-event"> <font color="maroon"> <small> &emsp; &emsp;--- 15 Oct 11:39:53 537 - <b>0</b> - Page Load Wait: (Sync) - ICar.support.Utils.waitForPageLoad(Utils.java:109)</small> </font> </div>
<div class="test-event"> <font color="maroon"> <small> &emsp; &emsp;--- 15 Oct 11:40:01 884 - Catched spinner load exception due to Expected condition failed: waiting for ICar.support.WaitUtils$4@3e310ae5 (tried for 8 second(s) with 500 milliseconds interval)</small> </font> </div>
<div class="test-event"> <font color="maroon"> <small> &emsp; &emsp;--- 15 Oct 11:40:01 885 - <b>8</b> - Spinner Load Wait: (Sync) - ICar.support.WaitUtils.waitForSpinner(WaitUtils.java:225)</small> </font> </div>
<div class="test-event"> <font color="maroon"> <small> &emsp; &emsp;--- 15 Oct 11:40:01 940 - Element is displayed:: [[ChromeDriver: chrome on WINDOWS (260d696144699f282c7e38e3184b83ef)] -> xpath: //span[text()='Committee Goals (Active Goals)']/parent::span]</small> </font> </div>
<div class="test-event"> <font color="maroon"> <small> &emsp; &emsp;--- 15 Oct 11:40:04 061 - Element is displayed:: [[ChromeDriver: chrome on WINDOWS (260d696144699f282c7e38e3184b83ef)] -> xpath: //span[text()='Committee Goals (Active Goals)']/parent::span]</small> </font> </div>
<div class="test-event"> <font color="maroon"> <small> &emsp; &emsp;--- 15 Oct 11:40:09 188 - Page URL:: https://my.icarstage.com/s/committee/related/a381i0000006tc9qai/committee_goals1__r</small> </font> </div>
<div class="test-event"> <font color="maroon"> <small> &emsp; &emsp;--- 15 Oct 11:40:09 188 - Page Load Wait </small> </font> </div>
<div class="test-event"> <font color="maroon"> <small> &emsp; &emsp;--- 15 Oct 11:40:09 229 - Element is displayed:: [[ChromeDriver: chrome on WINDOWS (260d696144699f282c7e38e3184b83ef)] -> xpath: (//table[contains(@aria-label,'Committee')])[last()]/thead/tr/th/div/a/span[2]]</small> </font> </div>
<div class="test-message">&emsp;Click on active Goal</div>
<div class="test-event"> <font color="maroon"> <small> &emsp; &emsp;--- 15 Oct 11:40:09 538 - Page URL:: https://my.icarstage.com/s/committee/related/a381i0000006tc9qai/committee_goals1__r</small> </font> </div>
<div class="test-event"> <font color="maroon"> <small> &emsp; &emsp;--- 15 Oct 11:40:09 539 - <b>0</b> - Page Load Wait: (Sync) - ICar.support.Utils.waitForPageLoad(Utils.java:109)</small> </font> </div>
<div class="test-event"> <font color="maroon"> <small> &emsp; &emsp;--- 15 Oct 11:40:17 930 - Catched spinner load exception due to Expected condition failed: waiting for ICar.support.WaitUtils$4@3e310ae5 (tried for 8 second(s) with 500 milliseconds interval)</small> </font> </div>
<div class="test-event"> <font color="maroon"> <small> &emsp; &emsp;--- 15 Oct 11:40:17 930 - <b>8</b> - Spinner Load Wait: (Sync) - ICar.support.WaitUtils.waitForSpinner(WaitUtils.java:225)</small> </font> </div>
<div class="test-event"> <font color="maroon"> <small> &emsp; &emsp;--- 15 Oct 11:40:17 980 - Element is displayed:: [[ChromeDriver: chrome on WINDOWS (260d696144699f282c7e38e3184b83ef)] -> xpath: (//table[@aria-label='Committee Goals (Active Goals)'])[last()]/tbody/tr/th/span/a|(//table[@aria-label='Committee Goals (Active Goals)'])[last()]/tbody/tr/th//a]</small> </font> </div>
<div class="test-event"> <font color="maroon"> <small> &emsp; &emsp;--- 15 Oct 11:40:23 195 - Page URL:: https://my.icarstage.com/s/detail/a5q8w000000h9u4qac</small> </font> </div>
<div class="test-event"> <font color="maroon"> <small> &emsp; &emsp;--- 15 Oct 11:40:23 195 - <b>0</b> - Page Load Wait: (Sync) - ICar.support.Utils.waitForPageLoad(Utils.java:109)</small> </font> </div>
<div class="test-event"> <font color="maroon"> <small> &emsp; &emsp;--- 15 Oct 11:40:31 589 - Catched spinner load exception due to Expected condition failed: waiting for ICar.support.WaitUtils$4@3e310ae5 (tried for 8 second(s) with 500 milliseconds interval)</small> </font> </div>
<div class="test-event"> <font color="maroon"> <small> &emsp; &emsp;--- 15 Oct 11:40:31 589 - <b>8</b> - Spinner Load Wait: (Sync) - ICar.support.WaitUtils.waitForSpinner(WaitUtils.java:225)</small> </font> </div>
<div class="test-event"> <font color="maroon"> <small> &emsp; &emsp;--- 15 Oct 11:40:31 647 - Element is displayed:: [[ChromeDriver: chrome on WINDOWS (260d696144699f282c7e38e3184b83ef)] -> xpath: //span[text()='Active Goals']//following::div[1]//span//slot//force-lookup//div//records-hoverable-link//div//a]</small> </font> </div>
<div class="test-event"> <font color="maroon"> <small> &emsp; &emsp;--- 15 Oct 11:40:33 760 - Element is displayed:: [[ChromeDriver: chrome on WINDOWS (260d696144699f282c7e38e3184b83ef)] -> xpath: //span[text()='Active Goals']//following::div[1]//span//slot//force-lookup//div//records-hoverable-link//div//a]</small> </font> </div>
<div class="test-message">&emsp;Successfully clicked on 'Active Goal' hyper link in committee Goal page&emsp;<a href=".\ScreenShot\B2B1000_TC01_1254633931370600.png" target="_blank" >[ScreenShot]</a></div>
<div class="test-event"> <font color="maroon"> <small> &emsp; &emsp;--- 15 Oct 11:40:39 146 - Page URL:: https://my.icarstage.com/s/committee/a381i0000006tc9qai/5400799</small> </font> </div>
<div class="test-event"> <font color="maroon"> <small> &emsp; &emsp;--- 15 Oct 11:40:39 146 - <b>0</b> - Page Load Wait: (Sync) - ICar.support.Utils.waitForPageLoad(Utils.java:109)</small> </font> </div>
<div class="test-event"> <font color="maroon"> <small> &emsp; &emsp;--- 15 Oct 11:40:47 486 - Catched spinner load exception due to Expected condition failed: waiting for ICar.support.WaitUtils$4@3e310ae5 (tried for 8 second(s) with 500 milliseconds interval)</small> </font> </div>
<div class="test-event"> <font color="maroon"> <small> &emsp; &emsp;--- 15 Oct 11:40:47 487 - <b>8</b> - Spinner Load Wait: (Sync) - ICar.support.WaitUtils.waitForSpinner(WaitUtils.java:225)</small> </font> </div>
<div class="test-event"> <font color="maroon"> <small> &emsp; &emsp;--- 15 Oct 11:40:49 572 - Element is displayed:: [[ChromeDriver: chrome on WINDOWS (260d696144699f282c7e38e3184b83ef)] -> xpath: //span[text()='Committee Code']//following::div[1]//span//slot//lightning-formatted-text]</small> </font> </div>
<div class="test-message">&emsp;Committee code displayed as 540-0799</div>
<div class="test-message">&emsp;Committee code displayed as 540-0799 El Paso, TX</div>
<div class="test-message">&emsp;Committee description displayed as committee</div>
<div class="test-message">&emsp;Landed on committee Home page&emsp;<a href=".\ScreenShot\B2B1000_TC01_1254644725377900.png" target="_blank" >[ScreenShot]</a></div>
<div class="test-result"><br><font color="green"><strong> Test Passed. </strong></font> </div>&emsp;
&emsp;<div class="test-title"> <strong><font size = "3" color = "#0000FF">---Test Execution Ends---</font> </strong> </div>&emsp;]]>
    </system-out>
  </testcase> <!-- B2B1000_TC01 -->
  <testcase classname="CommitteeTestscripts.CommitteeTestscripts" name="B2B1054_TC04" time="309.735">
    <system-out>
      <![CDATA[<div class="test-event"> <font color="maroon"> <small> &emsp; &emsp;--- 15 Oct 12:33:17 933 - TestCaseID:: B2B1054_TC04</small> </font> </div>
<div class="test-event"> <font color="maroon"> <small> &emsp; &emsp;--- 15 Oct 12:33:21 060 - <b>3</b> - Driver::initialize::Get - ICar.support.WebDriverFactory.getDriver(WebDriverFactory.java:640)</small> </font> </div>
&emsp;<div class="test-title"> <strong><font size = "3" color = "#000080">Verify the New tab is displayed the file when click on the respective link under the Resources and forms section.</font> </strong> </div>&emsp;<div><strong>Steps:</strong></div><!-- Report -->&emsp;
<div class="test-event"> <font color="maroon"> <small> &emsp; &emsp;--- 15 Oct 12:33:26 850 - Page URL:: https://i-car--staging.sandbox.my.salesforce.com/</small> </font> </div>
<div class="test-event"> <font color="maroon"> <small> &emsp; &emsp;--- 15 Oct 12:33:26 850 - <b>0</b> - Page Load Wait: (Sync) - ICar.support.Utils.waitForPageLoad(Utils.java:109)</small> </font> </div>
<div class="test-message">&emsp;Successfully navigated to 'Login' Page&emsp;<a href=".\ScreenShot\B2B1054_TC04_1257801927120300.png" target="_blank" >[ScreenShot]</a></div>
<div class="test-message">&emsp;1. Login page is launched.</div>
<div class="test-event"> <font color="maroon"> <small> &emsp; &emsp;--- 15 Oct 12:33:27 117 - Element is displayed:: [[ChromeDriver: chrome on WINDOWS (9d4513637dea9ca18b363fc16d7a0555)] -> id: username]</small> </font> </div>
<div class="test-event"> <font color="maroon"> <small> &emsp; &emsp;--- 15 Oct 12:33:27 172 - Element is displayed:: [[ChromeDriver: chrome on WINDOWS (9d4513637dea9ca18b363fc16d7a0555)] -> id: username]</small> </font> </div>
<div class="test-event"> <font color="maroon"> <small> &emsp; &emsp;--- 15 Oct 12:33:27 397 - Element is displayed:: [[ChromeDriver: chrome on WINDOWS (9d4513637dea9ca18b363fc16d7a0555)] -> id: password]</small> </font> </div>
<div class="test-event"> <font color="maroon"> <small> &emsp; &emsp;--- 15 Oct 12:33:27 589 - Element is displayed:: [[ChromeDriver: chrome on WINDOWS (9d4513637dea9ca18b363fc16d7a0555)] -> id: Login]</small> </font> </div>
<div class="test-event"> <font color="maroon"> <small> &emsp; &emsp;--- 15 Oct 12:34:02 355 - Catched spinner load exception due to Expected condition failed: waiting for ICar.support.WaitUtils$4@3e310ae5 (tried for 13 second(s) with 500 milliseconds interval)</small> </font> </div>
<div class="test-event"> <font color="maroon"> <small> &emsp; &emsp;--- 15 Oct 12:34:02 355 - <b>13</b> - Spinner Load Wait: (Sync) - ICar.support.WaitUtils.waitForSpinner(WaitUtils.java:225)</small> </font> </div>
<div class="test-event"> <font color="maroon"> <small> &emsp; &emsp;--- 15 Oct 12:34:21 395 - Catched spinner load exception due to Expected condition failed: waiting for ICar.support.WaitUtils$4@3e310ae5 (tried for 6 second(s) with 500 milliseconds interval)</small> </font> </div>
<div class="test-event"> <font color="maroon"> <small> &emsp; &emsp;--- 15 Oct 12:34:21 395 - <b>6</b> - Spinner Load Wait: (Sync) - ICar.support.WaitUtils.waitForSpinner(WaitUtils.java:225)</small> </font> </div>
<div class="test-event"> <font color="maroon"> <small> &emsp; &emsp;--- 15 Oct 12:34:21 476 - Element is displayed:: [[ChromeDriver: chrome on WINDOWS (9d4513637dea9ca18b363fc16d7a0555)] -> css selector: button[class*='search-button']]</small> </font> </div>
<div class="test-message">&emsp;2. Navigate to 'SalesForce Page'</div>
<div class="test-event"> <font color="maroon"> <small> &emsp; &emsp;--- 15 Oct 12:34:21 650 - Page URL:: https://i-car--staging.sandbox.lightning.force.com/lightning/o/committee__c/list?filtername=__recent</small> </font> </div>
<div class="test-event"> <font color="maroon"> <small> &emsp; &emsp;--- 15 Oct 12:34:21 650 - <b>0</b> - Page Load Wait: (Sync) - ICar.support.Utils.waitForPageLoad(Utils.java:109)</small> </font> </div>
<div class="test-event"> <font color="maroon"> <small> &emsp; &emsp;--- 15 Oct 12:34:26 879 - Page URL:: https://i-car--staging.sandbox.lightning.force.com/lightning/o/committee__c/list?filtername=__recent</small> </font> </div>
<div class="test-event"> <font color="maroon"> <small> &emsp; &emsp;--- 15 Oct 12:34:26 879 - <b>0</b> - Page Load Wait: (Sync) - ICar.support.Utils.waitForPageLoad(Utils.java:109)</small> </font> </div>
<div class="test-message">&emsp;Close the tab</div>
<div class="test-message">&emsp;Successfully navigated to 'Login' Page&emsp;<a href=".\ScreenShot\B2B1054_TC04_1257867219312300.png" target="_blank" >[ScreenShot]</a></div>
<div class="test-message">&emsp;3. Enter and search I-car id  as : 2614308</div>
<div class="test-event"> <font color="maroon"> <small> &emsp; &emsp;--- 15 Oct 12:34:32 575 - Page URL:: https://i-car--staging.sandbox.lightning.force.com/lightning/o/committee__c/list?filtername=__recent</small> </font> </div>
<div class="test-event"> <font color="maroon"> <small> &emsp; &emsp;--- 15 Oct 12:34:32 575 - <b>0</b> - Page Load Wait: (Sync) - ICar.support.Utils.waitForPageLoad(Utils.java:109)</small> </font> </div>
<div class="test-event"> <font color="maroon"> <small> &emsp; &emsp;--- 15 Oct 12:34:37 789 - Page URL:: https://i-car--staging.sandbox.lightning.force.com/lightning/o/committee__c/list?filtername=__recent</small> </font> </div>
<div class="test-event"> <font color="maroon"> <small> &emsp; &emsp;--- 15 Oct 12:34:37 789 - <b>0</b> - Page Load Wait: (Sync) - ICar.support.Utils.waitForPageLoad(Utils.java:109)</small> </font> </div>
<div class="test-message">&emsp;Close the tab</div>
<div class="test-event"> <font color="maroon"> <small> &emsp; &emsp;--- 15 Oct 12:34:43 202 - Page URL:: https://i-car--staging.sandbox.lightning.force.com/lightning/o/committee__c/list?filtername=__recent</small> </font> </div>
<div class="test-event"> <font color="maroon"> <small> &emsp; &emsp;--- 15 Oct 12:34:43 202 - <b>0</b> - Page Load Wait: (Sync) - ICar.support.Utils.waitForPageLoad(Utils.java:109)</small> </font> </div>
<div class="test-event"> <font color="maroon"> <small> &emsp; &emsp;--- 15 Oct 12:34:43 241 - Element is displayed:: [[ChromeDriver: chrome on WINDOWS (9d4513637dea9ca18b363fc16d7a0555)] -> css selector: button[class*='search-button']]</small> </font> </div>
<div class="test-event"> <font color="maroon"> <small> &emsp; &emsp;--- 15 Oct 12:34:45 690 - Catched spinner load exception due to Expected condition failed: waiting for ICar.support.WaitUtils$4@3e310ae5 (tried for 2 second(s) with 500 milliseconds interval)</small> </font> </div>
<div class="test-event"> <font color="maroon"> <small> &emsp; &emsp;--- 15 Oct 12:34:45 690 - <b>2</b> - Spinner Load Wait: (Sync) - ICar.support.WaitUtils.waitForSpinner(WaitUtils.java:225)</small> </font> </div>
<div class="test-event"> <font color="maroon"> <small> &emsp; &emsp;--- 15 Oct 12:34:48 868 - Element is displayed:: [[ChromeDriver: chrome on WINDOWS (9d4513637dea9ca18b363fc16d7a0555)] -> css selector: button[class*='search-button']]</small> </font> </div>
<div class="test-event"> <font color="maroon"> <small> &emsp; &emsp;--- 15 Oct 12:34:49 317 - Page URL:: https://i-car--staging.sandbox.lightning.force.com/lightning/o/committee__c/list?filtername=__recent</small> </font> </div>
<div class="test-event"> <font color="maroon"> <small> &emsp; &emsp;--- 15 Oct 12:34:49 317 - <b>0</b> - Page Load Wait: (Sync) - ICar.support.Utils.waitForPageLoad(Utils.java:109)</small> </font> </div>
<div class="test-event"> <font color="maroon"> <small> &emsp; &emsp;--- 15 Oct 12:35:09 132 - Catched spinner load exception due to Expected condition failed: waiting for ICar.support.WaitUtils$4@3e310ae5 (tried for 10 second(s) with 500 milliseconds interval)</small> </font> </div>
<div class="test-event"> <font color="maroon"> <small> &emsp; &emsp;--- 15 Oct 12:35:09 132 - <b>10</b> - Spinner Load Wait: (Sync) - ICar.support.WaitUtils.waitForSpinner(WaitUtils.java:225)</small> </font> </div>
<div class="test-event"> <font color="maroon"> <small> &emsp; &emsp;--- 15 Oct 12:35:10 071 - Page URL:: https://i-car--staging.sandbox.lightning.force.com/one/one.app#eyjjb21wb25lbnrezwyioijmb3jjzvnlyxjjadpzzwfyy2hqywdlrgvza3rvccisimf0dhjpynv0zxmionsidgvybsi6iji2mtqzmdgilcjzy29wzu1hcci6eyj0exblijoive9qx1jfu1vmvfmilcjuyw1lc3bhy2uioiiilcjsywjlbci6ilrvccbszxn1bhrziiwibgfizwxqbhvyywwioijub3agumvzdwx0cyisinjlc3vsdhndbxaioijmb3jjzvnlyxjjadpwcmvkawn0zwrszxn1bhrzin0simnvbnrlehqionsirklmvevsuyi6e30sinnlyxjjafnvdxjjzsi6ikftu0ltvefovf9esufmt0cilcjkaxnhymxlsw50zw50uxvlcnkiomzhbhnllcjkaxnhymxlu3blbgxdb3jyzwn0aw9uijpmywxzzswic2vhcmnorglhbg9nu2vzc2lvbklkijoinjmxm2q5otctmgi1ns0yndzilwjizmetngrlywjlntfmmjewiiwizgvidwdjbmzvijp7imfwce5hbwuioijjq2fyx1nlcnzpy2vfq29uc29szsisimfwcfr5cguioijdb25zb2xliiwiyxbwtmftzxnwywnlijoiyyisimxvy2f0aw9uijoizm9yy2u6b2jqzwn0sg9tzurlc2t0b3ailcjzb2jqzwn0vhlwzsi6iknvbw1pdhrlzv9fyyj9fswiz3jvdxbjzci6ikrfrkfvtfqifswic3rhdguiont9fq%3d%3d</small> </font> </div>
<div class="test-event"> <font color="maroon"> <small> &emsp; &emsp;--- 15 Oct 12:35:10 071 - <b>0</b> - Page Load Wait: (Sync) - ICar.support.Utils.waitForPageLoad(Utils.java:109)</small> </font> </div>
<div class="test-event"> <font color="maroon"> <small> &emsp; &emsp;--- 15 Oct 12:35:21 122 - Catched spinner load exception due to Expected condition failed: waiting for ICar.support.WaitUtils$4@3e310ae5 (tried for 11 second(s) with 500 milliseconds interval)</small> </font> </div>
<div class="test-event"> <font color="maroon"> <small> &emsp; &emsp;--- 15 Oct 12:35:21 122 - <b>11</b> - Spinner Load Wait: (Sync) - ICar.support.WaitUtils.waitForSpinner(WaitUtils.java:225)</small> </font> </div>
<div class="test-event"> <font color="maroon"> <small> &emsp; &emsp;--- 15 Oct 12:35:22 015 - Page URL:: https://i-car--staging.sandbox.lightning.force.com/one/one.app#eyjjb21wb25lbnrezwyioijmb3jjzvnlyxjjadpzzwfyy2hqywdlrgvza3rvccisimf0dhjpynv0zxmionsidgvybsi6iji2mtqzmdgilcjzy29wzu1hcci6eyj0exblijoive9qx1jfu1vmvfmilcjuyw1lc3bhy2uioiiilcjsywjlbci6ilrvccbszxn1bhrziiwibgfizwxqbhvyywwioijub3agumvzdwx0cyisinjlc3vsdhndbxaioijmb3jjzvnlyxjjadpwcmvkawn0zwrszxn1bhrzin0simnvbnrlehqionsirklmvevsuyi6e30sinnlyxjjafnvdxjjzsi6ikftu0ltvefovf9esufmt0cilcjkaxnhymxlsw50zw50uxvlcnkiomzhbhnllcjkaxnhymxlu3blbgxdb3jyzwn0aw9uijpmywxzzswic2vhcmnorglhbg9nu2vzc2lvbklkijoinjmxm2q5otctmgi1ns0yndzilwjizmetngrlywjlntfmmjewiiwizgvidwdjbmzvijp7imfwce5hbwuioijjq2fyx1nlcnzpy2vfq29uc29szsisimfwcfr5cguioijdb25zb2xliiwiyxbwtmftzxnwywnlijoiyyisimxvy2f0aw9uijoizm9yy2u6b2jqzwn0sg9tzurlc2t0b3ailcjzb2jqzwn0vhlwzsi6iknvbw1pdhrlzv9fyyj9fswiz3jvdxbjzci6ikrfrkfvtfqifswic3rhdguiont9fq%3d%3d</small> </font> </div>
<div class="test-event"> <font color="maroon"> <small> &emsp; &emsp;--- 15 Oct 12:35:22 016 - <b>0</b> - Page Load Wait: (Sync) - ICar.support.Utils.waitForPageLoad(Utils.java:109)</small> </font> </div>
<div class="test-event"> <font color="maroon"> <small> &emsp; &emsp;--- 15 Oct 12:35:22 083 - Element is displayed:: [[ChromeDriver: chrome on WINDOWS (9d4513637dea9ca18b363fc16d7a0555)] -> xpath: //a[@title='Top Results']//span[text()='Top Results']]</small> </font> </div>
<div class="test-event"> <font color="maroon"> <small> &emsp; &emsp;--- 15 Oct 12:35:22 505 - Page URL:: https://i-car--staging.sandbox.lightning.force.com/one/one.app#eyjjb21wb25lbnrezwyioijmb3jjzvnlyxjjadpzzwfyy2hqywdlrgvza3rvccisimf0dhjpynv0zxmionsidgvybsi6iji2mtqzmdgilcjzy29wzu1hcci6eyj0exblijoive9qx1jfu1vmvfmilcjuyw1lc3bhy2uioiiilcjsywjlbci6ilrvccbszxn1bhrziiwibgfizwxqbhvyywwioijub3agumvzdwx0cyisinjlc3vsdhndbxaioijmb3jjzvnlyxjjadpwcmvkawn0zwrszxn1bhrzin0simnvbnrlehqionsirklmvevsuyi6e30sinnlyxjjafnvdxjjzsi6ikftu0ltvefovf9esufmt0cilcjkaxnhymxlsw50zw50uxvlcnkiomzhbhnllcjkaxnhymxlu3blbgxdb3jyzwn0aw9uijpmywxzzswic2vhcmnorglhbg9nu2vzc2lvbklkijoinjmxm2q5otctmgi1ns0yndzilwjizmetngrlywjlntfmmjewiiwizgvidwdjbmzvijp7imfwce5hbwuioijjq2fyx1nlcnzpy2vfq29uc29szsisimfwcfr5cguioijdb25zb2xliiwiyxbwtmftzxnwywnlijoiyyisimxvy2f0aw9uijoizm9yy2u6b2jqzwn0sg9tzurlc2t0b3ailcjzb2jqzwn0vhlwzsi6iknvbw1pdhrlzv9fyyj9fswiz3jvdxbjzci6ikrfrkfvtfqifswic3rhdguiont9fq%3d%3d</small> </font> </div>
<div class="test-event"> <font color="maroon"> <small> &emsp; &emsp;--- 15 Oct 12:35:22 505 - <b>0</b> - Page Load Wait: (Sync) - ICar.support.Utils.waitForPageLoad(Utils.java:109)</small> </font> </div>
<div class="test-event"> <font color="maroon"> <small> &emsp; &emsp;--- 15 Oct 12:35:27 748 - Catched spinner load exception due to Expected condition failed: waiting for ICar.support.WaitUtils$4@3e310ae5 (tried for 5 second(s) with 500 milliseconds interval)</small> </font> </div>
<div class="test-event"> <font color="maroon"> <small> &emsp; &emsp;--- 15 Oct 12:35:27 748 - <b>5</b> - Spinner Load Wait: (Sync) - ICar.support.WaitUtils.waitForSpinner(WaitUtils.java:225)</small> </font> </div>
<div class="test-event"> <font color="maroon"> <small> &emsp; &emsp;--- 15 Oct 12:35:28 656 - Page URL:: https://i-car--staging.sandbox.lightning.force.com/one/one.app#eyjjb21wb25lbnrezwyioijmb3jjzvnlyxjjadpzzwfyy2hqywdlrgvza3rvccisimf0dhjpynv0zxmionsidgvybsi6iji2mtqzmdgilcjzy29wzu1hcci6eyj0exblijoive9qx1jfu1vmvfmilcjuyw1lc3bhy2uioiiilcjsywjlbci6ilrvccbszxn1bhrziiwibgfizwxqbhvyywwioijub3agumvzdwx0cyisinjlc3vsdhndbxaioijmb3jjzvnlyxjjadpwcmvkawn0zwrszxn1bhrzin0simnvbnrlehqionsirklmvevsuyi6e30sinnlyxjjafnvdxjjzsi6ikftu0ltvefovf9esufmt0cilcjkaxnhymxlsw50zw50uxvlcnkiomzhbhnllcjkaxnhymxlu3blbgxdb3jyzwn0aw9uijpmywxzzswic2vhcmnorglhbg9nu2vzc2lvbklkijoinjmxm2q5otctmgi1ns0yndzilwjizmetngrlywjlntfmmjewiiwizgvidwdjbmzvijp7imfwce5hbwuioijjq2fyx1nlcnzpy2vfq29uc29szsisimfwcfr5cguioijdb25zb2xliiwiyxbwtmftzxnwywnlijoiyyisimxvy2f0aw9uijoizm9yy2u6b2jqzwn0sg9tzurlc2t0b3ailcjzb2jqzwn0vhlwzsi6iknvbw1pdhrlzv9fyyj9fswiz3jvdxbjzci6ikrfrkfvtfqifswic3rhdguiont9fq%3d%3d</small> </font> </div>
<div class="test-event"> <font color="maroon"> <small> &emsp; &emsp;--- 15 Oct 12:35:28 656 - <b>0</b> - Page Load Wait: (Sync) - ICar.support.Utils.waitForPageLoad(Utils.java:109)</small> </font> </div>
<div class="test-event"> <font color="maroon"> <small> &emsp; &emsp;--- 15 Oct 12:35:29 740 - Page URL:: https://i-car--staging.sandbox.lightning.force.com/one/one.app#eyjjb21wb25lbnrezwyioijmb3jjzvnlyxjjadpzzwfyy2hqywdlrgvza3rvccisimf0dhjpynv0zxmionsidgvybsi6iji2mtqzmdgilcjzy29wzu1hcci6eyj0exblijoive9qx1jfu1vmvfmilcjuyw1lc3bhy2uioiiilcjsywjlbci6ilrvccbszxn1bhrziiwibgfizwxqbhvyywwioijub3agumvzdwx0cyisinjlc3vsdhndbxaioijmb3jjzvnlyxjjadpwcmvkawn0zwrszxn1bhrzin0simnvbnrlehqionsirklmvevsuyi6e30sinnlyxjjafnvdxjjzsi6ikftu0ltvefovf9esufmt0cilcjkaxnhymxlsw50zw50uxvlcnkiomzhbhnllcjkaxnhymxlu3blbgxdb3jyzwn0aw9uijpmywxzzswic2vhcmnorglhbg9nu2vzc2lvbklkijoinjmxm2q5otctmgi1ns0yndzilwjizmetngrlywjlntfmmjewiiwizgvidwdjbmzvijp7imfwce5hbwuioijjq2fyx1nlcnzpy2vfq29uc29szsisimfwcfr5cguioijdb25zb2xliiwiyxbwtmftzxnwywnlijoiyyisimxvy2f0aw9uijoizm9yy2u6b2jqzwn0sg9tzurlc2t0b3ailcjzb2jqzwn0vhlwzsi6iknvbw1pdhrlzv9fyyj9fswiz3jvdxbjzci6ikrfrkfvtfqifswic3rhdguiont9fq%3d%3d</small> </font> </div>
<div class="test-event"> <font color="maroon"> <small> &emsp; &emsp;--- 15 Oct 12:35:29 741 - <b>1</b> - Page Load Wait: (Sync) - ICar.support.Utils.waitForPageLoad(Utils.java:109)</small> </font> </div>
<div class="test-event"> <font color="maroon"> <small> &emsp; &emsp;--- 15 Oct 12:35:30 560 - Page URL:: https://i-car--staging.sandbox.lightning.force.com/one/one.app#eyjjb21wb25lbnrezwyioijmb3jjzvnlyxjjadpzzwfyy2hqywdlrgvza3rvccisimf0dhjpynv0zxmionsidgvybsi6iji2mtqzmdgilcjzy29wzu1hcci6eyj0exblijoive9qx1jfu1vmvfmilcjuyw1lc3bhy2uioiiilcjsywjlbci6ilrvccbszxn1bhrziiwibgfizwxqbhvyywwioijub3agumvzdwx0cyisinjlc3vsdhndbxaioijmb3jjzvnlyxjjadpwcmvkawn0zwrszxn1bhrzin0simnvbnrlehqionsirklmvevsuyi6e30sinnlyxjjafnvdxjjzsi6ikftu0ltvefovf9esufmt0cilcjkaxnhymxlsw50zw50uxvlcnkiomzhbhnllcjkaxnhymxlu3blbgxdb3jyzwn0aw9uijpmywxzzswic2vhcmnorglhbg9nu2vzc2lvbklkijoinjmxm2q5otctmgi1ns0yndzilwjizmetngrlywjlntfmmjewiiwizgvidwdjbmzvijp7imfwce5hbwuioijjq2fyx1nlcnzpy2vfq29uc29szsisimfwcfr5cguioijdb25zb2xliiwiyxbwtmftzxnwywnlijoiyyisimxvy2f0aw9uijoizm9yy2u6b2jqzwn0sg9tzurlc2t0b3ailcjzb2jqzwn0vhlwzsi6iknvbw1pdhrlzv9fyyj9fswiz3jvdxbjzci6ikrfrkfvtfqifswic3rhdguiont9fq%3d%3d</small> </font> </div>
<div class="test-event"> <font color="maroon"> <small> &emsp; &emsp;--- 15 Oct 12:35:30 560 - <b>0</b> - Page Load Wait: (Sync) - ICar.support.Utils.waitForPageLoad(Utils.java:109)</small> </font> </div>
<div class="test-event"> <font color="maroon"> <small> &emsp; &emsp;--- 15 Oct 12:35:39 004 - Catched spinner load exception due to Expected condition failed: waiting for ICar.support.WaitUtils$4@3e310ae5 (tried for 8 second(s) with 500 milliseconds interval)</small> </font> </div>
<div class="test-event"> <font color="maroon"> <small> &emsp; &emsp;--- 15 Oct 12:35:39 004 - <b>8</b> - Spinner Load Wait: (Sync) - ICar.support.WaitUtils.waitForSpinner(WaitUtils.java:225)</small> </font> </div>
<div class="test-event"> <font color="maroon"> <small> &emsp; &emsp;--- 15 Oct 12:35:39 884 - Page URL:: https://i-car--staging.sandbox.lightning.force.com/one/one.app#eyjjb21wb25lbnrezwyioijmb3jjzvnlyxjjadpzzwfyy2hqywdlrgvza3rvccisimf0dhjpynv0zxmionsidgvybsi6iji2mtqzmdgilcjzy29wzu1hcci6eyj0exblijoive9qx1jfu1vmvfmilcjuyw1lc3bhy2uioiiilcjsywjlbci6ilrvccbszxn1bhrziiwibgfizwxqbhvyywwioijub3agumvzdwx0cyisinjlc3vsdhndbxaioijmb3jjzvnlyxjjadpwcmvkawn0zwrszxn1bhrzin0simnvbnrlehqionsirklmvevsuyi6e30sinnlyxjjafnvdxjjzsi6ikftu0ltvefovf9esufmt0cilcjkaxnhymxlsw50zw50uxvlcnkiomzhbhnllcjkaxnhymxlu3blbgxdb3jyzwn0aw9uijpmywxzzswic2vhcmnorglhbg9nu2vzc2lvbklkijoinjmxm2q5otctmgi1ns0yndzilwjizmetngrlywjlntfmmjewiiwizgvidwdjbmzvijp7imfwce5hbwuioijjq2fyx1nlcnzpy2vfq29uc29szsisimfwcfr5cguioijdb25zb2xliiwiyxbwtmftzxnwywnlijoiyyisimxvy2f0aw9uijoizm9yy2u6b2jqzwn0sg9tzurlc2t0b3ailcjzb2jqzwn0vhlwzsi6iknvbw1pdhrlzv9fyyj9fswiz3jvdxbjzci6ikrfrkfvtfqifswic3rhdguiont9fq%3d%3d</small> </font> </div>
<div class="test-event"> <font color="maroon"> <small> &emsp; &emsp;--- 15 Oct 12:35:39 884 - <b>0</b> - Page Load Wait: (Sync) - ICar.support.Utils.waitForPageLoad(Utils.java:109)</small> </font> </div>
<div class="test-event"> <font color="maroon"> <small> &emsp; &emsp;--- 15 Oct 12:35:42 031 - Element is displayed:: [[ChromeDriver: chrome on WINDOWS (9d4513637dea9ca18b363fc16d7a0555)] -> xpath: //div[contains(@class,'forceSearchResultsRegion')]//div[contains(@class,'resultsMultiWrapper')]/div/div[1]//following::h2//a]</small> </font> </div>
<div class="test-event"> <font color="maroon"> <small> &emsp; &emsp;--- 15 Oct 12:35:42 261 - Element is displayed:: [[ChromeDriver: chrome on WINDOWS (9d4513637dea9ca18b363fc16d7a0555)] -> xpath: //a[text()='Contacts']]</small> </font> </div>
<div class="test-event"> <font color="maroon"> <small> &emsp; &emsp;--- 15 Oct 12:35:46 278 - Element is displayed:: [[ChromeDriver: chrome on WINDOWS (9d4513637dea9ca18b363fc16d7a0555)] -> xpath: //div[text()='Contacts']//following :: table//tbody//th//span /a]</small> </font> </div>
<div class="test-event"> <font color="maroon"> <small> &emsp; &emsp;--- 15 Oct 12:35:55 399 - Element is displayed:: [[ChromeDriver: chrome on WINDOWS (9d4513637dea9ca18b363fc16d7a0555)] -> xpath: //a/img[@alt='Login Image']|//button[@id='btn-login']]</small> </font> </div>
<div class="test-event"> <font color="maroon"> <small> &emsp; &emsp;--- 15 Oct 12:35:55 500 - Element is displayed:: [[ChromeDriver: chrome on WINDOWS (9d4513637dea9ca18b363fc16d7a0555)] -> xpath: //a/img[@alt='Login Image']|//button[@id='btn-login']]</small> </font> </div>
<div class="test-message">&emsp;Successfully navigated to 'Home' Page&emsp;<a href=".\ScreenShot\B2B1054_TC04_1257950578102800.png" target="_blank" >[ScreenShot]</a></div>
<div class="test-message">&emsp;1. Home page is launched.</div>
<div class="test-event"> <font color="maroon"> <small> &emsp; &emsp;--- 15 Oct 12:35:56 193 - Page URL:: https://www.icarstage.com/</small> </font> </div>
<div class="test-event"> <font color="maroon"> <small> &emsp; &emsp;--- 15 Oct 12:35:56 194 - <b>0</b> - Page Load Wait: (Sync) - ICar.support.Utils.waitForPageLoad(Utils.java:109)</small> </font> </div>
<div class="test-event"> <font color="maroon"> <small> &emsp; &emsp;--- 15 Oct 12:35:56 235 - Element is displayed:: [[ChromeDriver: chrome on WINDOWS (9d4513637dea9ca18b363fc16d7a0555)] -> xpath: //a/img[@alt='Login Image']|//button[@id='btn-login']]</small> </font> </div>
<div class="test-event"> <font color="maroon"> <small> &emsp; &emsp;--- 15 Oct 12:35:56 294 - Element is displayed:: [[ChromeDriver: chrome on WINDOWS (9d4513637dea9ca18b363fc16d7a0555)] -> xpath: //a/img[@alt='Login Image']|//button[@id='btn-login']]</small> </font> </div>
<div class="test-event"> <font color="maroon"> <small> &emsp; &emsp;--- 15 Oct 12:36:14 284 - Catched spinner load exception due to Expected condition failed: waiting for ICar.support.WaitUtils$4@3e310ae5 (tried for 15 second(s) with 500 milliseconds interval)</small> </font> </div>
<div class="test-event"> <font color="maroon"> <small> &emsp; &emsp;--- 15 Oct 12:36:14 284 - <b>15</b> - Spinner Load Wait: (Sync) - ICar.support.WaitUtils.waitForSpinner(WaitUtils.java:225)</small> </font> </div>
<div class="test-message">&emsp;2. Login page  should be successfully display</div>
<div class="test-message">&emsp;Successfully navigated to 'Login' Page&emsp;<a href=".\ScreenShot\B2B1054_TC04_1257969364276100.png" target="_blank" >[ScreenShot]</a></div>
<div class="test-event"> <font color="maroon"> <small> &emsp; &emsp;--- 15 Oct 12:36:14 513 - Element is displayed:: [[ChromeDriver: chrome on WINDOWS (9d4513637dea9ca18b363fc16d7a0555)] -> id: username]</small> </font> </div>
<div class="test-event"> <font color="maroon"> <small> &emsp; &emsp;--- 15 Oct 12:36:14 594 - Element is displayed:: [[ChromeDriver: chrome on WINDOWS (9d4513637dea9ca18b363fc16d7a0555)] -> id: username]</small> </font> </div>
<div class="test-event"> <font color="maroon"> <small> &emsp; &emsp;--- 15 Oct 12:36:14 861 - Element is displayed:: [[ChromeDriver: chrome on WINDOWS (9d4513637dea9ca18b363fc16d7a0555)] -> id: password]</small> </font> </div>
<div class="test-event"> <font color="maroon"> <small> &emsp; &emsp;--- 15 Oct 12:36:15 092 - Element is displayed:: [[ChromeDriver: chrome on WINDOWS (9d4513637dea9ca18b363fc16d7a0555)] -> id: btn-login]</small> </font> </div>
<div class="test-event"> <font color="maroon"> <small> &emsp; &emsp;--- 15 Oct 12:36:28 348 - Catched spinner load exception due to Expected condition failed: waiting for ICar.support.WaitUtils$4@3e310ae5 (tried for 13 second(s) with 500 milliseconds interval)</small> </font> </div>
<div class="test-event"> <font color="maroon"> <small> &emsp; &emsp;--- 15 Oct 12:36:28 348 - <b>13</b> - Spinner Load Wait: (Sync) - ICar.support.WaitUtils.waitForSpinner(WaitUtils.java:225)</small> </font> </div>
<div class="test-event"> <font color="maroon"> <small> &emsp; &emsp;--- 15 Oct 12:36:51 877 - Catched spinner load exception due to Expected condition failed: waiting for ICar.support.WaitUtils$4@3e310ae5 (tried for 10 second(s) with 500 milliseconds interval)</small> </font> </div>
<div class="test-event"> <font color="maroon"> <small> &emsp; &emsp;--- 15 Oct 12:36:51 877 - <b>10</b> - Spinner Load Wait: (Sync) - ICar.support.WaitUtils.waitForSpinner(WaitUtils.java:225)</small> </font> </div>
<div class="test-event"> <font color="maroon"> <small> &emsp; &emsp;--- 15 Oct 12:36:51 958 - Element is displayed:: [[ChromeDriver: chrome on WINDOWS (9d4513637dea9ca18b363fc16d7a0555)] -> xpath: //button[@value='Launch My Learning']]</small> </font> </div>
<div class="test-message">&emsp;3. Enter the user credentials as : alessa0717</div>
<div class="test-message">&emsp;Successfully navigated to 'User Home' Page&emsp;<a href=".\ScreenShot\B2B1054_TC04_1258007035074200.png" target="_blank" >[ScreenShot]</a></div>
<div class="test-message">&emsp;Link Access Committee Portal displayed in B2B Portal</div>
<div class="test-message">&emsp;Access Committee Link is displayed</div>
<div class="test-event"> <font color="maroon"> <small> &emsp; &emsp;--- 15 Oct 12:36:53 454 - Page URL:: https://www.icarstage.com/</small> </font> </div>
<div class="test-event"> <font color="maroon"> <small> &emsp; &emsp;--- 15 Oct 12:36:53 455 - <b>0</b> - Page Load Wait: (Sync) - ICar.support.Utils.waitForPageLoad(Utils.java:109)</small> </font> </div>
<div class="test-event"> <font color="maroon"> <small> &emsp; &emsp;--- 15 Oct 12:36:53 514 - Element is displayed:: [[ChromeDriver: chrome on WINDOWS (9d4513637dea9ca18b363fc16d7a0555)] -> xpath: //p[text()='Launch My Learning']]</small> </font> </div>
<div class="test-event"> <font color="maroon"> <small> &emsp; &emsp;--- 15 Oct 12:36:53 571 - Element is displayed:: [[ChromeDriver: chrome on WINDOWS (9d4513637dea9ca18b363fc16d7a0555)] -> xpath: //a[text()='Access Committee Portal']]</small> </font> </div>
<div class="test-event"> <font color="maroon"> <small> &emsp; &emsp;--- 15 Oct 12:36:55 689 - Element is displayed:: [[ChromeDriver: chrome on WINDOWS (9d4513637dea9ca18b363fc16d7a0555)] -> xpath: //a[text()='Access Committee Portal']]</small> </font> </div>
<div class="test-event"> <font color="maroon"> <small> &emsp; &emsp;--- 15 Oct 12:37:15 359 - Catched spinner load exception due to Expected condition failed: waiting for ICar.support.WaitUtils$4@3e310ae5 (tried for 15 second(s) with 500 milliseconds interval)</small> </font> </div>
<div class="test-event"> <font color="maroon"> <small> &emsp; &emsp;--- 15 Oct 12:37:15 359 - <b>15</b> - Spinner Load Wait: (Sync) - ICar.support.WaitUtils.waitForSpinner(WaitUtils.java:225)</small> </font> </div>
<div class="test-event"> <font color="maroon"> <small> &emsp; &emsp;--- 15 Oct 12:37:15 509 - Page URL:: https://my.icarstage.com/s/committee/a381i0000006tc9qai/5400799</small> </font> </div>
<div class="test-event"> <font color="maroon"> <small> &emsp; &emsp;--- 15 Oct 12:37:15 509 - <b>0</b> - Page Load Wait: (Sync) - ICar.support.Utils.waitForPageLoad(Utils.java:109)</small> </font> </div>
<div class="test-message">&emsp;5.Navigate to access committee page</div>
<div class="test-message">&emsp;Successfully navigated to 'Access committee portal' Page&emsp;<a href=".\ScreenShot\B2B1054_TC04_1258030585384200.png" target="_blank" >[ScreenShot]</a></div>
<div class="test-event"> <font color="maroon"> <small> &emsp; &emsp;--- 15 Oct 12:37:15 829 - Page URL:: https://my.icarstage.com/s/committee/a381i0000006tc9qai/5400799</small> </font> </div>
<div class="test-event"> <font color="maroon"> <small> &emsp; &emsp;--- 15 Oct 12:37:15 829 - <b>0</b> - Page Load Wait: (Sync) - ICar.support.Utils.waitForPageLoad(Utils.java:109)</small> </font> </div>
<div class="test-event"> <font color="maroon"> <small> &emsp; &emsp;--- 15 Oct 12:37:24 171 - Catched spinner load exception due to Expected condition failed: waiting for ICar.support.WaitUtils$4@3e310ae5 (tried for 8 second(s) with 500 milliseconds interval)</small> </font> </div>
<div class="test-event"> <font color="maroon"> <small> &emsp; &emsp;--- 15 Oct 12:37:24 171 - <b>8</b> - Spinner Load Wait: (Sync) - ICar.support.WaitUtils.waitForSpinner(WaitUtils.java:225)</small> </font> </div>
<div class="test-event"> <font color="maroon"> <small> &emsp; &emsp;--- 15 Oct 12:37:24 228 - Element is displayed:: [[ChromeDriver: chrome on WINDOWS (9d4513637dea9ca18b363fc16d7a0555)] -> xpath: //article[@class='slds-card']]</small> </font> </div>
<div class="test-event"> <font color="maroon"> <small> &emsp; &emsp;--- 15 Oct 12:37:28 479 - Page URL:: https://my.icarstage.com/s/committee/a381i0000006tc9qai/5400799</small> </font> </div>
<div class="test-event"> <font color="maroon"> <small> &emsp; &emsp;--- 15 Oct 12:37:28 479 - <b>0</b> - Page Load Wait: (Sync) - ICar.support.Utils.waitForPageLoad(Utils.java:109)</small> </font> </div>
<div class="test-event"> <font color="maroon"> <small> &emsp; &emsp;--- 15 Oct 12:37:36 976 - Catched spinner load exception due to Expected condition failed: waiting for ICar.support.WaitUtils$4@3e310ae5 (tried for 8 second(s) with 500 milliseconds interval)</small> </font> </div>
<div class="test-event"> <font color="maroon"> <small> &emsp; &emsp;--- 15 Oct 12:37:36 976 - <b>8</b> - Spinner Load Wait: (Sync) - ICar.support.WaitUtils.waitForSpinner(WaitUtils.java:225)</small> </font> </div>
<div class="test-event"> <font color="maroon"> <small> &emsp; &emsp;--- 15 Oct 12:37:37 012 - Element is displayed:: [[ChromeDriver: chrome on WINDOWS (9d4513637dea9ca18b363fc16d7a0555)] -> xpath: //div[@class='slds-card__body']/div/div/div/div/a]</small> </font> </div>
<div class="test-event"> <font color="maroon"> <small> &emsp; &emsp;--- 15 Oct 12:37:39 109 - Element is displayed:: [[ChromeDriver: chrome on WINDOWS (9d4513637dea9ca18b363fc16d7a0555)] -> xpath: //div[@class='slds-card__body']/div/div/div/div/a]</small> </font> </div>
<div class="test-message">&emsp;Sucessfully verified link&emsp;<a href=".\ScreenShot\B2B1054_TC04_1258056993237700.png" target="_blank" >[ScreenShot]</a></div>
<div class="test-event"> <font color="maroon"> <small> &emsp; &emsp;--- 15 Oct 12:37:44 249 - Element is displayed:: [[ChromeDriver: chrome on WINDOWS (9d4513637dea9ca18b363fc16d7a0555)] -> xpath: //div[@class='slds-card__body']/div/div/div/div/a]</small> </font> </div>
<div class="test-message">&emsp;Sucessfully verified link&emsp;<a href=".\ScreenShot\B2B1054_TC04_1258061199926700.png" target="_blank" >[ScreenShot]</a></div>
<div class="test-event"> <font color="maroon"> <small> &emsp; &emsp;--- 15 Oct 12:37:48 416 - Element is displayed:: [[ChromeDriver: chrome on WINDOWS (9d4513637dea9ca18b363fc16d7a0555)] -> xpath: //div[@class='slds-card__body']/div/div/div/div/a]</small> </font> </div>
<div class="test-message">&emsp;Sucessfully verified link&emsp;<a href=".\ScreenShot\B2B1054_TC04_1258065356386900.png" target="_blank" >[ScreenShot]</a></div>
<div class="test-event"> <font color="maroon"> <small> &emsp; &emsp;--- 15 Oct 12:37:52 665 - Element is displayed:: [[ChromeDriver: chrome on WINDOWS (9d4513637dea9ca18b363fc16d7a0555)] -> xpath: //div[@class='slds-card__body']/div/div/div/div/a]</small> </font> </div>
<div class="test-message">&emsp;Sucessfully verified link&emsp;<a href=".\ScreenShot\B2B1054_TC04_1258079705832200.png" target="_blank" >[ScreenShot]</a></div>
<div class="test-event"> <font color="maroon"> <small> &emsp; &emsp;--- 15 Oct 12:38:07 476 - Element is displayed:: [[ChromeDriver: chrome on WINDOWS (9d4513637dea9ca18b363fc16d7a0555)] -> xpath: //div[@class='slds-card__body']/div/div/div/div/a]</small> </font> </div>
<div class="test-message">&emsp;Sucessfully verified link&emsp;<a href=".\ScreenShot\B2B1054_TC04_1258094200897400.png" target="_blank" >[ScreenShot]</a></div>
<div class="test-event"> <font color="maroon"> <small> &emsp; &emsp;--- 15 Oct 12:38:21 443 - Element is displayed:: [[ChromeDriver: chrome on WINDOWS (9d4513637dea9ca18b363fc16d7a0555)] -> xpath: //div[@class='slds-card__body']/div/div/div/div/a]</small> </font> </div>
<div class="test-message">&emsp;Sucessfully verified link&emsp;<a href=".\ScreenShot\B2B1054_TC04_1258098425698500.png" target="_blank" >[ScreenShot]</a></div>
<div class="test-event"> <font color="maroon"> <small> &emsp; &emsp;--- 15 Oct 12:38:25 670 - Element is displayed:: [[ChromeDriver: chrome on WINDOWS (9d4513637dea9ca18b363fc16d7a0555)] -> xpath: //div[@class='slds-card__body']/div/div/div/div/div/a]</small> </font> </div>
<div class="test-message">&emsp;Sucessfully verified link&emsp;<a href=".\ScreenShot\B2B1054_TC04_1258102635290600.png" target="_blank" >[ScreenShot]</a></div>
<div class="test-message">&emsp;All 9 links under Resources and committee are opened in New tab</div>
<div class="test-message">&emsp;Successfully validated all resouce and forms link</div>
<div class="test-result"><br><font color="green"><strong> Test Passed. </strong></font> </div>&emsp;
&emsp;<div class="test-title"> <strong><font size = "3" color = "#0000FF">---Test Execution Ends---</font> </strong> </div>&emsp;]]>
    </system-out>
  </testcase> <!-- B2B1054_TC04 -->
  <system-out>
    <![CDATA[<div class="test-event"> <font color="maroon"> <small> &emsp; &emsp;--- 15 Oct 11:35:05 233 - TestCaseID:: B2B1000_TC01</small> </font> </div>
<div class="test-event"> <font color="maroon"> <small> &emsp; &emsp;--- 15 Oct 11:35:07 921 - <b>3</b> - Driver::initialize::Get - ICar.support.WebDriverFactory.getDriver(WebDriverFactory.java:640)</small> </font> </div>
&emsp;<div class="test-title"> <strong><font size = "3" color = "#000080">Verify the active committee goal information</font> </strong> </div>&emsp;<div><strong>Steps:</strong></div><!-- Report -->&emsp;
<div class="test-event"> <font color="maroon"> <small> &emsp; &emsp;--- 15 Oct 11:35:15 332 - Element is displayed:: [[ChromeDriver: chrome on WINDOWS (260d696144699f282c7e38e3184b83ef)] -> xpath: //a/img[@alt='Login Image']|//button[@id='btn-login']]</small> </font> </div>
<div class="test-event"> <font color="maroon"> <small> &emsp; &emsp;--- 15 Oct 11:35:15 407 - Element is displayed:: [[ChromeDriver: chrome on WINDOWS (260d696144699f282c7e38e3184b83ef)] -> xpath: //a/img[@alt='Login Image']|//button[@id='btn-login']]</small> </font> </div>
<div class="test-message">&emsp;Successfully navigated to 'Home' Page&emsp;<a href=".\ScreenShot\B2B1000_TC01_1254310496708600.png" target="_blank" >[ScreenShot]</a></div>
<div class="test-message">&emsp;1. Home page is launched.</div>
<div class="test-event"> <font color="maroon"> <small> &emsp; &emsp;--- 15 Oct 11:35:17 393 - Page URL:: https://www.icarstage.com/</small> </font> </div>
<div class="test-event"> <font color="maroon"> <small> &emsp; &emsp;--- 15 Oct 11:35:17 393 - <b>0</b> - Page Load Wait: (Sync) - ICar.support.Utils.waitForPageLoad(Utils.java:109)</small> </font> </div>
<div class="test-event"> <font color="maroon"> <small> &emsp; &emsp;--- 15 Oct 11:35:17 446 - Element is displayed:: [[ChromeDriver: chrome on WINDOWS (260d696144699f282c7e38e3184b83ef)] -> xpath: //a/img[@alt='Login Image']|//button[@id='btn-login']]</small> </font> </div>
<div class="test-event"> <font color="maroon"> <small> &emsp; &emsp;--- 15 Oct 11:35:17 520 - Element is displayed:: [[ChromeDriver: chrome on WINDOWS (260d696144699f282c7e38e3184b83ef)] -> xpath: //a/img[@alt='Login Image']|//button[@id='btn-login']]</small> </font> </div>
<div class="test-event"> <font color="maroon"> <small> &emsp; &emsp;--- 15 Oct 11:35:35 768 - Catched spinner load exception due to Expected condition failed: waiting for ICar.support.WaitUtils$4@3e310ae5 (tried for 15 second(s) with 500 milliseconds interval)</small> </font> </div>
<div class="test-event"> <font color="maroon"> <small> &emsp; &emsp;--- 15 Oct 11:35:35 768 - <b>15</b> - Spinner Load Wait: (Sync) - ICar.support.WaitUtils.waitForSpinner(WaitUtils.java:225)</small> </font> </div>
<div class="test-message">&emsp;2. Login page  should be successfully display</div>
<div class="test-message">&emsp;Successfully navigated to 'Login' Page&emsp;<a href=".\ScreenShot\B2B1000_TC01_1254330858001600.png" target="_blank" >[ScreenShot]</a></div>
<div class="test-event"> <font color="maroon"> <small> &emsp; &emsp;--- 15 Oct 11:35:35 988 - Element is displayed:: [[ChromeDriver: chrome on WINDOWS (260d696144699f282c7e38e3184b83ef)] -> id: username]</small> </font> </div>
<div class="test-event"> <font color="maroon"> <small> &emsp; &emsp;--- 15 Oct 11:35:36 065 - Element is displayed:: [[ChromeDriver: chrome on WINDOWS (260d696144699f282c7e38e3184b83ef)] -> id: username]</small> </font> </div>
<div class="test-event"> <font color="maroon"> <small> &emsp; &emsp;--- 15 Oct 11:35:36 330 - Element is displayed:: [[ChromeDriver: chrome on WINDOWS (260d696144699f282c7e38e3184b83ef)] -> id: password]</small> </font> </div>
<div class="test-event"> <font color="maroon"> <small> &emsp; &emsp;--- 15 Oct 11:35:36 537 - Element is displayed:: [[ChromeDriver: chrome on WINDOWS (260d696144699f282c7e38e3184b83ef)] -> id: btn-login]</small> </font> </div>
<div class="test-event"> <font color="maroon"> <small> &emsp; &emsp;--- 15 Oct 11:35:51 349 - Catched spinner load exception due to Expected condition failed: waiting for ICar.support.WaitUtils$4@3e310ae5 (tried for 13 second(s) with 500 milliseconds interval)</small> </font> </div>
<div class="test-event"> <font color="maroon"> <small> &emsp; &emsp;--- 15 Oct 11:35:51 349 - <b>14</b> - Spinner Load Wait: (Sync) - ICar.support.WaitUtils.waitForSpinner(WaitUtils.java:225)</small> </font> </div>
<div class="test-event"> <font color="maroon"> <small> &emsp; &emsp;--- 15 Oct 11:36:15 531 - Catched spinner load exception due to Expected condition failed: waiting for ICar.support.WaitUtils$4@3e310ae5 (tried for 10 second(s) with 500 milliseconds interval)</small> </font> </div>
<div class="test-event"> <font color="maroon"> <small> &emsp; &emsp;--- 15 Oct 11:36:15 532 - <b>10</b> - Spinner Load Wait: (Sync) - ICar.support.WaitUtils.waitForSpinner(WaitUtils.java:225)</small> </font> </div>
<div class="test-event"> <font color="maroon"> <small> &emsp; &emsp;--- 15 Oct 11:36:15 631 - Element is displayed:: [[ChromeDriver: chrome on WINDOWS (260d696144699f282c7e38e3184b83ef)] -> xpath: //button[@value='Launch My Learning']]</small> </font> </div>
<div class="test-message">&emsp;3. Enter the user credentials as : alessa0717</div>
<div class="test-message">&emsp;Successfully navigated to 'User Home' Page&emsp;<a href=".\ScreenShot\B2B1000_TC01_1254370714126300.png" target="_blank" >[ScreenShot]</a></div>
<div class="test-event"> <font color="maroon"> <small> &emsp; &emsp;--- 15 Oct 11:36:16 080 - Page URL:: https://www.icarstage.com/</small> </font> </div>
<div class="test-event"> <font color="maroon"> <small> &emsp; &emsp;--- 15 Oct 11:36:16 080 - <b>0</b> - Page Load Wait: (Sync) - ICar.support.Utils.waitForPageLoad(Utils.java:109)</small> </font> </div>
<div class="test-event"> <font color="maroon"> <small> &emsp; &emsp;--- 15 Oct 11:36:16 158 - Element is displayed:: [[ChromeDriver: chrome on WINDOWS (260d696144699f282c7e38e3184b83ef)] -> xpath: //p[text()='Launch My Learning']]</small> </font> </div>
<div class="test-event"> <font color="maroon"> <small> &emsp; &emsp;--- 15 Oct 11:36:16 242 - Element is displayed:: [[ChromeDriver: chrome on WINDOWS (260d696144699f282c7e38e3184b83ef)] -> xpath: //a[text()='Access Committee Portal']]</small> </font> </div>
<div class="test-event"> <font color="maroon"> <small> &emsp; &emsp;--- 15 Oct 11:36:18 391 - Element is displayed:: [[ChromeDriver: chrome on WINDOWS (260d696144699f282c7e38e3184b83ef)] -> xpath: //a[text()='Access Committee Portal']]</small> </font> </div>
<div class="test-event"> <font color="maroon"> <small> &emsp; &emsp;--- 15 Oct 11:36:42 317 - Catched spinner load exception due to Expected condition failed: waiting for ICar.support.WaitUtils$4@3e310ae5 (tried for 15 second(s) with 500 milliseconds interval)</small> </font> </div>
<div class="test-event"> <font color="maroon"> <small> &emsp; &emsp;--- 15 Oct 11:36:42 317 - <b>15</b> - Spinner Load Wait: (Sync) - ICar.support.WaitUtils.waitForSpinner(WaitUtils.java:225)</small> </font> </div>
<div class="test-event"> <font color="maroon"> <small> &emsp; &emsp;--- 15 Oct 11:36:42 478 - Page URL:: https://my.icarstage.com/s/committee/a381i0000006tc9qai/5400799</small> </font> </div>
<div class="test-event"> <font color="maroon"> <small> &emsp; &emsp;--- 15 Oct 11:36:42 478 - <b>0</b> - Page Load Wait: (Sync) - ICar.support.Utils.waitForPageLoad(Utils.java:109)</small> </font> </div>
<div class="test-message">&emsp;Successfully navigated to 'Access committee' Page&emsp;<a href=".\ScreenShot\B2B1000_TC01_1254397561755100.png" target="_blank" >[ScreenShot]</a></div>
<div class="test-event"> <font color="maroon"> <small> &emsp; &emsp;--- 15 Oct 11:36:42 811 - Page URL:: https://my.icarstage.com/s/committee/a381i0000006tc9qai/5400799</small> </font> </div>
<div class="test-event"> <font color="maroon"> <small> &emsp; &emsp;--- 15 Oct 11:36:42 812 - <b>0</b> - Page Load Wait: (Sync) - ICar.support.Utils.waitForPageLoad(Utils.java:109)</small> </font> </div>
<div class="test-event"> <font color="maroon"> <small> &emsp; &emsp;--- 15 Oct 11:36:51 162 - Catched spinner load exception due to Expected condition failed: waiting for ICar.support.WaitUtils$4@3e310ae5 (tried for 8 second(s) with 500 milliseconds interval)</small> </font> </div>
<div class="test-event"> <font color="maroon"> <small> &emsp; &emsp;--- 15 Oct 11:36:51 162 - <b>8</b> - Spinner Load Wait: (Sync) - ICar.support.WaitUtils.waitForSpinner(WaitUtils.java:225)</small> </font> </div>
<div class="test-event"> <font color="maroon"> <small> &emsp; &emsp;--- 15 Oct 11:36:53 263 - Element is displayed:: [[ChromeDriver: chrome on WINDOWS (260d696144699f282c7e38e3184b83ef)] -> xpath: //span[text()='Committee Code']//following::div[1]//span//slot//lightning-formatted-text]</small> </font> </div>
<div class="test-message">&emsp;Committee code displayed as 540-0799</div>
<div class="test-message">&emsp;Committee code displayed as 540-0799 El Paso, TX</div>
<div class="test-message">&emsp;Committee description displayed as committee</div>
<div class="test-message">&emsp;Committee details are displayed&emsp;<a href=".\ScreenShot\B2B1000_TC01_1254408420389300.png" target="_blank" >[ScreenShot]</a></div>
<div class="test-event"> <font color="maroon"> <small> &emsp; &emsp;--- 15 Oct 11:36:53 756 - Page URL:: https://my.icarstage.com/s/committee/a381i0000006tc9qai/5400799</small> </font> </div>
<div class="test-event"> <font color="maroon"> <small> &emsp; &emsp;--- 15 Oct 11:36:53 756 - <b>0</b> - Page Load Wait: (Sync) - ICar.support.Utils.waitForPageLoad(Utils.java:109)</small> </font> </div>
<div class="test-event"> <font color="maroon"> <small> &emsp; &emsp;--- 15 Oct 11:37:02 121 - Catched spinner load exception due to Expected condition failed: waiting for ICar.support.WaitUtils$4@3e310ae5 (tried for 8 second(s) with 500 milliseconds interval)</small> </font> </div>
<div class="test-event"> <font color="maroon"> <small> &emsp; &emsp;--- 15 Oct 11:37:02 121 - <b>8</b> - Spinner Load Wait: (Sync) - ICar.support.WaitUtils.waitForSpinner(WaitUtils.java:225)</small> </font> </div>
<div class="test-event"> <font color="maroon"> <small> &emsp; &emsp;--- 15 Oct 11:37:02 162 - Element is displayed:: [[ChromeDriver: chrome on WINDOWS (260d696144699f282c7e38e3184b83ef)] -> xpath: //span[@class='test-id__field-value slds-form-element__static slds-grow word-break-ie11 is-read-only']]</small> </font> </div>
<div class="test-message">&emsp;Successfully validated- All committee fields are read-only&emsp;<a href=".\ScreenShot\B2B1000_TC01_1254417299069300.png" target="_blank" >[ScreenShot]</a></div>
<div class="test-event"> <font color="maroon"> <small> &emsp; &emsp;--- 15 Oct 11:37:02 573 - Page URL:: https://my.icarstage.com/s/committee/a381i0000006tc9qai/5400799</small> </font> </div>
<div class="test-event"> <font color="maroon"> <small> &emsp; &emsp;--- 15 Oct 11:37:02 573 - <b>0</b> - Page Load Wait: (Sync) - ICar.support.Utils.waitForPageLoad(Utils.java:109)</small> </font> </div>
<div class="test-event"> <font color="maroon"> <small> &emsp; &emsp;--- 15 Oct 11:37:10 977 - Catched spinner load exception due to Expected condition failed: waiting for ICar.support.WaitUtils$4@3e310ae5 (tried for 8 second(s) with 500 milliseconds interval)</small> </font> </div>
<div class="test-event"> <font color="maroon"> <small> &emsp; &emsp;--- 15 Oct 11:37:10 977 - <b>8</b> - Spinner Load Wait: (Sync) - ICar.support.WaitUtils.waitForSpinner(WaitUtils.java:225)</small> </font> </div>
<div class="test-message">&emsp;Active committee members are displayed&emsp;<a href=".\ScreenShot\B2B1000_TC01_1254426086629500.png" target="_blank" >[ScreenShot]</a></div>
<div class="test-event"> <font color="maroon"> <small> &emsp; &emsp;--- 15 Oct 11:37:11 379 - Page URL:: https://my.icarstage.com/s/committee/a381i0000006tc9qai/5400799</small> </font> </div>
<div class="test-event"> <font color="maroon"> <small> &emsp; &emsp;--- 15 Oct 11:37:11 380 - <b>0</b> - Page Load Wait: (Sync) - ICar.support.Utils.waitForPageLoad(Utils.java:109)</small> </font> </div>
<div class="test-event"> <font color="maroon"> <small> &emsp; &emsp;--- 15 Oct 11:37:19 796 - Catched spinner load exception due to Expected condition failed: waiting for ICar.support.WaitUtils$4@3e310ae5 (tried for 8 second(s) with 500 milliseconds interval)</small> </font> </div>
<div class="test-event"> <font color="maroon"> <small> &emsp; &emsp;--- 15 Oct 11:37:19 796 - <b>8</b> - Spinner Load Wait: (Sync) - ICar.support.WaitUtils.waitForSpinner(WaitUtils.java:225)</small> </font> </div>
<div class="test-event"> <font color="maroon"> <small> &emsp; &emsp;--- 15 Oct 11:37:19 842 - Element is displayed:: [[ChromeDriver: chrome on WINDOWS (260d696144699f282c7e38e3184b83ef)] -> xpath: (//table[@class='forceRecordLayout slds-table slds-no-row-hover slds-table_cell-buffer slds-table_fixed-layout uiVirtualDataGrid--default uiVirtualDataGrid'])[1]/tbody/tr/th/div/a]</small> </font> </div>
<div class="test-message">&emsp;Information about the committee member displayed&emsp;<a href=".\ScreenShot\B2B1000_TC01_1254439980785100.png" target="_blank" >[ScreenShot]</a></div>
<div class="test-event"> <font color="maroon"> <small> &emsp; &emsp;--- 15 Oct 11:37:25 199 - Page URL:: https://my.icarstage.com/s/detail/a371i000000ir8rqaa</small> </font> </div>
<div class="test-event"> <font color="maroon"> <small> &emsp; &emsp;--- 15 Oct 11:37:25 199 - <b>0</b> - Page Load Wait: (Sync) - ICar.support.Utils.waitForPageLoad(Utils.java:109)</small> </font> </div>
<div class="test-event"> <font color="maroon"> <small> &emsp; &emsp;--- 15 Oct 11:37:33 507 - Catched spinner load exception due to Expected condition failed: waiting for ICar.support.WaitUtils$4@3e310ae5 (tried for 8 second(s) with 500 milliseconds interval)</small> </font> </div>
<div class="test-event"> <font color="maroon"> <small> &emsp; &emsp;--- 15 Oct 11:37:33 507 - <b>8</b> - Spinner Load Wait: (Sync) - ICar.support.WaitUtils.waitForSpinner(WaitUtils.java:225)</small> </font> </div>
<div class="test-event"> <font color="maroon"> <small> &emsp; &emsp;--- 15 Oct 11:37:33 539 - Element is displayed:: [[ChromeDriver: chrome on WINDOWS (260d696144699f282c7e38e3184b83ef)] -> xpath: //span[@class='test-id__field-value slds-form-element__static slds-grow word-break-ie11 is-read-only']]</small> </font> </div>
<div class="test-message">&emsp;Active committee member details are displayed in read-only format&emsp;<a href=".\ScreenShot\B2B1000_TC01_1254448737903100.png" target="_blank" >[ScreenShot]</a></div>
<div class="test-event"> <font color="maroon"> <small> &emsp; &emsp;--- 15 Oct 11:37:33 932 - Page URL:: https://my.icarstage.com/s/detail/a371i000000ir8rqaa</small> </font> </div>
<div class="test-event"> <font color="maroon"> <small> &emsp; &emsp;--- 15 Oct 11:37:33 933 - <b>0</b> - Page Load Wait: (Sync) - ICar.support.Utils.waitForPageLoad(Utils.java:109)</small> </font> </div>
<div class="test-event"> <font color="maroon"> <small> &emsp; &emsp;--- 15 Oct 11:37:42 284 - Catched spinner load exception due to Expected condition failed: waiting for ICar.support.WaitUtils$4@3e310ae5 (tried for 8 second(s) with 500 milliseconds interval)</small> </font> </div>
<div class="test-event"> <font color="maroon"> <small> &emsp; &emsp;--- 15 Oct 11:37:42 285 - <b>8</b> - Spinner Load Wait: (Sync) - ICar.support.WaitUtils.waitForSpinner(WaitUtils.java:225)</small> </font> </div>
<div class="test-event"> <font color="maroon"> <small> &emsp; &emsp;--- 15 Oct 11:37:42 343 - Element is displayed:: [[ChromeDriver: chrome on WINDOWS (260d696144699f282c7e38e3184b83ef)] -> xpath: //span[@class='test-id__field-value slds-form-element__static slds-grow word-break-ie11 is-read-only']//div//a]</small> </font> </div>
<div class="test-event"> <font color="maroon"> <small> &emsp; &emsp;--- 15 Oct 11:37:42 421 - Element is displayed:: [[ChromeDriver: chrome on WINDOWS (260d696144699f282c7e38e3184b83ef)] -> xpath: //span[@class='test-id__field-value slds-form-element__static slds-grow word-break-ie11 is-read-only']//div//a]</small> </font> </div>
<div class="test-message">&emsp;Click on committee link takes committee officer to Home page&emsp;<a href=".\ScreenShot\B2B1000_TC01_1254462686162000.png" target="_blank" >[ScreenShot]</a></div>
<div class="test-event"> <font color="maroon"> <small> &emsp; &emsp;--- 15 Oct 11:37:47 962 - Page URL:: https://my.icarstage.com/s/committee/a381i0000006tc9qai/5400799</small> </font> </div>
<div class="test-event"> <font color="maroon"> <small> &emsp; &emsp;--- 15 Oct 11:37:47 962 - <b>0</b> - Page Load Wait: (Sync) - ICar.support.Utils.waitForPageLoad(Utils.java:109)</small> </font> </div>
<div class="test-event"> <font color="maroon"> <small> &emsp; &emsp;--- 15 Oct 11:37:56 341 - Catched spinner load exception due to Expected condition failed: waiting for ICar.support.WaitUtils$4@3e310ae5 (tried for 8 second(s) with 500 milliseconds interval)</small> </font> </div>
<div class="test-event"> <font color="maroon"> <small> &emsp; &emsp;--- 15 Oct 11:37:56 341 - <b>8</b> - Spinner Load Wait: (Sync) - ICar.support.WaitUtils.waitForSpinner(WaitUtils.java:225)</small> </font> </div>
<div class="test-event"> <font color="maroon"> <small> &emsp; &emsp;--- 15 Oct 11:37:56 405 - Element is displayed:: [[ChromeDriver: chrome on WINDOWS (260d696144699f282c7e38e3184b83ef)] -> xpath: //span[text()='Committee Members (Active Committee Member)']/parent::span]</small> </font> </div>
<div class="test-event"> <font color="maroon"> <small> &emsp; &emsp;--- 15 Oct 11:37:58 527 - Element is displayed:: [[ChromeDriver: chrome on WINDOWS (260d696144699f282c7e38e3184b83ef)] -> xpath: //span[text()='Committee Members (Active Committee Member)']/parent::span]</small> </font> </div>
<div class="test-event"> <font color="maroon"> <small> &emsp; &emsp;--- 15 Oct 11:38:03 590 - Page URL:: https://my.icarstage.com/s/committee/related/a381i0000006tc9qai/committee_members1__r</small> </font> </div>
<div class="test-event"> <font color="maroon"> <small> &emsp; &emsp;--- 15 Oct 11:38:03 590 - Page Load Wait </small> </font> </div>
<div class="test-event"> <font color="maroon"> <small> &emsp; &emsp;--- 15 Oct 11:38:03 672 - Element is displayed:: [[ChromeDriver: chrome on WINDOWS (260d696144699f282c7e38e3184b83ef)] -> xpath: (//table[contains(@aria-label,'Committee')])[last()]/thead/tr/th/div/a/span[2]]</small> </font> </div>
<div class="test-message">&emsp;All columns header are displayed on-clicking view all link of active committee member&emsp;<a href=".\ScreenShot\B2B1000_TC01_1254478965289500.png" target="_blank" >[ScreenShot]</a></div>
<div class="test-message">&emsp;Click access committee portal link</div>
<div class="test-event"> <font color="maroon"> <small> &emsp; &emsp;--- 15 Oct 11:38:22 317 - Element is displayed:: [[ChromeDriver: chrome on WINDOWS (260d696144699f282c7e38e3184b83ef)] -> xpath: //a[text()='Access Committee Portal']]</small> </font> </div>
<div class="test-event"> <font color="maroon"> <small> &emsp; &emsp;--- 15 Oct 11:38:24 426 - Element is displayed:: [[ChromeDriver: chrome on WINDOWS (260d696144699f282c7e38e3184b83ef)] -> xpath: //a[text()='Access Committee Portal']]</small> </font> </div>
<div class="test-event"> <font color="maroon"> <small> &emsp; &emsp;--- 15 Oct 11:38:47 480 - Catched spinner load exception due to Expected condition failed: waiting for ICar.support.WaitUtils$4@3e310ae5 (tried for 15 second(s) with 500 milliseconds interval)</small> </font> </div>
<div class="test-event"> <font color="maroon"> <small> &emsp; &emsp;--- 15 Oct 11:38:47 480 - <b>15</b> - Spinner Load Wait: (Sync) - ICar.support.WaitUtils.waitForSpinner(WaitUtils.java:225)</small> </font> </div>
<div class="test-event"> <font color="maroon"> <small> &emsp; &emsp;--- 15 Oct 11:38:47 663 - Page URL:: https://my.icarstage.com/s/committee/a381i0000006tc9qai/5400799</small> </font> </div>
<div class="test-event"> <font color="maroon"> <small> &emsp; &emsp;--- 15 Oct 11:38:47 663 - <b>0</b> - Page Load Wait: (Sync) - ICar.support.Utils.waitForPageLoad(Utils.java:109)</small> </font> </div>
<div class="test-event"> <font color="maroon"> <small> &emsp; &emsp;--- 15 Oct 11:38:56 057 - Catched spinner load exception due to Expected condition failed: waiting for ICar.support.WaitUtils$4@3e310ae5 (tried for 8 second(s) with 500 milliseconds interval)</small> </font> </div>
<div class="test-event"> <font color="maroon"> <small> &emsp; &emsp;--- 15 Oct 11:38:56 057 - <b>8</b> - Spinner Load Wait: (Sync) - ICar.support.WaitUtils.waitForSpinner(WaitUtils.java:225)</small> </font> </div>
<div class="test-event"> <font color="maroon"> <small> &emsp; &emsp;--- 15 Oct 11:38:56 117 - Element is displayed:: [[ChromeDriver: chrome on WINDOWS (260d696144699f282c7e38e3184b83ef)] -> xpath: //span[text()='Committee Goals (Active Goals)']/parent::span]</small> </font> </div>
<div class="test-event"> <font color="maroon"> <small> &emsp; &emsp;--- 15 Oct 11:38:58 228 - Element is displayed:: [[ChromeDriver: chrome on WINDOWS (260d696144699f282c7e38e3184b83ef)] -> xpath: //span[text()='Committee Goals (Active Goals)']/parent::span]</small> </font> </div>
<div class="test-event"> <font color="maroon"> <small> &emsp; &emsp;--- 15 Oct 11:39:03 336 - Page URL:: https://my.icarstage.com/s/committee/related/a381i0000006tc9qai/committee_goals1__r</small> </font> </div>
<div class="test-event"> <font color="maroon"> <small> &emsp; &emsp;--- 15 Oct 11:39:03 336 - Page Load Wait </small> </font> </div>
<div class="test-event"> <font color="maroon"> <small> &emsp; &emsp;--- 15 Oct 11:39:03 374 - Element is displayed:: [[ChromeDriver: chrome on WINDOWS (260d696144699f282c7e38e3184b83ef)] -> xpath: (//table[contains(@aria-label,'Committee')])[last()]/thead/tr/th/div/a/span[2]]</small> </font> </div>
<div class="test-message">&emsp;All column header such as "Committee Goal Name", "Goal Completed", "Accomplishment date 1", "Accomplishment date 2", "Accomplishment date 3", "Accomplishment date 4are displayed in active committee Goal home page&emsp;<a href=".\ScreenShot\B2B1000_TC01_1254538621536900.png" target="_blank" >[ScreenShot]</a></div>
<div class="test-event"> <font color="maroon"> <small> &emsp; &emsp;--- 15 Oct 11:39:03 943 - Page URL:: https://my.icarstage.com/s/committee/related/a381i0000006tc9qai/committee_goals1__r</small> </font> </div>
<div class="test-event"> <font color="maroon"> <small> &emsp; &emsp;--- 15 Oct 11:39:03 944 - <b>0</b> - Page Load Wait: (Sync) - ICar.support.Utils.waitForPageLoad(Utils.java:109)</small> </font> </div>
<div class="test-event"> <font color="maroon"> <small> &emsp; &emsp;--- 15 Oct 11:39:12 349 - Catched spinner load exception due to Expected condition failed: waiting for ICar.support.WaitUtils$4@3e310ae5 (tried for 8 second(s) with 500 milliseconds interval)</small> </font> </div>
<div class="test-event"> <font color="maroon"> <small> &emsp; &emsp;--- 15 Oct 11:39:12 349 - <b>8</b> - Spinner Load Wait: (Sync) - ICar.support.WaitUtils.waitForSpinner(WaitUtils.java:225)</small> </font> </div>
<div class="test-event"> <font color="maroon"> <small> &emsp; &emsp;--- 15 Oct 11:39:12 401 - Element is displayed:: [[ChromeDriver: chrome on WINDOWS (260d696144699f282c7e38e3184b83ef)] -> xpath: (//table[@aria-label='Committee Goals (Active Goals)'])[last()]/tbody/tr/th/span/a|(//table[@aria-label='Committee Goals (Active Goals)'])[last()]/tbody/tr/th//a]</small> </font> </div>
<div class="test-message">&emsp;Active Goal details are displayed&emsp;<a href=".\ScreenShot\B2B1000_TC01_1254552535481700.png" target="_blank" >[ScreenShot]</a></div>
<div class="test-event"> <font color="maroon"> <small> &emsp; &emsp;--- 15 Oct 11:39:17 787 - Page URL:: https://my.icarstage.com/s/detail/a5q8w000000h9u4qac</small> </font> </div>
<div class="test-event"> <font color="maroon"> <small> &emsp; &emsp;--- 15 Oct 11:39:17 788 - <b>0</b> - Page Load Wait: (Sync) - ICar.support.Utils.waitForPageLoad(Utils.java:109)</small> </font> </div>
<div class="test-event"> <font color="maroon"> <small> &emsp; &emsp;--- 15 Oct 11:39:26 144 - Catched spinner load exception due to Expected condition failed: waiting for ICar.support.WaitUtils$4@3e310ae5 (tried for 8 second(s) with 500 milliseconds interval)</small> </font> </div>
<div class="test-event"> <font color="maroon"> <small> &emsp; &emsp;--- 15 Oct 11:39:26 144 - <b>8</b> - Spinner Load Wait: (Sync) - ICar.support.WaitUtils.waitForSpinner(WaitUtils.java:225)</small> </font> </div>
<div class="test-event"> <font color="maroon"> <small> &emsp; &emsp;--- 15 Oct 11:39:26 195 - Element is displayed:: [[ChromeDriver: chrome on WINDOWS (260d696144699f282c7e38e3184b83ef)] -> xpath: //span[@class='test-id__field-value slds-form-element__static slds-grow word-break-ie11 is-read-only']]</small> </font> </div>
<div class="test-message">&emsp;Active Goal details are read-only&emsp;<a href=".\ScreenShot\B2B1000_TC01_1254561409521100.png" target="_blank" >[ScreenShot]</a></div>
<div class="test-event"> <font color="maroon"> <small> &emsp; &emsp;--- 15 Oct 11:39:26 656 - Page URL:: https://my.icarstage.com/s/detail/a5q8w000000h9u4qac</small> </font> </div>
<div class="test-event"> <font color="maroon"> <small> &emsp; &emsp;--- 15 Oct 11:39:26 656 - <b>0</b> - Page Load Wait: (Sync) - ICar.support.Utils.waitForPageLoad(Utils.java:109)</small> </font> </div>
<div class="test-event"> <font color="maroon"> <small> &emsp; &emsp;--- 15 Oct 11:39:35 045 - Catched spinner load exception due to Expected condition failed: waiting for ICar.support.WaitUtils$4@3e310ae5 (tried for 8 second(s) with 500 milliseconds interval)</small> </font> </div>
<div class="test-event"> <font color="maroon"> <small> &emsp; &emsp;--- 15 Oct 11:39:35 045 - <b>8</b> - Spinner Load Wait: (Sync) - ICar.support.WaitUtils.waitForSpinner(WaitUtils.java:225)</small> </font> </div>
<div class="test-event"> <font color="maroon"> <small> &emsp; &emsp;--- 15 Oct 11:39:35 103 - Element is displayed:: [[ChromeDriver: chrome on WINDOWS (260d696144699f282c7e38e3184b83ef)] -> xpath: //span[text()='Committee']//following::div[1]//span//slot//force-lookup//div//records-hoverable-link//div//a]</small> </font> </div>
<div class="test-event"> <font color="maroon"> <small> &emsp; &emsp;--- 15 Oct 11:39:37 237 - Element is displayed:: [[ChromeDriver: chrome on WINDOWS (260d696144699f282c7e38e3184b83ef)] -> xpath: //span[text()='Committee']//following::div[1]//span//slot//force-lookup//div//records-hoverable-link//div//a]</small> </font> </div>
<div class="test-message">&emsp;Successfully clicked on 'Committee' hyper link in committee Goal page</div>
<div class="test-event"> <font color="maroon"> <small> &emsp; &emsp;--- 15 Oct 11:39:42 484 - Page URL:: https://my.icarstage.com/s/committee/a381i0000006tc9qai/5400799</small> </font> </div>
<div class="test-event"> <font color="maroon"> <small> &emsp; &emsp;--- 15 Oct 11:39:42 485 - <b>0</b> - Page Load Wait: (Sync) - ICar.support.Utils.waitForPageLoad(Utils.java:109)</small> </font> </div>
<div class="test-event"> <font color="maroon"> <small> &emsp; &emsp;--- 15 Oct 11:39:50 943 - Catched spinner load exception due to Expected condition failed: waiting for ICar.support.WaitUtils$4@3e310ae5 (tried for 8 second(s) with 500 milliseconds interval)</small> </font> </div>
<div class="test-event"> <font color="maroon"> <small> &emsp; &emsp;--- 15 Oct 11:39:50 944 - <b>8</b> - Spinner Load Wait: (Sync) - ICar.support.WaitUtils.waitForSpinner(WaitUtils.java:225)</small> </font> </div>
<div class="test-event"> <font color="maroon"> <small> &emsp; &emsp;--- 15 Oct 11:39:53 064 - Element is displayed:: [[ChromeDriver: chrome on WINDOWS (260d696144699f282c7e38e3184b83ef)] -> xpath: //span[text()='Committee Code']//following::div[1]//span//slot//lightning-formatted-text]</small> </font> </div>
<div class="test-message">&emsp;Committee code displayed as 540-0799</div>
<div class="test-message">&emsp;Committee code displayed as 540-0799 El Paso, TX</div>
<div class="test-message">&emsp;Committee description displayed as committee</div>
<div class="test-message">&emsp;Landed on committee Home page&emsp;<a href=".\ScreenShot\B2B1000_TC01_1254588219781700.png" target="_blank" >[ScreenShot]</a></div>
<div class="test-message">&emsp;Click on view link of active goal in committee home page</div>
<div class="test-event"> <font color="maroon"> <small> &emsp; &emsp;--- 15 Oct 11:39:53 537 - Page URL:: https://my.icarstage.com/s/committee/a381i0000006tc9qai/5400799</small> </font> </div>
<div class="test-event"> <font color="maroon"> <small> &emsp; &emsp;--- 15 Oct 11:39:53 537 - <b>0</b> - Page Load Wait: (Sync) - ICar.support.Utils.waitForPageLoad(Utils.java:109)</small> </font> </div>
<div class="test-event"> <font color="maroon"> <small> &emsp; &emsp;--- 15 Oct 11:40:01 884 - Catched spinner load exception due to Expected condition failed: waiting for ICar.support.WaitUtils$4@3e310ae5 (tried for 8 second(s) with 500 milliseconds interval)</small> </font> </div>
<div class="test-event"> <font color="maroon"> <small> &emsp; &emsp;--- 15 Oct 11:40:01 885 - <b>8</b> - Spinner Load Wait: (Sync) - ICar.support.WaitUtils.waitForSpinner(WaitUtils.java:225)</small> </font> </div>
<div class="test-event"> <font color="maroon"> <small> &emsp; &emsp;--- 15 Oct 11:40:01 940 - Element is displayed:: [[ChromeDriver: chrome on WINDOWS (260d696144699f282c7e38e3184b83ef)] -> xpath: //span[text()='Committee Goals (Active Goals)']/parent::span]</small> </font> </div>
<div class="test-event"> <font color="maroon"> <small> &emsp; &emsp;--- 15 Oct 11:40:04 061 - Element is displayed:: [[ChromeDriver: chrome on WINDOWS (260d696144699f282c7e38e3184b83ef)] -> xpath: //span[text()='Committee Goals (Active Goals)']/parent::span]</small> </font> </div>
<div class="test-event"> <font color="maroon"> <small> &emsp; &emsp;--- 15 Oct 11:40:09 188 - Page URL:: https://my.icarstage.com/s/committee/related/a381i0000006tc9qai/committee_goals1__r</small> </font> </div>
<div class="test-event"> <font color="maroon"> <small> &emsp; &emsp;--- 15 Oct 11:40:09 188 - Page Load Wait </small> </font> </div>
<div class="test-event"> <font color="maroon"> <small> &emsp; &emsp;--- 15 Oct 11:40:09 229 - Element is displayed:: [[ChromeDriver: chrome on WINDOWS (260d696144699f282c7e38e3184b83ef)] -> xpath: (//table[contains(@aria-label,'Committee')])[last()]/thead/tr/th/div/a/span[2]]</small> </font> </div>
<div class="test-message">&emsp;Click on active Goal</div>
<div class="test-event"> <font color="maroon"> <small> &emsp; &emsp;--- 15 Oct 11:40:09 538 - Page URL:: https://my.icarstage.com/s/committee/related/a381i0000006tc9qai/committee_goals1__r</small> </font> </div>
<div class="test-event"> <font color="maroon"> <small> &emsp; &emsp;--- 15 Oct 11:40:09 539 - <b>0</b> - Page Load Wait: (Sync) - ICar.support.Utils.waitForPageLoad(Utils.java:109)</small> </font> </div>
<div class="test-event"> <font color="maroon"> <small> &emsp; &emsp;--- 15 Oct 11:40:17 930 - Catched spinner load exception due to Expected condition failed: waiting for ICar.support.WaitUtils$4@3e310ae5 (tried for 8 second(s) with 500 milliseconds interval)</small> </font> </div>
<div class="test-event"> <font color="maroon"> <small> &emsp; &emsp;--- 15 Oct 11:40:17 930 - <b>8</b> - Spinner Load Wait: (Sync) - ICar.support.WaitUtils.waitForSpinner(WaitUtils.java:225)</small> </font> </div>
<div class="test-event"> <font color="maroon"> <small> &emsp; &emsp;--- 15 Oct 11:40:17 980 - Element is displayed:: [[ChromeDriver: chrome on WINDOWS (260d696144699f282c7e38e3184b83ef)] -> xpath: (//table[@aria-label='Committee Goals (Active Goals)'])[last()]/tbody/tr/th/span/a|(//table[@aria-label='Committee Goals (Active Goals)'])[last()]/tbody/tr/th//a]</small> </font> </div>
<div class="test-event"> <font color="maroon"> <small> &emsp; &emsp;--- 15 Oct 11:40:23 195 - Page URL:: https://my.icarstage.com/s/detail/a5q8w000000h9u4qac</small> </font> </div>
<div class="test-event"> <font color="maroon"> <small> &emsp; &emsp;--- 15 Oct 11:40:23 195 - <b>0</b> - Page Load Wait: (Sync) - ICar.support.Utils.waitForPageLoad(Utils.java:109)</small> </font> </div>
<div class="test-event"> <font color="maroon"> <small> &emsp; &emsp;--- 15 Oct 11:40:31 589 - Catched spinner load exception due to Expected condition failed: waiting for ICar.support.WaitUtils$4@3e310ae5 (tried for 8 second(s) with 500 milliseconds interval)</small> </font> </div>
<div class="test-event"> <font color="maroon"> <small> &emsp; &emsp;--- 15 Oct 11:40:31 589 - <b>8</b> - Spinner Load Wait: (Sync) - ICar.support.WaitUtils.waitForSpinner(WaitUtils.java:225)</small> </font> </div>
<div class="test-event"> <font color="maroon"> <small> &emsp; &emsp;--- 15 Oct 11:40:31 647 - Element is displayed:: [[ChromeDriver: chrome on WINDOWS (260d696144699f282c7e38e3184b83ef)] -> xpath: //span[text()='Active Goals']//following::div[1]//span//slot//force-lookup//div//records-hoverable-link//div//a]</small> </font> </div>
<div class="test-event"> <font color="maroon"> <small> &emsp; &emsp;--- 15 Oct 11:40:33 760 - Element is displayed:: [[ChromeDriver: chrome on WINDOWS (260d696144699f282c7e38e3184b83ef)] -> xpath: //span[text()='Active Goals']//following::div[1]//span//slot//force-lookup//div//records-hoverable-link//div//a]</small> </font> </div>
<div class="test-message">&emsp;Successfully clicked on 'Active Goal' hyper link in committee Goal page&emsp;<a href=".\ScreenShot\B2B1000_TC01_1254633931370600.png" target="_blank" >[ScreenShot]</a></div>
<div class="test-event"> <font color="maroon"> <small> &emsp; &emsp;--- 15 Oct 11:40:39 146 - Page URL:: https://my.icarstage.com/s/committee/a381i0000006tc9qai/5400799</small> </font> </div>
<div class="test-event"> <font color="maroon"> <small> &emsp; &emsp;--- 15 Oct 11:40:39 146 - <b>0</b> - Page Load Wait: (Sync) - ICar.support.Utils.waitForPageLoad(Utils.java:109)</small> </font> </div>
<div class="test-event"> <font color="maroon"> <small> &emsp; &emsp;--- 15 Oct 11:40:47 486 - Catched spinner load exception due to Expected condition failed: waiting for ICar.support.WaitUtils$4@3e310ae5 (tried for 8 second(s) with 500 milliseconds interval)</small> </font> </div>
<div class="test-event"> <font color="maroon"> <small> &emsp; &emsp;--- 15 Oct 11:40:47 487 - <b>8</b> - Spinner Load Wait: (Sync) - ICar.support.WaitUtils.waitForSpinner(WaitUtils.java:225)</small> </font> </div>
<div class="test-event"> <font color="maroon"> <small> &emsp; &emsp;--- 15 Oct 11:40:49 572 - Element is displayed:: [[ChromeDriver: chrome on WINDOWS (260d696144699f282c7e38e3184b83ef)] -> xpath: //span[text()='Committee Code']//following::div[1]//span//slot//lightning-formatted-text]</small> </font> </div>
<div class="test-message">&emsp;Committee code displayed as 540-0799</div>
<div class="test-message">&emsp;Committee code displayed as 540-0799 El Paso, TX</div>
<div class="test-message">&emsp;Committee description displayed as committee</div>
<div class="test-message">&emsp;Landed on committee Home page&emsp;<a href=".\ScreenShot\B2B1000_TC01_1254644725377900.png" target="_blank" >[ScreenShot]</a></div>
<div class="test-result"><br><font color="green"><strong> Test Passed. </strong></font> </div>&emsp;
&emsp;<div class="test-title"> <strong><font size = "3" color = "#0000FF">---Test Execution Ends---</font> </strong> </div>&emsp;
<div class="test-event"> <font color="maroon"> <small> &emsp; &emsp;--- 15 Oct 11:40:50 743 - TestCaseID:: B2B1000_TC02</small> </font> </div>
<div class="test-event"> <font color="maroon"> <small> &emsp; &emsp;--- 15 Oct 11:40:52 555 - <b>1</b> - Driver::initialize::Get - ICar.support.WebDriverFactory.getDriver(WebDriverFactory.java:640)</small> </font> </div>
&emsp;<div class="test-title"> <strong><font size = "3" color = "#000080">End dating a committee Officer Role will remove the user from accessing the Committee Ofiicer Portal page</font> </strong> </div>&emsp;<div><strong>Steps:</strong></div><!-- Report -->&emsp;
<div class="test-event"> <font color="maroon"> <small> &emsp; &emsp;--- 15 Oct 11:40:57 931 - Page URL:: https://i-car--staging.sandbox.my.salesforce.com/</small> </font> </div>
<div class="test-event"> <font color="maroon"> <small> &emsp; &emsp;--- 15 Oct 11:40:57 931 - <b>0</b> - Page Load Wait: (Sync) - ICar.support.Utils.waitForPageLoad(Utils.java:109)</small> </font> </div>
<div class="test-event"> <font color="maroon"> <small> &emsp; &emsp;--- 15 Oct 11:41:11 241 - Page URL:: https://i-car--staging.sandbox.my.salesforce.com/</small> </font> </div>
<div class="test-event"> <font color="maroon"> <small> &emsp; &emsp;--- 15 Oct 11:41:11 241 - <b>0</b> - Page Load Wait: (Sync) - ICar.support.Utils.waitForPageLoad(Utils.java:109)</small> </font> </div>
<div class="test-message">&emsp;Successfully navigated to 'Login' Page&emsp;<a href=".\ScreenShot\B2B1000_TC02_1254666323909500.png" target="_blank" >[ScreenShot]</a></div>
<div class="test-message">&emsp;1. Login page is launched.</div>
<div class="test-event"> <font color="maroon"> <small> &emsp; &emsp;--- 15 Oct 11:41:11 470 - Element is displayed:: [[ChromeDriver: chrome on WINDOWS (e9e6434d9bbba587fc3ee34ef0d40850)] -> id: username]</small> </font> </div>
<div class="test-event"> <font color="maroon"> <small> &emsp; &emsp;--- 15 Oct 11:41:11 542 - Element is displayed:: [[ChromeDriver: chrome on WINDOWS (e9e6434d9bbba587fc3ee34ef0d40850)] -> id: username]</small> </font> </div>
<div class="test-event"> <font color="maroon"> <small> &emsp; &emsp;--- 15 Oct 11:41:11 913 - Element is displayed:: [[ChromeDriver: chrome on WINDOWS (e9e6434d9bbba587fc3ee34ef0d40850)] -> id: password]</small> </font> </div>
<div class="test-event"> <font color="maroon"> <small> &emsp; &emsp;--- 15 Oct 11:41:12 149 - Element is displayed:: [[ChromeDriver: chrome on WINDOWS (e9e6434d9bbba587fc3ee34ef0d40850)] -> id: Login]</small> </font> </div>
<div class="test-event"> <font color="maroon"> <small> &emsp; &emsp;--- 15 Oct 11:41:50 848 - Catched spinner load exception due to Expected condition failed: waiting for ICar.support.WaitUtils$4@3e310ae5 (tried for 13 second(s) with 500 milliseconds interval)</small> </font> </div>
<div class="test-event"> <font color="maroon"> <small> &emsp; &emsp;--- 15 Oct 11:41:50 848 - <b>13</b> - Spinner Load Wait: (Sync) - ICar.support.WaitUtils.waitForSpinner(WaitUtils.java:225)</small> </font> </div>
<div class="test-event"> <font color="maroon"> <small> &emsp; &emsp;--- 15 Oct 11:42:09 374 - Catched spinner load exception due to Expected condition failed: waiting for ICar.support.WaitUtils$4@3e310ae5 (tried for 6 second(s) with 500 milliseconds interval)</small> </font> </div>
<div class="test-event"> <font color="maroon"> <small> &emsp; &emsp;--- 15 Oct 11:42:09 374 - <b>6</b> - Spinner Load Wait: (Sync) - ICar.support.WaitUtils.waitForSpinner(WaitUtils.java:225)</small> </font> </div>
<div class="test-event"> <font color="maroon"> <small> &emsp; &emsp;--- 15 Oct 11:42:09 457 - Element is displayed:: [[ChromeDriver: chrome on WINDOWS (e9e6434d9bbba587fc3ee34ef0d40850)] -> css selector: button[class*='search-button']]</small> </font> </div>
<div class="test-message">&emsp;2. Navigate to 'SalesForce Page'</div>
<div class="test-event"> <font color="maroon"> <small> &emsp; &emsp;--- 15 Oct 11:42:09 790 - Page URL:: https://i-car--staging.sandbox.lightning.force.com/lightning/r/contact/0031i00000oeifqqaa/view</small> </font> </div>
<div class="test-event"> <font color="maroon"> <small> &emsp; &emsp;--- 15 Oct 11:42:09 791 - <b>0</b> - Page Load Wait: (Sync) - ICar.support.Utils.waitForPageLoad(Utils.java:109)</small> </font> </div>
<div class="test-event"> <font color="maroon"> <small> &emsp; &emsp;--- 15 Oct 11:42:15 102 - Page URL:: https://i-car--staging.sandbox.lightning.force.com/lightning/r/contact/0031i00000oeifqqaa/view</small> </font> </div>
<div class="test-event"> <font color="maroon"> <small> &emsp; &emsp;--- 15 Oct 11:42:15 102 - <b>0</b> - Page Load Wait: (Sync) - ICar.support.Utils.waitForPageLoad(Utils.java:109)</small> </font> </div>
<div class="test-message">&emsp;Successfully navigated to 'Login' Page&emsp;<a href=".\ScreenShot\B2B1000_TC02_1254734328117800.png" target="_blank" >[ScreenShot]</a></div>
<div class="test-event"> <font color="maroon"> <small> &emsp; &emsp;--- 15 Oct 11:42:25 024 - Catched spinner load exception due to Expected condition failed: waiting for ICar.support.WaitUtils$4@3e310ae5 (tried for 5 second(s) with 500 milliseconds interval)</small> </font> </div>
<div class="test-event"> <font color="maroon"> <small> &emsp; &emsp;--- 15 Oct 11:42:25 025 - <b>5</b> - Spinner Load Wait: (Sync) - ICar.support.WaitUtils.waitForSpinner(WaitUtils.java:225)</small> </font> </div>
<div class="test-event"> <font color="maroon"> <small> &emsp; &emsp;--- 15 Oct 11:42:25 191 - Page URL:: https://i-car--staging.sandbox.lightning.force.com/lightning/o/committee__c/list?filtername=__recent</small> </font> </div>
<div class="test-event"> <font color="maroon"> <small> &emsp; &emsp;--- 15 Oct 11:42:25 191 - <b>0</b> - Page Load Wait: (Sync) - ICar.support.Utils.waitForPageLoad(Utils.java:109)</small> </font> </div>
<div class="test-event"> <font color="maroon"> <small> &emsp; &emsp;--- 15 Oct 11:42:25 263 - Element is displayed:: [[ChromeDriver: chrome on WINDOWS (e9e6434d9bbba587fc3ee34ef0d40850)] -> xpath: //div[contains(@class,'appLauncher ')]//button]</small> </font> </div>
<div class="test-event"> <font color="maroon"> <small> &emsp; &emsp;--- 15 Oct 11:42:25 345 - Element is displayed:: [[ChromeDriver: chrome on WINDOWS (e9e6434d9bbba587fc3ee34ef0d40850)] -> xpath: //div[contains(@class,'appLauncher ')]//button]</small> </font> </div>
<div class="test-event"> <font color="maroon"> <small> &emsp; &emsp;--- 15 Oct 11:42:26 905 - Element is displayed:: [[ChromeDriver: chrome on WINDOWS (e9e6434d9bbba587fc3ee34ef0d40850)] -> xpath: //input[@placeholder='Search apps and items...']]</small> </font> </div>
<div class="test-event"> <font color="maroon"> <small> &emsp; &emsp;--- 15 Oct 11:42:26 978 - Element is displayed:: [[ChromeDriver: chrome on WINDOWS (e9e6434d9bbba587fc3ee34ef0d40850)] -> xpath: //input[@placeholder='Search apps and items...']]</small> </font> </div>
<div class="test-event"> <font color="maroon"> <small> &emsp; &emsp;--- 15 Oct 11:42:30 290 - Element is displayed:: [[ChromeDriver: chrome on WINDOWS (e9e6434d9bbba587fc3ee34ef0d40850)] -> xpath: //lightning-formatted-rich-text/span/p/b[text()='Committees']]</small> </font> </div>
<div class="test-event"> <font color="maroon"> <small> &emsp; &emsp;--- 15 Oct 11:42:33 346 - Element is displayed:: [[ChromeDriver: chrome on WINDOWS (e9e6434d9bbba587fc3ee34ef0d40850)] -> xpath: //lightning-formatted-rich-text/span/p/b[text()='Committees']]</small> </font> </div>
<div class="test-event"> <font color="maroon"> <small> &emsp; &emsp;--- 15 Oct 11:42:33 636 - Page URL:: https://i-car--staging.sandbox.lightning.force.com/lightning/o/committee__c/home</small> </font> </div>
<div class="test-event"> <font color="maroon"> <small> &emsp; &emsp;--- 15 Oct 11:42:33 637 - <b>0</b> - Page Load Wait: (Sync) - ICar.support.Utils.waitForPageLoad(Utils.java:109)</small> </font> </div>
<div class="test-event"> <font color="maroon"> <small> &emsp; &emsp;--- 15 Oct 11:42:38 844 - Catched spinner load exception due to Expected condition failed: waiting for ICar.support.WaitUtils$4@3e310ae5 (tried for 5 second(s) with 500 milliseconds interval)</small> </font> </div>
<div class="test-event"> <font color="maroon"> <small> &emsp; &emsp;--- 15 Oct 11:42:38 845 - <b>5</b> - Spinner Load Wait: (Sync) - ICar.support.WaitUtils.waitForSpinner(WaitUtils.java:225)</small> </font> </div>
<div class="test-event"> <font color="maroon"> <small> &emsp; &emsp;--- 15 Oct 11:42:39 002 - Page URL:: https://i-car--staging.sandbox.lightning.force.com/lightning/o/committee__c/list?filtername=__recent</small> </font> </div>
<div class="test-event"> <font color="maroon"> <small> &emsp; &emsp;--- 15 Oct 11:42:39 004 - <b>0</b> - Page Load Wait: (Sync) - ICar.support.Utils.waitForPageLoad(Utils.java:109)</small> </font> </div>
<div class="test-event"> <font color="maroon"> <small> &emsp; &emsp;--- 15 Oct 11:42:39 072 - Element is displayed:: [[ChromeDriver: chrome on WINDOWS (e9e6434d9bbba587fc3ee34ef0d40850)] -> xpath: //div[contains(@class,'appLauncher ')]//button]</small> </font> </div>
<div class="test-event"> <font color="maroon"> <small> &emsp; &emsp;--- 15 Oct 11:42:39 127 - Element is displayed:: [[ChromeDriver: chrome on WINDOWS (e9e6434d9bbba587fc3ee34ef0d40850)] -> xpath: //div[contains(@class,'appLauncher ')]//button]</small> </font> </div>
<div class="test-event"> <font color="maroon"> <small> &emsp; &emsp;--- 15 Oct 11:42:39 373 - Element is displayed:: [[ChromeDriver: chrome on WINDOWS (e9e6434d9bbba587fc3ee34ef0d40850)] -> xpath: //input[@placeholder='Search apps and items...']]</small> </font> </div>
<div class="test-event"> <font color="maroon"> <small> &emsp; &emsp;--- 15 Oct 11:42:39 445 - Element is displayed:: [[ChromeDriver: chrome on WINDOWS (e9e6434d9bbba587fc3ee34ef0d40850)] -> xpath: //input[@placeholder='Search apps and items...']]</small> </font> </div>
<div class="test-event"> <font color="maroon"> <small> &emsp; &emsp;--- 15 Oct 11:42:42 839 - Element is displayed:: [[ChromeDriver: chrome on WINDOWS (e9e6434d9bbba587fc3ee34ef0d40850)] -> xpath: //lightning-formatted-rich-text/span/p/b[text()='Committee Members']]</small> </font> </div>
<div class="test-event"> <font color="maroon"> <small> &emsp; &emsp;--- 15 Oct 11:42:45 878 - Element is displayed:: [[ChromeDriver: chrome on WINDOWS (e9e6434d9bbba587fc3ee34ef0d40850)] -> xpath: //lightning-formatted-rich-text/span/p/b[text()='Committee Members']]</small> </font> </div>
<div class="test-event"> <font color="maroon"> <small> &emsp; &emsp;--- 15 Oct 11:42:46 347 - Page URL:: https://i-car--staging.sandbox.lightning.force.com/lightning/o/committee_member__c/home</small> </font> </div>
<div class="test-event"> <font color="maroon"> <small> &emsp; &emsp;--- 15 Oct 11:42:46 347 - <b>0</b> - Page Load Wait: (Sync) - ICar.support.Utils.waitForPageLoad(Utils.java:109)</small> </font> </div>
<div class="test-message">&emsp;3. Enter the AccountName as : Adan Ibarra:540-0770 Houston Galveston, TX</div>
<div class="test-event"> <font color="maroon"> <small> &emsp; &emsp;--- 15 Oct 11:42:46 546 - Page URL:: https://i-car--staging.sandbox.lightning.force.com/lightning/o/committee_member__c/home</small> </font> </div>
<div class="test-event"> <font color="maroon"> <small> &emsp; &emsp;--- 15 Oct 11:42:46 546 - <b>0</b> - Page Load Wait: (Sync) - ICar.support.Utils.waitForPageLoad(Utils.java:109)</small> </font> </div>
<div class="test-event"> <font color="maroon"> <small> &emsp; &emsp;--- 15 Oct 11:42:46 644 - Element is displayed:: [[ChromeDriver: chrome on WINDOWS (e9e6434d9bbba587fc3ee34ef0d40850)] -> css selector: button[class*='search-button']]</small> </font> </div>
<div class="test-event"> <font color="maroon"> <small> &emsp; &emsp;--- 15 Oct 11:42:48 827 - Catched spinner load exception due to Expected condition failed: waiting for ICar.support.WaitUtils$4@3e310ae5 (tried for 2 second(s) with 500 milliseconds interval)</small> </font> </div>
<div class="test-event"> <font color="maroon"> <small> &emsp; &emsp;--- 15 Oct 11:42:48 827 - <b>2</b> - Spinner Load Wait: (Sync) - ICar.support.WaitUtils.waitForSpinner(WaitUtils.java:225)</small> </font> </div>
<div class="test-event"> <font color="maroon"> <small> &emsp; &emsp;--- 15 Oct 11:42:51 910 - Element is displayed:: [[ChromeDriver: chrome on WINDOWS (e9e6434d9bbba587fc3ee34ef0d40850)] -> css selector: button[class*='search-button']]</small> </font> </div>
<div class="test-event"> <font color="maroon"> <small> &emsp; &emsp;--- 15 Oct 11:42:52 442 - Page URL:: https://i-car--staging.sandbox.lightning.force.com/lightning/o/committee_member__c/home</small> </font> </div>
<div class="test-event"> <font color="maroon"> <small> &emsp; &emsp;--- 15 Oct 11:42:52 443 - <b>0</b> - Page Load Wait: (Sync) - ICar.support.Utils.waitForPageLoad(Utils.java:109)</small> </font> </div>
<div class="test-event"> <font color="maroon"> <small> &emsp; &emsp;--- 15 Oct 11:43:09 420 - Catched spinner load exception due to Expected condition failed: waiting for ICar.support.WaitUtils$4@3e310ae5 (tried for 10 second(s) with 500 milliseconds interval)</small> </font> </div>
<div class="test-event"> <font color="maroon"> <small> &emsp; &emsp;--- 15 Oct 11:43:09 420 - <b>10</b> - Spinner Load Wait: (Sync) - ICar.support.WaitUtils.waitForSpinner(WaitUtils.java:225)</small> </font> </div>
<div class="test-event"> <font color="maroon"> <small> &emsp; &emsp;--- 15 Oct 11:43:09 754 - Page URL:: https://i-car--staging.sandbox.lightning.force.com/one/one.app#eyjjb21wb25lbnrezwyioijmb3jjzvnlyxjjadpzzwfyy2hqywdlrgvza3rvccisimf0dhjpynv0zxmionsidgvybsi6ikfkyw4gswjhcnjhoju0mc0wnzcwiehvdxn0b24gr2fsdmvzdg9ulcbuwcisinnjb3bltwfwijp7inr5cguioijut1bfukvtvuxuuyisim5hbwvzcgfjzsi6iiisimxhymvsijoivg9wifjlc3vsdhmilcjsywjlbfbsdxjhbci6ilrvccbszxn1bhrziiwicmvzdwx0c0ntcci6imzvcmnlu2vhcmnoonbyzwrpy3rlzfjlc3vsdhmifswiy29udgv4dci6eyjgsuxurvjtijp7fswic2vhcmnou291cmnlijoiqvntsvnuqu5ux0rjquxpryisimrpc2fibgvjbnrlbnrrdwvyesi6zmfsc2usimrpc2fibgvtcgvsbenvcnjly3rpb24iomzhbhnllcjzzwfyy2heawfsb2dtzxnzaw9uswqioii0nthhn2e1yi0wzdrklwe2njitowrins01otziodk3ngrlogiilcjkzwj1z0luzm8ionsiyxbwtmftzsi6ikldyxjfu2vydmljzv9db25zb2xliiwiyxbwvhlwzsi6iknvbnnvbguilcjhchboyw1lc3bhy2uioijjiiwibg9jyxrpb24ioijmb3jjztpvymply3rib21lrgvza3rvccisinnvymply3ruexblijoiq29tbwl0dgvlx01lbwjlcl9fyyj9fswiz3jvdxbjzci6ikrfrkfvtfqifswic3rhdguiont9fq%3d%3d</small> </font> </div>
<div class="test-event"> <font color="maroon"> <small> &emsp; &emsp;--- 15 Oct 11:43:09 755 - <b>0</b> - Page Load Wait: (Sync) - ICar.support.Utils.waitForPageLoad(Utils.java:109)</small> </font> </div>
<div class="test-event"> <font color="maroon"> <small> &emsp; &emsp;--- 15 Oct 11:43:10 087 - Page URL:: https://i-car--staging.sandbox.lightning.force.com/one/one.app#eyjjb21wb25lbnrezwyioijmb3jjzvnlyxjjadpzzwfyy2hqywdlrgvza3rvccisimf0dhjpynv0zxmionsidgvybsi6ikfkyw4gswjhcnjhoju0mc0wnzcwiehvdxn0b24gr2fsdmvzdg9ulcbuwcisinnjb3bltwfwijp7inr5cguioijut1bfukvtvuxuuyisim5hbwvzcgfjzsi6iiisimxhymvsijoivg9wifjlc3vsdhmilcjsywjlbfbsdxjhbci6ilrvccbszxn1bhrziiwicmvzdwx0c0ntcci6imzvcmnlu2vhcmnoonbyzwrpy3rlzfjlc3vsdhmifswiy29udgv4dci6eyjgsuxurvjtijp7fswic2vhcmnou291cmnlijoiqvntsvnuqu5ux0rjquxpryisimrpc2fibgvjbnrlbnrrdwvyesi6zmfsc2usimrpc2fibgvtcgvsbenvcnjly3rpb24iomzhbhnllcjzzwfyy2heawfsb2dtzxnzaw9uswqioii0nthhn2e1yi0wzdrklwe2njitowrins01otziodk3ngrlogiilcjkzwj1z0luzm8ionsiyxbwtmftzsi6ikldyxjfu2vydmljzv9db25zb2xliiwiyxbwvhlwzsi6iknvbnnvbguilcjhchboyw1lc3bhy2uioijjiiwibg9jyxrpb24ioijmb3jjztpvymply3rib21lrgvza3rvccisinnvymply3ruexblijoiq29tbwl0dgvlx01lbwjlcl9fyyj9fswiz3jvdxbjzci6ikrfrkfvtfqifswic3rhdguiont9fq%3d%3d</small> </font> </div>
<div class="test-event"> <font color="maroon"> <small> &emsp; &emsp;--- 15 Oct 11:43:10 087 - <b>0</b> - Page Load Wait: (Sync) - ICar.support.Utils.waitForPageLoad(Utils.java:109)</small> </font> </div>
<div class="test-event"> <font color="maroon"> <small> &emsp; &emsp;--- 15 Oct 11:43:20 490 - Catched spinner load exception due to Expected condition failed: waiting for ICar.support.WaitUtils$4@3e310ae5 (tried for 10 second(s) with 500 milliseconds interval)</small> </font> </div>
<div class="test-event"> <font color="maroon"> <small> &emsp; &emsp;--- 15 Oct 11:43:20 491 - <b>10</b> - Spinner Load Wait: (Sync) - ICar.support.WaitUtils.waitForSpinner(WaitUtils.java:225)</small> </font> </div>
<div class="test-event"> <font color="maroon"> <small> &emsp; &emsp;--- 15 Oct 11:43:20 527 - Element is displayed:: [[ChromeDriver: chrome on WINDOWS (e9e6434d9bbba587fc3ee34ef0d40850)] -> css selector: div.forceSearchResultsRegion div.resultsMultiWrapper >div > div table tbody th a]</small> </font> </div>
<div class="test-event"> <font color="maroon"> <small> &emsp; &emsp;--- 15 Oct 11:43:20 629 - Element is displayed:: [[ChromeDriver: chrome on WINDOWS (e9e6434d9bbba587fc3ee34ef0d40850)] -> css selector: div.forceSearchResultsRegion div.resultsMultiWrapper >div > div table tbody th a]</small> </font> </div>
<div class="test-event"> <font color="maroon"> <small> &emsp; &emsp;--- 15 Oct 11:43:21 108 - Page URL:: https://i-car--staging.sandbox.lightning.force.com/one/one.app#eyjjb21wb25lbnrezwyioijmb3jjzvnlyxjjadpzzwfyy2hqywdlrgvza3rvccisimf0dhjpynv0zxmionsidgvybsi6ikfkyw4gswjhcnjhoju0mc0wnzcwiehvdxn0b24gr2fsdmvzdg9ulcbuwcisinnjb3bltwfwijp7inr5cguioijut1bfukvtvuxuuyisim5hbwvzcgfjzsi6iiisimxhymvsijoivg9wifjlc3vsdhmilcjsywjlbfbsdxjhbci6ilrvccbszxn1bhrziiwicmvzdwx0c0ntcci6imzvcmnlu2vhcmnoonbyzwrpy3rlzfjlc3vsdhmifswiy29udgv4dci6eyjgsuxurvjtijp7fswic2vhcmnou291cmnlijoiqvntsvnuqu5ux0rjquxpryisimrpc2fibgvjbnrlbnrrdwvyesi6zmfsc2usimrpc2fibgvtcgvsbenvcnjly3rpb24iomzhbhnllcjzzwfyy2heawfsb2dtzxnzaw9uswqioii0nthhn2e1yi0wzdrklwe2njitowrins01otziodk3ngrlogiilcjkzwj1z0luzm8ionsiyxbwtmftzsi6ikldyxjfu2vydmljzv9db25zb2xliiwiyxbwvhlwzsi6iknvbnnvbguilcjhchboyw1lc3bhy2uioijjiiwibg9jyxrpb24ioijmb3jjztpvymply3rib21lrgvza3rvccisinnvymply3ruexblijoiq29tbwl0dgvlx01lbwjlcl9fyyj9fswiz3jvdxbjzci6ikrfrkfvtfqifswic3rhdguiont9fq%3d%3d</small> </font> </div>
<div class="test-event"> <font color="maroon"> <small> &emsp; &emsp;--- 15 Oct 11:43:21 108 - <b>0</b> - Page Load Wait: (Sync) - ICar.support.Utils.waitForPageLoad(Utils.java:109)</small> </font> </div>
<div class="test-message">&emsp;Role displayed Committee Officer</div>
<div class="test-message">&emsp;Successfully verified - Contact name Adan Ibarra whose role displayed as Committee Officer</div>
<div class="test-event"> <font color="maroon"> <small> &emsp; &emsp;--- 15 Oct 11:43:25 126 - Page URL:: https://i-car--staging.sandbox.lightning.force.com/lightning/r/committee_member__c/a371i000000iqywqaq/view</small> </font> </div>
<div class="test-event"> <font color="maroon"> <small> &emsp; &emsp;--- 15 Oct 11:43:25 127 - <b>0</b> - Page Load Wait: (Sync) - ICar.support.Utils.waitForPageLoad(Utils.java:109)</small> </font> </div>
<div class="test-event"> <font color="maroon"> <small> &emsp; &emsp;--- 15 Oct 11:43:25 186 - Element is displayed:: [[ChromeDriver: chrome on WINDOWS (e9e6434d9bbba587fc3ee34ef0d40850)] -> xpath: //button[@title='Edit Committee End Date']]</small> </font> </div>
<div class="test-event"> <font color="maroon"> <small> &emsp; &emsp;--- 15 Oct 11:43:25 258 - Element is displayed:: [[ChromeDriver: chrome on WINDOWS (e9e6434d9bbba587fc3ee34ef0d40850)] -> xpath: //button[@title='Edit Committee End Date']]</small> </font> </div>
<div class="test-event"> <font color="maroon"> <small> &emsp; &emsp;--- 15 Oct 11:43:28 677 - Element is displayed:: [[ChromeDriver: chrome on WINDOWS (e9e6434d9bbba587fc3ee34ef0d40850)] -> xpath: //button[@name='SaveEdit']]</small> </font> </div>
<div class="test-message">&emsp;Committee end date entered successfully</div>
<div class="test-event"> <font color="maroon"> <small> &emsp; &emsp;--- 15 Oct 11:43:44 192 - Page URL:: https://i-car--staging.sandbox.lightning.force.com/lightning/r/committee_member__c/a371i000000iqywqaq/view</small> </font> </div>
<div class="test-event"> <font color="maroon"> <small> &emsp; &emsp;--- 15 Oct 11:43:44 192 - <b>0</b> - Page Load Wait: (Sync) - ICar.support.Utils.waitForPageLoad(Utils.java:109)</small> </font> </div>
<div class="test-message">&emsp;Is Active checkbox Not checked</div>
<div class="test-message">&emsp;Committee is active checkbox unchecked successfully</div>
<div class="test-event"> <font color="maroon"> <small> &emsp; &emsp;--- 15 Oct 11:43:48 840 - Page URL:: https://i-car--staging.sandbox.lightning.force.com/lightning/r/committee_member__c/a371i000000iqywqaq/view</small> </font> </div>
<div class="test-event"> <font color="maroon"> <small> &emsp; &emsp;--- 15 Oct 11:43:48 841 - <b>0</b> - Page Load Wait: (Sync) - ICar.support.Utils.waitForPageLoad(Utils.java:109)</small> </font> </div>
<div class="test-event"> <font color="maroon"> <small> &emsp; &emsp;--- 15 Oct 11:43:54 101 - Page URL:: https://i-car--staging.sandbox.lightning.force.com/lightning/r/committee_member__c/a371i000000iqywqaq/view</small> </font> </div>
<div class="test-event"> <font color="maroon"> <small> &emsp; &emsp;--- 15 Oct 11:43:54 101 - <b>0</b> - Page Load Wait: (Sync) - ICar.support.Utils.waitForPageLoad(Utils.java:109)</small> </font> </div>
<div class="test-event"> <font color="maroon"> <small> &emsp; &emsp;--- 15 Oct 11:43:58 411 - Page URL:: https://i-car--staging.sandbox.lightning.force.com/lightning/r/committee_member__c/a371i000000iqywqaq/view</small> </font> </div>
<div class="test-event"> <font color="maroon"> <small> &emsp; &emsp;--- 15 Oct 11:43:58 411 - <b>0</b> - Page Load Wait: (Sync) - ICar.support.Utils.waitForPageLoad(Utils.java:109)</small> </font> </div>
<div class="test-event"> <font color="maroon"> <small> &emsp; &emsp;--- 15 Oct 11:43:58 471 - Element is displayed:: [[ChromeDriver: chrome on WINDOWS (e9e6434d9bbba587fc3ee34ef0d40850)] -> css selector: button[class*='search-button']]</small> </font> </div>
<div class="test-event"> <font color="maroon"> <small> &emsp; &emsp;--- 15 Oct 11:44:00 672 - Catched spinner load exception due to Expected condition failed: waiting for ICar.support.WaitUtils$4@3e310ae5 (tried for 2 second(s) with 500 milliseconds interval)</small> </font> </div>
<div class="test-event"> <font color="maroon"> <small> &emsp; &emsp;--- 15 Oct 11:44:00 673 - <b>2</b> - Spinner Load Wait: (Sync) - ICar.support.WaitUtils.waitForSpinner(WaitUtils.java:225)</small> </font> </div>
<div class="test-event"> <font color="maroon"> <small> &emsp; &emsp;--- 15 Oct 11:44:03 777 - Element is displayed:: [[ChromeDriver: chrome on WINDOWS (e9e6434d9bbba587fc3ee34ef0d40850)] -> css selector: button[class*='search-button']]</small> </font> </div>
<div class="test-event"> <font color="maroon"> <small> &emsp; &emsp;--- 15 Oct 11:44:04 185 - Page URL:: https://i-car--staging.sandbox.lightning.force.com/lightning/o/committee__c/list?filtername=__recent</small> </font> </div>
<div class="test-event"> <font color="maroon"> <small> &emsp; &emsp;--- 15 Oct 11:44:04 185 - <b>0</b> - Page Load Wait: (Sync) - ICar.support.Utils.waitForPageLoad(Utils.java:109)</small> </font> </div>
<div class="test-event"> <font color="maroon"> <small> &emsp; &emsp;--- 15 Oct 11:44:24 078 - Catched spinner load exception due to Expected condition failed: waiting for ICar.support.WaitUtils$4@3e310ae5 (tried for 10 second(s) with 500 milliseconds interval)</small> </font> </div>
<div class="test-event"> <font color="maroon"> <small> &emsp; &emsp;--- 15 Oct 11:44:24 078 - <b>10</b> - Spinner Load Wait: (Sync) - ICar.support.WaitUtils.waitForSpinner(WaitUtils.java:225)</small> </font> </div>
<div class="test-event"> <font color="maroon"> <small> &emsp; &emsp;--- 15 Oct 11:44:24 866 - Page URL:: https://i-car--staging.sandbox.lightning.force.com/one/one.app#eyjjb21wb25lbnrezwyioijmb3jjzvnlyxjjadpzzwfyy2hqywdlrgvza3rvccisimf0dhjpynv0zxmionsidgvybsi6ijiynzg5ndyilcjzy29wzu1hcci6eyj0exblijoive9qx1jfu1vmvfmilcjuyw1lc3bhy2uioiiilcjsywjlbci6ilrvccbszxn1bhrziiwibgfizwxqbhvyywwioijub3agumvzdwx0cyisinjlc3vsdhndbxaioijmb3jjzvnlyxjjadpwcmvkawn0zwrszxn1bhrzin0simnvbnrlehqionsirklmvevsuyi6e30sinnlyxjjafnvdxjjzsi6ikftu0ltvefovf9esufmt0cilcjkaxnhymxlsw50zw50uxvlcnkiomzhbhnllcjkaxnhymxlu3blbgxdb3jyzwn0aw9uijpmywxzzswic2vhcmnorglhbg9nu2vzc2lvbklkijoiodkxmmm1otgtmgi1ni00ytq4lti0ztitzjezngy2zmmymwzkiiwizgvidwdjbmzvijp7imfwce5hbwuioijjq2fyx1nlcnzpy2vfq29uc29szsisimfwcfr5cguioijdb25zb2xliiwiyxbwtmftzxnwywnlijoiyyisimxvy2f0aw9uijoizm9yy2u6b2jqzwn0sg9tzurlc2t0b3ailcjzb2jqzwn0vhlwzsi6iknvbw1pdhrlzv9fyyj9fswiz3jvdxbjzci6ikrfrkfvtfqifswic3rhdguiont9fq%3d%3d</small> </font> </div>
<div class="test-event"> <font color="maroon"> <small> &emsp; &emsp;--- 15 Oct 11:44:24 866 - <b>0</b> - Page Load Wait: (Sync) - ICar.support.Utils.waitForPageLoad(Utils.java:109)</small> </font> </div>
<div class="test-event"> <font color="maroon"> <small> &emsp; &emsp;--- 15 Oct 11:44:36 373 - Catched spinner load exception due to Expected condition failed: waiting for ICar.support.WaitUtils$4@3e310ae5 (tried for 11 second(s) with 500 milliseconds interval)</small> </font> </div>
<div class="test-event"> <font color="maroon"> <small> &emsp; &emsp;--- 15 Oct 11:44:36 373 - <b>11</b> - Spinner Load Wait: (Sync) - ICar.support.WaitUtils.waitForSpinner(WaitUtils.java:225)</small> </font> </div>
<div class="test-event"> <font color="maroon"> <small> &emsp; &emsp;--- 15 Oct 11:44:37 040 - Page URL:: https://i-car--staging.sandbox.lightning.force.com/one/one.app#eyjjb21wb25lbnrezwyioijmb3jjzvnlyxjjadpzzwfyy2hqywdlrgvza3rvccisimf0dhjpynv0zxmionsidgvybsi6ijiynzg5ndyilcjzy29wzu1hcci6eyj0exblijoive9qx1jfu1vmvfmilcjuyw1lc3bhy2uioiiilcjsywjlbci6ilrvccbszxn1bhrziiwibgfizwxqbhvyywwioijub3agumvzdwx0cyisinjlc3vsdhndbxaioijmb3jjzvnlyxjjadpwcmvkawn0zwrszxn1bhrzin0simnvbnrlehqionsirklmvevsuyi6e30sinnlyxjjafnvdxjjzsi6ikftu0ltvefovf9esufmt0cilcjkaxnhymxlsw50zw50uxvlcnkiomzhbhnllcjkaxnhymxlu3blbgxdb3jyzwn0aw9uijpmywxzzswic2vhcmnorglhbg9nu2vzc2lvbklkijoiodkxmmm1otgtmgi1ni00ytq4lti0ztitzjezngy2zmmymwzkiiwizgvidwdjbmzvijp7imfwce5hbwuioijjq2fyx1nlcnzpy2vfq29uc29szsisimfwcfr5cguioijdb25zb2xliiwiyxbwtmftzxnwywnlijoiyyisimxvy2f0aw9uijoizm9yy2u6b2jqzwn0sg9tzurlc2t0b3ailcjzb2jqzwn0vhlwzsi6iknvbw1pdhrlzv9fyyj9fswiz3jvdxbjzci6ikrfrkfvtfqifswic3rhdguiont9fq%3d%3d</small> </font> </div>
<div class="test-event"> <font color="maroon"> <small> &emsp; &emsp;--- 15 Oct 11:44:37 041 - <b>0</b> - Page Load Wait: (Sync) - ICar.support.Utils.waitForPageLoad(Utils.java:109)</small> </font> </div>
<div class="test-event"> <font color="maroon"> <small> &emsp; &emsp;--- 15 Oct 11:44:37 111 - Element is displayed:: [[ChromeDriver: chrome on WINDOWS (e9e6434d9bbba587fc3ee34ef0d40850)] -> xpath: //a[@title='Top Results']//span[text()='Top Results']]</small> </font> </div>
<div class="test-event"> <font color="maroon"> <small> &emsp; &emsp;--- 15 Oct 11:44:37 494 - Page URL:: https://i-car--staging.sandbox.lightning.force.com/one/one.app#eyjjb21wb25lbnrezwyioijmb3jjzvnlyxjjadpzzwfyy2hqywdlrgvza3rvccisimf0dhjpynv0zxmionsidgvybsi6ijiynzg5ndyilcjzy29wzu1hcci6eyj0exblijoive9qx1jfu1vmvfmilcjuyw1lc3bhy2uioiiilcjsywjlbci6ilrvccbszxn1bhrziiwibgfizwxqbhvyywwioijub3agumvzdwx0cyisinjlc3vsdhndbxaioijmb3jjzvnlyxjjadpwcmvkawn0zwrszxn1bhrzin0simnvbnrlehqionsirklmvevsuyi6e30sinnlyxjjafnvdxjjzsi6ikftu0ltvefovf9esufmt0cilcjkaxnhymxlsw50zw50uxvlcnkiomzhbhnllcjkaxnhymxlu3blbgxdb3jyzwn0aw9uijpmywxzzswic2vhcmnorglhbg9nu2vzc2lvbklkijoiodkxmmm1otgtmgi1ni00ytq4lti0ztitzjezngy2zmmymwzkiiwizgvidwdjbmzvijp7imfwce5hbwuioijjq2fyx1nlcnzpy2vfq29uc29szsisimfwcfr5cguioijdb25zb2xliiwiyxbwtmftzxnwywnlijoiyyisimxvy2f0aw9uijoizm9yy2u6b2jqzwn0sg9tzurlc2t0b3ailcjzb2jqzwn0vhlwzsi6iknvbw1pdhrlzv9fyyj9fswiz3jvdxbjzci6ikrfrkfvtfqifswic3rhdguiont9fq%3d%3d</small> </font> </div>
<div class="test-event"> <font color="maroon"> <small> &emsp; &emsp;--- 15 Oct 11:44:37 494 - <b>0</b> - Page Load Wait: (Sync) - ICar.support.Utils.waitForPageLoad(Utils.java:109)</small> </font> </div>
<div class="test-event"> <font color="maroon"> <small> &emsp; &emsp;--- 15 Oct 11:44:42 613 - Catched spinner load exception due to Expected condition failed: waiting for ICar.support.WaitUtils$4@3e310ae5 (tried for 5 second(s) with 500 milliseconds interval)</small> </font> </div>
<div class="test-event"> <font color="maroon"> <small> &emsp; &emsp;--- 15 Oct 11:44:42 614 - <b>5</b> - Spinner Load Wait: (Sync) - ICar.support.WaitUtils.waitForSpinner(WaitUtils.java:225)</small> </font> </div>
<div class="test-event"> <font color="maroon"> <small> &emsp; &emsp;--- 15 Oct 11:44:43 291 - Page URL:: https://i-car--staging.sandbox.lightning.force.com/one/one.app#eyjjb21wb25lbnrezwyioijmb3jjzvnlyxjjadpzzwfyy2hqywdlrgvza3rvccisimf0dhjpynv0zxmionsidgvybsi6ijiynzg5ndyilcjzy29wzu1hcci6eyj0exblijoive9qx1jfu1vmvfmilcjuyw1lc3bhy2uioiiilcjsywjlbci6ilrvccbszxn1bhrziiwibgfizwxqbhvyywwioijub3agumvzdwx0cyisinjlc3vsdhndbxaioijmb3jjzvnlyxjjadpwcmvkawn0zwrszxn1bhrzin0simnvbnrlehqionsirklmvevsuyi6e30sinnlyxjjafnvdxjjzsi6ikftu0ltvefovf9esufmt0cilcjkaxnhymxlsw50zw50uxvlcnkiomzhbhnllcjkaxnhymxlu3blbgxdb3jyzwn0aw9uijpmywxzzswic2vhcmnorglhbg9nu2vzc2lvbklkijoiodkxmmm1otgtmgi1ni00ytq4lti0ztitzjezngy2zmmymwzkiiwizgvidwdjbmzvijp7imfwce5hbwuioijjq2fyx1nlcnzpy2vfq29uc29szsisimfwcfr5cguioijdb25zb2xliiwiyxbwtmftzxnwywnlijoiyyisimxvy2f0aw9uijoizm9yy2u6b2jqzwn0sg9tzurlc2t0b3ailcjzb2jqzwn0vhlwzsi6iknvbw1pdhrlzv9fyyj9fswiz3jvdxbjzci6ikrfrkfvtfqifswic3rhdguiont9fq%3d%3d</small> </font> </div>
<div class="test-event"> <font color="maroon"> <small> &emsp; &emsp;--- 15 Oct 11:44:43 291 - <b>0</b> - Page Load Wait: (Sync) - ICar.support.Utils.waitForPageLoad(Utils.java:109)</small> </font> </div>
<div class="test-event"> <font color="maroon"> <small> &emsp; &emsp;--- 15 Oct 11:44:43 934 - Page URL:: https://i-car--staging.sandbox.lightning.force.com/one/one.app#eyjjb21wb25lbnrezwyioijmb3jjzvnlyxjjadpzzwfyy2hqywdlrgvza3rvccisimf0dhjpynv0zxmionsidgvybsi6ijiynzg5ndyilcjzy29wzu1hcci6eyj0exblijoive9qx1jfu1vmvfmilcjuyw1lc3bhy2uioiiilcjsywjlbci6ilrvccbszxn1bhrziiwibgfizwxqbhvyywwioijub3agumvzdwx0cyisinjlc3vsdhndbxaioijmb3jjzvnlyxjjadpwcmvkawn0zwrszxn1bhrzin0simnvbnrlehqionsirklmvevsuyi6e30sinnlyxjjafnvdxjjzsi6ikftu0ltvefovf9esufmt0cilcjkaxnhymxlsw50zw50uxvlcnkiomzhbhnllcjkaxnhymxlu3blbgxdb3jyzwn0aw9uijpmywxzzswic2vhcmnorglhbg9nu2vzc2lvbklkijoiodkxmmm1otgtmgi1ni00ytq4lti0ztitzjezngy2zmmymwzkiiwizgvidwdjbmzvijp7imfwce5hbwuioijjq2fyx1nlcnzpy2vfq29uc29szsisimfwcfr5cguioijdb25zb2xliiwiyxbwtmftzxnwywnlijoiyyisimxvy2f0aw9uijoizm9yy2u6b2jqzwn0sg9tzurlc2t0b3ailcjzb2jqzwn0vhlwzsi6iknvbw1pdhrlzv9fyyj9fswiz3jvdxbjzci6ikrfrkfvtfqifswic3rhdguiont9fq%3d%3d</small> </font> </div>
<div class="test-event"> <font color="maroon"> <small> &emsp; &emsp;--- 15 Oct 11:44:43 934 - <b>0</b> - Page Load Wait: (Sync) - ICar.support.Utils.waitForPageLoad(Utils.java:109)</small> </font> </div>
<div class="test-event"> <font color="maroon"> <small> &emsp; &emsp;--- 15 Oct 11:44:44 590 - Page URL:: https://i-car--staging.sandbox.lightning.force.com/one/one.app#eyjjb21wb25lbnrezwyioijmb3jjzvnlyxjjadpzzwfyy2hqywdlrgvza3rvccisimf0dhjpynv0zxmionsidgvybsi6ijiynzg5ndyilcjzy29wzu1hcci6eyj0exblijoive9qx1jfu1vmvfmilcjuyw1lc3bhy2uioiiilcjsywjlbci6ilrvccbszxn1bhrziiwibgfizwxqbhvyywwioijub3agumvzdwx0cyisinjlc3vsdhndbxaioijmb3jjzvnlyxjjadpwcmvkawn0zwrszxn1bhrzin0simnvbnrlehqionsirklmvevsuyi6e30sinnlyxjjafnvdxjjzsi6ikftu0ltvefovf9esufmt0cilcjkaxnhymxlsw50zw50uxvlcnkiomzhbhnllcjkaxnhymxlu3blbgxdb3jyzwn0aw9uijpmywxzzswic2vhcmnorglhbg9nu2vzc2lvbklkijoiodkxmmm1otgtmgi1ni00ytq4lti0ztitzjezngy2zmmymwzkiiwizgvidwdjbmzvijp7imfwce5hbwuioijjq2fyx1nlcnzpy2vfq29uc29szsisimfwcfr5cguioijdb25zb2xliiwiyxbwtmftzxnwywnlijoiyyisimxvy2f0aw9uijoizm9yy2u6b2jqzwn0sg9tzurlc2t0b3ailcjzb2jqzwn0vhlwzsi6iknvbw1pdhrlzv9fyyj9fswiz3jvdxbjzci6ikrfrkfvtfqifswic3rhdguiont9fq%3d%3d</small> </font> </div>
<div class="test-event"> <font color="maroon"> <small> &emsp; &emsp;--- 15 Oct 11:44:44 590 - <b>0</b> - Page Load Wait: (Sync) - ICar.support.Utils.waitForPageLoad(Utils.java:109)</small> </font> </div>
<div class="test-event"> <font color="maroon"> <small> &emsp; &emsp;--- 15 Oct 11:44:52 935 - Catched spinner load exception due to Expected condition failed: waiting for ICar.support.WaitUtils$4@3e310ae5 (tried for 8 second(s) with 500 milliseconds interval)</small> </font> </div>
<div class="test-event"> <font color="maroon"> <small> &emsp; &emsp;--- 15 Oct 11:44:52 936 - <b>8</b> - Spinner Load Wait: (Sync) - ICar.support.WaitUtils.waitForSpinner(WaitUtils.java:225)</small> </font> </div>
<div class="test-event"> <font color="maroon"> <small> &emsp; &emsp;--- 15 Oct 11:44:53 572 - Page URL:: https://i-car--staging.sandbox.lightning.force.com/one/one.app#eyjjb21wb25lbnrezwyioijmb3jjzvnlyxjjadpzzwfyy2hqywdlrgvza3rvccisimf0dhjpynv0zxmionsidgvybsi6ijiynzg5ndyilcjzy29wzu1hcci6eyj0exblijoive9qx1jfu1vmvfmilcjuyw1lc3bhy2uioiiilcjsywjlbci6ilrvccbszxn1bhrziiwibgfizwxqbhvyywwioijub3agumvzdwx0cyisinjlc3vsdhndbxaioijmb3jjzvnlyxjjadpwcmvkawn0zwrszxn1bhrzin0simnvbnrlehqionsirklmvevsuyi6e30sinnlyxjjafnvdxjjzsi6ikftu0ltvefovf9esufmt0cilcjkaxnhymxlsw50zw50uxvlcnkiomzhbhnllcjkaxnhymxlu3blbgxdb3jyzwn0aw9uijpmywxzzswic2vhcmnorglhbg9nu2vzc2lvbklkijoiodkxmmm1otgtmgi1ni00ytq4lti0ztitzjezngy2zmmymwzkiiwizgvidwdjbmzvijp7imfwce5hbwuioijjq2fyx1nlcnzpy2vfq29uc29szsisimfwcfr5cguioijdb25zb2xliiwiyxbwtmftzxnwywnlijoiyyisimxvy2f0aw9uijoizm9yy2u6b2jqzwn0sg9tzurlc2t0b3ailcjzb2jqzwn0vhlwzsi6iknvbw1pdhrlzv9fyyj9fswiz3jvdxbjzci6ikrfrkfvtfqifswic3rhdguiont9fq%3d%3d</small> </font> </div>
<div class="test-event"> <font color="maroon"> <small> &emsp; &emsp;--- 15 Oct 11:44:53 572 - <b>0</b> - Page Load Wait: (Sync) - ICar.support.Utils.waitForPageLoad(Utils.java:109)</small> </font> </div>
<div class="test-event"> <font color="maroon"> <small> &emsp; &emsp;--- 15 Oct 11:44:55 687 - Element is displayed:: [[ChromeDriver: chrome on WINDOWS (e9e6434d9bbba587fc3ee34ef0d40850)] -> xpath: //div[contains(@class,'forceSearchResultsRegion')]//div[contains(@class,'resultsMultiWrapper')]/div/div[1]//following::h2//a]</small> </font> </div>
<div class="test-event"> <font color="maroon"> <small> &emsp; &emsp;--- 15 Oct 11:44:55 885 - Element is displayed:: [[ChromeDriver: chrome on WINDOWS (e9e6434d9bbba587fc3ee34ef0d40850)] -> xpath: //a[text()='Contacts']]</small> </font> </div>
<div class="test-event"> <font color="maroon"> <small> &emsp; &emsp;--- 15 Oct 11:45:00 561 - Element is displayed:: [[ChromeDriver: chrome on WINDOWS (e9e6434d9bbba587fc3ee34ef0d40850)] -> xpath: //div[text()='Contacts']//following :: table//tbody//th//span /a]</small> </font> </div>
<div class="test-message">&emsp;4.Enter ICAR ID  2278946</div>
<div class="test-event"> <font color="maroon"> <small> &emsp; &emsp;--- 15 Oct 11:45:16 252 - Catched spinner load exception due to Expected condition failed: waiting for ICar.support.WaitUtils$4@3e310ae5 (tried for 15 second(s) with 500 milliseconds interval)</small> </font> </div>
<div class="test-event"> <font color="maroon"> <small> &emsp; &emsp;--- 15 Oct 11:45:16 252 - <b>15</b> - Spinner Load Wait: (Sync) - ICar.support.WaitUtils.waitForSpinner(WaitUtils.java:225)</small> </font> </div>
<div class="test-event"> <font color="maroon"> <small> &emsp; &emsp;--- 15 Oct 11:45:16 827 - Page URL:: https://i-car--staging.sandbox.lightning.force.com/lightning/r/contact/0031i00000oekjhqaa/view</small> </font> </div>
<div class="test-event"> <font color="maroon"> <small> &emsp; &emsp;--- 15 Oct 11:45:16 827 - <b>0</b> - Page Load Wait: (Sync) - ICar.support.Utils.waitForPageLoad(Utils.java:109)</small> </font> </div>
<div class="test-event"> <font color="maroon"> <small> &emsp; &emsp;--- 15 Oct 11:45:31 924 - Catched spinner load exception due to Expected condition failed: waiting for ICar.support.WaitUtils$4@3e310ae5 (tried for 15 second(s) with 500 milliseconds interval)</small> </font> </div>
<div class="test-event"> <font color="maroon"> <small> &emsp; &emsp;--- 15 Oct 11:45:31 925 - <b>15</b> - Spinner Load Wait: (Sync) - ICar.support.WaitUtils.waitForSpinner(WaitUtils.java:225)</small> </font> </div>
<div class="test-event"> <font color="maroon"> <small> &emsp; &emsp;--- 15 Oct 11:45:31 985 - Element is displayed:: [[ChromeDriver: chrome on WINDOWS (e9e6434d9bbba587fc3ee34ef0d40850)] -> xpath: //button[text()='Access Shopping Cart - New']]</small> </font> </div>
<div class="test-event"> <font color="maroon"> <small> &emsp; &emsp;--- 15 Oct 11:45:34 112 - Element is displayed:: [[ChromeDriver: chrome on WINDOWS (e9e6434d9bbba587fc3ee34ef0d40850)] -> xpath: //button[text()='Access Shopping Cart - New']]</small> </font> </div>
<div class="test-event"> <font color="maroon"> <small> &emsp; &emsp;--- 15 Oct 11:45:42 980 - Page URL:: https://i-car--staging.sandbox.lightning.force.com/lightning/r/contact/0031i00000oekjhqaa/view</small> </font> </div>
<div class="test-event"> <font color="maroon"> <small> &emsp; &emsp;--- 15 Oct 11:45:42 980 - <b>0</b> - Page Load Wait: (Sync) - ICar.support.Utils.waitForPageLoad(Utils.java:109)</small> </font> </div>
<div class="test-event"> <font color="maroon"> <small> &emsp; &emsp;--- 15 Oct 11:46:05 944 - Catched spinner load exception due to Expected condition failed: waiting for ICar.support.WaitUtils$4@3e310ae5 (tried for 10 second(s) with 500 milliseconds interval)</small> </font> </div>
<div class="test-event"> <font color="maroon"> <small> &emsp; &emsp;--- 15 Oct 11:46:05 944 - <b>10</b> - Spinner Load Wait: (Sync) - ICar.support.WaitUtils.waitForSpinner(WaitUtils.java:225)</small> </font> </div>
<div class="test-event"> <font color="maroon"> <small> &emsp; &emsp;--- 15 Oct 11:46:06 027 - Element is displayed:: [[ChromeDriver: chrome on WINDOWS (e9e6434d9bbba587fc3ee34ef0d40850)] -> xpath: //button[@value='Launch My Learning']]</small> </font> </div>
<div class="test-message">&emsp;5. Clicked the 'Access Shoping cart'  & Navigated to the user home page.</div>
<div class="test-message">&emsp;Successfully verified-Access committee portal link not displayed on portal</div>
<div class="test-result"><br><font color="green"><strong> Test Passed. </strong></font> </div>&emsp;
&emsp;<div class="test-title"> <strong><font size = "3" color = "#0000FF">---Test Execution Ends---</font> </strong> </div>&emsp;
<div class="test-event"> <font color="maroon"> <small> &emsp; &emsp;--- 15 Oct 11:46:10 816 - TestCaseID:: B2B1000_TC03</small> </font> </div>
<div class="test-event"> <font color="maroon"> <small> &emsp; &emsp;--- 15 Oct 11:46:12 008 - <b>1</b> - Driver::initialize::Get - ICar.support.WebDriverFactory.getDriver(WebDriverFactory.java:640)</small> </font> </div>
&emsp;<div class="test-title"> <strong><font size = "3" color = "#000080">Committee Member cannot access "Access Committee Portal" in the Portal</font> </strong> </div>&emsp;<div><strong>Steps:</strong></div><!-- Report -->&emsp;
<div class="test-event"> <font color="maroon"> <small> &emsp; &emsp;--- 15 Oct 11:46:17 446 - Page URL:: https://i-car--staging.sandbox.my.salesforce.com/</small> </font> </div>
<div class="test-event"> <font color="maroon"> <small> &emsp; &emsp;--- 15 Oct 11:46:17 446 - <b>2</b> - Page Load Wait: (Sync) - ICar.support.Utils.waitForPageLoad(Utils.java:109)</small> </font> </div>
<div class="test-event"> <font color="maroon"> <small> &emsp; &emsp;--- 15 Oct 11:46:30 465 - Page URL:: https://i-car--staging.sandbox.my.salesforce.com/</small> </font> </div>
<div class="test-event"> <font color="maroon"> <small> &emsp; &emsp;--- 15 Oct 11:46:30 465 - <b>0</b> - Page Load Wait: (Sync) - ICar.support.Utils.waitForPageLoad(Utils.java:109)</small> </font> </div>
<div class="test-message">&emsp;Successfully navigated to 'Login' Page&emsp;<a href=".\ScreenShot\B2B1000_TC03_1254985547610200.png" target="_blank" >[ScreenShot]</a></div>
<div class="test-message">&emsp;1. Login page is launched.</div>
<div class="test-event"> <font color="maroon"> <small> &emsp; &emsp;--- 15 Oct 11:46:30 721 - Element is displayed:: [[ChromeDriver: chrome on WINDOWS (1a3338f96e6ce072f6ce7994eaa27959)] -> id: username]</small> </font> </div>
<div class="test-event"> <font color="maroon"> <small> &emsp; &emsp;--- 15 Oct 11:46:30 788 - Element is displayed:: [[ChromeDriver: chrome on WINDOWS (1a3338f96e6ce072f6ce7994eaa27959)] -> id: username]</small> </font> </div>
<div class="test-event"> <font color="maroon"> <small> &emsp; &emsp;--- 15 Oct 11:46:31 047 - Element is displayed:: [[ChromeDriver: chrome on WINDOWS (1a3338f96e6ce072f6ce7994eaa27959)] -> id: password]</small> </font> </div>
<div class="test-event"> <font color="maroon"> <small> &emsp; &emsp;--- 15 Oct 11:46:31 230 - Element is displayed:: [[ChromeDriver: chrome on WINDOWS (1a3338f96e6ce072f6ce7994eaa27959)] -> id: Login]</small> </font> </div>
<div class="test-event"> <font color="maroon"> <small> &emsp; &emsp;--- 15 Oct 11:47:07 575 - Catched spinner load exception due to Expected condition failed: waiting for ICar.support.WaitUtils$4@3e310ae5 (tried for 13 second(s) with 500 milliseconds interval)</small> </font> </div>
<div class="test-event"> <font color="maroon"> <small> &emsp; &emsp;--- 15 Oct 11:47:07 576 - <b>13</b> - Spinner Load Wait: (Sync) - ICar.support.WaitUtils.waitForSpinner(WaitUtils.java:225)</small> </font> </div>
<div class="test-event"> <font color="maroon"> <small> &emsp; &emsp;--- 15 Oct 11:47:25 980 - Catched spinner load exception due to Expected condition failed: waiting for ICar.support.WaitUtils$4@3e310ae5 (tried for 6 second(s) with 500 milliseconds interval)</small> </font> </div>
<div class="test-event"> <font color="maroon"> <small> &emsp; &emsp;--- 15 Oct 11:47:25 980 - <b>6</b> - Spinner Load Wait: (Sync) - ICar.support.WaitUtils.waitForSpinner(WaitUtils.java:225)</small> </font> </div>
<div class="test-event"> <font color="maroon"> <small> &emsp; &emsp;--- 15 Oct 11:47:26 090 - Element is displayed:: [[ChromeDriver: chrome on WINDOWS (1a3338f96e6ce072f6ce7994eaa27959)] -> css selector: button[class*='search-button']]</small> </font> </div>
<div class="test-message">&emsp;2. Navigate to 'SalesForce Page'</div>
<div class="test-event"> <font color="maroon"> <small> &emsp; &emsp;--- 15 Oct 11:47:26 575 - Page URL:: https://i-car--staging.sandbox.lightning.force.com/lightning/r/contact/0031i00000oekjhqaa/view</small> </font> </div>
<div class="test-event"> <font color="maroon"> <small> &emsp; &emsp;--- 15 Oct 11:47:26 575 - <b>0</b> - Page Load Wait: (Sync) - ICar.support.Utils.waitForPageLoad(Utils.java:109)</small> </font> </div>
<div class="test-event"> <font color="maroon"> <small> &emsp; &emsp;--- 15 Oct 11:47:32 238 - Page URL:: https://i-car--staging.sandbox.lightning.force.com/lightning/r/contact/0031i00000oekjhqaa/view</small> </font> </div>
<div class="test-event"> <font color="maroon"> <small> &emsp; &emsp;--- 15 Oct 11:47:32 239 - <b>0</b> - Page Load Wait: (Sync) - ICar.support.Utils.waitForPageLoad(Utils.java:109)</small> </font> </div>
<div class="test-message">&emsp;Close the tab</div>
<div class="test-message">&emsp;Successfully navigated to 'Login' Page&emsp;<a href=".\ScreenShot\B2B1000_TC03_1255052370289200.png" target="_blank" >[ScreenShot]</a></div>
<div class="test-event"> <font color="maroon"> <small> &emsp; &emsp;--- 15 Oct 11:47:42 761 - Catched spinner load exception due to Expected condition failed: waiting for ICar.support.WaitUtils$4@3e310ae5 (tried for 5 second(s) with 500 milliseconds interval)</small> </font> </div>
<div class="test-event"> <font color="maroon"> <small> &emsp; &emsp;--- 15 Oct 11:47:42 761 - <b>5</b> - Spinner Load Wait: (Sync) - ICar.support.WaitUtils.waitForSpinner(WaitUtils.java:225)</small> </font> </div>
<div class="test-event"> <font color="maroon"> <small> &emsp; &emsp;--- 15 Oct 11:47:42 928 - Page URL:: https://i-car--staging.sandbox.lightning.force.com/lightning/o/committee__c/list?filtername=__recent</small> </font> </div>
<div class="test-event"> <font color="maroon"> <small> &emsp; &emsp;--- 15 Oct 11:47:42 928 - <b>0</b> - Page Load Wait: (Sync) - ICar.support.Utils.waitForPageLoad(Utils.java:109)</small> </font> </div>
<div class="test-event"> <font color="maroon"> <small> &emsp; &emsp;--- 15 Oct 11:47:43 002 - Element is displayed:: [[ChromeDriver: chrome on WINDOWS (1a3338f96e6ce072f6ce7994eaa27959)] -> xpath: //div[contains(@class,'appLauncher ')]//button]</small> </font> </div>
<div class="test-event"> <font color="maroon"> <small> &emsp; &emsp;--- 15 Oct 11:47:43 069 - Element is displayed:: [[ChromeDriver: chrome on WINDOWS (1a3338f96e6ce072f6ce7994eaa27959)] -> xpath: //div[contains(@class,'appLauncher ')]//button]</small> </font> </div>
<div class="test-event"> <font color="maroon"> <small> &emsp; &emsp;--- 15 Oct 11:47:44 681 - Element is displayed:: [[ChromeDriver: chrome on WINDOWS (1a3338f96e6ce072f6ce7994eaa27959)] -> xpath: //input[@placeholder='Search apps and items...']]</small> </font> </div>
<div class="test-event"> <font color="maroon"> <small> &emsp; &emsp;--- 15 Oct 11:47:44 752 - Element is displayed:: [[ChromeDriver: chrome on WINDOWS (1a3338f96e6ce072f6ce7994eaa27959)] -> xpath: //input[@placeholder='Search apps and items...']]</small> </font> </div>
<div class="test-event"> <font color="maroon"> <small> &emsp; &emsp;--- 15 Oct 11:47:48 070 - Element is displayed:: [[ChromeDriver: chrome on WINDOWS (1a3338f96e6ce072f6ce7994eaa27959)] -> xpath: //lightning-formatted-rich-text/span/p/b[text()='Committees']]</small> </font> </div>
<div class="test-event"> <font color="maroon"> <small> &emsp; &emsp;--- 15 Oct 11:47:51 121 - Element is displayed:: [[ChromeDriver: chrome on WINDOWS (1a3338f96e6ce072f6ce7994eaa27959)] -> xpath: //lightning-formatted-rich-text/span/p/b[text()='Committees']]</small> </font> </div>
<div class="test-event"> <font color="maroon"> <small> &emsp; &emsp;--- 15 Oct 11:47:51 396 - Page URL:: https://i-car--staging.sandbox.lightning.force.com/lightning/o/committee__c/home</small> </font> </div>
<div class="test-event"> <font color="maroon"> <small> &emsp; &emsp;--- 15 Oct 11:47:51 396 - <b>0</b> - Page Load Wait: (Sync) - ICar.support.Utils.waitForPageLoad(Utils.java:109)</small> </font> </div>
<div class="test-event"> <font color="maroon"> <small> &emsp; &emsp;--- 15 Oct 11:47:56 633 - Catched spinner load exception due to Expected condition failed: waiting for ICar.support.WaitUtils$4@3e310ae5 (tried for 5 second(s) with 500 milliseconds interval)</small> </font> </div>
<div class="test-event"> <font color="maroon"> <small> &emsp; &emsp;--- 15 Oct 11:47:56 633 - <b>5</b> - Spinner Load Wait: (Sync) - ICar.support.WaitUtils.waitForSpinner(WaitUtils.java:225)</small> </font> </div>
<div class="test-event"> <font color="maroon"> <small> &emsp; &emsp;--- 15 Oct 11:47:56 821 - Page URL:: https://i-car--staging.sandbox.lightning.force.com/lightning/o/committee__c/list?filtername=__recent</small> </font> </div>
<div class="test-event"> <font color="maroon"> <small> &emsp; &emsp;--- 15 Oct 11:47:56 821 - <b>0</b> - Page Load Wait: (Sync) - ICar.support.Utils.waitForPageLoad(Utils.java:109)</small> </font> </div>
<div class="test-event"> <font color="maroon"> <small> &emsp; &emsp;--- 15 Oct 11:47:56 893 - Element is displayed:: [[ChromeDriver: chrome on WINDOWS (1a3338f96e6ce072f6ce7994eaa27959)] -> xpath: //div[contains(@class,'appLauncher ')]//button]</small> </font> </div>
<div class="test-event"> <font color="maroon"> <small> &emsp; &emsp;--- 15 Oct 11:47:56 946 - Element is displayed:: [[ChromeDriver: chrome on WINDOWS (1a3338f96e6ce072f6ce7994eaa27959)] -> xpath: //div[contains(@class,'appLauncher ')]//button]</small> </font> </div>
<div class="test-event"> <font color="maroon"> <small> &emsp; &emsp;--- 15 Oct 11:47:57 134 - Element is displayed:: [[ChromeDriver: chrome on WINDOWS (1a3338f96e6ce072f6ce7994eaa27959)] -> xpath: //input[@placeholder='Search apps and items...']]</small> </font> </div>
<div class="test-event"> <font color="maroon"> <small> &emsp; &emsp;--- 15 Oct 11:47:57 195 - Element is displayed:: [[ChromeDriver: chrome on WINDOWS (1a3338f96e6ce072f6ce7994eaa27959)] -> xpath: //input[@placeholder='Search apps and items...']]</small> </font> </div>
<div class="test-event"> <font color="maroon"> <small> &emsp; &emsp;--- 15 Oct 11:48:00 573 - Element is displayed:: [[ChromeDriver: chrome on WINDOWS (1a3338f96e6ce072f6ce7994eaa27959)] -> xpath: //lightning-formatted-rich-text/span/p/b[text()='Committee Members']]</small> </font> </div>
<div class="test-event"> <font color="maroon"> <small> &emsp; &emsp;--- 15 Oct 11:48:03 631 - Element is displayed:: [[ChromeDriver: chrome on WINDOWS (1a3338f96e6ce072f6ce7994eaa27959)] -> xpath: //lightning-formatted-rich-text/span/p/b[text()='Committee Members']]</small> </font> </div>
<div class="test-event"> <font color="maroon"> <small> &emsp; &emsp;--- 15 Oct 11:48:04 049 - Page URL:: https://i-car--staging.sandbox.lightning.force.com/lightning/o/committee_member__c/home</small> </font> </div>
<div class="test-event"> <font color="maroon"> <small> &emsp; &emsp;--- 15 Oct 11:48:04 049 - <b>0</b> - Page Load Wait: (Sync) - ICar.support.Utils.waitForPageLoad(Utils.java:109)</small> </font> </div>
<div class="test-message">&emsp;3. Enter the AccountName as : Anthony Brooks:510-0208 Metro Baltimore MD</div>
<div class="test-event"> <font color="maroon"> <small> &emsp; &emsp;--- 15 Oct 11:48:04 197 - Page URL:: https://i-car--staging.sandbox.lightning.force.com/lightning/o/committee_member__c/home</small> </font> </div>
<div class="test-event"> <font color="maroon"> <small> &emsp; &emsp;--- 15 Oct 11:48:04 197 - <b>0</b> - Page Load Wait: (Sync) - ICar.support.Utils.waitForPageLoad(Utils.java:109)</small> </font> </div>
<div class="test-event"> <font color="maroon"> <small> &emsp; &emsp;--- 15 Oct 11:48:04 380 - Element is displayed:: [[ChromeDriver: chrome on WINDOWS (1a3338f96e6ce072f6ce7994eaa27959)] -> css selector: button[class*='search-button']]</small> </font> </div>
<div class="test-event"> <font color="maroon"> <small> &emsp; &emsp;--- 15 Oct 11:48:06 503 - Catched spinner load exception due to Expected condition failed: waiting for ICar.support.WaitUtils$4@3e310ae5 (tried for 2 second(s) with 500 milliseconds interval)</small> </font> </div>
<div class="test-event"> <font color="maroon"> <small> &emsp; &emsp;--- 15 Oct 11:48:06 503 - <b>2</b> - Spinner Load Wait: (Sync) - ICar.support.WaitUtils.waitForSpinner(WaitUtils.java:225)</small> </font> </div>
<div class="test-event"> <font color="maroon"> <small> &emsp; &emsp;--- 15 Oct 11:48:09 594 - Element is displayed:: [[ChromeDriver: chrome on WINDOWS (1a3338f96e6ce072f6ce7994eaa27959)] -> css selector: button[class*='search-button']]</small> </font> </div>
<div class="test-event"> <font color="maroon"> <small> &emsp; &emsp;--- 15 Oct 11:48:10 079 - Page URL:: https://i-car--staging.sandbox.lightning.force.com/lightning/o/committee_member__c/home</small> </font> </div>
<div class="test-event"> <font color="maroon"> <small> &emsp; &emsp;--- 15 Oct 11:48:10 079 - <b>0</b> - Page Load Wait: (Sync) - ICar.support.Utils.waitForPageLoad(Utils.java:109)</small> </font> </div>
<div class="test-event"> <font color="maroon"> <small> &emsp; &emsp;--- 15 Oct 11:48:26 628 - Catched spinner load exception due to Expected condition failed: waiting for ICar.support.WaitUtils$4@3e310ae5 (tried for 10 second(s) with 500 milliseconds interval)</small> </font> </div>
<div class="test-event"> <font color="maroon"> <small> &emsp; &emsp;--- 15 Oct 11:48:26 628 - <b>10</b> - Spinner Load Wait: (Sync) - ICar.support.WaitUtils.waitForSpinner(WaitUtils.java:225)</small> </font> </div>
<div class="test-event"> <font color="maroon"> <small> &emsp; &emsp;--- 15 Oct 11:48:26 978 - Page URL:: https://i-car--staging.sandbox.lightning.force.com/one/one.app#eyjjb21wb25lbnrezwyioijmb3jjzvnlyxjjadpzzwfyy2hqywdlrgvza3rvccisimf0dhjpynv0zxmionsidgvybsi6ikfudghvbnkgqnjvb2tzojuxmc0wmja4ie1ldhjviejhbhrpbw9yzsbnrcisinnjb3bltwfwijp7inr5cguioijut1bfukvtvuxuuyisim5hbwvzcgfjzsi6iiisimxhymvsijoivg9wifjlc3vsdhmilcjsywjlbfbsdxjhbci6ilrvccbszxn1bhrziiwicmvzdwx0c0ntcci6imzvcmnlu2vhcmnoonbyzwrpy3rlzfjlc3vsdhmifswiy29udgv4dci6eyjgsuxurvjtijp7fswic2vhcmnou291cmnlijoiqvntsvnuqu5ux0rjquxpryisimrpc2fibgvjbnrlbnrrdwvyesi6zmfsc2usimrpc2fibgvtcgvsbenvcnjly3rpb24iomzhbhnllcjzzwfyy2heawfsb2dtzxnzaw9uswqioii2ntgxnwm4os03yjrmlwrmogqtywexnc1kmtnkmdrknwezyteilcjkzwj1z0luzm8ionsiyxbwtmftzsi6ikldyxjfu2vydmljzv9db25zb2xliiwiyxbwvhlwzsi6iknvbnnvbguilcjhchboyw1lc3bhy2uioijjiiwibg9jyxrpb24ioijmb3jjztpvymply3rib21lrgvza3rvccisinnvymply3ruexblijoiq29tbwl0dgvlx01lbwjlcl9fyyj9fswiz3jvdxbjzci6ikrfrkfvtfqifswic3rhdguiont9fq%3d%3d</small> </font> </div>
<div class="test-event"> <font color="maroon"> <small> &emsp; &emsp;--- 15 Oct 11:48:26 978 - <b>0</b> - Page Load Wait: (Sync) - ICar.support.Utils.waitForPageLoad(Utils.java:109)</small> </font> </div>
<div class="test-event"> <font color="maroon"> <small> &emsp; &emsp;--- 15 Oct 11:48:27 325 - Page URL:: https://i-car--staging.sandbox.lightning.force.com/one/one.app#eyjjb21wb25lbnrezwyioijmb3jjzvnlyxjjadpzzwfyy2hqywdlrgvza3rvccisimf0dhjpynv0zxmionsidgvybsi6ikfudghvbnkgqnjvb2tzojuxmc0wmja4ie1ldhjviejhbhrpbw9yzsbnrcisinnjb3bltwfwijp7inr5cguioijut1bfukvtvuxuuyisim5hbwvzcgfjzsi6iiisimxhymvsijoivg9wifjlc3vsdhmilcjsywjlbfbsdxjhbci6ilrvccbszxn1bhrziiwicmvzdwx0c0ntcci6imzvcmnlu2vhcmnoonbyzwrpy3rlzfjlc3vsdhmifswiy29udgv4dci6eyjgsuxurvjtijp7fswic2vhcmnou291cmnlijoiqvntsvnuqu5ux0rjquxpryisimrpc2fibgvjbnrlbnrrdwvyesi6zmfsc2usimrpc2fibgvtcgvsbenvcnjly3rpb24iomzhbhnllcjzzwfyy2heawfsb2dtzxnzaw9uswqioii2ntgxnwm4os03yjrmlwrmogqtywexnc1kmtnkmdrknwezyteilcjkzwj1z0luzm8ionsiyxbwtmftzsi6ikldyxjfu2vydmljzv9db25zb2xliiwiyxbwvhlwzsi6iknvbnnvbguilcjhchboyw1lc3bhy2uioijjiiwibg9jyxrpb24ioijmb3jjztpvymply3rib21lrgvza3rvccisinnvymply3ruexblijoiq29tbwl0dgvlx01lbwjlcl9fyyj9fswiz3jvdxbjzci6ikrfrkfvtfqifswic3rhdguiont9fq%3d%3d</small> </font> </div>
<div class="test-event"> <font color="maroon"> <small> &emsp; &emsp;--- 15 Oct 11:48:27 325 - <b>0</b> - Page Load Wait: (Sync) - ICar.support.Utils.waitForPageLoad(Utils.java:109)</small> </font> </div>
<div class="test-event"> <font color="maroon"> <small> &emsp; &emsp;--- 15 Oct 11:48:37 781 - Catched spinner load exception due to Expected condition failed: waiting for ICar.support.WaitUtils$4@3e310ae5 (tried for 10 second(s) with 500 milliseconds interval)</small> </font> </div>
<div class="test-event"> <font color="maroon"> <small> &emsp; &emsp;--- 15 Oct 11:48:37 781 - <b>10</b> - Spinner Load Wait: (Sync) - ICar.support.WaitUtils.waitForSpinner(WaitUtils.java:225)</small> </font> </div>
<div class="test-event"> <font color="maroon"> <small> &emsp; &emsp;--- 15 Oct 11:48:37 816 - Element is displayed:: [[ChromeDriver: chrome on WINDOWS (1a3338f96e6ce072f6ce7994eaa27959)] -> css selector: div.forceSearchResultsRegion div.resultsMultiWrapper >div > div table tbody th a]</small> </font> </div>
<div class="test-event"> <font color="maroon"> <small> &emsp; &emsp;--- 15 Oct 11:48:37 910 - Element is displayed:: [[ChromeDriver: chrome on WINDOWS (1a3338f96e6ce072f6ce7994eaa27959)] -> css selector: div.forceSearchResultsRegion div.resultsMultiWrapper >div > div table tbody th a]</small> </font> </div>
<div class="test-event"> <font color="maroon"> <small> &emsp; &emsp;--- 15 Oct 11:48:38 419 - Page URL:: https://i-car--staging.sandbox.lightning.force.com/one/one.app#eyjjb21wb25lbnrezwyioijmb3jjzvnlyxjjadpzzwfyy2hqywdlrgvza3rvccisimf0dhjpynv0zxmionsidgvybsi6ikfudghvbnkgqnjvb2tzojuxmc0wmja4ie1ldhjviejhbhrpbw9yzsbnrcisinnjb3bltwfwijp7inr5cguioijut1bfukvtvuxuuyisim5hbwvzcgfjzsi6iiisimxhymvsijoivg9wifjlc3vsdhmilcjsywjlbfbsdxjhbci6ilrvccbszxn1bhrziiwicmvzdwx0c0ntcci6imzvcmnlu2vhcmnoonbyzwrpy3rlzfjlc3vsdhmifswiy29udgv4dci6eyjgsuxurvjtijp7fswic2vhcmnou291cmnlijoiqvntsvnuqu5ux0rjquxpryisimrpc2fibgvjbnrlbnrrdwvyesi6zmfsc2usimrpc2fibgvtcgvsbenvcnjly3rpb24iomzhbhnllcjzzwfyy2heawfsb2dtzxnzaw9uswqioii2ntgxnwm4os03yjrmlwrmogqtywexnc1kmtnkmdrknwezyteilcjkzwj1z0luzm8ionsiyxbwtmftzsi6ikldyxjfu2vydmljzv9db25zb2xliiwiyxbwvhlwzsi6iknvbnnvbguilcjhchboyw1lc3bhy2uioijjiiwibg9jyxrpb24ioijmb3jjztpvymply3rib21lrgvza3rvccisinnvymply3ruexblijoiq29tbwl0dgvlx01lbwjlcl9fyyj9fswiz3jvdxbjzci6ikrfrkfvtfqifswic3rhdguiont9fq%3d%3d</small> </font> </div>
<div class="test-event"> <font color="maroon"> <small> &emsp; &emsp;--- 15 Oct 11:48:38 419 - <b>0</b> - Page Load Wait: (Sync) - ICar.support.Utils.waitForPageLoad(Utils.java:109)</small> </font> </div>
<div class="test-message">&emsp;Role displayed Committee Member</div>
<div class="test-message">&emsp;Successfully verified - Contact name Anthony Bruce Brooks whose role displayed as Committee Member</div>
<div class="test-event"> <font color="maroon"> <small> &emsp; &emsp;--- 15 Oct 11:48:44 321 - Page URL:: https://i-car--staging.sandbox.lightning.force.com/lightning/r/committee_member__c/a371i000000ir8rqaq/view</small> </font> </div>
<div class="test-event"> <font color="maroon"> <small> &emsp; &emsp;--- 15 Oct 11:48:44 321 - <b>0</b> - Page Load Wait: (Sync) - ICar.support.Utils.waitForPageLoad(Utils.java:109)</small> </font> </div>
<div class="test-event"> <font color="maroon"> <small> &emsp; &emsp;--- 15 Oct 11:48:49 549 - Page URL:: https://i-car--staging.sandbox.lightning.force.com/lightning/r/committee_member__c/a371i000000ir8rqaq/view</small> </font> </div>
<div class="test-event"> <font color="maroon"> <small> &emsp; &emsp;--- 15 Oct 11:48:49 549 - <b>0</b> - Page Load Wait: (Sync) - ICar.support.Utils.waitForPageLoad(Utils.java:109)</small> </font> </div>
<div class="test-event"> <font color="maroon"> <small> &emsp; &emsp;--- 15 Oct 11:48:53 932 - Page URL:: https://i-car--staging.sandbox.lightning.force.com/lightning/r/committee_member__c/a371i000000ir8rqaq/view</small> </font> </div>
<div class="test-event"> <font color="maroon"> <small> &emsp; &emsp;--- 15 Oct 11:48:53 932 - <b>0</b> - Page Load Wait: (Sync) - ICar.support.Utils.waitForPageLoad(Utils.java:109)</small> </font> </div>
<div class="test-event"> <font color="maroon"> <small> &emsp; &emsp;--- 15 Oct 11:48:53 989 - Element is displayed:: [[ChromeDriver: chrome on WINDOWS (1a3338f96e6ce072f6ce7994eaa27959)] -> css selector: button[class*='search-button']]</small> </font> </div>
<div class="test-event"> <font color="maroon"> <small> &emsp; &emsp;--- 15 Oct 11:48:56 089 - Catched spinner load exception due to Expected condition failed: waiting for ICar.support.WaitUtils$4@3e310ae5 (tried for 2 second(s) with 500 milliseconds interval)</small> </font> </div>
<div class="test-event"> <font color="maroon"> <small> &emsp; &emsp;--- 15 Oct 11:48:56 089 - <b>2</b> - Spinner Load Wait: (Sync) - ICar.support.WaitUtils.waitForSpinner(WaitUtils.java:225)</small> </font> </div>
<div class="test-event"> <font color="maroon"> <small> &emsp; &emsp;--- 15 Oct 11:48:59 182 - Element is displayed:: [[ChromeDriver: chrome on WINDOWS (1a3338f96e6ce072f6ce7994eaa27959)] -> css selector: button[class*='search-button']]</small> </font> </div>
<div class="test-event"> <font color="maroon"> <small> &emsp; &emsp;--- 15 Oct 11:48:59 770 - Page URL:: https://i-car--staging.sandbox.lightning.force.com/lightning/o/committee__c/list?filtername=__recent</small> </font> </div>
<div class="test-event"> <font color="maroon"> <small> &emsp; &emsp;--- 15 Oct 11:48:59 770 - <b>0</b> - Page Load Wait: (Sync) - ICar.support.Utils.waitForPageLoad(Utils.java:109)</small> </font> </div>
<div class="test-event"> <font color="maroon"> <small> &emsp; &emsp;--- 15 Oct 11:49:19 505 - Catched spinner load exception due to Expected condition failed: waiting for ICar.support.WaitUtils$4@3e310ae5 (tried for 10 second(s) with 500 milliseconds interval)</small> </font> </div>
<div class="test-event"> <font color="maroon"> <small> &emsp; &emsp;--- 15 Oct 11:49:19 505 - <b>10</b> - Spinner Load Wait: (Sync) - ICar.support.WaitUtils.waitForSpinner(WaitUtils.java:225)</small> </font> </div>
<div class="test-event"> <font color="maroon"> <small> &emsp; &emsp;--- 15 Oct 11:49:20 311 - Page URL:: https://i-car--staging.sandbox.lightning.force.com/one/one.app#eyjjb21wb25lbnrezwyioijmb3jjzvnlyxjjadpzzwfyy2hqywdlrgvza3rvccisimf0dhjpynv0zxmionsidgvybsi6ijiynzkzmtiilcjzy29wzu1hcci6eyj0exblijoive9qx1jfu1vmvfmilcjuyw1lc3bhy2uioiiilcjsywjlbci6ilrvccbszxn1bhrziiwibgfizwxqbhvyywwioijub3agumvzdwx0cyisinjlc3vsdhndbxaioijmb3jjzvnlyxjjadpwcmvkawn0zwrszxn1bhrzin0simnvbnrlehqionsirklmvevsuyi6e30sinnlyxjjafnvdxjjzsi6ikftu0ltvefovf9esufmt0cilcjkaxnhymxlsw50zw50uxvlcnkiomzhbhnllcjkaxnhymxlu3blbgxdb3jyzwn0aw9uijpmywxzzswic2vhcmnorglhbg9nu2vzc2lvbklkijoimmuyztjmyzctngu5ny0yn2qylwziztgtogu1zdgxnzexn2vhiiwizgvidwdjbmzvijp7imfwce5hbwuioijjq2fyx1nlcnzpy2vfq29uc29szsisimfwcfr5cguioijdb25zb2xliiwiyxbwtmftzxnwywnlijoiyyisimxvy2f0aw9uijoizm9yy2u6b2jqzwn0sg9tzurlc2t0b3ailcjzb2jqzwn0vhlwzsi6iknvbw1pdhrlzv9fyyj9fswiz3jvdxbjzci6ikrfrkfvtfqifswic3rhdguiont9fq%3d%3d</small> </font> </div>
<div class="test-event"> <font color="maroon"> <small> &emsp; &emsp;--- 15 Oct 11:49:20 311 - <b>0</b> - Page Load Wait: (Sync) - ICar.support.Utils.waitForPageLoad(Utils.java:109)</small> </font> </div>
<div class="test-event"> <font color="maroon"> <small> &emsp; &emsp;--- 15 Oct 11:49:31 830 - Catched spinner load exception due to Expected condition failed: waiting for ICar.support.WaitUtils$4@3e310ae5 (tried for 11 second(s) with 500 milliseconds interval)</small> </font> </div>
<div class="test-event"> <font color="maroon"> <small> &emsp; &emsp;--- 15 Oct 11:49:31 831 - <b>11</b> - Spinner Load Wait: (Sync) - ICar.support.WaitUtils.waitForSpinner(WaitUtils.java:225)</small> </font> </div>
<div class="test-event"> <font color="maroon"> <small> &emsp; &emsp;--- 15 Oct 11:49:32 591 - Page URL:: https://i-car--staging.sandbox.lightning.force.com/one/one.app#eyjjb21wb25lbnrezwyioijmb3jjzvnlyxjjadpzzwfyy2hqywdlrgvza3rvccisimf0dhjpynv0zxmionsidgvybsi6ijiynzkzmtiilcjzy29wzu1hcci6eyj0exblijoive9qx1jfu1vmvfmilcjuyw1lc3bhy2uioiiilcjsywjlbci6ilrvccbszxn1bhrziiwibgfizwxqbhvyywwioijub3agumvzdwx0cyisinjlc3vsdhndbxaioijmb3jjzvnlyxjjadpwcmvkawn0zwrszxn1bhrzin0simnvbnrlehqionsirklmvevsuyi6e30sinnlyxjjafnvdxjjzsi6ikftu0ltvefovf9esufmt0cilcjkaxnhymxlsw50zw50uxvlcnkiomzhbhnllcjkaxnhymxlu3blbgxdb3jyzwn0aw9uijpmywxzzswic2vhcmnorglhbg9nu2vzc2lvbklkijoimmuyztjmyzctngu5ny0yn2qylwziztgtogu1zdgxnzexn2vhiiwizgvidwdjbmzvijp7imfwce5hbwuioijjq2fyx1nlcnzpy2vfq29uc29szsisimfwcfr5cguioijdb25zb2xliiwiyxbwtmftzxnwywnlijoiyyisimxvy2f0aw9uijoizm9yy2u6b2jqzwn0sg9tzurlc2t0b3ailcjzb2jqzwn0vhlwzsi6iknvbw1pdhrlzv9fyyj9fswiz3jvdxbjzci6ikrfrkfvtfqifswic3rhdguiont9fq%3d%3d</small> </font> </div>
<div class="test-event"> <font color="maroon"> <small> &emsp; &emsp;--- 15 Oct 11:49:32 591 - <b>0</b> - Page Load Wait: (Sync) - ICar.support.Utils.waitForPageLoad(Utils.java:109)</small> </font> </div>
<div class="test-event"> <font color="maroon"> <small> &emsp; &emsp;--- 15 Oct 11:49:32 652 - Element is displayed:: [[ChromeDriver: chrome on WINDOWS (1a3338f96e6ce072f6ce7994eaa27959)] -> xpath: //a[@title='Top Results']//span[text()='Top Results']]</small> </font> </div>
<div class="test-event"> <font color="maroon"> <small> &emsp; &emsp;--- 15 Oct 11:49:33 041 - Page URL:: https://i-car--staging.sandbox.lightning.force.com/one/one.app#eyjjb21wb25lbnrezwyioijmb3jjzvnlyxjjadpzzwfyy2hqywdlrgvza3rvccisimf0dhjpynv0zxmionsidgvybsi6ijiynzkzmtiilcjzy29wzu1hcci6eyj0exblijoive9qx1jfu1vmvfmilcjuyw1lc3bhy2uioiiilcjsywjlbci6ilrvccbszxn1bhrziiwibgfizwxqbhvyywwioijub3agumvzdwx0cyisinjlc3vsdhndbxaioijmb3jjzvnlyxjjadpwcmvkawn0zwrszxn1bhrzin0simnvbnrlehqionsirklmvevsuyi6e30sinnlyxjjafnvdxjjzsi6ikftu0ltvefovf9esufmt0cilcjkaxnhymxlsw50zw50uxvlcnkiomzhbhnllcjkaxnhymxlu3blbgxdb3jyzwn0aw9uijpmywxzzswic2vhcmnorglhbg9nu2vzc2lvbklkijoimmuyztjmyzctngu5ny0yn2qylwziztgtogu1zdgxnzexn2vhiiwizgvidwdjbmzvijp7imfwce5hbwuioijjq2fyx1nlcnzpy2vfq29uc29szsisimfwcfr5cguioijdb25zb2xliiwiyxbwtmftzxnwywnlijoiyyisimxvy2f0aw9uijoizm9yy2u6b2jqzwn0sg9tzurlc2t0b3ailcjzb2jqzwn0vhlwzsi6iknvbw1pdhrlzv9fyyj9fswiz3jvdxbjzci6ikrfrkfvtfqifswic3rhdguiont9fq%3d%3d</small> </font> </div>
<div class="test-event"> <font color="maroon"> <small> &emsp; &emsp;--- 15 Oct 11:49:33 041 - <b>0</b> - Page Load Wait: (Sync) - ICar.support.Utils.waitForPageLoad(Utils.java:109)</small> </font> </div>
<div class="test-event"> <font color="maroon"> <small> &emsp; &emsp;--- 15 Oct 11:49:38 150 - Catched spinner load exception due to Expected condition failed: waiting for ICar.support.WaitUtils$4@3e310ae5 (tried for 5 second(s) with 500 milliseconds interval)</small> </font> </div>
<div class="test-event"> <font color="maroon"> <small> &emsp; &emsp;--- 15 Oct 11:49:38 150 - <b>5</b> - Spinner Load Wait: (Sync) - ICar.support.WaitUtils.waitForSpinner(WaitUtils.java:225)</small> </font> </div>
<div class="test-event"> <font color="maroon"> <small> &emsp; &emsp;--- 15 Oct 11:49:38 849 - Page URL:: https://i-car--staging.sandbox.lightning.force.com/one/one.app#eyjjb21wb25lbnrezwyioijmb3jjzvnlyxjjadpzzwfyy2hqywdlrgvza3rvccisimf0dhjpynv0zxmionsidgvybsi6ijiynzkzmtiilcjzy29wzu1hcci6eyj0exblijoive9qx1jfu1vmvfmilcjuyw1lc3bhy2uioiiilcjsywjlbci6ilrvccbszxn1bhrziiwibgfizwxqbhvyywwioijub3agumvzdwx0cyisinjlc3vsdhndbxaioijmb3jjzvnlyxjjadpwcmvkawn0zwrszxn1bhrzin0simnvbnrlehqionsirklmvevsuyi6e30sinnlyxjjafnvdxjjzsi6ikftu0ltvefovf9esufmt0cilcjkaxnhymxlsw50zw50uxvlcnkiomzhbhnllcjkaxnhymxlu3blbgxdb3jyzwn0aw9uijpmywxzzswic2vhcmnorglhbg9nu2vzc2lvbklkijoimmuyztjmyzctngu5ny0yn2qylwziztgtogu1zdgxnzexn2vhiiwizgvidwdjbmzvijp7imfwce5hbwuioijjq2fyx1nlcnzpy2vfq29uc29szsisimfwcfr5cguioijdb25zb2xliiwiyxbwtmftzxnwywnlijoiyyisimxvy2f0aw9uijoizm9yy2u6b2jqzwn0sg9tzurlc2t0b3ailcjzb2jqzwn0vhlwzsi6iknvbw1pdhrlzv9fyyj9fswiz3jvdxbjzci6ikrfrkfvtfqifswic3rhdguiont9fq%3d%3d</small> </font> </div>
<div class="test-event"> <font color="maroon"> <small> &emsp; &emsp;--- 15 Oct 11:49:38 849 - <b>0</b> - Page Load Wait: (Sync) - ICar.support.Utils.waitForPageLoad(Utils.java:109)</small> </font> </div>
<div class="test-event"> <font color="maroon"> <small> &emsp; &emsp;--- 15 Oct 11:49:39 558 - Page URL:: https://i-car--staging.sandbox.lightning.force.com/one/one.app#eyjjb21wb25lbnrezwyioijmb3jjzvnlyxjjadpzzwfyy2hqywdlrgvza3rvccisimf0dhjpynv0zxmionsidgvybsi6ijiynzkzmtiilcjzy29wzu1hcci6eyj0exblijoive9qx1jfu1vmvfmilcjuyw1lc3bhy2uioiiilcjsywjlbci6ilrvccbszxn1bhrziiwibgfizwxqbhvyywwioijub3agumvzdwx0cyisinjlc3vsdhndbxaioijmb3jjzvnlyxjjadpwcmvkawn0zwrszxn1bhrzin0simnvbnrlehqionsirklmvevsuyi6e30sinnlyxjjafnvdxjjzsi6ikftu0ltvefovf9esufmt0cilcjkaxnhymxlsw50zw50uxvlcnkiomzhbhnllcjkaxnhymxlu3blbgxdb3jyzwn0aw9uijpmywxzzswic2vhcmnorglhbg9nu2vzc2lvbklkijoimmuyztjmyzctngu5ny0yn2qylwziztgtogu1zdgxnzexn2vhiiwizgvidwdjbmzvijp7imfwce5hbwuioijjq2fyx1nlcnzpy2vfq29uc29szsisimfwcfr5cguioijdb25zb2xliiwiyxbwtmftzxnwywnlijoiyyisimxvy2f0aw9uijoizm9yy2u6b2jqzwn0sg9tzurlc2t0b3ailcjzb2jqzwn0vhlwzsi6iknvbw1pdhrlzv9fyyj9fswiz3jvdxbjzci6ikrfrkfvtfqifswic3rhdguiont9fq%3d%3d</small> </font> </div>
<div class="test-event"> <font color="maroon"> <small> &emsp; &emsp;--- 15 Oct 11:49:39 559 - <b>0</b> - Page Load Wait: (Sync) - ICar.support.Utils.waitForPageLoad(Utils.java:109)</small> </font> </div>
<div class="test-event"> <font color="maroon"> <small> &emsp; &emsp;--- 15 Oct 11:49:40 266 - Page URL:: https://i-car--staging.sandbox.lightning.force.com/one/one.app#eyjjb21wb25lbnrezwyioijmb3jjzvnlyxjjadpzzwfyy2hqywdlrgvza3rvccisimf0dhjpynv0zxmionsidgvybsi6ijiynzkzmtiilcjzy29wzu1hcci6eyj0exblijoive9qx1jfu1vmvfmilcjuyw1lc3bhy2uioiiilcjsywjlbci6ilrvccbszxn1bhrziiwibgfizwxqbhvyywwioijub3agumvzdwx0cyisinjlc3vsdhndbxaioijmb3jjzvnlyxjjadpwcmvkawn0zwrszxn1bhrzin0simnvbnrlehqionsirklmvevsuyi6e30sinnlyxjjafnvdxjjzsi6ikftu0ltvefovf9esufmt0cilcjkaxnhymxlsw50zw50uxvlcnkiomzhbhnllcjkaxnhymxlu3blbgxdb3jyzwn0aw9uijpmywxzzswic2vhcmnorglhbg9nu2vzc2lvbklkijoimmuyztjmyzctngu5ny0yn2qylwziztgtogu1zdgxnzexn2vhiiwizgvidwdjbmzvijp7imfwce5hbwuioijjq2fyx1nlcnzpy2vfq29uc29szsisimfwcfr5cguioijdb25zb2xliiwiyxbwtmftzxnwywnlijoiyyisimxvy2f0aw9uijoizm9yy2u6b2jqzwn0sg9tzurlc2t0b3ailcjzb2jqzwn0vhlwzsi6iknvbw1pdhrlzv9fyyj9fswiz3jvdxbjzci6ikrfrkfvtfqifswic3rhdguiont9fq%3d%3d</small> </font> </div>
<div class="test-event"> <font color="maroon"> <small> &emsp; &emsp;--- 15 Oct 11:49:40 266 - <b>0</b> - Page Load Wait: (Sync) - ICar.support.Utils.waitForPageLoad(Utils.java:109)</small> </font> </div>
<div class="test-event"> <font color="maroon"> <small> &emsp; &emsp;--- 15 Oct 11:49:48 656 - Catched spinner load exception due to Expected condition failed: waiting for ICar.support.WaitUtils$4@3e310ae5 (tried for 8 second(s) with 500 milliseconds interval)</small> </font> </div>
<div class="test-event"> <font color="maroon"> <small> &emsp; &emsp;--- 15 Oct 11:49:48 656 - <b>8</b> - Spinner Load Wait: (Sync) - ICar.support.WaitUtils.waitForSpinner(WaitUtils.java:225)</small> </font> </div>
<div class="test-event"> <font color="maroon"> <small> &emsp; &emsp;--- 15 Oct 11:49:49 345 - Page URL:: https://i-car--staging.sandbox.lightning.force.com/one/one.app#eyjjb21wb25lbnrezwyioijmb3jjzvnlyxjjadpzzwfyy2hqywdlrgvza3rvccisimf0dhjpynv0zxmionsidgvybsi6ijiynzkzmtiilcjzy29wzu1hcci6eyj0exblijoive9qx1jfu1vmvfmilcjuyw1lc3bhy2uioiiilcjsywjlbci6ilrvccbszxn1bhrziiwibgfizwxqbhvyywwioijub3agumvzdwx0cyisinjlc3vsdhndbxaioijmb3jjzvnlyxjjadpwcmvkawn0zwrszxn1bhrzin0simnvbnrlehqionsirklmvevsuyi6e30sinnlyxjjafnvdxjjzsi6ikftu0ltvefovf9esufmt0cilcjkaxnhymxlsw50zw50uxvlcnkiomzhbhnllcjkaxnhymxlu3blbgxdb3jyzwn0aw9uijpmywxzzswic2vhcmnorglhbg9nu2vzc2lvbklkijoimmuyztjmyzctngu5ny0yn2qylwziztgtogu1zdgxnzexn2vhiiwizgvidwdjbmzvijp7imfwce5hbwuioijjq2fyx1nlcnzpy2vfq29uc29szsisimfwcfr5cguioijdb25zb2xliiwiyxbwtmftzxnwywnlijoiyyisimxvy2f0aw9uijoizm9yy2u6b2jqzwn0sg9tzurlc2t0b3ailcjzb2jqzwn0vhlwzsi6iknvbw1pdhrlzv9fyyj9fswiz3jvdxbjzci6ikrfrkfvtfqifswic3rhdguiont9fq%3d%3d</small> </font> </div>
<div class="test-event"> <font color="maroon"> <small> &emsp; &emsp;--- 15 Oct 11:49:49 345 - <b>0</b> - Page Load Wait: (Sync) - ICar.support.Utils.waitForPageLoad(Utils.java:109)</small> </font> </div>
<div class="test-event"> <font color="maroon"> <small> &emsp; &emsp;--- 15 Oct 11:49:51 489 - Element is displayed:: [[ChromeDriver: chrome on WINDOWS (1a3338f96e6ce072f6ce7994eaa27959)] -> xpath: //div[contains(@class,'forceSearchResultsRegion')]//div[contains(@class,'resultsMultiWrapper')]/div/div[1]//following::h2//a]</small> </font> </div>
<div class="test-event"> <font color="maroon"> <small> &emsp; &emsp;--- 15 Oct 11:49:51 790 - Element is displayed:: [[ChromeDriver: chrome on WINDOWS (1a3338f96e6ce072f6ce7994eaa27959)] -> xpath: //a[text()='Contacts']]</small> </font> </div>
<div class="test-event"> <font color="maroon"> <small> &emsp; &emsp;--- 15 Oct 11:49:56 085 - Element is displayed:: [[ChromeDriver: chrome on WINDOWS (1a3338f96e6ce072f6ce7994eaa27959)] -> xpath: //div[text()='Contacts']//following :: table//tbody//th//span /a]</small> </font> </div>
<div class="test-message">&emsp;Enter ICAR ID  2279312</div>
<div class="test-event"> <font color="maroon"> <small> &emsp; &emsp;--- 15 Oct 11:50:11 742 - Catched spinner load exception due to Expected condition failed: waiting for ICar.support.WaitUtils$4@3e310ae5 (tried for 15 second(s) with 500 milliseconds interval)</small> </font> </div>
<div class="test-event"> <font color="maroon"> <small> &emsp; &emsp;--- 15 Oct 11:50:11 742 - <b>15</b> - Spinner Load Wait: (Sync) - ICar.support.WaitUtils.waitForSpinner(WaitUtils.java:225)</small> </font> </div>
<div class="test-event"> <font color="maroon"> <small> &emsp; &emsp;--- 15 Oct 11:50:12 332 - Page URL:: https://i-car--staging.sandbox.lightning.force.com/lightning/r/contact/0031i00000oeh1aqaa/view</small> </font> </div>
<div class="test-event"> <font color="maroon"> <small> &emsp; &emsp;--- 15 Oct 11:50:12 332 - <b>0</b> - Page Load Wait: (Sync) - ICar.support.Utils.waitForPageLoad(Utils.java:109)</small> </font> </div>
<div class="test-event"> <font color="maroon"> <small> &emsp; &emsp;--- 15 Oct 11:50:27 508 - Catched spinner load exception due to Expected condition failed: waiting for ICar.support.WaitUtils$4@3e310ae5 (tried for 15 second(s) with 500 milliseconds interval)</small> </font> </div>
<div class="test-event"> <font color="maroon"> <small> &emsp; &emsp;--- 15 Oct 11:50:27 508 - <b>15</b> - Spinner Load Wait: (Sync) - ICar.support.WaitUtils.waitForSpinner(WaitUtils.java:225)</small> </font> </div>
<div class="test-event"> <font color="maroon"> <small> &emsp; &emsp;--- 15 Oct 11:50:27 576 - Element is displayed:: [[ChromeDriver: chrome on WINDOWS (1a3338f96e6ce072f6ce7994eaa27959)] -> xpath: //button[text()='Access Shopping Cart - New']]</small> </font> </div>
<div class="test-event"> <font color="maroon"> <small> &emsp; &emsp;--- 15 Oct 11:50:29 693 - Element is displayed:: [[ChromeDriver: chrome on WINDOWS (1a3338f96e6ce072f6ce7994eaa27959)] -> xpath: //button[text()='Access Shopping Cart - New']]</small> </font> </div>
<div class="test-event"> <font color="maroon"> <small> &emsp; &emsp;--- 15 Oct 11:50:38 403 - Page URL:: https://i-car--staging.sandbox.lightning.force.com/lightning/r/contact/0031i00000oeh1aqaa/view</small> </font> </div>
<div class="test-event"> <font color="maroon"> <small> &emsp; &emsp;--- 15 Oct 11:50:38 403 - <b>0</b> - Page Load Wait: (Sync) - ICar.support.Utils.waitForPageLoad(Utils.java:109)</small> </font> </div>
<div class="test-event"> <font color="maroon"> <small> &emsp; &emsp;--- 15 Oct 11:51:01 266 - Catched spinner load exception due to Expected condition failed: waiting for ICar.support.WaitUtils$4@3e310ae5 (tried for 10 second(s) with 500 milliseconds interval)</small> </font> </div>
<div class="test-event"> <font color="maroon"> <small> &emsp; &emsp;--- 15 Oct 11:51:01 266 - <b>10</b> - Spinner Load Wait: (Sync) - ICar.support.WaitUtils.waitForSpinner(WaitUtils.java:225)</small> </font> </div>
<div class="test-event"> <font color="maroon"> <small> &emsp; &emsp;--- 15 Oct 11:51:01 353 - Element is displayed:: [[ChromeDriver: chrome on WINDOWS (1a3338f96e6ce072f6ce7994eaa27959)] -> xpath: //button[@value='Launch My Learning']]</small> </font> </div>
<div class="test-message">&emsp;5. Clicked the 'Access Shoping cart'  & Navigated to the user home page.</div>
<div class="test-message">&emsp;Successfully verified-Access committee portal link not displayed on portal</div>
<div class="test-result"><br><font color="green"><strong> Test Passed. </strong></font> </div>&emsp;
&emsp;<div class="test-title"> <strong><font size = "3" color = "#0000FF">---Test Execution Ends---</font> </strong> </div>&emsp;
<div class="test-event"> <font color="maroon"> <small> &emsp; &emsp;--- 15 Oct 11:51:06 429 - TestCaseID:: B2B1000_TC04</small> </font> </div>
<div class="test-event"> <font color="maroon"> <small> &emsp; &emsp;--- 15 Oct 11:51:07 469 - <b>1</b> - Driver::initialize::Get - ICar.support.WebDriverFactory.getDriver(WebDriverFactory.java:640)</small> </font> </div>
&emsp;<div class="test-title"> <strong><font size = "3" color = "#000080">Student/TM who is not a Committee Officer has no access to \"Access Committee Portal\"</font> </strong> </div>&emsp;<div><strong>Steps:</strong></div><!-- Report -->&emsp;
<div class="test-event"> <font color="maroon"> <small> &emsp; &emsp;--- 15 Oct 11:51:13 071 - Page URL:: https://i-car--staging.sandbox.my.salesforce.com/</small> </font> </div>
<div class="test-event"> <font color="maroon"> <small> &emsp; &emsp;--- 15 Oct 11:51:13 071 - <b>0</b> - Page Load Wait: (Sync) - ICar.support.Utils.waitForPageLoad(Utils.java:109)</small> </font> </div>
<div class="test-event"> <font color="maroon"> <small> &emsp; &emsp;--- 15 Oct 11:51:25 903 - Page URL:: https://i-car--staging.sandbox.my.salesforce.com/</small> </font> </div>
<div class="test-event"> <font color="maroon"> <small> &emsp; &emsp;--- 15 Oct 11:51:25 904 - <b>0</b> - Page Load Wait: (Sync) - ICar.support.Utils.waitForPageLoad(Utils.java:109)</small> </font> </div>
<div class="test-message">&emsp;Successfully navigated to 'Login' Page&emsp;<a href=".\ScreenShot\B2B1000_TC04_1255280989519300.png" target="_blank" >[ScreenShot]</a></div>
<div class="test-message">&emsp;1. Login page is launched.</div>
<div class="test-event"> <font color="maroon"> <small> &emsp; &emsp;--- 15 Oct 11:51:26 151 - Element is displayed:: [[ChromeDriver: chrome on WINDOWS (bc17308d8d939a895bf0aae8f90575a0)] -> id: username]</small> </font> </div>
<div class="test-event"> <font color="maroon"> <small> &emsp; &emsp;--- 15 Oct 11:51:26 214 - Element is displayed:: [[ChromeDriver: chrome on WINDOWS (bc17308d8d939a895bf0aae8f90575a0)] -> id: username]</small> </font> </div>
<div class="test-event"> <font color="maroon"> <small> &emsp; &emsp;--- 15 Oct 11:51:26 462 - Element is displayed:: [[ChromeDriver: chrome on WINDOWS (bc17308d8d939a895bf0aae8f90575a0)] -> id: password]</small> </font> </div>
<div class="test-event"> <font color="maroon"> <small> &emsp; &emsp;--- 15 Oct 11:51:26 673 - Element is displayed:: [[ChromeDriver: chrome on WINDOWS (bc17308d8d939a895bf0aae8f90575a0)] -> id: Login]</small> </font> </div>
<div class="test-event"> <font color="maroon"> <small> &emsp; &emsp;--- 15 Oct 11:52:00 950 - Catched spinner load exception due to Expected condition failed: waiting for ICar.support.WaitUtils$4@3e310ae5 (tried for 13 second(s) with 500 milliseconds interval)</small> </font> </div>
<div class="test-event"> <font color="maroon"> <small> &emsp; &emsp;--- 15 Oct 11:52:00 951 - <b>13</b> - Spinner Load Wait: (Sync) - ICar.support.WaitUtils.waitForSpinner(WaitUtils.java:225)</small> </font> </div>
<div class="test-event"> <font color="maroon"> <small> &emsp; &emsp;--- 15 Oct 11:52:19 315 - Catched spinner load exception due to Expected condition failed: waiting for ICar.support.WaitUtils$4@3e310ae5 (tried for 6 second(s) with 500 milliseconds interval)</small> </font> </div>
<div class="test-event"> <font color="maroon"> <small> &emsp; &emsp;--- 15 Oct 11:52:19 315 - <b>6</b> - Spinner Load Wait: (Sync) - ICar.support.WaitUtils.waitForSpinner(WaitUtils.java:225)</small> </font> </div>
<div class="test-event"> <font color="maroon"> <small> &emsp; &emsp;--- 15 Oct 11:52:19 400 - Element is displayed:: [[ChromeDriver: chrome on WINDOWS (bc17308d8d939a895bf0aae8f90575a0)] -> css selector: button[class*='search-button']]</small> </font> </div>
<div class="test-message">&emsp;2. Navigate to 'SalesForce Page'</div>
<div class="test-event"> <font color="maroon"> <small> &emsp; &emsp;--- 15 Oct 11:52:19 851 - Page URL:: https://i-car--staging.sandbox.lightning.force.com/lightning/r/contact/0031i00000oeh1aqaa/view</small> </font> </div>
<div class="test-event"> <font color="maroon"> <small> &emsp; &emsp;--- 15 Oct 11:52:19 851 - <b>0</b> - Page Load Wait: (Sync) - ICar.support.Utils.waitForPageLoad(Utils.java:109)</small> </font> </div>
<div class="test-event"> <font color="maroon"> <small> &emsp; &emsp;--- 15 Oct 11:52:25 429 - Page URL:: https://i-car--staging.sandbox.lightning.force.com/lightning/r/contact/0031i00000oeh1aqaa/view</small> </font> </div>
<div class="test-event"> <font color="maroon"> <small> &emsp; &emsp;--- 15 Oct 11:52:25 429 - <b>0</b> - Page Load Wait: (Sync) - ICar.support.Utils.waitForPageLoad(Utils.java:109)</small> </font> </div>
<div class="test-message">&emsp;Close the tab</div>
<div class="test-message">&emsp;Successfully navigated to 'Login' Page&emsp;<a href=".\ScreenShot\B2B1000_TC04_1255345788166700.png" target="_blank" >[ScreenShot]</a></div>
<div class="test-event"> <font color="maroon"> <small> &emsp; &emsp;--- 15 Oct 11:52:36 089 - Catched spinner load exception due to Expected condition failed: waiting for ICar.support.WaitUtils$4@3e310ae5 (tried for 5 second(s) with 500 milliseconds interval)</small> </font> </div>
<div class="test-event"> <font color="maroon"> <small> &emsp; &emsp;--- 15 Oct 11:52:36 089 - <b>5</b> - Spinner Load Wait: (Sync) - ICar.support.WaitUtils.waitForSpinner(WaitUtils.java:225)</small> </font> </div>
<div class="test-event"> <font color="maroon"> <small> &emsp; &emsp;--- 15 Oct 11:52:36 234 - Page URL:: https://i-car--staging.sandbox.lightning.force.com/lightning/o/committee__c/list?filtername=__recent</small> </font> </div>
<div class="test-event"> <font color="maroon"> <small> &emsp; &emsp;--- 15 Oct 11:52:36 234 - <b>0</b> - Page Load Wait: (Sync) - ICar.support.Utils.waitForPageLoad(Utils.java:109)</small> </font> </div>
<div class="test-event"> <font color="maroon"> <small> &emsp; &emsp;--- 15 Oct 11:52:36 306 - Element is displayed:: [[ChromeDriver: chrome on WINDOWS (bc17308d8d939a895bf0aae8f90575a0)] -> xpath: //div[contains(@class,'appLauncher ')]//button]</small> </font> </div>
<div class="test-event"> <font color="maroon"> <small> &emsp; &emsp;--- 15 Oct 11:52:36 373 - Element is displayed:: [[ChromeDriver: chrome on WINDOWS (bc17308d8d939a895bf0aae8f90575a0)] -> xpath: //div[contains(@class,'appLauncher ')]//button]</small> </font> </div>
<div class="test-event"> <font color="maroon"> <small> &emsp; &emsp;--- 15 Oct 11:52:38 018 - Element is displayed:: [[ChromeDriver: chrome on WINDOWS (bc17308d8d939a895bf0aae8f90575a0)] -> xpath: //input[@placeholder='Search apps and items...']]</small> </font> </div>
<div class="test-event"> <font color="maroon"> <small> &emsp; &emsp;--- 15 Oct 11:52:38 075 - Element is displayed:: [[ChromeDriver: chrome on WINDOWS (bc17308d8d939a895bf0aae8f90575a0)] -> xpath: //input[@placeholder='Search apps and items...']]</small> </font> </div>
<div class="test-event"> <font color="maroon"> <small> &emsp; &emsp;--- 15 Oct 11:52:41 354 - Element is displayed:: [[ChromeDriver: chrome on WINDOWS (bc17308d8d939a895bf0aae8f90575a0)] -> xpath: //lightning-formatted-rich-text/span/p/b[text()='Committees']]</small> </font> </div>
<div class="test-event"> <font color="maroon"> <small> &emsp; &emsp;--- 15 Oct 11:52:44 399 - Element is displayed:: [[ChromeDriver: chrome on WINDOWS (bc17308d8d939a895bf0aae8f90575a0)] -> xpath: //lightning-formatted-rich-text/span/p/b[text()='Committees']]</small> </font> </div>
<div class="test-event"> <font color="maroon"> <small> &emsp; &emsp;--- 15 Oct 11:52:44 748 - Page URL:: https://i-car--staging.sandbox.lightning.force.com/lightning/o/committee__c/home</small> </font> </div>
<div class="test-event"> <font color="maroon"> <small> &emsp; &emsp;--- 15 Oct 11:52:44 749 - <b>0</b> - Page Load Wait: (Sync) - ICar.support.Utils.waitForPageLoad(Utils.java:109)</small> </font> </div>
<div class="test-event"> <font color="maroon"> <small> &emsp; &emsp;--- 15 Oct 11:52:44 916 - Page URL:: https://i-car--staging.sandbox.lightning.force.com/lightning/o/committee__c/home</small> </font> </div>
<div class="test-event"> <font color="maroon"> <small> &emsp; &emsp;--- 15 Oct 11:52:44 916 - <b>0</b> - Page Load Wait: (Sync) - ICar.support.Utils.waitForPageLoad(Utils.java:109)</small> </font> </div>
<div class="test-event"> <font color="maroon"> <small> &emsp; &emsp;--- 15 Oct 11:52:50 159 - Page URL:: https://i-car--staging.sandbox.lightning.force.com/lightning/o/committee__c/list?filtername=__recent</small> </font> </div>
<div class="test-event"> <font color="maroon"> <small> &emsp; &emsp;--- 15 Oct 11:52:50 159 - <b>0</b> - Page Load Wait: (Sync) - ICar.support.Utils.waitForPageLoad(Utils.java:109)</small> </font> </div>
<div class="test-message">&emsp;Close the tab</div>
<div class="test-event"> <font color="maroon"> <small> &emsp; &emsp;--- 15 Oct 11:52:55 597 - Page URL:: https://i-car--staging.sandbox.lightning.force.com/lightning/o/committee__c/list?filtername=__recent</small> </font> </div>
<div class="test-event"> <font color="maroon"> <small> &emsp; &emsp;--- 15 Oct 11:52:55 597 - <b>0</b> - Page Load Wait: (Sync) - ICar.support.Utils.waitForPageLoad(Utils.java:109)</small> </font> </div>
<div class="test-event"> <font color="maroon"> <small> &emsp; &emsp;--- 15 Oct 11:52:55 641 - Element is displayed:: [[ChromeDriver: chrome on WINDOWS (bc17308d8d939a895bf0aae8f90575a0)] -> css selector: button[class*='search-button']]</small> </font> </div>
<div class="test-event"> <font color="maroon"> <small> &emsp; &emsp;--- 15 Oct 11:52:57 722 - Catched spinner load exception due to Expected condition failed: waiting for ICar.support.WaitUtils$4@3e310ae5 (tried for 2 second(s) with 500 milliseconds interval)</small> </font> </div>
<div class="test-event"> <font color="maroon"> <small> &emsp; &emsp;--- 15 Oct 11:52:57 722 - <b>2</b> - Spinner Load Wait: (Sync) - ICar.support.WaitUtils.waitForSpinner(WaitUtils.java:225)</small> </font> </div>
<div class="test-event"> <font color="maroon"> <small> &emsp; &emsp;--- 15 Oct 11:53:00 787 - Element is displayed:: [[ChromeDriver: chrome on WINDOWS (bc17308d8d939a895bf0aae8f90575a0)] -> css selector: button[class*='search-button']]</small> </font> </div>
<div class="test-event"> <font color="maroon"> <small> &emsp; &emsp;--- 15 Oct 11:53:01 174 - Page URL:: https://i-car--staging.sandbox.lightning.force.com/lightning/o/committee__c/list?filtername=__recent</small> </font> </div>
<div class="test-event"> <font color="maroon"> <small> &emsp; &emsp;--- 15 Oct 11:53:01 174 - <b>0</b> - Page Load Wait: (Sync) - ICar.support.Utils.waitForPageLoad(Utils.java:109)</small> </font> </div>
<div class="test-event"> <font color="maroon"> <small> &emsp; &emsp;--- 15 Oct 11:53:20 560 - Catched spinner load exception due to Expected condition failed: waiting for ICar.support.WaitUtils$4@3e310ae5 (tried for 10 second(s) with 500 milliseconds interval)</small> </font> </div>
<div class="test-event"> <font color="maroon"> <small> &emsp; &emsp;--- 15 Oct 11:53:20 560 - <b>10</b> - Spinner Load Wait: (Sync) - ICar.support.WaitUtils.waitForSpinner(WaitUtils.java:225)</small> </font> </div>
<div class="test-event"> <font color="maroon"> <small> &emsp; &emsp;--- 15 Oct 11:53:21 436 - Page URL:: https://i-car--staging.sandbox.lightning.force.com/one/one.app#eyjjb21wb25lbnrezwyioijmb3jjzvnlyxjjadpzzwfyy2hqywdlrgvza3rvccisimf0dhjpynv0zxmionsidgvybsi6iji0mjazodyilcjzy29wzu1hcci6eyj0exblijoive9qx1jfu1vmvfmilcjuyw1lc3bhy2uioiiilcjsywjlbci6ilrvccbszxn1bhrziiwibgfizwxqbhvyywwioijub3agumvzdwx0cyisinjlc3vsdhndbxaioijmb3jjzvnlyxjjadpwcmvkawn0zwrszxn1bhrzin0simnvbnrlehqionsirklmvevsuyi6e30sinnlyxjjafnvdxjjzsi6ikftu0ltvefovf9esufmt0cilcjkaxnhymxlsw50zw50uxvlcnkiomzhbhnllcjkaxnhymxlu3blbgxdb3jyzwn0aw9uijpmywxzzswic2vhcmnorglhbg9nu2vzc2lvbklkijoiowy5zdaznjgtogflms1jngi1lwmxzdgtodfjnwviytm3ngiziiwizgvidwdjbmzvijp7imfwce5hbwuioijjq2fyx1nlcnzpy2vfq29uc29szsisimfwcfr5cguioijdb25zb2xliiwiyxbwtmftzxnwywnlijoiyyisimxvy2f0aw9uijoizm9yy2u6b2jqzwn0sg9tzurlc2t0b3ailcjzb2jqzwn0vhlwzsi6iknvbw1pdhrlzv9fyyj9fswiz3jvdxbjzci6ikrfrkfvtfqifswic3rhdguiont9fq%3d%3d</small> </font> </div>
<div class="test-event"> <font color="maroon"> <small> &emsp; &emsp;--- 15 Oct 11:53:21 436 - <b>0</b> - Page Load Wait: (Sync) - ICar.support.Utils.waitForPageLoad(Utils.java:109)</small> </font> </div>
<div class="test-event"> <font color="maroon"> <small> &emsp; &emsp;--- 15 Oct 11:53:32 963 - Catched spinner load exception due to Expected condition failed: waiting for ICar.support.WaitUtils$4@3e310ae5 (tried for 11 second(s) with 500 milliseconds interval)</small> </font> </div>
<div class="test-event"> <font color="maroon"> <small> &emsp; &emsp;--- 15 Oct 11:53:32 963 - <b>11</b> - Spinner Load Wait: (Sync) - ICar.support.WaitUtils.waitForSpinner(WaitUtils.java:225)</small> </font> </div>
<div class="test-event"> <font color="maroon"> <small> &emsp; &emsp;--- 15 Oct 11:53:33 645 - Page URL:: https://i-car--staging.sandbox.lightning.force.com/one/one.app#eyjjb21wb25lbnrezwyioijmb3jjzvnlyxjjadpzzwfyy2hqywdlrgvza3rvccisimf0dhjpynv0zxmionsidgvybsi6iji0mjazodyilcjzy29wzu1hcci6eyj0exblijoive9qx1jfu1vmvfmilcjuyw1lc3bhy2uioiiilcjsywjlbci6ilrvccbszxn1bhrziiwibgfizwxqbhvyywwioijub3agumvzdwx0cyisinjlc3vsdhndbxaioijmb3jjzvnlyxjjadpwcmvkawn0zwrszxn1bhrzin0simnvbnrlehqionsirklmvevsuyi6e30sinnlyxjjafnvdxjjzsi6ikftu0ltvefovf9esufmt0cilcjkaxnhymxlsw50zw50uxvlcnkiomzhbhnllcjkaxnhymxlu3blbgxdb3jyzwn0aw9uijpmywxzzswic2vhcmnorglhbg9nu2vzc2lvbklkijoiowy5zdaznjgtogflms1jngi1lwmxzdgtodfjnwviytm3ngiziiwizgvidwdjbmzvijp7imfwce5hbwuioijjq2fyx1nlcnzpy2vfq29uc29szsisimfwcfr5cguioijdb25zb2xliiwiyxbwtmftzxnwywnlijoiyyisimxvy2f0aw9uijoizm9yy2u6b2jqzwn0sg9tzurlc2t0b3ailcjzb2jqzwn0vhlwzsi6iknvbw1pdhrlzv9fyyj9fswiz3jvdxbjzci6ikrfrkfvtfqifswic3rhdguiont9fq%3d%3d</small> </font> </div>
<div class="test-event"> <font color="maroon"> <small> &emsp; &emsp;--- 15 Oct 11:53:33 645 - <b>0</b> - Page Load Wait: (Sync) - ICar.support.Utils.waitForPageLoad(Utils.java:109)</small> </font> </div>
<div class="test-event"> <font color="maroon"> <small> &emsp; &emsp;--- 15 Oct 11:53:33 706 - Element is displayed:: [[ChromeDriver: chrome on WINDOWS (bc17308d8d939a895bf0aae8f90575a0)] -> xpath: //a[@title='Top Results']//span[text()='Top Results']]</small> </font> </div>
<div class="test-event"> <font color="maroon"> <small> &emsp; &emsp;--- 15 Oct 11:53:34 110 - Page URL:: https://i-car--staging.sandbox.lightning.force.com/one/one.app#eyjjb21wb25lbnrezwyioijmb3jjzvnlyxjjadpzzwfyy2hqywdlrgvza3rvccisimf0dhjpynv0zxmionsidgvybsi6iji0mjazodyilcjzy29wzu1hcci6eyj0exblijoive9qx1jfu1vmvfmilcjuyw1lc3bhy2uioiiilcjsywjlbci6ilrvccbszxn1bhrziiwibgfizwxqbhvyywwioijub3agumvzdwx0cyisinjlc3vsdhndbxaioijmb3jjzvnlyxjjadpwcmvkawn0zwrszxn1bhrzin0simnvbnrlehqionsirklmvevsuyi6e30sinnlyxjjafnvdxjjzsi6ikftu0ltvefovf9esufmt0cilcjkaxnhymxlsw50zw50uxvlcnkiomzhbhnllcjkaxnhymxlu3blbgxdb3jyzwn0aw9uijpmywxzzswic2vhcmnorglhbg9nu2vzc2lvbklkijoiowy5zdaznjgtogflms1jngi1lwmxzdgtodfjnwviytm3ngiziiwizgvidwdjbmzvijp7imfwce5hbwuioijjq2fyx1nlcnzpy2vfq29uc29szsisimfwcfr5cguioijdb25zb2xliiwiyxbwtmftzxnwywnlijoiyyisimxvy2f0aw9uijoizm9yy2u6b2jqzwn0sg9tzurlc2t0b3ailcjzb2jqzwn0vhlwzsi6iknvbw1pdhrlzv9fyyj9fswiz3jvdxbjzci6ikrfrkfvtfqifswic3rhdguiont9fq%3d%3d</small> </font> </div>
<div class="test-event"> <font color="maroon"> <small> &emsp; &emsp;--- 15 Oct 11:53:34 110 - <b>0</b> - Page Load Wait: (Sync) - ICar.support.Utils.waitForPageLoad(Utils.java:109)</small> </font> </div>
<div class="test-event"> <font color="maroon"> <small> &emsp; &emsp;--- 15 Oct 11:53:39 500 - Catched spinner load exception due to Expected condition failed: waiting for ICar.support.WaitUtils$4@3e310ae5 (tried for 5 second(s) with 500 milliseconds interval)</small> </font> </div>
<div class="test-event"> <font color="maroon"> <small> &emsp; &emsp;--- 15 Oct 11:53:39 500 - <b>5</b> - Spinner Load Wait: (Sync) - ICar.support.WaitUtils.waitForSpinner(WaitUtils.java:225)</small> </font> </div>
<div class="test-event"> <font color="maroon"> <small> &emsp; &emsp;--- 15 Oct 11:53:40 179 - Page URL:: https://i-car--staging.sandbox.lightning.force.com/one/one.app#eyjjb21wb25lbnrezwyioijmb3jjzvnlyxjjadpzzwfyy2hqywdlrgvza3rvccisimf0dhjpynv0zxmionsidgvybsi6iji0mjazodyilcjzy29wzu1hcci6eyj0exblijoive9qx1jfu1vmvfmilcjuyw1lc3bhy2uioiiilcjsywjlbci6ilrvccbszxn1bhrziiwibgfizwxqbhvyywwioijub3agumvzdwx0cyisinjlc3vsdhndbxaioijmb3jjzvnlyxjjadpwcmvkawn0zwrszxn1bhrzin0simnvbnrlehqionsirklmvevsuyi6e30sinnlyxjjafnvdxjjzsi6ikftu0ltvefovf9esufmt0cilcjkaxnhymxlsw50zw50uxvlcnkiomzhbhnllcjkaxnhymxlu3blbgxdb3jyzwn0aw9uijpmywxzzswic2vhcmnorglhbg9nu2vzc2lvbklkijoiowy5zdaznjgtogflms1jngi1lwmxzdgtodfjnwviytm3ngiziiwizgvidwdjbmzvijp7imfwce5hbwuioijjq2fyx1nlcnzpy2vfq29uc29szsisimfwcfr5cguioijdb25zb2xliiwiyxbwtmftzxnwywnlijoiyyisimxvy2f0aw9uijoizm9yy2u6b2jqzwn0sg9tzurlc2t0b3ailcjzb2jqzwn0vhlwzsi6iknvbw1pdhrlzv9fyyj9fswiz3jvdxbjzci6ikrfrkfvtfqifswic3rhdguiont9fq%3d%3d</small> </font> </div>
<div class="test-event"> <font color="maroon"> <small> &emsp; &emsp;--- 15 Oct 11:53:40 179 - <b>0</b> - Page Load Wait: (Sync) - ICar.support.Utils.waitForPageLoad(Utils.java:109)</small> </font> </div>
<div class="test-event"> <font color="maroon"> <small> &emsp; &emsp;--- 15 Oct 11:53:40 873 - Page URL:: https://i-car--staging.sandbox.lightning.force.com/one/one.app#eyjjb21wb25lbnrezwyioijmb3jjzvnlyxjjadpzzwfyy2hqywdlrgvza3rvccisimf0dhjpynv0zxmionsidgvybsi6iji0mjazodyilcjzy29wzu1hcci6eyj0exblijoive9qx1jfu1vmvfmilcjuyw1lc3bhy2uioiiilcjsywjlbci6ilrvccbszxn1bhrziiwibgfizwxqbhvyywwioijub3agumvzdwx0cyisinjlc3vsdhndbxaioijmb3jjzvnlyxjjadpwcmvkawn0zwrszxn1bhrzin0simnvbnrlehqionsirklmvevsuyi6e30sinnlyxjjafnvdxjjzsi6ikftu0ltvefovf9esufmt0cilcjkaxnhymxlsw50zw50uxvlcnkiomzhbhnllcjkaxnhymxlu3blbgxdb3jyzwn0aw9uijpmywxzzswic2vhcmnorglhbg9nu2vzc2lvbklkijoiowy5zdaznjgtogflms1jngi1lwmxzdgtodfjnwviytm3ngiziiwizgvidwdjbmzvijp7imfwce5hbwuioijjq2fyx1nlcnzpy2vfq29uc29szsisimfwcfr5cguioijdb25zb2xliiwiyxbwtmftzxnwywnlijoiyyisimxvy2f0aw9uijoizm9yy2u6b2jqzwn0sg9tzurlc2t0b3ailcjzb2jqzwn0vhlwzsi6iknvbw1pdhrlzv9fyyj9fswiz3jvdxbjzci6ikrfrkfvtfqifswic3rhdguiont9fq%3d%3d</small> </font> </div>
<div class="test-event"> <font color="maroon"> <small> &emsp; &emsp;--- 15 Oct 11:53:40 873 - <b>0</b> - Page Load Wait: (Sync) - ICar.support.Utils.waitForPageLoad(Utils.java:109)</small> </font> </div>
<div class="test-event"> <font color="maroon"> <small> &emsp; &emsp;--- 15 Oct 11:53:41 543 - Page URL:: https://i-car--staging.sandbox.lightning.force.com/one/one.app#eyjjb21wb25lbnrezwyioijmb3jjzvnlyxjjadpzzwfyy2hqywdlrgvza3rvccisimf0dhjpynv0zxmionsidgvybsi6iji0mjazodyilcjzy29wzu1hcci6eyj0exblijoive9qx1jfu1vmvfmilcjuyw1lc3bhy2uioiiilcjsywjlbci6ilrvccbszxn1bhrziiwibgfizwxqbhvyywwioijub3agumvzdwx0cyisinjlc3vsdhndbxaioijmb3jjzvnlyxjjadpwcmvkawn0zwrszxn1bhrzin0simnvbnrlehqionsirklmvevsuyi6e30sinnlyxjjafnvdxjjzsi6ikftu0ltvefovf9esufmt0cilcjkaxnhymxlsw50zw50uxvlcnkiomzhbhnllcjkaxnhymxlu3blbgxdb3jyzwn0aw9uijpmywxzzswic2vhcmnorglhbg9nu2vzc2lvbklkijoiowy5zdaznjgtogflms1jngi1lwmxzdgtodfjnwviytm3ngiziiwizgvidwdjbmzvijp7imfwce5hbwuioijjq2fyx1nlcnzpy2vfq29uc29szsisimfwcfr5cguioijdb25zb2xliiwiyxbwtmftzxnwywnlijoiyyisimxvy2f0aw9uijoizm9yy2u6b2jqzwn0sg9tzurlc2t0b3ailcjzb2jqzwn0vhlwzsi6iknvbw1pdhrlzv9fyyj9fswiz3jvdxbjzci6ikrfrkfvtfqifswic3rhdguiont9fq%3d%3d</small> </font> </div>
<div class="test-event"> <font color="maroon"> <small> &emsp; &emsp;--- 15 Oct 11:53:41 543 - <b>0</b> - Page Load Wait: (Sync) - ICar.support.Utils.waitForPageLoad(Utils.java:109)</small> </font> </div>
<div class="test-event"> <font color="maroon"> <small> &emsp; &emsp;--- 15 Oct 11:53:49 884 - Catched spinner load exception due to Expected condition failed: waiting for ICar.support.WaitUtils$4@3e310ae5 (tried for 8 second(s) with 500 milliseconds interval)</small> </font> </div>
<div class="test-event"> <font color="maroon"> <small> &emsp; &emsp;--- 15 Oct 11:53:49 885 - <b>8</b> - Spinner Load Wait: (Sync) - ICar.support.WaitUtils.waitForSpinner(WaitUtils.java:225)</small> </font> </div>
<div class="test-event"> <font color="maroon"> <small> &emsp; &emsp;--- 15 Oct 11:53:50 583 - Page URL:: https://i-car--staging.sandbox.lightning.force.com/one/one.app#eyjjb21wb25lbnrezwyioijmb3jjzvnlyxjjadpzzwfyy2hqywdlrgvza3rvccisimf0dhjpynv0zxmionsidgvybsi6iji0mjazodyilcjzy29wzu1hcci6eyj0exblijoive9qx1jfu1vmvfmilcjuyw1lc3bhy2uioiiilcjsywjlbci6ilrvccbszxn1bhrziiwibgfizwxqbhvyywwioijub3agumvzdwx0cyisinjlc3vsdhndbxaioijmb3jjzvnlyxjjadpwcmvkawn0zwrszxn1bhrzin0simnvbnrlehqionsirklmvevsuyi6e30sinnlyxjjafnvdxjjzsi6ikftu0ltvefovf9esufmt0cilcjkaxnhymxlsw50zw50uxvlcnkiomzhbhnllcjkaxnhymxlu3blbgxdb3jyzwn0aw9uijpmywxzzswic2vhcmnorglhbg9nu2vzc2lvbklkijoiowy5zdaznjgtogflms1jngi1lwmxzdgtodfjnwviytm3ngiziiwizgvidwdjbmzvijp7imfwce5hbwuioijjq2fyx1nlcnzpy2vfq29uc29szsisimfwcfr5cguioijdb25zb2xliiwiyxbwtmftzxnwywnlijoiyyisimxvy2f0aw9uijoizm9yy2u6b2jqzwn0sg9tzurlc2t0b3ailcjzb2jqzwn0vhlwzsi6iknvbw1pdhrlzv9fyyj9fswiz3jvdxbjzci6ikrfrkfvtfqifswic3rhdguiont9fq%3d%3d</small> </font> </div>
<div class="test-event"> <font color="maroon"> <small> &emsp; &emsp;--- 15 Oct 11:53:50 583 - <b>0</b> - Page Load Wait: (Sync) - ICar.support.Utils.waitForPageLoad(Utils.java:109)</small> </font> </div>
<div class="test-event"> <font color="maroon"> <small> &emsp; &emsp;--- 15 Oct 11:53:52 727 - Element is displayed:: [[ChromeDriver: chrome on WINDOWS (bc17308d8d939a895bf0aae8f90575a0)] -> xpath: //div[contains(@class,'forceSearchResultsRegion')]//div[contains(@class,'resultsMultiWrapper')]/div/div[1]//following::h2//a]</small> </font> </div>
<div class="test-event"> <font color="maroon"> <small> &emsp; &emsp;--- 15 Oct 11:53:53 028 - Element is displayed:: [[ChromeDriver: chrome on WINDOWS (bc17308d8d939a895bf0aae8f90575a0)] -> xpath: //a[text()='Contacts']]</small> </font> </div>
<div class="test-event"> <font color="maroon"> <small> &emsp; &emsp;--- 15 Oct 11:53:56 978 - Element is displayed:: [[ChromeDriver: chrome on WINDOWS (bc17308d8d939a895bf0aae8f90575a0)] -> xpath: //div[text()='Contacts']//following :: table//tbody//th//span /a]</small> </font> </div>
<div class="test-message">&emsp;3.Enter ICAR ID of TM 2420386</div>
<div class="test-event"> <font color="maroon"> <small> &emsp; &emsp;--- 15 Oct 11:54:12 621 - Catched spinner load exception due to Expected condition failed: waiting for ICar.support.WaitUtils$4@3e310ae5 (tried for 15 second(s) with 500 milliseconds interval)</small> </font> </div>
<div class="test-event"> <font color="maroon"> <small> &emsp; &emsp;--- 15 Oct 11:54:12 621 - <b>15</b> - Spinner Load Wait: (Sync) - ICar.support.WaitUtils.waitForSpinner(WaitUtils.java:225)</small> </font> </div>
<div class="test-event"> <font color="maroon"> <small> &emsp; &emsp;--- 15 Oct 11:54:13 199 - Page URL:: https://i-car--staging.sandbox.lightning.force.com/lightning/r/contact/0031i000019reebqaq/view</small> </font> </div>
<div class="test-event"> <font color="maroon"> <small> &emsp; &emsp;--- 15 Oct 11:54:13 199 - <b>0</b> - Page Load Wait: (Sync) - ICar.support.Utils.waitForPageLoad(Utils.java:109)</small> </font> </div>
<div class="test-event"> <font color="maroon"> <small> &emsp; &emsp;--- 15 Oct 11:54:28 294 - Catched spinner load exception due to Expected condition failed: waiting for ICar.support.WaitUtils$4@3e310ae5 (tried for 15 second(s) with 500 milliseconds interval)</small> </font> </div>
<div class="test-event"> <font color="maroon"> <small> &emsp; &emsp;--- 15 Oct 11:54:28 294 - <b>15</b> - Spinner Load Wait: (Sync) - ICar.support.WaitUtils.waitForSpinner(WaitUtils.java:225)</small> </font> </div>
<div class="test-event"> <font color="maroon"> <small> &emsp; &emsp;--- 15 Oct 11:54:28 353 - Element is displayed:: [[ChromeDriver: chrome on WINDOWS (bc17308d8d939a895bf0aae8f90575a0)] -> xpath: //button[text()='Access Shopping Cart - New']]</small> </font> </div>
<div class="test-event"> <font color="maroon"> <small> &emsp; &emsp;--- 15 Oct 11:54:30 456 - Element is displayed:: [[ChromeDriver: chrome on WINDOWS (bc17308d8d939a895bf0aae8f90575a0)] -> xpath: //button[text()='Access Shopping Cart - New']]</small> </font> </div>
<div class="test-event"> <font color="maroon"> <small> &emsp; &emsp;--- 15 Oct 11:54:39 713 - Page URL:: https://i-car--staging.sandbox.lightning.force.com/lightning/r/contact/0031i000019reebqaq/view</small> </font> </div>
<div class="test-event"> <font color="maroon"> <small> &emsp; &emsp;--- 15 Oct 11:54:39 713 - <b>1</b> - Page Load Wait: (Sync) - ICar.support.Utils.waitForPageLoad(Utils.java:109)</small> </font> </div>
<div class="test-event"> <font color="maroon"> <small> &emsp; &emsp;--- 15 Oct 11:55:03 994 - Catched spinner load exception due to Expected condition failed: waiting for ICar.support.WaitUtils$4@3e310ae5 (tried for 10 second(s) with 500 milliseconds interval)</small> </font> </div>
<div class="test-event"> <font color="maroon"> <small> &emsp; &emsp;--- 15 Oct 11:55:03 994 - <b>10</b> - Spinner Load Wait: (Sync) - ICar.support.WaitUtils.waitForSpinner(WaitUtils.java:225)</small> </font> </div>
<div class="test-event"> <font color="maroon"> <small> &emsp; &emsp;--- 15 Oct 11:55:04 077 - Element is displayed:: [[ChromeDriver: chrome on WINDOWS (bc17308d8d939a895bf0aae8f90575a0)] -> xpath: //button[@value='Launch My Learning']]</small> </font> </div>
<div class="test-message">&emsp;4. Clicked the 'Access Shoping cart'  & Navigated to the user home page.</div>
<div class="test-message">&emsp;Successfully verified-Access committee portal link not displayed on portal</div>
<div class="test-result"><br><font color="green"><strong> Test Passed. </strong></font> </div>&emsp;
&emsp;<div class="test-title"> <strong><font size = "3" color = "#0000FF">---Test Execution Ends---</font> </strong> </div>&emsp;
<div class="test-event"> <font color="maroon"> <small> &emsp; &emsp;--- 15 Oct 11:55:08 718 - TestCaseID:: B2B1002_TC01</small> </font> </div>
<div class="test-event"> <font color="maroon"> <small> &emsp; &emsp;--- 15 Oct 11:55:09 862 - <b>1</b> - Driver::initialize::Get - ICar.support.WebDriverFactory.getDriver(WebDriverFactory.java:640)</small> </font> </div>
&emsp;<div class="test-title"> <strong><font size = "3" color = "#000080">Verify the “Access Committee Portal” link is displayed in the Manage box when Login as Committee Officers</font> </strong> </div>&emsp;<div><strong>Steps:</strong></div><!-- Report -->&emsp;
<div class="test-event"> <font color="maroon"> <small> &emsp; &emsp;--- 15 Oct 11:55:15 139 - Page URL:: https://i-car--staging.sandbox.my.salesforce.com/</small> </font> </div>
<div class="test-event"> <font color="maroon"> <small> &emsp; &emsp;--- 15 Oct 11:55:15 139 - <b>2</b> - Page Load Wait: (Sync) - ICar.support.Utils.waitForPageLoad(Utils.java:109)</small> </font> </div>
<div class="test-event"> <font color="maroon"> <small> &emsp; &emsp;--- 15 Oct 11:55:28 971 - Page URL:: https://i-car--staging.sandbox.my.salesforce.com/</small> </font> </div>
<div class="test-event"> <font color="maroon"> <small> &emsp; &emsp;--- 15 Oct 11:55:28 971 - <b>0</b> - Page Load Wait: (Sync) - ICar.support.Utils.waitForPageLoad(Utils.java:109)</small> </font> </div>
<div class="test-message">&emsp;Successfully navigated to 'Login' Page&emsp;<a href=".\ScreenShot\B2B1002_TC01_1255524065995400.png" target="_blank" >[ScreenShot]</a></div>
<div class="test-message">&emsp;1. Login page is launched.</div>
<div class="test-event"> <font color="maroon"> <small> &emsp; &emsp;--- 15 Oct 11:55:29 313 - Element is displayed:: [[ChromeDriver: chrome on WINDOWS (f2bb3f3e232c237b316a90198c8a90bc)] -> id: username]</small> </font> </div>
<div class="test-event"> <font color="maroon"> <small> &emsp; &emsp;--- 15 Oct 11:55:29 394 - Element is displayed:: [[ChromeDriver: chrome on WINDOWS (f2bb3f3e232c237b316a90198c8a90bc)] -> id: username]</small> </font> </div>
<div class="test-event"> <font color="maroon"> <small> &emsp; &emsp;--- 15 Oct 11:55:29 671 - Element is displayed:: [[ChromeDriver: chrome on WINDOWS (f2bb3f3e232c237b316a90198c8a90bc)] -> id: password]</small> </font> </div>
<div class="test-event"> <font color="maroon"> <small> &emsp; &emsp;--- 15 Oct 11:55:29 878 - Element is displayed:: [[ChromeDriver: chrome on WINDOWS (f2bb3f3e232c237b316a90198c8a90bc)] -> id: Login]</small> </font> </div>
<div class="test-event"> <font color="maroon"> <small> &emsp; &emsp;--- 15 Oct 11:56:01 900 - Catched spinner load exception due to Expected condition failed: waiting for ICar.support.WaitUtils$4@3e310ae5 (tried for 13 second(s) with 500 milliseconds interval)</small> </font> </div>
<div class="test-event"> <font color="maroon"> <small> &emsp; &emsp;--- 15 Oct 11:56:01 900 - <b>13</b> - Spinner Load Wait: (Sync) - ICar.support.WaitUtils.waitForSpinner(WaitUtils.java:225)</small> </font> </div>
<div class="test-event"> <font color="maroon"> <small> &emsp; &emsp;--- 15 Oct 11:56:22 155 - Catched spinner load exception due to Expected condition failed: waiting for ICar.support.WaitUtils$4@3e310ae5 (tried for 6 second(s) with 500 milliseconds interval)</small> </font> </div>
<div class="test-event"> <font color="maroon"> <small> &emsp; &emsp;--- 15 Oct 11:56:22 155 - <b>6</b> - Spinner Load Wait: (Sync) - ICar.support.WaitUtils.waitForSpinner(WaitUtils.java:225)</small> </font> </div>
<div class="test-event"> <font color="maroon"> <small> &emsp; &emsp;--- 15 Oct 11:56:22 236 - Element is displayed:: [[ChromeDriver: chrome on WINDOWS (f2bb3f3e232c237b316a90198c8a90bc)] -> css selector: button[class*='search-button']]</small> </font> </div>
<div class="test-message">&emsp;2. Navigate to 'SalesForce Page'</div>
<div class="test-event"> <font color="maroon"> <small> &emsp; &emsp;--- 15 Oct 11:56:22 714 - Page URL:: https://i-car--staging.sandbox.lightning.force.com/lightning/r/contact/0031i000019reebqaq/view</small> </font> </div>
<div class="test-event"> <font color="maroon"> <small> &emsp; &emsp;--- 15 Oct 11:56:22 714 - <b>0</b> - Page Load Wait: (Sync) - ICar.support.Utils.waitForPageLoad(Utils.java:109)</small> </font> </div>
<div class="test-event"> <font color="maroon"> <small> &emsp; &emsp;--- 15 Oct 11:56:28 558 - Page URL:: https://i-car--staging.sandbox.lightning.force.com/lightning/r/contact/0031i000019reebqaq/view</small> </font> </div>
<div class="test-event"> <font color="maroon"> <small> &emsp; &emsp;--- 15 Oct 11:56:28 558 - <b>0</b> - Page Load Wait: (Sync) - ICar.support.Utils.waitForPageLoad(Utils.java:109)</small> </font> </div>
<div class="test-message">&emsp;Close the tab</div>
<div class="test-message">&emsp;Successfully navigated to 'Login' Page&emsp;<a href=".\ScreenShot\B2B1002_TC01_1255588802535500.png" target="_blank" >[ScreenShot]</a></div>
<div class="test-event"> <font color="maroon"> <small> &emsp; &emsp;--- 15 Oct 11:56:39 989 - Catched spinner load exception due to Expected condition failed: waiting for ICar.support.WaitUtils$4@3e310ae5 (tried for 5 second(s) with 500 milliseconds interval)</small> </font> </div>
<div class="test-event"> <font color="maroon"> <small> &emsp; &emsp;--- 15 Oct 11:56:39 989 - <b>5</b> - Spinner Load Wait: (Sync) - ICar.support.WaitUtils.waitForSpinner(WaitUtils.java:225)</small> </font> </div>
<div class="test-event"> <font color="maroon"> <small> &emsp; &emsp;--- 15 Oct 11:56:40 173 - Page URL:: https://i-car--staging.sandbox.lightning.force.com/lightning/o/committee__c/list?filtername=__recent</small> </font> </div>
<div class="test-event"> <font color="maroon"> <small> &emsp; &emsp;--- 15 Oct 11:56:40 173 - <b>0</b> - Page Load Wait: (Sync) - ICar.support.Utils.waitForPageLoad(Utils.java:109)</small> </font> </div>
<div class="test-event"> <font color="maroon"> <small> &emsp; &emsp;--- 15 Oct 11:56:40 244 - Element is displayed:: [[ChromeDriver: chrome on WINDOWS (f2bb3f3e232c237b316a90198c8a90bc)] -> xpath: //div[contains(@class,'appLauncher ')]//button]</small> </font> </div>
<div class="test-event"> <font color="maroon"> <small> &emsp; &emsp;--- 15 Oct 11:56:40 302 - Element is displayed:: [[ChromeDriver: chrome on WINDOWS (f2bb3f3e232c237b316a90198c8a90bc)] -> xpath: //div[contains(@class,'appLauncher ')]//button]</small> </font> </div>
<div class="test-event"> <font color="maroon"> <small> &emsp; &emsp;--- 15 Oct 11:56:42 281 - Element is displayed:: [[ChromeDriver: chrome on WINDOWS (f2bb3f3e232c237b316a90198c8a90bc)] -> xpath: //input[@placeholder='Search apps and items...']]</small> </font> </div>
<div class="test-event"> <font color="maroon"> <small> &emsp; &emsp;--- 15 Oct 11:56:42 362 - Element is displayed:: [[ChromeDriver: chrome on WINDOWS (f2bb3f3e232c237b316a90198c8a90bc)] -> xpath: //input[@placeholder='Search apps and items...']]</small> </font> </div>
<div class="test-event"> <font color="maroon"> <small> &emsp; &emsp;--- 15 Oct 11:56:45 737 - Element is displayed:: [[ChromeDriver: chrome on WINDOWS (f2bb3f3e232c237b316a90198c8a90bc)] -> xpath: //lightning-formatted-rich-text/span/p/b[text()='Committees']]</small> </font> </div>
<div class="test-event"> <font color="maroon"> <small> &emsp; &emsp;--- 15 Oct 11:56:48 798 - Element is displayed:: [[ChromeDriver: chrome on WINDOWS (f2bb3f3e232c237b316a90198c8a90bc)] -> xpath: //lightning-formatted-rich-text/span/p/b[text()='Committees']]</small> </font> </div>
<div class="test-event"> <font color="maroon"> <small> &emsp; &emsp;--- 15 Oct 11:56:49 114 - Page URL:: https://i-car--staging.sandbox.lightning.force.com/lightning/o/committee__c/home</small> </font> </div>
<div class="test-event"> <font color="maroon"> <small> &emsp; &emsp;--- 15 Oct 11:56:49 114 - <b>0</b> - Page Load Wait: (Sync) - ICar.support.Utils.waitForPageLoad(Utils.java:109)</small> </font> </div>
<div class="test-event"> <font color="maroon"> <small> &emsp; &emsp;--- 15 Oct 11:56:54 359 - Catched spinner load exception due to Expected condition failed: waiting for ICar.support.WaitUtils$4@3e310ae5 (tried for 5 second(s) with 500 milliseconds interval)</small> </font> </div>
<div class="test-event"> <font color="maroon"> <small> &emsp; &emsp;--- 15 Oct 11:56:54 359 - <b>5</b> - Spinner Load Wait: (Sync) - ICar.support.WaitUtils.waitForSpinner(WaitUtils.java:225)</small> </font> </div>
<div class="test-event"> <font color="maroon"> <small> &emsp; &emsp;--- 15 Oct 11:56:54 526 - Page URL:: https://i-car--staging.sandbox.lightning.force.com/lightning/o/committee__c/list?filtername=__recent</small> </font> </div>
<div class="test-event"> <font color="maroon"> <small> &emsp; &emsp;--- 15 Oct 11:56:54 526 - <b>0</b> - Page Load Wait: (Sync) - ICar.support.Utils.waitForPageLoad(Utils.java:109)</small> </font> </div>
<div class="test-event"> <font color="maroon"> <small> &emsp; &emsp;--- 15 Oct 11:56:54 602 - Element is displayed:: [[ChromeDriver: chrome on WINDOWS (f2bb3f3e232c237b316a90198c8a90bc)] -> xpath: //div[contains(@class,'appLauncher ')]//button]</small> </font> </div>
<div class="test-event"> <font color="maroon"> <small> &emsp; &emsp;--- 15 Oct 11:56:54 663 - Element is displayed:: [[ChromeDriver: chrome on WINDOWS (f2bb3f3e232c237b316a90198c8a90bc)] -> xpath: //div[contains(@class,'appLauncher ')]//button]</small> </font> </div>
<div class="test-event"> <font color="maroon"> <small> &emsp; &emsp;--- 15 Oct 11:56:54 873 - Element is displayed:: [[ChromeDriver: chrome on WINDOWS (f2bb3f3e232c237b316a90198c8a90bc)] -> xpath: //input[@placeholder='Search apps and items...']]</small> </font> </div>
<div class="test-event"> <font color="maroon"> <small> &emsp; &emsp;--- 15 Oct 11:56:54 952 - Element is displayed:: [[ChromeDriver: chrome on WINDOWS (f2bb3f3e232c237b316a90198c8a90bc)] -> xpath: //input[@placeholder='Search apps and items...']]</small> </font> </div>
<div class="test-event"> <font color="maroon"> <small> &emsp; &emsp;--- 15 Oct 11:56:58 397 - Element is displayed:: [[ChromeDriver: chrome on WINDOWS (f2bb3f3e232c237b316a90198c8a90bc)] -> xpath: //lightning-formatted-rich-text/span/p/b[text()='Committee Members']]</small> </font> </div>
<div class="test-event"> <font color="maroon"> <small> &emsp; &emsp;--- 15 Oct 11:57:01 440 - Element is displayed:: [[ChromeDriver: chrome on WINDOWS (f2bb3f3e232c237b316a90198c8a90bc)] -> xpath: //lightning-formatted-rich-text/span/p/b[text()='Committee Members']]</small> </font> </div>
<div class="test-event"> <font color="maroon"> <small> &emsp; &emsp;--- 15 Oct 11:57:01 876 - Page URL:: https://i-car--staging.sandbox.lightning.force.com/lightning/o/committee_member__c/home</small> </font> </div>
<div class="test-event"> <font color="maroon"> <small> &emsp; &emsp;--- 15 Oct 11:57:01 876 - <b>0</b> - Page Load Wait: (Sync) - ICar.support.Utils.waitForPageLoad(Utils.java:109)</small> </font> </div>
<div class="test-message">&emsp;3. Enter the AccountName as : Alessandra Acosta:540-0799 El Paso, TX</div>
<div class="test-event"> <font color="maroon"> <small> &emsp; &emsp;--- 15 Oct 11:57:02 087 - Page URL:: https://i-car--staging.sandbox.lightning.force.com/lightning/o/committee_member__c/home</small> </font> </div>
<div class="test-event"> <font color="maroon"> <small> &emsp; &emsp;--- 15 Oct 11:57:02 087 - <b>0</b> - Page Load Wait: (Sync) - ICar.support.Utils.waitForPageLoad(Utils.java:109)</small> </font> </div>
<div class="test-event"> <font color="maroon"> <small> &emsp; &emsp;--- 15 Oct 11:57:02 221 - Element is displayed:: [[ChromeDriver: chrome on WINDOWS (f2bb3f3e232c237b316a90198c8a90bc)] -> css selector: button[class*='search-button']]</small> </font> </div>
<div class="test-event"> <font color="maroon"> <small> &emsp; &emsp;--- 15 Oct 11:57:04 327 - Catched spinner load exception due to Expected condition failed: waiting for ICar.support.WaitUtils$4@3e310ae5 (tried for 2 second(s) with 500 milliseconds interval)</small> </font> </div>
<div class="test-event"> <font color="maroon"> <small> &emsp; &emsp;--- 15 Oct 11:57:04 328 - <b>2</b> - Spinner Load Wait: (Sync) - ICar.support.WaitUtils.waitForSpinner(WaitUtils.java:225)</small> </font> </div>
<div class="test-event"> <font color="maroon"> <small> &emsp; &emsp;--- 15 Oct 11:57:07 408 - Element is displayed:: [[ChromeDriver: chrome on WINDOWS (f2bb3f3e232c237b316a90198c8a90bc)] -> css selector: button[class*='search-button']]</small> </font> </div>
<div class="test-event"> <font color="maroon"> <small> &emsp; &emsp;--- 15 Oct 11:57:07 857 - Page URL:: https://i-car--staging.sandbox.lightning.force.com/lightning/o/committee_member__c/home</small> </font> </div>
<div class="test-event"> <font color="maroon"> <small> &emsp; &emsp;--- 15 Oct 11:57:07 857 - <b>0</b> - Page Load Wait: (Sync) - ICar.support.Utils.waitForPageLoad(Utils.java:109)</small> </font> </div>
<div class="test-event"> <font color="maroon"> <small> &emsp; &emsp;--- 15 Oct 11:57:24 853 - Catched spinner load exception due to Expected condition failed: waiting for ICar.support.WaitUtils$4@3e310ae5 (tried for 10 second(s) with 500 milliseconds interval)</small> </font> </div>
<div class="test-event"> <font color="maroon"> <small> &emsp; &emsp;--- 15 Oct 11:57:24 853 - <b>10</b> - Spinner Load Wait: (Sync) - ICar.support.WaitUtils.waitForSpinner(WaitUtils.java:225)</small> </font> </div>
<div class="test-event"> <font color="maroon"> <small> &emsp; &emsp;--- 15 Oct 11:57:25 179 - Page URL:: https://i-car--staging.sandbox.lightning.force.com/one/one.app#eyjjb21wb25lbnrezwyioijmb3jjzvnlyxjjadpzzwfyy2hqywdlrgvza3rvccisimf0dhjpynv0zxmionsidgvybsi6ikfszxnzyw5kcmegqwnvc3rhoju0mc0wnzk5ievsifbhc28sifryiiwic2nvcgvnyxaionsidhlwzsi6ilrpuf9srvnvtfrtiiwibmftzxnwywnlijoiiiwibgfizwwioijub3agumvzdwx0cyisimxhymvsugx1cmfsijoivg9wifjlc3vsdhmilcjyzxn1bhrzq21wijoizm9yy2vtzwfyy2g6chjlzgljdgvkumvzdwx0cyj9lcjjb250zxh0ijp7ikzjtfrfulmiont9lcjzzwfyy2htb3vyy2uioijbu1nju1rbtlrfrelbte9hiiwizglzywjszuludgvudff1zxj5ijpmywxzzswizglzywjszvnwzwxsq29ycmvjdglvbii6zmfsc2usinnlyxjjaerpywxvz1nlc3npb25jzci6imrizgyzmjy0lwrmnzatyzrmmc03y2e5ltexmmu2yzbmmdixyyisimrlynvnsw5mbyi6eyjhchboyw1lijoisunhcl9tzxj2awnlx0nvbnnvbguilcjhchbuexblijoiq29uc29szsisimfwce5hbwvzcgfjzsi6immilcjsb2nhdglvbii6imzvcmnlom9iamvjdehvbwvezxnrdg9wiiwic29iamvjdfr5cguioijdb21taxr0zwvftwvtymvyx19jin19lcjncm91celkijoirevgqvvmvcj9lcjzdgf0zsi6e319</small> </font> </div>
<div class="test-event"> <font color="maroon"> <small> &emsp; &emsp;--- 15 Oct 11:57:25 179 - <b>0</b> - Page Load Wait: (Sync) - ICar.support.Utils.waitForPageLoad(Utils.java:109)</small> </font> </div>
<div class="test-event"> <font color="maroon"> <small> &emsp; &emsp;--- 15 Oct 11:57:25 536 - Page URL:: https://i-car--staging.sandbox.lightning.force.com/one/one.app#eyjjb21wb25lbnrezwyioijmb3jjzvnlyxjjadpzzwfyy2hqywdlrgvza3rvccisimf0dhjpynv0zxmionsidgvybsi6ikfszxnzyw5kcmegqwnvc3rhoju0mc0wnzk5ievsifbhc28sifryiiwic2nvcgvnyxaionsidhlwzsi6ilrpuf9srvnvtfrtiiwibmftzxnwywnlijoiiiwibgfizwwioijub3agumvzdwx0cyisimxhymvsugx1cmfsijoivg9wifjlc3vsdhmilcjyzxn1bhrzq21wijoizm9yy2vtzwfyy2g6chjlzgljdgvkumvzdwx0cyj9lcjjb250zxh0ijp7ikzjtfrfulmiont9lcjzzwfyy2htb3vyy2uioijbu1nju1rbtlrfrelbte9hiiwizglzywjszuludgvudff1zxj5ijpmywxzzswizglzywjszvnwzwxsq29ycmvjdglvbii6zmfsc2usinnlyxjjaerpywxvz1nlc3npb25jzci6imrizgyzmjy0lwrmnzatyzrmmc03y2e5ltexmmu2yzbmmdixyyisimrlynvnsw5mbyi6eyjhchboyw1lijoisunhcl9tzxj2awnlx0nvbnnvbguilcjhchbuexblijoiq29uc29szsisimfwce5hbwvzcgfjzsi6immilcjsb2nhdglvbii6imzvcmnlom9iamvjdehvbwvezxnrdg9wiiwic29iamvjdfr5cguioijdb21taxr0zwvftwvtymvyx19jin19lcjncm91celkijoirevgqvvmvcj9lcjzdgf0zsi6e319</small> </font> </div>
<div class="test-event"> <font color="maroon"> <small> &emsp; &emsp;--- 15 Oct 11:57:25 536 - <b>0</b> - Page Load Wait: (Sync) - ICar.support.Utils.waitForPageLoad(Utils.java:109)</small> </font> </div>
<div class="test-event"> <font color="maroon"> <small> &emsp; &emsp;--- 15 Oct 11:57:35 994 - Catched spinner load exception due to Expected condition failed: waiting for ICar.support.WaitUtils$4@3e310ae5 (tried for 10 second(s) with 500 milliseconds interval)</small> </font> </div>
<div class="test-event"> <font color="maroon"> <small> &emsp; &emsp;--- 15 Oct 11:57:35 994 - <b>10</b> - Spinner Load Wait: (Sync) - ICar.support.WaitUtils.waitForSpinner(WaitUtils.java:225)</small> </font> </div>
<div class="test-event"> <font color="maroon"> <small> &emsp; &emsp;--- 15 Oct 11:57:36 030 - Element is displayed:: [[ChromeDriver: chrome on WINDOWS (f2bb3f3e232c237b316a90198c8a90bc)] -> css selector: div.forceSearchResultsRegion div.resultsMultiWrapper >div > div table tbody th a]</small> </font> </div>
<div class="test-event"> <font color="maroon"> <small> &emsp; &emsp;--- 15 Oct 11:57:36 123 - Element is displayed:: [[ChromeDriver: chrome on WINDOWS (f2bb3f3e232c237b316a90198c8a90bc)] -> css selector: div.forceSearchResultsRegion div.resultsMultiWrapper >div > div table tbody th a]</small> </font> </div>
<div class="test-event"> <font color="maroon"> <small> &emsp; &emsp;--- 15 Oct 11:57:36 711 - Page URL:: https://i-car--staging.sandbox.lightning.force.com/one/one.app#eyjjb21wb25lbnrezwyioijmb3jjzvnlyxjjadpzzwfyy2hqywdlrgvza3rvccisimf0dhjpynv0zxmionsidgvybsi6ikfszxnzyw5kcmegqwnvc3rhoju0mc0wnzk5ievsifbhc28sifryiiwic2nvcgvnyxaionsidhlwzsi6ilrpuf9srvnvtfrtiiwibmftzxnwywnlijoiiiwibgfizwwioijub3agumvzdwx0cyisimxhymvsugx1cmfsijoivg9wifjlc3vsdhmilcjyzxn1bhrzq21wijoizm9yy2vtzwfyy2g6chjlzgljdgvkumvzdwx0cyj9lcjjb250zxh0ijp7ikzjtfrfulmiont9lcjzzwfyy2htb3vyy2uioijbu1nju1rbtlrfrelbte9hiiwizglzywjszuludgvudff1zxj5ijpmywxzzswizglzywjszvnwzwxsq29ycmvjdglvbii6zmfsc2usinnlyxjjaerpywxvz1nlc3npb25jzci6imrizgyzmjy0lwrmnzatyzrmmc03y2e5ltexmmu2yzbmmdixyyisimrlynvnsw5mbyi6eyjhchboyw1lijoisunhcl9tzxj2awnlx0nvbnnvbguilcjhchbuexblijoiq29uc29szsisimfwce5hbwvzcgfjzsi6immilcjsb2nhdglvbii6imzvcmnlom9iamvjdehvbwvezxnrdg9wiiwic29iamvjdfr5cguioijdb21taxr0zwvftwvtymvyx19jin19lcjncm91celkijoirevgqvvmvcj9lcjzdgf0zsi6e319</small> </font> </div>
<div class="test-event"> <font color="maroon"> <small> &emsp; &emsp;--- 15 Oct 11:57:36 711 - <b>0</b> - Page Load Wait: (Sync) - ICar.support.Utils.waitForPageLoad(Utils.java:109)</small> </font> </div>
<div class="test-message">&emsp;Role displayed Committee Officer</div>
<div class="test-message">&emsp;Successfully verified - Contact name Alessandra Veronica Acosta whose role displayed as Committee Officer</div>
<div class="test-event"> <font color="maroon"> <small> &emsp; &emsp;--- 15 Oct 11:57:42 893 - Page URL:: https://i-car--staging.sandbox.lightning.force.com/lightning/r/committee_member__c/a371i000000ir8rqaa/view</small> </font> </div>
<div class="test-event"> <font color="maroon"> <small> &emsp; &emsp;--- 15 Oct 11:57:42 893 - <b>2</b> - Page Load Wait: (Sync) - ICar.support.Utils.waitForPageLoad(Utils.java:109)</small> </font> </div>
<div class="test-event"> <font color="maroon"> <small> &emsp; &emsp;--- 15 Oct 11:57:48 068 - Page URL:: https://i-car--staging.sandbox.lightning.force.com/lightning/r/committee_member__c/a371i000000ir8rqaa/view</small> </font> </div>
<div class="test-event"> <font color="maroon"> <small> &emsp; &emsp;--- 15 Oct 11:57:48 068 - <b>0</b> - Page Load Wait: (Sync) - ICar.support.Utils.waitForPageLoad(Utils.java:109)</small> </font> </div>
<div class="test-event"> <font color="maroon"> <small> &emsp; &emsp;--- 15 Oct 11:57:52 795 - Page URL:: https://i-car--staging.sandbox.lightning.force.com/lightning/o/committee__c/list?filtername=__recent</small> </font> </div>
<div class="test-event"> <font color="maroon"> <small> &emsp; &emsp;--- 15 Oct 11:57:52 795 - <b>0</b> - Page Load Wait: (Sync) - ICar.support.Utils.waitForPageLoad(Utils.java:109)</small> </font> </div>
<div class="test-event"> <font color="maroon"> <small> &emsp; &emsp;--- 15 Oct 11:57:52 838 - Element is displayed:: [[ChromeDriver: chrome on WINDOWS (f2bb3f3e232c237b316a90198c8a90bc)] -> css selector: button[class*='search-button']]</small> </font> </div>
<div class="test-event"> <font color="maroon"> <small> &emsp; &emsp;--- 15 Oct 11:57:54 985 - Catched spinner load exception due to Expected condition failed: waiting for ICar.support.WaitUtils$4@3e310ae5 (tried for 2 second(s) with 500 milliseconds interval)</small> </font> </div>
<div class="test-event"> <font color="maroon"> <small> &emsp; &emsp;--- 15 Oct 11:57:54 985 - <b>2</b> - Spinner Load Wait: (Sync) - ICar.support.WaitUtils.waitForSpinner(WaitUtils.java:225)</small> </font> </div>
<div class="test-event"> <font color="maroon"> <small> &emsp; &emsp;--- 15 Oct 11:57:58 170 - Element is displayed:: [[ChromeDriver: chrome on WINDOWS (f2bb3f3e232c237b316a90198c8a90bc)] -> css selector: button[class*='search-button']]</small> </font> </div>
<div class="test-event"> <font color="maroon"> <small> &emsp; &emsp;--- 15 Oct 11:57:58 540 - Page URL:: https://i-car--staging.sandbox.lightning.force.com/lightning/o/committee__c/list?filtername=__recent</small> </font> </div>
<div class="test-event"> <font color="maroon"> <small> &emsp; &emsp;--- 15 Oct 11:57:58 540 - <b>0</b> - Page Load Wait: (Sync) - ICar.support.Utils.waitForPageLoad(Utils.java:109)</small> </font> </div>
<div class="test-event"> <font color="maroon"> <small> &emsp; &emsp;--- 15 Oct 11:58:18 366 - Catched spinner load exception due to Expected condition failed: waiting for ICar.support.WaitUtils$4@3e310ae5 (tried for 10 second(s) with 500 milliseconds interval)</small> </font> </div>
<div class="test-event"> <font color="maroon"> <small> &emsp; &emsp;--- 15 Oct 11:58:18 366 - <b>10</b> - Spinner Load Wait: (Sync) - ICar.support.WaitUtils.waitForSpinner(WaitUtils.java:225)</small> </font> </div>
<div class="test-event"> <font color="maroon"> <small> &emsp; &emsp;--- 15 Oct 11:58:19 288 - Page URL:: https://i-car--staging.sandbox.lightning.force.com/one/one.app#eyjjb21wb25lbnrezwyioijmb3jjzvnlyxjjadpzzwfyy2hqywdlrgvza3rvccisimf0dhjpynv0zxmionsidgvybsi6iji2mtqzmdgilcjzy29wzu1hcci6eyj0exblijoive9qx1jfu1vmvfmilcjuyw1lc3bhy2uioiiilcjsywjlbci6ilrvccbszxn1bhrziiwibgfizwxqbhvyywwioijub3agumvzdwx0cyisinjlc3vsdhndbxaioijmb3jjzvnlyxjjadpwcmvkawn0zwrszxn1bhrzin0simnvbnrlehqionsirklmvevsuyi6e30sinnlyxjjafnvdxjjzsi6ikftu0ltvefovf9esufmt0cilcjkaxnhymxlsw50zw50uxvlcnkiomzhbhnllcjkaxnhymxlu3blbgxdb3jyzwn0aw9uijpmywxzzswic2vhcmnorglhbg9nu2vzc2lvbklkijoizdhlogyymdatntdkoc05mgnilwvinzutn2u5odqzndmyyjiziiwizgvidwdjbmzvijp7imfwce5hbwuioijjq2fyx1nlcnzpy2vfq29uc29szsisimfwcfr5cguioijdb25zb2xliiwiyxbwtmftzxnwywnlijoiyyisimxvy2f0aw9uijoizm9yy2u6b2jqzwn0sg9tzurlc2t0b3ailcjzb2jqzwn0vhlwzsi6iknvbw1pdhrlzv9fyyj9fswiz3jvdxbjzci6ikrfrkfvtfqifswic3rhdguiont9fq%3d%3d</small> </font> </div>
<div class="test-event"> <font color="maroon"> <small> &emsp; &emsp;--- 15 Oct 11:58:19 288 - <b>0</b> - Page Load Wait: (Sync) - ICar.support.Utils.waitForPageLoad(Utils.java:109)</small> </font> </div>
<div class="test-event"> <font color="maroon"> <small> &emsp; &emsp;--- 15 Oct 11:58:30 421 - Catched spinner load exception due to Expected condition failed: waiting for ICar.support.WaitUtils$4@3e310ae5 (tried for 11 second(s) with 500 milliseconds interval)</small> </font> </div>
<div class="test-event"> <font color="maroon"> <small> &emsp; &emsp;--- 15 Oct 11:58:30 421 - <b>11</b> - Spinner Load Wait: (Sync) - ICar.support.WaitUtils.waitForSpinner(WaitUtils.java:225)</small> </font> </div>
<div class="test-event"> <font color="maroon"> <small> &emsp; &emsp;--- 15 Oct 11:58:31 513 - Page URL:: https://i-car--staging.sandbox.lightning.force.com/one/one.app#eyjjb21wb25lbnrezwyioijmb3jjzvnlyxjjadpzzwfyy2hqywdlrgvza3rvccisimf0dhjpynv0zxmionsidgvybsi6iji2mtqzmdgilcjzy29wzu1hcci6eyj0exblijoive9qx1jfu1vmvfmilcjuyw1lc3bhy2uioiiilcjsywjlbci6ilrvccbszxn1bhrziiwibgfizwxqbhvyywwioijub3agumvzdwx0cyisinjlc3vsdhndbxaioijmb3jjzvnlyxjjadpwcmvkawn0zwrszxn1bhrzin0simnvbnrlehqionsirklmvevsuyi6e30sinnlyxjjafnvdxjjzsi6ikftu0ltvefovf9esufmt0cilcjkaxnhymxlsw50zw50uxvlcnkiomzhbhnllcjkaxnhymxlu3blbgxdb3jyzwn0aw9uijpmywxzzswic2vhcmnorglhbg9nu2vzc2lvbklkijoizdhlogyymdatntdkoc05mgnilwvinzutn2u5odqzndmyyjiziiwizgvidwdjbmzvijp7imfwce5hbwuioijjq2fyx1nlcnzpy2vfq29uc29szsisimfwcfr5cguioijdb25zb2xliiwiyxbwtmftzxnwywnlijoiyyisimxvy2f0aw9uijoizm9yy2u6b2jqzwn0sg9tzurlc2t0b3ailcjzb2jqzwn0vhlwzsi6iknvbw1pdhrlzv9fyyj9fswiz3jvdxbjzci6ikrfrkfvtfqifswic3rhdguiont9fq%3d%3d</small> </font> </div>
<div class="test-event"> <font color="maroon"> <small> &emsp; &emsp;--- 15 Oct 11:58:31 513 - <b>1</b> - Page Load Wait: (Sync) - ICar.support.Utils.waitForPageLoad(Utils.java:109)</small> </font> </div>
<div class="test-event"> <font color="maroon"> <small> &emsp; &emsp;--- 15 Oct 11:58:31 779 - Element is displayed:: [[ChromeDriver: chrome on WINDOWS (f2bb3f3e232c237b316a90198c8a90bc)] -> xpath: //a[@title='Top Results']//span[text()='Top Results']]</small> </font> </div>
<div class="test-event"> <font color="maroon"> <small> &emsp; &emsp;--- 15 Oct 11:58:32 266 - Page URL:: https://i-car--staging.sandbox.lightning.force.com/one/one.app#eyjjb21wb25lbnrezwyioijmb3jjzvnlyxjjadpzzwfyy2hqywdlrgvza3rvccisimf0dhjpynv0zxmionsidgvybsi6iji2mtqzmdgilcjzy29wzu1hcci6eyj0exblijoive9qx1jfu1vmvfmilcjuyw1lc3bhy2uioiiilcjsywjlbci6ilrvccbszxn1bhrziiwibgfizwxqbhvyywwioijub3agumvzdwx0cyisinjlc3vsdhndbxaioijmb3jjzvnlyxjjadpwcmvkawn0zwrszxn1bhrzin0simnvbnrlehqionsirklmvevsuyi6e30sinnlyxjjafnvdxjjzsi6ikftu0ltvefovf9esufmt0cilcjkaxnhymxlsw50zw50uxvlcnkiomzhbhnllcjkaxnhymxlu3blbgxdb3jyzwn0aw9uijpmywxzzswic2vhcmnorglhbg9nu2vzc2lvbklkijoizdhlogyymdatntdkoc05mgnilwvinzutn2u5odqzndmyyjiziiwizgvidwdjbmzvijp7imfwce5hbwuioijjq2fyx1nlcnzpy2vfq29uc29szsisimfwcfr5cguioijdb25zb2xliiwiyxbwtmftzxnwywnlijoiyyisimxvy2f0aw9uijoizm9yy2u6b2jqzwn0sg9tzurlc2t0b3ailcjzb2jqzwn0vhlwzsi6iknvbw1pdhrlzv9fyyj9fswiz3jvdxbjzci6ikrfrkfvtfqifswic3rhdguiont9fq%3d%3d</small> </font> </div>
<div class="test-event"> <font color="maroon"> <small> &emsp; &emsp;--- 15 Oct 11:58:32 266 - <b>0</b> - Page Load Wait: (Sync) - ICar.support.Utils.waitForPageLoad(Utils.java:109)</small> </font> </div>
<div class="test-event"> <font color="maroon"> <small> &emsp; &emsp;--- 15 Oct 11:58:37 359 - Catched spinner load exception due to Expected condition failed: waiting for ICar.support.WaitUtils$4@3e310ae5 (tried for 5 second(s) with 500 milliseconds interval)</small> </font> </div>
<div class="test-event"> <font color="maroon"> <small> &emsp; &emsp;--- 15 Oct 11:58:37 359 - <b>5</b> - Spinner Load Wait: (Sync) - ICar.support.WaitUtils.waitForSpinner(WaitUtils.java:225)</small> </font> </div>
<div class="test-event"> <font color="maroon"> <small> &emsp; &emsp;--- 15 Oct 11:58:38 249 - Page URL:: https://i-car--staging.sandbox.lightning.force.com/one/one.app#eyjjb21wb25lbnrezwyioijmb3jjzvnlyxjjadpzzwfyy2hqywdlrgvza3rvccisimf0dhjpynv0zxmionsidgvybsi6iji2mtqzmdgilcjzy29wzu1hcci6eyj0exblijoive9qx1jfu1vmvfmilcjuyw1lc3bhy2uioiiilcjsywjlbci6ilrvccbszxn1bhrziiwibgfizwxqbhvyywwioijub3agumvzdwx0cyisinjlc3vsdhndbxaioijmb3jjzvnlyxjjadpwcmvkawn0zwrszxn1bhrzin0simnvbnrlehqionsirklmvevsuyi6e30sinnlyxjjafnvdxjjzsi6ikftu0ltvefovf9esufmt0cilcjkaxnhymxlsw50zw50uxvlcnkiomzhbhnllcjkaxnhymxlu3blbgxdb3jyzwn0aw9uijpmywxzzswic2vhcmnorglhbg9nu2vzc2lvbklkijoizdhlogyymdatntdkoc05mgnilwvinzutn2u5odqzndmyyjiziiwizgvidwdjbmzvijp7imfwce5hbwuioijjq2fyx1nlcnzpy2vfq29uc29szsisimfwcfr5cguioijdb25zb2xliiwiyxbwtmftzxnwywnlijoiyyisimxvy2f0aw9uijoizm9yy2u6b2jqzwn0sg9tzurlc2t0b3ailcjzb2jqzwn0vhlwzsi6iknvbw1pdhrlzv9fyyj9fswiz3jvdxbjzci6ikrfrkfvtfqifswic3rhdguiont9fq%3d%3d</small> </font> </div>
<div class="test-event"> <font color="maroon"> <small> &emsp; &emsp;--- 15 Oct 11:58:38 249 - <b>0</b> - Page Load Wait: (Sync) - ICar.support.Utils.waitForPageLoad(Utils.java:109)</small> </font> </div>
<div class="test-event"> <font color="maroon"> <small> &emsp; &emsp;--- 15 Oct 11:58:39 070 - Page URL:: https://i-car--staging.sandbox.lightning.force.com/one/one.app#eyjjb21wb25lbnrezwyioijmb3jjzvnlyxjjadpzzwfyy2hqywdlrgvza3rvccisimf0dhjpynv0zxmionsidgvybsi6iji2mtqzmdgilcjzy29wzu1hcci6eyj0exblijoive9qx1jfu1vmvfmilcjuyw1lc3bhy2uioiiilcjsywjlbci6ilrvccbszxn1bhrziiwibgfizwxqbhvyywwioijub3agumvzdwx0cyisinjlc3vsdhndbxaioijmb3jjzvnlyxjjadpwcmvkawn0zwrszxn1bhrzin0simnvbnrlehqionsirklmvevsuyi6e30sinnlyxjjafnvdxjjzsi6ikftu0ltvefovf9esufmt0cilcjkaxnhymxlsw50zw50uxvlcnkiomzhbhnllcjkaxnhymxlu3blbgxdb3jyzwn0aw9uijpmywxzzswic2vhcmnorglhbg9nu2vzc2lvbklkijoizdhlogyymdatntdkoc05mgnilwvinzutn2u5odqzndmyyjiziiwizgvidwdjbmzvijp7imfwce5hbwuioijjq2fyx1nlcnzpy2vfq29uc29szsisimfwcfr5cguioijdb25zb2xliiwiyxbwtmftzxnwywnlijoiyyisimxvy2f0aw9uijoizm9yy2u6b2jqzwn0sg9tzurlc2t0b3ailcjzb2jqzwn0vhlwzsi6iknvbw1pdhrlzv9fyyj9fswiz3jvdxbjzci6ikrfrkfvtfqifswic3rhdguiont9fq%3d%3d</small> </font> </div>
<div class="test-event"> <font color="maroon"> <small> &emsp; &emsp;--- 15 Oct 11:58:39 070 - <b>0</b> - Page Load Wait: (Sync) - ICar.support.Utils.waitForPageLoad(Utils.java:109)</small> </font> </div>
<div class="test-event"> <font color="maroon"> <small> &emsp; &emsp;--- 15 Oct 11:58:39 956 - Page URL:: https://i-car--staging.sandbox.lightning.force.com/one/one.app#eyjjb21wb25lbnrezwyioijmb3jjzvnlyxjjadpzzwfyy2hqywdlrgvza3rvccisimf0dhjpynv0zxmionsidgvybsi6iji2mtqzmdgilcjzy29wzu1hcci6eyj0exblijoive9qx1jfu1vmvfmilcjuyw1lc3bhy2uioiiilcjsywjlbci6ilrvccbszxn1bhrziiwibgfizwxqbhvyywwioijub3agumvzdwx0cyisinjlc3vsdhndbxaioijmb3jjzvnlyxjjadpwcmvkawn0zwrszxn1bhrzin0simnvbnrlehqionsirklmvevsuyi6e30sinnlyxjjafnvdxjjzsi6ikftu0ltvefovf9esufmt0cilcjkaxnhymxlsw50zw50uxvlcnkiomzhbhnllcjkaxnhymxlu3blbgxdb3jyzwn0aw9uijpmywxzzswic2vhcmnorglhbg9nu2vzc2lvbklkijoizdhlogyymdatntdkoc05mgnilwvinzutn2u5odqzndmyyjiziiwizgvidwdjbmzvijp7imfwce5hbwuioijjq2fyx1nlcnzpy2vfq29uc29szsisimfwcfr5cguioijdb25zb2xliiwiyxbwtmftzxnwywnlijoiyyisimxvy2f0aw9uijoizm9yy2u6b2jqzwn0sg9tzurlc2t0b3ailcjzb2jqzwn0vhlwzsi6iknvbw1pdhrlzv9fyyj9fswiz3jvdxbjzci6ikrfrkfvtfqifswic3rhdguiont9fq%3d%3d</small> </font> </div>
<div class="test-event"> <font color="maroon"> <small> &emsp; &emsp;--- 15 Oct 11:58:39 956 - <b>0</b> - Page Load Wait: (Sync) - ICar.support.Utils.waitForPageLoad(Utils.java:109)</small> </font> </div>
<div class="test-event"> <font color="maroon"> <small> &emsp; &emsp;--- 15 Oct 11:58:48 124 - Catched spinner load exception due to Expected condition failed: waiting for ICar.support.WaitUtils$4@3e310ae5 (tried for 8 second(s) with 500 milliseconds interval)</small> </font> </div>
<div class="test-event"> <font color="maroon"> <small> &emsp; &emsp;--- 15 Oct 11:58:48 124 - <b>8</b> - Spinner Load Wait: (Sync) - ICar.support.WaitUtils.waitForSpinner(WaitUtils.java:225)</small> </font> </div>
<div class="test-event"> <font color="maroon"> <small> &emsp; &emsp;--- 15 Oct 11:58:49 304 - Page URL:: https://i-car--staging.sandbox.lightning.force.com/one/one.app#eyjjb21wb25lbnrezwyioijmb3jjzvnlyxjjadpzzwfyy2hqywdlrgvza3rvccisimf0dhjpynv0zxmionsidgvybsi6iji2mtqzmdgilcjzy29wzu1hcci6eyj0exblijoive9qx1jfu1vmvfmilcjuyw1lc3bhy2uioiiilcjsywjlbci6ilrvccbszxn1bhrziiwibgfizwxqbhvyywwioijub3agumvzdwx0cyisinjlc3vsdhndbxaioijmb3jjzvnlyxjjadpwcmvkawn0zwrszxn1bhrzin0simnvbnrlehqionsirklmvevsuyi6e30sinnlyxjjafnvdxjjzsi6ikftu0ltvefovf9esufmt0cilcjkaxnhymxlsw50zw50uxvlcnkiomzhbhnllcjkaxnhymxlu3blbgxdb3jyzwn0aw9uijpmywxzzswic2vhcmnorglhbg9nu2vzc2lvbklkijoizdhlogyymdatntdkoc05mgnilwvinzutn2u5odqzndmyyjiziiwizgvidwdjbmzvijp7imfwce5hbwuioijjq2fyx1nlcnzpy2vfq29uc29szsisimfwcfr5cguioijdb25zb2xliiwiyxbwtmftzxnwywnlijoiyyisimxvy2f0aw9uijoizm9yy2u6b2jqzwn0sg9tzurlc2t0b3ailcjzb2jqzwn0vhlwzsi6iknvbw1pdhrlzv9fyyj9fswiz3jvdxbjzci6ikrfrkfvtfqifswic3rhdguiont9fq%3d%3d</small> </font> </div>
<div class="test-event"> <font color="maroon"> <small> &emsp; &emsp;--- 15 Oct 11:58:49 304 - <b>1</b> - Page Load Wait: (Sync) - ICar.support.Utils.waitForPageLoad(Utils.java:109)</small> </font> </div>
<div class="test-event"> <font color="maroon"> <small> &emsp; &emsp;--- 15 Oct 11:58:51 560 - Element is displayed:: [[ChromeDriver: chrome on WINDOWS (f2bb3f3e232c237b316a90198c8a90bc)] -> xpath: //div[contains(@class,'forceSearchResultsRegion')]//div[contains(@class,'resultsMultiWrapper')]/div/div[1]//following::h2//a]</small> </font> </div>
<div class="test-event"> <font color="maroon"> <small> &emsp; &emsp;--- 15 Oct 11:58:51 826 - Element is displayed:: [[ChromeDriver: chrome on WINDOWS (f2bb3f3e232c237b316a90198c8a90bc)] -> xpath: //a[text()='Contacts']]</small> </font> </div>
<div class="test-event"> <font color="maroon"> <small> &emsp; &emsp;--- 15 Oct 11:58:56 196 - Element is displayed:: [[ChromeDriver: chrome on WINDOWS (f2bb3f3e232c237b316a90198c8a90bc)] -> xpath: //div[text()='Contacts']//following :: table//tbody//th//span /a]</small> </font> </div>
<div class="test-message">&emsp;4.Enter ICAR ID  2614308</div>
<div class="test-event"> <font color="maroon"> <small> &emsp; &emsp;--- 15 Oct 11:59:11 581 - Catched spinner load exception due to Expected condition failed: waiting for ICar.support.WaitUtils$4@3e310ae5 (tried for 15 second(s) with 500 milliseconds interval)</small> </font> </div>
<div class="test-event"> <font color="maroon"> <small> &emsp; &emsp;--- 15 Oct 11:59:11 581 - <b>15</b> - Spinner Load Wait: (Sync) - ICar.support.WaitUtils.waitForSpinner(WaitUtils.java:225)</small> </font> </div>
<div class="test-event"> <font color="maroon"> <small> &emsp; &emsp;--- 15 Oct 11:59:12 349 - Page URL:: https://i-car--staging.sandbox.lightning.force.com/lightning/r/contact/0031i00000nuhghqae/view</small> </font> </div>
<div class="test-event"> <font color="maroon"> <small> &emsp; &emsp;--- 15 Oct 11:59:12 349 - <b>0</b> - Page Load Wait: (Sync) - ICar.support.Utils.waitForPageLoad(Utils.java:109)</small> </font> </div>
<div class="test-event"> <font color="maroon"> <small> &emsp; &emsp;--- 15 Oct 11:59:27 779 - Catched spinner load exception due to Expected condition failed: waiting for ICar.support.WaitUtils$4@3e310ae5 (tried for 15 second(s) with 500 milliseconds interval)</small> </font> </div>
<div class="test-event"> <font color="maroon"> <small> &emsp; &emsp;--- 15 Oct 11:59:27 779 - <b>15</b> - Spinner Load Wait: (Sync) - ICar.support.WaitUtils.waitForSpinner(WaitUtils.java:225)</small> </font> </div>
<div class="test-event"> <font color="maroon"> <small> &emsp; &emsp;--- 15 Oct 11:59:27 900 - Element is displayed:: [[ChromeDriver: chrome on WINDOWS (f2bb3f3e232c237b316a90198c8a90bc)] -> xpath: //button[text()='Access Shopping Cart - New']]</small> </font> </div>
<div class="test-event"> <font color="maroon"> <small> &emsp; &emsp;--- 15 Oct 11:59:30 099 - Element is displayed:: [[ChromeDriver: chrome on WINDOWS (f2bb3f3e232c237b316a90198c8a90bc)] -> xpath: //button[text()='Access Shopping Cart - New']]</small> </font> </div>
<div class="test-event"> <font color="maroon"> <small> &emsp; &emsp;--- 15 Oct 11:59:38 979 - Page URL:: https://i-car--staging.sandbox.lightning.force.com/lightning/r/contact/0031i00000nuhghqae/view</small> </font> </div>
<div class="test-event"> <font color="maroon"> <small> &emsp; &emsp;--- 15 Oct 11:59:38 980 - <b>0</b> - Page Load Wait: (Sync) - ICar.support.Utils.waitForPageLoad(Utils.java:109)</small> </font> </div>
<div class="test-event"> <font color="maroon"> <small> &emsp; &emsp;--- 15 Oct 12:00:04 344 - Catched spinner load exception due to Expected condition failed: waiting for ICar.support.WaitUtils$4@3e310ae5 (tried for 10 second(s) with 500 milliseconds interval)</small> </font> </div>
<div class="test-event"> <font color="maroon"> <small> &emsp; &emsp;--- 15 Oct 12:00:04 344 - <b>10</b> - Spinner Load Wait: (Sync) - ICar.support.WaitUtils.waitForSpinner(WaitUtils.java:225)</small> </font> </div>
<div class="test-event"> <font color="maroon"> <small> &emsp; &emsp;--- 15 Oct 12:00:04 520 - Element is displayed:: [[ChromeDriver: chrome on WINDOWS (f2bb3f3e232c237b316a90198c8a90bc)] -> xpath: //button[@value='Launch My Learning']]</small> </font> </div>
<div class="test-message">&emsp;5. Clicked the 'Access Shoping cart'  & Navigated to the user home page.</div>
<div class="test-message">&emsp;Link Access Committee Portal displayed in B2B Portal</div>
<div class="test-message">&emsp;Successfully verified-Access committee portal link displayed on portal</div>
<div class="test-result"><br><font color="green"><strong> Test Passed. </strong></font> </div>&emsp;
&emsp;<div class="test-title"> <strong><font size = "3" color = "#0000FF">---Test Execution Ends---</font> </strong> </div>&emsp;
<div class="test-event"> <font color="maroon"> <small> &emsp; &emsp;--- 15 Oct 12:00:06 576 - TestCaseID:: B2B1002_TC02</small> </font> </div>
<div class="test-event"> <font color="maroon"> <small> &emsp; &emsp;--- 15 Oct 12:00:07 710 - <b>1</b> - Driver::initialize::Get - ICar.support.WebDriverFactory.getDriver(WebDriverFactory.java:640)</small> </font> </div>
&emsp;<div class="test-title"> <strong><font size = "3" color = "#000080">Verify the Committee home page details are displayed when Click on Access Committee Portal link</font> </strong> </div>&emsp;<div><strong>Steps:</strong></div><!-- Report -->&emsp;
<div class="test-event"> <font color="maroon"> <small> &emsp; &emsp;--- 15 Oct 12:00:13 748 - Page URL:: https://i-car--staging.sandbox.my.salesforce.com/</small> </font> </div>
<div class="test-event"> <font color="maroon"> <small> &emsp; &emsp;--- 15 Oct 12:00:13 748 - <b>0</b> - Page Load Wait: (Sync) - ICar.support.Utils.waitForPageLoad(Utils.java:109)</small> </font> </div>
<div class="test-event"> <font color="maroon"> <small> &emsp; &emsp;--- 15 Oct 12:00:28 725 - Page URL:: https://i-car--staging.sandbox.my.salesforce.com/</small> </font> </div>
<div class="test-event"> <font color="maroon"> <small> &emsp; &emsp;--- 15 Oct 12:00:28 725 - <b>0</b> - Page Load Wait: (Sync) - ICar.support.Utils.waitForPageLoad(Utils.java:109)</small> </font> </div>
<div class="test-message">&emsp;Successfully navigated to 'Login' Page&emsp;<a href=".\ScreenShot\B2B1002_TC02_1255823816795100.png" target="_blank" >[ScreenShot]</a></div>
<div class="test-message">&emsp;1. Login page is launched.</div>
<div class="test-event"> <font color="maroon"> <small> &emsp; &emsp;--- 15 Oct 12:00:28 971 - Element is displayed:: [[ChromeDriver: chrome on WINDOWS (9511c161c6a204d13d93e9360ff7167c)] -> id: username]</small> </font> </div>
<div class="test-event"> <font color="maroon"> <small> &emsp; &emsp;--- 15 Oct 12:00:29 051 - Element is displayed:: [[ChromeDriver: chrome on WINDOWS (9511c161c6a204d13d93e9360ff7167c)] -> id: username]</small> </font> </div>
<div class="test-event"> <font color="maroon"> <small> &emsp; &emsp;--- 15 Oct 12:00:29 305 - Element is displayed:: [[ChromeDriver: chrome on WINDOWS (9511c161c6a204d13d93e9360ff7167c)] -> id: password]</small> </font> </div>
<div class="test-event"> <font color="maroon"> <small> &emsp; &emsp;--- 15 Oct 12:00:29 573 - Element is displayed:: [[ChromeDriver: chrome on WINDOWS (9511c161c6a204d13d93e9360ff7167c)] -> id: Login]</small> </font> </div>
<div class="test-event"> <font color="maroon"> <small> &emsp; &emsp;--- 15 Oct 12:01:03 275 - Catched spinner load exception due to Expected condition failed: waiting for ICar.support.WaitUtils$4@3e310ae5 (tried for 13 second(s) with 500 milliseconds interval)</small> </font> </div>
<div class="test-event"> <font color="maroon"> <small> &emsp; &emsp;--- 15 Oct 12:01:03 275 - <b>13</b> - Spinner Load Wait: (Sync) - ICar.support.WaitUtils.waitForSpinner(WaitUtils.java:225)</small> </font> </div>
<div class="test-event"> <font color="maroon"> <small> &emsp; &emsp;--- 15 Oct 12:01:23 122 - Catched spinner load exception due to Expected condition failed: waiting for ICar.support.WaitUtils$4@3e310ae5 (tried for 6 second(s) with 500 milliseconds interval)</small> </font> </div>
<div class="test-event"> <font color="maroon"> <small> &emsp; &emsp;--- 15 Oct 12:01:23 122 - <b>6</b> - Spinner Load Wait: (Sync) - ICar.support.WaitUtils.waitForSpinner(WaitUtils.java:225)</small> </font> </div>
<div class="test-event"> <font color="maroon"> <small> &emsp; &emsp;--- 15 Oct 12:01:23 305 - Element is displayed:: [[ChromeDriver: chrome on WINDOWS (9511c161c6a204d13d93e9360ff7167c)] -> css selector: button[class*='search-button']]</small> </font> </div>
<div class="test-message">&emsp;2. Navigate to 'SalesForce Page'</div>
<div class="test-event"> <font color="maroon"> <small> &emsp; &emsp;--- 15 Oct 12:01:23 904 - Page URL:: https://i-car--staging.sandbox.lightning.force.com/lightning/r/contact/0031i00000nuhghqae/view</small> </font> </div>
<div class="test-event"> <font color="maroon"> <small> &emsp; &emsp;--- 15 Oct 12:01:23 904 - <b>0</b> - Page Load Wait: (Sync) - ICar.support.Utils.waitForPageLoad(Utils.java:109)</small> </font> </div>
<div class="test-event"> <font color="maroon"> <small> &emsp; &emsp;--- 15 Oct 12:01:29 785 - Page URL:: https://i-car--staging.sandbox.lightning.force.com/lightning/r/contact/0031i00000nuhghqae/view</small> </font> </div>
<div class="test-event"> <font color="maroon"> <small> &emsp; &emsp;--- 15 Oct 12:01:29 785 - <b>0</b> - Page Load Wait: (Sync) - ICar.support.Utils.waitForPageLoad(Utils.java:109)</small> </font> </div>
<div class="test-message">&emsp;Close the tab</div>
<div class="test-message">&emsp;Successfully navigated to 'Login' Page&emsp;<a href=".\ScreenShot\B2B1002_TC02_1255890031223700.png" target="_blank" >[ScreenShot]</a></div>
<div class="test-event"> <font color="maroon"> <small> &emsp; &emsp;--- 15 Oct 12:01:40 465 - Catched spinner load exception due to Expected condition failed: waiting for ICar.support.WaitUtils$4@3e310ae5 (tried for 5 second(s) with 500 milliseconds interval)</small> </font> </div>
<div class="test-event"> <font color="maroon"> <small> &emsp; &emsp;--- 15 Oct 12:01:40 465 - <b>5</b> - Spinner Load Wait: (Sync) - ICar.support.WaitUtils.waitForSpinner(WaitUtils.java:225)</small> </font> </div>
<div class="test-event"> <font color="maroon"> <small> &emsp; &emsp;--- 15 Oct 12:01:40 677 - Page URL:: https://i-car--staging.sandbox.lightning.force.com/lightning/o/committee__c/list?filtername=__recent</small> </font> </div>
<div class="test-event"> <font color="maroon"> <small> &emsp; &emsp;--- 15 Oct 12:01:40 677 - <b>0</b> - Page Load Wait: (Sync) - ICar.support.Utils.waitForPageLoad(Utils.java:109)</small> </font> </div>
<div class="test-event"> <font color="maroon"> <small> &emsp; &emsp;--- 15 Oct 12:01:40 750 - Element is displayed:: [[ChromeDriver: chrome on WINDOWS (9511c161c6a204d13d93e9360ff7167c)] -> xpath: //div[contains(@class,'appLauncher ')]//button]</small> </font> </div>
<div class="test-event"> <font color="maroon"> <small> &emsp; &emsp;--- 15 Oct 12:01:40 814 - Element is displayed:: [[ChromeDriver: chrome on WINDOWS (9511c161c6a204d13d93e9360ff7167c)] -> xpath: //div[contains(@class,'appLauncher ')]//button]</small> </font> </div>
<div class="test-event"> <font color="maroon"> <small> &emsp; &emsp;--- 15 Oct 12:01:42 488 - Element is displayed:: [[ChromeDriver: chrome on WINDOWS (9511c161c6a204d13d93e9360ff7167c)] -> xpath: //input[@placeholder='Search apps and items...']]</small> </font> </div>
<div class="test-event"> <font color="maroon"> <small> &emsp; &emsp;--- 15 Oct 12:01:42 551 - Element is displayed:: [[ChromeDriver: chrome on WINDOWS (9511c161c6a204d13d93e9360ff7167c)] -> xpath: //input[@placeholder='Search apps and items...']]</small> </font> </div>
<div class="test-event"> <font color="maroon"> <small> &emsp; &emsp;--- 15 Oct 12:01:45 956 - Element is displayed:: [[ChromeDriver: chrome on WINDOWS (9511c161c6a204d13d93e9360ff7167c)] -> xpath: //lightning-formatted-rich-text/span/p/b[text()='Committees']]</small> </font> </div>
<div class="test-event"> <font color="maroon"> <small> &emsp; &emsp;--- 15 Oct 12:01:49 002 - Element is displayed:: [[ChromeDriver: chrome on WINDOWS (9511c161c6a204d13d93e9360ff7167c)] -> xpath: //lightning-formatted-rich-text/span/p/b[text()='Committees']]</small> </font> </div>
<div class="test-event"> <font color="maroon"> <small> &emsp; &emsp;--- 15 Oct 12:01:49 351 - Page URL:: https://i-car--staging.sandbox.lightning.force.com/lightning/o/committee__c/home</small> </font> </div>
<div class="test-event"> <font color="maroon"> <small> &emsp; &emsp;--- 15 Oct 12:01:49 351 - <b>0</b> - Page Load Wait: (Sync) - ICar.support.Utils.waitForPageLoad(Utils.java:109)</small> </font> </div>
<div class="test-event"> <font color="maroon"> <small> &emsp; &emsp;--- 15 Oct 12:01:54 677 - Catched spinner load exception due to Expected condition failed: waiting for ICar.support.WaitUtils$4@3e310ae5 (tried for 5 second(s) with 500 milliseconds interval)</small> </font> </div>
<div class="test-event"> <font color="maroon"> <small> &emsp; &emsp;--- 15 Oct 12:01:54 677 - <b>5</b> - Spinner Load Wait: (Sync) - ICar.support.WaitUtils.waitForSpinner(WaitUtils.java:225)</small> </font> </div>
<div class="test-event"> <font color="maroon"> <small> &emsp; &emsp;--- 15 Oct 12:01:54 862 - Page URL:: https://i-car--staging.sandbox.lightning.force.com/lightning/o/committee__c/list?filtername=__recent</small> </font> </div>
<div class="test-event"> <font color="maroon"> <small> &emsp; &emsp;--- 15 Oct 12:01:54 862 - <b>0</b> - Page Load Wait: (Sync) - ICar.support.Utils.waitForPageLoad(Utils.java:109)</small> </font> </div>
<div class="test-event"> <font color="maroon"> <small> &emsp; &emsp;--- 15 Oct 12:01:54 989 - Element is displayed:: [[ChromeDriver: chrome on WINDOWS (9511c161c6a204d13d93e9360ff7167c)] -> xpath: //div[contains(@class,'appLauncher ')]//button]</small> </font> </div>
<div class="test-event"> <font color="maroon"> <small> &emsp; &emsp;--- 15 Oct 12:01:55 064 - Element is displayed:: [[ChromeDriver: chrome on WINDOWS (9511c161c6a204d13d93e9360ff7167c)] -> xpath: //div[contains(@class,'appLauncher ')]//button]</small> </font> </div>
<div class="test-event"> <font color="maroon"> <small> &emsp; &emsp;--- 15 Oct 12:01:55 263 - Element is displayed:: [[ChromeDriver: chrome on WINDOWS (9511c161c6a204d13d93e9360ff7167c)] -> xpath: //input[@placeholder='Search apps and items...']]</small> </font> </div>
<div class="test-event"> <font color="maroon"> <small> &emsp; &emsp;--- 15 Oct 12:01:55 320 - Element is displayed:: [[ChromeDriver: chrome on WINDOWS (9511c161c6a204d13d93e9360ff7167c)] -> xpath: //input[@placeholder='Search apps and items...']]</small> </font> </div>
<div class="test-event"> <font color="maroon"> <small> &emsp; &emsp;--- 15 Oct 12:01:58 925 - Element is displayed:: [[ChromeDriver: chrome on WINDOWS (9511c161c6a204d13d93e9360ff7167c)] -> xpath: //lightning-formatted-rich-text/span/p/b[text()='Committee Members']]</small> </font> </div>
<div class="test-event"> <font color="maroon"> <small> &emsp; &emsp;--- 15 Oct 12:02:02 019 - Element is displayed:: [[ChromeDriver: chrome on WINDOWS (9511c161c6a204d13d93e9360ff7167c)] -> xpath: //lightning-formatted-rich-text/span/p/b[text()='Committee Members']]</small> </font> </div>
<div class="test-event"> <font color="maroon"> <small> &emsp; &emsp;--- 15 Oct 12:02:02 610 - Page URL:: https://i-car--staging.sandbox.lightning.force.com/lightning/o/committee_member__c/home</small> </font> </div>
<div class="test-event"> <font color="maroon"> <small> &emsp; &emsp;--- 15 Oct 12:02:02 610 - <b>0</b> - Page Load Wait: (Sync) - ICar.support.Utils.waitForPageLoad(Utils.java:109)</small> </font> </div>
<div class="test-message">&emsp;3. Enter the AccountName as : Alessandra Acosta:540-0799 El Paso, TX</div>
<div class="test-event"> <font color="maroon"> <small> &emsp; &emsp;--- 15 Oct 12:02:03 078 - Page URL:: https://i-car--staging.sandbox.lightning.force.com/lightning/o/committee_member__c/home</small> </font> </div>
<div class="test-event"> <font color="maroon"> <small> &emsp; &emsp;--- 15 Oct 12:02:03 078 - <b>0</b> - Page Load Wait: (Sync) - ICar.support.Utils.waitForPageLoad(Utils.java:109)</small> </font> </div>
<div class="test-event"> <font color="maroon"> <small> &emsp; &emsp;--- 15 Oct 12:02:03 146 - Element is displayed:: [[ChromeDriver: chrome on WINDOWS (9511c161c6a204d13d93e9360ff7167c)] -> css selector: button[class*='search-button']]</small> </font> </div>
<div class="test-event"> <font color="maroon"> <small> &emsp; &emsp;--- 15 Oct 12:02:05 281 - Catched spinner load exception due to Expected condition failed: waiting for ICar.support.WaitUtils$4@3e310ae5 (tried for 2 second(s) with 500 milliseconds interval)</small> </font> </div>
<div class="test-event"> <font color="maroon"> <small> &emsp; &emsp;--- 15 Oct 12:02:05 282 - <b>2</b> - Spinner Load Wait: (Sync) - ICar.support.WaitUtils.waitForSpinner(WaitUtils.java:225)</small> </font> </div>
<div class="test-event"> <font color="maroon"> <small> &emsp; &emsp;--- 15 Oct 12:02:08 466 - Element is displayed:: [[ChromeDriver: chrome on WINDOWS (9511c161c6a204d13d93e9360ff7167c)] -> css selector: button[class*='search-button']]</small> </font> </div>
<div class="test-event"> <font color="maroon"> <small> &emsp; &emsp;--- 15 Oct 12:02:09 188 - Page URL:: https://i-car--staging.sandbox.lightning.force.com/lightning/o/committee_member__c/home</small> </font> </div>
<div class="test-event"> <font color="maroon"> <small> &emsp; &emsp;--- 15 Oct 12:02:09 188 - <b>0</b> - Page Load Wait: (Sync) - ICar.support.Utils.waitForPageLoad(Utils.java:109)</small> </font> </div>
<div class="test-event"> <font color="maroon"> <small> &emsp; &emsp;--- 15 Oct 12:02:25 864 - Catched spinner load exception due to Expected condition failed: waiting for ICar.support.WaitUtils$4@3e310ae5 (tried for 10 second(s) with 500 milliseconds interval)</small> </font> </div>
<div class="test-event"> <font color="maroon"> <small> &emsp; &emsp;--- 15 Oct 12:02:25 864 - <b>10</b> - Spinner Load Wait: (Sync) - ICar.support.WaitUtils.waitForSpinner(WaitUtils.java:225)</small> </font> </div>
<div class="test-event"> <font color="maroon"> <small> &emsp; &emsp;--- 15 Oct 12:02:26 232 - Page URL:: https://i-car--staging.sandbox.lightning.force.com/one/one.app#eyjjb21wb25lbnrezwyioijmb3jjzvnlyxjjadpzzwfyy2hqywdlrgvza3rvccisimf0dhjpynv0zxmionsidgvybsi6ikfszxnzyw5kcmegqwnvc3rhoju0mc0wnzk5ievsifbhc28sifryiiwic2nvcgvnyxaionsidhlwzsi6ilrpuf9srvnvtfrtiiwibmftzxnwywnlijoiiiwibgfizwwioijub3agumvzdwx0cyisimxhymvsugx1cmfsijoivg9wifjlc3vsdhmilcjyzxn1bhrzq21wijoizm9yy2vtzwfyy2g6chjlzgljdgvkumvzdwx0cyj9lcjjb250zxh0ijp7ikzjtfrfulmiont9lcjzzwfyy2htb3vyy2uioijbu1nju1rbtlrfrelbte9hiiwizglzywjszuludgvudff1zxj5ijpmywxzzswizglzywjszvnwzwxsq29ycmvjdglvbii6zmfsc2usinnlyxjjaerpywxvz1nlc3npb25jzci6imq4zmq3nge1lwrmzjetnzuyyy0ymjkzltjkmzuxmzjiyzg4ysisimrlynvnsw5mbyi6eyjhchboyw1lijoisunhcl9tzxj2awnlx0nvbnnvbguilcjhchbuexblijoiq29uc29szsisimfwce5hbwvzcgfjzsi6immilcjsb2nhdglvbii6imzvcmnlom9iamvjdehvbwvezxnrdg9wiiwic29iamvjdfr5cguioijdb21taxr0zwvftwvtymvyx19jin19lcjncm91celkijoirevgqvvmvcj9lcjzdgf0zsi6e319</small> </font> </div>
<div class="test-event"> <font color="maroon"> <small> &emsp; &emsp;--- 15 Oct 12:02:26 232 - <b>0</b> - Page Load Wait: (Sync) - ICar.support.Utils.waitForPageLoad(Utils.java:109)</small> </font> </div>
<div class="test-event"> <font color="maroon"> <small> &emsp; &emsp;--- 15 Oct 12:02:26 583 - Page URL:: https://i-car--staging.sandbox.lightning.force.com/one/one.app#eyjjb21wb25lbnrezwyioijmb3jjzvnlyxjjadpzzwfyy2hqywdlrgvza3rvccisimf0dhjpynv0zxmionsidgvybsi6ikfszxnzyw5kcmegqwnvc3rhoju0mc0wnzk5ievsifbhc28sifryiiwic2nvcgvnyxaionsidhlwzsi6ilrpuf9srvnvtfrtiiwibmftzxnwywnlijoiiiwibgfizwwioijub3agumvzdwx0cyisimxhymvsugx1cmfsijoivg9wifjlc3vsdhmilcjyzxn1bhrzq21wijoizm9yy2vtzwfyy2g6chjlzgljdgvkumvzdwx0cyj9lcjjb250zxh0ijp7ikzjtfrfulmiont9lcjzzwfyy2htb3vyy2uioijbu1nju1rbtlrfrelbte9hiiwizglzywjszuludgvudff1zxj5ijpmywxzzswizglzywjszvnwzwxsq29ycmvjdglvbii6zmfsc2usinnlyxjjaerpywxvz1nlc3npb25jzci6imq4zmq3nge1lwrmzjetnzuyyy0ymjkzltjkmzuxmzjiyzg4ysisimrlynvnsw5mbyi6eyjhchboyw1lijoisunhcl9tzxj2awnlx0nvbnnvbguilcjhchbuexblijoiq29uc29szsisimfwce5hbwvzcgfjzsi6immilcjsb2nhdglvbii6imzvcmnlom9iamvjdehvbwvezxnrdg9wiiwic29iamvjdfr5cguioijdb21taxr0zwvftwvtymvyx19jin19lcjncm91celkijoirevgqvvmvcj9lcjzdgf0zsi6e319</small> </font> </div>
<div class="test-event"> <font color="maroon"> <small> &emsp; &emsp;--- 15 Oct 12:02:26 583 - <b>0</b> - Page Load Wait: (Sync) - ICar.support.Utils.waitForPageLoad(Utils.java:109)</small> </font> </div>
<div class="test-event"> <font color="maroon"> <small> &emsp; &emsp;--- 15 Oct 12:02:36 779 - Catched spinner load exception due to Expected condition failed: waiting for ICar.support.WaitUtils$4@3e310ae5 (tried for 10 second(s) with 500 milliseconds interval)</small> </font> </div>
<div class="test-event"> <font color="maroon"> <small> &emsp; &emsp;--- 15 Oct 12:02:36 779 - <b>10</b> - Spinner Load Wait: (Sync) - ICar.support.WaitUtils.waitForSpinner(WaitUtils.java:225)</small> </font> </div>
<div class="test-event"> <font color="maroon"> <small> &emsp; &emsp;--- 15 Oct 12:02:36 814 - Element is displayed:: [[ChromeDriver: chrome on WINDOWS (9511c161c6a204d13d93e9360ff7167c)] -> css selector: div.forceSearchResultsRegion div.resultsMultiWrapper >div > div table tbody th a]</small> </font> </div>
<div class="test-event"> <font color="maroon"> <small> &emsp; &emsp;--- 15 Oct 12:02:36 914 - Element is displayed:: [[ChromeDriver: chrome on WINDOWS (9511c161c6a204d13d93e9360ff7167c)] -> css selector: div.forceSearchResultsRegion div.resultsMultiWrapper >div > div table tbody th a]</small> </font> </div>
<div class="test-event"> <font color="maroon"> <small> &emsp; &emsp;--- 15 Oct 12:02:37 451 - Page URL:: https://i-car--staging.sandbox.lightning.force.com/one/one.app#eyjjb21wb25lbnrezwyioijmb3jjzvnlyxjjadpzzwfyy2hqywdlrgvza3rvccisimf0dhjpynv0zxmionsidgvybsi6ikfszxnzyw5kcmegqwnvc3rhoju0mc0wnzk5ievsifbhc28sifryiiwic2nvcgvnyxaionsidhlwzsi6ilrpuf9srvnvtfrtiiwibmftzxnwywnlijoiiiwibgfizwwioijub3agumvzdwx0cyisimxhymvsugx1cmfsijoivg9wifjlc3vsdhmilcjyzxn1bhrzq21wijoizm9yy2vtzwfyy2g6chjlzgljdgvkumvzdwx0cyj9lcjjb250zxh0ijp7ikzjtfrfulmiont9lcjzzwfyy2htb3vyy2uioijbu1nju1rbtlrfrelbte9hiiwizglzywjszuludgvudff1zxj5ijpmywxzzswizglzywjszvnwzwxsq29ycmvjdglvbii6zmfsc2usinnlyxjjaerpywxvz1nlc3npb25jzci6imq4zmq3nge1lwrmzjetnzuyyy0ymjkzltjkmzuxmzjiyzg4ysisimrlynvnsw5mbyi6eyjhchboyw1lijoisunhcl9tzxj2awnlx0nvbnnvbguilcjhchbuexblijoiq29uc29szsisimfwce5hbwvzcgfjzsi6immilcjsb2nhdglvbii6imzvcmnlom9iamvjdehvbwvezxnrdg9wiiwic29iamvjdfr5cguioijdb21taxr0zwvftwvtymvyx19jin19lcjncm91celkijoirevgqvvmvcj9lcjzdgf0zsi6e319</small> </font> </div>
<div class="test-event"> <font color="maroon"> <small> &emsp; &emsp;--- 15 Oct 12:02:37 451 - <b>0</b> - Page Load Wait: (Sync) - ICar.support.Utils.waitForPageLoad(Utils.java:109)</small> </font> </div>
<div class="test-message">&emsp;Role displayed Committee Officer</div>
<div class="test-message">&emsp;Successfully verified - Contact name Alessandra Veronica Acosta whose role displayed as Committee Officer</div>
<div class="test-event"> <font color="maroon"> <small> &emsp; &emsp;--- 15 Oct 12:02:43 471 - Page URL:: https://i-car--staging.sandbox.lightning.force.com/lightning/r/committee_member__c/a371i000000ir8rqaa/view</small> </font> </div>
<div class="test-event"> <font color="maroon"> <small> &emsp; &emsp;--- 15 Oct 12:02:43 471 - <b>0</b> - Page Load Wait: (Sync) - ICar.support.Utils.waitForPageLoad(Utils.java:109)</small> </font> </div>
<div class="test-event"> <font color="maroon"> <small> &emsp; &emsp;--- 15 Oct 12:02:48 653 - Page URL:: https://i-car--staging.sandbox.lightning.force.com/lightning/r/committee_member__c/a371i000000ir8rqaa/view</small> </font> </div>
<div class="test-event"> <font color="maroon"> <small> &emsp; &emsp;--- 15 Oct 12:02:48 653 - <b>0</b> - Page Load Wait: (Sync) - ICar.support.Utils.waitForPageLoad(Utils.java:109)</small> </font> </div>
<div class="test-event"> <font color="maroon"> <small> &emsp; &emsp;--- 15 Oct 12:02:53 048 - Page URL:: https://i-car--staging.sandbox.lightning.force.com/lightning/r/committee_member__c/a371i000000ir8rqaa/view</small> </font> </div>
<div class="test-event"> <font color="maroon"> <small> &emsp; &emsp;--- 15 Oct 12:02:53 048 - <b>0</b> - Page Load Wait: (Sync) - ICar.support.Utils.waitForPageLoad(Utils.java:109)</small> </font> </div>
<div class="test-event"> <font color="maroon"> <small> &emsp; &emsp;--- 15 Oct 12:02:53 095 - Element is displayed:: [[ChromeDriver: chrome on WINDOWS (9511c161c6a204d13d93e9360ff7167c)] -> css selector: button[class*='search-button']]</small> </font> </div>
<div class="test-event"> <font color="maroon"> <small> &emsp; &emsp;--- 15 Oct 12:02:55 277 - Catched spinner load exception due to Expected condition failed: waiting for ICar.support.WaitUtils$4@3e310ae5 (tried for 2 second(s) with 500 milliseconds interval)</small> </font> </div>
<div class="test-event"> <font color="maroon"> <small> &emsp; &emsp;--- 15 Oct 12:02:55 277 - <b>2</b> - Spinner Load Wait: (Sync) - ICar.support.WaitUtils.waitForSpinner(WaitUtils.java:225)</small> </font> </div>
<div class="test-event"> <font color="maroon"> <small> &emsp; &emsp;--- 15 Oct 12:02:58 391 - Element is displayed:: [[ChromeDriver: chrome on WINDOWS (9511c161c6a204d13d93e9360ff7167c)] -> css selector: button[class*='search-button']]</small> </font> </div>
<div class="test-event"> <font color="maroon"> <small> &emsp; &emsp;--- 15 Oct 12:02:58 945 - Page URL:: https://i-car--staging.sandbox.lightning.force.com/lightning/o/committee__c/list?filtername=__recent</small> </font> </div>
<div class="test-event"> <font color="maroon"> <small> &emsp; &emsp;--- 15 Oct 12:02:58 945 - <b>0</b> - Page Load Wait: (Sync) - ICar.support.Utils.waitForPageLoad(Utils.java:109)</small> </font> </div>
<div class="test-event"> <font color="maroon"> <small> &emsp; &emsp;--- 15 Oct 12:03:18 264 - Catched spinner load exception due to Expected condition failed: waiting for ICar.support.WaitUtils$4@3e310ae5 (tried for 10 second(s) with 500 milliseconds interval)</small> </font> </div>
<div class="test-event"> <font color="maroon"> <small> &emsp; &emsp;--- 15 Oct 12:03:18 264 - <b>10</b> - Spinner Load Wait: (Sync) - ICar.support.WaitUtils.waitForSpinner(WaitUtils.java:225)</small> </font> </div>
<div class="test-event"> <font color="maroon"> <small> &emsp; &emsp;--- 15 Oct 12:03:19 191 - Page URL:: https://i-car--staging.sandbox.lightning.force.com/one/one.app#eyjjb21wb25lbnrezwyioijmb3jjzvnlyxjjadpzzwfyy2hqywdlrgvza3rvccisimf0dhjpynv0zxmionsidgvybsi6iji2mtqzmdgilcjzy29wzu1hcci6eyj0exblijoive9qx1jfu1vmvfmilcjuyw1lc3bhy2uioiiilcjsywjlbci6ilrvccbszxn1bhrziiwibgfizwxqbhvyywwioijub3agumvzdwx0cyisinjlc3vsdhndbxaioijmb3jjzvnlyxjjadpwcmvkawn0zwrszxn1bhrzin0simnvbnrlehqionsirklmvevsuyi6e30sinnlyxjjafnvdxjjzsi6ikftu0ltvefovf9esufmt0cilcjkaxnhymxlsw50zw50uxvlcnkiomzhbhnllcjkaxnhymxlu3blbgxdb3jyzwn0aw9uijpmywxzzswic2vhcmnorglhbg9nu2vzc2lvbklkijoimzhhogi4ogutytzhmi1hmtqwlti1zgitmgq0nwu0ownhyjuziiwizgvidwdjbmzvijp7imfwce5hbwuioijjq2fyx1nlcnzpy2vfq29uc29szsisimfwcfr5cguioijdb25zb2xliiwiyxbwtmftzxnwywnlijoiyyisimxvy2f0aw9uijoizm9yy2u6b2jqzwn0sg9tzurlc2t0b3ailcjzb2jqzwn0vhlwzsi6iknvbw1pdhrlzv9fyyj9fswiz3jvdxbjzci6ikrfrkfvtfqifswic3rhdguiont9fq%3d%3d</small> </font> </div>
<div class="test-event"> <font color="maroon"> <small> &emsp; &emsp;--- 15 Oct 12:03:19 191 - <b>0</b> - Page Load Wait: (Sync) - ICar.support.Utils.waitForPageLoad(Utils.java:109)</small> </font> </div>
<div class="test-event"> <font color="maroon"> <small> &emsp; &emsp;--- 15 Oct 12:03:30 686 - Catched spinner load exception due to Expected condition failed: waiting for ICar.support.WaitUtils$4@3e310ae5 (tried for 11 second(s) with 500 milliseconds interval)</small> </font> </div>
<div class="test-event"> <font color="maroon"> <small> &emsp; &emsp;--- 15 Oct 12:03:30 686 - <b>11</b> - Spinner Load Wait: (Sync) - ICar.support.WaitUtils.waitForSpinner(WaitUtils.java:225)</small> </font> </div>
<div class="test-event"> <font color="maroon"> <small> &emsp; &emsp;--- 15 Oct 12:03:31 555 - Page URL:: https://i-car--staging.sandbox.lightning.force.com/one/one.app#eyjjb21wb25lbnrezwyioijmb3jjzvnlyxjjadpzzwfyy2hqywdlrgvza3rvccisimf0dhjpynv0zxmionsidgvybsi6iji2mtqzmdgilcjzy29wzu1hcci6eyj0exblijoive9qx1jfu1vmvfmilcjuyw1lc3bhy2uioiiilcjsywjlbci6ilrvccbszxn1bhrziiwibgfizwxqbhvyywwioijub3agumvzdwx0cyisinjlc3vsdhndbxaioijmb3jjzvnlyxjjadpwcmvkawn0zwrszxn1bhrzin0simnvbnrlehqionsirklmvevsuyi6e30sinnlyxjjafnvdxjjzsi6ikftu0ltvefovf9esufmt0cilcjkaxnhymxlsw50zw50uxvlcnkiomzhbhnllcjkaxnhymxlu3blbgxdb3jyzwn0aw9uijpmywxzzswic2vhcmnorglhbg9nu2vzc2lvbklkijoimzhhogi4ogutytzhmi1hmtqwlti1zgitmgq0nwu0ownhyjuziiwizgvidwdjbmzvijp7imfwce5hbwuioijjq2fyx1nlcnzpy2vfq29uc29szsisimfwcfr5cguioijdb25zb2xliiwiyxbwtmftzxnwywnlijoiyyisimxvy2f0aw9uijoizm9yy2u6b2jqzwn0sg9tzurlc2t0b3ailcjzb2jqzwn0vhlwzsi6iknvbw1pdhrlzv9fyyj9fswiz3jvdxbjzci6ikrfrkfvtfqifswic3rhdguiont9fq%3d%3d</small> </font> </div>
<div class="test-event"> <font color="maroon"> <small> &emsp; &emsp;--- 15 Oct 12:03:31 555 - <b>0</b> - Page Load Wait: (Sync) - ICar.support.Utils.waitForPageLoad(Utils.java:109)</small> </font> </div>
<div class="test-event"> <font color="maroon"> <small> &emsp; &emsp;--- 15 Oct 12:03:31 627 - Element is displayed:: [[ChromeDriver: chrome on WINDOWS (9511c161c6a204d13d93e9360ff7167c)] -> xpath: //a[@title='Top Results']//span[text()='Top Results']]</small> </font> </div>
<div class="test-event"> <font color="maroon"> <small> &emsp; &emsp;--- 15 Oct 12:03:32 044 - Page URL:: https://i-car--staging.sandbox.lightning.force.com/one/one.app#eyjjb21wb25lbnrezwyioijmb3jjzvnlyxjjadpzzwfyy2hqywdlrgvza3rvccisimf0dhjpynv0zxmionsidgvybsi6iji2mtqzmdgilcjzy29wzu1hcci6eyj0exblijoive9qx1jfu1vmvfmilcjuyw1lc3bhy2uioiiilcjsywjlbci6ilrvccbszxn1bhrziiwibgfizwxqbhvyywwioijub3agumvzdwx0cyisinjlc3vsdhndbxaioijmb3jjzvnlyxjjadpwcmvkawn0zwrszxn1bhrzin0simnvbnrlehqionsirklmvevsuyi6e30sinnlyxjjafnvdxjjzsi6ikftu0ltvefovf9esufmt0cilcjkaxnhymxlsw50zw50uxvlcnkiomzhbhnllcjkaxnhymxlu3blbgxdb3jyzwn0aw9uijpmywxzzswic2vhcmnorglhbg9nu2vzc2lvbklkijoimzhhogi4ogutytzhmi1hmtqwlti1zgitmgq0nwu0ownhyjuziiwizgvidwdjbmzvijp7imfwce5hbwuioijjq2fyx1nlcnzpy2vfq29uc29szsisimfwcfr5cguioijdb25zb2xliiwiyxbwtmftzxnwywnlijoiyyisimxvy2f0aw9uijoizm9yy2u6b2jqzwn0sg9tzurlc2t0b3ailcjzb2jqzwn0vhlwzsi6iknvbw1pdhrlzv9fyyj9fswiz3jvdxbjzci6ikrfrkfvtfqifswic3rhdguiont9fq%3d%3d</small> </font> </div>
<div class="test-event"> <font color="maroon"> <small> &emsp; &emsp;--- 15 Oct 12:03:32 044 - <b>0</b> - Page Load Wait: (Sync) - ICar.support.Utils.waitForPageLoad(Utils.java:109)</small> </font> </div>
<div class="test-event"> <font color="maroon"> <small> &emsp; &emsp;--- 15 Oct 12:03:37 465 - Catched spinner load exception due to Expected condition failed: waiting for ICar.support.WaitUtils$4@3e310ae5 (tried for 5 second(s) with 500 milliseconds interval)</small> </font> </div>
<div class="test-event"> <font color="maroon"> <small> &emsp; &emsp;--- 15 Oct 12:03:37 465 - <b>5</b> - Spinner Load Wait: (Sync) - ICar.support.WaitUtils.waitForSpinner(WaitUtils.java:225)</small> </font> </div>
<div class="test-event"> <font color="maroon"> <small> &emsp; &emsp;--- 15 Oct 12:03:38 313 - Page URL:: https://i-car--staging.sandbox.lightning.force.com/one/one.app#eyjjb21wb25lbnrezwyioijmb3jjzvnlyxjjadpzzwfyy2hqywdlrgvza3rvccisimf0dhjpynv0zxmionsidgvybsi6iji2mtqzmdgilcjzy29wzu1hcci6eyj0exblijoive9qx1jfu1vmvfmilcjuyw1lc3bhy2uioiiilcjsywjlbci6ilrvccbszxn1bhrziiwibgfizwxqbhvyywwioijub3agumvzdwx0cyisinjlc3vsdhndbxaioijmb3jjzvnlyxjjadpwcmvkawn0zwrszxn1bhrzin0simnvbnrlehqionsirklmvevsuyi6e30sinnlyxjjafnvdxjjzsi6ikftu0ltvefovf9esufmt0cilcjkaxnhymxlsw50zw50uxvlcnkiomzhbhnllcjkaxnhymxlu3blbgxdb3jyzwn0aw9uijpmywxzzswic2vhcmnorglhbg9nu2vzc2lvbklkijoimzhhogi4ogutytzhmi1hmtqwlti1zgitmgq0nwu0ownhyjuziiwizgvidwdjbmzvijp7imfwce5hbwuioijjq2fyx1nlcnzpy2vfq29uc29szsisimfwcfr5cguioijdb25zb2xliiwiyxbwtmftzxnwywnlijoiyyisimxvy2f0aw9uijoizm9yy2u6b2jqzwn0sg9tzurlc2t0b3ailcjzb2jqzwn0vhlwzsi6iknvbw1pdhrlzv9fyyj9fswiz3jvdxbjzci6ikrfrkfvtfqifswic3rhdguiont9fq%3d%3d</small> </font> </div>
<div class="test-event"> <font color="maroon"> <small> &emsp; &emsp;--- 15 Oct 12:03:38 313 - <b>0</b> - Page Load Wait: (Sync) - ICar.support.Utils.waitForPageLoad(Utils.java:109)</small> </font> </div>
<div class="test-event"> <font color="maroon"> <small> &emsp; &emsp;--- 15 Oct 12:03:39 146 - Page URL:: https://i-car--staging.sandbox.lightning.force.com/one/one.app#eyjjb21wb25lbnrezwyioijmb3jjzvnlyxjjadpzzwfyy2hqywdlrgvza3rvccisimf0dhjpynv0zxmionsidgvybsi6iji2mtqzmdgilcjzy29wzu1hcci6eyj0exblijoive9qx1jfu1vmvfmilcjuyw1lc3bhy2uioiiilcjsywjlbci6ilrvccbszxn1bhrziiwibgfizwxqbhvyywwioijub3agumvzdwx0cyisinjlc3vsdhndbxaioijmb3jjzvnlyxjjadpwcmvkawn0zwrszxn1bhrzin0simnvbnrlehqionsirklmvevsuyi6e30sinnlyxjjafnvdxjjzsi6ikftu0ltvefovf9esufmt0cilcjkaxnhymxlsw50zw50uxvlcnkiomzhbhnllcjkaxnhymxlu3blbgxdb3jyzwn0aw9uijpmywxzzswic2vhcmnorglhbg9nu2vzc2lvbklkijoimzhhogi4ogutytzhmi1hmtqwlti1zgitmgq0nwu0ownhyjuziiwizgvidwdjbmzvijp7imfwce5hbwuioijjq2fyx1nlcnzpy2vfq29uc29szsisimfwcfr5cguioijdb25zb2xliiwiyxbwtmftzxnwywnlijoiyyisimxvy2f0aw9uijoizm9yy2u6b2jqzwn0sg9tzurlc2t0b3ailcjzb2jqzwn0vhlwzsi6iknvbw1pdhrlzv9fyyj9fswiz3jvdxbjzci6ikrfrkfvtfqifswic3rhdguiont9fq%3d%3d</small> </font> </div>
<div class="test-event"> <font color="maroon"> <small> &emsp; &emsp;--- 15 Oct 12:03:39 147 - <b>0</b> - Page Load Wait: (Sync) - ICar.support.Utils.waitForPageLoad(Utils.java:109)</small> </font> </div>
<div class="test-event"> <font color="maroon"> <small> &emsp; &emsp;--- 15 Oct 12:03:39 971 - Page URL:: https://i-car--staging.sandbox.lightning.force.com/one/one.app#eyjjb21wb25lbnrezwyioijmb3jjzvnlyxjjadpzzwfyy2hqywdlrgvza3rvccisimf0dhjpynv0zxmionsidgvybsi6iji2mtqzmdgilcjzy29wzu1hcci6eyj0exblijoive9qx1jfu1vmvfmilcjuyw1lc3bhy2uioiiilcjsywjlbci6ilrvccbszxn1bhrziiwibgfizwxqbhvyywwioijub3agumvzdwx0cyisinjlc3vsdhndbxaioijmb3jjzvnlyxjjadpwcmvkawn0zwrszxn1bhrzin0simnvbnrlehqionsirklmvevsuyi6e30sinnlyxjjafnvdxjjzsi6ikftu0ltvefovf9esufmt0cilcjkaxnhymxlsw50zw50uxvlcnkiomzhbhnllcjkaxnhymxlu3blbgxdb3jyzwn0aw9uijpmywxzzswic2vhcmnorglhbg9nu2vzc2lvbklkijoimzhhogi4ogutytzhmi1hmtqwlti1zgitmgq0nwu0ownhyjuziiwizgvidwdjbmzvijp7imfwce5hbwuioijjq2fyx1nlcnzpy2vfq29uc29szsisimfwcfr5cguioijdb25zb2xliiwiyxbwtmftzxnwywnlijoiyyisimxvy2f0aw9uijoizm9yy2u6b2jqzwn0sg9tzurlc2t0b3ailcjzb2jqzwn0vhlwzsi6iknvbw1pdhrlzv9fyyj9fswiz3jvdxbjzci6ikrfrkfvtfqifswic3rhdguiont9fq%3d%3d</small> </font> </div>
<div class="test-event"> <font color="maroon"> <small> &emsp; &emsp;--- 15 Oct 12:03:39 971 - <b>0</b> - Page Load Wait: (Sync) - ICar.support.Utils.waitForPageLoad(Utils.java:109)</small> </font> </div>
<div class="test-event"> <font color="maroon"> <small> &emsp; &emsp;--- 15 Oct 12:03:48 325 - Catched spinner load exception due to Expected condition failed: waiting for ICar.support.WaitUtils$4@3e310ae5 (tried for 8 second(s) with 500 milliseconds interval)</small> </font> </div>
<div class="test-event"> <font color="maroon"> <small> &emsp; &emsp;--- 15 Oct 12:03:48 325 - <b>8</b> - Spinner Load Wait: (Sync) - ICar.support.WaitUtils.waitForSpinner(WaitUtils.java:225)</small> </font> </div>
<div class="test-event"> <font color="maroon"> <small> &emsp; &emsp;--- 15 Oct 12:03:49 123 - Page URL:: https://i-car--staging.sandbox.lightning.force.com/one/one.app#eyjjb21wb25lbnrezwyioijmb3jjzvnlyxjjadpzzwfyy2hqywdlrgvza3rvccisimf0dhjpynv0zxmionsidgvybsi6iji2mtqzmdgilcjzy29wzu1hcci6eyj0exblijoive9qx1jfu1vmvfmilcjuyw1lc3bhy2uioiiilcjsywjlbci6ilrvccbszxn1bhrziiwibgfizwxqbhvyywwioijub3agumvzdwx0cyisinjlc3vsdhndbxaioijmb3jjzvnlyxjjadpwcmvkawn0zwrszxn1bhrzin0simnvbnrlehqionsirklmvevsuyi6e30sinnlyxjjafnvdxjjzsi6ikftu0ltvefovf9esufmt0cilcjkaxnhymxlsw50zw50uxvlcnkiomzhbhnllcjkaxnhymxlu3blbgxdb3jyzwn0aw9uijpmywxzzswic2vhcmnorglhbg9nu2vzc2lvbklkijoimzhhogi4ogutytzhmi1hmtqwlti1zgitmgq0nwu0ownhyjuziiwizgvidwdjbmzvijp7imfwce5hbwuioijjq2fyx1nlcnzpy2vfq29uc29szsisimfwcfr5cguioijdb25zb2xliiwiyxbwtmftzxnwywnlijoiyyisimxvy2f0aw9uijoizm9yy2u6b2jqzwn0sg9tzurlc2t0b3ailcjzb2jqzwn0vhlwzsi6iknvbw1pdhrlzv9fyyj9fswiz3jvdxbjzci6ikrfrkfvtfqifswic3rhdguiont9fq%3d%3d</small> </font> </div>
<div class="test-event"> <font color="maroon"> <small> &emsp; &emsp;--- 15 Oct 12:03:49 124 - <b>0</b> - Page Load Wait: (Sync) - ICar.support.Utils.waitForPageLoad(Utils.java:109)</small> </font> </div>
<div class="test-event"> <font color="maroon"> <small> &emsp; &emsp;--- 15 Oct 12:03:51 249 - Element is displayed:: [[ChromeDriver: chrome on WINDOWS (9511c161c6a204d13d93e9360ff7167c)] -> xpath: //div[contains(@class,'forceSearchResultsRegion')]//div[contains(@class,'resultsMultiWrapper')]/div/div[1]//following::h2//a]</small> </font> </div>
<div class="test-event"> <font color="maroon"> <small> &emsp; &emsp;--- 15 Oct 12:03:51 457 - Element is displayed:: [[ChromeDriver: chrome on WINDOWS (9511c161c6a204d13d93e9360ff7167c)] -> xpath: //a[text()='Contacts']]</small> </font> </div>
<div class="test-event"> <font color="maroon"> <small> &emsp; &emsp;--- 15 Oct 12:03:55 533 - Element is displayed:: [[ChromeDriver: chrome on WINDOWS (9511c161c6a204d13d93e9360ff7167c)] -> xpath: //div[text()='Contacts']//following :: table//tbody//th//span /a]</small> </font> </div>
<div class="test-message">&emsp;4.Enter ICAR ID  2614308</div>
<div class="test-event"> <font color="maroon"> <small> &emsp; &emsp;--- 15 Oct 12:04:06 548 - Element is displayed:: [[ChromeDriver: chrome on WINDOWS (9511c161c6a204d13d93e9360ff7167c)] -> xpath: //a/img[@alt='Login Image']|//button[@id='btn-login']]</small> </font> </div>
<div class="test-event"> <font color="maroon"> <small> &emsp; &emsp;--- 15 Oct 12:04:06 606 - Element is displayed:: [[ChromeDriver: chrome on WINDOWS (9511c161c6a204d13d93e9360ff7167c)] -> xpath: //a/img[@alt='Login Image']|//button[@id='btn-login']]</small> </font> </div>
<div class="test-message">&emsp;Successfully navigated to 'Home' Page&emsp;<a href=".\ScreenShot\B2B1002_TC02_1256041697699200.png" target="_blank" >[ScreenShot]</a></div>
<div class="test-message">&emsp;1. Home page is launched.</div>
<div class="test-event"> <font color="maroon"> <small> &emsp; &emsp;--- 15 Oct 12:04:07 046 - Page URL:: https://www.icarstage.com/</small> </font> </div>
<div class="test-event"> <font color="maroon"> <small> &emsp; &emsp;--- 15 Oct 12:04:07 046 - <b>0</b> - Page Load Wait: (Sync) - ICar.support.Utils.waitForPageLoad(Utils.java:109)</small> </font> </div>
<div class="test-event"> <font color="maroon"> <small> &emsp; &emsp;--- 15 Oct 12:04:07 111 - Element is displayed:: [[ChromeDriver: chrome on WINDOWS (9511c161c6a204d13d93e9360ff7167c)] -> xpath: //a/img[@alt='Login Image']|//button[@id='btn-login']]</small> </font> </div>
<div class="test-event"> <font color="maroon"> <small> &emsp; &emsp;--- 15 Oct 12:04:07 166 - Element is displayed:: [[ChromeDriver: chrome on WINDOWS (9511c161c6a204d13d93e9360ff7167c)] -> xpath: //a/img[@alt='Login Image']|//button[@id='btn-login']]</small> </font> </div>
<div class="test-event"> <font color="maroon"> <small> &emsp; &emsp;--- 15 Oct 12:04:25 869 - Catched spinner load exception due to Expected condition failed: waiting for ICar.support.WaitUtils$4@3e310ae5 (tried for 15 second(s) with 500 milliseconds interval)</small> </font> </div>
<div class="test-event"> <font color="maroon"> <small> &emsp; &emsp;--- 15 Oct 12:04:25 869 - <b>15</b> - Spinner Load Wait: (Sync) - ICar.support.WaitUtils.waitForSpinner(WaitUtils.java:225)</small> </font> </div>
<div class="test-message">&emsp;2. Login page  should be successfully display</div>
<div class="test-message">&emsp;Successfully navigated to 'Login' Page&emsp;<a href=".\ScreenShot\B2B1002_TC02_1256060965465500.png" target="_blank" >[ScreenShot]</a></div>
<div class="test-event"> <font color="maroon"> <small> &emsp; &emsp;--- 15 Oct 12:04:26 235 - Element is displayed:: [[ChromeDriver: chrome on WINDOWS (9511c161c6a204d13d93e9360ff7167c)] -> id: username]</small> </font> </div>
<div class="test-event"> <font color="maroon"> <small> &emsp; &emsp;--- 15 Oct 12:04:26 300 - Element is displayed:: [[ChromeDriver: chrome on WINDOWS (9511c161c6a204d13d93e9360ff7167c)] -> id: username]</small> </font> </div>
<div class="test-event"> <font color="maroon"> <small> &emsp; &emsp;--- 15 Oct 12:04:26 556 - Element is displayed:: [[ChromeDriver: chrome on WINDOWS (9511c161c6a204d13d93e9360ff7167c)] -> id: password]</small> </font> </div>
<div class="test-event"> <font color="maroon"> <small> &emsp; &emsp;--- 15 Oct 12:04:26 748 - Element is displayed:: [[ChromeDriver: chrome on WINDOWS (9511c161c6a204d13d93e9360ff7167c)] -> id: btn-login]</small> </font> </div>
<div class="test-event"> <font color="maroon"> <small> &emsp; &emsp;--- 15 Oct 12:04:40 238 - Catched spinner load exception due to Expected condition failed: waiting for ICar.support.WaitUtils$4@3e310ae5 (tried for 13 second(s) with 500 milliseconds interval)</small> </font> </div>
<div class="test-event"> <font color="maroon"> <small> &emsp; &emsp;--- 15 Oct 12:04:40 238 - <b>13</b> - Spinner Load Wait: (Sync) - ICar.support.WaitUtils.waitForSpinner(WaitUtils.java:225)</small> </font> </div>
<div class="test-event"> <font color="maroon"> <small> &emsp; &emsp;--- 15 Oct 12:05:05 073 - Catched spinner load exception due to Expected condition failed: waiting for ICar.support.WaitUtils$4@3e310ae5 (tried for 10 second(s) with 500 milliseconds interval)</small> </font> </div>
<div class="test-event"> <font color="maroon"> <small> &emsp; &emsp;--- 15 Oct 12:05:05 073 - <b>10</b> - Spinner Load Wait: (Sync) - ICar.support.WaitUtils.waitForSpinner(WaitUtils.java:225)</small> </font> </div>
<div class="test-event"> <font color="maroon"> <small> &emsp; &emsp;--- 15 Oct 12:05:05 177 - Element is displayed:: [[ChromeDriver: chrome on WINDOWS (9511c161c6a204d13d93e9360ff7167c)] -> xpath: //button[@value='Launch My Learning']]</small> </font> </div>
<div class="test-message">&emsp;3. Enter the user credentials as : alessa0717</div>
<div class="test-message">&emsp;Successfully navigated to 'User Home' Page&emsp;<a href=".\ScreenShot\B2B1002_TC02_1256100267000100.png" target="_blank" >[ScreenShot]</a></div>
<div class="test-message">&emsp;Link Access Committee Portal displayed in B2B Portal</div>
<div class="test-message">&emsp;Successfully verified-Access committee portal link displayed on portal</div>
<div class="test-event"> <font color="maroon"> <small> &emsp; &emsp;--- 15 Oct 12:05:06 613 - Page URL:: https://www.icarstage.com/</small> </font> </div>
<div class="test-event"> <font color="maroon"> <small> &emsp; &emsp;--- 15 Oct 12:05:06 613 - <b>0</b> - Page Load Wait: (Sync) - ICar.support.Utils.waitForPageLoad(Utils.java:109)</small> </font> </div>
<div class="test-event"> <font color="maroon"> <small> &emsp; &emsp;--- 15 Oct 12:05:06 683 - Element is displayed:: [[ChromeDriver: chrome on WINDOWS (9511c161c6a204d13d93e9360ff7167c)] -> xpath: //p[text()='Launch My Learning']]</small> </font> </div>
<div class="test-event"> <font color="maroon"> <small> &emsp; &emsp;--- 15 Oct 12:05:06 731 - Element is displayed:: [[ChromeDriver: chrome on WINDOWS (9511c161c6a204d13d93e9360ff7167c)] -> xpath: //a[text()='Access Committee Portal']]</small> </font> </div>
<div class="test-event"> <font color="maroon"> <small> &emsp; &emsp;--- 15 Oct 12:05:08 844 - Element is displayed:: [[ChromeDriver: chrome on WINDOWS (9511c161c6a204d13d93e9360ff7167c)] -> xpath: //a[text()='Access Committee Portal']]</small> </font> </div>
<div class="test-event"> <font color="maroon"> <small> &emsp; &emsp;--- 15 Oct 12:05:31 040 - Catched spinner load exception due to Expected condition failed: waiting for ICar.support.WaitUtils$4@3e310ae5 (tried for 15 second(s) with 500 milliseconds interval)</small> </font> </div>
<div class="test-event"> <font color="maroon"> <small> &emsp; &emsp;--- 15 Oct 12:05:31 041 - <b>15</b> - Spinner Load Wait: (Sync) - ICar.support.WaitUtils.waitForSpinner(WaitUtils.java:225)</small> </font> </div>
<div class="test-event"> <font color="maroon"> <small> &emsp; &emsp;--- 15 Oct 12:05:31 275 - Page URL:: https://my.icarstage.com/s/committee/a381i0000006tc9qai/5400799</small> </font> </div>
<div class="test-event"> <font color="maroon"> <small> &emsp; &emsp;--- 15 Oct 12:05:31 275 - <b>0</b> - Page Load Wait: (Sync) - ICar.support.Utils.waitForPageLoad(Utils.java:109)</small> </font> </div>
<div class="test-message">&emsp;Successfully navigated to 'Access committee portal' Page&emsp;<a href=".\ScreenShot\B2B1002_TC02_1256126364816900.png" target="_blank" >[ScreenShot]</a></div>
<div class="test-event"> <font color="maroon"> <small> &emsp; &emsp;--- 15 Oct 12:05:31 655 - Page URL:: https://my.icarstage.com/s/committee/a381i0000006tc9qai/5400799</small> </font> </div>
<div class="test-event"> <font color="maroon"> <small> &emsp; &emsp;--- 15 Oct 12:05:31 655 - <b>0</b> - Page Load Wait: (Sync) - ICar.support.Utils.waitForPageLoad(Utils.java:109)</small> </font> </div>
<div class="test-event"> <font color="maroon"> <small> &emsp; &emsp;--- 15 Oct 12:05:39 831 - Catched spinner load exception due to Expected condition failed: waiting for ICar.support.WaitUtils$4@3e310ae5 (tried for 8 second(s) with 500 milliseconds interval)</small> </font> </div>
<div class="test-event"> <font color="maroon"> <small> &emsp; &emsp;--- 15 Oct 12:05:39 831 - <b>8</b> - Spinner Load Wait: (Sync) - ICar.support.WaitUtils.waitForSpinner(WaitUtils.java:225)</small> </font> </div>
<div class="test-event"> <font color="maroon"> <small> &emsp; &emsp;--- 15 Oct 12:05:41 957 - Element is displayed:: [[ChromeDriver: chrome on WINDOWS (9511c161c6a204d13d93e9360ff7167c)] -> xpath: //span[text()='Committee Code']//following::div[1]//span//slot//lightning-formatted-text]</small> </font> </div>
<div class="test-message">&emsp;Committee code displayed as 540-0799</div>
<div class="test-message">&emsp;Committee code displayed as 540-0799 El Paso, TX</div>
<div class="test-message">&emsp;Committee description displayed as committee</div>
<div class="test-message">&emsp;Successfully displayed Committee Home Page</div>
<div class="test-result"><br><font color="green"><strong> Test Passed. </strong></font> </div>&emsp;
&emsp;<div class="test-title"> <strong><font size = "3" color = "#0000FF">---Test Execution Ends---</font> </strong> </div>&emsp;
<div class="test-event"> <font color="maroon"> <small> &emsp; &emsp;--- 15 Oct 12:05:43 752 - TestCaseID:: B2B1002_TC03</small> </font> </div>
<div class="test-event"> <font color="maroon"> <small> &emsp; &emsp;--- 15 Oct 12:05:45 237 - <b>1</b> - Driver::initialize::Get - ICar.support.WebDriverFactory.getDriver(WebDriverFactory.java:640)</small> </font> </div>
&emsp;<div class="test-title"> <strong><font size = "3" color = "#000080">Verify the “Access Committee Portal” link is not displayed in the Manage box when Login as Non Committee Officers.</font> </strong> </div>&emsp;<div><strong>Steps:</strong></div><!-- Report -->&emsp;
<div class="test-event"> <font color="maroon"> <small> &emsp; &emsp;--- 15 Oct 12:05:50 548 - Page URL:: https://i-car--staging.sandbox.my.salesforce.com/</small> </font> </div>
<div class="test-event"> <font color="maroon"> <small> &emsp; &emsp;--- 15 Oct 12:05:50 548 - <b>0</b> - Page Load Wait: (Sync) - ICar.support.Utils.waitForPageLoad(Utils.java:109)</small> </font> </div>
<div class="test-event"> <font color="maroon"> <small> &emsp; &emsp;--- 15 Oct 12:06:04 818 - Page URL:: https://i-car--staging.sandbox.my.salesforce.com/</small> </font> </div>
<div class="test-event"> <font color="maroon"> <small> &emsp; &emsp;--- 15 Oct 12:06:04 819 - <b>0</b> - Page Load Wait: (Sync) - ICar.support.Utils.waitForPageLoad(Utils.java:109)</small> </font> </div>
<div class="test-message">&emsp;Successfully navigated to 'Login' Page&emsp;<a href=".\ScreenShot\B2B1002_TC03_1256159909110200.png" target="_blank" >[ScreenShot]</a></div>
<div class="test-message">&emsp;1. Login page is launched.</div>
<div class="test-event"> <font color="maroon"> <small> &emsp; &emsp;--- 15 Oct 12:06:05 094 - Element is displayed:: [[ChromeDriver: chrome on WINDOWS (b877d58e541e04ab77117bf4c40ff9eb)] -> id: username]</small> </font> </div>
<div class="test-event"> <font color="maroon"> <small> &emsp; &emsp;--- 15 Oct 12:06:05 171 - Element is displayed:: [[ChromeDriver: chrome on WINDOWS (b877d58e541e04ab77117bf4c40ff9eb)] -> id: username]</small> </font> </div>
<div class="test-event"> <font color="maroon"> <small> &emsp; &emsp;--- 15 Oct 12:06:05 538 - Element is displayed:: [[ChromeDriver: chrome on WINDOWS (b877d58e541e04ab77117bf4c40ff9eb)] -> id: password]</small> </font> </div>
<div class="test-event"> <font color="maroon"> <small> &emsp; &emsp;--- 15 Oct 12:06:05 740 - Element is displayed:: [[ChromeDriver: chrome on WINDOWS (b877d58e541e04ab77117bf4c40ff9eb)] -> id: Login]</small> </font> </div>
<div class="test-event"> <font color="maroon"> <small> &emsp; &emsp;--- 15 Oct 12:06:47 378 - Catched spinner load exception due to Expected condition failed: waiting for ICar.support.WaitUtils$4@3e310ae5 (tried for 13 second(s) with 500 milliseconds interval)</small> </font> </div>
<div class="test-event"> <font color="maroon"> <small> &emsp; &emsp;--- 15 Oct 12:06:47 378 - <b>13</b> - Spinner Load Wait: (Sync) - ICar.support.WaitUtils.waitForSpinner(WaitUtils.java:225)</small> </font> </div>
<div class="test-event"> <font color="maroon"> <small> &emsp; &emsp;--- 15 Oct 12:07:05 901 - Catched spinner load exception due to Expected condition failed: waiting for ICar.support.WaitUtils$4@3e310ae5 (tried for 6 second(s) with 500 milliseconds interval)</small> </font> </div>
<div class="test-event"> <font color="maroon"> <small> &emsp; &emsp;--- 15 Oct 12:07:05 901 - <b>6</b> - Spinner Load Wait: (Sync) - ICar.support.WaitUtils.waitForSpinner(WaitUtils.java:225)</small> </font> </div>
<div class="test-event"> <font color="maroon"> <small> &emsp; &emsp;--- 15 Oct 12:07:05 974 - Element is displayed:: [[ChromeDriver: chrome on WINDOWS (b877d58e541e04ab77117bf4c40ff9eb)] -> css selector: button[class*='search-button']]</small> </font> </div>
<div class="test-message">&emsp;2. Navigate to 'SalesForce Page'</div>
<div class="test-event"> <font color="maroon"> <small> &emsp; &emsp;--- 15 Oct 12:07:06 146 - Page URL:: https://i-car--staging.sandbox.lightning.force.com/lightning/o/committee__c/list?filtername=__recent</small> </font> </div>
<div class="test-event"> <font color="maroon"> <small> &emsp; &emsp;--- 15 Oct 12:07:06 147 - <b>0</b> - Page Load Wait: (Sync) - ICar.support.Utils.waitForPageLoad(Utils.java:109)</small> </font> </div>
<div class="test-event"> <font color="maroon"> <small> &emsp; &emsp;--- 15 Oct 12:07:11 460 - Page URL:: https://i-car--staging.sandbox.lightning.force.com/lightning/o/committee__c/list?filtername=__recent</small> </font> </div>
<div class="test-event"> <font color="maroon"> <small> &emsp; &emsp;--- 15 Oct 12:07:11 460 - <b>0</b> - Page Load Wait: (Sync) - ICar.support.Utils.waitForPageLoad(Utils.java:109)</small> </font> </div>
<div class="test-message">&emsp;Close the tab</div>
<div class="test-message">&emsp;Successfully navigated to 'Login' Page&emsp;<a href=".\ScreenShot\B2B1002_TC03_1256231630299200.png" target="_blank" >[ScreenShot]</a></div>
<div class="test-event"> <font color="maroon"> <small> &emsp; &emsp;--- 15 Oct 12:07:21 924 - Catched spinner load exception due to Expected condition failed: waiting for ICar.support.WaitUtils$4@3e310ae5 (tried for 5 second(s) with 500 milliseconds interval)</small> </font> </div>
<div class="test-event"> <font color="maroon"> <small> &emsp; &emsp;--- 15 Oct 12:07:21 924 - <b>5</b> - Spinner Load Wait: (Sync) - ICar.support.WaitUtils.waitForSpinner(WaitUtils.java:225)</small> </font> </div>
<div class="test-event"> <font color="maroon"> <small> &emsp; &emsp;--- 15 Oct 12:07:22 097 - Page URL:: https://i-car--staging.sandbox.lightning.force.com/lightning/o/committee__c/list?filtername=__recent</small> </font> </div>
<div class="test-event"> <font color="maroon"> <small> &emsp; &emsp;--- 15 Oct 12:07:22 097 - <b>0</b> - Page Load Wait: (Sync) - ICar.support.Utils.waitForPageLoad(Utils.java:109)</small> </font> </div>
<div class="test-event"> <font color="maroon"> <small> &emsp; &emsp;--- 15 Oct 12:07:22 186 - Element is displayed:: [[ChromeDriver: chrome on WINDOWS (b877d58e541e04ab77117bf4c40ff9eb)] -> xpath: //div[contains(@class,'appLauncher ')]//button]</small> </font> </div>
<div class="test-event"> <font color="maroon"> <small> &emsp; &emsp;--- 15 Oct 12:07:22 246 - Element is displayed:: [[ChromeDriver: chrome on WINDOWS (b877d58e541e04ab77117bf4c40ff9eb)] -> xpath: //div[contains(@class,'appLauncher ')]//button]</small> </font> </div>
<div class="test-event"> <font color="maroon"> <small> &emsp; &emsp;--- 15 Oct 12:07:24 007 - Element is displayed:: [[ChromeDriver: chrome on WINDOWS (b877d58e541e04ab77117bf4c40ff9eb)] -> xpath: //input[@placeholder='Search apps and items...']]</small> </font> </div>
<div class="test-event"> <font color="maroon"> <small> &emsp; &emsp;--- 15 Oct 12:07:24 064 - Element is displayed:: [[ChromeDriver: chrome on WINDOWS (b877d58e541e04ab77117bf4c40ff9eb)] -> xpath: //input[@placeholder='Search apps and items...']]</small> </font> </div>
<div class="test-event"> <font color="maroon"> <small> &emsp; &emsp;--- 15 Oct 12:07:27 337 - Element is displayed:: [[ChromeDriver: chrome on WINDOWS (b877d58e541e04ab77117bf4c40ff9eb)] -> xpath: //lightning-formatted-rich-text/span/p/b[text()='Committees']]</small> </font> </div>
<div class="test-event"> <font color="maroon"> <small> &emsp; &emsp;--- 15 Oct 12:07:30 406 - Element is displayed:: [[ChromeDriver: chrome on WINDOWS (b877d58e541e04ab77117bf4c40ff9eb)] -> xpath: //lightning-formatted-rich-text/span/p/b[text()='Committees']]</small> </font> </div>
<div class="test-event"> <font color="maroon"> <small> &emsp; &emsp;--- 15 Oct 12:07:30 763 - Page URL:: https://i-car--staging.sandbox.lightning.force.com/lightning/o/committee__c/home</small> </font> </div>
<div class="test-event"> <font color="maroon"> <small> &emsp; &emsp;--- 15 Oct 12:07:30 763 - <b>0</b> - Page Load Wait: (Sync) - ICar.support.Utils.waitForPageLoad(Utils.java:109)</small> </font> </div>
<div class="test-event"> <font color="maroon"> <small> &emsp; &emsp;--- 15 Oct 12:07:36 017 - Catched spinner load exception due to Expected condition failed: waiting for ICar.support.WaitUtils$4@3e310ae5 (tried for 5 second(s) with 500 milliseconds interval)</small> </font> </div>
<div class="test-event"> <font color="maroon"> <small> &emsp; &emsp;--- 15 Oct 12:07:36 017 - <b>5</b> - Spinner Load Wait: (Sync) - ICar.support.WaitUtils.waitForSpinner(WaitUtils.java:225)</small> </font> </div>
<div class="test-event"> <font color="maroon"> <small> &emsp; &emsp;--- 15 Oct 12:07:36 240 - Page URL:: https://i-car--staging.sandbox.lightning.force.com/lightning/o/committee__c/list?filtername=__recent</small> </font> </div>
<div class="test-event"> <font color="maroon"> <small> &emsp; &emsp;--- 15 Oct 12:07:36 240 - <b>0</b> - Page Load Wait: (Sync) - ICar.support.Utils.waitForPageLoad(Utils.java:109)</small> </font> </div>
<div class="test-event"> <font color="maroon"> <small> &emsp; &emsp;--- 15 Oct 12:07:36 337 - Element is displayed:: [[ChromeDriver: chrome on WINDOWS (b877d58e541e04ab77117bf4c40ff9eb)] -> xpath: //div[contains(@class,'appLauncher ')]//button]</small> </font> </div>
<div class="test-event"> <font color="maroon"> <small> &emsp; &emsp;--- 15 Oct 12:07:36 396 - Element is displayed:: [[ChromeDriver: chrome on WINDOWS (b877d58e541e04ab77117bf4c40ff9eb)] -> xpath: //div[contains(@class,'appLauncher ')]//button]</small> </font> </div>
<div class="test-event"> <font color="maroon"> <small> &emsp; &emsp;--- 15 Oct 12:07:36 631 - Element is displayed:: [[ChromeDriver: chrome on WINDOWS (b877d58e541e04ab77117bf4c40ff9eb)] -> xpath: //input[@placeholder='Search apps and items...']]</small> </font> </div>
<div class="test-event"> <font color="maroon"> <small> &emsp; &emsp;--- 15 Oct 12:07:36 706 - Element is displayed:: [[ChromeDriver: chrome on WINDOWS (b877d58e541e04ab77117bf4c40ff9eb)] -> xpath: //input[@placeholder='Search apps and items...']]</small> </font> </div>
<div class="test-event"> <font color="maroon"> <small> &emsp; &emsp;--- 15 Oct 12:07:40 106 - Element is displayed:: [[ChromeDriver: chrome on WINDOWS (b877d58e541e04ab77117bf4c40ff9eb)] -> xpath: //lightning-formatted-rich-text/span/p/b[text()='Committee Members']]</small> </font> </div>
<div class="test-event"> <font color="maroon"> <small> &emsp; &emsp;--- 15 Oct 12:07:43 217 - Element is displayed:: [[ChromeDriver: chrome on WINDOWS (b877d58e541e04ab77117bf4c40ff9eb)] -> xpath: //lightning-formatted-rich-text/span/p/b[text()='Committee Members']]</small> </font> </div>
<div class="test-event"> <font color="maroon"> <small> &emsp; &emsp;--- 15 Oct 12:07:44 173 - Page URL:: https://i-car--staging.sandbox.lightning.force.com/lightning/o/committee_member__c/home</small> </font> </div>
<div class="test-event"> <font color="maroon"> <small> &emsp; &emsp;--- 15 Oct 12:07:44 173 - <b>0</b> - Page Load Wait: (Sync) - ICar.support.Utils.waitForPageLoad(Utils.java:109)</small> </font> </div>
<div class="test-message">&emsp;3. Enter the AccountName as : Anthony Brooks:510-0208 Metro Baltimore MD</div>
<div class="test-event"> <font color="maroon"> <small> &emsp; &emsp;--- 15 Oct 12:07:44 367 - Page URL:: https://i-car--staging.sandbox.lightning.force.com/lightning/o/committee_member__c/home</small> </font> </div>
<div class="test-event"> <font color="maroon"> <small> &emsp; &emsp;--- 15 Oct 12:07:44 367 - <b>0</b> - Page Load Wait: (Sync) - ICar.support.Utils.waitForPageLoad(Utils.java:109)</small> </font> </div>
<div class="test-event"> <font color="maroon"> <small> &emsp; &emsp;--- 15 Oct 12:07:44 709 - Element is displayed:: [[ChromeDriver: chrome on WINDOWS (b877d58e541e04ab77117bf4c40ff9eb)] -> css selector: button[class*='search-button']]</small> </font> </div>
<div class="test-event"> <font color="maroon"> <small> &emsp; &emsp;--- 15 Oct 12:07:46 804 - Catched spinner load exception due to Expected condition failed: waiting for ICar.support.WaitUtils$4@3e310ae5 (tried for 2 second(s) with 500 milliseconds interval)</small> </font> </div>
<div class="test-event"> <font color="maroon"> <small> &emsp; &emsp;--- 15 Oct 12:07:46 804 - <b>2</b> - Spinner Load Wait: (Sync) - ICar.support.WaitUtils.waitForSpinner(WaitUtils.java:225)</small> </font> </div>
<div class="test-event"> <font color="maroon"> <small> &emsp; &emsp;--- 15 Oct 12:07:49 920 - Element is displayed:: [[ChromeDriver: chrome on WINDOWS (b877d58e541e04ab77117bf4c40ff9eb)] -> css selector: button[class*='search-button']]</small> </font> </div>
<div class="test-event"> <font color="maroon"> <small> &emsp; &emsp;--- 15 Oct 12:07:50 351 - Page URL:: https://i-car--staging.sandbox.lightning.force.com/lightning/o/committee_member__c/home</small> </font> </div>
<div class="test-event"> <font color="maroon"> <small> &emsp; &emsp;--- 15 Oct 12:07:50 351 - <b>0</b> - Page Load Wait: (Sync) - ICar.support.Utils.waitForPageLoad(Utils.java:109)</small> </font> </div>
<div class="test-event"> <font color="maroon"> <small> &emsp; &emsp;--- 15 Oct 12:08:07 063 - Catched spinner load exception due to Expected condition failed: waiting for ICar.support.WaitUtils$4@3e310ae5 (tried for 10 second(s) with 500 milliseconds interval)</small> </font> </div>
<div class="test-event"> <font color="maroon"> <small> &emsp; &emsp;--- 15 Oct 12:08:07 063 - <b>10</b> - Spinner Load Wait: (Sync) - ICar.support.WaitUtils.waitForSpinner(WaitUtils.java:225)</small> </font> </div>
<div class="test-event"> <font color="maroon"> <small> &emsp; &emsp;--- 15 Oct 12:08:07 412 - Page URL:: https://i-car--staging.sandbox.lightning.force.com/one/one.app#eyjjb21wb25lbnrezwyioijmb3jjzvnlyxjjadpzzwfyy2hqywdlrgvza3rvccisimf0dhjpynv0zxmionsidgvybsi6ikfudghvbnkgqnjvb2tzojuxmc0wmja4ie1ldhjviejhbhrpbw9yzsbnrcisinnjb3bltwfwijp7inr5cguioijut1bfukvtvuxuuyisim5hbwvzcgfjzsi6iiisimxhymvsijoivg9wifjlc3vsdhmilcjsywjlbfbsdxjhbci6ilrvccbszxn1bhrziiwicmvzdwx0c0ntcci6imzvcmnlu2vhcmnoonbyzwrpy3rlzfjlc3vsdhmifswiy29udgv4dci6eyjgsuxurvjtijp7fswic2vhcmnou291cmnlijoiqvntsvnuqu5ux0rjquxpryisimrpc2fibgvjbnrlbnrrdwvyesi6zmfsc2usimrpc2fibgvtcgvsbenvcnjly3rpb24iomzhbhnllcjzzwfyy2heawfsb2dtzxnzaw9uswqioijinte4ndm4oc1injnjlwy5y2itotblmi03mtrindi0m2zmztmilcjkzwj1z0luzm8ionsiyxbwtmftzsi6ikldyxjfu2vydmljzv9db25zb2xliiwiyxbwvhlwzsi6iknvbnnvbguilcjhchboyw1lc3bhy2uioijjiiwibg9jyxrpb24ioijmb3jjztpvymply3rib21lrgvza3rvccisinnvymply3ruexblijoiq29tbwl0dgvlx01lbwjlcl9fyyj9fswiz3jvdxbjzci6ikrfrkfvtfqifswic3rhdguiont9fq%3d%3d</small> </font> </div>
<div class="test-event"> <font color="maroon"> <small> &emsp; &emsp;--- 15 Oct 12:08:07 412 - <b>0</b> - Page Load Wait: (Sync) - ICar.support.Utils.waitForPageLoad(Utils.java:109)</small> </font> </div>
<div class="test-event"> <font color="maroon"> <small> &emsp; &emsp;--- 15 Oct 12:08:07 762 - Page URL:: https://i-car--staging.sandbox.lightning.force.com/one/one.app#eyjjb21wb25lbnrezwyioijmb3jjzvnlyxjjadpzzwfyy2hqywdlrgvza3rvccisimf0dhjpynv0zxmionsidgvybsi6ikfudghvbnkgqnjvb2tzojuxmc0wmja4ie1ldhjviejhbhrpbw9yzsbnrcisinnjb3bltwfwijp7inr5cguioijut1bfukvtvuxuuyisim5hbwvzcgfjzsi6iiisimxhymvsijoivg9wifjlc3vsdhmilcjsywjlbfbsdxjhbci6ilrvccbszxn1bhrziiwicmvzdwx0c0ntcci6imzvcmnlu2vhcmnoonbyzwrpy3rlzfjlc3vsdhmifswiy29udgv4dci6eyjgsuxurvjtijp7fswic2vhcmnou291cmnlijoiqvntsvnuqu5ux0rjquxpryisimrpc2fibgvjbnrlbnrrdwvyesi6zmfsc2usimrpc2fibgvtcgvsbenvcnjly3rpb24iomzhbhnllcjzzwfyy2heawfsb2dtzxnzaw9uswqioijinte4ndm4oc1injnjlwy5y2itotblmi03mtrindi0m2zmztmilcjkzwj1z0luzm8ionsiyxbwtmftzsi6ikldyxjfu2vydmljzv9db25zb2xliiwiyxbwvhlwzsi6iknvbnnvbguilcjhchboyw1lc3bhy2uioijjiiwibg9jyxrpb24ioijmb3jjztpvymply3rib21lrgvza3rvccisinnvymply3ruexblijoiq29tbwl0dgvlx01lbwjlcl9fyyj9fswiz3jvdxbjzci6ikrfrkfvtfqifswic3rhdguiont9fq%3d%3d</small> </font> </div>
<div class="test-event"> <font color="maroon"> <small> &emsp; &emsp;--- 15 Oct 12:08:07 762 - <b>0</b> - Page Load Wait: (Sync) - ICar.support.Utils.waitForPageLoad(Utils.java:109)</small> </font> </div>
<div class="test-event"> <font color="maroon"> <small> &emsp; &emsp;--- 15 Oct 12:08:17 778 - Catched spinner load exception due to Expected condition failed: waiting for ICar.support.WaitUtils$4@3e310ae5 (tried for 10 second(s) with 500 milliseconds interval)</small> </font> </div>
<div class="test-event"> <font color="maroon"> <small> &emsp; &emsp;--- 15 Oct 12:08:17 778 - <b>10</b> - Spinner Load Wait: (Sync) - ICar.support.WaitUtils.waitForSpinner(WaitUtils.java:225)</small> </font> </div>
<div class="test-event"> <font color="maroon"> <small> &emsp; &emsp;--- 15 Oct 12:08:17 813 - Element is displayed:: [[ChromeDriver: chrome on WINDOWS (b877d58e541e04ab77117bf4c40ff9eb)] -> css selector: div.forceSearchResultsRegion div.resultsMultiWrapper >div > div table tbody th a]</small> </font> </div>
<div class="test-event"> <font color="maroon"> <small> &emsp; &emsp;--- 15 Oct 12:08:17 911 - Element is displayed:: [[ChromeDriver: chrome on WINDOWS (b877d58e541e04ab77117bf4c40ff9eb)] -> css selector: div.forceSearchResultsRegion div.resultsMultiWrapper >div > div table tbody th a]</small> </font> </div>
<div class="test-event"> <font color="maroon"> <small> &emsp; &emsp;--- 15 Oct 12:08:18 431 - Page URL:: https://i-car--staging.sandbox.lightning.force.com/one/one.app#eyjjb21wb25lbnrezwyioijmb3jjzvnlyxjjadpzzwfyy2hqywdlrgvza3rvccisimf0dhjpynv0zxmionsidgvybsi6ikfudghvbnkgqnjvb2tzojuxmc0wmja4ie1ldhjviejhbhrpbw9yzsbnrcisinnjb3bltwfwijp7inr5cguioijut1bfukvtvuxuuyisim5hbwvzcgfjzsi6iiisimxhymvsijoivg9wifjlc3vsdhmilcjsywjlbfbsdxjhbci6ilrvccbszxn1bhrziiwicmvzdwx0c0ntcci6imzvcmnlu2vhcmnoonbyzwrpy3rlzfjlc3vsdhmifswiy29udgv4dci6eyjgsuxurvjtijp7fswic2vhcmnou291cmnlijoiqvntsvnuqu5ux0rjquxpryisimrpc2fibgvjbnrlbnrrdwvyesi6zmfsc2usimrpc2fibgvtcgvsbenvcnjly3rpb24iomzhbhnllcjzzwfyy2heawfsb2dtzxnzaw9uswqioijinte4ndm4oc1injnjlwy5y2itotblmi03mtrindi0m2zmztmilcjkzwj1z0luzm8ionsiyxbwtmftzsi6ikldyxjfu2vydmljzv9db25zb2xliiwiyxbwvhlwzsi6iknvbnnvbguilcjhchboyw1lc3bhy2uioijjiiwibg9jyxrpb24ioijmb3jjztpvymply3rib21lrgvza3rvccisinnvymply3ruexblijoiq29tbwl0dgvlx01lbwjlcl9fyyj9fswiz3jvdxbjzci6ikrfrkfvtfqifswic3rhdguiont9fq%3d%3d</small> </font> </div>
<div class="test-event"> <font color="maroon"> <small> &emsp; &emsp;--- 15 Oct 12:08:18 432 - <b>0</b> - Page Load Wait: (Sync) - ICar.support.Utils.waitForPageLoad(Utils.java:109)</small> </font> </div>
<div class="test-message">&emsp;Role displayed Committee Member</div>
<div class="test-message">&emsp;Successfully verified - Contact name Anthony Bruce Brooks whose role displayed as Committee Member</div>
<div class="test-event"> <font color="maroon"> <small> &emsp; &emsp;--- 15 Oct 12:08:23 811 - Page URL:: https://i-car--staging.sandbox.lightning.force.com/lightning/r/committee_member__c/a371i000000ir8rqaq/view</small> </font> </div>
<div class="test-event"> <font color="maroon"> <small> &emsp; &emsp;--- 15 Oct 12:08:23 811 - <b>0</b> - Page Load Wait: (Sync) - ICar.support.Utils.waitForPageLoad(Utils.java:109)</small> </font> </div>
<div class="test-event"> <font color="maroon"> <small> &emsp; &emsp;--- 15 Oct 12:08:28 987 - Page URL:: https://i-car--staging.sandbox.lightning.force.com/lightning/r/committee_member__c/a371i000000ir8rqaq/view</small> </font> </div>
<div class="test-event"> <font color="maroon"> <small> &emsp; &emsp;--- 15 Oct 12:08:28 987 - <b>0</b> - Page Load Wait: (Sync) - ICar.support.Utils.waitForPageLoad(Utils.java:109)</small> </font> </div>
<div class="test-event"> <font color="maroon"> <small> &emsp; &emsp;--- 15 Oct 12:08:33 453 - Page URL:: https://i-car--staging.sandbox.lightning.force.com/lightning/r/committee_member__c/a371i000000ir8rqaq/view</small> </font> </div>
<div class="test-event"> <font color="maroon"> <small> &emsp; &emsp;--- 15 Oct 12:08:33 453 - <b>0</b> - Page Load Wait: (Sync) - ICar.support.Utils.waitForPageLoad(Utils.java:109)</small> </font> </div>
<div class="test-event"> <font color="maroon"> <small> &emsp; &emsp;--- 15 Oct 12:08:33 510 - Element is displayed:: [[ChromeDriver: chrome on WINDOWS (b877d58e541e04ab77117bf4c40ff9eb)] -> css selector: button[class*='search-button']]</small> </font> </div>
<div class="test-event"> <font color="maroon"> <small> &emsp; &emsp;--- 15 Oct 12:08:35 703 - Catched spinner load exception due to Expected condition failed: waiting for ICar.support.WaitUtils$4@3e310ae5 (tried for 2 second(s) with 500 milliseconds interval)</small> </font> </div>
<div class="test-event"> <font color="maroon"> <small> &emsp; &emsp;--- 15 Oct 12:08:35 703 - <b>2</b> - Spinner Load Wait: (Sync) - ICar.support.WaitUtils.waitForSpinner(WaitUtils.java:225)</small> </font> </div>
<div class="test-event"> <font color="maroon"> <small> &emsp; &emsp;--- 15 Oct 12:08:38 781 - Element is displayed:: [[ChromeDriver: chrome on WINDOWS (b877d58e541e04ab77117bf4c40ff9eb)] -> css selector: button[class*='search-button']]</small> </font> </div>
<div class="test-event"> <font color="maroon"> <small> &emsp; &emsp;--- 15 Oct 12:08:39 335 - Page URL:: https://i-car--staging.sandbox.lightning.force.com/lightning/o/committee__c/list?filtername=__recent</small> </font> </div>
<div class="test-event"> <font color="maroon"> <small> &emsp; &emsp;--- 15 Oct 12:08:39 335 - <b>0</b> - Page Load Wait: (Sync) - ICar.support.Utils.waitForPageLoad(Utils.java:109)</small> </font> </div>
<div class="test-event"> <font color="maroon"> <small> &emsp; &emsp;--- 15 Oct 12:08:59 022 - Catched spinner load exception due to Expected condition failed: waiting for ICar.support.WaitUtils$4@3e310ae5 (tried for 10 second(s) with 500 milliseconds interval)</small> </font> </div>
<div class="test-event"> <font color="maroon"> <small> &emsp; &emsp;--- 15 Oct 12:08:59 022 - <b>10</b> - Spinner Load Wait: (Sync) - ICar.support.WaitUtils.waitForSpinner(WaitUtils.java:225)</small> </font> </div>
<div class="test-event"> <font color="maroon"> <small> &emsp; &emsp;--- 15 Oct 12:08:59 792 - Page URL:: https://i-car--staging.sandbox.lightning.force.com/one/one.app#eyjjb21wb25lbnrezwyioijmb3jjzvnlyxjjadpzzwfyy2hqywdlrgvza3rvccisimf0dhjpynv0zxmionsidgvybsi6ijiynzkzmtiilcjzy29wzu1hcci6eyj0exblijoive9qx1jfu1vmvfmilcjuyw1lc3bhy2uioiiilcjsywjlbci6ilrvccbszxn1bhrziiwibgfizwxqbhvyywwioijub3agumvzdwx0cyisinjlc3vsdhndbxaioijmb3jjzvnlyxjjadpwcmvkawn0zwrszxn1bhrzin0simnvbnrlehqionsirklmvevsuyi6e30sinnlyxjjafnvdxjjzsi6ikftu0ltvefovf9esufmt0cilcjkaxnhymxlsw50zw50uxvlcnkiomzhbhnllcjkaxnhymxlu3blbgxdb3jyzwn0aw9uijpmywxzzswic2vhcmnorglhbg9nu2vzc2lvbklkijoiytkwntk2ntqtnzi4ny00nmy1ltblytmtodm2zmninzfinze0iiwizgvidwdjbmzvijp7imfwce5hbwuioijjq2fyx1nlcnzpy2vfq29uc29szsisimfwcfr5cguioijdb25zb2xliiwiyxbwtmftzxnwywnlijoiyyisimxvy2f0aw9uijoizm9yy2u6b2jqzwn0sg9tzurlc2t0b3ailcjzb2jqzwn0vhlwzsi6iknvbw1pdhrlzv9fyyj9fswiz3jvdxbjzci6ikrfrkfvtfqifswic3rhdguiont9fq%3d%3d</small> </font> </div>
<div class="test-event"> <font color="maroon"> <small> &emsp; &emsp;--- 15 Oct 12:08:59 793 - <b>0</b> - Page Load Wait: (Sync) - ICar.support.Utils.waitForPageLoad(Utils.java:109)</small> </font> </div>
<div class="test-event"> <font color="maroon"> <small> &emsp; &emsp;--- 15 Oct 12:09:10 857 - Catched spinner load exception due to Expected condition failed: waiting for ICar.support.WaitUtils$4@3e310ae5 (tried for 11 second(s) with 500 milliseconds interval)</small> </font> </div>
<div class="test-event"> <font color="maroon"> <small> &emsp; &emsp;--- 15 Oct 12:09:10 857 - <b>11</b> - Spinner Load Wait: (Sync) - ICar.support.WaitUtils.waitForSpinner(WaitUtils.java:225)</small> </font> </div>
<div class="test-event"> <font color="maroon"> <small> &emsp; &emsp;--- 15 Oct 12:09:11 648 - Page URL:: https://i-car--staging.sandbox.lightning.force.com/one/one.app#eyjjb21wb25lbnrezwyioijmb3jjzvnlyxjjadpzzwfyy2hqywdlrgvza3rvccisimf0dhjpynv0zxmionsidgvybsi6ijiynzkzmtiilcjzy29wzu1hcci6eyj0exblijoive9qx1jfu1vmvfmilcjuyw1lc3bhy2uioiiilcjsywjlbci6ilrvccbszxn1bhrziiwibgfizwxqbhvyywwioijub3agumvzdwx0cyisinjlc3vsdhndbxaioijmb3jjzvnlyxjjadpwcmvkawn0zwrszxn1bhrzin0simnvbnrlehqionsirklmvevsuyi6e30sinnlyxjjafnvdxjjzsi6ikftu0ltvefovf9esufmt0cilcjkaxnhymxlsw50zw50uxvlcnkiomzhbhnllcjkaxnhymxlu3blbgxdb3jyzwn0aw9uijpmywxzzswic2vhcmnorglhbg9nu2vzc2lvbklkijoiytkwntk2ntqtnzi4ny00nmy1ltblytmtodm2zmninzfinze0iiwizgvidwdjbmzvijp7imfwce5hbwuioijjq2fyx1nlcnzpy2vfq29uc29szsisimfwcfr5cguioijdb25zb2xliiwiyxbwtmftzxnwywnlijoiyyisimxvy2f0aw9uijoizm9yy2u6b2jqzwn0sg9tzurlc2t0b3ailcjzb2jqzwn0vhlwzsi6iknvbw1pdhrlzv9fyyj9fswiz3jvdxbjzci6ikrfrkfvtfqifswic3rhdguiont9fq%3d%3d</small> </font> </div>
<div class="test-event"> <font color="maroon"> <small> &emsp; &emsp;--- 15 Oct 12:09:11 648 - <b>0</b> - Page Load Wait: (Sync) - ICar.support.Utils.waitForPageLoad(Utils.java:109)</small> </font> </div>
<div class="test-event"> <font color="maroon"> <small> &emsp; &emsp;--- 15 Oct 12:09:11 757 - Element is displayed:: [[ChromeDriver: chrome on WINDOWS (b877d58e541e04ab77117bf4c40ff9eb)] -> xpath: //a[@title='Top Results']//span[text()='Top Results']]</small> </font> </div>
<div class="test-event"> <font color="maroon"> <small> &emsp; &emsp;--- 15 Oct 12:09:12 219 - Page URL:: https://i-car--staging.sandbox.lightning.force.com/one/one.app#eyjjb21wb25lbnrezwyioijmb3jjzvnlyxjjadpzzwfyy2hqywdlrgvza3rvccisimf0dhjpynv0zxmionsidgvybsi6ijiynzkzmtiilcjzy29wzu1hcci6eyj0exblijoive9qx1jfu1vmvfmilcjuyw1lc3bhy2uioiiilcjsywjlbci6ilrvccbszxn1bhrziiwibgfizwxqbhvyywwioijub3agumvzdwx0cyisinjlc3vsdhndbxaioijmb3jjzvnlyxjjadpwcmvkawn0zwrszxn1bhrzin0simnvbnrlehqionsirklmvevsuyi6e30sinnlyxjjafnvdxjjzsi6ikftu0ltvefovf9esufmt0cilcjkaxnhymxlsw50zw50uxvlcnkiomzhbhnllcjkaxnhymxlu3blbgxdb3jyzwn0aw9uijpmywxzzswic2vhcmnorglhbg9nu2vzc2lvbklkijoiytkwntk2ntqtnzi4ny00nmy1ltblytmtodm2zmninzfinze0iiwizgvidwdjbmzvijp7imfwce5hbwuioijjq2fyx1nlcnzpy2vfq29uc29szsisimfwcfr5cguioijdb25zb2xliiwiyxbwtmftzxnwywnlijoiyyisimxvy2f0aw9uijoizm9yy2u6b2jqzwn0sg9tzurlc2t0b3ailcjzb2jqzwn0vhlwzsi6iknvbw1pdhrlzv9fyyj9fswiz3jvdxbjzci6ikrfrkfvtfqifswic3rhdguiont9fq%3d%3d</small> </font> </div>
<div class="test-event"> <font color="maroon"> <small> &emsp; &emsp;--- 15 Oct 12:09:12 220 - <b>0</b> - Page Load Wait: (Sync) - ICar.support.Utils.waitForPageLoad(Utils.java:109)</small> </font> </div>
<div class="test-event"> <font color="maroon"> <small> &emsp; &emsp;--- 15 Oct 12:09:17 300 - Catched spinner load exception due to Expected condition failed: waiting for ICar.support.WaitUtils$4@3e310ae5 (tried for 5 second(s) with 500 milliseconds interval)</small> </font> </div>
<div class="test-event"> <font color="maroon"> <small> &emsp; &emsp;--- 15 Oct 12:09:17 300 - <b>5</b> - Spinner Load Wait: (Sync) - ICar.support.WaitUtils.waitForSpinner(WaitUtils.java:225)</small> </font> </div>
<div class="test-event"> <font color="maroon"> <small> &emsp; &emsp;--- 15 Oct 12:09:18 045 - Page URL:: https://i-car--staging.sandbox.lightning.force.com/one/one.app#eyjjb21wb25lbnrezwyioijmb3jjzvnlyxjjadpzzwfyy2hqywdlrgvza3rvccisimf0dhjpynv0zxmionsidgvybsi6ijiynzkzmtiilcjzy29wzu1hcci6eyj0exblijoive9qx1jfu1vmvfmilcjuyw1lc3bhy2uioiiilcjsywjlbci6ilrvccbszxn1bhrziiwibgfizwxqbhvyywwioijub3agumvzdwx0cyisinjlc3vsdhndbxaioijmb3jjzvnlyxjjadpwcmvkawn0zwrszxn1bhrzin0simnvbnrlehqionsirklmvevsuyi6e30sinnlyxjjafnvdxjjzsi6ikftu0ltvefovf9esufmt0cilcjkaxnhymxlsw50zw50uxvlcnkiomzhbhnllcjkaxnhymxlu3blbgxdb3jyzwn0aw9uijpmywxzzswic2vhcmnorglhbg9nu2vzc2lvbklkijoiytkwntk2ntqtnzi4ny00nmy1ltblytmtodm2zmninzfinze0iiwizgvidwdjbmzvijp7imfwce5hbwuioijjq2fyx1nlcnzpy2vfq29uc29szsisimfwcfr5cguioijdb25zb2xliiwiyxbwtmftzxnwywnlijoiyyisimxvy2f0aw9uijoizm9yy2u6b2jqzwn0sg9tzurlc2t0b3ailcjzb2jqzwn0vhlwzsi6iknvbw1pdhrlzv9fyyj9fswiz3jvdxbjzci6ikrfrkfvtfqifswic3rhdguiont9fq%3d%3d</small> </font> </div>
<div class="test-event"> <font color="maroon"> <small> &emsp; &emsp;--- 15 Oct 12:09:18 045 - <b>0</b> - Page Load Wait: (Sync) - ICar.support.Utils.waitForPageLoad(Utils.java:109)</small> </font> </div>
<div class="test-event"> <font color="maroon"> <small> &emsp; &emsp;--- 15 Oct 12:09:18 781 - Page URL:: https://i-car--staging.sandbox.lightning.force.com/one/one.app#eyjjb21wb25lbnrezwyioijmb3jjzvnlyxjjadpzzwfyy2hqywdlrgvza3rvccisimf0dhjpynv0zxmionsidgvybsi6ijiynzkzmtiilcjzy29wzu1hcci6eyj0exblijoive9qx1jfu1vmvfmilcjuyw1lc3bhy2uioiiilcjsywjlbci6ilrvccbszxn1bhrziiwibgfizwxqbhvyywwioijub3agumvzdwx0cyisinjlc3vsdhndbxaioijmb3jjzvnlyxjjadpwcmvkawn0zwrszxn1bhrzin0simnvbnrlehqionsirklmvevsuyi6e30sinnlyxjjafnvdxjjzsi6ikftu0ltvefovf9esufmt0cilcjkaxnhymxlsw50zw50uxvlcnkiomzhbhnllcjkaxnhymxlu3blbgxdb3jyzwn0aw9uijpmywxzzswic2vhcmnorglhbg9nu2vzc2lvbklkijoiytkwntk2ntqtnzi4ny00nmy1ltblytmtodm2zmninzfinze0iiwizgvidwdjbmzvijp7imfwce5hbwuioijjq2fyx1nlcnzpy2vfq29uc29szsisimfwcfr5cguioijdb25zb2xliiwiyxbwtmftzxnwywnlijoiyyisimxvy2f0aw9uijoizm9yy2u6b2jqzwn0sg9tzurlc2t0b3ailcjzb2jqzwn0vhlwzsi6iknvbw1pdhrlzv9fyyj9fswiz3jvdxbjzci6ikrfrkfvtfqifswic3rhdguiont9fq%3d%3d</small> </font> </div>
<div class="test-event"> <font color="maroon"> <small> &emsp; &emsp;--- 15 Oct 12:09:18 781 - <b>0</b> - Page Load Wait: (Sync) - ICar.support.Utils.waitForPageLoad(Utils.java:109)</small> </font> </div>
<div class="test-event"> <font color="maroon"> <small> &emsp; &emsp;--- 15 Oct 12:09:19 511 - Page URL:: https://i-car--staging.sandbox.lightning.force.com/one/one.app#eyjjb21wb25lbnrezwyioijmb3jjzvnlyxjjadpzzwfyy2hqywdlrgvza3rvccisimf0dhjpynv0zxmionsidgvybsi6ijiynzkzmtiilcjzy29wzu1hcci6eyj0exblijoive9qx1jfu1vmvfmilcjuyw1lc3bhy2uioiiilcjsywjlbci6ilrvccbszxn1bhrziiwibgfizwxqbhvyywwioijub3agumvzdwx0cyisinjlc3vsdhndbxaioijmb3jjzvnlyxjjadpwcmvkawn0zwrszxn1bhrzin0simnvbnrlehqionsirklmvevsuyi6e30sinnlyxjjafnvdxjjzsi6ikftu0ltvefovf9esufmt0cilcjkaxnhymxlsw50zw50uxvlcnkiomzhbhnllcjkaxnhymxlu3blbgxdb3jyzwn0aw9uijpmywxzzswic2vhcmnorglhbg9nu2vzc2lvbklkijoiytkwntk2ntqtnzi4ny00nmy1ltblytmtodm2zmninzfinze0iiwizgvidwdjbmzvijp7imfwce5hbwuioijjq2fyx1nlcnzpy2vfq29uc29szsisimfwcfr5cguioijdb25zb2xliiwiyxbwtmftzxnwywnlijoiyyisimxvy2f0aw9uijoizm9yy2u6b2jqzwn0sg9tzurlc2t0b3ailcjzb2jqzwn0vhlwzsi6iknvbw1pdhrlzv9fyyj9fswiz3jvdxbjzci6ikrfrkfvtfqifswic3rhdguiont9fq%3d%3d</small> </font> </div>
<div class="test-event"> <font color="maroon"> <small> &emsp; &emsp;--- 15 Oct 12:09:19 512 - <b>0</b> - Page Load Wait: (Sync) - ICar.support.Utils.waitForPageLoad(Utils.java:109)</small> </font> </div>
<div class="test-event"> <font color="maroon"> <small> &emsp; &emsp;--- 15 Oct 12:09:27 899 - Catched spinner load exception due to Expected condition failed: waiting for ICar.support.WaitUtils$4@3e310ae5 (tried for 8 second(s) with 500 milliseconds interval)</small> </font> </div>
<div class="test-event"> <font color="maroon"> <small> &emsp; &emsp;--- 15 Oct 12:09:27 900 - <b>8</b> - Spinner Load Wait: (Sync) - ICar.support.WaitUtils.waitForSpinner(WaitUtils.java:225)</small> </font> </div>
<div class="test-event"> <font color="maroon"> <small> &emsp; &emsp;--- 15 Oct 12:09:28 601 - Page URL:: https://i-car--staging.sandbox.lightning.force.com/one/one.app#eyjjb21wb25lbnrezwyioijmb3jjzvnlyxjjadpzzwfyy2hqywdlrgvza3rvccisimf0dhjpynv0zxmionsidgvybsi6ijiynzkzmtiilcjzy29wzu1hcci6eyj0exblijoive9qx1jfu1vmvfmilcjuyw1lc3bhy2uioiiilcjsywjlbci6ilrvccbszxn1bhrziiwibgfizwxqbhvyywwioijub3agumvzdwx0cyisinjlc3vsdhndbxaioijmb3jjzvnlyxjjadpwcmvkawn0zwrszxn1bhrzin0simnvbnrlehqionsirklmvevsuyi6e30sinnlyxjjafnvdxjjzsi6ikftu0ltvefovf9esufmt0cilcjkaxnhymxlsw50zw50uxvlcnkiomzhbhnllcjkaxnhymxlu3blbgxdb3jyzwn0aw9uijpmywxzzswic2vhcmnorglhbg9nu2vzc2lvbklkijoiytkwntk2ntqtnzi4ny00nmy1ltblytmtodm2zmninzfinze0iiwizgvidwdjbmzvijp7imfwce5hbwuioijjq2fyx1nlcnzpy2vfq29uc29szsisimfwcfr5cguioijdb25zb2xliiwiyxbwtmftzxnwywnlijoiyyisimxvy2f0aw9uijoizm9yy2u6b2jqzwn0sg9tzurlc2t0b3ailcjzb2jqzwn0vhlwzsi6iknvbw1pdhrlzv9fyyj9fswiz3jvdxbjzci6ikrfrkfvtfqifswic3rhdguiont9fq%3d%3d</small> </font> </div>
<div class="test-event"> <font color="maroon"> <small> &emsp; &emsp;--- 15 Oct 12:09:28 601 - <b>0</b> - Page Load Wait: (Sync) - ICar.support.Utils.waitForPageLoad(Utils.java:109)</small> </font> </div>
<div class="test-event"> <font color="maroon"> <small> &emsp; &emsp;--- 15 Oct 12:09:30 765 - Element is displayed:: [[ChromeDriver: chrome on WINDOWS (b877d58e541e04ab77117bf4c40ff9eb)] -> xpath: //div[contains(@class,'forceSearchResultsRegion')]//div[contains(@class,'resultsMultiWrapper')]/div/div[1]//following::h2//a]</small> </font> </div>
<div class="test-event"> <font color="maroon"> <small> &emsp; &emsp;--- 15 Oct 12:09:31 068 - Element is displayed:: [[ChromeDriver: chrome on WINDOWS (b877d58e541e04ab77117bf4c40ff9eb)] -> xpath: //a[text()='Contacts']]</small> </font> </div>
<div class="test-event"> <font color="maroon"> <small> &emsp; &emsp;--- 15 Oct 12:09:35 089 - Element is displayed:: [[ChromeDriver: chrome on WINDOWS (b877d58e541e04ab77117bf4c40ff9eb)] -> xpath: //div[text()='Contacts']//following :: table//tbody//th//span /a]</small> </font> </div>
<div class="test-message">&emsp;4.Enter ICAR ID  2279312</div>
<div class="test-event"> <font color="maroon"> <small> &emsp; &emsp;--- 15 Oct 12:09:50 658 - Catched spinner load exception due to Expected condition failed: waiting for ICar.support.WaitUtils$4@3e310ae5 (tried for 15 second(s) with 500 milliseconds interval)</small> </font> </div>
<div class="test-event"> <font color="maroon"> <small> &emsp; &emsp;--- 15 Oct 12:09:50 658 - <b>15</b> - Spinner Load Wait: (Sync) - ICar.support.WaitUtils.waitForSpinner(WaitUtils.java:225)</small> </font> </div>
<div class="test-event"> <font color="maroon"> <small> &emsp; &emsp;--- 15 Oct 12:09:51 224 - Page URL:: https://i-car--staging.sandbox.lightning.force.com/lightning/r/contact/0031i00000oeh1aqaa/view</small> </font> </div>
<div class="test-event"> <font color="maroon"> <small> &emsp; &emsp;--- 15 Oct 12:09:51 224 - <b>0</b> - Page Load Wait: (Sync) - ICar.support.Utils.waitForPageLoad(Utils.java:109)</small> </font> </div>
<div class="test-event"> <font color="maroon"> <small> &emsp; &emsp;--- 15 Oct 12:10:06 348 - Catched spinner load exception due to Expected condition failed: waiting for ICar.support.WaitUtils$4@3e310ae5 (tried for 15 second(s) with 500 milliseconds interval)</small> </font> </div>
<div class="test-event"> <font color="maroon"> <small> &emsp; &emsp;--- 15 Oct 12:10:06 348 - <b>15</b> - Spinner Load Wait: (Sync) - ICar.support.WaitUtils.waitForSpinner(WaitUtils.java:225)</small> </font> </div>
<div class="test-event"> <font color="maroon"> <small> &emsp; &emsp;--- 15 Oct 12:10:06 407 - Element is displayed:: [[ChromeDriver: chrome on WINDOWS (b877d58e541e04ab77117bf4c40ff9eb)] -> xpath: //button[text()='Access Shopping Cart - New']]</small> </font> </div>
<div class="test-event"> <font color="maroon"> <small> &emsp; &emsp;--- 15 Oct 12:10:08 524 - Element is displayed:: [[ChromeDriver: chrome on WINDOWS (b877d58e541e04ab77117bf4c40ff9eb)] -> xpath: //button[text()='Access Shopping Cart - New']]</small> </font> </div>
<div class="test-event"> <font color="maroon"> <small> &emsp; &emsp;--- 15 Oct 12:10:17 560 - Page URL:: https://i-car--staging.sandbox.lightning.force.com/lightning/r/contact/0031i00000oeh1aqaa/view</small> </font> </div>
<div class="test-event"> <font color="maroon"> <small> &emsp; &emsp;--- 15 Oct 12:10:17 560 - <b>0</b> - Page Load Wait: (Sync) - ICar.support.Utils.waitForPageLoad(Utils.java:109)</small> </font> </div>
<div class="test-event"> <font color="maroon"> <small> &emsp; &emsp;--- 15 Oct 12:10:40 785 - Catched spinner load exception due to Expected condition failed: waiting for ICar.support.WaitUtils$4@3e310ae5 (tried for 10 second(s) with 500 milliseconds interval)</small> </font> </div>
<div class="test-event"> <font color="maroon"> <small> &emsp; &emsp;--- 15 Oct 12:10:40 785 - <b>10</b> - Spinner Load Wait: (Sync) - ICar.support.WaitUtils.waitForSpinner(WaitUtils.java:225)</small> </font> </div>
<div class="test-event"> <font color="maroon"> <small> &emsp; &emsp;--- 15 Oct 12:10:40 871 - Element is displayed:: [[ChromeDriver: chrome on WINDOWS (b877d58e541e04ab77117bf4c40ff9eb)] -> xpath: //button[@value='Launch My Learning']]</small> </font> </div>
<div class="test-message">&emsp;5. Clicked the 'Access Shoping cart'  & Navigated to the user home page.</div>
<div class="test-message">&emsp;Successfully validated -Access committee portal link hided</div>
<div class="test-result"><br><font color="green"><strong> Test Passed. </strong></font> </div>&emsp;
&emsp;<div class="test-title"> <strong><font size = "3" color = "#0000FF">---Test Execution Ends---</font> </strong> </div>&emsp;
<div class="test-event"> <font color="maroon"> <small> &emsp; &emsp;--- 15 Oct 12:10:45 861 - TestCaseID:: B2B1002_TC04</small> </font> </div>
<div class="test-event"> <font color="maroon"> <small> &emsp; &emsp;--- 15 Oct 12:10:47 495 - <b>1</b> - Driver::initialize::Get - ICar.support.WebDriverFactory.getDriver(WebDriverFactory.java:640)</small> </font> </div>
&emsp;<div class="test-title"> <strong><font size = "3" color = "#000080">Verify the “Access Committee Portal” link is not displayed in the Manage box when Login as End dated Committee Officers.</font> </strong> </div>&emsp;<div><strong>Steps:</strong></div><!-- Report -->&emsp;
<div class="test-event"> <font color="maroon"> <small> &emsp; &emsp;--- 15 Oct 12:10:52 952 - Page URL:: https://i-car--staging.sandbox.my.salesforce.com/</small> </font> </div>
<div class="test-event"> <font color="maroon"> <small> &emsp; &emsp;--- 15 Oct 12:10:52 952 - <b>2</b> - Page Load Wait: (Sync) - ICar.support.Utils.waitForPageLoad(Utils.java:109)</small> </font> </div>
<div class="test-event"> <font color="maroon"> <small> &emsp; &emsp;--- 15 Oct 12:11:06 095 - Page URL:: https://i-car--staging.sandbox.my.salesforce.com/</small> </font> </div>
<div class="test-event"> <font color="maroon"> <small> &emsp; &emsp;--- 15 Oct 12:11:06 095 - <b>0</b> - Page Load Wait: (Sync) - ICar.support.Utils.waitForPageLoad(Utils.java:109)</small> </font> </div>
<div class="test-message">&emsp;Successfully navigated to 'Login' Page&emsp;<a href=".\ScreenShot\B2B1002_TC04_1256461174953100.png" target="_blank" >[ScreenShot]</a></div>
<div class="test-message">&emsp;1. Login page is launched.</div>
<div class="test-event"> <font color="maroon"> <small> &emsp; &emsp;--- 15 Oct 12:11:06 312 - Element is displayed:: [[ChromeDriver: chrome on WINDOWS (3159bbed5dee40441d314aed005e1fdc)] -> id: username]</small> </font> </div>
<div class="test-event"> <font color="maroon"> <small> &emsp; &emsp;--- 15 Oct 12:11:06 380 - Element is displayed:: [[ChromeDriver: chrome on WINDOWS (3159bbed5dee40441d314aed005e1fdc)] -> id: username]</small> </font> </div>
<div class="test-event"> <font color="maroon"> <small> &emsp; &emsp;--- 15 Oct 12:11:06 651 - Element is displayed:: [[ChromeDriver: chrome on WINDOWS (3159bbed5dee40441d314aed005e1fdc)] -> id: password]</small> </font> </div>
<div class="test-event"> <font color="maroon"> <small> &emsp; &emsp;--- 15 Oct 12:11:06 899 - Element is displayed:: [[ChromeDriver: chrome on WINDOWS (3159bbed5dee40441d314aed005e1fdc)] -> id: Login]</small> </font> </div>
<div class="test-event"> <font color="maroon"> <small> &emsp; &emsp;--- 15 Oct 12:11:35 656 - Catched spinner load exception due to Expected condition failed: waiting for ICar.support.WaitUtils$4@3e310ae5 (tried for 13 second(s) with 500 milliseconds interval)</small> </font> </div>
<div class="test-event"> <font color="maroon"> <small> &emsp; &emsp;--- 15 Oct 12:11:35 656 - <b>13</b> - Spinner Load Wait: (Sync) - ICar.support.WaitUtils.waitForSpinner(WaitUtils.java:225)</small> </font> </div>
<div class="test-event"> <font color="maroon"> <small> &emsp; &emsp;--- 15 Oct 12:11:54 790 - Catched spinner load exception due to Expected condition failed: waiting for ICar.support.WaitUtils$4@3e310ae5 (tried for 6 second(s) with 500 milliseconds interval)</small> </font> </div>
<div class="test-event"> <font color="maroon"> <small> &emsp; &emsp;--- 15 Oct 12:11:54 790 - <b>6</b> - Spinner Load Wait: (Sync) - ICar.support.WaitUtils.waitForSpinner(WaitUtils.java:225)</small> </font> </div>
<div class="test-event"> <font color="maroon"> <small> &emsp; &emsp;--- 15 Oct 12:11:54 879 - Element is displayed:: [[ChromeDriver: chrome on WINDOWS (3159bbed5dee40441d314aed005e1fdc)] -> css selector: button[class*='search-button']]</small> </font> </div>
<div class="test-message">&emsp;2. Navigate to 'SalesForce Page'</div>
<div class="test-event"> <font color="maroon"> <small> &emsp; &emsp;--- 15 Oct 12:11:55 370 - Page URL:: https://i-car--staging.sandbox.lightning.force.com/lightning/r/contact/0031i00000oeh1aqaa/view</small> </font> </div>
<div class="test-event"> <font color="maroon"> <small> &emsp; &emsp;--- 15 Oct 12:11:55 370 - <b>0</b> - Page Load Wait: (Sync) - ICar.support.Utils.waitForPageLoad(Utils.java:109)</small> </font> </div>
<div class="test-event"> <font color="maroon"> <small> &emsp; &emsp;--- 15 Oct 12:12:01 001 - Page URL:: https://i-car--staging.sandbox.lightning.force.com/lightning/r/contact/0031i00000oeh1aqaa/view</small> </font> </div>
<div class="test-event"> <font color="maroon"> <small> &emsp; &emsp;--- 15 Oct 12:12:01 001 - <b>0</b> - Page Load Wait: (Sync) - ICar.support.Utils.waitForPageLoad(Utils.java:109)</small> </font> </div>
<div class="test-message">&emsp;Close the tab</div>
<div class="test-message">&emsp;Successfully navigated to 'Login' Page&emsp;<a href=".\ScreenShot\B2B1002_TC04_1256521357057300.png" target="_blank" >[ScreenShot]</a></div>
<div class="test-event"> <font color="maroon"> <small> &emsp; &emsp;--- 15 Oct 12:12:11 700 - Catched spinner load exception due to Expected condition failed: waiting for ICar.support.WaitUtils$4@3e310ae5 (tried for 5 second(s) with 500 milliseconds interval)</small> </font> </div>
<div class="test-event"> <font color="maroon"> <small> &emsp; &emsp;--- 15 Oct 12:12:11 700 - <b>5</b> - Spinner Load Wait: (Sync) - ICar.support.WaitUtils.waitForSpinner(WaitUtils.java:225)</small> </font> </div>
<div class="test-event"> <font color="maroon"> <small> &emsp; &emsp;--- 15 Oct 12:12:11 868 - Page URL:: https://i-car--staging.sandbox.lightning.force.com/lightning/o/committee__c/list?filtername=__recent</small> </font> </div>
<div class="test-event"> <font color="maroon"> <small> &emsp; &emsp;--- 15 Oct 12:12:11 868 - <b>0</b> - Page Load Wait: (Sync) - ICar.support.Utils.waitForPageLoad(Utils.java:109)</small> </font> </div>
<div class="test-event"> <font color="maroon"> <small> &emsp; &emsp;--- 15 Oct 12:12:11 940 - Element is displayed:: [[ChromeDriver: chrome on WINDOWS (3159bbed5dee40441d314aed005e1fdc)] -> xpath: //div[contains(@class,'appLauncher ')]//button]</small> </font> </div>
<div class="test-event"> <font color="maroon"> <small> &emsp; &emsp;--- 15 Oct 12:12:12 067 - Element is displayed:: [[ChromeDriver: chrome on WINDOWS (3159bbed5dee40441d314aed005e1fdc)] -> xpath: //div[contains(@class,'appLauncher ')]//button]</small> </font> </div>
<div class="test-event"> <font color="maroon"> <small> &emsp; &emsp;--- 15 Oct 12:12:13 645 - Element is displayed:: [[ChromeDriver: chrome on WINDOWS (3159bbed5dee40441d314aed005e1fdc)] -> xpath: //input[@placeholder='Search apps and items...']]</small> </font> </div>
<div class="test-event"> <font color="maroon"> <small> &emsp; &emsp;--- 15 Oct 12:12:13 719 - Element is displayed:: [[ChromeDriver: chrome on WINDOWS (3159bbed5dee40441d314aed005e1fdc)] -> xpath: //input[@placeholder='Search apps and items...']]</small> </font> </div>
<div class="test-event"> <font color="maroon"> <small> &emsp; &emsp;--- 15 Oct 12:12:17 106 - Element is displayed:: [[ChromeDriver: chrome on WINDOWS (3159bbed5dee40441d314aed005e1fdc)] -> xpath: //lightning-formatted-rich-text/span/p/b[text()='Committees']]</small> </font> </div>
<div class="test-event"> <font color="maroon"> <small> &emsp; &emsp;--- 15 Oct 12:12:20 144 - Element is displayed:: [[ChromeDriver: chrome on WINDOWS (3159bbed5dee40441d314aed005e1fdc)] -> xpath: //lightning-formatted-rich-text/span/p/b[text()='Committees']]</small> </font> </div>
<div class="test-event"> <font color="maroon"> <small> &emsp; &emsp;--- 15 Oct 12:12:20 429 - Page URL:: https://i-car--staging.sandbox.lightning.force.com/lightning/o/committee__c/home</small> </font> </div>
<div class="test-event"> <font color="maroon"> <small> &emsp; &emsp;--- 15 Oct 12:12:20 429 - <b>0</b> - Page Load Wait: (Sync) - ICar.support.Utils.waitForPageLoad(Utils.java:109)</small> </font> </div>
<div class="test-event"> <font color="maroon"> <small> &emsp; &emsp;--- 15 Oct 12:12:25 745 - Catched spinner load exception due to Expected condition failed: waiting for ICar.support.WaitUtils$4@3e310ae5 (tried for 5 second(s) with 500 milliseconds interval)</small> </font> </div>
<div class="test-event"> <font color="maroon"> <small> &emsp; &emsp;--- 15 Oct 12:12:25 745 - <b>5</b> - Spinner Load Wait: (Sync) - ICar.support.WaitUtils.waitForSpinner(WaitUtils.java:225)</small> </font> </div>
<div class="test-event"> <font color="maroon"> <small> &emsp; &emsp;--- 15 Oct 12:12:25 915 - Page URL:: https://i-car--staging.sandbox.lightning.force.com/lightning/o/committee__c/list?filtername=__recent</small> </font> </div>
<div class="test-event"> <font color="maroon"> <small> &emsp; &emsp;--- 15 Oct 12:12:25 915 - <b>0</b> - Page Load Wait: (Sync) - ICar.support.Utils.waitForPageLoad(Utils.java:109)</small> </font> </div>
<div class="test-event"> <font color="maroon"> <small> &emsp; &emsp;--- 15 Oct 12:12:25 982 - Element is displayed:: [[ChromeDriver: chrome on WINDOWS (3159bbed5dee40441d314aed005e1fdc)] -> xpath: //div[contains(@class,'appLauncher ')]//button]</small> </font> </div>
<div class="test-event"> <font color="maroon"> <small> &emsp; &emsp;--- 15 Oct 12:12:26 051 - Element is displayed:: [[ChromeDriver: chrome on WINDOWS (3159bbed5dee40441d314aed005e1fdc)] -> xpath: //div[contains(@class,'appLauncher ')]//button]</small> </font> </div>
<div class="test-event"> <font color="maroon"> <small> &emsp; &emsp;--- 15 Oct 12:12:26 247 - Element is displayed:: [[ChromeDriver: chrome on WINDOWS (3159bbed5dee40441d314aed005e1fdc)] -> xpath: //input[@placeholder='Search apps and items...']]</small> </font> </div>
<div class="test-event"> <font color="maroon"> <small> &emsp; &emsp;--- 15 Oct 12:12:26 355 - Element is displayed:: [[ChromeDriver: chrome on WINDOWS (3159bbed5dee40441d314aed005e1fdc)] -> xpath: //input[@placeholder='Search apps and items...']]</small> </font> </div>
<div class="test-event"> <font color="maroon"> <small> &emsp; &emsp;--- 15 Oct 12:12:29 712 - Element is displayed:: [[ChromeDriver: chrome on WINDOWS (3159bbed5dee40441d314aed005e1fdc)] -> xpath: //lightning-formatted-rich-text/span/p/b[text()='Committee Members']]</small> </font> </div>
<div class="test-event"> <font color="maroon"> <small> &emsp; &emsp;--- 15 Oct 12:12:32 790 - Element is displayed:: [[ChromeDriver: chrome on WINDOWS (3159bbed5dee40441d314aed005e1fdc)] -> xpath: //lightning-formatted-rich-text/span/p/b[text()='Committee Members']]</small> </font> </div>
<div class="test-event"> <font color="maroon"> <small> &emsp; &emsp;--- 15 Oct 12:12:33 371 - Page URL:: https://i-car--staging.sandbox.lightning.force.com/lightning/o/committee_member__c/home</small> </font> </div>
<div class="test-event"> <font color="maroon"> <small> &emsp; &emsp;--- 15 Oct 12:12:33 371 - <b>0</b> - Page Load Wait: (Sync) - ICar.support.Utils.waitForPageLoad(Utils.java:109)</small> </font> </div>
<div class="test-message">&emsp;3. Enter the AccountName as : Chuck Conner:550-0954 Santa Rosa, CA</div>
<div class="test-event"> <font color="maroon"> <small> &emsp; &emsp;--- 15 Oct 12:12:33 921 - Page URL:: https://i-car--staging.sandbox.lightning.force.com/lightning/o/committee_member__c/home</small> </font> </div>
<div class="test-event"> <font color="maroon"> <small> &emsp; &emsp;--- 15 Oct 12:12:33 921 - <b>0</b> - Page Load Wait: (Sync) - ICar.support.Utils.waitForPageLoad(Utils.java:109)</small> </font> </div>
<div class="test-event"> <font color="maroon"> <small> &emsp; &emsp;--- 15 Oct 12:12:34 016 - Element is displayed:: [[ChromeDriver: chrome on WINDOWS (3159bbed5dee40441d314aed005e1fdc)] -> css selector: button[class*='search-button']]</small> </font> </div>
<div class="test-event"> <font color="maroon"> <small> &emsp; &emsp;--- 15 Oct 12:12:36 180 - Catched spinner load exception due to Expected condition failed: waiting for ICar.support.WaitUtils$4@3e310ae5 (tried for 2 second(s) with 500 milliseconds interval)</small> </font> </div>
<div class="test-event"> <font color="maroon"> <small> &emsp; &emsp;--- 15 Oct 12:12:36 180 - <b>2</b> - Spinner Load Wait: (Sync) - ICar.support.WaitUtils.waitForSpinner(WaitUtils.java:225)</small> </font> </div>
<div class="test-event"> <font color="maroon"> <small> &emsp; &emsp;--- 15 Oct 12:12:39 290 - Element is displayed:: [[ChromeDriver: chrome on WINDOWS (3159bbed5dee40441d314aed005e1fdc)] -> css selector: button[class*='search-button']]</small> </font> </div>
<div class="test-event"> <font color="maroon"> <small> &emsp; &emsp;--- 15 Oct 12:12:39 811 - Page URL:: https://i-car--staging.sandbox.lightning.force.com/lightning/o/committee_member__c/home</small> </font> </div>
<div class="test-event"> <font color="maroon"> <small> &emsp; &emsp;--- 15 Oct 12:12:39 811 - <b>0</b> - Page Load Wait: (Sync) - ICar.support.Utils.waitForPageLoad(Utils.java:109)</small> </font> </div>
<div class="test-event"> <font color="maroon"> <small> &emsp; &emsp;--- 15 Oct 12:12:56 966 - Catched spinner load exception due to Expected condition failed: waiting for ICar.support.WaitUtils$4@3e310ae5 (tried for 10 second(s) with 500 milliseconds interval)</small> </font> </div>
<div class="test-event"> <font color="maroon"> <small> &emsp; &emsp;--- 15 Oct 12:12:56 966 - <b>10</b> - Spinner Load Wait: (Sync) - ICar.support.WaitUtils.waitForSpinner(WaitUtils.java:225)</small> </font> </div>
<div class="test-event"> <font color="maroon"> <small> &emsp; &emsp;--- 15 Oct 12:12:57 365 - Page URL:: https://i-car--staging.sandbox.lightning.force.com/one/one.app#eyjjb21wb25lbnrezwyioijmb3jjzvnlyxjjadpzzwfyy2hqywdlrgvza3rvccisimf0dhjpynv0zxmionsidgvybsi6iknodwnrienvbm5lcjo1ntatmdk1ncbtyw50ysbsb3nhlcbdqsisinnjb3bltwfwijp7inr5cguioijut1bfukvtvuxuuyisim5hbwvzcgfjzsi6iiisimxhymvsijoivg9wifjlc3vsdhmilcjsywjlbfbsdxjhbci6ilrvccbszxn1bhrziiwicmvzdwx0c0ntcci6imzvcmnlu2vhcmnoonbyzwrpy3rlzfjlc3vsdhmifswiy29udgv4dci6eyjgsuxurvjtijp7fswic2vhcmnou291cmnlijoiqvntsvnuqu5ux0rjquxpryisimrpc2fibgvjbnrlbnrrdwvyesi6zmfsc2usimrpc2fibgvtcgvsbenvcnjly3rpb24iomzhbhnllcjzzwfyy2heawfsb2dtzxnzaw9uswqioii5otqxmtyzni05otaxlwjkndqtyjlhzs0ymjdjmdexmdvlodqilcjkzwj1z0luzm8ionsiyxbwtmftzsi6ikldyxjfu2vydmljzv9db25zb2xliiwiyxbwvhlwzsi6iknvbnnvbguilcjhchboyw1lc3bhy2uioijjiiwibg9jyxrpb24ioijmb3jjztpvymply3rib21lrgvza3rvccisinnvymply3ruexblijoiq29tbwl0dgvlx01lbwjlcl9fyyj9fswiz3jvdxbjzci6ikrfrkfvtfqifswic3rhdguiont9fq%3d%3d</small> </font> </div>
<div class="test-event"> <font color="maroon"> <small> &emsp; &emsp;--- 15 Oct 12:12:57 365 - <b>0</b> - Page Load Wait: (Sync) - ICar.support.Utils.waitForPageLoad(Utils.java:109)</small> </font> </div>
<div class="test-event"> <font color="maroon"> <small> &emsp; &emsp;--- 15 Oct 12:12:57 745 - Page URL:: https://i-car--staging.sandbox.lightning.force.com/one/one.app#eyjjb21wb25lbnrezwyioijmb3jjzvnlyxjjadpzzwfyy2hqywdlrgvza3rvccisimf0dhjpynv0zxmionsidgvybsi6iknodwnrienvbm5lcjo1ntatmdk1ncbtyw50ysbsb3nhlcbdqsisinnjb3bltwfwijp7inr5cguioijut1bfukvtvuxuuyisim5hbwvzcgfjzsi6iiisimxhymvsijoivg9wifjlc3vsdhmilcjsywjlbfbsdxjhbci6ilrvccbszxn1bhrziiwicmvzdwx0c0ntcci6imzvcmnlu2vhcmnoonbyzwrpy3rlzfjlc3vsdhmifswiy29udgv4dci6eyjgsuxurvjtijp7fswic2vhcmnou291cmnlijoiqvntsvnuqu5ux0rjquxpryisimrpc2fibgvjbnrlbnrrdwvyesi6zmfsc2usimrpc2fibgvtcgvsbenvcnjly3rpb24iomzhbhnllcjzzwfyy2heawfsb2dtzxnzaw9uswqioii5otqxmtyzni05otaxlwjkndqtyjlhzs0ymjdjmdexmdvlodqilcjkzwj1z0luzm8ionsiyxbwtmftzsi6ikldyxjfu2vydmljzv9db25zb2xliiwiyxbwvhlwzsi6iknvbnnvbguilcjhchboyw1lc3bhy2uioijjiiwibg9jyxrpb24ioijmb3jjztpvymply3rib21lrgvza3rvccisinnvymply3ruexblijoiq29tbwl0dgvlx01lbwjlcl9fyyj9fswiz3jvdxbjzci6ikrfrkfvtfqifswic3rhdguiont9fq%3d%3d</small> </font> </div>
<div class="test-event"> <font color="maroon"> <small> &emsp; &emsp;--- 15 Oct 12:12:57 745 - <b>0</b> - Page Load Wait: (Sync) - ICar.support.Utils.waitForPageLoad(Utils.java:109)</small> </font> </div>
<div class="test-event"> <font color="maroon"> <small> &emsp; &emsp;--- 15 Oct 12:13:07 820 - Catched spinner load exception due to Expected condition failed: waiting for ICar.support.WaitUtils$4@3e310ae5 (tried for 10 second(s) with 500 milliseconds interval)</small> </font> </div>
<div class="test-event"> <font color="maroon"> <small> &emsp; &emsp;--- 15 Oct 12:13:07 820 - <b>10</b> - Spinner Load Wait: (Sync) - ICar.support.WaitUtils.waitForSpinner(WaitUtils.java:225)</small> </font> </div>
<div class="test-event"> <font color="maroon"> <small> &emsp; &emsp;--- 15 Oct 12:13:07 858 - Element is displayed:: [[ChromeDriver: chrome on WINDOWS (3159bbed5dee40441d314aed005e1fdc)] -> css selector: div.forceSearchResultsRegion div.resultsMultiWrapper >div > div table tbody th a]</small> </font> </div>
<div class="test-event"> <font color="maroon"> <small> &emsp; &emsp;--- 15 Oct 12:13:07 963 - Element is displayed:: [[ChromeDriver: chrome on WINDOWS (3159bbed5dee40441d314aed005e1fdc)] -> css selector: div.forceSearchResultsRegion div.resultsMultiWrapper >div > div table tbody th a]</small> </font> </div>
<div class="test-event"> <font color="maroon"> <small> &emsp; &emsp;--- 15 Oct 12:13:08 558 - Page URL:: https://i-car--staging.sandbox.lightning.force.com/one/one.app#eyjjb21wb25lbnrezwyioijmb3jjzvnlyxjjadpzzwfyy2hqywdlrgvza3rvccisimf0dhjpynv0zxmionsidgvybsi6iknodwnrienvbm5lcjo1ntatmdk1ncbtyw50ysbsb3nhlcbdqsisinnjb3bltwfwijp7inr5cguioijut1bfukvtvuxuuyisim5hbwvzcgfjzsi6iiisimxhymvsijoivg9wifjlc3vsdhmilcjsywjlbfbsdxjhbci6ilrvccbszxn1bhrziiwicmvzdwx0c0ntcci6imzvcmnlu2vhcmnoonbyzwrpy3rlzfjlc3vsdhmifswiy29udgv4dci6eyjgsuxurvjtijp7fswic2vhcmnou291cmnlijoiqvntsvnuqu5ux0rjquxpryisimrpc2fibgvjbnrlbnrrdwvyesi6zmfsc2usimrpc2fibgvtcgvsbenvcnjly3rpb24iomzhbhnllcjzzwfyy2heawfsb2dtzxnzaw9uswqioii5otqxmtyzni05otaxlwjkndqtyjlhzs0ymjdjmdexmdvlodqilcjkzwj1z0luzm8ionsiyxbwtmftzsi6ikldyxjfu2vydmljzv9db25zb2xliiwiyxbwvhlwzsi6iknvbnnvbguilcjhchboyw1lc3bhy2uioijjiiwibg9jyxrpb24ioijmb3jjztpvymply3rib21lrgvza3rvccisinnvymply3ruexblijoiq29tbwl0dgvlx01lbwjlcl9fyyj9fswiz3jvdxbjzci6ikrfrkfvtfqifswic3rhdguiont9fq%3d%3d</small> </font> </div>
<div class="test-event"> <font color="maroon"> <small> &emsp; &emsp;--- 15 Oct 12:13:08 558 - <b>0</b> - Page Load Wait: (Sync) - ICar.support.Utils.waitForPageLoad(Utils.java:109)</small> </font> </div>
<div class="test-message">&emsp;Role displayed Committee Officer</div>
<div class="test-message">&emsp;Successfully verified - Contact name Chuck Conner whose role displayed as Committee Officer</div>
<div class="test-event"> <font color="maroon"> <small> &emsp; &emsp;--- 15 Oct 12:13:11 976 - Page URL:: https://i-car--staging.sandbox.lightning.force.com/lightning/r/committee_member__c/a371i000000ir9yqaa/view</small> </font> </div>
<div class="test-event"> <font color="maroon"> <small> &emsp; &emsp;--- 15 Oct 12:13:11 976 - <b>0</b> - Page Load Wait: (Sync) - ICar.support.Utils.waitForPageLoad(Utils.java:109)</small> </font> </div>
<div class="test-event"> <font color="maroon"> <small> &emsp; &emsp;--- 15 Oct 12:13:12 076 - Element is displayed:: [[ChromeDriver: chrome on WINDOWS (3159bbed5dee40441d314aed005e1fdc)] -> xpath: //button[@title='Edit Committee End Date']]</small> </font> </div>
<div class="test-event"> <font color="maroon"> <small> &emsp; &emsp;--- 15 Oct 12:13:12 149 - Element is displayed:: [[ChromeDriver: chrome on WINDOWS (3159bbed5dee40441d314aed005e1fdc)] -> xpath: //button[@title='Edit Committee End Date']]</small> </font> </div>
<div class="test-event"> <font color="maroon"> <small> &emsp; &emsp;--- 15 Oct 12:13:15 549 - Element is displayed:: [[ChromeDriver: chrome on WINDOWS (3159bbed5dee40441d314aed005e1fdc)] -> xpath: //button[@name='SaveEdit']]</small> </font> </div>
<div class="test-message">&emsp;Committee end date entered successfully</div>
<div class="test-event"> <font color="maroon"> <small> &emsp; &emsp;--- 15 Oct 12:13:32 341 - Page URL:: https://i-car--staging.sandbox.lightning.force.com/lightning/r/committee_member__c/a371i000000ir9yqaa/view</small> </font> </div>
<div class="test-event"> <font color="maroon"> <small> &emsp; &emsp;--- 15 Oct 12:13:32 342 - <b>0</b> - Page Load Wait: (Sync) - ICar.support.Utils.waitForPageLoad(Utils.java:109)</small> </font> </div>
<div class="test-message">&emsp;Is Active checkbox Not checked</div>
<div class="test-event"> <font color="maroon"> <small> &emsp; &emsp;--- 15 Oct 12:13:36 643 - Page URL:: https://i-car--staging.sandbox.lightning.force.com/lightning/r/committee_member__c/a371i000000ir9yqaa/view</small> </font> </div>
<div class="test-event"> <font color="maroon"> <small> &emsp; &emsp;--- 15 Oct 12:13:36 643 - <b>0</b> - Page Load Wait: (Sync) - ICar.support.Utils.waitForPageLoad(Utils.java:109)</small> </font> </div>
<div class="test-event"> <font color="maroon"> <small> &emsp; &emsp;--- 15 Oct 12:13:41 866 - Page URL:: https://i-car--staging.sandbox.lightning.force.com/lightning/r/committee_member__c/a371i000000ir9yqaa/view</small> </font> </div>
<div class="test-event"> <font color="maroon"> <small> &emsp; &emsp;--- 15 Oct 12:13:41 866 - <b>0</b> - Page Load Wait: (Sync) - ICar.support.Utils.waitForPageLoad(Utils.java:109)</small> </font> </div>
<div class="test-event"> <font color="maroon"> <small> &emsp; &emsp;--- 15 Oct 12:13:46 258 - Page URL:: https://i-car--staging.sandbox.lightning.force.com/lightning/r/committee_member__c/a371i000000ir9yqaa/view</small> </font> </div>
<div class="test-event"> <font color="maroon"> <small> &emsp; &emsp;--- 15 Oct 12:13:46 258 - <b>0</b> - Page Load Wait: (Sync) - ICar.support.Utils.waitForPageLoad(Utils.java:109)</small> </font> </div>
<div class="test-event"> <font color="maroon"> <small> &emsp; &emsp;--- 15 Oct 12:13:46 588 - Element is displayed:: [[ChromeDriver: chrome on WINDOWS (3159bbed5dee40441d314aed005e1fdc)] -> css selector: button[class*='search-button']]</small> </font> </div>
<div class="test-event"> <font color="maroon"> <small> &emsp; &emsp;--- 15 Oct 12:13:48 733 - Catched spinner load exception due to Expected condition failed: waiting for ICar.support.WaitUtils$4@3e310ae5 (tried for 2 second(s) with 500 milliseconds interval)</small> </font> </div>
<div class="test-event"> <font color="maroon"> <small> &emsp; &emsp;--- 15 Oct 12:13:48 733 - <b>2</b> - Spinner Load Wait: (Sync) - ICar.support.WaitUtils.waitForSpinner(WaitUtils.java:225)</small> </font> </div>
<div class="test-event"> <font color="maroon"> <small> &emsp; &emsp;--- 15 Oct 12:13:51 869 - Element is displayed:: [[ChromeDriver: chrome on WINDOWS (3159bbed5dee40441d314aed005e1fdc)] -> css selector: button[class*='search-button']]</small> </font> </div>
<div class="test-event"> <font color="maroon"> <small> &emsp; &emsp;--- 15 Oct 12:13:52 234 - Page URL:: https://i-car--staging.sandbox.lightning.force.com/lightning/o/committee__c/list?filtername=__recent</small> </font> </div>
<div class="test-event"> <font color="maroon"> <small> &emsp; &emsp;--- 15 Oct 12:13:52 234 - <b>0</b> - Page Load Wait: (Sync) - ICar.support.Utils.waitForPageLoad(Utils.java:109)</small> </font> </div>
<div class="test-event"> <font color="maroon"> <small> &emsp; &emsp;--- 15 Oct 12:14:11 854 - Catched spinner load exception due to Expected condition failed: waiting for ICar.support.WaitUtils$4@3e310ae5 (tried for 10 second(s) with 500 milliseconds interval)</small> </font> </div>
<div class="test-event"> <font color="maroon"> <small> &emsp; &emsp;--- 15 Oct 12:14:11 854 - <b>10</b> - Spinner Load Wait: (Sync) - ICar.support.WaitUtils.waitForSpinner(WaitUtils.java:225)</small> </font> </div>
<div class="test-event"> <font color="maroon"> <small> &emsp; &emsp;--- 15 Oct 12:14:12 662 - Page URL:: https://i-car--staging.sandbox.lightning.force.com/one/one.app#eyjjb21wb25lbnrezwyioijmb3jjzvnlyxjjadpzzwfyy2hqywdlrgvza3rvccisimf0dhjpynv0zxmionsidgvybsi6iji0mtm2odyilcjzy29wzu1hcci6eyj0exblijoive9qx1jfu1vmvfmilcjuyw1lc3bhy2uioiiilcjsywjlbci6ilrvccbszxn1bhrziiwibgfizwxqbhvyywwioijub3agumvzdwx0cyisinjlc3vsdhndbxaioijmb3jjzvnlyxjjadpwcmvkawn0zwrszxn1bhrzin0simnvbnrlehqionsirklmvevsuyi6e30sinnlyxjjafnvdxjjzsi6ikftu0ltvefovf9esufmt0cilcjkaxnhymxlsw50zw50uxvlcnkiomzhbhnllcjkaxnhymxlu3blbgxdb3jyzwn0aw9uijpmywxzzswic2vhcmnorglhbg9nu2vzc2lvbklkijoingq5zmuwymetzjnmzi1jnzqxltcxyjetmjuzmza3owu2mtmyiiwizgvidwdjbmzvijp7imfwce5hbwuioijjq2fyx1nlcnzpy2vfq29uc29szsisimfwcfr5cguioijdb25zb2xliiwiyxbwtmftzxnwywnlijoiyyisimxvy2f0aw9uijoizm9yy2u6b2jqzwn0sg9tzurlc2t0b3ailcjzb2jqzwn0vhlwzsi6iknvbw1pdhrlzv9fyyj9fswiz3jvdxbjzci6ikrfrkfvtfqifswic3rhdguiont9fq%3d%3d</small> </font> </div>
<div class="test-event"> <font color="maroon"> <small> &emsp; &emsp;--- 15 Oct 12:14:12 662 - <b>0</b> - Page Load Wait: (Sync) - ICar.support.Utils.waitForPageLoad(Utils.java:109)</small> </font> </div>
<div class="test-event"> <font color="maroon"> <small> &emsp; &emsp;--- 15 Oct 12:14:24 168 - Catched spinner load exception due to Expected condition failed: waiting for ICar.support.WaitUtils$4@3e310ae5 (tried for 11 second(s) with 500 milliseconds interval)</small> </font> </div>
<div class="test-event"> <font color="maroon"> <small> &emsp; &emsp;--- 15 Oct 12:14:24 168 - <b>11</b> - Spinner Load Wait: (Sync) - ICar.support.WaitUtils.waitForSpinner(WaitUtils.java:225)</small> </font> </div>
<div class="test-event"> <font color="maroon"> <small> &emsp; &emsp;--- 15 Oct 12:14:24 908 - Page URL:: https://i-car--staging.sandbox.lightning.force.com/one/one.app#eyjjb21wb25lbnrezwyioijmb3jjzvnlyxjjadpzzwfyy2hqywdlrgvza3rvccisimf0dhjpynv0zxmionsidgvybsi6iji0mtm2odyilcjzy29wzu1hcci6eyj0exblijoive9qx1jfu1vmvfmilcjuyw1lc3bhy2uioiiilcjsywjlbci6ilrvccbszxn1bhrziiwibgfizwxqbhvyywwioijub3agumvzdwx0cyisinjlc3vsdhndbxaioijmb3jjzvnlyxjjadpwcmvkawn0zwrszxn1bhrzin0simnvbnrlehqionsirklmvevsuyi6e30sinnlyxjjafnvdxjjzsi6ikftu0ltvefovf9esufmt0cilcjkaxnhymxlsw50zw50uxvlcnkiomzhbhnllcjkaxnhymxlu3blbgxdb3jyzwn0aw9uijpmywxzzswic2vhcmnorglhbg9nu2vzc2lvbklkijoingq5zmuwymetzjnmzi1jnzqxltcxyjetmjuzmza3owu2mtmyiiwizgvidwdjbmzvijp7imfwce5hbwuioijjq2fyx1nlcnzpy2vfq29uc29szsisimfwcfr5cguioijdb25zb2xliiwiyxbwtmftzxnwywnlijoiyyisimxvy2f0aw9uijoizm9yy2u6b2jqzwn0sg9tzurlc2t0b3ailcjzb2jqzwn0vhlwzsi6iknvbw1pdhrlzv9fyyj9fswiz3jvdxbjzci6ikrfrkfvtfqifswic3rhdguiont9fq%3d%3d</small> </font> </div>
<div class="test-event"> <font color="maroon"> <small> &emsp; &emsp;--- 15 Oct 12:14:24 908 - <b>0</b> - Page Load Wait: (Sync) - ICar.support.Utils.waitForPageLoad(Utils.java:109)</small> </font> </div>
<div class="test-event"> <font color="maroon"> <small> &emsp; &emsp;--- 15 Oct 12:14:24 968 - Element is displayed:: [[ChromeDriver: chrome on WINDOWS (3159bbed5dee40441d314aed005e1fdc)] -> xpath: //a[@title='Top Results']//span[text()='Top Results']]</small> </font> </div>
<div class="test-event"> <font color="maroon"> <small> &emsp; &emsp;--- 15 Oct 12:14:25 374 - Page URL:: https://i-car--staging.sandbox.lightning.force.com/one/one.app#eyjjb21wb25lbnrezwyioijmb3jjzvnlyxjjadpzzwfyy2hqywdlrgvza3rvccisimf0dhjpynv0zxmionsidgvybsi6iji0mtm2odyilcjzy29wzu1hcci6eyj0exblijoive9qx1jfu1vmvfmilcjuyw1lc3bhy2uioiiilcjsywjlbci6ilrvccbszxn1bhrziiwibgfizwxqbhvyywwioijub3agumvzdwx0cyisinjlc3vsdhndbxaioijmb3jjzvnlyxjjadpwcmvkawn0zwrszxn1bhrzin0simnvbnrlehqionsirklmvevsuyi6e30sinnlyxjjafnvdxjjzsi6ikftu0ltvefovf9esufmt0cilcjkaxnhymxlsw50zw50uxvlcnkiomzhbhnllcjkaxnhymxlu3blbgxdb3jyzwn0aw9uijpmywxzzswic2vhcmnorglhbg9nu2vzc2lvbklkijoingq5zmuwymetzjnmzi1jnzqxltcxyjetmjuzmza3owu2mtmyiiwizgvidwdjbmzvijp7imfwce5hbwuioijjq2fyx1nlcnzpy2vfq29uc29szsisimfwcfr5cguioijdb25zb2xliiwiyxbwtmftzxnwywnlijoiyyisimxvy2f0aw9uijoizm9yy2u6b2jqzwn0sg9tzurlc2t0b3ailcjzb2jqzwn0vhlwzsi6iknvbw1pdhrlzv9fyyj9fswiz3jvdxbjzci6ikrfrkfvtfqifswic3rhdguiont9fq%3d%3d</small> </font> </div>
<div class="test-event"> <font color="maroon"> <small> &emsp; &emsp;--- 15 Oct 12:14:25 374 - <b>0</b> - Page Load Wait: (Sync) - ICar.support.Utils.waitForPageLoad(Utils.java:109)</small> </font> </div>
<div class="test-event"> <font color="maroon"> <small> &emsp; &emsp;--- 15 Oct 12:14:30 670 - Catched spinner load exception due to Expected condition failed: waiting for ICar.support.WaitUtils$4@3e310ae5 (tried for 5 second(s) with 500 milliseconds interval)</small> </font> </div>
<div class="test-event"> <font color="maroon"> <small> &emsp; &emsp;--- 15 Oct 12:14:30 671 - <b>5</b> - Spinner Load Wait: (Sync) - ICar.support.WaitUtils.waitForSpinner(WaitUtils.java:225)</small> </font> </div>
<div class="test-event"> <font color="maroon"> <small> &emsp; &emsp;--- 15 Oct 12:14:31 353 - Page URL:: https://i-car--staging.sandbox.lightning.force.com/one/one.app#eyjjb21wb25lbnrezwyioijmb3jjzvnlyxjjadpzzwfyy2hqywdlrgvza3rvccisimf0dhjpynv0zxmionsidgvybsi6iji0mtm2odyilcjzy29wzu1hcci6eyj0exblijoive9qx1jfu1vmvfmilcjuyw1lc3bhy2uioiiilcjsywjlbci6ilrvccbszxn1bhrziiwibgfizwxqbhvyywwioijub3agumvzdwx0cyisinjlc3vsdhndbxaioijmb3jjzvnlyxjjadpwcmvkawn0zwrszxn1bhrzin0simnvbnrlehqionsirklmvevsuyi6e30sinnlyxjjafnvdxjjzsi6ikftu0ltvefovf9esufmt0cilcjkaxnhymxlsw50zw50uxvlcnkiomzhbhnllcjkaxnhymxlu3blbgxdb3jyzwn0aw9uijpmywxzzswic2vhcmnorglhbg9nu2vzc2lvbklkijoingq5zmuwymetzjnmzi1jnzqxltcxyjetmjuzmza3owu2mtmyiiwizgvidwdjbmzvijp7imfwce5hbwuioijjq2fyx1nlcnzpy2vfq29uc29szsisimfwcfr5cguioijdb25zb2xliiwiyxbwtmftzxnwywnlijoiyyisimxvy2f0aw9uijoizm9yy2u6b2jqzwn0sg9tzurlc2t0b3ailcjzb2jqzwn0vhlwzsi6iknvbw1pdhrlzv9fyyj9fswiz3jvdxbjzci6ikrfrkfvtfqifswic3rhdguiont9fq%3d%3d</small> </font> </div>
<div class="test-event"> <font color="maroon"> <small> &emsp; &emsp;--- 15 Oct 12:14:31 353 - <b>0</b> - Page Load Wait: (Sync) - ICar.support.Utils.waitForPageLoad(Utils.java:109)</small> </font> </div>
<div class="test-event"> <font color="maroon"> <small> &emsp; &emsp;--- 15 Oct 12:14:32 034 - Page URL:: https://i-car--staging.sandbox.lightning.force.com/one/one.app#eyjjb21wb25lbnrezwyioijmb3jjzvnlyxjjadpzzwfyy2hqywdlrgvza3rvccisimf0dhjpynv0zxmionsidgvybsi6iji0mtm2odyilcjzy29wzu1hcci6eyj0exblijoive9qx1jfu1vmvfmilcjuyw1lc3bhy2uioiiilcjsywjlbci6ilrvccbszxn1bhrziiwibgfizwxqbhvyywwioijub3agumvzdwx0cyisinjlc3vsdhndbxaioijmb3jjzvnlyxjjadpwcmvkawn0zwrszxn1bhrzin0simnvbnrlehqionsirklmvevsuyi6e30sinnlyxjjafnvdxjjzsi6ikftu0ltvefovf9esufmt0cilcjkaxnhymxlsw50zw50uxvlcnkiomzhbhnllcjkaxnhymxlu3blbgxdb3jyzwn0aw9uijpmywxzzswic2vhcmnorglhbg9nu2vzc2lvbklkijoingq5zmuwymetzjnmzi1jnzqxltcxyjetmjuzmza3owu2mtmyiiwizgvidwdjbmzvijp7imfwce5hbwuioijjq2fyx1nlcnzpy2vfq29uc29szsisimfwcfr5cguioijdb25zb2xliiwiyxbwtmftzxnwywnlijoiyyisimxvy2f0aw9uijoizm9yy2u6b2jqzwn0sg9tzurlc2t0b3ailcjzb2jqzwn0vhlwzsi6iknvbw1pdhrlzv9fyyj9fswiz3jvdxbjzci6ikrfrkfvtfqifswic3rhdguiont9fq%3d%3d</small> </font> </div>
<div class="test-event"> <font color="maroon"> <small> &emsp; &emsp;--- 15 Oct 12:14:32 034 - <b>0</b> - Page Load Wait: (Sync) - ICar.support.Utils.waitForPageLoad(Utils.java:109)</small> </font> </div>
<div class="test-event"> <font color="maroon"> <small> &emsp; &emsp;--- 15 Oct 12:14:32 695 - Page URL:: https://i-car--staging.sandbox.lightning.force.com/one/one.app#eyjjb21wb25lbnrezwyioijmb3jjzvnlyxjjadpzzwfyy2hqywdlrgvza3rvccisimf0dhjpynv0zxmionsidgvybsi6iji0mtm2odyilcjzy29wzu1hcci6eyj0exblijoive9qx1jfu1vmvfmilcjuyw1lc3bhy2uioiiilcjsywjlbci6ilrvccbszxn1bhrziiwibgfizwxqbhvyywwioijub3agumvzdwx0cyisinjlc3vsdhndbxaioijmb3jjzvnlyxjjadpwcmvkawn0zwrszxn1bhrzin0simnvbnrlehqionsirklmvevsuyi6e30sinnlyxjjafnvdxjjzsi6ikftu0ltvefovf9esufmt0cilcjkaxnhymxlsw50zw50uxvlcnkiomzhbhnllcjkaxnhymxlu3blbgxdb3jyzwn0aw9uijpmywxzzswic2vhcmnorglhbg9nu2vzc2lvbklkijoingq5zmuwymetzjnmzi1jnzqxltcxyjetmjuzmza3owu2mtmyiiwizgvidwdjbmzvijp7imfwce5hbwuioijjq2fyx1nlcnzpy2vfq29uc29szsisimfwcfr5cguioijdb25zb2xliiwiyxbwtmftzxnwywnlijoiyyisimxvy2f0aw9uijoizm9yy2u6b2jqzwn0sg9tzurlc2t0b3ailcjzb2jqzwn0vhlwzsi6iknvbw1pdhrlzv9fyyj9fswiz3jvdxbjzci6ikrfrkfvtfqifswic3rhdguiont9fq%3d%3d</small> </font> </div>
<div class="test-event"> <font color="maroon"> <small> &emsp; &emsp;--- 15 Oct 12:14:32 695 - <b>0</b> - Page Load Wait: (Sync) - ICar.support.Utils.waitForPageLoad(Utils.java:109)</small> </font> </div>
<div class="test-event"> <font color="maroon"> <small> &emsp; &emsp;--- 15 Oct 12:14:41 209 - Catched spinner load exception due to Expected condition failed: waiting for ICar.support.WaitUtils$4@3e310ae5 (tried for 8 second(s) with 500 milliseconds interval)</small> </font> </div>
<div class="test-event"> <font color="maroon"> <small> &emsp; &emsp;--- 15 Oct 12:14:41 209 - <b>8</b> - Spinner Load Wait: (Sync) - ICar.support.WaitUtils.waitForSpinner(WaitUtils.java:225)</small> </font> </div>
<div class="test-event"> <font color="maroon"> <small> &emsp; &emsp;--- 15 Oct 12:14:41 930 - Page URL:: https://i-car--staging.sandbox.lightning.force.com/one/one.app#eyjjb21wb25lbnrezwyioijmb3jjzvnlyxjjadpzzwfyy2hqywdlrgvza3rvccisimf0dhjpynv0zxmionsidgvybsi6iji0mtm2odyilcjzy29wzu1hcci6eyj0exblijoive9qx1jfu1vmvfmilcjuyw1lc3bhy2uioiiilcjsywjlbci6ilrvccbszxn1bhrziiwibgfizwxqbhvyywwioijub3agumvzdwx0cyisinjlc3vsdhndbxaioijmb3jjzvnlyxjjadpwcmvkawn0zwrszxn1bhrzin0simnvbnrlehqionsirklmvevsuyi6e30sinnlyxjjafnvdxjjzsi6ikftu0ltvefovf9esufmt0cilcjkaxnhymxlsw50zw50uxvlcnkiomzhbhnllcjkaxnhymxlu3blbgxdb3jyzwn0aw9uijpmywxzzswic2vhcmnorglhbg9nu2vzc2lvbklkijoingq5zmuwymetzjnmzi1jnzqxltcxyjetmjuzmza3owu2mtmyiiwizgvidwdjbmzvijp7imfwce5hbwuioijjq2fyx1nlcnzpy2vfq29uc29szsisimfwcfr5cguioijdb25zb2xliiwiyxbwtmftzxnwywnlijoiyyisimxvy2f0aw9uijoizm9yy2u6b2jqzwn0sg9tzurlc2t0b3ailcjzb2jqzwn0vhlwzsi6iknvbw1pdhrlzv9fyyj9fswiz3jvdxbjzci6ikrfrkfvtfqifswic3rhdguiont9fq%3d%3d</small> </font> </div>
<div class="test-event"> <font color="maroon"> <small> &emsp; &emsp;--- 15 Oct 12:14:41 930 - <b>0</b> - Page Load Wait: (Sync) - ICar.support.Utils.waitForPageLoad(Utils.java:109)</small> </font> </div>
<div class="test-event"> <font color="maroon"> <small> &emsp; &emsp;--- 15 Oct 12:14:44 068 - Element is displayed:: [[ChromeDriver: chrome on WINDOWS (3159bbed5dee40441d314aed005e1fdc)] -> xpath: //div[contains(@class,'forceSearchResultsRegion')]//div[contains(@class,'resultsMultiWrapper')]/div/div[1]//following::h2//a]</small> </font> </div>
<div class="test-event"> <font color="maroon"> <small> &emsp; &emsp;--- 15 Oct 12:14:44 260 - Element is displayed:: [[ChromeDriver: chrome on WINDOWS (3159bbed5dee40441d314aed005e1fdc)] -> xpath: //a[text()='Contacts']]</small> </font> </div>
<div class="test-event"> <font color="maroon"> <small> &emsp; &emsp;--- 15 Oct 12:14:48 545 - Element is displayed:: [[ChromeDriver: chrome on WINDOWS (3159bbed5dee40441d314aed005e1fdc)] -> xpath: //div[text()='Contacts']//following :: table//tbody//th//span /a]</small> </font> </div>
<div class="test-message">&emsp;4.Enter ICAR ID  2413686</div>
<div class="test-event"> <font color="maroon"> <small> &emsp; &emsp;--- 15 Oct 12:15:03 964 - Catched spinner load exception due to Expected condition failed: waiting for ICar.support.WaitUtils$4@3e310ae5 (tried for 15 second(s) with 500 milliseconds interval)</small> </font> </div>
<div class="test-event"> <font color="maroon"> <small> &emsp; &emsp;--- 15 Oct 12:15:03 964 - <b>15</b> - Spinner Load Wait: (Sync) - ICar.support.WaitUtils.waitForSpinner(WaitUtils.java:225)</small> </font> </div>
<div class="test-event"> <font color="maroon"> <small> &emsp; &emsp;--- 15 Oct 12:15:04 586 - Page URL:: https://i-car--staging.sandbox.lightning.force.com/lightning/r/contact/0031i00000oerqyqaq/view</small> </font> </div>
<div class="test-event"> <font color="maroon"> <small> &emsp; &emsp;--- 15 Oct 12:15:04 586 - <b>0</b> - Page Load Wait: (Sync) - ICar.support.Utils.waitForPageLoad(Utils.java:109)</small> </font> </div>
<div class="test-event"> <font color="maroon"> <small> &emsp; &emsp;--- 15 Oct 12:15:19 940 - Catched spinner load exception due to Expected condition failed: waiting for ICar.support.WaitUtils$4@3e310ae5 (tried for 15 second(s) with 500 milliseconds interval)</small> </font> </div>
<div class="test-event"> <font color="maroon"> <small> &emsp; &emsp;--- 15 Oct 12:15:19 940 - <b>15</b> - Spinner Load Wait: (Sync) - ICar.support.WaitUtils.waitForSpinner(WaitUtils.java:225)</small> </font> </div>
<div class="test-event"> <font color="maroon"> <small> &emsp; &emsp;--- 15 Oct 12:15:20 136 - Element is displayed:: [[ChromeDriver: chrome on WINDOWS (3159bbed5dee40441d314aed005e1fdc)] -> xpath: //button[text()='Access Shopping Cart - New']]</small> </font> </div>
<div class="test-event"> <font color="maroon"> <small> &emsp; &emsp;--- 15 Oct 12:15:22 242 - Element is displayed:: [[ChromeDriver: chrome on WINDOWS (3159bbed5dee40441d314aed005e1fdc)] -> xpath: //button[text()='Access Shopping Cart - New']]</small> </font> </div>
<div class="test-event"> <font color="maroon"> <small> &emsp; &emsp;--- 15 Oct 12:15:31 054 - Page URL:: https://i-car--staging.sandbox.lightning.force.com/lightning/r/contact/0031i00000oerqyqaq/view</small> </font> </div>
<div class="test-event"> <font color="maroon"> <small> &emsp; &emsp;--- 15 Oct 12:15:31 054 - <b>0</b> - Page Load Wait: (Sync) - ICar.support.Utils.waitForPageLoad(Utils.java:109)</small> </font> </div>
<div class="test-event"> <font color="maroon"> <small> &emsp; &emsp;--- 15 Oct 12:15:55 470 - Catched spinner load exception due to Expected condition failed: waiting for ICar.support.WaitUtils$4@3e310ae5 (tried for 10 second(s) with 500 milliseconds interval)</small> </font> </div>
<div class="test-event"> <font color="maroon"> <small> &emsp; &emsp;--- 15 Oct 12:15:55 470 - <b>10</b> - Spinner Load Wait: (Sync) - ICar.support.WaitUtils.waitForSpinner(WaitUtils.java:225)</small> </font> </div>
<div class="test-event"> <font color="maroon"> <small> &emsp; &emsp;--- 15 Oct 12:15:55 546 - Element is displayed:: [[ChromeDriver: chrome on WINDOWS (3159bbed5dee40441d314aed005e1fdc)] -> xpath: //button[@value='Launch My Learning']]</small> </font> </div>
<div class="test-message">&emsp;5. Clicked the 'Access Shoping cart'  & Navigated to the user home page.</div>
<div class="test-message">&emsp;Successfully verified-Access committee portal link not displayed on portal</div>
<div class="test-result"><br><font color="green"><strong> Test Passed. </strong></font> </div>&emsp;
&emsp;<div class="test-title"> <strong><font size = "3" color = "#0000FF">---Test Execution Ends---</font> </strong> </div>&emsp;
<div class="test-event"> <font color="maroon"> <small> &emsp; &emsp;--- 15 Oct 12:16:01 071 - TestCaseID:: B2B1054_TC01</small> </font> </div>
<div class="test-event"> <font color="maroon"> <small> &emsp; &emsp;--- 15 Oct 12:16:02 296 - <b>1</b> - Driver::initialize::Get - ICar.support.WebDriverFactory.getDriver(WebDriverFactory.java:640)</small> </font> </div>
&emsp;<div class="test-title"> <strong><font size = "3" color = "#000080">Verify the “Navigation panel” is displayed in the bottom of the main committee page</font> </strong> </div>&emsp;<div><strong>Steps:</strong></div><!-- Report -->&emsp;
<div class="test-event"> <font color="maroon"> <small> &emsp; &emsp;--- 15 Oct 12:16:11 191 - Page URL:: https://i-car--staging.sandbox.my.salesforce.com/</small> </font> </div>
<div class="test-event"> <font color="maroon"> <small> &emsp; &emsp;--- 15 Oct 12:16:11 191 - <b>0</b> - Page Load Wait: (Sync) - ICar.support.Utils.waitForPageLoad(Utils.java:109)</small> </font> </div>
<div class="test-event"> <font color="maroon"> <small> &emsp; &emsp;--- 15 Oct 12:16:24 777 - Page URL:: https://i-car--staging.sandbox.my.salesforce.com/</small> </font> </div>
<div class="test-event"> <font color="maroon"> <small> &emsp; &emsp;--- 15 Oct 12:16:24 777 - <b>0</b> - Page Load Wait: (Sync) - ICar.support.Utils.waitForPageLoad(Utils.java:109)</small> </font> </div>
<div class="test-message">&emsp;Successfully navigated to 'Login' Page&emsp;<a href=".\ScreenShot\B2B1054_TC01_1256779856206900.png" target="_blank" >[ScreenShot]</a></div>
<div class="test-message">&emsp;1. Login page is launched.</div>
<div class="test-event"> <font color="maroon"> <small> &emsp; &emsp;--- 15 Oct 12:16:25 147 - Element is displayed:: [[ChromeDriver: chrome on WINDOWS (91de8402f6de9bfd8ddcd2280d5ae71a)] -> id: username]</small> </font> </div>
<div class="test-event"> <font color="maroon"> <small> &emsp; &emsp;--- 15 Oct 12:16:25 222 - Element is displayed:: [[ChromeDriver: chrome on WINDOWS (91de8402f6de9bfd8ddcd2280d5ae71a)] -> id: username]</small> </font> </div>
<div class="test-event"> <font color="maroon"> <small> &emsp; &emsp;--- 15 Oct 12:16:25 495 - Element is displayed:: [[ChromeDriver: chrome on WINDOWS (91de8402f6de9bfd8ddcd2280d5ae71a)] -> id: password]</small> </font> </div>
<div class="test-event"> <font color="maroon"> <small> &emsp; &emsp;--- 15 Oct 12:16:25 694 - Element is displayed:: [[ChromeDriver: chrome on WINDOWS (91de8402f6de9bfd8ddcd2280d5ae71a)] -> id: Login]</small> </font> </div>
<div class="test-event"> <font color="maroon"> <small> &emsp; &emsp;--- 15 Oct 12:16:56 376 - Catched spinner load exception due to Expected condition failed: waiting for ICar.support.WaitUtils$4@3e310ae5 (tried for 13 second(s) with 500 milliseconds interval)</small> </font> </div>
<div class="test-event"> <font color="maroon"> <small> &emsp; &emsp;--- 15 Oct 12:16:56 376 - <b>13</b> - Spinner Load Wait: (Sync) - ICar.support.WaitUtils.waitForSpinner(WaitUtils.java:225)</small> </font> </div>
<div class="test-event"> <font color="maroon"> <small> &emsp; &emsp;--- 15 Oct 12:17:15 240 - Catched spinner load exception due to Expected condition failed: waiting for ICar.support.WaitUtils$4@3e310ae5 (tried for 6 second(s) with 500 milliseconds interval)</small> </font> </div>
<div class="test-event"> <font color="maroon"> <small> &emsp; &emsp;--- 15 Oct 12:17:15 240 - <b>6</b> - Spinner Load Wait: (Sync) - ICar.support.WaitUtils.waitForSpinner(WaitUtils.java:225)</small> </font> </div>
<div class="test-event"> <font color="maroon"> <small> &emsp; &emsp;--- 15 Oct 12:17:15 323 - Element is displayed:: [[ChromeDriver: chrome on WINDOWS (91de8402f6de9bfd8ddcd2280d5ae71a)] -> css selector: button[class*='search-button']]</small> </font> </div>
<div class="test-message">&emsp;2. Navigate to 'SalesForce Page'</div>
<div class="test-event"> <font color="maroon"> <small> &emsp; &emsp;--- 15 Oct 12:17:15 762 - Page URL:: https://i-car--staging.sandbox.lightning.force.com/lightning/r/contact/0031i00000oerqyqaq/view</small> </font> </div>
<div class="test-event"> <font color="maroon"> <small> &emsp; &emsp;--- 15 Oct 12:17:15 762 - <b>0</b> - Page Load Wait: (Sync) - ICar.support.Utils.waitForPageLoad(Utils.java:109)</small> </font> </div>
<div class="test-event"> <font color="maroon"> <small> &emsp; &emsp;--- 15 Oct 12:17:21 373 - Page URL:: https://i-car--staging.sandbox.lightning.force.com/lightning/r/contact/0031i00000oerqyqaq/view</small> </font> </div>
<div class="test-event"> <font color="maroon"> <small> &emsp; &emsp;--- 15 Oct 12:17:21 373 - <b>0</b> - Page Load Wait: (Sync) - ICar.support.Utils.waitForPageLoad(Utils.java:109)</small> </font> </div>
<div class="test-message">&emsp;Close the tab</div>
<div class="test-message">&emsp;Successfully navigated to 'Login' Page&emsp;<a href=".\ScreenShot\B2B1054_TC01_1256841753586400.png" target="_blank" >[ScreenShot]</a></div>
<div class="test-event"> <font color="maroon"> <small> &emsp; &emsp;--- 15 Oct 12:17:32 181 - Catched spinner load exception due to Expected condition failed: waiting for ICar.support.WaitUtils$4@3e310ae5 (tried for 5 second(s) with 500 milliseconds interval)</small> </font> </div>
<div class="test-event"> <font color="maroon"> <small> &emsp; &emsp;--- 15 Oct 12:17:32 181 - <b>5</b> - Spinner Load Wait: (Sync) - ICar.support.WaitUtils.waitForSpinner(WaitUtils.java:225)</small> </font> </div>
<div class="test-event"> <font color="maroon"> <small> &emsp; &emsp;--- 15 Oct 12:17:32 351 - Page URL:: https://i-car--staging.sandbox.lightning.force.com/lightning/o/committee__c/list?filtername=__recent</small> </font> </div>
<div class="test-event"> <font color="maroon"> <small> &emsp; &emsp;--- 15 Oct 12:17:32 351 - <b>0</b> - Page Load Wait: (Sync) - ICar.support.Utils.waitForPageLoad(Utils.java:109)</small> </font> </div>
<div class="test-event"> <font color="maroon"> <small> &emsp; &emsp;--- 15 Oct 12:17:32 429 - Element is displayed:: [[ChromeDriver: chrome on WINDOWS (91de8402f6de9bfd8ddcd2280d5ae71a)] -> xpath: //div[contains(@class,'appLauncher ')]//button]</small> </font> </div>
<div class="test-event"> <font color="maroon"> <small> &emsp; &emsp;--- 15 Oct 12:17:32 518 - Element is displayed:: [[ChromeDriver: chrome on WINDOWS (91de8402f6de9bfd8ddcd2280d5ae71a)] -> xpath: //div[contains(@class,'appLauncher ')]//button]</small> </font> </div>
<div class="test-event"> <font color="maroon"> <small> &emsp; &emsp;--- 15 Oct 12:17:34 270 - Element is displayed:: [[ChromeDriver: chrome on WINDOWS (91de8402f6de9bfd8ddcd2280d5ae71a)] -> xpath: //input[@placeholder='Search apps and items...']]</small> </font> </div>
<div class="test-event"> <font color="maroon"> <small> &emsp; &emsp;--- 15 Oct 12:17:34 328 - Element is displayed:: [[ChromeDriver: chrome on WINDOWS (91de8402f6de9bfd8ddcd2280d5ae71a)] -> xpath: //input[@placeholder='Search apps and items...']]</small> </font> </div>
<div class="test-event"> <font color="maroon"> <small> &emsp; &emsp;--- 15 Oct 12:17:37 617 - Element is displayed:: [[ChromeDriver: chrome on WINDOWS (91de8402f6de9bfd8ddcd2280d5ae71a)] -> xpath: //lightning-formatted-rich-text/span/p/b[text()='Committees']]</small> </font> </div>
<div class="test-event"> <font color="maroon"> <small> &emsp; &emsp;--- 15 Oct 12:17:40 660 - Element is displayed:: [[ChromeDriver: chrome on WINDOWS (91de8402f6de9bfd8ddcd2280d5ae71a)] -> xpath: //lightning-formatted-rich-text/span/p/b[text()='Committees']]</small> </font> </div>
<div class="test-event"> <font color="maroon"> <small> &emsp; &emsp;--- 15 Oct 12:17:40 996 - Page URL:: https://i-car--staging.sandbox.lightning.force.com/lightning/o/committee__c/home</small> </font> </div>
<div class="test-event"> <font color="maroon"> <small> &emsp; &emsp;--- 15 Oct 12:17:40 996 - <b>0</b> - Page Load Wait: (Sync) - ICar.support.Utils.waitForPageLoad(Utils.java:109)</small> </font> </div>
<div class="test-event"> <font color="maroon"> <small> &emsp; &emsp;--- 15 Oct 12:17:46 197 - Catched spinner load exception due to Expected condition failed: waiting for ICar.support.WaitUtils$4@3e310ae5 (tried for 5 second(s) with 500 milliseconds interval)</small> </font> </div>
<div class="test-event"> <font color="maroon"> <small> &emsp; &emsp;--- 15 Oct 12:17:46 197 - <b>5</b> - Spinner Load Wait: (Sync) - ICar.support.WaitUtils.waitForSpinner(WaitUtils.java:225)</small> </font> </div>
<div class="test-event"> <font color="maroon"> <small> &emsp; &emsp;--- 15 Oct 12:17:46 416 - Page URL:: https://i-car--staging.sandbox.lightning.force.com/lightning/o/committee__c/list?filtername=__recent</small> </font> </div>
<div class="test-event"> <font color="maroon"> <small> &emsp; &emsp;--- 15 Oct 12:17:46 416 - <b>0</b> - Page Load Wait: (Sync) - ICar.support.Utils.waitForPageLoad(Utils.java:109)</small> </font> </div>
<div class="test-event"> <font color="maroon"> <small> &emsp; &emsp;--- 15 Oct 12:17:46 473 - Element is displayed:: [[ChromeDriver: chrome on WINDOWS (91de8402f6de9bfd8ddcd2280d5ae71a)] -> xpath: //div[contains(@class,'appLauncher ')]//button]</small> </font> </div>
<div class="test-event"> <font color="maroon"> <small> &emsp; &emsp;--- 15 Oct 12:17:46 525 - Element is displayed:: [[ChromeDriver: chrome on WINDOWS (91de8402f6de9bfd8ddcd2280d5ae71a)] -> xpath: //div[contains(@class,'appLauncher ')]//button]</small> </font> </div>
<div class="test-event"> <font color="maroon"> <small> &emsp; &emsp;--- 15 Oct 12:17:47 244 - Element is displayed:: [[ChromeDriver: chrome on WINDOWS (91de8402f6de9bfd8ddcd2280d5ae71a)] -> xpath: //input[@placeholder='Search apps and items...']]</small> </font> </div>
<div class="test-event"> <font color="maroon"> <small> &emsp; &emsp;--- 15 Oct 12:17:47 309 - Element is displayed:: [[ChromeDriver: chrome on WINDOWS (91de8402f6de9bfd8ddcd2280d5ae71a)] -> xpath: //input[@placeholder='Search apps and items...']]</small> </font> </div>
<div class="test-event"> <font color="maroon"> <small> &emsp; &emsp;--- 15 Oct 12:17:50 739 - Element is displayed:: [[ChromeDriver: chrome on WINDOWS (91de8402f6de9bfd8ddcd2280d5ae71a)] -> xpath: //lightning-formatted-rich-text/span/p/b[text()='Committee Members']]</small> </font> </div>
<div class="test-event"> <font color="maroon"> <small> &emsp; &emsp;--- 15 Oct 12:17:53 774 - Element is displayed:: [[ChromeDriver: chrome on WINDOWS (91de8402f6de9bfd8ddcd2280d5ae71a)] -> xpath: //lightning-formatted-rich-text/span/p/b[text()='Committee Members']]</small> </font> </div>
<div class="test-event"> <font color="maroon"> <small> &emsp; &emsp;--- 15 Oct 12:17:54 248 - Page URL:: https://i-car--staging.sandbox.lightning.force.com/lightning/o/committee_member__c/home</small> </font> </div>
<div class="test-event"> <font color="maroon"> <small> &emsp; &emsp;--- 15 Oct 12:17:54 248 - <b>0</b> - Page Load Wait: (Sync) - ICar.support.Utils.waitForPageLoad(Utils.java:109)</small> </font> </div>
<div class="test-message">&emsp;3. Enter the AccountName as : Alessandra Acosta:540-0799 El Paso, TX</div>
<div class="test-event"> <font color="maroon"> <small> &emsp; &emsp;--- 15 Oct 12:17:54 464 - Page URL:: https://i-car--staging.sandbox.lightning.force.com/lightning/o/committee_member__c/home</small> </font> </div>
<div class="test-event"> <font color="maroon"> <small> &emsp; &emsp;--- 15 Oct 12:17:54 464 - <b>0</b> - Page Load Wait: (Sync) - ICar.support.Utils.waitForPageLoad(Utils.java:109)</small> </font> </div>
<div class="test-event"> <font color="maroon"> <small> &emsp; &emsp;--- 15 Oct 12:17:54 588 - Element is displayed:: [[ChromeDriver: chrome on WINDOWS (91de8402f6de9bfd8ddcd2280d5ae71a)] -> css selector: button[class*='search-button']]</small> </font> </div>
<div class="test-event"> <font color="maroon"> <small> &emsp; &emsp;--- 15 Oct 12:17:56 714 - Catched spinner load exception due to Expected condition failed: waiting for ICar.support.WaitUtils$4@3e310ae5 (tried for 2 second(s) with 500 milliseconds interval)</small> </font> </div>
<div class="test-event"> <font color="maroon"> <small> &emsp; &emsp;--- 15 Oct 12:17:56 714 - <b>2</b> - Spinner Load Wait: (Sync) - ICar.support.WaitUtils.waitForSpinner(WaitUtils.java:225)</small> </font> </div>
<div class="test-event"> <font color="maroon"> <small> &emsp; &emsp;--- 15 Oct 12:17:59 821 - Element is displayed:: [[ChromeDriver: chrome on WINDOWS (91de8402f6de9bfd8ddcd2280d5ae71a)] -> css selector: button[class*='search-button']]</small> </font> </div>
<div class="test-event"> <font color="maroon"> <small> &emsp; &emsp;--- 15 Oct 12:18:00 356 - Page URL:: https://i-car--staging.sandbox.lightning.force.com/lightning/o/committee_member__c/home</small> </font> </div>
<div class="test-event"> <font color="maroon"> <small> &emsp; &emsp;--- 15 Oct 12:18:00 357 - <b>0</b> - Page Load Wait: (Sync) - ICar.support.Utils.waitForPageLoad(Utils.java:109)</small> </font> </div>
<div class="test-event"> <font color="maroon"> <small> &emsp; &emsp;--- 15 Oct 12:18:17 331 - Catched spinner load exception due to Expected condition failed: waiting for ICar.support.WaitUtils$4@3e310ae5 (tried for 10 second(s) with 500 milliseconds interval)</small> </font> </div>
<div class="test-event"> <font color="maroon"> <small> &emsp; &emsp;--- 15 Oct 12:18:17 332 - <b>10</b> - Spinner Load Wait: (Sync) - ICar.support.WaitUtils.waitForSpinner(WaitUtils.java:225)</small> </font> </div>
<div class="test-event"> <font color="maroon"> <small> &emsp; &emsp;--- 15 Oct 12:18:17 657 - Page URL:: https://i-car--staging.sandbox.lightning.force.com/one/one.app#eyjjb21wb25lbnrezwyioijmb3jjzvnlyxjjadpzzwfyy2hqywdlrgvza3rvccisimf0dhjpynv0zxmionsidgvybsi6ikfszxnzyw5kcmegqwnvc3rhoju0mc0wnzk5ievsifbhc28sifryiiwic2nvcgvnyxaionsidhlwzsi6ilrpuf9srvnvtfrtiiwibmftzxnwywnlijoiiiwibgfizwwioijub3agumvzdwx0cyisimxhymvsugx1cmfsijoivg9wifjlc3vsdhmilcjyzxn1bhrzq21wijoizm9yy2vtzwfyy2g6chjlzgljdgvkumvzdwx0cyj9lcjjb250zxh0ijp7ikzjtfrfulmiont9lcjzzwfyy2htb3vyy2uioijbu1nju1rbtlrfrelbte9hiiwizglzywjszuludgvudff1zxj5ijpmywxzzswizglzywjszvnwzwxsq29ycmvjdglvbii6zmfsc2usinnlyxjjaerpywxvz1nlc3npb25jzci6ijk0zmfhytdjltbmmtatyzvlnc1jnwflltm5othlnmuxmdg2ocisimrlynvnsw5mbyi6eyjhchboyw1lijoisunhcl9tzxj2awnlx0nvbnnvbguilcjhchbuexblijoiq29uc29szsisimfwce5hbwvzcgfjzsi6immilcjsb2nhdglvbii6imzvcmnlom9iamvjdehvbwvezxnrdg9wiiwic29iamvjdfr5cguioijdb21taxr0zwvftwvtymvyx19jin19lcjncm91celkijoirevgqvvmvcj9lcjzdgf0zsi6e319</small> </font> </div>
<div class="test-event"> <font color="maroon"> <small> &emsp; &emsp;--- 15 Oct 12:18:17 657 - <b>0</b> - Page Load Wait: (Sync) - ICar.support.Utils.waitForPageLoad(Utils.java:109)</small> </font> </div>
<div class="test-event"> <font color="maroon"> <small> &emsp; &emsp;--- 15 Oct 12:18:17 976 - Page URL:: https://i-car--staging.sandbox.lightning.force.com/one/one.app#eyjjb21wb25lbnrezwyioijmb3jjzvnlyxjjadpzzwfyy2hqywdlrgvza3rvccisimf0dhjpynv0zxmionsidgvybsi6ikfszxnzyw5kcmegqwnvc3rhoju0mc0wnzk5ievsifbhc28sifryiiwic2nvcgvnyxaionsidhlwzsi6ilrpuf9srvnvtfrtiiwibmftzxnwywnlijoiiiwibgfizwwioijub3agumvzdwx0cyisimxhymvsugx1cmfsijoivg9wifjlc3vsdhmilcjyzxn1bhrzq21wijoizm9yy2vtzwfyy2g6chjlzgljdgvkumvzdwx0cyj9lcjjb250zxh0ijp7ikzjtfrfulmiont9lcjzzwfyy2htb3vyy2uioijbu1nju1rbtlrfrelbte9hiiwizglzywjszuludgvudff1zxj5ijpmywxzzswizglzywjszvnwzwxsq29ycmvjdglvbii6zmfsc2usinnlyxjjaerpywxvz1nlc3npb25jzci6ijk0zmfhytdjltbmmtatyzvlnc1jnwflltm5othlnmuxmdg2ocisimrlynvnsw5mbyi6eyjhchboyw1lijoisunhcl9tzxj2awnlx0nvbnnvbguilcjhchbuexblijoiq29uc29szsisimfwce5hbwvzcgfjzsi6immilcjsb2nhdglvbii6imzvcmnlom9iamvjdehvbwvezxnrdg9wiiwic29iamvjdfr5cguioijdb21taxr0zwvftwvtymvyx19jin19lcjncm91celkijoirevgqvvmvcj9lcjzdgf0zsi6e319</small> </font> </div>
<div class="test-event"> <font color="maroon"> <small> &emsp; &emsp;--- 15 Oct 12:18:17 976 - <b>0</b> - Page Load Wait: (Sync) - ICar.support.Utils.waitForPageLoad(Utils.java:109)</small> </font> </div>
<div class="test-event"> <font color="maroon"> <small> &emsp; &emsp;--- 15 Oct 12:18:28 021 - Catched spinner load exception due to Expected condition failed: waiting for ICar.support.WaitUtils$4@3e310ae5 (tried for 10 second(s) with 500 milliseconds interval)</small> </font> </div>
<div class="test-event"> <font color="maroon"> <small> &emsp; &emsp;--- 15 Oct 12:18:28 021 - <b>10</b> - Spinner Load Wait: (Sync) - ICar.support.WaitUtils.waitForSpinner(WaitUtils.java:225)</small> </font> </div>
<div class="test-event"> <font color="maroon"> <small> &emsp; &emsp;--- 15 Oct 12:18:28 063 - Element is displayed:: [[ChromeDriver: chrome on WINDOWS (91de8402f6de9bfd8ddcd2280d5ae71a)] -> css selector: div.forceSearchResultsRegion div.resultsMultiWrapper >div > div table tbody th a]</small> </font> </div>
<div class="test-event"> <font color="maroon"> <small> &emsp; &emsp;--- 15 Oct 12:18:28 158 - Element is displayed:: [[ChromeDriver: chrome on WINDOWS (91de8402f6de9bfd8ddcd2280d5ae71a)] -> css selector: div.forceSearchResultsRegion div.resultsMultiWrapper >div > div table tbody th a]</small> </font> </div>
<div class="test-event"> <font color="maroon"> <small> &emsp; &emsp;--- 15 Oct 12:18:28 633 - Page URL:: https://i-car--staging.sandbox.lightning.force.com/one/one.app#eyjjb21wb25lbnrezwyioijmb3jjzvnlyxjjadpzzwfyy2hqywdlrgvza3rvccisimf0dhjpynv0zxmionsidgvybsi6ikfszxnzyw5kcmegqwnvc3rhoju0mc0wnzk5ievsifbhc28sifryiiwic2nvcgvnyxaionsidhlwzsi6ilrpuf9srvnvtfrtiiwibmftzxnwywnlijoiiiwibgfizwwioijub3agumvzdwx0cyisimxhymvsugx1cmfsijoivg9wifjlc3vsdhmilcjyzxn1bhrzq21wijoizm9yy2vtzwfyy2g6chjlzgljdgvkumvzdwx0cyj9lcjjb250zxh0ijp7ikzjtfrfulmiont9lcjzzwfyy2htb3vyy2uioijbu1nju1rbtlrfrelbte9hiiwizglzywjszuludgvudff1zxj5ijpmywxzzswizglzywjszvnwzwxsq29ycmvjdglvbii6zmfsc2usinnlyxjjaerpywxvz1nlc3npb25jzci6ijk0zmfhytdjltbmmtatyzvlnc1jnwflltm5othlnmuxmdg2ocisimrlynvnsw5mbyi6eyjhchboyw1lijoisunhcl9tzxj2awnlx0nvbnnvbguilcjhchbuexblijoiq29uc29szsisimfwce5hbwvzcgfjzsi6immilcjsb2nhdglvbii6imzvcmnlom9iamvjdehvbwvezxnrdg9wiiwic29iamvjdfr5cguioijdb21taxr0zwvftwvtymvyx19jin19lcjncm91celkijoirevgqvvmvcj9lcjzdgf0zsi6e319</small> </font> </div>
<div class="test-event"> <font color="maroon"> <small> &emsp; &emsp;--- 15 Oct 12:18:28 633 - <b>0</b> - Page Load Wait: (Sync) - ICar.support.Utils.waitForPageLoad(Utils.java:109)</small> </font> </div>
<div class="test-message">&emsp;Role displayed Committee Officer</div>
<div class="test-message">&emsp;Successfully verified - Contact name Alessandra Veronica Acosta whose role displayed as Committee Officer</div>
<div class="test-event"> <font color="maroon"> <small> &emsp; &emsp;--- 15 Oct 12:18:33 941 - Page URL:: https://i-car--staging.sandbox.lightning.force.com/lightning/r/committee_member__c/a371i000000ir8rqaa/view</small> </font> </div>
<div class="test-event"> <font color="maroon"> <small> &emsp; &emsp;--- 15 Oct 12:18:33 941 - <b>0</b> - Page Load Wait: (Sync) - ICar.support.Utils.waitForPageLoad(Utils.java:109)</small> </font> </div>
<div class="test-event"> <font color="maroon"> <small> &emsp; &emsp;--- 15 Oct 12:18:39 252 - Page URL:: https://i-car--staging.sandbox.lightning.force.com/lightning/r/committee_member__c/a371i000000ir8rqaa/view</small> </font> </div>
<div class="test-event"> <font color="maroon"> <small> &emsp; &emsp;--- 15 Oct 12:18:39 252 - <b>0</b> - Page Load Wait: (Sync) - ICar.support.Utils.waitForPageLoad(Utils.java:109)</small> </font> </div>
<div class="test-event"> <font color="maroon"> <small> &emsp; &emsp;--- 15 Oct 12:18:43 663 - Page URL:: https://i-car--staging.sandbox.lightning.force.com/lightning/r/committee_member__c/a371i000000ir8rqaa/view</small> </font> </div>
<div class="test-event"> <font color="maroon"> <small> &emsp; &emsp;--- 15 Oct 12:18:43 664 - <b>0</b> - Page Load Wait: (Sync) - ICar.support.Utils.waitForPageLoad(Utils.java:109)</small> </font> </div>
<div class="test-event"> <font color="maroon"> <small> &emsp; &emsp;--- 15 Oct 12:18:43 730 - Element is displayed:: [[ChromeDriver: chrome on WINDOWS (91de8402f6de9bfd8ddcd2280d5ae71a)] -> css selector: button[class*='search-button']]</small> </font> </div>
<div class="test-event"> <font color="maroon"> <small> &emsp; &emsp;--- 15 Oct 12:18:45 761 - Catched spinner load exception due to Expected condition failed: waiting for ICar.support.WaitUtils$4@3e310ae5 (tried for 2 second(s) with 500 milliseconds interval)</small> </font> </div>
<div class="test-event"> <font color="maroon"> <small> &emsp; &emsp;--- 15 Oct 12:18:45 761 - <b>2</b> - Spinner Load Wait: (Sync) - ICar.support.WaitUtils.waitForSpinner(WaitUtils.java:225)</small> </font> </div>
<div class="test-event"> <font color="maroon"> <small> &emsp; &emsp;--- 15 Oct 12:18:48 833 - Element is displayed:: [[ChromeDriver: chrome on WINDOWS (91de8402f6de9bfd8ddcd2280d5ae71a)] -> css selector: button[class*='search-button']]</small> </font> </div>
<div class="test-event"> <font color="maroon"> <small> &emsp; &emsp;--- 15 Oct 12:18:49 607 - Page URL:: https://i-car--staging.sandbox.lightning.force.com/lightning/o/committee__c/list?filtername=__recent</small> </font> </div>
<div class="test-event"> <font color="maroon"> <small> &emsp; &emsp;--- 15 Oct 12:18:49 607 - <b>0</b> - Page Load Wait: (Sync) - ICar.support.Utils.waitForPageLoad(Utils.java:109)</small> </font> </div>
<div class="test-event"> <font color="maroon"> <small> &emsp; &emsp;--- 15 Oct 12:19:09 131 - Catched spinner load exception due to Expected condition failed: waiting for ICar.support.WaitUtils$4@3e310ae5 (tried for 10 second(s) with 500 milliseconds interval)</small> </font> </div>
<div class="test-event"> <font color="maroon"> <small> &emsp; &emsp;--- 15 Oct 12:19:09 131 - <b>10</b> - Spinner Load Wait: (Sync) - ICar.support.WaitUtils.waitForSpinner(WaitUtils.java:225)</small> </font> </div>
<div class="test-event"> <font color="maroon"> <small> &emsp; &emsp;--- 15 Oct 12:19:10 002 - Page URL:: https://i-car--staging.sandbox.lightning.force.com/one/one.app#eyjjb21wb25lbnrezwyioijmb3jjzvnlyxjjadpzzwfyy2hqywdlrgvza3rvccisimf0dhjpynv0zxmionsidgvybsi6iji2mtqzmdgilcjzy29wzu1hcci6eyj0exblijoive9qx1jfu1vmvfmilcjuyw1lc3bhy2uioiiilcjsywjlbci6ilrvccbszxn1bhrziiwibgfizwxqbhvyywwioijub3agumvzdwx0cyisinjlc3vsdhndbxaioijmb3jjzvnlyxjjadpwcmvkawn0zwrszxn1bhrzin0simnvbnrlehqionsirklmvevsuyi6e30sinnlyxjjafnvdxjjzsi6ikftu0ltvefovf9esufmt0cilcjkaxnhymxlsw50zw50uxvlcnkiomzhbhnllcjkaxnhymxlu3blbgxdb3jyzwn0aw9uijpmywxzzswic2vhcmnorglhbg9nu2vzc2lvbklkijoiytk0zjdimzctmgm2ni03ywfjlta4ogity2nkyme1mzjjmji2iiwizgvidwdjbmzvijp7imfwce5hbwuioijjq2fyx1nlcnzpy2vfq29uc29szsisimfwcfr5cguioijdb25zb2xliiwiyxbwtmftzxnwywnlijoiyyisimxvy2f0aw9uijoizm9yy2u6b2jqzwn0sg9tzurlc2t0b3ailcjzb2jqzwn0vhlwzsi6iknvbw1pdhrlzv9fyyj9fswiz3jvdxbjzci6ikrfrkfvtfqifswic3rhdguiont9fq%3d%3d</small> </font> </div>
<div class="test-event"> <font color="maroon"> <small> &emsp; &emsp;--- 15 Oct 12:19:10 002 - <b>0</b> - Page Load Wait: (Sync) - ICar.support.Utils.waitForPageLoad(Utils.java:109)</small> </font> </div>
<div class="test-event"> <font color="maroon"> <small> &emsp; &emsp;--- 15 Oct 12:19:21 044 - Catched spinner load exception due to Expected condition failed: waiting for ICar.support.WaitUtils$4@3e310ae5 (tried for 11 second(s) with 500 milliseconds interval)</small> </font> </div>
<div class="test-event"> <font color="maroon"> <small> &emsp; &emsp;--- 15 Oct 12:19:21 044 - <b>11</b> - Spinner Load Wait: (Sync) - ICar.support.WaitUtils.waitForSpinner(WaitUtils.java:225)</small> </font> </div>
<div class="test-event"> <font color="maroon"> <small> &emsp; &emsp;--- 15 Oct 12:19:21 935 - Page URL:: https://i-car--staging.sandbox.lightning.force.com/one/one.app#eyjjb21wb25lbnrezwyioijmb3jjzvnlyxjjadpzzwfyy2hqywdlrgvza3rvccisimf0dhjpynv0zxmionsidgvybsi6iji2mtqzmdgilcjzy29wzu1hcci6eyj0exblijoive9qx1jfu1vmvfmilcjuyw1lc3bhy2uioiiilcjsywjlbci6ilrvccbszxn1bhrziiwibgfizwxqbhvyywwioijub3agumvzdwx0cyisinjlc3vsdhndbxaioijmb3jjzvnlyxjjadpwcmvkawn0zwrszxn1bhrzin0simnvbnrlehqionsirklmvevsuyi6e30sinnlyxjjafnvdxjjzsi6ikftu0ltvefovf9esufmt0cilcjkaxnhymxlsw50zw50uxvlcnkiomzhbhnllcjkaxnhymxlu3blbgxdb3jyzwn0aw9uijpmywxzzswic2vhcmnorglhbg9nu2vzc2lvbklkijoiytk0zjdimzctmgm2ni03ywfjlta4ogity2nkyme1mzjjmji2iiwizgvidwdjbmzvijp7imfwce5hbwuioijjq2fyx1nlcnzpy2vfq29uc29szsisimfwcfr5cguioijdb25zb2xliiwiyxbwtmftzxnwywnlijoiyyisimxvy2f0aw9uijoizm9yy2u6b2jqzwn0sg9tzurlc2t0b3ailcjzb2jqzwn0vhlwzsi6iknvbw1pdhrlzv9fyyj9fswiz3jvdxbjzci6ikrfrkfvtfqifswic3rhdguiont9fq%3d%3d</small> </font> </div>
<div class="test-event"> <font color="maroon"> <small> &emsp; &emsp;--- 15 Oct 12:19:21 935 - <b>0</b> - Page Load Wait: (Sync) - ICar.support.Utils.waitForPageLoad(Utils.java:109)</small> </font> </div>
<div class="test-event"> <font color="maroon"> <small> &emsp; &emsp;--- 15 Oct 12:19:22 000 - Element is displayed:: [[ChromeDriver: chrome on WINDOWS (91de8402f6de9bfd8ddcd2280d5ae71a)] -> xpath: //a[@title='Top Results']//span[text()='Top Results']]</small> </font> </div>
<div class="test-event"> <font color="maroon"> <small> &emsp; &emsp;--- 15 Oct 12:19:22 460 - Page URL:: https://i-car--staging.sandbox.lightning.force.com/one/one.app#eyjjb21wb25lbnrezwyioijmb3jjzvnlyxjjadpzzwfyy2hqywdlrgvza3rvccisimf0dhjpynv0zxmionsidgvybsi6iji2mtqzmdgilcjzy29wzu1hcci6eyj0exblijoive9qx1jfu1vmvfmilcjuyw1lc3bhy2uioiiilcjsywjlbci6ilrvccbszxn1bhrziiwibgfizwxqbhvyywwioijub3agumvzdwx0cyisinjlc3vsdhndbxaioijmb3jjzvnlyxjjadpwcmvkawn0zwrszxn1bhrzin0simnvbnrlehqionsirklmvevsuyi6e30sinnlyxjjafnvdxjjzsi6ikftu0ltvefovf9esufmt0cilcjkaxnhymxlsw50zw50uxvlcnkiomzhbhnllcjkaxnhymxlu3blbgxdb3jyzwn0aw9uijpmywxzzswic2vhcmnorglhbg9nu2vzc2lvbklkijoiytk0zjdimzctmgm2ni03ywfjlta4ogity2nkyme1mzjjmji2iiwizgvidwdjbmzvijp7imfwce5hbwuioijjq2fyx1nlcnzpy2vfq29uc29szsisimfwcfr5cguioijdb25zb2xliiwiyxbwtmftzxnwywnlijoiyyisimxvy2f0aw9uijoizm9yy2u6b2jqzwn0sg9tzurlc2t0b3ailcjzb2jqzwn0vhlwzsi6iknvbw1pdhrlzv9fyyj9fswiz3jvdxbjzci6ikrfrkfvtfqifswic3rhdguiont9fq%3d%3d</small> </font> </div>
<div class="test-event"> <font color="maroon"> <small> &emsp; &emsp;--- 15 Oct 12:19:22 460 - <b>0</b> - Page Load Wait: (Sync) - ICar.support.Utils.waitForPageLoad(Utils.java:109)</small> </font> </div>
<div class="test-event"> <font color="maroon"> <small> &emsp; &emsp;--- 15 Oct 12:19:27 658 - Catched spinner load exception due to Expected condition failed: waiting for ICar.support.WaitUtils$4@3e310ae5 (tried for 5 second(s) with 500 milliseconds interval)</small> </font> </div>
<div class="test-event"> <font color="maroon"> <small> &emsp; &emsp;--- 15 Oct 12:19:27 658 - <b>5</b> - Spinner Load Wait: (Sync) - ICar.support.WaitUtils.waitForSpinner(WaitUtils.java:225)</small> </font> </div>
<div class="test-event"> <font color="maroon"> <small> &emsp; &emsp;--- 15 Oct 12:19:28 497 - Page URL:: https://i-car--staging.sandbox.lightning.force.com/one/one.app#eyjjb21wb25lbnrezwyioijmb3jjzvnlyxjjadpzzwfyy2hqywdlrgvza3rvccisimf0dhjpynv0zxmionsidgvybsi6iji2mtqzmdgilcjzy29wzu1hcci6eyj0exblijoive9qx1jfu1vmvfmilcjuyw1lc3bhy2uioiiilcjsywjlbci6ilrvccbszxn1bhrziiwibgfizwxqbhvyywwioijub3agumvzdwx0cyisinjlc3vsdhndbxaioijmb3jjzvnlyxjjadpwcmvkawn0zwrszxn1bhrzin0simnvbnrlehqionsirklmvevsuyi6e30sinnlyxjjafnvdxjjzsi6ikftu0ltvefovf9esufmt0cilcjkaxnhymxlsw50zw50uxvlcnkiomzhbhnllcjkaxnhymxlu3blbgxdb3jyzwn0aw9uijpmywxzzswic2vhcmnorglhbg9nu2vzc2lvbklkijoiytk0zjdimzctmgm2ni03ywfjlta4ogity2nkyme1mzjjmji2iiwizgvidwdjbmzvijp7imfwce5hbwuioijjq2fyx1nlcnzpy2vfq29uc29szsisimfwcfr5cguioijdb25zb2xliiwiyxbwtmftzxnwywnlijoiyyisimxvy2f0aw9uijoizm9yy2u6b2jqzwn0sg9tzurlc2t0b3ailcjzb2jqzwn0vhlwzsi6iknvbw1pdhrlzv9fyyj9fswiz3jvdxbjzci6ikrfrkfvtfqifswic3rhdguiont9fq%3d%3d</small> </font> </div>
<div class="test-event"> <font color="maroon"> <small> &emsp; &emsp;--- 15 Oct 12:19:28 497 - <b>0</b> - Page Load Wait: (Sync) - ICar.support.Utils.waitForPageLoad(Utils.java:109)</small> </font> </div>
<div class="test-event"> <font color="maroon"> <small> &emsp; &emsp;--- 15 Oct 12:19:29 352 - Page URL:: https://i-car--staging.sandbox.lightning.force.com/one/one.app#eyjjb21wb25lbnrezwyioijmb3jjzvnlyxjjadpzzwfyy2hqywdlrgvza3rvccisimf0dhjpynv0zxmionsidgvybsi6iji2mtqzmdgilcjzy29wzu1hcci6eyj0exblijoive9qx1jfu1vmvfmilcjuyw1lc3bhy2uioiiilcjsywjlbci6ilrvccbszxn1bhrziiwibgfizwxqbhvyywwioijub3agumvzdwx0cyisinjlc3vsdhndbxaioijmb3jjzvnlyxjjadpwcmvkawn0zwrszxn1bhrzin0simnvbnrlehqionsirklmvevsuyi6e30sinnlyxjjafnvdxjjzsi6ikftu0ltvefovf9esufmt0cilcjkaxnhymxlsw50zw50uxvlcnkiomzhbhnllcjkaxnhymxlu3blbgxdb3jyzwn0aw9uijpmywxzzswic2vhcmnorglhbg9nu2vzc2lvbklkijoiytk0zjdimzctmgm2ni03ywfjlta4ogity2nkyme1mzjjmji2iiwizgvidwdjbmzvijp7imfwce5hbwuioijjq2fyx1nlcnzpy2vfq29uc29szsisimfwcfr5cguioijdb25zb2xliiwiyxbwtmftzxnwywnlijoiyyisimxvy2f0aw9uijoizm9yy2u6b2jqzwn0sg9tzurlc2t0b3ailcjzb2jqzwn0vhlwzsi6iknvbw1pdhrlzv9fyyj9fswiz3jvdxbjzci6ikrfrkfvtfqifswic3rhdguiont9fq%3d%3d</small> </font> </div>
<div class="test-event"> <font color="maroon"> <small> &emsp; &emsp;--- 15 Oct 12:19:29 352 - <b>0</b> - Page Load Wait: (Sync) - ICar.support.Utils.waitForPageLoad(Utils.java:109)</small> </font> </div>
<div class="test-event"> <font color="maroon"> <small> &emsp; &emsp;--- 15 Oct 12:19:30 210 - Page URL:: https://i-car--staging.sandbox.lightning.force.com/one/one.app#eyjjb21wb25lbnrezwyioijmb3jjzvnlyxjjadpzzwfyy2hqywdlrgvza3rvccisimf0dhjpynv0zxmionsidgvybsi6iji2mtqzmdgilcjzy29wzu1hcci6eyj0exblijoive9qx1jfu1vmvfmilcjuyw1lc3bhy2uioiiilcjsywjlbci6ilrvccbszxn1bhrziiwibgfizwxqbhvyywwioijub3agumvzdwx0cyisinjlc3vsdhndbxaioijmb3jjzvnlyxjjadpwcmvkawn0zwrszxn1bhrzin0simnvbnrlehqionsirklmvevsuyi6e30sinnlyxjjafnvdxjjzsi6ikftu0ltvefovf9esufmt0cilcjkaxnhymxlsw50zw50uxvlcnkiomzhbhnllcjkaxnhymxlu3blbgxdb3jyzwn0aw9uijpmywxzzswic2vhcmnorglhbg9nu2vzc2lvbklkijoiytk0zjdimzctmgm2ni03ywfjlta4ogity2nkyme1mzjjmji2iiwizgvidwdjbmzvijp7imfwce5hbwuioijjq2fyx1nlcnzpy2vfq29uc29szsisimfwcfr5cguioijdb25zb2xliiwiyxbwtmftzxnwywnlijoiyyisimxvy2f0aw9uijoizm9yy2u6b2jqzwn0sg9tzurlc2t0b3ailcjzb2jqzwn0vhlwzsi6iknvbw1pdhrlzv9fyyj9fswiz3jvdxbjzci6ikrfrkfvtfqifswic3rhdguiont9fq%3d%3d</small> </font> </div>
<div class="test-event"> <font color="maroon"> <small> &emsp; &emsp;--- 15 Oct 12:19:30 210 - <b>0</b> - Page Load Wait: (Sync) - ICar.support.Utils.waitForPageLoad(Utils.java:109)</small> </font> </div>
<div class="test-event"> <font color="maroon"> <small> &emsp; &emsp;--- 15 Oct 12:19:38 282 - Catched spinner load exception due to Expected condition failed: waiting for ICar.support.WaitUtils$4@3e310ae5 (tried for 8 second(s) with 500 milliseconds interval)</small> </font> </div>
<div class="test-event"> <font color="maroon"> <small> &emsp; &emsp;--- 15 Oct 12:19:38 282 - <b>8</b> - Spinner Load Wait: (Sync) - ICar.support.WaitUtils.waitForSpinner(WaitUtils.java:225)</small> </font> </div>
<div class="test-event"> <font color="maroon"> <small> &emsp; &emsp;--- 15 Oct 12:19:39 128 - Page URL:: https://i-car--staging.sandbox.lightning.force.com/one/one.app#eyjjb21wb25lbnrezwyioijmb3jjzvnlyxjjadpzzwfyy2hqywdlrgvza3rvccisimf0dhjpynv0zxmionsidgvybsi6iji2mtqzmdgilcjzy29wzu1hcci6eyj0exblijoive9qx1jfu1vmvfmilcjuyw1lc3bhy2uioiiilcjsywjlbci6ilrvccbszxn1bhrziiwibgfizwxqbhvyywwioijub3agumvzdwx0cyisinjlc3vsdhndbxaioijmb3jjzvnlyxjjadpwcmvkawn0zwrszxn1bhrzin0simnvbnrlehqionsirklmvevsuyi6e30sinnlyxjjafnvdxjjzsi6ikftu0ltvefovf9esufmt0cilcjkaxnhymxlsw50zw50uxvlcnkiomzhbhnllcjkaxnhymxlu3blbgxdb3jyzwn0aw9uijpmywxzzswic2vhcmnorglhbg9nu2vzc2lvbklkijoiytk0zjdimzctmgm2ni03ywfjlta4ogity2nkyme1mzjjmji2iiwizgvidwdjbmzvijp7imfwce5hbwuioijjq2fyx1nlcnzpy2vfq29uc29szsisimfwcfr5cguioijdb25zb2xliiwiyxbwtmftzxnwywnlijoiyyisimxvy2f0aw9uijoizm9yy2u6b2jqzwn0sg9tzurlc2t0b3ailcjzb2jqzwn0vhlwzsi6iknvbw1pdhrlzv9fyyj9fswiz3jvdxbjzci6ikrfrkfvtfqifswic3rhdguiont9fq%3d%3d</small> </font> </div>
<div class="test-event"> <font color="maroon"> <small> &emsp; &emsp;--- 15 Oct 12:19:39 128 - <b>0</b> - Page Load Wait: (Sync) - ICar.support.Utils.waitForPageLoad(Utils.java:109)</small> </font> </div>
<div class="test-event"> <font color="maroon"> <small> &emsp; &emsp;--- 15 Oct 12:19:41 274 - Element is displayed:: [[ChromeDriver: chrome on WINDOWS (91de8402f6de9bfd8ddcd2280d5ae71a)] -> xpath: //div[contains(@class,'forceSearchResultsRegion')]//div[contains(@class,'resultsMultiWrapper')]/div/div[1]//following::h2//a]</small> </font> </div>
<div class="test-event"> <font color="maroon"> <small> &emsp; &emsp;--- 15 Oct 12:19:41 478 - Element is displayed:: [[ChromeDriver: chrome on WINDOWS (91de8402f6de9bfd8ddcd2280d5ae71a)] -> xpath: //a[text()='Contacts']]</small> </font> </div>
<div class="test-event"> <font color="maroon"> <small> &emsp; &emsp;--- 15 Oct 12:19:45 559 - Element is displayed:: [[ChromeDriver: chrome on WINDOWS (91de8402f6de9bfd8ddcd2280d5ae71a)] -> xpath: //div[text()='Contacts']//following :: table//tbody//th//span /a]</small> </font> </div>
<div class="test-message">&emsp;4.Enter ICAR ID  2614308</div>
<div class="test-event"> <font color="maroon"> <small> &emsp; &emsp;--- 15 Oct 12:19:54 963 - Element is displayed:: [[ChromeDriver: chrome on WINDOWS (91de8402f6de9bfd8ddcd2280d5ae71a)] -> xpath: //a/img[@alt='Login Image']|//button[@id='btn-login']]</small> </font> </div>
<div class="test-event"> <font color="maroon"> <small> &emsp; &emsp;--- 15 Oct 12:19:55 038 - Element is displayed:: [[ChromeDriver: chrome on WINDOWS (91de8402f6de9bfd8ddcd2280d5ae71a)] -> xpath: //a/img[@alt='Login Image']|//button[@id='btn-login']]</small> </font> </div>
<div class="test-message">&emsp;Successfully navigated to 'Home' Page&emsp;<a href=".\ScreenShot\B2B1054_TC01_1256990116103000.png" target="_blank" >[ScreenShot]</a></div>
<div class="test-message">&emsp;1. Home page is launched.</div>
<div class="test-event"> <font color="maroon"> <small> &emsp; &emsp;--- 15 Oct 12:19:55 464 - Page URL:: https://www.icarstage.com/</small> </font> </div>
<div class="test-event"> <font color="maroon"> <small> &emsp; &emsp;--- 15 Oct 12:19:55 464 - <b>0</b> - Page Load Wait: (Sync) - ICar.support.Utils.waitForPageLoad(Utils.java:109)</small> </font> </div>
<div class="test-event"> <font color="maroon"> <small> &emsp; &emsp;--- 15 Oct 12:19:55 509 - Element is displayed:: [[ChromeDriver: chrome on WINDOWS (91de8402f6de9bfd8ddcd2280d5ae71a)] -> xpath: //a/img[@alt='Login Image']|//button[@id='btn-login']]</small> </font> </div>
<div class="test-event"> <font color="maroon"> <small> &emsp; &emsp;--- 15 Oct 12:19:55 569 - Element is displayed:: [[ChromeDriver: chrome on WINDOWS (91de8402f6de9bfd8ddcd2280d5ae71a)] -> xpath: //a/img[@alt='Login Image']|//button[@id='btn-login']]</small> </font> </div>
<div class="test-event"> <font color="maroon"> <small> &emsp; &emsp;--- 15 Oct 12:20:13 373 - Catched spinner load exception due to Expected condition failed: waiting for ICar.support.WaitUtils$4@3e310ae5 (tried for 15 second(s) with 500 milliseconds interval)</small> </font> </div>
<div class="test-event"> <font color="maroon"> <small> &emsp; &emsp;--- 15 Oct 12:20:13 374 - <b>15</b> - Spinner Load Wait: (Sync) - ICar.support.WaitUtils.waitForSpinner(WaitUtils.java:225)</small> </font> </div>
<div class="test-message">&emsp;2. Login page  should be successfully display</div>
<div class="test-message">&emsp;Successfully navigated to 'Login' Page&emsp;<a href=".\ScreenShot\B2B1054_TC01_1257008455624700.png" target="_blank" >[ScreenShot]</a></div>
<div class="test-event"> <font color="maroon"> <small> &emsp; &emsp;--- 15 Oct 12:20:13 579 - Element is displayed:: [[ChromeDriver: chrome on WINDOWS (91de8402f6de9bfd8ddcd2280d5ae71a)] -> id: username]</small> </font> </div>
<div class="test-event"> <font color="maroon"> <small> &emsp; &emsp;--- 15 Oct 12:20:13 646 - Element is displayed:: [[ChromeDriver: chrome on WINDOWS (91de8402f6de9bfd8ddcd2280d5ae71a)] -> id: username]</small> </font> </div>
<div class="test-event"> <font color="maroon"> <small> &emsp; &emsp;--- 15 Oct 12:20:13 898 - Element is displayed:: [[ChromeDriver: chrome on WINDOWS (91de8402f6de9bfd8ddcd2280d5ae71a)] -> id: password]</small> </font> </div>
<div class="test-event"> <font color="maroon"> <small> &emsp; &emsp;--- 15 Oct 12:20:14 068 - Element is displayed:: [[ChromeDriver: chrome on WINDOWS (91de8402f6de9bfd8ddcd2280d5ae71a)] -> id: btn-login]</small> </font> </div>
<div class="test-event"> <font color="maroon"> <small> &emsp; &emsp;--- 15 Oct 12:20:28 181 - Catched spinner load exception due to Expected condition failed: waiting for ICar.support.WaitUtils$4@3e310ae5 (tried for 13 second(s) with 500 milliseconds interval)</small> </font> </div>
<div class="test-event"> <font color="maroon"> <small> &emsp; &emsp;--- 15 Oct 12:20:28 181 - <b>14</b> - Spinner Load Wait: (Sync) - ICar.support.WaitUtils.waitForSpinner(WaitUtils.java:225)</small> </font> </div>
<div class="test-event"> <font color="maroon"> <small> &emsp; &emsp;--- 15 Oct 12:20:51 595 - Catched spinner load exception due to Expected condition failed: waiting for ICar.support.WaitUtils$4@3e310ae5 (tried for 10 second(s) with 500 milliseconds interval)</small> </font> </div>
<div class="test-event"> <font color="maroon"> <small> &emsp; &emsp;--- 15 Oct 12:20:51 595 - <b>10</b> - Spinner Load Wait: (Sync) - ICar.support.WaitUtils.waitForSpinner(WaitUtils.java:225)</small> </font> </div>
<div class="test-event"> <font color="maroon"> <small> &emsp; &emsp;--- 15 Oct 12:20:51 677 - Element is displayed:: [[ChromeDriver: chrome on WINDOWS (91de8402f6de9bfd8ddcd2280d5ae71a)] -> xpath: //button[@value='Launch My Learning']]</small> </font> </div>
<div class="test-message">&emsp;3. Enter the user credentials as : alessa0717</div>
<div class="test-message">&emsp;Successfully navigated to 'User Home' Page&emsp;<a href=".\ScreenShot\B2B1054_TC01_1257046755364300.png" target="_blank" >[ScreenShot]</a></div>
<div class="test-message">&emsp;Link Access Committee Portal displayed in B2B Portal</div>
<div class="test-message">&emsp;Successfully verified-Access committee portal link displayed on portal</div>
<div class="test-event"> <font color="maroon"> <small> &emsp; &emsp;--- 15 Oct 12:20:53 096 - Page URL:: https://www.icarstage.com/</small> </font> </div>
<div class="test-event"> <font color="maroon"> <small> &emsp; &emsp;--- 15 Oct 12:20:53 096 - <b>0</b> - Page Load Wait: (Sync) - ICar.support.Utils.waitForPageLoad(Utils.java:109)</small> </font> </div>
<div class="test-event"> <font color="maroon"> <small> &emsp; &emsp;--- 15 Oct 12:20:53 170 - Element is displayed:: [[ChromeDriver: chrome on WINDOWS (91de8402f6de9bfd8ddcd2280d5ae71a)] -> xpath: //p[text()='Launch My Learning']]</small> </font> </div>
<div class="test-event"> <font color="maroon"> <small> &emsp; &emsp;--- 15 Oct 12:20:53 216 - Element is displayed:: [[ChromeDriver: chrome on WINDOWS (91de8402f6de9bfd8ddcd2280d5ae71a)] -> xpath: //a[text()='Access Committee Portal']]</small> </font> </div>
<div class="test-event"> <font color="maroon"> <small> &emsp; &emsp;--- 15 Oct 12:20:55 287 - Element is displayed:: [[ChromeDriver: chrome on WINDOWS (91de8402f6de9bfd8ddcd2280d5ae71a)] -> xpath: //a[text()='Access Committee Portal']]</small> </font> </div>
<div class="test-event"> <font color="maroon"> <small> &emsp; &emsp;--- 15 Oct 12:21:20 348 - Catched spinner load exception due to Expected condition failed: waiting for ICar.support.WaitUtils$4@3e310ae5 (tried for 15 second(s) with 500 milliseconds interval)</small> </font> </div>
<div class="test-event"> <font color="maroon"> <small> &emsp; &emsp;--- 15 Oct 12:21:20 349 - <b>15</b> - Spinner Load Wait: (Sync) - ICar.support.WaitUtils.waitForSpinner(WaitUtils.java:225)</small> </font> </div>
<div class="test-event"> <font color="maroon"> <small> &emsp; &emsp;--- 15 Oct 12:21:20 630 - Page URL:: https://my.icarstage.com/s/committee/a381i0000006tc9qai/5400799</small> </font> </div>
<div class="test-event"> <font color="maroon"> <small> &emsp; &emsp;--- 15 Oct 12:21:20 630 - <b>0</b> - Page Load Wait: (Sync) - ICar.support.Utils.waitForPageLoad(Utils.java:109)</small> </font> </div>
<div class="test-message">&emsp;Successfully navigated to 'Access committee portal' Page&emsp;<a href=".\ScreenShot\B2B1054_TC01_1257075708064700.png" target="_blank" >[ScreenShot]</a></div>
<div class="test-event"> <font color="maroon"> <small> &emsp; &emsp;--- 15 Oct 12:21:20 945 - Page URL:: https://my.icarstage.com/s/committee/a381i0000006tc9qai/5400799</small> </font> </div>
<div class="test-event"> <font color="maroon"> <small> &emsp; &emsp;--- 15 Oct 12:21:20 945 - <b>0</b> - Page Load Wait: (Sync) - ICar.support.Utils.waitForPageLoad(Utils.java:109)</small> </font> </div>
<div class="test-event"> <font color="maroon"> <small> &emsp; &emsp;--- 15 Oct 12:21:29 298 - Catched spinner load exception due to Expected condition failed: waiting for ICar.support.WaitUtils$4@3e310ae5 (tried for 8 second(s) with 500 milliseconds interval)</small> </font> </div>
<div class="test-event"> <font color="maroon"> <small> &emsp; &emsp;--- 15 Oct 12:21:29 298 - <b>8</b> - Spinner Load Wait: (Sync) - ICar.support.WaitUtils.waitForSpinner(WaitUtils.java:225)</small> </font> </div>
<div class="test-event"> <font color="maroon"> <small> &emsp; &emsp;--- 15 Oct 12:21:29 367 - Element is displayed:: [[ChromeDriver: chrome on WINDOWS (91de8402f6de9bfd8ddcd2280d5ae71a)] -> xpath: //article[@class='slds-card']]</small> </font> </div>
<div class="test-message">&emsp;Resources and Forms displayed at bottom of Access committee page</div>
<div class="test-result"><br><font color="green"><strong> Test Passed. </strong></font> </div>&emsp;
&emsp;<div class="test-title"> <strong><font size = "3" color = "#0000FF">---Test Execution Ends---</font> </strong> </div>&emsp;
<div class="test-event"> <font color="maroon"> <small> &emsp; &emsp;--- 15 Oct 12:21:34 436 - TestCaseID:: B2B1054_TC02</small> </font> </div>
<div class="test-event"> <font color="maroon"> <small> &emsp; &emsp;--- 15 Oct 12:21:35 875 - <b>1</b> - Driver::initialize::Get - ICar.support.WebDriverFactory.getDriver(WebDriverFactory.java:640)</small> </font> </div>
&emsp;<div class="test-title"> <strong><font size = "3" color = "#000080">Verify the header is displayed as “Resources and Forms” in the bottom of the main committee page</font> </strong> </div>&emsp;<div><strong>Steps:</strong></div><!-- Report -->&emsp;
<div class="test-event"> <font color="maroon"> <small> &emsp; &emsp;--- 15 Oct 12:21:43 351 - Page URL:: https://i-car--staging.sandbox.my.salesforce.com/</small> </font> </div>
<div class="test-event"> <font color="maroon"> <small> &emsp; &emsp;--- 15 Oct 12:21:43 351 - <b>3</b> - Page Load Wait: (Sync) - ICar.support.Utils.waitForPageLoad(Utils.java:109)</small> </font> </div>
<div class="test-event"> <font color="maroon"> <small> &emsp; &emsp;--- 15 Oct 12:21:56 942 - Page URL:: https://i-car--staging.sandbox.my.salesforce.com/</small> </font> </div>
<div class="test-event"> <font color="maroon"> <small> &emsp; &emsp;--- 15 Oct 12:21:56 942 - <b>0</b> - Page Load Wait: (Sync) - ICar.support.Utils.waitForPageLoad(Utils.java:109)</small> </font> </div>
<div class="test-message">&emsp;Successfully navigated to 'Login' Page&emsp;<a href=".\ScreenShot\B2B1054_TC02_1257112019765500.png" target="_blank" >[ScreenShot]</a></div>
<div class="test-message">&emsp;1. Login page is launched.</div>
<div class="test-event"> <font color="maroon"> <small> &emsp; &emsp;--- 15 Oct 12:21:57 298 - Element is displayed:: [[ChromeDriver: chrome on WINDOWS (459d12ef15e5970aebea3899cd6f0a9a)] -> id: username]</small> </font> </div>
<div class="test-event"> <font color="maroon"> <small> &emsp; &emsp;--- 15 Oct 12:21:57 371 - Element is displayed:: [[ChromeDriver: chrome on WINDOWS (459d12ef15e5970aebea3899cd6f0a9a)] -> id: username]</small> </font> </div>
<div class="test-event"> <font color="maroon"> <small> &emsp; &emsp;--- 15 Oct 12:21:57 633 - Element is displayed:: [[ChromeDriver: chrome on WINDOWS (459d12ef15e5970aebea3899cd6f0a9a)] -> id: password]</small> </font> </div>
<div class="test-event"> <font color="maroon"> <small> &emsp; &emsp;--- 15 Oct 12:21:57 878 - Element is displayed:: [[ChromeDriver: chrome on WINDOWS (459d12ef15e5970aebea3899cd6f0a9a)] -> id: Login]</small> </font> </div>
<div class="test-event"> <font color="maroon"> <small> &emsp; &emsp;--- 15 Oct 12:22:31 732 - Catched spinner load exception due to Expected condition failed: waiting for ICar.support.WaitUtils$4@3e310ae5 (tried for 13 second(s) with 500 milliseconds interval)</small> </font> </div>
<div class="test-event"> <font color="maroon"> <small> &emsp; &emsp;--- 15 Oct 12:22:31 733 - <b>13</b> - Spinner Load Wait: (Sync) - ICar.support.WaitUtils.waitForSpinner(WaitUtils.java:225)</small> </font> </div>
<div class="test-event"> <font color="maroon"> <small> &emsp; &emsp;--- 15 Oct 12:22:50 746 - Catched spinner load exception due to Expected condition failed: waiting for ICar.support.WaitUtils$4@3e310ae5 (tried for 6 second(s) with 500 milliseconds interval)</small> </font> </div>
<div class="test-event"> <font color="maroon"> <small> &emsp; &emsp;--- 15 Oct 12:22:50 747 - <b>6</b> - Spinner Load Wait: (Sync) - ICar.support.WaitUtils.waitForSpinner(WaitUtils.java:225)</small> </font> </div>
<div class="test-event"> <font color="maroon"> <small> &emsp; &emsp;--- 15 Oct 12:22:50 865 - Element is displayed:: [[ChromeDriver: chrome on WINDOWS (459d12ef15e5970aebea3899cd6f0a9a)] -> css selector: button[class*='search-button']]</small> </font> </div>
<div class="test-message">&emsp;2. Navigate to 'SalesForce Page'</div>
<div class="test-event"> <font color="maroon"> <small> &emsp; &emsp;--- 15 Oct 12:22:51 043 - Page URL:: https://i-car--staging.sandbox.lightning.force.com/lightning/o/committee__c/list?filtername=__recent</small> </font> </div>
<div class="test-event"> <font color="maroon"> <small> &emsp; &emsp;--- 15 Oct 12:22:51 043 - <b>0</b> - Page Load Wait: (Sync) - ICar.support.Utils.waitForPageLoad(Utils.java:109)</small> </font> </div>
<div class="test-event"> <font color="maroon"> <small> &emsp; &emsp;--- 15 Oct 12:22:56 256 - Page URL:: https://i-car--staging.sandbox.lightning.force.com/lightning/o/committee__c/list?filtername=__recent</small> </font> </div>
<div class="test-event"> <font color="maroon"> <small> &emsp; &emsp;--- 15 Oct 12:22:56 256 - <b>0</b> - Page Load Wait: (Sync) - ICar.support.Utils.waitForPageLoad(Utils.java:109)</small> </font> </div>
<div class="test-message">&emsp;Close the tab</div>
<div class="test-message">&emsp;Successfully navigated to 'Login' Page&emsp;<a href=".\ScreenShot\B2B1054_TC02_1257176423707800.png" target="_blank" >[ScreenShot]</a></div>
<div class="test-event"> <font color="maroon"> <small> &emsp; &emsp;--- 15 Oct 12:23:06 703 - Catched spinner load exception due to Expected condition failed: waiting for ICar.support.WaitUtils$4@3e310ae5 (tried for 5 second(s) with 500 milliseconds interval)</small> </font> </div>
<div class="test-event"> <font color="maroon"> <small> &emsp; &emsp;--- 15 Oct 12:23:06 703 - <b>5</b> - Spinner Load Wait: (Sync) - ICar.support.WaitUtils.waitForSpinner(WaitUtils.java:225)</small> </font> </div>
<div class="test-event"> <font color="maroon"> <small> &emsp; &emsp;--- 15 Oct 12:23:06 853 - Page URL:: https://i-car--staging.sandbox.lightning.force.com/lightning/o/committee__c/list?filtername=__recent</small> </font> </div>
<div class="test-event"> <font color="maroon"> <small> &emsp; &emsp;--- 15 Oct 12:23:06 853 - <b>0</b> - Page Load Wait: (Sync) - ICar.support.Utils.waitForPageLoad(Utils.java:109)</small> </font> </div>
<div class="test-event"> <font color="maroon"> <small> &emsp; &emsp;--- 15 Oct 12:23:06 925 - Element is displayed:: [[ChromeDriver: chrome on WINDOWS (459d12ef15e5970aebea3899cd6f0a9a)] -> xpath: //div[contains(@class,'appLauncher ')]//button]</small> </font> </div>
<div class="test-event"> <font color="maroon"> <small> &emsp; &emsp;--- 15 Oct 12:23:06 990 - Element is displayed:: [[ChromeDriver: chrome on WINDOWS (459d12ef15e5970aebea3899cd6f0a9a)] -> xpath: //div[contains(@class,'appLauncher ')]//button]</small> </font> </div>
<div class="test-event"> <font color="maroon"> <small> &emsp; &emsp;--- 15 Oct 12:23:08 561 - Element is displayed:: [[ChromeDriver: chrome on WINDOWS (459d12ef15e5970aebea3899cd6f0a9a)] -> xpath: //input[@placeholder='Search apps and items...']]</small> </font> </div>
<div class="test-event"> <font color="maroon"> <small> &emsp; &emsp;--- 15 Oct 12:23:08 624 - Element is displayed:: [[ChromeDriver: chrome on WINDOWS (459d12ef15e5970aebea3899cd6f0a9a)] -> xpath: //input[@placeholder='Search apps and items...']]</small> </font> </div>
<div class="test-event"> <font color="maroon"> <small> &emsp; &emsp;--- 15 Oct 12:23:11 962 - Element is displayed:: [[ChromeDriver: chrome on WINDOWS (459d12ef15e5970aebea3899cd6f0a9a)] -> xpath: //lightning-formatted-rich-text/span/p/b[text()='Committees']]</small> </font> </div>
<div class="test-event"> <font color="maroon"> <small> &emsp; &emsp;--- 15 Oct 12:23:15 000 - Element is displayed:: [[ChromeDriver: chrome on WINDOWS (459d12ef15e5970aebea3899cd6f0a9a)] -> xpath: //lightning-formatted-rich-text/span/p/b[text()='Committees']]</small> </font> </div>
<div class="test-event"> <font color="maroon"> <small> &emsp; &emsp;--- 15 Oct 12:23:15 382 - Page URL:: https://i-car--staging.sandbox.lightning.force.com/lightning/o/committee__c/home</small> </font> </div>
<div class="test-event"> <font color="maroon"> <small> &emsp; &emsp;--- 15 Oct 12:23:15 382 - <b>0</b> - Page Load Wait: (Sync) - ICar.support.Utils.waitForPageLoad(Utils.java:109)</small> </font> </div>
<div class="test-event"> <font color="maroon"> <small> &emsp; &emsp;--- 15 Oct 12:23:20 646 - Catched spinner load exception due to Expected condition failed: waiting for ICar.support.WaitUtils$4@3e310ae5 (tried for 5 second(s) with 500 milliseconds interval)</small> </font> </div>
<div class="test-event"> <font color="maroon"> <small> &emsp; &emsp;--- 15 Oct 12:23:20 646 - <b>5</b> - Spinner Load Wait: (Sync) - ICar.support.WaitUtils.waitForSpinner(WaitUtils.java:225)</small> </font> </div>
<div class="test-event"> <font color="maroon"> <small> &emsp; &emsp;--- 15 Oct 12:23:20 851 - Page URL:: https://i-car--staging.sandbox.lightning.force.com/lightning/o/committee__c/list?filtername=__recent</small> </font> </div>
<div class="test-event"> <font color="maroon"> <small> &emsp; &emsp;--- 15 Oct 12:23:20 851 - <b>0</b> - Page Load Wait: (Sync) - ICar.support.Utils.waitForPageLoad(Utils.java:109)</small> </font> </div>
<div class="test-event"> <font color="maroon"> <small> &emsp; &emsp;--- 15 Oct 12:23:20 912 - Element is displayed:: [[ChromeDriver: chrome on WINDOWS (459d12ef15e5970aebea3899cd6f0a9a)] -> xpath: //div[contains(@class,'appLauncher ')]//button]</small> </font> </div>
<div class="test-event"> <font color="maroon"> <small> &emsp; &emsp;--- 15 Oct 12:23:20 967 - Element is displayed:: [[ChromeDriver: chrome on WINDOWS (459d12ef15e5970aebea3899cd6f0a9a)] -> xpath: //div[contains(@class,'appLauncher ')]//button]</small> </font> </div>
<div class="test-event"> <font color="maroon"> <small> &emsp; &emsp;--- 15 Oct 12:23:21 147 - Element is displayed:: [[ChromeDriver: chrome on WINDOWS (459d12ef15e5970aebea3899cd6f0a9a)] -> xpath: //input[@placeholder='Search apps and items...']]</small> </font> </div>
<div class="test-event"> <font color="maroon"> <small> &emsp; &emsp;--- 15 Oct 12:23:21 198 - Element is displayed:: [[ChromeDriver: chrome on WINDOWS (459d12ef15e5970aebea3899cd6f0a9a)] -> xpath: //input[@placeholder='Search apps and items...']]</small> </font> </div>
<div class="test-event"> <font color="maroon"> <small> &emsp; &emsp;--- 15 Oct 12:23:24 601 - Element is displayed:: [[ChromeDriver: chrome on WINDOWS (459d12ef15e5970aebea3899cd6f0a9a)] -> xpath: //lightning-formatted-rich-text/span/p/b[text()='Committee Members']]</small> </font> </div>
<div class="test-event"> <font color="maroon"> <small> &emsp; &emsp;--- 15 Oct 12:23:27 664 - Element is displayed:: [[ChromeDriver: chrome on WINDOWS (459d12ef15e5970aebea3899cd6f0a9a)] -> xpath: //lightning-formatted-rich-text/span/p/b[text()='Committee Members']]</small> </font> </div>
<div class="test-event"> <font color="maroon"> <small> &emsp; &emsp;--- 15 Oct 12:23:28 140 - Page URL:: https://i-car--staging.sandbox.lightning.force.com/lightning/o/committee_member__c/home</small> </font> </div>
<div class="test-event"> <font color="maroon"> <small> &emsp; &emsp;--- 15 Oct 12:23:28 140 - <b>0</b> - Page Load Wait: (Sync) - ICar.support.Utils.waitForPageLoad(Utils.java:109)</small> </font> </div>
<div class="test-message">&emsp;3. Enter the AccountName as : Alessandra Acosta:540-0799 El Paso, TX</div>
<div class="test-event"> <font color="maroon"> <small> &emsp; &emsp;--- 15 Oct 12:23:28 290 - Page URL:: https://i-car--staging.sandbox.lightning.force.com/lightning/o/committee_member__c/home</small> </font> </div>
<div class="test-event"> <font color="maroon"> <small> &emsp; &emsp;--- 15 Oct 12:23:28 290 - <b>0</b> - Page Load Wait: (Sync) - ICar.support.Utils.waitForPageLoad(Utils.java:109)</small> </font> </div>
<div class="test-event"> <font color="maroon"> <small> &emsp; &emsp;--- 15 Oct 12:23:28 336 - Element is displayed:: [[ChromeDriver: chrome on WINDOWS (459d12ef15e5970aebea3899cd6f0a9a)] -> css selector: button[class*='search-button']]</small> </font> </div>
<div class="test-event"> <font color="maroon"> <small> &emsp; &emsp;--- 15 Oct 12:23:30 482 - Catched spinner load exception due to Expected condition failed: waiting for ICar.support.WaitUtils$4@3e310ae5 (tried for 2 second(s) with 500 milliseconds interval)</small> </font> </div>
<div class="test-event"> <font color="maroon"> <small> &emsp; &emsp;--- 15 Oct 12:23:30 482 - <b>2</b> - Spinner Load Wait: (Sync) - ICar.support.WaitUtils.waitForSpinner(WaitUtils.java:225)</small> </font> </div>
<div class="test-event"> <font color="maroon"> <small> &emsp; &emsp;--- 15 Oct 12:23:33 644 - Element is displayed:: [[ChromeDriver: chrome on WINDOWS (459d12ef15e5970aebea3899cd6f0a9a)] -> css selector: button[class*='search-button']]</small> </font> </div>
<div class="test-event"> <font color="maroon"> <small> &emsp; &emsp;--- 15 Oct 12:23:34 102 - Page URL:: https://i-car--staging.sandbox.lightning.force.com/lightning/o/committee_member__c/home</small> </font> </div>
<div class="test-event"> <font color="maroon"> <small> &emsp; &emsp;--- 15 Oct 12:23:34 102 - <b>0</b> - Page Load Wait: (Sync) - ICar.support.Utils.waitForPageLoad(Utils.java:109)</small> </font> </div>
<div class="test-event"> <font color="maroon"> <small> &emsp; &emsp;--- 15 Oct 12:23:50 733 - Catched spinner load exception due to Expected condition failed: waiting for ICar.support.WaitUtils$4@3e310ae5 (tried for 10 second(s) with 500 milliseconds interval)</small> </font> </div>
<div class="test-event"> <font color="maroon"> <small> &emsp; &emsp;--- 15 Oct 12:23:50 734 - <b>10</b> - Spinner Load Wait: (Sync) - ICar.support.WaitUtils.waitForSpinner(WaitUtils.java:225)</small> </font> </div>
<div class="test-event"> <font color="maroon"> <small> &emsp; &emsp;--- 15 Oct 12:23:51 096 - Page URL:: https://i-car--staging.sandbox.lightning.force.com/one/one.app#eyjjb21wb25lbnrezwyioijmb3jjzvnlyxjjadpzzwfyy2hqywdlrgvza3rvccisimf0dhjpynv0zxmionsidgvybsi6ikfszxnzyw5kcmegqwnvc3rhoju0mc0wnzk5ievsifbhc28sifryiiwic2nvcgvnyxaionsidhlwzsi6ilrpuf9srvnvtfrtiiwibmftzxnwywnlijoiiiwibgfizwwioijub3agumvzdwx0cyisimxhymvsugx1cmfsijoivg9wifjlc3vsdhmilcjyzxn1bhrzq21wijoizm9yy2vtzwfyy2g6chjlzgljdgvkumvzdwx0cyj9lcjjb250zxh0ijp7ikzjtfrfulmiont9lcjzzwfyy2htb3vyy2uioijbu1nju1rbtlrfrelbte9hiiwizglzywjszuludgvudff1zxj5ijpmywxzzswizglzywjszvnwzwxsq29ycmvjdglvbii6zmfsc2usinnlyxjjaerpywxvz1nlc3npb25jzci6ijk1n2m1mmi3ltaxyjatmmzims1mymriltfiyjjly2vkzwfmmsisimrlynvnsw5mbyi6eyjhchboyw1lijoisunhcl9tzxj2awnlx0nvbnnvbguilcjhchbuexblijoiq29uc29szsisimfwce5hbwvzcgfjzsi6immilcjsb2nhdglvbii6imzvcmnlom9iamvjdehvbwvezxnrdg9wiiwic29iamvjdfr5cguioijdb21taxr0zwvftwvtymvyx19jin19lcjncm91celkijoirevgqvvmvcj9lcjzdgf0zsi6e319</small> </font> </div>
<div class="test-event"> <font color="maroon"> <small> &emsp; &emsp;--- 15 Oct 12:23:51 096 - <b>0</b> - Page Load Wait: (Sync) - ICar.support.Utils.waitForPageLoad(Utils.java:109)</small> </font> </div>
<div class="test-event"> <font color="maroon"> <small> &emsp; &emsp;--- 15 Oct 12:23:51 461 - Page URL:: https://i-car--staging.sandbox.lightning.force.com/one/one.app#eyjjb21wb25lbnrezwyioijmb3jjzvnlyxjjadpzzwfyy2hqywdlrgvza3rvccisimf0dhjpynv0zxmionsidgvybsi6ikfszxnzyw5kcmegqwnvc3rhoju0mc0wnzk5ievsifbhc28sifryiiwic2nvcgvnyxaionsidhlwzsi6ilrpuf9srvnvtfrtiiwibmftzxnwywnlijoiiiwibgfizwwioijub3agumvzdwx0cyisimxhymvsugx1cmfsijoivg9wifjlc3vsdhmilcjyzxn1bhrzq21wijoizm9yy2vtzwfyy2g6chjlzgljdgvkumvzdwx0cyj9lcjjb250zxh0ijp7ikzjtfrfulmiont9lcjzzwfyy2htb3vyy2uioijbu1nju1rbtlrfrelbte9hiiwizglzywjszuludgvudff1zxj5ijpmywxzzswizglzywjszvnwzwxsq29ycmvjdglvbii6zmfsc2usinnlyxjjaerpywxvz1nlc3npb25jzci6ijk1n2m1mmi3ltaxyjatmmzims1mymriltfiyjjly2vkzwfmmsisimrlynvnsw5mbyi6eyjhchboyw1lijoisunhcl9tzxj2awnlx0nvbnnvbguilcjhchbuexblijoiq29uc29szsisimfwce5hbwvzcgfjzsi6immilcjsb2nhdglvbii6imzvcmnlom9iamvjdehvbwvezxnrdg9wiiwic29iamvjdfr5cguioijdb21taxr0zwvftwvtymvyx19jin19lcjncm91celkijoirevgqvvmvcj9lcjzdgf0zsi6e319</small> </font> </div>
<div class="test-event"> <font color="maroon"> <small> &emsp; &emsp;--- 15 Oct 12:23:51 462 - <b>0</b> - Page Load Wait: (Sync) - ICar.support.Utils.waitForPageLoad(Utils.java:109)</small> </font> </div>
<div class="test-event"> <font color="maroon"> <small> &emsp; &emsp;--- 15 Oct 12:24:01 939 - Catched spinner load exception due to Expected condition failed: waiting for ICar.support.WaitUtils$4@3e310ae5 (tried for 10 second(s) with 500 milliseconds interval)</small> </font> </div>
<div class="test-event"> <font color="maroon"> <small> &emsp; &emsp;--- 15 Oct 12:24:01 939 - <b>10</b> - Spinner Load Wait: (Sync) - ICar.support.WaitUtils.waitForSpinner(WaitUtils.java:225)</small> </font> </div>
<div class="test-event"> <font color="maroon"> <small> &emsp; &emsp;--- 15 Oct 12:24:01 986 - Element is displayed:: [[ChromeDriver: chrome on WINDOWS (459d12ef15e5970aebea3899cd6f0a9a)] -> css selector: div.forceSearchResultsRegion div.resultsMultiWrapper >div > div table tbody th a]</small> </font> </div>
<div class="test-event"> <font color="maroon"> <small> &emsp; &emsp;--- 15 Oct 12:24:02 094 - Element is displayed:: [[ChromeDriver: chrome on WINDOWS (459d12ef15e5970aebea3899cd6f0a9a)] -> css selector: div.forceSearchResultsRegion div.resultsMultiWrapper >div > div table tbody th a]</small> </font> </div>
<div class="test-event"> <font color="maroon"> <small> &emsp; &emsp;--- 15 Oct 12:24:02 647 - Page URL:: https://i-car--staging.sandbox.lightning.force.com/one/one.app#eyjjb21wb25lbnrezwyioijmb3jjzvnlyxjjadpzzwfyy2hqywdlrgvza3rvccisimf0dhjpynv0zxmionsidgvybsi6ikfszxnzyw5kcmegqwnvc3rhoju0mc0wnzk5ievsifbhc28sifryiiwic2nvcgvnyxaionsidhlwzsi6ilrpuf9srvnvtfrtiiwibmftzxnwywnlijoiiiwibgfizwwioijub3agumvzdwx0cyisimxhymvsugx1cmfsijoivg9wifjlc3vsdhmilcjyzxn1bhrzq21wijoizm9yy2vtzwfyy2g6chjlzgljdgvkumvzdwx0cyj9lcjjb250zxh0ijp7ikzjtfrfulmiont9lcjzzwfyy2htb3vyy2uioijbu1nju1rbtlrfrelbte9hiiwizglzywjszuludgvudff1zxj5ijpmywxzzswizglzywjszvnwzwxsq29ycmvjdglvbii6zmfsc2usinnlyxjjaerpywxvz1nlc3npb25jzci6ijk1n2m1mmi3ltaxyjatmmzims1mymriltfiyjjly2vkzwfmmsisimrlynvnsw5mbyi6eyjhchboyw1lijoisunhcl9tzxj2awnlx0nvbnnvbguilcjhchbuexblijoiq29uc29szsisimfwce5hbwvzcgfjzsi6immilcjsb2nhdglvbii6imzvcmnlom9iamvjdehvbwvezxnrdg9wiiwic29iamvjdfr5cguioijdb21taxr0zwvftwvtymvyx19jin19lcjncm91celkijoirevgqvvmvcj9lcjzdgf0zsi6e319</small> </font> </div>
<div class="test-event"> <font color="maroon"> <small> &emsp; &emsp;--- 15 Oct 12:24:02 647 - <b>0</b> - Page Load Wait: (Sync) - ICar.support.Utils.waitForPageLoad(Utils.java:109)</small> </font> </div>
<div class="test-message">&emsp;Role displayed Committee Officer</div>
<div class="test-message">&emsp;Successfully verified - Contact name Alessandra Veronica Acosta whose role displayed as Committee Officer</div>
<div class="test-event"> <font color="maroon"> <small> &emsp; &emsp;--- 15 Oct 12:24:08 259 - Page URL:: https://i-car--staging.sandbox.lightning.force.com/lightning/r/committee_member__c/a371i000000ir8rqaa/view</small> </font> </div>
<div class="test-event"> <font color="maroon"> <small> &emsp; &emsp;--- 15 Oct 12:24:08 259 - <b>0</b> - Page Load Wait: (Sync) - ICar.support.Utils.waitForPageLoad(Utils.java:109)</small> </font> </div>
<div class="test-event"> <font color="maroon"> <small> &emsp; &emsp;--- 15 Oct 12:24:13 454 - Page URL:: https://i-car--staging.sandbox.lightning.force.com/lightning/r/committee_member__c/a371i000000ir8rqaa/view</small> </font> </div>
<div class="test-event"> <font color="maroon"> <small> &emsp; &emsp;--- 15 Oct 12:24:13 454 - <b>0</b> - Page Load Wait: (Sync) - ICar.support.Utils.waitForPageLoad(Utils.java:109)</small> </font> </div>
<div class="test-event"> <font color="maroon"> <small> &emsp; &emsp;--- 15 Oct 12:24:17 806 - Page URL:: https://i-car--staging.sandbox.lightning.force.com/lightning/r/committee_member__c/a371i000000ir8rqaa/view</small> </font> </div>
<div class="test-event"> <font color="maroon"> <small> &emsp; &emsp;--- 15 Oct 12:24:17 806 - <b>0</b> - Page Load Wait: (Sync) - ICar.support.Utils.waitForPageLoad(Utils.java:109)</small> </font> </div>
<div class="test-event"> <font color="maroon"> <small> &emsp; &emsp;--- 15 Oct 12:24:17 857 - Element is displayed:: [[ChromeDriver: chrome on WINDOWS (459d12ef15e5970aebea3899cd6f0a9a)] -> css selector: button[class*='search-button']]</small> </font> </div>
<div class="test-event"> <font color="maroon"> <small> &emsp; &emsp;--- 15 Oct 12:24:20 056 - Catched spinner load exception due to Expected condition failed: waiting for ICar.support.WaitUtils$4@3e310ae5 (tried for 2 second(s) with 500 milliseconds interval)</small> </font> </div>
<div class="test-event"> <font color="maroon"> <small> &emsp; &emsp;--- 15 Oct 12:24:20 056 - <b>2</b> - Spinner Load Wait: (Sync) - ICar.support.WaitUtils.waitForSpinner(WaitUtils.java:225)</small> </font> </div>
<div class="test-event"> <font color="maroon"> <small> &emsp; &emsp;--- 15 Oct 12:24:23 171 - Element is displayed:: [[ChromeDriver: chrome on WINDOWS (459d12ef15e5970aebea3899cd6f0a9a)] -> css selector: button[class*='search-button']]</small> </font> </div>
<div class="test-event"> <font color="maroon"> <small> &emsp; &emsp;--- 15 Oct 12:24:23 643 - Page URL:: https://i-car--staging.sandbox.lightning.force.com/lightning/o/committee__c/list?filtername=__recent</small> </font> </div>
<div class="test-event"> <font color="maroon"> <small> &emsp; &emsp;--- 15 Oct 12:24:23 643 - <b>0</b> - Page Load Wait: (Sync) - ICar.support.Utils.waitForPageLoad(Utils.java:109)</small> </font> </div>
<div class="test-event"> <font color="maroon"> <small> &emsp; &emsp;--- 15 Oct 12:24:43 084 - Catched spinner load exception due to Expected condition failed: waiting for ICar.support.WaitUtils$4@3e310ae5 (tried for 10 second(s) with 500 milliseconds interval)</small> </font> </div>
<div class="test-event"> <font color="maroon"> <small> &emsp; &emsp;--- 15 Oct 12:24:43 084 - <b>10</b> - Spinner Load Wait: (Sync) - ICar.support.WaitUtils.waitForSpinner(WaitUtils.java:225)</small> </font> </div>
<div class="test-event"> <font color="maroon"> <small> &emsp; &emsp;--- 15 Oct 12:24:44 011 - Page URL:: https://i-car--staging.sandbox.lightning.force.com/one/one.app#eyjjb21wb25lbnrezwyioijmb3jjzvnlyxjjadpzzwfyy2hqywdlrgvza3rvccisimf0dhjpynv0zxmionsidgvybsi6iji2mtqzmdgilcjzy29wzu1hcci6eyj0exblijoive9qx1jfu1vmvfmilcjuyw1lc3bhy2uioiiilcjsywjlbci6ilrvccbszxn1bhrziiwibgfizwxqbhvyywwioijub3agumvzdwx0cyisinjlc3vsdhndbxaioijmb3jjzvnlyxjjadpwcmvkawn0zwrszxn1bhrzin0simnvbnrlehqionsirklmvevsuyi6e30sinnlyxjjafnvdxjjzsi6ikftu0ltvefovf9esufmt0cilcjkaxnhymxlsw50zw50uxvlcnkiomzhbhnllcjkaxnhymxlu3blbgxdb3jyzwn0aw9uijpmywxzzswic2vhcmnorglhbg9nu2vzc2lvbklkijoiztbmn2u1oditngvhzs1iyjixltvjzjctn2vlodrjyjfjntiziiwizgvidwdjbmzvijp7imfwce5hbwuioijjq2fyx1nlcnzpy2vfq29uc29szsisimfwcfr5cguioijdb25zb2xliiwiyxbwtmftzxnwywnlijoiyyisimxvy2f0aw9uijoizm9yy2u6b2jqzwn0sg9tzurlc2t0b3ailcjzb2jqzwn0vhlwzsi6iknvbw1pdhrlzv9fyyj9fswiz3jvdxbjzci6ikrfrkfvtfqifswic3rhdguiont9fq%3d%3d</small> </font> </div>
<div class="test-event"> <font color="maroon"> <small> &emsp; &emsp;--- 15 Oct 12:24:44 011 - <b>0</b> - Page Load Wait: (Sync) - ICar.support.Utils.waitForPageLoad(Utils.java:109)</small> </font> </div>
<div class="test-event"> <font color="maroon"> <small> &emsp; &emsp;--- 15 Oct 12:24:55 523 - Catched spinner load exception due to Expected condition failed: waiting for ICar.support.WaitUtils$4@3e310ae5 (tried for 11 second(s) with 500 milliseconds interval)</small> </font> </div>
<div class="test-event"> <font color="maroon"> <small> &emsp; &emsp;--- 15 Oct 12:24:55 523 - <b>11</b> - Spinner Load Wait: (Sync) - ICar.support.WaitUtils.waitForSpinner(WaitUtils.java:225)</small> </font> </div>
<div class="test-event"> <font color="maroon"> <small> &emsp; &emsp;--- 15 Oct 12:24:56 520 - Page URL:: https://i-car--staging.sandbox.lightning.force.com/one/one.app#eyjjb21wb25lbnrezwyioijmb3jjzvnlyxjjadpzzwfyy2hqywdlrgvza3rvccisimf0dhjpynv0zxmionsidgvybsi6iji2mtqzmdgilcjzy29wzu1hcci6eyj0exblijoive9qx1jfu1vmvfmilcjuyw1lc3bhy2uioiiilcjsywjlbci6ilrvccbszxn1bhrziiwibgfizwxqbhvyywwioijub3agumvzdwx0cyisinjlc3vsdhndbxaioijmb3jjzvnlyxjjadpwcmvkawn0zwrszxn1bhrzin0simnvbnrlehqionsirklmvevsuyi6e30sinnlyxjjafnvdxjjzsi6ikftu0ltvefovf9esufmt0cilcjkaxnhymxlsw50zw50uxvlcnkiomzhbhnllcjkaxnhymxlu3blbgxdb3jyzwn0aw9uijpmywxzzswic2vhcmnorglhbg9nu2vzc2lvbklkijoiztbmn2u1oditngvhzs1iyjixltvjzjctn2vlodrjyjfjntiziiwizgvidwdjbmzvijp7imfwce5hbwuioijjq2fyx1nlcnzpy2vfq29uc29szsisimfwcfr5cguioijdb25zb2xliiwiyxbwtmftzxnwywnlijoiyyisimxvy2f0aw9uijoizm9yy2u6b2jqzwn0sg9tzurlc2t0b3ailcjzb2jqzwn0vhlwzsi6iknvbw1pdhrlzv9fyyj9fswiz3jvdxbjzci6ikrfrkfvtfqifswic3rhdguiont9fq%3d%3d</small> </font> </div>
<div class="test-event"> <font color="maroon"> <small> &emsp; &emsp;--- 15 Oct 12:24:56 520 - <b>0</b> - Page Load Wait: (Sync) - ICar.support.Utils.waitForPageLoad(Utils.java:109)</small> </font> </div>
<div class="test-event"> <font color="maroon"> <small> &emsp; &emsp;--- 15 Oct 12:24:56 606 - Element is displayed:: [[ChromeDriver: chrome on WINDOWS (459d12ef15e5970aebea3899cd6f0a9a)] -> xpath: //a[@title='Top Results']//span[text()='Top Results']]</small> </font> </div>
<div class="test-event"> <font color="maroon"> <small> &emsp; &emsp;--- 15 Oct 12:24:57 082 - Page URL:: https://i-car--staging.sandbox.lightning.force.com/one/one.app#eyjjb21wb25lbnrezwyioijmb3jjzvnlyxjjadpzzwfyy2hqywdlrgvza3rvccisimf0dhjpynv0zxmionsidgvybsi6iji2mtqzmdgilcjzy29wzu1hcci6eyj0exblijoive9qx1jfu1vmvfmilcjuyw1lc3bhy2uioiiilcjsywjlbci6ilrvccbszxn1bhrziiwibgfizwxqbhvyywwioijub3agumvzdwx0cyisinjlc3vsdhndbxaioijmb3jjzvnlyxjjadpwcmvkawn0zwrszxn1bhrzin0simnvbnrlehqionsirklmvevsuyi6e30sinnlyxjjafnvdxjjzsi6ikftu0ltvefovf9esufmt0cilcjkaxnhymxlsw50zw50uxvlcnkiomzhbhnllcjkaxnhymxlu3blbgxdb3jyzwn0aw9uijpmywxzzswic2vhcmnorglhbg9nu2vzc2lvbklkijoiztbmn2u1oditngvhzs1iyjixltvjzjctn2vlodrjyjfjntiziiwizgvidwdjbmzvijp7imfwce5hbwuioijjq2fyx1nlcnzpy2vfq29uc29szsisimfwcfr5cguioijdb25zb2xliiwiyxbwtmftzxnwywnlijoiyyisimxvy2f0aw9uijoizm9yy2u6b2jqzwn0sg9tzurlc2t0b3ailcjzb2jqzwn0vhlwzsi6iknvbw1pdhrlzv9fyyj9fswiz3jvdxbjzci6ikrfrkfvtfqifswic3rhdguiont9fq%3d%3d</small> </font> </div>
<div class="test-event"> <font color="maroon"> <small> &emsp; &emsp;--- 15 Oct 12:24:57 082 - <b>0</b> - Page Load Wait: (Sync) - ICar.support.Utils.waitForPageLoad(Utils.java:109)</small> </font> </div>
<div class="test-event"> <font color="maroon"> <small> &emsp; &emsp;--- 15 Oct 12:25:02 551 - Catched spinner load exception due to Expected condition failed: waiting for ICar.support.WaitUtils$4@3e310ae5 (tried for 5 second(s) with 500 milliseconds interval)</small> </font> </div>
<div class="test-event"> <font color="maroon"> <small> &emsp; &emsp;--- 15 Oct 12:25:02 551 - <b>5</b> - Spinner Load Wait: (Sync) - ICar.support.WaitUtils.waitForSpinner(WaitUtils.java:225)</small> </font> </div>
<div class="test-event"> <font color="maroon"> <small> &emsp; &emsp;--- 15 Oct 12:25:03 391 - Page URL:: https://i-car--staging.sandbox.lightning.force.com/one/one.app#eyjjb21wb25lbnrezwyioijmb3jjzvnlyxjjadpzzwfyy2hqywdlrgvza3rvccisimf0dhjpynv0zxmionsidgvybsi6iji2mtqzmdgilcjzy29wzu1hcci6eyj0exblijoive9qx1jfu1vmvfmilcjuyw1lc3bhy2uioiiilcjsywjlbci6ilrvccbszxn1bhrziiwibgfizwxqbhvyywwioijub3agumvzdwx0cyisinjlc3vsdhndbxaioijmb3jjzvnlyxjjadpwcmvkawn0zwrszxn1bhrzin0simnvbnrlehqionsirklmvevsuyi6e30sinnlyxjjafnvdxjjzsi6ikftu0ltvefovf9esufmt0cilcjkaxnhymxlsw50zw50uxvlcnkiomzhbhnllcjkaxnhymxlu3blbgxdb3jyzwn0aw9uijpmywxzzswic2vhcmnorglhbg9nu2vzc2lvbklkijoiztbmn2u1oditngvhzs1iyjixltvjzjctn2vlodrjyjfjntiziiwizgvidwdjbmzvijp7imfwce5hbwuioijjq2fyx1nlcnzpy2vfq29uc29szsisimfwcfr5cguioijdb25zb2xliiwiyxbwtmftzxnwywnlijoiyyisimxvy2f0aw9uijoizm9yy2u6b2jqzwn0sg9tzurlc2t0b3ailcjzb2jqzwn0vhlwzsi6iknvbw1pdhrlzv9fyyj9fswiz3jvdxbjzci6ikrfrkfvtfqifswic3rhdguiont9fq%3d%3d</small> </font> </div>
<div class="test-event"> <font color="maroon"> <small> &emsp; &emsp;--- 15 Oct 12:25:03 391 - <b>0</b> - Page Load Wait: (Sync) - ICar.support.Utils.waitForPageLoad(Utils.java:109)</small> </font> </div>
<div class="test-event"> <font color="maroon"> <small> &emsp; &emsp;--- 15 Oct 12:25:04 253 - Page URL:: https://i-car--staging.sandbox.lightning.force.com/one/one.app#eyjjb21wb25lbnrezwyioijmb3jjzvnlyxjjadpzzwfyy2hqywdlrgvza3rvccisimf0dhjpynv0zxmionsidgvybsi6iji2mtqzmdgilcjzy29wzu1hcci6eyj0exblijoive9qx1jfu1vmvfmilcjuyw1lc3bhy2uioiiilcjsywjlbci6ilrvccbszxn1bhrziiwibgfizwxqbhvyywwioijub3agumvzdwx0cyisinjlc3vsdhndbxaioijmb3jjzvnlyxjjadpwcmvkawn0zwrszxn1bhrzin0simnvbnrlehqionsirklmvevsuyi6e30sinnlyxjjafnvdxjjzsi6ikftu0ltvefovf9esufmt0cilcjkaxnhymxlsw50zw50uxvlcnkiomzhbhnllcjkaxnhymxlu3blbgxdb3jyzwn0aw9uijpmywxzzswic2vhcmnorglhbg9nu2vzc2lvbklkijoiztbmn2u1oditngvhzs1iyjixltvjzjctn2vlodrjyjfjntiziiwizgvidwdjbmzvijp7imfwce5hbwuioijjq2fyx1nlcnzpy2vfq29uc29szsisimfwcfr5cguioijdb25zb2xliiwiyxbwtmftzxnwywnlijoiyyisimxvy2f0aw9uijoizm9yy2u6b2jqzwn0sg9tzurlc2t0b3ailcjzb2jqzwn0vhlwzsi6iknvbw1pdhrlzv9fyyj9fswiz3jvdxbjzci6ikrfrkfvtfqifswic3rhdguiont9fq%3d%3d</small> </font> </div>
<div class="test-event"> <font color="maroon"> <small> &emsp; &emsp;--- 15 Oct 12:25:04 253 - <b>0</b> - Page Load Wait: (Sync) - ICar.support.Utils.waitForPageLoad(Utils.java:109)</small> </font> </div>
<div class="test-event"> <font color="maroon"> <small> &emsp; &emsp;--- 15 Oct 12:25:05 087 - Page URL:: https://i-car--staging.sandbox.lightning.force.com/one/one.app#eyjjb21wb25lbnrezwyioijmb3jjzvnlyxjjadpzzwfyy2hqywdlrgvza3rvccisimf0dhjpynv0zxmionsidgvybsi6iji2mtqzmdgilcjzy29wzu1hcci6eyj0exblijoive9qx1jfu1vmvfmilcjuyw1lc3bhy2uioiiilcjsywjlbci6ilrvccbszxn1bhrziiwibgfizwxqbhvyywwioijub3agumvzdwx0cyisinjlc3vsdhndbxaioijmb3jjzvnlyxjjadpwcmvkawn0zwrszxn1bhrzin0simnvbnrlehqionsirklmvevsuyi6e30sinnlyxjjafnvdxjjzsi6ikftu0ltvefovf9esufmt0cilcjkaxnhymxlsw50zw50uxvlcnkiomzhbhnllcjkaxnhymxlu3blbgxdb3jyzwn0aw9uijpmywxzzswic2vhcmnorglhbg9nu2vzc2lvbklkijoiztbmn2u1oditngvhzs1iyjixltvjzjctn2vlodrjyjfjntiziiwizgvidwdjbmzvijp7imfwce5hbwuioijjq2fyx1nlcnzpy2vfq29uc29szsisimfwcfr5cguioijdb25zb2xliiwiyxbwtmftzxnwywnlijoiyyisimxvy2f0aw9uijoizm9yy2u6b2jqzwn0sg9tzurlc2t0b3ailcjzb2jqzwn0vhlwzsi6iknvbw1pdhrlzv9fyyj9fswiz3jvdxbjzci6ikrfrkfvtfqifswic3rhdguiont9fq%3d%3d</small> </font> </div>
<div class="test-event"> <font color="maroon"> <small> &emsp; &emsp;--- 15 Oct 12:25:05 087 - <b>0</b> - Page Load Wait: (Sync) - ICar.support.Utils.waitForPageLoad(Utils.java:109)</small> </font> </div>
<div class="test-event"> <font color="maroon"> <small> &emsp; &emsp;--- 15 Oct 12:25:13 399 - Catched spinner load exception due to Expected condition failed: waiting for ICar.support.WaitUtils$4@3e310ae5 (tried for 8 second(s) with 500 milliseconds interval)</small> </font> </div>
<div class="test-event"> <font color="maroon"> <small> &emsp; &emsp;--- 15 Oct 12:25:13 399 - <b>8</b> - Spinner Load Wait: (Sync) - ICar.support.WaitUtils.waitForSpinner(WaitUtils.java:225)</small> </font> </div>
<div class="test-event"> <font color="maroon"> <small> &emsp; &emsp;--- 15 Oct 12:25:14 246 - Page URL:: https://i-car--staging.sandbox.lightning.force.com/one/one.app#eyjjb21wb25lbnrezwyioijmb3jjzvnlyxjjadpzzwfyy2hqywdlrgvza3rvccisimf0dhjpynv0zxmionsidgvybsi6iji2mtqzmdgilcjzy29wzu1hcci6eyj0exblijoive9qx1jfu1vmvfmilcjuyw1lc3bhy2uioiiilcjsywjlbci6ilrvccbszxn1bhrziiwibgfizwxqbhvyywwioijub3agumvzdwx0cyisinjlc3vsdhndbxaioijmb3jjzvnlyxjjadpwcmvkawn0zwrszxn1bhrzin0simnvbnrlehqionsirklmvevsuyi6e30sinnlyxjjafnvdxjjzsi6ikftu0ltvefovf9esufmt0cilcjkaxnhymxlsw50zw50uxvlcnkiomzhbhnllcjkaxnhymxlu3blbgxdb3jyzwn0aw9uijpmywxzzswic2vhcmnorglhbg9nu2vzc2lvbklkijoiztbmn2u1oditngvhzs1iyjixltvjzjctn2vlodrjyjfjntiziiwizgvidwdjbmzvijp7imfwce5hbwuioijjq2fyx1nlcnzpy2vfq29uc29szsisimfwcfr5cguioijdb25zb2xliiwiyxbwtmftzxnwywnlijoiyyisimxvy2f0aw9uijoizm9yy2u6b2jqzwn0sg9tzurlc2t0b3ailcjzb2jqzwn0vhlwzsi6iknvbw1pdhrlzv9fyyj9fswiz3jvdxbjzci6ikrfrkfvtfqifswic3rhdguiont9fq%3d%3d</small> </font> </div>
<div class="test-event"> <font color="maroon"> <small> &emsp; &emsp;--- 15 Oct 12:25:14 246 - <b>0</b> - Page Load Wait: (Sync) - ICar.support.Utils.waitForPageLoad(Utils.java:109)</small> </font> </div>
<div class="test-event"> <font color="maroon"> <small> &emsp; &emsp;--- 15 Oct 12:25:16 399 - Element is displayed:: [[ChromeDriver: chrome on WINDOWS (459d12ef15e5970aebea3899cd6f0a9a)] -> xpath: //div[contains(@class,'forceSearchResultsRegion')]//div[contains(@class,'resultsMultiWrapper')]/div/div[1]//following::h2//a]</small> </font> </div>
<div class="test-event"> <font color="maroon"> <small> &emsp; &emsp;--- 15 Oct 12:25:16 781 - Element is displayed:: [[ChromeDriver: chrome on WINDOWS (459d12ef15e5970aebea3899cd6f0a9a)] -> xpath: //a[text()='Contacts']]</small> </font> </div>
<div class="test-event"> <font color="maroon"> <small> &emsp; &emsp;--- 15 Oct 12:25:21 066 - Element is displayed:: [[ChromeDriver: chrome on WINDOWS (459d12ef15e5970aebea3899cd6f0a9a)] -> xpath: //div[text()='Contacts']//following :: table//tbody//th//span /a]</small> </font> </div>
<div class="test-message">&emsp;4.Enter ICAR ID  2614308</div>
<div class="test-event"> <font color="maroon"> <small> &emsp; &emsp;--- 15 Oct 12:25:29 598 - Element is displayed:: [[ChromeDriver: chrome on WINDOWS (459d12ef15e5970aebea3899cd6f0a9a)] -> xpath: //a/img[@alt='Login Image']|//button[@id='btn-login']]</small> </font> </div>
<div class="test-event"> <font color="maroon"> <small> &emsp; &emsp;--- 15 Oct 12:25:29 700 - Element is displayed:: [[ChromeDriver: chrome on WINDOWS (459d12ef15e5970aebea3899cd6f0a9a)] -> xpath: //a/img[@alt='Login Image']|//button[@id='btn-login']]</small> </font> </div>
<div class="test-message">&emsp;Successfully navigated to 'Home' Page&emsp;<a href=".\ScreenShot\B2B1054_TC02_1257324777358400.png" target="_blank" >[ScreenShot]</a></div>
<div class="test-message">&emsp;1. Home page is launched.</div>
<div class="test-event"> <font color="maroon"> <small> &emsp; &emsp;--- 15 Oct 12:25:30 039 - Page URL:: https://www.icarstage.com/</small> </font> </div>
<div class="test-event"> <font color="maroon"> <small> &emsp; &emsp;--- 15 Oct 12:25:30 039 - <b>0</b> - Page Load Wait: (Sync) - ICar.support.Utils.waitForPageLoad(Utils.java:109)</small> </font> </div>
<div class="test-event"> <font color="maroon"> <small> &emsp; &emsp;--- 15 Oct 12:25:30 085 - Element is displayed:: [[ChromeDriver: chrome on WINDOWS (459d12ef15e5970aebea3899cd6f0a9a)] -> xpath: //a/img[@alt='Login Image']|//button[@id='btn-login']]</small> </font> </div>
<div class="test-event"> <font color="maroon"> <small> &emsp; &emsp;--- 15 Oct 12:25:30 141 - Element is displayed:: [[ChromeDriver: chrome on WINDOWS (459d12ef15e5970aebea3899cd6f0a9a)] -> xpath: //a/img[@alt='Login Image']|//button[@id='btn-login']]</small> </font> </div>
<div class="test-event"> <font color="maroon"> <small> &emsp; &emsp;--- 15 Oct 12:25:50 035 - Catched spinner load exception due to Expected condition failed: waiting for ICar.support.WaitUtils$4@3e310ae5 (tried for 15 second(s) with 500 milliseconds interval)</small> </font> </div>
<div class="test-event"> <font color="maroon"> <small> &emsp; &emsp;--- 15 Oct 12:25:50 035 - <b>15</b> - Spinner Load Wait: (Sync) - ICar.support.WaitUtils.waitForSpinner(WaitUtils.java:225)</small> </font> </div>
<div class="test-message">&emsp;2. Login page  should be successfully display</div>
<div class="test-message">&emsp;Successfully navigated to 'Login' Page&emsp;<a href=".\ScreenShot\B2B1054_TC02_1257345118338200.png" target="_blank" >[ScreenShot]</a></div>
<div class="test-event"> <font color="maroon"> <small> &emsp; &emsp;--- 15 Oct 12:25:50 240 - Element is displayed:: [[ChromeDriver: chrome on WINDOWS (459d12ef15e5970aebea3899cd6f0a9a)] -> id: username]</small> </font> </div>
<div class="test-event"> <font color="maroon"> <small> &emsp; &emsp;--- 15 Oct 12:25:50 307 - Element is displayed:: [[ChromeDriver: chrome on WINDOWS (459d12ef15e5970aebea3899cd6f0a9a)] -> id: username]</small> </font> </div>
<div class="test-event"> <font color="maroon"> <small> &emsp; &emsp;--- 15 Oct 12:25:50 541 - Element is displayed:: [[ChromeDriver: chrome on WINDOWS (459d12ef15e5970aebea3899cd6f0a9a)] -> id: password]</small> </font> </div>
<div class="test-event"> <font color="maroon"> <small> &emsp; &emsp;--- 15 Oct 12:25:50 734 - Element is displayed:: [[ChromeDriver: chrome on WINDOWS (459d12ef15e5970aebea3899cd6f0a9a)] -> id: btn-login]</small> </font> </div>
<div class="test-event"> <font color="maroon"> <small> &emsp; &emsp;--- 15 Oct 12:26:04 209 - Catched spinner load exception due to Expected condition failed: waiting for ICar.support.WaitUtils$4@3e310ae5 (tried for 13 second(s) with 500 milliseconds interval)</small> </font> </div>
<div class="test-event"> <font color="maroon"> <small> &emsp; &emsp;--- 15 Oct 12:26:04 210 - <b>13</b> - Spinner Load Wait: (Sync) - ICar.support.WaitUtils.waitForSpinner(WaitUtils.java:225)</small> </font> </div>
<div class="test-event"> <font color="maroon"> <small> &emsp; &emsp;--- 15 Oct 12:26:29 913 - Catched spinner load exception due to Expected condition failed: waiting for ICar.support.WaitUtils$4@3e310ae5 (tried for 10 second(s) with 500 milliseconds interval)</small> </font> </div>
<div class="test-event"> <font color="maroon"> <small> &emsp; &emsp;--- 15 Oct 12:26:29 913 - <b>10</b> - Spinner Load Wait: (Sync) - ICar.support.WaitUtils.waitForSpinner(WaitUtils.java:225)</small> </font> </div>
<div class="test-event"> <font color="maroon"> <small> &emsp; &emsp;--- 15 Oct 12:26:29 996 - Element is displayed:: [[ChromeDriver: chrome on WINDOWS (459d12ef15e5970aebea3899cd6f0a9a)] -> xpath: //button[@value='Launch My Learning']]</small> </font> </div>
<div class="test-message">&emsp;3. Enter the user credentials as : alessa0717</div>
<div class="test-message">&emsp;Successfully navigated to 'User Home' Page&emsp;<a href=".\ScreenShot\B2B1054_TC02_1257385073629200.png" target="_blank" >[ScreenShot]</a></div>
<div class="test-message">&emsp;Link Access Committee Portal displayed in B2B Portal</div>
<div class="test-message">&emsp;Successfully verified-Access committee portal link displayed on portal</div>
<div class="test-event"> <font color="maroon"> <small> &emsp; &emsp;--- 15 Oct 12:26:31 422 - Page URL:: https://www.icarstage.com/</small> </font> </div>
<div class="test-event"> <font color="maroon"> <small> &emsp; &emsp;--- 15 Oct 12:26:31 422 - <b>0</b> - Page Load Wait: (Sync) - ICar.support.Utils.waitForPageLoad(Utils.java:109)</small> </font> </div>
<div class="test-event"> <font color="maroon"> <small> &emsp; &emsp;--- 15 Oct 12:26:31 489 - Element is displayed:: [[ChromeDriver: chrome on WINDOWS (459d12ef15e5970aebea3899cd6f0a9a)] -> xpath: //p[text()='Launch My Learning']]</small> </font> </div>
<div class="test-event"> <font color="maroon"> <small> &emsp; &emsp;--- 15 Oct 12:26:31 548 - Element is displayed:: [[ChromeDriver: chrome on WINDOWS (459d12ef15e5970aebea3899cd6f0a9a)] -> xpath: //a[text()='Access Committee Portal']]</small> </font> </div>
<div class="test-event"> <font color="maroon"> <small> &emsp; &emsp;--- 15 Oct 12:26:33 632 - Element is displayed:: [[ChromeDriver: chrome on WINDOWS (459d12ef15e5970aebea3899cd6f0a9a)] -> xpath: //a[text()='Access Committee Portal']]</small> </font> </div>
<div class="test-event"> <font color="maroon"> <small> &emsp; &emsp;--- 15 Oct 12:26:54 529 - Catched spinner load exception due to Expected condition failed: waiting for ICar.support.WaitUtils$4@3e310ae5 (tried for 15 second(s) with 500 milliseconds interval)</small> </font> </div>
<div class="test-event"> <font color="maroon"> <small> &emsp; &emsp;--- 15 Oct 12:26:54 530 - <b>15</b> - Spinner Load Wait: (Sync) - ICar.support.WaitUtils.waitForSpinner(WaitUtils.java:225)</small> </font> </div>
<div class="test-event"> <font color="maroon"> <small> &emsp; &emsp;--- 15 Oct 12:26:54 822 - Page URL:: https://my.icarstage.com/s/committee/a381i0000006tc9qai/5400799</small> </font> </div>
<div class="test-event"> <font color="maroon"> <small> &emsp; &emsp;--- 15 Oct 12:26:54 822 - <b>0</b> - Page Load Wait: (Sync) - ICar.support.Utils.waitForPageLoad(Utils.java:109)</small> </font> </div>
<div class="test-message">&emsp;Successfully navigated to 'Access committee portal' Page&emsp;<a href=".\ScreenShot\B2B1054_TC02_1257409899814200.png" target="_blank" >[ScreenShot]</a></div>
<div class="test-event"> <font color="maroon"> <small> &emsp; &emsp;--- 15 Oct 12:26:55 167 - Page URL:: https://my.icarstage.com/s/committee/a381i0000006tc9qai/5400799</small> </font> </div>
<div class="test-event"> <font color="maroon"> <small> &emsp; &emsp;--- 15 Oct 12:26:55 167 - <b>0</b> - Page Load Wait: (Sync) - ICar.support.Utils.waitForPageLoad(Utils.java:109)</small> </font> </div>
<div class="test-event"> <font color="maroon"> <small> &emsp; &emsp;--- 15 Oct 12:27:03 502 - Catched spinner load exception due to Expected condition failed: waiting for ICar.support.WaitUtils$4@3e310ae5 (tried for 8 second(s) with 500 milliseconds interval)</small> </font> </div>
<div class="test-event"> <font color="maroon"> <small> &emsp; &emsp;--- 15 Oct 12:27:03 502 - <b>8</b> - Spinner Load Wait: (Sync) - ICar.support.WaitUtils.waitForSpinner(WaitUtils.java:225)</small> </font> </div>
<div class="test-event"> <font color="maroon"> <small> &emsp; &emsp;--- 15 Oct 12:27:03 585 - Element is displayed:: [[ChromeDriver: chrome on WINDOWS (459d12ef15e5970aebea3899cd6f0a9a)] -> xpath: //article[@class='slds-card']]</small> </font> </div>
<div class="test-message">&emsp;Resources and Forms displayed at bottom of Access committee page</div>
<div class="test-event"> <font color="maroon"> <small> &emsp; &emsp;--- 15 Oct 12:27:07 873 - Page URL:: https://my.icarstage.com/s/committee/a381i0000006tc9qai/5400799</small> </font> </div>
<div class="test-event"> <font color="maroon"> <small> &emsp; &emsp;--- 15 Oct 12:27:07 873 - <b>0</b> - Page Load Wait: (Sync) - ICar.support.Utils.waitForPageLoad(Utils.java:109)</small> </font> </div>
<div class="test-event"> <font color="maroon"> <small> &emsp; &emsp;--- 15 Oct 12:27:16 266 - Catched spinner load exception due to Expected condition failed: waiting for ICar.support.WaitUtils$4@3e310ae5 (tried for 8 second(s) with 500 milliseconds interval)</small> </font> </div>
<div class="test-event"> <font color="maroon"> <small> &emsp; &emsp;--- 15 Oct 12:27:16 266 - <b>8</b> - Spinner Load Wait: (Sync) - ICar.support.WaitUtils.waitForSpinner(WaitUtils.java:225)</small> </font> </div>
<div class="test-event"> <font color="maroon"> <small> &emsp; &emsp;--- 15 Oct 12:27:16 402 - Element is displayed:: [[ChromeDriver: chrome on WINDOWS (459d12ef15e5970aebea3899cd6f0a9a)] -> xpath: //article[@class='slds-card']/div/header/div/span/span]</small> </font> </div>
<div class="test-message">&emsp;Header displayed as “Resources and Forms” in the bottom of the main committee page</div>
<div class="test-result"><br><font color="green"><strong> Test Passed. </strong></font> </div>&emsp;
&emsp;<div class="test-title"> <strong><font size = "3" color = "#0000FF">---Test Execution Ends---</font> </strong> </div>&emsp;
<div class="test-event"> <font color="maroon"> <small> &emsp; &emsp;--- 15 Oct 12:27:19 585 - TestCaseID:: B2B1054_TC03</small> </font> </div>
<div class="test-event"> <font color="maroon"> <small> &emsp; &emsp;--- 15 Oct 12:27:20 940 - <b>1</b> - Driver::initialize::Get - ICar.support.WebDriverFactory.getDriver(WebDriverFactory.java:640)</small> </font> </div>
&emsp;<div class="test-title"> <strong><font size = "3" color = "#000080">Verify the 9 links are displayed and it is displayed as order as per requirement in header of “Resources and Forms”.</font> </strong> </div>&emsp;<div><strong>Steps:</strong></div><!-- Report -->&emsp;
<div class="test-event"> <font color="maroon"> <small> &emsp; &emsp;--- 15 Oct 12:27:26 325 - Page URL:: https://i-car--staging.sandbox.my.salesforce.com/</small> </font> </div>
<div class="test-event"> <font color="maroon"> <small> &emsp; &emsp;--- 15 Oct 12:27:26 325 - <b>0</b> - Page Load Wait: (Sync) - ICar.support.Utils.waitForPageLoad(Utils.java:109)</small> </font> </div>
<div class="test-event"> <font color="maroon"> <small> &emsp; &emsp;--- 15 Oct 12:27:40 392 - Page URL:: https://i-car--staging.sandbox.my.salesforce.com/</small> </font> </div>
<div class="test-event"> <font color="maroon"> <small> &emsp; &emsp;--- 15 Oct 12:27:40 392 - <b>0</b> - Page Load Wait: (Sync) - ICar.support.Utils.waitForPageLoad(Utils.java:109)</small> </font> </div>
<div class="test-message">&emsp;Successfully navigated to 'Login' Page&emsp;<a href=".\ScreenShot\B2B1054_TC03_1257455470298000.png" target="_blank" >[ScreenShot]</a></div>
<div class="test-message">&emsp;1. Login page is launched.</div>
<div class="test-event"> <font color="maroon"> <small> &emsp; &emsp;--- 15 Oct 12:27:40 773 - Element is displayed:: [[ChromeDriver: chrome on WINDOWS (6ee722df7081215fc2280cd99207d435)] -> id: username]</small> </font> </div>
<div class="test-event"> <font color="maroon"> <small> &emsp; &emsp;--- 15 Oct 12:27:40 836 - Element is displayed:: [[ChromeDriver: chrome on WINDOWS (6ee722df7081215fc2280cd99207d435)] -> id: username]</small> </font> </div>
<div class="test-event"> <font color="maroon"> <small> &emsp; &emsp;--- 15 Oct 12:27:41 065 - Element is displayed:: [[ChromeDriver: chrome on WINDOWS (6ee722df7081215fc2280cd99207d435)] -> id: password]</small> </font> </div>
<div class="test-event"> <font color="maroon"> <small> &emsp; &emsp;--- 15 Oct 12:27:41 244 - Element is displayed:: [[ChromeDriver: chrome on WINDOWS (6ee722df7081215fc2280cd99207d435)] -> id: Login]</small> </font> </div>
<div class="test-event"> <font color="maroon"> <small> &emsp; &emsp;--- 15 Oct 12:28:16 282 - Catched spinner load exception due to Expected condition failed: waiting for ICar.support.WaitUtils$4@3e310ae5 (tried for 13 second(s) with 500 milliseconds interval)</small> </font> </div>
<div class="test-event"> <font color="maroon"> <small> &emsp; &emsp;--- 15 Oct 12:28:16 282 - <b>13</b> - Spinner Load Wait: (Sync) - ICar.support.WaitUtils.waitForSpinner(WaitUtils.java:225)</small> </font> </div>
<div class="test-event"> <font color="maroon"> <small> &emsp; &emsp;--- 15 Oct 12:28:36 841 - Catched spinner load exception due to Expected condition failed: waiting for ICar.support.WaitUtils$4@3e310ae5 (tried for 6 second(s) with 500 milliseconds interval)</small> </font> </div>
<div class="test-event"> <font color="maroon"> <small> &emsp; &emsp;--- 15 Oct 12:28:36 842 - <b>6</b> - Spinner Load Wait: (Sync) - ICar.support.WaitUtils.waitForSpinner(WaitUtils.java:225)</small> </font> </div>
<div class="test-event"> <font color="maroon"> <small> &emsp; &emsp;--- 15 Oct 12:28:36 921 - Element is displayed:: [[ChromeDriver: chrome on WINDOWS (6ee722df7081215fc2280cd99207d435)] -> css selector: button[class*='search-button']]</small> </font> </div>
<div class="test-message">&emsp;2. Navigate to 'SalesForce Page'</div>
<div class="test-event"> <font color="maroon"> <small> &emsp; &emsp;--- 15 Oct 12:28:37 102 - Page URL:: https://i-car--staging.sandbox.lightning.force.com/lightning/o/committee__c/list?filtername=__recent</small> </font> </div>
<div class="test-event"> <font color="maroon"> <small> &emsp; &emsp;--- 15 Oct 12:28:37 102 - <b>0</b> - Page Load Wait: (Sync) - ICar.support.Utils.waitForPageLoad(Utils.java:109)</small> </font> </div>
<div class="test-event"> <font color="maroon"> <small> &emsp; &emsp;--- 15 Oct 12:28:42 385 - Page URL:: https://i-car--staging.sandbox.lightning.force.com/lightning/o/committee__c/list?filtername=__recent</small> </font> </div>
<div class="test-event"> <font color="maroon"> <small> &emsp; &emsp;--- 15 Oct 12:28:42 385 - <b>0</b> - Page Load Wait: (Sync) - ICar.support.Utils.waitForPageLoad(Utils.java:109)</small> </font> </div>
<div class="test-message">&emsp;Close the tab</div>
<div class="test-message">&emsp;Successfully navigated to 'Login' Page&emsp;<a href=".\ScreenShot\B2B1054_TC03_1257523192726700.png" target="_blank" >[ScreenShot]</a></div>
<div class="test-event"> <font color="maroon"> <small> &emsp; &emsp;--- 15 Oct 12:28:53 509 - Catched spinner load exception due to Expected condition failed: waiting for ICar.support.WaitUtils$4@3e310ae5 (tried for 5 second(s) with 500 milliseconds interval)</small> </font> </div>
<div class="test-event"> <font color="maroon"> <small> &emsp; &emsp;--- 15 Oct 12:28:53 510 - <b>5</b> - Spinner Load Wait: (Sync) - ICar.support.WaitUtils.waitForSpinner(WaitUtils.java:225)</small> </font> </div>
<div class="test-event"> <font color="maroon"> <small> &emsp; &emsp;--- 15 Oct 12:28:53 663 - Page URL:: https://i-car--staging.sandbox.lightning.force.com/lightning/o/committee__c/list?filtername=__recent</small> </font> </div>
<div class="test-event"> <font color="maroon"> <small> &emsp; &emsp;--- 15 Oct 12:28:53 663 - <b>0</b> - Page Load Wait: (Sync) - ICar.support.Utils.waitForPageLoad(Utils.java:109)</small> </font> </div>
<div class="test-event"> <font color="maroon"> <small> &emsp; &emsp;--- 15 Oct 12:28:53 819 - Element is displayed:: [[ChromeDriver: chrome on WINDOWS (6ee722df7081215fc2280cd99207d435)] -> xpath: //div[contains(@class,'appLauncher ')]//button]</small> </font> </div>
<div class="test-event"> <font color="maroon"> <small> &emsp; &emsp;--- 15 Oct 12:28:53 921 - Element is displayed:: [[ChromeDriver: chrome on WINDOWS (6ee722df7081215fc2280cd99207d435)] -> xpath: //div[contains(@class,'appLauncher ')]//button]</small> </font> </div>
<div class="test-event"> <font color="maroon"> <small> &emsp; &emsp;--- 15 Oct 12:28:56 033 - Element is displayed:: [[ChromeDriver: chrome on WINDOWS (6ee722df7081215fc2280cd99207d435)] -> xpath: //input[@placeholder='Search apps and items...']]</small> </font> </div>
<div class="test-event"> <font color="maroon"> <small> &emsp; &emsp;--- 15 Oct 12:28:56 090 - Element is displayed:: [[ChromeDriver: chrome on WINDOWS (6ee722df7081215fc2280cd99207d435)] -> xpath: //input[@placeholder='Search apps and items...']]</small> </font> </div>
<div class="test-event"> <font color="maroon"> <small> &emsp; &emsp;--- 15 Oct 12:28:59 447 - Element is displayed:: [[ChromeDriver: chrome on WINDOWS (6ee722df7081215fc2280cd99207d435)] -> xpath: //lightning-formatted-rich-text/span/p/b[text()='Committees']]</small> </font> </div>
<div class="test-event"> <font color="maroon"> <small> &emsp; &emsp;--- 15 Oct 12:29:02 499 - Element is displayed:: [[ChromeDriver: chrome on WINDOWS (6ee722df7081215fc2280cd99207d435)] -> xpath: //lightning-formatted-rich-text/span/p/b[text()='Committees']]</small> </font> </div>
<div class="test-event"> <font color="maroon"> <small> &emsp; &emsp;--- 15 Oct 12:29:02 823 - Page URL:: https://i-car--staging.sandbox.lightning.force.com/lightning/o/committee__c/home</small> </font> </div>
<div class="test-event"> <font color="maroon"> <small> &emsp; &emsp;--- 15 Oct 12:29:02 823 - <b>0</b> - Page Load Wait: (Sync) - ICar.support.Utils.waitForPageLoad(Utils.java:109)</small> </font> </div>
<div class="test-event"> <font color="maroon"> <small> &emsp; &emsp;--- 15 Oct 12:29:08 055 - Catched spinner load exception due to Expected condition failed: waiting for ICar.support.WaitUtils$4@3e310ae5 (tried for 5 second(s) with 500 milliseconds interval)</small> </font> </div>
<div class="test-event"> <font color="maroon"> <small> &emsp; &emsp;--- 15 Oct 12:29:08 055 - <b>5</b> - Spinner Load Wait: (Sync) - ICar.support.WaitUtils.waitForSpinner(WaitUtils.java:225)</small> </font> </div>
<div class="test-event"> <font color="maroon"> <small> &emsp; &emsp;--- 15 Oct 12:29:08 263 - Page URL:: https://i-car--staging.sandbox.lightning.force.com/lightning/o/committee__c/list?filtername=__recent</small> </font> </div>
<div class="test-event"> <font color="maroon"> <small> &emsp; &emsp;--- 15 Oct 12:29:08 263 - <b>0</b> - Page Load Wait: (Sync) - ICar.support.Utils.waitForPageLoad(Utils.java:109)</small> </font> </div>
<div class="test-event"> <font color="maroon"> <small> &emsp; &emsp;--- 15 Oct 12:29:08 325 - Element is displayed:: [[ChromeDriver: chrome on WINDOWS (6ee722df7081215fc2280cd99207d435)] -> xpath: //div[contains(@class,'appLauncher ')]//button]</small> </font> </div>
<div class="test-event"> <font color="maroon"> <small> &emsp; &emsp;--- 15 Oct 12:29:08 388 - Element is displayed:: [[ChromeDriver: chrome on WINDOWS (6ee722df7081215fc2280cd99207d435)] -> xpath: //div[contains(@class,'appLauncher ')]//button]</small> </font> </div>
<div class="test-event"> <font color="maroon"> <small> &emsp; &emsp;--- 15 Oct 12:29:08 570 - Element is displayed:: [[ChromeDriver: chrome on WINDOWS (6ee722df7081215fc2280cd99207d435)] -> xpath: //input[@placeholder='Search apps and items...']]</small> </font> </div>
<div class="test-event"> <font color="maroon"> <small> &emsp; &emsp;--- 15 Oct 12:29:08 626 - Element is displayed:: [[ChromeDriver: chrome on WINDOWS (6ee722df7081215fc2280cd99207d435)] -> xpath: //input[@placeholder='Search apps and items...']]</small> </font> </div>
<div class="test-event"> <font color="maroon"> <small> &emsp; &emsp;--- 15 Oct 12:29:12 005 - Element is displayed:: [[ChromeDriver: chrome on WINDOWS (6ee722df7081215fc2280cd99207d435)] -> xpath: //lightning-formatted-rich-text/span/p/b[text()='Committee Members']]</small> </font> </div>
<div class="test-event"> <font color="maroon"> <small> &emsp; &emsp;--- 15 Oct 12:29:15 060 - Element is displayed:: [[ChromeDriver: chrome on WINDOWS (6ee722df7081215fc2280cd99207d435)] -> xpath: //lightning-formatted-rich-text/span/p/b[text()='Committee Members']]</small> </font> </div>
<div class="test-event"> <font color="maroon"> <small> &emsp; &emsp;--- 15 Oct 12:29:15 539 - Page URL:: https://i-car--staging.sandbox.lightning.force.com/lightning/o/committee_member__c/home</small> </font> </div>
<div class="test-event"> <font color="maroon"> <small> &emsp; &emsp;--- 15 Oct 12:29:15 539 - <b>0</b> - Page Load Wait: (Sync) - ICar.support.Utils.waitForPageLoad(Utils.java:109)</small> </font> </div>
<div class="test-message">&emsp;3. Enter the AccountName as : Alessandra Acosta:540-0799 El Paso, TX</div>
<div class="test-event"> <font color="maroon"> <small> &emsp; &emsp;--- 15 Oct 12:29:15 680 - Page URL:: https://i-car--staging.sandbox.lightning.force.com/lightning/o/committee_member__c/home</small> </font> </div>
<div class="test-event"> <font color="maroon"> <small> &emsp; &emsp;--- 15 Oct 12:29:15 680 - <b>0</b> - Page Load Wait: (Sync) - ICar.support.Utils.waitForPageLoad(Utils.java:109)</small> </font> </div>
<div class="test-event"> <font color="maroon"> <small> &emsp; &emsp;--- 15 Oct 12:29:15 721 - Element is displayed:: [[ChromeDriver: chrome on WINDOWS (6ee722df7081215fc2280cd99207d435)] -> css selector: button[class*='search-button']]</small> </font> </div>
<div class="test-event"> <font color="maroon"> <small> &emsp; &emsp;--- 15 Oct 12:29:17 996 - Catched spinner load exception due to Expected condition failed: waiting for ICar.support.WaitUtils$4@3e310ae5 (tried for 2 second(s) with 500 milliseconds interval)</small> </font> </div>
<div class="test-event"> <font color="maroon"> <small> &emsp; &emsp;--- 15 Oct 12:29:17 997 - <b>2</b> - Spinner Load Wait: (Sync) - ICar.support.WaitUtils.waitForSpinner(WaitUtils.java:225)</small> </font> </div>
<div class="test-event"> <font color="maroon"> <small> &emsp; &emsp;--- 15 Oct 12:29:21 088 - Element is displayed:: [[ChromeDriver: chrome on WINDOWS (6ee722df7081215fc2280cd99207d435)] -> css selector: button[class*='search-button']]</small> </font> </div>
<div class="test-event"> <font color="maroon"> <small> &emsp; &emsp;--- 15 Oct 12:29:21 611 - Page URL:: https://i-car--staging.sandbox.lightning.force.com/lightning/o/committee_member__c/home</small> </font> </div>
<div class="test-event"> <font color="maroon"> <small> &emsp; &emsp;--- 15 Oct 12:29:21 612 - <b>0</b> - Page Load Wait: (Sync) - ICar.support.Utils.waitForPageLoad(Utils.java:109)</small> </font> </div>
<div class="test-event"> <font color="maroon"> <small> &emsp; &emsp;--- 15 Oct 12:29:38 211 - Catched spinner load exception due to Expected condition failed: waiting for ICar.support.WaitUtils$4@3e310ae5 (tried for 10 second(s) with 500 milliseconds interval)</small> </font> </div>
<div class="test-event"> <font color="maroon"> <small> &emsp; &emsp;--- 15 Oct 12:29:38 211 - <b>10</b> - Spinner Load Wait: (Sync) - ICar.support.WaitUtils.waitForSpinner(WaitUtils.java:225)</small> </font> </div>
<div class="test-event"> <font color="maroon"> <small> &emsp; &emsp;--- 15 Oct 12:29:38 562 - Page URL:: https://i-car--staging.sandbox.lightning.force.com/one/one.app#eyjjb21wb25lbnrezwyioijmb3jjzvnlyxjjadpzzwfyy2hqywdlrgvza3rvccisimf0dhjpynv0zxmionsidgvybsi6ikfszxnzyw5kcmegqwnvc3rhoju0mc0wnzk5ievsifbhc28sifryiiwic2nvcgvnyxaionsidhlwzsi6ilrpuf9srvnvtfrtiiwibmftzxnwywnlijoiiiwibgfizwwioijub3agumvzdwx0cyisimxhymvsugx1cmfsijoivg9wifjlc3vsdhmilcjyzxn1bhrzq21wijoizm9yy2vtzwfyy2g6chjlzgljdgvkumvzdwx0cyj9lcjjb250zxh0ijp7ikzjtfrfulmiont9lcjzzwfyy2htb3vyy2uioijbu1nju1rbtlrfrelbte9hiiwizglzywjszuludgvudff1zxj5ijpmywxzzswizglzywjszvnwzwxsq29ycmvjdglvbii6zmfsc2usinnlyxjjaerpywxvz1nlc3npb25jzci6ijm4mmrhntjkltewnzctzdexzs1mzwqwlwrkyjm3n2zlmwnkmsisimrlynvnsw5mbyi6eyjhchboyw1lijoisunhcl9tzxj2awnlx0nvbnnvbguilcjhchbuexblijoiq29uc29szsisimfwce5hbwvzcgfjzsi6immilcjsb2nhdglvbii6imzvcmnlom9iamvjdehvbwvezxnrdg9wiiwic29iamvjdfr5cguioijdb21taxr0zwvftwvtymvyx19jin19lcjncm91celkijoirevgqvvmvcj9lcjzdgf0zsi6e319</small> </font> </div>
<div class="test-event"> <font color="maroon"> <small> &emsp; &emsp;--- 15 Oct 12:29:38 562 - <b>0</b> - Page Load Wait: (Sync) - ICar.support.Utils.waitForPageLoad(Utils.java:109)</small> </font> </div>
<div class="test-event"> <font color="maroon"> <small> &emsp; &emsp;--- 15 Oct 12:29:38 908 - Page URL:: https://i-car--staging.sandbox.lightning.force.com/one/one.app#eyjjb21wb25lbnrezwyioijmb3jjzvnlyxjjadpzzwfyy2hqywdlrgvza3rvccisimf0dhjpynv0zxmionsidgvybsi6ikfszxnzyw5kcmegqwnvc3rhoju0mc0wnzk5ievsifbhc28sifryiiwic2nvcgvnyxaionsidhlwzsi6ilrpuf9srvnvtfrtiiwibmftzxnwywnlijoiiiwibgfizwwioijub3agumvzdwx0cyisimxhymvsugx1cmfsijoivg9wifjlc3vsdhmilcjyzxn1bhrzq21wijoizm9yy2vtzwfyy2g6chjlzgljdgvkumvzdwx0cyj9lcjjb250zxh0ijp7ikzjtfrfulmiont9lcjzzwfyy2htb3vyy2uioijbu1nju1rbtlrfrelbte9hiiwizglzywjszuludgvudff1zxj5ijpmywxzzswizglzywjszvnwzwxsq29ycmvjdglvbii6zmfsc2usinnlyxjjaerpywxvz1nlc3npb25jzci6ijm4mmrhntjkltewnzctzdexzs1mzwqwlwrkyjm3n2zlmwnkmsisimrlynvnsw5mbyi6eyjhchboyw1lijoisunhcl9tzxj2awnlx0nvbnnvbguilcjhchbuexblijoiq29uc29szsisimfwce5hbwvzcgfjzsi6immilcjsb2nhdglvbii6imzvcmnlom9iamvjdehvbwvezxnrdg9wiiwic29iamvjdfr5cguioijdb21taxr0zwvftwvtymvyx19jin19lcjncm91celkijoirevgqvvmvcj9lcjzdgf0zsi6e319</small> </font> </div>
<div class="test-event"> <font color="maroon"> <small> &emsp; &emsp;--- 15 Oct 12:29:38 908 - <b>0</b> - Page Load Wait: (Sync) - ICar.support.Utils.waitForPageLoad(Utils.java:109)</small> </font> </div>
<div class="test-event"> <font color="maroon"> <small> &emsp; &emsp;--- 15 Oct 12:29:49 399 - Catched spinner load exception due to Expected condition failed: waiting for ICar.support.WaitUtils$4@3e310ae5 (tried for 10 second(s) with 500 milliseconds interval)</small> </font> </div>
<div class="test-event"> <font color="maroon"> <small> &emsp; &emsp;--- 15 Oct 12:29:49 400 - <b>10</b> - Spinner Load Wait: (Sync) - ICar.support.WaitUtils.waitForSpinner(WaitUtils.java:225)</small> </font> </div>
<div class="test-event"> <font color="maroon"> <small> &emsp; &emsp;--- 15 Oct 12:29:49 437 - Element is displayed:: [[ChromeDriver: chrome on WINDOWS (6ee722df7081215fc2280cd99207d435)] -> css selector: div.forceSearchResultsRegion div.resultsMultiWrapper >div > div table tbody th a]</small> </font> </div>
<div class="test-event"> <font color="maroon"> <small> &emsp; &emsp;--- 15 Oct 12:29:49 553 - Element is displayed:: [[ChromeDriver: chrome on WINDOWS (6ee722df7081215fc2280cd99207d435)] -> css selector: div.forceSearchResultsRegion div.resultsMultiWrapper >div > div table tbody th a]</small> </font> </div>
<div class="test-event"> <font color="maroon"> <small> &emsp; &emsp;--- 15 Oct 12:29:50 102 - Page URL:: https://i-car--staging.sandbox.lightning.force.com/one/one.app#eyjjb21wb25lbnrezwyioijmb3jjzvnlyxjjadpzzwfyy2hqywdlrgvza3rvccisimf0dhjpynv0zxmionsidgvybsi6ikfszxnzyw5kcmegqwnvc3rhoju0mc0wnzk5ievsifbhc28sifryiiwic2nvcgvnyxaionsidhlwzsi6ilrpuf9srvnvtfrtiiwibmftzxnwywnlijoiiiwibgfizwwioijub3agumvzdwx0cyisimxhymvsugx1cmfsijoivg9wifjlc3vsdhmilcjyzxn1bhrzq21wijoizm9yy2vtzwfyy2g6chjlzgljdgvkumvzdwx0cyj9lcjjb250zxh0ijp7ikzjtfrfulmiont9lcjzzwfyy2htb3vyy2uioijbu1nju1rbtlrfrelbte9hiiwizglzywjszuludgvudff1zxj5ijpmywxzzswizglzywjszvnwzwxsq29ycmvjdglvbii6zmfsc2usinnlyxjjaerpywxvz1nlc3npb25jzci6ijm4mmrhntjkltewnzctzdexzs1mzwqwlwrkyjm3n2zlmwnkmsisimrlynvnsw5mbyi6eyjhchboyw1lijoisunhcl9tzxj2awnlx0nvbnnvbguilcjhchbuexblijoiq29uc29szsisimfwce5hbwvzcgfjzsi6immilcjsb2nhdglvbii6imzvcmnlom9iamvjdehvbwvezxnrdg9wiiwic29iamvjdfr5cguioijdb21taxr0zwvftwvtymvyx19jin19lcjncm91celkijoirevgqvvmvcj9lcjzdgf0zsi6e319</small> </font> </div>
<div class="test-event"> <font color="maroon"> <small> &emsp; &emsp;--- 15 Oct 12:29:50 102 - <b>0</b> - Page Load Wait: (Sync) - ICar.support.Utils.waitForPageLoad(Utils.java:109)</small> </font> </div>
<div class="test-message">&emsp;Role displayed Committee Officer</div>
<div class="test-message">&emsp;Successfully verified - Contact name Alessandra Veronica Acosta whose role displayed as Committee Officer</div>
<div class="test-event"> <font color="maroon"> <small> &emsp; &emsp;--- 15 Oct 12:29:56 443 - Page URL:: https://i-car--staging.sandbox.lightning.force.com/lightning/r/committee_member__c/a371i000000ir8rqaa/view</small> </font> </div>
<div class="test-event"> <font color="maroon"> <small> &emsp; &emsp;--- 15 Oct 12:29:56 443 - <b>0</b> - Page Load Wait: (Sync) - ICar.support.Utils.waitForPageLoad(Utils.java:109)</small> </font> </div>
<div class="test-event"> <font color="maroon"> <small> &emsp; &emsp;--- 15 Oct 12:30:01 649 - Page URL:: https://i-car--staging.sandbox.lightning.force.com/lightning/r/committee_member__c/a371i000000ir8rqaa/view</small> </font> </div>
<div class="test-event"> <font color="maroon"> <small> &emsp; &emsp;--- 15 Oct 12:30:01 649 - <b>0</b> - Page Load Wait: (Sync) - ICar.support.Utils.waitForPageLoad(Utils.java:109)</small> </font> </div>
<div class="test-event"> <font color="maroon"> <small> &emsp; &emsp;--- 15 Oct 12:30:05 994 - Page URL:: https://i-car--staging.sandbox.lightning.force.com/lightning/r/committee_member__c/a371i000000ir8rqaa/view</small> </font> </div>
<div class="test-event"> <font color="maroon"> <small> &emsp; &emsp;--- 15 Oct 12:30:05 994 - <b>0</b> - Page Load Wait: (Sync) - ICar.support.Utils.waitForPageLoad(Utils.java:109)</small> </font> </div>
<div class="test-event"> <font color="maroon"> <small> &emsp; &emsp;--- 15 Oct 12:30:06 055 - Element is displayed:: [[ChromeDriver: chrome on WINDOWS (6ee722df7081215fc2280cd99207d435)] -> css selector: button[class*='search-button']]</small> </font> </div>
<div class="test-event"> <font color="maroon"> <small> &emsp; &emsp;--- 15 Oct 12:30:08 445 - Catched spinner load exception due to Expected condition failed: waiting for ICar.support.WaitUtils$4@3e310ae5 (tried for 2 second(s) with 500 milliseconds interval)</small> </font> </div>
<div class="test-event"> <font color="maroon"> <small> &emsp; &emsp;--- 15 Oct 12:30:08 445 - <b>2</b> - Spinner Load Wait: (Sync) - ICar.support.WaitUtils.waitForSpinner(WaitUtils.java:225)</small> </font> </div>
<div class="test-event"> <font color="maroon"> <small> &emsp; &emsp;--- 15 Oct 12:30:11 829 - Element is displayed:: [[ChromeDriver: chrome on WINDOWS (6ee722df7081215fc2280cd99207d435)] -> css selector: button[class*='search-button']]</small> </font> </div>
<div class="test-event"> <font color="maroon"> <small> &emsp; &emsp;--- 15 Oct 12:30:12 223 - Page URL:: https://i-car--staging.sandbox.lightning.force.com/lightning/o/committee__c/list?filtername=__recent</small> </font> </div>
<div class="test-event"> <font color="maroon"> <small> &emsp; &emsp;--- 15 Oct 12:30:12 223 - <b>0</b> - Page Load Wait: (Sync) - ICar.support.Utils.waitForPageLoad(Utils.java:109)</small> </font> </div>
<div class="test-event"> <font color="maroon"> <small> &emsp; &emsp;--- 15 Oct 12:30:31 715 - Catched spinner load exception due to Expected condition failed: waiting for ICar.support.WaitUtils$4@3e310ae5 (tried for 10 second(s) with 500 milliseconds interval)</small> </font> </div>
<div class="test-event"> <font color="maroon"> <small> &emsp; &emsp;--- 15 Oct 12:30:31 715 - <b>10</b> - Spinner Load Wait: (Sync) - ICar.support.WaitUtils.waitForSpinner(WaitUtils.java:225)</small> </font> </div>
<div class="test-event"> <font color="maroon"> <small> &emsp; &emsp;--- 15 Oct 12:30:32 854 - Page URL:: https://i-car--staging.sandbox.lightning.force.com/one/one.app#eyjjb21wb25lbnrezwyioijmb3jjzvnlyxjjadpzzwfyy2hqywdlrgvza3rvccisimf0dhjpynv0zxmionsidgvybsi6iji2mtqzmdgilcjzy29wzu1hcci6eyj0exblijoive9qx1jfu1vmvfmilcjuyw1lc3bhy2uioiiilcjsywjlbci6ilrvccbszxn1bhrziiwibgfizwxqbhvyywwioijub3agumvzdwx0cyisinjlc3vsdhndbxaioijmb3jjzvnlyxjjadpwcmvkawn0zwrszxn1bhrzin0simnvbnrlehqionsirklmvevsuyi6e30sinnlyxjjafnvdxjjzsi6ikftu0ltvefovf9esufmt0cilcjkaxnhymxlsw50zw50uxvlcnkiomzhbhnllcjkaxnhymxlu3blbgxdb3jyzwn0aw9uijpmywxzzswic2vhcmnorglhbg9nu2vzc2lvbklkijointqxzmqxmzgtowi0ys04zwfhlwexmtatymi4otlhmwnin2i0iiwizgvidwdjbmzvijp7imfwce5hbwuioijjq2fyx1nlcnzpy2vfq29uc29szsisimfwcfr5cguioijdb25zb2xliiwiyxbwtmftzxnwywnlijoiyyisimxvy2f0aw9uijoizm9yy2u6b2jqzwn0sg9tzurlc2t0b3ailcjzb2jqzwn0vhlwzsi6iknvbw1pdhrlzv9fyyj9fswiz3jvdxbjzci6ikrfrkfvtfqifswic3rhdguiont9fq%3d%3d</small> </font> </div>
<div class="test-event"> <font color="maroon"> <small> &emsp; &emsp;--- 15 Oct 12:30:32 854 - <b>1</b> - Page Load Wait: (Sync) - ICar.support.Utils.waitForPageLoad(Utils.java:109)</small> </font> </div>
<div class="test-event"> <font color="maroon"> <small> &emsp; &emsp;--- 15 Oct 12:30:44 185 - Catched spinner load exception due to Expected condition failed: waiting for ICar.support.WaitUtils$4@3e310ae5 (tried for 11 second(s) with 500 milliseconds interval)</small> </font> </div>
<div class="test-event"> <font color="maroon"> <small> &emsp; &emsp;--- 15 Oct 12:30:44 185 - <b>11</b> - Spinner Load Wait: (Sync) - ICar.support.WaitUtils.waitForSpinner(WaitUtils.java:225)</small> </font> </div>
<div class="test-event"> <font color="maroon"> <small> &emsp; &emsp;--- 15 Oct 12:30:45 095 - Page URL:: https://i-car--staging.sandbox.lightning.force.com/one/one.app#eyjjb21wb25lbnrezwyioijmb3jjzvnlyxjjadpzzwfyy2hqywdlrgvza3rvccisimf0dhjpynv0zxmionsidgvybsi6iji2mtqzmdgilcjzy29wzu1hcci6eyj0exblijoive9qx1jfu1vmvfmilcjuyw1lc3bhy2uioiiilcjsywjlbci6ilrvccbszxn1bhrziiwibgfizwxqbhvyywwioijub3agumvzdwx0cyisinjlc3vsdhndbxaioijmb3jjzvnlyxjjadpwcmvkawn0zwrszxn1bhrzin0simnvbnrlehqionsirklmvevsuyi6e30sinnlyxjjafnvdxjjzsi6ikftu0ltvefovf9esufmt0cilcjkaxnhymxlsw50zw50uxvlcnkiomzhbhnllcjkaxnhymxlu3blbgxdb3jyzwn0aw9uijpmywxzzswic2vhcmnorglhbg9nu2vzc2lvbklkijointqxzmqxmzgtowi0ys04zwfhlwexmtatymi4otlhmwnin2i0iiwizgvidwdjbmzvijp7imfwce5hbwuioijjq2fyx1nlcnzpy2vfq29uc29szsisimfwcfr5cguioijdb25zb2xliiwiyxbwtmftzxnwywnlijoiyyisimxvy2f0aw9uijoizm9yy2u6b2jqzwn0sg9tzurlc2t0b3ailcjzb2jqzwn0vhlwzsi6iknvbw1pdhrlzv9fyyj9fswiz3jvdxbjzci6ikrfrkfvtfqifswic3rhdguiont9fq%3d%3d</small> </font> </div>
<div class="test-event"> <font color="maroon"> <small> &emsp; &emsp;--- 15 Oct 12:30:45 095 - <b>0</b> - Page Load Wait: (Sync) - ICar.support.Utils.waitForPageLoad(Utils.java:109)</small> </font> </div>
<div class="test-event"> <font color="maroon"> <small> &emsp; &emsp;--- 15 Oct 12:30:45 159 - Element is displayed:: [[ChromeDriver: chrome on WINDOWS (6ee722df7081215fc2280cd99207d435)] -> xpath: //a[@title='Top Results']//span[text()='Top Results']]</small> </font> </div>
<div class="test-event"> <font color="maroon"> <small> &emsp; &emsp;--- 15 Oct 12:30:45 589 - Page URL:: https://i-car--staging.sandbox.lightning.force.com/one/one.app#eyjjb21wb25lbnrezwyioijmb3jjzvnlyxjjadpzzwfyy2hqywdlrgvza3rvccisimf0dhjpynv0zxmionsidgvybsi6iji2mtqzmdgilcjzy29wzu1hcci6eyj0exblijoive9qx1jfu1vmvfmilcjuyw1lc3bhy2uioiiilcjsywjlbci6ilrvccbszxn1bhrziiwibgfizwxqbhvyywwioijub3agumvzdwx0cyisinjlc3vsdhndbxaioijmb3jjzvnlyxjjadpwcmvkawn0zwrszxn1bhrzin0simnvbnrlehqionsirklmvevsuyi6e30sinnlyxjjafnvdxjjzsi6ikftu0ltvefovf9esufmt0cilcjkaxnhymxlsw50zw50uxvlcnkiomzhbhnllcjkaxnhymxlu3blbgxdb3jyzwn0aw9uijpmywxzzswic2vhcmnorglhbg9nu2vzc2lvbklkijointqxzmqxmzgtowi0ys04zwfhlwexmtatymi4otlhmwnin2i0iiwizgvidwdjbmzvijp7imfwce5hbwuioijjq2fyx1nlcnzpy2vfq29uc29szsisimfwcfr5cguioijdb25zb2xliiwiyxbwtmftzxnwywnlijoiyyisimxvy2f0aw9uijoizm9yy2u6b2jqzwn0sg9tzurlc2t0b3ailcjzb2jqzwn0vhlwzsi6iknvbw1pdhrlzv9fyyj9fswiz3jvdxbjzci6ikrfrkfvtfqifswic3rhdguiont9fq%3d%3d</small> </font> </div>
<div class="test-event"> <font color="maroon"> <small> &emsp; &emsp;--- 15 Oct 12:30:45 589 - <b>0</b> - Page Load Wait: (Sync) - ICar.support.Utils.waitForPageLoad(Utils.java:109)</small> </font> </div>
<div class="test-event"> <font color="maroon"> <small> &emsp; &emsp;--- 15 Oct 12:30:51 011 - Catched spinner load exception due to Expected condition failed: waiting for ICar.support.WaitUtils$4@3e310ae5 (tried for 5 second(s) with 500 milliseconds interval)</small> </font> </div>
<div class="test-event"> <font color="maroon"> <small> &emsp; &emsp;--- 15 Oct 12:30:51 011 - <b>5</b> - Spinner Load Wait: (Sync) - ICar.support.WaitUtils.waitForSpinner(WaitUtils.java:225)</small> </font> </div>
<div class="test-event"> <font color="maroon"> <small> &emsp; &emsp;--- 15 Oct 12:30:51 837 - Page URL:: https://i-car--staging.sandbox.lightning.force.com/one/one.app#eyjjb21wb25lbnrezwyioijmb3jjzvnlyxjjadpzzwfyy2hqywdlrgvza3rvccisimf0dhjpynv0zxmionsidgvybsi6iji2mtqzmdgilcjzy29wzu1hcci6eyj0exblijoive9qx1jfu1vmvfmilcjuyw1lc3bhy2uioiiilcjsywjlbci6ilrvccbszxn1bhrziiwibgfizwxqbhvyywwioijub3agumvzdwx0cyisinjlc3vsdhndbxaioijmb3jjzvnlyxjjadpwcmvkawn0zwrszxn1bhrzin0simnvbnrlehqionsirklmvevsuyi6e30sinnlyxjjafnvdxjjzsi6ikftu0ltvefovf9esufmt0cilcjkaxnhymxlsw50zw50uxvlcnkiomzhbhnllcjkaxnhymxlu3blbgxdb3jyzwn0aw9uijpmywxzzswic2vhcmnorglhbg9nu2vzc2lvbklkijointqxzmqxmzgtowi0ys04zwfhlwexmtatymi4otlhmwnin2i0iiwizgvidwdjbmzvijp7imfwce5hbwuioijjq2fyx1nlcnzpy2vfq29uc29szsisimfwcfr5cguioijdb25zb2xliiwiyxbwtmftzxnwywnlijoiyyisimxvy2f0aw9uijoizm9yy2u6b2jqzwn0sg9tzurlc2t0b3ailcjzb2jqzwn0vhlwzsi6iknvbw1pdhrlzv9fyyj9fswiz3jvdxbjzci6ikrfrkfvtfqifswic3rhdguiont9fq%3d%3d</small> </font> </div>
<div class="test-event"> <font color="maroon"> <small> &emsp; &emsp;--- 15 Oct 12:30:51 837 - <b>0</b> - Page Load Wait: (Sync) - ICar.support.Utils.waitForPageLoad(Utils.java:109)</small> </font> </div>
<div class="test-event"> <font color="maroon"> <small> &emsp; &emsp;--- 15 Oct 12:30:52 798 - Page URL:: https://i-car--staging.sandbox.lightning.force.com/one/one.app#eyjjb21wb25lbnrezwyioijmb3jjzvnlyxjjadpzzwfyy2hqywdlrgvza3rvccisimf0dhjpynv0zxmionsidgvybsi6iji2mtqzmdgilcjzy29wzu1hcci6eyj0exblijoive9qx1jfu1vmvfmilcjuyw1lc3bhy2uioiiilcjsywjlbci6ilrvccbszxn1bhrziiwibgfizwxqbhvyywwioijub3agumvzdwx0cyisinjlc3vsdhndbxaioijmb3jjzvnlyxjjadpwcmvkawn0zwrszxn1bhrzin0simnvbnrlehqionsirklmvevsuyi6e30sinnlyxjjafnvdxjjzsi6ikftu0ltvefovf9esufmt0cilcjkaxnhymxlsw50zw50uxvlcnkiomzhbhnllcjkaxnhymxlu3blbgxdb3jyzwn0aw9uijpmywxzzswic2vhcmnorglhbg9nu2vzc2lvbklkijointqxzmqxmzgtowi0ys04zwfhlwexmtatymi4otlhmwnin2i0iiwizgvidwdjbmzvijp7imfwce5hbwuioijjq2fyx1nlcnzpy2vfq29uc29szsisimfwcfr5cguioijdb25zb2xliiwiyxbwtmftzxnwywnlijoiyyisimxvy2f0aw9uijoizm9yy2u6b2jqzwn0sg9tzurlc2t0b3ailcjzb2jqzwn0vhlwzsi6iknvbw1pdhrlzv9fyyj9fswiz3jvdxbjzci6ikrfrkfvtfqifswic3rhdguiont9fq%3d%3d</small> </font> </div>
<div class="test-event"> <font color="maroon"> <small> &emsp; &emsp;--- 15 Oct 12:30:52 798 - <b>0</b> - Page Load Wait: (Sync) - ICar.support.Utils.waitForPageLoad(Utils.java:109)</small> </font> </div>
<div class="test-event"> <font color="maroon"> <small> &emsp; &emsp;--- 15 Oct 12:30:53 630 - Page URL:: https://i-car--staging.sandbox.lightning.force.com/one/one.app#eyjjb21wb25lbnrezwyioijmb3jjzvnlyxjjadpzzwfyy2hqywdlrgvza3rvccisimf0dhjpynv0zxmionsidgvybsi6iji2mtqzmdgilcjzy29wzu1hcci6eyj0exblijoive9qx1jfu1vmvfmilcjuyw1lc3bhy2uioiiilcjsywjlbci6ilrvccbszxn1bhrziiwibgfizwxqbhvyywwioijub3agumvzdwx0cyisinjlc3vsdhndbxaioijmb3jjzvnlyxjjadpwcmvkawn0zwrszxn1bhrzin0simnvbnrlehqionsirklmvevsuyi6e30sinnlyxjjafnvdxjjzsi6ikftu0ltvefovf9esufmt0cilcjkaxnhymxlsw50zw50uxvlcnkiomzhbhnllcjkaxnhymxlu3blbgxdb3jyzwn0aw9uijpmywxzzswic2vhcmnorglhbg9nu2vzc2lvbklkijointqxzmqxmzgtowi0ys04zwfhlwexmtatymi4otlhmwnin2i0iiwizgvidwdjbmzvijp7imfwce5hbwuioijjq2fyx1nlcnzpy2vfq29uc29szsisimfwcfr5cguioijdb25zb2xliiwiyxbwtmftzxnwywnlijoiyyisimxvy2f0aw9uijoizm9yy2u6b2jqzwn0sg9tzurlc2t0b3ailcjzb2jqzwn0vhlwzsi6iknvbw1pdhrlzv9fyyj9fswiz3jvdxbjzci6ikrfrkfvtfqifswic3rhdguiont9fq%3d%3d</small> </font> </div>
<div class="test-event"> <font color="maroon"> <small> &emsp; &emsp;--- 15 Oct 12:30:53 630 - <b>0</b> - Page Load Wait: (Sync) - ICar.support.Utils.waitForPageLoad(Utils.java:109)</small> </font> </div>
<div class="test-event"> <font color="maroon"> <small> &emsp; &emsp;--- 15 Oct 12:31:01 927 - Catched spinner load exception due to Expected condition failed: waiting for ICar.support.WaitUtils$4@3e310ae5 (tried for 8 second(s) with 500 milliseconds interval)</small> </font> </div>
<div class="test-event"> <font color="maroon"> <small> &emsp; &emsp;--- 15 Oct 12:31:01 927 - <b>8</b> - Spinner Load Wait: (Sync) - ICar.support.WaitUtils.waitForSpinner(WaitUtils.java:225)</small> </font> </div>
<div class="test-event"> <font color="maroon"> <small> &emsp; &emsp;--- 15 Oct 12:31:02 740 - Page URL:: https://i-car--staging.sandbox.lightning.force.com/one/one.app#eyjjb21wb25lbnrezwyioijmb3jjzvnlyxjjadpzzwfyy2hqywdlrgvza3rvccisimf0dhjpynv0zxmionsidgvybsi6iji2mtqzmdgilcjzy29wzu1hcci6eyj0exblijoive9qx1jfu1vmvfmilcjuyw1lc3bhy2uioiiilcjsywjlbci6ilrvccbszxn1bhrziiwibgfizwxqbhvyywwioijub3agumvzdwx0cyisinjlc3vsdhndbxaioijmb3jjzvnlyxjjadpwcmvkawn0zwrszxn1bhrzin0simnvbnrlehqionsirklmvevsuyi6e30sinnlyxjjafnvdxjjzsi6ikftu0ltvefovf9esufmt0cilcjkaxnhymxlsw50zw50uxvlcnkiomzhbhnllcjkaxnhymxlu3blbgxdb3jyzwn0aw9uijpmywxzzswic2vhcmnorglhbg9nu2vzc2lvbklkijointqxzmqxmzgtowi0ys04zwfhlwexmtatymi4otlhmwnin2i0iiwizgvidwdjbmzvijp7imfwce5hbwuioijjq2fyx1nlcnzpy2vfq29uc29szsisimfwcfr5cguioijdb25zb2xliiwiyxbwtmftzxnwywnlijoiyyisimxvy2f0aw9uijoizm9yy2u6b2jqzwn0sg9tzurlc2t0b3ailcjzb2jqzwn0vhlwzsi6iknvbw1pdhrlzv9fyyj9fswiz3jvdxbjzci6ikrfrkfvtfqifswic3rhdguiont9fq%3d%3d</small> </font> </div>
<div class="test-event"> <font color="maroon"> <small> &emsp; &emsp;--- 15 Oct 12:31:02 740 - <b>0</b> - Page Load Wait: (Sync) - ICar.support.Utils.waitForPageLoad(Utils.java:109)</small> </font> </div>
<div class="test-event"> <font color="maroon"> <small> &emsp; &emsp;--- 15 Oct 12:31:04 878 - Element is displayed:: [[ChromeDriver: chrome on WINDOWS (6ee722df7081215fc2280cd99207d435)] -> xpath: //div[contains(@class,'forceSearchResultsRegion')]//div[contains(@class,'resultsMultiWrapper')]/div/div[1]//following::h2//a]</small> </font> </div>
<div class="test-event"> <font color="maroon"> <small> &emsp; &emsp;--- 15 Oct 12:31:05 077 - Element is displayed:: [[ChromeDriver: chrome on WINDOWS (6ee722df7081215fc2280cd99207d435)] -> xpath: //a[text()='Contacts']]</small> </font> </div>
<div class="test-event"> <font color="maroon"> <small> &emsp; &emsp;--- 15 Oct 12:31:09 162 - Element is displayed:: [[ChromeDriver: chrome on WINDOWS (6ee722df7081215fc2280cd99207d435)] -> xpath: //div[text()='Contacts']//following :: table//tbody//th//span /a]</small> </font> </div>
<div class="test-message">&emsp;4.Enter ICAR ID  2614308</div>
<div class="test-event"> <font color="maroon"> <small> &emsp; &emsp;--- 15 Oct 12:31:18 713 - Element is displayed:: [[ChromeDriver: chrome on WINDOWS (6ee722df7081215fc2280cd99207d435)] -> xpath: //a/img[@alt='Login Image']|//button[@id='btn-login']]</small> </font> </div>
<div class="test-event"> <font color="maroon"> <small> &emsp; &emsp;--- 15 Oct 12:31:18 774 - Element is displayed:: [[ChromeDriver: chrome on WINDOWS (6ee722df7081215fc2280cd99207d435)] -> xpath: //a/img[@alt='Login Image']|//button[@id='btn-login']]</small> </font> </div>
<div class="test-message">&emsp;Successfully navigated to 'Home' Page&emsp;<a href=".\ScreenShot\B2B1054_TC03_1257673850935100.png" target="_blank" >[ScreenShot]</a></div>
<div class="test-message">&emsp;1. Home page is launched.</div>
<div class="test-event"> <font color="maroon"> <small> &emsp; &emsp;--- 15 Oct 12:31:19 470 - Page URL:: https://www.icarstage.com/</small> </font> </div>
<div class="test-event"> <font color="maroon"> <small> &emsp; &emsp;--- 15 Oct 12:31:19 470 - <b>0</b> - Page Load Wait: (Sync) - ICar.support.Utils.waitForPageLoad(Utils.java:109)</small> </font> </div>
<div class="test-event"> <font color="maroon"> <small> &emsp; &emsp;--- 15 Oct 12:31:19 516 - Element is displayed:: [[ChromeDriver: chrome on WINDOWS (6ee722df7081215fc2280cd99207d435)] -> xpath: //a/img[@alt='Login Image']|//button[@id='btn-login']]</small> </font> </div>
<div class="test-event"> <font color="maroon"> <small> &emsp; &emsp;--- 15 Oct 12:31:19 586 - Element is displayed:: [[ChromeDriver: chrome on WINDOWS (6ee722df7081215fc2280cd99207d435)] -> xpath: //a/img[@alt='Login Image']|//button[@id='btn-login']]</small> </font> </div>
<div class="test-event"> <font color="maroon"> <small> &emsp; &emsp;--- 15 Oct 12:31:37 689 - Catched spinner load exception due to Expected condition failed: waiting for ICar.support.WaitUtils$4@3e310ae5 (tried for 15 second(s) with 500 milliseconds interval)</small> </font> </div>
<div class="test-event"> <font color="maroon"> <small> &emsp; &emsp;--- 15 Oct 12:31:37 689 - <b>15</b> - Spinner Load Wait: (Sync) - ICar.support.WaitUtils.waitForSpinner(WaitUtils.java:225)</small> </font> </div>
<div class="test-message">&emsp;2. Login page  should be successfully display</div>
<div class="test-message">&emsp;Successfully navigated to 'Login' Page&emsp;<a href=".\ScreenShot\B2B1054_TC03_1257692769104900.png" target="_blank" >[ScreenShot]</a></div>
<div class="test-event"> <font color="maroon"> <small> &emsp; &emsp;--- 15 Oct 12:31:37 915 - Element is displayed:: [[ChromeDriver: chrome on WINDOWS (6ee722df7081215fc2280cd99207d435)] -> id: username]</small> </font> </div>
<div class="test-event"> <font color="maroon"> <small> &emsp; &emsp;--- 15 Oct 12:31:38 008 - Element is displayed:: [[ChromeDriver: chrome on WINDOWS (6ee722df7081215fc2280cd99207d435)] -> id: username]</small> </font> </div>
<div class="test-event"> <font color="maroon"> <small> &emsp; &emsp;--- 15 Oct 12:31:38 246 - Element is displayed:: [[ChromeDriver: chrome on WINDOWS (6ee722df7081215fc2280cd99207d435)] -> id: password]</small> </font> </div>
<div class="test-event"> <font color="maroon"> <small> &emsp; &emsp;--- 15 Oct 12:31:38 416 - Element is displayed:: [[ChromeDriver: chrome on WINDOWS (6ee722df7081215fc2280cd99207d435)] -> id: btn-login]</small> </font> </div>
<div class="test-event"> <font color="maroon"> <small> &emsp; &emsp;--- 15 Oct 12:31:51 822 - Catched spinner load exception due to Expected condition failed: waiting for ICar.support.WaitUtils$4@3e310ae5 (tried for 13 second(s) with 500 milliseconds interval)</small> </font> </div>
<div class="test-event"> <font color="maroon"> <small> &emsp; &emsp;--- 15 Oct 12:31:51 822 - <b>13</b> - Spinner Load Wait: (Sync) - ICar.support.WaitUtils.waitForSpinner(WaitUtils.java:225)</small> </font> </div>
<div class="test-event"> <font color="maroon"> <small> &emsp; &emsp;--- 15 Oct 12:32:15 245 - Catched spinner load exception due to Expected condition failed: waiting for ICar.support.WaitUtils$4@3e310ae5 (tried for 10 second(s) with 500 milliseconds interval)</small> </font> </div>
<div class="test-event"> <font color="maroon"> <small> &emsp; &emsp;--- 15 Oct 12:32:15 245 - <b>10</b> - Spinner Load Wait: (Sync) - ICar.support.WaitUtils.waitForSpinner(WaitUtils.java:225)</small> </font> </div>
<div class="test-event"> <font color="maroon"> <small> &emsp; &emsp;--- 15 Oct 12:32:15 342 - Element is displayed:: [[ChromeDriver: chrome on WINDOWS (6ee722df7081215fc2280cd99207d435)] -> xpath: //button[@value='Launch My Learning']]</small> </font> </div>
<div class="test-message">&emsp;3. Enter the user credentials as : alessa0717</div>
<div class="test-message">&emsp;Successfully navigated to 'User Home' Page&emsp;<a href=".\ScreenShot\B2B1054_TC03_1257730418751500.png" target="_blank" >[ScreenShot]</a></div>
<div class="test-message">&emsp;Link Access Committee Portal displayed in B2B Portal</div>
<div class="test-message">&emsp;Successfully verified-Access committee portal link displayed on portal</div>
<div class="test-event"> <font color="maroon"> <small> &emsp; &emsp;--- 15 Oct 12:32:16 912 - Page URL:: https://www.icarstage.com/</small> </font> </div>
<div class="test-event"> <font color="maroon"> <small> &emsp; &emsp;--- 15 Oct 12:32:16 912 - <b>0</b> - Page Load Wait: (Sync) - ICar.support.Utils.waitForPageLoad(Utils.java:109)</small> </font> </div>
<div class="test-event"> <font color="maroon"> <small> &emsp; &emsp;--- 15 Oct 12:32:16 972 - Element is displayed:: [[ChromeDriver: chrome on WINDOWS (6ee722df7081215fc2280cd99207d435)] -> xpath: //p[text()='Launch My Learning']]</small> </font> </div>
<div class="test-event"> <font color="maroon"> <small> &emsp; &emsp;--- 15 Oct 12:32:17 010 - Element is displayed:: [[ChromeDriver: chrome on WINDOWS (6ee722df7081215fc2280cd99207d435)] -> xpath: //a[text()='Access Committee Portal']]</small> </font> </div>
<div class="test-event"> <font color="maroon"> <small> &emsp; &emsp;--- 15 Oct 12:32:19 106 - Element is displayed:: [[ChromeDriver: chrome on WINDOWS (6ee722df7081215fc2280cd99207d435)] -> xpath: //a[text()='Access Committee Portal']]</small> </font> </div>
<div class="test-event"> <font color="maroon"> <small> &emsp; &emsp;--- 15 Oct 12:32:41 723 - Catched spinner load exception due to Expected condition failed: waiting for ICar.support.WaitUtils$4@3e310ae5 (tried for 15 second(s) with 500 milliseconds interval)</small> </font> </div>
<div class="test-event"> <font color="maroon"> <small> &emsp; &emsp;--- 15 Oct 12:32:41 723 - <b>15</b> - Spinner Load Wait: (Sync) - ICar.support.WaitUtils.waitForSpinner(WaitUtils.java:225)</small> </font> </div>
<div class="test-event"> <font color="maroon"> <small> &emsp; &emsp;--- 15 Oct 12:32:41 999 - Page URL:: https://my.icarstage.com/s/committee/a381i0000006tc9qai/5400799</small> </font> </div>
<div class="test-event"> <font color="maroon"> <small> &emsp; &emsp;--- 15 Oct 12:32:41 999 - <b>0</b> - Page Load Wait: (Sync) - ICar.support.Utils.waitForPageLoad(Utils.java:109)</small> </font> </div>
<div class="test-message">&emsp;Successfully navigated to 'Access committee portal' Page&emsp;<a href=".\ScreenShot\B2B1054_TC03_1257757076123800.png" target="_blank" >[ScreenShot]</a></div>
<div class="test-event"> <font color="maroon"> <small> &emsp; &emsp;--- 15 Oct 12:32:42 348 - Page URL:: https://my.icarstage.com/s/committee/a381i0000006tc9qai/5400799</small> </font> </div>
<div class="test-event"> <font color="maroon"> <small> &emsp; &emsp;--- 15 Oct 12:32:42 348 - <b>0</b> - Page Load Wait: (Sync) - ICar.support.Utils.waitForPageLoad(Utils.java:109)</small> </font> </div>
<div class="test-event"> <font color="maroon"> <small> &emsp; &emsp;--- 15 Oct 12:32:50 763 - Catched spinner load exception due to Expected condition failed: waiting for ICar.support.WaitUtils$4@3e310ae5 (tried for 8 second(s) with 500 milliseconds interval)</small> </font> </div>
<div class="test-event"> <font color="maroon"> <small> &emsp; &emsp;--- 15 Oct 12:32:50 763 - <b>8</b> - Spinner Load Wait: (Sync) - ICar.support.WaitUtils.waitForSpinner(WaitUtils.java:225)</small> </font> </div>
<div class="test-event"> <font color="maroon"> <small> &emsp; &emsp;--- 15 Oct 12:32:50 824 - Element is displayed:: [[ChromeDriver: chrome on WINDOWS (6ee722df7081215fc2280cd99207d435)] -> xpath: //article[@class='slds-card']]</small> </font> </div>
<div class="test-message">&emsp;Resources and Forms displayed at bottom of Access committee page</div>
<div class="test-event"> <font color="maroon"> <small> &emsp; &emsp;--- 15 Oct 12:32:55 233 - Page URL:: https://my.icarstage.com/s/committee/a381i0000006tc9qai/5400799</small> </font> </div>
<div class="test-event"> <font color="maroon"> <small> &emsp; &emsp;--- 15 Oct 12:32:55 233 - <b>0</b> - Page Load Wait: (Sync) - ICar.support.Utils.waitForPageLoad(Utils.java:109)</small> </font> </div>
<div class="test-event"> <font color="maroon"> <small> &emsp; &emsp;--- 15 Oct 12:33:03 561 - Catched spinner load exception due to Expected condition failed: waiting for ICar.support.WaitUtils$4@3e310ae5 (tried for 8 second(s) with 500 milliseconds interval)</small> </font> </div>
<div class="test-event"> <font color="maroon"> <small> &emsp; &emsp;--- 15 Oct 12:33:03 561 - <b>8</b> - Spinner Load Wait: (Sync) - ICar.support.WaitUtils.waitForSpinner(WaitUtils.java:225)</small> </font> </div>
<div class="test-event"> <font color="maroon"> <small> &emsp; &emsp;--- 15 Oct 12:33:03 624 - Element is displayed:: [[ChromeDriver: chrome on WINDOWS (6ee722df7081215fc2280cd99207d435)] -> xpath: //article[@class='slds-card']/div/header/div/span/span]</small> </font> </div>
<div class="test-message">&emsp;Header displayed as “Resources and Forms” in the bottom of the main committee page</div>
<div class="test-event"> <font color="maroon"> <small> &emsp; &emsp;--- 15 Oct 12:33:05 810 - Page URL:: https://my.icarstage.com/s/committee/a381i0000006tc9qai/5400799</small> </font> </div>
<div class="test-event"> <font color="maroon"> <small> &emsp; &emsp;--- 15 Oct 12:33:05 811 - <b>0</b> - Page Load Wait: (Sync) - ICar.support.Utils.waitForPageLoad(Utils.java:109)</small> </font> </div>
<div class="test-event"> <font color="maroon"> <small> &emsp; &emsp;--- 15 Oct 12:33:14 134 - Catched spinner load exception due to Expected condition failed: waiting for ICar.support.WaitUtils$4@3e310ae5 (tried for 8 second(s) with 500 milliseconds interval)</small> </font> </div>
<div class="test-event"> <font color="maroon"> <small> &emsp; &emsp;--- 15 Oct 12:33:14 134 - <b>8</b> - Spinner Load Wait: (Sync) - ICar.support.WaitUtils.waitForSpinner(WaitUtils.java:225)</small> </font> </div>
<div class="test-event"> <font color="maroon"> <small> &emsp; &emsp;--- 15 Oct 12:33:14 181 - Element is displayed:: [[ChromeDriver: chrome on WINDOWS (6ee722df7081215fc2280cd99207d435)] -> xpath: //div[@class='slds-card__body']/div/div/div/div/a]</small> </font> </div>
<div class="test-message">&emsp;Resources and forms links are displayed and in order</div>
<div class="test-result"><br><font color="green"><strong> Test Passed. </strong></font> </div>&emsp;
&emsp;<div class="test-title"> <strong><font size = "3" color = "#0000FF">---Test Execution Ends---</font> </strong> </div>&emsp;
<div class="test-event"> <font color="maroon"> <small> &emsp; &emsp;--- 15 Oct 12:33:17 933 - TestCaseID:: B2B1054_TC04</small> </font> </div>
<div class="test-event"> <font color="maroon"> <small> &emsp; &emsp;--- 15 Oct 12:33:21 060 - <b>3</b> - Driver::initialize::Get - ICar.support.WebDriverFactory.getDriver(WebDriverFactory.java:640)</small> </font> </div>
&emsp;<div class="test-title"> <strong><font size = "3" color = "#000080">Verify the New tab is displayed the file when click on the respective link under the Resources and forms section.</font> </strong> </div>&emsp;<div><strong>Steps:</strong></div><!-- Report -->&emsp;
<div class="test-event"> <font color="maroon"> <small> &emsp; &emsp;--- 15 Oct 12:33:26 850 - Page URL:: https://i-car--staging.sandbox.my.salesforce.com/</small> </font> </div>
<div class="test-event"> <font color="maroon"> <small> &emsp; &emsp;--- 15 Oct 12:33:26 850 - <b>0</b> - Page Load Wait: (Sync) - ICar.support.Utils.waitForPageLoad(Utils.java:109)</small> </font> </div>
<div class="test-message">&emsp;Successfully navigated to 'Login' Page&emsp;<a href=".\ScreenShot\B2B1054_TC04_1257801927120300.png" target="_blank" >[ScreenShot]</a></div>
<div class="test-message">&emsp;1. Login page is launched.</div>
<div class="test-event"> <font color="maroon"> <small> &emsp; &emsp;--- 15 Oct 12:33:27 117 - Element is displayed:: [[ChromeDriver: chrome on WINDOWS (9d4513637dea9ca18b363fc16d7a0555)] -> id: username]</small> </font> </div>
<div class="test-event"> <font color="maroon"> <small> &emsp; &emsp;--- 15 Oct 12:33:27 172 - Element is displayed:: [[ChromeDriver: chrome on WINDOWS (9d4513637dea9ca18b363fc16d7a0555)] -> id: username]</small> </font> </div>
<div class="test-event"> <font color="maroon"> <small> &emsp; &emsp;--- 15 Oct 12:33:27 397 - Element is displayed:: [[ChromeDriver: chrome on WINDOWS (9d4513637dea9ca18b363fc16d7a0555)] -> id: password]</small> </font> </div>
<div class="test-event"> <font color="maroon"> <small> &emsp; &emsp;--- 15 Oct 12:33:27 589 - Element is displayed:: [[ChromeDriver: chrome on WINDOWS (9d4513637dea9ca18b363fc16d7a0555)] -> id: Login]</small> </font> </div>
<div class="test-event"> <font color="maroon"> <small> &emsp; &emsp;--- 15 Oct 12:34:02 355 - Catched spinner load exception due to Expected condition failed: waiting for ICar.support.WaitUtils$4@3e310ae5 (tried for 13 second(s) with 500 milliseconds interval)</small> </font> </div>
<div class="test-event"> <font color="maroon"> <small> &emsp; &emsp;--- 15 Oct 12:34:02 355 - <b>13</b> - Spinner Load Wait: (Sync) - ICar.support.WaitUtils.waitForSpinner(WaitUtils.java:225)</small> </font> </div>
<div class="test-event"> <font color="maroon"> <small> &emsp; &emsp;--- 15 Oct 12:34:21 395 - Catched spinner load exception due to Expected condition failed: waiting for ICar.support.WaitUtils$4@3e310ae5 (tried for 6 second(s) with 500 milliseconds interval)</small> </font> </div>
<div class="test-event"> <font color="maroon"> <small> &emsp; &emsp;--- 15 Oct 12:34:21 395 - <b>6</b> - Spinner Load Wait: (Sync) - ICar.support.WaitUtils.waitForSpinner(WaitUtils.java:225)</small> </font> </div>
<div class="test-event"> <font color="maroon"> <small> &emsp; &emsp;--- 15 Oct 12:34:21 476 - Element is displayed:: [[ChromeDriver: chrome on WINDOWS (9d4513637dea9ca18b363fc16d7a0555)] -> css selector: button[class*='search-button']]</small> </font> </div>
<div class="test-message">&emsp;2. Navigate to 'SalesForce Page'</div>
<div class="test-event"> <font color="maroon"> <small> &emsp; &emsp;--- 15 Oct 12:34:21 650 - Page URL:: https://i-car--staging.sandbox.lightning.force.com/lightning/o/committee__c/list?filtername=__recent</small> </font> </div>
<div class="test-event"> <font color="maroon"> <small> &emsp; &emsp;--- 15 Oct 12:34:21 650 - <b>0</b> - Page Load Wait: (Sync) - ICar.support.Utils.waitForPageLoad(Utils.java:109)</small> </font> </div>
<div class="test-event"> <font color="maroon"> <small> &emsp; &emsp;--- 15 Oct 12:34:26 879 - Page URL:: https://i-car--staging.sandbox.lightning.force.com/lightning/o/committee__c/list?filtername=__recent</small> </font> </div>
<div class="test-event"> <font color="maroon"> <small> &emsp; &emsp;--- 15 Oct 12:34:26 879 - <b>0</b> - Page Load Wait: (Sync) - ICar.support.Utils.waitForPageLoad(Utils.java:109)</small> </font> </div>
<div class="test-message">&emsp;Close the tab</div>
<div class="test-message">&emsp;Successfully navigated to 'Login' Page&emsp;<a href=".\ScreenShot\B2B1054_TC04_1257867219312300.png" target="_blank" >[ScreenShot]</a></div>
<div class="test-message">&emsp;3. Enter and search I-car id  as : 2614308</div>
<div class="test-event"> <font color="maroon"> <small> &emsp; &emsp;--- 15 Oct 12:34:32 575 - Page URL:: https://i-car--staging.sandbox.lightning.force.com/lightning/o/committee__c/list?filtername=__recent</small> </font> </div>
<div class="test-event"> <font color="maroon"> <small> &emsp; &emsp;--- 15 Oct 12:34:32 575 - <b>0</b> - Page Load Wait: (Sync) - ICar.support.Utils.waitForPageLoad(Utils.java:109)</small> </font> </div>
<div class="test-event"> <font color="maroon"> <small> &emsp; &emsp;--- 15 Oct 12:34:37 789 - Page URL:: https://i-car--staging.sandbox.lightning.force.com/lightning/o/committee__c/list?filtername=__recent</small> </font> </div>
<div class="test-event"> <font color="maroon"> <small> &emsp; &emsp;--- 15 Oct 12:34:37 789 - <b>0</b> - Page Load Wait: (Sync) - ICar.support.Utils.waitForPageLoad(Utils.java:109)</small> </font> </div>
<div class="test-message">&emsp;Close the tab</div>
<div class="test-event"> <font color="maroon"> <small> &emsp; &emsp;--- 15 Oct 12:34:43 202 - Page URL:: https://i-car--staging.sandbox.lightning.force.com/lightning/o/committee__c/list?filtername=__recent</small> </font> </div>
<div class="test-event"> <font color="maroon"> <small> &emsp; &emsp;--- 15 Oct 12:34:43 202 - <b>0</b> - Page Load Wait: (Sync) - ICar.support.Utils.waitForPageLoad(Utils.java:109)</small> </font> </div>
<div class="test-event"> <font color="maroon"> <small> &emsp; &emsp;--- 15 Oct 12:34:43 241 - Element is displayed:: [[ChromeDriver: chrome on WINDOWS (9d4513637dea9ca18b363fc16d7a0555)] -> css selector: button[class*='search-button']]</small> </font> </div>
<div class="test-event"> <font color="maroon"> <small> &emsp; &emsp;--- 15 Oct 12:34:45 690 - Catched spinner load exception due to Expected condition failed: waiting for ICar.support.WaitUtils$4@3e310ae5 (tried for 2 second(s) with 500 milliseconds interval)</small> </font> </div>
<div class="test-event"> <font color="maroon"> <small> &emsp; &emsp;--- 15 Oct 12:34:45 690 - <b>2</b> - Spinner Load Wait: (Sync) - ICar.support.WaitUtils.waitForSpinner(WaitUtils.java:225)</small> </font> </div>
<div class="test-event"> <font color="maroon"> <small> &emsp; &emsp;--- 15 Oct 12:34:48 868 - Element is displayed:: [[ChromeDriver: chrome on WINDOWS (9d4513637dea9ca18b363fc16d7a0555)] -> css selector: button[class*='search-button']]</small> </font> </div>
<div class="test-event"> <font color="maroon"> <small> &emsp; &emsp;--- 15 Oct 12:34:49 317 - Page URL:: https://i-car--staging.sandbox.lightning.force.com/lightning/o/committee__c/list?filtername=__recent</small> </font> </div>
<div class="test-event"> <font color="maroon"> <small> &emsp; &emsp;--- 15 Oct 12:34:49 317 - <b>0</b> - Page Load Wait: (Sync) - ICar.support.Utils.waitForPageLoad(Utils.java:109)</small> </font> </div>
<div class="test-event"> <font color="maroon"> <small> &emsp; &emsp;--- 15 Oct 12:35:09 132 - Catched spinner load exception due to Expected condition failed: waiting for ICar.support.WaitUtils$4@3e310ae5 (tried for 10 second(s) with 500 milliseconds interval)</small> </font> </div>
<div class="test-event"> <font color="maroon"> <small> &emsp; &emsp;--- 15 Oct 12:35:09 132 - <b>10</b> - Spinner Load Wait: (Sync) - ICar.support.WaitUtils.waitForSpinner(WaitUtils.java:225)</small> </font> </div>
<div class="test-event"> <font color="maroon"> <small> &emsp; &emsp;--- 15 Oct 12:35:10 071 - Page URL:: https://i-car--staging.sandbox.lightning.force.com/one/one.app#eyjjb21wb25lbnrezwyioijmb3jjzvnlyxjjadpzzwfyy2hqywdlrgvza3rvccisimf0dhjpynv0zxmionsidgvybsi6iji2mtqzmdgilcjzy29wzu1hcci6eyj0exblijoive9qx1jfu1vmvfmilcjuyw1lc3bhy2uioiiilcjsywjlbci6ilrvccbszxn1bhrziiwibgfizwxqbhvyywwioijub3agumvzdwx0cyisinjlc3vsdhndbxaioijmb3jjzvnlyxjjadpwcmvkawn0zwrszxn1bhrzin0simnvbnrlehqionsirklmvevsuyi6e30sinnlyxjjafnvdxjjzsi6ikftu0ltvefovf9esufmt0cilcjkaxnhymxlsw50zw50uxvlcnkiomzhbhnllcjkaxnhymxlu3blbgxdb3jyzwn0aw9uijpmywxzzswic2vhcmnorglhbg9nu2vzc2lvbklkijoinjmxm2q5otctmgi1ns0yndzilwjizmetngrlywjlntfmmjewiiwizgvidwdjbmzvijp7imfwce5hbwuioijjq2fyx1nlcnzpy2vfq29uc29szsisimfwcfr5cguioijdb25zb2xliiwiyxbwtmftzxnwywnlijoiyyisimxvy2f0aw9uijoizm9yy2u6b2jqzwn0sg9tzurlc2t0b3ailcjzb2jqzwn0vhlwzsi6iknvbw1pdhrlzv9fyyj9fswiz3jvdxbjzci6ikrfrkfvtfqifswic3rhdguiont9fq%3d%3d</small> </font> </div>
<div class="test-event"> <font color="maroon"> <small> &emsp; &emsp;--- 15 Oct 12:35:10 071 - <b>0</b> - Page Load Wait: (Sync) - ICar.support.Utils.waitForPageLoad(Utils.java:109)</small> </font> </div>
<div class="test-event"> <font color="maroon"> <small> &emsp; &emsp;--- 15 Oct 12:35:21 122 - Catched spinner load exception due to Expected condition failed: waiting for ICar.support.WaitUtils$4@3e310ae5 (tried for 11 second(s) with 500 milliseconds interval)</small> </font> </div>
<div class="test-event"> <font color="maroon"> <small> &emsp; &emsp;--- 15 Oct 12:35:21 122 - <b>11</b> - Spinner Load Wait: (Sync) - ICar.support.WaitUtils.waitForSpinner(WaitUtils.java:225)</small> </font> </div>
<div class="test-event"> <font color="maroon"> <small> &emsp; &emsp;--- 15 Oct 12:35:22 015 - Page URL:: https://i-car--staging.sandbox.lightning.force.com/one/one.app#eyjjb21wb25lbnrezwyioijmb3jjzvnlyxjjadpzzwfyy2hqywdlrgvza3rvccisimf0dhjpynv0zxmionsidgvybsi6iji2mtqzmdgilcjzy29wzu1hcci6eyj0exblijoive9qx1jfu1vmvfmilcjuyw1lc3bhy2uioiiilcjsywjlbci6ilrvccbszxn1bhrziiwibgfizwxqbhvyywwioijub3agumvzdwx0cyisinjlc3vsdhndbxaioijmb3jjzvnlyxjjadpwcmvkawn0zwrszxn1bhrzin0simnvbnrlehqionsirklmvevsuyi6e30sinnlyxjjafnvdxjjzsi6ikftu0ltvefovf9esufmt0cilcjkaxnhymxlsw50zw50uxvlcnkiomzhbhnllcjkaxnhymxlu3blbgxdb3jyzwn0aw9uijpmywxzzswic2vhcmnorglhbg9nu2vzc2lvbklkijoinjmxm2q5otctmgi1ns0yndzilwjizmetngrlywjlntfmmjewiiwizgvidwdjbmzvijp7imfwce5hbwuioijjq2fyx1nlcnzpy2vfq29uc29szsisimfwcfr5cguioijdb25zb2xliiwiyxbwtmftzxnwywnlijoiyyisimxvy2f0aw9uijoizm9yy2u6b2jqzwn0sg9tzurlc2t0b3ailcjzb2jqzwn0vhlwzsi6iknvbw1pdhrlzv9fyyj9fswiz3jvdxbjzci6ikrfrkfvtfqifswic3rhdguiont9fq%3d%3d</small> </font> </div>
<div class="test-event"> <font color="maroon"> <small> &emsp; &emsp;--- 15 Oct 12:35:22 016 - <b>0</b> - Page Load Wait: (Sync) - ICar.support.Utils.waitForPageLoad(Utils.java:109)</small> </font> </div>
<div class="test-event"> <font color="maroon"> <small> &emsp; &emsp;--- 15 Oct 12:35:22 083 - Element is displayed:: [[ChromeDriver: chrome on WINDOWS (9d4513637dea9ca18b363fc16d7a0555)] -> xpath: //a[@title='Top Results']//span[text()='Top Results']]</small> </font> </div>
<div class="test-event"> <font color="maroon"> <small> &emsp; &emsp;--- 15 Oct 12:35:22 505 - Page URL:: https://i-car--staging.sandbox.lightning.force.com/one/one.app#eyjjb21wb25lbnrezwyioijmb3jjzvnlyxjjadpzzwfyy2hqywdlrgvza3rvccisimf0dhjpynv0zxmionsidgvybsi6iji2mtqzmdgilcjzy29wzu1hcci6eyj0exblijoive9qx1jfu1vmvfmilcjuyw1lc3bhy2uioiiilcjsywjlbci6ilrvccbszxn1bhrziiwibgfizwxqbhvyywwioijub3agumvzdwx0cyisinjlc3vsdhndbxaioijmb3jjzvnlyxjjadpwcmvkawn0zwrszxn1bhrzin0simnvbnrlehqionsirklmvevsuyi6e30sinnlyxjjafnvdxjjzsi6ikftu0ltvefovf9esufmt0cilcjkaxnhymxlsw50zw50uxvlcnkiomzhbhnllcjkaxnhymxlu3blbgxdb3jyzwn0aw9uijpmywxzzswic2vhcmnorglhbg9nu2vzc2lvbklkijoinjmxm2q5otctmgi1ns0yndzilwjizmetngrlywjlntfmmjewiiwizgvidwdjbmzvijp7imfwce5hbwuioijjq2fyx1nlcnzpy2vfq29uc29szsisimfwcfr5cguioijdb25zb2xliiwiyxbwtmftzxnwywnlijoiyyisimxvy2f0aw9uijoizm9yy2u6b2jqzwn0sg9tzurlc2t0b3ailcjzb2jqzwn0vhlwzsi6iknvbw1pdhrlzv9fyyj9fswiz3jvdxbjzci6ikrfrkfvtfqifswic3rhdguiont9fq%3d%3d</small> </font> </div>
<div class="test-event"> <font color="maroon"> <small> &emsp; &emsp;--- 15 Oct 12:35:22 505 - <b>0</b> - Page Load Wait: (Sync) - ICar.support.Utils.waitForPageLoad(Utils.java:109)</small> </font> </div>
<div class="test-event"> <font color="maroon"> <small> &emsp; &emsp;--- 15 Oct 12:35:27 748 - Catched spinner load exception due to Expected condition failed: waiting for ICar.support.WaitUtils$4@3e310ae5 (tried for 5 second(s) with 500 milliseconds interval)</small> </font> </div>
<div class="test-event"> <font color="maroon"> <small> &emsp; &emsp;--- 15 Oct 12:35:27 748 - <b>5</b> - Spinner Load Wait: (Sync) - ICar.support.WaitUtils.waitForSpinner(WaitUtils.java:225)</small> </font> </div>
<div class="test-event"> <font color="maroon"> <small> &emsp; &emsp;--- 15 Oct 12:35:28 656 - Page URL:: https://i-car--staging.sandbox.lightning.force.com/one/one.app#eyjjb21wb25lbnrezwyioijmb3jjzvnlyxjjadpzzwfyy2hqywdlrgvza3rvccisimf0dhjpynv0zxmionsidgvybsi6iji2mtqzmdgilcjzy29wzu1hcci6eyj0exblijoive9qx1jfu1vmvfmilcjuyw1lc3bhy2uioiiilcjsywjlbci6ilrvccbszxn1bhrziiwibgfizwxqbhvyywwioijub3agumvzdwx0cyisinjlc3vsdhndbxaioijmb3jjzvnlyxjjadpwcmvkawn0zwrszxn1bhrzin0simnvbnrlehqionsirklmvevsuyi6e30sinnlyxjjafnvdxjjzsi6ikftu0ltvefovf9esufmt0cilcjkaxnhymxlsw50zw50uxvlcnkiomzhbhnllcjkaxnhymxlu3blbgxdb3jyzwn0aw9uijpmywxzzswic2vhcmnorglhbg9nu2vzc2lvbklkijoinjmxm2q5otctmgi1ns0yndzilwjizmetngrlywjlntfmmjewiiwizgvidwdjbmzvijp7imfwce5hbwuioijjq2fyx1nlcnzpy2vfq29uc29szsisimfwcfr5cguioijdb25zb2xliiwiyxbwtmftzxnwywnlijoiyyisimxvy2f0aw9uijoizm9yy2u6b2jqzwn0sg9tzurlc2t0b3ailcjzb2jqzwn0vhlwzsi6iknvbw1pdhrlzv9fyyj9fswiz3jvdxbjzci6ikrfrkfvtfqifswic3rhdguiont9fq%3d%3d</small> </font> </div>
<div class="test-event"> <font color="maroon"> <small> &emsp; &emsp;--- 15 Oct 12:35:28 656 - <b>0</b> - Page Load Wait: (Sync) - ICar.support.Utils.waitForPageLoad(Utils.java:109)</small> </font> </div>
<div class="test-event"> <font color="maroon"> <small> &emsp; &emsp;--- 15 Oct 12:35:29 740 - Page URL:: https://i-car--staging.sandbox.lightning.force.com/one/one.app#eyjjb21wb25lbnrezwyioijmb3jjzvnlyxjjadpzzwfyy2hqywdlrgvza3rvccisimf0dhjpynv0zxmionsidgvybsi6iji2mtqzmdgilcjzy29wzu1hcci6eyj0exblijoive9qx1jfu1vmvfmilcjuyw1lc3bhy2uioiiilcjsywjlbci6ilrvccbszxn1bhrziiwibgfizwxqbhvyywwioijub3agumvzdwx0cyisinjlc3vsdhndbxaioijmb3jjzvnlyxjjadpwcmvkawn0zwrszxn1bhrzin0simnvbnrlehqionsirklmvevsuyi6e30sinnlyxjjafnvdxjjzsi6ikftu0ltvefovf9esufmt0cilcjkaxnhymxlsw50zw50uxvlcnkiomzhbhnllcjkaxnhymxlu3blbgxdb3jyzwn0aw9uijpmywxzzswic2vhcmnorglhbg9nu2vzc2lvbklkijoinjmxm2q5otctmgi1ns0yndzilwjizmetngrlywjlntfmmjewiiwizgvidwdjbmzvijp7imfwce5hbwuioijjq2fyx1nlcnzpy2vfq29uc29szsisimfwcfr5cguioijdb25zb2xliiwiyxbwtmftzxnwywnlijoiyyisimxvy2f0aw9uijoizm9yy2u6b2jqzwn0sg9tzurlc2t0b3ailcjzb2jqzwn0vhlwzsi6iknvbw1pdhrlzv9fyyj9fswiz3jvdxbjzci6ikrfrkfvtfqifswic3rhdguiont9fq%3d%3d</small> </font> </div>
<div class="test-event"> <font color="maroon"> <small> &emsp; &emsp;--- 15 Oct 12:35:29 741 - <b>1</b> - Page Load Wait: (Sync) - ICar.support.Utils.waitForPageLoad(Utils.java:109)</small> </font> </div>
<div class="test-event"> <font color="maroon"> <small> &emsp; &emsp;--- 15 Oct 12:35:30 560 - Page URL:: https://i-car--staging.sandbox.lightning.force.com/one/one.app#eyjjb21wb25lbnrezwyioijmb3jjzvnlyxjjadpzzwfyy2hqywdlrgvza3rvccisimf0dhjpynv0zxmionsidgvybsi6iji2mtqzmdgilcjzy29wzu1hcci6eyj0exblijoive9qx1jfu1vmvfmilcjuyw1lc3bhy2uioiiilcjsywjlbci6ilrvccbszxn1bhrziiwibgfizwxqbhvyywwioijub3agumvzdwx0cyisinjlc3vsdhndbxaioijmb3jjzvnlyxjjadpwcmvkawn0zwrszxn1bhrzin0simnvbnrlehqionsirklmvevsuyi6e30sinnlyxjjafnvdxjjzsi6ikftu0ltvefovf9esufmt0cilcjkaxnhymxlsw50zw50uxvlcnkiomzhbhnllcjkaxnhymxlu3blbgxdb3jyzwn0aw9uijpmywxzzswic2vhcmnorglhbg9nu2vzc2lvbklkijoinjmxm2q5otctmgi1ns0yndzilwjizmetngrlywjlntfmmjewiiwizgvidwdjbmzvijp7imfwce5hbwuioijjq2fyx1nlcnzpy2vfq29uc29szsisimfwcfr5cguioijdb25zb2xliiwiyxbwtmftzxnwywnlijoiyyisimxvy2f0aw9uijoizm9yy2u6b2jqzwn0sg9tzurlc2t0b3ailcjzb2jqzwn0vhlwzsi6iknvbw1pdhrlzv9fyyj9fswiz3jvdxbjzci6ikrfrkfvtfqifswic3rhdguiont9fq%3d%3d</small> </font> </div>
<div class="test-event"> <font color="maroon"> <small> &emsp; &emsp;--- 15 Oct 12:35:30 560 - <b>0</b> - Page Load Wait: (Sync) - ICar.support.Utils.waitForPageLoad(Utils.java:109)</small> </font> </div>
<div class="test-event"> <font color="maroon"> <small> &emsp; &emsp;--- 15 Oct 12:35:39 004 - Catched spinner load exception due to Expected condition failed: waiting for ICar.support.WaitUtils$4@3e310ae5 (tried for 8 second(s) with 500 milliseconds interval)</small> </font> </div>
<div class="test-event"> <font color="maroon"> <small> &emsp; &emsp;--- 15 Oct 12:35:39 004 - <b>8</b> - Spinner Load Wait: (Sync) - ICar.support.WaitUtils.waitForSpinner(WaitUtils.java:225)</small> </font> </div>
<div class="test-event"> <font color="maroon"> <small> &emsp; &emsp;--- 15 Oct 12:35:39 884 - Page URL:: https://i-car--staging.sandbox.lightning.force.com/one/one.app#eyjjb21wb25lbnrezwyioijmb3jjzvnlyxjjadpzzwfyy2hqywdlrgvza3rvccisimf0dhjpynv0zxmionsidgvybsi6iji2mtqzmdgilcjzy29wzu1hcci6eyj0exblijoive9qx1jfu1vmvfmilcjuyw1lc3bhy2uioiiilcjsywjlbci6ilrvccbszxn1bhrziiwibgfizwxqbhvyywwioijub3agumvzdwx0cyisinjlc3vsdhndbxaioijmb3jjzvnlyxjjadpwcmvkawn0zwrszxn1bhrzin0simnvbnrlehqionsirklmvevsuyi6e30sinnlyxjjafnvdxjjzsi6ikftu0ltvefovf9esufmt0cilcjkaxnhymxlsw50zw50uxvlcnkiomzhbhnllcjkaxnhymxlu3blbgxdb3jyzwn0aw9uijpmywxzzswic2vhcmnorglhbg9nu2vzc2lvbklkijoinjmxm2q5otctmgi1ns0yndzilwjizmetngrlywjlntfmmjewiiwizgvidwdjbmzvijp7imfwce5hbwuioijjq2fyx1nlcnzpy2vfq29uc29szsisimfwcfr5cguioijdb25zb2xliiwiyxbwtmftzxnwywnlijoiyyisimxvy2f0aw9uijoizm9yy2u6b2jqzwn0sg9tzurlc2t0b3ailcjzb2jqzwn0vhlwzsi6iknvbw1pdhrlzv9fyyj9fswiz3jvdxbjzci6ikrfrkfvtfqifswic3rhdguiont9fq%3d%3d</small> </font> </div>
<div class="test-event"> <font color="maroon"> <small> &emsp; &emsp;--- 15 Oct 12:35:39 884 - <b>0</b> - Page Load Wait: (Sync) - ICar.support.Utils.waitForPageLoad(Utils.java:109)</small> </font> </div>
<div class="test-event"> <font color="maroon"> <small> &emsp; &emsp;--- 15 Oct 12:35:42 031 - Element is displayed:: [[ChromeDriver: chrome on WINDOWS (9d4513637dea9ca18b363fc16d7a0555)] -> xpath: //div[contains(@class,'forceSearchResultsRegion')]//div[contains(@class,'resultsMultiWrapper')]/div/div[1]//following::h2//a]</small> </font> </div>
<div class="test-event"> <font color="maroon"> <small> &emsp; &emsp;--- 15 Oct 12:35:42 261 - Element is displayed:: [[ChromeDriver: chrome on WINDOWS (9d4513637dea9ca18b363fc16d7a0555)] -> xpath: //a[text()='Contacts']]</small> </font> </div>
<div class="test-event"> <font color="maroon"> <small> &emsp; &emsp;--- 15 Oct 12:35:46 278 - Element is displayed:: [[ChromeDriver: chrome on WINDOWS (9d4513637dea9ca18b363fc16d7a0555)] -> xpath: //div[text()='Contacts']//following :: table//tbody//th//span /a]</small> </font> </div>
<div class="test-event"> <font color="maroon"> <small> &emsp; &emsp;--- 15 Oct 12:35:55 399 - Element is displayed:: [[ChromeDriver: chrome on WINDOWS (9d4513637dea9ca18b363fc16d7a0555)] -> xpath: //a/img[@alt='Login Image']|//button[@id='btn-login']]</small> </font> </div>
<div class="test-event"> <font color="maroon"> <small> &emsp; &emsp;--- 15 Oct 12:35:55 500 - Element is displayed:: [[ChromeDriver: chrome on WINDOWS (9d4513637dea9ca18b363fc16d7a0555)] -> xpath: //a/img[@alt='Login Image']|//button[@id='btn-login']]</small> </font> </div>
<div class="test-message">&emsp;Successfully navigated to 'Home' Page&emsp;<a href=".\ScreenShot\B2B1054_TC04_1257950578102800.png" target="_blank" >[ScreenShot]</a></div>
<div class="test-message">&emsp;1. Home page is launched.</div>
<div class="test-event"> <font color="maroon"> <small> &emsp; &emsp;--- 15 Oct 12:35:56 193 - Page URL:: https://www.icarstage.com/</small> </font> </div>
<div class="test-event"> <font color="maroon"> <small> &emsp; &emsp;--- 15 Oct 12:35:56 194 - <b>0</b> - Page Load Wait: (Sync) - ICar.support.Utils.waitForPageLoad(Utils.java:109)</small> </font> </div>
<div class="test-event"> <font color="maroon"> <small> &emsp; &emsp;--- 15 Oct 12:35:56 235 - Element is displayed:: [[ChromeDriver: chrome on WINDOWS (9d4513637dea9ca18b363fc16d7a0555)] -> xpath: //a/img[@alt='Login Image']|//button[@id='btn-login']]</small> </font> </div>
<div class="test-event"> <font color="maroon"> <small> &emsp; &emsp;--- 15 Oct 12:35:56 294 - Element is displayed:: [[ChromeDriver: chrome on WINDOWS (9d4513637dea9ca18b363fc16d7a0555)] -> xpath: //a/img[@alt='Login Image']|//button[@id='btn-login']]</small> </font> </div>
<div class="test-event"> <font color="maroon"> <small> &emsp; &emsp;--- 15 Oct 12:36:14 284 - Catched spinner load exception due to Expected condition failed: waiting for ICar.support.WaitUtils$4@3e310ae5 (tried for 15 second(s) with 500 milliseconds interval)</small> </font> </div>
<div class="test-event"> <font color="maroon"> <small> &emsp; &emsp;--- 15 Oct 12:36:14 284 - <b>15</b> - Spinner Load Wait: (Sync) - ICar.support.WaitUtils.waitForSpinner(WaitUtils.java:225)</small> </font> </div>
<div class="test-message">&emsp;2. Login page  should be successfully display</div>
<div class="test-message">&emsp;Successfully navigated to 'Login' Page&emsp;<a href=".\ScreenShot\B2B1054_TC04_1257969364276100.png" target="_blank" >[ScreenShot]</a></div>
<div class="test-event"> <font color="maroon"> <small> &emsp; &emsp;--- 15 Oct 12:36:14 513 - Element is displayed:: [[ChromeDriver: chrome on WINDOWS (9d4513637dea9ca18b363fc16d7a0555)] -> id: username]</small> </font> </div>
<div class="test-event"> <font color="maroon"> <small> &emsp; &emsp;--- 15 Oct 12:36:14 594 - Element is displayed:: [[ChromeDriver: chrome on WINDOWS (9d4513637dea9ca18b363fc16d7a0555)] -> id: username]</small> </font> </div>
<div class="test-event"> <font color="maroon"> <small> &emsp; &emsp;--- 15 Oct 12:36:14 861 - Element is displayed:: [[ChromeDriver: chrome on WINDOWS (9d4513637dea9ca18b363fc16d7a0555)] -> id: password]</small> </font> </div>
<div class="test-event"> <font color="maroon"> <small> &emsp; &emsp;--- 15 Oct 12:36:15 092 - Element is displayed:: [[ChromeDriver: chrome on WINDOWS (9d4513637dea9ca18b363fc16d7a0555)] -> id: btn-login]</small> </font> </div>
<div class="test-event"> <font color="maroon"> <small> &emsp; &emsp;--- 15 Oct 12:36:28 348 - Catched spinner load exception due to Expected condition failed: waiting for ICar.support.WaitUtils$4@3e310ae5 (tried for 13 second(s) with 500 milliseconds interval)</small> </font> </div>
<div class="test-event"> <font color="maroon"> <small> &emsp; &emsp;--- 15 Oct 12:36:28 348 - <b>13</b> - Spinner Load Wait: (Sync) - ICar.support.WaitUtils.waitForSpinner(WaitUtils.java:225)</small> </font> </div>
<div class="test-event"> <font color="maroon"> <small> &emsp; &emsp;--- 15 Oct 12:36:51 877 - Catched spinner load exception due to Expected condition failed: waiting for ICar.support.WaitUtils$4@3e310ae5 (tried for 10 second(s) with 500 milliseconds interval)</small> </font> </div>
<div class="test-event"> <font color="maroon"> <small> &emsp; &emsp;--- 15 Oct 12:36:51 877 - <b>10</b> - Spinner Load Wait: (Sync) - ICar.support.WaitUtils.waitForSpinner(WaitUtils.java:225)</small> </font> </div>
<div class="test-event"> <font color="maroon"> <small> &emsp; &emsp;--- 15 Oct 12:36:51 958 - Element is displayed:: [[ChromeDriver: chrome on WINDOWS (9d4513637dea9ca18b363fc16d7a0555)] -> xpath: //button[@value='Launch My Learning']]</small> </font> </div>
<div class="test-message">&emsp;3. Enter the user credentials as : alessa0717</div>
<div class="test-message">&emsp;Successfully navigated to 'User Home' Page&emsp;<a href=".\ScreenShot\B2B1054_TC04_1258007035074200.png" target="_blank" >[ScreenShot]</a></div>
<div class="test-message">&emsp;Link Access Committee Portal displayed in B2B Portal</div>
<div class="test-message">&emsp;Access Committee Link is displayed</div>
<div class="test-event"> <font color="maroon"> <small> &emsp; &emsp;--- 15 Oct 12:36:53 454 - Page URL:: https://www.icarstage.com/</small> </font> </div>
<div class="test-event"> <font color="maroon"> <small> &emsp; &emsp;--- 15 Oct 12:36:53 455 - <b>0</b> - Page Load Wait: (Sync) - ICar.support.Utils.waitForPageLoad(Utils.java:109)</small> </font> </div>
<div class="test-event"> <font color="maroon"> <small> &emsp; &emsp;--- 15 Oct 12:36:53 514 - Element is displayed:: [[ChromeDriver: chrome on WINDOWS (9d4513637dea9ca18b363fc16d7a0555)] -> xpath: //p[text()='Launch My Learning']]</small> </font> </div>
<div class="test-event"> <font color="maroon"> <small> &emsp; &emsp;--- 15 Oct 12:36:53 571 - Element is displayed:: [[ChromeDriver: chrome on WINDOWS (9d4513637dea9ca18b363fc16d7a0555)] -> xpath: //a[text()='Access Committee Portal']]</small> </font> </div>
<div class="test-event"> <font color="maroon"> <small> &emsp; &emsp;--- 15 Oct 12:36:55 689 - Element is displayed:: [[ChromeDriver: chrome on WINDOWS (9d4513637dea9ca18b363fc16d7a0555)] -> xpath: //a[text()='Access Committee Portal']]</small> </font> </div>
<div class="test-event"> <font color="maroon"> <small> &emsp; &emsp;--- 15 Oct 12:37:15 359 - Catched spinner load exception due to Expected condition failed: waiting for ICar.support.WaitUtils$4@3e310ae5 (tried for 15 second(s) with 500 milliseconds interval)</small> </font> </div>
<div class="test-event"> <font color="maroon"> <small> &emsp; &emsp;--- 15 Oct 12:37:15 359 - <b>15</b> - Spinner Load Wait: (Sync) - ICar.support.WaitUtils.waitForSpinner(WaitUtils.java:225)</small> </font> </div>
<div class="test-event"> <font color="maroon"> <small> &emsp; &emsp;--- 15 Oct 12:37:15 509 - Page URL:: https://my.icarstage.com/s/committee/a381i0000006tc9qai/5400799</small> </font> </div>
<div class="test-event"> <font color="maroon"> <small> &emsp; &emsp;--- 15 Oct 12:37:15 509 - <b>0</b> - Page Load Wait: (Sync) - ICar.support.Utils.waitForPageLoad(Utils.java:109)</small> </font> </div>
<div class="test-message">&emsp;5.Navigate to access committee page</div>
<div class="test-message">&emsp;Successfully navigated to 'Access committee portal' Page&emsp;<a href=".\ScreenShot\B2B1054_TC04_1258030585384200.png" target="_blank" >[ScreenShot]</a></div>
<div class="test-event"> <font color="maroon"> <small> &emsp; &emsp;--- 15 Oct 12:37:15 829 - Page URL:: https://my.icarstage.com/s/committee/a381i0000006tc9qai/5400799</small> </font> </div>
<div class="test-event"> <font color="maroon"> <small> &emsp; &emsp;--- 15 Oct 12:37:15 829 - <b>0</b> - Page Load Wait: (Sync) - ICar.support.Utils.waitForPageLoad(Utils.java:109)</small> </font> </div>
<div class="test-event"> <font color="maroon"> <small> &emsp; &emsp;--- 15 Oct 12:37:24 171 - Catched spinner load exception due to Expected condition failed: waiting for ICar.support.WaitUtils$4@3e310ae5 (tried for 8 second(s) with 500 milliseconds interval)</small> </font> </div>
<div class="test-event"> <font color="maroon"> <small> &emsp; &emsp;--- 15 Oct 12:37:24 171 - <b>8</b> - Spinner Load Wait: (Sync) - ICar.support.WaitUtils.waitForSpinner(WaitUtils.java:225)</small> </font> </div>
<div class="test-event"> <font color="maroon"> <small> &emsp; &emsp;--- 15 Oct 12:37:24 228 - Element is displayed:: [[ChromeDriver: chrome on WINDOWS (9d4513637dea9ca18b363fc16d7a0555)] -> xpath: //article[@class='slds-card']]</small> </font> </div>
<div class="test-event"> <font color="maroon"> <small> &emsp; &emsp;--- 15 Oct 12:37:28 479 - Page URL:: https://my.icarstage.com/s/committee/a381i0000006tc9qai/5400799</small> </font> </div>
<div class="test-event"> <font color="maroon"> <small> &emsp; &emsp;--- 15 Oct 12:37:28 479 - <b>0</b> - Page Load Wait: (Sync) - ICar.support.Utils.waitForPageLoad(Utils.java:109)</small> </font> </div>
<div class="test-event"> <font color="maroon"> <small> &emsp; &emsp;--- 15 Oct 12:37:36 976 - Catched spinner load exception due to Expected condition failed: waiting for ICar.support.WaitUtils$4@3e310ae5 (tried for 8 second(s) with 500 milliseconds interval)</small> </font> </div>
<div class="test-event"> <font color="maroon"> <small> &emsp; &emsp;--- 15 Oct 12:37:36 976 - <b>8</b> - Spinner Load Wait: (Sync) - ICar.support.WaitUtils.waitForSpinner(WaitUtils.java:225)</small> </font> </div>
<div class="test-event"> <font color="maroon"> <small> &emsp; &emsp;--- 15 Oct 12:37:37 012 - Element is displayed:: [[ChromeDriver: chrome on WINDOWS (9d4513637dea9ca18b363fc16d7a0555)] -> xpath: //div[@class='slds-card__body']/div/div/div/div/a]</small> </font> </div>
<div class="test-event"> <font color="maroon"> <small> &emsp; &emsp;--- 15 Oct 12:37:39 109 - Element is displayed:: [[ChromeDriver: chrome on WINDOWS (9d4513637dea9ca18b363fc16d7a0555)] -> xpath: //div[@class='slds-card__body']/div/div/div/div/a]</small> </font> </div>
<div class="test-message">&emsp;Sucessfully verified link&emsp;<a href=".\ScreenShot\B2B1054_TC04_1258056993237700.png" target="_blank" >[ScreenShot]</a></div>
<div class="test-event"> <font color="maroon"> <small> &emsp; &emsp;--- 15 Oct 12:37:44 249 - Element is displayed:: [[ChromeDriver: chrome on WINDOWS (9d4513637dea9ca18b363fc16d7a0555)] -> xpath: //div[@class='slds-card__body']/div/div/div/div/a]</small> </font> </div>
<div class="test-message">&emsp;Sucessfully verified link&emsp;<a href=".\ScreenShot\B2B1054_TC04_1258061199926700.png" target="_blank" >[ScreenShot]</a></div>
<div class="test-event"> <font color="maroon"> <small> &emsp; &emsp;--- 15 Oct 12:37:48 416 - Element is displayed:: [[ChromeDriver: chrome on WINDOWS (9d4513637dea9ca18b363fc16d7a0555)] -> xpath: //div[@class='slds-card__body']/div/div/div/div/a]</small> </font> </div>
<div class="test-message">&emsp;Sucessfully verified link&emsp;<a href=".\ScreenShot\B2B1054_TC04_1258065356386900.png" target="_blank" >[ScreenShot]</a></div>
<div class="test-event"> <font color="maroon"> <small> &emsp; &emsp;--- 15 Oct 12:37:52 665 - Element is displayed:: [[ChromeDriver: chrome on WINDOWS (9d4513637dea9ca18b363fc16d7a0555)] -> xpath: //div[@class='slds-card__body']/div/div/div/div/a]</small> </font> </div>
<div class="test-message">&emsp;Sucessfully verified link&emsp;<a href=".\ScreenShot\B2B1054_TC04_1258079705832200.png" target="_blank" >[ScreenShot]</a></div>
<div class="test-event"> <font color="maroon"> <small> &emsp; &emsp;--- 15 Oct 12:38:07 476 - Element is displayed:: [[ChromeDriver: chrome on WINDOWS (9d4513637dea9ca18b363fc16d7a0555)] -> xpath: //div[@class='slds-card__body']/div/div/div/div/a]</small> </font> </div>
<div class="test-message">&emsp;Sucessfully verified link&emsp;<a href=".\ScreenShot\B2B1054_TC04_1258094200897400.png" target="_blank" >[ScreenShot]</a></div>
<div class="test-event"> <font color="maroon"> <small> &emsp; &emsp;--- 15 Oct 12:38:21 443 - Element is displayed:: [[ChromeDriver: chrome on WINDOWS (9d4513637dea9ca18b363fc16d7a0555)] -> xpath: //div[@class='slds-card__body']/div/div/div/div/a]</small> </font> </div>
<div class="test-message">&emsp;Sucessfully verified link&emsp;<a href=".\ScreenShot\B2B1054_TC04_1258098425698500.png" target="_blank" >[ScreenShot]</a></div>
<div class="test-event"> <font color="maroon"> <small> &emsp; &emsp;--- 15 Oct 12:38:25 670 - Element is displayed:: [[ChromeDriver: chrome on WINDOWS (9d4513637dea9ca18b363fc16d7a0555)] -> xpath: //div[@class='slds-card__body']/div/div/div/div/div/a]</small> </font> </div>
<div class="test-message">&emsp;Sucessfully verified link&emsp;<a href=".\ScreenShot\B2B1054_TC04_1258102635290600.png" target="_blank" >[ScreenShot]</a></div>
<div class="test-message">&emsp;All 9 links under Resources and committee are opened in New tab</div>
<div class="test-message">&emsp;Successfully validated all resouce and forms link</div>
<div class="test-result"><br><font color="green"><strong> Test Passed. </strong></font> </div>&emsp;
&emsp;<div class="test-title"> <strong><font size = "3" color = "#0000FF">---Test Execution Ends---</font> </strong> </div>&emsp;
<div class="test-event"> <font color="maroon"> <small> &emsp; &emsp;--- 15 Oct 12:38:30 817 - TestCaseID:: B2B1095_TC01</small> </font> </div>
<div class="test-event"> <font color="maroon"> <small> &emsp; &emsp;--- 15 Oct 12:38:32 536 - <b>1</b> - Driver::initialize::Get - ICar.support.WebDriverFactory.getDriver(WebDriverFactory.java:640)</small> </font> </div>
&emsp;<div class="test-title"> <strong><font size = "3" color = "#000080">Active Committee Members Contact Name should be displayed in the portal</font> </strong> </div>&emsp;<div><strong>Steps:</strong></div><!-- Report -->&emsp;
<div class="test-event"> <font color="maroon"> <small> &emsp; &emsp;--- 15 Oct 12:38:40 507 - Page URL:: https://i-car--staging.sandbox.my.salesforce.com/</small> </font> </div>
<div class="test-event"> <font color="maroon"> <small> &emsp; &emsp;--- 15 Oct 12:38:40 507 - <b>0</b> - Page Load Wait: (Sync) - ICar.support.Utils.waitForPageLoad(Utils.java:109)</small> </font> </div>
<div class="test-message">&emsp;Successfully navigated to 'Login' Page&emsp;<a href=".\ScreenShot\B2B1095_TC01_1258115582340200.png" target="_blank" >[ScreenShot]</a></div>
<div class="test-message">&emsp;1. Login page is launched.</div>
<div class="test-event"> <font color="maroon"> <small> &emsp; &emsp;--- 15 Oct 12:38:40 933 - Element is displayed:: [[ChromeDriver: chrome on WINDOWS (d0e34f8b2897283e73dc6e33f262de4f)] -> id: username]</small> </font> </div>
<div class="test-event"> <font color="maroon"> <small> &emsp; &emsp;--- 15 Oct 12:38:41 033 - Element is displayed:: [[ChromeDriver: chrome on WINDOWS (d0e34f8b2897283e73dc6e33f262de4f)] -> id: username]</small> </font> </div>
<div class="test-event"> <font color="maroon"> <small> &emsp; &emsp;--- 15 Oct 12:38:41 659 - Element is displayed:: [[ChromeDriver: chrome on WINDOWS (d0e34f8b2897283e73dc6e33f262de4f)] -> id: password]</small> </font> </div>
<div class="test-event"> <font color="maroon"> <small> &emsp; &emsp;--- 15 Oct 12:38:42 589 - Element is displayed:: [[ChromeDriver: chrome on WINDOWS (d0e34f8b2897283e73dc6e33f262de4f)] -> id: Login]</small> </font> </div>
<div class="test-event"> <font color="maroon"> <small> &emsp; &emsp;--- 15 Oct 12:39:21 816 - Catched spinner load exception due to Expected condition failed: waiting for ICar.support.WaitUtils$4@3e310ae5 (tried for 13 second(s) with 500 milliseconds interval)</small> </font> </div>
<div class="test-event"> <font color="maroon"> <small> &emsp; &emsp;--- 15 Oct 12:39:21 816 - <b>13</b> - Spinner Load Wait: (Sync) - ICar.support.WaitUtils.waitForSpinner(WaitUtils.java:225)</small> </font> </div>
<div class="test-event"> <font color="maroon"> <small> &emsp; &emsp;--- 15 Oct 12:39:41 844 - Catched spinner load exception due to Expected condition failed: waiting for ICar.support.WaitUtils$4@3e310ae5 (tried for 6 second(s) with 500 milliseconds interval)</small> </font> </div>
<div class="test-event"> <font color="maroon"> <small> &emsp; &emsp;--- 15 Oct 12:39:41 844 - <b>6</b> - Spinner Load Wait: (Sync) - ICar.support.WaitUtils.waitForSpinner(WaitUtils.java:225)</small> </font> </div>
<div class="test-event"> <font color="maroon"> <small> &emsp; &emsp;--- 15 Oct 12:39:41 918 - Element is displayed:: [[ChromeDriver: chrome on WINDOWS (d0e34f8b2897283e73dc6e33f262de4f)] -> css selector: button[class*='search-button']]</small> </font> </div>
<div class="test-message">&emsp;2. Navigate to 'SalesForce Page'</div>
<div class="test-event"> <font color="maroon"> <small> &emsp; &emsp;--- 15 Oct 12:39:42 125 - Page URL:: https://i-car--staging.sandbox.lightning.force.com/lightning/o/committee__c/list?filtername=__recent</small> </font> </div>
<div class="test-event"> <font color="maroon"> <small> &emsp; &emsp;--- 15 Oct 12:39:42 125 - <b>0</b> - Page Load Wait: (Sync) - ICar.support.Utils.waitForPageLoad(Utils.java:109)</small> </font> </div>
<div class="test-event"> <font color="maroon"> <small> &emsp; &emsp;--- 15 Oct 12:39:47 320 - Page URL:: https://i-car--staging.sandbox.lightning.force.com/lightning/o/committee__c/list?filtername=__recent</small> </font> </div>
<div class="test-event"> <font color="maroon"> <small> &emsp; &emsp;--- 15 Oct 12:39:47 320 - <b>0</b> - Page Load Wait: (Sync) - ICar.support.Utils.waitForPageLoad(Utils.java:109)</small> </font> </div>
<div class="test-message">&emsp;Close the tab</div>
<div class="test-message">&emsp;Successfully navigated to 'Login' Page&emsp;<a href=".\ScreenShot\B2B1095_TC01_1258187544459000.png" target="_blank" >[ScreenShot]</a></div>
<div class="test-message">&emsp;3. Enter the IcarID as : 2614308</div>
<div class="test-event"> <font color="maroon"> <small> &emsp; &emsp;--- 15 Oct 12:39:52 823 - Page URL:: https://i-car--staging.sandbox.lightning.force.com/lightning/o/committee__c/list?filtername=__recent</small> </font> </div>
<div class="test-event"> <font color="maroon"> <small> &emsp; &emsp;--- 15 Oct 12:39:52 823 - <b>0</b> - Page Load Wait: (Sync) - ICar.support.Utils.waitForPageLoad(Utils.java:109)</small> </font> </div>
<div class="test-event"> <font color="maroon"> <small> &emsp; &emsp;--- 15 Oct 12:39:58 043 - Page URL:: https://i-car--staging.sandbox.lightning.force.com/lightning/o/committee__c/list?filtername=__recent</small> </font> </div>
<div class="test-event"> <font color="maroon"> <small> &emsp; &emsp;--- 15 Oct 12:39:58 043 - <b>0</b> - Page Load Wait: (Sync) - ICar.support.Utils.waitForPageLoad(Utils.java:109)</small> </font> </div>
<div class="test-message">&emsp;Close the tab</div>
<div class="test-event"> <font color="maroon"> <small> &emsp; &emsp;--- 15 Oct 12:40:03 430 - Page URL:: https://i-car--staging.sandbox.lightning.force.com/lightning/o/committee__c/list?filtername=__recent</small> </font> </div>
<div class="test-event"> <font color="maroon"> <small> &emsp; &emsp;--- 15 Oct 12:40:03 430 - <b>0</b> - Page Load Wait: (Sync) - ICar.support.Utils.waitForPageLoad(Utils.java:109)</small> </font> </div>
<div class="test-event"> <font color="maroon"> <small> &emsp; &emsp;--- 15 Oct 12:40:03 475 - Element is displayed:: [[ChromeDriver: chrome on WINDOWS (d0e34f8b2897283e73dc6e33f262de4f)] -> css selector: button[class*='search-button']]</small> </font> </div>
<div class="test-event"> <font color="maroon"> <small> &emsp; &emsp;--- 15 Oct 12:40:05 915 - Catched spinner load exception due to Expected condition failed: waiting for ICar.support.WaitUtils$4@3e310ae5 (tried for 2 second(s) with 500 milliseconds interval)</small> </font> </div>
<div class="test-event"> <font color="maroon"> <small> &emsp; &emsp;--- 15 Oct 12:40:05 915 - <b>2</b> - Spinner Load Wait: (Sync) - ICar.support.WaitUtils.waitForSpinner(WaitUtils.java:225)</small> </font> </div>
<div class="test-event"> <font color="maroon"> <small> &emsp; &emsp;--- 15 Oct 12:40:09 014 - Element is displayed:: [[ChromeDriver: chrome on WINDOWS (d0e34f8b2897283e73dc6e33f262de4f)] -> css selector: button[class*='search-button']]</small> </font> </div>
<div class="test-event"> <font color="maroon"> <small> &emsp; &emsp;--- 15 Oct 12:40:09 508 - Page URL:: https://i-car--staging.sandbox.lightning.force.com/lightning/o/committee__c/list?filtername=__recent</small> </font> </div>
<div class="test-event"> <font color="maroon"> <small> &emsp; &emsp;--- 15 Oct 12:40:09 508 - <b>0</b> - Page Load Wait: (Sync) - ICar.support.Utils.waitForPageLoad(Utils.java:109)</small> </font> </div>
<div class="test-event"> <font color="maroon"> <small> &emsp; &emsp;--- 15 Oct 12:40:29 231 - Catched spinner load exception due to Expected condition failed: waiting for ICar.support.WaitUtils$4@3e310ae5 (tried for 10 second(s) with 500 milliseconds interval)</small> </font> </div>
<div class="test-event"> <font color="maroon"> <small> &emsp; &emsp;--- 15 Oct 12:40:29 231 - <b>10</b> - Spinner Load Wait: (Sync) - ICar.support.WaitUtils.waitForSpinner(WaitUtils.java:225)</small> </font> </div>
<div class="test-event"> <font color="maroon"> <small> &emsp; &emsp;--- 15 Oct 12:40:30 151 - Page URL:: https://i-car--staging.sandbox.lightning.force.com/one/one.app#eyjjb21wb25lbnrezwyioijmb3jjzvnlyxjjadpzzwfyy2hqywdlrgvza3rvccisimf0dhjpynv0zxmionsidgvybsi6iji2mtqzmdgilcjzy29wzu1hcci6eyj0exblijoive9qx1jfu1vmvfmifswiy29udgv4dci6eyjgsuxurvjtijp7fswic2vhcmnou291cmnlijoiqvntsvnuqu5ux0rjquxpryisimrpc2fibgvjbnrlbnrrdwvyesi6zmfsc2usimrpc2fibgvtcgvsbenvcnjly3rpb24iomzhbhnllcjzzwfyy2heawfsb2dtzxnzaw9uswqioii4odhlytewoc0wytfmlwqymwmtngi2yi05ngqzmjg0mwe3ymeilcjkzwj1z0luzm8ionsiyxbwtmftzsi6ikldyxjfu2vydmljzv9db25zb2xliiwiyxbwvhlwzsi6iknvbnnvbguilcjhchboyw1lc3bhy2uioijjiiwibg9jyxrpb24ioijmb3jjztpvymply3rib21lrgvza3rvccisinnvymply3ruexblijoiq29tbwl0dgvlx19jin19lcjncm91celkijoirevgqvvmvcj9lcjzdgf0zsi6e319</small> </font> </div>
<div class="test-event"> <font color="maroon"> <small> &emsp; &emsp;--- 15 Oct 12:40:30 151 - <b>0</b> - Page Load Wait: (Sync) - ICar.support.Utils.waitForPageLoad(Utils.java:109)</small> </font> </div>
<div class="test-event"> <font color="maroon"> <small> &emsp; &emsp;--- 15 Oct 12:40:41 580 - Catched spinner load exception due to Expected condition failed: waiting for ICar.support.WaitUtils$4@3e310ae5 (tried for 11 second(s) with 500 milliseconds interval)</small> </font> </div>
<div class="test-event"> <font color="maroon"> <small> &emsp; &emsp;--- 15 Oct 12:40:41 580 - <b>11</b> - Spinner Load Wait: (Sync) - ICar.support.WaitUtils.waitForSpinner(WaitUtils.java:225)</small> </font> </div>
<div class="test-event"> <font color="maroon"> <small> &emsp; &emsp;--- 15 Oct 12:40:42 500 - Page URL:: https://i-car--staging.sandbox.lightning.force.com/one/one.app#eyjjb21wb25lbnrezwyioijmb3jjzvnlyxjjadpzzwfyy2hqywdlrgvza3rvccisimf0dhjpynv0zxmionsidgvybsi6iji2mtqzmdgilcjzy29wzu1hcci6eyj0exblijoive9qx1jfu1vmvfmifswiy29udgv4dci6eyjgsuxurvjtijp7fswic2vhcmnou291cmnlijoiqvntsvnuqu5ux0rjquxpryisimrpc2fibgvjbnrlbnrrdwvyesi6zmfsc2usimrpc2fibgvtcgvsbenvcnjly3rpb24iomzhbhnllcjzzwfyy2heawfsb2dtzxnzaw9uswqioii4odhlytewoc0wytfmlwqymwmtngi2yi05ngqzmjg0mwe3ymeilcjkzwj1z0luzm8ionsiyxbwtmftzsi6ikldyxjfu2vydmljzv9db25zb2xliiwiyxbwvhlwzsi6iknvbnnvbguilcjhchboyw1lc3bhy2uioijjiiwibg9jyxrpb24ioijmb3jjztpvymply3rib21lrgvza3rvccisinnvymply3ruexblijoiq29tbwl0dgvlx19jin19lcjncm91celkijoirevgqvvmvcj9lcjzdgf0zsi6e319</small> </font> </div>
<div class="test-event"> <font color="maroon"> <small> &emsp; &emsp;--- 15 Oct 12:40:42 500 - <b>0</b> - Page Load Wait: (Sync) - ICar.support.Utils.waitForPageLoad(Utils.java:109)</small> </font> </div>
<div class="test-event"> <font color="maroon"> <small> &emsp; &emsp;--- 15 Oct 12:40:42 561 - Element is displayed:: [[ChromeDriver: chrome on WINDOWS (d0e34f8b2897283e73dc6e33f262de4f)] -> xpath: //a[@title='Top Results']//span[text()='Top Results']]</small> </font> </div>
<div class="test-event"> <font color="maroon"> <small> &emsp; &emsp;--- 15 Oct 12:40:43 234 - Page URL:: https://i-car--staging.sandbox.lightning.force.com/one/one.app#eyjjb21wb25lbnrezwyioijmb3jjzvnlyxjjadpzzwfyy2hqywdlrgvza3rvccisimf0dhjpynv0zxmionsidgvybsi6iji2mtqzmdgilcjzy29wzu1hcci6eyj0exblijoive9qx1jfu1vmvfmifswiy29udgv4dci6eyjgsuxurvjtijp7fswic2vhcmnou291cmnlijoiqvntsvnuqu5ux0rjquxpryisimrpc2fibgvjbnrlbnrrdwvyesi6zmfsc2usimrpc2fibgvtcgvsbenvcnjly3rpb24iomzhbhnllcjzzwfyy2heawfsb2dtzxnzaw9uswqioii4odhlytewoc0wytfmlwqymwmtngi2yi05ngqzmjg0mwe3ymeilcjkzwj1z0luzm8ionsiyxbwtmftzsi6ikldyxjfu2vydmljzv9db25zb2xliiwiyxbwvhlwzsi6iknvbnnvbguilcjhchboyw1lc3bhy2uioijjiiwibg9jyxrpb24ioijmb3jjztpvymply3rib21lrgvza3rvccisinnvymply3ruexblijoiq29tbwl0dgvlx19jin19lcjncm91celkijoirevgqvvmvcj9lcjzdgf0zsi6e319</small> </font> </div>
<div class="test-event"> <font color="maroon"> <small> &emsp; &emsp;--- 15 Oct 12:40:43 234 - <b>0</b> - Page Load Wait: (Sync) - ICar.support.Utils.waitForPageLoad(Utils.java:109)</small> </font> </div>
<div class="test-event"> <font color="maroon"> <small> &emsp; &emsp;--- 15 Oct 12:40:48 593 - Catched spinner load exception due to Expected condition failed: waiting for ICar.support.WaitUtils$4@3e310ae5 (tried for 5 second(s) with 500 milliseconds interval)</small> </font> </div>
<div class="test-event"> <font color="maroon"> <small> &emsp; &emsp;--- 15 Oct 12:40:48 593 - <b>5</b> - Spinner Load Wait: (Sync) - ICar.support.WaitUtils.waitForSpinner(WaitUtils.java:225)</small> </font> </div>
<div class="test-event"> <font color="maroon"> <small> &emsp; &emsp;--- 15 Oct 12:40:49 419 - Page URL:: https://i-car--staging.sandbox.lightning.force.com/one/one.app#eyjjb21wb25lbnrezwyioijmb3jjzvnlyxjjadpzzwfyy2hqywdlrgvza3rvccisimf0dhjpynv0zxmionsidgvybsi6iji2mtqzmdgilcjzy29wzu1hcci6eyj0exblijoive9qx1jfu1vmvfmifswiy29udgv4dci6eyjgsuxurvjtijp7fswic2vhcmnou291cmnlijoiqvntsvnuqu5ux0rjquxpryisimrpc2fibgvjbnrlbnrrdwvyesi6zmfsc2usimrpc2fibgvtcgvsbenvcnjly3rpb24iomzhbhnllcjzzwfyy2heawfsb2dtzxnzaw9uswqioii4odhlytewoc0wytfmlwqymwmtngi2yi05ngqzmjg0mwe3ymeilcjkzwj1z0luzm8ionsiyxbwtmftzsi6ikldyxjfu2vydmljzv9db25zb2xliiwiyxbwvhlwzsi6iknvbnnvbguilcjhchboyw1lc3bhy2uioijjiiwibg9jyxrpb24ioijmb3jjztpvymply3rib21lrgvza3rvccisinnvymply3ruexblijoiq29tbwl0dgvlx19jin19lcjncm91celkijoirevgqvvmvcj9lcjzdgf0zsi6e319</small> </font> </div>
<div class="test-event"> <font color="maroon"> <small> &emsp; &emsp;--- 15 Oct 12:40:49 419 - <b>0</b> - Page Load Wait: (Sync) - ICar.support.Utils.waitForPageLoad(Utils.java:109)</small> </font> </div>
<div class="test-event"> <font color="maroon"> <small> &emsp; &emsp;--- 15 Oct 12:40:50 225 - Page URL:: https://i-car--staging.sandbox.lightning.force.com/one/one.app#eyjjb21wb25lbnrezwyioijmb3jjzvnlyxjjadpzzwfyy2hqywdlrgvza3rvccisimf0dhjpynv0zxmionsidgvybsi6iji2mtqzmdgilcjzy29wzu1hcci6eyj0exblijoive9qx1jfu1vmvfmifswiy29udgv4dci6eyjgsuxurvjtijp7fswic2vhcmnou291cmnlijoiqvntsvnuqu5ux0rjquxpryisimrpc2fibgvjbnrlbnrrdwvyesi6zmfsc2usimrpc2fibgvtcgvsbenvcnjly3rpb24iomzhbhnllcjzzwfyy2heawfsb2dtzxnzaw9uswqioii4odhlytewoc0wytfmlwqymwmtngi2yi05ngqzmjg0mwe3ymeilcjkzwj1z0luzm8ionsiyxbwtmftzsi6ikldyxjfu2vydmljzv9db25zb2xliiwiyxbwvhlwzsi6iknvbnnvbguilcjhchboyw1lc3bhy2uioijjiiwibg9jyxrpb24ioijmb3jjztpvymply3rib21lrgvza3rvccisinnvymply3ruexblijoiq29tbwl0dgvlx19jin19lcjncm91celkijoirevgqvvmvcj9lcjzdgf0zsi6e319</small> </font> </div>
<div class="test-event"> <font color="maroon"> <small> &emsp; &emsp;--- 15 Oct 12:40:50 225 - <b>0</b> - Page Load Wait: (Sync) - ICar.support.Utils.waitForPageLoad(Utils.java:109)</small> </font> </div>
<div class="test-event"> <font color="maroon"> <small> &emsp; &emsp;--- 15 Oct 12:40:51 026 - Page URL:: https://i-car--staging.sandbox.lightning.force.com/one/one.app#eyjjb21wb25lbnrezwyioijmb3jjzvnlyxjjadpzzwfyy2hqywdlrgvza3rvccisimf0dhjpynv0zxmionsidgvybsi6iji2mtqzmdgilcjzy29wzu1hcci6eyj0exblijoive9qx1jfu1vmvfmifswiy29udgv4dci6eyjgsuxurvjtijp7fswic2vhcmnou291cmnlijoiqvntsvnuqu5ux0rjquxpryisimrpc2fibgvjbnrlbnrrdwvyesi6zmfsc2usimrpc2fibgvtcgvsbenvcnjly3rpb24iomzhbhnllcjzzwfyy2heawfsb2dtzxnzaw9uswqioii4odhlytewoc0wytfmlwqymwmtngi2yi05ngqzmjg0mwe3ymeilcjkzwj1z0luzm8ionsiyxbwtmftzsi6ikldyxjfu2vydmljzv9db25zb2xliiwiyxbwvhlwzsi6iknvbnnvbguilcjhchboyw1lc3bhy2uioijjiiwibg9jyxrpb24ioijmb3jjztpvymply3rib21lrgvza3rvccisinnvymply3ruexblijoiq29tbwl0dgvlx19jin19lcjncm91celkijoirevgqvvmvcj9lcjzdgf0zsi6e319</small> </font> </div>
<div class="test-event"> <font color="maroon"> <small> &emsp; &emsp;--- 15 Oct 12:40:51 026 - <b>0</b> - Page Load Wait: (Sync) - ICar.support.Utils.waitForPageLoad(Utils.java:109)</small> </font> </div>
<div class="test-event"> <font color="maroon"> <small> &emsp; &emsp;--- 15 Oct 12:40:59 342 - Catched spinner load exception due to Expected condition failed: waiting for ICar.support.WaitUtils$4@3e310ae5 (tried for 8 second(s) with 500 milliseconds interval)</small> </font> </div>
<div class="test-event"> <font color="maroon"> <small> &emsp; &emsp;--- 15 Oct 12:40:59 342 - <b>8</b> - Spinner Load Wait: (Sync) - ICar.support.WaitUtils.waitForSpinner(WaitUtils.java:225)</small> </font> </div>
<div class="test-event"> <font color="maroon"> <small> &emsp; &emsp;--- 15 Oct 12:41:00 276 - Page URL:: https://i-car--staging.sandbox.lightning.force.com/one/one.app#eyjjb21wb25lbnrezwyioijmb3jjzvnlyxjjadpzzwfyy2hqywdlrgvza3rvccisimf0dhjpynv0zxmionsidgvybsi6iji2mtqzmdgilcjzy29wzu1hcci6eyj0exblijoive9qx1jfu1vmvfmifswiy29udgv4dci6eyjgsuxurvjtijp7fswic2vhcmnou291cmnlijoiqvntsvnuqu5ux0rjquxpryisimrpc2fibgvjbnrlbnrrdwvyesi6zmfsc2usimrpc2fibgvtcgvsbenvcnjly3rpb24iomzhbhnllcjzzwfyy2heawfsb2dtzxnzaw9uswqioii4odhlytewoc0wytfmlwqymwmtngi2yi05ngqzmjg0mwe3ymeilcjkzwj1z0luzm8ionsiyxbwtmftzsi6ikldyxjfu2vydmljzv9db25zb2xliiwiyxbwvhlwzsi6iknvbnnvbguilcjhchboyw1lc3bhy2uioijjiiwibg9jyxrpb24ioijmb3jjztpvymply3rib21lrgvza3rvccisinnvymply3ruexblijoiq29tbwl0dgvlx19jin19lcjncm91celkijoirevgqvvmvcj9lcjzdgf0zsi6e319</small> </font> </div>
<div class="test-event"> <font color="maroon"> <small> &emsp; &emsp;--- 15 Oct 12:41:00 276 - <b>0</b> - Page Load Wait: (Sync) - ICar.support.Utils.waitForPageLoad(Utils.java:109)</small> </font> </div>
<div class="test-event"> <font color="maroon"> <small> &emsp; &emsp;--- 15 Oct 12:41:02 436 - Element is displayed:: [[ChromeDriver: chrome on WINDOWS (d0e34f8b2897283e73dc6e33f262de4f)] -> xpath: //div[contains(@class,'forceSearchResultsRegion')]//div[contains(@class,'resultsMultiWrapper')]/div/div[1]//following::h2//a]</small> </font> </div>
<div class="test-event"> <font color="maroon"> <small> &emsp; &emsp;--- 15 Oct 12:41:02 669 - Element is displayed:: [[ChromeDriver: chrome on WINDOWS (d0e34f8b2897283e73dc6e33f262de4f)] -> xpath: //a[text()='Contacts']]</small> </font> </div>
<div class="test-event"> <font color="maroon"> <small> &emsp; &emsp;--- 15 Oct 12:41:07 047 - Element is displayed:: [[ChromeDriver: chrome on WINDOWS (d0e34f8b2897283e73dc6e33f262de4f)] -> xpath: //div[text()='Contacts']//following :: table//tbody//th//span /a]</small> </font> </div>
<div class="test-event"> <font color="maroon"> <small> &emsp; &emsp;--- 15 Oct 12:41:23 762 - Element is displayed:: [[ChromeDriver: chrome on WINDOWS (d0e34f8b2897283e73dc6e33f262de4f)] -> xpath: //a/img[@alt='Login Image']|//button[@id='btn-login']]</small> </font> </div>
<div class="test-event"> <font color="maroon"> <small> &emsp; &emsp;--- 15 Oct 12:41:23 821 - Element is displayed:: [[ChromeDriver: chrome on WINDOWS (d0e34f8b2897283e73dc6e33f262de4f)] -> xpath: //a/img[@alt='Login Image']|//button[@id='btn-login']]</small> </font> </div>
<div class="test-message">&emsp;Successfully navigated to 'Home' Page&emsp;<a href=".\ScreenShot\B2B1095_TC01_1258278898724300.png" target="_blank" >[ScreenShot]</a></div>
<div class="test-message">&emsp;1. Home page is launched.</div>
<div class="test-event"> <font color="maroon"> <small> &emsp; &emsp;--- 15 Oct 12:41:24 237 - Page URL:: https://www.icarstage.com/</small> </font> </div>
<div class="test-event"> <font color="maroon"> <small> &emsp; &emsp;--- 15 Oct 12:41:24 237 - <b>0</b> - Page Load Wait: (Sync) - ICar.support.Utils.waitForPageLoad(Utils.java:109)</small> </font> </div>
<div class="test-event"> <font color="maroon"> <small> &emsp; &emsp;--- 15 Oct 12:41:24 279 - Element is displayed:: [[ChromeDriver: chrome on WINDOWS (d0e34f8b2897283e73dc6e33f262de4f)] -> xpath: //a/img[@alt='Login Image']|//button[@id='btn-login']]</small> </font> </div>
<div class="test-event"> <font color="maroon"> <small> &emsp; &emsp;--- 15 Oct 12:41:24 341 - Element is displayed:: [[ChromeDriver: chrome on WINDOWS (d0e34f8b2897283e73dc6e33f262de4f)] -> xpath: //a/img[@alt='Login Image']|//button[@id='btn-login']]</small> </font> </div>
<div class="test-event"> <font color="maroon"> <small> &emsp; &emsp;--- 15 Oct 12:41:42 370 - Catched spinner load exception due to Expected condition failed: waiting for ICar.support.WaitUtils$4@3e310ae5 (tried for 15 second(s) with 500 milliseconds interval)</small> </font> </div>
<div class="test-event"> <font color="maroon"> <small> &emsp; &emsp;--- 15 Oct 12:41:42 370 - <b>15</b> - Spinner Load Wait: (Sync) - ICar.support.WaitUtils.waitForSpinner(WaitUtils.java:225)</small> </font> </div>
<div class="test-message">&emsp;2. Login page  should be successfully display</div>
<div class="test-message">&emsp;Successfully navigated to 'Login' Page&emsp;<a href=".\ScreenShot\B2B1095_TC01_1258297455087500.png" target="_blank" >[ScreenShot]</a></div>
<div class="test-event"> <font color="maroon"> <small> &emsp; &emsp;--- 15 Oct 12:41:42 649 - Element is displayed:: [[ChromeDriver: chrome on WINDOWS (d0e34f8b2897283e73dc6e33f262de4f)] -> id: username]</small> </font> </div>
<div class="test-event"> <font color="maroon"> <small> &emsp; &emsp;--- 15 Oct 12:41:42 713 - Element is displayed:: [[ChromeDriver: chrome on WINDOWS (d0e34f8b2897283e73dc6e33f262de4f)] -> id: username]</small> </font> </div>
<div class="test-event"> <font color="maroon"> <small> &emsp; &emsp;--- 15 Oct 12:41:42 973 - Element is displayed:: [[ChromeDriver: chrome on WINDOWS (d0e34f8b2897283e73dc6e33f262de4f)] -> id: password]</small> </font> </div>
<div class="test-event"> <font color="maroon"> <small> &emsp; &emsp;--- 15 Oct 12:41:43 141 - Element is displayed:: [[ChromeDriver: chrome on WINDOWS (d0e34f8b2897283e73dc6e33f262de4f)] -> id: btn-login]</small> </font> </div>
<div class="test-event"> <font color="maroon"> <small> &emsp; &emsp;--- 15 Oct 12:41:56 320 - Catched spinner load exception due to Expected condition failed: waiting for ICar.support.WaitUtils$4@3e310ae5 (tried for 13 second(s) with 500 milliseconds interval)</small> </font> </div>
<div class="test-event"> <font color="maroon"> <small> &emsp; &emsp;--- 15 Oct 12:41:56 320 - <b>13</b> - Spinner Load Wait: (Sync) - ICar.support.WaitUtils.waitForSpinner(WaitUtils.java:225)</small> </font> </div>
<div class="test-event"> <font color="maroon"> <small> &emsp; &emsp;--- 15 Oct 12:42:20 634 - Catched spinner load exception due to Expected condition failed: waiting for ICar.support.WaitUtils$4@3e310ae5 (tried for 10 second(s) with 500 milliseconds interval)</small> </font> </div>
<div class="test-event"> <font color="maroon"> <small> &emsp; &emsp;--- 15 Oct 12:42:20 634 - <b>10</b> - Spinner Load Wait: (Sync) - ICar.support.WaitUtils.waitForSpinner(WaitUtils.java:225)</small> </font> </div>
<div class="test-event"> <font color="maroon"> <small> &emsp; &emsp;--- 15 Oct 12:42:20 713 - Element is displayed:: [[ChromeDriver: chrome on WINDOWS (d0e34f8b2897283e73dc6e33f262de4f)] -> xpath: //button[@value='Launch My Learning']]</small> </font> </div>
<div class="test-message">&emsp;3. Enter the user credentials as : alessa0717</div>
<div class="test-message">&emsp;Successfully navigated to 'User Home' Page&emsp;<a href=".\ScreenShot\B2B1095_TC01_1258335791916600.png" target="_blank" >[ScreenShot]</a></div>
<div class="test-event"> <font color="maroon"> <small> &emsp; &emsp;--- 15 Oct 12:42:21 097 - Page URL:: https://www.icarstage.com/</small> </font> </div>
<div class="test-event"> <font color="maroon"> <small> &emsp; &emsp;--- 15 Oct 12:42:21 097 - <b>0</b> - Page Load Wait: (Sync) - ICar.support.Utils.waitForPageLoad(Utils.java:109)</small> </font> </div>
<div class="test-event"> <font color="maroon"> <small> &emsp; &emsp;--- 15 Oct 12:42:21 159 - Element is displayed:: [[ChromeDriver: chrome on WINDOWS (d0e34f8b2897283e73dc6e33f262de4f)] -> xpath: //p[text()='Launch My Learning']]</small> </font> </div>
<div class="test-event"> <font color="maroon"> <small> &emsp; &emsp;--- 15 Oct 12:42:21 202 - Element is displayed:: [[ChromeDriver: chrome on WINDOWS (d0e34f8b2897283e73dc6e33f262de4f)] -> xpath: //a[text()='Access Committee Portal']]</small> </font> </div>
<div class="test-event"> <font color="maroon"> <small> &emsp; &emsp;--- 15 Oct 12:42:23 313 - Element is displayed:: [[ChromeDriver: chrome on WINDOWS (d0e34f8b2897283e73dc6e33f262de4f)] -> xpath: //a[text()='Access Committee Portal']]</small> </font> </div>
<div class="test-event"> <font color="maroon"> <small> &emsp; &emsp;--- 15 Oct 12:43:03 334 - Catched spinner load exception due to Expected condition failed: waiting for ICar.support.WaitUtils$4@3e310ae5 (tried for 15 second(s) with 500 milliseconds interval)</small> </font> </div>
<div class="test-event"> <font color="maroon"> <small> &emsp; &emsp;--- 15 Oct 12:43:03 334 - <b>15</b> - Spinner Load Wait: (Sync) - ICar.support.WaitUtils.waitForSpinner(WaitUtils.java:225)</small> </font> </div>
<div class="test-event"> <font color="maroon"> <small> &emsp; &emsp;--- 15 Oct 12:43:03 514 - Page URL:: https://my.icarstage.com/s/committee/a381i0000006tc9qai/5400799</small> </font> </div>
<div class="test-event"> <font color="maroon"> <small> &emsp; &emsp;--- 15 Oct 12:43:03 514 - <b>0</b> - Page Load Wait: (Sync) - ICar.support.Utils.waitForPageLoad(Utils.java:109)</small> </font> </div>
<div class="test-message">&emsp;Successfully navigated to 'Access committee' Page&emsp;<a href=".\ScreenShot\B2B1095_TC01_1258378594320500.png" target="_blank" >[ScreenShot]</a></div>
<div class="test-event"> <font color="maroon"> <small> &emsp; &emsp;--- 15 Oct 12:43:03 864 - Page URL:: https://my.icarstage.com/s/committee/a381i0000006tc9qai/5400799</small> </font> </div>
<div class="test-event"> <font color="maroon"> <small> &emsp; &emsp;--- 15 Oct 12:43:03 864 - <b>0</b> - Page Load Wait: (Sync) - ICar.support.Utils.waitForPageLoad(Utils.java:109)</small> </font> </div>
<div class="test-event"> <font color="maroon"> <small> &emsp; &emsp;--- 15 Oct 12:43:12 301 - Catched spinner load exception due to Expected condition failed: waiting for ICar.support.WaitUtils$4@3e310ae5 (tried for 8 second(s) with 500 milliseconds interval)</small> </font> </div>
<div class="test-event"> <font color="maroon"> <small> &emsp; &emsp;--- 15 Oct 12:43:12 301 - <b>8</b> - Spinner Load Wait: (Sync) - ICar.support.WaitUtils.waitForSpinner(WaitUtils.java:225)</small> </font> </div>
<div class="test-event"> <font color="maroon"> <small> &emsp; &emsp;--- 15 Oct 12:43:12 365 - Element is displayed:: [[ChromeDriver: chrome on WINDOWS (d0e34f8b2897283e73dc6e33f262de4f)] -> xpath: //span[text()='Committee Members (Active Committee Member)']/parent::span]</small> </font> </div>
<div class="test-event"> <font color="maroon"> <small> &emsp; &emsp;--- 15 Oct 12:43:14 531 - Element is displayed:: [[ChromeDriver: chrome on WINDOWS (d0e34f8b2897283e73dc6e33f262de4f)] -> xpath: //span[text()='Committee Members (Active Committee Member)']/parent::span]</small> </font> </div>
<div class="test-event"> <font color="maroon"> <small> &emsp; &emsp;--- 15 Oct 12:43:19 669 - Page URL:: https://my.icarstage.com/s/committee/related/a381i0000006tc9qai/committee_members1__r</small> </font> </div>
<div class="test-event"> <font color="maroon"> <small> &emsp; &emsp;--- 15 Oct 12:43:19 669 - Page Load Wait </small> </font> </div>
<div class="test-event"> <font color="maroon"> <small> &emsp; &emsp;--- 15 Oct 12:43:19 853 - Element is displayed:: [[ChromeDriver: chrome on WINDOWS (d0e34f8b2897283e73dc6e33f262de4f)] -> xpath: (//table[contains(@aria-label,'Committee')])[last()]/thead/tr/th/div/a/span[2]]</small> </font> </div>
<div class="test-message">&emsp;All columns header are displayed on-clicking view all link of active committee member</div>
<div class="test-event"> <font color="maroon"> <small> &emsp; &emsp;--- 15 Oct 12:43:20 432 - Page URL:: https://my.icarstage.com/s/committee/related/a381i0000006tc9qai/committee_members1__r</small> </font> </div>
<div class="test-event"> <font color="maroon"> <small> &emsp; &emsp;--- 15 Oct 12:43:20 433 - <b>0</b> - Page Load Wait: (Sync) - ICar.support.Utils.waitForPageLoad(Utils.java:109)</small> </font> </div>
<div class="test-message">&emsp;Contact name Alessandra Acosta displayed in active committee member </div>
<div class="test-message">&emsp;Active committee member Contact name Alessandra Acostadisplayed in the portal</div>
<div class="test-result"><br><font color="green"><strong> Test Passed. </strong></font> </div>&emsp;
&emsp;<div class="test-title"> <strong><font size = "3" color = "#0000FF">---Test Execution Ends---</font> </strong> </div>&emsp;
<div class="test-event"> <font color="maroon"> <small> &emsp; &emsp;--- 15 Oct 12:43:21 873 - TestCaseID:: B2B1104_TC01</small> </font> </div>
<div class="test-event"> <font color="maroon"> <small> &emsp; &emsp;--- 15 Oct 12:43:24 970 - <b>3</b> - Driver::initialize::Get - ICar.support.WebDriverFactory.getDriver(WebDriverFactory.java:640)</small> </font> </div>
&emsp;<div class="test-title"> <strong><font size = "3" color = "#000080">Committee Officers should be able to upload files in the committee goals page in the portal.</font> </strong> </div>&emsp;<div><strong>Steps:</strong></div><!-- Report -->&emsp;
<div class="test-event"> <font color="maroon"> <small> &emsp; &emsp;--- 15 Oct 12:43:32 884 - Page URL:: https://i-car--staging.sandbox.my.salesforce.com/</small> </font> </div>
<div class="test-event"> <font color="maroon"> <small> &emsp; &emsp;--- 15 Oct 12:43:32 884 - <b>0</b> - Page Load Wait: (Sync) - ICar.support.Utils.waitForPageLoad(Utils.java:109)</small> </font> </div>
<div class="test-event"> <font color="maroon"> <small> &emsp; &emsp;--- 15 Oct 12:43:49 731 - Page URL:: https://i-car--staging.sandbox.my.salesforce.com/</small> </font> </div>
<div class="test-event"> <font color="maroon"> <small> &emsp; &emsp;--- 15 Oct 12:43:49 731 - <b>0</b> - Page Load Wait: (Sync) - ICar.support.Utils.waitForPageLoad(Utils.java:109)</small> </font> </div>
<div class="test-message">&emsp;Successfully navigated to 'Login' Page&emsp;<a href=".\ScreenShot\B2B1104_TC01_1258424812524300.png" target="_blank" >[ScreenShot]</a></div>
<div class="test-message">&emsp;1. Login page is launched.</div>
<div class="test-event"> <font color="maroon"> <small> &emsp; &emsp;--- 15 Oct 12:43:50 027 - Element is displayed:: [[ChromeDriver: chrome on WINDOWS (4578539f43912d5a2c2ec8f1c1957319)] -> id: username]</small> </font> </div>
<div class="test-event"> <font color="maroon"> <small> &emsp; &emsp;--- 15 Oct 12:43:50 088 - Element is displayed:: [[ChromeDriver: chrome on WINDOWS (4578539f43912d5a2c2ec8f1c1957319)] -> id: username]</small> </font> </div>
<div class="test-event"> <font color="maroon"> <small> &emsp; &emsp;--- 15 Oct 12:43:50 470 - Element is displayed:: [[ChromeDriver: chrome on WINDOWS (4578539f43912d5a2c2ec8f1c1957319)] -> id: password]</small> </font> </div>
<div class="test-event"> <font color="maroon"> <small> &emsp; &emsp;--- 15 Oct 12:43:50 719 - Element is displayed:: [[ChromeDriver: chrome on WINDOWS (4578539f43912d5a2c2ec8f1c1957319)] -> id: Login]</small> </font> </div>
<div class="test-event"> <font color="maroon"> <small> &emsp; &emsp;--- 15 Oct 12:44:32 336 - Catched spinner load exception due to Expected condition failed: waiting for ICar.support.WaitUtils$4@3e310ae5 (tried for 13 second(s) with 500 milliseconds interval)</small> </font> </div>
<div class="test-event"> <font color="maroon"> <small> &emsp; &emsp;--- 15 Oct 12:44:32 336 - <b>13</b> - Spinner Load Wait: (Sync) - ICar.support.WaitUtils.waitForSpinner(WaitUtils.java:225)</small> </font> </div>
<div class="test-event"> <font color="maroon"> <small> &emsp; &emsp;--- 15 Oct 12:44:51 158 - Catched spinner load exception due to Expected condition failed: waiting for ICar.support.WaitUtils$4@3e310ae5 (tried for 6 second(s) with 500 milliseconds interval)</small> </font> </div>
<div class="test-event"> <font color="maroon"> <small> &emsp; &emsp;--- 15 Oct 12:44:51 159 - <b>6</b> - Spinner Load Wait: (Sync) - ICar.support.WaitUtils.waitForSpinner(WaitUtils.java:225)</small> </font> </div>
<div class="test-event"> <font color="maroon"> <small> &emsp; &emsp;--- 15 Oct 12:44:51 242 - Element is displayed:: [[ChromeDriver: chrome on WINDOWS (4578539f43912d5a2c2ec8f1c1957319)] -> css selector: button[class*='search-button']]</small> </font> </div>
<div class="test-message">&emsp;2. Navigate to 'SalesForce Page'</div>
<div class="test-event"> <font color="maroon"> <small> &emsp; &emsp;--- 15 Oct 12:44:51 430 - Page URL:: https://i-car--staging.sandbox.lightning.force.com/lightning/o/committee__c/list?filtername=__recent</small> </font> </div>
<div class="test-event"> <font color="maroon"> <small> &emsp; &emsp;--- 15 Oct 12:44:51 430 - <b>0</b> - Page Load Wait: (Sync) - ICar.support.Utils.waitForPageLoad(Utils.java:109)</small> </font> </div>
<div class="test-event"> <font color="maroon"> <small> &emsp; &emsp;--- 15 Oct 12:44:56 785 - Page URL:: https://i-car--staging.sandbox.lightning.force.com/lightning/o/committee__c/list?filtername=__recent</small> </font> </div>
<div class="test-event"> <font color="maroon"> <small> &emsp; &emsp;--- 15 Oct 12:44:56 785 - <b>0</b> - Page Load Wait: (Sync) - ICar.support.Utils.waitForPageLoad(Utils.java:109)</small> </font> </div>
<div class="test-message">&emsp;Close the tab</div>
<div class="test-message">&emsp;Successfully navigated to 'Login' Page&emsp;<a href=".\ScreenShot\B2B1104_TC01_1258497132487000.png" target="_blank" >[ScreenShot]</a></div>
<div class="test-event"> <font color="maroon"> <small> &emsp; &emsp;--- 15 Oct 12:45:07 572 - Catched spinner load exception due to Expected condition failed: waiting for ICar.support.WaitUtils$4@3e310ae5 (tried for 5 second(s) with 500 milliseconds interval)</small> </font> </div>
<div class="test-event"> <font color="maroon"> <small> &emsp; &emsp;--- 15 Oct 12:45:07 572 - <b>5</b> - Spinner Load Wait: (Sync) - ICar.support.WaitUtils.waitForSpinner(WaitUtils.java:225)</small> </font> </div>
<div class="test-event"> <font color="maroon"> <small> &emsp; &emsp;--- 15 Oct 12:45:07 851 - Page URL:: https://i-car--staging.sandbox.lightning.force.com/lightning/o/committee__c/list?filtername=__recent</small> </font> </div>
<div class="test-event"> <font color="maroon"> <small> &emsp; &emsp;--- 15 Oct 12:45:07 851 - <b>0</b> - Page Load Wait: (Sync) - ICar.support.Utils.waitForPageLoad(Utils.java:109)</small> </font> </div>
<div class="test-event"> <font color="maroon"> <small> &emsp; &emsp;--- 15 Oct 12:45:08 194 - Element is displayed:: [[ChromeDriver: chrome on WINDOWS (4578539f43912d5a2c2ec8f1c1957319)] -> xpath: //div[contains(@class,'appLauncher ')]//button]</small> </font> </div>
<div class="test-event"> <font color="maroon"> <small> &emsp; &emsp;--- 15 Oct 12:45:08 259 - Element is displayed:: [[ChromeDriver: chrome on WINDOWS (4578539f43912d5a2c2ec8f1c1957319)] -> xpath: //div[contains(@class,'appLauncher ')]//button]</small> </font> </div>
<div class="test-event"> <font color="maroon"> <small> &emsp; &emsp;--- 15 Oct 12:45:09 912 - Element is displayed:: [[ChromeDriver: chrome on WINDOWS (4578539f43912d5a2c2ec8f1c1957319)] -> xpath: //input[@placeholder='Search apps and items...']]</small> </font> </div>
<div class="test-event"> <font color="maroon"> <small> &emsp; &emsp;--- 15 Oct 12:45:10 029 - Element is displayed:: [[ChromeDriver: chrome on WINDOWS (4578539f43912d5a2c2ec8f1c1957319)] -> xpath: //input[@placeholder='Search apps and items...']]</small> </font> </div>
<div class="test-event"> <font color="maroon"> <small> &emsp; &emsp;--- 15 Oct 12:45:13 331 - Element is displayed:: [[ChromeDriver: chrome on WINDOWS (4578539f43912d5a2c2ec8f1c1957319)] -> xpath: //lightning-formatted-rich-text/span/p/b[text()='Committees']]</small> </font> </div>
<div class="test-event"> <font color="maroon"> <small> &emsp; &emsp;--- 15 Oct 12:45:16 368 - Element is displayed:: [[ChromeDriver: chrome on WINDOWS (4578539f43912d5a2c2ec8f1c1957319)] -> xpath: //lightning-formatted-rich-text/span/p/b[text()='Committees']]</small> </font> </div>
<div class="test-event"> <font color="maroon"> <small> &emsp; &emsp;--- 15 Oct 12:45:17 257 - Page URL:: https://i-car--staging.sandbox.lightning.force.com/lightning/o/committee__c/home</small> </font> </div>
<div class="test-event"> <font color="maroon"> <small> &emsp; &emsp;--- 15 Oct 12:45:17 257 - <b>0</b> - Page Load Wait: (Sync) - ICar.support.Utils.waitForPageLoad(Utils.java:109)</small> </font> </div>
<div class="test-event"> <font color="maroon"> <small> &emsp; &emsp;--- 15 Oct 12:45:22 665 - Catched spinner load exception due to Expected condition failed: waiting for ICar.support.WaitUtils$4@3e310ae5 (tried for 5 second(s) with 500 milliseconds interval)</small> </font> </div>
<div class="test-event"> <font color="maroon"> <small> &emsp; &emsp;--- 15 Oct 12:45:22 665 - <b>5</b> - Spinner Load Wait: (Sync) - ICar.support.WaitUtils.waitForSpinner(WaitUtils.java:225)</small> </font> </div>
<div class="test-event"> <font color="maroon"> <small> &emsp; &emsp;--- 15 Oct 12:45:22 884 - Page URL:: https://i-car--staging.sandbox.lightning.force.com/lightning/o/committee__c/list?filtername=__recent</small> </font> </div>
<div class="test-event"> <font color="maroon"> <small> &emsp; &emsp;--- 15 Oct 12:45:22 884 - <b>0</b> - Page Load Wait: (Sync) - ICar.support.Utils.waitForPageLoad(Utils.java:109)</small> </font> </div>
<div class="test-event"> <font color="maroon"> <small> &emsp; &emsp;--- 15 Oct 12:45:22 937 - Element is displayed:: [[ChromeDriver: chrome on WINDOWS (4578539f43912d5a2c2ec8f1c1957319)] -> xpath: //div[contains(@class,'appLauncher ')]//button]</small> </font> </div>
<div class="test-event"> <font color="maroon"> <small> &emsp; &emsp;--- 15 Oct 12:45:23 002 - Element is displayed:: [[ChromeDriver: chrome on WINDOWS (4578539f43912d5a2c2ec8f1c1957319)] -> xpath: //div[contains(@class,'appLauncher ')]//button]</small> </font> </div>
<div class="test-event"> <font color="maroon"> <small> &emsp; &emsp;--- 15 Oct 12:45:23 195 - Element is displayed:: [[ChromeDriver: chrome on WINDOWS (4578539f43912d5a2c2ec8f1c1957319)] -> xpath: //input[@placeholder='Search apps and items...']]</small> </font> </div>
<div class="test-event"> <font color="maroon"> <small> &emsp; &emsp;--- 15 Oct 12:45:23 254 - Element is displayed:: [[ChromeDriver: chrome on WINDOWS (4578539f43912d5a2c2ec8f1c1957319)] -> xpath: //input[@placeholder='Search apps and items...']]</small> </font> </div>
<div class="test-event"> <font color="maroon"> <small> &emsp; &emsp;--- 15 Oct 12:45:26 648 - Element is displayed:: [[ChromeDriver: chrome on WINDOWS (4578539f43912d5a2c2ec8f1c1957319)] -> xpath: //lightning-formatted-rich-text/span/p/b[text()='Committee Members']]</small> </font> </div>
<div class="test-event"> <font color="maroon"> <small> &emsp; &emsp;--- 15 Oct 12:45:29 688 - Element is displayed:: [[ChromeDriver: chrome on WINDOWS (4578539f43912d5a2c2ec8f1c1957319)] -> xpath: //lightning-formatted-rich-text/span/p/b[text()='Committee Members']]</small> </font> </div>
<div class="test-event"> <font color="maroon"> <small> &emsp; &emsp;--- 15 Oct 12:45:30 255 - Page URL:: https://i-car--staging.sandbox.lightning.force.com/lightning/o/committee_member__c/home</small> </font> </div>
<div class="test-event"> <font color="maroon"> <small> &emsp; &emsp;--- 15 Oct 12:45:30 255 - <b>0</b> - Page Load Wait: (Sync) - ICar.support.Utils.waitForPageLoad(Utils.java:109)</small> </font> </div>
<div class="test-message">&emsp;3. Enter the AccountName as : Alessandra Acosta:540-0799 El Paso, TX</div>
<div class="test-event"> <font color="maroon"> <small> &emsp; &emsp;--- 15 Oct 12:45:30 433 - Page URL:: https://i-car--staging.sandbox.lightning.force.com/lightning/o/committee_member__c/home</small> </font> </div>
<div class="test-event"> <font color="maroon"> <small> &emsp; &emsp;--- 15 Oct 12:45:30 433 - <b>0</b> - Page Load Wait: (Sync) - ICar.support.Utils.waitForPageLoad(Utils.java:109)</small> </font> </div>
<div class="test-event"> <font color="maroon"> <small> &emsp; &emsp;--- 15 Oct 12:45:30 492 - Element is displayed:: [[ChromeDriver: chrome on WINDOWS (4578539f43912d5a2c2ec8f1c1957319)] -> css selector: button[class*='search-button']]</small> </font> </div>
<div class="test-event"> <font color="maroon"> <small> &emsp; &emsp;--- 15 Oct 12:45:32 616 - Catched spinner load exception due to Expected condition failed: waiting for ICar.support.WaitUtils$4@3e310ae5 (tried for 2 second(s) with 500 milliseconds interval)</small> </font> </div>
<div class="test-event"> <font color="maroon"> <small> &emsp; &emsp;--- 15 Oct 12:45:32 617 - <b>2</b> - Spinner Load Wait: (Sync) - ICar.support.WaitUtils.waitForSpinner(WaitUtils.java:225)</small> </font> </div>
<div class="test-event"> <font color="maroon"> <small> &emsp; &emsp;--- 15 Oct 12:45:35 702 - Element is displayed:: [[ChromeDriver: chrome on WINDOWS (4578539f43912d5a2c2ec8f1c1957319)] -> css selector: button[class*='search-button']]</small> </font> </div>
<div class="test-event"> <font color="maroon"> <small> &emsp; &emsp;--- 15 Oct 12:45:36 198 - Page URL:: https://i-car--staging.sandbox.lightning.force.com/lightning/o/committee_member__c/home</small> </font> </div>
<div class="test-event"> <font color="maroon"> <small> &emsp; &emsp;--- 15 Oct 12:45:36 198 - <b>0</b> - Page Load Wait: (Sync) - ICar.support.Utils.waitForPageLoad(Utils.java:109)</small> </font> </div>
<div class="test-event"> <font color="maroon"> <small> &emsp; &emsp;--- 15 Oct 12:45:53 131 - Catched spinner load exception due to Expected condition failed: waiting for ICar.support.WaitUtils$4@3e310ae5 (tried for 10 second(s) with 500 milliseconds interval)</small> </font> </div>
<div class="test-event"> <font color="maroon"> <small> &emsp; &emsp;--- 15 Oct 12:45:53 131 - <b>10</b> - Spinner Load Wait: (Sync) - ICar.support.WaitUtils.waitForSpinner(WaitUtils.java:225)</small> </font> </div>
<div class="test-event"> <font color="maroon"> <small> &emsp; &emsp;--- 15 Oct 12:45:53 478 - Page URL:: https://i-car--staging.sandbox.lightning.force.com/one/one.app#eyjjb21wb25lbnrezwyioijmb3jjzvnlyxjjadpzzwfyy2hqywdlrgvza3rvccisimf0dhjpynv0zxmionsidgvybsi6ikfszxnzyw5kcmegqwnvc3rhoju0mc0wnzk5ievsifbhc28sifryiiwic2nvcgvnyxaionsidhlwzsi6ilrpuf9srvnvtfrtiiwibmftzxnwywnlijoiiiwibgfizwwioijub3agumvzdwx0cyisimxhymvsugx1cmfsijoivg9wifjlc3vsdhmilcjyzxn1bhrzq21wijoizm9yy2vtzwfyy2g6chjlzgljdgvkumvzdwx0cyj9lcjjb250zxh0ijp7ikzjtfrfulmiont9lcjzzwfyy2htb3vyy2uioijbu1nju1rbtlrfrelbte9hiiwizglzywjszuludgvudff1zxj5ijpmywxzzswizglzywjszvnwzwxsq29ycmvjdglvbii6zmfsc2usinnlyxjjaerpywxvz1nlc3npb25jzci6imzinwrlyjzmltc3owqty2i1yi04zjjlltzhmwjmzgrmyzy5msisimrlynvnsw5mbyi6eyjhchboyw1lijoisunhcl9tzxj2awnlx0nvbnnvbguilcjhchbuexblijoiq29uc29szsisimfwce5hbwvzcgfjzsi6immilcjsb2nhdglvbii6imzvcmnlom9iamvjdehvbwvezxnrdg9wiiwic29iamvjdfr5cguioijdb21taxr0zwvftwvtymvyx19jin19lcjncm91celkijoirevgqvvmvcj9lcjzdgf0zsi6e319</small> </font> </div>
<div class="test-event"> <font color="maroon"> <small> &emsp; &emsp;--- 15 Oct 12:45:53 478 - <b>0</b> - Page Load Wait: (Sync) - ICar.support.Utils.waitForPageLoad(Utils.java:109)</small> </font> </div>
<div class="test-event"> <font color="maroon"> <small> &emsp; &emsp;--- 15 Oct 12:45:53 846 - Page URL:: https://i-car--staging.sandbox.lightning.force.com/one/one.app#eyjjb21wb25lbnrezwyioijmb3jjzvnlyxjjadpzzwfyy2hqywdlrgvza3rvccisimf0dhjpynv0zxmionsidgvybsi6ikfszxnzyw5kcmegqwnvc3rhoju0mc0wnzk5ievsifbhc28sifryiiwic2nvcgvnyxaionsidhlwzsi6ilrpuf9srvnvtfrtiiwibmftzxnwywnlijoiiiwibgfizwwioijub3agumvzdwx0cyisimxhymvsugx1cmfsijoivg9wifjlc3vsdhmilcjyzxn1bhrzq21wijoizm9yy2vtzwfyy2g6chjlzgljdgvkumvzdwx0cyj9lcjjb250zxh0ijp7ikzjtfrfulmiont9lcjzzwfyy2htb3vyy2uioijbu1nju1rbtlrfrelbte9hiiwizglzywjszuludgvudff1zxj5ijpmywxzzswizglzywjszvnwzwxsq29ycmvjdglvbii6zmfsc2usinnlyxjjaerpywxvz1nlc3npb25jzci6imzinwrlyjzmltc3owqty2i1yi04zjjlltzhmwjmzgrmyzy5msisimrlynvnsw5mbyi6eyjhchboyw1lijoisunhcl9tzxj2awnlx0nvbnnvbguilcjhchbuexblijoiq29uc29szsisimfwce5hbwvzcgfjzsi6immilcjsb2nhdglvbii6imzvcmnlom9iamvjdehvbwvezxnrdg9wiiwic29iamvjdfr5cguioijdb21taxr0zwvftwvtymvyx19jin19lcjncm91celkijoirevgqvvmvcj9lcjzdgf0zsi6e319</small> </font> </div>
<div class="test-event"> <font color="maroon"> <small> &emsp; &emsp;--- 15 Oct 12:45:53 846 - <b>0</b> - Page Load Wait: (Sync) - ICar.support.Utils.waitForPageLoad(Utils.java:109)</small> </font> </div>
<div class="test-event"> <font color="maroon"> <small> &emsp; &emsp;--- 15 Oct 12:46:04 317 - Catched spinner load exception due to Expected condition failed: waiting for ICar.support.WaitUtils$4@3e310ae5 (tried for 10 second(s) with 500 milliseconds interval)</small> </font> </div>
<div class="test-event"> <font color="maroon"> <small> &emsp; &emsp;--- 15 Oct 12:46:04 317 - <b>10</b> - Spinner Load Wait: (Sync) - ICar.support.WaitUtils.waitForSpinner(WaitUtils.java:225)</small> </font> </div>
<div class="test-event"> <font color="maroon"> <small> &emsp; &emsp;--- 15 Oct 12:46:04 350 - Element is displayed:: [[ChromeDriver: chrome on WINDOWS (4578539f43912d5a2c2ec8f1c1957319)] -> css selector: div.forceSearchResultsRegion div.resultsMultiWrapper >div > div table tbody th a]</small> </font> </div>
<div class="test-event"> <font color="maroon"> <small> &emsp; &emsp;--- 15 Oct 12:46:04 429 - Element is displayed:: [[ChromeDriver: chrome on WINDOWS (4578539f43912d5a2c2ec8f1c1957319)] -> css selector: div.forceSearchResultsRegion div.resultsMultiWrapper >div > div table tbody th a]</small> </font> </div>
<div class="test-event"> <font color="maroon"> <small> &emsp; &emsp;--- 15 Oct 12:46:05 013 - Page URL:: https://i-car--staging.sandbox.lightning.force.com/one/one.app#eyjjb21wb25lbnrezwyioijmb3jjzvnlyxjjadpzzwfyy2hqywdlrgvza3rvccisimf0dhjpynv0zxmionsidgvybsi6ikfszxnzyw5kcmegqwnvc3rhoju0mc0wnzk5ievsifbhc28sifryiiwic2nvcgvnyxaionsidhlwzsi6ilrpuf9srvnvtfrtiiwibmftzxnwywnlijoiiiwibgfizwwioijub3agumvzdwx0cyisimxhymvsugx1cmfsijoivg9wifjlc3vsdhmilcjyzxn1bhrzq21wijoizm9yy2vtzwfyy2g6chjlzgljdgvkumvzdwx0cyj9lcjjb250zxh0ijp7ikzjtfrfulmiont9lcjzzwfyy2htb3vyy2uioijbu1nju1rbtlrfrelbte9hiiwizglzywjszuludgvudff1zxj5ijpmywxzzswizglzywjszvnwzwxsq29ycmvjdglvbii6zmfsc2usinnlyxjjaerpywxvz1nlc3npb25jzci6imzinwrlyjzmltc3owqty2i1yi04zjjlltzhmwjmzgrmyzy5msisimrlynvnsw5mbyi6eyjhchboyw1lijoisunhcl9tzxj2awnlx0nvbnnvbguilcjhchbuexblijoiq29uc29szsisimfwce5hbwvzcgfjzsi6immilcjsb2nhdglvbii6imzvcmnlom9iamvjdehvbwvezxnrdg9wiiwic29iamvjdfr5cguioijdb21taxr0zwvftwvtymvyx19jin19lcjncm91celkijoirevgqvvmvcj9lcjzdgf0zsi6e319</small> </font> </div>
<div class="test-event"> <font color="maroon"> <small> &emsp; &emsp;--- 15 Oct 12:46:05 013 - <b>0</b> - Page Load Wait: (Sync) - ICar.support.Utils.waitForPageLoad(Utils.java:109)</small> </font> </div>
<div class="test-message">&emsp;Role displayed Committee Officer</div>
<div class="test-message">&emsp;Student with ICAR ID 2614308 role displayed as Committee officer</div>
<div class="test-event"> <font color="maroon"> <small> &emsp; &emsp;--- 15 Oct 12:46:10 759 - Page URL:: https://i-car--staging.sandbox.lightning.force.com/lightning/r/committee_member__c/a371i000000ir8rqaa/view</small> </font> </div>
<div class="test-event"> <font color="maroon"> <small> &emsp; &emsp;--- 15 Oct 12:46:10 759 - <b>1</b> - Page Load Wait: (Sync) - ICar.support.Utils.waitForPageLoad(Utils.java:109)</small> </font> </div>
<div class="test-event"> <font color="maroon"> <small> &emsp; &emsp;--- 15 Oct 12:46:15 987 - Page URL:: https://i-car--staging.sandbox.lightning.force.com/lightning/r/committee_member__c/a371i000000ir8rqaa/view</small> </font> </div>
<div class="test-event"> <font color="maroon"> <small> &emsp; &emsp;--- 15 Oct 12:46:15 987 - <b>0</b> - Page Load Wait: (Sync) - ICar.support.Utils.waitForPageLoad(Utils.java:109)</small> </font> </div>
<div class="test-event"> <font color="maroon"> <small> &emsp; &emsp;--- 15 Oct 12:46:20 587 - Page URL:: https://i-car--staging.sandbox.lightning.force.com/lightning/r/committee_member__c/a371i000000ir8rqaa/view</small> </font> </div>
<div class="test-event"> <font color="maroon"> <small> &emsp; &emsp;--- 15 Oct 12:46:20 587 - <b>0</b> - Page Load Wait: (Sync) - ICar.support.Utils.waitForPageLoad(Utils.java:109)</small> </font> </div>
<div class="test-event"> <font color="maroon"> <small> &emsp; &emsp;--- 15 Oct 12:46:20 655 - Element is displayed:: [[ChromeDriver: chrome on WINDOWS (4578539f43912d5a2c2ec8f1c1957319)] -> css selector: button[class*='search-button']]</small> </font> </div>
<div class="test-event"> <font color="maroon"> <small> &emsp; &emsp;--- 15 Oct 12:46:22 757 - Catched spinner load exception due to Expected condition failed: waiting for ICar.support.WaitUtils$4@3e310ae5 (tried for 2 second(s) with 500 milliseconds interval)</small> </font> </div>
<div class="test-event"> <font color="maroon"> <small> &emsp; &emsp;--- 15 Oct 12:46:22 757 - <b>2</b> - Spinner Load Wait: (Sync) - ICar.support.WaitUtils.waitForSpinner(WaitUtils.java:225)</small> </font> </div>
<div class="test-event"> <font color="maroon"> <small> &emsp; &emsp;--- 15 Oct 12:46:25 941 - Element is displayed:: [[ChromeDriver: chrome on WINDOWS (4578539f43912d5a2c2ec8f1c1957319)] -> css selector: button[class*='search-button']]</small> </font> </div>
<div class="test-event"> <font color="maroon"> <small> &emsp; &emsp;--- 15 Oct 12:46:26 352 - Page URL:: https://i-car--staging.sandbox.lightning.force.com/lightning/o/committee__c/list?filtername=__recent</small> </font> </div>
<div class="test-event"> <font color="maroon"> <small> &emsp; &emsp;--- 15 Oct 12:46:26 352 - <b>0</b> - Page Load Wait: (Sync) - ICar.support.Utils.waitForPageLoad(Utils.java:109)</small> </font> </div>
<div class="test-event"> <font color="maroon"> <small> &emsp; &emsp;--- 15 Oct 12:46:46 132 - Catched spinner load exception due to Expected condition failed: waiting for ICar.support.WaitUtils$4@3e310ae5 (tried for 10 second(s) with 500 milliseconds interval)</small> </font> </div>
<div class="test-event"> <font color="maroon"> <small> &emsp; &emsp;--- 15 Oct 12:46:46 132 - <b>10</b> - Spinner Load Wait: (Sync) - ICar.support.WaitUtils.waitForSpinner(WaitUtils.java:225)</small> </font> </div>
<div class="test-event"> <font color="maroon"> <small> &emsp; &emsp;--- 15 Oct 12:46:47 246 - Page URL:: https://i-car--staging.sandbox.lightning.force.com/one/one.app#eyjjb21wb25lbnrezwyioijmb3jjzvnlyxjjadpzzwfyy2hqywdlrgvza3rvccisimf0dhjpynv0zxmionsidgvybsi6iji2mtqzmdgilcjzy29wzu1hcci6eyj0exblijoive9qx1jfu1vmvfmilcjuyw1lc3bhy2uioiiilcjsywjlbci6ilrvccbszxn1bhrziiwibgfizwxqbhvyywwioijub3agumvzdwx0cyisinjlc3vsdhndbxaioijmb3jjzvnlyxjjadpwcmvkawn0zwrszxn1bhrzin0simnvbnrlehqionsirklmvevsuyi6e30sinnlyxjjafnvdxjjzsi6ikftu0ltvefovf9esufmt0cilcjkaxnhymxlsw50zw50uxvlcnkiomzhbhnllcjkaxnhymxlu3blbgxdb3jyzwn0aw9uijpmywxzzswic2vhcmnorglhbg9nu2vzc2lvbklkijoiotblzjk0ztytyzbjny02mgq0lti1zgyty2mxmgq0m2u4ndy1iiwizgvidwdjbmzvijp7imfwce5hbwuioijjq2fyx1nlcnzpy2vfq29uc29szsisimfwcfr5cguioijdb25zb2xliiwiyxbwtmftzxnwywnlijoiyyisimxvy2f0aw9uijoizm9yy2u6b2jqzwn0sg9tzurlc2t0b3ailcjzb2jqzwn0vhlwzsi6iknvbw1pdhrlzv9fyyj9fswiz3jvdxbjzci6ikrfrkfvtfqifswic3rhdguiont9fq%3d%3d</small> </font> </div>
<div class="test-event"> <font color="maroon"> <small> &emsp; &emsp;--- 15 Oct 12:46:47 246 - <b>1</b> - Page Load Wait: (Sync) - ICar.support.Utils.waitForPageLoad(Utils.java:109)</small> </font> </div>
<div class="test-event"> <font color="maroon"> <small> &emsp; &emsp;--- 15 Oct 12:46:58 312 - Catched spinner load exception due to Expected condition failed: waiting for ICar.support.WaitUtils$4@3e310ae5 (tried for 11 second(s) with 500 milliseconds interval)</small> </font> </div>
<div class="test-event"> <font color="maroon"> <small> &emsp; &emsp;--- 15 Oct 12:46:58 312 - <b>11</b> - Spinner Load Wait: (Sync) - ICar.support.WaitUtils.waitForSpinner(WaitUtils.java:225)</small> </font> </div>
<div class="test-event"> <font color="maroon"> <small> &emsp; &emsp;--- 15 Oct 12:46:59 291 - Page URL:: https://i-car--staging.sandbox.lightning.force.com/one/one.app#eyjjb21wb25lbnrezwyioijmb3jjzvnlyxjjadpzzwfyy2hqywdlrgvza3rvccisimf0dhjpynv0zxmionsidgvybsi6iji2mtqzmdgilcjzy29wzu1hcci6eyj0exblijoive9qx1jfu1vmvfmilcjuyw1lc3bhy2uioiiilcjsywjlbci6ilrvccbszxn1bhrziiwibgfizwxqbhvyywwioijub3agumvzdwx0cyisinjlc3vsdhndbxaioijmb3jjzvnlyxjjadpwcmvkawn0zwrszxn1bhrzin0simnvbnrlehqionsirklmvevsuyi6e30sinnlyxjjafnvdxjjzsi6ikftu0ltvefovf9esufmt0cilcjkaxnhymxlsw50zw50uxvlcnkiomzhbhnllcjkaxnhymxlu3blbgxdb3jyzwn0aw9uijpmywxzzswic2vhcmnorglhbg9nu2vzc2lvbklkijoiotblzjk0ztytyzbjny02mgq0lti1zgyty2mxmgq0m2u4ndy1iiwizgvidwdjbmzvijp7imfwce5hbwuioijjq2fyx1nlcnzpy2vfq29uc29szsisimfwcfr5cguioijdb25zb2xliiwiyxbwtmftzxnwywnlijoiyyisimxvy2f0aw9uijoizm9yy2u6b2jqzwn0sg9tzurlc2t0b3ailcjzb2jqzwn0vhlwzsi6iknvbw1pdhrlzv9fyyj9fswiz3jvdxbjzci6ikrfrkfvtfqifswic3rhdguiont9fq%3d%3d</small> </font> </div>
<div class="test-event"> <font color="maroon"> <small> &emsp; &emsp;--- 15 Oct 12:46:59 291 - <b>0</b> - Page Load Wait: (Sync) - ICar.support.Utils.waitForPageLoad(Utils.java:109)</small> </font> </div>
<div class="test-event"> <font color="maroon"> <small> &emsp; &emsp;--- 15 Oct 12:46:59 366 - Element is displayed:: [[ChromeDriver: chrome on WINDOWS (4578539f43912d5a2c2ec8f1c1957319)] -> xpath: //a[@title='Top Results']//span[text()='Top Results']]</small> </font> </div>
<div class="test-event"> <font color="maroon"> <small> &emsp; &emsp;--- 15 Oct 12:47:00 026 - Page URL:: https://i-car--staging.sandbox.lightning.force.com/one/one.app#eyjjb21wb25lbnrezwyioijmb3jjzvnlyxjjadpzzwfyy2hqywdlrgvza3rvccisimf0dhjpynv0zxmionsidgvybsi6iji2mtqzmdgilcjzy29wzu1hcci6eyj0exblijoive9qx1jfu1vmvfmilcjuyw1lc3bhy2uioiiilcjsywjlbci6ilrvccbszxn1bhrziiwibgfizwxqbhvyywwioijub3agumvzdwx0cyisinjlc3vsdhndbxaioijmb3jjzvnlyxjjadpwcmvkawn0zwrszxn1bhrzin0simnvbnrlehqionsirklmvevsuyi6e30sinnlyxjjafnvdxjjzsi6ikftu0ltvefovf9esufmt0cilcjkaxnhymxlsw50zw50uxvlcnkiomzhbhnllcjkaxnhymxlu3blbgxdb3jyzwn0aw9uijpmywxzzswic2vhcmnorglhbg9nu2vzc2lvbklkijoiotblzjk0ztytyzbjny02mgq0lti1zgyty2mxmgq0m2u4ndy1iiwizgvidwdjbmzvijp7imfwce5hbwuioijjq2fyx1nlcnzpy2vfq29uc29szsisimfwcfr5cguioijdb25zb2xliiwiyxbwtmftzxnwywnlijoiyyisimxvy2f0aw9uijoizm9yy2u6b2jqzwn0sg9tzurlc2t0b3ailcjzb2jqzwn0vhlwzsi6iknvbw1pdhrlzv9fyyj9fswiz3jvdxbjzci6ikrfrkfvtfqifswic3rhdguiont9fq%3d%3d</small> </font> </div>
<div class="test-event"> <font color="maroon"> <small> &emsp; &emsp;--- 15 Oct 12:47:00 026 - <b>0</b> - Page Load Wait: (Sync) - ICar.support.Utils.waitForPageLoad(Utils.java:109)</small> </font> </div>
<div class="test-event"> <font color="maroon"> <small> &emsp; &emsp;--- 15 Oct 12:47:05 474 - Catched spinner load exception due to Expected condition failed: waiting for ICar.support.WaitUtils$4@3e310ae5 (tried for 5 second(s) with 500 milliseconds interval)</small> </font> </div>
<div class="test-event"> <font color="maroon"> <small> &emsp; &emsp;--- 15 Oct 12:47:05 474 - <b>5</b> - Spinner Load Wait: (Sync) - ICar.support.WaitUtils.waitForSpinner(WaitUtils.java:225)</small> </font> </div>
<div class="test-event"> <font color="maroon"> <small> &emsp; &emsp;--- 15 Oct 12:47:06 473 - Page URL:: https://i-car--staging.sandbox.lightning.force.com/one/one.app#eyjjb21wb25lbnrezwyioijmb3jjzvnlyxjjadpzzwfyy2hqywdlrgvza3rvccisimf0dhjpynv0zxmionsidgvybsi6iji2mtqzmdgilcjzy29wzu1hcci6eyj0exblijoive9qx1jfu1vmvfmilcjuyw1lc3bhy2uioiiilcjsywjlbci6ilrvccbszxn1bhrziiwibgfizwxqbhvyywwioijub3agumvzdwx0cyisinjlc3vsdhndbxaioijmb3jjzvnlyxjjadpwcmvkawn0zwrszxn1bhrzin0simnvbnrlehqionsirklmvevsuyi6e30sinnlyxjjafnvdxjjzsi6ikftu0ltvefovf9esufmt0cilcjkaxnhymxlsw50zw50uxvlcnkiomzhbhnllcjkaxnhymxlu3blbgxdb3jyzwn0aw9uijpmywxzzswic2vhcmnorglhbg9nu2vzc2lvbklkijoiotblzjk0ztytyzbjny02mgq0lti1zgyty2mxmgq0m2u4ndy1iiwizgvidwdjbmzvijp7imfwce5hbwuioijjq2fyx1nlcnzpy2vfq29uc29szsisimfwcfr5cguioijdb25zb2xliiwiyxbwtmftzxnwywnlijoiyyisimxvy2f0aw9uijoizm9yy2u6b2jqzwn0sg9tzurlc2t0b3ailcjzb2jqzwn0vhlwzsi6iknvbw1pdhrlzv9fyyj9fswiz3jvdxbjzci6ikrfrkfvtfqifswic3rhdguiont9fq%3d%3d</small> </font> </div>
<div class="test-event"> <font color="maroon"> <small> &emsp; &emsp;--- 15 Oct 12:47:06 473 - <b>1</b> - Page Load Wait: (Sync) - ICar.support.Utils.waitForPageLoad(Utils.java:109)</small> </font> </div>
<div class="test-event"> <font color="maroon"> <small> &emsp; &emsp;--- 15 Oct 12:47:07 330 - Page URL:: https://i-car--staging.sandbox.lightning.force.com/one/one.app#eyjjb21wb25lbnrezwyioijmb3jjzvnlyxjjadpzzwfyy2hqywdlrgvza3rvccisimf0dhjpynv0zxmionsidgvybsi6iji2mtqzmdgilcjzy29wzu1hcci6eyj0exblijoive9qx1jfu1vmvfmilcjuyw1lc3bhy2uioiiilcjsywjlbci6ilrvccbszxn1bhrziiwibgfizwxqbhvyywwioijub3agumvzdwx0cyisinjlc3vsdhndbxaioijmb3jjzvnlyxjjadpwcmvkawn0zwrszxn1bhrzin0simnvbnrlehqionsirklmvevsuyi6e30sinnlyxjjafnvdxjjzsi6ikftu0ltvefovf9esufmt0cilcjkaxnhymxlsw50zw50uxvlcnkiomzhbhnllcjkaxnhymxlu3blbgxdb3jyzwn0aw9uijpmywxzzswic2vhcmnorglhbg9nu2vzc2lvbklkijoiotblzjk0ztytyzbjny02mgq0lti1zgyty2mxmgq0m2u4ndy1iiwizgvidwdjbmzvijp7imfwce5hbwuioijjq2fyx1nlcnzpy2vfq29uc29szsisimfwcfr5cguioijdb25zb2xliiwiyxbwtmftzxnwywnlijoiyyisimxvy2f0aw9uijoizm9yy2u6b2jqzwn0sg9tzurlc2t0b3ailcjzb2jqzwn0vhlwzsi6iknvbw1pdhrlzv9fyyj9fswiz3jvdxbjzci6ikrfrkfvtfqifswic3rhdguiont9fq%3d%3d</small> </font> </div>
<div class="test-event"> <font color="maroon"> <small> &emsp; &emsp;--- 15 Oct 12:47:07 330 - <b>0</b> - Page Load Wait: (Sync) - ICar.support.Utils.waitForPageLoad(Utils.java:109)</small> </font> </div>
<div class="test-event"> <font color="maroon"> <small> &emsp; &emsp;--- 15 Oct 12:47:08 272 - Page URL:: https://i-car--staging.sandbox.lightning.force.com/one/one.app#eyjjb21wb25lbnrezwyioijmb3jjzvnlyxjjadpzzwfyy2hqywdlrgvza3rvccisimf0dhjpynv0zxmionsidgvybsi6iji2mtqzmdgilcjzy29wzu1hcci6eyj0exblijoive9qx1jfu1vmvfmilcjuyw1lc3bhy2uioiiilcjsywjlbci6ilrvccbszxn1bhrziiwibgfizwxqbhvyywwioijub3agumvzdwx0cyisinjlc3vsdhndbxaioijmb3jjzvnlyxjjadpwcmvkawn0zwrszxn1bhrzin0simnvbnrlehqionsirklmvevsuyi6e30sinnlyxjjafnvdxjjzsi6ikftu0ltvefovf9esufmt0cilcjkaxnhymxlsw50zw50uxvlcnkiomzhbhnllcjkaxnhymxlu3blbgxdb3jyzwn0aw9uijpmywxzzswic2vhcmnorglhbg9nu2vzc2lvbklkijoiotblzjk0ztytyzbjny02mgq0lti1zgyty2mxmgq0m2u4ndy1iiwizgvidwdjbmzvijp7imfwce5hbwuioijjq2fyx1nlcnzpy2vfq29uc29szsisimfwcfr5cguioijdb25zb2xliiwiyxbwtmftzxnwywnlijoiyyisimxvy2f0aw9uijoizm9yy2u6b2jqzwn0sg9tzurlc2t0b3ailcjzb2jqzwn0vhlwzsi6iknvbw1pdhrlzv9fyyj9fswiz3jvdxbjzci6ikrfrkfvtfqifswic3rhdguiont9fq%3d%3d</small> </font> </div>
<div class="test-event"> <font color="maroon"> <small> &emsp; &emsp;--- 15 Oct 12:47:08 272 - <b>0</b> - Page Load Wait: (Sync) - ICar.support.Utils.waitForPageLoad(Utils.java:109)</small> </font> </div>
<div class="test-event"> <font color="maroon"> <small> &emsp; &emsp;--- 15 Oct 12:47:16 782 - Catched spinner load exception due to Expected condition failed: waiting for ICar.support.WaitUtils$4@3e310ae5 (tried for 8 second(s) with 500 milliseconds interval)</small> </font> </div>
<div class="test-event"> <font color="maroon"> <small> &emsp; &emsp;--- 15 Oct 12:47:16 782 - <b>8</b> - Spinner Load Wait: (Sync) - ICar.support.WaitUtils.waitForSpinner(WaitUtils.java:225)</small> </font> </div>
<div class="test-event"> <font color="maroon"> <small> &emsp; &emsp;--- 15 Oct 12:47:17 766 - Page URL:: https://i-car--staging.sandbox.lightning.force.com/one/one.app#eyjjb21wb25lbnrezwyioijmb3jjzvnlyxjjadpzzwfyy2hqywdlrgvza3rvccisimf0dhjpynv0zxmionsidgvybsi6iji2mtqzmdgilcjzy29wzu1hcci6eyj0exblijoive9qx1jfu1vmvfmilcjuyw1lc3bhy2uioiiilcjsywjlbci6ilrvccbszxn1bhrziiwibgfizwxqbhvyywwioijub3agumvzdwx0cyisinjlc3vsdhndbxaioijmb3jjzvnlyxjjadpwcmvkawn0zwrszxn1bhrzin0simnvbnrlehqionsirklmvevsuyi6e30sinnlyxjjafnvdxjjzsi6ikftu0ltvefovf9esufmt0cilcjkaxnhymxlsw50zw50uxvlcnkiomzhbhnllcjkaxnhymxlu3blbgxdb3jyzwn0aw9uijpmywxzzswic2vhcmnorglhbg9nu2vzc2lvbklkijoiotblzjk0ztytyzbjny02mgq0lti1zgyty2mxmgq0m2u4ndy1iiwizgvidwdjbmzvijp7imfwce5hbwuioijjq2fyx1nlcnzpy2vfq29uc29szsisimfwcfr5cguioijdb25zb2xliiwiyxbwtmftzxnwywnlijoiyyisimxvy2f0aw9uijoizm9yy2u6b2jqzwn0sg9tzurlc2t0b3ailcjzb2jqzwn0vhlwzsi6iknvbw1pdhrlzv9fyyj9fswiz3jvdxbjzci6ikrfrkfvtfqifswic3rhdguiont9fq%3d%3d</small> </font> </div>
<div class="test-event"> <font color="maroon"> <small> &emsp; &emsp;--- 15 Oct 12:47:17 766 - <b>0</b> - Page Load Wait: (Sync) - ICar.support.Utils.waitForPageLoad(Utils.java:109)</small> </font> </div>
<div class="test-event"> <font color="maroon"> <small> &emsp; &emsp;--- 15 Oct 12:47:19 928 - Element is displayed:: [[ChromeDriver: chrome on WINDOWS (4578539f43912d5a2c2ec8f1c1957319)] -> xpath: //div[contains(@class,'forceSearchResultsRegion')]//div[contains(@class,'resultsMultiWrapper')]/div/div[1]//following::h2//a]</small> </font> </div>
<div class="test-event"> <font color="maroon"> <small> &emsp; &emsp;--- 15 Oct 12:47:20 133 - Element is displayed:: [[ChromeDriver: chrome on WINDOWS (4578539f43912d5a2c2ec8f1c1957319)] -> xpath: //a[text()='Contacts']]</small> </font> </div>
<div class="test-event"> <font color="maroon"> <small> &emsp; &emsp;--- 15 Oct 12:47:24 192 - Element is displayed:: [[ChromeDriver: chrome on WINDOWS (4578539f43912d5a2c2ec8f1c1957319)] -> xpath: //div[text()='Contacts']//following :: table//tbody//th//span /a]</small> </font> </div>
<div class="test-message">&emsp;4.Enter ICAR ID  2614308</div>
<div class="test-event"> <font color="maroon"> <small> &emsp; &emsp;--- 15 Oct 12:47:38 614 - Element is displayed:: [[ChromeDriver: chrome on WINDOWS (4578539f43912d5a2c2ec8f1c1957319)] -> xpath: //a/img[@alt='Login Image']|//button[@id='btn-login']]</small> </font> </div>
<div class="test-event"> <font color="maroon"> <small> &emsp; &emsp;--- 15 Oct 12:47:38 692 - Element is displayed:: [[ChromeDriver: chrome on WINDOWS (4578539f43912d5a2c2ec8f1c1957319)] -> xpath: //a/img[@alt='Login Image']|//button[@id='btn-login']]</small> </font> </div>
<div class="test-message">&emsp;Successfully navigated to 'Home' Page&emsp;<a href=".\ScreenShot\B2B1104_TC01_1258653775828400.png" target="_blank" >[ScreenShot]</a></div>
<div class="test-message">&emsp;1. Home page is launched.</div>
<div class="test-event"> <font color="maroon"> <small> &emsp; &emsp;--- 15 Oct 12:47:39 118 - Page URL:: https://www.icarstage.com/</small> </font> </div>
<div class="test-event"> <font color="maroon"> <small> &emsp; &emsp;--- 15 Oct 12:47:39 118 - <b>0</b> - Page Load Wait: (Sync) - ICar.support.Utils.waitForPageLoad(Utils.java:109)</small> </font> </div>
<div class="test-event"> <font color="maroon"> <small> &emsp; &emsp;--- 15 Oct 12:47:39 157 - Element is displayed:: [[ChromeDriver: chrome on WINDOWS (4578539f43912d5a2c2ec8f1c1957319)] -> xpath: //a/img[@alt='Login Image']|//button[@id='btn-login']]</small> </font> </div>
<div class="test-event"> <font color="maroon"> <small> &emsp; &emsp;--- 15 Oct 12:47:39 213 - Element is displayed:: [[ChromeDriver: chrome on WINDOWS (4578539f43912d5a2c2ec8f1c1957319)] -> xpath: //a/img[@alt='Login Image']|//button[@id='btn-login']]</small> </font> </div>
<div class="test-event"> <font color="maroon"> <small> &emsp; &emsp;--- 15 Oct 12:47:57 453 - Catched spinner load exception due to Expected condition failed: waiting for ICar.support.WaitUtils$4@3e310ae5 (tried for 15 second(s) with 500 milliseconds interval)</small> </font> </div>
<div class="test-event"> <font color="maroon"> <small> &emsp; &emsp;--- 15 Oct 12:47:57 454 - <b>15</b> - Spinner Load Wait: (Sync) - ICar.support.WaitUtils.waitForSpinner(WaitUtils.java:225)</small> </font> </div>
<div class="test-message">&emsp;2. Login page  should be successfully display</div>
<div class="test-message">&emsp;Successfully navigated to 'Login' Page&emsp;<a href=".\ScreenShot\B2B1104_TC01_1258672542099100.png" target="_blank" >[ScreenShot]</a></div>
<div class="test-event"> <font color="maroon"> <small> &emsp; &emsp;--- 15 Oct 12:47:57 674 - Element is displayed:: [[ChromeDriver: chrome on WINDOWS (4578539f43912d5a2c2ec8f1c1957319)] -> id: username]</small> </font> </div>
<div class="test-event"> <font color="maroon"> <small> &emsp; &emsp;--- 15 Oct 12:47:57 742 - Element is displayed:: [[ChromeDriver: chrome on WINDOWS (4578539f43912d5a2c2ec8f1c1957319)] -> id: username]</small> </font> </div>
<div class="test-event"> <font color="maroon"> <small> &emsp; &emsp;--- 15 Oct 12:47:58 063 - Element is displayed:: [[ChromeDriver: chrome on WINDOWS (4578539f43912d5a2c2ec8f1c1957319)] -> id: password]</small> </font> </div>
<div class="test-event"> <font color="maroon"> <small> &emsp; &emsp;--- 15 Oct 12:47:58 255 - Element is displayed:: [[ChromeDriver: chrome on WINDOWS (4578539f43912d5a2c2ec8f1c1957319)] -> id: btn-login]</small> </font> </div>
<div class="test-event"> <font color="maroon"> <small> &emsp; &emsp;--- 15 Oct 12:48:11 338 - Catched spinner load exception due to Expected condition failed: waiting for ICar.support.WaitUtils$4@3e310ae5 (tried for 13 second(s) with 500 milliseconds interval)</small> </font> </div>
<div class="test-event"> <font color="maroon"> <small> &emsp; &emsp;--- 15 Oct 12:48:11 338 - <b>13</b> - Spinner Load Wait: (Sync) - ICar.support.WaitUtils.waitForSpinner(WaitUtils.java:225)</small> </font> </div>
<div class="test-event"> <font color="maroon"> <small> &emsp; &emsp;--- 15 Oct 12:48:34 736 - Catched spinner load exception due to Expected condition failed: waiting for ICar.support.WaitUtils$4@3e310ae5 (tried for 10 second(s) with 500 milliseconds interval)</small> </font> </div>
<div class="test-event"> <font color="maroon"> <small> &emsp; &emsp;--- 15 Oct 12:48:34 736 - <b>10</b> - Spinner Load Wait: (Sync) - ICar.support.WaitUtils.waitForSpinner(WaitUtils.java:225)</small> </font> </div>
<div class="test-event"> <font color="maroon"> <small> &emsp; &emsp;--- 15 Oct 12:48:34 883 - Element is displayed:: [[ChromeDriver: chrome on WINDOWS (4578539f43912d5a2c2ec8f1c1957319)] -> xpath: //button[@value='Launch My Learning']]</small> </font> </div>
<div class="test-message">&emsp;3. Enter the user credentials as : alessa0717</div>
<div class="test-message">&emsp;Successfully navigated to 'User Home' Page&emsp;<a href=".\ScreenShot\B2B1104_TC01_1258709967278600.png" target="_blank" >[ScreenShot]</a></div>
<div class="test-event"> <font color="maroon"> <small> &emsp; &emsp;--- 15 Oct 12:48:35 318 - Page URL:: https://www.icarstage.com/</small> </font> </div>
<div class="test-event"> <font color="maroon"> <small> &emsp; &emsp;--- 15 Oct 12:48:35 319 - <b>0</b> - Page Load Wait: (Sync) - ICar.support.Utils.waitForPageLoad(Utils.java:109)</small> </font> </div>
<div class="test-event"> <font color="maroon"> <small> &emsp; &emsp;--- 15 Oct 12:48:35 373 - Element is displayed:: [[ChromeDriver: chrome on WINDOWS (4578539f43912d5a2c2ec8f1c1957319)] -> xpath: //p[text()='Launch My Learning']]</small> </font> </div>
<div class="test-event"> <font color="maroon"> <small> &emsp; &emsp;--- 15 Oct 12:48:35 410 - Element is displayed:: [[ChromeDriver: chrome on WINDOWS (4578539f43912d5a2c2ec8f1c1957319)] -> xpath: //a[text()='Access Committee Portal']]</small> </font> </div>
<div class="test-event"> <font color="maroon"> <small> &emsp; &emsp;--- 15 Oct 12:48:37 513 - Element is displayed:: [[ChromeDriver: chrome on WINDOWS (4578539f43912d5a2c2ec8f1c1957319)] -> xpath: //a[text()='Access Committee Portal']]</small> </font> </div>
<div class="test-event"> <font color="maroon"> <small> &emsp; &emsp;--- 15 Oct 12:48:56 910 - Catched spinner load exception due to Expected condition failed: waiting for ICar.support.WaitUtils$4@3e310ae5 (tried for 15 second(s) with 500 milliseconds interval)</small> </font> </div>
<div class="test-event"> <font color="maroon"> <small> &emsp; &emsp;--- 15 Oct 12:48:56 910 - <b>15</b> - Spinner Load Wait: (Sync) - ICar.support.WaitUtils.waitForSpinner(WaitUtils.java:225)</small> </font> </div>
<div class="test-event"> <font color="maroon"> <small> &emsp; &emsp;--- 15 Oct 12:48:57 720 - Page URL:: https://my.icarstage.com/s/committee/a381i0000006tc9qai/5400799</small> </font> </div>
<div class="test-event"> <font color="maroon"> <small> &emsp; &emsp;--- 15 Oct 12:48:57 720 - <b>0</b> - Page Load Wait: (Sync) - ICar.support.Utils.waitForPageLoad(Utils.java:109)</small> </font> </div>
<div class="test-message">&emsp;Successfully navigated to 'Access committee' Page&emsp;<a href=".\ScreenShot\B2B1104_TC01_1258732803752100.png" target="_blank" >[ScreenShot]</a></div>
<div class="test-event"> <font color="maroon"> <small> &emsp; &emsp;--- 15 Oct 12:48:58 022 - Page URL:: https://my.icarstage.com/s/committee/a381i0000006tc9qai/5400799</small> </font> </div>
<div class="test-event"> <font color="maroon"> <small> &emsp; &emsp;--- 15 Oct 12:48:58 022 - <b>0</b> - Page Load Wait: (Sync) - ICar.support.Utils.waitForPageLoad(Utils.java:109)</small> </font> </div>
<div class="test-event"> <font color="maroon"> <small> &emsp; &emsp;--- 15 Oct 12:49:06 198 - Catched spinner load exception due to Expected condition failed: waiting for ICar.support.WaitUtils$4@3e310ae5 (tried for 8 second(s) with 500 milliseconds interval)</small> </font> </div>
<div class="test-event"> <font color="maroon"> <small> &emsp; &emsp;--- 15 Oct 12:49:06 203 - <b>8</b> - Spinner Load Wait: (Sync) - ICar.support.WaitUtils.waitForSpinner(WaitUtils.java:225)</small> </font> </div>
<div class="test-event"> <font color="maroon"> <small> &emsp; &emsp;--- 15 Oct 12:49:06 291 - Element is displayed:: [[ChromeDriver: chrome on WINDOWS (4578539f43912d5a2c2ec8f1c1957319)] -> xpath: //span[text()='Committee Goals (Active Goals)']/parent::span]</small> </font> </div>
<div class="test-event"> <font color="maroon"> <small> &emsp; &emsp;--- 15 Oct 12:49:08 435 - Element is displayed:: [[ChromeDriver: chrome on WINDOWS (4578539f43912d5a2c2ec8f1c1957319)] -> xpath: //span[text()='Committee Goals (Active Goals)']/parent::span]</small> </font> </div>
<div class="test-event"> <font color="maroon"> <small> &emsp; &emsp;--- 15 Oct 12:49:13 574 - Page URL:: https://my.icarstage.com/s/committee/related/a381i0000006tc9qai/committee_goals1__r</small> </font> </div>
<div class="test-event"> <font color="maroon"> <small> &emsp; &emsp;--- 15 Oct 12:49:13 574 - Page Load Wait </small> </font> </div>
<div class="test-event"> <font color="maroon"> <small> &emsp; &emsp;--- 15 Oct 12:49:13 624 - Element is displayed:: [[ChromeDriver: chrome on WINDOWS (4578539f43912d5a2c2ec8f1c1957319)] -> xpath: (//table[contains(@aria-label,'Committee')])[last()]/thead/tr/th/div/a/span[2]]</small> </font> </div>
<div class="test-message">&emsp;All column headers are displayed on clicking active goal </div>
<div class="test-event"> <font color="maroon"> <small> &emsp; &emsp;--- 15 Oct 12:49:13 959 - Page URL:: https://my.icarstage.com/s/committee/related/a381i0000006tc9qai/committee_goals1__r</small> </font> </div>
<div class="test-event"> <font color="maroon"> <small> &emsp; &emsp;--- 15 Oct 12:49:13 959 - <b>0</b> - Page Load Wait: (Sync) - ICar.support.Utils.waitForPageLoad(Utils.java:109)</small> </font> </div>
<div class="test-event"> <font color="maroon"> <small> &emsp; &emsp;--- 15 Oct 12:49:22 283 - Catched spinner load exception due to Expected condition failed: waiting for ICar.support.WaitUtils$4@3e310ae5 (tried for 8 second(s) with 500 milliseconds interval)</small> </font> </div>
<div class="test-event"> <font color="maroon"> <small> &emsp; &emsp;--- 15 Oct 12:49:22 283 - <b>8</b> - Spinner Load Wait: (Sync) - ICar.support.WaitUtils.waitForSpinner(WaitUtils.java:225)</small> </font> </div>
<div class="test-event"> <font color="maroon"> <small> &emsp; &emsp;--- 15 Oct 12:49:22 324 - Element is displayed:: [[ChromeDriver: chrome on WINDOWS (4578539f43912d5a2c2ec8f1c1957319)] -> xpath: (//table[@aria-label='Committee Goals (Active Goals)'])[last()]/tbody/tr/th/span/a|(//table[@aria-label='Committee Goals (Active Goals)'])[last()]/tbody/tr/th//a]</small> </font> </div>
<div class="test-message">&emsp;Active Goal details are displayed</div>
<div class="test-message">&emsp;Upload file in committee Goal page</div>
<div class="test-event"> <font color="maroon"> <small> &emsp; &emsp;--- 15 Oct 12:49:27 558 - Page URL:: https://my.icarstage.com/s/detail/a5q8w000000h9u4qac</small> </font> </div>
<div class="test-event"> <font color="maroon"> <small> &emsp; &emsp;--- 15 Oct 12:49:27 558 - <b>0</b> - Page Load Wait: (Sync) - ICar.support.Utils.waitForPageLoad(Utils.java:109)</small> </font> </div>
<div class="test-event"> <font color="maroon"> <small> &emsp; &emsp;--- 15 Oct 12:49:33 071 - Page URL:: https://my.icarstage.com/s/detail/a5q8w000000h9u4qac</small> </font> </div>
<div class="test-event"> <font color="maroon"> <small> &emsp; &emsp;--- 15 Oct 12:49:33 071 - <b>0</b> - Page Load Wait: (Sync) - ICar.support.Utils.waitForPageLoad(Utils.java:109)</small> </font> </div>
<div class="test-event"> <font color="maroon"> <small> &emsp; &emsp;--- 15 Oct 12:49:48 327 - Catched spinner load exception due to Expected condition failed: waiting for ICar.support.WaitUtils$4@3e310ae5 (tried for 15 second(s) with 500 milliseconds interval)</small> </font> </div>
<div class="test-event"> <font color="maroon"> <small> &emsp; &emsp;--- 15 Oct 12:49:48 327 - Spinner Load Wait</small> </font> </div>
<div class="test-event"> <font color="maroon"> <small> &emsp; &emsp;--- 15 Oct 12:49:50 502 - Element is displayed:: [[ChromeDriver: chrome on WINDOWS (4578539f43912d5a2c2ec8f1c1957319)] -> xpath: //span[text()='View All']]</small> </font> </div>
<div class="test-event"> <font color="maroon"> <small> &emsp; &emsp;--- 15 Oct 12:49:53 735 - Element is displayed:: [[ChromeDriver: chrome on WINDOWS (4578539f43912d5a2c2ec8f1c1957319)] -> xpath: //div[@title='Upload Files']]</small> </font> </div>
<div class="test-message">&emsp;The file is uploaded from the locationD:\ICar\IcarAutomation-Weekly\ICar-TestAutomation_new\src\main\resources\Upload\upload.pdf</div>
<div class="test-event"> <font color="maroon"> <small> &emsp; &emsp;--- 15 Oct 12:50:27 022 - Catched spinner load exception due to Expected condition failed: waiting for ICar.support.WaitUtils$4@3e310ae5 (tried for 8 second(s) with 500 milliseconds interval)</small> </font> </div>
<div class="test-event"> <font color="maroon"> <small> &emsp; &emsp;--- 15 Oct 12:50:27 022 - <b>8</b> - Spinner Load Wait: (Sync) - ICar.support.WaitUtils.waitForSpinner(WaitUtils.java:225)</small> </font> </div>
<div class="test-event"> <font color="maroon"> <small> &emsp; &emsp;--- 15 Oct 12:50:31 183 - Page URL:: https://my.icarstage.com/s/relatedlist/a5q8w000000h9u4qac/attachedcontentdocuments</small> </font> </div>
<div class="test-event"> <font color="maroon"> <small> &emsp; &emsp;--- 15 Oct 12:50:31 183 - <b>0</b> - Page Load Wait: (Sync) - ICar.support.Utils.waitForPageLoad(Utils.java:109)</small> </font> </div>
<div class="test-event"> <font color="maroon"> <small> &emsp; &emsp;--- 15 Oct 12:51:15 477 - Unable to find an element after 10 sec ==> Proxy element for: AjaxElementLocator 'By.xpath: //span[text()='Done']'</small> </font> </div>
<div class="test-event"> <font color="maroon"> <small> &emsp; &emsp;--- 15 Oct 12:51:18 740 - Page URL:: https://my.icarstage.com/s/relatedlist/a5q8w000000h9u4qac/attachedcontentdocuments</small> </font> </div>
<div class="test-event"> <font color="maroon"> <small> &emsp; &emsp;--- 15 Oct 12:51:18 740 - <b>0</b> - Page Load Wait: (Sync) - ICar.support.Utils.waitForPageLoad(Utils.java:109)</small> </font> </div>
<div class="test-event"> <font color="maroon"> <small> &emsp; &emsp;--- 15 Oct 12:51:31 642 - Unable to find a element after 9 sec ==> Proxy element for: AjaxElementLocator 'By.xpath: //span[text()='Done']'</small> </font> </div>
<!--FAILSOFT-->
<div class="test-result"><font color="red">&emsp;Failed to upload file in portal with file name as uploas</font></div>
<!--FAIL-->
<div class="test-result"><br><font color="red"><strong> Test Failed. Check the steps above in red color. </strong></font> </div>&emsp;
&emsp;<div class="test-title"> <strong><font size = "3" color = "#0000FF">---Test Execution Ends---</font> </strong> </div>&emsp;
<div class="test-event"> <font color="maroon"> <small> &emsp; &emsp;--- 15 Oct 12:51:37 115 - TestCaseID:: B2B1104_TC02</small> </font> </div>
<div class="test-event"> <font color="maroon"> <small> &emsp; &emsp;--- 15 Oct 12:51:45 409 - <b>8</b> - Driver::initialize::Get - ICar.support.WebDriverFactory.getDriver(WebDriverFactory.java:640)</small> </font> </div>
&emsp;<div class="test-title"> <strong><font size = "3" color = "#000080">Validate uploaded file displayed in portal under committee goal</font> </strong> </div>&emsp;<div><strong>Steps:</strong></div><!-- Report -->&emsp;
<div class="test-event"> <font color="maroon"> <small> &emsp; &emsp;--- 15 Oct 12:51:59 457 - Page URL:: data:,</small> </font> </div>
<div class="test-event"> <font color="maroon"> <small> &emsp; &emsp;--- 15 Oct 12:51:59 457 - <b>0</b> - Page Load Wait: (Sync) - ICar.support.Utils.waitForPageLoad(Utils.java:109)</small> </font> </div>
<div class="test-event"> <font color="maroon"> <small> &emsp; &emsp;--- 15 Oct 12:51:59 510 - Page URL:: data:,</small> </font> </div>
<div class="test-event"> <font color="maroon"> <small> &emsp; &emsp;--- 15 Oct 12:51:59 510 - <b>0</b> - Page Load Wait: (Sync) - ICar.support.Utils.waitForPageLoad(Utils.java:109)</small> </font> </div>
<div class="test-event"> <font color="maroon"> <small> &emsp; &emsp;--- 15 Oct 12:52:02 142 - Page URL:: https://i-car--staging.sandbox.my.salesforce.com/</small> </font> </div>
<div class="test-event"> <font color="maroon"> <small> &emsp; &emsp;--- 15 Oct 12:52:02 142 - <b>0</b> - Page Load Wait: (Sync) - ICar.support.Utils.waitForPageLoad(Utils.java:109)</small> </font> </div>
<div class="test-message">&emsp;Successfully navigated to 'Login' Page&emsp;<a href=".\ScreenShot\B2B1104_TC02_1258917225473800.png" target="_blank" >[ScreenShot]</a></div>
<div class="test-message">&emsp;1. Login page is launched.</div>
<div class="test-event"> <font color="maroon"> <small> &emsp; &emsp;--- 15 Oct 12:52:02 520 - Element is displayed:: [[ChromeDriver: chrome on WINDOWS (c2c6af62d363e495c830de2c2c48f4b8)] -> id: username]</small> </font> </div>
<div class="test-event"> <font color="maroon"> <small> &emsp; &emsp;--- 15 Oct 12:52:02 587 - Element is displayed:: [[ChromeDriver: chrome on WINDOWS (c2c6af62d363e495c830de2c2c48f4b8)] -> id: username]</small> </font> </div>
<div class="test-event"> <font color="maroon"> <small> &emsp; &emsp;--- 15 Oct 12:52:02 829 - Element is displayed:: [[ChromeDriver: chrome on WINDOWS (c2c6af62d363e495c830de2c2c48f4b8)] -> id: password]</small> </font> </div>
<div class="test-event"> <font color="maroon"> <small> &emsp; &emsp;--- 15 Oct 12:52:03 052 - Element is displayed:: [[ChromeDriver: chrome on WINDOWS (c2c6af62d363e495c830de2c2c48f4b8)] -> id: Login]</small> </font> </div>
<div class="test-event"> <font color="maroon"> <small> &emsp; &emsp;--- 15 Oct 12:52:40 915 - Catched spinner load exception due to Expected condition failed: waiting for ICar.support.WaitUtils$4@3e310ae5 (tried for 13 second(s) with 500 milliseconds interval)</small> </font> </div>
<div class="test-event"> <font color="maroon"> <small> &emsp; &emsp;--- 15 Oct 12:52:40 915 - <b>13</b> - Spinner Load Wait: (Sync) - ICar.support.WaitUtils.waitForSpinner(WaitUtils.java:225)</small> </font> </div>
<div class="test-event"> <font color="maroon"> <small> &emsp; &emsp;--- 15 Oct 12:53:00 673 - Catched spinner load exception due to Expected condition failed: waiting for ICar.support.WaitUtils$4@3e310ae5 (tried for 6 second(s) with 500 milliseconds interval)</small> </font> </div>
<div class="test-event"> <font color="maroon"> <small> &emsp; &emsp;--- 15 Oct 12:53:00 674 - <b>6</b> - Spinner Load Wait: (Sync) - ICar.support.WaitUtils.waitForSpinner(WaitUtils.java:225)</small> </font> </div>
<div class="test-event"> <font color="maroon"> <small> &emsp; &emsp;--- 15 Oct 12:53:00 759 - Element is displayed:: [[ChromeDriver: chrome on WINDOWS (c2c6af62d363e495c830de2c2c48f4b8)] -> css selector: button[class*='search-button']]</small> </font> </div>
<div class="test-message">&emsp;2. Navigate to 'SalesForce Page'</div>
<div class="test-event"> <font color="maroon"> <small> &emsp; &emsp;--- 15 Oct 12:53:00 941 - Page URL:: https://i-car--staging.sandbox.lightning.force.com/lightning/o/committee__c/list?filtername=__recent</small> </font> </div>
<div class="test-event"> <font color="maroon"> <small> &emsp; &emsp;--- 15 Oct 12:53:00 942 - <b>0</b> - Page Load Wait: (Sync) - ICar.support.Utils.waitForPageLoad(Utils.java:109)</small> </font> </div>
<div class="test-event"> <font color="maroon"> <small> &emsp; &emsp;--- 15 Oct 12:53:06 152 - Page URL:: https://i-car--staging.sandbox.lightning.force.com/lightning/o/committee__c/list?filtername=__recent</small> </font> </div>
<div class="test-event"> <font color="maroon"> <small> &emsp; &emsp;--- 15 Oct 12:53:06 152 - <b>0</b> - Page Load Wait: (Sync) - ICar.support.Utils.waitForPageLoad(Utils.java:109)</small> </font> </div>
<div class="test-message">&emsp;Close the tab</div>
<div class="test-message">&emsp;Successfully navigated to 'Login' Page&emsp;<a href=".\ScreenShot\B2B1104_TC02_1258986370005300.png" target="_blank" >[ScreenShot]</a></div>
<div class="test-event"> <font color="maroon"> <small> &emsp; &emsp;--- 15 Oct 12:53:11 625 - Page URL:: https://i-car--staging.sandbox.lightning.force.com/lightning/o/committee__c/list?filtername=__recent</small> </font> </div>
<div class="test-event"> <font color="maroon"> <small> &emsp; &emsp;--- 15 Oct 12:53:11 625 - <b>0</b> - Page Load Wait: (Sync) - ICar.support.Utils.waitForPageLoad(Utils.java:109)</small> </font> </div>
<div class="test-event"> <font color="maroon"> <small> &emsp; &emsp;--- 15 Oct 12:53:11 672 - Element is displayed:: [[ChromeDriver: chrome on WINDOWS (c2c6af62d363e495c830de2c2c48f4b8)] -> css selector: button[class*='search-button']]</small> </font> </div>
<div class="test-event"> <font color="maroon"> <small> &emsp; &emsp;--- 15 Oct 12:53:13 732 - Catched spinner load exception due to Expected condition failed: waiting for ICar.support.WaitUtils$4@3e310ae5 (tried for 2 second(s) with 500 milliseconds interval)</small> </font> </div>
<div class="test-event"> <font color="maroon"> <small> &emsp; &emsp;--- 15 Oct 12:53:13 732 - <b>2</b> - Spinner Load Wait: (Sync) - ICar.support.WaitUtils.waitForSpinner(WaitUtils.java:225)</small> </font> </div>
<div class="test-event"> <font color="maroon"> <small> &emsp; &emsp;--- 15 Oct 12:53:16 818 - Element is displayed:: [[ChromeDriver: chrome on WINDOWS (c2c6af62d363e495c830de2c2c48f4b8)] -> css selector: button[class*='search-button']]</small> </font> </div>
<div class="test-event"> <font color="maroon"> <small> &emsp; &emsp;--- 15 Oct 12:53:17 500 - Page URL:: https://i-car--staging.sandbox.lightning.force.com/lightning/o/committee__c/list?filtername=__recent</small> </font> </div>
<div class="test-event"> <font color="maroon"> <small> &emsp; &emsp;--- 15 Oct 12:53:17 500 - <b>0</b> - Page Load Wait: (Sync) - ICar.support.Utils.waitForPageLoad(Utils.java:109)</small> </font> </div>
<div class="test-event"> <font color="maroon"> <small> &emsp; &emsp;--- 15 Oct 12:53:34 467 - Catched spinner load exception due to Expected condition failed: waiting for ICar.support.WaitUtils$4@3e310ae5 (tried for 10 second(s) with 500 milliseconds interval)</small> </font> </div>
<div class="test-event"> <font color="maroon"> <small> &emsp; &emsp;--- 15 Oct 12:53:34 467 - <b>10</b> - Spinner Load Wait: (Sync) - ICar.support.WaitUtils.waitForSpinner(WaitUtils.java:225)</small> </font> </div>
<div class="test-event"> <font color="maroon"> <small> &emsp; &emsp;--- 15 Oct 12:53:34 851 - Page URL:: https://i-car--staging.sandbox.lightning.force.com/one/one.app#eyjjb21wb25lbnrezwyioijmb3jjzvnlyxjjadpzzwfyy2hqywdlrgvza3rvccisimf0dhjpynv0zxmionsidgvybsi6ikfszxnzyw5kcmegqwnvc3rhoju0mc0wnzk5ievsifbhc28sifryiiwic2nvcgvnyxaionsidhlwzsi6ilrpuf9srvnvtfrtin0simnvbnrlehqionsirklmvevsuyi6e30sinnlyxjjafnvdxjjzsi6ikftu0ltvefovf9esufmt0cilcjkaxnhymxlsw50zw50uxvlcnkiomzhbhnllcjkaxnhymxlu3blbgxdb3jyzwn0aw9uijpmywxzzswic2vhcmnorglhbg9nu2vzc2lvbklkijoizdawyta3odmtztq3ny0zodfjltgyytctotuxywuwogqzmjjmiiwizgvidwdjbmzvijp7imfwce5hbwuioijjq2fyx1nlcnzpy2vfq29uc29szsisimfwcfr5cguioijdb25zb2xliiwiyxbwtmftzxnwywnlijoiyyisimxvy2f0aw9uijoizm9yy2u6b2jqzwn0sg9tzurlc2t0b3ailcjzb2jqzwn0vhlwzsi6iknvbw1pdhrlzv9fyyj9fswiz3jvdxbjzci6ikrfrkfvtfqifswic3rhdguiont9fq%3d%3d</small> </font> </div>
<div class="test-event"> <font color="maroon"> <small> &emsp; &emsp;--- 15 Oct 12:53:34 851 - <b>0</b> - Page Load Wait: (Sync) - ICar.support.Utils.waitForPageLoad(Utils.java:109)</small> </font> </div>
<div class="test-event"> <font color="maroon"> <small> &emsp; &emsp;--- 15 Oct 12:53:35 247 - Page URL:: https://i-car--staging.sandbox.lightning.force.com/one/one.app#eyjjb21wb25lbnrezwyioijmb3jjzvnlyxjjadpzzwfyy2hqywdlrgvza3rvccisimf0dhjpynv0zxmionsidgvybsi6ikfszxnzyw5kcmegqwnvc3rhoju0mc0wnzk5ievsifbhc28sifryiiwic2nvcgvnyxaionsidhlwzsi6ilrpuf9srvnvtfrtin0simnvbnrlehqionsirklmvevsuyi6e30sinnlyxjjafnvdxjjzsi6ikftu0ltvefovf9esufmt0cilcjkaxnhymxlsw50zw50uxvlcnkiomzhbhnllcjkaxnhymxlu3blbgxdb3jyzwn0aw9uijpmywxzzswic2vhcmnorglhbg9nu2vzc2lvbklkijoizdawyta3odmtztq3ny0zodfjltgyytctotuxywuwogqzmjjmiiwizgvidwdjbmzvijp7imfwce5hbwuioijjq2fyx1nlcnzpy2vfq29uc29szsisimfwcfr5cguioijdb25zb2xliiwiyxbwtmftzxnwywnlijoiyyisimxvy2f0aw9uijoizm9yy2u6b2jqzwn0sg9tzurlc2t0b3ailcjzb2jqzwn0vhlwzsi6iknvbw1pdhrlzv9fyyj9fswiz3jvdxbjzci6ikrfrkfvtfqifswic3rhdguiont9fq%3d%3d</small> </font> </div>
<div class="test-event"> <font color="maroon"> <small> &emsp; &emsp;--- 15 Oct 12:53:35 248 - <b>0</b> - Page Load Wait: (Sync) - ICar.support.Utils.waitForPageLoad(Utils.java:109)</small> </font> </div>
<div class="test-event"> <font color="maroon"> <small> &emsp; &emsp;--- 15 Oct 12:53:45 771 - Catched spinner load exception due to Expected condition failed: waiting for ICar.support.WaitUtils$4@3e310ae5 (tried for 10 second(s) with 500 milliseconds interval)</small> </font> </div>
<div class="test-event"> <font color="maroon"> <small> &emsp; &emsp;--- 15 Oct 12:53:45 771 - <b>10</b> - Spinner Load Wait: (Sync) - ICar.support.WaitUtils.waitForSpinner(WaitUtils.java:225)</small> </font> </div>
<div class="test-event"> <font color="maroon"> <small> &emsp; &emsp;--- 15 Oct 12:53:45 824 - Element is displayed:: [[ChromeDriver: chrome on WINDOWS (c2c6af62d363e495c830de2c2c48f4b8)] -> css selector: div.forceSearchResultsRegion div.resultsMultiWrapper >div > div table tbody th a]</small> </font> </div>
<div class="test-event"> <font color="maroon"> <small> &emsp; &emsp;--- 15 Oct 12:53:45 906 - Element is displayed:: [[ChromeDriver: chrome on WINDOWS (c2c6af62d363e495c830de2c2c48f4b8)] -> css selector: div.forceSearchResultsRegion div.resultsMultiWrapper >div > div table tbody th a]</small> </font> </div>
<div class="test-message">&emsp;6.Click on committee link</div>
<div class="test-event"> <font color="maroon"> <small> &emsp; &emsp;--- 15 Oct 12:53:46 368 - Page URL:: https://i-car--staging.sandbox.lightning.force.com/one/one.app#eyjjb21wb25lbnrezwyioijmb3jjzvnlyxjjadpzzwfyy2hqywdlrgvza3rvccisimf0dhjpynv0zxmionsidgvybsi6ikfszxnzyw5kcmegqwnvc3rhoju0mc0wnzk5ievsifbhc28sifryiiwic2nvcgvnyxaionsidhlwzsi6ilrpuf9srvnvtfrtin0simnvbnrlehqionsirklmvevsuyi6e30sinnlyxjjafnvdxjjzsi6ikftu0ltvefovf9esufmt0cilcjkaxnhymxlsw50zw50uxvlcnkiomzhbhnllcjkaxnhymxlu3blbgxdb3jyzwn0aw9uijpmywxzzswic2vhcmnorglhbg9nu2vzc2lvbklkijoizdawyta3odmtztq3ny0zodfjltgyytctotuxywuwogqzmjjmiiwizgvidwdjbmzvijp7imfwce5hbwuioijjq2fyx1nlcnzpy2vfq29uc29szsisimfwcfr5cguioijdb25zb2xliiwiyxbwtmftzxnwywnlijoiyyisimxvy2f0aw9uijoizm9yy2u6b2jqzwn0sg9tzurlc2t0b3ailcjzb2jqzwn0vhlwzsi6iknvbw1pdhrlzv9fyyj9fswiz3jvdxbjzci6ikrfrkfvtfqifswic3rhdguiont9fq%3d%3d</small> </font> </div>
<div class="test-event"> <font color="maroon"> <small> &emsp; &emsp;--- 15 Oct 12:53:46 368 - <b>0</b> - Page Load Wait: (Sync) - ICar.support.Utils.waitForPageLoad(Utils.java:109)</small> </font> </div>
<div class="test-event"> <font color="maroon"> <small> &emsp; &emsp;--- 15 Oct 12:53:48 360 - Element is displayed:: [[ChromeDriver: chrome on WINDOWS (c2c6af62d363e495c830de2c2c48f4b8)] -> xpath: //records-record-layout-item[@field-label='Committee']//div[contains(@data-target-selection-name,'Committee__c')]//slot[1]//records-hoverable-link//a]</small> </font> </div>
<div class="test-event"> <font color="maroon"> <small> &emsp; &emsp;--- 15 Oct 12:53:48 427 - Element is displayed:: [[ChromeDriver: chrome on WINDOWS (c2c6af62d363e495c830de2c2c48f4b8)] -> xpath: //records-record-layout-item[@field-label='Committee']//div[contains(@data-target-selection-name,'Committee__c')]//slot[1]//records-hoverable-link//a]</small> </font> </div>
<div class="test-event"> <font color="maroon"> <small> &emsp; &emsp;--- 15 Oct 12:53:49 039 - Page URL:: https://i-car--staging.sandbox.lightning.force.com/lightning/r/committee__c/a381i0000006tc9qai/view?ws=%2flightning%2fr%2fcommittee_member__c%2fa371i000000ir8rqaa%2fview</small> </font> </div>
<div class="test-event"> <font color="maroon"> <small> &emsp; &emsp;--- 15 Oct 12:53:49 039 - <b>0</b> - Page Load Wait: (Sync) - ICar.support.Utils.waitForPageLoad(Utils.java:109)</small> </font> </div>
<div class="test-event"> <font color="maroon"> <small> &emsp; &emsp;--- 15 Oct 12:53:57 304 - Catched spinner load exception due to Expected condition failed: waiting for ICar.support.WaitUtils$4@3e310ae5 (tried for 8 second(s) with 500 milliseconds interval)</small> </font> </div>
<div class="test-event"> <font color="maroon"> <small> &emsp; &emsp;--- 15 Oct 12:53:57 304 - <b>8</b> - Spinner Load Wait: (Sync) - ICar.support.WaitUtils.waitForSpinner(WaitUtils.java:225)</small> </font> </div>
<div class="test-event"> <font color="maroon"> <small> &emsp; &emsp;--- 15 Oct 12:53:57 362 - Element is displayed:: [[ChromeDriver: chrome on WINDOWS (c2c6af62d363e495c830de2c2c48f4b8)] -> xpath: //span[text()='Committee Goals (Active Goals)']/parent::span]</small> </font> </div>
<div class="test-event"> <font color="maroon"> <small> &emsp; &emsp;--- 15 Oct 12:53:59 853 - Element is displayed:: [[ChromeDriver: chrome on WINDOWS (c2c6af62d363e495c830de2c2c48f4b8)] -> xpath: //span[text()='Committee Goals (Active Goals)']/parent::span]</small> </font> </div>
<div class="test-event"> <font color="maroon"> <small> &emsp; &emsp;--- 15 Oct 12:54:05 328 - Page URL:: https://i-car--staging.sandbox.lightning.force.com/lightning/r/committee__c/a381i0000006tc9qai/related/committee_goals1__r/view?ws=%2flightning%2fr%2fcommittee_member__c%2fa371i000000ir8rqaa%2fview</small> </font> </div>
<div class="test-event"> <font color="maroon"> <small> &emsp; &emsp;--- 15 Oct 12:54:05 328 - Page Load Wait </small> </font> </div>
<div class="test-event"> <font color="maroon"> <small> &emsp; &emsp;--- 15 Oct 12:54:06 216 - Page URL:: https://i-car--staging.sandbox.lightning.force.com/lightning/r/committee__c/a381i0000006tc9qai/related/committee_goals1__r/view?ws=%2flightning%2fr%2fcommittee_member__c%2fa371i000000ir8rqaa%2fview</small> </font> </div>
<div class="test-event"> <font color="maroon"> <small> &emsp; &emsp;--- 15 Oct 12:54:06 216 - <b>0</b> - Page Load Wait: (Sync) - ICar.support.Utils.waitForPageLoad(Utils.java:109)</small> </font> </div>
<div class="test-event"> <font color="maroon"> <small> &emsp; &emsp;--- 15 Oct 12:54:14 596 - Catched spinner load exception due to Expected condition failed: waiting for ICar.support.WaitUtils$4@3e310ae5 (tried for 8 second(s) with 500 milliseconds interval)</small> </font> </div>
<div class="test-event"> <font color="maroon"> <small> &emsp; &emsp;--- 15 Oct 12:54:14 596 - <b>8</b> - Spinner Load Wait: (Sync) - ICar.support.WaitUtils.waitForSpinner(WaitUtils.java:225)</small> </font> </div>
<div class="test-event"> <font color="maroon"> <small> &emsp; &emsp;--- 15 Oct 12:54:14 664 - Element is displayed:: [[ChromeDriver: chrome on WINDOWS (c2c6af62d363e495c830de2c2c48f4b8)] -> xpath: (//table[@aria-label='Committee Goals (Active Goals)'])[last()]/tbody/tr/th/span/a|(//table[@aria-label='Committee Goals (Active Goals)'])[last()]/tbody/tr/th//a]</small> </font> </div>
<div class="test-message">&emsp;Active Goal details are displayed</div>
<div class="test-message">&emsp;8.Click on view all link of file upload</div>
<div class="test-event"> <font color="maroon"> <small> &emsp; &emsp;--- 15 Oct 12:54:25 849 - Page URL:: https://i-car--staging.sandbox.lightning.force.com/lightning/r/committee_goal__c/a5q8w000000h9u4qac/view?ws=%2flightning%2fr%2fcommittee_member__c%2fa371i000000ir8rqaa%2fview</small> </font> </div>
<div class="test-event"> <font color="maroon"> <small> &emsp; &emsp;--- 15 Oct 12:54:25 849 - <b>1</b> - Page Load Wait: (Sync) - ICar.support.Utils.waitForPageLoad(Utils.java:109)</small> </font> </div>
<div class="test-event"> <font color="maroon"> <small> &emsp; &emsp;--- 15 Oct 12:54:44 283 - Catched spinner load exception due to Expected condition failed: waiting for ICar.support.WaitUtils$4@3e310ae5 (tried for 18 second(s) with 500 milliseconds interval)</small> </font> </div>
<div class="test-event"> <font color="maroon"> <small> &emsp; &emsp;--- 15 Oct 12:54:44 283 - <b>18</b> - Spinner Load Wait: (Sync) - ICar.support.WaitUtils.waitForSpinner(WaitUtils.java:225)</small> </font> </div>
<div class="test-event"> <font color="maroon"> <small> &emsp; &emsp;--- 15 Oct 12:54:45 036 - Page URL:: https://i-car--staging.sandbox.lightning.force.com/lightning/r/committee_goal__c/a5q8w000000h9u4qac/view?ws=%2flightning%2fr%2fcommittee_member__c%2fa371i000000ir8rqaa%2fview</small> </font> </div>
<div class="test-event"> <font color="maroon"> <small> &emsp; &emsp;--- 15 Oct 12:54:45 036 - <b>0</b> - Page Load Wait: (Sync) - ICar.support.Utils.waitForPageLoad(Utils.java:109)</small> </font> </div>
<div class="test-event"> <font color="maroon"> <small> &emsp; &emsp;--- 15 Oct 12:54:45 893 - Page URL:: https://i-car--staging.sandbox.lightning.force.com/lightning/r/committee_goal__c/a5q8w000000h9u4qac/view?ws=%2flightning%2fr%2fcommittee_member__c%2fa371i000000ir8rqaa%2fview</small> </font> </div>
<div class="test-event"> <font color="maroon"> <small> &emsp; &emsp;--- 15 Oct 12:54:45 893 - <b>0</b> - Page Load Wait: (Sync) - ICar.support.Utils.waitForPageLoad(Utils.java:109)</small> </font> </div>
<div class="test-event"> <font color="maroon"> <small> &emsp; &emsp;--- 15 Oct 12:55:01 062 - Catched spinner load exception due to Expected condition failed: waiting for ICar.support.WaitUtils$4@3e310ae5 (tried for 15 second(s) with 500 milliseconds interval)</small> </font> </div>
<div class="test-event"> <font color="maroon"> <small> &emsp; &emsp;--- 15 Oct 12:55:01 062 - Spinner Load Wait</small> </font> </div>
<div class="test-event"> <font color="maroon"> <small> &emsp; &emsp;--- 15 Oct 12:55:03 244 - Element is displayed:: [[ChromeDriver: chrome on WINDOWS (c2c6af62d363e495c830de2c2c48f4b8)] -> xpath: (//span[text()='View All'])[last()]]</small> </font> </div>
<div class="test-event"> <font color="maroon"> <small> &emsp; &emsp;--- 15 Oct 12:55:18 538 - Catched spinner load exception due to Expected condition failed: waiting for ICar.support.WaitUtils$4@3e310ae5 (tried for 15 second(s) with 500 milliseconds interval)</small> </font> </div>
<div class="test-event"> <font color="maroon"> <small> &emsp; &emsp;--- 15 Oct 12:55:18 538 - Spinner Load Wait</small> </font> </div>
<div class="test-event"> <font color="maroon"> <small> &emsp; &emsp;--- 15 Oct 12:55:19 565 - Page URL:: https://i-car--staging.sandbox.lightning.force.com/lightning/r/committee_goal__c/a5q8w000000h9u4qac/related/attachedcontentdocuments/view?ws=%2flightning%2fr%2fcommittee_member__c%2fa371i000000ir8rqaa%2fview</small> </font> </div>
<div class="test-event"> <font color="maroon"> <small> &emsp; &emsp;--- 15 Oct 12:55:19 565 - <b>1</b> - Page Load Wait: (Sync) - ICar.support.Utils.waitForPageLoad(Utils.java:109)</small> </font> </div>
<div class="test-message">&emsp;Uploaded file from portal is present in salesforce and uploaded file name is upload</div>
<div class="test-result"><br><font color="green"><strong> Test Passed. </strong></font> </div>&emsp;
&emsp;<div class="test-title"> <strong><font size = "3" color = "#0000FF">---Test Execution Ends---</font> </strong> </div>&emsp;
<div class="test-event"> <font color="maroon"> <small> &emsp; &emsp;--- 15 Oct 12:55:21 375 - TestCaseID:: B2B1104_TC03</small> </font> </div>
<div class="test-event"> <font color="maroon"> <small> &emsp; &emsp;--- 15 Oct 12:55:47 623 - <b>26</b> - Driver::initialize::Get - ICar.support.WebDriverFactory.getDriver(WebDriverFactory.java:640)</small> </font> </div>
&emsp;<div class="test-title"> <strong><font size = "3" color = "#000080">Committee Officer should be able to add a file and that file can be viewed in the portal</font> </strong> </div>&emsp;<div><strong>Steps:</strong></div><!-- Report -->&emsp;
<div class="test-event"> <font color="maroon"> <small> &emsp; &emsp;--- 15 Oct 12:56:03 214 - Page URL:: data:,</small> </font> </div>
<div class="test-event"> <font color="maroon"> <small> &emsp; &emsp;--- 15 Oct 12:56:03 215 - <b>0</b> - Page Load Wait: (Sync) - ICar.support.Utils.waitForPageLoad(Utils.java:109)</small> </font> </div>
<div class="test-event"> <font color="maroon"> <small> &emsp; &emsp;--- 15 Oct 12:56:03 360 - Page URL:: data:,</small> </font> </div>
<div class="test-event"> <font color="maroon"> <small> &emsp; &emsp;--- 15 Oct 12:56:03 360 - <b>0</b> - Page Load Wait: (Sync) - ICar.support.Utils.waitForPageLoad(Utils.java:109)</small> </font> </div>
<div class="test-event"> <font color="maroon"> <small> &emsp; &emsp;--- 15 Oct 12:56:08 486 - Page URL:: https://i-car--staging.sandbox.my.salesforce.com/</small> </font> </div>
<div class="test-event"> <font color="maroon"> <small> &emsp; &emsp;--- 15 Oct 12:56:08 486 - <b>4</b> - Page Load Wait: (Sync) - ICar.support.Utils.waitForPageLoad(Utils.java:109)</small> </font> </div>
<div class="test-message">&emsp;Successfully navigated to 'Login' Page&emsp;<a href=".\ScreenShot\B2B1104_TC03_1259163568993200.png" target="_blank" >[ScreenShot]</a></div>
<div class="test-message">&emsp;1. Login page is launched.</div>
<div class="test-event"> <font color="maroon"> <small> &emsp; &emsp;--- 15 Oct 12:56:08 843 - Element is displayed:: [[ChromeDriver: chrome on WINDOWS (1ab6fe09772bac825b7dcfa28c7ea844)] -> id: username]</small> </font> </div>
<div class="test-event"> <font color="maroon"> <small> &emsp; &emsp;--- 15 Oct 12:56:08 947 - Element is displayed:: [[ChromeDriver: chrome on WINDOWS (1ab6fe09772bac825b7dcfa28c7ea844)] -> id: username]</small> </font> </div>
<div class="test-event"> <font color="maroon"> <small> &emsp; &emsp;--- 15 Oct 12:56:09 401 - Element is displayed:: [[ChromeDriver: chrome on WINDOWS (1ab6fe09772bac825b7dcfa28c7ea844)] -> id: password]</small> </font> </div>
<div class="test-event"> <font color="maroon"> <small> &emsp; &emsp;--- 15 Oct 12:56:09 636 - Element is displayed:: [[ChromeDriver: chrome on WINDOWS (1ab6fe09772bac825b7dcfa28c7ea844)] -> id: Login]</small> </font> </div>
<div class="test-event"> <font color="maroon"> <small> &emsp; &emsp;--- 15 Oct 12:56:58 942 - Catched spinner load exception due to Expected condition failed: waiting for ICar.support.WaitUtils$4@3e310ae5 (tried for 13 second(s) with 500 milliseconds interval)</small> </font> </div>
<div class="test-event"> <font color="maroon"> <small> &emsp; &emsp;--- 15 Oct 12:56:58 942 - <b>13</b> - Spinner Load Wait: (Sync) - ICar.support.WaitUtils.waitForSpinner(WaitUtils.java:225)</small> </font> </div>
<div class="test-event"> <font color="maroon"> <small> &emsp; &emsp;--- 15 Oct 12:57:19 373 - Catched spinner load exception due to Expected condition failed: waiting for ICar.support.WaitUtils$4@3e310ae5 (tried for 6 second(s) with 500 milliseconds interval)</small> </font> </div>
<div class="test-event"> <font color="maroon"> <small> &emsp; &emsp;--- 15 Oct 12:57:19 373 - <b>6</b> - Spinner Load Wait: (Sync) - ICar.support.WaitUtils.waitForSpinner(WaitUtils.java:225)</small> </font> </div>
<div class="test-event"> <font color="maroon"> <small> &emsp; &emsp;--- 15 Oct 12:57:19 461 - Element is displayed:: [[ChromeDriver: chrome on WINDOWS (1ab6fe09772bac825b7dcfa28c7ea844)] -> css selector: button[class*='search-button']]</small> </font> </div>
<div class="test-message">&emsp;2. Navigate to 'SalesForce Page'</div>
<div class="test-event"> <font color="maroon"> <small> &emsp; &emsp;--- 15 Oct 12:57:19 809 - Page URL:: https://i-car--staging.sandbox.lightning.force.com/lightning/r/committee_goal__c/a5q8w000000h9u4qac/related/attachedcontentdocuments/view?ws=%2flightning%2fr%2fcommittee_member__c%2fa371i000000ir8rqaa%2fview</small> </font> </div>
<div class="test-event"> <font color="maroon"> <small> &emsp; &emsp;--- 15 Oct 12:57:19 809 - <b>0</b> - Page Load Wait: (Sync) - ICar.support.Utils.waitForPageLoad(Utils.java:109)</small> </font> </div>
<div class="test-event"> <font color="maroon"> <small> &emsp; &emsp;--- 15 Oct 12:57:25 342 - Page URL:: https://i-car--staging.sandbox.lightning.force.com/lightning/r/committee_goal__c/a5q8w000000h9u4qac/related/attachedcontentdocuments/view?ws=%2flightning%2fr%2fcommittee_member__c%2fa371i000000ir8rqaa%2fview</small> </font> </div>
<div class="test-event"> <font color="maroon"> <small> &emsp; &emsp;--- 15 Oct 12:57:25 342 - <b>0</b> - Page Load Wait: (Sync) - ICar.support.Utils.waitForPageLoad(Utils.java:109)</small> </font> </div>
<div class="test-message">&emsp;Close the tab</div>
<div class="test-message">&emsp;Successfully navigated to 'Login' Page&emsp;<a href=".\ScreenShot\B2B1104_TC03_1259245686744100.png" target="_blank" >[ScreenShot]</a></div>
<div class="test-event"> <font color="maroon"> <small> &emsp; &emsp;--- 15 Oct 12:57:30 978 - Page URL:: https://i-car--staging.sandbox.lightning.force.com/lightning/o/committee__c/list?filtername=__recent</small> </font> </div>
<div class="test-event"> <font color="maroon"> <small> &emsp; &emsp;--- 15 Oct 12:57:30 978 - <b>0</b> - Page Load Wait: (Sync) - ICar.support.Utils.waitForPageLoad(Utils.java:109)</small> </font> </div>
<div class="test-event"> <font color="maroon"> <small> &emsp; &emsp;--- 15 Oct 12:57:31 023 - Element is displayed:: [[ChromeDriver: chrome on WINDOWS (1ab6fe09772bac825b7dcfa28c7ea844)] -> css selector: button[class*='search-button']]</small> </font> </div>
<div class="test-event"> <font color="maroon"> <small> &emsp; &emsp;--- 15 Oct 12:57:33 110 - Catched spinner load exception due to Expected condition failed: waiting for ICar.support.WaitUtils$4@3e310ae5 (tried for 2 second(s) with 500 milliseconds interval)</small> </font> </div>
<div class="test-event"> <font color="maroon"> <small> &emsp; &emsp;--- 15 Oct 12:57:33 111 - <b>2</b> - Spinner Load Wait: (Sync) - ICar.support.WaitUtils.waitForSpinner(WaitUtils.java:225)</small> </font> </div>
<div class="test-event"> <font color="maroon"> <small> &emsp; &emsp;--- 15 Oct 12:57:36 195 - Element is displayed:: [[ChromeDriver: chrome on WINDOWS (1ab6fe09772bac825b7dcfa28c7ea844)] -> css selector: button[class*='search-button']]</small> </font> </div>
<div class="test-event"> <font color="maroon"> <small> &emsp; &emsp;--- 15 Oct 12:57:36 879 - Page URL:: https://i-car--staging.sandbox.lightning.force.com/lightning/o/committee__c/list?filtername=__recent</small> </font> </div>
<div class="test-event"> <font color="maroon"> <small> &emsp; &emsp;--- 15 Oct 12:57:36 879 - <b>0</b> - Page Load Wait: (Sync) - ICar.support.Utils.waitForPageLoad(Utils.java:109)</small> </font> </div>
<div class="test-event"> <font color="maroon"> <small> &emsp; &emsp;--- 15 Oct 12:57:53 930 - Catched spinner load exception due to Expected condition failed: waiting for ICar.support.WaitUtils$4@3e310ae5 (tried for 10 second(s) with 500 milliseconds interval)</small> </font> </div>
<div class="test-event"> <font color="maroon"> <small> &emsp; &emsp;--- 15 Oct 12:57:53 930 - <b>10</b> - Spinner Load Wait: (Sync) - ICar.support.WaitUtils.waitForSpinner(WaitUtils.java:225)</small> </font> </div>
<div class="test-event"> <font color="maroon"> <small> &emsp; &emsp;--- 15 Oct 12:57:54 348 - Page URL:: https://i-car--staging.sandbox.lightning.force.com/one/one.app#eyjjb21wb25lbnrezwyioijmb3jjzvnlyxjjadpzzwfyy2hqywdlrgvza3rvccisimf0dhjpynv0zxmionsidgvybsi6ikfszxnzyw5kcmegqwnvc3rhoju0mc0wnzk5ievsifbhc28sifryiiwic2nvcgvnyxaionsidhlwzsi6ilrpuf9srvnvtfrtiiwibmftzxnwywnlijoiiiwibgfizwwioijub3agumvzdwx0cyisimxhymvsugx1cmfsijoivg9wifjlc3vsdhmilcjyzxn1bhrzq21wijoizm9yy2vtzwfyy2g6chjlzgljdgvkumvzdwx0cyj9lcjjb250zxh0ijp7ikzjtfrfulmiont9lcjzzwfyy2htb3vyy2uioijbu1nju1rbtlrfrelbte9hiiwizglzywjszuludgvudff1zxj5ijpmywxzzswizglzywjszvnwzwxsq29ycmvjdglvbii6zmfsc2usinnlyxjjaerpywxvz1nlc3npb25jzci6ijdinzg2ntdklwrjzgutzjeync1jnmvjltfkn2u5mzk2othjmsisimrlynvnsw5mbyi6eyjhchboyw1lijoisunhcl9tzxj2awnlx0nvbnnvbguilcjhchbuexblijoiq29uc29szsisimfwce5hbwvzcgfjzsi6immilcjsb2nhdglvbii6imzvcmnlom9iamvjdehvbwvezxnrdg9wiiwic29iamvjdfr5cguioijdb21taxr0zwvfx2mifx0simdyb3vwswqioijeruzbvuxuin0sinn0yxrlijp7fx0%3d</small> </font> </div>
<div class="test-event"> <font color="maroon"> <small> &emsp; &emsp;--- 15 Oct 12:57:54 348 - <b>0</b> - Page Load Wait: (Sync) - ICar.support.Utils.waitForPageLoad(Utils.java:109)</small> </font> </div>
<div class="test-event"> <font color="maroon"> <small> &emsp; &emsp;--- 15 Oct 12:57:54 641 - Page URL:: https://i-car--staging.sandbox.lightning.force.com/one/one.app#eyjjb21wb25lbnrezwyioijmb3jjzvnlyxjjadpzzwfyy2hqywdlrgvza3rvccisimf0dhjpynv0zxmionsidgvybsi6ikfszxnzyw5kcmegqwnvc3rhoju0mc0wnzk5ievsifbhc28sifryiiwic2nvcgvnyxaionsidhlwzsi6ilrpuf9srvnvtfrtiiwibmftzxnwywnlijoiiiwibgfizwwioijub3agumvzdwx0cyisimxhymvsugx1cmfsijoivg9wifjlc3vsdhmilcjyzxn1bhrzq21wijoizm9yy2vtzwfyy2g6chjlzgljdgvkumvzdwx0cyj9lcjjb250zxh0ijp7ikzjtfrfulmiont9lcjzzwfyy2htb3vyy2uioijbu1nju1rbtlrfrelbte9hiiwizglzywjszuludgvudff1zxj5ijpmywxzzswizglzywjszvnwzwxsq29ycmvjdglvbii6zmfsc2usinnlyxjjaerpywxvz1nlc3npb25jzci6ijdinzg2ntdklwrjzgutzjeync1jnmvjltfkn2u5mzk2othjmsisimrlynvnsw5mbyi6eyjhchboyw1lijoisunhcl9tzxj2awnlx0nvbnnvbguilcjhchbuexblijoiq29uc29szsisimfwce5hbwvzcgfjzsi6immilcjsb2nhdglvbii6imzvcmnlom9iamvjdehvbwvezxnrdg9wiiwic29iamvjdfr5cguioijdb21taxr0zwvfx2mifx0simdyb3vwswqioijeruzbvuxuin0sinn0yxrlijp7fx0%3d</small> </font> </div>
<div class="test-event"> <font color="maroon"> <small> &emsp; &emsp;--- 15 Oct 12:57:54 642 - <b>0</b> - Page Load Wait: (Sync) - ICar.support.Utils.waitForPageLoad(Utils.java:109)</small> </font> </div>
<div class="test-event"> <font color="maroon"> <small> &emsp; &emsp;--- 15 Oct 12:58:05 021 - Catched spinner load exception due to Expected condition failed: waiting for ICar.support.WaitUtils$4@3e310ae5 (tried for 10 second(s) with 500 milliseconds interval)</small> </font> </div>
<div class="test-event"> <font color="maroon"> <small> &emsp; &emsp;--- 15 Oct 12:58:05 021 - <b>10</b> - Spinner Load Wait: (Sync) - ICar.support.WaitUtils.waitForSpinner(WaitUtils.java:225)</small> </font> </div>
<div class="test-event"> <font color="maroon"> <small> &emsp; &emsp;--- 15 Oct 12:58:05 055 - Element is displayed:: [[ChromeDriver: chrome on WINDOWS (1ab6fe09772bac825b7dcfa28c7ea844)] -> css selector: div.forceSearchResultsRegion div.resultsMultiWrapper >div > div table tbody th a]</small> </font> </div>
<div class="test-event"> <font color="maroon"> <small> &emsp; &emsp;--- 15 Oct 12:58:05 196 - Element is displayed:: [[ChromeDriver: chrome on WINDOWS (1ab6fe09772bac825b7dcfa28c7ea844)] -> css selector: div.forceSearchResultsRegion div.resultsMultiWrapper >div > div table tbody th a]</small> </font> </div>
<div class="test-message">&emsp;6.Click on committee link</div>
<div class="test-event"> <font color="maroon"> <small> &emsp; &emsp;--- 15 Oct 12:58:05 905 - Page URL:: https://i-car--staging.sandbox.lightning.force.com/one/one.app#eyjjb21wb25lbnrezwyioijmb3jjzvnlyxjjadpzzwfyy2hqywdlrgvza3rvccisimf0dhjpynv0zxmionsidgvybsi6ikfszxnzyw5kcmegqwnvc3rhoju0mc0wnzk5ievsifbhc28sifryiiwic2nvcgvnyxaionsidhlwzsi6ilrpuf9srvnvtfrtiiwibmftzxnwywnlijoiiiwibgfizwwioijub3agumvzdwx0cyisimxhymvsugx1cmfsijoivg9wifjlc3vsdhmilcjyzxn1bhrzq21wijoizm9yy2vtzwfyy2g6chjlzgljdgvkumvzdwx0cyj9lcjjb250zxh0ijp7ikzjtfrfulmiont9lcjzzwfyy2htb3vyy2uioijbu1nju1rbtlrfrelbte9hiiwizglzywjszuludgvudff1zxj5ijpmywxzzswizglzywjszvnwzwxsq29ycmvjdglvbii6zmfsc2usinnlyxjjaerpywxvz1nlc3npb25jzci6ijdinzg2ntdklwrjzgutzjeync1jnmvjltfkn2u5mzk2othjmsisimrlynvnsw5mbyi6eyjhchboyw1lijoisunhcl9tzxj2awnlx0nvbnnvbguilcjhchbuexblijoiq29uc29szsisimfwce5hbwvzcgfjzsi6immilcjsb2nhdglvbii6imzvcmnlom9iamvjdehvbwvezxnrdg9wiiwic29iamvjdfr5cguioijdb21taxr0zwvfx2mifx0simdyb3vwswqioijeruzbvuxuin0sinn0yxrlijp7fx0%3d</small> </font> </div>
<div class="test-event"> <font color="maroon"> <small> &emsp; &emsp;--- 15 Oct 12:58:05 905 - <b>0</b> - Page Load Wait: (Sync) - ICar.support.Utils.waitForPageLoad(Utils.java:109)</small> </font> </div>
<div class="test-event"> <font color="maroon"> <small> &emsp; &emsp;--- 15 Oct 12:58:05 995 - Element is displayed:: [[ChromeDriver: chrome on WINDOWS (1ab6fe09772bac825b7dcfa28c7ea844)] -> xpath: //records-record-layout-item[@field-label='Committee']//div[contains(@data-target-selection-name,'Committee__c')]//slot[1]//records-hoverable-link//a]</small> </font> </div>
<div class="test-event"> <font color="maroon"> <small> &emsp; &emsp;--- 15 Oct 12:58:06 097 - Element is displayed:: [[ChromeDriver: chrome on WINDOWS (1ab6fe09772bac825b7dcfa28c7ea844)] -> xpath: //records-record-layout-item[@field-label='Committee']//div[contains(@data-target-selection-name,'Committee__c')]//slot[1]//records-hoverable-link//a]</small> </font> </div>
<div class="test-event"> <font color="maroon"> <small> &emsp; &emsp;--- 15 Oct 12:58:06 557 - Page URL:: https://i-car--staging.sandbox.lightning.force.com/lightning/r/committee__c/a381i0000006tc9qai/view?ws=%2flightning%2fr%2fcommittee_member__c%2fa371i000000ir8rqaa%2fview</small> </font> </div>
<div class="test-event"> <font color="maroon"> <small> &emsp; &emsp;--- 15 Oct 12:58:06 557 - <b>0</b> - Page Load Wait: (Sync) - ICar.support.Utils.waitForPageLoad(Utils.java:109)</small> </font> </div>
<div class="test-event"> <font color="maroon"> <small> &emsp; &emsp;--- 15 Oct 12:58:15 033 - Catched spinner load exception due to Expected condition failed: waiting for ICar.support.WaitUtils$4@3e310ae5 (tried for 8 second(s) with 500 milliseconds interval)</small> </font> </div>
<div class="test-event"> <font color="maroon"> <small> &emsp; &emsp;--- 15 Oct 12:58:15 033 - <b>8</b> - Spinner Load Wait: (Sync) - ICar.support.WaitUtils.waitForSpinner(WaitUtils.java:225)</small> </font> </div>
<div class="test-event"> <font color="maroon"> <small> &emsp; &emsp;--- 15 Oct 12:58:15 096 - Element is displayed:: [[ChromeDriver: chrome on WINDOWS (1ab6fe09772bac825b7dcfa28c7ea844)] -> xpath: //span[text()='Committee Goals (Active Goals)']/parent::span]</small> </font> </div>
<div class="test-event"> <font color="maroon"> <small> &emsp; &emsp;--- 15 Oct 12:58:17 592 - Element is displayed:: [[ChromeDriver: chrome on WINDOWS (1ab6fe09772bac825b7dcfa28c7ea844)] -> xpath: //span[text()='Committee Goals (Active Goals)']/parent::span]</small> </font> </div>
<div class="test-event"> <font color="maroon"> <small> &emsp; &emsp;--- 15 Oct 12:58:23 003 - Page URL:: https://i-car--staging.sandbox.lightning.force.com/lightning/r/committee__c/a381i0000006tc9qai/related/committee_goals1__r/view?ws=%2flightning%2fr%2fcommittee_member__c%2fa371i000000ir8rqaa%2fview</small> </font> </div>
<div class="test-event"> <font color="maroon"> <small> &emsp; &emsp;--- 15 Oct 12:58:23 004 - Page Load Wait </small> </font> </div>
<div class="test-event"> <font color="maroon"> <small> &emsp; &emsp;--- 15 Oct 12:58:23 926 - Page URL:: https://i-car--staging.sandbox.lightning.force.com/lightning/r/committee__c/a381i0000006tc9qai/related/committee_goals1__r/view?ws=%2flightning%2fr%2fcommittee_member__c%2fa371i000000ir8rqaa%2fview</small> </font> </div>
<div class="test-event"> <font color="maroon"> <small> &emsp; &emsp;--- 15 Oct 12:58:23 926 - <b>0</b> - Page Load Wait: (Sync) - ICar.support.Utils.waitForPageLoad(Utils.java:109)</small> </font> </div>
<div class="test-event"> <font color="maroon"> <small> &emsp; &emsp;--- 15 Oct 12:58:32 315 - Catched spinner load exception due to Expected condition failed: waiting for ICar.support.WaitUtils$4@3e310ae5 (tried for 8 second(s) with 500 milliseconds interval)</small> </font> </div>
<div class="test-event"> <font color="maroon"> <small> &emsp; &emsp;--- 15 Oct 12:58:32 315 - <b>8</b> - Spinner Load Wait: (Sync) - ICar.support.WaitUtils.waitForSpinner(WaitUtils.java:225)</small> </font> </div>
<div class="test-event"> <font color="maroon"> <small> &emsp; &emsp;--- 15 Oct 12:58:32 363 - Element is displayed:: [[ChromeDriver: chrome on WINDOWS (1ab6fe09772bac825b7dcfa28c7ea844)] -> xpath: (//table[@aria-label='Committee Goals (Active Goals)'])[last()]/tbody/tr/th/span/a|(//table[@aria-label='Committee Goals (Active Goals)'])[last()]/tbody/tr/th//a]</small> </font> </div>
<div class="test-message">&emsp;Active Goal details are displayed</div>
<div class="test-message">&emsp;8.Click on view all link of file upload</div>
<div class="test-event"> <font color="maroon"> <small> &emsp; &emsp;--- 15 Oct 12:58:43 520 - Page URL:: https://i-car--staging.sandbox.lightning.force.com/lightning/r/committee_goal__c/a5q8w000000h9u4qac/view?ws=%2flightning%2fr%2fcommittee_member__c%2fa371i000000ir8rqaa%2fview</small> </font> </div>
<div class="test-event"> <font color="maroon"> <small> &emsp; &emsp;--- 15 Oct 12:58:43 520 - <b>0</b> - Page Load Wait: (Sync) - ICar.support.Utils.waitForPageLoad(Utils.java:109)</small> </font> </div>
<div class="test-event"> <font color="maroon"> <small> &emsp; &emsp;--- 15 Oct 12:59:01 697 - Catched spinner load exception due to Expected condition failed: waiting for ICar.support.WaitUtils$4@3e310ae5 (tried for 18 second(s) with 500 milliseconds interval)</small> </font> </div>
<div class="test-event"> <font color="maroon"> <small> &emsp; &emsp;--- 15 Oct 12:59:01 697 - <b>18</b> - Spinner Load Wait: (Sync) - ICar.support.WaitUtils.waitForSpinner(WaitUtils.java:225)</small> </font> </div>
<div class="test-event"> <font color="maroon"> <small> &emsp; &emsp;--- 15 Oct 12:59:02 583 - Page URL:: https://i-car--staging.sandbox.lightning.force.com/lightning/r/committee_goal__c/a5q8w000000h9u4qac/view?ws=%2flightning%2fr%2fcommittee_member__c%2fa371i000000ir8rqaa%2fview</small> </font> </div>
<div class="test-event"> <font color="maroon"> <small> &emsp; &emsp;--- 15 Oct 12:59:02 584 - <b>0</b> - Page Load Wait: (Sync) - ICar.support.Utils.waitForPageLoad(Utils.java:109)</small> </font> </div>
<div class="test-event"> <font color="maroon"> <small> &emsp; &emsp;--- 15 Oct 12:59:03 626 - Page URL:: https://i-car--staging.sandbox.lightning.force.com/lightning/r/committee_goal__c/a5q8w000000h9u4qac/view?ws=%2flightning%2fr%2fcommittee_member__c%2fa371i000000ir8rqaa%2fview</small> </font> </div>
<div class="test-event"> <font color="maroon"> <small> &emsp; &emsp;--- 15 Oct 12:59:03 627 - <b>1</b> - Page Load Wait: (Sync) - ICar.support.Utils.waitForPageLoad(Utils.java:109)</small> </font> </div>
<div class="test-event"> <font color="maroon"> <small> &emsp; &emsp;--- 15 Oct 12:59:18 662 - Catched spinner load exception due to Expected condition failed: waiting for ICar.support.WaitUtils$4@3e310ae5 (tried for 15 second(s) with 500 milliseconds interval)</small> </font> </div>
<div class="test-event"> <font color="maroon"> <small> &emsp; &emsp;--- 15 Oct 12:59:18 662 - Spinner Load Wait</small> </font> </div>
<div class="test-event"> <font color="maroon"> <small> &emsp; &emsp;--- 15 Oct 12:59:20 860 - Element is displayed:: [[ChromeDriver: chrome on WINDOWS (1ab6fe09772bac825b7dcfa28c7ea844)] -> xpath: (//span[text()='View All'])[last()]]</small> </font> </div>
<div class="test-message">&emsp;9.Delete existing file with name 'Upload' upload</div>
<div class="test-event"> <font color="maroon"> <small> &emsp; &emsp;--- 15 Oct 12:59:22 128 - Page URL:: https://i-car--staging.sandbox.lightning.force.com/lightning/r/committee_goal__c/a5q8w000000h9u4qac/related/attachedcontentdocuments/view?ws=%2flightning%2fr%2fcommittee_member__c%2fa371i000000ir8rqaa%2fview</small> </font> </div>
<div class="test-event"> <font color="maroon"> <small> &emsp; &emsp;--- 15 Oct 12:59:22 128 - <b>1</b> - Page Load Wait: (Sync) - ICar.support.Utils.waitForPageLoad(Utils.java:109)</small> </font> </div>
<div class="test-event"> <font color="maroon"> <small> &emsp; &emsp;--- 15 Oct 12:59:22 364 - Element is displayed:: [[ChromeDriver: chrome on WINDOWS (1ab6fe09772bac825b7dcfa28c7ea844)] -> xpath: (//table[@aria-label='Files'])[last()]/tbody/tr/td[last()]/span/div/a]</small> </font> </div>
<div class="test-event"> <font color="maroon"> <small> &emsp; &emsp;--- 15 Oct 12:59:27 463 - Element is displayed:: [[ChromeDriver: chrome on WINDOWS (1ab6fe09772bac825b7dcfa28c7ea844)] -> xpath: //div[@class='branding-actions actionMenu']/ul/li/a[@title='Delete']]</small> </font> </div>
<div class="test-event"> <font color="maroon"> <small> &emsp; &emsp;--- 15 Oct 12:59:32 662 - Element is displayed:: [[ChromeDriver: chrome on WINDOWS (1ab6fe09772bac825b7dcfa28c7ea844)] -> xpath: //span[text()='Delete']]</small> </font> </div>
<div class="test-event"> <font color="maroon"> <small> &emsp; &emsp;--- 15 Oct 12:59:43 917 - Element is displayed:: [[ChromeDriver: chrome on WINDOWS (1ab6fe09772bac825b7dcfa28c7ea844)] -> xpath: (//a[@title='Add Files'])[last()]]</small> </font> </div>
<div class="test-event"> <font color="maroon"> <small> &emsp; &emsp;--- 15 Oct 12:59:43 996 - Element is displayed:: [[ChromeDriver: chrome on WINDOWS (1ab6fe09772bac825b7dcfa28c7ea844)] -> xpath: (//a[@title='Add Files'])[last()]]</small> </font> </div>
<div class="test-event"> <font color="maroon"> <small> &emsp; &emsp;--- 15 Oct 12:59:54 223 - Catched spinner load exception due to Expected condition failed: waiting for ICar.support.WaitUtils$4@3e310ae5 (tried for 10 second(s) with 500 milliseconds interval)</small> </font> </div>
<div class="test-event"> <font color="maroon"> <small> &emsp; &emsp;--- 15 Oct 12:59:54 223 - <b>10</b> - Spinner Load Wait: (Sync) - ICar.support.WaitUtils.waitForSpinner(WaitUtils.java:225)</small> </font> </div>
<div class="test-event"> <font color="maroon"> <small> &emsp; &emsp;--- 15 Oct 12:59:55 287 - Page URL:: https://i-car--staging.sandbox.lightning.force.com/lightning/r/committee_goal__c/a5q8w000000h9u4qac/related/attachedcontentdocuments/view?ws=%2flightning%2fr%2fcommittee_member__c%2fa371i000000ir8rqaa%2fview</small> </font> </div>
<div class="test-event"> <font color="maroon"> <small> &emsp; &emsp;--- 15 Oct 12:59:55 287 - <b>1</b> - Page Load Wait: (Sync) - ICar.support.Utils.waitForPageLoad(Utils.java:109)</small> </font> </div>
<div class="test-event"> <font color="maroon"> <small> &emsp; &emsp;--- 15 Oct 12:59:55 340 - Element is displayed:: [[ChromeDriver: chrome on WINDOWS (1ab6fe09772bac825b7dcfa28c7ea844)] -> xpath: //button/span[text()='Upload Files']]</small> </font> </div>
<div class="test-message">&emsp;The file is uploaded from the locationD:\ICar\IcarAutomation-Weekly\ICar-TestAutomation_new\src\main\resources\Upload\upload.pdf</div>
<div class="test-event"> <font color="maroon"> <small> &emsp; &emsp;--- 15 Oct 13:00:03 571 - Page URL:: https://i-car--staging.sandbox.lightning.force.com/lightning/r/committee_goal__c/a5q8w000000h9u4qac/related/attachedcontentdocuments/view?ws=%2flightning%2fr%2fcommittee_member__c%2fa371i000000ir8rqaa%2fview</small> </font> </div>
<div class="test-event"> <font color="maroon"> <small> &emsp; &emsp;--- 15 Oct 13:00:03 571 - <b>1</b> - Page Load Wait: (Sync) - ICar.support.Utils.waitForPageLoad(Utils.java:109)</small> </font> </div>
<div class="test-event"> <font color="maroon"> <small> &emsp; &emsp;--- 15 Oct 13:00:03 634 - Element is displayed:: [[ChromeDriver: chrome on WINDOWS (1ab6fe09772bac825b7dcfa28c7ea844)] -> xpath: //span[text()='Done']]</small> </font> </div>
<div class="test-event"> <font color="maroon"> <small> &emsp; &emsp;--- 15 Oct 13:00:07 678 - Page URL:: https://i-car--staging.sandbox.lightning.force.com/lightning/r/committee_goal__c/a5q8w000000h9u4qac/related/attachedcontentdocuments/view?ws=%2flightning%2fr%2fcommittee_member__c%2fa371i000000ir8rqaa%2fview</small> </font> </div>
<div class="test-event"> <font color="maroon"> <small> &emsp; &emsp;--- 15 Oct 13:00:07 678 - <b>1</b> - Page Load Wait: (Sync) - ICar.support.Utils.waitForPageLoad(Utils.java:109)</small> </font> </div>
<div class="test-event"> <font color="maroon"> <small> &emsp; &emsp;--- 15 Oct 13:00:07 761 - Element is displayed:: [[ChromeDriver: chrome on WINDOWS (1ab6fe09772bac825b7dcfa28c7ea844)] -> xpath: //span[text()='Done']]</small> </font> </div>
<div class="test-message">&emsp;File Upload Completed</div>
<div class="test-message">&emsp;File uploaded successfully and file name is 'Upload1'</div>
<div class="test-event"> <font color="maroon"> <small> &emsp; &emsp;--- 15 Oct 13:00:23 605 - Page URL:: https://i-car--staging.sandbox.lightning.force.com/lightning/r/committee_goal__c/a5q8w000000h9u4qac/related/attachedcontentdocuments/view?ws=%2flightning%2fr%2fcommittee_member__c%2fa371i000000ir8rqaa%2fview</small> </font> </div>
<div class="test-event"> <font color="maroon"> <small> &emsp; &emsp;--- 15 Oct 13:00:23 605 - <b>0</b> - Page Load Wait: (Sync) - ICar.support.Utils.waitForPageLoad(Utils.java:109)</small> </font> </div>
<!--FAILSOFT-->
<div class="test-result"><font color="red">&emsp;Failed to share uploaded file with Alessandra Veronica Acosta</font></div>
<div class="test-event"> <font color="maroon"> <small> &emsp; &emsp;--- 15 Oct 13:00:28 290 - Page URL:: https://i-car--staging.sandbox.lightning.force.com/lightning/r/committee_goal__c/a5q8w000000h9u4qac/related/attachedcontentdocuments/view?ws=%2flightning%2fr%2fcommittee_member__c%2fa371i000000ir8rqaa%2fview</small> </font> </div>
<div class="test-event"> <font color="maroon"> <small> &emsp; &emsp;--- 15 Oct 13:00:28 290 - <b>0</b> - Page Load Wait: (Sync) - ICar.support.Utils.waitForPageLoad(Utils.java:109)</small> </font> </div>
<div class="test-event"> <font color="maroon"> <small> &emsp; &emsp;--- 15 Oct 13:00:34 132 - Page URL:: https://i-car--staging.sandbox.lightning.force.com/lightning/r/committee_goal__c/a5q8w000000h9u4qac/related/attachedcontentdocuments/view?ws=%2flightning%2fr%2fcommittee_member__c%2fa371i000000ir8rqaa%2fview</small> </font> </div>
<div class="test-event"> <font color="maroon"> <small> &emsp; &emsp;--- 15 Oct 13:00:34 132 - <b>0</b> - Page Load Wait: (Sync) - ICar.support.Utils.waitForPageLoad(Utils.java:109)</small> </font> </div>
<div class="test-message">&emsp;Close the tab</div>
<div class="test-event"> <font color="maroon"> <small> &emsp; &emsp;--- 15 Oct 13:00:39 370 - Page URL:: https://i-car--staging.sandbox.lightning.force.com/lightning/o/committee__c/list?filtername=__recent</small> </font> </div>
<div class="test-event"> <font color="maroon"> <small> &emsp; &emsp;--- 15 Oct 13:00:39 370 - <b>0</b> - Page Load Wait: (Sync) - ICar.support.Utils.waitForPageLoad(Utils.java:109)</small> </font> </div>
<div class="test-event"> <font color="maroon"> <small> &emsp; &emsp;--- 15 Oct 13:00:39 412 - Element is displayed:: [[ChromeDriver: chrome on WINDOWS (1ab6fe09772bac825b7dcfa28c7ea844)] -> css selector: button[class*='search-button']]</small> </font> </div>
<div class="test-event"> <font color="maroon"> <small> &emsp; &emsp;--- 15 Oct 13:00:41 541 - Catched spinner load exception due to Expected condition failed: waiting for ICar.support.WaitUtils$4@3e310ae5 (tried for 2 second(s) with 500 milliseconds interval)</small> </font> </div>
<div class="test-event"> <font color="maroon"> <small> &emsp; &emsp;--- 15 Oct 13:00:41 541 - <b>2</b> - Spinner Load Wait: (Sync) - ICar.support.WaitUtils.waitForSpinner(WaitUtils.java:225)</small> </font> </div>
<div class="test-event"> <font color="maroon"> <small> &emsp; &emsp;--- 15 Oct 13:00:44 609 - Element is displayed:: [[ChromeDriver: chrome on WINDOWS (1ab6fe09772bac825b7dcfa28c7ea844)] -> css selector: button[class*='search-button']]</small> </font> </div>
<div class="test-event"> <font color="maroon"> <small> &emsp; &emsp;--- 15 Oct 13:00:45 023 - Page URL:: https://i-car--staging.sandbox.lightning.force.com/lightning/o/committee__c/list?filtername=__recent</small> </font> </div>
<div class="test-event"> <font color="maroon"> <small> &emsp; &emsp;--- 15 Oct 13:00:45 023 - <b>0</b> - Page Load Wait: (Sync) - ICar.support.Utils.waitForPageLoad(Utils.java:109)</small> </font> </div>
<div class="test-event"> <font color="maroon"> <small> &emsp; &emsp;--- 15 Oct 13:01:04 586 - Catched spinner load exception due to Expected condition failed: waiting for ICar.support.WaitUtils$4@3e310ae5 (tried for 10 second(s) with 500 milliseconds interval)</small> </font> </div>
<div class="test-event"> <font color="maroon"> <small> &emsp; &emsp;--- 15 Oct 13:01:04 586 - <b>10</b> - Spinner Load Wait: (Sync) - ICar.support.WaitUtils.waitForSpinner(WaitUtils.java:225)</small> </font> </div>
<div class="test-event"> <font color="maroon"> <small> &emsp; &emsp;--- 15 Oct 13:01:05 652 - Page URL:: https://i-car--staging.sandbox.lightning.force.com/one/one.app#eyjjb21wb25lbnrezwyioijmb3jjzvnlyxjjadpzzwfyy2hqywdlrgvza3rvccisimf0dhjpynv0zxmionsidgvybsi6iji2mtqzmdgilcjzy29wzu1hcci6eyj0exblijoive9qx1jfu1vmvfmilcjuyw1lc3bhy2uioiiilcjsywjlbci6ilrvccbszxn1bhrziiwibgfizwxqbhvyywwioijub3agumvzdwx0cyisinjlc3vsdhndbxaioijmb3jjzvnlyxjjadpwcmvkawn0zwrszxn1bhrzin0simnvbnrlehqionsirklmvevsuyi6e30sinnlyxjjafnvdxjjzsi6ikftu0ltvefovf9esufmt0cilcjkaxnhymxlsw50zw50uxvlcnkiomzhbhnllcjkaxnhymxlu3blbgxdb3jyzwn0aw9uijpmywxzzswic2vhcmnorglhbg9nu2vzc2lvbklkijoiymiwndyzmdktmtc4ys04zjvllthkmwutmtq4mgninmnlogzkiiwizgvidwdjbmzvijp7imfwce5hbwuioijjq2fyx1nlcnzpy2vfq29uc29szsisimfwcfr5cguioijdb25zb2xliiwiyxbwtmftzxnwywnlijoiyyisimxvy2f0aw9uijoizm9yy2u6b2jqzwn0sg9tzurlc2t0b3ailcjzb2jqzwn0vhlwzsi6iknvbw1pdhrlzv9fyyj9fswiz3jvdxbjzci6ikrfrkfvtfqifswic3rhdguiont9fq%3d%3d</small> </font> </div>
<div class="test-event"> <font color="maroon"> <small> &emsp; &emsp;--- 15 Oct 13:01:05 652 - <b>1</b> - Page Load Wait: (Sync) - ICar.support.Utils.waitForPageLoad(Utils.java:109)</small> </font> </div>
<div class="test-event"> <font color="maroon"> <small> &emsp; &emsp;--- 15 Oct 13:01:16 885 - Catched spinner load exception due to Expected condition failed: waiting for ICar.support.WaitUtils$4@3e310ae5 (tried for 11 second(s) with 500 milliseconds interval)</small> </font> </div>
<div class="test-event"> <font color="maroon"> <small> &emsp; &emsp;--- 15 Oct 13:01:16 885 - <b>11</b> - Spinner Load Wait: (Sync) - ICar.support.WaitUtils.waitForSpinner(WaitUtils.java:225)</small> </font> </div>
<div class="test-event"> <font color="maroon"> <small> &emsp; &emsp;--- 15 Oct 13:01:17 988 - Page URL:: https://i-car--staging.sandbox.lightning.force.com/one/one.app#eyjjb21wb25lbnrezwyioijmb3jjzvnlyxjjadpzzwfyy2hqywdlrgvza3rvccisimf0dhjpynv0zxmionsidgvybsi6iji2mtqzmdgilcjzy29wzu1hcci6eyj0exblijoive9qx1jfu1vmvfmilcjuyw1lc3bhy2uioiiilcjsywjlbci6ilrvccbszxn1bhrziiwibgfizwxqbhvyywwioijub3agumvzdwx0cyisinjlc3vsdhndbxaioijmb3jjzvnlyxjjadpwcmvkawn0zwrszxn1bhrzin0simnvbnrlehqionsirklmvevsuyi6e30sinnlyxjjafnvdxjjzsi6ikftu0ltvefovf9esufmt0cilcjkaxnhymxlsw50zw50uxvlcnkiomzhbhnllcjkaxnhymxlu3blbgxdb3jyzwn0aw9uijpmywxzzswic2vhcmnorglhbg9nu2vzc2lvbklkijoiymiwndyzmdktmtc4ys04zjvllthkmwutmtq4mgninmnlogzkiiwizgvidwdjbmzvijp7imfwce5hbwuioijjq2fyx1nlcnzpy2vfq29uc29szsisimfwcfr5cguioijdb25zb2xliiwiyxbwtmftzxnwywnlijoiyyisimxvy2f0aw9uijoizm9yy2u6b2jqzwn0sg9tzurlc2t0b3ailcjzb2jqzwn0vhlwzsi6iknvbw1pdhrlzv9fyyj9fswiz3jvdxbjzci6ikrfrkfvtfqifswic3rhdguiont9fq%3d%3d</small> </font> </div>
<div class="test-event"> <font color="maroon"> <small> &emsp; &emsp;--- 15 Oct 13:01:17 988 - <b>1</b> - Page Load Wait: (Sync) - ICar.support.Utils.waitForPageLoad(Utils.java:109)</small> </font> </div>
<div class="test-event"> <font color="maroon"> <small> &emsp; &emsp;--- 15 Oct 13:01:18 053 - Element is displayed:: [[ChromeDriver: chrome on WINDOWS (1ab6fe09772bac825b7dcfa28c7ea844)] -> xpath: //a[@title='Top Results']//span[text()='Top Results']]</small> </font> </div>
<div class="test-event"> <font color="maroon"> <small> &emsp; &emsp;--- 15 Oct 13:01:18 466 - Page URL:: https://i-car--staging.sandbox.lightning.force.com/one/one.app#eyjjb21wb25lbnrezwyioijmb3jjzvnlyxjjadpzzwfyy2hqywdlrgvza3rvccisimf0dhjpynv0zxmionsidgvybsi6iji2mtqzmdgilcjzy29wzu1hcci6eyj0exblijoive9qx1jfu1vmvfmilcjuyw1lc3bhy2uioiiilcjsywjlbci6ilrvccbszxn1bhrziiwibgfizwxqbhvyywwioijub3agumvzdwx0cyisinjlc3vsdhndbxaioijmb3jjzvnlyxjjadpwcmvkawn0zwrszxn1bhrzin0simnvbnrlehqionsirklmvevsuyi6e30sinnlyxjjafnvdxjjzsi6ikftu0ltvefovf9esufmt0cilcjkaxnhymxlsw50zw50uxvlcnkiomzhbhnllcjkaxnhymxlu3blbgxdb3jyzwn0aw9uijpmywxzzswic2vhcmnorglhbg9nu2vzc2lvbklkijoiymiwndyzmdktmtc4ys04zjvllthkmwutmtq4mgninmnlogzkiiwizgvidwdjbmzvijp7imfwce5hbwuioijjq2fyx1nlcnzpy2vfq29uc29szsisimfwcfr5cguioijdb25zb2xliiwiyxbwtmftzxnwywnlijoiyyisimxvy2f0aw9uijoizm9yy2u6b2jqzwn0sg9tzurlc2t0b3ailcjzb2jqzwn0vhlwzsi6iknvbw1pdhrlzv9fyyj9fswiz3jvdxbjzci6ikrfrkfvtfqifswic3rhdguiont9fq%3d%3d</small> </font> </div>
<div class="test-event"> <font color="maroon"> <small> &emsp; &emsp;--- 15 Oct 13:01:18 466 - <b>0</b> - Page Load Wait: (Sync) - ICar.support.Utils.waitForPageLoad(Utils.java:109)</small> </font> </div>
<div class="test-event"> <font color="maroon"> <small> &emsp; &emsp;--- 15 Oct 13:01:23 500 - Catched spinner load exception due to Expected condition failed: waiting for ICar.support.WaitUtils$4@3e310ae5 (tried for 5 second(s) with 500 milliseconds interval)</small> </font> </div>
<div class="test-event"> <font color="maroon"> <small> &emsp; &emsp;--- 15 Oct 13:01:23 500 - <b>5</b> - Spinner Load Wait: (Sync) - ICar.support.WaitUtils.waitForSpinner(WaitUtils.java:225)</small> </font> </div>
<div class="test-event"> <font color="maroon"> <small> &emsp; &emsp;--- 15 Oct 13:01:24 377 - Page URL:: https://i-car--staging.sandbox.lightning.force.com/one/one.app#eyjjb21wb25lbnrezwyioijmb3jjzvnlyxjjadpzzwfyy2hqywdlrgvza3rvccisimf0dhjpynv0zxmionsidgvybsi6iji2mtqzmdgilcjzy29wzu1hcci6eyj0exblijoive9qx1jfu1vmvfmilcjuyw1lc3bhy2uioiiilcjsywjlbci6ilrvccbszxn1bhrziiwibgfizwxqbhvyywwioijub3agumvzdwx0cyisinjlc3vsdhndbxaioijmb3jjzvnlyxjjadpwcmvkawn0zwrszxn1bhrzin0simnvbnrlehqionsirklmvevsuyi6e30sinnlyxjjafnvdxjjzsi6ikftu0ltvefovf9esufmt0cilcjkaxnhymxlsw50zw50uxvlcnkiomzhbhnllcjkaxnhymxlu3blbgxdb3jyzwn0aw9uijpmywxzzswic2vhcmnorglhbg9nu2vzc2lvbklkijoiymiwndyzmdktmtc4ys04zjvllthkmwutmtq4mgninmnlogzkiiwizgvidwdjbmzvijp7imfwce5hbwuioijjq2fyx1nlcnzpy2vfq29uc29szsisimfwcfr5cguioijdb25zb2xliiwiyxbwtmftzxnwywnlijoiyyisimxvy2f0aw9uijoizm9yy2u6b2jqzwn0sg9tzurlc2t0b3ailcjzb2jqzwn0vhlwzsi6iknvbw1pdhrlzv9fyyj9fswiz3jvdxbjzci6ikrfrkfvtfqifswic3rhdguiont9fq%3d%3d</small> </font> </div>
<div class="test-event"> <font color="maroon"> <small> &emsp; &emsp;--- 15 Oct 13:01:24 377 - <b>0</b> - Page Load Wait: (Sync) - ICar.support.Utils.waitForPageLoad(Utils.java:109)</small> </font> </div>
<div class="test-event"> <font color="maroon"> <small> &emsp; &emsp;--- 15 Oct 13:01:25 199 - Page URL:: https://i-car--staging.sandbox.lightning.force.com/one/one.app#eyjjb21wb25lbnrezwyioijmb3jjzvnlyxjjadpzzwfyy2hqywdlrgvza3rvccisimf0dhjpynv0zxmionsidgvybsi6iji2mtqzmdgilcjzy29wzu1hcci6eyj0exblijoive9qx1jfu1vmvfmilcjuyw1lc3bhy2uioiiilcjsywjlbci6ilrvccbszxn1bhrziiwibgfizwxqbhvyywwioijub3agumvzdwx0cyisinjlc3vsdhndbxaioijmb3jjzvnlyxjjadpwcmvkawn0zwrszxn1bhrzin0simnvbnrlehqionsirklmvevsuyi6e30sinnlyxjjafnvdxjjzsi6ikftu0ltvefovf9esufmt0cilcjkaxnhymxlsw50zw50uxvlcnkiomzhbhnllcjkaxnhymxlu3blbgxdb3jyzwn0aw9uijpmywxzzswic2vhcmnorglhbg9nu2vzc2lvbklkijoiymiwndyzmdktmtc4ys04zjvllthkmwutmtq4mgninmnlogzkiiwizgvidwdjbmzvijp7imfwce5hbwuioijjq2fyx1nlcnzpy2vfq29uc29szsisimfwcfr5cguioijdb25zb2xliiwiyxbwtmftzxnwywnlijoiyyisimxvy2f0aw9uijoizm9yy2u6b2jqzwn0sg9tzurlc2t0b3ailcjzb2jqzwn0vhlwzsi6iknvbw1pdhrlzv9fyyj9fswiz3jvdxbjzci6ikrfrkfvtfqifswic3rhdguiont9fq%3d%3d</small> </font> </div>
<div class="test-event"> <font color="maroon"> <small> &emsp; &emsp;--- 15 Oct 13:01:25 200 - <b>0</b> - Page Load Wait: (Sync) - ICar.support.Utils.waitForPageLoad(Utils.java:109)</small> </font> </div>
<div class="test-event"> <font color="maroon"> <small> &emsp; &emsp;--- 15 Oct 13:01:26 016 - Page URL:: https://i-car--staging.sandbox.lightning.force.com/one/one.app#eyjjb21wb25lbnrezwyioijmb3jjzvnlyxjjadpzzwfyy2hqywdlrgvza3rvccisimf0dhjpynv0zxmionsidgvybsi6iji2mtqzmdgilcjzy29wzu1hcci6eyj0exblijoive9qx1jfu1vmvfmilcjuyw1lc3bhy2uioiiilcjsywjlbci6ilrvccbszxn1bhrziiwibgfizwxqbhvyywwioijub3agumvzdwx0cyisinjlc3vsdhndbxaioijmb3jjzvnlyxjjadpwcmvkawn0zwrszxn1bhrzin0simnvbnrlehqionsirklmvevsuyi6e30sinnlyxjjafnvdxjjzsi6ikftu0ltvefovf9esufmt0cilcjkaxnhymxlsw50zw50uxvlcnkiomzhbhnllcjkaxnhymxlu3blbgxdb3jyzwn0aw9uijpmywxzzswic2vhcmnorglhbg9nu2vzc2lvbklkijoiymiwndyzmdktmtc4ys04zjvllthkmwutmtq4mgninmnlogzkiiwizgvidwdjbmzvijp7imfwce5hbwuioijjq2fyx1nlcnzpy2vfq29uc29szsisimfwcfr5cguioijdb25zb2xliiwiyxbwtmftzxnwywnlijoiyyisimxvy2f0aw9uijoizm9yy2u6b2jqzwn0sg9tzurlc2t0b3ailcjzb2jqzwn0vhlwzsi6iknvbw1pdhrlzv9fyyj9fswiz3jvdxbjzci6ikrfrkfvtfqifswic3rhdguiont9fq%3d%3d</small> </font> </div>
<div class="test-event"> <font color="maroon"> <small> &emsp; &emsp;--- 15 Oct 13:01:26 016 - <b>0</b> - Page Load Wait: (Sync) - ICar.support.Utils.waitForPageLoad(Utils.java:109)</small> </font> </div>
<div class="test-event"> <font color="maroon"> <small> &emsp; &emsp;--- 15 Oct 13:01:34 051 - Catched spinner load exception due to Expected condition failed: waiting for ICar.support.WaitUtils$4@3e310ae5 (tried for 8 second(s) with 500 milliseconds interval)</small> </font> </div>
<div class="test-event"> <font color="maroon"> <small> &emsp; &emsp;--- 15 Oct 13:01:34 051 - <b>8</b> - Spinner Load Wait: (Sync) - ICar.support.WaitUtils.waitForSpinner(WaitUtils.java:225)</small> </font> </div>
<div class="test-event"> <font color="maroon"> <small> &emsp; &emsp;--- 15 Oct 13:01:34 936 - Page URL:: https://i-car--staging.sandbox.lightning.force.com/one/one.app#eyjjb21wb25lbnrezwyioijmb3jjzvnlyxjjadpzzwfyy2hqywdlrgvza3rvccisimf0dhjpynv0zxmionsidgvybsi6iji2mtqzmdgilcjzy29wzu1hcci6eyj0exblijoive9qx1jfu1vmvfmilcjuyw1lc3bhy2uioiiilcjsywjlbci6ilrvccbszxn1bhrziiwibgfizwxqbhvyywwioijub3agumvzdwx0cyisinjlc3vsdhndbxaioijmb3jjzvnlyxjjadpwcmvkawn0zwrszxn1bhrzin0simnvbnrlehqionsirklmvevsuyi6e30sinnlyxjjafnvdxjjzsi6ikftu0ltvefovf9esufmt0cilcjkaxnhymxlsw50zw50uxvlcnkiomzhbhnllcjkaxnhymxlu3blbgxdb3jyzwn0aw9uijpmywxzzswic2vhcmnorglhbg9nu2vzc2lvbklkijoiymiwndyzmdktmtc4ys04zjvllthkmwutmtq4mgninmnlogzkiiwizgvidwdjbmzvijp7imfwce5hbwuioijjq2fyx1nlcnzpy2vfq29uc29szsisimfwcfr5cguioijdb25zb2xliiwiyxbwtmftzxnwywnlijoiyyisimxvy2f0aw9uijoizm9yy2u6b2jqzwn0sg9tzurlc2t0b3ailcjzb2jqzwn0vhlwzsi6iknvbw1pdhrlzv9fyyj9fswiz3jvdxbjzci6ikrfrkfvtfqifswic3rhdguiont9fq%3d%3d</small> </font> </div>
<div class="test-event"> <font color="maroon"> <small> &emsp; &emsp;--- 15 Oct 13:01:34 937 - <b>0</b> - Page Load Wait: (Sync) - ICar.support.Utils.waitForPageLoad(Utils.java:109)</small> </font> </div>
<div class="test-event"> <font color="maroon"> <small> &emsp; &emsp;--- 15 Oct 13:01:37 085 - Element is displayed:: [[ChromeDriver: chrome on WINDOWS (1ab6fe09772bac825b7dcfa28c7ea844)] -> xpath: //div[contains(@class,'forceSearchResultsRegion')]//div[contains(@class,'resultsMultiWrapper')]/div/div[1]//following::h2//a]</small> </font> </div>
<div class="test-event"> <font color="maroon"> <small> &emsp; &emsp;--- 15 Oct 13:01:37 280 - Element is displayed:: [[ChromeDriver: chrome on WINDOWS (1ab6fe09772bac825b7dcfa28c7ea844)] -> xpath: //a[text()='Contacts']]</small> </font> </div>
<div class="test-event"> <font color="maroon"> <small> &emsp; &emsp;--- 15 Oct 13:01:41 539 - Element is displayed:: [[ChromeDriver: chrome on WINDOWS (1ab6fe09772bac825b7dcfa28c7ea844)] -> xpath: //div[text()='Contacts']//following :: table//tbody//th//span /a]</small> </font> </div>
<div class="test-message">&emsp;10.Enter ICAR ID  2614308</div>
<div class="test-event"> <font color="maroon"> <small> &emsp; &emsp;--- 15 Oct 13:01:50 784 - Element is displayed:: [[ChromeDriver: chrome on WINDOWS (1ab6fe09772bac825b7dcfa28c7ea844)] -> xpath: //a/img[@alt='Login Image']|//button[@id='btn-login']]</small> </font> </div>
<div class="test-event"> <font color="maroon"> <small> &emsp; &emsp;--- 15 Oct 13:01:50 872 - Element is displayed:: [[ChromeDriver: chrome on WINDOWS (1ab6fe09772bac825b7dcfa28c7ea844)] -> xpath: //a/img[@alt='Login Image']|//button[@id='btn-login']]</small> </font> </div>
<div class="test-message">&emsp;Successfully navigated to 'Home' Page&emsp;<a href=".\ScreenShot\B2B1104_TC03_1259505955805100.png" target="_blank" >[ScreenShot]</a></div>
<div class="test-message">&emsp;1. Home page is launched.</div>
<div class="test-event"> <font color="maroon"> <small> &emsp; &emsp;--- 15 Oct 13:01:51 247 - Page URL:: https://www.icarstage.com/</small> </font> </div>
<div class="test-event"> <font color="maroon"> <small> &emsp; &emsp;--- 15 Oct 13:01:51 247 - <b>0</b> - Page Load Wait: (Sync) - ICar.support.Utils.waitForPageLoad(Utils.java:109)</small> </font> </div>
<div class="test-event"> <font color="maroon"> <small> &emsp; &emsp;--- 15 Oct 13:01:51 295 - Element is displayed:: [[ChromeDriver: chrome on WINDOWS (1ab6fe09772bac825b7dcfa28c7ea844)] -> xpath: //a/img[@alt='Login Image']|//button[@id='btn-login']]</small> </font> </div>
<div class="test-event"> <font color="maroon"> <small> &emsp; &emsp;--- 15 Oct 13:01:51 355 - Element is displayed:: [[ChromeDriver: chrome on WINDOWS (1ab6fe09772bac825b7dcfa28c7ea844)] -> xpath: //a/img[@alt='Login Image']|//button[@id='btn-login']]</small> </font> </div>
<div class="test-event"> <font color="maroon"> <small> &emsp; &emsp;--- 15 Oct 13:02:09 382 - Catched spinner load exception due to Expected condition failed: waiting for ICar.support.WaitUtils$4@3e310ae5 (tried for 15 second(s) with 500 milliseconds interval)</small> </font> </div>
<div class="test-event"> <font color="maroon"> <small> &emsp; &emsp;--- 15 Oct 13:02:09 382 - <b>15</b> - Spinner Load Wait: (Sync) - ICar.support.WaitUtils.waitForSpinner(WaitUtils.java:225)</small> </font> </div>
<div class="test-message">&emsp;2. Login page  should be successfully display</div>
<div class="test-message">&emsp;Successfully navigated to 'Login' Page&emsp;<a href=".\ScreenShot\B2B1104_TC03_1259524470698500.png" target="_blank" >[ScreenShot]</a></div>
<div class="test-event"> <font color="maroon"> <small> &emsp; &emsp;--- 15 Oct 13:02:09 615 - Element is displayed:: [[ChromeDriver: chrome on WINDOWS (1ab6fe09772bac825b7dcfa28c7ea844)] -> id: username]</small> </font> </div>
<div class="test-event"> <font color="maroon"> <small> &emsp; &emsp;--- 15 Oct 13:02:09 672 - Element is displayed:: [[ChromeDriver: chrome on WINDOWS (1ab6fe09772bac825b7dcfa28c7ea844)] -> id: username]</small> </font> </div>
<div class="test-event"> <font color="maroon"> <small> &emsp; &emsp;--- 15 Oct 13:02:09 899 - Element is displayed:: [[ChromeDriver: chrome on WINDOWS (1ab6fe09772bac825b7dcfa28c7ea844)] -> id: password]</small> </font> </div>
<div class="test-event"> <font color="maroon"> <small> &emsp; &emsp;--- 15 Oct 13:02:10 063 - Element is displayed:: [[ChromeDriver: chrome on WINDOWS (1ab6fe09772bac825b7dcfa28c7ea844)] -> id: btn-login]</small> </font> </div>
<div class="test-event"> <font color="maroon"> <small> &emsp; &emsp;--- 15 Oct 13:02:23 144 - Catched spinner load exception due to Expected condition failed: waiting for ICar.support.WaitUtils$4@3e310ae5 (tried for 13 second(s) with 500 milliseconds interval)</small> </font> </div>
<div class="test-event"> <font color="maroon"> <small> &emsp; &emsp;--- 15 Oct 13:02:23 145 - <b>13</b> - Spinner Load Wait: (Sync) - ICar.support.WaitUtils.waitForSpinner(WaitUtils.java:225)</small> </font> </div>
<div class="test-event"> <font color="maroon"> <small> &emsp; &emsp;--- 15 Oct 13:02:47 659 - Catched spinner load exception due to Expected condition failed: waiting for ICar.support.WaitUtils$4@3e310ae5 (tried for 10 second(s) with 500 milliseconds interval)</small> </font> </div>
<div class="test-event"> <font color="maroon"> <small> &emsp; &emsp;--- 15 Oct 13:02:47 659 - <b>10</b> - Spinner Load Wait: (Sync) - ICar.support.WaitUtils.waitForSpinner(WaitUtils.java:225)</small> </font> </div>
<div class="test-event"> <font color="maroon"> <small> &emsp; &emsp;--- 15 Oct 13:02:47 752 - Element is displayed:: [[ChromeDriver: chrome on WINDOWS (1ab6fe09772bac825b7dcfa28c7ea844)] -> xpath: //button[@value='Launch My Learning']]</small> </font> </div>
<div class="test-message">&emsp;3. Enter the user credentials as : alessa0717</div>
<div class="test-message">&emsp;Successfully navigated to 'User Home' Page&emsp;<a href=".\ScreenShot\B2B1104_TC03_1259562836524400.png" target="_blank" >[ScreenShot]</a></div>
<div class="test-message">&emsp;Link Access Committee Portal displayed in B2B Portal</div>
<div class="test-message">&emsp;Access committee link is displayed</div>
<div class="test-event"> <font color="maroon"> <small> &emsp; &emsp;--- 15 Oct 13:02:49 171 - Page URL:: https://www.icarstage.com/</small> </font> </div>
<div class="test-event"> <font color="maroon"> <small> &emsp; &emsp;--- 15 Oct 13:02:49 171 - <b>0</b> - Page Load Wait: (Sync) - ICar.support.Utils.waitForPageLoad(Utils.java:109)</small> </font> </div>
<div class="test-event"> <font color="maroon"> <small> &emsp; &emsp;--- 15 Oct 13:02:49 232 - Element is displayed:: [[ChromeDriver: chrome on WINDOWS (1ab6fe09772bac825b7dcfa28c7ea844)] -> xpath: //p[text()='Launch My Learning']]</small> </font> </div>
<div class="test-event"> <font color="maroon"> <small> &emsp; &emsp;--- 15 Oct 13:02:49 273 - Element is displayed:: [[ChromeDriver: chrome on WINDOWS (1ab6fe09772bac825b7dcfa28c7ea844)] -> xpath: //a[text()='Access Committee Portal']]</small> </font> </div>
<div class="test-event"> <font color="maroon"> <small> &emsp; &emsp;--- 15 Oct 13:02:51 466 - Element is displayed:: [[ChromeDriver: chrome on WINDOWS (1ab6fe09772bac825b7dcfa28c7ea844)] -> xpath: //a[text()='Access Committee Portal']]</small> </font> </div>
<div class="test-event"> <font color="maroon"> <small> &emsp; &emsp;--- 15 Oct 13:03:16 777 - Catched spinner load exception due to Expected condition failed: waiting for ICar.support.WaitUtils$4@3e310ae5 (tried for 15 second(s) with 500 milliseconds interval)</small> </font> </div>
<div class="test-event"> <font color="maroon"> <small> &emsp; &emsp;--- 15 Oct 13:03:16 777 - <b>15</b> - Spinner Load Wait: (Sync) - ICar.support.WaitUtils.waitForSpinner(WaitUtils.java:225)</small> </font> </div>
<div class="test-event"> <font color="maroon"> <small> &emsp; &emsp;--- 15 Oct 13:03:16 945 - Page URL:: https://my.icarstage.com/s/committee/a381i0000006tc9qai/5400799</small> </font> </div>
<div class="test-event"> <font color="maroon"> <small> &emsp; &emsp;--- 15 Oct 13:03:16 945 - <b>0</b> - Page Load Wait: (Sync) - ICar.support.Utils.waitForPageLoad(Utils.java:109)</small> </font> </div>
<div class="test-message">&emsp;Successfully navigated to 'Access committee' Page&emsp;<a href=".\ScreenShot\B2B1104_TC03_1259592031914700.png" target="_blank" >[ScreenShot]</a></div>
<div class="test-event"> <font color="maroon"> <small> &emsp; &emsp;--- 15 Oct 13:03:17 262 - Page URL:: https://my.icarstage.com/s/committee/a381i0000006tc9qai/5400799</small> </font> </div>
<div class="test-event"> <font color="maroon"> <small> &emsp; &emsp;--- 15 Oct 13:03:17 262 - <b>0</b> - Page Load Wait: (Sync) - ICar.support.Utils.waitForPageLoad(Utils.java:109)</small> </font> </div>
<div class="test-event"> <font color="maroon"> <small> &emsp; &emsp;--- 15 Oct 13:03:25 589 - Catched spinner load exception due to Expected condition failed: waiting for ICar.support.WaitUtils$4@3e310ae5 (tried for 8 second(s) with 500 milliseconds interval)</small> </font> </div>
<div class="test-event"> <font color="maroon"> <small> &emsp; &emsp;--- 15 Oct 13:03:25 590 - <b>8</b> - Spinner Load Wait: (Sync) - ICar.support.WaitUtils.waitForSpinner(WaitUtils.java:225)</small> </font> </div>
<div class="test-event"> <font color="maroon"> <small> &emsp; &emsp;--- 15 Oct 13:03:25 687 - Element is displayed:: [[ChromeDriver: chrome on WINDOWS (1ab6fe09772bac825b7dcfa28c7ea844)] -> xpath: //span[text()='Committee Goals (Active Goals)']/parent::span]</small> </font> </div>
<div class="test-event"> <font color="maroon"> <small> &emsp; &emsp;--- 15 Oct 13:03:27 809 - Element is displayed:: [[ChromeDriver: chrome on WINDOWS (1ab6fe09772bac825b7dcfa28c7ea844)] -> xpath: //span[text()='Committee Goals (Active Goals)']/parent::span]</small> </font> </div>
<div class="test-event"> <font color="maroon"> <small> &emsp; &emsp;--- 15 Oct 13:03:32 898 - Page URL:: https://my.icarstage.com/s/committee/related/a381i0000006tc9qai/committee_goals1__r</small> </font> </div>
<div class="test-event"> <font color="maroon"> <small> &emsp; &emsp;--- 15 Oct 13:03:32 898 - Page Load Wait </small> </font> </div>
<div class="test-event"> <font color="maroon"> <small> &emsp; &emsp;--- 15 Oct 13:03:32 934 - Element is displayed:: [[ChromeDriver: chrome on WINDOWS (1ab6fe09772bac825b7dcfa28c7ea844)] -> xpath: (//table[contains(@aria-label,'Committee')])[last()]/thead/tr/th/div/a/span[2]]</small> </font> </div>
<div class="test-message">&emsp;All column headers are displayed on clicking active goal </div>
<div class="test-event"> <font color="maroon"> <small> &emsp; &emsp;--- 15 Oct 13:03:33 279 - Page URL:: https://my.icarstage.com/s/committee/related/a381i0000006tc9qai/committee_goals1__r</small> </font> </div>
<div class="test-event"> <font color="maroon"> <small> &emsp; &emsp;--- 15 Oct 13:03:33 279 - <b>0</b> - Page Load Wait: (Sync) - ICar.support.Utils.waitForPageLoad(Utils.java:109)</small> </font> </div>
<div class="test-event"> <font color="maroon"> <small> &emsp; &emsp;--- 15 Oct 13:03:41 748 - Catched spinner load exception due to Expected condition failed: waiting for ICar.support.WaitUtils$4@3e310ae5 (tried for 8 second(s) with 500 milliseconds interval)</small> </font> </div>
<div class="test-event"> <font color="maroon"> <small> &emsp; &emsp;--- 15 Oct 13:03:41 748 - <b>8</b> - Spinner Load Wait: (Sync) - ICar.support.WaitUtils.waitForSpinner(WaitUtils.java:225)</small> </font> </div>
<div class="test-event"> <font color="maroon"> <small> &emsp; &emsp;--- 15 Oct 13:03:41 819 - Element is displayed:: [[ChromeDriver: chrome on WINDOWS (1ab6fe09772bac825b7dcfa28c7ea844)] -> xpath: (//table[@aria-label='Committee Goals (Active Goals)'])[last()]/tbody/tr/th/span/a|(//table[@aria-label='Committee Goals (Active Goals)'])[last()]/tbody/tr/th//a]</small> </font> </div>
<div class="test-message">&emsp;Active Goal details are displayed</div>
<div class="test-message">&emsp;12.Click on view all link of file upload</div>
<div class="test-event"> <font color="maroon"> <small> &emsp; &emsp;--- 15 Oct 13:03:52 005 - Page URL:: https://my.icarstage.com/s/detail/a5q8w000000h9u4qac</small> </font> </div>
<div class="test-event"> <font color="maroon"> <small> &emsp; &emsp;--- 15 Oct 13:03:52 005 - <b>0</b> - Page Load Wait: (Sync) - ICar.support.Utils.waitForPageLoad(Utils.java:109)</small> </font> </div>
<div class="test-event"> <font color="maroon"> <small> &emsp; &emsp;--- 15 Oct 13:04:10 233 - Catched spinner load exception due to Expected condition failed: waiting for ICar.support.WaitUtils$4@3e310ae5 (tried for 18 second(s) with 500 milliseconds interval)</small> </font> </div>
<div class="test-event"> <font color="maroon"> <small> &emsp; &emsp;--- 15 Oct 13:04:10 233 - <b>18</b> - Spinner Load Wait: (Sync) - ICar.support.WaitUtils.waitForSpinner(WaitUtils.java:225)</small> </font> </div>
<div class="test-event"> <font color="maroon"> <small> &emsp; &emsp;--- 15 Oct 13:04:10 355 - Page URL:: https://my.icarstage.com/s/detail/a5q8w000000h9u4qac</small> </font> </div>
<div class="test-event"> <font color="maroon"> <small> &emsp; &emsp;--- 15 Oct 13:04:10 356 - <b>0</b> - Page Load Wait: (Sync) - ICar.support.Utils.waitForPageLoad(Utils.java:109)</small> </font> </div>
<div class="test-event"> <font color="maroon"> <small> &emsp; &emsp;--- 15 Oct 13:04:10 478 - Page URL:: https://my.icarstage.com/s/detail/a5q8w000000h9u4qac</small> </font> </div>
<div class="test-event"> <font color="maroon"> <small> &emsp; &emsp;--- 15 Oct 13:04:10 478 - <b>0</b> - Page Load Wait: (Sync) - ICar.support.Utils.waitForPageLoad(Utils.java:109)</small> </font> </div>
<div class="test-event"> <font color="maroon"> <small> &emsp; &emsp;--- 15 Oct 13:04:25 628 - Catched spinner load exception due to Expected condition failed: waiting for ICar.support.WaitUtils$4@3e310ae5 (tried for 15 second(s) with 500 milliseconds interval)</small> </font> </div>
<div class="test-event"> <font color="maroon"> <small> &emsp; &emsp;--- 15 Oct 13:04:25 628 - Spinner Load Wait</small> </font> </div>
<div class="test-event"> <font color="maroon"> <small> &emsp; &emsp;--- 15 Oct 13:04:41 152 - Unable to find a element after 10 sec ==> Proxy element for: AjaxElementLocator 'By.xpath: (//span[text()='View All'])[last()]'</small> </font> </div>
<!--FAIL-->
<div class="test-result"><br><font color="red"><strong> Click on view all link not found in page!! </strong></font> <a href=".\ScreenShot\B2B1104_TC03_1259676235586200.png" target="_blank" >[ScreenShot]</a></div>&emsp;
&emsp;<div class="test-title"> <strong><font size = "3" color = "#0000FF">---Test Execution Ends---</font> </strong> </div>&emsp;]]>
  </system-out>
</testsuite> <!-- CommitteeTestscripts.CommitteeTestscripts -->
