<?xml version="1.0" encoding="UTF-8"?>
<!-- Generated by org.testng.reporters.JUnitReportReporter -->
<testsuite hostname="aspire1763" failures="2" tests="25" name="BAM_Misc.BAMtestscripts" time="8325.791" errors="13" timestamp="2024-10-16T11:38:05 IST" skipped="0">
  <testcase classname="BAM_Misc.BAMtestscripts" name="ICar_BAM633_TC03" time="214.419">
    <failure message="File download unsuccessful" type="java.lang.AssertionError">
      <![CDATA[java.lang.AssertionError: File download unsuccessful
at org.testng.Assert.fail(Assert.java:111)
at ICar.support.Log.fail(Log.java:573)
at ICar.support.Log.assertThat(Log.java:712)
at BAM_Misc.BAMtestscripts.ICar_BAM633_TC03(BAMtestscripts.java:575)
at java.base/jdk.internal.reflect.NativeMethodAccessorImpl.invoke0(Native Method)
at java.base/jdk.internal.reflect.NativeMethodAccessorImpl.invoke(NativeMethodAccessorImpl.java:78)
at java.base/jdk.internal.reflect.DelegatingMethodAccessorImpl.invoke(DelegatingMethodAccessorImpl.java:43)
at java.base/java.lang.reflect.Method.invoke(Method.java:567)
at org.testng.internal.invokers.MethodInvocationHelper.invokeMethod(MethodInvocationHelper.java:139)
at org.testng.internal.invokers.TestInvoker.invokeMethod(TestInvoker.java:664)
at org.testng.internal.invokers.TestInvoker.invokeTestMethod(TestInvoker.java:227)
at org.testng.internal.invokers.TestMethodWithDataProviderMethodWorker.call(TestMethodWithDataProviderMethodWorker.java:80)
at org.testng.internal.invokers.TestMethodWithDataProviderMethodWorker.call(TestMethodWithDataProviderMethodWorker.java:17)
at java.base/java.util.concurrent.FutureTask.run(FutureTask.java:264)
at java.base/java.util.concurrent.Executors$RunnableAdapter.call(Executors.java:515)
at java.base/java.util.concurrent.FutureTask.run(FutureTask.java:264)
at java.base/java.util.concurrent.ThreadPoolExecutor.runWorker(ThreadPoolExecutor.java:1130)
at java.base/java.util.concurrent.ThreadPoolExecutor$Worker.run(ThreadPoolExecutor.java:630)
at java.base/java.lang.Thread.run(Thread.java:831)
]]>
    </failure>
    <system-out>
      <![CDATA[<div class="test-event"> <font color="maroon"> <small> &emsp; &emsp;--- 16 Oct 09:43:03 179 - TestCaseID:: ICar_BAM633_TC03</small> </font> </div>
<div class="test-event"> <font color="maroon"> <small> &emsp; &emsp;--- 16 Oct 09:43:04 234 - <b>1</b> - Driver::initialize::Get - ICar.support.WebDriverFactory.getDriver(WebDriverFactory.java:640)</small> </font> </div>
&emsp;<div class="test-title"> <strong><font size = "3" color = "#000080">Platinum Report to be accessible from the "Action" dropdown button</font> </strong> </div>&emsp;<div><strong>Steps:</strong></div><!-- Report -->&emsp;
<div class="test-event"> <font color="maroon"> <small> &emsp; &emsp;--- 16 Oct 09:43:08 807 - Page URL:: https://i-car--staging.sandbox.my.salesforce.com/</small> </font> </div>
<div class="test-event"> <font color="maroon"> <small> &emsp; &emsp;--- 16 Oct 09:43:08 807 - <b>2</b> - Page Load Wait: (Sync) - ICar.support.Utils.waitForPageLoad(Utils.java:109)</small> </font> </div>
<div class="test-message">&emsp;Successfully navigated to 'Login' Page&emsp;<a href=".\ScreenShot\ICar_BAM633_TC03_39356244405300.png" target="_blank" >[ScreenShot]</a></div>
<div class="test-message">&emsp;1. Login page is launched.</div>
<div class="test-event"> <font color="maroon"> <small> &emsp; &emsp;--- 16 Oct 09:43:09 109 - Element is displayed:: [[ChromeDriver: chrome on WINDOWS (c9c61d68a4fe9640cce65ddec52313a9)] -> id: username]</small> </font> </div>
<div class="test-event"> <font color="maroon"> <small> &emsp; &emsp;--- 16 Oct 09:43:09 471 - Element is displayed:: [[ChromeDriver: chrome on WINDOWS (c9c61d68a4fe9640cce65ddec52313a9)] -> id: username]</small> </font> </div>
<div class="test-event"> <font color="maroon"> <small> &emsp; &emsp;--- 16 Oct 09:43:10 517 - Element is displayed:: [[ChromeDriver: chrome on WINDOWS (c9c61d68a4fe9640cce65ddec52313a9)] -> id: password]</small> </font> </div>
<div class="test-event"> <font color="maroon"> <small> &emsp; &emsp;--- 16 Oct 09:43:10 780 - Element is displayed:: [[ChromeDriver: chrome on WINDOWS (c9c61d68a4fe9640cce65ddec52313a9)] -> id: Login]</small> </font> </div>
<div class="test-event"> <font color="maroon"> <small> &emsp; &emsp;--- 16 Oct 09:43:40 094 - Catched spinner load exception due to Expected condition failed: waiting for ICar.support.WaitUtils$4@714addf7 (tried for 13 second(s) with 500 milliseconds interval)</small> </font> </div>
<div class="test-event"> <font color="maroon"> <small> &emsp; &emsp;--- 16 Oct 09:43:40 094 - <b>13</b> - Spinner Load Wait: (Sync) - ICar.support.WaitUtils.waitForSpinner(WaitUtils.java:225)</small> </font> </div>
<div class="test-event"> <font color="maroon"> <small> &emsp; &emsp;--- 16 Oct 09:43:59 909 - Catched spinner load exception due to Expected condition failed: waiting for ICar.support.WaitUtils$4@714addf7 (tried for 6 second(s) with 500 milliseconds interval)</small> </font> </div>
<div class="test-event"> <font color="maroon"> <small> &emsp; &emsp;--- 16 Oct 09:43:59 910 - <b>6</b> - Spinner Load Wait: (Sync) - ICar.support.WaitUtils.waitForSpinner(WaitUtils.java:225)</small> </font> </div>
<div class="test-event"> <font color="maroon"> <small> &emsp; &emsp;--- 16 Oct 09:44:00 004 - Element is displayed:: [[ChromeDriver: chrome on WINDOWS (c9c61d68a4fe9640cce65ddec52313a9)] -> css selector: button[class*='search-button']]</small> </font> </div>
<div class="test-message">&emsp;2. Navigate to 'SalesForce Page'</div>
<div class="test-event"> <font color="maroon"> <small> &emsp; &emsp;--- 16 Oct 09:44:00 282 - Page URL:: https://i-car--staging.sandbox.lightning.force.com/one/one.app#eyjjb21wb25lbnrezwyioijvbmu6ywxvagfqywdliiwiyxr0cmlidxrlcyi6eyjhzgryzxnzijoiahr0chm6ly9plwnhci0tc3rhz2luzy0tyy5zyw5kym94lnzmlmzvcmnllmnvbs9hcgv4l0ldqvjfve1eyxnoym9hcmq%2fawq9mdazmukwmdawmg51r3zmuufvin0sinn0yxrlijp7indzijoil2xpz2h0bmluzy9yl0nvbnrhy3qvmdazmukwmdawmg51r3zmuufvl3zpzxcifx0%3d</small> </font> </div>
<div class="test-event"> <font color="maroon"> <small> &emsp; &emsp;--- 16 Oct 09:44:00 282 - <b>0</b> - Page Load Wait: (Sync) - ICar.support.Utils.waitForPageLoad(Utils.java:109)</small> </font> </div>
<div class="test-event"> <font color="maroon"> <small> &emsp; &emsp;--- 16 Oct 09:44:05 767 - Page URL:: https://i-car--staging.sandbox.lightning.force.com/one/one.app#eyjjb21wb25lbnrezwyioijvbmu6ywxvagfqywdliiwiyxr0cmlidxrlcyi6eyjhzgryzxnzijoiahr0chm6ly9plwnhci0tc3rhz2luzy0tyy5zyw5kym94lnzmlmzvcmnllmnvbs9hcgv4l0ldqvjfve1eyxnoym9hcmq%2fawq9mdazmukwmdawmg51r3zmuufvin0sinn0yxrlijp7indzijoil2xpz2h0bmluzy9yl0nvbnrhy3qvmdazmukwmdawmg51r3zmuufvl3zpzxcifx0%3d</small> </font> </div>
<div class="test-event"> <font color="maroon"> <small> &emsp; &emsp;--- 16 Oct 09:44:05 767 - <b>0</b> - Page Load Wait: (Sync) - ICar.support.Utils.waitForPageLoad(Utils.java:109)</small> </font> </div>
<div class="test-message">&emsp;Close the tab</div>
<div class="test-message">&emsp;Successfully navigated to 'Login' Page&emsp;<a href=".\ScreenShot\ICar_BAM633_TC03_39418287442100.png" target="_blank" >[ScreenShot]</a></div>
<div class="test-event"> <font color="maroon"> <small> &emsp; &emsp;--- 16 Oct 09:44:11 427 - Page URL:: https://i-car--staging.sandbox.lightning.force.com/lightning/o/account/list?filtername=accounts</small> </font> </div>
<div class="test-event"> <font color="maroon"> <small> &emsp; &emsp;--- 16 Oct 09:44:11 427 - <b>0</b> - Page Load Wait: (Sync) - ICar.support.Utils.waitForPageLoad(Utils.java:109)</small> </font> </div>
<div class="test-event"> <font color="maroon"> <small> &emsp; &emsp;--- 16 Oct 09:44:16 850 - Page URL:: https://i-car--staging.sandbox.lightning.force.com/lightning/o/account/list?filtername=accounts</small> </font> </div>
<div class="test-event"> <font color="maroon"> <small> &emsp; &emsp;--- 16 Oct 09:44:16 850 - <b>0</b> - Page Load Wait: (Sync) - ICar.support.Utils.waitForPageLoad(Utils.java:109)</small> </font> </div>
<div class="test-message">&emsp;Close the tab</div>
<div class="test-event"> <font color="maroon"> <small> &emsp; &emsp;--- 16 Oct 09:44:22 498 - Page URL:: https://i-car--staging.sandbox.lightning.force.com/lightning/o/account/list?filtername=accounts</small> </font> </div>
<div class="test-event"> <font color="maroon"> <small> &emsp; &emsp;--- 16 Oct 09:44:22 498 - <b>0</b> - Page Load Wait: (Sync) - ICar.support.Utils.waitForPageLoad(Utils.java:109)</small> </font> </div>
<div class="test-event"> <font color="maroon"> <small> &emsp; &emsp;--- 16 Oct 09:44:22 546 - Element is displayed:: [[ChromeDriver: chrome on WINDOWS (c9c61d68a4fe9640cce65ddec52313a9)] -> css selector: button[class*='search-button']]</small> </font> </div>
<div class="test-event"> <font color="maroon"> <small> &emsp; &emsp;--- 16 Oct 09:44:24 646 - Catched spinner load exception due to Expected condition failed: waiting for ICar.support.WaitUtils$4@714addf7 (tried for 2 second(s) with 500 milliseconds interval)</small> </font> </div>
<div class="test-event"> <font color="maroon"> <small> &emsp; &emsp;--- 16 Oct 09:44:24 646 - <b>2</b> - Spinner Load Wait: (Sync) - ICar.support.WaitUtils.waitForSpinner(WaitUtils.java:225)</small> </font> </div>
<div class="test-event"> <font color="maroon"> <small> &emsp; &emsp;--- 16 Oct 09:44:27 719 - Element is displayed:: [[ChromeDriver: chrome on WINDOWS (c9c61d68a4fe9640cce65ddec52313a9)] -> css selector: button[class*='search-button']]</small> </font> </div>
<div class="test-event"> <font color="maroon"> <small> &emsp; &emsp;--- 16 Oct 09:44:28 353 - Page URL:: https://i-car--staging.sandbox.lightning.force.com/lightning/o/account/list?filtername=accounts</small> </font> </div>
<div class="test-event"> <font color="maroon"> <small> &emsp; &emsp;--- 16 Oct 09:44:28 353 - <b>0</b> - Page Load Wait: (Sync) - ICar.support.Utils.waitForPageLoad(Utils.java:109)</small> </font> </div>
<div class="test-event"> <font color="maroon"> <small> &emsp; &emsp;--- 16 Oct 09:44:47 997 - Catched spinner load exception due to Expected condition failed: waiting for ICar.support.WaitUtils$4@714addf7 (tried for 10 second(s) with 500 milliseconds interval)</small> </font> </div>
<div class="test-event"> <font color="maroon"> <small> &emsp; &emsp;--- 16 Oct 09:44:47 997 - <b>10</b> - Spinner Load Wait: (Sync) - ICar.support.WaitUtils.waitForSpinner(WaitUtils.java:225)</small> </font> </div>
<div class="test-event"> <font color="maroon"> <small> &emsp; &emsp;--- 16 Oct 09:44:48 551 - Page URL:: https://i-car--staging.sandbox.lightning.force.com/one/one.app#eyjjb21wb25lbnrezwyioijmb3jjzvnlyxjjadpzzwfyy2hqywdlrgvza3rvccisimf0dhjpynv0zxmionsidgvybsi6ijiznjy5mzkilcjzy29wzu1hcci6eyj0exblijoive9qx1jfu1vmvfmilcjuyw1lc3bhy2uioiiilcjsywjlbci6ilrvccbszxn1bhrziiwibgfizwxqbhvyywwioijub3agumvzdwx0cyisinjlc3vsdhndbxaioijmb3jjzvnlyxjjadpwcmvkawn0zwrszxn1bhrzin0simnvbnrlehqionsirklmvevsuyi6e30sinnlyxjjafnvdxjjzsi6ikftu0ltvefovf9esufmt0cilcjkaxnhymxlsw50zw50uxvlcnkiomzhbhnllcjkaxnhymxlu3blbgxdb3jyzwn0aw9uijpmywxzzswic2vhcmnorglhbg9nu2vzc2lvbklkijoingjkntazmmyty2m4zc04ote3lwnlntgtmmrlymixodqwnzziiiwizgvidwdjbmzvijp7imfwce5hbwuioijjq2fyx1nlcnzpy2vfq29uc29szsisimfwcfr5cguioijdb25zb2xliiwiyxbwtmftzxnwywnlijoiyyisimxvy2f0aw9uijoizm9yy2u6b2jqzwn0sg9tzurlc2t0b3ailcjzb2jqzwn0vhlwzsi6ikfjy291bnqifx0simdyb3vwswqioijeruzbvuxuin0sinn0yxrlijp7fx0%3d</small> </font> </div>
<div class="test-event"> <font color="maroon"> <small> &emsp; &emsp;--- 16 Oct 09:44:48 551 - <b>0</b> - Page Load Wait: (Sync) - ICar.support.Utils.waitForPageLoad(Utils.java:109)</small> </font> </div>
<div class="test-event"> <font color="maroon"> <small> &emsp; &emsp;--- 16 Oct 09:44:59 619 - Catched spinner load exception due to Expected condition failed: waiting for ICar.support.WaitUtils$4@714addf7 (tried for 11 second(s) with 500 milliseconds interval)</small> </font> </div>
<div class="test-event"> <font color="maroon"> <small> &emsp; &emsp;--- 16 Oct 09:44:59 619 - <b>11</b> - Spinner Load Wait: (Sync) - ICar.support.WaitUtils.waitForSpinner(WaitUtils.java:225)</small> </font> </div>
<div class="test-event"> <font color="maroon"> <small> &emsp; &emsp;--- 16 Oct 09:45:00 145 - Page URL:: https://i-car--staging.sandbox.lightning.force.com/one/one.app#eyjjb21wb25lbnrezwyioijmb3jjzvnlyxjjadpzzwfyy2hqywdlrgvza3rvccisimf0dhjpynv0zxmionsidgvybsi6ijiznjy5mzkilcjzy29wzu1hcci6eyj0exblijoive9qx1jfu1vmvfmilcjuyw1lc3bhy2uioiiilcjsywjlbci6ilrvccbszxn1bhrziiwibgfizwxqbhvyywwioijub3agumvzdwx0cyisinjlc3vsdhndbxaioijmb3jjzvnlyxjjadpwcmvkawn0zwrszxn1bhrzin0simnvbnrlehqionsirklmvevsuyi6e30sinnlyxjjafnvdxjjzsi6ikftu0ltvefovf9esufmt0cilcjkaxnhymxlsw50zw50uxvlcnkiomzhbhnllcjkaxnhymxlu3blbgxdb3jyzwn0aw9uijpmywxzzswic2vhcmnorglhbg9nu2vzc2lvbklkijoingjkntazmmyty2m4zc04ote3lwnlntgtmmrlymixodqwnzziiiwizgvidwdjbmzvijp7imfwce5hbwuioijjq2fyx1nlcnzpy2vfq29uc29szsisimfwcfr5cguioijdb25zb2xliiwiyxbwtmftzxnwywnlijoiyyisimxvy2f0aw9uijoizm9yy2u6b2jqzwn0sg9tzurlc2t0b3ailcjzb2jqzwn0vhlwzsi6ikfjy291bnqifx0simdyb3vwswqioijeruzbvuxuin0sinn0yxrlijp7fx0%3d</small> </font> </div>
<div class="test-event"> <font color="maroon"> <small> &emsp; &emsp;--- 16 Oct 09:45:00 145 - <b>0</b> - Page Load Wait: (Sync) - ICar.support.Utils.waitForPageLoad(Utils.java:109)</small> </font> </div>
<div class="test-event"> <font color="maroon"> <small> &emsp; &emsp;--- 16 Oct 09:45:00 198 - Element is displayed:: [[ChromeDriver: chrome on WINDOWS (c9c61d68a4fe9640cce65ddec52313a9)] -> xpath: //a[@title='Top Results']//span[text()='Top Results']]</small> </font> </div>
<div class="test-event"> <font color="maroon"> <small> &emsp; &emsp;--- 16 Oct 09:45:00 595 - Page URL:: https://i-car--staging.sandbox.lightning.force.com/one/one.app#eyjjb21wb25lbnrezwyioijmb3jjzvnlyxjjadpzzwfyy2hqywdlrgvza3rvccisimf0dhjpynv0zxmionsidgvybsi6ijiznjy5mzkilcjzy29wzu1hcci6eyj0exblijoive9qx1jfu1vmvfmilcjuyw1lc3bhy2uioiiilcjsywjlbci6ilrvccbszxn1bhrziiwibgfizwxqbhvyywwioijub3agumvzdwx0cyisinjlc3vsdhndbxaioijmb3jjzvnlyxjjadpwcmvkawn0zwrszxn1bhrzin0simnvbnrlehqionsirklmvevsuyi6e30sinnlyxjjafnvdxjjzsi6ikftu0ltvefovf9esufmt0cilcjkaxnhymxlsw50zw50uxvlcnkiomzhbhnllcjkaxnhymxlu3blbgxdb3jyzwn0aw9uijpmywxzzswic2vhcmnorglhbg9nu2vzc2lvbklkijoingjkntazmmyty2m4zc04ote3lwnlntgtmmrlymixodqwnzziiiwizgvidwdjbmzvijp7imfwce5hbwuioijjq2fyx1nlcnzpy2vfq29uc29szsisimfwcfr5cguioijdb25zb2xliiwiyxbwtmftzxnwywnlijoiyyisimxvy2f0aw9uijoizm9yy2u6b2jqzwn0sg9tzurlc2t0b3ailcjzb2jqzwn0vhlwzsi6ikfjy291bnqifx0simdyb3vwswqioijeruzbvuxuin0sinn0yxrlijp7fx0%3d</small> </font> </div>
<div class="test-event"> <font color="maroon"> <small> &emsp; &emsp;--- 16 Oct 09:45:00 595 - <b>0</b> - Page Load Wait: (Sync) - ICar.support.Utils.waitForPageLoad(Utils.java:109)</small> </font> </div>
<div class="test-event"> <font color="maroon"> <small> &emsp; &emsp;--- 16 Oct 09:45:05 922 - Catched spinner load exception due to Expected condition failed: waiting for ICar.support.WaitUtils$4@714addf7 (tried for 5 second(s) with 500 milliseconds interval)</small> </font> </div>
<div class="test-event"> <font color="maroon"> <small> &emsp; &emsp;--- 16 Oct 09:45:05 922 - <b>5</b> - Spinner Load Wait: (Sync) - ICar.support.WaitUtils.waitForSpinner(WaitUtils.java:225)</small> </font> </div>
<div class="test-event"> <font color="maroon"> <small> &emsp; &emsp;--- 16 Oct 09:45:06 424 - Page URL:: https://i-car--staging.sandbox.lightning.force.com/one/one.app#eyjjb21wb25lbnrezwyioijmb3jjzvnlyxjjadpzzwfyy2hqywdlrgvza3rvccisimf0dhjpynv0zxmionsidgvybsi6ijiznjy5mzkilcjzy29wzu1hcci6eyj0exblijoive9qx1jfu1vmvfmilcjuyw1lc3bhy2uioiiilcjsywjlbci6ilrvccbszxn1bhrziiwibgfizwxqbhvyywwioijub3agumvzdwx0cyisinjlc3vsdhndbxaioijmb3jjzvnlyxjjadpwcmvkawn0zwrszxn1bhrzin0simnvbnrlehqionsirklmvevsuyi6e30sinnlyxjjafnvdxjjzsi6ikftu0ltvefovf9esufmt0cilcjkaxnhymxlsw50zw50uxvlcnkiomzhbhnllcjkaxnhymxlu3blbgxdb3jyzwn0aw9uijpmywxzzswic2vhcmnorglhbg9nu2vzc2lvbklkijoingjkntazmmyty2m4zc04ote3lwnlntgtmmrlymixodqwnzziiiwizgvidwdjbmzvijp7imfwce5hbwuioijjq2fyx1nlcnzpy2vfq29uc29szsisimfwcfr5cguioijdb25zb2xliiwiyxbwtmftzxnwywnlijoiyyisimxvy2f0aw9uijoizm9yy2u6b2jqzwn0sg9tzurlc2t0b3ailcjzb2jqzwn0vhlwzsi6ikfjy291bnqifx0simdyb3vwswqioijeruzbvuxuin0sinn0yxrlijp7fx0%3d</small> </font> </div>
<div class="test-event"> <font color="maroon"> <small> &emsp; &emsp;--- 16 Oct 09:45:06 425 - <b>0</b> - Page Load Wait: (Sync) - ICar.support.Utils.waitForPageLoad(Utils.java:109)</small> </font> </div>
<div class="test-event"> <font color="maroon"> <small> &emsp; &emsp;--- 16 Oct 09:45:06 963 - Page URL:: https://i-car--staging.sandbox.lightning.force.com/one/one.app#eyjjb21wb25lbnrezwyioijmb3jjzvnlyxjjadpzzwfyy2hqywdlrgvza3rvccisimf0dhjpynv0zxmionsidgvybsi6ijiznjy5mzkilcjzy29wzu1hcci6eyj0exblijoive9qx1jfu1vmvfmilcjuyw1lc3bhy2uioiiilcjsywjlbci6ilrvccbszxn1bhrziiwibgfizwxqbhvyywwioijub3agumvzdwx0cyisinjlc3vsdhndbxaioijmb3jjzvnlyxjjadpwcmvkawn0zwrszxn1bhrzin0simnvbnrlehqionsirklmvevsuyi6e30sinnlyxjjafnvdxjjzsi6ikftu0ltvefovf9esufmt0cilcjkaxnhymxlsw50zw50uxvlcnkiomzhbhnllcjkaxnhymxlu3blbgxdb3jyzwn0aw9uijpmywxzzswic2vhcmnorglhbg9nu2vzc2lvbklkijoingjkntazmmyty2m4zc04ote3lwnlntgtmmrlymixodqwnzziiiwizgvidwdjbmzvijp7imfwce5hbwuioijjq2fyx1nlcnzpy2vfq29uc29szsisimfwcfr5cguioijdb25zb2xliiwiyxbwtmftzxnwywnlijoiyyisimxvy2f0aw9uijoizm9yy2u6b2jqzwn0sg9tzurlc2t0b3ailcjzb2jqzwn0vhlwzsi6ikfjy291bnqifx0simdyb3vwswqioijeruzbvuxuin0sinn0yxrlijp7fx0%3d</small> </font> </div>
<div class="test-event"> <font color="maroon"> <small> &emsp; &emsp;--- 16 Oct 09:45:06 963 - <b>0</b> - Page Load Wait: (Sync) - ICar.support.Utils.waitForPageLoad(Utils.java:109)</small> </font> </div>
<div class="test-event"> <font color="maroon"> <small> &emsp; &emsp;--- 16 Oct 09:45:07 440 - Page URL:: https://i-car--staging.sandbox.lightning.force.com/one/one.app#eyjjb21wb25lbnrezwyioijmb3jjzvnlyxjjadpzzwfyy2hqywdlrgvza3rvccisimf0dhjpynv0zxmionsidgvybsi6ijiznjy5mzkilcjzy29wzu1hcci6eyj0exblijoive9qx1jfu1vmvfmilcjuyw1lc3bhy2uioiiilcjsywjlbci6ilrvccbszxn1bhrziiwibgfizwxqbhvyywwioijub3agumvzdwx0cyisinjlc3vsdhndbxaioijmb3jjzvnlyxjjadpwcmvkawn0zwrszxn1bhrzin0simnvbnrlehqionsirklmvevsuyi6e30sinnlyxjjafnvdxjjzsi6ikftu0ltvefovf9esufmt0cilcjkaxnhymxlsw50zw50uxvlcnkiomzhbhnllcjkaxnhymxlu3blbgxdb3jyzwn0aw9uijpmywxzzswic2vhcmnorglhbg9nu2vzc2lvbklkijoingjkntazmmyty2m4zc04ote3lwnlntgtmmrlymixodqwnzziiiwizgvidwdjbmzvijp7imfwce5hbwuioijjq2fyx1nlcnzpy2vfq29uc29szsisimfwcfr5cguioijdb25zb2xliiwiyxbwtmftzxnwywnlijoiyyisimxvy2f0aw9uijoizm9yy2u6b2jqzwn0sg9tzurlc2t0b3ailcjzb2jqzwn0vhlwzsi6ikfjy291bnqifx0simdyb3vwswqioijeruzbvuxuin0sinn0yxrlijp7fx0%3d</small> </font> </div>
<div class="test-event"> <font color="maroon"> <small> &emsp; &emsp;--- 16 Oct 09:45:07 440 - <b>0</b> - Page Load Wait: (Sync) - ICar.support.Utils.waitForPageLoad(Utils.java:109)</small> </font> </div>
<div class="test-event"> <font color="maroon"> <small> &emsp; &emsp;--- 16 Oct 09:45:15 767 - Catched spinner load exception due to Expected condition failed: waiting for ICar.support.WaitUtils$4@714addf7 (tried for 8 second(s) with 500 milliseconds interval)</small> </font> </div>
<div class="test-event"> <font color="maroon"> <small> &emsp; &emsp;--- 16 Oct 09:45:15 767 - <b>8</b> - Spinner Load Wait: (Sync) - ICar.support.WaitUtils.waitForSpinner(WaitUtils.java:225)</small> </font> </div>
<div class="test-event"> <font color="maroon"> <small> &emsp; &emsp;--- 16 Oct 09:45:16 269 - Page URL:: https://i-car--staging.sandbox.lightning.force.com/one/one.app#eyjjb21wb25lbnrezwyioijmb3jjzvnlyxjjadpzzwfyy2hqywdlrgvza3rvccisimf0dhjpynv0zxmionsidgvybsi6ijiznjy5mzkilcjzy29wzu1hcci6eyj0exblijoive9qx1jfu1vmvfmilcjuyw1lc3bhy2uioiiilcjsywjlbci6ilrvccbszxn1bhrziiwibgfizwxqbhvyywwioijub3agumvzdwx0cyisinjlc3vsdhndbxaioijmb3jjzvnlyxjjadpwcmvkawn0zwrszxn1bhrzin0simnvbnrlehqionsirklmvevsuyi6e30sinnlyxjjafnvdxjjzsi6ikftu0ltvefovf9esufmt0cilcjkaxnhymxlsw50zw50uxvlcnkiomzhbhnllcjkaxnhymxlu3blbgxdb3jyzwn0aw9uijpmywxzzswic2vhcmnorglhbg9nu2vzc2lvbklkijoingjkntazmmyty2m4zc04ote3lwnlntgtmmrlymixodqwnzziiiwizgvidwdjbmzvijp7imfwce5hbwuioijjq2fyx1nlcnzpy2vfq29uc29szsisimfwcfr5cguioijdb25zb2xliiwiyxbwtmftzxnwywnlijoiyyisimxvy2f0aw9uijoizm9yy2u6b2jqzwn0sg9tzurlc2t0b3ailcjzb2jqzwn0vhlwzsi6ikfjy291bnqifx0simdyb3vwswqioijeruzbvuxuin0sinn0yxrlijp7fx0%3d</small> </font> </div>
<div class="test-event"> <font color="maroon"> <small> &emsp; &emsp;--- 16 Oct 09:45:16 269 - <b>0</b> - Page Load Wait: (Sync) - ICar.support.Utils.waitForPageLoad(Utils.java:109)</small> </font> </div>
<div class="test-event"> <font color="maroon"> <small> &emsp; &emsp;--- 16 Oct 09:45:18 385 - Element is displayed:: [[ChromeDriver: chrome on WINDOWS (c9c61d68a4fe9640cce65ddec52313a9)] -> xpath: //div[contains(@class,'forceSearchResultsRegion')]//div[contains(@class,'resultsMultiWrapper')]/div/div[1]//following::h2//a]</small> </font> </div>
<div class="test-event"> <font color="maroon"> <small> &emsp; &emsp;--- 16 Oct 09:45:18 601 - Element is displayed:: [[ChromeDriver: chrome on WINDOWS (c9c61d68a4fe9640cce65ddec52313a9)] -> xpath: //a[text()='Contacts']]</small> </font> </div>
<div class="test-event"> <font color="maroon"> <small> &emsp; &emsp;--- 16 Oct 09:45:22 573 - Element is displayed:: [[ChromeDriver: chrome on WINDOWS (c9c61d68a4fe9640cce65ddec52313a9)] -> xpath: //div[text()='Contacts']//following :: table//tbody//th//span /a]</small> </font> </div>
<div class="test-event"> <font color="maroon"> <small> &emsp; &emsp;--- 16 Oct 09:45:23 444 - Page URL:: https://i-car--staging.sandbox.lightning.force.com/one/one.app#eyjjb21wb25lbnrezwyioijmb3jjzvnlyxjjadpzzwfyy2hqywdlrgvza3rvccisimf0dhjpynv0zxmionsidgvybsi6ijiznjy5mzkilcjzy29wzu1hcci6eyj0exblijoive9qx1jfu1vmvfmilcjuyw1lc3bhy2uioiiilcjsywjlbci6ilrvccbszxn1bhrziiwibgfizwxqbhvyywwioijub3agumvzdwx0cyisinjlc3vsdhndbxaioijmb3jjzvnlyxjjadpwcmvkawn0zwrszxn1bhrzin0simnvbnrlehqionsirklmvevsuyi6e30sinnlyxjjafnvdxjjzsi6ikftu0ltvefovf9esufmt0cilcjkaxnhymxlsw50zw50uxvlcnkiomzhbhnllcjkaxnhymxlu3blbgxdb3jyzwn0aw9uijpmywxzzswic2vhcmnorglhbg9nu2vzc2lvbklkijoingjkntazmmyty2m4zc04ote3lwnlntgtmmrlymixodqwnzziiiwizgvidwdjbmzvijp7imfwce5hbwuioijjq2fyx1nlcnzpy2vfq29uc29szsisimfwcfr5cguioijdb25zb2xliiwiyxbwtmftzxnwywnlijoiyyisimxvy2f0aw9uijoizm9yy2u6b2jqzwn0sg9tzurlc2t0b3ailcjzb2jqzwn0vhlwzsi6ikfjy291bnqifx0simdyb3vwswqioijeruzbvuxuin0sinn0yxrlijp7fx0%3d</small> </font> </div>
<div class="test-event"> <font color="maroon"> <small> &emsp; &emsp;--- 16 Oct 09:45:23 444 - <b>0</b> - Page Load Wait: (Sync) - ICar.support.Utils.waitForPageLoad(Utils.java:109)</small> </font> </div>
<div class="test-event"> <font color="maroon"> <small> &emsp; &emsp;--- 16 Oct 09:45:31 974 - Catched spinner load exception due to Expected condition failed: waiting for ICar.support.WaitUtils$4@714addf7 (tried for 8 second(s) with 500 milliseconds interval)</small> </font> </div>
<div class="test-event"> <font color="maroon"> <small> &emsp; &emsp;--- 16 Oct 09:45:31 974 - <b>8</b> - Spinner Load Wait: (Sync) - ICar.support.WaitUtils.waitForSpinner(WaitUtils.java:225)</small> </font> </div>
<div class="test-event"> <font color="maroon"> <small> &emsp; &emsp;--- 16 Oct 09:45:32 349 - Page URL:: https://i-car--staging.sandbox.lightning.force.com/lightning/r/contact/0031i00000nugvlqau/view</small> </font> </div>
<div class="test-event"> <font color="maroon"> <small> &emsp; &emsp;--- 16 Oct 09:45:32 349 - <b>0</b> - Page Load Wait: (Sync) - ICar.support.Utils.waitForPageLoad(Utils.java:109)</small> </font> </div>
<div class="test-event"> <font color="maroon"> <small> &emsp; &emsp;--- 16 Oct 09:45:48 587 - Unable to find a element after 9 sec ==> Proxy element for: AjaxElementLocator 'By.xpath: //a[@name='TM_Account_Hierarchy']/span'</small> </font> </div>
<div class="test-event"> <font color="maroon"> <small> &emsp; &emsp;--- 16 Oct 09:45:48 678 - Element is displayed:: [[ChromeDriver: chrome on WINDOWS (c9c61d68a4fe9640cce65ddec52313a9)] -> xpath: //ul[@class='slds-button-group-list']/li[4]//button]</small> </font> </div>
<div class="test-event"> <font color="maroon"> <small> &emsp; &emsp;--- 16 Oct 09:45:49 181 - Page URL:: https://i-car--staging.sandbox.lightning.force.com/lightning/r/contact/0031i00000nugvlqau/view</small> </font> </div>
<div class="test-event"> <font color="maroon"> <small> &emsp; &emsp;--- 16 Oct 09:45:49 181 - <b>0</b> - Page Load Wait: (Sync) - ICar.support.Utils.waitForPageLoad(Utils.java:109)</small> </font> </div>
<div class="test-event"> <font color="maroon"> <small> &emsp; &emsp;--- 16 Oct 09:45:57 555 - Catched spinner load exception due to Expected condition failed: waiting for ICar.support.WaitUtils$4@714addf7 (tried for 8 second(s) with 500 milliseconds interval)</small> </font> </div>
<div class="test-event"> <font color="maroon"> <small> &emsp; &emsp;--- 16 Oct 09:45:57 555 - <b>8</b> - Spinner Load Wait: (Sync) - ICar.support.WaitUtils.waitForSpinner(WaitUtils.java:225)</small> </font> </div>
<div class="test-event"> <font color="maroon"> <small> &emsp; &emsp;--- 16 Oct 09:45:57 886 - Page URL:: https://i-car--staging.sandbox.lightning.force.com/lightning/r/contact/0031i00000nugvlqau/view</small> </font> </div>
<div class="test-event"> <font color="maroon"> <small> &emsp; &emsp;--- 16 Oct 09:45:57 887 - <b>0</b> - Page Load Wait: (Sync) - ICar.support.Utils.waitForPageLoad(Utils.java:109)</small> </font> </div>
<div class="test-event"> <font color="maroon"> <small> &emsp; &emsp;--- 16 Oct 09:46:14 296 - Unable to find a element after 10 sec ==> Proxy element for: AjaxElementLocator 'By.xpath: //a[@name='TM_Account_Hierarchy']/span'</small> </font> </div>
<div class="test-event"> <font color="maroon"> <small> &emsp; &emsp;--- 16 Oct 09:46:14 386 - Element is displayed:: [[ChromeDriver: chrome on WINDOWS (c9c61d68a4fe9640cce65ddec52313a9)] -> xpath: //*[text()='TM Dashboard']]</small> </font> </div>
<div class="test-event"> <font color="maroon"> <small> &emsp; &emsp;--- 16 Oct 09:46:14 905 - Page URL:: https://i-car--staging.sandbox.lightning.force.com/lightning/r/contact/0031i00000nugvlqau/view</small> </font> </div>
<div class="test-event"> <font color="maroon"> <small> &emsp; &emsp;--- 16 Oct 09:46:14 905 - <b>0</b> - Page Load Wait: (Sync) - ICar.support.Utils.waitForPageLoad(Utils.java:109)</small> </font> </div>
<div class="test-event"> <font color="maroon"> <small> &emsp; &emsp;--- 16 Oct 09:46:25 064 - Catched spinner load exception due to Expected condition failed: waiting for ICar.support.WaitUtils$4@714addf7 (tried for 10 second(s) with 500 milliseconds interval)</small> </font> </div>
<div class="test-event"> <font color="maroon"> <small> &emsp; &emsp;--- 16 Oct 09:46:25 064 - <b>10</b> - Spinner Load Wait: (Sync) - ICar.support.WaitUtils.waitForSpinner(WaitUtils.java:225)</small> </font> </div>
<div class="test-event"> <font color="maroon"> <small> &emsp; &emsp;--- 16 Oct 09:46:25 456 - Page URL:: https://i-car--staging.sandbox.lightning.force.com/one/one.app#eyjjb21wb25lbnrezwyioijvbmu6ywxvagfqywdliiwiyxr0cmlidxrlcyi6eyjhzgryzxnzijoiahr0chm6ly9plwnhci0tc3rhz2luzy0tyy5zyw5kym94lnzmlmzvcmnllmnvbs9hcgv4l0ldqvjfve1eyxnoym9hcmq%2fawq9mdazmukwmdawmg51r3zmuufvin0sinn0yxrlijp7indzijoil2xpz2h0bmluzy9yl0nvbnrhy3qvmdazmukwmdawmg51r3zmuufvl3zpzxcifx0%3d</small> </font> </div>
<div class="test-event"> <font color="maroon"> <small> &emsp; &emsp;--- 16 Oct 09:46:25 456 - <b>0</b> - Page Load Wait: (Sync) - ICar.support.Utils.waitForPageLoad(Utils.java:109)</small> </font> </div>
<div class="test-event"> <font color="maroon"> <small> &emsp; &emsp;--- 16 Oct 09:46:25 885 - Page URL:: https://i-car--staging.sandbox.lightning.force.com/one/one.app#eyjjb21wb25lbnrezwyioijvbmu6ywxvagfqywdliiwiyxr0cmlidxrlcyi6eyjhzgryzxnzijoiahr0chm6ly9plwnhci0tc3rhz2luzy0tyy5zyw5kym94lnzmlmzvcmnllmnvbs9hcgv4l0ldqvjfve1eyxnoym9hcmq%2fawq9mdazmukwmdawmg51r3zmuufvin0sinn0yxrlijp7indzijoil2xpz2h0bmluzy9yl0nvbnrhy3qvmdazmukwmdawmg51r3zmuufvl3zpzxcifx0%3d</small> </font> </div>
<div class="test-event"> <font color="maroon"> <small> &emsp; &emsp;--- 16 Oct 09:46:25 885 - <b>0</b> - Page Load Wait: (Sync) - ICar.support.Utils.waitForPageLoad(Utils.java:109)</small> </font> </div>
<div class="test-event"> <font color="maroon"> <small> &emsp; &emsp;--- 16 Oct 09:46:25 963 - Element is displayed:: [[ChromeDriver: chrome on WINDOWS (c9c61d68a4fe9640cce65ddec52313a9)] -> xpath: (//*[@class='slds-button slds-button_icon-border slds-button_icon-x-small'])[1]]</small> </font> </div>
<div class="test-event"> <font color="maroon"> <small> &emsp; &emsp;--- 16 Oct 09:46:26 022 - Element is displayed:: [[ChromeDriver: chrome on WINDOWS (c9c61d68a4fe9640cce65ddec52313a9)] -> xpath: (//*[@class='slds-button slds-button_icon-border slds-button_icon-x-small'])[1]]</small> </font> </div>
<div class="test-event"> <font color="maroon"> <small> &emsp; &emsp;--- 16 Oct 09:46:26 237 - Element is displayed:: [[ChromeDriver: chrome on WINDOWS (c9c61d68a4fe9640cce65ddec52313a9)] -> xpath: //div[@class='slds-dropdown slds-dropdown_left']//lightning-menu-item[4]//a]</small> </font> </div>
<div class="test-message">&emsp;Successfully verified  platinium download 'Gold class summary' Page&emsp;<a href=".\ScreenShot\ICar_BAM633_TC03_39553692207700.png" target="_blank" >[ScreenShot]</a></div>
<div class="test-event"> <font color="maroon"> <small> &emsp; &emsp;--- 16 Oct 09:46:26 533 - Element is displayed:: [[ChromeDriver: chrome on WINDOWS (c9c61d68a4fe9640cce65ddec52313a9)] -> xpath: (//*[@class='slds-button slds-button_icon-border slds-button_icon-x-small'])[1]]</small> </font> </div>
<div class="test-event"> <font color="maroon"> <small> &emsp; &emsp;--- 16 Oct 09:46:26 594 - Element is displayed:: [[ChromeDriver: chrome on WINDOWS (c9c61d68a4fe9640cce65ddec52313a9)] -> xpath: (//*[@class='slds-button slds-button_icon-border slds-button_icon-x-small'])[1]]</small> </font> </div>
<!--FAIL-->
<div class="test-result"><br><font color="red"><strong> File download unsuccessful </strong></font> </div>&emsp;
&emsp;<div class="test-title"> <strong><font size = "3" color = "#0000FF">---Test Execution Ends---</font> </strong> </div>&emsp;]]>
    </system-out>
  </testcase> <!-- ICar_BAM633_TC03 -->
  <testcase classname="BAM_Misc.BAMtestscripts" name="ICar_BAM633_TC02" time="199.812">
    <system-out>
      <![CDATA[<div class="test-event"> <font color="maroon"> <small> &emsp; &emsp;--- 16 Oct 09:39:42 436 - TestCaseID:: ICar_BAM633_TC02</small> </font> </div>
<div class="test-event"> <font color="maroon"> <small> &emsp; &emsp;--- 16 Oct 09:39:43 350 - <b>0</b> - Driver::initialize::Get - ICar.support.WebDriverFactory.getDriver(WebDriverFactory.java:640)</small> </font> </div>
&emsp;<div class="test-title"> <strong><font size = "3" color = "#000080">Navigate to ""Gold class summary"  page as admin user</font> </strong> </div>&emsp;<div><strong>Steps:</strong></div><!-- Report -->&emsp;
<div class="test-event"> <font color="maroon"> <small> &emsp; &emsp;--- 16 Oct 09:39:47 691 - Page URL:: https://i-car--staging.sandbox.my.salesforce.com/</small> </font> </div>
<div class="test-event"> <font color="maroon"> <small> &emsp; &emsp;--- 16 Oct 09:39:47 691 - <b>0</b> - Page Load Wait: (Sync) - ICar.support.Utils.waitForPageLoad(Utils.java:109)</small> </font> </div>
<div class="test-message">&emsp;Successfully navigated to 'Login' Page&emsp;<a href=".\ScreenShot\ICar_BAM633_TC02_39155129095700.png" target="_blank" >[ScreenShot]</a></div>
<div class="test-message">&emsp;1. Login page is launched.</div>
<div class="test-event"> <font color="maroon"> <small> &emsp; &emsp;--- 16 Oct 09:39:47 996 - Element is displayed:: [[ChromeDriver: chrome on WINDOWS (c3aa546da47aed03bea33bf79f24d818)] -> id: username]</small> </font> </div>
<div class="test-event"> <font color="maroon"> <small> &emsp; &emsp;--- 16 Oct 09:39:48 083 - Element is displayed:: [[ChromeDriver: chrome on WINDOWS (c3aa546da47aed03bea33bf79f24d818)] -> id: username]</small> </font> </div>
<div class="test-event"> <font color="maroon"> <small> &emsp; &emsp;--- 16 Oct 09:39:48 366 - Element is displayed:: [[ChromeDriver: chrome on WINDOWS (c3aa546da47aed03bea33bf79f24d818)] -> id: password]</small> </font> </div>
<div class="test-event"> <font color="maroon"> <small> &emsp; &emsp;--- 16 Oct 09:39:49 448 - Element is displayed:: [[ChromeDriver: chrome on WINDOWS (c3aa546da47aed03bea33bf79f24d818)] -> id: Login]</small> </font> </div>
<div class="test-event"> <font color="maroon"> <small> &emsp; &emsp;--- 16 Oct 09:40:17 250 - Catched spinner load exception due to Expected condition failed: waiting for ICar.support.WaitUtils$4@714addf7 (tried for 13 second(s) with 500 milliseconds interval)</small> </font> </div>
<div class="test-event"> <font color="maroon"> <small> &emsp; &emsp;--- 16 Oct 09:40:17 250 - <b>13</b> - Spinner Load Wait: (Sync) - ICar.support.WaitUtils.waitForSpinner(WaitUtils.java:225)</small> </font> </div>
<div class="test-event"> <font color="maroon"> <small> &emsp; &emsp;--- 16 Oct 09:40:35 404 - Catched spinner load exception due to Expected condition failed: waiting for ICar.support.WaitUtils$4@714addf7 (tried for 6 second(s) with 500 milliseconds interval)</small> </font> </div>
<div class="test-event"> <font color="maroon"> <small> &emsp; &emsp;--- 16 Oct 09:40:35 404 - <b>6</b> - Spinner Load Wait: (Sync) - ICar.support.WaitUtils.waitForSpinner(WaitUtils.java:225)</small> </font> </div>
<div class="test-event"> <font color="maroon"> <small> &emsp; &emsp;--- 16 Oct 09:40:35 486 - Element is displayed:: [[ChromeDriver: chrome on WINDOWS (c3aa546da47aed03bea33bf79f24d818)] -> css selector: button[class*='search-button']]</small> </font> </div>
<div class="test-message">&emsp;2. Navigate to 'SalesForce Page'</div>
<div class="test-event"> <font color="maroon"> <small> &emsp; &emsp;--- 16 Oct 09:40:36 055 - Page URL:: https://i-car--staging.sandbox.lightning.force.com/lightning/r/contact/0031i00000oeshzqaa/related/enrollment_contact__r/view?ws=%2flightning%2fr%2fcontact%2f0031i00000oeshzqaa%2fview</small> </font> </div>
<div class="test-event"> <font color="maroon"> <small> &emsp; &emsp;--- 16 Oct 09:40:36 055 - <b>0</b> - Page Load Wait: (Sync) - ICar.support.Utils.waitForPageLoad(Utils.java:109)</small> </font> </div>
<div class="test-event"> <font color="maroon"> <small> &emsp; &emsp;--- 16 Oct 09:40:41 884 - Page URL:: https://i-car--staging.sandbox.lightning.force.com/lightning/r/contact/0031i00000oeshzqaa/related/enrollment_contact__r/view?ws=%2flightning%2fr%2fcontact%2f0031i00000oeshzqaa%2fview</small> </font> </div>
<div class="test-event"> <font color="maroon"> <small> &emsp; &emsp;--- 16 Oct 09:40:41 884 - <b>0</b> - Page Load Wait: (Sync) - ICar.support.Utils.waitForPageLoad(Utils.java:109)</small> </font> </div>
<div class="test-message">&emsp;Close the tab</div>
<div class="test-message">&emsp;Successfully navigated to 'Login' Page&emsp;<a href=".\ScreenShot\ICar_BAM633_TC02_39214431115500.png" target="_blank" >[ScreenShot]</a></div>
<div class="test-event"> <font color="maroon"> <small> &emsp; &emsp;--- 16 Oct 09:40:47 711 - Page URL:: https://i-car--staging.sandbox.lightning.force.com/lightning/o/account/list?filtername=accounts</small> </font> </div>
<div class="test-event"> <font color="maroon"> <small> &emsp; &emsp;--- 16 Oct 09:40:47 711 - <b>0</b> - Page Load Wait: (Sync) - ICar.support.Utils.waitForPageLoad(Utils.java:109)</small> </font> </div>
<div class="test-event"> <font color="maroon"> <small> &emsp; &emsp;--- 16 Oct 09:40:53 046 - Page URL:: https://i-car--staging.sandbox.lightning.force.com/lightning/o/account/list?filtername=accounts</small> </font> </div>
<div class="test-event"> <font color="maroon"> <small> &emsp; &emsp;--- 16 Oct 09:40:53 046 - <b>0</b> - Page Load Wait: (Sync) - ICar.support.Utils.waitForPageLoad(Utils.java:109)</small> </font> </div>
<div class="test-message">&emsp;Close the tab</div>
<div class="test-event"> <font color="maroon"> <small> &emsp; &emsp;--- 16 Oct 09:40:58 470 - Page URL:: https://i-car--staging.sandbox.lightning.force.com/lightning/o/account/list?filtername=accounts</small> </font> </div>
<div class="test-event"> <font color="maroon"> <small> &emsp; &emsp;--- 16 Oct 09:40:58 470 - <b>0</b> - Page Load Wait: (Sync) - ICar.support.Utils.waitForPageLoad(Utils.java:109)</small> </font> </div>
<div class="test-event"> <font color="maroon"> <small> &emsp; &emsp;--- 16 Oct 09:40:58 511 - Element is displayed:: [[ChromeDriver: chrome on WINDOWS (c3aa546da47aed03bea33bf79f24d818)] -> css selector: button[class*='search-button']]</small> </font> </div>
<div class="test-event"> <font color="maroon"> <small> &emsp; &emsp;--- 16 Oct 09:41:00 586 - Catched spinner load exception due to Expected condition failed: waiting for ICar.support.WaitUtils$4@714addf7 (tried for 2 second(s) with 500 milliseconds interval)</small> </font> </div>
<div class="test-event"> <font color="maroon"> <small> &emsp; &emsp;--- 16 Oct 09:41:00 586 - <b>2</b> - Spinner Load Wait: (Sync) - ICar.support.WaitUtils.waitForSpinner(WaitUtils.java:225)</small> </font> </div>
<div class="test-event"> <font color="maroon"> <small> &emsp; &emsp;--- 16 Oct 09:41:03 686 - Element is displayed:: [[ChromeDriver: chrome on WINDOWS (c3aa546da47aed03bea33bf79f24d818)] -> css selector: button[class*='search-button']]</small> </font> </div>
<div class="test-event"> <font color="maroon"> <small> &emsp; &emsp;--- 16 Oct 09:41:04 303 - Page URL:: https://i-car--staging.sandbox.lightning.force.com/lightning/o/account/list?filtername=accounts</small> </font> </div>
<div class="test-event"> <font color="maroon"> <small> &emsp; &emsp;--- 16 Oct 09:41:04 303 - <b>0</b> - Page Load Wait: (Sync) - ICar.support.Utils.waitForPageLoad(Utils.java:109)</small> </font> </div>
<div class="test-event"> <font color="maroon"> <small> &emsp; &emsp;--- 16 Oct 09:41:23 776 - Catched spinner load exception due to Expected condition failed: waiting for ICar.support.WaitUtils$4@714addf7 (tried for 10 second(s) with 500 milliseconds interval)</small> </font> </div>
<div class="test-event"> <font color="maroon"> <small> &emsp; &emsp;--- 16 Oct 09:41:23 776 - <b>10</b> - Spinner Load Wait: (Sync) - ICar.support.WaitUtils.waitForSpinner(WaitUtils.java:225)</small> </font> </div>
<div class="test-event"> <font color="maroon"> <small> &emsp; &emsp;--- 16 Oct 09:41:24 330 - Page URL:: https://i-car--staging.sandbox.lightning.force.com/one/one.app#eyjjb21wb25lbnrezwyioijmb3jjzvnlyxjjadpzzwfyy2hqywdlrgvza3rvccisimf0dhjpynv0zxmionsidgvybsi6ijiznjy5mzkilcjzy29wzu1hcci6eyj0exblijoive9qx1jfu1vmvfmilcjuyw1lc3bhy2uioiiilcjsywjlbci6ilrvccbszxn1bhrziiwibgfizwxqbhvyywwioijub3agumvzdwx0cyisinjlc3vsdhndbxaioijmb3jjzvnlyxjjadpwcmvkawn0zwrszxn1bhrzin0simnvbnrlehqionsirklmvevsuyi6e30sinnlyxjjafnvdxjjzsi6ikftu0ltvefovf9esufmt0cilcjkaxnhymxlsw50zw50uxvlcnkiomzhbhnllcjkaxnhymxlu3blbgxdb3jyzwn0aw9uijpmywxzzswic2vhcmnorglhbg9nu2vzc2lvbklkijoiyzq0mjnlzdetogflnc01nzkwltnmmjqtodu3zdq1nzi5n2u2iiwizgvidwdjbmzvijp7imfwce5hbwuioijjq2fyx1nlcnzpy2vfq29uc29szsisimfwcfr5cguioijdb25zb2xliiwiyxbwtmftzxnwywnlijoiyyisimxvy2f0aw9uijoizm9yy2u6b2jqzwn0sg9tzurlc2t0b3ailcjzb2jqzwn0vhlwzsi6ikfjy291bnqifx0simdyb3vwswqioijeruzbvuxuin0sinn0yxrlijp7fx0%3d</small> </font> </div>
<div class="test-event"> <font color="maroon"> <small> &emsp; &emsp;--- 16 Oct 09:41:24 330 - <b>0</b> - Page Load Wait: (Sync) - ICar.support.Utils.waitForPageLoad(Utils.java:109)</small> </font> </div>
<div class="test-event"> <font color="maroon"> <small> &emsp; &emsp;--- 16 Oct 09:41:35 837 - Catched spinner load exception due to Expected condition failed: waiting for ICar.support.WaitUtils$4@714addf7 (tried for 11 second(s) with 500 milliseconds interval)</small> </font> </div>
<div class="test-event"> <font color="maroon"> <small> &emsp; &emsp;--- 16 Oct 09:41:35 837 - <b>11</b> - Spinner Load Wait: (Sync) - ICar.support.WaitUtils.waitForSpinner(WaitUtils.java:225)</small> </font> </div>
<div class="test-event"> <font color="maroon"> <small> &emsp; &emsp;--- 16 Oct 09:41:36 388 - Page URL:: https://i-car--staging.sandbox.lightning.force.com/one/one.app#eyjjb21wb25lbnrezwyioijmb3jjzvnlyxjjadpzzwfyy2hqywdlrgvza3rvccisimf0dhjpynv0zxmionsidgvybsi6ijiznjy5mzkilcjzy29wzu1hcci6eyj0exblijoive9qx1jfu1vmvfmilcjuyw1lc3bhy2uioiiilcjsywjlbci6ilrvccbszxn1bhrziiwibgfizwxqbhvyywwioijub3agumvzdwx0cyisinjlc3vsdhndbxaioijmb3jjzvnlyxjjadpwcmvkawn0zwrszxn1bhrzin0simnvbnrlehqionsirklmvevsuyi6e30sinnlyxjjafnvdxjjzsi6ikftu0ltvefovf9esufmt0cilcjkaxnhymxlsw50zw50uxvlcnkiomzhbhnllcjkaxnhymxlu3blbgxdb3jyzwn0aw9uijpmywxzzswic2vhcmnorglhbg9nu2vzc2lvbklkijoiyzq0mjnlzdetogflnc01nzkwltnmmjqtodu3zdq1nzi5n2u2iiwizgvidwdjbmzvijp7imfwce5hbwuioijjq2fyx1nlcnzpy2vfq29uc29szsisimfwcfr5cguioijdb25zb2xliiwiyxbwtmftzxnwywnlijoiyyisimxvy2f0aw9uijoizm9yy2u6b2jqzwn0sg9tzurlc2t0b3ailcjzb2jqzwn0vhlwzsi6ikfjy291bnqifx0simdyb3vwswqioijeruzbvuxuin0sinn0yxrlijp7fx0%3d</small> </font> </div>
<div class="test-event"> <font color="maroon"> <small> &emsp; &emsp;--- 16 Oct 09:41:36 388 - <b>0</b> - Page Load Wait: (Sync) - ICar.support.Utils.waitForPageLoad(Utils.java:109)</small> </font> </div>
<div class="test-event"> <font color="maroon"> <small> &emsp; &emsp;--- 16 Oct 09:41:36 446 - Element is displayed:: [[ChromeDriver: chrome on WINDOWS (c3aa546da47aed03bea33bf79f24d818)] -> xpath: //a[@title='Top Results']//span[text()='Top Results']]</small> </font> </div>
<div class="test-event"> <font color="maroon"> <small> &emsp; &emsp;--- 16 Oct 09:41:36 883 - Page URL:: https://i-car--staging.sandbox.lightning.force.com/one/one.app#eyjjb21wb25lbnrezwyioijmb3jjzvnlyxjjadpzzwfyy2hqywdlrgvza3rvccisimf0dhjpynv0zxmionsidgvybsi6ijiznjy5mzkilcjzy29wzu1hcci6eyj0exblijoive9qx1jfu1vmvfmilcjuyw1lc3bhy2uioiiilcjsywjlbci6ilrvccbszxn1bhrziiwibgfizwxqbhvyywwioijub3agumvzdwx0cyisinjlc3vsdhndbxaioijmb3jjzvnlyxjjadpwcmvkawn0zwrszxn1bhrzin0simnvbnrlehqionsirklmvevsuyi6e30sinnlyxjjafnvdxjjzsi6ikftu0ltvefovf9esufmt0cilcjkaxnhymxlsw50zw50uxvlcnkiomzhbhnllcjkaxnhymxlu3blbgxdb3jyzwn0aw9uijpmywxzzswic2vhcmnorglhbg9nu2vzc2lvbklkijoiyzq0mjnlzdetogflnc01nzkwltnmmjqtodu3zdq1nzi5n2u2iiwizgvidwdjbmzvijp7imfwce5hbwuioijjq2fyx1nlcnzpy2vfq29uc29szsisimfwcfr5cguioijdb25zb2xliiwiyxbwtmftzxnwywnlijoiyyisimxvy2f0aw9uijoizm9yy2u6b2jqzwn0sg9tzurlc2t0b3ailcjzb2jqzwn0vhlwzsi6ikfjy291bnqifx0simdyb3vwswqioijeruzbvuxuin0sinn0yxrlijp7fx0%3d</small> </font> </div>
<div class="test-event"> <font color="maroon"> <small> &emsp; &emsp;--- 16 Oct 09:41:36 883 - <b>0</b> - Page Load Wait: (Sync) - ICar.support.Utils.waitForPageLoad(Utils.java:109)</small> </font> </div>
<div class="test-event"> <font color="maroon"> <small> &emsp; &emsp;--- 16 Oct 09:41:42 104 - Catched spinner load exception due to Expected condition failed: waiting for ICar.support.WaitUtils$4@714addf7 (tried for 5 second(s) with 500 milliseconds interval)</small> </font> </div>
<div class="test-event"> <font color="maroon"> <small> &emsp; &emsp;--- 16 Oct 09:41:42 105 - <b>5</b> - Spinner Load Wait: (Sync) - ICar.support.WaitUtils.waitForSpinner(WaitUtils.java:225)</small> </font> </div>
<div class="test-event"> <font color="maroon"> <small> &emsp; &emsp;--- 16 Oct 09:41:42 621 - Page URL:: https://i-car--staging.sandbox.lightning.force.com/one/one.app#eyjjb21wb25lbnrezwyioijmb3jjzvnlyxjjadpzzwfyy2hqywdlrgvza3rvccisimf0dhjpynv0zxmionsidgvybsi6ijiznjy5mzkilcjzy29wzu1hcci6eyj0exblijoive9qx1jfu1vmvfmilcjuyw1lc3bhy2uioiiilcjsywjlbci6ilrvccbszxn1bhrziiwibgfizwxqbhvyywwioijub3agumvzdwx0cyisinjlc3vsdhndbxaioijmb3jjzvnlyxjjadpwcmvkawn0zwrszxn1bhrzin0simnvbnrlehqionsirklmvevsuyi6e30sinnlyxjjafnvdxjjzsi6ikftu0ltvefovf9esufmt0cilcjkaxnhymxlsw50zw50uxvlcnkiomzhbhnllcjkaxnhymxlu3blbgxdb3jyzwn0aw9uijpmywxzzswic2vhcmnorglhbg9nu2vzc2lvbklkijoiyzq0mjnlzdetogflnc01nzkwltnmmjqtodu3zdq1nzi5n2u2iiwizgvidwdjbmzvijp7imfwce5hbwuioijjq2fyx1nlcnzpy2vfq29uc29szsisimfwcfr5cguioijdb25zb2xliiwiyxbwtmftzxnwywnlijoiyyisimxvy2f0aw9uijoizm9yy2u6b2jqzwn0sg9tzurlc2t0b3ailcjzb2jqzwn0vhlwzsi6ikfjy291bnqifx0simdyb3vwswqioijeruzbvuxuin0sinn0yxrlijp7fx0%3d</small> </font> </div>
<div class="test-event"> <font color="maroon"> <small> &emsp; &emsp;--- 16 Oct 09:41:42 621 - <b>0</b> - Page Load Wait: (Sync) - ICar.support.Utils.waitForPageLoad(Utils.java:109)</small> </font> </div>
<div class="test-event"> <font color="maroon"> <small> &emsp; &emsp;--- 16 Oct 09:41:43 126 - Page URL:: https://i-car--staging.sandbox.lightning.force.com/one/one.app#eyjjb21wb25lbnrezwyioijmb3jjzvnlyxjjadpzzwfyy2hqywdlrgvza3rvccisimf0dhjpynv0zxmionsidgvybsi6ijiznjy5mzkilcjzy29wzu1hcci6eyj0exblijoive9qx1jfu1vmvfmilcjuyw1lc3bhy2uioiiilcjsywjlbci6ilrvccbszxn1bhrziiwibgfizwxqbhvyywwioijub3agumvzdwx0cyisinjlc3vsdhndbxaioijmb3jjzvnlyxjjadpwcmvkawn0zwrszxn1bhrzin0simnvbnrlehqionsirklmvevsuyi6e30sinnlyxjjafnvdxjjzsi6ikftu0ltvefovf9esufmt0cilcjkaxnhymxlsw50zw50uxvlcnkiomzhbhnllcjkaxnhymxlu3blbgxdb3jyzwn0aw9uijpmywxzzswic2vhcmnorglhbg9nu2vzc2lvbklkijoiyzq0mjnlzdetogflnc01nzkwltnmmjqtodu3zdq1nzi5n2u2iiwizgvidwdjbmzvijp7imfwce5hbwuioijjq2fyx1nlcnzpy2vfq29uc29szsisimfwcfr5cguioijdb25zb2xliiwiyxbwtmftzxnwywnlijoiyyisimxvy2f0aw9uijoizm9yy2u6b2jqzwn0sg9tzurlc2t0b3ailcjzb2jqzwn0vhlwzsi6ikfjy291bnqifx0simdyb3vwswqioijeruzbvuxuin0sinn0yxrlijp7fx0%3d</small> </font> </div>
<div class="test-event"> <font color="maroon"> <small> &emsp; &emsp;--- 16 Oct 09:41:43 126 - <b>0</b> - Page Load Wait: (Sync) - ICar.support.Utils.waitForPageLoad(Utils.java:109)</small> </font> </div>
<div class="test-event"> <font color="maroon"> <small> &emsp; &emsp;--- 16 Oct 09:41:43 681 - Page URL:: https://i-car--staging.sandbox.lightning.force.com/one/one.app#eyjjb21wb25lbnrezwyioijmb3jjzvnlyxjjadpzzwfyy2hqywdlrgvza3rvccisimf0dhjpynv0zxmionsidgvybsi6ijiznjy5mzkilcjzy29wzu1hcci6eyj0exblijoive9qx1jfu1vmvfmilcjuyw1lc3bhy2uioiiilcjsywjlbci6ilrvccbszxn1bhrziiwibgfizwxqbhvyywwioijub3agumvzdwx0cyisinjlc3vsdhndbxaioijmb3jjzvnlyxjjadpwcmvkawn0zwrszxn1bhrzin0simnvbnrlehqionsirklmvevsuyi6e30sinnlyxjjafnvdxjjzsi6ikftu0ltvefovf9esufmt0cilcjkaxnhymxlsw50zw50uxvlcnkiomzhbhnllcjkaxnhymxlu3blbgxdb3jyzwn0aw9uijpmywxzzswic2vhcmnorglhbg9nu2vzc2lvbklkijoiyzq0mjnlzdetogflnc01nzkwltnmmjqtodu3zdq1nzi5n2u2iiwizgvidwdjbmzvijp7imfwce5hbwuioijjq2fyx1nlcnzpy2vfq29uc29szsisimfwcfr5cguioijdb25zb2xliiwiyxbwtmftzxnwywnlijoiyyisimxvy2f0aw9uijoizm9yy2u6b2jqzwn0sg9tzurlc2t0b3ailcjzb2jqzwn0vhlwzsi6ikfjy291bnqifx0simdyb3vwswqioijeruzbvuxuin0sinn0yxrlijp7fx0%3d</small> </font> </div>
<div class="test-event"> <font color="maroon"> <small> &emsp; &emsp;--- 16 Oct 09:41:43 681 - <b>0</b> - Page Load Wait: (Sync) - ICar.support.Utils.waitForPageLoad(Utils.java:109)</small> </font> </div>
<div class="test-event"> <font color="maroon"> <small> &emsp; &emsp;--- 16 Oct 09:41:52 026 - Catched spinner load exception due to Expected condition failed: waiting for ICar.support.WaitUtils$4@714addf7 (tried for 8 second(s) with 500 milliseconds interval)</small> </font> </div>
<div class="test-event"> <font color="maroon"> <small> &emsp; &emsp;--- 16 Oct 09:41:52 026 - <b>8</b> - Spinner Load Wait: (Sync) - ICar.support.WaitUtils.waitForSpinner(WaitUtils.java:225)</small> </font> </div>
<div class="test-event"> <font color="maroon"> <small> &emsp; &emsp;--- 16 Oct 09:41:52 674 - Page URL:: https://i-car--staging.sandbox.lightning.force.com/one/one.app#eyjjb21wb25lbnrezwyioijmb3jjzvnlyxjjadpzzwfyy2hqywdlrgvza3rvccisimf0dhjpynv0zxmionsidgvybsi6ijiznjy5mzkilcjzy29wzu1hcci6eyj0exblijoive9qx1jfu1vmvfmilcjuyw1lc3bhy2uioiiilcjsywjlbci6ilrvccbszxn1bhrziiwibgfizwxqbhvyywwioijub3agumvzdwx0cyisinjlc3vsdhndbxaioijmb3jjzvnlyxjjadpwcmvkawn0zwrszxn1bhrzin0simnvbnrlehqionsirklmvevsuyi6e30sinnlyxjjafnvdxjjzsi6ikftu0ltvefovf9esufmt0cilcjkaxnhymxlsw50zw50uxvlcnkiomzhbhnllcjkaxnhymxlu3blbgxdb3jyzwn0aw9uijpmywxzzswic2vhcmnorglhbg9nu2vzc2lvbklkijoiyzq0mjnlzdetogflnc01nzkwltnmmjqtodu3zdq1nzi5n2u2iiwizgvidwdjbmzvijp7imfwce5hbwuioijjq2fyx1nlcnzpy2vfq29uc29szsisimfwcfr5cguioijdb25zb2xliiwiyxbwtmftzxnwywnlijoiyyisimxvy2f0aw9uijoizm9yy2u6b2jqzwn0sg9tzurlc2t0b3ailcjzb2jqzwn0vhlwzsi6ikfjy291bnqifx0simdyb3vwswqioijeruzbvuxuin0sinn0yxrlijp7fx0%3d</small> </font> </div>
<div class="test-event"> <font color="maroon"> <small> &emsp; &emsp;--- 16 Oct 09:41:52 674 - <b>0</b> - Page Load Wait: (Sync) - ICar.support.Utils.waitForPageLoad(Utils.java:109)</small> </font> </div>
<div class="test-event"> <font color="maroon"> <small> &emsp; &emsp;--- 16 Oct 09:41:54 821 - Element is displayed:: [[ChromeDriver: chrome on WINDOWS (c3aa546da47aed03bea33bf79f24d818)] -> xpath: //div[contains(@class,'forceSearchResultsRegion')]//div[contains(@class,'resultsMultiWrapper')]/div/div[1]//following::h2//a]</small> </font> </div>
<div class="test-event"> <font color="maroon"> <small> &emsp; &emsp;--- 16 Oct 09:41:55 096 - Element is displayed:: [[ChromeDriver: chrome on WINDOWS (c3aa546da47aed03bea33bf79f24d818)] -> xpath: //a[text()='Contacts']]</small> </font> </div>
<div class="test-event"> <font color="maroon"> <small> &emsp; &emsp;--- 16 Oct 09:41:59 182 - Element is displayed:: [[ChromeDriver: chrome on WINDOWS (c3aa546da47aed03bea33bf79f24d818)] -> xpath: //div[text()='Contacts']//following :: table//tbody//th//span /a]</small> </font> </div>
<div class="test-event"> <font color="maroon"> <small> &emsp; &emsp;--- 16 Oct 09:42:00 058 - Page URL:: https://i-car--staging.sandbox.lightning.force.com/one/one.app#eyjjb21wb25lbnrezwyioijmb3jjzvnlyxjjadpzzwfyy2hqywdlrgvza3rvccisimf0dhjpynv0zxmionsidgvybsi6ijiznjy5mzkilcjzy29wzu1hcci6eyj0exblijoive9qx1jfu1vmvfmilcjuyw1lc3bhy2uioiiilcjsywjlbci6ilrvccbszxn1bhrziiwibgfizwxqbhvyywwioijub3agumvzdwx0cyisinjlc3vsdhndbxaioijmb3jjzvnlyxjjadpwcmvkawn0zwrszxn1bhrzin0simnvbnrlehqionsirklmvevsuyi6e30sinnlyxjjafnvdxjjzsi6ikftu0ltvefovf9esufmt0cilcjkaxnhymxlsw50zw50uxvlcnkiomzhbhnllcjkaxnhymxlu3blbgxdb3jyzwn0aw9uijpmywxzzswic2vhcmnorglhbg9nu2vzc2lvbklkijoiyzq0mjnlzdetogflnc01nzkwltnmmjqtodu3zdq1nzi5n2u2iiwizgvidwdjbmzvijp7imfwce5hbwuioijjq2fyx1nlcnzpy2vfq29uc29szsisimfwcfr5cguioijdb25zb2xliiwiyxbwtmftzxnwywnlijoiyyisimxvy2f0aw9uijoizm9yy2u6b2jqzwn0sg9tzurlc2t0b3ailcjzb2jqzwn0vhlwzsi6ikfjy291bnqifx0simdyb3vwswqioijeruzbvuxuin0sinn0yxrlijp7fx0%3d</small> </font> </div>
<div class="test-event"> <font color="maroon"> <small> &emsp; &emsp;--- 16 Oct 09:42:00 059 - <b>0</b> - Page Load Wait: (Sync) - ICar.support.Utils.waitForPageLoad(Utils.java:109)</small> </font> </div>
<div class="test-event"> <font color="maroon"> <small> &emsp; &emsp;--- 16 Oct 09:42:08 071 - Catched spinner load exception due to Expected condition failed: waiting for ICar.support.WaitUtils$4@714addf7 (tried for 8 second(s) with 500 milliseconds interval)</small> </font> </div>
<div class="test-event"> <font color="maroon"> <small> &emsp; &emsp;--- 16 Oct 09:42:08 071 - <b>8</b> - Spinner Load Wait: (Sync) - ICar.support.WaitUtils.waitForSpinner(WaitUtils.java:225)</small> </font> </div>
<div class="test-event"> <font color="maroon"> <small> &emsp; &emsp;--- 16 Oct 09:42:08 468 - Page URL:: https://i-car--staging.sandbox.lightning.force.com/lightning/r/contact/0031i00000nugvlqau/view</small> </font> </div>
<div class="test-event"> <font color="maroon"> <small> &emsp; &emsp;--- 16 Oct 09:42:08 468 - <b>0</b> - Page Load Wait: (Sync) - ICar.support.Utils.waitForPageLoad(Utils.java:109)</small> </font> </div>
<div class="test-event"> <font color="maroon"> <small> &emsp; &emsp;--- 16 Oct 09:42:24 562 - Unable to find a element after 9 sec ==> Proxy element for: AjaxElementLocator 'By.xpath: //a[@name='TM_Account_Hierarchy']/span'</small> </font> </div>
<div class="test-event"> <font color="maroon"> <small> &emsp; &emsp;--- 16 Oct 09:42:24 663 - Element is displayed:: [[ChromeDriver: chrome on WINDOWS (c3aa546da47aed03bea33bf79f24d818)] -> xpath: //ul[@class='slds-button-group-list']/li[4]//button]</small> </font> </div>
<div class="test-event"> <font color="maroon"> <small> &emsp; &emsp;--- 16 Oct 09:42:25 257 - Page URL:: https://i-car--staging.sandbox.lightning.force.com/lightning/r/contact/0031i00000nugvlqau/view</small> </font> </div>
<div class="test-event"> <font color="maroon"> <small> &emsp; &emsp;--- 16 Oct 09:42:25 257 - <b>0</b> - Page Load Wait: (Sync) - ICar.support.Utils.waitForPageLoad(Utils.java:109)</small> </font> </div>
<div class="test-event"> <font color="maroon"> <small> &emsp; &emsp;--- 16 Oct 09:42:33 342 - Catched spinner load exception due to Expected condition failed: waiting for ICar.support.WaitUtils$4@714addf7 (tried for 8 second(s) with 500 milliseconds interval)</small> </font> </div>
<div class="test-event"> <font color="maroon"> <small> &emsp; &emsp;--- 16 Oct 09:42:33 342 - <b>8</b> - Spinner Load Wait: (Sync) - ICar.support.WaitUtils.waitForSpinner(WaitUtils.java:225)</small> </font> </div>
<div class="test-event"> <font color="maroon"> <small> &emsp; &emsp;--- 16 Oct 09:42:33 745 - Page URL:: https://i-car--staging.sandbox.lightning.force.com/lightning/r/contact/0031i00000nugvlqau/view</small> </font> </div>
<div class="test-event"> <font color="maroon"> <small> &emsp; &emsp;--- 16 Oct 09:42:33 746 - <b>0</b> - Page Load Wait: (Sync) - ICar.support.Utils.waitForPageLoad(Utils.java:109)</small> </font> </div>
<div class="test-event"> <font color="maroon"> <small> &emsp; &emsp;--- 16 Oct 09:42:50 086 - Unable to find a element after 10 sec ==> Proxy element for: AjaxElementLocator 'By.xpath: //a[@name='TM_Account_Hierarchy']/span'</small> </font> </div>
<div class="test-event"> <font color="maroon"> <small> &emsp; &emsp;--- 16 Oct 09:42:50 179 - Element is displayed:: [[ChromeDriver: chrome on WINDOWS (c3aa546da47aed03bea33bf79f24d818)] -> xpath: //*[text()='TM Dashboard']]</small> </font> </div>
<div class="test-event"> <font color="maroon"> <small> &emsp; &emsp;--- 16 Oct 09:42:50 866 - Page URL:: https://i-car--staging.sandbox.lightning.force.com/lightning/r/contact/0031i00000nugvlqau/view</small> </font> </div>
<div class="test-event"> <font color="maroon"> <small> &emsp; &emsp;--- 16 Oct 09:42:50 866 - <b>0</b> - Page Load Wait: (Sync) - ICar.support.Utils.waitForPageLoad(Utils.java:109)</small> </font> </div>
<div class="test-event"> <font color="maroon"> <small> &emsp; &emsp;--- 16 Oct 09:43:01 202 - Catched spinner load exception due to Expected condition failed: waiting for ICar.support.WaitUtils$4@714addf7 (tried for 10 second(s) with 500 milliseconds interval)</small> </font> </div>
<div class="test-event"> <font color="maroon"> <small> &emsp; &emsp;--- 16 Oct 09:43:01 202 - <b>10</b> - Spinner Load Wait: (Sync) - ICar.support.WaitUtils.waitForSpinner(WaitUtils.java:225)</small> </font> </div>
<div class="test-event"> <font color="maroon"> <small> &emsp; &emsp;--- 16 Oct 09:43:01 610 - Page URL:: https://i-car--staging.sandbox.lightning.force.com/one/one.app#eyjjb21wb25lbnrezwyioijvbmu6ywxvagfqywdliiwiyxr0cmlidxrlcyi6eyjhzgryzxnzijoiahr0chm6ly9plwnhci0tc3rhz2luzy0tyy5zyw5kym94lnzmlmzvcmnllmnvbs9hcgv4l0ldqvjfve1eyxnoym9hcmq%2fawq9mdazmukwmdawmg51r3zmuufvin0sinn0yxrlijp7indzijoil2xpz2h0bmluzy9yl0nvbnrhy3qvmdazmukwmdawmg51r3zmuufvl3zpzxcifx0%3d</small> </font> </div>
<div class="test-event"> <font color="maroon"> <small> &emsp; &emsp;--- 16 Oct 09:43:01 610 - <b>0</b> - Page Load Wait: (Sync) - ICar.support.Utils.waitForPageLoad(Utils.java:109)</small> </font> </div>
<div class="test-event"> <font color="maroon"> <small> &emsp; &emsp;--- 16 Oct 09:43:02 039 - Page URL:: https://i-car--staging.sandbox.lightning.force.com/one/one.app#eyjjb21wb25lbnrezwyioijvbmu6ywxvagfqywdliiwiyxr0cmlidxrlcyi6eyjhzgryzxnzijoiahr0chm6ly9plwnhci0tc3rhz2luzy0tyy5zyw5kym94lnzmlmzvcmnllmnvbs9hcgv4l0ldqvjfve1eyxnoym9hcmq%2fawq9mdazmukwmdawmg51r3zmuufvin0sinn0yxrlijp7indzijoil2xpz2h0bmluzy9yl0nvbnrhy3qvmdazmukwmdawmg51r3zmuufvl3zpzxcifx0%3d</small> </font> </div>
<div class="test-event"> <font color="maroon"> <small> &emsp; &emsp;--- 16 Oct 09:43:02 039 - <b>0</b> - Page Load Wait: (Sync) - ICar.support.Utils.waitForPageLoad(Utils.java:109)</small> </font> </div>
<div class="test-event"> <font color="maroon"> <small> &emsp; &emsp;--- 16 Oct 09:43:02 159 - Element is displayed:: [[ChromeDriver: chrome on WINDOWS (c3aa546da47aed03bea33bf79f24d818)] -> xpath: (//*[@class='slds-button slds-button_icon-border slds-button_icon-x-small'])[1]]</small> </font> </div>
<div class="test-event"> <font color="maroon"> <small> &emsp; &emsp;--- 16 Oct 09:43:02 239 - Element is displayed:: [[ChromeDriver: chrome on WINDOWS (c3aa546da47aed03bea33bf79f24d818)] -> xpath: (//*[@class='slds-button slds-button_icon-border slds-button_icon-x-small'])[1]]</small> </font> </div>
<div class="test-event"> <font color="maroon"> <small> &emsp; &emsp;--- 16 Oct 09:43:02 462 - Element is displayed:: [[ChromeDriver: chrome on WINDOWS (c3aa546da47aed03bea33bf79f24d818)] -> xpath: //div[@class='slds-dropdown slds-dropdown_left']//lightning-menu-item[4]//a]</small> </font> </div>
<div class="test-message">&emsp;Successfully verified  platinium download 'Gold class summary' Page&emsp;<a href=".\ScreenShot\ICar_BAM633_TC02_39349920002800.png" target="_blank" >[ScreenShot]</a></div>
<div class="test-result"><br><font color="green"><strong> Test Passed. </strong></font> </div>&emsp;
&emsp;<div class="test-title"> <strong><font size = "3" color = "#0000FF">---Test Execution Ends---</font> </strong> </div>&emsp;]]>
    </system-out>
  </testcase> <!-- ICar_BAM633_TC02 -->
  <testcase classname="BAM_Misc.BAMtestscripts" name="ICar_BAM642_TC01" time="339.776">
    <error message="no such element: Unable to locate element: {&quot;method&quot;:&quot;xpath&quot;,&quot;selector&quot;:&quot;//span[2][text()=&#039;Gold Class&#039;]&quot;}
  (Session info: chrome=129.0.6668.101)
For documentation on this error, please visit: https://selenium.dev/exceptions/#no_such_element
Build info: version: &#039;4.6.0&#039;, revision: &#039;79f1c02ae20&#039;
System info: os.name: &#039;Windows 10&#039;, os.arch: &#039;amd64&#039;, os.version: &#039;10.0&#039;, java.version: &#039;16.0.2&#039;
Driver info: org.openqa.selenium.chrome.ChromeDriver
Command: [64539e12222105777fcf2998e306a8ce, findElement {using=xpath, value=//span[2][text()=&#039;Gold Class&#039;]}]
Capabilities {acceptInsecureCerts: false, browserName: chrome, browserVersion: 129.0.6668.101, chrome: {chromedriverVersion: 129.0.6668.58 (81a06fb873a9..., userDataDir: C:\Users\PRATHA~1.KUM\AppDa...}, fedcm:accounts: true, goog:chromeOptions: {debuggerAddress: localhost:54274}, networkConnectionEnabled: false, pageLoadStrategy: normal, platformName: WINDOWS, proxy: Proxy(), se:cdp: ws://localhost:54274/devtoo..., se:cdpVersion: 129.0.6668.101, setWindowRect: true, strictFileInteractability: false, timeouts: {implicit: 0, pageLoad: 300000, script: 30000}, unhandledPromptBehavior: dismiss and notify, webauthn:extension:credBlob: true, webauthn:extension:largeBlob: true, webauthn:extension:minPinLength: true, webauthn:extension:prf: true, webauthn:virtualAuthenticators: true}
Session ID: 64539e12222105777fcf2998e306a8ce" type="org.openqa.selenium.NoSuchElementException">
      <![CDATA[org.openqa.selenium.NoSuchElementException: no such element: Unable to locate element: {"method":"xpath","selector":"//span[2][text()='Gold Class']"}
  (Session info: chrome=129.0.6668.101)
For documentation on this error, please visit: https://selenium.dev/exceptions/#no_such_element
Build info: version: '4.6.0', revision: '79f1c02ae20'
System info: os.name: 'Windows 10', os.arch: 'amd64', os.version: '10.0', java.version: '16.0.2'
Driver info: org.openqa.selenium.chrome.ChromeDriver
Command: [64539e12222105777fcf2998e306a8ce, findElement {using=xpath, value=//span[2][text()='Gold Class']}]
Capabilities {acceptInsecureCerts: false, browserName: chrome, browserVersion: 129.0.6668.101, chrome: {chromedriverVersion: 129.0.6668.58 (81a06fb873a9..., userDataDir: C:\Users\PRATHA~1.KUM\AppDa...}, fedcm:accounts: true, goog:chromeOptions: {debuggerAddress: localhost:54274}, networkConnectionEnabled: false, pageLoadStrategy: normal, platformName: WINDOWS, proxy: Proxy(), se:cdp: ws://localhost:54274/devtoo..., se:cdpVersion: 129.0.6668.101, setWindowRect: true, strictFileInteractability: false, timeouts: {implicit: 0, pageLoad: 300000, script: 30000}, unhandledPromptBehavior: dismiss and notify, webauthn:extension:credBlob: true, webauthn:extension:largeBlob: true, webauthn:extension:minPinLength: true, webauthn:extension:prf: true, webauthn:virtualAuthenticators: true}
Session ID: 64539e12222105777fcf2998e306a8ce
at jdk.internal.reflect.GeneratedConstructorAccessor29.newInstance(Unknown Source)
at java.base/jdk.internal.reflect.DelegatingConstructorAccessorImpl.newInstance(DelegatingConstructorAccessorImpl.java:45)
at java.base/java.lang.reflect.Constructor.newInstanceWithCaller(Constructor.java:499)
at java.base/java.lang.reflect.Constructor.newInstance(Constructor.java:480)
at org.openqa.selenium.remote.codec.w3c.W3CHttpResponseCodec.createException(W3CHttpResponseCodec.java:200)
at org.openqa.selenium.remote.codec.w3c.W3CHttpResponseCodec.decode(W3CHttpResponseCodec.java:133)
at org.openqa.selenium.remote.codec.w3c.W3CHttpResponseCodec.decode(W3CHttpResponseCodec.java:53)
at org.openqa.selenium.remote.HttpCommandExecutor.execute(HttpCommandExecutor.java:193)
at org.openqa.selenium.remote.service.DriverCommandExecutor.invokeExecute(DriverCommandExecutor.java:183)
at org.openqa.selenium.remote.service.DriverCommandExecutor.execute(DriverCommandExecutor.java:158)
at org.openqa.selenium.remote.RemoteWebDriver.execute(RemoteWebDriver.java:543)
at org.openqa.selenium.remote.ElementLocation$ElementFinder$2.findElement(ElementLocation.java:162)
at org.openqa.selenium.remote.ElementLocation.findElement(ElementLocation.java:60)
at org.openqa.selenium.remote.RemoteWebDriver.findElement(RemoteWebDriver.java:352)
at org.openqa.selenium.remote.RemoteWebDriver.findElement(RemoteWebDriver.java:344)
at ICar.Pages.SalesForcePages.changeGoldClassCheckBox(SalesForcePages.java:9300)
at BAM_Misc.BAMtestscripts.ICar_BAM642_TC01(BAMtestscripts.java:119)
at java.base/jdk.internal.reflect.NativeMethodAccessorImpl.invoke0(Native Method)
at java.base/jdk.internal.reflect.NativeMethodAccessorImpl.invoke(NativeMethodAccessorImpl.java:78)
at java.base/jdk.internal.reflect.DelegatingMethodAccessorImpl.invoke(DelegatingMethodAccessorImpl.java:43)
at java.base/java.lang.reflect.Method.invoke(Method.java:567)
at org.testng.internal.invokers.MethodInvocationHelper.invokeMethod(MethodInvocationHelper.java:139)
at org.testng.internal.invokers.TestInvoker.invokeMethod(TestInvoker.java:664)
at org.testng.internal.invokers.TestInvoker.invokeTestMethod(TestInvoker.java:227)
at org.testng.internal.invokers.TestMethodWithDataProviderMethodWorker.call(TestMethodWithDataProviderMethodWorker.java:80)
at org.testng.internal.invokers.TestMethodWithDataProviderMethodWorker.call(TestMethodWithDataProviderMethodWorker.java:17)
at java.base/java.util.concurrent.FutureTask.run(FutureTask.java:264)
at java.base/java.util.concurrent.Executors$RunnableAdapter.call(Executors.java:515)
at java.base/java.util.concurrent.FutureTask.run(FutureTask.java:264)
at java.base/java.util.concurrent.ThreadPoolExecutor.runWorker(ThreadPoolExecutor.java:1130)
at java.base/java.util.concurrent.ThreadPoolExecutor$Worker.run(ThreadPoolExecutor.java:630)
at java.base/java.lang.Thread.run(Thread.java:831)
]]>
    </error>
    <system-out>
      <![CDATA[<div class="test-event"> <font color="maroon"> <small> &emsp; &emsp;--- 16 Oct 10:07:03 948 - TestCaseID:: ICar_BAM642_TC01</small> </font> </div>
<div class="test-event"> <font color="maroon"> <small> &emsp; &emsp;--- 16 Oct 10:07:04 970 - <b>1</b> - Driver::initialize::Get - ICar.support.WebDriverFactory.getDriver(WebDriverFactory.java:640)</small> </font> </div>
&emsp;<div class="test-title"> <strong><font size = "3" color = "#000080">Navigate to GC report which has required pro level progress data</font> </strong> </div>&emsp;<div><strong>Steps:</strong></div><!-- Report -->&emsp;
<div class="test-event"> <font color="maroon"> <small> &emsp; &emsp;--- 16 Oct 10:07:10 729 - Page URL:: https://i-car--staging.sandbox.my.salesforce.com/</small> </font> </div>
<div class="test-event"> <font color="maroon"> <small> &emsp; &emsp;--- 16 Oct 10:07:10 729 - <b>3</b> - Page Load Wait: (Sync) - ICar.support.Utils.waitForPageLoad(Utils.java:109)</small> </font> </div>
<div class="test-message">&emsp;Successfully navigated to 'Login' Page</div>
<div class="test-message">&emsp;1. Login page is launched.</div>
<div class="test-event"> <font color="maroon"> <small> &emsp; &emsp;--- 16 Oct 10:07:10 783 - Element is displayed:: [[ChromeDriver: chrome on WINDOWS (64539e12222105777fcf2998e306a8ce)] -> id: username]</small> </font> </div>
<div class="test-event"> <font color="maroon"> <small> &emsp; &emsp;--- 16 Oct 10:07:10 859 - Element is displayed:: [[ChromeDriver: chrome on WINDOWS (64539e12222105777fcf2998e306a8ce)] -> id: username]</small> </font> </div>
<div class="test-event"> <font color="maroon"> <small> &emsp; &emsp;--- 16 Oct 10:07:11 148 - Element is displayed:: [[ChromeDriver: chrome on WINDOWS (64539e12222105777fcf2998e306a8ce)] -> id: password]</small> </font> </div>
<div class="test-event"> <font color="maroon"> <small> &emsp; &emsp;--- 16 Oct 10:07:11 389 - Element is displayed:: [[ChromeDriver: chrome on WINDOWS (64539e12222105777fcf2998e306a8ce)] -> id: Login]</small> </font> </div>
<div class="test-event"> <font color="maroon"> <small> &emsp; &emsp;--- 16 Oct 10:07:36 927 - Catched spinner load exception due to Expected condition failed: waiting for ICar.support.WaitUtils$4@714addf7 (tried for 13 second(s) with 500 milliseconds interval)</small> </font> </div>
<div class="test-event"> <font color="maroon"> <small> &emsp; &emsp;--- 16 Oct 10:07:36 927 - <b>13</b> - Spinner Load Wait: (Sync) - ICar.support.WaitUtils.waitForSpinner(WaitUtils.java:225)</small> </font> </div>
<div class="test-event"> <font color="maroon"> <small> &emsp; &emsp;--- 16 Oct 10:07:57 080 - Catched spinner load exception due to Expected condition failed: waiting for ICar.support.WaitUtils$4@714addf7 (tried for 6 second(s) with 500 milliseconds interval)</small> </font> </div>
<div class="test-event"> <font color="maroon"> <small> &emsp; &emsp;--- 16 Oct 10:07:57 080 - <b>6</b> - Spinner Load Wait: (Sync) - ICar.support.WaitUtils.waitForSpinner(WaitUtils.java:225)</small> </font> </div>
<div class="test-event"> <font color="maroon"> <small> &emsp; &emsp;--- 16 Oct 10:07:57 163 - Element is displayed:: [[ChromeDriver: chrome on WINDOWS (64539e12222105777fcf2998e306a8ce)] -> css selector: button[class*='search-button']]</small> </font> </div>
<div class="test-message">&emsp;2. Navigate to 'SalesForce Page'</div>
<div class="test-event"> <font color="maroon"> <small> &emsp; &emsp;--- 16 Oct 10:07:58 660 - Page URL:: https://i-car--staging.sandbox.lightning.force.com/lightning/r/contact/0031i00000oesm8qai/related/enrollment_contact__r/view?ws=%2flightning%2fr%2faccount%2f0018w00002rvyruqaz%2fview</small> </font> </div>
<div class="test-event"> <font color="maroon"> <small> &emsp; &emsp;--- 16 Oct 10:07:58 660 - <b>1</b> - Page Load Wait: (Sync) - ICar.support.Utils.waitForPageLoad(Utils.java:109)</small> </font> </div>
<div class="test-event"> <font color="maroon"> <small> &emsp; &emsp;--- 16 Oct 10:08:05 209 - Page URL:: https://i-car--staging.sandbox.lightning.force.com/lightning/r/contact/0031i00000oesm8qai/related/enrollment_contact__r/view?ws=%2flightning%2fr%2faccount%2f0018w00002rvyruqaz%2fview</small> </font> </div>
<div class="test-event"> <font color="maroon"> <small> &emsp; &emsp;--- 16 Oct 10:08:05 209 - <b>1</b> - Page Load Wait: (Sync) - ICar.support.Utils.waitForPageLoad(Utils.java:109)</small> </font> </div>
<div class="test-message">&emsp;Close the tab</div>
<div class="test-message">&emsp;Successfully navigated to 'Login' Page</div>
<div class="test-message">&emsp;3. Enter the user credentials as : icaradminautomation3@i-car.com.staging</div>
<div class="test-message">&emsp;4. Enter the Icar id as : 2969674</div>
<div class="test-event"> <font color="maroon"> <small> &emsp; &emsp;--- 16 Oct 10:08:10 805 - Page URL:: https://i-car--staging.sandbox.lightning.force.com/lightning/o/account/list?filtername=accounts</small> </font> </div>
<div class="test-event"> <font color="maroon"> <small> &emsp; &emsp;--- 16 Oct 10:08:10 805 - <b>0</b> - Page Load Wait: (Sync) - ICar.support.Utils.waitForPageLoad(Utils.java:109)</small> </font> </div>
<div class="test-event"> <font color="maroon"> <small> &emsp; &emsp;--- 16 Oct 10:08:16 205 - Page URL:: https://i-car--staging.sandbox.lightning.force.com/lightning/o/account/list?filtername=accounts</small> </font> </div>
<div class="test-event"> <font color="maroon"> <small> &emsp; &emsp;--- 16 Oct 10:08:16 205 - <b>0</b> - Page Load Wait: (Sync) - ICar.support.Utils.waitForPageLoad(Utils.java:109)</small> </font> </div>
<div class="test-message">&emsp;Close the tab</div>
<div class="test-event"> <font color="maroon"> <small> &emsp; &emsp;--- 16 Oct 10:08:21 856 - Page URL:: https://i-car--staging.sandbox.lightning.force.com/lightning/o/account/list?filtername=accounts</small> </font> </div>
<div class="test-event"> <font color="maroon"> <small> &emsp; &emsp;--- 16 Oct 10:08:21 856 - <b>0</b> - Page Load Wait: (Sync) - ICar.support.Utils.waitForPageLoad(Utils.java:109)</small> </font> </div>
<div class="test-event"> <font color="maroon"> <small> &emsp; &emsp;--- 16 Oct 10:08:21 898 - Element is displayed:: [[ChromeDriver: chrome on WINDOWS (64539e12222105777fcf2998e306a8ce)] -> css selector: button[class*='search-button']]</small> </font> </div>
<div class="test-event"> <font color="maroon"> <small> &emsp; &emsp;--- 16 Oct 10:08:23 966 - Catched spinner load exception due to Expected condition failed: waiting for ICar.support.WaitUtils$4@714addf7 (tried for 2 second(s) with 500 milliseconds interval)</small> </font> </div>
<div class="test-event"> <font color="maroon"> <small> &emsp; &emsp;--- 16 Oct 10:08:23 966 - <b>2</b> - Spinner Load Wait: (Sync) - ICar.support.WaitUtils.waitForSpinner(WaitUtils.java:225)</small> </font> </div>
<div class="test-event"> <font color="maroon"> <small> &emsp; &emsp;--- 16 Oct 10:08:27 048 - Element is displayed:: [[ChromeDriver: chrome on WINDOWS (64539e12222105777fcf2998e306a8ce)] -> css selector: button[class*='search-button']]</small> </font> </div>
<div class="test-event"> <font color="maroon"> <small> &emsp; &emsp;--- 16 Oct 10:08:27 672 - Page URL:: https://i-car--staging.sandbox.lightning.force.com/lightning/o/account/list?filtername=accounts</small> </font> </div>
<div class="test-event"> <font color="maroon"> <small> &emsp; &emsp;--- 16 Oct 10:08:27 672 - <b>0</b> - Page Load Wait: (Sync) - ICar.support.Utils.waitForPageLoad(Utils.java:109)</small> </font> </div>
<div class="test-event"> <font color="maroon"> <small> &emsp; &emsp;--- 16 Oct 10:08:47 298 - Catched spinner load exception due to Expected condition failed: waiting for ICar.support.WaitUtils$4@714addf7 (tried for 10 second(s) with 500 milliseconds interval)</small> </font> </div>
<div class="test-event"> <font color="maroon"> <small> &emsp; &emsp;--- 16 Oct 10:08:47 298 - <b>10</b> - Spinner Load Wait: (Sync) - ICar.support.WaitUtils.waitForSpinner(WaitUtils.java:225)</small> </font> </div>
<div class="test-event"> <font color="maroon"> <small> &emsp; &emsp;--- 16 Oct 10:08:47 853 - Page URL:: https://i-car--staging.sandbox.lightning.force.com/one/one.app#eyjjb21wb25lbnrezwyioijmb3jjzvnlyxjjadpzzwfyy2hqywdlrgvza3rvccisimf0dhjpynv0zxmionsidgvybsi6ijiynzyynzeilcjzy29wzu1hcci6eyj0exblijoive9qx1jfu1vmvfmilcjuyw1lc3bhy2uioiiilcjsywjlbci6ilrvccbszxn1bhrziiwibgfizwxqbhvyywwioijub3agumvzdwx0cyisinjlc3vsdhndbxaioijmb3jjzvnlyxjjadpwcmvkawn0zwrszxn1bhrzin0simnvbnrlehqionsirklmvevsuyi6e30sinnlyxjjafnvdxjjzsi6ikftu0ltvefovf9esufmt0cilcjkaxnhymxlsw50zw50uxvlcnkiomzhbhnllcjkaxnhymxlu3blbgxdb3jyzwn0aw9uijpmywxzzswic2vhcmnorglhbg9nu2vzc2lvbklkijoinze1mwyxmmmtmmu5ns0zytdhlwrimjutywuzzda1ztzmmtgziiwizgvidwdjbmzvijp7imfwce5hbwuioijjq2fyx1nlcnzpy2vfq29uc29szsisimfwcfr5cguioijdb25zb2xliiwiyxbwtmftzxnwywnlijoiyyisimxvy2f0aw9uijoizm9yy2u6b2jqzwn0sg9tzurlc2t0b3ailcjzb2jqzwn0vhlwzsi6ikfjy291bnqifx0simdyb3vwswqioijeruzbvuxuin0sinn0yxrlijp7fx0%3d</small> </font> </div>
<div class="test-event"> <font color="maroon"> <small> &emsp; &emsp;--- 16 Oct 10:08:47 853 - <b>0</b> - Page Load Wait: (Sync) - ICar.support.Utils.waitForPageLoad(Utils.java:109)</small> </font> </div>
<div class="test-event"> <font color="maroon"> <small> &emsp; &emsp;--- 16 Oct 10:08:59 326 - Catched spinner load exception due to Expected condition failed: waiting for ICar.support.WaitUtils$4@714addf7 (tried for 11 second(s) with 500 milliseconds interval)</small> </font> </div>
<div class="test-event"> <font color="maroon"> <small> &emsp; &emsp;--- 16 Oct 10:08:59 326 - <b>11</b> - Spinner Load Wait: (Sync) - ICar.support.WaitUtils.waitForSpinner(WaitUtils.java:225)</small> </font> </div>
<div class="test-event"> <font color="maroon"> <small> &emsp; &emsp;--- 16 Oct 10:08:59 860 - Page URL:: https://i-car--staging.sandbox.lightning.force.com/one/one.app#eyjjb21wb25lbnrezwyioijmb3jjzvnlyxjjadpzzwfyy2hqywdlrgvza3rvccisimf0dhjpynv0zxmionsidgvybsi6ijiynzyynzeilcjzy29wzu1hcci6eyj0exblijoive9qx1jfu1vmvfmilcjuyw1lc3bhy2uioiiilcjsywjlbci6ilrvccbszxn1bhrziiwibgfizwxqbhvyywwioijub3agumvzdwx0cyisinjlc3vsdhndbxaioijmb3jjzvnlyxjjadpwcmvkawn0zwrszxn1bhrzin0simnvbnrlehqionsirklmvevsuyi6e30sinnlyxjjafnvdxjjzsi6ikftu0ltvefovf9esufmt0cilcjkaxnhymxlsw50zw50uxvlcnkiomzhbhnllcjkaxnhymxlu3blbgxdb3jyzwn0aw9uijpmywxzzswic2vhcmnorglhbg9nu2vzc2lvbklkijoinze1mwyxmmmtmmu5ns0zytdhlwrimjutywuzzda1ztzmmtgziiwizgvidwdjbmzvijp7imfwce5hbwuioijjq2fyx1nlcnzpy2vfq29uc29szsisimfwcfr5cguioijdb25zb2xliiwiyxbwtmftzxnwywnlijoiyyisimxvy2f0aw9uijoizm9yy2u6b2jqzwn0sg9tzurlc2t0b3ailcjzb2jqzwn0vhlwzsi6ikfjy291bnqifx0simdyb3vwswqioijeruzbvuxuin0sinn0yxrlijp7fx0%3d</small> </font> </div>
<div class="test-event"> <font color="maroon"> <small> &emsp; &emsp;--- 16 Oct 10:08:59 860 - <b>0</b> - Page Load Wait: (Sync) - ICar.support.Utils.waitForPageLoad(Utils.java:109)</small> </font> </div>
<div class="test-event"> <font color="maroon"> <small> &emsp; &emsp;--- 16 Oct 10:08:59 917 - Element is displayed:: [[ChromeDriver: chrome on WINDOWS (64539e12222105777fcf2998e306a8ce)] -> xpath: //a[@title='Top Results']//span[text()='Top Results']]</small> </font> </div>
<div class="test-event"> <font color="maroon"> <small> &emsp; &emsp;--- 16 Oct 10:09:00 316 - Page URL:: https://i-car--staging.sandbox.lightning.force.com/one/one.app#eyjjb21wb25lbnrezwyioijmb3jjzvnlyxjjadpzzwfyy2hqywdlrgvza3rvccisimf0dhjpynv0zxmionsidgvybsi6ijiynzyynzeilcjzy29wzu1hcci6eyj0exblijoive9qx1jfu1vmvfmilcjuyw1lc3bhy2uioiiilcjsywjlbci6ilrvccbszxn1bhrziiwibgfizwxqbhvyywwioijub3agumvzdwx0cyisinjlc3vsdhndbxaioijmb3jjzvnlyxjjadpwcmvkawn0zwrszxn1bhrzin0simnvbnrlehqionsirklmvevsuyi6e30sinnlyxjjafnvdxjjzsi6ikftu0ltvefovf9esufmt0cilcjkaxnhymxlsw50zw50uxvlcnkiomzhbhnllcjkaxnhymxlu3blbgxdb3jyzwn0aw9uijpmywxzzswic2vhcmnorglhbg9nu2vzc2lvbklkijoinze1mwyxmmmtmmu5ns0zytdhlwrimjutywuzzda1ztzmmtgziiwizgvidwdjbmzvijp7imfwce5hbwuioijjq2fyx1nlcnzpy2vfq29uc29szsisimfwcfr5cguioijdb25zb2xliiwiyxbwtmftzxnwywnlijoiyyisimxvy2f0aw9uijoizm9yy2u6b2jqzwn0sg9tzurlc2t0b3ailcjzb2jqzwn0vhlwzsi6ikfjy291bnqifx0simdyb3vwswqioijeruzbvuxuin0sinn0yxrlijp7fx0%3d</small> </font> </div>
<div class="test-event"> <font color="maroon"> <small> &emsp; &emsp;--- 16 Oct 10:09:00 316 - <b>0</b> - Page Load Wait: (Sync) - ICar.support.Utils.waitForPageLoad(Utils.java:109)</small> </font> </div>
<div class="test-event"> <font color="maroon"> <small> &emsp; &emsp;--- 16 Oct 10:09:05 319 - Catched spinner load exception due to Expected condition failed: waiting for ICar.support.WaitUtils$4@714addf7 (tried for 5 second(s) with 500 milliseconds interval)</small> </font> </div>
<div class="test-event"> <font color="maroon"> <small> &emsp; &emsp;--- 16 Oct 10:09:05 319 - <b>5</b> - Spinner Load Wait: (Sync) - ICar.support.WaitUtils.waitForSpinner(WaitUtils.java:225)</small> </font> </div>
<div class="test-event"> <font color="maroon"> <small> &emsp; &emsp;--- 16 Oct 10:09:05 825 - Page URL:: https://i-car--staging.sandbox.lightning.force.com/one/one.app#eyjjb21wb25lbnrezwyioijmb3jjzvnlyxjjadpzzwfyy2hqywdlrgvza3rvccisimf0dhjpynv0zxmionsidgvybsi6ijiynzyynzeilcjzy29wzu1hcci6eyj0exblijoive9qx1jfu1vmvfmilcjuyw1lc3bhy2uioiiilcjsywjlbci6ilrvccbszxn1bhrziiwibgfizwxqbhvyywwioijub3agumvzdwx0cyisinjlc3vsdhndbxaioijmb3jjzvnlyxjjadpwcmvkawn0zwrszxn1bhrzin0simnvbnrlehqionsirklmvevsuyi6e30sinnlyxjjafnvdxjjzsi6ikftu0ltvefovf9esufmt0cilcjkaxnhymxlsw50zw50uxvlcnkiomzhbhnllcjkaxnhymxlu3blbgxdb3jyzwn0aw9uijpmywxzzswic2vhcmnorglhbg9nu2vzc2lvbklkijoinze1mwyxmmmtmmu5ns0zytdhlwrimjutywuzzda1ztzmmtgziiwizgvidwdjbmzvijp7imfwce5hbwuioijjq2fyx1nlcnzpy2vfq29uc29szsisimfwcfr5cguioijdb25zb2xliiwiyxbwtmftzxnwywnlijoiyyisimxvy2f0aw9uijoizm9yy2u6b2jqzwn0sg9tzurlc2t0b3ailcjzb2jqzwn0vhlwzsi6ikfjy291bnqifx0simdyb3vwswqioijeruzbvuxuin0sinn0yxrlijp7fx0%3d</small> </font> </div>
<div class="test-event"> <font color="maroon"> <small> &emsp; &emsp;--- 16 Oct 10:09:05 826 - <b>0</b> - Page Load Wait: (Sync) - ICar.support.Utils.waitForPageLoad(Utils.java:109)</small> </font> </div>
<div class="test-event"> <font color="maroon"> <small> &emsp; &emsp;--- 16 Oct 10:09:06 318 - Page URL:: https://i-car--staging.sandbox.lightning.force.com/one/one.app#eyjjb21wb25lbnrezwyioijmb3jjzvnlyxjjadpzzwfyy2hqywdlrgvza3rvccisimf0dhjpynv0zxmionsidgvybsi6ijiynzyynzeilcjzy29wzu1hcci6eyj0exblijoive9qx1jfu1vmvfmilcjuyw1lc3bhy2uioiiilcjsywjlbci6ilrvccbszxn1bhrziiwibgfizwxqbhvyywwioijub3agumvzdwx0cyisinjlc3vsdhndbxaioijmb3jjzvnlyxjjadpwcmvkawn0zwrszxn1bhrzin0simnvbnrlehqionsirklmvevsuyi6e30sinnlyxjjafnvdxjjzsi6ikftu0ltvefovf9esufmt0cilcjkaxnhymxlsw50zw50uxvlcnkiomzhbhnllcjkaxnhymxlu3blbgxdb3jyzwn0aw9uijpmywxzzswic2vhcmnorglhbg9nu2vzc2lvbklkijoinze1mwyxmmmtmmu5ns0zytdhlwrimjutywuzzda1ztzmmtgziiwizgvidwdjbmzvijp7imfwce5hbwuioijjq2fyx1nlcnzpy2vfq29uc29szsisimfwcfr5cguioijdb25zb2xliiwiyxbwtmftzxnwywnlijoiyyisimxvy2f0aw9uijoizm9yy2u6b2jqzwn0sg9tzurlc2t0b3ailcjzb2jqzwn0vhlwzsi6ikfjy291bnqifx0simdyb3vwswqioijeruzbvuxuin0sinn0yxrlijp7fx0%3d</small> </font> </div>
<div class="test-event"> <font color="maroon"> <small> &emsp; &emsp;--- 16 Oct 10:09:06 318 - <b>0</b> - Page Load Wait: (Sync) - ICar.support.Utils.waitForPageLoad(Utils.java:109)</small> </font> </div>
<div class="test-event"> <font color="maroon"> <small> &emsp; &emsp;--- 16 Oct 10:09:06 791 - Page URL:: https://i-car--staging.sandbox.lightning.force.com/one/one.app#eyjjb21wb25lbnrezwyioijmb3jjzvnlyxjjadpzzwfyy2hqywdlrgvza3rvccisimf0dhjpynv0zxmionsidgvybsi6ijiynzyynzeilcjzy29wzu1hcci6eyj0exblijoive9qx1jfu1vmvfmilcjuyw1lc3bhy2uioiiilcjsywjlbci6ilrvccbszxn1bhrziiwibgfizwxqbhvyywwioijub3agumvzdwx0cyisinjlc3vsdhndbxaioijmb3jjzvnlyxjjadpwcmvkawn0zwrszxn1bhrzin0simnvbnrlehqionsirklmvevsuyi6e30sinnlyxjjafnvdxjjzsi6ikftu0ltvefovf9esufmt0cilcjkaxnhymxlsw50zw50uxvlcnkiomzhbhnllcjkaxnhymxlu3blbgxdb3jyzwn0aw9uijpmywxzzswic2vhcmnorglhbg9nu2vzc2lvbklkijoinze1mwyxmmmtmmu5ns0zytdhlwrimjutywuzzda1ztzmmtgziiwizgvidwdjbmzvijp7imfwce5hbwuioijjq2fyx1nlcnzpy2vfq29uc29szsisimfwcfr5cguioijdb25zb2xliiwiyxbwtmftzxnwywnlijoiyyisimxvy2f0aw9uijoizm9yy2u6b2jqzwn0sg9tzurlc2t0b3ailcjzb2jqzwn0vhlwzsi6ikfjy291bnqifx0simdyb3vwswqioijeruzbvuxuin0sinn0yxrlijp7fx0%3d</small> </font> </div>
<div class="test-event"> <font color="maroon"> <small> &emsp; &emsp;--- 16 Oct 10:09:06 791 - <b>0</b> - Page Load Wait: (Sync) - ICar.support.Utils.waitForPageLoad(Utils.java:109)</small> </font> </div>
<div class="test-event"> <font color="maroon"> <small> &emsp; &emsp;--- 16 Oct 10:09:15 082 - Catched spinner load exception due to Expected condition failed: waiting for ICar.support.WaitUtils$4@714addf7 (tried for 8 second(s) with 500 milliseconds interval)</small> </font> </div>
<div class="test-event"> <font color="maroon"> <small> &emsp; &emsp;--- 16 Oct 10:09:15 082 - <b>8</b> - Spinner Load Wait: (Sync) - ICar.support.WaitUtils.waitForSpinner(WaitUtils.java:225)</small> </font> </div>
<div class="test-event"> <font color="maroon"> <small> &emsp; &emsp;--- 16 Oct 10:09:15 627 - Page URL:: https://i-car--staging.sandbox.lightning.force.com/one/one.app#eyjjb21wb25lbnrezwyioijmb3jjzvnlyxjjadpzzwfyy2hqywdlrgvza3rvccisimf0dhjpynv0zxmionsidgvybsi6ijiynzyynzeilcjzy29wzu1hcci6eyj0exblijoive9qx1jfu1vmvfmilcjuyw1lc3bhy2uioiiilcjsywjlbci6ilrvccbszxn1bhrziiwibgfizwxqbhvyywwioijub3agumvzdwx0cyisinjlc3vsdhndbxaioijmb3jjzvnlyxjjadpwcmvkawn0zwrszxn1bhrzin0simnvbnrlehqionsirklmvevsuyi6e30sinnlyxjjafnvdxjjzsi6ikftu0ltvefovf9esufmt0cilcjkaxnhymxlsw50zw50uxvlcnkiomzhbhnllcjkaxnhymxlu3blbgxdb3jyzwn0aw9uijpmywxzzswic2vhcmnorglhbg9nu2vzc2lvbklkijoinze1mwyxmmmtmmu5ns0zytdhlwrimjutywuzzda1ztzmmtgziiwizgvidwdjbmzvijp7imfwce5hbwuioijjq2fyx1nlcnzpy2vfq29uc29szsisimfwcfr5cguioijdb25zb2xliiwiyxbwtmftzxnwywnlijoiyyisimxvy2f0aw9uijoizm9yy2u6b2jqzwn0sg9tzurlc2t0b3ailcjzb2jqzwn0vhlwzsi6ikfjy291bnqifx0simdyb3vwswqioijeruzbvuxuin0sinn0yxrlijp7fx0%3d</small> </font> </div>
<div class="test-event"> <font color="maroon"> <small> &emsp; &emsp;--- 16 Oct 10:09:15 627 - <b>0</b> - Page Load Wait: (Sync) - ICar.support.Utils.waitForPageLoad(Utils.java:109)</small> </font> </div>
<div class="test-event"> <font color="maroon"> <small> &emsp; &emsp;--- 16 Oct 10:09:17 752 - Element is displayed:: [[ChromeDriver: chrome on WINDOWS (64539e12222105777fcf2998e306a8ce)] -> xpath: //div[contains(@class,'forceSearchResultsRegion')]//div[contains(@class,'resultsMultiWrapper')]/div/div[1]//following::h2//a]</small> </font> </div>
<div class="test-event"> <font color="maroon"> <small> &emsp; &emsp;--- 16 Oct 10:09:17 979 - Element is displayed:: [[ChromeDriver: chrome on WINDOWS (64539e12222105777fcf2998e306a8ce)] -> xpath: //a[text()='Contacts']]</small> </font> </div>
<div class="test-event"> <font color="maroon"> <small> &emsp; &emsp;--- 16 Oct 10:09:22 003 - Element is displayed:: [[ChromeDriver: chrome on WINDOWS (64539e12222105777fcf2998e306a8ce)] -> xpath: //div[text()='Contacts']//following :: table//tbody//th//span /a]</small> </font> </div>
<div class="test-event"> <font color="maroon"> <small> &emsp; &emsp;--- 16 Oct 10:09:22 561 - Page URL:: https://i-car--staging.sandbox.lightning.force.com/one/one.app#eyjjb21wb25lbnrezwyioijmb3jjzvnlyxjjadpzzwfyy2hqywdlrgvza3rvccisimf0dhjpynv0zxmionsidgvybsi6ijiynzyynzeilcjzy29wzu1hcci6eyj0exblijoive9qx1jfu1vmvfmilcjuyw1lc3bhy2uioiiilcjsywjlbci6ilrvccbszxn1bhrziiwibgfizwxqbhvyywwioijub3agumvzdwx0cyisinjlc3vsdhndbxaioijmb3jjzvnlyxjjadpwcmvkawn0zwrszxn1bhrzin0simnvbnrlehqionsirklmvevsuyi6e30sinnlyxjjafnvdxjjzsi6ikftu0ltvefovf9esufmt0cilcjkaxnhymxlsw50zw50uxvlcnkiomzhbhnllcjkaxnhymxlu3blbgxdb3jyzwn0aw9uijpmywxzzswic2vhcmnorglhbg9nu2vzc2lvbklkijoinze1mwyxmmmtmmu5ns0zytdhlwrimjutywuzzda1ztzmmtgziiwizgvidwdjbmzvijp7imfwce5hbwuioijjq2fyx1nlcnzpy2vfq29uc29szsisimfwcfr5cguioijdb25zb2xliiwiyxbwtmftzxnwywnlijoiyyisimxvy2f0aw9uijoizm9yy2u6b2jqzwn0sg9tzurlc2t0b3ailcjzb2jqzwn0vhlwzsi6ikfjy291bnqifx0simdyb3vwswqioijeruzbvuxuin0sinn0yxrlijp7fx0%3d</small> </font> </div>
<div class="test-event"> <font color="maroon"> <small> &emsp; &emsp;--- 16 Oct 10:09:22 561 - <b>0</b> - Page Load Wait: (Sync) - ICar.support.Utils.waitForPageLoad(Utils.java:109)</small> </font> </div>
<div class="test-event"> <font color="maroon"> <small> &emsp; &emsp;--- 16 Oct 10:09:37 730 - Catched spinner load exception due to Expected condition failed: waiting for ICar.support.WaitUtils$4@714addf7 (tried for 15 second(s) with 500 milliseconds interval)</small> </font> </div>
<div class="test-event"> <font color="maroon"> <small> &emsp; &emsp;--- 16 Oct 10:09:37 730 - <b>15</b> - Spinner Load Wait: (Sync) - ICar.support.WaitUtils.waitForSpinner(WaitUtils.java:225)</small> </font> </div>
<div class="test-event"> <font color="maroon"> <small> &emsp; &emsp;--- 16 Oct 10:09:38 833 - Page URL:: https://i-car--staging.sandbox.lightning.force.com/lightning/r/contact/0031i00000oewz5qaa/view</small> </font> </div>
<div class="test-event"> <font color="maroon"> <small> &emsp; &emsp;--- 16 Oct 10:09:38 833 - <b>1</b> - Page Load Wait: (Sync) - ICar.support.Utils.waitForPageLoad(Utils.java:109)</small> </font> </div>
<div class="test-event"> <font color="maroon"> <small> &emsp; &emsp;--- 16 Oct 10:09:47 013 - Catched spinner load exception due to Expected condition failed: waiting for ICar.support.WaitUtils$4@714addf7 (tried for 8 second(s) with 500 milliseconds interval)</small> </font> </div>
<div class="test-event"> <font color="maroon"> <small> &emsp; &emsp;--- 16 Oct 10:09:47 013 - <b>8</b> - Spinner Load Wait: (Sync) - ICar.support.WaitUtils.waitForSpinner(WaitUtils.java:225)</small> </font> </div>
<div class="test-event"> <font color="maroon"> <small> &emsp; &emsp;--- 16 Oct 10:09:47 879 - Page URL:: https://i-car--staging.sandbox.lightning.force.com/lightning/r/contact/0031i00000oewz5qaa/view</small> </font> </div>
<div class="test-event"> <font color="maroon"> <small> &emsp; &emsp;--- 16 Oct 10:09:47 879 - <b>0</b> - Page Load Wait: (Sync) - ICar.support.Utils.waitForPageLoad(Utils.java:109)</small> </font> </div>
<div class="test-event"> <font color="maroon"> <small> &emsp; &emsp;--- 16 Oct 10:09:50 716 - Page URL:: https://i-car--staging.sandbox.lightning.force.com/lightning/r/contact/0031i00000oewz5qaa/view</small> </font> </div>
<div class="test-event"> <font color="maroon"> <small> &emsp; &emsp;--- 16 Oct 10:09:50 716 - <b>0</b> - Page Load Wait: (Sync) - ICar.support.Utils.waitForPageLoad(Utils.java:109)</small> </font> </div>
<div class="test-event"> <font color="maroon"> <small> &emsp; &emsp;--- 16 Oct 10:09:53 626 - Page URL:: https://i-car--staging.sandbox.lightning.force.com/lightning/r/contact/0031i00000oewz5qaa/view</small> </font> </div>
<div class="test-event"> <font color="maroon"> <small> &emsp; &emsp;--- 16 Oct 10:09:53 626 - <b>0</b> - Page Load Wait: (Sync) - ICar.support.Utils.waitForPageLoad(Utils.java:109)</small> </font> </div>
<div class="test-event"> <font color="maroon"> <small> &emsp; &emsp;--- 16 Oct 10:10:08 708 - Catched spinner load exception due to Expected condition failed: waiting for ICar.support.WaitUtils$4@714addf7 (tried for 15 second(s) with 500 milliseconds interval)</small> </font> </div>
<div class="test-event"> <font color="maroon"> <small> &emsp; &emsp;--- 16 Oct 10:10:08 708 - <b>15</b> - Spinner Load Wait: (Sync) - ICar.support.WaitUtils.waitForSpinner(WaitUtils.java:225)</small> </font> </div>
<div class="test-event"> <font color="maroon"> <small> &emsp; &emsp;--- 16 Oct 10:10:09 528 - Page URL:: https://i-car--staging.sandbox.lightning.force.com/lightning/r/contact/0031i00000oewz5qaa/view</small> </font> </div>
<div class="test-event"> <font color="maroon"> <small> &emsp; &emsp;--- 16 Oct 10:10:09 528 - <b>0</b> - Page Load Wait: (Sync) - ICar.support.Utils.waitForPageLoad(Utils.java:109)</small> </font> </div>
<div class="test-event"> <font color="maroon"> <small> &emsp; &emsp;--- 16 Oct 10:10:09 592 - Element is displayed:: [[ChromeDriver: chrome on WINDOWS (64539e12222105777fcf2998e306a8ce)] -> xpath: //h2[@class='slds-card__header-title']/a/span[1]]</small> </font> </div>
<div class="test-event"> <font color="maroon"> <small> &emsp; &emsp;--- 16 Oct 10:10:11 370 - Page URL:: https://i-car--staging.sandbox.lightning.force.com/lightning/r/contact/0031i00000oewz5qaa/related/enrollment_contact__r/view?ws=%2flightning%2fr%2fcontact%2f0031i00000oewz5qaa%2fview</small> </font> </div>
<div class="test-event"> <font color="maroon"> <small> &emsp; &emsp;--- 16 Oct 10:10:11 370 - <b>1</b> - Page Load Wait: (Sync) - ICar.support.Utils.waitForPageLoad(Utils.java:109)</small> </font> </div>
<div class="test-event"> <font color="maroon"> <small> &emsp; &emsp;--- 16 Oct 10:10:26 479 - Catched spinner load exception due to Expected condition failed: waiting for ICar.support.WaitUtils$4@714addf7 (tried for 15 second(s) with 500 milliseconds interval)</small> </font> </div>
<div class="test-event"> <font color="maroon"> <small> &emsp; &emsp;--- 16 Oct 10:10:26 479 - <b>15</b> - Spinner Load Wait: (Sync) - ICar.support.WaitUtils.waitForSpinner(WaitUtils.java:225)</small> </font> </div>
<div class="test-event"> <font color="maroon"> <small> &emsp; &emsp;--- 16 Oct 10:10:28 204 - Page URL:: https://i-car--staging.sandbox.lightning.force.com/lightning/r/contact/0031i00000oewz5qaa/related/enrollment_contact__r/view?ws=%2flightning%2fr%2fcontact%2f0031i00000oewz5qaa%2fview</small> </font> </div>
<div class="test-event"> <font color="maroon"> <small> &emsp; &emsp;--- 16 Oct 10:10:28 204 - <b>1</b> - Page Load Wait: (Sync) - ICar.support.Utils.waitForPageLoad(Utils.java:109)</small> </font> </div>
<div class="test-event"> <font color="maroon"> <small> &emsp; &emsp;--- 16 Oct 10:10:38 479 - Catched spinner load exception due to Expected condition failed: waiting for ICar.support.WaitUtils$4@714addf7 (tried for 10 second(s) with 500 milliseconds interval)</small> </font> </div>
<div class="test-event"> <font color="maroon"> <small> &emsp; &emsp;--- 16 Oct 10:10:38 479 - <b>10</b> - Spinner Load Wait: (Sync) - ICar.support.WaitUtils.waitForSpinner(WaitUtils.java:225)</small> </font> </div>
<div class="test-event"> <font color="maroon"> <small> &emsp; &emsp;--- 16 Oct 10:10:40 493 - Page URL:: https://i-car--staging.sandbox.lightning.force.com/lightning/r/contact/0031i00000oewz5qaa/related/enrollment_contact__r/view?ws=%2flightning%2fr%2fcontact%2f0031i00000oewz5qaa%2fview</small> </font> </div>
<div class="test-event"> <font color="maroon"> <small> &emsp; &emsp;--- 16 Oct 10:10:40 493 - <b>2</b> - Page Load Wait: (Sync) - ICar.support.Utils.waitForPageLoad(Utils.java:109)</small> </font> </div>
<div class="test-event"> <font color="maroon"> <small> &emsp; &emsp;--- 16 Oct 10:10:40 532 - Element is displayed:: [[ChromeDriver: chrome on WINDOWS (64539e12222105777fcf2998e306a8ce)] -> xpath: //h1[@title='LMS Course Enrollments (Contact)']//following::table/tbody//td//button]</small> </font> </div>
<div class="test-event"> <font color="maroon"> <small> &emsp; &emsp;--- 16 Oct 10:10:42 275 - Page URL:: https://i-car--staging.sandbox.lightning.force.com/lightning/r/contact/0031i00000oewz5qaa/related/enrollment_contact__r/view?ws=%2flightning%2fr%2fcontact%2f0031i00000oewz5qaa%2fview</small> </font> </div>
<div class="test-event"> <font color="maroon"> <small> &emsp; &emsp;--- 16 Oct 10:10:42 275 - <b>1</b> - Page Load Wait: (Sync) - ICar.support.Utils.waitForPageLoad(Utils.java:109)</small> </font> </div>
<div class="test-event"> <font color="maroon"> <small> &emsp; &emsp;--- 16 Oct 10:10:48 931 - Page URL:: https://i-car--staging.sandbox.lightning.force.com/lightning/r/contact/0031i00000oewz5qaa/related/enrollment_contact__r/view?ws=%2flightning%2fr%2fcontact%2f0031i00000oewz5qaa%2fview</small> </font> </div>
<div class="test-event"> <font color="maroon"> <small> &emsp; &emsp;--- 16 Oct 10:10:48 931 - <b>1</b> - Page Load Wait: (Sync) - ICar.support.Utils.waitForPageLoad(Utils.java:109)</small> </font> </div>
<div class="test-event"> <font color="maroon"> <small> &emsp; &emsp;--- 16 Oct 10:10:54 708 - Page URL:: https://i-car--staging.sandbox.lightning.force.com/lightning/r/contact/0031i00000oewz5qaa/related/enrollment_contact__r/view?ws=%2flightning%2fr%2fcontact%2f0031i00000oewz5qaa%2fview</small> </font> </div>
<div class="test-event"> <font color="maroon"> <small> &emsp; &emsp;--- 16 Oct 10:10:54 708 - <b>1</b> - Page Load Wait: (Sync) - ICar.support.Utils.waitForPageLoad(Utils.java:109)</small> </font> </div>
<div class="test-event"> <font color="maroon"> <small> &emsp; &emsp;--- 16 Oct 10:11:00 114 - Page URL:: https://i-car--staging.sandbox.lightning.force.com/lightning/o/account/list?filtername=accounts</small> </font> </div>
<div class="test-event"> <font color="maroon"> <small> &emsp; &emsp;--- 16 Oct 10:11:00 114 - <b>0</b> - Page Load Wait: (Sync) - ICar.support.Utils.waitForPageLoad(Utils.java:109)</small> </font> </div>
<div class="test-message">&emsp;Close the tab</div>
<div class="test-event"> <font color="maroon"> <small> &emsp; &emsp;--- 16 Oct 10:11:05 759 - Page URL:: https://i-car--staging.sandbox.lightning.force.com/lightning/o/account/list?filtername=accounts</small> </font> </div>
<div class="test-event"> <font color="maroon"> <small> &emsp; &emsp;--- 16 Oct 10:11:05 759 - <b>0</b> - Page Load Wait: (Sync) - ICar.support.Utils.waitForPageLoad(Utils.java:109)</small> </font> </div>
<div class="test-event"> <font color="maroon"> <small> &emsp; &emsp;--- 16 Oct 10:11:05 802 - Element is displayed:: [[ChromeDriver: chrome on WINDOWS (64539e12222105777fcf2998e306a8ce)] -> css selector: button[class*='search-button']]</small> </font> </div>
<div class="test-event"> <font color="maroon"> <small> &emsp; &emsp;--- 16 Oct 10:11:07 867 - Catched spinner load exception due to Expected condition failed: waiting for ICar.support.WaitUtils$4@714addf7 (tried for 2 second(s) with 500 milliseconds interval)</small> </font> </div>
<div class="test-event"> <font color="maroon"> <small> &emsp; &emsp;--- 16 Oct 10:11:07 867 - <b>2</b> - Spinner Load Wait: (Sync) - ICar.support.WaitUtils.waitForSpinner(WaitUtils.java:225)</small> </font> </div>
<div class="test-event"> <font color="maroon"> <small> &emsp; &emsp;--- 16 Oct 10:11:10 953 - Element is displayed:: [[ChromeDriver: chrome on WINDOWS (64539e12222105777fcf2998e306a8ce)] -> css selector: button[class*='search-button']]</small> </font> </div>
<div class="test-event"> <font color="maroon"> <small> &emsp; &emsp;--- 16 Oct 10:11:11 455 - Page URL:: https://i-car--staging.sandbox.lightning.force.com/lightning/o/account/list?filtername=accounts</small> </font> </div>
<div class="test-event"> <font color="maroon"> <small> &emsp; &emsp;--- 16 Oct 10:11:11 455 - <b>0</b> - Page Load Wait: (Sync) - ICar.support.Utils.waitForPageLoad(Utils.java:109)</small> </font> </div>
<div class="test-event"> <font color="maroon"> <small> &emsp; &emsp;--- 16 Oct 10:11:30 943 - Catched spinner load exception due to Expected condition failed: waiting for ICar.support.WaitUtils$4@714addf7 (tried for 10 second(s) with 500 milliseconds interval)</small> </font> </div>
<div class="test-event"> <font color="maroon"> <small> &emsp; &emsp;--- 16 Oct 10:11:30 944 - <b>10</b> - Spinner Load Wait: (Sync) - ICar.support.WaitUtils.waitForSpinner(WaitUtils.java:225)</small> </font> </div>
<div class="test-event"> <font color="maroon"> <small> &emsp; &emsp;--- 16 Oct 10:11:32 170 - Page URL:: https://i-car--staging.sandbox.lightning.force.com/one/one.app#eyjjb21wb25lbnrezwyioijmb3jjzvnlyxjjadpzzwfyy2hqywdlrgvza3rvccisimf0dhjpynv0zxmionsidgvybsi6ik91cmlzbwfuienozxzyb2xldcbvzibcb3dpzsisinnjb3bltwfwijp7inr5cguioijut1bfukvtvuxuuyisim5hbwvzcgfjzsi6iiisimxhymvsijoivg9wifjlc3vsdhmilcjsywjlbfbsdxjhbci6ilrvccbszxn1bhrziiwicmvzdwx0c0ntcci6imzvcmnlu2vhcmnoonbyzwrpy3rlzfjlc3vsdhmifswiy29udgv4dci6eyjgsuxurvjtijp7fswic2vhcmnou291cmnlijoiqvntsvnuqu5ux0rjquxpryisimrpc2fibgvjbnrlbnrrdwvyesi6zmfsc2usimrpc2fibgvtcgvsbenvcnjly3rpb24iomzhbhnllcjzzwfyy2heawfsb2dtzxnzaw9uswqioiiyytuxodhkoc1kytdjltiyzwqtnzuyny1lmtm2otkxnmzmotkilcjkzwj1z0luzm8ionsiyxbwtmftzsi6ikldyxjfu2vydmljzv9db25zb2xliiwiyxbwvhlwzsi6iknvbnnvbguilcjhchboyw1lc3bhy2uioijjiiwibg9jyxrpb24ioijmb3jjztpvymply3rib21lrgvza3rvccisinnvymply3ruexblijoiqwnjb3vudcj9fswiz3jvdxbjzci6ikrfrkfvtfqifswic3rhdguiont9fq%3d%3d</small> </font> </div>
<div class="test-event"> <font color="maroon"> <small> &emsp; &emsp;--- 16 Oct 10:11:32 170 - <b>1</b> - Page Load Wait: (Sync) - ICar.support.Utils.waitForPageLoad(Utils.java:109)</small> </font> </div>
<div class="test-event"> <font color="maroon"> <small> &emsp; &emsp;--- 16 Oct 10:11:43 609 - Catched spinner load exception due to Expected condition failed: waiting for ICar.support.WaitUtils$4@714addf7 (tried for 11 second(s) with 500 milliseconds interval)</small> </font> </div>
<div class="test-event"> <font color="maroon"> <small> &emsp; &emsp;--- 16 Oct 10:11:43 609 - <b>11</b> - Spinner Load Wait: (Sync) - ICar.support.WaitUtils.waitForSpinner(WaitUtils.java:225)</small> </font> </div>
<div class="test-event"> <font color="maroon"> <small> &emsp; &emsp;--- 16 Oct 10:11:44 730 - Page URL:: https://i-car--staging.sandbox.lightning.force.com/one/one.app#eyjjb21wb25lbnrezwyioijmb3jjzvnlyxjjadpzzwfyy2hqywdlrgvza3rvccisimf0dhjpynv0zxmionsidgvybsi6ik91cmlzbwfuienozxzyb2xldcbvzibcb3dpzsisinnjb3bltwfwijp7inr5cguioijut1bfukvtvuxuuyisim5hbwvzcgfjzsi6iiisimxhymvsijoivg9wifjlc3vsdhmilcjsywjlbfbsdxjhbci6ilrvccbszxn1bhrziiwicmvzdwx0c0ntcci6imzvcmnlu2vhcmnoonbyzwrpy3rlzfjlc3vsdhmifswiy29udgv4dci6eyjgsuxurvjtijp7fswic2vhcmnou291cmnlijoiqvntsvnuqu5ux0rjquxpryisimrpc2fibgvjbnrlbnrrdwvyesi6zmfsc2usimrpc2fibgvtcgvsbenvcnjly3rpb24iomzhbhnllcjzzwfyy2heawfsb2dtzxnzaw9uswqioiiyytuxodhkoc1kytdjltiyzwqtnzuyny1lmtm2otkxnmzmotkilcjkzwj1z0luzm8ionsiyxbwtmftzsi6ikldyxjfu2vydmljzv9db25zb2xliiwiyxbwvhlwzsi6iknvbnnvbguilcjhchboyw1lc3bhy2uioijjiiwibg9jyxrpb24ioijmb3jjztpvymply3rib21lrgvza3rvccisinnvymply3ruexblijoiqwnjb3vudcj9fswiz3jvdxbjzci6ikrfrkfvtfqifswic3rhdguiont9fq%3d%3d</small> </font> </div>
<div class="test-event"> <font color="maroon"> <small> &emsp; &emsp;--- 16 Oct 10:11:44 730 - <b>1</b> - Page Load Wait: (Sync) - ICar.support.Utils.waitForPageLoad(Utils.java:109)</small> </font> </div>
<div class="test-event"> <font color="maroon"> <small> &emsp; &emsp;--- 16 Oct 10:11:44 789 - Element is displayed:: [[ChromeDriver: chrome on WINDOWS (64539e12222105777fcf2998e306a8ce)] -> xpath: //a[@title='Top Results']//span[text()='Top Results']]</small> </font> </div>
<div class="test-event"> <font color="maroon"> <small> &emsp; &emsp;--- 16 Oct 10:11:45 302 - Page URL:: https://i-car--staging.sandbox.lightning.force.com/one/one.app#eyjjb21wb25lbnrezwyioijmb3jjzvnlyxjjadpzzwfyy2hqywdlrgvza3rvccisimf0dhjpynv0zxmionsidgvybsi6ik91cmlzbwfuienozxzyb2xldcbvzibcb3dpzsisinnjb3bltwfwijp7inr5cguioijut1bfukvtvuxuuyisim5hbwvzcgfjzsi6iiisimxhymvsijoivg9wifjlc3vsdhmilcjsywjlbfbsdxjhbci6ilrvccbszxn1bhrziiwicmvzdwx0c0ntcci6imzvcmnlu2vhcmnoonbyzwrpy3rlzfjlc3vsdhmifswiy29udgv4dci6eyjgsuxurvjtijp7fswic2vhcmnou291cmnlijoiqvntsvnuqu5ux0rjquxpryisimrpc2fibgvjbnrlbnrrdwvyesi6zmfsc2usimrpc2fibgvtcgvsbenvcnjly3rpb24iomzhbhnllcjzzwfyy2heawfsb2dtzxnzaw9uswqioiiyytuxodhkoc1kytdjltiyzwqtnzuyny1lmtm2otkxnmzmotkilcjkzwj1z0luzm8ionsiyxbwtmftzsi6ikldyxjfu2vydmljzv9db25zb2xliiwiyxbwvhlwzsi6iknvbnnvbguilcjhchboyw1lc3bhy2uioijjiiwibg9jyxrpb24ioijmb3jjztpvymply3rib21lrgvza3rvccisinnvymply3ruexblijoiqwnjb3vudcj9fswiz3jvdxbjzci6ikrfrkfvtfqifswic3rhdguiont9fq%3d%3d</small> </font> </div>
<div class="test-event"> <font color="maroon"> <small> &emsp; &emsp;--- 16 Oct 10:11:45 302 - <b>0</b> - Page Load Wait: (Sync) - ICar.support.Utils.waitForPageLoad(Utils.java:109)</small> </font> </div>
<div class="test-event"> <font color="maroon"> <small> &emsp; &emsp;--- 16 Oct 10:11:50 392 - Catched spinner load exception due to Expected condition failed: waiting for ICar.support.WaitUtils$4@714addf7 (tried for 5 second(s) with 500 milliseconds interval)</small> </font> </div>
<div class="test-event"> <font color="maroon"> <small> &emsp; &emsp;--- 16 Oct 10:11:50 392 - <b>5</b> - Spinner Load Wait: (Sync) - ICar.support.WaitUtils.waitForSpinner(WaitUtils.java:225)</small> </font> </div>
<div class="test-event"> <font color="maroon"> <small> &emsp; &emsp;--- 16 Oct 10:11:51 605 - Page URL:: https://i-car--staging.sandbox.lightning.force.com/one/one.app#eyjjb21wb25lbnrezwyioijmb3jjzvnlyxjjadpzzwfyy2hqywdlrgvza3rvccisimf0dhjpynv0zxmionsidgvybsi6ik91cmlzbwfuienozxzyb2xldcbvzibcb3dpzsisinnjb3bltwfwijp7inr5cguioijut1bfukvtvuxuuyisim5hbwvzcgfjzsi6iiisimxhymvsijoivg9wifjlc3vsdhmilcjsywjlbfbsdxjhbci6ilrvccbszxn1bhrziiwicmvzdwx0c0ntcci6imzvcmnlu2vhcmnoonbyzwrpy3rlzfjlc3vsdhmifswiy29udgv4dci6eyjgsuxurvjtijp7fswic2vhcmnou291cmnlijoiqvntsvnuqu5ux0rjquxpryisimrpc2fibgvjbnrlbnrrdwvyesi6zmfsc2usimrpc2fibgvtcgvsbenvcnjly3rpb24iomzhbhnllcjzzwfyy2heawfsb2dtzxnzaw9uswqioiiyytuxodhkoc1kytdjltiyzwqtnzuyny1lmtm2otkxnmzmotkilcjkzwj1z0luzm8ionsiyxbwtmftzsi6ikldyxjfu2vydmljzv9db25zb2xliiwiyxbwvhlwzsi6iknvbnnvbguilcjhchboyw1lc3bhy2uioijjiiwibg9jyxrpb24ioijmb3jjztpvymply3rib21lrgvza3rvccisinnvymply3ruexblijoiqwnjb3vudcj9fswiz3jvdxbjzci6ikrfrkfvtfqifswic3rhdguiont9fq%3d%3d</small> </font> </div>
<div class="test-event"> <font color="maroon"> <small> &emsp; &emsp;--- 16 Oct 10:11:51 605 - <b>1</b> - Page Load Wait: (Sync) - ICar.support.Utils.waitForPageLoad(Utils.java:109)</small> </font> </div>
<div class="test-event"> <font color="maroon"> <small> &emsp; &emsp;--- 16 Oct 10:11:52 681 - Page URL:: https://i-car--staging.sandbox.lightning.force.com/one/one.app#eyjjb21wb25lbnrezwyioijmb3jjzvnlyxjjadpzzwfyy2hqywdlrgvza3rvccisimf0dhjpynv0zxmionsidgvybsi6ik91cmlzbwfuienozxzyb2xldcbvzibcb3dpzsisinnjb3bltwfwijp7inr5cguioijut1bfukvtvuxuuyisim5hbwvzcgfjzsi6iiisimxhymvsijoivg9wifjlc3vsdhmilcjsywjlbfbsdxjhbci6ilrvccbszxn1bhrziiwicmvzdwx0c0ntcci6imzvcmnlu2vhcmnoonbyzwrpy3rlzfjlc3vsdhmifswiy29udgv4dci6eyjgsuxurvjtijp7fswic2vhcmnou291cmnlijoiqvntsvnuqu5ux0rjquxpryisimrpc2fibgvjbnrlbnrrdwvyesi6zmfsc2usimrpc2fibgvtcgvsbenvcnjly3rpb24iomzhbhnllcjzzwfyy2heawfsb2dtzxnzaw9uswqioiiyytuxodhkoc1kytdjltiyzwqtnzuyny1lmtm2otkxnmzmotkilcjkzwj1z0luzm8ionsiyxbwtmftzsi6ikldyxjfu2vydmljzv9db25zb2xliiwiyxbwvhlwzsi6iknvbnnvbguilcjhchboyw1lc3bhy2uioijjiiwibg9jyxrpb24ioijmb3jjztpvymply3rib21lrgvza3rvccisinnvymply3ruexblijoiqwnjb3vudcj9fswiz3jvdxbjzci6ikrfrkfvtfqifswic3rhdguiont9fq%3d%3d</small> </font> </div>
<div class="test-event"> <font color="maroon"> <small> &emsp; &emsp;--- 16 Oct 10:11:52 681 - <b>1</b> - Page Load Wait: (Sync) - ICar.support.Utils.waitForPageLoad(Utils.java:109)</small> </font> </div>
<div class="test-event"> <font color="maroon"> <small> &emsp; &emsp;--- 16 Oct 10:11:53 777 - Page URL:: https://i-car--staging.sandbox.lightning.force.com/one/one.app#eyjjb21wb25lbnrezwyioijmb3jjzvnlyxjjadpzzwfyy2hqywdlrgvza3rvccisimf0dhjpynv0zxmionsidgvybsi6ik91cmlzbwfuienozxzyb2xldcbvzibcb3dpzsisinnjb3bltwfwijp7inr5cguioijut1bfukvtvuxuuyisim5hbwvzcgfjzsi6iiisimxhymvsijoivg9wifjlc3vsdhmilcjsywjlbfbsdxjhbci6ilrvccbszxn1bhrziiwicmvzdwx0c0ntcci6imzvcmnlu2vhcmnoonbyzwrpy3rlzfjlc3vsdhmifswiy29udgv4dci6eyjgsuxurvjtijp7fswic2vhcmnou291cmnlijoiqvntsvnuqu5ux0rjquxpryisimrpc2fibgvjbnrlbnrrdwvyesi6zmfsc2usimrpc2fibgvtcgvsbenvcnjly3rpb24iomzhbhnllcjzzwfyy2heawfsb2dtzxnzaw9uswqioiiyytuxodhkoc1kytdjltiyzwqtnzuyny1lmtm2otkxnmzmotkilcjkzwj1z0luzm8ionsiyxbwtmftzsi6ikldyxjfu2vydmljzv9db25zb2xliiwiyxbwvhlwzsi6iknvbnnvbguilcjhchboyw1lc3bhy2uioijjiiwibg9jyxrpb24ioijmb3jjztpvymply3rib21lrgvza3rvccisinnvymply3ruexblijoiqwnjb3vudcj9fswiz3jvdxbjzci6ikrfrkfvtfqifswic3rhdguiont9fq%3d%3d</small> </font> </div>
<div class="test-event"> <font color="maroon"> <small> &emsp; &emsp;--- 16 Oct 10:11:53 777 - <b>1</b> - Page Load Wait: (Sync) - ICar.support.Utils.waitForPageLoad(Utils.java:109)</small> </font> </div>
<div class="test-event"> <font color="maroon"> <small> &emsp; &emsp;--- 16 Oct 10:12:04 292 - Catched spinner load exception due to Expected condition failed: waiting for ICar.support.WaitUtils$4@714addf7 (tried for 10 second(s) with 500 milliseconds interval)</small> </font> </div>
<div class="test-event"> <font color="maroon"> <small> &emsp; &emsp;--- 16 Oct 10:12:04 292 - <b>10</b> - Spinner Load Wait: (Sync) - ICar.support.WaitUtils.waitForSpinner(WaitUtils.java:225)</small> </font> </div>
<div class="test-event"> <font color="maroon"> <small> &emsp; &emsp;--- 16 Oct 10:12:04 328 - Element is displayed:: [[ChromeDriver: chrome on WINDOWS (64539e12222105777fcf2998e306a8ce)] -> css selector: div.forceSearchResultsRegion div.resultsMultiWrapper >div > div table tbody th a]</small> </font> </div>
<div class="test-event"> <font color="maroon"> <small> &emsp; &emsp;--- 16 Oct 10:12:04 433 - Element is displayed:: [[ChromeDriver: chrome on WINDOWS (64539e12222105777fcf2998e306a8ce)] -> css selector: div.forceSearchResultsRegion div.resultsMultiWrapper >div > div table tbody th a]</small> </font> </div>
<div class="test-event"> <font color="maroon"> <small> &emsp; &emsp;--- 16 Oct 10:12:14 663 - Catched spinner load exception due to Expected condition failed: waiting for ICar.support.WaitUtils$4@714addf7 (tried for 10 second(s) with 500 milliseconds interval)</small> </font> </div>
<div class="test-event"> <font color="maroon"> <small> &emsp; &emsp;--- 16 Oct 10:12:14 663 - <b>10</b> - Spinner Load Wait: (Sync) - ICar.support.WaitUtils.waitForSpinner(WaitUtils.java:225)</small> </font> </div>
<div class="test-event"> <font color="maroon"> <small> &emsp; &emsp;--- 16 Oct 10:12:14 733 - Element is displayed:: [[ChromeDriver: chrome on WINDOWS (64539e12222105777fcf2998e306a8ce)] -> xpath: //div[contains(@class,'active')]/*[contains(@id,'brandBand_')]//ul[@role='tablist']/li[@title='Details']]</small> </font> </div>
<div class="test-event"> <font color="maroon"> <small> &emsp; &emsp;--- 16 Oct 10:12:16 879 - Element is displayed:: [[ChromeDriver: chrome on WINDOWS (64539e12222105777fcf2998e306a8ce)] -> xpath: //div[contains(@class,'active')]/*[contains(@id,'brandBand_')]//ul[@role='tablist']/li[@title='Details']]</small> </font> </div>
<div class="test-event"> <font color="maroon"> <small> &emsp; &emsp;--- 16 Oct 10:12:20 417 - Page URL:: https://i-car--staging.sandbox.lightning.force.com/lightning/r/account/0011i00000uwfebqae/view</small> </font> </div>
<div class="test-event"> <font color="maroon"> <small> &emsp; &emsp;--- 16 Oct 10:12:20 417 - <b>1</b> - Page Load Wait: (Sync) - ICar.support.Utils.waitForPageLoad(Utils.java:109)</small> </font> </div>
<div class="test-event"> <font color="maroon"> <small> &emsp; &emsp;--- 16 Oct 10:12:35 564 - Catched spinner load exception due to Expected condition failed: waiting for ICar.support.WaitUtils$4@714addf7 (tried for 15 second(s) with 500 milliseconds interval)</small> </font> </div>
<div class="test-event"> <font color="maroon"> <small> &emsp; &emsp;--- 16 Oct 10:12:35 564 - <b>15</b> - Spinner Load Wait: (Sync) - ICar.support.WaitUtils.waitForSpinner(WaitUtils.java:225)</small> </font> </div>
<div class="test-event"> <font color="maroon"> <small> &emsp; &emsp;--- 16 Oct 10:12:36 840 - Page URL:: https://i-car--staging.sandbox.lightning.force.com/lightning/r/account/0011i00000uwfebqae/view</small> </font> </div>
<div class="test-event"> <font color="maroon"> <small> &emsp; &emsp;--- 16 Oct 10:12:36 840 - <b>1</b> - Page Load Wait: (Sync) - ICar.support.Utils.waitForPageLoad(Utils.java:109)</small> </font> </div>
<div class="test-event"> <font color="maroon"> <small> &emsp; &emsp;--- 16 Oct 10:12:37 893 - Catched spinner load exception due to Expected condition failed: waiting for ICar.support.WaitUtils$4@714addf7 (tried for 1 second(s) with 500 milliseconds interval)</small> </font> </div>
<div class="test-event"> <font color="maroon"> <small> &emsp; &emsp;--- 16 Oct 10:12:37 893 - <b>1</b> - Spinner Load Wait: (Sync) - ICar.support.WaitUtils.waitForSpinner(WaitUtils.java:225)</small> </font> </div>
<div class="test-event"> <font color="maroon"> <small> &emsp; &emsp;--- 16 Oct 10:12:39 163 - Page URL:: https://i-car--staging.sandbox.lightning.force.com/lightning/r/account/0011i00000uwfebqae/view</small> </font> </div>
<div class="test-event"> <font color="maroon"> <small> &emsp; &emsp;--- 16 Oct 10:12:39 164 - <b>1</b> - Page Load Wait: (Sync) - ICar.support.Utils.waitForPageLoad(Utils.java:109)</small> </font> </div>
<div class="test-event"> <font color="maroon"> <small> &emsp; &emsp;--- 16 Oct 10:12:40 431 - Page URL:: https://i-car--staging.sandbox.lightning.force.com/lightning/r/account/0011i00000uwfebqae/view</small> </font> </div>
<div class="test-event"> <font color="maroon"> <small> &emsp; &emsp;--- 16 Oct 10:12:40 431 - <b>1</b> - Page Load Wait: (Sync) - ICar.support.Utils.waitForPageLoad(Utils.java:109)</small> </font> </div>
<div class="test-event"> <font color="maroon"> <small> &emsp; &emsp;--- 16 Oct 10:12:43 744 - Page URL:: https://i-car--staging.sandbox.lightning.force.com/lightning/r/account/0011i00000uwfebqae/view</small> </font> </div>
<div class="test-event"> <font color="maroon"> <small> &emsp; &emsp;--- 16 Oct 10:12:43 744 - <b>1</b> - Page Load Wait: (Sync) - ICar.support.Utils.waitForPageLoad(Utils.java:109)</small> </font> </div>
<!--FAIL-->
<div class="test-result"><br><font color="red"><strong> no such element: Unable to locate element: {"method":"xpath","selector":"//span[2][text()='Gold Class']"} </strong></font> <a href=".\ScreenShot\ICar_BAM642_TC01_41131238135500.png" target="_blank" >[ScreenShot]</a></div>&emsp;
&emsp;<div class="test-title"> <strong><font size = "3" color = "#0000FF">---Test Execution Ends---</font> </strong> </div>&emsp;]]>
    </system-out>
  </testcase> <!-- ICar_BAM642_TC01 -->
  <testcase classname="BAM_Misc.BAMtestscripts" name="ICar_BAM640_TC03" time="523.823">
    <error message="Index 0 out of bounds for length 0" type="java.lang.IndexOutOfBoundsException">
      <![CDATA[java.lang.IndexOutOfBoundsException: Index 0 out of bounds for length 0
at java.base/jdk.internal.util.Preconditions.outOfBounds(Preconditions.java:64)
at java.base/jdk.internal.util.Preconditions.outOfBoundsCheckIndex(Preconditions.java:70)
at java.base/jdk.internal.util.Preconditions.checkIndex(Preconditions.java:266)
at java.base/java.util.Objects.checkIndex(Objects.java:359)
at java.base/java.util.ArrayList.get(ArrayList.java:427)
at java.base/jdk.internal.reflect.GeneratedMethodAccessor5.invoke(Unknown Source)
at java.base/jdk.internal.reflect.DelegatingMethodAccessorImpl.invoke(DelegatingMethodAccessorImpl.java:43)
at java.base/java.lang.reflect.Method.invoke(Method.java:567)
at org.openqa.selenium.support.pagefactory.internal.LocatingElementListHandler.invoke(LocatingElementListHandler.java:39)
at jdk.proxy2/jdk.proxy2.$Proxy26.get(Unknown Source)
at ICar.Pages.SalesForcePages.clickOnsViewLink(SalesForcePages.java:19743)
at BAM_Misc.BAMtestscripts.ICar_BAM640_TC03(BAMtestscripts.java:1574)
at java.base/jdk.internal.reflect.NativeMethodAccessorImpl.invoke0(Native Method)
at java.base/jdk.internal.reflect.NativeMethodAccessorImpl.invoke(NativeMethodAccessorImpl.java:78)
at java.base/jdk.internal.reflect.DelegatingMethodAccessorImpl.invoke(DelegatingMethodAccessorImpl.java:43)
at java.base/java.lang.reflect.Method.invoke(Method.java:567)
at org.testng.internal.invokers.MethodInvocationHelper.invokeMethod(MethodInvocationHelper.java:139)
at org.testng.internal.invokers.TestInvoker.invokeMethod(TestInvoker.java:664)
at org.testng.internal.invokers.TestInvoker.invokeTestMethod(TestInvoker.java:227)
at org.testng.internal.invokers.TestMethodWithDataProviderMethodWorker.call(TestMethodWithDataProviderMethodWorker.java:80)
at org.testng.internal.invokers.TestMethodWithDataProviderMethodWorker.call(TestMethodWithDataProviderMethodWorker.java:17)
at java.base/java.util.concurrent.FutureTask.run(FutureTask.java:264)
at java.base/java.util.concurrent.Executors$RunnableAdapter.call(Executors.java:515)
at java.base/java.util.concurrent.FutureTask.run(FutureTask.java:264)
at java.base/java.util.concurrent.ThreadPoolExecutor.runWorker(ThreadPoolExecutor.java:1130)
at java.base/java.util.concurrent.ThreadPoolExecutor$Worker.run(ThreadPoolExecutor.java:630)
at java.base/java.lang.Thread.run(Thread.java:831)
]]>
    </error>
    <system-out>
      <![CDATA[<div class="test-event"> <font color="maroon"> <small> &emsp; &emsp;--- 16 Oct 09:58:19 178 - TestCaseID:: ICar_BAM640_TC03</small> </font> </div>
<div class="test-event"> <font color="maroon"> <small> &emsp; &emsp;--- 16 Oct 09:58:20 108 - <b>0</b> - Driver::initialize::Get - ICar.support.WebDriverFactory.getDriver(WebDriverFactory.java:640)</small> </font> </div>
&emsp;<div class="test-title"> <strong><font size = "3" color = "#000080">Verify the Start Date for the MSO transferred Student by the Segment support user should not be changed on the Account's Roster</font> </strong> </div>&emsp;<div><strong>Steps:</strong></div><!-- Report -->&emsp;
<div class="test-event"> <font color="maroon"> <small> &emsp; &emsp;--- 16 Oct 09:58:26 051 - Page URL:: https://i-car--staging.sandbox.my.salesforce.com/</small> </font> </div>
<div class="test-event"> <font color="maroon"> <small> &emsp; &emsp;--- 16 Oct 09:58:26 051 - <b>0</b> - Page Load Wait: (Sync) - ICar.support.Utils.waitForPageLoad(Utils.java:109)</small> </font> </div>
<div class="test-message">&emsp;Successfully navigated to 'Login' Page&emsp;<a href=".\ScreenShot\ICar_BAM640_TC03_40273486097700.png" target="_blank" >[ScreenShot]</a></div>
<div class="test-message">&emsp;1. Login page is launched.</div>
<div class="test-event"> <font color="maroon"> <small> &emsp; &emsp;--- 16 Oct 09:58:26 327 - Element is displayed:: [[ChromeDriver: chrome on WINDOWS (ca2ab41afecc55e80dc3bed9f32ce0d4)] -> id: username]</small> </font> </div>
<div class="test-event"> <font color="maroon"> <small> &emsp; &emsp;--- 16 Oct 09:58:26 387 - Element is displayed:: [[ChromeDriver: chrome on WINDOWS (ca2ab41afecc55e80dc3bed9f32ce0d4)] -> id: username]</small> </font> </div>
<div class="test-event"> <font color="maroon"> <small> &emsp; &emsp;--- 16 Oct 09:58:26 641 - Element is displayed:: [[ChromeDriver: chrome on WINDOWS (ca2ab41afecc55e80dc3bed9f32ce0d4)] -> id: password]</small> </font> </div>
<div class="test-event"> <font color="maroon"> <small> &emsp; &emsp;--- 16 Oct 09:58:27 737 - Element is displayed:: [[ChromeDriver: chrome on WINDOWS (ca2ab41afecc55e80dc3bed9f32ce0d4)] -> id: Login]</small> </font> </div>
<div class="test-event"> <font color="maroon"> <small> &emsp; &emsp;--- 16 Oct 09:58:56 678 - Catched spinner load exception due to Expected condition failed: waiting for ICar.support.WaitUtils$4@714addf7 (tried for 13 second(s) with 500 milliseconds interval)</small> </font> </div>
<div class="test-event"> <font color="maroon"> <small> &emsp; &emsp;--- 16 Oct 09:58:56 678 - <b>13</b> - Spinner Load Wait: (Sync) - ICar.support.WaitUtils.waitForSpinner(WaitUtils.java:225)</small> </font> </div>
<div class="test-event"> <font color="maroon"> <small> &emsp; &emsp;--- 16 Oct 09:59:14 669 - Catched spinner load exception due to Expected condition failed: waiting for ICar.support.WaitUtils$4@714addf7 (tried for 6 second(s) with 500 milliseconds interval)</small> </font> </div>
<div class="test-event"> <font color="maroon"> <small> &emsp; &emsp;--- 16 Oct 09:59:14 669 - <b>6</b> - Spinner Load Wait: (Sync) - ICar.support.WaitUtils.waitForSpinner(WaitUtils.java:225)</small> </font> </div>
<div class="test-event"> <font color="maroon"> <small> &emsp; &emsp;--- 16 Oct 09:59:14 775 - Element is displayed:: [[ChromeDriver: chrome on WINDOWS (ca2ab41afecc55e80dc3bed9f32ce0d4)] -> css selector: button[class*='search-button']]</small> </font> </div>
<div class="test-message">&emsp;2. Navigate to 'SalesForce Page'</div>
<div class="test-event"> <font color="maroon"> <small> &emsp; &emsp;--- 16 Oct 09:59:15 009 - Page URL:: https://i-car--staging.sandbox.lightning.force.com/lightning/r/order/801vc000015jgwuyau/view</small> </font> </div>
<div class="test-event"> <font color="maroon"> <small> &emsp; &emsp;--- 16 Oct 09:59:15 009 - <b>0</b> - Page Load Wait: (Sync) - ICar.support.Utils.waitForPageLoad(Utils.java:109)</small> </font> </div>
<div class="test-event"> <font color="maroon"> <small> &emsp; &emsp;--- 16 Oct 09:59:20 290 - Page URL:: https://i-car--staging.sandbox.lightning.force.com/lightning/r/order/801vc000015jgwuyau/view</small> </font> </div>
<div class="test-event"> <font color="maroon"> <small> &emsp; &emsp;--- 16 Oct 09:59:20 290 - <b>0</b> - Page Load Wait: (Sync) - ICar.support.Utils.waitForPageLoad(Utils.java:109)</small> </font> </div>
<div class="test-message">&emsp;Successfully navigated to 'Login' Page&emsp;<a href=".\ScreenShot\ICar_BAM640_TC03_40331852479300.png" target="_blank" >[ScreenShot]</a></div>
<div class="test-message">&emsp;3. Enter the user credentials as : icaradminautomation3@i-car.com.staging</div>
<div class="test-event"> <font color="maroon"> <small> &emsp; &emsp;--- 16 Oct 09:59:30 792 - Page URL:: https://i-car--staging.sandbox.lightning.force.com/lightning/r/order/801vc000015jgwuyau/view</small> </font> </div>
<div class="test-event"> <font color="maroon"> <small> &emsp; &emsp;--- 16 Oct 09:59:30 792 - <b>0</b> - Page Load Wait: (Sync) - ICar.support.Utils.waitForPageLoad(Utils.java:109)</small> </font> </div>
<div class="test-event"> <font color="maroon"> <small> &emsp; &emsp;--- 16 Oct 09:59:30 861 - Page URL:: https://i-car--staging.sandbox.lightning.force.com/lightning/r/order/801vc000015jgwuyau/view</small> </font> </div>
<div class="test-event"> <font color="maroon"> <small> &emsp; &emsp;--- 16 Oct 09:59:30 861 - <b>0</b> - Page Load Wait: (Sync) - ICar.support.Utils.waitForPageLoad(Utils.java:109)</small> </font> </div>
<div class="test-event"> <font color="maroon"> <small> &emsp; &emsp;--- 16 Oct 09:59:30 906 - Element is displayed:: [[ChromeDriver: chrome on WINDOWS (ca2ab41afecc55e80dc3bed9f32ce0d4)] -> xpath: //ul[@class='slds-global-actions']//div[@class='setupGear']]</small> </font> </div>
<div class="test-event"> <font color="maroon"> <small> &emsp; &emsp;--- 16 Oct 09:59:30 969 - Element is displayed:: [[ChromeDriver: chrome on WINDOWS (ca2ab41afecc55e80dc3bed9f32ce0d4)] -> xpath: //ul[@class='slds-global-actions']//div[@class='setupGear']]</small> </font> </div>
<div class="test-event"> <font color="maroon"> <small> &emsp; &emsp;--- 16 Oct 09:59:34 305 - Page URL:: https://i-car--staging.sandbox.lightning.force.com/lightning/r/order/801vc000015jgwuyau/view</small> </font> </div>
<div class="test-event"> <font color="maroon"> <small> &emsp; &emsp;--- 16 Oct 09:59:34 306 - <b>0</b> - Page Load Wait: (Sync) - ICar.support.Utils.waitForPageLoad(Utils.java:109)</small> </font> </div>
<div class="test-event"> <font color="maroon"> <small> &emsp; &emsp;--- 16 Oct 09:59:37 479 - Catched spinner load exception due to Expected condition failed: waiting for ICar.support.WaitUtils$4@714addf7 (tried for 3 second(s) with 500 milliseconds interval)</small> </font> </div>
<div class="test-event"> <font color="maroon"> <small> &emsp; &emsp;--- 16 Oct 09:59:37 480 - <b>3</b> - Spinner Load Wait: (Sync) - ICar.support.WaitUtils.waitForSpinner(WaitUtils.java:225)</small> </font> </div>
<div class="test-event"> <font color="maroon"> <small> &emsp; &emsp;--- 16 Oct 09:59:37 581 - Page URL:: https://i-car--staging.sandbox.lightning.force.com/lightning/r/order/801vc000015jgwuyau/view</small> </font> </div>
<div class="test-event"> <font color="maroon"> <small> &emsp; &emsp;--- 16 Oct 09:59:37 581 - <b>0</b> - Page Load Wait: (Sync) - ICar.support.Utils.waitForPageLoad(Utils.java:109)</small> </font> </div>
<div class="test-event"> <font color="maroon"> <small> &emsp; &emsp;--- 16 Oct 09:59:50 327 - Page URL:: https://i-car--staging.sandbox.my.salesforce-setup.com/lightning/setup/setuponehome/home</small> </font> </div>
<div class="test-event"> <font color="maroon"> <small> &emsp; &emsp;--- 16 Oct 09:59:50 327 - <b>12</b> - Page Load Wait: (Sync) - ICar.support.Utils.waitForPageLoad(Utils.java:109)</small> </font> </div>
<div class="test-event"> <font color="maroon"> <small> &emsp; &emsp;--- 16 Oct 09:59:55 563 - Page URL:: https://i-car--staging.sandbox.my.salesforce-setup.com/lightning/setup/setuponehome/home</small> </font> </div>
<div class="test-event"> <font color="maroon"> <small> &emsp; &emsp;--- 16 Oct 09:59:55 563 - <b>0</b> - Page Load Wait: (Sync) - ICar.support.Utils.waitForPageLoad(Utils.java:109)</small> </font> </div>
<div class="test-message">&emsp;Close the tab</div>
<div class="test-event"> <font color="maroon"> <small> &emsp; &emsp;--- 16 Oct 10:00:00 985 - Page URL:: https://i-car--staging.sandbox.my.salesforce-setup.com/lightning/setup/setuponehome/home</small> </font> </div>
<div class="test-event"> <font color="maroon"> <small> &emsp; &emsp;--- 16 Oct 10:00:00 985 - <b>0</b> - Page Load Wait: (Sync) - ICar.support.Utils.waitForPageLoad(Utils.java:109)</small> </font> </div>
<div class="test-event"> <font color="maroon"> <small> &emsp; &emsp;--- 16 Oct 10:00:12 806 - Unable to find an element after 2 sec ==> Proxy element for: AjaxElementLocator 'By.cssSelector: button[class*='search-button']'</small> </font> </div>
<div class="test-event"> <font color="maroon"> <small> &emsp; &emsp;--- 16 Oct 10:00:14 911 - Catched spinner load exception due to Expected condition failed: waiting for ICar.support.WaitUtils$4@714addf7 (tried for 2 second(s) with 500 milliseconds interval)</small> </font> </div>
<div class="test-event"> <font color="maroon"> <small> &emsp; &emsp;--- 16 Oct 10:00:14 911 - <b>2</b> - Spinner Load Wait: (Sync) - ICar.support.WaitUtils.waitForSpinner(WaitUtils.java:225)</small> </font> </div>
<div class="test-event"> <font color="maroon"> <small> &emsp; &emsp;--- 16 Oct 10:00:18 115 - Page URL:: https://i-car--staging.sandbox.my.salesforce-setup.com/lightning/setup/setuponehome/home</small> </font> </div>
<div class="test-event"> <font color="maroon"> <small> &emsp; &emsp;--- 16 Oct 10:00:18 115 - <b>0</b> - Page Load Wait: (Sync) - ICar.support.Utils.waitForPageLoad(Utils.java:109)</small> </font> </div>
<div class="test-event"> <font color="maroon"> <small> &emsp; &emsp;--- 16 Oct 10:00:21 198 - Element is displayed:: [[ChromeDriver: chrome on WINDOWS (ca2ab41afecc55e80dc3bed9f32ce0d4)] -> css selector: div[class*='uiInput--default'] input]</small> </font> </div>
<div class="test-event"> <font color="maroon"> <small> &emsp; &emsp;--- 16 Oct 10:00:38 101 - Catched spinner load exception due to Expected condition failed: waiting for ICar.support.WaitUtils$4@714addf7 (tried for 10 second(s) with 500 milliseconds interval)</small> </font> </div>
<div class="test-event"> <font color="maroon"> <small> &emsp; &emsp;--- 16 Oct 10:00:38 101 - <b>10</b> - Spinner Load Wait: (Sync) - ICar.support.WaitUtils.waitForSpinner(WaitUtils.java:225)</small> </font> </div>
<div class="test-event"> <font color="maroon"> <small> &emsp; &emsp;--- 16 Oct 10:00:38 358 - Page URL:: https://i-car--staging.sandbox.my.salesforce-setup.com/one/one.app#eyjjb21wb25lbnrezwyioijmb3jjzvnlyxjjadpzzwfyy2gilcjhdhryawj1dgvzijp7inrlcm0ioijtdgvwagfuawugu2vsawdtyw4ilcjzy29wzu1hcci6eyjsywjlbfbsdxjhbci6ilnldhvwiiwibmftzxnwywnlijoiu2v0dxailcj0exblijoive9qx1jfu1vmvfmifswiy29udgv4dci6eyjkaxnhymxlu3blbgxdb3jyzwn0aw9uijpmywxzzswizglzywjszuludgvudff1zxj5ijpmywxzzswic2vhcmnou291cmnlijoisu5qvvrfrevts1rpucj9lcjncm91celkijoirevgqvvmvcj9lcjzdgf0zsi6e319</small> </font> </div>
<div class="test-event"> <font color="maroon"> <small> &emsp; &emsp;--- 16 Oct 10:00:38 358 - <b>0</b> - Page Load Wait: (Sync) - ICar.support.Utils.waitForPageLoad(Utils.java:109)</small> </font> </div>
<div class="test-event"> <font color="maroon"> <small> &emsp; &emsp;--- 16 Oct 10:00:49 396 - Catched spinner load exception due to Expected condition failed: waiting for ICar.support.WaitUtils$4@714addf7 (tried for 11 second(s) with 500 milliseconds interval)</small> </font> </div>
<div class="test-event"> <font color="maroon"> <small> &emsp; &emsp;--- 16 Oct 10:00:49 396 - <b>11</b> - Spinner Load Wait: (Sync) - ICar.support.WaitUtils.waitForSpinner(WaitUtils.java:225)</small> </font> </div>
<div class="test-event"> <font color="maroon"> <small> &emsp; &emsp;--- 16 Oct 10:00:49 665 - Page URL:: https://i-car--staging.sandbox.my.salesforce-setup.com/one/one.app#eyjjb21wb25lbnrezwyioijmb3jjzvnlyxjjadpzzwfyy2gilcjhdhryawj1dgvzijp7inrlcm0ioijtdgvwagfuawugu2vsawdtyw4ilcjzy29wzu1hcci6eyjsywjlbfbsdxjhbci6ilnldhvwiiwibmftzxnwywnlijoiu2v0dxailcj0exblijoive9qx1jfu1vmvfmifswiy29udgv4dci6eyjkaxnhymxlu3blbgxdb3jyzwn0aw9uijpmywxzzswizglzywjszuludgvudff1zxj5ijpmywxzzswic2vhcmnou291cmnlijoisu5qvvrfrevts1rpucj9lcjncm91celkijoirevgqvvmvcj9lcjzdgf0zsi6e319</small> </font> </div>
<div class="test-event"> <font color="maroon"> <small> &emsp; &emsp;--- 16 Oct 10:00:49 665 - <b>0</b> - Page Load Wait: (Sync) - ICar.support.Utils.waitForPageLoad(Utils.java:109)</small> </font> </div>
<div class="test-event"> <font color="maroon"> <small> &emsp; &emsp;--- 16 Oct 10:00:49 711 - Element is displayed:: [[ChromeDriver: chrome on WINDOWS (ca2ab41afecc55e80dc3bed9f32ce0d4)] -> xpath: //a[@title='Top Results']//span[text()='Top Results']]</small> </font> </div>
<div class="test-event"> <font color="maroon"> <small> &emsp; &emsp;--- 16 Oct 10:00:50 214 - Page URL:: https://i-car--staging.sandbox.my.salesforce-setup.com/one/one.app#eyjjb21wb25lbnrezwyioijmb3jjzvnlyxjjadpzzwfyy2gilcjhdhryawj1dgvzijp7inrlcm0ioijtdgvwagfuawugu2vsawdtyw4ilcjzy29wzu1hcci6eyjsywjlbfbsdxjhbci6ilnldhvwiiwibmftzxnwywnlijoiu2v0dxailcj0exblijoive9qx1jfu1vmvfmifswiy29udgv4dci6eyjkaxnhymxlu3blbgxdb3jyzwn0aw9uijpmywxzzswizglzywjszuludgvudff1zxj5ijpmywxzzswic2vhcmnou291cmnlijoisu5qvvrfrevts1rpucj9lcjncm91celkijoirevgqvvmvcj9lcjzdgf0zsi6e319</small> </font> </div>
<div class="test-event"> <font color="maroon"> <small> &emsp; &emsp;--- 16 Oct 10:00:50 214 - <b>0</b> - Page Load Wait: (Sync) - ICar.support.Utils.waitForPageLoad(Utils.java:109)</small> </font> </div>
<div class="test-event"> <font color="maroon"> <small> &emsp; &emsp;--- 16 Oct 10:00:55 466 - Catched spinner load exception due to Expected condition failed: waiting for ICar.support.WaitUtils$4@714addf7 (tried for 5 second(s) with 500 milliseconds interval)</small> </font> </div>
<div class="test-event"> <font color="maroon"> <small> &emsp; &emsp;--- 16 Oct 10:00:55 466 - <b>5</b> - Spinner Load Wait: (Sync) - ICar.support.WaitUtils.waitForSpinner(WaitUtils.java:225)</small> </font> </div>
<div class="test-event"> <font color="maroon"> <small> &emsp; &emsp;--- 16 Oct 10:00:55 649 - Page URL:: https://i-car--staging.sandbox.my.salesforce-setup.com/one/one.app#eyjjb21wb25lbnrezwyioijmb3jjzvnlyxjjadpzzwfyy2gilcjhdhryawj1dgvzijp7inrlcm0ioijtdgvwagfuawugu2vsawdtyw4ilcjzy29wzu1hcci6eyjsywjlbfbsdxjhbci6ilnldhvwiiwibmftzxnwywnlijoiu2v0dxailcj0exblijoive9qx1jfu1vmvfmifswiy29udgv4dci6eyjkaxnhymxlu3blbgxdb3jyzwn0aw9uijpmywxzzswizglzywjszuludgvudff1zxj5ijpmywxzzswic2vhcmnou291cmnlijoisu5qvvrfrevts1rpucj9lcjncm91celkijoirevgqvvmvcj9lcjzdgf0zsi6e319</small> </font> </div>
<div class="test-event"> <font color="maroon"> <small> &emsp; &emsp;--- 16 Oct 10:00:55 649 - <b>0</b> - Page Load Wait: (Sync) - ICar.support.Utils.waitForPageLoad(Utils.java:109)</small> </font> </div>
<div class="test-event"> <font color="maroon"> <small> &emsp; &emsp;--- 16 Oct 10:00:55 989 - Page URL:: https://i-car--staging.sandbox.my.salesforce-setup.com/one/one.app#eyjjb21wb25lbnrezwyioijmb3jjzvnlyxjjadpzzwfyy2gilcjhdhryawj1dgvzijp7inrlcm0ioijtdgvwagfuawugu2vsawdtyw4ilcjzy29wzu1hcci6eyjsywjlbfbsdxjhbci6ilnldhvwiiwibmftzxnwywnlijoiu2v0dxailcj0exblijoive9qx1jfu1vmvfmifswiy29udgv4dci6eyjkaxnhymxlu3blbgxdb3jyzwn0aw9uijpmywxzzswizglzywjszuludgvudff1zxj5ijpmywxzzswic2vhcmnou291cmnlijoisu5qvvrfrevts1rpucj9lcjncm91celkijoirevgqvvmvcj9lcjzdgf0zsi6e319</small> </font> </div>
<div class="test-event"> <font color="maroon"> <small> &emsp; &emsp;--- 16 Oct 10:00:55 989 - <b>0</b> - Page Load Wait: (Sync) - ICar.support.Utils.waitForPageLoad(Utils.java:109)</small> </font> </div>
<div class="test-event"> <font color="maroon"> <small> &emsp; &emsp;--- 16 Oct 10:00:56 169 - Page URL:: https://i-car--staging.sandbox.my.salesforce-setup.com/one/one.app#eyjjb21wb25lbnrezwyioijmb3jjzvnlyxjjadpzzwfyy2gilcjhdhryawj1dgvzijp7inrlcm0ioijtdgvwagfuawugu2vsawdtyw4ilcjzy29wzu1hcci6eyjsywjlbfbsdxjhbci6ilnldhvwiiwibmftzxnwywnlijoiu2v0dxailcj0exblijoive9qx1jfu1vmvfmifswiy29udgv4dci6eyjkaxnhymxlu3blbgxdb3jyzwn0aw9uijpmywxzzswizglzywjszuludgvudff1zxj5ijpmywxzzswic2vhcmnou291cmnlijoisu5qvvrfrevts1rpucj9lcjncm91celkijoirevgqvvmvcj9lcjzdgf0zsi6e319</small> </font> </div>
<div class="test-event"> <font color="maroon"> <small> &emsp; &emsp;--- 16 Oct 10:00:56 169 - <b>0</b> - Page Load Wait: (Sync) - ICar.support.Utils.waitForPageLoad(Utils.java:109)</small> </font> </div>
<div class="test-event"> <font color="maroon"> <small> &emsp; &emsp;--- 16 Oct 10:01:21 229 - Catched spinner load exception due to Expected condition failed: waiting for ICar.support.WaitUtils$4@714addf7 (tried for 25 second(s) with 500 milliseconds interval)</small> </font> </div>
<div class="test-event"> <font color="maroon"> <small> &emsp; &emsp;--- 16 Oct 10:01:21 230 - <b>25</b> - Spinner Load Wait: (Sync) - ICar.support.WaitUtils.waitForSpinner(WaitUtils.java:225)</small> </font> </div>
<div class="test-event"> <font color="maroon"> <small> &emsp; &emsp;--- 16 Oct 10:01:21 430 - Page URL:: https://i-car--staging.sandbox.my.salesforce-setup.com/one/one.app#eyjjb21wb25lbnrezwyioijmb3jjzvnlyxjjadpzzwfyy2gilcjhdhryawj1dgvzijp7inrlcm0ioijtdgvwagfuawugu2vsawdtyw4ilcjzy29wzu1hcci6eyjsywjlbfbsdxjhbci6ilnldhvwiiwibmftzxnwywnlijoiu2v0dxailcj0exblijoive9qx1jfu1vmvfmifswiy29udgv4dci6eyjkaxnhymxlu3blbgxdb3jyzwn0aw9uijpmywxzzswizglzywjszuludgvudff1zxj5ijpmywxzzswic2vhcmnou291cmnlijoisu5qvvrfrevts1rpucj9lcjncm91celkijoirevgqvvmvcj9lcjzdgf0zsi6e319</small> </font> </div>
<div class="test-event"> <font color="maroon"> <small> &emsp; &emsp;--- 16 Oct 10:01:21 430 - <b>0</b> - Page Load Wait: (Sync) - ICar.support.Utils.waitForPageLoad(Utils.java:109)</small> </font> </div>
<div class="test-event"> <font color="maroon"> <small> &emsp; &emsp;--- 16 Oct 10:01:21 461 - Element is displayed:: [[ChromeDriver: chrome on WINDOWS (ca2ab41afecc55e80dc3bed9f32ce0d4)] -> css selector: div.forceSearchResultsRegion  div.resultsMultiWrapper >div > div table tbody td a]</small> </font> </div>
<div class="test-event"> <font color="maroon"> <small> &emsp; &emsp;--- 16 Oct 10:01:21 527 - Element is displayed:: [[ChromeDriver: chrome on WINDOWS (ca2ab41afecc55e80dc3bed9f32ce0d4)] -> css selector: div.forceSearchResultsRegion  div.resultsMultiWrapper >div > div table tbody td a]</small> </font> </div>
<div class="test-event"> <font color="maroon"> <small> &emsp; &emsp;--- 16 Oct 10:01:21 887 - Page URL:: https://i-car--staging.sandbox.my.salesforce-setup.com/one/one.app#eyjjb21wb25lbnrezwyioijmb3jjzvnlyxjjadpzzwfyy2gilcjhdhryawj1dgvzijp7inrlcm0ioijtdgvwagfuawugu2vsawdtyw4ilcjzy29wzu1hcci6eyjsywjlbfbsdxjhbci6ilnldhvwiiwibmftzxnwywnlijoiu2v0dxailcj0exblijoive9qx1jfu1vmvfmifswiy29udgv4dci6eyjkaxnhymxlu3blbgxdb3jyzwn0aw9uijpmywxzzswizglzywjszuludgvudff1zxj5ijpmywxzzswic2vhcmnou291cmnlijoisu5qvvrfrevts1rpucj9lcjncm91celkijoirevgqvvmvcj9lcjzdgf0zsi6e319</small> </font> </div>
<div class="test-event"> <font color="maroon"> <small> &emsp; &emsp;--- 16 Oct 10:01:21 887 - <b>0</b> - Page Load Wait: (Sync) - ICar.support.Utils.waitForPageLoad(Utils.java:109)</small> </font> </div>
<div class="test-event"> <font color="maroon"> <small> &emsp; &emsp;--- 16 Oct 10:01:42 193 - Catched spinner load exception due to Expected condition failed: waiting for ICar.support.WaitUtils$4@714addf7 (tried for 20 second(s) with 500 milliseconds interval)</small> </font> </div>
<div class="test-event"> <font color="maroon"> <small> &emsp; &emsp;--- 16 Oct 10:01:42 193 - <b>20</b> - Spinner Load Wait: (Sync) - ICar.support.WaitUtils.waitForSpinner(WaitUtils.java:225)</small> </font> </div>
<div class="test-event"> <font color="maroon"> <small> &emsp; &emsp;--- 16 Oct 10:01:42 313 - Page URL:: https://i-car--staging.sandbox.my.salesforce-setup.com/lightning/setup/manageusers/page?address=%2f0051i000000et3qqae%3fnoredirect%3d1%26isuserentityoverride%3d1%26returl%3d%252fsetup%252fhome</small> </font> </div>
<div class="test-event"> <font color="maroon"> <small> &emsp; &emsp;--- 16 Oct 10:01:42 313 - <b>0</b> - Page Load Wait: (Sync) - ICar.support.Utils.waitForPageLoad(Utils.java:109)</small> </font> </div>
<div class="test-event"> <font color="maroon"> <small> &emsp; &emsp;--- 16 Oct 10:01:42 430 - Page URL:: https://i-car--staging.sandbox.my.salesforce-setup.com/lightning/setup/manageusers/page?address=%2f0051i000000et3qqae%3fnoredirect%3d1%26isuserentityoverride%3d1%26returl%3d%252fsetup%252fhome</small> </font> </div>
<div class="test-event"> <font color="maroon"> <small> &emsp; &emsp;--- 16 Oct 10:01:42 430 - <b>0</b> - Page Load Wait: (Sync) - ICar.support.Utils.waitForPageLoad(Utils.java:109)</small> </font> </div>
<div class="test-event"> <font color="maroon"> <small> &emsp; &emsp;--- 16 Oct 10:01:46 546 - Element is displayed:: [[ChromeDriver: chrome on WINDOWS (ca2ab41afecc55e80dc3bed9f32ce0d4)] -> css selector: input[title='Login']]</small> </font> </div>
<div class="test-event"> <font color="maroon"> <small> &emsp; &emsp;--- 16 Oct 10:01:59 122 - Page URL:: https://i-car--staging.sandbox.lightning.force.com/one/one.app#eyjjb21wb25lbnrezwyioijvbmu6ywxvagfqywdliiwiyxr0cmlidxrlcyi6eyjhzgryzxnzijoiahr0chm6ly9plwnhci0tc3rhz2luzy0tyy5zyw5kym94lnzmlmzvcmnllmnvbs9hcgv4l1jvc3rlck1hbmfnzw1lbnq%2fswq9mdaxmukwmdawmhv3suhxin0sinn0yxrlijp7indzijoil2xpz2h0bmluzy9yl0fjy291bnqvmdaxmukwmdawmhv3suhxuueyl3zpzxcifx0%3d</small> </font> </div>
<div class="test-event"> <font color="maroon"> <small> &emsp; &emsp;--- 16 Oct 10:01:59 122 - <b>0</b> - Page Load Wait: (Sync) - ICar.support.Utils.waitForPageLoad(Utils.java:109)</small> </font> </div>
<div class="test-event"> <font color="maroon"> <small> &emsp; &emsp;--- 16 Oct 10:02:04 848 - Page URL:: https://i-car--staging.sandbox.lightning.force.com/one/one.app#eyjjb21wb25lbnrezwyioijvbmu6ywxvagfqywdliiwiyxr0cmlidxrlcyi6eyjhzgryzxnzijoiahr0chm6ly9plwnhci0tc3rhz2luzy0tyy5zyw5kym94lnzmlmzvcmnllmnvbs9hcgv4l1jvc3rlck1hbmfnzw1lbnq%2fswq9mdaxmukwmdawmhv3suhxin0sinn0yxrlijp7indzijoil2xpz2h0bmluzy9yl0fjy291bnqvmdaxmukwmdawmhv3suhxuueyl3zpzxcifx0%3d</small> </font> </div>
<div class="test-event"> <font color="maroon"> <small> &emsp; &emsp;--- 16 Oct 10:02:04 848 - <b>0</b> - Page Load Wait: (Sync) - ICar.support.Utils.waitForPageLoad(Utils.java:109)</small> </font> </div>
<div class="test-message">&emsp;Close the tab</div>
<div class="test-event"> <font color="maroon"> <small> &emsp; &emsp;--- 16 Oct 10:02:11 272 - Page URL:: https://i-car--staging.sandbox.lightning.force.com/one/one.app#eyjjb21wb25lbnrezwyioijvbmu6ywxvagfqywdliiwiyxr0cmlidxrlcyi6eyjhzgryzxnzijoiahr0chm6ly9plwnhci0tc3rhz2luzy0tyy5zyw5kym94lnzmlmzvcmnllmnvbs9hcgv4l1jvc3rlck1hbmfnzw1lbnq%2fswq9mdaxmukwmdawmhv3suhxin0sinn0yxrlijp7indzijoil2xpz2h0bmluzy9yl0fjy291bnqvmdaxmukwmdawmhv3suhxuueyl3zpzxcifx0%3d</small> </font> </div>
<div class="test-event"> <font color="maroon"> <small> &emsp; &emsp;--- 16 Oct 10:02:11 273 - <b>1</b> - Page Load Wait: (Sync) - ICar.support.Utils.waitForPageLoad(Utils.java:109)</small> </font> </div>
<div class="test-event"> <font color="maroon"> <small> &emsp; &emsp;--- 16 Oct 10:02:17 635 - Page URL:: https://i-car--staging.sandbox.lightning.force.com/one/one.app#eyjjb21wb25lbnrezwyioijvbmu6ywxvagfqywdliiwiyxr0cmlidxrlcyi6eyjhzgryzxnzijoiahr0chm6ly9plwnhci0tc3rhz2luzy0tyy5zyw5kym94lnzmlmzvcmnllmnvbs9hcgv4l1jvc3rlck1hbmfnzw1lbnq%2fswq9mdaxmukwmdawmhv3suhxin0sinn0yxrlijp7indzijoil2xpz2h0bmluzy9yl0fjy291bnqvmdaxmukwmdawmhv3suhxuueyl3zpzxcifx0%3d</small> </font> </div>
<div class="test-event"> <font color="maroon"> <small> &emsp; &emsp;--- 16 Oct 10:02:17 635 - <b>1</b> - Page Load Wait: (Sync) - ICar.support.Utils.waitForPageLoad(Utils.java:109)</small> </font> </div>
<div class="test-message">&emsp;Close the tab</div>
<div class="test-event"> <font color="maroon"> <small> &emsp; &emsp;--- 16 Oct 10:02:23 208 - Page URL:: https://i-car--staging.sandbox.lightning.force.com/lightning/o/case/list?filtername=00b1i000001lkoruam</small> </font> </div>
<div class="test-event"> <font color="maroon"> <small> &emsp; &emsp;--- 16 Oct 10:02:23 208 - <b>0</b> - Page Load Wait: (Sync) - ICar.support.Utils.waitForPageLoad(Utils.java:109)</small> </font> </div>
<div class="test-event"> <font color="maroon"> <small> &emsp; &emsp;--- 16 Oct 10:02:28 405 - Page URL:: https://i-car--staging.sandbox.lightning.force.com/lightning/o/case/list?filtername=00b1i000001lkoruam</small> </font> </div>
<div class="test-event"> <font color="maroon"> <small> &emsp; &emsp;--- 16 Oct 10:02:28 405 - <b>0</b> - Page Load Wait: (Sync) - ICar.support.Utils.waitForPageLoad(Utils.java:109)</small> </font> </div>
<div class="test-message">&emsp;Close the tab</div>
<div class="test-event"> <font color="maroon"> <small> &emsp; &emsp;--- 16 Oct 10:02:33 859 - Page URL:: https://i-car--staging.sandbox.lightning.force.com/lightning/o/case/list?filtername=00b1i000001lkoruam</small> </font> </div>
<div class="test-event"> <font color="maroon"> <small> &emsp; &emsp;--- 16 Oct 10:02:33 859 - <b>0</b> - Page Load Wait: (Sync) - ICar.support.Utils.waitForPageLoad(Utils.java:109)</small> </font> </div>
<div class="test-event"> <font color="maroon"> <small> &emsp; &emsp;--- 16 Oct 10:02:33 992 - Element is displayed:: [[ChromeDriver: chrome on WINDOWS (ca2ab41afecc55e80dc3bed9f32ce0d4)] -> css selector: button[class*='search-button']]</small> </font> </div>
<div class="test-event"> <font color="maroon"> <small> &emsp; &emsp;--- 16 Oct 10:02:36 097 - Catched spinner load exception due to Expected condition failed: waiting for ICar.support.WaitUtils$4@714addf7 (tried for 2 second(s) with 500 milliseconds interval)</small> </font> </div>
<div class="test-event"> <font color="maroon"> <small> &emsp; &emsp;--- 16 Oct 10:02:36 097 - <b>2</b> - Spinner Load Wait: (Sync) - ICar.support.WaitUtils.waitForSpinner(WaitUtils.java:225)</small> </font> </div>
<div class="test-event"> <font color="maroon"> <small> &emsp; &emsp;--- 16 Oct 10:02:39 166 - Element is displayed:: [[ChromeDriver: chrome on WINDOWS (ca2ab41afecc55e80dc3bed9f32ce0d4)] -> css selector: button[class*='search-button']]</small> </font> </div>
<div class="test-event"> <font color="maroon"> <small> &emsp; &emsp;--- 16 Oct 10:02:39 594 - Page URL:: https://i-car--staging.sandbox.lightning.force.com/lightning/o/case/list?filtername=00b1i000001lkoruam</small> </font> </div>
<div class="test-event"> <font color="maroon"> <small> &emsp; &emsp;--- 16 Oct 10:02:39 594 - <b>0</b> - Page Load Wait: (Sync) - ICar.support.Utils.waitForPageLoad(Utils.java:109)</small> </font> </div>
<div class="test-event"> <font color="maroon"> <small> &emsp; &emsp;--- 16 Oct 10:02:59 230 - Catched spinner load exception due to Expected condition failed: waiting for ICar.support.WaitUtils$4@714addf7 (tried for 10 second(s) with 500 milliseconds interval)</small> </font> </div>
<div class="test-event"> <font color="maroon"> <small> &emsp; &emsp;--- 16 Oct 10:02:59 230 - <b>10</b> - Spinner Load Wait: (Sync) - ICar.support.WaitUtils.waitForSpinner(WaitUtils.java:225)</small> </font> </div>
<div class="test-event"> <font color="maroon"> <small> &emsp; &emsp;--- 16 Oct 10:02:59 909 - Page URL:: https://i-car--staging.sandbox.lightning.force.com/one/one.app#eyjjb21wb25lbnrezwyioijmb3jjzvnlyxjjadpzzwfyy2hqywdlrgvza3rvccisimf0dhjpynv0zxmionsidgvybsi6ikdlcmjlcibdb2xsaxnpb24gjibhbgfzcyatieftc3rlcmrhbsisinnjb3bltwfwijp7inr5cguioijut1bfukvtvuxuuyisim5hbwvzcgfjzsi6iiisimxhymvsijoivg9wifjlc3vsdhmilcjsywjlbfbsdxjhbci6ilrvccbszxn1bhrziiwicmvzdwx0c0ntcci6imzvcmnlu2vhcmnoonbyzwrpy3rlzfjlc3vsdhmifswiy29udgv4dci6eyjgsuxurvjtijp7fswic2vhcmnou291cmnlijoiqvntsvnuqu5ux0rjquxpryisimrpc2fibgvjbnrlbnrrdwvyesi6zmfsc2usimrpc2fibgvtcgvsbenvcnjly3rpb24iomzhbhnllcjzzwfyy2heawfsb2dtzxnzaw9uswqioiiwodlknjuzni1mntezlwjkmdktmdkyni0yowrkm2y3mjq0yjmilcjkzwj1z0luzm8ionsiyxbwtmftzsi6ikldyxjfu2vydmljzv9db25zb2xliiwiyxbwvhlwzsi6iknvbnnvbguilcjhchboyw1lc3bhy2uioijjiiwibg9jyxrpb24ioijmb3jjztpvymply3rib21lrgvza3rvccisinnvymply3ruexblijoiq2fzzsj9fswiz3jvdxbjzci6ikrfrkfvtfqifswic3rhdguiont9fq%3d%3d</small> </font> </div>
<div class="test-event"> <font color="maroon"> <small> &emsp; &emsp;--- 16 Oct 10:02:59 909 - <b>0</b> - Page Load Wait: (Sync) - ICar.support.Utils.waitForPageLoad(Utils.java:109)</small> </font> </div>
<div class="test-event"> <font color="maroon"> <small> &emsp; &emsp;--- 16 Oct 10:03:11 410 - Catched spinner load exception due to Expected condition failed: waiting for ICar.support.WaitUtils$4@714addf7 (tried for 11 second(s) with 500 milliseconds interval)</small> </font> </div>
<div class="test-event"> <font color="maroon"> <small> &emsp; &emsp;--- 16 Oct 10:03:11 410 - <b>11</b> - Spinner Load Wait: (Sync) - ICar.support.WaitUtils.waitForSpinner(WaitUtils.java:225)</small> </font> </div>
<div class="test-event"> <font color="maroon"> <small> &emsp; &emsp;--- 16 Oct 10:03:12 158 - Page URL:: https://i-car--staging.sandbox.lightning.force.com/one/one.app#eyjjb21wb25lbnrezwyioijmb3jjzvnlyxjjadpzzwfyy2hqywdlrgvza3rvccisimf0dhjpynv0zxmionsidgvybsi6ikdlcmjlcibdb2xsaxnpb24gjibhbgfzcyatieftc3rlcmrhbsisinnjb3bltwfwijp7inr5cguioijut1bfukvtvuxuuyisim5hbwvzcgfjzsi6iiisimxhymvsijoivg9wifjlc3vsdhmilcjsywjlbfbsdxjhbci6ilrvccbszxn1bhrziiwicmvzdwx0c0ntcci6imzvcmnlu2vhcmnoonbyzwrpy3rlzfjlc3vsdhmifswiy29udgv4dci6eyjgsuxurvjtijp7fswic2vhcmnou291cmnlijoiqvntsvnuqu5ux0rjquxpryisimrpc2fibgvjbnrlbnrrdwvyesi6zmfsc2usimrpc2fibgvtcgvsbenvcnjly3rpb24iomzhbhnllcjzzwfyy2heawfsb2dtzxnzaw9uswqioiiwodlknjuzni1mntezlwjkmdktmdkyni0yowrkm2y3mjq0yjmilcjkzwj1z0luzm8ionsiyxbwtmftzsi6ikldyxjfu2vydmljzv9db25zb2xliiwiyxbwvhlwzsi6iknvbnnvbguilcjhchboyw1lc3bhy2uioijjiiwibg9jyxrpb24ioijmb3jjztpvymply3rib21lrgvza3rvccisinnvymply3ruexblijoiq2fzzsj9fswiz3jvdxbjzci6ikrfrkfvtfqifswic3rhdguiont9fq%3d%3d</small> </font> </div>
<div class="test-event"> <font color="maroon"> <small> &emsp; &emsp;--- 16 Oct 10:03:12 158 - <b>0</b> - Page Load Wait: (Sync) - ICar.support.Utils.waitForPageLoad(Utils.java:109)</small> </font> </div>
<div class="test-event"> <font color="maroon"> <small> &emsp; &emsp;--- 16 Oct 10:03:12 411 - Element is displayed:: [[ChromeDriver: chrome on WINDOWS (ca2ab41afecc55e80dc3bed9f32ce0d4)] -> xpath: //a[@title='Top Results']//span[text()='Top Results']]</small> </font> </div>
<div class="test-event"> <font color="maroon"> <small> &emsp; &emsp;--- 16 Oct 10:03:12 995 - Page URL:: https://i-car--staging.sandbox.lightning.force.com/one/one.app#eyjjb21wb25lbnrezwyioijmb3jjzvnlyxjjadpzzwfyy2hqywdlrgvza3rvccisimf0dhjpynv0zxmionsidgvybsi6ikdlcmjlcibdb2xsaxnpb24gjibhbgfzcyatieftc3rlcmrhbsisinnjb3bltwfwijp7inr5cguioijut1bfukvtvuxuuyisim5hbwvzcgfjzsi6iiisimxhymvsijoivg9wifjlc3vsdhmilcjsywjlbfbsdxjhbci6ilrvccbszxn1bhrziiwicmvzdwx0c0ntcci6imzvcmnlu2vhcmnoonbyzwrpy3rlzfjlc3vsdhmifswiy29udgv4dci6eyjgsuxurvjtijp7fswic2vhcmnou291cmnlijoiqvntsvnuqu5ux0rjquxpryisimrpc2fibgvjbnrlbnrrdwvyesi6zmfsc2usimrpc2fibgvtcgvsbenvcnjly3rpb24iomzhbhnllcjzzwfyy2heawfsb2dtzxnzaw9uswqioiiwodlknjuzni1mntezlwjkmdktmdkyni0yowrkm2y3mjq0yjmilcjkzwj1z0luzm8ionsiyxbwtmftzsi6ikldyxjfu2vydmljzv9db25zb2xliiwiyxbwvhlwzsi6iknvbnnvbguilcjhchboyw1lc3bhy2uioijjiiwibg9jyxrpb24ioijmb3jjztpvymply3rib21lrgvza3rvccisinnvymply3ruexblijoiq2fzzsj9fswiz3jvdxbjzci6ikrfrkfvtfqifswic3rhdguiont9fq%3d%3d</small> </font> </div>
<div class="test-event"> <font color="maroon"> <small> &emsp; &emsp;--- 16 Oct 10:03:12 995 - <b>0</b> - Page Load Wait: (Sync) - ICar.support.Utils.waitForPageLoad(Utils.java:109)</small> </font> </div>
<div class="test-event"> <font color="maroon"> <small> &emsp; &emsp;--- 16 Oct 10:03:18 310 - Catched spinner load exception due to Expected condition failed: waiting for ICar.support.WaitUtils$4@714addf7 (tried for 5 second(s) with 500 milliseconds interval)</small> </font> </div>
<div class="test-event"> <font color="maroon"> <small> &emsp; &emsp;--- 16 Oct 10:03:18 310 - <b>5</b> - Spinner Load Wait: (Sync) - ICar.support.WaitUtils.waitForSpinner(WaitUtils.java:225)</small> </font> </div>
<div class="test-event"> <font color="maroon"> <small> &emsp; &emsp;--- 16 Oct 10:03:18 990 - Page URL:: https://i-car--staging.sandbox.lightning.force.com/one/one.app#eyjjb21wb25lbnrezwyioijmb3jjzvnlyxjjadpzzwfyy2hqywdlrgvza3rvccisimf0dhjpynv0zxmionsidgvybsi6ikdlcmjlcibdb2xsaxnpb24gjibhbgfzcyatieftc3rlcmrhbsisinnjb3bltwfwijp7inr5cguioijut1bfukvtvuxuuyisim5hbwvzcgfjzsi6iiisimxhymvsijoivg9wifjlc3vsdhmilcjsywjlbfbsdxjhbci6ilrvccbszxn1bhrziiwicmvzdwx0c0ntcci6imzvcmnlu2vhcmnoonbyzwrpy3rlzfjlc3vsdhmifswiy29udgv4dci6eyjgsuxurvjtijp7fswic2vhcmnou291cmnlijoiqvntsvnuqu5ux0rjquxpryisimrpc2fibgvjbnrlbnrrdwvyesi6zmfsc2usimrpc2fibgvtcgvsbenvcnjly3rpb24iomzhbhnllcjzzwfyy2heawfsb2dtzxnzaw9uswqioiiwodlknjuzni1mntezlwjkmdktmdkyni0yowrkm2y3mjq0yjmilcjkzwj1z0luzm8ionsiyxbwtmftzsi6ikldyxjfu2vydmljzv9db25zb2xliiwiyxbwvhlwzsi6iknvbnnvbguilcjhchboyw1lc3bhy2uioijjiiwibg9jyxrpb24ioijmb3jjztpvymply3rib21lrgvza3rvccisinnvymply3ruexblijoiq2fzzsj9fswiz3jvdxbjzci6ikrfrkfvtfqifswic3rhdguiont9fq%3d%3d</small> </font> </div>
<div class="test-event"> <font color="maroon"> <small> &emsp; &emsp;--- 16 Oct 10:03:18 990 - <b>0</b> - Page Load Wait: (Sync) - ICar.support.Utils.waitForPageLoad(Utils.java:109)</small> </font> </div>
<div class="test-event"> <font color="maroon"> <small> &emsp; &emsp;--- 16 Oct 10:03:19 632 - Page URL:: https://i-car--staging.sandbox.lightning.force.com/one/one.app#eyjjb21wb25lbnrezwyioijmb3jjzvnlyxjjadpzzwfyy2hqywdlrgvza3rvccisimf0dhjpynv0zxmionsidgvybsi6ikdlcmjlcibdb2xsaxnpb24gjibhbgfzcyatieftc3rlcmrhbsisinnjb3bltwfwijp7inr5cguioijut1bfukvtvuxuuyisim5hbwvzcgfjzsi6iiisimxhymvsijoivg9wifjlc3vsdhmilcjsywjlbfbsdxjhbci6ilrvccbszxn1bhrziiwicmvzdwx0c0ntcci6imzvcmnlu2vhcmnoonbyzwrpy3rlzfjlc3vsdhmifswiy29udgv4dci6eyjgsuxurvjtijp7fswic2vhcmnou291cmnlijoiqvntsvnuqu5ux0rjquxpryisimrpc2fibgvjbnrlbnrrdwvyesi6zmfsc2usimrpc2fibgvtcgvsbenvcnjly3rpb24iomzhbhnllcjzzwfyy2heawfsb2dtzxnzaw9uswqioiiwodlknjuzni1mntezlwjkmdktmdkyni0yowrkm2y3mjq0yjmilcjkzwj1z0luzm8ionsiyxbwtmftzsi6ikldyxjfu2vydmljzv9db25zb2xliiwiyxbwvhlwzsi6iknvbnnvbguilcjhchboyw1lc3bhy2uioijjiiwibg9jyxrpb24ioijmb3jjztpvymply3rib21lrgvza3rvccisinnvymply3ruexblijoiq2fzzsj9fswiz3jvdxbjzci6ikrfrkfvtfqifswic3rhdguiont9fq%3d%3d</small> </font> </div>
<div class="test-event"> <font color="maroon"> <small> &emsp; &emsp;--- 16 Oct 10:03:19 632 - <b>0</b> - Page Load Wait: (Sync) - ICar.support.Utils.waitForPageLoad(Utils.java:109)</small> </font> </div>
<div class="test-event"> <font color="maroon"> <small> &emsp; &emsp;--- 16 Oct 10:03:20 621 - Page URL:: https://i-car--staging.sandbox.lightning.force.com/one/one.app#eyjjb21wb25lbnrezwyioijmb3jjzvnlyxjjadpzzwfyy2hqywdlrgvza3rvccisimf0dhjpynv0zxmionsidgvybsi6ikdlcmjlcibdb2xsaxnpb24gjibhbgfzcyatieftc3rlcmrhbsisinnjb3bltwfwijp7inr5cguioijut1bfukvtvuxuuyisim5hbwvzcgfjzsi6iiisimxhymvsijoivg9wifjlc3vsdhmilcjsywjlbfbsdxjhbci6ilrvccbszxn1bhrziiwicmvzdwx0c0ntcci6imzvcmnlu2vhcmnoonbyzwrpy3rlzfjlc3vsdhmifswiy29udgv4dci6eyjgsuxurvjtijp7fswic2vhcmnou291cmnlijoiqvntsvnuqu5ux0rjquxpryisimrpc2fibgvjbnrlbnrrdwvyesi6zmfsc2usimrpc2fibgvtcgvsbenvcnjly3rpb24iomzhbhnllcjzzwfyy2heawfsb2dtzxnzaw9uswqioiiwodlknjuzni1mntezlwjkmdktmdkyni0yowrkm2y3mjq0yjmilcjkzwj1z0luzm8ionsiyxbwtmftzsi6ikldyxjfu2vydmljzv9db25zb2xliiwiyxbwvhlwzsi6iknvbnnvbguilcjhchboyw1lc3bhy2uioijjiiwibg9jyxrpb24ioijmb3jjztpvymply3rib21lrgvza3rvccisinnvymply3ruexblijoiq2fzzsj9fswiz3jvdxbjzci6ikrfrkfvtfqifswic3rhdguiont9fq%3d%3d</small> </font> </div>
<div class="test-event"> <font color="maroon"> <small> &emsp; &emsp;--- 16 Oct 10:03:20 621 - <b>0</b> - Page Load Wait: (Sync) - ICar.support.Utils.waitForPageLoad(Utils.java:109)</small> </font> </div>
<div class="test-event"> <font color="maroon"> <small> &emsp; &emsp;--- 16 Oct 10:03:31 027 - Catched spinner load exception due to Expected condition failed: waiting for ICar.support.WaitUtils$4@714addf7 (tried for 10 second(s) with 500 milliseconds interval)</small> </font> </div>
<div class="test-event"> <font color="maroon"> <small> &emsp; &emsp;--- 16 Oct 10:03:31 027 - <b>10</b> - Spinner Load Wait: (Sync) - ICar.support.WaitUtils.waitForSpinner(WaitUtils.java:225)</small> </font> </div>
<div class="test-event"> <font color="maroon"> <small> &emsp; &emsp;--- 16 Oct 10:03:31 061 - Element is displayed:: [[ChromeDriver: chrome on WINDOWS (ca2ab41afecc55e80dc3bed9f32ce0d4)] -> css selector: div.forceSearchResultsRegion div.resultsMultiWrapper >div > div table tbody th a]</small> </font> </div>
<div class="test-event"> <font color="maroon"> <small> &emsp; &emsp;--- 16 Oct 10:03:31 152 - Element is displayed:: [[ChromeDriver: chrome on WINDOWS (ca2ab41afecc55e80dc3bed9f32ce0d4)] -> css selector: div.forceSearchResultsRegion div.resultsMultiWrapper >div > div table tbody th a]</small> </font> </div>
<div class="test-message">&emsp;4. click on Account : Gerber Collision & Glass - Amsterdam</div>
<div class="test-event"> <font color="maroon"> <small> &emsp; &emsp;--- 16 Oct 10:03:32 376 - Page URL:: https://i-car--staging.sandbox.lightning.force.com/one/one.app#eyjjb21wb25lbnrezwyioijmb3jjzvnlyxjjadpzzwfyy2hqywdlrgvza3rvccisimf0dhjpynv0zxmionsidgvybsi6ikdlcmjlcibdb2xsaxnpb24gjibhbgfzcyatieftc3rlcmrhbsisinnjb3bltwfwijp7inr5cguioijut1bfukvtvuxuuyisim5hbwvzcgfjzsi6iiisimxhymvsijoivg9wifjlc3vsdhmilcjsywjlbfbsdxjhbci6ilrvccbszxn1bhrziiwicmvzdwx0c0ntcci6imzvcmnlu2vhcmnoonbyzwrpy3rlzfjlc3vsdhmifswiy29udgv4dci6eyjgsuxurvjtijp7fswic2vhcmnou291cmnlijoiqvntsvnuqu5ux0rjquxpryisimrpc2fibgvjbnrlbnrrdwvyesi6zmfsc2usimrpc2fibgvtcgvsbenvcnjly3rpb24iomzhbhnllcjzzwfyy2heawfsb2dtzxnzaw9uswqioiiwodlknjuzni1mntezlwjkmdktmdkyni0yowrkm2y3mjq0yjmilcjkzwj1z0luzm8ionsiyxbwtmftzsi6ikldyxjfu2vydmljzv9db25zb2xliiwiyxbwvhlwzsi6iknvbnnvbguilcjhchboyw1lc3bhy2uioijjiiwibg9jyxrpb24ioijmb3jjztpvymply3rib21lrgvza3rvccisinnvymply3ruexblijoiq2fzzsj9fswiz3jvdxbjzci6ikrfrkfvtfqifswic3rhdguiont9fq%3d%3d</small> </font> </div>
<div class="test-event"> <font color="maroon"> <small> &emsp; &emsp;--- 16 Oct 10:03:32 377 - <b>1</b> - Page Load Wait: (Sync) - ICar.support.Utils.waitForPageLoad(Utils.java:109)</small> </font> </div>
<div class="test-event"> <font color="maroon"> <small> &emsp; &emsp;--- 16 Oct 10:03:47 465 - Catched spinner load exception due to Expected condition failed: waiting for ICar.support.WaitUtils$4@714addf7 (tried for 15 second(s) with 500 milliseconds interval)</small> </font> </div>
<div class="test-event"> <font color="maroon"> <small> &emsp; &emsp;--- 16 Oct 10:03:47 465 - <b>15</b> - Spinner Load Wait: (Sync) - ICar.support.WaitUtils.waitForSpinner(WaitUtils.java:225)</small> </font> </div>
<div class="test-event"> <font color="maroon"> <small> &emsp; &emsp;--- 16 Oct 10:03:48 141 - Page URL:: https://i-car--staging.sandbox.lightning.force.com/lightning/r/account/0011i00000uwihwqa2/view</small> </font> </div>
<div class="test-event"> <font color="maroon"> <small> &emsp; &emsp;--- 16 Oct 10:03:48 142 - <b>0</b> - Page Load Wait: (Sync) - ICar.support.Utils.waitForPageLoad(Utils.java:109)</small> </font> </div>
<div class="test-event"> <font color="maroon"> <small> &emsp; &emsp;--- 16 Oct 10:03:50 301 - Element is displayed:: [[ChromeDriver: chrome on WINDOWS (ca2ab41afecc55e80dc3bed9f32ce0d4)] -> xpath: //button[normalize-space()='Roster']]</small> </font> </div>
<div class="test-event"> <font color="maroon"> <small> &emsp; &emsp;--- 16 Oct 10:03:51 042 - Page URL:: https://i-car--staging.sandbox.lightning.force.com/lightning/r/account/0011i00000uwihwqa2/view</small> </font> </div>
<div class="test-event"> <font color="maroon"> <small> &emsp; &emsp;--- 16 Oct 10:03:51 042 - <b>0</b> - Page Load Wait: (Sync) - ICar.support.Utils.waitForPageLoad(Utils.java:109)</small> </font> </div>
<div class="test-event"> <font color="maroon"> <small> &emsp; &emsp;--- 16 Oct 10:03:51 768 - Page URL:: https://i-car--staging.sandbox.lightning.force.com/lightning/r/account/0011i00000uwihwqa2/view</small> </font> </div>
<div class="test-event"> <font color="maroon"> <small> &emsp; &emsp;--- 16 Oct 10:03:51 768 - <b>0</b> - Page Load Wait: (Sync) - ICar.support.Utils.waitForPageLoad(Utils.java:109)</small> </font> </div>
<div class="test-event"> <font color="maroon"> <small> &emsp; &emsp;--- 16 Oct 10:04:06 798 - Catched spinner load exception due to Expected condition failed: waiting for ICar.support.WaitUtils$4@714addf7 (tried for 15 second(s) with 500 milliseconds interval)</small> </font> </div>
<div class="test-event"> <font color="maroon"> <small> &emsp; &emsp;--- 16 Oct 10:04:06 798 - <b>15</b> - Spinner Load Wait: (Sync) - ICar.support.WaitUtils.waitForSpinner(WaitUtils.java:225)</small> </font> </div>
<div class="test-event"> <font color="maroon"> <small> &emsp; &emsp;--- 16 Oct 10:04:07 771 - Page URL:: https://i-car--staging.sandbox.lightning.force.com/one/one.app#eyjjb21wb25lbnrezwyioijvbmu6ywxvagfqywdliiwiyxr0cmlidxrlcyi6eyjhzgryzxnzijoiahr0chm6ly9plwnhci0tc3rhz2luzy0tyy5zyw5kym94lnzmlmzvcmnllmnvbs9hcgv4l1jvc3rlck1hbmfnzw1lbnq%2fswq9mdaxmukwmdawmhv3suhxin0sinn0yxrlijp7indzijoil2xpz2h0bmluzy9yl0fjy291bnqvmdaxmukwmdawmhv3suhxuueyl3zpzxcifx0%3d</small> </font> </div>
<div class="test-event"> <font color="maroon"> <small> &emsp; &emsp;--- 16 Oct 10:04:07 771 - <b>0</b> - Page Load Wait: (Sync) - ICar.support.Utils.waitForPageLoad(Utils.java:109)</small> </font> </div>
<div class="test-message">&emsp;5. Click on account roster Gerber Collision & Glass - Amsterdam</div>
<div class="test-event"> <font color="maroon"> <small> &emsp; &emsp;--- 16 Oct 10:04:18 284 - Catched spinner load exception due to Expected condition failed: waiting for ICar.support.WaitUtils$4@714addf7 (tried for 10 second(s) with 500 milliseconds interval)</small> </font> </div>
<div class="test-event"> <font color="maroon"> <small> &emsp; &emsp;--- 16 Oct 10:04:18 285 - <b>10</b> - Spinner Load Wait: (Sync) - ICar.support.WaitUtils.waitForSpinner(WaitUtils.java:225)</small> </font> </div>
<div class="test-event"> <font color="maroon"> <small> &emsp; &emsp;--- 16 Oct 10:04:20 508 - Element is displayed:: [[ChromeDriver: chrome on WINDOWS (ca2ab41afecc55e80dc3bed9f32ce0d4)] -> xpath: //span[text()='All']]</small> </font> </div>
<div class="test-event"> <font color="maroon"> <small> &emsp; &emsp;--- 16 Oct 10:04:28 841 - Catched spinner load exception due to Expected condition failed: waiting for ICar.support.WaitUtils$4@714addf7 (tried for 5 second(s) with 500 milliseconds interval)</small> </font> </div>
<div class="test-event"> <font color="maroon"> <small> &emsp; &emsp;--- 16 Oct 10:04:28 841 - <b>5</b> - Spinner Load Wait: (Sync) - ICar.support.WaitUtils.waitForSpinner(WaitUtils.java:225)</small> </font> </div>
<div class="test-event"> <font color="maroon"> <small> &emsp; &emsp;--- 16 Oct 10:04:32 971 - Page URL:: https://i-car--staging.sandbox.lightning.force.com/one/one.app#eyjjb21wb25lbnrezwyioijvbmu6ywxvagfqywdliiwiyxr0cmlidxrlcyi6eyjhzgryzxnzijoiahr0chm6ly9plwnhci0tc3rhz2luzy0tyy5zyw5kym94lnzmlmzvcmnllmnvbs9hcgv4l1jvc3rlck1hbmfnzw1lbnq%2fswq9mdaxmukwmdawmhv3suhxin0sinn0yxrlijp7indzijoil2xpz2h0bmluzy9yl0fjy291bnqvmdaxmukwmdawmhv3suhxuueyl3zpzxcifx0%3d</small> </font> </div>
<div class="test-event"> <font color="maroon"> <small> &emsp; &emsp;--- 16 Oct 10:04:32 971 - <b>0</b> - Page Load Wait: (Sync) - ICar.support.Utils.waitForPageLoad(Utils.java:109)</small> </font> </div>
<div class="test-event"> <font color="maroon"> <small> &emsp; &emsp;--- 16 Oct 10:04:48 048 - Catched spinner load exception due to Expected condition failed: waiting for ICar.support.WaitUtils$4@714addf7 (tried for 15 second(s) with 500 milliseconds interval)</small> </font> </div>
<div class="test-event"> <font color="maroon"> <small> &emsp; &emsp;--- 16 Oct 10:04:48 048 - <b>15</b> - Spinner Load Wait: (Sync) - ICar.support.WaitUtils.waitForSpinner(WaitUtils.java:225)</small> </font> </div>
<div class="test-event"> <font color="maroon"> <small> &emsp; &emsp;--- 16 Oct 10:04:48 996 - Page URL:: https://i-car--staging.sandbox.lightning.force.com/one/one.app#eyjjb21wb25lbnrezwyioijvbmu6ywxvagfqywdliiwiyxr0cmlidxrlcyi6eyjhzgryzxnzijoiahr0chm6ly9plwnhci0tc3rhz2luzy0tyy5zyw5kym94lnzmlmzvcmnllmnvbs9hcgv4l1jvc3rlck1hbmfnzw1lbnq%2fswq9mdaxmukwmdawmhv3suhxin0sinn0yxrlijp7indzijoil2xpz2h0bmluzy9yl0fjy291bnqvmdaxmukwmdawmhv3suhxuueyl3zpzxcifx0%3d</small> </font> </div>
<div class="test-event"> <font color="maroon"> <small> &emsp; &emsp;--- 16 Oct 10:04:48 997 - <b>0</b> - Page Load Wait: (Sync) - ICar.support.Utils.waitForPageLoad(Utils.java:109)</small> </font> </div>
<div class="test-message">&emsp;Exception occurred while fetching employement start date from account roster org.openqa.selenium.NoSuchElementException: no such element: Unable to locate element: {"method":"xpath","selector":"(//table[@class='slds-table slds-table_cell-buffer slds-table_bordered'])[last()]/tbody/tr/td[@data-label='sName']/div[@title='Moore, Patrick']//parent::td//following-sibling::td[@data-label='startDate']/div/div/span"}
  (Session info: chrome=129.0.6668.101)
For documentation on this error, please visit: https://selenium.dev/exceptions/#no_such_element
Build info: version: '4.6.0', revision: '79f1c02ae20'
System info: os.name: 'Windows 10', os.arch: 'amd64', os.version: '10.0', java.version: '16.0.2'
Driver info: org.openqa.selenium.chrome.ChromeDriver
Command: [ca2ab41afecc55e80dc3bed9f32ce0d4, findElement {using=xpath, value=(//table[@class='slds-table slds-table_cell-buffer slds-table_bordered'])[last()]/tbody/tr/td[@data-label='sName']/div[@title='Moore, Patrick']//parent::td//following-sibling::td[@data-label='startDate']/div/div/span}]
Capabilities {acceptInsecureCerts: false, browserName: chrome, browserVersion: 129.0.6668.101, chrome: {chromedriverVersion: 129.0.6668.58 (81a06fb873a9..., userDataDir: C:\Users\PRATHA~1.KUM\AppDa...}, fedcm:accounts: true, goog:chromeOptions: {debuggerAddress: localhost:54110}, networkConnectionEnabled: false, pageLoadStrategy: normal, platformName: WINDOWS, proxy: Proxy(), se:cdp: ws://localhost:54110/devtoo..., se:cdpVersion: 129.0.6668.101, setWindowRect: true, strictFileInteractability: false, timeouts: {implicit: 0, pageLoad: 300000, script: 30000}, unhandledPromptBehavior: dismiss and notify, webauthn:extension:credBlob: true, webauthn:extension:largeBlob: true, webauthn:extension:minPinLength: true, webauthn:extension:prf: true, webauthn:virtualAuthenticators: true}
Session ID: ca2ab41afecc55e80dc3bed9f32ce0d4</div>
<div class="test-event"> <font color="maroon"> <small> &emsp; &emsp;--- 16 Oct 10:04:49 989 - Page URL:: https://i-car--staging.sandbox.lightning.force.com/one/one.app#eyjjb21wb25lbnrezwyioijvbmu6ywxvagfqywdliiwiyxr0cmlidxrlcyi6eyjhzgryzxnzijoiahr0chm6ly9plwnhci0tc3rhz2luzy0tyy5zyw5kym94lnzmlmzvcmnllmnvbs9hcgv4l1jvc3rlck1hbmfnzw1lbnq%2fswq9mdaxmukwmdawmhv3suhxin0sinn0yxrlijp7indzijoil2xpz2h0bmluzy9yl0fjy291bnqvmdaxmukwmdawmhv3suhxuueyl3zpzxcifx0%3d</small> </font> </div>
<div class="test-event"> <font color="maroon"> <small> &emsp; &emsp;--- 16 Oct 10:04:49 989 - <b>0</b> - Page Load Wait: (Sync) - ICar.support.Utils.waitForPageLoad(Utils.java:109)</small> </font> </div>
<div class="test-event"> <font color="maroon"> <small> &emsp; &emsp;--- 16 Oct 10:04:55 972 - Page URL:: https://i-car--staging.sandbox.lightning.force.com/one/one.app#eyjjb21wb25lbnrezwyioijvbmu6ywxvagfqywdliiwiyxr0cmlidxrlcyi6eyjhzgryzxnzijoiahr0chm6ly9plwnhci0tc3rhz2luzy0tyy5zyw5kym94lnzmlmzvcmnllmnvbs9hcgv4l1jvc3rlck1hbmfnzw1lbnq%2fswq9mdaxmukwmdawmhv3suhxin0sinn0yxrlijp7indzijoil2xpz2h0bmluzy9yl0fjy291bnqvmdaxmukwmdawmhv3suhxuueyl3zpzxcifx0%3d</small> </font> </div>
<div class="test-event"> <font color="maroon"> <small> &emsp; &emsp;--- 16 Oct 10:04:55 972 - <b>0</b> - Page Load Wait: (Sync) - ICar.support.Utils.waitForPageLoad(Utils.java:109)</small> </font> </div>
<div class="test-message">&emsp;Close the tab</div>
<div class="test-event"> <font color="maroon"> <small> &emsp; &emsp;--- 16 Oct 10:05:02 000 - Page URL:: https://i-car--staging.sandbox.lightning.force.com/one/one.app#eyjjb21wb25lbnrezwyioijvbmu6ywxvagfqywdliiwiyxr0cmlidxrlcyi6eyjhzgryzxnzijoiahr0chm6ly9plwnhci0tc3rhz2luzy0tyy5zyw5kym94lnzmlmzvcmnllmnvbs9hcgv4l1jvc3rlck1hbmfnzw1lbnq%2fswq9mdaxmukwmdawmhv3suhxin0sinn0yxrlijp7indzijoil2xpz2h0bmluzy9yl0fjy291bnqvmdaxmukwmdawmhv3suhxuueyl3zpzxcifx0%3d</small> </font> </div>
<div class="test-event"> <font color="maroon"> <small> &emsp; &emsp;--- 16 Oct 10:05:02 000 - <b>0</b> - Page Load Wait: (Sync) - ICar.support.Utils.waitForPageLoad(Utils.java:109)</small> </font> </div>
<div class="test-event"> <font color="maroon"> <small> &emsp; &emsp;--- 16 Oct 10:05:07 997 - Page URL:: https://i-car--staging.sandbox.lightning.force.com/one/one.app#eyjjb21wb25lbnrezwyioijvbmu6ywxvagfqywdliiwiyxr0cmlidxrlcyi6eyjhzgryzxnzijoiahr0chm6ly9plwnhci0tc3rhz2luzy0tyy5zyw5kym94lnzmlmzvcmnllmnvbs9hcgv4l1jvc3rlck1hbmfnzw1lbnq%2fswq9mdaxmukwmdawmhv3suhxin0sinn0yxrlijp7indzijoil2xpz2h0bmluzy9yl0fjy291bnqvmdaxmukwmdawmhv3suhxuueyl3zpzxcifx0%3d</small> </font> </div>
<div class="test-event"> <font color="maroon"> <small> &emsp; &emsp;--- 16 Oct 10:05:07 997 - <b>0</b> - Page Load Wait: (Sync) - ICar.support.Utils.waitForPageLoad(Utils.java:109)</small> </font> </div>
<div class="test-message">&emsp;Close the tab</div>
<div class="test-event"> <font color="maroon"> <small> &emsp; &emsp;--- 16 Oct 10:05:14 032 - Page URL:: https://i-car--staging.sandbox.lightning.force.com/one/one.app#eyjjb21wb25lbnrezwyioijvbmu6ywxvagfqywdliiwiyxr0cmlidxrlcyi6eyjhzgryzxnzijoiahr0chm6ly9plwnhci0tc3rhz2luzy0tyy5zyw5kym94lnzmlmzvcmnllmnvbs9hcgv4l1jvc3rlck1hbmfnzw1lbnq%2fswq9mdaxmukwmdawmhv3suhxin0sinn0yxrlijp7indzijoil2xpz2h0bmluzy9yl0fjy291bnqvmdaxmukwmdawmhv3suhxuueyl3zpzxcifx0%3d</small> </font> </div>
<div class="test-event"> <font color="maroon"> <small> &emsp; &emsp;--- 16 Oct 10:05:14 032 - <b>0</b> - Page Load Wait: (Sync) - ICar.support.Utils.waitForPageLoad(Utils.java:109)</small> </font> </div>
<div class="test-event"> <font color="maroon"> <small> &emsp; &emsp;--- 16 Oct 10:05:14 077 - Element is displayed:: [[ChromeDriver: chrome on WINDOWS (ca2ab41afecc55e80dc3bed9f32ce0d4)] -> css selector: button[class*='search-button']]</small> </font> </div>
<div class="test-event"> <font color="maroon"> <small> &emsp; &emsp;--- 16 Oct 10:05:16 151 - Catched spinner load exception due to Expected condition failed: waiting for ICar.support.WaitUtils$4@714addf7 (tried for 2 second(s) with 500 milliseconds interval)</small> </font> </div>
<div class="test-event"> <font color="maroon"> <small> &emsp; &emsp;--- 16 Oct 10:05:16 151 - <b>2</b> - Spinner Load Wait: (Sync) - ICar.support.WaitUtils.waitForSpinner(WaitUtils.java:225)</small> </font> </div>
<div class="test-event"> <font color="maroon"> <small> &emsp; &emsp;--- 16 Oct 10:05:19 237 - Element is displayed:: [[ChromeDriver: chrome on WINDOWS (ca2ab41afecc55e80dc3bed9f32ce0d4)] -> css selector: button[class*='search-button']]</small> </font> </div>
<div class="test-event"> <font color="maroon"> <small> &emsp; &emsp;--- 16 Oct 10:05:20 402 - Page URL:: https://i-car--staging.sandbox.lightning.force.com/one/one.app#eyjjb21wb25lbnrezwyioijvbmu6ywxvagfqywdliiwiyxr0cmlidxrlcyi6eyjhzgryzxnzijoiahr0chm6ly9plwnhci0tc3rhz2luzy0tyy5zyw5kym94lnzmlmzvcmnllmnvbs9hcgv4l1jvc3rlck1hbmfnzw1lbnq%2fswq9mdaxmukwmdawmhv3suhxin0sinn0yxrlijp7indzijoil2xpz2h0bmluzy9yl0fjy291bnqvmdaxmukwmdawmhv3suhxuueyl3zpzxcifx0%3d</small> </font> </div>
<div class="test-event"> <font color="maroon"> <small> &emsp; &emsp;--- 16 Oct 10:05:20 402 - <b>1</b> - Page Load Wait: (Sync) - ICar.support.Utils.waitForPageLoad(Utils.java:109)</small> </font> </div>
<div class="test-event"> <font color="maroon"> <small> &emsp; &emsp;--- 16 Oct 10:05:40 262 - Catched spinner load exception due to Expected condition failed: waiting for ICar.support.WaitUtils$4@714addf7 (tried for 10 second(s) with 500 milliseconds interval)</small> </font> </div>
<div class="test-event"> <font color="maroon"> <small> &emsp; &emsp;--- 16 Oct 10:05:40 262 - <b>10</b> - Spinner Load Wait: (Sync) - ICar.support.WaitUtils.waitForSpinner(WaitUtils.java:225)</small> </font> </div>
<div class="test-event"> <font color="maroon"> <small> &emsp; &emsp;--- 16 Oct 10:05:41 375 - Page URL:: https://i-car--staging.sandbox.lightning.force.com/one/one.app#eyjjb21wb25lbnrezwyioijmb3jjzvnlyxjjadpzzwfyy2hqywdlrgvza3rvccisimf0dhjpynv0zxmionsidgvybsi6iji5njg1otmilcjzy29wzu1hcci6eyj0exblijoive9qx1jfu1vmvfmilcjuyw1lc3bhy2uioiiilcjsywjlbci6ilrvccbszxn1bhrziiwibgfizwxqbhvyywwioijub3agumvzdwx0cyisinjlc3vsdhndbxaioijmb3jjzvnlyxjjadpwcmvkawn0zwrszxn1bhrzin0simnvbnrlehqionsirklmvevsuyi6e30sinnlyxjjafnvdxjjzsi6ikftu0ltvefovf9esufmt0cilcjkaxnhymxlsw50zw50uxvlcnkiomzhbhnllcjkaxnhymxlu3blbgxdb3jyzwn0aw9uijpmywxzzswic2vhcmnorglhbg9nu2vzc2lvbklkijoizdbhztq5zjutzdc3yy0xmzqzltjjmtutmgq4zdjimmuzzdcyiiwizgvidwdjbmzvijp7imfwce5hbwuioijjq2fyx1nlcnzpy2vfq29uc29szsisimfwcfr5cguioijdb25zb2xliiwiyxbwtmftzxnwywnlijoiyyisimxvy2f0aw9uijoib25lomfsb2hhugfnzsj9fswiz3jvdxbjzci6ikrfrkfvtfqifswic3rhdguiont9fq%3d%3d</small> </font> </div>
<div class="test-event"> <font color="maroon"> <small> &emsp; &emsp;--- 16 Oct 10:05:41 375 - <b>1</b> - Page Load Wait: (Sync) - ICar.support.Utils.waitForPageLoad(Utils.java:109)</small> </font> </div>
<div class="test-event"> <font color="maroon"> <small> &emsp; &emsp;--- 16 Oct 10:05:52 459 - Catched spinner load exception due to Expected condition failed: waiting for ICar.support.WaitUtils$4@714addf7 (tried for 11 second(s) with 500 milliseconds interval)</small> </font> </div>
<div class="test-event"> <font color="maroon"> <small> &emsp; &emsp;--- 16 Oct 10:05:52 459 - <b>11</b> - Spinner Load Wait: (Sync) - ICar.support.WaitUtils.waitForSpinner(WaitUtils.java:225)</small> </font> </div>
<div class="test-event"> <font color="maroon"> <small> &emsp; &emsp;--- 16 Oct 10:05:53 605 - Page URL:: https://i-car--staging.sandbox.lightning.force.com/one/one.app#eyjjb21wb25lbnrezwyioijmb3jjzvnlyxjjadpzzwfyy2hqywdlrgvza3rvccisimf0dhjpynv0zxmionsidgvybsi6iji5njg1otmilcjzy29wzu1hcci6eyj0exblijoive9qx1jfu1vmvfmilcjuyw1lc3bhy2uioiiilcjsywjlbci6ilrvccbszxn1bhrziiwibgfizwxqbhvyywwioijub3agumvzdwx0cyisinjlc3vsdhndbxaioijmb3jjzvnlyxjjadpwcmvkawn0zwrszxn1bhrzin0simnvbnrlehqionsirklmvevsuyi6e30sinnlyxjjafnvdxjjzsi6ikftu0ltvefovf9esufmt0cilcjkaxnhymxlsw50zw50uxvlcnkiomzhbhnllcjkaxnhymxlu3blbgxdb3jyzwn0aw9uijpmywxzzswic2vhcmnorglhbg9nu2vzc2lvbklkijoizdbhztq5zjutzdc3yy0xmzqzltjjmtutmgq4zdjimmuzzdcyiiwizgvidwdjbmzvijp7imfwce5hbwuioijjq2fyx1nlcnzpy2vfq29uc29szsisimfwcfr5cguioijdb25zb2xliiwiyxbwtmftzxnwywnlijoiyyisimxvy2f0aw9uijoib25lomfsb2hhugfnzsj9fswiz3jvdxbjzci6ikrfrkfvtfqifswic3rhdguiont9fq%3d%3d</small> </font> </div>
<div class="test-event"> <font color="maroon"> <small> &emsp; &emsp;--- 16 Oct 10:05:53 605 - <b>1</b> - Page Load Wait: (Sync) - ICar.support.Utils.waitForPageLoad(Utils.java:109)</small> </font> </div>
<div class="test-event"> <font color="maroon"> <small> &emsp; &emsp;--- 16 Oct 10:05:53 757 - Element is displayed:: [[ChromeDriver: chrome on WINDOWS (ca2ab41afecc55e80dc3bed9f32ce0d4)] -> xpath: //a[@title='Top Results']//span[text()='Top Results']]</small> </font> </div>
<div class="test-event"> <font color="maroon"> <small> &emsp; &emsp;--- 16 Oct 10:05:55 029 - Page URL:: https://i-car--staging.sandbox.lightning.force.com/one/one.app#eyjjb21wb25lbnrezwyioijmb3jjzvnlyxjjadpzzwfyy2hqywdlrgvza3rvccisimf0dhjpynv0zxmionsidgvybsi6iji5njg1otmilcjzy29wzu1hcci6eyj0exblijoive9qx1jfu1vmvfmilcjuyw1lc3bhy2uioiiilcjsywjlbci6ilrvccbszxn1bhrziiwibgfizwxqbhvyywwioijub3agumvzdwx0cyisinjlc3vsdhndbxaioijmb3jjzvnlyxjjadpwcmvkawn0zwrszxn1bhrzin0simnvbnrlehqionsirklmvevsuyi6e30sinnlyxjjafnvdxjjzsi6ikftu0ltvefovf9esufmt0cilcjkaxnhymxlsw50zw50uxvlcnkiomzhbhnllcjkaxnhymxlu3blbgxdb3jyzwn0aw9uijpmywxzzswic2vhcmnorglhbg9nu2vzc2lvbklkijoizdbhztq5zjutzdc3yy0xmzqzltjjmtutmgq4zdjimmuzzdcyiiwizgvidwdjbmzvijp7imfwce5hbwuioijjq2fyx1nlcnzpy2vfq29uc29szsisimfwcfr5cguioijdb25zb2xliiwiyxbwtmftzxnwywnlijoiyyisimxvy2f0aw9uijoib25lomfsb2hhugfnzsj9fswiz3jvdxbjzci6ikrfrkfvtfqifswic3rhdguiont9fq%3d%3d</small> </font> </div>
<div class="test-event"> <font color="maroon"> <small> &emsp; &emsp;--- 16 Oct 10:05:55 029 - <b>1</b> - Page Load Wait: (Sync) - ICar.support.Utils.waitForPageLoad(Utils.java:109)</small> </font> </div>
<div class="test-event"> <font color="maroon"> <small> &emsp; &emsp;--- 16 Oct 10:06:00 272 - Catched spinner load exception due to Expected condition failed: waiting for ICar.support.WaitUtils$4@714addf7 (tried for 5 second(s) with 500 milliseconds interval)</small> </font> </div>
<div class="test-event"> <font color="maroon"> <small> &emsp; &emsp;--- 16 Oct 10:06:00 272 - <b>5</b> - Spinner Load Wait: (Sync) - ICar.support.WaitUtils.waitForSpinner(WaitUtils.java:225)</small> </font> </div>
<div class="test-event"> <font color="maroon"> <small> &emsp; &emsp;--- 16 Oct 10:06:01 240 - Page URL:: https://i-car--staging.sandbox.lightning.force.com/one/one.app#eyjjb21wb25lbnrezwyioijmb3jjzvnlyxjjadpzzwfyy2hqywdlrgvza3rvccisimf0dhjpynv0zxmionsidgvybsi6iji5njg1otmilcjzy29wzu1hcci6eyj0exblijoive9qx1jfu1vmvfmilcjuyw1lc3bhy2uioiiilcjsywjlbci6ilrvccbszxn1bhrziiwibgfizwxqbhvyywwioijub3agumvzdwx0cyisinjlc3vsdhndbxaioijmb3jjzvnlyxjjadpwcmvkawn0zwrszxn1bhrzin0simnvbnrlehqionsirklmvevsuyi6e30sinnlyxjjafnvdxjjzsi6ikftu0ltvefovf9esufmt0cilcjkaxnhymxlsw50zw50uxvlcnkiomzhbhnllcjkaxnhymxlu3blbgxdb3jyzwn0aw9uijpmywxzzswic2vhcmnorglhbg9nu2vzc2lvbklkijoizdbhztq5zjutzdc3yy0xmzqzltjjmtutmgq4zdjimmuzzdcyiiwizgvidwdjbmzvijp7imfwce5hbwuioijjq2fyx1nlcnzpy2vfq29uc29szsisimfwcfr5cguioijdb25zb2xliiwiyxbwtmftzxnwywnlijoiyyisimxvy2f0aw9uijoib25lomfsb2hhugfnzsj9fswiz3jvdxbjzci6ikrfrkfvtfqifswic3rhdguiont9fq%3d%3d</small> </font> </div>
<div class="test-event"> <font color="maroon"> <small> &emsp; &emsp;--- 16 Oct 10:06:01 240 - <b>0</b> - Page Load Wait: (Sync) - ICar.support.Utils.waitForPageLoad(Utils.java:109)</small> </font> </div>
<div class="test-event"> <font color="maroon"> <small> &emsp; &emsp;--- 16 Oct 10:06:02 273 - Page URL:: https://i-car--staging.sandbox.lightning.force.com/one/one.app#eyjjb21wb25lbnrezwyioijmb3jjzvnlyxjjadpzzwfyy2hqywdlrgvza3rvccisimf0dhjpynv0zxmionsidgvybsi6iji5njg1otmilcjzy29wzu1hcci6eyj0exblijoive9qx1jfu1vmvfmilcjuyw1lc3bhy2uioiiilcjsywjlbci6ilrvccbszxn1bhrziiwibgfizwxqbhvyywwioijub3agumvzdwx0cyisinjlc3vsdhndbxaioijmb3jjzvnlyxjjadpwcmvkawn0zwrszxn1bhrzin0simnvbnrlehqionsirklmvevsuyi6e30sinnlyxjjafnvdxjjzsi6ikftu0ltvefovf9esufmt0cilcjkaxnhymxlsw50zw50uxvlcnkiomzhbhnllcjkaxnhymxlu3blbgxdb3jyzwn0aw9uijpmywxzzswic2vhcmnorglhbg9nu2vzc2lvbklkijoizdbhztq5zjutzdc3yy0xmzqzltjjmtutmgq4zdjimmuzzdcyiiwizgvidwdjbmzvijp7imfwce5hbwuioijjq2fyx1nlcnzpy2vfq29uc29szsisimfwcfr5cguioijdb25zb2xliiwiyxbwtmftzxnwywnlijoiyyisimxvy2f0aw9uijoib25lomfsb2hhugfnzsj9fswiz3jvdxbjzci6ikrfrkfvtfqifswic3rhdguiont9fq%3d%3d</small> </font> </div>
<div class="test-event"> <font color="maroon"> <small> &emsp; &emsp;--- 16 Oct 10:06:02 273 - <b>1</b> - Page Load Wait: (Sync) - ICar.support.Utils.waitForPageLoad(Utils.java:109)</small> </font> </div>
<div class="test-event"> <font color="maroon"> <small> &emsp; &emsp;--- 16 Oct 10:06:03 582 - Page URL:: https://i-car--staging.sandbox.lightning.force.com/one/one.app#eyjjb21wb25lbnrezwyioijmb3jjzvnlyxjjadpzzwfyy2hqywdlrgvza3rvccisimf0dhjpynv0zxmionsidgvybsi6iji5njg1otmilcjzy29wzu1hcci6eyj0exblijoive9qx1jfu1vmvfmilcjuyw1lc3bhy2uioiiilcjsywjlbci6ilrvccbszxn1bhrziiwibgfizwxqbhvyywwioijub3agumvzdwx0cyisinjlc3vsdhndbxaioijmb3jjzvnlyxjjadpwcmvkawn0zwrszxn1bhrzin0simnvbnrlehqionsirklmvevsuyi6e30sinnlyxjjafnvdxjjzsi6ikftu0ltvefovf9esufmt0cilcjkaxnhymxlsw50zw50uxvlcnkiomzhbhnllcjkaxnhymxlu3blbgxdb3jyzwn0aw9uijpmywxzzswic2vhcmnorglhbg9nu2vzc2lvbklkijoizdbhztq5zjutzdc3yy0xmzqzltjjmtutmgq4zdjimmuzzdcyiiwizgvidwdjbmzvijp7imfwce5hbwuioijjq2fyx1nlcnzpy2vfq29uc29szsisimfwcfr5cguioijdb25zb2xliiwiyxbwtmftzxnwywnlijoiyyisimxvy2f0aw9uijoib25lomfsb2hhugfnzsj9fswiz3jvdxbjzci6ikrfrkfvtfqifswic3rhdguiont9fq%3d%3d</small> </font> </div>
<div class="test-event"> <font color="maroon"> <small> &emsp; &emsp;--- 16 Oct 10:06:03 582 - <b>1</b> - Page Load Wait: (Sync) - ICar.support.Utils.waitForPageLoad(Utils.java:109)</small> </font> </div>
<div class="test-event"> <font color="maroon"> <small> &emsp; &emsp;--- 16 Oct 10:06:11 953 - Catched spinner load exception due to Expected condition failed: waiting for ICar.support.WaitUtils$4@714addf7 (tried for 8 second(s) with 500 milliseconds interval)</small> </font> </div>
<div class="test-event"> <font color="maroon"> <small> &emsp; &emsp;--- 16 Oct 10:06:11 953 - <b>8</b> - Spinner Load Wait: (Sync) - ICar.support.WaitUtils.waitForSpinner(WaitUtils.java:225)</small> </font> </div>
<div class="test-event"> <font color="maroon"> <small> &emsp; &emsp;--- 16 Oct 10:06:12 987 - Page URL:: https://i-car--staging.sandbox.lightning.force.com/one/one.app#eyjjb21wb25lbnrezwyioijmb3jjzvnlyxjjadpzzwfyy2hqywdlrgvza3rvccisimf0dhjpynv0zxmionsidgvybsi6iji5njg1otmilcjzy29wzu1hcci6eyj0exblijoive9qx1jfu1vmvfmilcjuyw1lc3bhy2uioiiilcjsywjlbci6ilrvccbszxn1bhrziiwibgfizwxqbhvyywwioijub3agumvzdwx0cyisinjlc3vsdhndbxaioijmb3jjzvnlyxjjadpwcmvkawn0zwrszxn1bhrzin0simnvbnrlehqionsirklmvevsuyi6e30sinnlyxjjafnvdxjjzsi6ikftu0ltvefovf9esufmt0cilcjkaxnhymxlsw50zw50uxvlcnkiomzhbhnllcjkaxnhymxlu3blbgxdb3jyzwn0aw9uijpmywxzzswic2vhcmnorglhbg9nu2vzc2lvbklkijoizdbhztq5zjutzdc3yy0xmzqzltjjmtutmgq4zdjimmuzzdcyiiwizgvidwdjbmzvijp7imfwce5hbwuioijjq2fyx1nlcnzpy2vfq29uc29szsisimfwcfr5cguioijdb25zb2xliiwiyxbwtmftzxnwywnlijoiyyisimxvy2f0aw9uijoib25lomfsb2hhugfnzsj9fswiz3jvdxbjzci6ikrfrkfvtfqifswic3rhdguiont9fq%3d%3d</small> </font> </div>
<div class="test-event"> <font color="maroon"> <small> &emsp; &emsp;--- 16 Oct 10:06:12 987 - <b>1</b> - Page Load Wait: (Sync) - ICar.support.Utils.waitForPageLoad(Utils.java:109)</small> </font> </div>
<div class="test-event"> <font color="maroon"> <small> &emsp; &emsp;--- 16 Oct 10:06:15 107 - Element is displayed:: [[ChromeDriver: chrome on WINDOWS (ca2ab41afecc55e80dc3bed9f32ce0d4)] -> xpath: //div[contains(@class,'forceSearchResultsRegion')]//div[contains(@class,'resultsMultiWrapper')]/div/div[1]//following::h2//a]</small> </font> </div>
<div class="test-event"> <font color="maroon"> <small> &emsp; &emsp;--- 16 Oct 10:06:15 377 - Element is displayed:: [[ChromeDriver: chrome on WINDOWS (ca2ab41afecc55e80dc3bed9f32ce0d4)] -> xpath: //a[text()='Contacts']]</small> </font> </div>
<div class="test-event"> <font color="maroon"> <small> &emsp; &emsp;--- 16 Oct 10:06:19 486 - Element is displayed:: [[ChromeDriver: chrome on WINDOWS (ca2ab41afecc55e80dc3bed9f32ce0d4)] -> xpath: //div[text()='Contacts']//following :: table//tbody//th//span /a]</small> </font> </div>
<div class="test-event"> <font color="maroon"> <small> &emsp; &emsp;--- 16 Oct 10:06:20 586 - Page URL:: https://i-car--staging.sandbox.lightning.force.com/one/one.app#eyjjb21wb25lbnrezwyioijmb3jjzvnlyxjjadpzzwfyy2hqywdlrgvza3rvccisimf0dhjpynv0zxmionsidgvybsi6iji5njg1otmilcjzy29wzu1hcci6eyj0exblijoive9qx1jfu1vmvfmilcjuyw1lc3bhy2uioiiilcjsywjlbci6ilrvccbszxn1bhrziiwibgfizwxqbhvyywwioijub3agumvzdwx0cyisinjlc3vsdhndbxaioijmb3jjzvnlyxjjadpwcmvkawn0zwrszxn1bhrzin0simnvbnrlehqionsirklmvevsuyi6e30sinnlyxjjafnvdxjjzsi6ikftu0ltvefovf9esufmt0cilcjkaxnhymxlsw50zw50uxvlcnkiomzhbhnllcjkaxnhymxlu3blbgxdb3jyzwn0aw9uijpmywxzzswic2vhcmnorglhbg9nu2vzc2lvbklkijoizdbhztq5zjutzdc3yy0xmzqzltjjmtutmgq4zdjimmuzzdcyiiwizgvidwdjbmzvijp7imfwce5hbwuioijjq2fyx1nlcnzpy2vfq29uc29szsisimfwcfr5cguioijdb25zb2xliiwiyxbwtmftzxnwywnlijoiyyisimxvy2f0aw9uijoib25lomfsb2hhugfnzsj9fswiz3jvdxbjzci6ikrfrkfvtfqifswic3rhdguiont9fq%3d%3d</small> </font> </div>
<div class="test-event"> <font color="maroon"> <small> &emsp; &emsp;--- 16 Oct 10:06:20 586 - <b>0</b> - Page Load Wait: (Sync) - ICar.support.Utils.waitForPageLoad(Utils.java:109)</small> </font> </div>
<div class="test-event"> <font color="maroon"> <small> &emsp; &emsp;--- 16 Oct 10:06:38 699 - Catched spinner load exception due to Expected condition failed: waiting for ICar.support.WaitUtils$4@714addf7 (tried for 18 second(s) with 500 milliseconds interval)</small> </font> </div>
<div class="test-event"> <font color="maroon"> <small> &emsp; &emsp;--- 16 Oct 10:06:38 699 - <b>18</b> - Spinner Load Wait: (Sync) - ICar.support.WaitUtils.waitForSpinner(WaitUtils.java:225)</small> </font> </div>
<div class="test-event"> <font color="maroon"> <small> &emsp; &emsp;--- 16 Oct 10:06:39 911 - Page URL:: https://i-car--staging.sandbox.lightning.force.com/lightning/r/contact/0031i00000q9schqam/view</small> </font> </div>
<div class="test-event"> <font color="maroon"> <small> &emsp; &emsp;--- 16 Oct 10:06:39 911 - <b>1</b> - Page Load Wait: (Sync) - ICar.support.Utils.waitForPageLoad(Utils.java:109)</small> </font> </div>
<div class="test-event"> <font color="maroon"> <small> &emsp; &emsp;--- 16 Oct 10:06:41 202 - Page URL:: https://i-car--staging.sandbox.lightning.force.com/lightning/r/contact/0031i00000q9schqam/view</small> </font> </div>
<div class="test-event"> <font color="maroon"> <small> &emsp; &emsp;--- 16 Oct 10:06:41 202 - <b>1</b> - Page Load Wait: (Sync) - ICar.support.Utils.waitForPageLoad(Utils.java:109)</small> </font> </div>
<div class="test-event"> <font color="maroon"> <small> &emsp; &emsp;--- 16 Oct 10:06:42 285 - Catched spinner load exception due to Expected condition failed: waiting for ICar.support.WaitUtils$4@714addf7 (tried for 1 second(s) with 500 milliseconds interval)</small> </font> </div>
<div class="test-event"> <font color="maroon"> <small> &emsp; &emsp;--- 16 Oct 10:06:42 285 - <b>1</b> - Spinner Load Wait: (Sync) - ICar.support.WaitUtils.waitForSpinner(WaitUtils.java:225)</small> </font> </div>
<div class="test-event"> <font color="maroon"> <small> &emsp; &emsp;--- 16 Oct 10:06:43 452 - Page URL:: https://i-car--staging.sandbox.lightning.force.com/lightning/r/contact/0031i00000q9schqam/view</small> </font> </div>
<div class="test-event"> <font color="maroon"> <small> &emsp; &emsp;--- 16 Oct 10:06:43 452 - <b>1</b> - Page Load Wait: (Sync) - ICar.support.Utils.waitForPageLoad(Utils.java:109)</small> </font> </div>
<div class="test-event"> <font color="maroon"> <small> &emsp; &emsp;--- 16 Oct 10:06:59 782 - Page URL:: https://i-car--staging.sandbox.lightning.force.com/lightning/r/contact/0031i00000q9schqam/view</small> </font> </div>
<div class="test-event"> <font color="maroon"> <small> &emsp; &emsp;--- 16 Oct 10:06:59 782 - <b>1</b> - Page Load Wait: (Sync) - ICar.support.Utils.waitForPageLoad(Utils.java:109)</small> </font> </div>
<!--FAIL-->
<div class="test-result"><br><font color="red"><strong> Index 0 out of bounds for length 0 </strong></font> <a href=".\ScreenShot\ICar_BAM640_TC03_40790451636700.png" target="_blank" >[ScreenShot]</a></div>&emsp;
&emsp;<div class="test-title"> <strong><font size = "3" color = "#0000FF">---Test Execution Ends---</font> </strong> </div>&emsp;]]>
    </system-out>
  </testcase> <!-- ICar_BAM640_TC03 -->
  <testcase classname="BAM_Misc.BAMtestscripts" name="ICar_BAM776_TC04" time="397.466">
    <error message="Index 0 out of bounds for length 0" type="java.lang.IndexOutOfBoundsException">
      <![CDATA[java.lang.IndexOutOfBoundsException: Index 0 out of bounds for length 0
at java.base/jdk.internal.util.Preconditions.outOfBounds(Preconditions.java:64)
at java.base/jdk.internal.util.Preconditions.outOfBoundsCheckIndex(Preconditions.java:70)
at java.base/jdk.internal.util.Preconditions.checkIndex(Preconditions.java:266)
at java.base/java.util.Objects.checkIndex(Objects.java:359)
at java.base/java.util.ArrayList.get(ArrayList.java:427)
at java.base/jdk.internal.reflect.GeneratedMethodAccessor5.invoke(Unknown Source)
at java.base/jdk.internal.reflect.DelegatingMethodAccessorImpl.invoke(DelegatingMethodAccessorImpl.java:43)
at java.base/java.lang.reflect.Method.invoke(Method.java:567)
at org.openqa.selenium.support.pagefactory.internal.LocatingElementListHandler.invoke(LocatingElementListHandler.java:39)
at jdk.proxy2/jdk.proxy2.$Proxy26.get(Unknown Source)
at ICar.Pages.SalesForcePages.clickOnPlatiniumViewLink(SalesForcePages.java:6505)
at BAM_Misc.BAMtestscripts.ICar_BAM776_TC04(BAMtestscripts.java:1247)
at java.base/jdk.internal.reflect.NativeMethodAccessorImpl.invoke0(Native Method)
at java.base/jdk.internal.reflect.NativeMethodAccessorImpl.invoke(NativeMethodAccessorImpl.java:78)
at java.base/jdk.internal.reflect.DelegatingMethodAccessorImpl.invoke(DelegatingMethodAccessorImpl.java:43)
at java.base/java.lang.reflect.Method.invoke(Method.java:567)
at org.testng.internal.invokers.MethodInvocationHelper.invokeMethod(MethodInvocationHelper.java:139)
at org.testng.internal.invokers.TestInvoker.invokeMethod(TestInvoker.java:664)
at org.testng.internal.invokers.TestInvoker.invokeTestMethod(TestInvoker.java:227)
at org.testng.internal.invokers.TestMethodWithDataProviderMethodWorker.call(TestMethodWithDataProviderMethodWorker.java:80)
at org.testng.internal.invokers.TestMethodWithDataProviderMethodWorker.call(TestMethodWithDataProviderMethodWorker.java:17)
at java.base/java.util.concurrent.FutureTask.run(FutureTask.java:264)
at java.base/java.util.concurrent.Executors$RunnableAdapter.call(Executors.java:515)
at java.base/java.util.concurrent.FutureTask.run(FutureTask.java:264)
at java.base/java.util.concurrent.ThreadPoolExecutor.runWorker(ThreadPoolExecutor.java:1130)
at java.base/java.util.concurrent.ThreadPoolExecutor$Worker.run(ThreadPoolExecutor.java:630)
at java.base/java.lang.Thread.run(Thread.java:831)
]]>
    </error>
    <system-out>
      <![CDATA[<div class="test-event"> <font color="maroon"> <small> &emsp; &emsp;--- 16 Oct 10:28:24 660 - TestCaseID:: ICar_BAM776_TC04</small> </font> </div>
<div class="test-event"> <font color="maroon"> <small> &emsp; &emsp;--- 16 Oct 10:28:25 736 - <b>1</b> - Driver::initialize::Get - ICar.support.WebDriverFactory.getDriver(WebDriverFactory.java:640)</small> </font> </div>
&emsp;<div class="test-title"> <strong><font size = "3" color = "#000080">The platinum evaluator should run when: GC Renew Date is changed and set to a later date</font> </strong> </div>&emsp;<div><strong>Steps:</strong></div><!-- Report -->&emsp;
<div class="test-event"> <font color="maroon"> <small> &emsp; &emsp;--- 16 Oct 10:28:32 655 - Page URL:: https://i-car--staging.sandbox.my.salesforce.com/</small> </font> </div>
<div class="test-event"> <font color="maroon"> <small> &emsp; &emsp;--- 16 Oct 10:28:32 655 - <b>4</b> - Page Load Wait: (Sync) - ICar.support.Utils.waitForPageLoad(Utils.java:109)</small> </font> </div>
<div class="test-message">&emsp;Successfully navigated to 'Login' Page&emsp;<a href=".\ScreenShot\ICar_BAM776_TC04_42080088261400.png" target="_blank" >[ScreenShot]</a></div>
<div class="test-message">&emsp;1. Login page is launched.</div>
<div class="test-event"> <font color="maroon"> <small> &emsp; &emsp;--- 16 Oct 10:28:32 902 - Element is displayed:: [[ChromeDriver: chrome on WINDOWS (28664b57a45e9f44049179a204debc44)] -> id: username]</small> </font> </div>
<div class="test-event"> <font color="maroon"> <small> &emsp; &emsp;--- 16 Oct 10:28:32 964 - Element is displayed:: [[ChromeDriver: chrome on WINDOWS (28664b57a45e9f44049179a204debc44)] -> id: username]</small> </font> </div>
<div class="test-event"> <font color="maroon"> <small> &emsp; &emsp;--- 16 Oct 10:28:33 238 - Element is displayed:: [[ChromeDriver: chrome on WINDOWS (28664b57a45e9f44049179a204debc44)] -> id: password]</small> </font> </div>
<div class="test-event"> <font color="maroon"> <small> &emsp; &emsp;--- 16 Oct 10:28:33 416 - Element is displayed:: [[ChromeDriver: chrome on WINDOWS (28664b57a45e9f44049179a204debc44)] -> id: Login]</small> </font> </div>
<div class="test-event"> <font color="maroon"> <small> &emsp; &emsp;--- 16 Oct 10:29:00 666 - Catched spinner load exception due to Expected condition failed: waiting for ICar.support.WaitUtils$4@714addf7 (tried for 13 second(s) with 500 milliseconds interval)</small> </font> </div>
<div class="test-event"> <font color="maroon"> <small> &emsp; &emsp;--- 16 Oct 10:29:00 666 - <b>13</b> - Spinner Load Wait: (Sync) - ICar.support.WaitUtils.waitForSpinner(WaitUtils.java:225)</small> </font> </div>
<div class="test-event"> <font color="maroon"> <small> &emsp; &emsp;--- 16 Oct 10:29:20 331 - Catched spinner load exception due to Expected condition failed: waiting for ICar.support.WaitUtils$4@714addf7 (tried for 6 second(s) with 500 milliseconds interval)</small> </font> </div>
<div class="test-event"> <font color="maroon"> <small> &emsp; &emsp;--- 16 Oct 10:29:20 331 - <b>6</b> - Spinner Load Wait: (Sync) - ICar.support.WaitUtils.waitForSpinner(WaitUtils.java:225)</small> </font> </div>
<div class="test-event"> <font color="maroon"> <small> &emsp; &emsp;--- 16 Oct 10:29:20 404 - Element is displayed:: [[ChromeDriver: chrome on WINDOWS (28664b57a45e9f44049179a204debc44)] -> css selector: button[class*='search-button']]</small> </font> </div>
<div class="test-message">&emsp;2. Navigate to 'SalesForce Page'</div>
<div class="test-event"> <font color="maroon"> <small> &emsp; &emsp;--- 16 Oct 10:29:20 972 - Page URL:: https://i-car--staging.sandbox.lightning.force.com/lightning/r/account/0011i00000uwf9rqae/view</small> </font> </div>
<div class="test-event"> <font color="maroon"> <small> &emsp; &emsp;--- 16 Oct 10:29:20 972 - <b>0</b> - Page Load Wait: (Sync) - ICar.support.Utils.waitForPageLoad(Utils.java:109)</small> </font> </div>
<div class="test-event"> <font color="maroon"> <small> &emsp; &emsp;--- 16 Oct 10:29:26 936 - Page URL:: https://i-car--staging.sandbox.lightning.force.com/lightning/r/account/0011i00000uwf9rqae/view</small> </font> </div>
<div class="test-event"> <font color="maroon"> <small> &emsp; &emsp;--- 16 Oct 10:29:26 936 - <b>0</b> - Page Load Wait: (Sync) - ICar.support.Utils.waitForPageLoad(Utils.java:109)</small> </font> </div>
<div class="test-message">&emsp;Close the tab</div>
<div class="test-message">&emsp;Successfully navigated to 'Login' Page&emsp;<a href=".\ScreenShot\ICar_BAM776_TC04_42139661602100.png" target="_blank" >[ScreenShot]</a></div>
<div class="test-message">&emsp;3. Enter the user credentials as : icaradminautomation3@i-car.com.staging</div>
<div class="test-event"> <font color="maroon"> <small> &emsp; &emsp;--- 16 Oct 10:29:32 747 - Page URL:: https://i-car--staging.sandbox.lightning.force.com/lightning/o/account/list?filtername=accounts</small> </font> </div>
<div class="test-event"> <font color="maroon"> <small> &emsp; &emsp;--- 16 Oct 10:29:32 747 - <b>0</b> - Page Load Wait: (Sync) - ICar.support.Utils.waitForPageLoad(Utils.java:109)</small> </font> </div>
<div class="test-event"> <font color="maroon"> <small> &emsp; &emsp;--- 16 Oct 10:29:38 120 - Page URL:: https://i-car--staging.sandbox.lightning.force.com/lightning/o/account/list?filtername=accounts</small> </font> </div>
<div class="test-event"> <font color="maroon"> <small> &emsp; &emsp;--- 16 Oct 10:29:38 120 - <b>0</b> - Page Load Wait: (Sync) - ICar.support.Utils.waitForPageLoad(Utils.java:109)</small> </font> </div>
<div class="test-message">&emsp;Close the tab</div>
<div class="test-event"> <font color="maroon"> <small> &emsp; &emsp;--- 16 Oct 10:29:43 776 - Page URL:: https://i-car--staging.sandbox.lightning.force.com/lightning/o/account/list?filtername=accounts</small> </font> </div>
<div class="test-event"> <font color="maroon"> <small> &emsp; &emsp;--- 16 Oct 10:29:43 776 - <b>0</b> - Page Load Wait: (Sync) - ICar.support.Utils.waitForPageLoad(Utils.java:109)</small> </font> </div>
<div class="test-event"> <font color="maroon"> <small> &emsp; &emsp;--- 16 Oct 10:29:43 819 - Element is displayed:: [[ChromeDriver: chrome on WINDOWS (28664b57a45e9f44049179a204debc44)] -> css selector: button[class*='search-button']]</small> </font> </div>
<div class="test-event"> <font color="maroon"> <small> &emsp; &emsp;--- 16 Oct 10:29:45 902 - Catched spinner load exception due to Expected condition failed: waiting for ICar.support.WaitUtils$4@714addf7 (tried for 2 second(s) with 500 milliseconds interval)</small> </font> </div>
<div class="test-event"> <font color="maroon"> <small> &emsp; &emsp;--- 16 Oct 10:29:45 902 - <b>2</b> - Spinner Load Wait: (Sync) - ICar.support.WaitUtils.waitForSpinner(WaitUtils.java:225)</small> </font> </div>
<div class="test-event"> <font color="maroon"> <small> &emsp; &emsp;--- 16 Oct 10:29:48 989 - Element is displayed:: [[ChromeDriver: chrome on WINDOWS (28664b57a45e9f44049179a204debc44)] -> css selector: button[class*='search-button']]</small> </font> </div>
<div class="test-event"> <font color="maroon"> <small> &emsp; &emsp;--- 16 Oct 10:29:49 835 - Page URL:: https://i-car--staging.sandbox.lightning.force.com/lightning/o/account/list?filtername=accounts</small> </font> </div>
<div class="test-event"> <font color="maroon"> <small> &emsp; &emsp;--- 16 Oct 10:29:49 835 - <b>0</b> - Page Load Wait: (Sync) - ICar.support.Utils.waitForPageLoad(Utils.java:109)</small> </font> </div>
<div class="test-event"> <font color="maroon"> <small> &emsp; &emsp;--- 16 Oct 10:30:09 888 - Catched spinner load exception due to Expected condition failed: waiting for ICar.support.WaitUtils$4@714addf7 (tried for 10 second(s) with 500 milliseconds interval)</small> </font> </div>
<div class="test-event"> <font color="maroon"> <small> &emsp; &emsp;--- 16 Oct 10:30:09 888 - <b>10</b> - Spinner Load Wait: (Sync) - ICar.support.WaitUtils.waitForSpinner(WaitUtils.java:225)</small> </font> </div>
<div class="test-event"> <font color="maroon"> <small> &emsp; &emsp;--- 16 Oct 10:30:11 402 - Page URL:: https://i-car--staging.sandbox.lightning.force.com/one/one.app#eyjjb21wb25lbnrezwyioijmb3jjzvnlyxjjadpzzwfyy2hqywdlrgvza3rvccisimf0dhjpynv0zxmionsidgvybsi6ikdyb3nzasamiefzc29jawf0zxmsieluyyisinnjb3bltwfwijp7inr5cguioijut1bfukvtvuxuuyisim5hbwvzcgfjzsi6iiisimxhymvsijoivg9wifjlc3vsdhmilcjsywjlbfbsdxjhbci6ilrvccbszxn1bhrziiwicmvzdwx0c0ntcci6imzvcmnlu2vhcmnoonbyzwrpy3rlzfjlc3vsdhmifswiy29udgv4dci6eyjgsuxurvjtijp7fswic2vhcmnou291cmnlijoiqvntsvnuqu5ux0rjquxpryisimrpc2fibgvjbnrlbnrrdwvyesi6zmfsc2usimrpc2fibgvtcgvsbenvcnjly3rpb24iomzhbhnllcjzzwfyy2heawfsb2dtzxnzaw9uswqioiixzthjmznkmc1hmjzkltrlmzktmda3mi0yzdkwmmu0zgzimzgilcjkzwj1z0luzm8ionsiyxbwtmftzsi6ikldyxjfu2vydmljzv9db25zb2xliiwiyxbwvhlwzsi6iknvbnnvbguilcjhchboyw1lc3bhy2uioijjiiwibg9jyxrpb24ioijmb3jjztpvymply3rib21lrgvza3rvccisinnvymply3ruexblijoiqwnjb3vudcj9fswiz3jvdxbjzci6ikrfrkfvtfqifswic3rhdguiont9fq%3d%3d</small> </font> </div>
<div class="test-event"> <font color="maroon"> <small> &emsp; &emsp;--- 16 Oct 10:30:11 402 - <b>1</b> - Page Load Wait: (Sync) - ICar.support.Utils.waitForPageLoad(Utils.java:109)</small> </font> </div>
<div class="test-event"> <font color="maroon"> <small> &emsp; &emsp;--- 16 Oct 10:30:22 861 - Catched spinner load exception due to Expected condition failed: waiting for ICar.support.WaitUtils$4@714addf7 (tried for 11 second(s) with 500 milliseconds interval)</small> </font> </div>
<div class="test-event"> <font color="maroon"> <small> &emsp; &emsp;--- 16 Oct 10:30:22 861 - <b>11</b> - Spinner Load Wait: (Sync) - ICar.support.WaitUtils.waitForSpinner(WaitUtils.java:225)</small> </font> </div>
<div class="test-event"> <font color="maroon"> <small> &emsp; &emsp;--- 16 Oct 10:30:24 266 - Page URL:: https://i-car--staging.sandbox.lightning.force.com/one/one.app#eyjjb21wb25lbnrezwyioijmb3jjzvnlyxjjadpzzwfyy2hqywdlrgvza3rvccisimf0dhjpynv0zxmionsidgvybsi6ikdyb3nzasamiefzc29jawf0zxmsieluyyisinnjb3bltwfwijp7inr5cguioijut1bfukvtvuxuuyisim5hbwvzcgfjzsi6iiisimxhymvsijoivg9wifjlc3vsdhmilcjsywjlbfbsdxjhbci6ilrvccbszxn1bhrziiwicmvzdwx0c0ntcci6imzvcmnlu2vhcmnoonbyzwrpy3rlzfjlc3vsdhmifswiy29udgv4dci6eyjgsuxurvjtijp7fswic2vhcmnou291cmnlijoiqvntsvnuqu5ux0rjquxpryisimrpc2fibgvjbnrlbnrrdwvyesi6zmfsc2usimrpc2fibgvtcgvsbenvcnjly3rpb24iomzhbhnllcjzzwfyy2heawfsb2dtzxnzaw9uswqioiixzthjmznkmc1hmjzkltrlmzktmda3mi0yzdkwmmu0zgzimzgilcjkzwj1z0luzm8ionsiyxbwtmftzsi6ikldyxjfu2vydmljzv9db25zb2xliiwiyxbwvhlwzsi6iknvbnnvbguilcjhchboyw1lc3bhy2uioijjiiwibg9jyxrpb24ioijmb3jjztpvymply3rib21lrgvza3rvccisinnvymply3ruexblijoiqwnjb3vudcj9fswiz3jvdxbjzci6ikrfrkfvtfqifswic3rhdguiont9fq%3d%3d</small> </font> </div>
<div class="test-event"> <font color="maroon"> <small> &emsp; &emsp;--- 16 Oct 10:30:24 266 - <b>1</b> - Page Load Wait: (Sync) - ICar.support.Utils.waitForPageLoad(Utils.java:109)</small> </font> </div>
<div class="test-event"> <font color="maroon"> <small> &emsp; &emsp;--- 16 Oct 10:30:24 327 - Element is displayed:: [[ChromeDriver: chrome on WINDOWS (28664b57a45e9f44049179a204debc44)] -> xpath: //a[@title='Top Results']//span[text()='Top Results']]</small> </font> </div>
<div class="test-event"> <font color="maroon"> <small> &emsp; &emsp;--- 16 Oct 10:30:24 818 - Page URL:: https://i-car--staging.sandbox.lightning.force.com/one/one.app#eyjjb21wb25lbnrezwyioijmb3jjzvnlyxjjadpzzwfyy2hqywdlrgvza3rvccisimf0dhjpynv0zxmionsidgvybsi6ikdyb3nzasamiefzc29jawf0zxmsieluyyisinnjb3bltwfwijp7inr5cguioijut1bfukvtvuxuuyisim5hbwvzcgfjzsi6iiisimxhymvsijoivg9wifjlc3vsdhmilcjsywjlbfbsdxjhbci6ilrvccbszxn1bhrziiwicmvzdwx0c0ntcci6imzvcmnlu2vhcmnoonbyzwrpy3rlzfjlc3vsdhmifswiy29udgv4dci6eyjgsuxurvjtijp7fswic2vhcmnou291cmnlijoiqvntsvnuqu5ux0rjquxpryisimrpc2fibgvjbnrlbnrrdwvyesi6zmfsc2usimrpc2fibgvtcgvsbenvcnjly3rpb24iomzhbhnllcjzzwfyy2heawfsb2dtzxnzaw9uswqioiixzthjmznkmc1hmjzkltrlmzktmda3mi0yzdkwmmu0zgzimzgilcjkzwj1z0luzm8ionsiyxbwtmftzsi6ikldyxjfu2vydmljzv9db25zb2xliiwiyxbwvhlwzsi6iknvbnnvbguilcjhchboyw1lc3bhy2uioijjiiwibg9jyxrpb24ioijmb3jjztpvymply3rib21lrgvza3rvccisinnvymply3ruexblijoiqwnjb3vudcj9fswiz3jvdxbjzci6ikrfrkfvtfqifswic3rhdguiont9fq%3d%3d</small> </font> </div>
<div class="test-event"> <font color="maroon"> <small> &emsp; &emsp;--- 16 Oct 10:30:24 818 - <b>0</b> - Page Load Wait: (Sync) - ICar.support.Utils.waitForPageLoad(Utils.java:109)</small> </font> </div>
<div class="test-event"> <font color="maroon"> <small> &emsp; &emsp;--- 16 Oct 10:30:30 101 - Catched spinner load exception due to Expected condition failed: waiting for ICar.support.WaitUtils$4@714addf7 (tried for 5 second(s) with 500 milliseconds interval)</small> </font> </div>
<div class="test-event"> <font color="maroon"> <small> &emsp; &emsp;--- 16 Oct 10:30:30 101 - <b>5</b> - Spinner Load Wait: (Sync) - ICar.support.WaitUtils.waitForSpinner(WaitUtils.java:225)</small> </font> </div>
<div class="test-event"> <font color="maroon"> <small> &emsp; &emsp;--- 16 Oct 10:30:31 572 - Page URL:: https://i-car--staging.sandbox.lightning.force.com/one/one.app#eyjjb21wb25lbnrezwyioijmb3jjzvnlyxjjadpzzwfyy2hqywdlrgvza3rvccisimf0dhjpynv0zxmionsidgvybsi6ikdyb3nzasamiefzc29jawf0zxmsieluyyisinnjb3bltwfwijp7inr5cguioijut1bfukvtvuxuuyisim5hbwvzcgfjzsi6iiisimxhymvsijoivg9wifjlc3vsdhmilcjsywjlbfbsdxjhbci6ilrvccbszxn1bhrziiwicmvzdwx0c0ntcci6imzvcmnlu2vhcmnoonbyzwrpy3rlzfjlc3vsdhmifswiy29udgv4dci6eyjgsuxurvjtijp7fswic2vhcmnou291cmnlijoiqvntsvnuqu5ux0rjquxpryisimrpc2fibgvjbnrlbnrrdwvyesi6zmfsc2usimrpc2fibgvtcgvsbenvcnjly3rpb24iomzhbhnllcjzzwfyy2heawfsb2dtzxnzaw9uswqioiixzthjmznkmc1hmjzkltrlmzktmda3mi0yzdkwmmu0zgzimzgilcjkzwj1z0luzm8ionsiyxbwtmftzsi6ikldyxjfu2vydmljzv9db25zb2xliiwiyxbwvhlwzsi6iknvbnnvbguilcjhchboyw1lc3bhy2uioijjiiwibg9jyxrpb24ioijmb3jjztpvymply3rib21lrgvza3rvccisinnvymply3ruexblijoiqwnjb3vudcj9fswiz3jvdxbjzci6ikrfrkfvtfqifswic3rhdguiont9fq%3d%3d</small> </font> </div>
<div class="test-event"> <font color="maroon"> <small> &emsp; &emsp;--- 16 Oct 10:30:31 572 - <b>1</b> - Page Load Wait: (Sync) - ICar.support.Utils.waitForPageLoad(Utils.java:109)</small> </font> </div>
<div class="test-event"> <font color="maroon"> <small> &emsp; &emsp;--- 16 Oct 10:30:33 029 - Page URL:: https://i-car--staging.sandbox.lightning.force.com/one/one.app#eyjjb21wb25lbnrezwyioijmb3jjzvnlyxjjadpzzwfyy2hqywdlrgvza3rvccisimf0dhjpynv0zxmionsidgvybsi6ikdyb3nzasamiefzc29jawf0zxmsieluyyisinnjb3bltwfwijp7inr5cguioijut1bfukvtvuxuuyisim5hbwvzcgfjzsi6iiisimxhymvsijoivg9wifjlc3vsdhmilcjsywjlbfbsdxjhbci6ilrvccbszxn1bhrziiwicmvzdwx0c0ntcci6imzvcmnlu2vhcmnoonbyzwrpy3rlzfjlc3vsdhmifswiy29udgv4dci6eyjgsuxurvjtijp7fswic2vhcmnou291cmnlijoiqvntsvnuqu5ux0rjquxpryisimrpc2fibgvjbnrlbnrrdwvyesi6zmfsc2usimrpc2fibgvtcgvsbenvcnjly3rpb24iomzhbhnllcjzzwfyy2heawfsb2dtzxnzaw9uswqioiixzthjmznkmc1hmjzkltrlmzktmda3mi0yzdkwmmu0zgzimzgilcjkzwj1z0luzm8ionsiyxbwtmftzsi6ikldyxjfu2vydmljzv9db25zb2xliiwiyxbwvhlwzsi6iknvbnnvbguilcjhchboyw1lc3bhy2uioijjiiwibg9jyxrpb24ioijmb3jjztpvymply3rib21lrgvza3rvccisinnvymply3ruexblijoiqwnjb3vudcj9fswiz3jvdxbjzci6ikrfrkfvtfqifswic3rhdguiont9fq%3d%3d</small> </font> </div>
<div class="test-event"> <font color="maroon"> <small> &emsp; &emsp;--- 16 Oct 10:30:33 029 - <b>1</b> - Page Load Wait: (Sync) - ICar.support.Utils.waitForPageLoad(Utils.java:109)</small> </font> </div>
<div class="test-event"> <font color="maroon"> <small> &emsp; &emsp;--- 16 Oct 10:30:34 391 - Page URL:: https://i-car--staging.sandbox.lightning.force.com/one/one.app#eyjjb21wb25lbnrezwyioijmb3jjzvnlyxjjadpzzwfyy2hqywdlrgvza3rvccisimf0dhjpynv0zxmionsidgvybsi6ikdyb3nzasamiefzc29jawf0zxmsieluyyisinnjb3bltwfwijp7inr5cguioijut1bfukvtvuxuuyisim5hbwvzcgfjzsi6iiisimxhymvsijoivg9wifjlc3vsdhmilcjsywjlbfbsdxjhbci6ilrvccbszxn1bhrziiwicmvzdwx0c0ntcci6imzvcmnlu2vhcmnoonbyzwrpy3rlzfjlc3vsdhmifswiy29udgv4dci6eyjgsuxurvjtijp7fswic2vhcmnou291cmnlijoiqvntsvnuqu5ux0rjquxpryisimrpc2fibgvjbnrlbnrrdwvyesi6zmfsc2usimrpc2fibgvtcgvsbenvcnjly3rpb24iomzhbhnllcjzzwfyy2heawfsb2dtzxnzaw9uswqioiixzthjmznkmc1hmjzkltrlmzktmda3mi0yzdkwmmu0zgzimzgilcjkzwj1z0luzm8ionsiyxbwtmftzsi6ikldyxjfu2vydmljzv9db25zb2xliiwiyxbwvhlwzsi6iknvbnnvbguilcjhchboyw1lc3bhy2uioijjiiwibg9jyxrpb24ioijmb3jjztpvymply3rib21lrgvza3rvccisinnvymply3ruexblijoiqwnjb3vudcj9fswiz3jvdxbjzci6ikrfrkfvtfqifswic3rhdguiont9fq%3d%3d</small> </font> </div>
<div class="test-event"> <font color="maroon"> <small> &emsp; &emsp;--- 16 Oct 10:30:34 391 - <b>1</b> - Page Load Wait: (Sync) - ICar.support.Utils.waitForPageLoad(Utils.java:109)</small> </font> </div>
<div class="test-event"> <font color="maroon"> <small> &emsp; &emsp;--- 16 Oct 10:30:44 396 - Catched spinner load exception due to Expected condition failed: waiting for ICar.support.WaitUtils$4@714addf7 (tried for 10 second(s) with 500 milliseconds interval)</small> </font> </div>
<div class="test-event"> <font color="maroon"> <small> &emsp; &emsp;--- 16 Oct 10:30:44 396 - <b>10</b> - Spinner Load Wait: (Sync) - ICar.support.WaitUtils.waitForSpinner(WaitUtils.java:225)</small> </font> </div>
<div class="test-event"> <font color="maroon"> <small> &emsp; &emsp;--- 16 Oct 10:30:44 433 - Element is displayed:: [[ChromeDriver: chrome on WINDOWS (28664b57a45e9f44049179a204debc44)] -> css selector: div.forceSearchResultsRegion div.resultsMultiWrapper >div > div table tbody th a]</small> </font> </div>
<div class="test-event"> <font color="maroon"> <small> &emsp; &emsp;--- 16 Oct 10:30:44 544 - Element is displayed:: [[ChromeDriver: chrome on WINDOWS (28664b57a45e9f44049179a204debc44)] -> css selector: div.forceSearchResultsRegion div.resultsMultiWrapper >div > div table tbody th a]</small> </font> </div>
<div class="test-message">&emsp;4. click on Account : Grossi & Associates, Inc</div>
<div class="test-event"> <font color="maroon"> <small> &emsp; &emsp;--- 16 Oct 10:30:46 427 - Page URL:: https://i-car--staging.sandbox.lightning.force.com/one/one.app#eyjjb21wb25lbnrezwyioijmb3jjzvnlyxjjadpzzwfyy2hqywdlrgvza3rvccisimf0dhjpynv0zxmionsidgvybsi6ikdyb3nzasamiefzc29jawf0zxmsieluyyisinnjb3bltwfwijp7inr5cguioijut1bfukvtvuxuuyisim5hbwvzcgfjzsi6iiisimxhymvsijoivg9wifjlc3vsdhmilcjsywjlbfbsdxjhbci6ilrvccbszxn1bhrziiwicmvzdwx0c0ntcci6imzvcmnlu2vhcmnoonbyzwrpy3rlzfjlc3vsdhmifswiy29udgv4dci6eyjgsuxurvjtijp7fswic2vhcmnou291cmnlijoiqvntsvnuqu5ux0rjquxpryisimrpc2fibgvjbnrlbnrrdwvyesi6zmfsc2usimrpc2fibgvtcgvsbenvcnjly3rpb24iomzhbhnllcjzzwfyy2heawfsb2dtzxnzaw9uswqioiixzthjmznkmc1hmjzkltrlmzktmda3mi0yzdkwmmu0zgzimzgilcjkzwj1z0luzm8ionsiyxbwtmftzsi6ikldyxjfu2vydmljzv9db25zb2xliiwiyxbwvhlwzsi6iknvbnnvbguilcjhchboyw1lc3bhy2uioijjiiwibg9jyxrpb24ioijmb3jjztpvymply3rib21lrgvza3rvccisinnvymply3ruexblijoiqwnjb3vudcj9fswiz3jvdxbjzci6ikrfrkfvtfqifswic3rhdguiont9fq%3d%3d</small> </font> </div>
<div class="test-event"> <font color="maroon"> <small> &emsp; &emsp;--- 16 Oct 10:30:46 427 - <b>1</b> - Page Load Wait: (Sync) - ICar.support.Utils.waitForPageLoad(Utils.java:109)</small> </font> </div>
<div class="test-event"> <font color="maroon"> <small> &emsp; &emsp;--- 16 Oct 10:31:01 445 - Catched spinner load exception due to Expected condition failed: waiting for ICar.support.WaitUtils$4@714addf7 (tried for 15 second(s) with 500 milliseconds interval)</small> </font> </div>
<div class="test-event"> <font color="maroon"> <small> &emsp; &emsp;--- 16 Oct 10:31:01 445 - <b>15</b> - Spinner Load Wait: (Sync) - ICar.support.WaitUtils.waitForSpinner(WaitUtils.java:225)</small> </font> </div>
<div class="test-event"> <font color="maroon"> <small> &emsp; &emsp;--- 16 Oct 10:31:02 798 - Page URL:: https://i-car--staging.sandbox.lightning.force.com/lightning/r/account/0011i00000uwf9rqae/view</small> </font> </div>
<div class="test-event"> <font color="maroon"> <small> &emsp; &emsp;--- 16 Oct 10:31:02 798 - <b>1</b> - Page Load Wait: (Sync) - ICar.support.Utils.waitForPageLoad(Utils.java:109)</small> </font> </div>
<div class="test-event"> <font color="maroon"> <small> &emsp; &emsp;--- 16 Oct 10:31:04 940 - Element is displayed:: [[ChromeDriver: chrome on WINDOWS (28664b57a45e9f44049179a204debc44)] -> xpath: //a[@id='detailTab__item']]</small> </font> </div>
<div class="test-event"> <font color="maroon"> <small> &emsp; &emsp;--- 16 Oct 10:31:06 228 - Page URL:: https://i-car--staging.sandbox.lightning.force.com/lightning/r/account/0011i00000uwf9rqae/view</small> </font> </div>
<div class="test-event"> <font color="maroon"> <small> &emsp; &emsp;--- 16 Oct 10:31:06 228 - <b>1</b> - Page Load Wait: (Sync) - ICar.support.Utils.waitForPageLoad(Utils.java:109)</small> </font> </div>
<div class="test-event"> <font color="maroon"> <small> &emsp; &emsp;--- 16 Oct 10:31:21 265 - Catched spinner load exception due to Expected condition failed: waiting for ICar.support.WaitUtils$4@714addf7 (tried for 15 second(s) with 500 milliseconds interval)</small> </font> </div>
<div class="test-event"> <font color="maroon"> <small> &emsp; &emsp;--- 16 Oct 10:31:21 265 - <b>15</b> - Spinner Load Wait: (Sync) - ICar.support.WaitUtils.waitForSpinner(WaitUtils.java:225)</small> </font> </div>
<div class="test-event"> <font color="maroon"> <small> &emsp; &emsp;--- 16 Oct 10:31:22 547 - Page URL:: https://i-car--staging.sandbox.lightning.force.com/lightning/r/account/0011i00000uwf9rqae/view</small> </font> </div>
<div class="test-event"> <font color="maroon"> <small> &emsp; &emsp;--- 16 Oct 10:31:22 548 - <b>1</b> - Page Load Wait: (Sync) - ICar.support.Utils.waitForPageLoad(Utils.java:109)</small> </font> </div>
<div class="test-event"> <font color="maroon"> <small> &emsp; &emsp;--- 16 Oct 10:31:23 784 - Page URL:: https://i-car--staging.sandbox.lightning.force.com/lightning/r/account/0011i00000uwf9rqae/view</small> </font> </div>
<div class="test-event"> <font color="maroon"> <small> &emsp; &emsp;--- 16 Oct 10:31:23 784 - <b>1</b> - Page Load Wait: (Sync) - ICar.support.Utils.waitForPageLoad(Utils.java:109)</small> </font> </div>
<div class="test-event"> <font color="maroon"> <small> &emsp; &emsp;--- 16 Oct 10:31:47 556 - Unable to find an element after 5 sec ==> Proxy element for: AjaxElementLocator 'By.xpath: //button[@title='Edit Gold Class Renewal Date']'</small> </font> </div>
<div class="test-message">&emsp;Exception occurred  org.openqa.selenium.NoSuchElementException: Timed out after 3 seconds. Unable to locate the element</div>
<div class="test-message">&emsp;5.IS gold Renew</div>
<div class="test-event"> <font color="maroon"> <small> &emsp; &emsp;--- 16 Oct 10:31:52 045 - Page URL:: https://i-car--staging.sandbox.lightning.force.com/lightning/r/account/0011i00000uwf9rqae/view</small> </font> </div>
<div class="test-event"> <font color="maroon"> <small> &emsp; &emsp;--- 16 Oct 10:31:52 045 - <b>1</b> - Page Load Wait: (Sync) - ICar.support.Utils.waitForPageLoad(Utils.java:109)</small> </font> </div>
<div class="test-event"> <font color="maroon"> <small> &emsp; &emsp;--- 16 Oct 10:32:00 360 - Catched spinner load exception due to Expected condition failed: waiting for ICar.support.WaitUtils$4@714addf7 (tried for 8 second(s) with 500 milliseconds interval)</small> </font> </div>
<div class="test-event"> <font color="maroon"> <small> &emsp; &emsp;--- 16 Oct 10:32:00 360 - <b>8</b> - Spinner Load Wait: (Sync) - ICar.support.WaitUtils.waitForSpinner(WaitUtils.java:225)</small> </font> </div>
<div class="test-event"> <font color="maroon"> <small> &emsp; &emsp;--- 16 Oct 10:32:01 581 - Page URL:: https://i-car--staging.sandbox.lightning.force.com/lightning/r/account/0011i00000uwf9rqae/view</small> </font> </div>
<div class="test-event"> <font color="maroon"> <small> &emsp; &emsp;--- 16 Oct 10:32:01 581 - <b>1</b> - Page Load Wait: (Sync) - ICar.support.Utils.waitForPageLoad(Utils.java:109)</small> </font> </div>
<div class="test-event"> <font color="maroon"> <small> &emsp; &emsp;--- 16 Oct 10:32:02 838 - Page URL:: https://i-car--staging.sandbox.lightning.force.com/lightning/r/account/0011i00000uwf9rqae/view</small> </font> </div>
<div class="test-event"> <font color="maroon"> <small> &emsp; &emsp;--- 16 Oct 10:32:02 838 - <b>1</b> - Page Load Wait: (Sync) - ICar.support.Utils.waitForPageLoad(Utils.java:109)</small> </font> </div>
<div class="test-event"> <font color="maroon"> <small> &emsp; &emsp;--- 16 Oct 10:32:11 174 - Catched spinner load exception due to Expected condition failed: waiting for ICar.support.WaitUtils$4@714addf7 (tried for 8 second(s) with 500 milliseconds interval)</small> </font> </div>
<div class="test-event"> <font color="maroon"> <small> &emsp; &emsp;--- 16 Oct 10:32:11 174 - <b>8</b> - Spinner Load Wait: (Sync) - ICar.support.WaitUtils.waitForSpinner(WaitUtils.java:225)</small> </font> </div>
<div class="test-event"> <font color="maroon"> <small> &emsp; &emsp;--- 16 Oct 10:32:12 515 - Page URL:: https://i-car--staging.sandbox.lightning.force.com/lightning/r/account/0011i00000uwf9rqae/view</small> </font> </div>
<div class="test-event"> <font color="maroon"> <small> &emsp; &emsp;--- 16 Oct 10:32:12 515 - <b>1</b> - Page Load Wait: (Sync) - ICar.support.Utils.waitForPageLoad(Utils.java:109)</small> </font> </div>
<div class="test-event"> <font color="maroon"> <small> &emsp; &emsp;--- 16 Oct 10:32:14 678 - Element is displayed:: [[ChromeDriver: chrome on WINDOWS (28664b57a45e9f44049179a204debc44)] -> xpath: //ul[@class='slds-button-group-list']/li[4]//button]</small> </font> </div>
<div class="test-event"> <font color="maroon"> <small> &emsp; &emsp;--- 16 Oct 10:32:14 771 - Element is displayed:: [[ChromeDriver: chrome on WINDOWS (28664b57a45e9f44049179a204debc44)] -> xpath: //ul[@class='slds-button-group-list']/li[4]//button]</small> </font> </div>
<div class="test-event"> <font color="maroon"> <small> &emsp; &emsp;--- 16 Oct 10:32:16 206 - Page URL:: https://i-car--staging.sandbox.lightning.force.com/lightning/r/account/0011i00000uwf9rqae/view</small> </font> </div>
<div class="test-event"> <font color="maroon"> <small> &emsp; &emsp;--- 16 Oct 10:32:16 206 - <b>1</b> - Page Load Wait: (Sync) - ICar.support.Utils.waitForPageLoad(Utils.java:109)</small> </font> </div>
<div class="test-event"> <font color="maroon"> <small> &emsp; &emsp;--- 16 Oct 10:32:24 511 - Catched spinner load exception due to Expected condition failed: waiting for ICar.support.WaitUtils$4@714addf7 (tried for 8 second(s) with 500 milliseconds interval)</small> </font> </div>
<div class="test-event"> <font color="maroon"> <small> &emsp; &emsp;--- 16 Oct 10:32:24 511 - <b>8</b> - Spinner Load Wait: (Sync) - ICar.support.WaitUtils.waitForSpinner(WaitUtils.java:225)</small> </font> </div>
<div class="test-event"> <font color="maroon"> <small> &emsp; &emsp;--- 16 Oct 10:32:26 616 - Element is displayed:: [[ChromeDriver: chrome on WINDOWS (28664b57a45e9f44049179a204debc44)] -> xpath: //lightning-menu-item[contains(@data-target-selection-name,'Account.Gold_Class_Status')]//a]</small> </font> </div>
<div class="test-event"> <font color="maroon"> <small> &emsp; &emsp;--- 16 Oct 10:32:28 120 - Page URL:: https://i-car--staging.sandbox.lightning.force.com/lightning/r/account/0011i00000uwf9rqae/view</small> </font> </div>
<div class="test-event"> <font color="maroon"> <small> &emsp; &emsp;--- 16 Oct 10:32:28 121 - <b>1</b> - Page Load Wait: (Sync) - ICar.support.Utils.waitForPageLoad(Utils.java:109)</small> </font> </div>
<div class="test-event"> <font color="maroon"> <small> &emsp; &emsp;--- 16 Oct 10:32:29 723 - Page URL:: https://i-car--staging.sandbox.lightning.force.com/lightning/r/account/0011i00000uwf9rqae/view</small> </font> </div>
<div class="test-event"> <font color="maroon"> <small> &emsp; &emsp;--- 16 Oct 10:32:29 723 - <b>1</b> - Page Load Wait: (Sync) - ICar.support.Utils.waitForPageLoad(Utils.java:109)</small> </font> </div>
<div class="test-event"> <font color="maroon"> <small> &emsp; &emsp;--- 16 Oct 10:32:44 934 - Catched spinner load exception due to Expected condition failed: waiting for ICar.support.WaitUtils$4@714addf7 (tried for 15 second(s) with 500 milliseconds interval)</small> </font> </div>
<div class="test-event"> <font color="maroon"> <small> &emsp; &emsp;--- 16 Oct 10:32:44 934 - <b>15</b> - Spinner Load Wait: (Sync) - ICar.support.WaitUtils.waitForSpinner(WaitUtils.java:225)</small> </font> </div>
<div class="test-event"> <font color="maroon"> <small> &emsp; &emsp;--- 16 Oct 10:32:46 317 - Page URL:: https://i-car--staging.sandbox.lightning.force.com/lightning/r/account/0011i00000uwf9rqae/view</small> </font> </div>
<div class="test-event"> <font color="maroon"> <small> &emsp; &emsp;--- 16 Oct 10:32:46 317 - <b>1</b> - Page Load Wait: (Sync) - ICar.support.Utils.waitForPageLoad(Utils.java:109)</small> </font> </div>
<div class="test-event"> <font color="maroon"> <small> &emsp; &emsp;--- 16 Oct 10:32:46 421 - Element is displayed:: [[ChromeDriver: chrome on WINDOWS (28664b57a45e9f44049179a204debc44)] -> xpath: //*[text()='Evaluate Now']]</small> </font> </div>
<div class="test-event"> <font color="maroon"> <small> &emsp; &emsp;--- 16 Oct 10:32:47 914 - Page URL:: https://i-car--staging.sandbox.lightning.force.com/lightning/r/account/0011i00000uwf9rqae/view</small> </font> </div>
<div class="test-event"> <font color="maroon"> <small> &emsp; &emsp;--- 16 Oct 10:32:47 914 - <b>1</b> - Page Load Wait: (Sync) - ICar.support.Utils.waitForPageLoad(Utils.java:109)</small> </font> </div>
<div class="test-event"> <font color="maroon"> <small> &emsp; &emsp;--- 16 Oct 10:33:03 041 - Catched spinner load exception due to Expected condition failed: waiting for ICar.support.WaitUtils$4@714addf7 (tried for 15 second(s) with 500 milliseconds interval)</small> </font> </div>
<div class="test-event"> <font color="maroon"> <small> &emsp; &emsp;--- 16 Oct 10:33:03 041 - <b>15</b> - Spinner Load Wait: (Sync) - ICar.support.WaitUtils.waitForSpinner(WaitUtils.java:225)</small> </font> </div>
<div class="test-event"> <font color="maroon"> <small> &emsp; &emsp;--- 16 Oct 10:33:04 399 - Page URL:: https://i-car--staging.sandbox.lightning.force.com/lightning/r/account/0011i00000uwf9rqae/view</small> </font> </div>
<div class="test-event"> <font color="maroon"> <small> &emsp; &emsp;--- 16 Oct 10:33:04 400 - <b>1</b> - Page Load Wait: (Sync) - ICar.support.Utils.waitForPageLoad(Utils.java:109)</small> </font> </div>
<div class="test-message">&emsp;6. Clicked the Evaluate now button</div>
<div class="test-event"> <font color="maroon"> <small> &emsp; &emsp;--- 16 Oct 10:33:04 495 - Element is displayed:: [[ChromeDriver: chrome on WINDOWS (28664b57a45e9f44049179a204debc44)] -> xpath: //button[contains(@class,'CancelButton')]]</small> </font> </div>
<div class="test-event"> <font color="maroon"> <small> &emsp; &emsp;--- 16 Oct 10:33:06 002 - Page URL:: https://i-car--staging.sandbox.lightning.force.com/lightning/r/account/0011i00000uwf9rqae/view</small> </font> </div>
<div class="test-event"> <font color="maroon"> <small> &emsp; &emsp;--- 16 Oct 10:33:06 002 - <b>1</b> - Page Load Wait: (Sync) - ICar.support.Utils.waitForPageLoad(Utils.java:109)</small> </font> </div>
<div class="test-event"> <font color="maroon"> <small> &emsp; &emsp;--- 16 Oct 10:33:07 531 - Page URL:: https://i-car--staging.sandbox.lightning.force.com/lightning/r/account/0011i00000uwf9rqae/view</small> </font> </div>
<div class="test-event"> <font color="maroon"> <small> &emsp; &emsp;--- 16 Oct 10:33:07 531 - <b>1</b> - Page Load Wait: (Sync) - ICar.support.Utils.waitForPageLoad(Utils.java:109)</small> </font> </div>
<div class="test-event"> <font color="maroon"> <small> &emsp; &emsp;--- 16 Oct 10:33:13 965 - Page URL:: https://i-car--staging.sandbox.lightning.force.com/lightning/r/account/0011i00000uwf9rqae/view</small> </font> </div>
<div class="test-event"> <font color="maroon"> <small> &emsp; &emsp;--- 16 Oct 10:33:13 965 - <b>1</b> - Page Load Wait: (Sync) - ICar.support.Utils.waitForPageLoad(Utils.java:109)</small> </font> </div>
<div class="test-event"> <font color="maroon"> <small> &emsp; &emsp;--- 16 Oct 10:33:19 845 - Page URL:: https://i-car--staging.sandbox.lightning.force.com/lightning/r/account/0011i00000uwf9rqae/view</small> </font> </div>
<div class="test-event"> <font color="maroon"> <small> &emsp; &emsp;--- 16 Oct 10:33:19 845 - <b>1</b> - Page Load Wait: (Sync) - ICar.support.Utils.waitForPageLoad(Utils.java:109)</small> </font> </div>
<div class="test-event"> <font color="maroon"> <small> &emsp; &emsp;--- 16 Oct 10:33:25 221 - Page URL:: https://i-car--staging.sandbox.lightning.force.com/lightning/o/account/list?filtername=accounts</small> </font> </div>
<div class="test-event"> <font color="maroon"> <small> &emsp; &emsp;--- 16 Oct 10:33:25 221 - <b>0</b> - Page Load Wait: (Sync) - ICar.support.Utils.waitForPageLoad(Utils.java:109)</small> </font> </div>
<div class="test-message">&emsp;Close the tab</div>
<div class="test-event"> <font color="maroon"> <small> &emsp; &emsp;--- 16 Oct 10:33:30 879 - Page URL:: https://i-car--staging.sandbox.lightning.force.com/lightning/o/account/list?filtername=accounts</small> </font> </div>
<div class="test-event"> <font color="maroon"> <small> &emsp; &emsp;--- 16 Oct 10:33:30 880 - <b>0</b> - Page Load Wait: (Sync) - ICar.support.Utils.waitForPageLoad(Utils.java:109)</small> </font> </div>
<div class="test-event"> <font color="maroon"> <small> &emsp; &emsp;--- 16 Oct 10:33:30 921 - Element is displayed:: [[ChromeDriver: chrome on WINDOWS (28664b57a45e9f44049179a204debc44)] -> css selector: button[class*='search-button']]</small> </font> </div>
<div class="test-event"> <font color="maroon"> <small> &emsp; &emsp;--- 16 Oct 10:33:33 009 - Catched spinner load exception due to Expected condition failed: waiting for ICar.support.WaitUtils$4@714addf7 (tried for 2 second(s) with 500 milliseconds interval)</small> </font> </div>
<div class="test-event"> <font color="maroon"> <small> &emsp; &emsp;--- 16 Oct 10:33:33 009 - <b>2</b> - Spinner Load Wait: (Sync) - ICar.support.WaitUtils.waitForSpinner(WaitUtils.java:225)</small> </font> </div>
<div class="test-event"> <font color="maroon"> <small> &emsp; &emsp;--- 16 Oct 10:33:36 078 - Element is displayed:: [[ChromeDriver: chrome on WINDOWS (28664b57a45e9f44049179a204debc44)] -> css selector: button[class*='search-button']]</small> </font> </div>
<div class="test-event"> <font color="maroon"> <small> &emsp; &emsp;--- 16 Oct 10:33:36 667 - Page URL:: https://i-car--staging.sandbox.lightning.force.com/lightning/o/account/list?filtername=accounts</small> </font> </div>
<div class="test-event"> <font color="maroon"> <small> &emsp; &emsp;--- 16 Oct 10:33:36 667 - <b>0</b> - Page Load Wait: (Sync) - ICar.support.Utils.waitForPageLoad(Utils.java:109)</small> </font> </div>
<div class="test-event"> <font color="maroon"> <small> &emsp; &emsp;--- 16 Oct 10:33:56 424 - Catched spinner load exception due to Expected condition failed: waiting for ICar.support.WaitUtils$4@714addf7 (tried for 10 second(s) with 500 milliseconds interval)</small> </font> </div>
<div class="test-event"> <font color="maroon"> <small> &emsp; &emsp;--- 16 Oct 10:33:56 424 - <b>10</b> - Spinner Load Wait: (Sync) - ICar.support.WaitUtils.waitForSpinner(WaitUtils.java:225)</small> </font> </div>
<div class="test-event"> <font color="maroon"> <small> &emsp; &emsp;--- 16 Oct 10:33:57 026 - Page URL:: https://i-car--staging.sandbox.lightning.force.com/one/one.app#eyjjb21wb25lbnrezwyioijmb3jjzvnlyxjjadpzzwfyy2hqywdlrgvza3rvccisimf0dhjpynv0zxmionsidgvybsi6ijiynjqzmdgilcjzy29wzu1hcci6eyj0exblijoive9qx1jfu1vmvfmilcjuyw1lc3bhy2uioiiilcjsywjlbci6ilrvccbszxn1bhrziiwibgfizwxqbhvyywwioijub3agumvzdwx0cyisinjlc3vsdhndbxaioijmb3jjzvnlyxjjadpwcmvkawn0zwrszxn1bhrzin0simnvbnrlehqionsirklmvevsuyi6e30sinnlyxjjafnvdxjjzsi6ikftu0ltvefovf9esufmt0cilcjkaxnhymxlsw50zw50uxvlcnkiomzhbhnllcjkaxnhymxlu3blbgxdb3jyzwn0aw9uijpmywxzzswic2vhcmnorglhbg9nu2vzc2lvbklkijoimtuxzgm1m2utzjdmyy00zwmxlthjmwqtzwrhy2u1mgzlmwjiiiwizgvidwdjbmzvijp7imfwce5hbwuioijjq2fyx1nlcnzpy2vfq29uc29szsisimfwcfr5cguioijdb25zb2xliiwiyxbwtmftzxnwywnlijoiyyisimxvy2f0aw9uijoizm9yy2u6b2jqzwn0sg9tzurlc2t0b3ailcjzb2jqzwn0vhlwzsi6ikfjy291bnqifx0simdyb3vwswqioijeruzbvuxuin0sinn0yxrlijp7fx0%3d</small> </font> </div>
<div class="test-event"> <font color="maroon"> <small> &emsp; &emsp;--- 16 Oct 10:33:57 026 - <b>0</b> - Page Load Wait: (Sync) - ICar.support.Utils.waitForPageLoad(Utils.java:109)</small> </font> </div>
<div class="test-event"> <font color="maroon"> <small> &emsp; &emsp;--- 16 Oct 10:34:08 452 - Catched spinner load exception due to Expected condition failed: waiting for ICar.support.WaitUtils$4@714addf7 (tried for 11 second(s) with 500 milliseconds interval)</small> </font> </div>
<div class="test-event"> <font color="maroon"> <small> &emsp; &emsp;--- 16 Oct 10:34:08 452 - <b>11</b> - Spinner Load Wait: (Sync) - ICar.support.WaitUtils.waitForSpinner(WaitUtils.java:225)</small> </font> </div>
<div class="test-event"> <font color="maroon"> <small> &emsp; &emsp;--- 16 Oct 10:34:08 940 - Page URL:: https://i-car--staging.sandbox.lightning.force.com/one/one.app#eyjjb21wb25lbnrezwyioijmb3jjzvnlyxjjadpzzwfyy2hqywdlrgvza3rvccisimf0dhjpynv0zxmionsidgvybsi6ijiynjqzmdgilcjzy29wzu1hcci6eyj0exblijoive9qx1jfu1vmvfmilcjuyw1lc3bhy2uioiiilcjsywjlbci6ilrvccbszxn1bhrziiwibgfizwxqbhvyywwioijub3agumvzdwx0cyisinjlc3vsdhndbxaioijmb3jjzvnlyxjjadpwcmvkawn0zwrszxn1bhrzin0simnvbnrlehqionsirklmvevsuyi6e30sinnlyxjjafnvdxjjzsi6ikftu0ltvefovf9esufmt0cilcjkaxnhymxlsw50zw50uxvlcnkiomzhbhnllcjkaxnhymxlu3blbgxdb3jyzwn0aw9uijpmywxzzswic2vhcmnorglhbg9nu2vzc2lvbklkijoimtuxzgm1m2utzjdmyy00zwmxlthjmwqtzwrhy2u1mgzlmwjiiiwizgvidwdjbmzvijp7imfwce5hbwuioijjq2fyx1nlcnzpy2vfq29uc29szsisimfwcfr5cguioijdb25zb2xliiwiyxbwtmftzxnwywnlijoiyyisimxvy2f0aw9uijoizm9yy2u6b2jqzwn0sg9tzurlc2t0b3ailcjzb2jqzwn0vhlwzsi6ikfjy291bnqifx0simdyb3vwswqioijeruzbvuxuin0sinn0yxrlijp7fx0%3d</small> </font> </div>
<div class="test-event"> <font color="maroon"> <small> &emsp; &emsp;--- 16 Oct 10:34:08 940 - <b>0</b> - Page Load Wait: (Sync) - ICar.support.Utils.waitForPageLoad(Utils.java:109)</small> </font> </div>
<div class="test-event"> <font color="maroon"> <small> &emsp; &emsp;--- 16 Oct 10:34:08 990 - Element is displayed:: [[ChromeDriver: chrome on WINDOWS (28664b57a45e9f44049179a204debc44)] -> xpath: //a[@title='Top Results']//span[text()='Top Results']]</small> </font> </div>
<div class="test-event"> <font color="maroon"> <small> &emsp; &emsp;--- 16 Oct 10:34:09 366 - Page URL:: https://i-car--staging.sandbox.lightning.force.com/one/one.app#eyjjb21wb25lbnrezwyioijmb3jjzvnlyxjjadpzzwfyy2hqywdlrgvza3rvccisimf0dhjpynv0zxmionsidgvybsi6ijiynjqzmdgilcjzy29wzu1hcci6eyj0exblijoive9qx1jfu1vmvfmilcjuyw1lc3bhy2uioiiilcjsywjlbci6ilrvccbszxn1bhrziiwibgfizwxqbhvyywwioijub3agumvzdwx0cyisinjlc3vsdhndbxaioijmb3jjzvnlyxjjadpwcmvkawn0zwrszxn1bhrzin0simnvbnrlehqionsirklmvevsuyi6e30sinnlyxjjafnvdxjjzsi6ikftu0ltvefovf9esufmt0cilcjkaxnhymxlsw50zw50uxvlcnkiomzhbhnllcjkaxnhymxlu3blbgxdb3jyzwn0aw9uijpmywxzzswic2vhcmnorglhbg9nu2vzc2lvbklkijoimtuxzgm1m2utzjdmyy00zwmxlthjmwqtzwrhy2u1mgzlmwjiiiwizgvidwdjbmzvijp7imfwce5hbwuioijjq2fyx1nlcnzpy2vfq29uc29szsisimfwcfr5cguioijdb25zb2xliiwiyxbwtmftzxnwywnlijoiyyisimxvy2f0aw9uijoizm9yy2u6b2jqzwn0sg9tzurlc2t0b3ailcjzb2jqzwn0vhlwzsi6ikfjy291bnqifx0simdyb3vwswqioijeruzbvuxuin0sinn0yxrlijp7fx0%3d</small> </font> </div>
<div class="test-event"> <font color="maroon"> <small> &emsp; &emsp;--- 16 Oct 10:34:09 366 - <b>0</b> - Page Load Wait: (Sync) - ICar.support.Utils.waitForPageLoad(Utils.java:109)</small> </font> </div>
<div class="test-event"> <font color="maroon"> <small> &emsp; &emsp;--- 16 Oct 10:34:14 884 - Catched spinner load exception due to Expected condition failed: waiting for ICar.support.WaitUtils$4@714addf7 (tried for 5 second(s) with 500 milliseconds interval)</small> </font> </div>
<div class="test-event"> <font color="maroon"> <small> &emsp; &emsp;--- 16 Oct 10:34:14 884 - <b>5</b> - Spinner Load Wait: (Sync) - ICar.support.WaitUtils.waitForSpinner(WaitUtils.java:225)</small> </font> </div>
<div class="test-event"> <font color="maroon"> <small> &emsp; &emsp;--- 16 Oct 10:34:15 383 - Page URL:: https://i-car--staging.sandbox.lightning.force.com/one/one.app#eyjjb21wb25lbnrezwyioijmb3jjzvnlyxjjadpzzwfyy2hqywdlrgvza3rvccisimf0dhjpynv0zxmionsidgvybsi6ijiynjqzmdgilcjzy29wzu1hcci6eyj0exblijoive9qx1jfu1vmvfmilcjuyw1lc3bhy2uioiiilcjsywjlbci6ilrvccbszxn1bhrziiwibgfizwxqbhvyywwioijub3agumvzdwx0cyisinjlc3vsdhndbxaioijmb3jjzvnlyxjjadpwcmvkawn0zwrszxn1bhrzin0simnvbnrlehqionsirklmvevsuyi6e30sinnlyxjjafnvdxjjzsi6ikftu0ltvefovf9esufmt0cilcjkaxnhymxlsw50zw50uxvlcnkiomzhbhnllcjkaxnhymxlu3blbgxdb3jyzwn0aw9uijpmywxzzswic2vhcmnorglhbg9nu2vzc2lvbklkijoimtuxzgm1m2utzjdmyy00zwmxlthjmwqtzwrhy2u1mgzlmwjiiiwizgvidwdjbmzvijp7imfwce5hbwuioijjq2fyx1nlcnzpy2vfq29uc29szsisimfwcfr5cguioijdb25zb2xliiwiyxbwtmftzxnwywnlijoiyyisimxvy2f0aw9uijoizm9yy2u6b2jqzwn0sg9tzurlc2t0b3ailcjzb2jqzwn0vhlwzsi6ikfjy291bnqifx0simdyb3vwswqioijeruzbvuxuin0sinn0yxrlijp7fx0%3d</small> </font> </div>
<div class="test-event"> <font color="maroon"> <small> &emsp; &emsp;--- 16 Oct 10:34:15 383 - <b>0</b> - Page Load Wait: (Sync) - ICar.support.Utils.waitForPageLoad(Utils.java:109)</small> </font> </div>
<div class="test-event"> <font color="maroon"> <small> &emsp; &emsp;--- 16 Oct 10:34:15 962 - Page URL:: https://i-car--staging.sandbox.lightning.force.com/one/one.app#eyjjb21wb25lbnrezwyioijmb3jjzvnlyxjjadpzzwfyy2hqywdlrgvza3rvccisimf0dhjpynv0zxmionsidgvybsi6ijiynjqzmdgilcjzy29wzu1hcci6eyj0exblijoive9qx1jfu1vmvfmilcjuyw1lc3bhy2uioiiilcjsywjlbci6ilrvccbszxn1bhrziiwibgfizwxqbhvyywwioijub3agumvzdwx0cyisinjlc3vsdhndbxaioijmb3jjzvnlyxjjadpwcmvkawn0zwrszxn1bhrzin0simnvbnrlehqionsirklmvevsuyi6e30sinnlyxjjafnvdxjjzsi6ikftu0ltvefovf9esufmt0cilcjkaxnhymxlsw50zw50uxvlcnkiomzhbhnllcjkaxnhymxlu3blbgxdb3jyzwn0aw9uijpmywxzzswic2vhcmnorglhbg9nu2vzc2lvbklkijoimtuxzgm1m2utzjdmyy00zwmxlthjmwqtzwrhy2u1mgzlmwjiiiwizgvidwdjbmzvijp7imfwce5hbwuioijjq2fyx1nlcnzpy2vfq29uc29szsisimfwcfr5cguioijdb25zb2xliiwiyxbwtmftzxnwywnlijoiyyisimxvy2f0aw9uijoizm9yy2u6b2jqzwn0sg9tzurlc2t0b3ailcjzb2jqzwn0vhlwzsi6ikfjy291bnqifx0simdyb3vwswqioijeruzbvuxuin0sinn0yxrlijp7fx0%3d</small> </font> </div>
<div class="test-event"> <font color="maroon"> <small> &emsp; &emsp;--- 16 Oct 10:34:15 963 - <b>0</b> - Page Load Wait: (Sync) - ICar.support.Utils.waitForPageLoad(Utils.java:109)</small> </font> </div>
<div class="test-event"> <font color="maroon"> <small> &emsp; &emsp;--- 16 Oct 10:34:16 449 - Page URL:: https://i-car--staging.sandbox.lightning.force.com/one/one.app#eyjjb21wb25lbnrezwyioijmb3jjzvnlyxjjadpzzwfyy2hqywdlrgvza3rvccisimf0dhjpynv0zxmionsidgvybsi6ijiynjqzmdgilcjzy29wzu1hcci6eyj0exblijoive9qx1jfu1vmvfmilcjuyw1lc3bhy2uioiiilcjsywjlbci6ilrvccbszxn1bhrziiwibgfizwxqbhvyywwioijub3agumvzdwx0cyisinjlc3vsdhndbxaioijmb3jjzvnlyxjjadpwcmvkawn0zwrszxn1bhrzin0simnvbnrlehqionsirklmvevsuyi6e30sinnlyxjjafnvdxjjzsi6ikftu0ltvefovf9esufmt0cilcjkaxnhymxlsw50zw50uxvlcnkiomzhbhnllcjkaxnhymxlu3blbgxdb3jyzwn0aw9uijpmywxzzswic2vhcmnorglhbg9nu2vzc2lvbklkijoimtuxzgm1m2utzjdmyy00zwmxlthjmwqtzwrhy2u1mgzlmwjiiiwizgvidwdjbmzvijp7imfwce5hbwuioijjq2fyx1nlcnzpy2vfq29uc29szsisimfwcfr5cguioijdb25zb2xliiwiyxbwtmftzxnwywnlijoiyyisimxvy2f0aw9uijoizm9yy2u6b2jqzwn0sg9tzurlc2t0b3ailcjzb2jqzwn0vhlwzsi6ikfjy291bnqifx0simdyb3vwswqioijeruzbvuxuin0sinn0yxrlijp7fx0%3d</small> </font> </div>
<div class="test-event"> <font color="maroon"> <small> &emsp; &emsp;--- 16 Oct 10:34:16 449 - <b>0</b> - Page Load Wait: (Sync) - ICar.support.Utils.waitForPageLoad(Utils.java:109)</small> </font> </div>
<div class="test-event"> <font color="maroon"> <small> &emsp; &emsp;--- 16 Oct 10:34:24 808 - Catched spinner load exception due to Expected condition failed: waiting for ICar.support.WaitUtils$4@714addf7 (tried for 8 second(s) with 500 milliseconds interval)</small> </font> </div>
<div class="test-event"> <font color="maroon"> <small> &emsp; &emsp;--- 16 Oct 10:34:24 808 - <b>8</b> - Spinner Load Wait: (Sync) - ICar.support.WaitUtils.waitForSpinner(WaitUtils.java:225)</small> </font> </div>
<div class="test-event"> <font color="maroon"> <small> &emsp; &emsp;--- 16 Oct 10:34:25 285 - Page URL:: https://i-car--staging.sandbox.lightning.force.com/one/one.app#eyjjb21wb25lbnrezwyioijmb3jjzvnlyxjjadpzzwfyy2hqywdlrgvza3rvccisimf0dhjpynv0zxmionsidgvybsi6ijiynjqzmdgilcjzy29wzu1hcci6eyj0exblijoive9qx1jfu1vmvfmilcjuyw1lc3bhy2uioiiilcjsywjlbci6ilrvccbszxn1bhrziiwibgfizwxqbhvyywwioijub3agumvzdwx0cyisinjlc3vsdhndbxaioijmb3jjzvnlyxjjadpwcmvkawn0zwrszxn1bhrzin0simnvbnrlehqionsirklmvevsuyi6e30sinnlyxjjafnvdxjjzsi6ikftu0ltvefovf9esufmt0cilcjkaxnhymxlsw50zw50uxvlcnkiomzhbhnllcjkaxnhymxlu3blbgxdb3jyzwn0aw9uijpmywxzzswic2vhcmnorglhbg9nu2vzc2lvbklkijoimtuxzgm1m2utzjdmyy00zwmxlthjmwqtzwrhy2u1mgzlmwjiiiwizgvidwdjbmzvijp7imfwce5hbwuioijjq2fyx1nlcnzpy2vfq29uc29szsisimfwcfr5cguioijdb25zb2xliiwiyxbwtmftzxnwywnlijoiyyisimxvy2f0aw9uijoizm9yy2u6b2jqzwn0sg9tzurlc2t0b3ailcjzb2jqzwn0vhlwzsi6ikfjy291bnqifx0simdyb3vwswqioijeruzbvuxuin0sinn0yxrlijp7fx0%3d</small> </font> </div>
<div class="test-event"> <font color="maroon"> <small> &emsp; &emsp;--- 16 Oct 10:34:25 285 - <b>0</b> - Page Load Wait: (Sync) - ICar.support.Utils.waitForPageLoad(Utils.java:109)</small> </font> </div>
<div class="test-event"> <font color="maroon"> <small> &emsp; &emsp;--- 16 Oct 10:34:27 471 - Element is displayed:: [[ChromeDriver: chrome on WINDOWS (28664b57a45e9f44049179a204debc44)] -> xpath: //div[contains(@class,'forceSearchResultsRegion')]//div[contains(@class,'resultsMultiWrapper')]/div/div[1]//following::h2//a]</small> </font> </div>
<div class="test-event"> <font color="maroon"> <small> &emsp; &emsp;--- 16 Oct 10:34:27 681 - Element is displayed:: [[ChromeDriver: chrome on WINDOWS (28664b57a45e9f44049179a204debc44)] -> xpath: //a[text()='Contacts']]</small> </font> </div>
<div class="test-event"> <font color="maroon"> <small> &emsp; &emsp;--- 16 Oct 10:34:31 820 - Element is displayed:: [[ChromeDriver: chrome on WINDOWS (28664b57a45e9f44049179a204debc44)] -> xpath: //div[text()='Contacts']//following :: table//tbody//th//span /a]</small> </font> </div>
<div class="test-message">&emsp;6. click on 'view all' on Platnium status in Sales force</div>
<div class="test-event"> <font color="maroon"> <small> &emsp; &emsp;--- 16 Oct 10:34:32 382 - Page URL:: https://i-car--staging.sandbox.lightning.force.com/one/one.app#eyjjb21wb25lbnrezwyioijmb3jjzvnlyxjjadpzzwfyy2hqywdlrgvza3rvccisimf0dhjpynv0zxmionsidgvybsi6ijiynjqzmdgilcjzy29wzu1hcci6eyj0exblijoive9qx1jfu1vmvfmilcjuyw1lc3bhy2uioiiilcjsywjlbci6ilrvccbszxn1bhrziiwibgfizwxqbhvyywwioijub3agumvzdwx0cyisinjlc3vsdhndbxaioijmb3jjzvnlyxjjadpwcmvkawn0zwrszxn1bhrzin0simnvbnrlehqionsirklmvevsuyi6e30sinnlyxjjafnvdxjjzsi6ikftu0ltvefovf9esufmt0cilcjkaxnhymxlsw50zw50uxvlcnkiomzhbhnllcjkaxnhymxlu3blbgxdb3jyzwn0aw9uijpmywxzzswic2vhcmnorglhbg9nu2vzc2lvbklkijoimtuxzgm1m2utzjdmyy00zwmxlthjmwqtzwrhy2u1mgzlmwjiiiwizgvidwdjbmzvijp7imfwce5hbwuioijjq2fyx1nlcnzpy2vfq29uc29szsisimfwcfr5cguioijdb25zb2xliiwiyxbwtmftzxnwywnlijoiyyisimxvy2f0aw9uijoizm9yy2u6b2jqzwn0sg9tzurlc2t0b3ailcjzb2jqzwn0vhlwzsi6ikfjy291bnqifx0simdyb3vwswqioijeruzbvuxuin0sinn0yxrlijp7fx0%3d</small> </font> </div>
<div class="test-event"> <font color="maroon"> <small> &emsp; &emsp;--- 16 Oct 10:34:32 382 - <b>0</b> - Page Load Wait: (Sync) - ICar.support.Utils.waitForPageLoad(Utils.java:109)</small> </font> </div>
<div class="test-event"> <font color="maroon"> <small> &emsp; &emsp;--- 16 Oct 10:34:52 656 - Catched spinner load exception due to Expected condition failed: waiting for ICar.support.WaitUtils$4@714addf7 (tried for 20 second(s) with 500 milliseconds interval)</small> </font> </div>
<div class="test-event"> <font color="maroon"> <small> &emsp; &emsp;--- 16 Oct 10:34:52 656 - <b>20</b> - Spinner Load Wait: (Sync) - ICar.support.WaitUtils.waitForSpinner(WaitUtils.java:225)</small> </font> </div>
<div class="test-event"> <font color="maroon"> <small> &emsp; &emsp;--- 16 Oct 10:34:53 253 - Page URL:: https://i-car--staging.sandbox.lightning.force.com/lightning/r/contact/0031i00000nuecbqa2/view</small> </font> </div>
<div class="test-event"> <font color="maroon"> <small> &emsp; &emsp;--- 16 Oct 10:34:53 253 - <b>0</b> - Page Load Wait: (Sync) - ICar.support.Utils.waitForPageLoad(Utils.java:109)</small> </font> </div>
<div class="test-event"> <font color="maroon"> <small> &emsp; &emsp;--- 16 Oct 10:34:58 339 - Catched spinner load exception due to Expected condition failed: waiting for ICar.support.WaitUtils$4@714addf7 (tried for 5 second(s) with 500 milliseconds interval)</small> </font> </div>
<div class="test-event"> <font color="maroon"> <small> &emsp; &emsp;--- 16 Oct 10:34:58 339 - <b>5</b> - Spinner Load Wait: (Sync) - ICar.support.WaitUtils.waitForSpinner(WaitUtils.java:225)</small> </font> </div>
<div class="test-event"> <font color="maroon"> <small> &emsp; &emsp;--- 16 Oct 10:34:59 136 - Page URL:: https://i-car--staging.sandbox.lightning.force.com/lightning/r/contact/0031i00000nuecbqa2/view</small> </font> </div>
<div class="test-event"> <font color="maroon"> <small> &emsp; &emsp;--- 16 Oct 10:34:59 136 - <b>0</b> - Page Load Wait: (Sync) - ICar.support.Utils.waitForPageLoad(Utils.java:109)</small> </font> </div>
<!--FAIL-->
<div class="test-result"><br><font color="red"><strong> Index 0 out of bounds for length 0 </strong></font> <a href=".\ScreenShot\ICar_BAM776_TC04_42469694888500.png" target="_blank" >[ScreenShot]</a></div>&emsp;
&emsp;<div class="test-title"> <strong><font size = "3" color = "#0000FF">---Test Execution Ends---</font> </strong> </div>&emsp;]]>
    </system-out>
  </testcase> <!-- ICar_BAM776_TC04 -->
  <testcase classname="BAM_Misc.BAMtestscripts" name="ICar_BAM642_TC03" time="251.919">
    <system-out>
      <![CDATA[<div class="test-event"> <font color="maroon"> <small> &emsp; &emsp;--- 16 Oct 10:19:52 067 - TestCaseID:: ICar_BAM642_TC03</small> </font> </div>
<div class="test-event"> <font color="maroon"> <small> &emsp; &emsp;--- 16 Oct 10:19:53 373 - <b>1</b> - Driver::initialize::Get - ICar.support.WebDriverFactory.getDriver(WebDriverFactory.java:640)</small> </font> </div>
&emsp;<div class="test-title"> <strong><font size = "3" color = "#000080">Complete the purchased courses in LMS enrollment</font> </strong> </div>&emsp;<div><strong>Steps:</strong></div><!-- Report -->&emsp;
<div class="test-event"> <font color="maroon"> <small> &emsp; &emsp;--- 16 Oct 10:19:59 362 - Page URL:: https://i-car--staging.sandbox.my.salesforce.com/</small> </font> </div>
<div class="test-event"> <font color="maroon"> <small> &emsp; &emsp;--- 16 Oct 10:19:59 362 - <b>2</b> - Page Load Wait: (Sync) - ICar.support.Utils.waitForPageLoad(Utils.java:109)</small> </font> </div>
<div class="test-message">&emsp;Successfully navigated to 'Login' Page</div>
<div class="test-message">&emsp;1. Login page is launched.</div>
<div class="test-event"> <font color="maroon"> <small> &emsp; &emsp;--- 16 Oct 10:19:59 428 - Element is displayed:: [[ChromeDriver: chrome on WINDOWS (9b0f5d0a5961b0f40f730183628ea54b)] -> id: username]</small> </font> </div>
<div class="test-event"> <font color="maroon"> <small> &emsp; &emsp;--- 16 Oct 10:19:59 492 - Element is displayed:: [[ChromeDriver: chrome on WINDOWS (9b0f5d0a5961b0f40f730183628ea54b)] -> id: username]</small> </font> </div>
<div class="test-event"> <font color="maroon"> <small> &emsp; &emsp;--- 16 Oct 10:20:00 680 - Element is displayed:: [[ChromeDriver: chrome on WINDOWS (9b0f5d0a5961b0f40f730183628ea54b)] -> id: password]</small> </font> </div>
<div class="test-event"> <font color="maroon"> <small> &emsp; &emsp;--- 16 Oct 10:20:02 680 - Element is displayed:: [[ChromeDriver: chrome on WINDOWS (9b0f5d0a5961b0f40f730183628ea54b)] -> id: Login]</small> </font> </div>
<div class="test-event"> <font color="maroon"> <small> &emsp; &emsp;--- 16 Oct 10:20:32 654 - Catched spinner load exception due to Expected condition failed: waiting for ICar.support.WaitUtils$4@714addf7 (tried for 13 second(s) with 500 milliseconds interval)</small> </font> </div>
<div class="test-event"> <font color="maroon"> <small> &emsp; &emsp;--- 16 Oct 10:20:32 654 - <b>13</b> - Spinner Load Wait: (Sync) - ICar.support.WaitUtils.waitForSpinner(WaitUtils.java:225)</small> </font> </div>
<div class="test-event"> <font color="maroon"> <small> &emsp; &emsp;--- 16 Oct 10:20:51 325 - Catched spinner load exception due to Expected condition failed: waiting for ICar.support.WaitUtils$4@714addf7 (tried for 6 second(s) with 500 milliseconds interval)</small> </font> </div>
<div class="test-event"> <font color="maroon"> <small> &emsp; &emsp;--- 16 Oct 10:20:51 325 - <b>6</b> - Spinner Load Wait: (Sync) - ICar.support.WaitUtils.waitForSpinner(WaitUtils.java:225)</small> </font> </div>
<div class="test-event"> <font color="maroon"> <small> &emsp; &emsp;--- 16 Oct 10:20:51 404 - Element is displayed:: [[ChromeDriver: chrome on WINDOWS (9b0f5d0a5961b0f40f730183628ea54b)] -> css selector: button[class*='search-button']]</small> </font> </div>
<div class="test-message">&emsp;2. Navigate to 'SalesForce Page'</div>
<div class="test-event"> <font color="maroon"> <small> &emsp; &emsp;--- 16 Oct 10:20:52 711 - Page URL:: https://i-car--staging.sandbox.lightning.force.com/one/one.app#eyjjb21wb25lbnrezwyioijvbmu6ywxvagfqywdliiwiyxr0cmlidxrlcyi6eyjhzgryzxnzijoiahr0chm6ly9plwnhci0tc3rhz2luzy0tyy5zyw5kym94lnzmlmzvcmnllmnvbs9hcgv4l1jvc3rlck1hbmfnzw1lbnq%2fswq9mdaxofcwmdawmlj2evjvin0sinn0yxrlijp7indzijoil2xpz2h0bmluzy9yl0fjy291bnqvmdaxofcwmdawmlj2evjvuufal3zpzxcifx0%3d</small> </font> </div>
<div class="test-event"> <font color="maroon"> <small> &emsp; &emsp;--- 16 Oct 10:20:52 712 - <b>1</b> - Page Load Wait: (Sync) - ICar.support.Utils.waitForPageLoad(Utils.java:109)</small> </font> </div>
<div class="test-event"> <font color="maroon"> <small> &emsp; &emsp;--- 16 Oct 10:20:59 236 - Page URL:: https://i-car--staging.sandbox.lightning.force.com/one/one.app#eyjjb21wb25lbnrezwyioijvbmu6ywxvagfqywdliiwiyxr0cmlidxrlcyi6eyjhzgryzxnzijoiahr0chm6ly9plwnhci0tc3rhz2luzy0tyy5zyw5kym94lnzmlmzvcmnllmnvbs9hcgv4l1jvc3rlck1hbmfnzw1lbnq%2fswq9mdaxofcwmdawmlj2evjvin0sinn0yxrlijp7indzijoil2xpz2h0bmluzy9yl0fjy291bnqvmdaxofcwmdawmlj2evjvuufal3zpzxcifx0%3d</small> </font> </div>
<div class="test-event"> <font color="maroon"> <small> &emsp; &emsp;--- 16 Oct 10:20:59 237 - <b>1</b> - Page Load Wait: (Sync) - ICar.support.Utils.waitForPageLoad(Utils.java:109)</small> </font> </div>
<div class="test-message">&emsp;Successfully navigated to 'Login' Page</div>
<div class="test-message">&emsp;3. Enter the user credentials as : icaradminautomation3@i-car.com.staging</div>
<div class="test-message">&emsp;4. Enter the Icar id as : 2969674</div>
<div class="test-event"> <font color="maroon"> <small> &emsp; &emsp;--- 16 Oct 10:21:04 809 - Page URL:: https://i-car--staging.sandbox.lightning.force.com/one/one.app#eyjjb21wb25lbnrezwyioijvbmu6ywxvagfqywdliiwiyxr0cmlidxrlcyi6eyjhzgryzxnzijoiahr0chm6ly9plwnhci0tc3rhz2luzy0tyy5zyw5kym94lnzmlmzvcmnllmnvbs9hcgv4l1jvc3rlck1hbmfnzw1lbnq%2fswq9mdaxofcwmdawmlj2evjvin0sinn0yxrlijp7indzijoil2xpz2h0bmluzy9yl0fjy291bnqvmdaxofcwmdawmlj2evjvuufal3zpzxcifx0%3d</small> </font> </div>
<div class="test-event"> <font color="maroon"> <small> &emsp; &emsp;--- 16 Oct 10:21:04 810 - <b>1</b> - Page Load Wait: (Sync) - ICar.support.Utils.waitForPageLoad(Utils.java:109)</small> </font> </div>
<div class="test-event"> <font color="maroon"> <small> &emsp; &emsp;--- 16 Oct 10:21:10 230 - Page URL:: https://i-car--staging.sandbox.lightning.force.com/lightning/o/account/list?filtername=accounts</small> </font> </div>
<div class="test-event"> <font color="maroon"> <small> &emsp; &emsp;--- 16 Oct 10:21:10 231 - <b>0</b> - Page Load Wait: (Sync) - ICar.support.Utils.waitForPageLoad(Utils.java:109)</small> </font> </div>
<div class="test-message">&emsp;Close the tab</div>
<div class="test-event"> <font color="maroon"> <small> &emsp; &emsp;--- 16 Oct 10:21:16 049 - Page URL:: https://i-car--staging.sandbox.lightning.force.com/lightning/o/account/list?filtername=accounts</small> </font> </div>
<div class="test-event"> <font color="maroon"> <small> &emsp; &emsp;--- 16 Oct 10:21:16 049 - <b>0</b> - Page Load Wait: (Sync) - ICar.support.Utils.waitForPageLoad(Utils.java:109)</small> </font> </div>
<div class="test-event"> <font color="maroon"> <small> &emsp; &emsp;--- 16 Oct 10:21:16 121 - Element is displayed:: [[ChromeDriver: chrome on WINDOWS (9b0f5d0a5961b0f40f730183628ea54b)] -> css selector: button[class*='search-button']]</small> </font> </div>
<div class="test-event"> <font color="maroon"> <small> &emsp; &emsp;--- 16 Oct 10:21:18 242 - Catched spinner load exception due to Expected condition failed: waiting for ICar.support.WaitUtils$4@714addf7 (tried for 2 second(s) with 500 milliseconds interval)</small> </font> </div>
<div class="test-event"> <font color="maroon"> <small> &emsp; &emsp;--- 16 Oct 10:21:18 242 - <b>2</b> - Spinner Load Wait: (Sync) - ICar.support.WaitUtils.waitForSpinner(WaitUtils.java:225)</small> </font> </div>
<div class="test-event"> <font color="maroon"> <small> &emsp; &emsp;--- 16 Oct 10:21:21 317 - Element is displayed:: [[ChromeDriver: chrome on WINDOWS (9b0f5d0a5961b0f40f730183628ea54b)] -> css selector: button[class*='search-button']]</small> </font> </div>
<div class="test-event"> <font color="maroon"> <small> &emsp; &emsp;--- 16 Oct 10:21:21 969 - Page URL:: https://i-car--staging.sandbox.lightning.force.com/lightning/o/account/list?filtername=accounts</small> </font> </div>
<div class="test-event"> <font color="maroon"> <small> &emsp; &emsp;--- 16 Oct 10:21:21 969 - <b>0</b> - Page Load Wait: (Sync) - ICar.support.Utils.waitForPageLoad(Utils.java:109)</small> </font> </div>
<div class="test-event"> <font color="maroon"> <small> &emsp; &emsp;--- 16 Oct 10:21:41 550 - Catched spinner load exception due to Expected condition failed: waiting for ICar.support.WaitUtils$4@714addf7 (tried for 10 second(s) with 500 milliseconds interval)</small> </font> </div>
<div class="test-event"> <font color="maroon"> <small> &emsp; &emsp;--- 16 Oct 10:21:41 550 - <b>10</b> - Spinner Load Wait: (Sync) - ICar.support.WaitUtils.waitForSpinner(WaitUtils.java:225)</small> </font> </div>
<div class="test-event"> <font color="maroon"> <small> &emsp; &emsp;--- 16 Oct 10:21:42 430 - Page URL:: https://i-car--staging.sandbox.lightning.force.com/one/one.app#eyjjb21wb25lbnrezwyioijmb3jjzvnlyxjjadpzzwfyy2hqywdlrgvza3rvccisimf0dhjpynv0zxmionsidgvybsi6iji1mdy0mzmilcjzy29wzu1hcci6eyj0exblijoive9qx1jfu1vmvfmilcjuyw1lc3bhy2uioiiilcjsywjlbci6ilrvccbszxn1bhrziiwibgfizwxqbhvyywwioijub3agumvzdwx0cyisinjlc3vsdhndbxaioijmb3jjzvnlyxjjadpwcmvkawn0zwrszxn1bhrzin0simnvbnrlehqionsirklmvevsuyi6e30sinnlyxjjafnvdxjjzsi6ikftu0ltvefovf9esufmt0cilcjkaxnhymxlsw50zw50uxvlcnkiomzhbhnllcjkaxnhymxlu3blbgxdb3jyzwn0aw9uijpmywxzzswic2vhcmnorglhbg9nu2vzc2lvbklkijoiytjlndjhywutn2zhzi00zty3ltqzmgqtodbjmzqznmq2mji5iiwizgvidwdjbmzvijp7imfwce5hbwuioijjq2fyx1nlcnzpy2vfq29uc29szsisimfwcfr5cguioijdb25zb2xliiwiyxbwtmftzxnwywnlijoiyyisimxvy2f0aw9uijoizm9yy2u6b2jqzwn0sg9tzurlc2t0b3ailcjzb2jqzwn0vhlwzsi6ikfjy291bnqifx0simdyb3vwswqioijeruzbvuxuin0sinn0yxrlijp7fx0%3d</small> </font> </div>
<div class="test-event"> <font color="maroon"> <small> &emsp; &emsp;--- 16 Oct 10:21:42 430 - <b>0</b> - Page Load Wait: (Sync) - ICar.support.Utils.waitForPageLoad(Utils.java:109)</small> </font> </div>
<div class="test-event"> <font color="maroon"> <small> &emsp; &emsp;--- 16 Oct 10:21:53 467 - Catched spinner load exception due to Expected condition failed: waiting for ICar.support.WaitUtils$4@714addf7 (tried for 11 second(s) with 500 milliseconds interval)</small> </font> </div>
<div class="test-event"> <font color="maroon"> <small> &emsp; &emsp;--- 16 Oct 10:21:53 467 - <b>11</b> - Spinner Load Wait: (Sync) - ICar.support.WaitUtils.waitForSpinner(WaitUtils.java:225)</small> </font> </div>
<div class="test-event"> <font color="maroon"> <small> &emsp; &emsp;--- 16 Oct 10:21:54 327 - Page URL:: https://i-car--staging.sandbox.lightning.force.com/one/one.app#eyjjb21wb25lbnrezwyioijmb3jjzvnlyxjjadpzzwfyy2hqywdlrgvza3rvccisimf0dhjpynv0zxmionsidgvybsi6iji1mdy0mzmilcjzy29wzu1hcci6eyj0exblijoive9qx1jfu1vmvfmilcjuyw1lc3bhy2uioiiilcjsywjlbci6ilrvccbszxn1bhrziiwibgfizwxqbhvyywwioijub3agumvzdwx0cyisinjlc3vsdhndbxaioijmb3jjzvnlyxjjadpwcmvkawn0zwrszxn1bhrzin0simnvbnrlehqionsirklmvevsuyi6e30sinnlyxjjafnvdxjjzsi6ikftu0ltvefovf9esufmt0cilcjkaxnhymxlsw50zw50uxvlcnkiomzhbhnllcjkaxnhymxlu3blbgxdb3jyzwn0aw9uijpmywxzzswic2vhcmnorglhbg9nu2vzc2lvbklkijoiytjlndjhywutn2zhzi00zty3ltqzmgqtodbjmzqznmq2mji5iiwizgvidwdjbmzvijp7imfwce5hbwuioijjq2fyx1nlcnzpy2vfq29uc29szsisimfwcfr5cguioijdb25zb2xliiwiyxbwtmftzxnwywnlijoiyyisimxvy2f0aw9uijoizm9yy2u6b2jqzwn0sg9tzurlc2t0b3ailcjzb2jqzwn0vhlwzsi6ikfjy291bnqifx0simdyb3vwswqioijeruzbvuxuin0sinn0yxrlijp7fx0%3d</small> </font> </div>
<div class="test-event"> <font color="maroon"> <small> &emsp; &emsp;--- 16 Oct 10:21:54 327 - <b>0</b> - Page Load Wait: (Sync) - ICar.support.Utils.waitForPageLoad(Utils.java:109)</small> </font> </div>
<div class="test-event"> <font color="maroon"> <small> &emsp; &emsp;--- 16 Oct 10:21:54 379 - Element is displayed:: [[ChromeDriver: chrome on WINDOWS (9b0f5d0a5961b0f40f730183628ea54b)] -> xpath: //a[@title='Top Results']//span[text()='Top Results']]</small> </font> </div>
<div class="test-event"> <font color="maroon"> <small> &emsp; &emsp;--- 16 Oct 10:21:54 805 - Page URL:: https://i-car--staging.sandbox.lightning.force.com/one/one.app#eyjjb21wb25lbnrezwyioijmb3jjzvnlyxjjadpzzwfyy2hqywdlrgvza3rvccisimf0dhjpynv0zxmionsidgvybsi6iji1mdy0mzmilcjzy29wzu1hcci6eyj0exblijoive9qx1jfu1vmvfmilcjuyw1lc3bhy2uioiiilcjsywjlbci6ilrvccbszxn1bhrziiwibgfizwxqbhvyywwioijub3agumvzdwx0cyisinjlc3vsdhndbxaioijmb3jjzvnlyxjjadpwcmvkawn0zwrszxn1bhrzin0simnvbnrlehqionsirklmvevsuyi6e30sinnlyxjjafnvdxjjzsi6ikftu0ltvefovf9esufmt0cilcjkaxnhymxlsw50zw50uxvlcnkiomzhbhnllcjkaxnhymxlu3blbgxdb3jyzwn0aw9uijpmywxzzswic2vhcmnorglhbg9nu2vzc2lvbklkijoiytjlndjhywutn2zhzi00zty3ltqzmgqtodbjmzqznmq2mji5iiwizgvidwdjbmzvijp7imfwce5hbwuioijjq2fyx1nlcnzpy2vfq29uc29szsisimfwcfr5cguioijdb25zb2xliiwiyxbwtmftzxnwywnlijoiyyisimxvy2f0aw9uijoizm9yy2u6b2jqzwn0sg9tzurlc2t0b3ailcjzb2jqzwn0vhlwzsi6ikfjy291bnqifx0simdyb3vwswqioijeruzbvuxuin0sinn0yxrlijp7fx0%3d</small> </font> </div>
<div class="test-event"> <font color="maroon"> <small> &emsp; &emsp;--- 16 Oct 10:21:54 805 - <b>0</b> - Page Load Wait: (Sync) - ICar.support.Utils.waitForPageLoad(Utils.java:109)</small> </font> </div>
<div class="test-event"> <font color="maroon"> <small> &emsp; &emsp;--- 16 Oct 10:22:00 240 - Catched spinner load exception due to Expected condition failed: waiting for ICar.support.WaitUtils$4@714addf7 (tried for 5 second(s) with 500 milliseconds interval)</small> </font> </div>
<div class="test-event"> <font color="maroon"> <small> &emsp; &emsp;--- 16 Oct 10:22:00 241 - <b>5</b> - Spinner Load Wait: (Sync) - ICar.support.WaitUtils.waitForSpinner(WaitUtils.java:225)</small> </font> </div>
<div class="test-event"> <font color="maroon"> <small> &emsp; &emsp;--- 16 Oct 10:22:01 124 - Page URL:: https://i-car--staging.sandbox.lightning.force.com/one/one.app#eyjjb21wb25lbnrezwyioijmb3jjzvnlyxjjadpzzwfyy2hqywdlrgvza3rvccisimf0dhjpynv0zxmionsidgvybsi6iji1mdy0mzmilcjzy29wzu1hcci6eyj0exblijoive9qx1jfu1vmvfmilcjuyw1lc3bhy2uioiiilcjsywjlbci6ilrvccbszxn1bhrziiwibgfizwxqbhvyywwioijub3agumvzdwx0cyisinjlc3vsdhndbxaioijmb3jjzvnlyxjjadpwcmvkawn0zwrszxn1bhrzin0simnvbnrlehqionsirklmvevsuyi6e30sinnlyxjjafnvdxjjzsi6ikftu0ltvefovf9esufmt0cilcjkaxnhymxlsw50zw50uxvlcnkiomzhbhnllcjkaxnhymxlu3blbgxdb3jyzwn0aw9uijpmywxzzswic2vhcmnorglhbg9nu2vzc2lvbklkijoiytjlndjhywutn2zhzi00zty3ltqzmgqtodbjmzqznmq2mji5iiwizgvidwdjbmzvijp7imfwce5hbwuioijjq2fyx1nlcnzpy2vfq29uc29szsisimfwcfr5cguioijdb25zb2xliiwiyxbwtmftzxnwywnlijoiyyisimxvy2f0aw9uijoizm9yy2u6b2jqzwn0sg9tzurlc2t0b3ailcjzb2jqzwn0vhlwzsi6ikfjy291bnqifx0simdyb3vwswqioijeruzbvuxuin0sinn0yxrlijp7fx0%3d</small> </font> </div>
<div class="test-event"> <font color="maroon"> <small> &emsp; &emsp;--- 16 Oct 10:22:01 124 - <b>0</b> - Page Load Wait: (Sync) - ICar.support.Utils.waitForPageLoad(Utils.java:109)</small> </font> </div>
<div class="test-event"> <font color="maroon"> <small> &emsp; &emsp;--- 16 Oct 10:22:02 002 - Page URL:: https://i-car--staging.sandbox.lightning.force.com/one/one.app#eyjjb21wb25lbnrezwyioijmb3jjzvnlyxjjadpzzwfyy2hqywdlrgvza3rvccisimf0dhjpynv0zxmionsidgvybsi6iji1mdy0mzmilcjzy29wzu1hcci6eyj0exblijoive9qx1jfu1vmvfmilcjuyw1lc3bhy2uioiiilcjsywjlbci6ilrvccbszxn1bhrziiwibgfizwxqbhvyywwioijub3agumvzdwx0cyisinjlc3vsdhndbxaioijmb3jjzvnlyxjjadpwcmvkawn0zwrszxn1bhrzin0simnvbnrlehqionsirklmvevsuyi6e30sinnlyxjjafnvdxjjzsi6ikftu0ltvefovf9esufmt0cilcjkaxnhymxlsw50zw50uxvlcnkiomzhbhnllcjkaxnhymxlu3blbgxdb3jyzwn0aw9uijpmywxzzswic2vhcmnorglhbg9nu2vzc2lvbklkijoiytjlndjhywutn2zhzi00zty3ltqzmgqtodbjmzqznmq2mji5iiwizgvidwdjbmzvijp7imfwce5hbwuioijjq2fyx1nlcnzpy2vfq29uc29szsisimfwcfr5cguioijdb25zb2xliiwiyxbwtmftzxnwywnlijoiyyisimxvy2f0aw9uijoizm9yy2u6b2jqzwn0sg9tzurlc2t0b3ailcjzb2jqzwn0vhlwzsi6ikfjy291bnqifx0simdyb3vwswqioijeruzbvuxuin0sinn0yxrlijp7fx0%3d</small> </font> </div>
<div class="test-event"> <font color="maroon"> <small> &emsp; &emsp;--- 16 Oct 10:22:02 002 - <b>0</b> - Page Load Wait: (Sync) - ICar.support.Utils.waitForPageLoad(Utils.java:109)</small> </font> </div>
<div class="test-event"> <font color="maroon"> <small> &emsp; &emsp;--- 16 Oct 10:22:02 784 - Page URL:: https://i-car--staging.sandbox.lightning.force.com/one/one.app#eyjjb21wb25lbnrezwyioijmb3jjzvnlyxjjadpzzwfyy2hqywdlrgvza3rvccisimf0dhjpynv0zxmionsidgvybsi6iji1mdy0mzmilcjzy29wzu1hcci6eyj0exblijoive9qx1jfu1vmvfmilcjuyw1lc3bhy2uioiiilcjsywjlbci6ilrvccbszxn1bhrziiwibgfizwxqbhvyywwioijub3agumvzdwx0cyisinjlc3vsdhndbxaioijmb3jjzvnlyxjjadpwcmvkawn0zwrszxn1bhrzin0simnvbnrlehqionsirklmvevsuyi6e30sinnlyxjjafnvdxjjzsi6ikftu0ltvefovf9esufmt0cilcjkaxnhymxlsw50zw50uxvlcnkiomzhbhnllcjkaxnhymxlu3blbgxdb3jyzwn0aw9uijpmywxzzswic2vhcmnorglhbg9nu2vzc2lvbklkijoiytjlndjhywutn2zhzi00zty3ltqzmgqtodbjmzqznmq2mji5iiwizgvidwdjbmzvijp7imfwce5hbwuioijjq2fyx1nlcnzpy2vfq29uc29szsisimfwcfr5cguioijdb25zb2xliiwiyxbwtmftzxnwywnlijoiyyisimxvy2f0aw9uijoizm9yy2u6b2jqzwn0sg9tzurlc2t0b3ailcjzb2jqzwn0vhlwzsi6ikfjy291bnqifx0simdyb3vwswqioijeruzbvuxuin0sinn0yxrlijp7fx0%3d</small> </font> </div>
<div class="test-event"> <font color="maroon"> <small> &emsp; &emsp;--- 16 Oct 10:22:02 784 - <b>0</b> - Page Load Wait: (Sync) - ICar.support.Utils.waitForPageLoad(Utils.java:109)</small> </font> </div>
<div class="test-event"> <font color="maroon"> <small> &emsp; &emsp;--- 16 Oct 10:22:11 204 - Catched spinner load exception due to Expected condition failed: waiting for ICar.support.WaitUtils$4@714addf7 (tried for 8 second(s) with 500 milliseconds interval)</small> </font> </div>
<div class="test-event"> <font color="maroon"> <small> &emsp; &emsp;--- 16 Oct 10:22:11 204 - <b>8</b> - Spinner Load Wait: (Sync) - ICar.support.WaitUtils.waitForSpinner(WaitUtils.java:225)</small> </font> </div>
<div class="test-event"> <font color="maroon"> <small> &emsp; &emsp;--- 16 Oct 10:22:12 145 - Page URL:: https://i-car--staging.sandbox.lightning.force.com/one/one.app#eyjjb21wb25lbnrezwyioijmb3jjzvnlyxjjadpzzwfyy2hqywdlrgvza3rvccisimf0dhjpynv0zxmionsidgvybsi6iji1mdy0mzmilcjzy29wzu1hcci6eyj0exblijoive9qx1jfu1vmvfmilcjuyw1lc3bhy2uioiiilcjsywjlbci6ilrvccbszxn1bhrziiwibgfizwxqbhvyywwioijub3agumvzdwx0cyisinjlc3vsdhndbxaioijmb3jjzvnlyxjjadpwcmvkawn0zwrszxn1bhrzin0simnvbnrlehqionsirklmvevsuyi6e30sinnlyxjjafnvdxjjzsi6ikftu0ltvefovf9esufmt0cilcjkaxnhymxlsw50zw50uxvlcnkiomzhbhnllcjkaxnhymxlu3blbgxdb3jyzwn0aw9uijpmywxzzswic2vhcmnorglhbg9nu2vzc2lvbklkijoiytjlndjhywutn2zhzi00zty3ltqzmgqtodbjmzqznmq2mji5iiwizgvidwdjbmzvijp7imfwce5hbwuioijjq2fyx1nlcnzpy2vfq29uc29szsisimfwcfr5cguioijdb25zb2xliiwiyxbwtmftzxnwywnlijoiyyisimxvy2f0aw9uijoizm9yy2u6b2jqzwn0sg9tzurlc2t0b3ailcjzb2jqzwn0vhlwzsi6ikfjy291bnqifx0simdyb3vwswqioijeruzbvuxuin0sinn0yxrlijp7fx0%3d</small> </font> </div>
<div class="test-event"> <font color="maroon"> <small> &emsp; &emsp;--- 16 Oct 10:22:12 145 - <b>0</b> - Page Load Wait: (Sync) - ICar.support.Utils.waitForPageLoad(Utils.java:109)</small> </font> </div>
<div class="test-event"> <font color="maroon"> <small> &emsp; &emsp;--- 16 Oct 10:22:14 294 - Element is displayed:: [[ChromeDriver: chrome on WINDOWS (9b0f5d0a5961b0f40f730183628ea54b)] -> xpath: //div[contains(@class,'forceSearchResultsRegion')]//div[contains(@class,'resultsMultiWrapper')]/div/div[1]//following::h2//a]</small> </font> </div>
<div class="test-event"> <font color="maroon"> <small> &emsp; &emsp;--- 16 Oct 10:22:14 587 - Element is displayed:: [[ChromeDriver: chrome on WINDOWS (9b0f5d0a5961b0f40f730183628ea54b)] -> xpath: //a[text()='Contacts']]</small> </font> </div>
<div class="test-event"> <font color="maroon"> <small> &emsp; &emsp;--- 16 Oct 10:22:18 568 - Element is displayed:: [[ChromeDriver: chrome on WINDOWS (9b0f5d0a5961b0f40f730183628ea54b)] -> xpath: //div[text()='Contacts']//following :: table//tbody//th//span /a]</small> </font> </div>
<div class="test-event"> <font color="maroon"> <small> &emsp; &emsp;--- 16 Oct 10:22:19 430 - Page URL:: https://i-car--staging.sandbox.lightning.force.com/one/one.app#eyjjb21wb25lbnrezwyioijmb3jjzvnlyxjjadpzzwfyy2hqywdlrgvza3rvccisimf0dhjpynv0zxmionsidgvybsi6iji1mdy0mzmilcjzy29wzu1hcci6eyj0exblijoive9qx1jfu1vmvfmilcjuyw1lc3bhy2uioiiilcjsywjlbci6ilrvccbszxn1bhrziiwibgfizwxqbhvyywwioijub3agumvzdwx0cyisinjlc3vsdhndbxaioijmb3jjzvnlyxjjadpwcmvkawn0zwrszxn1bhrzin0simnvbnrlehqionsirklmvevsuyi6e30sinnlyxjjafnvdxjjzsi6ikftu0ltvefovf9esufmt0cilcjkaxnhymxlsw50zw50uxvlcnkiomzhbhnllcjkaxnhymxlu3blbgxdb3jyzwn0aw9uijpmywxzzswic2vhcmnorglhbg9nu2vzc2lvbklkijoiytjlndjhywutn2zhzi00zty3ltqzmgqtodbjmzqznmq2mji5iiwizgvidwdjbmzvijp7imfwce5hbwuioijjq2fyx1nlcnzpy2vfq29uc29szsisimfwcfr5cguioijdb25zb2xliiwiyxbwtmftzxnwywnlijoiyyisimxvy2f0aw9uijoizm9yy2u6b2jqzwn0sg9tzurlc2t0b3ailcjzb2jqzwn0vhlwzsi6ikfjy291bnqifx0simdyb3vwswqioijeruzbvuxuin0sinn0yxrlijp7fx0%3d</small> </font> </div>
<div class="test-event"> <font color="maroon"> <small> &emsp; &emsp;--- 16 Oct 10:22:19 430 - <b>0</b> - Page Load Wait: (Sync) - ICar.support.Utils.waitForPageLoad(Utils.java:109)</small> </font> </div>
<div class="test-event"> <font color="maroon"> <small> &emsp; &emsp;--- 16 Oct 10:22:34 737 - Catched spinner load exception due to Expected condition failed: waiting for ICar.support.WaitUtils$4@714addf7 (tried for 15 second(s) with 500 milliseconds interval)</small> </font> </div>
<div class="test-event"> <font color="maroon"> <small> &emsp; &emsp;--- 16 Oct 10:22:34 737 - <b>15</b> - Spinner Load Wait: (Sync) - ICar.support.WaitUtils.waitForSpinner(WaitUtils.java:225)</small> </font> </div>
<div class="test-event"> <font color="maroon"> <small> &emsp; &emsp;--- 16 Oct 10:22:35 214 - Page URL:: https://i-car--staging.sandbox.lightning.force.com/lightning/r/contact/0031i00000nuc5jqae/view</small> </font> </div>
<div class="test-event"> <font color="maroon"> <small> &emsp; &emsp;--- 16 Oct 10:22:35 214 - <b>0</b> - Page Load Wait: (Sync) - ICar.support.Utils.waitForPageLoad(Utils.java:109)</small> </font> </div>
<div class="test-event"> <font color="maroon"> <small> &emsp; &emsp;--- 16 Oct 10:22:43 492 - Catched spinner load exception due to Expected condition failed: waiting for ICar.support.WaitUtils$4@714addf7 (tried for 8 second(s) with 500 milliseconds interval)</small> </font> </div>
<div class="test-event"> <font color="maroon"> <small> &emsp; &emsp;--- 16 Oct 10:22:43 492 - <b>8</b> - Spinner Load Wait: (Sync) - ICar.support.WaitUtils.waitForSpinner(WaitUtils.java:225)</small> </font> </div>
<div class="test-event"> <font color="maroon"> <small> &emsp; &emsp;--- 16 Oct 10:22:44 202 - Page URL:: https://i-car--staging.sandbox.lightning.force.com/lightning/r/contact/0031i00000nuc5jqae/view</small> </font> </div>
<div class="test-event"> <font color="maroon"> <small> &emsp; &emsp;--- 16 Oct 10:22:44 202 - <b>0</b> - Page Load Wait: (Sync) - ICar.support.Utils.waitForPageLoad(Utils.java:109)</small> </font> </div>
<div class="test-event"> <font color="maroon"> <small> &emsp; &emsp;--- 16 Oct 10:22:47 078 - Page URL:: https://i-car--staging.sandbox.lightning.force.com/lightning/r/contact/0031i00000nuc5jqae/view</small> </font> </div>
<div class="test-event"> <font color="maroon"> <small> &emsp; &emsp;--- 16 Oct 10:22:47 078 - <b>0</b> - Page Load Wait: (Sync) - ICar.support.Utils.waitForPageLoad(Utils.java:109)</small> </font> </div>
<div class="test-event"> <font color="maroon"> <small> &emsp; &emsp;--- 16 Oct 10:22:49 907 - Page URL:: https://i-car--staging.sandbox.lightning.force.com/lightning/r/contact/0031i00000nuc5jqae/view</small> </font> </div>
<div class="test-event"> <font color="maroon"> <small> &emsp; &emsp;--- 16 Oct 10:22:49 907 - <b>0</b> - Page Load Wait: (Sync) - ICar.support.Utils.waitForPageLoad(Utils.java:109)</small> </font> </div>
<div class="test-event"> <font color="maroon"> <small> &emsp; &emsp;--- 16 Oct 10:23:05 104 - Catched spinner load exception due to Expected condition failed: waiting for ICar.support.WaitUtils$4@714addf7 (tried for 15 second(s) with 500 milliseconds interval)</small> </font> </div>
<div class="test-event"> <font color="maroon"> <small> &emsp; &emsp;--- 16 Oct 10:23:05 104 - <b>15</b> - Spinner Load Wait: (Sync) - ICar.support.WaitUtils.waitForSpinner(WaitUtils.java:225)</small> </font> </div>
<div class="test-event"> <font color="maroon"> <small> &emsp; &emsp;--- 16 Oct 10:23:05 766 - Page URL:: https://i-car--staging.sandbox.lightning.force.com/lightning/r/contact/0031i00000nuc5jqae/view</small> </font> </div>
<div class="test-event"> <font color="maroon"> <small> &emsp; &emsp;--- 16 Oct 10:23:05 767 - <b>0</b> - Page Load Wait: (Sync) - ICar.support.Utils.waitForPageLoad(Utils.java:109)</small> </font> </div>
<div class="test-event"> <font color="maroon"> <small> &emsp; &emsp;--- 16 Oct 10:23:05 825 - Element is displayed:: [[ChromeDriver: chrome on WINDOWS (9b0f5d0a5961b0f40f730183628ea54b)] -> xpath: //h2[@class='slds-card__header-title']/a/span[1]]</small> </font> </div>
<div class="test-event"> <font color="maroon"> <small> &emsp; &emsp;--- 16 Oct 10:23:07 677 - Page URL:: https://i-car--staging.sandbox.lightning.force.com/lightning/r/contact/0031i00000nuc5jqae/related/enrollment_contact__r/view?ws=%2flightning%2fr%2fcontact%2f0031i00000nuc5jqae%2fview</small> </font> </div>
<div class="test-event"> <font color="maroon"> <small> &emsp; &emsp;--- 16 Oct 10:23:07 677 - <b>1</b> - Page Load Wait: (Sync) - ICar.support.Utils.waitForPageLoad(Utils.java:109)</small> </font> </div>
<div class="test-event"> <font color="maroon"> <small> &emsp; &emsp;--- 16 Oct 10:23:22 895 - Catched spinner load exception due to Expected condition failed: waiting for ICar.support.WaitUtils$4@714addf7 (tried for 15 second(s) with 500 milliseconds interval)</small> </font> </div>
<div class="test-event"> <font color="maroon"> <small> &emsp; &emsp;--- 16 Oct 10:23:22 895 - <b>15</b> - Spinner Load Wait: (Sync) - ICar.support.WaitUtils.waitForSpinner(WaitUtils.java:225)</small> </font> </div>
<div class="test-event"> <font color="maroon"> <small> &emsp; &emsp;--- 16 Oct 10:23:24 182 - Page URL:: https://i-car--staging.sandbox.lightning.force.com/lightning/r/contact/0031i00000nuc5jqae/related/enrollment_contact__r/view?ws=%2flightning%2fr%2fcontact%2f0031i00000nuc5jqae%2fview</small> </font> </div>
<div class="test-event"> <font color="maroon"> <small> &emsp; &emsp;--- 16 Oct 10:23:24 182 - <b>1</b> - Page Load Wait: (Sync) - ICar.support.Utils.waitForPageLoad(Utils.java:109)</small> </font> </div>
<div class="test-event"> <font color="maroon"> <small> &emsp; &emsp;--- 16 Oct 10:23:29 373 - Catched spinner load exception due to Expected condition failed: waiting for ICar.support.WaitUtils$4@714addf7 (tried for 5 second(s) with 500 milliseconds interval)</small> </font> </div>
<div class="test-event"> <font color="maroon"> <small> &emsp; &emsp;--- 16 Oct 10:23:29 373 - <b>5</b> - Spinner Load Wait: (Sync) - ICar.support.WaitUtils.waitForSpinner(WaitUtils.java:225)</small> </font> </div>
<div class="test-event"> <font color="maroon"> <small> &emsp; &emsp;--- 16 Oct 10:23:30 645 - Page URL:: https://i-car--staging.sandbox.lightning.force.com/lightning/r/contact/0031i00000nuc5jqae/related/enrollment_contact__r/view?ws=%2flightning%2fr%2fcontact%2f0031i00000nuc5jqae%2fview</small> </font> </div>
<div class="test-event"> <font color="maroon"> <small> &emsp; &emsp;--- 16 Oct 10:23:30 645 - <b>1</b> - Page Load Wait: (Sync) - ICar.support.Utils.waitForPageLoad(Utils.java:109)</small> </font> </div>
<div class="test-event"> <font color="maroon"> <small> &emsp; &emsp;--- 16 Oct 10:23:33 855 - Catched spinner load exception due to Expected condition failed: waiting for ICar.support.WaitUtils$4@714addf7 (tried for 1 second(s) with 500 milliseconds interval)</small> </font> </div>
<div class="test-event"> <font color="maroon"> <small> &emsp; &emsp;--- 16 Oct 10:23:33 855 - <b>1</b> - Spinner Load Wait: (Sync) - ICar.support.WaitUtils.waitForSpinner(WaitUtils.java:225)</small> </font> </div>
<div class="test-event"> <font color="maroon"> <small> &emsp; &emsp;--- 16 Oct 10:23:35 142 - Page URL:: https://i-car--staging.sandbox.lightning.force.com/lightning/r/contact/0031i00000nuc5jqae/related/enrollment_contact__r/view?ws=%2flightning%2fr%2fcontact%2f0031i00000nuc5jqae%2fview</small> </font> </div>
<div class="test-event"> <font color="maroon"> <small> &emsp; &emsp;--- 16 Oct 10:23:35 142 - <b>1</b> - Page Load Wait: (Sync) - ICar.support.Utils.waitForPageLoad(Utils.java:109)</small> </font> </div>
<div class="test-event"> <font color="maroon"> <small> &emsp; &emsp;--- 16 Oct 10:23:38 369 - Catched spinner load exception due to Expected condition failed: waiting for ICar.support.WaitUtils$4@714addf7 (tried for 1 second(s) with 500 milliseconds interval)</small> </font> </div>
<div class="test-event"> <font color="maroon"> <small> &emsp; &emsp;--- 16 Oct 10:23:38 369 - <b>1</b> - Spinner Load Wait: (Sync) - ICar.support.WaitUtils.waitForSpinner(WaitUtils.java:225)</small> </font> </div>
<div class="test-event"> <font color="maroon"> <small> &emsp; &emsp;--- 16 Oct 10:23:39 869 - Page URL:: https://i-car--staging.sandbox.lightning.force.com/lightning/r/contact/0031i00000nuc5jqae/related/enrollment_contact__r/view?ws=%2flightning%2fr%2fcontact%2f0031i00000nuc5jqae%2fview</small> </font> </div>
<div class="test-event"> <font color="maroon"> <small> &emsp; &emsp;--- 16 Oct 10:23:39 869 - <b>1</b> - Page Load Wait: (Sync) - ICar.support.Utils.waitForPageLoad(Utils.java:109)</small> </font> </div>
<div class="test-event"> <font color="maroon"> <small> &emsp; &emsp;--- 16 Oct 10:23:43 046 - Catched spinner load exception due to Expected condition failed: waiting for ICar.support.WaitUtils$4@714addf7 (tried for 1 second(s) with 500 milliseconds interval)</small> </font> </div>
<div class="test-event"> <font color="maroon"> <small> &emsp; &emsp;--- 16 Oct 10:23:43 046 - <b>1</b> - Spinner Load Wait: (Sync) - ICar.support.WaitUtils.waitForSpinner(WaitUtils.java:225)</small> </font> </div>
<div class="test-event"> <font color="maroon"> <small> &emsp; &emsp;--- 16 Oct 10:23:44 589 - Page URL:: https://i-car--staging.sandbox.lightning.force.com/lightning/r/contact/0031i00000nuc5jqae/related/enrollment_contact__r/view?ws=%2flightning%2fr%2fcontact%2f0031i00000nuc5jqae%2fview</small> </font> </div>
<div class="test-event"> <font color="maroon"> <small> &emsp; &emsp;--- 16 Oct 10:23:44 589 - <b>1</b> - Page Load Wait: (Sync) - ICar.support.Utils.waitForPageLoad(Utils.java:109)</small> </font> </div>
<div class="test-event"> <font color="maroon"> <small> &emsp; &emsp;--- 16 Oct 10:23:47 762 - Catched spinner load exception due to Expected condition failed: waiting for ICar.support.WaitUtils$4@714addf7 (tried for 1 second(s) with 500 milliseconds interval)</small> </font> </div>
<div class="test-event"> <font color="maroon"> <small> &emsp; &emsp;--- 16 Oct 10:23:47 762 - <b>1</b> - Spinner Load Wait: (Sync) - ICar.support.WaitUtils.waitForSpinner(WaitUtils.java:225)</small> </font> </div>
<div class="test-event"> <font color="maroon"> <small> &emsp; &emsp;--- 16 Oct 10:23:49 054 - Page URL:: https://i-car--staging.sandbox.lightning.force.com/lightning/r/contact/0031i00000nuc5jqae/related/enrollment_contact__r/view?ws=%2flightning%2fr%2fcontact%2f0031i00000nuc5jqae%2fview</small> </font> </div>
<div class="test-event"> <font color="maroon"> <small> &emsp; &emsp;--- 16 Oct 10:23:49 054 - <b>1</b> - Page Load Wait: (Sync) - ICar.support.Utils.waitForPageLoad(Utils.java:109)</small> </font> </div>
<div class="test-event"> <font color="maroon"> <small> &emsp; &emsp;--- 16 Oct 10:23:52 308 - Catched spinner load exception due to Expected condition failed: waiting for ICar.support.WaitUtils$4@714addf7 (tried for 1 second(s) with 500 milliseconds interval)</small> </font> </div>
<div class="test-event"> <font color="maroon"> <small> &emsp; &emsp;--- 16 Oct 10:23:52 309 - <b>1</b> - Spinner Load Wait: (Sync) - ICar.support.WaitUtils.waitForSpinner(WaitUtils.java:225)</small> </font> </div>
<div class="test-event"> <font color="maroon"> <small> &emsp; &emsp;--- 16 Oct 10:23:53 584 - Page URL:: https://i-car--staging.sandbox.lightning.force.com/lightning/r/contact/0031i00000nuc5jqae/related/enrollment_contact__r/view?ws=%2flightning%2fr%2fcontact%2f0031i00000nuc5jqae%2fview</small> </font> </div>
<div class="test-event"> <font color="maroon"> <small> &emsp; &emsp;--- 16 Oct 10:23:53 584 - <b>1</b> - Page Load Wait: (Sync) - ICar.support.Utils.waitForPageLoad(Utils.java:109)</small> </font> </div>
<div class="test-event"> <font color="maroon"> <small> &emsp; &emsp;--- 16 Oct 10:23:56 723 - Catched spinner load exception due to Expected condition failed: waiting for ICar.support.WaitUtils$4@714addf7 (tried for 1 second(s) with 500 milliseconds interval)</small> </font> </div>
<div class="test-event"> <font color="maroon"> <small> &emsp; &emsp;--- 16 Oct 10:23:56 723 - <b>1</b> - Spinner Load Wait: (Sync) - ICar.support.WaitUtils.waitForSpinner(WaitUtils.java:225)</small> </font> </div>
<div class="test-event"> <font color="maroon"> <small> &emsp; &emsp;--- 16 Oct 10:23:57 982 - Page URL:: https://i-car--staging.sandbox.lightning.force.com/lightning/r/contact/0031i00000nuc5jqae/related/enrollment_contact__r/view?ws=%2flightning%2fr%2fcontact%2f0031i00000nuc5jqae%2fview</small> </font> </div>
<div class="test-event"> <font color="maroon"> <small> &emsp; &emsp;--- 16 Oct 10:23:57 982 - <b>1</b> - Page Load Wait: (Sync) - ICar.support.Utils.waitForPageLoad(Utils.java:109)</small> </font> </div>
<div class="test-event"> <font color="maroon"> <small> &emsp; &emsp;--- 16 Oct 10:24:01 232 - Catched spinner load exception due to Expected condition failed: waiting for ICar.support.WaitUtils$4@714addf7 (tried for 1 second(s) with 500 milliseconds interval)</small> </font> </div>
<div class="test-event"> <font color="maroon"> <small> &emsp; &emsp;--- 16 Oct 10:24:01 232 - <b>1</b> - Spinner Load Wait: (Sync) - ICar.support.WaitUtils.waitForSpinner(WaitUtils.java:225)</small> </font> </div>
<div class="test-event"> <font color="maroon"> <small> &emsp; &emsp;--- 16 Oct 10:24:02 551 - Page URL:: https://i-car--staging.sandbox.lightning.force.com/lightning/r/contact/0031i00000nuc5jqae/related/enrollment_contact__r/view?ws=%2flightning%2fr%2fcontact%2f0031i00000nuc5jqae%2fview</small> </font> </div>
<div class="test-event"> <font color="maroon"> <small> &emsp; &emsp;--- 16 Oct 10:24:02 551 - <b>1</b> - Page Load Wait: (Sync) - ICar.support.Utils.waitForPageLoad(Utils.java:109)</small> </font> </div>
<div class="test-message">&emsp;Successfully completed the course : Basic Estimate Writing&emsp;<a href=".\ScreenShot\ICar_BAM642_TC03_41812136656000.png" target="_blank" >[ScreenShot]</a></div>
<div class="test-result"><br><font color="green"><strong> Test Passed. </strong></font> </div>&emsp;
&emsp;<div class="test-title"> <strong><font size = "3" color = "#0000FF">---Test Execution Ends---</font> </strong> </div>&emsp;]]>
    </system-out>
  </testcase> <!-- ICar_BAM642_TC03 -->
  <testcase classname="BAM_Misc.BAMtestscripts" name="ICar_BAM640_TC01" time="350.765">
    <error message="Index 0 out of bounds for length 0" type="java.lang.IndexOutOfBoundsException">
      <![CDATA[java.lang.IndexOutOfBoundsException: Index 0 out of bounds for length 0
at java.base/jdk.internal.util.Preconditions.outOfBounds(Preconditions.java:64)
at java.base/jdk.internal.util.Preconditions.outOfBoundsCheckIndex(Preconditions.java:70)
at java.base/jdk.internal.util.Preconditions.checkIndex(Preconditions.java:266)
at java.base/java.util.Objects.checkIndex(Objects.java:359)
at java.base/java.util.ArrayList.get(ArrayList.java:427)
at java.base/jdk.internal.reflect.GeneratedMethodAccessor5.invoke(Unknown Source)
at java.base/jdk.internal.reflect.DelegatingMethodAccessorImpl.invoke(DelegatingMethodAccessorImpl.java:43)
at java.base/java.lang.reflect.Method.invoke(Method.java:567)
at org.openqa.selenium.support.pagefactory.internal.LocatingElementListHandler.invoke(LocatingElementListHandler.java:39)
at jdk.proxy2/jdk.proxy2.$Proxy26.get(Unknown Source)
at ICar.Pages.SalesForcePages.clickOnsViewLink(SalesForcePages.java:19743)
at BAM_Misc.BAMtestscripts.ICar_BAM640_TC01(BAMtestscripts.java:1387)
at java.base/jdk.internal.reflect.NativeMethodAccessorImpl.invoke0(Native Method)
at java.base/jdk.internal.reflect.NativeMethodAccessorImpl.invoke(NativeMethodAccessorImpl.java:78)
at java.base/jdk.internal.reflect.DelegatingMethodAccessorImpl.invoke(DelegatingMethodAccessorImpl.java:43)
at java.base/java.lang.reflect.Method.invoke(Method.java:567)
at org.testng.internal.invokers.MethodInvocationHelper.invokeMethod(MethodInvocationHelper.java:139)
at org.testng.internal.invokers.TestInvoker.invokeMethod(TestInvoker.java:664)
at org.testng.internal.invokers.TestInvoker.invokeTestMethod(TestInvoker.java:227)
at org.testng.internal.invokers.TestMethodWithDataProviderMethodWorker.call(TestMethodWithDataProviderMethodWorker.java:80)
at org.testng.internal.invokers.TestMethodWithDataProviderMethodWorker.call(TestMethodWithDataProviderMethodWorker.java:17)
at java.base/java.util.concurrent.FutureTask.run(FutureTask.java:264)
at java.base/java.util.concurrent.Executors$RunnableAdapter.call(Executors.java:515)
at java.base/java.util.concurrent.FutureTask.run(FutureTask.java:264)
at java.base/java.util.concurrent.ThreadPoolExecutor.runWorker(ThreadPoolExecutor.java:1130)
at java.base/java.util.concurrent.ThreadPoolExecutor$Worker.run(ThreadPoolExecutor.java:630)
at java.base/java.lang.Thread.run(Thread.java:831)
]]>
    </error>
    <system-out>
      <![CDATA[<div class="test-event"> <font color="maroon"> <small> &emsp; &emsp;--- 16 Oct 09:46:38 678 - TestCaseID:: ICar_BAM640_TC01</small> </font> </div>
<div class="test-event"> <font color="maroon"> <small> &emsp; &emsp;--- 16 Oct 09:46:39 905 - <b>1</b> - Driver::initialize::Get - ICar.support.WebDriverFactory.getDriver(WebDriverFactory.java:640)</small> </font> </div>
&emsp;<div class="test-title"> <strong><font size = "3" color = "#000080">Verify the Start Date for an employee on the Account's Roster is not Changed when an employee is terminated from the Account</font> </strong> </div>&emsp;<div><strong>Steps:</strong></div><!-- Report -->&emsp;
<div class="test-event"> <font color="maroon"> <small> &emsp; &emsp;--- 16 Oct 09:46:45 504 - Page URL:: https://i-car--staging.sandbox.my.salesforce.com/</small> </font> </div>
<div class="test-event"> <font color="maroon"> <small> &emsp; &emsp;--- 16 Oct 09:46:45 504 - <b>0</b> - Page Load Wait: (Sync) - ICar.support.Utils.waitForPageLoad(Utils.java:109)</small> </font> </div>
<div class="test-message">&emsp;Successfully navigated to 'Login' Page&emsp;<a href=".\ScreenShot\ICar_BAM640_TC01_39572941805400.png" target="_blank" >[ScreenShot]</a></div>
<div class="test-message">&emsp;1. Login page is launched.</div>
<div class="test-event"> <font color="maroon"> <small> &emsp; &emsp;--- 16 Oct 09:46:45 767 - Element is displayed:: [[ChromeDriver: chrome on WINDOWS (f0e4a81186c94bddd35addbf4789d192)] -> id: username]</small> </font> </div>
<div class="test-event"> <font color="maroon"> <small> &emsp; &emsp;--- 16 Oct 09:46:45 825 - Element is displayed:: [[ChromeDriver: chrome on WINDOWS (f0e4a81186c94bddd35addbf4789d192)] -> id: username]</small> </font> </div>
<div class="test-event"> <font color="maroon"> <small> &emsp; &emsp;--- 16 Oct 09:46:46 079 - Element is displayed:: [[ChromeDriver: chrome on WINDOWS (f0e4a81186c94bddd35addbf4789d192)] -> id: password]</small> </font> </div>
<div class="test-event"> <font color="maroon"> <small> &emsp; &emsp;--- 16 Oct 09:46:46 282 - Element is displayed:: [[ChromeDriver: chrome on WINDOWS (f0e4a81186c94bddd35addbf4789d192)] -> id: Login]</small> </font> </div>
<div class="test-event"> <font color="maroon"> <small> &emsp; &emsp;--- 16 Oct 09:47:13 531 - Catched spinner load exception due to Expected condition failed: waiting for ICar.support.WaitUtils$4@714addf7 (tried for 13 second(s) with 500 milliseconds interval)</small> </font> </div>
<div class="test-event"> <font color="maroon"> <small> &emsp; &emsp;--- 16 Oct 09:47:13 531 - <b>13</b> - Spinner Load Wait: (Sync) - ICar.support.WaitUtils.waitForSpinner(WaitUtils.java:225)</small> </font> </div>
<div class="test-event"> <font color="maroon"> <small> &emsp; &emsp;--- 16 Oct 09:47:32 071 - Catched spinner load exception due to Expected condition failed: waiting for ICar.support.WaitUtils$4@714addf7 (tried for 6 second(s) with 500 milliseconds interval)</small> </font> </div>
<div class="test-event"> <font color="maroon"> <small> &emsp; &emsp;--- 16 Oct 09:47:32 071 - <b>6</b> - Spinner Load Wait: (Sync) - ICar.support.WaitUtils.waitForSpinner(WaitUtils.java:225)</small> </font> </div>
<div class="test-event"> <font color="maroon"> <small> &emsp; &emsp;--- 16 Oct 09:47:32 157 - Element is displayed:: [[ChromeDriver: chrome on WINDOWS (f0e4a81186c94bddd35addbf4789d192)] -> css selector: button[class*='search-button']]</small> </font> </div>
<div class="test-message">&emsp;2. Navigate to 'SalesForce Page'</div>
<div class="test-event"> <font color="maroon"> <small> &emsp; &emsp;--- 16 Oct 09:47:32 435 - Page URL:: https://i-car--staging.sandbox.lightning.force.com/one/one.app#eyjjb21wb25lbnrezwyioijvbmu6ywxvagfqywdliiwiyxr0cmlidxrlcyi6eyjhzgryzxnzijoiahr0chm6ly9plwnhci0tc3rhz2luzy0tyy5zyw5kym94lnzmlmzvcmnllmnvbs9hcgv4l0ldqvjfve1eyxnoym9hcmq%2fawq9mdazmukwmdawmg51r3zmuufvin0sinn0yxrlijp7indzijoil2xpz2h0bmluzy9yl0nvbnrhy3qvmdazmukwmdawmg51r3zmuufvl3zpzxcifx0%3d</small> </font> </div>
<div class="test-event"> <font color="maroon"> <small> &emsp; &emsp;--- 16 Oct 09:47:32 435 - <b>0</b> - Page Load Wait: (Sync) - ICar.support.Utils.waitForPageLoad(Utils.java:109)</small> </font> </div>
<div class="test-event"> <font color="maroon"> <small> &emsp; &emsp;--- 16 Oct 09:47:37 954 - Page URL:: https://i-car--staging.sandbox.lightning.force.com/one/one.app#eyjjb21wb25lbnrezwyioijvbmu6ywxvagfqywdliiwiyxr0cmlidxrlcyi6eyjhzgryzxnzijoiahr0chm6ly9plwnhci0tc3rhz2luzy0tyy5zyw5kym94lnzmlmzvcmnllmnvbs9hcgv4l0ldqvjfve1eyxnoym9hcmq%2fawq9mdazmukwmdawmg51r3zmuufvin0sinn0yxrlijp7indzijoil2xpz2h0bmluzy9yl0nvbnrhy3qvmdazmukwmdawmg51r3zmuufvl3zpzxcifx0%3d</small> </font> </div>
<div class="test-event"> <font color="maroon"> <small> &emsp; &emsp;--- 16 Oct 09:47:37 954 - <b>0</b> - Page Load Wait: (Sync) - ICar.support.Utils.waitForPageLoad(Utils.java:109)</small> </font> </div>
<div class="test-message">&emsp;Close the tab</div>
<div class="test-message">&emsp;Successfully navigated to 'Login' Page&emsp;<a href=".\ScreenShot\ICar_BAM640_TC01_39630681424900.png" target="_blank" >[ScreenShot]</a></div>
<div class="test-message">&emsp;3. Enter the user credentials as : icaradminautomation3@i-car.com.staging</div>
<div class="test-event"> <font color="maroon"> <small> &emsp; &emsp;--- 16 Oct 09:47:43 835 - Page URL:: https://i-car--staging.sandbox.lightning.force.com/lightning/o/account/list?filtername=accounts</small> </font> </div>
<div class="test-event"> <font color="maroon"> <small> &emsp; &emsp;--- 16 Oct 09:47:43 835 - <b>0</b> - Page Load Wait: (Sync) - ICar.support.Utils.waitForPageLoad(Utils.java:109)</small> </font> </div>
<div class="test-event"> <font color="maroon"> <small> &emsp; &emsp;--- 16 Oct 09:47:49 250 - Page URL:: https://i-car--staging.sandbox.lightning.force.com/lightning/o/account/list?filtername=accounts</small> </font> </div>
<div class="test-event"> <font color="maroon"> <small> &emsp; &emsp;--- 16 Oct 09:47:49 250 - <b>0</b> - Page Load Wait: (Sync) - ICar.support.Utils.waitForPageLoad(Utils.java:109)</small> </font> </div>
<div class="test-message">&emsp;Close the tab</div>
<div class="test-event"> <font color="maroon"> <small> &emsp; &emsp;--- 16 Oct 09:47:54 904 - Page URL:: https://i-car--staging.sandbox.lightning.force.com/lightning/o/account/list?filtername=accounts</small> </font> </div>
<div class="test-event"> <font color="maroon"> <small> &emsp; &emsp;--- 16 Oct 09:47:54 905 - <b>0</b> - Page Load Wait: (Sync) - ICar.support.Utils.waitForPageLoad(Utils.java:109)</small> </font> </div>
<div class="test-event"> <font color="maroon"> <small> &emsp; &emsp;--- 16 Oct 09:47:54 952 - Element is displayed:: [[ChromeDriver: chrome on WINDOWS (f0e4a81186c94bddd35addbf4789d192)] -> css selector: button[class*='search-button']]</small> </font> </div>
<div class="test-event"> <font color="maroon"> <small> &emsp; &emsp;--- 16 Oct 09:47:57 140 - Catched spinner load exception due to Expected condition failed: waiting for ICar.support.WaitUtils$4@714addf7 (tried for 2 second(s) with 500 milliseconds interval)</small> </font> </div>
<div class="test-event"> <font color="maroon"> <small> &emsp; &emsp;--- 16 Oct 09:47:57 141 - <b>2</b> - Spinner Load Wait: (Sync) - ICar.support.WaitUtils.waitForSpinner(WaitUtils.java:225)</small> </font> </div>
<div class="test-event"> <font color="maroon"> <small> &emsp; &emsp;--- 16 Oct 09:48:00 220 - Element is displayed:: [[ChromeDriver: chrome on WINDOWS (f0e4a81186c94bddd35addbf4789d192)] -> css selector: button[class*='search-button']]</small> </font> </div>
<div class="test-event"> <font color="maroon"> <small> &emsp; &emsp;--- 16 Oct 09:48:00 826 - Page URL:: https://i-car--staging.sandbox.lightning.force.com/lightning/o/account/list?filtername=accounts</small> </font> </div>
<div class="test-event"> <font color="maroon"> <small> &emsp; &emsp;--- 16 Oct 09:48:00 826 - <b>0</b> - Page Load Wait: (Sync) - ICar.support.Utils.waitForPageLoad(Utils.java:109)</small> </font> </div>
<div class="test-event"> <font color="maroon"> <small> &emsp; &emsp;--- 16 Oct 09:48:20 734 - Catched spinner load exception due to Expected condition failed: waiting for ICar.support.WaitUtils$4@714addf7 (tried for 10 second(s) with 500 milliseconds interval)</small> </font> </div>
<div class="test-event"> <font color="maroon"> <small> &emsp; &emsp;--- 16 Oct 09:48:20 734 - <b>10</b> - Spinner Load Wait: (Sync) - ICar.support.WaitUtils.waitForSpinner(WaitUtils.java:225)</small> </font> </div>
<div class="test-event"> <font color="maroon"> <small> &emsp; &emsp;--- 16 Oct 09:48:21 568 - Page URL:: https://i-car--staging.sandbox.lightning.force.com/one/one.app#eyjjb21wb25lbnrezwyioijmb3jjzvnlyxjjadpzzwfyy2hqywdlrgvza3rvccisimf0dhjpynv0zxmionsidgvybsi6ikdlcmjlcibdb2xsaxnpb24gjibhbgfzcyatieftc3rlcmrhbsisinnjb3bltwfwijp7inr5cguioijut1bfukvtvuxuuyisim5hbwvzcgfjzsi6iiisimxhymvsijoivg9wifjlc3vsdhmilcjsywjlbfbsdxjhbci6ilrvccbszxn1bhrziiwicmvzdwx0c0ntcci6imzvcmnlu2vhcmnoonbyzwrpy3rlzfjlc3vsdhmifswiy29udgv4dci6eyjgsuxurvjtijp7fswic2vhcmnou291cmnlijoiqvntsvnuqu5ux0rjquxpryisimrpc2fibgvjbnrlbnrrdwvyesi6zmfsc2usimrpc2fibgvtcgvsbenvcnjly3rpb24iomzhbhnllcjzzwfyy2heawfsb2dtzxnzaw9uswqioiiymjlmnmmznc03ngu4ltk5nmmtntlmny0xywi3n2qznze5mmuilcjkzwj1z0luzm8ionsiyxbwtmftzsi6ikldyxjfu2vydmljzv9db25zb2xliiwiyxbwvhlwzsi6iknvbnnvbguilcjhchboyw1lc3bhy2uioijjiiwibg9jyxrpb24ioijmb3jjztpvymply3rib21lrgvza3rvccisinnvymply3ruexblijoiqwnjb3vudcj9fswiz3jvdxbjzci6ikrfrkfvtfqifswic3rhdguiont9fq%3d%3d</small> </font> </div>
<div class="test-event"> <font color="maroon"> <small> &emsp; &emsp;--- 16 Oct 09:48:21 568 - <b>0</b> - Page Load Wait: (Sync) - ICar.support.Utils.waitForPageLoad(Utils.java:109)</small> </font> </div>
<div class="test-event"> <font color="maroon"> <small> &emsp; &emsp;--- 16 Oct 09:48:32 634 - Catched spinner load exception due to Expected condition failed: waiting for ICar.support.WaitUtils$4@714addf7 (tried for 11 second(s) with 500 milliseconds interval)</small> </font> </div>
<div class="test-event"> <font color="maroon"> <small> &emsp; &emsp;--- 16 Oct 09:48:32 634 - <b>11</b> - Spinner Load Wait: (Sync) - ICar.support.WaitUtils.waitForSpinner(WaitUtils.java:225)</small> </font> </div>
<div class="test-event"> <font color="maroon"> <small> &emsp; &emsp;--- 16 Oct 09:48:33 559 - Page URL:: https://i-car--staging.sandbox.lightning.force.com/one/one.app#eyjjb21wb25lbnrezwyioijmb3jjzvnlyxjjadpzzwfyy2hqywdlrgvza3rvccisimf0dhjpynv0zxmionsidgvybsi6ikdlcmjlcibdb2xsaxnpb24gjibhbgfzcyatieftc3rlcmrhbsisinnjb3bltwfwijp7inr5cguioijut1bfukvtvuxuuyisim5hbwvzcgfjzsi6iiisimxhymvsijoivg9wifjlc3vsdhmilcjsywjlbfbsdxjhbci6ilrvccbszxn1bhrziiwicmvzdwx0c0ntcci6imzvcmnlu2vhcmnoonbyzwrpy3rlzfjlc3vsdhmifswiy29udgv4dci6eyjgsuxurvjtijp7fswic2vhcmnou291cmnlijoiqvntsvnuqu5ux0rjquxpryisimrpc2fibgvjbnrlbnrrdwvyesi6zmfsc2usimrpc2fibgvtcgvsbenvcnjly3rpb24iomzhbhnllcjzzwfyy2heawfsb2dtzxnzaw9uswqioiiymjlmnmmznc03ngu4ltk5nmmtntlmny0xywi3n2qznze5mmuilcjkzwj1z0luzm8ionsiyxbwtmftzsi6ikldyxjfu2vydmljzv9db25zb2xliiwiyxbwvhlwzsi6iknvbnnvbguilcjhchboyw1lc3bhy2uioijjiiwibg9jyxrpb24ioijmb3jjztpvymply3rib21lrgvza3rvccisinnvymply3ruexblijoiqwnjb3vudcj9fswiz3jvdxbjzci6ikrfrkfvtfqifswic3rhdguiont9fq%3d%3d</small> </font> </div>
<div class="test-event"> <font color="maroon"> <small> &emsp; &emsp;--- 16 Oct 09:48:33 560 - <b>0</b> - Page Load Wait: (Sync) - ICar.support.Utils.waitForPageLoad(Utils.java:109)</small> </font> </div>
<div class="test-event"> <font color="maroon"> <small> &emsp; &emsp;--- 16 Oct 09:48:33 686 - Element is displayed:: [[ChromeDriver: chrome on WINDOWS (f0e4a81186c94bddd35addbf4789d192)] -> xpath: //a[@title='Top Results']//span[text()='Top Results']]</small> </font> </div>
<div class="test-event"> <font color="maroon"> <small> &emsp; &emsp;--- 16 Oct 09:48:34 114 - Page URL:: https://i-car--staging.sandbox.lightning.force.com/one/one.app#eyjjb21wb25lbnrezwyioijmb3jjzvnlyxjjadpzzwfyy2hqywdlrgvza3rvccisimf0dhjpynv0zxmionsidgvybsi6ikdlcmjlcibdb2xsaxnpb24gjibhbgfzcyatieftc3rlcmrhbsisinnjb3bltwfwijp7inr5cguioijut1bfukvtvuxuuyisim5hbwvzcgfjzsi6iiisimxhymvsijoivg9wifjlc3vsdhmilcjsywjlbfbsdxjhbci6ilrvccbszxn1bhrziiwicmvzdwx0c0ntcci6imzvcmnlu2vhcmnoonbyzwrpy3rlzfjlc3vsdhmifswiy29udgv4dci6eyjgsuxurvjtijp7fswic2vhcmnou291cmnlijoiqvntsvnuqu5ux0rjquxpryisimrpc2fibgvjbnrlbnrrdwvyesi6zmfsc2usimrpc2fibgvtcgvsbenvcnjly3rpb24iomzhbhnllcjzzwfyy2heawfsb2dtzxnzaw9uswqioiiymjlmnmmznc03ngu4ltk5nmmtntlmny0xywi3n2qznze5mmuilcjkzwj1z0luzm8ionsiyxbwtmftzsi6ikldyxjfu2vydmljzv9db25zb2xliiwiyxbwvhlwzsi6iknvbnnvbguilcjhchboyw1lc3bhy2uioijjiiwibg9jyxrpb24ioijmb3jjztpvymply3rib21lrgvza3rvccisinnvymply3ruexblijoiqwnjb3vudcj9fswiz3jvdxbjzci6ikrfrkfvtfqifswic3rhdguiont9fq%3d%3d</small> </font> </div>
<div class="test-event"> <font color="maroon"> <small> &emsp; &emsp;--- 16 Oct 09:48:34 115 - <b>0</b> - Page Load Wait: (Sync) - ICar.support.Utils.waitForPageLoad(Utils.java:109)</small> </font> </div>
<div class="test-event"> <font color="maroon"> <small> &emsp; &emsp;--- 16 Oct 09:48:39 590 - Catched spinner load exception due to Expected condition failed: waiting for ICar.support.WaitUtils$4@714addf7 (tried for 5 second(s) with 500 milliseconds interval)</small> </font> </div>
<div class="test-event"> <font color="maroon"> <small> &emsp; &emsp;--- 16 Oct 09:48:39 590 - <b>5</b> - Spinner Load Wait: (Sync) - ICar.support.WaitUtils.waitForSpinner(WaitUtils.java:225)</small> </font> </div>
<div class="test-event"> <font color="maroon"> <small> &emsp; &emsp;--- 16 Oct 09:48:40 354 - Page URL:: https://i-car--staging.sandbox.lightning.force.com/one/one.app#eyjjb21wb25lbnrezwyioijmb3jjzvnlyxjjadpzzwfyy2hqywdlrgvza3rvccisimf0dhjpynv0zxmionsidgvybsi6ikdlcmjlcibdb2xsaxnpb24gjibhbgfzcyatieftc3rlcmrhbsisinnjb3bltwfwijp7inr5cguioijut1bfukvtvuxuuyisim5hbwvzcgfjzsi6iiisimxhymvsijoivg9wifjlc3vsdhmilcjsywjlbfbsdxjhbci6ilrvccbszxn1bhrziiwicmvzdwx0c0ntcci6imzvcmnlu2vhcmnoonbyzwrpy3rlzfjlc3vsdhmifswiy29udgv4dci6eyjgsuxurvjtijp7fswic2vhcmnou291cmnlijoiqvntsvnuqu5ux0rjquxpryisimrpc2fibgvjbnrlbnrrdwvyesi6zmfsc2usimrpc2fibgvtcgvsbenvcnjly3rpb24iomzhbhnllcjzzwfyy2heawfsb2dtzxnzaw9uswqioiiymjlmnmmznc03ngu4ltk5nmmtntlmny0xywi3n2qznze5mmuilcjkzwj1z0luzm8ionsiyxbwtmftzsi6ikldyxjfu2vydmljzv9db25zb2xliiwiyxbwvhlwzsi6iknvbnnvbguilcjhchboyw1lc3bhy2uioijjiiwibg9jyxrpb24ioijmb3jjztpvymply3rib21lrgvza3rvccisinnvymply3ruexblijoiqwnjb3vudcj9fswiz3jvdxbjzci6ikrfrkfvtfqifswic3rhdguiont9fq%3d%3d</small> </font> </div>
<div class="test-event"> <font color="maroon"> <small> &emsp; &emsp;--- 16 Oct 09:48:40 354 - <b>0</b> - Page Load Wait: (Sync) - ICar.support.Utils.waitForPageLoad(Utils.java:109)</small> </font> </div>
<div class="test-event"> <font color="maroon"> <small> &emsp; &emsp;--- 16 Oct 09:48:41 078 - Page URL:: https://i-car--staging.sandbox.lightning.force.com/one/one.app#eyjjb21wb25lbnrezwyioijmb3jjzvnlyxjjadpzzwfyy2hqywdlrgvza3rvccisimf0dhjpynv0zxmionsidgvybsi6ikdlcmjlcibdb2xsaxnpb24gjibhbgfzcyatieftc3rlcmrhbsisinnjb3bltwfwijp7inr5cguioijut1bfukvtvuxuuyisim5hbwvzcgfjzsi6iiisimxhymvsijoivg9wifjlc3vsdhmilcjsywjlbfbsdxjhbci6ilrvccbszxn1bhrziiwicmvzdwx0c0ntcci6imzvcmnlu2vhcmnoonbyzwrpy3rlzfjlc3vsdhmifswiy29udgv4dci6eyjgsuxurvjtijp7fswic2vhcmnou291cmnlijoiqvntsvnuqu5ux0rjquxpryisimrpc2fibgvjbnrlbnrrdwvyesi6zmfsc2usimrpc2fibgvtcgvsbenvcnjly3rpb24iomzhbhnllcjzzwfyy2heawfsb2dtzxnzaw9uswqioiiymjlmnmmznc03ngu4ltk5nmmtntlmny0xywi3n2qznze5mmuilcjkzwj1z0luzm8ionsiyxbwtmftzsi6ikldyxjfu2vydmljzv9db25zb2xliiwiyxbwvhlwzsi6iknvbnnvbguilcjhchboyw1lc3bhy2uioijjiiwibg9jyxrpb24ioijmb3jjztpvymply3rib21lrgvza3rvccisinnvymply3ruexblijoiqwnjb3vudcj9fswiz3jvdxbjzci6ikrfrkfvtfqifswic3rhdguiont9fq%3d%3d</small> </font> </div>
<div class="test-event"> <font color="maroon"> <small> &emsp; &emsp;--- 16 Oct 09:48:41 078 - <b>0</b> - Page Load Wait: (Sync) - ICar.support.Utils.waitForPageLoad(Utils.java:109)</small> </font> </div>
<div class="test-event"> <font color="maroon"> <small> &emsp; &emsp;--- 16 Oct 09:48:41 848 - Page URL:: https://i-car--staging.sandbox.lightning.force.com/one/one.app#eyjjb21wb25lbnrezwyioijmb3jjzvnlyxjjadpzzwfyy2hqywdlrgvza3rvccisimf0dhjpynv0zxmionsidgvybsi6ikdlcmjlcibdb2xsaxnpb24gjibhbgfzcyatieftc3rlcmrhbsisinnjb3bltwfwijp7inr5cguioijut1bfukvtvuxuuyisim5hbwvzcgfjzsi6iiisimxhymvsijoivg9wifjlc3vsdhmilcjsywjlbfbsdxjhbci6ilrvccbszxn1bhrziiwicmvzdwx0c0ntcci6imzvcmnlu2vhcmnoonbyzwrpy3rlzfjlc3vsdhmifswiy29udgv4dci6eyjgsuxurvjtijp7fswic2vhcmnou291cmnlijoiqvntsvnuqu5ux0rjquxpryisimrpc2fibgvjbnrlbnrrdwvyesi6zmfsc2usimrpc2fibgvtcgvsbenvcnjly3rpb24iomzhbhnllcjzzwfyy2heawfsb2dtzxnzaw9uswqioiiymjlmnmmznc03ngu4ltk5nmmtntlmny0xywi3n2qznze5mmuilcjkzwj1z0luzm8ionsiyxbwtmftzsi6ikldyxjfu2vydmljzv9db25zb2xliiwiyxbwvhlwzsi6iknvbnnvbguilcjhchboyw1lc3bhy2uioijjiiwibg9jyxrpb24ioijmb3jjztpvymply3rib21lrgvza3rvccisinnvymply3ruexblijoiqwnjb3vudcj9fswiz3jvdxbjzci6ikrfrkfvtfqifswic3rhdguiont9fq%3d%3d</small> </font> </div>
<div class="test-event"> <font color="maroon"> <small> &emsp; &emsp;--- 16 Oct 09:48:41 848 - <b>0</b> - Page Load Wait: (Sync) - ICar.support.Utils.waitForPageLoad(Utils.java:109)</small> </font> </div>
<div class="test-event"> <font color="maroon"> <small> &emsp; &emsp;--- 16 Oct 09:48:51 863 - Catched spinner load exception due to Expected condition failed: waiting for ICar.support.WaitUtils$4@714addf7 (tried for 10 second(s) with 500 milliseconds interval)</small> </font> </div>
<div class="test-event"> <font color="maroon"> <small> &emsp; &emsp;--- 16 Oct 09:48:51 863 - <b>10</b> - Spinner Load Wait: (Sync) - ICar.support.WaitUtils.waitForSpinner(WaitUtils.java:225)</small> </font> </div>
<div class="test-event"> <font color="maroon"> <small> &emsp; &emsp;--- 16 Oct 09:48:51 898 - Element is displayed:: [[ChromeDriver: chrome on WINDOWS (f0e4a81186c94bddd35addbf4789d192)] -> css selector: div.forceSearchResultsRegion div.resultsMultiWrapper >div > div table tbody th a]</small> </font> </div>
<div class="test-event"> <font color="maroon"> <small> &emsp; &emsp;--- 16 Oct 09:48:51 995 - Element is displayed:: [[ChromeDriver: chrome on WINDOWS (f0e4a81186c94bddd35addbf4789d192)] -> css selector: div.forceSearchResultsRegion div.resultsMultiWrapper >div > div table tbody th a]</small> </font> </div>
<div class="test-message">&emsp;4. click on Account : Gerber Collision & Glass - Amsterdam</div>
<div class="test-event"> <font color="maroon"> <small> &emsp; &emsp;--- 16 Oct 09:48:53 019 - Page URL:: https://i-car--staging.sandbox.lightning.force.com/one/one.app#eyjjb21wb25lbnrezwyioijmb3jjzvnlyxjjadpzzwfyy2hqywdlrgvza3rvccisimf0dhjpynv0zxmionsidgvybsi6ikdlcmjlcibdb2xsaxnpb24gjibhbgfzcyatieftc3rlcmrhbsisinnjb3bltwfwijp7inr5cguioijut1bfukvtvuxuuyisim5hbwvzcgfjzsi6iiisimxhymvsijoivg9wifjlc3vsdhmilcjsywjlbfbsdxjhbci6ilrvccbszxn1bhrziiwicmvzdwx0c0ntcci6imzvcmnlu2vhcmnoonbyzwrpy3rlzfjlc3vsdhmifswiy29udgv4dci6eyjgsuxurvjtijp7fswic2vhcmnou291cmnlijoiqvntsvnuqu5ux0rjquxpryisimrpc2fibgvjbnrlbnrrdwvyesi6zmfsc2usimrpc2fibgvtcgvsbenvcnjly3rpb24iomzhbhnllcjzzwfyy2heawfsb2dtzxnzaw9uswqioiiymjlmnmmznc03ngu4ltk5nmmtntlmny0xywi3n2qznze5mmuilcjkzwj1z0luzm8ionsiyxbwtmftzsi6ikldyxjfu2vydmljzv9db25zb2xliiwiyxbwvhlwzsi6iknvbnnvbguilcjhchboyw1lc3bhy2uioijjiiwibg9jyxrpb24ioijmb3jjztpvymply3rib21lrgvza3rvccisinnvymply3ruexblijoiqwnjb3vudcj9fswiz3jvdxbjzci6ikrfrkfvtfqifswic3rhdguiont9fq%3d%3d</small> </font> </div>
<div class="test-event"> <font color="maroon"> <small> &emsp; &emsp;--- 16 Oct 09:48:53 019 - <b>0</b> - Page Load Wait: (Sync) - ICar.support.Utils.waitForPageLoad(Utils.java:109)</small> </font> </div>
<div class="test-event"> <font color="maroon"> <small> &emsp; &emsp;--- 16 Oct 09:49:08 485 - Catched spinner load exception due to Expected condition failed: waiting for ICar.support.WaitUtils$4@714addf7 (tried for 15 second(s) with 500 milliseconds interval)</small> </font> </div>
<div class="test-event"> <font color="maroon"> <small> &emsp; &emsp;--- 16 Oct 09:49:08 485 - <b>15</b> - Spinner Load Wait: (Sync) - ICar.support.WaitUtils.waitForSpinner(WaitUtils.java:225)</small> </font> </div>
<div class="test-event"> <font color="maroon"> <small> &emsp; &emsp;--- 16 Oct 09:49:09 539 - Page URL:: https://i-car--staging.sandbox.lightning.force.com/lightning/r/account/0011i00000uwihwqa2/view</small> </font> </div>
<div class="test-event"> <font color="maroon"> <small> &emsp; &emsp;--- 16 Oct 09:49:09 539 - <b>1</b> - Page Load Wait: (Sync) - ICar.support.Utils.waitForPageLoad(Utils.java:109)</small> </font> </div>
<div class="test-event"> <font color="maroon"> <small> &emsp; &emsp;--- 16 Oct 09:49:11 696 - Element is displayed:: [[ChromeDriver: chrome on WINDOWS (f0e4a81186c94bddd35addbf4789d192)] -> xpath: //button[normalize-space()='Roster']]</small> </font> </div>
<div class="test-event"> <font color="maroon"> <small> &emsp; &emsp;--- 16 Oct 09:49:12 571 - Page URL:: https://i-car--staging.sandbox.lightning.force.com/lightning/r/account/0011i00000uwihwqa2/view</small> </font> </div>
<div class="test-event"> <font color="maroon"> <small> &emsp; &emsp;--- 16 Oct 09:49:12 571 - <b>0</b> - Page Load Wait: (Sync) - ICar.support.Utils.waitForPageLoad(Utils.java:109)</small> </font> </div>
<div class="test-event"> <font color="maroon"> <small> &emsp; &emsp;--- 16 Oct 09:49:13 549 - Page URL:: https://i-car--staging.sandbox.lightning.force.com/lightning/r/account/0011i00000uwihwqa2/view</small> </font> </div>
<div class="test-event"> <font color="maroon"> <small> &emsp; &emsp;--- 16 Oct 09:49:13 550 - <b>0</b> - Page Load Wait: (Sync) - ICar.support.Utils.waitForPageLoad(Utils.java:109)</small> </font> </div>
<div class="test-event"> <font color="maroon"> <small> &emsp; &emsp;--- 16 Oct 09:49:28 953 - Catched spinner load exception due to Expected condition failed: waiting for ICar.support.WaitUtils$4@714addf7 (tried for 15 second(s) with 500 milliseconds interval)</small> </font> </div>
<div class="test-event"> <font color="maroon"> <small> &emsp; &emsp;--- 16 Oct 09:49:28 953 - <b>15</b> - Spinner Load Wait: (Sync) - ICar.support.WaitUtils.waitForSpinner(WaitUtils.java:225)</small> </font> </div>
<div class="test-event"> <font color="maroon"> <small> &emsp; &emsp;--- 16 Oct 09:49:30 209 - Page URL:: https://i-car--staging.sandbox.lightning.force.com/one/one.app#eyjjb21wb25lbnrezwyioijvbmu6ywxvagfqywdliiwiyxr0cmlidxrlcyi6eyjhzgryzxnzijoiahr0chm6ly9plwnhci0tc3rhz2luzy0tyy5zyw5kym94lnzmlmzvcmnllmnvbs9hcgv4l1jvc3rlck1hbmfnzw1lbnq%2fswq9mdaxmukwmdawmhv3suhxin0sinn0yxrlijp7indzijoil2xpz2h0bmluzy9yl0fjy291bnqvmdaxmukwmdawmhv3suhxuueyl3zpzxcifx0%3d</small> </font> </div>
<div class="test-event"> <font color="maroon"> <small> &emsp; &emsp;--- 16 Oct 09:49:30 209 - <b>1</b> - Page Load Wait: (Sync) - ICar.support.Utils.waitForPageLoad(Utils.java:109)</small> </font> </div>
<div class="test-message">&emsp;5. Click on account roster Gerber Collision & Glass - Amsterdam</div>
<div class="test-event"> <font color="maroon"> <small> &emsp; &emsp;--- 16 Oct 09:49:40 604 - Catched spinner load exception due to Expected condition failed: waiting for ICar.support.WaitUtils$4@714addf7 (tried for 10 second(s) with 500 milliseconds interval)</small> </font> </div>
<div class="test-event"> <font color="maroon"> <small> &emsp; &emsp;--- 16 Oct 09:49:40 605 - <b>10</b> - Spinner Load Wait: (Sync) - ICar.support.WaitUtils.waitForSpinner(WaitUtils.java:225)</small> </font> </div>
<div class="test-event"> <font color="maroon"> <small> &emsp; &emsp;--- 16 Oct 09:49:42 889 - Element is displayed:: [[ChromeDriver: chrome on WINDOWS (f0e4a81186c94bddd35addbf4789d192)] -> xpath: //span[text()='All']]</small> </font> </div>
<div class="test-event"> <font color="maroon"> <small> &emsp; &emsp;--- 16 Oct 09:49:51 327 - Catched spinner load exception due to Expected condition failed: waiting for ICar.support.WaitUtils$4@714addf7 (tried for 5 second(s) with 500 milliseconds interval)</small> </font> </div>
<div class="test-event"> <font color="maroon"> <small> &emsp; &emsp;--- 16 Oct 09:49:51 327 - <b>5</b> - Spinner Load Wait: (Sync) - ICar.support.WaitUtils.waitForSpinner(WaitUtils.java:225)</small> </font> </div>
<div class="test-event"> <font color="maroon"> <small> &emsp; &emsp;--- 16 Oct 09:49:56 061 - Page URL:: https://i-car--staging.sandbox.lightning.force.com/one/one.app#eyjjb21wb25lbnrezwyioijvbmu6ywxvagfqywdliiwiyxr0cmlidxrlcyi6eyjhzgryzxnzijoiahr0chm6ly9plwnhci0tc3rhz2luzy0tyy5zyw5kym94lnzmlmzvcmnllmnvbs9hcgv4l1jvc3rlck1hbmfnzw1lbnq%2fswq9mdaxmukwmdawmhv3suhxin0sinn0yxrlijp7indzijoil2xpz2h0bmluzy9yl0fjy291bnqvmdaxmukwmdawmhv3suhxuueyl3zpzxcifx0%3d</small> </font> </div>
<div class="test-event"> <font color="maroon"> <small> &emsp; &emsp;--- 16 Oct 09:49:56 061 - <b>1</b> - Page Load Wait: (Sync) - ICar.support.Utils.waitForPageLoad(Utils.java:109)</small> </font> </div>
<div class="test-event"> <font color="maroon"> <small> &emsp; &emsp;--- 16 Oct 09:50:11 086 - Catched spinner load exception due to Expected condition failed: waiting for ICar.support.WaitUtils$4@714addf7 (tried for 15 second(s) with 500 milliseconds interval)</small> </font> </div>
<div class="test-event"> <font color="maroon"> <small> &emsp; &emsp;--- 16 Oct 09:50:11 086 - <b>15</b> - Spinner Load Wait: (Sync) - ICar.support.WaitUtils.waitForSpinner(WaitUtils.java:225)</small> </font> </div>
<div class="test-event"> <font color="maroon"> <small> &emsp; &emsp;--- 16 Oct 09:50:12 255 - Page URL:: https://i-car--staging.sandbox.lightning.force.com/one/one.app#eyjjb21wb25lbnrezwyioijvbmu6ywxvagfqywdliiwiyxr0cmlidxrlcyi6eyjhzgryzxnzijoiahr0chm6ly9plwnhci0tc3rhz2luzy0tyy5zyw5kym94lnzmlmzvcmnllmnvbs9hcgv4l1jvc3rlck1hbmfnzw1lbnq%2fswq9mdaxmukwmdawmhv3suhxin0sinn0yxrlijp7indzijoil2xpz2h0bmluzy9yl0fjy291bnqvmdaxmukwmdawmhv3suhxuueyl3zpzxcifx0%3d</small> </font> </div>
<div class="test-event"> <font color="maroon"> <small> &emsp; &emsp;--- 16 Oct 09:50:12 255 - <b>1</b> - Page Load Wait: (Sync) - ICar.support.Utils.waitForPageLoad(Utils.java:109)</small> </font> </div>
<div class="test-message">&emsp;Exception occurred while fetching employement start date from account roster org.openqa.selenium.NoSuchElementException: no such element: Unable to locate element: {"method":"xpath","selector":"(//table[@class='slds-table slds-table_cell-buffer slds-table_bordered'])[last()]/tbody/tr/td[@data-label='sName']/div[@title='Snow, George']//parent::td//following-sibling::td[@data-label='startDate']/div/div/span"}
  (Session info: chrome=129.0.6668.101)
For documentation on this error, please visit: https://selenium.dev/exceptions/#no_such_element
Build info: version: '4.6.0', revision: '79f1c02ae20'
System info: os.name: 'Windows 10', os.arch: 'amd64', os.version: '10.0', java.version: '16.0.2'
Driver info: org.openqa.selenium.chrome.ChromeDriver
Command: [f0e4a81186c94bddd35addbf4789d192, findElement {using=xpath, value=(//table[@class='slds-table slds-table_cell-buffer slds-table_bordered'])[last()]/tbody/tr/td[@data-label='sName']/div[@title='Snow, George']//parent::td//following-sibling::td[@data-label='startDate']/div/div/span}]
Capabilities {acceptInsecureCerts: false, browserName: chrome, browserVersion: 129.0.6668.101, chrome: {chromedriverVersion: 129.0.6668.58 (81a06fb873a9..., userDataDir: C:\Users\PRATHA~1.KUM\AppDa...}, fedcm:accounts: true, goog:chromeOptions: {debuggerAddress: localhost:53889}, networkConnectionEnabled: false, pageLoadStrategy: normal, platformName: WINDOWS, proxy: Proxy(), se:cdp: ws://localhost:53889/devtoo..., se:cdpVersion: 129.0.6668.101, setWindowRect: true, strictFileInteractability: false, timeouts: {implicit: 0, pageLoad: 300000, script: 30000}, unhandledPromptBehavior: dismiss and notify, webauthn:extension:credBlob: true, webauthn:extension:largeBlob: true, webauthn:extension:minPinLength: true, webauthn:extension:prf: true, webauthn:virtualAuthenticators: true}
Session ID: f0e4a81186c94bddd35addbf4789d192</div>
<div class="test-event"> <font color="maroon"> <small> &emsp; &emsp;--- 16 Oct 09:50:13 510 - Page URL:: https://i-car--staging.sandbox.lightning.force.com/one/one.app#eyjjb21wb25lbnrezwyioijvbmu6ywxvagfqywdliiwiyxr0cmlidxrlcyi6eyjhzgryzxnzijoiahr0chm6ly9plwnhci0tc3rhz2luzy0tyy5zyw5kym94lnzmlmzvcmnllmnvbs9hcgv4l1jvc3rlck1hbmfnzw1lbnq%2fswq9mdaxmukwmdawmhv3suhxin0sinn0yxrlijp7indzijoil2xpz2h0bmluzy9yl0fjy291bnqvmdaxmukwmdawmhv3suhxuueyl3zpzxcifx0%3d</small> </font> </div>
<div class="test-event"> <font color="maroon"> <small> &emsp; &emsp;--- 16 Oct 09:50:13 510 - <b>1</b> - Page Load Wait: (Sync) - ICar.support.Utils.waitForPageLoad(Utils.java:109)</small> </font> </div>
<div class="test-event"> <font color="maroon"> <small> &emsp; &emsp;--- 16 Oct 09:50:19 698 - Page URL:: https://i-car--staging.sandbox.lightning.force.com/one/one.app#eyjjb21wb25lbnrezwyioijvbmu6ywxvagfqywdliiwiyxr0cmlidxrlcyi6eyjhzgryzxnzijoiahr0chm6ly9plwnhci0tc3rhz2luzy0tyy5zyw5kym94lnzmlmzvcmnllmnvbs9hcgv4l1jvc3rlck1hbmfnzw1lbnq%2fswq9mdaxmukwmdawmhv3suhxin0sinn0yxrlijp7indzijoil2xpz2h0bmluzy9yl0fjy291bnqvmdaxmukwmdawmhv3suhxuueyl3zpzxcifx0%3d</small> </font> </div>
<div class="test-event"> <font color="maroon"> <small> &emsp; &emsp;--- 16 Oct 09:50:19 698 - <b>1</b> - Page Load Wait: (Sync) - ICar.support.Utils.waitForPageLoad(Utils.java:109)</small> </font> </div>
<div class="test-message">&emsp;Close the tab</div>
<div class="test-event"> <font color="maroon"> <small> &emsp; &emsp;--- 16 Oct 09:50:25 993 - Page URL:: https://i-car--staging.sandbox.lightning.force.com/one/one.app#eyjjb21wb25lbnrezwyioijvbmu6ywxvagfqywdliiwiyxr0cmlidxrlcyi6eyjhzgryzxnzijoiahr0chm6ly9plwnhci0tc3rhz2luzy0tyy5zyw5kym94lnzmlmzvcmnllmnvbs9hcgv4l1jvc3rlck1hbmfnzw1lbnq%2fswq9mdaxmukwmdawmhv3suhxin0sinn0yxrlijp7indzijoil2xpz2h0bmluzy9yl0fjy291bnqvmdaxmukwmdawmhv3suhxuueyl3zpzxcifx0%3d</small> </font> </div>
<div class="test-event"> <font color="maroon"> <small> &emsp; &emsp;--- 16 Oct 09:50:25 993 - <b>1</b> - Page Load Wait: (Sync) - ICar.support.Utils.waitForPageLoad(Utils.java:109)</small> </font> </div>
<div class="test-event"> <font color="maroon"> <small> &emsp; &emsp;--- 16 Oct 09:50:32 210 - Page URL:: https://i-car--staging.sandbox.lightning.force.com/one/one.app#eyjjb21wb25lbnrezwyioijvbmu6ywxvagfqywdliiwiyxr0cmlidxrlcyi6eyjhzgryzxnzijoiahr0chm6ly9plwnhci0tc3rhz2luzy0tyy5zyw5kym94lnzmlmzvcmnllmnvbs9hcgv4l1jvc3rlck1hbmfnzw1lbnq%2fswq9mdaxmukwmdawmhv3suhxin0sinn0yxrlijp7indzijoil2xpz2h0bmluzy9yl0fjy291bnqvmdaxmukwmdawmhv3suhxuueyl3zpzxcifx0%3d</small> </font> </div>
<div class="test-event"> <font color="maroon"> <small> &emsp; &emsp;--- 16 Oct 09:50:32 210 - <b>1</b> - Page Load Wait: (Sync) - ICar.support.Utils.waitForPageLoad(Utils.java:109)</small> </font> </div>
<div class="test-message">&emsp;Close the tab</div>
<div class="test-event"> <font color="maroon"> <small> &emsp; &emsp;--- 16 Oct 09:50:38 592 - Page URL:: https://i-car--staging.sandbox.lightning.force.com/one/one.app#eyjjb21wb25lbnrezwyioijvbmu6ywxvagfqywdliiwiyxr0cmlidxrlcyi6eyjhzgryzxnzijoiahr0chm6ly9plwnhci0tc3rhz2luzy0tyy5zyw5kym94lnzmlmzvcmnllmnvbs9hcgv4l1jvc3rlck1hbmfnzw1lbnq%2fswq9mdaxmukwmdawmhv3suhxin0sinn0yxrlijp7indzijoil2xpz2h0bmluzy9yl0fjy291bnqvmdaxmukwmdawmhv3suhxuueyl3zpzxcifx0%3d</small> </font> </div>
<div class="test-event"> <font color="maroon"> <small> &emsp; &emsp;--- 16 Oct 09:50:38 592 - <b>1</b> - Page Load Wait: (Sync) - ICar.support.Utils.waitForPageLoad(Utils.java:109)</small> </font> </div>
<div class="test-event"> <font color="maroon"> <small> &emsp; &emsp;--- 16 Oct 09:50:38 649 - Element is displayed:: [[ChromeDriver: chrome on WINDOWS (f0e4a81186c94bddd35addbf4789d192)] -> css selector: button[class*='search-button']]</small> </font> </div>
<div class="test-event"> <font color="maroon"> <small> &emsp; &emsp;--- 16 Oct 09:50:40 725 - Catched spinner load exception due to Expected condition failed: waiting for ICar.support.WaitUtils$4@714addf7 (tried for 2 second(s) with 500 milliseconds interval)</small> </font> </div>
<div class="test-event"> <font color="maroon"> <small> &emsp; &emsp;--- 16 Oct 09:50:40 726 - <b>2</b> - Spinner Load Wait: (Sync) - ICar.support.WaitUtils.waitForSpinner(WaitUtils.java:225)</small> </font> </div>
<div class="test-event"> <font color="maroon"> <small> &emsp; &emsp;--- 16 Oct 09:50:43 795 - Element is displayed:: [[ChromeDriver: chrome on WINDOWS (f0e4a81186c94bddd35addbf4789d192)] -> css selector: button[class*='search-button']]</small> </font> </div>
<div class="test-event"> <font color="maroon"> <small> &emsp; &emsp;--- 16 Oct 09:50:45 197 - Page URL:: https://i-car--staging.sandbox.lightning.force.com/one/one.app#eyjjb21wb25lbnrezwyioijvbmu6ywxvagfqywdliiwiyxr0cmlidxrlcyi6eyjhzgryzxnzijoiahr0chm6ly9plwnhci0tc3rhz2luzy0tyy5zyw5kym94lnzmlmzvcmnllmnvbs9hcgv4l1jvc3rlck1hbmfnzw1lbnq%2fswq9mdaxmukwmdawmhv3suhxin0sinn0yxrlijp7indzijoil2xpz2h0bmluzy9yl0fjy291bnqvmdaxmukwmdawmhv3suhxuueyl3zpzxcifx0%3d</small> </font> </div>
<div class="test-event"> <font color="maroon"> <small> &emsp; &emsp;--- 16 Oct 09:50:45 197 - <b>1</b> - Page Load Wait: (Sync) - ICar.support.Utils.waitForPageLoad(Utils.java:109)</small> </font> </div>
<div class="test-event"> <font color="maroon"> <small> &emsp; &emsp;--- 16 Oct 09:51:04 679 - Catched spinner load exception due to Expected condition failed: waiting for ICar.support.WaitUtils$4@714addf7 (tried for 10 second(s) with 500 milliseconds interval)</small> </font> </div>
<div class="test-event"> <font color="maroon"> <small> &emsp; &emsp;--- 16 Oct 09:51:04 679 - <b>10</b> - Spinner Load Wait: (Sync) - ICar.support.WaitUtils.waitForSpinner(WaitUtils.java:225)</small> </font> </div>
<div class="test-event"> <font color="maroon"> <small> &emsp; &emsp;--- 16 Oct 09:51:05 977 - Page URL:: https://i-car--staging.sandbox.lightning.force.com/one/one.app#eyjjb21wb25lbnrezwyioijmb3jjzvnlyxjjadpzzwfyy2hqywdlrgvza3rvccisimf0dhjpynv0zxmionsidgvybsi6ijiynta2njyilcjzy29wzu1hcci6eyj0exblijoive9qx1jfu1vmvfmilcjuyw1lc3bhy2uioiiilcjsywjlbci6ilrvccbszxn1bhrziiwibgfizwxqbhvyywwioijub3agumvzdwx0cyisinjlc3vsdhndbxaioijmb3jjzvnlyxjjadpwcmvkawn0zwrszxn1bhrzin0simnvbnrlehqionsirklmvevsuyi6e30sinnlyxjjafnvdxjjzsi6ikftu0ltvefovf9esufmt0cilcjkaxnhymxlsw50zw50uxvlcnkiomzhbhnllcjkaxnhymxlu3blbgxdb3jyzwn0aw9uijpmywxzzswic2vhcmnorglhbg9nu2vzc2lvbklkijoindzjntuzntutnjzins0wzjlhlwjkyjqtzdqwnjhingm3mwriiiwizgvidwdjbmzvijp7imfwce5hbwuioijjq2fyx1nlcnzpy2vfq29uc29szsisimfwcfr5cguioijdb25zb2xliiwiyxbwtmftzxnwywnlijoiyyisimxvy2f0aw9uijoib25lomfsb2hhugfnzsj9fswiz3jvdxbjzci6ikrfrkfvtfqifswic3rhdguiont9fq%3d%3d</small> </font> </div>
<div class="test-event"> <font color="maroon"> <small> &emsp; &emsp;--- 16 Oct 09:51:05 977 - <b>1</b> - Page Load Wait: (Sync) - ICar.support.Utils.waitForPageLoad(Utils.java:109)</small> </font> </div>
<div class="test-event"> <font color="maroon"> <small> &emsp; &emsp;--- 16 Oct 09:51:17 105 - Catched spinner load exception due to Expected condition failed: waiting for ICar.support.WaitUtils$4@714addf7 (tried for 11 second(s) with 500 milliseconds interval)</small> </font> </div>
<div class="test-event"> <font color="maroon"> <small> &emsp; &emsp;--- 16 Oct 09:51:17 105 - <b>11</b> - Spinner Load Wait: (Sync) - ICar.support.WaitUtils.waitForSpinner(WaitUtils.java:225)</small> </font> </div>
<div class="test-event"> <font color="maroon"> <small> &emsp; &emsp;--- 16 Oct 09:51:18 367 - Page URL:: https://i-car--staging.sandbox.lightning.force.com/one/one.app#eyjjb21wb25lbnrezwyioijmb3jjzvnlyxjjadpzzwfyy2hqywdlrgvza3rvccisimf0dhjpynv0zxmionsidgvybsi6ijiynta2njyilcjzy29wzu1hcci6eyj0exblijoive9qx1jfu1vmvfmilcjuyw1lc3bhy2uioiiilcjsywjlbci6ilrvccbszxn1bhrziiwibgfizwxqbhvyywwioijub3agumvzdwx0cyisinjlc3vsdhndbxaioijmb3jjzvnlyxjjadpwcmvkawn0zwrszxn1bhrzin0simnvbnrlehqionsirklmvevsuyi6e30sinnlyxjjafnvdxjjzsi6ikftu0ltvefovf9esufmt0cilcjkaxnhymxlsw50zw50uxvlcnkiomzhbhnllcjkaxnhymxlu3blbgxdb3jyzwn0aw9uijpmywxzzswic2vhcmnorglhbg9nu2vzc2lvbklkijoindzjntuzntutnjzins0wzjlhlwjkyjqtzdqwnjhingm3mwriiiwizgvidwdjbmzvijp7imfwce5hbwuioijjq2fyx1nlcnzpy2vfq29uc29szsisimfwcfr5cguioijdb25zb2xliiwiyxbwtmftzxnwywnlijoiyyisimxvy2f0aw9uijoib25lomfsb2hhugfnzsj9fswiz3jvdxbjzci6ikrfrkfvtfqifswic3rhdguiont9fq%3d%3d</small> </font> </div>
<div class="test-event"> <font color="maroon"> <small> &emsp; &emsp;--- 16 Oct 09:51:18 367 - <b>1</b> - Page Load Wait: (Sync) - ICar.support.Utils.waitForPageLoad(Utils.java:109)</small> </font> </div>
<div class="test-event"> <font color="maroon"> <small> &emsp; &emsp;--- 16 Oct 09:51:18 431 - Element is displayed:: [[ChromeDriver: chrome on WINDOWS (f0e4a81186c94bddd35addbf4789d192)] -> xpath: //a[@title='Top Results']//span[text()='Top Results']]</small> </font> </div>
<div class="test-event"> <font color="maroon"> <small> &emsp; &emsp;--- 16 Oct 09:51:19 735 - Page URL:: https://i-car--staging.sandbox.lightning.force.com/one/one.app#eyjjb21wb25lbnrezwyioijmb3jjzvnlyxjjadpzzwfyy2hqywdlrgvza3rvccisimf0dhjpynv0zxmionsidgvybsi6ijiynta2njyilcjzy29wzu1hcci6eyj0exblijoive9qx1jfu1vmvfmilcjuyw1lc3bhy2uioiiilcjsywjlbci6ilrvccbszxn1bhrziiwibgfizwxqbhvyywwioijub3agumvzdwx0cyisinjlc3vsdhndbxaioijmb3jjzvnlyxjjadpwcmvkawn0zwrszxn1bhrzin0simnvbnrlehqionsirklmvevsuyi6e30sinnlyxjjafnvdxjjzsi6ikftu0ltvefovf9esufmt0cilcjkaxnhymxlsw50zw50uxvlcnkiomzhbhnllcjkaxnhymxlu3blbgxdb3jyzwn0aw9uijpmywxzzswic2vhcmnorglhbg9nu2vzc2lvbklkijoindzjntuzntutnjzins0wzjlhlwjkyjqtzdqwnjhingm3mwriiiwizgvidwdjbmzvijp7imfwce5hbwuioijjq2fyx1nlcnzpy2vfq29uc29szsisimfwcfr5cguioijdb25zb2xliiwiyxbwtmftzxnwywnlijoiyyisimxvy2f0aw9uijoib25lomfsb2hhugfnzsj9fswiz3jvdxbjzci6ikrfrkfvtfqifswic3rhdguiont9fq%3d%3d</small> </font> </div>
<div class="test-event"> <font color="maroon"> <small> &emsp; &emsp;--- 16 Oct 09:51:19 735 - <b>1</b> - Page Load Wait: (Sync) - ICar.support.Utils.waitForPageLoad(Utils.java:109)</small> </font> </div>
<div class="test-event"> <font color="maroon"> <small> &emsp; &emsp;--- 16 Oct 09:51:24 954 - Catched spinner load exception due to Expected condition failed: waiting for ICar.support.WaitUtils$4@714addf7 (tried for 5 second(s) with 500 milliseconds interval)</small> </font> </div>
<div class="test-event"> <font color="maroon"> <small> &emsp; &emsp;--- 16 Oct 09:51:24 954 - <b>5</b> - Spinner Load Wait: (Sync) - ICar.support.WaitUtils.waitForSpinner(WaitUtils.java:225)</small> </font> </div>
<div class="test-event"> <font color="maroon"> <small> &emsp; &emsp;--- 16 Oct 09:51:26 200 - Page URL:: https://i-car--staging.sandbox.lightning.force.com/one/one.app#eyjjb21wb25lbnrezwyioijmb3jjzvnlyxjjadpzzwfyy2hqywdlrgvza3rvccisimf0dhjpynv0zxmionsidgvybsi6ijiynta2njyilcjzy29wzu1hcci6eyj0exblijoive9qx1jfu1vmvfmilcjuyw1lc3bhy2uioiiilcjsywjlbci6ilrvccbszxn1bhrziiwibgfizwxqbhvyywwioijub3agumvzdwx0cyisinjlc3vsdhndbxaioijmb3jjzvnlyxjjadpwcmvkawn0zwrszxn1bhrzin0simnvbnrlehqionsirklmvevsuyi6e30sinnlyxjjafnvdxjjzsi6ikftu0ltvefovf9esufmt0cilcjkaxnhymxlsw50zw50uxvlcnkiomzhbhnllcjkaxnhymxlu3blbgxdb3jyzwn0aw9uijpmywxzzswic2vhcmnorglhbg9nu2vzc2lvbklkijoindzjntuzntutnjzins0wzjlhlwjkyjqtzdqwnjhingm3mwriiiwizgvidwdjbmzvijp7imfwce5hbwuioijjq2fyx1nlcnzpy2vfq29uc29szsisimfwcfr5cguioijdb25zb2xliiwiyxbwtmftzxnwywnlijoiyyisimxvy2f0aw9uijoib25lomfsb2hhugfnzsj9fswiz3jvdxbjzci6ikrfrkfvtfqifswic3rhdguiont9fq%3d%3d</small> </font> </div>
<div class="test-event"> <font color="maroon"> <small> &emsp; &emsp;--- 16 Oct 09:51:26 200 - <b>1</b> - Page Load Wait: (Sync) - ICar.support.Utils.waitForPageLoad(Utils.java:109)</small> </font> </div>
<div class="test-event"> <font color="maroon"> <small> &emsp; &emsp;--- 16 Oct 09:51:27 481 - Page URL:: https://i-car--staging.sandbox.lightning.force.com/one/one.app#eyjjb21wb25lbnrezwyioijmb3jjzvnlyxjjadpzzwfyy2hqywdlrgvza3rvccisimf0dhjpynv0zxmionsidgvybsi6ijiynta2njyilcjzy29wzu1hcci6eyj0exblijoive9qx1jfu1vmvfmilcjuyw1lc3bhy2uioiiilcjsywjlbci6ilrvccbszxn1bhrziiwibgfizwxqbhvyywwioijub3agumvzdwx0cyisinjlc3vsdhndbxaioijmb3jjzvnlyxjjadpwcmvkawn0zwrszxn1bhrzin0simnvbnrlehqionsirklmvevsuyi6e30sinnlyxjjafnvdxjjzsi6ikftu0ltvefovf9esufmt0cilcjkaxnhymxlsw50zw50uxvlcnkiomzhbhnllcjkaxnhymxlu3blbgxdb3jyzwn0aw9uijpmywxzzswic2vhcmnorglhbg9nu2vzc2lvbklkijoindzjntuzntutnjzins0wzjlhlwjkyjqtzdqwnjhingm3mwriiiwizgvidwdjbmzvijp7imfwce5hbwuioijjq2fyx1nlcnzpy2vfq29uc29szsisimfwcfr5cguioijdb25zb2xliiwiyxbwtmftzxnwywnlijoiyyisimxvy2f0aw9uijoib25lomfsb2hhugfnzsj9fswiz3jvdxbjzci6ikrfrkfvtfqifswic3rhdguiont9fq%3d%3d</small> </font> </div>
<div class="test-event"> <font color="maroon"> <small> &emsp; &emsp;--- 16 Oct 09:51:27 481 - <b>1</b> - Page Load Wait: (Sync) - ICar.support.Utils.waitForPageLoad(Utils.java:109)</small> </font> </div>
<div class="test-event"> <font color="maroon"> <small> &emsp; &emsp;--- 16 Oct 09:51:28 655 - Page URL:: https://i-car--staging.sandbox.lightning.force.com/one/one.app#eyjjb21wb25lbnrezwyioijmb3jjzvnlyxjjadpzzwfyy2hqywdlrgvza3rvccisimf0dhjpynv0zxmionsidgvybsi6ijiynta2njyilcjzy29wzu1hcci6eyj0exblijoive9qx1jfu1vmvfmilcjuyw1lc3bhy2uioiiilcjsywjlbci6ilrvccbszxn1bhrziiwibgfizwxqbhvyywwioijub3agumvzdwx0cyisinjlc3vsdhndbxaioijmb3jjzvnlyxjjadpwcmvkawn0zwrszxn1bhrzin0simnvbnrlehqionsirklmvevsuyi6e30sinnlyxjjafnvdxjjzsi6ikftu0ltvefovf9esufmt0cilcjkaxnhymxlsw50zw50uxvlcnkiomzhbhnllcjkaxnhymxlu3blbgxdb3jyzwn0aw9uijpmywxzzswic2vhcmnorglhbg9nu2vzc2lvbklkijoindzjntuzntutnjzins0wzjlhlwjkyjqtzdqwnjhingm3mwriiiwizgvidwdjbmzvijp7imfwce5hbwuioijjq2fyx1nlcnzpy2vfq29uc29szsisimfwcfr5cguioijdb25zb2xliiwiyxbwtmftzxnwywnlijoiyyisimxvy2f0aw9uijoib25lomfsb2hhugfnzsj9fswiz3jvdxbjzci6ikrfrkfvtfqifswic3rhdguiont9fq%3d%3d</small> </font> </div>
<div class="test-event"> <font color="maroon"> <small> &emsp; &emsp;--- 16 Oct 09:51:28 655 - <b>1</b> - Page Load Wait: (Sync) - ICar.support.Utils.waitForPageLoad(Utils.java:109)</small> </font> </div>
<div class="test-event"> <font color="maroon"> <small> &emsp; &emsp;--- 16 Oct 09:51:37 013 - Catched spinner load exception due to Expected condition failed: waiting for ICar.support.WaitUtils$4@714addf7 (tried for 8 second(s) with 500 milliseconds interval)</small> </font> </div>
<div class="test-event"> <font color="maroon"> <small> &emsp; &emsp;--- 16 Oct 09:51:37 013 - <b>8</b> - Spinner Load Wait: (Sync) - ICar.support.WaitUtils.waitForSpinner(WaitUtils.java:225)</small> </font> </div>
<div class="test-event"> <font color="maroon"> <small> &emsp; &emsp;--- 16 Oct 09:51:38 257 - Page URL:: https://i-car--staging.sandbox.lightning.force.com/one/one.app#eyjjb21wb25lbnrezwyioijmb3jjzvnlyxjjadpzzwfyy2hqywdlrgvza3rvccisimf0dhjpynv0zxmionsidgvybsi6ijiynta2njyilcjzy29wzu1hcci6eyj0exblijoive9qx1jfu1vmvfmilcjuyw1lc3bhy2uioiiilcjsywjlbci6ilrvccbszxn1bhrziiwibgfizwxqbhvyywwioijub3agumvzdwx0cyisinjlc3vsdhndbxaioijmb3jjzvnlyxjjadpwcmvkawn0zwrszxn1bhrzin0simnvbnrlehqionsirklmvevsuyi6e30sinnlyxjjafnvdxjjzsi6ikftu0ltvefovf9esufmt0cilcjkaxnhymxlsw50zw50uxvlcnkiomzhbhnllcjkaxnhymxlu3blbgxdb3jyzwn0aw9uijpmywxzzswic2vhcmnorglhbg9nu2vzc2lvbklkijoindzjntuzntutnjzins0wzjlhlwjkyjqtzdqwnjhingm3mwriiiwizgvidwdjbmzvijp7imfwce5hbwuioijjq2fyx1nlcnzpy2vfq29uc29szsisimfwcfr5cguioijdb25zb2xliiwiyxbwtmftzxnwywnlijoiyyisimxvy2f0aw9uijoib25lomfsb2hhugfnzsj9fswiz3jvdxbjzci6ikrfrkfvtfqifswic3rhdguiont9fq%3d%3d</small> </font> </div>
<div class="test-event"> <font color="maroon"> <small> &emsp; &emsp;--- 16 Oct 09:51:38 257 - <b>1</b> - Page Load Wait: (Sync) - ICar.support.Utils.waitForPageLoad(Utils.java:109)</small> </font> </div>
<div class="test-event"> <font color="maroon"> <small> &emsp; &emsp;--- 16 Oct 09:51:40 423 - Element is displayed:: [[ChromeDriver: chrome on WINDOWS (f0e4a81186c94bddd35addbf4789d192)] -> xpath: //div[contains(@class,'forceSearchResultsRegion')]//div[contains(@class,'resultsMultiWrapper')]/div/div[1]//following::h2//a]</small> </font> </div>
<div class="test-event"> <font color="maroon"> <small> &emsp; &emsp;--- 16 Oct 09:51:40 974 - Element is displayed:: [[ChromeDriver: chrome on WINDOWS (f0e4a81186c94bddd35addbf4789d192)] -> xpath: //a[text()='Contacts']]</small> </font> </div>
<div class="test-event"> <font color="maroon"> <small> &emsp; &emsp;--- 16 Oct 09:51:45 263 - Element is displayed:: [[ChromeDriver: chrome on WINDOWS (f0e4a81186c94bddd35addbf4789d192)] -> xpath: //div[text()='Contacts']//following :: table//tbody//th//span /a]</small> </font> </div>
<div class="test-event"> <font color="maroon"> <small> &emsp; &emsp;--- 16 Oct 09:51:46 851 - Page URL:: https://i-car--staging.sandbox.lightning.force.com/one/one.app#eyjjb21wb25lbnrezwyioijmb3jjzvnlyxjjadpzzwfyy2hqywdlrgvza3rvccisimf0dhjpynv0zxmionsidgvybsi6ijiynta2njyilcjzy29wzu1hcci6eyj0exblijoive9qx1jfu1vmvfmilcjuyw1lc3bhy2uioiiilcjsywjlbci6ilrvccbszxn1bhrziiwibgfizwxqbhvyywwioijub3agumvzdwx0cyisinjlc3vsdhndbxaioijmb3jjzvnlyxjjadpwcmvkawn0zwrszxn1bhrzin0simnvbnrlehqionsirklmvevsuyi6e30sinnlyxjjafnvdxjjzsi6ikftu0ltvefovf9esufmt0cilcjkaxnhymxlsw50zw50uxvlcnkiomzhbhnllcjkaxnhymxlu3blbgxdb3jyzwn0aw9uijpmywxzzswic2vhcmnorglhbg9nu2vzc2lvbklkijoindzjntuzntutnjzins0wzjlhlwjkyjqtzdqwnjhingm3mwriiiwizgvidwdjbmzvijp7imfwce5hbwuioijjq2fyx1nlcnzpy2vfq29uc29szsisimfwcfr5cguioijdb25zb2xliiwiyxbwtmftzxnwywnlijoiyyisimxvy2f0aw9uijoib25lomfsb2hhugfnzsj9fswiz3jvdxbjzci6ikrfrkfvtfqifswic3rhdguiont9fq%3d%3d</small> </font> </div>
<div class="test-event"> <font color="maroon"> <small> &emsp; &emsp;--- 16 Oct 09:51:46 851 - <b>1</b> - Page Load Wait: (Sync) - ICar.support.Utils.waitForPageLoad(Utils.java:109)</small> </font> </div>
<div class="test-event"> <font color="maroon"> <small> &emsp; &emsp;--- 16 Oct 09:52:05 031 - Catched spinner load exception due to Expected condition failed: waiting for ICar.support.WaitUtils$4@714addf7 (tried for 18 second(s) with 500 milliseconds interval)</small> </font> </div>
<div class="test-event"> <font color="maroon"> <small> &emsp; &emsp;--- 16 Oct 09:52:05 032 - <b>18</b> - Spinner Load Wait: (Sync) - ICar.support.WaitUtils.waitForSpinner(WaitUtils.java:225)</small> </font> </div>
<div class="test-event"> <font color="maroon"> <small> &emsp; &emsp;--- 16 Oct 09:52:06 194 - Page URL:: https://i-car--staging.sandbox.lightning.force.com/lightning/r/contact/0031i00000nuarzqa2/view</small> </font> </div>
<div class="test-event"> <font color="maroon"> <small> &emsp; &emsp;--- 16 Oct 09:52:06 194 - <b>1</b> - Page Load Wait: (Sync) - ICar.support.Utils.waitForPageLoad(Utils.java:109)</small> </font> </div>
<div class="test-event"> <font color="maroon"> <small> &emsp; &emsp;--- 16 Oct 09:52:07 769 - Page URL:: https://i-car--staging.sandbox.lightning.force.com/lightning/r/contact/0031i00000nuarzqa2/view</small> </font> </div>
<div class="test-event"> <font color="maroon"> <small> &emsp; &emsp;--- 16 Oct 09:52:07 769 - <b>1</b> - Page Load Wait: (Sync) - ICar.support.Utils.waitForPageLoad(Utils.java:109)</small> </font> </div>
<div class="test-event"> <font color="maroon"> <small> &emsp; &emsp;--- 16 Oct 09:52:08 857 - Catched spinner load exception due to Expected condition failed: waiting for ICar.support.WaitUtils$4@714addf7 (tried for 1 second(s) with 500 milliseconds interval)</small> </font> </div>
<div class="test-event"> <font color="maroon"> <small> &emsp; &emsp;--- 16 Oct 09:52:08 857 - <b>1</b> - Spinner Load Wait: (Sync) - ICar.support.WaitUtils.waitForSpinner(WaitUtils.java:225)</small> </font> </div>
<div class="test-event"> <font color="maroon"> <small> &emsp; &emsp;--- 16 Oct 09:52:10 084 - Page URL:: https://i-car--staging.sandbox.lightning.force.com/lightning/r/contact/0031i00000nuarzqa2/view</small> </font> </div>
<div class="test-event"> <font color="maroon"> <small> &emsp; &emsp;--- 16 Oct 09:52:10 084 - <b>1</b> - Page Load Wait: (Sync) - ICar.support.Utils.waitForPageLoad(Utils.java:109)</small> </font> </div>
<div class="test-event"> <font color="maroon"> <small> &emsp; &emsp;--- 16 Oct 09:52:26 365 - Page URL:: https://i-car--staging.sandbox.lightning.force.com/lightning/r/contact/0031i00000nuarzqa2/view</small> </font> </div>
<div class="test-event"> <font color="maroon"> <small> &emsp; &emsp;--- 16 Oct 09:52:26 365 - <b>1</b> - Page Load Wait: (Sync) - ICar.support.Utils.waitForPageLoad(Utils.java:109)</small> </font> </div>
<!--FAIL-->
<div class="test-result"><br><font color="red"><strong> Index 0 out of bounds for length 0 </strong></font> <a href=".\ScreenShot\ICar_BAM640_TC01_39917153765200.png" target="_blank" >[ScreenShot]</a></div>&emsp;
&emsp;<div class="test-title"> <strong><font size = "3" color = "#0000FF">---Test Execution Ends---</font> </strong> </div>&emsp;]]>
    </system-out>
  </testcase> <!-- ICar_BAM640_TC01 -->
  <testcase classname="BAM_Misc.BAMtestscripts" name="ICar_BAM776_TC01" time="331.526">
    <error message="element click intercepted: Element &lt;button type=&quot;button&quot; class=&quot;slds-button slds-button_neutral search-button slds-truncate hasSearchTerm hasSearchTerm&quot; aria-label=&quot;Search&quot; data-aura-rendered-by=&quot;274:0&quot; data-proxy-id=&quot;aura-pos-lib-1&quot; id=&quot;274:0&quot;&gt;...&lt;/button&gt; is not clickable at point (609, 98). Other element would receive the click: &lt;div class=&quot;modal-container slds-modal__container&quot; data-aura-rendered-by=&quot;16866:0&quot;&gt;...&lt;/div&gt;
  (Session info: chrome=129.0.6668.101)
Build info: version: &#039;4.6.0&#039;, revision: &#039;79f1c02ae20&#039;
System info: os.name: &#039;Windows 10&#039;, os.arch: &#039;amd64&#039;, os.version: &#039;10.0&#039;, java.version: &#039;16.0.2&#039;
Driver info: org.openqa.selenium.chrome.ChromeDriver
Command: [f34ff33045923a82c3e464b1a677f964, clickElement {id=f.5CBEF6C3B62071E8C8E528AAC69B61E9.d.AC24771A21C4B197DFBAD1CCC1DA4227.e.34}]
Capabilities {acceptInsecureCerts: false, browserName: chrome, browserVersion: 129.0.6668.101, chrome: {chromedriverVersion: 129.0.6668.58 (81a06fb873a9..., userDataDir: C:\Users\PRATHA~1.KUM\AppDa...}, fedcm:accounts: true, goog:chromeOptions: {debuggerAddress: localhost:55614}, networkConnectionEnabled: false, pageLoadStrategy: normal, platformName: WINDOWS, proxy: Proxy(), se:cdp: ws://localhost:55614/devtoo..., se:cdpVersion: 129.0.6668.101, setWindowRect: true, strictFileInteractability: false, timeouts: {implicit: 0, pageLoad: 300000, script: 30000}, unhandledPromptBehavior: dismiss and notify, webauthn:extension:credBlob: true, webauthn:extension:largeBlob: true, webauthn:extension:minPinLength: true, webauthn:extension:prf: true, webauthn:virtualAuthenticators: true}
Element: [[ChromeDriver: chrome on WINDOWS (f34ff33045923a82c3e464b1a677f964)] -&gt; css selector: button[class*=&#039;search-button&#039;]]
Session ID: f34ff33045923a82c3e464b1a677f964" type="org.openqa.selenium.ElementClickInterceptedException">
      <![CDATA[org.openqa.selenium.ElementClickInterceptedException: element click intercepted: Element <button type="button" class="slds-button slds-button_neutral search-button slds-truncate hasSearchTerm hasSearchTerm" aria-label="Search" data-aura-rendered-by="274:0" data-proxy-id="aura-pos-lib-1" id="274:0">...</button> is not clickable at point (609, 98). Other element would receive the click: <div class="modal-container slds-modal__container" data-aura-rendered-by="16866:0">...</div>
  (Session info: chrome=129.0.6668.101)
Build info: version: '4.6.0', revision: '79f1c02ae20'
System info: os.name: 'Windows 10', os.arch: 'amd64', os.version: '10.0', java.version: '16.0.2'
Driver info: org.openqa.selenium.chrome.ChromeDriver
Command: [f34ff33045923a82c3e464b1a677f964, clickElement {id=f.5CBEF6C3B62071E8C8E528AAC69B61E9.d.AC24771A21C4B197DFBAD1CCC1DA4227.e.34}]
Capabilities {acceptInsecureCerts: false, browserName: chrome, browserVersion: 129.0.6668.101, chrome: {chromedriverVersion: 129.0.6668.58 (81a06fb873a9..., userDataDir: C:\Users\PRATHA~1.KUM\AppDa...}, fedcm:accounts: true, goog:chromeOptions: {debuggerAddress: localhost:55614}, networkConnectionEnabled: false, pageLoadStrategy: normal, platformName: WINDOWS, proxy: Proxy(), se:cdp: ws://localhost:55614/devtoo..., se:cdpVersion: 129.0.6668.101, setWindowRect: true, strictFileInteractability: false, timeouts: {implicit: 0, pageLoad: 300000, script: 30000}, unhandledPromptBehavior: dismiss and notify, webauthn:extension:credBlob: true, webauthn:extension:largeBlob: true, webauthn:extension:minPinLength: true, webauthn:extension:prf: true, webauthn:virtualAuthenticators: true}
Element: [[ChromeDriver: chrome on WINDOWS (f34ff33045923a82c3e464b1a677f964)] -> css selector: button[class*='search-button']]
Session ID: f34ff33045923a82c3e464b1a677f964
at java.base/jdk.internal.reflect.NativeConstructorAccessorImpl.newInstance0(Native Method)
at java.base/jdk.internal.reflect.NativeConstructorAccessorImpl.newInstance(NativeConstructorAccessorImpl.java:78)
at java.base/jdk.internal.reflect.DelegatingConstructorAccessorImpl.newInstance(DelegatingConstructorAccessorImpl.java:45)
at java.base/java.lang.reflect.Constructor.newInstanceWithCaller(Constructor.java:499)
at java.base/java.lang.reflect.Constructor.newInstance(Constructor.java:480)
at org.openqa.selenium.remote.codec.w3c.W3CHttpResponseCodec.createException(W3CHttpResponseCodec.java:200)
at org.openqa.selenium.remote.codec.w3c.W3CHttpResponseCodec.decode(W3CHttpResponseCodec.java:133)
at org.openqa.selenium.remote.codec.w3c.W3CHttpResponseCodec.decode(W3CHttpResponseCodec.java:53)
at org.openqa.selenium.remote.HttpCommandExecutor.execute(HttpCommandExecutor.java:193)
at org.openqa.selenium.remote.service.DriverCommandExecutor.invokeExecute(DriverCommandExecutor.java:183)
at org.openqa.selenium.remote.service.DriverCommandExecutor.execute(DriverCommandExecutor.java:158)
at org.openqa.selenium.remote.RemoteWebDriver.execute(RemoteWebDriver.java:543)
at org.openqa.selenium.remote.RemoteWebElement.execute(RemoteWebElement.java:257)
at org.openqa.selenium.remote.RemoteWebElement.click(RemoteWebElement.java:78)
at jdk.internal.reflect.GeneratedMethodAccessor4.invoke(Unknown Source)
at java.base/jdk.internal.reflect.DelegatingMethodAccessorImpl.invoke(DelegatingMethodAccessorImpl.java:43)
at java.base/java.lang.reflect.Method.invoke(Method.java:567)
at org.openqa.selenium.support.pagefactory.internal.LocatingElementHandler.invoke(LocatingElementHandler.java:51)
at jdk.proxy2/jdk.proxy2.$Proxy25.click(Unknown Source)
at ICar.support.BrowserActions.clickOnElement(BrowserActions.java:251)
at ICar.Pages.SalesForcePages.searchID(SalesForcePages.java:5114)
at BAM_Misc.BAMtestscripts.ICar_BAM776_TC01(BAMtestscripts.java:1024)
at java.base/jdk.internal.reflect.NativeMethodAccessorImpl.invoke0(Native Method)
at java.base/jdk.internal.reflect.NativeMethodAccessorImpl.invoke(NativeMethodAccessorImpl.java:78)
at java.base/jdk.internal.reflect.DelegatingMethodAccessorImpl.invoke(DelegatingMethodAccessorImpl.java:43)
at java.base/java.lang.reflect.Method.invoke(Method.java:567)
at org.testng.internal.invokers.MethodInvocationHelper.invokeMethod(MethodInvocationHelper.java:139)
at org.testng.internal.invokers.TestInvoker.invokeMethod(TestInvoker.java:664)
at org.testng.internal.invokers.TestInvoker.invokeTestMethod(TestInvoker.java:227)
at org.testng.internal.invokers.TestMethodWithDataProviderMethodWorker.call(TestMethodWithDataProviderMethodWorker.java:80)
at org.testng.internal.invokers.TestMethodWithDataProviderMethodWorker.call(TestMethodWithDataProviderMethodWorker.java:17)
at java.base/java.util.concurrent.FutureTask.run(FutureTask.java:264)
at java.base/java.util.concurrent.Executors$RunnableAdapter.call(Executors.java:515)
at java.base/java.util.concurrent.FutureTask.run(FutureTask.java:264)
at java.base/java.util.concurrent.ThreadPoolExecutor.runWorker(ThreadPoolExecutor.java:1130)
at java.base/java.util.concurrent.ThreadPoolExecutor$Worker.run(ThreadPoolExecutor.java:630)
at java.base/java.lang.Thread.run(Thread.java:831)
]]>
    </error>
    <system-out>
      <![CDATA[<div class="test-event"> <font color="maroon"> <small> &emsp; &emsp;--- 16 Oct 11:06:26 841 - TestCaseID:: ICar_BAM776_TC01</small> </font> </div>
<div class="test-event"> <font color="maroon"> <small> &emsp; &emsp;--- 16 Oct 11:06:28 025 - <b>1</b> - Driver::initialize::Get - ICar.support.WebDriverFactory.getDriver(WebDriverFactory.java:640)</small> </font> </div>
&emsp;<div class="test-title"> <strong><font size = "3" color = "#000080">The platinum evaluator should run when: A shop achieves gold class status</font> </strong> </div>&emsp;<div><strong>Steps:</strong></div><!-- Report -->&emsp;
<div class="test-event"> <font color="maroon"> <small> &emsp; &emsp;--- 16 Oct 11:06:33 164 - Page URL:: https://i-car--staging.sandbox.my.salesforce.com/</small> </font> </div>
<div class="test-event"> <font color="maroon"> <small> &emsp; &emsp;--- 16 Oct 11:06:33 165 - <b>0</b> - Page Load Wait: (Sync) - ICar.support.Utils.waitForPageLoad(Utils.java:109)</small> </font> </div>
<div class="test-message">&emsp;Successfully navigated to 'Login' Page&emsp;<a href=".\ScreenShot\ICar_BAM776_TC01_44360593973600.png" target="_blank" >[ScreenShot]</a></div>
<div class="test-message">&emsp;1. Login page is launched.</div>
<div class="test-event"> <font color="maroon"> <small> &emsp; &emsp;--- 16 Oct 11:06:33 343 - Element is displayed:: [[ChromeDriver: chrome on WINDOWS (f34ff33045923a82c3e464b1a677f964)] -> id: username]</small> </font> </div>
<div class="test-event"> <font color="maroon"> <small> &emsp; &emsp;--- 16 Oct 11:06:33 397 - Element is displayed:: [[ChromeDriver: chrome on WINDOWS (f34ff33045923a82c3e464b1a677f964)] -> id: username]</small> </font> </div>
<div class="test-event"> <font color="maroon"> <small> &emsp; &emsp;--- 16 Oct 11:06:33 645 - Element is displayed:: [[ChromeDriver: chrome on WINDOWS (f34ff33045923a82c3e464b1a677f964)] -> id: password]</small> </font> </div>
<div class="test-event"> <font color="maroon"> <small> &emsp; &emsp;--- 16 Oct 11:06:34 687 - Element is displayed:: [[ChromeDriver: chrome on WINDOWS (f34ff33045923a82c3e464b1a677f964)] -> id: Login]</small> </font> </div>
<div class="test-event"> <font color="maroon"> <small> &emsp; &emsp;--- 16 Oct 11:06:59 854 - Catched spinner load exception due to Expected condition failed: waiting for ICar.support.WaitUtils$4@714addf7 (tried for 13 second(s) with 500 milliseconds interval)</small> </font> </div>
<div class="test-event"> <font color="maroon"> <small> &emsp; &emsp;--- 16 Oct 11:06:59 854 - <b>13</b> - Spinner Load Wait: (Sync) - ICar.support.WaitUtils.waitForSpinner(WaitUtils.java:225)</small> </font> </div>
<div class="test-event"> <font color="maroon"> <small> &emsp; &emsp;--- 16 Oct 11:07:17 936 - Catched spinner load exception due to Expected condition failed: waiting for ICar.support.WaitUtils$4@714addf7 (tried for 6 second(s) with 500 milliseconds interval)</small> </font> </div>
<div class="test-event"> <font color="maroon"> <small> &emsp; &emsp;--- 16 Oct 11:07:17 936 - <b>6</b> - Spinner Load Wait: (Sync) - ICar.support.WaitUtils.waitForSpinner(WaitUtils.java:225)</small> </font> </div>
<div class="test-event"> <font color="maroon"> <small> &emsp; &emsp;--- 16 Oct 11:07:18 016 - Element is displayed:: [[ChromeDriver: chrome on WINDOWS (f34ff33045923a82c3e464b1a677f964)] -> css selector: button[class*='search-button']]</small> </font> </div>
<div class="test-message">&emsp;2. Navigate to 'SalesForce Page'</div>
<div class="test-event"> <font color="maroon"> <small> &emsp; &emsp;--- 16 Oct 11:07:18 585 - Page URL:: https://i-car--staging.sandbox.lightning.force.com/lightning/r/account/0011i00000uwfebqae/view</small> </font> </div>
<div class="test-event"> <font color="maroon"> <small> &emsp; &emsp;--- 16 Oct 11:07:18 585 - <b>0</b> - Page Load Wait: (Sync) - ICar.support.Utils.waitForPageLoad(Utils.java:109)</small> </font> </div>
<div class="test-event"> <font color="maroon"> <small> &emsp; &emsp;--- 16 Oct 11:07:24 278 - Page URL:: https://i-car--staging.sandbox.lightning.force.com/lightning/r/account/0011i00000uwfebqae/view</small> </font> </div>
<div class="test-event"> <font color="maroon"> <small> &emsp; &emsp;--- 16 Oct 11:07:24 279 - <b>0</b> - Page Load Wait: (Sync) - ICar.support.Utils.waitForPageLoad(Utils.java:109)</small> </font> </div>
<div class="test-message">&emsp;Close the tab</div>
<div class="test-message">&emsp;Successfully navigated to 'Login' Page&emsp;<a href=".\ScreenShot\ICar_BAM776_TC01_44416959156700.png" target="_blank" >[ScreenShot]</a></div>
<div class="test-message">&emsp;3. Enter the user credentials as : icaradminautomation3@i-car.com.staging</div>
<div class="test-event"> <font color="maroon"> <small> &emsp; &emsp;--- 16 Oct 11:07:30 185 - Page URL:: https://i-car--staging.sandbox.lightning.force.com/lightning/o/account/list?filtername=accounts</small> </font> </div>
<div class="test-event"> <font color="maroon"> <small> &emsp; &emsp;--- 16 Oct 11:07:30 185 - <b>0</b> - Page Load Wait: (Sync) - ICar.support.Utils.waitForPageLoad(Utils.java:109)</small> </font> </div>
<div class="test-event"> <font color="maroon"> <small> &emsp; &emsp;--- 16 Oct 11:07:35 582 - Page URL:: https://i-car--staging.sandbox.lightning.force.com/lightning/o/account/list?filtername=accounts</small> </font> </div>
<div class="test-event"> <font color="maroon"> <small> &emsp; &emsp;--- 16 Oct 11:07:35 583 - <b>0</b> - Page Load Wait: (Sync) - ICar.support.Utils.waitForPageLoad(Utils.java:109)</small> </font> </div>
<div class="test-message">&emsp;Close the tab</div>
<div class="test-event"> <font color="maroon"> <small> &emsp; &emsp;--- 16 Oct 11:07:41 182 - Page URL:: https://i-car--staging.sandbox.lightning.force.com/lightning/o/account/list?filtername=accounts</small> </font> </div>
<div class="test-event"> <font color="maroon"> <small> &emsp; &emsp;--- 16 Oct 11:07:41 182 - <b>0</b> - Page Load Wait: (Sync) - ICar.support.Utils.waitForPageLoad(Utils.java:109)</small> </font> </div>
<div class="test-event"> <font color="maroon"> <small> &emsp; &emsp;--- 16 Oct 11:07:41 218 - Element is displayed:: [[ChromeDriver: chrome on WINDOWS (f34ff33045923a82c3e464b1a677f964)] -> css selector: button[class*='search-button']]</small> </font> </div>
<div class="test-event"> <font color="maroon"> <small> &emsp; &emsp;--- 16 Oct 11:07:43 290 - Catched spinner load exception due to Expected condition failed: waiting for ICar.support.WaitUtils$4@714addf7 (tried for 2 second(s) with 500 milliseconds interval)</small> </font> </div>
<div class="test-event"> <font color="maroon"> <small> &emsp; &emsp;--- 16 Oct 11:07:43 290 - <b>2</b> - Spinner Load Wait: (Sync) - ICar.support.WaitUtils.waitForSpinner(WaitUtils.java:225)</small> </font> </div>
<div class="test-event"> <font color="maroon"> <small> &emsp; &emsp;--- 16 Oct 11:07:46 363 - Element is displayed:: [[ChromeDriver: chrome on WINDOWS (f34ff33045923a82c3e464b1a677f964)] -> css selector: button[class*='search-button']]</small> </font> </div>
<div class="test-event"> <font color="maroon"> <small> &emsp; &emsp;--- 16 Oct 11:07:46 957 - Page URL:: https://i-car--staging.sandbox.lightning.force.com/lightning/o/account/list?filtername=accounts</small> </font> </div>
<div class="test-event"> <font color="maroon"> <small> &emsp; &emsp;--- 16 Oct 11:07:46 958 - <b>0</b> - Page Load Wait: (Sync) - ICar.support.Utils.waitForPageLoad(Utils.java:109)</small> </font> </div>
<div class="test-event"> <font color="maroon"> <small> &emsp; &emsp;--- 16 Oct 11:08:06 498 - Catched spinner load exception due to Expected condition failed: waiting for ICar.support.WaitUtils$4@714addf7 (tried for 10 second(s) with 500 milliseconds interval)</small> </font> </div>
<div class="test-event"> <font color="maroon"> <small> &emsp; &emsp;--- 16 Oct 11:08:06 498 - <b>10</b> - Spinner Load Wait: (Sync) - ICar.support.WaitUtils.waitForSpinner(WaitUtils.java:225)</small> </font> </div>
<div class="test-event"> <font color="maroon"> <small> &emsp; &emsp;--- 16 Oct 11:08:07 997 - Page URL:: https://i-car--staging.sandbox.lightning.force.com/one/one.app#eyjjb21wb25lbnrezwyioijmb3jjzvnlyxjjadpzzwfyy2hqywdlrgvza3rvccisimf0dhjpynv0zxmionsidgvybsi6ikdyb3nzasamiefzc29jawf0zxmsieluyyisinnjb3bltwfwijp7inr5cguioijut1bfukvtvuxuuyisim5hbwvzcgfjzsi6iiisimxhymvsijoivg9wifjlc3vsdhmilcjsywjlbfbsdxjhbci6ilrvccbszxn1bhrziiwicmvzdwx0c0ntcci6imzvcmnlu2vhcmnoonbyzwrpy3rlzfjlc3vsdhmifswiy29udgv4dci6eyjgsuxurvjtijp7fswic2vhcmnou291cmnlijoiqvntsvnuqu5ux0rjquxpryisimrpc2fibgvjbnrlbnrrdwvyesi6zmfsc2usimrpc2fibgvtcgvsbenvcnjly3rpb24iomzhbhnllcjzzwfyy2heawfsb2dtzxnzaw9uswqioii1mmflyze5ni1hztc3ltjlmwityty5zi02ngezmgyzzjzknwyilcjkzwj1z0luzm8ionsiyxbwtmftzsi6ikldyxjfu2vydmljzv9db25zb2xliiwiyxbwvhlwzsi6iknvbnnvbguilcjhchboyw1lc3bhy2uioijjiiwibg9jyxrpb24ioijmb3jjztpvymply3rib21lrgvza3rvccisinnvymply3ruexblijoiqwnjb3vudcj9fswiz3jvdxbjzci6ikrfrkfvtfqifswic3rhdguiont9fq%3d%3d</small> </font> </div>
<div class="test-event"> <font color="maroon"> <small> &emsp; &emsp;--- 16 Oct 11:08:07 997 - <b>1</b> - Page Load Wait: (Sync) - ICar.support.Utils.waitForPageLoad(Utils.java:109)</small> </font> </div>
<div class="test-event"> <font color="maroon"> <small> &emsp; &emsp;--- 16 Oct 11:08:19 012 - Catched spinner load exception due to Expected condition failed: waiting for ICar.support.WaitUtils$4@714addf7 (tried for 11 second(s) with 500 milliseconds interval)</small> </font> </div>
<div class="test-event"> <font color="maroon"> <small> &emsp; &emsp;--- 16 Oct 11:08:19 012 - <b>11</b> - Spinner Load Wait: (Sync) - ICar.support.WaitUtils.waitForSpinner(WaitUtils.java:225)</small> </font> </div>
<div class="test-event"> <font color="maroon"> <small> &emsp; &emsp;--- 16 Oct 11:08:20 453 - Page URL:: https://i-car--staging.sandbox.lightning.force.com/one/one.app#eyjjb21wb25lbnrezwyioijmb3jjzvnlyxjjadpzzwfyy2hqywdlrgvza3rvccisimf0dhjpynv0zxmionsidgvybsi6ikdyb3nzasamiefzc29jawf0zxmsieluyyisinnjb3bltwfwijp7inr5cguioijut1bfukvtvuxuuyisim5hbwvzcgfjzsi6iiisimxhymvsijoivg9wifjlc3vsdhmilcjsywjlbfbsdxjhbci6ilrvccbszxn1bhrziiwicmvzdwx0c0ntcci6imzvcmnlu2vhcmnoonbyzwrpy3rlzfjlc3vsdhmifswiy29udgv4dci6eyjgsuxurvjtijp7fswic2vhcmnou291cmnlijoiqvntsvnuqu5ux0rjquxpryisimrpc2fibgvjbnrlbnrrdwvyesi6zmfsc2usimrpc2fibgvtcgvsbenvcnjly3rpb24iomzhbhnllcjzzwfyy2heawfsb2dtzxnzaw9uswqioii1mmflyze5ni1hztc3ltjlmwityty5zi02ngezmgyzzjzknwyilcjkzwj1z0luzm8ionsiyxbwtmftzsi6ikldyxjfu2vydmljzv9db25zb2xliiwiyxbwvhlwzsi6iknvbnnvbguilcjhchboyw1lc3bhy2uioijjiiwibg9jyxrpb24ioijmb3jjztpvymply3rib21lrgvza3rvccisinnvymply3ruexblijoiqwnjb3vudcj9fswiz3jvdxbjzci6ikrfrkfvtfqifswic3rhdguiont9fq%3d%3d</small> </font> </div>
<div class="test-event"> <font color="maroon"> <small> &emsp; &emsp;--- 16 Oct 11:08:20 453 - <b>1</b> - Page Load Wait: (Sync) - ICar.support.Utils.waitForPageLoad(Utils.java:109)</small> </font> </div>
<div class="test-event"> <font color="maroon"> <small> &emsp; &emsp;--- 16 Oct 11:08:20 521 - Element is displayed:: [[ChromeDriver: chrome on WINDOWS (f34ff33045923a82c3e464b1a677f964)] -> xpath: //a[@title='Top Results']//span[text()='Top Results']]</small> </font> </div>
<div class="test-event"> <font color="maroon"> <small> &emsp; &emsp;--- 16 Oct 11:08:21 016 - Page URL:: https://i-car--staging.sandbox.lightning.force.com/one/one.app#eyjjb21wb25lbnrezwyioijmb3jjzvnlyxjjadpzzwfyy2hqywdlrgvza3rvccisimf0dhjpynv0zxmionsidgvybsi6ikdyb3nzasamiefzc29jawf0zxmsieluyyisinnjb3bltwfwijp7inr5cguioijut1bfukvtvuxuuyisim5hbwvzcgfjzsi6iiisimxhymvsijoivg9wifjlc3vsdhmilcjsywjlbfbsdxjhbci6ilrvccbszxn1bhrziiwicmvzdwx0c0ntcci6imzvcmnlu2vhcmnoonbyzwrpy3rlzfjlc3vsdhmifswiy29udgv4dci6eyjgsuxurvjtijp7fswic2vhcmnou291cmnlijoiqvntsvnuqu5ux0rjquxpryisimrpc2fibgvjbnrlbnrrdwvyesi6zmfsc2usimrpc2fibgvtcgvsbenvcnjly3rpb24iomzhbhnllcjzzwfyy2heawfsb2dtzxnzaw9uswqioii1mmflyze5ni1hztc3ltjlmwityty5zi02ngezmgyzzjzknwyilcjkzwj1z0luzm8ionsiyxbwtmftzsi6ikldyxjfu2vydmljzv9db25zb2xliiwiyxbwvhlwzsi6iknvbnnvbguilcjhchboyw1lc3bhy2uioijjiiwibg9jyxrpb24ioijmb3jjztpvymply3rib21lrgvza3rvccisinnvymply3ruexblijoiqwnjb3vudcj9fswiz3jvdxbjzci6ikrfrkfvtfqifswic3rhdguiont9fq%3d%3d</small> </font> </div>
<div class="test-event"> <font color="maroon"> <small> &emsp; &emsp;--- 16 Oct 11:08:21 016 - <b>0</b> - Page Load Wait: (Sync) - ICar.support.Utils.waitForPageLoad(Utils.java:109)</small> </font> </div>
<div class="test-event"> <font color="maroon"> <small> &emsp; &emsp;--- 16 Oct 11:08:26 503 - Catched spinner load exception due to Expected condition failed: waiting for ICar.support.WaitUtils$4@714addf7 (tried for 5 second(s) with 500 milliseconds interval)</small> </font> </div>
<div class="test-event"> <font color="maroon"> <small> &emsp; &emsp;--- 16 Oct 11:08:26 503 - <b>5</b> - Spinner Load Wait: (Sync) - ICar.support.WaitUtils.waitForSpinner(WaitUtils.java:225)</small> </font> </div>
<div class="test-event"> <font color="maroon"> <small> &emsp; &emsp;--- 16 Oct 11:08:27 927 - Page URL:: https://i-car--staging.sandbox.lightning.force.com/one/one.app#eyjjb21wb25lbnrezwyioijmb3jjzvnlyxjjadpzzwfyy2hqywdlrgvza3rvccisimf0dhjpynv0zxmionsidgvybsi6ikdyb3nzasamiefzc29jawf0zxmsieluyyisinnjb3bltwfwijp7inr5cguioijut1bfukvtvuxuuyisim5hbwvzcgfjzsi6iiisimxhymvsijoivg9wifjlc3vsdhmilcjsywjlbfbsdxjhbci6ilrvccbszxn1bhrziiwicmvzdwx0c0ntcci6imzvcmnlu2vhcmnoonbyzwrpy3rlzfjlc3vsdhmifswiy29udgv4dci6eyjgsuxurvjtijp7fswic2vhcmnou291cmnlijoiqvntsvnuqu5ux0rjquxpryisimrpc2fibgvjbnrlbnrrdwvyesi6zmfsc2usimrpc2fibgvtcgvsbenvcnjly3rpb24iomzhbhnllcjzzwfyy2heawfsb2dtzxnzaw9uswqioii1mmflyze5ni1hztc3ltjlmwityty5zi02ngezmgyzzjzknwyilcjkzwj1z0luzm8ionsiyxbwtmftzsi6ikldyxjfu2vydmljzv9db25zb2xliiwiyxbwvhlwzsi6iknvbnnvbguilcjhchboyw1lc3bhy2uioijjiiwibg9jyxrpb24ioijmb3jjztpvymply3rib21lrgvza3rvccisinnvymply3ruexblijoiqwnjb3vudcj9fswiz3jvdxbjzci6ikrfrkfvtfqifswic3rhdguiont9fq%3d%3d</small> </font> </div>
<div class="test-event"> <font color="maroon"> <small> &emsp; &emsp;--- 16 Oct 11:08:27 927 - <b>1</b> - Page Load Wait: (Sync) - ICar.support.Utils.waitForPageLoad(Utils.java:109)</small> </font> </div>
<div class="test-event"> <font color="maroon"> <small> &emsp; &emsp;--- 16 Oct 11:08:29 324 - Page URL:: https://i-car--staging.sandbox.lightning.force.com/one/one.app#eyjjb21wb25lbnrezwyioijmb3jjzvnlyxjjadpzzwfyy2hqywdlrgvza3rvccisimf0dhjpynv0zxmionsidgvybsi6ikdyb3nzasamiefzc29jawf0zxmsieluyyisinnjb3bltwfwijp7inr5cguioijut1bfukvtvuxuuyisim5hbwvzcgfjzsi6iiisimxhymvsijoivg9wifjlc3vsdhmilcjsywjlbfbsdxjhbci6ilrvccbszxn1bhrziiwicmvzdwx0c0ntcci6imzvcmnlu2vhcmnoonbyzwrpy3rlzfjlc3vsdhmifswiy29udgv4dci6eyjgsuxurvjtijp7fswic2vhcmnou291cmnlijoiqvntsvnuqu5ux0rjquxpryisimrpc2fibgvjbnrlbnrrdwvyesi6zmfsc2usimrpc2fibgvtcgvsbenvcnjly3rpb24iomzhbhnllcjzzwfyy2heawfsb2dtzxnzaw9uswqioii1mmflyze5ni1hztc3ltjlmwityty5zi02ngezmgyzzjzknwyilcjkzwj1z0luzm8ionsiyxbwtmftzsi6ikldyxjfu2vydmljzv9db25zb2xliiwiyxbwvhlwzsi6iknvbnnvbguilcjhchboyw1lc3bhy2uioijjiiwibg9jyxrpb24ioijmb3jjztpvymply3rib21lrgvza3rvccisinnvymply3ruexblijoiqwnjb3vudcj9fswiz3jvdxbjzci6ikrfrkfvtfqifswic3rhdguiont9fq%3d%3d</small> </font> </div>
<div class="test-event"> <font color="maroon"> <small> &emsp; &emsp;--- 16 Oct 11:08:29 324 - <b>1</b> - Page Load Wait: (Sync) - ICar.support.Utils.waitForPageLoad(Utils.java:109)</small> </font> </div>
<div class="test-event"> <font color="maroon"> <small> &emsp; &emsp;--- 16 Oct 11:08:30 721 - Page URL:: https://i-car--staging.sandbox.lightning.force.com/one/one.app#eyjjb21wb25lbnrezwyioijmb3jjzvnlyxjjadpzzwfyy2hqywdlrgvza3rvccisimf0dhjpynv0zxmionsidgvybsi6ikdyb3nzasamiefzc29jawf0zxmsieluyyisinnjb3bltwfwijp7inr5cguioijut1bfukvtvuxuuyisim5hbwvzcgfjzsi6iiisimxhymvsijoivg9wifjlc3vsdhmilcjsywjlbfbsdxjhbci6ilrvccbszxn1bhrziiwicmvzdwx0c0ntcci6imzvcmnlu2vhcmnoonbyzwrpy3rlzfjlc3vsdhmifswiy29udgv4dci6eyjgsuxurvjtijp7fswic2vhcmnou291cmnlijoiqvntsvnuqu5ux0rjquxpryisimrpc2fibgvjbnrlbnrrdwvyesi6zmfsc2usimrpc2fibgvtcgvsbenvcnjly3rpb24iomzhbhnllcjzzwfyy2heawfsb2dtzxnzaw9uswqioii1mmflyze5ni1hztc3ltjlmwityty5zi02ngezmgyzzjzknwyilcjkzwj1z0luzm8ionsiyxbwtmftzsi6ikldyxjfu2vydmljzv9db25zb2xliiwiyxbwvhlwzsi6iknvbnnvbguilcjhchboyw1lc3bhy2uioijjiiwibg9jyxrpb24ioijmb3jjztpvymply3rib21lrgvza3rvccisinnvymply3ruexblijoiqwnjb3vudcj9fswiz3jvdxbjzci6ikrfrkfvtfqifswic3rhdguiont9fq%3d%3d</small> </font> </div>
<div class="test-event"> <font color="maroon"> <small> &emsp; &emsp;--- 16 Oct 11:08:30 721 - <b>1</b> - Page Load Wait: (Sync) - ICar.support.Utils.waitForPageLoad(Utils.java:109)</small> </font> </div>
<div class="test-event"> <font color="maroon"> <small> &emsp; &emsp;--- 16 Oct 11:08:41 199 - Catched spinner load exception due to Expected condition failed: waiting for ICar.support.WaitUtils$4@714addf7 (tried for 10 second(s) with 500 milliseconds interval)</small> </font> </div>
<div class="test-event"> <font color="maroon"> <small> &emsp; &emsp;--- 16 Oct 11:08:41 199 - <b>10</b> - Spinner Load Wait: (Sync) - ICar.support.WaitUtils.waitForSpinner(WaitUtils.java:225)</small> </font> </div>
<div class="test-event"> <font color="maroon"> <small> &emsp; &emsp;--- 16 Oct 11:08:41 230 - Element is displayed:: [[ChromeDriver: chrome on WINDOWS (f34ff33045923a82c3e464b1a677f964)] -> css selector: div.forceSearchResultsRegion div.resultsMultiWrapper >div > div table tbody th a]</small> </font> </div>
<div class="test-event"> <font color="maroon"> <small> &emsp; &emsp;--- 16 Oct 11:08:41 324 - Element is displayed:: [[ChromeDriver: chrome on WINDOWS (f34ff33045923a82c3e464b1a677f964)] -> css selector: div.forceSearchResultsRegion div.resultsMultiWrapper >div > div table tbody th a]</small> </font> </div>
<div class="test-message">&emsp;4. click on Account : Grossi & Associates, Inc</div>
<div class="test-event"> <font color="maroon"> <small> &emsp; &emsp;--- 16 Oct 11:08:43 457 - Page URL:: https://i-car--staging.sandbox.lightning.force.com/one/one.app#eyjjb21wb25lbnrezwyioijmb3jjzvnlyxjjadpzzwfyy2hqywdlrgvza3rvccisimf0dhjpynv0zxmionsidgvybsi6ikdyb3nzasamiefzc29jawf0zxmsieluyyisinnjb3bltwfwijp7inr5cguioijut1bfukvtvuxuuyisim5hbwvzcgfjzsi6iiisimxhymvsijoivg9wifjlc3vsdhmilcjsywjlbfbsdxjhbci6ilrvccbszxn1bhrziiwicmvzdwx0c0ntcci6imzvcmnlu2vhcmnoonbyzwrpy3rlzfjlc3vsdhmifswiy29udgv4dci6eyjgsuxurvjtijp7fswic2vhcmnou291cmnlijoiqvntsvnuqu5ux0rjquxpryisimrpc2fibgvjbnrlbnrrdwvyesi6zmfsc2usimrpc2fibgvtcgvsbenvcnjly3rpb24iomzhbhnllcjzzwfyy2heawfsb2dtzxnzaw9uswqioii1mmflyze5ni1hztc3ltjlmwityty5zi02ngezmgyzzjzknwyilcjkzwj1z0luzm8ionsiyxbwtmftzsi6ikldyxjfu2vydmljzv9db25zb2xliiwiyxbwvhlwzsi6iknvbnnvbguilcjhchboyw1lc3bhy2uioijjiiwibg9jyxrpb24ioijmb3jjztpvymply3rib21lrgvza3rvccisinnvymply3ruexblijoiqwnjb3vudcj9fswiz3jvdxbjzci6ikrfrkfvtfqifswic3rhdguiont9fq%3d%3d</small> </font> </div>
<div class="test-event"> <font color="maroon"> <small> &emsp; &emsp;--- 16 Oct 11:08:43 457 - <b>1</b> - Page Load Wait: (Sync) - ICar.support.Utils.waitForPageLoad(Utils.java:109)</small> </font> </div>
<div class="test-event"> <font color="maroon"> <small> &emsp; &emsp;--- 16 Oct 11:08:58 507 - Catched spinner load exception due to Expected condition failed: waiting for ICar.support.WaitUtils$4@714addf7 (tried for 15 second(s) with 500 milliseconds interval)</small> </font> </div>
<div class="test-event"> <font color="maroon"> <small> &emsp; &emsp;--- 16 Oct 11:08:58 507 - <b>15</b> - Spinner Load Wait: (Sync) - ICar.support.WaitUtils.waitForSpinner(WaitUtils.java:225)</small> </font> </div>
<div class="test-event"> <font color="maroon"> <small> &emsp; &emsp;--- 16 Oct 11:08:59 806 - Page URL:: https://i-car--staging.sandbox.lightning.force.com/lightning/r/account/0011i00000uwf9rqae/view</small> </font> </div>
<div class="test-event"> <font color="maroon"> <small> &emsp; &emsp;--- 16 Oct 11:08:59 806 - <b>1</b> - Page Load Wait: (Sync) - ICar.support.Utils.waitForPageLoad(Utils.java:109)</small> </font> </div>
<div class="test-event"> <font color="maroon"> <small> &emsp; &emsp;--- 16 Oct 11:09:01 931 - Element is displayed:: [[ChromeDriver: chrome on WINDOWS (f34ff33045923a82c3e464b1a677f964)] -> xpath: //a[@id='detailTab__item']]</small> </font> </div>
<div class="test-event"> <font color="maroon"> <small> &emsp; &emsp;--- 16 Oct 11:09:03 264 - Page URL:: https://i-car--staging.sandbox.lightning.force.com/lightning/r/account/0011i00000uwf9rqae/view</small> </font> </div>
<div class="test-event"> <font color="maroon"> <small> &emsp; &emsp;--- 16 Oct 11:09:03 264 - <b>1</b> - Page Load Wait: (Sync) - ICar.support.Utils.waitForPageLoad(Utils.java:109)</small> </font> </div>
<div class="test-event"> <font color="maroon"> <small> &emsp; &emsp;--- 16 Oct 11:09:18 419 - Catched spinner load exception due to Expected condition failed: waiting for ICar.support.WaitUtils$4@714addf7 (tried for 15 second(s) with 500 milliseconds interval)</small> </font> </div>
<div class="test-event"> <font color="maroon"> <small> &emsp; &emsp;--- 16 Oct 11:09:18 419 - <b>15</b> - Spinner Load Wait: (Sync) - ICar.support.WaitUtils.waitForSpinner(WaitUtils.java:225)</small> </font> </div>
<div class="test-event"> <font color="maroon"> <small> &emsp; &emsp;--- 16 Oct 11:09:19 698 - Page URL:: https://i-car--staging.sandbox.lightning.force.com/lightning/r/account/0011i00000uwf9rqae/view</small> </font> </div>
<div class="test-event"> <font color="maroon"> <small> &emsp; &emsp;--- 16 Oct 11:09:19 698 - <b>1</b> - Page Load Wait: (Sync) - ICar.support.Utils.waitForPageLoad(Utils.java:109)</small> </font> </div>
<div class="test-event"> <font color="maroon"> <small> &emsp; &emsp;--- 16 Oct 11:09:20 941 - Page URL:: https://i-car--staging.sandbox.lightning.force.com/lightning/r/account/0011i00000uwf9rqae/view</small> </font> </div>
<div class="test-event"> <font color="maroon"> <small> &emsp; &emsp;--- 16 Oct 11:09:20 941 - <b>1</b> - Page Load Wait: (Sync) - ICar.support.Utils.waitForPageLoad(Utils.java:109)</small> </font> </div>
<div class="test-event"> <font color="maroon"> <small> &emsp; &emsp;--- 16 Oct 11:09:36 098 - Catched spinner load exception due to Expected condition failed: waiting for ICar.support.WaitUtils$4@714addf7 (tried for 15 second(s) with 500 milliseconds interval)</small> </font> </div>
<div class="test-event"> <font color="maroon"> <small> &emsp; &emsp;--- 16 Oct 11:09:36 098 - <b>15</b> - Spinner Load Wait: (Sync) - ICar.support.WaitUtils.waitForSpinner(WaitUtils.java:225)</small> </font> </div>
<div class="test-event"> <font color="maroon"> <small> &emsp; &emsp;--- 16 Oct 11:09:37 574 - Page URL:: https://i-car--staging.sandbox.lightning.force.com/lightning/r/account/0011i00000uwf9rqae/view</small> </font> </div>
<div class="test-event"> <font color="maroon"> <small> &emsp; &emsp;--- 16 Oct 11:09:37 574 - <b>1</b> - Page Load Wait: (Sync) - ICar.support.Utils.waitForPageLoad(Utils.java:109)</small> </font> </div>
<div class="test-event"> <font color="maroon"> <small> &emsp; &emsp;--- 16 Oct 11:09:38 676 - Catched spinner load exception due to Expected condition failed: waiting for ICar.support.WaitUtils$4@714addf7 (tried for 1 second(s) with 500 milliseconds interval)</small> </font> </div>
<div class="test-event"> <font color="maroon"> <small> &emsp; &emsp;--- 16 Oct 11:09:38 676 - <b>1</b> - Spinner Load Wait: (Sync) - ICar.support.WaitUtils.waitForSpinner(WaitUtils.java:225)</small> </font> </div>
<div class="test-event"> <font color="maroon"> <small> &emsp; &emsp;--- 16 Oct 11:09:40 072 - Page URL:: https://i-car--staging.sandbox.lightning.force.com/lightning/r/account/0011i00000uwf9rqae/view</small> </font> </div>
<div class="test-event"> <font color="maroon"> <small> &emsp; &emsp;--- 16 Oct 11:09:40 072 - <b>1</b> - Page Load Wait: (Sync) - ICar.support.Utils.waitForPageLoad(Utils.java:109)</small> </font> </div>
<div class="test-event"> <font color="maroon"> <small> &emsp; &emsp;--- 16 Oct 11:09:41 343 - Page URL:: https://i-car--staging.sandbox.lightning.force.com/lightning/r/account/0011i00000uwf9rqae/view</small> </font> </div>
<div class="test-event"> <font color="maroon"> <small> &emsp; &emsp;--- 16 Oct 11:09:41 343 - <b>1</b> - Page Load Wait: (Sync) - ICar.support.Utils.waitForPageLoad(Utils.java:109)</small> </font> </div>
<div class="test-event"> <font color="maroon"> <small> &emsp; &emsp;--- 16 Oct 11:09:44 894 - Page URL:: https://i-car--staging.sandbox.lightning.force.com/lightning/r/account/0011i00000uwf9rqae/view</small> </font> </div>
<div class="test-event"> <font color="maroon"> <small> &emsp; &emsp;--- 16 Oct 11:09:44 894 - <b>1</b> - Page Load Wait: (Sync) - ICar.support.Utils.waitForPageLoad(Utils.java:109)</small> </font> </div>
<div class="test-event"> <font color="maroon"> <small> &emsp; &emsp;--- 16 Oct 11:09:50 008 - Element is displayed:: [[ChromeDriver: chrome on WINDOWS (f34ff33045923a82c3e464b1a677f964)] -> xpath: //button[@title='Edit Is Gold']]</small> </font> </div>
<div class="test-event"> <font color="maroon"> <small> &emsp; &emsp;--- 16 Oct 11:09:57 723 - Unable to find an element after 5 sec ==> [[ChromeDriver: chrome on WINDOWS (f34ff33045923a82c3e464b1a677f964)] -> xpath: //input[@name='Is_Gold__c']]</small> </font> </div>
<div class="test-event"> <font color="maroon"> <small> &emsp; &emsp;--- 16 Oct 11:10:00 247 - Element is displayed:: [[ChromeDriver: chrome on WINDOWS (f34ff33045923a82c3e464b1a677f964)] -> xpath: //button[text()='Save']]</small> </font> </div>
<div class="test-message">&emsp;5.IS gold checked</div>
<div class="test-event"> <font color="maroon"> <small> &emsp; &emsp;--- 16 Oct 11:10:07 215 - Page URL:: https://i-car--staging.sandbox.lightning.force.com/lightning/r/account/0011i00000uwf9rqae/view</small> </font> </div>
<div class="test-event"> <font color="maroon"> <small> &emsp; &emsp;--- 16 Oct 11:10:07 215 - <b>1</b> - Page Load Wait: (Sync) - ICar.support.Utils.waitForPageLoad(Utils.java:109)</small> </font> </div>
<div class="test-event"> <font color="maroon"> <small> &emsp; &emsp;--- 16 Oct 11:10:15 535 - Catched spinner load exception due to Expected condition failed: waiting for ICar.support.WaitUtils$4@714addf7 (tried for 8 second(s) with 500 milliseconds interval)</small> </font> </div>
<div class="test-event"> <font color="maroon"> <small> &emsp; &emsp;--- 16 Oct 11:10:15 535 - <b>8</b> - Spinner Load Wait: (Sync) - ICar.support.WaitUtils.waitForSpinner(WaitUtils.java:225)</small> </font> </div>
<div class="test-event"> <font color="maroon"> <small> &emsp; &emsp;--- 16 Oct 11:10:17 180 - Page URL:: https://i-car--staging.sandbox.lightning.force.com/lightning/r/account/0011i00000uwf9rqae/view</small> </font> </div>
<div class="test-event"> <font color="maroon"> <small> &emsp; &emsp;--- 16 Oct 11:10:17 180 - <b>1</b> - Page Load Wait: (Sync) - ICar.support.Utils.waitForPageLoad(Utils.java:109)</small> </font> </div>
<div class="test-event"> <font color="maroon"> <small> &emsp; &emsp;--- 16 Oct 11:10:18 793 - Page URL:: https://i-car--staging.sandbox.lightning.force.com/lightning/r/account/0011i00000uwf9rqae/view</small> </font> </div>
<div class="test-event"> <font color="maroon"> <small> &emsp; &emsp;--- 16 Oct 11:10:18 793 - <b>1</b> - Page Load Wait: (Sync) - ICar.support.Utils.waitForPageLoad(Utils.java:109)</small> </font> </div>
<div class="test-event"> <font color="maroon"> <small> &emsp; &emsp;--- 16 Oct 11:10:27 124 - Catched spinner load exception due to Expected condition failed: waiting for ICar.support.WaitUtils$4@714addf7 (tried for 8 second(s) with 500 milliseconds interval)</small> </font> </div>
<div class="test-event"> <font color="maroon"> <small> &emsp; &emsp;--- 16 Oct 11:10:27 124 - <b>8</b> - Spinner Load Wait: (Sync) - ICar.support.WaitUtils.waitForSpinner(WaitUtils.java:225)</small> </font> </div>
<div class="test-event"> <font color="maroon"> <small> &emsp; &emsp;--- 16 Oct 11:10:28 786 - Page URL:: https://i-car--staging.sandbox.lightning.force.com/lightning/r/account/0011i00000uwf9rqae/view</small> </font> </div>
<div class="test-event"> <font color="maroon"> <small> &emsp; &emsp;--- 16 Oct 11:10:28 787 - <b>1</b> - Page Load Wait: (Sync) - ICar.support.Utils.waitForPageLoad(Utils.java:109)</small> </font> </div>
<div class="test-event"> <font color="maroon"> <small> &emsp; &emsp;--- 16 Oct 11:10:30 928 - Element is displayed:: [[ChromeDriver: chrome on WINDOWS (f34ff33045923a82c3e464b1a677f964)] -> xpath: //ul[@class='slds-button-group-list']/li[4]//button]</small> </font> </div>
<div class="test-event"> <font color="maroon"> <small> &emsp; &emsp;--- 16 Oct 11:10:31 016 - Element is displayed:: [[ChromeDriver: chrome on WINDOWS (f34ff33045923a82c3e464b1a677f964)] -> xpath: //ul[@class='slds-button-group-list']/li[4]//button]</small> </font> </div>
<div class="test-event"> <font color="maroon"> <small> &emsp; &emsp;--- 16 Oct 11:10:32 943 - Page URL:: https://i-car--staging.sandbox.lightning.force.com/lightning/r/account/0011i00000uwf9rqae/view</small> </font> </div>
<div class="test-event"> <font color="maroon"> <small> &emsp; &emsp;--- 16 Oct 11:10:32 944 - <b>1</b> - Page Load Wait: (Sync) - ICar.support.Utils.waitForPageLoad(Utils.java:109)</small> </font> </div>
<div class="test-event"> <font color="maroon"> <small> &emsp; &emsp;--- 16 Oct 11:10:41 250 - Catched spinner load exception due to Expected condition failed: waiting for ICar.support.WaitUtils$4@714addf7 (tried for 8 second(s) with 500 milliseconds interval)</small> </font> </div>
<div class="test-event"> <font color="maroon"> <small> &emsp; &emsp;--- 16 Oct 11:10:41 250 - <b>8</b> - Spinner Load Wait: (Sync) - ICar.support.WaitUtils.waitForSpinner(WaitUtils.java:225)</small> </font> </div>
<div class="test-event"> <font color="maroon"> <small> &emsp; &emsp;--- 16 Oct 11:10:43 387 - Element is displayed:: [[ChromeDriver: chrome on WINDOWS (f34ff33045923a82c3e464b1a677f964)] -> xpath: //lightning-menu-item[contains(@data-target-selection-name,'Account.Gold_Class_Status')]//a]</small> </font> </div>
<div class="test-event"> <font color="maroon"> <small> &emsp; &emsp;--- 16 Oct 11:10:45 223 - Page URL:: https://i-car--staging.sandbox.lightning.force.com/lightning/r/account/0011i00000uwf9rqae/view</small> </font> </div>
<div class="test-event"> <font color="maroon"> <small> &emsp; &emsp;--- 16 Oct 11:10:45 223 - <b>1</b> - Page Load Wait: (Sync) - ICar.support.Utils.waitForPageLoad(Utils.java:109)</small> </font> </div>
<div class="test-event"> <font color="maroon"> <small> &emsp; &emsp;--- 16 Oct 11:10:47 155 - Page URL:: https://i-car--staging.sandbox.lightning.force.com/lightning/r/account/0011i00000uwf9rqae/view</small> </font> </div>
<div class="test-event"> <font color="maroon"> <small> &emsp; &emsp;--- 16 Oct 11:10:47 155 - <b>1</b> - Page Load Wait: (Sync) - ICar.support.Utils.waitForPageLoad(Utils.java:109)</small> </font> </div>
<div class="test-event"> <font color="maroon"> <small> &emsp; &emsp;--- 16 Oct 11:11:02 250 - Catched spinner load exception due to Expected condition failed: waiting for ICar.support.WaitUtils$4@714addf7 (tried for 15 second(s) with 500 milliseconds interval)</small> </font> </div>
<div class="test-event"> <font color="maroon"> <small> &emsp; &emsp;--- 16 Oct 11:11:02 250 - <b>15</b> - Spinner Load Wait: (Sync) - ICar.support.WaitUtils.waitForSpinner(WaitUtils.java:225)</small> </font> </div>
<div class="test-event"> <font color="maroon"> <small> &emsp; &emsp;--- 16 Oct 11:11:03 899 - Page URL:: https://i-car--staging.sandbox.lightning.force.com/lightning/r/account/0011i00000uwf9rqae/view</small> </font> </div>
<div class="test-event"> <font color="maroon"> <small> &emsp; &emsp;--- 16 Oct 11:11:03 899 - <b>1</b> - Page Load Wait: (Sync) - ICar.support.Utils.waitForPageLoad(Utils.java:109)</small> </font> </div>
<div class="test-event"> <font color="maroon"> <small> &emsp; &emsp;--- 16 Oct 11:11:04 012 - Element is displayed:: [[ChromeDriver: chrome on WINDOWS (f34ff33045923a82c3e464b1a677f964)] -> xpath: //*[text()='Evaluate Now']]</small> </font> </div>
<div class="test-event"> <font color="maroon"> <small> &emsp; &emsp;--- 16 Oct 11:11:05 798 - Page URL:: https://i-car--staging.sandbox.lightning.force.com/lightning/r/account/0011i00000uwf9rqae/view</small> </font> </div>
<div class="test-event"> <font color="maroon"> <small> &emsp; &emsp;--- 16 Oct 11:11:05 798 - <b>1</b> - Page Load Wait: (Sync) - ICar.support.Utils.waitForPageLoad(Utils.java:109)</small> </font> </div>
<div class="test-event"> <font color="maroon"> <small> &emsp; &emsp;--- 16 Oct 11:11:20 894 - Catched spinner load exception due to Expected condition failed: waiting for ICar.support.WaitUtils$4@714addf7 (tried for 15 second(s) with 500 milliseconds interval)</small> </font> </div>
<div class="test-event"> <font color="maroon"> <small> &emsp; &emsp;--- 16 Oct 11:11:20 894 - <b>15</b> - Spinner Load Wait: (Sync) - ICar.support.WaitUtils.waitForSpinner(WaitUtils.java:225)</small> </font> </div>
<div class="test-event"> <font color="maroon"> <small> &emsp; &emsp;--- 16 Oct 11:11:22 557 - Page URL:: https://i-car--staging.sandbox.lightning.force.com/lightning/r/account/0011i00000uwf9rqae/view</small> </font> </div>
<div class="test-event"> <font color="maroon"> <small> &emsp; &emsp;--- 16 Oct 11:11:22 558 - <b>1</b> - Page Load Wait: (Sync) - ICar.support.Utils.waitForPageLoad(Utils.java:109)</small> </font> </div>
<div class="test-message">&emsp;6. Clicked the Evaluate now button</div>
<div class="test-event"> <font color="maroon"> <small> &emsp; &emsp;--- 16 Oct 11:11:22 660 - Element is displayed:: [[ChromeDriver: chrome on WINDOWS (f34ff33045923a82c3e464b1a677f964)] -> xpath: //button[contains(@class,'CancelButton')]]</small> </font> </div>
<div class="test-event"> <font color="maroon"> <small> &emsp; &emsp;--- 16 Oct 11:11:24 489 - Page URL:: https://i-car--staging.sandbox.lightning.force.com/lightning/r/account/0011i00000uwf9rqae/view</small> </font> </div>
<div class="test-event"> <font color="maroon"> <small> &emsp; &emsp;--- 16 Oct 11:11:24 489 - <b>1</b> - Page Load Wait: (Sync) - ICar.support.Utils.waitForPageLoad(Utils.java:109)</small> </font> </div>
<div class="test-event"> <font color="maroon"> <small> &emsp; &emsp;--- 16 Oct 11:11:26 267 - Page URL:: https://i-car--staging.sandbox.lightning.force.com/lightning/r/account/0011i00000uwf9rqae/view</small> </font> </div>
<div class="test-event"> <font color="maroon"> <small> &emsp; &emsp;--- 16 Oct 11:11:26 267 - <b>1</b> - Page Load Wait: (Sync) - ICar.support.Utils.waitForPageLoad(Utils.java:109)</small> </font> </div>
<div class="test-event"> <font color="maroon"> <small> &emsp; &emsp;--- 16 Oct 11:11:32 959 - Page URL:: https://i-car--staging.sandbox.lightning.force.com/lightning/r/account/0011i00000uwf9rqae/view</small> </font> </div>
<div class="test-event"> <font color="maroon"> <small> &emsp; &emsp;--- 16 Oct 11:11:32 959 - <b>1</b> - Page Load Wait: (Sync) - ICar.support.Utils.waitForPageLoad(Utils.java:109)</small> </font> </div>
<div class="test-event"> <font color="maroon"> <small> &emsp; &emsp;--- 16 Oct 11:11:39 027 - Page URL:: https://i-car--staging.sandbox.lightning.force.com/lightning/r/account/0011i00000uwf9rqae/view</small> </font> </div>
<div class="test-event"> <font color="maroon"> <small> &emsp; &emsp;--- 16 Oct 11:11:39 027 - <b>1</b> - Page Load Wait: (Sync) - ICar.support.Utils.waitForPageLoad(Utils.java:109)</small> </font> </div>
<div class="test-event"> <font color="maroon"> <small> &emsp; &emsp;--- 16 Oct 11:11:45 685 - Page URL:: https://i-car--staging.sandbox.lightning.force.com/lightning/r/account/0011i00000uwf9rqae/view</small> </font> </div>
<div class="test-event"> <font color="maroon"> <small> &emsp; &emsp;--- 16 Oct 11:11:45 685 - <b>1</b> - Page Load Wait: (Sync) - ICar.support.Utils.waitForPageLoad(Utils.java:109)</small> </font> </div>
<div class="test-message">&emsp;Close the tab</div>
<div class="test-event"> <font color="maroon"> <small> &emsp; &emsp;--- 16 Oct 11:11:52 457 - Page URL:: https://i-car--staging.sandbox.lightning.force.com/lightning/r/account/0011i00000uwf9rqae/view</small> </font> </div>
<div class="test-event"> <font color="maroon"> <small> &emsp; &emsp;--- 16 Oct 11:11:52 457 - <b>1</b> - Page Load Wait: (Sync) - ICar.support.Utils.waitForPageLoad(Utils.java:109)</small> </font> </div>
<div class="test-event"> <font color="maroon"> <small> &emsp; &emsp;--- 16 Oct 11:11:52 499 - Element is displayed:: [[ChromeDriver: chrome on WINDOWS (f34ff33045923a82c3e464b1a677f964)] -> css selector: button[class*='search-button']]</small> </font> </div>
<div class="test-event"> <font color="maroon"> <small> &emsp; &emsp;--- 16 Oct 11:11:54 621 - Catched spinner load exception due to Expected condition failed: waiting for ICar.support.WaitUtils$4@714addf7 (tried for 2 second(s) with 500 milliseconds interval)</small> </font> </div>
<div class="test-event"> <font color="maroon"> <small> &emsp; &emsp;--- 16 Oct 11:11:54 621 - <b>2</b> - Spinner Load Wait: (Sync) - ICar.support.WaitUtils.waitForSpinner(WaitUtils.java:225)</small> </font> </div>
<div class="test-event"> <font color="maroon"> <small> &emsp; &emsp;--- 16 Oct 11:11:57 695 - Element is displayed:: [[ChromeDriver: chrome on WINDOWS (f34ff33045923a82c3e464b1a677f964)] -> css selector: button[class*='search-button']]</small> </font> </div>
<!--FAIL-->
<div class="test-result"><br><font color="red"><strong> element click intercepted: Element <button type="button" class="slds-button slds-button_neutral search-button slds-truncate hasSearchTerm hasSearchTerm" aria-label="Search" data-aura-rendered-by="274:0" data-proxy-id="aura-pos-lib-1" id="274:0">...</button> is not clickable at point (609, 98). Other element would receive the click: <div class="modal-container slds-modal__container" data-aura-rendered-by="16866:0">...</div> </strong></font> <a href=".\ScreenShot\ICar_BAM776_TC01_44686233520000.png" target="_blank" >[ScreenShot]</a></div>&emsp;
&emsp;<div class="test-title"> <strong><font size = "3" color = "#0000FF">---Test Execution Ends---</font> </strong> </div>&emsp;]]>
    </system-out>
  </testcase> <!-- ICar_BAM776_TC01 -->
  <testcase classname="BAM_Misc.BAMtestscripts" name="ICar_B2B944_TC03" time="603.805">
    <system-out>
      <![CDATA[<div class="test-event"> <font color="maroon"> <small> &emsp; &emsp;--- 16 Oct 11:27:58 721 - TestCaseID:: ICar_B2B944_TC03</small> </font> </div>
<div class="test-event"> <font color="maroon"> <small> &emsp; &emsp;--- 16 Oct 11:27:59 780 - <b>1</b> - Driver::initialize::Get - ICar.support.WebDriverFactory.getDriver(WebDriverFactory.java:640)</small> </font> </div>
&emsp;<div class="test-title"> <strong><font size = "3" color = "#000080">Student Activating the account and Status Change</font> </strong> </div>&emsp;<div><strong>Steps:</strong></div><!-- Report -->&emsp;
<div class="test-event"> <font color="maroon"> <small> &emsp; &emsp;--- 16 Oct 11:28:05 070 - Page URL:: https://i-car--staging.sandbox.my.salesforce.com/</small> </font> </div>
<div class="test-event"> <font color="maroon"> <small> &emsp; &emsp;--- 16 Oct 11:28:05 070 - <b>0</b> - Page Load Wait: (Sync) - ICar.support.Utils.waitForPageLoad(Utils.java:109)</small> </font> </div>
<div class="test-message">&emsp;Successfully navigated to 'Login' Page&emsp;<a href=".\ScreenShot\ICar_B2B944_TC03_45652497530200.png" target="_blank" >[ScreenShot]</a></div>
<div class="test-message">&emsp;Login page is launched.</div>
<div class="test-event"> <font color="maroon"> <small> &emsp; &emsp;--- 16 Oct 11:28:05 404 - Element is displayed:: [[ChromeDriver: chrome on WINDOWS (f2cc49eadbc28206a290ab7570999b45)] -> id: username]</small> </font> </div>
<div class="test-event"> <font color="maroon"> <small> &emsp; &emsp;--- 16 Oct 11:28:05 494 - Element is displayed:: [[ChromeDriver: chrome on WINDOWS (f2cc49eadbc28206a290ab7570999b45)] -> id: username]</small> </font> </div>
<div class="test-event"> <font color="maroon"> <small> &emsp; &emsp;--- 16 Oct 11:28:05 756 - Element is displayed:: [[ChromeDriver: chrome on WINDOWS (f2cc49eadbc28206a290ab7570999b45)] -> id: password]</small> </font> </div>
<div class="test-event"> <font color="maroon"> <small> &emsp; &emsp;--- 16 Oct 11:28:05 951 - Element is displayed:: [[ChromeDriver: chrome on WINDOWS (f2cc49eadbc28206a290ab7570999b45)] -> id: Login]</small> </font> </div>
<div class="test-event"> <font color="maroon"> <small> &emsp; &emsp;--- 16 Oct 11:28:35 718 - Catched spinner load exception due to Expected condition failed: waiting for ICar.support.WaitUtils$4@714addf7 (tried for 13 second(s) with 500 milliseconds interval)</small> </font> </div>
<div class="test-event"> <font color="maroon"> <small> &emsp; &emsp;--- 16 Oct 11:28:35 718 - <b>13</b> - Spinner Load Wait: (Sync) - ICar.support.WaitUtils.waitForSpinner(WaitUtils.java:225)</small> </font> </div>
<div class="test-event"> <font color="maroon"> <small> &emsp; &emsp;--- 16 Oct 11:28:55 243 - Catched spinner load exception due to Expected condition failed: waiting for ICar.support.WaitUtils$4@714addf7 (tried for 6 second(s) with 500 milliseconds interval)</small> </font> </div>
<div class="test-event"> <font color="maroon"> <small> &emsp; &emsp;--- 16 Oct 11:28:55 243 - <b>6</b> - Spinner Load Wait: (Sync) - ICar.support.WaitUtils.waitForSpinner(WaitUtils.java:225)</small> </font> </div>
<div class="test-event"> <font color="maroon"> <small> &emsp; &emsp;--- 16 Oct 11:28:55 321 - Element is displayed:: [[ChromeDriver: chrome on WINDOWS (f2cc49eadbc28206a290ab7570999b45)] -> css selector: button[class*='search-button']]</small> </font> </div>
<div class="test-message">&emsp;Navigate to 'SalesForce Page'</div>
<div class="test-event"> <font color="maroon"> <small> &emsp; &emsp;--- 16 Oct 11:28:55 720 - Page URL:: https://i-car--staging.sandbox.lightning.force.com/lightning/o/account/list?filtername=accounts</small> </font> </div>
<div class="test-event"> <font color="maroon"> <small> &emsp; &emsp;--- 16 Oct 11:28:55 720 - <b>0</b> - Page Load Wait: (Sync) - ICar.support.Utils.waitForPageLoad(Utils.java:109)</small> </font> </div>
<div class="test-event"> <font color="maroon"> <small> &emsp; &emsp;--- 16 Oct 11:29:01 329 - Page URL:: https://i-car--staging.sandbox.lightning.force.com/lightning/o/account/list?filtername=accounts</small> </font> </div>
<div class="test-event"> <font color="maroon"> <small> &emsp; &emsp;--- 16 Oct 11:29:01 329 - <b>0</b> - Page Load Wait: (Sync) - ICar.support.Utils.waitForPageLoad(Utils.java:109)</small> </font> </div>
<div class="test-message">&emsp;Successfully navigated to 'Login' Page&emsp;<a href=".\ScreenShot\ICar_B2B944_TC03_45712919266100.png" target="_blank" >[ScreenShot]</a></div>
<div class="test-message">&emsp;Enter the user credentials as : icaradminautomation3@i-car.com.staging</div>
<div class="test-event"> <font color="maroon"> <small> &emsp; &emsp;--- 16 Oct 11:29:06 246 - Page URL:: https://i-car--staging.sandbox.lightning.force.com/lightning/o/account/list?filtername=accounts</small> </font> </div>
<div class="test-event"> <font color="maroon"> <small> &emsp; &emsp;--- 16 Oct 11:29:06 246 - <b>0</b> - Page Load Wait: (Sync) - ICar.support.Utils.waitForPageLoad(Utils.java:109)</small> </font> </div>
<div class="test-event"> <font color="maroon"> <small> &emsp; &emsp;--- 16 Oct 11:29:11 668 - Page URL:: https://i-car--staging.sandbox.lightning.force.com/lightning/o/account/list?filtername=accounts</small> </font> </div>
<div class="test-event"> <font color="maroon"> <small> &emsp; &emsp;--- 16 Oct 11:29:11 668 - <b>0</b> - Page Load Wait: (Sync) - ICar.support.Utils.waitForPageLoad(Utils.java:109)</small> </font> </div>
<div class="test-message">&emsp;Close the tab</div>
<div class="test-event"> <font color="maroon"> <small> &emsp; &emsp;--- 16 Oct 11:29:17 306 - Page URL:: https://i-car--staging.sandbox.lightning.force.com/lightning/o/account/list?filtername=accounts</small> </font> </div>
<div class="test-event"> <font color="maroon"> <small> &emsp; &emsp;--- 16 Oct 11:29:17 306 - <b>0</b> - Page Load Wait: (Sync) - ICar.support.Utils.waitForPageLoad(Utils.java:109)</small> </font> </div>
<div class="test-event"> <font color="maroon"> <small> &emsp; &emsp;--- 16 Oct 11:29:17 345 - Element is displayed:: [[ChromeDriver: chrome on WINDOWS (f2cc49eadbc28206a290ab7570999b45)] -> css selector: button[class*='search-button']]</small> </font> </div>
<div class="test-event"> <font color="maroon"> <small> &emsp; &emsp;--- 16 Oct 11:29:19 424 - Catched spinner load exception due to Expected condition failed: waiting for ICar.support.WaitUtils$4@714addf7 (tried for 2 second(s) with 500 milliseconds interval)</small> </font> </div>
<div class="test-event"> <font color="maroon"> <small> &emsp; &emsp;--- 16 Oct 11:29:19 424 - <b>2</b> - Spinner Load Wait: (Sync) - ICar.support.WaitUtils.waitForSpinner(WaitUtils.java:225)</small> </font> </div>
<div class="test-event"> <font color="maroon"> <small> &emsp; &emsp;--- 16 Oct 11:29:22 504 - Element is displayed:: [[ChromeDriver: chrome on WINDOWS (f2cc49eadbc28206a290ab7570999b45)] -> css selector: button[class*='search-button']]</small> </font> </div>
<div class="test-event"> <font color="maroon"> <small> &emsp; &emsp;--- 16 Oct 11:29:23 122 - Page URL:: https://i-car--staging.sandbox.lightning.force.com/lightning/o/account/list?filtername=accounts</small> </font> </div>
<div class="test-event"> <font color="maroon"> <small> &emsp; &emsp;--- 16 Oct 11:29:23 122 - <b>0</b> - Page Load Wait: (Sync) - ICar.support.Utils.waitForPageLoad(Utils.java:109)</small> </font> </div>
<div class="test-event"> <font color="maroon"> <small> &emsp; &emsp;--- 16 Oct 11:29:42 958 - Catched spinner load exception due to Expected condition failed: waiting for ICar.support.WaitUtils$4@714addf7 (tried for 10 second(s) with 500 milliseconds interval)</small> </font> </div>
<div class="test-event"> <font color="maroon"> <small> &emsp; &emsp;--- 16 Oct 11:29:42 958 - <b>10</b> - Spinner Load Wait: (Sync) - ICar.support.WaitUtils.waitForSpinner(WaitUtils.java:225)</small> </font> </div>
<div class="test-event"> <font color="maroon"> <small> &emsp; &emsp;--- 16 Oct 11:29:43 527 - Page URL:: https://i-car--staging.sandbox.lightning.force.com/one/one.app#eyjjb21wb25lbnrezwyioijmb3jjzvnlyxjjadpzzwfyy2hqywdlrgvza3rvccisimf0dhjpynv0zxmionsidgvybsi6ijmxmze1ndgilcjzy29wzu1hcci6eyj0exblijoive9qx1jfu1vmvfmilcjuyw1lc3bhy2uioiiilcjsywjlbci6ilrvccbszxn1bhrziiwibgfizwxqbhvyywwioijub3agumvzdwx0cyisinjlc3vsdhndbxaioijmb3jjzvnlyxjjadpwcmvkawn0zwrszxn1bhrzin0simnvbnrlehqionsirklmvevsuyi6e30sinnlyxjjafnvdxjjzsi6ikftu0ltvefovf9esufmt0cilcjkaxnhymxlsw50zw50uxvlcnkiomzhbhnllcjkaxnhymxlu3blbgxdb3jyzwn0aw9uijpmywxzzswic2vhcmnorglhbg9nu2vzc2lvbklkijoizdm3mdhiodutmzixns0ym2q0ltkwnwmtzmm5ytzjm2fhnzvhiiwizgvidwdjbmzvijp7imfwce5hbwuioijjq2fyx1nlcnzpy2vfq29uc29szsisimfwcfr5cguioijdb25zb2xliiwiyxbwtmftzxnwywnlijoiyyisimxvy2f0aw9uijoizm9yy2u6b2jqzwn0sg9tzurlc2t0b3ailcjzb2jqzwn0vhlwzsi6ikfjy291bnqifx0simdyb3vwswqioijeruzbvuxuin0sinn0yxrlijp7fx0%3d</small> </font> </div>
<div class="test-event"> <font color="maroon"> <small> &emsp; &emsp;--- 16 Oct 11:29:43 527 - <b>0</b> - Page Load Wait: (Sync) - ICar.support.Utils.waitForPageLoad(Utils.java:109)</small> </font> </div>
<div class="test-event"> <font color="maroon"> <small> &emsp; &emsp;--- 16 Oct 11:29:55 041 - Catched spinner load exception due to Expected condition failed: waiting for ICar.support.WaitUtils$4@714addf7 (tried for 11 second(s) with 500 milliseconds interval)</small> </font> </div>
<div class="test-event"> <font color="maroon"> <small> &emsp; &emsp;--- 16 Oct 11:29:55 041 - <b>11</b> - Spinner Load Wait: (Sync) - ICar.support.WaitUtils.waitForSpinner(WaitUtils.java:225)</small> </font> </div>
<div class="test-event"> <font color="maroon"> <small> &emsp; &emsp;--- 16 Oct 11:29:55 564 - Page URL:: https://i-car--staging.sandbox.lightning.force.com/one/one.app#eyjjb21wb25lbnrezwyioijmb3jjzvnlyxjjadpzzwfyy2hqywdlrgvza3rvccisimf0dhjpynv0zxmionsidgvybsi6ijmxmze1ndgilcjzy29wzu1hcci6eyj0exblijoive9qx1jfu1vmvfmilcjuyw1lc3bhy2uioiiilcjsywjlbci6ilrvccbszxn1bhrziiwibgfizwxqbhvyywwioijub3agumvzdwx0cyisinjlc3vsdhndbxaioijmb3jjzvnlyxjjadpwcmvkawn0zwrszxn1bhrzin0simnvbnrlehqionsirklmvevsuyi6e30sinnlyxjjafnvdxjjzsi6ikftu0ltvefovf9esufmt0cilcjkaxnhymxlsw50zw50uxvlcnkiomzhbhnllcjkaxnhymxlu3blbgxdb3jyzwn0aw9uijpmywxzzswic2vhcmnorglhbg9nu2vzc2lvbklkijoizdm3mdhiodutmzixns0ym2q0ltkwnwmtzmm5ytzjm2fhnzvhiiwizgvidwdjbmzvijp7imfwce5hbwuioijjq2fyx1nlcnzpy2vfq29uc29szsisimfwcfr5cguioijdb25zb2xliiwiyxbwtmftzxnwywnlijoiyyisimxvy2f0aw9uijoizm9yy2u6b2jqzwn0sg9tzurlc2t0b3ailcjzb2jqzwn0vhlwzsi6ikfjy291bnqifx0simdyb3vwswqioijeruzbvuxuin0sinn0yxrlijp7fx0%3d</small> </font> </div>
<div class="test-event"> <font color="maroon"> <small> &emsp; &emsp;--- 16 Oct 11:29:55 564 - <b>0</b> - Page Load Wait: (Sync) - ICar.support.Utils.waitForPageLoad(Utils.java:109)</small> </font> </div>
<div class="test-event"> <font color="maroon"> <small> &emsp; &emsp;--- 16 Oct 11:29:55 621 - Element is displayed:: [[ChromeDriver: chrome on WINDOWS (f2cc49eadbc28206a290ab7570999b45)] -> xpath: //a[@title='Top Results']//span[text()='Top Results']]</small> </font> </div>
<div class="test-event"> <font color="maroon"> <small> &emsp; &emsp;--- 16 Oct 11:29:56 005 - Page URL:: https://i-car--staging.sandbox.lightning.force.com/one/one.app#eyjjb21wb25lbnrezwyioijmb3jjzvnlyxjjadpzzwfyy2hqywdlrgvza3rvccisimf0dhjpynv0zxmionsidgvybsi6ijmxmze1ndgilcjzy29wzu1hcci6eyj0exblijoive9qx1jfu1vmvfmilcjuyw1lc3bhy2uioiiilcjsywjlbci6ilrvccbszxn1bhrziiwibgfizwxqbhvyywwioijub3agumvzdwx0cyisinjlc3vsdhndbxaioijmb3jjzvnlyxjjadpwcmvkawn0zwrszxn1bhrzin0simnvbnrlehqionsirklmvevsuyi6e30sinnlyxjjafnvdxjjzsi6ikftu0ltvefovf9esufmt0cilcjkaxnhymxlsw50zw50uxvlcnkiomzhbhnllcjkaxnhymxlu3blbgxdb3jyzwn0aw9uijpmywxzzswic2vhcmnorglhbg9nu2vzc2lvbklkijoizdm3mdhiodutmzixns0ym2q0ltkwnwmtzmm5ytzjm2fhnzvhiiwizgvidwdjbmzvijp7imfwce5hbwuioijjq2fyx1nlcnzpy2vfq29uc29szsisimfwcfr5cguioijdb25zb2xliiwiyxbwtmftzxnwywnlijoiyyisimxvy2f0aw9uijoizm9yy2u6b2jqzwn0sg9tzurlc2t0b3ailcjzb2jqzwn0vhlwzsi6ikfjy291bnqifx0simdyb3vwswqioijeruzbvuxuin0sinn0yxrlijp7fx0%3d</small> </font> </div>
<div class="test-event"> <font color="maroon"> <small> &emsp; &emsp;--- 16 Oct 11:29:56 005 - <b>0</b> - Page Load Wait: (Sync) - ICar.support.Utils.waitForPageLoad(Utils.java:109)</small> </font> </div>
<div class="test-event"> <font color="maroon"> <small> &emsp; &emsp;--- 16 Oct 11:30:01 069 - Catched spinner load exception due to Expected condition failed: waiting for ICar.support.WaitUtils$4@714addf7 (tried for 5 second(s) with 500 milliseconds interval)</small> </font> </div>
<div class="test-event"> <font color="maroon"> <small> &emsp; &emsp;--- 16 Oct 11:30:01 069 - <b>5</b> - Spinner Load Wait: (Sync) - ICar.support.WaitUtils.waitForSpinner(WaitUtils.java:225)</small> </font> </div>
<div class="test-event"> <font color="maroon"> <small> &emsp; &emsp;--- 16 Oct 11:30:01 563 - Page URL:: https://i-car--staging.sandbox.lightning.force.com/one/one.app#eyjjb21wb25lbnrezwyioijmb3jjzvnlyxjjadpzzwfyy2hqywdlrgvza3rvccisimf0dhjpynv0zxmionsidgvybsi6ijmxmze1ndgilcjzy29wzu1hcci6eyj0exblijoive9qx1jfu1vmvfmilcjuyw1lc3bhy2uioiiilcjsywjlbci6ilrvccbszxn1bhrziiwibgfizwxqbhvyywwioijub3agumvzdwx0cyisinjlc3vsdhndbxaioijmb3jjzvnlyxjjadpwcmvkawn0zwrszxn1bhrzin0simnvbnrlehqionsirklmvevsuyi6e30sinnlyxjjafnvdxjjzsi6ikftu0ltvefovf9esufmt0cilcjkaxnhymxlsw50zw50uxvlcnkiomzhbhnllcjkaxnhymxlu3blbgxdb3jyzwn0aw9uijpmywxzzswic2vhcmnorglhbg9nu2vzc2lvbklkijoizdm3mdhiodutmzixns0ym2q0ltkwnwmtzmm5ytzjm2fhnzvhiiwizgvidwdjbmzvijp7imfwce5hbwuioijjq2fyx1nlcnzpy2vfq29uc29szsisimfwcfr5cguioijdb25zb2xliiwiyxbwtmftzxnwywnlijoiyyisimxvy2f0aw9uijoizm9yy2u6b2jqzwn0sg9tzurlc2t0b3ailcjzb2jqzwn0vhlwzsi6ikfjy291bnqifx0simdyb3vwswqioijeruzbvuxuin0sinn0yxrlijp7fx0%3d</small> </font> </div>
<div class="test-event"> <font color="maroon"> <small> &emsp; &emsp;--- 16 Oct 11:30:01 563 - <b>0</b> - Page Load Wait: (Sync) - ICar.support.Utils.waitForPageLoad(Utils.java:109)</small> </font> </div>
<div class="test-event"> <font color="maroon"> <small> &emsp; &emsp;--- 16 Oct 11:30:02 048 - Page URL:: https://i-car--staging.sandbox.lightning.force.com/one/one.app#eyjjb21wb25lbnrezwyioijmb3jjzvnlyxjjadpzzwfyy2hqywdlrgvza3rvccisimf0dhjpynv0zxmionsidgvybsi6ijmxmze1ndgilcjzy29wzu1hcci6eyj0exblijoive9qx1jfu1vmvfmilcjuyw1lc3bhy2uioiiilcjsywjlbci6ilrvccbszxn1bhrziiwibgfizwxqbhvyywwioijub3agumvzdwx0cyisinjlc3vsdhndbxaioijmb3jjzvnlyxjjadpwcmvkawn0zwrszxn1bhrzin0simnvbnrlehqionsirklmvevsuyi6e30sinnlyxjjafnvdxjjzsi6ikftu0ltvefovf9esufmt0cilcjkaxnhymxlsw50zw50uxvlcnkiomzhbhnllcjkaxnhymxlu3blbgxdb3jyzwn0aw9uijpmywxzzswic2vhcmnorglhbg9nu2vzc2lvbklkijoizdm3mdhiodutmzixns0ym2q0ltkwnwmtzmm5ytzjm2fhnzvhiiwizgvidwdjbmzvijp7imfwce5hbwuioijjq2fyx1nlcnzpy2vfq29uc29szsisimfwcfr5cguioijdb25zb2xliiwiyxbwtmftzxnwywnlijoiyyisimxvy2f0aw9uijoizm9yy2u6b2jqzwn0sg9tzurlc2t0b3ailcjzb2jqzwn0vhlwzsi6ikfjy291bnqifx0simdyb3vwswqioijeruzbvuxuin0sinn0yxrlijp7fx0%3d</small> </font> </div>
<div class="test-event"> <font color="maroon"> <small> &emsp; &emsp;--- 16 Oct 11:30:02 048 - <b>0</b> - Page Load Wait: (Sync) - ICar.support.Utils.waitForPageLoad(Utils.java:109)</small> </font> </div>
<div class="test-event"> <font color="maroon"> <small> &emsp; &emsp;--- 16 Oct 11:30:02 522 - Page URL:: https://i-car--staging.sandbox.lightning.force.com/one/one.app#eyjjb21wb25lbnrezwyioijmb3jjzvnlyxjjadpzzwfyy2hqywdlrgvza3rvccisimf0dhjpynv0zxmionsidgvybsi6ijmxmze1ndgilcjzy29wzu1hcci6eyj0exblijoive9qx1jfu1vmvfmilcjuyw1lc3bhy2uioiiilcjsywjlbci6ilrvccbszxn1bhrziiwibgfizwxqbhvyywwioijub3agumvzdwx0cyisinjlc3vsdhndbxaioijmb3jjzvnlyxjjadpwcmvkawn0zwrszxn1bhrzin0simnvbnrlehqionsirklmvevsuyi6e30sinnlyxjjafnvdxjjzsi6ikftu0ltvefovf9esufmt0cilcjkaxnhymxlsw50zw50uxvlcnkiomzhbhnllcjkaxnhymxlu3blbgxdb3jyzwn0aw9uijpmywxzzswic2vhcmnorglhbg9nu2vzc2lvbklkijoizdm3mdhiodutmzixns0ym2q0ltkwnwmtzmm5ytzjm2fhnzvhiiwizgvidwdjbmzvijp7imfwce5hbwuioijjq2fyx1nlcnzpy2vfq29uc29szsisimfwcfr5cguioijdb25zb2xliiwiyxbwtmftzxnwywnlijoiyyisimxvy2f0aw9uijoizm9yy2u6b2jqzwn0sg9tzurlc2t0b3ailcjzb2jqzwn0vhlwzsi6ikfjy291bnqifx0simdyb3vwswqioijeruzbvuxuin0sinn0yxrlijp7fx0%3d</small> </font> </div>
<div class="test-event"> <font color="maroon"> <small> &emsp; &emsp;--- 16 Oct 11:30:02 523 - <b>0</b> - Page Load Wait: (Sync) - ICar.support.Utils.waitForPageLoad(Utils.java:109)</small> </font> </div>
<div class="test-event"> <font color="maroon"> <small> &emsp; &emsp;--- 16 Oct 11:30:10 860 - Catched spinner load exception due to Expected condition failed: waiting for ICar.support.WaitUtils$4@714addf7 (tried for 8 second(s) with 500 milliseconds interval)</small> </font> </div>
<div class="test-event"> <font color="maroon"> <small> &emsp; &emsp;--- 16 Oct 11:30:10 860 - <b>8</b> - Spinner Load Wait: (Sync) - ICar.support.WaitUtils.waitForSpinner(WaitUtils.java:225)</small> </font> </div>
<div class="test-event"> <font color="maroon"> <small> &emsp; &emsp;--- 16 Oct 11:30:11 416 - Page URL:: https://i-car--staging.sandbox.lightning.force.com/one/one.app#eyjjb21wb25lbnrezwyioijmb3jjzvnlyxjjadpzzwfyy2hqywdlrgvza3rvccisimf0dhjpynv0zxmionsidgvybsi6ijmxmze1ndgilcjzy29wzu1hcci6eyj0exblijoive9qx1jfu1vmvfmilcjuyw1lc3bhy2uioiiilcjsywjlbci6ilrvccbszxn1bhrziiwibgfizwxqbhvyywwioijub3agumvzdwx0cyisinjlc3vsdhndbxaioijmb3jjzvnlyxjjadpwcmvkawn0zwrszxn1bhrzin0simnvbnrlehqionsirklmvevsuyi6e30sinnlyxjjafnvdxjjzsi6ikftu0ltvefovf9esufmt0cilcjkaxnhymxlsw50zw50uxvlcnkiomzhbhnllcjkaxnhymxlu3blbgxdb3jyzwn0aw9uijpmywxzzswic2vhcmnorglhbg9nu2vzc2lvbklkijoizdm3mdhiodutmzixns0ym2q0ltkwnwmtzmm5ytzjm2fhnzvhiiwizgvidwdjbmzvijp7imfwce5hbwuioijjq2fyx1nlcnzpy2vfq29uc29szsisimfwcfr5cguioijdb25zb2xliiwiyxbwtmftzxnwywnlijoiyyisimxvy2f0aw9uijoizm9yy2u6b2jqzwn0sg9tzurlc2t0b3ailcjzb2jqzwn0vhlwzsi6ikfjy291bnqifx0simdyb3vwswqioijeruzbvuxuin0sinn0yxrlijp7fx0%3d</small> </font> </div>
<div class="test-event"> <font color="maroon"> <small> &emsp; &emsp;--- 16 Oct 11:30:11 416 - <b>0</b> - Page Load Wait: (Sync) - ICar.support.Utils.waitForPageLoad(Utils.java:109)</small> </font> </div>
<div class="test-event"> <font color="maroon"> <small> &emsp; &emsp;--- 16 Oct 11:30:13 519 - Element is displayed:: [[ChromeDriver: chrome on WINDOWS (f2cc49eadbc28206a290ab7570999b45)] -> xpath: //div[contains(@class,'forceSearchResultsRegion')]//div[contains(@class,'resultsMultiWrapper')]/div/div[1]//following::h2//a]</small> </font> </div>
<div class="test-event"> <font color="maroon"> <small> &emsp; &emsp;--- 16 Oct 11:30:13 696 - Element is displayed:: [[ChromeDriver: chrome on WINDOWS (f2cc49eadbc28206a290ab7570999b45)] -> xpath: //a[text()='Contacts']]</small> </font> </div>
<div class="test-event"> <font color="maroon"> <small> &emsp; &emsp;--- 16 Oct 11:30:18 490 - Element is displayed:: [[ChromeDriver: chrome on WINDOWS (f2cc49eadbc28206a290ab7570999b45)] -> xpath: //div[text()='Contacts']//following :: table//tbody//th//span /a]</small> </font> </div>
<div class="test-event"> <font color="maroon"> <small> &emsp; &emsp;--- 16 Oct 11:30:19 069 - Page URL:: https://i-car--staging.sandbox.lightning.force.com/one/one.app#eyjjb21wb25lbnrezwyioijmb3jjzvnlyxjjadpzzwfyy2hqywdlrgvza3rvccisimf0dhjpynv0zxmionsidgvybsi6ijmxmze1ndgilcjzy29wzu1hcci6eyj0exblijoive9qx1jfu1vmvfmilcjuyw1lc3bhy2uioiiilcjsywjlbci6ilrvccbszxn1bhrziiwibgfizwxqbhvyywwioijub3agumvzdwx0cyisinjlc3vsdhndbxaioijmb3jjzvnlyxjjadpwcmvkawn0zwrszxn1bhrzin0simnvbnrlehqionsirklmvevsuyi6e30sinnlyxjjafnvdxjjzsi6ikftu0ltvefovf9esufmt0cilcjkaxnhymxlsw50zw50uxvlcnkiomzhbhnllcjkaxnhymxlu3blbgxdb3jyzwn0aw9uijpmywxzzswic2vhcmnorglhbg9nu2vzc2lvbklkijoizdm3mdhiodutmzixns0ym2q0ltkwnwmtzmm5ytzjm2fhnzvhiiwizgvidwdjbmzvijp7imfwce5hbwuioijjq2fyx1nlcnzpy2vfq29uc29szsisimfwcfr5cguioijdb25zb2xliiwiyxbwtmftzxnwywnlijoiyyisimxvy2f0aw9uijoizm9yy2u6b2jqzwn0sg9tzurlc2t0b3ailcjzb2jqzwn0vhlwzsi6ikfjy291bnqifx0simdyb3vwswqioijeruzbvuxuin0sinn0yxrlijp7fx0%3d</small> </font> </div>
<div class="test-event"> <font color="maroon"> <small> &emsp; &emsp;--- 16 Oct 11:30:19 070 - <b>0</b> - Page Load Wait: (Sync) - ICar.support.Utils.waitForPageLoad(Utils.java:109)</small> </font> </div>
<div class="test-event"> <font color="maroon"> <small> &emsp; &emsp;--- 16 Oct 11:30:19 431 - Page URL:: https://i-car--staging.sandbox.lightning.force.com/one/one.app#eyjjb21wb25lbnrezwyioijmb3jjzvnlyxjjadpzzwfyy2hqywdlrgvza3rvccisimf0dhjpynv0zxmionsidgvybsi6ijmxmze1ndgilcjzy29wzu1hcci6eyj0exblijoive9qx1jfu1vmvfmilcjuyw1lc3bhy2uioiiilcjsywjlbci6ilrvccbszxn1bhrziiwibgfizwxqbhvyywwioijub3agumvzdwx0cyisinjlc3vsdhndbxaioijmb3jjzvnlyxjjadpwcmvkawn0zwrszxn1bhrzin0simnvbnrlehqionsirklmvevsuyi6e30sinnlyxjjafnvdxjjzsi6ikftu0ltvefovf9esufmt0cilcjkaxnhymxlsw50zw50uxvlcnkiomzhbhnllcjkaxnhymxlu3blbgxdb3jyzwn0aw9uijpmywxzzswic2vhcmnorglhbg9nu2vzc2lvbklkijoizdm3mdhiodutmzixns0ym2q0ltkwnwmtzmm5ytzjm2fhnzvhiiwizgvidwdjbmzvijp7imfwce5hbwuioijjq2fyx1nlcnzpy2vfq29uc29szsisimfwcfr5cguioijdb25zb2xliiwiyxbwtmftzxnwywnlijoiyyisimxvy2f0aw9uijoizm9yy2u6b2jqzwn0sg9tzurlc2t0b3ailcjzb2jqzwn0vhlwzsi6ikfjy291bnqifx0simdyb3vwswqioijeruzbvuxuin0sinn0yxrlijp7fx0%3d</small> </font> </div>
<div class="test-event"> <font color="maroon"> <small> &emsp; &emsp;--- 16 Oct 11:30:19 431 - <b>0</b> - Page Load Wait: (Sync) - ICar.support.Utils.waitForPageLoad(Utils.java:109)</small> </font> </div>
<div class="test-event"> <font color="maroon"> <small> &emsp; &emsp;--- 16 Oct 11:30:21 508 - Element is displayed:: [[ChromeDriver: chrome on WINDOWS (f2cc49eadbc28206a290ab7570999b45)] -> xpath: //h1/slot/lightning-formatted-name]</small> </font> </div>
<div class="test-event"> <font color="maroon"> <small> &emsp; &emsp;--- 16 Oct 11:30:21 959 - Page URL:: https://i-car--staging.sandbox.lightning.force.com/lightning/r/contact/003vc00000d31abyaa/view</small> </font> </div>
<div class="test-event"> <font color="maroon"> <small> &emsp; &emsp;--- 16 Oct 11:30:21 959 - <b>0</b> - Page Load Wait: (Sync) - ICar.support.Utils.waitForPageLoad(Utils.java:109)</small> </font> </div>
<div class="test-event"> <font color="maroon"> <small> &emsp; &emsp;--- 16 Oct 11:30:27 499 - Page URL:: https://i-car--staging.sandbox.lightning.force.com/lightning/r/contact/003vc00000d31abyaa/view</small> </font> </div>
<div class="test-event"> <font color="maroon"> <small> &emsp; &emsp;--- 16 Oct 11:30:27 499 - <b>0</b> - Page Load Wait: (Sync) - ICar.support.Utils.waitForPageLoad(Utils.java:109)</small> </font> </div>
<div class="test-event"> <font color="maroon"> <small> &emsp; &emsp;--- 16 Oct 11:30:32 112 - Page URL:: https://i-car--staging.sandbox.lightning.force.com/lightning/r/contact/003vc00000d31abyaa/view</small> </font> </div>
<div class="test-event"> <font color="maroon"> <small> &emsp; &emsp;--- 16 Oct 11:30:32 112 - <b>0</b> - Page Load Wait: (Sync) - ICar.support.Utils.waitForPageLoad(Utils.java:109)</small> </font> </div>
<div class="test-event"> <font color="maroon"> <small> &emsp; &emsp;--- 16 Oct 11:30:37 477 - Page URL:: https://i-car--staging.sandbox.lightning.force.com/lightning/o/account/list?filtername=accounts</small> </font> </div>
<div class="test-event"> <font color="maroon"> <small> &emsp; &emsp;--- 16 Oct 11:30:37 478 - <b>0</b> - Page Load Wait: (Sync) - ICar.support.Utils.waitForPageLoad(Utils.java:109)</small> </font> </div>
<div class="test-message">&emsp;Close the tab</div>
<div class="test-event"> <font color="maroon"> <small> &emsp; &emsp;--- 16 Oct 11:30:42 969 - Page URL:: https://i-car--staging.sandbox.lightning.force.com/lightning/o/account/list?filtername=accounts</small> </font> </div>
<div class="test-event"> <font color="maroon"> <small> &emsp; &emsp;--- 16 Oct 11:30:42 969 - <b>0</b> - Page Load Wait: (Sync) - ICar.support.Utils.waitForPageLoad(Utils.java:109)</small> </font> </div>
<div class="test-event"> <font color="maroon"> <small> &emsp; &emsp;--- 16 Oct 11:30:43 026 - Element is displayed:: [[ChromeDriver: chrome on WINDOWS (f2cc49eadbc28206a290ab7570999b45)] -> css selector: button[class*='search-button']]</small> </font> </div>
<div class="test-event"> <font color="maroon"> <small> &emsp; &emsp;--- 16 Oct 11:30:45 119 - Catched spinner load exception due to Expected condition failed: waiting for ICar.support.WaitUtils$4@714addf7 (tried for 2 second(s) with 500 milliseconds interval)</small> </font> </div>
<div class="test-event"> <font color="maroon"> <small> &emsp; &emsp;--- 16 Oct 11:30:45 119 - <b>2</b> - Spinner Load Wait: (Sync) - ICar.support.WaitUtils.waitForSpinner(WaitUtils.java:225)</small> </font> </div>
<div class="test-event"> <font color="maroon"> <small> &emsp; &emsp;--- 16 Oct 11:30:48 215 - Element is displayed:: [[ChromeDriver: chrome on WINDOWS (f2cc49eadbc28206a290ab7570999b45)] -> css selector: button[class*='search-button']]</small> </font> </div>
<div class="test-event"> <font color="maroon"> <small> &emsp; &emsp;--- 16 Oct 11:30:48 755 - Page URL:: https://i-car--staging.sandbox.lightning.force.com/lightning/o/account/list?filtername=accounts</small> </font> </div>
<div class="test-event"> <font color="maroon"> <small> &emsp; &emsp;--- 16 Oct 11:30:48 755 - <b>0</b> - Page Load Wait: (Sync) - ICar.support.Utils.waitForPageLoad(Utils.java:109)</small> </font> </div>
<div class="test-event"> <font color="maroon"> <small> &emsp; &emsp;--- 16 Oct 11:31:08 250 - Catched spinner load exception due to Expected condition failed: waiting for ICar.support.WaitUtils$4@714addf7 (tried for 10 second(s) with 500 milliseconds interval)</small> </font> </div>
<div class="test-event"> <font color="maroon"> <small> &emsp; &emsp;--- 16 Oct 11:31:08 250 - <b>10</b> - Spinner Load Wait: (Sync) - ICar.support.WaitUtils.waitForSpinner(WaitUtils.java:225)</small> </font> </div>
<div class="test-event"> <font color="maroon"> <small> &emsp; &emsp;--- 16 Oct 11:31:09 040 - Page URL:: https://i-car--staging.sandbox.lightning.force.com/one/one.app#eyjjb21wb25lbnrezwyioijmb3jjzvnlyxjjadpzzwfyy2hqywdlrgvza3rvccisimf0dhjpynv0zxmionsidgvybsi6ildpbnnrawxsief1dg8gqm9kesisinnjb3bltwfwijp7inr5cguioijut1bfukvtvuxuuyisim5hbwvzcgfjzsi6iiisimxhymvsijoivg9wifjlc3vsdhmilcjsywjlbfbsdxjhbci6ilrvccbszxn1bhrziiwicmvzdwx0c0ntcci6imzvcmnlu2vhcmnoonbyzwrpy3rlzfjlc3vsdhmifswiy29udgv4dci6eyjgsuxurvjtijp7fswic2vhcmnou291cmnlijoiqvntsvnuqu5ux0rjquxpryisimrpc2fibgvjbnrlbnrrdwvyesi6zmfsc2usimrpc2fibgvtcgvsbenvcnjly3rpb24iomzhbhnllcjzzwfyy2heawfsb2dtzxnzaw9uswqioiizyzrhmgyxms0xy2iwlwiyntmtzwzhns02nda3nmnmnjaxn2uilcjkzwj1z0luzm8ionsiyxbwtmftzsi6ikldyxjfu2vydmljzv9db25zb2xliiwiyxbwvhlwzsi6iknvbnnvbguilcjhchboyw1lc3bhy2uioijjiiwibg9jyxrpb24ioijmb3jjztpvymply3rib21lrgvza3rvccisinnvymply3ruexblijoiqwnjb3vudcj9fswiz3jvdxbjzci6ikrfrkfvtfqifswic3rhdguiont9fq%3d%3d</small> </font> </div>
<div class="test-event"> <font color="maroon"> <small> &emsp; &emsp;--- 16 Oct 11:31:09 040 - <b>0</b> - Page Load Wait: (Sync) - ICar.support.Utils.waitForPageLoad(Utils.java:109)</small> </font> </div>
<div class="test-event"> <font color="maroon"> <small> &emsp; &emsp;--- 16 Oct 11:31:20 055 - Catched spinner load exception due to Expected condition failed: waiting for ICar.support.WaitUtils$4@714addf7 (tried for 11 second(s) with 500 milliseconds interval)</small> </font> </div>
<div class="test-event"> <font color="maroon"> <small> &emsp; &emsp;--- 16 Oct 11:31:20 055 - <b>11</b> - Spinner Load Wait: (Sync) - ICar.support.WaitUtils.waitForSpinner(WaitUtils.java:225)</small> </font> </div>
<div class="test-event"> <font color="maroon"> <small> &emsp; &emsp;--- 16 Oct 11:31:20 797 - Page URL:: https://i-car--staging.sandbox.lightning.force.com/one/one.app#eyjjb21wb25lbnrezwyioijmb3jjzvnlyxjjadpzzwfyy2hqywdlrgvza3rvccisimf0dhjpynv0zxmionsidgvybsi6ildpbnnrawxsief1dg8gqm9kesisinnjb3bltwfwijp7inr5cguioijut1bfukvtvuxuuyisim5hbwvzcgfjzsi6iiisimxhymvsijoivg9wifjlc3vsdhmilcjsywjlbfbsdxjhbci6ilrvccbszxn1bhrziiwicmvzdwx0c0ntcci6imzvcmnlu2vhcmnoonbyzwrpy3rlzfjlc3vsdhmifswiy29udgv4dci6eyjgsuxurvjtijp7fswic2vhcmnou291cmnlijoiqvntsvnuqu5ux0rjquxpryisimrpc2fibgvjbnrlbnrrdwvyesi6zmfsc2usimrpc2fibgvtcgvsbenvcnjly3rpb24iomzhbhnllcjzzwfyy2heawfsb2dtzxnzaw9uswqioiizyzrhmgyxms0xy2iwlwiyntmtzwzhns02nda3nmnmnjaxn2uilcjkzwj1z0luzm8ionsiyxbwtmftzsi6ikldyxjfu2vydmljzv9db25zb2xliiwiyxbwvhlwzsi6iknvbnnvbguilcjhchboyw1lc3bhy2uioijjiiwibg9jyxrpb24ioijmb3jjztpvymply3rib21lrgvza3rvccisinnvymply3ruexblijoiqwnjb3vudcj9fswiz3jvdxbjzci6ikrfrkfvtfqifswic3rhdguiont9fq%3d%3d</small> </font> </div>
<div class="test-event"> <font color="maroon"> <small> &emsp; &emsp;--- 16 Oct 11:31:20 798 - <b>0</b> - Page Load Wait: (Sync) - ICar.support.Utils.waitForPageLoad(Utils.java:109)</small> </font> </div>
<div class="test-event"> <font color="maroon"> <small> &emsp; &emsp;--- 16 Oct 11:31:20 861 - Element is displayed:: [[ChromeDriver: chrome on WINDOWS (f2cc49eadbc28206a290ab7570999b45)] -> xpath: //a[@title='Top Results']//span[text()='Top Results']]</small> </font> </div>
<div class="test-event"> <font color="maroon"> <small> &emsp; &emsp;--- 16 Oct 11:31:21 251 - Page URL:: https://i-car--staging.sandbox.lightning.force.com/one/one.app#eyjjb21wb25lbnrezwyioijmb3jjzvnlyxjjadpzzwfyy2hqywdlrgvza3rvccisimf0dhjpynv0zxmionsidgvybsi6ildpbnnrawxsief1dg8gqm9kesisinnjb3bltwfwijp7inr5cguioijut1bfukvtvuxuuyisim5hbwvzcgfjzsi6iiisimxhymvsijoivg9wifjlc3vsdhmilcjsywjlbfbsdxjhbci6ilrvccbszxn1bhrziiwicmvzdwx0c0ntcci6imzvcmnlu2vhcmnoonbyzwrpy3rlzfjlc3vsdhmifswiy29udgv4dci6eyjgsuxurvjtijp7fswic2vhcmnou291cmnlijoiqvntsvnuqu5ux0rjquxpryisimrpc2fibgvjbnrlbnrrdwvyesi6zmfsc2usimrpc2fibgvtcgvsbenvcnjly3rpb24iomzhbhnllcjzzwfyy2heawfsb2dtzxnzaw9uswqioiizyzrhmgyxms0xy2iwlwiyntmtzwzhns02nda3nmnmnjaxn2uilcjkzwj1z0luzm8ionsiyxbwtmftzsi6ikldyxjfu2vydmljzv9db25zb2xliiwiyxbwvhlwzsi6iknvbnnvbguilcjhchboyw1lc3bhy2uioijjiiwibg9jyxrpb24ioijmb3jjztpvymply3rib21lrgvza3rvccisinnvymply3ruexblijoiqwnjb3vudcj9fswiz3jvdxbjzci6ikrfrkfvtfqifswic3rhdguiont9fq%3d%3d</small> </font> </div>
<div class="test-event"> <font color="maroon"> <small> &emsp; &emsp;--- 16 Oct 11:31:21 251 - <b>0</b> - Page Load Wait: (Sync) - ICar.support.Utils.waitForPageLoad(Utils.java:109)</small> </font> </div>
<div class="test-event"> <font color="maroon"> <small> &emsp; &emsp;--- 16 Oct 11:31:26 252 - Catched spinner load exception due to Expected condition failed: waiting for ICar.support.WaitUtils$4@714addf7 (tried for 5 second(s) with 500 milliseconds interval)</small> </font> </div>
<div class="test-event"> <font color="maroon"> <small> &emsp; &emsp;--- 16 Oct 11:31:26 252 - <b>5</b> - Spinner Load Wait: (Sync) - ICar.support.WaitUtils.waitForSpinner(WaitUtils.java:225)</small> </font> </div>
<div class="test-event"> <font color="maroon"> <small> &emsp; &emsp;--- 16 Oct 11:31:26 985 - Page URL:: https://i-car--staging.sandbox.lightning.force.com/one/one.app#eyjjb21wb25lbnrezwyioijmb3jjzvnlyxjjadpzzwfyy2hqywdlrgvza3rvccisimf0dhjpynv0zxmionsidgvybsi6ildpbnnrawxsief1dg8gqm9kesisinnjb3bltwfwijp7inr5cguioijut1bfukvtvuxuuyisim5hbwvzcgfjzsi6iiisimxhymvsijoivg9wifjlc3vsdhmilcjsywjlbfbsdxjhbci6ilrvccbszxn1bhrziiwicmvzdwx0c0ntcci6imzvcmnlu2vhcmnoonbyzwrpy3rlzfjlc3vsdhmifswiy29udgv4dci6eyjgsuxurvjtijp7fswic2vhcmnou291cmnlijoiqvntsvnuqu5ux0rjquxpryisimrpc2fibgvjbnrlbnrrdwvyesi6zmfsc2usimrpc2fibgvtcgvsbenvcnjly3rpb24iomzhbhnllcjzzwfyy2heawfsb2dtzxnzaw9uswqioiizyzrhmgyxms0xy2iwlwiyntmtzwzhns02nda3nmnmnjaxn2uilcjkzwj1z0luzm8ionsiyxbwtmftzsi6ikldyxjfu2vydmljzv9db25zb2xliiwiyxbwvhlwzsi6iknvbnnvbguilcjhchboyw1lc3bhy2uioijjiiwibg9jyxrpb24ioijmb3jjztpvymply3rib21lrgvza3rvccisinnvymply3ruexblijoiqwnjb3vudcj9fswiz3jvdxbjzci6ikrfrkfvtfqifswic3rhdguiont9fq%3d%3d</small> </font> </div>
<div class="test-event"> <font color="maroon"> <small> &emsp; &emsp;--- 16 Oct 11:31:26 985 - <b>0</b> - Page Load Wait: (Sync) - ICar.support.Utils.waitForPageLoad(Utils.java:109)</small> </font> </div>
<div class="test-event"> <font color="maroon"> <small> &emsp; &emsp;--- 16 Oct 11:31:27 713 - Page URL:: https://i-car--staging.sandbox.lightning.force.com/one/one.app#eyjjb21wb25lbnrezwyioijmb3jjzvnlyxjjadpzzwfyy2hqywdlrgvza3rvccisimf0dhjpynv0zxmionsidgvybsi6ildpbnnrawxsief1dg8gqm9kesisinnjb3bltwfwijp7inr5cguioijut1bfukvtvuxuuyisim5hbwvzcgfjzsi6iiisimxhymvsijoivg9wifjlc3vsdhmilcjsywjlbfbsdxjhbci6ilrvccbszxn1bhrziiwicmvzdwx0c0ntcci6imzvcmnlu2vhcmnoonbyzwrpy3rlzfjlc3vsdhmifswiy29udgv4dci6eyjgsuxurvjtijp7fswic2vhcmnou291cmnlijoiqvntsvnuqu5ux0rjquxpryisimrpc2fibgvjbnrlbnrrdwvyesi6zmfsc2usimrpc2fibgvtcgvsbenvcnjly3rpb24iomzhbhnllcjzzwfyy2heawfsb2dtzxnzaw9uswqioiizyzrhmgyxms0xy2iwlwiyntmtzwzhns02nda3nmnmnjaxn2uilcjkzwj1z0luzm8ionsiyxbwtmftzsi6ikldyxjfu2vydmljzv9db25zb2xliiwiyxbwvhlwzsi6iknvbnnvbguilcjhchboyw1lc3bhy2uioijjiiwibg9jyxrpb24ioijmb3jjztpvymply3rib21lrgvza3rvccisinnvymply3ruexblijoiqwnjb3vudcj9fswiz3jvdxbjzci6ikrfrkfvtfqifswic3rhdguiont9fq%3d%3d</small> </font> </div>
<div class="test-event"> <font color="maroon"> <small> &emsp; &emsp;--- 16 Oct 11:31:27 713 - <b>0</b> - Page Load Wait: (Sync) - ICar.support.Utils.waitForPageLoad(Utils.java:109)</small> </font> </div>
<div class="test-event"> <font color="maroon"> <small> &emsp; &emsp;--- 16 Oct 11:31:28 430 - Page URL:: https://i-car--staging.sandbox.lightning.force.com/one/one.app#eyjjb21wb25lbnrezwyioijmb3jjzvnlyxjjadpzzwfyy2hqywdlrgvza3rvccisimf0dhjpynv0zxmionsidgvybsi6ildpbnnrawxsief1dg8gqm9kesisinnjb3bltwfwijp7inr5cguioijut1bfukvtvuxuuyisim5hbwvzcgfjzsi6iiisimxhymvsijoivg9wifjlc3vsdhmilcjsywjlbfbsdxjhbci6ilrvccbszxn1bhrziiwicmvzdwx0c0ntcci6imzvcmnlu2vhcmnoonbyzwrpy3rlzfjlc3vsdhmifswiy29udgv4dci6eyjgsuxurvjtijp7fswic2vhcmnou291cmnlijoiqvntsvnuqu5ux0rjquxpryisimrpc2fibgvjbnrlbnrrdwvyesi6zmfsc2usimrpc2fibgvtcgvsbenvcnjly3rpb24iomzhbhnllcjzzwfyy2heawfsb2dtzxnzaw9uswqioiizyzrhmgyxms0xy2iwlwiyntmtzwzhns02nda3nmnmnjaxn2uilcjkzwj1z0luzm8ionsiyxbwtmftzsi6ikldyxjfu2vydmljzv9db25zb2xliiwiyxbwvhlwzsi6iknvbnnvbguilcjhchboyw1lc3bhy2uioijjiiwibg9jyxrpb24ioijmb3jjztpvymply3rib21lrgvza3rvccisinnvymply3ruexblijoiqwnjb3vudcj9fswiz3jvdxbjzci6ikrfrkfvtfqifswic3rhdguiont9fq%3d%3d</small> </font> </div>
<div class="test-event"> <font color="maroon"> <small> &emsp; &emsp;--- 16 Oct 11:31:28 431 - <b>0</b> - Page Load Wait: (Sync) - ICar.support.Utils.waitForPageLoad(Utils.java:109)</small> </font> </div>
<div class="test-event"> <font color="maroon"> <small> &emsp; &emsp;--- 16 Oct 11:31:38 831 - Catched spinner load exception due to Expected condition failed: waiting for ICar.support.WaitUtils$4@714addf7 (tried for 10 second(s) with 500 milliseconds interval)</small> </font> </div>
<div class="test-event"> <font color="maroon"> <small> &emsp; &emsp;--- 16 Oct 11:31:38 832 - <b>10</b> - Spinner Load Wait: (Sync) - ICar.support.WaitUtils.waitForSpinner(WaitUtils.java:225)</small> </font> </div>
<div class="test-event"> <font color="maroon"> <small> &emsp; &emsp;--- 16 Oct 11:31:38 880 - Element is displayed:: [[ChromeDriver: chrome on WINDOWS (f2cc49eadbc28206a290ab7570999b45)] -> css selector: div.forceSearchResultsRegion div.resultsMultiWrapper >div > div table tbody th a]</small> </font> </div>
<div class="test-event"> <font color="maroon"> <small> &emsp; &emsp;--- 16 Oct 11:31:38 988 - Element is displayed:: [[ChromeDriver: chrome on WINDOWS (f2cc49eadbc28206a290ab7570999b45)] -> css selector: div.forceSearchResultsRegion div.resultsMultiWrapper >div > div table tbody th a]</small> </font> </div>
<div class="test-event"> <font color="maroon"> <small> &emsp; &emsp;--- 16 Oct 11:31:39 973 - Page URL:: https://i-car--staging.sandbox.lightning.force.com/one/one.app#eyjjb21wb25lbnrezwyioijmb3jjzvnlyxjjadpzzwfyy2hqywdlrgvza3rvccisimf0dhjpynv0zxmionsidgvybsi6ildpbnnrawxsief1dg8gqm9kesisinnjb3bltwfwijp7inr5cguioijut1bfukvtvuxuuyisim5hbwvzcgfjzsi6iiisimxhymvsijoivg9wifjlc3vsdhmilcjsywjlbfbsdxjhbci6ilrvccbszxn1bhrziiwicmvzdwx0c0ntcci6imzvcmnlu2vhcmnoonbyzwrpy3rlzfjlc3vsdhmifswiy29udgv4dci6eyjgsuxurvjtijp7fswic2vhcmnou291cmnlijoiqvntsvnuqu5ux0rjquxpryisimrpc2fibgvjbnrlbnrrdwvyesi6zmfsc2usimrpc2fibgvtcgvsbenvcnjly3rpb24iomzhbhnllcjzzwfyy2heawfsb2dtzxnzaw9uswqioiizyzrhmgyxms0xy2iwlwiyntmtzwzhns02nda3nmnmnjaxn2uilcjkzwj1z0luzm8ionsiyxbwtmftzsi6ikldyxjfu2vydmljzv9db25zb2xliiwiyxbwvhlwzsi6iknvbnnvbguilcjhchboyw1lc3bhy2uioijjiiwibg9jyxrpb24ioijmb3jjztpvymply3rib21lrgvza3rvccisinnvymply3ruexblijoiqwnjb3vudcj9fswiz3jvdxbjzci6ikrfrkfvtfqifswic3rhdguiont9fq%3d%3d</small> </font> </div>
<div class="test-event"> <font color="maroon"> <small> &emsp; &emsp;--- 16 Oct 11:31:39 973 - <b>0</b> - Page Load Wait: (Sync) - ICar.support.Utils.waitForPageLoad(Utils.java:109)</small> </font> </div>
<div class="test-event"> <font color="maroon"> <small> &emsp; &emsp;--- 16 Oct 11:31:55 390 - Catched spinner load exception due to Expected condition failed: waiting for ICar.support.WaitUtils$4@714addf7 (tried for 15 second(s) with 500 milliseconds interval)</small> </font> </div>
<div class="test-event"> <font color="maroon"> <small> &emsp; &emsp;--- 16 Oct 11:31:55 390 - <b>15</b> - Spinner Load Wait: (Sync) - ICar.support.WaitUtils.waitForSpinner(WaitUtils.java:225)</small> </font> </div>
<div class="test-event"> <font color="maroon"> <small> &emsp; &emsp;--- 16 Oct 11:31:56 091 - Page URL:: https://i-car--staging.sandbox.lightning.force.com/lightning/r/account/0011i00000uwexiqae/view</small> </font> </div>
<div class="test-event"> <font color="maroon"> <small> &emsp; &emsp;--- 16 Oct 11:31:56 091 - <b>0</b> - Page Load Wait: (Sync) - ICar.support.Utils.waitForPageLoad(Utils.java:109)</small> </font> </div>
<div class="test-event"> <font color="maroon"> <small> &emsp; &emsp;--- 16 Oct 11:31:58 228 - Element is displayed:: [[ChromeDriver: chrome on WINDOWS (f2cc49eadbc28206a290ab7570999b45)] -> xpath: //button[normalize-space()='Roster']]</small> </font> </div>
<div class="test-event"> <font color="maroon"> <small> &emsp; &emsp;--- 16 Oct 11:31:58 970 - Page URL:: https://i-car--staging.sandbox.lightning.force.com/lightning/r/account/0011i00000uwexiqae/view</small> </font> </div>
<div class="test-event"> <font color="maroon"> <small> &emsp; &emsp;--- 16 Oct 11:31:58 970 - <b>0</b> - Page Load Wait: (Sync) - ICar.support.Utils.waitForPageLoad(Utils.java:109)</small> </font> </div>
<div class="test-event"> <font color="maroon"> <small> &emsp; &emsp;--- 16 Oct 11:31:59 763 - Page URL:: https://i-car--staging.sandbox.lightning.force.com/one/one.app#eyjjb21wb25lbnrezwyioijvbmu6ywxvagfqywdliiwiyxr0cmlidxrlcyi6eyjhzgryzxnzijoiahr0chm6ly9plwnhci0tc3rhz2luzy0tyy5zyw5kym94lnzmlmzvcmnllmnvbs9hcgv4l1jvc3rlck1hbmfnzw1lbnq%2fswq9mdaxmukwmdawmhv3rxhpin0sinn0yxrlijp7indzijoil2xpz2h0bmluzy9yl0fjy291bnqvmdaxmukwmdawmhv3rxhpuuffl3zpzxcifx0%3d</small> </font> </div>
<div class="test-event"> <font color="maroon"> <small> &emsp; &emsp;--- 16 Oct 11:31:59 763 - <b>0</b> - Page Load Wait: (Sync) - ICar.support.Utils.waitForPageLoad(Utils.java:109)</small> </font> </div>
<div class="test-event"> <font color="maroon"> <small> &emsp; &emsp;--- 16 Oct 11:32:15 141 - Catched spinner load exception due to Expected condition failed: waiting for ICar.support.WaitUtils$4@714addf7 (tried for 15 second(s) with 500 milliseconds interval)</small> </font> </div>
<div class="test-event"> <font color="maroon"> <small> &emsp; &emsp;--- 16 Oct 11:32:15 141 - <b>15</b> - Spinner Load Wait: (Sync) - ICar.support.WaitUtils.waitForSpinner(WaitUtils.java:225)</small> </font> </div>
<div class="test-event"> <font color="maroon"> <small> &emsp; &emsp;--- 16 Oct 11:32:15 851 - Page URL:: https://i-car--staging.sandbox.lightning.force.com/one/one.app#eyjjb21wb25lbnrezwyioijvbmu6ywxvagfqywdliiwiyxr0cmlidxrlcyi6eyjhzgryzxnzijoiahr0chm6ly9plwnhci0tc3rhz2luzy0tyy5zyw5kym94lnzmlmzvcmnllmnvbs9hcgv4l1jvc3rlck1hbmfnzw1lbnq%2fswq9mdaxmukwmdawmhv3rxhpin0sinn0yxrlijp7indzijoil2xpz2h0bmluzy9yl0fjy291bnqvmdaxmukwmdawmhv3rxhpuuffl3zpzxcifx0%3d</small> </font> </div>
<div class="test-event"> <font color="maroon"> <small> &emsp; &emsp;--- 16 Oct 11:32:15 851 - <b>0</b> - Page Load Wait: (Sync) - ICar.support.Utils.waitForPageLoad(Utils.java:109)</small> </font> </div>
<div class="test-event"> <font color="maroon"> <small> &emsp; &emsp;--- 16 Oct 11:32:26 336 - Catched spinner load exception due to Expected condition failed: waiting for ICar.support.WaitUtils$4@714addf7 (tried for 10 second(s) with 500 milliseconds interval)</small> </font> </div>
<div class="test-event"> <font color="maroon"> <small> &emsp; &emsp;--- 16 Oct 11:32:26 336 - <b>10</b> - Spinner Load Wait: (Sync) - ICar.support.WaitUtils.waitForSpinner(WaitUtils.java:225)</small> </font> </div>
<div class="test-event"> <font color="maroon"> <small> &emsp; &emsp;--- 16 Oct 11:32:31 465 - Element is displayed:: [[ChromeDriver: chrome on WINDOWS (f2cc49eadbc28206a290ab7570999b45)] -> xpath: //button[text()='Add Employee']]</small> </font> </div>
<div class="test-event"> <font color="maroon"> <small> &emsp; &emsp;--- 16 Oct 11:32:36 709 - Element is displayed:: [[ChromeDriver: chrome on WINDOWS (f2cc49eadbc28206a290ab7570999b45)] -> xpath: //div[@class='slds-input-has-icon slds-input-has-icon--right']/div[2]/input]</small> </font> </div>
<div class="test-event"> <font color="maroon"> <small> &emsp; &emsp;--- 16 Oct 11:32:42 127 - Element is displayed:: [[ChromeDriver: chrome on WINDOWS (f2cc49eadbc28206a290ab7570999b45)] -> xpath: //div[@class='slds-lookup__result-text']/a]</small> </font> </div>
<div class="test-event"> <font color="maroon"> <small> &emsp; &emsp;--- 16 Oct 11:32:49 449 - Element is displayed:: [[ChromeDriver: chrome on WINDOWS (f2cc49eadbc28206a290ab7570999b45)] -> xpath: (//div[@class='form-element uiInput uiInputDate uiInput--default uiInput--input uiInput--datetime']/input)[1]]</small> </font> </div>
<div class="test-event"> <font color="maroon"> <small> &emsp; &emsp;--- 16 Oct 11:32:56 711 - Element is displayed:: [[ChromeDriver: chrome on WINDOWS (f2cc49eadbc28206a290ab7570999b45)] -> xpath: (//select[@name='controllerFld'])[last()]]</small> </font> </div>
<div class="test-event"> <font color="maroon"> <small> &emsp; &emsp;--- 16 Oct 11:33:06 017 - Element is displayed:: [[ChromeDriver: chrome on WINDOWS (f2cc49eadbc28206a290ab7570999b45)] -> xpath: (//div[@class='form-element uiInput uiInputDate uiInput--default uiInput--input uiInput--datetime']/input)[5]]</small> </font> </div>
<div class="test-event"> <font color="maroon"> <small> &emsp; &emsp;--- 16 Oct 11:33:11 211 - Element is displayed:: [[ChromeDriver: chrome on WINDOWS (f2cc49eadbc28206a290ab7570999b45)] -> xpath: (//div[@class='form-element uiInput uiInputDate uiInput--default uiInput--input uiInput--datetime']/input)[6]]</small> </font> </div>
<div class="test-event"> <font color="maroon"> <small> &emsp; &emsp;--- 16 Oct 11:33:16 439 - Element is displayed:: [[ChromeDriver: chrome on WINDOWS (f2cc49eadbc28206a290ab7570999b45)] -> xpath: //button[text()='Save Employee']]</small> </font> </div>
<div class="test-event"> <font color="maroon"> <small> &emsp; &emsp;--- 16 Oct 11:33:22 283 - Page URL:: https://i-car--staging.sandbox.lightning.force.com/one/one.app#eyjjb21wb25lbnrezwyioijvbmu6ywxvagfqywdliiwiyxr0cmlidxrlcyi6eyjhzgryzxnzijoiahr0chm6ly9plwnhci0tc3rhz2luzy0tyy5zyw5kym94lnzmlmzvcmnllmnvbs9hcgv4l1jvc3rlck1hbmfnzw1lbnq%2fswq9mdaxmukwmdawmhv3rxhpin0sinn0yxrlijp7indzijoil2xpz2h0bmluzy9yl0fjy291bnqvmdaxmukwmdawmhv3rxhpuuffl3zpzxcifx0%3d</small> </font> </div>
<div class="test-event"> <font color="maroon"> <small> &emsp; &emsp;--- 16 Oct 11:33:22 284 - <b>0</b> - Page Load Wait: (Sync) - ICar.support.Utils.waitForPageLoad(Utils.java:109)</small> </font> </div>
<div class="test-event"> <font color="maroon"> <small> &emsp; &emsp;--- 16 Oct 11:33:54 086 - Page URL:: https://i-car--staging.sandbox.lightning.force.com/one/one.app#eyjjb21wb25lbnrezwyioijvbmu6ywxvagfqywdliiwiyxr0cmlidxrlcyi6eyjhzgryzxnzijoiahr0chm6ly9plwnhci0tc3rhz2luzy0tyy5zyw5kym94lnzmlmzvcmnllmnvbs9hcgv4l1jvc3rlck1hbmfnzw1lbnq%2fswq9mdaxmukwmdawmhv3rxhpin0sinn0yxrlijp7indzijoil2xpz2h0bmluzy9yl0fjy291bnqvmdaxmukwmdawmhv3rxhpuuffl3zpzxcifx0%3d</small> </font> </div>
<div class="test-event"> <font color="maroon"> <small> &emsp; &emsp;--- 16 Oct 11:33:54 086 - <b>0</b> - Page Load Wait: (Sync) - ICar.support.Utils.waitForPageLoad(Utils.java:109)</small> </font> </div>
<div class="test-event"> <font color="maroon"> <small> &emsp; &emsp;--- 16 Oct 11:33:59 773 - Page URL:: https://i-car--staging.sandbox.lightning.force.com/one/one.app#eyjjb21wb25lbnrezwyioijvbmu6ywxvagfqywdliiwiyxr0cmlidxrlcyi6eyjhzgryzxnzijoiahr0chm6ly9plwnhci0tc3rhz2luzy0tyy5zyw5kym94lnzmlmzvcmnllmnvbs9hcgv4l1jvc3rlck1hbmfnzw1lbnq%2fswq9mdaxmukwmdawmhv3rxhpin0sinn0yxrlijp7indzijoil2xpz2h0bmluzy9yl0fjy291bnqvmdaxmukwmdawmhv3rxhpuuffl3zpzxcifx0%3d</small> </font> </div>
<div class="test-event"> <font color="maroon"> <small> &emsp; &emsp;--- 16 Oct 11:33:59 773 - <b>0</b> - Page Load Wait: (Sync) - ICar.support.Utils.waitForPageLoad(Utils.java:109)</small> </font> </div>
<div class="test-message">&emsp;Close the tab</div>
<div class="test-event"> <font color="maroon"> <small> &emsp; &emsp;--- 16 Oct 11:34:05 433 - Page URL:: https://i-car--staging.sandbox.lightning.force.com/lightning/o/account/list?filtername=accounts</small> </font> </div>
<div class="test-event"> <font color="maroon"> <small> &emsp; &emsp;--- 16 Oct 11:34:05 433 - <b>0</b> - Page Load Wait: (Sync) - ICar.support.Utils.waitForPageLoad(Utils.java:109)</small> </font> </div>
<div class="test-event"> <font color="maroon"> <small> &emsp; &emsp;--- 16 Oct 11:34:10 783 - Page URL:: https://i-car--staging.sandbox.lightning.force.com/lightning/o/account/list?filtername=accounts</small> </font> </div>
<div class="test-event"> <font color="maroon"> <small> &emsp; &emsp;--- 16 Oct 11:34:10 783 - <b>0</b> - Page Load Wait: (Sync) - ICar.support.Utils.waitForPageLoad(Utils.java:109)</small> </font> </div>
<div class="test-message">&emsp;Close the tab</div>
<div class="test-event"> <font color="maroon"> <small> &emsp; &emsp;--- 16 Oct 11:34:16 481 - Page URL:: https://i-car--staging.sandbox.lightning.force.com/lightning/o/account/list?filtername=accounts</small> </font> </div>
<div class="test-event"> <font color="maroon"> <small> &emsp; &emsp;--- 16 Oct 11:34:16 481 - <b>0</b> - Page Load Wait: (Sync) - ICar.support.Utils.waitForPageLoad(Utils.java:109)</small> </font> </div>
<div class="test-event"> <font color="maroon"> <small> &emsp; &emsp;--- 16 Oct 11:34:16 581 - Element is displayed:: [[ChromeDriver: chrome on WINDOWS (f2cc49eadbc28206a290ab7570999b45)] -> css selector: button[class*='search-button']]</small> </font> </div>
<div class="test-event"> <font color="maroon"> <small> &emsp; &emsp;--- 16 Oct 11:34:18 679 - Catched spinner load exception due to Expected condition failed: waiting for ICar.support.WaitUtils$4@714addf7 (tried for 2 second(s) with 500 milliseconds interval)</small> </font> </div>
<div class="test-event"> <font color="maroon"> <small> &emsp; &emsp;--- 16 Oct 11:34:18 679 - <b>2</b> - Spinner Load Wait: (Sync) - ICar.support.WaitUtils.waitForSpinner(WaitUtils.java:225)</small> </font> </div>
<div class="test-event"> <font color="maroon"> <small> &emsp; &emsp;--- 16 Oct 11:34:21 747 - Element is displayed:: [[ChromeDriver: chrome on WINDOWS (f2cc49eadbc28206a290ab7570999b45)] -> css selector: button[class*='search-button']]</small> </font> </div>
<div class="test-event"> <font color="maroon"> <small> &emsp; &emsp;--- 16 Oct 11:34:22 385 - Page URL:: https://i-car--staging.sandbox.lightning.force.com/lightning/o/account/list?filtername=accounts</small> </font> </div>
<div class="test-event"> <font color="maroon"> <small> &emsp; &emsp;--- 16 Oct 11:34:22 385 - <b>0</b> - Page Load Wait: (Sync) - ICar.support.Utils.waitForPageLoad(Utils.java:109)</small> </font> </div>
<div class="test-event"> <font color="maroon"> <small> &emsp; &emsp;--- 16 Oct 11:34:41 808 - Catched spinner load exception due to Expected condition failed: waiting for ICar.support.WaitUtils$4@714addf7 (tried for 10 second(s) with 500 milliseconds interval)</small> </font> </div>
<div class="test-event"> <font color="maroon"> <small> &emsp; &emsp;--- 16 Oct 11:34:41 808 - <b>10</b> - Spinner Load Wait: (Sync) - ICar.support.WaitUtils.waitForSpinner(WaitUtils.java:225)</small> </font> </div>
<div class="test-event"> <font color="maroon"> <small> &emsp; &emsp;--- 16 Oct 11:34:42 416 - Page URL:: https://i-car--staging.sandbox.lightning.force.com/one/one.app#eyjjb21wb25lbnrezwyioijmb3jjzvnlyxjjadpzzwfyy2hqywdlrgvza3rvccisimf0dhjpynv0zxmionsidgvybsi6iji4nzmzmjqilcjzy29wzu1hcci6eyj0exblijoive9qx1jfu1vmvfmilcjuyw1lc3bhy2uioiiilcjsywjlbci6ilrvccbszxn1bhrziiwibgfizwxqbhvyywwioijub3agumvzdwx0cyisinjlc3vsdhndbxaioijmb3jjzvnlyxjjadpwcmvkawn0zwrszxn1bhrzin0simnvbnrlehqionsirklmvevsuyi6e30sinnlyxjjafnvdxjjzsi6ikftu0ltvefovf9esufmt0cilcjkaxnhymxlsw50zw50uxvlcnkiomzhbhnllcjkaxnhymxlu3blbgxdb3jyzwn0aw9uijpmywxzzswic2vhcmnorglhbg9nu2vzc2lvbklkijoizwuxodlintgtmmi3ms05nwnmltyzztatztzjmtvjzte2mdriiiwizgvidwdjbmzvijp7imfwce5hbwuioijjq2fyx1nlcnzpy2vfq29uc29szsisimfwcfr5cguioijdb25zb2xliiwiyxbwtmftzxnwywnlijoiyyisimxvy2f0aw9uijoizm9yy2u6b2jqzwn0sg9tzurlc2t0b3ailcjzb2jqzwn0vhlwzsi6ikfjy291bnqifx0simdyb3vwswqioijeruzbvuxuin0sinn0yxrlijp7fx0%3d</small> </font> </div>
<div class="test-event"> <font color="maroon"> <small> &emsp; &emsp;--- 16 Oct 11:34:42 416 - <b>0</b> - Page Load Wait: (Sync) - ICar.support.Utils.waitForPageLoad(Utils.java:109)</small> </font> </div>
<div class="test-event"> <font color="maroon"> <small> &emsp; &emsp;--- 16 Oct 11:34:53 885 - Catched spinner load exception due to Expected condition failed: waiting for ICar.support.WaitUtils$4@714addf7 (tried for 11 second(s) with 500 milliseconds interval)</small> </font> </div>
<div class="test-event"> <font color="maroon"> <small> &emsp; &emsp;--- 16 Oct 11:34:53 885 - <b>11</b> - Spinner Load Wait: (Sync) - ICar.support.WaitUtils.waitForSpinner(WaitUtils.java:225)</small> </font> </div>
<div class="test-event"> <font color="maroon"> <small> &emsp; &emsp;--- 16 Oct 11:34:54 472 - Page URL:: https://i-car--staging.sandbox.lightning.force.com/one/one.app#eyjjb21wb25lbnrezwyioijmb3jjzvnlyxjjadpzzwfyy2hqywdlrgvza3rvccisimf0dhjpynv0zxmionsidgvybsi6iji4nzmzmjqilcjzy29wzu1hcci6eyj0exblijoive9qx1jfu1vmvfmilcjuyw1lc3bhy2uioiiilcjsywjlbci6ilrvccbszxn1bhrziiwibgfizwxqbhvyywwioijub3agumvzdwx0cyisinjlc3vsdhndbxaioijmb3jjzvnlyxjjadpwcmvkawn0zwrszxn1bhrzin0simnvbnrlehqionsirklmvevsuyi6e30sinnlyxjjafnvdxjjzsi6ikftu0ltvefovf9esufmt0cilcjkaxnhymxlsw50zw50uxvlcnkiomzhbhnllcjkaxnhymxlu3blbgxdb3jyzwn0aw9uijpmywxzzswic2vhcmnorglhbg9nu2vzc2lvbklkijoizwuxodlintgtmmi3ms05nwnmltyzztatztzjmtvjzte2mdriiiwizgvidwdjbmzvijp7imfwce5hbwuioijjq2fyx1nlcnzpy2vfq29uc29szsisimfwcfr5cguioijdb25zb2xliiwiyxbwtmftzxnwywnlijoiyyisimxvy2f0aw9uijoizm9yy2u6b2jqzwn0sg9tzurlc2t0b3ailcjzb2jqzwn0vhlwzsi6ikfjy291bnqifx0simdyb3vwswqioijeruzbvuxuin0sinn0yxrlijp7fx0%3d</small> </font> </div>
<div class="test-event"> <font color="maroon"> <small> &emsp; &emsp;--- 16 Oct 11:34:54 472 - <b>0</b> - Page Load Wait: (Sync) - ICar.support.Utils.waitForPageLoad(Utils.java:109)</small> </font> </div>
<div class="test-event"> <font color="maroon"> <small> &emsp; &emsp;--- 16 Oct 11:34:54 527 - Element is displayed:: [[ChromeDriver: chrome on WINDOWS (f2cc49eadbc28206a290ab7570999b45)] -> xpath: //a[@title='Top Results']//span[text()='Top Results']]</small> </font> </div>
<div class="test-event"> <font color="maroon"> <small> &emsp; &emsp;--- 16 Oct 11:34:54 916 - Page URL:: https://i-car--staging.sandbox.lightning.force.com/one/one.app#eyjjb21wb25lbnrezwyioijmb3jjzvnlyxjjadpzzwfyy2hqywdlrgvza3rvccisimf0dhjpynv0zxmionsidgvybsi6iji4nzmzmjqilcjzy29wzu1hcci6eyj0exblijoive9qx1jfu1vmvfmilcjuyw1lc3bhy2uioiiilcjsywjlbci6ilrvccbszxn1bhrziiwibgfizwxqbhvyywwioijub3agumvzdwx0cyisinjlc3vsdhndbxaioijmb3jjzvnlyxjjadpwcmvkawn0zwrszxn1bhrzin0simnvbnrlehqionsirklmvevsuyi6e30sinnlyxjjafnvdxjjzsi6ikftu0ltvefovf9esufmt0cilcjkaxnhymxlsw50zw50uxvlcnkiomzhbhnllcjkaxnhymxlu3blbgxdb3jyzwn0aw9uijpmywxzzswic2vhcmnorglhbg9nu2vzc2lvbklkijoizwuxodlintgtmmi3ms05nwnmltyzztatztzjmtvjzte2mdriiiwizgvidwdjbmzvijp7imfwce5hbwuioijjq2fyx1nlcnzpy2vfq29uc29szsisimfwcfr5cguioijdb25zb2xliiwiyxbwtmftzxnwywnlijoiyyisimxvy2f0aw9uijoizm9yy2u6b2jqzwn0sg9tzurlc2t0b3ailcjzb2jqzwn0vhlwzsi6ikfjy291bnqifx0simdyb3vwswqioijeruzbvuxuin0sinn0yxrlijp7fx0%3d</small> </font> </div>
<div class="test-event"> <font color="maroon"> <small> &emsp; &emsp;--- 16 Oct 11:34:54 916 - <b>0</b> - Page Load Wait: (Sync) - ICar.support.Utils.waitForPageLoad(Utils.java:109)</small> </font> </div>
<div class="test-event"> <font color="maroon"> <small> &emsp; &emsp;--- 16 Oct 11:35:00 059 - Catched spinner load exception due to Expected condition failed: waiting for ICar.support.WaitUtils$4@714addf7 (tried for 5 second(s) with 500 milliseconds interval)</small> </font> </div>
<div class="test-event"> <font color="maroon"> <small> &emsp; &emsp;--- 16 Oct 11:35:00 059 - <b>5</b> - Spinner Load Wait: (Sync) - ICar.support.WaitUtils.waitForSpinner(WaitUtils.java:225)</small> </font> </div>
<div class="test-event"> <font color="maroon"> <small> &emsp; &emsp;--- 16 Oct 11:35:00 608 - Page URL:: https://i-car--staging.sandbox.lightning.force.com/one/one.app#eyjjb21wb25lbnrezwyioijmb3jjzvnlyxjjadpzzwfyy2hqywdlrgvza3rvccisimf0dhjpynv0zxmionsidgvybsi6iji4nzmzmjqilcjzy29wzu1hcci6eyj0exblijoive9qx1jfu1vmvfmilcjuyw1lc3bhy2uioiiilcjsywjlbci6ilrvccbszxn1bhrziiwibgfizwxqbhvyywwioijub3agumvzdwx0cyisinjlc3vsdhndbxaioijmb3jjzvnlyxjjadpwcmvkawn0zwrszxn1bhrzin0simnvbnrlehqionsirklmvevsuyi6e30sinnlyxjjafnvdxjjzsi6ikftu0ltvefovf9esufmt0cilcjkaxnhymxlsw50zw50uxvlcnkiomzhbhnllcjkaxnhymxlu3blbgxdb3jyzwn0aw9uijpmywxzzswic2vhcmnorglhbg9nu2vzc2lvbklkijoizwuxodlintgtmmi3ms05nwnmltyzztatztzjmtvjzte2mdriiiwizgvidwdjbmzvijp7imfwce5hbwuioijjq2fyx1nlcnzpy2vfq29uc29szsisimfwcfr5cguioijdb25zb2xliiwiyxbwtmftzxnwywnlijoiyyisimxvy2f0aw9uijoizm9yy2u6b2jqzwn0sg9tzurlc2t0b3ailcjzb2jqzwn0vhlwzsi6ikfjy291bnqifx0simdyb3vwswqioijeruzbvuxuin0sinn0yxrlijp7fx0%3d</small> </font> </div>
<div class="test-event"> <font color="maroon"> <small> &emsp; &emsp;--- 16 Oct 11:35:00 609 - <b>0</b> - Page Load Wait: (Sync) - ICar.support.Utils.waitForPageLoad(Utils.java:109)</small> </font> </div>
<div class="test-event"> <font color="maroon"> <small> &emsp; &emsp;--- 16 Oct 11:35:01 138 - Page URL:: https://i-car--staging.sandbox.lightning.force.com/one/one.app#eyjjb21wb25lbnrezwyioijmb3jjzvnlyxjjadpzzwfyy2hqywdlrgvza3rvccisimf0dhjpynv0zxmionsidgvybsi6iji4nzmzmjqilcjzy29wzu1hcci6eyj0exblijoive9qx1jfu1vmvfmilcjuyw1lc3bhy2uioiiilcjsywjlbci6ilrvccbszxn1bhrziiwibgfizwxqbhvyywwioijub3agumvzdwx0cyisinjlc3vsdhndbxaioijmb3jjzvnlyxjjadpwcmvkawn0zwrszxn1bhrzin0simnvbnrlehqionsirklmvevsuyi6e30sinnlyxjjafnvdxjjzsi6ikftu0ltvefovf9esufmt0cilcjkaxnhymxlsw50zw50uxvlcnkiomzhbhnllcjkaxnhymxlu3blbgxdb3jyzwn0aw9uijpmywxzzswic2vhcmnorglhbg9nu2vzc2lvbklkijoizwuxodlintgtmmi3ms05nwnmltyzztatztzjmtvjzte2mdriiiwizgvidwdjbmzvijp7imfwce5hbwuioijjq2fyx1nlcnzpy2vfq29uc29szsisimfwcfr5cguioijdb25zb2xliiwiyxbwtmftzxnwywnlijoiyyisimxvy2f0aw9uijoizm9yy2u6b2jqzwn0sg9tzurlc2t0b3ailcjzb2jqzwn0vhlwzsi6ikfjy291bnqifx0simdyb3vwswqioijeruzbvuxuin0sinn0yxrlijp7fx0%3d</small> </font> </div>
<div class="test-event"> <font color="maroon"> <small> &emsp; &emsp;--- 16 Oct 11:35:01 139 - <b>0</b> - Page Load Wait: (Sync) - ICar.support.Utils.waitForPageLoad(Utils.java:109)</small> </font> </div>
<div class="test-event"> <font color="maroon"> <small> &emsp; &emsp;--- 16 Oct 11:35:01 672 - Page URL:: https://i-car--staging.sandbox.lightning.force.com/one/one.app#eyjjb21wb25lbnrezwyioijmb3jjzvnlyxjjadpzzwfyy2hqywdlrgvza3rvccisimf0dhjpynv0zxmionsidgvybsi6iji4nzmzmjqilcjzy29wzu1hcci6eyj0exblijoive9qx1jfu1vmvfmilcjuyw1lc3bhy2uioiiilcjsywjlbci6ilrvccbszxn1bhrziiwibgfizwxqbhvyywwioijub3agumvzdwx0cyisinjlc3vsdhndbxaioijmb3jjzvnlyxjjadpwcmvkawn0zwrszxn1bhrzin0simnvbnrlehqionsirklmvevsuyi6e30sinnlyxjjafnvdxjjzsi6ikftu0ltvefovf9esufmt0cilcjkaxnhymxlsw50zw50uxvlcnkiomzhbhnllcjkaxnhymxlu3blbgxdb3jyzwn0aw9uijpmywxzzswic2vhcmnorglhbg9nu2vzc2lvbklkijoizwuxodlintgtmmi3ms05nwnmltyzztatztzjmtvjzte2mdriiiwizgvidwdjbmzvijp7imfwce5hbwuioijjq2fyx1nlcnzpy2vfq29uc29szsisimfwcfr5cguioijdb25zb2xliiwiyxbwtmftzxnwywnlijoiyyisimxvy2f0aw9uijoizm9yy2u6b2jqzwn0sg9tzurlc2t0b3ailcjzb2jqzwn0vhlwzsi6ikfjy291bnqifx0simdyb3vwswqioijeruzbvuxuin0sinn0yxrlijp7fx0%3d</small> </font> </div>
<div class="test-event"> <font color="maroon"> <small> &emsp; &emsp;--- 16 Oct 11:35:01 672 - <b>0</b> - Page Load Wait: (Sync) - ICar.support.Utils.waitForPageLoad(Utils.java:109)</small> </font> </div>
<div class="test-event"> <font color="maroon"> <small> &emsp; &emsp;--- 16 Oct 11:35:10 013 - Catched spinner load exception due to Expected condition failed: waiting for ICar.support.WaitUtils$4@714addf7 (tried for 8 second(s) with 500 milliseconds interval)</small> </font> </div>
<div class="test-event"> <font color="maroon"> <small> &emsp; &emsp;--- 16 Oct 11:35:10 013 - <b>8</b> - Spinner Load Wait: (Sync) - ICar.support.WaitUtils.waitForSpinner(WaitUtils.java:225)</small> </font> </div>
<div class="test-event"> <font color="maroon"> <small> &emsp; &emsp;--- 16 Oct 11:35:10 549 - Page URL:: https://i-car--staging.sandbox.lightning.force.com/one/one.app#eyjjb21wb25lbnrezwyioijmb3jjzvnlyxjjadpzzwfyy2hqywdlrgvza3rvccisimf0dhjpynv0zxmionsidgvybsi6iji4nzmzmjqilcjzy29wzu1hcci6eyj0exblijoive9qx1jfu1vmvfmilcjuyw1lc3bhy2uioiiilcjsywjlbci6ilrvccbszxn1bhrziiwibgfizwxqbhvyywwioijub3agumvzdwx0cyisinjlc3vsdhndbxaioijmb3jjzvnlyxjjadpwcmvkawn0zwrszxn1bhrzin0simnvbnrlehqionsirklmvevsuyi6e30sinnlyxjjafnvdxjjzsi6ikftu0ltvefovf9esufmt0cilcjkaxnhymxlsw50zw50uxvlcnkiomzhbhnllcjkaxnhymxlu3blbgxdb3jyzwn0aw9uijpmywxzzswic2vhcmnorglhbg9nu2vzc2lvbklkijoizwuxodlintgtmmi3ms05nwnmltyzztatztzjmtvjzte2mdriiiwizgvidwdjbmzvijp7imfwce5hbwuioijjq2fyx1nlcnzpy2vfq29uc29szsisimfwcfr5cguioijdb25zb2xliiwiyxbwtmftzxnwywnlijoiyyisimxvy2f0aw9uijoizm9yy2u6b2jqzwn0sg9tzurlc2t0b3ailcjzb2jqzwn0vhlwzsi6ikfjy291bnqifx0simdyb3vwswqioijeruzbvuxuin0sinn0yxrlijp7fx0%3d</small> </font> </div>
<div class="test-event"> <font color="maroon"> <small> &emsp; &emsp;--- 16 Oct 11:35:10 549 - <b>0</b> - Page Load Wait: (Sync) - ICar.support.Utils.waitForPageLoad(Utils.java:109)</small> </font> </div>
<div class="test-event"> <font color="maroon"> <small> &emsp; &emsp;--- 16 Oct 11:35:12 658 - Element is displayed:: [[ChromeDriver: chrome on WINDOWS (f2cc49eadbc28206a290ab7570999b45)] -> xpath: //div[contains(@class,'forceSearchResultsRegion')]//div[contains(@class,'resultsMultiWrapper')]/div/div[1]//following::h2//a]</small> </font> </div>
<div class="test-event"> <font color="maroon"> <small> &emsp; &emsp;--- 16 Oct 11:35:12 892 - Element is displayed:: [[ChromeDriver: chrome on WINDOWS (f2cc49eadbc28206a290ab7570999b45)] -> xpath: //a[text()='Contacts']]</small> </font> </div>
<div class="test-event"> <font color="maroon"> <small> &emsp; &emsp;--- 16 Oct 11:35:17 082 - Element is displayed:: [[ChromeDriver: chrome on WINDOWS (f2cc49eadbc28206a290ab7570999b45)] -> xpath: //div[text()='Contacts']//following :: table//tbody//th//span /a]</small> </font> </div>
<div class="test-event"> <font color="maroon"> <small> &emsp; &emsp;--- 16 Oct 11:35:32 426 - Catched spinner load exception due to Expected condition failed: waiting for ICar.support.WaitUtils$4@714addf7 (tried for 15 second(s) with 500 milliseconds interval)</small> </font> </div>
<div class="test-event"> <font color="maroon"> <small> &emsp; &emsp;--- 16 Oct 11:35:32 426 - <b>15</b> - Spinner Load Wait: (Sync) - ICar.support.WaitUtils.waitForSpinner(WaitUtils.java:225)</small> </font> </div>
<div class="test-event"> <font color="maroon"> <small> &emsp; &emsp;--- 16 Oct 11:35:32 913 - Page URL:: https://i-car--staging.sandbox.lightning.force.com/lightning/r/contact/0031i00000oesodqaq/view</small> </font> </div>
<div class="test-event"> <font color="maroon"> <small> &emsp; &emsp;--- 16 Oct 11:35:32 913 - <b>0</b> - Page Load Wait: (Sync) - ICar.support.Utils.waitForPageLoad(Utils.java:109)</small> </font> </div>
<div class="test-event"> <font color="maroon"> <small> &emsp; &emsp;--- 16 Oct 11:35:48 023 - Catched spinner load exception due to Expected condition failed: waiting for ICar.support.WaitUtils$4@714addf7 (tried for 15 second(s) with 500 milliseconds interval)</small> </font> </div>
<div class="test-event"> <font color="maroon"> <small> &emsp; &emsp;--- 16 Oct 11:35:48 023 - <b>15</b> - Spinner Load Wait: (Sync) - ICar.support.WaitUtils.waitForSpinner(WaitUtils.java:225)</small> </font> </div>
<div class="test-event"> <font color="maroon"> <small> &emsp; &emsp;--- 16 Oct 11:35:48 084 - Element is displayed:: [[ChromeDriver: chrome on WINDOWS (f2cc49eadbc28206a290ab7570999b45)] -> xpath: //button[text()='Access Shopping Cart - New']]</small> </font> </div>
<div class="test-event"> <font color="maroon"> <small> &emsp; &emsp;--- 16 Oct 11:35:50 184 - Element is displayed:: [[ChromeDriver: chrome on WINDOWS (f2cc49eadbc28206a290ab7570999b45)] -> xpath: //button[text()='Access Shopping Cart - New']]</small> </font> </div>
<div class="test-event"> <font color="maroon"> <small> &emsp; &emsp;--- 16 Oct 11:35:58 965 - Page URL:: https://i-car--staging.sandbox.lightning.force.com/lightning/r/contact/0031i00000oesodqaq/view</small> </font> </div>
<div class="test-event"> <font color="maroon"> <small> &emsp; &emsp;--- 16 Oct 11:35:58 965 - <b>0</b> - Page Load Wait: (Sync) - ICar.support.Utils.waitForPageLoad(Utils.java:109)</small> </font> </div>
<div class="test-event"> <font color="maroon"> <small> &emsp; &emsp;--- 16 Oct 11:36:21 987 - Catched spinner load exception due to Expected condition failed: waiting for ICar.support.WaitUtils$4@714addf7 (tried for 10 second(s) with 500 milliseconds interval)</small> </font> </div>
<div class="test-event"> <font color="maroon"> <small> &emsp; &emsp;--- 16 Oct 11:36:21 987 - <b>10</b> - Spinner Load Wait: (Sync) - ICar.support.WaitUtils.waitForSpinner(WaitUtils.java:225)</small> </font> </div>
<div class="test-event"> <font color="maroon"> <small> &emsp; &emsp;--- 16 Oct 11:36:22 062 - Element is displayed:: [[ChromeDriver: chrome on WINDOWS (f2cc49eadbc28206a290ab7570999b45)] -> xpath: //button[@value='Launch My Learning']]</small> </font> </div>
<div class="test-message">&emsp;Successfully navigated to 'USer Home' Page&emsp;<a href=".\ScreenShot\ICar_B2B944_TC03_46149488664200.png" target="_blank" >[ScreenShot]</a></div>
<div class="test-event"> <font color="maroon"> <small> &emsp; &emsp;--- 16 Oct 11:36:22 424 - Page URL:: https://www.icarstage.com/</small> </font> </div>
<div class="test-event"> <font color="maroon"> <small> &emsp; &emsp;--- 16 Oct 11:36:22 424 - <b>0</b> - Page Load Wait: (Sync) - ICar.support.Utils.waitForPageLoad(Utils.java:109)</small> </font> </div>
<div class="test-event"> <font color="maroon"> <small> &emsp; &emsp;--- 16 Oct 11:36:22 485 - Element is displayed:: [[ChromeDriver: chrome on WINDOWS (f2cc49eadbc28206a290ab7570999b45)] -> xpath: //p[text()='Launch My Learning']]</small> </font> </div>
<div class="test-event"> <font color="maroon"> <small> &emsp; &emsp;--- 16 Oct 11:36:22 529 - Element is displayed:: [[ChromeDriver: chrome on WINDOWS (f2cc49eadbc28206a290ab7570999b45)] -> xpath: //a[text()='Gold Class Planner']]</small> </font> </div>
<div class="test-event"> <font color="maroon"> <small> &emsp; &emsp;--- 16 Oct 11:36:24 618 - Element is displayed:: [[ChromeDriver: chrome on WINDOWS (f2cc49eadbc28206a290ab7570999b45)] -> xpath: //a[text()='Gold Class Planner']]</small> </font> </div>
<div class="test-event"> <font color="maroon"> <small> &emsp; &emsp;--- 16 Oct 11:36:43 052 - Catched spinner load exception due to Expected condition failed: waiting for ICar.support.WaitUtils$4@714addf7 (tried for 15 second(s) with 500 milliseconds interval)</small> </font> </div>
<div class="test-event"> <font color="maroon"> <small> &emsp; &emsp;--- 16 Oct 11:36:43 053 - <b>15</b> - Spinner Load Wait: (Sync) - ICar.support.WaitUtils.waitForSpinner(WaitUtils.java:225)</small> </font> </div>
<div class="test-event"> <font color="maroon"> <small> &emsp; &emsp;--- 16 Oct 11:36:43 284 - Page URL:: https://www.icarstage.com/gold-class-planner</small> </font> </div>
<div class="test-event"> <font color="maroon"> <small> &emsp; &emsp;--- 16 Oct 11:36:43 284 - <b>0</b> - Page Load Wait: (Sync) - ICar.support.Utils.waitForPageLoad(Utils.java:109)</small> </font> </div>
<div class="test-message">&emsp;Successfully navigated to 'GCP' Page&emsp;<a href=".\ScreenShot\ICar_B2B944_TC03_46170711467100.png" target="_blank" >[ScreenShot]</a></div>
<div class="test-event"> <font color="maroon"> <small> &emsp; &emsp;--- 16 Oct 11:36:48 521 - Element is displayed:: [[ChromeDriver: chrome on WINDOWS (f2cc49eadbc28206a290ab7570999b45)] -> xpath: //button[text()='OK']]</small> </font> </div>
<div class="test-event"> <font color="maroon"> <small> &emsp; &emsp;--- 16 Oct 11:36:53 750 - Page URL:: https://www.icarstage.com/gold-class-planner</small> </font> </div>
<div class="test-event"> <font color="maroon"> <small> &emsp; &emsp;--- 16 Oct 11:36:53 750 - <b>0</b> - Page Load Wait: (Sync) - ICar.support.Utils.waitForPageLoad(Utils.java:109)</small> </font> </div>
<div class="test-event"> <font color="maroon"> <small> &emsp; &emsp;--- 16 Oct 11:36:55 826 - Element is displayed:: [[ChromeDriver: chrome on WINDOWS (f2cc49eadbc28206a290ab7570999b45)] -> xpath: //slot/p[text()='Select Location']//following::div//button[@name='shopSelect']]</small> </font> </div>
<div class="test-event"> <font color="maroon"> <small> &emsp; &emsp;--- 16 Oct 11:36:59 049 - Page URL:: https://www.icarstage.com/gold-class-planner</small> </font> </div>
<div class="test-event"> <font color="maroon"> <small> &emsp; &emsp;--- 16 Oct 11:36:59 049 - <b>0</b> - Page Load Wait: (Sync) - ICar.support.Utils.waitForPageLoad(Utils.java:109)</small> </font> </div>
<div class="test-event"> <font color="maroon"> <small> &emsp; &emsp;--- 16 Oct 11:37:01 213 - Catched spinner load exception due to Expected condition failed: waiting for ICar.support.WaitUtils$4@714addf7 (tried for 2 second(s) with 500 milliseconds interval)</small> </font> </div>
<div class="test-event"> <font color="maroon"> <small> &emsp; &emsp;--- 16 Oct 11:37:01 213 - <b>2</b> - Spinner Load Wait: (Sync) - ICar.support.WaitUtils.waitForSpinner(WaitUtils.java:225)</small> </font> </div>
<div class="test-message">&emsp;Successfully verified the activation&emsp;<a href=".\ScreenShot\ICar_B2B944_TC03_46194876782900.png" target="_blank" >[ScreenShot]</a></div>
<div class="test-event"> <font color="maroon"> <small> &emsp; &emsp;--- 16 Oct 11:37:07 810 - Page URL:: https://www.icarstage.com/gold-class-planner</small> </font> </div>
<div class="test-event"> <font color="maroon"> <small> &emsp; &emsp;--- 16 Oct 11:37:07 810 - <b>0</b> - Page Load Wait: (Sync) - ICar.support.Utils.waitForPageLoad(Utils.java:109)</small> </font> </div>
<div class="test-event"> <font color="maroon"> <small> &emsp; &emsp;--- 16 Oct 11:37:07 864 - Element is displayed:: [[ChromeDriver: chrome on WINDOWS (f2cc49eadbc28206a290ab7570999b45)] -> xpath: //p[text()='Launch My Learning']]</small> </font> </div>
<div class="test-event"> <font color="maroon"> <small> &emsp; &emsp;--- 16 Oct 11:37:07 904 - Element is displayed:: [[ChromeDriver: chrome on WINDOWS (f2cc49eadbc28206a290ab7570999b45)] -> xpath: //a[text()='Buy on Behalf of Others']]</small> </font> </div>
<div class="test-event"> <font color="maroon"> <small> &emsp; &emsp;--- 16 Oct 11:37:10 017 - Element is displayed:: [[ChromeDriver: chrome on WINDOWS (f2cc49eadbc28206a290ab7570999b45)] -> xpath: //a[text()='Buy on Behalf of Others']]</small> </font> </div>
<div class="test-event"> <font color="maroon"> <small> &emsp; &emsp;--- 16 Oct 11:37:27 830 - Catched spinner load exception due to Expected condition failed: waiting for ICar.support.WaitUtils$4@714addf7 (tried for 15 second(s) with 500 milliseconds interval)</small> </font> </div>
<div class="test-event"> <font color="maroon"> <small> &emsp; &emsp;--- 16 Oct 11:37:27 830 - <b>15</b> - Spinner Load Wait: (Sync) - ICar.support.WaitUtils.waitForSpinner(WaitUtils.java:225)</small> </font> </div>
<div class="test-event"> <font color="maroon"> <small> &emsp; &emsp;--- 16 Oct 11:37:27 939 - Page URL:: https://www.icarstage.com/buy-on-behalf-of</small> </font> </div>
<div class="test-event"> <font color="maroon"> <small> &emsp; &emsp;--- 16 Oct 11:37:27 939 - <b>0</b> - Page Load Wait: (Sync) - ICar.support.Utils.waitForPageLoad(Utils.java:109)</small> </font> </div>
<div class="test-message">&emsp;Successfully navigated to 'BrowseAndBuyForOthers' Page&emsp;<a href=".\ScreenShot\ICar_B2B944_TC03_46215365964200.png" target="_blank" >[ScreenShot]</a></div>
<div class="test-event"> <font color="maroon"> <small> &emsp; &emsp;--- 16 Oct 11:37:36 406 - Catched spinner load exception due to Expected condition failed: waiting for ICar.support.WaitUtils$4@714addf7 (tried for 8 second(s) with 500 milliseconds interval)</small> </font> </div>
<div class="test-event"> <font color="maroon"> <small> &emsp; &emsp;--- 16 Oct 11:37:36 406 - <b>8</b> - Spinner Load Wait: (Sync) - ICar.support.WaitUtils.waitForSpinner(WaitUtils.java:225)</small> </font> </div>
<div class="test-event"> <font color="maroon"> <small> &emsp; &emsp;--- 16 Oct 11:37:36 503 - Page URL:: https://www.icarstage.com/buy-on-behalf-of</small> </font> </div>
<div class="test-event"> <font color="maroon"> <small> &emsp; &emsp;--- 16 Oct 11:37:36 503 - <b>0</b> - Page Load Wait: (Sync) - ICar.support.Utils.waitForPageLoad(Utils.java:109)</small> </font> </div>
<div class="test-event"> <font color="maroon"> <small> &emsp; &emsp;--- 16 Oct 11:37:39 680 - Page URL:: https://www.icarstage.com/buy-on-behalf-of</small> </font> </div>
<div class="test-event"> <font color="maroon"> <small> &emsp; &emsp;--- 16 Oct 11:37:39 680 - <b>0</b> - Page Load Wait: (Sync) - ICar.support.Utils.waitForPageLoad(Utils.java:109)</small> </font> </div>
<div class="test-event"> <font color="maroon"> <small> &emsp; &emsp;--- 16 Oct 11:37:41 822 - Catched spinner load exception due to Expected condition failed: waiting for ICar.support.WaitUtils$4@714addf7 (tried for 2 second(s) with 500 milliseconds interval)</small> </font> </div>
<div class="test-event"> <font color="maroon"> <small> &emsp; &emsp;--- 16 Oct 11:37:41 822 - <b>2</b> - Spinner Load Wait: (Sync) - ICar.support.WaitUtils.waitForSpinner(WaitUtils.java:225)</small> </font> </div>
<div class="test-event"> <font color="maroon"> <small> &emsp; &emsp;--- 16 Oct 11:37:51 199 - Catched spinner load exception due to Expected condition failed: waiting for ICar.support.WaitUtils$4@714addf7 (tried for 9 second(s) with 500 milliseconds interval)</small> </font> </div>
<div class="test-event"> <font color="maroon"> <small> &emsp; &emsp;--- 16 Oct 11:37:51 199 - <b>9</b> - Spinner Load Wait: (Sync) - ICar.support.WaitUtils.waitForSpinner(WaitUtils.java:225)</small> </font> </div>
<div class="test-event"> <font color="maroon"> <small> &emsp; &emsp;--- 16 Oct 11:37:51 314 - Page URL:: https://www.icarstage.com/buy-on-behalf-of</small> </font> </div>
<div class="test-event"> <font color="maroon"> <small> &emsp; &emsp;--- 16 Oct 11:37:51 314 - <b>0</b> - Page Load Wait: (Sync) - ICar.support.Utils.waitForPageLoad(Utils.java:109)</small> </font> </div>
<div class="test-event"> <font color="maroon"> <small> &emsp; &emsp;--- 16 Oct 11:38:00 702 - Catched spinner load exception due to Expected condition failed: waiting for ICar.support.WaitUtils$4@714addf7 (tried for 9 second(s) with 500 milliseconds interval)</small> </font> </div>
<div class="test-event"> <font color="maroon"> <small> &emsp; &emsp;--- 16 Oct 11:38:00 702 - <b>9</b> - Spinner Load Wait: (Sync) - ICar.support.WaitUtils.waitForSpinner(WaitUtils.java:225)</small> </font> </div>
<div class="test-event"> <font color="maroon"> <small> &emsp; &emsp;--- 16 Oct 11:38:00 819 - Page URL:: https://www.icarstage.com/buy-on-behalf-of</small> </font> </div>
<div class="test-event"> <font color="maroon"> <small> &emsp; &emsp;--- 16 Oct 11:38:00 819 - <b>0</b> - Page Load Wait: (Sync) - ICar.support.Utils.waitForPageLoad(Utils.java:109)</small> </font> </div>
<div class="test-event"> <font color="maroon"> <small> &emsp; &emsp;--- 16 Oct 11:38:00 857 - Element is displayed:: [[ChromeDriver: chrome on WINDOWS (f2cc49eadbc28206a290ab7570999b45)] -> xpath: //table[contains(@class,'slds-table')]//tr[@class='slds-hint-parent']//td/div[contains(text(),'')]/../..//label/span[1]]</small> </font> </div>
<div class="test-event"> <font color="maroon"> <small> &emsp; &emsp;--- 16 Oct 11:38:00 877 - Element is displayed:: [[ChromeDriver: chrome on WINDOWS (f2cc49eadbc28206a290ab7570999b45)] -> xpath: //table[contains(@class,'slds-table')]//tr[@class='slds-hint-parent']//td/div[contains(text(),'')]/../..//label/span[1]]</small> </font> </div>
<div class="test-event"> <font color="maroon"> <small> &emsp; &emsp;--- 16 Oct 11:38:02 960 - Catched spinner load exception due to Expected condition failed: waiting for ICar.support.WaitUtils$4@714addf7 (tried for 2 second(s) with 500 milliseconds interval)</small> </font> </div>
<div class="test-event"> <font color="maroon"> <small> &emsp; &emsp;--- 16 Oct 11:38:02 960 - <b>2</b> - Spinner Load Wait: (Sync) - ICar.support.WaitUtils.waitForSpinner(WaitUtils.java:225)</small> </font> </div>
<div class="test-result"><br><font color="green"><strong> Test Passed. </strong></font> </div>&emsp;
&emsp;<div class="test-title"> <strong><font size = "3" color = "#0000FF">---Test Execution Ends---</font> </strong> </div>&emsp;]]>
    </system-out>
  </testcase> <!-- ICar_B2B944_TC03 -->
  <testcase classname="BAM_Misc.BAMtestscripts" name="ICar_BAM642_TC02" time="426.251">
    <failure message="Failed to Verify the added course :&#039;Basic Estimate Writing&#039;gets displayed in the cart" type="java.lang.AssertionError">
      <![CDATA[java.lang.AssertionError: Failed to Verify the added course :'Basic Estimate Writing'gets displayed in the cart
at org.testng.Assert.fail(Assert.java:111)
at ICar.support.Log.fail(Log.java:556)
at ICar.support.Log.assertThat(Log.java:731)
at BAM_Misc.BAMtestscripts.ICar_BAM642_TC02(BAMtestscripts.java:238)
at java.base/jdk.internal.reflect.NativeMethodAccessorImpl.invoke0(Native Method)
at java.base/jdk.internal.reflect.NativeMethodAccessorImpl.invoke(NativeMethodAccessorImpl.java:78)
at java.base/jdk.internal.reflect.DelegatingMethodAccessorImpl.invoke(DelegatingMethodAccessorImpl.java:43)
at java.base/java.lang.reflect.Method.invoke(Method.java:567)
at org.testng.internal.invokers.MethodInvocationHelper.invokeMethod(MethodInvocationHelper.java:139)
at org.testng.internal.invokers.TestInvoker.invokeMethod(TestInvoker.java:664)
at org.testng.internal.invokers.TestInvoker.invokeTestMethod(TestInvoker.java:227)
at org.testng.internal.invokers.TestMethodWithDataProviderMethodWorker.call(TestMethodWithDataProviderMethodWorker.java:80)
at org.testng.internal.invokers.TestMethodWithDataProviderMethodWorker.call(TestMethodWithDataProviderMethodWorker.java:17)
at java.base/java.util.concurrent.FutureTask.run(FutureTask.java:264)
at java.base/java.util.concurrent.Executors$RunnableAdapter.call(Executors.java:515)
at java.base/java.util.concurrent.FutureTask.run(FutureTask.java:264)
at java.base/java.util.concurrent.ThreadPoolExecutor.runWorker(ThreadPoolExecutor.java:1130)
at java.base/java.util.concurrent.ThreadPoolExecutor$Worker.run(ThreadPoolExecutor.java:630)
at java.base/java.lang.Thread.run(Thread.java:831)
]]>
    </failure>
    <system-out>
      <![CDATA[<div class="test-event"> <font color="maroon"> <small> &emsp; &emsp;--- 16 Oct 10:12:44 751 - TestCaseID:: ICar_BAM642_TC02</small> </font> </div>
<div class="test-event"> <font color="maroon"> <small> &emsp; &emsp;--- 16 Oct 10:12:45 814 - <b>1</b> - Driver::initialize::Get - ICar.support.WebDriverFactory.getDriver(WebDriverFactory.java:640)</small> </font> </div>
&emsp;<div class="test-title"> <strong><font size = "3" color = "#000080">Purchase the required training courses for the student</font> </strong> </div>&emsp;<div><strong>Steps:</strong></div><!-- Report -->&emsp;
<div class="test-event"> <font color="maroon"> <small> &emsp; &emsp;--- 16 Oct 10:12:53 117 - Page URL:: https://i-car--staging.sandbox.my.salesforce.com/</small> </font> </div>
<div class="test-event"> <font color="maroon"> <small> &emsp; &emsp;--- 16 Oct 10:12:53 118 - <b>2</b> - Page Load Wait: (Sync) - ICar.support.Utils.waitForPageLoad(Utils.java:109)</small> </font> </div>
<div class="test-message">&emsp;Successfully navigated to 'Login' Page</div>
<div class="test-message">&emsp;1. Login page is launched.</div>
<div class="test-event"> <font color="maroon"> <small> &emsp; &emsp;--- 16 Oct 10:12:53 175 - Element is displayed:: [[ChromeDriver: chrome on WINDOWS (8af7aa1d5a1526f94e98b640cf51f89b)] -> id: username]</small> </font> </div>
<div class="test-event"> <font color="maroon"> <small> &emsp; &emsp;--- 16 Oct 10:12:53 259 - Element is displayed:: [[ChromeDriver: chrome on WINDOWS (8af7aa1d5a1526f94e98b640cf51f89b)] -> id: username]</small> </font> </div>
<div class="test-event"> <font color="maroon"> <small> &emsp; &emsp;--- 16 Oct 10:12:53 519 - Element is displayed:: [[ChromeDriver: chrome on WINDOWS (8af7aa1d5a1526f94e98b640cf51f89b)] -> id: password]</small> </font> </div>
<div class="test-event"> <font color="maroon"> <small> &emsp; &emsp;--- 16 Oct 10:12:54 057 - Element is displayed:: [[ChromeDriver: chrome on WINDOWS (8af7aa1d5a1526f94e98b640cf51f89b)] -> id: Login]</small> </font> </div>
<div class="test-event"> <font color="maroon"> <small> &emsp; &emsp;--- 16 Oct 10:13:23 556 - Catched spinner load exception due to Expected condition failed: waiting for ICar.support.WaitUtils$4@714addf7 (tried for 13 second(s) with 500 milliseconds interval)</small> </font> </div>
<div class="test-event"> <font color="maroon"> <small> &emsp; &emsp;--- 16 Oct 10:13:23 556 - <b>13</b> - Spinner Load Wait: (Sync) - ICar.support.WaitUtils.waitForSpinner(WaitUtils.java:225)</small> </font> </div>
<div class="test-event"> <font color="maroon"> <small> &emsp; &emsp;--- 16 Oct 10:13:41 705 - Catched spinner load exception due to Expected condition failed: waiting for ICar.support.WaitUtils$4@714addf7 (tried for 6 second(s) with 500 milliseconds interval)</small> </font> </div>
<div class="test-event"> <font color="maroon"> <small> &emsp; &emsp;--- 16 Oct 10:13:41 705 - <b>6</b> - Spinner Load Wait: (Sync) - ICar.support.WaitUtils.waitForSpinner(WaitUtils.java:225)</small> </font> </div>
<div class="test-event"> <font color="maroon"> <small> &emsp; &emsp;--- 16 Oct 10:13:41 796 - Element is displayed:: [[ChromeDriver: chrome on WINDOWS (8af7aa1d5a1526f94e98b640cf51f89b)] -> css selector: button[class*='search-button']]</small> </font> </div>
<div class="test-message">&emsp;2. Navigate to 'SalesForce Page'</div>
<div class="test-event"> <font color="maroon"> <small> &emsp; &emsp;--- 16 Oct 10:13:42 312 - Page URL:: https://i-car--staging.sandbox.lightning.force.com/lightning/r/account/0011i00000uwfebqae/view</small> </font> </div>
<div class="test-event"> <font color="maroon"> <small> &emsp; &emsp;--- 16 Oct 10:13:42 312 - <b>0</b> - Page Load Wait: (Sync) - ICar.support.Utils.waitForPageLoad(Utils.java:109)</small> </font> </div>
<div class="test-event"> <font color="maroon"> <small> &emsp; &emsp;--- 16 Oct 10:13:48 031 - Page URL:: https://i-car--staging.sandbox.lightning.force.com/lightning/r/account/0011i00000uwfebqae/view</small> </font> </div>
<div class="test-event"> <font color="maroon"> <small> &emsp; &emsp;--- 16 Oct 10:13:48 031 - <b>0</b> - Page Load Wait: (Sync) - ICar.support.Utils.waitForPageLoad(Utils.java:109)</small> </font> </div>
<div class="test-message">&emsp;Close the tab</div>
<div class="test-message">&emsp;Successfully navigated to 'Login' Page</div>
<div class="test-message">&emsp;3. Enter the user credentials as : icaradminautomation3@i-car.com.staging</div>
<div class="test-message">&emsp;4. Enter the Icar id as : 2969674</div>
<div class="test-event"> <font color="maroon"> <small> &emsp; &emsp;--- 16 Oct 10:13:53 392 - Page URL:: https://i-car--staging.sandbox.lightning.force.com/lightning/o/account/list?filtername=accounts</small> </font> </div>
<div class="test-event"> <font color="maroon"> <small> &emsp; &emsp;--- 16 Oct 10:13:53 393 - <b>0</b> - Page Load Wait: (Sync) - ICar.support.Utils.waitForPageLoad(Utils.java:109)</small> </font> </div>
<div class="test-event"> <font color="maroon"> <small> &emsp; &emsp;--- 16 Oct 10:13:58 747 - Page URL:: https://i-car--staging.sandbox.lightning.force.com/lightning/o/account/list?filtername=accounts</small> </font> </div>
<div class="test-event"> <font color="maroon"> <small> &emsp; &emsp;--- 16 Oct 10:13:58 747 - <b>0</b> - Page Load Wait: (Sync) - ICar.support.Utils.waitForPageLoad(Utils.java:109)</small> </font> </div>
<div class="test-message">&emsp;Close the tab</div>
<div class="test-event"> <font color="maroon"> <small> &emsp; &emsp;--- 16 Oct 10:14:04 374 - Page URL:: https://i-car--staging.sandbox.lightning.force.com/lightning/o/account/list?filtername=accounts</small> </font> </div>
<div class="test-event"> <font color="maroon"> <small> &emsp; &emsp;--- 16 Oct 10:14:04 374 - <b>0</b> - Page Load Wait: (Sync) - ICar.support.Utils.waitForPageLoad(Utils.java:109)</small> </font> </div>
<div class="test-event"> <font color="maroon"> <small> &emsp; &emsp;--- 16 Oct 10:14:09 703 - Page URL:: https://i-car--staging.sandbox.lightning.force.com/lightning/o/account/list?filtername=accounts</small> </font> </div>
<div class="test-event"> <font color="maroon"> <small> &emsp; &emsp;--- 16 Oct 10:14:09 703 - <b>0</b> - Page Load Wait: (Sync) - ICar.support.Utils.waitForPageLoad(Utils.java:109)</small> </font> </div>
<div class="test-message">&emsp;Close the tab</div>
<div class="test-event"> <font color="maroon"> <small> &emsp; &emsp;--- 16 Oct 10:14:15 082 - Page URL:: https://i-car--staging.sandbox.lightning.force.com/lightning/o/account/list?filtername=accounts</small> </font> </div>
<div class="test-event"> <font color="maroon"> <small> &emsp; &emsp;--- 16 Oct 10:14:15 082 - <b>0</b> - Page Load Wait: (Sync) - ICar.support.Utils.waitForPageLoad(Utils.java:109)</small> </font> </div>
<div class="test-event"> <font color="maroon"> <small> &emsp; &emsp;--- 16 Oct 10:14:15 132 - Element is displayed:: [[ChromeDriver: chrome on WINDOWS (8af7aa1d5a1526f94e98b640cf51f89b)] -> css selector: button[class*='search-button']]</small> </font> </div>
<div class="test-event"> <font color="maroon"> <small> &emsp; &emsp;--- 16 Oct 10:14:17 214 - Catched spinner load exception due to Expected condition failed: waiting for ICar.support.WaitUtils$4@714addf7 (tried for 2 second(s) with 500 milliseconds interval)</small> </font> </div>
<div class="test-event"> <font color="maroon"> <small> &emsp; &emsp;--- 16 Oct 10:14:17 215 - <b>2</b> - Spinner Load Wait: (Sync) - ICar.support.WaitUtils.waitForSpinner(WaitUtils.java:225)</small> </font> </div>
<div class="test-event"> <font color="maroon"> <small> &emsp; &emsp;--- 16 Oct 10:14:20 291 - Element is displayed:: [[ChromeDriver: chrome on WINDOWS (8af7aa1d5a1526f94e98b640cf51f89b)] -> css selector: button[class*='search-button']]</small> </font> </div>
<div class="test-event"> <font color="maroon"> <small> &emsp; &emsp;--- 16 Oct 10:14:20 907 - Page URL:: https://i-car--staging.sandbox.lightning.force.com/lightning/o/account/list?filtername=accounts</small> </font> </div>
<div class="test-event"> <font color="maroon"> <small> &emsp; &emsp;--- 16 Oct 10:14:20 907 - <b>0</b> - Page Load Wait: (Sync) - ICar.support.Utils.waitForPageLoad(Utils.java:109)</small> </font> </div>
<div class="test-event"> <font color="maroon"> <small> &emsp; &emsp;--- 16 Oct 10:14:40 184 - Catched spinner load exception due to Expected condition failed: waiting for ICar.support.WaitUtils$4@714addf7 (tried for 10 second(s) with 500 milliseconds interval)</small> </font> </div>
<div class="test-event"> <font color="maroon"> <small> &emsp; &emsp;--- 16 Oct 10:14:40 184 - <b>10</b> - Spinner Load Wait: (Sync) - ICar.support.WaitUtils.waitForSpinner(WaitUtils.java:225)</small> </font> </div>
<div class="test-event"> <font color="maroon"> <small> &emsp; &emsp;--- 16 Oct 10:14:40 871 - Page URL:: https://i-car--staging.sandbox.lightning.force.com/one/one.app#eyjjb21wb25lbnrezwyioijmb3jjzvnlyxjjadpzzwfyy2hqywdlrgvza3rvccisimf0dhjpynv0zxmionsidgvybsi6iji5njk2nzqilcjzy29wzu1hcci6eyj0exblijoive9qx1jfu1vmvfmilcjuyw1lc3bhy2uioiiilcjsywjlbci6ilrvccbszxn1bhrziiwibgfizwxqbhvyywwioijub3agumvzdwx0cyisinjlc3vsdhndbxaioijmb3jjzvnlyxjjadpwcmvkawn0zwrszxn1bhrzin0simnvbnrlehqionsirklmvevsuyi6e30sinnlyxjjafnvdxjjzsi6ikftu0ltvefovf9esufmt0cilcjkaxnhymxlsw50zw50uxvlcnkiomzhbhnllcjkaxnhymxlu3blbgxdb3jyzwn0aw9uijpmywxzzswic2vhcmnorglhbg9nu2vzc2lvbklkijoizwjmztq5ogytmdg1zs1jnje4ltlhndktyzqwmjq3nmnjmjy4iiwizgvidwdjbmzvijp7imfwce5hbwuioijjq2fyx1nlcnzpy2vfq29uc29szsisimfwcfr5cguioijdb25zb2xliiwiyxbwtmftzxnwywnlijoiyyisimxvy2f0aw9uijoizm9yy2u6b2jqzwn0sg9tzurlc2t0b3ailcjzb2jqzwn0vhlwzsi6ikfjy291bnqifx0simdyb3vwswqioijeruzbvuxuin0sinn0yxrlijp7fx0%3d</small> </font> </div>
<div class="test-event"> <font color="maroon"> <small> &emsp; &emsp;--- 16 Oct 10:14:40 871 - <b>0</b> - Page Load Wait: (Sync) - ICar.support.Utils.waitForPageLoad(Utils.java:109)</small> </font> </div>
<div class="test-event"> <font color="maroon"> <small> &emsp; &emsp;--- 16 Oct 10:14:52 344 - Catched spinner load exception due to Expected condition failed: waiting for ICar.support.WaitUtils$4@714addf7 (tried for 11 second(s) with 500 milliseconds interval)</small> </font> </div>
<div class="test-event"> <font color="maroon"> <small> &emsp; &emsp;--- 16 Oct 10:14:52 344 - <b>11</b> - Spinner Load Wait: (Sync) - ICar.support.WaitUtils.waitForSpinner(WaitUtils.java:225)</small> </font> </div>
<div class="test-event"> <font color="maroon"> <small> &emsp; &emsp;--- 16 Oct 10:14:52 976 - Page URL:: https://i-car--staging.sandbox.lightning.force.com/one/one.app#eyjjb21wb25lbnrezwyioijmb3jjzvnlyxjjadpzzwfyy2hqywdlrgvza3rvccisimf0dhjpynv0zxmionsidgvybsi6iji5njk2nzqilcjzy29wzu1hcci6eyj0exblijoive9qx1jfu1vmvfmilcjuyw1lc3bhy2uioiiilcjsywjlbci6ilrvccbszxn1bhrziiwibgfizwxqbhvyywwioijub3agumvzdwx0cyisinjlc3vsdhndbxaioijmb3jjzvnlyxjjadpwcmvkawn0zwrszxn1bhrzin0simnvbnrlehqionsirklmvevsuyi6e30sinnlyxjjafnvdxjjzsi6ikftu0ltvefovf9esufmt0cilcjkaxnhymxlsw50zw50uxvlcnkiomzhbhnllcjkaxnhymxlu3blbgxdb3jyzwn0aw9uijpmywxzzswic2vhcmnorglhbg9nu2vzc2lvbklkijoizwjmztq5ogytmdg1zs1jnje4ltlhndktyzqwmjq3nmnjmjy4iiwizgvidwdjbmzvijp7imfwce5hbwuioijjq2fyx1nlcnzpy2vfq29uc29szsisimfwcfr5cguioijdb25zb2xliiwiyxbwtmftzxnwywnlijoiyyisimxvy2f0aw9uijoizm9yy2u6b2jqzwn0sg9tzurlc2t0b3ailcjzb2jqzwn0vhlwzsi6ikfjy291bnqifx0simdyb3vwswqioijeruzbvuxuin0sinn0yxrlijp7fx0%3d</small> </font> </div>
<div class="test-event"> <font color="maroon"> <small> &emsp; &emsp;--- 16 Oct 10:14:52 976 - <b>0</b> - Page Load Wait: (Sync) - ICar.support.Utils.waitForPageLoad(Utils.java:109)</small> </font> </div>
<div class="test-event"> <font color="maroon"> <small> &emsp; &emsp;--- 16 Oct 10:14:53 037 - Element is displayed:: [[ChromeDriver: chrome on WINDOWS (8af7aa1d5a1526f94e98b640cf51f89b)] -> xpath: //a[@title='Top Results']//span[text()='Top Results']]</small> </font> </div>
<div class="test-event"> <font color="maroon"> <small> &emsp; &emsp;--- 16 Oct 10:14:53 452 - Page URL:: https://i-car--staging.sandbox.lightning.force.com/one/one.app#eyjjb21wb25lbnrezwyioijmb3jjzvnlyxjjadpzzwfyy2hqywdlrgvza3rvccisimf0dhjpynv0zxmionsidgvybsi6iji5njk2nzqilcjzy29wzu1hcci6eyj0exblijoive9qx1jfu1vmvfmilcjuyw1lc3bhy2uioiiilcjsywjlbci6ilrvccbszxn1bhrziiwibgfizwxqbhvyywwioijub3agumvzdwx0cyisinjlc3vsdhndbxaioijmb3jjzvnlyxjjadpwcmvkawn0zwrszxn1bhrzin0simnvbnrlehqionsirklmvevsuyi6e30sinnlyxjjafnvdxjjzsi6ikftu0ltvefovf9esufmt0cilcjkaxnhymxlsw50zw50uxvlcnkiomzhbhnllcjkaxnhymxlu3blbgxdb3jyzwn0aw9uijpmywxzzswic2vhcmnorglhbg9nu2vzc2lvbklkijoizwjmztq5ogytmdg1zs1jnje4ltlhndktyzqwmjq3nmnjmjy4iiwizgvidwdjbmzvijp7imfwce5hbwuioijjq2fyx1nlcnzpy2vfq29uc29szsisimfwcfr5cguioijdb25zb2xliiwiyxbwtmftzxnwywnlijoiyyisimxvy2f0aw9uijoizm9yy2u6b2jqzwn0sg9tzurlc2t0b3ailcjzb2jqzwn0vhlwzsi6ikfjy291bnqifx0simdyb3vwswqioijeruzbvuxuin0sinn0yxrlijp7fx0%3d</small> </font> </div>
<div class="test-event"> <font color="maroon"> <small> &emsp; &emsp;--- 16 Oct 10:14:53 452 - <b>0</b> - Page Load Wait: (Sync) - ICar.support.Utils.waitForPageLoad(Utils.java:109)</small> </font> </div>
<div class="test-event"> <font color="maroon"> <small> &emsp; &emsp;--- 16 Oct 10:14:58 807 - Catched spinner load exception due to Expected condition failed: waiting for ICar.support.WaitUtils$4@714addf7 (tried for 5 second(s) with 500 milliseconds interval)</small> </font> </div>
<div class="test-event"> <font color="maroon"> <small> &emsp; &emsp;--- 16 Oct 10:14:58 807 - <b>5</b> - Spinner Load Wait: (Sync) - ICar.support.WaitUtils.waitForSpinner(WaitUtils.java:225)</small> </font> </div>
<div class="test-event"> <font color="maroon"> <small> &emsp; &emsp;--- 16 Oct 10:14:59 417 - Page URL:: https://i-car--staging.sandbox.lightning.force.com/one/one.app#eyjjb21wb25lbnrezwyioijmb3jjzvnlyxjjadpzzwfyy2hqywdlrgvza3rvccisimf0dhjpynv0zxmionsidgvybsi6iji5njk2nzqilcjzy29wzu1hcci6eyj0exblijoive9qx1jfu1vmvfmilcjuyw1lc3bhy2uioiiilcjsywjlbci6ilrvccbszxn1bhrziiwibgfizwxqbhvyywwioijub3agumvzdwx0cyisinjlc3vsdhndbxaioijmb3jjzvnlyxjjadpwcmvkawn0zwrszxn1bhrzin0simnvbnrlehqionsirklmvevsuyi6e30sinnlyxjjafnvdxjjzsi6ikftu0ltvefovf9esufmt0cilcjkaxnhymxlsw50zw50uxvlcnkiomzhbhnllcjkaxnhymxlu3blbgxdb3jyzwn0aw9uijpmywxzzswic2vhcmnorglhbg9nu2vzc2lvbklkijoizwjmztq5ogytmdg1zs1jnje4ltlhndktyzqwmjq3nmnjmjy4iiwizgvidwdjbmzvijp7imfwce5hbwuioijjq2fyx1nlcnzpy2vfq29uc29szsisimfwcfr5cguioijdb25zb2xliiwiyxbwtmftzxnwywnlijoiyyisimxvy2f0aw9uijoizm9yy2u6b2jqzwn0sg9tzurlc2t0b3ailcjzb2jqzwn0vhlwzsi6ikfjy291bnqifx0simdyb3vwswqioijeruzbvuxuin0sinn0yxrlijp7fx0%3d</small> </font> </div>
<div class="test-event"> <font color="maroon"> <small> &emsp; &emsp;--- 16 Oct 10:14:59 417 - <b>0</b> - Page Load Wait: (Sync) - ICar.support.Utils.waitForPageLoad(Utils.java:109)</small> </font> </div>
<div class="test-event"> <font color="maroon"> <small> &emsp; &emsp;--- 16 Oct 10:15:00 029 - Page URL:: https://i-car--staging.sandbox.lightning.force.com/one/one.app#eyjjb21wb25lbnrezwyioijmb3jjzvnlyxjjadpzzwfyy2hqywdlrgvza3rvccisimf0dhjpynv0zxmionsidgvybsi6iji5njk2nzqilcjzy29wzu1hcci6eyj0exblijoive9qx1jfu1vmvfmilcjuyw1lc3bhy2uioiiilcjsywjlbci6ilrvccbszxn1bhrziiwibgfizwxqbhvyywwioijub3agumvzdwx0cyisinjlc3vsdhndbxaioijmb3jjzvnlyxjjadpwcmvkawn0zwrszxn1bhrzin0simnvbnrlehqionsirklmvevsuyi6e30sinnlyxjjafnvdxjjzsi6ikftu0ltvefovf9esufmt0cilcjkaxnhymxlsw50zw50uxvlcnkiomzhbhnllcjkaxnhymxlu3blbgxdb3jyzwn0aw9uijpmywxzzswic2vhcmnorglhbg9nu2vzc2lvbklkijoizwjmztq5ogytmdg1zs1jnje4ltlhndktyzqwmjq3nmnjmjy4iiwizgvidwdjbmzvijp7imfwce5hbwuioijjq2fyx1nlcnzpy2vfq29uc29szsisimfwcfr5cguioijdb25zb2xliiwiyxbwtmftzxnwywnlijoiyyisimxvy2f0aw9uijoizm9yy2u6b2jqzwn0sg9tzurlc2t0b3ailcjzb2jqzwn0vhlwzsi6ikfjy291bnqifx0simdyb3vwswqioijeruzbvuxuin0sinn0yxrlijp7fx0%3d</small> </font> </div>
<div class="test-event"> <font color="maroon"> <small> &emsp; &emsp;--- 16 Oct 10:15:00 029 - <b>0</b> - Page Load Wait: (Sync) - ICar.support.Utils.waitForPageLoad(Utils.java:109)</small> </font> </div>
<div class="test-event"> <font color="maroon"> <small> &emsp; &emsp;--- 16 Oct 10:15:00 640 - Page URL:: https://i-car--staging.sandbox.lightning.force.com/one/one.app#eyjjb21wb25lbnrezwyioijmb3jjzvnlyxjjadpzzwfyy2hqywdlrgvza3rvccisimf0dhjpynv0zxmionsidgvybsi6iji5njk2nzqilcjzy29wzu1hcci6eyj0exblijoive9qx1jfu1vmvfmilcjuyw1lc3bhy2uioiiilcjsywjlbci6ilrvccbszxn1bhrziiwibgfizwxqbhvyywwioijub3agumvzdwx0cyisinjlc3vsdhndbxaioijmb3jjzvnlyxjjadpwcmvkawn0zwrszxn1bhrzin0simnvbnrlehqionsirklmvevsuyi6e30sinnlyxjjafnvdxjjzsi6ikftu0ltvefovf9esufmt0cilcjkaxnhymxlsw50zw50uxvlcnkiomzhbhnllcjkaxnhymxlu3blbgxdb3jyzwn0aw9uijpmywxzzswic2vhcmnorglhbg9nu2vzc2lvbklkijoizwjmztq5ogytmdg1zs1jnje4ltlhndktyzqwmjq3nmnjmjy4iiwizgvidwdjbmzvijp7imfwce5hbwuioijjq2fyx1nlcnzpy2vfq29uc29szsisimfwcfr5cguioijdb25zb2xliiwiyxbwtmftzxnwywnlijoiyyisimxvy2f0aw9uijoizm9yy2u6b2jqzwn0sg9tzurlc2t0b3ailcjzb2jqzwn0vhlwzsi6ikfjy291bnqifx0simdyb3vwswqioijeruzbvuxuin0sinn0yxrlijp7fx0%3d</small> </font> </div>
<div class="test-event"> <font color="maroon"> <small> &emsp; &emsp;--- 16 Oct 10:15:00 640 - <b>0</b> - Page Load Wait: (Sync) - ICar.support.Utils.waitForPageLoad(Utils.java:109)</small> </font> </div>
<div class="test-event"> <font color="maroon"> <small> &emsp; &emsp;--- 16 Oct 10:15:08 992 - Catched spinner load exception due to Expected condition failed: waiting for ICar.support.WaitUtils$4@714addf7 (tried for 8 second(s) with 500 milliseconds interval)</small> </font> </div>
<div class="test-event"> <font color="maroon"> <small> &emsp; &emsp;--- 16 Oct 10:15:08 992 - <b>8</b> - Spinner Load Wait: (Sync) - ICar.support.WaitUtils.waitForSpinner(WaitUtils.java:225)</small> </font> </div>
<div class="test-event"> <font color="maroon"> <small> &emsp; &emsp;--- 16 Oct 10:15:09 608 - Page URL:: https://i-car--staging.sandbox.lightning.force.com/one/one.app#eyjjb21wb25lbnrezwyioijmb3jjzvnlyxjjadpzzwfyy2hqywdlrgvza3rvccisimf0dhjpynv0zxmionsidgvybsi6iji5njk2nzqilcjzy29wzu1hcci6eyj0exblijoive9qx1jfu1vmvfmilcjuyw1lc3bhy2uioiiilcjsywjlbci6ilrvccbszxn1bhrziiwibgfizwxqbhvyywwioijub3agumvzdwx0cyisinjlc3vsdhndbxaioijmb3jjzvnlyxjjadpwcmvkawn0zwrszxn1bhrzin0simnvbnrlehqionsirklmvevsuyi6e30sinnlyxjjafnvdxjjzsi6ikftu0ltvefovf9esufmt0cilcjkaxnhymxlsw50zw50uxvlcnkiomzhbhnllcjkaxnhymxlu3blbgxdb3jyzwn0aw9uijpmywxzzswic2vhcmnorglhbg9nu2vzc2lvbklkijoizwjmztq5ogytmdg1zs1jnje4ltlhndktyzqwmjq3nmnjmjy4iiwizgvidwdjbmzvijp7imfwce5hbwuioijjq2fyx1nlcnzpy2vfq29uc29szsisimfwcfr5cguioijdb25zb2xliiwiyxbwtmftzxnwywnlijoiyyisimxvy2f0aw9uijoizm9yy2u6b2jqzwn0sg9tzurlc2t0b3ailcjzb2jqzwn0vhlwzsi6ikfjy291bnqifx0simdyb3vwswqioijeruzbvuxuin0sinn0yxrlijp7fx0%3d</small> </font> </div>
<div class="test-event"> <font color="maroon"> <small> &emsp; &emsp;--- 16 Oct 10:15:09 608 - <b>0</b> - Page Load Wait: (Sync) - ICar.support.Utils.waitForPageLoad(Utils.java:109)</small> </font> </div>
<div class="test-event"> <font color="maroon"> <small> &emsp; &emsp;--- 16 Oct 10:15:11 728 - Element is displayed:: [[ChromeDriver: chrome on WINDOWS (8af7aa1d5a1526f94e98b640cf51f89b)] -> xpath: //div[contains(@class,'forceSearchResultsRegion')]//div[contains(@class,'resultsMultiWrapper')]/div/div[1]//following::h2//a]</small> </font> </div>
<div class="test-event"> <font color="maroon"> <small> &emsp; &emsp;--- 16 Oct 10:15:11 982 - Element is displayed:: [[ChromeDriver: chrome on WINDOWS (8af7aa1d5a1526f94e98b640cf51f89b)] -> xpath: //a[text()='Contacts']]</small> </font> </div>
<div class="test-event"> <font color="maroon"> <small> &emsp; &emsp;--- 16 Oct 10:15:16 182 - Element is displayed:: [[ChromeDriver: chrome on WINDOWS (8af7aa1d5a1526f94e98b640cf51f89b)] -> xpath: //div[text()='Contacts']//following :: table//tbody//th//span /a]</small> </font> </div>
<div class="test-message">&emsp;Navigated to Community portal using Access shopping cart </div>
<div class="test-event"> <font color="maroon"> <small> &emsp; &emsp;--- 16 Oct 10:15:31 563 - Catched spinner load exception due to Expected condition failed: waiting for ICar.support.WaitUtils$4@714addf7 (tried for 15 second(s) with 500 milliseconds interval)</small> </font> </div>
<div class="test-event"> <font color="maroon"> <small> &emsp; &emsp;--- 16 Oct 10:15:31 563 - <b>15</b> - Spinner Load Wait: (Sync) - ICar.support.WaitUtils.waitForSpinner(WaitUtils.java:225)</small> </font> </div>
<div class="test-event"> <font color="maroon"> <small> &emsp; &emsp;--- 16 Oct 10:15:32 153 - Page URL:: https://i-car--staging.sandbox.lightning.force.com/lightning/r/contact/0031i00000nukyrqau/view</small> </font> </div>
<div class="test-event"> <font color="maroon"> <small> &emsp; &emsp;--- 16 Oct 10:15:32 153 - <b>0</b> - Page Load Wait: (Sync) - ICar.support.Utils.waitForPageLoad(Utils.java:109)</small> </font> </div>
<div class="test-event"> <font color="maroon"> <small> &emsp; &emsp;--- 16 Oct 10:15:47 202 - Catched spinner load exception due to Expected condition failed: waiting for ICar.support.WaitUtils$4@714addf7 (tried for 15 second(s) with 500 milliseconds interval)</small> </font> </div>
<div class="test-event"> <font color="maroon"> <small> &emsp; &emsp;--- 16 Oct 10:15:47 202 - <b>15</b> - Spinner Load Wait: (Sync) - ICar.support.WaitUtils.waitForSpinner(WaitUtils.java:225)</small> </font> </div>
<div class="test-event"> <font color="maroon"> <small> &emsp; &emsp;--- 16 Oct 10:15:47 260 - Element is displayed:: [[ChromeDriver: chrome on WINDOWS (8af7aa1d5a1526f94e98b640cf51f89b)] -> xpath: //button[text()='Access Shopping Cart - New']]</small> </font> </div>
<div class="test-event"> <font color="maroon"> <small> &emsp; &emsp;--- 16 Oct 10:15:49 372 - Element is displayed:: [[ChromeDriver: chrome on WINDOWS (8af7aa1d5a1526f94e98b640cf51f89b)] -> xpath: //button[text()='Access Shopping Cart - New']]</small> </font> </div>
<div class="test-event"> <font color="maroon"> <small> &emsp; &emsp;--- 16 Oct 10:15:58 171 - Page URL:: https://i-car--staging.sandbox.lightning.force.com/lightning/r/contact/0031i00000nukyrqau/view</small> </font> </div>
<div class="test-event"> <font color="maroon"> <small> &emsp; &emsp;--- 16 Oct 10:15:58 171 - <b>0</b> - Page Load Wait: (Sync) - ICar.support.Utils.waitForPageLoad(Utils.java:109)</small> </font> </div>
<div class="test-event"> <font color="maroon"> <small> &emsp; &emsp;--- 16 Oct 10:16:19 542 - Catched spinner load exception due to Expected condition failed: waiting for ICar.support.WaitUtils$4@714addf7 (tried for 10 second(s) with 500 milliseconds interval)</small> </font> </div>
<div class="test-event"> <font color="maroon"> <small> &emsp; &emsp;--- 16 Oct 10:16:19 542 - <b>10</b> - Spinner Load Wait: (Sync) - ICar.support.WaitUtils.waitForSpinner(WaitUtils.java:225)</small> </font> </div>
<div class="test-event"> <font color="maroon"> <small> &emsp; &emsp;--- 16 Oct 10:16:19 615 - Element is displayed:: [[ChromeDriver: chrome on WINDOWS (8af7aa1d5a1526f94e98b640cf51f89b)] -> xpath: //button[@value='Launch My Learning']]</small> </font> </div>
<div class="test-message">&emsp;Successfully navigated to 'User Home' Page&emsp;<a href=".\ScreenShot\ICar_BAM642_TC02_41347048483600.png" target="_blank" >[ScreenShot]</a></div>
<div class="test-event"> <font color="maroon"> <small> &emsp; &emsp;--- 16 Oct 10:16:19 972 - Page URL:: https://www.icarstage.com/</small> </font> </div>
<div class="test-event"> <font color="maroon"> <small> &emsp; &emsp;--- 16 Oct 10:16:19 972 - <b>0</b> - Page Load Wait: (Sync) - ICar.support.Utils.waitForPageLoad(Utils.java:109)</small> </font> </div>
<div class="test-event"> <font color="maroon"> <small> &emsp; &emsp;--- 16 Oct 10:16:20 028 - Element is displayed:: [[ChromeDriver: chrome on WINDOWS (8af7aa1d5a1526f94e98b640cf51f89b)] -> xpath: //p[text()='Launch My Learning']]</small> </font> </div>
<div class="test-event"> <font color="maroon"> <small> &emsp; &emsp;--- 16 Oct 10:16:20 066 - Element is displayed:: [[ChromeDriver: chrome on WINDOWS (8af7aa1d5a1526f94e98b640cf51f89b)] -> xpath: //a[text()='Buy on Behalf of Others']]</small> </font> </div>
<div class="test-event"> <font color="maroon"> <small> &emsp; &emsp;--- 16 Oct 10:16:22 185 - Element is displayed:: [[ChromeDriver: chrome on WINDOWS (8af7aa1d5a1526f94e98b640cf51f89b)] -> xpath: //a[text()='Buy on Behalf of Others']]</small> </font> </div>
<div class="test-event"> <font color="maroon"> <small> &emsp; &emsp;--- 16 Oct 10:16:39 910 - Catched spinner load exception due to Expected condition failed: waiting for ICar.support.WaitUtils$4@714addf7 (tried for 15 second(s) with 500 milliseconds interval)</small> </font> </div>
<div class="test-event"> <font color="maroon"> <small> &emsp; &emsp;--- 16 Oct 10:16:39 910 - <b>15</b> - Spinner Load Wait: (Sync) - ICar.support.WaitUtils.waitForSpinner(WaitUtils.java:225)</small> </font> </div>
<div class="test-event"> <font color="maroon"> <small> &emsp; &emsp;--- 16 Oct 10:16:40 083 - Page URL:: https://www.icarstage.com/buy-on-behalf-of</small> </font> </div>
<div class="test-event"> <font color="maroon"> <small> &emsp; &emsp;--- 16 Oct 10:16:40 083 - <b>0</b> - Page Load Wait: (Sync) - ICar.support.Utils.waitForPageLoad(Utils.java:109)</small> </font> </div>
<div class="test-message">&emsp;14. Navigating to Link Browse and buy for others</div>
<div class="test-event"> <font color="maroon"> <small> &emsp; &emsp;--- 16 Oct 10:16:48 414 - Catched spinner load exception due to Expected condition failed: waiting for ICar.support.WaitUtils$4@714addf7 (tried for 8 second(s) with 500 milliseconds interval)</small> </font> </div>
<div class="test-event"> <font color="maroon"> <small> &emsp; &emsp;--- 16 Oct 10:16:48 414 - <b>8</b> - Spinner Load Wait: (Sync) - ICar.support.WaitUtils.waitForSpinner(WaitUtils.java:225)</small> </font> </div>
<div class="test-event"> <font color="maroon"> <small> &emsp; &emsp;--- 16 Oct 10:16:48 575 - Page URL:: https://www.icarstage.com/buy-on-behalf-of</small> </font> </div>
<div class="test-event"> <font color="maroon"> <small> &emsp; &emsp;--- 16 Oct 10:16:48 575 - <b>0</b> - Page Load Wait: (Sync) - ICar.support.Utils.waitForPageLoad(Utils.java:109)</small> </font> </div>
<div class="test-event"> <font color="maroon"> <small> &emsp; &emsp;--- 16 Oct 10:16:51 801 - Page URL:: https://www.icarstage.com/buy-on-behalf-of</small> </font> </div>
<div class="test-event"> <font color="maroon"> <small> &emsp; &emsp;--- 16 Oct 10:16:51 801 - <b>0</b> - Page Load Wait: (Sync) - ICar.support.Utils.waitForPageLoad(Utils.java:109)</small> </font> </div>
<div class="test-event"> <font color="maroon"> <small> &emsp; &emsp;--- 16 Oct 10:16:53 948 - Catched spinner load exception due to Expected condition failed: waiting for ICar.support.WaitUtils$4@714addf7 (tried for 2 second(s) with 500 milliseconds interval)</small> </font> </div>
<div class="test-event"> <font color="maroon"> <small> &emsp; &emsp;--- 16 Oct 10:16:53 948 - <b>2</b> - Spinner Load Wait: (Sync) - ICar.support.WaitUtils.waitForSpinner(WaitUtils.java:225)</small> </font> </div>
<div class="test-event"> <font color="maroon"> <small> &emsp; &emsp;--- 16 Oct 10:17:03 296 - Catched spinner load exception due to Expected condition failed: waiting for ICar.support.WaitUtils$4@714addf7 (tried for 9 second(s) with 500 milliseconds interval)</small> </font> </div>
<div class="test-event"> <font color="maroon"> <small> &emsp; &emsp;--- 16 Oct 10:17:03 296 - <b>9</b> - Spinner Load Wait: (Sync) - ICar.support.WaitUtils.waitForSpinner(WaitUtils.java:225)</small> </font> </div>
<div class="test-event"> <font color="maroon"> <small> &emsp; &emsp;--- 16 Oct 10:17:03 447 - Page URL:: https://www.icarstage.com/buy-on-behalf-of</small> </font> </div>
<div class="test-event"> <font color="maroon"> <small> &emsp; &emsp;--- 16 Oct 10:17:03 447 - <b>0</b> - Page Load Wait: (Sync) - ICar.support.Utils.waitForPageLoad(Utils.java:109)</small> </font> </div>
<div class="test-event"> <font color="maroon"> <small> &emsp; &emsp;--- 16 Oct 10:17:12 861 - Catched spinner load exception due to Expected condition failed: waiting for ICar.support.WaitUtils$4@714addf7 (tried for 9 second(s) with 500 milliseconds interval)</small> </font> </div>
<div class="test-event"> <font color="maroon"> <small> &emsp; &emsp;--- 16 Oct 10:17:12 861 - <b>9</b> - Spinner Load Wait: (Sync) - ICar.support.WaitUtils.waitForSpinner(WaitUtils.java:225)</small> </font> </div>
<div class="test-event"> <font color="maroon"> <small> &emsp; &emsp;--- 16 Oct 10:17:12 993 - Page URL:: https://www.icarstage.com/buy-on-behalf-of</small> </font> </div>
<div class="test-event"> <font color="maroon"> <small> &emsp; &emsp;--- 16 Oct 10:17:12 993 - <b>0</b> - Page Load Wait: (Sync) - ICar.support.Utils.waitForPageLoad(Utils.java:109)</small> </font> </div>
<div class="test-event"> <font color="maroon"> <small> &emsp; &emsp;--- 16 Oct 10:17:13 032 - Element is displayed:: [[ChromeDriver: chrome on WINDOWS (8af7aa1d5a1526f94e98b640cf51f89b)] -> xpath: //table[contains(@class,'slds-table')]//tr[@class='slds-hint-parent']//td/div[contains(text(),'Aguirre, Roger')]/../..//label/span[1]]</small> </font> </div>
<div class="test-event"> <font color="maroon"> <small> &emsp; &emsp;--- 16 Oct 10:17:13 057 - Element is displayed:: [[ChromeDriver: chrome on WINDOWS (8af7aa1d5a1526f94e98b640cf51f89b)] -> xpath: //table[contains(@class,'slds-table')]//tr[@class='slds-hint-parent']//td/div[contains(text(),'Aguirre, Roger')]/../..//label/span[1]]</small> </font> </div>
<div class="test-event"> <font color="maroon"> <small> &emsp; &emsp;--- 16 Oct 10:17:15 179 - Catched spinner load exception due to Expected condition failed: waiting for ICar.support.WaitUtils$4@714addf7 (tried for 2 second(s) with 500 milliseconds interval)</small> </font> </div>
<div class="test-event"> <font color="maroon"> <small> &emsp; &emsp;--- 16 Oct 10:17:15 179 - <b>2</b> - Spinner Load Wait: (Sync) - ICar.support.WaitUtils.waitForSpinner(WaitUtils.java:225)</small> </font> </div>
<div class="test-message">&emsp;15 Selecting the studentsAguirre, Roger</div>
<div class="test-event"> <font color="maroon"> <small> &emsp; &emsp;--- 16 Oct 10:17:15 343 - Page URL:: https://www.icarstage.com/buy-on-behalf-of</small> </font> </div>
<div class="test-event"> <font color="maroon"> <small> &emsp; &emsp;--- 16 Oct 10:17:15 343 - <b>0</b> - Page Load Wait: (Sync) - ICar.support.Utils.waitForPageLoad(Utils.java:109)</small> </font> </div>
<div class="test-message">&emsp;Successfully verified Student Name&emsp;<a href=".\ScreenShot\ICar_BAM642_TC02_41402799019800.png" target="_blank" >[ScreenShot]</a></div>
<div class="test-message">&emsp;16 Click on Add Selected Button</div>
<div class="test-event"> <font color="maroon"> <small> &emsp; &emsp;--- 16 Oct 10:17:15 606 - Element is displayed:: [[ChromeDriver: chrome on WINDOWS (8af7aa1d5a1526f94e98b640cf51f89b)] -> xpath: //button[contains(text(),'Continue')]]</small> </font> </div>
<div class="test-event"> <font color="maroon"> <small> &emsp; &emsp;--- 16 Oct 10:17:25 143 - Catched spinner load exception due to Expected condition failed: waiting for ICar.support.WaitUtils$4@714addf7 (tried for 8 second(s) with 500 milliseconds interval)</small> </font> </div>
<div class="test-event"> <font color="maroon"> <small> &emsp; &emsp;--- 16 Oct 10:17:25 143 - <b>8</b> - Spinner Load Wait: (Sync) - ICar.support.WaitUtils.waitForSpinner(WaitUtils.java:225)</small> </font> </div>
<div class="test-event"> <font color="maroon"> <small> &emsp; &emsp;--- 16 Oct 10:17:25 289 - Page URL:: https://www.icarstage.com/browse?fromalacarte=true</small> </font> </div>
<div class="test-event"> <font color="maroon"> <small> &emsp; &emsp;--- 16 Oct 10:17:25 289 - <b>0</b> - Page Load Wait: (Sync) - ICar.support.Utils.waitForPageLoad(Utils.java:109)</small> </font> </div>
<div class="test-event"> <font color="maroon"> <small> &emsp; &emsp;--- 16 Oct 10:17:35 719 - Catched spinner load exception due to Expected condition failed: waiting for ICar.support.WaitUtils$4@714addf7 (tried for 10 second(s) with 500 milliseconds interval)</small> </font> </div>
<div class="test-event"> <font color="maroon"> <small> &emsp; &emsp;--- 16 Oct 10:17:35 720 - <b>10</b> - Spinner Load Wait: (Sync) - ICar.support.WaitUtils.waitForSpinner(WaitUtils.java:225)</small> </font> </div>
<div class="test-event"> <font color="maroon"> <small> &emsp; &emsp;--- 16 Oct 10:17:49 849 - Catched spinner load exception due to Expected condition failed: waiting for ICar.support.WaitUtils$4@714addf7 (tried for 14 second(s) with 500 milliseconds interval)</small> </font> </div>
<div class="test-event"> <font color="maroon"> <small> &emsp; &emsp;--- 16 Oct 10:17:49 850 - <b>14</b> - Spinner Load Wait: (Sync) - ICar.support.WaitUtils.waitForSpinner(WaitUtils.java:225)</small> </font> </div>
<div class="test-event"> <font color="maroon"> <small> &emsp; &emsp;--- 16 Oct 10:17:51 943 - Element is displayed:: [[ChromeDriver: chrome on WINDOWS (8af7aa1d5a1526f94e98b640cf51f89b)] -> xpath: //input[@class='slds-input searchInputCls']]</small> </font> </div>
<div class="test-event"> <font color="maroon"> <small> &emsp; &emsp;--- 16 Oct 10:17:52 179 - Element is displayed:: [[ChromeDriver: chrome on WINDOWS (8af7aa1d5a1526f94e98b640cf51f89b)] -> xpath: //button[@title='Remove selected option']]</small> </font> </div>
<div class="test-event"> <font color="maroon"> <small> &emsp; &emsp;--- 16 Oct 10:17:53 487 - Page URL:: https://www.icarstage.com/custom-search-results?searchtext=basic%20estimate%20writing#gsc.tab=0&gsc.q=basic%20estimate%20writing&gsc.page=1</small> </font> </div>
<div class="test-event"> <font color="maroon"> <small> &emsp; &emsp;--- 16 Oct 10:17:53 487 - <b>0</b> - Page Load Wait: (Sync) - ICar.support.Utils.waitForPageLoad(Utils.java:109)</small> </font> </div>
<div class="test-event"> <font color="maroon"> <small> &emsp; &emsp;--- 16 Oct 10:18:04 008 - Catched spinner load exception due to Expected condition failed: waiting for ICar.support.WaitUtils$4@714addf7 (tried for 10 second(s) with 500 milliseconds interval)</small> </font> </div>
<div class="test-event"> <font color="maroon"> <small> &emsp; &emsp;--- 16 Oct 10:18:04 008 - <b>10</b> - Spinner Load Wait: (Sync) - ICar.support.WaitUtils.waitForSpinner(WaitUtils.java:225)</small> </font> </div>
<div class="test-event"> <font color="maroon"> <small> &emsp; &emsp;--- 16 Oct 10:18:04 046 - Element is displayed:: [[ChromeDriver: chrome on WINDOWS (8af7aa1d5a1526f94e98b640cf51f89b)] -> xpath: //table//tbody//td[1]//div//a]</small> </font> </div>
<div class="test-event"> <font color="maroon"> <small> &emsp; &emsp;--- 16 Oct 10:18:06 146 - Element is displayed:: [[ChromeDriver: chrome on WINDOWS (8af7aa1d5a1526f94e98b640cf51f89b)] -> xpath: //table//tbody//td[1]//div//a]</small> </font> </div>
<div class="test-event"> <font color="maroon"> <small> &emsp; &emsp;--- 16 Oct 10:18:10 625 - Element is displayed:: [[ChromeDriver: chrome on WINDOWS (8af7aa1d5a1526f94e98b640cf51f89b)] -> xpath: //button[text()='Add to Cart']]</small> </font> </div>
<div class="test-event"> <font color="maroon"> <small> &emsp; &emsp;--- 16 Oct 10:18:12 727 - Element is displayed:: [[ChromeDriver: chrome on WINDOWS (8af7aa1d5a1526f94e98b640cf51f89b)] -> xpath: //button[text()='Add to Cart']]</small> </font> </div>
<div class="test-event"> <font color="maroon"> <small> &emsp; &emsp;--- 16 Oct 10:18:33 130 - Catched spinner load exception due to Expected condition failed: waiting for ICar.support.WaitUtils$4@714addf7 (tried for 20 second(s) with 500 milliseconds interval)</small> </font> </div>
<div class="test-event"> <font color="maroon"> <small> &emsp; &emsp;--- 16 Oct 10:18:33 130 - <b>20</b> - Spinner Load Wait: (Sync) - ICar.support.WaitUtils.waitForSpinner(WaitUtils.java:225)</small> </font> </div>
<div class="test-event"> <font color="maroon"> <small> &emsp; &emsp;--- 16 Oct 10:18:33 172 - Element is displayed:: [[ChromeDriver: chrome on WINDOWS (8af7aa1d5a1526f94e98b640cf51f89b)] -> xpath: //div[@class='HeaderCart_Icon']/a]</small> </font> </div>
<div class="test-event"> <font color="maroon"> <small> &emsp; &emsp;--- 16 Oct 10:18:35 258 - Element is displayed:: [[ChromeDriver: chrome on WINDOWS (8af7aa1d5a1526f94e98b640cf51f89b)] -> xpath: //div[@class='HeaderCart_Icon']/a]</small> </font> </div>
<div class="test-event"> <font color="maroon"> <small> &emsp; &emsp;--- 16 Oct 10:18:51 542 - Catched spinner load exception due to Expected condition failed: waiting for ICar.support.WaitUtils$4@714addf7 (tried for 10 second(s) with 500 milliseconds interval)</small> </font> </div>
<div class="test-event"> <font color="maroon"> <small> &emsp; &emsp;--- 16 Oct 10:18:51 542 - <b>10</b> - Spinner Load Wait: (Sync) - ICar.support.WaitUtils.waitForSpinner(WaitUtils.java:225)</small> </font> </div>
<div class="test-event"> <font color="maroon"> <small> &emsp; &emsp;--- 16 Oct 10:18:56 862 - Catched spinner load exception due to Expected condition failed: waiting for ICar.support.WaitUtils$4@714addf7 (tried for 5 second(s) with 500 milliseconds interval)</small> </font> </div>
<div class="test-event"> <font color="maroon"> <small> &emsp; &emsp;--- 16 Oct 10:18:56 862 - <b>5</b> - Spinner Load Wait: (Sync) - ICar.support.WaitUtils.waitForSpinner(WaitUtils.java:225)</small> </font> </div>
<div class="test-message">&emsp;Courses are not available in the Cart</div>
<div class="test-message">&emsp;Successfully purchased the Basic Estimate Writing course&emsp;<a href=".\ScreenShot\ICar_BAM642_TC02_41507538978000.png" target="_blank" >[ScreenShot]</a></div>
<div class="test-event"> <font color="maroon"> <small> &emsp; &emsp;--- 16 Oct 10:19:00 356 - Page URL:: https://www.icarstage.com/cart</small> </font> </div>
<div class="test-event"> <font color="maroon"> <small> &emsp; &emsp;--- 16 Oct 10:19:00 356 - <b>0</b> - Page Load Wait: (Sync) - ICar.support.Utils.waitForPageLoad(Utils.java:109)</small> </font> </div>
<div class="test-event"> <font color="maroon"> <small> &emsp; &emsp;--- 16 Oct 10:19:00 415 - Element is displayed:: [[ChromeDriver: chrome on WINDOWS (8af7aa1d5a1526f94e98b640cf51f89b)] -> xpath: //p[text()='Launch My Learning']]</small> </font> </div>
<div class="test-event"> <font color="maroon"> <small> &emsp; &emsp;--- 16 Oct 10:19:20 828 - Catched spinner load exception due to Expected condition failed: waiting for ICar.support.WaitUtils$4@714addf7 (tried for 20 second(s) with 500 milliseconds interval)</small> </font> </div>
<div class="test-event"> <font color="maroon"> <small> &emsp; &emsp;--- 16 Oct 10:19:20 829 - <b>20</b> - Spinner Load Wait: (Sync) - ICar.support.WaitUtils.waitForSpinner(WaitUtils.java:225)</small> </font> </div>
<div class="test-event"> <font color="maroon"> <small> &emsp; &emsp;--- 16 Oct 10:19:20 869 - Element is displayed:: [[ChromeDriver: chrome on WINDOWS (8af7aa1d5a1526f94e98b640cf51f89b)] -> xpath: //div[@class='HeaderCart_Icon']/a]</small> </font> </div>
<div class="test-event"> <font color="maroon"> <small> &emsp; &emsp;--- 16 Oct 10:19:22 963 - Element is displayed:: [[ChromeDriver: chrome on WINDOWS (8af7aa1d5a1526f94e98b640cf51f89b)] -> xpath: //div[@class='HeaderCart_Icon']/a]</small> </font> </div>
<div class="test-event"> <font color="maroon"> <small> &emsp; &emsp;--- 16 Oct 10:19:42 624 - Catched spinner load exception due to Expected condition failed: waiting for ICar.support.WaitUtils$4@714addf7 (tried for 15 second(s) with 500 milliseconds interval)</small> </font> </div>
<div class="test-event"> <font color="maroon"> <small> &emsp; &emsp;--- 16 Oct 10:19:42 624 - <b>15</b> - Spinner Load Wait: (Sync) - ICar.support.WaitUtils.waitForSpinner(WaitUtils.java:225)</small> </font> </div>
<div class="test-event"> <font color="maroon"> <small> &emsp; &emsp;--- 16 Oct 10:19:42 752 - Page URL:: https://www.icarstage.com/cart</small> </font> </div>
<div class="test-event"> <font color="maroon"> <small> &emsp; &emsp;--- 16 Oct 10:19:42 752 - <b>0</b> - Page Load Wait: (Sync) - ICar.support.Utils.waitForPageLoad(Utils.java:109)</small> </font> </div>
<div class="test-event"> <font color="maroon"> <small> &emsp; &emsp;--- 16 Oct 10:19:42 817 - Element is displayed:: [[ChromeDriver: chrome on WINDOWS (8af7aa1d5a1526f94e98b640cf51f89b)] -> xpath: //button[text()='Continue to Checkout']]</small> </font> </div>
<div class="test-message">&emsp;17. Click on My cart icon to navigate to My Cart Page</div>
<div class="test-event"> <font color="maroon"> <small> &emsp; &emsp;--- 16 Oct 10:19:48 032 - Catched spinner load exception due to Expected condition failed: waiting for ICar.support.WaitUtils$4@714addf7 (tried for 5 second(s) with 500 milliseconds interval)</small> </font> </div>
<div class="test-event"> <font color="maroon"> <small> &emsp; &emsp;--- 16 Oct 10:19:48 032 - <b>5</b> - Spinner Load Wait: (Sync) - ICar.support.WaitUtils.waitForSpinner(WaitUtils.java:225)</small> </font> </div>
<!--FAIL-->
<div class="test-result"><br><font color="red"><strong> Failed to Verify the added course :'Basic Estimate Writing'gets displayed in the cart </strong></font> <a href=".\ScreenShot\ICar_BAM642_TC02_41558727117400.png" target="_blank" >[ScreenShot]</a></div>&emsp;
&emsp;<div class="test-title"> <strong><font size = "3" color = "#0000FF">---Test Execution Ends---</font> </strong> </div>&emsp;]]>
    </system-out>
  </testcase> <!-- ICar_BAM642_TC02 -->
  <testcase classname="BAM_Misc.BAMtestscripts" name="ICar_BAM640_TC02" time="347.275">
    <error message="Index 0 out of bounds for length 0" type="java.lang.IndexOutOfBoundsException">
      <![CDATA[java.lang.IndexOutOfBoundsException: Index 0 out of bounds for length 0
at java.base/jdk.internal.util.Preconditions.outOfBounds(Preconditions.java:64)
at java.base/jdk.internal.util.Preconditions.outOfBoundsCheckIndex(Preconditions.java:70)
at java.base/jdk.internal.util.Preconditions.checkIndex(Preconditions.java:266)
at java.base/java.util.Objects.checkIndex(Objects.java:359)
at java.base/java.util.ArrayList.get(ArrayList.java:427)
at java.base/jdk.internal.reflect.GeneratedMethodAccessor5.invoke(Unknown Source)
at java.base/jdk.internal.reflect.DelegatingMethodAccessorImpl.invoke(DelegatingMethodAccessorImpl.java:43)
at java.base/java.lang.reflect.Method.invoke(Method.java:567)
at org.openqa.selenium.support.pagefactory.internal.LocatingElementListHandler.invoke(LocatingElementListHandler.java:39)
at jdk.proxy2/jdk.proxy2.$Proxy26.get(Unknown Source)
at ICar.Pages.SalesForcePages.clickOnsViewLink(SalesForcePages.java:19743)
at BAM_Misc.BAMtestscripts.ICar_BAM640_TC02(BAMtestscripts.java:1469)
at java.base/jdk.internal.reflect.NativeMethodAccessorImpl.invoke0(Native Method)
at java.base/jdk.internal.reflect.NativeMethodAccessorImpl.invoke(NativeMethodAccessorImpl.java:78)
at java.base/jdk.internal.reflect.DelegatingMethodAccessorImpl.invoke(DelegatingMethodAccessorImpl.java:43)
at java.base/java.lang.reflect.Method.invoke(Method.java:567)
at org.testng.internal.invokers.MethodInvocationHelper.invokeMethod(MethodInvocationHelper.java:139)
at org.testng.internal.invokers.TestInvoker.invokeMethod(TestInvoker.java:664)
at org.testng.internal.invokers.TestInvoker.invokeTestMethod(TestInvoker.java:227)
at org.testng.internal.invokers.TestMethodWithDataProviderMethodWorker.call(TestMethodWithDataProviderMethodWorker.java:80)
at org.testng.internal.invokers.TestMethodWithDataProviderMethodWorker.call(TestMethodWithDataProviderMethodWorker.java:17)
at java.base/java.util.concurrent.FutureTask.run(FutureTask.java:264)
at java.base/java.util.concurrent.Executors$RunnableAdapter.call(Executors.java:515)
at java.base/java.util.concurrent.FutureTask.run(FutureTask.java:264)
at java.base/java.util.concurrent.ThreadPoolExecutor.runWorker(ThreadPoolExecutor.java:1130)
at java.base/java.util.concurrent.ThreadPoolExecutor$Worker.run(ThreadPoolExecutor.java:630)
at java.base/java.lang.Thread.run(Thread.java:831)
]]>
    </error>
    <system-out>
      <![CDATA[<div class="test-event"> <font color="maroon"> <small> &emsp; &emsp;--- 16 Oct 09:52:30 719 - TestCaseID:: ICar_BAM640_TC02</small> </font> </div>
<div class="test-event"> <font color="maroon"> <small> &emsp; &emsp;--- 16 Oct 09:52:31 894 - <b>1</b> - Driver::initialize::Get - ICar.support.WebDriverFactory.getDriver(WebDriverFactory.java:640)</small> </font> </div>
&emsp;<div class="test-title"> <strong><font size = "3" color = "#000080">Verify the Start Date for the MSO transferred Student should not be changed on the Account's Roster</font> </strong> </div>&emsp;<div><strong>Steps:</strong></div><!-- Report -->&emsp;
<div class="test-event"> <font color="maroon"> <small> &emsp; &emsp;--- 16 Oct 09:52:36 341 - Page URL:: https://i-car--staging.sandbox.my.salesforce.com/</small> </font> </div>
<div class="test-event"> <font color="maroon"> <small> &emsp; &emsp;--- 16 Oct 09:52:36 341 - <b>0</b> - Page Load Wait: (Sync) - ICar.support.Utils.waitForPageLoad(Utils.java:109)</small> </font> </div>
<div class="test-message">&emsp;Successfully navigated to 'Login' Page&emsp;<a href=".\ScreenShot\ICar_BAM640_TC02_39923778562800.png" target="_blank" >[ScreenShot]</a></div>
<div class="test-message">&emsp;1. Login page is launched.</div>
<div class="test-event"> <font color="maroon"> <small> &emsp; &emsp;--- 16 Oct 09:52:36 574 - Element is displayed:: [[ChromeDriver: chrome on WINDOWS (72385580c18278d6540169fe1bdbb889)] -> id: username]</small> </font> </div>
<div class="test-event"> <font color="maroon"> <small> &emsp; &emsp;--- 16 Oct 09:52:36 692 - Element is displayed:: [[ChromeDriver: chrome on WINDOWS (72385580c18278d6540169fe1bdbb889)] -> id: username]</small> </font> </div>
<div class="test-event"> <font color="maroon"> <small> &emsp; &emsp;--- 16 Oct 09:52:37 617 - Element is displayed:: [[ChromeDriver: chrome on WINDOWS (72385580c18278d6540169fe1bdbb889)] -> id: password]</small> </font> </div>
<div class="test-event"> <font color="maroon"> <small> &emsp; &emsp;--- 16 Oct 09:52:37 947 - Element is displayed:: [[ChromeDriver: chrome on WINDOWS (72385580c18278d6540169fe1bdbb889)] -> id: Login]</small> </font> </div>
<div class="test-event"> <font color="maroon"> <small> &emsp; &emsp;--- 16 Oct 09:53:03 790 - Catched spinner load exception due to Expected condition failed: waiting for ICar.support.WaitUtils$4@714addf7 (tried for 13 second(s) with 500 milliseconds interval)</small> </font> </div>
<div class="test-event"> <font color="maroon"> <small> &emsp; &emsp;--- 16 Oct 09:53:03 791 - <b>13</b> - Spinner Load Wait: (Sync) - ICar.support.WaitUtils.waitForSpinner(WaitUtils.java:225)</small> </font> </div>
<div class="test-event"> <font color="maroon"> <small> &emsp; &emsp;--- 16 Oct 09:53:23 243 - Catched spinner load exception due to Expected condition failed: waiting for ICar.support.WaitUtils$4@714addf7 (tried for 6 second(s) with 500 milliseconds interval)</small> </font> </div>
<div class="test-event"> <font color="maroon"> <small> &emsp; &emsp;--- 16 Oct 09:53:23 243 - <b>6</b> - Spinner Load Wait: (Sync) - ICar.support.WaitUtils.waitForSpinner(WaitUtils.java:225)</small> </font> </div>
<div class="test-event"> <font color="maroon"> <small> &emsp; &emsp;--- 16 Oct 09:53:23 318 - Element is displayed:: [[ChromeDriver: chrome on WINDOWS (72385580c18278d6540169fe1bdbb889)] -> css selector: button[class*='search-button']]</small> </font> </div>
<div class="test-message">&emsp;2. Navigate to 'SalesForce Page'</div>
<div class="test-event"> <font color="maroon"> <small> &emsp; &emsp;--- 16 Oct 09:53:23 616 - Page URL:: https://i-car--staging.sandbox.lightning.force.com/lightning/r/contact/0031i00000nuarzqa2/view</small> </font> </div>
<div class="test-event"> <font color="maroon"> <small> &emsp; &emsp;--- 16 Oct 09:53:23 616 - <b>0</b> - Page Load Wait: (Sync) - ICar.support.Utils.waitForPageLoad(Utils.java:109)</small> </font> </div>
<div class="test-event"> <font color="maroon"> <small> &emsp; &emsp;--- 16 Oct 09:53:28 884 - Page URL:: https://i-car--staging.sandbox.lightning.force.com/lightning/r/contact/0031i00000nuarzqa2/view</small> </font> </div>
<div class="test-event"> <font color="maroon"> <small> &emsp; &emsp;--- 16 Oct 09:53:28 884 - <b>0</b> - Page Load Wait: (Sync) - ICar.support.Utils.waitForPageLoad(Utils.java:109)</small> </font> </div>
<div class="test-message">&emsp;Successfully navigated to 'Login' Page&emsp;<a href=".\ScreenShot\ICar_BAM640_TC02_39980448187400.png" target="_blank" >[ScreenShot]</a></div>
<div class="test-message">&emsp;3. Enter the user credentials as : icaradminautomation3@i-car.com.staging</div>
<div class="test-event"> <font color="maroon"> <small> &emsp; &emsp;--- 16 Oct 09:53:33 640 - Page URL:: https://i-car--staging.sandbox.lightning.force.com/lightning/o/account/list?filtername=accounts</small> </font> </div>
<div class="test-event"> <font color="maroon"> <small> &emsp; &emsp;--- 16 Oct 09:53:33 640 - <b>0</b> - Page Load Wait: (Sync) - ICar.support.Utils.waitForPageLoad(Utils.java:109)</small> </font> </div>
<div class="test-event"> <font color="maroon"> <small> &emsp; &emsp;--- 16 Oct 09:53:39 022 - Page URL:: https://i-car--staging.sandbox.lightning.force.com/lightning/o/account/list?filtername=accounts</small> </font> </div>
<div class="test-event"> <font color="maroon"> <small> &emsp; &emsp;--- 16 Oct 09:53:39 022 - <b>0</b> - Page Load Wait: (Sync) - ICar.support.Utils.waitForPageLoad(Utils.java:109)</small> </font> </div>
<div class="test-message">&emsp;Close the tab</div>
<div class="test-event"> <font color="maroon"> <small> &emsp; &emsp;--- 16 Oct 09:53:44 426 - Page URL:: https://i-car--staging.sandbox.lightning.force.com/lightning/o/account/list?filtername=accounts</small> </font> </div>
<div class="test-event"> <font color="maroon"> <small> &emsp; &emsp;--- 16 Oct 09:53:44 426 - <b>0</b> - Page Load Wait: (Sync) - ICar.support.Utils.waitForPageLoad(Utils.java:109)</small> </font> </div>
<div class="test-event"> <font color="maroon"> <small> &emsp; &emsp;--- 16 Oct 09:53:44 469 - Element is displayed:: [[ChromeDriver: chrome on WINDOWS (72385580c18278d6540169fe1bdbb889)] -> css selector: button[class*='search-button']]</small> </font> </div>
<div class="test-event"> <font color="maroon"> <small> &emsp; &emsp;--- 16 Oct 09:53:46 560 - Catched spinner load exception due to Expected condition failed: waiting for ICar.support.WaitUtils$4@714addf7 (tried for 2 second(s) with 500 milliseconds interval)</small> </font> </div>
<div class="test-event"> <font color="maroon"> <small> &emsp; &emsp;--- 16 Oct 09:53:46 560 - <b>2</b> - Spinner Load Wait: (Sync) - ICar.support.WaitUtils.waitForSpinner(WaitUtils.java:225)</small> </font> </div>
<div class="test-event"> <font color="maroon"> <small> &emsp; &emsp;--- 16 Oct 09:53:49 645 - Element is displayed:: [[ChromeDriver: chrome on WINDOWS (72385580c18278d6540169fe1bdbb889)] -> css selector: button[class*='search-button']]</small> </font> </div>
<div class="test-event"> <font color="maroon"> <small> &emsp; &emsp;--- 16 Oct 09:53:50 280 - Page URL:: https://i-car--staging.sandbox.lightning.force.com/lightning/o/account/list?filtername=accounts</small> </font> </div>
<div class="test-event"> <font color="maroon"> <small> &emsp; &emsp;--- 16 Oct 09:53:50 280 - <b>0</b> - Page Load Wait: (Sync) - ICar.support.Utils.waitForPageLoad(Utils.java:109)</small> </font> </div>
<div class="test-event"> <font color="maroon"> <small> &emsp; &emsp;--- 16 Oct 09:54:10 219 - Catched spinner load exception due to Expected condition failed: waiting for ICar.support.WaitUtils$4@714addf7 (tried for 10 second(s) with 500 milliseconds interval)</small> </font> </div>
<div class="test-event"> <font color="maroon"> <small> &emsp; &emsp;--- 16 Oct 09:54:10 219 - <b>10</b> - Spinner Load Wait: (Sync) - ICar.support.WaitUtils.waitForSpinner(WaitUtils.java:225)</small> </font> </div>
<div class="test-event"> <font color="maroon"> <small> &emsp; &emsp;--- 16 Oct 09:54:11 142 - Page URL:: https://i-car--staging.sandbox.lightning.force.com/one/one.app#eyjjb21wb25lbnrezwyioijmb3jjzvnlyxjjadpzzwfyy2hqywdlrgvza3rvccisimf0dhjpynv0zxmionsidgvybsi6ikdlcmjlcibdb2xsaxnpb24gjibhbgfzcyatieftc3rlcmrhbsisinnjb3bltwfwijp7inr5cguioijut1bfukvtvuxuuyisim5hbwvzcgfjzsi6iiisimxhymvsijoivg9wifjlc3vsdhmilcjsywjlbfbsdxjhbci6ilrvccbszxn1bhrziiwicmvzdwx0c0ntcci6imzvcmnlu2vhcmnoonbyzwrpy3rlzfjlc3vsdhmifswiy29udgv4dci6eyjgsuxurvjtijp7fswic2vhcmnou291cmnlijoiqvntsvnuqu5ux0rjquxpryisimrpc2fibgvjbnrlbnrrdwvyesi6zmfsc2usimrpc2fibgvtcgvsbenvcnjly3rpb24iomzhbhnllcjzzwfyy2heawfsb2dtzxnzaw9uswqioiixmwy3nja1ni1kzdvklthkzwqtzdk0yy04m2e1nte1ndizmdeilcjkzwj1z0luzm8ionsiyxbwtmftzsi6ikldyxjfu2vydmljzv9db25zb2xliiwiyxbwvhlwzsi6iknvbnnvbguilcjhchboyw1lc3bhy2uioijjiiwibg9jyxrpb24ioijmb3jjztpvymply3rib21lrgvza3rvccisinnvymply3ruexblijoiqwnjb3vudcj9fswiz3jvdxbjzci6ikrfrkfvtfqifswic3rhdguiont9fq%3d%3d</small> </font> </div>
<div class="test-event"> <font color="maroon"> <small> &emsp; &emsp;--- 16 Oct 09:54:11 142 - <b>0</b> - Page Load Wait: (Sync) - ICar.support.Utils.waitForPageLoad(Utils.java:109)</small> </font> </div>
<div class="test-event"> <font color="maroon"> <small> &emsp; &emsp;--- 16 Oct 09:54:22 570 - Catched spinner load exception due to Expected condition failed: waiting for ICar.support.WaitUtils$4@714addf7 (tried for 11 second(s) with 500 milliseconds interval)</small> </font> </div>
<div class="test-event"> <font color="maroon"> <small> &emsp; &emsp;--- 16 Oct 09:54:22 570 - <b>11</b> - Spinner Load Wait: (Sync) - ICar.support.WaitUtils.waitForSpinner(WaitUtils.java:225)</small> </font> </div>
<div class="test-event"> <font color="maroon"> <small> &emsp; &emsp;--- 16 Oct 09:54:23 388 - Page URL:: https://i-car--staging.sandbox.lightning.force.com/one/one.app#eyjjb21wb25lbnrezwyioijmb3jjzvnlyxjjadpzzwfyy2hqywdlrgvza3rvccisimf0dhjpynv0zxmionsidgvybsi6ikdlcmjlcibdb2xsaxnpb24gjibhbgfzcyatieftc3rlcmrhbsisinnjb3bltwfwijp7inr5cguioijut1bfukvtvuxuuyisim5hbwvzcgfjzsi6iiisimxhymvsijoivg9wifjlc3vsdhmilcjsywjlbfbsdxjhbci6ilrvccbszxn1bhrziiwicmvzdwx0c0ntcci6imzvcmnlu2vhcmnoonbyzwrpy3rlzfjlc3vsdhmifswiy29udgv4dci6eyjgsuxurvjtijp7fswic2vhcmnou291cmnlijoiqvntsvnuqu5ux0rjquxpryisimrpc2fibgvjbnrlbnrrdwvyesi6zmfsc2usimrpc2fibgvtcgvsbenvcnjly3rpb24iomzhbhnllcjzzwfyy2heawfsb2dtzxnzaw9uswqioiixmwy3nja1ni1kzdvklthkzwqtzdk0yy04m2e1nte1ndizmdeilcjkzwj1z0luzm8ionsiyxbwtmftzsi6ikldyxjfu2vydmljzv9db25zb2xliiwiyxbwvhlwzsi6iknvbnnvbguilcjhchboyw1lc3bhy2uioijjiiwibg9jyxrpb24ioijmb3jjztpvymply3rib21lrgvza3rvccisinnvymply3ruexblijoiqwnjb3vudcj9fswiz3jvdxbjzci6ikrfrkfvtfqifswic3rhdguiont9fq%3d%3d</small> </font> </div>
<div class="test-event"> <font color="maroon"> <small> &emsp; &emsp;--- 16 Oct 09:54:23 388 - <b>0</b> - Page Load Wait: (Sync) - ICar.support.Utils.waitForPageLoad(Utils.java:109)</small> </font> </div>
<div class="test-event"> <font color="maroon"> <small> &emsp; &emsp;--- 16 Oct 09:54:23 448 - Element is displayed:: [[ChromeDriver: chrome on WINDOWS (72385580c18278d6540169fe1bdbb889)] -> xpath: //a[@title='Top Results']//span[text()='Top Results']]</small> </font> </div>
<div class="test-event"> <font color="maroon"> <small> &emsp; &emsp;--- 16 Oct 09:54:23 972 - Page URL:: https://i-car--staging.sandbox.lightning.force.com/one/one.app#eyjjb21wb25lbnrezwyioijmb3jjzvnlyxjjadpzzwfyy2hqywdlrgvza3rvccisimf0dhjpynv0zxmionsidgvybsi6ikdlcmjlcibdb2xsaxnpb24gjibhbgfzcyatieftc3rlcmrhbsisinnjb3bltwfwijp7inr5cguioijut1bfukvtvuxuuyisim5hbwvzcgfjzsi6iiisimxhymvsijoivg9wifjlc3vsdhmilcjsywjlbfbsdxjhbci6ilrvccbszxn1bhrziiwicmvzdwx0c0ntcci6imzvcmnlu2vhcmnoonbyzwrpy3rlzfjlc3vsdhmifswiy29udgv4dci6eyjgsuxurvjtijp7fswic2vhcmnou291cmnlijoiqvntsvnuqu5ux0rjquxpryisimrpc2fibgvjbnrlbnrrdwvyesi6zmfsc2usimrpc2fibgvtcgvsbenvcnjly3rpb24iomzhbhnllcjzzwfyy2heawfsb2dtzxnzaw9uswqioiixmwy3nja1ni1kzdvklthkzwqtzdk0yy04m2e1nte1ndizmdeilcjkzwj1z0luzm8ionsiyxbwtmftzsi6ikldyxjfu2vydmljzv9db25zb2xliiwiyxbwvhlwzsi6iknvbnnvbguilcjhchboyw1lc3bhy2uioijjiiwibg9jyxrpb24ioijmb3jjztpvymply3rib21lrgvza3rvccisinnvymply3ruexblijoiqwnjb3vudcj9fswiz3jvdxbjzci6ikrfrkfvtfqifswic3rhdguiont9fq%3d%3d</small> </font> </div>
<div class="test-event"> <font color="maroon"> <small> &emsp; &emsp;--- 16 Oct 09:54:23 972 - <b>0</b> - Page Load Wait: (Sync) - ICar.support.Utils.waitForPageLoad(Utils.java:109)</small> </font> </div>
<div class="test-event"> <font color="maroon"> <small> &emsp; &emsp;--- 16 Oct 09:54:29 233 - Catched spinner load exception due to Expected condition failed: waiting for ICar.support.WaitUtils$4@714addf7 (tried for 5 second(s) with 500 milliseconds interval)</small> </font> </div>
<div class="test-event"> <font color="maroon"> <small> &emsp; &emsp;--- 16 Oct 09:54:29 233 - <b>5</b> - Spinner Load Wait: (Sync) - ICar.support.WaitUtils.waitForSpinner(WaitUtils.java:225)</small> </font> </div>
<div class="test-event"> <font color="maroon"> <small> &emsp; &emsp;--- 16 Oct 09:54:29 955 - Page URL:: https://i-car--staging.sandbox.lightning.force.com/one/one.app#eyjjb21wb25lbnrezwyioijmb3jjzvnlyxjjadpzzwfyy2hqywdlrgvza3rvccisimf0dhjpynv0zxmionsidgvybsi6ikdlcmjlcibdb2xsaxnpb24gjibhbgfzcyatieftc3rlcmrhbsisinnjb3bltwfwijp7inr5cguioijut1bfukvtvuxuuyisim5hbwvzcgfjzsi6iiisimxhymvsijoivg9wifjlc3vsdhmilcjsywjlbfbsdxjhbci6ilrvccbszxn1bhrziiwicmvzdwx0c0ntcci6imzvcmnlu2vhcmnoonbyzwrpy3rlzfjlc3vsdhmifswiy29udgv4dci6eyjgsuxurvjtijp7fswic2vhcmnou291cmnlijoiqvntsvnuqu5ux0rjquxpryisimrpc2fibgvjbnrlbnrrdwvyesi6zmfsc2usimrpc2fibgvtcgvsbenvcnjly3rpb24iomzhbhnllcjzzwfyy2heawfsb2dtzxnzaw9uswqioiixmwy3nja1ni1kzdvklthkzwqtzdk0yy04m2e1nte1ndizmdeilcjkzwj1z0luzm8ionsiyxbwtmftzsi6ikldyxjfu2vydmljzv9db25zb2xliiwiyxbwvhlwzsi6iknvbnnvbguilcjhchboyw1lc3bhy2uioijjiiwibg9jyxrpb24ioijmb3jjztpvymply3rib21lrgvza3rvccisinnvymply3ruexblijoiqwnjb3vudcj9fswiz3jvdxbjzci6ikrfrkfvtfqifswic3rhdguiont9fq%3d%3d</small> </font> </div>
<div class="test-event"> <font color="maroon"> <small> &emsp; &emsp;--- 16 Oct 09:54:29 955 - <b>0</b> - Page Load Wait: (Sync) - ICar.support.Utils.waitForPageLoad(Utils.java:109)</small> </font> </div>
<div class="test-event"> <font color="maroon"> <small> &emsp; &emsp;--- 16 Oct 09:54:30 660 - Page URL:: https://i-car--staging.sandbox.lightning.force.com/one/one.app#eyjjb21wb25lbnrezwyioijmb3jjzvnlyxjjadpzzwfyy2hqywdlrgvza3rvccisimf0dhjpynv0zxmionsidgvybsi6ikdlcmjlcibdb2xsaxnpb24gjibhbgfzcyatieftc3rlcmrhbsisinnjb3bltwfwijp7inr5cguioijut1bfukvtvuxuuyisim5hbwvzcgfjzsi6iiisimxhymvsijoivg9wifjlc3vsdhmilcjsywjlbfbsdxjhbci6ilrvccbszxn1bhrziiwicmvzdwx0c0ntcci6imzvcmnlu2vhcmnoonbyzwrpy3rlzfjlc3vsdhmifswiy29udgv4dci6eyjgsuxurvjtijp7fswic2vhcmnou291cmnlijoiqvntsvnuqu5ux0rjquxpryisimrpc2fibgvjbnrlbnrrdwvyesi6zmfsc2usimrpc2fibgvtcgvsbenvcnjly3rpb24iomzhbhnllcjzzwfyy2heawfsb2dtzxnzaw9uswqioiixmwy3nja1ni1kzdvklthkzwqtzdk0yy04m2e1nte1ndizmdeilcjkzwj1z0luzm8ionsiyxbwtmftzsi6ikldyxjfu2vydmljzv9db25zb2xliiwiyxbwvhlwzsi6iknvbnnvbguilcjhchboyw1lc3bhy2uioijjiiwibg9jyxrpb24ioijmb3jjztpvymply3rib21lrgvza3rvccisinnvymply3ruexblijoiqwnjb3vudcj9fswiz3jvdxbjzci6ikrfrkfvtfqifswic3rhdguiont9fq%3d%3d</small> </font> </div>
<div class="test-event"> <font color="maroon"> <small> &emsp; &emsp;--- 16 Oct 09:54:30 660 - <b>0</b> - Page Load Wait: (Sync) - ICar.support.Utils.waitForPageLoad(Utils.java:109)</small> </font> </div>
<div class="test-event"> <font color="maroon"> <small> &emsp; &emsp;--- 16 Oct 09:54:31 370 - Page URL:: https://i-car--staging.sandbox.lightning.force.com/one/one.app#eyjjb21wb25lbnrezwyioijmb3jjzvnlyxjjadpzzwfyy2hqywdlrgvza3rvccisimf0dhjpynv0zxmionsidgvybsi6ikdlcmjlcibdb2xsaxnpb24gjibhbgfzcyatieftc3rlcmrhbsisinnjb3bltwfwijp7inr5cguioijut1bfukvtvuxuuyisim5hbwvzcgfjzsi6iiisimxhymvsijoivg9wifjlc3vsdhmilcjsywjlbfbsdxjhbci6ilrvccbszxn1bhrziiwicmvzdwx0c0ntcci6imzvcmnlu2vhcmnoonbyzwrpy3rlzfjlc3vsdhmifswiy29udgv4dci6eyjgsuxurvjtijp7fswic2vhcmnou291cmnlijoiqvntsvnuqu5ux0rjquxpryisimrpc2fibgvjbnrlbnrrdwvyesi6zmfsc2usimrpc2fibgvtcgvsbenvcnjly3rpb24iomzhbhnllcjzzwfyy2heawfsb2dtzxnzaw9uswqioiixmwy3nja1ni1kzdvklthkzwqtzdk0yy04m2e1nte1ndizmdeilcjkzwj1z0luzm8ionsiyxbwtmftzsi6ikldyxjfu2vydmljzv9db25zb2xliiwiyxbwvhlwzsi6iknvbnnvbguilcjhchboyw1lc3bhy2uioijjiiwibg9jyxrpb24ioijmb3jjztpvymply3rib21lrgvza3rvccisinnvymply3ruexblijoiqwnjb3vudcj9fswiz3jvdxbjzci6ikrfrkfvtfqifswic3rhdguiont9fq%3d%3d</small> </font> </div>
<div class="test-event"> <font color="maroon"> <small> &emsp; &emsp;--- 16 Oct 09:54:31 371 - <b>0</b> - Page Load Wait: (Sync) - ICar.support.Utils.waitForPageLoad(Utils.java:109)</small> </font> </div>
<div class="test-event"> <font color="maroon"> <small> &emsp; &emsp;--- 16 Oct 09:54:41 775 - Catched spinner load exception due to Expected condition failed: waiting for ICar.support.WaitUtils$4@714addf7 (tried for 10 second(s) with 500 milliseconds interval)</small> </font> </div>
<div class="test-event"> <font color="maroon"> <small> &emsp; &emsp;--- 16 Oct 09:54:41 776 - <b>10</b> - Spinner Load Wait: (Sync) - ICar.support.WaitUtils.waitForSpinner(WaitUtils.java:225)</small> </font> </div>
<div class="test-event"> <font color="maroon"> <small> &emsp; &emsp;--- 16 Oct 09:54:41 810 - Element is displayed:: [[ChromeDriver: chrome on WINDOWS (72385580c18278d6540169fe1bdbb889)] -> css selector: div.forceSearchResultsRegion div.resultsMultiWrapper >div > div table tbody th a]</small> </font> </div>
<div class="test-event"> <font color="maroon"> <small> &emsp; &emsp;--- 16 Oct 09:54:41 909 - Element is displayed:: [[ChromeDriver: chrome on WINDOWS (72385580c18278d6540169fe1bdbb889)] -> css selector: div.forceSearchResultsRegion div.resultsMultiWrapper >div > div table tbody th a]</small> </font> </div>
<div class="test-message">&emsp;4. click on Account : Gerber Collision & Glass - Amsterdam</div>
<div class="test-event"> <font color="maroon"> <small> &emsp; &emsp;--- 16 Oct 09:54:42 883 - Page URL:: https://i-car--staging.sandbox.lightning.force.com/one/one.app#eyjjb21wb25lbnrezwyioijmb3jjzvnlyxjjadpzzwfyy2hqywdlrgvza3rvccisimf0dhjpynv0zxmionsidgvybsi6ikdlcmjlcibdb2xsaxnpb24gjibhbgfzcyatieftc3rlcmrhbsisinnjb3bltwfwijp7inr5cguioijut1bfukvtvuxuuyisim5hbwvzcgfjzsi6iiisimxhymvsijoivg9wifjlc3vsdhmilcjsywjlbfbsdxjhbci6ilrvccbszxn1bhrziiwicmvzdwx0c0ntcci6imzvcmnlu2vhcmnoonbyzwrpy3rlzfjlc3vsdhmifswiy29udgv4dci6eyjgsuxurvjtijp7fswic2vhcmnou291cmnlijoiqvntsvnuqu5ux0rjquxpryisimrpc2fibgvjbnrlbnrrdwvyesi6zmfsc2usimrpc2fibgvtcgvsbenvcnjly3rpb24iomzhbhnllcjzzwfyy2heawfsb2dtzxnzaw9uswqioiixmwy3nja1ni1kzdvklthkzwqtzdk0yy04m2e1nte1ndizmdeilcjkzwj1z0luzm8ionsiyxbwtmftzsi6ikldyxjfu2vydmljzv9db25zb2xliiwiyxbwvhlwzsi6iknvbnnvbguilcjhchboyw1lc3bhy2uioijjiiwibg9jyxrpb24ioijmb3jjztpvymply3rib21lrgvza3rvccisinnvymply3ruexblijoiqwnjb3vudcj9fswiz3jvdxbjzci6ikrfrkfvtfqifswic3rhdguiont9fq%3d%3d</small> </font> </div>
<div class="test-event"> <font color="maroon"> <small> &emsp; &emsp;--- 16 Oct 09:54:42 883 - <b>0</b> - Page Load Wait: (Sync) - ICar.support.Utils.waitForPageLoad(Utils.java:109)</small> </font> </div>
<div class="test-event"> <font color="maroon"> <small> &emsp; &emsp;--- 16 Oct 09:54:58 290 - Catched spinner load exception due to Expected condition failed: waiting for ICar.support.WaitUtils$4@714addf7 (tried for 15 second(s) with 500 milliseconds interval)</small> </font> </div>
<div class="test-event"> <font color="maroon"> <small> &emsp; &emsp;--- 16 Oct 09:54:58 290 - <b>15</b> - Spinner Load Wait: (Sync) - ICar.support.WaitUtils.waitForSpinner(WaitUtils.java:225)</small> </font> </div>
<div class="test-event"> <font color="maroon"> <small> &emsp; &emsp;--- 16 Oct 09:54:59 186 - Page URL:: https://i-car--staging.sandbox.lightning.force.com/lightning/r/account/0011i00000uwihwqa2/view</small> </font> </div>
<div class="test-event"> <font color="maroon"> <small> &emsp; &emsp;--- 16 Oct 09:54:59 186 - <b>0</b> - Page Load Wait: (Sync) - ICar.support.Utils.waitForPageLoad(Utils.java:109)</small> </font> </div>
<div class="test-event"> <font color="maroon"> <small> &emsp; &emsp;--- 16 Oct 09:55:01 356 - Element is displayed:: [[ChromeDriver: chrome on WINDOWS (72385580c18278d6540169fe1bdbb889)] -> xpath: //button[normalize-space()='Roster']]</small> </font> </div>
<div class="test-event"> <font color="maroon"> <small> &emsp; &emsp;--- 16 Oct 09:55:02 240 - Page URL:: https://i-car--staging.sandbox.lightning.force.com/lightning/r/account/0011i00000uwihwqa2/view</small> </font> </div>
<div class="test-event"> <font color="maroon"> <small> &emsp; &emsp;--- 16 Oct 09:55:02 240 - <b>0</b> - Page Load Wait: (Sync) - ICar.support.Utils.waitForPageLoad(Utils.java:109)</small> </font> </div>
<div class="test-event"> <font color="maroon"> <small> &emsp; &emsp;--- 16 Oct 09:55:03 157 - Page URL:: https://i-car--staging.sandbox.lightning.force.com/lightning/r/account/0011i00000uwihwqa2/view</small> </font> </div>
<div class="test-event"> <font color="maroon"> <small> &emsp; &emsp;--- 16 Oct 09:55:03 158 - <b>0</b> - Page Load Wait: (Sync) - ICar.support.Utils.waitForPageLoad(Utils.java:109)</small> </font> </div>
<div class="test-event"> <font color="maroon"> <small> &emsp; &emsp;--- 16 Oct 09:55:18 160 - Catched spinner load exception due to Expected condition failed: waiting for ICar.support.WaitUtils$4@714addf7 (tried for 15 second(s) with 500 milliseconds interval)</small> </font> </div>
<div class="test-event"> <font color="maroon"> <small> &emsp; &emsp;--- 16 Oct 09:55:18 160 - <b>15</b> - Spinner Load Wait: (Sync) - ICar.support.WaitUtils.waitForSpinner(WaitUtils.java:225)</small> </font> </div>
<div class="test-event"> <font color="maroon"> <small> &emsp; &emsp;--- 16 Oct 09:55:19 362 - Page URL:: https://i-car--staging.sandbox.lightning.force.com/one/one.app#eyjjb21wb25lbnrezwyioijvbmu6ywxvagfqywdliiwiyxr0cmlidxrlcyi6eyjhzgryzxnzijoiahr0chm6ly9plwnhci0tc3rhz2luzy0tyy5zyw5kym94lnzmlmzvcmnllmnvbs9hcgv4l1jvc3rlck1hbmfnzw1lbnq%2fswq9mdaxmukwmdawmhv3suhxin0sinn0yxrlijp7indzijoil2xpz2h0bmluzy9yl0fjy291bnqvmdaxmukwmdawmhv3suhxuueyl3zpzxcifx0%3d</small> </font> </div>
<div class="test-event"> <font color="maroon"> <small> &emsp; &emsp;--- 16 Oct 09:55:19 362 - <b>1</b> - Page Load Wait: (Sync) - ICar.support.Utils.waitForPageLoad(Utils.java:109)</small> </font> </div>
<div class="test-message">&emsp;5. Click on account roster Gerber Collision & Glass - Amsterdam</div>
<div class="test-event"> <font color="maroon"> <small> &emsp; &emsp;--- 16 Oct 09:55:29 397 - Catched spinner load exception due to Expected condition failed: waiting for ICar.support.WaitUtils$4@714addf7 (tried for 10 second(s) with 500 milliseconds interval)</small> </font> </div>
<div class="test-event"> <font color="maroon"> <small> &emsp; &emsp;--- 16 Oct 09:55:29 397 - <b>10</b> - Spinner Load Wait: (Sync) - ICar.support.WaitUtils.waitForSpinner(WaitUtils.java:225)</small> </font> </div>
<div class="test-event"> <font color="maroon"> <small> &emsp; &emsp;--- 16 Oct 09:55:31 525 - Element is displayed:: [[ChromeDriver: chrome on WINDOWS (72385580c18278d6540169fe1bdbb889)] -> xpath: //span[text()='All']]</small> </font> </div>
<div class="test-event"> <font color="maroon"> <small> &emsp; &emsp;--- 16 Oct 09:55:39 932 - Catched spinner load exception due to Expected condition failed: waiting for ICar.support.WaitUtils$4@714addf7 (tried for 5 second(s) with 500 milliseconds interval)</small> </font> </div>
<div class="test-event"> <font color="maroon"> <small> &emsp; &emsp;--- 16 Oct 09:55:39 932 - <b>5</b> - Spinner Load Wait: (Sync) - ICar.support.WaitUtils.waitForSpinner(WaitUtils.java:225)</small> </font> </div>
<div class="test-event"> <font color="maroon"> <small> &emsp; &emsp;--- 16 Oct 09:55:44 378 - Page URL:: https://i-car--staging.sandbox.lightning.force.com/one/one.app#eyjjb21wb25lbnrezwyioijvbmu6ywxvagfqywdliiwiyxr0cmlidxrlcyi6eyjhzgryzxnzijoiahr0chm6ly9plwnhci0tc3rhz2luzy0tyy5zyw5kym94lnzmlmzvcmnllmnvbs9hcgv4l1jvc3rlck1hbmfnzw1lbnq%2fswq9mdaxmukwmdawmhv3suhxin0sinn0yxrlijp7indzijoil2xpz2h0bmluzy9yl0fjy291bnqvmdaxmukwmdawmhv3suhxuueyl3zpzxcifx0%3d</small> </font> </div>
<div class="test-event"> <font color="maroon"> <small> &emsp; &emsp;--- 16 Oct 09:55:44 378 - <b>1</b> - Page Load Wait: (Sync) - ICar.support.Utils.waitForPageLoad(Utils.java:109)</small> </font> </div>
<div class="test-event"> <font color="maroon"> <small> &emsp; &emsp;--- 16 Oct 09:55:59 496 - Catched spinner load exception due to Expected condition failed: waiting for ICar.support.WaitUtils$4@714addf7 (tried for 15 second(s) with 500 milliseconds interval)</small> </font> </div>
<div class="test-event"> <font color="maroon"> <small> &emsp; &emsp;--- 16 Oct 09:55:59 497 - <b>15</b> - Spinner Load Wait: (Sync) - ICar.support.WaitUtils.waitForSpinner(WaitUtils.java:225)</small> </font> </div>
<div class="test-event"> <font color="maroon"> <small> &emsp; &emsp;--- 16 Oct 09:56:00 790 - Page URL:: https://i-car--staging.sandbox.lightning.force.com/one/one.app#eyjjb21wb25lbnrezwyioijvbmu6ywxvagfqywdliiwiyxr0cmlidxrlcyi6eyjhzgryzxnzijoiahr0chm6ly9plwnhci0tc3rhz2luzy0tyy5zyw5kym94lnzmlmzvcmnllmnvbs9hcgv4l1jvc3rlck1hbmfnzw1lbnq%2fswq9mdaxmukwmdawmhv3suhxin0sinn0yxrlijp7indzijoil2xpz2h0bmluzy9yl0fjy291bnqvmdaxmukwmdawmhv3suhxuueyl3zpzxcifx0%3d</small> </font> </div>
<div class="test-event"> <font color="maroon"> <small> &emsp; &emsp;--- 16 Oct 09:56:00 790 - <b>1</b> - Page Load Wait: (Sync) - ICar.support.Utils.waitForPageLoad(Utils.java:109)</small> </font> </div>
<div class="test-message">&emsp;Exception occurred while fetching employement start date from account roster org.openqa.selenium.NoSuchElementException: no such element: Unable to locate element: {"method":"xpath","selector":"(//table[@class='slds-table slds-table_cell-buffer slds-table_bordered'])[last()]/tbody/tr/td[@data-label='sName']/div[@title='Moore, Patrick']//parent::td//following-sibling::td[@data-label='startDate']/div/div/span"}
  (Session info: chrome=129.0.6668.101)
For documentation on this error, please visit: https://selenium.dev/exceptions/#no_such_element
Build info: version: '4.6.0', revision: '79f1c02ae20'
System info: os.name: 'Windows 10', os.arch: 'amd64', os.version: '10.0', java.version: '16.0.2'
Driver info: org.openqa.selenium.chrome.ChromeDriver
Command: [72385580c18278d6540169fe1bdbb889, findElement {using=xpath, value=(//table[@class='slds-table slds-table_cell-buffer slds-table_bordered'])[last()]/tbody/tr/td[@data-label='sName']/div[@title='Moore, Patrick']//parent::td//following-sibling::td[@data-label='startDate']/div/div/span}]
Capabilities {acceptInsecureCerts: false, browserName: chrome, browserVersion: 129.0.6668.101, chrome: {chromedriverVersion: 129.0.6668.58 (81a06fb873a9..., userDataDir: C:\Users\PRATHA~1.KUM\AppDa...}, fedcm:accounts: true, goog:chromeOptions: {debuggerAddress: localhost:53996}, networkConnectionEnabled: false, pageLoadStrategy: normal, platformName: WINDOWS, proxy: Proxy(), se:cdp: ws://localhost:53996/devtoo..., se:cdpVersion: 129.0.6668.101, setWindowRect: true, strictFileInteractability: false, timeouts: {implicit: 0, pageLoad: 300000, script: 30000}, unhandledPromptBehavior: dismiss and notify, webauthn:extension:credBlob: true, webauthn:extension:largeBlob: true, webauthn:extension:minPinLength: true, webauthn:extension:prf: true, webauthn:virtualAuthenticators: true}
Session ID: 72385580c18278d6540169fe1bdbb889</div>
<div class="test-event"> <font color="maroon"> <small> &emsp; &emsp;--- 16 Oct 09:56:01 988 - Page URL:: https://i-car--staging.sandbox.lightning.force.com/one/one.app#eyjjb21wb25lbnrezwyioijvbmu6ywxvagfqywdliiwiyxr0cmlidxrlcyi6eyjhzgryzxnzijoiahr0chm6ly9plwnhci0tc3rhz2luzy0tyy5zyw5kym94lnzmlmzvcmnllmnvbs9hcgv4l1jvc3rlck1hbmfnzw1lbnq%2fswq9mdaxmukwmdawmhv3suhxin0sinn0yxrlijp7indzijoil2xpz2h0bmluzy9yl0fjy291bnqvmdaxmukwmdawmhv3suhxuueyl3zpzxcifx0%3d</small> </font> </div>
<div class="test-event"> <font color="maroon"> <small> &emsp; &emsp;--- 16 Oct 09:56:01 988 - <b>1</b> - Page Load Wait: (Sync) - ICar.support.Utils.waitForPageLoad(Utils.java:109)</small> </font> </div>
<div class="test-event"> <font color="maroon"> <small> &emsp; &emsp;--- 16 Oct 09:56:08 138 - Page URL:: https://i-car--staging.sandbox.lightning.force.com/one/one.app#eyjjb21wb25lbnrezwyioijvbmu6ywxvagfqywdliiwiyxr0cmlidxrlcyi6eyjhzgryzxnzijoiahr0chm6ly9plwnhci0tc3rhz2luzy0tyy5zyw5kym94lnzmlmzvcmnllmnvbs9hcgv4l1jvc3rlck1hbmfnzw1lbnq%2fswq9mdaxmukwmdawmhv3suhxin0sinn0yxrlijp7indzijoil2xpz2h0bmluzy9yl0fjy291bnqvmdaxmukwmdawmhv3suhxuueyl3zpzxcifx0%3d</small> </font> </div>
<div class="test-event"> <font color="maroon"> <small> &emsp; &emsp;--- 16 Oct 09:56:08 138 - <b>1</b> - Page Load Wait: (Sync) - ICar.support.Utils.waitForPageLoad(Utils.java:109)</small> </font> </div>
<div class="test-message">&emsp;Close the tab</div>
<div class="test-event"> <font color="maroon"> <small> &emsp; &emsp;--- 16 Oct 09:56:14 505 - Page URL:: https://i-car--staging.sandbox.lightning.force.com/one/one.app#eyjjb21wb25lbnrezwyioijvbmu6ywxvagfqywdliiwiyxr0cmlidxrlcyi6eyjhzgryzxnzijoiahr0chm6ly9plwnhci0tc3rhz2luzy0tyy5zyw5kym94lnzmlmzvcmnllmnvbs9hcgv4l1jvc3rlck1hbmfnzw1lbnq%2fswq9mdaxmukwmdawmhv3suhxin0sinn0yxrlijp7indzijoil2xpz2h0bmluzy9yl0fjy291bnqvmdaxmukwmdawmhv3suhxuueyl3zpzxcifx0%3d</small> </font> </div>
<div class="test-event"> <font color="maroon"> <small> &emsp; &emsp;--- 16 Oct 09:56:14 505 - <b>1</b> - Page Load Wait: (Sync) - ICar.support.Utils.waitForPageLoad(Utils.java:109)</small> </font> </div>
<div class="test-event"> <font color="maroon"> <small> &emsp; &emsp;--- 16 Oct 09:56:20 746 - Page URL:: https://i-car--staging.sandbox.lightning.force.com/one/one.app#eyjjb21wb25lbnrezwyioijvbmu6ywxvagfqywdliiwiyxr0cmlidxrlcyi6eyjhzgryzxnzijoiahr0chm6ly9plwnhci0tc3rhz2luzy0tyy5zyw5kym94lnzmlmzvcmnllmnvbs9hcgv4l1jvc3rlck1hbmfnzw1lbnq%2fswq9mdaxmukwmdawmhv3suhxin0sinn0yxrlijp7indzijoil2xpz2h0bmluzy9yl0fjy291bnqvmdaxmukwmdawmhv3suhxuueyl3zpzxcifx0%3d</small> </font> </div>
<div class="test-event"> <font color="maroon"> <small> &emsp; &emsp;--- 16 Oct 09:56:20 746 - <b>1</b> - Page Load Wait: (Sync) - ICar.support.Utils.waitForPageLoad(Utils.java:109)</small> </font> </div>
<div class="test-message">&emsp;Close the tab</div>
<div class="test-event"> <font color="maroon"> <small> &emsp; &emsp;--- 16 Oct 09:56:27 042 - Page URL:: https://i-car--staging.sandbox.lightning.force.com/one/one.app#eyjjb21wb25lbnrezwyioijvbmu6ywxvagfqywdliiwiyxr0cmlidxrlcyi6eyjhzgryzxnzijoiahr0chm6ly9plwnhci0tc3rhz2luzy0tyy5zyw5kym94lnzmlmzvcmnllmnvbs9hcgv4l1jvc3rlck1hbmfnzw1lbnq%2fswq9mdaxmukwmdawmhv3suhxin0sinn0yxrlijp7indzijoil2xpz2h0bmluzy9yl0fjy291bnqvmdaxmukwmdawmhv3suhxuueyl3zpzxcifx0%3d</small> </font> </div>
<div class="test-event"> <font color="maroon"> <small> &emsp; &emsp;--- 16 Oct 09:56:27 042 - <b>1</b> - Page Load Wait: (Sync) - ICar.support.Utils.waitForPageLoad(Utils.java:109)</small> </font> </div>
<div class="test-event"> <font color="maroon"> <small> &emsp; &emsp;--- 16 Oct 09:56:27 093 - Element is displayed:: [[ChromeDriver: chrome on WINDOWS (72385580c18278d6540169fe1bdbb889)] -> css selector: button[class*='search-button']]</small> </font> </div>
<div class="test-event"> <font color="maroon"> <small> &emsp; &emsp;--- 16 Oct 09:56:29 198 - Catched spinner load exception due to Expected condition failed: waiting for ICar.support.WaitUtils$4@714addf7 (tried for 2 second(s) with 500 milliseconds interval)</small> </font> </div>
<div class="test-event"> <font color="maroon"> <small> &emsp; &emsp;--- 16 Oct 09:56:29 198 - <b>2</b> - Spinner Load Wait: (Sync) - ICar.support.WaitUtils.waitForSpinner(WaitUtils.java:225)</small> </font> </div>
<div class="test-event"> <font color="maroon"> <small> &emsp; &emsp;--- 16 Oct 09:56:32 259 - Element is displayed:: [[ChromeDriver: chrome on WINDOWS (72385580c18278d6540169fe1bdbb889)] -> css selector: button[class*='search-button']]</small> </font> </div>
<div class="test-event"> <font color="maroon"> <small> &emsp; &emsp;--- 16 Oct 09:56:33 822 - Page URL:: https://i-car--staging.sandbox.lightning.force.com/one/one.app#eyjjb21wb25lbnrezwyioijvbmu6ywxvagfqywdliiwiyxr0cmlidxrlcyi6eyjhzgryzxnzijoiahr0chm6ly9plwnhci0tc3rhz2luzy0tyy5zyw5kym94lnzmlmzvcmnllmnvbs9hcgv4l1jvc3rlck1hbmfnzw1lbnq%2fswq9mdaxmukwmdawmhv3suhxin0sinn0yxrlijp7indzijoil2xpz2h0bmluzy9yl0fjy291bnqvmdaxmukwmdawmhv3suhxuueyl3zpzxcifx0%3d</small> </font> </div>
<div class="test-event"> <font color="maroon"> <small> &emsp; &emsp;--- 16 Oct 09:56:33 822 - <b>1</b> - Page Load Wait: (Sync) - ICar.support.Utils.waitForPageLoad(Utils.java:109)</small> </font> </div>
<div class="test-event"> <font color="maroon"> <small> &emsp; &emsp;--- 16 Oct 09:56:53 376 - Catched spinner load exception due to Expected condition failed: waiting for ICar.support.WaitUtils$4@714addf7 (tried for 10 second(s) with 500 milliseconds interval)</small> </font> </div>
<div class="test-event"> <font color="maroon"> <small> &emsp; &emsp;--- 16 Oct 09:56:53 376 - <b>10</b> - Spinner Load Wait: (Sync) - ICar.support.WaitUtils.waitForSpinner(WaitUtils.java:225)</small> </font> </div>
<div class="test-event"> <font color="maroon"> <small> &emsp; &emsp;--- 16 Oct 09:56:54 657 - Page URL:: https://i-car--staging.sandbox.lightning.force.com/one/one.app#eyjjb21wb25lbnrezwyioijmb3jjzvnlyxjjadpzzwfyy2hqywdlrgvza3rvccisimf0dhjpynv0zxmionsidgvybsi6iji5njg1otmilcjzy29wzu1hcci6eyj0exblijoive9qx1jfu1vmvfmilcjuyw1lc3bhy2uioiiilcjsywjlbci6ilrvccbszxn1bhrziiwibgfizwxqbhvyywwioijub3agumvzdwx0cyisinjlc3vsdhndbxaioijmb3jjzvnlyxjjadpwcmvkawn0zwrszxn1bhrzin0simnvbnrlehqionsirklmvevsuyi6e30sinnlyxjjafnvdxjjzsi6ikftu0ltvefovf9esufmt0cilcjkaxnhymxlsw50zw50uxvlcnkiomzhbhnllcjkaxnhymxlu3blbgxdb3jyzwn0aw9uijpmywxzzswic2vhcmnorglhbg9nu2vzc2lvbklkijoiotc3ztm2ntmtndjjzc0wzgi3lwfinmmtnjkyngvmmzy4yzrkiiwizgvidwdjbmzvijp7imfwce5hbwuioijjq2fyx1nlcnzpy2vfq29uc29szsisimfwcfr5cguioijdb25zb2xliiwiyxbwtmftzxnwywnlijoiyyisimxvy2f0aw9uijoib25lomfsb2hhugfnzsj9fswiz3jvdxbjzci6ikrfrkfvtfqifswic3rhdguiont9fq%3d%3d</small> </font> </div>
<div class="test-event"> <font color="maroon"> <small> &emsp; &emsp;--- 16 Oct 09:56:54 657 - <b>1</b> - Page Load Wait: (Sync) - ICar.support.Utils.waitForPageLoad(Utils.java:109)</small> </font> </div>
<div class="test-event"> <font color="maroon"> <small> &emsp; &emsp;--- 16 Oct 09:57:06 136 - Catched spinner load exception due to Expected condition failed: waiting for ICar.support.WaitUtils$4@714addf7 (tried for 11 second(s) with 500 milliseconds interval)</small> </font> </div>
<div class="test-event"> <font color="maroon"> <small> &emsp; &emsp;--- 16 Oct 09:57:06 136 - <b>11</b> - Spinner Load Wait: (Sync) - ICar.support.WaitUtils.waitForSpinner(WaitUtils.java:225)</small> </font> </div>
<div class="test-event"> <font color="maroon"> <small> &emsp; &emsp;--- 16 Oct 09:57:07 302 - Page URL:: https://i-car--staging.sandbox.lightning.force.com/one/one.app#eyjjb21wb25lbnrezwyioijmb3jjzvnlyxjjadpzzwfyy2hqywdlrgvza3rvccisimf0dhjpynv0zxmionsidgvybsi6iji5njg1otmilcjzy29wzu1hcci6eyj0exblijoive9qx1jfu1vmvfmilcjuyw1lc3bhy2uioiiilcjsywjlbci6ilrvccbszxn1bhrziiwibgfizwxqbhvyywwioijub3agumvzdwx0cyisinjlc3vsdhndbxaioijmb3jjzvnlyxjjadpwcmvkawn0zwrszxn1bhrzin0simnvbnrlehqionsirklmvevsuyi6e30sinnlyxjjafnvdxjjzsi6ikftu0ltvefovf9esufmt0cilcjkaxnhymxlsw50zw50uxvlcnkiomzhbhnllcjkaxnhymxlu3blbgxdb3jyzwn0aw9uijpmywxzzswic2vhcmnorglhbg9nu2vzc2lvbklkijoiotc3ztm2ntmtndjjzc0wzgi3lwfinmmtnjkyngvmmzy4yzrkiiwizgvidwdjbmzvijp7imfwce5hbwuioijjq2fyx1nlcnzpy2vfq29uc29szsisimfwcfr5cguioijdb25zb2xliiwiyxbwtmftzxnwywnlijoiyyisimxvy2f0aw9uijoib25lomfsb2hhugfnzsj9fswiz3jvdxbjzci6ikrfrkfvtfqifswic3rhdguiont9fq%3d%3d</small> </font> </div>
<div class="test-event"> <font color="maroon"> <small> &emsp; &emsp;--- 16 Oct 09:57:07 302 - <b>1</b> - Page Load Wait: (Sync) - ICar.support.Utils.waitForPageLoad(Utils.java:109)</small> </font> </div>
<div class="test-event"> <font color="maroon"> <small> &emsp; &emsp;--- 16 Oct 09:57:07 361 - Element is displayed:: [[ChromeDriver: chrome on WINDOWS (72385580c18278d6540169fe1bdbb889)] -> xpath: //a[@title='Top Results']//span[text()='Top Results']]</small> </font> </div>
<div class="test-event"> <font color="maroon"> <small> &emsp; &emsp;--- 16 Oct 09:57:08 578 - Page URL:: https://i-car--staging.sandbox.lightning.force.com/one/one.app#eyjjb21wb25lbnrezwyioijmb3jjzvnlyxjjadpzzwfyy2hqywdlrgvza3rvccisimf0dhjpynv0zxmionsidgvybsi6iji5njg1otmilcjzy29wzu1hcci6eyj0exblijoive9qx1jfu1vmvfmilcjuyw1lc3bhy2uioiiilcjsywjlbci6ilrvccbszxn1bhrziiwibgfizwxqbhvyywwioijub3agumvzdwx0cyisinjlc3vsdhndbxaioijmb3jjzvnlyxjjadpwcmvkawn0zwrszxn1bhrzin0simnvbnrlehqionsirklmvevsuyi6e30sinnlyxjjafnvdxjjzsi6ikftu0ltvefovf9esufmt0cilcjkaxnhymxlsw50zw50uxvlcnkiomzhbhnllcjkaxnhymxlu3blbgxdb3jyzwn0aw9uijpmywxzzswic2vhcmnorglhbg9nu2vzc2lvbklkijoiotc3ztm2ntmtndjjzc0wzgi3lwfinmmtnjkyngvmmzy4yzrkiiwizgvidwdjbmzvijp7imfwce5hbwuioijjq2fyx1nlcnzpy2vfq29uc29szsisimfwcfr5cguioijdb25zb2xliiwiyxbwtmftzxnwywnlijoiyyisimxvy2f0aw9uijoib25lomfsb2hhugfnzsj9fswiz3jvdxbjzci6ikrfrkfvtfqifswic3rhdguiont9fq%3d%3d</small> </font> </div>
<div class="test-event"> <font color="maroon"> <small> &emsp; &emsp;--- 16 Oct 09:57:08 578 - <b>1</b> - Page Load Wait: (Sync) - ICar.support.Utils.waitForPageLoad(Utils.java:109)</small> </font> </div>
<div class="test-event"> <font color="maroon"> <small> &emsp; &emsp;--- 16 Oct 09:57:13 787 - Catched spinner load exception due to Expected condition failed: waiting for ICar.support.WaitUtils$4@714addf7 (tried for 5 second(s) with 500 milliseconds interval)</small> </font> </div>
<div class="test-event"> <font color="maroon"> <small> &emsp; &emsp;--- 16 Oct 09:57:13 787 - <b>5</b> - Spinner Load Wait: (Sync) - ICar.support.WaitUtils.waitForSpinner(WaitUtils.java:225)</small> </font> </div>
<div class="test-event"> <font color="maroon"> <small> &emsp; &emsp;--- 16 Oct 09:57:14 986 - Page URL:: https://i-car--staging.sandbox.lightning.force.com/one/one.app#eyjjb21wb25lbnrezwyioijmb3jjzvnlyxjjadpzzwfyy2hqywdlrgvza3rvccisimf0dhjpynv0zxmionsidgvybsi6iji5njg1otmilcjzy29wzu1hcci6eyj0exblijoive9qx1jfu1vmvfmilcjuyw1lc3bhy2uioiiilcjsywjlbci6ilrvccbszxn1bhrziiwibgfizwxqbhvyywwioijub3agumvzdwx0cyisinjlc3vsdhndbxaioijmb3jjzvnlyxjjadpwcmvkawn0zwrszxn1bhrzin0simnvbnrlehqionsirklmvevsuyi6e30sinnlyxjjafnvdxjjzsi6ikftu0ltvefovf9esufmt0cilcjkaxnhymxlsw50zw50uxvlcnkiomzhbhnllcjkaxnhymxlu3blbgxdb3jyzwn0aw9uijpmywxzzswic2vhcmnorglhbg9nu2vzc2lvbklkijoiotc3ztm2ntmtndjjzc0wzgi3lwfinmmtnjkyngvmmzy4yzrkiiwizgvidwdjbmzvijp7imfwce5hbwuioijjq2fyx1nlcnzpy2vfq29uc29szsisimfwcfr5cguioijdb25zb2xliiwiyxbwtmftzxnwywnlijoiyyisimxvy2f0aw9uijoib25lomfsb2hhugfnzsj9fswiz3jvdxbjzci6ikrfrkfvtfqifswic3rhdguiont9fq%3d%3d</small> </font> </div>
<div class="test-event"> <font color="maroon"> <small> &emsp; &emsp;--- 16 Oct 09:57:14 986 - <b>1</b> - Page Load Wait: (Sync) - ICar.support.Utils.waitForPageLoad(Utils.java:109)</small> </font> </div>
<div class="test-event"> <font color="maroon"> <small> &emsp; &emsp;--- 16 Oct 09:57:16 132 - Page URL:: https://i-car--staging.sandbox.lightning.force.com/one/one.app#eyjjb21wb25lbnrezwyioijmb3jjzvnlyxjjadpzzwfyy2hqywdlrgvza3rvccisimf0dhjpynv0zxmionsidgvybsi6iji5njg1otmilcjzy29wzu1hcci6eyj0exblijoive9qx1jfu1vmvfmilcjuyw1lc3bhy2uioiiilcjsywjlbci6ilrvccbszxn1bhrziiwibgfizwxqbhvyywwioijub3agumvzdwx0cyisinjlc3vsdhndbxaioijmb3jjzvnlyxjjadpwcmvkawn0zwrszxn1bhrzin0simnvbnrlehqionsirklmvevsuyi6e30sinnlyxjjafnvdxjjzsi6ikftu0ltvefovf9esufmt0cilcjkaxnhymxlsw50zw50uxvlcnkiomzhbhnllcjkaxnhymxlu3blbgxdb3jyzwn0aw9uijpmywxzzswic2vhcmnorglhbg9nu2vzc2lvbklkijoiotc3ztm2ntmtndjjzc0wzgi3lwfinmmtnjkyngvmmzy4yzrkiiwizgvidwdjbmzvijp7imfwce5hbwuioijjq2fyx1nlcnzpy2vfq29uc29szsisimfwcfr5cguioijdb25zb2xliiwiyxbwtmftzxnwywnlijoiyyisimxvy2f0aw9uijoib25lomfsb2hhugfnzsj9fswiz3jvdxbjzci6ikrfrkfvtfqifswic3rhdguiont9fq%3d%3d</small> </font> </div>
<div class="test-event"> <font color="maroon"> <small> &emsp; &emsp;--- 16 Oct 09:57:16 132 - <b>1</b> - Page Load Wait: (Sync) - ICar.support.Utils.waitForPageLoad(Utils.java:109)</small> </font> </div>
<div class="test-event"> <font color="maroon"> <small> &emsp; &emsp;--- 16 Oct 09:57:17 285 - Page URL:: https://i-car--staging.sandbox.lightning.force.com/one/one.app#eyjjb21wb25lbnrezwyioijmb3jjzvnlyxjjadpzzwfyy2hqywdlrgvza3rvccisimf0dhjpynv0zxmionsidgvybsi6iji5njg1otmilcjzy29wzu1hcci6eyj0exblijoive9qx1jfu1vmvfmilcjuyw1lc3bhy2uioiiilcjsywjlbci6ilrvccbszxn1bhrziiwibgfizwxqbhvyywwioijub3agumvzdwx0cyisinjlc3vsdhndbxaioijmb3jjzvnlyxjjadpwcmvkawn0zwrszxn1bhrzin0simnvbnrlehqionsirklmvevsuyi6e30sinnlyxjjafnvdxjjzsi6ikftu0ltvefovf9esufmt0cilcjkaxnhymxlsw50zw50uxvlcnkiomzhbhnllcjkaxnhymxlu3blbgxdb3jyzwn0aw9uijpmywxzzswic2vhcmnorglhbg9nu2vzc2lvbklkijoiotc3ztm2ntmtndjjzc0wzgi3lwfinmmtnjkyngvmmzy4yzrkiiwizgvidwdjbmzvijp7imfwce5hbwuioijjq2fyx1nlcnzpy2vfq29uc29szsisimfwcfr5cguioijdb25zb2xliiwiyxbwtmftzxnwywnlijoiyyisimxvy2f0aw9uijoib25lomfsb2hhugfnzsj9fswiz3jvdxbjzci6ikrfrkfvtfqifswic3rhdguiont9fq%3d%3d</small> </font> </div>
<div class="test-event"> <font color="maroon"> <small> &emsp; &emsp;--- 16 Oct 09:57:17 285 - <b>1</b> - Page Load Wait: (Sync) - ICar.support.Utils.waitForPageLoad(Utils.java:109)</small> </font> </div>
<div class="test-event"> <font color="maroon"> <small> &emsp; &emsp;--- 16 Oct 09:57:25 622 - Catched spinner load exception due to Expected condition failed: waiting for ICar.support.WaitUtils$4@714addf7 (tried for 8 second(s) with 500 milliseconds interval)</small> </font> </div>
<div class="test-event"> <font color="maroon"> <small> &emsp; &emsp;--- 16 Oct 09:57:25 622 - <b>8</b> - Spinner Load Wait: (Sync) - ICar.support.WaitUtils.waitForSpinner(WaitUtils.java:225)</small> </font> </div>
<div class="test-event"> <font color="maroon"> <small> &emsp; &emsp;--- 16 Oct 09:57:26 818 - Page URL:: https://i-car--staging.sandbox.lightning.force.com/one/one.app#eyjjb21wb25lbnrezwyioijmb3jjzvnlyxjjadpzzwfyy2hqywdlrgvza3rvccisimf0dhjpynv0zxmionsidgvybsi6iji5njg1otmilcjzy29wzu1hcci6eyj0exblijoive9qx1jfu1vmvfmilcjuyw1lc3bhy2uioiiilcjsywjlbci6ilrvccbszxn1bhrziiwibgfizwxqbhvyywwioijub3agumvzdwx0cyisinjlc3vsdhndbxaioijmb3jjzvnlyxjjadpwcmvkawn0zwrszxn1bhrzin0simnvbnrlehqionsirklmvevsuyi6e30sinnlyxjjafnvdxjjzsi6ikftu0ltvefovf9esufmt0cilcjkaxnhymxlsw50zw50uxvlcnkiomzhbhnllcjkaxnhymxlu3blbgxdb3jyzwn0aw9uijpmywxzzswic2vhcmnorglhbg9nu2vzc2lvbklkijoiotc3ztm2ntmtndjjzc0wzgi3lwfinmmtnjkyngvmmzy4yzrkiiwizgvidwdjbmzvijp7imfwce5hbwuioijjq2fyx1nlcnzpy2vfq29uc29szsisimfwcfr5cguioijdb25zb2xliiwiyxbwtmftzxnwywnlijoiyyisimxvy2f0aw9uijoib25lomfsb2hhugfnzsj9fswiz3jvdxbjzci6ikrfrkfvtfqifswic3rhdguiont9fq%3d%3d</small> </font> </div>
<div class="test-event"> <font color="maroon"> <small> &emsp; &emsp;--- 16 Oct 09:57:26 819 - <b>1</b> - Page Load Wait: (Sync) - ICar.support.Utils.waitForPageLoad(Utils.java:109)</small> </font> </div>
<div class="test-event"> <font color="maroon"> <small> &emsp; &emsp;--- 16 Oct 09:57:29 002 - Element is displayed:: [[ChromeDriver: chrome on WINDOWS (72385580c18278d6540169fe1bdbb889)] -> xpath: //div[contains(@class,'forceSearchResultsRegion')]//div[contains(@class,'resultsMultiWrapper')]/div/div[1]//following::h2//a]</small> </font> </div>
<div class="test-event"> <font color="maroon"> <small> &emsp; &emsp;--- 16 Oct 09:57:29 535 - Element is displayed:: [[ChromeDriver: chrome on WINDOWS (72385580c18278d6540169fe1bdbb889)] -> xpath: //a[text()='Contacts']]</small> </font> </div>
<div class="test-event"> <font color="maroon"> <small> &emsp; &emsp;--- 16 Oct 09:57:33 571 - Element is displayed:: [[ChromeDriver: chrome on WINDOWS (72385580c18278d6540169fe1bdbb889)] -> xpath: //div[text()='Contacts']//following :: table//tbody//th//span /a]</small> </font> </div>
<div class="test-event"> <font color="maroon"> <small> &emsp; &emsp;--- 16 Oct 09:57:35 042 - Page URL:: https://i-car--staging.sandbox.lightning.force.com/one/one.app#eyjjb21wb25lbnrezwyioijmb3jjzvnlyxjjadpzzwfyy2hqywdlrgvza3rvccisimf0dhjpynv0zxmionsidgvybsi6iji5njg1otmilcjzy29wzu1hcci6eyj0exblijoive9qx1jfu1vmvfmilcjuyw1lc3bhy2uioiiilcjsywjlbci6ilrvccbszxn1bhrziiwibgfizwxqbhvyywwioijub3agumvzdwx0cyisinjlc3vsdhndbxaioijmb3jjzvnlyxjjadpwcmvkawn0zwrszxn1bhrzin0simnvbnrlehqionsirklmvevsuyi6e30sinnlyxjjafnvdxjjzsi6ikftu0ltvefovf9esufmt0cilcjkaxnhymxlsw50zw50uxvlcnkiomzhbhnllcjkaxnhymxlu3blbgxdb3jyzwn0aw9uijpmywxzzswic2vhcmnorglhbg9nu2vzc2lvbklkijoiotc3ztm2ntmtndjjzc0wzgi3lwfinmmtnjkyngvmmzy4yzrkiiwizgvidwdjbmzvijp7imfwce5hbwuioijjq2fyx1nlcnzpy2vfq29uc29szsisimfwcfr5cguioijdb25zb2xliiwiyxbwtmftzxnwywnlijoiyyisimxvy2f0aw9uijoib25lomfsb2hhugfnzsj9fswiz3jvdxbjzci6ikrfrkfvtfqifswic3rhdguiont9fq%3d%3d</small> </font> </div>
<div class="test-event"> <font color="maroon"> <small> &emsp; &emsp;--- 16 Oct 09:57:35 042 - <b>1</b> - Page Load Wait: (Sync) - ICar.support.Utils.waitForPageLoad(Utils.java:109)</small> </font> </div>
<div class="test-event"> <font color="maroon"> <small> &emsp; &emsp;--- 16 Oct 09:57:53 334 - Catched spinner load exception due to Expected condition failed: waiting for ICar.support.WaitUtils$4@714addf7 (tried for 18 second(s) with 500 milliseconds interval)</small> </font> </div>
<div class="test-event"> <font color="maroon"> <small> &emsp; &emsp;--- 16 Oct 09:57:53 335 - <b>18</b> - Spinner Load Wait: (Sync) - ICar.support.WaitUtils.waitForSpinner(WaitUtils.java:225)</small> </font> </div>
<div class="test-event"> <font color="maroon"> <small> &emsp; &emsp;--- 16 Oct 09:57:54 594 - Page URL:: https://i-car--staging.sandbox.lightning.force.com/lightning/r/contact/0031i00000q9schqam/view</small> </font> </div>
<div class="test-event"> <font color="maroon"> <small> &emsp; &emsp;--- 16 Oct 09:57:54 594 - <b>1</b> - Page Load Wait: (Sync) - ICar.support.Utils.waitForPageLoad(Utils.java:109)</small> </font> </div>
<div class="test-event"> <font color="maroon"> <small> &emsp; &emsp;--- 16 Oct 09:57:56 097 - Page URL:: https://i-car--staging.sandbox.lightning.force.com/lightning/r/contact/0031i00000q9schqam/view</small> </font> </div>
<div class="test-event"> <font color="maroon"> <small> &emsp; &emsp;--- 16 Oct 09:57:56 097 - <b>1</b> - Page Load Wait: (Sync) - ICar.support.Utils.waitForPageLoad(Utils.java:109)</small> </font> </div>
<div class="test-event"> <font color="maroon"> <small> &emsp; &emsp;--- 16 Oct 09:57:57 277 - Catched spinner load exception due to Expected condition failed: waiting for ICar.support.WaitUtils$4@714addf7 (tried for 1 second(s) with 500 milliseconds interval)</small> </font> </div>
<div class="test-event"> <font color="maroon"> <small> &emsp; &emsp;--- 16 Oct 09:57:57 277 - <b>1</b> - Spinner Load Wait: (Sync) - ICar.support.WaitUtils.waitForSpinner(WaitUtils.java:225)</small> </font> </div>
<div class="test-event"> <font color="maroon"> <small> &emsp; &emsp;--- 16 Oct 09:57:58 529 - Page URL:: https://i-car--staging.sandbox.lightning.force.com/lightning/r/contact/0031i00000q9schqam/view</small> </font> </div>
<div class="test-event"> <font color="maroon"> <small> &emsp; &emsp;--- 16 Oct 09:57:58 529 - <b>1</b> - Page Load Wait: (Sync) - ICar.support.Utils.waitForPageLoad(Utils.java:109)</small> </font> </div>
<div class="test-event"> <font color="maroon"> <small> &emsp; &emsp;--- 16 Oct 09:58:15 008 - Page URL:: https://i-car--staging.sandbox.lightning.force.com/lightning/r/contact/0031i00000q9schqam/view</small> </font> </div>
<div class="test-event"> <font color="maroon"> <small> &emsp; &emsp;--- 16 Oct 09:58:15 008 - <b>1</b> - Page Load Wait: (Sync) - ICar.support.Utils.waitForPageLoad(Utils.java:109)</small> </font> </div>
<!--FAIL-->
<div class="test-result"><br><font color="red"><strong> Index 0 out of bounds for length 0 </strong></font> <a href=".\ScreenShot\ICar_BAM640_TC02_40265884303400.png" target="_blank" >[ScreenShot]</a></div>&emsp;
&emsp;<div class="test-title"> <strong><font size = "3" color = "#0000FF">---Test Execution Ends---</font> </strong> </div>&emsp;]]>
    </system-out>
  </testcase> <!-- ICar_BAM640_TC02 -->
  <testcase classname="BAM_Misc.BAMtestscripts" name="ICar_B2B980_TC01" time="809.733">
    <system-out>
      <![CDATA[<div class="test-event"> <font color="maroon"> <small> &emsp; &emsp;--- 16 Oct 09:24:32 938 - TestCaseID:: ICar_B2B980_TC01</small> </font> </div>
<div class="test-event"> <font color="maroon"> <small> &emsp; &emsp;--- 16 Oct 09:24:34 241 - <b>1</b> - Driver::initialize::Get - ICar.support.WebDriverFactory.getDriver(WebDriverFactory.java:640)</small> </font> </div>
&emsp;<div class="test-title"> <strong><font size = "3" color = "#000080">Verify the student Name is displayed correctly in Cart instead of TM when Transfer the student from Org to another Org.</font> </strong> </div>&emsp;<div><strong>Steps:</strong></div><!-- Report -->&emsp;
<div class="test-event"> <font color="maroon"> <small> &emsp; &emsp;--- 16 Oct 09:24:39 455 - Page URL:: https://i-car--staging.sandbox.my.salesforce.com/</small> </font> </div>
<div class="test-event"> <font color="maroon"> <small> &emsp; &emsp;--- 16 Oct 09:24:39 456 - <b>2</b> - Page Load Wait: (Sync) - ICar.support.Utils.waitForPageLoad(Utils.java:109)</small> </font> </div>
<div class="test-message">&emsp;Successfully navigated to 'Login' Page</div>
<div class="test-message">&emsp;1. Login page is launched.</div>
<div class="test-event"> <font color="maroon"> <small> &emsp; &emsp;--- 16 Oct 09:24:39 521 - Element is displayed:: [[ChromeDriver: chrome on WINDOWS (11198d974d9f525842ef513472eae6a9)] -> id: username]</small> </font> </div>
<div class="test-event"> <font color="maroon"> <small> &emsp; &emsp;--- 16 Oct 09:24:39 779 - Element is displayed:: [[ChromeDriver: chrome on WINDOWS (11198d974d9f525842ef513472eae6a9)] -> id: username]</small> </font> </div>
<div class="test-event"> <font color="maroon"> <small> &emsp; &emsp;--- 16 Oct 09:24:40 146 - Element is displayed:: [[ChromeDriver: chrome on WINDOWS (11198d974d9f525842ef513472eae6a9)] -> id: password]</small> </font> </div>
<div class="test-event"> <font color="maroon"> <small> &emsp; &emsp;--- 16 Oct 09:24:40 516 - Element is displayed:: [[ChromeDriver: chrome on WINDOWS (11198d974d9f525842ef513472eae6a9)] -> id: Login]</small> </font> </div>
<div class="test-event"> <font color="maroon"> <small> &emsp; &emsp;--- 16 Oct 09:25:14 874 - Catched spinner load exception due to Expected condition failed: waiting for ICar.support.WaitUtils$4@714addf7 (tried for 13 second(s) with 500 milliseconds interval)</small> </font> </div>
<div class="test-event"> <font color="maroon"> <small> &emsp; &emsp;--- 16 Oct 09:25:14 875 - <b>13</b> - Spinner Load Wait: (Sync) - ICar.support.WaitUtils.waitForSpinner(WaitUtils.java:225)</small> </font> </div>
<div class="test-event"> <font color="maroon"> <small> &emsp; &emsp;--- 16 Oct 09:25:32 169 - Catched spinner load exception due to Expected condition failed: waiting for ICar.support.WaitUtils$4@714addf7 (tried for 6 second(s) with 500 milliseconds interval)</small> </font> </div>
<div class="test-event"> <font color="maroon"> <small> &emsp; &emsp;--- 16 Oct 09:25:32 169 - <b>6</b> - Spinner Load Wait: (Sync) - ICar.support.WaitUtils.waitForSpinner(WaitUtils.java:225)</small> </font> </div>
<div class="test-event"> <font color="maroon"> <small> &emsp; &emsp;--- 16 Oct 09:25:32 250 - Element is displayed:: [[ChromeDriver: chrome on WINDOWS (11198d974d9f525842ef513472eae6a9)] -> css selector: button[class*='search-button']]</small> </font> </div>
<div class="test-message">&emsp;2. Navigate to 'SalesForce Page'</div>
<div class="test-event"> <font color="maroon"> <small> &emsp; &emsp;--- 16 Oct 09:25:32 641 - Page URL:: https://i-car--staging.sandbox.lightning.force.com/lightning/o/account/list?filtername=accounts</small> </font> </div>
<div class="test-event"> <font color="maroon"> <small> &emsp; &emsp;--- 16 Oct 09:25:32 641 - <b>0</b> - Page Load Wait: (Sync) - ICar.support.Utils.waitForPageLoad(Utils.java:109)</small> </font> </div>
<div class="test-event"> <font color="maroon"> <small> &emsp; &emsp;--- 16 Oct 09:25:38 030 - Page URL:: https://i-car--staging.sandbox.lightning.force.com/lightning/o/account/list?filtername=accounts</small> </font> </div>
<div class="test-event"> <font color="maroon"> <small> &emsp; &emsp;--- 16 Oct 09:25:38 031 - <b>0</b> - Page Load Wait: (Sync) - ICar.support.Utils.waitForPageLoad(Utils.java:109)</small> </font> </div>
<div class="test-message">&emsp;Close the tab</div>
<div class="test-message">&emsp;Successfully navigated to 'Login' Page</div>
<div class="test-message">&emsp;3. Enter the user credentials as : icaradminautomation3@i-car.com.staging</div>
<div class="test-message">&emsp;4. Enter the Icar id as : 2716200</div>
<div class="test-event"> <font color="maroon"> <small> &emsp; &emsp;--- 16 Oct 09:25:43 428 - Page URL:: https://i-car--staging.sandbox.lightning.force.com/lightning/o/account/list?filtername=accounts</small> </font> </div>
<div class="test-event"> <font color="maroon"> <small> &emsp; &emsp;--- 16 Oct 09:25:43 428 - <b>0</b> - Page Load Wait: (Sync) - ICar.support.Utils.waitForPageLoad(Utils.java:109)</small> </font> </div>
<div class="test-event"> <font color="maroon"> <small> &emsp; &emsp;--- 16 Oct 09:25:48 795 - Page URL:: https://i-car--staging.sandbox.lightning.force.com/lightning/o/account/list?filtername=accounts</small> </font> </div>
<div class="test-event"> <font color="maroon"> <small> &emsp; &emsp;--- 16 Oct 09:25:48 795 - <b>0</b> - Page Load Wait: (Sync) - ICar.support.Utils.waitForPageLoad(Utils.java:109)</small> </font> </div>
<div class="test-message">&emsp;Close the tab</div>
<div class="test-event"> <font color="maroon"> <small> &emsp; &emsp;--- 16 Oct 09:25:54 472 - Page URL:: https://i-car--staging.sandbox.lightning.force.com/lightning/o/account/list?filtername=accounts</small> </font> </div>
<div class="test-event"> <font color="maroon"> <small> &emsp; &emsp;--- 16 Oct 09:25:54 472 - <b>0</b> - Page Load Wait: (Sync) - ICar.support.Utils.waitForPageLoad(Utils.java:109)</small> </font> </div>
<div class="test-event"> <font color="maroon"> <small> &emsp; &emsp;--- 16 Oct 09:25:54 517 - Element is displayed:: [[ChromeDriver: chrome on WINDOWS (11198d974d9f525842ef513472eae6a9)] -> css selector: button[class*='search-button']]</small> </font> </div>
<div class="test-event"> <font color="maroon"> <small> &emsp; &emsp;--- 16 Oct 09:25:56 652 - Catched spinner load exception due to Expected condition failed: waiting for ICar.support.WaitUtils$4@714addf7 (tried for 2 second(s) with 500 milliseconds interval)</small> </font> </div>
<div class="test-event"> <font color="maroon"> <small> &emsp; &emsp;--- 16 Oct 09:25:56 653 - <b>2</b> - Spinner Load Wait: (Sync) - ICar.support.WaitUtils.waitForSpinner(WaitUtils.java:225)</small> </font> </div>
<div class="test-event"> <font color="maroon"> <small> &emsp; &emsp;--- 16 Oct 09:25:59 730 - Element is displayed:: [[ChromeDriver: chrome on WINDOWS (11198d974d9f525842ef513472eae6a9)] -> css selector: button[class*='search-button']]</small> </font> </div>
<div class="test-event"> <font color="maroon"> <small> &emsp; &emsp;--- 16 Oct 09:26:00 371 - Page URL:: https://i-car--staging.sandbox.lightning.force.com/lightning/o/account/list?filtername=accounts</small> </font> </div>
<div class="test-event"> <font color="maroon"> <small> &emsp; &emsp;--- 16 Oct 09:26:00 371 - <b>0</b> - Page Load Wait: (Sync) - ICar.support.Utils.waitForPageLoad(Utils.java:109)</small> </font> </div>
<div class="test-event"> <font color="maroon"> <small> &emsp; &emsp;--- 16 Oct 09:26:19 836 - Catched spinner load exception due to Expected condition failed: waiting for ICar.support.WaitUtils$4@714addf7 (tried for 10 second(s) with 500 milliseconds interval)</small> </font> </div>
<div class="test-event"> <font color="maroon"> <small> &emsp; &emsp;--- 16 Oct 09:26:19 836 - <b>10</b> - Spinner Load Wait: (Sync) - ICar.support.WaitUtils.waitForSpinner(WaitUtils.java:225)</small> </font> </div>
<div class="test-event"> <font color="maroon"> <small> &emsp; &emsp;--- 16 Oct 09:26:20 392 - Page URL:: https://i-car--staging.sandbox.lightning.force.com/one/one.app#eyjjb21wb25lbnrezwyioijmb3jjzvnlyxjjadpzzwfyy2hqywdlrgvza3rvccisimf0dhjpynv0zxmionsidgvybsi6iji1oti2mjyilcjzy29wzu1hcci6eyj0exblijoive9qx1jfu1vmvfmilcjuyw1lc3bhy2uioiiilcjsywjlbci6ilrvccbszxn1bhrziiwibgfizwxqbhvyywwioijub3agumvzdwx0cyisinjlc3vsdhndbxaioijmb3jjzvnlyxjjadpwcmvkawn0zwrszxn1bhrzin0simnvbnrlehqionsirklmvevsuyi6e30sinnlyxjjafnvdxjjzsi6ikftu0ltvefovf9esufmt0cilcjkaxnhymxlsw50zw50uxvlcnkiomzhbhnllcjkaxnhymxlu3blbgxdb3jyzwn0aw9uijpmywxzzswic2vhcmnorglhbg9nu2vzc2lvbklkijoinzqzztm0njmtzgmymi0xmgqzlti0mjctnwvjzwe5ymm4y2nliiwizgvidwdjbmzvijp7imfwce5hbwuioijjq2fyx1nlcnzpy2vfq29uc29szsisimfwcfr5cguioijdb25zb2xliiwiyxbwtmftzxnwywnlijoiyyisimxvy2f0aw9uijoizm9yy2u6b2jqzwn0sg9tzurlc2t0b3ailcjzb2jqzwn0vhlwzsi6ikfjy291bnqifx0simdyb3vwswqioijeruzbvuxuin0sinn0yxrlijp7fx0%3d</small> </font> </div>
<div class="test-event"> <font color="maroon"> <small> &emsp; &emsp;--- 16 Oct 09:26:20 392 - <b>0</b> - Page Load Wait: (Sync) - ICar.support.Utils.waitForPageLoad(Utils.java:109)</small> </font> </div>
<div class="test-event"> <font color="maroon"> <small> &emsp; &emsp;--- 16 Oct 09:26:31 404 - Catched spinner load exception due to Expected condition failed: waiting for ICar.support.WaitUtils$4@714addf7 (tried for 11 second(s) with 500 milliseconds interval)</small> </font> </div>
<div class="test-event"> <font color="maroon"> <small> &emsp; &emsp;--- 16 Oct 09:26:31 405 - <b>11</b> - Spinner Load Wait: (Sync) - ICar.support.WaitUtils.waitForSpinner(WaitUtils.java:225)</small> </font> </div>
<div class="test-event"> <font color="maroon"> <small> &emsp; &emsp;--- 16 Oct 09:26:31 908 - Page URL:: https://i-car--staging.sandbox.lightning.force.com/one/one.app#eyjjb21wb25lbnrezwyioijmb3jjzvnlyxjjadpzzwfyy2hqywdlrgvza3rvccisimf0dhjpynv0zxmionsidgvybsi6iji1oti2mjyilcjzy29wzu1hcci6eyj0exblijoive9qx1jfu1vmvfmilcjuyw1lc3bhy2uioiiilcjsywjlbci6ilrvccbszxn1bhrziiwibgfizwxqbhvyywwioijub3agumvzdwx0cyisinjlc3vsdhndbxaioijmb3jjzvnlyxjjadpwcmvkawn0zwrszxn1bhrzin0simnvbnrlehqionsirklmvevsuyi6e30sinnlyxjjafnvdxjjzsi6ikftu0ltvefovf9esufmt0cilcjkaxnhymxlsw50zw50uxvlcnkiomzhbhnllcjkaxnhymxlu3blbgxdb3jyzwn0aw9uijpmywxzzswic2vhcmnorglhbg9nu2vzc2lvbklkijoinzqzztm0njmtzgmymi0xmgqzlti0mjctnwvjzwe5ymm4y2nliiwizgvidwdjbmzvijp7imfwce5hbwuioijjq2fyx1nlcnzpy2vfq29uc29szsisimfwcfr5cguioijdb25zb2xliiwiyxbwtmftzxnwywnlijoiyyisimxvy2f0aw9uijoizm9yy2u6b2jqzwn0sg9tzurlc2t0b3ailcjzb2jqzwn0vhlwzsi6ikfjy291bnqifx0simdyb3vwswqioijeruzbvuxuin0sinn0yxrlijp7fx0%3d</small> </font> </div>
<div class="test-event"> <font color="maroon"> <small> &emsp; &emsp;--- 16 Oct 09:26:31 908 - <b>0</b> - Page Load Wait: (Sync) - ICar.support.Utils.waitForPageLoad(Utils.java:109)</small> </font> </div>
<div class="test-event"> <font color="maroon"> <small> &emsp; &emsp;--- 16 Oct 09:26:31 976 - Element is displayed:: [[ChromeDriver: chrome on WINDOWS (11198d974d9f525842ef513472eae6a9)] -> xpath: //a[@title='Top Results']//span[text()='Top Results']]</small> </font> </div>
<div class="test-event"> <font color="maroon"> <small> &emsp; &emsp;--- 16 Oct 09:26:32 375 - Page URL:: https://i-car--staging.sandbox.lightning.force.com/one/one.app#eyjjb21wb25lbnrezwyioijmb3jjzvnlyxjjadpzzwfyy2hqywdlrgvza3rvccisimf0dhjpynv0zxmionsidgvybsi6iji1oti2mjyilcjzy29wzu1hcci6eyj0exblijoive9qx1jfu1vmvfmilcjuyw1lc3bhy2uioiiilcjsywjlbci6ilrvccbszxn1bhrziiwibgfizwxqbhvyywwioijub3agumvzdwx0cyisinjlc3vsdhndbxaioijmb3jjzvnlyxjjadpwcmvkawn0zwrszxn1bhrzin0simnvbnrlehqionsirklmvevsuyi6e30sinnlyxjjafnvdxjjzsi6ikftu0ltvefovf9esufmt0cilcjkaxnhymxlsw50zw50uxvlcnkiomzhbhnllcjkaxnhymxlu3blbgxdb3jyzwn0aw9uijpmywxzzswic2vhcmnorglhbg9nu2vzc2lvbklkijoinzqzztm0njmtzgmymi0xmgqzlti0mjctnwvjzwe5ymm4y2nliiwizgvidwdjbmzvijp7imfwce5hbwuioijjq2fyx1nlcnzpy2vfq29uc29szsisimfwcfr5cguioijdb25zb2xliiwiyxbwtmftzxnwywnlijoiyyisimxvy2f0aw9uijoizm9yy2u6b2jqzwn0sg9tzurlc2t0b3ailcjzb2jqzwn0vhlwzsi6ikfjy291bnqifx0simdyb3vwswqioijeruzbvuxuin0sinn0yxrlijp7fx0%3d</small> </font> </div>
<div class="test-event"> <font color="maroon"> <small> &emsp; &emsp;--- 16 Oct 09:26:32 375 - <b>0</b> - Page Load Wait: (Sync) - ICar.support.Utils.waitForPageLoad(Utils.java:109)</small> </font> </div>
<div class="test-event"> <font color="maroon"> <small> &emsp; &emsp;--- 16 Oct 09:26:37 783 - Catched spinner load exception due to Expected condition failed: waiting for ICar.support.WaitUtils$4@714addf7 (tried for 5 second(s) with 500 milliseconds interval)</small> </font> </div>
<div class="test-event"> <font color="maroon"> <small> &emsp; &emsp;--- 16 Oct 09:26:37 783 - <b>5</b> - Spinner Load Wait: (Sync) - ICar.support.WaitUtils.waitForSpinner(WaitUtils.java:225)</small> </font> </div>
<div class="test-event"> <font color="maroon"> <small> &emsp; &emsp;--- 16 Oct 09:26:38 267 - Page URL:: https://i-car--staging.sandbox.lightning.force.com/one/one.app#eyjjb21wb25lbnrezwyioijmb3jjzvnlyxjjadpzzwfyy2hqywdlrgvza3rvccisimf0dhjpynv0zxmionsidgvybsi6iji1oti2mjyilcjzy29wzu1hcci6eyj0exblijoive9qx1jfu1vmvfmilcjuyw1lc3bhy2uioiiilcjsywjlbci6ilrvccbszxn1bhrziiwibgfizwxqbhvyywwioijub3agumvzdwx0cyisinjlc3vsdhndbxaioijmb3jjzvnlyxjjadpwcmvkawn0zwrszxn1bhrzin0simnvbnrlehqionsirklmvevsuyi6e30sinnlyxjjafnvdxjjzsi6ikftu0ltvefovf9esufmt0cilcjkaxnhymxlsw50zw50uxvlcnkiomzhbhnllcjkaxnhymxlu3blbgxdb3jyzwn0aw9uijpmywxzzswic2vhcmnorglhbg9nu2vzc2lvbklkijoinzqzztm0njmtzgmymi0xmgqzlti0mjctnwvjzwe5ymm4y2nliiwizgvidwdjbmzvijp7imfwce5hbwuioijjq2fyx1nlcnzpy2vfq29uc29szsisimfwcfr5cguioijdb25zb2xliiwiyxbwtmftzxnwywnlijoiyyisimxvy2f0aw9uijoizm9yy2u6b2jqzwn0sg9tzurlc2t0b3ailcjzb2jqzwn0vhlwzsi6ikfjy291bnqifx0simdyb3vwswqioijeruzbvuxuin0sinn0yxrlijp7fx0%3d</small> </font> </div>
<div class="test-event"> <font color="maroon"> <small> &emsp; &emsp;--- 16 Oct 09:26:38 267 - <b>0</b> - Page Load Wait: (Sync) - ICar.support.Utils.waitForPageLoad(Utils.java:109)</small> </font> </div>
<div class="test-event"> <font color="maroon"> <small> &emsp; &emsp;--- 16 Oct 09:26:38 786 - Page URL:: https://i-car--staging.sandbox.lightning.force.com/one/one.app#eyjjb21wb25lbnrezwyioijmb3jjzvnlyxjjadpzzwfyy2hqywdlrgvza3rvccisimf0dhjpynv0zxmionsidgvybsi6iji1oti2mjyilcjzy29wzu1hcci6eyj0exblijoive9qx1jfu1vmvfmilcjuyw1lc3bhy2uioiiilcjsywjlbci6ilrvccbszxn1bhrziiwibgfizwxqbhvyywwioijub3agumvzdwx0cyisinjlc3vsdhndbxaioijmb3jjzvnlyxjjadpwcmvkawn0zwrszxn1bhrzin0simnvbnrlehqionsirklmvevsuyi6e30sinnlyxjjafnvdxjjzsi6ikftu0ltvefovf9esufmt0cilcjkaxnhymxlsw50zw50uxvlcnkiomzhbhnllcjkaxnhymxlu3blbgxdb3jyzwn0aw9uijpmywxzzswic2vhcmnorglhbg9nu2vzc2lvbklkijoinzqzztm0njmtzgmymi0xmgqzlti0mjctnwvjzwe5ymm4y2nliiwizgvidwdjbmzvijp7imfwce5hbwuioijjq2fyx1nlcnzpy2vfq29uc29szsisimfwcfr5cguioijdb25zb2xliiwiyxbwtmftzxnwywnlijoiyyisimxvy2f0aw9uijoizm9yy2u6b2jqzwn0sg9tzurlc2t0b3ailcjzb2jqzwn0vhlwzsi6ikfjy291bnqifx0simdyb3vwswqioijeruzbvuxuin0sinn0yxrlijp7fx0%3d</small> </font> </div>
<div class="test-event"> <font color="maroon"> <small> &emsp; &emsp;--- 16 Oct 09:26:38 786 - <b>0</b> - Page Load Wait: (Sync) - ICar.support.Utils.waitForPageLoad(Utils.java:109)</small> </font> </div>
<div class="test-event"> <font color="maroon"> <small> &emsp; &emsp;--- 16 Oct 09:26:39 265 - Page URL:: https://i-car--staging.sandbox.lightning.force.com/one/one.app#eyjjb21wb25lbnrezwyioijmb3jjzvnlyxjjadpzzwfyy2hqywdlrgvza3rvccisimf0dhjpynv0zxmionsidgvybsi6iji1oti2mjyilcjzy29wzu1hcci6eyj0exblijoive9qx1jfu1vmvfmilcjuyw1lc3bhy2uioiiilcjsywjlbci6ilrvccbszxn1bhrziiwibgfizwxqbhvyywwioijub3agumvzdwx0cyisinjlc3vsdhndbxaioijmb3jjzvnlyxjjadpwcmvkawn0zwrszxn1bhrzin0simnvbnrlehqionsirklmvevsuyi6e30sinnlyxjjafnvdxjjzsi6ikftu0ltvefovf9esufmt0cilcjkaxnhymxlsw50zw50uxvlcnkiomzhbhnllcjkaxnhymxlu3blbgxdb3jyzwn0aw9uijpmywxzzswic2vhcmnorglhbg9nu2vzc2lvbklkijoinzqzztm0njmtzgmymi0xmgqzlti0mjctnwvjzwe5ymm4y2nliiwizgvidwdjbmzvijp7imfwce5hbwuioijjq2fyx1nlcnzpy2vfq29uc29szsisimfwcfr5cguioijdb25zb2xliiwiyxbwtmftzxnwywnlijoiyyisimxvy2f0aw9uijoizm9yy2u6b2jqzwn0sg9tzurlc2t0b3ailcjzb2jqzwn0vhlwzsi6ikfjy291bnqifx0simdyb3vwswqioijeruzbvuxuin0sinn0yxrlijp7fx0%3d</small> </font> </div>
<div class="test-event"> <font color="maroon"> <small> &emsp; &emsp;--- 16 Oct 09:26:39 265 - <b>0</b> - Page Load Wait: (Sync) - ICar.support.Utils.waitForPageLoad(Utils.java:109)</small> </font> </div>
<div class="test-event"> <font color="maroon"> <small> &emsp; &emsp;--- 16 Oct 09:26:47 782 - Catched spinner load exception due to Expected condition failed: waiting for ICar.support.WaitUtils$4@714addf7 (tried for 8 second(s) with 500 milliseconds interval)</small> </font> </div>
<div class="test-event"> <font color="maroon"> <small> &emsp; &emsp;--- 16 Oct 09:26:47 782 - <b>8</b> - Spinner Load Wait: (Sync) - ICar.support.WaitUtils.waitForSpinner(WaitUtils.java:225)</small> </font> </div>
<div class="test-event"> <font color="maroon"> <small> &emsp; &emsp;--- 16 Oct 09:26:48 322 - Page URL:: https://i-car--staging.sandbox.lightning.force.com/one/one.app#eyjjb21wb25lbnrezwyioijmb3jjzvnlyxjjadpzzwfyy2hqywdlrgvza3rvccisimf0dhjpynv0zxmionsidgvybsi6iji1oti2mjyilcjzy29wzu1hcci6eyj0exblijoive9qx1jfu1vmvfmilcjuyw1lc3bhy2uioiiilcjsywjlbci6ilrvccbszxn1bhrziiwibgfizwxqbhvyywwioijub3agumvzdwx0cyisinjlc3vsdhndbxaioijmb3jjzvnlyxjjadpwcmvkawn0zwrszxn1bhrzin0simnvbnrlehqionsirklmvevsuyi6e30sinnlyxjjafnvdxjjzsi6ikftu0ltvefovf9esufmt0cilcjkaxnhymxlsw50zw50uxvlcnkiomzhbhnllcjkaxnhymxlu3blbgxdb3jyzwn0aw9uijpmywxzzswic2vhcmnorglhbg9nu2vzc2lvbklkijoinzqzztm0njmtzgmymi0xmgqzlti0mjctnwvjzwe5ymm4y2nliiwizgvidwdjbmzvijp7imfwce5hbwuioijjq2fyx1nlcnzpy2vfq29uc29szsisimfwcfr5cguioijdb25zb2xliiwiyxbwtmftzxnwywnlijoiyyisimxvy2f0aw9uijoizm9yy2u6b2jqzwn0sg9tzurlc2t0b3ailcjzb2jqzwn0vhlwzsi6ikfjy291bnqifx0simdyb3vwswqioijeruzbvuxuin0sinn0yxrlijp7fx0%3d</small> </font> </div>
<div class="test-event"> <font color="maroon"> <small> &emsp; &emsp;--- 16 Oct 09:26:48 323 - <b>0</b> - Page Load Wait: (Sync) - ICar.support.Utils.waitForPageLoad(Utils.java:109)</small> </font> </div>
<div class="test-event"> <font color="maroon"> <small> &emsp; &emsp;--- 16 Oct 09:26:50 445 - Element is displayed:: [[ChromeDriver: chrome on WINDOWS (11198d974d9f525842ef513472eae6a9)] -> xpath: //div[contains(@class,'forceSearchResultsRegion')]//div[contains(@class,'resultsMultiWrapper')]/div/div[1]//following::h2//a]</small> </font> </div>
<div class="test-event"> <font color="maroon"> <small> &emsp; &emsp;--- 16 Oct 09:26:50 670 - Element is displayed:: [[ChromeDriver: chrome on WINDOWS (11198d974d9f525842ef513472eae6a9)] -> xpath: //a[text()='Contacts']]</small> </font> </div>
<div class="test-event"> <font color="maroon"> <small> &emsp; &emsp;--- 16 Oct 09:26:54 706 - Element is displayed:: [[ChromeDriver: chrome on WINDOWS (11198d974d9f525842ef513472eae6a9)] -> xpath: //div[text()='Contacts']//following :: table//tbody//th//span /a]</small> </font> </div>
<div class="test-event"> <font color="maroon"> <small> &emsp; &emsp;--- 16 Oct 09:26:55 247 - Page URL:: https://i-car--staging.sandbox.lightning.force.com/one/one.app#eyjjb21wb25lbnrezwyioijmb3jjzvnlyxjjadpzzwfyy2hqywdlrgvza3rvccisimf0dhjpynv0zxmionsidgvybsi6iji1oti2mjyilcjzy29wzu1hcci6eyj0exblijoive9qx1jfu1vmvfmilcjuyw1lc3bhy2uioiiilcjsywjlbci6ilrvccbszxn1bhrziiwibgfizwxqbhvyywwioijub3agumvzdwx0cyisinjlc3vsdhndbxaioijmb3jjzvnlyxjjadpwcmvkawn0zwrszxn1bhrzin0simnvbnrlehqionsirklmvevsuyi6e30sinnlyxjjafnvdxjjzsi6ikftu0ltvefovf9esufmt0cilcjkaxnhymxlsw50zw50uxvlcnkiomzhbhnllcjkaxnhymxlu3blbgxdb3jyzwn0aw9uijpmywxzzswic2vhcmnorglhbg9nu2vzc2lvbklkijoinzqzztm0njmtzgmymi0xmgqzlti0mjctnwvjzwe5ymm4y2nliiwizgvidwdjbmzvijp7imfwce5hbwuioijjq2fyx1nlcnzpy2vfq29uc29szsisimfwcfr5cguioijdb25zb2xliiwiyxbwtmftzxnwywnlijoiyyisimxvy2f0aw9uijoizm9yy2u6b2jqzwn0sg9tzurlc2t0b3ailcjzb2jqzwn0vhlwzsi6ikfjy291bnqifx0simdyb3vwswqioijeruzbvuxuin0sinn0yxrlijp7fx0%3d</small> </font> </div>
<div class="test-event"> <font color="maroon"> <small> &emsp; &emsp;--- 16 Oct 09:26:55 247 - <b>0</b> - Page Load Wait: (Sync) - ICar.support.Utils.waitForPageLoad(Utils.java:109)</small> </font> </div>
<div class="test-event"> <font color="maroon"> <small> &emsp; &emsp;--- 16 Oct 09:27:10 387 - Catched spinner load exception due to Expected condition failed: waiting for ICar.support.WaitUtils$4@714addf7 (tried for 15 second(s) with 500 milliseconds interval)</small> </font> </div>
<div class="test-event"> <font color="maroon"> <small> &emsp; &emsp;--- 16 Oct 09:27:10 387 - <b>15</b> - Spinner Load Wait: (Sync) - ICar.support.WaitUtils.waitForSpinner(WaitUtils.java:225)</small> </font> </div>
<div class="test-event"> <font color="maroon"> <small> &emsp; &emsp;--- 16 Oct 09:27:11 028 - Page URL:: https://i-car--staging.sandbox.lightning.force.com/lightning/r/contact/0031i00000oeshzqaa/view</small> </font> </div>
<div class="test-event"> <font color="maroon"> <small> &emsp; &emsp;--- 16 Oct 09:27:11 029 - <b>0</b> - Page Load Wait: (Sync) - ICar.support.Utils.waitForPageLoad(Utils.java:109)</small> </font> </div>
<div class="test-event"> <font color="maroon"> <small> &emsp; &emsp;--- 16 Oct 09:27:19 389 - Catched spinner load exception due to Expected condition failed: waiting for ICar.support.WaitUtils$4@714addf7 (tried for 8 second(s) with 500 milliseconds interval)</small> </font> </div>
<div class="test-event"> <font color="maroon"> <small> &emsp; &emsp;--- 16 Oct 09:27:19 389 - <b>8</b> - Spinner Load Wait: (Sync) - ICar.support.WaitUtils.waitForSpinner(WaitUtils.java:225)</small> </font> </div>
<div class="test-event"> <font color="maroon"> <small> &emsp; &emsp;--- 16 Oct 09:27:20 146 - Page URL:: https://i-car--staging.sandbox.lightning.force.com/lightning/r/contact/0031i00000oeshzqaa/view</small> </font> </div>
<div class="test-event"> <font color="maroon"> <small> &emsp; &emsp;--- 16 Oct 09:27:20 146 - <b>0</b> - Page Load Wait: (Sync) - ICar.support.Utils.waitForPageLoad(Utils.java:109)</small> </font> </div>
<div class="test-event"> <font color="maroon"> <small> &emsp; &emsp;--- 16 Oct 09:27:23 028 - Page URL:: https://i-car--staging.sandbox.lightning.force.com/lightning/r/contact/0031i00000oeshzqaa/view</small> </font> </div>
<div class="test-event"> <font color="maroon"> <small> &emsp; &emsp;--- 16 Oct 09:27:23 028 - <b>0</b> - Page Load Wait: (Sync) - ICar.support.Utils.waitForPageLoad(Utils.java:109)</small> </font> </div>
<div class="test-event"> <font color="maroon"> <small> &emsp; &emsp;--- 16 Oct 09:27:25 874 - Page URL:: https://i-car--staging.sandbox.lightning.force.com/lightning/r/contact/0031i00000oeshzqaa/view</small> </font> </div>
<div class="test-event"> <font color="maroon"> <small> &emsp; &emsp;--- 16 Oct 09:27:25 874 - <b>0</b> - Page Load Wait: (Sync) - ICar.support.Utils.waitForPageLoad(Utils.java:109)</small> </font> </div>
<div class="test-event"> <font color="maroon"> <small> &emsp; &emsp;--- 16 Oct 09:27:40 980 - Catched spinner load exception due to Expected condition failed: waiting for ICar.support.WaitUtils$4@714addf7 (tried for 15 second(s) with 500 milliseconds interval)</small> </font> </div>
<div class="test-event"> <font color="maroon"> <small> &emsp; &emsp;--- 16 Oct 09:27:40 980 - <b>15</b> - Spinner Load Wait: (Sync) - ICar.support.WaitUtils.waitForSpinner(WaitUtils.java:225)</small> </font> </div>
<div class="test-event"> <font color="maroon"> <small> &emsp; &emsp;--- 16 Oct 09:27:41 770 - Page URL:: https://i-car--staging.sandbox.lightning.force.com/lightning/r/contact/0031i00000oeshzqaa/view</small> </font> </div>
<div class="test-event"> <font color="maroon"> <small> &emsp; &emsp;--- 16 Oct 09:27:41 770 - <b>0</b> - Page Load Wait: (Sync) - ICar.support.Utils.waitForPageLoad(Utils.java:109)</small> </font> </div>
<div class="test-event"> <font color="maroon"> <small> &emsp; &emsp;--- 16 Oct 09:27:41 831 - Element is displayed:: [[ChromeDriver: chrome on WINDOWS (11198d974d9f525842ef513472eae6a9)] -> xpath: //h2[@class='slds-card__header-title']/a/span[1]]</small> </font> </div>
<div class="test-event"> <font color="maroon"> <small> &emsp; &emsp;--- 16 Oct 09:27:43 194 - Page URL:: https://i-car--staging.sandbox.lightning.force.com/lightning/r/contact/0031i00000oeshzqaa/related/enrollment_contact__r/view?ws=%2flightning%2fr%2fcontact%2f0031i00000oeshzqaa%2fview</small> </font> </div>
<div class="test-event"> <font color="maroon"> <small> &emsp; &emsp;--- 16 Oct 09:27:43 194 - <b>1</b> - Page Load Wait: (Sync) - ICar.support.Utils.waitForPageLoad(Utils.java:109)</small> </font> </div>
<div class="test-event"> <font color="maroon"> <small> &emsp; &emsp;--- 16 Oct 09:27:58 330 - Catched spinner load exception due to Expected condition failed: waiting for ICar.support.WaitUtils$4@714addf7 (tried for 15 second(s) with 500 milliseconds interval)</small> </font> </div>
<div class="test-event"> <font color="maroon"> <small> &emsp; &emsp;--- 16 Oct 09:27:58 330 - <b>15</b> - Spinner Load Wait: (Sync) - ICar.support.WaitUtils.waitForSpinner(WaitUtils.java:225)</small> </font> </div>
<div class="test-event"> <font color="maroon"> <small> &emsp; &emsp;--- 16 Oct 09:27:59 492 - Page URL:: https://i-car--staging.sandbox.lightning.force.com/lightning/r/contact/0031i00000oeshzqaa/related/enrollment_contact__r/view?ws=%2flightning%2fr%2fcontact%2f0031i00000oeshzqaa%2fview</small> </font> </div>
<div class="test-event"> <font color="maroon"> <small> &emsp; &emsp;--- 16 Oct 09:27:59 492 - <b>1</b> - Page Load Wait: (Sync) - ICar.support.Utils.waitForPageLoad(Utils.java:109)</small> </font> </div>
<div class="test-event"> <font color="maroon"> <small> &emsp; &emsp;--- 16 Oct 09:28:09 924 - Catched spinner load exception due to Expected condition failed: waiting for ICar.support.WaitUtils$4@714addf7 (tried for 10 second(s) with 500 milliseconds interval)</small> </font> </div>
<div class="test-event"> <font color="maroon"> <small> &emsp; &emsp;--- 16 Oct 09:28:09 924 - <b>10</b> - Spinner Load Wait: (Sync) - ICar.support.WaitUtils.waitForSpinner(WaitUtils.java:225)</small> </font> </div>
<div class="test-event"> <font color="maroon"> <small> &emsp; &emsp;--- 16 Oct 09:28:11 076 - Page URL:: https://i-car--staging.sandbox.lightning.force.com/lightning/r/contact/0031i00000oeshzqaa/related/enrollment_contact__r/view?ws=%2flightning%2fr%2fcontact%2f0031i00000oeshzqaa%2fview</small> </font> </div>
<div class="test-event"> <font color="maroon"> <small> &emsp; &emsp;--- 16 Oct 09:28:11 077 - <b>1</b> - Page Load Wait: (Sync) - ICar.support.Utils.waitForPageLoad(Utils.java:109)</small> </font> </div>
<div class="test-event"> <font color="maroon"> <small> &emsp; &emsp;--- 16 Oct 09:28:11 113 - Element is displayed:: [[ChromeDriver: chrome on WINDOWS (11198d974d9f525842ef513472eae6a9)] -> xpath: //h1[@title='LMS Course Enrollments (Contact)']//following::table/tbody//td//button]</small> </font> </div>
<div class="test-event"> <font color="maroon"> <small> &emsp; &emsp;--- 16 Oct 09:28:11 217 - Element is displayed:: [[ChromeDriver: chrome on WINDOWS (11198d974d9f525842ef513472eae6a9)] -> xpath: //h1[@title='LMS Course Enrollments (Contact)']//following::table/tbody//td//button]</small> </font> </div>
<div class="test-event"> <font color="maroon"> <small> &emsp; &emsp;--- 16 Oct 09:28:13 369 - Page URL:: https://i-car--staging.sandbox.lightning.force.com/lightning/r/contact/0031i00000oeshzqaa/related/enrollment_contact__r/view?ws=%2flightning%2fr%2fcontact%2f0031i00000oeshzqaa%2fview</small> </font> </div>
<div class="test-event"> <font color="maroon"> <small> &emsp; &emsp;--- 16 Oct 09:28:13 369 - <b>1</b> - Page Load Wait: (Sync) - ICar.support.Utils.waitForPageLoad(Utils.java:109)</small> </font> </div>
<div class="test-event"> <font color="maroon"> <small> &emsp; &emsp;--- 16 Oct 09:28:19 516 - Page URL:: https://i-car--staging.sandbox.lightning.force.com/lightning/r/contact/0031i00000oeshzqaa/related/enrollment_contact__r/view?ws=%2flightning%2fr%2fcontact%2f0031i00000oeshzqaa%2fview</small> </font> </div>
<div class="test-event"> <font color="maroon"> <small> &emsp; &emsp;--- 16 Oct 09:28:19 516 - <b>1</b> - Page Load Wait: (Sync) - ICar.support.Utils.waitForPageLoad(Utils.java:109)</small> </font> </div>
<div class="test-event"> <font color="maroon"> <small> &emsp; &emsp;--- 16 Oct 09:28:25 059 - Page URL:: https://i-car--staging.sandbox.lightning.force.com/lightning/r/contact/0031i00000oeshzqaa/related/enrollment_contact__r/view?ws=%2flightning%2fr%2fcontact%2f0031i00000oeshzqaa%2fview</small> </font> </div>
<div class="test-event"> <font color="maroon"> <small> &emsp; &emsp;--- 16 Oct 09:28:25 060 - <b>1</b> - Page Load Wait: (Sync) - ICar.support.Utils.waitForPageLoad(Utils.java:109)</small> </font> </div>
<div class="test-event"> <font color="maroon"> <small> &emsp; &emsp;--- 16 Oct 09:28:30 611 - Page URL:: https://i-car--staging.sandbox.lightning.force.com/lightning/o/account/list?filtername=accounts</small> </font> </div>
<div class="test-event"> <font color="maroon"> <small> &emsp; &emsp;--- 16 Oct 09:28:30 611 - <b>0</b> - Page Load Wait: (Sync) - ICar.support.Utils.waitForPageLoad(Utils.java:109)</small> </font> </div>
<div class="test-message">&emsp;Close the tab</div>
<div class="test-event"> <font color="maroon"> <small> &emsp; &emsp;--- 16 Oct 09:28:36 060 - Page URL:: https://i-car--staging.sandbox.lightning.force.com/lightning/o/account/list?filtername=accounts</small> </font> </div>
<div class="test-event"> <font color="maroon"> <small> &emsp; &emsp;--- 16 Oct 09:28:36 060 - <b>0</b> - Page Load Wait: (Sync) - ICar.support.Utils.waitForPageLoad(Utils.java:109)</small> </font> </div>
<div class="test-event"> <font color="maroon"> <small> &emsp; &emsp;--- 16 Oct 09:28:36 207 - Element is displayed:: [[ChromeDriver: chrome on WINDOWS (11198d974d9f525842ef513472eae6a9)] -> css selector: button[class*='search-button']]</small> </font> </div>
<div class="test-event"> <font color="maroon"> <small> &emsp; &emsp;--- 16 Oct 09:28:38 321 - Catched spinner load exception due to Expected condition failed: waiting for ICar.support.WaitUtils$4@714addf7 (tried for 2 second(s) with 500 milliseconds interval)</small> </font> </div>
<div class="test-event"> <font color="maroon"> <small> &emsp; &emsp;--- 16 Oct 09:28:38 321 - <b>2</b> - Spinner Load Wait: (Sync) - ICar.support.WaitUtils.waitForSpinner(WaitUtils.java:225)</small> </font> </div>
<div class="test-event"> <font color="maroon"> <small> &emsp; &emsp;--- 16 Oct 09:28:41 396 - Element is displayed:: [[ChromeDriver: chrome on WINDOWS (11198d974d9f525842ef513472eae6a9)] -> css selector: button[class*='search-button']]</small> </font> </div>
<div class="test-event"> <font color="maroon"> <small> &emsp; &emsp;--- 16 Oct 09:28:41 970 - Page URL:: https://i-car--staging.sandbox.lightning.force.com/lightning/o/account/list?filtername=accounts</small> </font> </div>
<div class="test-event"> <font color="maroon"> <small> &emsp; &emsp;--- 16 Oct 09:28:41 970 - <b>0</b> - Page Load Wait: (Sync) - ICar.support.Utils.waitForPageLoad(Utils.java:109)</small> </font> </div>
<div class="test-event"> <font color="maroon"> <small> &emsp; &emsp;--- 16 Oct 09:29:01 817 - Catched spinner load exception due to Expected condition failed: waiting for ICar.support.WaitUtils$4@714addf7 (tried for 10 second(s) with 500 milliseconds interval)</small> </font> </div>
<div class="test-event"> <font color="maroon"> <small> &emsp; &emsp;--- 16 Oct 09:29:01 818 - <b>10</b> - Spinner Load Wait: (Sync) - ICar.support.WaitUtils.waitForSpinner(WaitUtils.java:225)</small> </font> </div>
<div class="test-event"> <font color="maroon"> <small> &emsp; &emsp;--- 16 Oct 09:29:02 841 - Page URL:: https://i-car--staging.sandbox.lightning.force.com/one/one.app#eyjjb21wb25lbnrezwyioijmb3jjzvnlyxjjadpzzwfyy2hqywdlrgvza3rvccisimf0dhjpynv0zxmionsidgvybsi6iji3mtyymdailcjzy29wzu1hcci6eyj0exblijoive9qx1jfu1vmvfmilcjuyw1lc3bhy2uioiiilcjsywjlbci6ilrvccbszxn1bhrziiwibgfizwxqbhvyywwioijub3agumvzdwx0cyisinjlc3vsdhndbxaioijmb3jjzvnlyxjjadpwcmvkawn0zwrszxn1bhrzin0simnvbnrlehqionsirklmvevsuyi6e30sinnlyxjjafnvdxjjzsi6ikftu0ltvefovf9esufmt0cilcjkaxnhymxlsw50zw50uxvlcnkiomzhbhnllcjkaxnhymxlu3blbgxdb3jyzwn0aw9uijpmywxzzswic2vhcmnorglhbg9nu2vzc2lvbklkijoimjk3ywrjowityjeyni1mota4lwu1m2itntzhyzm4otm0yjhliiwizgvidwdjbmzvijp7imfwce5hbwuioijjq2fyx1nlcnzpy2vfq29uc29szsisimfwcfr5cguioijdb25zb2xliiwiyxbwtmftzxnwywnlijoiyyisimxvy2f0aw9uijoizm9yy2u6b2jqzwn0sg9tzurlc2t0b3ailcjzb2jqzwn0vhlwzsi6ikfjy291bnqifx0simdyb3vwswqioijeruzbvuxuin0sinn0yxrlijp7fx0%3d</small> </font> </div>
<div class="test-event"> <font color="maroon"> <small> &emsp; &emsp;--- 16 Oct 09:29:02 841 - <b>1</b> - Page Load Wait: (Sync) - ICar.support.Utils.waitForPageLoad(Utils.java:109)</small> </font> </div>
<div class="test-event"> <font color="maroon"> <small> &emsp; &emsp;--- 16 Oct 09:29:14 310 - Catched spinner load exception due to Expected condition failed: waiting for ICar.support.WaitUtils$4@714addf7 (tried for 11 second(s) with 500 milliseconds interval)</small> </font> </div>
<div class="test-event"> <font color="maroon"> <small> &emsp; &emsp;--- 16 Oct 09:29:14 311 - <b>11</b> - Spinner Load Wait: (Sync) - ICar.support.WaitUtils.waitForSpinner(WaitUtils.java:225)</small> </font> </div>
<div class="test-event"> <font color="maroon"> <small> &emsp; &emsp;--- 16 Oct 09:29:15 253 - Page URL:: https://i-car--staging.sandbox.lightning.force.com/one/one.app#eyjjb21wb25lbnrezwyioijmb3jjzvnlyxjjadpzzwfyy2hqywdlrgvza3rvccisimf0dhjpynv0zxmionsidgvybsi6iji3mtyymdailcjzy29wzu1hcci6eyj0exblijoive9qx1jfu1vmvfmilcjuyw1lc3bhy2uioiiilcjsywjlbci6ilrvccbszxn1bhrziiwibgfizwxqbhvyywwioijub3agumvzdwx0cyisinjlc3vsdhndbxaioijmb3jjzvnlyxjjadpwcmvkawn0zwrszxn1bhrzin0simnvbnrlehqionsirklmvevsuyi6e30sinnlyxjjafnvdxjjzsi6ikftu0ltvefovf9esufmt0cilcjkaxnhymxlsw50zw50uxvlcnkiomzhbhnllcjkaxnhymxlu3blbgxdb3jyzwn0aw9uijpmywxzzswic2vhcmnorglhbg9nu2vzc2lvbklkijoimjk3ywrjowityjeyni1mota4lwu1m2itntzhyzm4otm0yjhliiwizgvidwdjbmzvijp7imfwce5hbwuioijjq2fyx1nlcnzpy2vfq29uc29szsisimfwcfr5cguioijdb25zb2xliiwiyxbwtmftzxnwywnlijoiyyisimxvy2f0aw9uijoizm9yy2u6b2jqzwn0sg9tzurlc2t0b3ailcjzb2jqzwn0vhlwzsi6ikfjy291bnqifx0simdyb3vwswqioijeruzbvuxuin0sinn0yxrlijp7fx0%3d</small> </font> </div>
<div class="test-event"> <font color="maroon"> <small> &emsp; &emsp;--- 16 Oct 09:29:15 253 - <b>0</b> - Page Load Wait: (Sync) - ICar.support.Utils.waitForPageLoad(Utils.java:109)</small> </font> </div>
<div class="test-event"> <font color="maroon"> <small> &emsp; &emsp;--- 16 Oct 09:29:15 316 - Element is displayed:: [[ChromeDriver: chrome on WINDOWS (11198d974d9f525842ef513472eae6a9)] -> xpath: //a[@title='Top Results']//span[text()='Top Results']]</small> </font> </div>
<div class="test-event"> <font color="maroon"> <small> &emsp; &emsp;--- 16 Oct 09:29:15 777 - Page URL:: https://i-car--staging.sandbox.lightning.force.com/one/one.app#eyjjb21wb25lbnrezwyioijmb3jjzvnlyxjjadpzzwfyy2hqywdlrgvza3rvccisimf0dhjpynv0zxmionsidgvybsi6iji3mtyymdailcjzy29wzu1hcci6eyj0exblijoive9qx1jfu1vmvfmilcjuyw1lc3bhy2uioiiilcjsywjlbci6ilrvccbszxn1bhrziiwibgfizwxqbhvyywwioijub3agumvzdwx0cyisinjlc3vsdhndbxaioijmb3jjzvnlyxjjadpwcmvkawn0zwrszxn1bhrzin0simnvbnrlehqionsirklmvevsuyi6e30sinnlyxjjafnvdxjjzsi6ikftu0ltvefovf9esufmt0cilcjkaxnhymxlsw50zw50uxvlcnkiomzhbhnllcjkaxnhymxlu3blbgxdb3jyzwn0aw9uijpmywxzzswic2vhcmnorglhbg9nu2vzc2lvbklkijoimjk3ywrjowityjeyni1mota4lwu1m2itntzhyzm4otm0yjhliiwizgvidwdjbmzvijp7imfwce5hbwuioijjq2fyx1nlcnzpy2vfq29uc29szsisimfwcfr5cguioijdb25zb2xliiwiyxbwtmftzxnwywnlijoiyyisimxvy2f0aw9uijoizm9yy2u6b2jqzwn0sg9tzurlc2t0b3ailcjzb2jqzwn0vhlwzsi6ikfjy291bnqifx0simdyb3vwswqioijeruzbvuxuin0sinn0yxrlijp7fx0%3d</small> </font> </div>
<div class="test-event"> <font color="maroon"> <small> &emsp; &emsp;--- 16 Oct 09:29:15 777 - <b>0</b> - Page Load Wait: (Sync) - ICar.support.Utils.waitForPageLoad(Utils.java:109)</small> </font> </div>
<div class="test-event"> <font color="maroon"> <small> &emsp; &emsp;--- 16 Oct 09:29:20 914 - Catched spinner load exception due to Expected condition failed: waiting for ICar.support.WaitUtils$4@714addf7 (tried for 5 second(s) with 500 milliseconds interval)</small> </font> </div>
<div class="test-event"> <font color="maroon"> <small> &emsp; &emsp;--- 16 Oct 09:29:20 914 - <b>5</b> - Spinner Load Wait: (Sync) - ICar.support.WaitUtils.waitForSpinner(WaitUtils.java:225)</small> </font> </div>
<div class="test-event"> <font color="maroon"> <small> &emsp; &emsp;--- 16 Oct 09:29:21 867 - Page URL:: https://i-car--staging.sandbox.lightning.force.com/one/one.app#eyjjb21wb25lbnrezwyioijmb3jjzvnlyxjjadpzzwfyy2hqywdlrgvza3rvccisimf0dhjpynv0zxmionsidgvybsi6iji3mtyymdailcjzy29wzu1hcci6eyj0exblijoive9qx1jfu1vmvfmilcjuyw1lc3bhy2uioiiilcjsywjlbci6ilrvccbszxn1bhrziiwibgfizwxqbhvyywwioijub3agumvzdwx0cyisinjlc3vsdhndbxaioijmb3jjzvnlyxjjadpwcmvkawn0zwrszxn1bhrzin0simnvbnrlehqionsirklmvevsuyi6e30sinnlyxjjafnvdxjjzsi6ikftu0ltvefovf9esufmt0cilcjkaxnhymxlsw50zw50uxvlcnkiomzhbhnllcjkaxnhymxlu3blbgxdb3jyzwn0aw9uijpmywxzzswic2vhcmnorglhbg9nu2vzc2lvbklkijoimjk3ywrjowityjeyni1mota4lwu1m2itntzhyzm4otm0yjhliiwizgvidwdjbmzvijp7imfwce5hbwuioijjq2fyx1nlcnzpy2vfq29uc29szsisimfwcfr5cguioijdb25zb2xliiwiyxbwtmftzxnwywnlijoiyyisimxvy2f0aw9uijoizm9yy2u6b2jqzwn0sg9tzurlc2t0b3ailcjzb2jqzwn0vhlwzsi6ikfjy291bnqifx0simdyb3vwswqioijeruzbvuxuin0sinn0yxrlijp7fx0%3d</small> </font> </div>
<div class="test-event"> <font color="maroon"> <small> &emsp; &emsp;--- 16 Oct 09:29:21 868 - <b>0</b> - Page Load Wait: (Sync) - ICar.support.Utils.waitForPageLoad(Utils.java:109)</small> </font> </div>
<div class="test-event"> <font color="maroon"> <small> &emsp; &emsp;--- 16 Oct 09:29:22 757 - Page URL:: https://i-car--staging.sandbox.lightning.force.com/one/one.app#eyjjb21wb25lbnrezwyioijmb3jjzvnlyxjjadpzzwfyy2hqywdlrgvza3rvccisimf0dhjpynv0zxmionsidgvybsi6iji3mtyymdailcjzy29wzu1hcci6eyj0exblijoive9qx1jfu1vmvfmilcjuyw1lc3bhy2uioiiilcjsywjlbci6ilrvccbszxn1bhrziiwibgfizwxqbhvyywwioijub3agumvzdwx0cyisinjlc3vsdhndbxaioijmb3jjzvnlyxjjadpwcmvkawn0zwrszxn1bhrzin0simnvbnrlehqionsirklmvevsuyi6e30sinnlyxjjafnvdxjjzsi6ikftu0ltvefovf9esufmt0cilcjkaxnhymxlsw50zw50uxvlcnkiomzhbhnllcjkaxnhymxlu3blbgxdb3jyzwn0aw9uijpmywxzzswic2vhcmnorglhbg9nu2vzc2lvbklkijoimjk3ywrjowityjeyni1mota4lwu1m2itntzhyzm4otm0yjhliiwizgvidwdjbmzvijp7imfwce5hbwuioijjq2fyx1nlcnzpy2vfq29uc29szsisimfwcfr5cguioijdb25zb2xliiwiyxbwtmftzxnwywnlijoiyyisimxvy2f0aw9uijoizm9yy2u6b2jqzwn0sg9tzurlc2t0b3ailcjzb2jqzwn0vhlwzsi6ikfjy291bnqifx0simdyb3vwswqioijeruzbvuxuin0sinn0yxrlijp7fx0%3d</small> </font> </div>
<div class="test-event"> <font color="maroon"> <small> &emsp; &emsp;--- 16 Oct 09:29:22 757 - <b>0</b> - Page Load Wait: (Sync) - ICar.support.Utils.waitForPageLoad(Utils.java:109)</small> </font> </div>
<div class="test-event"> <font color="maroon"> <small> &emsp; &emsp;--- 16 Oct 09:29:23 647 - Page URL:: https://i-car--staging.sandbox.lightning.force.com/one/one.app#eyjjb21wb25lbnrezwyioijmb3jjzvnlyxjjadpzzwfyy2hqywdlrgvza3rvccisimf0dhjpynv0zxmionsidgvybsi6iji3mtyymdailcjzy29wzu1hcci6eyj0exblijoive9qx1jfu1vmvfmilcjuyw1lc3bhy2uioiiilcjsywjlbci6ilrvccbszxn1bhrziiwibgfizwxqbhvyywwioijub3agumvzdwx0cyisinjlc3vsdhndbxaioijmb3jjzvnlyxjjadpwcmvkawn0zwrszxn1bhrzin0simnvbnrlehqionsirklmvevsuyi6e30sinnlyxjjafnvdxjjzsi6ikftu0ltvefovf9esufmt0cilcjkaxnhymxlsw50zw50uxvlcnkiomzhbhnllcjkaxnhymxlu3blbgxdb3jyzwn0aw9uijpmywxzzswic2vhcmnorglhbg9nu2vzc2lvbklkijoimjk3ywrjowityjeyni1mota4lwu1m2itntzhyzm4otm0yjhliiwizgvidwdjbmzvijp7imfwce5hbwuioijjq2fyx1nlcnzpy2vfq29uc29szsisimfwcfr5cguioijdb25zb2xliiwiyxbwtmftzxnwywnlijoiyyisimxvy2f0aw9uijoizm9yy2u6b2jqzwn0sg9tzurlc2t0b3ailcjzb2jqzwn0vhlwzsi6ikfjy291bnqifx0simdyb3vwswqioijeruzbvuxuin0sinn0yxrlijp7fx0%3d</small> </font> </div>
<div class="test-event"> <font color="maroon"> <small> &emsp; &emsp;--- 16 Oct 09:29:23 647 - <b>0</b> - Page Load Wait: (Sync) - ICar.support.Utils.waitForPageLoad(Utils.java:109)</small> </font> </div>
<div class="test-event"> <font color="maroon"> <small> &emsp; &emsp;--- 16 Oct 09:29:32 033 - Catched spinner load exception due to Expected condition failed: waiting for ICar.support.WaitUtils$4@714addf7 (tried for 8 second(s) with 500 milliseconds interval)</small> </font> </div>
<div class="test-event"> <font color="maroon"> <small> &emsp; &emsp;--- 16 Oct 09:29:32 033 - <b>8</b> - Spinner Load Wait: (Sync) - ICar.support.WaitUtils.waitForSpinner(WaitUtils.java:225)</small> </font> </div>
<div class="test-event"> <font color="maroon"> <small> &emsp; &emsp;--- 16 Oct 09:29:33 036 - Page URL:: https://i-car--staging.sandbox.lightning.force.com/one/one.app#eyjjb21wb25lbnrezwyioijmb3jjzvnlyxjjadpzzwfyy2hqywdlrgvza3rvccisimf0dhjpynv0zxmionsidgvybsi6iji3mtyymdailcjzy29wzu1hcci6eyj0exblijoive9qx1jfu1vmvfmilcjuyw1lc3bhy2uioiiilcjsywjlbci6ilrvccbszxn1bhrziiwibgfizwxqbhvyywwioijub3agumvzdwx0cyisinjlc3vsdhndbxaioijmb3jjzvnlyxjjadpwcmvkawn0zwrszxn1bhrzin0simnvbnrlehqionsirklmvevsuyi6e30sinnlyxjjafnvdxjjzsi6ikftu0ltvefovf9esufmt0cilcjkaxnhymxlsw50zw50uxvlcnkiomzhbhnllcjkaxnhymxlu3blbgxdb3jyzwn0aw9uijpmywxzzswic2vhcmnorglhbg9nu2vzc2lvbklkijoimjk3ywrjowityjeyni1mota4lwu1m2itntzhyzm4otm0yjhliiwizgvidwdjbmzvijp7imfwce5hbwuioijjq2fyx1nlcnzpy2vfq29uc29szsisimfwcfr5cguioijdb25zb2xliiwiyxbwtmftzxnwywnlijoiyyisimxvy2f0aw9uijoizm9yy2u6b2jqzwn0sg9tzurlc2t0b3ailcjzb2jqzwn0vhlwzsi6ikfjy291bnqifx0simdyb3vwswqioijeruzbvuxuin0sinn0yxrlijp7fx0%3d</small> </font> </div>
<div class="test-event"> <font color="maroon"> <small> &emsp; &emsp;--- 16 Oct 09:29:33 036 - <b>1</b> - Page Load Wait: (Sync) - ICar.support.Utils.waitForPageLoad(Utils.java:109)</small> </font> </div>
<div class="test-event"> <font color="maroon"> <small> &emsp; &emsp;--- 16 Oct 09:29:35 210 - Element is displayed:: [[ChromeDriver: chrome on WINDOWS (11198d974d9f525842ef513472eae6a9)] -> xpath: //div[contains(@class,'forceSearchResultsRegion')]//div[contains(@class,'resultsMultiWrapper')]/div/div[1]//following::h2//a]</small> </font> </div>
<div class="test-event"> <font color="maroon"> <small> &emsp; &emsp;--- 16 Oct 09:29:35 595 - Element is displayed:: [[ChromeDriver: chrome on WINDOWS (11198d974d9f525842ef513472eae6a9)] -> xpath: //a[text()='Contacts']]</small> </font> </div>
<div class="test-event"> <font color="maroon"> <small> &emsp; &emsp;--- 16 Oct 09:29:39 631 - Element is displayed:: [[ChromeDriver: chrome on WINDOWS (11198d974d9f525842ef513472eae6a9)] -> xpath: //div[text()='Contacts']//following :: table//tbody//th//span /a]</small> </font> </div>
<div class="test-message">&emsp;Navigated to Community portal using Access shopping cart </div>
<div class="test-event"> <font color="maroon"> <small> &emsp; &emsp;--- 16 Oct 09:29:55 293 - Catched spinner load exception due to Expected condition failed: waiting for ICar.support.WaitUtils$4@714addf7 (tried for 15 second(s) with 500 milliseconds interval)</small> </font> </div>
<div class="test-event"> <font color="maroon"> <small> &emsp; &emsp;--- 16 Oct 09:29:55 294 - <b>15</b> - Spinner Load Wait: (Sync) - ICar.support.WaitUtils.waitForSpinner(WaitUtils.java:225)</small> </font> </div>
<div class="test-event"> <font color="maroon"> <small> &emsp; &emsp;--- 16 Oct 09:29:55 961 - Page URL:: https://i-car--staging.sandbox.lightning.force.com/lightning/r/contact/0031i00000oejqtqaa/view</small> </font> </div>
<div class="test-event"> <font color="maroon"> <small> &emsp; &emsp;--- 16 Oct 09:29:55 961 - <b>0</b> - Page Load Wait: (Sync) - ICar.support.Utils.waitForPageLoad(Utils.java:109)</small> </font> </div>
<div class="test-event"> <font color="maroon"> <small> &emsp; &emsp;--- 16 Oct 09:30:11 095 - Catched spinner load exception due to Expected condition failed: waiting for ICar.support.WaitUtils$4@714addf7 (tried for 15 second(s) with 500 milliseconds interval)</small> </font> </div>
<div class="test-event"> <font color="maroon"> <small> &emsp; &emsp;--- 16 Oct 09:30:11 095 - <b>15</b> - Spinner Load Wait: (Sync) - ICar.support.WaitUtils.waitForSpinner(WaitUtils.java:225)</small> </font> </div>
<div class="test-event"> <font color="maroon"> <small> &emsp; &emsp;--- 16 Oct 09:30:11 182 - Element is displayed:: [[ChromeDriver: chrome on WINDOWS (11198d974d9f525842ef513472eae6a9)] -> xpath: //button[text()='Access Shopping Cart - New']]</small> </font> </div>
<div class="test-event"> <font color="maroon"> <small> &emsp; &emsp;--- 16 Oct 09:30:13 302 - Element is displayed:: [[ChromeDriver: chrome on WINDOWS (11198d974d9f525842ef513472eae6a9)] -> xpath: //button[text()='Access Shopping Cart - New']]</small> </font> </div>
<div class="test-event"> <font color="maroon"> <small> &emsp; &emsp;--- 16 Oct 09:30:22 280 - Page URL:: https://i-car--staging.sandbox.lightning.force.com/lightning/r/contact/0031i00000oejqtqaa/view</small> </font> </div>
<div class="test-event"> <font color="maroon"> <small> &emsp; &emsp;--- 16 Oct 09:30:22 283 - <b>0</b> - Page Load Wait: (Sync) - ICar.support.Utils.waitForPageLoad(Utils.java:109)</small> </font> </div>
<div class="test-event"> <font color="maroon"> <small> &emsp; &emsp;--- 16 Oct 09:30:45 435 - Catched spinner load exception due to Expected condition failed: waiting for ICar.support.WaitUtils$4@714addf7 (tried for 10 second(s) with 500 milliseconds interval)</small> </font> </div>
<div class="test-event"> <font color="maroon"> <small> &emsp; &emsp;--- 16 Oct 09:30:45 436 - <b>10</b> - Spinner Load Wait: (Sync) - ICar.support.WaitUtils.waitForSpinner(WaitUtils.java:225)</small> </font> </div>
<div class="test-event"> <font color="maroon"> <small> &emsp; &emsp;--- 16 Oct 09:30:45 523 - Element is displayed:: [[ChromeDriver: chrome on WINDOWS (11198d974d9f525842ef513472eae6a9)] -> xpath: //button[@value='Launch My Learning']]</small> </font> </div>
<div class="test-message">&emsp;Successfully navigated to 'User Home' Page&emsp;<a href=".\ScreenShot\ICar_B2B980_TC01_38612961912000.png" target="_blank" >[ScreenShot]</a></div>
<div class="test-event"> <font color="maroon"> <small> &emsp; &emsp;--- 16 Oct 09:30:45 877 - Page URL:: https://www.icarstage.com/</small> </font> </div>
<div class="test-event"> <font color="maroon"> <small> &emsp; &emsp;--- 16 Oct 09:30:45 877 - <b>0</b> - Page Load Wait: (Sync) - ICar.support.Utils.waitForPageLoad(Utils.java:109)</small> </font> </div>
<div class="test-event"> <font color="maroon"> <small> &emsp; &emsp;--- 16 Oct 09:30:45 944 - Element is displayed:: [[ChromeDriver: chrome on WINDOWS (11198d974d9f525842ef513472eae6a9)] -> xpath: //p[text()='Launch My Learning']]</small> </font> </div>
<div class="test-event"> <font color="maroon"> <small> &emsp; &emsp;--- 16 Oct 09:30:45 989 - Element is displayed:: [[ChromeDriver: chrome on WINDOWS (11198d974d9f525842ef513472eae6a9)] -> xpath: //a[text()='Buy on Behalf of Others']]</small> </font> </div>
<div class="test-event"> <font color="maroon"> <small> &emsp; &emsp;--- 16 Oct 09:30:48 077 - Element is displayed:: [[ChromeDriver: chrome on WINDOWS (11198d974d9f525842ef513472eae6a9)] -> xpath: //a[text()='Buy on Behalf of Others']]</small> </font> </div>
<div class="test-event"> <font color="maroon"> <small> &emsp; &emsp;--- 16 Oct 09:31:05 322 - Catched spinner load exception due to Expected condition failed: waiting for ICar.support.WaitUtils$4@714addf7 (tried for 15 second(s) with 500 milliseconds interval)</small> </font> </div>
<div class="test-event"> <font color="maroon"> <small> &emsp; &emsp;--- 16 Oct 09:31:05 322 - <b>15</b> - Spinner Load Wait: (Sync) - ICar.support.WaitUtils.waitForSpinner(WaitUtils.java:225)</small> </font> </div>
<div class="test-event"> <font color="maroon"> <small> &emsp; &emsp;--- 16 Oct 09:31:05 449 - Page URL:: https://www.icarstage.com/buy-on-behalf-of</small> </font> </div>
<div class="test-event"> <font color="maroon"> <small> &emsp; &emsp;--- 16 Oct 09:31:05 449 - <b>0</b> - Page Load Wait: (Sync) - ICar.support.Utils.waitForPageLoad(Utils.java:109)</small> </font> </div>
<div class="test-message">&emsp;5. Navigating to Link Browse and buy for others</div>
<div class="test-event"> <font color="maroon"> <small> &emsp; &emsp;--- 16 Oct 09:31:13 775 - Catched spinner load exception due to Expected condition failed: waiting for ICar.support.WaitUtils$4@714addf7 (tried for 8 second(s) with 500 milliseconds interval)</small> </font> </div>
<div class="test-event"> <font color="maroon"> <small> &emsp; &emsp;--- 16 Oct 09:31:13 775 - <b>8</b> - Spinner Load Wait: (Sync) - ICar.support.WaitUtils.waitForSpinner(WaitUtils.java:225)</small> </font> </div>
<div class="test-event"> <font color="maroon"> <small> &emsp; &emsp;--- 16 Oct 09:31:13 881 - Page URL:: https://www.icarstage.com/buy-on-behalf-of</small> </font> </div>
<div class="test-event"> <font color="maroon"> <small> &emsp; &emsp;--- 16 Oct 09:31:13 881 - <b>0</b> - Page Load Wait: (Sync) - ICar.support.Utils.waitForPageLoad(Utils.java:109)</small> </font> </div>
<div class="test-event"> <font color="maroon"> <small> &emsp; &emsp;--- 16 Oct 09:31:17 042 - Page URL:: https://www.icarstage.com/buy-on-behalf-of</small> </font> </div>
<div class="test-event"> <font color="maroon"> <small> &emsp; &emsp;--- 16 Oct 09:31:17 043 - <b>0</b> - Page Load Wait: (Sync) - ICar.support.Utils.waitForPageLoad(Utils.java:109)</small> </font> </div>
<div class="test-event"> <font color="maroon"> <small> &emsp; &emsp;--- 16 Oct 09:31:19 225 - Catched spinner load exception due to Expected condition failed: waiting for ICar.support.WaitUtils$4@714addf7 (tried for 2 second(s) with 500 milliseconds interval)</small> </font> </div>
<div class="test-event"> <font color="maroon"> <small> &emsp; &emsp;--- 16 Oct 09:31:19 225 - <b>2</b> - Spinner Load Wait: (Sync) - ICar.support.WaitUtils.waitForSpinner(WaitUtils.java:225)</small> </font> </div>
<div class="test-event"> <font color="maroon"> <small> &emsp; &emsp;--- 16 Oct 09:31:28 678 - Catched spinner load exception due to Expected condition failed: waiting for ICar.support.WaitUtils$4@714addf7 (tried for 9 second(s) with 500 milliseconds interval)</small> </font> </div>
<div class="test-event"> <font color="maroon"> <small> &emsp; &emsp;--- 16 Oct 09:31:28 678 - <b>9</b> - Spinner Load Wait: (Sync) - ICar.support.WaitUtils.waitForSpinner(WaitUtils.java:225)</small> </font> </div>
<div class="test-event"> <font color="maroon"> <small> &emsp; &emsp;--- 16 Oct 09:31:28 858 - Page URL:: https://www.icarstage.com/buy-on-behalf-of</small> </font> </div>
<div class="test-event"> <font color="maroon"> <small> &emsp; &emsp;--- 16 Oct 09:31:28 858 - <b>0</b> - Page Load Wait: (Sync) - ICar.support.Utils.waitForPageLoad(Utils.java:109)</small> </font> </div>
<div class="test-event"> <font color="maroon"> <small> &emsp; &emsp;--- 16 Oct 09:31:38 332 - Catched spinner load exception due to Expected condition failed: waiting for ICar.support.WaitUtils$4@714addf7 (tried for 9 second(s) with 500 milliseconds interval)</small> </font> </div>
<div class="test-event"> <font color="maroon"> <small> &emsp; &emsp;--- 16 Oct 09:31:38 332 - <b>9</b> - Spinner Load Wait: (Sync) - ICar.support.WaitUtils.waitForSpinner(WaitUtils.java:225)</small> </font> </div>
<div class="test-event"> <font color="maroon"> <small> &emsp; &emsp;--- 16 Oct 09:31:38 493 - Page URL:: https://www.icarstage.com/buy-on-behalf-of</small> </font> </div>
<div class="test-event"> <font color="maroon"> <small> &emsp; &emsp;--- 16 Oct 09:31:38 493 - <b>0</b> - Page Load Wait: (Sync) - ICar.support.Utils.waitForPageLoad(Utils.java:109)</small> </font> </div>
<div class="test-event"> <font color="maroon"> <small> &emsp; &emsp;--- 16 Oct 09:31:38 536 - Element is displayed:: [[ChromeDriver: chrome on WINDOWS (11198d974d9f525842ef513472eae6a9)] -> xpath: //table[contains(@class,'slds-table')]//tr[@class='slds-hint-parent']//td/div[contains(text(),'Cartagena, Henry')]/../..//label/span[1]]</small> </font> </div>
<div class="test-event"> <font color="maroon"> <small> &emsp; &emsp;--- 16 Oct 09:31:38 567 - Element is displayed:: [[ChromeDriver: chrome on WINDOWS (11198d974d9f525842ef513472eae6a9)] -> xpath: //table[contains(@class,'slds-table')]//tr[@class='slds-hint-parent']//td/div[contains(text(),'Cartagena, Henry')]/../..//label/span[1]]</small> </font> </div>
<div class="test-event"> <font color="maroon"> <small> &emsp; &emsp;--- 16 Oct 09:31:40 674 - Catched spinner load exception due to Expected condition failed: waiting for ICar.support.WaitUtils$4@714addf7 (tried for 2 second(s) with 500 milliseconds interval)</small> </font> </div>
<div class="test-event"> <font color="maroon"> <small> &emsp; &emsp;--- 16 Oct 09:31:40 674 - <b>2</b> - Spinner Load Wait: (Sync) - ICar.support.WaitUtils.waitForSpinner(WaitUtils.java:225)</small> </font> </div>
<div class="test-message">&emsp;6 Selecting the studentsCartagena, Henry</div>
<div class="test-event"> <font color="maroon"> <small> &emsp; &emsp;--- 16 Oct 09:31:40 833 - Page URL:: https://www.icarstage.com/buy-on-behalf-of</small> </font> </div>
<div class="test-event"> <font color="maroon"> <small> &emsp; &emsp;--- 16 Oct 09:31:40 833 - <b>0</b> - Page Load Wait: (Sync) - ICar.support.Utils.waitForPageLoad(Utils.java:109)</small> </font> </div>
<div class="test-message">&emsp;Successfully verified Student Name&emsp;<a href=".\ScreenShot\ICar_B2B980_TC01_38668293966800.png" target="_blank" >[ScreenShot]</a></div>
<div class="test-message">&emsp;7 Click on Add Selected Button</div>
<div class="test-event"> <font color="maroon"> <small> &emsp; &emsp;--- 16 Oct 09:31:41 071 - Element is displayed:: [[ChromeDriver: chrome on WINDOWS (11198d974d9f525842ef513472eae6a9)] -> xpath: //button[contains(text(),'Continue')]]</small> </font> </div>
<div class="test-event"> <font color="maroon"> <small> &emsp; &emsp;--- 16 Oct 09:31:51 320 - Catched spinner load exception due to Expected condition failed: waiting for ICar.support.WaitUtils$4@714addf7 (tried for 8 second(s) with 500 milliseconds interval)</small> </font> </div>
<div class="test-event"> <font color="maroon"> <small> &emsp; &emsp;--- 16 Oct 09:31:51 320 - <b>8</b> - Spinner Load Wait: (Sync) - ICar.support.WaitUtils.waitForSpinner(WaitUtils.java:225)</small> </font> </div>
<div class="test-event"> <font color="maroon"> <small> &emsp; &emsp;--- 16 Oct 09:31:51 517 - Page URL:: https://www.icarstage.com/browse?fromalacarte=true</small> </font> </div>
<div class="test-event"> <font color="maroon"> <small> &emsp; &emsp;--- 16 Oct 09:31:51 517 - <b>0</b> - Page Load Wait: (Sync) - ICar.support.Utils.waitForPageLoad(Utils.java:109)</small> </font> </div>
<div class="test-event"> <font color="maroon"> <small> &emsp; &emsp;--- 16 Oct 09:32:01 929 - Catched spinner load exception due to Expected condition failed: waiting for ICar.support.WaitUtils$4@714addf7 (tried for 10 second(s) with 500 milliseconds interval)</small> </font> </div>
<div class="test-event"> <font color="maroon"> <small> &emsp; &emsp;--- 16 Oct 09:32:01 930 - <b>10</b> - Spinner Load Wait: (Sync) - ICar.support.WaitUtils.waitForSpinner(WaitUtils.java:225)</small> </font> </div>
<div class="test-event"> <font color="maroon"> <small> &emsp; &emsp;--- 16 Oct 09:32:16 017 - Catched spinner load exception due to Expected condition failed: waiting for ICar.support.WaitUtils$4@714addf7 (tried for 14 second(s) with 500 milliseconds interval)</small> </font> </div>
<div class="test-event"> <font color="maroon"> <small> &emsp; &emsp;--- 16 Oct 09:32:16 017 - <b>14</b> - Spinner Load Wait: (Sync) - ICar.support.WaitUtils.waitForSpinner(WaitUtils.java:225)</small> </font> </div>
<div class="test-event"> <font color="maroon"> <small> &emsp; &emsp;--- 16 Oct 09:32:18 123 - Element is displayed:: [[ChromeDriver: chrome on WINDOWS (11198d974d9f525842ef513472eae6a9)] -> xpath: //input[@class='slds-input searchInputCls']]</small> </font> </div>
<div class="test-event"> <font color="maroon"> <small> &emsp; &emsp;--- 16 Oct 09:32:18 379 - Element is displayed:: [[ChromeDriver: chrome on WINDOWS (11198d974d9f525842ef513472eae6a9)] -> xpath: //button[@title='Remove selected option']]</small> </font> </div>
<div class="test-event"> <font color="maroon"> <small> &emsp; &emsp;--- 16 Oct 09:32:19 818 - Page URL:: https://www.icarstage.com/custom-search-results?searchtext=basic%20estimate%20writing#gsc.tab=0&gsc.q=basic%20estimate%20writing&gsc.page=1</small> </font> </div>
<div class="test-event"> <font color="maroon"> <small> &emsp; &emsp;--- 16 Oct 09:32:19 818 - <b>0</b> - Page Load Wait: (Sync) - ICar.support.Utils.waitForPageLoad(Utils.java:109)</small> </font> </div>
<div class="test-event"> <font color="maroon"> <small> &emsp; &emsp;--- 16 Oct 09:32:29 978 - Catched spinner load exception due to Expected condition failed: waiting for ICar.support.WaitUtils$4@714addf7 (tried for 10 second(s) with 500 milliseconds interval)</small> </font> </div>
<div class="test-event"> <font color="maroon"> <small> &emsp; &emsp;--- 16 Oct 09:32:29 978 - <b>10</b> - Spinner Load Wait: (Sync) - ICar.support.WaitUtils.waitForSpinner(WaitUtils.java:225)</small> </font> </div>
<div class="test-event"> <font color="maroon"> <small> &emsp; &emsp;--- 16 Oct 09:32:30 021 - Element is displayed:: [[ChromeDriver: chrome on WINDOWS (11198d974d9f525842ef513472eae6a9)] -> xpath: //table//tbody//td[1]//div//a]</small> </font> </div>
<div class="test-event"> <font color="maroon"> <small> &emsp; &emsp;--- 16 Oct 09:32:32 140 - Element is displayed:: [[ChromeDriver: chrome on WINDOWS (11198d974d9f525842ef513472eae6a9)] -> xpath: //table//tbody//td[1]//div//a]</small> </font> </div>
<div class="test-event"> <font color="maroon"> <small> &emsp; &emsp;--- 16 Oct 09:32:38 747 - Element is displayed:: [[ChromeDriver: chrome on WINDOWS (11198d974d9f525842ef513472eae6a9)] -> xpath: //button[text()='Add to Cart']]</small> </font> </div>
<div class="test-event"> <font color="maroon"> <small> &emsp; &emsp;--- 16 Oct 09:32:40 866 - Element is displayed:: [[ChromeDriver: chrome on WINDOWS (11198d974d9f525842ef513472eae6a9)] -> xpath: //button[text()='Add to Cart']]</small> </font> </div>
<div class="test-event"> <font color="maroon"> <small> &emsp; &emsp;--- 16 Oct 09:33:01 357 - Catched spinner load exception due to Expected condition failed: waiting for ICar.support.WaitUtils$4@714addf7 (tried for 20 second(s) with 500 milliseconds interval)</small> </font> </div>
<div class="test-event"> <font color="maroon"> <small> &emsp; &emsp;--- 16 Oct 09:33:01 357 - <b>20</b> - Spinner Load Wait: (Sync) - ICar.support.WaitUtils.waitForSpinner(WaitUtils.java:225)</small> </font> </div>
<div class="test-event"> <font color="maroon"> <small> &emsp; &emsp;--- 16 Oct 09:33:01 406 - Element is displayed:: [[ChromeDriver: chrome on WINDOWS (11198d974d9f525842ef513472eae6a9)] -> xpath: //div[@class='HeaderCart_Icon']/a]</small> </font> </div>
<div class="test-event"> <font color="maroon"> <small> &emsp; &emsp;--- 16 Oct 09:33:03 505 - Element is displayed:: [[ChromeDriver: chrome on WINDOWS (11198d974d9f525842ef513472eae6a9)] -> xpath: //div[@class='HeaderCart_Icon']/a]</small> </font> </div>
<div class="test-event"> <font color="maroon"> <small> &emsp; &emsp;--- 16 Oct 09:33:19 568 - Catched spinner load exception due to Expected condition failed: waiting for ICar.support.WaitUtils$4@714addf7 (tried for 10 second(s) with 500 milliseconds interval)</small> </font> </div>
<div class="test-event"> <font color="maroon"> <small> &emsp; &emsp;--- 16 Oct 09:33:19 568 - <b>10</b> - Spinner Load Wait: (Sync) - ICar.support.WaitUtils.waitForSpinner(WaitUtils.java:225)</small> </font> </div>
<div class="test-event"> <font color="maroon"> <small> &emsp; &emsp;--- 16 Oct 09:33:24 831 - Catched spinner load exception due to Expected condition failed: waiting for ICar.support.WaitUtils$4@714addf7 (tried for 5 second(s) with 500 milliseconds interval)</small> </font> </div>
<div class="test-event"> <font color="maroon"> <small> &emsp; &emsp;--- 16 Oct 09:33:24 831 - <b>5</b> - Spinner Load Wait: (Sync) - ICar.support.WaitUtils.waitForSpinner(WaitUtils.java:225)</small> </font> </div>
<div class="test-message">&emsp;Courses are not available in the Cart</div>
<div class="test-event"> <font color="maroon"> <small> &emsp; &emsp;--- 16 Oct 09:35:17 398 - Unable to find an element after 25 sec ==> Proxy element for: AjaxElementLocator 'By.xpath: //button[@aria-label='Payment Method']'</small> </font> </div>
<div class="test-event"> <font color="maroon"> <small> &emsp; &emsp;--- 16 Oct 09:35:30 912 - Unable to find a element after 10 sec ==> Proxy element for: AjaxElementLocator 'By.xpath: //button[@aria-label='Payment Method']'</small> </font> </div>
<div class="test-message">&emsp;Successfully purchased the Basic Estimate Writing course&emsp;<a href=".\ScreenShot\ICar_B2B980_TC01_38898351202800.png" target="_blank" >[ScreenShot]</a></div>
<div class="test-message">&emsp;The Purchased Order Id is : null&emsp;<a href=".\ScreenShot\ICar_B2B980_TC01_38898513909700.png" target="_blank" >[ScreenShot]</a></div>
<div class="test-event"> <font color="maroon"> <small> &emsp; &emsp;--- 16 Oct 09:35:34 984 - Page URL:: https://i-car--staging.sandbox.lightning.force.com/lightning/r/contact/0031i00000oejqtqaa/view</small> </font> </div>
<div class="test-event"> <font color="maroon"> <small> &emsp; &emsp;--- 16 Oct 09:35:34 984 - <b>0</b> - Page Load Wait: (Sync) - ICar.support.Utils.waitForPageLoad(Utils.java:109)</small> </font> </div>
<div class="test-event"> <font color="maroon"> <small> &emsp; &emsp;--- 16 Oct 09:35:41 265 - Page URL:: https://i-car--staging.sandbox.lightning.force.com/lightning/r/contact/0031i00000oejqtqaa/view</small> </font> </div>
<div class="test-event"> <font color="maroon"> <small> &emsp; &emsp;--- 16 Oct 09:35:41 266 - <b>0</b> - Page Load Wait: (Sync) - ICar.support.Utils.waitForPageLoad(Utils.java:109)</small> </font> </div>
<div class="test-event"> <font color="maroon"> <small> &emsp; &emsp;--- 16 Oct 09:35:46 256 - Page URL:: https://i-car--staging.sandbox.lightning.force.com/lightning/r/contact/0031i00000oejqtqaa/view</small> </font> </div>
<div class="test-event"> <font color="maroon"> <small> &emsp; &emsp;--- 16 Oct 09:35:46 256 - <b>0</b> - Page Load Wait: (Sync) - ICar.support.Utils.waitForPageLoad(Utils.java:109)</small> </font> </div>
<div class="test-event"> <font color="maroon"> <small> &emsp; &emsp;--- 16 Oct 09:35:46 334 - Element is displayed:: [[ChromeDriver: chrome on WINDOWS (11198d974d9f525842ef513472eae6a9)] -> css selector: button[class*='search-button']]</small> </font> </div>
<div class="test-event"> <font color="maroon"> <small> &emsp; &emsp;--- 16 Oct 09:35:48 640 - Catched spinner load exception due to Expected condition failed: waiting for ICar.support.WaitUtils$4@714addf7 (tried for 2 second(s) with 500 milliseconds interval)</small> </font> </div>
<div class="test-event"> <font color="maroon"> <small> &emsp; &emsp;--- 16 Oct 09:35:48 640 - <b>2</b> - Spinner Load Wait: (Sync) - ICar.support.WaitUtils.waitForSpinner(WaitUtils.java:225)</small> </font> </div>
<div class="test-event"> <font color="maroon"> <small> &emsp; &emsp;--- 16 Oct 09:35:51 725 - Element is displayed:: [[ChromeDriver: chrome on WINDOWS (11198d974d9f525842ef513472eae6a9)] -> css selector: button[class*='search-button']]</small> </font> </div>
<div class="test-event"> <font color="maroon"> <small> &emsp; &emsp;--- 16 Oct 09:35:52 224 - Page URL:: https://i-car--staging.sandbox.lightning.force.com/lightning/o/account/list?filtername=accounts</small> </font> </div>
<div class="test-event"> <font color="maroon"> <small> &emsp; &emsp;--- 16 Oct 09:35:52 224 - <b>0</b> - Page Load Wait: (Sync) - ICar.support.Utils.waitForPageLoad(Utils.java:109)</small> </font> </div>
<div class="test-event"> <font color="maroon"> <small> &emsp; &emsp;--- 16 Oct 09:36:12 340 - Catched spinner load exception due to Expected condition failed: waiting for ICar.support.WaitUtils$4@714addf7 (tried for 10 second(s) with 500 milliseconds interval)</small> </font> </div>
<div class="test-event"> <font color="maroon"> <small> &emsp; &emsp;--- 16 Oct 09:36:12 340 - <b>10</b> - Spinner Load Wait: (Sync) - ICar.support.WaitUtils.waitForSpinner(WaitUtils.java:225)</small> </font> </div>
<div class="test-event"> <font color="maroon"> <small> &emsp; &emsp;--- 16 Oct 09:36:13 005 - Page URL:: https://i-car--staging.sandbox.lightning.force.com/one/one.app#eyjjb21wb25lbnrezwyioijmb3jjzvnlyxjjadpzzwfyy2hqywdlrgvza3rvccisimf0dhjpynv0zxmionsidgvybsi6iji1oti2mjyilcjzy29wzu1hcci6eyj0exblijoive9qx1jfu1vmvfmilcjuyw1lc3bhy2uioiiilcjsywjlbci6ilrvccbszxn1bhrziiwibgfizwxqbhvyywwioijub3agumvzdwx0cyisinjlc3vsdhndbxaioijmb3jjzvnlyxjjadpwcmvkawn0zwrszxn1bhrzin0simnvbnrlehqionsirklmvevsuyi6e30sinnlyxjjafnvdxjjzsi6ikftu0ltvefovf9esufmt0cilcjkaxnhymxlsw50zw50uxvlcnkiomzhbhnllcjkaxnhymxlu3blbgxdb3jyzwn0aw9uijpmywxzzswic2vhcmnorglhbg9nu2vzc2lvbklkijoizgfkodyxywytzgvjni1lztc1lwvkzdgtntyxmdm1njhhodc1iiwizgvidwdjbmzvijp7imfwce5hbwuioijjq2fyx1nlcnzpy2vfq29uc29szsisimfwcfr5cguioijdb25zb2xliiwiyxbwtmftzxnwywnlijoiyyisimxvy2f0aw9uijoizm9yy2u6b2jqzwn0sg9tzurlc2t0b3ailcjzb2jqzwn0vhlwzsi6ikfjy291bnqifx0simdyb3vwswqioijeruzbvuxuin0sinn0yxrlijp7fx0%3d</small> </font> </div>
<div class="test-event"> <font color="maroon"> <small> &emsp; &emsp;--- 16 Oct 09:36:13 005 - <b>0</b> - Page Load Wait: (Sync) - ICar.support.Utils.waitForPageLoad(Utils.java:109)</small> </font> </div>
<div class="test-event"> <font color="maroon"> <small> &emsp; &emsp;--- 16 Oct 09:36:24 324 - Catched spinner load exception due to Expected condition failed: waiting for ICar.support.WaitUtils$4@714addf7 (tried for 11 second(s) with 500 milliseconds interval)</small> </font> </div>
<div class="test-event"> <font color="maroon"> <small> &emsp; &emsp;--- 16 Oct 09:36:24 324 - <b>11</b> - Spinner Load Wait: (Sync) - ICar.support.WaitUtils.waitForSpinner(WaitUtils.java:225)</small> </font> </div>
<div class="test-event"> <font color="maroon"> <small> &emsp; &emsp;--- 16 Oct 09:36:25 028 - Page URL:: https://i-car--staging.sandbox.lightning.force.com/one/one.app#eyjjb21wb25lbnrezwyioijmb3jjzvnlyxjjadpzzwfyy2hqywdlrgvza3rvccisimf0dhjpynv0zxmionsidgvybsi6iji1oti2mjyilcjzy29wzu1hcci6eyj0exblijoive9qx1jfu1vmvfmilcjuyw1lc3bhy2uioiiilcjsywjlbci6ilrvccbszxn1bhrziiwibgfizwxqbhvyywwioijub3agumvzdwx0cyisinjlc3vsdhndbxaioijmb3jjzvnlyxjjadpwcmvkawn0zwrszxn1bhrzin0simnvbnrlehqionsirklmvevsuyi6e30sinnlyxjjafnvdxjjzsi6ikftu0ltvefovf9esufmt0cilcjkaxnhymxlsw50zw50uxvlcnkiomzhbhnllcjkaxnhymxlu3blbgxdb3jyzwn0aw9uijpmywxzzswic2vhcmnorglhbg9nu2vzc2lvbklkijoizgfkodyxywytzgvjni1lztc1lwvkzdgtntyxmdm1njhhodc1iiwizgvidwdjbmzvijp7imfwce5hbwuioijjq2fyx1nlcnzpy2vfq29uc29szsisimfwcfr5cguioijdb25zb2xliiwiyxbwtmftzxnwywnlijoiyyisimxvy2f0aw9uijoizm9yy2u6b2jqzwn0sg9tzurlc2t0b3ailcjzb2jqzwn0vhlwzsi6ikfjy291bnqifx0simdyb3vwswqioijeruzbvuxuin0sinn0yxrlijp7fx0%3d</small> </font> </div>
<div class="test-event"> <font color="maroon"> <small> &emsp; &emsp;--- 16 Oct 09:36:25 028 - <b>0</b> - Page Load Wait: (Sync) - ICar.support.Utils.waitForPageLoad(Utils.java:109)</small> </font> </div>
<div class="test-event"> <font color="maroon"> <small> &emsp; &emsp;--- 16 Oct 09:36:25 165 - Element is displayed:: [[ChromeDriver: chrome on WINDOWS (11198d974d9f525842ef513472eae6a9)] -> xpath: //a[@title='Top Results']//span[text()='Top Results']]</small> </font> </div>
<div class="test-event"> <font color="maroon"> <small> &emsp; &emsp;--- 16 Oct 09:36:25 639 - Page URL:: https://i-car--staging.sandbox.lightning.force.com/one/one.app#eyjjb21wb25lbnrezwyioijmb3jjzvnlyxjjadpzzwfyy2hqywdlrgvza3rvccisimf0dhjpynv0zxmionsidgvybsi6iji1oti2mjyilcjzy29wzu1hcci6eyj0exblijoive9qx1jfu1vmvfmilcjuyw1lc3bhy2uioiiilcjsywjlbci6ilrvccbszxn1bhrziiwibgfizwxqbhvyywwioijub3agumvzdwx0cyisinjlc3vsdhndbxaioijmb3jjzvnlyxjjadpwcmvkawn0zwrszxn1bhrzin0simnvbnrlehqionsirklmvevsuyi6e30sinnlyxjjafnvdxjjzsi6ikftu0ltvefovf9esufmt0cilcjkaxnhymxlsw50zw50uxvlcnkiomzhbhnllcjkaxnhymxlu3blbgxdb3jyzwn0aw9uijpmywxzzswic2vhcmnorglhbg9nu2vzc2lvbklkijoizgfkodyxywytzgvjni1lztc1lwvkzdgtntyxmdm1njhhodc1iiwizgvidwdjbmzvijp7imfwce5hbwuioijjq2fyx1nlcnzpy2vfq29uc29szsisimfwcfr5cguioijdb25zb2xliiwiyxbwtmftzxnwywnlijoiyyisimxvy2f0aw9uijoizm9yy2u6b2jqzwn0sg9tzurlc2t0b3ailcjzb2jqzwn0vhlwzsi6ikfjy291bnqifx0simdyb3vwswqioijeruzbvuxuin0sinn0yxrlijp7fx0%3d</small> </font> </div>
<div class="test-event"> <font color="maroon"> <small> &emsp; &emsp;--- 16 Oct 09:36:25 639 - <b>0</b> - Page Load Wait: (Sync) - ICar.support.Utils.waitForPageLoad(Utils.java:109)</small> </font> </div>
<div class="test-event"> <font color="maroon"> <small> &emsp; &emsp;--- 16 Oct 09:36:30 764 - Catched spinner load exception due to Expected condition failed: waiting for ICar.support.WaitUtils$4@714addf7 (tried for 5 second(s) with 500 milliseconds interval)</small> </font> </div>
<div class="test-event"> <font color="maroon"> <small> &emsp; &emsp;--- 16 Oct 09:36:30 764 - <b>5</b> - Spinner Load Wait: (Sync) - ICar.support.WaitUtils.waitForSpinner(WaitUtils.java:225)</small> </font> </div>
<div class="test-event"> <font color="maroon"> <small> &emsp; &emsp;--- 16 Oct 09:36:31 252 - Page URL:: https://i-car--staging.sandbox.lightning.force.com/one/one.app#eyjjb21wb25lbnrezwyioijmb3jjzvnlyxjjadpzzwfyy2hqywdlrgvza3rvccisimf0dhjpynv0zxmionsidgvybsi6iji1oti2mjyilcjzy29wzu1hcci6eyj0exblijoive9qx1jfu1vmvfmilcjuyw1lc3bhy2uioiiilcjsywjlbci6ilrvccbszxn1bhrziiwibgfizwxqbhvyywwioijub3agumvzdwx0cyisinjlc3vsdhndbxaioijmb3jjzvnlyxjjadpwcmvkawn0zwrszxn1bhrzin0simnvbnrlehqionsirklmvevsuyi6e30sinnlyxjjafnvdxjjzsi6ikftu0ltvefovf9esufmt0cilcjkaxnhymxlsw50zw50uxvlcnkiomzhbhnllcjkaxnhymxlu3blbgxdb3jyzwn0aw9uijpmywxzzswic2vhcmnorglhbg9nu2vzc2lvbklkijoizgfkodyxywytzgvjni1lztc1lwvkzdgtntyxmdm1njhhodc1iiwizgvidwdjbmzvijp7imfwce5hbwuioijjq2fyx1nlcnzpy2vfq29uc29szsisimfwcfr5cguioijdb25zb2xliiwiyxbwtmftzxnwywnlijoiyyisimxvy2f0aw9uijoizm9yy2u6b2jqzwn0sg9tzurlc2t0b3ailcjzb2jqzwn0vhlwzsi6ikfjy291bnqifx0simdyb3vwswqioijeruzbvuxuin0sinn0yxrlijp7fx0%3d</small> </font> </div>
<div class="test-event"> <font color="maroon"> <small> &emsp; &emsp;--- 16 Oct 09:36:31 253 - <b>0</b> - Page Load Wait: (Sync) - ICar.support.Utils.waitForPageLoad(Utils.java:109)</small> </font> </div>
<div class="test-event"> <font color="maroon"> <small> &emsp; &emsp;--- 16 Oct 09:36:31 728 - Page URL:: https://i-car--staging.sandbox.lightning.force.com/one/one.app#eyjjb21wb25lbnrezwyioijmb3jjzvnlyxjjadpzzwfyy2hqywdlrgvza3rvccisimf0dhjpynv0zxmionsidgvybsi6iji1oti2mjyilcjzy29wzu1hcci6eyj0exblijoive9qx1jfu1vmvfmilcjuyw1lc3bhy2uioiiilcjsywjlbci6ilrvccbszxn1bhrziiwibgfizwxqbhvyywwioijub3agumvzdwx0cyisinjlc3vsdhndbxaioijmb3jjzvnlyxjjadpwcmvkawn0zwrszxn1bhrzin0simnvbnrlehqionsirklmvevsuyi6e30sinnlyxjjafnvdxjjzsi6ikftu0ltvefovf9esufmt0cilcjkaxnhymxlsw50zw50uxvlcnkiomzhbhnllcjkaxnhymxlu3blbgxdb3jyzwn0aw9uijpmywxzzswic2vhcmnorglhbg9nu2vzc2lvbklkijoizgfkodyxywytzgvjni1lztc1lwvkzdgtntyxmdm1njhhodc1iiwizgvidwdjbmzvijp7imfwce5hbwuioijjq2fyx1nlcnzpy2vfq29uc29szsisimfwcfr5cguioijdb25zb2xliiwiyxbwtmftzxnwywnlijoiyyisimxvy2f0aw9uijoizm9yy2u6b2jqzwn0sg9tzurlc2t0b3ailcjzb2jqzwn0vhlwzsi6ikfjy291bnqifx0simdyb3vwswqioijeruzbvuxuin0sinn0yxrlijp7fx0%3d</small> </font> </div>
<div class="test-event"> <font color="maroon"> <small> &emsp; &emsp;--- 16 Oct 09:36:31 728 - <b>0</b> - Page Load Wait: (Sync) - ICar.support.Utils.waitForPageLoad(Utils.java:109)</small> </font> </div>
<div class="test-event"> <font color="maroon"> <small> &emsp; &emsp;--- 16 Oct 09:36:32 269 - Page URL:: https://i-car--staging.sandbox.lightning.force.com/one/one.app#eyjjb21wb25lbnrezwyioijmb3jjzvnlyxjjadpzzwfyy2hqywdlrgvza3rvccisimf0dhjpynv0zxmionsidgvybsi6iji1oti2mjyilcjzy29wzu1hcci6eyj0exblijoive9qx1jfu1vmvfmilcjuyw1lc3bhy2uioiiilcjsywjlbci6ilrvccbszxn1bhrziiwibgfizwxqbhvyywwioijub3agumvzdwx0cyisinjlc3vsdhndbxaioijmb3jjzvnlyxjjadpwcmvkawn0zwrszxn1bhrzin0simnvbnrlehqionsirklmvevsuyi6e30sinnlyxjjafnvdxjjzsi6ikftu0ltvefovf9esufmt0cilcjkaxnhymxlsw50zw50uxvlcnkiomzhbhnllcjkaxnhymxlu3blbgxdb3jyzwn0aw9uijpmywxzzswic2vhcmnorglhbg9nu2vzc2lvbklkijoizgfkodyxywytzgvjni1lztc1lwvkzdgtntyxmdm1njhhodc1iiwizgvidwdjbmzvijp7imfwce5hbwuioijjq2fyx1nlcnzpy2vfq29uc29szsisimfwcfr5cguioijdb25zb2xliiwiyxbwtmftzxnwywnlijoiyyisimxvy2f0aw9uijoizm9yy2u6b2jqzwn0sg9tzurlc2t0b3ailcjzb2jqzwn0vhlwzsi6ikfjy291bnqifx0simdyb3vwswqioijeruzbvuxuin0sinn0yxrlijp7fx0%3d</small> </font> </div>
<div class="test-event"> <font color="maroon"> <small> &emsp; &emsp;--- 16 Oct 09:36:32 270 - <b>0</b> - Page Load Wait: (Sync) - ICar.support.Utils.waitForPageLoad(Utils.java:109)</small> </font> </div>
<div class="test-event"> <font color="maroon"> <small> &emsp; &emsp;--- 16 Oct 09:36:40 420 - Catched spinner load exception due to Expected condition failed: waiting for ICar.support.WaitUtils$4@714addf7 (tried for 8 second(s) with 500 milliseconds interval)</small> </font> </div>
<div class="test-event"> <font color="maroon"> <small> &emsp; &emsp;--- 16 Oct 09:36:40 420 - <b>8</b> - Spinner Load Wait: (Sync) - ICar.support.WaitUtils.waitForSpinner(WaitUtils.java:225)</small> </font> </div>
<div class="test-event"> <font color="maroon"> <small> &emsp; &emsp;--- 16 Oct 09:36:40 927 - Page URL:: https://i-car--staging.sandbox.lightning.force.com/one/one.app#eyjjb21wb25lbnrezwyioijmb3jjzvnlyxjjadpzzwfyy2hqywdlrgvza3rvccisimf0dhjpynv0zxmionsidgvybsi6iji1oti2mjyilcjzy29wzu1hcci6eyj0exblijoive9qx1jfu1vmvfmilcjuyw1lc3bhy2uioiiilcjsywjlbci6ilrvccbszxn1bhrziiwibgfizwxqbhvyywwioijub3agumvzdwx0cyisinjlc3vsdhndbxaioijmb3jjzvnlyxjjadpwcmvkawn0zwrszxn1bhrzin0simnvbnrlehqionsirklmvevsuyi6e30sinnlyxjjafnvdxjjzsi6ikftu0ltvefovf9esufmt0cilcjkaxnhymxlsw50zw50uxvlcnkiomzhbhnllcjkaxnhymxlu3blbgxdb3jyzwn0aw9uijpmywxzzswic2vhcmnorglhbg9nu2vzc2lvbklkijoizgfkodyxywytzgvjni1lztc1lwvkzdgtntyxmdm1njhhodc1iiwizgvidwdjbmzvijp7imfwce5hbwuioijjq2fyx1nlcnzpy2vfq29uc29szsisimfwcfr5cguioijdb25zb2xliiwiyxbwtmftzxnwywnlijoiyyisimxvy2f0aw9uijoizm9yy2u6b2jqzwn0sg9tzurlc2t0b3ailcjzb2jqzwn0vhlwzsi6ikfjy291bnqifx0simdyb3vwswqioijeruzbvuxuin0sinn0yxrlijp7fx0%3d</small> </font> </div>
<div class="test-event"> <font color="maroon"> <small> &emsp; &emsp;--- 16 Oct 09:36:40 927 - <b>0</b> - Page Load Wait: (Sync) - ICar.support.Utils.waitForPageLoad(Utils.java:109)</small> </font> </div>
<div class="test-event"> <font color="maroon"> <small> &emsp; &emsp;--- 16 Oct 09:36:43 060 - Element is displayed:: [[ChromeDriver: chrome on WINDOWS (11198d974d9f525842ef513472eae6a9)] -> xpath: //div[contains(@class,'forceSearchResultsRegion')]//div[contains(@class,'resultsMultiWrapper')]/div/div[1]//following::h2//a]</small> </font> </div>
<div class="test-event"> <font color="maroon"> <small> &emsp; &emsp;--- 16 Oct 09:36:43 281 - Element is displayed:: [[ChromeDriver: chrome on WINDOWS (11198d974d9f525842ef513472eae6a9)] -> xpath: //a[text()='Contacts']]</small> </font> </div>
<div class="test-event"> <font color="maroon"> <small> &emsp; &emsp;--- 16 Oct 09:36:47 306 - Element is displayed:: [[ChromeDriver: chrome on WINDOWS (11198d974d9f525842ef513472eae6a9)] -> xpath: //div[text()='Contacts']//following :: table//tbody//th//span /a]</small> </font> </div>
<div class="test-event"> <font color="maroon"> <small> &emsp; &emsp;--- 16 Oct 09:36:48 358 - Page URL:: https://i-car--staging.sandbox.lightning.force.com/one/one.app#eyjjb21wb25lbnrezwyioijmb3jjzvnlyxjjadpzzwfyy2hqywdlrgvza3rvccisimf0dhjpynv0zxmionsidgvybsi6iji1oti2mjyilcjzy29wzu1hcci6eyj0exblijoive9qx1jfu1vmvfmilcjuyw1lc3bhy2uioiiilcjsywjlbci6ilrvccbszxn1bhrziiwibgfizwxqbhvyywwioijub3agumvzdwx0cyisinjlc3vsdhndbxaioijmb3jjzvnlyxjjadpwcmvkawn0zwrszxn1bhrzin0simnvbnrlehqionsirklmvevsuyi6e30sinnlyxjjafnvdxjjzsi6ikftu0ltvefovf9esufmt0cilcjkaxnhymxlsw50zw50uxvlcnkiomzhbhnllcjkaxnhymxlu3blbgxdb3jyzwn0aw9uijpmywxzzswic2vhcmnorglhbg9nu2vzc2lvbklkijoizgfkodyxywytzgvjni1lztc1lwvkzdgtntyxmdm1njhhodc1iiwizgvidwdjbmzvijp7imfwce5hbwuioijjq2fyx1nlcnzpy2vfq29uc29szsisimfwcfr5cguioijdb25zb2xliiwiyxbwtmftzxnwywnlijoiyyisimxvy2f0aw9uijoizm9yy2u6b2jqzwn0sg9tzurlc2t0b3ailcjzb2jqzwn0vhlwzsi6ikfjy291bnqifx0simdyb3vwswqioijeruzbvuxuin0sinn0yxrlijp7fx0%3d</small> </font> </div>
<div class="test-event"> <font color="maroon"> <small> &emsp; &emsp;--- 16 Oct 09:36:48 358 - <b>0</b> - Page Load Wait: (Sync) - ICar.support.Utils.waitForPageLoad(Utils.java:109)</small> </font> </div>
<div class="test-event"> <font color="maroon"> <small> &emsp; &emsp;--- 16 Oct 09:37:03 701 - Catched spinner load exception due to Expected condition failed: waiting for ICar.support.WaitUtils$4@714addf7 (tried for 15 second(s) with 500 milliseconds interval)</small> </font> </div>
<div class="test-event"> <font color="maroon"> <small> &emsp; &emsp;--- 16 Oct 09:37:03 701 - <b>15</b> - Spinner Load Wait: (Sync) - ICar.support.WaitUtils.waitForSpinner(WaitUtils.java:225)</small> </font> </div>
<div class="test-event"> <font color="maroon"> <small> &emsp; &emsp;--- 16 Oct 09:37:04 922 - Page URL:: https://i-car--staging.sandbox.lightning.force.com/lightning/r/contact/0031i00000oeshzqaa/view</small> </font> </div>
<div class="test-event"> <font color="maroon"> <small> &emsp; &emsp;--- 16 Oct 09:37:04 922 - <b>1</b> - Page Load Wait: (Sync) - ICar.support.Utils.waitForPageLoad(Utils.java:109)</small> </font> </div>
<div class="test-event"> <font color="maroon"> <small> &emsp; &emsp;--- 16 Oct 09:37:13 092 - Catched spinner load exception due to Expected condition failed: waiting for ICar.support.WaitUtils$4@714addf7 (tried for 8 second(s) with 500 milliseconds interval)</small> </font> </div>
<div class="test-event"> <font color="maroon"> <small> &emsp; &emsp;--- 16 Oct 09:37:13 092 - <b>8</b> - Spinner Load Wait: (Sync) - ICar.support.WaitUtils.waitForSpinner(WaitUtils.java:225)</small> </font> </div>
<div class="test-event"> <font color="maroon"> <small> &emsp; &emsp;--- 16 Oct 09:37:13 879 - Page URL:: https://i-car--staging.sandbox.lightning.force.com/lightning/r/contact/0031i00000oeshzqaa/view</small> </font> </div>
<div class="test-event"> <font color="maroon"> <small> &emsp; &emsp;--- 16 Oct 09:37:13 879 - <b>0</b> - Page Load Wait: (Sync) - ICar.support.Utils.waitForPageLoad(Utils.java:109)</small> </font> </div>
<div class="test-event"> <font color="maroon"> <small> &emsp; &emsp;--- 16 Oct 09:37:16 655 - Page URL:: https://i-car--staging.sandbox.lightning.force.com/lightning/r/contact/0031i00000oeshzqaa/view</small> </font> </div>
<div class="test-event"> <font color="maroon"> <small> &emsp; &emsp;--- 16 Oct 09:37:16 655 - <b>0</b> - Page Load Wait: (Sync) - ICar.support.Utils.waitForPageLoad(Utils.java:109)</small> </font> </div>
<div class="test-event"> <font color="maroon"> <small> &emsp; &emsp;--- 16 Oct 09:37:19 528 - Page URL:: https://i-car--staging.sandbox.lightning.force.com/lightning/r/contact/0031i00000oeshzqaa/view</small> </font> </div>
<div class="test-event"> <font color="maroon"> <small> &emsp; &emsp;--- 16 Oct 09:37:19 529 - <b>0</b> - Page Load Wait: (Sync) - ICar.support.Utils.waitForPageLoad(Utils.java:109)</small> </font> </div>
<div class="test-event"> <font color="maroon"> <small> &emsp; &emsp;--- 16 Oct 09:37:34 963 - Catched spinner load exception due to Expected condition failed: waiting for ICar.support.WaitUtils$4@714addf7 (tried for 15 second(s) with 500 milliseconds interval)</small> </font> </div>
<div class="test-event"> <font color="maroon"> <small> &emsp; &emsp;--- 16 Oct 09:37:34 964 - <b>15</b> - Spinner Load Wait: (Sync) - ICar.support.WaitUtils.waitForSpinner(WaitUtils.java:225)</small> </font> </div>
<div class="test-event"> <font color="maroon"> <small> &emsp; &emsp;--- 16 Oct 09:37:35 766 - Page URL:: https://i-car--staging.sandbox.lightning.force.com/lightning/r/contact/0031i00000oeshzqaa/view</small> </font> </div>
<div class="test-event"> <font color="maroon"> <small> &emsp; &emsp;--- 16 Oct 09:37:35 766 - <b>0</b> - Page Load Wait: (Sync) - ICar.support.Utils.waitForPageLoad(Utils.java:109)</small> </font> </div>
<div class="test-event"> <font color="maroon"> <small> &emsp; &emsp;--- 16 Oct 09:37:35 831 - Element is displayed:: [[ChromeDriver: chrome on WINDOWS (11198d974d9f525842ef513472eae6a9)] -> xpath: //h2[@class='slds-card__header-title']/a/span[1]]</small> </font> </div>
<div class="test-event"> <font color="maroon"> <small> &emsp; &emsp;--- 16 Oct 09:37:37 455 - Page URL:: https://i-car--staging.sandbox.lightning.force.com/lightning/r/contact/0031i00000oeshzqaa/related/enrollment_contact__r/view?ws=%2flightning%2fr%2fcontact%2f0031i00000oeshzqaa%2fview</small> </font> </div>
<div class="test-event"> <font color="maroon"> <small> &emsp; &emsp;--- 16 Oct 09:37:37 455 - <b>1</b> - Page Load Wait: (Sync) - ICar.support.Utils.waitForPageLoad(Utils.java:109)</small> </font> </div>
<div class="test-event"> <font color="maroon"> <small> &emsp; &emsp;--- 16 Oct 09:37:52 598 - Catched spinner load exception due to Expected condition failed: waiting for ICar.support.WaitUtils$4@714addf7 (tried for 15 second(s) with 500 milliseconds interval)</small> </font> </div>
<div class="test-event"> <font color="maroon"> <small> &emsp; &emsp;--- 16 Oct 09:37:52 598 - <b>15</b> - Spinner Load Wait: (Sync) - ICar.support.WaitUtils.waitForSpinner(WaitUtils.java:225)</small> </font> </div>
<div class="test-event"> <font color="maroon"> <small> &emsp; &emsp;--- 16 Oct 09:37:54 117 - Page URL:: https://i-car--staging.sandbox.lightning.force.com/lightning/r/contact/0031i00000oeshzqaa/related/enrollment_contact__r/view?ws=%2flightning%2fr%2fcontact%2f0031i00000oeshzqaa%2fview</small> </font> </div>
<div class="test-event"> <font color="maroon"> <small> &emsp; &emsp;--- 16 Oct 09:37:54 117 - <b>1</b> - Page Load Wait: (Sync) - ICar.support.Utils.waitForPageLoad(Utils.java:109)</small> </font> </div>
<div class="test-event"> <font color="maroon"> <small> &emsp; &emsp;--- 16 Oct 09:37:59 389 - Catched spinner load exception due to Expected condition failed: waiting for ICar.support.WaitUtils$4@714addf7 (tried for 5 second(s) with 500 milliseconds interval)</small> </font> </div>
<div class="test-event"> <font color="maroon"> <small> &emsp; &emsp;--- 16 Oct 09:37:59 389 - <b>5</b> - Spinner Load Wait: (Sync) - ICar.support.WaitUtils.waitForSpinner(WaitUtils.java:225)</small> </font> </div>
<div class="test-event"> <font color="maroon"> <small> &emsp; &emsp;--- 16 Oct 09:38:00 705 - Page URL:: https://i-car--staging.sandbox.lightning.force.com/lightning/r/contact/0031i00000oeshzqaa/related/enrollment_contact__r/view?ws=%2flightning%2fr%2fcontact%2f0031i00000oeshzqaa%2fview</small> </font> </div>
<div class="test-event"> <font color="maroon"> <small> &emsp; &emsp;--- 16 Oct 09:38:00 705 - <b>1</b> - Page Load Wait: (Sync) - ICar.support.Utils.waitForPageLoad(Utils.java:109)</small> </font> </div>
<div class="test-message">&emsp;Successfully verfied  the course : Basic Estimate Writing&emsp;<a href=".\ScreenShot\ICar_B2B980_TC01_39050401258400.png" target="_blank" >[ScreenShot]</a></div>
<div class="test-result"><br><font color="green"><strong> Test Passed. </strong></font> </div>&emsp;
&emsp;<div class="test-title"> <strong><font size = "3" color = "#0000FF">---Test Execution Ends---</font> </strong> </div>&emsp;]]>
    </system-out>
  </testcase> <!-- ICar_B2B980_TC01 -->
  <testcase classname="BAM_Misc.BAMtestscripts" name="ICar_BAM776_TC03" time="395.696">
    <error message="Index 0 out of bounds for length 0" type="java.lang.IndexOutOfBoundsException">
      <![CDATA[java.lang.IndexOutOfBoundsException: Index 0 out of bounds for length 0
at java.base/jdk.internal.util.Preconditions.outOfBounds(Preconditions.java:64)
at java.base/jdk.internal.util.Preconditions.outOfBoundsCheckIndex(Preconditions.java:70)
at java.base/jdk.internal.util.Preconditions.checkIndex(Preconditions.java:266)
at java.base/java.util.Objects.checkIndex(Objects.java:359)
at java.base/java.util.ArrayList.get(ArrayList.java:427)
at java.base/jdk.internal.reflect.GeneratedMethodAccessor5.invoke(Unknown Source)
at java.base/jdk.internal.reflect.DelegatingMethodAccessorImpl.invoke(DelegatingMethodAccessorImpl.java:43)
at java.base/java.lang.reflect.Method.invoke(Method.java:567)
at org.openqa.selenium.support.pagefactory.internal.LocatingElementListHandler.invoke(LocatingElementListHandler.java:39)
at jdk.proxy2/jdk.proxy2.$Proxy26.get(Unknown Source)
at ICar.Pages.SalesForcePages.clickOnPlatiniumViewLink(SalesForcePages.java:6505)
at BAM_Misc.BAMtestscripts.ICar_BAM776_TC03(BAMtestscripts.java:1175)
at java.base/jdk.internal.reflect.NativeMethodAccessorImpl.invoke0(Native Method)
at java.base/jdk.internal.reflect.NativeMethodAccessorImpl.invoke(NativeMethodAccessorImpl.java:78)
at java.base/jdk.internal.reflect.DelegatingMethodAccessorImpl.invoke(DelegatingMethodAccessorImpl.java:43)
at java.base/java.lang.reflect.Method.invoke(Method.java:567)
at org.testng.internal.invokers.MethodInvocationHelper.invokeMethod(MethodInvocationHelper.java:139)
at org.testng.internal.invokers.TestInvoker.invokeMethod(TestInvoker.java:664)
at org.testng.internal.invokers.TestInvoker.invokeTestMethod(TestInvoker.java:227)
at org.testng.internal.invokers.TestMethodWithDataProviderMethodWorker.call(TestMethodWithDataProviderMethodWorker.java:80)
at org.testng.internal.invokers.TestMethodWithDataProviderMethodWorker.call(TestMethodWithDataProviderMethodWorker.java:17)
at java.base/java.util.concurrent.FutureTask.run(FutureTask.java:264)
at java.base/java.util.concurrent.Executors$RunnableAdapter.call(Executors.java:515)
at java.base/java.util.concurrent.FutureTask.run(FutureTask.java:264)
at java.base/java.util.concurrent.ThreadPoolExecutor.runWorker(ThreadPoolExecutor.java:1130)
at java.base/java.util.concurrent.ThreadPoolExecutor$Worker.run(ThreadPoolExecutor.java:630)
at java.base/java.lang.Thread.run(Thread.java:831)
]]>
    </error>
    <system-out>
      <![CDATA[<div class="test-event"> <font color="maroon"> <small> &emsp; &emsp;--- 16 Oct 11:18:35 404 - TestCaseID:: ICar_BAM776_TC03</small> </font> </div>
<div class="test-event"> <font color="maroon"> <small> &emsp; &emsp;--- 16 Oct 11:18:36 303 - <b>0</b> - Driver::initialize::Get - ICar.support.WebDriverFactory.getDriver(WebDriverFactory.java:640)</small> </font> </div>
&emsp;<div class="test-title"> <strong><font size = "3" color = "#000080">The platinum evaluator should run when: An exception date is entered</font> </strong> </div>&emsp;<div><strong>Steps:</strong></div><!-- Report -->&emsp;
<div class="test-event"> <font color="maroon"> <small> &emsp; &emsp;--- 16 Oct 11:18:42 240 - Page URL:: https://i-car--staging.sandbox.my.salesforce.com/</small> </font> </div>
<div class="test-event"> <font color="maroon"> <small> &emsp; &emsp;--- 16 Oct 11:18:42 240 - <b>0</b> - Page Load Wait: (Sync) - ICar.support.Utils.waitForPageLoad(Utils.java:109)</small> </font> </div>
<div class="test-message">&emsp;Successfully navigated to 'Login' Page&emsp;<a href=".\ScreenShot\ICar_BAM776_TC03_45089668682900.png" target="_blank" >[ScreenShot]</a></div>
<div class="test-message">&emsp;1. Login page is launched.</div>
<div class="test-event"> <font color="maroon"> <small> &emsp; &emsp;--- 16 Oct 11:18:42 578 - Element is displayed:: [[ChromeDriver: chrome on WINDOWS (0cbba96ca6f476c419eba1502d831173)] -> id: username]</small> </font> </div>
<div class="test-event"> <font color="maroon"> <small> &emsp; &emsp;--- 16 Oct 11:18:42 659 - Element is displayed:: [[ChromeDriver: chrome on WINDOWS (0cbba96ca6f476c419eba1502d831173)] -> id: username]</small> </font> </div>
<div class="test-event"> <font color="maroon"> <small> &emsp; &emsp;--- 16 Oct 11:18:42 937 - Element is displayed:: [[ChromeDriver: chrome on WINDOWS (0cbba96ca6f476c419eba1502d831173)] -> id: password]</small> </font> </div>
<div class="test-event"> <font color="maroon"> <small> &emsp; &emsp;--- 16 Oct 11:18:43 127 - Element is displayed:: [[ChromeDriver: chrome on WINDOWS (0cbba96ca6f476c419eba1502d831173)] -> id: Login]</small> </font> </div>
<div class="test-event"> <font color="maroon"> <small> &emsp; &emsp;--- 16 Oct 11:19:12 102 - Catched spinner load exception due to Expected condition failed: waiting for ICar.support.WaitUtils$4@714addf7 (tried for 13 second(s) with 500 milliseconds interval)</small> </font> </div>
<div class="test-event"> <font color="maroon"> <small> &emsp; &emsp;--- 16 Oct 11:19:12 102 - <b>13</b> - Spinner Load Wait: (Sync) - ICar.support.WaitUtils.waitForSpinner(WaitUtils.java:225)</small> </font> </div>
<div class="test-event"> <font color="maroon"> <small> &emsp; &emsp;--- 16 Oct 11:19:29 762 - Catched spinner load exception due to Expected condition failed: waiting for ICar.support.WaitUtils$4@714addf7 (tried for 6 second(s) with 500 milliseconds interval)</small> </font> </div>
<div class="test-event"> <font color="maroon"> <small> &emsp; &emsp;--- 16 Oct 11:19:29 762 - <b>6</b> - Spinner Load Wait: (Sync) - ICar.support.WaitUtils.waitForSpinner(WaitUtils.java:225)</small> </font> </div>
<div class="test-event"> <font color="maroon"> <small> &emsp; &emsp;--- 16 Oct 11:19:29 826 - Element is displayed:: [[ChromeDriver: chrome on WINDOWS (0cbba96ca6f476c419eba1502d831173)] -> css selector: button[class*='search-button']]</small> </font> </div>
<div class="test-message">&emsp;2. Navigate to 'SalesForce Page'</div>
<div class="test-event"> <font color="maroon"> <small> &emsp; &emsp;--- 16 Oct 11:19:30 052 - Page URL:: https://i-car--staging.sandbox.lightning.force.com/lightning/r/contact/0031i00000nuecbqa2/view</small> </font> </div>
<div class="test-event"> <font color="maroon"> <small> &emsp; &emsp;--- 16 Oct 11:19:30 052 - <b>0</b> - Page Load Wait: (Sync) - ICar.support.Utils.waitForPageLoad(Utils.java:109)</small> </font> </div>
<div class="test-event"> <font color="maroon"> <small> &emsp; &emsp;--- 16 Oct 11:19:35 390 - Page URL:: https://i-car--staging.sandbox.lightning.force.com/lightning/r/contact/0031i00000nuecbqa2/view</small> </font> </div>
<div class="test-event"> <font color="maroon"> <small> &emsp; &emsp;--- 16 Oct 11:19:35 390 - <b>0</b> - Page Load Wait: (Sync) - ICar.support.Utils.waitForPageLoad(Utils.java:109)</small> </font> </div>
<div class="test-message">&emsp;Close the tab</div>
<div class="test-message">&emsp;Successfully navigated to 'Login' Page&emsp;<a href=".\ScreenShot\ICar_BAM776_TC03_45147935407900.png" target="_blank" >[ScreenShot]</a></div>
<div class="test-message">&emsp;3. Enter the user credentials as : icaradminautomation3@i-car.com.staging</div>
<div class="test-event"> <font color="maroon"> <small> &emsp; &emsp;--- 16 Oct 11:19:41 058 - Page URL:: https://i-car--staging.sandbox.lightning.force.com/lightning/o/account/list?filtername=accounts</small> </font> </div>
<div class="test-event"> <font color="maroon"> <small> &emsp; &emsp;--- 16 Oct 11:19:41 058 - <b>0</b> - Page Load Wait: (Sync) - ICar.support.Utils.waitForPageLoad(Utils.java:109)</small> </font> </div>
<div class="test-event"> <font color="maroon"> <small> &emsp; &emsp;--- 16 Oct 11:19:46 422 - Page URL:: https://i-car--staging.sandbox.lightning.force.com/lightning/o/account/list?filtername=accounts</small> </font> </div>
<div class="test-event"> <font color="maroon"> <small> &emsp; &emsp;--- 16 Oct 11:19:46 422 - <b>0</b> - Page Load Wait: (Sync) - ICar.support.Utils.waitForPageLoad(Utils.java:109)</small> </font> </div>
<div class="test-message">&emsp;Close the tab</div>
<div class="test-event"> <font color="maroon"> <small> &emsp; &emsp;--- 16 Oct 11:19:51 832 - Page URL:: https://i-car--staging.sandbox.lightning.force.com/lightning/o/account/list?filtername=accounts</small> </font> </div>
<div class="test-event"> <font color="maroon"> <small> &emsp; &emsp;--- 16 Oct 11:19:51 832 - <b>0</b> - Page Load Wait: (Sync) - ICar.support.Utils.waitForPageLoad(Utils.java:109)</small> </font> </div>
<div class="test-event"> <font color="maroon"> <small> &emsp; &emsp;--- 16 Oct 11:19:51 877 - Element is displayed:: [[ChromeDriver: chrome on WINDOWS (0cbba96ca6f476c419eba1502d831173)] -> css selector: button[class*='search-button']]</small> </font> </div>
<div class="test-event"> <font color="maroon"> <small> &emsp; &emsp;--- 16 Oct 11:19:53 953 - Catched spinner load exception due to Expected condition failed: waiting for ICar.support.WaitUtils$4@714addf7 (tried for 2 second(s) with 500 milliseconds interval)</small> </font> </div>
<div class="test-event"> <font color="maroon"> <small> &emsp; &emsp;--- 16 Oct 11:19:53 954 - <b>2</b> - Spinner Load Wait: (Sync) - ICar.support.WaitUtils.waitForSpinner(WaitUtils.java:225)</small> </font> </div>
<div class="test-event"> <font color="maroon"> <small> &emsp; &emsp;--- 16 Oct 11:19:57 022 - Element is displayed:: [[ChromeDriver: chrome on WINDOWS (0cbba96ca6f476c419eba1502d831173)] -> css selector: button[class*='search-button']]</small> </font> </div>
<div class="test-event"> <font color="maroon"> <small> &emsp; &emsp;--- 16 Oct 11:19:57 641 - Page URL:: https://i-car--staging.sandbox.lightning.force.com/lightning/o/account/list?filtername=accounts</small> </font> </div>
<div class="test-event"> <font color="maroon"> <small> &emsp; &emsp;--- 16 Oct 11:19:57 641 - <b>0</b> - Page Load Wait: (Sync) - ICar.support.Utils.waitForPageLoad(Utils.java:109)</small> </font> </div>
<div class="test-event"> <font color="maroon"> <small> &emsp; &emsp;--- 16 Oct 11:20:17 742 - Catched spinner load exception due to Expected condition failed: waiting for ICar.support.WaitUtils$4@714addf7 (tried for 10 second(s) with 500 milliseconds interval)</small> </font> </div>
<div class="test-event"> <font color="maroon"> <small> &emsp; &emsp;--- 16 Oct 11:20:17 742 - <b>10</b> - Spinner Load Wait: (Sync) - ICar.support.WaitUtils.waitForSpinner(WaitUtils.java:225)</small> </font> </div>
<div class="test-event"> <font color="maroon"> <small> &emsp; &emsp;--- 16 Oct 11:20:19 233 - Page URL:: https://i-car--staging.sandbox.lightning.force.com/one/one.app#eyjjb21wb25lbnrezwyioijmb3jjzvnlyxjjadpzzwfyy2hqywdlrgvza3rvccisimf0dhjpynv0zxmionsidgvybsi6ikdyb3nzasamiefzc29jawf0zxmsieluyyisinnjb3bltwfwijp7inr5cguioijut1bfukvtvuxuuyisim5hbwvzcgfjzsi6iiisimxhymvsijoivg9wifjlc3vsdhmilcjsywjlbfbsdxjhbci6ilrvccbszxn1bhrziiwicmvzdwx0c0ntcci6imzvcmnlu2vhcmnoonbyzwrpy3rlzfjlc3vsdhmifswiy29udgv4dci6eyjgsuxurvjtijp7fswic2vhcmnou291cmnlijoiqvntsvnuqu5ux0rjquxpryisimrpc2fibgvjbnrlbnrrdwvyesi6zmfsc2usimrpc2fibgvtcgvsbenvcnjly3rpb24iomzhbhnllcjzzwfyy2heawfsb2dtzxnzaw9uswqioiiwztvhm2nhyi04mzkzltgxztkty2y0zs1lyzuwothmzdm5ngmilcjkzwj1z0luzm8ionsiyxbwtmftzsi6ikldyxjfu2vydmljzv9db25zb2xliiwiyxbwvhlwzsi6iknvbnnvbguilcjhchboyw1lc3bhy2uioijjiiwibg9jyxrpb24ioijmb3jjztpvymply3rib21lrgvza3rvccisinnvymply3ruexblijoiqwnjb3vudcj9fswiz3jvdxbjzci6ikrfrkfvtfqifswic3rhdguiont9fq%3d%3d</small> </font> </div>
<div class="test-event"> <font color="maroon"> <small> &emsp; &emsp;--- 16 Oct 11:20:19 233 - <b>1</b> - Page Load Wait: (Sync) - ICar.support.Utils.waitForPageLoad(Utils.java:109)</small> </font> </div>
<div class="test-event"> <font color="maroon"> <small> &emsp; &emsp;--- 16 Oct 11:20:30 238 - Catched spinner load exception due to Expected condition failed: waiting for ICar.support.WaitUtils$4@714addf7 (tried for 11 second(s) with 500 milliseconds interval)</small> </font> </div>
<div class="test-event"> <font color="maroon"> <small> &emsp; &emsp;--- 16 Oct 11:20:30 239 - <b>11</b> - Spinner Load Wait: (Sync) - ICar.support.WaitUtils.waitForSpinner(WaitUtils.java:225)</small> </font> </div>
<div class="test-event"> <font color="maroon"> <small> &emsp; &emsp;--- 16 Oct 11:20:31 668 - Page URL:: https://i-car--staging.sandbox.lightning.force.com/one/one.app#eyjjb21wb25lbnrezwyioijmb3jjzvnlyxjjadpzzwfyy2hqywdlrgvza3rvccisimf0dhjpynv0zxmionsidgvybsi6ikdyb3nzasamiefzc29jawf0zxmsieluyyisinnjb3bltwfwijp7inr5cguioijut1bfukvtvuxuuyisim5hbwvzcgfjzsi6iiisimxhymvsijoivg9wifjlc3vsdhmilcjsywjlbfbsdxjhbci6ilrvccbszxn1bhrziiwicmvzdwx0c0ntcci6imzvcmnlu2vhcmnoonbyzwrpy3rlzfjlc3vsdhmifswiy29udgv4dci6eyjgsuxurvjtijp7fswic2vhcmnou291cmnlijoiqvntsvnuqu5ux0rjquxpryisimrpc2fibgvjbnrlbnrrdwvyesi6zmfsc2usimrpc2fibgvtcgvsbenvcnjly3rpb24iomzhbhnllcjzzwfyy2heawfsb2dtzxnzaw9uswqioiiwztvhm2nhyi04mzkzltgxztkty2y0zs1lyzuwothmzdm5ngmilcjkzwj1z0luzm8ionsiyxbwtmftzsi6ikldyxjfu2vydmljzv9db25zb2xliiwiyxbwvhlwzsi6iknvbnnvbguilcjhchboyw1lc3bhy2uioijjiiwibg9jyxrpb24ioijmb3jjztpvymply3rib21lrgvza3rvccisinnvymply3ruexblijoiqwnjb3vudcj9fswiz3jvdxbjzci6ikrfrkfvtfqifswic3rhdguiont9fq%3d%3d</small> </font> </div>
<div class="test-event"> <font color="maroon"> <small> &emsp; &emsp;--- 16 Oct 11:20:31 668 - <b>1</b> - Page Load Wait: (Sync) - ICar.support.Utils.waitForPageLoad(Utils.java:109)</small> </font> </div>
<div class="test-event"> <font color="maroon"> <small> &emsp; &emsp;--- 16 Oct 11:20:31 728 - Element is displayed:: [[ChromeDriver: chrome on WINDOWS (0cbba96ca6f476c419eba1502d831173)] -> xpath: //a[@title='Top Results']//span[text()='Top Results']]</small> </font> </div>
<div class="test-event"> <font color="maroon"> <small> &emsp; &emsp;--- 16 Oct 11:20:32 230 - Page URL:: https://i-car--staging.sandbox.lightning.force.com/one/one.app#eyjjb21wb25lbnrezwyioijmb3jjzvnlyxjjadpzzwfyy2hqywdlrgvza3rvccisimf0dhjpynv0zxmionsidgvybsi6ikdyb3nzasamiefzc29jawf0zxmsieluyyisinnjb3bltwfwijp7inr5cguioijut1bfukvtvuxuuyisim5hbwvzcgfjzsi6iiisimxhymvsijoivg9wifjlc3vsdhmilcjsywjlbfbsdxjhbci6ilrvccbszxn1bhrziiwicmvzdwx0c0ntcci6imzvcmnlu2vhcmnoonbyzwrpy3rlzfjlc3vsdhmifswiy29udgv4dci6eyjgsuxurvjtijp7fswic2vhcmnou291cmnlijoiqvntsvnuqu5ux0rjquxpryisimrpc2fibgvjbnrlbnrrdwvyesi6zmfsc2usimrpc2fibgvtcgvsbenvcnjly3rpb24iomzhbhnllcjzzwfyy2heawfsb2dtzxnzaw9uswqioiiwztvhm2nhyi04mzkzltgxztkty2y0zs1lyzuwothmzdm5ngmilcjkzwj1z0luzm8ionsiyxbwtmftzsi6ikldyxjfu2vydmljzv9db25zb2xliiwiyxbwvhlwzsi6iknvbnnvbguilcjhchboyw1lc3bhy2uioijjiiwibg9jyxrpb24ioijmb3jjztpvymply3rib21lrgvza3rvccisinnvymply3ruexblijoiqwnjb3vudcj9fswiz3jvdxbjzci6ikrfrkfvtfqifswic3rhdguiont9fq%3d%3d</small> </font> </div>
<div class="test-event"> <font color="maroon"> <small> &emsp; &emsp;--- 16 Oct 11:20:32 230 - <b>0</b> - Page Load Wait: (Sync) - ICar.support.Utils.waitForPageLoad(Utils.java:109)</small> </font> </div>
<div class="test-event"> <font color="maroon"> <small> &emsp; &emsp;--- 16 Oct 11:20:37 744 - Catched spinner load exception due to Expected condition failed: waiting for ICar.support.WaitUtils$4@714addf7 (tried for 5 second(s) with 500 milliseconds interval)</small> </font> </div>
<div class="test-event"> <font color="maroon"> <small> &emsp; &emsp;--- 16 Oct 11:20:37 744 - <b>5</b> - Spinner Load Wait: (Sync) - ICar.support.WaitUtils.waitForSpinner(WaitUtils.java:225)</small> </font> </div>
<div class="test-event"> <font color="maroon"> <small> &emsp; &emsp;--- 16 Oct 11:20:39 203 - Page URL:: https://i-car--staging.sandbox.lightning.force.com/one/one.app#eyjjb21wb25lbnrezwyioijmb3jjzvnlyxjjadpzzwfyy2hqywdlrgvza3rvccisimf0dhjpynv0zxmionsidgvybsi6ikdyb3nzasamiefzc29jawf0zxmsieluyyisinnjb3bltwfwijp7inr5cguioijut1bfukvtvuxuuyisim5hbwvzcgfjzsi6iiisimxhymvsijoivg9wifjlc3vsdhmilcjsywjlbfbsdxjhbci6ilrvccbszxn1bhrziiwicmvzdwx0c0ntcci6imzvcmnlu2vhcmnoonbyzwrpy3rlzfjlc3vsdhmifswiy29udgv4dci6eyjgsuxurvjtijp7fswic2vhcmnou291cmnlijoiqvntsvnuqu5ux0rjquxpryisimrpc2fibgvjbnrlbnrrdwvyesi6zmfsc2usimrpc2fibgvtcgvsbenvcnjly3rpb24iomzhbhnllcjzzwfyy2heawfsb2dtzxnzaw9uswqioiiwztvhm2nhyi04mzkzltgxztkty2y0zs1lyzuwothmzdm5ngmilcjkzwj1z0luzm8ionsiyxbwtmftzsi6ikldyxjfu2vydmljzv9db25zb2xliiwiyxbwvhlwzsi6iknvbnnvbguilcjhchboyw1lc3bhy2uioijjiiwibg9jyxrpb24ioijmb3jjztpvymply3rib21lrgvza3rvccisinnvymply3ruexblijoiqwnjb3vudcj9fswiz3jvdxbjzci6ikrfrkfvtfqifswic3rhdguiont9fq%3d%3d</small> </font> </div>
<div class="test-event"> <font color="maroon"> <small> &emsp; &emsp;--- 16 Oct 11:20:39 203 - <b>1</b> - Page Load Wait: (Sync) - ICar.support.Utils.waitForPageLoad(Utils.java:109)</small> </font> </div>
<div class="test-event"> <font color="maroon"> <small> &emsp; &emsp;--- 16 Oct 11:20:40 635 - Page URL:: https://i-car--staging.sandbox.lightning.force.com/one/one.app#eyjjb21wb25lbnrezwyioijmb3jjzvnlyxjjadpzzwfyy2hqywdlrgvza3rvccisimf0dhjpynv0zxmionsidgvybsi6ikdyb3nzasamiefzc29jawf0zxmsieluyyisinnjb3bltwfwijp7inr5cguioijut1bfukvtvuxuuyisim5hbwvzcgfjzsi6iiisimxhymvsijoivg9wifjlc3vsdhmilcjsywjlbfbsdxjhbci6ilrvccbszxn1bhrziiwicmvzdwx0c0ntcci6imzvcmnlu2vhcmnoonbyzwrpy3rlzfjlc3vsdhmifswiy29udgv4dci6eyjgsuxurvjtijp7fswic2vhcmnou291cmnlijoiqvntsvnuqu5ux0rjquxpryisimrpc2fibgvjbnrlbnrrdwvyesi6zmfsc2usimrpc2fibgvtcgvsbenvcnjly3rpb24iomzhbhnllcjzzwfyy2heawfsb2dtzxnzaw9uswqioiiwztvhm2nhyi04mzkzltgxztkty2y0zs1lyzuwothmzdm5ngmilcjkzwj1z0luzm8ionsiyxbwtmftzsi6ikldyxjfu2vydmljzv9db25zb2xliiwiyxbwvhlwzsi6iknvbnnvbguilcjhchboyw1lc3bhy2uioijjiiwibg9jyxrpb24ioijmb3jjztpvymply3rib21lrgvza3rvccisinnvymply3ruexblijoiqwnjb3vudcj9fswiz3jvdxbjzci6ikrfrkfvtfqifswic3rhdguiont9fq%3d%3d</small> </font> </div>
<div class="test-event"> <font color="maroon"> <small> &emsp; &emsp;--- 16 Oct 11:20:40 635 - <b>1</b> - Page Load Wait: (Sync) - ICar.support.Utils.waitForPageLoad(Utils.java:109)</small> </font> </div>
<div class="test-event"> <font color="maroon"> <small> &emsp; &emsp;--- 16 Oct 11:20:41 999 - Page URL:: https://i-car--staging.sandbox.lightning.force.com/one/one.app#eyjjb21wb25lbnrezwyioijmb3jjzvnlyxjjadpzzwfyy2hqywdlrgvza3rvccisimf0dhjpynv0zxmionsidgvybsi6ikdyb3nzasamiefzc29jawf0zxmsieluyyisinnjb3bltwfwijp7inr5cguioijut1bfukvtvuxuuyisim5hbwvzcgfjzsi6iiisimxhymvsijoivg9wifjlc3vsdhmilcjsywjlbfbsdxjhbci6ilrvccbszxn1bhrziiwicmvzdwx0c0ntcci6imzvcmnlu2vhcmnoonbyzwrpy3rlzfjlc3vsdhmifswiy29udgv4dci6eyjgsuxurvjtijp7fswic2vhcmnou291cmnlijoiqvntsvnuqu5ux0rjquxpryisimrpc2fibgvjbnrlbnrrdwvyesi6zmfsc2usimrpc2fibgvtcgvsbenvcnjly3rpb24iomzhbhnllcjzzwfyy2heawfsb2dtzxnzaw9uswqioiiwztvhm2nhyi04mzkzltgxztkty2y0zs1lyzuwothmzdm5ngmilcjkzwj1z0luzm8ionsiyxbwtmftzsi6ikldyxjfu2vydmljzv9db25zb2xliiwiyxbwvhlwzsi6iknvbnnvbguilcjhchboyw1lc3bhy2uioijjiiwibg9jyxrpb24ioijmb3jjztpvymply3rib21lrgvza3rvccisinnvymply3ruexblijoiqwnjb3vudcj9fswiz3jvdxbjzci6ikrfrkfvtfqifswic3rhdguiont9fq%3d%3d</small> </font> </div>
<div class="test-event"> <font color="maroon"> <small> &emsp; &emsp;--- 16 Oct 11:20:41 999 - <b>1</b> - Page Load Wait: (Sync) - ICar.support.Utils.waitForPageLoad(Utils.java:109)</small> </font> </div>
<div class="test-event"> <font color="maroon"> <small> &emsp; &emsp;--- 16 Oct 11:20:52 430 - Catched spinner load exception due to Expected condition failed: waiting for ICar.support.WaitUtils$4@714addf7 (tried for 10 second(s) with 500 milliseconds interval)</small> </font> </div>
<div class="test-event"> <font color="maroon"> <small> &emsp; &emsp;--- 16 Oct 11:20:52 430 - <b>10</b> - Spinner Load Wait: (Sync) - ICar.support.WaitUtils.waitForSpinner(WaitUtils.java:225)</small> </font> </div>
<div class="test-event"> <font color="maroon"> <small> &emsp; &emsp;--- 16 Oct 11:20:52 466 - Element is displayed:: [[ChromeDriver: chrome on WINDOWS (0cbba96ca6f476c419eba1502d831173)] -> css selector: div.forceSearchResultsRegion div.resultsMultiWrapper >div > div table tbody th a]</small> </font> </div>
<div class="test-event"> <font color="maroon"> <small> &emsp; &emsp;--- 16 Oct 11:20:52 578 - Element is displayed:: [[ChromeDriver: chrome on WINDOWS (0cbba96ca6f476c419eba1502d831173)] -> css selector: div.forceSearchResultsRegion div.resultsMultiWrapper >div > div table tbody th a]</small> </font> </div>
<div class="test-message">&emsp;4. click on Account : Grossi & Associates, Inc</div>
<div class="test-event"> <font color="maroon"> <small> &emsp; &emsp;--- 16 Oct 11:20:54 538 - Page URL:: https://i-car--staging.sandbox.lightning.force.com/one/one.app#eyjjb21wb25lbnrezwyioijmb3jjzvnlyxjjadpzzwfyy2hqywdlrgvza3rvccisimf0dhjpynv0zxmionsidgvybsi6ikdyb3nzasamiefzc29jawf0zxmsieluyyisinnjb3bltwfwijp7inr5cguioijut1bfukvtvuxuuyisim5hbwvzcgfjzsi6iiisimxhymvsijoivg9wifjlc3vsdhmilcjsywjlbfbsdxjhbci6ilrvccbszxn1bhrziiwicmvzdwx0c0ntcci6imzvcmnlu2vhcmnoonbyzwrpy3rlzfjlc3vsdhmifswiy29udgv4dci6eyjgsuxurvjtijp7fswic2vhcmnou291cmnlijoiqvntsvnuqu5ux0rjquxpryisimrpc2fibgvjbnrlbnrrdwvyesi6zmfsc2usimrpc2fibgvtcgvsbenvcnjly3rpb24iomzhbhnllcjzzwfyy2heawfsb2dtzxnzaw9uswqioiiwztvhm2nhyi04mzkzltgxztkty2y0zs1lyzuwothmzdm5ngmilcjkzwj1z0luzm8ionsiyxbwtmftzsi6ikldyxjfu2vydmljzv9db25zb2xliiwiyxbwvhlwzsi6iknvbnnvbguilcjhchboyw1lc3bhy2uioijjiiwibg9jyxrpb24ioijmb3jjztpvymply3rib21lrgvza3rvccisinnvymply3ruexblijoiqwnjb3vudcj9fswiz3jvdxbjzci6ikrfrkfvtfqifswic3rhdguiont9fq%3d%3d</small> </font> </div>
<div class="test-event"> <font color="maroon"> <small> &emsp; &emsp;--- 16 Oct 11:20:54 538 - <b>1</b> - Page Load Wait: (Sync) - ICar.support.Utils.waitForPageLoad(Utils.java:109)</small> </font> </div>
<div class="test-event"> <font color="maroon"> <small> &emsp; &emsp;--- 16 Oct 11:21:09 766 - Catched spinner load exception due to Expected condition failed: waiting for ICar.support.WaitUtils$4@714addf7 (tried for 15 second(s) with 500 milliseconds interval)</small> </font> </div>
<div class="test-event"> <font color="maroon"> <small> &emsp; &emsp;--- 16 Oct 11:21:09 766 - <b>15</b> - Spinner Load Wait: (Sync) - ICar.support.WaitUtils.waitForSpinner(WaitUtils.java:225)</small> </font> </div>
<div class="test-event"> <font color="maroon"> <small> &emsp; &emsp;--- 16 Oct 11:21:11 092 - Page URL:: https://i-car--staging.sandbox.lightning.force.com/lightning/r/account/0011i00000uwf9rqae/view</small> </font> </div>
<div class="test-event"> <font color="maroon"> <small> &emsp; &emsp;--- 16 Oct 11:21:11 092 - <b>1</b> - Page Load Wait: (Sync) - ICar.support.Utils.waitForPageLoad(Utils.java:109)</small> </font> </div>
<div class="test-event"> <font color="maroon"> <small> &emsp; &emsp;--- 16 Oct 11:21:13 201 - Element is displayed:: [[ChromeDriver: chrome on WINDOWS (0cbba96ca6f476c419eba1502d831173)] -> xpath: //a[@id='detailTab__item']]</small> </font> </div>
<div class="test-event"> <font color="maroon"> <small> &emsp; &emsp;--- 16 Oct 11:21:14 505 - Page URL:: https://i-car--staging.sandbox.lightning.force.com/lightning/r/account/0011i00000uwf9rqae/view</small> </font> </div>
<div class="test-event"> <font color="maroon"> <small> &emsp; &emsp;--- 16 Oct 11:21:14 505 - <b>1</b> - Page Load Wait: (Sync) - ICar.support.Utils.waitForPageLoad(Utils.java:109)</small> </font> </div>
<div class="test-event"> <font color="maroon"> <small> &emsp; &emsp;--- 16 Oct 11:21:29 680 - Catched spinner load exception due to Expected condition failed: waiting for ICar.support.WaitUtils$4@714addf7 (tried for 15 second(s) with 500 milliseconds interval)</small> </font> </div>
<div class="test-event"> <font color="maroon"> <small> &emsp; &emsp;--- 16 Oct 11:21:29 680 - <b>15</b> - Spinner Load Wait: (Sync) - ICar.support.WaitUtils.waitForSpinner(WaitUtils.java:225)</small> </font> </div>
<div class="test-event"> <font color="maroon"> <small> &emsp; &emsp;--- 16 Oct 11:21:30 931 - Page URL:: https://i-car--staging.sandbox.lightning.force.com/lightning/r/account/0011i00000uwf9rqae/view</small> </font> </div>
<div class="test-event"> <font color="maroon"> <small> &emsp; &emsp;--- 16 Oct 11:21:30 931 - <b>1</b> - Page Load Wait: (Sync) - ICar.support.Utils.waitForPageLoad(Utils.java:109)</small> </font> </div>
<div class="test-event"> <font color="maroon"> <small> &emsp; &emsp;--- 16 Oct 11:21:32 133 - Page URL:: https://i-car--staging.sandbox.lightning.force.com/lightning/r/account/0011i00000uwf9rqae/view</small> </font> </div>
<div class="test-event"> <font color="maroon"> <small> &emsp; &emsp;--- 16 Oct 11:21:32 133 - <b>1</b> - Page Load Wait: (Sync) - ICar.support.Utils.waitForPageLoad(Utils.java:109)</small> </font> </div>
<div class="test-event"> <font color="maroon"> <small> &emsp; &emsp;--- 16 Oct 11:21:55 844 - Unable to find an element after 5 sec ==> Proxy element for: AjaxElementLocator 'By.xpath: //button[@title='Edit Gold Class Renewal Date']'</small> </font> </div>
<div class="test-message">&emsp;Exception occurred  org.openqa.selenium.NoSuchElementException: Timed out after 3 seconds. Unable to locate the element</div>
<div class="test-message">&emsp;5.IS gold Excpetion date</div>
<div class="test-event"> <font color="maroon"> <small> &emsp; &emsp;--- 16 Oct 11:22:00 245 - Page URL:: https://i-car--staging.sandbox.lightning.force.com/lightning/r/account/0011i00000uwf9rqae/view</small> </font> </div>
<div class="test-event"> <font color="maroon"> <small> &emsp; &emsp;--- 16 Oct 11:22:00 245 - <b>1</b> - Page Load Wait: (Sync) - ICar.support.Utils.waitForPageLoad(Utils.java:109)</small> </font> </div>
<div class="test-event"> <font color="maroon"> <small> &emsp; &emsp;--- 16 Oct 11:22:08 575 - Catched spinner load exception due to Expected condition failed: waiting for ICar.support.WaitUtils$4@714addf7 (tried for 8 second(s) with 500 milliseconds interval)</small> </font> </div>
<div class="test-event"> <font color="maroon"> <small> &emsp; &emsp;--- 16 Oct 11:22:08 575 - <b>8</b> - Spinner Load Wait: (Sync) - ICar.support.WaitUtils.waitForSpinner(WaitUtils.java:225)</small> </font> </div>
<div class="test-event"> <font color="maroon"> <small> &emsp; &emsp;--- 16 Oct 11:22:09 783 - Page URL:: https://i-car--staging.sandbox.lightning.force.com/lightning/r/account/0011i00000uwf9rqae/view</small> </font> </div>
<div class="test-event"> <font color="maroon"> <small> &emsp; &emsp;--- 16 Oct 11:22:09 783 - <b>1</b> - Page Load Wait: (Sync) - ICar.support.Utils.waitForPageLoad(Utils.java:109)</small> </font> </div>
<div class="test-event"> <font color="maroon"> <small> &emsp; &emsp;--- 16 Oct 11:22:11 006 - Page URL:: https://i-car--staging.sandbox.lightning.force.com/lightning/r/account/0011i00000uwf9rqae/view</small> </font> </div>
<div class="test-event"> <font color="maroon"> <small> &emsp; &emsp;--- 16 Oct 11:22:11 006 - <b>1</b> - Page Load Wait: (Sync) - ICar.support.Utils.waitForPageLoad(Utils.java:109)</small> </font> </div>
<div class="test-event"> <font color="maroon"> <small> &emsp; &emsp;--- 16 Oct 11:22:19 335 - Catched spinner load exception due to Expected condition failed: waiting for ICar.support.WaitUtils$4@714addf7 (tried for 8 second(s) with 500 milliseconds interval)</small> </font> </div>
<div class="test-event"> <font color="maroon"> <small> &emsp; &emsp;--- 16 Oct 11:22:19 335 - <b>8</b> - Spinner Load Wait: (Sync) - ICar.support.WaitUtils.waitForSpinner(WaitUtils.java:225)</small> </font> </div>
<div class="test-event"> <font color="maroon"> <small> &emsp; &emsp;--- 16 Oct 11:22:20 622 - Page URL:: https://i-car--staging.sandbox.lightning.force.com/lightning/r/account/0011i00000uwf9rqae/view</small> </font> </div>
<div class="test-event"> <font color="maroon"> <small> &emsp; &emsp;--- 16 Oct 11:22:20 622 - <b>1</b> - Page Load Wait: (Sync) - ICar.support.Utils.waitForPageLoad(Utils.java:109)</small> </font> </div>
<div class="test-event"> <font color="maroon"> <small> &emsp; &emsp;--- 16 Oct 11:22:22 753 - Element is displayed:: [[ChromeDriver: chrome on WINDOWS (0cbba96ca6f476c419eba1502d831173)] -> xpath: //ul[@class='slds-button-group-list']/li[4]//button]</small> </font> </div>
<div class="test-event"> <font color="maroon"> <small> &emsp; &emsp;--- 16 Oct 11:22:22 846 - Element is displayed:: [[ChromeDriver: chrome on WINDOWS (0cbba96ca6f476c419eba1502d831173)] -> xpath: //ul[@class='slds-button-group-list']/li[4]//button]</small> </font> </div>
<div class="test-event"> <font color="maroon"> <small> &emsp; &emsp;--- 16 Oct 11:22:24 228 - Page URL:: https://i-car--staging.sandbox.lightning.force.com/lightning/r/account/0011i00000uwf9rqae/view</small> </font> </div>
<div class="test-event"> <font color="maroon"> <small> &emsp; &emsp;--- 16 Oct 11:22:24 229 - <b>1</b> - Page Load Wait: (Sync) - ICar.support.Utils.waitForPageLoad(Utils.java:109)</small> </font> </div>
<div class="test-event"> <font color="maroon"> <small> &emsp; &emsp;--- 16 Oct 11:22:32 617 - Catched spinner load exception due to Expected condition failed: waiting for ICar.support.WaitUtils$4@714addf7 (tried for 8 second(s) with 500 milliseconds interval)</small> </font> </div>
<div class="test-event"> <font color="maroon"> <small> &emsp; &emsp;--- 16 Oct 11:22:32 617 - <b>8</b> - Spinner Load Wait: (Sync) - ICar.support.WaitUtils.waitForSpinner(WaitUtils.java:225)</small> </font> </div>
<div class="test-event"> <font color="maroon"> <small> &emsp; &emsp;--- 16 Oct 11:22:34 719 - Element is displayed:: [[ChromeDriver: chrome on WINDOWS (0cbba96ca6f476c419eba1502d831173)] -> xpath: //lightning-menu-item[contains(@data-target-selection-name,'Account.Gold_Class_Status')]//a]</small> </font> </div>
<div class="test-event"> <font color="maroon"> <small> &emsp; &emsp;--- 16 Oct 11:22:36 241 - Page URL:: https://i-car--staging.sandbox.lightning.force.com/lightning/r/account/0011i00000uwf9rqae/view</small> </font> </div>
<div class="test-event"> <font color="maroon"> <small> &emsp; &emsp;--- 16 Oct 11:22:36 241 - <b>1</b> - Page Load Wait: (Sync) - ICar.support.Utils.waitForPageLoad(Utils.java:109)</small> </font> </div>
<div class="test-event"> <font color="maroon"> <small> &emsp; &emsp;--- 16 Oct 11:22:37 802 - Page URL:: https://i-car--staging.sandbox.lightning.force.com/lightning/r/account/0011i00000uwf9rqae/view</small> </font> </div>
<div class="test-event"> <font color="maroon"> <small> &emsp; &emsp;--- 16 Oct 11:22:37 802 - <b>1</b> - Page Load Wait: (Sync) - ICar.support.Utils.waitForPageLoad(Utils.java:109)</small> </font> </div>
<div class="test-event"> <font color="maroon"> <small> &emsp; &emsp;--- 16 Oct 11:22:52 987 - Catched spinner load exception due to Expected condition failed: waiting for ICar.support.WaitUtils$4@714addf7 (tried for 15 second(s) with 500 milliseconds interval)</small> </font> </div>
<div class="test-event"> <font color="maroon"> <small> &emsp; &emsp;--- 16 Oct 11:22:52 987 - <b>15</b> - Spinner Load Wait: (Sync) - ICar.support.WaitUtils.waitForSpinner(WaitUtils.java:225)</small> </font> </div>
<div class="test-event"> <font color="maroon"> <small> &emsp; &emsp;--- 16 Oct 11:22:54 356 - Page URL:: https://i-car--staging.sandbox.lightning.force.com/lightning/r/account/0011i00000uwf9rqae/view</small> </font> </div>
<div class="test-event"> <font color="maroon"> <small> &emsp; &emsp;--- 16 Oct 11:22:54 356 - <b>1</b> - Page Load Wait: (Sync) - ICar.support.Utils.waitForPageLoad(Utils.java:109)</small> </font> </div>
<div class="test-event"> <font color="maroon"> <small> &emsp; &emsp;--- 16 Oct 11:22:54 461 - Element is displayed:: [[ChromeDriver: chrome on WINDOWS (0cbba96ca6f476c419eba1502d831173)] -> xpath: //*[text()='Evaluate Now']]</small> </font> </div>
<div class="test-event"> <font color="maroon"> <small> &emsp; &emsp;--- 16 Oct 11:22:55 947 - Page URL:: https://i-car--staging.sandbox.lightning.force.com/lightning/r/account/0011i00000uwf9rqae/view</small> </font> </div>
<div class="test-event"> <font color="maroon"> <small> &emsp; &emsp;--- 16 Oct 11:22:55 947 - <b>1</b> - Page Load Wait: (Sync) - ICar.support.Utils.waitForPageLoad(Utils.java:109)</small> </font> </div>
<div class="test-event"> <font color="maroon"> <small> &emsp; &emsp;--- 16 Oct 11:23:11 077 - Catched spinner load exception due to Expected condition failed: waiting for ICar.support.WaitUtils$4@714addf7 (tried for 15 second(s) with 500 milliseconds interval)</small> </font> </div>
<div class="test-event"> <font color="maroon"> <small> &emsp; &emsp;--- 16 Oct 11:23:11 077 - <b>15</b> - Spinner Load Wait: (Sync) - ICar.support.WaitUtils.waitForSpinner(WaitUtils.java:225)</small> </font> </div>
<div class="test-event"> <font color="maroon"> <small> &emsp; &emsp;--- 16 Oct 11:23:12 443 - Page URL:: https://i-car--staging.sandbox.lightning.force.com/lightning/r/account/0011i00000uwf9rqae/view</small> </font> </div>
<div class="test-event"> <font color="maroon"> <small> &emsp; &emsp;--- 16 Oct 11:23:12 443 - <b>1</b> - Page Load Wait: (Sync) - ICar.support.Utils.waitForPageLoad(Utils.java:109)</small> </font> </div>
<div class="test-message">&emsp;6. Clicked the Evaluate now button</div>
<div class="test-event"> <font color="maroon"> <small> &emsp; &emsp;--- 16 Oct 11:23:12 529 - Element is displayed:: [[ChromeDriver: chrome on WINDOWS (0cbba96ca6f476c419eba1502d831173)] -> xpath: //button[contains(@class,'CancelButton')]]</small> </font> </div>
<div class="test-event"> <font color="maroon"> <small> &emsp; &emsp;--- 16 Oct 11:23:14 089 - Page URL:: https://i-car--staging.sandbox.lightning.force.com/lightning/r/account/0011i00000uwf9rqae/view</small> </font> </div>
<div class="test-event"> <font color="maroon"> <small> &emsp; &emsp;--- 16 Oct 11:23:14 089 - <b>1</b> - Page Load Wait: (Sync) - ICar.support.Utils.waitForPageLoad(Utils.java:109)</small> </font> </div>
<div class="test-event"> <font color="maroon"> <small> &emsp; &emsp;--- 16 Oct 11:23:15 610 - Page URL:: https://i-car--staging.sandbox.lightning.force.com/lightning/r/account/0011i00000uwf9rqae/view</small> </font> </div>
<div class="test-event"> <font color="maroon"> <small> &emsp; &emsp;--- 16 Oct 11:23:15 610 - <b>1</b> - Page Load Wait: (Sync) - ICar.support.Utils.waitForPageLoad(Utils.java:109)</small> </font> </div>
<div class="test-event"> <font color="maroon"> <small> &emsp; &emsp;--- 16 Oct 11:23:21 986 - Page URL:: https://i-car--staging.sandbox.lightning.force.com/lightning/r/account/0011i00000uwf9rqae/view</small> </font> </div>
<div class="test-event"> <font color="maroon"> <small> &emsp; &emsp;--- 16 Oct 11:23:21 986 - <b>1</b> - Page Load Wait: (Sync) - ICar.support.Utils.waitForPageLoad(Utils.java:109)</small> </font> </div>
<div class="test-event"> <font color="maroon"> <small> &emsp; &emsp;--- 16 Oct 11:23:27 917 - Page URL:: https://i-car--staging.sandbox.lightning.force.com/lightning/r/account/0011i00000uwf9rqae/view</small> </font> </div>
<div class="test-event"> <font color="maroon"> <small> &emsp; &emsp;--- 16 Oct 11:23:27 918 - <b>1</b> - Page Load Wait: (Sync) - ICar.support.Utils.waitForPageLoad(Utils.java:109)</small> </font> </div>
<div class="test-event"> <font color="maroon"> <small> &emsp; &emsp;--- 16 Oct 11:23:33 294 - Page URL:: https://i-car--staging.sandbox.lightning.force.com/lightning/o/account/list?filtername=accounts</small> </font> </div>
<div class="test-event"> <font color="maroon"> <small> &emsp; &emsp;--- 16 Oct 11:23:33 294 - <b>0</b> - Page Load Wait: (Sync) - ICar.support.Utils.waitForPageLoad(Utils.java:109)</small> </font> </div>
<div class="test-message">&emsp;Close the tab</div>
<div class="test-event"> <font color="maroon"> <small> &emsp; &emsp;--- 16 Oct 11:23:38 950 - Page URL:: https://i-car--staging.sandbox.lightning.force.com/lightning/o/account/list?filtername=accounts</small> </font> </div>
<div class="test-event"> <font color="maroon"> <small> &emsp; &emsp;--- 16 Oct 11:23:38 950 - <b>0</b> - Page Load Wait: (Sync) - ICar.support.Utils.waitForPageLoad(Utils.java:109)</small> </font> </div>
<div class="test-event"> <font color="maroon"> <small> &emsp; &emsp;--- 16 Oct 11:23:38 986 - Element is displayed:: [[ChromeDriver: chrome on WINDOWS (0cbba96ca6f476c419eba1502d831173)] -> css selector: button[class*='search-button']]</small> </font> </div>
<div class="test-event"> <font color="maroon"> <small> &emsp; &emsp;--- 16 Oct 11:23:41 063 - Catched spinner load exception due to Expected condition failed: waiting for ICar.support.WaitUtils$4@714addf7 (tried for 2 second(s) with 500 milliseconds interval)</small> </font> </div>
<div class="test-event"> <font color="maroon"> <small> &emsp; &emsp;--- 16 Oct 11:23:41 063 - <b>2</b> - Spinner Load Wait: (Sync) - ICar.support.WaitUtils.waitForSpinner(WaitUtils.java:225)</small> </font> </div>
<div class="test-event"> <font color="maroon"> <small> &emsp; &emsp;--- 16 Oct 11:23:44 165 - Element is displayed:: [[ChromeDriver: chrome on WINDOWS (0cbba96ca6f476c419eba1502d831173)] -> css selector: button[class*='search-button']]</small> </font> </div>
<div class="test-event"> <font color="maroon"> <small> &emsp; &emsp;--- 16 Oct 11:23:44 719 - Page URL:: https://i-car--staging.sandbox.lightning.force.com/lightning/o/account/list?filtername=accounts</small> </font> </div>
<div class="test-event"> <font color="maroon"> <small> &emsp; &emsp;--- 16 Oct 11:23:44 719 - <b>0</b> - Page Load Wait: (Sync) - ICar.support.Utils.waitForPageLoad(Utils.java:109)</small> </font> </div>
<div class="test-event"> <font color="maroon"> <small> &emsp; &emsp;--- 16 Oct 11:24:04 299 - Catched spinner load exception due to Expected condition failed: waiting for ICar.support.WaitUtils$4@714addf7 (tried for 10 second(s) with 500 milliseconds interval)</small> </font> </div>
<div class="test-event"> <font color="maroon"> <small> &emsp; &emsp;--- 16 Oct 11:24:04 299 - <b>10</b> - Spinner Load Wait: (Sync) - ICar.support.WaitUtils.waitForSpinner(WaitUtils.java:225)</small> </font> </div>
<div class="test-event"> <font color="maroon"> <small> &emsp; &emsp;--- 16 Oct 11:24:04 840 - Page URL:: https://i-car--staging.sandbox.lightning.force.com/one/one.app#eyjjb21wb25lbnrezwyioijmb3jjzvnlyxjjadpzzwfyy2hqywdlrgvza3rvccisimf0dhjpynv0zxmionsidgvybsi6ijiynjqzmdgilcjzy29wzu1hcci6eyj0exblijoive9qx1jfu1vmvfmilcjuyw1lc3bhy2uioiiilcjsywjlbci6ilrvccbszxn1bhrziiwibgfizwxqbhvyywwioijub3agumvzdwx0cyisinjlc3vsdhndbxaioijmb3jjzvnlyxjjadpwcmvkawn0zwrszxn1bhrzin0simnvbnrlehqionsirklmvevsuyi6e30sinnlyxjjafnvdxjjzsi6ikftu0ltvefovf9esufmt0cilcjkaxnhymxlsw50zw50uxvlcnkiomzhbhnllcjkaxnhymxlu3blbgxdb3jyzwn0aw9uijpmywxzzswic2vhcmnorglhbg9nu2vzc2lvbklkijoiogq5zmzkmtitntizms0xy2i4ltrjyjatzthmymrjyja4ndvmiiwizgvidwdjbmzvijp7imfwce5hbwuioijjq2fyx1nlcnzpy2vfq29uc29szsisimfwcfr5cguioijdb25zb2xliiwiyxbwtmftzxnwywnlijoiyyisimxvy2f0aw9uijoizm9yy2u6b2jqzwn0sg9tzurlc2t0b3ailcjzb2jqzwn0vhlwzsi6ikfjy291bnqifx0simdyb3vwswqioijeruzbvuxuin0sinn0yxrlijp7fx0%3d</small> </font> </div>
<div class="test-event"> <font color="maroon"> <small> &emsp; &emsp;--- 16 Oct 11:24:04 840 - <b>0</b> - Page Load Wait: (Sync) - ICar.support.Utils.waitForPageLoad(Utils.java:109)</small> </font> </div>
<div class="test-event"> <font color="maroon"> <small> &emsp; &emsp;--- 16 Oct 11:24:16 356 - Catched spinner load exception due to Expected condition failed: waiting for ICar.support.WaitUtils$4@714addf7 (tried for 11 second(s) with 500 milliseconds interval)</small> </font> </div>
<div class="test-event"> <font color="maroon"> <small> &emsp; &emsp;--- 16 Oct 11:24:16 356 - <b>11</b> - Spinner Load Wait: (Sync) - ICar.support.WaitUtils.waitForSpinner(WaitUtils.java:225)</small> </font> </div>
<div class="test-event"> <font color="maroon"> <small> &emsp; &emsp;--- 16 Oct 11:24:16 862 - Page URL:: https://i-car--staging.sandbox.lightning.force.com/one/one.app#eyjjb21wb25lbnrezwyioijmb3jjzvnlyxjjadpzzwfyy2hqywdlrgvza3rvccisimf0dhjpynv0zxmionsidgvybsi6ijiynjqzmdgilcjzy29wzu1hcci6eyj0exblijoive9qx1jfu1vmvfmilcjuyw1lc3bhy2uioiiilcjsywjlbci6ilrvccbszxn1bhrziiwibgfizwxqbhvyywwioijub3agumvzdwx0cyisinjlc3vsdhndbxaioijmb3jjzvnlyxjjadpwcmvkawn0zwrszxn1bhrzin0simnvbnrlehqionsirklmvevsuyi6e30sinnlyxjjafnvdxjjzsi6ikftu0ltvefovf9esufmt0cilcjkaxnhymxlsw50zw50uxvlcnkiomzhbhnllcjkaxnhymxlu3blbgxdb3jyzwn0aw9uijpmywxzzswic2vhcmnorglhbg9nu2vzc2lvbklkijoiogq5zmzkmtitntizms0xy2i4ltrjyjatzthmymrjyja4ndvmiiwizgvidwdjbmzvijp7imfwce5hbwuioijjq2fyx1nlcnzpy2vfq29uc29szsisimfwcfr5cguioijdb25zb2xliiwiyxbwtmftzxnwywnlijoiyyisimxvy2f0aw9uijoizm9yy2u6b2jqzwn0sg9tzurlc2t0b3ailcjzb2jqzwn0vhlwzsi6ikfjy291bnqifx0simdyb3vwswqioijeruzbvuxuin0sinn0yxrlijp7fx0%3d</small> </font> </div>
<div class="test-event"> <font color="maroon"> <small> &emsp; &emsp;--- 16 Oct 11:24:16 862 - <b>0</b> - Page Load Wait: (Sync) - ICar.support.Utils.waitForPageLoad(Utils.java:109)</small> </font> </div>
<div class="test-event"> <font color="maroon"> <small> &emsp; &emsp;--- 16 Oct 11:24:16 914 - Element is displayed:: [[ChromeDriver: chrome on WINDOWS (0cbba96ca6f476c419eba1502d831173)] -> xpath: //a[@title='Top Results']//span[text()='Top Results']]</small> </font> </div>
<div class="test-event"> <font color="maroon"> <small> &emsp; &emsp;--- 16 Oct 11:24:17 277 - Page URL:: https://i-car--staging.sandbox.lightning.force.com/one/one.app#eyjjb21wb25lbnrezwyioijmb3jjzvnlyxjjadpzzwfyy2hqywdlrgvza3rvccisimf0dhjpynv0zxmionsidgvybsi6ijiynjqzmdgilcjzy29wzu1hcci6eyj0exblijoive9qx1jfu1vmvfmilcjuyw1lc3bhy2uioiiilcjsywjlbci6ilrvccbszxn1bhrziiwibgfizwxqbhvyywwioijub3agumvzdwx0cyisinjlc3vsdhndbxaioijmb3jjzvnlyxjjadpwcmvkawn0zwrszxn1bhrzin0simnvbnrlehqionsirklmvevsuyi6e30sinnlyxjjafnvdxjjzsi6ikftu0ltvefovf9esufmt0cilcjkaxnhymxlsw50zw50uxvlcnkiomzhbhnllcjkaxnhymxlu3blbgxdb3jyzwn0aw9uijpmywxzzswic2vhcmnorglhbg9nu2vzc2lvbklkijoiogq5zmzkmtitntizms0xy2i4ltrjyjatzthmymrjyja4ndvmiiwizgvidwdjbmzvijp7imfwce5hbwuioijjq2fyx1nlcnzpy2vfq29uc29szsisimfwcfr5cguioijdb25zb2xliiwiyxbwtmftzxnwywnlijoiyyisimxvy2f0aw9uijoizm9yy2u6b2jqzwn0sg9tzurlc2t0b3ailcjzb2jqzwn0vhlwzsi6ikfjy291bnqifx0simdyb3vwswqioijeruzbvuxuin0sinn0yxrlijp7fx0%3d</small> </font> </div>
<div class="test-event"> <font color="maroon"> <small> &emsp; &emsp;--- 16 Oct 11:24:17 278 - <b>0</b> - Page Load Wait: (Sync) - ICar.support.Utils.waitForPageLoad(Utils.java:109)</small> </font> </div>
<div class="test-event"> <font color="maroon"> <small> &emsp; &emsp;--- 16 Oct 11:24:22 547 - Catched spinner load exception due to Expected condition failed: waiting for ICar.support.WaitUtils$4@714addf7 (tried for 5 second(s) with 500 milliseconds interval)</small> </font> </div>
<div class="test-event"> <font color="maroon"> <small> &emsp; &emsp;--- 16 Oct 11:24:22 547 - <b>5</b> - Spinner Load Wait: (Sync) - ICar.support.WaitUtils.waitForSpinner(WaitUtils.java:225)</small> </font> </div>
<div class="test-event"> <font color="maroon"> <small> &emsp; &emsp;--- 16 Oct 11:24:23 005 - Page URL:: https://i-car--staging.sandbox.lightning.force.com/one/one.app#eyjjb21wb25lbnrezwyioijmb3jjzvnlyxjjadpzzwfyy2hqywdlrgvza3rvccisimf0dhjpynv0zxmionsidgvybsi6ijiynjqzmdgilcjzy29wzu1hcci6eyj0exblijoive9qx1jfu1vmvfmilcjuyw1lc3bhy2uioiiilcjsywjlbci6ilrvccbszxn1bhrziiwibgfizwxqbhvyywwioijub3agumvzdwx0cyisinjlc3vsdhndbxaioijmb3jjzvnlyxjjadpwcmvkawn0zwrszxn1bhrzin0simnvbnrlehqionsirklmvevsuyi6e30sinnlyxjjafnvdxjjzsi6ikftu0ltvefovf9esufmt0cilcjkaxnhymxlsw50zw50uxvlcnkiomzhbhnllcjkaxnhymxlu3blbgxdb3jyzwn0aw9uijpmywxzzswic2vhcmnorglhbg9nu2vzc2lvbklkijoiogq5zmzkmtitntizms0xy2i4ltrjyjatzthmymrjyja4ndvmiiwizgvidwdjbmzvijp7imfwce5hbwuioijjq2fyx1nlcnzpy2vfq29uc29szsisimfwcfr5cguioijdb25zb2xliiwiyxbwtmftzxnwywnlijoiyyisimxvy2f0aw9uijoizm9yy2u6b2jqzwn0sg9tzurlc2t0b3ailcjzb2jqzwn0vhlwzsi6ikfjy291bnqifx0simdyb3vwswqioijeruzbvuxuin0sinn0yxrlijp7fx0%3d</small> </font> </div>
<div class="test-event"> <font color="maroon"> <small> &emsp; &emsp;--- 16 Oct 11:24:23 005 - <b>0</b> - Page Load Wait: (Sync) - ICar.support.Utils.waitForPageLoad(Utils.java:109)</small> </font> </div>
<div class="test-event"> <font color="maroon"> <small> &emsp; &emsp;--- 16 Oct 11:24:23 533 - Page URL:: https://i-car--staging.sandbox.lightning.force.com/one/one.app#eyjjb21wb25lbnrezwyioijmb3jjzvnlyxjjadpzzwfyy2hqywdlrgvza3rvccisimf0dhjpynv0zxmionsidgvybsi6ijiynjqzmdgilcjzy29wzu1hcci6eyj0exblijoive9qx1jfu1vmvfmilcjuyw1lc3bhy2uioiiilcjsywjlbci6ilrvccbszxn1bhrziiwibgfizwxqbhvyywwioijub3agumvzdwx0cyisinjlc3vsdhndbxaioijmb3jjzvnlyxjjadpwcmvkawn0zwrszxn1bhrzin0simnvbnrlehqionsirklmvevsuyi6e30sinnlyxjjafnvdxjjzsi6ikftu0ltvefovf9esufmt0cilcjkaxnhymxlsw50zw50uxvlcnkiomzhbhnllcjkaxnhymxlu3blbgxdb3jyzwn0aw9uijpmywxzzswic2vhcmnorglhbg9nu2vzc2lvbklkijoiogq5zmzkmtitntizms0xy2i4ltrjyjatzthmymrjyja4ndvmiiwizgvidwdjbmzvijp7imfwce5hbwuioijjq2fyx1nlcnzpy2vfq29uc29szsisimfwcfr5cguioijdb25zb2xliiwiyxbwtmftzxnwywnlijoiyyisimxvy2f0aw9uijoizm9yy2u6b2jqzwn0sg9tzurlc2t0b3ailcjzb2jqzwn0vhlwzsi6ikfjy291bnqifx0simdyb3vwswqioijeruzbvuxuin0sinn0yxrlijp7fx0%3d</small> </font> </div>
<div class="test-event"> <font color="maroon"> <small> &emsp; &emsp;--- 16 Oct 11:24:23 533 - <b>0</b> - Page Load Wait: (Sync) - ICar.support.Utils.waitForPageLoad(Utils.java:109)</small> </font> </div>
<div class="test-event"> <font color="maroon"> <small> &emsp; &emsp;--- 16 Oct 11:24:23 984 - Page URL:: https://i-car--staging.sandbox.lightning.force.com/one/one.app#eyjjb21wb25lbnrezwyioijmb3jjzvnlyxjjadpzzwfyy2hqywdlrgvza3rvccisimf0dhjpynv0zxmionsidgvybsi6ijiynjqzmdgilcjzy29wzu1hcci6eyj0exblijoive9qx1jfu1vmvfmilcjuyw1lc3bhy2uioiiilcjsywjlbci6ilrvccbszxn1bhrziiwibgfizwxqbhvyywwioijub3agumvzdwx0cyisinjlc3vsdhndbxaioijmb3jjzvnlyxjjadpwcmvkawn0zwrszxn1bhrzin0simnvbnrlehqionsirklmvevsuyi6e30sinnlyxjjafnvdxjjzsi6ikftu0ltvefovf9esufmt0cilcjkaxnhymxlsw50zw50uxvlcnkiomzhbhnllcjkaxnhymxlu3blbgxdb3jyzwn0aw9uijpmywxzzswic2vhcmnorglhbg9nu2vzc2lvbklkijoiogq5zmzkmtitntizms0xy2i4ltrjyjatzthmymrjyja4ndvmiiwizgvidwdjbmzvijp7imfwce5hbwuioijjq2fyx1nlcnzpy2vfq29uc29szsisimfwcfr5cguioijdb25zb2xliiwiyxbwtmftzxnwywnlijoiyyisimxvy2f0aw9uijoizm9yy2u6b2jqzwn0sg9tzurlc2t0b3ailcjzb2jqzwn0vhlwzsi6ikfjy291bnqifx0simdyb3vwswqioijeruzbvuxuin0sinn0yxrlijp7fx0%3d</small> </font> </div>
<div class="test-event"> <font color="maroon"> <small> &emsp; &emsp;--- 16 Oct 11:24:23 984 - <b>0</b> - Page Load Wait: (Sync) - ICar.support.Utils.waitForPageLoad(Utils.java:109)</small> </font> </div>
<div class="test-event"> <font color="maroon"> <small> &emsp; &emsp;--- 16 Oct 11:24:32 388 - Catched spinner load exception due to Expected condition failed: waiting for ICar.support.WaitUtils$4@714addf7 (tried for 8 second(s) with 500 milliseconds interval)</small> </font> </div>
<div class="test-event"> <font color="maroon"> <small> &emsp; &emsp;--- 16 Oct 11:24:32 388 - <b>8</b> - Spinner Load Wait: (Sync) - ICar.support.WaitUtils.waitForSpinner(WaitUtils.java:225)</small> </font> </div>
<div class="test-event"> <font color="maroon"> <small> &emsp; &emsp;--- 16 Oct 11:24:32 893 - Page URL:: https://i-car--staging.sandbox.lightning.force.com/one/one.app#eyjjb21wb25lbnrezwyioijmb3jjzvnlyxjjadpzzwfyy2hqywdlrgvza3rvccisimf0dhjpynv0zxmionsidgvybsi6ijiynjqzmdgilcjzy29wzu1hcci6eyj0exblijoive9qx1jfu1vmvfmilcjuyw1lc3bhy2uioiiilcjsywjlbci6ilrvccbszxn1bhrziiwibgfizwxqbhvyywwioijub3agumvzdwx0cyisinjlc3vsdhndbxaioijmb3jjzvnlyxjjadpwcmvkawn0zwrszxn1bhrzin0simnvbnrlehqionsirklmvevsuyi6e30sinnlyxjjafnvdxjjzsi6ikftu0ltvefovf9esufmt0cilcjkaxnhymxlsw50zw50uxvlcnkiomzhbhnllcjkaxnhymxlu3blbgxdb3jyzwn0aw9uijpmywxzzswic2vhcmnorglhbg9nu2vzc2lvbklkijoiogq5zmzkmtitntizms0xy2i4ltrjyjatzthmymrjyja4ndvmiiwizgvidwdjbmzvijp7imfwce5hbwuioijjq2fyx1nlcnzpy2vfq29uc29szsisimfwcfr5cguioijdb25zb2xliiwiyxbwtmftzxnwywnlijoiyyisimxvy2f0aw9uijoizm9yy2u6b2jqzwn0sg9tzurlc2t0b3ailcjzb2jqzwn0vhlwzsi6ikfjy291bnqifx0simdyb3vwswqioijeruzbvuxuin0sinn0yxrlijp7fx0%3d</small> </font> </div>
<div class="test-event"> <font color="maroon"> <small> &emsp; &emsp;--- 16 Oct 11:24:32 893 - <b>0</b> - Page Load Wait: (Sync) - ICar.support.Utils.waitForPageLoad(Utils.java:109)</small> </font> </div>
<div class="test-event"> <font color="maroon"> <small> &emsp; &emsp;--- 16 Oct 11:24:35 016 - Element is displayed:: [[ChromeDriver: chrome on WINDOWS (0cbba96ca6f476c419eba1502d831173)] -> xpath: //div[contains(@class,'forceSearchResultsRegion')]//div[contains(@class,'resultsMultiWrapper')]/div/div[1]//following::h2//a]</small> </font> </div>
<div class="test-event"> <font color="maroon"> <small> &emsp; &emsp;--- 16 Oct 11:24:35 273 - Element is displayed:: [[ChromeDriver: chrome on WINDOWS (0cbba96ca6f476c419eba1502d831173)] -> xpath: //a[text()='Contacts']]</small> </font> </div>
<div class="test-event"> <font color="maroon"> <small> &emsp; &emsp;--- 16 Oct 11:24:39 722 - Element is displayed:: [[ChromeDriver: chrome on WINDOWS (0cbba96ca6f476c419eba1502d831173)] -> xpath: //div[text()='Contacts']//following :: table//tbody//th//span /a]</small> </font> </div>
<div class="test-message">&emsp;6. click on 'view all' on Platnium status in Sales force</div>
<div class="test-event"> <font color="maroon"> <small> &emsp; &emsp;--- 16 Oct 11:24:40 521 - Page URL:: https://i-car--staging.sandbox.lightning.force.com/one/one.app#eyjjb21wb25lbnrezwyioijmb3jjzvnlyxjjadpzzwfyy2hqywdlrgvza3rvccisimf0dhjpynv0zxmionsidgvybsi6ijiynjqzmdgilcjzy29wzu1hcci6eyj0exblijoive9qx1jfu1vmvfmilcjuyw1lc3bhy2uioiiilcjsywjlbci6ilrvccbszxn1bhrziiwibgfizwxqbhvyywwioijub3agumvzdwx0cyisinjlc3vsdhndbxaioijmb3jjzvnlyxjjadpwcmvkawn0zwrszxn1bhrzin0simnvbnrlehqionsirklmvevsuyi6e30sinnlyxjjafnvdxjjzsi6ikftu0ltvefovf9esufmt0cilcjkaxnhymxlsw50zw50uxvlcnkiomzhbhnllcjkaxnhymxlu3blbgxdb3jyzwn0aw9uijpmywxzzswic2vhcmnorglhbg9nu2vzc2lvbklkijoiogq5zmzkmtitntizms0xy2i4ltrjyjatzthmymrjyja4ndvmiiwizgvidwdjbmzvijp7imfwce5hbwuioijjq2fyx1nlcnzpy2vfq29uc29szsisimfwcfr5cguioijdb25zb2xliiwiyxbwtmftzxnwywnlijoiyyisimxvy2f0aw9uijoizm9yy2u6b2jqzwn0sg9tzurlc2t0b3ailcjzb2jqzwn0vhlwzsi6ikfjy291bnqifx0simdyb3vwswqioijeruzbvuxuin0sinn0yxrlijp7fx0%3d</small> </font> </div>
<div class="test-event"> <font color="maroon"> <small> &emsp; &emsp;--- 16 Oct 11:24:40 521 - <b>0</b> - Page Load Wait: (Sync) - ICar.support.Utils.waitForPageLoad(Utils.java:109)</small> </font> </div>
<div class="test-event"> <font color="maroon"> <small> &emsp; &emsp;--- 16 Oct 11:25:01 030 - Catched spinner load exception due to Expected condition failed: waiting for ICar.support.WaitUtils$4@714addf7 (tried for 20 second(s) with 500 milliseconds interval)</small> </font> </div>
<div class="test-event"> <font color="maroon"> <small> &emsp; &emsp;--- 16 Oct 11:25:01 030 - <b>20</b> - Spinner Load Wait: (Sync) - ICar.support.WaitUtils.waitForSpinner(WaitUtils.java:225)</small> </font> </div>
<div class="test-event"> <font color="maroon"> <small> &emsp; &emsp;--- 16 Oct 11:25:01 611 - Page URL:: https://i-car--staging.sandbox.lightning.force.com/lightning/r/contact/0031i00000nuecbqa2/view</small> </font> </div>
<div class="test-event"> <font color="maroon"> <small> &emsp; &emsp;--- 16 Oct 11:25:01 611 - <b>0</b> - Page Load Wait: (Sync) - ICar.support.Utils.waitForPageLoad(Utils.java:109)</small> </font> </div>
<div class="test-event"> <font color="maroon"> <small> &emsp; &emsp;--- 16 Oct 11:25:07 054 - Catched spinner load exception due to Expected condition failed: waiting for ICar.support.WaitUtils$4@714addf7 (tried for 5 second(s) with 500 milliseconds interval)</small> </font> </div>
<div class="test-event"> <font color="maroon"> <small> &emsp; &emsp;--- 16 Oct 11:25:07 055 - <b>5</b> - Spinner Load Wait: (Sync) - ICar.support.WaitUtils.waitForSpinner(WaitUtils.java:225)</small> </font> </div>
<div class="test-event"> <font color="maroon"> <small> &emsp; &emsp;--- 16 Oct 11:25:07 848 - Page URL:: https://i-car--staging.sandbox.lightning.force.com/lightning/r/contact/0031i00000nuecbqa2/view</small> </font> </div>
<div class="test-event"> <font color="maroon"> <small> &emsp; &emsp;--- 16 Oct 11:25:07 848 - <b>0</b> - Page Load Wait: (Sync) - ICar.support.Utils.waitForPageLoad(Utils.java:109)</small> </font> </div>
<!--FAIL-->
<div class="test-result"><br><font color="red"><strong> Index 0 out of bounds for length 0 </strong></font> <a href=".\ScreenShot\ICar_BAM776_TC03_45478563002700.png" target="_blank" >[ScreenShot]</a></div>&emsp;
&emsp;<div class="test-title"> <strong><font size = "3" color = "#0000FF">---Test Execution Ends---</font> </strong> </div>&emsp;]]>
    </system-out>
  </testcase> <!-- ICar_BAM776_TC03 -->
  <testcase classname="BAM_Misc.BAMtestscripts" name="ICar_BAM640_TC05" time="367.723">
    <error message="Index 0 out of bounds for length 0" type="java.lang.IndexOutOfBoundsException">
      <![CDATA[java.lang.IndexOutOfBoundsException: Index 0 out of bounds for length 0
at java.base/jdk.internal.util.Preconditions.outOfBounds(Preconditions.java:64)
at java.base/jdk.internal.util.Preconditions.outOfBoundsCheckIndex(Preconditions.java:70)
at java.base/jdk.internal.util.Preconditions.checkIndex(Preconditions.java:266)
at java.base/java.util.Objects.checkIndex(Objects.java:359)
at java.base/java.util.ArrayList.get(ArrayList.java:427)
at java.base/jdk.internal.reflect.GeneratedMethodAccessor5.invoke(Unknown Source)
at java.base/jdk.internal.reflect.DelegatingMethodAccessorImpl.invoke(DelegatingMethodAccessorImpl.java:43)
at java.base/java.lang.reflect.Method.invoke(Method.java:567)
at org.openqa.selenium.support.pagefactory.internal.LocatingElementListHandler.invoke(LocatingElementListHandler.java:39)
at jdk.proxy2/jdk.proxy2.$Proxy26.get(Unknown Source)
at ICar.Pages.SalesForcePages.clickOnsViewLink(SalesForcePages.java:19743)
at BAM_Misc.BAMtestscripts.ICar_BAM640_TC05(BAMtestscripts.java:1763)
at java.base/jdk.internal.reflect.NativeMethodAccessorImpl.invoke0(Native Method)
at java.base/jdk.internal.reflect.NativeMethodAccessorImpl.invoke(NativeMethodAccessorImpl.java:78)
at java.base/jdk.internal.reflect.DelegatingMethodAccessorImpl.invoke(DelegatingMethodAccessorImpl.java:43)
at java.base/java.lang.reflect.Method.invoke(Method.java:567)
at org.testng.internal.invokers.MethodInvocationHelper.invokeMethod(MethodInvocationHelper.java:139)
at org.testng.internal.invokers.TestInvoker.invokeMethod(TestInvoker.java:664)
at org.testng.internal.invokers.TestInvoker.invokeTestMethod(TestInvoker.java:227)
at org.testng.internal.invokers.TestMethodWithDataProviderMethodWorker.call(TestMethodWithDataProviderMethodWorker.java:80)
at org.testng.internal.invokers.TestMethodWithDataProviderMethodWorker.call(TestMethodWithDataProviderMethodWorker.java:17)
at java.base/java.util.concurrent.FutureTask.run(FutureTask.java:264)
at java.base/java.util.concurrent.Executors$RunnableAdapter.call(Executors.java:515)
at java.base/java.util.concurrent.FutureTask.run(FutureTask.java:264)
at java.base/java.util.concurrent.ThreadPoolExecutor.runWorker(ThreadPoolExecutor.java:1130)
at java.base/java.util.concurrent.ThreadPoolExecutor$Worker.run(ThreadPoolExecutor.java:630)
at java.base/java.lang.Thread.run(Thread.java:831)
]]>
    </error>
    <system-out>
      <![CDATA[<div class="test-event"> <font color="maroon"> <small> &emsp; &emsp;--- 16 Oct 10:57:23 143 - TestCaseID:: ICar_BAM640_TC05</small> </font> </div>
<div class="test-event"> <font color="maroon"> <small> &emsp; &emsp;--- 16 Oct 10:57:24 052 - <b>0</b> - Driver::initialize::Get - ICar.support.WebDriverFactory.getDriver(WebDriverFactory.java:640)</small> </font> </div>
&emsp;<div class="test-title"> <strong><font size = "3" color = "#000080">Verify the Start Date for an employee on an Stand Alone Account's Roster is not Changed when an employee is terminated from the Account</font> </strong> </div>&emsp;<div><strong>Steps:</strong></div><!-- Report -->&emsp;
<div class="test-event"> <font color="maroon"> <small> &emsp; &emsp;--- 16 Oct 10:57:28 189 - Page URL:: https://i-car--staging.sandbox.my.salesforce.com/</small> </font> </div>
<div class="test-event"> <font color="maroon"> <small> &emsp; &emsp;--- 16 Oct 10:57:28 189 - <b>0</b> - Page Load Wait: (Sync) - ICar.support.Utils.waitForPageLoad(Utils.java:109)</small> </font> </div>
<div class="test-message">&emsp;Successfully navigated to 'Login' Page&emsp;<a href=".\ScreenShot\ICar_BAM640_TC05_43815619649700.png" target="_blank" >[ScreenShot]</a></div>
<div class="test-message">&emsp;1. Login page is launched.</div>
<div class="test-event"> <font color="maroon"> <small> &emsp; &emsp;--- 16 Oct 10:57:28 602 - Element is displayed:: [[ChromeDriver: chrome on WINDOWS (e7ac9b512388a5369d14137f707cf9a2)] -> id: username]</small> </font> </div>
<div class="test-event"> <font color="maroon"> <small> &emsp; &emsp;--- 16 Oct 10:57:28 660 - Element is displayed:: [[ChromeDriver: chrome on WINDOWS (e7ac9b512388a5369d14137f707cf9a2)] -> id: username]</small> </font> </div>
<div class="test-event"> <font color="maroon"> <small> &emsp; &emsp;--- 16 Oct 10:57:28 931 - Element is displayed:: [[ChromeDriver: chrome on WINDOWS (e7ac9b512388a5369d14137f707cf9a2)] -> id: password]</small> </font> </div>
<div class="test-event"> <font color="maroon"> <small> &emsp; &emsp;--- 16 Oct 10:57:29 191 - Element is displayed:: [[ChromeDriver: chrome on WINDOWS (e7ac9b512388a5369d14137f707cf9a2)] -> id: Login]</small> </font> </div>
<div class="test-event"> <font color="maroon"> <small> &emsp; &emsp;--- 16 Oct 10:58:02 743 - Catched spinner load exception due to Expected condition failed: waiting for ICar.support.WaitUtils$4@714addf7 (tried for 13 second(s) with 500 milliseconds interval)</small> </font> </div>
<div class="test-event"> <font color="maroon"> <small> &emsp; &emsp;--- 16 Oct 10:58:02 743 - <b>13</b> - Spinner Load Wait: (Sync) - ICar.support.WaitUtils.waitForSpinner(WaitUtils.java:225)</small> </font> </div>
<div class="test-event"> <font color="maroon"> <small> &emsp; &emsp;--- 16 Oct 10:58:21 792 - Catched spinner load exception due to Expected condition failed: waiting for ICar.support.WaitUtils$4@714addf7 (tried for 6 second(s) with 500 milliseconds interval)</small> </font> </div>
<div class="test-event"> <font color="maroon"> <small> &emsp; &emsp;--- 16 Oct 10:58:21 792 - <b>6</b> - Spinner Load Wait: (Sync) - ICar.support.WaitUtils.waitForSpinner(WaitUtils.java:225)</small> </font> </div>
<div class="test-event"> <font color="maroon"> <small> &emsp; &emsp;--- 16 Oct 10:58:21 862 - Element is displayed:: [[ChromeDriver: chrome on WINDOWS (e7ac9b512388a5369d14137f707cf9a2)] -> css selector: button[class*='search-button']]</small> </font> </div>
<div class="test-message">&emsp;2. Navigate to 'SalesForce Page'</div>
<div class="test-event"> <font color="maroon"> <small> &emsp; &emsp;--- 16 Oct 10:58:22 226 - Page URL:: https://i-car--staging.sandbox.lightning.force.com/lightning/o/account/list?filtername=accounts</small> </font> </div>
<div class="test-event"> <font color="maroon"> <small> &emsp; &emsp;--- 16 Oct 10:58:22 226 - <b>0</b> - Page Load Wait: (Sync) - ICar.support.Utils.waitForPageLoad(Utils.java:109)</small> </font> </div>
<div class="test-event"> <font color="maroon"> <small> &emsp; &emsp;--- 16 Oct 10:58:27 652 - Page URL:: https://i-car--staging.sandbox.lightning.force.com/lightning/o/account/list?filtername=accounts</small> </font> </div>
<div class="test-event"> <font color="maroon"> <small> &emsp; &emsp;--- 16 Oct 10:58:27 652 - <b>0</b> - Page Load Wait: (Sync) - ICar.support.Utils.waitForPageLoad(Utils.java:109)</small> </font> </div>
<div class="test-message">&emsp;Close the tab</div>
<div class="test-message">&emsp;Successfully navigated to 'Login' Page&emsp;<a href=".\ScreenShot\ICar_BAM640_TC05_43880346195400.png" target="_blank" >[ScreenShot]</a></div>
<div class="test-message">&emsp;3. Enter the user credentials as : icaradminautomation3@i-car.com.staging</div>
<div class="test-event"> <font color="maroon"> <small> &emsp; &emsp;--- 16 Oct 10:58:33 442 - Page URL:: https://i-car--staging.sandbox.lightning.force.com/lightning/o/account/list?filtername=accounts</small> </font> </div>
<div class="test-event"> <font color="maroon"> <small> &emsp; &emsp;--- 16 Oct 10:58:33 442 - <b>0</b> - Page Load Wait: (Sync) - ICar.support.Utils.waitForPageLoad(Utils.java:109)</small> </font> </div>
<div class="test-event"> <font color="maroon"> <small> &emsp; &emsp;--- 16 Oct 10:58:38 839 - Page URL:: https://i-car--staging.sandbox.lightning.force.com/lightning/o/account/list?filtername=accounts</small> </font> </div>
<div class="test-event"> <font color="maroon"> <small> &emsp; &emsp;--- 16 Oct 10:58:38 839 - <b>0</b> - Page Load Wait: (Sync) - ICar.support.Utils.waitForPageLoad(Utils.java:109)</small> </font> </div>
<div class="test-message">&emsp;Close the tab</div>
<div class="test-event"> <font color="maroon"> <small> &emsp; &emsp;--- 16 Oct 10:58:44 420 - Page URL:: https://i-car--staging.sandbox.lightning.force.com/lightning/o/account/list?filtername=accounts</small> </font> </div>
<div class="test-event"> <font color="maroon"> <small> &emsp; &emsp;--- 16 Oct 10:58:44 420 - <b>0</b> - Page Load Wait: (Sync) - ICar.support.Utils.waitForPageLoad(Utils.java:109)</small> </font> </div>
<div class="test-event"> <font color="maroon"> <small> &emsp; &emsp;--- 16 Oct 10:58:44 459 - Element is displayed:: [[ChromeDriver: chrome on WINDOWS (e7ac9b512388a5369d14137f707cf9a2)] -> css selector: button[class*='search-button']]</small> </font> </div>
<div class="test-event"> <font color="maroon"> <small> &emsp; &emsp;--- 16 Oct 10:58:46 570 - Catched spinner load exception due to Expected condition failed: waiting for ICar.support.WaitUtils$4@714addf7 (tried for 2 second(s) with 500 milliseconds interval)</small> </font> </div>
<div class="test-event"> <font color="maroon"> <small> &emsp; &emsp;--- 16 Oct 10:58:46 570 - <b>2</b> - Spinner Load Wait: (Sync) - ICar.support.WaitUtils.waitForSpinner(WaitUtils.java:225)</small> </font> </div>
<div class="test-event"> <font color="maroon"> <small> &emsp; &emsp;--- 16 Oct 10:58:49 648 - Element is displayed:: [[ChromeDriver: chrome on WINDOWS (e7ac9b512388a5369d14137f707cf9a2)] -> css selector: button[class*='search-button']]</small> </font> </div>
<div class="test-event"> <font color="maroon"> <small> &emsp; &emsp;--- 16 Oct 10:58:50 369 - Page URL:: https://i-car--staging.sandbox.lightning.force.com/lightning/o/account/list?filtername=accounts</small> </font> </div>
<div class="test-event"> <font color="maroon"> <small> &emsp; &emsp;--- 16 Oct 10:58:50 369 - <b>0</b> - Page Load Wait: (Sync) - ICar.support.Utils.waitForPageLoad(Utils.java:109)</small> </font> </div>
<div class="test-event"> <font color="maroon"> <small> &emsp; &emsp;--- 16 Oct 10:59:09 866 - Catched spinner load exception due to Expected condition failed: waiting for ICar.support.WaitUtils$4@714addf7 (tried for 10 second(s) with 500 milliseconds interval)</small> </font> </div>
<div class="test-event"> <font color="maroon"> <small> &emsp; &emsp;--- 16 Oct 10:59:09 866 - <b>10</b> - Spinner Load Wait: (Sync) - ICar.support.WaitUtils.waitForSpinner(WaitUtils.java:225)</small> </font> </div>
<div class="test-event"> <font color="maroon"> <small> &emsp; &emsp;--- 16 Oct 10:59:10 676 - Page URL:: https://i-car--staging.sandbox.lightning.force.com/one/one.app#eyjjb21wb25lbnrezwyioijmb3jjzvnlyxjjadpzzwfyy2hqywdlrgvza3rvccisimf0dhjpynv0zxmionsidgvybsi6ilqgjibkief1dg8gqm9kesbjbmmilcjzy29wzu1hcci6eyj0exblijoive9qx1jfu1vmvfmilcjuyw1lc3bhy2uioiiilcjsywjlbci6ilrvccbszxn1bhrziiwibgfizwxqbhvyywwioijub3agumvzdwx0cyisinjlc3vsdhndbxaioijmb3jjzvnlyxjjadpwcmvkawn0zwrszxn1bhrzin0simnvbnrlehqionsirklmvevsuyi6e30sinnlyxjjafnvdxjjzsi6ikftu0ltvefovf9esufmt0cilcjkaxnhymxlsw50zw50uxvlcnkiomzhbhnllcjkaxnhymxlu3blbgxdb3jyzwn0aw9uijpmywxzzswic2vhcmnorglhbg9nu2vzc2lvbklkijoimjrjzjiymtetntmxns0znzuzlty3njmtyzdiytuynjuwzgjkiiwizgvidwdjbmzvijp7imfwce5hbwuioijjq2fyx1nlcnzpy2vfq29uc29szsisimfwcfr5cguioijdb25zb2xliiwiyxbwtmftzxnwywnlijoiyyisimxvy2f0aw9uijoizm9yy2u6b2jqzwn0sg9tzurlc2t0b3ailcjzb2jqzwn0vhlwzsi6ikfjy291bnqifx0simdyb3vwswqioijeruzbvuxuin0sinn0yxrlijp7fx0%3d</small> </font> </div>
<div class="test-event"> <font color="maroon"> <small> &emsp; &emsp;--- 16 Oct 10:59:10 676 - <b>0</b> - Page Load Wait: (Sync) - ICar.support.Utils.waitForPageLoad(Utils.java:109)</small> </font> </div>
<div class="test-event"> <font color="maroon"> <small> &emsp; &emsp;--- 16 Oct 10:59:21 981 - Catched spinner load exception due to Expected condition failed: waiting for ICar.support.WaitUtils$4@714addf7 (tried for 11 second(s) with 500 milliseconds interval)</small> </font> </div>
<div class="test-event"> <font color="maroon"> <small> &emsp; &emsp;--- 16 Oct 10:59:21 981 - <b>11</b> - Spinner Load Wait: (Sync) - ICar.support.WaitUtils.waitForSpinner(WaitUtils.java:225)</small> </font> </div>
<div class="test-event"> <font color="maroon"> <small> &emsp; &emsp;--- 16 Oct 10:59:23 666 - Page URL:: https://i-car--staging.sandbox.lightning.force.com/one/one.app#eyjjb21wb25lbnrezwyioijmb3jjzvnlyxjjadpzzwfyy2hqywdlrgvza3rvccisimf0dhjpynv0zxmionsidgvybsi6ilqgjibkief1dg8gqm9kesbjbmmilcjzy29wzu1hcci6eyj0exblijoive9qx1jfu1vmvfmilcjuyw1lc3bhy2uioiiilcjsywjlbci6ilrvccbszxn1bhrziiwibgfizwxqbhvyywwioijub3agumvzdwx0cyisinjlc3vsdhndbxaioijmb3jjzvnlyxjjadpwcmvkawn0zwrszxn1bhrzin0simnvbnrlehqionsirklmvevsuyi6e30sinnlyxjjafnvdxjjzsi6ikftu0ltvefovf9esufmt0cilcjkaxnhymxlsw50zw50uxvlcnkiomzhbhnllcjkaxnhymxlu3blbgxdb3jyzwn0aw9uijpmywxzzswic2vhcmnorglhbg9nu2vzc2lvbklkijoimjrjzjiymtetntmxns0znzuzlty3njmtyzdiytuynjuwzgjkiiwizgvidwdjbmzvijp7imfwce5hbwuioijjq2fyx1nlcnzpy2vfq29uc29szsisimfwcfr5cguioijdb25zb2xliiwiyxbwtmftzxnwywnlijoiyyisimxvy2f0aw9uijoizm9yy2u6b2jqzwn0sg9tzurlc2t0b3ailcjzb2jqzwn0vhlwzsi6ikfjy291bnqifx0simdyb3vwswqioijeruzbvuxuin0sinn0yxrlijp7fx0%3d</small> </font> </div>
<div class="test-event"> <font color="maroon"> <small> &emsp; &emsp;--- 16 Oct 10:59:23 666 - <b>1</b> - Page Load Wait: (Sync) - ICar.support.Utils.waitForPageLoad(Utils.java:109)</small> </font> </div>
<div class="test-event"> <font color="maroon"> <small> &emsp; &emsp;--- 16 Oct 10:59:23 741 - Element is displayed:: [[ChromeDriver: chrome on WINDOWS (e7ac9b512388a5369d14137f707cf9a2)] -> xpath: //a[@title='Top Results']//span[text()='Top Results']]</small> </font> </div>
<div class="test-event"> <font color="maroon"> <small> &emsp; &emsp;--- 16 Oct 10:59:24 282 - Page URL:: https://i-car--staging.sandbox.lightning.force.com/one/one.app#eyjjb21wb25lbnrezwyioijmb3jjzvnlyxjjadpzzwfyy2hqywdlrgvza3rvccisimf0dhjpynv0zxmionsidgvybsi6ilqgjibkief1dg8gqm9kesbjbmmilcjzy29wzu1hcci6eyj0exblijoive9qx1jfu1vmvfmilcjuyw1lc3bhy2uioiiilcjsywjlbci6ilrvccbszxn1bhrziiwibgfizwxqbhvyywwioijub3agumvzdwx0cyisinjlc3vsdhndbxaioijmb3jjzvnlyxjjadpwcmvkawn0zwrszxn1bhrzin0simnvbnrlehqionsirklmvevsuyi6e30sinnlyxjjafnvdxjjzsi6ikftu0ltvefovf9esufmt0cilcjkaxnhymxlsw50zw50uxvlcnkiomzhbhnllcjkaxnhymxlu3blbgxdb3jyzwn0aw9uijpmywxzzswic2vhcmnorglhbg9nu2vzc2lvbklkijoimjrjzjiymtetntmxns0znzuzlty3njmtyzdiytuynjuwzgjkiiwizgvidwdjbmzvijp7imfwce5hbwuioijjq2fyx1nlcnzpy2vfq29uc29szsisimfwcfr5cguioijdb25zb2xliiwiyxbwtmftzxnwywnlijoiyyisimxvy2f0aw9uijoizm9yy2u6b2jqzwn0sg9tzurlc2t0b3ailcjzb2jqzwn0vhlwzsi6ikfjy291bnqifx0simdyb3vwswqioijeruzbvuxuin0sinn0yxrlijp7fx0%3d</small> </font> </div>
<div class="test-event"> <font color="maroon"> <small> &emsp; &emsp;--- 16 Oct 10:59:24 283 - <b>0</b> - Page Load Wait: (Sync) - ICar.support.Utils.waitForPageLoad(Utils.java:109)</small> </font> </div>
<div class="test-event"> <font color="maroon"> <small> &emsp; &emsp;--- 16 Oct 10:59:29 373 - Catched spinner load exception due to Expected condition failed: waiting for ICar.support.WaitUtils$4@714addf7 (tried for 5 second(s) with 500 milliseconds interval)</small> </font> </div>
<div class="test-event"> <font color="maroon"> <small> &emsp; &emsp;--- 16 Oct 10:59:29 373 - <b>5</b> - Spinner Load Wait: (Sync) - ICar.support.WaitUtils.waitForSpinner(WaitUtils.java:225)</small> </font> </div>
<div class="test-event"> <font color="maroon"> <small> &emsp; &emsp;--- 16 Oct 10:59:30 926 - Page URL:: https://i-car--staging.sandbox.lightning.force.com/one/one.app#eyjjb21wb25lbnrezwyioijmb3jjzvnlyxjjadpzzwfyy2hqywdlrgvza3rvccisimf0dhjpynv0zxmionsidgvybsi6ilqgjibkief1dg8gqm9kesbjbmmilcjzy29wzu1hcci6eyj0exblijoive9qx1jfu1vmvfmilcjuyw1lc3bhy2uioiiilcjsywjlbci6ilrvccbszxn1bhrziiwibgfizwxqbhvyywwioijub3agumvzdwx0cyisinjlc3vsdhndbxaioijmb3jjzvnlyxjjadpwcmvkawn0zwrszxn1bhrzin0simnvbnrlehqionsirklmvevsuyi6e30sinnlyxjjafnvdxjjzsi6ikftu0ltvefovf9esufmt0cilcjkaxnhymxlsw50zw50uxvlcnkiomzhbhnllcjkaxnhymxlu3blbgxdb3jyzwn0aw9uijpmywxzzswic2vhcmnorglhbg9nu2vzc2lvbklkijoimjrjzjiymtetntmxns0znzuzlty3njmtyzdiytuynjuwzgjkiiwizgvidwdjbmzvijp7imfwce5hbwuioijjq2fyx1nlcnzpy2vfq29uc29szsisimfwcfr5cguioijdb25zb2xliiwiyxbwtmftzxnwywnlijoiyyisimxvy2f0aw9uijoizm9yy2u6b2jqzwn0sg9tzurlc2t0b3ailcjzb2jqzwn0vhlwzsi6ikfjy291bnqifx0simdyb3vwswqioijeruzbvuxuin0sinn0yxrlijp7fx0%3d</small> </font> </div>
<div class="test-event"> <font color="maroon"> <small> &emsp; &emsp;--- 16 Oct 10:59:30 926 - <b>1</b> - Page Load Wait: (Sync) - ICar.support.Utils.waitForPageLoad(Utils.java:109)</small> </font> </div>
<div class="test-event"> <font color="maroon"> <small> &emsp; &emsp;--- 16 Oct 10:59:32 390 - Page URL:: https://i-car--staging.sandbox.lightning.force.com/one/one.app#eyjjb21wb25lbnrezwyioijmb3jjzvnlyxjjadpzzwfyy2hqywdlrgvza3rvccisimf0dhjpynv0zxmionsidgvybsi6ilqgjibkief1dg8gqm9kesbjbmmilcjzy29wzu1hcci6eyj0exblijoive9qx1jfu1vmvfmilcjuyw1lc3bhy2uioiiilcjsywjlbci6ilrvccbszxn1bhrziiwibgfizwxqbhvyywwioijub3agumvzdwx0cyisinjlc3vsdhndbxaioijmb3jjzvnlyxjjadpwcmvkawn0zwrszxn1bhrzin0simnvbnrlehqionsirklmvevsuyi6e30sinnlyxjjafnvdxjjzsi6ikftu0ltvefovf9esufmt0cilcjkaxnhymxlsw50zw50uxvlcnkiomzhbhnllcjkaxnhymxlu3blbgxdb3jyzwn0aw9uijpmywxzzswic2vhcmnorglhbg9nu2vzc2lvbklkijoimjrjzjiymtetntmxns0znzuzlty3njmtyzdiytuynjuwzgjkiiwizgvidwdjbmzvijp7imfwce5hbwuioijjq2fyx1nlcnzpy2vfq29uc29szsisimfwcfr5cguioijdb25zb2xliiwiyxbwtmftzxnwywnlijoiyyisimxvy2f0aw9uijoizm9yy2u6b2jqzwn0sg9tzurlc2t0b3ailcjzb2jqzwn0vhlwzsi6ikfjy291bnqifx0simdyb3vwswqioijeruzbvuxuin0sinn0yxrlijp7fx0%3d</small> </font> </div>
<div class="test-event"> <font color="maroon"> <small> &emsp; &emsp;--- 16 Oct 10:59:32 390 - <b>1</b> - Page Load Wait: (Sync) - ICar.support.Utils.waitForPageLoad(Utils.java:109)</small> </font> </div>
<div class="test-event"> <font color="maroon"> <small> &emsp; &emsp;--- 16 Oct 10:59:34 013 - Page URL:: https://i-car--staging.sandbox.lightning.force.com/one/one.app#eyjjb21wb25lbnrezwyioijmb3jjzvnlyxjjadpzzwfyy2hqywdlrgvza3rvccisimf0dhjpynv0zxmionsidgvybsi6ilqgjibkief1dg8gqm9kesbjbmmilcjzy29wzu1hcci6eyj0exblijoive9qx1jfu1vmvfmilcjuyw1lc3bhy2uioiiilcjsywjlbci6ilrvccbszxn1bhrziiwibgfizwxqbhvyywwioijub3agumvzdwx0cyisinjlc3vsdhndbxaioijmb3jjzvnlyxjjadpwcmvkawn0zwrszxn1bhrzin0simnvbnrlehqionsirklmvevsuyi6e30sinnlyxjjafnvdxjjzsi6ikftu0ltvefovf9esufmt0cilcjkaxnhymxlsw50zw50uxvlcnkiomzhbhnllcjkaxnhymxlu3blbgxdb3jyzwn0aw9uijpmywxzzswic2vhcmnorglhbg9nu2vzc2lvbklkijoimjrjzjiymtetntmxns0znzuzlty3njmtyzdiytuynjuwzgjkiiwizgvidwdjbmzvijp7imfwce5hbwuioijjq2fyx1nlcnzpy2vfq29uc29szsisimfwcfr5cguioijdb25zb2xliiwiyxbwtmftzxnwywnlijoiyyisimxvy2f0aw9uijoizm9yy2u6b2jqzwn0sg9tzurlc2t0b3ailcjzb2jqzwn0vhlwzsi6ikfjy291bnqifx0simdyb3vwswqioijeruzbvuxuin0sinn0yxrlijp7fx0%3d</small> </font> </div>
<div class="test-event"> <font color="maroon"> <small> &emsp; &emsp;--- 16 Oct 10:59:34 013 - <b>1</b> - Page Load Wait: (Sync) - ICar.support.Utils.waitForPageLoad(Utils.java:109)</small> </font> </div>
<div class="test-event"> <font color="maroon"> <small> &emsp; &emsp;--- 16 Oct 10:59:44 469 - Catched spinner load exception due to Expected condition failed: waiting for ICar.support.WaitUtils$4@714addf7 (tried for 10 second(s) with 500 milliseconds interval)</small> </font> </div>
<div class="test-event"> <font color="maroon"> <small> &emsp; &emsp;--- 16 Oct 10:59:44 469 - <b>10</b> - Spinner Load Wait: (Sync) - ICar.support.WaitUtils.waitForSpinner(WaitUtils.java:225)</small> </font> </div>
<div class="test-event"> <font color="maroon"> <small> &emsp; &emsp;--- 16 Oct 10:59:44 505 - Element is displayed:: [[ChromeDriver: chrome on WINDOWS (e7ac9b512388a5369d14137f707cf9a2)] -> css selector: div.forceSearchResultsRegion div.resultsMultiWrapper >div > div table tbody th a]</small> </font> </div>
<div class="test-event"> <font color="maroon"> <small> &emsp; &emsp;--- 16 Oct 10:59:44 619 - Element is displayed:: [[ChromeDriver: chrome on WINDOWS (e7ac9b512388a5369d14137f707cf9a2)] -> css selector: div.forceSearchResultsRegion div.resultsMultiWrapper >div > div table tbody th a]</small> </font> </div>
<div class="test-message">&emsp;4. click on Account : T & J Auto Body Inc</div>
<div class="test-event"> <font color="maroon"> <small> &emsp; &emsp;--- 16 Oct 10:59:46 812 - Page URL:: https://i-car--staging.sandbox.lightning.force.com/one/one.app#eyjjb21wb25lbnrezwyioijmb3jjzvnlyxjjadpzzwfyy2hqywdlrgvza3rvccisimf0dhjpynv0zxmionsidgvybsi6ilqgjibkief1dg8gqm9kesbjbmmilcjzy29wzu1hcci6eyj0exblijoive9qx1jfu1vmvfmilcjuyw1lc3bhy2uioiiilcjsywjlbci6ilrvccbszxn1bhrziiwibgfizwxqbhvyywwioijub3agumvzdwx0cyisinjlc3vsdhndbxaioijmb3jjzvnlyxjjadpwcmvkawn0zwrszxn1bhrzin0simnvbnrlehqionsirklmvevsuyi6e30sinnlyxjjafnvdxjjzsi6ikftu0ltvefovf9esufmt0cilcjkaxnhymxlsw50zw50uxvlcnkiomzhbhnllcjkaxnhymxlu3blbgxdb3jyzwn0aw9uijpmywxzzswic2vhcmnorglhbg9nu2vzc2lvbklkijoimjrjzjiymtetntmxns0znzuzlty3njmtyzdiytuynjuwzgjkiiwizgvidwdjbmzvijp7imfwce5hbwuioijjq2fyx1nlcnzpy2vfq29uc29szsisimfwcfr5cguioijdb25zb2xliiwiyxbwtmftzxnwywnlijoiyyisimxvy2f0aw9uijoizm9yy2u6b2jqzwn0sg9tzurlc2t0b3ailcjzb2jqzwn0vhlwzsi6ikfjy291bnqifx0simdyb3vwswqioijeruzbvuxuin0sinn0yxrlijp7fx0%3d</small> </font> </div>
<div class="test-event"> <font color="maroon"> <small> &emsp; &emsp;--- 16 Oct 10:59:46 812 - <b>2</b> - Page Load Wait: (Sync) - ICar.support.Utils.waitForPageLoad(Utils.java:109)</small> </font> </div>
<div class="test-event"> <font color="maroon"> <small> &emsp; &emsp;--- 16 Oct 11:00:02 054 - Catched spinner load exception due to Expected condition failed: waiting for ICar.support.WaitUtils$4@714addf7 (tried for 15 second(s) with 500 milliseconds interval)</small> </font> </div>
<div class="test-event"> <font color="maroon"> <small> &emsp; &emsp;--- 16 Oct 11:00:02 055 - <b>15</b> - Spinner Load Wait: (Sync) - ICar.support.WaitUtils.waitForSpinner(WaitUtils.java:225)</small> </font> </div>
<div class="test-event"> <font color="maroon"> <small> &emsp; &emsp;--- 16 Oct 11:00:03 591 - Page URL:: https://i-car--staging.sandbox.lightning.force.com/lightning/r/account/0011i00000uwf8vqau/view</small> </font> </div>
<div class="test-event"> <font color="maroon"> <small> &emsp; &emsp;--- 16 Oct 11:00:03 591 - <b>1</b> - Page Load Wait: (Sync) - ICar.support.Utils.waitForPageLoad(Utils.java:109)</small> </font> </div>
<div class="test-event"> <font color="maroon"> <small> &emsp; &emsp;--- 16 Oct 11:00:05 762 - Element is displayed:: [[ChromeDriver: chrome on WINDOWS (e7ac9b512388a5369d14137f707cf9a2)] -> xpath: //button[normalize-space()='Roster']]</small> </font> </div>
<div class="test-event"> <font color="maroon"> <small> &emsp; &emsp;--- 16 Oct 11:00:07 158 - Page URL:: https://i-car--staging.sandbox.lightning.force.com/lightning/r/account/0011i00000uwf8vqau/view</small> </font> </div>
<div class="test-event"> <font color="maroon"> <small> &emsp; &emsp;--- 16 Oct 11:00:07 158 - <b>1</b> - Page Load Wait: (Sync) - ICar.support.Utils.waitForPageLoad(Utils.java:109)</small> </font> </div>
<div class="test-event"> <font color="maroon"> <small> &emsp; &emsp;--- 16 Oct 11:00:08 584 - Page URL:: https://i-car--staging.sandbox.lightning.force.com/lightning/r/account/0011i00000uwf8vqau/view</small> </font> </div>
<div class="test-event"> <font color="maroon"> <small> &emsp; &emsp;--- 16 Oct 11:00:08 584 - <b>1</b> - Page Load Wait: (Sync) - ICar.support.Utils.waitForPageLoad(Utils.java:109)</small> </font> </div>
<div class="test-event"> <font color="maroon"> <small> &emsp; &emsp;--- 16 Oct 11:00:23 725 - Catched spinner load exception due to Expected condition failed: waiting for ICar.support.WaitUtils$4@714addf7 (tried for 15 second(s) with 500 milliseconds interval)</small> </font> </div>
<div class="test-event"> <font color="maroon"> <small> &emsp; &emsp;--- 16 Oct 11:00:23 725 - <b>15</b> - Spinner Load Wait: (Sync) - ICar.support.WaitUtils.waitForSpinner(WaitUtils.java:225)</small> </font> </div>
<div class="test-event"> <font color="maroon"> <small> &emsp; &emsp;--- 16 Oct 11:00:25 671 - Page URL:: https://i-car--staging.sandbox.lightning.force.com/one/one.app#eyjjb21wb25lbnrezwyioijvbmu6ywxvagfqywdliiwiyxr0cmlidxrlcyi6eyjhzgryzxnzijoiahr0chm6ly9plwnhci0tc3rhz2luzy0tyy5zyw5kym94lnzmlmzvcmnllmnvbs9hcgv4l1jvc3rlck1hbmfnzw1lbnq%2fswq9mdaxmukwmdawmhv3rjhwin0sinn0yxrlijp7indzijoil2xpz2h0bmluzy9yl0fjy291bnqvmdaxmukwmdawmhv3rjhwuufvl3zpzxcifx0%3d</small> </font> </div>
<div class="test-event"> <font color="maroon"> <small> &emsp; &emsp;--- 16 Oct 11:00:25 671 - <b>1</b> - Page Load Wait: (Sync) - ICar.support.Utils.waitForPageLoad(Utils.java:109)</small> </font> </div>
<div class="test-message">&emsp;5. Click on account roster T & J Auto Body Inc</div>
<div class="test-event"> <font color="maroon"> <small> &emsp; &emsp;--- 16 Oct 11:00:35 834 - Catched spinner load exception due to Expected condition failed: waiting for ICar.support.WaitUtils$4@714addf7 (tried for 10 second(s) with 500 milliseconds interval)</small> </font> </div>
<div class="test-event"> <font color="maroon"> <small> &emsp; &emsp;--- 16 Oct 11:00:35 834 - <b>10</b> - Spinner Load Wait: (Sync) - ICar.support.WaitUtils.waitForSpinner(WaitUtils.java:225)</small> </font> </div>
<div class="test-event"> <font color="maroon"> <small> &emsp; &emsp;--- 16 Oct 11:00:37 933 - Element is displayed:: [[ChromeDriver: chrome on WINDOWS (e7ac9b512388a5369d14137f707cf9a2)] -> xpath: //span[text()='All']]</small> </font> </div>
<div class="test-event"> <font color="maroon"> <small> &emsp; &emsp;--- 16 Oct 11:00:46 324 - Catched spinner load exception due to Expected condition failed: waiting for ICar.support.WaitUtils$4@714addf7 (tried for 5 second(s) with 500 milliseconds interval)</small> </font> </div>
<div class="test-event"> <font color="maroon"> <small> &emsp; &emsp;--- 16 Oct 11:00:46 329 - <b>5</b> - Spinner Load Wait: (Sync) - ICar.support.WaitUtils.waitForSpinner(WaitUtils.java:225)</small> </font> </div>
<div class="test-event"> <font color="maroon"> <small> &emsp; &emsp;--- 16 Oct 11:00:50 027 - Page URL:: https://i-car--staging.sandbox.lightning.force.com/one/one.app#eyjjb21wb25lbnrezwyioijvbmu6ywxvagfqywdliiwiyxr0cmlidxrlcyi6eyjhzgryzxnzijoiahr0chm6ly9plwnhci0tc3rhz2luzy0tyy5zyw5kym94lnzmlmzvcmnllmnvbs9hcgv4l1jvc3rlck1hbmfnzw1lbnq%2fswq9mdaxmukwmdawmhv3rjhwin0sinn0yxrlijp7indzijoil2xpz2h0bmluzy9yl0fjy291bnqvmdaxmukwmdawmhv3rjhwuufvl3zpzxcifx0%3d</small> </font> </div>
<div class="test-event"> <font color="maroon"> <small> &emsp; &emsp;--- 16 Oct 11:00:50 027 - <b>1</b> - Page Load Wait: (Sync) - ICar.support.Utils.waitForPageLoad(Utils.java:109)</small> </font> </div>
<div class="test-event"> <font color="maroon"> <small> &emsp; &emsp;--- 16 Oct 11:01:05 379 - Catched spinner load exception due to Expected condition failed: waiting for ICar.support.WaitUtils$4@714addf7 (tried for 15 second(s) with 500 milliseconds interval)</small> </font> </div>
<div class="test-event"> <font color="maroon"> <small> &emsp; &emsp;--- 16 Oct 11:01:05 379 - <b>15</b> - Spinner Load Wait: (Sync) - ICar.support.WaitUtils.waitForSpinner(WaitUtils.java:225)</small> </font> </div>
<div class="test-event"> <font color="maroon"> <small> &emsp; &emsp;--- 16 Oct 11:01:07 091 - Page URL:: https://i-car--staging.sandbox.lightning.force.com/one/one.app#eyjjb21wb25lbnrezwyioijvbmu6ywxvagfqywdliiwiyxr0cmlidxrlcyi6eyjhzgryzxnzijoiahr0chm6ly9plwnhci0tc3rhz2luzy0tyy5zyw5kym94lnzmlmzvcmnllmnvbs9hcgv4l1jvc3rlck1hbmfnzw1lbnq%2fswq9mdaxmukwmdawmhv3rjhwin0sinn0yxrlijp7indzijoil2xpz2h0bmluzy9yl0fjy291bnqvmdaxmukwmdawmhv3rjhwuufvl3zpzxcifx0%3d</small> </font> </div>
<div class="test-event"> <font color="maroon"> <small> &emsp; &emsp;--- 16 Oct 11:01:07 092 - <b>1</b> - Page Load Wait: (Sync) - ICar.support.Utils.waitForPageLoad(Utils.java:109)</small> </font> </div>
<div class="test-message">&emsp;Exception occurred while fetching employement start date from account roster org.openqa.selenium.NoSuchElementException: no such element: Unable to locate element: {"method":"xpath","selector":"(//table[@class='slds-table slds-table_cell-buffer slds-table_bordered'])[last()]/tbody/tr/td[@data-label='sName']/div[@title='Carrasquillo, Steven']//parent::td//following-sibling::td[@data-label='startDate']/div/div/span"}
  (Session info: chrome=129.0.6668.101)
For documentation on this error, please visit: https://selenium.dev/exceptions/#no_such_element
Build info: version: '4.6.0', revision: '79f1c02ae20'
System info: os.name: 'Windows 10', os.arch: 'amd64', os.version: '10.0', java.version: '16.0.2'
Driver info: org.openqa.selenium.chrome.ChromeDriver
Command: [e7ac9b512388a5369d14137f707cf9a2, findElement {using=xpath, value=(//table[@class='slds-table slds-table_cell-buffer slds-table_bordered'])[last()]/tbody/tr/td[@data-label='sName']/div[@title='Carrasquillo, Steven']//parent::td//following-sibling::td[@data-label='startDate']/div/div/span}]
Capabilities {acceptInsecureCerts: false, browserName: chrome, browserVersion: 129.0.6668.101, chrome: {chromedriverVersion: 129.0.6668.58 (81a06fb873a9..., userDataDir: C:\Users\PRATHA~1.KUM\AppDa...}, fedcm:accounts: true, goog:chromeOptions: {debuggerAddress: localhost:55419}, networkConnectionEnabled: false, pageLoadStrategy: normal, platformName: WINDOWS, proxy: Proxy(), se:cdp: ws://localhost:55419/devtoo..., se:cdpVersion: 129.0.6668.101, setWindowRect: true, strictFileInteractability: false, timeouts: {implicit: 0, pageLoad: 300000, script: 30000}, unhandledPromptBehavior: dismiss and notify, webauthn:extension:credBlob: true, webauthn:extension:largeBlob: true, webauthn:extension:minPinLength: true, webauthn:extension:prf: true, webauthn:virtualAuthenticators: true}
Session ID: e7ac9b512388a5369d14137f707cf9a2</div>
<div class="test-event"> <font color="maroon"> <small> &emsp; &emsp;--- 16 Oct 11:01:08 842 - Page URL:: https://i-car--staging.sandbox.lightning.force.com/one/one.app#eyjjb21wb25lbnrezwyioijvbmu6ywxvagfqywdliiwiyxr0cmlidxrlcyi6eyjhzgryzxnzijoiahr0chm6ly9plwnhci0tc3rhz2luzy0tyy5zyw5kym94lnzmlmzvcmnllmnvbs9hcgv4l1jvc3rlck1hbmfnzw1lbnq%2fswq9mdaxmukwmdawmhv3rjhwin0sinn0yxrlijp7indzijoil2xpz2h0bmluzy9yl0fjy291bnqvmdaxmukwmdawmhv3rjhwuufvl3zpzxcifx0%3d</small> </font> </div>
<div class="test-event"> <font color="maroon"> <small> &emsp; &emsp;--- 16 Oct 11:01:08 842 - <b>1</b> - Page Load Wait: (Sync) - ICar.support.Utils.waitForPageLoad(Utils.java:109)</small> </font> </div>
<div class="test-event"> <font color="maroon"> <small> &emsp; &emsp;--- 16 Oct 11:01:15 655 - Page URL:: https://i-car--staging.sandbox.lightning.force.com/one/one.app#eyjjb21wb25lbnrezwyioijvbmu6ywxvagfqywdliiwiyxr0cmlidxrlcyi6eyjhzgryzxnzijoiahr0chm6ly9plwnhci0tc3rhz2luzy0tyy5zyw5kym94lnzmlmzvcmnllmnvbs9hcgv4l1jvc3rlck1hbmfnzw1lbnq%2fswq9mdaxmukwmdawmhv3rjhwin0sinn0yxrlijp7indzijoil2xpz2h0bmluzy9yl0fjy291bnqvmdaxmukwmdawmhv3rjhwuufvl3zpzxcifx0%3d</small> </font> </div>
<div class="test-event"> <font color="maroon"> <small> &emsp; &emsp;--- 16 Oct 11:01:15 655 - <b>1</b> - Page Load Wait: (Sync) - ICar.support.Utils.waitForPageLoad(Utils.java:109)</small> </font> </div>
<div class="test-message">&emsp;Close the tab</div>
<div class="test-event"> <font color="maroon"> <small> &emsp; &emsp;--- 16 Oct 11:01:22 602 - Page URL:: https://i-car--staging.sandbox.lightning.force.com/one/one.app#eyjjb21wb25lbnrezwyioijvbmu6ywxvagfqywdliiwiyxr0cmlidxrlcyi6eyjhzgryzxnzijoiahr0chm6ly9plwnhci0tc3rhz2luzy0tyy5zyw5kym94lnzmlmzvcmnllmnvbs9hcgv4l1jvc3rlck1hbmfnzw1lbnq%2fswq9mdaxmukwmdawmhv3rjhwin0sinn0yxrlijp7indzijoil2xpz2h0bmluzy9yl0fjy291bnqvmdaxmukwmdawmhv3rjhwuufvl3zpzxcifx0%3d</small> </font> </div>
<div class="test-event"> <font color="maroon"> <small> &emsp; &emsp;--- 16 Oct 11:01:22 602 - <b>1</b> - Page Load Wait: (Sync) - ICar.support.Utils.waitForPageLoad(Utils.java:109)</small> </font> </div>
<div class="test-event"> <font color="maroon"> <small> &emsp; &emsp;--- 16 Oct 11:01:29 405 - Page URL:: https://i-car--staging.sandbox.lightning.force.com/one/one.app#eyjjb21wb25lbnrezwyioijvbmu6ywxvagfqywdliiwiyxr0cmlidxrlcyi6eyjhzgryzxnzijoiahr0chm6ly9plwnhci0tc3rhz2luzy0tyy5zyw5kym94lnzmlmzvcmnllmnvbs9hcgv4l1jvc3rlck1hbmfnzw1lbnq%2fswq9mdaxmukwmdawmhv3rjhwin0sinn0yxrlijp7indzijoil2xpz2h0bmluzy9yl0fjy291bnqvmdaxmukwmdawmhv3rjhwuufvl3zpzxcifx0%3d</small> </font> </div>
<div class="test-event"> <font color="maroon"> <small> &emsp; &emsp;--- 16 Oct 11:01:29 405 - <b>1</b> - Page Load Wait: (Sync) - ICar.support.Utils.waitForPageLoad(Utils.java:109)</small> </font> </div>
<div class="test-message">&emsp;Close the tab</div>
<div class="test-event"> <font color="maroon"> <small> &emsp; &emsp;--- 16 Oct 11:01:36 624 - Page URL:: https://i-car--staging.sandbox.lightning.force.com/one/one.app#eyjjb21wb25lbnrezwyioijvbmu6ywxvagfqywdliiwiyxr0cmlidxrlcyi6eyjhzgryzxnzijoiahr0chm6ly9plwnhci0tc3rhz2luzy0tyy5zyw5kym94lnzmlmzvcmnllmnvbs9hcgv4l1jvc3rlck1hbmfnzw1lbnq%2fswq9mdaxmukwmdawmhv3rjhwin0sinn0yxrlijp7indzijoil2xpz2h0bmluzy9yl0fjy291bnqvmdaxmukwmdawmhv3rjhwuufvl3zpzxcifx0%3d</small> </font> </div>
<div class="test-event"> <font color="maroon"> <small> &emsp; &emsp;--- 16 Oct 11:01:36 624 - <b>1</b> - Page Load Wait: (Sync) - ICar.support.Utils.waitForPageLoad(Utils.java:109)</small> </font> </div>
<div class="test-event"> <font color="maroon"> <small> &emsp; &emsp;--- 16 Oct 11:01:36 671 - Element is displayed:: [[ChromeDriver: chrome on WINDOWS (e7ac9b512388a5369d14137f707cf9a2)] -> css selector: button[class*='search-button']]</small> </font> </div>
<div class="test-event"> <font color="maroon"> <small> &emsp; &emsp;--- 16 Oct 11:01:38 861 - Catched spinner load exception due to Expected condition failed: waiting for ICar.support.WaitUtils$4@714addf7 (tried for 2 second(s) with 500 milliseconds interval)</small> </font> </div>
<div class="test-event"> <font color="maroon"> <small> &emsp; &emsp;--- 16 Oct 11:01:38 861 - <b>2</b> - Spinner Load Wait: (Sync) - ICar.support.WaitUtils.waitForSpinner(WaitUtils.java:225)</small> </font> </div>
<div class="test-event"> <font color="maroon"> <small> &emsp; &emsp;--- 16 Oct 11:01:41 979 - Element is displayed:: [[ChromeDriver: chrome on WINDOWS (e7ac9b512388a5369d14137f707cf9a2)] -> css selector: button[class*='search-button']]</small> </font> </div>
<div class="test-event"> <font color="maroon"> <small> &emsp; &emsp;--- 16 Oct 11:01:44 028 - Page URL:: https://i-car--staging.sandbox.lightning.force.com/one/one.app#eyjjb21wb25lbnrezwyioijvbmu6ywxvagfqywdliiwiyxr0cmlidxrlcyi6eyjhzgryzxnzijoiahr0chm6ly9plwnhci0tc3rhz2luzy0tyy5zyw5kym94lnzmlmzvcmnllmnvbs9hcgv4l1jvc3rlck1hbmfnzw1lbnq%2fswq9mdaxmukwmdawmhv3rjhwin0sinn0yxrlijp7indzijoil2xpz2h0bmluzy9yl0fjy291bnqvmdaxmukwmdawmhv3rjhwuufvl3zpzxcifx0%3d</small> </font> </div>
<div class="test-event"> <font color="maroon"> <small> &emsp; &emsp;--- 16 Oct 11:01:44 028 - <b>1</b> - Page Load Wait: (Sync) - ICar.support.Utils.waitForPageLoad(Utils.java:109)</small> </font> </div>
<div class="test-event"> <font color="maroon"> <small> &emsp; &emsp;--- 16 Oct 11:02:04 185 - Catched spinner load exception due to Expected condition failed: waiting for ICar.support.WaitUtils$4@714addf7 (tried for 10 second(s) with 500 milliseconds interval)</small> </font> </div>
<div class="test-event"> <font color="maroon"> <small> &emsp; &emsp;--- 16 Oct 11:02:04 185 - <b>10</b> - Spinner Load Wait: (Sync) - ICar.support.WaitUtils.waitForSpinner(WaitUtils.java:225)</small> </font> </div>
<div class="test-event"> <font color="maroon"> <small> &emsp; &emsp;--- 16 Oct 11:02:05 716 - Page URL:: https://i-car--staging.sandbox.lightning.force.com/one/one.app#eyjjb21wb25lbnrezwyioijmb3jjzvnlyxjjadpzzwfyy2hqywdlrgvza3rvccisimf0dhjpynv0zxmionsidgvybsi6iji3njq0oteilcjzy29wzu1hcci6eyj0exblijoive9qx1jfu1vmvfmilcjuyw1lc3bhy2uioiiilcjsywjlbci6ilrvccbszxn1bhrziiwibgfizwxqbhvyywwioijub3agumvzdwx0cyisinjlc3vsdhndbxaioijmb3jjzvnlyxjjadpwcmvkawn0zwrszxn1bhrzin0simnvbnrlehqionsirklmvevsuyi6e30sinnlyxjjafnvdxjjzsi6ikftu0ltvefovf9esufmt0cilcjkaxnhymxlsw50zw50uxvlcnkiomzhbhnllcjkaxnhymxlu3blbgxdb3jyzwn0aw9uijpmywxzzswic2vhcmnorglhbg9nu2vzc2lvbklkijoinmfmyzq2zwytmjgwys0zmjuwltq3odetyzlmzmizm2eznwu0iiwizgvidwdjbmzvijp7imfwce5hbwuioijjq2fyx1nlcnzpy2vfq29uc29szsisimfwcfr5cguioijdb25zb2xliiwiyxbwtmftzxnwywnlijoiyyisimxvy2f0aw9uijoib25lomfsb2hhugfnzsj9fswiz3jvdxbjzci6ikrfrkfvtfqifswic3rhdguiont9fq%3d%3d</small> </font> </div>
<div class="test-event"> <font color="maroon"> <small> &emsp; &emsp;--- 16 Oct 11:02:05 716 - <b>1</b> - Page Load Wait: (Sync) - ICar.support.Utils.waitForPageLoad(Utils.java:109)</small> </font> </div>
<div class="test-event"> <font color="maroon"> <small> &emsp; &emsp;--- 16 Oct 11:02:17 159 - Catched spinner load exception due to Expected condition failed: waiting for ICar.support.WaitUtils$4@714addf7 (tried for 11 second(s) with 500 milliseconds interval)</small> </font> </div>
<div class="test-event"> <font color="maroon"> <small> &emsp; &emsp;--- 16 Oct 11:02:17 159 - <b>11</b> - Spinner Load Wait: (Sync) - ICar.support.WaitUtils.waitForSpinner(WaitUtils.java:225)</small> </font> </div>
<div class="test-event"> <font color="maroon"> <small> &emsp; &emsp;--- 16 Oct 11:02:18 546 - Page URL:: https://i-car--staging.sandbox.lightning.force.com/one/one.app#eyjjb21wb25lbnrezwyioijmb3jjzvnlyxjjadpzzwfyy2hqywdlrgvza3rvccisimf0dhjpynv0zxmionsidgvybsi6iji3njq0oteilcjzy29wzu1hcci6eyj0exblijoive9qx1jfu1vmvfmilcjuyw1lc3bhy2uioiiilcjsywjlbci6ilrvccbszxn1bhrziiwibgfizwxqbhvyywwioijub3agumvzdwx0cyisinjlc3vsdhndbxaioijmb3jjzvnlyxjjadpwcmvkawn0zwrszxn1bhrzin0simnvbnrlehqionsirklmvevsuyi6e30sinnlyxjjafnvdxjjzsi6ikftu0ltvefovf9esufmt0cilcjkaxnhymxlsw50zw50uxvlcnkiomzhbhnllcjkaxnhymxlu3blbgxdb3jyzwn0aw9uijpmywxzzswic2vhcmnorglhbg9nu2vzc2lvbklkijoinmfmyzq2zwytmjgwys0zmjuwltq3odetyzlmzmizm2eznwu0iiwizgvidwdjbmzvijp7imfwce5hbwuioijjq2fyx1nlcnzpy2vfq29uc29szsisimfwcfr5cguioijdb25zb2xliiwiyxbwtmftzxnwywnlijoiyyisimxvy2f0aw9uijoib25lomfsb2hhugfnzsj9fswiz3jvdxbjzci6ikrfrkfvtfqifswic3rhdguiont9fq%3d%3d</small> </font> </div>
<div class="test-event"> <font color="maroon"> <small> &emsp; &emsp;--- 16 Oct 11:02:18 546 - <b>1</b> - Page Load Wait: (Sync) - ICar.support.Utils.waitForPageLoad(Utils.java:109)</small> </font> </div>
<div class="test-event"> <font color="maroon"> <small> &emsp; &emsp;--- 16 Oct 11:02:18 637 - Element is displayed:: [[ChromeDriver: chrome on WINDOWS (e7ac9b512388a5369d14137f707cf9a2)] -> xpath: //a[@title='Top Results']//span[text()='Top Results']]</small> </font> </div>
<div class="test-event"> <font color="maroon"> <small> &emsp; &emsp;--- 16 Oct 11:02:20 047 - Page URL:: https://i-car--staging.sandbox.lightning.force.com/one/one.app#eyjjb21wb25lbnrezwyioijmb3jjzvnlyxjjadpzzwfyy2hqywdlrgvza3rvccisimf0dhjpynv0zxmionsidgvybsi6iji3njq0oteilcjzy29wzu1hcci6eyj0exblijoive9qx1jfu1vmvfmilcjuyw1lc3bhy2uioiiilcjsywjlbci6ilrvccbszxn1bhrziiwibgfizwxqbhvyywwioijub3agumvzdwx0cyisinjlc3vsdhndbxaioijmb3jjzvnlyxjjadpwcmvkawn0zwrszxn1bhrzin0simnvbnrlehqionsirklmvevsuyi6e30sinnlyxjjafnvdxjjzsi6ikftu0ltvefovf9esufmt0cilcjkaxnhymxlsw50zw50uxvlcnkiomzhbhnllcjkaxnhymxlu3blbgxdb3jyzwn0aw9uijpmywxzzswic2vhcmnorglhbg9nu2vzc2lvbklkijoinmfmyzq2zwytmjgwys0zmjuwltq3odetyzlmzmizm2eznwu0iiwizgvidwdjbmzvijp7imfwce5hbwuioijjq2fyx1nlcnzpy2vfq29uc29szsisimfwcfr5cguioijdb25zb2xliiwiyxbwtmftzxnwywnlijoiyyisimxvy2f0aw9uijoib25lomfsb2hhugfnzsj9fswiz3jvdxbjzci6ikrfrkfvtfqifswic3rhdguiont9fq%3d%3d</small> </font> </div>
<div class="test-event"> <font color="maroon"> <small> &emsp; &emsp;--- 16 Oct 11:02:20 047 - <b>1</b> - Page Load Wait: (Sync) - ICar.support.Utils.waitForPageLoad(Utils.java:109)</small> </font> </div>
<div class="test-event"> <font color="maroon"> <small> &emsp; &emsp;--- 16 Oct 11:02:25 295 - Catched spinner load exception due to Expected condition failed: waiting for ICar.support.WaitUtils$4@714addf7 (tried for 5 second(s) with 500 milliseconds interval)</small> </font> </div>
<div class="test-event"> <font color="maroon"> <small> &emsp; &emsp;--- 16 Oct 11:02:25 295 - <b>5</b> - Spinner Load Wait: (Sync) - ICar.support.WaitUtils.waitForSpinner(WaitUtils.java:225)</small> </font> </div>
<div class="test-event"> <font color="maroon"> <small> &emsp; &emsp;--- 16 Oct 11:02:26 578 - Page URL:: https://i-car--staging.sandbox.lightning.force.com/one/one.app#eyjjb21wb25lbnrezwyioijmb3jjzvnlyxjjadpzzwfyy2hqywdlrgvza3rvccisimf0dhjpynv0zxmionsidgvybsi6iji3njq0oteilcjzy29wzu1hcci6eyj0exblijoive9qx1jfu1vmvfmilcjuyw1lc3bhy2uioiiilcjsywjlbci6ilrvccbszxn1bhrziiwibgfizwxqbhvyywwioijub3agumvzdwx0cyisinjlc3vsdhndbxaioijmb3jjzvnlyxjjadpwcmvkawn0zwrszxn1bhrzin0simnvbnrlehqionsirklmvevsuyi6e30sinnlyxjjafnvdxjjzsi6ikftu0ltvefovf9esufmt0cilcjkaxnhymxlsw50zw50uxvlcnkiomzhbhnllcjkaxnhymxlu3blbgxdb3jyzwn0aw9uijpmywxzzswic2vhcmnorglhbg9nu2vzc2lvbklkijoinmfmyzq2zwytmjgwys0zmjuwltq3odetyzlmzmizm2eznwu0iiwizgvidwdjbmzvijp7imfwce5hbwuioijjq2fyx1nlcnzpy2vfq29uc29szsisimfwcfr5cguioijdb25zb2xliiwiyxbwtmftzxnwywnlijoiyyisimxvy2f0aw9uijoib25lomfsb2hhugfnzsj9fswiz3jvdxbjzci6ikrfrkfvtfqifswic3rhdguiont9fq%3d%3d</small> </font> </div>
<div class="test-event"> <font color="maroon"> <small> &emsp; &emsp;--- 16 Oct 11:02:26 578 - <b>1</b> - Page Load Wait: (Sync) - ICar.support.Utils.waitForPageLoad(Utils.java:109)</small> </font> </div>
<div class="test-event"> <font color="maroon"> <small> &emsp; &emsp;--- 16 Oct 11:02:27 969 - Page URL:: https://i-car--staging.sandbox.lightning.force.com/one/one.app#eyjjb21wb25lbnrezwyioijmb3jjzvnlyxjjadpzzwfyy2hqywdlrgvza3rvccisimf0dhjpynv0zxmionsidgvybsi6iji3njq0oteilcjzy29wzu1hcci6eyj0exblijoive9qx1jfu1vmvfmilcjuyw1lc3bhy2uioiiilcjsywjlbci6ilrvccbszxn1bhrziiwibgfizwxqbhvyywwioijub3agumvzdwx0cyisinjlc3vsdhndbxaioijmb3jjzvnlyxjjadpwcmvkawn0zwrszxn1bhrzin0simnvbnrlehqionsirklmvevsuyi6e30sinnlyxjjafnvdxjjzsi6ikftu0ltvefovf9esufmt0cilcjkaxnhymxlsw50zw50uxvlcnkiomzhbhnllcjkaxnhymxlu3blbgxdb3jyzwn0aw9uijpmywxzzswic2vhcmnorglhbg9nu2vzc2lvbklkijoinmfmyzq2zwytmjgwys0zmjuwltq3odetyzlmzmizm2eznwu0iiwizgvidwdjbmzvijp7imfwce5hbwuioijjq2fyx1nlcnzpy2vfq29uc29szsisimfwcfr5cguioijdb25zb2xliiwiyxbwtmftzxnwywnlijoiyyisimxvy2f0aw9uijoib25lomfsb2hhugfnzsj9fswiz3jvdxbjzci6ikrfrkfvtfqifswic3rhdguiont9fq%3d%3d</small> </font> </div>
<div class="test-event"> <font color="maroon"> <small> &emsp; &emsp;--- 16 Oct 11:02:27 969 - <b>1</b> - Page Load Wait: (Sync) - ICar.support.Utils.waitForPageLoad(Utils.java:109)</small> </font> </div>
<div class="test-event"> <font color="maroon"> <small> &emsp; &emsp;--- 16 Oct 11:02:29 291 - Page URL:: https://i-car--staging.sandbox.lightning.force.com/one/one.app#eyjjb21wb25lbnrezwyioijmb3jjzvnlyxjjadpzzwfyy2hqywdlrgvza3rvccisimf0dhjpynv0zxmionsidgvybsi6iji3njq0oteilcjzy29wzu1hcci6eyj0exblijoive9qx1jfu1vmvfmilcjuyw1lc3bhy2uioiiilcjsywjlbci6ilrvccbszxn1bhrziiwibgfizwxqbhvyywwioijub3agumvzdwx0cyisinjlc3vsdhndbxaioijmb3jjzvnlyxjjadpwcmvkawn0zwrszxn1bhrzin0simnvbnrlehqionsirklmvevsuyi6e30sinnlyxjjafnvdxjjzsi6ikftu0ltvefovf9esufmt0cilcjkaxnhymxlsw50zw50uxvlcnkiomzhbhnllcjkaxnhymxlu3blbgxdb3jyzwn0aw9uijpmywxzzswic2vhcmnorglhbg9nu2vzc2lvbklkijoinmfmyzq2zwytmjgwys0zmjuwltq3odetyzlmzmizm2eznwu0iiwizgvidwdjbmzvijp7imfwce5hbwuioijjq2fyx1nlcnzpy2vfq29uc29szsisimfwcfr5cguioijdb25zb2xliiwiyxbwtmftzxnwywnlijoiyyisimxvy2f0aw9uijoib25lomfsb2hhugfnzsj9fswiz3jvdxbjzci6ikrfrkfvtfqifswic3rhdguiont9fq%3d%3d</small> </font> </div>
<div class="test-event"> <font color="maroon"> <small> &emsp; &emsp;--- 16 Oct 11:02:29 291 - <b>1</b> - Page Load Wait: (Sync) - ICar.support.Utils.waitForPageLoad(Utils.java:109)</small> </font> </div>
<div class="test-event"> <font color="maroon"> <small> &emsp; &emsp;--- 16 Oct 11:02:37 683 - Catched spinner load exception due to Expected condition failed: waiting for ICar.support.WaitUtils$4@714addf7 (tried for 8 second(s) with 500 milliseconds interval)</small> </font> </div>
<div class="test-event"> <font color="maroon"> <small> &emsp; &emsp;--- 16 Oct 11:02:37 683 - <b>8</b> - Spinner Load Wait: (Sync) - ICar.support.WaitUtils.waitForSpinner(WaitUtils.java:225)</small> </font> </div>
<div class="test-event"> <font color="maroon"> <small> &emsp; &emsp;--- 16 Oct 11:02:39 024 - Page URL:: https://i-car--staging.sandbox.lightning.force.com/one/one.app#eyjjb21wb25lbnrezwyioijmb3jjzvnlyxjjadpzzwfyy2hqywdlrgvza3rvccisimf0dhjpynv0zxmionsidgvybsi6iji3njq0oteilcjzy29wzu1hcci6eyj0exblijoive9qx1jfu1vmvfmilcjuyw1lc3bhy2uioiiilcjsywjlbci6ilrvccbszxn1bhrziiwibgfizwxqbhvyywwioijub3agumvzdwx0cyisinjlc3vsdhndbxaioijmb3jjzvnlyxjjadpwcmvkawn0zwrszxn1bhrzin0simnvbnrlehqionsirklmvevsuyi6e30sinnlyxjjafnvdxjjzsi6ikftu0ltvefovf9esufmt0cilcjkaxnhymxlsw50zw50uxvlcnkiomzhbhnllcjkaxnhymxlu3blbgxdb3jyzwn0aw9uijpmywxzzswic2vhcmnorglhbg9nu2vzc2lvbklkijoinmfmyzq2zwytmjgwys0zmjuwltq3odetyzlmzmizm2eznwu0iiwizgvidwdjbmzvijp7imfwce5hbwuioijjq2fyx1nlcnzpy2vfq29uc29szsisimfwcfr5cguioijdb25zb2xliiwiyxbwtmftzxnwywnlijoiyyisimxvy2f0aw9uijoib25lomfsb2hhugfnzsj9fswiz3jvdxbjzci6ikrfrkfvtfqifswic3rhdguiont9fq%3d%3d</small> </font> </div>
<div class="test-event"> <font color="maroon"> <small> &emsp; &emsp;--- 16 Oct 11:02:39 024 - <b>1</b> - Page Load Wait: (Sync) - ICar.support.Utils.waitForPageLoad(Utils.java:109)</small> </font> </div>
<div class="test-event"> <font color="maroon"> <small> &emsp; &emsp;--- 16 Oct 11:02:41 204 - Element is displayed:: [[ChromeDriver: chrome on WINDOWS (e7ac9b512388a5369d14137f707cf9a2)] -> xpath: //div[contains(@class,'forceSearchResultsRegion')]//div[contains(@class,'resultsMultiWrapper')]/div/div[1]//following::h2//a]</small> </font> </div>
<div class="test-event"> <font color="maroon"> <small> &emsp; &emsp;--- 16 Oct 11:02:41 638 - Element is displayed:: [[ChromeDriver: chrome on WINDOWS (e7ac9b512388a5369d14137f707cf9a2)] -> xpath: //a[text()='Contacts']]</small> </font> </div>
<div class="test-event"> <font color="maroon"> <small> &emsp; &emsp;--- 16 Oct 11:02:46 005 - Element is displayed:: [[ChromeDriver: chrome on WINDOWS (e7ac9b512388a5369d14137f707cf9a2)] -> xpath: //div[text()='Contacts']//following :: table//tbody//th//span /a]</small> </font> </div>
<div class="test-event"> <font color="maroon"> <small> &emsp; &emsp;--- 16 Oct 11:02:47 403 - Page URL:: https://i-car--staging.sandbox.lightning.force.com/one/one.app#eyjjb21wb25lbnrezwyioijmb3jjzvnlyxjjadpzzwfyy2hqywdlrgvza3rvccisimf0dhjpynv0zxmionsidgvybsi6iji3njq0oteilcjzy29wzu1hcci6eyj0exblijoive9qx1jfu1vmvfmilcjuyw1lc3bhy2uioiiilcjsywjlbci6ilrvccbszxn1bhrziiwibgfizwxqbhvyywwioijub3agumvzdwx0cyisinjlc3vsdhndbxaioijmb3jjzvnlyxjjadpwcmvkawn0zwrszxn1bhrzin0simnvbnrlehqionsirklmvevsuyi6e30sinnlyxjjafnvdxjjzsi6ikftu0ltvefovf9esufmt0cilcjkaxnhymxlsw50zw50uxvlcnkiomzhbhnllcjkaxnhymxlu3blbgxdb3jyzwn0aw9uijpmywxzzswic2vhcmnorglhbg9nu2vzc2lvbklkijoinmfmyzq2zwytmjgwys0zmjuwltq3odetyzlmzmizm2eznwu0iiwizgvidwdjbmzvijp7imfwce5hbwuioijjq2fyx1nlcnzpy2vfq29uc29szsisimfwcfr5cguioijdb25zb2xliiwiyxbwtmftzxnwywnlijoiyyisimxvy2f0aw9uijoib25lomfsb2hhugfnzsj9fswiz3jvdxbjzci6ikrfrkfvtfqifswic3rhdguiont9fq%3d%3d</small> </font> </div>
<div class="test-event"> <font color="maroon"> <small> &emsp; &emsp;--- 16 Oct 11:02:47 404 - <b>1</b> - Page Load Wait: (Sync) - ICar.support.Utils.waitForPageLoad(Utils.java:109)</small> </font> </div>
<div class="test-event"> <font color="maroon"> <small> &emsp; &emsp;--- 16 Oct 11:03:05 763 - Catched spinner load exception due to Expected condition failed: waiting for ICar.support.WaitUtils$4@714addf7 (tried for 18 second(s) with 500 milliseconds interval)</small> </font> </div>
<div class="test-event"> <font color="maroon"> <small> &emsp; &emsp;--- 16 Oct 11:03:05 763 - <b>18</b> - Spinner Load Wait: (Sync) - ICar.support.WaitUtils.waitForSpinner(WaitUtils.java:225)</small> </font> </div>
<div class="test-event"> <font color="maroon"> <small> &emsp; &emsp;--- 16 Oct 11:03:07 123 - Page URL:: https://i-car--staging.sandbox.lightning.force.com/lightning/r/contact/0031i00000nuey0qam/view</small> </font> </div>
<div class="test-event"> <font color="maroon"> <small> &emsp; &emsp;--- 16 Oct 11:03:07 123 - <b>1</b> - Page Load Wait: (Sync) - ICar.support.Utils.waitForPageLoad(Utils.java:109)</small> </font> </div>
<div class="test-event"> <font color="maroon"> <small> &emsp; &emsp;--- 16 Oct 11:03:08 807 - Page URL:: https://i-car--staging.sandbox.lightning.force.com/lightning/r/contact/0031i00000nuey0qam/view</small> </font> </div>
<div class="test-event"> <font color="maroon"> <small> &emsp; &emsp;--- 16 Oct 11:03:08 808 - <b>1</b> - Page Load Wait: (Sync) - ICar.support.Utils.waitForPageLoad(Utils.java:109)</small> </font> </div>
<div class="test-event"> <font color="maroon"> <small> &emsp; &emsp;--- 16 Oct 11:03:09 877 - Catched spinner load exception due to Expected condition failed: waiting for ICar.support.WaitUtils$4@714addf7 (tried for 1 second(s) with 500 milliseconds interval)</small> </font> </div>
<div class="test-event"> <font color="maroon"> <small> &emsp; &emsp;--- 16 Oct 11:03:09 877 - <b>1</b> - Spinner Load Wait: (Sync) - ICar.support.WaitUtils.waitForSpinner(WaitUtils.java:225)</small> </font> </div>
<div class="test-event"> <font color="maroon"> <small> &emsp; &emsp;--- 16 Oct 11:03:11 270 - Page URL:: https://i-car--staging.sandbox.lightning.force.com/lightning/r/contact/0031i00000nuey0qam/view</small> </font> </div>
<div class="test-event"> <font color="maroon"> <small> &emsp; &emsp;--- 16 Oct 11:03:11 270 - <b>1</b> - Page Load Wait: (Sync) - ICar.support.Utils.waitForPageLoad(Utils.java:109)</small> </font> </div>
<div class="test-event"> <font color="maroon"> <small> &emsp; &emsp;--- 16 Oct 11:03:27 717 - Page URL:: https://i-car--staging.sandbox.lightning.force.com/lightning/r/contact/0031i00000nuey0qam/view</small> </font> </div>
<div class="test-event"> <font color="maroon"> <small> &emsp; &emsp;--- 16 Oct 11:03:27 717 - <b>1</b> - Page Load Wait: (Sync) - ICar.support.Utils.waitForPageLoad(Utils.java:109)</small> </font> </div>
<!--FAIL-->
<div class="test-result"><br><font color="red"><strong> Index 0 out of bounds for length 0 </strong></font> <a href=".\ScreenShot\ICar_BAM640_TC05_44178359598500.png" target="_blank" >[ScreenShot]</a></div>&emsp;
&emsp;<div class="test-title"> <strong><font size = "3" color = "#0000FF">---Test Execution Ends---</font> </strong> </div>&emsp;]]>
    </system-out>
  </testcase> <!-- ICar_BAM640_TC05 -->
  <testcase classname="BAM_Misc.BAMtestscripts" name="ICar_BAM633_TC05" time="395.931">
    <system-out>
      <![CDATA[<div class="test-event"> <font color="maroon"> <small> &emsp; &emsp;--- 16 Oct 10:47:57 460 - TestCaseID:: ICar_BAM633_TC05</small> </font> </div>
<div class="test-event"> <font color="maroon"> <small> &emsp; &emsp;--- 16 Oct 10:47:59 978 - <b>2</b> - Driver::initialize::Get - ICar.support.WebDriverFactory.getDriver(WebDriverFactory.java:640)</small> </font> </div>
&emsp;<div class="test-title"> <strong><font size = "3" color = "#000080">Platinum Report to be accessible from the "Action" dropdown button</font> </strong> </div>&emsp;<div><strong>Steps:</strong></div><!-- Report -->&emsp;
<div class="test-event"> <font color="maroon"> <small> &emsp; &emsp;--- 16 Oct 10:48:05 153 - Page URL:: https://i-car--staging.sandbox.my.salesforce.com/</small> </font> </div>
<div class="test-event"> <font color="maroon"> <small> &emsp; &emsp;--- 16 Oct 10:48:05 153 - <b>2</b> - Page Load Wait: (Sync) - ICar.support.Utils.waitForPageLoad(Utils.java:109)</small> </font> </div>
<div class="test-message">&emsp;Successfully navigated to 'Login' Page&emsp;<a href=".\ScreenShot\ICar_BAM633_TC05_43252584006500.png" target="_blank" >[ScreenShot]</a></div>
<div class="test-message">&emsp;1. Login page is launched.</div>
<div class="test-event"> <font color="maroon"> <small> &emsp; &emsp;--- 16 Oct 10:48:05 388 - Element is displayed:: [[ChromeDriver: chrome on WINDOWS (2870104590402a14b08a018d29279aed)] -> id: username]</small> </font> </div>
<div class="test-event"> <font color="maroon"> <small> &emsp; &emsp;--- 16 Oct 10:48:05 523 - Element is displayed:: [[ChromeDriver: chrome on WINDOWS (2870104590402a14b08a018d29279aed)] -> id: username]</small> </font> </div>
<div class="test-event"> <font color="maroon"> <small> &emsp; &emsp;--- 16 Oct 10:48:05 927 - Element is displayed:: [[ChromeDriver: chrome on WINDOWS (2870104590402a14b08a018d29279aed)] -> id: password]</small> </font> </div>
<div class="test-event"> <font color="maroon"> <small> &emsp; &emsp;--- 16 Oct 10:48:06 095 - Element is displayed:: [[ChromeDriver: chrome on WINDOWS (2870104590402a14b08a018d29279aed)] -> id: Login]</small> </font> </div>
<div class="test-event"> <font color="maroon"> <small> &emsp; &emsp;--- 16 Oct 10:48:35 092 - Catched spinner load exception due to Expected condition failed: waiting for ICar.support.WaitUtils$4@714addf7 (tried for 13 second(s) with 500 milliseconds interval)</small> </font> </div>
<div class="test-event"> <font color="maroon"> <small> &emsp; &emsp;--- 16 Oct 10:48:35 093 - <b>13</b> - Spinner Load Wait: (Sync) - ICar.support.WaitUtils.waitForSpinner(WaitUtils.java:225)</small> </font> </div>
<div class="test-event"> <font color="maroon"> <small> &emsp; &emsp;--- 16 Oct 10:48:53 954 - Catched spinner load exception due to Expected condition failed: waiting for ICar.support.WaitUtils$4@714addf7 (tried for 6 second(s) with 500 milliseconds interval)</small> </font> </div>
<div class="test-event"> <font color="maroon"> <small> &emsp; &emsp;--- 16 Oct 10:48:53 954 - <b>6</b> - Spinner Load Wait: (Sync) - ICar.support.WaitUtils.waitForSpinner(WaitUtils.java:225)</small> </font> </div>
<div class="test-event"> <font color="maroon"> <small> &emsp; &emsp;--- 16 Oct 10:48:54 029 - Element is displayed:: [[ChromeDriver: chrome on WINDOWS (2870104590402a14b08a018d29279aed)] -> css selector: button[class*='search-button']]</small> </font> </div>
<div class="test-message">&emsp;2. Navigate to 'SalesForce Page'</div>
<div class="test-event"> <font color="maroon"> <small> &emsp; &emsp;--- 16 Oct 10:48:54 401 - Page URL:: https://i-car--staging.sandbox.lightning.force.com/lightning/o/account/list?filtername=accounts</small> </font> </div>
<div class="test-event"> <font color="maroon"> <small> &emsp; &emsp;--- 16 Oct 10:48:54 401 - <b>0</b> - Page Load Wait: (Sync) - ICar.support.Utils.waitForPageLoad(Utils.java:109)</small> </font> </div>
<div class="test-event"> <font color="maroon"> <small> &emsp; &emsp;--- 16 Oct 10:48:59 813 - Page URL:: https://i-car--staging.sandbox.lightning.force.com/lightning/o/account/list?filtername=accounts</small> </font> </div>
<div class="test-event"> <font color="maroon"> <small> &emsp; &emsp;--- 16 Oct 10:48:59 813 - <b>0</b> - Page Load Wait: (Sync) - ICar.support.Utils.waitForPageLoad(Utils.java:109)</small> </font> </div>
<div class="test-message">&emsp;Close the tab</div>
<div class="test-message">&emsp;Successfully navigated to 'Login' Page&emsp;<a href=".\ScreenShot\ICar_BAM633_TC05_43312347397600.png" target="_blank" >[ScreenShot]</a></div>
<div class="test-message">&emsp;3. Enter the user credentials as : icaradminautomation3@i-car.com.staging</div>
<div class="test-event"> <font color="maroon"> <small> &emsp; &emsp;--- 16 Oct 10:49:11 558 - Page URL:: https://i-car--staging.sandbox.lightning.force.com/lightning/o/account/list?filtername=accounts</small> </font> </div>
<div class="test-event"> <font color="maroon"> <small> &emsp; &emsp;--- 16 Oct 10:49:11 558 - <b>0</b> - Page Load Wait: (Sync) - ICar.support.Utils.waitForPageLoad(Utils.java:109)</small> </font> </div>
<div class="test-event"> <font color="maroon"> <small> &emsp; &emsp;--- 16 Oct 10:49:11 887 - Page URL:: https://i-car--staging.sandbox.lightning.force.com/lightning/o/account/list?filtername=accounts</small> </font> </div>
<div class="test-event"> <font color="maroon"> <small> &emsp; &emsp;--- 16 Oct 10:49:11 887 - <b>0</b> - Page Load Wait: (Sync) - ICar.support.Utils.waitForPageLoad(Utils.java:109)</small> </font> </div>
<div class="test-event"> <font color="maroon"> <small> &emsp; &emsp;--- 16 Oct 10:49:11 941 - Element is displayed:: [[ChromeDriver: chrome on WINDOWS (2870104590402a14b08a018d29279aed)] -> xpath: //ul[@class='slds-global-actions']//div[@class='setupGear']]</small> </font> </div>
<div class="test-event"> <font color="maroon"> <small> &emsp; &emsp;--- 16 Oct 10:49:11 997 - Element is displayed:: [[ChromeDriver: chrome on WINDOWS (2870104590402a14b08a018d29279aed)] -> xpath: //ul[@class='slds-global-actions']//div[@class='setupGear']]</small> </font> </div>
<div class="test-event"> <font color="maroon"> <small> &emsp; &emsp;--- 16 Oct 10:49:15 749 - Page URL:: https://i-car--staging.sandbox.lightning.force.com/lightning/o/account/list?filtername=accounts</small> </font> </div>
<div class="test-event"> <font color="maroon"> <small> &emsp; &emsp;--- 16 Oct 10:49:15 749 - <b>0</b> - Page Load Wait: (Sync) - ICar.support.Utils.waitForPageLoad(Utils.java:109)</small> </font> </div>
<div class="test-event"> <font color="maroon"> <small> &emsp; &emsp;--- 16 Oct 10:49:18 908 - Catched spinner load exception due to Expected condition failed: waiting for ICar.support.WaitUtils$4@714addf7 (tried for 3 second(s) with 500 milliseconds interval)</small> </font> </div>
<div class="test-event"> <font color="maroon"> <small> &emsp; &emsp;--- 16 Oct 10:49:18 908 - <b>3</b> - Spinner Load Wait: (Sync) - ICar.support.WaitUtils.waitForSpinner(WaitUtils.java:225)</small> </font> </div>
<div class="test-event"> <font color="maroon"> <small> &emsp; &emsp;--- 16 Oct 10:49:19 410 - Page URL:: https://i-car--staging.sandbox.lightning.force.com/lightning/o/account/list?filtername=accounts</small> </font> </div>
<div class="test-event"> <font color="maroon"> <small> &emsp; &emsp;--- 16 Oct 10:49:19 410 - <b>0</b> - Page Load Wait: (Sync) - ICar.support.Utils.waitForPageLoad(Utils.java:109)</small> </font> </div>
<div class="test-event"> <font color="maroon"> <small> &emsp; &emsp;--- 16 Oct 10:49:25 203 - Page URL:: https://i-car--staging.sandbox.my.salesforce-setup.com/lightning/setup/setuponehome/home?setupdomainprobepassed=true</small> </font> </div>
<div class="test-event"> <font color="maroon"> <small> &emsp; &emsp;--- 16 Oct 10:49:25 203 - <b>5</b> - Page Load Wait: (Sync) - ICar.support.Utils.waitForPageLoad(Utils.java:109)</small> </font> </div>
<div class="test-event"> <font color="maroon"> <small> &emsp; &emsp;--- 16 Oct 10:49:30 368 - Page URL:: https://i-car--staging.sandbox.my.salesforce-setup.com/lightning/setup/setuponehome/home</small> </font> </div>
<div class="test-event"> <font color="maroon"> <small> &emsp; &emsp;--- 16 Oct 10:49:30 368 - <b>0</b> - Page Load Wait: (Sync) - ICar.support.Utils.waitForPageLoad(Utils.java:109)</small> </font> </div>
<div class="test-message">&emsp;Close the tab</div>
<div class="test-event"> <font color="maroon"> <small> &emsp; &emsp;--- 16 Oct 10:49:35 805 - Page URL:: https://i-car--staging.sandbox.my.salesforce-setup.com/lightning/setup/setuponehome/home</small> </font> </div>
<div class="test-event"> <font color="maroon"> <small> &emsp; &emsp;--- 16 Oct 10:49:35 805 - <b>0</b> - Page Load Wait: (Sync) - ICar.support.Utils.waitForPageLoad(Utils.java:109)</small> </font> </div>
<div class="test-event"> <font color="maroon"> <small> &emsp; &emsp;--- 16 Oct 10:49:47 765 - Unable to find an element after 2 sec ==> Proxy element for: AjaxElementLocator 'By.cssSelector: button[class*='search-button']'</small> </font> </div>
<div class="test-event"> <font color="maroon"> <small> &emsp; &emsp;--- 16 Oct 10:49:49 856 - Catched spinner load exception due to Expected condition failed: waiting for ICar.support.WaitUtils$4@714addf7 (tried for 2 second(s) with 500 milliseconds interval)</small> </font> </div>
<div class="test-event"> <font color="maroon"> <small> &emsp; &emsp;--- 16 Oct 10:49:49 856 - <b>2</b> - Spinner Load Wait: (Sync) - ICar.support.WaitUtils.waitForSpinner(WaitUtils.java:225)</small> </font> </div>
<div class="test-event"> <font color="maroon"> <small> &emsp; &emsp;--- 16 Oct 10:49:53 084 - Page URL:: https://i-car--staging.sandbox.my.salesforce-setup.com/lightning/setup/setuponehome/home</small> </font> </div>
<div class="test-event"> <font color="maroon"> <small> &emsp; &emsp;--- 16 Oct 10:49:53 084 - <b>0</b> - Page Load Wait: (Sync) - ICar.support.Utils.waitForPageLoad(Utils.java:109)</small> </font> </div>
<div class="test-event"> <font color="maroon"> <small> &emsp; &emsp;--- 16 Oct 10:49:56 174 - Element is displayed:: [[ChromeDriver: chrome on WINDOWS (2870104590402a14b08a018d29279aed)] -> css selector: div[class*='uiInput--default'] input]</small> </font> </div>
<div class="test-event"> <font color="maroon"> <small> &emsp; &emsp;--- 16 Oct 10:50:12 550 - Catched spinner load exception due to Expected condition failed: waiting for ICar.support.WaitUtils$4@714addf7 (tried for 10 second(s) with 500 milliseconds interval)</small> </font> </div>
<div class="test-event"> <font color="maroon"> <small> &emsp; &emsp;--- 16 Oct 10:50:12 550 - <b>10</b> - Spinner Load Wait: (Sync) - ICar.support.WaitUtils.waitForSpinner(WaitUtils.java:225)</small> </font> </div>
<div class="test-event"> <font color="maroon"> <small> &emsp; &emsp;--- 16 Oct 10:50:12 842 - Page URL:: https://i-car--staging.sandbox.my.salesforce-setup.com/one/one.app#eyjjb21wb25lbnrezwyioijmb3jjzvnlyxjjadpzzwfyy2gilcjhdhryawj1dgvzijp7inrlcm0ioijccmvuzgegumftc2v5iiwic2nvcgvnyxaionsibgfizwxqbhvyywwioijtzxr1ccisim5hbwvzcgfjzsi6ilnldhvwiiwidhlwzsi6ilrpuf9srvnvtfrtin0simnvbnrlehqionsizglzywjszvnwzwxsq29ycmvjdglvbii6zmfsc2usimrpc2fibgvjbnrlbnrrdwvyesi6zmfsc2usinnlyxjjafnvdxjjzsi6ikloufvux0rfu0tut1aifswiz3jvdxbjzci6ikrfrkfvtfqifswic3rhdguiont9fq%3d%3d</small> </font> </div>
<div class="test-event"> <font color="maroon"> <small> &emsp; &emsp;--- 16 Oct 10:50:12 842 - <b>0</b> - Page Load Wait: (Sync) - ICar.support.Utils.waitForPageLoad(Utils.java:109)</small> </font> </div>
<div class="test-event"> <font color="maroon"> <small> &emsp; &emsp;--- 16 Oct 10:50:24 302 - Catched spinner load exception due to Expected condition failed: waiting for ICar.support.WaitUtils$4@714addf7 (tried for 11 second(s) with 500 milliseconds interval)</small> </font> </div>
<div class="test-event"> <font color="maroon"> <small> &emsp; &emsp;--- 16 Oct 10:50:24 302 - <b>11</b> - Spinner Load Wait: (Sync) - ICar.support.WaitUtils.waitForSpinner(WaitUtils.java:225)</small> </font> </div>
<div class="test-event"> <font color="maroon"> <small> &emsp; &emsp;--- 16 Oct 10:50:24 490 - Page URL:: https://i-car--staging.sandbox.my.salesforce-setup.com/one/one.app#eyjjb21wb25lbnrezwyioijmb3jjzvnlyxjjadpzzwfyy2gilcjhdhryawj1dgvzijp7inrlcm0ioijccmvuzgegumftc2v5iiwic2nvcgvnyxaionsibgfizwxqbhvyywwioijtzxr1ccisim5hbwvzcgfjzsi6ilnldhvwiiwidhlwzsi6ilrpuf9srvnvtfrtin0simnvbnrlehqionsizglzywjszvnwzwxsq29ycmvjdglvbii6zmfsc2usimrpc2fibgvjbnrlbnrrdwvyesi6zmfsc2usinnlyxjjafnvdxjjzsi6ikloufvux0rfu0tut1aifswiz3jvdxbjzci6ikrfrkfvtfqifswic3rhdguiont9fq%3d%3d</small> </font> </div>
<div class="test-event"> <font color="maroon"> <small> &emsp; &emsp;--- 16 Oct 10:50:24 490 - <b>0</b> - Page Load Wait: (Sync) - ICar.support.Utils.waitForPageLoad(Utils.java:109)</small> </font> </div>
<div class="test-event"> <font color="maroon"> <small> &emsp; &emsp;--- 16 Oct 10:50:24 539 - Element is displayed:: [[ChromeDriver: chrome on WINDOWS (2870104590402a14b08a018d29279aed)] -> xpath: //a[@title='Top Results']//span[text()='Top Results']]</small> </font> </div>
<div class="test-event"> <font color="maroon"> <small> &emsp; &emsp;--- 16 Oct 10:50:25 124 - Page URL:: https://i-car--staging.sandbox.my.salesforce-setup.com/one/one.app#eyjjb21wb25lbnrezwyioijmb3jjzvnlyxjjadpzzwfyy2gilcjhdhryawj1dgvzijp7inrlcm0ioijccmvuzgegumftc2v5iiwic2nvcgvnyxaionsibgfizwxqbhvyywwioijtzxr1ccisim5hbwvzcgfjzsi6ilnldhvwiiwidhlwzsi6ilrpuf9srvnvtfrtin0simnvbnrlehqionsizglzywjszvnwzwxsq29ycmvjdglvbii6zmfsc2usimrpc2fibgvjbnrlbnrrdwvyesi6zmfsc2usinnlyxjjafnvdxjjzsi6ikloufvux0rfu0tut1aifswiz3jvdxbjzci6ikrfrkfvtfqifswic3rhdguiont9fq%3d%3d</small> </font> </div>
<div class="test-event"> <font color="maroon"> <small> &emsp; &emsp;--- 16 Oct 10:50:25 124 - <b>0</b> - Page Load Wait: (Sync) - ICar.support.Utils.waitForPageLoad(Utils.java:109)</small> </font> </div>
<div class="test-event"> <font color="maroon"> <small> &emsp; &emsp;--- 16 Oct 10:50:30 568 - Catched spinner load exception due to Expected condition failed: waiting for ICar.support.WaitUtils$4@714addf7 (tried for 5 second(s) with 500 milliseconds interval)</small> </font> </div>
<div class="test-event"> <font color="maroon"> <small> &emsp; &emsp;--- 16 Oct 10:50:30 568 - <b>5</b> - Spinner Load Wait: (Sync) - ICar.support.WaitUtils.waitForSpinner(WaitUtils.java:225)</small> </font> </div>
<div class="test-event"> <font color="maroon"> <small> &emsp; &emsp;--- 16 Oct 10:50:30 812 - Page URL:: https://i-car--staging.sandbox.my.salesforce-setup.com/one/one.app#eyjjb21wb25lbnrezwyioijmb3jjzvnlyxjjadpzzwfyy2gilcjhdhryawj1dgvzijp7inrlcm0ioijccmvuzgegumftc2v5iiwic2nvcgvnyxaionsibgfizwxqbhvyywwioijtzxr1ccisim5hbwvzcgfjzsi6ilnldhvwiiwidhlwzsi6ilrpuf9srvnvtfrtin0simnvbnrlehqionsizglzywjszvnwzwxsq29ycmvjdglvbii6zmfsc2usimrpc2fibgvjbnrlbnrrdwvyesi6zmfsc2usinnlyxjjafnvdxjjzsi6ikloufvux0rfu0tut1aifswiz3jvdxbjzci6ikrfrkfvtfqifswic3rhdguiont9fq%3d%3d</small> </font> </div>
<div class="test-event"> <font color="maroon"> <small> &emsp; &emsp;--- 16 Oct 10:50:30 812 - <b>0</b> - Page Load Wait: (Sync) - ICar.support.Utils.waitForPageLoad(Utils.java:109)</small> </font> </div>
<div class="test-event"> <font color="maroon"> <small> &emsp; &emsp;--- 16 Oct 10:50:30 993 - Page URL:: https://i-car--staging.sandbox.my.salesforce-setup.com/one/one.app#eyjjb21wb25lbnrezwyioijmb3jjzvnlyxjjadpzzwfyy2gilcjhdhryawj1dgvzijp7inrlcm0ioijccmvuzgegumftc2v5iiwic2nvcgvnyxaionsibgfizwxqbhvyywwioijtzxr1ccisim5hbwvzcgfjzsi6ilnldhvwiiwidhlwzsi6ilrpuf9srvnvtfrtin0simnvbnrlehqionsizglzywjszvnwzwxsq29ycmvjdglvbii6zmfsc2usimrpc2fibgvjbnrlbnrrdwvyesi6zmfsc2usinnlyxjjafnvdxjjzsi6ikloufvux0rfu0tut1aifswiz3jvdxbjzci6ikrfrkfvtfqifswic3rhdguiont9fq%3d%3d</small> </font> </div>
<div class="test-event"> <font color="maroon"> <small> &emsp; &emsp;--- 16 Oct 10:50:30 993 - <b>0</b> - Page Load Wait: (Sync) - ICar.support.Utils.waitForPageLoad(Utils.java:109)</small> </font> </div>
<div class="test-event"> <font color="maroon"> <small> &emsp; &emsp;--- 16 Oct 10:50:31 212 - Page URL:: https://i-car--staging.sandbox.my.salesforce-setup.com/one/one.app#eyjjb21wb25lbnrezwyioijmb3jjzvnlyxjjadpzzwfyy2gilcjhdhryawj1dgvzijp7inrlcm0ioijccmvuzgegumftc2v5iiwic2nvcgvnyxaionsibgfizwxqbhvyywwioijtzxr1ccisim5hbwvzcgfjzsi6ilnldhvwiiwidhlwzsi6ilrpuf9srvnvtfrtin0simnvbnrlehqionsizglzywjszvnwzwxsq29ycmvjdglvbii6zmfsc2usimrpc2fibgvjbnrlbnrrdwvyesi6zmfsc2usinnlyxjjafnvdxjjzsi6ikloufvux0rfu0tut1aifswiz3jvdxbjzci6ikrfrkfvtfqifswic3rhdguiont9fq%3d%3d</small> </font> </div>
<div class="test-event"> <font color="maroon"> <small> &emsp; &emsp;--- 16 Oct 10:50:31 212 - <b>0</b> - Page Load Wait: (Sync) - ICar.support.Utils.waitForPageLoad(Utils.java:109)</small> </font> </div>
<div class="test-event"> <font color="maroon"> <small> &emsp; &emsp;--- 16 Oct 10:50:56 382 - Catched spinner load exception due to Expected condition failed: waiting for ICar.support.WaitUtils$4@714addf7 (tried for 25 second(s) with 500 milliseconds interval)</small> </font> </div>
<div class="test-event"> <font color="maroon"> <small> &emsp; &emsp;--- 16 Oct 10:50:56 382 - <b>25</b> - Spinner Load Wait: (Sync) - ICar.support.WaitUtils.waitForSpinner(WaitUtils.java:225)</small> </font> </div>
<div class="test-event"> <font color="maroon"> <small> &emsp; &emsp;--- 16 Oct 10:50:56 558 - Page URL:: https://i-car--staging.sandbox.my.salesforce-setup.com/one/one.app#eyjjb21wb25lbnrezwyioijmb3jjzvnlyxjjadpzzwfyy2gilcjhdhryawj1dgvzijp7inrlcm0ioijccmvuzgegumftc2v5iiwic2nvcgvnyxaionsibgfizwxqbhvyywwioijtzxr1ccisim5hbwvzcgfjzsi6ilnldhvwiiwidhlwzsi6ilrpuf9srvnvtfrtin0simnvbnrlehqionsizglzywjszvnwzwxsq29ycmvjdglvbii6zmfsc2usimrpc2fibgvjbnrlbnrrdwvyesi6zmfsc2usinnlyxjjafnvdxjjzsi6ikloufvux0rfu0tut1aifswiz3jvdxbjzci6ikrfrkfvtfqifswic3rhdguiont9fq%3d%3d</small> </font> </div>
<div class="test-event"> <font color="maroon"> <small> &emsp; &emsp;--- 16 Oct 10:50:56 558 - <b>0</b> - Page Load Wait: (Sync) - ICar.support.Utils.waitForPageLoad(Utils.java:109)</small> </font> </div>
<div class="test-event"> <font color="maroon"> <small> &emsp; &emsp;--- 16 Oct 10:50:56 591 - Element is displayed:: [[ChromeDriver: chrome on WINDOWS (2870104590402a14b08a018d29279aed)] -> css selector: div.forceSearchResultsRegion  div.resultsMultiWrapper >div > div table tbody td a]</small> </font> </div>
<div class="test-event"> <font color="maroon"> <small> &emsp; &emsp;--- 16 Oct 10:50:56 911 - Element is displayed:: [[ChromeDriver: chrome on WINDOWS (2870104590402a14b08a018d29279aed)] -> css selector: div.forceSearchResultsRegion  div.resultsMultiWrapper >div > div table tbody td a]</small> </font> </div>
<div class="test-event"> <font color="maroon"> <small> &emsp; &emsp;--- 16 Oct 10:50:57 247 - Page URL:: https://i-car--staging.sandbox.my.salesforce-setup.com/one/one.app#eyjjb21wb25lbnrezwyioijmb3jjzvnlyxjjadpzzwfyy2gilcjhdhryawj1dgvzijp7inrlcm0ioijccmvuzgegumftc2v5iiwic2nvcgvnyxaionsibgfizwxqbhvyywwioijtzxr1ccisim5hbwvzcgfjzsi6ilnldhvwiiwidhlwzsi6ilrpuf9srvnvtfrtin0simnvbnrlehqionsizglzywjszvnwzwxsq29ycmvjdglvbii6zmfsc2usimrpc2fibgvjbnrlbnrrdwvyesi6zmfsc2usinnlyxjjafnvdxjjzsi6ikloufvux0rfu0tut1aifswiz3jvdxbjzci6ikrfrkfvtfqifswic3rhdguiont9fq%3d%3d</small> </font> </div>
<div class="test-event"> <font color="maroon"> <small> &emsp; &emsp;--- 16 Oct 10:50:57 247 - <b>0</b> - Page Load Wait: (Sync) - ICar.support.Utils.waitForPageLoad(Utils.java:109)</small> </font> </div>
<div class="test-event"> <font color="maroon"> <small> &emsp; &emsp;--- 16 Oct 10:51:17 704 - Catched spinner load exception due to Expected condition failed: waiting for ICar.support.WaitUtils$4@714addf7 (tried for 20 second(s) with 500 milliseconds interval)</small> </font> </div>
<div class="test-event"> <font color="maroon"> <small> &emsp; &emsp;--- 16 Oct 10:51:17 704 - <b>20</b> - Spinner Load Wait: (Sync) - ICar.support.WaitUtils.waitForSpinner(WaitUtils.java:225)</small> </font> </div>
<div class="test-event"> <font color="maroon"> <small> &emsp; &emsp;--- 16 Oct 10:51:17 835 - Page URL:: https://i-car--staging.sandbox.my.salesforce-setup.com/lightning/setup/manageusers/page?address=%2f0051i000002lihdqas%3fnoredirect%3d1%26isuserentityoverride%3d1%26returl%3d%252fsetup%252fhome</small> </font> </div>
<div class="test-event"> <font color="maroon"> <small> &emsp; &emsp;--- 16 Oct 10:51:17 835 - <b>0</b> - Page Load Wait: (Sync) - ICar.support.Utils.waitForPageLoad(Utils.java:109)</small> </font> </div>
<div class="test-event"> <font color="maroon"> <small> &emsp; &emsp;--- 16 Oct 10:51:17 955 - Page URL:: https://i-car--staging.sandbox.my.salesforce-setup.com/lightning/setup/manageusers/page?address=%2f0051i000002lihdqas%3fnoredirect%3d1%26isuserentityoverride%3d1%26returl%3d%252fsetup%252fhome</small> </font> </div>
<div class="test-event"> <font color="maroon"> <small> &emsp; &emsp;--- 16 Oct 10:51:17 955 - <b>0</b> - Page Load Wait: (Sync) - ICar.support.Utils.waitForPageLoad(Utils.java:109)</small> </font> </div>
<div class="test-event"> <font color="maroon"> <small> &emsp; &emsp;--- 16 Oct 10:51:22 092 - Element is displayed:: [[ChromeDriver: chrome on WINDOWS (2870104590402a14b08a018d29279aed)] -> css selector: input[title='Login']]</small> </font> </div>
<div class="test-event"> <font color="maroon"> <small> &emsp; &emsp;--- 16 Oct 10:51:34 708 - Page URL:: https://i-car--staging.sandbox.lightning.force.com/lightning/r/contact/0031i00000nugvlqau/view</small> </font> </div>
<div class="test-event"> <font color="maroon"> <small> &emsp; &emsp;--- 16 Oct 10:51:34 708 - <b>0</b> - Page Load Wait: (Sync) - ICar.support.Utils.waitForPageLoad(Utils.java:109)</small> </font> </div>
<div class="test-event"> <font color="maroon"> <small> &emsp; &emsp;--- 16 Oct 10:51:39 916 - Page URL:: https://i-car--staging.sandbox.lightning.force.com/lightning/r/contact/0031i00000nugvlqau/view</small> </font> </div>
<div class="test-event"> <font color="maroon"> <small> &emsp; &emsp;--- 16 Oct 10:51:39 916 - <b>0</b> - Page Load Wait: (Sync) - ICar.support.Utils.waitForPageLoad(Utils.java:109)</small> </font> </div>
<div class="test-message">&emsp;Close the tab</div>
<div class="test-event"> <font color="maroon"> <small> &emsp; &emsp;--- 16 Oct 10:51:45 150 - Page URL:: https://i-car--staging.sandbox.lightning.force.com/lightning/r/contact/0031i00000nugvlqau/view</small> </font> </div>
<div class="test-event"> <font color="maroon"> <small> &emsp; &emsp;--- 16 Oct 10:51:45 150 - <b>0</b> - Page Load Wait: (Sync) - ICar.support.Utils.waitForPageLoad(Utils.java:109)</small> </font> </div>
<div class="test-event"> <font color="maroon"> <small> &emsp; &emsp;--- 16 Oct 10:51:50 512 - Page URL:: https://i-car--staging.sandbox.lightning.force.com/lightning/r/contact/0031i00000nugvlqau/view</small> </font> </div>
<div class="test-event"> <font color="maroon"> <small> &emsp; &emsp;--- 16 Oct 10:51:50 512 - <b>0</b> - Page Load Wait: (Sync) - ICar.support.Utils.waitForPageLoad(Utils.java:109)</small> </font> </div>
<div class="test-message">&emsp;Close the tab</div>
<div class="test-event"> <font color="maroon"> <small> &emsp; &emsp;--- 16 Oct 10:51:55 980 - Page URL:: https://i-car--staging.sandbox.lightning.force.com/lightning/o/contact/list?filtername=__recent</small> </font> </div>
<div class="test-event"> <font color="maroon"> <small> &emsp; &emsp;--- 16 Oct 10:51:55 980 - <b>0</b> - Page Load Wait: (Sync) - ICar.support.Utils.waitForPageLoad(Utils.java:109)</small> </font> </div>
<div class="test-event"> <font color="maroon"> <small> &emsp; &emsp;--- 16 Oct 10:52:01 310 - Page URL:: https://i-car--staging.sandbox.lightning.force.com/lightning/o/contact/list?filtername=__recent</small> </font> </div>
<div class="test-event"> <font color="maroon"> <small> &emsp; &emsp;--- 16 Oct 10:52:01 310 - <b>0</b> - Page Load Wait: (Sync) - ICar.support.Utils.waitForPageLoad(Utils.java:109)</small> </font> </div>
<div class="test-message">&emsp;Close the tab</div>
<div class="test-event"> <font color="maroon"> <small> &emsp; &emsp;--- 16 Oct 10:52:07 043 - Page URL:: https://i-car--staging.sandbox.lightning.force.com/lightning/o/contact/list?filtername=__recent</small> </font> </div>
<div class="test-event"> <font color="maroon"> <small> &emsp; &emsp;--- 16 Oct 10:52:07 043 - <b>0</b> - Page Load Wait: (Sync) - ICar.support.Utils.waitForPageLoad(Utils.java:109)</small> </font> </div>
<div class="test-event"> <font color="maroon"> <small> &emsp; &emsp;--- 16 Oct 10:52:07 147 - Element is displayed:: [[ChromeDriver: chrome on WINDOWS (2870104590402a14b08a018d29279aed)] -> css selector: button[class*='search-button']]</small> </font> </div>
<div class="test-event"> <font color="maroon"> <small> &emsp; &emsp;--- 16 Oct 10:52:09 259 - Catched spinner load exception due to Expected condition failed: waiting for ICar.support.WaitUtils$4@714addf7 (tried for 2 second(s) with 500 milliseconds interval)</small> </font> </div>
<div class="test-event"> <font color="maroon"> <small> &emsp; &emsp;--- 16 Oct 10:52:09 259 - <b>2</b> - Spinner Load Wait: (Sync) - ICar.support.WaitUtils.waitForSpinner(WaitUtils.java:225)</small> </font> </div>
<div class="test-event"> <font color="maroon"> <small> &emsp; &emsp;--- 16 Oct 10:52:12 339 - Element is displayed:: [[ChromeDriver: chrome on WINDOWS (2870104590402a14b08a018d29279aed)] -> css selector: button[class*='search-button']]</small> </font> </div>
<div class="test-event"> <font color="maroon"> <small> &emsp; &emsp;--- 16 Oct 10:52:12 942 - Page URL:: https://i-car--staging.sandbox.lightning.force.com/lightning/o/contact/list?filtername=__recent</small> </font> </div>
<div class="test-event"> <font color="maroon"> <small> &emsp; &emsp;--- 16 Oct 10:52:12 942 - <b>0</b> - Page Load Wait: (Sync) - ICar.support.Utils.waitForPageLoad(Utils.java:109)</small> </font> </div>
<div class="test-event"> <font color="maroon"> <small> &emsp; &emsp;--- 16 Oct 10:52:32 408 - Catched spinner load exception due to Expected condition failed: waiting for ICar.support.WaitUtils$4@714addf7 (tried for 10 second(s) with 500 milliseconds interval)</small> </font> </div>
<div class="test-event"> <font color="maroon"> <small> &emsp; &emsp;--- 16 Oct 10:52:32 408 - <b>10</b> - Spinner Load Wait: (Sync) - ICar.support.WaitUtils.waitForSpinner(WaitUtils.java:225)</small> </font> </div>
<div class="test-event"> <font color="maroon"> <small> &emsp; &emsp;--- 16 Oct 10:52:32 866 - Page URL:: https://i-car--staging.sandbox.lightning.force.com/one/one.app#eyjjb21wb25lbnrezwyioijmb3jjzvnlyxjjadpzzwfyy2hqywdlrgvza3rvccisimf0dhjpynv0zxmionsidgvybsi6ijiznjy5mzkilcjzy29wzu1hcci6eyj0exblijoive9qx1jfu1vmvfmilcjuyw1lc3bhy2uioiiilcjsywjlbci6ilrvccbszxn1bhrziiwibgfizwxqbhvyywwioijub3agumvzdwx0cyisinjlc3vsdhndbxaioijmb3jjzvnlyxjjadpwcmvkawn0zwrszxn1bhrzin0simnvbnrlehqionsirklmvevsuyi6e30sinnlyxjjafnvdxjjzsi6ikftu0ltvefovf9esufmt0cilcjkaxnhymxlsw50zw50uxvlcnkiomzhbhnllcjkaxnhymxlu3blbgxdb3jyzwn0aw9uijpmywxzzswic2vhcmnorglhbg9nu2vzc2lvbklkijoizdk2mjlmzgetnme4nc1lmdnmltzlndetyte2ntg4yjrjztbliiwizgvidwdjbmzvijp7imfwce5hbwuioijjq2fyx1nlcnzpy2vfq29uc29szsisimfwcfr5cguioijdb25zb2xliiwiyxbwtmftzxnwywnlijoiyyisimxvy2f0aw9uijoizm9yy2u6b2jqzwn0sg9tzurlc2t0b3ailcjzb2jqzwn0vhlwzsi6iknvbnrhy3qifx0simdyb3vwswqioijeruzbvuxuin0sinn0yxrlijp7fx0%3d</small> </font> </div>
<div class="test-event"> <font color="maroon"> <small> &emsp; &emsp;--- 16 Oct 10:52:32 866 - <b>0</b> - Page Load Wait: (Sync) - ICar.support.Utils.waitForPageLoad(Utils.java:109)</small> </font> </div>
<div class="test-event"> <font color="maroon"> <small> &emsp; &emsp;--- 16 Oct 10:52:43 896 - Catched spinner load exception due to Expected condition failed: waiting for ICar.support.WaitUtils$4@714addf7 (tried for 11 second(s) with 500 milliseconds interval)</small> </font> </div>
<div class="test-event"> <font color="maroon"> <small> &emsp; &emsp;--- 16 Oct 10:52:43 896 - <b>11</b> - Spinner Load Wait: (Sync) - ICar.support.WaitUtils.waitForSpinner(WaitUtils.java:225)</small> </font> </div>
<div class="test-event"> <font color="maroon"> <small> &emsp; &emsp;--- 16 Oct 10:52:44 261 - Page URL:: https://i-car--staging.sandbox.lightning.force.com/one/one.app#eyjjb21wb25lbnrezwyioijmb3jjzvnlyxjjadpzzwfyy2hqywdlrgvza3rvccisimf0dhjpynv0zxmionsidgvybsi6ijiznjy5mzkilcjzy29wzu1hcci6eyj0exblijoive9qx1jfu1vmvfmilcjuyw1lc3bhy2uioiiilcjsywjlbci6ilrvccbszxn1bhrziiwibgfizwxqbhvyywwioijub3agumvzdwx0cyisinjlc3vsdhndbxaioijmb3jjzvnlyxjjadpwcmvkawn0zwrszxn1bhrzin0simnvbnrlehqionsirklmvevsuyi6e30sinnlyxjjafnvdxjjzsi6ikftu0ltvefovf9esufmt0cilcjkaxnhymxlsw50zw50uxvlcnkiomzhbhnllcjkaxnhymxlu3blbgxdb3jyzwn0aw9uijpmywxzzswic2vhcmnorglhbg9nu2vzc2lvbklkijoizdk2mjlmzgetnme4nc1lmdnmltzlndetyte2ntg4yjrjztbliiwizgvidwdjbmzvijp7imfwce5hbwuioijjq2fyx1nlcnzpy2vfq29uc29szsisimfwcfr5cguioijdb25zb2xliiwiyxbwtmftzxnwywnlijoiyyisimxvy2f0aw9uijoizm9yy2u6b2jqzwn0sg9tzurlc2t0b3ailcjzb2jqzwn0vhlwzsi6iknvbnrhy3qifx0simdyb3vwswqioijeruzbvuxuin0sinn0yxrlijp7fx0%3d</small> </font> </div>
<div class="test-event"> <font color="maroon"> <small> &emsp; &emsp;--- 16 Oct 10:52:44 261 - <b>0</b> - Page Load Wait: (Sync) - ICar.support.Utils.waitForPageLoad(Utils.java:109)</small> </font> </div>
<div class="test-event"> <font color="maroon"> <small> &emsp; &emsp;--- 16 Oct 10:52:44 320 - Element is displayed:: [[ChromeDriver: chrome on WINDOWS (2870104590402a14b08a018d29279aed)] -> xpath: //a[@title='Top Results']//span[text()='Top Results']]</small> </font> </div>
<div class="test-event"> <font color="maroon"> <small> &emsp; &emsp;--- 16 Oct 10:52:44 767 - Page URL:: https://i-car--staging.sandbox.lightning.force.com/one/one.app#eyjjb21wb25lbnrezwyioijmb3jjzvnlyxjjadpzzwfyy2hqywdlrgvza3rvccisimf0dhjpynv0zxmionsidgvybsi6ijiznjy5mzkilcjzy29wzu1hcci6eyj0exblijoive9qx1jfu1vmvfmilcjuyw1lc3bhy2uioiiilcjsywjlbci6ilrvccbszxn1bhrziiwibgfizwxqbhvyywwioijub3agumvzdwx0cyisinjlc3vsdhndbxaioijmb3jjzvnlyxjjadpwcmvkawn0zwrszxn1bhrzin0simnvbnrlehqionsirklmvevsuyi6e30sinnlyxjjafnvdxjjzsi6ikftu0ltvefovf9esufmt0cilcjkaxnhymxlsw50zw50uxvlcnkiomzhbhnllcjkaxnhymxlu3blbgxdb3jyzwn0aw9uijpmywxzzswic2vhcmnorglhbg9nu2vzc2lvbklkijoizdk2mjlmzgetnme4nc1lmdnmltzlndetyte2ntg4yjrjztbliiwizgvidwdjbmzvijp7imfwce5hbwuioijjq2fyx1nlcnzpy2vfq29uc29szsisimfwcfr5cguioijdb25zb2xliiwiyxbwtmftzxnwywnlijoiyyisimxvy2f0aw9uijoizm9yy2u6b2jqzwn0sg9tzurlc2t0b3ailcjzb2jqzwn0vhlwzsi6iknvbnrhy3qifx0simdyb3vwswqioijeruzbvuxuin0sinn0yxrlijp7fx0%3d</small> </font> </div>
<div class="test-event"> <font color="maroon"> <small> &emsp; &emsp;--- 16 Oct 10:52:44 767 - <b>0</b> - Page Load Wait: (Sync) - ICar.support.Utils.waitForPageLoad(Utils.java:109)</small> </font> </div>
<div class="test-event"> <font color="maroon"> <small> &emsp; &emsp;--- 16 Oct 10:52:50 267 - Catched spinner load exception due to Expected condition failed: waiting for ICar.support.WaitUtils$4@714addf7 (tried for 5 second(s) with 500 milliseconds interval)</small> </font> </div>
<div class="test-event"> <font color="maroon"> <small> &emsp; &emsp;--- 16 Oct 10:52:50 267 - <b>5</b> - Spinner Load Wait: (Sync) - ICar.support.WaitUtils.waitForSpinner(WaitUtils.java:225)</small> </font> </div>
<div class="test-event"> <font color="maroon"> <small> &emsp; &emsp;--- 16 Oct 10:52:50 643 - Page URL:: https://i-car--staging.sandbox.lightning.force.com/one/one.app#eyjjb21wb25lbnrezwyioijmb3jjzvnlyxjjadpzzwfyy2hqywdlrgvza3rvccisimf0dhjpynv0zxmionsidgvybsi6ijiznjy5mzkilcjzy29wzu1hcci6eyj0exblijoive9qx1jfu1vmvfmilcjuyw1lc3bhy2uioiiilcjsywjlbci6ilrvccbszxn1bhrziiwibgfizwxqbhvyywwioijub3agumvzdwx0cyisinjlc3vsdhndbxaioijmb3jjzvnlyxjjadpwcmvkawn0zwrszxn1bhrzin0simnvbnrlehqionsirklmvevsuyi6e30sinnlyxjjafnvdxjjzsi6ikftu0ltvefovf9esufmt0cilcjkaxnhymxlsw50zw50uxvlcnkiomzhbhnllcjkaxnhymxlu3blbgxdb3jyzwn0aw9uijpmywxzzswic2vhcmnorglhbg9nu2vzc2lvbklkijoizdk2mjlmzgetnme4nc1lmdnmltzlndetyte2ntg4yjrjztbliiwizgvidwdjbmzvijp7imfwce5hbwuioijjq2fyx1nlcnzpy2vfq29uc29szsisimfwcfr5cguioijdb25zb2xliiwiyxbwtmftzxnwywnlijoiyyisimxvy2f0aw9uijoizm9yy2u6b2jqzwn0sg9tzurlc2t0b3ailcjzb2jqzwn0vhlwzsi6iknvbnrhy3qifx0simdyb3vwswqioijeruzbvuxuin0sinn0yxrlijp7fx0%3d</small> </font> </div>
<div class="test-event"> <font color="maroon"> <small> &emsp; &emsp;--- 16 Oct 10:52:50 643 - <b>0</b> - Page Load Wait: (Sync) - ICar.support.Utils.waitForPageLoad(Utils.java:109)</small> </font> </div>
<div class="test-event"> <font color="maroon"> <small> &emsp; &emsp;--- 16 Oct 10:52:51 017 - Page URL:: https://i-car--staging.sandbox.lightning.force.com/one/one.app#eyjjb21wb25lbnrezwyioijmb3jjzvnlyxjjadpzzwfyy2hqywdlrgvza3rvccisimf0dhjpynv0zxmionsidgvybsi6ijiznjy5mzkilcjzy29wzu1hcci6eyj0exblijoive9qx1jfu1vmvfmilcjuyw1lc3bhy2uioiiilcjsywjlbci6ilrvccbszxn1bhrziiwibgfizwxqbhvyywwioijub3agumvzdwx0cyisinjlc3vsdhndbxaioijmb3jjzvnlyxjjadpwcmvkawn0zwrszxn1bhrzin0simnvbnrlehqionsirklmvevsuyi6e30sinnlyxjjafnvdxjjzsi6ikftu0ltvefovf9esufmt0cilcjkaxnhymxlsw50zw50uxvlcnkiomzhbhnllcjkaxnhymxlu3blbgxdb3jyzwn0aw9uijpmywxzzswic2vhcmnorglhbg9nu2vzc2lvbklkijoizdk2mjlmzgetnme4nc1lmdnmltzlndetyte2ntg4yjrjztbliiwizgvidwdjbmzvijp7imfwce5hbwuioijjq2fyx1nlcnzpy2vfq29uc29szsisimfwcfr5cguioijdb25zb2xliiwiyxbwtmftzxnwywnlijoiyyisimxvy2f0aw9uijoizm9yy2u6b2jqzwn0sg9tzurlc2t0b3ailcjzb2jqzwn0vhlwzsi6iknvbnrhy3qifx0simdyb3vwswqioijeruzbvuxuin0sinn0yxrlijp7fx0%3d</small> </font> </div>
<div class="test-event"> <font color="maroon"> <small> &emsp; &emsp;--- 16 Oct 10:52:51 017 - <b>0</b> - Page Load Wait: (Sync) - ICar.support.Utils.waitForPageLoad(Utils.java:109)</small> </font> </div>
<div class="test-event"> <font color="maroon"> <small> &emsp; &emsp;--- 16 Oct 10:52:51 369 - Page URL:: https://i-car--staging.sandbox.lightning.force.com/one/one.app#eyjjb21wb25lbnrezwyioijmb3jjzvnlyxjjadpzzwfyy2hqywdlrgvza3rvccisimf0dhjpynv0zxmionsidgvybsi6ijiznjy5mzkilcjzy29wzu1hcci6eyj0exblijoive9qx1jfu1vmvfmilcjuyw1lc3bhy2uioiiilcjsywjlbci6ilrvccbszxn1bhrziiwibgfizwxqbhvyywwioijub3agumvzdwx0cyisinjlc3vsdhndbxaioijmb3jjzvnlyxjjadpwcmvkawn0zwrszxn1bhrzin0simnvbnrlehqionsirklmvevsuyi6e30sinnlyxjjafnvdxjjzsi6ikftu0ltvefovf9esufmt0cilcjkaxnhymxlsw50zw50uxvlcnkiomzhbhnllcjkaxnhymxlu3blbgxdb3jyzwn0aw9uijpmywxzzswic2vhcmnorglhbg9nu2vzc2lvbklkijoizdk2mjlmzgetnme4nc1lmdnmltzlndetyte2ntg4yjrjztbliiwizgvidwdjbmzvijp7imfwce5hbwuioijjq2fyx1nlcnzpy2vfq29uc29szsisimfwcfr5cguioijdb25zb2xliiwiyxbwtmftzxnwywnlijoiyyisimxvy2f0aw9uijoizm9yy2u6b2jqzwn0sg9tzurlc2t0b3ailcjzb2jqzwn0vhlwzsi6iknvbnrhy3qifx0simdyb3vwswqioijeruzbvuxuin0sinn0yxrlijp7fx0%3d</small> </font> </div>
<div class="test-event"> <font color="maroon"> <small> &emsp; &emsp;--- 16 Oct 10:52:51 369 - <b>0</b> - Page Load Wait: (Sync) - ICar.support.Utils.waitForPageLoad(Utils.java:109)</small> </font> </div>
<div class="test-event"> <font color="maroon"> <small> &emsp; &emsp;--- 16 Oct 10:52:59 763 - Catched spinner load exception due to Expected condition failed: waiting for ICar.support.WaitUtils$4@714addf7 (tried for 8 second(s) with 500 milliseconds interval)</small> </font> </div>
<div class="test-event"> <font color="maroon"> <small> &emsp; &emsp;--- 16 Oct 10:52:59 763 - <b>8</b> - Spinner Load Wait: (Sync) - ICar.support.WaitUtils.waitForSpinner(WaitUtils.java:225)</small> </font> </div>
<div class="test-event"> <font color="maroon"> <small> &emsp; &emsp;--- 16 Oct 10:53:00 176 - Page URL:: https://i-car--staging.sandbox.lightning.force.com/one/one.app#eyjjb21wb25lbnrezwyioijmb3jjzvnlyxjjadpzzwfyy2hqywdlrgvza3rvccisimf0dhjpynv0zxmionsidgvybsi6ijiznjy5mzkilcjzy29wzu1hcci6eyj0exblijoive9qx1jfu1vmvfmilcjuyw1lc3bhy2uioiiilcjsywjlbci6ilrvccbszxn1bhrziiwibgfizwxqbhvyywwioijub3agumvzdwx0cyisinjlc3vsdhndbxaioijmb3jjzvnlyxjjadpwcmvkawn0zwrszxn1bhrzin0simnvbnrlehqionsirklmvevsuyi6e30sinnlyxjjafnvdxjjzsi6ikftu0ltvefovf9esufmt0cilcjkaxnhymxlsw50zw50uxvlcnkiomzhbhnllcjkaxnhymxlu3blbgxdb3jyzwn0aw9uijpmywxzzswic2vhcmnorglhbg9nu2vzc2lvbklkijoizdk2mjlmzgetnme4nc1lmdnmltzlndetyte2ntg4yjrjztbliiwizgvidwdjbmzvijp7imfwce5hbwuioijjq2fyx1nlcnzpy2vfq29uc29szsisimfwcfr5cguioijdb25zb2xliiwiyxbwtmftzxnwywnlijoiyyisimxvy2f0aw9uijoizm9yy2u6b2jqzwn0sg9tzurlc2t0b3ailcjzb2jqzwn0vhlwzsi6iknvbnrhy3qifx0simdyb3vwswqioijeruzbvuxuin0sinn0yxrlijp7fx0%3d</small> </font> </div>
<div class="test-event"> <font color="maroon"> <small> &emsp; &emsp;--- 16 Oct 10:53:00 176 - <b>0</b> - Page Load Wait: (Sync) - ICar.support.Utils.waitForPageLoad(Utils.java:109)</small> </font> </div>
<div class="test-event"> <font color="maroon"> <small> &emsp; &emsp;--- 16 Oct 10:53:02 306 - Element is displayed:: [[ChromeDriver: chrome on WINDOWS (2870104590402a14b08a018d29279aed)] -> xpath: //div[contains(@class,'forceSearchResultsRegion')]//div[contains(@class,'resultsMultiWrapper')]/div/div[1]//following::h2//a]</small> </font> </div>
<div class="test-event"> <font color="maroon"> <small> &emsp; &emsp;--- 16 Oct 10:53:02 476 - Element is displayed:: [[ChromeDriver: chrome on WINDOWS (2870104590402a14b08a018d29279aed)] -> xpath: //a[text()='Contacts']]</small> </font> </div>
<div class="test-event"> <font color="maroon"> <small> &emsp; &emsp;--- 16 Oct 10:53:06 594 - Element is displayed:: [[ChromeDriver: chrome on WINDOWS (2870104590402a14b08a018d29279aed)] -> xpath: //div[text()='Contacts']//following :: table//tbody//th//span /a]</small> </font> </div>
<div class="test-event"> <font color="maroon"> <small> &emsp; &emsp;--- 16 Oct 10:53:07 304 - Page URL:: https://i-car--staging.sandbox.lightning.force.com/one/one.app#eyjjb21wb25lbnrezwyioijmb3jjzvnlyxjjadpzzwfyy2hqywdlrgvza3rvccisimf0dhjpynv0zxmionsidgvybsi6ijiznjy5mzkilcjzy29wzu1hcci6eyj0exblijoive9qx1jfu1vmvfmilcjuyw1lc3bhy2uioiiilcjsywjlbci6ilrvccbszxn1bhrziiwibgfizwxqbhvyywwioijub3agumvzdwx0cyisinjlc3vsdhndbxaioijmb3jjzvnlyxjjadpwcmvkawn0zwrszxn1bhrzin0simnvbnrlehqionsirklmvevsuyi6e30sinnlyxjjafnvdxjjzsi6ikftu0ltvefovf9esufmt0cilcjkaxnhymxlsw50zw50uxvlcnkiomzhbhnllcjkaxnhymxlu3blbgxdb3jyzwn0aw9uijpmywxzzswic2vhcmnorglhbg9nu2vzc2lvbklkijoizdk2mjlmzgetnme4nc1lmdnmltzlndetyte2ntg4yjrjztbliiwizgvidwdjbmzvijp7imfwce5hbwuioijjq2fyx1nlcnzpy2vfq29uc29szsisimfwcfr5cguioijdb25zb2xliiwiyxbwtmftzxnwywnlijoiyyisimxvy2f0aw9uijoizm9yy2u6b2jqzwn0sg9tzurlc2t0b3ailcjzb2jqzwn0vhlwzsi6iknvbnrhy3qifx0simdyb3vwswqioijeruzbvuxuin0sinn0yxrlijp7fx0%3d</small> </font> </div>
<div class="test-event"> <font color="maroon"> <small> &emsp; &emsp;--- 16 Oct 10:53:07 304 - <b>0</b> - Page Load Wait: (Sync) - ICar.support.Utils.waitForPageLoad(Utils.java:109)</small> </font> </div>
<div class="test-event"> <font color="maroon"> <small> &emsp; &emsp;--- 16 Oct 10:53:15 562 - Catched spinner load exception due to Expected condition failed: waiting for ICar.support.WaitUtils$4@714addf7 (tried for 8 second(s) with 500 milliseconds interval)</small> </font> </div>
<div class="test-event"> <font color="maroon"> <small> &emsp; &emsp;--- 16 Oct 10:53:15 563 - <b>8</b> - Spinner Load Wait: (Sync) - ICar.support.WaitUtils.waitForSpinner(WaitUtils.java:225)</small> </font> </div>
<div class="test-event"> <font color="maroon"> <small> &emsp; &emsp;--- 16 Oct 10:53:15 919 - Page URL:: https://i-car--staging.sandbox.lightning.force.com/lightning/r/contact/0031i00000nugvlqau/view</small> </font> </div>
<div class="test-event"> <font color="maroon"> <small> &emsp; &emsp;--- 16 Oct 10:53:15 919 - <b>0</b> - Page Load Wait: (Sync) - ICar.support.Utils.waitForPageLoad(Utils.java:109)</small> </font> </div>
<div class="test-event"> <font color="maroon"> <small> &emsp; &emsp;--- 16 Oct 10:53:32 217 - Unable to find a element after 9 sec ==> Proxy element for: AjaxElementLocator 'By.xpath: //a[@name='TM_Account_Hierarchy']/span'</small> </font> </div>
<div class="test-event"> <font color="maroon"> <small> &emsp; &emsp;--- 16 Oct 10:53:32 303 - Element is displayed:: [[ChromeDriver: chrome on WINDOWS (2870104590402a14b08a018d29279aed)] -> xpath: //ul[@class='slds-button-group-list']/li[4]//button]</small> </font> </div>
<div class="test-event"> <font color="maroon"> <small> &emsp; &emsp;--- 16 Oct 10:53:32 746 - Page URL:: https://i-car--staging.sandbox.lightning.force.com/lightning/r/contact/0031i00000nugvlqau/view</small> </font> </div>
<div class="test-event"> <font color="maroon"> <small> &emsp; &emsp;--- 16 Oct 10:53:32 746 - <b>0</b> - Page Load Wait: (Sync) - ICar.support.Utils.waitForPageLoad(Utils.java:109)</small> </font> </div>
<div class="test-event"> <font color="maroon"> <small> &emsp; &emsp;--- 16 Oct 10:53:41 079 - Catched spinner load exception due to Expected condition failed: waiting for ICar.support.WaitUtils$4@714addf7 (tried for 8 second(s) with 500 milliseconds interval)</small> </font> </div>
<div class="test-event"> <font color="maroon"> <small> &emsp; &emsp;--- 16 Oct 10:53:41 079 - <b>8</b> - Spinner Load Wait: (Sync) - ICar.support.WaitUtils.waitForSpinner(WaitUtils.java:225)</small> </font> </div>
<div class="test-event"> <font color="maroon"> <small> &emsp; &emsp;--- 16 Oct 10:53:41 413 - Page URL:: https://i-car--staging.sandbox.lightning.force.com/lightning/r/contact/0031i00000nugvlqau/view</small> </font> </div>
<div class="test-event"> <font color="maroon"> <small> &emsp; &emsp;--- 16 Oct 10:53:41 413 - <b>0</b> - Page Load Wait: (Sync) - ICar.support.Utils.waitForPageLoad(Utils.java:109)</small> </font> </div>
<div class="test-event"> <font color="maroon"> <small> &emsp; &emsp;--- 16 Oct 10:53:57 730 - Unable to find a element after 9 sec ==> Proxy element for: AjaxElementLocator 'By.xpath: //a[@name='TM_Account_Hierarchy']/span'</small> </font> </div>
<div class="test-event"> <font color="maroon"> <small> &emsp; &emsp;--- 16 Oct 10:53:57 819 - Element is displayed:: [[ChromeDriver: chrome on WINDOWS (2870104590402a14b08a018d29279aed)] -> xpath: //*[text()='TM Dashboard']]</small> </font> </div>
<div class="test-event"> <font color="maroon"> <small> &emsp; &emsp;--- 16 Oct 10:53:58 495 - Page URL:: https://i-car--staging.sandbox.lightning.force.com/lightning/r/contact/0031i00000nugvlqau/view</small> </font> </div>
<div class="test-event"> <font color="maroon"> <small> &emsp; &emsp;--- 16 Oct 10:53:58 496 - <b>0</b> - Page Load Wait: (Sync) - ICar.support.Utils.waitForPageLoad(Utils.java:109)</small> </font> </div>
<div class="test-event"> <font color="maroon"> <small> &emsp; &emsp;--- 16 Oct 10:54:08 811 - Catched spinner load exception due to Expected condition failed: waiting for ICar.support.WaitUtils$4@714addf7 (tried for 10 second(s) with 500 milliseconds interval)</small> </font> </div>
<div class="test-event"> <font color="maroon"> <small> &emsp; &emsp;--- 16 Oct 10:54:08 811 - <b>10</b> - Spinner Load Wait: (Sync) - ICar.support.WaitUtils.waitForSpinner(WaitUtils.java:225)</small> </font> </div>
<div class="test-event"> <font color="maroon"> <small> &emsp; &emsp;--- 16 Oct 10:54:09 190 - Page URL:: https://i-car--staging.sandbox.lightning.force.com/one/one.app#eyjjb21wb25lbnrezwyioijvbmu6ywxvagfqywdliiwiyxr0cmlidxrlcyi6eyjhzgryzxnzijoiahr0chm6ly9plwnhci0tc3rhz2luzy0tyy5zyw5kym94lnzmlmzvcmnllmnvbs9hcgv4l0ldqvjfve1eyxnoym9hcmq%2fawq9mdazmukwmdawmg51r3zmuufvin0sinn0yxrlijp7indzijoil2xpz2h0bmluzy9yl0nvbnrhy3qvmdazmukwmdawmg51r3zmuufvl3zpzxcifx0%3d</small> </font> </div>
<div class="test-event"> <font color="maroon"> <small> &emsp; &emsp;--- 16 Oct 10:54:09 190 - <b>0</b> - Page Load Wait: (Sync) - ICar.support.Utils.waitForPageLoad(Utils.java:109)</small> </font> </div>
<div class="test-event"> <font color="maroon"> <small> &emsp; &emsp;--- 16 Oct 10:54:09 533 - Page URL:: https://i-car--staging.sandbox.lightning.force.com/one/one.app#eyjjb21wb25lbnrezwyioijvbmu6ywxvagfqywdliiwiyxr0cmlidxrlcyi6eyjhzgryzxnzijoiahr0chm6ly9plwnhci0tc3rhz2luzy0tyy5zyw5kym94lnzmlmzvcmnllmnvbs9hcgv4l0ldqvjfve1eyxnoym9hcmq%2fawq9mdazmukwmdawmg51r3zmuufvin0sinn0yxrlijp7indzijoil2xpz2h0bmluzy9yl0nvbnrhy3qvmdazmukwmdawmg51r3zmuufvl3zpzxcifx0%3d</small> </font> </div>
<div class="test-event"> <font color="maroon"> <small> &emsp; &emsp;--- 16 Oct 10:54:09 533 - <b>0</b> - Page Load Wait: (Sync) - ICar.support.Utils.waitForPageLoad(Utils.java:109)</small> </font> </div>
<div class="test-event"> <font color="maroon"> <small> &emsp; &emsp;--- 16 Oct 10:54:09 620 - Element is displayed:: [[ChromeDriver: chrome on WINDOWS (2870104590402a14b08a018d29279aed)] -> xpath: (//*[@class='slds-button slds-button_icon-border slds-button_icon-x-small'])[1]]</small> </font> </div>
<div class="test-event"> <font color="maroon"> <small> &emsp; &emsp;--- 16 Oct 10:54:09 681 - Element is displayed:: [[ChromeDriver: chrome on WINDOWS (2870104590402a14b08a018d29279aed)] -> xpath: (//*[@class='slds-button slds-button_icon-border slds-button_icon-x-small'])[1]]</small> </font> </div>
<div class="test-event"> <font color="maroon"> <small> &emsp; &emsp;--- 16 Oct 10:54:09 989 - Element is displayed:: [[ChromeDriver: chrome on WINDOWS (2870104590402a14b08a018d29279aed)] -> xpath: //div[@class='slds-dropdown slds-dropdown_left']//lightning-menu-item[4]//a]</small> </font> </div>
<div class="test-message">&emsp;Successfully verified  platinium download 'Gold class summary' Page&emsp;<a href=".\ScreenShot\ICar_BAM633_TC05_43617435589500.png" target="_blank" >[ScreenShot]</a></div>
<div class="test-event"> <font color="maroon"> <small> &emsp; &emsp;--- 16 Oct 10:54:19 632 - Element is displayed:: [[ChromeDriver: chrome on WINDOWS (2870104590402a14b08a018d29279aed)] -> xpath: (//*[@class='slds-button slds-button_icon-border slds-button_icon-x-small'])[1]]</small> </font> </div>
<div class="test-event"> <font color="maroon"> <small> &emsp; &emsp;--- 16 Oct 10:54:19 693 - Element is displayed:: [[ChromeDriver: chrome on WINDOWS (2870104590402a14b08a018d29279aed)] -> xpath: (//*[@class='slds-button slds-button_icon-border slds-button_icon-x-small'])[1]]</small> </font> </div>
<div class="test-event"> <font color="maroon"> <small> &emsp; &emsp;--- 16 Oct 10:54:19 873 - Element is displayed:: [[ChromeDriver: chrome on WINDOWS (2870104590402a14b08a018d29279aed)] -> xpath: //div[@class='slds-dropdown slds-dropdown_left']//lightning-menu-item[4]//a]</small> </font> </div>
<div class="test-event"> <font color="maroon"> <small> &emsp; &emsp;--- 16 Oct 10:54:19 937 - Element is displayed:: [[ChromeDriver: chrome on WINDOWS (2870104590402a14b08a018d29279aed)] -> xpath: //div[@class='slds-dropdown slds-dropdown_left']//lightning-menu-item[4]//a]</small> </font> </div>
<div class="test-event"> <font color="maroon"> <small> &emsp; &emsp;--- 16 Oct 10:54:23 072 - Page URL:: https://i-car--staging--c.sandbox.vf.force.com/apex/dcplatinumreport?id=0011i00000uwd8xqae</small> </font> </div>
<div class="test-event"> <font color="maroon"> <small> &emsp; &emsp;--- 16 Oct 10:54:23 072 - <b>0</b> - Page Load Wait: (Sync) - ICar.support.Utils.waitForPageLoad(Utils.java:109)</small> </font> </div>
<div class="test-event"> <font color="maroon"> <small> &emsp; &emsp;--- 16 Oct 10:54:31 375 - Catched spinner load exception due to Expected condition failed: waiting for ICar.support.WaitUtils$4@714addf7 (tried for 8 second(s) with 500 milliseconds interval)</small> </font> </div>
<div class="test-event"> <font color="maroon"> <small> &emsp; &emsp;--- 16 Oct 10:54:31 375 - <b>8</b> - Spinner Load Wait: (Sync) - ICar.support.WaitUtils.waitForSpinner(WaitUtils.java:225)</small> </font> </div>
<div class="test-event"> <font color="maroon"> <small> &emsp; &emsp;--- 16 Oct 10:54:31 419 - Element is displayed:: [[ChromeDriver: chrome on WINDOWS (2870104590402a14b08a018d29279aed)] -> xpath: //a[text()='Save as CSV']]</small> </font> </div>
<div class="test-event"> <font color="maroon"> <small> &emsp; &emsp;--- 16 Oct 10:54:33 522 - Element is displayed:: [[ChromeDriver: chrome on WINDOWS (2870104590402a14b08a018d29279aed)] -> xpath: //a[text()='Save as CSV']]</small> </font> </div>
<div class="test-message">&emsp;File download successful</div>
<div class="test-message">&emsp;Successfully verified the Columns name in csv&emsp;<a href=".\ScreenShot\ICar_BAM633_TC05_43642269411500.png" target="_blank" >[ScreenShot]</a></div>
<div class="test-result"><br><font color="green"><strong> Test Passed. </strong></font> </div>&emsp;
&emsp;<div class="test-title"> <strong><font size = "3" color = "#0000FF">---Test Execution Ends---</font> </strong> </div>&emsp;]]>
    </system-out>
  </testcase> <!-- ICar_BAM633_TC05 -->
  <testcase classname="BAM_Misc.BAMtestscripts" name="ICar_BAM776_TC02" time="394.533">
    <error message="Index 0 out of bounds for length 0" type="java.lang.IndexOutOfBoundsException">
      <![CDATA[java.lang.IndexOutOfBoundsException: Index 0 out of bounds for length 0
at java.base/jdk.internal.util.Preconditions.outOfBounds(Preconditions.java:64)
at java.base/jdk.internal.util.Preconditions.outOfBoundsCheckIndex(Preconditions.java:70)
at java.base/jdk.internal.util.Preconditions.checkIndex(Preconditions.java:266)
at java.base/java.util.Objects.checkIndex(Objects.java:359)
at java.base/java.util.ArrayList.get(ArrayList.java:427)
at java.base/jdk.internal.reflect.GeneratedMethodAccessor5.invoke(Unknown Source)
at java.base/jdk.internal.reflect.DelegatingMethodAccessorImpl.invoke(DelegatingMethodAccessorImpl.java:43)
at java.base/java.lang.reflect.Method.invoke(Method.java:567)
at org.openqa.selenium.support.pagefactory.internal.LocatingElementListHandler.invoke(LocatingElementListHandler.java:39)
at jdk.proxy2/jdk.proxy2.$Proxy26.get(Unknown Source)
at ICar.Pages.SalesForcePages.clickOnPlatiniumViewLink(SalesForcePages.java:6505)
at BAM_Misc.BAMtestscripts.ICar_BAM776_TC02(BAMtestscripts.java:1102)
at java.base/jdk.internal.reflect.NativeMethodAccessorImpl.invoke0(Native Method)
at java.base/jdk.internal.reflect.NativeMethodAccessorImpl.invoke(NativeMethodAccessorImpl.java:78)
at java.base/jdk.internal.reflect.DelegatingMethodAccessorImpl.invoke(DelegatingMethodAccessorImpl.java:43)
at java.base/java.lang.reflect.Method.invoke(Method.java:567)
at org.testng.internal.invokers.MethodInvocationHelper.invokeMethod(MethodInvocationHelper.java:139)
at org.testng.internal.invokers.TestInvoker.invokeMethod(TestInvoker.java:664)
at org.testng.internal.invokers.TestInvoker.invokeTestMethod(TestInvoker.java:227)
at org.testng.internal.invokers.TestMethodWithDataProviderMethodWorker.call(TestMethodWithDataProviderMethodWorker.java:80)
at org.testng.internal.invokers.TestMethodWithDataProviderMethodWorker.call(TestMethodWithDataProviderMethodWorker.java:17)
at java.base/java.util.concurrent.FutureTask.run(FutureTask.java:264)
at java.base/java.util.concurrent.Executors$RunnableAdapter.call(Executors.java:515)
at java.base/java.util.concurrent.FutureTask.run(FutureTask.java:264)
at java.base/java.util.concurrent.ThreadPoolExecutor.runWorker(ThreadPoolExecutor.java:1130)
at java.base/java.util.concurrent.ThreadPoolExecutor$Worker.run(ThreadPoolExecutor.java:630)
at java.base/java.lang.Thread.run(Thread.java:831)
]]>
    </error>
    <system-out>
      <![CDATA[<div class="test-event"> <font color="maroon"> <small> &emsp; &emsp;--- 16 Oct 11:11:59 557 - TestCaseID:: ICar_BAM776_TC02</small> </font> </div>
<div class="test-event"> <font color="maroon"> <small> &emsp; &emsp;--- 16 Oct 11:12:00 866 - <b>1</b> - Driver::initialize::Get - ICar.support.WebDriverFactory.getDriver(WebDriverFactory.java:640)</small> </font> </div>
&emsp;<div class="test-title"> <strong><font size = "3" color = "#000080">The platinum evaluator should run when: A shop renews gold class status</font> </strong> </div>&emsp;<div><strong>Steps:</strong></div><!-- Report -->&emsp;
<div class="test-event"> <font color="maroon"> <small> &emsp; &emsp;--- 16 Oct 11:12:07 717 - Page URL:: https://i-car--staging.sandbox.my.salesforce.com/</small> </font> </div>
<div class="test-event"> <font color="maroon"> <small> &emsp; &emsp;--- 16 Oct 11:12:07 717 - <b>0</b> - Page Load Wait: (Sync) - ICar.support.Utils.waitForPageLoad(Utils.java:109)</small> </font> </div>
<div class="test-message">&emsp;Successfully navigated to 'Login' Page&emsp;<a href=".\ScreenShot\ICar_BAM776_TC02_44695146561100.png" target="_blank" >[ScreenShot]</a></div>
<div class="test-message">&emsp;1. Login page is launched.</div>
<div class="test-event"> <font color="maroon"> <small> &emsp; &emsp;--- 16 Oct 11:12:08 380 - Element is displayed:: [[ChromeDriver: chrome on WINDOWS (520bb0b6765d0aa9b9fa97309937d505)] -> id: username]</small> </font> </div>
<div class="test-event"> <font color="maroon"> <small> &emsp; &emsp;--- 16 Oct 11:12:08 511 - Element is displayed:: [[ChromeDriver: chrome on WINDOWS (520bb0b6765d0aa9b9fa97309937d505)] -> id: username]</small> </font> </div>
<div class="test-event"> <font color="maroon"> <small> &emsp; &emsp;--- 16 Oct 11:12:08 769 - Element is displayed:: [[ChromeDriver: chrome on WINDOWS (520bb0b6765d0aa9b9fa97309937d505)] -> id: password]</small> </font> </div>
<div class="test-event"> <font color="maroon"> <small> &emsp; &emsp;--- 16 Oct 11:12:09 203 - Element is displayed:: [[ChromeDriver: chrome on WINDOWS (520bb0b6765d0aa9b9fa97309937d505)] -> id: Login]</small> </font> </div>
<div class="test-event"> <font color="maroon"> <small> &emsp; &emsp;--- 16 Oct 11:12:37 236 - Catched spinner load exception due to Expected condition failed: waiting for ICar.support.WaitUtils$4@714addf7 (tried for 13 second(s) with 500 milliseconds interval)</small> </font> </div>
<div class="test-event"> <font color="maroon"> <small> &emsp; &emsp;--- 16 Oct 11:12:37 236 - <b>13</b> - Spinner Load Wait: (Sync) - ICar.support.WaitUtils.waitForSpinner(WaitUtils.java:225)</small> </font> </div>
<div class="test-event"> <font color="maroon"> <small> &emsp; &emsp;--- 16 Oct 11:12:55 073 - Catched spinner load exception due to Expected condition failed: waiting for ICar.support.WaitUtils$4@714addf7 (tried for 6 second(s) with 500 milliseconds interval)</small> </font> </div>
<div class="test-event"> <font color="maroon"> <small> &emsp; &emsp;--- 16 Oct 11:12:55 073 - <b>6</b> - Spinner Load Wait: (Sync) - ICar.support.WaitUtils.waitForSpinner(WaitUtils.java:225)</small> </font> </div>
<div class="test-event"> <font color="maroon"> <small> &emsp; &emsp;--- 16 Oct 11:12:55 145 - Element is displayed:: [[ChromeDriver: chrome on WINDOWS (520bb0b6765d0aa9b9fa97309937d505)] -> css selector: button[class*='search-button']]</small> </font> </div>
<div class="test-message">&emsp;2. Navigate to 'SalesForce Page'</div>
<div class="test-event"> <font color="maroon"> <small> &emsp; &emsp;--- 16 Oct 11:12:55 438 - Page URL:: https://i-car--staging.sandbox.lightning.force.com/lightning/r/sked__job__c/a2mvc000000mt2vyae/view</small> </font> </div>
<div class="test-event"> <font color="maroon"> <small> &emsp; &emsp;--- 16 Oct 11:12:55 438 - <b>0</b> - Page Load Wait: (Sync) - ICar.support.Utils.waitForPageLoad(Utils.java:109)</small> </font> </div>
<div class="test-event"> <font color="maroon"> <small> &emsp; &emsp;--- 16 Oct 11:13:00 701 - Page URL:: https://i-car--staging.sandbox.lightning.force.com/lightning/r/sked__job__c/a2mvc000000mt2vyae/view</small> </font> </div>
<div class="test-event"> <font color="maroon"> <small> &emsp; &emsp;--- 16 Oct 11:13:00 701 - <b>0</b> - Page Load Wait: (Sync) - ICar.support.Utils.waitForPageLoad(Utils.java:109)</small> </font> </div>
<div class="test-message">&emsp;Successfully navigated to 'Login' Page&emsp;<a href=".\ScreenShot\ICar_BAM776_TC02_44752265694700.png" target="_blank" >[ScreenShot]</a></div>
<div class="test-message">&emsp;3. Enter the user credentials as : icaradminautomation3@i-car.com.staging</div>
<div class="test-event"> <font color="maroon"> <small> &emsp; &emsp;--- 16 Oct 11:13:05 392 - Page URL:: https://i-car--staging.sandbox.lightning.force.com/lightning/r/sked__job__c/a2mvc000000mt2vyae/view</small> </font> </div>
<div class="test-event"> <font color="maroon"> <small> &emsp; &emsp;--- 16 Oct 11:13:05 392 - <b>0</b> - Page Load Wait: (Sync) - ICar.support.Utils.waitForPageLoad(Utils.java:109)</small> </font> </div>
<div class="test-event"> <font color="maroon"> <small> &emsp; &emsp;--- 16 Oct 11:13:10 809 - Page URL:: https://i-car--staging.sandbox.lightning.force.com/lightning/o/account/list?filtername=accounts</small> </font> </div>
<div class="test-event"> <font color="maroon"> <small> &emsp; &emsp;--- 16 Oct 11:13:10 809 - <b>0</b> - Page Load Wait: (Sync) - ICar.support.Utils.waitForPageLoad(Utils.java:109)</small> </font> </div>
<div class="test-message">&emsp;Close the tab</div>
<div class="test-event"> <font color="maroon"> <small> &emsp; &emsp;--- 16 Oct 11:13:16 419 - Page URL:: https://i-car--staging.sandbox.lightning.force.com/lightning/o/account/list?filtername=accounts</small> </font> </div>
<div class="test-event"> <font color="maroon"> <small> &emsp; &emsp;--- 16 Oct 11:13:16 419 - <b>0</b> - Page Load Wait: (Sync) - ICar.support.Utils.waitForPageLoad(Utils.java:109)</small> </font> </div>
<div class="test-event"> <font color="maroon"> <small> &emsp; &emsp;--- 16 Oct 11:13:16 456 - Element is displayed:: [[ChromeDriver: chrome on WINDOWS (520bb0b6765d0aa9b9fa97309937d505)] -> css selector: button[class*='search-button']]</small> </font> </div>
<div class="test-event"> <font color="maroon"> <small> &emsp; &emsp;--- 16 Oct 11:13:18 566 - Catched spinner load exception due to Expected condition failed: waiting for ICar.support.WaitUtils$4@714addf7 (tried for 2 second(s) with 500 milliseconds interval)</small> </font> </div>
<div class="test-event"> <font color="maroon"> <small> &emsp; &emsp;--- 16 Oct 11:13:18 566 - <b>2</b> - Spinner Load Wait: (Sync) - ICar.support.WaitUtils.waitForSpinner(WaitUtils.java:225)</small> </font> </div>
<div class="test-event"> <font color="maroon"> <small> &emsp; &emsp;--- 16 Oct 11:13:21 632 - Element is displayed:: [[ChromeDriver: chrome on WINDOWS (520bb0b6765d0aa9b9fa97309937d505)] -> css selector: button[class*='search-button']]</small> </font> </div>
<div class="test-event"> <font color="maroon"> <small> &emsp; &emsp;--- 16 Oct 11:13:22 252 - Page URL:: https://i-car--staging.sandbox.lightning.force.com/lightning/o/account/list?filtername=accounts</small> </font> </div>
<div class="test-event"> <font color="maroon"> <small> &emsp; &emsp;--- 16 Oct 11:13:22 252 - <b>0</b> - Page Load Wait: (Sync) - ICar.support.Utils.waitForPageLoad(Utils.java:109)</small> </font> </div>
<div class="test-event"> <font color="maroon"> <small> &emsp; &emsp;--- 16 Oct 11:13:42 111 - Catched spinner load exception due to Expected condition failed: waiting for ICar.support.WaitUtils$4@714addf7 (tried for 10 second(s) with 500 milliseconds interval)</small> </font> </div>
<div class="test-event"> <font color="maroon"> <small> &emsp; &emsp;--- 16 Oct 11:13:42 111 - <b>10</b> - Spinner Load Wait: (Sync) - ICar.support.WaitUtils.waitForSpinner(WaitUtils.java:225)</small> </font> </div>
<div class="test-event"> <font color="maroon"> <small> &emsp; &emsp;--- 16 Oct 11:13:43 584 - Page URL:: https://i-car--staging.sandbox.lightning.force.com/one/one.app#eyjjb21wb25lbnrezwyioijmb3jjzvnlyxjjadpzzwfyy2hqywdlrgvza3rvccisimf0dhjpynv0zxmionsidgvybsi6ikdyb3nzasamiefzc29jawf0zxmsieluyyisinnjb3bltwfwijp7inr5cguioijut1bfukvtvuxuuyisim5hbwvzcgfjzsi6iiisimxhymvsijoivg9wifjlc3vsdhmilcjsywjlbfbsdxjhbci6ilrvccbszxn1bhrziiwicmvzdwx0c0ntcci6imzvcmnlu2vhcmnoonbyzwrpy3rlzfjlc3vsdhmifswiy29udgv4dci6eyjgsuxurvjtijp7fswic2vhcmnou291cmnlijoiqvntsvnuqu5ux0rjquxpryisimrpc2fibgvjbnrlbnrrdwvyesi6zmfsc2usimrpc2fibgvtcgvsbenvcnjly3rpb24iomzhbhnllcjzzwfyy2heawfsb2dtzxnzaw9uswqioii1mdmzoda5ns1jodvjlwvhnjytngu1ni0xotqyyzy5zji1n2qilcjkzwj1z0luzm8ionsiyxbwtmftzsi6ikldyxjfu2vydmljzv9db25zb2xliiwiyxbwvhlwzsi6iknvbnnvbguilcjhchboyw1lc3bhy2uioijjiiwibg9jyxrpb24ioijmb3jjztpvymply3rib21lrgvza3rvccisinnvymply3ruexblijoiqwnjb3vudcj9fswiz3jvdxbjzci6ikrfrkfvtfqifswic3rhdguiont9fq%3d%3d</small> </font> </div>
<div class="test-event"> <font color="maroon"> <small> &emsp; &emsp;--- 16 Oct 11:13:43 584 - <b>1</b> - Page Load Wait: (Sync) - ICar.support.Utils.waitForPageLoad(Utils.java:109)</small> </font> </div>
<div class="test-event"> <font color="maroon"> <small> &emsp; &emsp;--- 16 Oct 11:13:55 097 - Catched spinner load exception due to Expected condition failed: waiting for ICar.support.WaitUtils$4@714addf7 (tried for 11 second(s) with 500 milliseconds interval)</small> </font> </div>
<div class="test-event"> <font color="maroon"> <small> &emsp; &emsp;--- 16 Oct 11:13:55 097 - <b>11</b> - Spinner Load Wait: (Sync) - ICar.support.WaitUtils.waitForSpinner(WaitUtils.java:225)</small> </font> </div>
<div class="test-event"> <font color="maroon"> <small> &emsp; &emsp;--- 16 Oct 11:13:56 510 - Page URL:: https://i-car--staging.sandbox.lightning.force.com/one/one.app#eyjjb21wb25lbnrezwyioijmb3jjzvnlyxjjadpzzwfyy2hqywdlrgvza3rvccisimf0dhjpynv0zxmionsidgvybsi6ikdyb3nzasamiefzc29jawf0zxmsieluyyisinnjb3bltwfwijp7inr5cguioijut1bfukvtvuxuuyisim5hbwvzcgfjzsi6iiisimxhymvsijoivg9wifjlc3vsdhmilcjsywjlbfbsdxjhbci6ilrvccbszxn1bhrziiwicmvzdwx0c0ntcci6imzvcmnlu2vhcmnoonbyzwrpy3rlzfjlc3vsdhmifswiy29udgv4dci6eyjgsuxurvjtijp7fswic2vhcmnou291cmnlijoiqvntsvnuqu5ux0rjquxpryisimrpc2fibgvjbnrlbnrrdwvyesi6zmfsc2usimrpc2fibgvtcgvsbenvcnjly3rpb24iomzhbhnllcjzzwfyy2heawfsb2dtzxnzaw9uswqioii1mdmzoda5ns1jodvjlwvhnjytngu1ni0xotqyyzy5zji1n2qilcjkzwj1z0luzm8ionsiyxbwtmftzsi6ikldyxjfu2vydmljzv9db25zb2xliiwiyxbwvhlwzsi6iknvbnnvbguilcjhchboyw1lc3bhy2uioijjiiwibg9jyxrpb24ioijmb3jjztpvymply3rib21lrgvza3rvccisinnvymply3ruexblijoiqwnjb3vudcj9fswiz3jvdxbjzci6ikrfrkfvtfqifswic3rhdguiont9fq%3d%3d</small> </font> </div>
<div class="test-event"> <font color="maroon"> <small> &emsp; &emsp;--- 16 Oct 11:13:56 510 - <b>1</b> - Page Load Wait: (Sync) - ICar.support.Utils.waitForPageLoad(Utils.java:109)</small> </font> </div>
<div class="test-event"> <font color="maroon"> <small> &emsp; &emsp;--- 16 Oct 11:13:56 582 - Element is displayed:: [[ChromeDriver: chrome on WINDOWS (520bb0b6765d0aa9b9fa97309937d505)] -> xpath: //a[@title='Top Results']//span[text()='Top Results']]</small> </font> </div>
<div class="test-event"> <font color="maroon"> <small> &emsp; &emsp;--- 16 Oct 11:13:57 080 - Page URL:: https://i-car--staging.sandbox.lightning.force.com/one/one.app#eyjjb21wb25lbnrezwyioijmb3jjzvnlyxjjadpzzwfyy2hqywdlrgvza3rvccisimf0dhjpynv0zxmionsidgvybsi6ikdyb3nzasamiefzc29jawf0zxmsieluyyisinnjb3bltwfwijp7inr5cguioijut1bfukvtvuxuuyisim5hbwvzcgfjzsi6iiisimxhymvsijoivg9wifjlc3vsdhmilcjsywjlbfbsdxjhbci6ilrvccbszxn1bhrziiwicmvzdwx0c0ntcci6imzvcmnlu2vhcmnoonbyzwrpy3rlzfjlc3vsdhmifswiy29udgv4dci6eyjgsuxurvjtijp7fswic2vhcmnou291cmnlijoiqvntsvnuqu5ux0rjquxpryisimrpc2fibgvjbnrlbnrrdwvyesi6zmfsc2usimrpc2fibgvtcgvsbenvcnjly3rpb24iomzhbhnllcjzzwfyy2heawfsb2dtzxnzaw9uswqioii1mdmzoda5ns1jodvjlwvhnjytngu1ni0xotqyyzy5zji1n2qilcjkzwj1z0luzm8ionsiyxbwtmftzsi6ikldyxjfu2vydmljzv9db25zb2xliiwiyxbwvhlwzsi6iknvbnnvbguilcjhchboyw1lc3bhy2uioijjiiwibg9jyxrpb24ioijmb3jjztpvymply3rib21lrgvza3rvccisinnvymply3ruexblijoiqwnjb3vudcj9fswiz3jvdxbjzci6ikrfrkfvtfqifswic3rhdguiont9fq%3d%3d</small> </font> </div>
<div class="test-event"> <font color="maroon"> <small> &emsp; &emsp;--- 16 Oct 11:13:57 080 - <b>0</b> - Page Load Wait: (Sync) - ICar.support.Utils.waitForPageLoad(Utils.java:109)</small> </font> </div>
<div class="test-event"> <font color="maroon"> <small> &emsp; &emsp;--- 16 Oct 11:14:02 080 - Catched spinner load exception due to Expected condition failed: waiting for ICar.support.WaitUtils$4@714addf7 (tried for 5 second(s) with 500 milliseconds interval)</small> </font> </div>
<div class="test-event"> <font color="maroon"> <small> &emsp; &emsp;--- 16 Oct 11:14:02 080 - <b>5</b> - Spinner Load Wait: (Sync) - ICar.support.WaitUtils.waitForSpinner(WaitUtils.java:225)</small> </font> </div>
<div class="test-event"> <font color="maroon"> <small> &emsp; &emsp;--- 16 Oct 11:14:03 508 - Page URL:: https://i-car--staging.sandbox.lightning.force.com/one/one.app#eyjjb21wb25lbnrezwyioijmb3jjzvnlyxjjadpzzwfyy2hqywdlrgvza3rvccisimf0dhjpynv0zxmionsidgvybsi6ikdyb3nzasamiefzc29jawf0zxmsieluyyisinnjb3bltwfwijp7inr5cguioijut1bfukvtvuxuuyisim5hbwvzcgfjzsi6iiisimxhymvsijoivg9wifjlc3vsdhmilcjsywjlbfbsdxjhbci6ilrvccbszxn1bhrziiwicmvzdwx0c0ntcci6imzvcmnlu2vhcmnoonbyzwrpy3rlzfjlc3vsdhmifswiy29udgv4dci6eyjgsuxurvjtijp7fswic2vhcmnou291cmnlijoiqvntsvnuqu5ux0rjquxpryisimrpc2fibgvjbnrlbnrrdwvyesi6zmfsc2usimrpc2fibgvtcgvsbenvcnjly3rpb24iomzhbhnllcjzzwfyy2heawfsb2dtzxnzaw9uswqioii1mdmzoda5ns1jodvjlwvhnjytngu1ni0xotqyyzy5zji1n2qilcjkzwj1z0luzm8ionsiyxbwtmftzsi6ikldyxjfu2vydmljzv9db25zb2xliiwiyxbwvhlwzsi6iknvbnnvbguilcjhchboyw1lc3bhy2uioijjiiwibg9jyxrpb24ioijmb3jjztpvymply3rib21lrgvza3rvccisinnvymply3ruexblijoiqwnjb3vudcj9fswiz3jvdxbjzci6ikrfrkfvtfqifswic3rhdguiont9fq%3d%3d</small> </font> </div>
<div class="test-event"> <font color="maroon"> <small> &emsp; &emsp;--- 16 Oct 11:14:03 508 - <b>1</b> - Page Load Wait: (Sync) - ICar.support.Utils.waitForPageLoad(Utils.java:109)</small> </font> </div>
<div class="test-event"> <font color="maroon"> <small> &emsp; &emsp;--- 16 Oct 11:14:04 953 - Page URL:: https://i-car--staging.sandbox.lightning.force.com/one/one.app#eyjjb21wb25lbnrezwyioijmb3jjzvnlyxjjadpzzwfyy2hqywdlrgvza3rvccisimf0dhjpynv0zxmionsidgvybsi6ikdyb3nzasamiefzc29jawf0zxmsieluyyisinnjb3bltwfwijp7inr5cguioijut1bfukvtvuxuuyisim5hbwvzcgfjzsi6iiisimxhymvsijoivg9wifjlc3vsdhmilcjsywjlbfbsdxjhbci6ilrvccbszxn1bhrziiwicmvzdwx0c0ntcci6imzvcmnlu2vhcmnoonbyzwrpy3rlzfjlc3vsdhmifswiy29udgv4dci6eyjgsuxurvjtijp7fswic2vhcmnou291cmnlijoiqvntsvnuqu5ux0rjquxpryisimrpc2fibgvjbnrlbnrrdwvyesi6zmfsc2usimrpc2fibgvtcgvsbenvcnjly3rpb24iomzhbhnllcjzzwfyy2heawfsb2dtzxnzaw9uswqioii1mdmzoda5ns1jodvjlwvhnjytngu1ni0xotqyyzy5zji1n2qilcjkzwj1z0luzm8ionsiyxbwtmftzsi6ikldyxjfu2vydmljzv9db25zb2xliiwiyxbwvhlwzsi6iknvbnnvbguilcjhchboyw1lc3bhy2uioijjiiwibg9jyxrpb24ioijmb3jjztpvymply3rib21lrgvza3rvccisinnvymply3ruexblijoiqwnjb3vudcj9fswiz3jvdxbjzci6ikrfrkfvtfqifswic3rhdguiont9fq%3d%3d</small> </font> </div>
<div class="test-event"> <font color="maroon"> <small> &emsp; &emsp;--- 16 Oct 11:14:04 953 - <b>1</b> - Page Load Wait: (Sync) - ICar.support.Utils.waitForPageLoad(Utils.java:109)</small> </font> </div>
<div class="test-event"> <font color="maroon"> <small> &emsp; &emsp;--- 16 Oct 11:14:06 383 - Page URL:: https://i-car--staging.sandbox.lightning.force.com/one/one.app#eyjjb21wb25lbnrezwyioijmb3jjzvnlyxjjadpzzwfyy2hqywdlrgvza3rvccisimf0dhjpynv0zxmionsidgvybsi6ikdyb3nzasamiefzc29jawf0zxmsieluyyisinnjb3bltwfwijp7inr5cguioijut1bfukvtvuxuuyisim5hbwvzcgfjzsi6iiisimxhymvsijoivg9wifjlc3vsdhmilcjsywjlbfbsdxjhbci6ilrvccbszxn1bhrziiwicmvzdwx0c0ntcci6imzvcmnlu2vhcmnoonbyzwrpy3rlzfjlc3vsdhmifswiy29udgv4dci6eyjgsuxurvjtijp7fswic2vhcmnou291cmnlijoiqvntsvnuqu5ux0rjquxpryisimrpc2fibgvjbnrlbnrrdwvyesi6zmfsc2usimrpc2fibgvtcgvsbenvcnjly3rpb24iomzhbhnllcjzzwfyy2heawfsb2dtzxnzaw9uswqioii1mdmzoda5ns1jodvjlwvhnjytngu1ni0xotqyyzy5zji1n2qilcjkzwj1z0luzm8ionsiyxbwtmftzsi6ikldyxjfu2vydmljzv9db25zb2xliiwiyxbwvhlwzsi6iknvbnnvbguilcjhchboyw1lc3bhy2uioijjiiwibg9jyxrpb24ioijmb3jjztpvymply3rib21lrgvza3rvccisinnvymply3ruexblijoiqwnjb3vudcj9fswiz3jvdxbjzci6ikrfrkfvtfqifswic3rhdguiont9fq%3d%3d</small> </font> </div>
<div class="test-event"> <font color="maroon"> <small> &emsp; &emsp;--- 16 Oct 11:14:06 383 - <b>1</b> - Page Load Wait: (Sync) - ICar.support.Utils.waitForPageLoad(Utils.java:109)</small> </font> </div>
<div class="test-event"> <font color="maroon"> <small> &emsp; &emsp;--- 16 Oct 11:14:16 387 - Catched spinner load exception due to Expected condition failed: waiting for ICar.support.WaitUtils$4@714addf7 (tried for 10 second(s) with 500 milliseconds interval)</small> </font> </div>
<div class="test-event"> <font color="maroon"> <small> &emsp; &emsp;--- 16 Oct 11:14:16 387 - <b>10</b> - Spinner Load Wait: (Sync) - ICar.support.WaitUtils.waitForSpinner(WaitUtils.java:225)</small> </font> </div>
<div class="test-event"> <font color="maroon"> <small> &emsp; &emsp;--- 16 Oct 11:14:16 424 - Element is displayed:: [[ChromeDriver: chrome on WINDOWS (520bb0b6765d0aa9b9fa97309937d505)] -> css selector: div.forceSearchResultsRegion div.resultsMultiWrapper >div > div table tbody th a]</small> </font> </div>
<div class="test-event"> <font color="maroon"> <small> &emsp; &emsp;--- 16 Oct 11:14:16 529 - Element is displayed:: [[ChromeDriver: chrome on WINDOWS (520bb0b6765d0aa9b9fa97309937d505)] -> css selector: div.forceSearchResultsRegion div.resultsMultiWrapper >div > div table tbody th a]</small> </font> </div>
<div class="test-message">&emsp;4. click on Account : Grossi & Associates, Inc</div>
<div class="test-event"> <font color="maroon"> <small> &emsp; &emsp;--- 16 Oct 11:14:18 161 - Page URL:: https://i-car--staging.sandbox.lightning.force.com/one/one.app#eyjjb21wb25lbnrezwyioijmb3jjzvnlyxjjadpzzwfyy2hqywdlrgvza3rvccisimf0dhjpynv0zxmionsidgvybsi6ikdyb3nzasamiefzc29jawf0zxmsieluyyisinnjb3bltwfwijp7inr5cguioijut1bfukvtvuxuuyisim5hbwvzcgfjzsi6iiisimxhymvsijoivg9wifjlc3vsdhmilcjsywjlbfbsdxjhbci6ilrvccbszxn1bhrziiwicmvzdwx0c0ntcci6imzvcmnlu2vhcmnoonbyzwrpy3rlzfjlc3vsdhmifswiy29udgv4dci6eyjgsuxurvjtijp7fswic2vhcmnou291cmnlijoiqvntsvnuqu5ux0rjquxpryisimrpc2fibgvjbnrlbnrrdwvyesi6zmfsc2usimrpc2fibgvtcgvsbenvcnjly3rpb24iomzhbhnllcjzzwfyy2heawfsb2dtzxnzaw9uswqioii1mdmzoda5ns1jodvjlwvhnjytngu1ni0xotqyyzy5zji1n2qilcjkzwj1z0luzm8ionsiyxbwtmftzsi6ikldyxjfu2vydmljzv9db25zb2xliiwiyxbwvhlwzsi6iknvbnnvbguilcjhchboyw1lc3bhy2uioijjiiwibg9jyxrpb24ioijmb3jjztpvymply3rib21lrgvza3rvccisinnvymply3ruexblijoiqwnjb3vudcj9fswiz3jvdxbjzci6ikrfrkfvtfqifswic3rhdguiont9fq%3d%3d</small> </font> </div>
<div class="test-event"> <font color="maroon"> <small> &emsp; &emsp;--- 16 Oct 11:14:18 161 - <b>1</b> - Page Load Wait: (Sync) - ICar.support.Utils.waitForPageLoad(Utils.java:109)</small> </font> </div>
<div class="test-event"> <font color="maroon"> <small> &emsp; &emsp;--- 16 Oct 11:14:33 410 - Catched spinner load exception due to Expected condition failed: waiting for ICar.support.WaitUtils$4@714addf7 (tried for 15 second(s) with 500 milliseconds interval)</small> </font> </div>
<div class="test-event"> <font color="maroon"> <small> &emsp; &emsp;--- 16 Oct 11:14:33 410 - <b>15</b> - Spinner Load Wait: (Sync) - ICar.support.WaitUtils.waitForSpinner(WaitUtils.java:225)</small> </font> </div>
<div class="test-event"> <font color="maroon"> <small> &emsp; &emsp;--- 16 Oct 11:14:34 790 - Page URL:: https://i-car--staging.sandbox.lightning.force.com/lightning/r/account/0011i00000uwf9rqae/view</small> </font> </div>
<div class="test-event"> <font color="maroon"> <small> &emsp; &emsp;--- 16 Oct 11:14:34 790 - <b>1</b> - Page Load Wait: (Sync) - ICar.support.Utils.waitForPageLoad(Utils.java:109)</small> </font> </div>
<div class="test-event"> <font color="maroon"> <small> &emsp; &emsp;--- 16 Oct 11:14:36 923 - Element is displayed:: [[ChromeDriver: chrome on WINDOWS (520bb0b6765d0aa9b9fa97309937d505)] -> xpath: //a[@id='detailTab__item']]</small> </font> </div>
<div class="test-event"> <font color="maroon"> <small> &emsp; &emsp;--- 16 Oct 11:14:38 247 - Page URL:: https://i-car--staging.sandbox.lightning.force.com/lightning/r/account/0011i00000uwf9rqae/view</small> </font> </div>
<div class="test-event"> <font color="maroon"> <small> &emsp; &emsp;--- 16 Oct 11:14:38 247 - <b>1</b> - Page Load Wait: (Sync) - ICar.support.Utils.waitForPageLoad(Utils.java:109)</small> </font> </div>
<div class="test-event"> <font color="maroon"> <small> &emsp; &emsp;--- 16 Oct 11:14:53 434 - Catched spinner load exception due to Expected condition failed: waiting for ICar.support.WaitUtils$4@714addf7 (tried for 15 second(s) with 500 milliseconds interval)</small> </font> </div>
<div class="test-event"> <font color="maroon"> <small> &emsp; &emsp;--- 16 Oct 11:14:53 434 - <b>15</b> - Spinner Load Wait: (Sync) - ICar.support.WaitUtils.waitForSpinner(WaitUtils.java:225)</small> </font> </div>
<div class="test-event"> <font color="maroon"> <small> &emsp; &emsp;--- 16 Oct 11:14:54 741 - Page URL:: https://i-car--staging.sandbox.lightning.force.com/lightning/r/account/0011i00000uwf9rqae/view</small> </font> </div>
<div class="test-event"> <font color="maroon"> <small> &emsp; &emsp;--- 16 Oct 11:14:54 741 - <b>1</b> - Page Load Wait: (Sync) - ICar.support.Utils.waitForPageLoad(Utils.java:109)</small> </font> </div>
<div class="test-event"> <font color="maroon"> <small> &emsp; &emsp;--- 16 Oct 11:14:55 970 - Page URL:: https://i-car--staging.sandbox.lightning.force.com/lightning/r/account/0011i00000uwf9rqae/view</small> </font> </div>
<div class="test-event"> <font color="maroon"> <small> &emsp; &emsp;--- 16 Oct 11:14:55 970 - <b>1</b> - Page Load Wait: (Sync) - ICar.support.Utils.waitForPageLoad(Utils.java:109)</small> </font> </div>
<div class="test-event"> <font color="maroon"> <small> &emsp; &emsp;--- 16 Oct 11:15:19 757 - Unable to find an element after 5 sec ==> Proxy element for: AjaxElementLocator 'By.xpath: //button[@title='Edit Gold Class Renewal Date']'</small> </font> </div>
<div class="test-message">&emsp;Exception occurred  org.openqa.selenium.NoSuchElementException: Timed out after 3 seconds. Unable to locate the element</div>
<div class="test-message">&emsp;5.IS gold checked</div>
<div class="test-event"> <font color="maroon"> <small> &emsp; &emsp;--- 16 Oct 11:15:24 139 - Page URL:: https://i-car--staging.sandbox.lightning.force.com/lightning/r/account/0011i00000uwf9rqae/view</small> </font> </div>
<div class="test-event"> <font color="maroon"> <small> &emsp; &emsp;--- 16 Oct 11:15:24 140 - <b>1</b> - Page Load Wait: (Sync) - ICar.support.Utils.waitForPageLoad(Utils.java:109)</small> </font> </div>
<div class="test-event"> <font color="maroon"> <small> &emsp; &emsp;--- 16 Oct 11:15:32 511 - Catched spinner load exception due to Expected condition failed: waiting for ICar.support.WaitUtils$4@714addf7 (tried for 8 second(s) with 500 milliseconds interval)</small> </font> </div>
<div class="test-event"> <font color="maroon"> <small> &emsp; &emsp;--- 16 Oct 11:15:32 511 - <b>8</b> - Spinner Load Wait: (Sync) - ICar.support.WaitUtils.waitForSpinner(WaitUtils.java:225)</small> </font> </div>
<div class="test-event"> <font color="maroon"> <small> &emsp; &emsp;--- 16 Oct 11:15:33 803 - Page URL:: https://i-car--staging.sandbox.lightning.force.com/lightning/r/account/0011i00000uwf9rqae/view</small> </font> </div>
<div class="test-event"> <font color="maroon"> <small> &emsp; &emsp;--- 16 Oct 11:15:33 803 - <b>1</b> - Page Load Wait: (Sync) - ICar.support.Utils.waitForPageLoad(Utils.java:109)</small> </font> </div>
<div class="test-event"> <font color="maroon"> <small> &emsp; &emsp;--- 16 Oct 11:15:35 108 - Page URL:: https://i-car--staging.sandbox.lightning.force.com/lightning/r/account/0011i00000uwf9rqae/view</small> </font> </div>
<div class="test-event"> <font color="maroon"> <small> &emsp; &emsp;--- 16 Oct 11:15:35 108 - <b>1</b> - Page Load Wait: (Sync) - ICar.support.Utils.waitForPageLoad(Utils.java:109)</small> </font> </div>
<div class="test-event"> <font color="maroon"> <small> &emsp; &emsp;--- 16 Oct 11:15:43 515 - Catched spinner load exception due to Expected condition failed: waiting for ICar.support.WaitUtils$4@714addf7 (tried for 8 second(s) with 500 milliseconds interval)</small> </font> </div>
<div class="test-event"> <font color="maroon"> <small> &emsp; &emsp;--- 16 Oct 11:15:43 515 - <b>8</b> - Spinner Load Wait: (Sync) - ICar.support.WaitUtils.waitForSpinner(WaitUtils.java:225)</small> </font> </div>
<div class="test-event"> <font color="maroon"> <small> &emsp; &emsp;--- 16 Oct 11:15:44 833 - Page URL:: https://i-car--staging.sandbox.lightning.force.com/lightning/r/account/0011i00000uwf9rqae/view</small> </font> </div>
<div class="test-event"> <font color="maroon"> <small> &emsp; &emsp;--- 16 Oct 11:15:44 833 - <b>1</b> - Page Load Wait: (Sync) - ICar.support.Utils.waitForPageLoad(Utils.java:109)</small> </font> </div>
<div class="test-event"> <font color="maroon"> <small> &emsp; &emsp;--- 16 Oct 11:15:47 036 - Element is displayed:: [[ChromeDriver: chrome on WINDOWS (520bb0b6765d0aa9b9fa97309937d505)] -> xpath: //ul[@class='slds-button-group-list']/li[4]//button]</small> </font> </div>
<div class="test-event"> <font color="maroon"> <small> &emsp; &emsp;--- 16 Oct 11:15:47 129 - Element is displayed:: [[ChromeDriver: chrome on WINDOWS (520bb0b6765d0aa9b9fa97309937d505)] -> xpath: //ul[@class='slds-button-group-list']/li[4]//button]</small> </font> </div>
<div class="test-event"> <font color="maroon"> <small> &emsp; &emsp;--- 16 Oct 11:15:48 516 - Page URL:: https://i-car--staging.sandbox.lightning.force.com/lightning/r/account/0011i00000uwf9rqae/view</small> </font> </div>
<div class="test-event"> <font color="maroon"> <small> &emsp; &emsp;--- 16 Oct 11:15:48 517 - <b>1</b> - Page Load Wait: (Sync) - ICar.support.Utils.waitForPageLoad(Utils.java:109)</small> </font> </div>
<div class="test-event"> <font color="maroon"> <small> &emsp; &emsp;--- 16 Oct 11:15:56 923 - Catched spinner load exception due to Expected condition failed: waiting for ICar.support.WaitUtils$4@714addf7 (tried for 8 second(s) with 500 milliseconds interval)</small> </font> </div>
<div class="test-event"> <font color="maroon"> <small> &emsp; &emsp;--- 16 Oct 11:15:56 923 - <b>8</b> - Spinner Load Wait: (Sync) - ICar.support.WaitUtils.waitForSpinner(WaitUtils.java:225)</small> </font> </div>
<div class="test-event"> <font color="maroon"> <small> &emsp; &emsp;--- 16 Oct 11:15:59 032 - Element is displayed:: [[ChromeDriver: chrome on WINDOWS (520bb0b6765d0aa9b9fa97309937d505)] -> xpath: //lightning-menu-item[contains(@data-target-selection-name,'Account.Gold_Class_Status')]//a]</small> </font> </div>
<div class="test-event"> <font color="maroon"> <small> &emsp; &emsp;--- 16 Oct 11:16:00 644 - Page URL:: https://i-car--staging.sandbox.lightning.force.com/lightning/r/account/0011i00000uwf9rqae/view</small> </font> </div>
<div class="test-event"> <font color="maroon"> <small> &emsp; &emsp;--- 16 Oct 11:16:00 644 - <b>1</b> - Page Load Wait: (Sync) - ICar.support.Utils.waitForPageLoad(Utils.java:109)</small> </font> </div>
<div class="test-event"> <font color="maroon"> <small> &emsp; &emsp;--- 16 Oct 11:16:02 135 - Page URL:: https://i-car--staging.sandbox.lightning.force.com/lightning/r/account/0011i00000uwf9rqae/view</small> </font> </div>
<div class="test-event"> <font color="maroon"> <small> &emsp; &emsp;--- 16 Oct 11:16:02 135 - <b>1</b> - Page Load Wait: (Sync) - ICar.support.Utils.waitForPageLoad(Utils.java:109)</small> </font> </div>
<div class="test-event"> <font color="maroon"> <small> &emsp; &emsp;--- 16 Oct 11:16:17 245 - Catched spinner load exception due to Expected condition failed: waiting for ICar.support.WaitUtils$4@714addf7 (tried for 15 second(s) with 500 milliseconds interval)</small> </font> </div>
<div class="test-event"> <font color="maroon"> <small> &emsp; &emsp;--- 16 Oct 11:16:17 245 - <b>15</b> - Spinner Load Wait: (Sync) - ICar.support.WaitUtils.waitForSpinner(WaitUtils.java:225)</small> </font> </div>
<div class="test-event"> <font color="maroon"> <small> &emsp; &emsp;--- 16 Oct 11:16:18 606 - Page URL:: https://i-car--staging.sandbox.lightning.force.com/lightning/r/account/0011i00000uwf9rqae/view</small> </font> </div>
<div class="test-event"> <font color="maroon"> <small> &emsp; &emsp;--- 16 Oct 11:16:18 607 - <b>1</b> - Page Load Wait: (Sync) - ICar.support.Utils.waitForPageLoad(Utils.java:109)</small> </font> </div>
<div class="test-event"> <font color="maroon"> <small> &emsp; &emsp;--- 16 Oct 11:16:18 702 - Element is displayed:: [[ChromeDriver: chrome on WINDOWS (520bb0b6765d0aa9b9fa97309937d505)] -> xpath: //*[text()='Evaluate Now']]</small> </font> </div>
<div class="test-event"> <font color="maroon"> <small> &emsp; &emsp;--- 16 Oct 11:16:20 216 - Page URL:: https://i-car--staging.sandbox.lightning.force.com/lightning/r/account/0011i00000uwf9rqae/view</small> </font> </div>
<div class="test-event"> <font color="maroon"> <small> &emsp; &emsp;--- 16 Oct 11:16:20 217 - <b>1</b> - Page Load Wait: (Sync) - ICar.support.Utils.waitForPageLoad(Utils.java:109)</small> </font> </div>
<div class="test-event"> <font color="maroon"> <small> &emsp; &emsp;--- 16 Oct 11:16:35 297 - Catched spinner load exception due to Expected condition failed: waiting for ICar.support.WaitUtils$4@714addf7 (tried for 15 second(s) with 500 milliseconds interval)</small> </font> </div>
<div class="test-event"> <font color="maroon"> <small> &emsp; &emsp;--- 16 Oct 11:16:35 297 - <b>15</b> - Spinner Load Wait: (Sync) - ICar.support.WaitUtils.waitForSpinner(WaitUtils.java:225)</small> </font> </div>
<div class="test-event"> <font color="maroon"> <small> &emsp; &emsp;--- 16 Oct 11:16:36 693 - Page URL:: https://i-car--staging.sandbox.lightning.force.com/lightning/r/account/0011i00000uwf9rqae/view</small> </font> </div>
<div class="test-event"> <font color="maroon"> <small> &emsp; &emsp;--- 16 Oct 11:16:36 693 - <b>1</b> - Page Load Wait: (Sync) - ICar.support.Utils.waitForPageLoad(Utils.java:109)</small> </font> </div>
<div class="test-message">&emsp;6. Clicked the Evaluate now button</div>
<div class="test-event"> <font color="maroon"> <small> &emsp; &emsp;--- 16 Oct 11:16:36 784 - Element is displayed:: [[ChromeDriver: chrome on WINDOWS (520bb0b6765d0aa9b9fa97309937d505)] -> xpath: //button[contains(@class,'CancelButton')]]</small> </font> </div>
<div class="test-event"> <font color="maroon"> <small> &emsp; &emsp;--- 16 Oct 11:16:38 320 - Page URL:: https://i-car--staging.sandbox.lightning.force.com/lightning/r/account/0011i00000uwf9rqae/view</small> </font> </div>
<div class="test-event"> <font color="maroon"> <small> &emsp; &emsp;--- 16 Oct 11:16:38 320 - <b>1</b> - Page Load Wait: (Sync) - ICar.support.Utils.waitForPageLoad(Utils.java:109)</small> </font> </div>
<div class="test-event"> <font color="maroon"> <small> &emsp; &emsp;--- 16 Oct 11:16:39 898 - Page URL:: https://i-car--staging.sandbox.lightning.force.com/lightning/r/account/0011i00000uwf9rqae/view</small> </font> </div>
<div class="test-event"> <font color="maroon"> <small> &emsp; &emsp;--- 16 Oct 11:16:39 899 - <b>1</b> - Page Load Wait: (Sync) - ICar.support.Utils.waitForPageLoad(Utils.java:109)</small> </font> </div>
<div class="test-event"> <font color="maroon"> <small> &emsp; &emsp;--- 16 Oct 11:16:46 471 - Page URL:: https://i-car--staging.sandbox.lightning.force.com/lightning/r/account/0011i00000uwf9rqae/view</small> </font> </div>
<div class="test-event"> <font color="maroon"> <small> &emsp; &emsp;--- 16 Oct 11:16:46 471 - <b>1</b> - Page Load Wait: (Sync) - ICar.support.Utils.waitForPageLoad(Utils.java:109)</small> </font> </div>
<div class="test-event"> <font color="maroon"> <small> &emsp; &emsp;--- 16 Oct 11:16:52 374 - Page URL:: https://i-car--staging.sandbox.lightning.force.com/lightning/r/account/0011i00000uwf9rqae/view</small> </font> </div>
<div class="test-event"> <font color="maroon"> <small> &emsp; &emsp;--- 16 Oct 11:16:52 374 - <b>1</b> - Page Load Wait: (Sync) - ICar.support.Utils.waitForPageLoad(Utils.java:109)</small> </font> </div>
<div class="test-event"> <font color="maroon"> <small> &emsp; &emsp;--- 16 Oct 11:16:57 764 - Page URL:: https://i-car--staging.sandbox.lightning.force.com/lightning/o/account/list?filtername=accounts</small> </font> </div>
<div class="test-event"> <font color="maroon"> <small> &emsp; &emsp;--- 16 Oct 11:16:57 764 - <b>0</b> - Page Load Wait: (Sync) - ICar.support.Utils.waitForPageLoad(Utils.java:109)</small> </font> </div>
<div class="test-message">&emsp;Close the tab</div>
<div class="test-event"> <font color="maroon"> <small> &emsp; &emsp;--- 16 Oct 11:17:03 373 - Page URL:: https://i-car--staging.sandbox.lightning.force.com/lightning/o/account/list?filtername=accounts</small> </font> </div>
<div class="test-event"> <font color="maroon"> <small> &emsp; &emsp;--- 16 Oct 11:17:03 373 - <b>0</b> - Page Load Wait: (Sync) - ICar.support.Utils.waitForPageLoad(Utils.java:109)</small> </font> </div>
<div class="test-event"> <font color="maroon"> <small> &emsp; &emsp;--- 16 Oct 11:17:03 413 - Element is displayed:: [[ChromeDriver: chrome on WINDOWS (520bb0b6765d0aa9b9fa97309937d505)] -> css selector: button[class*='search-button']]</small> </font> </div>
<div class="test-event"> <font color="maroon"> <small> &emsp; &emsp;--- 16 Oct 11:17:05 517 - Catched spinner load exception due to Expected condition failed: waiting for ICar.support.WaitUtils$4@714addf7 (tried for 2 second(s) with 500 milliseconds interval)</small> </font> </div>
<div class="test-event"> <font color="maroon"> <small> &emsp; &emsp;--- 16 Oct 11:17:05 517 - <b>2</b> - Spinner Load Wait: (Sync) - ICar.support.WaitUtils.waitForSpinner(WaitUtils.java:225)</small> </font> </div>
<div class="test-event"> <font color="maroon"> <small> &emsp; &emsp;--- 16 Oct 11:17:08 589 - Element is displayed:: [[ChromeDriver: chrome on WINDOWS (520bb0b6765d0aa9b9fa97309937d505)] -> css selector: button[class*='search-button']]</small> </font> </div>
<div class="test-event"> <font color="maroon"> <small> &emsp; &emsp;--- 16 Oct 11:17:09 184 - Page URL:: https://i-car--staging.sandbox.lightning.force.com/lightning/o/account/list?filtername=accounts</small> </font> </div>
<div class="test-event"> <font color="maroon"> <small> &emsp; &emsp;--- 16 Oct 11:17:09 184 - <b>0</b> - Page Load Wait: (Sync) - ICar.support.Utils.waitForPageLoad(Utils.java:109)</small> </font> </div>
<div class="test-event"> <font color="maroon"> <small> &emsp; &emsp;--- 16 Oct 11:17:28 716 - Catched spinner load exception due to Expected condition failed: waiting for ICar.support.WaitUtils$4@714addf7 (tried for 10 second(s) with 500 milliseconds interval)</small> </font> </div>
<div class="test-event"> <font color="maroon"> <small> &emsp; &emsp;--- 16 Oct 11:17:28 716 - <b>10</b> - Spinner Load Wait: (Sync) - ICar.support.WaitUtils.waitForSpinner(WaitUtils.java:225)</small> </font> </div>
<div class="test-event"> <font color="maroon"> <small> &emsp; &emsp;--- 16 Oct 11:17:29 271 - Page URL:: https://i-car--staging.sandbox.lightning.force.com/one/one.app#eyjjb21wb25lbnrezwyioijmb3jjzvnlyxjjadpzzwfyy2hqywdlrgvza3rvccisimf0dhjpynv0zxmionsidgvybsi6ijiynjqzmdgilcjzy29wzu1hcci6eyj0exblijoive9qx1jfu1vmvfmilcjuyw1lc3bhy2uioiiilcjsywjlbci6ilrvccbszxn1bhrziiwibgfizwxqbhvyywwioijub3agumvzdwx0cyisinjlc3vsdhndbxaioijmb3jjzvnlyxjjadpwcmvkawn0zwrszxn1bhrzin0simnvbnrlehqionsirklmvevsuyi6e30sinnlyxjjafnvdxjjzsi6ikftu0ltvefovf9esufmt0cilcjkaxnhymxlsw50zw50uxvlcnkiomzhbhnllcjkaxnhymxlu3blbgxdb3jyzwn0aw9uijpmywxzzswic2vhcmnorglhbg9nu2vzc2lvbklkijoioti5mgu1ngmtmgq1ny1hytazlwmwzdqtzjy0zwixmge1zdi0iiwizgvidwdjbmzvijp7imfwce5hbwuioijjq2fyx1nlcnzpy2vfq29uc29szsisimfwcfr5cguioijdb25zb2xliiwiyxbwtmftzxnwywnlijoiyyisimxvy2f0aw9uijoizm9yy2u6b2jqzwn0sg9tzurlc2t0b3ailcjzb2jqzwn0vhlwzsi6ikfjy291bnqifx0simdyb3vwswqioijeruzbvuxuin0sinn0yxrlijp7fx0%3d</small> </font> </div>
<div class="test-event"> <font color="maroon"> <small> &emsp; &emsp;--- 16 Oct 11:17:29 271 - <b>0</b> - Page Load Wait: (Sync) - ICar.support.Utils.waitForPageLoad(Utils.java:109)</small> </font> </div>
<div class="test-event"> <font color="maroon"> <small> &emsp; &emsp;--- 16 Oct 11:17:40 392 - Catched spinner load exception due to Expected condition failed: waiting for ICar.support.WaitUtils$4@714addf7 (tried for 11 second(s) with 500 milliseconds interval)</small> </font> </div>
<div class="test-event"> <font color="maroon"> <small> &emsp; &emsp;--- 16 Oct 11:17:40 392 - <b>11</b> - Spinner Load Wait: (Sync) - ICar.support.WaitUtils.waitForSpinner(WaitUtils.java:225)</small> </font> </div>
<div class="test-event"> <font color="maroon"> <small> &emsp; &emsp;--- 16 Oct 11:17:40 889 - Page URL:: https://i-car--staging.sandbox.lightning.force.com/one/one.app#eyjjb21wb25lbnrezwyioijmb3jjzvnlyxjjadpzzwfyy2hqywdlrgvza3rvccisimf0dhjpynv0zxmionsidgvybsi6ijiynjqzmdgilcjzy29wzu1hcci6eyj0exblijoive9qx1jfu1vmvfmilcjuyw1lc3bhy2uioiiilcjsywjlbci6ilrvccbszxn1bhrziiwibgfizwxqbhvyywwioijub3agumvzdwx0cyisinjlc3vsdhndbxaioijmb3jjzvnlyxjjadpwcmvkawn0zwrszxn1bhrzin0simnvbnrlehqionsirklmvevsuyi6e30sinnlyxjjafnvdxjjzsi6ikftu0ltvefovf9esufmt0cilcjkaxnhymxlsw50zw50uxvlcnkiomzhbhnllcjkaxnhymxlu3blbgxdb3jyzwn0aw9uijpmywxzzswic2vhcmnorglhbg9nu2vzc2lvbklkijoioti5mgu1ngmtmgq1ny1hytazlwmwzdqtzjy0zwixmge1zdi0iiwizgvidwdjbmzvijp7imfwce5hbwuioijjq2fyx1nlcnzpy2vfq29uc29szsisimfwcfr5cguioijdb25zb2xliiwiyxbwtmftzxnwywnlijoiyyisimxvy2f0aw9uijoizm9yy2u6b2jqzwn0sg9tzurlc2t0b3ailcjzb2jqzwn0vhlwzsi6ikfjy291bnqifx0simdyb3vwswqioijeruzbvuxuin0sinn0yxrlijp7fx0%3d</small> </font> </div>
<div class="test-event"> <font color="maroon"> <small> &emsp; &emsp;--- 16 Oct 11:17:40 889 - <b>0</b> - Page Load Wait: (Sync) - ICar.support.Utils.waitForPageLoad(Utils.java:109)</small> </font> </div>
<div class="test-event"> <font color="maroon"> <small> &emsp; &emsp;--- 16 Oct 11:17:40 940 - Element is displayed:: [[ChromeDriver: chrome on WINDOWS (520bb0b6765d0aa9b9fa97309937d505)] -> xpath: //a[@title='Top Results']//span[text()='Top Results']]</small> </font> </div>
<div class="test-event"> <font color="maroon"> <small> &emsp; &emsp;--- 16 Oct 11:17:41 314 - Page URL:: https://i-car--staging.sandbox.lightning.force.com/one/one.app#eyjjb21wb25lbnrezwyioijmb3jjzvnlyxjjadpzzwfyy2hqywdlrgvza3rvccisimf0dhjpynv0zxmionsidgvybsi6ijiynjqzmdgilcjzy29wzu1hcci6eyj0exblijoive9qx1jfu1vmvfmilcjuyw1lc3bhy2uioiiilcjsywjlbci6ilrvccbszxn1bhrziiwibgfizwxqbhvyywwioijub3agumvzdwx0cyisinjlc3vsdhndbxaioijmb3jjzvnlyxjjadpwcmvkawn0zwrszxn1bhrzin0simnvbnrlehqionsirklmvevsuyi6e30sinnlyxjjafnvdxjjzsi6ikftu0ltvefovf9esufmt0cilcjkaxnhymxlsw50zw50uxvlcnkiomzhbhnllcjkaxnhymxlu3blbgxdb3jyzwn0aw9uijpmywxzzswic2vhcmnorglhbg9nu2vzc2lvbklkijoioti5mgu1ngmtmgq1ny1hytazlwmwzdqtzjy0zwixmge1zdi0iiwizgvidwdjbmzvijp7imfwce5hbwuioijjq2fyx1nlcnzpy2vfq29uc29szsisimfwcfr5cguioijdb25zb2xliiwiyxbwtmftzxnwywnlijoiyyisimxvy2f0aw9uijoizm9yy2u6b2jqzwn0sg9tzurlc2t0b3ailcjzb2jqzwn0vhlwzsi6ikfjy291bnqifx0simdyb3vwswqioijeruzbvuxuin0sinn0yxrlijp7fx0%3d</small> </font> </div>
<div class="test-event"> <font color="maroon"> <small> &emsp; &emsp;--- 16 Oct 11:17:41 314 - <b>0</b> - Page Load Wait: (Sync) - ICar.support.Utils.waitForPageLoad(Utils.java:109)</small> </font> </div>
<div class="test-event"> <font color="maroon"> <small> &emsp; &emsp;--- 16 Oct 11:17:46 586 - Catched spinner load exception due to Expected condition failed: waiting for ICar.support.WaitUtils$4@714addf7 (tried for 5 second(s) with 500 milliseconds interval)</small> </font> </div>
<div class="test-event"> <font color="maroon"> <small> &emsp; &emsp;--- 16 Oct 11:17:46 586 - <b>5</b> - Spinner Load Wait: (Sync) - ICar.support.WaitUtils.waitForSpinner(WaitUtils.java:225)</small> </font> </div>
<div class="test-event"> <font color="maroon"> <small> &emsp; &emsp;--- 16 Oct 11:17:47 126 - Page URL:: https://i-car--staging.sandbox.lightning.force.com/one/one.app#eyjjb21wb25lbnrezwyioijmb3jjzvnlyxjjadpzzwfyy2hqywdlrgvza3rvccisimf0dhjpynv0zxmionsidgvybsi6ijiynjqzmdgilcjzy29wzu1hcci6eyj0exblijoive9qx1jfu1vmvfmilcjuyw1lc3bhy2uioiiilcjsywjlbci6ilrvccbszxn1bhrziiwibgfizwxqbhvyywwioijub3agumvzdwx0cyisinjlc3vsdhndbxaioijmb3jjzvnlyxjjadpwcmvkawn0zwrszxn1bhrzin0simnvbnrlehqionsirklmvevsuyi6e30sinnlyxjjafnvdxjjzsi6ikftu0ltvefovf9esufmt0cilcjkaxnhymxlsw50zw50uxvlcnkiomzhbhnllcjkaxnhymxlu3blbgxdb3jyzwn0aw9uijpmywxzzswic2vhcmnorglhbg9nu2vzc2lvbklkijoioti5mgu1ngmtmgq1ny1hytazlwmwzdqtzjy0zwixmge1zdi0iiwizgvidwdjbmzvijp7imfwce5hbwuioijjq2fyx1nlcnzpy2vfq29uc29szsisimfwcfr5cguioijdb25zb2xliiwiyxbwtmftzxnwywnlijoiyyisimxvy2f0aw9uijoizm9yy2u6b2jqzwn0sg9tzurlc2t0b3ailcjzb2jqzwn0vhlwzsi6ikfjy291bnqifx0simdyb3vwswqioijeruzbvuxuin0sinn0yxrlijp7fx0%3d</small> </font> </div>
<div class="test-event"> <font color="maroon"> <small> &emsp; &emsp;--- 16 Oct 11:17:47 126 - <b>0</b> - Page Load Wait: (Sync) - ICar.support.Utils.waitForPageLoad(Utils.java:109)</small> </font> </div>
<div class="test-event"> <font color="maroon"> <small> &emsp; &emsp;--- 16 Oct 11:17:47 667 - Page URL:: https://i-car--staging.sandbox.lightning.force.com/one/one.app#eyjjb21wb25lbnrezwyioijmb3jjzvnlyxjjadpzzwfyy2hqywdlrgvza3rvccisimf0dhjpynv0zxmionsidgvybsi6ijiynjqzmdgilcjzy29wzu1hcci6eyj0exblijoive9qx1jfu1vmvfmilcjuyw1lc3bhy2uioiiilcjsywjlbci6ilrvccbszxn1bhrziiwibgfizwxqbhvyywwioijub3agumvzdwx0cyisinjlc3vsdhndbxaioijmb3jjzvnlyxjjadpwcmvkawn0zwrszxn1bhrzin0simnvbnrlehqionsirklmvevsuyi6e30sinnlyxjjafnvdxjjzsi6ikftu0ltvefovf9esufmt0cilcjkaxnhymxlsw50zw50uxvlcnkiomzhbhnllcjkaxnhymxlu3blbgxdb3jyzwn0aw9uijpmywxzzswic2vhcmnorglhbg9nu2vzc2lvbklkijoioti5mgu1ngmtmgq1ny1hytazlwmwzdqtzjy0zwixmge1zdi0iiwizgvidwdjbmzvijp7imfwce5hbwuioijjq2fyx1nlcnzpy2vfq29uc29szsisimfwcfr5cguioijdb25zb2xliiwiyxbwtmftzxnwywnlijoiyyisimxvy2f0aw9uijoizm9yy2u6b2jqzwn0sg9tzurlc2t0b3ailcjzb2jqzwn0vhlwzsi6ikfjy291bnqifx0simdyb3vwswqioijeruzbvuxuin0sinn0yxrlijp7fx0%3d</small> </font> </div>
<div class="test-event"> <font color="maroon"> <small> &emsp; &emsp;--- 16 Oct 11:17:47 667 - <b>0</b> - Page Load Wait: (Sync) - ICar.support.Utils.waitForPageLoad(Utils.java:109)</small> </font> </div>
<div class="test-event"> <font color="maroon"> <small> &emsp; &emsp;--- 16 Oct 11:17:48 215 - Page URL:: https://i-car--staging.sandbox.lightning.force.com/one/one.app#eyjjb21wb25lbnrezwyioijmb3jjzvnlyxjjadpzzwfyy2hqywdlrgvza3rvccisimf0dhjpynv0zxmionsidgvybsi6ijiynjqzmdgilcjzy29wzu1hcci6eyj0exblijoive9qx1jfu1vmvfmilcjuyw1lc3bhy2uioiiilcjsywjlbci6ilrvccbszxn1bhrziiwibgfizwxqbhvyywwioijub3agumvzdwx0cyisinjlc3vsdhndbxaioijmb3jjzvnlyxjjadpwcmvkawn0zwrszxn1bhrzin0simnvbnrlehqionsirklmvevsuyi6e30sinnlyxjjafnvdxjjzsi6ikftu0ltvefovf9esufmt0cilcjkaxnhymxlsw50zw50uxvlcnkiomzhbhnllcjkaxnhymxlu3blbgxdb3jyzwn0aw9uijpmywxzzswic2vhcmnorglhbg9nu2vzc2lvbklkijoioti5mgu1ngmtmgq1ny1hytazlwmwzdqtzjy0zwixmge1zdi0iiwizgvidwdjbmzvijp7imfwce5hbwuioijjq2fyx1nlcnzpy2vfq29uc29szsisimfwcfr5cguioijdb25zb2xliiwiyxbwtmftzxnwywnlijoiyyisimxvy2f0aw9uijoizm9yy2u6b2jqzwn0sg9tzurlc2t0b3ailcjzb2jqzwn0vhlwzsi6ikfjy291bnqifx0simdyb3vwswqioijeruzbvuxuin0sinn0yxrlijp7fx0%3d</small> </font> </div>
<div class="test-event"> <font color="maroon"> <small> &emsp; &emsp;--- 16 Oct 11:17:48 215 - <b>0</b> - Page Load Wait: (Sync) - ICar.support.Utils.waitForPageLoad(Utils.java:109)</small> </font> </div>
<div class="test-event"> <font color="maroon"> <small> &emsp; &emsp;--- 16 Oct 11:17:56 532 - Catched spinner load exception due to Expected condition failed: waiting for ICar.support.WaitUtils$4@714addf7 (tried for 8 second(s) with 500 milliseconds interval)</small> </font> </div>
<div class="test-event"> <font color="maroon"> <small> &emsp; &emsp;--- 16 Oct 11:17:56 532 - <b>8</b> - Spinner Load Wait: (Sync) - ICar.support.WaitUtils.waitForSpinner(WaitUtils.java:225)</small> </font> </div>
<div class="test-event"> <font color="maroon"> <small> &emsp; &emsp;--- 16 Oct 11:17:57 049 - Page URL:: https://i-car--staging.sandbox.lightning.force.com/one/one.app#eyjjb21wb25lbnrezwyioijmb3jjzvnlyxjjadpzzwfyy2hqywdlrgvza3rvccisimf0dhjpynv0zxmionsidgvybsi6ijiynjqzmdgilcjzy29wzu1hcci6eyj0exblijoive9qx1jfu1vmvfmilcjuyw1lc3bhy2uioiiilcjsywjlbci6ilrvccbszxn1bhrziiwibgfizwxqbhvyywwioijub3agumvzdwx0cyisinjlc3vsdhndbxaioijmb3jjzvnlyxjjadpwcmvkawn0zwrszxn1bhrzin0simnvbnrlehqionsirklmvevsuyi6e30sinnlyxjjafnvdxjjzsi6ikftu0ltvefovf9esufmt0cilcjkaxnhymxlsw50zw50uxvlcnkiomzhbhnllcjkaxnhymxlu3blbgxdb3jyzwn0aw9uijpmywxzzswic2vhcmnorglhbg9nu2vzc2lvbklkijoioti5mgu1ngmtmgq1ny1hytazlwmwzdqtzjy0zwixmge1zdi0iiwizgvidwdjbmzvijp7imfwce5hbwuioijjq2fyx1nlcnzpy2vfq29uc29szsisimfwcfr5cguioijdb25zb2xliiwiyxbwtmftzxnwywnlijoiyyisimxvy2f0aw9uijoizm9yy2u6b2jqzwn0sg9tzurlc2t0b3ailcjzb2jqzwn0vhlwzsi6ikfjy291bnqifx0simdyb3vwswqioijeruzbvuxuin0sinn0yxrlijp7fx0%3d</small> </font> </div>
<div class="test-event"> <font color="maroon"> <small> &emsp; &emsp;--- 16 Oct 11:17:57 049 - <b>0</b> - Page Load Wait: (Sync) - ICar.support.Utils.waitForPageLoad(Utils.java:109)</small> </font> </div>
<div class="test-event"> <font color="maroon"> <small> &emsp; &emsp;--- 16 Oct 11:17:59 155 - Element is displayed:: [[ChromeDriver: chrome on WINDOWS (520bb0b6765d0aa9b9fa97309937d505)] -> xpath: //div[contains(@class,'forceSearchResultsRegion')]//div[contains(@class,'resultsMultiWrapper')]/div/div[1]//following::h2//a]</small> </font> </div>
<div class="test-event"> <font color="maroon"> <small> &emsp; &emsp;--- 16 Oct 11:17:59 425 - Element is displayed:: [[ChromeDriver: chrome on WINDOWS (520bb0b6765d0aa9b9fa97309937d505)] -> xpath: //a[text()='Contacts']]</small> </font> </div>
<div class="test-event"> <font color="maroon"> <small> &emsp; &emsp;--- 16 Oct 11:18:04 025 - Element is displayed:: [[ChromeDriver: chrome on WINDOWS (520bb0b6765d0aa9b9fa97309937d505)] -> xpath: //div[text()='Contacts']//following :: table//tbody//th//span /a]</small> </font> </div>
<div class="test-message">&emsp;6. click on 'view all' on Platnium status in Sales force</div>
<div class="test-event"> <font color="maroon"> <small> &emsp; &emsp;--- 16 Oct 11:18:04 546 - Page URL:: https://i-car--staging.sandbox.lightning.force.com/one/one.app#eyjjb21wb25lbnrezwyioijmb3jjzvnlyxjjadpzzwfyy2hqywdlrgvza3rvccisimf0dhjpynv0zxmionsidgvybsi6ijiynjqzmdgilcjzy29wzu1hcci6eyj0exblijoive9qx1jfu1vmvfmilcjuyw1lc3bhy2uioiiilcjsywjlbci6ilrvccbszxn1bhrziiwibgfizwxqbhvyywwioijub3agumvzdwx0cyisinjlc3vsdhndbxaioijmb3jjzvnlyxjjadpwcmvkawn0zwrszxn1bhrzin0simnvbnrlehqionsirklmvevsuyi6e30sinnlyxjjafnvdxjjzsi6ikftu0ltvefovf9esufmt0cilcjkaxnhymxlsw50zw50uxvlcnkiomzhbhnllcjkaxnhymxlu3blbgxdb3jyzwn0aw9uijpmywxzzswic2vhcmnorglhbg9nu2vzc2lvbklkijoioti5mgu1ngmtmgq1ny1hytazlwmwzdqtzjy0zwixmge1zdi0iiwizgvidwdjbmzvijp7imfwce5hbwuioijjq2fyx1nlcnzpy2vfq29uc29szsisimfwcfr5cguioijdb25zb2xliiwiyxbwtmftzxnwywnlijoiyyisimxvy2f0aw9uijoizm9yy2u6b2jqzwn0sg9tzurlc2t0b3ailcjzb2jqzwn0vhlwzsi6ikfjy291bnqifx0simdyb3vwswqioijeruzbvuxuin0sinn0yxrlijp7fx0%3d</small> </font> </div>
<div class="test-event"> <font color="maroon"> <small> &emsp; &emsp;--- 16 Oct 11:18:04 546 - <b>0</b> - Page Load Wait: (Sync) - ICar.support.Utils.waitForPageLoad(Utils.java:109)</small> </font> </div>
<div class="test-event"> <font color="maroon"> <small> &emsp; &emsp;--- 16 Oct 11:18:24 934 - Catched spinner load exception due to Expected condition failed: waiting for ICar.support.WaitUtils$4@714addf7 (tried for 20 second(s) with 500 milliseconds interval)</small> </font> </div>
<div class="test-event"> <font color="maroon"> <small> &emsp; &emsp;--- 16 Oct 11:18:24 934 - <b>20</b> - Spinner Load Wait: (Sync) - ICar.support.WaitUtils.waitForSpinner(WaitUtils.java:225)</small> </font> </div>
<div class="test-event"> <font color="maroon"> <small> &emsp; &emsp;--- 16 Oct 11:18:25 455 - Page URL:: https://i-car--staging.sandbox.lightning.force.com/lightning/r/contact/0031i00000nuecbqa2/view</small> </font> </div>
<div class="test-event"> <font color="maroon"> <small> &emsp; &emsp;--- 16 Oct 11:18:25 455 - <b>0</b> - Page Load Wait: (Sync) - ICar.support.Utils.waitForPageLoad(Utils.java:109)</small> </font> </div>
<div class="test-event"> <font color="maroon"> <small> &emsp; &emsp;--- 16 Oct 11:18:30 641 - Catched spinner load exception due to Expected condition failed: waiting for ICar.support.WaitUtils$4@714addf7 (tried for 5 second(s) with 500 milliseconds interval)</small> </font> </div>
<div class="test-event"> <font color="maroon"> <small> &emsp; &emsp;--- 16 Oct 11:18:30 641 - <b>5</b> - Spinner Load Wait: (Sync) - ICar.support.WaitUtils.waitForSpinner(WaitUtils.java:225)</small> </font> </div>
<div class="test-event"> <font color="maroon"> <small> &emsp; &emsp;--- 16 Oct 11:18:31 482 - Page URL:: https://i-car--staging.sandbox.lightning.force.com/lightning/r/contact/0031i00000nuecbqa2/view</small> </font> </div>
<div class="test-event"> <font color="maroon"> <small> &emsp; &emsp;--- 16 Oct 11:18:31 482 - <b>0</b> - Page Load Wait: (Sync) - ICar.support.Utils.waitForPageLoad(Utils.java:109)</small> </font> </div>
<!--FAIL-->
<div class="test-result"><br><font color="red"><strong> Index 0 out of bounds for length 0 </strong></font> <a href=".\ScreenShot\ICar_BAM776_TC02_45082082656600.png" target="_blank" >[ScreenShot]</a></div>&emsp;
&emsp;<div class="test-title"> <strong><font size = "3" color = "#0000FF">---Test Execution Ends---</font> </strong> </div>&emsp;]]>
    </system-out>
  </testcase> <!-- ICar_BAM776_TC02 -->
  <testcase classname="BAM_Misc.BAMtestscripts" name="ICar_BAM633_TC01" time="97.135">
    <system-out>
      <![CDATA[<div class="test-event"> <font color="maroon"> <small> &emsp; &emsp;--- 16 Oct 09:38:03 980 - TestCaseID:: ICar_BAM633_TC01</small> </font> </div>
<div class="test-event"> <font color="maroon"> <small> &emsp; &emsp;--- 16 Oct 09:38:05 264 - <b>1</b> - Driver::initialize::Get - ICar.support.WebDriverFactory.getDriver(WebDriverFactory.java:640)</small> </font> </div>
&emsp;<div class="test-title"> <strong><font size = "3" color = "#000080">Platinum Report should be accessible from the "Action" dropdown button</font> </strong> </div>&emsp;<div><strong>Steps:</strong></div><!-- Report -->&emsp;
<div class="test-event"> <font color="maroon"> <small> &emsp; &emsp;--- 16 Oct 09:38:14 527 - Element is displayed:: [[ChromeDriver: chrome on WINDOWS (65c43b0776f915c91cff34c3c45003cb)] -> xpath: //a/img[@alt='Login Image']|//button[@id='btn-login']]</small> </font> </div>
<div class="test-event"> <font color="maroon"> <small> &emsp; &emsp;--- 16 Oct 09:38:14 592 - Element is displayed:: [[ChromeDriver: chrome on WINDOWS (65c43b0776f915c91cff34c3c45003cb)] -> xpath: //a/img[@alt='Login Image']|//button[@id='btn-login']]</small> </font> </div>
<div class="test-message">&emsp;Successfully navigated to 'Home' Page&emsp;<a href=".\ScreenShot\ICar_BAM633_TC01_39062030678000.png" target="_blank" >[ScreenShot]</a></div>
<div class="test-message">&emsp;1. Home page is launched.</div>
<div class="test-event"> <font color="maroon"> <small> &emsp; &emsp;--- 16 Oct 09:38:14 946 - Page URL:: https://www.icarstage.com/</small> </font> </div>
<div class="test-event"> <font color="maroon"> <small> &emsp; &emsp;--- 16 Oct 09:38:14 946 - <b>0</b> - Page Load Wait: (Sync) - ICar.support.Utils.waitForPageLoad(Utils.java:109)</small> </font> </div>
<div class="test-event"> <font color="maroon"> <small> &emsp; &emsp;--- 16 Oct 09:38:14 986 - Element is displayed:: [[ChromeDriver: chrome on WINDOWS (65c43b0776f915c91cff34c3c45003cb)] -> xpath: //a/img[@alt='Login Image']|//button[@id='btn-login']]</small> </font> </div>
<div class="test-event"> <font color="maroon"> <small> &emsp; &emsp;--- 16 Oct 09:38:15 044 - Element is displayed:: [[ChromeDriver: chrome on WINDOWS (65c43b0776f915c91cff34c3c45003cb)] -> xpath: //a/img[@alt='Login Image']|//button[@id='btn-login']]</small> </font> </div>
<div class="test-event"> <font color="maroon"> <small> &emsp; &emsp;--- 16 Oct 09:38:42 440 - Catched spinner load exception due to Expected condition failed: waiting for ICar.support.WaitUtils$4@714addf7 (tried for 15 second(s) with 500 milliseconds interval)</small> </font> </div>
<div class="test-event"> <font color="maroon"> <small> &emsp; &emsp;--- 16 Oct 09:38:42 440 - <b>15</b> - Spinner Load Wait: (Sync) - ICar.support.WaitUtils.waitForSpinner(WaitUtils.java:225)</small> </font> </div>
<div class="test-message">&emsp;2. Navigate to 'Login Page'</div>
<div class="test-message">&emsp;Successfully navigated to 'Login' Page&emsp;<a href=".\ScreenShot\ICar_BAM633_TC01_39089883155000.png" target="_blank" >[ScreenShot]</a></div>
<div class="test-event"> <font color="maroon"> <small> &emsp; &emsp;--- 16 Oct 09:38:42 668 - Element is displayed:: [[ChromeDriver: chrome on WINDOWS (65c43b0776f915c91cff34c3c45003cb)] -> id: username]</small> </font> </div>
<div class="test-event"> <font color="maroon"> <small> &emsp; &emsp;--- 16 Oct 09:38:42 737 - Element is displayed:: [[ChromeDriver: chrome on WINDOWS (65c43b0776f915c91cff34c3c45003cb)] -> id: username]</small> </font> </div>
<div class="test-event"> <font color="maroon"> <small> &emsp; &emsp;--- 16 Oct 09:38:42 948 - Element is displayed:: [[ChromeDriver: chrome on WINDOWS (65c43b0776f915c91cff34c3c45003cb)] -> id: password]</small> </font> </div>
<div class="test-event"> <font color="maroon"> <small> &emsp; &emsp;--- 16 Oct 09:38:43 120 - Element is displayed:: [[ChromeDriver: chrome on WINDOWS (65c43b0776f915c91cff34c3c45003cb)] -> id: btn-login]</small> </font> </div>
<div class="test-event"> <font color="maroon"> <small> &emsp; &emsp;--- 16 Oct 09:38:59 542 - Catched spinner load exception due to Expected condition failed: waiting for ICar.support.WaitUtils$4@714addf7 (tried for 3 second(s) with 500 milliseconds interval)</small> </font> </div>
<div class="test-event"> <font color="maroon"> <small> &emsp; &emsp;--- 16 Oct 09:38:59 542 - <b>16</b> - Spinner Load Wait: (Sync) - ICar.support.WaitUtils.waitForSpinner(WaitUtils.java:225)</small> </font> </div>
<div class="test-event"> <font color="maroon"> <small> &emsp; &emsp;--- 16 Oct 09:39:21 788 - Catched spinner load exception due to Expected condition failed: waiting for ICar.support.WaitUtils$4@714addf7 (tried for 10 second(s) with 500 milliseconds interval)</small> </font> </div>
<div class="test-event"> <font color="maroon"> <small> &emsp; &emsp;--- 16 Oct 09:39:21 788 - <b>10</b> - Spinner Load Wait: (Sync) - ICar.support.WaitUtils.waitForSpinner(WaitUtils.java:225)</small> </font> </div>
<div class="test-event"> <font color="maroon"> <small> &emsp; &emsp;--- 16 Oct 09:39:21 875 - Element is displayed:: [[ChromeDriver: chrome on WINDOWS (65c43b0776f915c91cff34c3c45003cb)] -> xpath: //button[@value='Launch My Learning']]</small> </font> </div>
<div class="test-message">&emsp;3. Enter the user credentials as : mbrezina</div>
<div class="test-message">&emsp;Successfully navigated to 'User Home' Page&emsp;<a href=".\ScreenShot\ICar_BAM633_TC01_39129312648100.png" target="_blank" >[ScreenShot]</a></div>
<div class="test-event"> <font color="maroon"> <small> &emsp; &emsp;--- 16 Oct 09:39:22 266 - Page URL:: https://www.icarstage.com/</small> </font> </div>
<div class="test-event"> <font color="maroon"> <small> &emsp; &emsp;--- 16 Oct 09:39:22 266 - <b>0</b> - Page Load Wait: (Sync) - ICar.support.Utils.waitForPageLoad(Utils.java:109)</small> </font> </div>
<div class="test-event"> <font color="maroon"> <small> &emsp; &emsp;--- 16 Oct 09:39:22 332 - Element is displayed:: [[ChromeDriver: chrome on WINDOWS (65c43b0776f915c91cff34c3c45003cb)] -> xpath: //p[text()='Launch My Learning']]</small> </font> </div>
<div class="test-event"> <font color="maroon"> <small> &emsp; &emsp;--- 16 Oct 09:39:22 367 - Element is displayed:: [[ChromeDriver: chrome on WINDOWS (65c43b0776f915c91cff34c3c45003cb)] -> xpath: //a[text()='Gold Class Summary']]</small> </font> </div>
<div class="test-event"> <font color="maroon"> <small> &emsp; &emsp;--- 16 Oct 09:39:24 456 - Element is displayed:: [[ChromeDriver: chrome on WINDOWS (65c43b0776f915c91cff34c3c45003cb)] -> xpath: //a[text()='Gold Class Summary']]</small> </font> </div>
<div class="test-event"> <font color="maroon"> <small> &emsp; &emsp;--- 16 Oct 09:39:41 178 - Catched spinner load exception due to Expected condition failed: waiting for ICar.support.WaitUtils$4@714addf7 (tried for 15 second(s) with 500 milliseconds interval)</small> </font> </div>
<div class="test-event"> <font color="maroon"> <small> &emsp; &emsp;--- 16 Oct 09:39:41 178 - <b>15</b> - Spinner Load Wait: (Sync) - ICar.support.WaitUtils.waitForSpinner(WaitUtils.java:225)</small> </font> </div>
<div class="test-event"> <font color="maroon"> <small> &emsp; &emsp;--- 16 Oct 09:39:41 332 - Page URL:: https://www.icarstage.com/gold-class-summary</small> </font> </div>
<div class="test-event"> <font color="maroon"> <small> &emsp; &emsp;--- 16 Oct 09:39:41 332 - <b>0</b> - Page Load Wait: (Sync) - ICar.support.Utils.waitForPageLoad(Utils.java:109)</small> </font> </div>
<div class="test-message">&emsp;Successfully navigated to 'Gold class summary' Page&emsp;<a href=".\ScreenShot\ICar_BAM633_TC01_39148769684600.png" target="_blank" >[ScreenShot]</a></div>
<div class="test-event"> <font color="maroon"> <small> &emsp; &emsp;--- 16 Oct 09:39:41 546 - Element is displayed:: [[ChromeDriver: chrome on WINDOWS (65c43b0776f915c91cff34c3c45003cb)] -> xpath: (//*[@class='slds-button slds-button_icon-border slds-button_icon-x-small'])[1]]</small> </font> </div>
<div class="test-event"> <font color="maroon"> <small> &emsp; &emsp;--- 16 Oct 09:39:41 725 - Element is displayed:: [[ChromeDriver: chrome on WINDOWS (65c43b0776f915c91cff34c3c45003cb)] -> xpath: //*[@role='menuitem']/span[contains(text(),'Platinum Report')]]</small> </font> </div>
<div class="test-message">&emsp;Successfully verified  platinium download 'Gold class summary' Page&emsp;<a href=".\ScreenShot\ICar_BAM633_TC01_39149179993600.png" target="_blank" >[ScreenShot]</a></div>
<div class="test-result"><br><font color="green"><strong> Test Passed. </strong></font> </div>&emsp;
&emsp;<div class="test-title"> <strong><font size = "3" color = "#0000FF">---Test Execution Ends---</font> </strong> </div>&emsp;]]>
    </system-out>
  </testcase> <!-- ICar_BAM633_TC01 -->
  <testcase classname="BAM_Misc.BAMtestscripts" name="ICar_B2B944_TC01" time="203.720">
    <system-out>
      <![CDATA[<div class="test-event"> <font color="maroon"> <small> &emsp; &emsp;--- 16 Oct 09:18:38 757 - TestCaseID:: ICar_B2B944_TC01</small> </font> </div>
<div class="test-event"> <font color="maroon"> <small> &emsp; &emsp;--- 16 Oct 09:18:49 511 - <b>12</b> - Driver::initialize::Get - ICar.support.WebDriverFactory.getDriver(WebDriverFactory.java:640)</small> </font> </div>
&emsp;<div class="test-title"> <strong><font size = "3" color = "#000080">Create a contact in an Account</font> </strong> </div>&emsp;<div><strong>Steps:</strong></div><!-- Report -->&emsp;
<div class="test-event"> <font color="maroon"> <small> &emsp; &emsp;--- 16 Oct 09:18:57 051 - Page URL:: https://i-car--staging.sandbox.my.salesforce.com/</small> </font> </div>
<div class="test-event"> <font color="maroon"> <small> &emsp; &emsp;--- 16 Oct 09:18:57 052 - <b>0</b> - Page Load Wait: (Sync) - ICar.support.Utils.waitForPageLoad(Utils.java:109)</small> </font> </div>
<div class="test-message">&emsp;Successfully navigated to 'Login' Page&emsp;<a href=".\ScreenShot\ICar_B2B944_TC01_37904706449600.png" target="_blank" >[ScreenShot]</a></div>
<div class="test-message">&emsp;1. Login page is launched.</div>
<div class="test-event"> <font color="maroon"> <small> &emsp; &emsp;--- 16 Oct 09:18:58 443 - Element is displayed:: [[ChromeDriver: chrome on WINDOWS (fbb16c74a55c0718c5e93362e73a11cf)] -> id: username]</small> </font> </div>
<div class="test-event"> <font color="maroon"> <small> &emsp; &emsp;--- 16 Oct 09:18:58 535 - Element is displayed:: [[ChromeDriver: chrome on WINDOWS (fbb16c74a55c0718c5e93362e73a11cf)] -> id: username]</small> </font> </div>
<div class="test-event"> <font color="maroon"> <small> &emsp; &emsp;--- 16 Oct 09:18:58 864 - Element is displayed:: [[ChromeDriver: chrome on WINDOWS (fbb16c74a55c0718c5e93362e73a11cf)] -> id: password]</small> </font> </div>
<div class="test-event"> <font color="maroon"> <small> &emsp; &emsp;--- 16 Oct 09:18:59 648 - Element is displayed:: [[ChromeDriver: chrome on WINDOWS (fbb16c74a55c0718c5e93362e73a11cf)] -> id: Login]</small> </font> </div>
<div class="test-event"> <font color="maroon"> <small> &emsp; &emsp;--- 16 Oct 09:19:34 235 - Catched spinner load exception due to Expected condition failed: waiting for ICar.support.WaitUtils$4@714addf7 (tried for 13 second(s) with 500 milliseconds interval)</small> </font> </div>
<div class="test-event"> <font color="maroon"> <small> &emsp; &emsp;--- 16 Oct 09:19:34 236 - <b>13</b> - Spinner Load Wait: (Sync) - ICar.support.WaitUtils.waitForSpinner(WaitUtils.java:225)</small> </font> </div>
<div class="test-event"> <font color="maroon"> <small> &emsp; &emsp;--- 16 Oct 09:19:53 252 - Catched spinner load exception due to Expected condition failed: waiting for ICar.support.WaitUtils$4@714addf7 (tried for 6 second(s) with 500 milliseconds interval)</small> </font> </div>
<div class="test-event"> <font color="maroon"> <small> &emsp; &emsp;--- 16 Oct 09:19:53 252 - <b>6</b> - Spinner Load Wait: (Sync) - ICar.support.WaitUtils.waitForSpinner(WaitUtils.java:225)</small> </font> </div>
<div class="test-event"> <font color="maroon"> <small> &emsp; &emsp;--- 16 Oct 09:19:53 345 - Element is displayed:: [[ChromeDriver: chrome on WINDOWS (fbb16c74a55c0718c5e93362e73a11cf)] -> css selector: button[class*='search-button']]</small> </font> </div>
<div class="test-message">&emsp;2. Navigate to 'SalesForce Page'</div>
<div class="test-event"> <font color="maroon"> <small> &emsp; &emsp;--- 16 Oct 09:19:53 933 - Page URL:: https://i-car--staging.sandbox.lightning.force.com/lightning/r/account/0011i00000uwf9rqae/view</small> </font> </div>
<div class="test-event"> <font color="maroon"> <small> &emsp; &emsp;--- 16 Oct 09:19:53 934 - <b>0</b> - Page Load Wait: (Sync) - ICar.support.Utils.waitForPageLoad(Utils.java:109)</small> </font> </div>
<div class="test-event"> <font color="maroon"> <small> &emsp; &emsp;--- 16 Oct 09:20:00 963 - Page URL:: https://i-car--staging.sandbox.lightning.force.com/lightning/r/account/0011i00000uwf9rqae/view</small> </font> </div>
<div class="test-event"> <font color="maroon"> <small> &emsp; &emsp;--- 16 Oct 09:20:00 964 - <b>0</b> - Page Load Wait: (Sync) - ICar.support.Utils.waitForPageLoad(Utils.java:109)</small> </font> </div>
<div class="test-message">&emsp;Close the tab</div>
<div class="test-message">&emsp;Successfully navigated to 'Login' Page&emsp;<a href=".\ScreenShot\ICar_B2B944_TC01_37973648014900.png" target="_blank" >[ScreenShot]</a></div>
<div class="test-message">&emsp;3. Enter the user credentials as : icaradminautomation3@i-car.com.staging</div>
<div class="test-event"> <font color="maroon"> <small> &emsp; &emsp;--- 16 Oct 09:20:06 815 - Page URL:: https://i-car--staging.sandbox.lightning.force.com/lightning/o/account/list?filtername=accounts</small> </font> </div>
<div class="test-event"> <font color="maroon"> <small> &emsp; &emsp;--- 16 Oct 09:20:06 816 - <b>0</b> - Page Load Wait: (Sync) - ICar.support.Utils.waitForPageLoad(Utils.java:109)</small> </font> </div>
<div class="test-event"> <font color="maroon"> <small> &emsp; &emsp;--- 16 Oct 09:20:12 246 - Page URL:: https://i-car--staging.sandbox.lightning.force.com/lightning/o/account/list?filtername=accounts</small> </font> </div>
<div class="test-event"> <font color="maroon"> <small> &emsp; &emsp;--- 16 Oct 09:20:12 246 - <b>0</b> - Page Load Wait: (Sync) - ICar.support.Utils.waitForPageLoad(Utils.java:109)</small> </font> </div>
<div class="test-message">&emsp;Close the tab</div>
<div class="test-event"> <font color="maroon"> <small> &emsp; &emsp;--- 16 Oct 09:20:17 910 - Page URL:: https://i-car--staging.sandbox.lightning.force.com/lightning/o/account/list?filtername=accounts</small> </font> </div>
<div class="test-event"> <font color="maroon"> <small> &emsp; &emsp;--- 16 Oct 09:20:17 910 - <b>0</b> - Page Load Wait: (Sync) - ICar.support.Utils.waitForPageLoad(Utils.java:109)</small> </font> </div>
<div class="test-event"> <font color="maroon"> <small> &emsp; &emsp;--- 16 Oct 09:20:17 956 - Element is displayed:: [[ChromeDriver: chrome on WINDOWS (fbb16c74a55c0718c5e93362e73a11cf)] -> css selector: button[class*='search-button']]</small> </font> </div>
<div class="test-event"> <font color="maroon"> <small> &emsp; &emsp;--- 16 Oct 09:20:20 029 - Catched spinner load exception due to Expected condition failed: waiting for ICar.support.WaitUtils$4@714addf7 (tried for 2 second(s) with 500 milliseconds interval)</small> </font> </div>
<div class="test-event"> <font color="maroon"> <small> &emsp; &emsp;--- 16 Oct 09:20:20 029 - <b>2</b> - Spinner Load Wait: (Sync) - ICar.support.WaitUtils.waitForSpinner(WaitUtils.java:225)</small> </font> </div>
<div class="test-event"> <font color="maroon"> <small> &emsp; &emsp;--- 16 Oct 09:20:23 104 - Element is displayed:: [[ChromeDriver: chrome on WINDOWS (fbb16c74a55c0718c5e93362e73a11cf)] -> css selector: button[class*='search-button']]</small> </font> </div>
<div class="test-event"> <font color="maroon"> <small> &emsp; &emsp;--- 16 Oct 09:20:23 971 - Page URL:: https://i-car--staging.sandbox.lightning.force.com/lightning/o/account/list?filtername=accounts</small> </font> </div>
<div class="test-event"> <font color="maroon"> <small> &emsp; &emsp;--- 16 Oct 09:20:23 972 - <b>0</b> - Page Load Wait: (Sync) - ICar.support.Utils.waitForPageLoad(Utils.java:109)</small> </font> </div>
<div class="test-event"> <font color="maroon"> <small> &emsp; &emsp;--- 16 Oct 09:20:43 515 - Catched spinner load exception due to Expected condition failed: waiting for ICar.support.WaitUtils$4@714addf7 (tried for 10 second(s) with 500 milliseconds interval)</small> </font> </div>
<div class="test-event"> <font color="maroon"> <small> &emsp; &emsp;--- 16 Oct 09:20:43 515 - <b>10</b> - Spinner Load Wait: (Sync) - ICar.support.WaitUtils.waitForSpinner(WaitUtils.java:225)</small> </font> </div>
<div class="test-event"> <font color="maroon"> <small> &emsp; &emsp;--- 16 Oct 09:20:44 328 - Page URL:: https://i-car--staging.sandbox.lightning.force.com/one/one.app#eyjjb21wb25lbnrezwyioijmb3jjzvnlyxjjadpzzwfyy2hqywdlrgvza3rvccisimf0dhjpynv0zxmionsidgvybsi6ildpbnnrawxsief1dg8gqm9kesisinnjb3bltwfwijp7inr5cguioijut1bfukvtvuxuuyisim5hbwvzcgfjzsi6iiisimxhymvsijoivg9wifjlc3vsdhmilcjsywjlbfbsdxjhbci6ilrvccbszxn1bhrziiwicmvzdwx0c0ntcci6imzvcmnlu2vhcmnoonbyzwrpy3rlzfjlc3vsdhmifswiy29udgv4dci6eyjgsuxurvjtijp7fswic2vhcmnou291cmnlijoiqvntsvnuqu5ux0rjquxpryisimrpc2fibgvjbnrlbnrrdwvyesi6zmfsc2usimrpc2fibgvtcgvsbenvcnjly3rpb24iomzhbhnllcjzzwfyy2heawfsb2dtzxnzaw9uswqioijmodrjyjk3ms00mjywlwzlmtatzmjmos1lztgyzdm2mwy5ywuilcjkzwj1z0luzm8ionsiyxbwtmftzsi6ikldyxjfu2vydmljzv9db25zb2xliiwiyxbwvhlwzsi6iknvbnnvbguilcjhchboyw1lc3bhy2uioijjiiwibg9jyxrpb24ioijmb3jjztpvymply3rib21lrgvza3rvccisinnvymply3ruexblijoiqwnjb3vudcj9fswiz3jvdxbjzci6ikrfrkfvtfqifswic3rhdguiont9fq%3d%3d</small> </font> </div>
<div class="test-event"> <font color="maroon"> <small> &emsp; &emsp;--- 16 Oct 09:20:44 328 - <b>0</b> - Page Load Wait: (Sync) - ICar.support.Utils.waitForPageLoad(Utils.java:109)</small> </font> </div>
<div class="test-event"> <font color="maroon"> <small> &emsp; &emsp;--- 16 Oct 09:20:55 706 - Catched spinner load exception due to Expected condition failed: waiting for ICar.support.WaitUtils$4@714addf7 (tried for 11 second(s) with 500 milliseconds interval)</small> </font> </div>
<div class="test-event"> <font color="maroon"> <small> &emsp; &emsp;--- 16 Oct 09:20:55 707 - <b>11</b> - Spinner Load Wait: (Sync) - ICar.support.WaitUtils.waitForSpinner(WaitUtils.java:225)</small> </font> </div>
<div class="test-event"> <font color="maroon"> <small> &emsp; &emsp;--- 16 Oct 09:20:56 675 - Page URL:: https://i-car--staging.sandbox.lightning.force.com/one/one.app#eyjjb21wb25lbnrezwyioijmb3jjzvnlyxjjadpzzwfyy2hqywdlrgvza3rvccisimf0dhjpynv0zxmionsidgvybsi6ildpbnnrawxsief1dg8gqm9kesisinnjb3bltwfwijp7inr5cguioijut1bfukvtvuxuuyisim5hbwvzcgfjzsi6iiisimxhymvsijoivg9wifjlc3vsdhmilcjsywjlbfbsdxjhbci6ilrvccbszxn1bhrziiwicmvzdwx0c0ntcci6imzvcmnlu2vhcmnoonbyzwrpy3rlzfjlc3vsdhmifswiy29udgv4dci6eyjgsuxurvjtijp7fswic2vhcmnou291cmnlijoiqvntsvnuqu5ux0rjquxpryisimrpc2fibgvjbnrlbnrrdwvyesi6zmfsc2usimrpc2fibgvtcgvsbenvcnjly3rpb24iomzhbhnllcjzzwfyy2heawfsb2dtzxnzaw9uswqioijmodrjyjk3ms00mjywlwzlmtatzmjmos1lztgyzdm2mwy5ywuilcjkzwj1z0luzm8ionsiyxbwtmftzsi6ikldyxjfu2vydmljzv9db25zb2xliiwiyxbwvhlwzsi6iknvbnnvbguilcjhchboyw1lc3bhy2uioijjiiwibg9jyxrpb24ioijmb3jjztpvymply3rib21lrgvza3rvccisinnvymply3ruexblijoiqwnjb3vudcj9fswiz3jvdxbjzci6ikrfrkfvtfqifswic3rhdguiont9fq%3d%3d</small> </font> </div>
<div class="test-event"> <font color="maroon"> <small> &emsp; &emsp;--- 16 Oct 09:20:56 676 - <b>0</b> - Page Load Wait: (Sync) - ICar.support.Utils.waitForPageLoad(Utils.java:109)</small> </font> </div>
<div class="test-event"> <font color="maroon"> <small> &emsp; &emsp;--- 16 Oct 09:20:56 762 - Element is displayed:: [[ChromeDriver: chrome on WINDOWS (fbb16c74a55c0718c5e93362e73a11cf)] -> xpath: //a[@title='Top Results']//span[text()='Top Results']]</small> </font> </div>
<div class="test-event"> <font color="maroon"> <small> &emsp; &emsp;--- 16 Oct 09:20:57 264 - Page URL:: https://i-car--staging.sandbox.lightning.force.com/one/one.app#eyjjb21wb25lbnrezwyioijmb3jjzvnlyxjjadpzzwfyy2hqywdlrgvza3rvccisimf0dhjpynv0zxmionsidgvybsi6ildpbnnrawxsief1dg8gqm9kesisinnjb3bltwfwijp7inr5cguioijut1bfukvtvuxuuyisim5hbwvzcgfjzsi6iiisimxhymvsijoivg9wifjlc3vsdhmilcjsywjlbfbsdxjhbci6ilrvccbszxn1bhrziiwicmvzdwx0c0ntcci6imzvcmnlu2vhcmnoonbyzwrpy3rlzfjlc3vsdhmifswiy29udgv4dci6eyjgsuxurvjtijp7fswic2vhcmnou291cmnlijoiqvntsvnuqu5ux0rjquxpryisimrpc2fibgvjbnrlbnrrdwvyesi6zmfsc2usimrpc2fibgvtcgvsbenvcnjly3rpb24iomzhbhnllcjzzwfyy2heawfsb2dtzxnzaw9uswqioijmodrjyjk3ms00mjywlwzlmtatzmjmos1lztgyzdm2mwy5ywuilcjkzwj1z0luzm8ionsiyxbwtmftzsi6ikldyxjfu2vydmljzv9db25zb2xliiwiyxbwvhlwzsi6iknvbnnvbguilcjhchboyw1lc3bhy2uioijjiiwibg9jyxrpb24ioijmb3jjztpvymply3rib21lrgvza3rvccisinnvymply3ruexblijoiqwnjb3vudcj9fswiz3jvdxbjzci6ikrfrkfvtfqifswic3rhdguiont9fq%3d%3d</small> </font> </div>
<div class="test-event"> <font color="maroon"> <small> &emsp; &emsp;--- 16 Oct 09:20:57 264 - <b>0</b> - Page Load Wait: (Sync) - ICar.support.Utils.waitForPageLoad(Utils.java:109)</small> </font> </div>
<div class="test-event"> <font color="maroon"> <small> &emsp; &emsp;--- 16 Oct 09:21:02 695 - Catched spinner load exception due to Expected condition failed: waiting for ICar.support.WaitUtils$4@714addf7 (tried for 5 second(s) with 500 milliseconds interval)</small> </font> </div>
<div class="test-event"> <font color="maroon"> <small> &emsp; &emsp;--- 16 Oct 09:21:02 695 - <b>5</b> - Spinner Load Wait: (Sync) - ICar.support.WaitUtils.waitForSpinner(WaitUtils.java:225)</small> </font> </div>
<div class="test-event"> <font color="maroon"> <small> &emsp; &emsp;--- 16 Oct 09:21:03 517 - Page URL:: https://i-car--staging.sandbox.lightning.force.com/one/one.app#eyjjb21wb25lbnrezwyioijmb3jjzvnlyxjjadpzzwfyy2hqywdlrgvza3rvccisimf0dhjpynv0zxmionsidgvybsi6ildpbnnrawxsief1dg8gqm9kesisinnjb3bltwfwijp7inr5cguioijut1bfukvtvuxuuyisim5hbwvzcgfjzsi6iiisimxhymvsijoivg9wifjlc3vsdhmilcjsywjlbfbsdxjhbci6ilrvccbszxn1bhrziiwicmvzdwx0c0ntcci6imzvcmnlu2vhcmnoonbyzwrpy3rlzfjlc3vsdhmifswiy29udgv4dci6eyjgsuxurvjtijp7fswic2vhcmnou291cmnlijoiqvntsvnuqu5ux0rjquxpryisimrpc2fibgvjbnrlbnrrdwvyesi6zmfsc2usimrpc2fibgvtcgvsbenvcnjly3rpb24iomzhbhnllcjzzwfyy2heawfsb2dtzxnzaw9uswqioijmodrjyjk3ms00mjywlwzlmtatzmjmos1lztgyzdm2mwy5ywuilcjkzwj1z0luzm8ionsiyxbwtmftzsi6ikldyxjfu2vydmljzv9db25zb2xliiwiyxbwvhlwzsi6iknvbnnvbguilcjhchboyw1lc3bhy2uioijjiiwibg9jyxrpb24ioijmb3jjztpvymply3rib21lrgvza3rvccisinnvymply3ruexblijoiqwnjb3vudcj9fswiz3jvdxbjzci6ikrfrkfvtfqifswic3rhdguiont9fq%3d%3d</small> </font> </div>
<div class="test-event"> <font color="maroon"> <small> &emsp; &emsp;--- 16 Oct 09:21:03 518 - <b>0</b> - Page Load Wait: (Sync) - ICar.support.Utils.waitForPageLoad(Utils.java:109)</small> </font> </div>
<div class="test-event"> <font color="maroon"> <small> &emsp; &emsp;--- 16 Oct 09:21:04 316 - Page URL:: https://i-car--staging.sandbox.lightning.force.com/one/one.app#eyjjb21wb25lbnrezwyioijmb3jjzvnlyxjjadpzzwfyy2hqywdlrgvza3rvccisimf0dhjpynv0zxmionsidgvybsi6ildpbnnrawxsief1dg8gqm9kesisinnjb3bltwfwijp7inr5cguioijut1bfukvtvuxuuyisim5hbwvzcgfjzsi6iiisimxhymvsijoivg9wifjlc3vsdhmilcjsywjlbfbsdxjhbci6ilrvccbszxn1bhrziiwicmvzdwx0c0ntcci6imzvcmnlu2vhcmnoonbyzwrpy3rlzfjlc3vsdhmifswiy29udgv4dci6eyjgsuxurvjtijp7fswic2vhcmnou291cmnlijoiqvntsvnuqu5ux0rjquxpryisimrpc2fibgvjbnrlbnrrdwvyesi6zmfsc2usimrpc2fibgvtcgvsbenvcnjly3rpb24iomzhbhnllcjzzwfyy2heawfsb2dtzxnzaw9uswqioijmodrjyjk3ms00mjywlwzlmtatzmjmos1lztgyzdm2mwy5ywuilcjkzwj1z0luzm8ionsiyxbwtmftzsi6ikldyxjfu2vydmljzv9db25zb2xliiwiyxbwvhlwzsi6iknvbnnvbguilcjhchboyw1lc3bhy2uioijjiiwibg9jyxrpb24ioijmb3jjztpvymply3rib21lrgvza3rvccisinnvymply3ruexblijoiqwnjb3vudcj9fswiz3jvdxbjzci6ikrfrkfvtfqifswic3rhdguiont9fq%3d%3d</small> </font> </div>
<div class="test-event"> <font color="maroon"> <small> &emsp; &emsp;--- 16 Oct 09:21:04 317 - <b>0</b> - Page Load Wait: (Sync) - ICar.support.Utils.waitForPageLoad(Utils.java:109)</small> </font> </div>
<div class="test-event"> <font color="maroon"> <small> &emsp; &emsp;--- 16 Oct 09:21:05 039 - Page URL:: https://i-car--staging.sandbox.lightning.force.com/one/one.app#eyjjb21wb25lbnrezwyioijmb3jjzvnlyxjjadpzzwfyy2hqywdlrgvza3rvccisimf0dhjpynv0zxmionsidgvybsi6ildpbnnrawxsief1dg8gqm9kesisinnjb3bltwfwijp7inr5cguioijut1bfukvtvuxuuyisim5hbwvzcgfjzsi6iiisimxhymvsijoivg9wifjlc3vsdhmilcjsywjlbfbsdxjhbci6ilrvccbszxn1bhrziiwicmvzdwx0c0ntcci6imzvcmnlu2vhcmnoonbyzwrpy3rlzfjlc3vsdhmifswiy29udgv4dci6eyjgsuxurvjtijp7fswic2vhcmnou291cmnlijoiqvntsvnuqu5ux0rjquxpryisimrpc2fibgvjbnrlbnrrdwvyesi6zmfsc2usimrpc2fibgvtcgvsbenvcnjly3rpb24iomzhbhnllcjzzwfyy2heawfsb2dtzxnzaw9uswqioijmodrjyjk3ms00mjywlwzlmtatzmjmos1lztgyzdm2mwy5ywuilcjkzwj1z0luzm8ionsiyxbwtmftzsi6ikldyxjfu2vydmljzv9db25zb2xliiwiyxbwvhlwzsi6iknvbnnvbguilcjhchboyw1lc3bhy2uioijjiiwibg9jyxrpb24ioijmb3jjztpvymply3rib21lrgvza3rvccisinnvymply3ruexblijoiqwnjb3vudcj9fswiz3jvdxbjzci6ikrfrkfvtfqifswic3rhdguiont9fq%3d%3d</small> </font> </div>
<div class="test-event"> <font color="maroon"> <small> &emsp; &emsp;--- 16 Oct 09:21:05 040 - <b>0</b> - Page Load Wait: (Sync) - ICar.support.Utils.waitForPageLoad(Utils.java:109)</small> </font> </div>
<div class="test-event"> <font color="maroon"> <small> &emsp; &emsp;--- 16 Oct 09:21:15 407 - Catched spinner load exception due to Expected condition failed: waiting for ICar.support.WaitUtils$4@714addf7 (tried for 10 second(s) with 500 milliseconds interval)</small> </font> </div>
<div class="test-event"> <font color="maroon"> <small> &emsp; &emsp;--- 16 Oct 09:21:15 408 - <b>10</b> - Spinner Load Wait: (Sync) - ICar.support.WaitUtils.waitForSpinner(WaitUtils.java:225)</small> </font> </div>
<div class="test-event"> <font color="maroon"> <small> &emsp; &emsp;--- 16 Oct 09:21:15 444 - Element is displayed:: [[ChromeDriver: chrome on WINDOWS (fbb16c74a55c0718c5e93362e73a11cf)] -> css selector: div.forceSearchResultsRegion div.resultsMultiWrapper >div > div table tbody th a]</small> </font> </div>
<div class="test-event"> <font color="maroon"> <small> &emsp; &emsp;--- 16 Oct 09:21:15 545 - Element is displayed:: [[ChromeDriver: chrome on WINDOWS (fbb16c74a55c0718c5e93362e73a11cf)] -> css selector: div.forceSearchResultsRegion div.resultsMultiWrapper >div > div table tbody th a]</small> </font> </div>
<div class="test-event"> <font color="maroon"> <small> &emsp; &emsp;--- 16 Oct 09:21:17 173 - Page URL:: https://i-car--staging.sandbox.lightning.force.com/lightning/r/account/0011i00000uwexiqae/view</small> </font> </div>
<div class="test-event"> <font color="maroon"> <small> &emsp; &emsp;--- 16 Oct 09:21:17 173 - <b>1</b> - Page Load Wait: (Sync) - ICar.support.Utils.waitForPageLoad(Utils.java:109)</small> </font> </div>
<div class="test-event"> <font color="maroon"> <small> &emsp; &emsp;--- 16 Oct 09:21:25 530 - Catched spinner load exception due to Expected condition failed: waiting for ICar.support.WaitUtils$4@714addf7 (tried for 8 second(s) with 500 milliseconds interval)</small> </font> </div>
<div class="test-event"> <font color="maroon"> <small> &emsp; &emsp;--- 16 Oct 09:21:25 530 - <b>8</b> - Spinner Load Wait: (Sync) - ICar.support.WaitUtils.waitForSpinner(WaitUtils.java:225)</small> </font> </div>
<div class="test-event"> <font color="maroon"> <small> &emsp; &emsp;--- 16 Oct 09:21:26 212 - Page URL:: https://i-car--staging.sandbox.lightning.force.com/lightning/r/account/0011i00000uwexiqae/view</small> </font> </div>
<div class="test-event"> <font color="maroon"> <small> &emsp; &emsp;--- 16 Oct 09:21:26 213 - <b>0</b> - Page Load Wait: (Sync) - ICar.support.Utils.waitForPageLoad(Utils.java:109)</small> </font> </div>
<div class="test-event"> <font color="maroon"> <small> &emsp; &emsp;--- 16 Oct 09:21:26 326 - Element is displayed:: [[ChromeDriver: chrome on WINDOWS (fbb16c74a55c0718c5e93362e73a11cf)] -> xpath: //flexipage-component2[@data-component-id='flowruntime_interview']//article//flowruntime-flow//flowruntime-navigation-bar//lightning-button/button[text()='Next']]</small> </font> </div>
<div class="test-event"> <font color="maroon"> <small> &emsp; &emsp;--- 16 Oct 09:21:27 155 - Page URL:: https://i-car--staging.sandbox.lightning.force.com/lightning/r/account/0011i00000uwexiqae/view</small> </font> </div>
<div class="test-event"> <font color="maroon"> <small> &emsp; &emsp;--- 16 Oct 09:21:27 155 - <b>0</b> - Page Load Wait: (Sync) - ICar.support.Utils.waitForPageLoad(Utils.java:109)</small> </font> </div>
<div class="test-event"> <font color="maroon"> <small> &emsp; &emsp;--- 16 Oct 09:21:35 572 - Catched spinner load exception due to Expected condition failed: waiting for ICar.support.WaitUtils$4@714addf7 (tried for 8 second(s) with 500 milliseconds interval)</small> </font> </div>
<div class="test-event"> <font color="maroon"> <small> &emsp; &emsp;--- 16 Oct 09:21:35 572 - <b>8</b> - Spinner Load Wait: (Sync) - ICar.support.WaitUtils.waitForSpinner(WaitUtils.java:225)</small> </font> </div>
<div class="test-event"> <font color="maroon"> <small> &emsp; &emsp;--- 16 Oct 09:21:36 329 - Page URL:: https://i-car--staging.sandbox.lightning.force.com/lightning/r/account/0011i00000uwexiqae/view</small> </font> </div>
<div class="test-event"> <font color="maroon"> <small> &emsp; &emsp;--- 16 Oct 09:21:36 329 - <b>0</b> - Page Load Wait: (Sync) - ICar.support.Utils.waitForPageLoad(Utils.java:109)</small> </font> </div>
<div class="test-event"> <font color="maroon"> <small> &emsp; &emsp;--- 16 Oct 09:21:36 477 - Element is displayed:: [[ChromeDriver: chrome on WINDOWS (fbb16c74a55c0718c5e93362e73a11cf)] -> xpath: //input[@name='First_Name']]</small> </font> </div>
<div class="test-event"> <font color="maroon"> <small> &emsp; &emsp;--- 16 Oct 09:21:36 846 - Element is displayed:: [[ChromeDriver: chrome on WINDOWS (fbb16c74a55c0718c5e93362e73a11cf)] -> xpath: //input[@name='Last_Name']]</small> </font> </div>
<div class="test-event"> <font color="maroon"> <small> &emsp; &emsp;--- 16 Oct 09:21:39 711 - Element is displayed:: [[ChromeDriver: chrome on WINDOWS (fbb16c74a55c0718c5e93362e73a11cf)] -> xpath: //flexipage-component2[@data-component-id='flowruntime_interview']//article//flowruntime-flow//flowruntime-navigation-bar//lightning-button/button[text()='Next']]</small> </font> </div>
<div class="test-event"> <font color="maroon"> <small> &emsp; &emsp;--- 16 Oct 09:21:42 341 - Element is displayed:: [[ChromeDriver: chrome on WINDOWS (fbb16c74a55c0718c5e93362e73a11cf)] -> xpath: //flexipage-component2[@data-component-id='flowruntime_interview']//article//flowruntime-flow//flowruntime-navigation-bar//lightning-button/button[text()='Next']]</small> </font> </div>
<div class="test-event"> <font color="maroon"> <small> &emsp; &emsp;--- 16 Oct 09:21:43 232 - Page URL:: https://i-car--staging.sandbox.lightning.force.com/lightning/r/account/0011i00000uwexiqae/view</small> </font> </div>
<div class="test-event"> <font color="maroon"> <small> &emsp; &emsp;--- 16 Oct 09:21:43 232 - <b>0</b> - Page Load Wait: (Sync) - ICar.support.Utils.waitForPageLoad(Utils.java:109)</small> </font> </div>
<div class="test-event"> <font color="maroon"> <small> &emsp; &emsp;--- 16 Oct 09:21:51 484 - Catched spinner load exception due to Expected condition failed: waiting for ICar.support.WaitUtils$4@714addf7 (tried for 8 second(s) with 500 milliseconds interval)</small> </font> </div>
<div class="test-event"> <font color="maroon"> <small> &emsp; &emsp;--- 16 Oct 09:21:51 484 - <b>8</b> - Spinner Load Wait: (Sync) - ICar.support.WaitUtils.waitForSpinner(WaitUtils.java:225)</small> </font> </div>
<div class="test-event"> <font color="maroon"> <small> &emsp; &emsp;--- 16 Oct 09:21:52 332 - Page URL:: https://i-car--staging.sandbox.lightning.force.com/lightning/r/account/0011i00000uwexiqae/view</small> </font> </div>
<div class="test-event"> <font color="maroon"> <small> &emsp; &emsp;--- 16 Oct 09:21:52 332 - <b>0</b> - Page Load Wait: (Sync) - ICar.support.Utils.waitForPageLoad(Utils.java:109)</small> </font> </div>
<div class="test-event"> <font color="maroon"> <small> &emsp; &emsp;--- 16 Oct 09:21:53 156 - Page URL:: https://i-car--staging.sandbox.lightning.force.com/lightning/r/account/0011i00000uwexiqae/view</small> </font> </div>
<div class="test-event"> <font color="maroon"> <small> &emsp; &emsp;--- 16 Oct 09:21:53 156 - <b>0</b> - Page Load Wait: (Sync) - ICar.support.Utils.waitForPageLoad(Utils.java:109)</small> </font> </div>
<div class="test-event"> <font color="maroon"> <small> &emsp; &emsp;--- 16 Oct 09:22:01 440 - Catched spinner load exception due to Expected condition failed: waiting for ICar.support.WaitUtils$4@714addf7 (tried for 8 second(s) with 500 milliseconds interval)</small> </font> </div>
<div class="test-event"> <font color="maroon"> <small> &emsp; &emsp;--- 16 Oct 09:22:01 440 - <b>8</b> - Spinner Load Wait: (Sync) - ICar.support.WaitUtils.waitForSpinner(WaitUtils.java:225)</small> </font> </div>
<div class="test-event"> <font color="maroon"> <small> &emsp; &emsp;--- 16 Oct 09:22:02 329 - Page URL:: https://i-car--staging.sandbox.lightning.force.com/lightning/r/account/0011i00000uwexiqae/view</small> </font> </div>
<div class="test-event"> <font color="maroon"> <small> &emsp; &emsp;--- 16 Oct 09:22:02 330 - <b>0</b> - Page Load Wait: (Sync) - ICar.support.Utils.waitForPageLoad(Utils.java:109)</small> </font> </div>
<div class="test-event"> <font color="maroon"> <small> &emsp; &emsp;--- 16 Oct 09:22:03 401 - Page URL:: https://i-car--staging.sandbox.lightning.force.com/lightning/r/account/0011i00000uwexiqae/view</small> </font> </div>
<div class="test-event"> <font color="maroon"> <small> &emsp; &emsp;--- 16 Oct 09:22:03 401 - <b>0</b> - Page Load Wait: (Sync) - ICar.support.Utils.waitForPageLoad(Utils.java:109)</small> </font> </div>
<div class="test-event"> <font color="maroon"> <small> &emsp; &emsp;--- 16 Oct 09:22:11 506 - Catched spinner load exception due to Expected condition failed: waiting for ICar.support.WaitUtils$4@714addf7 (tried for 8 second(s) with 500 milliseconds interval)</small> </font> </div>
<div class="test-event"> <font color="maroon"> <small> &emsp; &emsp;--- 16 Oct 09:22:11 506 - <b>8</b> - Spinner Load Wait: (Sync) - ICar.support.WaitUtils.waitForSpinner(WaitUtils.java:225)</small> </font> </div>
<div class="test-event"> <font color="maroon"> <small> &emsp; &emsp;--- 16 Oct 09:22:12 297 - Page URL:: https://i-car--staging.sandbox.lightning.force.com/lightning/r/account/0011i00000uwexiqae/view</small> </font> </div>
<div class="test-event"> <font color="maroon"> <small> &emsp; &emsp;--- 16 Oct 09:22:12 298 - <b>0</b> - Page Load Wait: (Sync) - ICar.support.Utils.waitForPageLoad(Utils.java:109)</small> </font> </div>
<div class="test-event"> <font color="maroon"> <small> &emsp; &emsp;--- 16 Oct 09:22:12 405 - Element is displayed:: [[ChromeDriver: chrome on WINDOWS (fbb16c74a55c0718c5e93362e73a11cf)] -> xpath: //flexipage-component2[@data-component-id='flowruntime_interview']//article//flowruntime-flow//flowruntime-navigation-bar//lightning-button/button[text()='Finish']]</small> </font> </div>
<div class="test-message">&emsp;Success fuly created the Student to Account:3131548&emsp;<a href=".\ScreenShot\ICar_B2B944_TC01_38099885066200.png" target="_blank" >[ScreenShot]</a></div>
<div class="test-result"><br><font color="green"><strong> Test Passed. </strong></font> </div>&emsp;
&emsp;<div class="test-title"> <strong><font size = "3" color = "#0000FF">---Test Execution Ends---</font> </strong> </div>&emsp;]]>
    </system-out>
  </testcase> <!-- ICar_B2B944_TC01 -->
  <testcase classname="BAM_Misc.BAMtestscripts" name="ICar_B2B944_TC02" time="165.500">
    <system-out>
      <![CDATA[<div class="test-event"> <font color="maroon"> <small> &emsp; &emsp;--- 16 Oct 11:25:12 008 - TestCaseID:: ICar_B2B944_TC02</small> </font> </div>
<div class="test-event"> <font color="maroon"> <small> &emsp; &emsp;--- 16 Oct 11:25:13 215 - <b>1</b> - Driver::initialize::Get - ICar.support.WebDriverFactory.getDriver(WebDriverFactory.java:640)</small> </font> </div>
&emsp;<div class="test-title"> <strong><font size = "3" color = "#000080">View the contact to see if the fields are populated</font> </strong> </div>&emsp;<div><strong>Steps:</strong></div><!-- Report -->&emsp;
<div class="test-event"> <font color="maroon"> <small> &emsp; &emsp;--- 16 Oct 11:25:17 975 - Page URL:: https://i-car--staging.sandbox.my.salesforce.com/</small> </font> </div>
<div class="test-event"> <font color="maroon"> <small> &emsp; &emsp;--- 16 Oct 11:25:17 975 - <b>0</b> - Page Load Wait: (Sync) - ICar.support.Utils.waitForPageLoad(Utils.java:109)</small> </font> </div>
<div class="test-message">&emsp;Successfully navigated to 'Login' Page&emsp;<a href=".\ScreenShot\ICar_B2B944_TC02_45485403391200.png" target="_blank" >[ScreenShot]</a></div>
<div class="test-message">&emsp;1. Login page is launched.</div>
<div class="test-event"> <font color="maroon"> <small> &emsp; &emsp;--- 16 Oct 11:25:18 263 - Element is displayed:: [[ChromeDriver: chrome on WINDOWS (c1fd959aafb591e040b1659ed1defbb4)] -> id: username]</small> </font> </div>
<div class="test-event"> <font color="maroon"> <small> &emsp; &emsp;--- 16 Oct 11:25:18 352 - Element is displayed:: [[ChromeDriver: chrome on WINDOWS (c1fd959aafb591e040b1659ed1defbb4)] -> id: username]</small> </font> </div>
<div class="test-event"> <font color="maroon"> <small> &emsp; &emsp;--- 16 Oct 11:25:18 703 - Element is displayed:: [[ChromeDriver: chrome on WINDOWS (c1fd959aafb591e040b1659ed1defbb4)] -> id: password]</small> </font> </div>
<div class="test-event"> <font color="maroon"> <small> &emsp; &emsp;--- 16 Oct 11:25:19 173 - Element is displayed:: [[ChromeDriver: chrome on WINDOWS (c1fd959aafb591e040b1659ed1defbb4)] -> id: Login]</small> </font> </div>
<div class="test-event"> <font color="maroon"> <small> &emsp; &emsp;--- 16 Oct 11:25:44 297 - Catched spinner load exception due to Expected condition failed: waiting for ICar.support.WaitUtils$4@714addf7 (tried for 13 second(s) with 500 milliseconds interval)</small> </font> </div>
<div class="test-event"> <font color="maroon"> <small> &emsp; &emsp;--- 16 Oct 11:25:44 298 - <b>13</b> - Spinner Load Wait: (Sync) - ICar.support.WaitUtils.waitForSpinner(WaitUtils.java:225)</small> </font> </div>
<div class="test-event"> <font color="maroon"> <small> &emsp; &emsp;--- 16 Oct 11:26:02 073 - Catched spinner load exception due to Expected condition failed: waiting for ICar.support.WaitUtils$4@714addf7 (tried for 6 second(s) with 500 milliseconds interval)</small> </font> </div>
<div class="test-event"> <font color="maroon"> <small> &emsp; &emsp;--- 16 Oct 11:26:02 073 - <b>6</b> - Spinner Load Wait: (Sync) - ICar.support.WaitUtils.waitForSpinner(WaitUtils.java:225)</small> </font> </div>
<div class="test-event"> <font color="maroon"> <small> &emsp; &emsp;--- 16 Oct 11:26:02 143 - Element is displayed:: [[ChromeDriver: chrome on WINDOWS (c1fd959aafb591e040b1659ed1defbb4)] -> css selector: button[class*='search-button']]</small> </font> </div>
<div class="test-message">&emsp;2. Navigate to 'SalesForce Page'</div>
<div class="test-event"> <font color="maroon"> <small> &emsp; &emsp;--- 16 Oct 11:26:02 447 - Page URL:: https://i-car--staging.sandbox.lightning.force.com/lightning/r/sked__job__c/a2mvc000000mt2vyae/view</small> </font> </div>
<div class="test-event"> <font color="maroon"> <small> &emsp; &emsp;--- 16 Oct 11:26:02 448 - <b>0</b> - Page Load Wait: (Sync) - ICar.support.Utils.waitForPageLoad(Utils.java:109)</small> </font> </div>
<div class="test-event"> <font color="maroon"> <small> &emsp; &emsp;--- 16 Oct 11:26:07 751 - Page URL:: https://i-car--staging.sandbox.lightning.force.com/lightning/r/sked__job__c/a2mvc000000mt2vyae/view</small> </font> </div>
<div class="test-event"> <font color="maroon"> <small> &emsp; &emsp;--- 16 Oct 11:26:07 752 - <b>0</b> - Page Load Wait: (Sync) - ICar.support.Utils.waitForPageLoad(Utils.java:109)</small> </font> </div>
<div class="test-message">&emsp;Successfully navigated to 'Login' Page&emsp;<a href=".\ScreenShot\ICar_B2B944_TC02_45539311508100.png" target="_blank" >[ScreenShot]</a></div>
<div class="test-message">&emsp;3. Enter the user credentials as : icaradminautomation3@i-car.com.staging</div>
<div class="test-event"> <font color="maroon"> <small> &emsp; &emsp;--- 16 Oct 11:26:12 399 - Page URL:: https://i-car--staging.sandbox.lightning.force.com/lightning/r/sked__job__c/a2mvc000000mt2vyae/view</small> </font> </div>
<div class="test-event"> <font color="maroon"> <small> &emsp; &emsp;--- 16 Oct 11:26:12 399 - <b>0</b> - Page Load Wait: (Sync) - ICar.support.Utils.waitForPageLoad(Utils.java:109)</small> </font> </div>
<div class="test-event"> <font color="maroon"> <small> &emsp; &emsp;--- 16 Oct 11:26:17 772 - Page URL:: https://i-car--staging.sandbox.lightning.force.com/lightning/o/account/list?filtername=accounts</small> </font> </div>
<div class="test-event"> <font color="maroon"> <small> &emsp; &emsp;--- 16 Oct 11:26:17 772 - <b>0</b> - Page Load Wait: (Sync) - ICar.support.Utils.waitForPageLoad(Utils.java:109)</small> </font> </div>
<div class="test-message">&emsp;Close the tab</div>
<div class="test-event"> <font color="maroon"> <small> &emsp; &emsp;--- 16 Oct 11:26:23 410 - Page URL:: https://i-car--staging.sandbox.lightning.force.com/lightning/o/account/list?filtername=accounts</small> </font> </div>
<div class="test-event"> <font color="maroon"> <small> &emsp; &emsp;--- 16 Oct 11:26:23 410 - <b>0</b> - Page Load Wait: (Sync) - ICar.support.Utils.waitForPageLoad(Utils.java:109)</small> </font> </div>
<div class="test-event"> <font color="maroon"> <small> &emsp; &emsp;--- 16 Oct 11:26:23 471 - Element is displayed:: [[ChromeDriver: chrome on WINDOWS (c1fd959aafb591e040b1659ed1defbb4)] -> css selector: button[class*='search-button']]</small> </font> </div>
<div class="test-event"> <font color="maroon"> <small> &emsp; &emsp;--- 16 Oct 11:26:25 577 - Catched spinner load exception due to Expected condition failed: waiting for ICar.support.WaitUtils$4@714addf7 (tried for 2 second(s) with 500 milliseconds interval)</small> </font> </div>
<div class="test-event"> <font color="maroon"> <small> &emsp; &emsp;--- 16 Oct 11:26:25 577 - <b>2</b> - Spinner Load Wait: (Sync) - ICar.support.WaitUtils.waitForSpinner(WaitUtils.java:225)</small> </font> </div>
<div class="test-event"> <font color="maroon"> <small> &emsp; &emsp;--- 16 Oct 11:26:28 652 - Element is displayed:: [[ChromeDriver: chrome on WINDOWS (c1fd959aafb591e040b1659ed1defbb4)] -> css selector: button[class*='search-button']]</small> </font> </div>
<div class="test-event"> <font color="maroon"> <small> &emsp; &emsp;--- 16 Oct 11:26:29 230 - Page URL:: https://i-car--staging.sandbox.lightning.force.com/lightning/o/account/list?filtername=accounts</small> </font> </div>
<div class="test-event"> <font color="maroon"> <small> &emsp; &emsp;--- 16 Oct 11:26:29 231 - <b>0</b> - Page Load Wait: (Sync) - ICar.support.Utils.waitForPageLoad(Utils.java:109)</small> </font> </div>
<div class="test-event"> <font color="maroon"> <small> &emsp; &emsp;--- 16 Oct 11:26:48 712 - Catched spinner load exception due to Expected condition failed: waiting for ICar.support.WaitUtils$4@714addf7 (tried for 10 second(s) with 500 milliseconds interval)</small> </font> </div>
<div class="test-event"> <font color="maroon"> <small> &emsp; &emsp;--- 16 Oct 11:26:48 712 - <b>10</b> - Spinner Load Wait: (Sync) - ICar.support.WaitUtils.waitForSpinner(WaitUtils.java:225)</small> </font> </div>
<div class="test-event"> <font color="maroon"> <small> &emsp; &emsp;--- 16 Oct 11:26:49 234 - Page URL:: https://i-car--staging.sandbox.lightning.force.com/one/one.app#eyjjb21wb25lbnrezwyioijmb3jjzvnlyxjjadpzzwfyy2hqywdlrgvza3rvccisimf0dhjpynv0zxmionsidgvybsi6ijmxmze1ndgilcjzy29wzu1hcci6eyj0exblijoive9qx1jfu1vmvfmilcjuyw1lc3bhy2uioiiilcjsywjlbci6ilrvccbszxn1bhrziiwibgfizwxqbhvyywwioijub3agumvzdwx0cyisinjlc3vsdhndbxaioijmb3jjzvnlyxjjadpwcmvkawn0zwrszxn1bhrzin0simnvbnrlehqionsirklmvevsuyi6e30sinnlyxjjafnvdxjjzsi6ikftu0ltvefovf9esufmt0cilcjkaxnhymxlsw50zw50uxvlcnkiomzhbhnllcjkaxnhymxlu3blbgxdb3jyzwn0aw9uijpmywxzzswic2vhcmnorglhbg9nu2vzc2lvbklkijoizduxyjk1ntqtmtixzc03ymnkltrknwqtmzmzmwy5njyymde4iiwizgvidwdjbmzvijp7imfwce5hbwuioijjq2fyx1nlcnzpy2vfq29uc29szsisimfwcfr5cguioijdb25zb2xliiwiyxbwtmftzxnwywnlijoiyyisimxvy2f0aw9uijoizm9yy2u6b2jqzwn0sg9tzurlc2t0b3ailcjzb2jqzwn0vhlwzsi6ikfjy291bnqifx0simdyb3vwswqioijeruzbvuxuin0sinn0yxrlijp7fx0%3d</small> </font> </div>
<div class="test-event"> <font color="maroon"> <small> &emsp; &emsp;--- 16 Oct 11:26:49 234 - <b>0</b> - Page Load Wait: (Sync) - ICar.support.Utils.waitForPageLoad(Utils.java:109)</small> </font> </div>
<div class="test-event"> <font color="maroon"> <small> &emsp; &emsp;--- 16 Oct 11:27:00 709 - Catched spinner load exception due to Expected condition failed: waiting for ICar.support.WaitUtils$4@714addf7 (tried for 11 second(s) with 500 milliseconds interval)</small> </font> </div>
<div class="test-event"> <font color="maroon"> <small> &emsp; &emsp;--- 16 Oct 11:27:00 709 - <b>11</b> - Spinner Load Wait: (Sync) - ICar.support.WaitUtils.waitForSpinner(WaitUtils.java:225)</small> </font> </div>
<div class="test-event"> <font color="maroon"> <small> &emsp; &emsp;--- 16 Oct 11:27:01 245 - Page URL:: https://i-car--staging.sandbox.lightning.force.com/one/one.app#eyjjb21wb25lbnrezwyioijmb3jjzvnlyxjjadpzzwfyy2hqywdlrgvza3rvccisimf0dhjpynv0zxmionsidgvybsi6ijmxmze1ndgilcjzy29wzu1hcci6eyj0exblijoive9qx1jfu1vmvfmilcjuyw1lc3bhy2uioiiilcjsywjlbci6ilrvccbszxn1bhrziiwibgfizwxqbhvyywwioijub3agumvzdwx0cyisinjlc3vsdhndbxaioijmb3jjzvnlyxjjadpwcmvkawn0zwrszxn1bhrzin0simnvbnrlehqionsirklmvevsuyi6e30sinnlyxjjafnvdxjjzsi6ikftu0ltvefovf9esufmt0cilcjkaxnhymxlsw50zw50uxvlcnkiomzhbhnllcjkaxnhymxlu3blbgxdb3jyzwn0aw9uijpmywxzzswic2vhcmnorglhbg9nu2vzc2lvbklkijoizduxyjk1ntqtmtixzc03ymnkltrknwqtmzmzmwy5njyymde4iiwizgvidwdjbmzvijp7imfwce5hbwuioijjq2fyx1nlcnzpy2vfq29uc29szsisimfwcfr5cguioijdb25zb2xliiwiyxbwtmftzxnwywnlijoiyyisimxvy2f0aw9uijoizm9yy2u6b2jqzwn0sg9tzurlc2t0b3ailcjzb2jqzwn0vhlwzsi6ikfjy291bnqifx0simdyb3vwswqioijeruzbvuxuin0sinn0yxrlijp7fx0%3d</small> </font> </div>
<div class="test-event"> <font color="maroon"> <small> &emsp; &emsp;--- 16 Oct 11:27:01 245 - <b>0</b> - Page Load Wait: (Sync) - ICar.support.Utils.waitForPageLoad(Utils.java:109)</small> </font> </div>
<div class="test-event"> <font color="maroon"> <small> &emsp; &emsp;--- 16 Oct 11:27:01 304 - Element is displayed:: [[ChromeDriver: chrome on WINDOWS (c1fd959aafb591e040b1659ed1defbb4)] -> xpath: //a[@title='Top Results']//span[text()='Top Results']]</small> </font> </div>
<div class="test-event"> <font color="maroon"> <small> &emsp; &emsp;--- 16 Oct 11:27:01 680 - Page URL:: https://i-car--staging.sandbox.lightning.force.com/one/one.app#eyjjb21wb25lbnrezwyioijmb3jjzvnlyxjjadpzzwfyy2hqywdlrgvza3rvccisimf0dhjpynv0zxmionsidgvybsi6ijmxmze1ndgilcjzy29wzu1hcci6eyj0exblijoive9qx1jfu1vmvfmilcjuyw1lc3bhy2uioiiilcjsywjlbci6ilrvccbszxn1bhrziiwibgfizwxqbhvyywwioijub3agumvzdwx0cyisinjlc3vsdhndbxaioijmb3jjzvnlyxjjadpwcmvkawn0zwrszxn1bhrzin0simnvbnrlehqionsirklmvevsuyi6e30sinnlyxjjafnvdxjjzsi6ikftu0ltvefovf9esufmt0cilcjkaxnhymxlsw50zw50uxvlcnkiomzhbhnllcjkaxnhymxlu3blbgxdb3jyzwn0aw9uijpmywxzzswic2vhcmnorglhbg9nu2vzc2lvbklkijoizduxyjk1ntqtmtixzc03ymnkltrknwqtmzmzmwy5njyymde4iiwizgvidwdjbmzvijp7imfwce5hbwuioijjq2fyx1nlcnzpy2vfq29uc29szsisimfwcfr5cguioijdb25zb2xliiwiyxbwtmftzxnwywnlijoiyyisimxvy2f0aw9uijoizm9yy2u6b2jqzwn0sg9tzurlc2t0b3ailcjzb2jqzwn0vhlwzsi6ikfjy291bnqifx0simdyb3vwswqioijeruzbvuxuin0sinn0yxrlijp7fx0%3d</small> </font> </div>
<div class="test-event"> <font color="maroon"> <small> &emsp; &emsp;--- 16 Oct 11:27:01 680 - <b>0</b> - Page Load Wait: (Sync) - ICar.support.Utils.waitForPageLoad(Utils.java:109)</small> </font> </div>
<div class="test-event"> <font color="maroon"> <small> &emsp; &emsp;--- 16 Oct 11:27:06 703 - Catched spinner load exception due to Expected condition failed: waiting for ICar.support.WaitUtils$4@714addf7 (tried for 5 second(s) with 500 milliseconds interval)</small> </font> </div>
<div class="test-event"> <font color="maroon"> <small> &emsp; &emsp;--- 16 Oct 11:27:06 703 - <b>5</b> - Spinner Load Wait: (Sync) - ICar.support.WaitUtils.waitForSpinner(WaitUtils.java:225)</small> </font> </div>
<div class="test-event"> <font color="maroon"> <small> &emsp; &emsp;--- 16 Oct 11:27:07 191 - Page URL:: https://i-car--staging.sandbox.lightning.force.com/one/one.app#eyjjb21wb25lbnrezwyioijmb3jjzvnlyxjjadpzzwfyy2hqywdlrgvza3rvccisimf0dhjpynv0zxmionsidgvybsi6ijmxmze1ndgilcjzy29wzu1hcci6eyj0exblijoive9qx1jfu1vmvfmilcjuyw1lc3bhy2uioiiilcjsywjlbci6ilrvccbszxn1bhrziiwibgfizwxqbhvyywwioijub3agumvzdwx0cyisinjlc3vsdhndbxaioijmb3jjzvnlyxjjadpwcmvkawn0zwrszxn1bhrzin0simnvbnrlehqionsirklmvevsuyi6e30sinnlyxjjafnvdxjjzsi6ikftu0ltvefovf9esufmt0cilcjkaxnhymxlsw50zw50uxvlcnkiomzhbhnllcjkaxnhymxlu3blbgxdb3jyzwn0aw9uijpmywxzzswic2vhcmnorglhbg9nu2vzc2lvbklkijoizduxyjk1ntqtmtixzc03ymnkltrknwqtmzmzmwy5njyymde4iiwizgvidwdjbmzvijp7imfwce5hbwuioijjq2fyx1nlcnzpy2vfq29uc29szsisimfwcfr5cguioijdb25zb2xliiwiyxbwtmftzxnwywnlijoiyyisimxvy2f0aw9uijoizm9yy2u6b2jqzwn0sg9tzurlc2t0b3ailcjzb2jqzwn0vhlwzsi6ikfjy291bnqifx0simdyb3vwswqioijeruzbvuxuin0sinn0yxrlijp7fx0%3d</small> </font> </div>
<div class="test-event"> <font color="maroon"> <small> &emsp; &emsp;--- 16 Oct 11:27:07 191 - <b>0</b> - Page Load Wait: (Sync) - ICar.support.Utils.waitForPageLoad(Utils.java:109)</small> </font> </div>
<div class="test-event"> <font color="maroon"> <small> &emsp; &emsp;--- 16 Oct 11:27:07 715 - Page URL:: https://i-car--staging.sandbox.lightning.force.com/one/one.app#eyjjb21wb25lbnrezwyioijmb3jjzvnlyxjjadpzzwfyy2hqywdlrgvza3rvccisimf0dhjpynv0zxmionsidgvybsi6ijmxmze1ndgilcjzy29wzu1hcci6eyj0exblijoive9qx1jfu1vmvfmilcjuyw1lc3bhy2uioiiilcjsywjlbci6ilrvccbszxn1bhrziiwibgfizwxqbhvyywwioijub3agumvzdwx0cyisinjlc3vsdhndbxaioijmb3jjzvnlyxjjadpwcmvkawn0zwrszxn1bhrzin0simnvbnrlehqionsirklmvevsuyi6e30sinnlyxjjafnvdxjjzsi6ikftu0ltvefovf9esufmt0cilcjkaxnhymxlsw50zw50uxvlcnkiomzhbhnllcjkaxnhymxlu3blbgxdb3jyzwn0aw9uijpmywxzzswic2vhcmnorglhbg9nu2vzc2lvbklkijoizduxyjk1ntqtmtixzc03ymnkltrknwqtmzmzmwy5njyymde4iiwizgvidwdjbmzvijp7imfwce5hbwuioijjq2fyx1nlcnzpy2vfq29uc29szsisimfwcfr5cguioijdb25zb2xliiwiyxbwtmftzxnwywnlijoiyyisimxvy2f0aw9uijoizm9yy2u6b2jqzwn0sg9tzurlc2t0b3ailcjzb2jqzwn0vhlwzsi6ikfjy291bnqifx0simdyb3vwswqioijeruzbvuxuin0sinn0yxrlijp7fx0%3d</small> </font> </div>
<div class="test-event"> <font color="maroon"> <small> &emsp; &emsp;--- 16 Oct 11:27:07 715 - <b>0</b> - Page Load Wait: (Sync) - ICar.support.Utils.waitForPageLoad(Utils.java:109)</small> </font> </div>
<div class="test-event"> <font color="maroon"> <small> &emsp; &emsp;--- 16 Oct 11:27:08 197 - Page URL:: https://i-car--staging.sandbox.lightning.force.com/one/one.app#eyjjb21wb25lbnrezwyioijmb3jjzvnlyxjjadpzzwfyy2hqywdlrgvza3rvccisimf0dhjpynv0zxmionsidgvybsi6ijmxmze1ndgilcjzy29wzu1hcci6eyj0exblijoive9qx1jfu1vmvfmilcjuyw1lc3bhy2uioiiilcjsywjlbci6ilrvccbszxn1bhrziiwibgfizwxqbhvyywwioijub3agumvzdwx0cyisinjlc3vsdhndbxaioijmb3jjzvnlyxjjadpwcmvkawn0zwrszxn1bhrzin0simnvbnrlehqionsirklmvevsuyi6e30sinnlyxjjafnvdxjjzsi6ikftu0ltvefovf9esufmt0cilcjkaxnhymxlsw50zw50uxvlcnkiomzhbhnllcjkaxnhymxlu3blbgxdb3jyzwn0aw9uijpmywxzzswic2vhcmnorglhbg9nu2vzc2lvbklkijoizduxyjk1ntqtmtixzc03ymnkltrknwqtmzmzmwy5njyymde4iiwizgvidwdjbmzvijp7imfwce5hbwuioijjq2fyx1nlcnzpy2vfq29uc29szsisimfwcfr5cguioijdb25zb2xliiwiyxbwtmftzxnwywnlijoiyyisimxvy2f0aw9uijoizm9yy2u6b2jqzwn0sg9tzurlc2t0b3ailcjzb2jqzwn0vhlwzsi6ikfjy291bnqifx0simdyb3vwswqioijeruzbvuxuin0sinn0yxrlijp7fx0%3d</small> </font> </div>
<div class="test-event"> <font color="maroon"> <small> &emsp; &emsp;--- 16 Oct 11:27:08 198 - <b>0</b> - Page Load Wait: (Sync) - ICar.support.Utils.waitForPageLoad(Utils.java:109)</small> </font> </div>
<div class="test-event"> <font color="maroon"> <small> &emsp; &emsp;--- 16 Oct 11:27:16 508 - Catched spinner load exception due to Expected condition failed: waiting for ICar.support.WaitUtils$4@714addf7 (tried for 8 second(s) with 500 milliseconds interval)</small> </font> </div>
<div class="test-event"> <font color="maroon"> <small> &emsp; &emsp;--- 16 Oct 11:27:16 508 - <b>8</b> - Spinner Load Wait: (Sync) - ICar.support.WaitUtils.waitForSpinner(WaitUtils.java:225)</small> </font> </div>
<div class="test-event"> <font color="maroon"> <small> &emsp; &emsp;--- 16 Oct 11:27:17 036 - Page URL:: https://i-car--staging.sandbox.lightning.force.com/one/one.app#eyjjb21wb25lbnrezwyioijmb3jjzvnlyxjjadpzzwfyy2hqywdlrgvza3rvccisimf0dhjpynv0zxmionsidgvybsi6ijmxmze1ndgilcjzy29wzu1hcci6eyj0exblijoive9qx1jfu1vmvfmilcjuyw1lc3bhy2uioiiilcjsywjlbci6ilrvccbszxn1bhrziiwibgfizwxqbhvyywwioijub3agumvzdwx0cyisinjlc3vsdhndbxaioijmb3jjzvnlyxjjadpwcmvkawn0zwrszxn1bhrzin0simnvbnrlehqionsirklmvevsuyi6e30sinnlyxjjafnvdxjjzsi6ikftu0ltvefovf9esufmt0cilcjkaxnhymxlsw50zw50uxvlcnkiomzhbhnllcjkaxnhymxlu3blbgxdb3jyzwn0aw9uijpmywxzzswic2vhcmnorglhbg9nu2vzc2lvbklkijoizduxyjk1ntqtmtixzc03ymnkltrknwqtmzmzmwy5njyymde4iiwizgvidwdjbmzvijp7imfwce5hbwuioijjq2fyx1nlcnzpy2vfq29uc29szsisimfwcfr5cguioijdb25zb2xliiwiyxbwtmftzxnwywnlijoiyyisimxvy2f0aw9uijoizm9yy2u6b2jqzwn0sg9tzurlc2t0b3ailcjzb2jqzwn0vhlwzsi6ikfjy291bnqifx0simdyb3vwswqioijeruzbvuxuin0sinn0yxrlijp7fx0%3d</small> </font> </div>
<div class="test-event"> <font color="maroon"> <small> &emsp; &emsp;--- 16 Oct 11:27:17 036 - <b>0</b> - Page Load Wait: (Sync) - ICar.support.Utils.waitForPageLoad(Utils.java:109)</small> </font> </div>
<div class="test-event"> <font color="maroon"> <small> &emsp; &emsp;--- 16 Oct 11:27:19 118 - Element is displayed:: [[ChromeDriver: chrome on WINDOWS (c1fd959aafb591e040b1659ed1defbb4)] -> xpath: //div[contains(@class,'forceSearchResultsRegion')]//div[contains(@class,'resultsMultiWrapper')]/div/div[1]//following::h2//a]</small> </font> </div>
<div class="test-event"> <font color="maroon"> <small> &emsp; &emsp;--- 16 Oct 11:27:19 298 - Element is displayed:: [[ChromeDriver: chrome on WINDOWS (c1fd959aafb591e040b1659ed1defbb4)] -> xpath: //a[text()='Contacts']]</small> </font> </div>
<div class="test-event"> <font color="maroon"> <small> &emsp; &emsp;--- 16 Oct 11:27:23 519 - Element is displayed:: [[ChromeDriver: chrome on WINDOWS (c1fd959aafb591e040b1659ed1defbb4)] -> xpath: //div[text()='Contacts']//following :: table//tbody//th//span /a]</small> </font> </div>
<div class="test-event"> <font color="maroon"> <small> &emsp; &emsp;--- 16 Oct 11:27:24 017 - Page URL:: https://i-car--staging.sandbox.lightning.force.com/one/one.app#eyjjb21wb25lbnrezwyioijmb3jjzvnlyxjjadpzzwfyy2hqywdlrgvza3rvccisimf0dhjpynv0zxmionsidgvybsi6ijmxmze1ndgilcjzy29wzu1hcci6eyj0exblijoive9qx1jfu1vmvfmilcjuyw1lc3bhy2uioiiilcjsywjlbci6ilrvccbszxn1bhrziiwibgfizwxqbhvyywwioijub3agumvzdwx0cyisinjlc3vsdhndbxaioijmb3jjzvnlyxjjadpwcmvkawn0zwrszxn1bhrzin0simnvbnrlehqionsirklmvevsuyi6e30sinnlyxjjafnvdxjjzsi6ikftu0ltvefovf9esufmt0cilcjkaxnhymxlsw50zw50uxvlcnkiomzhbhnllcjkaxnhymxlu3blbgxdb3jyzwn0aw9uijpmywxzzswic2vhcmnorglhbg9nu2vzc2lvbklkijoizduxyjk1ntqtmtixzc03ymnkltrknwqtmzmzmwy5njyymde4iiwizgvidwdjbmzvijp7imfwce5hbwuioijjq2fyx1nlcnzpy2vfq29uc29szsisimfwcfr5cguioijdb25zb2xliiwiyxbwtmftzxnwywnlijoiyyisimxvy2f0aw9uijoizm9yy2u6b2jqzwn0sg9tzurlc2t0b3ailcjzb2jqzwn0vhlwzsi6ikfjy291bnqifx0simdyb3vwswqioijeruzbvuxuin0sinn0yxrlijp7fx0%3d</small> </font> </div>
<div class="test-event"> <font color="maroon"> <small> &emsp; &emsp;--- 16 Oct 11:27:24 017 - <b>0</b> - Page Load Wait: (Sync) - ICar.support.Utils.waitForPageLoad(Utils.java:109)</small> </font> </div>
<div class="test-event"> <font color="maroon"> <small> &emsp; &emsp;--- 16 Oct 11:27:39 267 - Catched spinner load exception due to Expected condition failed: waiting for ICar.support.WaitUtils$4@714addf7 (tried for 15 second(s) with 500 milliseconds interval)</small> </font> </div>
<div class="test-event"> <font color="maroon"> <small> &emsp; &emsp;--- 16 Oct 11:27:39 267 - <b>15</b> - Spinner Load Wait: (Sync) - ICar.support.WaitUtils.waitForSpinner(WaitUtils.java:225)</small> </font> </div>
<div class="test-event"> <font color="maroon"> <small> &emsp; &emsp;--- 16 Oct 11:27:39 690 - Page URL:: https://i-car--staging.sandbox.lightning.force.com/lightning/r/contact/003vc00000d31abyaa/view</small> </font> </div>
<div class="test-event"> <font color="maroon"> <small> &emsp; &emsp;--- 16 Oct 11:27:39 690 - <b>0</b> - Page Load Wait: (Sync) - ICar.support.Utils.waitForPageLoad(Utils.java:109)</small> </font> </div>
<div class="test-event"> <font color="maroon"> <small> &emsp; &emsp;--- 16 Oct 11:27:41 821 - Element is displayed:: [[ChromeDriver: chrome on WINDOWS (c1fd959aafb591e040b1659ed1defbb4)] -> xpath: //a[@id='detailTab__item']]</small> </font> </div>
<div class="test-event"> <font color="maroon"> <small> &emsp; &emsp;--- 16 Oct 11:27:42 220 - Page URL:: https://i-car--staging.sandbox.lightning.force.com/lightning/r/contact/003vc00000d31abyaa/view</small> </font> </div>
<div class="test-event"> <font color="maroon"> <small> &emsp; &emsp;--- 16 Oct 11:27:42 220 - <b>0</b> - Page Load Wait: (Sync) - ICar.support.Utils.waitForPageLoad(Utils.java:109)</small> </font> </div>
<div class="test-event"> <font color="maroon"> <small> &emsp; &emsp;--- 16 Oct 11:27:57 283 - Catched spinner load exception due to Expected condition failed: waiting for ICar.support.WaitUtils$4@714addf7 (tried for 15 second(s) with 500 milliseconds interval)</small> </font> </div>
<div class="test-event"> <font color="maroon"> <small> &emsp; &emsp;--- 16 Oct 11:27:57 283 - <b>15</b> - Spinner Load Wait: (Sync) - ICar.support.WaitUtils.waitForSpinner(WaitUtils.java:225)</small> </font> </div>
<div class="test-event"> <font color="maroon"> <small> &emsp; &emsp;--- 16 Oct 11:27:57 695 - Page URL:: https://i-car--staging.sandbox.lightning.force.com/lightning/r/contact/003vc00000d31abyaa/view</small> </font> </div>
<div class="test-event"> <font color="maroon"> <small> &emsp; &emsp;--- 16 Oct 11:27:57 695 - <b>0</b> - Page Load Wait: (Sync) - ICar.support.Utils.waitForPageLoad(Utils.java:109)</small> </font> </div>
<div class="test-message">&emsp;Successfully verified the new contact information&emsp;<a href=".\ScreenShot\ICar_B2B944_TC02_45645501541600.png" target="_blank" >[ScreenShot]</a></div>
<div class="test-result"><br><font color="green"><strong> Test Passed. </strong></font> </div>&emsp;
&emsp;<div class="test-title"> <strong><font size = "3" color = "#0000FF">---Test Execution Ends---</font> </strong> </div>&emsp;]]>
    </system-out>
  </testcase> <!-- ICar_B2B944_TC02 -->
  <testcase classname="BAM_Misc.BAMtestscripts" name="ICar_BAM642_TC04" time="173.906">
    <error message="no such element: Unable to locate element: {&quot;method&quot;:&quot;xpath&quot;,&quot;selector&quot;:&quot;//span[2][text()=&#039;Gold Class&#039;]&quot;}
  (Session info: chrome=129.0.6668.101)
For documentation on this error, please visit: https://selenium.dev/exceptions/#no_such_element
Build info: version: &#039;4.6.0&#039;, revision: &#039;79f1c02ae20&#039;
System info: os.name: &#039;Windows 10&#039;, os.arch: &#039;amd64&#039;, os.version: &#039;10.0&#039;, java.version: &#039;16.0.2&#039;
Driver info: org.openqa.selenium.chrome.ChromeDriver
Command: [bd1f43eed00817b077ab3a404c610441, findElement {using=xpath, value=//span[2][text()=&#039;Gold Class&#039;]}]
Capabilities {acceptInsecureCerts: false, browserName: chrome, browserVersion: 129.0.6668.101, chrome: {chromedriverVersion: 129.0.6668.58 (81a06fb873a9..., userDataDir: C:\Users\PRATHA~1.KUM\AppDa...}, fedcm:accounts: true, goog:chromeOptions: {debuggerAddress: localhost:55534}, networkConnectionEnabled: false, pageLoadStrategy: normal, platformName: WINDOWS, proxy: Proxy(), se:cdp: ws://localhost:55534/devtoo..., se:cdpVersion: 129.0.6668.101, setWindowRect: true, strictFileInteractability: false, timeouts: {implicit: 0, pageLoad: 300000, script: 30000}, unhandledPromptBehavior: dismiss and notify, webauthn:extension:credBlob: true, webauthn:extension:largeBlob: true, webauthn:extension:minPinLength: true, webauthn:extension:prf: true, webauthn:virtualAuthenticators: true}
Session ID: bd1f43eed00817b077ab3a404c610441" type="org.openqa.selenium.NoSuchElementException">
      <![CDATA[org.openqa.selenium.NoSuchElementException: no such element: Unable to locate element: {"method":"xpath","selector":"//span[2][text()='Gold Class']"}
  (Session info: chrome=129.0.6668.101)
For documentation on this error, please visit: https://selenium.dev/exceptions/#no_such_element
Build info: version: '4.6.0', revision: '79f1c02ae20'
System info: os.name: 'Windows 10', os.arch: 'amd64', os.version: '10.0', java.version: '16.0.2'
Driver info: org.openqa.selenium.chrome.ChromeDriver
Command: [bd1f43eed00817b077ab3a404c610441, findElement {using=xpath, value=//span[2][text()='Gold Class']}]
Capabilities {acceptInsecureCerts: false, browserName: chrome, browserVersion: 129.0.6668.101, chrome: {chromedriverVersion: 129.0.6668.58 (81a06fb873a9..., userDataDir: C:\Users\PRATHA~1.KUM\AppDa...}, fedcm:accounts: true, goog:chromeOptions: {debuggerAddress: localhost:55534}, networkConnectionEnabled: false, pageLoadStrategy: normal, platformName: WINDOWS, proxy: Proxy(), se:cdp: ws://localhost:55534/devtoo..., se:cdpVersion: 129.0.6668.101, setWindowRect: true, strictFileInteractability: false, timeouts: {implicit: 0, pageLoad: 300000, script: 30000}, unhandledPromptBehavior: dismiss and notify, webauthn:extension:credBlob: true, webauthn:extension:largeBlob: true, webauthn:extension:minPinLength: true, webauthn:extension:prf: true, webauthn:virtualAuthenticators: true}
Session ID: bd1f43eed00817b077ab3a404c610441
at jdk.internal.reflect.GeneratedConstructorAccessor29.newInstance(Unknown Source)
at java.base/jdk.internal.reflect.DelegatingConstructorAccessorImpl.newInstance(DelegatingConstructorAccessorImpl.java:45)
at java.base/java.lang.reflect.Constructor.newInstanceWithCaller(Constructor.java:499)
at java.base/java.lang.reflect.Constructor.newInstance(Constructor.java:480)
at org.openqa.selenium.remote.codec.w3c.W3CHttpResponseCodec.createException(W3CHttpResponseCodec.java:200)
at org.openqa.selenium.remote.codec.w3c.W3CHttpResponseCodec.decode(W3CHttpResponseCodec.java:133)
at org.openqa.selenium.remote.codec.w3c.W3CHttpResponseCodec.decode(W3CHttpResponseCodec.java:53)
at org.openqa.selenium.remote.HttpCommandExecutor.execute(HttpCommandExecutor.java:193)
at org.openqa.selenium.remote.service.DriverCommandExecutor.invokeExecute(DriverCommandExecutor.java:183)
at org.openqa.selenium.remote.service.DriverCommandExecutor.execute(DriverCommandExecutor.java:158)
at org.openqa.selenium.remote.RemoteWebDriver.execute(RemoteWebDriver.java:543)
at org.openqa.selenium.remote.ElementLocation$ElementFinder$2.findElement(ElementLocation.java:162)
at org.openqa.selenium.remote.ElementLocation.findElement(ElementLocation.java:60)
at org.openqa.selenium.remote.RemoteWebDriver.findElement(RemoteWebDriver.java:352)
at org.openqa.selenium.remote.RemoteWebDriver.findElement(RemoteWebDriver.java:344)
at ICar.Pages.SalesForcePages.changeGoldClassCheckBox(SalesForcePages.java:9300)
at BAM_Misc.BAMtestscripts.ICar_BAM642_TC04(BAMtestscripts.java:371)
at java.base/jdk.internal.reflect.NativeMethodAccessorImpl.invoke0(Native Method)
at java.base/jdk.internal.reflect.NativeMethodAccessorImpl.invoke(NativeMethodAccessorImpl.java:78)
at java.base/jdk.internal.reflect.DelegatingMethodAccessorImpl.invoke(DelegatingMethodAccessorImpl.java:43)
at java.base/java.lang.reflect.Method.invoke(Method.java:567)
at org.testng.internal.invokers.MethodInvocationHelper.invokeMethod(MethodInvocationHelper.java:139)
at org.testng.internal.invokers.TestInvoker.invokeMethod(TestInvoker.java:664)
at org.testng.internal.invokers.TestInvoker.invokeTestMethod(TestInvoker.java:227)
at org.testng.internal.invokers.TestMethodWithDataProviderMethodWorker.call(TestMethodWithDataProviderMethodWorker.java:80)
at org.testng.internal.invokers.TestMethodWithDataProviderMethodWorker.call(TestMethodWithDataProviderMethodWorker.java:17)
at java.base/java.util.concurrent.FutureTask.run(FutureTask.java:264)
at java.base/java.util.concurrent.Executors$RunnableAdapter.call(Executors.java:515)
at java.base/java.util.concurrent.FutureTask.run(FutureTask.java:264)
at java.base/java.util.concurrent.ThreadPoolExecutor.runWorker(ThreadPoolExecutor.java:1130)
at java.base/java.util.concurrent.ThreadPoolExecutor$Worker.run(ThreadPoolExecutor.java:630)
at java.base/java.lang.Thread.run(Thread.java:831)
]]>
    </error>
    <system-out>
      <![CDATA[<div class="test-event"> <font color="maroon"> <small> &emsp; &emsp;--- 16 Oct 11:03:31 785 - TestCaseID:: ICar_BAM642_TC04</small> </font> </div>
<div class="test-event"> <font color="maroon"> <small> &emsp; &emsp;--- 16 Oct 11:03:32 931 - <b>1</b> - Driver::initialize::Get - ICar.support.WebDriverFactory.getDriver(WebDriverFactory.java:640)</small> </font> </div>
&emsp;<div class="test-title"> <strong><font size = "3" color = "#000080">Validate that "Required" label is removed in the GC status report</font> </strong> </div>&emsp;<div><strong>Steps:</strong></div><!-- Report -->&emsp;
<div class="test-event"> <font color="maroon"> <small> &emsp; &emsp;--- 16 Oct 11:03:39 293 - Page URL:: https://i-car--staging.sandbox.my.salesforce.com/</small> </font> </div>
<div class="test-event"> <font color="maroon"> <small> &emsp; &emsp;--- 16 Oct 11:03:39 293 - <b>0</b> - Page Load Wait: (Sync) - ICar.support.Utils.waitForPageLoad(Utils.java:109)</small> </font> </div>
<div class="test-message">&emsp;Successfully navigated to 'Login' Page</div>
<div class="test-message">&emsp;1. Login page is launched.</div>
<div class="test-event"> <font color="maroon"> <small> &emsp; &emsp;--- 16 Oct 11:03:39 343 - Element is displayed:: [[ChromeDriver: chrome on WINDOWS (bd1f43eed00817b077ab3a404c610441)] -> id: username]</small> </font> </div>
<div class="test-event"> <font color="maroon"> <small> &emsp; &emsp;--- 16 Oct 11:03:39 399 - Element is displayed:: [[ChromeDriver: chrome on WINDOWS (bd1f43eed00817b077ab3a404c610441)] -> id: username]</small> </font> </div>
<div class="test-event"> <font color="maroon"> <small> &emsp; &emsp;--- 16 Oct 11:03:39 625 - Element is displayed:: [[ChromeDriver: chrome on WINDOWS (bd1f43eed00817b077ab3a404c610441)] -> id: password]</small> </font> </div>
<div class="test-event"> <font color="maroon"> <small> &emsp; &emsp;--- 16 Oct 11:03:39 801 - Element is displayed:: [[ChromeDriver: chrome on WINDOWS (bd1f43eed00817b077ab3a404c610441)] -> id: Login]</small> </font> </div>
<div class="test-event"> <font color="maroon"> <small> &emsp; &emsp;--- 16 Oct 11:04:05 362 - Catched spinner load exception due to Expected condition failed: waiting for ICar.support.WaitUtils$4@714addf7 (tried for 13 second(s) with 500 milliseconds interval)</small> </font> </div>
<div class="test-event"> <font color="maroon"> <small> &emsp; &emsp;--- 16 Oct 11:04:05 362 - <b>13</b> - Spinner Load Wait: (Sync) - ICar.support.WaitUtils.waitForSpinner(WaitUtils.java:225)</small> </font> </div>
<div class="test-event"> <font color="maroon"> <small> &emsp; &emsp;--- 16 Oct 11:04:23 363 - Catched spinner load exception due to Expected condition failed: waiting for ICar.support.WaitUtils$4@714addf7 (tried for 6 second(s) with 500 milliseconds interval)</small> </font> </div>
<div class="test-event"> <font color="maroon"> <small> &emsp; &emsp;--- 16 Oct 11:04:23 364 - <b>6</b> - Spinner Load Wait: (Sync) - ICar.support.WaitUtils.waitForSpinner(WaitUtils.java:225)</small> </font> </div>
<div class="test-event"> <font color="maroon"> <small> &emsp; &emsp;--- 16 Oct 11:04:23 441 - Element is displayed:: [[ChromeDriver: chrome on WINDOWS (bd1f43eed00817b077ab3a404c610441)] -> css selector: button[class*='search-button']]</small> </font> </div>
<div class="test-message">&emsp;2. Navigate to 'SalesForce Page'</div>
<div class="test-event"> <font color="maroon"> <small> &emsp; &emsp;--- 16 Oct 11:04:24 772 - Page URL:: https://i-car--staging.sandbox.lightning.force.com/one/one.app#eyjjb21wb25lbnrezwyioijvbmu6ywxvagfqywdliiwiyxr0cmlidxrlcyi6eyjhzgryzxnzijoiahr0chm6ly9plwnhci0tc3rhz2luzy0tyy5zyw5kym94lnzmlmzvcmnllmnvbs9hcgv4l1jvc3rlck1hbmfnzw1lbnq%2fswq9mdaxmukwmdawmudhohf1in0sinn0yxrlijp7indzijoil2xpz2h0bmluzy9yl0fjy291bnqvmdaxmukwmdawmudhohf1uufcl3zpzxcifx0%3d</small> </font> </div>
<div class="test-event"> <font color="maroon"> <small> &emsp; &emsp;--- 16 Oct 11:04:24 772 - <b>1</b> - Page Load Wait: (Sync) - ICar.support.Utils.waitForPageLoad(Utils.java:109)</small> </font> </div>
<div class="test-event"> <font color="maroon"> <small> &emsp; &emsp;--- 16 Oct 11:04:31 160 - Page URL:: https://i-car--staging.sandbox.lightning.force.com/one/one.app#eyjjb21wb25lbnrezwyioijvbmu6ywxvagfqywdliiwiyxr0cmlidxrlcyi6eyjhzgryzxnzijoiahr0chm6ly9plwnhci0tc3rhz2luzy0tyy5zyw5kym94lnzmlmzvcmnllmnvbs9hcgv4l1jvc3rlck1hbmfnzw1lbnq%2fswq9mdaxmukwmdawmudhohf1in0sinn0yxrlijp7indzijoil2xpz2h0bmluzy9yl0fjy291bnqvmdaxmukwmdawmudhohf1uufcl3zpzxcifx0%3d</small> </font> </div>
<div class="test-event"> <font color="maroon"> <small> &emsp; &emsp;--- 16 Oct 11:04:31 160 - <b>1</b> - Page Load Wait: (Sync) - ICar.support.Utils.waitForPageLoad(Utils.java:109)</small> </font> </div>
<div class="test-message">&emsp;Successfully navigated to 'Login' Page</div>
<div class="test-message">&emsp;3. Enter the user credentials as : icaradminautomation3@i-car.com.staging</div>
<div class="test-message">&emsp;4. Enter the Icar id as : 2969674</div>
<div class="test-event"> <font color="maroon"> <small> &emsp; &emsp;--- 16 Oct 11:04:36 571 - Page URL:: https://i-car--staging.sandbox.lightning.force.com/one/one.app#eyjjb21wb25lbnrezwyioijvbmu6ywxvagfqywdliiwiyxr0cmlidxrlcyi6eyjhzgryzxnzijoiahr0chm6ly9plwnhci0tc3rhz2luzy0tyy5zyw5kym94lnzmlmzvcmnllmnvbs9hcgv4l1jvc3rlck1hbmfnzw1lbnq%2fswq9mdaxmukwmdawmudhohf1in0sinn0yxrlijp7indzijoil2xpz2h0bmluzy9yl0fjy291bnqvmdaxmukwmdawmudhohf1uufcl3zpzxcifx0%3d</small> </font> </div>
<div class="test-event"> <font color="maroon"> <small> &emsp; &emsp;--- 16 Oct 11:04:36 571 - <b>1</b> - Page Load Wait: (Sync) - ICar.support.Utils.waitForPageLoad(Utils.java:109)</small> </font> </div>
<div class="test-event"> <font color="maroon"> <small> &emsp; &emsp;--- 16 Oct 11:04:41 962 - Page URL:: https://i-car--staging.sandbox.lightning.force.com/lightning/o/account/list?filtername=accounts</small> </font> </div>
<div class="test-event"> <font color="maroon"> <small> &emsp; &emsp;--- 16 Oct 11:04:41 962 - <b>0</b> - Page Load Wait: (Sync) - ICar.support.Utils.waitForPageLoad(Utils.java:109)</small> </font> </div>
<div class="test-message">&emsp;Close the tab</div>
<div class="test-event"> <font color="maroon"> <small> &emsp; &emsp;--- 16 Oct 11:04:47 590 - Page URL:: https://i-car--staging.sandbox.lightning.force.com/lightning/o/account/list?filtername=accounts</small> </font> </div>
<div class="test-event"> <font color="maroon"> <small> &emsp; &emsp;--- 16 Oct 11:04:47 590 - <b>0</b> - Page Load Wait: (Sync) - ICar.support.Utils.waitForPageLoad(Utils.java:109)</small> </font> </div>
<div class="test-event"> <font color="maroon"> <small> &emsp; &emsp;--- 16 Oct 11:04:47 625 - Element is displayed:: [[ChromeDriver: chrome on WINDOWS (bd1f43eed00817b077ab3a404c610441)] -> css selector: button[class*='search-button']]</small> </font> </div>
<div class="test-event"> <font color="maroon"> <small> &emsp; &emsp;--- 16 Oct 11:04:49 715 - Catched spinner load exception due to Expected condition failed: waiting for ICar.support.WaitUtils$4@714addf7 (tried for 2 second(s) with 500 milliseconds interval)</small> </font> </div>
<div class="test-event"> <font color="maroon"> <small> &emsp; &emsp;--- 16 Oct 11:04:49 715 - <b>2</b> - Spinner Load Wait: (Sync) - ICar.support.WaitUtils.waitForSpinner(WaitUtils.java:225)</small> </font> </div>
<div class="test-event"> <font color="maroon"> <small> &emsp; &emsp;--- 16 Oct 11:04:52 774 - Element is displayed:: [[ChromeDriver: chrome on WINDOWS (bd1f43eed00817b077ab3a404c610441)] -> css selector: button[class*='search-button']]</small> </font> </div>
<div class="test-event"> <font color="maroon"> <small> &emsp; &emsp;--- 16 Oct 11:04:53 346 - Page URL:: https://i-car--staging.sandbox.lightning.force.com/lightning/o/account/list?filtername=accounts</small> </font> </div>
<div class="test-event"> <font color="maroon"> <small> &emsp; &emsp;--- 16 Oct 11:04:53 346 - <b>0</b> - Page Load Wait: (Sync) - ICar.support.Utils.waitForPageLoad(Utils.java:109)</small> </font> </div>
<div class="test-event"> <font color="maroon"> <small> &emsp; &emsp;--- 16 Oct 11:05:13 152 - Catched spinner load exception due to Expected condition failed: waiting for ICar.support.WaitUtils$4@714addf7 (tried for 10 second(s) with 500 milliseconds interval)</small> </font> </div>
<div class="test-event"> <font color="maroon"> <small> &emsp; &emsp;--- 16 Oct 11:05:13 152 - <b>10</b> - Spinner Load Wait: (Sync) - ICar.support.WaitUtils.waitForSpinner(WaitUtils.java:225)</small> </font> </div>
<div class="test-event"> <font color="maroon"> <small> &emsp; &emsp;--- 16 Oct 11:05:14 349 - Page URL:: https://i-car--staging.sandbox.lightning.force.com/one/one.app#eyjjb21wb25lbnrezwyioijmb3jjzvnlyxjjadpzzwfyy2hqywdlrgvza3rvccisimf0dhjpynv0zxmionsidgvybsi6ik91cmlzbwfuienozxzyb2xldcbvzibcb3dpzsisinnjb3bltwfwijp7inr5cguioijut1bfukvtvuxuuyisim5hbwvzcgfjzsi6iiisimxhymvsijoivg9wifjlc3vsdhmilcjsywjlbfbsdxjhbci6ilrvccbszxn1bhrziiwicmvzdwx0c0ntcci6imzvcmnlu2vhcmnoonbyzwrpy3rlzfjlc3vsdhmifswiy29udgv4dci6eyjgsuxurvjtijp7fswic2vhcmnou291cmnlijoiqvntsvnuqu5ux0rjquxpryisimrpc2fibgvjbnrlbnrrdwvyesi6zmfsc2usimrpc2fibgvtcgvsbenvcnjly3rpb24iomzhbhnllcjzzwfyy2heawfsb2dtzxnzaw9uswqioijkmde4owq4zs1lzwzkltg4odktzjmyos0znjvjmzhjzgmwmwqilcjkzwj1z0luzm8ionsiyxbwtmftzsi6ikldyxjfu2vydmljzv9db25zb2xliiwiyxbwvhlwzsi6iknvbnnvbguilcjhchboyw1lc3bhy2uioijjiiwibg9jyxrpb24ioijmb3jjztpvymply3rib21lrgvza3rvccisinnvymply3ruexblijoiqwnjb3vudcj9fswiz3jvdxbjzci6ikrfrkfvtfqifswic3rhdguiont9fq%3d%3d</small> </font> </div>
<div class="test-event"> <font color="maroon"> <small> &emsp; &emsp;--- 16 Oct 11:05:14 349 - <b>1</b> - Page Load Wait: (Sync) - ICar.support.Utils.waitForPageLoad(Utils.java:109)</small> </font> </div>
<div class="test-event"> <font color="maroon"> <small> &emsp; &emsp;--- 16 Oct 11:05:25 361 - Catched spinner load exception due to Expected condition failed: waiting for ICar.support.WaitUtils$4@714addf7 (tried for 11 second(s) with 500 milliseconds interval)</small> </font> </div>
<div class="test-event"> <font color="maroon"> <small> &emsp; &emsp;--- 16 Oct 11:05:25 361 - <b>11</b> - Spinner Load Wait: (Sync) - ICar.support.WaitUtils.waitForSpinner(WaitUtils.java:225)</small> </font> </div>
<div class="test-event"> <font color="maroon"> <small> &emsp; &emsp;--- 16 Oct 11:05:26 463 - Page URL:: https://i-car--staging.sandbox.lightning.force.com/one/one.app#eyjjb21wb25lbnrezwyioijmb3jjzvnlyxjjadpzzwfyy2hqywdlrgvza3rvccisimf0dhjpynv0zxmionsidgvybsi6ik91cmlzbwfuienozxzyb2xldcbvzibcb3dpzsisinnjb3bltwfwijp7inr5cguioijut1bfukvtvuxuuyisim5hbwvzcgfjzsi6iiisimxhymvsijoivg9wifjlc3vsdhmilcjsywjlbfbsdxjhbci6ilrvccbszxn1bhrziiwicmvzdwx0c0ntcci6imzvcmnlu2vhcmnoonbyzwrpy3rlzfjlc3vsdhmifswiy29udgv4dci6eyjgsuxurvjtijp7fswic2vhcmnou291cmnlijoiqvntsvnuqu5ux0rjquxpryisimrpc2fibgvjbnrlbnrrdwvyesi6zmfsc2usimrpc2fibgvtcgvsbenvcnjly3rpb24iomzhbhnllcjzzwfyy2heawfsb2dtzxnzaw9uswqioijkmde4owq4zs1lzwzkltg4odktzjmyos0znjvjmzhjzgmwmwqilcjkzwj1z0luzm8ionsiyxbwtmftzsi6ikldyxjfu2vydmljzv9db25zb2xliiwiyxbwvhlwzsi6iknvbnnvbguilcjhchboyw1lc3bhy2uioijjiiwibg9jyxrpb24ioijmb3jjztpvymply3rib21lrgvza3rvccisinnvymply3ruexblijoiqwnjb3vudcj9fswiz3jvdxbjzci6ikrfrkfvtfqifswic3rhdguiont9fq%3d%3d</small> </font> </div>
<div class="test-event"> <font color="maroon"> <small> &emsp; &emsp;--- 16 Oct 11:05:26 464 - <b>1</b> - Page Load Wait: (Sync) - ICar.support.Utils.waitForPageLoad(Utils.java:109)</small> </font> </div>
<div class="test-event"> <font color="maroon"> <small> &emsp; &emsp;--- 16 Oct 11:05:26 530 - Element is displayed:: [[ChromeDriver: chrome on WINDOWS (bd1f43eed00817b077ab3a404c610441)] -> xpath: //a[@title='Top Results']//span[text()='Top Results']]</small> </font> </div>
<div class="test-event"> <font color="maroon"> <small> &emsp; &emsp;--- 16 Oct 11:05:27 040 - Page URL:: https://i-car--staging.sandbox.lightning.force.com/one/one.app#eyjjb21wb25lbnrezwyioijmb3jjzvnlyxjjadpzzwfyy2hqywdlrgvza3rvccisimf0dhjpynv0zxmionsidgvybsi6ik91cmlzbwfuienozxzyb2xldcbvzibcb3dpzsisinnjb3bltwfwijp7inr5cguioijut1bfukvtvuxuuyisim5hbwvzcgfjzsi6iiisimxhymvsijoivg9wifjlc3vsdhmilcjsywjlbfbsdxjhbci6ilrvccbszxn1bhrziiwicmvzdwx0c0ntcci6imzvcmnlu2vhcmnoonbyzwrpy3rlzfjlc3vsdhmifswiy29udgv4dci6eyjgsuxurvjtijp7fswic2vhcmnou291cmnlijoiqvntsvnuqu5ux0rjquxpryisimrpc2fibgvjbnrlbnrrdwvyesi6zmfsc2usimrpc2fibgvtcgvsbenvcnjly3rpb24iomzhbhnllcjzzwfyy2heawfsb2dtzxnzaw9uswqioijkmde4owq4zs1lzwzkltg4odktzjmyos0znjvjmzhjzgmwmwqilcjkzwj1z0luzm8ionsiyxbwtmftzsi6ikldyxjfu2vydmljzv9db25zb2xliiwiyxbwvhlwzsi6iknvbnnvbguilcjhchboyw1lc3bhy2uioijjiiwibg9jyxrpb24ioijmb3jjztpvymply3rib21lrgvza3rvccisinnvymply3ruexblijoiqwnjb3vudcj9fswiz3jvdxbjzci6ikrfrkfvtfqifswic3rhdguiont9fq%3d%3d</small> </font> </div>
<div class="test-event"> <font color="maroon"> <small> &emsp; &emsp;--- 16 Oct 11:05:27 040 - <b>0</b> - Page Load Wait: (Sync) - ICar.support.Utils.waitForPageLoad(Utils.java:109)</small> </font> </div>
<div class="test-event"> <font color="maroon"> <small> &emsp; &emsp;--- 16 Oct 11:05:32 377 - Catched spinner load exception due to Expected condition failed: waiting for ICar.support.WaitUtils$4@714addf7 (tried for 5 second(s) with 500 milliseconds interval)</small> </font> </div>
<div class="test-event"> <font color="maroon"> <small> &emsp; &emsp;--- 16 Oct 11:05:32 377 - <b>5</b> - Spinner Load Wait: (Sync) - ICar.support.WaitUtils.waitForSpinner(WaitUtils.java:225)</small> </font> </div>
<div class="test-event"> <font color="maroon"> <small> &emsp; &emsp;--- 16 Oct 11:05:33 602 - Page URL:: https://i-car--staging.sandbox.lightning.force.com/one/one.app#eyjjb21wb25lbnrezwyioijmb3jjzvnlyxjjadpzzwfyy2hqywdlrgvza3rvccisimf0dhjpynv0zxmionsidgvybsi6ik91cmlzbwfuienozxzyb2xldcbvzibcb3dpzsisinnjb3bltwfwijp7inr5cguioijut1bfukvtvuxuuyisim5hbwvzcgfjzsi6iiisimxhymvsijoivg9wifjlc3vsdhmilcjsywjlbfbsdxjhbci6ilrvccbszxn1bhrziiwicmvzdwx0c0ntcci6imzvcmnlu2vhcmnoonbyzwrpy3rlzfjlc3vsdhmifswiy29udgv4dci6eyjgsuxurvjtijp7fswic2vhcmnou291cmnlijoiqvntsvnuqu5ux0rjquxpryisimrpc2fibgvjbnrlbnrrdwvyesi6zmfsc2usimrpc2fibgvtcgvsbenvcnjly3rpb24iomzhbhnllcjzzwfyy2heawfsb2dtzxnzaw9uswqioijkmde4owq4zs1lzwzkltg4odktzjmyos0znjvjmzhjzgmwmwqilcjkzwj1z0luzm8ionsiyxbwtmftzsi6ikldyxjfu2vydmljzv9db25zb2xliiwiyxbwvhlwzsi6iknvbnnvbguilcjhchboyw1lc3bhy2uioijjiiwibg9jyxrpb24ioijmb3jjztpvymply3rib21lrgvza3rvccisinnvymply3ruexblijoiqwnjb3vudcj9fswiz3jvdxbjzci6ikrfrkfvtfqifswic3rhdguiont9fq%3d%3d</small> </font> </div>
<div class="test-event"> <font color="maroon"> <small> &emsp; &emsp;--- 16 Oct 11:05:33 602 - <b>1</b> - Page Load Wait: (Sync) - ICar.support.Utils.waitForPageLoad(Utils.java:109)</small> </font> </div>
<div class="test-event"> <font color="maroon"> <small> &emsp; &emsp;--- 16 Oct 11:05:34 718 - Page URL:: https://i-car--staging.sandbox.lightning.force.com/one/one.app#eyjjb21wb25lbnrezwyioijmb3jjzvnlyxjjadpzzwfyy2hqywdlrgvza3rvccisimf0dhjpynv0zxmionsidgvybsi6ik91cmlzbwfuienozxzyb2xldcbvzibcb3dpzsisinnjb3bltwfwijp7inr5cguioijut1bfukvtvuxuuyisim5hbwvzcgfjzsi6iiisimxhymvsijoivg9wifjlc3vsdhmilcjsywjlbfbsdxjhbci6ilrvccbszxn1bhrziiwicmvzdwx0c0ntcci6imzvcmnlu2vhcmnoonbyzwrpy3rlzfjlc3vsdhmifswiy29udgv4dci6eyjgsuxurvjtijp7fswic2vhcmnou291cmnlijoiqvntsvnuqu5ux0rjquxpryisimrpc2fibgvjbnrlbnrrdwvyesi6zmfsc2usimrpc2fibgvtcgvsbenvcnjly3rpb24iomzhbhnllcjzzwfyy2heawfsb2dtzxnzaw9uswqioijkmde4owq4zs1lzwzkltg4odktzjmyos0znjvjmzhjzgmwmwqilcjkzwj1z0luzm8ionsiyxbwtmftzsi6ikldyxjfu2vydmljzv9db25zb2xliiwiyxbwvhlwzsi6iknvbnnvbguilcjhchboyw1lc3bhy2uioijjiiwibg9jyxrpb24ioijmb3jjztpvymply3rib21lrgvza3rvccisinnvymply3ruexblijoiqwnjb3vudcj9fswiz3jvdxbjzci6ikrfrkfvtfqifswic3rhdguiont9fq%3d%3d</small> </font> </div>
<div class="test-event"> <font color="maroon"> <small> &emsp; &emsp;--- 16 Oct 11:05:34 718 - <b>1</b> - Page Load Wait: (Sync) - ICar.support.Utils.waitForPageLoad(Utils.java:109)</small> </font> </div>
<div class="test-event"> <font color="maroon"> <small> &emsp; &emsp;--- 16 Oct 11:05:35 872 - Page URL:: https://i-car--staging.sandbox.lightning.force.com/one/one.app#eyjjb21wb25lbnrezwyioijmb3jjzvnlyxjjadpzzwfyy2hqywdlrgvza3rvccisimf0dhjpynv0zxmionsidgvybsi6ik91cmlzbwfuienozxzyb2xldcbvzibcb3dpzsisinnjb3bltwfwijp7inr5cguioijut1bfukvtvuxuuyisim5hbwvzcgfjzsi6iiisimxhymvsijoivg9wifjlc3vsdhmilcjsywjlbfbsdxjhbci6ilrvccbszxn1bhrziiwicmvzdwx0c0ntcci6imzvcmnlu2vhcmnoonbyzwrpy3rlzfjlc3vsdhmifswiy29udgv4dci6eyjgsuxurvjtijp7fswic2vhcmnou291cmnlijoiqvntsvnuqu5ux0rjquxpryisimrpc2fibgvjbnrlbnrrdwvyesi6zmfsc2usimrpc2fibgvtcgvsbenvcnjly3rpb24iomzhbhnllcjzzwfyy2heawfsb2dtzxnzaw9uswqioijkmde4owq4zs1lzwzkltg4odktzjmyos0znjvjmzhjzgmwmwqilcjkzwj1z0luzm8ionsiyxbwtmftzsi6ikldyxjfu2vydmljzv9db25zb2xliiwiyxbwvhlwzsi6iknvbnnvbguilcjhchboyw1lc3bhy2uioijjiiwibg9jyxrpb24ioijmb3jjztpvymply3rib21lrgvza3rvccisinnvymply3ruexblijoiqwnjb3vudcj9fswiz3jvdxbjzci6ikrfrkfvtfqifswic3rhdguiont9fq%3d%3d</small> </font> </div>
<div class="test-event"> <font color="maroon"> <small> &emsp; &emsp;--- 16 Oct 11:05:35 873 - <b>1</b> - Page Load Wait: (Sync) - ICar.support.Utils.waitForPageLoad(Utils.java:109)</small> </font> </div>
<div class="test-event"> <font color="maroon"> <small> &emsp; &emsp;--- 16 Oct 11:05:46 261 - Catched spinner load exception due to Expected condition failed: waiting for ICar.support.WaitUtils$4@714addf7 (tried for 10 second(s) with 500 milliseconds interval)</small> </font> </div>
<div class="test-event"> <font color="maroon"> <small> &emsp; &emsp;--- 16 Oct 11:05:46 261 - <b>10</b> - Spinner Load Wait: (Sync) - ICar.support.WaitUtils.waitForSpinner(WaitUtils.java:225)</small> </font> </div>
<div class="test-event"> <font color="maroon"> <small> &emsp; &emsp;--- 16 Oct 11:05:46 295 - Element is displayed:: [[ChromeDriver: chrome on WINDOWS (bd1f43eed00817b077ab3a404c610441)] -> css selector: div.forceSearchResultsRegion div.resultsMultiWrapper >div > div table tbody th a]</small> </font> </div>
<div class="test-event"> <font color="maroon"> <small> &emsp; &emsp;--- 16 Oct 11:05:46 401 - Element is displayed:: [[ChromeDriver: chrome on WINDOWS (bd1f43eed00817b077ab3a404c610441)] -> css selector: div.forceSearchResultsRegion div.resultsMultiWrapper >div > div table tbody th a]</small> </font> </div>
<div class="test-event"> <font color="maroon"> <small> &emsp; &emsp;--- 16 Oct 11:05:56 837 - Catched spinner load exception due to Expected condition failed: waiting for ICar.support.WaitUtils$4@714addf7 (tried for 10 second(s) with 500 milliseconds interval)</small> </font> </div>
<div class="test-event"> <font color="maroon"> <small> &emsp; &emsp;--- 16 Oct 11:05:56 837 - <b>10</b> - Spinner Load Wait: (Sync) - ICar.support.WaitUtils.waitForSpinner(WaitUtils.java:225)</small> </font> </div>
<div class="test-event"> <font color="maroon"> <small> &emsp; &emsp;--- 16 Oct 11:05:56 920 - Element is displayed:: [[ChromeDriver: chrome on WINDOWS (bd1f43eed00817b077ab3a404c610441)] -> xpath: //div[contains(@class,'active')]/*[contains(@id,'brandBand_')]//ul[@role='tablist']/li[@title='Details']]</small> </font> </div>
<div class="test-event"> <font color="maroon"> <small> &emsp; &emsp;--- 16 Oct 11:05:59 071 - Element is displayed:: [[ChromeDriver: chrome on WINDOWS (bd1f43eed00817b077ab3a404c610441)] -> xpath: //div[contains(@class,'active')]/*[contains(@id,'brandBand_')]//ul[@role='tablist']/li[@title='Details']]</small> </font> </div>
<div class="test-event"> <font color="maroon"> <small> &emsp; &emsp;--- 16 Oct 11:06:02 649 - Page URL:: https://i-car--staging.sandbox.lightning.force.com/lightning/r/account/0011i00000uwfebqae/view</small> </font> </div>
<div class="test-event"> <font color="maroon"> <small> &emsp; &emsp;--- 16 Oct 11:06:02 649 - <b>1</b> - Page Load Wait: (Sync) - ICar.support.Utils.waitForPageLoad(Utils.java:109)</small> </font> </div>
<div class="test-event"> <font color="maroon"> <small> &emsp; &emsp;--- 16 Oct 11:06:17 767 - Catched spinner load exception due to Expected condition failed: waiting for ICar.support.WaitUtils$4@714addf7 (tried for 15 second(s) with 500 milliseconds interval)</small> </font> </div>
<div class="test-event"> <font color="maroon"> <small> &emsp; &emsp;--- 16 Oct 11:06:17 767 - <b>15</b> - Spinner Load Wait: (Sync) - ICar.support.WaitUtils.waitForSpinner(WaitUtils.java:225)</small> </font> </div>
<div class="test-event"> <font color="maroon"> <small> &emsp; &emsp;--- 16 Oct 11:06:19 033 - Page URL:: https://i-car--staging.sandbox.lightning.force.com/lightning/r/account/0011i00000uwfebqae/view</small> </font> </div>
<div class="test-event"> <font color="maroon"> <small> &emsp; &emsp;--- 16 Oct 11:06:19 033 - <b>1</b> - Page Load Wait: (Sync) - ICar.support.Utils.waitForPageLoad(Utils.java:109)</small> </font> </div>
<div class="test-event"> <font color="maroon"> <small> &emsp; &emsp;--- 16 Oct 11:06:20 072 - Catched spinner load exception due to Expected condition failed: waiting for ICar.support.WaitUtils$4@714addf7 (tried for 1 second(s) with 500 milliseconds interval)</small> </font> </div>
<div class="test-event"> <font color="maroon"> <small> &emsp; &emsp;--- 16 Oct 11:06:20 072 - <b>1</b> - Spinner Load Wait: (Sync) - ICar.support.WaitUtils.waitForSpinner(WaitUtils.java:225)</small> </font> </div>
<div class="test-event"> <font color="maroon"> <small> &emsp; &emsp;--- 16 Oct 11:06:21 292 - Page URL:: https://i-car--staging.sandbox.lightning.force.com/lightning/r/account/0011i00000uwfebqae/view</small> </font> </div>
<div class="test-event"> <font color="maroon"> <small> &emsp; &emsp;--- 16 Oct 11:06:21 292 - <b>1</b> - Page Load Wait: (Sync) - ICar.support.Utils.waitForPageLoad(Utils.java:109)</small> </font> </div>
<div class="test-event"> <font color="maroon"> <small> &emsp; &emsp;--- 16 Oct 11:06:22 515 - Page URL:: https://i-car--staging.sandbox.lightning.force.com/lightning/r/account/0011i00000uwfebqae/view</small> </font> </div>
<div class="test-event"> <font color="maroon"> <small> &emsp; &emsp;--- 16 Oct 11:06:22 515 - <b>1</b> - Page Load Wait: (Sync) - ICar.support.Utils.waitForPageLoad(Utils.java:109)</small> </font> </div>
<div class="test-event"> <font color="maroon"> <small> &emsp; &emsp;--- 16 Oct 11:06:25 829 - Page URL:: https://i-car--staging.sandbox.lightning.force.com/lightning/r/account/0011i00000uwfebqae/view</small> </font> </div>
<div class="test-event"> <font color="maroon"> <small> &emsp; &emsp;--- 16 Oct 11:06:25 829 - <b>1</b> - Page Load Wait: (Sync) - ICar.support.Utils.waitForPageLoad(Utils.java:109)</small> </font> </div>
<!--FAIL-->
<div class="test-result"><br><font color="red"><strong> no such element: Unable to locate element: {"method":"xpath","selector":"//span[2][text()='Gold Class']"} </strong></font> <a href=".\ScreenShot\ICar_BAM642_TC04_44353316808000.png" target="_blank" >[ScreenShot]</a></div>&emsp;
&emsp;<div class="test-title"> <strong><font size = "3" color = "#0000FF">---Test Execution Ends---</font> </strong> </div>&emsp;]]>
    </system-out>
  </testcase> <!-- ICar_BAM642_TC04 -->
  <testcase classname="BAM_Misc.BAMtestscripts" name="ICar_B2B960_TC01" time="138.435">
    <system-out>
      <![CDATA[<div class="test-event"> <font color="maroon"> <small> &emsp; &emsp;--- 16 Oct 09:22:13 243 - TestCaseID:: ICar_B2B960_TC01</small> </font> </div>
<div class="test-event"> <font color="maroon"> <small> &emsp; &emsp;--- 16 Oct 09:22:14 494 - <b>1</b> - Driver::initialize::Get - ICar.support.WebDriverFactory.getDriver(WebDriverFactory.java:640)</small> </font> </div>
&emsp;<div class="test-title"> <strong><font size = "3" color = "#000080">Verify the All the Training Report is able to downloaded On demand for individual account through Portal</font> </strong> </div>&emsp;<div><strong>Steps:</strong></div><!-- Report -->&emsp;
<div class="test-event"> <font color="maroon"> <small> &emsp; &emsp;--- 16 Oct 09:22:34 041 - Element is displayed:: [[ChromeDriver: chrome on WINDOWS (74165a9e674dd3a9b8a1bf6c329c64db)] -> xpath: //a/img[@alt='Login Image']|//button[@id='btn-login']]</small> </font> </div>
<div class="test-event"> <font color="maroon"> <small> &emsp; &emsp;--- 16 Oct 09:22:34 140 - Element is displayed:: [[ChromeDriver: chrome on WINDOWS (74165a9e674dd3a9b8a1bf6c329c64db)] -> xpath: //a/img[@alt='Login Image']|//button[@id='btn-login']]</small> </font> </div>
<div class="test-message">&emsp;Successfully navigated to 'Home' Page&emsp;<a href=".\ScreenShot\ICar_B2B960_TC01_38121579206400.png" target="_blank" >[ScreenShot]</a></div>
<div class="test-message">&emsp;1. Home page is launched.</div>
<div class="test-event"> <font color="maroon"> <small> &emsp; &emsp;--- 16 Oct 09:22:35 272 - Page URL:: https://www.icarstage.com/</small> </font> </div>
<div class="test-event"> <font color="maroon"> <small> &emsp; &emsp;--- 16 Oct 09:22:35 272 - <b>0</b> - Page Load Wait: (Sync) - ICar.support.Utils.waitForPageLoad(Utils.java:109)</small> </font> </div>
<div class="test-event"> <font color="maroon"> <small> &emsp; &emsp;--- 16 Oct 09:22:35 526 - Element is displayed:: [[ChromeDriver: chrome on WINDOWS (74165a9e674dd3a9b8a1bf6c329c64db)] -> xpath: //a/img[@alt='Login Image']|//button[@id='btn-login']]</small> </font> </div>
<div class="test-event"> <font color="maroon"> <small> &emsp; &emsp;--- 16 Oct 09:22:35 650 - Element is displayed:: [[ChromeDriver: chrome on WINDOWS (74165a9e674dd3a9b8a1bf6c329c64db)] -> xpath: //a/img[@alt='Login Image']|//button[@id='btn-login']]</small> </font> </div>
<div class="test-event"> <font color="maroon"> <small> &emsp; &emsp;--- 16 Oct 09:22:53 789 - Catched spinner load exception due to Expected condition failed: waiting for ICar.support.WaitUtils$4@714addf7 (tried for 15 second(s) with 500 milliseconds interval)</small> </font> </div>
<div class="test-event"> <font color="maroon"> <small> &emsp; &emsp;--- 16 Oct 09:22:53 790 - <b>15</b> - Spinner Load Wait: (Sync) - ICar.support.WaitUtils.waitForSpinner(WaitUtils.java:225)</small> </font> </div>
<div class="test-message">&emsp;2. Navigate to 'Login Page'</div>
<div class="test-message">&emsp;Successfully navigated to 'Login' Page&emsp;<a href=".\ScreenShot\ICar_B2B960_TC01_38141263319200.png" target="_blank" >[ScreenShot]</a></div>
<div class="test-event"> <font color="maroon"> <small> &emsp; &emsp;--- 16 Oct 09:22:54 026 - Element is displayed:: [[ChromeDriver: chrome on WINDOWS (74165a9e674dd3a9b8a1bf6c329c64db)] -> id: username]</small> </font> </div>
<div class="test-event"> <font color="maroon"> <small> &emsp; &emsp;--- 16 Oct 09:22:54 101 - Element is displayed:: [[ChromeDriver: chrome on WINDOWS (74165a9e674dd3a9b8a1bf6c329c64db)] -> id: username]</small> </font> </div>
<div class="test-event"> <font color="maroon"> <small> &emsp; &emsp;--- 16 Oct 09:22:54 315 - Element is displayed:: [[ChromeDriver: chrome on WINDOWS (74165a9e674dd3a9b8a1bf6c329c64db)] -> id: password]</small> </font> </div>
<div class="test-event"> <font color="maroon"> <small> &emsp; &emsp;--- 16 Oct 09:22:54 542 - Element is displayed:: [[ChromeDriver: chrome on WINDOWS (74165a9e674dd3a9b8a1bf6c329c64db)] -> id: btn-login]</small> </font> </div>
<div class="test-event"> <font color="maroon"> <small> &emsp; &emsp;--- 16 Oct 09:23:08 839 - Catched spinner load exception due to Expected condition failed: waiting for ICar.support.WaitUtils$4@714addf7 (tried for 3 second(s) with 500 milliseconds interval)</small> </font> </div>
<div class="test-event"> <font color="maroon"> <small> &emsp; &emsp;--- 16 Oct 09:23:08 839 - <b>14</b> - Spinner Load Wait: (Sync) - ICar.support.WaitUtils.waitForSpinner(WaitUtils.java:225)</small> </font> </div>
<div class="test-event"> <font color="maroon"> <small> &emsp; &emsp;--- 16 Oct 09:23:31 245 - Catched spinner load exception due to Expected condition failed: waiting for ICar.support.WaitUtils$4@714addf7 (tried for 10 second(s) with 500 milliseconds interval)</small> </font> </div>
<div class="test-event"> <font color="maroon"> <small> &emsp; &emsp;--- 16 Oct 09:23:31 245 - <b>10</b> - Spinner Load Wait: (Sync) - ICar.support.WaitUtils.waitForSpinner(WaitUtils.java:225)</small> </font> </div>
<div class="test-event"> <font color="maroon"> <small> &emsp; &emsp;--- 16 Oct 09:23:31 338 - Element is displayed:: [[ChromeDriver: chrome on WINDOWS (74165a9e674dd3a9b8a1bf6c329c64db)] -> xpath: //button[@value='Launch My Learning']]</small> </font> </div>
<div class="test-message">&emsp;3. Enter the user credentials as : mbrezina</div>
<div class="test-message">&emsp;Successfully navigated to 'User Home' Page&emsp;<a href=".\ScreenShot\ICar_B2B960_TC01_38178777101100.png" target="_blank" >[ScreenShot]</a></div>
<div class="test-event"> <font color="maroon"> <small> &emsp; &emsp;--- 16 Oct 09:23:31 749 - Page URL:: https://www.icarstage.com/</small> </font> </div>
<div class="test-event"> <font color="maroon"> <small> &emsp; &emsp;--- 16 Oct 09:23:31 750 - <b>0</b> - Page Load Wait: (Sync) - ICar.support.Utils.waitForPageLoad(Utils.java:109)</small> </font> </div>
<div class="test-event"> <font color="maroon"> <small> &emsp; &emsp;--- 16 Oct 09:23:31 809 - Element is displayed:: [[ChromeDriver: chrome on WINDOWS (74165a9e674dd3a9b8a1bf6c329c64db)] -> xpath: //p[text()='Launch My Learning']]</small> </font> </div>
<div class="test-event"> <font color="maroon"> <small> &emsp; &emsp;--- 16 Oct 09:23:31 857 - Element is displayed:: [[ChromeDriver: chrome on WINDOWS (74165a9e674dd3a9b8a1bf6c329c64db)] -> xpath: //a[text()='Gold Class Summary']]</small> </font> </div>
<div class="test-event"> <font color="maroon"> <small> &emsp; &emsp;--- 16 Oct 09:23:33 959 - Element is displayed:: [[ChromeDriver: chrome on WINDOWS (74165a9e674dd3a9b8a1bf6c329c64db)] -> xpath: //a[text()='Gold Class Summary']]</small> </font> </div>
<div class="test-event"> <font color="maroon"> <small> &emsp; &emsp;--- 16 Oct 09:23:51 038 - Catched spinner load exception due to Expected condition failed: waiting for ICar.support.WaitUtils$4@714addf7 (tried for 15 second(s) with 500 milliseconds interval)</small> </font> </div>
<div class="test-event"> <font color="maroon"> <small> &emsp; &emsp;--- 16 Oct 09:23:51 038 - <b>15</b> - Spinner Load Wait: (Sync) - ICar.support.WaitUtils.waitForSpinner(WaitUtils.java:225)</small> </font> </div>
<div class="test-event"> <font color="maroon"> <small> &emsp; &emsp;--- 16 Oct 09:23:51 311 - Page URL:: https://www.icarstage.com/gold-class-summary</small> </font> </div>
<div class="test-event"> <font color="maroon"> <small> &emsp; &emsp;--- 16 Oct 09:23:51 311 - <b>0</b> - Page Load Wait: (Sync) - ICar.support.Utils.waitForPageLoad(Utils.java:109)</small> </font> </div>
<div class="test-message">&emsp;Successfully navigated to 'Gold class summary' Page&emsp;<a href=".\ScreenShot\ICar_B2B960_TC01_38198753890500.png" target="_blank" >[ScreenShot]</a></div>
<div class="test-event"> <font color="maroon"> <small> &emsp; &emsp;--- 16 Oct 09:23:58 585 - Element is displayed:: [[ChromeDriver: chrome on WINDOWS (74165a9e674dd3a9b8a1bf6c329c64db)] -> xpath: (//*[@class='slds-button slds-button_icon-border slds-button_icon-x-small'])[1]]</small> </font> </div>
<div class="test-event"> <font color="maroon"> <small> &emsp; &emsp;--- 16 Oct 09:24:05 752 - Element is displayed:: [[ChromeDriver: chrome on WINDOWS (74165a9e674dd3a9b8a1bf6c329c64db)] -> xpath: //*[@role='menuitem']/span[contains(text(),'Platinum Report')]]</small> </font> </div>
<div class="test-event"> <font color="maroon"> <small> &emsp; &emsp;--- 16 Oct 09:24:17 483 - Page URL:: https://my.icarstage.com/secur/frontdoor.jsp?sid=00ddi000000ffeb%21aqeaqggofxuhmmdmroakynzszjgbdnn52o5grtycb.ychqjiiha7vl9hed7e3jibmwsyc5emwhgij6qos_kplj47rzmzrchh&returl=%2fs%2fdc-platinum-training-requirements%3fid%3d0011i00000uwd8xqae&loginurl=https%3a%2f%2fsaml.salesforce.com%3fssostartpage%3dhttps%253a%252f%252fi-car-qa2.auth0.com%252fsamlp%252fcoad8oqk42pskj3xudrclxhhubdebjms%26saml_request_id%3d_2caaaazmjqfw1mdawmdawmdawmdawmdawaaaa_lzidc8h1f7rmc8nz8_jn6vsrcyoinrwptmrlpkfsnbww3qnh8r3qf7kgpzylhofk6jdtjebl8k9ncyohncmlyrfcxfa5idrvua_nvjc1gwkbbljn5nxf7nanmu2jgpbuhxf4vyh1k4xvqdkqkhift3evpzjlju8gmmonbf9afwv3_eshkkxa-tzp2myzmzq1ibd8rdxndfqfnrzt-e5qqaonkynfr-ahnvsimji5mg5vdpq4je_qt0npuswfgsn8w%26logouturl%3dhttps%253a%252f%252fi-car-qa2.auth0.com%252flogout&cshc=c00000alevwi000000ffeb</small> </font> </div>
<div class="test-event"> <font color="maroon"> <small> &emsp; &emsp;--- 16 Oct 09:24:17 483 - <b>0</b> - Page Load Wait: (Sync) - ICar.support.Utils.waitForPageLoad(Utils.java:109)</small> </font> </div>
<div class="test-event"> <font color="maroon"> <small> &emsp; &emsp;--- 16 Oct 09:24:26 988 - Catched spinner load exception due to Expected condition failed: waiting for ICar.support.WaitUtils$4@714addf7 (tried for 8 second(s) with 500 milliseconds interval)</small> </font> </div>
<div class="test-event"> <font color="maroon"> <small> &emsp; &emsp;--- 16 Oct 09:24:26 988 - <b>9</b> - Spinner Load Wait: (Sync) - ICar.support.WaitUtils.waitForSpinner(WaitUtils.java:225)</small> </font> </div>
<div class="test-event"> <font color="maroon"> <small> &emsp; &emsp;--- 16 Oct 09:24:28 202 - Element is displayed:: [[ChromeDriver: chrome on WINDOWS (74165a9e674dd3a9b8a1bf6c329c64db)] -> xpath: //a[text()='Save as CSV']]</small> </font> </div>
<div class="test-event"> <font color="maroon"> <small> &emsp; &emsp;--- 16 Oct 09:24:30 315 - Element is displayed:: [[ChromeDriver: chrome on WINDOWS (74165a9e674dd3a9b8a1bf6c329c64db)] -> xpath: //a[text()='Save as CSV']]</small> </font> </div>
<div class="test-message">&emsp;File download successful</div>
<div class="test-message">&emsp;Successfully verified the Columns name in csv&emsp;<a href=".\ScreenShot\ICar_B2B960_TC01_38239699582000.png" target="_blank" >[ScreenShot]</a></div>
<div class="test-result"><br><font color="green"><strong> Test Passed. </strong></font> </div>&emsp;
&emsp;<div class="test-title"> <strong><font size = "3" color = "#0000FF">---Test Execution Ends---</font> </strong> </div>&emsp;]]>
    </system-out>
  </testcase> <!-- ICar_B2B960_TC01 -->
  <testcase classname="BAM_Misc.BAMtestscripts" name="ICar_BAM768_TC01" time="258.490">
    <error message="Get the Error not found in page!!" type="java.lang.Exception">
      <![CDATA[java.lang.Exception: Get the Error not found in page!!
at ICar.support.BrowserActions.getText(BrowserActions.java:351)
at ICar.Pages.SalesForcePages.validateError(SalesForcePages.java:32766)
at BAM_Misc.BAMtestscripts.ICar_BAM768_TC01(BAMtestscripts.java:966)
at java.base/jdk.internal.reflect.NativeMethodAccessorImpl.invoke0(Native Method)
at java.base/jdk.internal.reflect.NativeMethodAccessorImpl.invoke(NativeMethodAccessorImpl.java:78)
at java.base/jdk.internal.reflect.DelegatingMethodAccessorImpl.invoke(DelegatingMethodAccessorImpl.java:43)
at java.base/java.lang.reflect.Method.invoke(Method.java:567)
at org.testng.internal.invokers.MethodInvocationHelper.invokeMethod(MethodInvocationHelper.java:139)
at org.testng.internal.invokers.TestInvoker.invokeMethod(TestInvoker.java:664)
at org.testng.internal.invokers.TestInvoker.invokeTestMethod(TestInvoker.java:227)
at org.testng.internal.invokers.TestMethodWithDataProviderMethodWorker.call(TestMethodWithDataProviderMethodWorker.java:80)
at org.testng.internal.invokers.TestMethodWithDataProviderMethodWorker.call(TestMethodWithDataProviderMethodWorker.java:17)
at java.base/java.util.concurrent.FutureTask.run(FutureTask.java:264)
at java.base/java.util.concurrent.Executors$RunnableAdapter.call(Executors.java:515)
at java.base/java.util.concurrent.FutureTask.run(FutureTask.java:264)
at java.base/java.util.concurrent.ThreadPoolExecutor.runWorker(ThreadPoolExecutor.java:1130)
at java.base/java.util.concurrent.ThreadPoolExecutor$Worker.run(ThreadPoolExecutor.java:630)
at java.base/java.lang.Thread.run(Thread.java:831)
]]>
    </error>
    <system-out>
      <![CDATA[<div class="test-event"> <font color="maroon"> <small> &emsp; &emsp;--- 16 Oct 10:24:05 297 - TestCaseID:: ICar_BAM768_TC01</small> </font> </div>
<div class="test-event"> <font color="maroon"> <small> &emsp; &emsp;--- 16 Oct 10:24:06 150 - <b>0</b> - Driver::initialize::Get - ICar.support.WebDriverFactory.getDriver(WebDriverFactory.java:640)</small> </font> </div>
&emsp;<div class="test-title"> <strong><font size = "3" color = "#000080">If aTechnician is in more than two roles as a role rep should result in “Individual role rep in too many roles” error</font> </strong> </div>&emsp;<div><strong>Steps:</strong></div><!-- Report -->&emsp;
<div class="test-event"> <font color="maroon"> <small> &emsp; &emsp;--- 16 Oct 10:24:12 340 - Page URL:: https://i-car--staging.sandbox.my.salesforce.com/</small> </font> </div>
<div class="test-event"> <font color="maroon"> <small> &emsp; &emsp;--- 16 Oct 10:24:12 340 - <b>4</b> - Page Load Wait: (Sync) - ICar.support.Utils.waitForPageLoad(Utils.java:109)</small> </font> </div>
<div class="test-message">&emsp;Successfully navigated to 'Login' Page&emsp;<a href=".\ScreenShot\ICar_BAM768_TC01_41819773618100.png" target="_blank" >[ScreenShot]</a></div>
<div class="test-message">&emsp;1. Login page is launched.</div>
<div class="test-event"> <font color="maroon"> <small> &emsp; &emsp;--- 16 Oct 10:24:13 009 - Element is displayed:: [[ChromeDriver: chrome on WINDOWS (81610661ffd5a3c4fed18bc49ca80e78)] -> id: username]</small> </font> </div>
<div class="test-event"> <font color="maroon"> <small> &emsp; &emsp;--- 16 Oct 10:24:13 075 - Element is displayed:: [[ChromeDriver: chrome on WINDOWS (81610661ffd5a3c4fed18bc49ca80e78)] -> id: username]</small> </font> </div>
<div class="test-event"> <font color="maroon"> <small> &emsp; &emsp;--- 16 Oct 10:24:14 045 - Element is displayed:: [[ChromeDriver: chrome on WINDOWS (81610661ffd5a3c4fed18bc49ca80e78)] -> id: password]</small> </font> </div>
<div class="test-event"> <font color="maroon"> <small> &emsp; &emsp;--- 16 Oct 10:24:14 236 - Element is displayed:: [[ChromeDriver: chrome on WINDOWS (81610661ffd5a3c4fed18bc49ca80e78)] -> id: Login]</small> </font> </div>
<div class="test-event"> <font color="maroon"> <small> &emsp; &emsp;--- 16 Oct 10:24:42 503 - Catched spinner load exception due to Expected condition failed: waiting for ICar.support.WaitUtils$4@714addf7 (tried for 13 second(s) with 500 milliseconds interval)</small> </font> </div>
<div class="test-event"> <font color="maroon"> <small> &emsp; &emsp;--- 16 Oct 10:24:42 503 - <b>13</b> - Spinner Load Wait: (Sync) - ICar.support.WaitUtils.waitForSpinner(WaitUtils.java:225)</small> </font> </div>
<div class="test-event"> <font color="maroon"> <small> &emsp; &emsp;--- 16 Oct 10:25:00 835 - Catched spinner load exception due to Expected condition failed: waiting for ICar.support.WaitUtils$4@714addf7 (tried for 6 second(s) with 500 milliseconds interval)</small> </font> </div>
<div class="test-event"> <font color="maroon"> <small> &emsp; &emsp;--- 16 Oct 10:25:00 835 - <b>6</b> - Spinner Load Wait: (Sync) - ICar.support.WaitUtils.waitForSpinner(WaitUtils.java:225)</small> </font> </div>
<div class="test-event"> <font color="maroon"> <small> &emsp; &emsp;--- 16 Oct 10:25:00 905 - Element is displayed:: [[ChromeDriver: chrome on WINDOWS (81610661ffd5a3c4fed18bc49ca80e78)] -> css selector: button[class*='search-button']]</small> </font> </div>
<div class="test-message">&emsp;2. Navigate to 'SalesForce Page'</div>
<div class="test-event"> <font color="maroon"> <small> &emsp; &emsp;--- 16 Oct 10:25:01 219 - Page URL:: https://i-car--staging.sandbox.lightning.force.com/lightning/r/contact/0031i00000nuc5jqae/related/enrollment_contact__r/view?ws=%2flightning%2fr%2fcontact%2f0031i00000nuc5jqae%2fview</small> </font> </div>
<div class="test-event"> <font color="maroon"> <small> &emsp; &emsp;--- 16 Oct 10:25:01 219 - <b>0</b> - Page Load Wait: (Sync) - ICar.support.Utils.waitForPageLoad(Utils.java:109)</small> </font> </div>
<div class="test-event"> <font color="maroon"> <small> &emsp; &emsp;--- 16 Oct 10:25:06 701 - Page URL:: https://i-car--staging.sandbox.lightning.force.com/lightning/r/contact/0031i00000nuc5jqae/related/enrollment_contact__r/view?ws=%2flightning%2fr%2fcontact%2f0031i00000nuc5jqae%2fview</small> </font> </div>
<div class="test-event"> <font color="maroon"> <small> &emsp; &emsp;--- 16 Oct 10:25:06 701 - <b>0</b> - Page Load Wait: (Sync) - ICar.support.Utils.waitForPageLoad(Utils.java:109)</small> </font> </div>
<div class="test-message">&emsp;Close the tab</div>
<div class="test-message">&emsp;Successfully navigated to 'Login' Page&emsp;<a href=".\ScreenShot\ICar_BAM768_TC01_41879222075300.png" target="_blank" >[ScreenShot]</a></div>
<div class="test-message">&emsp;3. Enter the user credentials as : icaradminautomation3@i-car.com.staging</div>
<div class="test-event"> <font color="maroon"> <small> &emsp; &emsp;--- 16 Oct 10:25:12 335 - Page URL:: https://i-car--staging.sandbox.lightning.force.com/lightning/o/account/list?filtername=accounts</small> </font> </div>
<div class="test-event"> <font color="maroon"> <small> &emsp; &emsp;--- 16 Oct 10:25:12 335 - <b>0</b> - Page Load Wait: (Sync) - ICar.support.Utils.waitForPageLoad(Utils.java:109)</small> </font> </div>
<div class="test-event"> <font color="maroon"> <small> &emsp; &emsp;--- 16 Oct 10:25:17 736 - Page URL:: https://i-car--staging.sandbox.lightning.force.com/lightning/o/account/list?filtername=accounts</small> </font> </div>
<div class="test-event"> <font color="maroon"> <small> &emsp; &emsp;--- 16 Oct 10:25:17 736 - <b>0</b> - Page Load Wait: (Sync) - ICar.support.Utils.waitForPageLoad(Utils.java:109)</small> </font> </div>
<div class="test-message">&emsp;Close the tab</div>
<div class="test-event"> <font color="maroon"> <small> &emsp; &emsp;--- 16 Oct 10:25:23 187 - Page URL:: https://i-car--staging.sandbox.lightning.force.com/lightning/o/account/list?filtername=accounts</small> </font> </div>
<div class="test-event"> <font color="maroon"> <small> &emsp; &emsp;--- 16 Oct 10:25:23 187 - <b>0</b> - Page Load Wait: (Sync) - ICar.support.Utils.waitForPageLoad(Utils.java:109)</small> </font> </div>
<div class="test-event"> <font color="maroon"> <small> &emsp; &emsp;--- 16 Oct 10:25:28 540 - Page URL:: https://i-car--staging.sandbox.lightning.force.com/lightning/o/account/list?filtername=accounts</small> </font> </div>
<div class="test-event"> <font color="maroon"> <small> &emsp; &emsp;--- 16 Oct 10:25:28 540 - <b>0</b> - Page Load Wait: (Sync) - ICar.support.Utils.waitForPageLoad(Utils.java:109)</small> </font> </div>
<div class="test-message">&emsp;Close the tab</div>
<div class="test-event"> <font color="maroon"> <small> &emsp; &emsp;--- 16 Oct 10:25:34 128 - Page URL:: https://i-car--staging.sandbox.lightning.force.com/lightning/o/account/list?filtername=accounts</small> </font> </div>
<div class="test-event"> <font color="maroon"> <small> &emsp; &emsp;--- 16 Oct 10:25:34 128 - <b>0</b> - Page Load Wait: (Sync) - ICar.support.Utils.waitForPageLoad(Utils.java:109)</small> </font> </div>
<div class="test-event"> <font color="maroon"> <small> &emsp; &emsp;--- 16 Oct 10:25:34 166 - Element is displayed:: [[ChromeDriver: chrome on WINDOWS (81610661ffd5a3c4fed18bc49ca80e78)] -> css selector: button[class*='search-button']]</small> </font> </div>
<div class="test-event"> <font color="maroon"> <small> &emsp; &emsp;--- 16 Oct 10:25:36 268 - Catched spinner load exception due to Expected condition failed: waiting for ICar.support.WaitUtils$4@714addf7 (tried for 2 second(s) with 500 milliseconds interval)</small> </font> </div>
<div class="test-event"> <font color="maroon"> <small> &emsp; &emsp;--- 16 Oct 10:25:36 268 - <b>2</b> - Spinner Load Wait: (Sync) - ICar.support.WaitUtils.waitForSpinner(WaitUtils.java:225)</small> </font> </div>
<div class="test-event"> <font color="maroon"> <small> &emsp; &emsp;--- 16 Oct 10:25:39 356 - Element is displayed:: [[ChromeDriver: chrome on WINDOWS (81610661ffd5a3c4fed18bc49ca80e78)] -> css selector: button[class*='search-button']]</small> </font> </div>
<div class="test-event"> <font color="maroon"> <small> &emsp; &emsp;--- 16 Oct 10:25:40 087 - Page URL:: https://i-car--staging.sandbox.lightning.force.com/lightning/o/account/list?filtername=accounts</small> </font> </div>
<div class="test-event"> <font color="maroon"> <small> &emsp; &emsp;--- 16 Oct 10:25:40 087 - <b>0</b> - Page Load Wait: (Sync) - ICar.support.Utils.waitForPageLoad(Utils.java:109)</small> </font> </div>
<div class="test-event"> <font color="maroon"> <small> &emsp; &emsp;--- 16 Oct 10:25:59 922 - Catched spinner load exception due to Expected condition failed: waiting for ICar.support.WaitUtils$4@714addf7 (tried for 10 second(s) with 500 milliseconds interval)</small> </font> </div>
<div class="test-event"> <font color="maroon"> <small> &emsp; &emsp;--- 16 Oct 10:25:59 922 - <b>10</b> - Spinner Load Wait: (Sync) - ICar.support.WaitUtils.waitForSpinner(WaitUtils.java:225)</small> </font> </div>
<div class="test-event"> <font color="maroon"> <small> &emsp; &emsp;--- 16 Oct 10:26:01 440 - Page URL:: https://i-car--staging.sandbox.lightning.force.com/one/one.app#eyjjb21wb25lbnrezwyioijmb3jjzvnlyxjjadpzzwfyy2hqywdlrgvza3rvccisimf0dhjpynv0zxmionsidgvybsi6ikdyb3nzasamiefzc29jawf0zxmsieluyyisinnjb3bltwfwijp7inr5cguioijut1bfukvtvuxuuyisim5hbwvzcgfjzsi6iiisimxhymvsijoivg9wifjlc3vsdhmilcjsywjlbfbsdxjhbci6ilrvccbszxn1bhrziiwicmvzdwx0c0ntcci6imzvcmnlu2vhcmnoonbyzwrpy3rlzfjlc3vsdhmifswiy29udgv4dci6eyjgsuxurvjtijp7fswic2vhcmnou291cmnlijoiqvntsvnuqu5ux0rjquxpryisimrpc2fibgvjbnrlbnrrdwvyesi6zmfsc2usimrpc2fibgvtcgvsbenvcnjly3rpb24iomzhbhnllcjzzwfyy2heawfsb2dtzxnzaw9uswqioii1mzy5nwflyi01odmxltnjmdutytawni04mjmyn2rlmwi1nzyilcjkzwj1z0luzm8ionsiyxbwtmftzsi6ikldyxjfu2vydmljzv9db25zb2xliiwiyxbwvhlwzsi6iknvbnnvbguilcjhchboyw1lc3bhy2uioijjiiwibg9jyxrpb24ioijmb3jjztpvymply3rib21lrgvza3rvccisinnvymply3ruexblijoiqwnjb3vudcj9fswiz3jvdxbjzci6ikrfrkfvtfqifswic3rhdguiont9fq%3d%3d</small> </font> </div>
<div class="test-event"> <font color="maroon"> <small> &emsp; &emsp;--- 16 Oct 10:26:01 440 - <b>1</b> - Page Load Wait: (Sync) - ICar.support.Utils.waitForPageLoad(Utils.java:109)</small> </font> </div>
<div class="test-event"> <font color="maroon"> <small> &emsp; &emsp;--- 16 Oct 10:26:12 936 - Catched spinner load exception due to Expected condition failed: waiting for ICar.support.WaitUtils$4@714addf7 (tried for 11 second(s) with 500 milliseconds interval)</small> </font> </div>
<div class="test-event"> <font color="maroon"> <small> &emsp; &emsp;--- 16 Oct 10:26:12 936 - <b>11</b> - Spinner Load Wait: (Sync) - ICar.support.WaitUtils.waitForSpinner(WaitUtils.java:225)</small> </font> </div>
<div class="test-event"> <font color="maroon"> <small> &emsp; &emsp;--- 16 Oct 10:26:14 500 - Page URL:: https://i-car--staging.sandbox.lightning.force.com/one/one.app#eyjjb21wb25lbnrezwyioijmb3jjzvnlyxjjadpzzwfyy2hqywdlrgvza3rvccisimf0dhjpynv0zxmionsidgvybsi6ikdyb3nzasamiefzc29jawf0zxmsieluyyisinnjb3bltwfwijp7inr5cguioijut1bfukvtvuxuuyisim5hbwvzcgfjzsi6iiisimxhymvsijoivg9wifjlc3vsdhmilcjsywjlbfbsdxjhbci6ilrvccbszxn1bhrziiwicmvzdwx0c0ntcci6imzvcmnlu2vhcmnoonbyzwrpy3rlzfjlc3vsdhmifswiy29udgv4dci6eyjgsuxurvjtijp7fswic2vhcmnou291cmnlijoiqvntsvnuqu5ux0rjquxpryisimrpc2fibgvjbnrlbnrrdwvyesi6zmfsc2usimrpc2fibgvtcgvsbenvcnjly3rpb24iomzhbhnllcjzzwfyy2heawfsb2dtzxnzaw9uswqioii1mzy5nwflyi01odmxltnjmdutytawni04mjmyn2rlmwi1nzyilcjkzwj1z0luzm8ionsiyxbwtmftzsi6ikldyxjfu2vydmljzv9db25zb2xliiwiyxbwvhlwzsi6iknvbnnvbguilcjhchboyw1lc3bhy2uioijjiiwibg9jyxrpb24ioijmb3jjztpvymply3rib21lrgvza3rvccisinnvymply3ruexblijoiqwnjb3vudcj9fswiz3jvdxbjzci6ikrfrkfvtfqifswic3rhdguiont9fq%3d%3d</small> </font> </div>
<div class="test-event"> <font color="maroon"> <small> &emsp; &emsp;--- 16 Oct 10:26:14 500 - <b>1</b> - Page Load Wait: (Sync) - ICar.support.Utils.waitForPageLoad(Utils.java:109)</small> </font> </div>
<div class="test-event"> <font color="maroon"> <small> &emsp; &emsp;--- 16 Oct 10:26:14 584 - Element is displayed:: [[ChromeDriver: chrome on WINDOWS (81610661ffd5a3c4fed18bc49ca80e78)] -> xpath: //a[@title='Top Results']//span[text()='Top Results']]</small> </font> </div>
<div class="test-event"> <font color="maroon"> <small> &emsp; &emsp;--- 16 Oct 10:26:15 251 - Page URL:: https://i-car--staging.sandbox.lightning.force.com/one/one.app#eyjjb21wb25lbnrezwyioijmb3jjzvnlyxjjadpzzwfyy2hqywdlrgvza3rvccisimf0dhjpynv0zxmionsidgvybsi6ikdyb3nzasamiefzc29jawf0zxmsieluyyisinnjb3bltwfwijp7inr5cguioijut1bfukvtvuxuuyisim5hbwvzcgfjzsi6iiisimxhymvsijoivg9wifjlc3vsdhmilcjsywjlbfbsdxjhbci6ilrvccbszxn1bhrziiwicmvzdwx0c0ntcci6imzvcmnlu2vhcmnoonbyzwrpy3rlzfjlc3vsdhmifswiy29udgv4dci6eyjgsuxurvjtijp7fswic2vhcmnou291cmnlijoiqvntsvnuqu5ux0rjquxpryisimrpc2fibgvjbnrlbnrrdwvyesi6zmfsc2usimrpc2fibgvtcgvsbenvcnjly3rpb24iomzhbhnllcjzzwfyy2heawfsb2dtzxnzaw9uswqioii1mzy5nwflyi01odmxltnjmdutytawni04mjmyn2rlmwi1nzyilcjkzwj1z0luzm8ionsiyxbwtmftzsi6ikldyxjfu2vydmljzv9db25zb2xliiwiyxbwvhlwzsi6iknvbnnvbguilcjhchboyw1lc3bhy2uioijjiiwibg9jyxrpb24ioijmb3jjztpvymply3rib21lrgvza3rvccisinnvymply3ruexblijoiqwnjb3vudcj9fswiz3jvdxbjzci6ikrfrkfvtfqifswic3rhdguiont9fq%3d%3d</small> </font> </div>
<div class="test-event"> <font color="maroon"> <small> &emsp; &emsp;--- 16 Oct 10:26:15 251 - <b>0</b> - Page Load Wait: (Sync) - ICar.support.Utils.waitForPageLoad(Utils.java:109)</small> </font> </div>
<div class="test-event"> <font color="maroon"> <small> &emsp; &emsp;--- 16 Oct 10:26:20 587 - Catched spinner load exception due to Expected condition failed: waiting for ICar.support.WaitUtils$4@714addf7 (tried for 5 second(s) with 500 milliseconds interval)</small> </font> </div>
<div class="test-event"> <font color="maroon"> <small> &emsp; &emsp;--- 16 Oct 10:26:20 587 - <b>5</b> - Spinner Load Wait: (Sync) - ICar.support.WaitUtils.waitForSpinner(WaitUtils.java:225)</small> </font> </div>
<div class="test-event"> <font color="maroon"> <small> &emsp; &emsp;--- 16 Oct 10:26:21 994 - Page URL:: https://i-car--staging.sandbox.lightning.force.com/one/one.app#eyjjb21wb25lbnrezwyioijmb3jjzvnlyxjjadpzzwfyy2hqywdlrgvza3rvccisimf0dhjpynv0zxmionsidgvybsi6ikdyb3nzasamiefzc29jawf0zxmsieluyyisinnjb3bltwfwijp7inr5cguioijut1bfukvtvuxuuyisim5hbwvzcgfjzsi6iiisimxhymvsijoivg9wifjlc3vsdhmilcjsywjlbfbsdxjhbci6ilrvccbszxn1bhrziiwicmvzdwx0c0ntcci6imzvcmnlu2vhcmnoonbyzwrpy3rlzfjlc3vsdhmifswiy29udgv4dci6eyjgsuxurvjtijp7fswic2vhcmnou291cmnlijoiqvntsvnuqu5ux0rjquxpryisimrpc2fibgvjbnrlbnrrdwvyesi6zmfsc2usimrpc2fibgvtcgvsbenvcnjly3rpb24iomzhbhnllcjzzwfyy2heawfsb2dtzxnzaw9uswqioii1mzy5nwflyi01odmxltnjmdutytawni04mjmyn2rlmwi1nzyilcjkzwj1z0luzm8ionsiyxbwtmftzsi6ikldyxjfu2vydmljzv9db25zb2xliiwiyxbwvhlwzsi6iknvbnnvbguilcjhchboyw1lc3bhy2uioijjiiwibg9jyxrpb24ioijmb3jjztpvymply3rib21lrgvza3rvccisinnvymply3ruexblijoiqwnjb3vudcj9fswiz3jvdxbjzci6ikrfrkfvtfqifswic3rhdguiont9fq%3d%3d</small> </font> </div>
<div class="test-event"> <font color="maroon"> <small> &emsp; &emsp;--- 16 Oct 10:26:21 994 - <b>1</b> - Page Load Wait: (Sync) - ICar.support.Utils.waitForPageLoad(Utils.java:109)</small> </font> </div>
<div class="test-event"> <font color="maroon"> <small> &emsp; &emsp;--- 16 Oct 10:26:23 367 - Page URL:: https://i-car--staging.sandbox.lightning.force.com/one/one.app#eyjjb21wb25lbnrezwyioijmb3jjzvnlyxjjadpzzwfyy2hqywdlrgvza3rvccisimf0dhjpynv0zxmionsidgvybsi6ikdyb3nzasamiefzc29jawf0zxmsieluyyisinnjb3bltwfwijp7inr5cguioijut1bfukvtvuxuuyisim5hbwvzcgfjzsi6iiisimxhymvsijoivg9wifjlc3vsdhmilcjsywjlbfbsdxjhbci6ilrvccbszxn1bhrziiwicmvzdwx0c0ntcci6imzvcmnlu2vhcmnoonbyzwrpy3rlzfjlc3vsdhmifswiy29udgv4dci6eyjgsuxurvjtijp7fswic2vhcmnou291cmnlijoiqvntsvnuqu5ux0rjquxpryisimrpc2fibgvjbnrlbnrrdwvyesi6zmfsc2usimrpc2fibgvtcgvsbenvcnjly3rpb24iomzhbhnllcjzzwfyy2heawfsb2dtzxnzaw9uswqioii1mzy5nwflyi01odmxltnjmdutytawni04mjmyn2rlmwi1nzyilcjkzwj1z0luzm8ionsiyxbwtmftzsi6ikldyxjfu2vydmljzv9db25zb2xliiwiyxbwvhlwzsi6iknvbnnvbguilcjhchboyw1lc3bhy2uioijjiiwibg9jyxrpb24ioijmb3jjztpvymply3rib21lrgvza3rvccisinnvymply3ruexblijoiqwnjb3vudcj9fswiz3jvdxbjzci6ikrfrkfvtfqifswic3rhdguiont9fq%3d%3d</small> </font> </div>
<div class="test-event"> <font color="maroon"> <small> &emsp; &emsp;--- 16 Oct 10:26:23 367 - <b>1</b> - Page Load Wait: (Sync) - ICar.support.Utils.waitForPageLoad(Utils.java:109)</small> </font> </div>
<div class="test-event"> <font color="maroon"> <small> &emsp; &emsp;--- 16 Oct 10:26:24 810 - Page URL:: https://i-car--staging.sandbox.lightning.force.com/one/one.app#eyjjb21wb25lbnrezwyioijmb3jjzvnlyxjjadpzzwfyy2hqywdlrgvza3rvccisimf0dhjpynv0zxmionsidgvybsi6ikdyb3nzasamiefzc29jawf0zxmsieluyyisinnjb3bltwfwijp7inr5cguioijut1bfukvtvuxuuyisim5hbwvzcgfjzsi6iiisimxhymvsijoivg9wifjlc3vsdhmilcjsywjlbfbsdxjhbci6ilrvccbszxn1bhrziiwicmvzdwx0c0ntcci6imzvcmnlu2vhcmnoonbyzwrpy3rlzfjlc3vsdhmifswiy29udgv4dci6eyjgsuxurvjtijp7fswic2vhcmnou291cmnlijoiqvntsvnuqu5ux0rjquxpryisimrpc2fibgvjbnrlbnrrdwvyesi6zmfsc2usimrpc2fibgvtcgvsbenvcnjly3rpb24iomzhbhnllcjzzwfyy2heawfsb2dtzxnzaw9uswqioii1mzy5nwflyi01odmxltnjmdutytawni04mjmyn2rlmwi1nzyilcjkzwj1z0luzm8ionsiyxbwtmftzsi6ikldyxjfu2vydmljzv9db25zb2xliiwiyxbwvhlwzsi6iknvbnnvbguilcjhchboyw1lc3bhy2uioijjiiwibg9jyxrpb24ioijmb3jjztpvymply3rib21lrgvza3rvccisinnvymply3ruexblijoiqwnjb3vudcj9fswiz3jvdxbjzci6ikrfrkfvtfqifswic3rhdguiont9fq%3d%3d</small> </font> </div>
<div class="test-event"> <font color="maroon"> <small> &emsp; &emsp;--- 16 Oct 10:26:24 810 - <b>1</b> - Page Load Wait: (Sync) - ICar.support.Utils.waitForPageLoad(Utils.java:109)</small> </font> </div>
<div class="test-event"> <font color="maroon"> <small> &emsp; &emsp;--- 16 Oct 10:26:35 167 - Catched spinner load exception due to Expected condition failed: waiting for ICar.support.WaitUtils$4@714addf7 (tried for 10 second(s) with 500 milliseconds interval)</small> </font> </div>
<div class="test-event"> <font color="maroon"> <small> &emsp; &emsp;--- 16 Oct 10:26:35 167 - <b>10</b> - Spinner Load Wait: (Sync) - ICar.support.WaitUtils.waitForSpinner(WaitUtils.java:225)</small> </font> </div>
<div class="test-event"> <font color="maroon"> <small> &emsp; &emsp;--- 16 Oct 10:26:35 207 - Element is displayed:: [[ChromeDriver: chrome on WINDOWS (81610661ffd5a3c4fed18bc49ca80e78)] -> css selector: div.forceSearchResultsRegion div.resultsMultiWrapper >div > div table tbody th a]</small> </font> </div>
<div class="test-event"> <font color="maroon"> <small> &emsp; &emsp;--- 16 Oct 10:26:35 314 - Element is displayed:: [[ChromeDriver: chrome on WINDOWS (81610661ffd5a3c4fed18bc49ca80e78)] -> css selector: div.forceSearchResultsRegion div.resultsMultiWrapper >div > div table tbody th a]</small> </font> </div>
<div class="test-event"> <font color="maroon"> <small> &emsp; &emsp;--- 16 Oct 10:26:45 842 - Catched spinner load exception due to Expected condition failed: waiting for ICar.support.WaitUtils$4@714addf7 (tried for 10 second(s) with 500 milliseconds interval)</small> </font> </div>
<div class="test-event"> <font color="maroon"> <small> &emsp; &emsp;--- 16 Oct 10:26:45 842 - <b>10</b> - Spinner Load Wait: (Sync) - ICar.support.WaitUtils.waitForSpinner(WaitUtils.java:225)</small> </font> </div>
<div class="test-event"> <font color="maroon"> <small> &emsp; &emsp;--- 16 Oct 10:26:45 911 - Element is displayed:: [[ChromeDriver: chrome on WINDOWS (81610661ffd5a3c4fed18bc49ca80e78)] -> xpath: //div[contains(@class,'active')]/*[contains(@id,'brandBand_')]//ul[@role='tablist']/li[@title='Details']]</small> </font> </div>
<div class="test-event"> <font color="maroon"> <small> &emsp; &emsp;--- 16 Oct 10:26:48 068 - Element is displayed:: [[ChromeDriver: chrome on WINDOWS (81610661ffd5a3c4fed18bc49ca80e78)] -> xpath: //div[contains(@class,'active')]/*[contains(@id,'brandBand_')]//ul[@role='tablist']/li[@title='Details']]</small> </font> </div>
<div class="test-event"> <font color="maroon"> <small> &emsp; &emsp;--- 16 Oct 10:26:51 829 - Page URL:: https://i-car--staging.sandbox.lightning.force.com/lightning/r/account/0011i00000uwf9rqae/view</small> </font> </div>
<div class="test-event"> <font color="maroon"> <small> &emsp; &emsp;--- 16 Oct 10:26:51 830 - <b>1</b> - Page Load Wait: (Sync) - ICar.support.Utils.waitForPageLoad(Utils.java:109)</small> </font> </div>
<div class="test-event"> <font color="maroon"> <small> &emsp; &emsp;--- 16 Oct 10:27:00 169 - Catched spinner load exception due to Expected condition failed: waiting for ICar.support.WaitUtils$4@714addf7 (tried for 8 second(s) with 500 milliseconds interval)</small> </font> </div>
<div class="test-event"> <font color="maroon"> <small> &emsp; &emsp;--- 16 Oct 10:27:00 169 - <b>8</b> - Spinner Load Wait: (Sync) - ICar.support.WaitUtils.waitForSpinner(WaitUtils.java:225)</small> </font> </div>
<div class="test-event"> <font color="maroon"> <small> &emsp; &emsp;--- 16 Oct 10:27:01 695 - Page URL:: https://i-car--staging.sandbox.lightning.force.com/lightning/r/account/0011i00000uwf9rqae/view</small> </font> </div>
<div class="test-event"> <font color="maroon"> <small> &emsp; &emsp;--- 16 Oct 10:27:01 695 - <b>1</b> - Page Load Wait: (Sync) - ICar.support.Utils.waitForPageLoad(Utils.java:109)</small> </font> </div>
<div class="test-event"> <font color="maroon"> <small> &emsp; &emsp;--- 16 Oct 10:27:03 170 - Page URL:: https://i-car--staging.sandbox.lightning.force.com/lightning/r/account/0011i00000uwf9rqae/view</small> </font> </div>
<div class="test-event"> <font color="maroon"> <small> &emsp; &emsp;--- 16 Oct 10:27:03 171 - <b>1</b> - Page Load Wait: (Sync) - ICar.support.Utils.waitForPageLoad(Utils.java:109)</small> </font> </div>
<div class="test-event"> <font color="maroon"> <small> &emsp; &emsp;--- 16 Oct 10:27:11 506 - Catched spinner load exception due to Expected condition failed: waiting for ICar.support.WaitUtils$4@714addf7 (tried for 8 second(s) with 500 milliseconds interval)</small> </font> </div>
<div class="test-event"> <font color="maroon"> <small> &emsp; &emsp;--- 16 Oct 10:27:11 506 - <b>8</b> - Spinner Load Wait: (Sync) - ICar.support.WaitUtils.waitForSpinner(WaitUtils.java:225)</small> </font> </div>
<div class="test-event"> <font color="maroon"> <small> &emsp; &emsp;--- 16 Oct 10:27:12 959 - Page URL:: https://i-car--staging.sandbox.lightning.force.com/lightning/r/account/0011i00000uwf9rqae/view</small> </font> </div>
<div class="test-event"> <font color="maroon"> <small> &emsp; &emsp;--- 16 Oct 10:27:12 959 - <b>1</b> - Page Load Wait: (Sync) - ICar.support.Utils.waitForPageLoad(Utils.java:109)</small> </font> </div>
<div class="test-event"> <font color="maroon"> <small> &emsp; &emsp;--- 16 Oct 10:27:15 072 - Element is displayed:: [[ChromeDriver: chrome on WINDOWS (81610661ffd5a3c4fed18bc49ca80e78)] -> xpath: //ul[@class='slds-button-group-list']/li[4]//button]</small> </font> </div>
<div class="test-event"> <font color="maroon"> <small> &emsp; &emsp;--- 16 Oct 10:27:15 164 - Element is displayed:: [[ChromeDriver: chrome on WINDOWS (81610661ffd5a3c4fed18bc49ca80e78)] -> xpath: //ul[@class='slds-button-group-list']/li[4]//button]</small> </font> </div>
<div class="test-event"> <font color="maroon"> <small> &emsp; &emsp;--- 16 Oct 10:27:16 770 - Page URL:: https://i-car--staging.sandbox.lightning.force.com/lightning/r/account/0011i00000uwf9rqae/view</small> </font> </div>
<div class="test-event"> <font color="maroon"> <small> &emsp; &emsp;--- 16 Oct 10:27:16 770 - <b>1</b> - Page Load Wait: (Sync) - ICar.support.Utils.waitForPageLoad(Utils.java:109)</small> </font> </div>
<div class="test-event"> <font color="maroon"> <small> &emsp; &emsp;--- 16 Oct 10:27:25 079 - Catched spinner load exception due to Expected condition failed: waiting for ICar.support.WaitUtils$4@714addf7 (tried for 8 second(s) with 500 milliseconds interval)</small> </font> </div>
<div class="test-event"> <font color="maroon"> <small> &emsp; &emsp;--- 16 Oct 10:27:25 079 - <b>8</b> - Spinner Load Wait: (Sync) - ICar.support.WaitUtils.waitForSpinner(WaitUtils.java:225)</small> </font> </div>
<div class="test-event"> <font color="maroon"> <small> &emsp; &emsp;--- 16 Oct 10:27:27 321 - Element is displayed:: [[ChromeDriver: chrome on WINDOWS (81610661ffd5a3c4fed18bc49ca80e78)] -> xpath: //lightning-menu-item[contains(@data-target-selection-name,'Account.Gold_Class_Status')]//a]</small> </font> </div>
<div class="test-event"> <font color="maroon"> <small> &emsp; &emsp;--- 16 Oct 10:27:29 137 - Page URL:: https://i-car--staging.sandbox.lightning.force.com/lightning/r/account/0011i00000uwf9rqae/view</small> </font> </div>
<div class="test-event"> <font color="maroon"> <small> &emsp; &emsp;--- 16 Oct 10:27:29 137 - <b>1</b> - Page Load Wait: (Sync) - ICar.support.Utils.waitForPageLoad(Utils.java:109)</small> </font> </div>
<div class="test-message">&emsp;4. Clicked the Dropdown menu option in Account name page & Selected the 'Gold Class Status' option.</div>
<div class="test-event"> <font color="maroon"> <small> &emsp; &emsp;--- 16 Oct 10:27:30 897 - Page URL:: https://i-car--staging.sandbox.lightning.force.com/lightning/r/account/0011i00000uwf9rqae/view</small> </font> </div>
<div class="test-event"> <font color="maroon"> <small> &emsp; &emsp;--- 16 Oct 10:27:30 897 - <b>1</b> - Page Load Wait: (Sync) - ICar.support.Utils.waitForPageLoad(Utils.java:109)</small> </font> </div>
<div class="test-event"> <font color="maroon"> <small> &emsp; &emsp;--- 16 Oct 10:27:45 980 - Catched spinner load exception due to Expected condition failed: waiting for ICar.support.WaitUtils$4@714addf7 (tried for 15 second(s) with 500 milliseconds interval)</small> </font> </div>
<div class="test-event"> <font color="maroon"> <small> &emsp; &emsp;--- 16 Oct 10:27:45 981 - <b>15</b> - Spinner Load Wait: (Sync) - ICar.support.WaitUtils.waitForSpinner(WaitUtils.java:225)</small> </font> </div>
<div class="test-event"> <font color="maroon"> <small> &emsp; &emsp;--- 16 Oct 10:27:47 783 - Page URL:: https://i-car--staging.sandbox.lightning.force.com/lightning/r/account/0011i00000uwf9rqae/view</small> </font> </div>
<div class="test-event"> <font color="maroon"> <small> &emsp; &emsp;--- 16 Oct 10:27:47 783 - <b>1</b> - Page Load Wait: (Sync) - ICar.support.Utils.waitForPageLoad(Utils.java:109)</small> </font> </div>
<div class="test-event"> <font color="maroon"> <small> &emsp; &emsp;--- 16 Oct 10:27:47 885 - Element is displayed:: [[ChromeDriver: chrome on WINDOWS (81610661ffd5a3c4fed18bc49ca80e78)] -> xpath: //*[text()='Evaluate Now']]</small> </font> </div>
<div class="test-event"> <font color="maroon"> <small> &emsp; &emsp;--- 16 Oct 10:27:49 519 - Page URL:: https://i-car--staging.sandbox.lightning.force.com/lightning/r/account/0011i00000uwf9rqae/view</small> </font> </div>
<div class="test-event"> <font color="maroon"> <small> &emsp; &emsp;--- 16 Oct 10:27:49 520 - <b>1</b> - Page Load Wait: (Sync) - ICar.support.Utils.waitForPageLoad(Utils.java:109)</small> </font> </div>
<div class="test-event"> <font color="maroon"> <small> &emsp; &emsp;--- 16 Oct 10:28:04 834 - Catched spinner load exception due to Expected condition failed: waiting for ICar.support.WaitUtils$4@714addf7 (tried for 15 second(s) with 500 milliseconds interval)</small> </font> </div>
<div class="test-event"> <font color="maroon"> <small> &emsp; &emsp;--- 16 Oct 10:28:04 834 - <b>15</b> - Spinner Load Wait: (Sync) - ICar.support.WaitUtils.waitForSpinner(WaitUtils.java:225)</small> </font> </div>
<div class="test-event"> <font color="maroon"> <small> &emsp; &emsp;--- 16 Oct 10:28:06 293 - Page URL:: https://i-car--staging.sandbox.lightning.force.com/lightning/r/account/0011i00000uwf9rqae/view</small> </font> </div>
<div class="test-event"> <font color="maroon"> <small> &emsp; &emsp;--- 16 Oct 10:28:06 294 - <b>1</b> - Page Load Wait: (Sync) - ICar.support.Utils.waitForPageLoad(Utils.java:109)</small> </font> </div>
<div class="test-event"> <font color="maroon"> <small> &emsp; &emsp;--- 16 Oct 10:28:06 362 - Element is displayed:: [[ChromeDriver: chrome on WINDOWS (81610661ffd5a3c4fed18bc49ca80e78)] -> xpath: //*[text()='Click Here To View Report']]</small> </font> </div>
<div class="test-event"> <font color="maroon"> <small> &emsp; &emsp;--- 16 Oct 10:28:06 454 - Element is displayed:: [[ChromeDriver: chrome on WINDOWS (81610661ffd5a3c4fed18bc49ca80e78)] -> xpath: //*[text()='Click Here To View Report']]</small> </font> </div>
<div class="test-message">&emsp;6. Clicked the Evaluate now button & Verify the report by 'View Report button'.</div>
<div class="test-event"> <font color="maroon"> <small> &emsp; &emsp;--- 16 Oct 10:28:11 171 - Page URL:: https://i-car--staging.sandbox.lightning.force.com/lightning/r/account/0011i00000uwf9rqae/view</small> </font> </div>
<div class="test-event"> <font color="maroon"> <small> &emsp; &emsp;--- 16 Oct 10:28:11 171 - <b>1</b> - Page Load Wait: (Sync) - ICar.support.Utils.waitForPageLoad(Utils.java:109)</small> </font> </div>
<div class="test-event"> <font color="maroon"> <small> &emsp; &emsp;--- 16 Oct 10:28:19 251 - Catched spinner load exception due to Expected condition failed: waiting for ICar.support.WaitUtils$4@714addf7 (tried for 8 second(s) with 500 milliseconds interval)</small> </font> </div>
<div class="test-event"> <font color="maroon"> <small> &emsp; &emsp;--- 16 Oct 10:28:19 251 - <b>8</b> - Spinner Load Wait: (Sync) - ICar.support.WaitUtils.waitForSpinner(WaitUtils.java:225)</small> </font> </div>
<div class="test-event"> <font color="maroon"> <small> &emsp; &emsp;--- 16 Oct 10:28:20 853 - Page URL:: https://i-car--staging.sandbox.lightning.force.com/lightning/r/account/0011i00000uwf9rqae/view</small> </font> </div>
<div class="test-event"> <font color="maroon"> <small> &emsp; &emsp;--- 16 Oct 10:28:20 853 - <b>1</b> - Page Load Wait: (Sync) - ICar.support.Utils.waitForPageLoad(Utils.java:109)</small> </font> </div>
<!--FAIL-->
<div class="test-result"><br><font color="red"><strong> Get the Error not found in page!! </strong></font> <a href=".\ScreenShot\ICar_BAM768_TC01_42071340093100.png" target="_blank" >[ScreenShot]</a></div>&emsp;
&emsp;<div class="test-title"> <strong><font size = "3" color = "#0000FF">---Test Execution Ends---</font> </strong> </div>&emsp;]]>
    </system-out>
  </testcase> <!-- ICar_BAM768_TC01 -->
  <testcase classname="BAM_Misc.BAMtestscripts" name="ICar_BAM633_TC04" time="373.400">
    <system-out>
      <![CDATA[<div class="test-event"> <font color="maroon"> <small> &emsp; &emsp;--- 16 Oct 10:41:42 768 - TestCaseID:: ICar_BAM633_TC04</small> </font> </div>
<div class="test-event"> <font color="maroon"> <small> &emsp; &emsp;--- 16 Oct 10:41:44 056 - <b>1</b> - Driver::initialize::Get - ICar.support.WebDriverFactory.getDriver(WebDriverFactory.java:640)</small> </font> </div>
&emsp;<div class="test-title"> <strong><font size = "3" color = "#000080">Navigate to ""Gold class summary"  page as Customer support user</font> </strong> </div>&emsp;<div><strong>Steps:</strong></div><!-- Report -->&emsp;
<div class="test-event"> <font color="maroon"> <small> &emsp; &emsp;--- 16 Oct 10:41:50 032 - Page URL:: https://i-car--staging.sandbox.my.salesforce.com/</small> </font> </div>
<div class="test-event"> <font color="maroon"> <small> &emsp; &emsp;--- 16 Oct 10:41:50 032 - <b>0</b> - Page Load Wait: (Sync) - ICar.support.Utils.waitForPageLoad(Utils.java:109)</small> </font> </div>
<div class="test-message">&emsp;Successfully navigated to 'Login' Page&emsp;<a href=".\ScreenShot\ICar_BAM633_TC04_42877465069700.png" target="_blank" >[ScreenShot]</a></div>
<div class="test-message">&emsp;1. Login page is launched.</div>
<div class="test-event"> <font color="maroon"> <small> &emsp; &emsp;--- 16 Oct 10:41:50 344 - Element is displayed:: [[ChromeDriver: chrome on WINDOWS (f4f548fffa458807595a6f2db3f176bb)] -> id: username]</small> </font> </div>
<div class="test-event"> <font color="maroon"> <small> &emsp; &emsp;--- 16 Oct 10:41:50 400 - Element is displayed:: [[ChromeDriver: chrome on WINDOWS (f4f548fffa458807595a6f2db3f176bb)] -> id: username]</small> </font> </div>
<div class="test-event"> <font color="maroon"> <small> &emsp; &emsp;--- 16 Oct 10:41:51 155 - Element is displayed:: [[ChromeDriver: chrome on WINDOWS (f4f548fffa458807595a6f2db3f176bb)] -> id: password]</small> </font> </div>
<div class="test-event"> <font color="maroon"> <small> &emsp; &emsp;--- 16 Oct 10:41:51 518 - Element is displayed:: [[ChromeDriver: chrome on WINDOWS (f4f548fffa458807595a6f2db3f176bb)] -> id: Login]</small> </font> </div>
<div class="test-event"> <font color="maroon"> <small> &emsp; &emsp;--- 16 Oct 10:42:17 043 - Catched spinner load exception due to Expected condition failed: waiting for ICar.support.WaitUtils$4@714addf7 (tried for 13 second(s) with 500 milliseconds interval)</small> </font> </div>
<div class="test-event"> <font color="maroon"> <small> &emsp; &emsp;--- 16 Oct 10:42:17 044 - <b>13</b> - Spinner Load Wait: (Sync) - ICar.support.WaitUtils.waitForSpinner(WaitUtils.java:225)</small> </font> </div>
<div class="test-event"> <font color="maroon"> <small> &emsp; &emsp;--- 16 Oct 10:42:36 258 - Catched spinner load exception due to Expected condition failed: waiting for ICar.support.WaitUtils$4@714addf7 (tried for 6 second(s) with 500 milliseconds interval)</small> </font> </div>
<div class="test-event"> <font color="maroon"> <small> &emsp; &emsp;--- 16 Oct 10:42:36 259 - <b>6</b> - Spinner Load Wait: (Sync) - ICar.support.WaitUtils.waitForSpinner(WaitUtils.java:225)</small> </font> </div>
<div class="test-event"> <font color="maroon"> <small> &emsp; &emsp;--- 16 Oct 10:42:36 334 - Element is displayed:: [[ChromeDriver: chrome on WINDOWS (f4f548fffa458807595a6f2db3f176bb)] -> css selector: button[class*='search-button']]</small> </font> </div>
<div class="test-message">&emsp;2. Navigate to 'SalesForce Page'</div>
<div class="test-event"> <font color="maroon"> <small> &emsp; &emsp;--- 16 Oct 10:42:36 582 - Page URL:: https://i-car--staging.sandbox.lightning.force.com/lightning/r/contact/0031i00000nuecbqa2/view</small> </font> </div>
<div class="test-event"> <font color="maroon"> <small> &emsp; &emsp;--- 16 Oct 10:42:36 582 - <b>0</b> - Page Load Wait: (Sync) - ICar.support.Utils.waitForPageLoad(Utils.java:109)</small> </font> </div>
<div class="test-event"> <font color="maroon"> <small> &emsp; &emsp;--- 16 Oct 10:42:42 154 - Page URL:: https://i-car--staging.sandbox.lightning.force.com/lightning/o/account/list?filtername=accounts</small> </font> </div>
<div class="test-event"> <font color="maroon"> <small> &emsp; &emsp;--- 16 Oct 10:42:42 154 - <b>0</b> - Page Load Wait: (Sync) - ICar.support.Utils.waitForPageLoad(Utils.java:109)</small> </font> </div>
<div class="test-message">&emsp;Close the tab</div>
<div class="test-message">&emsp;Successfully navigated to 'Login' Page&emsp;<a href=".\ScreenShot\ICar_BAM633_TC04_42934851565200.png" target="_blank" >[ScreenShot]</a></div>
<div class="test-event"> <font color="maroon"> <small> &emsp; &emsp;--- 16 Oct 10:42:54 051 - Page URL:: https://i-car--staging.sandbox.lightning.force.com/lightning/o/account/list?filtername=accounts</small> </font> </div>
<div class="test-event"> <font color="maroon"> <small> &emsp; &emsp;--- 16 Oct 10:42:54 051 - <b>0</b> - Page Load Wait: (Sync) - ICar.support.Utils.waitForPageLoad(Utils.java:109)</small> </font> </div>
<div class="test-event"> <font color="maroon"> <small> &emsp; &emsp;--- 16 Oct 10:42:54 407 - Page URL:: https://i-car--staging.sandbox.lightning.force.com/lightning/o/account/list?filtername=accounts</small> </font> </div>
<div class="test-event"> <font color="maroon"> <small> &emsp; &emsp;--- 16 Oct 10:42:54 407 - <b>0</b> - Page Load Wait: (Sync) - ICar.support.Utils.waitForPageLoad(Utils.java:109)</small> </font> </div>
<div class="test-event"> <font color="maroon"> <small> &emsp; &emsp;--- 16 Oct 10:42:54 458 - Element is displayed:: [[ChromeDriver: chrome on WINDOWS (f4f548fffa458807595a6f2db3f176bb)] -> xpath: //ul[@class='slds-global-actions']//div[@class='setupGear']]</small> </font> </div>
<div class="test-event"> <font color="maroon"> <small> &emsp; &emsp;--- 16 Oct 10:42:54 525 - Element is displayed:: [[ChromeDriver: chrome on WINDOWS (f4f548fffa458807595a6f2db3f176bb)] -> xpath: //ul[@class='slds-global-actions']//div[@class='setupGear']]</small> </font> </div>
<div class="test-event"> <font color="maroon"> <small> &emsp; &emsp;--- 16 Oct 10:42:58 151 - Page URL:: https://i-car--staging.sandbox.lightning.force.com/lightning/o/account/list?filtername=accounts</small> </font> </div>
<div class="test-event"> <font color="maroon"> <small> &emsp; &emsp;--- 16 Oct 10:42:58 151 - <b>0</b> - Page Load Wait: (Sync) - ICar.support.Utils.waitForPageLoad(Utils.java:109)</small> </font> </div>
<div class="test-event"> <font color="maroon"> <small> &emsp; &emsp;--- 16 Oct 10:43:01 356 - Catched spinner load exception due to Expected condition failed: waiting for ICar.support.WaitUtils$4@714addf7 (tried for 3 second(s) with 500 milliseconds interval)</small> </font> </div>
<div class="test-event"> <font color="maroon"> <small> &emsp; &emsp;--- 16 Oct 10:43:01 357 - <b>3</b> - Spinner Load Wait: (Sync) - ICar.support.WaitUtils.waitForSpinner(WaitUtils.java:225)</small> </font> </div>
<div class="test-event"> <font color="maroon"> <small> &emsp; &emsp;--- 16 Oct 10:43:01 788 - Page URL:: https://i-car--staging.sandbox.lightning.force.com/lightning/o/account/list?filtername=accounts</small> </font> </div>
<div class="test-event"> <font color="maroon"> <small> &emsp; &emsp;--- 16 Oct 10:43:01 788 - <b>0</b> - Page Load Wait: (Sync) - ICar.support.Utils.waitForPageLoad(Utils.java:109)</small> </font> </div>
<div class="test-event"> <font color="maroon"> <small> &emsp; &emsp;--- 16 Oct 10:43:11 481 - Page URL:: https://i-car--staging.sandbox.my.salesforce-setup.com/lightning/setup/setuponehome/home</small> </font> </div>
<div class="test-event"> <font color="maroon"> <small> &emsp; &emsp;--- 16 Oct 10:43:11 482 - <b>9</b> - Page Load Wait: (Sync) - ICar.support.Utils.waitForPageLoad(Utils.java:109)</small> </font> </div>
<div class="test-event"> <font color="maroon"> <small> &emsp; &emsp;--- 16 Oct 10:43:16 679 - Page URL:: https://i-car--staging.sandbox.my.salesforce-setup.com/lightning/setup/setuponehome/home</small> </font> </div>
<div class="test-event"> <font color="maroon"> <small> &emsp; &emsp;--- 16 Oct 10:43:16 679 - <b>0</b> - Page Load Wait: (Sync) - ICar.support.Utils.waitForPageLoad(Utils.java:109)</small> </font> </div>
<div class="test-message">&emsp;Close the tab</div>
<div class="test-event"> <font color="maroon"> <small> &emsp; &emsp;--- 16 Oct 10:43:22 045 - Page URL:: https://i-car--staging.sandbox.my.salesforce-setup.com/lightning/setup/setuponehome/home</small> </font> </div>
<div class="test-event"> <font color="maroon"> <small> &emsp; &emsp;--- 16 Oct 10:43:22 045 - <b>0</b> - Page Load Wait: (Sync) - ICar.support.Utils.waitForPageLoad(Utils.java:109)</small> </font> </div>
<div class="test-event"> <font color="maroon"> <small> &emsp; &emsp;--- 16 Oct 10:43:33 471 - Unable to find an element after 2 sec ==> Proxy element for: AjaxElementLocator 'By.cssSelector: button[class*='search-button']'</small> </font> </div>
<div class="test-event"> <font color="maroon"> <small> &emsp; &emsp;--- 16 Oct 10:43:35 567 - Catched spinner load exception due to Expected condition failed: waiting for ICar.support.WaitUtils$4@714addf7 (tried for 2 second(s) with 500 milliseconds interval)</small> </font> </div>
<div class="test-event"> <font color="maroon"> <small> &emsp; &emsp;--- 16 Oct 10:43:35 567 - <b>2</b> - Spinner Load Wait: (Sync) - ICar.support.WaitUtils.waitForSpinner(WaitUtils.java:225)</small> </font> </div>
<div class="test-event"> <font color="maroon"> <small> &emsp; &emsp;--- 16 Oct 10:43:38 760 - Page URL:: https://i-car--staging.sandbox.my.salesforce-setup.com/lightning/setup/setuponehome/home</small> </font> </div>
<div class="test-event"> <font color="maroon"> <small> &emsp; &emsp;--- 16 Oct 10:43:38 760 - <b>0</b> - Page Load Wait: (Sync) - ICar.support.Utils.waitForPageLoad(Utils.java:109)</small> </font> </div>
<div class="test-event"> <font color="maroon"> <small> &emsp; &emsp;--- 16 Oct 10:43:41 851 - Element is displayed:: [[ChromeDriver: chrome on WINDOWS (f4f548fffa458807595a6f2db3f176bb)] -> css selector: div[class*='uiInput--default'] input]</small> </font> </div>
<div class="test-event"> <font color="maroon"> <small> &emsp; &emsp;--- 16 Oct 10:43:58 793 - Catched spinner load exception due to Expected condition failed: waiting for ICar.support.WaitUtils$4@714addf7 (tried for 10 second(s) with 500 milliseconds interval)</small> </font> </div>
<div class="test-event"> <font color="maroon"> <small> &emsp; &emsp;--- 16 Oct 10:43:58 793 - <b>10</b> - Spinner Load Wait: (Sync) - ICar.support.WaitUtils.waitForSpinner(WaitUtils.java:225)</small> </font> </div>
<div class="test-event"> <font color="maroon"> <small> &emsp; &emsp;--- 16 Oct 10:43:59 052 - Page URL:: https://i-car--staging.sandbox.my.salesforce-setup.com/one/one.app#eyjjb21wb25lbnrezwyioijmb3jjzvnlyxjjadpzzwfyy2gilcjhdhryawj1dgvzijp7inrlcm0ioijccmvuzgegumftc2v5iiwic2nvcgvnyxaionsibgfizwxqbhvyywwioijtzxr1ccisim5hbwvzcgfjzsi6ilnldhvwiiwidhlwzsi6ilrpuf9srvnvtfrtin0simnvbnrlehqionsizglzywjszvnwzwxsq29ycmvjdglvbii6zmfsc2usimrpc2fibgvjbnrlbnrrdwvyesi6zmfsc2usinnlyxjjafnvdxjjzsi6ikloufvux0rfu0tut1aifswiz3jvdxbjzci6ikrfrkfvtfqifswic3rhdguiont9fq%3d%3d</small> </font> </div>
<div class="test-event"> <font color="maroon"> <small> &emsp; &emsp;--- 16 Oct 10:43:59 052 - <b>0</b> - Page Load Wait: (Sync) - ICar.support.Utils.waitForPageLoad(Utils.java:109)</small> </font> </div>
<div class="test-event"> <font color="maroon"> <small> &emsp; &emsp;--- 16 Oct 10:44:10 461 - Catched spinner load exception due to Expected condition failed: waiting for ICar.support.WaitUtils$4@714addf7 (tried for 11 second(s) with 500 milliseconds interval)</small> </font> </div>
<div class="test-event"> <font color="maroon"> <small> &emsp; &emsp;--- 16 Oct 10:44:10 461 - <b>11</b> - Spinner Load Wait: (Sync) - ICar.support.WaitUtils.waitForSpinner(WaitUtils.java:225)</small> </font> </div>
<div class="test-event"> <font color="maroon"> <small> &emsp; &emsp;--- 16 Oct 10:44:10 634 - Page URL:: https://i-car--staging.sandbox.my.salesforce-setup.com/one/one.app#eyjjb21wb25lbnrezwyioijmb3jjzvnlyxjjadpzzwfyy2gilcjhdhryawj1dgvzijp7inrlcm0ioijccmvuzgegumftc2v5iiwic2nvcgvnyxaionsibgfizwxqbhvyywwioijtzxr1ccisim5hbwvzcgfjzsi6ilnldhvwiiwidhlwzsi6ilrpuf9srvnvtfrtin0simnvbnrlehqionsizglzywjszvnwzwxsq29ycmvjdglvbii6zmfsc2usimrpc2fibgvjbnrlbnrrdwvyesi6zmfsc2usinnlyxjjafnvdxjjzsi6ikloufvux0rfu0tut1aifswiz3jvdxbjzci6ikrfrkfvtfqifswic3rhdguiont9fq%3d%3d</small> </font> </div>
<div class="test-event"> <font color="maroon"> <small> &emsp; &emsp;--- 16 Oct 10:44:10 634 - <b>0</b> - Page Load Wait: (Sync) - ICar.support.Utils.waitForPageLoad(Utils.java:109)</small> </font> </div>
<div class="test-event"> <font color="maroon"> <small> &emsp; &emsp;--- 16 Oct 10:44:10 735 - Element is displayed:: [[ChromeDriver: chrome on WINDOWS (f4f548fffa458807595a6f2db3f176bb)] -> xpath: //a[@title='Top Results']//span[text()='Top Results']]</small> </font> </div>
<div class="test-event"> <font color="maroon"> <small> &emsp; &emsp;--- 16 Oct 10:44:11 085 - Page URL:: https://i-car--staging.sandbox.my.salesforce-setup.com/one/one.app#eyjjb21wb25lbnrezwyioijmb3jjzvnlyxjjadpzzwfyy2gilcjhdhryawj1dgvzijp7inrlcm0ioijccmvuzgegumftc2v5iiwic2nvcgvnyxaionsibgfizwxqbhvyywwioijtzxr1ccisim5hbwvzcgfjzsi6ilnldhvwiiwidhlwzsi6ilrpuf9srvnvtfrtin0simnvbnrlehqionsizglzywjszvnwzwxsq29ycmvjdglvbii6zmfsc2usimrpc2fibgvjbnrlbnrrdwvyesi6zmfsc2usinnlyxjjafnvdxjjzsi6ikloufvux0rfu0tut1aifswiz3jvdxbjzci6ikrfrkfvtfqifswic3rhdguiont9fq%3d%3d</small> </font> </div>
<div class="test-event"> <font color="maroon"> <small> &emsp; &emsp;--- 16 Oct 10:44:11 085 - <b>0</b> - Page Load Wait: (Sync) - ICar.support.Utils.waitForPageLoad(Utils.java:109)</small> </font> </div>
<div class="test-event"> <font color="maroon"> <small> &emsp; &emsp;--- 16 Oct 10:44:16 307 - Catched spinner load exception due to Expected condition failed: waiting for ICar.support.WaitUtils$4@714addf7 (tried for 5 second(s) with 500 milliseconds interval)</small> </font> </div>
<div class="test-event"> <font color="maroon"> <small> &emsp; &emsp;--- 16 Oct 10:44:16 308 - <b>5</b> - Spinner Load Wait: (Sync) - ICar.support.WaitUtils.waitForSpinner(WaitUtils.java:225)</small> </font> </div>
<div class="test-event"> <font color="maroon"> <small> &emsp; &emsp;--- 16 Oct 10:44:16 550 - Page URL:: https://i-car--staging.sandbox.my.salesforce-setup.com/one/one.app#eyjjb21wb25lbnrezwyioijmb3jjzvnlyxjjadpzzwfyy2gilcjhdhryawj1dgvzijp7inrlcm0ioijccmvuzgegumftc2v5iiwic2nvcgvnyxaionsibgfizwxqbhvyywwioijtzxr1ccisim5hbwvzcgfjzsi6ilnldhvwiiwidhlwzsi6ilrpuf9srvnvtfrtin0simnvbnrlehqionsizglzywjszvnwzwxsq29ycmvjdglvbii6zmfsc2usimrpc2fibgvjbnrlbnrrdwvyesi6zmfsc2usinnlyxjjafnvdxjjzsi6ikloufvux0rfu0tut1aifswiz3jvdxbjzci6ikrfrkfvtfqifswic3rhdguiont9fq%3d%3d</small> </font> </div>
<div class="test-event"> <font color="maroon"> <small> &emsp; &emsp;--- 16 Oct 10:44:16 550 - <b>0</b> - Page Load Wait: (Sync) - ICar.support.Utils.waitForPageLoad(Utils.java:109)</small> </font> </div>
<div class="test-event"> <font color="maroon"> <small> &emsp; &emsp;--- 16 Oct 10:44:16 789 - Page URL:: https://i-car--staging.sandbox.my.salesforce-setup.com/one/one.app#eyjjb21wb25lbnrezwyioijmb3jjzvnlyxjjadpzzwfyy2gilcjhdhryawj1dgvzijp7inrlcm0ioijccmvuzgegumftc2v5iiwic2nvcgvnyxaionsibgfizwxqbhvyywwioijtzxr1ccisim5hbwvzcgfjzsi6ilnldhvwiiwidhlwzsi6ilrpuf9srvnvtfrtin0simnvbnrlehqionsizglzywjszvnwzwxsq29ycmvjdglvbii6zmfsc2usimrpc2fibgvjbnrlbnrrdwvyesi6zmfsc2usinnlyxjjafnvdxjjzsi6ikloufvux0rfu0tut1aifswiz3jvdxbjzci6ikrfrkfvtfqifswic3rhdguiont9fq%3d%3d</small> </font> </div>
<div class="test-event"> <font color="maroon"> <small> &emsp; &emsp;--- 16 Oct 10:44:16 789 - <b>0</b> - Page Load Wait: (Sync) - ICar.support.Utils.waitForPageLoad(Utils.java:109)</small> </font> </div>
<div class="test-event"> <font color="maroon"> <small> &emsp; &emsp;--- 16 Oct 10:44:16 987 - Page URL:: https://i-car--staging.sandbox.my.salesforce-setup.com/one/one.app#eyjjb21wb25lbnrezwyioijmb3jjzvnlyxjjadpzzwfyy2gilcjhdhryawj1dgvzijp7inrlcm0ioijccmvuzgegumftc2v5iiwic2nvcgvnyxaionsibgfizwxqbhvyywwioijtzxr1ccisim5hbwvzcgfjzsi6ilnldhvwiiwidhlwzsi6ilrpuf9srvnvtfrtin0simnvbnrlehqionsizglzywjszvnwzwxsq29ycmvjdglvbii6zmfsc2usimrpc2fibgvjbnrlbnrrdwvyesi6zmfsc2usinnlyxjjafnvdxjjzsi6ikloufvux0rfu0tut1aifswiz3jvdxbjzci6ikrfrkfvtfqifswic3rhdguiont9fq%3d%3d</small> </font> </div>
<div class="test-event"> <font color="maroon"> <small> &emsp; &emsp;--- 16 Oct 10:44:16 987 - <b>0</b> - Page Load Wait: (Sync) - ICar.support.Utils.waitForPageLoad(Utils.java:109)</small> </font> </div>
<div class="test-event"> <font color="maroon"> <small> &emsp; &emsp;--- 16 Oct 10:44:42 000 - Catched spinner load exception due to Expected condition failed: waiting for ICar.support.WaitUtils$4@714addf7 (tried for 25 second(s) with 500 milliseconds interval)</small> </font> </div>
<div class="test-event"> <font color="maroon"> <small> &emsp; &emsp;--- 16 Oct 10:44:42 000 - <b>25</b> - Spinner Load Wait: (Sync) - ICar.support.WaitUtils.waitForSpinner(WaitUtils.java:225)</small> </font> </div>
<div class="test-event"> <font color="maroon"> <small> &emsp; &emsp;--- 16 Oct 10:44:42 237 - Page URL:: https://i-car--staging.sandbox.my.salesforce-setup.com/one/one.app#eyjjb21wb25lbnrezwyioijmb3jjzvnlyxjjadpzzwfyy2gilcjhdhryawj1dgvzijp7inrlcm0ioijccmvuzgegumftc2v5iiwic2nvcgvnyxaionsibgfizwxqbhvyywwioijtzxr1ccisim5hbwvzcgfjzsi6ilnldhvwiiwidhlwzsi6ilrpuf9srvnvtfrtin0simnvbnrlehqionsizglzywjszvnwzwxsq29ycmvjdglvbii6zmfsc2usimrpc2fibgvjbnrlbnrrdwvyesi6zmfsc2usinnlyxjjafnvdxjjzsi6ikloufvux0rfu0tut1aifswiz3jvdxbjzci6ikrfrkfvtfqifswic3rhdguiont9fq%3d%3d</small> </font> </div>
<div class="test-event"> <font color="maroon"> <small> &emsp; &emsp;--- 16 Oct 10:44:42 237 - <b>0</b> - Page Load Wait: (Sync) - ICar.support.Utils.waitForPageLoad(Utils.java:109)</small> </font> </div>
<div class="test-event"> <font color="maroon"> <small> &emsp; &emsp;--- 16 Oct 10:44:42 269 - Element is displayed:: [[ChromeDriver: chrome on WINDOWS (f4f548fffa458807595a6f2db3f176bb)] -> css selector: div.forceSearchResultsRegion  div.resultsMultiWrapper >div > div table tbody td a]</small> </font> </div>
<div class="test-event"> <font color="maroon"> <small> &emsp; &emsp;--- 16 Oct 10:44:42 521 - Element is displayed:: [[ChromeDriver: chrome on WINDOWS (f4f548fffa458807595a6f2db3f176bb)] -> css selector: div.forceSearchResultsRegion  div.resultsMultiWrapper >div > div table tbody td a]</small> </font> </div>
<div class="test-event"> <font color="maroon"> <small> &emsp; &emsp;--- 16 Oct 10:44:43 059 - Page URL:: https://i-car--staging.sandbox.my.salesforce-setup.com/one/one.app#eyjjb21wb25lbnrezwyioijmb3jjzvnlyxjjadpzzwfyy2gilcjhdhryawj1dgvzijp7inrlcm0ioijccmvuzgegumftc2v5iiwic2nvcgvnyxaionsibgfizwxqbhvyywwioijtzxr1ccisim5hbwvzcgfjzsi6ilnldhvwiiwidhlwzsi6ilrpuf9srvnvtfrtin0simnvbnrlehqionsizglzywjszvnwzwxsq29ycmvjdglvbii6zmfsc2usimrpc2fibgvjbnrlbnrrdwvyesi6zmfsc2usinnlyxjjafnvdxjjzsi6ikloufvux0rfu0tut1aifswiz3jvdxbjzci6ikrfrkfvtfqifswic3rhdguiont9fq%3d%3d</small> </font> </div>
<div class="test-event"> <font color="maroon"> <small> &emsp; &emsp;--- 16 Oct 10:44:43 059 - <b>0</b> - Page Load Wait: (Sync) - ICar.support.Utils.waitForPageLoad(Utils.java:109)</small> </font> </div>
<div class="test-event"> <font color="maroon"> <small> &emsp; &emsp;--- 16 Oct 10:45:03 524 - Catched spinner load exception due to Expected condition failed: waiting for ICar.support.WaitUtils$4@714addf7 (tried for 20 second(s) with 500 milliseconds interval)</small> </font> </div>
<div class="test-event"> <font color="maroon"> <small> &emsp; &emsp;--- 16 Oct 10:45:03 524 - <b>20</b> - Spinner Load Wait: (Sync) - ICar.support.WaitUtils.waitForSpinner(WaitUtils.java:225)</small> </font> </div>
<div class="test-event"> <font color="maroon"> <small> &emsp; &emsp;--- 16 Oct 10:45:03 641 - Page URL:: https://i-car--staging.sandbox.my.salesforce-setup.com/lightning/setup/manageusers/page?address=%2f0051i000002lihdqas%3fnoredirect%3d1%26isuserentityoverride%3d1%26returl%3d%252fsetup%252fhome</small> </font> </div>
<div class="test-event"> <font color="maroon"> <small> &emsp; &emsp;--- 16 Oct 10:45:03 641 - <b>0</b> - Page Load Wait: (Sync) - ICar.support.Utils.waitForPageLoad(Utils.java:109)</small> </font> </div>
<div class="test-event"> <font color="maroon"> <small> &emsp; &emsp;--- 16 Oct 10:45:03 762 - Page URL:: https://i-car--staging.sandbox.my.salesforce-setup.com/lightning/setup/manageusers/page?address=%2f0051i000002lihdqas%3fnoredirect%3d1%26isuserentityoverride%3d1%26returl%3d%252fsetup%252fhome</small> </font> </div>
<div class="test-event"> <font color="maroon"> <small> &emsp; &emsp;--- 16 Oct 10:45:03 762 - <b>0</b> - Page Load Wait: (Sync) - ICar.support.Utils.waitForPageLoad(Utils.java:109)</small> </font> </div>
<div class="test-event"> <font color="maroon"> <small> &emsp; &emsp;--- 16 Oct 10:45:07 863 - Element is displayed:: [[ChromeDriver: chrome on WINDOWS (f4f548fffa458807595a6f2db3f176bb)] -> css selector: input[title='Login']]</small> </font> </div>
<div class="test-event"> <font color="maroon"> <small> &emsp; &emsp;--- 16 Oct 10:45:19 726 - Page URL:: https://i-car--staging.sandbox.lightning.force.com/lightning/r/orderitem/802vc00000bnclmyab/view?ws=%2flightning%2fr%2frefund_credit_request__c%2fa3jvc000001usatya0%2fview</small> </font> </div>
<div class="test-event"> <font color="maroon"> <small> &emsp; &emsp;--- 16 Oct 10:45:19 727 - <b>0</b> - Page Load Wait: (Sync) - ICar.support.Utils.waitForPageLoad(Utils.java:109)</small> </font> </div>
<div class="test-event"> <font color="maroon"> <small> &emsp; &emsp;--- 16 Oct 10:45:25 366 - Page URL:: https://i-car--staging.sandbox.lightning.force.com/lightning/r/orderitem/802vc00000bnclmyab/view?ws=%2flightning%2fr%2frefund_credit_request__c%2fa3jvc000001usatya0%2fview</small> </font> </div>
<div class="test-event"> <font color="maroon"> <small> &emsp; &emsp;--- 16 Oct 10:45:25 366 - <b>0</b> - Page Load Wait: (Sync) - ICar.support.Utils.waitForPageLoad(Utils.java:109)</small> </font> </div>
<div class="test-message">&emsp;Close the tab</div>
<div class="test-event"> <font color="maroon"> <small> &emsp; &emsp;--- 16 Oct 10:45:31 006 - Page URL:: https://i-car--staging.sandbox.lightning.force.com/lightning/o/contact/list?filtername=__recent</small> </font> </div>
<div class="test-event"> <font color="maroon"> <small> &emsp; &emsp;--- 16 Oct 10:45:31 006 - <b>0</b> - Page Load Wait: (Sync) - ICar.support.Utils.waitForPageLoad(Utils.java:109)</small> </font> </div>
<div class="test-event"> <font color="maroon"> <small> &emsp; &emsp;--- 16 Oct 10:45:36 396 - Page URL:: https://i-car--staging.sandbox.lightning.force.com/lightning/o/contact/list?filtername=__recent</small> </font> </div>
<div class="test-event"> <font color="maroon"> <small> &emsp; &emsp;--- 16 Oct 10:45:36 396 - <b>0</b> - Page Load Wait: (Sync) - ICar.support.Utils.waitForPageLoad(Utils.java:109)</small> </font> </div>
<div class="test-message">&emsp;Close the tab</div>
<div class="test-event"> <font color="maroon"> <small> &emsp; &emsp;--- 16 Oct 10:45:41 816 - Page URL:: https://i-car--staging.sandbox.lightning.force.com/lightning/o/contact/list?filtername=__recent</small> </font> </div>
<div class="test-event"> <font color="maroon"> <small> &emsp; &emsp;--- 16 Oct 10:45:41 816 - <b>0</b> - Page Load Wait: (Sync) - ICar.support.Utils.waitForPageLoad(Utils.java:109)</small> </font> </div>
<div class="test-event"> <font color="maroon"> <small> &emsp; &emsp;--- 16 Oct 10:45:47 160 - Page URL:: https://i-car--staging.sandbox.lightning.force.com/lightning/o/contact/list?filtername=__recent</small> </font> </div>
<div class="test-event"> <font color="maroon"> <small> &emsp; &emsp;--- 16 Oct 10:45:47 160 - <b>0</b> - Page Load Wait: (Sync) - ICar.support.Utils.waitForPageLoad(Utils.java:109)</small> </font> </div>
<div class="test-message">&emsp;Close the tab</div>
<div class="test-event"> <font color="maroon"> <small> &emsp; &emsp;--- 16 Oct 10:45:52 617 - Page URL:: https://i-car--staging.sandbox.lightning.force.com/lightning/o/contact/list?filtername=__recent</small> </font> </div>
<div class="test-event"> <font color="maroon"> <small> &emsp; &emsp;--- 16 Oct 10:45:52 617 - <b>0</b> - Page Load Wait: (Sync) - ICar.support.Utils.waitForPageLoad(Utils.java:109)</small> </font> </div>
<div class="test-event"> <font color="maroon"> <small> &emsp; &emsp;--- 16 Oct 10:45:52 669 - Element is displayed:: [[ChromeDriver: chrome on WINDOWS (f4f548fffa458807595a6f2db3f176bb)] -> css selector: button[class*='search-button']]</small> </font> </div>
<div class="test-event"> <font color="maroon"> <small> &emsp; &emsp;--- 16 Oct 10:45:54 860 - Catched spinner load exception due to Expected condition failed: waiting for ICar.support.WaitUtils$4@714addf7 (tried for 2 second(s) with 500 milliseconds interval)</small> </font> </div>
<div class="test-event"> <font color="maroon"> <small> &emsp; &emsp;--- 16 Oct 10:45:54 860 - <b>2</b> - Spinner Load Wait: (Sync) - ICar.support.WaitUtils.waitForSpinner(WaitUtils.java:225)</small> </font> </div>
<div class="test-event"> <font color="maroon"> <small> &emsp; &emsp;--- 16 Oct 10:45:57 955 - Element is displayed:: [[ChromeDriver: chrome on WINDOWS (f4f548fffa458807595a6f2db3f176bb)] -> css selector: button[class*='search-button']]</small> </font> </div>
<div class="test-event"> <font color="maroon"> <small> &emsp; &emsp;--- 16 Oct 10:45:58 746 - Page URL:: https://i-car--staging.sandbox.lightning.force.com/lightning/o/contact/list?filtername=__recent</small> </font> </div>
<div class="test-event"> <font color="maroon"> <small> &emsp; &emsp;--- 16 Oct 10:45:58 746 - <b>0</b> - Page Load Wait: (Sync) - ICar.support.Utils.waitForPageLoad(Utils.java:109)</small> </font> </div>
<div class="test-event"> <font color="maroon"> <small> &emsp; &emsp;--- 16 Oct 10:46:18 080 - Catched spinner load exception due to Expected condition failed: waiting for ICar.support.WaitUtils$4@714addf7 (tried for 10 second(s) with 500 milliseconds interval)</small> </font> </div>
<div class="test-event"> <font color="maroon"> <small> &emsp; &emsp;--- 16 Oct 10:46:18 080 - <b>10</b> - Spinner Load Wait: (Sync) - ICar.support.WaitUtils.waitForSpinner(WaitUtils.java:225)</small> </font> </div>
<div class="test-event"> <font color="maroon"> <small> &emsp; &emsp;--- 16 Oct 10:46:18 475 - Page URL:: https://i-car--staging.sandbox.lightning.force.com/one/one.app#eyjjb21wb25lbnrezwyioijmb3jjzvnlyxjjadpzzwfyy2hqywdlrgvza3rvccisimf0dhjpynv0zxmionsidgvybsi6ijiznjy5mzkilcjzy29wzu1hcci6eyj0exblijoive9qx1jfu1vmvfmilcjuyw1lc3bhy2uioiiilcjsywjlbci6ilrvccbszxn1bhrziiwibgfizwxqbhvyywwioijub3agumvzdwx0cyisinjlc3vsdhndbxaioijmb3jjzvnlyxjjadpwcmvkawn0zwrszxn1bhrzin0simnvbnrlehqionsirklmvevsuyi6e30sinnlyxjjafnvdxjjzsi6ikftu0ltvefovf9esufmt0cilcjkaxnhymxlsw50zw50uxvlcnkiomzhbhnllcjkaxnhymxlu3blbgxdb3jyzwn0aw9uijpmywxzzswic2vhcmnorglhbg9nu2vzc2lvbklkijoiodblzdczzmqtmde3yy1iyzgxlwyymdctnjywythmzjaxnzi0iiwizgvidwdjbmzvijp7imfwce5hbwuioijjq2fyx1nlcnzpy2vfq29uc29szsisimfwcfr5cguioijdb25zb2xliiwiyxbwtmftzxnwywnlijoiyyisimxvy2f0aw9uijoizm9yy2u6b2jqzwn0sg9tzurlc2t0b3ailcjzb2jqzwn0vhlwzsi6iknvbnrhy3qifx0simdyb3vwswqioijeruzbvuxuin0sinn0yxrlijp7fx0%3d</small> </font> </div>
<div class="test-event"> <font color="maroon"> <small> &emsp; &emsp;--- 16 Oct 10:46:18 475 - <b>0</b> - Page Load Wait: (Sync) - ICar.support.Utils.waitForPageLoad(Utils.java:109)</small> </font> </div>
<div class="test-event"> <font color="maroon"> <small> &emsp; &emsp;--- 16 Oct 10:46:29 585 - Catched spinner load exception due to Expected condition failed: waiting for ICar.support.WaitUtils$4@714addf7 (tried for 11 second(s) with 500 milliseconds interval)</small> </font> </div>
<div class="test-event"> <font color="maroon"> <small> &emsp; &emsp;--- 16 Oct 10:46:29 585 - <b>11</b> - Spinner Load Wait: (Sync) - ICar.support.WaitUtils.waitForSpinner(WaitUtils.java:225)</small> </font> </div>
<div class="test-event"> <font color="maroon"> <small> &emsp; &emsp;--- 16 Oct 10:46:30 091 - Page URL:: https://i-car--staging.sandbox.lightning.force.com/one/one.app#eyjjb21wb25lbnrezwyioijmb3jjzvnlyxjjadpzzwfyy2hqywdlrgvza3rvccisimf0dhjpynv0zxmionsidgvybsi6ijiznjy5mzkilcjzy29wzu1hcci6eyj0exblijoive9qx1jfu1vmvfmilcjuyw1lc3bhy2uioiiilcjsywjlbci6ilrvccbszxn1bhrziiwibgfizwxqbhvyywwioijub3agumvzdwx0cyisinjlc3vsdhndbxaioijmb3jjzvnlyxjjadpwcmvkawn0zwrszxn1bhrzin0simnvbnrlehqionsirklmvevsuyi6e30sinnlyxjjafnvdxjjzsi6ikftu0ltvefovf9esufmt0cilcjkaxnhymxlsw50zw50uxvlcnkiomzhbhnllcjkaxnhymxlu3blbgxdb3jyzwn0aw9uijpmywxzzswic2vhcmnorglhbg9nu2vzc2lvbklkijoiodblzdczzmqtmde3yy1iyzgxlwyymdctnjywythmzjaxnzi0iiwizgvidwdjbmzvijp7imfwce5hbwuioijjq2fyx1nlcnzpy2vfq29uc29szsisimfwcfr5cguioijdb25zb2xliiwiyxbwtmftzxnwywnlijoiyyisimxvy2f0aw9uijoizm9yy2u6b2jqzwn0sg9tzurlc2t0b3ailcjzb2jqzwn0vhlwzsi6iknvbnrhy3qifx0simdyb3vwswqioijeruzbvuxuin0sinn0yxrlijp7fx0%3d</small> </font> </div>
<div class="test-event"> <font color="maroon"> <small> &emsp; &emsp;--- 16 Oct 10:46:30 091 - <b>0</b> - Page Load Wait: (Sync) - ICar.support.Utils.waitForPageLoad(Utils.java:109)</small> </font> </div>
<div class="test-event"> <font color="maroon"> <small> &emsp; &emsp;--- 16 Oct 10:46:30 159 - Element is displayed:: [[ChromeDriver: chrome on WINDOWS (f4f548fffa458807595a6f2db3f176bb)] -> xpath: //a[@title='Top Results']//span[text()='Top Results']]</small> </font> </div>
<div class="test-event"> <font color="maroon"> <small> &emsp; &emsp;--- 16 Oct 10:46:30 565 - Page URL:: https://i-car--staging.sandbox.lightning.force.com/one/one.app#eyjjb21wb25lbnrezwyioijmb3jjzvnlyxjjadpzzwfyy2hqywdlrgvza3rvccisimf0dhjpynv0zxmionsidgvybsi6ijiznjy5mzkilcjzy29wzu1hcci6eyj0exblijoive9qx1jfu1vmvfmilcjuyw1lc3bhy2uioiiilcjsywjlbci6ilrvccbszxn1bhrziiwibgfizwxqbhvyywwioijub3agumvzdwx0cyisinjlc3vsdhndbxaioijmb3jjzvnlyxjjadpwcmvkawn0zwrszxn1bhrzin0simnvbnrlehqionsirklmvevsuyi6e30sinnlyxjjafnvdxjjzsi6ikftu0ltvefovf9esufmt0cilcjkaxnhymxlsw50zw50uxvlcnkiomzhbhnllcjkaxnhymxlu3blbgxdb3jyzwn0aw9uijpmywxzzswic2vhcmnorglhbg9nu2vzc2lvbklkijoiodblzdczzmqtmde3yy1iyzgxlwyymdctnjywythmzjaxnzi0iiwizgvidwdjbmzvijp7imfwce5hbwuioijjq2fyx1nlcnzpy2vfq29uc29szsisimfwcfr5cguioijdb25zb2xliiwiyxbwtmftzxnwywnlijoiyyisimxvy2f0aw9uijoizm9yy2u6b2jqzwn0sg9tzurlc2t0b3ailcjzb2jqzwn0vhlwzsi6iknvbnrhy3qifx0simdyb3vwswqioijeruzbvuxuin0sinn0yxrlijp7fx0%3d</small> </font> </div>
<div class="test-event"> <font color="maroon"> <small> &emsp; &emsp;--- 16 Oct 10:46:30 565 - <b>0</b> - Page Load Wait: (Sync) - ICar.support.Utils.waitForPageLoad(Utils.java:109)</small> </font> </div>
<div class="test-event"> <font color="maroon"> <small> &emsp; &emsp;--- 16 Oct 10:46:35 810 - Catched spinner load exception due to Expected condition failed: waiting for ICar.support.WaitUtils$4@714addf7 (tried for 5 second(s) with 500 milliseconds interval)</small> </font> </div>
<div class="test-event"> <font color="maroon"> <small> &emsp; &emsp;--- 16 Oct 10:46:35 810 - <b>5</b> - Spinner Load Wait: (Sync) - ICar.support.WaitUtils.waitForSpinner(WaitUtils.java:225)</small> </font> </div>
<div class="test-event"> <font color="maroon"> <small> &emsp; &emsp;--- 16 Oct 10:46:36 221 - Page URL:: https://i-car--staging.sandbox.lightning.force.com/one/one.app#eyjjb21wb25lbnrezwyioijmb3jjzvnlyxjjadpzzwfyy2hqywdlrgvza3rvccisimf0dhjpynv0zxmionsidgvybsi6ijiznjy5mzkilcjzy29wzu1hcci6eyj0exblijoive9qx1jfu1vmvfmilcjuyw1lc3bhy2uioiiilcjsywjlbci6ilrvccbszxn1bhrziiwibgfizwxqbhvyywwioijub3agumvzdwx0cyisinjlc3vsdhndbxaioijmb3jjzvnlyxjjadpwcmvkawn0zwrszxn1bhrzin0simnvbnrlehqionsirklmvevsuyi6e30sinnlyxjjafnvdxjjzsi6ikftu0ltvefovf9esufmt0cilcjkaxnhymxlsw50zw50uxvlcnkiomzhbhnllcjkaxnhymxlu3blbgxdb3jyzwn0aw9uijpmywxzzswic2vhcmnorglhbg9nu2vzc2lvbklkijoiodblzdczzmqtmde3yy1iyzgxlwyymdctnjywythmzjaxnzi0iiwizgvidwdjbmzvijp7imfwce5hbwuioijjq2fyx1nlcnzpy2vfq29uc29szsisimfwcfr5cguioijdb25zb2xliiwiyxbwtmftzxnwywnlijoiyyisimxvy2f0aw9uijoizm9yy2u6b2jqzwn0sg9tzurlc2t0b3ailcjzb2jqzwn0vhlwzsi6iknvbnrhy3qifx0simdyb3vwswqioijeruzbvuxuin0sinn0yxrlijp7fx0%3d</small> </font> </div>
<div class="test-event"> <font color="maroon"> <small> &emsp; &emsp;--- 16 Oct 10:46:36 221 - <b>0</b> - Page Load Wait: (Sync) - ICar.support.Utils.waitForPageLoad(Utils.java:109)</small> </font> </div>
<div class="test-event"> <font color="maroon"> <small> &emsp; &emsp;--- 16 Oct 10:46:36 571 - Page URL:: https://i-car--staging.sandbox.lightning.force.com/one/one.app#eyjjb21wb25lbnrezwyioijmb3jjzvnlyxjjadpzzwfyy2hqywdlrgvza3rvccisimf0dhjpynv0zxmionsidgvybsi6ijiznjy5mzkilcjzy29wzu1hcci6eyj0exblijoive9qx1jfu1vmvfmilcjuyw1lc3bhy2uioiiilcjsywjlbci6ilrvccbszxn1bhrziiwibgfizwxqbhvyywwioijub3agumvzdwx0cyisinjlc3vsdhndbxaioijmb3jjzvnlyxjjadpwcmvkawn0zwrszxn1bhrzin0simnvbnrlehqionsirklmvevsuyi6e30sinnlyxjjafnvdxjjzsi6ikftu0ltvefovf9esufmt0cilcjkaxnhymxlsw50zw50uxvlcnkiomzhbhnllcjkaxnhymxlu3blbgxdb3jyzwn0aw9uijpmywxzzswic2vhcmnorglhbg9nu2vzc2lvbklkijoiodblzdczzmqtmde3yy1iyzgxlwyymdctnjywythmzjaxnzi0iiwizgvidwdjbmzvijp7imfwce5hbwuioijjq2fyx1nlcnzpy2vfq29uc29szsisimfwcfr5cguioijdb25zb2xliiwiyxbwtmftzxnwywnlijoiyyisimxvy2f0aw9uijoizm9yy2u6b2jqzwn0sg9tzurlc2t0b3ailcjzb2jqzwn0vhlwzsi6iknvbnrhy3qifx0simdyb3vwswqioijeruzbvuxuin0sinn0yxrlijp7fx0%3d</small> </font> </div>
<div class="test-event"> <font color="maroon"> <small> &emsp; &emsp;--- 16 Oct 10:46:36 571 - <b>0</b> - Page Load Wait: (Sync) - ICar.support.Utils.waitForPageLoad(Utils.java:109)</small> </font> </div>
<div class="test-event"> <font color="maroon"> <small> &emsp; &emsp;--- 16 Oct 10:46:36 918 - Page URL:: https://i-car--staging.sandbox.lightning.force.com/one/one.app#eyjjb21wb25lbnrezwyioijmb3jjzvnlyxjjadpzzwfyy2hqywdlrgvza3rvccisimf0dhjpynv0zxmionsidgvybsi6ijiznjy5mzkilcjzy29wzu1hcci6eyj0exblijoive9qx1jfu1vmvfmilcjuyw1lc3bhy2uioiiilcjsywjlbci6ilrvccbszxn1bhrziiwibgfizwxqbhvyywwioijub3agumvzdwx0cyisinjlc3vsdhndbxaioijmb3jjzvnlyxjjadpwcmvkawn0zwrszxn1bhrzin0simnvbnrlehqionsirklmvevsuyi6e30sinnlyxjjafnvdxjjzsi6ikftu0ltvefovf9esufmt0cilcjkaxnhymxlsw50zw50uxvlcnkiomzhbhnllcjkaxnhymxlu3blbgxdb3jyzwn0aw9uijpmywxzzswic2vhcmnorglhbg9nu2vzc2lvbklkijoiodblzdczzmqtmde3yy1iyzgxlwyymdctnjywythmzjaxnzi0iiwizgvidwdjbmzvijp7imfwce5hbwuioijjq2fyx1nlcnzpy2vfq29uc29szsisimfwcfr5cguioijdb25zb2xliiwiyxbwtmftzxnwywnlijoiyyisimxvy2f0aw9uijoizm9yy2u6b2jqzwn0sg9tzurlc2t0b3ailcjzb2jqzwn0vhlwzsi6iknvbnrhy3qifx0simdyb3vwswqioijeruzbvuxuin0sinn0yxrlijp7fx0%3d</small> </font> </div>
<div class="test-event"> <font color="maroon"> <small> &emsp; &emsp;--- 16 Oct 10:46:36 918 - <b>0</b> - Page Load Wait: (Sync) - ICar.support.Utils.waitForPageLoad(Utils.java:109)</small> </font> </div>
<div class="test-event"> <font color="maroon"> <small> &emsp; &emsp;--- 16 Oct 10:46:45 296 - Catched spinner load exception due to Expected condition failed: waiting for ICar.support.WaitUtils$4@714addf7 (tried for 8 second(s) with 500 milliseconds interval)</small> </font> </div>
<div class="test-event"> <font color="maroon"> <small> &emsp; &emsp;--- 16 Oct 10:46:45 296 - <b>8</b> - Spinner Load Wait: (Sync) - ICar.support.WaitUtils.waitForSpinner(WaitUtils.java:225)</small> </font> </div>
<div class="test-event"> <font color="maroon"> <small> &emsp; &emsp;--- 16 Oct 10:46:45 726 - Page URL:: https://i-car--staging.sandbox.lightning.force.com/one/one.app#eyjjb21wb25lbnrezwyioijmb3jjzvnlyxjjadpzzwfyy2hqywdlrgvza3rvccisimf0dhjpynv0zxmionsidgvybsi6ijiznjy5mzkilcjzy29wzu1hcci6eyj0exblijoive9qx1jfu1vmvfmilcjuyw1lc3bhy2uioiiilcjsywjlbci6ilrvccbszxn1bhrziiwibgfizwxqbhvyywwioijub3agumvzdwx0cyisinjlc3vsdhndbxaioijmb3jjzvnlyxjjadpwcmvkawn0zwrszxn1bhrzin0simnvbnrlehqionsirklmvevsuyi6e30sinnlyxjjafnvdxjjzsi6ikftu0ltvefovf9esufmt0cilcjkaxnhymxlsw50zw50uxvlcnkiomzhbhnllcjkaxnhymxlu3blbgxdb3jyzwn0aw9uijpmywxzzswic2vhcmnorglhbg9nu2vzc2lvbklkijoiodblzdczzmqtmde3yy1iyzgxlwyymdctnjywythmzjaxnzi0iiwizgvidwdjbmzvijp7imfwce5hbwuioijjq2fyx1nlcnzpy2vfq29uc29szsisimfwcfr5cguioijdb25zb2xliiwiyxbwtmftzxnwywnlijoiyyisimxvy2f0aw9uijoizm9yy2u6b2jqzwn0sg9tzurlc2t0b3ailcjzb2jqzwn0vhlwzsi6iknvbnrhy3qifx0simdyb3vwswqioijeruzbvuxuin0sinn0yxrlijp7fx0%3d</small> </font> </div>
<div class="test-event"> <font color="maroon"> <small> &emsp; &emsp;--- 16 Oct 10:46:45 726 - <b>0</b> - Page Load Wait: (Sync) - ICar.support.Utils.waitForPageLoad(Utils.java:109)</small> </font> </div>
<div class="test-event"> <font color="maroon"> <small> &emsp; &emsp;--- 16 Oct 10:46:47 815 - Element is displayed:: [[ChromeDriver: chrome on WINDOWS (f4f548fffa458807595a6f2db3f176bb)] -> xpath: //div[contains(@class,'forceSearchResultsRegion')]//div[contains(@class,'resultsMultiWrapper')]/div/div[1]//following::h2//a]</small> </font> </div>
<div class="test-event"> <font color="maroon"> <small> &emsp; &emsp;--- 16 Oct 10:46:47 995 - Element is displayed:: [[ChromeDriver: chrome on WINDOWS (f4f548fffa458807595a6f2db3f176bb)] -> xpath: //a[text()='Contacts']]</small> </font> </div>
<div class="test-event"> <font color="maroon"> <small> &emsp; &emsp;--- 16 Oct 10:46:52 597 - Element is displayed:: [[ChromeDriver: chrome on WINDOWS (f4f548fffa458807595a6f2db3f176bb)] -> xpath: //div[text()='Contacts']//following :: table//tbody//th//span /a]</small> </font> </div>
<div class="test-event"> <font color="maroon"> <small> &emsp; &emsp;--- 16 Oct 10:46:53 180 - Page URL:: https://i-car--staging.sandbox.lightning.force.com/one/one.app#eyjjb21wb25lbnrezwyioijmb3jjzvnlyxjjadpzzwfyy2hqywdlrgvza3rvccisimf0dhjpynv0zxmionsidgvybsi6ijiznjy5mzkilcjzy29wzu1hcci6eyj0exblijoive9qx1jfu1vmvfmilcjuyw1lc3bhy2uioiiilcjsywjlbci6ilrvccbszxn1bhrziiwibgfizwxqbhvyywwioijub3agumvzdwx0cyisinjlc3vsdhndbxaioijmb3jjzvnlyxjjadpwcmvkawn0zwrszxn1bhrzin0simnvbnrlehqionsirklmvevsuyi6e30sinnlyxjjafnvdxjjzsi6ikftu0ltvefovf9esufmt0cilcjkaxnhymxlsw50zw50uxvlcnkiomzhbhnllcjkaxnhymxlu3blbgxdb3jyzwn0aw9uijpmywxzzswic2vhcmnorglhbg9nu2vzc2lvbklkijoiodblzdczzmqtmde3yy1iyzgxlwyymdctnjywythmzjaxnzi0iiwizgvidwdjbmzvijp7imfwce5hbwuioijjq2fyx1nlcnzpy2vfq29uc29szsisimfwcfr5cguioijdb25zb2xliiwiyxbwtmftzxnwywnlijoiyyisimxvy2f0aw9uijoizm9yy2u6b2jqzwn0sg9tzurlc2t0b3ailcjzb2jqzwn0vhlwzsi6iknvbnrhy3qifx0simdyb3vwswqioijeruzbvuxuin0sinn0yxrlijp7fx0%3d</small> </font> </div>
<div class="test-event"> <font color="maroon"> <small> &emsp; &emsp;--- 16 Oct 10:46:53 180 - <b>0</b> - Page Load Wait: (Sync) - ICar.support.Utils.waitForPageLoad(Utils.java:109)</small> </font> </div>
<div class="test-event"> <font color="maroon"> <small> &emsp; &emsp;--- 16 Oct 10:47:01 336 - Catched spinner load exception due to Expected condition failed: waiting for ICar.support.WaitUtils$4@714addf7 (tried for 8 second(s) with 500 milliseconds interval)</small> </font> </div>
<div class="test-event"> <font color="maroon"> <small> &emsp; &emsp;--- 16 Oct 10:47:01 336 - <b>8</b> - Spinner Load Wait: (Sync) - ICar.support.WaitUtils.waitForSpinner(WaitUtils.java:225)</small> </font> </div>
<div class="test-event"> <font color="maroon"> <small> &emsp; &emsp;--- 16 Oct 10:47:01 693 - Page URL:: https://i-car--staging.sandbox.lightning.force.com/lightning/r/contact/0031i00000nugvlqau/view</small> </font> </div>
<div class="test-event"> <font color="maroon"> <small> &emsp; &emsp;--- 16 Oct 10:47:01 693 - <b>0</b> - Page Load Wait: (Sync) - ICar.support.Utils.waitForPageLoad(Utils.java:109)</small> </font> </div>
<div class="test-event"> <font color="maroon"> <small> &emsp; &emsp;--- 16 Oct 10:47:17 911 - Unable to find a element after 9 sec ==> Proxy element for: AjaxElementLocator 'By.xpath: //a[@name='TM_Account_Hierarchy']/span'</small> </font> </div>
<div class="test-event"> <font color="maroon"> <small> &emsp; &emsp;--- 16 Oct 10:47:18 013 - Element is displayed:: [[ChromeDriver: chrome on WINDOWS (f4f548fffa458807595a6f2db3f176bb)] -> xpath: //ul[@class='slds-button-group-list']/li[4]//button]</small> </font> </div>
<div class="test-event"> <font color="maroon"> <small> &emsp; &emsp;--- 16 Oct 10:47:18 474 - Page URL:: https://i-car--staging.sandbox.lightning.force.com/lightning/r/contact/0031i00000nugvlqau/view</small> </font> </div>
<div class="test-event"> <font color="maroon"> <small> &emsp; &emsp;--- 16 Oct 10:47:18 474 - <b>0</b> - Page Load Wait: (Sync) - ICar.support.Utils.waitForPageLoad(Utils.java:109)</small> </font> </div>
<div class="test-event"> <font color="maroon"> <small> &emsp; &emsp;--- 16 Oct 10:47:26 880 - Catched spinner load exception due to Expected condition failed: waiting for ICar.support.WaitUtils$4@714addf7 (tried for 8 second(s) with 500 milliseconds interval)</small> </font> </div>
<div class="test-event"> <font color="maroon"> <small> &emsp; &emsp;--- 16 Oct 10:47:26 880 - <b>8</b> - Spinner Load Wait: (Sync) - ICar.support.WaitUtils.waitForSpinner(WaitUtils.java:225)</small> </font> </div>
<div class="test-event"> <font color="maroon"> <small> &emsp; &emsp;--- 16 Oct 10:47:27 341 - Page URL:: https://i-car--staging.sandbox.lightning.force.com/lightning/r/contact/0031i00000nugvlqau/view</small> </font> </div>
<div class="test-event"> <font color="maroon"> <small> &emsp; &emsp;--- 16 Oct 10:47:27 341 - <b>0</b> - Page Load Wait: (Sync) - ICar.support.Utils.waitForPageLoad(Utils.java:109)</small> </font> </div>
<div class="test-event"> <font color="maroon"> <small> &emsp; &emsp;--- 16 Oct 10:47:43 902 - Unable to find a element after 10 sec ==> Proxy element for: AjaxElementLocator 'By.xpath: //a[@name='TM_Account_Hierarchy']/span'</small> </font> </div>
<div class="test-event"> <font color="maroon"> <small> &emsp; &emsp;--- 16 Oct 10:47:43 989 - Element is displayed:: [[ChromeDriver: chrome on WINDOWS (f4f548fffa458807595a6f2db3f176bb)] -> xpath: //*[text()='TM Dashboard']]</small> </font> </div>
<div class="test-event"> <font color="maroon"> <small> &emsp; &emsp;--- 16 Oct 10:47:44 439 - Page URL:: https://i-car--staging.sandbox.lightning.force.com/lightning/r/contact/0031i00000nugvlqau/view</small> </font> </div>
<div class="test-event"> <font color="maroon"> <small> &emsp; &emsp;--- 16 Oct 10:47:44 439 - <b>0</b> - Page Load Wait: (Sync) - ICar.support.Utils.waitForPageLoad(Utils.java:109)</small> </font> </div>
<div class="test-event"> <font color="maroon"> <small> &emsp; &emsp;--- 16 Oct 10:47:54 823 - Catched spinner load exception due to Expected condition failed: waiting for ICar.support.WaitUtils$4@714addf7 (tried for 10 second(s) with 500 milliseconds interval)</small> </font> </div>
<div class="test-event"> <font color="maroon"> <small> &emsp; &emsp;--- 16 Oct 10:47:54 823 - <b>10</b> - Spinner Load Wait: (Sync) - ICar.support.WaitUtils.waitForSpinner(WaitUtils.java:225)</small> </font> </div>
<div class="test-event"> <font color="maroon"> <small> &emsp; &emsp;--- 16 Oct 10:47:55 266 - Page URL:: https://i-car--staging.sandbox.lightning.force.com/one/one.app#eyjjb21wb25lbnrezwyioijvbmu6ywxvagfqywdliiwiyxr0cmlidxrlcyi6eyjhzgryzxnzijoiahr0chm6ly9plwnhci0tc3rhz2luzy0tyy5zyw5kym94lnzmlmzvcmnllmnvbs9hcgv4l0ldqvjfve1eyxnoym9hcmq%2fawq9mdazmukwmdawmg51r3zmuufvin0sinn0yxrlijp7indzijoil2xpz2h0bmluzy9yl0nvbnrhy3qvmdazmukwmdawmg51r3zmuufvl3zpzxcifx0%3d</small> </font> </div>
<div class="test-event"> <font color="maroon"> <small> &emsp; &emsp;--- 16 Oct 10:47:55 266 - <b>0</b> - Page Load Wait: (Sync) - ICar.support.Utils.waitForPageLoad(Utils.java:109)</small> </font> </div>
<div class="test-event"> <font color="maroon"> <small> &emsp; &emsp;--- 16 Oct 10:47:55 848 - Page URL:: https://i-car--staging.sandbox.lightning.force.com/one/one.app#eyjjb21wb25lbnrezwyioijvbmu6ywxvagfqywdliiwiyxr0cmlidxrlcyi6eyjhzgryzxnzijoiahr0chm6ly9plwnhci0tc3rhz2luzy0tyy5zyw5kym94lnzmlmzvcmnllmnvbs9hcgv4l0ldqvjfve1eyxnoym9hcmq%2fawq9mdazmukwmdawmg51r3zmuufvin0sinn0yxrlijp7indzijoil2xpz2h0bmluzy9yl0nvbnrhy3qvmdazmukwmdawmg51r3zmuufvl3zpzxcifx0%3d</small> </font> </div>
<div class="test-event"> <font color="maroon"> <small> &emsp; &emsp;--- 16 Oct 10:47:55 848 - <b>0</b> - Page Load Wait: (Sync) - ICar.support.Utils.waitForPageLoad(Utils.java:109)</small> </font> </div>
<div class="test-event"> <font color="maroon"> <small> &emsp; &emsp;--- 16 Oct 10:47:55 936 - Element is displayed:: [[ChromeDriver: chrome on WINDOWS (f4f548fffa458807595a6f2db3f176bb)] -> xpath: (//*[@class='slds-button slds-button_icon-border slds-button_icon-x-small'])[1]]</small> </font> </div>
<div class="test-event"> <font color="maroon"> <small> &emsp; &emsp;--- 16 Oct 10:47:55 990 - Element is displayed:: [[ChromeDriver: chrome on WINDOWS (f4f548fffa458807595a6f2db3f176bb)] -> xpath: (//*[@class='slds-button slds-button_icon-border slds-button_icon-x-small'])[1]]</small> </font> </div>
<div class="test-event"> <font color="maroon"> <small> &emsp; &emsp;--- 16 Oct 10:47:56 322 - Element is displayed:: [[ChromeDriver: chrome on WINDOWS (f4f548fffa458807595a6f2db3f176bb)] -> xpath: //div[@class='slds-dropdown slds-dropdown_left']//lightning-menu-item[4]//a]</small> </font> </div>
<div class="test-message">&emsp;Successfully verified  platinium download 'Gold class summary' Page&emsp;<a href=".\ScreenShot\ICar_BAM633_TC04_43243772396500.png" target="_blank" >[ScreenShot]</a></div>
<div class="test-result"><br><font color="green"><strong> Test Passed. </strong></font> </div>&emsp;
&emsp;<div class="test-title"> <strong><font size = "3" color = "#0000FF">---Test Execution Ends---</font> </strong> </div>&emsp;]]>
    </system-out>
  </testcase> <!-- ICar_BAM633_TC04 -->
  <testcase classname="BAM_Misc.BAMtestscripts" name="ICar_BAM640_TC04" time="166.324">
    <error message="click on Roster button. not found in page!!" type="java.lang.Exception">
      <![CDATA[java.lang.Exception: click on Roster button. not found in page!!
at ICar.support.BrowserActions.javascriptClick(BrowserActions.java:305)
at ICar.Pages.SalesForcePages.ClickRosterBtn(SalesForcePages.java:10362)
at BAM_Misc.BAMtestscripts.ICar_BAM640_TC04(BAMtestscripts.java:1669)
at java.base/jdk.internal.reflect.NativeMethodAccessorImpl.invoke0(Native Method)
at java.base/jdk.internal.reflect.NativeMethodAccessorImpl.invoke(NativeMethodAccessorImpl.java:78)
at java.base/jdk.internal.reflect.DelegatingMethodAccessorImpl.invoke(DelegatingMethodAccessorImpl.java:43)
at java.base/java.lang.reflect.Method.invoke(Method.java:567)
at org.testng.internal.invokers.MethodInvocationHelper.invokeMethod(MethodInvocationHelper.java:139)
at org.testng.internal.invokers.TestInvoker.invokeMethod(TestInvoker.java:664)
at org.testng.internal.invokers.TestInvoker.invokeTestMethod(TestInvoker.java:227)
at org.testng.internal.invokers.TestMethodWithDataProviderMethodWorker.call(TestMethodWithDataProviderMethodWorker.java:80)
at org.testng.internal.invokers.TestMethodWithDataProviderMethodWorker.call(TestMethodWithDataProviderMethodWorker.java:17)
at java.base/java.util.concurrent.FutureTask.run(FutureTask.java:264)
at java.base/java.util.concurrent.Executors$RunnableAdapter.call(Executors.java:515)
at java.base/java.util.concurrent.FutureTask.run(FutureTask.java:264)
at java.base/java.util.concurrent.ThreadPoolExecutor.runWorker(ThreadPoolExecutor.java:1130)
at java.base/java.util.concurrent.ThreadPoolExecutor$Worker.run(ThreadPoolExecutor.java:630)
at java.base/java.lang.Thread.run(Thread.java:831)
]]>
    </error>
    <system-out>
      <![CDATA[<div class="test-event"> <font color="maroon"> <small> &emsp; &emsp;--- 16 Oct 10:54:35 842 - TestCaseID:: ICar_BAM640_TC04</small> </font> </div>
<div class="test-event"> <font color="maroon"> <small> &emsp; &emsp;--- 16 Oct 10:54:36 816 - <b>0</b> - Driver::initialize::Get - ICar.support.WebDriverFactory.getDriver(WebDriverFactory.java:640)</small> </font> </div>
&emsp;<div class="test-title"> <strong><font size = "3" color = "#000080">Verify the Start Date for an employee on an Insurance Account's Roster is not Changed when an employee is terminated from the Account</font> </strong> </div>&emsp;<div><strong>Steps:</strong></div><!-- Report -->&emsp;
<div class="test-event"> <font color="maroon"> <small> &emsp; &emsp;--- 16 Oct 10:54:43 742 - Page URL:: https://i-car--staging.sandbox.my.salesforce.com/</small> </font> </div>
<div class="test-event"> <font color="maroon"> <small> &emsp; &emsp;--- 16 Oct 10:54:43 742 - <b>0</b> - Page Load Wait: (Sync) - ICar.support.Utils.waitForPageLoad(Utils.java:109)</small> </font> </div>
<div class="test-message">&emsp;Successfully navigated to 'Login' Page&emsp;<a href=".\ScreenShot\ICar_BAM640_TC04_43651173293400.png" target="_blank" >[ScreenShot]</a></div>
<div class="test-message">&emsp;1. Login page is launched.</div>
<div class="test-event"> <font color="maroon"> <small> &emsp; &emsp;--- 16 Oct 10:54:43 996 - Element is displayed:: [[ChromeDriver: chrome on WINDOWS (a02f6c61ea7b1ab37b21b7eab5dc67d8)] -> id: username]</small> </font> </div>
<div class="test-event"> <font color="maroon"> <small> &emsp; &emsp;--- 16 Oct 10:54:44 069 - Element is displayed:: [[ChromeDriver: chrome on WINDOWS (a02f6c61ea7b1ab37b21b7eab5dc67d8)] -> id: username]</small> </font> </div>
<div class="test-event"> <font color="maroon"> <small> &emsp; &emsp;--- 16 Oct 10:54:44 317 - Element is displayed:: [[ChromeDriver: chrome on WINDOWS (a02f6c61ea7b1ab37b21b7eab5dc67d8)] -> id: password]</small> </font> </div>
<div class="test-event"> <font color="maroon"> <small> &emsp; &emsp;--- 16 Oct 10:54:44 503 - Element is displayed:: [[ChromeDriver: chrome on WINDOWS (a02f6c61ea7b1ab37b21b7eab5dc67d8)] -> id: Login]</small> </font> </div>
<div class="test-event"> <font color="maroon"> <small> &emsp; &emsp;--- 16 Oct 10:55:09 515 - Catched spinner load exception due to Expected condition failed: waiting for ICar.support.WaitUtils$4@714addf7 (tried for 13 second(s) with 500 milliseconds interval)</small> </font> </div>
<div class="test-event"> <font color="maroon"> <small> &emsp; &emsp;--- 16 Oct 10:55:09 515 - <b>13</b> - Spinner Load Wait: (Sync) - ICar.support.WaitUtils.waitForSpinner(WaitUtils.java:225)</small> </font> </div>
<div class="test-event"> <font color="maroon"> <small> &emsp; &emsp;--- 16 Oct 10:55:27 961 - Catched spinner load exception due to Expected condition failed: waiting for ICar.support.WaitUtils$4@714addf7 (tried for 6 second(s) with 500 milliseconds interval)</small> </font> </div>
<div class="test-event"> <font color="maroon"> <small> &emsp; &emsp;--- 16 Oct 10:55:27 962 - <b>6</b> - Spinner Load Wait: (Sync) - ICar.support.WaitUtils.waitForSpinner(WaitUtils.java:225)</small> </font> </div>
<div class="test-event"> <font color="maroon"> <small> &emsp; &emsp;--- 16 Oct 10:55:28 058 - Element is displayed:: [[ChromeDriver: chrome on WINDOWS (a02f6c61ea7b1ab37b21b7eab5dc67d8)] -> css selector: button[class*='search-button']]</small> </font> </div>
<div class="test-message">&emsp;2. Navigate to 'SalesForce Page'</div>
<div class="test-event"> <font color="maroon"> <small> &emsp; &emsp;--- 16 Oct 10:55:28 424 - Page URL:: https://i-car--staging.sandbox.lightning.force.com/lightning/o/account/list?filtername=accounts</small> </font> </div>
<div class="test-event"> <font color="maroon"> <small> &emsp; &emsp;--- 16 Oct 10:55:28 424 - <b>0</b> - Page Load Wait: (Sync) - ICar.support.Utils.waitForPageLoad(Utils.java:109)</small> </font> </div>
<div class="test-event"> <font color="maroon"> <small> &emsp; &emsp;--- 16 Oct 10:55:33 797 - Page URL:: https://i-car--staging.sandbox.lightning.force.com/lightning/o/account/list?filtername=accounts</small> </font> </div>
<div class="test-event"> <font color="maroon"> <small> &emsp; &emsp;--- 16 Oct 10:55:33 797 - <b>0</b> - Page Load Wait: (Sync) - ICar.support.Utils.waitForPageLoad(Utils.java:109)</small> </font> </div>
<div class="test-message">&emsp;Close the tab</div>
<div class="test-message">&emsp;Successfully navigated to 'Login' Page&emsp;<a href=".\ScreenShot\ICar_BAM640_TC04_43706354444500.png" target="_blank" >[ScreenShot]</a></div>
<div class="test-message">&emsp;3. Enter the user credentials as : icaradminautomation3@i-car.com.staging</div>
<div class="test-event"> <font color="maroon"> <small> &emsp; &emsp;--- 16 Oct 10:55:39 513 - Page URL:: https://i-car--staging.sandbox.lightning.force.com/lightning/o/account/list?filtername=accounts</small> </font> </div>
<div class="test-event"> <font color="maroon"> <small> &emsp; &emsp;--- 16 Oct 10:55:39 513 - <b>0</b> - Page Load Wait: (Sync) - ICar.support.Utils.waitForPageLoad(Utils.java:109)</small> </font> </div>
<div class="test-event"> <font color="maroon"> <small> &emsp; &emsp;--- 16 Oct 10:55:44 874 - Page URL:: https://i-car--staging.sandbox.lightning.force.com/lightning/o/account/list?filtername=accounts</small> </font> </div>
<div class="test-event"> <font color="maroon"> <small> &emsp; &emsp;--- 16 Oct 10:55:44 874 - <b>0</b> - Page Load Wait: (Sync) - ICar.support.Utils.waitForPageLoad(Utils.java:109)</small> </font> </div>
<div class="test-message">&emsp;Close the tab</div>
<div class="test-event"> <font color="maroon"> <small> &emsp; &emsp;--- 16 Oct 10:55:50 644 - Page URL:: https://i-car--staging.sandbox.lightning.force.com/lightning/o/account/list?filtername=accounts</small> </font> </div>
<div class="test-event"> <font color="maroon"> <small> &emsp; &emsp;--- 16 Oct 10:55:50 644 - <b>0</b> - Page Load Wait: (Sync) - ICar.support.Utils.waitForPageLoad(Utils.java:109)</small> </font> </div>
<div class="test-event"> <font color="maroon"> <small> &emsp; &emsp;--- 16 Oct 10:55:50 690 - Element is displayed:: [[ChromeDriver: chrome on WINDOWS (a02f6c61ea7b1ab37b21b7eab5dc67d8)] -> css selector: button[class*='search-button']]</small> </font> </div>
<div class="test-event"> <font color="maroon"> <small> &emsp; &emsp;--- 16 Oct 10:55:52 752 - Catched spinner load exception due to Expected condition failed: waiting for ICar.support.WaitUtils$4@714addf7 (tried for 2 second(s) with 500 milliseconds interval)</small> </font> </div>
<div class="test-event"> <font color="maroon"> <small> &emsp; &emsp;--- 16 Oct 10:55:52 752 - <b>2</b> - Spinner Load Wait: (Sync) - ICar.support.WaitUtils.waitForSpinner(WaitUtils.java:225)</small> </font> </div>
<div class="test-event"> <font color="maroon"> <small> &emsp; &emsp;--- 16 Oct 10:55:55 813 - Element is displayed:: [[ChromeDriver: chrome on WINDOWS (a02f6c61ea7b1ab37b21b7eab5dc67d8)] -> css selector: button[class*='search-button']]</small> </font> </div>
<div class="test-event"> <font color="maroon"> <small> &emsp; &emsp;--- 16 Oct 10:55:56 504 - Page URL:: https://i-car--staging.sandbox.lightning.force.com/lightning/o/account/list?filtername=accounts</small> </font> </div>
<div class="test-event"> <font color="maroon"> <small> &emsp; &emsp;--- 16 Oct 10:55:56 504 - <b>0</b> - Page Load Wait: (Sync) - ICar.support.Utils.waitForPageLoad(Utils.java:109)</small> </font> </div>
<div class="test-event"> <font color="maroon"> <small> &emsp; &emsp;--- 16 Oct 10:56:16 334 - Catched spinner load exception due to Expected condition failed: waiting for ICar.support.WaitUtils$4@714addf7 (tried for 10 second(s) with 500 milliseconds interval)</small> </font> </div>
<div class="test-event"> <font color="maroon"> <small> &emsp; &emsp;--- 16 Oct 10:56:16 334 - <b>10</b> - Spinner Load Wait: (Sync) - ICar.support.WaitUtils.waitForSpinner(WaitUtils.java:225)</small> </font> </div>
<div class="test-event"> <font color="maroon"> <small> &emsp; &emsp;--- 16 Oct 10:56:17 161 - Page URL:: https://i-car--staging.sandbox.lightning.force.com/one/one.app#eyjjb21wb25lbnrezwyioijmb3jjzvnlyxjjadpzzwfyy2hqywdlrgvza3rvccisimf0dhjpynv0zxmionsidgvybsi6ikfsbhn0yxrlic0gqxv0bya0mdagv2vzdcisinnjb3bltwfwijp7inr5cguioijut1bfukvtvuxuuyisim5hbwvzcgfjzsi6iiisimxhymvsijoivg9wifjlc3vsdhmilcjsywjlbfbsdxjhbci6ilrvccbszxn1bhrziiwicmvzdwx0c0ntcci6imzvcmnlu2vhcmnoonbyzwrpy3rlzfjlc3vsdhmifswiy29udgv4dci6eyjgsuxurvjtijp7fswic2vhcmnou291cmnlijoiqvntsvnuqu5ux0rjquxpryisimrpc2fibgvjbnrlbnrrdwvyesi6zmfsc2usimrpc2fibgvtcgvsbenvcnjly3rpb24iomzhbhnllcjzzwfyy2heawfsb2dtzxnzaw9uswqioiixyjczmjkzzs00zge5lwnizjutzta1ys1mndrjnmeym2m3mjqilcjkzwj1z0luzm8ionsiyxbwtmftzsi6ikldyxjfu2vydmljzv9db25zb2xliiwiyxbwvhlwzsi6iknvbnnvbguilcjhchboyw1lc3bhy2uioijjiiwibg9jyxrpb24ioijmb3jjztpvymply3rib21lrgvza3rvccisinnvymply3ruexblijoiqwnjb3vudcj9fswiz3jvdxbjzci6ikrfrkfvtfqifswic3rhdguiont9fq%3d%3d</small> </font> </div>
<div class="test-event"> <font color="maroon"> <small> &emsp; &emsp;--- 16 Oct 10:56:17 161 - <b>0</b> - Page Load Wait: (Sync) - ICar.support.Utils.waitForPageLoad(Utils.java:109)</small> </font> </div>
<div class="test-event"> <font color="maroon"> <small> &emsp; &emsp;--- 16 Oct 10:56:28 557 - Catched spinner load exception due to Expected condition failed: waiting for ICar.support.WaitUtils$4@714addf7 (tried for 11 second(s) with 500 milliseconds interval)</small> </font> </div>
<div class="test-event"> <font color="maroon"> <small> &emsp; &emsp;--- 16 Oct 10:56:28 557 - <b>11</b> - Spinner Load Wait: (Sync) - ICar.support.WaitUtils.waitForSpinner(WaitUtils.java:225)</small> </font> </div>
<div class="test-event"> <font color="maroon"> <small> &emsp; &emsp;--- 16 Oct 10:56:29 336 - Page URL:: https://i-car--staging.sandbox.lightning.force.com/one/one.app#eyjjb21wb25lbnrezwyioijmb3jjzvnlyxjjadpzzwfyy2hqywdlrgvza3rvccisimf0dhjpynv0zxmionsidgvybsi6ikfsbhn0yxrlic0gqxv0bya0mdagv2vzdcisinnjb3bltwfwijp7inr5cguioijut1bfukvtvuxuuyisim5hbwvzcgfjzsi6iiisimxhymvsijoivg9wifjlc3vsdhmilcjsywjlbfbsdxjhbci6ilrvccbszxn1bhrziiwicmvzdwx0c0ntcci6imzvcmnlu2vhcmnoonbyzwrpy3rlzfjlc3vsdhmifswiy29udgv4dci6eyjgsuxurvjtijp7fswic2vhcmnou291cmnlijoiqvntsvnuqu5ux0rjquxpryisimrpc2fibgvjbnrlbnrrdwvyesi6zmfsc2usimrpc2fibgvtcgvsbenvcnjly3rpb24iomzhbhnllcjzzwfyy2heawfsb2dtzxnzaw9uswqioiixyjczmjkzzs00zge5lwnizjutzta1ys1mndrjnmeym2m3mjqilcjkzwj1z0luzm8ionsiyxbwtmftzsi6ikldyxjfu2vydmljzv9db25zb2xliiwiyxbwvhlwzsi6iknvbnnvbguilcjhchboyw1lc3bhy2uioijjiiwibg9jyxrpb24ioijmb3jjztpvymply3rib21lrgvza3rvccisinnvymply3ruexblijoiqwnjb3vudcj9fswiz3jvdxbjzci6ikrfrkfvtfqifswic3rhdguiont9fq%3d%3d</small> </font> </div>
<div class="test-event"> <font color="maroon"> <small> &emsp; &emsp;--- 16 Oct 10:56:29 336 - <b>0</b> - Page Load Wait: (Sync) - ICar.support.Utils.waitForPageLoad(Utils.java:109)</small> </font> </div>
<div class="test-event"> <font color="maroon"> <small> &emsp; &emsp;--- 16 Oct 10:56:29 391 - Element is displayed:: [[ChromeDriver: chrome on WINDOWS (a02f6c61ea7b1ab37b21b7eab5dc67d8)] -> xpath: //a[@title='Top Results']//span[text()='Top Results']]</small> </font> </div>
<div class="test-event"> <font color="maroon"> <small> &emsp; &emsp;--- 16 Oct 10:56:29 826 - Page URL:: https://i-car--staging.sandbox.lightning.force.com/one/one.app#eyjjb21wb25lbnrezwyioijmb3jjzvnlyxjjadpzzwfyy2hqywdlrgvza3rvccisimf0dhjpynv0zxmionsidgvybsi6ikfsbhn0yxrlic0gqxv0bya0mdagv2vzdcisinnjb3bltwfwijp7inr5cguioijut1bfukvtvuxuuyisim5hbwvzcgfjzsi6iiisimxhymvsijoivg9wifjlc3vsdhmilcjsywjlbfbsdxjhbci6ilrvccbszxn1bhrziiwicmvzdwx0c0ntcci6imzvcmnlu2vhcmnoonbyzwrpy3rlzfjlc3vsdhmifswiy29udgv4dci6eyjgsuxurvjtijp7fswic2vhcmnou291cmnlijoiqvntsvnuqu5ux0rjquxpryisimrpc2fibgvjbnrlbnrrdwvyesi6zmfsc2usimrpc2fibgvtcgvsbenvcnjly3rpb24iomzhbhnllcjzzwfyy2heawfsb2dtzxnzaw9uswqioiixyjczmjkzzs00zge5lwnizjutzta1ys1mndrjnmeym2m3mjqilcjkzwj1z0luzm8ionsiyxbwtmftzsi6ikldyxjfu2vydmljzv9db25zb2xliiwiyxbwvhlwzsi6iknvbnnvbguilcjhchboyw1lc3bhy2uioijjiiwibg9jyxrpb24ioijmb3jjztpvymply3rib21lrgvza3rvccisinnvymply3ruexblijoiqwnjb3vudcj9fswiz3jvdxbjzci6ikrfrkfvtfqifswic3rhdguiont9fq%3d%3d</small> </font> </div>
<div class="test-event"> <font color="maroon"> <small> &emsp; &emsp;--- 16 Oct 10:56:29 826 - <b>0</b> - Page Load Wait: (Sync) - ICar.support.Utils.waitForPageLoad(Utils.java:109)</small> </font> </div>
<div class="test-event"> <font color="maroon"> <small> &emsp; &emsp;--- 16 Oct 10:56:34 886 - Catched spinner load exception due to Expected condition failed: waiting for ICar.support.WaitUtils$4@714addf7 (tried for 5 second(s) with 500 milliseconds interval)</small> </font> </div>
<div class="test-event"> <font color="maroon"> <small> &emsp; &emsp;--- 16 Oct 10:56:34 886 - <b>5</b> - Spinner Load Wait: (Sync) - ICar.support.WaitUtils.waitForSpinner(WaitUtils.java:225)</small> </font> </div>
<div class="test-event"> <font color="maroon"> <small> &emsp; &emsp;--- 16 Oct 10:56:35 603 - Page URL:: https://i-car--staging.sandbox.lightning.force.com/one/one.app#eyjjb21wb25lbnrezwyioijmb3jjzvnlyxjjadpzzwfyy2hqywdlrgvza3rvccisimf0dhjpynv0zxmionsidgvybsi6ikfsbhn0yxrlic0gqxv0bya0mdagv2vzdcisinnjb3bltwfwijp7inr5cguioijut1bfukvtvuxuuyisim5hbwvzcgfjzsi6iiisimxhymvsijoivg9wifjlc3vsdhmilcjsywjlbfbsdxjhbci6ilrvccbszxn1bhrziiwicmvzdwx0c0ntcci6imzvcmnlu2vhcmnoonbyzwrpy3rlzfjlc3vsdhmifswiy29udgv4dci6eyjgsuxurvjtijp7fswic2vhcmnou291cmnlijoiqvntsvnuqu5ux0rjquxpryisimrpc2fibgvjbnrlbnrrdwvyesi6zmfsc2usimrpc2fibgvtcgvsbenvcnjly3rpb24iomzhbhnllcjzzwfyy2heawfsb2dtzxnzaw9uswqioiixyjczmjkzzs00zge5lwnizjutzta1ys1mndrjnmeym2m3mjqilcjkzwj1z0luzm8ionsiyxbwtmftzsi6ikldyxjfu2vydmljzv9db25zb2xliiwiyxbwvhlwzsi6iknvbnnvbguilcjhchboyw1lc3bhy2uioijjiiwibg9jyxrpb24ioijmb3jjztpvymply3rib21lrgvza3rvccisinnvymply3ruexblijoiqwnjb3vudcj9fswiz3jvdxbjzci6ikrfrkfvtfqifswic3rhdguiont9fq%3d%3d</small> </font> </div>
<div class="test-event"> <font color="maroon"> <small> &emsp; &emsp;--- 16 Oct 10:56:35 603 - <b>0</b> - Page Load Wait: (Sync) - ICar.support.Utils.waitForPageLoad(Utils.java:109)</small> </font> </div>
<div class="test-event"> <font color="maroon"> <small> &emsp; &emsp;--- 16 Oct 10:56:36 334 - Page URL:: https://i-car--staging.sandbox.lightning.force.com/one/one.app#eyjjb21wb25lbnrezwyioijmb3jjzvnlyxjjadpzzwfyy2hqywdlrgvza3rvccisimf0dhjpynv0zxmionsidgvybsi6ikfsbhn0yxrlic0gqxv0bya0mdagv2vzdcisinnjb3bltwfwijp7inr5cguioijut1bfukvtvuxuuyisim5hbwvzcgfjzsi6iiisimxhymvsijoivg9wifjlc3vsdhmilcjsywjlbfbsdxjhbci6ilrvccbszxn1bhrziiwicmvzdwx0c0ntcci6imzvcmnlu2vhcmnoonbyzwrpy3rlzfjlc3vsdhmifswiy29udgv4dci6eyjgsuxurvjtijp7fswic2vhcmnou291cmnlijoiqvntsvnuqu5ux0rjquxpryisimrpc2fibgvjbnrlbnrrdwvyesi6zmfsc2usimrpc2fibgvtcgvsbenvcnjly3rpb24iomzhbhnllcjzzwfyy2heawfsb2dtzxnzaw9uswqioiixyjczmjkzzs00zge5lwnizjutzta1ys1mndrjnmeym2m3mjqilcjkzwj1z0luzm8ionsiyxbwtmftzsi6ikldyxjfu2vydmljzv9db25zb2xliiwiyxbwvhlwzsi6iknvbnnvbguilcjhchboyw1lc3bhy2uioijjiiwibg9jyxrpb24ioijmb3jjztpvymply3rib21lrgvza3rvccisinnvymply3ruexblijoiqwnjb3vudcj9fswiz3jvdxbjzci6ikrfrkfvtfqifswic3rhdguiont9fq%3d%3d</small> </font> </div>
<div class="test-event"> <font color="maroon"> <small> &emsp; &emsp;--- 16 Oct 10:56:36 334 - <b>0</b> - Page Load Wait: (Sync) - ICar.support.Utils.waitForPageLoad(Utils.java:109)</small> </font> </div>
<div class="test-event"> <font color="maroon"> <small> &emsp; &emsp;--- 16 Oct 10:56:37 064 - Page URL:: https://i-car--staging.sandbox.lightning.force.com/one/one.app#eyjjb21wb25lbnrezwyioijmb3jjzvnlyxjjadpzzwfyy2hqywdlrgvza3rvccisimf0dhjpynv0zxmionsidgvybsi6ikfsbhn0yxrlic0gqxv0bya0mdagv2vzdcisinnjb3bltwfwijp7inr5cguioijut1bfukvtvuxuuyisim5hbwvzcgfjzsi6iiisimxhymvsijoivg9wifjlc3vsdhmilcjsywjlbfbsdxjhbci6ilrvccbszxn1bhrziiwicmvzdwx0c0ntcci6imzvcmnlu2vhcmnoonbyzwrpy3rlzfjlc3vsdhmifswiy29udgv4dci6eyjgsuxurvjtijp7fswic2vhcmnou291cmnlijoiqvntsvnuqu5ux0rjquxpryisimrpc2fibgvjbnrlbnrrdwvyesi6zmfsc2usimrpc2fibgvtcgvsbenvcnjly3rpb24iomzhbhnllcjzzwfyy2heawfsb2dtzxnzaw9uswqioiixyjczmjkzzs00zge5lwnizjutzta1ys1mndrjnmeym2m3mjqilcjkzwj1z0luzm8ionsiyxbwtmftzsi6ikldyxjfu2vydmljzv9db25zb2xliiwiyxbwvhlwzsi6iknvbnnvbguilcjhchboyw1lc3bhy2uioijjiiwibg9jyxrpb24ioijmb3jjztpvymply3rib21lrgvza3rvccisinnvymply3ruexblijoiqwnjb3vudcj9fswiz3jvdxbjzci6ikrfrkfvtfqifswic3rhdguiont9fq%3d%3d</small> </font> </div>
<div class="test-event"> <font color="maroon"> <small> &emsp; &emsp;--- 16 Oct 10:56:37 064 - <b>0</b> - Page Load Wait: (Sync) - ICar.support.Utils.waitForPageLoad(Utils.java:109)</small> </font> </div>
<div class="test-event"> <font color="maroon"> <small> &emsp; &emsp;--- 16 Oct 10:56:47 401 - Catched spinner load exception due to Expected condition failed: waiting for ICar.support.WaitUtils$4@714addf7 (tried for 10 second(s) with 500 milliseconds interval)</small> </font> </div>
<div class="test-event"> <font color="maroon"> <small> &emsp; &emsp;--- 16 Oct 10:56:47 401 - <b>10</b> - Spinner Load Wait: (Sync) - ICar.support.WaitUtils.waitForSpinner(WaitUtils.java:225)</small> </font> </div>
<div class="test-event"> <font color="maroon"> <small> &emsp; &emsp;--- 16 Oct 10:56:47 434 - Element is displayed:: [[ChromeDriver: chrome on WINDOWS (a02f6c61ea7b1ab37b21b7eab5dc67d8)] -> css selector: div.forceSearchResultsRegion div.resultsMultiWrapper >div > div table tbody th a]</small> </font> </div>
<div class="test-event"> <font color="maroon"> <small> &emsp; &emsp;--- 16 Oct 10:56:48 060 - Element is displayed:: [[ChromeDriver: chrome on WINDOWS (a02f6c61ea7b1ab37b21b7eab5dc67d8)] -> xpath: //div[contains(@class,'forceSearchResultsRegion')]//div[contains(@class,'resultsMultiWrapper')]/div/div//table/tbody//th//a]</small> </font> </div>
<div class="test-message">&emsp;4. click on Account : Allstate - Auto 400 West</div>
<div class="test-event"> <font color="maroon"> <small> &emsp; &emsp;--- 16 Oct 10:56:49 270 - Page URL:: https://i-car--staging.sandbox.lightning.force.com/one/one.app#eyjjb21wb25lbnrezwyioijmb3jjzvnlyxjjadpzzwfyy2hqywdlrgvza3rvccisimf0dhjpynv0zxmionsidgvybsi6ikfsbhn0yxrlic0gqxv0bya0mdagv2vzdcisinnjb3bltwfwijp7inr5cguioijut1bfukvtvuxuuyisim5hbwvzcgfjzsi6iiisimxhymvsijoivg9wifjlc3vsdhmilcjsywjlbfbsdxjhbci6ilrvccbszxn1bhrziiwicmvzdwx0c0ntcci6imzvcmnlu2vhcmnoonbyzwrpy3rlzfjlc3vsdhmifswiy29udgv4dci6eyjgsuxurvjtijp7fswic2vhcmnou291cmnlijoiqvntsvnuqu5ux0rjquxpryisimrpc2fibgvjbnrlbnrrdwvyesi6zmfsc2usimrpc2fibgvtcgvsbenvcnjly3rpb24iomzhbhnllcjzzwfyy2heawfsb2dtzxnzaw9uswqioiixyjczmjkzzs00zge5lwnizjutzta1ys1mndrjnmeym2m3mjqilcjkzwj1z0luzm8ionsiyxbwtmftzsi6ikldyxjfu2vydmljzv9db25zb2xliiwiyxbwvhlwzsi6iknvbnnvbguilcjhchboyw1lc3bhy2uioijjiiwibg9jyxrpb24ioijmb3jjztpvymply3rib21lrgvza3rvccisinnvymply3ruexblijoiqwnjb3vudcj9fswiz3jvdxbjzci6ikrfrkfvtfqifswic3rhdguiont9fq%3d%3d</small> </font> </div>
<div class="test-event"> <font color="maroon"> <small> &emsp; &emsp;--- 16 Oct 10:56:49 270 - <b>0</b> - Page Load Wait: (Sync) - ICar.support.Utils.waitForPageLoad(Utils.java:109)</small> </font> </div>
<div class="test-event"> <font color="maroon"> <small> &emsp; &emsp;--- 16 Oct 10:57:04 766 - Catched spinner load exception due to Expected condition failed: waiting for ICar.support.WaitUtils$4@714addf7 (tried for 15 second(s) with 500 milliseconds interval)</small> </font> </div>
<div class="test-event"> <font color="maroon"> <small> &emsp; &emsp;--- 16 Oct 10:57:04 767 - <b>15</b> - Spinner Load Wait: (Sync) - ICar.support.WaitUtils.waitForSpinner(WaitUtils.java:225)</small> </font> </div>
<div class="test-event"> <font color="maroon"> <small> &emsp; &emsp;--- 16 Oct 10:57:05 522 - Page URL:: https://i-car--staging.sandbox.lightning.force.com/one/one.app#eyjjb21wb25lbnrezwyioijmb3jjzvnlyxjjadpzzwfyy2hqywdlrgvza3rvccisimf0dhjpynv0zxmionsidgvybsi6ikfsbhn0yxrlic0gqxv0bya0mdagv2vzdcisinnjb3bltwfwijp7inr5cguioijut1bfukvtvuxuuyisim5hbwvzcgfjzsi6iiisimxhymvsijoivg9wifjlc3vsdhmilcjsywjlbfbsdxjhbci6ilrvccbszxn1bhrziiwicmvzdwx0c0ntcci6imzvcmnlu2vhcmnoonbyzwrpy3rlzfjlc3vsdhmifswiy29udgv4dci6eyjgsuxurvjtijp7fswic2vhcmnou291cmnlijoiqvntsvnuqu5ux0rjquxpryisimrpc2fibgvjbnrlbnrrdwvyesi6zmfsc2usimrpc2fibgvtcgvsbenvcnjly3rpb24iomzhbhnllcjzzwfyy2heawfsb2dtzxnzaw9uswqioiixyjczmjkzzs00zge5lwnizjutzta1ys1mndrjnmeym2m3mjqilcjkzwj1z0luzm8ionsiyxbwtmftzsi6ikldyxjfu2vydmljzv9db25zb2xliiwiyxbwvhlwzsi6iknvbnnvbguilcjhchboyw1lc3bhy2uioijjiiwibg9jyxrpb24ioijmb3jjztpvymply3rib21lrgvza3rvccisinnvymply3ruexblijoiqwnjb3vudcj9fswiz3jvdxbjzci6ikrfrkfvtfqifswic3rhdguiont9fq%3d%3d</small> </font> </div>
<div class="test-event"> <font color="maroon"> <small> &emsp; &emsp;--- 16 Oct 10:57:05 523 - <b>0</b> - Page Load Wait: (Sync) - ICar.support.Utils.waitForPageLoad(Utils.java:109)</small> </font> </div>
<div class="test-event"> <font color="maroon"> <small> &emsp; &emsp;--- 16 Oct 10:57:08 786 - Moved to element..</small> </font> </div>
<div class="test-event"> <font color="maroon"> <small> &emsp; &emsp;--- 16 Oct 10:57:22 428 - Unable to find a element after 10 sec ==> Proxy element for: AjaxElementLocator 'By.xpath: //button[normalize-space()='Roster']'</small> </font> </div>
<!--FAIL-->
<div class="test-result"><br><font color="red"><strong> click on Roster button. not found in page!! </strong></font> <a href=".\ScreenShot\ICar_BAM640_TC04_43809857105100.png" target="_blank" >[ScreenShot]</a></div>&emsp;
&emsp;<div class="test-title"> <strong><font size = "3" color = "#0000FF">---Test Execution Ends---</font> </strong> </div>&emsp;]]>
    </system-out>
  </testcase> <!-- ICar_BAM640_TC04 -->
  <testcase classname="BAM_Misc.BAMtestscripts" name="ICar_BAM776_TC05" time="398.428">
    <error message="Index 0 out of bounds for length 0" type="java.lang.IndexOutOfBoundsException">
      <![CDATA[java.lang.IndexOutOfBoundsException: Index 0 out of bounds for length 0
at java.base/jdk.internal.util.Preconditions.outOfBounds(Preconditions.java:64)
at java.base/jdk.internal.util.Preconditions.outOfBoundsCheckIndex(Preconditions.java:70)
at java.base/jdk.internal.util.Preconditions.checkIndex(Preconditions.java:266)
at java.base/java.util.Objects.checkIndex(Objects.java:359)
at java.base/java.util.ArrayList.get(ArrayList.java:427)
at java.base/jdk.internal.reflect.GeneratedMethodAccessor5.invoke(Unknown Source)
at java.base/jdk.internal.reflect.DelegatingMethodAccessorImpl.invoke(DelegatingMethodAccessorImpl.java:43)
at java.base/java.lang.reflect.Method.invoke(Method.java:567)
at org.openqa.selenium.support.pagefactory.internal.LocatingElementListHandler.invoke(LocatingElementListHandler.java:39)
at jdk.proxy2/jdk.proxy2.$Proxy26.get(Unknown Source)
at ICar.Pages.SalesForcePages.clickOnPlatiniumViewLink(SalesForcePages.java:6505)
at BAM_Misc.BAMtestscripts.ICar_BAM776_TC05(BAMtestscripts.java:1318)
at java.base/jdk.internal.reflect.NativeMethodAccessorImpl.invoke0(Native Method)
at java.base/jdk.internal.reflect.NativeMethodAccessorImpl.invoke(NativeMethodAccessorImpl.java:78)
at java.base/jdk.internal.reflect.DelegatingMethodAccessorImpl.invoke(DelegatingMethodAccessorImpl.java:43)
at java.base/java.lang.reflect.Method.invoke(Method.java:567)
at org.testng.internal.invokers.MethodInvocationHelper.invokeMethod(MethodInvocationHelper.java:139)
at org.testng.internal.invokers.TestInvoker.invokeMethod(TestInvoker.java:664)
at org.testng.internal.invokers.TestInvoker.invokeTestMethod(TestInvoker.java:227)
at org.testng.internal.invokers.TestMethodWithDataProviderMethodWorker.call(TestMethodWithDataProviderMethodWorker.java:80)
at org.testng.internal.invokers.TestMethodWithDataProviderMethodWorker.call(TestMethodWithDataProviderMethodWorker.java:17)
at java.base/java.util.concurrent.FutureTask.run(FutureTask.java:264)
at java.base/java.util.concurrent.Executors$RunnableAdapter.call(Executors.java:515)
at java.base/java.util.concurrent.FutureTask.run(FutureTask.java:264)
at java.base/java.util.concurrent.ThreadPoolExecutor.runWorker(ThreadPoolExecutor.java:1130)
at java.base/java.util.concurrent.ThreadPoolExecutor$Worker.run(ThreadPoolExecutor.java:630)
at java.base/java.lang.Thread.run(Thread.java:831)
]]>
    </error>
    <system-out>
      <![CDATA[<div class="test-event"> <font color="maroon"> <small> &emsp; &emsp;--- 16 Oct 10:35:03 206 - TestCaseID:: ICar_BAM776_TC05</small> </font> </div>
<div class="test-event"> <font color="maroon"> <small> &emsp; &emsp;--- 16 Oct 10:35:04 331 - <b>1</b> - Driver::initialize::Get - ICar.support.WebDriverFactory.getDriver(WebDriverFactory.java:640)</small> </font> </div>
&emsp;<div class="test-title"> <strong><font size = "3" color = "#000080">The platinum evaluator should run when: GC Exception Date is updated</font> </strong> </div>&emsp;<div><strong>Steps:</strong></div><!-- Report -->&emsp;
<div class="test-event"> <font color="maroon"> <small> &emsp; &emsp;--- 16 Oct 10:35:10 288 - Page URL:: https://i-car--staging.sandbox.my.salesforce.com/</small> </font> </div>
<div class="test-event"> <font color="maroon"> <small> &emsp; &emsp;--- 16 Oct 10:35:10 288 - <b>0</b> - Page Load Wait: (Sync) - ICar.support.Utils.waitForPageLoad(Utils.java:109)</small> </font> </div>
<div class="test-message">&emsp;Successfully navigated to 'Login' Page&emsp;<a href=".\ScreenShot\ICar_BAM776_TC05_42477720839100.png" target="_blank" >[ScreenShot]</a></div>
<div class="test-message">&emsp;1. Login page is launched.</div>
<div class="test-event"> <font color="maroon"> <small> &emsp; &emsp;--- 16 Oct 10:35:10 573 - Element is displayed:: [[ChromeDriver: chrome on WINDOWS (7973cde9848270c6957d4ed706703a26)] -> id: username]</small> </font> </div>
<div class="test-event"> <font color="maroon"> <small> &emsp; &emsp;--- 16 Oct 10:35:10 633 - Element is displayed:: [[ChromeDriver: chrome on WINDOWS (7973cde9848270c6957d4ed706703a26)] -> id: username]</small> </font> </div>
<div class="test-event"> <font color="maroon"> <small> &emsp; &emsp;--- 16 Oct 10:35:10 907 - Element is displayed:: [[ChromeDriver: chrome on WINDOWS (7973cde9848270c6957d4ed706703a26)] -> id: password]</small> </font> </div>
<div class="test-event"> <font color="maroon"> <small> &emsp; &emsp;--- 16 Oct 10:35:11 099 - Element is displayed:: [[ChromeDriver: chrome on WINDOWS (7973cde9848270c6957d4ed706703a26)] -> id: Login]</small> </font> </div>
<div class="test-event"> <font color="maroon"> <small> &emsp; &emsp;--- 16 Oct 10:35:40 550 - Catched spinner load exception due to Expected condition failed: waiting for ICar.support.WaitUtils$4@714addf7 (tried for 13 second(s) with 500 milliseconds interval)</small> </font> </div>
<div class="test-event"> <font color="maroon"> <small> &emsp; &emsp;--- 16 Oct 10:35:40 550 - <b>13</b> - Spinner Load Wait: (Sync) - ICar.support.WaitUtils.waitForSpinner(WaitUtils.java:225)</small> </font> </div>
<div class="test-event"> <font color="maroon"> <small> &emsp; &emsp;--- 16 Oct 10:35:58 363 - Catched spinner load exception due to Expected condition failed: waiting for ICar.support.WaitUtils$4@714addf7 (tried for 6 second(s) with 500 milliseconds interval)</small> </font> </div>
<div class="test-event"> <font color="maroon"> <small> &emsp; &emsp;--- 16 Oct 10:35:58 363 - <b>6</b> - Spinner Load Wait: (Sync) - ICar.support.WaitUtils.waitForSpinner(WaitUtils.java:225)</small> </font> </div>
<div class="test-event"> <font color="maroon"> <small> &emsp; &emsp;--- 16 Oct 10:35:58 437 - Element is displayed:: [[ChromeDriver: chrome on WINDOWS (7973cde9848270c6957d4ed706703a26)] -> css selector: button[class*='search-button']]</small> </font> </div>
<div class="test-message">&emsp;2. Navigate to 'SalesForce Page'</div>
<div class="test-event"> <font color="maroon"> <small> &emsp; &emsp;--- 16 Oct 10:35:58 724 - Page URL:: https://i-car--staging.sandbox.lightning.force.com/lightning/r/contact/0031i00000nuecbqa2/view</small> </font> </div>
<div class="test-event"> <font color="maroon"> <small> &emsp; &emsp;--- 16 Oct 10:35:58 724 - <b>0</b> - Page Load Wait: (Sync) - ICar.support.Utils.waitForPageLoad(Utils.java:109)</small> </font> </div>
<div class="test-event"> <font color="maroon"> <small> &emsp; &emsp;--- 16 Oct 10:36:04 075 - Page URL:: https://i-car--staging.sandbox.lightning.force.com/lightning/r/contact/0031i00000nuecbqa2/view</small> </font> </div>
<div class="test-event"> <font color="maroon"> <small> &emsp; &emsp;--- 16 Oct 10:36:04 075 - <b>0</b> - Page Load Wait: (Sync) - ICar.support.Utils.waitForPageLoad(Utils.java:109)</small> </font> </div>
<div class="test-message">&emsp;Close the tab</div>
<div class="test-message">&emsp;Successfully navigated to 'Login' Page&emsp;<a href=".\ScreenShot\ICar_BAM776_TC05_42536781436400.png" target="_blank" >[ScreenShot]</a></div>
<div class="test-message">&emsp;3. Enter the user credentials as : icaradminautomation3@i-car.com.staging</div>
<div class="test-event"> <font color="maroon"> <small> &emsp; &emsp;--- 16 Oct 10:36:09 888 - Page URL:: https://i-car--staging.sandbox.lightning.force.com/lightning/o/account/list?filtername=accounts</small> </font> </div>
<div class="test-event"> <font color="maroon"> <small> &emsp; &emsp;--- 16 Oct 10:36:09 888 - <b>0</b> - Page Load Wait: (Sync) - ICar.support.Utils.waitForPageLoad(Utils.java:109)</small> </font> </div>
<div class="test-event"> <font color="maroon"> <small> &emsp; &emsp;--- 16 Oct 10:36:15 260 - Page URL:: https://i-car--staging.sandbox.lightning.force.com/lightning/o/account/list?filtername=accounts</small> </font> </div>
<div class="test-event"> <font color="maroon"> <small> &emsp; &emsp;--- 16 Oct 10:36:15 260 - <b>0</b> - Page Load Wait: (Sync) - ICar.support.Utils.waitForPageLoad(Utils.java:109)</small> </font> </div>
<div class="test-message">&emsp;Close the tab</div>
<div class="test-event"> <font color="maroon"> <small> &emsp; &emsp;--- 16 Oct 10:36:20 890 - Page URL:: https://i-car--staging.sandbox.lightning.force.com/lightning/o/account/list?filtername=accounts</small> </font> </div>
<div class="test-event"> <font color="maroon"> <small> &emsp; &emsp;--- 16 Oct 10:36:20 890 - <b>0</b> - Page Load Wait: (Sync) - ICar.support.Utils.waitForPageLoad(Utils.java:109)</small> </font> </div>
<div class="test-event"> <font color="maroon"> <small> &emsp; &emsp;--- 16 Oct 10:36:20 933 - Element is displayed:: [[ChromeDriver: chrome on WINDOWS (7973cde9848270c6957d4ed706703a26)] -> css selector: button[class*='search-button']]</small> </font> </div>
<div class="test-event"> <font color="maroon"> <small> &emsp; &emsp;--- 16 Oct 10:36:22 991 - Catched spinner load exception due to Expected condition failed: waiting for ICar.support.WaitUtils$4@714addf7 (tried for 2 second(s) with 500 milliseconds interval)</small> </font> </div>
<div class="test-event"> <font color="maroon"> <small> &emsp; &emsp;--- 16 Oct 10:36:22 991 - <b>2</b> - Spinner Load Wait: (Sync) - ICar.support.WaitUtils.waitForSpinner(WaitUtils.java:225)</small> </font> </div>
<div class="test-event"> <font color="maroon"> <small> &emsp; &emsp;--- 16 Oct 10:36:26 083 - Element is displayed:: [[ChromeDriver: chrome on WINDOWS (7973cde9848270c6957d4ed706703a26)] -> css selector: button[class*='search-button']]</small> </font> </div>
<div class="test-event"> <font color="maroon"> <small> &emsp; &emsp;--- 16 Oct 10:36:26 718 - Page URL:: https://i-car--staging.sandbox.lightning.force.com/lightning/o/account/list?filtername=accounts</small> </font> </div>
<div class="test-event"> <font color="maroon"> <small> &emsp; &emsp;--- 16 Oct 10:36:26 718 - <b>0</b> - Page Load Wait: (Sync) - ICar.support.Utils.waitForPageLoad(Utils.java:109)</small> </font> </div>
<div class="test-event"> <font color="maroon"> <small> &emsp; &emsp;--- 16 Oct 10:36:46 670 - Catched spinner load exception due to Expected condition failed: waiting for ICar.support.WaitUtils$4@714addf7 (tried for 10 second(s) with 500 milliseconds interval)</small> </font> </div>
<div class="test-event"> <font color="maroon"> <small> &emsp; &emsp;--- 16 Oct 10:36:46 670 - <b>10</b> - Spinner Load Wait: (Sync) - ICar.support.WaitUtils.waitForSpinner(WaitUtils.java:225)</small> </font> </div>
<div class="test-event"> <font color="maroon"> <small> &emsp; &emsp;--- 16 Oct 10:36:48 285 - Page URL:: https://i-car--staging.sandbox.lightning.force.com/one/one.app#eyjjb21wb25lbnrezwyioijmb3jjzvnlyxjjadpzzwfyy2hqywdlrgvza3rvccisimf0dhjpynv0zxmionsidgvybsi6ikdyb3nzasamiefzc29jawf0zxmsieluyyisinnjb3bltwfwijp7inr5cguioijut1bfukvtvuxuuyisim5hbwvzcgfjzsi6iiisimxhymvsijoivg9wifjlc3vsdhmilcjsywjlbfbsdxjhbci6ilrvccbszxn1bhrziiwicmvzdwx0c0ntcci6imzvcmnlu2vhcmnoonbyzwrpy3rlzfjlc3vsdhmifswiy29udgv4dci6eyjgsuxurvjtijp7fswic2vhcmnou291cmnlijoiqvntsvnuqu5ux0rjquxpryisimrpc2fibgvjbnrlbnrrdwvyesi6zmfsc2usimrpc2fibgvtcgvsbenvcnjly3rpb24iomzhbhnllcjzzwfyy2heawfsb2dtzxnzaw9uswqioii2ywm5zdmxns0ynjlkltcxmgity2vimi00zjfmodu2njjkymeilcjkzwj1z0luzm8ionsiyxbwtmftzsi6ikldyxjfu2vydmljzv9db25zb2xliiwiyxbwvhlwzsi6iknvbnnvbguilcjhchboyw1lc3bhy2uioijjiiwibg9jyxrpb24ioijmb3jjztpvymply3rib21lrgvza3rvccisinnvymply3ruexblijoiqwnjb3vudcj9fswiz3jvdxbjzci6ikrfrkfvtfqifswic3rhdguiont9fq%3d%3d</small> </font> </div>
<div class="test-event"> <font color="maroon"> <small> &emsp; &emsp;--- 16 Oct 10:36:48 286 - <b>1</b> - Page Load Wait: (Sync) - ICar.support.Utils.waitForPageLoad(Utils.java:109)</small> </font> </div>
<div class="test-event"> <font color="maroon"> <small> &emsp; &emsp;--- 16 Oct 10:36:59 335 - Catched spinner load exception due to Expected condition failed: waiting for ICar.support.WaitUtils$4@714addf7 (tried for 11 second(s) with 500 milliseconds interval)</small> </font> </div>
<div class="test-event"> <font color="maroon"> <small> &emsp; &emsp;--- 16 Oct 10:36:59 337 - <b>11</b> - Spinner Load Wait: (Sync) - ICar.support.WaitUtils.waitForSpinner(WaitUtils.java:225)</small> </font> </div>
<div class="test-event"> <font color="maroon"> <small> &emsp; &emsp;--- 16 Oct 10:37:00 785 - Page URL:: https://i-car--staging.sandbox.lightning.force.com/one/one.app#eyjjb21wb25lbnrezwyioijmb3jjzvnlyxjjadpzzwfyy2hqywdlrgvza3rvccisimf0dhjpynv0zxmionsidgvybsi6ikdyb3nzasamiefzc29jawf0zxmsieluyyisinnjb3bltwfwijp7inr5cguioijut1bfukvtvuxuuyisim5hbwvzcgfjzsi6iiisimxhymvsijoivg9wifjlc3vsdhmilcjsywjlbfbsdxjhbci6ilrvccbszxn1bhrziiwicmvzdwx0c0ntcci6imzvcmnlu2vhcmnoonbyzwrpy3rlzfjlc3vsdhmifswiy29udgv4dci6eyjgsuxurvjtijp7fswic2vhcmnou291cmnlijoiqvntsvnuqu5ux0rjquxpryisimrpc2fibgvjbnrlbnrrdwvyesi6zmfsc2usimrpc2fibgvtcgvsbenvcnjly3rpb24iomzhbhnllcjzzwfyy2heawfsb2dtzxnzaw9uswqioii2ywm5zdmxns0ynjlkltcxmgity2vimi00zjfmodu2njjkymeilcjkzwj1z0luzm8ionsiyxbwtmftzsi6ikldyxjfu2vydmljzv9db25zb2xliiwiyxbwvhlwzsi6iknvbnnvbguilcjhchboyw1lc3bhy2uioijjiiwibg9jyxrpb24ioijmb3jjztpvymply3rib21lrgvza3rvccisinnvymply3ruexblijoiqwnjb3vudcj9fswiz3jvdxbjzci6ikrfrkfvtfqifswic3rhdguiont9fq%3d%3d</small> </font> </div>
<div class="test-event"> <font color="maroon"> <small> &emsp; &emsp;--- 16 Oct 10:37:00 785 - <b>1</b> - Page Load Wait: (Sync) - ICar.support.Utils.waitForPageLoad(Utils.java:109)</small> </font> </div>
<div class="test-event"> <font color="maroon"> <small> &emsp; &emsp;--- 16 Oct 10:37:00 845 - Element is displayed:: [[ChromeDriver: chrome on WINDOWS (7973cde9848270c6957d4ed706703a26)] -> xpath: //a[@title='Top Results']//span[text()='Top Results']]</small> </font> </div>
<div class="test-event"> <font color="maroon"> <small> &emsp; &emsp;--- 16 Oct 10:37:01 426 - Page URL:: https://i-car--staging.sandbox.lightning.force.com/one/one.app#eyjjb21wb25lbnrezwyioijmb3jjzvnlyxjjadpzzwfyy2hqywdlrgvza3rvccisimf0dhjpynv0zxmionsidgvybsi6ikdyb3nzasamiefzc29jawf0zxmsieluyyisinnjb3bltwfwijp7inr5cguioijut1bfukvtvuxuuyisim5hbwvzcgfjzsi6iiisimxhymvsijoivg9wifjlc3vsdhmilcjsywjlbfbsdxjhbci6ilrvccbszxn1bhrziiwicmvzdwx0c0ntcci6imzvcmnlu2vhcmnoonbyzwrpy3rlzfjlc3vsdhmifswiy29udgv4dci6eyjgsuxurvjtijp7fswic2vhcmnou291cmnlijoiqvntsvnuqu5ux0rjquxpryisimrpc2fibgvjbnrlbnrrdwvyesi6zmfsc2usimrpc2fibgvtcgvsbenvcnjly3rpb24iomzhbhnllcjzzwfyy2heawfsb2dtzxnzaw9uswqioii2ywm5zdmxns0ynjlkltcxmgity2vimi00zjfmodu2njjkymeilcjkzwj1z0luzm8ionsiyxbwtmftzsi6ikldyxjfu2vydmljzv9db25zb2xliiwiyxbwvhlwzsi6iknvbnnvbguilcjhchboyw1lc3bhy2uioijjiiwibg9jyxrpb24ioijmb3jjztpvymply3rib21lrgvza3rvccisinnvymply3ruexblijoiqwnjb3vudcj9fswiz3jvdxbjzci6ikrfrkfvtfqifswic3rhdguiont9fq%3d%3d</small> </font> </div>
<div class="test-event"> <font color="maroon"> <small> &emsp; &emsp;--- 16 Oct 10:37:01 426 - <b>0</b> - Page Load Wait: (Sync) - ICar.support.Utils.waitForPageLoad(Utils.java:109)</small> </font> </div>
<div class="test-event"> <font color="maroon"> <small> &emsp; &emsp;--- 16 Oct 10:37:06 912 - Catched spinner load exception due to Expected condition failed: waiting for ICar.support.WaitUtils$4@714addf7 (tried for 5 second(s) with 500 milliseconds interval)</small> </font> </div>
<div class="test-event"> <font color="maroon"> <small> &emsp; &emsp;--- 16 Oct 10:37:06 912 - <b>5</b> - Spinner Load Wait: (Sync) - ICar.support.WaitUtils.waitForSpinner(WaitUtils.java:225)</small> </font> </div>
<div class="test-event"> <font color="maroon"> <small> &emsp; &emsp;--- 16 Oct 10:37:08 378 - Page URL:: https://i-car--staging.sandbox.lightning.force.com/one/one.app#eyjjb21wb25lbnrezwyioijmb3jjzvnlyxjjadpzzwfyy2hqywdlrgvza3rvccisimf0dhjpynv0zxmionsidgvybsi6ikdyb3nzasamiefzc29jawf0zxmsieluyyisinnjb3bltwfwijp7inr5cguioijut1bfukvtvuxuuyisim5hbwvzcgfjzsi6iiisimxhymvsijoivg9wifjlc3vsdhmilcjsywjlbfbsdxjhbci6ilrvccbszxn1bhrziiwicmvzdwx0c0ntcci6imzvcmnlu2vhcmnoonbyzwrpy3rlzfjlc3vsdhmifswiy29udgv4dci6eyjgsuxurvjtijp7fswic2vhcmnou291cmnlijoiqvntsvnuqu5ux0rjquxpryisimrpc2fibgvjbnrlbnrrdwvyesi6zmfsc2usimrpc2fibgvtcgvsbenvcnjly3rpb24iomzhbhnllcjzzwfyy2heawfsb2dtzxnzaw9uswqioii2ywm5zdmxns0ynjlkltcxmgity2vimi00zjfmodu2njjkymeilcjkzwj1z0luzm8ionsiyxbwtmftzsi6ikldyxjfu2vydmljzv9db25zb2xliiwiyxbwvhlwzsi6iknvbnnvbguilcjhchboyw1lc3bhy2uioijjiiwibg9jyxrpb24ioijmb3jjztpvymply3rib21lrgvza3rvccisinnvymply3ruexblijoiqwnjb3vudcj9fswiz3jvdxbjzci6ikrfrkfvtfqifswic3rhdguiont9fq%3d%3d</small> </font> </div>
<div class="test-event"> <font color="maroon"> <small> &emsp; &emsp;--- 16 Oct 10:37:08 379 - <b>1</b> - Page Load Wait: (Sync) - ICar.support.Utils.waitForPageLoad(Utils.java:109)</small> </font> </div>
<div class="test-event"> <font color="maroon"> <small> &emsp; &emsp;--- 16 Oct 10:37:09 785 - Page URL:: https://i-car--staging.sandbox.lightning.force.com/one/one.app#eyjjb21wb25lbnrezwyioijmb3jjzvnlyxjjadpzzwfyy2hqywdlrgvza3rvccisimf0dhjpynv0zxmionsidgvybsi6ikdyb3nzasamiefzc29jawf0zxmsieluyyisinnjb3bltwfwijp7inr5cguioijut1bfukvtvuxuuyisim5hbwvzcgfjzsi6iiisimxhymvsijoivg9wifjlc3vsdhmilcjsywjlbfbsdxjhbci6ilrvccbszxn1bhrziiwicmvzdwx0c0ntcci6imzvcmnlu2vhcmnoonbyzwrpy3rlzfjlc3vsdhmifswiy29udgv4dci6eyjgsuxurvjtijp7fswic2vhcmnou291cmnlijoiqvntsvnuqu5ux0rjquxpryisimrpc2fibgvjbnrlbnrrdwvyesi6zmfsc2usimrpc2fibgvtcgvsbenvcnjly3rpb24iomzhbhnllcjzzwfyy2heawfsb2dtzxnzaw9uswqioii2ywm5zdmxns0ynjlkltcxmgity2vimi00zjfmodu2njjkymeilcjkzwj1z0luzm8ionsiyxbwtmftzsi6ikldyxjfu2vydmljzv9db25zb2xliiwiyxbwvhlwzsi6iknvbnnvbguilcjhchboyw1lc3bhy2uioijjiiwibg9jyxrpb24ioijmb3jjztpvymply3rib21lrgvza3rvccisinnvymply3ruexblijoiqwnjb3vudcj9fswiz3jvdxbjzci6ikrfrkfvtfqifswic3rhdguiont9fq%3d%3d</small> </font> </div>
<div class="test-event"> <font color="maroon"> <small> &emsp; &emsp;--- 16 Oct 10:37:09 785 - <b>1</b> - Page Load Wait: (Sync) - ICar.support.Utils.waitForPageLoad(Utils.java:109)</small> </font> </div>
<div class="test-event"> <font color="maroon"> <small> &emsp; &emsp;--- 16 Oct 10:37:11 191 - Page URL:: https://i-car--staging.sandbox.lightning.force.com/one/one.app#eyjjb21wb25lbnrezwyioijmb3jjzvnlyxjjadpzzwfyy2hqywdlrgvza3rvccisimf0dhjpynv0zxmionsidgvybsi6ikdyb3nzasamiefzc29jawf0zxmsieluyyisinnjb3bltwfwijp7inr5cguioijut1bfukvtvuxuuyisim5hbwvzcgfjzsi6iiisimxhymvsijoivg9wifjlc3vsdhmilcjsywjlbfbsdxjhbci6ilrvccbszxn1bhrziiwicmvzdwx0c0ntcci6imzvcmnlu2vhcmnoonbyzwrpy3rlzfjlc3vsdhmifswiy29udgv4dci6eyjgsuxurvjtijp7fswic2vhcmnou291cmnlijoiqvntsvnuqu5ux0rjquxpryisimrpc2fibgvjbnrlbnrrdwvyesi6zmfsc2usimrpc2fibgvtcgvsbenvcnjly3rpb24iomzhbhnllcjzzwfyy2heawfsb2dtzxnzaw9uswqioii2ywm5zdmxns0ynjlkltcxmgity2vimi00zjfmodu2njjkymeilcjkzwj1z0luzm8ionsiyxbwtmftzsi6ikldyxjfu2vydmljzv9db25zb2xliiwiyxbwvhlwzsi6iknvbnnvbguilcjhchboyw1lc3bhy2uioijjiiwibg9jyxrpb24ioijmb3jjztpvymply3rib21lrgvza3rvccisinnvymply3ruexblijoiqwnjb3vudcj9fswiz3jvdxbjzci6ikrfrkfvtfqifswic3rhdguiont9fq%3d%3d</small> </font> </div>
<div class="test-event"> <font color="maroon"> <small> &emsp; &emsp;--- 16 Oct 10:37:11 192 - <b>1</b> - Page Load Wait: (Sync) - ICar.support.Utils.waitForPageLoad(Utils.java:109)</small> </font> </div>
<div class="test-event"> <font color="maroon"> <small> &emsp; &emsp;--- 16 Oct 10:37:21 611 - Catched spinner load exception due to Expected condition failed: waiting for ICar.support.WaitUtils$4@714addf7 (tried for 10 second(s) with 500 milliseconds interval)</small> </font> </div>
<div class="test-event"> <font color="maroon"> <small> &emsp; &emsp;--- 16 Oct 10:37:21 611 - <b>10</b> - Spinner Load Wait: (Sync) - ICar.support.WaitUtils.waitForSpinner(WaitUtils.java:225)</small> </font> </div>
<div class="test-event"> <font color="maroon"> <small> &emsp; &emsp;--- 16 Oct 10:37:21 650 - Element is displayed:: [[ChromeDriver: chrome on WINDOWS (7973cde9848270c6957d4ed706703a26)] -> css selector: div.forceSearchResultsRegion div.resultsMultiWrapper >div > div table tbody th a]</small> </font> </div>
<div class="test-event"> <font color="maroon"> <small> &emsp; &emsp;--- 16 Oct 10:37:21 765 - Element is displayed:: [[ChromeDriver: chrome on WINDOWS (7973cde9848270c6957d4ed706703a26)] -> css selector: div.forceSearchResultsRegion div.resultsMultiWrapper >div > div table tbody th a]</small> </font> </div>
<div class="test-message">&emsp;4. click on Account : Grossi & Associates, Inc</div>
<div class="test-event"> <font color="maroon"> <small> &emsp; &emsp;--- 16 Oct 10:37:23 706 - Page URL:: https://i-car--staging.sandbox.lightning.force.com/one/one.app#eyjjb21wb25lbnrezwyioijmb3jjzvnlyxjjadpzzwfyy2hqywdlrgvza3rvccisimf0dhjpynv0zxmionsidgvybsi6ikdyb3nzasamiefzc29jawf0zxmsieluyyisinnjb3bltwfwijp7inr5cguioijut1bfukvtvuxuuyisim5hbwvzcgfjzsi6iiisimxhymvsijoivg9wifjlc3vsdhmilcjsywjlbfbsdxjhbci6ilrvccbszxn1bhrziiwicmvzdwx0c0ntcci6imzvcmnlu2vhcmnoonbyzwrpy3rlzfjlc3vsdhmifswiy29udgv4dci6eyjgsuxurvjtijp7fswic2vhcmnou291cmnlijoiqvntsvnuqu5ux0rjquxpryisimrpc2fibgvjbnrlbnrrdwvyesi6zmfsc2usimrpc2fibgvtcgvsbenvcnjly3rpb24iomzhbhnllcjzzwfyy2heawfsb2dtzxnzaw9uswqioii2ywm5zdmxns0ynjlkltcxmgity2vimi00zjfmodu2njjkymeilcjkzwj1z0luzm8ionsiyxbwtmftzsi6ikldyxjfu2vydmljzv9db25zb2xliiwiyxbwvhlwzsi6iknvbnnvbguilcjhchboyw1lc3bhy2uioijjiiwibg9jyxrpb24ioijmb3jjztpvymply3rib21lrgvza3rvccisinnvymply3ruexblijoiqwnjb3vudcj9fswiz3jvdxbjzci6ikrfrkfvtfqifswic3rhdguiont9fq%3d%3d</small> </font> </div>
<div class="test-event"> <font color="maroon"> <small> &emsp; &emsp;--- 16 Oct 10:37:23 706 - <b>1</b> - Page Load Wait: (Sync) - ICar.support.Utils.waitForPageLoad(Utils.java:109)</small> </font> </div>
<div class="test-event"> <font color="maroon"> <small> &emsp; &emsp;--- 16 Oct 10:37:38 973 - Catched spinner load exception due to Expected condition failed: waiting for ICar.support.WaitUtils$4@714addf7 (tried for 15 second(s) with 500 milliseconds interval)</small> </font> </div>
<div class="test-event"> <font color="maroon"> <small> &emsp; &emsp;--- 16 Oct 10:37:38 973 - <b>15</b> - Spinner Load Wait: (Sync) - ICar.support.WaitUtils.waitForSpinner(WaitUtils.java:225)</small> </font> </div>
<div class="test-event"> <font color="maroon"> <small> &emsp; &emsp;--- 16 Oct 10:37:40 318 - Page URL:: https://i-car--staging.sandbox.lightning.force.com/lightning/r/account/0011i00000uwf9rqae/view</small> </font> </div>
<div class="test-event"> <font color="maroon"> <small> &emsp; &emsp;--- 16 Oct 10:37:40 318 - <b>1</b> - Page Load Wait: (Sync) - ICar.support.Utils.waitForPageLoad(Utils.java:109)</small> </font> </div>
<div class="test-event"> <font color="maroon"> <small> &emsp; &emsp;--- 16 Oct 10:37:42 445 - Element is displayed:: [[ChromeDriver: chrome on WINDOWS (7973cde9848270c6957d4ed706703a26)] -> xpath: //a[@id='detailTab__item']]</small> </font> </div>
<div class="test-event"> <font color="maroon"> <small> &emsp; &emsp;--- 16 Oct 10:37:43 771 - Page URL:: https://i-car--staging.sandbox.lightning.force.com/lightning/r/account/0011i00000uwf9rqae/view</small> </font> </div>
<div class="test-event"> <font color="maroon"> <small> &emsp; &emsp;--- 16 Oct 10:37:43 771 - <b>1</b> - Page Load Wait: (Sync) - ICar.support.Utils.waitForPageLoad(Utils.java:109)</small> </font> </div>
<div class="test-event"> <font color="maroon"> <small> &emsp; &emsp;--- 16 Oct 10:37:58 890 - Catched spinner load exception due to Expected condition failed: waiting for ICar.support.WaitUtils$4@714addf7 (tried for 15 second(s) with 500 milliseconds interval)</small> </font> </div>
<div class="test-event"> <font color="maroon"> <small> &emsp; &emsp;--- 16 Oct 10:37:58 890 - <b>15</b> - Spinner Load Wait: (Sync) - ICar.support.WaitUtils.waitForSpinner(WaitUtils.java:225)</small> </font> </div>
<div class="test-event"> <font color="maroon"> <small> &emsp; &emsp;--- 16 Oct 10:38:00 212 - Page URL:: https://i-car--staging.sandbox.lightning.force.com/lightning/r/account/0011i00000uwf9rqae/view</small> </font> </div>
<div class="test-event"> <font color="maroon"> <small> &emsp; &emsp;--- 16 Oct 10:38:00 212 - <b>1</b> - Page Load Wait: (Sync) - ICar.support.Utils.waitForPageLoad(Utils.java:109)</small> </font> </div>
<div class="test-event"> <font color="maroon"> <small> &emsp; &emsp;--- 16 Oct 10:38:01 411 - Page URL:: https://i-car--staging.sandbox.lightning.force.com/lightning/r/account/0011i00000uwf9rqae/view</small> </font> </div>
<div class="test-event"> <font color="maroon"> <small> &emsp; &emsp;--- 16 Oct 10:38:01 411 - <b>1</b> - Page Load Wait: (Sync) - ICar.support.Utils.waitForPageLoad(Utils.java:109)</small> </font> </div>
<div class="test-event"> <font color="maroon"> <small> &emsp; &emsp;--- 16 Oct 10:38:25 275 - Unable to find an element after 5 sec ==> Proxy element for: AjaxElementLocator 'By.xpath: //button[@title='Edit Gold Class Renewal Date']'</small> </font> </div>
<div class="test-message">&emsp;Exception occurred  org.openqa.selenium.NoSuchElementException: Timed out after 3 seconds. Unable to locate the element</div>
<div class="test-message">&emsp;5.IS gold Exception</div>
<div class="test-event"> <font color="maroon"> <small> &emsp; &emsp;--- 16 Oct 10:38:29 646 - Page URL:: https://i-car--staging.sandbox.lightning.force.com/lightning/r/account/0011i00000uwf9rqae/view</small> </font> </div>
<div class="test-event"> <font color="maroon"> <small> &emsp; &emsp;--- 16 Oct 10:38:29 646 - <b>1</b> - Page Load Wait: (Sync) - ICar.support.Utils.waitForPageLoad(Utils.java:109)</small> </font> </div>
<div class="test-event"> <font color="maroon"> <small> &emsp; &emsp;--- 16 Oct 10:38:37 959 - Catched spinner load exception due to Expected condition failed: waiting for ICar.support.WaitUtils$4@714addf7 (tried for 8 second(s) with 500 milliseconds interval)</small> </font> </div>
<div class="test-event"> <font color="maroon"> <small> &emsp; &emsp;--- 16 Oct 10:38:37 959 - <b>8</b> - Spinner Load Wait: (Sync) - ICar.support.WaitUtils.waitForSpinner(WaitUtils.java:225)</small> </font> </div>
<div class="test-event"> <font color="maroon"> <small> &emsp; &emsp;--- 16 Oct 10:38:39 255 - Page URL:: https://i-car--staging.sandbox.lightning.force.com/lightning/r/account/0011i00000uwf9rqae/view</small> </font> </div>
<div class="test-event"> <font color="maroon"> <small> &emsp; &emsp;--- 16 Oct 10:38:39 255 - <b>1</b> - Page Load Wait: (Sync) - ICar.support.Utils.waitForPageLoad(Utils.java:109)</small> </font> </div>
<div class="test-event"> <font color="maroon"> <small> &emsp; &emsp;--- 16 Oct 10:38:40 587 - Page URL:: https://i-car--staging.sandbox.lightning.force.com/lightning/r/account/0011i00000uwf9rqae/view</small> </font> </div>
<div class="test-event"> <font color="maroon"> <small> &emsp; &emsp;--- 16 Oct 10:38:40 587 - <b>1</b> - Page Load Wait: (Sync) - ICar.support.Utils.waitForPageLoad(Utils.java:109)</small> </font> </div>
<div class="test-event"> <font color="maroon"> <small> &emsp; &emsp;--- 16 Oct 10:38:49 110 - Catched spinner load exception due to Expected condition failed: waiting for ICar.support.WaitUtils$4@714addf7 (tried for 8 second(s) with 500 milliseconds interval)</small> </font> </div>
<div class="test-event"> <font color="maroon"> <small> &emsp; &emsp;--- 16 Oct 10:38:49 110 - <b>8</b> - Spinner Load Wait: (Sync) - ICar.support.WaitUtils.waitForSpinner(WaitUtils.java:225)</small> </font> </div>
<div class="test-event"> <font color="maroon"> <small> &emsp; &emsp;--- 16 Oct 10:38:50 661 - Page URL:: https://i-car--staging.sandbox.lightning.force.com/lightning/r/account/0011i00000uwf9rqae/view</small> </font> </div>
<div class="test-event"> <font color="maroon"> <small> &emsp; &emsp;--- 16 Oct 10:38:50 662 - <b>1</b> - Page Load Wait: (Sync) - ICar.support.Utils.waitForPageLoad(Utils.java:109)</small> </font> </div>
<div class="test-event"> <font color="maroon"> <small> &emsp; &emsp;--- 16 Oct 10:38:52 826 - Element is displayed:: [[ChromeDriver: chrome on WINDOWS (7973cde9848270c6957d4ed706703a26)] -> xpath: //ul[@class='slds-button-group-list']/li[4]//button]</small> </font> </div>
<div class="test-event"> <font color="maroon"> <small> &emsp; &emsp;--- 16 Oct 10:38:52 921 - Element is displayed:: [[ChromeDriver: chrome on WINDOWS (7973cde9848270c6957d4ed706703a26)] -> xpath: //ul[@class='slds-button-group-list']/li[4]//button]</small> </font> </div>
<div class="test-event"> <font color="maroon"> <small> &emsp; &emsp;--- 16 Oct 10:38:54 398 - Page URL:: https://i-car--staging.sandbox.lightning.force.com/lightning/r/account/0011i00000uwf9rqae/view</small> </font> </div>
<div class="test-event"> <font color="maroon"> <small> &emsp; &emsp;--- 16 Oct 10:38:54 398 - <b>1</b> - Page Load Wait: (Sync) - ICar.support.Utils.waitForPageLoad(Utils.java:109)</small> </font> </div>
<div class="test-event"> <font color="maroon"> <small> &emsp; &emsp;--- 16 Oct 10:39:02 722 - Catched spinner load exception due to Expected condition failed: waiting for ICar.support.WaitUtils$4@714addf7 (tried for 8 second(s) with 500 milliseconds interval)</small> </font> </div>
<div class="test-event"> <font color="maroon"> <small> &emsp; &emsp;--- 16 Oct 10:39:02 723 - <b>8</b> - Spinner Load Wait: (Sync) - ICar.support.WaitUtils.waitForSpinner(WaitUtils.java:225)</small> </font> </div>
<div class="test-event"> <font color="maroon"> <small> &emsp; &emsp;--- 16 Oct 10:39:04 855 - Element is displayed:: [[ChromeDriver: chrome on WINDOWS (7973cde9848270c6957d4ed706703a26)] -> xpath: //lightning-menu-item[contains(@data-target-selection-name,'Account.Gold_Class_Status')]//a]</small> </font> </div>
<div class="test-event"> <font color="maroon"> <small> &emsp; &emsp;--- 16 Oct 10:39:06 452 - Page URL:: https://i-car--staging.sandbox.lightning.force.com/lightning/r/account/0011i00000uwf9rqae/view</small> </font> </div>
<div class="test-event"> <font color="maroon"> <small> &emsp; &emsp;--- 16 Oct 10:39:06 452 - <b>1</b> - Page Load Wait: (Sync) - ICar.support.Utils.waitForPageLoad(Utils.java:109)</small> </font> </div>
<div class="test-event"> <font color="maroon"> <small> &emsp; &emsp;--- 16 Oct 10:39:08 204 - Page URL:: https://i-car--staging.sandbox.lightning.force.com/lightning/r/account/0011i00000uwf9rqae/view</small> </font> </div>
<div class="test-event"> <font color="maroon"> <small> &emsp; &emsp;--- 16 Oct 10:39:08 204 - <b>1</b> - Page Load Wait: (Sync) - ICar.support.Utils.waitForPageLoad(Utils.java:109)</small> </font> </div>
<div class="test-event"> <font color="maroon"> <small> &emsp; &emsp;--- 16 Oct 10:39:23 240 - Catched spinner load exception due to Expected condition failed: waiting for ICar.support.WaitUtils$4@714addf7 (tried for 15 second(s) with 500 milliseconds interval)</small> </font> </div>
<div class="test-event"> <font color="maroon"> <small> &emsp; &emsp;--- 16 Oct 10:39:23 240 - <b>15</b> - Spinner Load Wait: (Sync) - ICar.support.WaitUtils.waitForSpinner(WaitUtils.java:225)</small> </font> </div>
<div class="test-event"> <font color="maroon"> <small> &emsp; &emsp;--- 16 Oct 10:39:24 771 - Page URL:: https://i-car--staging.sandbox.lightning.force.com/lightning/r/account/0011i00000uwf9rqae/view</small> </font> </div>
<div class="test-event"> <font color="maroon"> <small> &emsp; &emsp;--- 16 Oct 10:39:24 771 - <b>1</b> - Page Load Wait: (Sync) - ICar.support.Utils.waitForPageLoad(Utils.java:109)</small> </font> </div>
<div class="test-event"> <font color="maroon"> <small> &emsp; &emsp;--- 16 Oct 10:39:24 871 - Element is displayed:: [[ChromeDriver: chrome on WINDOWS (7973cde9848270c6957d4ed706703a26)] -> xpath: //*[text()='Evaluate Now']]</small> </font> </div>
<div class="test-event"> <font color="maroon"> <small> &emsp; &emsp;--- 16 Oct 10:39:26 539 - Page URL:: https://i-car--staging.sandbox.lightning.force.com/lightning/r/account/0011i00000uwf9rqae/view</small> </font> </div>
<div class="test-event"> <font color="maroon"> <small> &emsp; &emsp;--- 16 Oct 10:39:26 539 - <b>1</b> - Page Load Wait: (Sync) - ICar.support.Utils.waitForPageLoad(Utils.java:109)</small> </font> </div>
<div class="test-event"> <font color="maroon"> <small> &emsp; &emsp;--- 16 Oct 10:39:41 597 - Catched spinner load exception due to Expected condition failed: waiting for ICar.support.WaitUtils$4@714addf7 (tried for 15 second(s) with 500 milliseconds interval)</small> </font> </div>
<div class="test-event"> <font color="maroon"> <small> &emsp; &emsp;--- 16 Oct 10:39:41 597 - <b>15</b> - Spinner Load Wait: (Sync) - ICar.support.WaitUtils.waitForSpinner(WaitUtils.java:225)</small> </font> </div>
<div class="test-event"> <font color="maroon"> <small> &emsp; &emsp;--- 16 Oct 10:39:43 093 - Page URL:: https://i-car--staging.sandbox.lightning.force.com/lightning/r/account/0011i00000uwf9rqae/view</small> </font> </div>
<div class="test-event"> <font color="maroon"> <small> &emsp; &emsp;--- 16 Oct 10:39:43 093 - <b>1</b> - Page Load Wait: (Sync) - ICar.support.Utils.waitForPageLoad(Utils.java:109)</small> </font> </div>
<div class="test-message">&emsp;6. Clicked the Evaluate now button</div>
<div class="test-event"> <font color="maroon"> <small> &emsp; &emsp;--- 16 Oct 10:39:43 187 - Element is displayed:: [[ChromeDriver: chrome on WINDOWS (7973cde9848270c6957d4ed706703a26)] -> xpath: //button[contains(@class,'CancelButton')]]</small> </font> </div>
<div class="test-event"> <font color="maroon"> <small> &emsp; &emsp;--- 16 Oct 10:39:44 878 - Page URL:: https://i-car--staging.sandbox.lightning.force.com/lightning/r/account/0011i00000uwf9rqae/view</small> </font> </div>
<div class="test-event"> <font color="maroon"> <small> &emsp; &emsp;--- 16 Oct 10:39:44 879 - <b>1</b> - Page Load Wait: (Sync) - ICar.support.Utils.waitForPageLoad(Utils.java:109)</small> </font> </div>
<div class="test-event"> <font color="maroon"> <small> &emsp; &emsp;--- 16 Oct 10:39:46 496 - Page URL:: https://i-car--staging.sandbox.lightning.force.com/lightning/r/account/0011i00000uwf9rqae/view</small> </font> </div>
<div class="test-event"> <font color="maroon"> <small> &emsp; &emsp;--- 16 Oct 10:39:46 496 - <b>1</b> - Page Load Wait: (Sync) - ICar.support.Utils.waitForPageLoad(Utils.java:109)</small> </font> </div>
<div class="test-event"> <font color="maroon"> <small> &emsp; &emsp;--- 16 Oct 10:39:53 138 - Page URL:: https://i-car--staging.sandbox.lightning.force.com/lightning/r/account/0011i00000uwf9rqae/view</small> </font> </div>
<div class="test-event"> <font color="maroon"> <small> &emsp; &emsp;--- 16 Oct 10:39:53 138 - <b>1</b> - Page Load Wait: (Sync) - ICar.support.Utils.waitForPageLoad(Utils.java:109)</small> </font> </div>
<div class="test-event"> <font color="maroon"> <small> &emsp; &emsp;--- 16 Oct 10:39:59 276 - Page URL:: https://i-car--staging.sandbox.lightning.force.com/lightning/r/account/0011i00000uwf9rqae/view</small> </font> </div>
<div class="test-event"> <font color="maroon"> <small> &emsp; &emsp;--- 16 Oct 10:39:59 276 - <b>1</b> - Page Load Wait: (Sync) - ICar.support.Utils.waitForPageLoad(Utils.java:109)</small> </font> </div>
<div class="test-event"> <font color="maroon"> <small> &emsp; &emsp;--- 16 Oct 10:40:04 760 - Page URL:: https://i-car--staging.sandbox.lightning.force.com/lightning/o/account/list?filtername=accounts</small> </font> </div>
<div class="test-event"> <font color="maroon"> <small> &emsp; &emsp;--- 16 Oct 10:40:04 761 - <b>0</b> - Page Load Wait: (Sync) - ICar.support.Utils.waitForPageLoad(Utils.java:109)</small> </font> </div>
<div class="test-message">&emsp;Close the tab</div>
<div class="test-event"> <font color="maroon"> <small> &emsp; &emsp;--- 16 Oct 10:40:10 340 - Page URL:: https://i-car--staging.sandbox.lightning.force.com/lightning/o/account/list?filtername=accounts</small> </font> </div>
<div class="test-event"> <font color="maroon"> <small> &emsp; &emsp;--- 16 Oct 10:40:10 341 - <b>0</b> - Page Load Wait: (Sync) - ICar.support.Utils.waitForPageLoad(Utils.java:109)</small> </font> </div>
<div class="test-event"> <font color="maroon"> <small> &emsp; &emsp;--- 16 Oct 10:40:10 420 - Element is displayed:: [[ChromeDriver: chrome on WINDOWS (7973cde9848270c6957d4ed706703a26)] -> css selector: button[class*='search-button']]</small> </font> </div>
<div class="test-event"> <font color="maroon"> <small> &emsp; &emsp;--- 16 Oct 10:40:12 515 - Catched spinner load exception due to Expected condition failed: waiting for ICar.support.WaitUtils$4@714addf7 (tried for 2 second(s) with 500 milliseconds interval)</small> </font> </div>
<div class="test-event"> <font color="maroon"> <small> &emsp; &emsp;--- 16 Oct 10:40:12 515 - <b>2</b> - Spinner Load Wait: (Sync) - ICar.support.WaitUtils.waitForSpinner(WaitUtils.java:225)</small> </font> </div>
<div class="test-event"> <font color="maroon"> <small> &emsp; &emsp;--- 16 Oct 10:40:15 576 - Element is displayed:: [[ChromeDriver: chrome on WINDOWS (7973cde9848270c6957d4ed706703a26)] -> css selector: button[class*='search-button']]</small> </font> </div>
<div class="test-event"> <font color="maroon"> <small> &emsp; &emsp;--- 16 Oct 10:40:16 196 - Page URL:: https://i-car--staging.sandbox.lightning.force.com/lightning/o/account/list?filtername=accounts</small> </font> </div>
<div class="test-event"> <font color="maroon"> <small> &emsp; &emsp;--- 16 Oct 10:40:16 196 - <b>0</b> - Page Load Wait: (Sync) - ICar.support.Utils.waitForPageLoad(Utils.java:109)</small> </font> </div>
<div class="test-event"> <font color="maroon"> <small> &emsp; &emsp;--- 16 Oct 10:40:35 510 - Catched spinner load exception due to Expected condition failed: waiting for ICar.support.WaitUtils$4@714addf7 (tried for 10 second(s) with 500 milliseconds interval)</small> </font> </div>
<div class="test-event"> <font color="maroon"> <small> &emsp; &emsp;--- 16 Oct 10:40:35 510 - <b>10</b> - Spinner Load Wait: (Sync) - ICar.support.WaitUtils.waitForSpinner(WaitUtils.java:225)</small> </font> </div>
<div class="test-event"> <font color="maroon"> <small> &emsp; &emsp;--- 16 Oct 10:40:36 096 - Page URL:: https://i-car--staging.sandbox.lightning.force.com/one/one.app#eyjjb21wb25lbnrezwyioijmb3jjzvnlyxjjadpzzwfyy2hqywdlrgvza3rvccisimf0dhjpynv0zxmionsidgvybsi6ijiynjqzmdgilcjzy29wzu1hcci6eyj0exblijoive9qx1jfu1vmvfmilcjuyw1lc3bhy2uioiiilcjsywjlbci6ilrvccbszxn1bhrziiwibgfizwxqbhvyywwioijub3agumvzdwx0cyisinjlc3vsdhndbxaioijmb3jjzvnlyxjjadpwcmvkawn0zwrszxn1bhrzin0simnvbnrlehqionsirklmvevsuyi6e30sinnlyxjjafnvdxjjzsi6ikftu0ltvefovf9esufmt0cilcjkaxnhymxlsw50zw50uxvlcnkiomzhbhnllcjkaxnhymxlu3blbgxdb3jyzwn0aw9uijpmywxzzswic2vhcmnorglhbg9nu2vzc2lvbklkijoiztu4n2jjmjqtodu0yi03nmq5ltqzn2utzdc2yju5nti3nwyziiwizgvidwdjbmzvijp7imfwce5hbwuioijjq2fyx1nlcnzpy2vfq29uc29szsisimfwcfr5cguioijdb25zb2xliiwiyxbwtmftzxnwywnlijoiyyisimxvy2f0aw9uijoizm9yy2u6b2jqzwn0sg9tzurlc2t0b3ailcjzb2jqzwn0vhlwzsi6ikfjy291bnqifx0simdyb3vwswqioijeruzbvuxuin0sinn0yxrlijp7fx0%3d</small> </font> </div>
<div class="test-event"> <font color="maroon"> <small> &emsp; &emsp;--- 16 Oct 10:40:36 096 - <b>0</b> - Page Load Wait: (Sync) - ICar.support.Utils.waitForPageLoad(Utils.java:109)</small> </font> </div>
<div class="test-event"> <font color="maroon"> <small> &emsp; &emsp;--- 16 Oct 10:40:47 611 - Catched spinner load exception due to Expected condition failed: waiting for ICar.support.WaitUtils$4@714addf7 (tried for 11 second(s) with 500 milliseconds interval)</small> </font> </div>
<div class="test-event"> <font color="maroon"> <small> &emsp; &emsp;--- 16 Oct 10:40:47 612 - <b>11</b> - Spinner Load Wait: (Sync) - ICar.support.WaitUtils.waitForSpinner(WaitUtils.java:225)</small> </font> </div>
<div class="test-event"> <font color="maroon"> <small> &emsp; &emsp;--- 16 Oct 10:40:48 169 - Page URL:: https://i-car--staging.sandbox.lightning.force.com/one/one.app#eyjjb21wb25lbnrezwyioijmb3jjzvnlyxjjadpzzwfyy2hqywdlrgvza3rvccisimf0dhjpynv0zxmionsidgvybsi6ijiynjqzmdgilcjzy29wzu1hcci6eyj0exblijoive9qx1jfu1vmvfmilcjuyw1lc3bhy2uioiiilcjsywjlbci6ilrvccbszxn1bhrziiwibgfizwxqbhvyywwioijub3agumvzdwx0cyisinjlc3vsdhndbxaioijmb3jjzvnlyxjjadpwcmvkawn0zwrszxn1bhrzin0simnvbnrlehqionsirklmvevsuyi6e30sinnlyxjjafnvdxjjzsi6ikftu0ltvefovf9esufmt0cilcjkaxnhymxlsw50zw50uxvlcnkiomzhbhnllcjkaxnhymxlu3blbgxdb3jyzwn0aw9uijpmywxzzswic2vhcmnorglhbg9nu2vzc2lvbklkijoiztu4n2jjmjqtodu0yi03nmq5ltqzn2utzdc2yju5nti3nwyziiwizgvidwdjbmzvijp7imfwce5hbwuioijjq2fyx1nlcnzpy2vfq29uc29szsisimfwcfr5cguioijdb25zb2xliiwiyxbwtmftzxnwywnlijoiyyisimxvy2f0aw9uijoizm9yy2u6b2jqzwn0sg9tzurlc2t0b3ailcjzb2jqzwn0vhlwzsi6ikfjy291bnqifx0simdyb3vwswqioijeruzbvuxuin0sinn0yxrlijp7fx0%3d</small> </font> </div>
<div class="test-event"> <font color="maroon"> <small> &emsp; &emsp;--- 16 Oct 10:40:48 169 - <b>0</b> - Page Load Wait: (Sync) - ICar.support.Utils.waitForPageLoad(Utils.java:109)</small> </font> </div>
<div class="test-event"> <font color="maroon"> <small> &emsp; &emsp;--- 16 Oct 10:40:48 215 - Element is displayed:: [[ChromeDriver: chrome on WINDOWS (7973cde9848270c6957d4ed706703a26)] -> xpath: //a[@title='Top Results']//span[text()='Top Results']]</small> </font> </div>
<div class="test-event"> <font color="maroon"> <small> &emsp; &emsp;--- 16 Oct 10:40:48 611 - Page URL:: https://i-car--staging.sandbox.lightning.force.com/one/one.app#eyjjb21wb25lbnrezwyioijmb3jjzvnlyxjjadpzzwfyy2hqywdlrgvza3rvccisimf0dhjpynv0zxmionsidgvybsi6ijiynjqzmdgilcjzy29wzu1hcci6eyj0exblijoive9qx1jfu1vmvfmilcjuyw1lc3bhy2uioiiilcjsywjlbci6ilrvccbszxn1bhrziiwibgfizwxqbhvyywwioijub3agumvzdwx0cyisinjlc3vsdhndbxaioijmb3jjzvnlyxjjadpwcmvkawn0zwrszxn1bhrzin0simnvbnrlehqionsirklmvevsuyi6e30sinnlyxjjafnvdxjjzsi6ikftu0ltvefovf9esufmt0cilcjkaxnhymxlsw50zw50uxvlcnkiomzhbhnllcjkaxnhymxlu3blbgxdb3jyzwn0aw9uijpmywxzzswic2vhcmnorglhbg9nu2vzc2lvbklkijoiztu4n2jjmjqtodu0yi03nmq5ltqzn2utzdc2yju5nti3nwyziiwizgvidwdjbmzvijp7imfwce5hbwuioijjq2fyx1nlcnzpy2vfq29uc29szsisimfwcfr5cguioijdb25zb2xliiwiyxbwtmftzxnwywnlijoiyyisimxvy2f0aw9uijoizm9yy2u6b2jqzwn0sg9tzurlc2t0b3ailcjzb2jqzwn0vhlwzsi6ikfjy291bnqifx0simdyb3vwswqioijeruzbvuxuin0sinn0yxrlijp7fx0%3d</small> </font> </div>
<div class="test-event"> <font color="maroon"> <small> &emsp; &emsp;--- 16 Oct 10:40:48 611 - <b>0</b> - Page Load Wait: (Sync) - ICar.support.Utils.waitForPageLoad(Utils.java:109)</small> </font> </div>
<div class="test-event"> <font color="maroon"> <small> &emsp; &emsp;--- 16 Oct 10:40:53 738 - Catched spinner load exception due to Expected condition failed: waiting for ICar.support.WaitUtils$4@714addf7 (tried for 5 second(s) with 500 milliseconds interval)</small> </font> </div>
<div class="test-event"> <font color="maroon"> <small> &emsp; &emsp;--- 16 Oct 10:40:53 738 - <b>5</b> - Spinner Load Wait: (Sync) - ICar.support.WaitUtils.waitForSpinner(WaitUtils.java:225)</small> </font> </div>
<div class="test-event"> <font color="maroon"> <small> &emsp; &emsp;--- 16 Oct 10:40:54 264 - Page URL:: https://i-car--staging.sandbox.lightning.force.com/one/one.app#eyjjb21wb25lbnrezwyioijmb3jjzvnlyxjjadpzzwfyy2hqywdlrgvza3rvccisimf0dhjpynv0zxmionsidgvybsi6ijiynjqzmdgilcjzy29wzu1hcci6eyj0exblijoive9qx1jfu1vmvfmilcjuyw1lc3bhy2uioiiilcjsywjlbci6ilrvccbszxn1bhrziiwibgfizwxqbhvyywwioijub3agumvzdwx0cyisinjlc3vsdhndbxaioijmb3jjzvnlyxjjadpwcmvkawn0zwrszxn1bhrzin0simnvbnrlehqionsirklmvevsuyi6e30sinnlyxjjafnvdxjjzsi6ikftu0ltvefovf9esufmt0cilcjkaxnhymxlsw50zw50uxvlcnkiomzhbhnllcjkaxnhymxlu3blbgxdb3jyzwn0aw9uijpmywxzzswic2vhcmnorglhbg9nu2vzc2lvbklkijoiztu4n2jjmjqtodu0yi03nmq5ltqzn2utzdc2yju5nti3nwyziiwizgvidwdjbmzvijp7imfwce5hbwuioijjq2fyx1nlcnzpy2vfq29uc29szsisimfwcfr5cguioijdb25zb2xliiwiyxbwtmftzxnwywnlijoiyyisimxvy2f0aw9uijoizm9yy2u6b2jqzwn0sg9tzurlc2t0b3ailcjzb2jqzwn0vhlwzsi6ikfjy291bnqifx0simdyb3vwswqioijeruzbvuxuin0sinn0yxrlijp7fx0%3d</small> </font> </div>
<div class="test-event"> <font color="maroon"> <small> &emsp; &emsp;--- 16 Oct 10:40:54 264 - <b>0</b> - Page Load Wait: (Sync) - ICar.support.Utils.waitForPageLoad(Utils.java:109)</small> </font> </div>
<div class="test-event"> <font color="maroon"> <small> &emsp; &emsp;--- 16 Oct 10:40:54 849 - Page URL:: https://i-car--staging.sandbox.lightning.force.com/one/one.app#eyjjb21wb25lbnrezwyioijmb3jjzvnlyxjjadpzzwfyy2hqywdlrgvza3rvccisimf0dhjpynv0zxmionsidgvybsi6ijiynjqzmdgilcjzy29wzu1hcci6eyj0exblijoive9qx1jfu1vmvfmilcjuyw1lc3bhy2uioiiilcjsywjlbci6ilrvccbszxn1bhrziiwibgfizwxqbhvyywwioijub3agumvzdwx0cyisinjlc3vsdhndbxaioijmb3jjzvnlyxjjadpwcmvkawn0zwrszxn1bhrzin0simnvbnrlehqionsirklmvevsuyi6e30sinnlyxjjafnvdxjjzsi6ikftu0ltvefovf9esufmt0cilcjkaxnhymxlsw50zw50uxvlcnkiomzhbhnllcjkaxnhymxlu3blbgxdb3jyzwn0aw9uijpmywxzzswic2vhcmnorglhbg9nu2vzc2lvbklkijoiztu4n2jjmjqtodu0yi03nmq5ltqzn2utzdc2yju5nti3nwyziiwizgvidwdjbmzvijp7imfwce5hbwuioijjq2fyx1nlcnzpy2vfq29uc29szsisimfwcfr5cguioijdb25zb2xliiwiyxbwtmftzxnwywnlijoiyyisimxvy2f0aw9uijoizm9yy2u6b2jqzwn0sg9tzurlc2t0b3ailcjzb2jqzwn0vhlwzsi6ikfjy291bnqifx0simdyb3vwswqioijeruzbvuxuin0sinn0yxrlijp7fx0%3d</small> </font> </div>
<div class="test-event"> <font color="maroon"> <small> &emsp; &emsp;--- 16 Oct 10:40:54 849 - <b>0</b> - Page Load Wait: (Sync) - ICar.support.Utils.waitForPageLoad(Utils.java:109)</small> </font> </div>
<div class="test-event"> <font color="maroon"> <small> &emsp; &emsp;--- 16 Oct 10:40:55 365 - Page URL:: https://i-car--staging.sandbox.lightning.force.com/one/one.app#eyjjb21wb25lbnrezwyioijmb3jjzvnlyxjjadpzzwfyy2hqywdlrgvza3rvccisimf0dhjpynv0zxmionsidgvybsi6ijiynjqzmdgilcjzy29wzu1hcci6eyj0exblijoive9qx1jfu1vmvfmilcjuyw1lc3bhy2uioiiilcjsywjlbci6ilrvccbszxn1bhrziiwibgfizwxqbhvyywwioijub3agumvzdwx0cyisinjlc3vsdhndbxaioijmb3jjzvnlyxjjadpwcmvkawn0zwrszxn1bhrzin0simnvbnrlehqionsirklmvevsuyi6e30sinnlyxjjafnvdxjjzsi6ikftu0ltvefovf9esufmt0cilcjkaxnhymxlsw50zw50uxvlcnkiomzhbhnllcjkaxnhymxlu3blbgxdb3jyzwn0aw9uijpmywxzzswic2vhcmnorglhbg9nu2vzc2lvbklkijoiztu4n2jjmjqtodu0yi03nmq5ltqzn2utzdc2yju5nti3nwyziiwizgvidwdjbmzvijp7imfwce5hbwuioijjq2fyx1nlcnzpy2vfq29uc29szsisimfwcfr5cguioijdb25zb2xliiwiyxbwtmftzxnwywnlijoiyyisimxvy2f0aw9uijoizm9yy2u6b2jqzwn0sg9tzurlc2t0b3ailcjzb2jqzwn0vhlwzsi6ikfjy291bnqifx0simdyb3vwswqioijeruzbvuxuin0sinn0yxrlijp7fx0%3d</small> </font> </div>
<div class="test-event"> <font color="maroon"> <small> &emsp; &emsp;--- 16 Oct 10:40:55 365 - <b>0</b> - Page Load Wait: (Sync) - ICar.support.Utils.waitForPageLoad(Utils.java:109)</small> </font> </div>
<div class="test-event"> <font color="maroon"> <small> &emsp; &emsp;--- 16 Oct 10:41:03 688 - Catched spinner load exception due to Expected condition failed: waiting for ICar.support.WaitUtils$4@714addf7 (tried for 8 second(s) with 500 milliseconds interval)</small> </font> </div>
<div class="test-event"> <font color="maroon"> <small> &emsp; &emsp;--- 16 Oct 10:41:03 688 - <b>8</b> - Spinner Load Wait: (Sync) - ICar.support.WaitUtils.waitForSpinner(WaitUtils.java:225)</small> </font> </div>
<div class="test-event"> <font color="maroon"> <small> &emsp; &emsp;--- 16 Oct 10:41:04 202 - Page URL:: https://i-car--staging.sandbox.lightning.force.com/one/one.app#eyjjb21wb25lbnrezwyioijmb3jjzvnlyxjjadpzzwfyy2hqywdlrgvza3rvccisimf0dhjpynv0zxmionsidgvybsi6ijiynjqzmdgilcjzy29wzu1hcci6eyj0exblijoive9qx1jfu1vmvfmilcjuyw1lc3bhy2uioiiilcjsywjlbci6ilrvccbszxn1bhrziiwibgfizwxqbhvyywwioijub3agumvzdwx0cyisinjlc3vsdhndbxaioijmb3jjzvnlyxjjadpwcmvkawn0zwrszxn1bhrzin0simnvbnrlehqionsirklmvevsuyi6e30sinnlyxjjafnvdxjjzsi6ikftu0ltvefovf9esufmt0cilcjkaxnhymxlsw50zw50uxvlcnkiomzhbhnllcjkaxnhymxlu3blbgxdb3jyzwn0aw9uijpmywxzzswic2vhcmnorglhbg9nu2vzc2lvbklkijoiztu4n2jjmjqtodu0yi03nmq5ltqzn2utzdc2yju5nti3nwyziiwizgvidwdjbmzvijp7imfwce5hbwuioijjq2fyx1nlcnzpy2vfq29uc29szsisimfwcfr5cguioijdb25zb2xliiwiyxbwtmftzxnwywnlijoiyyisimxvy2f0aw9uijoizm9yy2u6b2jqzwn0sg9tzurlc2t0b3ailcjzb2jqzwn0vhlwzsi6ikfjy291bnqifx0simdyb3vwswqioijeruzbvuxuin0sinn0yxrlijp7fx0%3d</small> </font> </div>
<div class="test-event"> <font color="maroon"> <small> &emsp; &emsp;--- 16 Oct 10:41:04 202 - <b>0</b> - Page Load Wait: (Sync) - ICar.support.Utils.waitForPageLoad(Utils.java:109)</small> </font> </div>
<div class="test-event"> <font color="maroon"> <small> &emsp; &emsp;--- 16 Oct 10:41:06 315 - Element is displayed:: [[ChromeDriver: chrome on WINDOWS (7973cde9848270c6957d4ed706703a26)] -> xpath: //div[contains(@class,'forceSearchResultsRegion')]//div[contains(@class,'resultsMultiWrapper')]/div/div[1]//following::h2//a]</small> </font> </div>
<div class="test-event"> <font color="maroon"> <small> &emsp; &emsp;--- 16 Oct 10:41:06 538 - Element is displayed:: [[ChromeDriver: chrome on WINDOWS (7973cde9848270c6957d4ed706703a26)] -> xpath: //a[text()='Contacts']]</small> </font> </div>
<div class="test-event"> <font color="maroon"> <small> &emsp; &emsp;--- 16 Oct 10:41:10 662 - Element is displayed:: [[ChromeDriver: chrome on WINDOWS (7973cde9848270c6957d4ed706703a26)] -> xpath: //div[text()='Contacts']//following :: table//tbody//th//span /a]</small> </font> </div>
<div class="test-message">&emsp;6. click on 'view all' on Platnium status in Sales force</div>
<div class="test-event"> <font color="maroon"> <small> &emsp; &emsp;--- 16 Oct 10:41:11 642 - Page URL:: https://i-car--staging.sandbox.lightning.force.com/one/one.app#eyjjb21wb25lbnrezwyioijmb3jjzvnlyxjjadpzzwfyy2hqywdlrgvza3rvccisimf0dhjpynv0zxmionsidgvybsi6ijiynjqzmdgilcjzy29wzu1hcci6eyj0exblijoive9qx1jfu1vmvfmilcjuyw1lc3bhy2uioiiilcjsywjlbci6ilrvccbszxn1bhrziiwibgfizwxqbhvyywwioijub3agumvzdwx0cyisinjlc3vsdhndbxaioijmb3jjzvnlyxjjadpwcmvkawn0zwrszxn1bhrzin0simnvbnrlehqionsirklmvevsuyi6e30sinnlyxjjafnvdxjjzsi6ikftu0ltvefovf9esufmt0cilcjkaxnhymxlsw50zw50uxvlcnkiomzhbhnllcjkaxnhymxlu3blbgxdb3jyzwn0aw9uijpmywxzzswic2vhcmnorglhbg9nu2vzc2lvbklkijoiztu4n2jjmjqtodu0yi03nmq5ltqzn2utzdc2yju5nti3nwyziiwizgvidwdjbmzvijp7imfwce5hbwuioijjq2fyx1nlcnzpy2vfq29uc29szsisimfwcfr5cguioijdb25zb2xliiwiyxbwtmftzxnwywnlijoiyyisimxvy2f0aw9uijoizm9yy2u6b2jqzwn0sg9tzurlc2t0b3ailcjzb2jqzwn0vhlwzsi6ikfjy291bnqifx0simdyb3vwswqioijeruzbvuxuin0sinn0yxrlijp7fx0%3d</small> </font> </div>
<div class="test-event"> <font color="maroon"> <small> &emsp; &emsp;--- 16 Oct 10:41:11 642 - <b>0</b> - Page Load Wait: (Sync) - ICar.support.Utils.waitForPageLoad(Utils.java:109)</small> </font> </div>
<div class="test-event"> <font color="maroon"> <small> &emsp; &emsp;--- 16 Oct 10:41:32 040 - Catched spinner load exception due to Expected condition failed: waiting for ICar.support.WaitUtils$4@714addf7 (tried for 20 second(s) with 500 milliseconds interval)</small> </font> </div>
<div class="test-event"> <font color="maroon"> <small> &emsp; &emsp;--- 16 Oct 10:41:32 040 - <b>20</b> - Spinner Load Wait: (Sync) - ICar.support.WaitUtils.waitForSpinner(WaitUtils.java:225)</small> </font> </div>
<div class="test-event"> <font color="maroon"> <small> &emsp; &emsp;--- 16 Oct 10:41:32 636 - Page URL:: https://i-car--staging.sandbox.lightning.force.com/lightning/r/contact/0031i00000nuecbqa2/view</small> </font> </div>
<div class="test-event"> <font color="maroon"> <small> &emsp; &emsp;--- 16 Oct 10:41:32 636 - <b>0</b> - Page Load Wait: (Sync) - ICar.support.Utils.waitForPageLoad(Utils.java:109)</small> </font> </div>
<div class="test-event"> <font color="maroon"> <small> &emsp; &emsp;--- 16 Oct 10:41:37 934 - Catched spinner load exception due to Expected condition failed: waiting for ICar.support.WaitUtils$4@714addf7 (tried for 5 second(s) with 500 milliseconds interval)</small> </font> </div>
<div class="test-event"> <font color="maroon"> <small> &emsp; &emsp;--- 16 Oct 10:41:37 934 - <b>5</b> - Spinner Load Wait: (Sync) - ICar.support.WaitUtils.waitForSpinner(WaitUtils.java:225)</small> </font> </div>
<div class="test-event"> <font color="maroon"> <small> &emsp; &emsp;--- 16 Oct 10:41:38 604 - Page URL:: https://i-car--staging.sandbox.lightning.force.com/lightning/r/contact/0031i00000nuecbqa2/view</small> </font> </div>
<div class="test-event"> <font color="maroon"> <small> &emsp; &emsp;--- 16 Oct 10:41:38 604 - <b>0</b> - Page Load Wait: (Sync) - ICar.support.Utils.waitForPageLoad(Utils.java:109)</small> </font> </div>
<!--FAIL-->
<div class="test-result"><br><font color="red"><strong> Index 0 out of bounds for length 0 </strong></font> <a href=".\ScreenShot\ICar_BAM776_TC05_42869256192000.png" target="_blank" >[ScreenShot]</a></div>&emsp;
&emsp;<div class="test-title"> <strong><font size = "3" color = "#0000FF">---Test Execution Ends---</font> </strong> </div>&emsp;]]>
    </system-out>
  </testcase> <!-- ICar_BAM776_TC05 -->
  <system-out>
    <![CDATA[<div class="test-event"> <font color="maroon"> <small> &emsp; &emsp;--- 16 Oct 09:18:38 757 - TestCaseID:: ICar_B2B944_TC01</small> </font> </div>
<div class="test-event"> <font color="maroon"> <small> &emsp; &emsp;--- 16 Oct 09:18:49 511 - <b>12</b> - Driver::initialize::Get - ICar.support.WebDriverFactory.getDriver(WebDriverFactory.java:640)</small> </font> </div>
&emsp;<div class="test-title"> <strong><font size = "3" color = "#000080">Create a contact in an Account</font> </strong> </div>&emsp;<div><strong>Steps:</strong></div><!-- Report -->&emsp;
<div class="test-event"> <font color="maroon"> <small> &emsp; &emsp;--- 16 Oct 09:18:57 051 - Page URL:: https://i-car--staging.sandbox.my.salesforce.com/</small> </font> </div>
<div class="test-event"> <font color="maroon"> <small> &emsp; &emsp;--- 16 Oct 09:18:57 052 - <b>0</b> - Page Load Wait: (Sync) - ICar.support.Utils.waitForPageLoad(Utils.java:109)</small> </font> </div>
<div class="test-message">&emsp;Successfully navigated to 'Login' Page&emsp;<a href=".\ScreenShot\ICar_B2B944_TC01_37904706449600.png" target="_blank" >[ScreenShot]</a></div>
<div class="test-message">&emsp;1. Login page is launched.</div>
<div class="test-event"> <font color="maroon"> <small> &emsp; &emsp;--- 16 Oct 09:18:58 443 - Element is displayed:: [[ChromeDriver: chrome on WINDOWS (fbb16c74a55c0718c5e93362e73a11cf)] -> id: username]</small> </font> </div>
<div class="test-event"> <font color="maroon"> <small> &emsp; &emsp;--- 16 Oct 09:18:58 535 - Element is displayed:: [[ChromeDriver: chrome on WINDOWS (fbb16c74a55c0718c5e93362e73a11cf)] -> id: username]</small> </font> </div>
<div class="test-event"> <font color="maroon"> <small> &emsp; &emsp;--- 16 Oct 09:18:58 864 - Element is displayed:: [[ChromeDriver: chrome on WINDOWS (fbb16c74a55c0718c5e93362e73a11cf)] -> id: password]</small> </font> </div>
<div class="test-event"> <font color="maroon"> <small> &emsp; &emsp;--- 16 Oct 09:18:59 648 - Element is displayed:: [[ChromeDriver: chrome on WINDOWS (fbb16c74a55c0718c5e93362e73a11cf)] -> id: Login]</small> </font> </div>
<div class="test-event"> <font color="maroon"> <small> &emsp; &emsp;--- 16 Oct 09:19:34 235 - Catched spinner load exception due to Expected condition failed: waiting for ICar.support.WaitUtils$4@714addf7 (tried for 13 second(s) with 500 milliseconds interval)</small> </font> </div>
<div class="test-event"> <font color="maroon"> <small> &emsp; &emsp;--- 16 Oct 09:19:34 236 - <b>13</b> - Spinner Load Wait: (Sync) - ICar.support.WaitUtils.waitForSpinner(WaitUtils.java:225)</small> </font> </div>
<div class="test-event"> <font color="maroon"> <small> &emsp; &emsp;--- 16 Oct 09:19:53 252 - Catched spinner load exception due to Expected condition failed: waiting for ICar.support.WaitUtils$4@714addf7 (tried for 6 second(s) with 500 milliseconds interval)</small> </font> </div>
<div class="test-event"> <font color="maroon"> <small> &emsp; &emsp;--- 16 Oct 09:19:53 252 - <b>6</b> - Spinner Load Wait: (Sync) - ICar.support.WaitUtils.waitForSpinner(WaitUtils.java:225)</small> </font> </div>
<div class="test-event"> <font color="maroon"> <small> &emsp; &emsp;--- 16 Oct 09:19:53 345 - Element is displayed:: [[ChromeDriver: chrome on WINDOWS (fbb16c74a55c0718c5e93362e73a11cf)] -> css selector: button[class*='search-button']]</small> </font> </div>
<div class="test-message">&emsp;2. Navigate to 'SalesForce Page'</div>
<div class="test-event"> <font color="maroon"> <small> &emsp; &emsp;--- 16 Oct 09:19:53 933 - Page URL:: https://i-car--staging.sandbox.lightning.force.com/lightning/r/account/0011i00000uwf9rqae/view</small> </font> </div>
<div class="test-event"> <font color="maroon"> <small> &emsp; &emsp;--- 16 Oct 09:19:53 934 - <b>0</b> - Page Load Wait: (Sync) - ICar.support.Utils.waitForPageLoad(Utils.java:109)</small> </font> </div>
<div class="test-event"> <font color="maroon"> <small> &emsp; &emsp;--- 16 Oct 09:20:00 963 - Page URL:: https://i-car--staging.sandbox.lightning.force.com/lightning/r/account/0011i00000uwf9rqae/view</small> </font> </div>
<div class="test-event"> <font color="maroon"> <small> &emsp; &emsp;--- 16 Oct 09:20:00 964 - <b>0</b> - Page Load Wait: (Sync) - ICar.support.Utils.waitForPageLoad(Utils.java:109)</small> </font> </div>
<div class="test-message">&emsp;Close the tab</div>
<div class="test-message">&emsp;Successfully navigated to 'Login' Page&emsp;<a href=".\ScreenShot\ICar_B2B944_TC01_37973648014900.png" target="_blank" >[ScreenShot]</a></div>
<div class="test-message">&emsp;3. Enter the user credentials as : icaradminautomation3@i-car.com.staging</div>
<div class="test-event"> <font color="maroon"> <small> &emsp; &emsp;--- 16 Oct 09:20:06 815 - Page URL:: https://i-car--staging.sandbox.lightning.force.com/lightning/o/account/list?filtername=accounts</small> </font> </div>
<div class="test-event"> <font color="maroon"> <small> &emsp; &emsp;--- 16 Oct 09:20:06 816 - <b>0</b> - Page Load Wait: (Sync) - ICar.support.Utils.waitForPageLoad(Utils.java:109)</small> </font> </div>
<div class="test-event"> <font color="maroon"> <small> &emsp; &emsp;--- 16 Oct 09:20:12 246 - Page URL:: https://i-car--staging.sandbox.lightning.force.com/lightning/o/account/list?filtername=accounts</small> </font> </div>
<div class="test-event"> <font color="maroon"> <small> &emsp; &emsp;--- 16 Oct 09:20:12 246 - <b>0</b> - Page Load Wait: (Sync) - ICar.support.Utils.waitForPageLoad(Utils.java:109)</small> </font> </div>
<div class="test-message">&emsp;Close the tab</div>
<div class="test-event"> <font color="maroon"> <small> &emsp; &emsp;--- 16 Oct 09:20:17 910 - Page URL:: https://i-car--staging.sandbox.lightning.force.com/lightning/o/account/list?filtername=accounts</small> </font> </div>
<div class="test-event"> <font color="maroon"> <small> &emsp; &emsp;--- 16 Oct 09:20:17 910 - <b>0</b> - Page Load Wait: (Sync) - ICar.support.Utils.waitForPageLoad(Utils.java:109)</small> </font> </div>
<div class="test-event"> <font color="maroon"> <small> &emsp; &emsp;--- 16 Oct 09:20:17 956 - Element is displayed:: [[ChromeDriver: chrome on WINDOWS (fbb16c74a55c0718c5e93362e73a11cf)] -> css selector: button[class*='search-button']]</small> </font> </div>
<div class="test-event"> <font color="maroon"> <small> &emsp; &emsp;--- 16 Oct 09:20:20 029 - Catched spinner load exception due to Expected condition failed: waiting for ICar.support.WaitUtils$4@714addf7 (tried for 2 second(s) with 500 milliseconds interval)</small> </font> </div>
<div class="test-event"> <font color="maroon"> <small> &emsp; &emsp;--- 16 Oct 09:20:20 029 - <b>2</b> - Spinner Load Wait: (Sync) - ICar.support.WaitUtils.waitForSpinner(WaitUtils.java:225)</small> </font> </div>
<div class="test-event"> <font color="maroon"> <small> &emsp; &emsp;--- 16 Oct 09:20:23 104 - Element is displayed:: [[ChromeDriver: chrome on WINDOWS (fbb16c74a55c0718c5e93362e73a11cf)] -> css selector: button[class*='search-button']]</small> </font> </div>
<div class="test-event"> <font color="maroon"> <small> &emsp; &emsp;--- 16 Oct 09:20:23 971 - Page URL:: https://i-car--staging.sandbox.lightning.force.com/lightning/o/account/list?filtername=accounts</small> </font> </div>
<div class="test-event"> <font color="maroon"> <small> &emsp; &emsp;--- 16 Oct 09:20:23 972 - <b>0</b> - Page Load Wait: (Sync) - ICar.support.Utils.waitForPageLoad(Utils.java:109)</small> </font> </div>
<div class="test-event"> <font color="maroon"> <small> &emsp; &emsp;--- 16 Oct 09:20:43 515 - Catched spinner load exception due to Expected condition failed: waiting for ICar.support.WaitUtils$4@714addf7 (tried for 10 second(s) with 500 milliseconds interval)</small> </font> </div>
<div class="test-event"> <font color="maroon"> <small> &emsp; &emsp;--- 16 Oct 09:20:43 515 - <b>10</b> - Spinner Load Wait: (Sync) - ICar.support.WaitUtils.waitForSpinner(WaitUtils.java:225)</small> </font> </div>
<div class="test-event"> <font color="maroon"> <small> &emsp; &emsp;--- 16 Oct 09:20:44 328 - Page URL:: https://i-car--staging.sandbox.lightning.force.com/one/one.app#eyjjb21wb25lbnrezwyioijmb3jjzvnlyxjjadpzzwfyy2hqywdlrgvza3rvccisimf0dhjpynv0zxmionsidgvybsi6ildpbnnrawxsief1dg8gqm9kesisinnjb3bltwfwijp7inr5cguioijut1bfukvtvuxuuyisim5hbwvzcgfjzsi6iiisimxhymvsijoivg9wifjlc3vsdhmilcjsywjlbfbsdxjhbci6ilrvccbszxn1bhrziiwicmvzdwx0c0ntcci6imzvcmnlu2vhcmnoonbyzwrpy3rlzfjlc3vsdhmifswiy29udgv4dci6eyjgsuxurvjtijp7fswic2vhcmnou291cmnlijoiqvntsvnuqu5ux0rjquxpryisimrpc2fibgvjbnrlbnrrdwvyesi6zmfsc2usimrpc2fibgvtcgvsbenvcnjly3rpb24iomzhbhnllcjzzwfyy2heawfsb2dtzxnzaw9uswqioijmodrjyjk3ms00mjywlwzlmtatzmjmos1lztgyzdm2mwy5ywuilcjkzwj1z0luzm8ionsiyxbwtmftzsi6ikldyxjfu2vydmljzv9db25zb2xliiwiyxbwvhlwzsi6iknvbnnvbguilcjhchboyw1lc3bhy2uioijjiiwibg9jyxrpb24ioijmb3jjztpvymply3rib21lrgvza3rvccisinnvymply3ruexblijoiqwnjb3vudcj9fswiz3jvdxbjzci6ikrfrkfvtfqifswic3rhdguiont9fq%3d%3d</small> </font> </div>
<div class="test-event"> <font color="maroon"> <small> &emsp; &emsp;--- 16 Oct 09:20:44 328 - <b>0</b> - Page Load Wait: (Sync) - ICar.support.Utils.waitForPageLoad(Utils.java:109)</small> </font> </div>
<div class="test-event"> <font color="maroon"> <small> &emsp; &emsp;--- 16 Oct 09:20:55 706 - Catched spinner load exception due to Expected condition failed: waiting for ICar.support.WaitUtils$4@714addf7 (tried for 11 second(s) with 500 milliseconds interval)</small> </font> </div>
<div class="test-event"> <font color="maroon"> <small> &emsp; &emsp;--- 16 Oct 09:20:55 707 - <b>11</b> - Spinner Load Wait: (Sync) - ICar.support.WaitUtils.waitForSpinner(WaitUtils.java:225)</small> </font> </div>
<div class="test-event"> <font color="maroon"> <small> &emsp; &emsp;--- 16 Oct 09:20:56 675 - Page URL:: https://i-car--staging.sandbox.lightning.force.com/one/one.app#eyjjb21wb25lbnrezwyioijmb3jjzvnlyxjjadpzzwfyy2hqywdlrgvza3rvccisimf0dhjpynv0zxmionsidgvybsi6ildpbnnrawxsief1dg8gqm9kesisinnjb3bltwfwijp7inr5cguioijut1bfukvtvuxuuyisim5hbwvzcgfjzsi6iiisimxhymvsijoivg9wifjlc3vsdhmilcjsywjlbfbsdxjhbci6ilrvccbszxn1bhrziiwicmvzdwx0c0ntcci6imzvcmnlu2vhcmnoonbyzwrpy3rlzfjlc3vsdhmifswiy29udgv4dci6eyjgsuxurvjtijp7fswic2vhcmnou291cmnlijoiqvntsvnuqu5ux0rjquxpryisimrpc2fibgvjbnrlbnrrdwvyesi6zmfsc2usimrpc2fibgvtcgvsbenvcnjly3rpb24iomzhbhnllcjzzwfyy2heawfsb2dtzxnzaw9uswqioijmodrjyjk3ms00mjywlwzlmtatzmjmos1lztgyzdm2mwy5ywuilcjkzwj1z0luzm8ionsiyxbwtmftzsi6ikldyxjfu2vydmljzv9db25zb2xliiwiyxbwvhlwzsi6iknvbnnvbguilcjhchboyw1lc3bhy2uioijjiiwibg9jyxrpb24ioijmb3jjztpvymply3rib21lrgvza3rvccisinnvymply3ruexblijoiqwnjb3vudcj9fswiz3jvdxbjzci6ikrfrkfvtfqifswic3rhdguiont9fq%3d%3d</small> </font> </div>
<div class="test-event"> <font color="maroon"> <small> &emsp; &emsp;--- 16 Oct 09:20:56 676 - <b>0</b> - Page Load Wait: (Sync) - ICar.support.Utils.waitForPageLoad(Utils.java:109)</small> </font> </div>
<div class="test-event"> <font color="maroon"> <small> &emsp; &emsp;--- 16 Oct 09:20:56 762 - Element is displayed:: [[ChromeDriver: chrome on WINDOWS (fbb16c74a55c0718c5e93362e73a11cf)] -> xpath: //a[@title='Top Results']//span[text()='Top Results']]</small> </font> </div>
<div class="test-event"> <font color="maroon"> <small> &emsp; &emsp;--- 16 Oct 09:20:57 264 - Page URL:: https://i-car--staging.sandbox.lightning.force.com/one/one.app#eyjjb21wb25lbnrezwyioijmb3jjzvnlyxjjadpzzwfyy2hqywdlrgvza3rvccisimf0dhjpynv0zxmionsidgvybsi6ildpbnnrawxsief1dg8gqm9kesisinnjb3bltwfwijp7inr5cguioijut1bfukvtvuxuuyisim5hbwvzcgfjzsi6iiisimxhymvsijoivg9wifjlc3vsdhmilcjsywjlbfbsdxjhbci6ilrvccbszxn1bhrziiwicmvzdwx0c0ntcci6imzvcmnlu2vhcmnoonbyzwrpy3rlzfjlc3vsdhmifswiy29udgv4dci6eyjgsuxurvjtijp7fswic2vhcmnou291cmnlijoiqvntsvnuqu5ux0rjquxpryisimrpc2fibgvjbnrlbnrrdwvyesi6zmfsc2usimrpc2fibgvtcgvsbenvcnjly3rpb24iomzhbhnllcjzzwfyy2heawfsb2dtzxnzaw9uswqioijmodrjyjk3ms00mjywlwzlmtatzmjmos1lztgyzdm2mwy5ywuilcjkzwj1z0luzm8ionsiyxbwtmftzsi6ikldyxjfu2vydmljzv9db25zb2xliiwiyxbwvhlwzsi6iknvbnnvbguilcjhchboyw1lc3bhy2uioijjiiwibg9jyxrpb24ioijmb3jjztpvymply3rib21lrgvza3rvccisinnvymply3ruexblijoiqwnjb3vudcj9fswiz3jvdxbjzci6ikrfrkfvtfqifswic3rhdguiont9fq%3d%3d</small> </font> </div>
<div class="test-event"> <font color="maroon"> <small> &emsp; &emsp;--- 16 Oct 09:20:57 264 - <b>0</b> - Page Load Wait: (Sync) - ICar.support.Utils.waitForPageLoad(Utils.java:109)</small> </font> </div>
<div class="test-event"> <font color="maroon"> <small> &emsp; &emsp;--- 16 Oct 09:21:02 695 - Catched spinner load exception due to Expected condition failed: waiting for ICar.support.WaitUtils$4@714addf7 (tried for 5 second(s) with 500 milliseconds interval)</small> </font> </div>
<div class="test-event"> <font color="maroon"> <small> &emsp; &emsp;--- 16 Oct 09:21:02 695 - <b>5</b> - Spinner Load Wait: (Sync) - ICar.support.WaitUtils.waitForSpinner(WaitUtils.java:225)</small> </font> </div>
<div class="test-event"> <font color="maroon"> <small> &emsp; &emsp;--- 16 Oct 09:21:03 517 - Page URL:: https://i-car--staging.sandbox.lightning.force.com/one/one.app#eyjjb21wb25lbnrezwyioijmb3jjzvnlyxjjadpzzwfyy2hqywdlrgvza3rvccisimf0dhjpynv0zxmionsidgvybsi6ildpbnnrawxsief1dg8gqm9kesisinnjb3bltwfwijp7inr5cguioijut1bfukvtvuxuuyisim5hbwvzcgfjzsi6iiisimxhymvsijoivg9wifjlc3vsdhmilcjsywjlbfbsdxjhbci6ilrvccbszxn1bhrziiwicmvzdwx0c0ntcci6imzvcmnlu2vhcmnoonbyzwrpy3rlzfjlc3vsdhmifswiy29udgv4dci6eyjgsuxurvjtijp7fswic2vhcmnou291cmnlijoiqvntsvnuqu5ux0rjquxpryisimrpc2fibgvjbnrlbnrrdwvyesi6zmfsc2usimrpc2fibgvtcgvsbenvcnjly3rpb24iomzhbhnllcjzzwfyy2heawfsb2dtzxnzaw9uswqioijmodrjyjk3ms00mjywlwzlmtatzmjmos1lztgyzdm2mwy5ywuilcjkzwj1z0luzm8ionsiyxbwtmftzsi6ikldyxjfu2vydmljzv9db25zb2xliiwiyxbwvhlwzsi6iknvbnnvbguilcjhchboyw1lc3bhy2uioijjiiwibg9jyxrpb24ioijmb3jjztpvymply3rib21lrgvza3rvccisinnvymply3ruexblijoiqwnjb3vudcj9fswiz3jvdxbjzci6ikrfrkfvtfqifswic3rhdguiont9fq%3d%3d</small> </font> </div>
<div class="test-event"> <font color="maroon"> <small> &emsp; &emsp;--- 16 Oct 09:21:03 518 - <b>0</b> - Page Load Wait: (Sync) - ICar.support.Utils.waitForPageLoad(Utils.java:109)</small> </font> </div>
<div class="test-event"> <font color="maroon"> <small> &emsp; &emsp;--- 16 Oct 09:21:04 316 - Page URL:: https://i-car--staging.sandbox.lightning.force.com/one/one.app#eyjjb21wb25lbnrezwyioijmb3jjzvnlyxjjadpzzwfyy2hqywdlrgvza3rvccisimf0dhjpynv0zxmionsidgvybsi6ildpbnnrawxsief1dg8gqm9kesisinnjb3bltwfwijp7inr5cguioijut1bfukvtvuxuuyisim5hbwvzcgfjzsi6iiisimxhymvsijoivg9wifjlc3vsdhmilcjsywjlbfbsdxjhbci6ilrvccbszxn1bhrziiwicmvzdwx0c0ntcci6imzvcmnlu2vhcmnoonbyzwrpy3rlzfjlc3vsdhmifswiy29udgv4dci6eyjgsuxurvjtijp7fswic2vhcmnou291cmnlijoiqvntsvnuqu5ux0rjquxpryisimrpc2fibgvjbnrlbnrrdwvyesi6zmfsc2usimrpc2fibgvtcgvsbenvcnjly3rpb24iomzhbhnllcjzzwfyy2heawfsb2dtzxnzaw9uswqioijmodrjyjk3ms00mjywlwzlmtatzmjmos1lztgyzdm2mwy5ywuilcjkzwj1z0luzm8ionsiyxbwtmftzsi6ikldyxjfu2vydmljzv9db25zb2xliiwiyxbwvhlwzsi6iknvbnnvbguilcjhchboyw1lc3bhy2uioijjiiwibg9jyxrpb24ioijmb3jjztpvymply3rib21lrgvza3rvccisinnvymply3ruexblijoiqwnjb3vudcj9fswiz3jvdxbjzci6ikrfrkfvtfqifswic3rhdguiont9fq%3d%3d</small> </font> </div>
<div class="test-event"> <font color="maroon"> <small> &emsp; &emsp;--- 16 Oct 09:21:04 317 - <b>0</b> - Page Load Wait: (Sync) - ICar.support.Utils.waitForPageLoad(Utils.java:109)</small> </font> </div>
<div class="test-event"> <font color="maroon"> <small> &emsp; &emsp;--- 16 Oct 09:21:05 039 - Page URL:: https://i-car--staging.sandbox.lightning.force.com/one/one.app#eyjjb21wb25lbnrezwyioijmb3jjzvnlyxjjadpzzwfyy2hqywdlrgvza3rvccisimf0dhjpynv0zxmionsidgvybsi6ildpbnnrawxsief1dg8gqm9kesisinnjb3bltwfwijp7inr5cguioijut1bfukvtvuxuuyisim5hbwvzcgfjzsi6iiisimxhymvsijoivg9wifjlc3vsdhmilcjsywjlbfbsdxjhbci6ilrvccbszxn1bhrziiwicmvzdwx0c0ntcci6imzvcmnlu2vhcmnoonbyzwrpy3rlzfjlc3vsdhmifswiy29udgv4dci6eyjgsuxurvjtijp7fswic2vhcmnou291cmnlijoiqvntsvnuqu5ux0rjquxpryisimrpc2fibgvjbnrlbnrrdwvyesi6zmfsc2usimrpc2fibgvtcgvsbenvcnjly3rpb24iomzhbhnllcjzzwfyy2heawfsb2dtzxnzaw9uswqioijmodrjyjk3ms00mjywlwzlmtatzmjmos1lztgyzdm2mwy5ywuilcjkzwj1z0luzm8ionsiyxbwtmftzsi6ikldyxjfu2vydmljzv9db25zb2xliiwiyxbwvhlwzsi6iknvbnnvbguilcjhchboyw1lc3bhy2uioijjiiwibg9jyxrpb24ioijmb3jjztpvymply3rib21lrgvza3rvccisinnvymply3ruexblijoiqwnjb3vudcj9fswiz3jvdxbjzci6ikrfrkfvtfqifswic3rhdguiont9fq%3d%3d</small> </font> </div>
<div class="test-event"> <font color="maroon"> <small> &emsp; &emsp;--- 16 Oct 09:21:05 040 - <b>0</b> - Page Load Wait: (Sync) - ICar.support.Utils.waitForPageLoad(Utils.java:109)</small> </font> </div>
<div class="test-event"> <font color="maroon"> <small> &emsp; &emsp;--- 16 Oct 09:21:15 407 - Catched spinner load exception due to Expected condition failed: waiting for ICar.support.WaitUtils$4@714addf7 (tried for 10 second(s) with 500 milliseconds interval)</small> </font> </div>
<div class="test-event"> <font color="maroon"> <small> &emsp; &emsp;--- 16 Oct 09:21:15 408 - <b>10</b> - Spinner Load Wait: (Sync) - ICar.support.WaitUtils.waitForSpinner(WaitUtils.java:225)</small> </font> </div>
<div class="test-event"> <font color="maroon"> <small> &emsp; &emsp;--- 16 Oct 09:21:15 444 - Element is displayed:: [[ChromeDriver: chrome on WINDOWS (fbb16c74a55c0718c5e93362e73a11cf)] -> css selector: div.forceSearchResultsRegion div.resultsMultiWrapper >div > div table tbody th a]</small> </font> </div>
<div class="test-event"> <font color="maroon"> <small> &emsp; &emsp;--- 16 Oct 09:21:15 545 - Element is displayed:: [[ChromeDriver: chrome on WINDOWS (fbb16c74a55c0718c5e93362e73a11cf)] -> css selector: div.forceSearchResultsRegion div.resultsMultiWrapper >div > div table tbody th a]</small> </font> </div>
<div class="test-event"> <font color="maroon"> <small> &emsp; &emsp;--- 16 Oct 09:21:17 173 - Page URL:: https://i-car--staging.sandbox.lightning.force.com/lightning/r/account/0011i00000uwexiqae/view</small> </font> </div>
<div class="test-event"> <font color="maroon"> <small> &emsp; &emsp;--- 16 Oct 09:21:17 173 - <b>1</b> - Page Load Wait: (Sync) - ICar.support.Utils.waitForPageLoad(Utils.java:109)</small> </font> </div>
<div class="test-event"> <font color="maroon"> <small> &emsp; &emsp;--- 16 Oct 09:21:25 530 - Catched spinner load exception due to Expected condition failed: waiting for ICar.support.WaitUtils$4@714addf7 (tried for 8 second(s) with 500 milliseconds interval)</small> </font> </div>
<div class="test-event"> <font color="maroon"> <small> &emsp; &emsp;--- 16 Oct 09:21:25 530 - <b>8</b> - Spinner Load Wait: (Sync) - ICar.support.WaitUtils.waitForSpinner(WaitUtils.java:225)</small> </font> </div>
<div class="test-event"> <font color="maroon"> <small> &emsp; &emsp;--- 16 Oct 09:21:26 212 - Page URL:: https://i-car--staging.sandbox.lightning.force.com/lightning/r/account/0011i00000uwexiqae/view</small> </font> </div>
<div class="test-event"> <font color="maroon"> <small> &emsp; &emsp;--- 16 Oct 09:21:26 213 - <b>0</b> - Page Load Wait: (Sync) - ICar.support.Utils.waitForPageLoad(Utils.java:109)</small> </font> </div>
<div class="test-event"> <font color="maroon"> <small> &emsp; &emsp;--- 16 Oct 09:21:26 326 - Element is displayed:: [[ChromeDriver: chrome on WINDOWS (fbb16c74a55c0718c5e93362e73a11cf)] -> xpath: //flexipage-component2[@data-component-id='flowruntime_interview']//article//flowruntime-flow//flowruntime-navigation-bar//lightning-button/button[text()='Next']]</small> </font> </div>
<div class="test-event"> <font color="maroon"> <small> &emsp; &emsp;--- 16 Oct 09:21:27 155 - Page URL:: https://i-car--staging.sandbox.lightning.force.com/lightning/r/account/0011i00000uwexiqae/view</small> </font> </div>
<div class="test-event"> <font color="maroon"> <small> &emsp; &emsp;--- 16 Oct 09:21:27 155 - <b>0</b> - Page Load Wait: (Sync) - ICar.support.Utils.waitForPageLoad(Utils.java:109)</small> </font> </div>
<div class="test-event"> <font color="maroon"> <small> &emsp; &emsp;--- 16 Oct 09:21:35 572 - Catched spinner load exception due to Expected condition failed: waiting for ICar.support.WaitUtils$4@714addf7 (tried for 8 second(s) with 500 milliseconds interval)</small> </font> </div>
<div class="test-event"> <font color="maroon"> <small> &emsp; &emsp;--- 16 Oct 09:21:35 572 - <b>8</b> - Spinner Load Wait: (Sync) - ICar.support.WaitUtils.waitForSpinner(WaitUtils.java:225)</small> </font> </div>
<div class="test-event"> <font color="maroon"> <small> &emsp; &emsp;--- 16 Oct 09:21:36 329 - Page URL:: https://i-car--staging.sandbox.lightning.force.com/lightning/r/account/0011i00000uwexiqae/view</small> </font> </div>
<div class="test-event"> <font color="maroon"> <small> &emsp; &emsp;--- 16 Oct 09:21:36 329 - <b>0</b> - Page Load Wait: (Sync) - ICar.support.Utils.waitForPageLoad(Utils.java:109)</small> </font> </div>
<div class="test-event"> <font color="maroon"> <small> &emsp; &emsp;--- 16 Oct 09:21:36 477 - Element is displayed:: [[ChromeDriver: chrome on WINDOWS (fbb16c74a55c0718c5e93362e73a11cf)] -> xpath: //input[@name='First_Name']]</small> </font> </div>
<div class="test-event"> <font color="maroon"> <small> &emsp; &emsp;--- 16 Oct 09:21:36 846 - Element is displayed:: [[ChromeDriver: chrome on WINDOWS (fbb16c74a55c0718c5e93362e73a11cf)] -> xpath: //input[@name='Last_Name']]</small> </font> </div>
<div class="test-event"> <font color="maroon"> <small> &emsp; &emsp;--- 16 Oct 09:21:39 711 - Element is displayed:: [[ChromeDriver: chrome on WINDOWS (fbb16c74a55c0718c5e93362e73a11cf)] -> xpath: //flexipage-component2[@data-component-id='flowruntime_interview']//article//flowruntime-flow//flowruntime-navigation-bar//lightning-button/button[text()='Next']]</small> </font> </div>
<div class="test-event"> <font color="maroon"> <small> &emsp; &emsp;--- 16 Oct 09:21:42 341 - Element is displayed:: [[ChromeDriver: chrome on WINDOWS (fbb16c74a55c0718c5e93362e73a11cf)] -> xpath: //flexipage-component2[@data-component-id='flowruntime_interview']//article//flowruntime-flow//flowruntime-navigation-bar//lightning-button/button[text()='Next']]</small> </font> </div>
<div class="test-event"> <font color="maroon"> <small> &emsp; &emsp;--- 16 Oct 09:21:43 232 - Page URL:: https://i-car--staging.sandbox.lightning.force.com/lightning/r/account/0011i00000uwexiqae/view</small> </font> </div>
<div class="test-event"> <font color="maroon"> <small> &emsp; &emsp;--- 16 Oct 09:21:43 232 - <b>0</b> - Page Load Wait: (Sync) - ICar.support.Utils.waitForPageLoad(Utils.java:109)</small> </font> </div>
<div class="test-event"> <font color="maroon"> <small> &emsp; &emsp;--- 16 Oct 09:21:51 484 - Catched spinner load exception due to Expected condition failed: waiting for ICar.support.WaitUtils$4@714addf7 (tried for 8 second(s) with 500 milliseconds interval)</small> </font> </div>
<div class="test-event"> <font color="maroon"> <small> &emsp; &emsp;--- 16 Oct 09:21:51 484 - <b>8</b> - Spinner Load Wait: (Sync) - ICar.support.WaitUtils.waitForSpinner(WaitUtils.java:225)</small> </font> </div>
<div class="test-event"> <font color="maroon"> <small> &emsp; &emsp;--- 16 Oct 09:21:52 332 - Page URL:: https://i-car--staging.sandbox.lightning.force.com/lightning/r/account/0011i00000uwexiqae/view</small> </font> </div>
<div class="test-event"> <font color="maroon"> <small> &emsp; &emsp;--- 16 Oct 09:21:52 332 - <b>0</b> - Page Load Wait: (Sync) - ICar.support.Utils.waitForPageLoad(Utils.java:109)</small> </font> </div>
<div class="test-event"> <font color="maroon"> <small> &emsp; &emsp;--- 16 Oct 09:21:53 156 - Page URL:: https://i-car--staging.sandbox.lightning.force.com/lightning/r/account/0011i00000uwexiqae/view</small> </font> </div>
<div class="test-event"> <font color="maroon"> <small> &emsp; &emsp;--- 16 Oct 09:21:53 156 - <b>0</b> - Page Load Wait: (Sync) - ICar.support.Utils.waitForPageLoad(Utils.java:109)</small> </font> </div>
<div class="test-event"> <font color="maroon"> <small> &emsp; &emsp;--- 16 Oct 09:22:01 440 - Catched spinner load exception due to Expected condition failed: waiting for ICar.support.WaitUtils$4@714addf7 (tried for 8 second(s) with 500 milliseconds interval)</small> </font> </div>
<div class="test-event"> <font color="maroon"> <small> &emsp; &emsp;--- 16 Oct 09:22:01 440 - <b>8</b> - Spinner Load Wait: (Sync) - ICar.support.WaitUtils.waitForSpinner(WaitUtils.java:225)</small> </font> </div>
<div class="test-event"> <font color="maroon"> <small> &emsp; &emsp;--- 16 Oct 09:22:02 329 - Page URL:: https://i-car--staging.sandbox.lightning.force.com/lightning/r/account/0011i00000uwexiqae/view</small> </font> </div>
<div class="test-event"> <font color="maroon"> <small> &emsp; &emsp;--- 16 Oct 09:22:02 330 - <b>0</b> - Page Load Wait: (Sync) - ICar.support.Utils.waitForPageLoad(Utils.java:109)</small> </font> </div>
<div class="test-event"> <font color="maroon"> <small> &emsp; &emsp;--- 16 Oct 09:22:03 401 - Page URL:: https://i-car--staging.sandbox.lightning.force.com/lightning/r/account/0011i00000uwexiqae/view</small> </font> </div>
<div class="test-event"> <font color="maroon"> <small> &emsp; &emsp;--- 16 Oct 09:22:03 401 - <b>0</b> - Page Load Wait: (Sync) - ICar.support.Utils.waitForPageLoad(Utils.java:109)</small> </font> </div>
<div class="test-event"> <font color="maroon"> <small> &emsp; &emsp;--- 16 Oct 09:22:11 506 - Catched spinner load exception due to Expected condition failed: waiting for ICar.support.WaitUtils$4@714addf7 (tried for 8 second(s) with 500 milliseconds interval)</small> </font> </div>
<div class="test-event"> <font color="maroon"> <small> &emsp; &emsp;--- 16 Oct 09:22:11 506 - <b>8</b> - Spinner Load Wait: (Sync) - ICar.support.WaitUtils.waitForSpinner(WaitUtils.java:225)</small> </font> </div>
<div class="test-event"> <font color="maroon"> <small> &emsp; &emsp;--- 16 Oct 09:22:12 297 - Page URL:: https://i-car--staging.sandbox.lightning.force.com/lightning/r/account/0011i00000uwexiqae/view</small> </font> </div>
<div class="test-event"> <font color="maroon"> <small> &emsp; &emsp;--- 16 Oct 09:22:12 298 - <b>0</b> - Page Load Wait: (Sync) - ICar.support.Utils.waitForPageLoad(Utils.java:109)</small> </font> </div>
<div class="test-event"> <font color="maroon"> <small> &emsp; &emsp;--- 16 Oct 09:22:12 405 - Element is displayed:: [[ChromeDriver: chrome on WINDOWS (fbb16c74a55c0718c5e93362e73a11cf)] -> xpath: //flexipage-component2[@data-component-id='flowruntime_interview']//article//flowruntime-flow//flowruntime-navigation-bar//lightning-button/button[text()='Finish']]</small> </font> </div>
<div class="test-message">&emsp;Success fuly created the Student to Account:3131548&emsp;<a href=".\ScreenShot\ICar_B2B944_TC01_38099885066200.png" target="_blank" >[ScreenShot]</a></div>
<div class="test-result"><br><font color="green"><strong> Test Passed. </strong></font> </div>&emsp;
&emsp;<div class="test-title"> <strong><font size = "3" color = "#0000FF">---Test Execution Ends---</font> </strong> </div>&emsp;
<div class="test-event"> <font color="maroon"> <small> &emsp; &emsp;--- 16 Oct 09:22:13 243 - TestCaseID:: ICar_B2B960_TC01</small> </font> </div>
<div class="test-event"> <font color="maroon"> <small> &emsp; &emsp;--- 16 Oct 09:22:14 494 - <b>1</b> - Driver::initialize::Get - ICar.support.WebDriverFactory.getDriver(WebDriverFactory.java:640)</small> </font> </div>
&emsp;<div class="test-title"> <strong><font size = "3" color = "#000080">Verify the All the Training Report is able to downloaded On demand for individual account through Portal</font> </strong> </div>&emsp;<div><strong>Steps:</strong></div><!-- Report -->&emsp;
<div class="test-event"> <font color="maroon"> <small> &emsp; &emsp;--- 16 Oct 09:22:34 041 - Element is displayed:: [[ChromeDriver: chrome on WINDOWS (74165a9e674dd3a9b8a1bf6c329c64db)] -> xpath: //a/img[@alt='Login Image']|//button[@id='btn-login']]</small> </font> </div>
<div class="test-event"> <font color="maroon"> <small> &emsp; &emsp;--- 16 Oct 09:22:34 140 - Element is displayed:: [[ChromeDriver: chrome on WINDOWS (74165a9e674dd3a9b8a1bf6c329c64db)] -> xpath: //a/img[@alt='Login Image']|//button[@id='btn-login']]</small> </font> </div>
<div class="test-message">&emsp;Successfully navigated to 'Home' Page&emsp;<a href=".\ScreenShot\ICar_B2B960_TC01_38121579206400.png" target="_blank" >[ScreenShot]</a></div>
<div class="test-message">&emsp;1. Home page is launched.</div>
<div class="test-event"> <font color="maroon"> <small> &emsp; &emsp;--- 16 Oct 09:22:35 272 - Page URL:: https://www.icarstage.com/</small> </font> </div>
<div class="test-event"> <font color="maroon"> <small> &emsp; &emsp;--- 16 Oct 09:22:35 272 - <b>0</b> - Page Load Wait: (Sync) - ICar.support.Utils.waitForPageLoad(Utils.java:109)</small> </font> </div>
<div class="test-event"> <font color="maroon"> <small> &emsp; &emsp;--- 16 Oct 09:22:35 526 - Element is displayed:: [[ChromeDriver: chrome on WINDOWS (74165a9e674dd3a9b8a1bf6c329c64db)] -> xpath: //a/img[@alt='Login Image']|//button[@id='btn-login']]</small> </font> </div>
<div class="test-event"> <font color="maroon"> <small> &emsp; &emsp;--- 16 Oct 09:22:35 650 - Element is displayed:: [[ChromeDriver: chrome on WINDOWS (74165a9e674dd3a9b8a1bf6c329c64db)] -> xpath: //a/img[@alt='Login Image']|//button[@id='btn-login']]</small> </font> </div>
<div class="test-event"> <font color="maroon"> <small> &emsp; &emsp;--- 16 Oct 09:22:53 789 - Catched spinner load exception due to Expected condition failed: waiting for ICar.support.WaitUtils$4@714addf7 (tried for 15 second(s) with 500 milliseconds interval)</small> </font> </div>
<div class="test-event"> <font color="maroon"> <small> &emsp; &emsp;--- 16 Oct 09:22:53 790 - <b>15</b> - Spinner Load Wait: (Sync) - ICar.support.WaitUtils.waitForSpinner(WaitUtils.java:225)</small> </font> </div>
<div class="test-message">&emsp;2. Navigate to 'Login Page'</div>
<div class="test-message">&emsp;Successfully navigated to 'Login' Page&emsp;<a href=".\ScreenShot\ICar_B2B960_TC01_38141263319200.png" target="_blank" >[ScreenShot]</a></div>
<div class="test-event"> <font color="maroon"> <small> &emsp; &emsp;--- 16 Oct 09:22:54 026 - Element is displayed:: [[ChromeDriver: chrome on WINDOWS (74165a9e674dd3a9b8a1bf6c329c64db)] -> id: username]</small> </font> </div>
<div class="test-event"> <font color="maroon"> <small> &emsp; &emsp;--- 16 Oct 09:22:54 101 - Element is displayed:: [[ChromeDriver: chrome on WINDOWS (74165a9e674dd3a9b8a1bf6c329c64db)] -> id: username]</small> </font> </div>
<div class="test-event"> <font color="maroon"> <small> &emsp; &emsp;--- 16 Oct 09:22:54 315 - Element is displayed:: [[ChromeDriver: chrome on WINDOWS (74165a9e674dd3a9b8a1bf6c329c64db)] -> id: password]</small> </font> </div>
<div class="test-event"> <font color="maroon"> <small> &emsp; &emsp;--- 16 Oct 09:22:54 542 - Element is displayed:: [[ChromeDriver: chrome on WINDOWS (74165a9e674dd3a9b8a1bf6c329c64db)] -> id: btn-login]</small> </font> </div>
<div class="test-event"> <font color="maroon"> <small> &emsp; &emsp;--- 16 Oct 09:23:08 839 - Catched spinner load exception due to Expected condition failed: waiting for ICar.support.WaitUtils$4@714addf7 (tried for 3 second(s) with 500 milliseconds interval)</small> </font> </div>
<div class="test-event"> <font color="maroon"> <small> &emsp; &emsp;--- 16 Oct 09:23:08 839 - <b>14</b> - Spinner Load Wait: (Sync) - ICar.support.WaitUtils.waitForSpinner(WaitUtils.java:225)</small> </font> </div>
<div class="test-event"> <font color="maroon"> <small> &emsp; &emsp;--- 16 Oct 09:23:31 245 - Catched spinner load exception due to Expected condition failed: waiting for ICar.support.WaitUtils$4@714addf7 (tried for 10 second(s) with 500 milliseconds interval)</small> </font> </div>
<div class="test-event"> <font color="maroon"> <small> &emsp; &emsp;--- 16 Oct 09:23:31 245 - <b>10</b> - Spinner Load Wait: (Sync) - ICar.support.WaitUtils.waitForSpinner(WaitUtils.java:225)</small> </font> </div>
<div class="test-event"> <font color="maroon"> <small> &emsp; &emsp;--- 16 Oct 09:23:31 338 - Element is displayed:: [[ChromeDriver: chrome on WINDOWS (74165a9e674dd3a9b8a1bf6c329c64db)] -> xpath: //button[@value='Launch My Learning']]</small> </font> </div>
<div class="test-message">&emsp;3. Enter the user credentials as : mbrezina</div>
<div class="test-message">&emsp;Successfully navigated to 'User Home' Page&emsp;<a href=".\ScreenShot\ICar_B2B960_TC01_38178777101100.png" target="_blank" >[ScreenShot]</a></div>
<div class="test-event"> <font color="maroon"> <small> &emsp; &emsp;--- 16 Oct 09:23:31 749 - Page URL:: https://www.icarstage.com/</small> </font> </div>
<div class="test-event"> <font color="maroon"> <small> &emsp; &emsp;--- 16 Oct 09:23:31 750 - <b>0</b> - Page Load Wait: (Sync) - ICar.support.Utils.waitForPageLoad(Utils.java:109)</small> </font> </div>
<div class="test-event"> <font color="maroon"> <small> &emsp; &emsp;--- 16 Oct 09:23:31 809 - Element is displayed:: [[ChromeDriver: chrome on WINDOWS (74165a9e674dd3a9b8a1bf6c329c64db)] -> xpath: //p[text()='Launch My Learning']]</small> </font> </div>
<div class="test-event"> <font color="maroon"> <small> &emsp; &emsp;--- 16 Oct 09:23:31 857 - Element is displayed:: [[ChromeDriver: chrome on WINDOWS (74165a9e674dd3a9b8a1bf6c329c64db)] -> xpath: //a[text()='Gold Class Summary']]</small> </font> </div>
<div class="test-event"> <font color="maroon"> <small> &emsp; &emsp;--- 16 Oct 09:23:33 959 - Element is displayed:: [[ChromeDriver: chrome on WINDOWS (74165a9e674dd3a9b8a1bf6c329c64db)] -> xpath: //a[text()='Gold Class Summary']]</small> </font> </div>
<div class="test-event"> <font color="maroon"> <small> &emsp; &emsp;--- 16 Oct 09:23:51 038 - Catched spinner load exception due to Expected condition failed: waiting for ICar.support.WaitUtils$4@714addf7 (tried for 15 second(s) with 500 milliseconds interval)</small> </font> </div>
<div class="test-event"> <font color="maroon"> <small> &emsp; &emsp;--- 16 Oct 09:23:51 038 - <b>15</b> - Spinner Load Wait: (Sync) - ICar.support.WaitUtils.waitForSpinner(WaitUtils.java:225)</small> </font> </div>
<div class="test-event"> <font color="maroon"> <small> &emsp; &emsp;--- 16 Oct 09:23:51 311 - Page URL:: https://www.icarstage.com/gold-class-summary</small> </font> </div>
<div class="test-event"> <font color="maroon"> <small> &emsp; &emsp;--- 16 Oct 09:23:51 311 - <b>0</b> - Page Load Wait: (Sync) - ICar.support.Utils.waitForPageLoad(Utils.java:109)</small> </font> </div>
<div class="test-message">&emsp;Successfully navigated to 'Gold class summary' Page&emsp;<a href=".\ScreenShot\ICar_B2B960_TC01_38198753890500.png" target="_blank" >[ScreenShot]</a></div>
<div class="test-event"> <font color="maroon"> <small> &emsp; &emsp;--- 16 Oct 09:23:58 585 - Element is displayed:: [[ChromeDriver: chrome on WINDOWS (74165a9e674dd3a9b8a1bf6c329c64db)] -> xpath: (//*[@class='slds-button slds-button_icon-border slds-button_icon-x-small'])[1]]</small> </font> </div>
<div class="test-event"> <font color="maroon"> <small> &emsp; &emsp;--- 16 Oct 09:24:05 752 - Element is displayed:: [[ChromeDriver: chrome on WINDOWS (74165a9e674dd3a9b8a1bf6c329c64db)] -> xpath: //*[@role='menuitem']/span[contains(text(),'Platinum Report')]]</small> </font> </div>
<div class="test-event"> <font color="maroon"> <small> &emsp; &emsp;--- 16 Oct 09:24:17 483 - Page URL:: https://my.icarstage.com/secur/frontdoor.jsp?sid=00ddi000000ffeb%21aqeaqggofxuhmmdmroakynzszjgbdnn52o5grtycb.ychqjiiha7vl9hed7e3jibmwsyc5emwhgij6qos_kplj47rzmzrchh&returl=%2fs%2fdc-platinum-training-requirements%3fid%3d0011i00000uwd8xqae&loginurl=https%3a%2f%2fsaml.salesforce.com%3fssostartpage%3dhttps%253a%252f%252fi-car-qa2.auth0.com%252fsamlp%252fcoad8oqk42pskj3xudrclxhhubdebjms%26saml_request_id%3d_2caaaazmjqfw1mdawmdawmdawmdawmdawaaaa_lzidc8h1f7rmc8nz8_jn6vsrcyoinrwptmrlpkfsnbww3qnh8r3qf7kgpzylhofk6jdtjebl8k9ncyohncmlyrfcxfa5idrvua_nvjc1gwkbbljn5nxf7nanmu2jgpbuhxf4vyh1k4xvqdkqkhift3evpzjlju8gmmonbf9afwv3_eshkkxa-tzp2myzmzq1ibd8rdxndfqfnrzt-e5qqaonkynfr-ahnvsimji5mg5vdpq4je_qt0npuswfgsn8w%26logouturl%3dhttps%253a%252f%252fi-car-qa2.auth0.com%252flogout&cshc=c00000alevwi000000ffeb</small> </font> </div>
<div class="test-event"> <font color="maroon"> <small> &emsp; &emsp;--- 16 Oct 09:24:17 483 - <b>0</b> - Page Load Wait: (Sync) - ICar.support.Utils.waitForPageLoad(Utils.java:109)</small> </font> </div>
<div class="test-event"> <font color="maroon"> <small> &emsp; &emsp;--- 16 Oct 09:24:26 988 - Catched spinner load exception due to Expected condition failed: waiting for ICar.support.WaitUtils$4@714addf7 (tried for 8 second(s) with 500 milliseconds interval)</small> </font> </div>
<div class="test-event"> <font color="maroon"> <small> &emsp; &emsp;--- 16 Oct 09:24:26 988 - <b>9</b> - Spinner Load Wait: (Sync) - ICar.support.WaitUtils.waitForSpinner(WaitUtils.java:225)</small> </font> </div>
<div class="test-event"> <font color="maroon"> <small> &emsp; &emsp;--- 16 Oct 09:24:28 202 - Element is displayed:: [[ChromeDriver: chrome on WINDOWS (74165a9e674dd3a9b8a1bf6c329c64db)] -> xpath: //a[text()='Save as CSV']]</small> </font> </div>
<div class="test-event"> <font color="maroon"> <small> &emsp; &emsp;--- 16 Oct 09:24:30 315 - Element is displayed:: [[ChromeDriver: chrome on WINDOWS (74165a9e674dd3a9b8a1bf6c329c64db)] -> xpath: //a[text()='Save as CSV']]</small> </font> </div>
<div class="test-message">&emsp;File download successful</div>
<div class="test-message">&emsp;Successfully verified the Columns name in csv&emsp;<a href=".\ScreenShot\ICar_B2B960_TC01_38239699582000.png" target="_blank" >[ScreenShot]</a></div>
<div class="test-result"><br><font color="green"><strong> Test Passed. </strong></font> </div>&emsp;
&emsp;<div class="test-title"> <strong><font size = "3" color = "#0000FF">---Test Execution Ends---</font> </strong> </div>&emsp;
<div class="test-event"> <font color="maroon"> <small> &emsp; &emsp;--- 16 Oct 09:24:32 938 - TestCaseID:: ICar_B2B980_TC01</small> </font> </div>
<div class="test-event"> <font color="maroon"> <small> &emsp; &emsp;--- 16 Oct 09:24:34 241 - <b>1</b> - Driver::initialize::Get - ICar.support.WebDriverFactory.getDriver(WebDriverFactory.java:640)</small> </font> </div>
&emsp;<div class="test-title"> <strong><font size = "3" color = "#000080">Verify the student Name is displayed correctly in Cart instead of TM when Transfer the student from Org to another Org.</font> </strong> </div>&emsp;<div><strong>Steps:</strong></div><!-- Report -->&emsp;
<div class="test-event"> <font color="maroon"> <small> &emsp; &emsp;--- 16 Oct 09:24:39 455 - Page URL:: https://i-car--staging.sandbox.my.salesforce.com/</small> </font> </div>
<div class="test-event"> <font color="maroon"> <small> &emsp; &emsp;--- 16 Oct 09:24:39 456 - <b>2</b> - Page Load Wait: (Sync) - ICar.support.Utils.waitForPageLoad(Utils.java:109)</small> </font> </div>
<div class="test-message">&emsp;Successfully navigated to 'Login' Page</div>
<div class="test-message">&emsp;1. Login page is launched.</div>
<div class="test-event"> <font color="maroon"> <small> &emsp; &emsp;--- 16 Oct 09:24:39 521 - Element is displayed:: [[ChromeDriver: chrome on WINDOWS (11198d974d9f525842ef513472eae6a9)] -> id: username]</small> </font> </div>
<div class="test-event"> <font color="maroon"> <small> &emsp; &emsp;--- 16 Oct 09:24:39 779 - Element is displayed:: [[ChromeDriver: chrome on WINDOWS (11198d974d9f525842ef513472eae6a9)] -> id: username]</small> </font> </div>
<div class="test-event"> <font color="maroon"> <small> &emsp; &emsp;--- 16 Oct 09:24:40 146 - Element is displayed:: [[ChromeDriver: chrome on WINDOWS (11198d974d9f525842ef513472eae6a9)] -> id: password]</small> </font> </div>
<div class="test-event"> <font color="maroon"> <small> &emsp; &emsp;--- 16 Oct 09:24:40 516 - Element is displayed:: [[ChromeDriver: chrome on WINDOWS (11198d974d9f525842ef513472eae6a9)] -> id: Login]</small> </font> </div>
<div class="test-event"> <font color="maroon"> <small> &emsp; &emsp;--- 16 Oct 09:25:14 874 - Catched spinner load exception due to Expected condition failed: waiting for ICar.support.WaitUtils$4@714addf7 (tried for 13 second(s) with 500 milliseconds interval)</small> </font> </div>
<div class="test-event"> <font color="maroon"> <small> &emsp; &emsp;--- 16 Oct 09:25:14 875 - <b>13</b> - Spinner Load Wait: (Sync) - ICar.support.WaitUtils.waitForSpinner(WaitUtils.java:225)</small> </font> </div>
<div class="test-event"> <font color="maroon"> <small> &emsp; &emsp;--- 16 Oct 09:25:32 169 - Catched spinner load exception due to Expected condition failed: waiting for ICar.support.WaitUtils$4@714addf7 (tried for 6 second(s) with 500 milliseconds interval)</small> </font> </div>
<div class="test-event"> <font color="maroon"> <small> &emsp; &emsp;--- 16 Oct 09:25:32 169 - <b>6</b> - Spinner Load Wait: (Sync) - ICar.support.WaitUtils.waitForSpinner(WaitUtils.java:225)</small> </font> </div>
<div class="test-event"> <font color="maroon"> <small> &emsp; &emsp;--- 16 Oct 09:25:32 250 - Element is displayed:: [[ChromeDriver: chrome on WINDOWS (11198d974d9f525842ef513472eae6a9)] -> css selector: button[class*='search-button']]</small> </font> </div>
<div class="test-message">&emsp;2. Navigate to 'SalesForce Page'</div>
<div class="test-event"> <font color="maroon"> <small> &emsp; &emsp;--- 16 Oct 09:25:32 641 - Page URL:: https://i-car--staging.sandbox.lightning.force.com/lightning/o/account/list?filtername=accounts</small> </font> </div>
<div class="test-event"> <font color="maroon"> <small> &emsp; &emsp;--- 16 Oct 09:25:32 641 - <b>0</b> - Page Load Wait: (Sync) - ICar.support.Utils.waitForPageLoad(Utils.java:109)</small> </font> </div>
<div class="test-event"> <font color="maroon"> <small> &emsp; &emsp;--- 16 Oct 09:25:38 030 - Page URL:: https://i-car--staging.sandbox.lightning.force.com/lightning/o/account/list?filtername=accounts</small> </font> </div>
<div class="test-event"> <font color="maroon"> <small> &emsp; &emsp;--- 16 Oct 09:25:38 031 - <b>0</b> - Page Load Wait: (Sync) - ICar.support.Utils.waitForPageLoad(Utils.java:109)</small> </font> </div>
<div class="test-message">&emsp;Close the tab</div>
<div class="test-message">&emsp;Successfully navigated to 'Login' Page</div>
<div class="test-message">&emsp;3. Enter the user credentials as : icaradminautomation3@i-car.com.staging</div>
<div class="test-message">&emsp;4. Enter the Icar id as : 2716200</div>
<div class="test-event"> <font color="maroon"> <small> &emsp; &emsp;--- 16 Oct 09:25:43 428 - Page URL:: https://i-car--staging.sandbox.lightning.force.com/lightning/o/account/list?filtername=accounts</small> </font> </div>
<div class="test-event"> <font color="maroon"> <small> &emsp; &emsp;--- 16 Oct 09:25:43 428 - <b>0</b> - Page Load Wait: (Sync) - ICar.support.Utils.waitForPageLoad(Utils.java:109)</small> </font> </div>
<div class="test-event"> <font color="maroon"> <small> &emsp; &emsp;--- 16 Oct 09:25:48 795 - Page URL:: https://i-car--staging.sandbox.lightning.force.com/lightning/o/account/list?filtername=accounts</small> </font> </div>
<div class="test-event"> <font color="maroon"> <small> &emsp; &emsp;--- 16 Oct 09:25:48 795 - <b>0</b> - Page Load Wait: (Sync) - ICar.support.Utils.waitForPageLoad(Utils.java:109)</small> </font> </div>
<div class="test-message">&emsp;Close the tab</div>
<div class="test-event"> <font color="maroon"> <small> &emsp; &emsp;--- 16 Oct 09:25:54 472 - Page URL:: https://i-car--staging.sandbox.lightning.force.com/lightning/o/account/list?filtername=accounts</small> </font> </div>
<div class="test-event"> <font color="maroon"> <small> &emsp; &emsp;--- 16 Oct 09:25:54 472 - <b>0</b> - Page Load Wait: (Sync) - ICar.support.Utils.waitForPageLoad(Utils.java:109)</small> </font> </div>
<div class="test-event"> <font color="maroon"> <small> &emsp; &emsp;--- 16 Oct 09:25:54 517 - Element is displayed:: [[ChromeDriver: chrome on WINDOWS (11198d974d9f525842ef513472eae6a9)] -> css selector: button[class*='search-button']]</small> </font> </div>
<div class="test-event"> <font color="maroon"> <small> &emsp; &emsp;--- 16 Oct 09:25:56 652 - Catched spinner load exception due to Expected condition failed: waiting for ICar.support.WaitUtils$4@714addf7 (tried for 2 second(s) with 500 milliseconds interval)</small> </font> </div>
<div class="test-event"> <font color="maroon"> <small> &emsp; &emsp;--- 16 Oct 09:25:56 653 - <b>2</b> - Spinner Load Wait: (Sync) - ICar.support.WaitUtils.waitForSpinner(WaitUtils.java:225)</small> </font> </div>
<div class="test-event"> <font color="maroon"> <small> &emsp; &emsp;--- 16 Oct 09:25:59 730 - Element is displayed:: [[ChromeDriver: chrome on WINDOWS (11198d974d9f525842ef513472eae6a9)] -> css selector: button[class*='search-button']]</small> </font> </div>
<div class="test-event"> <font color="maroon"> <small> &emsp; &emsp;--- 16 Oct 09:26:00 371 - Page URL:: https://i-car--staging.sandbox.lightning.force.com/lightning/o/account/list?filtername=accounts</small> </font> </div>
<div class="test-event"> <font color="maroon"> <small> &emsp; &emsp;--- 16 Oct 09:26:00 371 - <b>0</b> - Page Load Wait: (Sync) - ICar.support.Utils.waitForPageLoad(Utils.java:109)</small> </font> </div>
<div class="test-event"> <font color="maroon"> <small> &emsp; &emsp;--- 16 Oct 09:26:19 836 - Catched spinner load exception due to Expected condition failed: waiting for ICar.support.WaitUtils$4@714addf7 (tried for 10 second(s) with 500 milliseconds interval)</small> </font> </div>
<div class="test-event"> <font color="maroon"> <small> &emsp; &emsp;--- 16 Oct 09:26:19 836 - <b>10</b> - Spinner Load Wait: (Sync) - ICar.support.WaitUtils.waitForSpinner(WaitUtils.java:225)</small> </font> </div>
<div class="test-event"> <font color="maroon"> <small> &emsp; &emsp;--- 16 Oct 09:26:20 392 - Page URL:: https://i-car--staging.sandbox.lightning.force.com/one/one.app#eyjjb21wb25lbnrezwyioijmb3jjzvnlyxjjadpzzwfyy2hqywdlrgvza3rvccisimf0dhjpynv0zxmionsidgvybsi6iji1oti2mjyilcjzy29wzu1hcci6eyj0exblijoive9qx1jfu1vmvfmilcjuyw1lc3bhy2uioiiilcjsywjlbci6ilrvccbszxn1bhrziiwibgfizwxqbhvyywwioijub3agumvzdwx0cyisinjlc3vsdhndbxaioijmb3jjzvnlyxjjadpwcmvkawn0zwrszxn1bhrzin0simnvbnrlehqionsirklmvevsuyi6e30sinnlyxjjafnvdxjjzsi6ikftu0ltvefovf9esufmt0cilcjkaxnhymxlsw50zw50uxvlcnkiomzhbhnllcjkaxnhymxlu3blbgxdb3jyzwn0aw9uijpmywxzzswic2vhcmnorglhbg9nu2vzc2lvbklkijoinzqzztm0njmtzgmymi0xmgqzlti0mjctnwvjzwe5ymm4y2nliiwizgvidwdjbmzvijp7imfwce5hbwuioijjq2fyx1nlcnzpy2vfq29uc29szsisimfwcfr5cguioijdb25zb2xliiwiyxbwtmftzxnwywnlijoiyyisimxvy2f0aw9uijoizm9yy2u6b2jqzwn0sg9tzurlc2t0b3ailcjzb2jqzwn0vhlwzsi6ikfjy291bnqifx0simdyb3vwswqioijeruzbvuxuin0sinn0yxrlijp7fx0%3d</small> </font> </div>
<div class="test-event"> <font color="maroon"> <small> &emsp; &emsp;--- 16 Oct 09:26:20 392 - <b>0</b> - Page Load Wait: (Sync) - ICar.support.Utils.waitForPageLoad(Utils.java:109)</small> </font> </div>
<div class="test-event"> <font color="maroon"> <small> &emsp; &emsp;--- 16 Oct 09:26:31 404 - Catched spinner load exception due to Expected condition failed: waiting for ICar.support.WaitUtils$4@714addf7 (tried for 11 second(s) with 500 milliseconds interval)</small> </font> </div>
<div class="test-event"> <font color="maroon"> <small> &emsp; &emsp;--- 16 Oct 09:26:31 405 - <b>11</b> - Spinner Load Wait: (Sync) - ICar.support.WaitUtils.waitForSpinner(WaitUtils.java:225)</small> </font> </div>
<div class="test-event"> <font color="maroon"> <small> &emsp; &emsp;--- 16 Oct 09:26:31 908 - Page URL:: https://i-car--staging.sandbox.lightning.force.com/one/one.app#eyjjb21wb25lbnrezwyioijmb3jjzvnlyxjjadpzzwfyy2hqywdlrgvza3rvccisimf0dhjpynv0zxmionsidgvybsi6iji1oti2mjyilcjzy29wzu1hcci6eyj0exblijoive9qx1jfu1vmvfmilcjuyw1lc3bhy2uioiiilcjsywjlbci6ilrvccbszxn1bhrziiwibgfizwxqbhvyywwioijub3agumvzdwx0cyisinjlc3vsdhndbxaioijmb3jjzvnlyxjjadpwcmvkawn0zwrszxn1bhrzin0simnvbnrlehqionsirklmvevsuyi6e30sinnlyxjjafnvdxjjzsi6ikftu0ltvefovf9esufmt0cilcjkaxnhymxlsw50zw50uxvlcnkiomzhbhnllcjkaxnhymxlu3blbgxdb3jyzwn0aw9uijpmywxzzswic2vhcmnorglhbg9nu2vzc2lvbklkijoinzqzztm0njmtzgmymi0xmgqzlti0mjctnwvjzwe5ymm4y2nliiwizgvidwdjbmzvijp7imfwce5hbwuioijjq2fyx1nlcnzpy2vfq29uc29szsisimfwcfr5cguioijdb25zb2xliiwiyxbwtmftzxnwywnlijoiyyisimxvy2f0aw9uijoizm9yy2u6b2jqzwn0sg9tzurlc2t0b3ailcjzb2jqzwn0vhlwzsi6ikfjy291bnqifx0simdyb3vwswqioijeruzbvuxuin0sinn0yxrlijp7fx0%3d</small> </font> </div>
<div class="test-event"> <font color="maroon"> <small> &emsp; &emsp;--- 16 Oct 09:26:31 908 - <b>0</b> - Page Load Wait: (Sync) - ICar.support.Utils.waitForPageLoad(Utils.java:109)</small> </font> </div>
<div class="test-event"> <font color="maroon"> <small> &emsp; &emsp;--- 16 Oct 09:26:31 976 - Element is displayed:: [[ChromeDriver: chrome on WINDOWS (11198d974d9f525842ef513472eae6a9)] -> xpath: //a[@title='Top Results']//span[text()='Top Results']]</small> </font> </div>
<div class="test-event"> <font color="maroon"> <small> &emsp; &emsp;--- 16 Oct 09:26:32 375 - Page URL:: https://i-car--staging.sandbox.lightning.force.com/one/one.app#eyjjb21wb25lbnrezwyioijmb3jjzvnlyxjjadpzzwfyy2hqywdlrgvza3rvccisimf0dhjpynv0zxmionsidgvybsi6iji1oti2mjyilcjzy29wzu1hcci6eyj0exblijoive9qx1jfu1vmvfmilcjuyw1lc3bhy2uioiiilcjsywjlbci6ilrvccbszxn1bhrziiwibgfizwxqbhvyywwioijub3agumvzdwx0cyisinjlc3vsdhndbxaioijmb3jjzvnlyxjjadpwcmvkawn0zwrszxn1bhrzin0simnvbnrlehqionsirklmvevsuyi6e30sinnlyxjjafnvdxjjzsi6ikftu0ltvefovf9esufmt0cilcjkaxnhymxlsw50zw50uxvlcnkiomzhbhnllcjkaxnhymxlu3blbgxdb3jyzwn0aw9uijpmywxzzswic2vhcmnorglhbg9nu2vzc2lvbklkijoinzqzztm0njmtzgmymi0xmgqzlti0mjctnwvjzwe5ymm4y2nliiwizgvidwdjbmzvijp7imfwce5hbwuioijjq2fyx1nlcnzpy2vfq29uc29szsisimfwcfr5cguioijdb25zb2xliiwiyxbwtmftzxnwywnlijoiyyisimxvy2f0aw9uijoizm9yy2u6b2jqzwn0sg9tzurlc2t0b3ailcjzb2jqzwn0vhlwzsi6ikfjy291bnqifx0simdyb3vwswqioijeruzbvuxuin0sinn0yxrlijp7fx0%3d</small> </font> </div>
<div class="test-event"> <font color="maroon"> <small> &emsp; &emsp;--- 16 Oct 09:26:32 375 - <b>0</b> - Page Load Wait: (Sync) - ICar.support.Utils.waitForPageLoad(Utils.java:109)</small> </font> </div>
<div class="test-event"> <font color="maroon"> <small> &emsp; &emsp;--- 16 Oct 09:26:37 783 - Catched spinner load exception due to Expected condition failed: waiting for ICar.support.WaitUtils$4@714addf7 (tried for 5 second(s) with 500 milliseconds interval)</small> </font> </div>
<div class="test-event"> <font color="maroon"> <small> &emsp; &emsp;--- 16 Oct 09:26:37 783 - <b>5</b> - Spinner Load Wait: (Sync) - ICar.support.WaitUtils.waitForSpinner(WaitUtils.java:225)</small> </font> </div>
<div class="test-event"> <font color="maroon"> <small> &emsp; &emsp;--- 16 Oct 09:26:38 267 - Page URL:: https://i-car--staging.sandbox.lightning.force.com/one/one.app#eyjjb21wb25lbnrezwyioijmb3jjzvnlyxjjadpzzwfyy2hqywdlrgvza3rvccisimf0dhjpynv0zxmionsidgvybsi6iji1oti2mjyilcjzy29wzu1hcci6eyj0exblijoive9qx1jfu1vmvfmilcjuyw1lc3bhy2uioiiilcjsywjlbci6ilrvccbszxn1bhrziiwibgfizwxqbhvyywwioijub3agumvzdwx0cyisinjlc3vsdhndbxaioijmb3jjzvnlyxjjadpwcmvkawn0zwrszxn1bhrzin0simnvbnrlehqionsirklmvevsuyi6e30sinnlyxjjafnvdxjjzsi6ikftu0ltvefovf9esufmt0cilcjkaxnhymxlsw50zw50uxvlcnkiomzhbhnllcjkaxnhymxlu3blbgxdb3jyzwn0aw9uijpmywxzzswic2vhcmnorglhbg9nu2vzc2lvbklkijoinzqzztm0njmtzgmymi0xmgqzlti0mjctnwvjzwe5ymm4y2nliiwizgvidwdjbmzvijp7imfwce5hbwuioijjq2fyx1nlcnzpy2vfq29uc29szsisimfwcfr5cguioijdb25zb2xliiwiyxbwtmftzxnwywnlijoiyyisimxvy2f0aw9uijoizm9yy2u6b2jqzwn0sg9tzurlc2t0b3ailcjzb2jqzwn0vhlwzsi6ikfjy291bnqifx0simdyb3vwswqioijeruzbvuxuin0sinn0yxrlijp7fx0%3d</small> </font> </div>
<div class="test-event"> <font color="maroon"> <small> &emsp; &emsp;--- 16 Oct 09:26:38 267 - <b>0</b> - Page Load Wait: (Sync) - ICar.support.Utils.waitForPageLoad(Utils.java:109)</small> </font> </div>
<div class="test-event"> <font color="maroon"> <small> &emsp; &emsp;--- 16 Oct 09:26:38 786 - Page URL:: https://i-car--staging.sandbox.lightning.force.com/one/one.app#eyjjb21wb25lbnrezwyioijmb3jjzvnlyxjjadpzzwfyy2hqywdlrgvza3rvccisimf0dhjpynv0zxmionsidgvybsi6iji1oti2mjyilcjzy29wzu1hcci6eyj0exblijoive9qx1jfu1vmvfmilcjuyw1lc3bhy2uioiiilcjsywjlbci6ilrvccbszxn1bhrziiwibgfizwxqbhvyywwioijub3agumvzdwx0cyisinjlc3vsdhndbxaioijmb3jjzvnlyxjjadpwcmvkawn0zwrszxn1bhrzin0simnvbnrlehqionsirklmvevsuyi6e30sinnlyxjjafnvdxjjzsi6ikftu0ltvefovf9esufmt0cilcjkaxnhymxlsw50zw50uxvlcnkiomzhbhnllcjkaxnhymxlu3blbgxdb3jyzwn0aw9uijpmywxzzswic2vhcmnorglhbg9nu2vzc2lvbklkijoinzqzztm0njmtzgmymi0xmgqzlti0mjctnwvjzwe5ymm4y2nliiwizgvidwdjbmzvijp7imfwce5hbwuioijjq2fyx1nlcnzpy2vfq29uc29szsisimfwcfr5cguioijdb25zb2xliiwiyxbwtmftzxnwywnlijoiyyisimxvy2f0aw9uijoizm9yy2u6b2jqzwn0sg9tzurlc2t0b3ailcjzb2jqzwn0vhlwzsi6ikfjy291bnqifx0simdyb3vwswqioijeruzbvuxuin0sinn0yxrlijp7fx0%3d</small> </font> </div>
<div class="test-event"> <font color="maroon"> <small> &emsp; &emsp;--- 16 Oct 09:26:38 786 - <b>0</b> - Page Load Wait: (Sync) - ICar.support.Utils.waitForPageLoad(Utils.java:109)</small> </font> </div>
<div class="test-event"> <font color="maroon"> <small> &emsp; &emsp;--- 16 Oct 09:26:39 265 - Page URL:: https://i-car--staging.sandbox.lightning.force.com/one/one.app#eyjjb21wb25lbnrezwyioijmb3jjzvnlyxjjadpzzwfyy2hqywdlrgvza3rvccisimf0dhjpynv0zxmionsidgvybsi6iji1oti2mjyilcjzy29wzu1hcci6eyj0exblijoive9qx1jfu1vmvfmilcjuyw1lc3bhy2uioiiilcjsywjlbci6ilrvccbszxn1bhrziiwibgfizwxqbhvyywwioijub3agumvzdwx0cyisinjlc3vsdhndbxaioijmb3jjzvnlyxjjadpwcmvkawn0zwrszxn1bhrzin0simnvbnrlehqionsirklmvevsuyi6e30sinnlyxjjafnvdxjjzsi6ikftu0ltvefovf9esufmt0cilcjkaxnhymxlsw50zw50uxvlcnkiomzhbhnllcjkaxnhymxlu3blbgxdb3jyzwn0aw9uijpmywxzzswic2vhcmnorglhbg9nu2vzc2lvbklkijoinzqzztm0njmtzgmymi0xmgqzlti0mjctnwvjzwe5ymm4y2nliiwizgvidwdjbmzvijp7imfwce5hbwuioijjq2fyx1nlcnzpy2vfq29uc29szsisimfwcfr5cguioijdb25zb2xliiwiyxbwtmftzxnwywnlijoiyyisimxvy2f0aw9uijoizm9yy2u6b2jqzwn0sg9tzurlc2t0b3ailcjzb2jqzwn0vhlwzsi6ikfjy291bnqifx0simdyb3vwswqioijeruzbvuxuin0sinn0yxrlijp7fx0%3d</small> </font> </div>
<div class="test-event"> <font color="maroon"> <small> &emsp; &emsp;--- 16 Oct 09:26:39 265 - <b>0</b> - Page Load Wait: (Sync) - ICar.support.Utils.waitForPageLoad(Utils.java:109)</small> </font> </div>
<div class="test-event"> <font color="maroon"> <small> &emsp; &emsp;--- 16 Oct 09:26:47 782 - Catched spinner load exception due to Expected condition failed: waiting for ICar.support.WaitUtils$4@714addf7 (tried for 8 second(s) with 500 milliseconds interval)</small> </font> </div>
<div class="test-event"> <font color="maroon"> <small> &emsp; &emsp;--- 16 Oct 09:26:47 782 - <b>8</b> - Spinner Load Wait: (Sync) - ICar.support.WaitUtils.waitForSpinner(WaitUtils.java:225)</small> </font> </div>
<div class="test-event"> <font color="maroon"> <small> &emsp; &emsp;--- 16 Oct 09:26:48 322 - Page URL:: https://i-car--staging.sandbox.lightning.force.com/one/one.app#eyjjb21wb25lbnrezwyioijmb3jjzvnlyxjjadpzzwfyy2hqywdlrgvza3rvccisimf0dhjpynv0zxmionsidgvybsi6iji1oti2mjyilcjzy29wzu1hcci6eyj0exblijoive9qx1jfu1vmvfmilcjuyw1lc3bhy2uioiiilcjsywjlbci6ilrvccbszxn1bhrziiwibgfizwxqbhvyywwioijub3agumvzdwx0cyisinjlc3vsdhndbxaioijmb3jjzvnlyxjjadpwcmvkawn0zwrszxn1bhrzin0simnvbnrlehqionsirklmvevsuyi6e30sinnlyxjjafnvdxjjzsi6ikftu0ltvefovf9esufmt0cilcjkaxnhymxlsw50zw50uxvlcnkiomzhbhnllcjkaxnhymxlu3blbgxdb3jyzwn0aw9uijpmywxzzswic2vhcmnorglhbg9nu2vzc2lvbklkijoinzqzztm0njmtzgmymi0xmgqzlti0mjctnwvjzwe5ymm4y2nliiwizgvidwdjbmzvijp7imfwce5hbwuioijjq2fyx1nlcnzpy2vfq29uc29szsisimfwcfr5cguioijdb25zb2xliiwiyxbwtmftzxnwywnlijoiyyisimxvy2f0aw9uijoizm9yy2u6b2jqzwn0sg9tzurlc2t0b3ailcjzb2jqzwn0vhlwzsi6ikfjy291bnqifx0simdyb3vwswqioijeruzbvuxuin0sinn0yxrlijp7fx0%3d</small> </font> </div>
<div class="test-event"> <font color="maroon"> <small> &emsp; &emsp;--- 16 Oct 09:26:48 323 - <b>0</b> - Page Load Wait: (Sync) - ICar.support.Utils.waitForPageLoad(Utils.java:109)</small> </font> </div>
<div class="test-event"> <font color="maroon"> <small> &emsp; &emsp;--- 16 Oct 09:26:50 445 - Element is displayed:: [[ChromeDriver: chrome on WINDOWS (11198d974d9f525842ef513472eae6a9)] -> xpath: //div[contains(@class,'forceSearchResultsRegion')]//div[contains(@class,'resultsMultiWrapper')]/div/div[1]//following::h2//a]</small> </font> </div>
<div class="test-event"> <font color="maroon"> <small> &emsp; &emsp;--- 16 Oct 09:26:50 670 - Element is displayed:: [[ChromeDriver: chrome on WINDOWS (11198d974d9f525842ef513472eae6a9)] -> xpath: //a[text()='Contacts']]</small> </font> </div>
<div class="test-event"> <font color="maroon"> <small> &emsp; &emsp;--- 16 Oct 09:26:54 706 - Element is displayed:: [[ChromeDriver: chrome on WINDOWS (11198d974d9f525842ef513472eae6a9)] -> xpath: //div[text()='Contacts']//following :: table//tbody//th//span /a]</small> </font> </div>
<div class="test-event"> <font color="maroon"> <small> &emsp; &emsp;--- 16 Oct 09:26:55 247 - Page URL:: https://i-car--staging.sandbox.lightning.force.com/one/one.app#eyjjb21wb25lbnrezwyioijmb3jjzvnlyxjjadpzzwfyy2hqywdlrgvza3rvccisimf0dhjpynv0zxmionsidgvybsi6iji1oti2mjyilcjzy29wzu1hcci6eyj0exblijoive9qx1jfu1vmvfmilcjuyw1lc3bhy2uioiiilcjsywjlbci6ilrvccbszxn1bhrziiwibgfizwxqbhvyywwioijub3agumvzdwx0cyisinjlc3vsdhndbxaioijmb3jjzvnlyxjjadpwcmvkawn0zwrszxn1bhrzin0simnvbnrlehqionsirklmvevsuyi6e30sinnlyxjjafnvdxjjzsi6ikftu0ltvefovf9esufmt0cilcjkaxnhymxlsw50zw50uxvlcnkiomzhbhnllcjkaxnhymxlu3blbgxdb3jyzwn0aw9uijpmywxzzswic2vhcmnorglhbg9nu2vzc2lvbklkijoinzqzztm0njmtzgmymi0xmgqzlti0mjctnwvjzwe5ymm4y2nliiwizgvidwdjbmzvijp7imfwce5hbwuioijjq2fyx1nlcnzpy2vfq29uc29szsisimfwcfr5cguioijdb25zb2xliiwiyxbwtmftzxnwywnlijoiyyisimxvy2f0aw9uijoizm9yy2u6b2jqzwn0sg9tzurlc2t0b3ailcjzb2jqzwn0vhlwzsi6ikfjy291bnqifx0simdyb3vwswqioijeruzbvuxuin0sinn0yxrlijp7fx0%3d</small> </font> </div>
<div class="test-event"> <font color="maroon"> <small> &emsp; &emsp;--- 16 Oct 09:26:55 247 - <b>0</b> - Page Load Wait: (Sync) - ICar.support.Utils.waitForPageLoad(Utils.java:109)</small> </font> </div>
<div class="test-event"> <font color="maroon"> <small> &emsp; &emsp;--- 16 Oct 09:27:10 387 - Catched spinner load exception due to Expected condition failed: waiting for ICar.support.WaitUtils$4@714addf7 (tried for 15 second(s) with 500 milliseconds interval)</small> </font> </div>
<div class="test-event"> <font color="maroon"> <small> &emsp; &emsp;--- 16 Oct 09:27:10 387 - <b>15</b> - Spinner Load Wait: (Sync) - ICar.support.WaitUtils.waitForSpinner(WaitUtils.java:225)</small> </font> </div>
<div class="test-event"> <font color="maroon"> <small> &emsp; &emsp;--- 16 Oct 09:27:11 028 - Page URL:: https://i-car--staging.sandbox.lightning.force.com/lightning/r/contact/0031i00000oeshzqaa/view</small> </font> </div>
<div class="test-event"> <font color="maroon"> <small> &emsp; &emsp;--- 16 Oct 09:27:11 029 - <b>0</b> - Page Load Wait: (Sync) - ICar.support.Utils.waitForPageLoad(Utils.java:109)</small> </font> </div>
<div class="test-event"> <font color="maroon"> <small> &emsp; &emsp;--- 16 Oct 09:27:19 389 - Catched spinner load exception due to Expected condition failed: waiting for ICar.support.WaitUtils$4@714addf7 (tried for 8 second(s) with 500 milliseconds interval)</small> </font> </div>
<div class="test-event"> <font color="maroon"> <small> &emsp; &emsp;--- 16 Oct 09:27:19 389 - <b>8</b> - Spinner Load Wait: (Sync) - ICar.support.WaitUtils.waitForSpinner(WaitUtils.java:225)</small> </font> </div>
<div class="test-event"> <font color="maroon"> <small> &emsp; &emsp;--- 16 Oct 09:27:20 146 - Page URL:: https://i-car--staging.sandbox.lightning.force.com/lightning/r/contact/0031i00000oeshzqaa/view</small> </font> </div>
<div class="test-event"> <font color="maroon"> <small> &emsp; &emsp;--- 16 Oct 09:27:20 146 - <b>0</b> - Page Load Wait: (Sync) - ICar.support.Utils.waitForPageLoad(Utils.java:109)</small> </font> </div>
<div class="test-event"> <font color="maroon"> <small> &emsp; &emsp;--- 16 Oct 09:27:23 028 - Page URL:: https://i-car--staging.sandbox.lightning.force.com/lightning/r/contact/0031i00000oeshzqaa/view</small> </font> </div>
<div class="test-event"> <font color="maroon"> <small> &emsp; &emsp;--- 16 Oct 09:27:23 028 - <b>0</b> - Page Load Wait: (Sync) - ICar.support.Utils.waitForPageLoad(Utils.java:109)</small> </font> </div>
<div class="test-event"> <font color="maroon"> <small> &emsp; &emsp;--- 16 Oct 09:27:25 874 - Page URL:: https://i-car--staging.sandbox.lightning.force.com/lightning/r/contact/0031i00000oeshzqaa/view</small> </font> </div>
<div class="test-event"> <font color="maroon"> <small> &emsp; &emsp;--- 16 Oct 09:27:25 874 - <b>0</b> - Page Load Wait: (Sync) - ICar.support.Utils.waitForPageLoad(Utils.java:109)</small> </font> </div>
<div class="test-event"> <font color="maroon"> <small> &emsp; &emsp;--- 16 Oct 09:27:40 980 - Catched spinner load exception due to Expected condition failed: waiting for ICar.support.WaitUtils$4@714addf7 (tried for 15 second(s) with 500 milliseconds interval)</small> </font> </div>
<div class="test-event"> <font color="maroon"> <small> &emsp; &emsp;--- 16 Oct 09:27:40 980 - <b>15</b> - Spinner Load Wait: (Sync) - ICar.support.WaitUtils.waitForSpinner(WaitUtils.java:225)</small> </font> </div>
<div class="test-event"> <font color="maroon"> <small> &emsp; &emsp;--- 16 Oct 09:27:41 770 - Page URL:: https://i-car--staging.sandbox.lightning.force.com/lightning/r/contact/0031i00000oeshzqaa/view</small> </font> </div>
<div class="test-event"> <font color="maroon"> <small> &emsp; &emsp;--- 16 Oct 09:27:41 770 - <b>0</b> - Page Load Wait: (Sync) - ICar.support.Utils.waitForPageLoad(Utils.java:109)</small> </font> </div>
<div class="test-event"> <font color="maroon"> <small> &emsp; &emsp;--- 16 Oct 09:27:41 831 - Element is displayed:: [[ChromeDriver: chrome on WINDOWS (11198d974d9f525842ef513472eae6a9)] -> xpath: //h2[@class='slds-card__header-title']/a/span[1]]</small> </font> </div>
<div class="test-event"> <font color="maroon"> <small> &emsp; &emsp;--- 16 Oct 09:27:43 194 - Page URL:: https://i-car--staging.sandbox.lightning.force.com/lightning/r/contact/0031i00000oeshzqaa/related/enrollment_contact__r/view?ws=%2flightning%2fr%2fcontact%2f0031i00000oeshzqaa%2fview</small> </font> </div>
<div class="test-event"> <font color="maroon"> <small> &emsp; &emsp;--- 16 Oct 09:27:43 194 - <b>1</b> - Page Load Wait: (Sync) - ICar.support.Utils.waitForPageLoad(Utils.java:109)</small> </font> </div>
<div class="test-event"> <font color="maroon"> <small> &emsp; &emsp;--- 16 Oct 09:27:58 330 - Catched spinner load exception due to Expected condition failed: waiting for ICar.support.WaitUtils$4@714addf7 (tried for 15 second(s) with 500 milliseconds interval)</small> </font> </div>
<div class="test-event"> <font color="maroon"> <small> &emsp; &emsp;--- 16 Oct 09:27:58 330 - <b>15</b> - Spinner Load Wait: (Sync) - ICar.support.WaitUtils.waitForSpinner(WaitUtils.java:225)</small> </font> </div>
<div class="test-event"> <font color="maroon"> <small> &emsp; &emsp;--- 16 Oct 09:27:59 492 - Page URL:: https://i-car--staging.sandbox.lightning.force.com/lightning/r/contact/0031i00000oeshzqaa/related/enrollment_contact__r/view?ws=%2flightning%2fr%2fcontact%2f0031i00000oeshzqaa%2fview</small> </font> </div>
<div class="test-event"> <font color="maroon"> <small> &emsp; &emsp;--- 16 Oct 09:27:59 492 - <b>1</b> - Page Load Wait: (Sync) - ICar.support.Utils.waitForPageLoad(Utils.java:109)</small> </font> </div>
<div class="test-event"> <font color="maroon"> <small> &emsp; &emsp;--- 16 Oct 09:28:09 924 - Catched spinner load exception due to Expected condition failed: waiting for ICar.support.WaitUtils$4@714addf7 (tried for 10 second(s) with 500 milliseconds interval)</small> </font> </div>
<div class="test-event"> <font color="maroon"> <small> &emsp; &emsp;--- 16 Oct 09:28:09 924 - <b>10</b> - Spinner Load Wait: (Sync) - ICar.support.WaitUtils.waitForSpinner(WaitUtils.java:225)</small> </font> </div>
<div class="test-event"> <font color="maroon"> <small> &emsp; &emsp;--- 16 Oct 09:28:11 076 - Page URL:: https://i-car--staging.sandbox.lightning.force.com/lightning/r/contact/0031i00000oeshzqaa/related/enrollment_contact__r/view?ws=%2flightning%2fr%2fcontact%2f0031i00000oeshzqaa%2fview</small> </font> </div>
<div class="test-event"> <font color="maroon"> <small> &emsp; &emsp;--- 16 Oct 09:28:11 077 - <b>1</b> - Page Load Wait: (Sync) - ICar.support.Utils.waitForPageLoad(Utils.java:109)</small> </font> </div>
<div class="test-event"> <font color="maroon"> <small> &emsp; &emsp;--- 16 Oct 09:28:11 113 - Element is displayed:: [[ChromeDriver: chrome on WINDOWS (11198d974d9f525842ef513472eae6a9)] -> xpath: //h1[@title='LMS Course Enrollments (Contact)']//following::table/tbody//td//button]</small> </font> </div>
<div class="test-event"> <font color="maroon"> <small> &emsp; &emsp;--- 16 Oct 09:28:11 217 - Element is displayed:: [[ChromeDriver: chrome on WINDOWS (11198d974d9f525842ef513472eae6a9)] -> xpath: //h1[@title='LMS Course Enrollments (Contact)']//following::table/tbody//td//button]</small> </font> </div>
<div class="test-event"> <font color="maroon"> <small> &emsp; &emsp;--- 16 Oct 09:28:13 369 - Page URL:: https://i-car--staging.sandbox.lightning.force.com/lightning/r/contact/0031i00000oeshzqaa/related/enrollment_contact__r/view?ws=%2flightning%2fr%2fcontact%2f0031i00000oeshzqaa%2fview</small> </font> </div>
<div class="test-event"> <font color="maroon"> <small> &emsp; &emsp;--- 16 Oct 09:28:13 369 - <b>1</b> - Page Load Wait: (Sync) - ICar.support.Utils.waitForPageLoad(Utils.java:109)</small> </font> </div>
<div class="test-event"> <font color="maroon"> <small> &emsp; &emsp;--- 16 Oct 09:28:19 516 - Page URL:: https://i-car--staging.sandbox.lightning.force.com/lightning/r/contact/0031i00000oeshzqaa/related/enrollment_contact__r/view?ws=%2flightning%2fr%2fcontact%2f0031i00000oeshzqaa%2fview</small> </font> </div>
<div class="test-event"> <font color="maroon"> <small> &emsp; &emsp;--- 16 Oct 09:28:19 516 - <b>1</b> - Page Load Wait: (Sync) - ICar.support.Utils.waitForPageLoad(Utils.java:109)</small> </font> </div>
<div class="test-event"> <font color="maroon"> <small> &emsp; &emsp;--- 16 Oct 09:28:25 059 - Page URL:: https://i-car--staging.sandbox.lightning.force.com/lightning/r/contact/0031i00000oeshzqaa/related/enrollment_contact__r/view?ws=%2flightning%2fr%2fcontact%2f0031i00000oeshzqaa%2fview</small> </font> </div>
<div class="test-event"> <font color="maroon"> <small> &emsp; &emsp;--- 16 Oct 09:28:25 060 - <b>1</b> - Page Load Wait: (Sync) - ICar.support.Utils.waitForPageLoad(Utils.java:109)</small> </font> </div>
<div class="test-event"> <font color="maroon"> <small> &emsp; &emsp;--- 16 Oct 09:28:30 611 - Page URL:: https://i-car--staging.sandbox.lightning.force.com/lightning/o/account/list?filtername=accounts</small> </font> </div>
<div class="test-event"> <font color="maroon"> <small> &emsp; &emsp;--- 16 Oct 09:28:30 611 - <b>0</b> - Page Load Wait: (Sync) - ICar.support.Utils.waitForPageLoad(Utils.java:109)</small> </font> </div>
<div class="test-message">&emsp;Close the tab</div>
<div class="test-event"> <font color="maroon"> <small> &emsp; &emsp;--- 16 Oct 09:28:36 060 - Page URL:: https://i-car--staging.sandbox.lightning.force.com/lightning/o/account/list?filtername=accounts</small> </font> </div>
<div class="test-event"> <font color="maroon"> <small> &emsp; &emsp;--- 16 Oct 09:28:36 060 - <b>0</b> - Page Load Wait: (Sync) - ICar.support.Utils.waitForPageLoad(Utils.java:109)</small> </font> </div>
<div class="test-event"> <font color="maroon"> <small> &emsp; &emsp;--- 16 Oct 09:28:36 207 - Element is displayed:: [[ChromeDriver: chrome on WINDOWS (11198d974d9f525842ef513472eae6a9)] -> css selector: button[class*='search-button']]</small> </font> </div>
<div class="test-event"> <font color="maroon"> <small> &emsp; &emsp;--- 16 Oct 09:28:38 321 - Catched spinner load exception due to Expected condition failed: waiting for ICar.support.WaitUtils$4@714addf7 (tried for 2 second(s) with 500 milliseconds interval)</small> </font> </div>
<div class="test-event"> <font color="maroon"> <small> &emsp; &emsp;--- 16 Oct 09:28:38 321 - <b>2</b> - Spinner Load Wait: (Sync) - ICar.support.WaitUtils.waitForSpinner(WaitUtils.java:225)</small> </font> </div>
<div class="test-event"> <font color="maroon"> <small> &emsp; &emsp;--- 16 Oct 09:28:41 396 - Element is displayed:: [[ChromeDriver: chrome on WINDOWS (11198d974d9f525842ef513472eae6a9)] -> css selector: button[class*='search-button']]</small> </font> </div>
<div class="test-event"> <font color="maroon"> <small> &emsp; &emsp;--- 16 Oct 09:28:41 970 - Page URL:: https://i-car--staging.sandbox.lightning.force.com/lightning/o/account/list?filtername=accounts</small> </font> </div>
<div class="test-event"> <font color="maroon"> <small> &emsp; &emsp;--- 16 Oct 09:28:41 970 - <b>0</b> - Page Load Wait: (Sync) - ICar.support.Utils.waitForPageLoad(Utils.java:109)</small> </font> </div>
<div class="test-event"> <font color="maroon"> <small> &emsp; &emsp;--- 16 Oct 09:29:01 817 - Catched spinner load exception due to Expected condition failed: waiting for ICar.support.WaitUtils$4@714addf7 (tried for 10 second(s) with 500 milliseconds interval)</small> </font> </div>
<div class="test-event"> <font color="maroon"> <small> &emsp; &emsp;--- 16 Oct 09:29:01 818 - <b>10</b> - Spinner Load Wait: (Sync) - ICar.support.WaitUtils.waitForSpinner(WaitUtils.java:225)</small> </font> </div>
<div class="test-event"> <font color="maroon"> <small> &emsp; &emsp;--- 16 Oct 09:29:02 841 - Page URL:: https://i-car--staging.sandbox.lightning.force.com/one/one.app#eyjjb21wb25lbnrezwyioijmb3jjzvnlyxjjadpzzwfyy2hqywdlrgvza3rvccisimf0dhjpynv0zxmionsidgvybsi6iji3mtyymdailcjzy29wzu1hcci6eyj0exblijoive9qx1jfu1vmvfmilcjuyw1lc3bhy2uioiiilcjsywjlbci6ilrvccbszxn1bhrziiwibgfizwxqbhvyywwioijub3agumvzdwx0cyisinjlc3vsdhndbxaioijmb3jjzvnlyxjjadpwcmvkawn0zwrszxn1bhrzin0simnvbnrlehqionsirklmvevsuyi6e30sinnlyxjjafnvdxjjzsi6ikftu0ltvefovf9esufmt0cilcjkaxnhymxlsw50zw50uxvlcnkiomzhbhnllcjkaxnhymxlu3blbgxdb3jyzwn0aw9uijpmywxzzswic2vhcmnorglhbg9nu2vzc2lvbklkijoimjk3ywrjowityjeyni1mota4lwu1m2itntzhyzm4otm0yjhliiwizgvidwdjbmzvijp7imfwce5hbwuioijjq2fyx1nlcnzpy2vfq29uc29szsisimfwcfr5cguioijdb25zb2xliiwiyxbwtmftzxnwywnlijoiyyisimxvy2f0aw9uijoizm9yy2u6b2jqzwn0sg9tzurlc2t0b3ailcjzb2jqzwn0vhlwzsi6ikfjy291bnqifx0simdyb3vwswqioijeruzbvuxuin0sinn0yxrlijp7fx0%3d</small> </font> </div>
<div class="test-event"> <font color="maroon"> <small> &emsp; &emsp;--- 16 Oct 09:29:02 841 - <b>1</b> - Page Load Wait: (Sync) - ICar.support.Utils.waitForPageLoad(Utils.java:109)</small> </font> </div>
<div class="test-event"> <font color="maroon"> <small> &emsp; &emsp;--- 16 Oct 09:29:14 310 - Catched spinner load exception due to Expected condition failed: waiting for ICar.support.WaitUtils$4@714addf7 (tried for 11 second(s) with 500 milliseconds interval)</small> </font> </div>
<div class="test-event"> <font color="maroon"> <small> &emsp; &emsp;--- 16 Oct 09:29:14 311 - <b>11</b> - Spinner Load Wait: (Sync) - ICar.support.WaitUtils.waitForSpinner(WaitUtils.java:225)</small> </font> </div>
<div class="test-event"> <font color="maroon"> <small> &emsp; &emsp;--- 16 Oct 09:29:15 253 - Page URL:: https://i-car--staging.sandbox.lightning.force.com/one/one.app#eyjjb21wb25lbnrezwyioijmb3jjzvnlyxjjadpzzwfyy2hqywdlrgvza3rvccisimf0dhjpynv0zxmionsidgvybsi6iji3mtyymdailcjzy29wzu1hcci6eyj0exblijoive9qx1jfu1vmvfmilcjuyw1lc3bhy2uioiiilcjsywjlbci6ilrvccbszxn1bhrziiwibgfizwxqbhvyywwioijub3agumvzdwx0cyisinjlc3vsdhndbxaioijmb3jjzvnlyxjjadpwcmvkawn0zwrszxn1bhrzin0simnvbnrlehqionsirklmvevsuyi6e30sinnlyxjjafnvdxjjzsi6ikftu0ltvefovf9esufmt0cilcjkaxnhymxlsw50zw50uxvlcnkiomzhbhnllcjkaxnhymxlu3blbgxdb3jyzwn0aw9uijpmywxzzswic2vhcmnorglhbg9nu2vzc2lvbklkijoimjk3ywrjowityjeyni1mota4lwu1m2itntzhyzm4otm0yjhliiwizgvidwdjbmzvijp7imfwce5hbwuioijjq2fyx1nlcnzpy2vfq29uc29szsisimfwcfr5cguioijdb25zb2xliiwiyxbwtmftzxnwywnlijoiyyisimxvy2f0aw9uijoizm9yy2u6b2jqzwn0sg9tzurlc2t0b3ailcjzb2jqzwn0vhlwzsi6ikfjy291bnqifx0simdyb3vwswqioijeruzbvuxuin0sinn0yxrlijp7fx0%3d</small> </font> </div>
<div class="test-event"> <font color="maroon"> <small> &emsp; &emsp;--- 16 Oct 09:29:15 253 - <b>0</b> - Page Load Wait: (Sync) - ICar.support.Utils.waitForPageLoad(Utils.java:109)</small> </font> </div>
<div class="test-event"> <font color="maroon"> <small> &emsp; &emsp;--- 16 Oct 09:29:15 316 - Element is displayed:: [[ChromeDriver: chrome on WINDOWS (11198d974d9f525842ef513472eae6a9)] -> xpath: //a[@title='Top Results']//span[text()='Top Results']]</small> </font> </div>
<div class="test-event"> <font color="maroon"> <small> &emsp; &emsp;--- 16 Oct 09:29:15 777 - Page URL:: https://i-car--staging.sandbox.lightning.force.com/one/one.app#eyjjb21wb25lbnrezwyioijmb3jjzvnlyxjjadpzzwfyy2hqywdlrgvza3rvccisimf0dhjpynv0zxmionsidgvybsi6iji3mtyymdailcjzy29wzu1hcci6eyj0exblijoive9qx1jfu1vmvfmilcjuyw1lc3bhy2uioiiilcjsywjlbci6ilrvccbszxn1bhrziiwibgfizwxqbhvyywwioijub3agumvzdwx0cyisinjlc3vsdhndbxaioijmb3jjzvnlyxjjadpwcmvkawn0zwrszxn1bhrzin0simnvbnrlehqionsirklmvevsuyi6e30sinnlyxjjafnvdxjjzsi6ikftu0ltvefovf9esufmt0cilcjkaxnhymxlsw50zw50uxvlcnkiomzhbhnllcjkaxnhymxlu3blbgxdb3jyzwn0aw9uijpmywxzzswic2vhcmnorglhbg9nu2vzc2lvbklkijoimjk3ywrjowityjeyni1mota4lwu1m2itntzhyzm4otm0yjhliiwizgvidwdjbmzvijp7imfwce5hbwuioijjq2fyx1nlcnzpy2vfq29uc29szsisimfwcfr5cguioijdb25zb2xliiwiyxbwtmftzxnwywnlijoiyyisimxvy2f0aw9uijoizm9yy2u6b2jqzwn0sg9tzurlc2t0b3ailcjzb2jqzwn0vhlwzsi6ikfjy291bnqifx0simdyb3vwswqioijeruzbvuxuin0sinn0yxrlijp7fx0%3d</small> </font> </div>
<div class="test-event"> <font color="maroon"> <small> &emsp; &emsp;--- 16 Oct 09:29:15 777 - <b>0</b> - Page Load Wait: (Sync) - ICar.support.Utils.waitForPageLoad(Utils.java:109)</small> </font> </div>
<div class="test-event"> <font color="maroon"> <small> &emsp; &emsp;--- 16 Oct 09:29:20 914 - Catched spinner load exception due to Expected condition failed: waiting for ICar.support.WaitUtils$4@714addf7 (tried for 5 second(s) with 500 milliseconds interval)</small> </font> </div>
<div class="test-event"> <font color="maroon"> <small> &emsp; &emsp;--- 16 Oct 09:29:20 914 - <b>5</b> - Spinner Load Wait: (Sync) - ICar.support.WaitUtils.waitForSpinner(WaitUtils.java:225)</small> </font> </div>
<div class="test-event"> <font color="maroon"> <small> &emsp; &emsp;--- 16 Oct 09:29:21 867 - Page URL:: https://i-car--staging.sandbox.lightning.force.com/one/one.app#eyjjb21wb25lbnrezwyioijmb3jjzvnlyxjjadpzzwfyy2hqywdlrgvza3rvccisimf0dhjpynv0zxmionsidgvybsi6iji3mtyymdailcjzy29wzu1hcci6eyj0exblijoive9qx1jfu1vmvfmilcjuyw1lc3bhy2uioiiilcjsywjlbci6ilrvccbszxn1bhrziiwibgfizwxqbhvyywwioijub3agumvzdwx0cyisinjlc3vsdhndbxaioijmb3jjzvnlyxjjadpwcmvkawn0zwrszxn1bhrzin0simnvbnrlehqionsirklmvevsuyi6e30sinnlyxjjafnvdxjjzsi6ikftu0ltvefovf9esufmt0cilcjkaxnhymxlsw50zw50uxvlcnkiomzhbhnllcjkaxnhymxlu3blbgxdb3jyzwn0aw9uijpmywxzzswic2vhcmnorglhbg9nu2vzc2lvbklkijoimjk3ywrjowityjeyni1mota4lwu1m2itntzhyzm4otm0yjhliiwizgvidwdjbmzvijp7imfwce5hbwuioijjq2fyx1nlcnzpy2vfq29uc29szsisimfwcfr5cguioijdb25zb2xliiwiyxbwtmftzxnwywnlijoiyyisimxvy2f0aw9uijoizm9yy2u6b2jqzwn0sg9tzurlc2t0b3ailcjzb2jqzwn0vhlwzsi6ikfjy291bnqifx0simdyb3vwswqioijeruzbvuxuin0sinn0yxrlijp7fx0%3d</small> </font> </div>
<div class="test-event"> <font color="maroon"> <small> &emsp; &emsp;--- 16 Oct 09:29:21 868 - <b>0</b> - Page Load Wait: (Sync) - ICar.support.Utils.waitForPageLoad(Utils.java:109)</small> </font> </div>
<div class="test-event"> <font color="maroon"> <small> &emsp; &emsp;--- 16 Oct 09:29:22 757 - Page URL:: https://i-car--staging.sandbox.lightning.force.com/one/one.app#eyjjb21wb25lbnrezwyioijmb3jjzvnlyxjjadpzzwfyy2hqywdlrgvza3rvccisimf0dhjpynv0zxmionsidgvybsi6iji3mtyymdailcjzy29wzu1hcci6eyj0exblijoive9qx1jfu1vmvfmilcjuyw1lc3bhy2uioiiilcjsywjlbci6ilrvccbszxn1bhrziiwibgfizwxqbhvyywwioijub3agumvzdwx0cyisinjlc3vsdhndbxaioijmb3jjzvnlyxjjadpwcmvkawn0zwrszxn1bhrzin0simnvbnrlehqionsirklmvevsuyi6e30sinnlyxjjafnvdxjjzsi6ikftu0ltvefovf9esufmt0cilcjkaxnhymxlsw50zw50uxvlcnkiomzhbhnllcjkaxnhymxlu3blbgxdb3jyzwn0aw9uijpmywxzzswic2vhcmnorglhbg9nu2vzc2lvbklkijoimjk3ywrjowityjeyni1mota4lwu1m2itntzhyzm4otm0yjhliiwizgvidwdjbmzvijp7imfwce5hbwuioijjq2fyx1nlcnzpy2vfq29uc29szsisimfwcfr5cguioijdb25zb2xliiwiyxbwtmftzxnwywnlijoiyyisimxvy2f0aw9uijoizm9yy2u6b2jqzwn0sg9tzurlc2t0b3ailcjzb2jqzwn0vhlwzsi6ikfjy291bnqifx0simdyb3vwswqioijeruzbvuxuin0sinn0yxrlijp7fx0%3d</small> </font> </div>
<div class="test-event"> <font color="maroon"> <small> &emsp; &emsp;--- 16 Oct 09:29:22 757 - <b>0</b> - Page Load Wait: (Sync) - ICar.support.Utils.waitForPageLoad(Utils.java:109)</small> </font> </div>
<div class="test-event"> <font color="maroon"> <small> &emsp; &emsp;--- 16 Oct 09:29:23 647 - Page URL:: https://i-car--staging.sandbox.lightning.force.com/one/one.app#eyjjb21wb25lbnrezwyioijmb3jjzvnlyxjjadpzzwfyy2hqywdlrgvza3rvccisimf0dhjpynv0zxmionsidgvybsi6iji3mtyymdailcjzy29wzu1hcci6eyj0exblijoive9qx1jfu1vmvfmilcjuyw1lc3bhy2uioiiilcjsywjlbci6ilrvccbszxn1bhrziiwibgfizwxqbhvyywwioijub3agumvzdwx0cyisinjlc3vsdhndbxaioijmb3jjzvnlyxjjadpwcmvkawn0zwrszxn1bhrzin0simnvbnrlehqionsirklmvevsuyi6e30sinnlyxjjafnvdxjjzsi6ikftu0ltvefovf9esufmt0cilcjkaxnhymxlsw50zw50uxvlcnkiomzhbhnllcjkaxnhymxlu3blbgxdb3jyzwn0aw9uijpmywxzzswic2vhcmnorglhbg9nu2vzc2lvbklkijoimjk3ywrjowityjeyni1mota4lwu1m2itntzhyzm4otm0yjhliiwizgvidwdjbmzvijp7imfwce5hbwuioijjq2fyx1nlcnzpy2vfq29uc29szsisimfwcfr5cguioijdb25zb2xliiwiyxbwtmftzxnwywnlijoiyyisimxvy2f0aw9uijoizm9yy2u6b2jqzwn0sg9tzurlc2t0b3ailcjzb2jqzwn0vhlwzsi6ikfjy291bnqifx0simdyb3vwswqioijeruzbvuxuin0sinn0yxrlijp7fx0%3d</small> </font> </div>
<div class="test-event"> <font color="maroon"> <small> &emsp; &emsp;--- 16 Oct 09:29:23 647 - <b>0</b> - Page Load Wait: (Sync) - ICar.support.Utils.waitForPageLoad(Utils.java:109)</small> </font> </div>
<div class="test-event"> <font color="maroon"> <small> &emsp; &emsp;--- 16 Oct 09:29:32 033 - Catched spinner load exception due to Expected condition failed: waiting for ICar.support.WaitUtils$4@714addf7 (tried for 8 second(s) with 500 milliseconds interval)</small> </font> </div>
<div class="test-event"> <font color="maroon"> <small> &emsp; &emsp;--- 16 Oct 09:29:32 033 - <b>8</b> - Spinner Load Wait: (Sync) - ICar.support.WaitUtils.waitForSpinner(WaitUtils.java:225)</small> </font> </div>
<div class="test-event"> <font color="maroon"> <small> &emsp; &emsp;--- 16 Oct 09:29:33 036 - Page URL:: https://i-car--staging.sandbox.lightning.force.com/one/one.app#eyjjb21wb25lbnrezwyioijmb3jjzvnlyxjjadpzzwfyy2hqywdlrgvza3rvccisimf0dhjpynv0zxmionsidgvybsi6iji3mtyymdailcjzy29wzu1hcci6eyj0exblijoive9qx1jfu1vmvfmilcjuyw1lc3bhy2uioiiilcjsywjlbci6ilrvccbszxn1bhrziiwibgfizwxqbhvyywwioijub3agumvzdwx0cyisinjlc3vsdhndbxaioijmb3jjzvnlyxjjadpwcmvkawn0zwrszxn1bhrzin0simnvbnrlehqionsirklmvevsuyi6e30sinnlyxjjafnvdxjjzsi6ikftu0ltvefovf9esufmt0cilcjkaxnhymxlsw50zw50uxvlcnkiomzhbhnllcjkaxnhymxlu3blbgxdb3jyzwn0aw9uijpmywxzzswic2vhcmnorglhbg9nu2vzc2lvbklkijoimjk3ywrjowityjeyni1mota4lwu1m2itntzhyzm4otm0yjhliiwizgvidwdjbmzvijp7imfwce5hbwuioijjq2fyx1nlcnzpy2vfq29uc29szsisimfwcfr5cguioijdb25zb2xliiwiyxbwtmftzxnwywnlijoiyyisimxvy2f0aw9uijoizm9yy2u6b2jqzwn0sg9tzurlc2t0b3ailcjzb2jqzwn0vhlwzsi6ikfjy291bnqifx0simdyb3vwswqioijeruzbvuxuin0sinn0yxrlijp7fx0%3d</small> </font> </div>
<div class="test-event"> <font color="maroon"> <small> &emsp; &emsp;--- 16 Oct 09:29:33 036 - <b>1</b> - Page Load Wait: (Sync) - ICar.support.Utils.waitForPageLoad(Utils.java:109)</small> </font> </div>
<div class="test-event"> <font color="maroon"> <small> &emsp; &emsp;--- 16 Oct 09:29:35 210 - Element is displayed:: [[ChromeDriver: chrome on WINDOWS (11198d974d9f525842ef513472eae6a9)] -> xpath: //div[contains(@class,'forceSearchResultsRegion')]//div[contains(@class,'resultsMultiWrapper')]/div/div[1]//following::h2//a]</small> </font> </div>
<div class="test-event"> <font color="maroon"> <small> &emsp; &emsp;--- 16 Oct 09:29:35 595 - Element is displayed:: [[ChromeDriver: chrome on WINDOWS (11198d974d9f525842ef513472eae6a9)] -> xpath: //a[text()='Contacts']]</small> </font> </div>
<div class="test-event"> <font color="maroon"> <small> &emsp; &emsp;--- 16 Oct 09:29:39 631 - Element is displayed:: [[ChromeDriver: chrome on WINDOWS (11198d974d9f525842ef513472eae6a9)] -> xpath: //div[text()='Contacts']//following :: table//tbody//th//span /a]</small> </font> </div>
<div class="test-message">&emsp;Navigated to Community portal using Access shopping cart </div>
<div class="test-event"> <font color="maroon"> <small> &emsp; &emsp;--- 16 Oct 09:29:55 293 - Catched spinner load exception due to Expected condition failed: waiting for ICar.support.WaitUtils$4@714addf7 (tried for 15 second(s) with 500 milliseconds interval)</small> </font> </div>
<div class="test-event"> <font color="maroon"> <small> &emsp; &emsp;--- 16 Oct 09:29:55 294 - <b>15</b> - Spinner Load Wait: (Sync) - ICar.support.WaitUtils.waitForSpinner(WaitUtils.java:225)</small> </font> </div>
<div class="test-event"> <font color="maroon"> <small> &emsp; &emsp;--- 16 Oct 09:29:55 961 - Page URL:: https://i-car--staging.sandbox.lightning.force.com/lightning/r/contact/0031i00000oejqtqaa/view</small> </font> </div>
<div class="test-event"> <font color="maroon"> <small> &emsp; &emsp;--- 16 Oct 09:29:55 961 - <b>0</b> - Page Load Wait: (Sync) - ICar.support.Utils.waitForPageLoad(Utils.java:109)</small> </font> </div>
<div class="test-event"> <font color="maroon"> <small> &emsp; &emsp;--- 16 Oct 09:30:11 095 - Catched spinner load exception due to Expected condition failed: waiting for ICar.support.WaitUtils$4@714addf7 (tried for 15 second(s) with 500 milliseconds interval)</small> </font> </div>
<div class="test-event"> <font color="maroon"> <small> &emsp; &emsp;--- 16 Oct 09:30:11 095 - <b>15</b> - Spinner Load Wait: (Sync) - ICar.support.WaitUtils.waitForSpinner(WaitUtils.java:225)</small> </font> </div>
<div class="test-event"> <font color="maroon"> <small> &emsp; &emsp;--- 16 Oct 09:30:11 182 - Element is displayed:: [[ChromeDriver: chrome on WINDOWS (11198d974d9f525842ef513472eae6a9)] -> xpath: //button[text()='Access Shopping Cart - New']]</small> </font> </div>
<div class="test-event"> <font color="maroon"> <small> &emsp; &emsp;--- 16 Oct 09:30:13 302 - Element is displayed:: [[ChromeDriver: chrome on WINDOWS (11198d974d9f525842ef513472eae6a9)] -> xpath: //button[text()='Access Shopping Cart - New']]</small> </font> </div>
<div class="test-event"> <font color="maroon"> <small> &emsp; &emsp;--- 16 Oct 09:30:22 280 - Page URL:: https://i-car--staging.sandbox.lightning.force.com/lightning/r/contact/0031i00000oejqtqaa/view</small> </font> </div>
<div class="test-event"> <font color="maroon"> <small> &emsp; &emsp;--- 16 Oct 09:30:22 283 - <b>0</b> - Page Load Wait: (Sync) - ICar.support.Utils.waitForPageLoad(Utils.java:109)</small> </font> </div>
<div class="test-event"> <font color="maroon"> <small> &emsp; &emsp;--- 16 Oct 09:30:45 435 - Catched spinner load exception due to Expected condition failed: waiting for ICar.support.WaitUtils$4@714addf7 (tried for 10 second(s) with 500 milliseconds interval)</small> </font> </div>
<div class="test-event"> <font color="maroon"> <small> &emsp; &emsp;--- 16 Oct 09:30:45 436 - <b>10</b> - Spinner Load Wait: (Sync) - ICar.support.WaitUtils.waitForSpinner(WaitUtils.java:225)</small> </font> </div>
<div class="test-event"> <font color="maroon"> <small> &emsp; &emsp;--- 16 Oct 09:30:45 523 - Element is displayed:: [[ChromeDriver: chrome on WINDOWS (11198d974d9f525842ef513472eae6a9)] -> xpath: //button[@value='Launch My Learning']]</small> </font> </div>
<div class="test-message">&emsp;Successfully navigated to 'User Home' Page&emsp;<a href=".\ScreenShot\ICar_B2B980_TC01_38612961912000.png" target="_blank" >[ScreenShot]</a></div>
<div class="test-event"> <font color="maroon"> <small> &emsp; &emsp;--- 16 Oct 09:30:45 877 - Page URL:: https://www.icarstage.com/</small> </font> </div>
<div class="test-event"> <font color="maroon"> <small> &emsp; &emsp;--- 16 Oct 09:30:45 877 - <b>0</b> - Page Load Wait: (Sync) - ICar.support.Utils.waitForPageLoad(Utils.java:109)</small> </font> </div>
<div class="test-event"> <font color="maroon"> <small> &emsp; &emsp;--- 16 Oct 09:30:45 944 - Element is displayed:: [[ChromeDriver: chrome on WINDOWS (11198d974d9f525842ef513472eae6a9)] -> xpath: //p[text()='Launch My Learning']]</small> </font> </div>
<div class="test-event"> <font color="maroon"> <small> &emsp; &emsp;--- 16 Oct 09:30:45 989 - Element is displayed:: [[ChromeDriver: chrome on WINDOWS (11198d974d9f525842ef513472eae6a9)] -> xpath: //a[text()='Buy on Behalf of Others']]</small> </font> </div>
<div class="test-event"> <font color="maroon"> <small> &emsp; &emsp;--- 16 Oct 09:30:48 077 - Element is displayed:: [[ChromeDriver: chrome on WINDOWS (11198d974d9f525842ef513472eae6a9)] -> xpath: //a[text()='Buy on Behalf of Others']]</small> </font> </div>
<div class="test-event"> <font color="maroon"> <small> &emsp; &emsp;--- 16 Oct 09:31:05 322 - Catched spinner load exception due to Expected condition failed: waiting for ICar.support.WaitUtils$4@714addf7 (tried for 15 second(s) with 500 milliseconds interval)</small> </font> </div>
<div class="test-event"> <font color="maroon"> <small> &emsp; &emsp;--- 16 Oct 09:31:05 322 - <b>15</b> - Spinner Load Wait: (Sync) - ICar.support.WaitUtils.waitForSpinner(WaitUtils.java:225)</small> </font> </div>
<div class="test-event"> <font color="maroon"> <small> &emsp; &emsp;--- 16 Oct 09:31:05 449 - Page URL:: https://www.icarstage.com/buy-on-behalf-of</small> </font> </div>
<div class="test-event"> <font color="maroon"> <small> &emsp; &emsp;--- 16 Oct 09:31:05 449 - <b>0</b> - Page Load Wait: (Sync) - ICar.support.Utils.waitForPageLoad(Utils.java:109)</small> </font> </div>
<div class="test-message">&emsp;5. Navigating to Link Browse and buy for others</div>
<div class="test-event"> <font color="maroon"> <small> &emsp; &emsp;--- 16 Oct 09:31:13 775 - Catched spinner load exception due to Expected condition failed: waiting for ICar.support.WaitUtils$4@714addf7 (tried for 8 second(s) with 500 milliseconds interval)</small> </font> </div>
<div class="test-event"> <font color="maroon"> <small> &emsp; &emsp;--- 16 Oct 09:31:13 775 - <b>8</b> - Spinner Load Wait: (Sync) - ICar.support.WaitUtils.waitForSpinner(WaitUtils.java:225)</small> </font> </div>
<div class="test-event"> <font color="maroon"> <small> &emsp; &emsp;--- 16 Oct 09:31:13 881 - Page URL:: https://www.icarstage.com/buy-on-behalf-of</small> </font> </div>
<div class="test-event"> <font color="maroon"> <small> &emsp; &emsp;--- 16 Oct 09:31:13 881 - <b>0</b> - Page Load Wait: (Sync) - ICar.support.Utils.waitForPageLoad(Utils.java:109)</small> </font> </div>
<div class="test-event"> <font color="maroon"> <small> &emsp; &emsp;--- 16 Oct 09:31:17 042 - Page URL:: https://www.icarstage.com/buy-on-behalf-of</small> </font> </div>
<div class="test-event"> <font color="maroon"> <small> &emsp; &emsp;--- 16 Oct 09:31:17 043 - <b>0</b> - Page Load Wait: (Sync) - ICar.support.Utils.waitForPageLoad(Utils.java:109)</small> </font> </div>
<div class="test-event"> <font color="maroon"> <small> &emsp; &emsp;--- 16 Oct 09:31:19 225 - Catched spinner load exception due to Expected condition failed: waiting for ICar.support.WaitUtils$4@714addf7 (tried for 2 second(s) with 500 milliseconds interval)</small> </font> </div>
<div class="test-event"> <font color="maroon"> <small> &emsp; &emsp;--- 16 Oct 09:31:19 225 - <b>2</b> - Spinner Load Wait: (Sync) - ICar.support.WaitUtils.waitForSpinner(WaitUtils.java:225)</small> </font> </div>
<div class="test-event"> <font color="maroon"> <small> &emsp; &emsp;--- 16 Oct 09:31:28 678 - Catched spinner load exception due to Expected condition failed: waiting for ICar.support.WaitUtils$4@714addf7 (tried for 9 second(s) with 500 milliseconds interval)</small> </font> </div>
<div class="test-event"> <font color="maroon"> <small> &emsp; &emsp;--- 16 Oct 09:31:28 678 - <b>9</b> - Spinner Load Wait: (Sync) - ICar.support.WaitUtils.waitForSpinner(WaitUtils.java:225)</small> </font> </div>
<div class="test-event"> <font color="maroon"> <small> &emsp; &emsp;--- 16 Oct 09:31:28 858 - Page URL:: https://www.icarstage.com/buy-on-behalf-of</small> </font> </div>
<div class="test-event"> <font color="maroon"> <small> &emsp; &emsp;--- 16 Oct 09:31:28 858 - <b>0</b> - Page Load Wait: (Sync) - ICar.support.Utils.waitForPageLoad(Utils.java:109)</small> </font> </div>
<div class="test-event"> <font color="maroon"> <small> &emsp; &emsp;--- 16 Oct 09:31:38 332 - Catched spinner load exception due to Expected condition failed: waiting for ICar.support.WaitUtils$4@714addf7 (tried for 9 second(s) with 500 milliseconds interval)</small> </font> </div>
<div class="test-event"> <font color="maroon"> <small> &emsp; &emsp;--- 16 Oct 09:31:38 332 - <b>9</b> - Spinner Load Wait: (Sync) - ICar.support.WaitUtils.waitForSpinner(WaitUtils.java:225)</small> </font> </div>
<div class="test-event"> <font color="maroon"> <small> &emsp; &emsp;--- 16 Oct 09:31:38 493 - Page URL:: https://www.icarstage.com/buy-on-behalf-of</small> </font> </div>
<div class="test-event"> <font color="maroon"> <small> &emsp; &emsp;--- 16 Oct 09:31:38 493 - <b>0</b> - Page Load Wait: (Sync) - ICar.support.Utils.waitForPageLoad(Utils.java:109)</small> </font> </div>
<div class="test-event"> <font color="maroon"> <small> &emsp; &emsp;--- 16 Oct 09:31:38 536 - Element is displayed:: [[ChromeDriver: chrome on WINDOWS (11198d974d9f525842ef513472eae6a9)] -> xpath: //table[contains(@class,'slds-table')]//tr[@class='slds-hint-parent']//td/div[contains(text(),'Cartagena, Henry')]/../..//label/span[1]]</small> </font> </div>
<div class="test-event"> <font color="maroon"> <small> &emsp; &emsp;--- 16 Oct 09:31:38 567 - Element is displayed:: [[ChromeDriver: chrome on WINDOWS (11198d974d9f525842ef513472eae6a9)] -> xpath: //table[contains(@class,'slds-table')]//tr[@class='slds-hint-parent']//td/div[contains(text(),'Cartagena, Henry')]/../..//label/span[1]]</small> </font> </div>
<div class="test-event"> <font color="maroon"> <small> &emsp; &emsp;--- 16 Oct 09:31:40 674 - Catched spinner load exception due to Expected condition failed: waiting for ICar.support.WaitUtils$4@714addf7 (tried for 2 second(s) with 500 milliseconds interval)</small> </font> </div>
<div class="test-event"> <font color="maroon"> <small> &emsp; &emsp;--- 16 Oct 09:31:40 674 - <b>2</b> - Spinner Load Wait: (Sync) - ICar.support.WaitUtils.waitForSpinner(WaitUtils.java:225)</small> </font> </div>
<div class="test-message">&emsp;6 Selecting the studentsCartagena, Henry</div>
<div class="test-event"> <font color="maroon"> <small> &emsp; &emsp;--- 16 Oct 09:31:40 833 - Page URL:: https://www.icarstage.com/buy-on-behalf-of</small> </font> </div>
<div class="test-event"> <font color="maroon"> <small> &emsp; &emsp;--- 16 Oct 09:31:40 833 - <b>0</b> - Page Load Wait: (Sync) - ICar.support.Utils.waitForPageLoad(Utils.java:109)</small> </font> </div>
<div class="test-message">&emsp;Successfully verified Student Name&emsp;<a href=".\ScreenShot\ICar_B2B980_TC01_38668293966800.png" target="_blank" >[ScreenShot]</a></div>
<div class="test-message">&emsp;7 Click on Add Selected Button</div>
<div class="test-event"> <font color="maroon"> <small> &emsp; &emsp;--- 16 Oct 09:31:41 071 - Element is displayed:: [[ChromeDriver: chrome on WINDOWS (11198d974d9f525842ef513472eae6a9)] -> xpath: //button[contains(text(),'Continue')]]</small> </font> </div>
<div class="test-event"> <font color="maroon"> <small> &emsp; &emsp;--- 16 Oct 09:31:51 320 - Catched spinner load exception due to Expected condition failed: waiting for ICar.support.WaitUtils$4@714addf7 (tried for 8 second(s) with 500 milliseconds interval)</small> </font> </div>
<div class="test-event"> <font color="maroon"> <small> &emsp; &emsp;--- 16 Oct 09:31:51 320 - <b>8</b> - Spinner Load Wait: (Sync) - ICar.support.WaitUtils.waitForSpinner(WaitUtils.java:225)</small> </font> </div>
<div class="test-event"> <font color="maroon"> <small> &emsp; &emsp;--- 16 Oct 09:31:51 517 - Page URL:: https://www.icarstage.com/browse?fromalacarte=true</small> </font> </div>
<div class="test-event"> <font color="maroon"> <small> &emsp; &emsp;--- 16 Oct 09:31:51 517 - <b>0</b> - Page Load Wait: (Sync) - ICar.support.Utils.waitForPageLoad(Utils.java:109)</small> </font> </div>
<div class="test-event"> <font color="maroon"> <small> &emsp; &emsp;--- 16 Oct 09:32:01 929 - Catched spinner load exception due to Expected condition failed: waiting for ICar.support.WaitUtils$4@714addf7 (tried for 10 second(s) with 500 milliseconds interval)</small> </font> </div>
<div class="test-event"> <font color="maroon"> <small> &emsp; &emsp;--- 16 Oct 09:32:01 930 - <b>10</b> - Spinner Load Wait: (Sync) - ICar.support.WaitUtils.waitForSpinner(WaitUtils.java:225)</small> </font> </div>
<div class="test-event"> <font color="maroon"> <small> &emsp; &emsp;--- 16 Oct 09:32:16 017 - Catched spinner load exception due to Expected condition failed: waiting for ICar.support.WaitUtils$4@714addf7 (tried for 14 second(s) with 500 milliseconds interval)</small> </font> </div>
<div class="test-event"> <font color="maroon"> <small> &emsp; &emsp;--- 16 Oct 09:32:16 017 - <b>14</b> - Spinner Load Wait: (Sync) - ICar.support.WaitUtils.waitForSpinner(WaitUtils.java:225)</small> </font> </div>
<div class="test-event"> <font color="maroon"> <small> &emsp; &emsp;--- 16 Oct 09:32:18 123 - Element is displayed:: [[ChromeDriver: chrome on WINDOWS (11198d974d9f525842ef513472eae6a9)] -> xpath: //input[@class='slds-input searchInputCls']]</small> </font> </div>
<div class="test-event"> <font color="maroon"> <small> &emsp; &emsp;--- 16 Oct 09:32:18 379 - Element is displayed:: [[ChromeDriver: chrome on WINDOWS (11198d974d9f525842ef513472eae6a9)] -> xpath: //button[@title='Remove selected option']]</small> </font> </div>
<div class="test-event"> <font color="maroon"> <small> &emsp; &emsp;--- 16 Oct 09:32:19 818 - Page URL:: https://www.icarstage.com/custom-search-results?searchtext=basic%20estimate%20writing#gsc.tab=0&gsc.q=basic%20estimate%20writing&gsc.page=1</small> </font> </div>
<div class="test-event"> <font color="maroon"> <small> &emsp; &emsp;--- 16 Oct 09:32:19 818 - <b>0</b> - Page Load Wait: (Sync) - ICar.support.Utils.waitForPageLoad(Utils.java:109)</small> </font> </div>
<div class="test-event"> <font color="maroon"> <small> &emsp; &emsp;--- 16 Oct 09:32:29 978 - Catched spinner load exception due to Expected condition failed: waiting for ICar.support.WaitUtils$4@714addf7 (tried for 10 second(s) with 500 milliseconds interval)</small> </font> </div>
<div class="test-event"> <font color="maroon"> <small> &emsp; &emsp;--- 16 Oct 09:32:29 978 - <b>10</b> - Spinner Load Wait: (Sync) - ICar.support.WaitUtils.waitForSpinner(WaitUtils.java:225)</small> </font> </div>
<div class="test-event"> <font color="maroon"> <small> &emsp; &emsp;--- 16 Oct 09:32:30 021 - Element is displayed:: [[ChromeDriver: chrome on WINDOWS (11198d974d9f525842ef513472eae6a9)] -> xpath: //table//tbody//td[1]//div//a]</small> </font> </div>
<div class="test-event"> <font color="maroon"> <small> &emsp; &emsp;--- 16 Oct 09:32:32 140 - Element is displayed:: [[ChromeDriver: chrome on WINDOWS (11198d974d9f525842ef513472eae6a9)] -> xpath: //table//tbody//td[1]//div//a]</small> </font> </div>
<div class="test-event"> <font color="maroon"> <small> &emsp; &emsp;--- 16 Oct 09:32:38 747 - Element is displayed:: [[ChromeDriver: chrome on WINDOWS (11198d974d9f525842ef513472eae6a9)] -> xpath: //button[text()='Add to Cart']]</small> </font> </div>
<div class="test-event"> <font color="maroon"> <small> &emsp; &emsp;--- 16 Oct 09:32:40 866 - Element is displayed:: [[ChromeDriver: chrome on WINDOWS (11198d974d9f525842ef513472eae6a9)] -> xpath: //button[text()='Add to Cart']]</small> </font> </div>
<div class="test-event"> <font color="maroon"> <small> &emsp; &emsp;--- 16 Oct 09:33:01 357 - Catched spinner load exception due to Expected condition failed: waiting for ICar.support.WaitUtils$4@714addf7 (tried for 20 second(s) with 500 milliseconds interval)</small> </font> </div>
<div class="test-event"> <font color="maroon"> <small> &emsp; &emsp;--- 16 Oct 09:33:01 357 - <b>20</b> - Spinner Load Wait: (Sync) - ICar.support.WaitUtils.waitForSpinner(WaitUtils.java:225)</small> </font> </div>
<div class="test-event"> <font color="maroon"> <small> &emsp; &emsp;--- 16 Oct 09:33:01 406 - Element is displayed:: [[ChromeDriver: chrome on WINDOWS (11198d974d9f525842ef513472eae6a9)] -> xpath: //div[@class='HeaderCart_Icon']/a]</small> </font> </div>
<div class="test-event"> <font color="maroon"> <small> &emsp; &emsp;--- 16 Oct 09:33:03 505 - Element is displayed:: [[ChromeDriver: chrome on WINDOWS (11198d974d9f525842ef513472eae6a9)] -> xpath: //div[@class='HeaderCart_Icon']/a]</small> </font> </div>
<div class="test-event"> <font color="maroon"> <small> &emsp; &emsp;--- 16 Oct 09:33:19 568 - Catched spinner load exception due to Expected condition failed: waiting for ICar.support.WaitUtils$4@714addf7 (tried for 10 second(s) with 500 milliseconds interval)</small> </font> </div>
<div class="test-event"> <font color="maroon"> <small> &emsp; &emsp;--- 16 Oct 09:33:19 568 - <b>10</b> - Spinner Load Wait: (Sync) - ICar.support.WaitUtils.waitForSpinner(WaitUtils.java:225)</small> </font> </div>
<div class="test-event"> <font color="maroon"> <small> &emsp; &emsp;--- 16 Oct 09:33:24 831 - Catched spinner load exception due to Expected condition failed: waiting for ICar.support.WaitUtils$4@714addf7 (tried for 5 second(s) with 500 milliseconds interval)</small> </font> </div>
<div class="test-event"> <font color="maroon"> <small> &emsp; &emsp;--- 16 Oct 09:33:24 831 - <b>5</b> - Spinner Load Wait: (Sync) - ICar.support.WaitUtils.waitForSpinner(WaitUtils.java:225)</small> </font> </div>
<div class="test-message">&emsp;Courses are not available in the Cart</div>
<div class="test-event"> <font color="maroon"> <small> &emsp; &emsp;--- 16 Oct 09:35:17 398 - Unable to find an element after 25 sec ==> Proxy element for: AjaxElementLocator 'By.xpath: //button[@aria-label='Payment Method']'</small> </font> </div>
<div class="test-event"> <font color="maroon"> <small> &emsp; &emsp;--- 16 Oct 09:35:30 912 - Unable to find a element after 10 sec ==> Proxy element for: AjaxElementLocator 'By.xpath: //button[@aria-label='Payment Method']'</small> </font> </div>
<div class="test-message">&emsp;Successfully purchased the Basic Estimate Writing course&emsp;<a href=".\ScreenShot\ICar_B2B980_TC01_38898351202800.png" target="_blank" >[ScreenShot]</a></div>
<div class="test-message">&emsp;The Purchased Order Id is : null&emsp;<a href=".\ScreenShot\ICar_B2B980_TC01_38898513909700.png" target="_blank" >[ScreenShot]</a></div>
<div class="test-event"> <font color="maroon"> <small> &emsp; &emsp;--- 16 Oct 09:35:34 984 - Page URL:: https://i-car--staging.sandbox.lightning.force.com/lightning/r/contact/0031i00000oejqtqaa/view</small> </font> </div>
<div class="test-event"> <font color="maroon"> <small> &emsp; &emsp;--- 16 Oct 09:35:34 984 - <b>0</b> - Page Load Wait: (Sync) - ICar.support.Utils.waitForPageLoad(Utils.java:109)</small> </font> </div>
<div class="test-event"> <font color="maroon"> <small> &emsp; &emsp;--- 16 Oct 09:35:41 265 - Page URL:: https://i-car--staging.sandbox.lightning.force.com/lightning/r/contact/0031i00000oejqtqaa/view</small> </font> </div>
<div class="test-event"> <font color="maroon"> <small> &emsp; &emsp;--- 16 Oct 09:35:41 266 - <b>0</b> - Page Load Wait: (Sync) - ICar.support.Utils.waitForPageLoad(Utils.java:109)</small> </font> </div>
<div class="test-event"> <font color="maroon"> <small> &emsp; &emsp;--- 16 Oct 09:35:46 256 - Page URL:: https://i-car--staging.sandbox.lightning.force.com/lightning/r/contact/0031i00000oejqtqaa/view</small> </font> </div>
<div class="test-event"> <font color="maroon"> <small> &emsp; &emsp;--- 16 Oct 09:35:46 256 - <b>0</b> - Page Load Wait: (Sync) - ICar.support.Utils.waitForPageLoad(Utils.java:109)</small> </font> </div>
<div class="test-event"> <font color="maroon"> <small> &emsp; &emsp;--- 16 Oct 09:35:46 334 - Element is displayed:: [[ChromeDriver: chrome on WINDOWS (11198d974d9f525842ef513472eae6a9)] -> css selector: button[class*='search-button']]</small> </font> </div>
<div class="test-event"> <font color="maroon"> <small> &emsp; &emsp;--- 16 Oct 09:35:48 640 - Catched spinner load exception due to Expected condition failed: waiting for ICar.support.WaitUtils$4@714addf7 (tried for 2 second(s) with 500 milliseconds interval)</small> </font> </div>
<div class="test-event"> <font color="maroon"> <small> &emsp; &emsp;--- 16 Oct 09:35:48 640 - <b>2</b> - Spinner Load Wait: (Sync) - ICar.support.WaitUtils.waitForSpinner(WaitUtils.java:225)</small> </font> </div>
<div class="test-event"> <font color="maroon"> <small> &emsp; &emsp;--- 16 Oct 09:35:51 725 - Element is displayed:: [[ChromeDriver: chrome on WINDOWS (11198d974d9f525842ef513472eae6a9)] -> css selector: button[class*='search-button']]</small> </font> </div>
<div class="test-event"> <font color="maroon"> <small> &emsp; &emsp;--- 16 Oct 09:35:52 224 - Page URL:: https://i-car--staging.sandbox.lightning.force.com/lightning/o/account/list?filtername=accounts</small> </font> </div>
<div class="test-event"> <font color="maroon"> <small> &emsp; &emsp;--- 16 Oct 09:35:52 224 - <b>0</b> - Page Load Wait: (Sync) - ICar.support.Utils.waitForPageLoad(Utils.java:109)</small> </font> </div>
<div class="test-event"> <font color="maroon"> <small> &emsp; &emsp;--- 16 Oct 09:36:12 340 - Catched spinner load exception due to Expected condition failed: waiting for ICar.support.WaitUtils$4@714addf7 (tried for 10 second(s) with 500 milliseconds interval)</small> </font> </div>
<div class="test-event"> <font color="maroon"> <small> &emsp; &emsp;--- 16 Oct 09:36:12 340 - <b>10</b> - Spinner Load Wait: (Sync) - ICar.support.WaitUtils.waitForSpinner(WaitUtils.java:225)</small> </font> </div>
<div class="test-event"> <font color="maroon"> <small> &emsp; &emsp;--- 16 Oct 09:36:13 005 - Page URL:: https://i-car--staging.sandbox.lightning.force.com/one/one.app#eyjjb21wb25lbnrezwyioijmb3jjzvnlyxjjadpzzwfyy2hqywdlrgvza3rvccisimf0dhjpynv0zxmionsidgvybsi6iji1oti2mjyilcjzy29wzu1hcci6eyj0exblijoive9qx1jfu1vmvfmilcjuyw1lc3bhy2uioiiilcjsywjlbci6ilrvccbszxn1bhrziiwibgfizwxqbhvyywwioijub3agumvzdwx0cyisinjlc3vsdhndbxaioijmb3jjzvnlyxjjadpwcmvkawn0zwrszxn1bhrzin0simnvbnrlehqionsirklmvevsuyi6e30sinnlyxjjafnvdxjjzsi6ikftu0ltvefovf9esufmt0cilcjkaxnhymxlsw50zw50uxvlcnkiomzhbhnllcjkaxnhymxlu3blbgxdb3jyzwn0aw9uijpmywxzzswic2vhcmnorglhbg9nu2vzc2lvbklkijoizgfkodyxywytzgvjni1lztc1lwvkzdgtntyxmdm1njhhodc1iiwizgvidwdjbmzvijp7imfwce5hbwuioijjq2fyx1nlcnzpy2vfq29uc29szsisimfwcfr5cguioijdb25zb2xliiwiyxbwtmftzxnwywnlijoiyyisimxvy2f0aw9uijoizm9yy2u6b2jqzwn0sg9tzurlc2t0b3ailcjzb2jqzwn0vhlwzsi6ikfjy291bnqifx0simdyb3vwswqioijeruzbvuxuin0sinn0yxrlijp7fx0%3d</small> </font> </div>
<div class="test-event"> <font color="maroon"> <small> &emsp; &emsp;--- 16 Oct 09:36:13 005 - <b>0</b> - Page Load Wait: (Sync) - ICar.support.Utils.waitForPageLoad(Utils.java:109)</small> </font> </div>
<div class="test-event"> <font color="maroon"> <small> &emsp; &emsp;--- 16 Oct 09:36:24 324 - Catched spinner load exception due to Expected condition failed: waiting for ICar.support.WaitUtils$4@714addf7 (tried for 11 second(s) with 500 milliseconds interval)</small> </font> </div>
<div class="test-event"> <font color="maroon"> <small> &emsp; &emsp;--- 16 Oct 09:36:24 324 - <b>11</b> - Spinner Load Wait: (Sync) - ICar.support.WaitUtils.waitForSpinner(WaitUtils.java:225)</small> </font> </div>
<div class="test-event"> <font color="maroon"> <small> &emsp; &emsp;--- 16 Oct 09:36:25 028 - Page URL:: https://i-car--staging.sandbox.lightning.force.com/one/one.app#eyjjb21wb25lbnrezwyioijmb3jjzvnlyxjjadpzzwfyy2hqywdlrgvza3rvccisimf0dhjpynv0zxmionsidgvybsi6iji1oti2mjyilcjzy29wzu1hcci6eyj0exblijoive9qx1jfu1vmvfmilcjuyw1lc3bhy2uioiiilcjsywjlbci6ilrvccbszxn1bhrziiwibgfizwxqbhvyywwioijub3agumvzdwx0cyisinjlc3vsdhndbxaioijmb3jjzvnlyxjjadpwcmvkawn0zwrszxn1bhrzin0simnvbnrlehqionsirklmvevsuyi6e30sinnlyxjjafnvdxjjzsi6ikftu0ltvefovf9esufmt0cilcjkaxnhymxlsw50zw50uxvlcnkiomzhbhnllcjkaxnhymxlu3blbgxdb3jyzwn0aw9uijpmywxzzswic2vhcmnorglhbg9nu2vzc2lvbklkijoizgfkodyxywytzgvjni1lztc1lwvkzdgtntyxmdm1njhhodc1iiwizgvidwdjbmzvijp7imfwce5hbwuioijjq2fyx1nlcnzpy2vfq29uc29szsisimfwcfr5cguioijdb25zb2xliiwiyxbwtmftzxnwywnlijoiyyisimxvy2f0aw9uijoizm9yy2u6b2jqzwn0sg9tzurlc2t0b3ailcjzb2jqzwn0vhlwzsi6ikfjy291bnqifx0simdyb3vwswqioijeruzbvuxuin0sinn0yxrlijp7fx0%3d</small> </font> </div>
<div class="test-event"> <font color="maroon"> <small> &emsp; &emsp;--- 16 Oct 09:36:25 028 - <b>0</b> - Page Load Wait: (Sync) - ICar.support.Utils.waitForPageLoad(Utils.java:109)</small> </font> </div>
<div class="test-event"> <font color="maroon"> <small> &emsp; &emsp;--- 16 Oct 09:36:25 165 - Element is displayed:: [[ChromeDriver: chrome on WINDOWS (11198d974d9f525842ef513472eae6a9)] -> xpath: //a[@title='Top Results']//span[text()='Top Results']]</small> </font> </div>
<div class="test-event"> <font color="maroon"> <small> &emsp; &emsp;--- 16 Oct 09:36:25 639 - Page URL:: https://i-car--staging.sandbox.lightning.force.com/one/one.app#eyjjb21wb25lbnrezwyioijmb3jjzvnlyxjjadpzzwfyy2hqywdlrgvza3rvccisimf0dhjpynv0zxmionsidgvybsi6iji1oti2mjyilcjzy29wzu1hcci6eyj0exblijoive9qx1jfu1vmvfmilcjuyw1lc3bhy2uioiiilcjsywjlbci6ilrvccbszxn1bhrziiwibgfizwxqbhvyywwioijub3agumvzdwx0cyisinjlc3vsdhndbxaioijmb3jjzvnlyxjjadpwcmvkawn0zwrszxn1bhrzin0simnvbnrlehqionsirklmvevsuyi6e30sinnlyxjjafnvdxjjzsi6ikftu0ltvefovf9esufmt0cilcjkaxnhymxlsw50zw50uxvlcnkiomzhbhnllcjkaxnhymxlu3blbgxdb3jyzwn0aw9uijpmywxzzswic2vhcmnorglhbg9nu2vzc2lvbklkijoizgfkodyxywytzgvjni1lztc1lwvkzdgtntyxmdm1njhhodc1iiwizgvidwdjbmzvijp7imfwce5hbwuioijjq2fyx1nlcnzpy2vfq29uc29szsisimfwcfr5cguioijdb25zb2xliiwiyxbwtmftzxnwywnlijoiyyisimxvy2f0aw9uijoizm9yy2u6b2jqzwn0sg9tzurlc2t0b3ailcjzb2jqzwn0vhlwzsi6ikfjy291bnqifx0simdyb3vwswqioijeruzbvuxuin0sinn0yxrlijp7fx0%3d</small> </font> </div>
<div class="test-event"> <font color="maroon"> <small> &emsp; &emsp;--- 16 Oct 09:36:25 639 - <b>0</b> - Page Load Wait: (Sync) - ICar.support.Utils.waitForPageLoad(Utils.java:109)</small> </font> </div>
<div class="test-event"> <font color="maroon"> <small> &emsp; &emsp;--- 16 Oct 09:36:30 764 - Catched spinner load exception due to Expected condition failed: waiting for ICar.support.WaitUtils$4@714addf7 (tried for 5 second(s) with 500 milliseconds interval)</small> </font> </div>
<div class="test-event"> <font color="maroon"> <small> &emsp; &emsp;--- 16 Oct 09:36:30 764 - <b>5</b> - Spinner Load Wait: (Sync) - ICar.support.WaitUtils.waitForSpinner(WaitUtils.java:225)</small> </font> </div>
<div class="test-event"> <font color="maroon"> <small> &emsp; &emsp;--- 16 Oct 09:36:31 252 - Page URL:: https://i-car--staging.sandbox.lightning.force.com/one/one.app#eyjjb21wb25lbnrezwyioijmb3jjzvnlyxjjadpzzwfyy2hqywdlrgvza3rvccisimf0dhjpynv0zxmionsidgvybsi6iji1oti2mjyilcjzy29wzu1hcci6eyj0exblijoive9qx1jfu1vmvfmilcjuyw1lc3bhy2uioiiilcjsywjlbci6ilrvccbszxn1bhrziiwibgfizwxqbhvyywwioijub3agumvzdwx0cyisinjlc3vsdhndbxaioijmb3jjzvnlyxjjadpwcmvkawn0zwrszxn1bhrzin0simnvbnrlehqionsirklmvevsuyi6e30sinnlyxjjafnvdxjjzsi6ikftu0ltvefovf9esufmt0cilcjkaxnhymxlsw50zw50uxvlcnkiomzhbhnllcjkaxnhymxlu3blbgxdb3jyzwn0aw9uijpmywxzzswic2vhcmnorglhbg9nu2vzc2lvbklkijoizgfkodyxywytzgvjni1lztc1lwvkzdgtntyxmdm1njhhodc1iiwizgvidwdjbmzvijp7imfwce5hbwuioijjq2fyx1nlcnzpy2vfq29uc29szsisimfwcfr5cguioijdb25zb2xliiwiyxbwtmftzxnwywnlijoiyyisimxvy2f0aw9uijoizm9yy2u6b2jqzwn0sg9tzurlc2t0b3ailcjzb2jqzwn0vhlwzsi6ikfjy291bnqifx0simdyb3vwswqioijeruzbvuxuin0sinn0yxrlijp7fx0%3d</small> </font> </div>
<div class="test-event"> <font color="maroon"> <small> &emsp; &emsp;--- 16 Oct 09:36:31 253 - <b>0</b> - Page Load Wait: (Sync) - ICar.support.Utils.waitForPageLoad(Utils.java:109)</small> </font> </div>
<div class="test-event"> <font color="maroon"> <small> &emsp; &emsp;--- 16 Oct 09:36:31 728 - Page URL:: https://i-car--staging.sandbox.lightning.force.com/one/one.app#eyjjb21wb25lbnrezwyioijmb3jjzvnlyxjjadpzzwfyy2hqywdlrgvza3rvccisimf0dhjpynv0zxmionsidgvybsi6iji1oti2mjyilcjzy29wzu1hcci6eyj0exblijoive9qx1jfu1vmvfmilcjuyw1lc3bhy2uioiiilcjsywjlbci6ilrvccbszxn1bhrziiwibgfizwxqbhvyywwioijub3agumvzdwx0cyisinjlc3vsdhndbxaioijmb3jjzvnlyxjjadpwcmvkawn0zwrszxn1bhrzin0simnvbnrlehqionsirklmvevsuyi6e30sinnlyxjjafnvdxjjzsi6ikftu0ltvefovf9esufmt0cilcjkaxnhymxlsw50zw50uxvlcnkiomzhbhnllcjkaxnhymxlu3blbgxdb3jyzwn0aw9uijpmywxzzswic2vhcmnorglhbg9nu2vzc2lvbklkijoizgfkodyxywytzgvjni1lztc1lwvkzdgtntyxmdm1njhhodc1iiwizgvidwdjbmzvijp7imfwce5hbwuioijjq2fyx1nlcnzpy2vfq29uc29szsisimfwcfr5cguioijdb25zb2xliiwiyxbwtmftzxnwywnlijoiyyisimxvy2f0aw9uijoizm9yy2u6b2jqzwn0sg9tzurlc2t0b3ailcjzb2jqzwn0vhlwzsi6ikfjy291bnqifx0simdyb3vwswqioijeruzbvuxuin0sinn0yxrlijp7fx0%3d</small> </font> </div>
<div class="test-event"> <font color="maroon"> <small> &emsp; &emsp;--- 16 Oct 09:36:31 728 - <b>0</b> - Page Load Wait: (Sync) - ICar.support.Utils.waitForPageLoad(Utils.java:109)</small> </font> </div>
<div class="test-event"> <font color="maroon"> <small> &emsp; &emsp;--- 16 Oct 09:36:32 269 - Page URL:: https://i-car--staging.sandbox.lightning.force.com/one/one.app#eyjjb21wb25lbnrezwyioijmb3jjzvnlyxjjadpzzwfyy2hqywdlrgvza3rvccisimf0dhjpynv0zxmionsidgvybsi6iji1oti2mjyilcjzy29wzu1hcci6eyj0exblijoive9qx1jfu1vmvfmilcjuyw1lc3bhy2uioiiilcjsywjlbci6ilrvccbszxn1bhrziiwibgfizwxqbhvyywwioijub3agumvzdwx0cyisinjlc3vsdhndbxaioijmb3jjzvnlyxjjadpwcmvkawn0zwrszxn1bhrzin0simnvbnrlehqionsirklmvevsuyi6e30sinnlyxjjafnvdxjjzsi6ikftu0ltvefovf9esufmt0cilcjkaxnhymxlsw50zw50uxvlcnkiomzhbhnllcjkaxnhymxlu3blbgxdb3jyzwn0aw9uijpmywxzzswic2vhcmnorglhbg9nu2vzc2lvbklkijoizgfkodyxywytzgvjni1lztc1lwvkzdgtntyxmdm1njhhodc1iiwizgvidwdjbmzvijp7imfwce5hbwuioijjq2fyx1nlcnzpy2vfq29uc29szsisimfwcfr5cguioijdb25zb2xliiwiyxbwtmftzxnwywnlijoiyyisimxvy2f0aw9uijoizm9yy2u6b2jqzwn0sg9tzurlc2t0b3ailcjzb2jqzwn0vhlwzsi6ikfjy291bnqifx0simdyb3vwswqioijeruzbvuxuin0sinn0yxrlijp7fx0%3d</small> </font> </div>
<div class="test-event"> <font color="maroon"> <small> &emsp; &emsp;--- 16 Oct 09:36:32 270 - <b>0</b> - Page Load Wait: (Sync) - ICar.support.Utils.waitForPageLoad(Utils.java:109)</small> </font> </div>
<div class="test-event"> <font color="maroon"> <small> &emsp; &emsp;--- 16 Oct 09:36:40 420 - Catched spinner load exception due to Expected condition failed: waiting for ICar.support.WaitUtils$4@714addf7 (tried for 8 second(s) with 500 milliseconds interval)</small> </font> </div>
<div class="test-event"> <font color="maroon"> <small> &emsp; &emsp;--- 16 Oct 09:36:40 420 - <b>8</b> - Spinner Load Wait: (Sync) - ICar.support.WaitUtils.waitForSpinner(WaitUtils.java:225)</small> </font> </div>
<div class="test-event"> <font color="maroon"> <small> &emsp; &emsp;--- 16 Oct 09:36:40 927 - Page URL:: https://i-car--staging.sandbox.lightning.force.com/one/one.app#eyjjb21wb25lbnrezwyioijmb3jjzvnlyxjjadpzzwfyy2hqywdlrgvza3rvccisimf0dhjpynv0zxmionsidgvybsi6iji1oti2mjyilcjzy29wzu1hcci6eyj0exblijoive9qx1jfu1vmvfmilcjuyw1lc3bhy2uioiiilcjsywjlbci6ilrvccbszxn1bhrziiwibgfizwxqbhvyywwioijub3agumvzdwx0cyisinjlc3vsdhndbxaioijmb3jjzvnlyxjjadpwcmvkawn0zwrszxn1bhrzin0simnvbnrlehqionsirklmvevsuyi6e30sinnlyxjjafnvdxjjzsi6ikftu0ltvefovf9esufmt0cilcjkaxnhymxlsw50zw50uxvlcnkiomzhbhnllcjkaxnhymxlu3blbgxdb3jyzwn0aw9uijpmywxzzswic2vhcmnorglhbg9nu2vzc2lvbklkijoizgfkodyxywytzgvjni1lztc1lwvkzdgtntyxmdm1njhhodc1iiwizgvidwdjbmzvijp7imfwce5hbwuioijjq2fyx1nlcnzpy2vfq29uc29szsisimfwcfr5cguioijdb25zb2xliiwiyxbwtmftzxnwywnlijoiyyisimxvy2f0aw9uijoizm9yy2u6b2jqzwn0sg9tzurlc2t0b3ailcjzb2jqzwn0vhlwzsi6ikfjy291bnqifx0simdyb3vwswqioijeruzbvuxuin0sinn0yxrlijp7fx0%3d</small> </font> </div>
<div class="test-event"> <font color="maroon"> <small> &emsp; &emsp;--- 16 Oct 09:36:40 927 - <b>0</b> - Page Load Wait: (Sync) - ICar.support.Utils.waitForPageLoad(Utils.java:109)</small> </font> </div>
<div class="test-event"> <font color="maroon"> <small> &emsp; &emsp;--- 16 Oct 09:36:43 060 - Element is displayed:: [[ChromeDriver: chrome on WINDOWS (11198d974d9f525842ef513472eae6a9)] -> xpath: //div[contains(@class,'forceSearchResultsRegion')]//div[contains(@class,'resultsMultiWrapper')]/div/div[1]//following::h2//a]</small> </font> </div>
<div class="test-event"> <font color="maroon"> <small> &emsp; &emsp;--- 16 Oct 09:36:43 281 - Element is displayed:: [[ChromeDriver: chrome on WINDOWS (11198d974d9f525842ef513472eae6a9)] -> xpath: //a[text()='Contacts']]</small> </font> </div>
<div class="test-event"> <font color="maroon"> <small> &emsp; &emsp;--- 16 Oct 09:36:47 306 - Element is displayed:: [[ChromeDriver: chrome on WINDOWS (11198d974d9f525842ef513472eae6a9)] -> xpath: //div[text()='Contacts']//following :: table//tbody//th//span /a]</small> </font> </div>
<div class="test-event"> <font color="maroon"> <small> &emsp; &emsp;--- 16 Oct 09:36:48 358 - Page URL:: https://i-car--staging.sandbox.lightning.force.com/one/one.app#eyjjb21wb25lbnrezwyioijmb3jjzvnlyxjjadpzzwfyy2hqywdlrgvza3rvccisimf0dhjpynv0zxmionsidgvybsi6iji1oti2mjyilcjzy29wzu1hcci6eyj0exblijoive9qx1jfu1vmvfmilcjuyw1lc3bhy2uioiiilcjsywjlbci6ilrvccbszxn1bhrziiwibgfizwxqbhvyywwioijub3agumvzdwx0cyisinjlc3vsdhndbxaioijmb3jjzvnlyxjjadpwcmvkawn0zwrszxn1bhrzin0simnvbnrlehqionsirklmvevsuyi6e30sinnlyxjjafnvdxjjzsi6ikftu0ltvefovf9esufmt0cilcjkaxnhymxlsw50zw50uxvlcnkiomzhbhnllcjkaxnhymxlu3blbgxdb3jyzwn0aw9uijpmywxzzswic2vhcmnorglhbg9nu2vzc2lvbklkijoizgfkodyxywytzgvjni1lztc1lwvkzdgtntyxmdm1njhhodc1iiwizgvidwdjbmzvijp7imfwce5hbwuioijjq2fyx1nlcnzpy2vfq29uc29szsisimfwcfr5cguioijdb25zb2xliiwiyxbwtmftzxnwywnlijoiyyisimxvy2f0aw9uijoizm9yy2u6b2jqzwn0sg9tzurlc2t0b3ailcjzb2jqzwn0vhlwzsi6ikfjy291bnqifx0simdyb3vwswqioijeruzbvuxuin0sinn0yxrlijp7fx0%3d</small> </font> </div>
<div class="test-event"> <font color="maroon"> <small> &emsp; &emsp;--- 16 Oct 09:36:48 358 - <b>0</b> - Page Load Wait: (Sync) - ICar.support.Utils.waitForPageLoad(Utils.java:109)</small> </font> </div>
<div class="test-event"> <font color="maroon"> <small> &emsp; &emsp;--- 16 Oct 09:37:03 701 - Catched spinner load exception due to Expected condition failed: waiting for ICar.support.WaitUtils$4@714addf7 (tried for 15 second(s) with 500 milliseconds interval)</small> </font> </div>
<div class="test-event"> <font color="maroon"> <small> &emsp; &emsp;--- 16 Oct 09:37:03 701 - <b>15</b> - Spinner Load Wait: (Sync) - ICar.support.WaitUtils.waitForSpinner(WaitUtils.java:225)</small> </font> </div>
<div class="test-event"> <font color="maroon"> <small> &emsp; &emsp;--- 16 Oct 09:37:04 922 - Page URL:: https://i-car--staging.sandbox.lightning.force.com/lightning/r/contact/0031i00000oeshzqaa/view</small> </font> </div>
<div class="test-event"> <font color="maroon"> <small> &emsp; &emsp;--- 16 Oct 09:37:04 922 - <b>1</b> - Page Load Wait: (Sync) - ICar.support.Utils.waitForPageLoad(Utils.java:109)</small> </font> </div>
<div class="test-event"> <font color="maroon"> <small> &emsp; &emsp;--- 16 Oct 09:37:13 092 - Catched spinner load exception due to Expected condition failed: waiting for ICar.support.WaitUtils$4@714addf7 (tried for 8 second(s) with 500 milliseconds interval)</small> </font> </div>
<div class="test-event"> <font color="maroon"> <small> &emsp; &emsp;--- 16 Oct 09:37:13 092 - <b>8</b> - Spinner Load Wait: (Sync) - ICar.support.WaitUtils.waitForSpinner(WaitUtils.java:225)</small> </font> </div>
<div class="test-event"> <font color="maroon"> <small> &emsp; &emsp;--- 16 Oct 09:37:13 879 - Page URL:: https://i-car--staging.sandbox.lightning.force.com/lightning/r/contact/0031i00000oeshzqaa/view</small> </font> </div>
<div class="test-event"> <font color="maroon"> <small> &emsp; &emsp;--- 16 Oct 09:37:13 879 - <b>0</b> - Page Load Wait: (Sync) - ICar.support.Utils.waitForPageLoad(Utils.java:109)</small> </font> </div>
<div class="test-event"> <font color="maroon"> <small> &emsp; &emsp;--- 16 Oct 09:37:16 655 - Page URL:: https://i-car--staging.sandbox.lightning.force.com/lightning/r/contact/0031i00000oeshzqaa/view</small> </font> </div>
<div class="test-event"> <font color="maroon"> <small> &emsp; &emsp;--- 16 Oct 09:37:16 655 - <b>0</b> - Page Load Wait: (Sync) - ICar.support.Utils.waitForPageLoad(Utils.java:109)</small> </font> </div>
<div class="test-event"> <font color="maroon"> <small> &emsp; &emsp;--- 16 Oct 09:37:19 528 - Page URL:: https://i-car--staging.sandbox.lightning.force.com/lightning/r/contact/0031i00000oeshzqaa/view</small> </font> </div>
<div class="test-event"> <font color="maroon"> <small> &emsp; &emsp;--- 16 Oct 09:37:19 529 - <b>0</b> - Page Load Wait: (Sync) - ICar.support.Utils.waitForPageLoad(Utils.java:109)</small> </font> </div>
<div class="test-event"> <font color="maroon"> <small> &emsp; &emsp;--- 16 Oct 09:37:34 963 - Catched spinner load exception due to Expected condition failed: waiting for ICar.support.WaitUtils$4@714addf7 (tried for 15 second(s) with 500 milliseconds interval)</small> </font> </div>
<div class="test-event"> <font color="maroon"> <small> &emsp; &emsp;--- 16 Oct 09:37:34 964 - <b>15</b> - Spinner Load Wait: (Sync) - ICar.support.WaitUtils.waitForSpinner(WaitUtils.java:225)</small> </font> </div>
<div class="test-event"> <font color="maroon"> <small> &emsp; &emsp;--- 16 Oct 09:37:35 766 - Page URL:: https://i-car--staging.sandbox.lightning.force.com/lightning/r/contact/0031i00000oeshzqaa/view</small> </font> </div>
<div class="test-event"> <font color="maroon"> <small> &emsp; &emsp;--- 16 Oct 09:37:35 766 - <b>0</b> - Page Load Wait: (Sync) - ICar.support.Utils.waitForPageLoad(Utils.java:109)</small> </font> </div>
<div class="test-event"> <font color="maroon"> <small> &emsp; &emsp;--- 16 Oct 09:37:35 831 - Element is displayed:: [[ChromeDriver: chrome on WINDOWS (11198d974d9f525842ef513472eae6a9)] -> xpath: //h2[@class='slds-card__header-title']/a/span[1]]</small> </font> </div>
<div class="test-event"> <font color="maroon"> <small> &emsp; &emsp;--- 16 Oct 09:37:37 455 - Page URL:: https://i-car--staging.sandbox.lightning.force.com/lightning/r/contact/0031i00000oeshzqaa/related/enrollment_contact__r/view?ws=%2flightning%2fr%2fcontact%2f0031i00000oeshzqaa%2fview</small> </font> </div>
<div class="test-event"> <font color="maroon"> <small> &emsp; &emsp;--- 16 Oct 09:37:37 455 - <b>1</b> - Page Load Wait: (Sync) - ICar.support.Utils.waitForPageLoad(Utils.java:109)</small> </font> </div>
<div class="test-event"> <font color="maroon"> <small> &emsp; &emsp;--- 16 Oct 09:37:52 598 - Catched spinner load exception due to Expected condition failed: waiting for ICar.support.WaitUtils$4@714addf7 (tried for 15 second(s) with 500 milliseconds interval)</small> </font> </div>
<div class="test-event"> <font color="maroon"> <small> &emsp; &emsp;--- 16 Oct 09:37:52 598 - <b>15</b> - Spinner Load Wait: (Sync) - ICar.support.WaitUtils.waitForSpinner(WaitUtils.java:225)</small> </font> </div>
<div class="test-event"> <font color="maroon"> <small> &emsp; &emsp;--- 16 Oct 09:37:54 117 - Page URL:: https://i-car--staging.sandbox.lightning.force.com/lightning/r/contact/0031i00000oeshzqaa/related/enrollment_contact__r/view?ws=%2flightning%2fr%2fcontact%2f0031i00000oeshzqaa%2fview</small> </font> </div>
<div class="test-event"> <font color="maroon"> <small> &emsp; &emsp;--- 16 Oct 09:37:54 117 - <b>1</b> - Page Load Wait: (Sync) - ICar.support.Utils.waitForPageLoad(Utils.java:109)</small> </font> </div>
<div class="test-event"> <font color="maroon"> <small> &emsp; &emsp;--- 16 Oct 09:37:59 389 - Catched spinner load exception due to Expected condition failed: waiting for ICar.support.WaitUtils$4@714addf7 (tried for 5 second(s) with 500 milliseconds interval)</small> </font> </div>
<div class="test-event"> <font color="maroon"> <small> &emsp; &emsp;--- 16 Oct 09:37:59 389 - <b>5</b> - Spinner Load Wait: (Sync) - ICar.support.WaitUtils.waitForSpinner(WaitUtils.java:225)</small> </font> </div>
<div class="test-event"> <font color="maroon"> <small> &emsp; &emsp;--- 16 Oct 09:38:00 705 - Page URL:: https://i-car--staging.sandbox.lightning.force.com/lightning/r/contact/0031i00000oeshzqaa/related/enrollment_contact__r/view?ws=%2flightning%2fr%2fcontact%2f0031i00000oeshzqaa%2fview</small> </font> </div>
<div class="test-event"> <font color="maroon"> <small> &emsp; &emsp;--- 16 Oct 09:38:00 705 - <b>1</b> - Page Load Wait: (Sync) - ICar.support.Utils.waitForPageLoad(Utils.java:109)</small> </font> </div>
<div class="test-message">&emsp;Successfully verfied  the course : Basic Estimate Writing&emsp;<a href=".\ScreenShot\ICar_B2B980_TC01_39050401258400.png" target="_blank" >[ScreenShot]</a></div>
<div class="test-result"><br><font color="green"><strong> Test Passed. </strong></font> </div>&emsp;
&emsp;<div class="test-title"> <strong><font size = "3" color = "#0000FF">---Test Execution Ends---</font> </strong> </div>&emsp;
<div class="test-event"> <font color="maroon"> <small> &emsp; &emsp;--- 16 Oct 09:38:03 980 - TestCaseID:: ICar_BAM633_TC01</small> </font> </div>
<div class="test-event"> <font color="maroon"> <small> &emsp; &emsp;--- 16 Oct 09:38:05 264 - <b>1</b> - Driver::initialize::Get - ICar.support.WebDriverFactory.getDriver(WebDriverFactory.java:640)</small> </font> </div>
&emsp;<div class="test-title"> <strong><font size = "3" color = "#000080">Platinum Report should be accessible from the "Action" dropdown button</font> </strong> </div>&emsp;<div><strong>Steps:</strong></div><!-- Report -->&emsp;
<div class="test-event"> <font color="maroon"> <small> &emsp; &emsp;--- 16 Oct 09:38:14 527 - Element is displayed:: [[ChromeDriver: chrome on WINDOWS (65c43b0776f915c91cff34c3c45003cb)] -> xpath: //a/img[@alt='Login Image']|//button[@id='btn-login']]</small> </font> </div>
<div class="test-event"> <font color="maroon"> <small> &emsp; &emsp;--- 16 Oct 09:38:14 592 - Element is displayed:: [[ChromeDriver: chrome on WINDOWS (65c43b0776f915c91cff34c3c45003cb)] -> xpath: //a/img[@alt='Login Image']|//button[@id='btn-login']]</small> </font> </div>
<div class="test-message">&emsp;Successfully navigated to 'Home' Page&emsp;<a href=".\ScreenShot\ICar_BAM633_TC01_39062030678000.png" target="_blank" >[ScreenShot]</a></div>
<div class="test-message">&emsp;1. Home page is launched.</div>
<div class="test-event"> <font color="maroon"> <small> &emsp; &emsp;--- 16 Oct 09:38:14 946 - Page URL:: https://www.icarstage.com/</small> </font> </div>
<div class="test-event"> <font color="maroon"> <small> &emsp; &emsp;--- 16 Oct 09:38:14 946 - <b>0</b> - Page Load Wait: (Sync) - ICar.support.Utils.waitForPageLoad(Utils.java:109)</small> </font> </div>
<div class="test-event"> <font color="maroon"> <small> &emsp; &emsp;--- 16 Oct 09:38:14 986 - Element is displayed:: [[ChromeDriver: chrome on WINDOWS (65c43b0776f915c91cff34c3c45003cb)] -> xpath: //a/img[@alt='Login Image']|//button[@id='btn-login']]</small> </font> </div>
<div class="test-event"> <font color="maroon"> <small> &emsp; &emsp;--- 16 Oct 09:38:15 044 - Element is displayed:: [[ChromeDriver: chrome on WINDOWS (65c43b0776f915c91cff34c3c45003cb)] -> xpath: //a/img[@alt='Login Image']|//button[@id='btn-login']]</small> </font> </div>
<div class="test-event"> <font color="maroon"> <small> &emsp; &emsp;--- 16 Oct 09:38:42 440 - Catched spinner load exception due to Expected condition failed: waiting for ICar.support.WaitUtils$4@714addf7 (tried for 15 second(s) with 500 milliseconds interval)</small> </font> </div>
<div class="test-event"> <font color="maroon"> <small> &emsp; &emsp;--- 16 Oct 09:38:42 440 - <b>15</b> - Spinner Load Wait: (Sync) - ICar.support.WaitUtils.waitForSpinner(WaitUtils.java:225)</small> </font> </div>
<div class="test-message">&emsp;2. Navigate to 'Login Page'</div>
<div class="test-message">&emsp;Successfully navigated to 'Login' Page&emsp;<a href=".\ScreenShot\ICar_BAM633_TC01_39089883155000.png" target="_blank" >[ScreenShot]</a></div>
<div class="test-event"> <font color="maroon"> <small> &emsp; &emsp;--- 16 Oct 09:38:42 668 - Element is displayed:: [[ChromeDriver: chrome on WINDOWS (65c43b0776f915c91cff34c3c45003cb)] -> id: username]</small> </font> </div>
<div class="test-event"> <font color="maroon"> <small> &emsp; &emsp;--- 16 Oct 09:38:42 737 - Element is displayed:: [[ChromeDriver: chrome on WINDOWS (65c43b0776f915c91cff34c3c45003cb)] -> id: username]</small> </font> </div>
<div class="test-event"> <font color="maroon"> <small> &emsp; &emsp;--- 16 Oct 09:38:42 948 - Element is displayed:: [[ChromeDriver: chrome on WINDOWS (65c43b0776f915c91cff34c3c45003cb)] -> id: password]</small> </font> </div>
<div class="test-event"> <font color="maroon"> <small> &emsp; &emsp;--- 16 Oct 09:38:43 120 - Element is displayed:: [[ChromeDriver: chrome on WINDOWS (65c43b0776f915c91cff34c3c45003cb)] -> id: btn-login]</small> </font> </div>
<div class="test-event"> <font color="maroon"> <small> &emsp; &emsp;--- 16 Oct 09:38:59 542 - Catched spinner load exception due to Expected condition failed: waiting for ICar.support.WaitUtils$4@714addf7 (tried for 3 second(s) with 500 milliseconds interval)</small> </font> </div>
<div class="test-event"> <font color="maroon"> <small> &emsp; &emsp;--- 16 Oct 09:38:59 542 - <b>16</b> - Spinner Load Wait: (Sync) - ICar.support.WaitUtils.waitForSpinner(WaitUtils.java:225)</small> </font> </div>
<div class="test-event"> <font color="maroon"> <small> &emsp; &emsp;--- 16 Oct 09:39:21 788 - Catched spinner load exception due to Expected condition failed: waiting for ICar.support.WaitUtils$4@714addf7 (tried for 10 second(s) with 500 milliseconds interval)</small> </font> </div>
<div class="test-event"> <font color="maroon"> <small> &emsp; &emsp;--- 16 Oct 09:39:21 788 - <b>10</b> - Spinner Load Wait: (Sync) - ICar.support.WaitUtils.waitForSpinner(WaitUtils.java:225)</small> </font> </div>
<div class="test-event"> <font color="maroon"> <small> &emsp; &emsp;--- 16 Oct 09:39:21 875 - Element is displayed:: [[ChromeDriver: chrome on WINDOWS (65c43b0776f915c91cff34c3c45003cb)] -> xpath: //button[@value='Launch My Learning']]</small> </font> </div>
<div class="test-message">&emsp;3. Enter the user credentials as : mbrezina</div>
<div class="test-message">&emsp;Successfully navigated to 'User Home' Page&emsp;<a href=".\ScreenShot\ICar_BAM633_TC01_39129312648100.png" target="_blank" >[ScreenShot]</a></div>
<div class="test-event"> <font color="maroon"> <small> &emsp; &emsp;--- 16 Oct 09:39:22 266 - Page URL:: https://www.icarstage.com/</small> </font> </div>
<div class="test-event"> <font color="maroon"> <small> &emsp; &emsp;--- 16 Oct 09:39:22 266 - <b>0</b> - Page Load Wait: (Sync) - ICar.support.Utils.waitForPageLoad(Utils.java:109)</small> </font> </div>
<div class="test-event"> <font color="maroon"> <small> &emsp; &emsp;--- 16 Oct 09:39:22 332 - Element is displayed:: [[ChromeDriver: chrome on WINDOWS (65c43b0776f915c91cff34c3c45003cb)] -> xpath: //p[text()='Launch My Learning']]</small> </font> </div>
<div class="test-event"> <font color="maroon"> <small> &emsp; &emsp;--- 16 Oct 09:39:22 367 - Element is displayed:: [[ChromeDriver: chrome on WINDOWS (65c43b0776f915c91cff34c3c45003cb)] -> xpath: //a[text()='Gold Class Summary']]</small> </font> </div>
<div class="test-event"> <font color="maroon"> <small> &emsp; &emsp;--- 16 Oct 09:39:24 456 - Element is displayed:: [[ChromeDriver: chrome on WINDOWS (65c43b0776f915c91cff34c3c45003cb)] -> xpath: //a[text()='Gold Class Summary']]</small> </font> </div>
<div class="test-event"> <font color="maroon"> <small> &emsp; &emsp;--- 16 Oct 09:39:41 178 - Catched spinner load exception due to Expected condition failed: waiting for ICar.support.WaitUtils$4@714addf7 (tried for 15 second(s) with 500 milliseconds interval)</small> </font> </div>
<div class="test-event"> <font color="maroon"> <small> &emsp; &emsp;--- 16 Oct 09:39:41 178 - <b>15</b> - Spinner Load Wait: (Sync) - ICar.support.WaitUtils.waitForSpinner(WaitUtils.java:225)</small> </font> </div>
<div class="test-event"> <font color="maroon"> <small> &emsp; &emsp;--- 16 Oct 09:39:41 332 - Page URL:: https://www.icarstage.com/gold-class-summary</small> </font> </div>
<div class="test-event"> <font color="maroon"> <small> &emsp; &emsp;--- 16 Oct 09:39:41 332 - <b>0</b> - Page Load Wait: (Sync) - ICar.support.Utils.waitForPageLoad(Utils.java:109)</small> </font> </div>
<div class="test-message">&emsp;Successfully navigated to 'Gold class summary' Page&emsp;<a href=".\ScreenShot\ICar_BAM633_TC01_39148769684600.png" target="_blank" >[ScreenShot]</a></div>
<div class="test-event"> <font color="maroon"> <small> &emsp; &emsp;--- 16 Oct 09:39:41 546 - Element is displayed:: [[ChromeDriver: chrome on WINDOWS (65c43b0776f915c91cff34c3c45003cb)] -> xpath: (//*[@class='slds-button slds-button_icon-border slds-button_icon-x-small'])[1]]</small> </font> </div>
<div class="test-event"> <font color="maroon"> <small> &emsp; &emsp;--- 16 Oct 09:39:41 725 - Element is displayed:: [[ChromeDriver: chrome on WINDOWS (65c43b0776f915c91cff34c3c45003cb)] -> xpath: //*[@role='menuitem']/span[contains(text(),'Platinum Report')]]</small> </font> </div>
<div class="test-message">&emsp;Successfully verified  platinium download 'Gold class summary' Page&emsp;<a href=".\ScreenShot\ICar_BAM633_TC01_39149179993600.png" target="_blank" >[ScreenShot]</a></div>
<div class="test-result"><br><font color="green"><strong> Test Passed. </strong></font> </div>&emsp;
&emsp;<div class="test-title"> <strong><font size = "3" color = "#0000FF">---Test Execution Ends---</font> </strong> </div>&emsp;
<div class="test-event"> <font color="maroon"> <small> &emsp; &emsp;--- 16 Oct 09:39:42 436 - TestCaseID:: ICar_BAM633_TC02</small> </font> </div>
<div class="test-event"> <font color="maroon"> <small> &emsp; &emsp;--- 16 Oct 09:39:43 350 - <b>0</b> - Driver::initialize::Get - ICar.support.WebDriverFactory.getDriver(WebDriverFactory.java:640)</small> </font> </div>
&emsp;<div class="test-title"> <strong><font size = "3" color = "#000080">Navigate to ""Gold class summary"  page as admin user</font> </strong> </div>&emsp;<div><strong>Steps:</strong></div><!-- Report -->&emsp;
<div class="test-event"> <font color="maroon"> <small> &emsp; &emsp;--- 16 Oct 09:39:47 691 - Page URL:: https://i-car--staging.sandbox.my.salesforce.com/</small> </font> </div>
<div class="test-event"> <font color="maroon"> <small> &emsp; &emsp;--- 16 Oct 09:39:47 691 - <b>0</b> - Page Load Wait: (Sync) - ICar.support.Utils.waitForPageLoad(Utils.java:109)</small> </font> </div>
<div class="test-message">&emsp;Successfully navigated to 'Login' Page&emsp;<a href=".\ScreenShot\ICar_BAM633_TC02_39155129095700.png" target="_blank" >[ScreenShot]</a></div>
<div class="test-message">&emsp;1. Login page is launched.</div>
<div class="test-event"> <font color="maroon"> <small> &emsp; &emsp;--- 16 Oct 09:39:47 996 - Element is displayed:: [[ChromeDriver: chrome on WINDOWS (c3aa546da47aed03bea33bf79f24d818)] -> id: username]</small> </font> </div>
<div class="test-event"> <font color="maroon"> <small> &emsp; &emsp;--- 16 Oct 09:39:48 083 - Element is displayed:: [[ChromeDriver: chrome on WINDOWS (c3aa546da47aed03bea33bf79f24d818)] -> id: username]</small> </font> </div>
<div class="test-event"> <font color="maroon"> <small> &emsp; &emsp;--- 16 Oct 09:39:48 366 - Element is displayed:: [[ChromeDriver: chrome on WINDOWS (c3aa546da47aed03bea33bf79f24d818)] -> id: password]</small> </font> </div>
<div class="test-event"> <font color="maroon"> <small> &emsp; &emsp;--- 16 Oct 09:39:49 448 - Element is displayed:: [[ChromeDriver: chrome on WINDOWS (c3aa546da47aed03bea33bf79f24d818)] -> id: Login]</small> </font> </div>
<div class="test-event"> <font color="maroon"> <small> &emsp; &emsp;--- 16 Oct 09:40:17 250 - Catched spinner load exception due to Expected condition failed: waiting for ICar.support.WaitUtils$4@714addf7 (tried for 13 second(s) with 500 milliseconds interval)</small> </font> </div>
<div class="test-event"> <font color="maroon"> <small> &emsp; &emsp;--- 16 Oct 09:40:17 250 - <b>13</b> - Spinner Load Wait: (Sync) - ICar.support.WaitUtils.waitForSpinner(WaitUtils.java:225)</small> </font> </div>
<div class="test-event"> <font color="maroon"> <small> &emsp; &emsp;--- 16 Oct 09:40:35 404 - Catched spinner load exception due to Expected condition failed: waiting for ICar.support.WaitUtils$4@714addf7 (tried for 6 second(s) with 500 milliseconds interval)</small> </font> </div>
<div class="test-event"> <font color="maroon"> <small> &emsp; &emsp;--- 16 Oct 09:40:35 404 - <b>6</b> - Spinner Load Wait: (Sync) - ICar.support.WaitUtils.waitForSpinner(WaitUtils.java:225)</small> </font> </div>
<div class="test-event"> <font color="maroon"> <small> &emsp; &emsp;--- 16 Oct 09:40:35 486 - Element is displayed:: [[ChromeDriver: chrome on WINDOWS (c3aa546da47aed03bea33bf79f24d818)] -> css selector: button[class*='search-button']]</small> </font> </div>
<div class="test-message">&emsp;2. Navigate to 'SalesForce Page'</div>
<div class="test-event"> <font color="maroon"> <small> &emsp; &emsp;--- 16 Oct 09:40:36 055 - Page URL:: https://i-car--staging.sandbox.lightning.force.com/lightning/r/contact/0031i00000oeshzqaa/related/enrollment_contact__r/view?ws=%2flightning%2fr%2fcontact%2f0031i00000oeshzqaa%2fview</small> </font> </div>
<div class="test-event"> <font color="maroon"> <small> &emsp; &emsp;--- 16 Oct 09:40:36 055 - <b>0</b> - Page Load Wait: (Sync) - ICar.support.Utils.waitForPageLoad(Utils.java:109)</small> </font> </div>
<div class="test-event"> <font color="maroon"> <small> &emsp; &emsp;--- 16 Oct 09:40:41 884 - Page URL:: https://i-car--staging.sandbox.lightning.force.com/lightning/r/contact/0031i00000oeshzqaa/related/enrollment_contact__r/view?ws=%2flightning%2fr%2fcontact%2f0031i00000oeshzqaa%2fview</small> </font> </div>
<div class="test-event"> <font color="maroon"> <small> &emsp; &emsp;--- 16 Oct 09:40:41 884 - <b>0</b> - Page Load Wait: (Sync) - ICar.support.Utils.waitForPageLoad(Utils.java:109)</small> </font> </div>
<div class="test-message">&emsp;Close the tab</div>
<div class="test-message">&emsp;Successfully navigated to 'Login' Page&emsp;<a href=".\ScreenShot\ICar_BAM633_TC02_39214431115500.png" target="_blank" >[ScreenShot]</a></div>
<div class="test-event"> <font color="maroon"> <small> &emsp; &emsp;--- 16 Oct 09:40:47 711 - Page URL:: https://i-car--staging.sandbox.lightning.force.com/lightning/o/account/list?filtername=accounts</small> </font> </div>
<div class="test-event"> <font color="maroon"> <small> &emsp; &emsp;--- 16 Oct 09:40:47 711 - <b>0</b> - Page Load Wait: (Sync) - ICar.support.Utils.waitForPageLoad(Utils.java:109)</small> </font> </div>
<div class="test-event"> <font color="maroon"> <small> &emsp; &emsp;--- 16 Oct 09:40:53 046 - Page URL:: https://i-car--staging.sandbox.lightning.force.com/lightning/o/account/list?filtername=accounts</small> </font> </div>
<div class="test-event"> <font color="maroon"> <small> &emsp; &emsp;--- 16 Oct 09:40:53 046 - <b>0</b> - Page Load Wait: (Sync) - ICar.support.Utils.waitForPageLoad(Utils.java:109)</small> </font> </div>
<div class="test-message">&emsp;Close the tab</div>
<div class="test-event"> <font color="maroon"> <small> &emsp; &emsp;--- 16 Oct 09:40:58 470 - Page URL:: https://i-car--staging.sandbox.lightning.force.com/lightning/o/account/list?filtername=accounts</small> </font> </div>
<div class="test-event"> <font color="maroon"> <small> &emsp; &emsp;--- 16 Oct 09:40:58 470 - <b>0</b> - Page Load Wait: (Sync) - ICar.support.Utils.waitForPageLoad(Utils.java:109)</small> </font> </div>
<div class="test-event"> <font color="maroon"> <small> &emsp; &emsp;--- 16 Oct 09:40:58 511 - Element is displayed:: [[ChromeDriver: chrome on WINDOWS (c3aa546da47aed03bea33bf79f24d818)] -> css selector: button[class*='search-button']]</small> </font> </div>
<div class="test-event"> <font color="maroon"> <small> &emsp; &emsp;--- 16 Oct 09:41:00 586 - Catched spinner load exception due to Expected condition failed: waiting for ICar.support.WaitUtils$4@714addf7 (tried for 2 second(s) with 500 milliseconds interval)</small> </font> </div>
<div class="test-event"> <font color="maroon"> <small> &emsp; &emsp;--- 16 Oct 09:41:00 586 - <b>2</b> - Spinner Load Wait: (Sync) - ICar.support.WaitUtils.waitForSpinner(WaitUtils.java:225)</small> </font> </div>
<div class="test-event"> <font color="maroon"> <small> &emsp; &emsp;--- 16 Oct 09:41:03 686 - Element is displayed:: [[ChromeDriver: chrome on WINDOWS (c3aa546da47aed03bea33bf79f24d818)] -> css selector: button[class*='search-button']]</small> </font> </div>
<div class="test-event"> <font color="maroon"> <small> &emsp; &emsp;--- 16 Oct 09:41:04 303 - Page URL:: https://i-car--staging.sandbox.lightning.force.com/lightning/o/account/list?filtername=accounts</small> </font> </div>
<div class="test-event"> <font color="maroon"> <small> &emsp; &emsp;--- 16 Oct 09:41:04 303 - <b>0</b> - Page Load Wait: (Sync) - ICar.support.Utils.waitForPageLoad(Utils.java:109)</small> </font> </div>
<div class="test-event"> <font color="maroon"> <small> &emsp; &emsp;--- 16 Oct 09:41:23 776 - Catched spinner load exception due to Expected condition failed: waiting for ICar.support.WaitUtils$4@714addf7 (tried for 10 second(s) with 500 milliseconds interval)</small> </font> </div>
<div class="test-event"> <font color="maroon"> <small> &emsp; &emsp;--- 16 Oct 09:41:23 776 - <b>10</b> - Spinner Load Wait: (Sync) - ICar.support.WaitUtils.waitForSpinner(WaitUtils.java:225)</small> </font> </div>
<div class="test-event"> <font color="maroon"> <small> &emsp; &emsp;--- 16 Oct 09:41:24 330 - Page URL:: https://i-car--staging.sandbox.lightning.force.com/one/one.app#eyjjb21wb25lbnrezwyioijmb3jjzvnlyxjjadpzzwfyy2hqywdlrgvza3rvccisimf0dhjpynv0zxmionsidgvybsi6ijiznjy5mzkilcjzy29wzu1hcci6eyj0exblijoive9qx1jfu1vmvfmilcjuyw1lc3bhy2uioiiilcjsywjlbci6ilrvccbszxn1bhrziiwibgfizwxqbhvyywwioijub3agumvzdwx0cyisinjlc3vsdhndbxaioijmb3jjzvnlyxjjadpwcmvkawn0zwrszxn1bhrzin0simnvbnrlehqionsirklmvevsuyi6e30sinnlyxjjafnvdxjjzsi6ikftu0ltvefovf9esufmt0cilcjkaxnhymxlsw50zw50uxvlcnkiomzhbhnllcjkaxnhymxlu3blbgxdb3jyzwn0aw9uijpmywxzzswic2vhcmnorglhbg9nu2vzc2lvbklkijoiyzq0mjnlzdetogflnc01nzkwltnmmjqtodu3zdq1nzi5n2u2iiwizgvidwdjbmzvijp7imfwce5hbwuioijjq2fyx1nlcnzpy2vfq29uc29szsisimfwcfr5cguioijdb25zb2xliiwiyxbwtmftzxnwywnlijoiyyisimxvy2f0aw9uijoizm9yy2u6b2jqzwn0sg9tzurlc2t0b3ailcjzb2jqzwn0vhlwzsi6ikfjy291bnqifx0simdyb3vwswqioijeruzbvuxuin0sinn0yxrlijp7fx0%3d</small> </font> </div>
<div class="test-event"> <font color="maroon"> <small> &emsp; &emsp;--- 16 Oct 09:41:24 330 - <b>0</b> - Page Load Wait: (Sync) - ICar.support.Utils.waitForPageLoad(Utils.java:109)</small> </font> </div>
<div class="test-event"> <font color="maroon"> <small> &emsp; &emsp;--- 16 Oct 09:41:35 837 - Catched spinner load exception due to Expected condition failed: waiting for ICar.support.WaitUtils$4@714addf7 (tried for 11 second(s) with 500 milliseconds interval)</small> </font> </div>
<div class="test-event"> <font color="maroon"> <small> &emsp; &emsp;--- 16 Oct 09:41:35 837 - <b>11</b> - Spinner Load Wait: (Sync) - ICar.support.WaitUtils.waitForSpinner(WaitUtils.java:225)</small> </font> </div>
<div class="test-event"> <font color="maroon"> <small> &emsp; &emsp;--- 16 Oct 09:41:36 388 - Page URL:: https://i-car--staging.sandbox.lightning.force.com/one/one.app#eyjjb21wb25lbnrezwyioijmb3jjzvnlyxjjadpzzwfyy2hqywdlrgvza3rvccisimf0dhjpynv0zxmionsidgvybsi6ijiznjy5mzkilcjzy29wzu1hcci6eyj0exblijoive9qx1jfu1vmvfmilcjuyw1lc3bhy2uioiiilcjsywjlbci6ilrvccbszxn1bhrziiwibgfizwxqbhvyywwioijub3agumvzdwx0cyisinjlc3vsdhndbxaioijmb3jjzvnlyxjjadpwcmvkawn0zwrszxn1bhrzin0simnvbnrlehqionsirklmvevsuyi6e30sinnlyxjjafnvdxjjzsi6ikftu0ltvefovf9esufmt0cilcjkaxnhymxlsw50zw50uxvlcnkiomzhbhnllcjkaxnhymxlu3blbgxdb3jyzwn0aw9uijpmywxzzswic2vhcmnorglhbg9nu2vzc2lvbklkijoiyzq0mjnlzdetogflnc01nzkwltnmmjqtodu3zdq1nzi5n2u2iiwizgvidwdjbmzvijp7imfwce5hbwuioijjq2fyx1nlcnzpy2vfq29uc29szsisimfwcfr5cguioijdb25zb2xliiwiyxbwtmftzxnwywnlijoiyyisimxvy2f0aw9uijoizm9yy2u6b2jqzwn0sg9tzurlc2t0b3ailcjzb2jqzwn0vhlwzsi6ikfjy291bnqifx0simdyb3vwswqioijeruzbvuxuin0sinn0yxrlijp7fx0%3d</small> </font> </div>
<div class="test-event"> <font color="maroon"> <small> &emsp; &emsp;--- 16 Oct 09:41:36 388 - <b>0</b> - Page Load Wait: (Sync) - ICar.support.Utils.waitForPageLoad(Utils.java:109)</small> </font> </div>
<div class="test-event"> <font color="maroon"> <small> &emsp; &emsp;--- 16 Oct 09:41:36 446 - Element is displayed:: [[ChromeDriver: chrome on WINDOWS (c3aa546da47aed03bea33bf79f24d818)] -> xpath: //a[@title='Top Results']//span[text()='Top Results']]</small> </font> </div>
<div class="test-event"> <font color="maroon"> <small> &emsp; &emsp;--- 16 Oct 09:41:36 883 - Page URL:: https://i-car--staging.sandbox.lightning.force.com/one/one.app#eyjjb21wb25lbnrezwyioijmb3jjzvnlyxjjadpzzwfyy2hqywdlrgvza3rvccisimf0dhjpynv0zxmionsidgvybsi6ijiznjy5mzkilcjzy29wzu1hcci6eyj0exblijoive9qx1jfu1vmvfmilcjuyw1lc3bhy2uioiiilcjsywjlbci6ilrvccbszxn1bhrziiwibgfizwxqbhvyywwioijub3agumvzdwx0cyisinjlc3vsdhndbxaioijmb3jjzvnlyxjjadpwcmvkawn0zwrszxn1bhrzin0simnvbnrlehqionsirklmvevsuyi6e30sinnlyxjjafnvdxjjzsi6ikftu0ltvefovf9esufmt0cilcjkaxnhymxlsw50zw50uxvlcnkiomzhbhnllcjkaxnhymxlu3blbgxdb3jyzwn0aw9uijpmywxzzswic2vhcmnorglhbg9nu2vzc2lvbklkijoiyzq0mjnlzdetogflnc01nzkwltnmmjqtodu3zdq1nzi5n2u2iiwizgvidwdjbmzvijp7imfwce5hbwuioijjq2fyx1nlcnzpy2vfq29uc29szsisimfwcfr5cguioijdb25zb2xliiwiyxbwtmftzxnwywnlijoiyyisimxvy2f0aw9uijoizm9yy2u6b2jqzwn0sg9tzurlc2t0b3ailcjzb2jqzwn0vhlwzsi6ikfjy291bnqifx0simdyb3vwswqioijeruzbvuxuin0sinn0yxrlijp7fx0%3d</small> </font> </div>
<div class="test-event"> <font color="maroon"> <small> &emsp; &emsp;--- 16 Oct 09:41:36 883 - <b>0</b> - Page Load Wait: (Sync) - ICar.support.Utils.waitForPageLoad(Utils.java:109)</small> </font> </div>
<div class="test-event"> <font color="maroon"> <small> &emsp; &emsp;--- 16 Oct 09:41:42 104 - Catched spinner load exception due to Expected condition failed: waiting for ICar.support.WaitUtils$4@714addf7 (tried for 5 second(s) with 500 milliseconds interval)</small> </font> </div>
<div class="test-event"> <font color="maroon"> <small> &emsp; &emsp;--- 16 Oct 09:41:42 105 - <b>5</b> - Spinner Load Wait: (Sync) - ICar.support.WaitUtils.waitForSpinner(WaitUtils.java:225)</small> </font> </div>
<div class="test-event"> <font color="maroon"> <small> &emsp; &emsp;--- 16 Oct 09:41:42 621 - Page URL:: https://i-car--staging.sandbox.lightning.force.com/one/one.app#eyjjb21wb25lbnrezwyioijmb3jjzvnlyxjjadpzzwfyy2hqywdlrgvza3rvccisimf0dhjpynv0zxmionsidgvybsi6ijiznjy5mzkilcjzy29wzu1hcci6eyj0exblijoive9qx1jfu1vmvfmilcjuyw1lc3bhy2uioiiilcjsywjlbci6ilrvccbszxn1bhrziiwibgfizwxqbhvyywwioijub3agumvzdwx0cyisinjlc3vsdhndbxaioijmb3jjzvnlyxjjadpwcmvkawn0zwrszxn1bhrzin0simnvbnrlehqionsirklmvevsuyi6e30sinnlyxjjafnvdxjjzsi6ikftu0ltvefovf9esufmt0cilcjkaxnhymxlsw50zw50uxvlcnkiomzhbhnllcjkaxnhymxlu3blbgxdb3jyzwn0aw9uijpmywxzzswic2vhcmnorglhbg9nu2vzc2lvbklkijoiyzq0mjnlzdetogflnc01nzkwltnmmjqtodu3zdq1nzi5n2u2iiwizgvidwdjbmzvijp7imfwce5hbwuioijjq2fyx1nlcnzpy2vfq29uc29szsisimfwcfr5cguioijdb25zb2xliiwiyxbwtmftzxnwywnlijoiyyisimxvy2f0aw9uijoizm9yy2u6b2jqzwn0sg9tzurlc2t0b3ailcjzb2jqzwn0vhlwzsi6ikfjy291bnqifx0simdyb3vwswqioijeruzbvuxuin0sinn0yxrlijp7fx0%3d</small> </font> </div>
<div class="test-event"> <font color="maroon"> <small> &emsp; &emsp;--- 16 Oct 09:41:42 621 - <b>0</b> - Page Load Wait: (Sync) - ICar.support.Utils.waitForPageLoad(Utils.java:109)</small> </font> </div>
<div class="test-event"> <font color="maroon"> <small> &emsp; &emsp;--- 16 Oct 09:41:43 126 - Page URL:: https://i-car--staging.sandbox.lightning.force.com/one/one.app#eyjjb21wb25lbnrezwyioijmb3jjzvnlyxjjadpzzwfyy2hqywdlrgvza3rvccisimf0dhjpynv0zxmionsidgvybsi6ijiznjy5mzkilcjzy29wzu1hcci6eyj0exblijoive9qx1jfu1vmvfmilcjuyw1lc3bhy2uioiiilcjsywjlbci6ilrvccbszxn1bhrziiwibgfizwxqbhvyywwioijub3agumvzdwx0cyisinjlc3vsdhndbxaioijmb3jjzvnlyxjjadpwcmvkawn0zwrszxn1bhrzin0simnvbnrlehqionsirklmvevsuyi6e30sinnlyxjjafnvdxjjzsi6ikftu0ltvefovf9esufmt0cilcjkaxnhymxlsw50zw50uxvlcnkiomzhbhnllcjkaxnhymxlu3blbgxdb3jyzwn0aw9uijpmywxzzswic2vhcmnorglhbg9nu2vzc2lvbklkijoiyzq0mjnlzdetogflnc01nzkwltnmmjqtodu3zdq1nzi5n2u2iiwizgvidwdjbmzvijp7imfwce5hbwuioijjq2fyx1nlcnzpy2vfq29uc29szsisimfwcfr5cguioijdb25zb2xliiwiyxbwtmftzxnwywnlijoiyyisimxvy2f0aw9uijoizm9yy2u6b2jqzwn0sg9tzurlc2t0b3ailcjzb2jqzwn0vhlwzsi6ikfjy291bnqifx0simdyb3vwswqioijeruzbvuxuin0sinn0yxrlijp7fx0%3d</small> </font> </div>
<div class="test-event"> <font color="maroon"> <small> &emsp; &emsp;--- 16 Oct 09:41:43 126 - <b>0</b> - Page Load Wait: (Sync) - ICar.support.Utils.waitForPageLoad(Utils.java:109)</small> </font> </div>
<div class="test-event"> <font color="maroon"> <small> &emsp; &emsp;--- 16 Oct 09:41:43 681 - Page URL:: https://i-car--staging.sandbox.lightning.force.com/one/one.app#eyjjb21wb25lbnrezwyioijmb3jjzvnlyxjjadpzzwfyy2hqywdlrgvza3rvccisimf0dhjpynv0zxmionsidgvybsi6ijiznjy5mzkilcjzy29wzu1hcci6eyj0exblijoive9qx1jfu1vmvfmilcjuyw1lc3bhy2uioiiilcjsywjlbci6ilrvccbszxn1bhrziiwibgfizwxqbhvyywwioijub3agumvzdwx0cyisinjlc3vsdhndbxaioijmb3jjzvnlyxjjadpwcmvkawn0zwrszxn1bhrzin0simnvbnrlehqionsirklmvevsuyi6e30sinnlyxjjafnvdxjjzsi6ikftu0ltvefovf9esufmt0cilcjkaxnhymxlsw50zw50uxvlcnkiomzhbhnllcjkaxnhymxlu3blbgxdb3jyzwn0aw9uijpmywxzzswic2vhcmnorglhbg9nu2vzc2lvbklkijoiyzq0mjnlzdetogflnc01nzkwltnmmjqtodu3zdq1nzi5n2u2iiwizgvidwdjbmzvijp7imfwce5hbwuioijjq2fyx1nlcnzpy2vfq29uc29szsisimfwcfr5cguioijdb25zb2xliiwiyxbwtmftzxnwywnlijoiyyisimxvy2f0aw9uijoizm9yy2u6b2jqzwn0sg9tzurlc2t0b3ailcjzb2jqzwn0vhlwzsi6ikfjy291bnqifx0simdyb3vwswqioijeruzbvuxuin0sinn0yxrlijp7fx0%3d</small> </font> </div>
<div class="test-event"> <font color="maroon"> <small> &emsp; &emsp;--- 16 Oct 09:41:43 681 - <b>0</b> - Page Load Wait: (Sync) - ICar.support.Utils.waitForPageLoad(Utils.java:109)</small> </font> </div>
<div class="test-event"> <font color="maroon"> <small> &emsp; &emsp;--- 16 Oct 09:41:52 026 - Catched spinner load exception due to Expected condition failed: waiting for ICar.support.WaitUtils$4@714addf7 (tried for 8 second(s) with 500 milliseconds interval)</small> </font> </div>
<div class="test-event"> <font color="maroon"> <small> &emsp; &emsp;--- 16 Oct 09:41:52 026 - <b>8</b> - Spinner Load Wait: (Sync) - ICar.support.WaitUtils.waitForSpinner(WaitUtils.java:225)</small> </font> </div>
<div class="test-event"> <font color="maroon"> <small> &emsp; &emsp;--- 16 Oct 09:41:52 674 - Page URL:: https://i-car--staging.sandbox.lightning.force.com/one/one.app#eyjjb21wb25lbnrezwyioijmb3jjzvnlyxjjadpzzwfyy2hqywdlrgvza3rvccisimf0dhjpynv0zxmionsidgvybsi6ijiznjy5mzkilcjzy29wzu1hcci6eyj0exblijoive9qx1jfu1vmvfmilcjuyw1lc3bhy2uioiiilcjsywjlbci6ilrvccbszxn1bhrziiwibgfizwxqbhvyywwioijub3agumvzdwx0cyisinjlc3vsdhndbxaioijmb3jjzvnlyxjjadpwcmvkawn0zwrszxn1bhrzin0simnvbnrlehqionsirklmvevsuyi6e30sinnlyxjjafnvdxjjzsi6ikftu0ltvefovf9esufmt0cilcjkaxnhymxlsw50zw50uxvlcnkiomzhbhnllcjkaxnhymxlu3blbgxdb3jyzwn0aw9uijpmywxzzswic2vhcmnorglhbg9nu2vzc2lvbklkijoiyzq0mjnlzdetogflnc01nzkwltnmmjqtodu3zdq1nzi5n2u2iiwizgvidwdjbmzvijp7imfwce5hbwuioijjq2fyx1nlcnzpy2vfq29uc29szsisimfwcfr5cguioijdb25zb2xliiwiyxbwtmftzxnwywnlijoiyyisimxvy2f0aw9uijoizm9yy2u6b2jqzwn0sg9tzurlc2t0b3ailcjzb2jqzwn0vhlwzsi6ikfjy291bnqifx0simdyb3vwswqioijeruzbvuxuin0sinn0yxrlijp7fx0%3d</small> </font> </div>
<div class="test-event"> <font color="maroon"> <small> &emsp; &emsp;--- 16 Oct 09:41:52 674 - <b>0</b> - Page Load Wait: (Sync) - ICar.support.Utils.waitForPageLoad(Utils.java:109)</small> </font> </div>
<div class="test-event"> <font color="maroon"> <small> &emsp; &emsp;--- 16 Oct 09:41:54 821 - Element is displayed:: [[ChromeDriver: chrome on WINDOWS (c3aa546da47aed03bea33bf79f24d818)] -> xpath: //div[contains(@class,'forceSearchResultsRegion')]//div[contains(@class,'resultsMultiWrapper')]/div/div[1]//following::h2//a]</small> </font> </div>
<div class="test-event"> <font color="maroon"> <small> &emsp; &emsp;--- 16 Oct 09:41:55 096 - Element is displayed:: [[ChromeDriver: chrome on WINDOWS (c3aa546da47aed03bea33bf79f24d818)] -> xpath: //a[text()='Contacts']]</small> </font> </div>
<div class="test-event"> <font color="maroon"> <small> &emsp; &emsp;--- 16 Oct 09:41:59 182 - Element is displayed:: [[ChromeDriver: chrome on WINDOWS (c3aa546da47aed03bea33bf79f24d818)] -> xpath: //div[text()='Contacts']//following :: table//tbody//th//span /a]</small> </font> </div>
<div class="test-event"> <font color="maroon"> <small> &emsp; &emsp;--- 16 Oct 09:42:00 058 - Page URL:: https://i-car--staging.sandbox.lightning.force.com/one/one.app#eyjjb21wb25lbnrezwyioijmb3jjzvnlyxjjadpzzwfyy2hqywdlrgvza3rvccisimf0dhjpynv0zxmionsidgvybsi6ijiznjy5mzkilcjzy29wzu1hcci6eyj0exblijoive9qx1jfu1vmvfmilcjuyw1lc3bhy2uioiiilcjsywjlbci6ilrvccbszxn1bhrziiwibgfizwxqbhvyywwioijub3agumvzdwx0cyisinjlc3vsdhndbxaioijmb3jjzvnlyxjjadpwcmvkawn0zwrszxn1bhrzin0simnvbnrlehqionsirklmvevsuyi6e30sinnlyxjjafnvdxjjzsi6ikftu0ltvefovf9esufmt0cilcjkaxnhymxlsw50zw50uxvlcnkiomzhbhnllcjkaxnhymxlu3blbgxdb3jyzwn0aw9uijpmywxzzswic2vhcmnorglhbg9nu2vzc2lvbklkijoiyzq0mjnlzdetogflnc01nzkwltnmmjqtodu3zdq1nzi5n2u2iiwizgvidwdjbmzvijp7imfwce5hbwuioijjq2fyx1nlcnzpy2vfq29uc29szsisimfwcfr5cguioijdb25zb2xliiwiyxbwtmftzxnwywnlijoiyyisimxvy2f0aw9uijoizm9yy2u6b2jqzwn0sg9tzurlc2t0b3ailcjzb2jqzwn0vhlwzsi6ikfjy291bnqifx0simdyb3vwswqioijeruzbvuxuin0sinn0yxrlijp7fx0%3d</small> </font> </div>
<div class="test-event"> <font color="maroon"> <small> &emsp; &emsp;--- 16 Oct 09:42:00 059 - <b>0</b> - Page Load Wait: (Sync) - ICar.support.Utils.waitForPageLoad(Utils.java:109)</small> </font> </div>
<div class="test-event"> <font color="maroon"> <small> &emsp; &emsp;--- 16 Oct 09:42:08 071 - Catched spinner load exception due to Expected condition failed: waiting for ICar.support.WaitUtils$4@714addf7 (tried for 8 second(s) with 500 milliseconds interval)</small> </font> </div>
<div class="test-event"> <font color="maroon"> <small> &emsp; &emsp;--- 16 Oct 09:42:08 071 - <b>8</b> - Spinner Load Wait: (Sync) - ICar.support.WaitUtils.waitForSpinner(WaitUtils.java:225)</small> </font> </div>
<div class="test-event"> <font color="maroon"> <small> &emsp; &emsp;--- 16 Oct 09:42:08 468 - Page URL:: https://i-car--staging.sandbox.lightning.force.com/lightning/r/contact/0031i00000nugvlqau/view</small> </font> </div>
<div class="test-event"> <font color="maroon"> <small> &emsp; &emsp;--- 16 Oct 09:42:08 468 - <b>0</b> - Page Load Wait: (Sync) - ICar.support.Utils.waitForPageLoad(Utils.java:109)</small> </font> </div>
<div class="test-event"> <font color="maroon"> <small> &emsp; &emsp;--- 16 Oct 09:42:24 562 - Unable to find a element after 9 sec ==> Proxy element for: AjaxElementLocator 'By.xpath: //a[@name='TM_Account_Hierarchy']/span'</small> </font> </div>
<div class="test-event"> <font color="maroon"> <small> &emsp; &emsp;--- 16 Oct 09:42:24 663 - Element is displayed:: [[ChromeDriver: chrome on WINDOWS (c3aa546da47aed03bea33bf79f24d818)] -> xpath: //ul[@class='slds-button-group-list']/li[4]//button]</small> </font> </div>
<div class="test-event"> <font color="maroon"> <small> &emsp; &emsp;--- 16 Oct 09:42:25 257 - Page URL:: https://i-car--staging.sandbox.lightning.force.com/lightning/r/contact/0031i00000nugvlqau/view</small> </font> </div>
<div class="test-event"> <font color="maroon"> <small> &emsp; &emsp;--- 16 Oct 09:42:25 257 - <b>0</b> - Page Load Wait: (Sync) - ICar.support.Utils.waitForPageLoad(Utils.java:109)</small> </font> </div>
<div class="test-event"> <font color="maroon"> <small> &emsp; &emsp;--- 16 Oct 09:42:33 342 - Catched spinner load exception due to Expected condition failed: waiting for ICar.support.WaitUtils$4@714addf7 (tried for 8 second(s) with 500 milliseconds interval)</small> </font> </div>
<div class="test-event"> <font color="maroon"> <small> &emsp; &emsp;--- 16 Oct 09:42:33 342 - <b>8</b> - Spinner Load Wait: (Sync) - ICar.support.WaitUtils.waitForSpinner(WaitUtils.java:225)</small> </font> </div>
<div class="test-event"> <font color="maroon"> <small> &emsp; &emsp;--- 16 Oct 09:42:33 745 - Page URL:: https://i-car--staging.sandbox.lightning.force.com/lightning/r/contact/0031i00000nugvlqau/view</small> </font> </div>
<div class="test-event"> <font color="maroon"> <small> &emsp; &emsp;--- 16 Oct 09:42:33 746 - <b>0</b> - Page Load Wait: (Sync) - ICar.support.Utils.waitForPageLoad(Utils.java:109)</small> </font> </div>
<div class="test-event"> <font color="maroon"> <small> &emsp; &emsp;--- 16 Oct 09:42:50 086 - Unable to find a element after 10 sec ==> Proxy element for: AjaxElementLocator 'By.xpath: //a[@name='TM_Account_Hierarchy']/span'</small> </font> </div>
<div class="test-event"> <font color="maroon"> <small> &emsp; &emsp;--- 16 Oct 09:42:50 179 - Element is displayed:: [[ChromeDriver: chrome on WINDOWS (c3aa546da47aed03bea33bf79f24d818)] -> xpath: //*[text()='TM Dashboard']]</small> </font> </div>
<div class="test-event"> <font color="maroon"> <small> &emsp; &emsp;--- 16 Oct 09:42:50 866 - Page URL:: https://i-car--staging.sandbox.lightning.force.com/lightning/r/contact/0031i00000nugvlqau/view</small> </font> </div>
<div class="test-event"> <font color="maroon"> <small> &emsp; &emsp;--- 16 Oct 09:42:50 866 - <b>0</b> - Page Load Wait: (Sync) - ICar.support.Utils.waitForPageLoad(Utils.java:109)</small> </font> </div>
<div class="test-event"> <font color="maroon"> <small> &emsp; &emsp;--- 16 Oct 09:43:01 202 - Catched spinner load exception due to Expected condition failed: waiting for ICar.support.WaitUtils$4@714addf7 (tried for 10 second(s) with 500 milliseconds interval)</small> </font> </div>
<div class="test-event"> <font color="maroon"> <small> &emsp; &emsp;--- 16 Oct 09:43:01 202 - <b>10</b> - Spinner Load Wait: (Sync) - ICar.support.WaitUtils.waitForSpinner(WaitUtils.java:225)</small> </font> </div>
<div class="test-event"> <font color="maroon"> <small> &emsp; &emsp;--- 16 Oct 09:43:01 610 - Page URL:: https://i-car--staging.sandbox.lightning.force.com/one/one.app#eyjjb21wb25lbnrezwyioijvbmu6ywxvagfqywdliiwiyxr0cmlidxrlcyi6eyjhzgryzxnzijoiahr0chm6ly9plwnhci0tc3rhz2luzy0tyy5zyw5kym94lnzmlmzvcmnllmnvbs9hcgv4l0ldqvjfve1eyxnoym9hcmq%2fawq9mdazmukwmdawmg51r3zmuufvin0sinn0yxrlijp7indzijoil2xpz2h0bmluzy9yl0nvbnrhy3qvmdazmukwmdawmg51r3zmuufvl3zpzxcifx0%3d</small> </font> </div>
<div class="test-event"> <font color="maroon"> <small> &emsp; &emsp;--- 16 Oct 09:43:01 610 - <b>0</b> - Page Load Wait: (Sync) - ICar.support.Utils.waitForPageLoad(Utils.java:109)</small> </font> </div>
<div class="test-event"> <font color="maroon"> <small> &emsp; &emsp;--- 16 Oct 09:43:02 039 - Page URL:: https://i-car--staging.sandbox.lightning.force.com/one/one.app#eyjjb21wb25lbnrezwyioijvbmu6ywxvagfqywdliiwiyxr0cmlidxrlcyi6eyjhzgryzxnzijoiahr0chm6ly9plwnhci0tc3rhz2luzy0tyy5zyw5kym94lnzmlmzvcmnllmnvbs9hcgv4l0ldqvjfve1eyxnoym9hcmq%2fawq9mdazmukwmdawmg51r3zmuufvin0sinn0yxrlijp7indzijoil2xpz2h0bmluzy9yl0nvbnrhy3qvmdazmukwmdawmg51r3zmuufvl3zpzxcifx0%3d</small> </font> </div>
<div class="test-event"> <font color="maroon"> <small> &emsp; &emsp;--- 16 Oct 09:43:02 039 - <b>0</b> - Page Load Wait: (Sync) - ICar.support.Utils.waitForPageLoad(Utils.java:109)</small> </font> </div>
<div class="test-event"> <font color="maroon"> <small> &emsp; &emsp;--- 16 Oct 09:43:02 159 - Element is displayed:: [[ChromeDriver: chrome on WINDOWS (c3aa546da47aed03bea33bf79f24d818)] -> xpath: (//*[@class='slds-button slds-button_icon-border slds-button_icon-x-small'])[1]]</small> </font> </div>
<div class="test-event"> <font color="maroon"> <small> &emsp; &emsp;--- 16 Oct 09:43:02 239 - Element is displayed:: [[ChromeDriver: chrome on WINDOWS (c3aa546da47aed03bea33bf79f24d818)] -> xpath: (//*[@class='slds-button slds-button_icon-border slds-button_icon-x-small'])[1]]</small> </font> </div>
<div class="test-event"> <font color="maroon"> <small> &emsp; &emsp;--- 16 Oct 09:43:02 462 - Element is displayed:: [[ChromeDriver: chrome on WINDOWS (c3aa546da47aed03bea33bf79f24d818)] -> xpath: //div[@class='slds-dropdown slds-dropdown_left']//lightning-menu-item[4]//a]</small> </font> </div>
<div class="test-message">&emsp;Successfully verified  platinium download 'Gold class summary' Page&emsp;<a href=".\ScreenShot\ICar_BAM633_TC02_39349920002800.png" target="_blank" >[ScreenShot]</a></div>
<div class="test-result"><br><font color="green"><strong> Test Passed. </strong></font> </div>&emsp;
&emsp;<div class="test-title"> <strong><font size = "3" color = "#0000FF">---Test Execution Ends---</font> </strong> </div>&emsp;
<div class="test-event"> <font color="maroon"> <small> &emsp; &emsp;--- 16 Oct 09:43:03 179 - TestCaseID:: ICar_BAM633_TC03</small> </font> </div>
<div class="test-event"> <font color="maroon"> <small> &emsp; &emsp;--- 16 Oct 09:43:04 234 - <b>1</b> - Driver::initialize::Get - ICar.support.WebDriverFactory.getDriver(WebDriverFactory.java:640)</small> </font> </div>
&emsp;<div class="test-title"> <strong><font size = "3" color = "#000080">Platinum Report to be accessible from the "Action" dropdown button</font> </strong> </div>&emsp;<div><strong>Steps:</strong></div><!-- Report -->&emsp;
<div class="test-event"> <font color="maroon"> <small> &emsp; &emsp;--- 16 Oct 09:43:08 807 - Page URL:: https://i-car--staging.sandbox.my.salesforce.com/</small> </font> </div>
<div class="test-event"> <font color="maroon"> <small> &emsp; &emsp;--- 16 Oct 09:43:08 807 - <b>2</b> - Page Load Wait: (Sync) - ICar.support.Utils.waitForPageLoad(Utils.java:109)</small> </font> </div>
<div class="test-message">&emsp;Successfully navigated to 'Login' Page&emsp;<a href=".\ScreenShot\ICar_BAM633_TC03_39356244405300.png" target="_blank" >[ScreenShot]</a></div>
<div class="test-message">&emsp;1. Login page is launched.</div>
<div class="test-event"> <font color="maroon"> <small> &emsp; &emsp;--- 16 Oct 09:43:09 109 - Element is displayed:: [[ChromeDriver: chrome on WINDOWS (c9c61d68a4fe9640cce65ddec52313a9)] -> id: username]</small> </font> </div>
<div class="test-event"> <font color="maroon"> <small> &emsp; &emsp;--- 16 Oct 09:43:09 471 - Element is displayed:: [[ChromeDriver: chrome on WINDOWS (c9c61d68a4fe9640cce65ddec52313a9)] -> id: username]</small> </font> </div>
<div class="test-event"> <font color="maroon"> <small> &emsp; &emsp;--- 16 Oct 09:43:10 517 - Element is displayed:: [[ChromeDriver: chrome on WINDOWS (c9c61d68a4fe9640cce65ddec52313a9)] -> id: password]</small> </font> </div>
<div class="test-event"> <font color="maroon"> <small> &emsp; &emsp;--- 16 Oct 09:43:10 780 - Element is displayed:: [[ChromeDriver: chrome on WINDOWS (c9c61d68a4fe9640cce65ddec52313a9)] -> id: Login]</small> </font> </div>
<div class="test-event"> <font color="maroon"> <small> &emsp; &emsp;--- 16 Oct 09:43:40 094 - Catched spinner load exception due to Expected condition failed: waiting for ICar.support.WaitUtils$4@714addf7 (tried for 13 second(s) with 500 milliseconds interval)</small> </font> </div>
<div class="test-event"> <font color="maroon"> <small> &emsp; &emsp;--- 16 Oct 09:43:40 094 - <b>13</b> - Spinner Load Wait: (Sync) - ICar.support.WaitUtils.waitForSpinner(WaitUtils.java:225)</small> </font> </div>
<div class="test-event"> <font color="maroon"> <small> &emsp; &emsp;--- 16 Oct 09:43:59 909 - Catched spinner load exception due to Expected condition failed: waiting for ICar.support.WaitUtils$4@714addf7 (tried for 6 second(s) with 500 milliseconds interval)</small> </font> </div>
<div class="test-event"> <font color="maroon"> <small> &emsp; &emsp;--- 16 Oct 09:43:59 910 - <b>6</b> - Spinner Load Wait: (Sync) - ICar.support.WaitUtils.waitForSpinner(WaitUtils.java:225)</small> </font> </div>
<div class="test-event"> <font color="maroon"> <small> &emsp; &emsp;--- 16 Oct 09:44:00 004 - Element is displayed:: [[ChromeDriver: chrome on WINDOWS (c9c61d68a4fe9640cce65ddec52313a9)] -> css selector: button[class*='search-button']]</small> </font> </div>
<div class="test-message">&emsp;2. Navigate to 'SalesForce Page'</div>
<div class="test-event"> <font color="maroon"> <small> &emsp; &emsp;--- 16 Oct 09:44:00 282 - Page URL:: https://i-car--staging.sandbox.lightning.force.com/one/one.app#eyjjb21wb25lbnrezwyioijvbmu6ywxvagfqywdliiwiyxr0cmlidxrlcyi6eyjhzgryzxnzijoiahr0chm6ly9plwnhci0tc3rhz2luzy0tyy5zyw5kym94lnzmlmzvcmnllmnvbs9hcgv4l0ldqvjfve1eyxnoym9hcmq%2fawq9mdazmukwmdawmg51r3zmuufvin0sinn0yxrlijp7indzijoil2xpz2h0bmluzy9yl0nvbnrhy3qvmdazmukwmdawmg51r3zmuufvl3zpzxcifx0%3d</small> </font> </div>
<div class="test-event"> <font color="maroon"> <small> &emsp; &emsp;--- 16 Oct 09:44:00 282 - <b>0</b> - Page Load Wait: (Sync) - ICar.support.Utils.waitForPageLoad(Utils.java:109)</small> </font> </div>
<div class="test-event"> <font color="maroon"> <small> &emsp; &emsp;--- 16 Oct 09:44:05 767 - Page URL:: https://i-car--staging.sandbox.lightning.force.com/one/one.app#eyjjb21wb25lbnrezwyioijvbmu6ywxvagfqywdliiwiyxr0cmlidxrlcyi6eyjhzgryzxnzijoiahr0chm6ly9plwnhci0tc3rhz2luzy0tyy5zyw5kym94lnzmlmzvcmnllmnvbs9hcgv4l0ldqvjfve1eyxnoym9hcmq%2fawq9mdazmukwmdawmg51r3zmuufvin0sinn0yxrlijp7indzijoil2xpz2h0bmluzy9yl0nvbnrhy3qvmdazmukwmdawmg51r3zmuufvl3zpzxcifx0%3d</small> </font> </div>
<div class="test-event"> <font color="maroon"> <small> &emsp; &emsp;--- 16 Oct 09:44:05 767 - <b>0</b> - Page Load Wait: (Sync) - ICar.support.Utils.waitForPageLoad(Utils.java:109)</small> </font> </div>
<div class="test-message">&emsp;Close the tab</div>
<div class="test-message">&emsp;Successfully navigated to 'Login' Page&emsp;<a href=".\ScreenShot\ICar_BAM633_TC03_39418287442100.png" target="_blank" >[ScreenShot]</a></div>
<div class="test-event"> <font color="maroon"> <small> &emsp; &emsp;--- 16 Oct 09:44:11 427 - Page URL:: https://i-car--staging.sandbox.lightning.force.com/lightning/o/account/list?filtername=accounts</small> </font> </div>
<div class="test-event"> <font color="maroon"> <small> &emsp; &emsp;--- 16 Oct 09:44:11 427 - <b>0</b> - Page Load Wait: (Sync) - ICar.support.Utils.waitForPageLoad(Utils.java:109)</small> </font> </div>
<div class="test-event"> <font color="maroon"> <small> &emsp; &emsp;--- 16 Oct 09:44:16 850 - Page URL:: https://i-car--staging.sandbox.lightning.force.com/lightning/o/account/list?filtername=accounts</small> </font> </div>
<div class="test-event"> <font color="maroon"> <small> &emsp; &emsp;--- 16 Oct 09:44:16 850 - <b>0</b> - Page Load Wait: (Sync) - ICar.support.Utils.waitForPageLoad(Utils.java:109)</small> </font> </div>
<div class="test-message">&emsp;Close the tab</div>
<div class="test-event"> <font color="maroon"> <small> &emsp; &emsp;--- 16 Oct 09:44:22 498 - Page URL:: https://i-car--staging.sandbox.lightning.force.com/lightning/o/account/list?filtername=accounts</small> </font> </div>
<div class="test-event"> <font color="maroon"> <small> &emsp; &emsp;--- 16 Oct 09:44:22 498 - <b>0</b> - Page Load Wait: (Sync) - ICar.support.Utils.waitForPageLoad(Utils.java:109)</small> </font> </div>
<div class="test-event"> <font color="maroon"> <small> &emsp; &emsp;--- 16 Oct 09:44:22 546 - Element is displayed:: [[ChromeDriver: chrome on WINDOWS (c9c61d68a4fe9640cce65ddec52313a9)] -> css selector: button[class*='search-button']]</small> </font> </div>
<div class="test-event"> <font color="maroon"> <small> &emsp; &emsp;--- 16 Oct 09:44:24 646 - Catched spinner load exception due to Expected condition failed: waiting for ICar.support.WaitUtils$4@714addf7 (tried for 2 second(s) with 500 milliseconds interval)</small> </font> </div>
<div class="test-event"> <font color="maroon"> <small> &emsp; &emsp;--- 16 Oct 09:44:24 646 - <b>2</b> - Spinner Load Wait: (Sync) - ICar.support.WaitUtils.waitForSpinner(WaitUtils.java:225)</small> </font> </div>
<div class="test-event"> <font color="maroon"> <small> &emsp; &emsp;--- 16 Oct 09:44:27 719 - Element is displayed:: [[ChromeDriver: chrome on WINDOWS (c9c61d68a4fe9640cce65ddec52313a9)] -> css selector: button[class*='search-button']]</small> </font> </div>
<div class="test-event"> <font color="maroon"> <small> &emsp; &emsp;--- 16 Oct 09:44:28 353 - Page URL:: https://i-car--staging.sandbox.lightning.force.com/lightning/o/account/list?filtername=accounts</small> </font> </div>
<div class="test-event"> <font color="maroon"> <small> &emsp; &emsp;--- 16 Oct 09:44:28 353 - <b>0</b> - Page Load Wait: (Sync) - ICar.support.Utils.waitForPageLoad(Utils.java:109)</small> </font> </div>
<div class="test-event"> <font color="maroon"> <small> &emsp; &emsp;--- 16 Oct 09:44:47 997 - Catched spinner load exception due to Expected condition failed: waiting for ICar.support.WaitUtils$4@714addf7 (tried for 10 second(s) with 500 milliseconds interval)</small> </font> </div>
<div class="test-event"> <font color="maroon"> <small> &emsp; &emsp;--- 16 Oct 09:44:47 997 - <b>10</b> - Spinner Load Wait: (Sync) - ICar.support.WaitUtils.waitForSpinner(WaitUtils.java:225)</small> </font> </div>
<div class="test-event"> <font color="maroon"> <small> &emsp; &emsp;--- 16 Oct 09:44:48 551 - Page URL:: https://i-car--staging.sandbox.lightning.force.com/one/one.app#eyjjb21wb25lbnrezwyioijmb3jjzvnlyxjjadpzzwfyy2hqywdlrgvza3rvccisimf0dhjpynv0zxmionsidgvybsi6ijiznjy5mzkilcjzy29wzu1hcci6eyj0exblijoive9qx1jfu1vmvfmilcjuyw1lc3bhy2uioiiilcjsywjlbci6ilrvccbszxn1bhrziiwibgfizwxqbhvyywwioijub3agumvzdwx0cyisinjlc3vsdhndbxaioijmb3jjzvnlyxjjadpwcmvkawn0zwrszxn1bhrzin0simnvbnrlehqionsirklmvevsuyi6e30sinnlyxjjafnvdxjjzsi6ikftu0ltvefovf9esufmt0cilcjkaxnhymxlsw50zw50uxvlcnkiomzhbhnllcjkaxnhymxlu3blbgxdb3jyzwn0aw9uijpmywxzzswic2vhcmnorglhbg9nu2vzc2lvbklkijoingjkntazmmyty2m4zc04ote3lwnlntgtmmrlymixodqwnzziiiwizgvidwdjbmzvijp7imfwce5hbwuioijjq2fyx1nlcnzpy2vfq29uc29szsisimfwcfr5cguioijdb25zb2xliiwiyxbwtmftzxnwywnlijoiyyisimxvy2f0aw9uijoizm9yy2u6b2jqzwn0sg9tzurlc2t0b3ailcjzb2jqzwn0vhlwzsi6ikfjy291bnqifx0simdyb3vwswqioijeruzbvuxuin0sinn0yxrlijp7fx0%3d</small> </font> </div>
<div class="test-event"> <font color="maroon"> <small> &emsp; &emsp;--- 16 Oct 09:44:48 551 - <b>0</b> - Page Load Wait: (Sync) - ICar.support.Utils.waitForPageLoad(Utils.java:109)</small> </font> </div>
<div class="test-event"> <font color="maroon"> <small> &emsp; &emsp;--- 16 Oct 09:44:59 619 - Catched spinner load exception due to Expected condition failed: waiting for ICar.support.WaitUtils$4@714addf7 (tried for 11 second(s) with 500 milliseconds interval)</small> </font> </div>
<div class="test-event"> <font color="maroon"> <small> &emsp; &emsp;--- 16 Oct 09:44:59 619 - <b>11</b> - Spinner Load Wait: (Sync) - ICar.support.WaitUtils.waitForSpinner(WaitUtils.java:225)</small> </font> </div>
<div class="test-event"> <font color="maroon"> <small> &emsp; &emsp;--- 16 Oct 09:45:00 145 - Page URL:: https://i-car--staging.sandbox.lightning.force.com/one/one.app#eyjjb21wb25lbnrezwyioijmb3jjzvnlyxjjadpzzwfyy2hqywdlrgvza3rvccisimf0dhjpynv0zxmionsidgvybsi6ijiznjy5mzkilcjzy29wzu1hcci6eyj0exblijoive9qx1jfu1vmvfmilcjuyw1lc3bhy2uioiiilcjsywjlbci6ilrvccbszxn1bhrziiwibgfizwxqbhvyywwioijub3agumvzdwx0cyisinjlc3vsdhndbxaioijmb3jjzvnlyxjjadpwcmvkawn0zwrszxn1bhrzin0simnvbnrlehqionsirklmvevsuyi6e30sinnlyxjjafnvdxjjzsi6ikftu0ltvefovf9esufmt0cilcjkaxnhymxlsw50zw50uxvlcnkiomzhbhnllcjkaxnhymxlu3blbgxdb3jyzwn0aw9uijpmywxzzswic2vhcmnorglhbg9nu2vzc2lvbklkijoingjkntazmmyty2m4zc04ote3lwnlntgtmmrlymixodqwnzziiiwizgvidwdjbmzvijp7imfwce5hbwuioijjq2fyx1nlcnzpy2vfq29uc29szsisimfwcfr5cguioijdb25zb2xliiwiyxbwtmftzxnwywnlijoiyyisimxvy2f0aw9uijoizm9yy2u6b2jqzwn0sg9tzurlc2t0b3ailcjzb2jqzwn0vhlwzsi6ikfjy291bnqifx0simdyb3vwswqioijeruzbvuxuin0sinn0yxrlijp7fx0%3d</small> </font> </div>
<div class="test-event"> <font color="maroon"> <small> &emsp; &emsp;--- 16 Oct 09:45:00 145 - <b>0</b> - Page Load Wait: (Sync) - ICar.support.Utils.waitForPageLoad(Utils.java:109)</small> </font> </div>
<div class="test-event"> <font color="maroon"> <small> &emsp; &emsp;--- 16 Oct 09:45:00 198 - Element is displayed:: [[ChromeDriver: chrome on WINDOWS (c9c61d68a4fe9640cce65ddec52313a9)] -> xpath: //a[@title='Top Results']//span[text()='Top Results']]</small> </font> </div>
<div class="test-event"> <font color="maroon"> <small> &emsp; &emsp;--- 16 Oct 09:45:00 595 - Page URL:: https://i-car--staging.sandbox.lightning.force.com/one/one.app#eyjjb21wb25lbnrezwyioijmb3jjzvnlyxjjadpzzwfyy2hqywdlrgvza3rvccisimf0dhjpynv0zxmionsidgvybsi6ijiznjy5mzkilcjzy29wzu1hcci6eyj0exblijoive9qx1jfu1vmvfmilcjuyw1lc3bhy2uioiiilcjsywjlbci6ilrvccbszxn1bhrziiwibgfizwxqbhvyywwioijub3agumvzdwx0cyisinjlc3vsdhndbxaioijmb3jjzvnlyxjjadpwcmvkawn0zwrszxn1bhrzin0simnvbnrlehqionsirklmvevsuyi6e30sinnlyxjjafnvdxjjzsi6ikftu0ltvefovf9esufmt0cilcjkaxnhymxlsw50zw50uxvlcnkiomzhbhnllcjkaxnhymxlu3blbgxdb3jyzwn0aw9uijpmywxzzswic2vhcmnorglhbg9nu2vzc2lvbklkijoingjkntazmmyty2m4zc04ote3lwnlntgtmmrlymixodqwnzziiiwizgvidwdjbmzvijp7imfwce5hbwuioijjq2fyx1nlcnzpy2vfq29uc29szsisimfwcfr5cguioijdb25zb2xliiwiyxbwtmftzxnwywnlijoiyyisimxvy2f0aw9uijoizm9yy2u6b2jqzwn0sg9tzurlc2t0b3ailcjzb2jqzwn0vhlwzsi6ikfjy291bnqifx0simdyb3vwswqioijeruzbvuxuin0sinn0yxrlijp7fx0%3d</small> </font> </div>
<div class="test-event"> <font color="maroon"> <small> &emsp; &emsp;--- 16 Oct 09:45:00 595 - <b>0</b> - Page Load Wait: (Sync) - ICar.support.Utils.waitForPageLoad(Utils.java:109)</small> </font> </div>
<div class="test-event"> <font color="maroon"> <small> &emsp; &emsp;--- 16 Oct 09:45:05 922 - Catched spinner load exception due to Expected condition failed: waiting for ICar.support.WaitUtils$4@714addf7 (tried for 5 second(s) with 500 milliseconds interval)</small> </font> </div>
<div class="test-event"> <font color="maroon"> <small> &emsp; &emsp;--- 16 Oct 09:45:05 922 - <b>5</b> - Spinner Load Wait: (Sync) - ICar.support.WaitUtils.waitForSpinner(WaitUtils.java:225)</small> </font> </div>
<div class="test-event"> <font color="maroon"> <small> &emsp; &emsp;--- 16 Oct 09:45:06 424 - Page URL:: https://i-car--staging.sandbox.lightning.force.com/one/one.app#eyjjb21wb25lbnrezwyioijmb3jjzvnlyxjjadpzzwfyy2hqywdlrgvza3rvccisimf0dhjpynv0zxmionsidgvybsi6ijiznjy5mzkilcjzy29wzu1hcci6eyj0exblijoive9qx1jfu1vmvfmilcjuyw1lc3bhy2uioiiilcjsywjlbci6ilrvccbszxn1bhrziiwibgfizwxqbhvyywwioijub3agumvzdwx0cyisinjlc3vsdhndbxaioijmb3jjzvnlyxjjadpwcmvkawn0zwrszxn1bhrzin0simnvbnrlehqionsirklmvevsuyi6e30sinnlyxjjafnvdxjjzsi6ikftu0ltvefovf9esufmt0cilcjkaxnhymxlsw50zw50uxvlcnkiomzhbhnllcjkaxnhymxlu3blbgxdb3jyzwn0aw9uijpmywxzzswic2vhcmnorglhbg9nu2vzc2lvbklkijoingjkntazmmyty2m4zc04ote3lwnlntgtmmrlymixodqwnzziiiwizgvidwdjbmzvijp7imfwce5hbwuioijjq2fyx1nlcnzpy2vfq29uc29szsisimfwcfr5cguioijdb25zb2xliiwiyxbwtmftzxnwywnlijoiyyisimxvy2f0aw9uijoizm9yy2u6b2jqzwn0sg9tzurlc2t0b3ailcjzb2jqzwn0vhlwzsi6ikfjy291bnqifx0simdyb3vwswqioijeruzbvuxuin0sinn0yxrlijp7fx0%3d</small> </font> </div>
<div class="test-event"> <font color="maroon"> <small> &emsp; &emsp;--- 16 Oct 09:45:06 425 - <b>0</b> - Page Load Wait: (Sync) - ICar.support.Utils.waitForPageLoad(Utils.java:109)</small> </font> </div>
<div class="test-event"> <font color="maroon"> <small> &emsp; &emsp;--- 16 Oct 09:45:06 963 - Page URL:: https://i-car--staging.sandbox.lightning.force.com/one/one.app#eyjjb21wb25lbnrezwyioijmb3jjzvnlyxjjadpzzwfyy2hqywdlrgvza3rvccisimf0dhjpynv0zxmionsidgvybsi6ijiznjy5mzkilcjzy29wzu1hcci6eyj0exblijoive9qx1jfu1vmvfmilcjuyw1lc3bhy2uioiiilcjsywjlbci6ilrvccbszxn1bhrziiwibgfizwxqbhvyywwioijub3agumvzdwx0cyisinjlc3vsdhndbxaioijmb3jjzvnlyxjjadpwcmvkawn0zwrszxn1bhrzin0simnvbnrlehqionsirklmvevsuyi6e30sinnlyxjjafnvdxjjzsi6ikftu0ltvefovf9esufmt0cilcjkaxnhymxlsw50zw50uxvlcnkiomzhbhnllcjkaxnhymxlu3blbgxdb3jyzwn0aw9uijpmywxzzswic2vhcmnorglhbg9nu2vzc2lvbklkijoingjkntazmmyty2m4zc04ote3lwnlntgtmmrlymixodqwnzziiiwizgvidwdjbmzvijp7imfwce5hbwuioijjq2fyx1nlcnzpy2vfq29uc29szsisimfwcfr5cguioijdb25zb2xliiwiyxbwtmftzxnwywnlijoiyyisimxvy2f0aw9uijoizm9yy2u6b2jqzwn0sg9tzurlc2t0b3ailcjzb2jqzwn0vhlwzsi6ikfjy291bnqifx0simdyb3vwswqioijeruzbvuxuin0sinn0yxrlijp7fx0%3d</small> </font> </div>
<div class="test-event"> <font color="maroon"> <small> &emsp; &emsp;--- 16 Oct 09:45:06 963 - <b>0</b> - Page Load Wait: (Sync) - ICar.support.Utils.waitForPageLoad(Utils.java:109)</small> </font> </div>
<div class="test-event"> <font color="maroon"> <small> &emsp; &emsp;--- 16 Oct 09:45:07 440 - Page URL:: https://i-car--staging.sandbox.lightning.force.com/one/one.app#eyjjb21wb25lbnrezwyioijmb3jjzvnlyxjjadpzzwfyy2hqywdlrgvza3rvccisimf0dhjpynv0zxmionsidgvybsi6ijiznjy5mzkilcjzy29wzu1hcci6eyj0exblijoive9qx1jfu1vmvfmilcjuyw1lc3bhy2uioiiilcjsywjlbci6ilrvccbszxn1bhrziiwibgfizwxqbhvyywwioijub3agumvzdwx0cyisinjlc3vsdhndbxaioijmb3jjzvnlyxjjadpwcmvkawn0zwrszxn1bhrzin0simnvbnrlehqionsirklmvevsuyi6e30sinnlyxjjafnvdxjjzsi6ikftu0ltvefovf9esufmt0cilcjkaxnhymxlsw50zw50uxvlcnkiomzhbhnllcjkaxnhymxlu3blbgxdb3jyzwn0aw9uijpmywxzzswic2vhcmnorglhbg9nu2vzc2lvbklkijoingjkntazmmyty2m4zc04ote3lwnlntgtmmrlymixodqwnzziiiwizgvidwdjbmzvijp7imfwce5hbwuioijjq2fyx1nlcnzpy2vfq29uc29szsisimfwcfr5cguioijdb25zb2xliiwiyxbwtmftzxnwywnlijoiyyisimxvy2f0aw9uijoizm9yy2u6b2jqzwn0sg9tzurlc2t0b3ailcjzb2jqzwn0vhlwzsi6ikfjy291bnqifx0simdyb3vwswqioijeruzbvuxuin0sinn0yxrlijp7fx0%3d</small> </font> </div>
<div class="test-event"> <font color="maroon"> <small> &emsp; &emsp;--- 16 Oct 09:45:07 440 - <b>0</b> - Page Load Wait: (Sync) - ICar.support.Utils.waitForPageLoad(Utils.java:109)</small> </font> </div>
<div class="test-event"> <font color="maroon"> <small> &emsp; &emsp;--- 16 Oct 09:45:15 767 - Catched spinner load exception due to Expected condition failed: waiting for ICar.support.WaitUtils$4@714addf7 (tried for 8 second(s) with 500 milliseconds interval)</small> </font> </div>
<div class="test-event"> <font color="maroon"> <small> &emsp; &emsp;--- 16 Oct 09:45:15 767 - <b>8</b> - Spinner Load Wait: (Sync) - ICar.support.WaitUtils.waitForSpinner(WaitUtils.java:225)</small> </font> </div>
<div class="test-event"> <font color="maroon"> <small> &emsp; &emsp;--- 16 Oct 09:45:16 269 - Page URL:: https://i-car--staging.sandbox.lightning.force.com/one/one.app#eyjjb21wb25lbnrezwyioijmb3jjzvnlyxjjadpzzwfyy2hqywdlrgvza3rvccisimf0dhjpynv0zxmionsidgvybsi6ijiznjy5mzkilcjzy29wzu1hcci6eyj0exblijoive9qx1jfu1vmvfmilcjuyw1lc3bhy2uioiiilcjsywjlbci6ilrvccbszxn1bhrziiwibgfizwxqbhvyywwioijub3agumvzdwx0cyisinjlc3vsdhndbxaioijmb3jjzvnlyxjjadpwcmvkawn0zwrszxn1bhrzin0simnvbnrlehqionsirklmvevsuyi6e30sinnlyxjjafnvdxjjzsi6ikftu0ltvefovf9esufmt0cilcjkaxnhymxlsw50zw50uxvlcnkiomzhbhnllcjkaxnhymxlu3blbgxdb3jyzwn0aw9uijpmywxzzswic2vhcmnorglhbg9nu2vzc2lvbklkijoingjkntazmmyty2m4zc04ote3lwnlntgtmmrlymixodqwnzziiiwizgvidwdjbmzvijp7imfwce5hbwuioijjq2fyx1nlcnzpy2vfq29uc29szsisimfwcfr5cguioijdb25zb2xliiwiyxbwtmftzxnwywnlijoiyyisimxvy2f0aw9uijoizm9yy2u6b2jqzwn0sg9tzurlc2t0b3ailcjzb2jqzwn0vhlwzsi6ikfjy291bnqifx0simdyb3vwswqioijeruzbvuxuin0sinn0yxrlijp7fx0%3d</small> </font> </div>
<div class="test-event"> <font color="maroon"> <small> &emsp; &emsp;--- 16 Oct 09:45:16 269 - <b>0</b> - Page Load Wait: (Sync) - ICar.support.Utils.waitForPageLoad(Utils.java:109)</small> </font> </div>
<div class="test-event"> <font color="maroon"> <small> &emsp; &emsp;--- 16 Oct 09:45:18 385 - Element is displayed:: [[ChromeDriver: chrome on WINDOWS (c9c61d68a4fe9640cce65ddec52313a9)] -> xpath: //div[contains(@class,'forceSearchResultsRegion')]//div[contains(@class,'resultsMultiWrapper')]/div/div[1]//following::h2//a]</small> </font> </div>
<div class="test-event"> <font color="maroon"> <small> &emsp; &emsp;--- 16 Oct 09:45:18 601 - Element is displayed:: [[ChromeDriver: chrome on WINDOWS (c9c61d68a4fe9640cce65ddec52313a9)] -> xpath: //a[text()='Contacts']]</small> </font> </div>
<div class="test-event"> <font color="maroon"> <small> &emsp; &emsp;--- 16 Oct 09:45:22 573 - Element is displayed:: [[ChromeDriver: chrome on WINDOWS (c9c61d68a4fe9640cce65ddec52313a9)] -> xpath: //div[text()='Contacts']//following :: table//tbody//th//span /a]</small> </font> </div>
<div class="test-event"> <font color="maroon"> <small> &emsp; &emsp;--- 16 Oct 09:45:23 444 - Page URL:: https://i-car--staging.sandbox.lightning.force.com/one/one.app#eyjjb21wb25lbnrezwyioijmb3jjzvnlyxjjadpzzwfyy2hqywdlrgvza3rvccisimf0dhjpynv0zxmionsidgvybsi6ijiznjy5mzkilcjzy29wzu1hcci6eyj0exblijoive9qx1jfu1vmvfmilcjuyw1lc3bhy2uioiiilcjsywjlbci6ilrvccbszxn1bhrziiwibgfizwxqbhvyywwioijub3agumvzdwx0cyisinjlc3vsdhndbxaioijmb3jjzvnlyxjjadpwcmvkawn0zwrszxn1bhrzin0simnvbnrlehqionsirklmvevsuyi6e30sinnlyxjjafnvdxjjzsi6ikftu0ltvefovf9esufmt0cilcjkaxnhymxlsw50zw50uxvlcnkiomzhbhnllcjkaxnhymxlu3blbgxdb3jyzwn0aw9uijpmywxzzswic2vhcmnorglhbg9nu2vzc2lvbklkijoingjkntazmmyty2m4zc04ote3lwnlntgtmmrlymixodqwnzziiiwizgvidwdjbmzvijp7imfwce5hbwuioijjq2fyx1nlcnzpy2vfq29uc29szsisimfwcfr5cguioijdb25zb2xliiwiyxbwtmftzxnwywnlijoiyyisimxvy2f0aw9uijoizm9yy2u6b2jqzwn0sg9tzurlc2t0b3ailcjzb2jqzwn0vhlwzsi6ikfjy291bnqifx0simdyb3vwswqioijeruzbvuxuin0sinn0yxrlijp7fx0%3d</small> </font> </div>
<div class="test-event"> <font color="maroon"> <small> &emsp; &emsp;--- 16 Oct 09:45:23 444 - <b>0</b> - Page Load Wait: (Sync) - ICar.support.Utils.waitForPageLoad(Utils.java:109)</small> </font> </div>
<div class="test-event"> <font color="maroon"> <small> &emsp; &emsp;--- 16 Oct 09:45:31 974 - Catched spinner load exception due to Expected condition failed: waiting for ICar.support.WaitUtils$4@714addf7 (tried for 8 second(s) with 500 milliseconds interval)</small> </font> </div>
<div class="test-event"> <font color="maroon"> <small> &emsp; &emsp;--- 16 Oct 09:45:31 974 - <b>8</b> - Spinner Load Wait: (Sync) - ICar.support.WaitUtils.waitForSpinner(WaitUtils.java:225)</small> </font> </div>
<div class="test-event"> <font color="maroon"> <small> &emsp; &emsp;--- 16 Oct 09:45:32 349 - Page URL:: https://i-car--staging.sandbox.lightning.force.com/lightning/r/contact/0031i00000nugvlqau/view</small> </font> </div>
<div class="test-event"> <font color="maroon"> <small> &emsp; &emsp;--- 16 Oct 09:45:32 349 - <b>0</b> - Page Load Wait: (Sync) - ICar.support.Utils.waitForPageLoad(Utils.java:109)</small> </font> </div>
<div class="test-event"> <font color="maroon"> <small> &emsp; &emsp;--- 16 Oct 09:45:48 587 - Unable to find a element after 9 sec ==> Proxy element for: AjaxElementLocator 'By.xpath: //a[@name='TM_Account_Hierarchy']/span'</small> </font> </div>
<div class="test-event"> <font color="maroon"> <small> &emsp; &emsp;--- 16 Oct 09:45:48 678 - Element is displayed:: [[ChromeDriver: chrome on WINDOWS (c9c61d68a4fe9640cce65ddec52313a9)] -> xpath: //ul[@class='slds-button-group-list']/li[4]//button]</small> </font> </div>
<div class="test-event"> <font color="maroon"> <small> &emsp; &emsp;--- 16 Oct 09:45:49 181 - Page URL:: https://i-car--staging.sandbox.lightning.force.com/lightning/r/contact/0031i00000nugvlqau/view</small> </font> </div>
<div class="test-event"> <font color="maroon"> <small> &emsp; &emsp;--- 16 Oct 09:45:49 181 - <b>0</b> - Page Load Wait: (Sync) - ICar.support.Utils.waitForPageLoad(Utils.java:109)</small> </font> </div>
<div class="test-event"> <font color="maroon"> <small> &emsp; &emsp;--- 16 Oct 09:45:57 555 - Catched spinner load exception due to Expected condition failed: waiting for ICar.support.WaitUtils$4@714addf7 (tried for 8 second(s) with 500 milliseconds interval)</small> </font> </div>
<div class="test-event"> <font color="maroon"> <small> &emsp; &emsp;--- 16 Oct 09:45:57 555 - <b>8</b> - Spinner Load Wait: (Sync) - ICar.support.WaitUtils.waitForSpinner(WaitUtils.java:225)</small> </font> </div>
<div class="test-event"> <font color="maroon"> <small> &emsp; &emsp;--- 16 Oct 09:45:57 886 - Page URL:: https://i-car--staging.sandbox.lightning.force.com/lightning/r/contact/0031i00000nugvlqau/view</small> </font> </div>
<div class="test-event"> <font color="maroon"> <small> &emsp; &emsp;--- 16 Oct 09:45:57 887 - <b>0</b> - Page Load Wait: (Sync) - ICar.support.Utils.waitForPageLoad(Utils.java:109)</small> </font> </div>
<div class="test-event"> <font color="maroon"> <small> &emsp; &emsp;--- 16 Oct 09:46:14 296 - Unable to find a element after 10 sec ==> Proxy element for: AjaxElementLocator 'By.xpath: //a[@name='TM_Account_Hierarchy']/span'</small> </font> </div>
<div class="test-event"> <font color="maroon"> <small> &emsp; &emsp;--- 16 Oct 09:46:14 386 - Element is displayed:: [[ChromeDriver: chrome on WINDOWS (c9c61d68a4fe9640cce65ddec52313a9)] -> xpath: //*[text()='TM Dashboard']]</small> </font> </div>
<div class="test-event"> <font color="maroon"> <small> &emsp; &emsp;--- 16 Oct 09:46:14 905 - Page URL:: https://i-car--staging.sandbox.lightning.force.com/lightning/r/contact/0031i00000nugvlqau/view</small> </font> </div>
<div class="test-event"> <font color="maroon"> <small> &emsp; &emsp;--- 16 Oct 09:46:14 905 - <b>0</b> - Page Load Wait: (Sync) - ICar.support.Utils.waitForPageLoad(Utils.java:109)</small> </font> </div>
<div class="test-event"> <font color="maroon"> <small> &emsp; &emsp;--- 16 Oct 09:46:25 064 - Catched spinner load exception due to Expected condition failed: waiting for ICar.support.WaitUtils$4@714addf7 (tried for 10 second(s) with 500 milliseconds interval)</small> </font> </div>
<div class="test-event"> <font color="maroon"> <small> &emsp; &emsp;--- 16 Oct 09:46:25 064 - <b>10</b> - Spinner Load Wait: (Sync) - ICar.support.WaitUtils.waitForSpinner(WaitUtils.java:225)</small> </font> </div>
<div class="test-event"> <font color="maroon"> <small> &emsp; &emsp;--- 16 Oct 09:46:25 456 - Page URL:: https://i-car--staging.sandbox.lightning.force.com/one/one.app#eyjjb21wb25lbnrezwyioijvbmu6ywxvagfqywdliiwiyxr0cmlidxrlcyi6eyjhzgryzxnzijoiahr0chm6ly9plwnhci0tc3rhz2luzy0tyy5zyw5kym94lnzmlmzvcmnllmnvbs9hcgv4l0ldqvjfve1eyxnoym9hcmq%2fawq9mdazmukwmdawmg51r3zmuufvin0sinn0yxrlijp7indzijoil2xpz2h0bmluzy9yl0nvbnrhy3qvmdazmukwmdawmg51r3zmuufvl3zpzxcifx0%3d</small> </font> </div>
<div class="test-event"> <font color="maroon"> <small> &emsp; &emsp;--- 16 Oct 09:46:25 456 - <b>0</b> - Page Load Wait: (Sync) - ICar.support.Utils.waitForPageLoad(Utils.java:109)</small> </font> </div>
<div class="test-event"> <font color="maroon"> <small> &emsp; &emsp;--- 16 Oct 09:46:25 885 - Page URL:: https://i-car--staging.sandbox.lightning.force.com/one/one.app#eyjjb21wb25lbnrezwyioijvbmu6ywxvagfqywdliiwiyxr0cmlidxrlcyi6eyjhzgryzxnzijoiahr0chm6ly9plwnhci0tc3rhz2luzy0tyy5zyw5kym94lnzmlmzvcmnllmnvbs9hcgv4l0ldqvjfve1eyxnoym9hcmq%2fawq9mdazmukwmdawmg51r3zmuufvin0sinn0yxrlijp7indzijoil2xpz2h0bmluzy9yl0nvbnrhy3qvmdazmukwmdawmg51r3zmuufvl3zpzxcifx0%3d</small> </font> </div>
<div class="test-event"> <font color="maroon"> <small> &emsp; &emsp;--- 16 Oct 09:46:25 885 - <b>0</b> - Page Load Wait: (Sync) - ICar.support.Utils.waitForPageLoad(Utils.java:109)</small> </font> </div>
<div class="test-event"> <font color="maroon"> <small> &emsp; &emsp;--- 16 Oct 09:46:25 963 - Element is displayed:: [[ChromeDriver: chrome on WINDOWS (c9c61d68a4fe9640cce65ddec52313a9)] -> xpath: (//*[@class='slds-button slds-button_icon-border slds-button_icon-x-small'])[1]]</small> </font> </div>
<div class="test-event"> <font color="maroon"> <small> &emsp; &emsp;--- 16 Oct 09:46:26 022 - Element is displayed:: [[ChromeDriver: chrome on WINDOWS (c9c61d68a4fe9640cce65ddec52313a9)] -> xpath: (//*[@class='slds-button slds-button_icon-border slds-button_icon-x-small'])[1]]</small> </font> </div>
<div class="test-event"> <font color="maroon"> <small> &emsp; &emsp;--- 16 Oct 09:46:26 237 - Element is displayed:: [[ChromeDriver: chrome on WINDOWS (c9c61d68a4fe9640cce65ddec52313a9)] -> xpath: //div[@class='slds-dropdown slds-dropdown_left']//lightning-menu-item[4]//a]</small> </font> </div>
<div class="test-message">&emsp;Successfully verified  platinium download 'Gold class summary' Page&emsp;<a href=".\ScreenShot\ICar_BAM633_TC03_39553692207700.png" target="_blank" >[ScreenShot]</a></div>
<div class="test-event"> <font color="maroon"> <small> &emsp; &emsp;--- 16 Oct 09:46:26 533 - Element is displayed:: [[ChromeDriver: chrome on WINDOWS (c9c61d68a4fe9640cce65ddec52313a9)] -> xpath: (//*[@class='slds-button slds-button_icon-border slds-button_icon-x-small'])[1]]</small> </font> </div>
<div class="test-event"> <font color="maroon"> <small> &emsp; &emsp;--- 16 Oct 09:46:26 594 - Element is displayed:: [[ChromeDriver: chrome on WINDOWS (c9c61d68a4fe9640cce65ddec52313a9)] -> xpath: (//*[@class='slds-button slds-button_icon-border slds-button_icon-x-small'])[1]]</small> </font> </div>
<!--FAIL-->
<div class="test-result"><br><font color="red"><strong> File download unsuccessful </strong></font> </div>&emsp;
&emsp;<div class="test-title"> <strong><font size = "3" color = "#0000FF">---Test Execution Ends---</font> </strong> </div>&emsp;
<div class="test-event"> <font color="maroon"> <small> &emsp; &emsp;--- 16 Oct 09:46:38 678 - TestCaseID:: ICar_BAM640_TC01</small> </font> </div>
<div class="test-event"> <font color="maroon"> <small> &emsp; &emsp;--- 16 Oct 09:46:39 905 - <b>1</b> - Driver::initialize::Get - ICar.support.WebDriverFactory.getDriver(WebDriverFactory.java:640)</small> </font> </div>
&emsp;<div class="test-title"> <strong><font size = "3" color = "#000080">Verify the Start Date for an employee on the Account's Roster is not Changed when an employee is terminated from the Account</font> </strong> </div>&emsp;<div><strong>Steps:</strong></div><!-- Report -->&emsp;
<div class="test-event"> <font color="maroon"> <small> &emsp; &emsp;--- 16 Oct 09:46:45 504 - Page URL:: https://i-car--staging.sandbox.my.salesforce.com/</small> </font> </div>
<div class="test-event"> <font color="maroon"> <small> &emsp; &emsp;--- 16 Oct 09:46:45 504 - <b>0</b> - Page Load Wait: (Sync) - ICar.support.Utils.waitForPageLoad(Utils.java:109)</small> </font> </div>
<div class="test-message">&emsp;Successfully navigated to 'Login' Page&emsp;<a href=".\ScreenShot\ICar_BAM640_TC01_39572941805400.png" target="_blank" >[ScreenShot]</a></div>
<div class="test-message">&emsp;1. Login page is launched.</div>
<div class="test-event"> <font color="maroon"> <small> &emsp; &emsp;--- 16 Oct 09:46:45 767 - Element is displayed:: [[ChromeDriver: chrome on WINDOWS (f0e4a81186c94bddd35addbf4789d192)] -> id: username]</small> </font> </div>
<div class="test-event"> <font color="maroon"> <small> &emsp; &emsp;--- 16 Oct 09:46:45 825 - Element is displayed:: [[ChromeDriver: chrome on WINDOWS (f0e4a81186c94bddd35addbf4789d192)] -> id: username]</small> </font> </div>
<div class="test-event"> <font color="maroon"> <small> &emsp; &emsp;--- 16 Oct 09:46:46 079 - Element is displayed:: [[ChromeDriver: chrome on WINDOWS (f0e4a81186c94bddd35addbf4789d192)] -> id: password]</small> </font> </div>
<div class="test-event"> <font color="maroon"> <small> &emsp; &emsp;--- 16 Oct 09:46:46 282 - Element is displayed:: [[ChromeDriver: chrome on WINDOWS (f0e4a81186c94bddd35addbf4789d192)] -> id: Login]</small> </font> </div>
<div class="test-event"> <font color="maroon"> <small> &emsp; &emsp;--- 16 Oct 09:47:13 531 - Catched spinner load exception due to Expected condition failed: waiting for ICar.support.WaitUtils$4@714addf7 (tried for 13 second(s) with 500 milliseconds interval)</small> </font> </div>
<div class="test-event"> <font color="maroon"> <small> &emsp; &emsp;--- 16 Oct 09:47:13 531 - <b>13</b> - Spinner Load Wait: (Sync) - ICar.support.WaitUtils.waitForSpinner(WaitUtils.java:225)</small> </font> </div>
<div class="test-event"> <font color="maroon"> <small> &emsp; &emsp;--- 16 Oct 09:47:32 071 - Catched spinner load exception due to Expected condition failed: waiting for ICar.support.WaitUtils$4@714addf7 (tried for 6 second(s) with 500 milliseconds interval)</small> </font> </div>
<div class="test-event"> <font color="maroon"> <small> &emsp; &emsp;--- 16 Oct 09:47:32 071 - <b>6</b> - Spinner Load Wait: (Sync) - ICar.support.WaitUtils.waitForSpinner(WaitUtils.java:225)</small> </font> </div>
<div class="test-event"> <font color="maroon"> <small> &emsp; &emsp;--- 16 Oct 09:47:32 157 - Element is displayed:: [[ChromeDriver: chrome on WINDOWS (f0e4a81186c94bddd35addbf4789d192)] -> css selector: button[class*='search-button']]</small> </font> </div>
<div class="test-message">&emsp;2. Navigate to 'SalesForce Page'</div>
<div class="test-event"> <font color="maroon"> <small> &emsp; &emsp;--- 16 Oct 09:47:32 435 - Page URL:: https://i-car--staging.sandbox.lightning.force.com/one/one.app#eyjjb21wb25lbnrezwyioijvbmu6ywxvagfqywdliiwiyxr0cmlidxrlcyi6eyjhzgryzxnzijoiahr0chm6ly9plwnhci0tc3rhz2luzy0tyy5zyw5kym94lnzmlmzvcmnllmnvbs9hcgv4l0ldqvjfve1eyxnoym9hcmq%2fawq9mdazmukwmdawmg51r3zmuufvin0sinn0yxrlijp7indzijoil2xpz2h0bmluzy9yl0nvbnrhy3qvmdazmukwmdawmg51r3zmuufvl3zpzxcifx0%3d</small> </font> </div>
<div class="test-event"> <font color="maroon"> <small> &emsp; &emsp;--- 16 Oct 09:47:32 435 - <b>0</b> - Page Load Wait: (Sync) - ICar.support.Utils.waitForPageLoad(Utils.java:109)</small> </font> </div>
<div class="test-event"> <font color="maroon"> <small> &emsp; &emsp;--- 16 Oct 09:47:37 954 - Page URL:: https://i-car--staging.sandbox.lightning.force.com/one/one.app#eyjjb21wb25lbnrezwyioijvbmu6ywxvagfqywdliiwiyxr0cmlidxrlcyi6eyjhzgryzxnzijoiahr0chm6ly9plwnhci0tc3rhz2luzy0tyy5zyw5kym94lnzmlmzvcmnllmnvbs9hcgv4l0ldqvjfve1eyxnoym9hcmq%2fawq9mdazmukwmdawmg51r3zmuufvin0sinn0yxrlijp7indzijoil2xpz2h0bmluzy9yl0nvbnrhy3qvmdazmukwmdawmg51r3zmuufvl3zpzxcifx0%3d</small> </font> </div>
<div class="test-event"> <font color="maroon"> <small> &emsp; &emsp;--- 16 Oct 09:47:37 954 - <b>0</b> - Page Load Wait: (Sync) - ICar.support.Utils.waitForPageLoad(Utils.java:109)</small> </font> </div>
<div class="test-message">&emsp;Close the tab</div>
<div class="test-message">&emsp;Successfully navigated to 'Login' Page&emsp;<a href=".\ScreenShot\ICar_BAM640_TC01_39630681424900.png" target="_blank" >[ScreenShot]</a></div>
<div class="test-message">&emsp;3. Enter the user credentials as : icaradminautomation3@i-car.com.staging</div>
<div class="test-event"> <font color="maroon"> <small> &emsp; &emsp;--- 16 Oct 09:47:43 835 - Page URL:: https://i-car--staging.sandbox.lightning.force.com/lightning/o/account/list?filtername=accounts</small> </font> </div>
<div class="test-event"> <font color="maroon"> <small> &emsp; &emsp;--- 16 Oct 09:47:43 835 - <b>0</b> - Page Load Wait: (Sync) - ICar.support.Utils.waitForPageLoad(Utils.java:109)</small> </font> </div>
<div class="test-event"> <font color="maroon"> <small> &emsp; &emsp;--- 16 Oct 09:47:49 250 - Page URL:: https://i-car--staging.sandbox.lightning.force.com/lightning/o/account/list?filtername=accounts</small> </font> </div>
<div class="test-event"> <font color="maroon"> <small> &emsp; &emsp;--- 16 Oct 09:47:49 250 - <b>0</b> - Page Load Wait: (Sync) - ICar.support.Utils.waitForPageLoad(Utils.java:109)</small> </font> </div>
<div class="test-message">&emsp;Close the tab</div>
<div class="test-event"> <font color="maroon"> <small> &emsp; &emsp;--- 16 Oct 09:47:54 904 - Page URL:: https://i-car--staging.sandbox.lightning.force.com/lightning/o/account/list?filtername=accounts</small> </font> </div>
<div class="test-event"> <font color="maroon"> <small> &emsp; &emsp;--- 16 Oct 09:47:54 905 - <b>0</b> - Page Load Wait: (Sync) - ICar.support.Utils.waitForPageLoad(Utils.java:109)</small> </font> </div>
<div class="test-event"> <font color="maroon"> <small> &emsp; &emsp;--- 16 Oct 09:47:54 952 - Element is displayed:: [[ChromeDriver: chrome on WINDOWS (f0e4a81186c94bddd35addbf4789d192)] -> css selector: button[class*='search-button']]</small> </font> </div>
<div class="test-event"> <font color="maroon"> <small> &emsp; &emsp;--- 16 Oct 09:47:57 140 - Catched spinner load exception due to Expected condition failed: waiting for ICar.support.WaitUtils$4@714addf7 (tried for 2 second(s) with 500 milliseconds interval)</small> </font> </div>
<div class="test-event"> <font color="maroon"> <small> &emsp; &emsp;--- 16 Oct 09:47:57 141 - <b>2</b> - Spinner Load Wait: (Sync) - ICar.support.WaitUtils.waitForSpinner(WaitUtils.java:225)</small> </font> </div>
<div class="test-event"> <font color="maroon"> <small> &emsp; &emsp;--- 16 Oct 09:48:00 220 - Element is displayed:: [[ChromeDriver: chrome on WINDOWS (f0e4a81186c94bddd35addbf4789d192)] -> css selector: button[class*='search-button']]</small> </font> </div>
<div class="test-event"> <font color="maroon"> <small> &emsp; &emsp;--- 16 Oct 09:48:00 826 - Page URL:: https://i-car--staging.sandbox.lightning.force.com/lightning/o/account/list?filtername=accounts</small> </font> </div>
<div class="test-event"> <font color="maroon"> <small> &emsp; &emsp;--- 16 Oct 09:48:00 826 - <b>0</b> - Page Load Wait: (Sync) - ICar.support.Utils.waitForPageLoad(Utils.java:109)</small> </font> </div>
<div class="test-event"> <font color="maroon"> <small> &emsp; &emsp;--- 16 Oct 09:48:20 734 - Catched spinner load exception due to Expected condition failed: waiting for ICar.support.WaitUtils$4@714addf7 (tried for 10 second(s) with 500 milliseconds interval)</small> </font> </div>
<div class="test-event"> <font color="maroon"> <small> &emsp; &emsp;--- 16 Oct 09:48:20 734 - <b>10</b> - Spinner Load Wait: (Sync) - ICar.support.WaitUtils.waitForSpinner(WaitUtils.java:225)</small> </font> </div>
<div class="test-event"> <font color="maroon"> <small> &emsp; &emsp;--- 16 Oct 09:48:21 568 - Page URL:: https://i-car--staging.sandbox.lightning.force.com/one/one.app#eyjjb21wb25lbnrezwyioijmb3jjzvnlyxjjadpzzwfyy2hqywdlrgvza3rvccisimf0dhjpynv0zxmionsidgvybsi6ikdlcmjlcibdb2xsaxnpb24gjibhbgfzcyatieftc3rlcmrhbsisinnjb3bltwfwijp7inr5cguioijut1bfukvtvuxuuyisim5hbwvzcgfjzsi6iiisimxhymvsijoivg9wifjlc3vsdhmilcjsywjlbfbsdxjhbci6ilrvccbszxn1bhrziiwicmvzdwx0c0ntcci6imzvcmnlu2vhcmnoonbyzwrpy3rlzfjlc3vsdhmifswiy29udgv4dci6eyjgsuxurvjtijp7fswic2vhcmnou291cmnlijoiqvntsvnuqu5ux0rjquxpryisimrpc2fibgvjbnrlbnrrdwvyesi6zmfsc2usimrpc2fibgvtcgvsbenvcnjly3rpb24iomzhbhnllcjzzwfyy2heawfsb2dtzxnzaw9uswqioiiymjlmnmmznc03ngu4ltk5nmmtntlmny0xywi3n2qznze5mmuilcjkzwj1z0luzm8ionsiyxbwtmftzsi6ikldyxjfu2vydmljzv9db25zb2xliiwiyxbwvhlwzsi6iknvbnnvbguilcjhchboyw1lc3bhy2uioijjiiwibg9jyxrpb24ioijmb3jjztpvymply3rib21lrgvza3rvccisinnvymply3ruexblijoiqwnjb3vudcj9fswiz3jvdxbjzci6ikrfrkfvtfqifswic3rhdguiont9fq%3d%3d</small> </font> </div>
<div class="test-event"> <font color="maroon"> <small> &emsp; &emsp;--- 16 Oct 09:48:21 568 - <b>0</b> - Page Load Wait: (Sync) - ICar.support.Utils.waitForPageLoad(Utils.java:109)</small> </font> </div>
<div class="test-event"> <font color="maroon"> <small> &emsp; &emsp;--- 16 Oct 09:48:32 634 - Catched spinner load exception due to Expected condition failed: waiting for ICar.support.WaitUtils$4@714addf7 (tried for 11 second(s) with 500 milliseconds interval)</small> </font> </div>
<div class="test-event"> <font color="maroon"> <small> &emsp; &emsp;--- 16 Oct 09:48:32 634 - <b>11</b> - Spinner Load Wait: (Sync) - ICar.support.WaitUtils.waitForSpinner(WaitUtils.java:225)</small> </font> </div>
<div class="test-event"> <font color="maroon"> <small> &emsp; &emsp;--- 16 Oct 09:48:33 559 - Page URL:: https://i-car--staging.sandbox.lightning.force.com/one/one.app#eyjjb21wb25lbnrezwyioijmb3jjzvnlyxjjadpzzwfyy2hqywdlrgvza3rvccisimf0dhjpynv0zxmionsidgvybsi6ikdlcmjlcibdb2xsaxnpb24gjibhbgfzcyatieftc3rlcmrhbsisinnjb3bltwfwijp7inr5cguioijut1bfukvtvuxuuyisim5hbwvzcgfjzsi6iiisimxhymvsijoivg9wifjlc3vsdhmilcjsywjlbfbsdxjhbci6ilrvccbszxn1bhrziiwicmvzdwx0c0ntcci6imzvcmnlu2vhcmnoonbyzwrpy3rlzfjlc3vsdhmifswiy29udgv4dci6eyjgsuxurvjtijp7fswic2vhcmnou291cmnlijoiqvntsvnuqu5ux0rjquxpryisimrpc2fibgvjbnrlbnrrdwvyesi6zmfsc2usimrpc2fibgvtcgvsbenvcnjly3rpb24iomzhbhnllcjzzwfyy2heawfsb2dtzxnzaw9uswqioiiymjlmnmmznc03ngu4ltk5nmmtntlmny0xywi3n2qznze5mmuilcjkzwj1z0luzm8ionsiyxbwtmftzsi6ikldyxjfu2vydmljzv9db25zb2xliiwiyxbwvhlwzsi6iknvbnnvbguilcjhchboyw1lc3bhy2uioijjiiwibg9jyxrpb24ioijmb3jjztpvymply3rib21lrgvza3rvccisinnvymply3ruexblijoiqwnjb3vudcj9fswiz3jvdxbjzci6ikrfrkfvtfqifswic3rhdguiont9fq%3d%3d</small> </font> </div>
<div class="test-event"> <font color="maroon"> <small> &emsp; &emsp;--- 16 Oct 09:48:33 560 - <b>0</b> - Page Load Wait: (Sync) - ICar.support.Utils.waitForPageLoad(Utils.java:109)</small> </font> </div>
<div class="test-event"> <font color="maroon"> <small> &emsp; &emsp;--- 16 Oct 09:48:33 686 - Element is displayed:: [[ChromeDriver: chrome on WINDOWS (f0e4a81186c94bddd35addbf4789d192)] -> xpath: //a[@title='Top Results']//span[text()='Top Results']]</small> </font> </div>
<div class="test-event"> <font color="maroon"> <small> &emsp; &emsp;--- 16 Oct 09:48:34 114 - Page URL:: https://i-car--staging.sandbox.lightning.force.com/one/one.app#eyjjb21wb25lbnrezwyioijmb3jjzvnlyxjjadpzzwfyy2hqywdlrgvza3rvccisimf0dhjpynv0zxmionsidgvybsi6ikdlcmjlcibdb2xsaxnpb24gjibhbgfzcyatieftc3rlcmrhbsisinnjb3bltwfwijp7inr5cguioijut1bfukvtvuxuuyisim5hbwvzcgfjzsi6iiisimxhymvsijoivg9wifjlc3vsdhmilcjsywjlbfbsdxjhbci6ilrvccbszxn1bhrziiwicmvzdwx0c0ntcci6imzvcmnlu2vhcmnoonbyzwrpy3rlzfjlc3vsdhmifswiy29udgv4dci6eyjgsuxurvjtijp7fswic2vhcmnou291cmnlijoiqvntsvnuqu5ux0rjquxpryisimrpc2fibgvjbnrlbnrrdwvyesi6zmfsc2usimrpc2fibgvtcgvsbenvcnjly3rpb24iomzhbhnllcjzzwfyy2heawfsb2dtzxnzaw9uswqioiiymjlmnmmznc03ngu4ltk5nmmtntlmny0xywi3n2qznze5mmuilcjkzwj1z0luzm8ionsiyxbwtmftzsi6ikldyxjfu2vydmljzv9db25zb2xliiwiyxbwvhlwzsi6iknvbnnvbguilcjhchboyw1lc3bhy2uioijjiiwibg9jyxrpb24ioijmb3jjztpvymply3rib21lrgvza3rvccisinnvymply3ruexblijoiqwnjb3vudcj9fswiz3jvdxbjzci6ikrfrkfvtfqifswic3rhdguiont9fq%3d%3d</small> </font> </div>
<div class="test-event"> <font color="maroon"> <small> &emsp; &emsp;--- 16 Oct 09:48:34 115 - <b>0</b> - Page Load Wait: (Sync) - ICar.support.Utils.waitForPageLoad(Utils.java:109)</small> </font> </div>
<div class="test-event"> <font color="maroon"> <small> &emsp; &emsp;--- 16 Oct 09:48:39 590 - Catched spinner load exception due to Expected condition failed: waiting for ICar.support.WaitUtils$4@714addf7 (tried for 5 second(s) with 500 milliseconds interval)</small> </font> </div>
<div class="test-event"> <font color="maroon"> <small> &emsp; &emsp;--- 16 Oct 09:48:39 590 - <b>5</b> - Spinner Load Wait: (Sync) - ICar.support.WaitUtils.waitForSpinner(WaitUtils.java:225)</small> </font> </div>
<div class="test-event"> <font color="maroon"> <small> &emsp; &emsp;--- 16 Oct 09:48:40 354 - Page URL:: https://i-car--staging.sandbox.lightning.force.com/one/one.app#eyjjb21wb25lbnrezwyioijmb3jjzvnlyxjjadpzzwfyy2hqywdlrgvza3rvccisimf0dhjpynv0zxmionsidgvybsi6ikdlcmjlcibdb2xsaxnpb24gjibhbgfzcyatieftc3rlcmrhbsisinnjb3bltwfwijp7inr5cguioijut1bfukvtvuxuuyisim5hbwvzcgfjzsi6iiisimxhymvsijoivg9wifjlc3vsdhmilcjsywjlbfbsdxjhbci6ilrvccbszxn1bhrziiwicmvzdwx0c0ntcci6imzvcmnlu2vhcmnoonbyzwrpy3rlzfjlc3vsdhmifswiy29udgv4dci6eyjgsuxurvjtijp7fswic2vhcmnou291cmnlijoiqvntsvnuqu5ux0rjquxpryisimrpc2fibgvjbnrlbnrrdwvyesi6zmfsc2usimrpc2fibgvtcgvsbenvcnjly3rpb24iomzhbhnllcjzzwfyy2heawfsb2dtzxnzaw9uswqioiiymjlmnmmznc03ngu4ltk5nmmtntlmny0xywi3n2qznze5mmuilcjkzwj1z0luzm8ionsiyxbwtmftzsi6ikldyxjfu2vydmljzv9db25zb2xliiwiyxbwvhlwzsi6iknvbnnvbguilcjhchboyw1lc3bhy2uioijjiiwibg9jyxrpb24ioijmb3jjztpvymply3rib21lrgvza3rvccisinnvymply3ruexblijoiqwnjb3vudcj9fswiz3jvdxbjzci6ikrfrkfvtfqifswic3rhdguiont9fq%3d%3d</small> </font> </div>
<div class="test-event"> <font color="maroon"> <small> &emsp; &emsp;--- 16 Oct 09:48:40 354 - <b>0</b> - Page Load Wait: (Sync) - ICar.support.Utils.waitForPageLoad(Utils.java:109)</small> </font> </div>
<div class="test-event"> <font color="maroon"> <small> &emsp; &emsp;--- 16 Oct 09:48:41 078 - Page URL:: https://i-car--staging.sandbox.lightning.force.com/one/one.app#eyjjb21wb25lbnrezwyioijmb3jjzvnlyxjjadpzzwfyy2hqywdlrgvza3rvccisimf0dhjpynv0zxmionsidgvybsi6ikdlcmjlcibdb2xsaxnpb24gjibhbgfzcyatieftc3rlcmrhbsisinnjb3bltwfwijp7inr5cguioijut1bfukvtvuxuuyisim5hbwvzcgfjzsi6iiisimxhymvsijoivg9wifjlc3vsdhmilcjsywjlbfbsdxjhbci6ilrvccbszxn1bhrziiwicmvzdwx0c0ntcci6imzvcmnlu2vhcmnoonbyzwrpy3rlzfjlc3vsdhmifswiy29udgv4dci6eyjgsuxurvjtijp7fswic2vhcmnou291cmnlijoiqvntsvnuqu5ux0rjquxpryisimrpc2fibgvjbnrlbnrrdwvyesi6zmfsc2usimrpc2fibgvtcgvsbenvcnjly3rpb24iomzhbhnllcjzzwfyy2heawfsb2dtzxnzaw9uswqioiiymjlmnmmznc03ngu4ltk5nmmtntlmny0xywi3n2qznze5mmuilcjkzwj1z0luzm8ionsiyxbwtmftzsi6ikldyxjfu2vydmljzv9db25zb2xliiwiyxbwvhlwzsi6iknvbnnvbguilcjhchboyw1lc3bhy2uioijjiiwibg9jyxrpb24ioijmb3jjztpvymply3rib21lrgvza3rvccisinnvymply3ruexblijoiqwnjb3vudcj9fswiz3jvdxbjzci6ikrfrkfvtfqifswic3rhdguiont9fq%3d%3d</small> </font> </div>
<div class="test-event"> <font color="maroon"> <small> &emsp; &emsp;--- 16 Oct 09:48:41 078 - <b>0</b> - Page Load Wait: (Sync) - ICar.support.Utils.waitForPageLoad(Utils.java:109)</small> </font> </div>
<div class="test-event"> <font color="maroon"> <small> &emsp; &emsp;--- 16 Oct 09:48:41 848 - Page URL:: https://i-car--staging.sandbox.lightning.force.com/one/one.app#eyjjb21wb25lbnrezwyioijmb3jjzvnlyxjjadpzzwfyy2hqywdlrgvza3rvccisimf0dhjpynv0zxmionsidgvybsi6ikdlcmjlcibdb2xsaxnpb24gjibhbgfzcyatieftc3rlcmrhbsisinnjb3bltwfwijp7inr5cguioijut1bfukvtvuxuuyisim5hbwvzcgfjzsi6iiisimxhymvsijoivg9wifjlc3vsdhmilcjsywjlbfbsdxjhbci6ilrvccbszxn1bhrziiwicmvzdwx0c0ntcci6imzvcmnlu2vhcmnoonbyzwrpy3rlzfjlc3vsdhmifswiy29udgv4dci6eyjgsuxurvjtijp7fswic2vhcmnou291cmnlijoiqvntsvnuqu5ux0rjquxpryisimrpc2fibgvjbnrlbnrrdwvyesi6zmfsc2usimrpc2fibgvtcgvsbenvcnjly3rpb24iomzhbhnllcjzzwfyy2heawfsb2dtzxnzaw9uswqioiiymjlmnmmznc03ngu4ltk5nmmtntlmny0xywi3n2qznze5mmuilcjkzwj1z0luzm8ionsiyxbwtmftzsi6ikldyxjfu2vydmljzv9db25zb2xliiwiyxbwvhlwzsi6iknvbnnvbguilcjhchboyw1lc3bhy2uioijjiiwibg9jyxrpb24ioijmb3jjztpvymply3rib21lrgvza3rvccisinnvymply3ruexblijoiqwnjb3vudcj9fswiz3jvdxbjzci6ikrfrkfvtfqifswic3rhdguiont9fq%3d%3d</small> </font> </div>
<div class="test-event"> <font color="maroon"> <small> &emsp; &emsp;--- 16 Oct 09:48:41 848 - <b>0</b> - Page Load Wait: (Sync) - ICar.support.Utils.waitForPageLoad(Utils.java:109)</small> </font> </div>
<div class="test-event"> <font color="maroon"> <small> &emsp; &emsp;--- 16 Oct 09:48:51 863 - Catched spinner load exception due to Expected condition failed: waiting for ICar.support.WaitUtils$4@714addf7 (tried for 10 second(s) with 500 milliseconds interval)</small> </font> </div>
<div class="test-event"> <font color="maroon"> <small> &emsp; &emsp;--- 16 Oct 09:48:51 863 - <b>10</b> - Spinner Load Wait: (Sync) - ICar.support.WaitUtils.waitForSpinner(WaitUtils.java:225)</small> </font> </div>
<div class="test-event"> <font color="maroon"> <small> &emsp; &emsp;--- 16 Oct 09:48:51 898 - Element is displayed:: [[ChromeDriver: chrome on WINDOWS (f0e4a81186c94bddd35addbf4789d192)] -> css selector: div.forceSearchResultsRegion div.resultsMultiWrapper >div > div table tbody th a]</small> </font> </div>
<div class="test-event"> <font color="maroon"> <small> &emsp; &emsp;--- 16 Oct 09:48:51 995 - Element is displayed:: [[ChromeDriver: chrome on WINDOWS (f0e4a81186c94bddd35addbf4789d192)] -> css selector: div.forceSearchResultsRegion div.resultsMultiWrapper >div > div table tbody th a]</small> </font> </div>
<div class="test-message">&emsp;4. click on Account : Gerber Collision & Glass - Amsterdam</div>
<div class="test-event"> <font color="maroon"> <small> &emsp; &emsp;--- 16 Oct 09:48:53 019 - Page URL:: https://i-car--staging.sandbox.lightning.force.com/one/one.app#eyjjb21wb25lbnrezwyioijmb3jjzvnlyxjjadpzzwfyy2hqywdlrgvza3rvccisimf0dhjpynv0zxmionsidgvybsi6ikdlcmjlcibdb2xsaxnpb24gjibhbgfzcyatieftc3rlcmrhbsisinnjb3bltwfwijp7inr5cguioijut1bfukvtvuxuuyisim5hbwvzcgfjzsi6iiisimxhymvsijoivg9wifjlc3vsdhmilcjsywjlbfbsdxjhbci6ilrvccbszxn1bhrziiwicmvzdwx0c0ntcci6imzvcmnlu2vhcmnoonbyzwrpy3rlzfjlc3vsdhmifswiy29udgv4dci6eyjgsuxurvjtijp7fswic2vhcmnou291cmnlijoiqvntsvnuqu5ux0rjquxpryisimrpc2fibgvjbnrlbnrrdwvyesi6zmfsc2usimrpc2fibgvtcgvsbenvcnjly3rpb24iomzhbhnllcjzzwfyy2heawfsb2dtzxnzaw9uswqioiiymjlmnmmznc03ngu4ltk5nmmtntlmny0xywi3n2qznze5mmuilcjkzwj1z0luzm8ionsiyxbwtmftzsi6ikldyxjfu2vydmljzv9db25zb2xliiwiyxbwvhlwzsi6iknvbnnvbguilcjhchboyw1lc3bhy2uioijjiiwibg9jyxrpb24ioijmb3jjztpvymply3rib21lrgvza3rvccisinnvymply3ruexblijoiqwnjb3vudcj9fswiz3jvdxbjzci6ikrfrkfvtfqifswic3rhdguiont9fq%3d%3d</small> </font> </div>
<div class="test-event"> <font color="maroon"> <small> &emsp; &emsp;--- 16 Oct 09:48:53 019 - <b>0</b> - Page Load Wait: (Sync) - ICar.support.Utils.waitForPageLoad(Utils.java:109)</small> </font> </div>
<div class="test-event"> <font color="maroon"> <small> &emsp; &emsp;--- 16 Oct 09:49:08 485 - Catched spinner load exception due to Expected condition failed: waiting for ICar.support.WaitUtils$4@714addf7 (tried for 15 second(s) with 500 milliseconds interval)</small> </font> </div>
<div class="test-event"> <font color="maroon"> <small> &emsp; &emsp;--- 16 Oct 09:49:08 485 - <b>15</b> - Spinner Load Wait: (Sync) - ICar.support.WaitUtils.waitForSpinner(WaitUtils.java:225)</small> </font> </div>
<div class="test-event"> <font color="maroon"> <small> &emsp; &emsp;--- 16 Oct 09:49:09 539 - Page URL:: https://i-car--staging.sandbox.lightning.force.com/lightning/r/account/0011i00000uwihwqa2/view</small> </font> </div>
<div class="test-event"> <font color="maroon"> <small> &emsp; &emsp;--- 16 Oct 09:49:09 539 - <b>1</b> - Page Load Wait: (Sync) - ICar.support.Utils.waitForPageLoad(Utils.java:109)</small> </font> </div>
<div class="test-event"> <font color="maroon"> <small> &emsp; &emsp;--- 16 Oct 09:49:11 696 - Element is displayed:: [[ChromeDriver: chrome on WINDOWS (f0e4a81186c94bddd35addbf4789d192)] -> xpath: //button[normalize-space()='Roster']]</small> </font> </div>
<div class="test-event"> <font color="maroon"> <small> &emsp; &emsp;--- 16 Oct 09:49:12 571 - Page URL:: https://i-car--staging.sandbox.lightning.force.com/lightning/r/account/0011i00000uwihwqa2/view</small> </font> </div>
<div class="test-event"> <font color="maroon"> <small> &emsp; &emsp;--- 16 Oct 09:49:12 571 - <b>0</b> - Page Load Wait: (Sync) - ICar.support.Utils.waitForPageLoad(Utils.java:109)</small> </font> </div>
<div class="test-event"> <font color="maroon"> <small> &emsp; &emsp;--- 16 Oct 09:49:13 549 - Page URL:: https://i-car--staging.sandbox.lightning.force.com/lightning/r/account/0011i00000uwihwqa2/view</small> </font> </div>
<div class="test-event"> <font color="maroon"> <small> &emsp; &emsp;--- 16 Oct 09:49:13 550 - <b>0</b> - Page Load Wait: (Sync) - ICar.support.Utils.waitForPageLoad(Utils.java:109)</small> </font> </div>
<div class="test-event"> <font color="maroon"> <small> &emsp; &emsp;--- 16 Oct 09:49:28 953 - Catched spinner load exception due to Expected condition failed: waiting for ICar.support.WaitUtils$4@714addf7 (tried for 15 second(s) with 500 milliseconds interval)</small> </font> </div>
<div class="test-event"> <font color="maroon"> <small> &emsp; &emsp;--- 16 Oct 09:49:28 953 - <b>15</b> - Spinner Load Wait: (Sync) - ICar.support.WaitUtils.waitForSpinner(WaitUtils.java:225)</small> </font> </div>
<div class="test-event"> <font color="maroon"> <small> &emsp; &emsp;--- 16 Oct 09:49:30 209 - Page URL:: https://i-car--staging.sandbox.lightning.force.com/one/one.app#eyjjb21wb25lbnrezwyioijvbmu6ywxvagfqywdliiwiyxr0cmlidxrlcyi6eyjhzgryzxnzijoiahr0chm6ly9plwnhci0tc3rhz2luzy0tyy5zyw5kym94lnzmlmzvcmnllmnvbs9hcgv4l1jvc3rlck1hbmfnzw1lbnq%2fswq9mdaxmukwmdawmhv3suhxin0sinn0yxrlijp7indzijoil2xpz2h0bmluzy9yl0fjy291bnqvmdaxmukwmdawmhv3suhxuueyl3zpzxcifx0%3d</small> </font> </div>
<div class="test-event"> <font color="maroon"> <small> &emsp; &emsp;--- 16 Oct 09:49:30 209 - <b>1</b> - Page Load Wait: (Sync) - ICar.support.Utils.waitForPageLoad(Utils.java:109)</small> </font> </div>
<div class="test-message">&emsp;5. Click on account roster Gerber Collision & Glass - Amsterdam</div>
<div class="test-event"> <font color="maroon"> <small> &emsp; &emsp;--- 16 Oct 09:49:40 604 - Catched spinner load exception due to Expected condition failed: waiting for ICar.support.WaitUtils$4@714addf7 (tried for 10 second(s) with 500 milliseconds interval)</small> </font> </div>
<div class="test-event"> <font color="maroon"> <small> &emsp; &emsp;--- 16 Oct 09:49:40 605 - <b>10</b> - Spinner Load Wait: (Sync) - ICar.support.WaitUtils.waitForSpinner(WaitUtils.java:225)</small> </font> </div>
<div class="test-event"> <font color="maroon"> <small> &emsp; &emsp;--- 16 Oct 09:49:42 889 - Element is displayed:: [[ChromeDriver: chrome on WINDOWS (f0e4a81186c94bddd35addbf4789d192)] -> xpath: //span[text()='All']]</small> </font> </div>
<div class="test-event"> <font color="maroon"> <small> &emsp; &emsp;--- 16 Oct 09:49:51 327 - Catched spinner load exception due to Expected condition failed: waiting for ICar.support.WaitUtils$4@714addf7 (tried for 5 second(s) with 500 milliseconds interval)</small> </font> </div>
<div class="test-event"> <font color="maroon"> <small> &emsp; &emsp;--- 16 Oct 09:49:51 327 - <b>5</b> - Spinner Load Wait: (Sync) - ICar.support.WaitUtils.waitForSpinner(WaitUtils.java:225)</small> </font> </div>
<div class="test-event"> <font color="maroon"> <small> &emsp; &emsp;--- 16 Oct 09:49:56 061 - Page URL:: https://i-car--staging.sandbox.lightning.force.com/one/one.app#eyjjb21wb25lbnrezwyioijvbmu6ywxvagfqywdliiwiyxr0cmlidxrlcyi6eyjhzgryzxnzijoiahr0chm6ly9plwnhci0tc3rhz2luzy0tyy5zyw5kym94lnzmlmzvcmnllmnvbs9hcgv4l1jvc3rlck1hbmfnzw1lbnq%2fswq9mdaxmukwmdawmhv3suhxin0sinn0yxrlijp7indzijoil2xpz2h0bmluzy9yl0fjy291bnqvmdaxmukwmdawmhv3suhxuueyl3zpzxcifx0%3d</small> </font> </div>
<div class="test-event"> <font color="maroon"> <small> &emsp; &emsp;--- 16 Oct 09:49:56 061 - <b>1</b> - Page Load Wait: (Sync) - ICar.support.Utils.waitForPageLoad(Utils.java:109)</small> </font> </div>
<div class="test-event"> <font color="maroon"> <small> &emsp; &emsp;--- 16 Oct 09:50:11 086 - Catched spinner load exception due to Expected condition failed: waiting for ICar.support.WaitUtils$4@714addf7 (tried for 15 second(s) with 500 milliseconds interval)</small> </font> </div>
<div class="test-event"> <font color="maroon"> <small> &emsp; &emsp;--- 16 Oct 09:50:11 086 - <b>15</b> - Spinner Load Wait: (Sync) - ICar.support.WaitUtils.waitForSpinner(WaitUtils.java:225)</small> </font> </div>
<div class="test-event"> <font color="maroon"> <small> &emsp; &emsp;--- 16 Oct 09:50:12 255 - Page URL:: https://i-car--staging.sandbox.lightning.force.com/one/one.app#eyjjb21wb25lbnrezwyioijvbmu6ywxvagfqywdliiwiyxr0cmlidxrlcyi6eyjhzgryzxnzijoiahr0chm6ly9plwnhci0tc3rhz2luzy0tyy5zyw5kym94lnzmlmzvcmnllmnvbs9hcgv4l1jvc3rlck1hbmfnzw1lbnq%2fswq9mdaxmukwmdawmhv3suhxin0sinn0yxrlijp7indzijoil2xpz2h0bmluzy9yl0fjy291bnqvmdaxmukwmdawmhv3suhxuueyl3zpzxcifx0%3d</small> </font> </div>
<div class="test-event"> <font color="maroon"> <small> &emsp; &emsp;--- 16 Oct 09:50:12 255 - <b>1</b> - Page Load Wait: (Sync) - ICar.support.Utils.waitForPageLoad(Utils.java:109)</small> </font> </div>
<div class="test-message">&emsp;Exception occurred while fetching employement start date from account roster org.openqa.selenium.NoSuchElementException: no such element: Unable to locate element: {"method":"xpath","selector":"(//table[@class='slds-table slds-table_cell-buffer slds-table_bordered'])[last()]/tbody/tr/td[@data-label='sName']/div[@title='Snow, George']//parent::td//following-sibling::td[@data-label='startDate']/div/div/span"}
  (Session info: chrome=129.0.6668.101)
For documentation on this error, please visit: https://selenium.dev/exceptions/#no_such_element
Build info: version: '4.6.0', revision: '79f1c02ae20'
System info: os.name: 'Windows 10', os.arch: 'amd64', os.version: '10.0', java.version: '16.0.2'
Driver info: org.openqa.selenium.chrome.ChromeDriver
Command: [f0e4a81186c94bddd35addbf4789d192, findElement {using=xpath, value=(//table[@class='slds-table slds-table_cell-buffer slds-table_bordered'])[last()]/tbody/tr/td[@data-label='sName']/div[@title='Snow, George']//parent::td//following-sibling::td[@data-label='startDate']/div/div/span}]
Capabilities {acceptInsecureCerts: false, browserName: chrome, browserVersion: 129.0.6668.101, chrome: {chromedriverVersion: 129.0.6668.58 (81a06fb873a9..., userDataDir: C:\Users\PRATHA~1.KUM\AppDa...}, fedcm:accounts: true, goog:chromeOptions: {debuggerAddress: localhost:53889}, networkConnectionEnabled: false, pageLoadStrategy: normal, platformName: WINDOWS, proxy: Proxy(), se:cdp: ws://localhost:53889/devtoo..., se:cdpVersion: 129.0.6668.101, setWindowRect: true, strictFileInteractability: false, timeouts: {implicit: 0, pageLoad: 300000, script: 30000}, unhandledPromptBehavior: dismiss and notify, webauthn:extension:credBlob: true, webauthn:extension:largeBlob: true, webauthn:extension:minPinLength: true, webauthn:extension:prf: true, webauthn:virtualAuthenticators: true}
Session ID: f0e4a81186c94bddd35addbf4789d192</div>
<div class="test-event"> <font color="maroon"> <small> &emsp; &emsp;--- 16 Oct 09:50:13 510 - Page URL:: https://i-car--staging.sandbox.lightning.force.com/one/one.app#eyjjb21wb25lbnrezwyioijvbmu6ywxvagfqywdliiwiyxr0cmlidxrlcyi6eyjhzgryzxnzijoiahr0chm6ly9plwnhci0tc3rhz2luzy0tyy5zyw5kym94lnzmlmzvcmnllmnvbs9hcgv4l1jvc3rlck1hbmfnzw1lbnq%2fswq9mdaxmukwmdawmhv3suhxin0sinn0yxrlijp7indzijoil2xpz2h0bmluzy9yl0fjy291bnqvmdaxmukwmdawmhv3suhxuueyl3zpzxcifx0%3d</small> </font> </div>
<div class="test-event"> <font color="maroon"> <small> &emsp; &emsp;--- 16 Oct 09:50:13 510 - <b>1</b> - Page Load Wait: (Sync) - ICar.support.Utils.waitForPageLoad(Utils.java:109)</small> </font> </div>
<div class="test-event"> <font color="maroon"> <small> &emsp; &emsp;--- 16 Oct 09:50:19 698 - Page URL:: https://i-car--staging.sandbox.lightning.force.com/one/one.app#eyjjb21wb25lbnrezwyioijvbmu6ywxvagfqywdliiwiyxr0cmlidxrlcyi6eyjhzgryzxnzijoiahr0chm6ly9plwnhci0tc3rhz2luzy0tyy5zyw5kym94lnzmlmzvcmnllmnvbs9hcgv4l1jvc3rlck1hbmfnzw1lbnq%2fswq9mdaxmukwmdawmhv3suhxin0sinn0yxrlijp7indzijoil2xpz2h0bmluzy9yl0fjy291bnqvmdaxmukwmdawmhv3suhxuueyl3zpzxcifx0%3d</small> </font> </div>
<div class="test-event"> <font color="maroon"> <small> &emsp; &emsp;--- 16 Oct 09:50:19 698 - <b>1</b> - Page Load Wait: (Sync) - ICar.support.Utils.waitForPageLoad(Utils.java:109)</small> </font> </div>
<div class="test-message">&emsp;Close the tab</div>
<div class="test-event"> <font color="maroon"> <small> &emsp; &emsp;--- 16 Oct 09:50:25 993 - Page URL:: https://i-car--staging.sandbox.lightning.force.com/one/one.app#eyjjb21wb25lbnrezwyioijvbmu6ywxvagfqywdliiwiyxr0cmlidxrlcyi6eyjhzgryzxnzijoiahr0chm6ly9plwnhci0tc3rhz2luzy0tyy5zyw5kym94lnzmlmzvcmnllmnvbs9hcgv4l1jvc3rlck1hbmfnzw1lbnq%2fswq9mdaxmukwmdawmhv3suhxin0sinn0yxrlijp7indzijoil2xpz2h0bmluzy9yl0fjy291bnqvmdaxmukwmdawmhv3suhxuueyl3zpzxcifx0%3d</small> </font> </div>
<div class="test-event"> <font color="maroon"> <small> &emsp; &emsp;--- 16 Oct 09:50:25 993 - <b>1</b> - Page Load Wait: (Sync) - ICar.support.Utils.waitForPageLoad(Utils.java:109)</small> </font> </div>
<div class="test-event"> <font color="maroon"> <small> &emsp; &emsp;--- 16 Oct 09:50:32 210 - Page URL:: https://i-car--staging.sandbox.lightning.force.com/one/one.app#eyjjb21wb25lbnrezwyioijvbmu6ywxvagfqywdliiwiyxr0cmlidxrlcyi6eyjhzgryzxnzijoiahr0chm6ly9plwnhci0tc3rhz2luzy0tyy5zyw5kym94lnzmlmzvcmnllmnvbs9hcgv4l1jvc3rlck1hbmfnzw1lbnq%2fswq9mdaxmukwmdawmhv3suhxin0sinn0yxrlijp7indzijoil2xpz2h0bmluzy9yl0fjy291bnqvmdaxmukwmdawmhv3suhxuueyl3zpzxcifx0%3d</small> </font> </div>
<div class="test-event"> <font color="maroon"> <small> &emsp; &emsp;--- 16 Oct 09:50:32 210 - <b>1</b> - Page Load Wait: (Sync) - ICar.support.Utils.waitForPageLoad(Utils.java:109)</small> </font> </div>
<div class="test-message">&emsp;Close the tab</div>
<div class="test-event"> <font color="maroon"> <small> &emsp; &emsp;--- 16 Oct 09:50:38 592 - Page URL:: https://i-car--staging.sandbox.lightning.force.com/one/one.app#eyjjb21wb25lbnrezwyioijvbmu6ywxvagfqywdliiwiyxr0cmlidxrlcyi6eyjhzgryzxnzijoiahr0chm6ly9plwnhci0tc3rhz2luzy0tyy5zyw5kym94lnzmlmzvcmnllmnvbs9hcgv4l1jvc3rlck1hbmfnzw1lbnq%2fswq9mdaxmukwmdawmhv3suhxin0sinn0yxrlijp7indzijoil2xpz2h0bmluzy9yl0fjy291bnqvmdaxmukwmdawmhv3suhxuueyl3zpzxcifx0%3d</small> </font> </div>
<div class="test-event"> <font color="maroon"> <small> &emsp; &emsp;--- 16 Oct 09:50:38 592 - <b>1</b> - Page Load Wait: (Sync) - ICar.support.Utils.waitForPageLoad(Utils.java:109)</small> </font> </div>
<div class="test-event"> <font color="maroon"> <small> &emsp; &emsp;--- 16 Oct 09:50:38 649 - Element is displayed:: [[ChromeDriver: chrome on WINDOWS (f0e4a81186c94bddd35addbf4789d192)] -> css selector: button[class*='search-button']]</small> </font> </div>
<div class="test-event"> <font color="maroon"> <small> &emsp; &emsp;--- 16 Oct 09:50:40 725 - Catched spinner load exception due to Expected condition failed: waiting for ICar.support.WaitUtils$4@714addf7 (tried for 2 second(s) with 500 milliseconds interval)</small> </font> </div>
<div class="test-event"> <font color="maroon"> <small> &emsp; &emsp;--- 16 Oct 09:50:40 726 - <b>2</b> - Spinner Load Wait: (Sync) - ICar.support.WaitUtils.waitForSpinner(WaitUtils.java:225)</small> </font> </div>
<div class="test-event"> <font color="maroon"> <small> &emsp; &emsp;--- 16 Oct 09:50:43 795 - Element is displayed:: [[ChromeDriver: chrome on WINDOWS (f0e4a81186c94bddd35addbf4789d192)] -> css selector: button[class*='search-button']]</small> </font> </div>
<div class="test-event"> <font color="maroon"> <small> &emsp; &emsp;--- 16 Oct 09:50:45 197 - Page URL:: https://i-car--staging.sandbox.lightning.force.com/one/one.app#eyjjb21wb25lbnrezwyioijvbmu6ywxvagfqywdliiwiyxr0cmlidxrlcyi6eyjhzgryzxnzijoiahr0chm6ly9plwnhci0tc3rhz2luzy0tyy5zyw5kym94lnzmlmzvcmnllmnvbs9hcgv4l1jvc3rlck1hbmfnzw1lbnq%2fswq9mdaxmukwmdawmhv3suhxin0sinn0yxrlijp7indzijoil2xpz2h0bmluzy9yl0fjy291bnqvmdaxmukwmdawmhv3suhxuueyl3zpzxcifx0%3d</small> </font> </div>
<div class="test-event"> <font color="maroon"> <small> &emsp; &emsp;--- 16 Oct 09:50:45 197 - <b>1</b> - Page Load Wait: (Sync) - ICar.support.Utils.waitForPageLoad(Utils.java:109)</small> </font> </div>
<div class="test-event"> <font color="maroon"> <small> &emsp; &emsp;--- 16 Oct 09:51:04 679 - Catched spinner load exception due to Expected condition failed: waiting for ICar.support.WaitUtils$4@714addf7 (tried for 10 second(s) with 500 milliseconds interval)</small> </font> </div>
<div class="test-event"> <font color="maroon"> <small> &emsp; &emsp;--- 16 Oct 09:51:04 679 - <b>10</b> - Spinner Load Wait: (Sync) - ICar.support.WaitUtils.waitForSpinner(WaitUtils.java:225)</small> </font> </div>
<div class="test-event"> <font color="maroon"> <small> &emsp; &emsp;--- 16 Oct 09:51:05 977 - Page URL:: https://i-car--staging.sandbox.lightning.force.com/one/one.app#eyjjb21wb25lbnrezwyioijmb3jjzvnlyxjjadpzzwfyy2hqywdlrgvza3rvccisimf0dhjpynv0zxmionsidgvybsi6ijiynta2njyilcjzy29wzu1hcci6eyj0exblijoive9qx1jfu1vmvfmilcjuyw1lc3bhy2uioiiilcjsywjlbci6ilrvccbszxn1bhrziiwibgfizwxqbhvyywwioijub3agumvzdwx0cyisinjlc3vsdhndbxaioijmb3jjzvnlyxjjadpwcmvkawn0zwrszxn1bhrzin0simnvbnrlehqionsirklmvevsuyi6e30sinnlyxjjafnvdxjjzsi6ikftu0ltvefovf9esufmt0cilcjkaxnhymxlsw50zw50uxvlcnkiomzhbhnllcjkaxnhymxlu3blbgxdb3jyzwn0aw9uijpmywxzzswic2vhcmnorglhbg9nu2vzc2lvbklkijoindzjntuzntutnjzins0wzjlhlwjkyjqtzdqwnjhingm3mwriiiwizgvidwdjbmzvijp7imfwce5hbwuioijjq2fyx1nlcnzpy2vfq29uc29szsisimfwcfr5cguioijdb25zb2xliiwiyxbwtmftzxnwywnlijoiyyisimxvy2f0aw9uijoib25lomfsb2hhugfnzsj9fswiz3jvdxbjzci6ikrfrkfvtfqifswic3rhdguiont9fq%3d%3d</small> </font> </div>
<div class="test-event"> <font color="maroon"> <small> &emsp; &emsp;--- 16 Oct 09:51:05 977 - <b>1</b> - Page Load Wait: (Sync) - ICar.support.Utils.waitForPageLoad(Utils.java:109)</small> </font> </div>
<div class="test-event"> <font color="maroon"> <small> &emsp; &emsp;--- 16 Oct 09:51:17 105 - Catched spinner load exception due to Expected condition failed: waiting for ICar.support.WaitUtils$4@714addf7 (tried for 11 second(s) with 500 milliseconds interval)</small> </font> </div>
<div class="test-event"> <font color="maroon"> <small> &emsp; &emsp;--- 16 Oct 09:51:17 105 - <b>11</b> - Spinner Load Wait: (Sync) - ICar.support.WaitUtils.waitForSpinner(WaitUtils.java:225)</small> </font> </div>
<div class="test-event"> <font color="maroon"> <small> &emsp; &emsp;--- 16 Oct 09:51:18 367 - Page URL:: https://i-car--staging.sandbox.lightning.force.com/one/one.app#eyjjb21wb25lbnrezwyioijmb3jjzvnlyxjjadpzzwfyy2hqywdlrgvza3rvccisimf0dhjpynv0zxmionsidgvybsi6ijiynta2njyilcjzy29wzu1hcci6eyj0exblijoive9qx1jfu1vmvfmilcjuyw1lc3bhy2uioiiilcjsywjlbci6ilrvccbszxn1bhrziiwibgfizwxqbhvyywwioijub3agumvzdwx0cyisinjlc3vsdhndbxaioijmb3jjzvnlyxjjadpwcmvkawn0zwrszxn1bhrzin0simnvbnrlehqionsirklmvevsuyi6e30sinnlyxjjafnvdxjjzsi6ikftu0ltvefovf9esufmt0cilcjkaxnhymxlsw50zw50uxvlcnkiomzhbhnllcjkaxnhymxlu3blbgxdb3jyzwn0aw9uijpmywxzzswic2vhcmnorglhbg9nu2vzc2lvbklkijoindzjntuzntutnjzins0wzjlhlwjkyjqtzdqwnjhingm3mwriiiwizgvidwdjbmzvijp7imfwce5hbwuioijjq2fyx1nlcnzpy2vfq29uc29szsisimfwcfr5cguioijdb25zb2xliiwiyxbwtmftzxnwywnlijoiyyisimxvy2f0aw9uijoib25lomfsb2hhugfnzsj9fswiz3jvdxbjzci6ikrfrkfvtfqifswic3rhdguiont9fq%3d%3d</small> </font> </div>
<div class="test-event"> <font color="maroon"> <small> &emsp; &emsp;--- 16 Oct 09:51:18 367 - <b>1</b> - Page Load Wait: (Sync) - ICar.support.Utils.waitForPageLoad(Utils.java:109)</small> </font> </div>
<div class="test-event"> <font color="maroon"> <small> &emsp; &emsp;--- 16 Oct 09:51:18 431 - Element is displayed:: [[ChromeDriver: chrome on WINDOWS (f0e4a81186c94bddd35addbf4789d192)] -> xpath: //a[@title='Top Results']//span[text()='Top Results']]</small> </font> </div>
<div class="test-event"> <font color="maroon"> <small> &emsp; &emsp;--- 16 Oct 09:51:19 735 - Page URL:: https://i-car--staging.sandbox.lightning.force.com/one/one.app#eyjjb21wb25lbnrezwyioijmb3jjzvnlyxjjadpzzwfyy2hqywdlrgvza3rvccisimf0dhjpynv0zxmionsidgvybsi6ijiynta2njyilcjzy29wzu1hcci6eyj0exblijoive9qx1jfu1vmvfmilcjuyw1lc3bhy2uioiiilcjsywjlbci6ilrvccbszxn1bhrziiwibgfizwxqbhvyywwioijub3agumvzdwx0cyisinjlc3vsdhndbxaioijmb3jjzvnlyxjjadpwcmvkawn0zwrszxn1bhrzin0simnvbnrlehqionsirklmvevsuyi6e30sinnlyxjjafnvdxjjzsi6ikftu0ltvefovf9esufmt0cilcjkaxnhymxlsw50zw50uxvlcnkiomzhbhnllcjkaxnhymxlu3blbgxdb3jyzwn0aw9uijpmywxzzswic2vhcmnorglhbg9nu2vzc2lvbklkijoindzjntuzntutnjzins0wzjlhlwjkyjqtzdqwnjhingm3mwriiiwizgvidwdjbmzvijp7imfwce5hbwuioijjq2fyx1nlcnzpy2vfq29uc29szsisimfwcfr5cguioijdb25zb2xliiwiyxbwtmftzxnwywnlijoiyyisimxvy2f0aw9uijoib25lomfsb2hhugfnzsj9fswiz3jvdxbjzci6ikrfrkfvtfqifswic3rhdguiont9fq%3d%3d</small> </font> </div>
<div class="test-event"> <font color="maroon"> <small> &emsp; &emsp;--- 16 Oct 09:51:19 735 - <b>1</b> - Page Load Wait: (Sync) - ICar.support.Utils.waitForPageLoad(Utils.java:109)</small> </font> </div>
<div class="test-event"> <font color="maroon"> <small> &emsp; &emsp;--- 16 Oct 09:51:24 954 - Catched spinner load exception due to Expected condition failed: waiting for ICar.support.WaitUtils$4@714addf7 (tried for 5 second(s) with 500 milliseconds interval)</small> </font> </div>
<div class="test-event"> <font color="maroon"> <small> &emsp; &emsp;--- 16 Oct 09:51:24 954 - <b>5</b> - Spinner Load Wait: (Sync) - ICar.support.WaitUtils.waitForSpinner(WaitUtils.java:225)</small> </font> </div>
<div class="test-event"> <font color="maroon"> <small> &emsp; &emsp;--- 16 Oct 09:51:26 200 - Page URL:: https://i-car--staging.sandbox.lightning.force.com/one/one.app#eyjjb21wb25lbnrezwyioijmb3jjzvnlyxjjadpzzwfyy2hqywdlrgvza3rvccisimf0dhjpynv0zxmionsidgvybsi6ijiynta2njyilcjzy29wzu1hcci6eyj0exblijoive9qx1jfu1vmvfmilcjuyw1lc3bhy2uioiiilcjsywjlbci6ilrvccbszxn1bhrziiwibgfizwxqbhvyywwioijub3agumvzdwx0cyisinjlc3vsdhndbxaioijmb3jjzvnlyxjjadpwcmvkawn0zwrszxn1bhrzin0simnvbnrlehqionsirklmvevsuyi6e30sinnlyxjjafnvdxjjzsi6ikftu0ltvefovf9esufmt0cilcjkaxnhymxlsw50zw50uxvlcnkiomzhbhnllcjkaxnhymxlu3blbgxdb3jyzwn0aw9uijpmywxzzswic2vhcmnorglhbg9nu2vzc2lvbklkijoindzjntuzntutnjzins0wzjlhlwjkyjqtzdqwnjhingm3mwriiiwizgvidwdjbmzvijp7imfwce5hbwuioijjq2fyx1nlcnzpy2vfq29uc29szsisimfwcfr5cguioijdb25zb2xliiwiyxbwtmftzxnwywnlijoiyyisimxvy2f0aw9uijoib25lomfsb2hhugfnzsj9fswiz3jvdxbjzci6ikrfrkfvtfqifswic3rhdguiont9fq%3d%3d</small> </font> </div>
<div class="test-event"> <font color="maroon"> <small> &emsp; &emsp;--- 16 Oct 09:51:26 200 - <b>1</b> - Page Load Wait: (Sync) - ICar.support.Utils.waitForPageLoad(Utils.java:109)</small> </font> </div>
<div class="test-event"> <font color="maroon"> <small> &emsp; &emsp;--- 16 Oct 09:51:27 481 - Page URL:: https://i-car--staging.sandbox.lightning.force.com/one/one.app#eyjjb21wb25lbnrezwyioijmb3jjzvnlyxjjadpzzwfyy2hqywdlrgvza3rvccisimf0dhjpynv0zxmionsidgvybsi6ijiynta2njyilcjzy29wzu1hcci6eyj0exblijoive9qx1jfu1vmvfmilcjuyw1lc3bhy2uioiiilcjsywjlbci6ilrvccbszxn1bhrziiwibgfizwxqbhvyywwioijub3agumvzdwx0cyisinjlc3vsdhndbxaioijmb3jjzvnlyxjjadpwcmvkawn0zwrszxn1bhrzin0simnvbnrlehqionsirklmvevsuyi6e30sinnlyxjjafnvdxjjzsi6ikftu0ltvefovf9esufmt0cilcjkaxnhymxlsw50zw50uxvlcnkiomzhbhnllcjkaxnhymxlu3blbgxdb3jyzwn0aw9uijpmywxzzswic2vhcmnorglhbg9nu2vzc2lvbklkijoindzjntuzntutnjzins0wzjlhlwjkyjqtzdqwnjhingm3mwriiiwizgvidwdjbmzvijp7imfwce5hbwuioijjq2fyx1nlcnzpy2vfq29uc29szsisimfwcfr5cguioijdb25zb2xliiwiyxbwtmftzxnwywnlijoiyyisimxvy2f0aw9uijoib25lomfsb2hhugfnzsj9fswiz3jvdxbjzci6ikrfrkfvtfqifswic3rhdguiont9fq%3d%3d</small> </font> </div>
<div class="test-event"> <font color="maroon"> <small> &emsp; &emsp;--- 16 Oct 09:51:27 481 - <b>1</b> - Page Load Wait: (Sync) - ICar.support.Utils.waitForPageLoad(Utils.java:109)</small> </font> </div>
<div class="test-event"> <font color="maroon"> <small> &emsp; &emsp;--- 16 Oct 09:51:28 655 - Page URL:: https://i-car--staging.sandbox.lightning.force.com/one/one.app#eyjjb21wb25lbnrezwyioijmb3jjzvnlyxjjadpzzwfyy2hqywdlrgvza3rvccisimf0dhjpynv0zxmionsidgvybsi6ijiynta2njyilcjzy29wzu1hcci6eyj0exblijoive9qx1jfu1vmvfmilcjuyw1lc3bhy2uioiiilcjsywjlbci6ilrvccbszxn1bhrziiwibgfizwxqbhvyywwioijub3agumvzdwx0cyisinjlc3vsdhndbxaioijmb3jjzvnlyxjjadpwcmvkawn0zwrszxn1bhrzin0simnvbnrlehqionsirklmvevsuyi6e30sinnlyxjjafnvdxjjzsi6ikftu0ltvefovf9esufmt0cilcjkaxnhymxlsw50zw50uxvlcnkiomzhbhnllcjkaxnhymxlu3blbgxdb3jyzwn0aw9uijpmywxzzswic2vhcmnorglhbg9nu2vzc2lvbklkijoindzjntuzntutnjzins0wzjlhlwjkyjqtzdqwnjhingm3mwriiiwizgvidwdjbmzvijp7imfwce5hbwuioijjq2fyx1nlcnzpy2vfq29uc29szsisimfwcfr5cguioijdb25zb2xliiwiyxbwtmftzxnwywnlijoiyyisimxvy2f0aw9uijoib25lomfsb2hhugfnzsj9fswiz3jvdxbjzci6ikrfrkfvtfqifswic3rhdguiont9fq%3d%3d</small> </font> </div>
<div class="test-event"> <font color="maroon"> <small> &emsp; &emsp;--- 16 Oct 09:51:28 655 - <b>1</b> - Page Load Wait: (Sync) - ICar.support.Utils.waitForPageLoad(Utils.java:109)</small> </font> </div>
<div class="test-event"> <font color="maroon"> <small> &emsp; &emsp;--- 16 Oct 09:51:37 013 - Catched spinner load exception due to Expected condition failed: waiting for ICar.support.WaitUtils$4@714addf7 (tried for 8 second(s) with 500 milliseconds interval)</small> </font> </div>
<div class="test-event"> <font color="maroon"> <small> &emsp; &emsp;--- 16 Oct 09:51:37 013 - <b>8</b> - Spinner Load Wait: (Sync) - ICar.support.WaitUtils.waitForSpinner(WaitUtils.java:225)</small> </font> </div>
<div class="test-event"> <font color="maroon"> <small> &emsp; &emsp;--- 16 Oct 09:51:38 257 - Page URL:: https://i-car--staging.sandbox.lightning.force.com/one/one.app#eyjjb21wb25lbnrezwyioijmb3jjzvnlyxjjadpzzwfyy2hqywdlrgvza3rvccisimf0dhjpynv0zxmionsidgvybsi6ijiynta2njyilcjzy29wzu1hcci6eyj0exblijoive9qx1jfu1vmvfmilcjuyw1lc3bhy2uioiiilcjsywjlbci6ilrvccbszxn1bhrziiwibgfizwxqbhvyywwioijub3agumvzdwx0cyisinjlc3vsdhndbxaioijmb3jjzvnlyxjjadpwcmvkawn0zwrszxn1bhrzin0simnvbnrlehqionsirklmvevsuyi6e30sinnlyxjjafnvdxjjzsi6ikftu0ltvefovf9esufmt0cilcjkaxnhymxlsw50zw50uxvlcnkiomzhbhnllcjkaxnhymxlu3blbgxdb3jyzwn0aw9uijpmywxzzswic2vhcmnorglhbg9nu2vzc2lvbklkijoindzjntuzntutnjzins0wzjlhlwjkyjqtzdqwnjhingm3mwriiiwizgvidwdjbmzvijp7imfwce5hbwuioijjq2fyx1nlcnzpy2vfq29uc29szsisimfwcfr5cguioijdb25zb2xliiwiyxbwtmftzxnwywnlijoiyyisimxvy2f0aw9uijoib25lomfsb2hhugfnzsj9fswiz3jvdxbjzci6ikrfrkfvtfqifswic3rhdguiont9fq%3d%3d</small> </font> </div>
<div class="test-event"> <font color="maroon"> <small> &emsp; &emsp;--- 16 Oct 09:51:38 257 - <b>1</b> - Page Load Wait: (Sync) - ICar.support.Utils.waitForPageLoad(Utils.java:109)</small> </font> </div>
<div class="test-event"> <font color="maroon"> <small> &emsp; &emsp;--- 16 Oct 09:51:40 423 - Element is displayed:: [[ChromeDriver: chrome on WINDOWS (f0e4a81186c94bddd35addbf4789d192)] -> xpath: //div[contains(@class,'forceSearchResultsRegion')]//div[contains(@class,'resultsMultiWrapper')]/div/div[1]//following::h2//a]</small> </font> </div>
<div class="test-event"> <font color="maroon"> <small> &emsp; &emsp;--- 16 Oct 09:51:40 974 - Element is displayed:: [[ChromeDriver: chrome on WINDOWS (f0e4a81186c94bddd35addbf4789d192)] -> xpath: //a[text()='Contacts']]</small> </font> </div>
<div class="test-event"> <font color="maroon"> <small> &emsp; &emsp;--- 16 Oct 09:51:45 263 - Element is displayed:: [[ChromeDriver: chrome on WINDOWS (f0e4a81186c94bddd35addbf4789d192)] -> xpath: //div[text()='Contacts']//following :: table//tbody//th//span /a]</small> </font> </div>
<div class="test-event"> <font color="maroon"> <small> &emsp; &emsp;--- 16 Oct 09:51:46 851 - Page URL:: https://i-car--staging.sandbox.lightning.force.com/one/one.app#eyjjb21wb25lbnrezwyioijmb3jjzvnlyxjjadpzzwfyy2hqywdlrgvza3rvccisimf0dhjpynv0zxmionsidgvybsi6ijiynta2njyilcjzy29wzu1hcci6eyj0exblijoive9qx1jfu1vmvfmilcjuyw1lc3bhy2uioiiilcjsywjlbci6ilrvccbszxn1bhrziiwibgfizwxqbhvyywwioijub3agumvzdwx0cyisinjlc3vsdhndbxaioijmb3jjzvnlyxjjadpwcmvkawn0zwrszxn1bhrzin0simnvbnrlehqionsirklmvevsuyi6e30sinnlyxjjafnvdxjjzsi6ikftu0ltvefovf9esufmt0cilcjkaxnhymxlsw50zw50uxvlcnkiomzhbhnllcjkaxnhymxlu3blbgxdb3jyzwn0aw9uijpmywxzzswic2vhcmnorglhbg9nu2vzc2lvbklkijoindzjntuzntutnjzins0wzjlhlwjkyjqtzdqwnjhingm3mwriiiwizgvidwdjbmzvijp7imfwce5hbwuioijjq2fyx1nlcnzpy2vfq29uc29szsisimfwcfr5cguioijdb25zb2xliiwiyxbwtmftzxnwywnlijoiyyisimxvy2f0aw9uijoib25lomfsb2hhugfnzsj9fswiz3jvdxbjzci6ikrfrkfvtfqifswic3rhdguiont9fq%3d%3d</small> </font> </div>
<div class="test-event"> <font color="maroon"> <small> &emsp; &emsp;--- 16 Oct 09:51:46 851 - <b>1</b> - Page Load Wait: (Sync) - ICar.support.Utils.waitForPageLoad(Utils.java:109)</small> </font> </div>
<div class="test-event"> <font color="maroon"> <small> &emsp; &emsp;--- 16 Oct 09:52:05 031 - Catched spinner load exception due to Expected condition failed: waiting for ICar.support.WaitUtils$4@714addf7 (tried for 18 second(s) with 500 milliseconds interval)</small> </font> </div>
<div class="test-event"> <font color="maroon"> <small> &emsp; &emsp;--- 16 Oct 09:52:05 032 - <b>18</b> - Spinner Load Wait: (Sync) - ICar.support.WaitUtils.waitForSpinner(WaitUtils.java:225)</small> </font> </div>
<div class="test-event"> <font color="maroon"> <small> &emsp; &emsp;--- 16 Oct 09:52:06 194 - Page URL:: https://i-car--staging.sandbox.lightning.force.com/lightning/r/contact/0031i00000nuarzqa2/view</small> </font> </div>
<div class="test-event"> <font color="maroon"> <small> &emsp; &emsp;--- 16 Oct 09:52:06 194 - <b>1</b> - Page Load Wait: (Sync) - ICar.support.Utils.waitForPageLoad(Utils.java:109)</small> </font> </div>
<div class="test-event"> <font color="maroon"> <small> &emsp; &emsp;--- 16 Oct 09:52:07 769 - Page URL:: https://i-car--staging.sandbox.lightning.force.com/lightning/r/contact/0031i00000nuarzqa2/view</small> </font> </div>
<div class="test-event"> <font color="maroon"> <small> &emsp; &emsp;--- 16 Oct 09:52:07 769 - <b>1</b> - Page Load Wait: (Sync) - ICar.support.Utils.waitForPageLoad(Utils.java:109)</small> </font> </div>
<div class="test-event"> <font color="maroon"> <small> &emsp; &emsp;--- 16 Oct 09:52:08 857 - Catched spinner load exception due to Expected condition failed: waiting for ICar.support.WaitUtils$4@714addf7 (tried for 1 second(s) with 500 milliseconds interval)</small> </font> </div>
<div class="test-event"> <font color="maroon"> <small> &emsp; &emsp;--- 16 Oct 09:52:08 857 - <b>1</b> - Spinner Load Wait: (Sync) - ICar.support.WaitUtils.waitForSpinner(WaitUtils.java:225)</small> </font> </div>
<div class="test-event"> <font color="maroon"> <small> &emsp; &emsp;--- 16 Oct 09:52:10 084 - Page URL:: https://i-car--staging.sandbox.lightning.force.com/lightning/r/contact/0031i00000nuarzqa2/view</small> </font> </div>
<div class="test-event"> <font color="maroon"> <small> &emsp; &emsp;--- 16 Oct 09:52:10 084 - <b>1</b> - Page Load Wait: (Sync) - ICar.support.Utils.waitForPageLoad(Utils.java:109)</small> </font> </div>
<div class="test-event"> <font color="maroon"> <small> &emsp; &emsp;--- 16 Oct 09:52:26 365 - Page URL:: https://i-car--staging.sandbox.lightning.force.com/lightning/r/contact/0031i00000nuarzqa2/view</small> </font> </div>
<div class="test-event"> <font color="maroon"> <small> &emsp; &emsp;--- 16 Oct 09:52:26 365 - <b>1</b> - Page Load Wait: (Sync) - ICar.support.Utils.waitForPageLoad(Utils.java:109)</small> </font> </div>
<!--FAIL-->
<div class="test-result"><br><font color="red"><strong> Index 0 out of bounds for length 0 </strong></font> <a href=".\ScreenShot\ICar_BAM640_TC01_39917153765200.png" target="_blank" >[ScreenShot]</a></div>&emsp;
&emsp;<div class="test-title"> <strong><font size = "3" color = "#0000FF">---Test Execution Ends---</font> </strong> </div>&emsp;
<div class="test-event"> <font color="maroon"> <small> &emsp; &emsp;--- 16 Oct 09:52:30 719 - TestCaseID:: ICar_BAM640_TC02</small> </font> </div>
<div class="test-event"> <font color="maroon"> <small> &emsp; &emsp;--- 16 Oct 09:52:31 894 - <b>1</b> - Driver::initialize::Get - ICar.support.WebDriverFactory.getDriver(WebDriverFactory.java:640)</small> </font> </div>
&emsp;<div class="test-title"> <strong><font size = "3" color = "#000080">Verify the Start Date for the MSO transferred Student should not be changed on the Account's Roster</font> </strong> </div>&emsp;<div><strong>Steps:</strong></div><!-- Report -->&emsp;
<div class="test-event"> <font color="maroon"> <small> &emsp; &emsp;--- 16 Oct 09:52:36 341 - Page URL:: https://i-car--staging.sandbox.my.salesforce.com/</small> </font> </div>
<div class="test-event"> <font color="maroon"> <small> &emsp; &emsp;--- 16 Oct 09:52:36 341 - <b>0</b> - Page Load Wait: (Sync) - ICar.support.Utils.waitForPageLoad(Utils.java:109)</small> </font> </div>
<div class="test-message">&emsp;Successfully navigated to 'Login' Page&emsp;<a href=".\ScreenShot\ICar_BAM640_TC02_39923778562800.png" target="_blank" >[ScreenShot]</a></div>
<div class="test-message">&emsp;1. Login page is launched.</div>
<div class="test-event"> <font color="maroon"> <small> &emsp; &emsp;--- 16 Oct 09:52:36 574 - Element is displayed:: [[ChromeDriver: chrome on WINDOWS (72385580c18278d6540169fe1bdbb889)] -> id: username]</small> </font> </div>
<div class="test-event"> <font color="maroon"> <small> &emsp; &emsp;--- 16 Oct 09:52:36 692 - Element is displayed:: [[ChromeDriver: chrome on WINDOWS (72385580c18278d6540169fe1bdbb889)] -> id: username]</small> </font> </div>
<div class="test-event"> <font color="maroon"> <small> &emsp; &emsp;--- 16 Oct 09:52:37 617 - Element is displayed:: [[ChromeDriver: chrome on WINDOWS (72385580c18278d6540169fe1bdbb889)] -> id: password]</small> </font> </div>
<div class="test-event"> <font color="maroon"> <small> &emsp; &emsp;--- 16 Oct 09:52:37 947 - Element is displayed:: [[ChromeDriver: chrome on WINDOWS (72385580c18278d6540169fe1bdbb889)] -> id: Login]</small> </font> </div>
<div class="test-event"> <font color="maroon"> <small> &emsp; &emsp;--- 16 Oct 09:53:03 790 - Catched spinner load exception due to Expected condition failed: waiting for ICar.support.WaitUtils$4@714addf7 (tried for 13 second(s) with 500 milliseconds interval)</small> </font> </div>
<div class="test-event"> <font color="maroon"> <small> &emsp; &emsp;--- 16 Oct 09:53:03 791 - <b>13</b> - Spinner Load Wait: (Sync) - ICar.support.WaitUtils.waitForSpinner(WaitUtils.java:225)</small> </font> </div>
<div class="test-event"> <font color="maroon"> <small> &emsp; &emsp;--- 16 Oct 09:53:23 243 - Catched spinner load exception due to Expected condition failed: waiting for ICar.support.WaitUtils$4@714addf7 (tried for 6 second(s) with 500 milliseconds interval)</small> </font> </div>
<div class="test-event"> <font color="maroon"> <small> &emsp; &emsp;--- 16 Oct 09:53:23 243 - <b>6</b> - Spinner Load Wait: (Sync) - ICar.support.WaitUtils.waitForSpinner(WaitUtils.java:225)</small> </font> </div>
<div class="test-event"> <font color="maroon"> <small> &emsp; &emsp;--- 16 Oct 09:53:23 318 - Element is displayed:: [[ChromeDriver: chrome on WINDOWS (72385580c18278d6540169fe1bdbb889)] -> css selector: button[class*='search-button']]</small> </font> </div>
<div class="test-message">&emsp;2. Navigate to 'SalesForce Page'</div>
<div class="test-event"> <font color="maroon"> <small> &emsp; &emsp;--- 16 Oct 09:53:23 616 - Page URL:: https://i-car--staging.sandbox.lightning.force.com/lightning/r/contact/0031i00000nuarzqa2/view</small> </font> </div>
<div class="test-event"> <font color="maroon"> <small> &emsp; &emsp;--- 16 Oct 09:53:23 616 - <b>0</b> - Page Load Wait: (Sync) - ICar.support.Utils.waitForPageLoad(Utils.java:109)</small> </font> </div>
<div class="test-event"> <font color="maroon"> <small> &emsp; &emsp;--- 16 Oct 09:53:28 884 - Page URL:: https://i-car--staging.sandbox.lightning.force.com/lightning/r/contact/0031i00000nuarzqa2/view</small> </font> </div>
<div class="test-event"> <font color="maroon"> <small> &emsp; &emsp;--- 16 Oct 09:53:28 884 - <b>0</b> - Page Load Wait: (Sync) - ICar.support.Utils.waitForPageLoad(Utils.java:109)</small> </font> </div>
<div class="test-message">&emsp;Successfully navigated to 'Login' Page&emsp;<a href=".\ScreenShot\ICar_BAM640_TC02_39980448187400.png" target="_blank" >[ScreenShot]</a></div>
<div class="test-message">&emsp;3. Enter the user credentials as : icaradminautomation3@i-car.com.staging</div>
<div class="test-event"> <font color="maroon"> <small> &emsp; &emsp;--- 16 Oct 09:53:33 640 - Page URL:: https://i-car--staging.sandbox.lightning.force.com/lightning/o/account/list?filtername=accounts</small> </font> </div>
<div class="test-event"> <font color="maroon"> <small> &emsp; &emsp;--- 16 Oct 09:53:33 640 - <b>0</b> - Page Load Wait: (Sync) - ICar.support.Utils.waitForPageLoad(Utils.java:109)</small> </font> </div>
<div class="test-event"> <font color="maroon"> <small> &emsp; &emsp;--- 16 Oct 09:53:39 022 - Page URL:: https://i-car--staging.sandbox.lightning.force.com/lightning/o/account/list?filtername=accounts</small> </font> </div>
<div class="test-event"> <font color="maroon"> <small> &emsp; &emsp;--- 16 Oct 09:53:39 022 - <b>0</b> - Page Load Wait: (Sync) - ICar.support.Utils.waitForPageLoad(Utils.java:109)</small> </font> </div>
<div class="test-message">&emsp;Close the tab</div>
<div class="test-event"> <font color="maroon"> <small> &emsp; &emsp;--- 16 Oct 09:53:44 426 - Page URL:: https://i-car--staging.sandbox.lightning.force.com/lightning/o/account/list?filtername=accounts</small> </font> </div>
<div class="test-event"> <font color="maroon"> <small> &emsp; &emsp;--- 16 Oct 09:53:44 426 - <b>0</b> - Page Load Wait: (Sync) - ICar.support.Utils.waitForPageLoad(Utils.java:109)</small> </font> </div>
<div class="test-event"> <font color="maroon"> <small> &emsp; &emsp;--- 16 Oct 09:53:44 469 - Element is displayed:: [[ChromeDriver: chrome on WINDOWS (72385580c18278d6540169fe1bdbb889)] -> css selector: button[class*='search-button']]</small> </font> </div>
<div class="test-event"> <font color="maroon"> <small> &emsp; &emsp;--- 16 Oct 09:53:46 560 - Catched spinner load exception due to Expected condition failed: waiting for ICar.support.WaitUtils$4@714addf7 (tried for 2 second(s) with 500 milliseconds interval)</small> </font> </div>
<div class="test-event"> <font color="maroon"> <small> &emsp; &emsp;--- 16 Oct 09:53:46 560 - <b>2</b> - Spinner Load Wait: (Sync) - ICar.support.WaitUtils.waitForSpinner(WaitUtils.java:225)</small> </font> </div>
<div class="test-event"> <font color="maroon"> <small> &emsp; &emsp;--- 16 Oct 09:53:49 645 - Element is displayed:: [[ChromeDriver: chrome on WINDOWS (72385580c18278d6540169fe1bdbb889)] -> css selector: button[class*='search-button']]</small> </font> </div>
<div class="test-event"> <font color="maroon"> <small> &emsp; &emsp;--- 16 Oct 09:53:50 280 - Page URL:: https://i-car--staging.sandbox.lightning.force.com/lightning/o/account/list?filtername=accounts</small> </font> </div>
<div class="test-event"> <font color="maroon"> <small> &emsp; &emsp;--- 16 Oct 09:53:50 280 - <b>0</b> - Page Load Wait: (Sync) - ICar.support.Utils.waitForPageLoad(Utils.java:109)</small> </font> </div>
<div class="test-event"> <font color="maroon"> <small> &emsp; &emsp;--- 16 Oct 09:54:10 219 - Catched spinner load exception due to Expected condition failed: waiting for ICar.support.WaitUtils$4@714addf7 (tried for 10 second(s) with 500 milliseconds interval)</small> </font> </div>
<div class="test-event"> <font color="maroon"> <small> &emsp; &emsp;--- 16 Oct 09:54:10 219 - <b>10</b> - Spinner Load Wait: (Sync) - ICar.support.WaitUtils.waitForSpinner(WaitUtils.java:225)</small> </font> </div>
<div class="test-event"> <font color="maroon"> <small> &emsp; &emsp;--- 16 Oct 09:54:11 142 - Page URL:: https://i-car--staging.sandbox.lightning.force.com/one/one.app#eyjjb21wb25lbnrezwyioijmb3jjzvnlyxjjadpzzwfyy2hqywdlrgvza3rvccisimf0dhjpynv0zxmionsidgvybsi6ikdlcmjlcibdb2xsaxnpb24gjibhbgfzcyatieftc3rlcmrhbsisinnjb3bltwfwijp7inr5cguioijut1bfukvtvuxuuyisim5hbwvzcgfjzsi6iiisimxhymvsijoivg9wifjlc3vsdhmilcjsywjlbfbsdxjhbci6ilrvccbszxn1bhrziiwicmvzdwx0c0ntcci6imzvcmnlu2vhcmnoonbyzwrpy3rlzfjlc3vsdhmifswiy29udgv4dci6eyjgsuxurvjtijp7fswic2vhcmnou291cmnlijoiqvntsvnuqu5ux0rjquxpryisimrpc2fibgvjbnrlbnrrdwvyesi6zmfsc2usimrpc2fibgvtcgvsbenvcnjly3rpb24iomzhbhnllcjzzwfyy2heawfsb2dtzxnzaw9uswqioiixmwy3nja1ni1kzdvklthkzwqtzdk0yy04m2e1nte1ndizmdeilcjkzwj1z0luzm8ionsiyxbwtmftzsi6ikldyxjfu2vydmljzv9db25zb2xliiwiyxbwvhlwzsi6iknvbnnvbguilcjhchboyw1lc3bhy2uioijjiiwibg9jyxrpb24ioijmb3jjztpvymply3rib21lrgvza3rvccisinnvymply3ruexblijoiqwnjb3vudcj9fswiz3jvdxbjzci6ikrfrkfvtfqifswic3rhdguiont9fq%3d%3d</small> </font> </div>
<div class="test-event"> <font color="maroon"> <small> &emsp; &emsp;--- 16 Oct 09:54:11 142 - <b>0</b> - Page Load Wait: (Sync) - ICar.support.Utils.waitForPageLoad(Utils.java:109)</small> </font> </div>
<div class="test-event"> <font color="maroon"> <small> &emsp; &emsp;--- 16 Oct 09:54:22 570 - Catched spinner load exception due to Expected condition failed: waiting for ICar.support.WaitUtils$4@714addf7 (tried for 11 second(s) with 500 milliseconds interval)</small> </font> </div>
<div class="test-event"> <font color="maroon"> <small> &emsp; &emsp;--- 16 Oct 09:54:22 570 - <b>11</b> - Spinner Load Wait: (Sync) - ICar.support.WaitUtils.waitForSpinner(WaitUtils.java:225)</small> </font> </div>
<div class="test-event"> <font color="maroon"> <small> &emsp; &emsp;--- 16 Oct 09:54:23 388 - Page URL:: https://i-car--staging.sandbox.lightning.force.com/one/one.app#eyjjb21wb25lbnrezwyioijmb3jjzvnlyxjjadpzzwfyy2hqywdlrgvza3rvccisimf0dhjpynv0zxmionsidgvybsi6ikdlcmjlcibdb2xsaxnpb24gjibhbgfzcyatieftc3rlcmrhbsisinnjb3bltwfwijp7inr5cguioijut1bfukvtvuxuuyisim5hbwvzcgfjzsi6iiisimxhymvsijoivg9wifjlc3vsdhmilcjsywjlbfbsdxjhbci6ilrvccbszxn1bhrziiwicmvzdwx0c0ntcci6imzvcmnlu2vhcmnoonbyzwrpy3rlzfjlc3vsdhmifswiy29udgv4dci6eyjgsuxurvjtijp7fswic2vhcmnou291cmnlijoiqvntsvnuqu5ux0rjquxpryisimrpc2fibgvjbnrlbnrrdwvyesi6zmfsc2usimrpc2fibgvtcgvsbenvcnjly3rpb24iomzhbhnllcjzzwfyy2heawfsb2dtzxnzaw9uswqioiixmwy3nja1ni1kzdvklthkzwqtzdk0yy04m2e1nte1ndizmdeilcjkzwj1z0luzm8ionsiyxbwtmftzsi6ikldyxjfu2vydmljzv9db25zb2xliiwiyxbwvhlwzsi6iknvbnnvbguilcjhchboyw1lc3bhy2uioijjiiwibg9jyxrpb24ioijmb3jjztpvymply3rib21lrgvza3rvccisinnvymply3ruexblijoiqwnjb3vudcj9fswiz3jvdxbjzci6ikrfrkfvtfqifswic3rhdguiont9fq%3d%3d</small> </font> </div>
<div class="test-event"> <font color="maroon"> <small> &emsp; &emsp;--- 16 Oct 09:54:23 388 - <b>0</b> - Page Load Wait: (Sync) - ICar.support.Utils.waitForPageLoad(Utils.java:109)</small> </font> </div>
<div class="test-event"> <font color="maroon"> <small> &emsp; &emsp;--- 16 Oct 09:54:23 448 - Element is displayed:: [[ChromeDriver: chrome on WINDOWS (72385580c18278d6540169fe1bdbb889)] -> xpath: //a[@title='Top Results']//span[text()='Top Results']]</small> </font> </div>
<div class="test-event"> <font color="maroon"> <small> &emsp; &emsp;--- 16 Oct 09:54:23 972 - Page URL:: https://i-car--staging.sandbox.lightning.force.com/one/one.app#eyjjb21wb25lbnrezwyioijmb3jjzvnlyxjjadpzzwfyy2hqywdlrgvza3rvccisimf0dhjpynv0zxmionsidgvybsi6ikdlcmjlcibdb2xsaxnpb24gjibhbgfzcyatieftc3rlcmrhbsisinnjb3bltwfwijp7inr5cguioijut1bfukvtvuxuuyisim5hbwvzcgfjzsi6iiisimxhymvsijoivg9wifjlc3vsdhmilcjsywjlbfbsdxjhbci6ilrvccbszxn1bhrziiwicmvzdwx0c0ntcci6imzvcmnlu2vhcmnoonbyzwrpy3rlzfjlc3vsdhmifswiy29udgv4dci6eyjgsuxurvjtijp7fswic2vhcmnou291cmnlijoiqvntsvnuqu5ux0rjquxpryisimrpc2fibgvjbnrlbnrrdwvyesi6zmfsc2usimrpc2fibgvtcgvsbenvcnjly3rpb24iomzhbhnllcjzzwfyy2heawfsb2dtzxnzaw9uswqioiixmwy3nja1ni1kzdvklthkzwqtzdk0yy04m2e1nte1ndizmdeilcjkzwj1z0luzm8ionsiyxbwtmftzsi6ikldyxjfu2vydmljzv9db25zb2xliiwiyxbwvhlwzsi6iknvbnnvbguilcjhchboyw1lc3bhy2uioijjiiwibg9jyxrpb24ioijmb3jjztpvymply3rib21lrgvza3rvccisinnvymply3ruexblijoiqwnjb3vudcj9fswiz3jvdxbjzci6ikrfrkfvtfqifswic3rhdguiont9fq%3d%3d</small> </font> </div>
<div class="test-event"> <font color="maroon"> <small> &emsp; &emsp;--- 16 Oct 09:54:23 972 - <b>0</b> - Page Load Wait: (Sync) - ICar.support.Utils.waitForPageLoad(Utils.java:109)</small> </font> </div>
<div class="test-event"> <font color="maroon"> <small> &emsp; &emsp;--- 16 Oct 09:54:29 233 - Catched spinner load exception due to Expected condition failed: waiting for ICar.support.WaitUtils$4@714addf7 (tried for 5 second(s) with 500 milliseconds interval)</small> </font> </div>
<div class="test-event"> <font color="maroon"> <small> &emsp; &emsp;--- 16 Oct 09:54:29 233 - <b>5</b> - Spinner Load Wait: (Sync) - ICar.support.WaitUtils.waitForSpinner(WaitUtils.java:225)</small> </font> </div>
<div class="test-event"> <font color="maroon"> <small> &emsp; &emsp;--- 16 Oct 09:54:29 955 - Page URL:: https://i-car--staging.sandbox.lightning.force.com/one/one.app#eyjjb21wb25lbnrezwyioijmb3jjzvnlyxjjadpzzwfyy2hqywdlrgvza3rvccisimf0dhjpynv0zxmionsidgvybsi6ikdlcmjlcibdb2xsaxnpb24gjibhbgfzcyatieftc3rlcmrhbsisinnjb3bltwfwijp7inr5cguioijut1bfukvtvuxuuyisim5hbwvzcgfjzsi6iiisimxhymvsijoivg9wifjlc3vsdhmilcjsywjlbfbsdxjhbci6ilrvccbszxn1bhrziiwicmvzdwx0c0ntcci6imzvcmnlu2vhcmnoonbyzwrpy3rlzfjlc3vsdhmifswiy29udgv4dci6eyjgsuxurvjtijp7fswic2vhcmnou291cmnlijoiqvntsvnuqu5ux0rjquxpryisimrpc2fibgvjbnrlbnrrdwvyesi6zmfsc2usimrpc2fibgvtcgvsbenvcnjly3rpb24iomzhbhnllcjzzwfyy2heawfsb2dtzxnzaw9uswqioiixmwy3nja1ni1kzdvklthkzwqtzdk0yy04m2e1nte1ndizmdeilcjkzwj1z0luzm8ionsiyxbwtmftzsi6ikldyxjfu2vydmljzv9db25zb2xliiwiyxbwvhlwzsi6iknvbnnvbguilcjhchboyw1lc3bhy2uioijjiiwibg9jyxrpb24ioijmb3jjztpvymply3rib21lrgvza3rvccisinnvymply3ruexblijoiqwnjb3vudcj9fswiz3jvdxbjzci6ikrfrkfvtfqifswic3rhdguiont9fq%3d%3d</small> </font> </div>
<div class="test-event"> <font color="maroon"> <small> &emsp; &emsp;--- 16 Oct 09:54:29 955 - <b>0</b> - Page Load Wait: (Sync) - ICar.support.Utils.waitForPageLoad(Utils.java:109)</small> </font> </div>
<div class="test-event"> <font color="maroon"> <small> &emsp; &emsp;--- 16 Oct 09:54:30 660 - Page URL:: https://i-car--staging.sandbox.lightning.force.com/one/one.app#eyjjb21wb25lbnrezwyioijmb3jjzvnlyxjjadpzzwfyy2hqywdlrgvza3rvccisimf0dhjpynv0zxmionsidgvybsi6ikdlcmjlcibdb2xsaxnpb24gjibhbgfzcyatieftc3rlcmrhbsisinnjb3bltwfwijp7inr5cguioijut1bfukvtvuxuuyisim5hbwvzcgfjzsi6iiisimxhymvsijoivg9wifjlc3vsdhmilcjsywjlbfbsdxjhbci6ilrvccbszxn1bhrziiwicmvzdwx0c0ntcci6imzvcmnlu2vhcmnoonbyzwrpy3rlzfjlc3vsdhmifswiy29udgv4dci6eyjgsuxurvjtijp7fswic2vhcmnou291cmnlijoiqvntsvnuqu5ux0rjquxpryisimrpc2fibgvjbnrlbnrrdwvyesi6zmfsc2usimrpc2fibgvtcgvsbenvcnjly3rpb24iomzhbhnllcjzzwfyy2heawfsb2dtzxnzaw9uswqioiixmwy3nja1ni1kzdvklthkzwqtzdk0yy04m2e1nte1ndizmdeilcjkzwj1z0luzm8ionsiyxbwtmftzsi6ikldyxjfu2vydmljzv9db25zb2xliiwiyxbwvhlwzsi6iknvbnnvbguilcjhchboyw1lc3bhy2uioijjiiwibg9jyxrpb24ioijmb3jjztpvymply3rib21lrgvza3rvccisinnvymply3ruexblijoiqwnjb3vudcj9fswiz3jvdxbjzci6ikrfrkfvtfqifswic3rhdguiont9fq%3d%3d</small> </font> </div>
<div class="test-event"> <font color="maroon"> <small> &emsp; &emsp;--- 16 Oct 09:54:30 660 - <b>0</b> - Page Load Wait: (Sync) - ICar.support.Utils.waitForPageLoad(Utils.java:109)</small> </font> </div>
<div class="test-event"> <font color="maroon"> <small> &emsp; &emsp;--- 16 Oct 09:54:31 370 - Page URL:: https://i-car--staging.sandbox.lightning.force.com/one/one.app#eyjjb21wb25lbnrezwyioijmb3jjzvnlyxjjadpzzwfyy2hqywdlrgvza3rvccisimf0dhjpynv0zxmionsidgvybsi6ikdlcmjlcibdb2xsaxnpb24gjibhbgfzcyatieftc3rlcmrhbsisinnjb3bltwfwijp7inr5cguioijut1bfukvtvuxuuyisim5hbwvzcgfjzsi6iiisimxhymvsijoivg9wifjlc3vsdhmilcjsywjlbfbsdxjhbci6ilrvccbszxn1bhrziiwicmvzdwx0c0ntcci6imzvcmnlu2vhcmnoonbyzwrpy3rlzfjlc3vsdhmifswiy29udgv4dci6eyjgsuxurvjtijp7fswic2vhcmnou291cmnlijoiqvntsvnuqu5ux0rjquxpryisimrpc2fibgvjbnrlbnrrdwvyesi6zmfsc2usimrpc2fibgvtcgvsbenvcnjly3rpb24iomzhbhnllcjzzwfyy2heawfsb2dtzxnzaw9uswqioiixmwy3nja1ni1kzdvklthkzwqtzdk0yy04m2e1nte1ndizmdeilcjkzwj1z0luzm8ionsiyxbwtmftzsi6ikldyxjfu2vydmljzv9db25zb2xliiwiyxbwvhlwzsi6iknvbnnvbguilcjhchboyw1lc3bhy2uioijjiiwibg9jyxrpb24ioijmb3jjztpvymply3rib21lrgvza3rvccisinnvymply3ruexblijoiqwnjb3vudcj9fswiz3jvdxbjzci6ikrfrkfvtfqifswic3rhdguiont9fq%3d%3d</small> </font> </div>
<div class="test-event"> <font color="maroon"> <small> &emsp; &emsp;--- 16 Oct 09:54:31 371 - <b>0</b> - Page Load Wait: (Sync) - ICar.support.Utils.waitForPageLoad(Utils.java:109)</small> </font> </div>
<div class="test-event"> <font color="maroon"> <small> &emsp; &emsp;--- 16 Oct 09:54:41 775 - Catched spinner load exception due to Expected condition failed: waiting for ICar.support.WaitUtils$4@714addf7 (tried for 10 second(s) with 500 milliseconds interval)</small> </font> </div>
<div class="test-event"> <font color="maroon"> <small> &emsp; &emsp;--- 16 Oct 09:54:41 776 - <b>10</b> - Spinner Load Wait: (Sync) - ICar.support.WaitUtils.waitForSpinner(WaitUtils.java:225)</small> </font> </div>
<div class="test-event"> <font color="maroon"> <small> &emsp; &emsp;--- 16 Oct 09:54:41 810 - Element is displayed:: [[ChromeDriver: chrome on WINDOWS (72385580c18278d6540169fe1bdbb889)] -> css selector: div.forceSearchResultsRegion div.resultsMultiWrapper >div > div table tbody th a]</small> </font> </div>
<div class="test-event"> <font color="maroon"> <small> &emsp; &emsp;--- 16 Oct 09:54:41 909 - Element is displayed:: [[ChromeDriver: chrome on WINDOWS (72385580c18278d6540169fe1bdbb889)] -> css selector: div.forceSearchResultsRegion div.resultsMultiWrapper >div > div table tbody th a]</small> </font> </div>
<div class="test-message">&emsp;4. click on Account : Gerber Collision & Glass - Amsterdam</div>
<div class="test-event"> <font color="maroon"> <small> &emsp; &emsp;--- 16 Oct 09:54:42 883 - Page URL:: https://i-car--staging.sandbox.lightning.force.com/one/one.app#eyjjb21wb25lbnrezwyioijmb3jjzvnlyxjjadpzzwfyy2hqywdlrgvza3rvccisimf0dhjpynv0zxmionsidgvybsi6ikdlcmjlcibdb2xsaxnpb24gjibhbgfzcyatieftc3rlcmrhbsisinnjb3bltwfwijp7inr5cguioijut1bfukvtvuxuuyisim5hbwvzcgfjzsi6iiisimxhymvsijoivg9wifjlc3vsdhmilcjsywjlbfbsdxjhbci6ilrvccbszxn1bhrziiwicmvzdwx0c0ntcci6imzvcmnlu2vhcmnoonbyzwrpy3rlzfjlc3vsdhmifswiy29udgv4dci6eyjgsuxurvjtijp7fswic2vhcmnou291cmnlijoiqvntsvnuqu5ux0rjquxpryisimrpc2fibgvjbnrlbnrrdwvyesi6zmfsc2usimrpc2fibgvtcgvsbenvcnjly3rpb24iomzhbhnllcjzzwfyy2heawfsb2dtzxnzaw9uswqioiixmwy3nja1ni1kzdvklthkzwqtzdk0yy04m2e1nte1ndizmdeilcjkzwj1z0luzm8ionsiyxbwtmftzsi6ikldyxjfu2vydmljzv9db25zb2xliiwiyxbwvhlwzsi6iknvbnnvbguilcjhchboyw1lc3bhy2uioijjiiwibg9jyxrpb24ioijmb3jjztpvymply3rib21lrgvza3rvccisinnvymply3ruexblijoiqwnjb3vudcj9fswiz3jvdxbjzci6ikrfrkfvtfqifswic3rhdguiont9fq%3d%3d</small> </font> </div>
<div class="test-event"> <font color="maroon"> <small> &emsp; &emsp;--- 16 Oct 09:54:42 883 - <b>0</b> - Page Load Wait: (Sync) - ICar.support.Utils.waitForPageLoad(Utils.java:109)</small> </font> </div>
<div class="test-event"> <font color="maroon"> <small> &emsp; &emsp;--- 16 Oct 09:54:58 290 - Catched spinner load exception due to Expected condition failed: waiting for ICar.support.WaitUtils$4@714addf7 (tried for 15 second(s) with 500 milliseconds interval)</small> </font> </div>
<div class="test-event"> <font color="maroon"> <small> &emsp; &emsp;--- 16 Oct 09:54:58 290 - <b>15</b> - Spinner Load Wait: (Sync) - ICar.support.WaitUtils.waitForSpinner(WaitUtils.java:225)</small> </font> </div>
<div class="test-event"> <font color="maroon"> <small> &emsp; &emsp;--- 16 Oct 09:54:59 186 - Page URL:: https://i-car--staging.sandbox.lightning.force.com/lightning/r/account/0011i00000uwihwqa2/view</small> </font> </div>
<div class="test-event"> <font color="maroon"> <small> &emsp; &emsp;--- 16 Oct 09:54:59 186 - <b>0</b> - Page Load Wait: (Sync) - ICar.support.Utils.waitForPageLoad(Utils.java:109)</small> </font> </div>
<div class="test-event"> <font color="maroon"> <small> &emsp; &emsp;--- 16 Oct 09:55:01 356 - Element is displayed:: [[ChromeDriver: chrome on WINDOWS (72385580c18278d6540169fe1bdbb889)] -> xpath: //button[normalize-space()='Roster']]</small> </font> </div>
<div class="test-event"> <font color="maroon"> <small> &emsp; &emsp;--- 16 Oct 09:55:02 240 - Page URL:: https://i-car--staging.sandbox.lightning.force.com/lightning/r/account/0011i00000uwihwqa2/view</small> </font> </div>
<div class="test-event"> <font color="maroon"> <small> &emsp; &emsp;--- 16 Oct 09:55:02 240 - <b>0</b> - Page Load Wait: (Sync) - ICar.support.Utils.waitForPageLoad(Utils.java:109)</small> </font> </div>
<div class="test-event"> <font color="maroon"> <small> &emsp; &emsp;--- 16 Oct 09:55:03 157 - Page URL:: https://i-car--staging.sandbox.lightning.force.com/lightning/r/account/0011i00000uwihwqa2/view</small> </font> </div>
<div class="test-event"> <font color="maroon"> <small> &emsp; &emsp;--- 16 Oct 09:55:03 158 - <b>0</b> - Page Load Wait: (Sync) - ICar.support.Utils.waitForPageLoad(Utils.java:109)</small> </font> </div>
<div class="test-event"> <font color="maroon"> <small> &emsp; &emsp;--- 16 Oct 09:55:18 160 - Catched spinner load exception due to Expected condition failed: waiting for ICar.support.WaitUtils$4@714addf7 (tried for 15 second(s) with 500 milliseconds interval)</small> </font> </div>
<div class="test-event"> <font color="maroon"> <small> &emsp; &emsp;--- 16 Oct 09:55:18 160 - <b>15</b> - Spinner Load Wait: (Sync) - ICar.support.WaitUtils.waitForSpinner(WaitUtils.java:225)</small> </font> </div>
<div class="test-event"> <font color="maroon"> <small> &emsp; &emsp;--- 16 Oct 09:55:19 362 - Page URL:: https://i-car--staging.sandbox.lightning.force.com/one/one.app#eyjjb21wb25lbnrezwyioijvbmu6ywxvagfqywdliiwiyxr0cmlidxrlcyi6eyjhzgryzxnzijoiahr0chm6ly9plwnhci0tc3rhz2luzy0tyy5zyw5kym94lnzmlmzvcmnllmnvbs9hcgv4l1jvc3rlck1hbmfnzw1lbnq%2fswq9mdaxmukwmdawmhv3suhxin0sinn0yxrlijp7indzijoil2xpz2h0bmluzy9yl0fjy291bnqvmdaxmukwmdawmhv3suhxuueyl3zpzxcifx0%3d</small> </font> </div>
<div class="test-event"> <font color="maroon"> <small> &emsp; &emsp;--- 16 Oct 09:55:19 362 - <b>1</b> - Page Load Wait: (Sync) - ICar.support.Utils.waitForPageLoad(Utils.java:109)</small> </font> </div>
<div class="test-message">&emsp;5. Click on account roster Gerber Collision & Glass - Amsterdam</div>
<div class="test-event"> <font color="maroon"> <small> &emsp; &emsp;--- 16 Oct 09:55:29 397 - Catched spinner load exception due to Expected condition failed: waiting for ICar.support.WaitUtils$4@714addf7 (tried for 10 second(s) with 500 milliseconds interval)</small> </font> </div>
<div class="test-event"> <font color="maroon"> <small> &emsp; &emsp;--- 16 Oct 09:55:29 397 - <b>10</b> - Spinner Load Wait: (Sync) - ICar.support.WaitUtils.waitForSpinner(WaitUtils.java:225)</small> </font> </div>
<div class="test-event"> <font color="maroon"> <small> &emsp; &emsp;--- 16 Oct 09:55:31 525 - Element is displayed:: [[ChromeDriver: chrome on WINDOWS (72385580c18278d6540169fe1bdbb889)] -> xpath: //span[text()='All']]</small> </font> </div>
<div class="test-event"> <font color="maroon"> <small> &emsp; &emsp;--- 16 Oct 09:55:39 932 - Catched spinner load exception due to Expected condition failed: waiting for ICar.support.WaitUtils$4@714addf7 (tried for 5 second(s) with 500 milliseconds interval)</small> </font> </div>
<div class="test-event"> <font color="maroon"> <small> &emsp; &emsp;--- 16 Oct 09:55:39 932 - <b>5</b> - Spinner Load Wait: (Sync) - ICar.support.WaitUtils.waitForSpinner(WaitUtils.java:225)</small> </font> </div>
<div class="test-event"> <font color="maroon"> <small> &emsp; &emsp;--- 16 Oct 09:55:44 378 - Page URL:: https://i-car--staging.sandbox.lightning.force.com/one/one.app#eyjjb21wb25lbnrezwyioijvbmu6ywxvagfqywdliiwiyxr0cmlidxrlcyi6eyjhzgryzxnzijoiahr0chm6ly9plwnhci0tc3rhz2luzy0tyy5zyw5kym94lnzmlmzvcmnllmnvbs9hcgv4l1jvc3rlck1hbmfnzw1lbnq%2fswq9mdaxmukwmdawmhv3suhxin0sinn0yxrlijp7indzijoil2xpz2h0bmluzy9yl0fjy291bnqvmdaxmukwmdawmhv3suhxuueyl3zpzxcifx0%3d</small> </font> </div>
<div class="test-event"> <font color="maroon"> <small> &emsp; &emsp;--- 16 Oct 09:55:44 378 - <b>1</b> - Page Load Wait: (Sync) - ICar.support.Utils.waitForPageLoad(Utils.java:109)</small> </font> </div>
<div class="test-event"> <font color="maroon"> <small> &emsp; &emsp;--- 16 Oct 09:55:59 496 - Catched spinner load exception due to Expected condition failed: waiting for ICar.support.WaitUtils$4@714addf7 (tried for 15 second(s) with 500 milliseconds interval)</small> </font> </div>
<div class="test-event"> <font color="maroon"> <small> &emsp; &emsp;--- 16 Oct 09:55:59 497 - <b>15</b> - Spinner Load Wait: (Sync) - ICar.support.WaitUtils.waitForSpinner(WaitUtils.java:225)</small> </font> </div>
<div class="test-event"> <font color="maroon"> <small> &emsp; &emsp;--- 16 Oct 09:56:00 790 - Page URL:: https://i-car--staging.sandbox.lightning.force.com/one/one.app#eyjjb21wb25lbnrezwyioijvbmu6ywxvagfqywdliiwiyxr0cmlidxrlcyi6eyjhzgryzxnzijoiahr0chm6ly9plwnhci0tc3rhz2luzy0tyy5zyw5kym94lnzmlmzvcmnllmnvbs9hcgv4l1jvc3rlck1hbmfnzw1lbnq%2fswq9mdaxmukwmdawmhv3suhxin0sinn0yxrlijp7indzijoil2xpz2h0bmluzy9yl0fjy291bnqvmdaxmukwmdawmhv3suhxuueyl3zpzxcifx0%3d</small> </font> </div>
<div class="test-event"> <font color="maroon"> <small> &emsp; &emsp;--- 16 Oct 09:56:00 790 - <b>1</b> - Page Load Wait: (Sync) - ICar.support.Utils.waitForPageLoad(Utils.java:109)</small> </font> </div>
<div class="test-message">&emsp;Exception occurred while fetching employement start date from account roster org.openqa.selenium.NoSuchElementException: no such element: Unable to locate element: {"method":"xpath","selector":"(//table[@class='slds-table slds-table_cell-buffer slds-table_bordered'])[last()]/tbody/tr/td[@data-label='sName']/div[@title='Moore, Patrick']//parent::td//following-sibling::td[@data-label='startDate']/div/div/span"}
  (Session info: chrome=129.0.6668.101)
For documentation on this error, please visit: https://selenium.dev/exceptions/#no_such_element
Build info: version: '4.6.0', revision: '79f1c02ae20'
System info: os.name: 'Windows 10', os.arch: 'amd64', os.version: '10.0', java.version: '16.0.2'
Driver info: org.openqa.selenium.chrome.ChromeDriver
Command: [72385580c18278d6540169fe1bdbb889, findElement {using=xpath, value=(//table[@class='slds-table slds-table_cell-buffer slds-table_bordered'])[last()]/tbody/tr/td[@data-label='sName']/div[@title='Moore, Patrick']//parent::td//following-sibling::td[@data-label='startDate']/div/div/span}]
Capabilities {acceptInsecureCerts: false, browserName: chrome, browserVersion: 129.0.6668.101, chrome: {chromedriverVersion: 129.0.6668.58 (81a06fb873a9..., userDataDir: C:\Users\PRATHA~1.KUM\AppDa...}, fedcm:accounts: true, goog:chromeOptions: {debuggerAddress: localhost:53996}, networkConnectionEnabled: false, pageLoadStrategy: normal, platformName: WINDOWS, proxy: Proxy(), se:cdp: ws://localhost:53996/devtoo..., se:cdpVersion: 129.0.6668.101, setWindowRect: true, strictFileInteractability: false, timeouts: {implicit: 0, pageLoad: 300000, script: 30000}, unhandledPromptBehavior: dismiss and notify, webauthn:extension:credBlob: true, webauthn:extension:largeBlob: true, webauthn:extension:minPinLength: true, webauthn:extension:prf: true, webauthn:virtualAuthenticators: true}
Session ID: 72385580c18278d6540169fe1bdbb889</div>
<div class="test-event"> <font color="maroon"> <small> &emsp; &emsp;--- 16 Oct 09:56:01 988 - Page URL:: https://i-car--staging.sandbox.lightning.force.com/one/one.app#eyjjb21wb25lbnrezwyioijvbmu6ywxvagfqywdliiwiyxr0cmlidxrlcyi6eyjhzgryzxnzijoiahr0chm6ly9plwnhci0tc3rhz2luzy0tyy5zyw5kym94lnzmlmzvcmnllmnvbs9hcgv4l1jvc3rlck1hbmfnzw1lbnq%2fswq9mdaxmukwmdawmhv3suhxin0sinn0yxrlijp7indzijoil2xpz2h0bmluzy9yl0fjy291bnqvmdaxmukwmdawmhv3suhxuueyl3zpzxcifx0%3d</small> </font> </div>
<div class="test-event"> <font color="maroon"> <small> &emsp; &emsp;--- 16 Oct 09:56:01 988 - <b>1</b> - Page Load Wait: (Sync) - ICar.support.Utils.waitForPageLoad(Utils.java:109)</small> </font> </div>
<div class="test-event"> <font color="maroon"> <small> &emsp; &emsp;--- 16 Oct 09:56:08 138 - Page URL:: https://i-car--staging.sandbox.lightning.force.com/one/one.app#eyjjb21wb25lbnrezwyioijvbmu6ywxvagfqywdliiwiyxr0cmlidxrlcyi6eyjhzgryzxnzijoiahr0chm6ly9plwnhci0tc3rhz2luzy0tyy5zyw5kym94lnzmlmzvcmnllmnvbs9hcgv4l1jvc3rlck1hbmfnzw1lbnq%2fswq9mdaxmukwmdawmhv3suhxin0sinn0yxrlijp7indzijoil2xpz2h0bmluzy9yl0fjy291bnqvmdaxmukwmdawmhv3suhxuueyl3zpzxcifx0%3d</small> </font> </div>
<div class="test-event"> <font color="maroon"> <small> &emsp; &emsp;--- 16 Oct 09:56:08 138 - <b>1</b> - Page Load Wait: (Sync) - ICar.support.Utils.waitForPageLoad(Utils.java:109)</small> </font> </div>
<div class="test-message">&emsp;Close the tab</div>
<div class="test-event"> <font color="maroon"> <small> &emsp; &emsp;--- 16 Oct 09:56:14 505 - Page URL:: https://i-car--staging.sandbox.lightning.force.com/one/one.app#eyjjb21wb25lbnrezwyioijvbmu6ywxvagfqywdliiwiyxr0cmlidxrlcyi6eyjhzgryzxnzijoiahr0chm6ly9plwnhci0tc3rhz2luzy0tyy5zyw5kym94lnzmlmzvcmnllmnvbs9hcgv4l1jvc3rlck1hbmfnzw1lbnq%2fswq9mdaxmukwmdawmhv3suhxin0sinn0yxrlijp7indzijoil2xpz2h0bmluzy9yl0fjy291bnqvmdaxmukwmdawmhv3suhxuueyl3zpzxcifx0%3d</small> </font> </div>
<div class="test-event"> <font color="maroon"> <small> &emsp; &emsp;--- 16 Oct 09:56:14 505 - <b>1</b> - Page Load Wait: (Sync) - ICar.support.Utils.waitForPageLoad(Utils.java:109)</small> </font> </div>
<div class="test-event"> <font color="maroon"> <small> &emsp; &emsp;--- 16 Oct 09:56:20 746 - Page URL:: https://i-car--staging.sandbox.lightning.force.com/one/one.app#eyjjb21wb25lbnrezwyioijvbmu6ywxvagfqywdliiwiyxr0cmlidxrlcyi6eyjhzgryzxnzijoiahr0chm6ly9plwnhci0tc3rhz2luzy0tyy5zyw5kym94lnzmlmzvcmnllmnvbs9hcgv4l1jvc3rlck1hbmfnzw1lbnq%2fswq9mdaxmukwmdawmhv3suhxin0sinn0yxrlijp7indzijoil2xpz2h0bmluzy9yl0fjy291bnqvmdaxmukwmdawmhv3suhxuueyl3zpzxcifx0%3d</small> </font> </div>
<div class="test-event"> <font color="maroon"> <small> &emsp; &emsp;--- 16 Oct 09:56:20 746 - <b>1</b> - Page Load Wait: (Sync) - ICar.support.Utils.waitForPageLoad(Utils.java:109)</small> </font> </div>
<div class="test-message">&emsp;Close the tab</div>
<div class="test-event"> <font color="maroon"> <small> &emsp; &emsp;--- 16 Oct 09:56:27 042 - Page URL:: https://i-car--staging.sandbox.lightning.force.com/one/one.app#eyjjb21wb25lbnrezwyioijvbmu6ywxvagfqywdliiwiyxr0cmlidxrlcyi6eyjhzgryzxnzijoiahr0chm6ly9plwnhci0tc3rhz2luzy0tyy5zyw5kym94lnzmlmzvcmnllmnvbs9hcgv4l1jvc3rlck1hbmfnzw1lbnq%2fswq9mdaxmukwmdawmhv3suhxin0sinn0yxrlijp7indzijoil2xpz2h0bmluzy9yl0fjy291bnqvmdaxmukwmdawmhv3suhxuueyl3zpzxcifx0%3d</small> </font> </div>
<div class="test-event"> <font color="maroon"> <small> &emsp; &emsp;--- 16 Oct 09:56:27 042 - <b>1</b> - Page Load Wait: (Sync) - ICar.support.Utils.waitForPageLoad(Utils.java:109)</small> </font> </div>
<div class="test-event"> <font color="maroon"> <small> &emsp; &emsp;--- 16 Oct 09:56:27 093 - Element is displayed:: [[ChromeDriver: chrome on WINDOWS (72385580c18278d6540169fe1bdbb889)] -> css selector: button[class*='search-button']]</small> </font> </div>
<div class="test-event"> <font color="maroon"> <small> &emsp; &emsp;--- 16 Oct 09:56:29 198 - Catched spinner load exception due to Expected condition failed: waiting for ICar.support.WaitUtils$4@714addf7 (tried for 2 second(s) with 500 milliseconds interval)</small> </font> </div>
<div class="test-event"> <font color="maroon"> <small> &emsp; &emsp;--- 16 Oct 09:56:29 198 - <b>2</b> - Spinner Load Wait: (Sync) - ICar.support.WaitUtils.waitForSpinner(WaitUtils.java:225)</small> </font> </div>
<div class="test-event"> <font color="maroon"> <small> &emsp; &emsp;--- 16 Oct 09:56:32 259 - Element is displayed:: [[ChromeDriver: chrome on WINDOWS (72385580c18278d6540169fe1bdbb889)] -> css selector: button[class*='search-button']]</small> </font> </div>
<div class="test-event"> <font color="maroon"> <small> &emsp; &emsp;--- 16 Oct 09:56:33 822 - Page URL:: https://i-car--staging.sandbox.lightning.force.com/one/one.app#eyjjb21wb25lbnrezwyioijvbmu6ywxvagfqywdliiwiyxr0cmlidxrlcyi6eyjhzgryzxnzijoiahr0chm6ly9plwnhci0tc3rhz2luzy0tyy5zyw5kym94lnzmlmzvcmnllmnvbs9hcgv4l1jvc3rlck1hbmfnzw1lbnq%2fswq9mdaxmukwmdawmhv3suhxin0sinn0yxrlijp7indzijoil2xpz2h0bmluzy9yl0fjy291bnqvmdaxmukwmdawmhv3suhxuueyl3zpzxcifx0%3d</small> </font> </div>
<div class="test-event"> <font color="maroon"> <small> &emsp; &emsp;--- 16 Oct 09:56:33 822 - <b>1</b> - Page Load Wait: (Sync) - ICar.support.Utils.waitForPageLoad(Utils.java:109)</small> </font> </div>
<div class="test-event"> <font color="maroon"> <small> &emsp; &emsp;--- 16 Oct 09:56:53 376 - Catched spinner load exception due to Expected condition failed: waiting for ICar.support.WaitUtils$4@714addf7 (tried for 10 second(s) with 500 milliseconds interval)</small> </font> </div>
<div class="test-event"> <font color="maroon"> <small> &emsp; &emsp;--- 16 Oct 09:56:53 376 - <b>10</b> - Spinner Load Wait: (Sync) - ICar.support.WaitUtils.waitForSpinner(WaitUtils.java:225)</small> </font> </div>
<div class="test-event"> <font color="maroon"> <small> &emsp; &emsp;--- 16 Oct 09:56:54 657 - Page URL:: https://i-car--staging.sandbox.lightning.force.com/one/one.app#eyjjb21wb25lbnrezwyioijmb3jjzvnlyxjjadpzzwfyy2hqywdlrgvza3rvccisimf0dhjpynv0zxmionsidgvybsi6iji5njg1otmilcjzy29wzu1hcci6eyj0exblijoive9qx1jfu1vmvfmilcjuyw1lc3bhy2uioiiilcjsywjlbci6ilrvccbszxn1bhrziiwibgfizwxqbhvyywwioijub3agumvzdwx0cyisinjlc3vsdhndbxaioijmb3jjzvnlyxjjadpwcmvkawn0zwrszxn1bhrzin0simnvbnrlehqionsirklmvevsuyi6e30sinnlyxjjafnvdxjjzsi6ikftu0ltvefovf9esufmt0cilcjkaxnhymxlsw50zw50uxvlcnkiomzhbhnllcjkaxnhymxlu3blbgxdb3jyzwn0aw9uijpmywxzzswic2vhcmnorglhbg9nu2vzc2lvbklkijoiotc3ztm2ntmtndjjzc0wzgi3lwfinmmtnjkyngvmmzy4yzrkiiwizgvidwdjbmzvijp7imfwce5hbwuioijjq2fyx1nlcnzpy2vfq29uc29szsisimfwcfr5cguioijdb25zb2xliiwiyxbwtmftzxnwywnlijoiyyisimxvy2f0aw9uijoib25lomfsb2hhugfnzsj9fswiz3jvdxbjzci6ikrfrkfvtfqifswic3rhdguiont9fq%3d%3d</small> </font> </div>
<div class="test-event"> <font color="maroon"> <small> &emsp; &emsp;--- 16 Oct 09:56:54 657 - <b>1</b> - Page Load Wait: (Sync) - ICar.support.Utils.waitForPageLoad(Utils.java:109)</small> </font> </div>
<div class="test-event"> <font color="maroon"> <small> &emsp; &emsp;--- 16 Oct 09:57:06 136 - Catched spinner load exception due to Expected condition failed: waiting for ICar.support.WaitUtils$4@714addf7 (tried for 11 second(s) with 500 milliseconds interval)</small> </font> </div>
<div class="test-event"> <font color="maroon"> <small> &emsp; &emsp;--- 16 Oct 09:57:06 136 - <b>11</b> - Spinner Load Wait: (Sync) - ICar.support.WaitUtils.waitForSpinner(WaitUtils.java:225)</small> </font> </div>
<div class="test-event"> <font color="maroon"> <small> &emsp; &emsp;--- 16 Oct 09:57:07 302 - Page URL:: https://i-car--staging.sandbox.lightning.force.com/one/one.app#eyjjb21wb25lbnrezwyioijmb3jjzvnlyxjjadpzzwfyy2hqywdlrgvza3rvccisimf0dhjpynv0zxmionsidgvybsi6iji5njg1otmilcjzy29wzu1hcci6eyj0exblijoive9qx1jfu1vmvfmilcjuyw1lc3bhy2uioiiilcjsywjlbci6ilrvccbszxn1bhrziiwibgfizwxqbhvyywwioijub3agumvzdwx0cyisinjlc3vsdhndbxaioijmb3jjzvnlyxjjadpwcmvkawn0zwrszxn1bhrzin0simnvbnrlehqionsirklmvevsuyi6e30sinnlyxjjafnvdxjjzsi6ikftu0ltvefovf9esufmt0cilcjkaxnhymxlsw50zw50uxvlcnkiomzhbhnllcjkaxnhymxlu3blbgxdb3jyzwn0aw9uijpmywxzzswic2vhcmnorglhbg9nu2vzc2lvbklkijoiotc3ztm2ntmtndjjzc0wzgi3lwfinmmtnjkyngvmmzy4yzrkiiwizgvidwdjbmzvijp7imfwce5hbwuioijjq2fyx1nlcnzpy2vfq29uc29szsisimfwcfr5cguioijdb25zb2xliiwiyxbwtmftzxnwywnlijoiyyisimxvy2f0aw9uijoib25lomfsb2hhugfnzsj9fswiz3jvdxbjzci6ikrfrkfvtfqifswic3rhdguiont9fq%3d%3d</small> </font> </div>
<div class="test-event"> <font color="maroon"> <small> &emsp; &emsp;--- 16 Oct 09:57:07 302 - <b>1</b> - Page Load Wait: (Sync) - ICar.support.Utils.waitForPageLoad(Utils.java:109)</small> </font> </div>
<div class="test-event"> <font color="maroon"> <small> &emsp; &emsp;--- 16 Oct 09:57:07 361 - Element is displayed:: [[ChromeDriver: chrome on WINDOWS (72385580c18278d6540169fe1bdbb889)] -> xpath: //a[@title='Top Results']//span[text()='Top Results']]</small> </font> </div>
<div class="test-event"> <font color="maroon"> <small> &emsp; &emsp;--- 16 Oct 09:57:08 578 - Page URL:: https://i-car--staging.sandbox.lightning.force.com/one/one.app#eyjjb21wb25lbnrezwyioijmb3jjzvnlyxjjadpzzwfyy2hqywdlrgvza3rvccisimf0dhjpynv0zxmionsidgvybsi6iji5njg1otmilcjzy29wzu1hcci6eyj0exblijoive9qx1jfu1vmvfmilcjuyw1lc3bhy2uioiiilcjsywjlbci6ilrvccbszxn1bhrziiwibgfizwxqbhvyywwioijub3agumvzdwx0cyisinjlc3vsdhndbxaioijmb3jjzvnlyxjjadpwcmvkawn0zwrszxn1bhrzin0simnvbnrlehqionsirklmvevsuyi6e30sinnlyxjjafnvdxjjzsi6ikftu0ltvefovf9esufmt0cilcjkaxnhymxlsw50zw50uxvlcnkiomzhbhnllcjkaxnhymxlu3blbgxdb3jyzwn0aw9uijpmywxzzswic2vhcmnorglhbg9nu2vzc2lvbklkijoiotc3ztm2ntmtndjjzc0wzgi3lwfinmmtnjkyngvmmzy4yzrkiiwizgvidwdjbmzvijp7imfwce5hbwuioijjq2fyx1nlcnzpy2vfq29uc29szsisimfwcfr5cguioijdb25zb2xliiwiyxbwtmftzxnwywnlijoiyyisimxvy2f0aw9uijoib25lomfsb2hhugfnzsj9fswiz3jvdxbjzci6ikrfrkfvtfqifswic3rhdguiont9fq%3d%3d</small> </font> </div>
<div class="test-event"> <font color="maroon"> <small> &emsp; &emsp;--- 16 Oct 09:57:08 578 - <b>1</b> - Page Load Wait: (Sync) - ICar.support.Utils.waitForPageLoad(Utils.java:109)</small> </font> </div>
<div class="test-event"> <font color="maroon"> <small> &emsp; &emsp;--- 16 Oct 09:57:13 787 - Catched spinner load exception due to Expected condition failed: waiting for ICar.support.WaitUtils$4@714addf7 (tried for 5 second(s) with 500 milliseconds interval)</small> </font> </div>
<div class="test-event"> <font color="maroon"> <small> &emsp; &emsp;--- 16 Oct 09:57:13 787 - <b>5</b> - Spinner Load Wait: (Sync) - ICar.support.WaitUtils.waitForSpinner(WaitUtils.java:225)</small> </font> </div>
<div class="test-event"> <font color="maroon"> <small> &emsp; &emsp;--- 16 Oct 09:57:14 986 - Page URL:: https://i-car--staging.sandbox.lightning.force.com/one/one.app#eyjjb21wb25lbnrezwyioijmb3jjzvnlyxjjadpzzwfyy2hqywdlrgvza3rvccisimf0dhjpynv0zxmionsidgvybsi6iji5njg1otmilcjzy29wzu1hcci6eyj0exblijoive9qx1jfu1vmvfmilcjuyw1lc3bhy2uioiiilcjsywjlbci6ilrvccbszxn1bhrziiwibgfizwxqbhvyywwioijub3agumvzdwx0cyisinjlc3vsdhndbxaioijmb3jjzvnlyxjjadpwcmvkawn0zwrszxn1bhrzin0simnvbnrlehqionsirklmvevsuyi6e30sinnlyxjjafnvdxjjzsi6ikftu0ltvefovf9esufmt0cilcjkaxnhymxlsw50zw50uxvlcnkiomzhbhnllcjkaxnhymxlu3blbgxdb3jyzwn0aw9uijpmywxzzswic2vhcmnorglhbg9nu2vzc2lvbklkijoiotc3ztm2ntmtndjjzc0wzgi3lwfinmmtnjkyngvmmzy4yzrkiiwizgvidwdjbmzvijp7imfwce5hbwuioijjq2fyx1nlcnzpy2vfq29uc29szsisimfwcfr5cguioijdb25zb2xliiwiyxbwtmftzxnwywnlijoiyyisimxvy2f0aw9uijoib25lomfsb2hhugfnzsj9fswiz3jvdxbjzci6ikrfrkfvtfqifswic3rhdguiont9fq%3d%3d</small> </font> </div>
<div class="test-event"> <font color="maroon"> <small> &emsp; &emsp;--- 16 Oct 09:57:14 986 - <b>1</b> - Page Load Wait: (Sync) - ICar.support.Utils.waitForPageLoad(Utils.java:109)</small> </font> </div>
<div class="test-event"> <font color="maroon"> <small> &emsp; &emsp;--- 16 Oct 09:57:16 132 - Page URL:: https://i-car--staging.sandbox.lightning.force.com/one/one.app#eyjjb21wb25lbnrezwyioijmb3jjzvnlyxjjadpzzwfyy2hqywdlrgvza3rvccisimf0dhjpynv0zxmionsidgvybsi6iji5njg1otmilcjzy29wzu1hcci6eyj0exblijoive9qx1jfu1vmvfmilcjuyw1lc3bhy2uioiiilcjsywjlbci6ilrvccbszxn1bhrziiwibgfizwxqbhvyywwioijub3agumvzdwx0cyisinjlc3vsdhndbxaioijmb3jjzvnlyxjjadpwcmvkawn0zwrszxn1bhrzin0simnvbnrlehqionsirklmvevsuyi6e30sinnlyxjjafnvdxjjzsi6ikftu0ltvefovf9esufmt0cilcjkaxnhymxlsw50zw50uxvlcnkiomzhbhnllcjkaxnhymxlu3blbgxdb3jyzwn0aw9uijpmywxzzswic2vhcmnorglhbg9nu2vzc2lvbklkijoiotc3ztm2ntmtndjjzc0wzgi3lwfinmmtnjkyngvmmzy4yzrkiiwizgvidwdjbmzvijp7imfwce5hbwuioijjq2fyx1nlcnzpy2vfq29uc29szsisimfwcfr5cguioijdb25zb2xliiwiyxbwtmftzxnwywnlijoiyyisimxvy2f0aw9uijoib25lomfsb2hhugfnzsj9fswiz3jvdxbjzci6ikrfrkfvtfqifswic3rhdguiont9fq%3d%3d</small> </font> </div>
<div class="test-event"> <font color="maroon"> <small> &emsp; &emsp;--- 16 Oct 09:57:16 132 - <b>1</b> - Page Load Wait: (Sync) - ICar.support.Utils.waitForPageLoad(Utils.java:109)</small> </font> </div>
<div class="test-event"> <font color="maroon"> <small> &emsp; &emsp;--- 16 Oct 09:57:17 285 - Page URL:: https://i-car--staging.sandbox.lightning.force.com/one/one.app#eyjjb21wb25lbnrezwyioijmb3jjzvnlyxjjadpzzwfyy2hqywdlrgvza3rvccisimf0dhjpynv0zxmionsidgvybsi6iji5njg1otmilcjzy29wzu1hcci6eyj0exblijoive9qx1jfu1vmvfmilcjuyw1lc3bhy2uioiiilcjsywjlbci6ilrvccbszxn1bhrziiwibgfizwxqbhvyywwioijub3agumvzdwx0cyisinjlc3vsdhndbxaioijmb3jjzvnlyxjjadpwcmvkawn0zwrszxn1bhrzin0simnvbnrlehqionsirklmvevsuyi6e30sinnlyxjjafnvdxjjzsi6ikftu0ltvefovf9esufmt0cilcjkaxnhymxlsw50zw50uxvlcnkiomzhbhnllcjkaxnhymxlu3blbgxdb3jyzwn0aw9uijpmywxzzswic2vhcmnorglhbg9nu2vzc2lvbklkijoiotc3ztm2ntmtndjjzc0wzgi3lwfinmmtnjkyngvmmzy4yzrkiiwizgvidwdjbmzvijp7imfwce5hbwuioijjq2fyx1nlcnzpy2vfq29uc29szsisimfwcfr5cguioijdb25zb2xliiwiyxbwtmftzxnwywnlijoiyyisimxvy2f0aw9uijoib25lomfsb2hhugfnzsj9fswiz3jvdxbjzci6ikrfrkfvtfqifswic3rhdguiont9fq%3d%3d</small> </font> </div>
<div class="test-event"> <font color="maroon"> <small> &emsp; &emsp;--- 16 Oct 09:57:17 285 - <b>1</b> - Page Load Wait: (Sync) - ICar.support.Utils.waitForPageLoad(Utils.java:109)</small> </font> </div>
<div class="test-event"> <font color="maroon"> <small> &emsp; &emsp;--- 16 Oct 09:57:25 622 - Catched spinner load exception due to Expected condition failed: waiting for ICar.support.WaitUtils$4@714addf7 (tried for 8 second(s) with 500 milliseconds interval)</small> </font> </div>
<div class="test-event"> <font color="maroon"> <small> &emsp; &emsp;--- 16 Oct 09:57:25 622 - <b>8</b> - Spinner Load Wait: (Sync) - ICar.support.WaitUtils.waitForSpinner(WaitUtils.java:225)</small> </font> </div>
<div class="test-event"> <font color="maroon"> <small> &emsp; &emsp;--- 16 Oct 09:57:26 818 - Page URL:: https://i-car--staging.sandbox.lightning.force.com/one/one.app#eyjjb21wb25lbnrezwyioijmb3jjzvnlyxjjadpzzwfyy2hqywdlrgvza3rvccisimf0dhjpynv0zxmionsidgvybsi6iji5njg1otmilcjzy29wzu1hcci6eyj0exblijoive9qx1jfu1vmvfmilcjuyw1lc3bhy2uioiiilcjsywjlbci6ilrvccbszxn1bhrziiwibgfizwxqbhvyywwioijub3agumvzdwx0cyisinjlc3vsdhndbxaioijmb3jjzvnlyxjjadpwcmvkawn0zwrszxn1bhrzin0simnvbnrlehqionsirklmvevsuyi6e30sinnlyxjjafnvdxjjzsi6ikftu0ltvefovf9esufmt0cilcjkaxnhymxlsw50zw50uxvlcnkiomzhbhnllcjkaxnhymxlu3blbgxdb3jyzwn0aw9uijpmywxzzswic2vhcmnorglhbg9nu2vzc2lvbklkijoiotc3ztm2ntmtndjjzc0wzgi3lwfinmmtnjkyngvmmzy4yzrkiiwizgvidwdjbmzvijp7imfwce5hbwuioijjq2fyx1nlcnzpy2vfq29uc29szsisimfwcfr5cguioijdb25zb2xliiwiyxbwtmftzxnwywnlijoiyyisimxvy2f0aw9uijoib25lomfsb2hhugfnzsj9fswiz3jvdxbjzci6ikrfrkfvtfqifswic3rhdguiont9fq%3d%3d</small> </font> </div>
<div class="test-event"> <font color="maroon"> <small> &emsp; &emsp;--- 16 Oct 09:57:26 819 - <b>1</b> - Page Load Wait: (Sync) - ICar.support.Utils.waitForPageLoad(Utils.java:109)</small> </font> </div>
<div class="test-event"> <font color="maroon"> <small> &emsp; &emsp;--- 16 Oct 09:57:29 002 - Element is displayed:: [[ChromeDriver: chrome on WINDOWS (72385580c18278d6540169fe1bdbb889)] -> xpath: //div[contains(@class,'forceSearchResultsRegion')]//div[contains(@class,'resultsMultiWrapper')]/div/div[1]//following::h2//a]</small> </font> </div>
<div class="test-event"> <font color="maroon"> <small> &emsp; &emsp;--- 16 Oct 09:57:29 535 - Element is displayed:: [[ChromeDriver: chrome on WINDOWS (72385580c18278d6540169fe1bdbb889)] -> xpath: //a[text()='Contacts']]</small> </font> </div>
<div class="test-event"> <font color="maroon"> <small> &emsp; &emsp;--- 16 Oct 09:57:33 571 - Element is displayed:: [[ChromeDriver: chrome on WINDOWS (72385580c18278d6540169fe1bdbb889)] -> xpath: //div[text()='Contacts']//following :: table//tbody//th//span /a]</small> </font> </div>
<div class="test-event"> <font color="maroon"> <small> &emsp; &emsp;--- 16 Oct 09:57:35 042 - Page URL:: https://i-car--staging.sandbox.lightning.force.com/one/one.app#eyjjb21wb25lbnrezwyioijmb3jjzvnlyxjjadpzzwfyy2hqywdlrgvza3rvccisimf0dhjpynv0zxmionsidgvybsi6iji5njg1otmilcjzy29wzu1hcci6eyj0exblijoive9qx1jfu1vmvfmilcjuyw1lc3bhy2uioiiilcjsywjlbci6ilrvccbszxn1bhrziiwibgfizwxqbhvyywwioijub3agumvzdwx0cyisinjlc3vsdhndbxaioijmb3jjzvnlyxjjadpwcmvkawn0zwrszxn1bhrzin0simnvbnrlehqionsirklmvevsuyi6e30sinnlyxjjafnvdxjjzsi6ikftu0ltvefovf9esufmt0cilcjkaxnhymxlsw50zw50uxvlcnkiomzhbhnllcjkaxnhymxlu3blbgxdb3jyzwn0aw9uijpmywxzzswic2vhcmnorglhbg9nu2vzc2lvbklkijoiotc3ztm2ntmtndjjzc0wzgi3lwfinmmtnjkyngvmmzy4yzrkiiwizgvidwdjbmzvijp7imfwce5hbwuioijjq2fyx1nlcnzpy2vfq29uc29szsisimfwcfr5cguioijdb25zb2xliiwiyxbwtmftzxnwywnlijoiyyisimxvy2f0aw9uijoib25lomfsb2hhugfnzsj9fswiz3jvdxbjzci6ikrfrkfvtfqifswic3rhdguiont9fq%3d%3d</small> </font> </div>
<div class="test-event"> <font color="maroon"> <small> &emsp; &emsp;--- 16 Oct 09:57:35 042 - <b>1</b> - Page Load Wait: (Sync) - ICar.support.Utils.waitForPageLoad(Utils.java:109)</small> </font> </div>
<div class="test-event"> <font color="maroon"> <small> &emsp; &emsp;--- 16 Oct 09:57:53 334 - Catched spinner load exception due to Expected condition failed: waiting for ICar.support.WaitUtils$4@714addf7 (tried for 18 second(s) with 500 milliseconds interval)</small> </font> </div>
<div class="test-event"> <font color="maroon"> <small> &emsp; &emsp;--- 16 Oct 09:57:53 335 - <b>18</b> - Spinner Load Wait: (Sync) - ICar.support.WaitUtils.waitForSpinner(WaitUtils.java:225)</small> </font> </div>
<div class="test-event"> <font color="maroon"> <small> &emsp; &emsp;--- 16 Oct 09:57:54 594 - Page URL:: https://i-car--staging.sandbox.lightning.force.com/lightning/r/contact/0031i00000q9schqam/view</small> </font> </div>
<div class="test-event"> <font color="maroon"> <small> &emsp; &emsp;--- 16 Oct 09:57:54 594 - <b>1</b> - Page Load Wait: (Sync) - ICar.support.Utils.waitForPageLoad(Utils.java:109)</small> </font> </div>
<div class="test-event"> <font color="maroon"> <small> &emsp; &emsp;--- 16 Oct 09:57:56 097 - Page URL:: https://i-car--staging.sandbox.lightning.force.com/lightning/r/contact/0031i00000q9schqam/view</small> </font> </div>
<div class="test-event"> <font color="maroon"> <small> &emsp; &emsp;--- 16 Oct 09:57:56 097 - <b>1</b> - Page Load Wait: (Sync) - ICar.support.Utils.waitForPageLoad(Utils.java:109)</small> </font> </div>
<div class="test-event"> <font color="maroon"> <small> &emsp; &emsp;--- 16 Oct 09:57:57 277 - Catched spinner load exception due to Expected condition failed: waiting for ICar.support.WaitUtils$4@714addf7 (tried for 1 second(s) with 500 milliseconds interval)</small> </font> </div>
<div class="test-event"> <font color="maroon"> <small> &emsp; &emsp;--- 16 Oct 09:57:57 277 - <b>1</b> - Spinner Load Wait: (Sync) - ICar.support.WaitUtils.waitForSpinner(WaitUtils.java:225)</small> </font> </div>
<div class="test-event"> <font color="maroon"> <small> &emsp; &emsp;--- 16 Oct 09:57:58 529 - Page URL:: https://i-car--staging.sandbox.lightning.force.com/lightning/r/contact/0031i00000q9schqam/view</small> </font> </div>
<div class="test-event"> <font color="maroon"> <small> &emsp; &emsp;--- 16 Oct 09:57:58 529 - <b>1</b> - Page Load Wait: (Sync) - ICar.support.Utils.waitForPageLoad(Utils.java:109)</small> </font> </div>
<div class="test-event"> <font color="maroon"> <small> &emsp; &emsp;--- 16 Oct 09:58:15 008 - Page URL:: https://i-car--staging.sandbox.lightning.force.com/lightning/r/contact/0031i00000q9schqam/view</small> </font> </div>
<div class="test-event"> <font color="maroon"> <small> &emsp; &emsp;--- 16 Oct 09:58:15 008 - <b>1</b> - Page Load Wait: (Sync) - ICar.support.Utils.waitForPageLoad(Utils.java:109)</small> </font> </div>
<!--FAIL-->
<div class="test-result"><br><font color="red"><strong> Index 0 out of bounds for length 0 </strong></font> <a href=".\ScreenShot\ICar_BAM640_TC02_40265884303400.png" target="_blank" >[ScreenShot]</a></div>&emsp;
&emsp;<div class="test-title"> <strong><font size = "3" color = "#0000FF">---Test Execution Ends---</font> </strong> </div>&emsp;
<div class="test-event"> <font color="maroon"> <small> &emsp; &emsp;--- 16 Oct 09:58:19 178 - TestCaseID:: ICar_BAM640_TC03</small> </font> </div>
<div class="test-event"> <font color="maroon"> <small> &emsp; &emsp;--- 16 Oct 09:58:20 108 - <b>0</b> - Driver::initialize::Get - ICar.support.WebDriverFactory.getDriver(WebDriverFactory.java:640)</small> </font> </div>
&emsp;<div class="test-title"> <strong><font size = "3" color = "#000080">Verify the Start Date for the MSO transferred Student by the Segment support user should not be changed on the Account's Roster</font> </strong> </div>&emsp;<div><strong>Steps:</strong></div><!-- Report -->&emsp;
<div class="test-event"> <font color="maroon"> <small> &emsp; &emsp;--- 16 Oct 09:58:26 051 - Page URL:: https://i-car--staging.sandbox.my.salesforce.com/</small> </font> </div>
<div class="test-event"> <font color="maroon"> <small> &emsp; &emsp;--- 16 Oct 09:58:26 051 - <b>0</b> - Page Load Wait: (Sync) - ICar.support.Utils.waitForPageLoad(Utils.java:109)</small> </font> </div>
<div class="test-message">&emsp;Successfully navigated to 'Login' Page&emsp;<a href=".\ScreenShot\ICar_BAM640_TC03_40273486097700.png" target="_blank" >[ScreenShot]</a></div>
<div class="test-message">&emsp;1. Login page is launched.</div>
<div class="test-event"> <font color="maroon"> <small> &emsp; &emsp;--- 16 Oct 09:58:26 327 - Element is displayed:: [[ChromeDriver: chrome on WINDOWS (ca2ab41afecc55e80dc3bed9f32ce0d4)] -> id: username]</small> </font> </div>
<div class="test-event"> <font color="maroon"> <small> &emsp; &emsp;--- 16 Oct 09:58:26 387 - Element is displayed:: [[ChromeDriver: chrome on WINDOWS (ca2ab41afecc55e80dc3bed9f32ce0d4)] -> id: username]</small> </font> </div>
<div class="test-event"> <font color="maroon"> <small> &emsp; &emsp;--- 16 Oct 09:58:26 641 - Element is displayed:: [[ChromeDriver: chrome on WINDOWS (ca2ab41afecc55e80dc3bed9f32ce0d4)] -> id: password]</small> </font> </div>
<div class="test-event"> <font color="maroon"> <small> &emsp; &emsp;--- 16 Oct 09:58:27 737 - Element is displayed:: [[ChromeDriver: chrome on WINDOWS (ca2ab41afecc55e80dc3bed9f32ce0d4)] -> id: Login]</small> </font> </div>
<div class="test-event"> <font color="maroon"> <small> &emsp; &emsp;--- 16 Oct 09:58:56 678 - Catched spinner load exception due to Expected condition failed: waiting for ICar.support.WaitUtils$4@714addf7 (tried for 13 second(s) with 500 milliseconds interval)</small> </font> </div>
<div class="test-event"> <font color="maroon"> <small> &emsp; &emsp;--- 16 Oct 09:58:56 678 - <b>13</b> - Spinner Load Wait: (Sync) - ICar.support.WaitUtils.waitForSpinner(WaitUtils.java:225)</small> </font> </div>
<div class="test-event"> <font color="maroon"> <small> &emsp; &emsp;--- 16 Oct 09:59:14 669 - Catched spinner load exception due to Expected condition failed: waiting for ICar.support.WaitUtils$4@714addf7 (tried for 6 second(s) with 500 milliseconds interval)</small> </font> </div>
<div class="test-event"> <font color="maroon"> <small> &emsp; &emsp;--- 16 Oct 09:59:14 669 - <b>6</b> - Spinner Load Wait: (Sync) - ICar.support.WaitUtils.waitForSpinner(WaitUtils.java:225)</small> </font> </div>
<div class="test-event"> <font color="maroon"> <small> &emsp; &emsp;--- 16 Oct 09:59:14 775 - Element is displayed:: [[ChromeDriver: chrome on WINDOWS (ca2ab41afecc55e80dc3bed9f32ce0d4)] -> css selector: button[class*='search-button']]</small> </font> </div>
<div class="test-message">&emsp;2. Navigate to 'SalesForce Page'</div>
<div class="test-event"> <font color="maroon"> <small> &emsp; &emsp;--- 16 Oct 09:59:15 009 - Page URL:: https://i-car--staging.sandbox.lightning.force.com/lightning/r/order/801vc000015jgwuyau/view</small> </font> </div>
<div class="test-event"> <font color="maroon"> <small> &emsp; &emsp;--- 16 Oct 09:59:15 009 - <b>0</b> - Page Load Wait: (Sync) - ICar.support.Utils.waitForPageLoad(Utils.java:109)</small> </font> </div>
<div class="test-event"> <font color="maroon"> <small> &emsp; &emsp;--- 16 Oct 09:59:20 290 - Page URL:: https://i-car--staging.sandbox.lightning.force.com/lightning/r/order/801vc000015jgwuyau/view</small> </font> </div>
<div class="test-event"> <font color="maroon"> <small> &emsp; &emsp;--- 16 Oct 09:59:20 290 - <b>0</b> - Page Load Wait: (Sync) - ICar.support.Utils.waitForPageLoad(Utils.java:109)</small> </font> </div>
<div class="test-message">&emsp;Successfully navigated to 'Login' Page&emsp;<a href=".\ScreenShot\ICar_BAM640_TC03_40331852479300.png" target="_blank" >[ScreenShot]</a></div>
<div class="test-message">&emsp;3. Enter the user credentials as : icaradminautomation3@i-car.com.staging</div>
<div class="test-event"> <font color="maroon"> <small> &emsp; &emsp;--- 16 Oct 09:59:30 792 - Page URL:: https://i-car--staging.sandbox.lightning.force.com/lightning/r/order/801vc000015jgwuyau/view</small> </font> </div>
<div class="test-event"> <font color="maroon"> <small> &emsp; &emsp;--- 16 Oct 09:59:30 792 - <b>0</b> - Page Load Wait: (Sync) - ICar.support.Utils.waitForPageLoad(Utils.java:109)</small> </font> </div>
<div class="test-event"> <font color="maroon"> <small> &emsp; &emsp;--- 16 Oct 09:59:30 861 - Page URL:: https://i-car--staging.sandbox.lightning.force.com/lightning/r/order/801vc000015jgwuyau/view</small> </font> </div>
<div class="test-event"> <font color="maroon"> <small> &emsp; &emsp;--- 16 Oct 09:59:30 861 - <b>0</b> - Page Load Wait: (Sync) - ICar.support.Utils.waitForPageLoad(Utils.java:109)</small> </font> </div>
<div class="test-event"> <font color="maroon"> <small> &emsp; &emsp;--- 16 Oct 09:59:30 906 - Element is displayed:: [[ChromeDriver: chrome on WINDOWS (ca2ab41afecc55e80dc3bed9f32ce0d4)] -> xpath: //ul[@class='slds-global-actions']//div[@class='setupGear']]</small> </font> </div>
<div class="test-event"> <font color="maroon"> <small> &emsp; &emsp;--- 16 Oct 09:59:30 969 - Element is displayed:: [[ChromeDriver: chrome on WINDOWS (ca2ab41afecc55e80dc3bed9f32ce0d4)] -> xpath: //ul[@class='slds-global-actions']//div[@class='setupGear']]</small> </font> </div>
<div class="test-event"> <font color="maroon"> <small> &emsp; &emsp;--- 16 Oct 09:59:34 305 - Page URL:: https://i-car--staging.sandbox.lightning.force.com/lightning/r/order/801vc000015jgwuyau/view</small> </font> </div>
<div class="test-event"> <font color="maroon"> <small> &emsp; &emsp;--- 16 Oct 09:59:34 306 - <b>0</b> - Page Load Wait: (Sync) - ICar.support.Utils.waitForPageLoad(Utils.java:109)</small> </font> </div>
<div class="test-event"> <font color="maroon"> <small> &emsp; &emsp;--- 16 Oct 09:59:37 479 - Catched spinner load exception due to Expected condition failed: waiting for ICar.support.WaitUtils$4@714addf7 (tried for 3 second(s) with 500 milliseconds interval)</small> </font> </div>
<div class="test-event"> <font color="maroon"> <small> &emsp; &emsp;--- 16 Oct 09:59:37 480 - <b>3</b> - Spinner Load Wait: (Sync) - ICar.support.WaitUtils.waitForSpinner(WaitUtils.java:225)</small> </font> </div>
<div class="test-event"> <font color="maroon"> <small> &emsp; &emsp;--- 16 Oct 09:59:37 581 - Page URL:: https://i-car--staging.sandbox.lightning.force.com/lightning/r/order/801vc000015jgwuyau/view</small> </font> </div>
<div class="test-event"> <font color="maroon"> <small> &emsp; &emsp;--- 16 Oct 09:59:37 581 - <b>0</b> - Page Load Wait: (Sync) - ICar.support.Utils.waitForPageLoad(Utils.java:109)</small> </font> </div>
<div class="test-event"> <font color="maroon"> <small> &emsp; &emsp;--- 16 Oct 09:59:50 327 - Page URL:: https://i-car--staging.sandbox.my.salesforce-setup.com/lightning/setup/setuponehome/home</small> </font> </div>
<div class="test-event"> <font color="maroon"> <small> &emsp; &emsp;--- 16 Oct 09:59:50 327 - <b>12</b> - Page Load Wait: (Sync) - ICar.support.Utils.waitForPageLoad(Utils.java:109)</small> </font> </div>
<div class="test-event"> <font color="maroon"> <small> &emsp; &emsp;--- 16 Oct 09:59:55 563 - Page URL:: https://i-car--staging.sandbox.my.salesforce-setup.com/lightning/setup/setuponehome/home</small> </font> </div>
<div class="test-event"> <font color="maroon"> <small> &emsp; &emsp;--- 16 Oct 09:59:55 563 - <b>0</b> - Page Load Wait: (Sync) - ICar.support.Utils.waitForPageLoad(Utils.java:109)</small> </font> </div>
<div class="test-message">&emsp;Close the tab</div>
<div class="test-event"> <font color="maroon"> <small> &emsp; &emsp;--- 16 Oct 10:00:00 985 - Page URL:: https://i-car--staging.sandbox.my.salesforce-setup.com/lightning/setup/setuponehome/home</small> </font> </div>
<div class="test-event"> <font color="maroon"> <small> &emsp; &emsp;--- 16 Oct 10:00:00 985 - <b>0</b> - Page Load Wait: (Sync) - ICar.support.Utils.waitForPageLoad(Utils.java:109)</small> </font> </div>
<div class="test-event"> <font color="maroon"> <small> &emsp; &emsp;--- 16 Oct 10:00:12 806 - Unable to find an element after 2 sec ==> Proxy element for: AjaxElementLocator 'By.cssSelector: button[class*='search-button']'</small> </font> </div>
<div class="test-event"> <font color="maroon"> <small> &emsp; &emsp;--- 16 Oct 10:00:14 911 - Catched spinner load exception due to Expected condition failed: waiting for ICar.support.WaitUtils$4@714addf7 (tried for 2 second(s) with 500 milliseconds interval)</small> </font> </div>
<div class="test-event"> <font color="maroon"> <small> &emsp; &emsp;--- 16 Oct 10:00:14 911 - <b>2</b> - Spinner Load Wait: (Sync) - ICar.support.WaitUtils.waitForSpinner(WaitUtils.java:225)</small> </font> </div>
<div class="test-event"> <font color="maroon"> <small> &emsp; &emsp;--- 16 Oct 10:00:18 115 - Page URL:: https://i-car--staging.sandbox.my.salesforce-setup.com/lightning/setup/setuponehome/home</small> </font> </div>
<div class="test-event"> <font color="maroon"> <small> &emsp; &emsp;--- 16 Oct 10:00:18 115 - <b>0</b> - Page Load Wait: (Sync) - ICar.support.Utils.waitForPageLoad(Utils.java:109)</small> </font> </div>
<div class="test-event"> <font color="maroon"> <small> &emsp; &emsp;--- 16 Oct 10:00:21 198 - Element is displayed:: [[ChromeDriver: chrome on WINDOWS (ca2ab41afecc55e80dc3bed9f32ce0d4)] -> css selector: div[class*='uiInput--default'] input]</small> </font> </div>
<div class="test-event"> <font color="maroon"> <small> &emsp; &emsp;--- 16 Oct 10:00:38 101 - Catched spinner load exception due to Expected condition failed: waiting for ICar.support.WaitUtils$4@714addf7 (tried for 10 second(s) with 500 milliseconds interval)</small> </font> </div>
<div class="test-event"> <font color="maroon"> <small> &emsp; &emsp;--- 16 Oct 10:00:38 101 - <b>10</b> - Spinner Load Wait: (Sync) - ICar.support.WaitUtils.waitForSpinner(WaitUtils.java:225)</small> </font> </div>
<div class="test-event"> <font color="maroon"> <small> &emsp; &emsp;--- 16 Oct 10:00:38 358 - Page URL:: https://i-car--staging.sandbox.my.salesforce-setup.com/one/one.app#eyjjb21wb25lbnrezwyioijmb3jjzvnlyxjjadpzzwfyy2gilcjhdhryawj1dgvzijp7inrlcm0ioijtdgvwagfuawugu2vsawdtyw4ilcjzy29wzu1hcci6eyjsywjlbfbsdxjhbci6ilnldhvwiiwibmftzxnwywnlijoiu2v0dxailcj0exblijoive9qx1jfu1vmvfmifswiy29udgv4dci6eyjkaxnhymxlu3blbgxdb3jyzwn0aw9uijpmywxzzswizglzywjszuludgvudff1zxj5ijpmywxzzswic2vhcmnou291cmnlijoisu5qvvrfrevts1rpucj9lcjncm91celkijoirevgqvvmvcj9lcjzdgf0zsi6e319</small> </font> </div>
<div class="test-event"> <font color="maroon"> <small> &emsp; &emsp;--- 16 Oct 10:00:38 358 - <b>0</b> - Page Load Wait: (Sync) - ICar.support.Utils.waitForPageLoad(Utils.java:109)</small> </font> </div>
<div class="test-event"> <font color="maroon"> <small> &emsp; &emsp;--- 16 Oct 10:00:49 396 - Catched spinner load exception due to Expected condition failed: waiting for ICar.support.WaitUtils$4@714addf7 (tried for 11 second(s) with 500 milliseconds interval)</small> </font> </div>
<div class="test-event"> <font color="maroon"> <small> &emsp; &emsp;--- 16 Oct 10:00:49 396 - <b>11</b> - Spinner Load Wait: (Sync) - ICar.support.WaitUtils.waitForSpinner(WaitUtils.java:225)</small> </font> </div>
<div class="test-event"> <font color="maroon"> <small> &emsp; &emsp;--- 16 Oct 10:00:49 665 - Page URL:: https://i-car--staging.sandbox.my.salesforce-setup.com/one/one.app#eyjjb21wb25lbnrezwyioijmb3jjzvnlyxjjadpzzwfyy2gilcjhdhryawj1dgvzijp7inrlcm0ioijtdgvwagfuawugu2vsawdtyw4ilcjzy29wzu1hcci6eyjsywjlbfbsdxjhbci6ilnldhvwiiwibmftzxnwywnlijoiu2v0dxailcj0exblijoive9qx1jfu1vmvfmifswiy29udgv4dci6eyjkaxnhymxlu3blbgxdb3jyzwn0aw9uijpmywxzzswizglzywjszuludgvudff1zxj5ijpmywxzzswic2vhcmnou291cmnlijoisu5qvvrfrevts1rpucj9lcjncm91celkijoirevgqvvmvcj9lcjzdgf0zsi6e319</small> </font> </div>
<div class="test-event"> <font color="maroon"> <small> &emsp; &emsp;--- 16 Oct 10:00:49 665 - <b>0</b> - Page Load Wait: (Sync) - ICar.support.Utils.waitForPageLoad(Utils.java:109)</small> </font> </div>
<div class="test-event"> <font color="maroon"> <small> &emsp; &emsp;--- 16 Oct 10:00:49 711 - Element is displayed:: [[ChromeDriver: chrome on WINDOWS (ca2ab41afecc55e80dc3bed9f32ce0d4)] -> xpath: //a[@title='Top Results']//span[text()='Top Results']]</small> </font> </div>
<div class="test-event"> <font color="maroon"> <small> &emsp; &emsp;--- 16 Oct 10:00:50 214 - Page URL:: https://i-car--staging.sandbox.my.salesforce-setup.com/one/one.app#eyjjb21wb25lbnrezwyioijmb3jjzvnlyxjjadpzzwfyy2gilcjhdhryawj1dgvzijp7inrlcm0ioijtdgvwagfuawugu2vsawdtyw4ilcjzy29wzu1hcci6eyjsywjlbfbsdxjhbci6ilnldhvwiiwibmftzxnwywnlijoiu2v0dxailcj0exblijoive9qx1jfu1vmvfmifswiy29udgv4dci6eyjkaxnhymxlu3blbgxdb3jyzwn0aw9uijpmywxzzswizglzywjszuludgvudff1zxj5ijpmywxzzswic2vhcmnou291cmnlijoisu5qvvrfrevts1rpucj9lcjncm91celkijoirevgqvvmvcj9lcjzdgf0zsi6e319</small> </font> </div>
<div class="test-event"> <font color="maroon"> <small> &emsp; &emsp;--- 16 Oct 10:00:50 214 - <b>0</b> - Page Load Wait: (Sync) - ICar.support.Utils.waitForPageLoad(Utils.java:109)</small> </font> </div>
<div class="test-event"> <font color="maroon"> <small> &emsp; &emsp;--- 16 Oct 10:00:55 466 - Catched spinner load exception due to Expected condition failed: waiting for ICar.support.WaitUtils$4@714addf7 (tried for 5 second(s) with 500 milliseconds interval)</small> </font> </div>
<div class="test-event"> <font color="maroon"> <small> &emsp; &emsp;--- 16 Oct 10:00:55 466 - <b>5</b> - Spinner Load Wait: (Sync) - ICar.support.WaitUtils.waitForSpinner(WaitUtils.java:225)</small> </font> </div>
<div class="test-event"> <font color="maroon"> <small> &emsp; &emsp;--- 16 Oct 10:00:55 649 - Page URL:: https://i-car--staging.sandbox.my.salesforce-setup.com/one/one.app#eyjjb21wb25lbnrezwyioijmb3jjzvnlyxjjadpzzwfyy2gilcjhdhryawj1dgvzijp7inrlcm0ioijtdgvwagfuawugu2vsawdtyw4ilcjzy29wzu1hcci6eyjsywjlbfbsdxjhbci6ilnldhvwiiwibmftzxnwywnlijoiu2v0dxailcj0exblijoive9qx1jfu1vmvfmifswiy29udgv4dci6eyjkaxnhymxlu3blbgxdb3jyzwn0aw9uijpmywxzzswizglzywjszuludgvudff1zxj5ijpmywxzzswic2vhcmnou291cmnlijoisu5qvvrfrevts1rpucj9lcjncm91celkijoirevgqvvmvcj9lcjzdgf0zsi6e319</small> </font> </div>
<div class="test-event"> <font color="maroon"> <small> &emsp; &emsp;--- 16 Oct 10:00:55 649 - <b>0</b> - Page Load Wait: (Sync) - ICar.support.Utils.waitForPageLoad(Utils.java:109)</small> </font> </div>
<div class="test-event"> <font color="maroon"> <small> &emsp; &emsp;--- 16 Oct 10:00:55 989 - Page URL:: https://i-car--staging.sandbox.my.salesforce-setup.com/one/one.app#eyjjb21wb25lbnrezwyioijmb3jjzvnlyxjjadpzzwfyy2gilcjhdhryawj1dgvzijp7inrlcm0ioijtdgvwagfuawugu2vsawdtyw4ilcjzy29wzu1hcci6eyjsywjlbfbsdxjhbci6ilnldhvwiiwibmftzxnwywnlijoiu2v0dxailcj0exblijoive9qx1jfu1vmvfmifswiy29udgv4dci6eyjkaxnhymxlu3blbgxdb3jyzwn0aw9uijpmywxzzswizglzywjszuludgvudff1zxj5ijpmywxzzswic2vhcmnou291cmnlijoisu5qvvrfrevts1rpucj9lcjncm91celkijoirevgqvvmvcj9lcjzdgf0zsi6e319</small> </font> </div>
<div class="test-event"> <font color="maroon"> <small> &emsp; &emsp;--- 16 Oct 10:00:55 989 - <b>0</b> - Page Load Wait: (Sync) - ICar.support.Utils.waitForPageLoad(Utils.java:109)</small> </font> </div>
<div class="test-event"> <font color="maroon"> <small> &emsp; &emsp;--- 16 Oct 10:00:56 169 - Page URL:: https://i-car--staging.sandbox.my.salesforce-setup.com/one/one.app#eyjjb21wb25lbnrezwyioijmb3jjzvnlyxjjadpzzwfyy2gilcjhdhryawj1dgvzijp7inrlcm0ioijtdgvwagfuawugu2vsawdtyw4ilcjzy29wzu1hcci6eyjsywjlbfbsdxjhbci6ilnldhvwiiwibmftzxnwywnlijoiu2v0dxailcj0exblijoive9qx1jfu1vmvfmifswiy29udgv4dci6eyjkaxnhymxlu3blbgxdb3jyzwn0aw9uijpmywxzzswizglzywjszuludgvudff1zxj5ijpmywxzzswic2vhcmnou291cmnlijoisu5qvvrfrevts1rpucj9lcjncm91celkijoirevgqvvmvcj9lcjzdgf0zsi6e319</small> </font> </div>
<div class="test-event"> <font color="maroon"> <small> &emsp; &emsp;--- 16 Oct 10:00:56 169 - <b>0</b> - Page Load Wait: (Sync) - ICar.support.Utils.waitForPageLoad(Utils.java:109)</small> </font> </div>
<div class="test-event"> <font color="maroon"> <small> &emsp; &emsp;--- 16 Oct 10:01:21 229 - Catched spinner load exception due to Expected condition failed: waiting for ICar.support.WaitUtils$4@714addf7 (tried for 25 second(s) with 500 milliseconds interval)</small> </font> </div>
<div class="test-event"> <font color="maroon"> <small> &emsp; &emsp;--- 16 Oct 10:01:21 230 - <b>25</b> - Spinner Load Wait: (Sync) - ICar.support.WaitUtils.waitForSpinner(WaitUtils.java:225)</small> </font> </div>
<div class="test-event"> <font color="maroon"> <small> &emsp; &emsp;--- 16 Oct 10:01:21 430 - Page URL:: https://i-car--staging.sandbox.my.salesforce-setup.com/one/one.app#eyjjb21wb25lbnrezwyioijmb3jjzvnlyxjjadpzzwfyy2gilcjhdhryawj1dgvzijp7inrlcm0ioijtdgvwagfuawugu2vsawdtyw4ilcjzy29wzu1hcci6eyjsywjlbfbsdxjhbci6ilnldhvwiiwibmftzxnwywnlijoiu2v0dxailcj0exblijoive9qx1jfu1vmvfmifswiy29udgv4dci6eyjkaxnhymxlu3blbgxdb3jyzwn0aw9uijpmywxzzswizglzywjszuludgvudff1zxj5ijpmywxzzswic2vhcmnou291cmnlijoisu5qvvrfrevts1rpucj9lcjncm91celkijoirevgqvvmvcj9lcjzdgf0zsi6e319</small> </font> </div>
<div class="test-event"> <font color="maroon"> <small> &emsp; &emsp;--- 16 Oct 10:01:21 430 - <b>0</b> - Page Load Wait: (Sync) - ICar.support.Utils.waitForPageLoad(Utils.java:109)</small> </font> </div>
<div class="test-event"> <font color="maroon"> <small> &emsp; &emsp;--- 16 Oct 10:01:21 461 - Element is displayed:: [[ChromeDriver: chrome on WINDOWS (ca2ab41afecc55e80dc3bed9f32ce0d4)] -> css selector: div.forceSearchResultsRegion  div.resultsMultiWrapper >div > div table tbody td a]</small> </font> </div>
<div class="test-event"> <font color="maroon"> <small> &emsp; &emsp;--- 16 Oct 10:01:21 527 - Element is displayed:: [[ChromeDriver: chrome on WINDOWS (ca2ab41afecc55e80dc3bed9f32ce0d4)] -> css selector: div.forceSearchResultsRegion  div.resultsMultiWrapper >div > div table tbody td a]</small> </font> </div>
<div class="test-event"> <font color="maroon"> <small> &emsp; &emsp;--- 16 Oct 10:01:21 887 - Page URL:: https://i-car--staging.sandbox.my.salesforce-setup.com/one/one.app#eyjjb21wb25lbnrezwyioijmb3jjzvnlyxjjadpzzwfyy2gilcjhdhryawj1dgvzijp7inrlcm0ioijtdgvwagfuawugu2vsawdtyw4ilcjzy29wzu1hcci6eyjsywjlbfbsdxjhbci6ilnldhvwiiwibmftzxnwywnlijoiu2v0dxailcj0exblijoive9qx1jfu1vmvfmifswiy29udgv4dci6eyjkaxnhymxlu3blbgxdb3jyzwn0aw9uijpmywxzzswizglzywjszuludgvudff1zxj5ijpmywxzzswic2vhcmnou291cmnlijoisu5qvvrfrevts1rpucj9lcjncm91celkijoirevgqvvmvcj9lcjzdgf0zsi6e319</small> </font> </div>
<div class="test-event"> <font color="maroon"> <small> &emsp; &emsp;--- 16 Oct 10:01:21 887 - <b>0</b> - Page Load Wait: (Sync) - ICar.support.Utils.waitForPageLoad(Utils.java:109)</small> </font> </div>
<div class="test-event"> <font color="maroon"> <small> &emsp; &emsp;--- 16 Oct 10:01:42 193 - Catched spinner load exception due to Expected condition failed: waiting for ICar.support.WaitUtils$4@714addf7 (tried for 20 second(s) with 500 milliseconds interval)</small> </font> </div>
<div class="test-event"> <font color="maroon"> <small> &emsp; &emsp;--- 16 Oct 10:01:42 193 - <b>20</b> - Spinner Load Wait: (Sync) - ICar.support.WaitUtils.waitForSpinner(WaitUtils.java:225)</small> </font> </div>
<div class="test-event"> <font color="maroon"> <small> &emsp; &emsp;--- 16 Oct 10:01:42 313 - Page URL:: https://i-car--staging.sandbox.my.salesforce-setup.com/lightning/setup/manageusers/page?address=%2f0051i000000et3qqae%3fnoredirect%3d1%26isuserentityoverride%3d1%26returl%3d%252fsetup%252fhome</small> </font> </div>
<div class="test-event"> <font color="maroon"> <small> &emsp; &emsp;--- 16 Oct 10:01:42 313 - <b>0</b> - Page Load Wait: (Sync) - ICar.support.Utils.waitForPageLoad(Utils.java:109)</small> </font> </div>
<div class="test-event"> <font color="maroon"> <small> &emsp; &emsp;--- 16 Oct 10:01:42 430 - Page URL:: https://i-car--staging.sandbox.my.salesforce-setup.com/lightning/setup/manageusers/page?address=%2f0051i000000et3qqae%3fnoredirect%3d1%26isuserentityoverride%3d1%26returl%3d%252fsetup%252fhome</small> </font> </div>
<div class="test-event"> <font color="maroon"> <small> &emsp; &emsp;--- 16 Oct 10:01:42 430 - <b>0</b> - Page Load Wait: (Sync) - ICar.support.Utils.waitForPageLoad(Utils.java:109)</small> </font> </div>
<div class="test-event"> <font color="maroon"> <small> &emsp; &emsp;--- 16 Oct 10:01:46 546 - Element is displayed:: [[ChromeDriver: chrome on WINDOWS (ca2ab41afecc55e80dc3bed9f32ce0d4)] -> css selector: input[title='Login']]</small> </font> </div>
<div class="test-event"> <font color="maroon"> <small> &emsp; &emsp;--- 16 Oct 10:01:59 122 - Page URL:: https://i-car--staging.sandbox.lightning.force.com/one/one.app#eyjjb21wb25lbnrezwyioijvbmu6ywxvagfqywdliiwiyxr0cmlidxrlcyi6eyjhzgryzxnzijoiahr0chm6ly9plwnhci0tc3rhz2luzy0tyy5zyw5kym94lnzmlmzvcmnllmnvbs9hcgv4l1jvc3rlck1hbmfnzw1lbnq%2fswq9mdaxmukwmdawmhv3suhxin0sinn0yxrlijp7indzijoil2xpz2h0bmluzy9yl0fjy291bnqvmdaxmukwmdawmhv3suhxuueyl3zpzxcifx0%3d</small> </font> </div>
<div class="test-event"> <font color="maroon"> <small> &emsp; &emsp;--- 16 Oct 10:01:59 122 - <b>0</b> - Page Load Wait: (Sync) - ICar.support.Utils.waitForPageLoad(Utils.java:109)</small> </font> </div>
<div class="test-event"> <font color="maroon"> <small> &emsp; &emsp;--- 16 Oct 10:02:04 848 - Page URL:: https://i-car--staging.sandbox.lightning.force.com/one/one.app#eyjjb21wb25lbnrezwyioijvbmu6ywxvagfqywdliiwiyxr0cmlidxrlcyi6eyjhzgryzxnzijoiahr0chm6ly9plwnhci0tc3rhz2luzy0tyy5zyw5kym94lnzmlmzvcmnllmnvbs9hcgv4l1jvc3rlck1hbmfnzw1lbnq%2fswq9mdaxmukwmdawmhv3suhxin0sinn0yxrlijp7indzijoil2xpz2h0bmluzy9yl0fjy291bnqvmdaxmukwmdawmhv3suhxuueyl3zpzxcifx0%3d</small> </font> </div>
<div class="test-event"> <font color="maroon"> <small> &emsp; &emsp;--- 16 Oct 10:02:04 848 - <b>0</b> - Page Load Wait: (Sync) - ICar.support.Utils.waitForPageLoad(Utils.java:109)</small> </font> </div>
<div class="test-message">&emsp;Close the tab</div>
<div class="test-event"> <font color="maroon"> <small> &emsp; &emsp;--- 16 Oct 10:02:11 272 - Page URL:: https://i-car--staging.sandbox.lightning.force.com/one/one.app#eyjjb21wb25lbnrezwyioijvbmu6ywxvagfqywdliiwiyxr0cmlidxrlcyi6eyjhzgryzxnzijoiahr0chm6ly9plwnhci0tc3rhz2luzy0tyy5zyw5kym94lnzmlmzvcmnllmnvbs9hcgv4l1jvc3rlck1hbmfnzw1lbnq%2fswq9mdaxmukwmdawmhv3suhxin0sinn0yxrlijp7indzijoil2xpz2h0bmluzy9yl0fjy291bnqvmdaxmukwmdawmhv3suhxuueyl3zpzxcifx0%3d</small> </font> </div>
<div class="test-event"> <font color="maroon"> <small> &emsp; &emsp;--- 16 Oct 10:02:11 273 - <b>1</b> - Page Load Wait: (Sync) - ICar.support.Utils.waitForPageLoad(Utils.java:109)</small> </font> </div>
<div class="test-event"> <font color="maroon"> <small> &emsp; &emsp;--- 16 Oct 10:02:17 635 - Page URL:: https://i-car--staging.sandbox.lightning.force.com/one/one.app#eyjjb21wb25lbnrezwyioijvbmu6ywxvagfqywdliiwiyxr0cmlidxrlcyi6eyjhzgryzxnzijoiahr0chm6ly9plwnhci0tc3rhz2luzy0tyy5zyw5kym94lnzmlmzvcmnllmnvbs9hcgv4l1jvc3rlck1hbmfnzw1lbnq%2fswq9mdaxmukwmdawmhv3suhxin0sinn0yxrlijp7indzijoil2xpz2h0bmluzy9yl0fjy291bnqvmdaxmukwmdawmhv3suhxuueyl3zpzxcifx0%3d</small> </font> </div>
<div class="test-event"> <font color="maroon"> <small> &emsp; &emsp;--- 16 Oct 10:02:17 635 - <b>1</b> - Page Load Wait: (Sync) - ICar.support.Utils.waitForPageLoad(Utils.java:109)</small> </font> </div>
<div class="test-message">&emsp;Close the tab</div>
<div class="test-event"> <font color="maroon"> <small> &emsp; &emsp;--- 16 Oct 10:02:23 208 - Page URL:: https://i-car--staging.sandbox.lightning.force.com/lightning/o/case/list?filtername=00b1i000001lkoruam</small> </font> </div>
<div class="test-event"> <font color="maroon"> <small> &emsp; &emsp;--- 16 Oct 10:02:23 208 - <b>0</b> - Page Load Wait: (Sync) - ICar.support.Utils.waitForPageLoad(Utils.java:109)</small> </font> </div>
<div class="test-event"> <font color="maroon"> <small> &emsp; &emsp;--- 16 Oct 10:02:28 405 - Page URL:: https://i-car--staging.sandbox.lightning.force.com/lightning/o/case/list?filtername=00b1i000001lkoruam</small> </font> </div>
<div class="test-event"> <font color="maroon"> <small> &emsp; &emsp;--- 16 Oct 10:02:28 405 - <b>0</b> - Page Load Wait: (Sync) - ICar.support.Utils.waitForPageLoad(Utils.java:109)</small> </font> </div>
<div class="test-message">&emsp;Close the tab</div>
<div class="test-event"> <font color="maroon"> <small> &emsp; &emsp;--- 16 Oct 10:02:33 859 - Page URL:: https://i-car--staging.sandbox.lightning.force.com/lightning/o/case/list?filtername=00b1i000001lkoruam</small> </font> </div>
<div class="test-event"> <font color="maroon"> <small> &emsp; &emsp;--- 16 Oct 10:02:33 859 - <b>0</b> - Page Load Wait: (Sync) - ICar.support.Utils.waitForPageLoad(Utils.java:109)</small> </font> </div>
<div class="test-event"> <font color="maroon"> <small> &emsp; &emsp;--- 16 Oct 10:02:33 992 - Element is displayed:: [[ChromeDriver: chrome on WINDOWS (ca2ab41afecc55e80dc3bed9f32ce0d4)] -> css selector: button[class*='search-button']]</small> </font> </div>
<div class="test-event"> <font color="maroon"> <small> &emsp; &emsp;--- 16 Oct 10:02:36 097 - Catched spinner load exception due to Expected condition failed: waiting for ICar.support.WaitUtils$4@714addf7 (tried for 2 second(s) with 500 milliseconds interval)</small> </font> </div>
<div class="test-event"> <font color="maroon"> <small> &emsp; &emsp;--- 16 Oct 10:02:36 097 - <b>2</b> - Spinner Load Wait: (Sync) - ICar.support.WaitUtils.waitForSpinner(WaitUtils.java:225)</small> </font> </div>
<div class="test-event"> <font color="maroon"> <small> &emsp; &emsp;--- 16 Oct 10:02:39 166 - Element is displayed:: [[ChromeDriver: chrome on WINDOWS (ca2ab41afecc55e80dc3bed9f32ce0d4)] -> css selector: button[class*='search-button']]</small> </font> </div>
<div class="test-event"> <font color="maroon"> <small> &emsp; &emsp;--- 16 Oct 10:02:39 594 - Page URL:: https://i-car--staging.sandbox.lightning.force.com/lightning/o/case/list?filtername=00b1i000001lkoruam</small> </font> </div>
<div class="test-event"> <font color="maroon"> <small> &emsp; &emsp;--- 16 Oct 10:02:39 594 - <b>0</b> - Page Load Wait: (Sync) - ICar.support.Utils.waitForPageLoad(Utils.java:109)</small> </font> </div>
<div class="test-event"> <font color="maroon"> <small> &emsp; &emsp;--- 16 Oct 10:02:59 230 - Catched spinner load exception due to Expected condition failed: waiting for ICar.support.WaitUtils$4@714addf7 (tried for 10 second(s) with 500 milliseconds interval)</small> </font> </div>
<div class="test-event"> <font color="maroon"> <small> &emsp; &emsp;--- 16 Oct 10:02:59 230 - <b>10</b> - Spinner Load Wait: (Sync) - ICar.support.WaitUtils.waitForSpinner(WaitUtils.java:225)</small> </font> </div>
<div class="test-event"> <font color="maroon"> <small> &emsp; &emsp;--- 16 Oct 10:02:59 909 - Page URL:: https://i-car--staging.sandbox.lightning.force.com/one/one.app#eyjjb21wb25lbnrezwyioijmb3jjzvnlyxjjadpzzwfyy2hqywdlrgvza3rvccisimf0dhjpynv0zxmionsidgvybsi6ikdlcmjlcibdb2xsaxnpb24gjibhbgfzcyatieftc3rlcmrhbsisinnjb3bltwfwijp7inr5cguioijut1bfukvtvuxuuyisim5hbwvzcgfjzsi6iiisimxhymvsijoivg9wifjlc3vsdhmilcjsywjlbfbsdxjhbci6ilrvccbszxn1bhrziiwicmvzdwx0c0ntcci6imzvcmnlu2vhcmnoonbyzwrpy3rlzfjlc3vsdhmifswiy29udgv4dci6eyjgsuxurvjtijp7fswic2vhcmnou291cmnlijoiqvntsvnuqu5ux0rjquxpryisimrpc2fibgvjbnrlbnrrdwvyesi6zmfsc2usimrpc2fibgvtcgvsbenvcnjly3rpb24iomzhbhnllcjzzwfyy2heawfsb2dtzxnzaw9uswqioiiwodlknjuzni1mntezlwjkmdktmdkyni0yowrkm2y3mjq0yjmilcjkzwj1z0luzm8ionsiyxbwtmftzsi6ikldyxjfu2vydmljzv9db25zb2xliiwiyxbwvhlwzsi6iknvbnnvbguilcjhchboyw1lc3bhy2uioijjiiwibg9jyxrpb24ioijmb3jjztpvymply3rib21lrgvza3rvccisinnvymply3ruexblijoiq2fzzsj9fswiz3jvdxbjzci6ikrfrkfvtfqifswic3rhdguiont9fq%3d%3d</small> </font> </div>
<div class="test-event"> <font color="maroon"> <small> &emsp; &emsp;--- 16 Oct 10:02:59 909 - <b>0</b> - Page Load Wait: (Sync) - ICar.support.Utils.waitForPageLoad(Utils.java:109)</small> </font> </div>
<div class="test-event"> <font color="maroon"> <small> &emsp; &emsp;--- 16 Oct 10:03:11 410 - Catched spinner load exception due to Expected condition failed: waiting for ICar.support.WaitUtils$4@714addf7 (tried for 11 second(s) with 500 milliseconds interval)</small> </font> </div>
<div class="test-event"> <font color="maroon"> <small> &emsp; &emsp;--- 16 Oct 10:03:11 410 - <b>11</b> - Spinner Load Wait: (Sync) - ICar.support.WaitUtils.waitForSpinner(WaitUtils.java:225)</small> </font> </div>
<div class="test-event"> <font color="maroon"> <small> &emsp; &emsp;--- 16 Oct 10:03:12 158 - Page URL:: https://i-car--staging.sandbox.lightning.force.com/one/one.app#eyjjb21wb25lbnrezwyioijmb3jjzvnlyxjjadpzzwfyy2hqywdlrgvza3rvccisimf0dhjpynv0zxmionsidgvybsi6ikdlcmjlcibdb2xsaxnpb24gjibhbgfzcyatieftc3rlcmrhbsisinnjb3bltwfwijp7inr5cguioijut1bfukvtvuxuuyisim5hbwvzcgfjzsi6iiisimxhymvsijoivg9wifjlc3vsdhmilcjsywjlbfbsdxjhbci6ilrvccbszxn1bhrziiwicmvzdwx0c0ntcci6imzvcmnlu2vhcmnoonbyzwrpy3rlzfjlc3vsdhmifswiy29udgv4dci6eyjgsuxurvjtijp7fswic2vhcmnou291cmnlijoiqvntsvnuqu5ux0rjquxpryisimrpc2fibgvjbnrlbnrrdwvyesi6zmfsc2usimrpc2fibgvtcgvsbenvcnjly3rpb24iomzhbhnllcjzzwfyy2heawfsb2dtzxnzaw9uswqioiiwodlknjuzni1mntezlwjkmdktmdkyni0yowrkm2y3mjq0yjmilcjkzwj1z0luzm8ionsiyxbwtmftzsi6ikldyxjfu2vydmljzv9db25zb2xliiwiyxbwvhlwzsi6iknvbnnvbguilcjhchboyw1lc3bhy2uioijjiiwibg9jyxrpb24ioijmb3jjztpvymply3rib21lrgvza3rvccisinnvymply3ruexblijoiq2fzzsj9fswiz3jvdxbjzci6ikrfrkfvtfqifswic3rhdguiont9fq%3d%3d</small> </font> </div>
<div class="test-event"> <font color="maroon"> <small> &emsp; &emsp;--- 16 Oct 10:03:12 158 - <b>0</b> - Page Load Wait: (Sync) - ICar.support.Utils.waitForPageLoad(Utils.java:109)</small> </font> </div>
<div class="test-event"> <font color="maroon"> <small> &emsp; &emsp;--- 16 Oct 10:03:12 411 - Element is displayed:: [[ChromeDriver: chrome on WINDOWS (ca2ab41afecc55e80dc3bed9f32ce0d4)] -> xpath: //a[@title='Top Results']//span[text()='Top Results']]</small> </font> </div>
<div class="test-event"> <font color="maroon"> <small> &emsp; &emsp;--- 16 Oct 10:03:12 995 - Page URL:: https://i-car--staging.sandbox.lightning.force.com/one/one.app#eyjjb21wb25lbnrezwyioijmb3jjzvnlyxjjadpzzwfyy2hqywdlrgvza3rvccisimf0dhjpynv0zxmionsidgvybsi6ikdlcmjlcibdb2xsaxnpb24gjibhbgfzcyatieftc3rlcmrhbsisinnjb3bltwfwijp7inr5cguioijut1bfukvtvuxuuyisim5hbwvzcgfjzsi6iiisimxhymvsijoivg9wifjlc3vsdhmilcjsywjlbfbsdxjhbci6ilrvccbszxn1bhrziiwicmvzdwx0c0ntcci6imzvcmnlu2vhcmnoonbyzwrpy3rlzfjlc3vsdhmifswiy29udgv4dci6eyjgsuxurvjtijp7fswic2vhcmnou291cmnlijoiqvntsvnuqu5ux0rjquxpryisimrpc2fibgvjbnrlbnrrdwvyesi6zmfsc2usimrpc2fibgvtcgvsbenvcnjly3rpb24iomzhbhnllcjzzwfyy2heawfsb2dtzxnzaw9uswqioiiwodlknjuzni1mntezlwjkmdktmdkyni0yowrkm2y3mjq0yjmilcjkzwj1z0luzm8ionsiyxbwtmftzsi6ikldyxjfu2vydmljzv9db25zb2xliiwiyxbwvhlwzsi6iknvbnnvbguilcjhchboyw1lc3bhy2uioijjiiwibg9jyxrpb24ioijmb3jjztpvymply3rib21lrgvza3rvccisinnvymply3ruexblijoiq2fzzsj9fswiz3jvdxbjzci6ikrfrkfvtfqifswic3rhdguiont9fq%3d%3d</small> </font> </div>
<div class="test-event"> <font color="maroon"> <small> &emsp; &emsp;--- 16 Oct 10:03:12 995 - <b>0</b> - Page Load Wait: (Sync) - ICar.support.Utils.waitForPageLoad(Utils.java:109)</small> </font> </div>
<div class="test-event"> <font color="maroon"> <small> &emsp; &emsp;--- 16 Oct 10:03:18 310 - Catched spinner load exception due to Expected condition failed: waiting for ICar.support.WaitUtils$4@714addf7 (tried for 5 second(s) with 500 milliseconds interval)</small> </font> </div>
<div class="test-event"> <font color="maroon"> <small> &emsp; &emsp;--- 16 Oct 10:03:18 310 - <b>5</b> - Spinner Load Wait: (Sync) - ICar.support.WaitUtils.waitForSpinner(WaitUtils.java:225)</small> </font> </div>
<div class="test-event"> <font color="maroon"> <small> &emsp; &emsp;--- 16 Oct 10:03:18 990 - Page URL:: https://i-car--staging.sandbox.lightning.force.com/one/one.app#eyjjb21wb25lbnrezwyioijmb3jjzvnlyxjjadpzzwfyy2hqywdlrgvza3rvccisimf0dhjpynv0zxmionsidgvybsi6ikdlcmjlcibdb2xsaxnpb24gjibhbgfzcyatieftc3rlcmrhbsisinnjb3bltwfwijp7inr5cguioijut1bfukvtvuxuuyisim5hbwvzcgfjzsi6iiisimxhymvsijoivg9wifjlc3vsdhmilcjsywjlbfbsdxjhbci6ilrvccbszxn1bhrziiwicmvzdwx0c0ntcci6imzvcmnlu2vhcmnoonbyzwrpy3rlzfjlc3vsdhmifswiy29udgv4dci6eyjgsuxurvjtijp7fswic2vhcmnou291cmnlijoiqvntsvnuqu5ux0rjquxpryisimrpc2fibgvjbnrlbnrrdwvyesi6zmfsc2usimrpc2fibgvtcgvsbenvcnjly3rpb24iomzhbhnllcjzzwfyy2heawfsb2dtzxnzaw9uswqioiiwodlknjuzni1mntezlwjkmdktmdkyni0yowrkm2y3mjq0yjmilcjkzwj1z0luzm8ionsiyxbwtmftzsi6ikldyxjfu2vydmljzv9db25zb2xliiwiyxbwvhlwzsi6iknvbnnvbguilcjhchboyw1lc3bhy2uioijjiiwibg9jyxrpb24ioijmb3jjztpvymply3rib21lrgvza3rvccisinnvymply3ruexblijoiq2fzzsj9fswiz3jvdxbjzci6ikrfrkfvtfqifswic3rhdguiont9fq%3d%3d</small> </font> </div>
<div class="test-event"> <font color="maroon"> <small> &emsp; &emsp;--- 16 Oct 10:03:18 990 - <b>0</b> - Page Load Wait: (Sync) - ICar.support.Utils.waitForPageLoad(Utils.java:109)</small> </font> </div>
<div class="test-event"> <font color="maroon"> <small> &emsp; &emsp;--- 16 Oct 10:03:19 632 - Page URL:: https://i-car--staging.sandbox.lightning.force.com/one/one.app#eyjjb21wb25lbnrezwyioijmb3jjzvnlyxjjadpzzwfyy2hqywdlrgvza3rvccisimf0dhjpynv0zxmionsidgvybsi6ikdlcmjlcibdb2xsaxnpb24gjibhbgfzcyatieftc3rlcmrhbsisinnjb3bltwfwijp7inr5cguioijut1bfukvtvuxuuyisim5hbwvzcgfjzsi6iiisimxhymvsijoivg9wifjlc3vsdhmilcjsywjlbfbsdxjhbci6ilrvccbszxn1bhrziiwicmvzdwx0c0ntcci6imzvcmnlu2vhcmnoonbyzwrpy3rlzfjlc3vsdhmifswiy29udgv4dci6eyjgsuxurvjtijp7fswic2vhcmnou291cmnlijoiqvntsvnuqu5ux0rjquxpryisimrpc2fibgvjbnrlbnrrdwvyesi6zmfsc2usimrpc2fibgvtcgvsbenvcnjly3rpb24iomzhbhnllcjzzwfyy2heawfsb2dtzxnzaw9uswqioiiwodlknjuzni1mntezlwjkmdktmdkyni0yowrkm2y3mjq0yjmilcjkzwj1z0luzm8ionsiyxbwtmftzsi6ikldyxjfu2vydmljzv9db25zb2xliiwiyxbwvhlwzsi6iknvbnnvbguilcjhchboyw1lc3bhy2uioijjiiwibg9jyxrpb24ioijmb3jjztpvymply3rib21lrgvza3rvccisinnvymply3ruexblijoiq2fzzsj9fswiz3jvdxbjzci6ikrfrkfvtfqifswic3rhdguiont9fq%3d%3d</small> </font> </div>
<div class="test-event"> <font color="maroon"> <small> &emsp; &emsp;--- 16 Oct 10:03:19 632 - <b>0</b> - Page Load Wait: (Sync) - ICar.support.Utils.waitForPageLoad(Utils.java:109)</small> </font> </div>
<div class="test-event"> <font color="maroon"> <small> &emsp; &emsp;--- 16 Oct 10:03:20 621 - Page URL:: https://i-car--staging.sandbox.lightning.force.com/one/one.app#eyjjb21wb25lbnrezwyioijmb3jjzvnlyxjjadpzzwfyy2hqywdlrgvza3rvccisimf0dhjpynv0zxmionsidgvybsi6ikdlcmjlcibdb2xsaxnpb24gjibhbgfzcyatieftc3rlcmrhbsisinnjb3bltwfwijp7inr5cguioijut1bfukvtvuxuuyisim5hbwvzcgfjzsi6iiisimxhymvsijoivg9wifjlc3vsdhmilcjsywjlbfbsdxjhbci6ilrvccbszxn1bhrziiwicmvzdwx0c0ntcci6imzvcmnlu2vhcmnoonbyzwrpy3rlzfjlc3vsdhmifswiy29udgv4dci6eyjgsuxurvjtijp7fswic2vhcmnou291cmnlijoiqvntsvnuqu5ux0rjquxpryisimrpc2fibgvjbnrlbnrrdwvyesi6zmfsc2usimrpc2fibgvtcgvsbenvcnjly3rpb24iomzhbhnllcjzzwfyy2heawfsb2dtzxnzaw9uswqioiiwodlknjuzni1mntezlwjkmdktmdkyni0yowrkm2y3mjq0yjmilcjkzwj1z0luzm8ionsiyxbwtmftzsi6ikldyxjfu2vydmljzv9db25zb2xliiwiyxbwvhlwzsi6iknvbnnvbguilcjhchboyw1lc3bhy2uioijjiiwibg9jyxrpb24ioijmb3jjztpvymply3rib21lrgvza3rvccisinnvymply3ruexblijoiq2fzzsj9fswiz3jvdxbjzci6ikrfrkfvtfqifswic3rhdguiont9fq%3d%3d</small> </font> </div>
<div class="test-event"> <font color="maroon"> <small> &emsp; &emsp;--- 16 Oct 10:03:20 621 - <b>0</b> - Page Load Wait: (Sync) - ICar.support.Utils.waitForPageLoad(Utils.java:109)</small> </font> </div>
<div class="test-event"> <font color="maroon"> <small> &emsp; &emsp;--- 16 Oct 10:03:31 027 - Catched spinner load exception due to Expected condition failed: waiting for ICar.support.WaitUtils$4@714addf7 (tried for 10 second(s) with 500 milliseconds interval)</small> </font> </div>
<div class="test-event"> <font color="maroon"> <small> &emsp; &emsp;--- 16 Oct 10:03:31 027 - <b>10</b> - Spinner Load Wait: (Sync) - ICar.support.WaitUtils.waitForSpinner(WaitUtils.java:225)</small> </font> </div>
<div class="test-event"> <font color="maroon"> <small> &emsp; &emsp;--- 16 Oct 10:03:31 061 - Element is displayed:: [[ChromeDriver: chrome on WINDOWS (ca2ab41afecc55e80dc3bed9f32ce0d4)] -> css selector: div.forceSearchResultsRegion div.resultsMultiWrapper >div > div table tbody th a]</small> </font> </div>
<div class="test-event"> <font color="maroon"> <small> &emsp; &emsp;--- 16 Oct 10:03:31 152 - Element is displayed:: [[ChromeDriver: chrome on WINDOWS (ca2ab41afecc55e80dc3bed9f32ce0d4)] -> css selector: div.forceSearchResultsRegion div.resultsMultiWrapper >div > div table tbody th a]</small> </font> </div>
<div class="test-message">&emsp;4. click on Account : Gerber Collision & Glass - Amsterdam</div>
<div class="test-event"> <font color="maroon"> <small> &emsp; &emsp;--- 16 Oct 10:03:32 376 - Page URL:: https://i-car--staging.sandbox.lightning.force.com/one/one.app#eyjjb21wb25lbnrezwyioijmb3jjzvnlyxjjadpzzwfyy2hqywdlrgvza3rvccisimf0dhjpynv0zxmionsidgvybsi6ikdlcmjlcibdb2xsaxnpb24gjibhbgfzcyatieftc3rlcmrhbsisinnjb3bltwfwijp7inr5cguioijut1bfukvtvuxuuyisim5hbwvzcgfjzsi6iiisimxhymvsijoivg9wifjlc3vsdhmilcjsywjlbfbsdxjhbci6ilrvccbszxn1bhrziiwicmvzdwx0c0ntcci6imzvcmnlu2vhcmnoonbyzwrpy3rlzfjlc3vsdhmifswiy29udgv4dci6eyjgsuxurvjtijp7fswic2vhcmnou291cmnlijoiqvntsvnuqu5ux0rjquxpryisimrpc2fibgvjbnrlbnrrdwvyesi6zmfsc2usimrpc2fibgvtcgvsbenvcnjly3rpb24iomzhbhnllcjzzwfyy2heawfsb2dtzxnzaw9uswqioiiwodlknjuzni1mntezlwjkmdktmdkyni0yowrkm2y3mjq0yjmilcjkzwj1z0luzm8ionsiyxbwtmftzsi6ikldyxjfu2vydmljzv9db25zb2xliiwiyxbwvhlwzsi6iknvbnnvbguilcjhchboyw1lc3bhy2uioijjiiwibg9jyxrpb24ioijmb3jjztpvymply3rib21lrgvza3rvccisinnvymply3ruexblijoiq2fzzsj9fswiz3jvdxbjzci6ikrfrkfvtfqifswic3rhdguiont9fq%3d%3d</small> </font> </div>
<div class="test-event"> <font color="maroon"> <small> &emsp; &emsp;--- 16 Oct 10:03:32 377 - <b>1</b> - Page Load Wait: (Sync) - ICar.support.Utils.waitForPageLoad(Utils.java:109)</small> </font> </div>
<div class="test-event"> <font color="maroon"> <small> &emsp; &emsp;--- 16 Oct 10:03:47 465 - Catched spinner load exception due to Expected condition failed: waiting for ICar.support.WaitUtils$4@714addf7 (tried for 15 second(s) with 500 milliseconds interval)</small> </font> </div>
<div class="test-event"> <font color="maroon"> <small> &emsp; &emsp;--- 16 Oct 10:03:47 465 - <b>15</b> - Spinner Load Wait: (Sync) - ICar.support.WaitUtils.waitForSpinner(WaitUtils.java:225)</small> </font> </div>
<div class="test-event"> <font color="maroon"> <small> &emsp; &emsp;--- 16 Oct 10:03:48 141 - Page URL:: https://i-car--staging.sandbox.lightning.force.com/lightning/r/account/0011i00000uwihwqa2/view</small> </font> </div>
<div class="test-event"> <font color="maroon"> <small> &emsp; &emsp;--- 16 Oct 10:03:48 142 - <b>0</b> - Page Load Wait: (Sync) - ICar.support.Utils.waitForPageLoad(Utils.java:109)</small> </font> </div>
<div class="test-event"> <font color="maroon"> <small> &emsp; &emsp;--- 16 Oct 10:03:50 301 - Element is displayed:: [[ChromeDriver: chrome on WINDOWS (ca2ab41afecc55e80dc3bed9f32ce0d4)] -> xpath: //button[normalize-space()='Roster']]</small> </font> </div>
<div class="test-event"> <font color="maroon"> <small> &emsp; &emsp;--- 16 Oct 10:03:51 042 - Page URL:: https://i-car--staging.sandbox.lightning.force.com/lightning/r/account/0011i00000uwihwqa2/view</small> </font> </div>
<div class="test-event"> <font color="maroon"> <small> &emsp; &emsp;--- 16 Oct 10:03:51 042 - <b>0</b> - Page Load Wait: (Sync) - ICar.support.Utils.waitForPageLoad(Utils.java:109)</small> </font> </div>
<div class="test-event"> <font color="maroon"> <small> &emsp; &emsp;--- 16 Oct 10:03:51 768 - Page URL:: https://i-car--staging.sandbox.lightning.force.com/lightning/r/account/0011i00000uwihwqa2/view</small> </font> </div>
<div class="test-event"> <font color="maroon"> <small> &emsp; &emsp;--- 16 Oct 10:03:51 768 - <b>0</b> - Page Load Wait: (Sync) - ICar.support.Utils.waitForPageLoad(Utils.java:109)</small> </font> </div>
<div class="test-event"> <font color="maroon"> <small> &emsp; &emsp;--- 16 Oct 10:04:06 798 - Catched spinner load exception due to Expected condition failed: waiting for ICar.support.WaitUtils$4@714addf7 (tried for 15 second(s) with 500 milliseconds interval)</small> </font> </div>
<div class="test-event"> <font color="maroon"> <small> &emsp; &emsp;--- 16 Oct 10:04:06 798 - <b>15</b> - Spinner Load Wait: (Sync) - ICar.support.WaitUtils.waitForSpinner(WaitUtils.java:225)</small> </font> </div>
<div class="test-event"> <font color="maroon"> <small> &emsp; &emsp;--- 16 Oct 10:04:07 771 - Page URL:: https://i-car--staging.sandbox.lightning.force.com/one/one.app#eyjjb21wb25lbnrezwyioijvbmu6ywxvagfqywdliiwiyxr0cmlidxrlcyi6eyjhzgryzxnzijoiahr0chm6ly9plwnhci0tc3rhz2luzy0tyy5zyw5kym94lnzmlmzvcmnllmnvbs9hcgv4l1jvc3rlck1hbmfnzw1lbnq%2fswq9mdaxmukwmdawmhv3suhxin0sinn0yxrlijp7indzijoil2xpz2h0bmluzy9yl0fjy291bnqvmdaxmukwmdawmhv3suhxuueyl3zpzxcifx0%3d</small> </font> </div>
<div class="test-event"> <font color="maroon"> <small> &emsp; &emsp;--- 16 Oct 10:04:07 771 - <b>0</b> - Page Load Wait: (Sync) - ICar.support.Utils.waitForPageLoad(Utils.java:109)</small> </font> </div>
<div class="test-message">&emsp;5. Click on account roster Gerber Collision & Glass - Amsterdam</div>
<div class="test-event"> <font color="maroon"> <small> &emsp; &emsp;--- 16 Oct 10:04:18 284 - Catched spinner load exception due to Expected condition failed: waiting for ICar.support.WaitUtils$4@714addf7 (tried for 10 second(s) with 500 milliseconds interval)</small> </font> </div>
<div class="test-event"> <font color="maroon"> <small> &emsp; &emsp;--- 16 Oct 10:04:18 285 - <b>10</b> - Spinner Load Wait: (Sync) - ICar.support.WaitUtils.waitForSpinner(WaitUtils.java:225)</small> </font> </div>
<div class="test-event"> <font color="maroon"> <small> &emsp; &emsp;--- 16 Oct 10:04:20 508 - Element is displayed:: [[ChromeDriver: chrome on WINDOWS (ca2ab41afecc55e80dc3bed9f32ce0d4)] -> xpath: //span[text()='All']]</small> </font> </div>
<div class="test-event"> <font color="maroon"> <small> &emsp; &emsp;--- 16 Oct 10:04:28 841 - Catched spinner load exception due to Expected condition failed: waiting for ICar.support.WaitUtils$4@714addf7 (tried for 5 second(s) with 500 milliseconds interval)</small> </font> </div>
<div class="test-event"> <font color="maroon"> <small> &emsp; &emsp;--- 16 Oct 10:04:28 841 - <b>5</b> - Spinner Load Wait: (Sync) - ICar.support.WaitUtils.waitForSpinner(WaitUtils.java:225)</small> </font> </div>
<div class="test-event"> <font color="maroon"> <small> &emsp; &emsp;--- 16 Oct 10:04:32 971 - Page URL:: https://i-car--staging.sandbox.lightning.force.com/one/one.app#eyjjb21wb25lbnrezwyioijvbmu6ywxvagfqywdliiwiyxr0cmlidxrlcyi6eyjhzgryzxnzijoiahr0chm6ly9plwnhci0tc3rhz2luzy0tyy5zyw5kym94lnzmlmzvcmnllmnvbs9hcgv4l1jvc3rlck1hbmfnzw1lbnq%2fswq9mdaxmukwmdawmhv3suhxin0sinn0yxrlijp7indzijoil2xpz2h0bmluzy9yl0fjy291bnqvmdaxmukwmdawmhv3suhxuueyl3zpzxcifx0%3d</small> </font> </div>
<div class="test-event"> <font color="maroon"> <small> &emsp; &emsp;--- 16 Oct 10:04:32 971 - <b>0</b> - Page Load Wait: (Sync) - ICar.support.Utils.waitForPageLoad(Utils.java:109)</small> </font> </div>
<div class="test-event"> <font color="maroon"> <small> &emsp; &emsp;--- 16 Oct 10:04:48 048 - Catched spinner load exception due to Expected condition failed: waiting for ICar.support.WaitUtils$4@714addf7 (tried for 15 second(s) with 500 milliseconds interval)</small> </font> </div>
<div class="test-event"> <font color="maroon"> <small> &emsp; &emsp;--- 16 Oct 10:04:48 048 - <b>15</b> - Spinner Load Wait: (Sync) - ICar.support.WaitUtils.waitForSpinner(WaitUtils.java:225)</small> </font> </div>
<div class="test-event"> <font color="maroon"> <small> &emsp; &emsp;--- 16 Oct 10:04:48 996 - Page URL:: https://i-car--staging.sandbox.lightning.force.com/one/one.app#eyjjb21wb25lbnrezwyioijvbmu6ywxvagfqywdliiwiyxr0cmlidxrlcyi6eyjhzgryzxnzijoiahr0chm6ly9plwnhci0tc3rhz2luzy0tyy5zyw5kym94lnzmlmzvcmnllmnvbs9hcgv4l1jvc3rlck1hbmfnzw1lbnq%2fswq9mdaxmukwmdawmhv3suhxin0sinn0yxrlijp7indzijoil2xpz2h0bmluzy9yl0fjy291bnqvmdaxmukwmdawmhv3suhxuueyl3zpzxcifx0%3d</small> </font> </div>
<div class="test-event"> <font color="maroon"> <small> &emsp; &emsp;--- 16 Oct 10:04:48 997 - <b>0</b> - Page Load Wait: (Sync) - ICar.support.Utils.waitForPageLoad(Utils.java:109)</small> </font> </div>
<div class="test-message">&emsp;Exception occurred while fetching employement start date from account roster org.openqa.selenium.NoSuchElementException: no such element: Unable to locate element: {"method":"xpath","selector":"(//table[@class='slds-table slds-table_cell-buffer slds-table_bordered'])[last()]/tbody/tr/td[@data-label='sName']/div[@title='Moore, Patrick']//parent::td//following-sibling::td[@data-label='startDate']/div/div/span"}
  (Session info: chrome=129.0.6668.101)
For documentation on this error, please visit: https://selenium.dev/exceptions/#no_such_element
Build info: version: '4.6.0', revision: '79f1c02ae20'
System info: os.name: 'Windows 10', os.arch: 'amd64', os.version: '10.0', java.version: '16.0.2'
Driver info: org.openqa.selenium.chrome.ChromeDriver
Command: [ca2ab41afecc55e80dc3bed9f32ce0d4, findElement {using=xpath, value=(//table[@class='slds-table slds-table_cell-buffer slds-table_bordered'])[last()]/tbody/tr/td[@data-label='sName']/div[@title='Moore, Patrick']//parent::td//following-sibling::td[@data-label='startDate']/div/div/span}]
Capabilities {acceptInsecureCerts: false, browserName: chrome, browserVersion: 129.0.6668.101, chrome: {chromedriverVersion: 129.0.6668.58 (81a06fb873a9..., userDataDir: C:\Users\PRATHA~1.KUM\AppDa...}, fedcm:accounts: true, goog:chromeOptions: {debuggerAddress: localhost:54110}, networkConnectionEnabled: false, pageLoadStrategy: normal, platformName: WINDOWS, proxy: Proxy(), se:cdp: ws://localhost:54110/devtoo..., se:cdpVersion: 129.0.6668.101, setWindowRect: true, strictFileInteractability: false, timeouts: {implicit: 0, pageLoad: 300000, script: 30000}, unhandledPromptBehavior: dismiss and notify, webauthn:extension:credBlob: true, webauthn:extension:largeBlob: true, webauthn:extension:minPinLength: true, webauthn:extension:prf: true, webauthn:virtualAuthenticators: true}
Session ID: ca2ab41afecc55e80dc3bed9f32ce0d4</div>
<div class="test-event"> <font color="maroon"> <small> &emsp; &emsp;--- 16 Oct 10:04:49 989 - Page URL:: https://i-car--staging.sandbox.lightning.force.com/one/one.app#eyjjb21wb25lbnrezwyioijvbmu6ywxvagfqywdliiwiyxr0cmlidxrlcyi6eyjhzgryzxnzijoiahr0chm6ly9plwnhci0tc3rhz2luzy0tyy5zyw5kym94lnzmlmzvcmnllmnvbs9hcgv4l1jvc3rlck1hbmfnzw1lbnq%2fswq9mdaxmukwmdawmhv3suhxin0sinn0yxrlijp7indzijoil2xpz2h0bmluzy9yl0fjy291bnqvmdaxmukwmdawmhv3suhxuueyl3zpzxcifx0%3d</small> </font> </div>
<div class="test-event"> <font color="maroon"> <small> &emsp; &emsp;--- 16 Oct 10:04:49 989 - <b>0</b> - Page Load Wait: (Sync) - ICar.support.Utils.waitForPageLoad(Utils.java:109)</small> </font> </div>
<div class="test-event"> <font color="maroon"> <small> &emsp; &emsp;--- 16 Oct 10:04:55 972 - Page URL:: https://i-car--staging.sandbox.lightning.force.com/one/one.app#eyjjb21wb25lbnrezwyioijvbmu6ywxvagfqywdliiwiyxr0cmlidxrlcyi6eyjhzgryzxnzijoiahr0chm6ly9plwnhci0tc3rhz2luzy0tyy5zyw5kym94lnzmlmzvcmnllmnvbs9hcgv4l1jvc3rlck1hbmfnzw1lbnq%2fswq9mdaxmukwmdawmhv3suhxin0sinn0yxrlijp7indzijoil2xpz2h0bmluzy9yl0fjy291bnqvmdaxmukwmdawmhv3suhxuueyl3zpzxcifx0%3d</small> </font> </div>
<div class="test-event"> <font color="maroon"> <small> &emsp; &emsp;--- 16 Oct 10:04:55 972 - <b>0</b> - Page Load Wait: (Sync) - ICar.support.Utils.waitForPageLoad(Utils.java:109)</small> </font> </div>
<div class="test-message">&emsp;Close the tab</div>
<div class="test-event"> <font color="maroon"> <small> &emsp; &emsp;--- 16 Oct 10:05:02 000 - Page URL:: https://i-car--staging.sandbox.lightning.force.com/one/one.app#eyjjb21wb25lbnrezwyioijvbmu6ywxvagfqywdliiwiyxr0cmlidxrlcyi6eyjhzgryzxnzijoiahr0chm6ly9plwnhci0tc3rhz2luzy0tyy5zyw5kym94lnzmlmzvcmnllmnvbs9hcgv4l1jvc3rlck1hbmfnzw1lbnq%2fswq9mdaxmukwmdawmhv3suhxin0sinn0yxrlijp7indzijoil2xpz2h0bmluzy9yl0fjy291bnqvmdaxmukwmdawmhv3suhxuueyl3zpzxcifx0%3d</small> </font> </div>
<div class="test-event"> <font color="maroon"> <small> &emsp; &emsp;--- 16 Oct 10:05:02 000 - <b>0</b> - Page Load Wait: (Sync) - ICar.support.Utils.waitForPageLoad(Utils.java:109)</small> </font> </div>
<div class="test-event"> <font color="maroon"> <small> &emsp; &emsp;--- 16 Oct 10:05:07 997 - Page URL:: https://i-car--staging.sandbox.lightning.force.com/one/one.app#eyjjb21wb25lbnrezwyioijvbmu6ywxvagfqywdliiwiyxr0cmlidxrlcyi6eyjhzgryzxnzijoiahr0chm6ly9plwnhci0tc3rhz2luzy0tyy5zyw5kym94lnzmlmzvcmnllmnvbs9hcgv4l1jvc3rlck1hbmfnzw1lbnq%2fswq9mdaxmukwmdawmhv3suhxin0sinn0yxrlijp7indzijoil2xpz2h0bmluzy9yl0fjy291bnqvmdaxmukwmdawmhv3suhxuueyl3zpzxcifx0%3d</small> </font> </div>
<div class="test-event"> <font color="maroon"> <small> &emsp; &emsp;--- 16 Oct 10:05:07 997 - <b>0</b> - Page Load Wait: (Sync) - ICar.support.Utils.waitForPageLoad(Utils.java:109)</small> </font> </div>
<div class="test-message">&emsp;Close the tab</div>
<div class="test-event"> <font color="maroon"> <small> &emsp; &emsp;--- 16 Oct 10:05:14 032 - Page URL:: https://i-car--staging.sandbox.lightning.force.com/one/one.app#eyjjb21wb25lbnrezwyioijvbmu6ywxvagfqywdliiwiyxr0cmlidxrlcyi6eyjhzgryzxnzijoiahr0chm6ly9plwnhci0tc3rhz2luzy0tyy5zyw5kym94lnzmlmzvcmnllmnvbs9hcgv4l1jvc3rlck1hbmfnzw1lbnq%2fswq9mdaxmukwmdawmhv3suhxin0sinn0yxrlijp7indzijoil2xpz2h0bmluzy9yl0fjy291bnqvmdaxmukwmdawmhv3suhxuueyl3zpzxcifx0%3d</small> </font> </div>
<div class="test-event"> <font color="maroon"> <small> &emsp; &emsp;--- 16 Oct 10:05:14 032 - <b>0</b> - Page Load Wait: (Sync) - ICar.support.Utils.waitForPageLoad(Utils.java:109)</small> </font> </div>
<div class="test-event"> <font color="maroon"> <small> &emsp; &emsp;--- 16 Oct 10:05:14 077 - Element is displayed:: [[ChromeDriver: chrome on WINDOWS (ca2ab41afecc55e80dc3bed9f32ce0d4)] -> css selector: button[class*='search-button']]</small> </font> </div>
<div class="test-event"> <font color="maroon"> <small> &emsp; &emsp;--- 16 Oct 10:05:16 151 - Catched spinner load exception due to Expected condition failed: waiting for ICar.support.WaitUtils$4@714addf7 (tried for 2 second(s) with 500 milliseconds interval)</small> </font> </div>
<div class="test-event"> <font color="maroon"> <small> &emsp; &emsp;--- 16 Oct 10:05:16 151 - <b>2</b> - Spinner Load Wait: (Sync) - ICar.support.WaitUtils.waitForSpinner(WaitUtils.java:225)</small> </font> </div>
<div class="test-event"> <font color="maroon"> <small> &emsp; &emsp;--- 16 Oct 10:05:19 237 - Element is displayed:: [[ChromeDriver: chrome on WINDOWS (ca2ab41afecc55e80dc3bed9f32ce0d4)] -> css selector: button[class*='search-button']]</small> </font> </div>
<div class="test-event"> <font color="maroon"> <small> &emsp; &emsp;--- 16 Oct 10:05:20 402 - Page URL:: https://i-car--staging.sandbox.lightning.force.com/one/one.app#eyjjb21wb25lbnrezwyioijvbmu6ywxvagfqywdliiwiyxr0cmlidxrlcyi6eyjhzgryzxnzijoiahr0chm6ly9plwnhci0tc3rhz2luzy0tyy5zyw5kym94lnzmlmzvcmnllmnvbs9hcgv4l1jvc3rlck1hbmfnzw1lbnq%2fswq9mdaxmukwmdawmhv3suhxin0sinn0yxrlijp7indzijoil2xpz2h0bmluzy9yl0fjy291bnqvmdaxmukwmdawmhv3suhxuueyl3zpzxcifx0%3d</small> </font> </div>
<div class="test-event"> <font color="maroon"> <small> &emsp; &emsp;--- 16 Oct 10:05:20 402 - <b>1</b> - Page Load Wait: (Sync) - ICar.support.Utils.waitForPageLoad(Utils.java:109)</small> </font> </div>
<div class="test-event"> <font color="maroon"> <small> &emsp; &emsp;--- 16 Oct 10:05:40 262 - Catched spinner load exception due to Expected condition failed: waiting for ICar.support.WaitUtils$4@714addf7 (tried for 10 second(s) with 500 milliseconds interval)</small> </font> </div>
<div class="test-event"> <font color="maroon"> <small> &emsp; &emsp;--- 16 Oct 10:05:40 262 - <b>10</b> - Spinner Load Wait: (Sync) - ICar.support.WaitUtils.waitForSpinner(WaitUtils.java:225)</small> </font> </div>
<div class="test-event"> <font color="maroon"> <small> &emsp; &emsp;--- 16 Oct 10:05:41 375 - Page URL:: https://i-car--staging.sandbox.lightning.force.com/one/one.app#eyjjb21wb25lbnrezwyioijmb3jjzvnlyxjjadpzzwfyy2hqywdlrgvza3rvccisimf0dhjpynv0zxmionsidgvybsi6iji5njg1otmilcjzy29wzu1hcci6eyj0exblijoive9qx1jfu1vmvfmilcjuyw1lc3bhy2uioiiilcjsywjlbci6ilrvccbszxn1bhrziiwibgfizwxqbhvyywwioijub3agumvzdwx0cyisinjlc3vsdhndbxaioijmb3jjzvnlyxjjadpwcmvkawn0zwrszxn1bhrzin0simnvbnrlehqionsirklmvevsuyi6e30sinnlyxjjafnvdxjjzsi6ikftu0ltvefovf9esufmt0cilcjkaxnhymxlsw50zw50uxvlcnkiomzhbhnllcjkaxnhymxlu3blbgxdb3jyzwn0aw9uijpmywxzzswic2vhcmnorglhbg9nu2vzc2lvbklkijoizdbhztq5zjutzdc3yy0xmzqzltjjmtutmgq4zdjimmuzzdcyiiwizgvidwdjbmzvijp7imfwce5hbwuioijjq2fyx1nlcnzpy2vfq29uc29szsisimfwcfr5cguioijdb25zb2xliiwiyxbwtmftzxnwywnlijoiyyisimxvy2f0aw9uijoib25lomfsb2hhugfnzsj9fswiz3jvdxbjzci6ikrfrkfvtfqifswic3rhdguiont9fq%3d%3d</small> </font> </div>
<div class="test-event"> <font color="maroon"> <small> &emsp; &emsp;--- 16 Oct 10:05:41 375 - <b>1</b> - Page Load Wait: (Sync) - ICar.support.Utils.waitForPageLoad(Utils.java:109)</small> </font> </div>
<div class="test-event"> <font color="maroon"> <small> &emsp; &emsp;--- 16 Oct 10:05:52 459 - Catched spinner load exception due to Expected condition failed: waiting for ICar.support.WaitUtils$4@714addf7 (tried for 11 second(s) with 500 milliseconds interval)</small> </font> </div>
<div class="test-event"> <font color="maroon"> <small> &emsp; &emsp;--- 16 Oct 10:05:52 459 - <b>11</b> - Spinner Load Wait: (Sync) - ICar.support.WaitUtils.waitForSpinner(WaitUtils.java:225)</small> </font> </div>
<div class="test-event"> <font color="maroon"> <small> &emsp; &emsp;--- 16 Oct 10:05:53 605 - Page URL:: https://i-car--staging.sandbox.lightning.force.com/one/one.app#eyjjb21wb25lbnrezwyioijmb3jjzvnlyxjjadpzzwfyy2hqywdlrgvza3rvccisimf0dhjpynv0zxmionsidgvybsi6iji5njg1otmilcjzy29wzu1hcci6eyj0exblijoive9qx1jfu1vmvfmilcjuyw1lc3bhy2uioiiilcjsywjlbci6ilrvccbszxn1bhrziiwibgfizwxqbhvyywwioijub3agumvzdwx0cyisinjlc3vsdhndbxaioijmb3jjzvnlyxjjadpwcmvkawn0zwrszxn1bhrzin0simnvbnrlehqionsirklmvevsuyi6e30sinnlyxjjafnvdxjjzsi6ikftu0ltvefovf9esufmt0cilcjkaxnhymxlsw50zw50uxvlcnkiomzhbhnllcjkaxnhymxlu3blbgxdb3jyzwn0aw9uijpmywxzzswic2vhcmnorglhbg9nu2vzc2lvbklkijoizdbhztq5zjutzdc3yy0xmzqzltjjmtutmgq4zdjimmuzzdcyiiwizgvidwdjbmzvijp7imfwce5hbwuioijjq2fyx1nlcnzpy2vfq29uc29szsisimfwcfr5cguioijdb25zb2xliiwiyxbwtmftzxnwywnlijoiyyisimxvy2f0aw9uijoib25lomfsb2hhugfnzsj9fswiz3jvdxbjzci6ikrfrkfvtfqifswic3rhdguiont9fq%3d%3d</small> </font> </div>
<div class="test-event"> <font color="maroon"> <small> &emsp; &emsp;--- 16 Oct 10:05:53 605 - <b>1</b> - Page Load Wait: (Sync) - ICar.support.Utils.waitForPageLoad(Utils.java:109)</small> </font> </div>
<div class="test-event"> <font color="maroon"> <small> &emsp; &emsp;--- 16 Oct 10:05:53 757 - Element is displayed:: [[ChromeDriver: chrome on WINDOWS (ca2ab41afecc55e80dc3bed9f32ce0d4)] -> xpath: //a[@title='Top Results']//span[text()='Top Results']]</small> </font> </div>
<div class="test-event"> <font color="maroon"> <small> &emsp; &emsp;--- 16 Oct 10:05:55 029 - Page URL:: https://i-car--staging.sandbox.lightning.force.com/one/one.app#eyjjb21wb25lbnrezwyioijmb3jjzvnlyxjjadpzzwfyy2hqywdlrgvza3rvccisimf0dhjpynv0zxmionsidgvybsi6iji5njg1otmilcjzy29wzu1hcci6eyj0exblijoive9qx1jfu1vmvfmilcjuyw1lc3bhy2uioiiilcjsywjlbci6ilrvccbszxn1bhrziiwibgfizwxqbhvyywwioijub3agumvzdwx0cyisinjlc3vsdhndbxaioijmb3jjzvnlyxjjadpwcmvkawn0zwrszxn1bhrzin0simnvbnrlehqionsirklmvevsuyi6e30sinnlyxjjafnvdxjjzsi6ikftu0ltvefovf9esufmt0cilcjkaxnhymxlsw50zw50uxvlcnkiomzhbhnllcjkaxnhymxlu3blbgxdb3jyzwn0aw9uijpmywxzzswic2vhcmnorglhbg9nu2vzc2lvbklkijoizdbhztq5zjutzdc3yy0xmzqzltjjmtutmgq4zdjimmuzzdcyiiwizgvidwdjbmzvijp7imfwce5hbwuioijjq2fyx1nlcnzpy2vfq29uc29szsisimfwcfr5cguioijdb25zb2xliiwiyxbwtmftzxnwywnlijoiyyisimxvy2f0aw9uijoib25lomfsb2hhugfnzsj9fswiz3jvdxbjzci6ikrfrkfvtfqifswic3rhdguiont9fq%3d%3d</small> </font> </div>
<div class="test-event"> <font color="maroon"> <small> &emsp; &emsp;--- 16 Oct 10:05:55 029 - <b>1</b> - Page Load Wait: (Sync) - ICar.support.Utils.waitForPageLoad(Utils.java:109)</small> </font> </div>
<div class="test-event"> <font color="maroon"> <small> &emsp; &emsp;--- 16 Oct 10:06:00 272 - Catched spinner load exception due to Expected condition failed: waiting for ICar.support.WaitUtils$4@714addf7 (tried for 5 second(s) with 500 milliseconds interval)</small> </font> </div>
<div class="test-event"> <font color="maroon"> <small> &emsp; &emsp;--- 16 Oct 10:06:00 272 - <b>5</b> - Spinner Load Wait: (Sync) - ICar.support.WaitUtils.waitForSpinner(WaitUtils.java:225)</small> </font> </div>
<div class="test-event"> <font color="maroon"> <small> &emsp; &emsp;--- 16 Oct 10:06:01 240 - Page URL:: https://i-car--staging.sandbox.lightning.force.com/one/one.app#eyjjb21wb25lbnrezwyioijmb3jjzvnlyxjjadpzzwfyy2hqywdlrgvza3rvccisimf0dhjpynv0zxmionsidgvybsi6iji5njg1otmilcjzy29wzu1hcci6eyj0exblijoive9qx1jfu1vmvfmilcjuyw1lc3bhy2uioiiilcjsywjlbci6ilrvccbszxn1bhrziiwibgfizwxqbhvyywwioijub3agumvzdwx0cyisinjlc3vsdhndbxaioijmb3jjzvnlyxjjadpwcmvkawn0zwrszxn1bhrzin0simnvbnrlehqionsirklmvevsuyi6e30sinnlyxjjafnvdxjjzsi6ikftu0ltvefovf9esufmt0cilcjkaxnhymxlsw50zw50uxvlcnkiomzhbhnllcjkaxnhymxlu3blbgxdb3jyzwn0aw9uijpmywxzzswic2vhcmnorglhbg9nu2vzc2lvbklkijoizdbhztq5zjutzdc3yy0xmzqzltjjmtutmgq4zdjimmuzzdcyiiwizgvidwdjbmzvijp7imfwce5hbwuioijjq2fyx1nlcnzpy2vfq29uc29szsisimfwcfr5cguioijdb25zb2xliiwiyxbwtmftzxnwywnlijoiyyisimxvy2f0aw9uijoib25lomfsb2hhugfnzsj9fswiz3jvdxbjzci6ikrfrkfvtfqifswic3rhdguiont9fq%3d%3d</small> </font> </div>
<div class="test-event"> <font color="maroon"> <small> &emsp; &emsp;--- 16 Oct 10:06:01 240 - <b>0</b> - Page Load Wait: (Sync) - ICar.support.Utils.waitForPageLoad(Utils.java:109)</small> </font> </div>
<div class="test-event"> <font color="maroon"> <small> &emsp; &emsp;--- 16 Oct 10:06:02 273 - Page URL:: https://i-car--staging.sandbox.lightning.force.com/one/one.app#eyjjb21wb25lbnrezwyioijmb3jjzvnlyxjjadpzzwfyy2hqywdlrgvza3rvccisimf0dhjpynv0zxmionsidgvybsi6iji5njg1otmilcjzy29wzu1hcci6eyj0exblijoive9qx1jfu1vmvfmilcjuyw1lc3bhy2uioiiilcjsywjlbci6ilrvccbszxn1bhrziiwibgfizwxqbhvyywwioijub3agumvzdwx0cyisinjlc3vsdhndbxaioijmb3jjzvnlyxjjadpwcmvkawn0zwrszxn1bhrzin0simnvbnrlehqionsirklmvevsuyi6e30sinnlyxjjafnvdxjjzsi6ikftu0ltvefovf9esufmt0cilcjkaxnhymxlsw50zw50uxvlcnkiomzhbhnllcjkaxnhymxlu3blbgxdb3jyzwn0aw9uijpmywxzzswic2vhcmnorglhbg9nu2vzc2lvbklkijoizdbhztq5zjutzdc3yy0xmzqzltjjmtutmgq4zdjimmuzzdcyiiwizgvidwdjbmzvijp7imfwce5hbwuioijjq2fyx1nlcnzpy2vfq29uc29szsisimfwcfr5cguioijdb25zb2xliiwiyxbwtmftzxnwywnlijoiyyisimxvy2f0aw9uijoib25lomfsb2hhugfnzsj9fswiz3jvdxbjzci6ikrfrkfvtfqifswic3rhdguiont9fq%3d%3d</small> </font> </div>
<div class="test-event"> <font color="maroon"> <small> &emsp; &emsp;--- 16 Oct 10:06:02 273 - <b>1</b> - Page Load Wait: (Sync) - ICar.support.Utils.waitForPageLoad(Utils.java:109)</small> </font> </div>
<div class="test-event"> <font color="maroon"> <small> &emsp; &emsp;--- 16 Oct 10:06:03 582 - Page URL:: https://i-car--staging.sandbox.lightning.force.com/one/one.app#eyjjb21wb25lbnrezwyioijmb3jjzvnlyxjjadpzzwfyy2hqywdlrgvza3rvccisimf0dhjpynv0zxmionsidgvybsi6iji5njg1otmilcjzy29wzu1hcci6eyj0exblijoive9qx1jfu1vmvfmilcjuyw1lc3bhy2uioiiilcjsywjlbci6ilrvccbszxn1bhrziiwibgfizwxqbhvyywwioijub3agumvzdwx0cyisinjlc3vsdhndbxaioijmb3jjzvnlyxjjadpwcmvkawn0zwrszxn1bhrzin0simnvbnrlehqionsirklmvevsuyi6e30sinnlyxjjafnvdxjjzsi6ikftu0ltvefovf9esufmt0cilcjkaxnhymxlsw50zw50uxvlcnkiomzhbhnllcjkaxnhymxlu3blbgxdb3jyzwn0aw9uijpmywxzzswic2vhcmnorglhbg9nu2vzc2lvbklkijoizdbhztq5zjutzdc3yy0xmzqzltjjmtutmgq4zdjimmuzzdcyiiwizgvidwdjbmzvijp7imfwce5hbwuioijjq2fyx1nlcnzpy2vfq29uc29szsisimfwcfr5cguioijdb25zb2xliiwiyxbwtmftzxnwywnlijoiyyisimxvy2f0aw9uijoib25lomfsb2hhugfnzsj9fswiz3jvdxbjzci6ikrfrkfvtfqifswic3rhdguiont9fq%3d%3d</small> </font> </div>
<div class="test-event"> <font color="maroon"> <small> &emsp; &emsp;--- 16 Oct 10:06:03 582 - <b>1</b> - Page Load Wait: (Sync) - ICar.support.Utils.waitForPageLoad(Utils.java:109)</small> </font> </div>
<div class="test-event"> <font color="maroon"> <small> &emsp; &emsp;--- 16 Oct 10:06:11 953 - Catched spinner load exception due to Expected condition failed: waiting for ICar.support.WaitUtils$4@714addf7 (tried for 8 second(s) with 500 milliseconds interval)</small> </font> </div>
<div class="test-event"> <font color="maroon"> <small> &emsp; &emsp;--- 16 Oct 10:06:11 953 - <b>8</b> - Spinner Load Wait: (Sync) - ICar.support.WaitUtils.waitForSpinner(WaitUtils.java:225)</small> </font> </div>
<div class="test-event"> <font color="maroon"> <small> &emsp; &emsp;--- 16 Oct 10:06:12 987 - Page URL:: https://i-car--staging.sandbox.lightning.force.com/one/one.app#eyjjb21wb25lbnrezwyioijmb3jjzvnlyxjjadpzzwfyy2hqywdlrgvza3rvccisimf0dhjpynv0zxmionsidgvybsi6iji5njg1otmilcjzy29wzu1hcci6eyj0exblijoive9qx1jfu1vmvfmilcjuyw1lc3bhy2uioiiilcjsywjlbci6ilrvccbszxn1bhrziiwibgfizwxqbhvyywwioijub3agumvzdwx0cyisinjlc3vsdhndbxaioijmb3jjzvnlyxjjadpwcmvkawn0zwrszxn1bhrzin0simnvbnrlehqionsirklmvevsuyi6e30sinnlyxjjafnvdxjjzsi6ikftu0ltvefovf9esufmt0cilcjkaxnhymxlsw50zw50uxvlcnkiomzhbhnllcjkaxnhymxlu3blbgxdb3jyzwn0aw9uijpmywxzzswic2vhcmnorglhbg9nu2vzc2lvbklkijoizdbhztq5zjutzdc3yy0xmzqzltjjmtutmgq4zdjimmuzzdcyiiwizgvidwdjbmzvijp7imfwce5hbwuioijjq2fyx1nlcnzpy2vfq29uc29szsisimfwcfr5cguioijdb25zb2xliiwiyxbwtmftzxnwywnlijoiyyisimxvy2f0aw9uijoib25lomfsb2hhugfnzsj9fswiz3jvdxbjzci6ikrfrkfvtfqifswic3rhdguiont9fq%3d%3d</small> </font> </div>
<div class="test-event"> <font color="maroon"> <small> &emsp; &emsp;--- 16 Oct 10:06:12 987 - <b>1</b> - Page Load Wait: (Sync) - ICar.support.Utils.waitForPageLoad(Utils.java:109)</small> </font> </div>
<div class="test-event"> <font color="maroon"> <small> &emsp; &emsp;--- 16 Oct 10:06:15 107 - Element is displayed:: [[ChromeDriver: chrome on WINDOWS (ca2ab41afecc55e80dc3bed9f32ce0d4)] -> xpath: //div[contains(@class,'forceSearchResultsRegion')]//div[contains(@class,'resultsMultiWrapper')]/div/div[1]//following::h2//a]</small> </font> </div>
<div class="test-event"> <font color="maroon"> <small> &emsp; &emsp;--- 16 Oct 10:06:15 377 - Element is displayed:: [[ChromeDriver: chrome on WINDOWS (ca2ab41afecc55e80dc3bed9f32ce0d4)] -> xpath: //a[text()='Contacts']]</small> </font> </div>
<div class="test-event"> <font color="maroon"> <small> &emsp; &emsp;--- 16 Oct 10:06:19 486 - Element is displayed:: [[ChromeDriver: chrome on WINDOWS (ca2ab41afecc55e80dc3bed9f32ce0d4)] -> xpath: //div[text()='Contacts']//following :: table//tbody//th//span /a]</small> </font> </div>
<div class="test-event"> <font color="maroon"> <small> &emsp; &emsp;--- 16 Oct 10:06:20 586 - Page URL:: https://i-car--staging.sandbox.lightning.force.com/one/one.app#eyjjb21wb25lbnrezwyioijmb3jjzvnlyxjjadpzzwfyy2hqywdlrgvza3rvccisimf0dhjpynv0zxmionsidgvybsi6iji5njg1otmilcjzy29wzu1hcci6eyj0exblijoive9qx1jfu1vmvfmilcjuyw1lc3bhy2uioiiilcjsywjlbci6ilrvccbszxn1bhrziiwibgfizwxqbhvyywwioijub3agumvzdwx0cyisinjlc3vsdhndbxaioijmb3jjzvnlyxjjadpwcmvkawn0zwrszxn1bhrzin0simnvbnrlehqionsirklmvevsuyi6e30sinnlyxjjafnvdxjjzsi6ikftu0ltvefovf9esufmt0cilcjkaxnhymxlsw50zw50uxvlcnkiomzhbhnllcjkaxnhymxlu3blbgxdb3jyzwn0aw9uijpmywxzzswic2vhcmnorglhbg9nu2vzc2lvbklkijoizdbhztq5zjutzdc3yy0xmzqzltjjmtutmgq4zdjimmuzzdcyiiwizgvidwdjbmzvijp7imfwce5hbwuioijjq2fyx1nlcnzpy2vfq29uc29szsisimfwcfr5cguioijdb25zb2xliiwiyxbwtmftzxnwywnlijoiyyisimxvy2f0aw9uijoib25lomfsb2hhugfnzsj9fswiz3jvdxbjzci6ikrfrkfvtfqifswic3rhdguiont9fq%3d%3d</small> </font> </div>
<div class="test-event"> <font color="maroon"> <small> &emsp; &emsp;--- 16 Oct 10:06:20 586 - <b>0</b> - Page Load Wait: (Sync) - ICar.support.Utils.waitForPageLoad(Utils.java:109)</small> </font> </div>
<div class="test-event"> <font color="maroon"> <small> &emsp; &emsp;--- 16 Oct 10:06:38 699 - Catched spinner load exception due to Expected condition failed: waiting for ICar.support.WaitUtils$4@714addf7 (tried for 18 second(s) with 500 milliseconds interval)</small> </font> </div>
<div class="test-event"> <font color="maroon"> <small> &emsp; &emsp;--- 16 Oct 10:06:38 699 - <b>18</b> - Spinner Load Wait: (Sync) - ICar.support.WaitUtils.waitForSpinner(WaitUtils.java:225)</small> </font> </div>
<div class="test-event"> <font color="maroon"> <small> &emsp; &emsp;--- 16 Oct 10:06:39 911 - Page URL:: https://i-car--staging.sandbox.lightning.force.com/lightning/r/contact/0031i00000q9schqam/view</small> </font> </div>
<div class="test-event"> <font color="maroon"> <small> &emsp; &emsp;--- 16 Oct 10:06:39 911 - <b>1</b> - Page Load Wait: (Sync) - ICar.support.Utils.waitForPageLoad(Utils.java:109)</small> </font> </div>
<div class="test-event"> <font color="maroon"> <small> &emsp; &emsp;--- 16 Oct 10:06:41 202 - Page URL:: https://i-car--staging.sandbox.lightning.force.com/lightning/r/contact/0031i00000q9schqam/view</small> </font> </div>
<div class="test-event"> <font color="maroon"> <small> &emsp; &emsp;--- 16 Oct 10:06:41 202 - <b>1</b> - Page Load Wait: (Sync) - ICar.support.Utils.waitForPageLoad(Utils.java:109)</small> </font> </div>
<div class="test-event"> <font color="maroon"> <small> &emsp; &emsp;--- 16 Oct 10:06:42 285 - Catched spinner load exception due to Expected condition failed: waiting for ICar.support.WaitUtils$4@714addf7 (tried for 1 second(s) with 500 milliseconds interval)</small> </font> </div>
<div class="test-event"> <font color="maroon"> <small> &emsp; &emsp;--- 16 Oct 10:06:42 285 - <b>1</b> - Spinner Load Wait: (Sync) - ICar.support.WaitUtils.waitForSpinner(WaitUtils.java:225)</small> </font> </div>
<div class="test-event"> <font color="maroon"> <small> &emsp; &emsp;--- 16 Oct 10:06:43 452 - Page URL:: https://i-car--staging.sandbox.lightning.force.com/lightning/r/contact/0031i00000q9schqam/view</small> </font> </div>
<div class="test-event"> <font color="maroon"> <small> &emsp; &emsp;--- 16 Oct 10:06:43 452 - <b>1</b> - Page Load Wait: (Sync) - ICar.support.Utils.waitForPageLoad(Utils.java:109)</small> </font> </div>
<div class="test-event"> <font color="maroon"> <small> &emsp; &emsp;--- 16 Oct 10:06:59 782 - Page URL:: https://i-car--staging.sandbox.lightning.force.com/lightning/r/contact/0031i00000q9schqam/view</small> </font> </div>
<div class="test-event"> <font color="maroon"> <small> &emsp; &emsp;--- 16 Oct 10:06:59 782 - <b>1</b> - Page Load Wait: (Sync) - ICar.support.Utils.waitForPageLoad(Utils.java:109)</small> </font> </div>
<!--FAIL-->
<div class="test-result"><br><font color="red"><strong> Index 0 out of bounds for length 0 </strong></font> <a href=".\ScreenShot\ICar_BAM640_TC03_40790451636700.png" target="_blank" >[ScreenShot]</a></div>&emsp;
&emsp;<div class="test-title"> <strong><font size = "3" color = "#0000FF">---Test Execution Ends---</font> </strong> </div>&emsp;
<div class="test-event"> <font color="maroon"> <small> &emsp; &emsp;--- 16 Oct 10:07:03 948 - TestCaseID:: ICar_BAM642_TC01</small> </font> </div>
<div class="test-event"> <font color="maroon"> <small> &emsp; &emsp;--- 16 Oct 10:07:04 970 - <b>1</b> - Driver::initialize::Get - ICar.support.WebDriverFactory.getDriver(WebDriverFactory.java:640)</small> </font> </div>
&emsp;<div class="test-title"> <strong><font size = "3" color = "#000080">Navigate to GC report which has required pro level progress data</font> </strong> </div>&emsp;<div><strong>Steps:</strong></div><!-- Report -->&emsp;
<div class="test-event"> <font color="maroon"> <small> &emsp; &emsp;--- 16 Oct 10:07:10 729 - Page URL:: https://i-car--staging.sandbox.my.salesforce.com/</small> </font> </div>
<div class="test-event"> <font color="maroon"> <small> &emsp; &emsp;--- 16 Oct 10:07:10 729 - <b>3</b> - Page Load Wait: (Sync) - ICar.support.Utils.waitForPageLoad(Utils.java:109)</small> </font> </div>
<div class="test-message">&emsp;Successfully navigated to 'Login' Page</div>
<div class="test-message">&emsp;1. Login page is launched.</div>
<div class="test-event"> <font color="maroon"> <small> &emsp; &emsp;--- 16 Oct 10:07:10 783 - Element is displayed:: [[ChromeDriver: chrome on WINDOWS (64539e12222105777fcf2998e306a8ce)] -> id: username]</small> </font> </div>
<div class="test-event"> <font color="maroon"> <small> &emsp; &emsp;--- 16 Oct 10:07:10 859 - Element is displayed:: [[ChromeDriver: chrome on WINDOWS (64539e12222105777fcf2998e306a8ce)] -> id: username]</small> </font> </div>
<div class="test-event"> <font color="maroon"> <small> &emsp; &emsp;--- 16 Oct 10:07:11 148 - Element is displayed:: [[ChromeDriver: chrome on WINDOWS (64539e12222105777fcf2998e306a8ce)] -> id: password]</small> </font> </div>
<div class="test-event"> <font color="maroon"> <small> &emsp; &emsp;--- 16 Oct 10:07:11 389 - Element is displayed:: [[ChromeDriver: chrome on WINDOWS (64539e12222105777fcf2998e306a8ce)] -> id: Login]</small> </font> </div>
<div class="test-event"> <font color="maroon"> <small> &emsp; &emsp;--- 16 Oct 10:07:36 927 - Catched spinner load exception due to Expected condition failed: waiting for ICar.support.WaitUtils$4@714addf7 (tried for 13 second(s) with 500 milliseconds interval)</small> </font> </div>
<div class="test-event"> <font color="maroon"> <small> &emsp; &emsp;--- 16 Oct 10:07:36 927 - <b>13</b> - Spinner Load Wait: (Sync) - ICar.support.WaitUtils.waitForSpinner(WaitUtils.java:225)</small> </font> </div>
<div class="test-event"> <font color="maroon"> <small> &emsp; &emsp;--- 16 Oct 10:07:57 080 - Catched spinner load exception due to Expected condition failed: waiting for ICar.support.WaitUtils$4@714addf7 (tried for 6 second(s) with 500 milliseconds interval)</small> </font> </div>
<div class="test-event"> <font color="maroon"> <small> &emsp; &emsp;--- 16 Oct 10:07:57 080 - <b>6</b> - Spinner Load Wait: (Sync) - ICar.support.WaitUtils.waitForSpinner(WaitUtils.java:225)</small> </font> </div>
<div class="test-event"> <font color="maroon"> <small> &emsp; &emsp;--- 16 Oct 10:07:57 163 - Element is displayed:: [[ChromeDriver: chrome on WINDOWS (64539e12222105777fcf2998e306a8ce)] -> css selector: button[class*='search-button']]</small> </font> </div>
<div class="test-message">&emsp;2. Navigate to 'SalesForce Page'</div>
<div class="test-event"> <font color="maroon"> <small> &emsp; &emsp;--- 16 Oct 10:07:58 660 - Page URL:: https://i-car--staging.sandbox.lightning.force.com/lightning/r/contact/0031i00000oesm8qai/related/enrollment_contact__r/view?ws=%2flightning%2fr%2faccount%2f0018w00002rvyruqaz%2fview</small> </font> </div>
<div class="test-event"> <font color="maroon"> <small> &emsp; &emsp;--- 16 Oct 10:07:58 660 - <b>1</b> - Page Load Wait: (Sync) - ICar.support.Utils.waitForPageLoad(Utils.java:109)</small> </font> </div>
<div class="test-event"> <font color="maroon"> <small> &emsp; &emsp;--- 16 Oct 10:08:05 209 - Page URL:: https://i-car--staging.sandbox.lightning.force.com/lightning/r/contact/0031i00000oesm8qai/related/enrollment_contact__r/view?ws=%2flightning%2fr%2faccount%2f0018w00002rvyruqaz%2fview</small> </font> </div>
<div class="test-event"> <font color="maroon"> <small> &emsp; &emsp;--- 16 Oct 10:08:05 209 - <b>1</b> - Page Load Wait: (Sync) - ICar.support.Utils.waitForPageLoad(Utils.java:109)</small> </font> </div>
<div class="test-message">&emsp;Close the tab</div>
<div class="test-message">&emsp;Successfully navigated to 'Login' Page</div>
<div class="test-message">&emsp;3. Enter the user credentials as : icaradminautomation3@i-car.com.staging</div>
<div class="test-message">&emsp;4. Enter the Icar id as : 2969674</div>
<div class="test-event"> <font color="maroon"> <small> &emsp; &emsp;--- 16 Oct 10:08:10 805 - Page URL:: https://i-car--staging.sandbox.lightning.force.com/lightning/o/account/list?filtername=accounts</small> </font> </div>
<div class="test-event"> <font color="maroon"> <small> &emsp; &emsp;--- 16 Oct 10:08:10 805 - <b>0</b> - Page Load Wait: (Sync) - ICar.support.Utils.waitForPageLoad(Utils.java:109)</small> </font> </div>
<div class="test-event"> <font color="maroon"> <small> &emsp; &emsp;--- 16 Oct 10:08:16 205 - Page URL:: https://i-car--staging.sandbox.lightning.force.com/lightning/o/account/list?filtername=accounts</small> </font> </div>
<div class="test-event"> <font color="maroon"> <small> &emsp; &emsp;--- 16 Oct 10:08:16 205 - <b>0</b> - Page Load Wait: (Sync) - ICar.support.Utils.waitForPageLoad(Utils.java:109)</small> </font> </div>
<div class="test-message">&emsp;Close the tab</div>
<div class="test-event"> <font color="maroon"> <small> &emsp; &emsp;--- 16 Oct 10:08:21 856 - Page URL:: https://i-car--staging.sandbox.lightning.force.com/lightning/o/account/list?filtername=accounts</small> </font> </div>
<div class="test-event"> <font color="maroon"> <small> &emsp; &emsp;--- 16 Oct 10:08:21 856 - <b>0</b> - Page Load Wait: (Sync) - ICar.support.Utils.waitForPageLoad(Utils.java:109)</small> </font> </div>
<div class="test-event"> <font color="maroon"> <small> &emsp; &emsp;--- 16 Oct 10:08:21 898 - Element is displayed:: [[ChromeDriver: chrome on WINDOWS (64539e12222105777fcf2998e306a8ce)] -> css selector: button[class*='search-button']]</small> </font> </div>
<div class="test-event"> <font color="maroon"> <small> &emsp; &emsp;--- 16 Oct 10:08:23 966 - Catched spinner load exception due to Expected condition failed: waiting for ICar.support.WaitUtils$4@714addf7 (tried for 2 second(s) with 500 milliseconds interval)</small> </font> </div>
<div class="test-event"> <font color="maroon"> <small> &emsp; &emsp;--- 16 Oct 10:08:23 966 - <b>2</b> - Spinner Load Wait: (Sync) - ICar.support.WaitUtils.waitForSpinner(WaitUtils.java:225)</small> </font> </div>
<div class="test-event"> <font color="maroon"> <small> &emsp; &emsp;--- 16 Oct 10:08:27 048 - Element is displayed:: [[ChromeDriver: chrome on WINDOWS (64539e12222105777fcf2998e306a8ce)] -> css selector: button[class*='search-button']]</small> </font> </div>
<div class="test-event"> <font color="maroon"> <small> &emsp; &emsp;--- 16 Oct 10:08:27 672 - Page URL:: https://i-car--staging.sandbox.lightning.force.com/lightning/o/account/list?filtername=accounts</small> </font> </div>
<div class="test-event"> <font color="maroon"> <small> &emsp; &emsp;--- 16 Oct 10:08:27 672 - <b>0</b> - Page Load Wait: (Sync) - ICar.support.Utils.waitForPageLoad(Utils.java:109)</small> </font> </div>
<div class="test-event"> <font color="maroon"> <small> &emsp; &emsp;--- 16 Oct 10:08:47 298 - Catched spinner load exception due to Expected condition failed: waiting for ICar.support.WaitUtils$4@714addf7 (tried for 10 second(s) with 500 milliseconds interval)</small> </font> </div>
<div class="test-event"> <font color="maroon"> <small> &emsp; &emsp;--- 16 Oct 10:08:47 298 - <b>10</b> - Spinner Load Wait: (Sync) - ICar.support.WaitUtils.waitForSpinner(WaitUtils.java:225)</small> </font> </div>
<div class="test-event"> <font color="maroon"> <small> &emsp; &emsp;--- 16 Oct 10:08:47 853 - Page URL:: https://i-car--staging.sandbox.lightning.force.com/one/one.app#eyjjb21wb25lbnrezwyioijmb3jjzvnlyxjjadpzzwfyy2hqywdlrgvza3rvccisimf0dhjpynv0zxmionsidgvybsi6ijiynzyynzeilcjzy29wzu1hcci6eyj0exblijoive9qx1jfu1vmvfmilcjuyw1lc3bhy2uioiiilcjsywjlbci6ilrvccbszxn1bhrziiwibgfizwxqbhvyywwioijub3agumvzdwx0cyisinjlc3vsdhndbxaioijmb3jjzvnlyxjjadpwcmvkawn0zwrszxn1bhrzin0simnvbnrlehqionsirklmvevsuyi6e30sinnlyxjjafnvdxjjzsi6ikftu0ltvefovf9esufmt0cilcjkaxnhymxlsw50zw50uxvlcnkiomzhbhnllcjkaxnhymxlu3blbgxdb3jyzwn0aw9uijpmywxzzswic2vhcmnorglhbg9nu2vzc2lvbklkijoinze1mwyxmmmtmmu5ns0zytdhlwrimjutywuzzda1ztzmmtgziiwizgvidwdjbmzvijp7imfwce5hbwuioijjq2fyx1nlcnzpy2vfq29uc29szsisimfwcfr5cguioijdb25zb2xliiwiyxbwtmftzxnwywnlijoiyyisimxvy2f0aw9uijoizm9yy2u6b2jqzwn0sg9tzurlc2t0b3ailcjzb2jqzwn0vhlwzsi6ikfjy291bnqifx0simdyb3vwswqioijeruzbvuxuin0sinn0yxrlijp7fx0%3d</small> </font> </div>
<div class="test-event"> <font color="maroon"> <small> &emsp; &emsp;--- 16 Oct 10:08:47 853 - <b>0</b> - Page Load Wait: (Sync) - ICar.support.Utils.waitForPageLoad(Utils.java:109)</small> </font> </div>
<div class="test-event"> <font color="maroon"> <small> &emsp; &emsp;--- 16 Oct 10:08:59 326 - Catched spinner load exception due to Expected condition failed: waiting for ICar.support.WaitUtils$4@714addf7 (tried for 11 second(s) with 500 milliseconds interval)</small> </font> </div>
<div class="test-event"> <font color="maroon"> <small> &emsp; &emsp;--- 16 Oct 10:08:59 326 - <b>11</b> - Spinner Load Wait: (Sync) - ICar.support.WaitUtils.waitForSpinner(WaitUtils.java:225)</small> </font> </div>
<div class="test-event"> <font color="maroon"> <small> &emsp; &emsp;--- 16 Oct 10:08:59 860 - Page URL:: https://i-car--staging.sandbox.lightning.force.com/one/one.app#eyjjb21wb25lbnrezwyioijmb3jjzvnlyxjjadpzzwfyy2hqywdlrgvza3rvccisimf0dhjpynv0zxmionsidgvybsi6ijiynzyynzeilcjzy29wzu1hcci6eyj0exblijoive9qx1jfu1vmvfmilcjuyw1lc3bhy2uioiiilcjsywjlbci6ilrvccbszxn1bhrziiwibgfizwxqbhvyywwioijub3agumvzdwx0cyisinjlc3vsdhndbxaioijmb3jjzvnlyxjjadpwcmvkawn0zwrszxn1bhrzin0simnvbnrlehqionsirklmvevsuyi6e30sinnlyxjjafnvdxjjzsi6ikftu0ltvefovf9esufmt0cilcjkaxnhymxlsw50zw50uxvlcnkiomzhbhnllcjkaxnhymxlu3blbgxdb3jyzwn0aw9uijpmywxzzswic2vhcmnorglhbg9nu2vzc2lvbklkijoinze1mwyxmmmtmmu5ns0zytdhlwrimjutywuzzda1ztzmmtgziiwizgvidwdjbmzvijp7imfwce5hbwuioijjq2fyx1nlcnzpy2vfq29uc29szsisimfwcfr5cguioijdb25zb2xliiwiyxbwtmftzxnwywnlijoiyyisimxvy2f0aw9uijoizm9yy2u6b2jqzwn0sg9tzurlc2t0b3ailcjzb2jqzwn0vhlwzsi6ikfjy291bnqifx0simdyb3vwswqioijeruzbvuxuin0sinn0yxrlijp7fx0%3d</small> </font> </div>
<div class="test-event"> <font color="maroon"> <small> &emsp; &emsp;--- 16 Oct 10:08:59 860 - <b>0</b> - Page Load Wait: (Sync) - ICar.support.Utils.waitForPageLoad(Utils.java:109)</small> </font> </div>
<div class="test-event"> <font color="maroon"> <small> &emsp; &emsp;--- 16 Oct 10:08:59 917 - Element is displayed:: [[ChromeDriver: chrome on WINDOWS (64539e12222105777fcf2998e306a8ce)] -> xpath: //a[@title='Top Results']//span[text()='Top Results']]</small> </font> </div>
<div class="test-event"> <font color="maroon"> <small> &emsp; &emsp;--- 16 Oct 10:09:00 316 - Page URL:: https://i-car--staging.sandbox.lightning.force.com/one/one.app#eyjjb21wb25lbnrezwyioijmb3jjzvnlyxjjadpzzwfyy2hqywdlrgvza3rvccisimf0dhjpynv0zxmionsidgvybsi6ijiynzyynzeilcjzy29wzu1hcci6eyj0exblijoive9qx1jfu1vmvfmilcjuyw1lc3bhy2uioiiilcjsywjlbci6ilrvccbszxn1bhrziiwibgfizwxqbhvyywwioijub3agumvzdwx0cyisinjlc3vsdhndbxaioijmb3jjzvnlyxjjadpwcmvkawn0zwrszxn1bhrzin0simnvbnrlehqionsirklmvevsuyi6e30sinnlyxjjafnvdxjjzsi6ikftu0ltvefovf9esufmt0cilcjkaxnhymxlsw50zw50uxvlcnkiomzhbhnllcjkaxnhymxlu3blbgxdb3jyzwn0aw9uijpmywxzzswic2vhcmnorglhbg9nu2vzc2lvbklkijoinze1mwyxmmmtmmu5ns0zytdhlwrimjutywuzzda1ztzmmtgziiwizgvidwdjbmzvijp7imfwce5hbwuioijjq2fyx1nlcnzpy2vfq29uc29szsisimfwcfr5cguioijdb25zb2xliiwiyxbwtmftzxnwywnlijoiyyisimxvy2f0aw9uijoizm9yy2u6b2jqzwn0sg9tzurlc2t0b3ailcjzb2jqzwn0vhlwzsi6ikfjy291bnqifx0simdyb3vwswqioijeruzbvuxuin0sinn0yxrlijp7fx0%3d</small> </font> </div>
<div class="test-event"> <font color="maroon"> <small> &emsp; &emsp;--- 16 Oct 10:09:00 316 - <b>0</b> - Page Load Wait: (Sync) - ICar.support.Utils.waitForPageLoad(Utils.java:109)</small> </font> </div>
<div class="test-event"> <font color="maroon"> <small> &emsp; &emsp;--- 16 Oct 10:09:05 319 - Catched spinner load exception due to Expected condition failed: waiting for ICar.support.WaitUtils$4@714addf7 (tried for 5 second(s) with 500 milliseconds interval)</small> </font> </div>
<div class="test-event"> <font color="maroon"> <small> &emsp; &emsp;--- 16 Oct 10:09:05 319 - <b>5</b> - Spinner Load Wait: (Sync) - ICar.support.WaitUtils.waitForSpinner(WaitUtils.java:225)</small> </font> </div>
<div class="test-event"> <font color="maroon"> <small> &emsp; &emsp;--- 16 Oct 10:09:05 825 - Page URL:: https://i-car--staging.sandbox.lightning.force.com/one/one.app#eyjjb21wb25lbnrezwyioijmb3jjzvnlyxjjadpzzwfyy2hqywdlrgvza3rvccisimf0dhjpynv0zxmionsidgvybsi6ijiynzyynzeilcjzy29wzu1hcci6eyj0exblijoive9qx1jfu1vmvfmilcjuyw1lc3bhy2uioiiilcjsywjlbci6ilrvccbszxn1bhrziiwibgfizwxqbhvyywwioijub3agumvzdwx0cyisinjlc3vsdhndbxaioijmb3jjzvnlyxjjadpwcmvkawn0zwrszxn1bhrzin0simnvbnrlehqionsirklmvevsuyi6e30sinnlyxjjafnvdxjjzsi6ikftu0ltvefovf9esufmt0cilcjkaxnhymxlsw50zw50uxvlcnkiomzhbhnllcjkaxnhymxlu3blbgxdb3jyzwn0aw9uijpmywxzzswic2vhcmnorglhbg9nu2vzc2lvbklkijoinze1mwyxmmmtmmu5ns0zytdhlwrimjutywuzzda1ztzmmtgziiwizgvidwdjbmzvijp7imfwce5hbwuioijjq2fyx1nlcnzpy2vfq29uc29szsisimfwcfr5cguioijdb25zb2xliiwiyxbwtmftzxnwywnlijoiyyisimxvy2f0aw9uijoizm9yy2u6b2jqzwn0sg9tzurlc2t0b3ailcjzb2jqzwn0vhlwzsi6ikfjy291bnqifx0simdyb3vwswqioijeruzbvuxuin0sinn0yxrlijp7fx0%3d</small> </font> </div>
<div class="test-event"> <font color="maroon"> <small> &emsp; &emsp;--- 16 Oct 10:09:05 826 - <b>0</b> - Page Load Wait: (Sync) - ICar.support.Utils.waitForPageLoad(Utils.java:109)</small> </font> </div>
<div class="test-event"> <font color="maroon"> <small> &emsp; &emsp;--- 16 Oct 10:09:06 318 - Page URL:: https://i-car--staging.sandbox.lightning.force.com/one/one.app#eyjjb21wb25lbnrezwyioijmb3jjzvnlyxjjadpzzwfyy2hqywdlrgvza3rvccisimf0dhjpynv0zxmionsidgvybsi6ijiynzyynzeilcjzy29wzu1hcci6eyj0exblijoive9qx1jfu1vmvfmilcjuyw1lc3bhy2uioiiilcjsywjlbci6ilrvccbszxn1bhrziiwibgfizwxqbhvyywwioijub3agumvzdwx0cyisinjlc3vsdhndbxaioijmb3jjzvnlyxjjadpwcmvkawn0zwrszxn1bhrzin0simnvbnrlehqionsirklmvevsuyi6e30sinnlyxjjafnvdxjjzsi6ikftu0ltvefovf9esufmt0cilcjkaxnhymxlsw50zw50uxvlcnkiomzhbhnllcjkaxnhymxlu3blbgxdb3jyzwn0aw9uijpmywxzzswic2vhcmnorglhbg9nu2vzc2lvbklkijoinze1mwyxmmmtmmu5ns0zytdhlwrimjutywuzzda1ztzmmtgziiwizgvidwdjbmzvijp7imfwce5hbwuioijjq2fyx1nlcnzpy2vfq29uc29szsisimfwcfr5cguioijdb25zb2xliiwiyxbwtmftzxnwywnlijoiyyisimxvy2f0aw9uijoizm9yy2u6b2jqzwn0sg9tzurlc2t0b3ailcjzb2jqzwn0vhlwzsi6ikfjy291bnqifx0simdyb3vwswqioijeruzbvuxuin0sinn0yxrlijp7fx0%3d</small> </font> </div>
<div class="test-event"> <font color="maroon"> <small> &emsp; &emsp;--- 16 Oct 10:09:06 318 - <b>0</b> - Page Load Wait: (Sync) - ICar.support.Utils.waitForPageLoad(Utils.java:109)</small> </font> </div>
<div class="test-event"> <font color="maroon"> <small> &emsp; &emsp;--- 16 Oct 10:09:06 791 - Page URL:: https://i-car--staging.sandbox.lightning.force.com/one/one.app#eyjjb21wb25lbnrezwyioijmb3jjzvnlyxjjadpzzwfyy2hqywdlrgvza3rvccisimf0dhjpynv0zxmionsidgvybsi6ijiynzyynzeilcjzy29wzu1hcci6eyj0exblijoive9qx1jfu1vmvfmilcjuyw1lc3bhy2uioiiilcjsywjlbci6ilrvccbszxn1bhrziiwibgfizwxqbhvyywwioijub3agumvzdwx0cyisinjlc3vsdhndbxaioijmb3jjzvnlyxjjadpwcmvkawn0zwrszxn1bhrzin0simnvbnrlehqionsirklmvevsuyi6e30sinnlyxjjafnvdxjjzsi6ikftu0ltvefovf9esufmt0cilcjkaxnhymxlsw50zw50uxvlcnkiomzhbhnllcjkaxnhymxlu3blbgxdb3jyzwn0aw9uijpmywxzzswic2vhcmnorglhbg9nu2vzc2lvbklkijoinze1mwyxmmmtmmu5ns0zytdhlwrimjutywuzzda1ztzmmtgziiwizgvidwdjbmzvijp7imfwce5hbwuioijjq2fyx1nlcnzpy2vfq29uc29szsisimfwcfr5cguioijdb25zb2xliiwiyxbwtmftzxnwywnlijoiyyisimxvy2f0aw9uijoizm9yy2u6b2jqzwn0sg9tzurlc2t0b3ailcjzb2jqzwn0vhlwzsi6ikfjy291bnqifx0simdyb3vwswqioijeruzbvuxuin0sinn0yxrlijp7fx0%3d</small> </font> </div>
<div class="test-event"> <font color="maroon"> <small> &emsp; &emsp;--- 16 Oct 10:09:06 791 - <b>0</b> - Page Load Wait: (Sync) - ICar.support.Utils.waitForPageLoad(Utils.java:109)</small> </font> </div>
<div class="test-event"> <font color="maroon"> <small> &emsp; &emsp;--- 16 Oct 10:09:15 082 - Catched spinner load exception due to Expected condition failed: waiting for ICar.support.WaitUtils$4@714addf7 (tried for 8 second(s) with 500 milliseconds interval)</small> </font> </div>
<div class="test-event"> <font color="maroon"> <small> &emsp; &emsp;--- 16 Oct 10:09:15 082 - <b>8</b> - Spinner Load Wait: (Sync) - ICar.support.WaitUtils.waitForSpinner(WaitUtils.java:225)</small> </font> </div>
<div class="test-event"> <font color="maroon"> <small> &emsp; &emsp;--- 16 Oct 10:09:15 627 - Page URL:: https://i-car--staging.sandbox.lightning.force.com/one/one.app#eyjjb21wb25lbnrezwyioijmb3jjzvnlyxjjadpzzwfyy2hqywdlrgvza3rvccisimf0dhjpynv0zxmionsidgvybsi6ijiynzyynzeilcjzy29wzu1hcci6eyj0exblijoive9qx1jfu1vmvfmilcjuyw1lc3bhy2uioiiilcjsywjlbci6ilrvccbszxn1bhrziiwibgfizwxqbhvyywwioijub3agumvzdwx0cyisinjlc3vsdhndbxaioijmb3jjzvnlyxjjadpwcmvkawn0zwrszxn1bhrzin0simnvbnrlehqionsirklmvevsuyi6e30sinnlyxjjafnvdxjjzsi6ikftu0ltvefovf9esufmt0cilcjkaxnhymxlsw50zw50uxvlcnkiomzhbhnllcjkaxnhymxlu3blbgxdb3jyzwn0aw9uijpmywxzzswic2vhcmnorglhbg9nu2vzc2lvbklkijoinze1mwyxmmmtmmu5ns0zytdhlwrimjutywuzzda1ztzmmtgziiwizgvidwdjbmzvijp7imfwce5hbwuioijjq2fyx1nlcnzpy2vfq29uc29szsisimfwcfr5cguioijdb25zb2xliiwiyxbwtmftzxnwywnlijoiyyisimxvy2f0aw9uijoizm9yy2u6b2jqzwn0sg9tzurlc2t0b3ailcjzb2jqzwn0vhlwzsi6ikfjy291bnqifx0simdyb3vwswqioijeruzbvuxuin0sinn0yxrlijp7fx0%3d</small> </font> </div>
<div class="test-event"> <font color="maroon"> <small> &emsp; &emsp;--- 16 Oct 10:09:15 627 - <b>0</b> - Page Load Wait: (Sync) - ICar.support.Utils.waitForPageLoad(Utils.java:109)</small> </font> </div>
<div class="test-event"> <font color="maroon"> <small> &emsp; &emsp;--- 16 Oct 10:09:17 752 - Element is displayed:: [[ChromeDriver: chrome on WINDOWS (64539e12222105777fcf2998e306a8ce)] -> xpath: //div[contains(@class,'forceSearchResultsRegion')]//div[contains(@class,'resultsMultiWrapper')]/div/div[1]//following::h2//a]</small> </font> </div>
<div class="test-event"> <font color="maroon"> <small> &emsp; &emsp;--- 16 Oct 10:09:17 979 - Element is displayed:: [[ChromeDriver: chrome on WINDOWS (64539e12222105777fcf2998e306a8ce)] -> xpath: //a[text()='Contacts']]</small> </font> </div>
<div class="test-event"> <font color="maroon"> <small> &emsp; &emsp;--- 16 Oct 10:09:22 003 - Element is displayed:: [[ChromeDriver: chrome on WINDOWS (64539e12222105777fcf2998e306a8ce)] -> xpath: //div[text()='Contacts']//following :: table//tbody//th//span /a]</small> </font> </div>
<div class="test-event"> <font color="maroon"> <small> &emsp; &emsp;--- 16 Oct 10:09:22 561 - Page URL:: https://i-car--staging.sandbox.lightning.force.com/one/one.app#eyjjb21wb25lbnrezwyioijmb3jjzvnlyxjjadpzzwfyy2hqywdlrgvza3rvccisimf0dhjpynv0zxmionsidgvybsi6ijiynzyynzeilcjzy29wzu1hcci6eyj0exblijoive9qx1jfu1vmvfmilcjuyw1lc3bhy2uioiiilcjsywjlbci6ilrvccbszxn1bhrziiwibgfizwxqbhvyywwioijub3agumvzdwx0cyisinjlc3vsdhndbxaioijmb3jjzvnlyxjjadpwcmvkawn0zwrszxn1bhrzin0simnvbnrlehqionsirklmvevsuyi6e30sinnlyxjjafnvdxjjzsi6ikftu0ltvefovf9esufmt0cilcjkaxnhymxlsw50zw50uxvlcnkiomzhbhnllcjkaxnhymxlu3blbgxdb3jyzwn0aw9uijpmywxzzswic2vhcmnorglhbg9nu2vzc2lvbklkijoinze1mwyxmmmtmmu5ns0zytdhlwrimjutywuzzda1ztzmmtgziiwizgvidwdjbmzvijp7imfwce5hbwuioijjq2fyx1nlcnzpy2vfq29uc29szsisimfwcfr5cguioijdb25zb2xliiwiyxbwtmftzxnwywnlijoiyyisimxvy2f0aw9uijoizm9yy2u6b2jqzwn0sg9tzurlc2t0b3ailcjzb2jqzwn0vhlwzsi6ikfjy291bnqifx0simdyb3vwswqioijeruzbvuxuin0sinn0yxrlijp7fx0%3d</small> </font> </div>
<div class="test-event"> <font color="maroon"> <small> &emsp; &emsp;--- 16 Oct 10:09:22 561 - <b>0</b> - Page Load Wait: (Sync) - ICar.support.Utils.waitForPageLoad(Utils.java:109)</small> </font> </div>
<div class="test-event"> <font color="maroon"> <small> &emsp; &emsp;--- 16 Oct 10:09:37 730 - Catched spinner load exception due to Expected condition failed: waiting for ICar.support.WaitUtils$4@714addf7 (tried for 15 second(s) with 500 milliseconds interval)</small> </font> </div>
<div class="test-event"> <font color="maroon"> <small> &emsp; &emsp;--- 16 Oct 10:09:37 730 - <b>15</b> - Spinner Load Wait: (Sync) - ICar.support.WaitUtils.waitForSpinner(WaitUtils.java:225)</small> </font> </div>
<div class="test-event"> <font color="maroon"> <small> &emsp; &emsp;--- 16 Oct 10:09:38 833 - Page URL:: https://i-car--staging.sandbox.lightning.force.com/lightning/r/contact/0031i00000oewz5qaa/view</small> </font> </div>
<div class="test-event"> <font color="maroon"> <small> &emsp; &emsp;--- 16 Oct 10:09:38 833 - <b>1</b> - Page Load Wait: (Sync) - ICar.support.Utils.waitForPageLoad(Utils.java:109)</small> </font> </div>
<div class="test-event"> <font color="maroon"> <small> &emsp; &emsp;--- 16 Oct 10:09:47 013 - Catched spinner load exception due to Expected condition failed: waiting for ICar.support.WaitUtils$4@714addf7 (tried for 8 second(s) with 500 milliseconds interval)</small> </font> </div>
<div class="test-event"> <font color="maroon"> <small> &emsp; &emsp;--- 16 Oct 10:09:47 013 - <b>8</b> - Spinner Load Wait: (Sync) - ICar.support.WaitUtils.waitForSpinner(WaitUtils.java:225)</small> </font> </div>
<div class="test-event"> <font color="maroon"> <small> &emsp; &emsp;--- 16 Oct 10:09:47 879 - Page URL:: https://i-car--staging.sandbox.lightning.force.com/lightning/r/contact/0031i00000oewz5qaa/view</small> </font> </div>
<div class="test-event"> <font color="maroon"> <small> &emsp; &emsp;--- 16 Oct 10:09:47 879 - <b>0</b> - Page Load Wait: (Sync) - ICar.support.Utils.waitForPageLoad(Utils.java:109)</small> </font> </div>
<div class="test-event"> <font color="maroon"> <small> &emsp; &emsp;--- 16 Oct 10:09:50 716 - Page URL:: https://i-car--staging.sandbox.lightning.force.com/lightning/r/contact/0031i00000oewz5qaa/view</small> </font> </div>
<div class="test-event"> <font color="maroon"> <small> &emsp; &emsp;--- 16 Oct 10:09:50 716 - <b>0</b> - Page Load Wait: (Sync) - ICar.support.Utils.waitForPageLoad(Utils.java:109)</small> </font> </div>
<div class="test-event"> <font color="maroon"> <small> &emsp; &emsp;--- 16 Oct 10:09:53 626 - Page URL:: https://i-car--staging.sandbox.lightning.force.com/lightning/r/contact/0031i00000oewz5qaa/view</small> </font> </div>
<div class="test-event"> <font color="maroon"> <small> &emsp; &emsp;--- 16 Oct 10:09:53 626 - <b>0</b> - Page Load Wait: (Sync) - ICar.support.Utils.waitForPageLoad(Utils.java:109)</small> </font> </div>
<div class="test-event"> <font color="maroon"> <small> &emsp; &emsp;--- 16 Oct 10:10:08 708 - Catched spinner load exception due to Expected condition failed: waiting for ICar.support.WaitUtils$4@714addf7 (tried for 15 second(s) with 500 milliseconds interval)</small> </font> </div>
<div class="test-event"> <font color="maroon"> <small> &emsp; &emsp;--- 16 Oct 10:10:08 708 - <b>15</b> - Spinner Load Wait: (Sync) - ICar.support.WaitUtils.waitForSpinner(WaitUtils.java:225)</small> </font> </div>
<div class="test-event"> <font color="maroon"> <small> &emsp; &emsp;--- 16 Oct 10:10:09 528 - Page URL:: https://i-car--staging.sandbox.lightning.force.com/lightning/r/contact/0031i00000oewz5qaa/view</small> </font> </div>
<div class="test-event"> <font color="maroon"> <small> &emsp; &emsp;--- 16 Oct 10:10:09 528 - <b>0</b> - Page Load Wait: (Sync) - ICar.support.Utils.waitForPageLoad(Utils.java:109)</small> </font> </div>
<div class="test-event"> <font color="maroon"> <small> &emsp; &emsp;--- 16 Oct 10:10:09 592 - Element is displayed:: [[ChromeDriver: chrome on WINDOWS (64539e12222105777fcf2998e306a8ce)] -> xpath: //h2[@class='slds-card__header-title']/a/span[1]]</small> </font> </div>
<div class="test-event"> <font color="maroon"> <small> &emsp; &emsp;--- 16 Oct 10:10:11 370 - Page URL:: https://i-car--staging.sandbox.lightning.force.com/lightning/r/contact/0031i00000oewz5qaa/related/enrollment_contact__r/view?ws=%2flightning%2fr%2fcontact%2f0031i00000oewz5qaa%2fview</small> </font> </div>
<div class="test-event"> <font color="maroon"> <small> &emsp; &emsp;--- 16 Oct 10:10:11 370 - <b>1</b> - Page Load Wait: (Sync) - ICar.support.Utils.waitForPageLoad(Utils.java:109)</small> </font> </div>
<div class="test-event"> <font color="maroon"> <small> &emsp; &emsp;--- 16 Oct 10:10:26 479 - Catched spinner load exception due to Expected condition failed: waiting for ICar.support.WaitUtils$4@714addf7 (tried for 15 second(s) with 500 milliseconds interval)</small> </font> </div>
<div class="test-event"> <font color="maroon"> <small> &emsp; &emsp;--- 16 Oct 10:10:26 479 - <b>15</b> - Spinner Load Wait: (Sync) - ICar.support.WaitUtils.waitForSpinner(WaitUtils.java:225)</small> </font> </div>
<div class="test-event"> <font color="maroon"> <small> &emsp; &emsp;--- 16 Oct 10:10:28 204 - Page URL:: https://i-car--staging.sandbox.lightning.force.com/lightning/r/contact/0031i00000oewz5qaa/related/enrollment_contact__r/view?ws=%2flightning%2fr%2fcontact%2f0031i00000oewz5qaa%2fview</small> </font> </div>
<div class="test-event"> <font color="maroon"> <small> &emsp; &emsp;--- 16 Oct 10:10:28 204 - <b>1</b> - Page Load Wait: (Sync) - ICar.support.Utils.waitForPageLoad(Utils.java:109)</small> </font> </div>
<div class="test-event"> <font color="maroon"> <small> &emsp; &emsp;--- 16 Oct 10:10:38 479 - Catched spinner load exception due to Expected condition failed: waiting for ICar.support.WaitUtils$4@714addf7 (tried for 10 second(s) with 500 milliseconds interval)</small> </font> </div>
<div class="test-event"> <font color="maroon"> <small> &emsp; &emsp;--- 16 Oct 10:10:38 479 - <b>10</b> - Spinner Load Wait: (Sync) - ICar.support.WaitUtils.waitForSpinner(WaitUtils.java:225)</small> </font> </div>
<div class="test-event"> <font color="maroon"> <small> &emsp; &emsp;--- 16 Oct 10:10:40 493 - Page URL:: https://i-car--staging.sandbox.lightning.force.com/lightning/r/contact/0031i00000oewz5qaa/related/enrollment_contact__r/view?ws=%2flightning%2fr%2fcontact%2f0031i00000oewz5qaa%2fview</small> </font> </div>
<div class="test-event"> <font color="maroon"> <small> &emsp; &emsp;--- 16 Oct 10:10:40 493 - <b>2</b> - Page Load Wait: (Sync) - ICar.support.Utils.waitForPageLoad(Utils.java:109)</small> </font> </div>
<div class="test-event"> <font color="maroon"> <small> &emsp; &emsp;--- 16 Oct 10:10:40 532 - Element is displayed:: [[ChromeDriver: chrome on WINDOWS (64539e12222105777fcf2998e306a8ce)] -> xpath: //h1[@title='LMS Course Enrollments (Contact)']//following::table/tbody//td//button]</small> </font> </div>
<div class="test-event"> <font color="maroon"> <small> &emsp; &emsp;--- 16 Oct 10:10:42 275 - Page URL:: https://i-car--staging.sandbox.lightning.force.com/lightning/r/contact/0031i00000oewz5qaa/related/enrollment_contact__r/view?ws=%2flightning%2fr%2fcontact%2f0031i00000oewz5qaa%2fview</small> </font> </div>
<div class="test-event"> <font color="maroon"> <small> &emsp; &emsp;--- 16 Oct 10:10:42 275 - <b>1</b> - Page Load Wait: (Sync) - ICar.support.Utils.waitForPageLoad(Utils.java:109)</small> </font> </div>
<div class="test-event"> <font color="maroon"> <small> &emsp; &emsp;--- 16 Oct 10:10:48 931 - Page URL:: https://i-car--staging.sandbox.lightning.force.com/lightning/r/contact/0031i00000oewz5qaa/related/enrollment_contact__r/view?ws=%2flightning%2fr%2fcontact%2f0031i00000oewz5qaa%2fview</small> </font> </div>
<div class="test-event"> <font color="maroon"> <small> &emsp; &emsp;--- 16 Oct 10:10:48 931 - <b>1</b> - Page Load Wait: (Sync) - ICar.support.Utils.waitForPageLoad(Utils.java:109)</small> </font> </div>
<div class="test-event"> <font color="maroon"> <small> &emsp; &emsp;--- 16 Oct 10:10:54 708 - Page URL:: https://i-car--staging.sandbox.lightning.force.com/lightning/r/contact/0031i00000oewz5qaa/related/enrollment_contact__r/view?ws=%2flightning%2fr%2fcontact%2f0031i00000oewz5qaa%2fview</small> </font> </div>
<div class="test-event"> <font color="maroon"> <small> &emsp; &emsp;--- 16 Oct 10:10:54 708 - <b>1</b> - Page Load Wait: (Sync) - ICar.support.Utils.waitForPageLoad(Utils.java:109)</small> </font> </div>
<div class="test-event"> <font color="maroon"> <small> &emsp; &emsp;--- 16 Oct 10:11:00 114 - Page URL:: https://i-car--staging.sandbox.lightning.force.com/lightning/o/account/list?filtername=accounts</small> </font> </div>
<div class="test-event"> <font color="maroon"> <small> &emsp; &emsp;--- 16 Oct 10:11:00 114 - <b>0</b> - Page Load Wait: (Sync) - ICar.support.Utils.waitForPageLoad(Utils.java:109)</small> </font> </div>
<div class="test-message">&emsp;Close the tab</div>
<div class="test-event"> <font color="maroon"> <small> &emsp; &emsp;--- 16 Oct 10:11:05 759 - Page URL:: https://i-car--staging.sandbox.lightning.force.com/lightning/o/account/list?filtername=accounts</small> </font> </div>
<div class="test-event"> <font color="maroon"> <small> &emsp; &emsp;--- 16 Oct 10:11:05 759 - <b>0</b> - Page Load Wait: (Sync) - ICar.support.Utils.waitForPageLoad(Utils.java:109)</small> </font> </div>
<div class="test-event"> <font color="maroon"> <small> &emsp; &emsp;--- 16 Oct 10:11:05 802 - Element is displayed:: [[ChromeDriver: chrome on WINDOWS (64539e12222105777fcf2998e306a8ce)] -> css selector: button[class*='search-button']]</small> </font> </div>
<div class="test-event"> <font color="maroon"> <small> &emsp; &emsp;--- 16 Oct 10:11:07 867 - Catched spinner load exception due to Expected condition failed: waiting for ICar.support.WaitUtils$4@714addf7 (tried for 2 second(s) with 500 milliseconds interval)</small> </font> </div>
<div class="test-event"> <font color="maroon"> <small> &emsp; &emsp;--- 16 Oct 10:11:07 867 - <b>2</b> - Spinner Load Wait: (Sync) - ICar.support.WaitUtils.waitForSpinner(WaitUtils.java:225)</small> </font> </div>
<div class="test-event"> <font color="maroon"> <small> &emsp; &emsp;--- 16 Oct 10:11:10 953 - Element is displayed:: [[ChromeDriver: chrome on WINDOWS (64539e12222105777fcf2998e306a8ce)] -> css selector: button[class*='search-button']]</small> </font> </div>
<div class="test-event"> <font color="maroon"> <small> &emsp; &emsp;--- 16 Oct 10:11:11 455 - Page URL:: https://i-car--staging.sandbox.lightning.force.com/lightning/o/account/list?filtername=accounts</small> </font> </div>
<div class="test-event"> <font color="maroon"> <small> &emsp; &emsp;--- 16 Oct 10:11:11 455 - <b>0</b> - Page Load Wait: (Sync) - ICar.support.Utils.waitForPageLoad(Utils.java:109)</small> </font> </div>
<div class="test-event"> <font color="maroon"> <small> &emsp; &emsp;--- 16 Oct 10:11:30 943 - Catched spinner load exception due to Expected condition failed: waiting for ICar.support.WaitUtils$4@714addf7 (tried for 10 second(s) with 500 milliseconds interval)</small> </font> </div>
<div class="test-event"> <font color="maroon"> <small> &emsp; &emsp;--- 16 Oct 10:11:30 944 - <b>10</b> - Spinner Load Wait: (Sync) - ICar.support.WaitUtils.waitForSpinner(WaitUtils.java:225)</small> </font> </div>
<div class="test-event"> <font color="maroon"> <small> &emsp; &emsp;--- 16 Oct 10:11:32 170 - Page URL:: https://i-car--staging.sandbox.lightning.force.com/one/one.app#eyjjb21wb25lbnrezwyioijmb3jjzvnlyxjjadpzzwfyy2hqywdlrgvza3rvccisimf0dhjpynv0zxmionsidgvybsi6ik91cmlzbwfuienozxzyb2xldcbvzibcb3dpzsisinnjb3bltwfwijp7inr5cguioijut1bfukvtvuxuuyisim5hbwvzcgfjzsi6iiisimxhymvsijoivg9wifjlc3vsdhmilcjsywjlbfbsdxjhbci6ilrvccbszxn1bhrziiwicmvzdwx0c0ntcci6imzvcmnlu2vhcmnoonbyzwrpy3rlzfjlc3vsdhmifswiy29udgv4dci6eyjgsuxurvjtijp7fswic2vhcmnou291cmnlijoiqvntsvnuqu5ux0rjquxpryisimrpc2fibgvjbnrlbnrrdwvyesi6zmfsc2usimrpc2fibgvtcgvsbenvcnjly3rpb24iomzhbhnllcjzzwfyy2heawfsb2dtzxnzaw9uswqioiiyytuxodhkoc1kytdjltiyzwqtnzuyny1lmtm2otkxnmzmotkilcjkzwj1z0luzm8ionsiyxbwtmftzsi6ikldyxjfu2vydmljzv9db25zb2xliiwiyxbwvhlwzsi6iknvbnnvbguilcjhchboyw1lc3bhy2uioijjiiwibg9jyxrpb24ioijmb3jjztpvymply3rib21lrgvza3rvccisinnvymply3ruexblijoiqwnjb3vudcj9fswiz3jvdxbjzci6ikrfrkfvtfqifswic3rhdguiont9fq%3d%3d</small> </font> </div>
<div class="test-event"> <font color="maroon"> <small> &emsp; &emsp;--- 16 Oct 10:11:32 170 - <b>1</b> - Page Load Wait: (Sync) - ICar.support.Utils.waitForPageLoad(Utils.java:109)</small> </font> </div>
<div class="test-event"> <font color="maroon"> <small> &emsp; &emsp;--- 16 Oct 10:11:43 609 - Catched spinner load exception due to Expected condition failed: waiting for ICar.support.WaitUtils$4@714addf7 (tried for 11 second(s) with 500 milliseconds interval)</small> </font> </div>
<div class="test-event"> <font color="maroon"> <small> &emsp; &emsp;--- 16 Oct 10:11:43 609 - <b>11</b> - Spinner Load Wait: (Sync) - ICar.support.WaitUtils.waitForSpinner(WaitUtils.java:225)</small> </font> </div>
<div class="test-event"> <font color="maroon"> <small> &emsp; &emsp;--- 16 Oct 10:11:44 730 - Page URL:: https://i-car--staging.sandbox.lightning.force.com/one/one.app#eyjjb21wb25lbnrezwyioijmb3jjzvnlyxjjadpzzwfyy2hqywdlrgvza3rvccisimf0dhjpynv0zxmionsidgvybsi6ik91cmlzbwfuienozxzyb2xldcbvzibcb3dpzsisinnjb3bltwfwijp7inr5cguioijut1bfukvtvuxuuyisim5hbwvzcgfjzsi6iiisimxhymvsijoivg9wifjlc3vsdhmilcjsywjlbfbsdxjhbci6ilrvccbszxn1bhrziiwicmvzdwx0c0ntcci6imzvcmnlu2vhcmnoonbyzwrpy3rlzfjlc3vsdhmifswiy29udgv4dci6eyjgsuxurvjtijp7fswic2vhcmnou291cmnlijoiqvntsvnuqu5ux0rjquxpryisimrpc2fibgvjbnrlbnrrdwvyesi6zmfsc2usimrpc2fibgvtcgvsbenvcnjly3rpb24iomzhbhnllcjzzwfyy2heawfsb2dtzxnzaw9uswqioiiyytuxodhkoc1kytdjltiyzwqtnzuyny1lmtm2otkxnmzmotkilcjkzwj1z0luzm8ionsiyxbwtmftzsi6ikldyxjfu2vydmljzv9db25zb2xliiwiyxbwvhlwzsi6iknvbnnvbguilcjhchboyw1lc3bhy2uioijjiiwibg9jyxrpb24ioijmb3jjztpvymply3rib21lrgvza3rvccisinnvymply3ruexblijoiqwnjb3vudcj9fswiz3jvdxbjzci6ikrfrkfvtfqifswic3rhdguiont9fq%3d%3d</small> </font> </div>
<div class="test-event"> <font color="maroon"> <small> &emsp; &emsp;--- 16 Oct 10:11:44 730 - <b>1</b> - Page Load Wait: (Sync) - ICar.support.Utils.waitForPageLoad(Utils.java:109)</small> </font> </div>
<div class="test-event"> <font color="maroon"> <small> &emsp; &emsp;--- 16 Oct 10:11:44 789 - Element is displayed:: [[ChromeDriver: chrome on WINDOWS (64539e12222105777fcf2998e306a8ce)] -> xpath: //a[@title='Top Results']//span[text()='Top Results']]</small> </font> </div>
<div class="test-event"> <font color="maroon"> <small> &emsp; &emsp;--- 16 Oct 10:11:45 302 - Page URL:: https://i-car--staging.sandbox.lightning.force.com/one/one.app#eyjjb21wb25lbnrezwyioijmb3jjzvnlyxjjadpzzwfyy2hqywdlrgvza3rvccisimf0dhjpynv0zxmionsidgvybsi6ik91cmlzbwfuienozxzyb2xldcbvzibcb3dpzsisinnjb3bltwfwijp7inr5cguioijut1bfukvtvuxuuyisim5hbwvzcgfjzsi6iiisimxhymvsijoivg9wifjlc3vsdhmilcjsywjlbfbsdxjhbci6ilrvccbszxn1bhrziiwicmvzdwx0c0ntcci6imzvcmnlu2vhcmnoonbyzwrpy3rlzfjlc3vsdhmifswiy29udgv4dci6eyjgsuxurvjtijp7fswic2vhcmnou291cmnlijoiqvntsvnuqu5ux0rjquxpryisimrpc2fibgvjbnrlbnrrdwvyesi6zmfsc2usimrpc2fibgvtcgvsbenvcnjly3rpb24iomzhbhnllcjzzwfyy2heawfsb2dtzxnzaw9uswqioiiyytuxodhkoc1kytdjltiyzwqtnzuyny1lmtm2otkxnmzmotkilcjkzwj1z0luzm8ionsiyxbwtmftzsi6ikldyxjfu2vydmljzv9db25zb2xliiwiyxbwvhlwzsi6iknvbnnvbguilcjhchboyw1lc3bhy2uioijjiiwibg9jyxrpb24ioijmb3jjztpvymply3rib21lrgvza3rvccisinnvymply3ruexblijoiqwnjb3vudcj9fswiz3jvdxbjzci6ikrfrkfvtfqifswic3rhdguiont9fq%3d%3d</small> </font> </div>
<div class="test-event"> <font color="maroon"> <small> &emsp; &emsp;--- 16 Oct 10:11:45 302 - <b>0</b> - Page Load Wait: (Sync) - ICar.support.Utils.waitForPageLoad(Utils.java:109)</small> </font> </div>
<div class="test-event"> <font color="maroon"> <small> &emsp; &emsp;--- 16 Oct 10:11:50 392 - Catched spinner load exception due to Expected condition failed: waiting for ICar.support.WaitUtils$4@714addf7 (tried for 5 second(s) with 500 milliseconds interval)</small> </font> </div>
<div class="test-event"> <font color="maroon"> <small> &emsp; &emsp;--- 16 Oct 10:11:50 392 - <b>5</b> - Spinner Load Wait: (Sync) - ICar.support.WaitUtils.waitForSpinner(WaitUtils.java:225)</small> </font> </div>
<div class="test-event"> <font color="maroon"> <small> &emsp; &emsp;--- 16 Oct 10:11:51 605 - Page URL:: https://i-car--staging.sandbox.lightning.force.com/one/one.app#eyjjb21wb25lbnrezwyioijmb3jjzvnlyxjjadpzzwfyy2hqywdlrgvza3rvccisimf0dhjpynv0zxmionsidgvybsi6ik91cmlzbwfuienozxzyb2xldcbvzibcb3dpzsisinnjb3bltwfwijp7inr5cguioijut1bfukvtvuxuuyisim5hbwvzcgfjzsi6iiisimxhymvsijoivg9wifjlc3vsdhmilcjsywjlbfbsdxjhbci6ilrvccbszxn1bhrziiwicmvzdwx0c0ntcci6imzvcmnlu2vhcmnoonbyzwrpy3rlzfjlc3vsdhmifswiy29udgv4dci6eyjgsuxurvjtijp7fswic2vhcmnou291cmnlijoiqvntsvnuqu5ux0rjquxpryisimrpc2fibgvjbnrlbnrrdwvyesi6zmfsc2usimrpc2fibgvtcgvsbenvcnjly3rpb24iomzhbhnllcjzzwfyy2heawfsb2dtzxnzaw9uswqioiiyytuxodhkoc1kytdjltiyzwqtnzuyny1lmtm2otkxnmzmotkilcjkzwj1z0luzm8ionsiyxbwtmftzsi6ikldyxjfu2vydmljzv9db25zb2xliiwiyxbwvhlwzsi6iknvbnnvbguilcjhchboyw1lc3bhy2uioijjiiwibg9jyxrpb24ioijmb3jjztpvymply3rib21lrgvza3rvccisinnvymply3ruexblijoiqwnjb3vudcj9fswiz3jvdxbjzci6ikrfrkfvtfqifswic3rhdguiont9fq%3d%3d</small> </font> </div>
<div class="test-event"> <font color="maroon"> <small> &emsp; &emsp;--- 16 Oct 10:11:51 605 - <b>1</b> - Page Load Wait: (Sync) - ICar.support.Utils.waitForPageLoad(Utils.java:109)</small> </font> </div>
<div class="test-event"> <font color="maroon"> <small> &emsp; &emsp;--- 16 Oct 10:11:52 681 - Page URL:: https://i-car--staging.sandbox.lightning.force.com/one/one.app#eyjjb21wb25lbnrezwyioijmb3jjzvnlyxjjadpzzwfyy2hqywdlrgvza3rvccisimf0dhjpynv0zxmionsidgvybsi6ik91cmlzbwfuienozxzyb2xldcbvzibcb3dpzsisinnjb3bltwfwijp7inr5cguioijut1bfukvtvuxuuyisim5hbwvzcgfjzsi6iiisimxhymvsijoivg9wifjlc3vsdhmilcjsywjlbfbsdxjhbci6ilrvccbszxn1bhrziiwicmvzdwx0c0ntcci6imzvcmnlu2vhcmnoonbyzwrpy3rlzfjlc3vsdhmifswiy29udgv4dci6eyjgsuxurvjtijp7fswic2vhcmnou291cmnlijoiqvntsvnuqu5ux0rjquxpryisimrpc2fibgvjbnrlbnrrdwvyesi6zmfsc2usimrpc2fibgvtcgvsbenvcnjly3rpb24iomzhbhnllcjzzwfyy2heawfsb2dtzxnzaw9uswqioiiyytuxodhkoc1kytdjltiyzwqtnzuyny1lmtm2otkxnmzmotkilcjkzwj1z0luzm8ionsiyxbwtmftzsi6ikldyxjfu2vydmljzv9db25zb2xliiwiyxbwvhlwzsi6iknvbnnvbguilcjhchboyw1lc3bhy2uioijjiiwibg9jyxrpb24ioijmb3jjztpvymply3rib21lrgvza3rvccisinnvymply3ruexblijoiqwnjb3vudcj9fswiz3jvdxbjzci6ikrfrkfvtfqifswic3rhdguiont9fq%3d%3d</small> </font> </div>
<div class="test-event"> <font color="maroon"> <small> &emsp; &emsp;--- 16 Oct 10:11:52 681 - <b>1</b> - Page Load Wait: (Sync) - ICar.support.Utils.waitForPageLoad(Utils.java:109)</small> </font> </div>
<div class="test-event"> <font color="maroon"> <small> &emsp; &emsp;--- 16 Oct 10:11:53 777 - Page URL:: https://i-car--staging.sandbox.lightning.force.com/one/one.app#eyjjb21wb25lbnrezwyioijmb3jjzvnlyxjjadpzzwfyy2hqywdlrgvza3rvccisimf0dhjpynv0zxmionsidgvybsi6ik91cmlzbwfuienozxzyb2xldcbvzibcb3dpzsisinnjb3bltwfwijp7inr5cguioijut1bfukvtvuxuuyisim5hbwvzcgfjzsi6iiisimxhymvsijoivg9wifjlc3vsdhmilcjsywjlbfbsdxjhbci6ilrvccbszxn1bhrziiwicmvzdwx0c0ntcci6imzvcmnlu2vhcmnoonbyzwrpy3rlzfjlc3vsdhmifswiy29udgv4dci6eyjgsuxurvjtijp7fswic2vhcmnou291cmnlijoiqvntsvnuqu5ux0rjquxpryisimrpc2fibgvjbnrlbnrrdwvyesi6zmfsc2usimrpc2fibgvtcgvsbenvcnjly3rpb24iomzhbhnllcjzzwfyy2heawfsb2dtzxnzaw9uswqioiiyytuxodhkoc1kytdjltiyzwqtnzuyny1lmtm2otkxnmzmotkilcjkzwj1z0luzm8ionsiyxbwtmftzsi6ikldyxjfu2vydmljzv9db25zb2xliiwiyxbwvhlwzsi6iknvbnnvbguilcjhchboyw1lc3bhy2uioijjiiwibg9jyxrpb24ioijmb3jjztpvymply3rib21lrgvza3rvccisinnvymply3ruexblijoiqwnjb3vudcj9fswiz3jvdxbjzci6ikrfrkfvtfqifswic3rhdguiont9fq%3d%3d</small> </font> </div>
<div class="test-event"> <font color="maroon"> <small> &emsp; &emsp;--- 16 Oct 10:11:53 777 - <b>1</b> - Page Load Wait: (Sync) - ICar.support.Utils.waitForPageLoad(Utils.java:109)</small> </font> </div>
<div class="test-event"> <font color="maroon"> <small> &emsp; &emsp;--- 16 Oct 10:12:04 292 - Catched spinner load exception due to Expected condition failed: waiting for ICar.support.WaitUtils$4@714addf7 (tried for 10 second(s) with 500 milliseconds interval)</small> </font> </div>
<div class="test-event"> <font color="maroon"> <small> &emsp; &emsp;--- 16 Oct 10:12:04 292 - <b>10</b> - Spinner Load Wait: (Sync) - ICar.support.WaitUtils.waitForSpinner(WaitUtils.java:225)</small> </font> </div>
<div class="test-event"> <font color="maroon"> <small> &emsp; &emsp;--- 16 Oct 10:12:04 328 - Element is displayed:: [[ChromeDriver: chrome on WINDOWS (64539e12222105777fcf2998e306a8ce)] -> css selector: div.forceSearchResultsRegion div.resultsMultiWrapper >div > div table tbody th a]</small> </font> </div>
<div class="test-event"> <font color="maroon"> <small> &emsp; &emsp;--- 16 Oct 10:12:04 433 - Element is displayed:: [[ChromeDriver: chrome on WINDOWS (64539e12222105777fcf2998e306a8ce)] -> css selector: div.forceSearchResultsRegion div.resultsMultiWrapper >div > div table tbody th a]</small> </font> </div>
<div class="test-event"> <font color="maroon"> <small> &emsp; &emsp;--- 16 Oct 10:12:14 663 - Catched spinner load exception due to Expected condition failed: waiting for ICar.support.WaitUtils$4@714addf7 (tried for 10 second(s) with 500 milliseconds interval)</small> </font> </div>
<div class="test-event"> <font color="maroon"> <small> &emsp; &emsp;--- 16 Oct 10:12:14 663 - <b>10</b> - Spinner Load Wait: (Sync) - ICar.support.WaitUtils.waitForSpinner(WaitUtils.java:225)</small> </font> </div>
<div class="test-event"> <font color="maroon"> <small> &emsp; &emsp;--- 16 Oct 10:12:14 733 - Element is displayed:: [[ChromeDriver: chrome on WINDOWS (64539e12222105777fcf2998e306a8ce)] -> xpath: //div[contains(@class,'active')]/*[contains(@id,'brandBand_')]//ul[@role='tablist']/li[@title='Details']]</small> </font> </div>
<div class="test-event"> <font color="maroon"> <small> &emsp; &emsp;--- 16 Oct 10:12:16 879 - Element is displayed:: [[ChromeDriver: chrome on WINDOWS (64539e12222105777fcf2998e306a8ce)] -> xpath: //div[contains(@class,'active')]/*[contains(@id,'brandBand_')]//ul[@role='tablist']/li[@title='Details']]</small> </font> </div>
<div class="test-event"> <font color="maroon"> <small> &emsp; &emsp;--- 16 Oct 10:12:20 417 - Page URL:: https://i-car--staging.sandbox.lightning.force.com/lightning/r/account/0011i00000uwfebqae/view</small> </font> </div>
<div class="test-event"> <font color="maroon"> <small> &emsp; &emsp;--- 16 Oct 10:12:20 417 - <b>1</b> - Page Load Wait: (Sync) - ICar.support.Utils.waitForPageLoad(Utils.java:109)</small> </font> </div>
<div class="test-event"> <font color="maroon"> <small> &emsp; &emsp;--- 16 Oct 10:12:35 564 - Catched spinner load exception due to Expected condition failed: waiting for ICar.support.WaitUtils$4@714addf7 (tried for 15 second(s) with 500 milliseconds interval)</small> </font> </div>
<div class="test-event"> <font color="maroon"> <small> &emsp; &emsp;--- 16 Oct 10:12:35 564 - <b>15</b> - Spinner Load Wait: (Sync) - ICar.support.WaitUtils.waitForSpinner(WaitUtils.java:225)</small> </font> </div>
<div class="test-event"> <font color="maroon"> <small> &emsp; &emsp;--- 16 Oct 10:12:36 840 - Page URL:: https://i-car--staging.sandbox.lightning.force.com/lightning/r/account/0011i00000uwfebqae/view</small> </font> </div>
<div class="test-event"> <font color="maroon"> <small> &emsp; &emsp;--- 16 Oct 10:12:36 840 - <b>1</b> - Page Load Wait: (Sync) - ICar.support.Utils.waitForPageLoad(Utils.java:109)</small> </font> </div>
<div class="test-event"> <font color="maroon"> <small> &emsp; &emsp;--- 16 Oct 10:12:37 893 - Catched spinner load exception due to Expected condition failed: waiting for ICar.support.WaitUtils$4@714addf7 (tried for 1 second(s) with 500 milliseconds interval)</small> </font> </div>
<div class="test-event"> <font color="maroon"> <small> &emsp; &emsp;--- 16 Oct 10:12:37 893 - <b>1</b> - Spinner Load Wait: (Sync) - ICar.support.WaitUtils.waitForSpinner(WaitUtils.java:225)</small> </font> </div>
<div class="test-event"> <font color="maroon"> <small> &emsp; &emsp;--- 16 Oct 10:12:39 163 - Page URL:: https://i-car--staging.sandbox.lightning.force.com/lightning/r/account/0011i00000uwfebqae/view</small> </font> </div>
<div class="test-event"> <font color="maroon"> <small> &emsp; &emsp;--- 16 Oct 10:12:39 164 - <b>1</b> - Page Load Wait: (Sync) - ICar.support.Utils.waitForPageLoad(Utils.java:109)</small> </font> </div>
<div class="test-event"> <font color="maroon"> <small> &emsp; &emsp;--- 16 Oct 10:12:40 431 - Page URL:: https://i-car--staging.sandbox.lightning.force.com/lightning/r/account/0011i00000uwfebqae/view</small> </font> </div>
<div class="test-event"> <font color="maroon"> <small> &emsp; &emsp;--- 16 Oct 10:12:40 431 - <b>1</b> - Page Load Wait: (Sync) - ICar.support.Utils.waitForPageLoad(Utils.java:109)</small> </font> </div>
<div class="test-event"> <font color="maroon"> <small> &emsp; &emsp;--- 16 Oct 10:12:43 744 - Page URL:: https://i-car--staging.sandbox.lightning.force.com/lightning/r/account/0011i00000uwfebqae/view</small> </font> </div>
<div class="test-event"> <font color="maroon"> <small> &emsp; &emsp;--- 16 Oct 10:12:43 744 - <b>1</b> - Page Load Wait: (Sync) - ICar.support.Utils.waitForPageLoad(Utils.java:109)</small> </font> </div>
<!--FAIL-->
<div class="test-result"><br><font color="red"><strong> no such element: Unable to locate element: {"method":"xpath","selector":"//span[2][text()='Gold Class']"} </strong></font> <a href=".\ScreenShot\ICar_BAM642_TC01_41131238135500.png" target="_blank" >[ScreenShot]</a></div>&emsp;
&emsp;<div class="test-title"> <strong><font size = "3" color = "#0000FF">---Test Execution Ends---</font> </strong> </div>&emsp;
<div class="test-event"> <font color="maroon"> <small> &emsp; &emsp;--- 16 Oct 10:12:44 751 - TestCaseID:: ICar_BAM642_TC02</small> </font> </div>
<div class="test-event"> <font color="maroon"> <small> &emsp; &emsp;--- 16 Oct 10:12:45 814 - <b>1</b> - Driver::initialize::Get - ICar.support.WebDriverFactory.getDriver(WebDriverFactory.java:640)</small> </font> </div>
&emsp;<div class="test-title"> <strong><font size = "3" color = "#000080">Purchase the required training courses for the student</font> </strong> </div>&emsp;<div><strong>Steps:</strong></div><!-- Report -->&emsp;
<div class="test-event"> <font color="maroon"> <small> &emsp; &emsp;--- 16 Oct 10:12:53 117 - Page URL:: https://i-car--staging.sandbox.my.salesforce.com/</small> </font> </div>
<div class="test-event"> <font color="maroon"> <small> &emsp; &emsp;--- 16 Oct 10:12:53 118 - <b>2</b> - Page Load Wait: (Sync) - ICar.support.Utils.waitForPageLoad(Utils.java:109)</small> </font> </div>
<div class="test-message">&emsp;Successfully navigated to 'Login' Page</div>
<div class="test-message">&emsp;1. Login page is launched.</div>
<div class="test-event"> <font color="maroon"> <small> &emsp; &emsp;--- 16 Oct 10:12:53 175 - Element is displayed:: [[ChromeDriver: chrome on WINDOWS (8af7aa1d5a1526f94e98b640cf51f89b)] -> id: username]</small> </font> </div>
<div class="test-event"> <font color="maroon"> <small> &emsp; &emsp;--- 16 Oct 10:12:53 259 - Element is displayed:: [[ChromeDriver: chrome on WINDOWS (8af7aa1d5a1526f94e98b640cf51f89b)] -> id: username]</small> </font> </div>
<div class="test-event"> <font color="maroon"> <small> &emsp; &emsp;--- 16 Oct 10:12:53 519 - Element is displayed:: [[ChromeDriver: chrome on WINDOWS (8af7aa1d5a1526f94e98b640cf51f89b)] -> id: password]</small> </font> </div>
<div class="test-event"> <font color="maroon"> <small> &emsp; &emsp;--- 16 Oct 10:12:54 057 - Element is displayed:: [[ChromeDriver: chrome on WINDOWS (8af7aa1d5a1526f94e98b640cf51f89b)] -> id: Login]</small> </font> </div>
<div class="test-event"> <font color="maroon"> <small> &emsp; &emsp;--- 16 Oct 10:13:23 556 - Catched spinner load exception due to Expected condition failed: waiting for ICar.support.WaitUtils$4@714addf7 (tried for 13 second(s) with 500 milliseconds interval)</small> </font> </div>
<div class="test-event"> <font color="maroon"> <small> &emsp; &emsp;--- 16 Oct 10:13:23 556 - <b>13</b> - Spinner Load Wait: (Sync) - ICar.support.WaitUtils.waitForSpinner(WaitUtils.java:225)</small> </font> </div>
<div class="test-event"> <font color="maroon"> <small> &emsp; &emsp;--- 16 Oct 10:13:41 705 - Catched spinner load exception due to Expected condition failed: waiting for ICar.support.WaitUtils$4@714addf7 (tried for 6 second(s) with 500 milliseconds interval)</small> </font> </div>
<div class="test-event"> <font color="maroon"> <small> &emsp; &emsp;--- 16 Oct 10:13:41 705 - <b>6</b> - Spinner Load Wait: (Sync) - ICar.support.WaitUtils.waitForSpinner(WaitUtils.java:225)</small> </font> </div>
<div class="test-event"> <font color="maroon"> <small> &emsp; &emsp;--- 16 Oct 10:13:41 796 - Element is displayed:: [[ChromeDriver: chrome on WINDOWS (8af7aa1d5a1526f94e98b640cf51f89b)] -> css selector: button[class*='search-button']]</small> </font> </div>
<div class="test-message">&emsp;2. Navigate to 'SalesForce Page'</div>
<div class="test-event"> <font color="maroon"> <small> &emsp; &emsp;--- 16 Oct 10:13:42 312 - Page URL:: https://i-car--staging.sandbox.lightning.force.com/lightning/r/account/0011i00000uwfebqae/view</small> </font> </div>
<div class="test-event"> <font color="maroon"> <small> &emsp; &emsp;--- 16 Oct 10:13:42 312 - <b>0</b> - Page Load Wait: (Sync) - ICar.support.Utils.waitForPageLoad(Utils.java:109)</small> </font> </div>
<div class="test-event"> <font color="maroon"> <small> &emsp; &emsp;--- 16 Oct 10:13:48 031 - Page URL:: https://i-car--staging.sandbox.lightning.force.com/lightning/r/account/0011i00000uwfebqae/view</small> </font> </div>
<div class="test-event"> <font color="maroon"> <small> &emsp; &emsp;--- 16 Oct 10:13:48 031 - <b>0</b> - Page Load Wait: (Sync) - ICar.support.Utils.waitForPageLoad(Utils.java:109)</small> </font> </div>
<div class="test-message">&emsp;Close the tab</div>
<div class="test-message">&emsp;Successfully navigated to 'Login' Page</div>
<div class="test-message">&emsp;3. Enter the user credentials as : icaradminautomation3@i-car.com.staging</div>
<div class="test-message">&emsp;4. Enter the Icar id as : 2969674</div>
<div class="test-event"> <font color="maroon"> <small> &emsp; &emsp;--- 16 Oct 10:13:53 392 - Page URL:: https://i-car--staging.sandbox.lightning.force.com/lightning/o/account/list?filtername=accounts</small> </font> </div>
<div class="test-event"> <font color="maroon"> <small> &emsp; &emsp;--- 16 Oct 10:13:53 393 - <b>0</b> - Page Load Wait: (Sync) - ICar.support.Utils.waitForPageLoad(Utils.java:109)</small> </font> </div>
<div class="test-event"> <font color="maroon"> <small> &emsp; &emsp;--- 16 Oct 10:13:58 747 - Page URL:: https://i-car--staging.sandbox.lightning.force.com/lightning/o/account/list?filtername=accounts</small> </font> </div>
<div class="test-event"> <font color="maroon"> <small> &emsp; &emsp;--- 16 Oct 10:13:58 747 - <b>0</b> - Page Load Wait: (Sync) - ICar.support.Utils.waitForPageLoad(Utils.java:109)</small> </font> </div>
<div class="test-message">&emsp;Close the tab</div>
<div class="test-event"> <font color="maroon"> <small> &emsp; &emsp;--- 16 Oct 10:14:04 374 - Page URL:: https://i-car--staging.sandbox.lightning.force.com/lightning/o/account/list?filtername=accounts</small> </font> </div>
<div class="test-event"> <font color="maroon"> <small> &emsp; &emsp;--- 16 Oct 10:14:04 374 - <b>0</b> - Page Load Wait: (Sync) - ICar.support.Utils.waitForPageLoad(Utils.java:109)</small> </font> </div>
<div class="test-event"> <font color="maroon"> <small> &emsp; &emsp;--- 16 Oct 10:14:09 703 - Page URL:: https://i-car--staging.sandbox.lightning.force.com/lightning/o/account/list?filtername=accounts</small> </font> </div>
<div class="test-event"> <font color="maroon"> <small> &emsp; &emsp;--- 16 Oct 10:14:09 703 - <b>0</b> - Page Load Wait: (Sync) - ICar.support.Utils.waitForPageLoad(Utils.java:109)</small> </font> </div>
<div class="test-message">&emsp;Close the tab</div>
<div class="test-event"> <font color="maroon"> <small> &emsp; &emsp;--- 16 Oct 10:14:15 082 - Page URL:: https://i-car--staging.sandbox.lightning.force.com/lightning/o/account/list?filtername=accounts</small> </font> </div>
<div class="test-event"> <font color="maroon"> <small> &emsp; &emsp;--- 16 Oct 10:14:15 082 - <b>0</b> - Page Load Wait: (Sync) - ICar.support.Utils.waitForPageLoad(Utils.java:109)</small> </font> </div>
<div class="test-event"> <font color="maroon"> <small> &emsp; &emsp;--- 16 Oct 10:14:15 132 - Element is displayed:: [[ChromeDriver: chrome on WINDOWS (8af7aa1d5a1526f94e98b640cf51f89b)] -> css selector: button[class*='search-button']]</small> </font> </div>
<div class="test-event"> <font color="maroon"> <small> &emsp; &emsp;--- 16 Oct 10:14:17 214 - Catched spinner load exception due to Expected condition failed: waiting for ICar.support.WaitUtils$4@714addf7 (tried for 2 second(s) with 500 milliseconds interval)</small> </font> </div>
<div class="test-event"> <font color="maroon"> <small> &emsp; &emsp;--- 16 Oct 10:14:17 215 - <b>2</b> - Spinner Load Wait: (Sync) - ICar.support.WaitUtils.waitForSpinner(WaitUtils.java:225)</small> </font> </div>
<div class="test-event"> <font color="maroon"> <small> &emsp; &emsp;--- 16 Oct 10:14:20 291 - Element is displayed:: [[ChromeDriver: chrome on WINDOWS (8af7aa1d5a1526f94e98b640cf51f89b)] -> css selector: button[class*='search-button']]</small> </font> </div>
<div class="test-event"> <font color="maroon"> <small> &emsp; &emsp;--- 16 Oct 10:14:20 907 - Page URL:: https://i-car--staging.sandbox.lightning.force.com/lightning/o/account/list?filtername=accounts</small> </font> </div>
<div class="test-event"> <font color="maroon"> <small> &emsp; &emsp;--- 16 Oct 10:14:20 907 - <b>0</b> - Page Load Wait: (Sync) - ICar.support.Utils.waitForPageLoad(Utils.java:109)</small> </font> </div>
<div class="test-event"> <font color="maroon"> <small> &emsp; &emsp;--- 16 Oct 10:14:40 184 - Catched spinner load exception due to Expected condition failed: waiting for ICar.support.WaitUtils$4@714addf7 (tried for 10 second(s) with 500 milliseconds interval)</small> </font> </div>
<div class="test-event"> <font color="maroon"> <small> &emsp; &emsp;--- 16 Oct 10:14:40 184 - <b>10</b> - Spinner Load Wait: (Sync) - ICar.support.WaitUtils.waitForSpinner(WaitUtils.java:225)</small> </font> </div>
<div class="test-event"> <font color="maroon"> <small> &emsp; &emsp;--- 16 Oct 10:14:40 871 - Page URL:: https://i-car--staging.sandbox.lightning.force.com/one/one.app#eyjjb21wb25lbnrezwyioijmb3jjzvnlyxjjadpzzwfyy2hqywdlrgvza3rvccisimf0dhjpynv0zxmionsidgvybsi6iji5njk2nzqilcjzy29wzu1hcci6eyj0exblijoive9qx1jfu1vmvfmilcjuyw1lc3bhy2uioiiilcjsywjlbci6ilrvccbszxn1bhrziiwibgfizwxqbhvyywwioijub3agumvzdwx0cyisinjlc3vsdhndbxaioijmb3jjzvnlyxjjadpwcmvkawn0zwrszxn1bhrzin0simnvbnrlehqionsirklmvevsuyi6e30sinnlyxjjafnvdxjjzsi6ikftu0ltvefovf9esufmt0cilcjkaxnhymxlsw50zw50uxvlcnkiomzhbhnllcjkaxnhymxlu3blbgxdb3jyzwn0aw9uijpmywxzzswic2vhcmnorglhbg9nu2vzc2lvbklkijoizwjmztq5ogytmdg1zs1jnje4ltlhndktyzqwmjq3nmnjmjy4iiwizgvidwdjbmzvijp7imfwce5hbwuioijjq2fyx1nlcnzpy2vfq29uc29szsisimfwcfr5cguioijdb25zb2xliiwiyxbwtmftzxnwywnlijoiyyisimxvy2f0aw9uijoizm9yy2u6b2jqzwn0sg9tzurlc2t0b3ailcjzb2jqzwn0vhlwzsi6ikfjy291bnqifx0simdyb3vwswqioijeruzbvuxuin0sinn0yxrlijp7fx0%3d</small> </font> </div>
<div class="test-event"> <font color="maroon"> <small> &emsp; &emsp;--- 16 Oct 10:14:40 871 - <b>0</b> - Page Load Wait: (Sync) - ICar.support.Utils.waitForPageLoad(Utils.java:109)</small> </font> </div>
<div class="test-event"> <font color="maroon"> <small> &emsp; &emsp;--- 16 Oct 10:14:52 344 - Catched spinner load exception due to Expected condition failed: waiting for ICar.support.WaitUtils$4@714addf7 (tried for 11 second(s) with 500 milliseconds interval)</small> </font> </div>
<div class="test-event"> <font color="maroon"> <small> &emsp; &emsp;--- 16 Oct 10:14:52 344 - <b>11</b> - Spinner Load Wait: (Sync) - ICar.support.WaitUtils.waitForSpinner(WaitUtils.java:225)</small> </font> </div>
<div class="test-event"> <font color="maroon"> <small> &emsp; &emsp;--- 16 Oct 10:14:52 976 - Page URL:: https://i-car--staging.sandbox.lightning.force.com/one/one.app#eyjjb21wb25lbnrezwyioijmb3jjzvnlyxjjadpzzwfyy2hqywdlrgvza3rvccisimf0dhjpynv0zxmionsidgvybsi6iji5njk2nzqilcjzy29wzu1hcci6eyj0exblijoive9qx1jfu1vmvfmilcjuyw1lc3bhy2uioiiilcjsywjlbci6ilrvccbszxn1bhrziiwibgfizwxqbhvyywwioijub3agumvzdwx0cyisinjlc3vsdhndbxaioijmb3jjzvnlyxjjadpwcmvkawn0zwrszxn1bhrzin0simnvbnrlehqionsirklmvevsuyi6e30sinnlyxjjafnvdxjjzsi6ikftu0ltvefovf9esufmt0cilcjkaxnhymxlsw50zw50uxvlcnkiomzhbhnllcjkaxnhymxlu3blbgxdb3jyzwn0aw9uijpmywxzzswic2vhcmnorglhbg9nu2vzc2lvbklkijoizwjmztq5ogytmdg1zs1jnje4ltlhndktyzqwmjq3nmnjmjy4iiwizgvidwdjbmzvijp7imfwce5hbwuioijjq2fyx1nlcnzpy2vfq29uc29szsisimfwcfr5cguioijdb25zb2xliiwiyxbwtmftzxnwywnlijoiyyisimxvy2f0aw9uijoizm9yy2u6b2jqzwn0sg9tzurlc2t0b3ailcjzb2jqzwn0vhlwzsi6ikfjy291bnqifx0simdyb3vwswqioijeruzbvuxuin0sinn0yxrlijp7fx0%3d</small> </font> </div>
<div class="test-event"> <font color="maroon"> <small> &emsp; &emsp;--- 16 Oct 10:14:52 976 - <b>0</b> - Page Load Wait: (Sync) - ICar.support.Utils.waitForPageLoad(Utils.java:109)</small> </font> </div>
<div class="test-event"> <font color="maroon"> <small> &emsp; &emsp;--- 16 Oct 10:14:53 037 - Element is displayed:: [[ChromeDriver: chrome on WINDOWS (8af7aa1d5a1526f94e98b640cf51f89b)] -> xpath: //a[@title='Top Results']//span[text()='Top Results']]</small> </font> </div>
<div class="test-event"> <font color="maroon"> <small> &emsp; &emsp;--- 16 Oct 10:14:53 452 - Page URL:: https://i-car--staging.sandbox.lightning.force.com/one/one.app#eyjjb21wb25lbnrezwyioijmb3jjzvnlyxjjadpzzwfyy2hqywdlrgvza3rvccisimf0dhjpynv0zxmionsidgvybsi6iji5njk2nzqilcjzy29wzu1hcci6eyj0exblijoive9qx1jfu1vmvfmilcjuyw1lc3bhy2uioiiilcjsywjlbci6ilrvccbszxn1bhrziiwibgfizwxqbhvyywwioijub3agumvzdwx0cyisinjlc3vsdhndbxaioijmb3jjzvnlyxjjadpwcmvkawn0zwrszxn1bhrzin0simnvbnrlehqionsirklmvevsuyi6e30sinnlyxjjafnvdxjjzsi6ikftu0ltvefovf9esufmt0cilcjkaxnhymxlsw50zw50uxvlcnkiomzhbhnllcjkaxnhymxlu3blbgxdb3jyzwn0aw9uijpmywxzzswic2vhcmnorglhbg9nu2vzc2lvbklkijoizwjmztq5ogytmdg1zs1jnje4ltlhndktyzqwmjq3nmnjmjy4iiwizgvidwdjbmzvijp7imfwce5hbwuioijjq2fyx1nlcnzpy2vfq29uc29szsisimfwcfr5cguioijdb25zb2xliiwiyxbwtmftzxnwywnlijoiyyisimxvy2f0aw9uijoizm9yy2u6b2jqzwn0sg9tzurlc2t0b3ailcjzb2jqzwn0vhlwzsi6ikfjy291bnqifx0simdyb3vwswqioijeruzbvuxuin0sinn0yxrlijp7fx0%3d</small> </font> </div>
<div class="test-event"> <font color="maroon"> <small> &emsp; &emsp;--- 16 Oct 10:14:53 452 - <b>0</b> - Page Load Wait: (Sync) - ICar.support.Utils.waitForPageLoad(Utils.java:109)</small> </font> </div>
<div class="test-event"> <font color="maroon"> <small> &emsp; &emsp;--- 16 Oct 10:14:58 807 - Catched spinner load exception due to Expected condition failed: waiting for ICar.support.WaitUtils$4@714addf7 (tried for 5 second(s) with 500 milliseconds interval)</small> </font> </div>
<div class="test-event"> <font color="maroon"> <small> &emsp; &emsp;--- 16 Oct 10:14:58 807 - <b>5</b> - Spinner Load Wait: (Sync) - ICar.support.WaitUtils.waitForSpinner(WaitUtils.java:225)</small> </font> </div>
<div class="test-event"> <font color="maroon"> <small> &emsp; &emsp;--- 16 Oct 10:14:59 417 - Page URL:: https://i-car--staging.sandbox.lightning.force.com/one/one.app#eyjjb21wb25lbnrezwyioijmb3jjzvnlyxjjadpzzwfyy2hqywdlrgvza3rvccisimf0dhjpynv0zxmionsidgvybsi6iji5njk2nzqilcjzy29wzu1hcci6eyj0exblijoive9qx1jfu1vmvfmilcjuyw1lc3bhy2uioiiilcjsywjlbci6ilrvccbszxn1bhrziiwibgfizwxqbhvyywwioijub3agumvzdwx0cyisinjlc3vsdhndbxaioijmb3jjzvnlyxjjadpwcmvkawn0zwrszxn1bhrzin0simnvbnrlehqionsirklmvevsuyi6e30sinnlyxjjafnvdxjjzsi6ikftu0ltvefovf9esufmt0cilcjkaxnhymxlsw50zw50uxvlcnkiomzhbhnllcjkaxnhymxlu3blbgxdb3jyzwn0aw9uijpmywxzzswic2vhcmnorglhbg9nu2vzc2lvbklkijoizwjmztq5ogytmdg1zs1jnje4ltlhndktyzqwmjq3nmnjmjy4iiwizgvidwdjbmzvijp7imfwce5hbwuioijjq2fyx1nlcnzpy2vfq29uc29szsisimfwcfr5cguioijdb25zb2xliiwiyxbwtmftzxnwywnlijoiyyisimxvy2f0aw9uijoizm9yy2u6b2jqzwn0sg9tzurlc2t0b3ailcjzb2jqzwn0vhlwzsi6ikfjy291bnqifx0simdyb3vwswqioijeruzbvuxuin0sinn0yxrlijp7fx0%3d</small> </font> </div>
<div class="test-event"> <font color="maroon"> <small> &emsp; &emsp;--- 16 Oct 10:14:59 417 - <b>0</b> - Page Load Wait: (Sync) - ICar.support.Utils.waitForPageLoad(Utils.java:109)</small> </font> </div>
<div class="test-event"> <font color="maroon"> <small> &emsp; &emsp;--- 16 Oct 10:15:00 029 - Page URL:: https://i-car--staging.sandbox.lightning.force.com/one/one.app#eyjjb21wb25lbnrezwyioijmb3jjzvnlyxjjadpzzwfyy2hqywdlrgvza3rvccisimf0dhjpynv0zxmionsidgvybsi6iji5njk2nzqilcjzy29wzu1hcci6eyj0exblijoive9qx1jfu1vmvfmilcjuyw1lc3bhy2uioiiilcjsywjlbci6ilrvccbszxn1bhrziiwibgfizwxqbhvyywwioijub3agumvzdwx0cyisinjlc3vsdhndbxaioijmb3jjzvnlyxjjadpwcmvkawn0zwrszxn1bhrzin0simnvbnrlehqionsirklmvevsuyi6e30sinnlyxjjafnvdxjjzsi6ikftu0ltvefovf9esufmt0cilcjkaxnhymxlsw50zw50uxvlcnkiomzhbhnllcjkaxnhymxlu3blbgxdb3jyzwn0aw9uijpmywxzzswic2vhcmnorglhbg9nu2vzc2lvbklkijoizwjmztq5ogytmdg1zs1jnje4ltlhndktyzqwmjq3nmnjmjy4iiwizgvidwdjbmzvijp7imfwce5hbwuioijjq2fyx1nlcnzpy2vfq29uc29szsisimfwcfr5cguioijdb25zb2xliiwiyxbwtmftzxnwywnlijoiyyisimxvy2f0aw9uijoizm9yy2u6b2jqzwn0sg9tzurlc2t0b3ailcjzb2jqzwn0vhlwzsi6ikfjy291bnqifx0simdyb3vwswqioijeruzbvuxuin0sinn0yxrlijp7fx0%3d</small> </font> </div>
<div class="test-event"> <font color="maroon"> <small> &emsp; &emsp;--- 16 Oct 10:15:00 029 - <b>0</b> - Page Load Wait: (Sync) - ICar.support.Utils.waitForPageLoad(Utils.java:109)</small> </font> </div>
<div class="test-event"> <font color="maroon"> <small> &emsp; &emsp;--- 16 Oct 10:15:00 640 - Page URL:: https://i-car--staging.sandbox.lightning.force.com/one/one.app#eyjjb21wb25lbnrezwyioijmb3jjzvnlyxjjadpzzwfyy2hqywdlrgvza3rvccisimf0dhjpynv0zxmionsidgvybsi6iji5njk2nzqilcjzy29wzu1hcci6eyj0exblijoive9qx1jfu1vmvfmilcjuyw1lc3bhy2uioiiilcjsywjlbci6ilrvccbszxn1bhrziiwibgfizwxqbhvyywwioijub3agumvzdwx0cyisinjlc3vsdhndbxaioijmb3jjzvnlyxjjadpwcmvkawn0zwrszxn1bhrzin0simnvbnrlehqionsirklmvevsuyi6e30sinnlyxjjafnvdxjjzsi6ikftu0ltvefovf9esufmt0cilcjkaxnhymxlsw50zw50uxvlcnkiomzhbhnllcjkaxnhymxlu3blbgxdb3jyzwn0aw9uijpmywxzzswic2vhcmnorglhbg9nu2vzc2lvbklkijoizwjmztq5ogytmdg1zs1jnje4ltlhndktyzqwmjq3nmnjmjy4iiwizgvidwdjbmzvijp7imfwce5hbwuioijjq2fyx1nlcnzpy2vfq29uc29szsisimfwcfr5cguioijdb25zb2xliiwiyxbwtmftzxnwywnlijoiyyisimxvy2f0aw9uijoizm9yy2u6b2jqzwn0sg9tzurlc2t0b3ailcjzb2jqzwn0vhlwzsi6ikfjy291bnqifx0simdyb3vwswqioijeruzbvuxuin0sinn0yxrlijp7fx0%3d</small> </font> </div>
<div class="test-event"> <font color="maroon"> <small> &emsp; &emsp;--- 16 Oct 10:15:00 640 - <b>0</b> - Page Load Wait: (Sync) - ICar.support.Utils.waitForPageLoad(Utils.java:109)</small> </font> </div>
<div class="test-event"> <font color="maroon"> <small> &emsp; &emsp;--- 16 Oct 10:15:08 992 - Catched spinner load exception due to Expected condition failed: waiting for ICar.support.WaitUtils$4@714addf7 (tried for 8 second(s) with 500 milliseconds interval)</small> </font> </div>
<div class="test-event"> <font color="maroon"> <small> &emsp; &emsp;--- 16 Oct 10:15:08 992 - <b>8</b> - Spinner Load Wait: (Sync) - ICar.support.WaitUtils.waitForSpinner(WaitUtils.java:225)</small> </font> </div>
<div class="test-event"> <font color="maroon"> <small> &emsp; &emsp;--- 16 Oct 10:15:09 608 - Page URL:: https://i-car--staging.sandbox.lightning.force.com/one/one.app#eyjjb21wb25lbnrezwyioijmb3jjzvnlyxjjadpzzwfyy2hqywdlrgvza3rvccisimf0dhjpynv0zxmionsidgvybsi6iji5njk2nzqilcjzy29wzu1hcci6eyj0exblijoive9qx1jfu1vmvfmilcjuyw1lc3bhy2uioiiilcjsywjlbci6ilrvccbszxn1bhrziiwibgfizwxqbhvyywwioijub3agumvzdwx0cyisinjlc3vsdhndbxaioijmb3jjzvnlyxjjadpwcmvkawn0zwrszxn1bhrzin0simnvbnrlehqionsirklmvevsuyi6e30sinnlyxjjafnvdxjjzsi6ikftu0ltvefovf9esufmt0cilcjkaxnhymxlsw50zw50uxvlcnkiomzhbhnllcjkaxnhymxlu3blbgxdb3jyzwn0aw9uijpmywxzzswic2vhcmnorglhbg9nu2vzc2lvbklkijoizwjmztq5ogytmdg1zs1jnje4ltlhndktyzqwmjq3nmnjmjy4iiwizgvidwdjbmzvijp7imfwce5hbwuioijjq2fyx1nlcnzpy2vfq29uc29szsisimfwcfr5cguioijdb25zb2xliiwiyxbwtmftzxnwywnlijoiyyisimxvy2f0aw9uijoizm9yy2u6b2jqzwn0sg9tzurlc2t0b3ailcjzb2jqzwn0vhlwzsi6ikfjy291bnqifx0simdyb3vwswqioijeruzbvuxuin0sinn0yxrlijp7fx0%3d</small> </font> </div>
<div class="test-event"> <font color="maroon"> <small> &emsp; &emsp;--- 16 Oct 10:15:09 608 - <b>0</b> - Page Load Wait: (Sync) - ICar.support.Utils.waitForPageLoad(Utils.java:109)</small> </font> </div>
<div class="test-event"> <font color="maroon"> <small> &emsp; &emsp;--- 16 Oct 10:15:11 728 - Element is displayed:: [[ChromeDriver: chrome on WINDOWS (8af7aa1d5a1526f94e98b640cf51f89b)] -> xpath: //div[contains(@class,'forceSearchResultsRegion')]//div[contains(@class,'resultsMultiWrapper')]/div/div[1]//following::h2//a]</small> </font> </div>
<div class="test-event"> <font color="maroon"> <small> &emsp; &emsp;--- 16 Oct 10:15:11 982 - Element is displayed:: [[ChromeDriver: chrome on WINDOWS (8af7aa1d5a1526f94e98b640cf51f89b)] -> xpath: //a[text()='Contacts']]</small> </font> </div>
<div class="test-event"> <font color="maroon"> <small> &emsp; &emsp;--- 16 Oct 10:15:16 182 - Element is displayed:: [[ChromeDriver: chrome on WINDOWS (8af7aa1d5a1526f94e98b640cf51f89b)] -> xpath: //div[text()='Contacts']//following :: table//tbody//th//span /a]</small> </font> </div>
<div class="test-message">&emsp;Navigated to Community portal using Access shopping cart </div>
<div class="test-event"> <font color="maroon"> <small> &emsp; &emsp;--- 16 Oct 10:15:31 563 - Catched spinner load exception due to Expected condition failed: waiting for ICar.support.WaitUtils$4@714addf7 (tried for 15 second(s) with 500 milliseconds interval)</small> </font> </div>
<div class="test-event"> <font color="maroon"> <small> &emsp; &emsp;--- 16 Oct 10:15:31 563 - <b>15</b> - Spinner Load Wait: (Sync) - ICar.support.WaitUtils.waitForSpinner(WaitUtils.java:225)</small> </font> </div>
<div class="test-event"> <font color="maroon"> <small> &emsp; &emsp;--- 16 Oct 10:15:32 153 - Page URL:: https://i-car--staging.sandbox.lightning.force.com/lightning/r/contact/0031i00000nukyrqau/view</small> </font> </div>
<div class="test-event"> <font color="maroon"> <small> &emsp; &emsp;--- 16 Oct 10:15:32 153 - <b>0</b> - Page Load Wait: (Sync) - ICar.support.Utils.waitForPageLoad(Utils.java:109)</small> </font> </div>
<div class="test-event"> <font color="maroon"> <small> &emsp; &emsp;--- 16 Oct 10:15:47 202 - Catched spinner load exception due to Expected condition failed: waiting for ICar.support.WaitUtils$4@714addf7 (tried for 15 second(s) with 500 milliseconds interval)</small> </font> </div>
<div class="test-event"> <font color="maroon"> <small> &emsp; &emsp;--- 16 Oct 10:15:47 202 - <b>15</b> - Spinner Load Wait: (Sync) - ICar.support.WaitUtils.waitForSpinner(WaitUtils.java:225)</small> </font> </div>
<div class="test-event"> <font color="maroon"> <small> &emsp; &emsp;--- 16 Oct 10:15:47 260 - Element is displayed:: [[ChromeDriver: chrome on WINDOWS (8af7aa1d5a1526f94e98b640cf51f89b)] -> xpath: //button[text()='Access Shopping Cart - New']]</small> </font> </div>
<div class="test-event"> <font color="maroon"> <small> &emsp; &emsp;--- 16 Oct 10:15:49 372 - Element is displayed:: [[ChromeDriver: chrome on WINDOWS (8af7aa1d5a1526f94e98b640cf51f89b)] -> xpath: //button[text()='Access Shopping Cart - New']]</small> </font> </div>
<div class="test-event"> <font color="maroon"> <small> &emsp; &emsp;--- 16 Oct 10:15:58 171 - Page URL:: https://i-car--staging.sandbox.lightning.force.com/lightning/r/contact/0031i00000nukyrqau/view</small> </font> </div>
<div class="test-event"> <font color="maroon"> <small> &emsp; &emsp;--- 16 Oct 10:15:58 171 - <b>0</b> - Page Load Wait: (Sync) - ICar.support.Utils.waitForPageLoad(Utils.java:109)</small> </font> </div>
<div class="test-event"> <font color="maroon"> <small> &emsp; &emsp;--- 16 Oct 10:16:19 542 - Catched spinner load exception due to Expected condition failed: waiting for ICar.support.WaitUtils$4@714addf7 (tried for 10 second(s) with 500 milliseconds interval)</small> </font> </div>
<div class="test-event"> <font color="maroon"> <small> &emsp; &emsp;--- 16 Oct 10:16:19 542 - <b>10</b> - Spinner Load Wait: (Sync) - ICar.support.WaitUtils.waitForSpinner(WaitUtils.java:225)</small> </font> </div>
<div class="test-event"> <font color="maroon"> <small> &emsp; &emsp;--- 16 Oct 10:16:19 615 - Element is displayed:: [[ChromeDriver: chrome on WINDOWS (8af7aa1d5a1526f94e98b640cf51f89b)] -> xpath: //button[@value='Launch My Learning']]</small> </font> </div>
<div class="test-message">&emsp;Successfully navigated to 'User Home' Page&emsp;<a href=".\ScreenShot\ICar_BAM642_TC02_41347048483600.png" target="_blank" >[ScreenShot]</a></div>
<div class="test-event"> <font color="maroon"> <small> &emsp; &emsp;--- 16 Oct 10:16:19 972 - Page URL:: https://www.icarstage.com/</small> </font> </div>
<div class="test-event"> <font color="maroon"> <small> &emsp; &emsp;--- 16 Oct 10:16:19 972 - <b>0</b> - Page Load Wait: (Sync) - ICar.support.Utils.waitForPageLoad(Utils.java:109)</small> </font> </div>
<div class="test-event"> <font color="maroon"> <small> &emsp; &emsp;--- 16 Oct 10:16:20 028 - Element is displayed:: [[ChromeDriver: chrome on WINDOWS (8af7aa1d5a1526f94e98b640cf51f89b)] -> xpath: //p[text()='Launch My Learning']]</small> </font> </div>
<div class="test-event"> <font color="maroon"> <small> &emsp; &emsp;--- 16 Oct 10:16:20 066 - Element is displayed:: [[ChromeDriver: chrome on WINDOWS (8af7aa1d5a1526f94e98b640cf51f89b)] -> xpath: //a[text()='Buy on Behalf of Others']]</small> </font> </div>
<div class="test-event"> <font color="maroon"> <small> &emsp; &emsp;--- 16 Oct 10:16:22 185 - Element is displayed:: [[ChromeDriver: chrome on WINDOWS (8af7aa1d5a1526f94e98b640cf51f89b)] -> xpath: //a[text()='Buy on Behalf of Others']]</small> </font> </div>
<div class="test-event"> <font color="maroon"> <small> &emsp; &emsp;--- 16 Oct 10:16:39 910 - Catched spinner load exception due to Expected condition failed: waiting for ICar.support.WaitUtils$4@714addf7 (tried for 15 second(s) with 500 milliseconds interval)</small> </font> </div>
<div class="test-event"> <font color="maroon"> <small> &emsp; &emsp;--- 16 Oct 10:16:39 910 - <b>15</b> - Spinner Load Wait: (Sync) - ICar.support.WaitUtils.waitForSpinner(WaitUtils.java:225)</small> </font> </div>
<div class="test-event"> <font color="maroon"> <small> &emsp; &emsp;--- 16 Oct 10:16:40 083 - Page URL:: https://www.icarstage.com/buy-on-behalf-of</small> </font> </div>
<div class="test-event"> <font color="maroon"> <small> &emsp; &emsp;--- 16 Oct 10:16:40 083 - <b>0</b> - Page Load Wait: (Sync) - ICar.support.Utils.waitForPageLoad(Utils.java:109)</small> </font> </div>
<div class="test-message">&emsp;14. Navigating to Link Browse and buy for others</div>
<div class="test-event"> <font color="maroon"> <small> &emsp; &emsp;--- 16 Oct 10:16:48 414 - Catched spinner load exception due to Expected condition failed: waiting for ICar.support.WaitUtils$4@714addf7 (tried for 8 second(s) with 500 milliseconds interval)</small> </font> </div>
<div class="test-event"> <font color="maroon"> <small> &emsp; &emsp;--- 16 Oct 10:16:48 414 - <b>8</b> - Spinner Load Wait: (Sync) - ICar.support.WaitUtils.waitForSpinner(WaitUtils.java:225)</small> </font> </div>
<div class="test-event"> <font color="maroon"> <small> &emsp; &emsp;--- 16 Oct 10:16:48 575 - Page URL:: https://www.icarstage.com/buy-on-behalf-of</small> </font> </div>
<div class="test-event"> <font color="maroon"> <small> &emsp; &emsp;--- 16 Oct 10:16:48 575 - <b>0</b> - Page Load Wait: (Sync) - ICar.support.Utils.waitForPageLoad(Utils.java:109)</small> </font> </div>
<div class="test-event"> <font color="maroon"> <small> &emsp; &emsp;--- 16 Oct 10:16:51 801 - Page URL:: https://www.icarstage.com/buy-on-behalf-of</small> </font> </div>
<div class="test-event"> <font color="maroon"> <small> &emsp; &emsp;--- 16 Oct 10:16:51 801 - <b>0</b> - Page Load Wait: (Sync) - ICar.support.Utils.waitForPageLoad(Utils.java:109)</small> </font> </div>
<div class="test-event"> <font color="maroon"> <small> &emsp; &emsp;--- 16 Oct 10:16:53 948 - Catched spinner load exception due to Expected condition failed: waiting for ICar.support.WaitUtils$4@714addf7 (tried for 2 second(s) with 500 milliseconds interval)</small> </font> </div>
<div class="test-event"> <font color="maroon"> <small> &emsp; &emsp;--- 16 Oct 10:16:53 948 - <b>2</b> - Spinner Load Wait: (Sync) - ICar.support.WaitUtils.waitForSpinner(WaitUtils.java:225)</small> </font> </div>
<div class="test-event"> <font color="maroon"> <small> &emsp; &emsp;--- 16 Oct 10:17:03 296 - Catched spinner load exception due to Expected condition failed: waiting for ICar.support.WaitUtils$4@714addf7 (tried for 9 second(s) with 500 milliseconds interval)</small> </font> </div>
<div class="test-event"> <font color="maroon"> <small> &emsp; &emsp;--- 16 Oct 10:17:03 296 - <b>9</b> - Spinner Load Wait: (Sync) - ICar.support.WaitUtils.waitForSpinner(WaitUtils.java:225)</small> </font> </div>
<div class="test-event"> <font color="maroon"> <small> &emsp; &emsp;--- 16 Oct 10:17:03 447 - Page URL:: https://www.icarstage.com/buy-on-behalf-of</small> </font> </div>
<div class="test-event"> <font color="maroon"> <small> &emsp; &emsp;--- 16 Oct 10:17:03 447 - <b>0</b> - Page Load Wait: (Sync) - ICar.support.Utils.waitForPageLoad(Utils.java:109)</small> </font> </div>
<div class="test-event"> <font color="maroon"> <small> &emsp; &emsp;--- 16 Oct 10:17:12 861 - Catched spinner load exception due to Expected condition failed: waiting for ICar.support.WaitUtils$4@714addf7 (tried for 9 second(s) with 500 milliseconds interval)</small> </font> </div>
<div class="test-event"> <font color="maroon"> <small> &emsp; &emsp;--- 16 Oct 10:17:12 861 - <b>9</b> - Spinner Load Wait: (Sync) - ICar.support.WaitUtils.waitForSpinner(WaitUtils.java:225)</small> </font> </div>
<div class="test-event"> <font color="maroon"> <small> &emsp; &emsp;--- 16 Oct 10:17:12 993 - Page URL:: https://www.icarstage.com/buy-on-behalf-of</small> </font> </div>
<div class="test-event"> <font color="maroon"> <small> &emsp; &emsp;--- 16 Oct 10:17:12 993 - <b>0</b> - Page Load Wait: (Sync) - ICar.support.Utils.waitForPageLoad(Utils.java:109)</small> </font> </div>
<div class="test-event"> <font color="maroon"> <small> &emsp; &emsp;--- 16 Oct 10:17:13 032 - Element is displayed:: [[ChromeDriver: chrome on WINDOWS (8af7aa1d5a1526f94e98b640cf51f89b)] -> xpath: //table[contains(@class,'slds-table')]//tr[@class='slds-hint-parent']//td/div[contains(text(),'Aguirre, Roger')]/../..//label/span[1]]</small> </font> </div>
<div class="test-event"> <font color="maroon"> <small> &emsp; &emsp;--- 16 Oct 10:17:13 057 - Element is displayed:: [[ChromeDriver: chrome on WINDOWS (8af7aa1d5a1526f94e98b640cf51f89b)] -> xpath: //table[contains(@class,'slds-table')]//tr[@class='slds-hint-parent']//td/div[contains(text(),'Aguirre, Roger')]/../..//label/span[1]]</small> </font> </div>
<div class="test-event"> <font color="maroon"> <small> &emsp; &emsp;--- 16 Oct 10:17:15 179 - Catched spinner load exception due to Expected condition failed: waiting for ICar.support.WaitUtils$4@714addf7 (tried for 2 second(s) with 500 milliseconds interval)</small> </font> </div>
<div class="test-event"> <font color="maroon"> <small> &emsp; &emsp;--- 16 Oct 10:17:15 179 - <b>2</b> - Spinner Load Wait: (Sync) - ICar.support.WaitUtils.waitForSpinner(WaitUtils.java:225)</small> </font> </div>
<div class="test-message">&emsp;15 Selecting the studentsAguirre, Roger</div>
<div class="test-event"> <font color="maroon"> <small> &emsp; &emsp;--- 16 Oct 10:17:15 343 - Page URL:: https://www.icarstage.com/buy-on-behalf-of</small> </font> </div>
<div class="test-event"> <font color="maroon"> <small> &emsp; &emsp;--- 16 Oct 10:17:15 343 - <b>0</b> - Page Load Wait: (Sync) - ICar.support.Utils.waitForPageLoad(Utils.java:109)</small> </font> </div>
<div class="test-message">&emsp;Successfully verified Student Name&emsp;<a href=".\ScreenShot\ICar_BAM642_TC02_41402799019800.png" target="_blank" >[ScreenShot]</a></div>
<div class="test-message">&emsp;16 Click on Add Selected Button</div>
<div class="test-event"> <font color="maroon"> <small> &emsp; &emsp;--- 16 Oct 10:17:15 606 - Element is displayed:: [[ChromeDriver: chrome on WINDOWS (8af7aa1d5a1526f94e98b640cf51f89b)] -> xpath: //button[contains(text(),'Continue')]]</small> </font> </div>
<div class="test-event"> <font color="maroon"> <small> &emsp; &emsp;--- 16 Oct 10:17:25 143 - Catched spinner load exception due to Expected condition failed: waiting for ICar.support.WaitUtils$4@714addf7 (tried for 8 second(s) with 500 milliseconds interval)</small> </font> </div>
<div class="test-event"> <font color="maroon"> <small> &emsp; &emsp;--- 16 Oct 10:17:25 143 - <b>8</b> - Spinner Load Wait: (Sync) - ICar.support.WaitUtils.waitForSpinner(WaitUtils.java:225)</small> </font> </div>
<div class="test-event"> <font color="maroon"> <small> &emsp; &emsp;--- 16 Oct 10:17:25 289 - Page URL:: https://www.icarstage.com/browse?fromalacarte=true</small> </font> </div>
<div class="test-event"> <font color="maroon"> <small> &emsp; &emsp;--- 16 Oct 10:17:25 289 - <b>0</b> - Page Load Wait: (Sync) - ICar.support.Utils.waitForPageLoad(Utils.java:109)</small> </font> </div>
<div class="test-event"> <font color="maroon"> <small> &emsp; &emsp;--- 16 Oct 10:17:35 719 - Catched spinner load exception due to Expected condition failed: waiting for ICar.support.WaitUtils$4@714addf7 (tried for 10 second(s) with 500 milliseconds interval)</small> </font> </div>
<div class="test-event"> <font color="maroon"> <small> &emsp; &emsp;--- 16 Oct 10:17:35 720 - <b>10</b> - Spinner Load Wait: (Sync) - ICar.support.WaitUtils.waitForSpinner(WaitUtils.java:225)</small> </font> </div>
<div class="test-event"> <font color="maroon"> <small> &emsp; &emsp;--- 16 Oct 10:17:49 849 - Catched spinner load exception due to Expected condition failed: waiting for ICar.support.WaitUtils$4@714addf7 (tried for 14 second(s) with 500 milliseconds interval)</small> </font> </div>
<div class="test-event"> <font color="maroon"> <small> &emsp; &emsp;--- 16 Oct 10:17:49 850 - <b>14</b> - Spinner Load Wait: (Sync) - ICar.support.WaitUtils.waitForSpinner(WaitUtils.java:225)</small> </font> </div>
<div class="test-event"> <font color="maroon"> <small> &emsp; &emsp;--- 16 Oct 10:17:51 943 - Element is displayed:: [[ChromeDriver: chrome on WINDOWS (8af7aa1d5a1526f94e98b640cf51f89b)] -> xpath: //input[@class='slds-input searchInputCls']]</small> </font> </div>
<div class="test-event"> <font color="maroon"> <small> &emsp; &emsp;--- 16 Oct 10:17:52 179 - Element is displayed:: [[ChromeDriver: chrome on WINDOWS (8af7aa1d5a1526f94e98b640cf51f89b)] -> xpath: //button[@title='Remove selected option']]</small> </font> </div>
<div class="test-event"> <font color="maroon"> <small> &emsp; &emsp;--- 16 Oct 10:17:53 487 - Page URL:: https://www.icarstage.com/custom-search-results?searchtext=basic%20estimate%20writing#gsc.tab=0&gsc.q=basic%20estimate%20writing&gsc.page=1</small> </font> </div>
<div class="test-event"> <font color="maroon"> <small> &emsp; &emsp;--- 16 Oct 10:17:53 487 - <b>0</b> - Page Load Wait: (Sync) - ICar.support.Utils.waitForPageLoad(Utils.java:109)</small> </font> </div>
<div class="test-event"> <font color="maroon"> <small> &emsp; &emsp;--- 16 Oct 10:18:04 008 - Catched spinner load exception due to Expected condition failed: waiting for ICar.support.WaitUtils$4@714addf7 (tried for 10 second(s) with 500 milliseconds interval)</small> </font> </div>
<div class="test-event"> <font color="maroon"> <small> &emsp; &emsp;--- 16 Oct 10:18:04 008 - <b>10</b> - Spinner Load Wait: (Sync) - ICar.support.WaitUtils.waitForSpinner(WaitUtils.java:225)</small> </font> </div>
<div class="test-event"> <font color="maroon"> <small> &emsp; &emsp;--- 16 Oct 10:18:04 046 - Element is displayed:: [[ChromeDriver: chrome on WINDOWS (8af7aa1d5a1526f94e98b640cf51f89b)] -> xpath: //table//tbody//td[1]//div//a]</small> </font> </div>
<div class="test-event"> <font color="maroon"> <small> &emsp; &emsp;--- 16 Oct 10:18:06 146 - Element is displayed:: [[ChromeDriver: chrome on WINDOWS (8af7aa1d5a1526f94e98b640cf51f89b)] -> xpath: //table//tbody//td[1]//div//a]</small> </font> </div>
<div class="test-event"> <font color="maroon"> <small> &emsp; &emsp;--- 16 Oct 10:18:10 625 - Element is displayed:: [[ChromeDriver: chrome on WINDOWS (8af7aa1d5a1526f94e98b640cf51f89b)] -> xpath: //button[text()='Add to Cart']]</small> </font> </div>
<div class="test-event"> <font color="maroon"> <small> &emsp; &emsp;--- 16 Oct 10:18:12 727 - Element is displayed:: [[ChromeDriver: chrome on WINDOWS (8af7aa1d5a1526f94e98b640cf51f89b)] -> xpath: //button[text()='Add to Cart']]</small> </font> </div>
<div class="test-event"> <font color="maroon"> <small> &emsp; &emsp;--- 16 Oct 10:18:33 130 - Catched spinner load exception due to Expected condition failed: waiting for ICar.support.WaitUtils$4@714addf7 (tried for 20 second(s) with 500 milliseconds interval)</small> </font> </div>
<div class="test-event"> <font color="maroon"> <small> &emsp; &emsp;--- 16 Oct 10:18:33 130 - <b>20</b> - Spinner Load Wait: (Sync) - ICar.support.WaitUtils.waitForSpinner(WaitUtils.java:225)</small> </font> </div>
<div class="test-event"> <font color="maroon"> <small> &emsp; &emsp;--- 16 Oct 10:18:33 172 - Element is displayed:: [[ChromeDriver: chrome on WINDOWS (8af7aa1d5a1526f94e98b640cf51f89b)] -> xpath: //div[@class='HeaderCart_Icon']/a]</small> </font> </div>
<div class="test-event"> <font color="maroon"> <small> &emsp; &emsp;--- 16 Oct 10:18:35 258 - Element is displayed:: [[ChromeDriver: chrome on WINDOWS (8af7aa1d5a1526f94e98b640cf51f89b)] -> xpath: //div[@class='HeaderCart_Icon']/a]</small> </font> </div>
<div class="test-event"> <font color="maroon"> <small> &emsp; &emsp;--- 16 Oct 10:18:51 542 - Catched spinner load exception due to Expected condition failed: waiting for ICar.support.WaitUtils$4@714addf7 (tried for 10 second(s) with 500 milliseconds interval)</small> </font> </div>
<div class="test-event"> <font color="maroon"> <small> &emsp; &emsp;--- 16 Oct 10:18:51 542 - <b>10</b> - Spinner Load Wait: (Sync) - ICar.support.WaitUtils.waitForSpinner(WaitUtils.java:225)</small> </font> </div>
<div class="test-event"> <font color="maroon"> <small> &emsp; &emsp;--- 16 Oct 10:18:56 862 - Catched spinner load exception due to Expected condition failed: waiting for ICar.support.WaitUtils$4@714addf7 (tried for 5 second(s) with 500 milliseconds interval)</small> </font> </div>
<div class="test-event"> <font color="maroon"> <small> &emsp; &emsp;--- 16 Oct 10:18:56 862 - <b>5</b> - Spinner Load Wait: (Sync) - ICar.support.WaitUtils.waitForSpinner(WaitUtils.java:225)</small> </font> </div>
<div class="test-message">&emsp;Courses are not available in the Cart</div>
<div class="test-message">&emsp;Successfully purchased the Basic Estimate Writing course&emsp;<a href=".\ScreenShot\ICar_BAM642_TC02_41507538978000.png" target="_blank" >[ScreenShot]</a></div>
<div class="test-event"> <font color="maroon"> <small> &emsp; &emsp;--- 16 Oct 10:19:00 356 - Page URL:: https://www.icarstage.com/cart</small> </font> </div>
<div class="test-event"> <font color="maroon"> <small> &emsp; &emsp;--- 16 Oct 10:19:00 356 - <b>0</b> - Page Load Wait: (Sync) - ICar.support.Utils.waitForPageLoad(Utils.java:109)</small> </font> </div>
<div class="test-event"> <font color="maroon"> <small> &emsp; &emsp;--- 16 Oct 10:19:00 415 - Element is displayed:: [[ChromeDriver: chrome on WINDOWS (8af7aa1d5a1526f94e98b640cf51f89b)] -> xpath: //p[text()='Launch My Learning']]</small> </font> </div>
<div class="test-event"> <font color="maroon"> <small> &emsp; &emsp;--- 16 Oct 10:19:20 828 - Catched spinner load exception due to Expected condition failed: waiting for ICar.support.WaitUtils$4@714addf7 (tried for 20 second(s) with 500 milliseconds interval)</small> </font> </div>
<div class="test-event"> <font color="maroon"> <small> &emsp; &emsp;--- 16 Oct 10:19:20 829 - <b>20</b> - Spinner Load Wait: (Sync) - ICar.support.WaitUtils.waitForSpinner(WaitUtils.java:225)</small> </font> </div>
<div class="test-event"> <font color="maroon"> <small> &emsp; &emsp;--- 16 Oct 10:19:20 869 - Element is displayed:: [[ChromeDriver: chrome on WINDOWS (8af7aa1d5a1526f94e98b640cf51f89b)] -> xpath: //div[@class='HeaderCart_Icon']/a]</small> </font> </div>
<div class="test-event"> <font color="maroon"> <small> &emsp; &emsp;--- 16 Oct 10:19:22 963 - Element is displayed:: [[ChromeDriver: chrome on WINDOWS (8af7aa1d5a1526f94e98b640cf51f89b)] -> xpath: //div[@class='HeaderCart_Icon']/a]</small> </font> </div>
<div class="test-event"> <font color="maroon"> <small> &emsp; &emsp;--- 16 Oct 10:19:42 624 - Catched spinner load exception due to Expected condition failed: waiting for ICar.support.WaitUtils$4@714addf7 (tried for 15 second(s) with 500 milliseconds interval)</small> </font> </div>
<div class="test-event"> <font color="maroon"> <small> &emsp; &emsp;--- 16 Oct 10:19:42 624 - <b>15</b> - Spinner Load Wait: (Sync) - ICar.support.WaitUtils.waitForSpinner(WaitUtils.java:225)</small> </font> </div>
<div class="test-event"> <font color="maroon"> <small> &emsp; &emsp;--- 16 Oct 10:19:42 752 - Page URL:: https://www.icarstage.com/cart</small> </font> </div>
<div class="test-event"> <font color="maroon"> <small> &emsp; &emsp;--- 16 Oct 10:19:42 752 - <b>0</b> - Page Load Wait: (Sync) - ICar.support.Utils.waitForPageLoad(Utils.java:109)</small> </font> </div>
<div class="test-event"> <font color="maroon"> <small> &emsp; &emsp;--- 16 Oct 10:19:42 817 - Element is displayed:: [[ChromeDriver: chrome on WINDOWS (8af7aa1d5a1526f94e98b640cf51f89b)] -> xpath: //button[text()='Continue to Checkout']]</small> </font> </div>
<div class="test-message">&emsp;17. Click on My cart icon to navigate to My Cart Page</div>
<div class="test-event"> <font color="maroon"> <small> &emsp; &emsp;--- 16 Oct 10:19:48 032 - Catched spinner load exception due to Expected condition failed: waiting for ICar.support.WaitUtils$4@714addf7 (tried for 5 second(s) with 500 milliseconds interval)</small> </font> </div>
<div class="test-event"> <font color="maroon"> <small> &emsp; &emsp;--- 16 Oct 10:19:48 032 - <b>5</b> - Spinner Load Wait: (Sync) - ICar.support.WaitUtils.waitForSpinner(WaitUtils.java:225)</small> </font> </div>
<!--FAIL-->
<div class="test-result"><br><font color="red"><strong> Failed to Verify the added course :'Basic Estimate Writing'gets displayed in the cart </strong></font> <a href=".\ScreenShot\ICar_BAM642_TC02_41558727117400.png" target="_blank" >[ScreenShot]</a></div>&emsp;
&emsp;<div class="test-title"> <strong><font size = "3" color = "#0000FF">---Test Execution Ends---</font> </strong> </div>&emsp;
<div class="test-event"> <font color="maroon"> <small> &emsp; &emsp;--- 16 Oct 10:19:52 067 - TestCaseID:: ICar_BAM642_TC03</small> </font> </div>
<div class="test-event"> <font color="maroon"> <small> &emsp; &emsp;--- 16 Oct 10:19:53 373 - <b>1</b> - Driver::initialize::Get - ICar.support.WebDriverFactory.getDriver(WebDriverFactory.java:640)</small> </font> </div>
&emsp;<div class="test-title"> <strong><font size = "3" color = "#000080">Complete the purchased courses in LMS enrollment</font> </strong> </div>&emsp;<div><strong>Steps:</strong></div><!-- Report -->&emsp;
<div class="test-event"> <font color="maroon"> <small> &emsp; &emsp;--- 16 Oct 10:19:59 362 - Page URL:: https://i-car--staging.sandbox.my.salesforce.com/</small> </font> </div>
<div class="test-event"> <font color="maroon"> <small> &emsp; &emsp;--- 16 Oct 10:19:59 362 - <b>2</b> - Page Load Wait: (Sync) - ICar.support.Utils.waitForPageLoad(Utils.java:109)</small> </font> </div>
<div class="test-message">&emsp;Successfully navigated to 'Login' Page</div>
<div class="test-message">&emsp;1. Login page is launched.</div>
<div class="test-event"> <font color="maroon"> <small> &emsp; &emsp;--- 16 Oct 10:19:59 428 - Element is displayed:: [[ChromeDriver: chrome on WINDOWS (9b0f5d0a5961b0f40f730183628ea54b)] -> id: username]</small> </font> </div>
<div class="test-event"> <font color="maroon"> <small> &emsp; &emsp;--- 16 Oct 10:19:59 492 - Element is displayed:: [[ChromeDriver: chrome on WINDOWS (9b0f5d0a5961b0f40f730183628ea54b)] -> id: username]</small> </font> </div>
<div class="test-event"> <font color="maroon"> <small> &emsp; &emsp;--- 16 Oct 10:20:00 680 - Element is displayed:: [[ChromeDriver: chrome on WINDOWS (9b0f5d0a5961b0f40f730183628ea54b)] -> id: password]</small> </font> </div>
<div class="test-event"> <font color="maroon"> <small> &emsp; &emsp;--- 16 Oct 10:20:02 680 - Element is displayed:: [[ChromeDriver: chrome on WINDOWS (9b0f5d0a5961b0f40f730183628ea54b)] -> id: Login]</small> </font> </div>
<div class="test-event"> <font color="maroon"> <small> &emsp; &emsp;--- 16 Oct 10:20:32 654 - Catched spinner load exception due to Expected condition failed: waiting for ICar.support.WaitUtils$4@714addf7 (tried for 13 second(s) with 500 milliseconds interval)</small> </font> </div>
<div class="test-event"> <font color="maroon"> <small> &emsp; &emsp;--- 16 Oct 10:20:32 654 - <b>13</b> - Spinner Load Wait: (Sync) - ICar.support.WaitUtils.waitForSpinner(WaitUtils.java:225)</small> </font> </div>
<div class="test-event"> <font color="maroon"> <small> &emsp; &emsp;--- 16 Oct 10:20:51 325 - Catched spinner load exception due to Expected condition failed: waiting for ICar.support.WaitUtils$4@714addf7 (tried for 6 second(s) with 500 milliseconds interval)</small> </font> </div>
<div class="test-event"> <font color="maroon"> <small> &emsp; &emsp;--- 16 Oct 10:20:51 325 - <b>6</b> - Spinner Load Wait: (Sync) - ICar.support.WaitUtils.waitForSpinner(WaitUtils.java:225)</small> </font> </div>
<div class="test-event"> <font color="maroon"> <small> &emsp; &emsp;--- 16 Oct 10:20:51 404 - Element is displayed:: [[ChromeDriver: chrome on WINDOWS (9b0f5d0a5961b0f40f730183628ea54b)] -> css selector: button[class*='search-button']]</small> </font> </div>
<div class="test-message">&emsp;2. Navigate to 'SalesForce Page'</div>
<div class="test-event"> <font color="maroon"> <small> &emsp; &emsp;--- 16 Oct 10:20:52 711 - Page URL:: https://i-car--staging.sandbox.lightning.force.com/one/one.app#eyjjb21wb25lbnrezwyioijvbmu6ywxvagfqywdliiwiyxr0cmlidxrlcyi6eyjhzgryzxnzijoiahr0chm6ly9plwnhci0tc3rhz2luzy0tyy5zyw5kym94lnzmlmzvcmnllmnvbs9hcgv4l1jvc3rlck1hbmfnzw1lbnq%2fswq9mdaxofcwmdawmlj2evjvin0sinn0yxrlijp7indzijoil2xpz2h0bmluzy9yl0fjy291bnqvmdaxofcwmdawmlj2evjvuufal3zpzxcifx0%3d</small> </font> </div>
<div class="test-event"> <font color="maroon"> <small> &emsp; &emsp;--- 16 Oct 10:20:52 712 - <b>1</b> - Page Load Wait: (Sync) - ICar.support.Utils.waitForPageLoad(Utils.java:109)</small> </font> </div>
<div class="test-event"> <font color="maroon"> <small> &emsp; &emsp;--- 16 Oct 10:20:59 236 - Page URL:: https://i-car--staging.sandbox.lightning.force.com/one/one.app#eyjjb21wb25lbnrezwyioijvbmu6ywxvagfqywdliiwiyxr0cmlidxrlcyi6eyjhzgryzxnzijoiahr0chm6ly9plwnhci0tc3rhz2luzy0tyy5zyw5kym94lnzmlmzvcmnllmnvbs9hcgv4l1jvc3rlck1hbmfnzw1lbnq%2fswq9mdaxofcwmdawmlj2evjvin0sinn0yxrlijp7indzijoil2xpz2h0bmluzy9yl0fjy291bnqvmdaxofcwmdawmlj2evjvuufal3zpzxcifx0%3d</small> </font> </div>
<div class="test-event"> <font color="maroon"> <small> &emsp; &emsp;--- 16 Oct 10:20:59 237 - <b>1</b> - Page Load Wait: (Sync) - ICar.support.Utils.waitForPageLoad(Utils.java:109)</small> </font> </div>
<div class="test-message">&emsp;Successfully navigated to 'Login' Page</div>
<div class="test-message">&emsp;3. Enter the user credentials as : icaradminautomation3@i-car.com.staging</div>
<div class="test-message">&emsp;4. Enter the Icar id as : 2969674</div>
<div class="test-event"> <font color="maroon"> <small> &emsp; &emsp;--- 16 Oct 10:21:04 809 - Page URL:: https://i-car--staging.sandbox.lightning.force.com/one/one.app#eyjjb21wb25lbnrezwyioijvbmu6ywxvagfqywdliiwiyxr0cmlidxrlcyi6eyjhzgryzxnzijoiahr0chm6ly9plwnhci0tc3rhz2luzy0tyy5zyw5kym94lnzmlmzvcmnllmnvbs9hcgv4l1jvc3rlck1hbmfnzw1lbnq%2fswq9mdaxofcwmdawmlj2evjvin0sinn0yxrlijp7indzijoil2xpz2h0bmluzy9yl0fjy291bnqvmdaxofcwmdawmlj2evjvuufal3zpzxcifx0%3d</small> </font> </div>
<div class="test-event"> <font color="maroon"> <small> &emsp; &emsp;--- 16 Oct 10:21:04 810 - <b>1</b> - Page Load Wait: (Sync) - ICar.support.Utils.waitForPageLoad(Utils.java:109)</small> </font> </div>
<div class="test-event"> <font color="maroon"> <small> &emsp; &emsp;--- 16 Oct 10:21:10 230 - Page URL:: https://i-car--staging.sandbox.lightning.force.com/lightning/o/account/list?filtername=accounts</small> </font> </div>
<div class="test-event"> <font color="maroon"> <small> &emsp; &emsp;--- 16 Oct 10:21:10 231 - <b>0</b> - Page Load Wait: (Sync) - ICar.support.Utils.waitForPageLoad(Utils.java:109)</small> </font> </div>
<div class="test-message">&emsp;Close the tab</div>
<div class="test-event"> <font color="maroon"> <small> &emsp; &emsp;--- 16 Oct 10:21:16 049 - Page URL:: https://i-car--staging.sandbox.lightning.force.com/lightning/o/account/list?filtername=accounts</small> </font> </div>
<div class="test-event"> <font color="maroon"> <small> &emsp; &emsp;--- 16 Oct 10:21:16 049 - <b>0</b> - Page Load Wait: (Sync) - ICar.support.Utils.waitForPageLoad(Utils.java:109)</small> </font> </div>
<div class="test-event"> <font color="maroon"> <small> &emsp; &emsp;--- 16 Oct 10:21:16 121 - Element is displayed:: [[ChromeDriver: chrome on WINDOWS (9b0f5d0a5961b0f40f730183628ea54b)] -> css selector: button[class*='search-button']]</small> </font> </div>
<div class="test-event"> <font color="maroon"> <small> &emsp; &emsp;--- 16 Oct 10:21:18 242 - Catched spinner load exception due to Expected condition failed: waiting for ICar.support.WaitUtils$4@714addf7 (tried for 2 second(s) with 500 milliseconds interval)</small> </font> </div>
<div class="test-event"> <font color="maroon"> <small> &emsp; &emsp;--- 16 Oct 10:21:18 242 - <b>2</b> - Spinner Load Wait: (Sync) - ICar.support.WaitUtils.waitForSpinner(WaitUtils.java:225)</small> </font> </div>
<div class="test-event"> <font color="maroon"> <small> &emsp; &emsp;--- 16 Oct 10:21:21 317 - Element is displayed:: [[ChromeDriver: chrome on WINDOWS (9b0f5d0a5961b0f40f730183628ea54b)] -> css selector: button[class*='search-button']]</small> </font> </div>
<div class="test-event"> <font color="maroon"> <small> &emsp; &emsp;--- 16 Oct 10:21:21 969 - Page URL:: https://i-car--staging.sandbox.lightning.force.com/lightning/o/account/list?filtername=accounts</small> </font> </div>
<div class="test-event"> <font color="maroon"> <small> &emsp; &emsp;--- 16 Oct 10:21:21 969 - <b>0</b> - Page Load Wait: (Sync) - ICar.support.Utils.waitForPageLoad(Utils.java:109)</small> </font> </div>
<div class="test-event"> <font color="maroon"> <small> &emsp; &emsp;--- 16 Oct 10:21:41 550 - Catched spinner load exception due to Expected condition failed: waiting for ICar.support.WaitUtils$4@714addf7 (tried for 10 second(s) with 500 milliseconds interval)</small> </font> </div>
<div class="test-event"> <font color="maroon"> <small> &emsp; &emsp;--- 16 Oct 10:21:41 550 - <b>10</b> - Spinner Load Wait: (Sync) - ICar.support.WaitUtils.waitForSpinner(WaitUtils.java:225)</small> </font> </div>
<div class="test-event"> <font color="maroon"> <small> &emsp; &emsp;--- 16 Oct 10:21:42 430 - Page URL:: https://i-car--staging.sandbox.lightning.force.com/one/one.app#eyjjb21wb25lbnrezwyioijmb3jjzvnlyxjjadpzzwfyy2hqywdlrgvza3rvccisimf0dhjpynv0zxmionsidgvybsi6iji1mdy0mzmilcjzy29wzu1hcci6eyj0exblijoive9qx1jfu1vmvfmilcjuyw1lc3bhy2uioiiilcjsywjlbci6ilrvccbszxn1bhrziiwibgfizwxqbhvyywwioijub3agumvzdwx0cyisinjlc3vsdhndbxaioijmb3jjzvnlyxjjadpwcmvkawn0zwrszxn1bhrzin0simnvbnrlehqionsirklmvevsuyi6e30sinnlyxjjafnvdxjjzsi6ikftu0ltvefovf9esufmt0cilcjkaxnhymxlsw50zw50uxvlcnkiomzhbhnllcjkaxnhymxlu3blbgxdb3jyzwn0aw9uijpmywxzzswic2vhcmnorglhbg9nu2vzc2lvbklkijoiytjlndjhywutn2zhzi00zty3ltqzmgqtodbjmzqznmq2mji5iiwizgvidwdjbmzvijp7imfwce5hbwuioijjq2fyx1nlcnzpy2vfq29uc29szsisimfwcfr5cguioijdb25zb2xliiwiyxbwtmftzxnwywnlijoiyyisimxvy2f0aw9uijoizm9yy2u6b2jqzwn0sg9tzurlc2t0b3ailcjzb2jqzwn0vhlwzsi6ikfjy291bnqifx0simdyb3vwswqioijeruzbvuxuin0sinn0yxrlijp7fx0%3d</small> </font> </div>
<div class="test-event"> <font color="maroon"> <small> &emsp; &emsp;--- 16 Oct 10:21:42 430 - <b>0</b> - Page Load Wait: (Sync) - ICar.support.Utils.waitForPageLoad(Utils.java:109)</small> </font> </div>
<div class="test-event"> <font color="maroon"> <small> &emsp; &emsp;--- 16 Oct 10:21:53 467 - Catched spinner load exception due to Expected condition failed: waiting for ICar.support.WaitUtils$4@714addf7 (tried for 11 second(s) with 500 milliseconds interval)</small> </font> </div>
<div class="test-event"> <font color="maroon"> <small> &emsp; &emsp;--- 16 Oct 10:21:53 467 - <b>11</b> - Spinner Load Wait: (Sync) - ICar.support.WaitUtils.waitForSpinner(WaitUtils.java:225)</small> </font> </div>
<div class="test-event"> <font color="maroon"> <small> &emsp; &emsp;--- 16 Oct 10:21:54 327 - Page URL:: https://i-car--staging.sandbox.lightning.force.com/one/one.app#eyjjb21wb25lbnrezwyioijmb3jjzvnlyxjjadpzzwfyy2hqywdlrgvza3rvccisimf0dhjpynv0zxmionsidgvybsi6iji1mdy0mzmilcjzy29wzu1hcci6eyj0exblijoive9qx1jfu1vmvfmilcjuyw1lc3bhy2uioiiilcjsywjlbci6ilrvccbszxn1bhrziiwibgfizwxqbhvyywwioijub3agumvzdwx0cyisinjlc3vsdhndbxaioijmb3jjzvnlyxjjadpwcmvkawn0zwrszxn1bhrzin0simnvbnrlehqionsirklmvevsuyi6e30sinnlyxjjafnvdxjjzsi6ikftu0ltvefovf9esufmt0cilcjkaxnhymxlsw50zw50uxvlcnkiomzhbhnllcjkaxnhymxlu3blbgxdb3jyzwn0aw9uijpmywxzzswic2vhcmnorglhbg9nu2vzc2lvbklkijoiytjlndjhywutn2zhzi00zty3ltqzmgqtodbjmzqznmq2mji5iiwizgvidwdjbmzvijp7imfwce5hbwuioijjq2fyx1nlcnzpy2vfq29uc29szsisimfwcfr5cguioijdb25zb2xliiwiyxbwtmftzxnwywnlijoiyyisimxvy2f0aw9uijoizm9yy2u6b2jqzwn0sg9tzurlc2t0b3ailcjzb2jqzwn0vhlwzsi6ikfjy291bnqifx0simdyb3vwswqioijeruzbvuxuin0sinn0yxrlijp7fx0%3d</small> </font> </div>
<div class="test-event"> <font color="maroon"> <small> &emsp; &emsp;--- 16 Oct 10:21:54 327 - <b>0</b> - Page Load Wait: (Sync) - ICar.support.Utils.waitForPageLoad(Utils.java:109)</small> </font> </div>
<div class="test-event"> <font color="maroon"> <small> &emsp; &emsp;--- 16 Oct 10:21:54 379 - Element is displayed:: [[ChromeDriver: chrome on WINDOWS (9b0f5d0a5961b0f40f730183628ea54b)] -> xpath: //a[@title='Top Results']//span[text()='Top Results']]</small> </font> </div>
<div class="test-event"> <font color="maroon"> <small> &emsp; &emsp;--- 16 Oct 10:21:54 805 - Page URL:: https://i-car--staging.sandbox.lightning.force.com/one/one.app#eyjjb21wb25lbnrezwyioijmb3jjzvnlyxjjadpzzwfyy2hqywdlrgvza3rvccisimf0dhjpynv0zxmionsidgvybsi6iji1mdy0mzmilcjzy29wzu1hcci6eyj0exblijoive9qx1jfu1vmvfmilcjuyw1lc3bhy2uioiiilcjsywjlbci6ilrvccbszxn1bhrziiwibgfizwxqbhvyywwioijub3agumvzdwx0cyisinjlc3vsdhndbxaioijmb3jjzvnlyxjjadpwcmvkawn0zwrszxn1bhrzin0simnvbnrlehqionsirklmvevsuyi6e30sinnlyxjjafnvdxjjzsi6ikftu0ltvefovf9esufmt0cilcjkaxnhymxlsw50zw50uxvlcnkiomzhbhnllcjkaxnhymxlu3blbgxdb3jyzwn0aw9uijpmywxzzswic2vhcmnorglhbg9nu2vzc2lvbklkijoiytjlndjhywutn2zhzi00zty3ltqzmgqtodbjmzqznmq2mji5iiwizgvidwdjbmzvijp7imfwce5hbwuioijjq2fyx1nlcnzpy2vfq29uc29szsisimfwcfr5cguioijdb25zb2xliiwiyxbwtmftzxnwywnlijoiyyisimxvy2f0aw9uijoizm9yy2u6b2jqzwn0sg9tzurlc2t0b3ailcjzb2jqzwn0vhlwzsi6ikfjy291bnqifx0simdyb3vwswqioijeruzbvuxuin0sinn0yxrlijp7fx0%3d</small> </font> </div>
<div class="test-event"> <font color="maroon"> <small> &emsp; &emsp;--- 16 Oct 10:21:54 805 - <b>0</b> - Page Load Wait: (Sync) - ICar.support.Utils.waitForPageLoad(Utils.java:109)</small> </font> </div>
<div class="test-event"> <font color="maroon"> <small> &emsp; &emsp;--- 16 Oct 10:22:00 240 - Catched spinner load exception due to Expected condition failed: waiting for ICar.support.WaitUtils$4@714addf7 (tried for 5 second(s) with 500 milliseconds interval)</small> </font> </div>
<div class="test-event"> <font color="maroon"> <small> &emsp; &emsp;--- 16 Oct 10:22:00 241 - <b>5</b> - Spinner Load Wait: (Sync) - ICar.support.WaitUtils.waitForSpinner(WaitUtils.java:225)</small> </font> </div>
<div class="test-event"> <font color="maroon"> <small> &emsp; &emsp;--- 16 Oct 10:22:01 124 - Page URL:: https://i-car--staging.sandbox.lightning.force.com/one/one.app#eyjjb21wb25lbnrezwyioijmb3jjzvnlyxjjadpzzwfyy2hqywdlrgvza3rvccisimf0dhjpynv0zxmionsidgvybsi6iji1mdy0mzmilcjzy29wzu1hcci6eyj0exblijoive9qx1jfu1vmvfmilcjuyw1lc3bhy2uioiiilcjsywjlbci6ilrvccbszxn1bhrziiwibgfizwxqbhvyywwioijub3agumvzdwx0cyisinjlc3vsdhndbxaioijmb3jjzvnlyxjjadpwcmvkawn0zwrszxn1bhrzin0simnvbnrlehqionsirklmvevsuyi6e30sinnlyxjjafnvdxjjzsi6ikftu0ltvefovf9esufmt0cilcjkaxnhymxlsw50zw50uxvlcnkiomzhbhnllcjkaxnhymxlu3blbgxdb3jyzwn0aw9uijpmywxzzswic2vhcmnorglhbg9nu2vzc2lvbklkijoiytjlndjhywutn2zhzi00zty3ltqzmgqtodbjmzqznmq2mji5iiwizgvidwdjbmzvijp7imfwce5hbwuioijjq2fyx1nlcnzpy2vfq29uc29szsisimfwcfr5cguioijdb25zb2xliiwiyxbwtmftzxnwywnlijoiyyisimxvy2f0aw9uijoizm9yy2u6b2jqzwn0sg9tzurlc2t0b3ailcjzb2jqzwn0vhlwzsi6ikfjy291bnqifx0simdyb3vwswqioijeruzbvuxuin0sinn0yxrlijp7fx0%3d</small> </font> </div>
<div class="test-event"> <font color="maroon"> <small> &emsp; &emsp;--- 16 Oct 10:22:01 124 - <b>0</b> - Page Load Wait: (Sync) - ICar.support.Utils.waitForPageLoad(Utils.java:109)</small> </font> </div>
<div class="test-event"> <font color="maroon"> <small> &emsp; &emsp;--- 16 Oct 10:22:02 002 - Page URL:: https://i-car--staging.sandbox.lightning.force.com/one/one.app#eyjjb21wb25lbnrezwyioijmb3jjzvnlyxjjadpzzwfyy2hqywdlrgvza3rvccisimf0dhjpynv0zxmionsidgvybsi6iji1mdy0mzmilcjzy29wzu1hcci6eyj0exblijoive9qx1jfu1vmvfmilcjuyw1lc3bhy2uioiiilcjsywjlbci6ilrvccbszxn1bhrziiwibgfizwxqbhvyywwioijub3agumvzdwx0cyisinjlc3vsdhndbxaioijmb3jjzvnlyxjjadpwcmvkawn0zwrszxn1bhrzin0simnvbnrlehqionsirklmvevsuyi6e30sinnlyxjjafnvdxjjzsi6ikftu0ltvefovf9esufmt0cilcjkaxnhymxlsw50zw50uxvlcnkiomzhbhnllcjkaxnhymxlu3blbgxdb3jyzwn0aw9uijpmywxzzswic2vhcmnorglhbg9nu2vzc2lvbklkijoiytjlndjhywutn2zhzi00zty3ltqzmgqtodbjmzqznmq2mji5iiwizgvidwdjbmzvijp7imfwce5hbwuioijjq2fyx1nlcnzpy2vfq29uc29szsisimfwcfr5cguioijdb25zb2xliiwiyxbwtmftzxnwywnlijoiyyisimxvy2f0aw9uijoizm9yy2u6b2jqzwn0sg9tzurlc2t0b3ailcjzb2jqzwn0vhlwzsi6ikfjy291bnqifx0simdyb3vwswqioijeruzbvuxuin0sinn0yxrlijp7fx0%3d</small> </font> </div>
<div class="test-event"> <font color="maroon"> <small> &emsp; &emsp;--- 16 Oct 10:22:02 002 - <b>0</b> - Page Load Wait: (Sync) - ICar.support.Utils.waitForPageLoad(Utils.java:109)</small> </font> </div>
<div class="test-event"> <font color="maroon"> <small> &emsp; &emsp;--- 16 Oct 10:22:02 784 - Page URL:: https://i-car--staging.sandbox.lightning.force.com/one/one.app#eyjjb21wb25lbnrezwyioijmb3jjzvnlyxjjadpzzwfyy2hqywdlrgvza3rvccisimf0dhjpynv0zxmionsidgvybsi6iji1mdy0mzmilcjzy29wzu1hcci6eyj0exblijoive9qx1jfu1vmvfmilcjuyw1lc3bhy2uioiiilcjsywjlbci6ilrvccbszxn1bhrziiwibgfizwxqbhvyywwioijub3agumvzdwx0cyisinjlc3vsdhndbxaioijmb3jjzvnlyxjjadpwcmvkawn0zwrszxn1bhrzin0simnvbnrlehqionsirklmvevsuyi6e30sinnlyxjjafnvdxjjzsi6ikftu0ltvefovf9esufmt0cilcjkaxnhymxlsw50zw50uxvlcnkiomzhbhnllcjkaxnhymxlu3blbgxdb3jyzwn0aw9uijpmywxzzswic2vhcmnorglhbg9nu2vzc2lvbklkijoiytjlndjhywutn2zhzi00zty3ltqzmgqtodbjmzqznmq2mji5iiwizgvidwdjbmzvijp7imfwce5hbwuioijjq2fyx1nlcnzpy2vfq29uc29szsisimfwcfr5cguioijdb25zb2xliiwiyxbwtmftzxnwywnlijoiyyisimxvy2f0aw9uijoizm9yy2u6b2jqzwn0sg9tzurlc2t0b3ailcjzb2jqzwn0vhlwzsi6ikfjy291bnqifx0simdyb3vwswqioijeruzbvuxuin0sinn0yxrlijp7fx0%3d</small> </font> </div>
<div class="test-event"> <font color="maroon"> <small> &emsp; &emsp;--- 16 Oct 10:22:02 784 - <b>0</b> - Page Load Wait: (Sync) - ICar.support.Utils.waitForPageLoad(Utils.java:109)</small> </font> </div>
<div class="test-event"> <font color="maroon"> <small> &emsp; &emsp;--- 16 Oct 10:22:11 204 - Catched spinner load exception due to Expected condition failed: waiting for ICar.support.WaitUtils$4@714addf7 (tried for 8 second(s) with 500 milliseconds interval)</small> </font> </div>
<div class="test-event"> <font color="maroon"> <small> &emsp; &emsp;--- 16 Oct 10:22:11 204 - <b>8</b> - Spinner Load Wait: (Sync) - ICar.support.WaitUtils.waitForSpinner(WaitUtils.java:225)</small> </font> </div>
<div class="test-event"> <font color="maroon"> <small> &emsp; &emsp;--- 16 Oct 10:22:12 145 - Page URL:: https://i-car--staging.sandbox.lightning.force.com/one/one.app#eyjjb21wb25lbnrezwyioijmb3jjzvnlyxjjadpzzwfyy2hqywdlrgvza3rvccisimf0dhjpynv0zxmionsidgvybsi6iji1mdy0mzmilcjzy29wzu1hcci6eyj0exblijoive9qx1jfu1vmvfmilcjuyw1lc3bhy2uioiiilcjsywjlbci6ilrvccbszxn1bhrziiwibgfizwxqbhvyywwioijub3agumvzdwx0cyisinjlc3vsdhndbxaioijmb3jjzvnlyxjjadpwcmvkawn0zwrszxn1bhrzin0simnvbnrlehqionsirklmvevsuyi6e30sinnlyxjjafnvdxjjzsi6ikftu0ltvefovf9esufmt0cilcjkaxnhymxlsw50zw50uxvlcnkiomzhbhnllcjkaxnhymxlu3blbgxdb3jyzwn0aw9uijpmywxzzswic2vhcmnorglhbg9nu2vzc2lvbklkijoiytjlndjhywutn2zhzi00zty3ltqzmgqtodbjmzqznmq2mji5iiwizgvidwdjbmzvijp7imfwce5hbwuioijjq2fyx1nlcnzpy2vfq29uc29szsisimfwcfr5cguioijdb25zb2xliiwiyxbwtmftzxnwywnlijoiyyisimxvy2f0aw9uijoizm9yy2u6b2jqzwn0sg9tzurlc2t0b3ailcjzb2jqzwn0vhlwzsi6ikfjy291bnqifx0simdyb3vwswqioijeruzbvuxuin0sinn0yxrlijp7fx0%3d</small> </font> </div>
<div class="test-event"> <font color="maroon"> <small> &emsp; &emsp;--- 16 Oct 10:22:12 145 - <b>0</b> - Page Load Wait: (Sync) - ICar.support.Utils.waitForPageLoad(Utils.java:109)</small> </font> </div>
<div class="test-event"> <font color="maroon"> <small> &emsp; &emsp;--- 16 Oct 10:22:14 294 - Element is displayed:: [[ChromeDriver: chrome on WINDOWS (9b0f5d0a5961b0f40f730183628ea54b)] -> xpath: //div[contains(@class,'forceSearchResultsRegion')]//div[contains(@class,'resultsMultiWrapper')]/div/div[1]//following::h2//a]</small> </font> </div>
<div class="test-event"> <font color="maroon"> <small> &emsp; &emsp;--- 16 Oct 10:22:14 587 - Element is displayed:: [[ChromeDriver: chrome on WINDOWS (9b0f5d0a5961b0f40f730183628ea54b)] -> xpath: //a[text()='Contacts']]</small> </font> </div>
<div class="test-event"> <font color="maroon"> <small> &emsp; &emsp;--- 16 Oct 10:22:18 568 - Element is displayed:: [[ChromeDriver: chrome on WINDOWS (9b0f5d0a5961b0f40f730183628ea54b)] -> xpath: //div[text()='Contacts']//following :: table//tbody//th//span /a]</small> </font> </div>
<div class="test-event"> <font color="maroon"> <small> &emsp; &emsp;--- 16 Oct 10:22:19 430 - Page URL:: https://i-car--staging.sandbox.lightning.force.com/one/one.app#eyjjb21wb25lbnrezwyioijmb3jjzvnlyxjjadpzzwfyy2hqywdlrgvza3rvccisimf0dhjpynv0zxmionsidgvybsi6iji1mdy0mzmilcjzy29wzu1hcci6eyj0exblijoive9qx1jfu1vmvfmilcjuyw1lc3bhy2uioiiilcjsywjlbci6ilrvccbszxn1bhrziiwibgfizwxqbhvyywwioijub3agumvzdwx0cyisinjlc3vsdhndbxaioijmb3jjzvnlyxjjadpwcmvkawn0zwrszxn1bhrzin0simnvbnrlehqionsirklmvevsuyi6e30sinnlyxjjafnvdxjjzsi6ikftu0ltvefovf9esufmt0cilcjkaxnhymxlsw50zw50uxvlcnkiomzhbhnllcjkaxnhymxlu3blbgxdb3jyzwn0aw9uijpmywxzzswic2vhcmnorglhbg9nu2vzc2lvbklkijoiytjlndjhywutn2zhzi00zty3ltqzmgqtodbjmzqznmq2mji5iiwizgvidwdjbmzvijp7imfwce5hbwuioijjq2fyx1nlcnzpy2vfq29uc29szsisimfwcfr5cguioijdb25zb2xliiwiyxbwtmftzxnwywnlijoiyyisimxvy2f0aw9uijoizm9yy2u6b2jqzwn0sg9tzurlc2t0b3ailcjzb2jqzwn0vhlwzsi6ikfjy291bnqifx0simdyb3vwswqioijeruzbvuxuin0sinn0yxrlijp7fx0%3d</small> </font> </div>
<div class="test-event"> <font color="maroon"> <small> &emsp; &emsp;--- 16 Oct 10:22:19 430 - <b>0</b> - Page Load Wait: (Sync) - ICar.support.Utils.waitForPageLoad(Utils.java:109)</small> </font> </div>
<div class="test-event"> <font color="maroon"> <small> &emsp; &emsp;--- 16 Oct 10:22:34 737 - Catched spinner load exception due to Expected condition failed: waiting for ICar.support.WaitUtils$4@714addf7 (tried for 15 second(s) with 500 milliseconds interval)</small> </font> </div>
<div class="test-event"> <font color="maroon"> <small> &emsp; &emsp;--- 16 Oct 10:22:34 737 - <b>15</b> - Spinner Load Wait: (Sync) - ICar.support.WaitUtils.waitForSpinner(WaitUtils.java:225)</small> </font> </div>
<div class="test-event"> <font color="maroon"> <small> &emsp; &emsp;--- 16 Oct 10:22:35 214 - Page URL:: https://i-car--staging.sandbox.lightning.force.com/lightning/r/contact/0031i00000nuc5jqae/view</small> </font> </div>
<div class="test-event"> <font color="maroon"> <small> &emsp; &emsp;--- 16 Oct 10:22:35 214 - <b>0</b> - Page Load Wait: (Sync) - ICar.support.Utils.waitForPageLoad(Utils.java:109)</small> </font> </div>
<div class="test-event"> <font color="maroon"> <small> &emsp; &emsp;--- 16 Oct 10:22:43 492 - Catched spinner load exception due to Expected condition failed: waiting for ICar.support.WaitUtils$4@714addf7 (tried for 8 second(s) with 500 milliseconds interval)</small> </font> </div>
<div class="test-event"> <font color="maroon"> <small> &emsp; &emsp;--- 16 Oct 10:22:43 492 - <b>8</b> - Spinner Load Wait: (Sync) - ICar.support.WaitUtils.waitForSpinner(WaitUtils.java:225)</small> </font> </div>
<div class="test-event"> <font color="maroon"> <small> &emsp; &emsp;--- 16 Oct 10:22:44 202 - Page URL:: https://i-car--staging.sandbox.lightning.force.com/lightning/r/contact/0031i00000nuc5jqae/view</small> </font> </div>
<div class="test-event"> <font color="maroon"> <small> &emsp; &emsp;--- 16 Oct 10:22:44 202 - <b>0</b> - Page Load Wait: (Sync) - ICar.support.Utils.waitForPageLoad(Utils.java:109)</small> </font> </div>
<div class="test-event"> <font color="maroon"> <small> &emsp; &emsp;--- 16 Oct 10:22:47 078 - Page URL:: https://i-car--staging.sandbox.lightning.force.com/lightning/r/contact/0031i00000nuc5jqae/view</small> </font> </div>
<div class="test-event"> <font color="maroon"> <small> &emsp; &emsp;--- 16 Oct 10:22:47 078 - <b>0</b> - Page Load Wait: (Sync) - ICar.support.Utils.waitForPageLoad(Utils.java:109)</small> </font> </div>
<div class="test-event"> <font color="maroon"> <small> &emsp; &emsp;--- 16 Oct 10:22:49 907 - Page URL:: https://i-car--staging.sandbox.lightning.force.com/lightning/r/contact/0031i00000nuc5jqae/view</small> </font> </div>
<div class="test-event"> <font color="maroon"> <small> &emsp; &emsp;--- 16 Oct 10:22:49 907 - <b>0</b> - Page Load Wait: (Sync) - ICar.support.Utils.waitForPageLoad(Utils.java:109)</small> </font> </div>
<div class="test-event"> <font color="maroon"> <small> &emsp; &emsp;--- 16 Oct 10:23:05 104 - Catched spinner load exception due to Expected condition failed: waiting for ICar.support.WaitUtils$4@714addf7 (tried for 15 second(s) with 500 milliseconds interval)</small> </font> </div>
<div class="test-event"> <font color="maroon"> <small> &emsp; &emsp;--- 16 Oct 10:23:05 104 - <b>15</b> - Spinner Load Wait: (Sync) - ICar.support.WaitUtils.waitForSpinner(WaitUtils.java:225)</small> </font> </div>
<div class="test-event"> <font color="maroon"> <small> &emsp; &emsp;--- 16 Oct 10:23:05 766 - Page URL:: https://i-car--staging.sandbox.lightning.force.com/lightning/r/contact/0031i00000nuc5jqae/view</small> </font> </div>
<div class="test-event"> <font color="maroon"> <small> &emsp; &emsp;--- 16 Oct 10:23:05 767 - <b>0</b> - Page Load Wait: (Sync) - ICar.support.Utils.waitForPageLoad(Utils.java:109)</small> </font> </div>
<div class="test-event"> <font color="maroon"> <small> &emsp; &emsp;--- 16 Oct 10:23:05 825 - Element is displayed:: [[ChromeDriver: chrome on WINDOWS (9b0f5d0a5961b0f40f730183628ea54b)] -> xpath: //h2[@class='slds-card__header-title']/a/span[1]]</small> </font> </div>
<div class="test-event"> <font color="maroon"> <small> &emsp; &emsp;--- 16 Oct 10:23:07 677 - Page URL:: https://i-car--staging.sandbox.lightning.force.com/lightning/r/contact/0031i00000nuc5jqae/related/enrollment_contact__r/view?ws=%2flightning%2fr%2fcontact%2f0031i00000nuc5jqae%2fview</small> </font> </div>
<div class="test-event"> <font color="maroon"> <small> &emsp; &emsp;--- 16 Oct 10:23:07 677 - <b>1</b> - Page Load Wait: (Sync) - ICar.support.Utils.waitForPageLoad(Utils.java:109)</small> </font> </div>
<div class="test-event"> <font color="maroon"> <small> &emsp; &emsp;--- 16 Oct 10:23:22 895 - Catched spinner load exception due to Expected condition failed: waiting for ICar.support.WaitUtils$4@714addf7 (tried for 15 second(s) with 500 milliseconds interval)</small> </font> </div>
<div class="test-event"> <font color="maroon"> <small> &emsp; &emsp;--- 16 Oct 10:23:22 895 - <b>15</b> - Spinner Load Wait: (Sync) - ICar.support.WaitUtils.waitForSpinner(WaitUtils.java:225)</small> </font> </div>
<div class="test-event"> <font color="maroon"> <small> &emsp; &emsp;--- 16 Oct 10:23:24 182 - Page URL:: https://i-car--staging.sandbox.lightning.force.com/lightning/r/contact/0031i00000nuc5jqae/related/enrollment_contact__r/view?ws=%2flightning%2fr%2fcontact%2f0031i00000nuc5jqae%2fview</small> </font> </div>
<div class="test-event"> <font color="maroon"> <small> &emsp; &emsp;--- 16 Oct 10:23:24 182 - <b>1</b> - Page Load Wait: (Sync) - ICar.support.Utils.waitForPageLoad(Utils.java:109)</small> </font> </div>
<div class="test-event"> <font color="maroon"> <small> &emsp; &emsp;--- 16 Oct 10:23:29 373 - Catched spinner load exception due to Expected condition failed: waiting for ICar.support.WaitUtils$4@714addf7 (tried for 5 second(s) with 500 milliseconds interval)</small> </font> </div>
<div class="test-event"> <font color="maroon"> <small> &emsp; &emsp;--- 16 Oct 10:23:29 373 - <b>5</b> - Spinner Load Wait: (Sync) - ICar.support.WaitUtils.waitForSpinner(WaitUtils.java:225)</small> </font> </div>
<div class="test-event"> <font color="maroon"> <small> &emsp; &emsp;--- 16 Oct 10:23:30 645 - Page URL:: https://i-car--staging.sandbox.lightning.force.com/lightning/r/contact/0031i00000nuc5jqae/related/enrollment_contact__r/view?ws=%2flightning%2fr%2fcontact%2f0031i00000nuc5jqae%2fview</small> </font> </div>
<div class="test-event"> <font color="maroon"> <small> &emsp; &emsp;--- 16 Oct 10:23:30 645 - <b>1</b> - Page Load Wait: (Sync) - ICar.support.Utils.waitForPageLoad(Utils.java:109)</small> </font> </div>
<div class="test-event"> <font color="maroon"> <small> &emsp; &emsp;--- 16 Oct 10:23:33 855 - Catched spinner load exception due to Expected condition failed: waiting for ICar.support.WaitUtils$4@714addf7 (tried for 1 second(s) with 500 milliseconds interval)</small> </font> </div>
<div class="test-event"> <font color="maroon"> <small> &emsp; &emsp;--- 16 Oct 10:23:33 855 - <b>1</b> - Spinner Load Wait: (Sync) - ICar.support.WaitUtils.waitForSpinner(WaitUtils.java:225)</small> </font> </div>
<div class="test-event"> <font color="maroon"> <small> &emsp; &emsp;--- 16 Oct 10:23:35 142 - Page URL:: https://i-car--staging.sandbox.lightning.force.com/lightning/r/contact/0031i00000nuc5jqae/related/enrollment_contact__r/view?ws=%2flightning%2fr%2fcontact%2f0031i00000nuc5jqae%2fview</small> </font> </div>
<div class="test-event"> <font color="maroon"> <small> &emsp; &emsp;--- 16 Oct 10:23:35 142 - <b>1</b> - Page Load Wait: (Sync) - ICar.support.Utils.waitForPageLoad(Utils.java:109)</small> </font> </div>
<div class="test-event"> <font color="maroon"> <small> &emsp; &emsp;--- 16 Oct 10:23:38 369 - Catched spinner load exception due to Expected condition failed: waiting for ICar.support.WaitUtils$4@714addf7 (tried for 1 second(s) with 500 milliseconds interval)</small> </font> </div>
<div class="test-event"> <font color="maroon"> <small> &emsp; &emsp;--- 16 Oct 10:23:38 369 - <b>1</b> - Spinner Load Wait: (Sync) - ICar.support.WaitUtils.waitForSpinner(WaitUtils.java:225)</small> </font> </div>
<div class="test-event"> <font color="maroon"> <small> &emsp; &emsp;--- 16 Oct 10:23:39 869 - Page URL:: https://i-car--staging.sandbox.lightning.force.com/lightning/r/contact/0031i00000nuc5jqae/related/enrollment_contact__r/view?ws=%2flightning%2fr%2fcontact%2f0031i00000nuc5jqae%2fview</small> </font> </div>
<div class="test-event"> <font color="maroon"> <small> &emsp; &emsp;--- 16 Oct 10:23:39 869 - <b>1</b> - Page Load Wait: (Sync) - ICar.support.Utils.waitForPageLoad(Utils.java:109)</small> </font> </div>
<div class="test-event"> <font color="maroon"> <small> &emsp; &emsp;--- 16 Oct 10:23:43 046 - Catched spinner load exception due to Expected condition failed: waiting for ICar.support.WaitUtils$4@714addf7 (tried for 1 second(s) with 500 milliseconds interval)</small> </font> </div>
<div class="test-event"> <font color="maroon"> <small> &emsp; &emsp;--- 16 Oct 10:23:43 046 - <b>1</b> - Spinner Load Wait: (Sync) - ICar.support.WaitUtils.waitForSpinner(WaitUtils.java:225)</small> </font> </div>
<div class="test-event"> <font color="maroon"> <small> &emsp; &emsp;--- 16 Oct 10:23:44 589 - Page URL:: https://i-car--staging.sandbox.lightning.force.com/lightning/r/contact/0031i00000nuc5jqae/related/enrollment_contact__r/view?ws=%2flightning%2fr%2fcontact%2f0031i00000nuc5jqae%2fview</small> </font> </div>
<div class="test-event"> <font color="maroon"> <small> &emsp; &emsp;--- 16 Oct 10:23:44 589 - <b>1</b> - Page Load Wait: (Sync) - ICar.support.Utils.waitForPageLoad(Utils.java:109)</small> </font> </div>
<div class="test-event"> <font color="maroon"> <small> &emsp; &emsp;--- 16 Oct 10:23:47 762 - Catched spinner load exception due to Expected condition failed: waiting for ICar.support.WaitUtils$4@714addf7 (tried for 1 second(s) with 500 milliseconds interval)</small> </font> </div>
<div class="test-event"> <font color="maroon"> <small> &emsp; &emsp;--- 16 Oct 10:23:47 762 - <b>1</b> - Spinner Load Wait: (Sync) - ICar.support.WaitUtils.waitForSpinner(WaitUtils.java:225)</small> </font> </div>
<div class="test-event"> <font color="maroon"> <small> &emsp; &emsp;--- 16 Oct 10:23:49 054 - Page URL:: https://i-car--staging.sandbox.lightning.force.com/lightning/r/contact/0031i00000nuc5jqae/related/enrollment_contact__r/view?ws=%2flightning%2fr%2fcontact%2f0031i00000nuc5jqae%2fview</small> </font> </div>
<div class="test-event"> <font color="maroon"> <small> &emsp; &emsp;--- 16 Oct 10:23:49 054 - <b>1</b> - Page Load Wait: (Sync) - ICar.support.Utils.waitForPageLoad(Utils.java:109)</small> </font> </div>
<div class="test-event"> <font color="maroon"> <small> &emsp; &emsp;--- 16 Oct 10:23:52 308 - Catched spinner load exception due to Expected condition failed: waiting for ICar.support.WaitUtils$4@714addf7 (tried for 1 second(s) with 500 milliseconds interval)</small> </font> </div>
<div class="test-event"> <font color="maroon"> <small> &emsp; &emsp;--- 16 Oct 10:23:52 309 - <b>1</b> - Spinner Load Wait: (Sync) - ICar.support.WaitUtils.waitForSpinner(WaitUtils.java:225)</small> </font> </div>
<div class="test-event"> <font color="maroon"> <small> &emsp; &emsp;--- 16 Oct 10:23:53 584 - Page URL:: https://i-car--staging.sandbox.lightning.force.com/lightning/r/contact/0031i00000nuc5jqae/related/enrollment_contact__r/view?ws=%2flightning%2fr%2fcontact%2f0031i00000nuc5jqae%2fview</small> </font> </div>
<div class="test-event"> <font color="maroon"> <small> &emsp; &emsp;--- 16 Oct 10:23:53 584 - <b>1</b> - Page Load Wait: (Sync) - ICar.support.Utils.waitForPageLoad(Utils.java:109)</small> </font> </div>
<div class="test-event"> <font color="maroon"> <small> &emsp; &emsp;--- 16 Oct 10:23:56 723 - Catched spinner load exception due to Expected condition failed: waiting for ICar.support.WaitUtils$4@714addf7 (tried for 1 second(s) with 500 milliseconds interval)</small> </font> </div>
<div class="test-event"> <font color="maroon"> <small> &emsp; &emsp;--- 16 Oct 10:23:56 723 - <b>1</b> - Spinner Load Wait: (Sync) - ICar.support.WaitUtils.waitForSpinner(WaitUtils.java:225)</small> </font> </div>
<div class="test-event"> <font color="maroon"> <small> &emsp; &emsp;--- 16 Oct 10:23:57 982 - Page URL:: https://i-car--staging.sandbox.lightning.force.com/lightning/r/contact/0031i00000nuc5jqae/related/enrollment_contact__r/view?ws=%2flightning%2fr%2fcontact%2f0031i00000nuc5jqae%2fview</small> </font> </div>
<div class="test-event"> <font color="maroon"> <small> &emsp; &emsp;--- 16 Oct 10:23:57 982 - <b>1</b> - Page Load Wait: (Sync) - ICar.support.Utils.waitForPageLoad(Utils.java:109)</small> </font> </div>
<div class="test-event"> <font color="maroon"> <small> &emsp; &emsp;--- 16 Oct 10:24:01 232 - Catched spinner load exception due to Expected condition failed: waiting for ICar.support.WaitUtils$4@714addf7 (tried for 1 second(s) with 500 milliseconds interval)</small> </font> </div>
<div class="test-event"> <font color="maroon"> <small> &emsp; &emsp;--- 16 Oct 10:24:01 232 - <b>1</b> - Spinner Load Wait: (Sync) - ICar.support.WaitUtils.waitForSpinner(WaitUtils.java:225)</small> </font> </div>
<div class="test-event"> <font color="maroon"> <small> &emsp; &emsp;--- 16 Oct 10:24:02 551 - Page URL:: https://i-car--staging.sandbox.lightning.force.com/lightning/r/contact/0031i00000nuc5jqae/related/enrollment_contact__r/view?ws=%2flightning%2fr%2fcontact%2f0031i00000nuc5jqae%2fview</small> </font> </div>
<div class="test-event"> <font color="maroon"> <small> &emsp; &emsp;--- 16 Oct 10:24:02 551 - <b>1</b> - Page Load Wait: (Sync) - ICar.support.Utils.waitForPageLoad(Utils.java:109)</small> </font> </div>
<div class="test-message">&emsp;Successfully completed the course : Basic Estimate Writing&emsp;<a href=".\ScreenShot\ICar_BAM642_TC03_41812136656000.png" target="_blank" >[ScreenShot]</a></div>
<div class="test-result"><br><font color="green"><strong> Test Passed. </strong></font> </div>&emsp;
&emsp;<div class="test-title"> <strong><font size = "3" color = "#0000FF">---Test Execution Ends---</font> </strong> </div>&emsp;
<div class="test-event"> <font color="maroon"> <small> &emsp; &emsp;--- 16 Oct 10:24:05 297 - TestCaseID:: ICar_BAM768_TC01</small> </font> </div>
<div class="test-event"> <font color="maroon"> <small> &emsp; &emsp;--- 16 Oct 10:24:06 150 - <b>0</b> - Driver::initialize::Get - ICar.support.WebDriverFactory.getDriver(WebDriverFactory.java:640)</small> </font> </div>
&emsp;<div class="test-title"> <strong><font size = "3" color = "#000080">If aTechnician is in more than two roles as a role rep should result in “Individual role rep in too many roles” error</font> </strong> </div>&emsp;<div><strong>Steps:</strong></div><!-- Report -->&emsp;
<div class="test-event"> <font color="maroon"> <small> &emsp; &emsp;--- 16 Oct 10:24:12 340 - Page URL:: https://i-car--staging.sandbox.my.salesforce.com/</small> </font> </div>
<div class="test-event"> <font color="maroon"> <small> &emsp; &emsp;--- 16 Oct 10:24:12 340 - <b>4</b> - Page Load Wait: (Sync) - ICar.support.Utils.waitForPageLoad(Utils.java:109)</small> </font> </div>
<div class="test-message">&emsp;Successfully navigated to 'Login' Page&emsp;<a href=".\ScreenShot\ICar_BAM768_TC01_41819773618100.png" target="_blank" >[ScreenShot]</a></div>
<div class="test-message">&emsp;1. Login page is launched.</div>
<div class="test-event"> <font color="maroon"> <small> &emsp; &emsp;--- 16 Oct 10:24:13 009 - Element is displayed:: [[ChromeDriver: chrome on WINDOWS (81610661ffd5a3c4fed18bc49ca80e78)] -> id: username]</small> </font> </div>
<div class="test-event"> <font color="maroon"> <small> &emsp; &emsp;--- 16 Oct 10:24:13 075 - Element is displayed:: [[ChromeDriver: chrome on WINDOWS (81610661ffd5a3c4fed18bc49ca80e78)] -> id: username]</small> </font> </div>
<div class="test-event"> <font color="maroon"> <small> &emsp; &emsp;--- 16 Oct 10:24:14 045 - Element is displayed:: [[ChromeDriver: chrome on WINDOWS (81610661ffd5a3c4fed18bc49ca80e78)] -> id: password]</small> </font> </div>
<div class="test-event"> <font color="maroon"> <small> &emsp; &emsp;--- 16 Oct 10:24:14 236 - Element is displayed:: [[ChromeDriver: chrome on WINDOWS (81610661ffd5a3c4fed18bc49ca80e78)] -> id: Login]</small> </font> </div>
<div class="test-event"> <font color="maroon"> <small> &emsp; &emsp;--- 16 Oct 10:24:42 503 - Catched spinner load exception due to Expected condition failed: waiting for ICar.support.WaitUtils$4@714addf7 (tried for 13 second(s) with 500 milliseconds interval)</small> </font> </div>
<div class="test-event"> <font color="maroon"> <small> &emsp; &emsp;--- 16 Oct 10:24:42 503 - <b>13</b> - Spinner Load Wait: (Sync) - ICar.support.WaitUtils.waitForSpinner(WaitUtils.java:225)</small> </font> </div>
<div class="test-event"> <font color="maroon"> <small> &emsp; &emsp;--- 16 Oct 10:25:00 835 - Catched spinner load exception due to Expected condition failed: waiting for ICar.support.WaitUtils$4@714addf7 (tried for 6 second(s) with 500 milliseconds interval)</small> </font> </div>
<div class="test-event"> <font color="maroon"> <small> &emsp; &emsp;--- 16 Oct 10:25:00 835 - <b>6</b> - Spinner Load Wait: (Sync) - ICar.support.WaitUtils.waitForSpinner(WaitUtils.java:225)</small> </font> </div>
<div class="test-event"> <font color="maroon"> <small> &emsp; &emsp;--- 16 Oct 10:25:00 905 - Element is displayed:: [[ChromeDriver: chrome on WINDOWS (81610661ffd5a3c4fed18bc49ca80e78)] -> css selector: button[class*='search-button']]</small> </font> </div>
<div class="test-message">&emsp;2. Navigate to 'SalesForce Page'</div>
<div class="test-event"> <font color="maroon"> <small> &emsp; &emsp;--- 16 Oct 10:25:01 219 - Page URL:: https://i-car--staging.sandbox.lightning.force.com/lightning/r/contact/0031i00000nuc5jqae/related/enrollment_contact__r/view?ws=%2flightning%2fr%2fcontact%2f0031i00000nuc5jqae%2fview</small> </font> </div>
<div class="test-event"> <font color="maroon"> <small> &emsp; &emsp;--- 16 Oct 10:25:01 219 - <b>0</b> - Page Load Wait: (Sync) - ICar.support.Utils.waitForPageLoad(Utils.java:109)</small> </font> </div>
<div class="test-event"> <font color="maroon"> <small> &emsp; &emsp;--- 16 Oct 10:25:06 701 - Page URL:: https://i-car--staging.sandbox.lightning.force.com/lightning/r/contact/0031i00000nuc5jqae/related/enrollment_contact__r/view?ws=%2flightning%2fr%2fcontact%2f0031i00000nuc5jqae%2fview</small> </font> </div>
<div class="test-event"> <font color="maroon"> <small> &emsp; &emsp;--- 16 Oct 10:25:06 701 - <b>0</b> - Page Load Wait: (Sync) - ICar.support.Utils.waitForPageLoad(Utils.java:109)</small> </font> </div>
<div class="test-message">&emsp;Close the tab</div>
<div class="test-message">&emsp;Successfully navigated to 'Login' Page&emsp;<a href=".\ScreenShot\ICar_BAM768_TC01_41879222075300.png" target="_blank" >[ScreenShot]</a></div>
<div class="test-message">&emsp;3. Enter the user credentials as : icaradminautomation3@i-car.com.staging</div>
<div class="test-event"> <font color="maroon"> <small> &emsp; &emsp;--- 16 Oct 10:25:12 335 - Page URL:: https://i-car--staging.sandbox.lightning.force.com/lightning/o/account/list?filtername=accounts</small> </font> </div>
<div class="test-event"> <font color="maroon"> <small> &emsp; &emsp;--- 16 Oct 10:25:12 335 - <b>0</b> - Page Load Wait: (Sync) - ICar.support.Utils.waitForPageLoad(Utils.java:109)</small> </font> </div>
<div class="test-event"> <font color="maroon"> <small> &emsp; &emsp;--- 16 Oct 10:25:17 736 - Page URL:: https://i-car--staging.sandbox.lightning.force.com/lightning/o/account/list?filtername=accounts</small> </font> </div>
<div class="test-event"> <font color="maroon"> <small> &emsp; &emsp;--- 16 Oct 10:25:17 736 - <b>0</b> - Page Load Wait: (Sync) - ICar.support.Utils.waitForPageLoad(Utils.java:109)</small> </font> </div>
<div class="test-message">&emsp;Close the tab</div>
<div class="test-event"> <font color="maroon"> <small> &emsp; &emsp;--- 16 Oct 10:25:23 187 - Page URL:: https://i-car--staging.sandbox.lightning.force.com/lightning/o/account/list?filtername=accounts</small> </font> </div>
<div class="test-event"> <font color="maroon"> <small> &emsp; &emsp;--- 16 Oct 10:25:23 187 - <b>0</b> - Page Load Wait: (Sync) - ICar.support.Utils.waitForPageLoad(Utils.java:109)</small> </font> </div>
<div class="test-event"> <font color="maroon"> <small> &emsp; &emsp;--- 16 Oct 10:25:28 540 - Page URL:: https://i-car--staging.sandbox.lightning.force.com/lightning/o/account/list?filtername=accounts</small> </font> </div>
<div class="test-event"> <font color="maroon"> <small> &emsp; &emsp;--- 16 Oct 10:25:28 540 - <b>0</b> - Page Load Wait: (Sync) - ICar.support.Utils.waitForPageLoad(Utils.java:109)</small> </font> </div>
<div class="test-message">&emsp;Close the tab</div>
<div class="test-event"> <font color="maroon"> <small> &emsp; &emsp;--- 16 Oct 10:25:34 128 - Page URL:: https://i-car--staging.sandbox.lightning.force.com/lightning/o/account/list?filtername=accounts</small> </font> </div>
<div class="test-event"> <font color="maroon"> <small> &emsp; &emsp;--- 16 Oct 10:25:34 128 - <b>0</b> - Page Load Wait: (Sync) - ICar.support.Utils.waitForPageLoad(Utils.java:109)</small> </font> </div>
<div class="test-event"> <font color="maroon"> <small> &emsp; &emsp;--- 16 Oct 10:25:34 166 - Element is displayed:: [[ChromeDriver: chrome on WINDOWS (81610661ffd5a3c4fed18bc49ca80e78)] -> css selector: button[class*='search-button']]</small> </font> </div>
<div class="test-event"> <font color="maroon"> <small> &emsp; &emsp;--- 16 Oct 10:25:36 268 - Catched spinner load exception due to Expected condition failed: waiting for ICar.support.WaitUtils$4@714addf7 (tried for 2 second(s) with 500 milliseconds interval)</small> </font> </div>
<div class="test-event"> <font color="maroon"> <small> &emsp; &emsp;--- 16 Oct 10:25:36 268 - <b>2</b> - Spinner Load Wait: (Sync) - ICar.support.WaitUtils.waitForSpinner(WaitUtils.java:225)</small> </font> </div>
<div class="test-event"> <font color="maroon"> <small> &emsp; &emsp;--- 16 Oct 10:25:39 356 - Element is displayed:: [[ChromeDriver: chrome on WINDOWS (81610661ffd5a3c4fed18bc49ca80e78)] -> css selector: button[class*='search-button']]</small> </font> </div>
<div class="test-event"> <font color="maroon"> <small> &emsp; &emsp;--- 16 Oct 10:25:40 087 - Page URL:: https://i-car--staging.sandbox.lightning.force.com/lightning/o/account/list?filtername=accounts</small> </font> </div>
<div class="test-event"> <font color="maroon"> <small> &emsp; &emsp;--- 16 Oct 10:25:40 087 - <b>0</b> - Page Load Wait: (Sync) - ICar.support.Utils.waitForPageLoad(Utils.java:109)</small> </font> </div>
<div class="test-event"> <font color="maroon"> <small> &emsp; &emsp;--- 16 Oct 10:25:59 922 - Catched spinner load exception due to Expected condition failed: waiting for ICar.support.WaitUtils$4@714addf7 (tried for 10 second(s) with 500 milliseconds interval)</small> </font> </div>
<div class="test-event"> <font color="maroon"> <small> &emsp; &emsp;--- 16 Oct 10:25:59 922 - <b>10</b> - Spinner Load Wait: (Sync) - ICar.support.WaitUtils.waitForSpinner(WaitUtils.java:225)</small> </font> </div>
<div class="test-event"> <font color="maroon"> <small> &emsp; &emsp;--- 16 Oct 10:26:01 440 - Page URL:: https://i-car--staging.sandbox.lightning.force.com/one/one.app#eyjjb21wb25lbnrezwyioijmb3jjzvnlyxjjadpzzwfyy2hqywdlrgvza3rvccisimf0dhjpynv0zxmionsidgvybsi6ikdyb3nzasamiefzc29jawf0zxmsieluyyisinnjb3bltwfwijp7inr5cguioijut1bfukvtvuxuuyisim5hbwvzcgfjzsi6iiisimxhymvsijoivg9wifjlc3vsdhmilcjsywjlbfbsdxjhbci6ilrvccbszxn1bhrziiwicmvzdwx0c0ntcci6imzvcmnlu2vhcmnoonbyzwrpy3rlzfjlc3vsdhmifswiy29udgv4dci6eyjgsuxurvjtijp7fswic2vhcmnou291cmnlijoiqvntsvnuqu5ux0rjquxpryisimrpc2fibgvjbnrlbnrrdwvyesi6zmfsc2usimrpc2fibgvtcgvsbenvcnjly3rpb24iomzhbhnllcjzzwfyy2heawfsb2dtzxnzaw9uswqioii1mzy5nwflyi01odmxltnjmdutytawni04mjmyn2rlmwi1nzyilcjkzwj1z0luzm8ionsiyxbwtmftzsi6ikldyxjfu2vydmljzv9db25zb2xliiwiyxbwvhlwzsi6iknvbnnvbguilcjhchboyw1lc3bhy2uioijjiiwibg9jyxrpb24ioijmb3jjztpvymply3rib21lrgvza3rvccisinnvymply3ruexblijoiqwnjb3vudcj9fswiz3jvdxbjzci6ikrfrkfvtfqifswic3rhdguiont9fq%3d%3d</small> </font> </div>
<div class="test-event"> <font color="maroon"> <small> &emsp; &emsp;--- 16 Oct 10:26:01 440 - <b>1</b> - Page Load Wait: (Sync) - ICar.support.Utils.waitForPageLoad(Utils.java:109)</small> </font> </div>
<div class="test-event"> <font color="maroon"> <small> &emsp; &emsp;--- 16 Oct 10:26:12 936 - Catched spinner load exception due to Expected condition failed: waiting for ICar.support.WaitUtils$4@714addf7 (tried for 11 second(s) with 500 milliseconds interval)</small> </font> </div>
<div class="test-event"> <font color="maroon"> <small> &emsp; &emsp;--- 16 Oct 10:26:12 936 - <b>11</b> - Spinner Load Wait: (Sync) - ICar.support.WaitUtils.waitForSpinner(WaitUtils.java:225)</small> </font> </div>
<div class="test-event"> <font color="maroon"> <small> &emsp; &emsp;--- 16 Oct 10:26:14 500 - Page URL:: https://i-car--staging.sandbox.lightning.force.com/one/one.app#eyjjb21wb25lbnrezwyioijmb3jjzvnlyxjjadpzzwfyy2hqywdlrgvza3rvccisimf0dhjpynv0zxmionsidgvybsi6ikdyb3nzasamiefzc29jawf0zxmsieluyyisinnjb3bltwfwijp7inr5cguioijut1bfukvtvuxuuyisim5hbwvzcgfjzsi6iiisimxhymvsijoivg9wifjlc3vsdhmilcjsywjlbfbsdxjhbci6ilrvccbszxn1bhrziiwicmvzdwx0c0ntcci6imzvcmnlu2vhcmnoonbyzwrpy3rlzfjlc3vsdhmifswiy29udgv4dci6eyjgsuxurvjtijp7fswic2vhcmnou291cmnlijoiqvntsvnuqu5ux0rjquxpryisimrpc2fibgvjbnrlbnrrdwvyesi6zmfsc2usimrpc2fibgvtcgvsbenvcnjly3rpb24iomzhbhnllcjzzwfyy2heawfsb2dtzxnzaw9uswqioii1mzy5nwflyi01odmxltnjmdutytawni04mjmyn2rlmwi1nzyilcjkzwj1z0luzm8ionsiyxbwtmftzsi6ikldyxjfu2vydmljzv9db25zb2xliiwiyxbwvhlwzsi6iknvbnnvbguilcjhchboyw1lc3bhy2uioijjiiwibg9jyxrpb24ioijmb3jjztpvymply3rib21lrgvza3rvccisinnvymply3ruexblijoiqwnjb3vudcj9fswiz3jvdxbjzci6ikrfrkfvtfqifswic3rhdguiont9fq%3d%3d</small> </font> </div>
<div class="test-event"> <font color="maroon"> <small> &emsp; &emsp;--- 16 Oct 10:26:14 500 - <b>1</b> - Page Load Wait: (Sync) - ICar.support.Utils.waitForPageLoad(Utils.java:109)</small> </font> </div>
<div class="test-event"> <font color="maroon"> <small> &emsp; &emsp;--- 16 Oct 10:26:14 584 - Element is displayed:: [[ChromeDriver: chrome on WINDOWS (81610661ffd5a3c4fed18bc49ca80e78)] -> xpath: //a[@title='Top Results']//span[text()='Top Results']]</small> </font> </div>
<div class="test-event"> <font color="maroon"> <small> &emsp; &emsp;--- 16 Oct 10:26:15 251 - Page URL:: https://i-car--staging.sandbox.lightning.force.com/one/one.app#eyjjb21wb25lbnrezwyioijmb3jjzvnlyxjjadpzzwfyy2hqywdlrgvza3rvccisimf0dhjpynv0zxmionsidgvybsi6ikdyb3nzasamiefzc29jawf0zxmsieluyyisinnjb3bltwfwijp7inr5cguioijut1bfukvtvuxuuyisim5hbwvzcgfjzsi6iiisimxhymvsijoivg9wifjlc3vsdhmilcjsywjlbfbsdxjhbci6ilrvccbszxn1bhrziiwicmvzdwx0c0ntcci6imzvcmnlu2vhcmnoonbyzwrpy3rlzfjlc3vsdhmifswiy29udgv4dci6eyjgsuxurvjtijp7fswic2vhcmnou291cmnlijoiqvntsvnuqu5ux0rjquxpryisimrpc2fibgvjbnrlbnrrdwvyesi6zmfsc2usimrpc2fibgvtcgvsbenvcnjly3rpb24iomzhbhnllcjzzwfyy2heawfsb2dtzxnzaw9uswqioii1mzy5nwflyi01odmxltnjmdutytawni04mjmyn2rlmwi1nzyilcjkzwj1z0luzm8ionsiyxbwtmftzsi6ikldyxjfu2vydmljzv9db25zb2xliiwiyxbwvhlwzsi6iknvbnnvbguilcjhchboyw1lc3bhy2uioijjiiwibg9jyxrpb24ioijmb3jjztpvymply3rib21lrgvza3rvccisinnvymply3ruexblijoiqwnjb3vudcj9fswiz3jvdxbjzci6ikrfrkfvtfqifswic3rhdguiont9fq%3d%3d</small> </font> </div>
<div class="test-event"> <font color="maroon"> <small> &emsp; &emsp;--- 16 Oct 10:26:15 251 - <b>0</b> - Page Load Wait: (Sync) - ICar.support.Utils.waitForPageLoad(Utils.java:109)</small> </font> </div>
<div class="test-event"> <font color="maroon"> <small> &emsp; &emsp;--- 16 Oct 10:26:20 587 - Catched spinner load exception due to Expected condition failed: waiting for ICar.support.WaitUtils$4@714addf7 (tried for 5 second(s) with 500 milliseconds interval)</small> </font> </div>
<div class="test-event"> <font color="maroon"> <small> &emsp; &emsp;--- 16 Oct 10:26:20 587 - <b>5</b> - Spinner Load Wait: (Sync) - ICar.support.WaitUtils.waitForSpinner(WaitUtils.java:225)</small> </font> </div>
<div class="test-event"> <font color="maroon"> <small> &emsp; &emsp;--- 16 Oct 10:26:21 994 - Page URL:: https://i-car--staging.sandbox.lightning.force.com/one/one.app#eyjjb21wb25lbnrezwyioijmb3jjzvnlyxjjadpzzwfyy2hqywdlrgvza3rvccisimf0dhjpynv0zxmionsidgvybsi6ikdyb3nzasamiefzc29jawf0zxmsieluyyisinnjb3bltwfwijp7inr5cguioijut1bfukvtvuxuuyisim5hbwvzcgfjzsi6iiisimxhymvsijoivg9wifjlc3vsdhmilcjsywjlbfbsdxjhbci6ilrvccbszxn1bhrziiwicmvzdwx0c0ntcci6imzvcmnlu2vhcmnoonbyzwrpy3rlzfjlc3vsdhmifswiy29udgv4dci6eyjgsuxurvjtijp7fswic2vhcmnou291cmnlijoiqvntsvnuqu5ux0rjquxpryisimrpc2fibgvjbnrlbnrrdwvyesi6zmfsc2usimrpc2fibgvtcgvsbenvcnjly3rpb24iomzhbhnllcjzzwfyy2heawfsb2dtzxnzaw9uswqioii1mzy5nwflyi01odmxltnjmdutytawni04mjmyn2rlmwi1nzyilcjkzwj1z0luzm8ionsiyxbwtmftzsi6ikldyxjfu2vydmljzv9db25zb2xliiwiyxbwvhlwzsi6iknvbnnvbguilcjhchboyw1lc3bhy2uioijjiiwibg9jyxrpb24ioijmb3jjztpvymply3rib21lrgvza3rvccisinnvymply3ruexblijoiqwnjb3vudcj9fswiz3jvdxbjzci6ikrfrkfvtfqifswic3rhdguiont9fq%3d%3d</small> </font> </div>
<div class="test-event"> <font color="maroon"> <small> &emsp; &emsp;--- 16 Oct 10:26:21 994 - <b>1</b> - Page Load Wait: (Sync) - ICar.support.Utils.waitForPageLoad(Utils.java:109)</small> </font> </div>
<div class="test-event"> <font color="maroon"> <small> &emsp; &emsp;--- 16 Oct 10:26:23 367 - Page URL:: https://i-car--staging.sandbox.lightning.force.com/one/one.app#eyjjb21wb25lbnrezwyioijmb3jjzvnlyxjjadpzzwfyy2hqywdlrgvza3rvccisimf0dhjpynv0zxmionsidgvybsi6ikdyb3nzasamiefzc29jawf0zxmsieluyyisinnjb3bltwfwijp7inr5cguioijut1bfukvtvuxuuyisim5hbwvzcgfjzsi6iiisimxhymvsijoivg9wifjlc3vsdhmilcjsywjlbfbsdxjhbci6ilrvccbszxn1bhrziiwicmvzdwx0c0ntcci6imzvcmnlu2vhcmnoonbyzwrpy3rlzfjlc3vsdhmifswiy29udgv4dci6eyjgsuxurvjtijp7fswic2vhcmnou291cmnlijoiqvntsvnuqu5ux0rjquxpryisimrpc2fibgvjbnrlbnrrdwvyesi6zmfsc2usimrpc2fibgvtcgvsbenvcnjly3rpb24iomzhbhnllcjzzwfyy2heawfsb2dtzxnzaw9uswqioii1mzy5nwflyi01odmxltnjmdutytawni04mjmyn2rlmwi1nzyilcjkzwj1z0luzm8ionsiyxbwtmftzsi6ikldyxjfu2vydmljzv9db25zb2xliiwiyxbwvhlwzsi6iknvbnnvbguilcjhchboyw1lc3bhy2uioijjiiwibg9jyxrpb24ioijmb3jjztpvymply3rib21lrgvza3rvccisinnvymply3ruexblijoiqwnjb3vudcj9fswiz3jvdxbjzci6ikrfrkfvtfqifswic3rhdguiont9fq%3d%3d</small> </font> </div>
<div class="test-event"> <font color="maroon"> <small> &emsp; &emsp;--- 16 Oct 10:26:23 367 - <b>1</b> - Page Load Wait: (Sync) - ICar.support.Utils.waitForPageLoad(Utils.java:109)</small> </font> </div>
<div class="test-event"> <font color="maroon"> <small> &emsp; &emsp;--- 16 Oct 10:26:24 810 - Page URL:: https://i-car--staging.sandbox.lightning.force.com/one/one.app#eyjjb21wb25lbnrezwyioijmb3jjzvnlyxjjadpzzwfyy2hqywdlrgvza3rvccisimf0dhjpynv0zxmionsidgvybsi6ikdyb3nzasamiefzc29jawf0zxmsieluyyisinnjb3bltwfwijp7inr5cguioijut1bfukvtvuxuuyisim5hbwvzcgfjzsi6iiisimxhymvsijoivg9wifjlc3vsdhmilcjsywjlbfbsdxjhbci6ilrvccbszxn1bhrziiwicmvzdwx0c0ntcci6imzvcmnlu2vhcmnoonbyzwrpy3rlzfjlc3vsdhmifswiy29udgv4dci6eyjgsuxurvjtijp7fswic2vhcmnou291cmnlijoiqvntsvnuqu5ux0rjquxpryisimrpc2fibgvjbnrlbnrrdwvyesi6zmfsc2usimrpc2fibgvtcgvsbenvcnjly3rpb24iomzhbhnllcjzzwfyy2heawfsb2dtzxnzaw9uswqioii1mzy5nwflyi01odmxltnjmdutytawni04mjmyn2rlmwi1nzyilcjkzwj1z0luzm8ionsiyxbwtmftzsi6ikldyxjfu2vydmljzv9db25zb2xliiwiyxbwvhlwzsi6iknvbnnvbguilcjhchboyw1lc3bhy2uioijjiiwibg9jyxrpb24ioijmb3jjztpvymply3rib21lrgvza3rvccisinnvymply3ruexblijoiqwnjb3vudcj9fswiz3jvdxbjzci6ikrfrkfvtfqifswic3rhdguiont9fq%3d%3d</small> </font> </div>
<div class="test-event"> <font color="maroon"> <small> &emsp; &emsp;--- 16 Oct 10:26:24 810 - <b>1</b> - Page Load Wait: (Sync) - ICar.support.Utils.waitForPageLoad(Utils.java:109)</small> </font> </div>
<div class="test-event"> <font color="maroon"> <small> &emsp; &emsp;--- 16 Oct 10:26:35 167 - Catched spinner load exception due to Expected condition failed: waiting for ICar.support.WaitUtils$4@714addf7 (tried for 10 second(s) with 500 milliseconds interval)</small> </font> </div>
<div class="test-event"> <font color="maroon"> <small> &emsp; &emsp;--- 16 Oct 10:26:35 167 - <b>10</b> - Spinner Load Wait: (Sync) - ICar.support.WaitUtils.waitForSpinner(WaitUtils.java:225)</small> </font> </div>
<div class="test-event"> <font color="maroon"> <small> &emsp; &emsp;--- 16 Oct 10:26:35 207 - Element is displayed:: [[ChromeDriver: chrome on WINDOWS (81610661ffd5a3c4fed18bc49ca80e78)] -> css selector: div.forceSearchResultsRegion div.resultsMultiWrapper >div > div table tbody th a]</small> </font> </div>
<div class="test-event"> <font color="maroon"> <small> &emsp; &emsp;--- 16 Oct 10:26:35 314 - Element is displayed:: [[ChromeDriver: chrome on WINDOWS (81610661ffd5a3c4fed18bc49ca80e78)] -> css selector: div.forceSearchResultsRegion div.resultsMultiWrapper >div > div table tbody th a]</small> </font> </div>
<div class="test-event"> <font color="maroon"> <small> &emsp; &emsp;--- 16 Oct 10:26:45 842 - Catched spinner load exception due to Expected condition failed: waiting for ICar.support.WaitUtils$4@714addf7 (tried for 10 second(s) with 500 milliseconds interval)</small> </font> </div>
<div class="test-event"> <font color="maroon"> <small> &emsp; &emsp;--- 16 Oct 10:26:45 842 - <b>10</b> - Spinner Load Wait: (Sync) - ICar.support.WaitUtils.waitForSpinner(WaitUtils.java:225)</small> </font> </div>
<div class="test-event"> <font color="maroon"> <small> &emsp; &emsp;--- 16 Oct 10:26:45 911 - Element is displayed:: [[ChromeDriver: chrome on WINDOWS (81610661ffd5a3c4fed18bc49ca80e78)] -> xpath: //div[contains(@class,'active')]/*[contains(@id,'brandBand_')]//ul[@role='tablist']/li[@title='Details']]</small> </font> </div>
<div class="test-event"> <font color="maroon"> <small> &emsp; &emsp;--- 16 Oct 10:26:48 068 - Element is displayed:: [[ChromeDriver: chrome on WINDOWS (81610661ffd5a3c4fed18bc49ca80e78)] -> xpath: //div[contains(@class,'active')]/*[contains(@id,'brandBand_')]//ul[@role='tablist']/li[@title='Details']]</small> </font> </div>
<div class="test-event"> <font color="maroon"> <small> &emsp; &emsp;--- 16 Oct 10:26:51 829 - Page URL:: https://i-car--staging.sandbox.lightning.force.com/lightning/r/account/0011i00000uwf9rqae/view</small> </font> </div>
<div class="test-event"> <font color="maroon"> <small> &emsp; &emsp;--- 16 Oct 10:26:51 830 - <b>1</b> - Page Load Wait: (Sync) - ICar.support.Utils.waitForPageLoad(Utils.java:109)</small> </font> </div>
<div class="test-event"> <font color="maroon"> <small> &emsp; &emsp;--- 16 Oct 10:27:00 169 - Catched spinner load exception due to Expected condition failed: waiting for ICar.support.WaitUtils$4@714addf7 (tried for 8 second(s) with 500 milliseconds interval)</small> </font> </div>
<div class="test-event"> <font color="maroon"> <small> &emsp; &emsp;--- 16 Oct 10:27:00 169 - <b>8</b> - Spinner Load Wait: (Sync) - ICar.support.WaitUtils.waitForSpinner(WaitUtils.java:225)</small> </font> </div>
<div class="test-event"> <font color="maroon"> <small> &emsp; &emsp;--- 16 Oct 10:27:01 695 - Page URL:: https://i-car--staging.sandbox.lightning.force.com/lightning/r/account/0011i00000uwf9rqae/view</small> </font> </div>
<div class="test-event"> <font color="maroon"> <small> &emsp; &emsp;--- 16 Oct 10:27:01 695 - <b>1</b> - Page Load Wait: (Sync) - ICar.support.Utils.waitForPageLoad(Utils.java:109)</small> </font> </div>
<div class="test-event"> <font color="maroon"> <small> &emsp; &emsp;--- 16 Oct 10:27:03 170 - Page URL:: https://i-car--staging.sandbox.lightning.force.com/lightning/r/account/0011i00000uwf9rqae/view</small> </font> </div>
<div class="test-event"> <font color="maroon"> <small> &emsp; &emsp;--- 16 Oct 10:27:03 171 - <b>1</b> - Page Load Wait: (Sync) - ICar.support.Utils.waitForPageLoad(Utils.java:109)</small> </font> </div>
<div class="test-event"> <font color="maroon"> <small> &emsp; &emsp;--- 16 Oct 10:27:11 506 - Catched spinner load exception due to Expected condition failed: waiting for ICar.support.WaitUtils$4@714addf7 (tried for 8 second(s) with 500 milliseconds interval)</small> </font> </div>
<div class="test-event"> <font color="maroon"> <small> &emsp; &emsp;--- 16 Oct 10:27:11 506 - <b>8</b> - Spinner Load Wait: (Sync) - ICar.support.WaitUtils.waitForSpinner(WaitUtils.java:225)</small> </font> </div>
<div class="test-event"> <font color="maroon"> <small> &emsp; &emsp;--- 16 Oct 10:27:12 959 - Page URL:: https://i-car--staging.sandbox.lightning.force.com/lightning/r/account/0011i00000uwf9rqae/view</small> </font> </div>
<div class="test-event"> <font color="maroon"> <small> &emsp; &emsp;--- 16 Oct 10:27:12 959 - <b>1</b> - Page Load Wait: (Sync) - ICar.support.Utils.waitForPageLoad(Utils.java:109)</small> </font> </div>
<div class="test-event"> <font color="maroon"> <small> &emsp; &emsp;--- 16 Oct 10:27:15 072 - Element is displayed:: [[ChromeDriver: chrome on WINDOWS (81610661ffd5a3c4fed18bc49ca80e78)] -> xpath: //ul[@class='slds-button-group-list']/li[4]//button]</small> </font> </div>
<div class="test-event"> <font color="maroon"> <small> &emsp; &emsp;--- 16 Oct 10:27:15 164 - Element is displayed:: [[ChromeDriver: chrome on WINDOWS (81610661ffd5a3c4fed18bc49ca80e78)] -> xpath: //ul[@class='slds-button-group-list']/li[4]//button]</small> </font> </div>
<div class="test-event"> <font color="maroon"> <small> &emsp; &emsp;--- 16 Oct 10:27:16 770 - Page URL:: https://i-car--staging.sandbox.lightning.force.com/lightning/r/account/0011i00000uwf9rqae/view</small> </font> </div>
<div class="test-event"> <font color="maroon"> <small> &emsp; &emsp;--- 16 Oct 10:27:16 770 - <b>1</b> - Page Load Wait: (Sync) - ICar.support.Utils.waitForPageLoad(Utils.java:109)</small> </font> </div>
<div class="test-event"> <font color="maroon"> <small> &emsp; &emsp;--- 16 Oct 10:27:25 079 - Catched spinner load exception due to Expected condition failed: waiting for ICar.support.WaitUtils$4@714addf7 (tried for 8 second(s) with 500 milliseconds interval)</small> </font> </div>
<div class="test-event"> <font color="maroon"> <small> &emsp; &emsp;--- 16 Oct 10:27:25 079 - <b>8</b> - Spinner Load Wait: (Sync) - ICar.support.WaitUtils.waitForSpinner(WaitUtils.java:225)</small> </font> </div>
<div class="test-event"> <font color="maroon"> <small> &emsp; &emsp;--- 16 Oct 10:27:27 321 - Element is displayed:: [[ChromeDriver: chrome on WINDOWS (81610661ffd5a3c4fed18bc49ca80e78)] -> xpath: //lightning-menu-item[contains(@data-target-selection-name,'Account.Gold_Class_Status')]//a]</small> </font> </div>
<div class="test-event"> <font color="maroon"> <small> &emsp; &emsp;--- 16 Oct 10:27:29 137 - Page URL:: https://i-car--staging.sandbox.lightning.force.com/lightning/r/account/0011i00000uwf9rqae/view</small> </font> </div>
<div class="test-event"> <font color="maroon"> <small> &emsp; &emsp;--- 16 Oct 10:27:29 137 - <b>1</b> - Page Load Wait: (Sync) - ICar.support.Utils.waitForPageLoad(Utils.java:109)</small> </font> </div>
<div class="test-message">&emsp;4. Clicked the Dropdown menu option in Account name page & Selected the 'Gold Class Status' option.</div>
<div class="test-event"> <font color="maroon"> <small> &emsp; &emsp;--- 16 Oct 10:27:30 897 - Page URL:: https://i-car--staging.sandbox.lightning.force.com/lightning/r/account/0011i00000uwf9rqae/view</small> </font> </div>
<div class="test-event"> <font color="maroon"> <small> &emsp; &emsp;--- 16 Oct 10:27:30 897 - <b>1</b> - Page Load Wait: (Sync) - ICar.support.Utils.waitForPageLoad(Utils.java:109)</small> </font> </div>
<div class="test-event"> <font color="maroon"> <small> &emsp; &emsp;--- 16 Oct 10:27:45 980 - Catched spinner load exception due to Expected condition failed: waiting for ICar.support.WaitUtils$4@714addf7 (tried for 15 second(s) with 500 milliseconds interval)</small> </font> </div>
<div class="test-event"> <font color="maroon"> <small> &emsp; &emsp;--- 16 Oct 10:27:45 981 - <b>15</b> - Spinner Load Wait: (Sync) - ICar.support.WaitUtils.waitForSpinner(WaitUtils.java:225)</small> </font> </div>
<div class="test-event"> <font color="maroon"> <small> &emsp; &emsp;--- 16 Oct 10:27:47 783 - Page URL:: https://i-car--staging.sandbox.lightning.force.com/lightning/r/account/0011i00000uwf9rqae/view</small> </font> </div>
<div class="test-event"> <font color="maroon"> <small> &emsp; &emsp;--- 16 Oct 10:27:47 783 - <b>1</b> - Page Load Wait: (Sync) - ICar.support.Utils.waitForPageLoad(Utils.java:109)</small> </font> </div>
<div class="test-event"> <font color="maroon"> <small> &emsp; &emsp;--- 16 Oct 10:27:47 885 - Element is displayed:: [[ChromeDriver: chrome on WINDOWS (81610661ffd5a3c4fed18bc49ca80e78)] -> xpath: //*[text()='Evaluate Now']]</small> </font> </div>
<div class="test-event"> <font color="maroon"> <small> &emsp; &emsp;--- 16 Oct 10:27:49 519 - Page URL:: https://i-car--staging.sandbox.lightning.force.com/lightning/r/account/0011i00000uwf9rqae/view</small> </font> </div>
<div class="test-event"> <font color="maroon"> <small> &emsp; &emsp;--- 16 Oct 10:27:49 520 - <b>1</b> - Page Load Wait: (Sync) - ICar.support.Utils.waitForPageLoad(Utils.java:109)</small> </font> </div>
<div class="test-event"> <font color="maroon"> <small> &emsp; &emsp;--- 16 Oct 10:28:04 834 - Catched spinner load exception due to Expected condition failed: waiting for ICar.support.WaitUtils$4@714addf7 (tried for 15 second(s) with 500 milliseconds interval)</small> </font> </div>
<div class="test-event"> <font color="maroon"> <small> &emsp; &emsp;--- 16 Oct 10:28:04 834 - <b>15</b> - Spinner Load Wait: (Sync) - ICar.support.WaitUtils.waitForSpinner(WaitUtils.java:225)</small> </font> </div>
<div class="test-event"> <font color="maroon"> <small> &emsp; &emsp;--- 16 Oct 10:28:06 293 - Page URL:: https://i-car--staging.sandbox.lightning.force.com/lightning/r/account/0011i00000uwf9rqae/view</small> </font> </div>
<div class="test-event"> <font color="maroon"> <small> &emsp; &emsp;--- 16 Oct 10:28:06 294 - <b>1</b> - Page Load Wait: (Sync) - ICar.support.Utils.waitForPageLoad(Utils.java:109)</small> </font> </div>
<div class="test-event"> <font color="maroon"> <small> &emsp; &emsp;--- 16 Oct 10:28:06 362 - Element is displayed:: [[ChromeDriver: chrome on WINDOWS (81610661ffd5a3c4fed18bc49ca80e78)] -> xpath: //*[text()='Click Here To View Report']]</small> </font> </div>
<div class="test-event"> <font color="maroon"> <small> &emsp; &emsp;--- 16 Oct 10:28:06 454 - Element is displayed:: [[ChromeDriver: chrome on WINDOWS (81610661ffd5a3c4fed18bc49ca80e78)] -> xpath: //*[text()='Click Here To View Report']]</small> </font> </div>
<div class="test-message">&emsp;6. Clicked the Evaluate now button & Verify the report by 'View Report button'.</div>
<div class="test-event"> <font color="maroon"> <small> &emsp; &emsp;--- 16 Oct 10:28:11 171 - Page URL:: https://i-car--staging.sandbox.lightning.force.com/lightning/r/account/0011i00000uwf9rqae/view</small> </font> </div>
<div class="test-event"> <font color="maroon"> <small> &emsp; &emsp;--- 16 Oct 10:28:11 171 - <b>1</b> - Page Load Wait: (Sync) - ICar.support.Utils.waitForPageLoad(Utils.java:109)</small> </font> </div>
<div class="test-event"> <font color="maroon"> <small> &emsp; &emsp;--- 16 Oct 10:28:19 251 - Catched spinner load exception due to Expected condition failed: waiting for ICar.support.WaitUtils$4@714addf7 (tried for 8 second(s) with 500 milliseconds interval)</small> </font> </div>
<div class="test-event"> <font color="maroon"> <small> &emsp; &emsp;--- 16 Oct 10:28:19 251 - <b>8</b> - Spinner Load Wait: (Sync) - ICar.support.WaitUtils.waitForSpinner(WaitUtils.java:225)</small> </font> </div>
<div class="test-event"> <font color="maroon"> <small> &emsp; &emsp;--- 16 Oct 10:28:20 853 - Page URL:: https://i-car--staging.sandbox.lightning.force.com/lightning/r/account/0011i00000uwf9rqae/view</small> </font> </div>
<div class="test-event"> <font color="maroon"> <small> &emsp; &emsp;--- 16 Oct 10:28:20 853 - <b>1</b> - Page Load Wait: (Sync) - ICar.support.Utils.waitForPageLoad(Utils.java:109)</small> </font> </div>
<!--FAIL-->
<div class="test-result"><br><font color="red"><strong> Get the Error not found in page!! </strong></font> <a href=".\ScreenShot\ICar_BAM768_TC01_42071340093100.png" target="_blank" >[ScreenShot]</a></div>&emsp;
&emsp;<div class="test-title"> <strong><font size = "3" color = "#0000FF">---Test Execution Ends---</font> </strong> </div>&emsp;
<div class="test-event"> <font color="maroon"> <small> &emsp; &emsp;--- 16 Oct 10:28:24 660 - TestCaseID:: ICar_BAM776_TC04</small> </font> </div>
<div class="test-event"> <font color="maroon"> <small> &emsp; &emsp;--- 16 Oct 10:28:25 736 - <b>1</b> - Driver::initialize::Get - ICar.support.WebDriverFactory.getDriver(WebDriverFactory.java:640)</small> </font> </div>
&emsp;<div class="test-title"> <strong><font size = "3" color = "#000080">The platinum evaluator should run when: GC Renew Date is changed and set to a later date</font> </strong> </div>&emsp;<div><strong>Steps:</strong></div><!-- Report -->&emsp;
<div class="test-event"> <font color="maroon"> <small> &emsp; &emsp;--- 16 Oct 10:28:32 655 - Page URL:: https://i-car--staging.sandbox.my.salesforce.com/</small> </font> </div>
<div class="test-event"> <font color="maroon"> <small> &emsp; &emsp;--- 16 Oct 10:28:32 655 - <b>4</b> - Page Load Wait: (Sync) - ICar.support.Utils.waitForPageLoad(Utils.java:109)</small> </font> </div>
<div class="test-message">&emsp;Successfully navigated to 'Login' Page&emsp;<a href=".\ScreenShot\ICar_BAM776_TC04_42080088261400.png" target="_blank" >[ScreenShot]</a></div>
<div class="test-message">&emsp;1. Login page is launched.</div>
<div class="test-event"> <font color="maroon"> <small> &emsp; &emsp;--- 16 Oct 10:28:32 902 - Element is displayed:: [[ChromeDriver: chrome on WINDOWS (28664b57a45e9f44049179a204debc44)] -> id: username]</small> </font> </div>
<div class="test-event"> <font color="maroon"> <small> &emsp; &emsp;--- 16 Oct 10:28:32 964 - Element is displayed:: [[ChromeDriver: chrome on WINDOWS (28664b57a45e9f44049179a204debc44)] -> id: username]</small> </font> </div>
<div class="test-event"> <font color="maroon"> <small> &emsp; &emsp;--- 16 Oct 10:28:33 238 - Element is displayed:: [[ChromeDriver: chrome on WINDOWS (28664b57a45e9f44049179a204debc44)] -> id: password]</small> </font> </div>
<div class="test-event"> <font color="maroon"> <small> &emsp; &emsp;--- 16 Oct 10:28:33 416 - Element is displayed:: [[ChromeDriver: chrome on WINDOWS (28664b57a45e9f44049179a204debc44)] -> id: Login]</small> </font> </div>
<div class="test-event"> <font color="maroon"> <small> &emsp; &emsp;--- 16 Oct 10:29:00 666 - Catched spinner load exception due to Expected condition failed: waiting for ICar.support.WaitUtils$4@714addf7 (tried for 13 second(s) with 500 milliseconds interval)</small> </font> </div>
<div class="test-event"> <font color="maroon"> <small> &emsp; &emsp;--- 16 Oct 10:29:00 666 - <b>13</b> - Spinner Load Wait: (Sync) - ICar.support.WaitUtils.waitForSpinner(WaitUtils.java:225)</small> </font> </div>
<div class="test-event"> <font color="maroon"> <small> &emsp; &emsp;--- 16 Oct 10:29:20 331 - Catched spinner load exception due to Expected condition failed: waiting for ICar.support.WaitUtils$4@714addf7 (tried for 6 second(s) with 500 milliseconds interval)</small> </font> </div>
<div class="test-event"> <font color="maroon"> <small> &emsp; &emsp;--- 16 Oct 10:29:20 331 - <b>6</b> - Spinner Load Wait: (Sync) - ICar.support.WaitUtils.waitForSpinner(WaitUtils.java:225)</small> </font> </div>
<div class="test-event"> <font color="maroon"> <small> &emsp; &emsp;--- 16 Oct 10:29:20 404 - Element is displayed:: [[ChromeDriver: chrome on WINDOWS (28664b57a45e9f44049179a204debc44)] -> css selector: button[class*='search-button']]</small> </font> </div>
<div class="test-message">&emsp;2. Navigate to 'SalesForce Page'</div>
<div class="test-event"> <font color="maroon"> <small> &emsp; &emsp;--- 16 Oct 10:29:20 972 - Page URL:: https://i-car--staging.sandbox.lightning.force.com/lightning/r/account/0011i00000uwf9rqae/view</small> </font> </div>
<div class="test-event"> <font color="maroon"> <small> &emsp; &emsp;--- 16 Oct 10:29:20 972 - <b>0</b> - Page Load Wait: (Sync) - ICar.support.Utils.waitForPageLoad(Utils.java:109)</small> </font> </div>
<div class="test-event"> <font color="maroon"> <small> &emsp; &emsp;--- 16 Oct 10:29:26 936 - Page URL:: https://i-car--staging.sandbox.lightning.force.com/lightning/r/account/0011i00000uwf9rqae/view</small> </font> </div>
<div class="test-event"> <font color="maroon"> <small> &emsp; &emsp;--- 16 Oct 10:29:26 936 - <b>0</b> - Page Load Wait: (Sync) - ICar.support.Utils.waitForPageLoad(Utils.java:109)</small> </font> </div>
<div class="test-message">&emsp;Close the tab</div>
<div class="test-message">&emsp;Successfully navigated to 'Login' Page&emsp;<a href=".\ScreenShot\ICar_BAM776_TC04_42139661602100.png" target="_blank" >[ScreenShot]</a></div>
<div class="test-message">&emsp;3. Enter the user credentials as : icaradminautomation3@i-car.com.staging</div>
<div class="test-event"> <font color="maroon"> <small> &emsp; &emsp;--- 16 Oct 10:29:32 747 - Page URL:: https://i-car--staging.sandbox.lightning.force.com/lightning/o/account/list?filtername=accounts</small> </font> </div>
<div class="test-event"> <font color="maroon"> <small> &emsp; &emsp;--- 16 Oct 10:29:32 747 - <b>0</b> - Page Load Wait: (Sync) - ICar.support.Utils.waitForPageLoad(Utils.java:109)</small> </font> </div>
<div class="test-event"> <font color="maroon"> <small> &emsp; &emsp;--- 16 Oct 10:29:38 120 - Page URL:: https://i-car--staging.sandbox.lightning.force.com/lightning/o/account/list?filtername=accounts</small> </font> </div>
<div class="test-event"> <font color="maroon"> <small> &emsp; &emsp;--- 16 Oct 10:29:38 120 - <b>0</b> - Page Load Wait: (Sync) - ICar.support.Utils.waitForPageLoad(Utils.java:109)</small> </font> </div>
<div class="test-message">&emsp;Close the tab</div>
<div class="test-event"> <font color="maroon"> <small> &emsp; &emsp;--- 16 Oct 10:29:43 776 - Page URL:: https://i-car--staging.sandbox.lightning.force.com/lightning/o/account/list?filtername=accounts</small> </font> </div>
<div class="test-event"> <font color="maroon"> <small> &emsp; &emsp;--- 16 Oct 10:29:43 776 - <b>0</b> - Page Load Wait: (Sync) - ICar.support.Utils.waitForPageLoad(Utils.java:109)</small> </font> </div>
<div class="test-event"> <font color="maroon"> <small> &emsp; &emsp;--- 16 Oct 10:29:43 819 - Element is displayed:: [[ChromeDriver: chrome on WINDOWS (28664b57a45e9f44049179a204debc44)] -> css selector: button[class*='search-button']]</small> </font> </div>
<div class="test-event"> <font color="maroon"> <small> &emsp; &emsp;--- 16 Oct 10:29:45 902 - Catched spinner load exception due to Expected condition failed: waiting for ICar.support.WaitUtils$4@714addf7 (tried for 2 second(s) with 500 milliseconds interval)</small> </font> </div>
<div class="test-event"> <font color="maroon"> <small> &emsp; &emsp;--- 16 Oct 10:29:45 902 - <b>2</b> - Spinner Load Wait: (Sync) - ICar.support.WaitUtils.waitForSpinner(WaitUtils.java:225)</small> </font> </div>
<div class="test-event"> <font color="maroon"> <small> &emsp; &emsp;--- 16 Oct 10:29:48 989 - Element is displayed:: [[ChromeDriver: chrome on WINDOWS (28664b57a45e9f44049179a204debc44)] -> css selector: button[class*='search-button']]</small> </font> </div>
<div class="test-event"> <font color="maroon"> <small> &emsp; &emsp;--- 16 Oct 10:29:49 835 - Page URL:: https://i-car--staging.sandbox.lightning.force.com/lightning/o/account/list?filtername=accounts</small> </font> </div>
<div class="test-event"> <font color="maroon"> <small> &emsp; &emsp;--- 16 Oct 10:29:49 835 - <b>0</b> - Page Load Wait: (Sync) - ICar.support.Utils.waitForPageLoad(Utils.java:109)</small> </font> </div>
<div class="test-event"> <font color="maroon"> <small> &emsp; &emsp;--- 16 Oct 10:30:09 888 - Catched spinner load exception due to Expected condition failed: waiting for ICar.support.WaitUtils$4@714addf7 (tried for 10 second(s) with 500 milliseconds interval)</small> </font> </div>
<div class="test-event"> <font color="maroon"> <small> &emsp; &emsp;--- 16 Oct 10:30:09 888 - <b>10</b> - Spinner Load Wait: (Sync) - ICar.support.WaitUtils.waitForSpinner(WaitUtils.java:225)</small> </font> </div>
<div class="test-event"> <font color="maroon"> <small> &emsp; &emsp;--- 16 Oct 10:30:11 402 - Page URL:: https://i-car--staging.sandbox.lightning.force.com/one/one.app#eyjjb21wb25lbnrezwyioijmb3jjzvnlyxjjadpzzwfyy2hqywdlrgvza3rvccisimf0dhjpynv0zxmionsidgvybsi6ikdyb3nzasamiefzc29jawf0zxmsieluyyisinnjb3bltwfwijp7inr5cguioijut1bfukvtvuxuuyisim5hbwvzcgfjzsi6iiisimxhymvsijoivg9wifjlc3vsdhmilcjsywjlbfbsdxjhbci6ilrvccbszxn1bhrziiwicmvzdwx0c0ntcci6imzvcmnlu2vhcmnoonbyzwrpy3rlzfjlc3vsdhmifswiy29udgv4dci6eyjgsuxurvjtijp7fswic2vhcmnou291cmnlijoiqvntsvnuqu5ux0rjquxpryisimrpc2fibgvjbnrlbnrrdwvyesi6zmfsc2usimrpc2fibgvtcgvsbenvcnjly3rpb24iomzhbhnllcjzzwfyy2heawfsb2dtzxnzaw9uswqioiixzthjmznkmc1hmjzkltrlmzktmda3mi0yzdkwmmu0zgzimzgilcjkzwj1z0luzm8ionsiyxbwtmftzsi6ikldyxjfu2vydmljzv9db25zb2xliiwiyxbwvhlwzsi6iknvbnnvbguilcjhchboyw1lc3bhy2uioijjiiwibg9jyxrpb24ioijmb3jjztpvymply3rib21lrgvza3rvccisinnvymply3ruexblijoiqwnjb3vudcj9fswiz3jvdxbjzci6ikrfrkfvtfqifswic3rhdguiont9fq%3d%3d</small> </font> </div>
<div class="test-event"> <font color="maroon"> <small> &emsp; &emsp;--- 16 Oct 10:30:11 402 - <b>1</b> - Page Load Wait: (Sync) - ICar.support.Utils.waitForPageLoad(Utils.java:109)</small> </font> </div>
<div class="test-event"> <font color="maroon"> <small> &emsp; &emsp;--- 16 Oct 10:30:22 861 - Catched spinner load exception due to Expected condition failed: waiting for ICar.support.WaitUtils$4@714addf7 (tried for 11 second(s) with 500 milliseconds interval)</small> </font> </div>
<div class="test-event"> <font color="maroon"> <small> &emsp; &emsp;--- 16 Oct 10:30:22 861 - <b>11</b> - Spinner Load Wait: (Sync) - ICar.support.WaitUtils.waitForSpinner(WaitUtils.java:225)</small> </font> </div>
<div class="test-event"> <font color="maroon"> <small> &emsp; &emsp;--- 16 Oct 10:30:24 266 - Page URL:: https://i-car--staging.sandbox.lightning.force.com/one/one.app#eyjjb21wb25lbnrezwyioijmb3jjzvnlyxjjadpzzwfyy2hqywdlrgvza3rvccisimf0dhjpynv0zxmionsidgvybsi6ikdyb3nzasamiefzc29jawf0zxmsieluyyisinnjb3bltwfwijp7inr5cguioijut1bfukvtvuxuuyisim5hbwvzcgfjzsi6iiisimxhymvsijoivg9wifjlc3vsdhmilcjsywjlbfbsdxjhbci6ilrvccbszxn1bhrziiwicmvzdwx0c0ntcci6imzvcmnlu2vhcmnoonbyzwrpy3rlzfjlc3vsdhmifswiy29udgv4dci6eyjgsuxurvjtijp7fswic2vhcmnou291cmnlijoiqvntsvnuqu5ux0rjquxpryisimrpc2fibgvjbnrlbnrrdwvyesi6zmfsc2usimrpc2fibgvtcgvsbenvcnjly3rpb24iomzhbhnllcjzzwfyy2heawfsb2dtzxnzaw9uswqioiixzthjmznkmc1hmjzkltrlmzktmda3mi0yzdkwmmu0zgzimzgilcjkzwj1z0luzm8ionsiyxbwtmftzsi6ikldyxjfu2vydmljzv9db25zb2xliiwiyxbwvhlwzsi6iknvbnnvbguilcjhchboyw1lc3bhy2uioijjiiwibg9jyxrpb24ioijmb3jjztpvymply3rib21lrgvza3rvccisinnvymply3ruexblijoiqwnjb3vudcj9fswiz3jvdxbjzci6ikrfrkfvtfqifswic3rhdguiont9fq%3d%3d</small> </font> </div>
<div class="test-event"> <font color="maroon"> <small> &emsp; &emsp;--- 16 Oct 10:30:24 266 - <b>1</b> - Page Load Wait: (Sync) - ICar.support.Utils.waitForPageLoad(Utils.java:109)</small> </font> </div>
<div class="test-event"> <font color="maroon"> <small> &emsp; &emsp;--- 16 Oct 10:30:24 327 - Element is displayed:: [[ChromeDriver: chrome on WINDOWS (28664b57a45e9f44049179a204debc44)] -> xpath: //a[@title='Top Results']//span[text()='Top Results']]</small> </font> </div>
<div class="test-event"> <font color="maroon"> <small> &emsp; &emsp;--- 16 Oct 10:30:24 818 - Page URL:: https://i-car--staging.sandbox.lightning.force.com/one/one.app#eyjjb21wb25lbnrezwyioijmb3jjzvnlyxjjadpzzwfyy2hqywdlrgvza3rvccisimf0dhjpynv0zxmionsidgvybsi6ikdyb3nzasamiefzc29jawf0zxmsieluyyisinnjb3bltwfwijp7inr5cguioijut1bfukvtvuxuuyisim5hbwvzcgfjzsi6iiisimxhymvsijoivg9wifjlc3vsdhmilcjsywjlbfbsdxjhbci6ilrvccbszxn1bhrziiwicmvzdwx0c0ntcci6imzvcmnlu2vhcmnoonbyzwrpy3rlzfjlc3vsdhmifswiy29udgv4dci6eyjgsuxurvjtijp7fswic2vhcmnou291cmnlijoiqvntsvnuqu5ux0rjquxpryisimrpc2fibgvjbnrlbnrrdwvyesi6zmfsc2usimrpc2fibgvtcgvsbenvcnjly3rpb24iomzhbhnllcjzzwfyy2heawfsb2dtzxnzaw9uswqioiixzthjmznkmc1hmjzkltrlmzktmda3mi0yzdkwmmu0zgzimzgilcjkzwj1z0luzm8ionsiyxbwtmftzsi6ikldyxjfu2vydmljzv9db25zb2xliiwiyxbwvhlwzsi6iknvbnnvbguilcjhchboyw1lc3bhy2uioijjiiwibg9jyxrpb24ioijmb3jjztpvymply3rib21lrgvza3rvccisinnvymply3ruexblijoiqwnjb3vudcj9fswiz3jvdxbjzci6ikrfrkfvtfqifswic3rhdguiont9fq%3d%3d</small> </font> </div>
<div class="test-event"> <font color="maroon"> <small> &emsp; &emsp;--- 16 Oct 10:30:24 818 - <b>0</b> - Page Load Wait: (Sync) - ICar.support.Utils.waitForPageLoad(Utils.java:109)</small> </font> </div>
<div class="test-event"> <font color="maroon"> <small> &emsp; &emsp;--- 16 Oct 10:30:30 101 - Catched spinner load exception due to Expected condition failed: waiting for ICar.support.WaitUtils$4@714addf7 (tried for 5 second(s) with 500 milliseconds interval)</small> </font> </div>
<div class="test-event"> <font color="maroon"> <small> &emsp; &emsp;--- 16 Oct 10:30:30 101 - <b>5</b> - Spinner Load Wait: (Sync) - ICar.support.WaitUtils.waitForSpinner(WaitUtils.java:225)</small> </font> </div>
<div class="test-event"> <font color="maroon"> <small> &emsp; &emsp;--- 16 Oct 10:30:31 572 - Page URL:: https://i-car--staging.sandbox.lightning.force.com/one/one.app#eyjjb21wb25lbnrezwyioijmb3jjzvnlyxjjadpzzwfyy2hqywdlrgvza3rvccisimf0dhjpynv0zxmionsidgvybsi6ikdyb3nzasamiefzc29jawf0zxmsieluyyisinnjb3bltwfwijp7inr5cguioijut1bfukvtvuxuuyisim5hbwvzcgfjzsi6iiisimxhymvsijoivg9wifjlc3vsdhmilcjsywjlbfbsdxjhbci6ilrvccbszxn1bhrziiwicmvzdwx0c0ntcci6imzvcmnlu2vhcmnoonbyzwrpy3rlzfjlc3vsdhmifswiy29udgv4dci6eyjgsuxurvjtijp7fswic2vhcmnou291cmnlijoiqvntsvnuqu5ux0rjquxpryisimrpc2fibgvjbnrlbnrrdwvyesi6zmfsc2usimrpc2fibgvtcgvsbenvcnjly3rpb24iomzhbhnllcjzzwfyy2heawfsb2dtzxnzaw9uswqioiixzthjmznkmc1hmjzkltrlmzktmda3mi0yzdkwmmu0zgzimzgilcjkzwj1z0luzm8ionsiyxbwtmftzsi6ikldyxjfu2vydmljzv9db25zb2xliiwiyxbwvhlwzsi6iknvbnnvbguilcjhchboyw1lc3bhy2uioijjiiwibg9jyxrpb24ioijmb3jjztpvymply3rib21lrgvza3rvccisinnvymply3ruexblijoiqwnjb3vudcj9fswiz3jvdxbjzci6ikrfrkfvtfqifswic3rhdguiont9fq%3d%3d</small> </font> </div>
<div class="test-event"> <font color="maroon"> <small> &emsp; &emsp;--- 16 Oct 10:30:31 572 - <b>1</b> - Page Load Wait: (Sync) - ICar.support.Utils.waitForPageLoad(Utils.java:109)</small> </font> </div>
<div class="test-event"> <font color="maroon"> <small> &emsp; &emsp;--- 16 Oct 10:30:33 029 - Page URL:: https://i-car--staging.sandbox.lightning.force.com/one/one.app#eyjjb21wb25lbnrezwyioijmb3jjzvnlyxjjadpzzwfyy2hqywdlrgvza3rvccisimf0dhjpynv0zxmionsidgvybsi6ikdyb3nzasamiefzc29jawf0zxmsieluyyisinnjb3bltwfwijp7inr5cguioijut1bfukvtvuxuuyisim5hbwvzcgfjzsi6iiisimxhymvsijoivg9wifjlc3vsdhmilcjsywjlbfbsdxjhbci6ilrvccbszxn1bhrziiwicmvzdwx0c0ntcci6imzvcmnlu2vhcmnoonbyzwrpy3rlzfjlc3vsdhmifswiy29udgv4dci6eyjgsuxurvjtijp7fswic2vhcmnou291cmnlijoiqvntsvnuqu5ux0rjquxpryisimrpc2fibgvjbnrlbnrrdwvyesi6zmfsc2usimrpc2fibgvtcgvsbenvcnjly3rpb24iomzhbhnllcjzzwfyy2heawfsb2dtzxnzaw9uswqioiixzthjmznkmc1hmjzkltrlmzktmda3mi0yzdkwmmu0zgzimzgilcjkzwj1z0luzm8ionsiyxbwtmftzsi6ikldyxjfu2vydmljzv9db25zb2xliiwiyxbwvhlwzsi6iknvbnnvbguilcjhchboyw1lc3bhy2uioijjiiwibg9jyxrpb24ioijmb3jjztpvymply3rib21lrgvza3rvccisinnvymply3ruexblijoiqwnjb3vudcj9fswiz3jvdxbjzci6ikrfrkfvtfqifswic3rhdguiont9fq%3d%3d</small> </font> </div>
<div class="test-event"> <font color="maroon"> <small> &emsp; &emsp;--- 16 Oct 10:30:33 029 - <b>1</b> - Page Load Wait: (Sync) - ICar.support.Utils.waitForPageLoad(Utils.java:109)</small> </font> </div>
<div class="test-event"> <font color="maroon"> <small> &emsp; &emsp;--- 16 Oct 10:30:34 391 - Page URL:: https://i-car--staging.sandbox.lightning.force.com/one/one.app#eyjjb21wb25lbnrezwyioijmb3jjzvnlyxjjadpzzwfyy2hqywdlrgvza3rvccisimf0dhjpynv0zxmionsidgvybsi6ikdyb3nzasamiefzc29jawf0zxmsieluyyisinnjb3bltwfwijp7inr5cguioijut1bfukvtvuxuuyisim5hbwvzcgfjzsi6iiisimxhymvsijoivg9wifjlc3vsdhmilcjsywjlbfbsdxjhbci6ilrvccbszxn1bhrziiwicmvzdwx0c0ntcci6imzvcmnlu2vhcmnoonbyzwrpy3rlzfjlc3vsdhmifswiy29udgv4dci6eyjgsuxurvjtijp7fswic2vhcmnou291cmnlijoiqvntsvnuqu5ux0rjquxpryisimrpc2fibgvjbnrlbnrrdwvyesi6zmfsc2usimrpc2fibgvtcgvsbenvcnjly3rpb24iomzhbhnllcjzzwfyy2heawfsb2dtzxnzaw9uswqioiixzthjmznkmc1hmjzkltrlmzktmda3mi0yzdkwmmu0zgzimzgilcjkzwj1z0luzm8ionsiyxbwtmftzsi6ikldyxjfu2vydmljzv9db25zb2xliiwiyxbwvhlwzsi6iknvbnnvbguilcjhchboyw1lc3bhy2uioijjiiwibg9jyxrpb24ioijmb3jjztpvymply3rib21lrgvza3rvccisinnvymply3ruexblijoiqwnjb3vudcj9fswiz3jvdxbjzci6ikrfrkfvtfqifswic3rhdguiont9fq%3d%3d</small> </font> </div>
<div class="test-event"> <font color="maroon"> <small> &emsp; &emsp;--- 16 Oct 10:30:34 391 - <b>1</b> - Page Load Wait: (Sync) - ICar.support.Utils.waitForPageLoad(Utils.java:109)</small> </font> </div>
<div class="test-event"> <font color="maroon"> <small> &emsp; &emsp;--- 16 Oct 10:30:44 396 - Catched spinner load exception due to Expected condition failed: waiting for ICar.support.WaitUtils$4@714addf7 (tried for 10 second(s) with 500 milliseconds interval)</small> </font> </div>
<div class="test-event"> <font color="maroon"> <small> &emsp; &emsp;--- 16 Oct 10:30:44 396 - <b>10</b> - Spinner Load Wait: (Sync) - ICar.support.WaitUtils.waitForSpinner(WaitUtils.java:225)</small> </font> </div>
<div class="test-event"> <font color="maroon"> <small> &emsp; &emsp;--- 16 Oct 10:30:44 433 - Element is displayed:: [[ChromeDriver: chrome on WINDOWS (28664b57a45e9f44049179a204debc44)] -> css selector: div.forceSearchResultsRegion div.resultsMultiWrapper >div > div table tbody th a]</small> </font> </div>
<div class="test-event"> <font color="maroon"> <small> &emsp; &emsp;--- 16 Oct 10:30:44 544 - Element is displayed:: [[ChromeDriver: chrome on WINDOWS (28664b57a45e9f44049179a204debc44)] -> css selector: div.forceSearchResultsRegion div.resultsMultiWrapper >div > div table tbody th a]</small> </font> </div>
<div class="test-message">&emsp;4. click on Account : Grossi & Associates, Inc</div>
<div class="test-event"> <font color="maroon"> <small> &emsp; &emsp;--- 16 Oct 10:30:46 427 - Page URL:: https://i-car--staging.sandbox.lightning.force.com/one/one.app#eyjjb21wb25lbnrezwyioijmb3jjzvnlyxjjadpzzwfyy2hqywdlrgvza3rvccisimf0dhjpynv0zxmionsidgvybsi6ikdyb3nzasamiefzc29jawf0zxmsieluyyisinnjb3bltwfwijp7inr5cguioijut1bfukvtvuxuuyisim5hbwvzcgfjzsi6iiisimxhymvsijoivg9wifjlc3vsdhmilcjsywjlbfbsdxjhbci6ilrvccbszxn1bhrziiwicmvzdwx0c0ntcci6imzvcmnlu2vhcmnoonbyzwrpy3rlzfjlc3vsdhmifswiy29udgv4dci6eyjgsuxurvjtijp7fswic2vhcmnou291cmnlijoiqvntsvnuqu5ux0rjquxpryisimrpc2fibgvjbnrlbnrrdwvyesi6zmfsc2usimrpc2fibgvtcgvsbenvcnjly3rpb24iomzhbhnllcjzzwfyy2heawfsb2dtzxnzaw9uswqioiixzthjmznkmc1hmjzkltrlmzktmda3mi0yzdkwmmu0zgzimzgilcjkzwj1z0luzm8ionsiyxbwtmftzsi6ikldyxjfu2vydmljzv9db25zb2xliiwiyxbwvhlwzsi6iknvbnnvbguilcjhchboyw1lc3bhy2uioijjiiwibg9jyxrpb24ioijmb3jjztpvymply3rib21lrgvza3rvccisinnvymply3ruexblijoiqwnjb3vudcj9fswiz3jvdxbjzci6ikrfrkfvtfqifswic3rhdguiont9fq%3d%3d</small> </font> </div>
<div class="test-event"> <font color="maroon"> <small> &emsp; &emsp;--- 16 Oct 10:30:46 427 - <b>1</b> - Page Load Wait: (Sync) - ICar.support.Utils.waitForPageLoad(Utils.java:109)</small> </font> </div>
<div class="test-event"> <font color="maroon"> <small> &emsp; &emsp;--- 16 Oct 10:31:01 445 - Catched spinner load exception due to Expected condition failed: waiting for ICar.support.WaitUtils$4@714addf7 (tried for 15 second(s) with 500 milliseconds interval)</small> </font> </div>
<div class="test-event"> <font color="maroon"> <small> &emsp; &emsp;--- 16 Oct 10:31:01 445 - <b>15</b> - Spinner Load Wait: (Sync) - ICar.support.WaitUtils.waitForSpinner(WaitUtils.java:225)</small> </font> </div>
<div class="test-event"> <font color="maroon"> <small> &emsp; &emsp;--- 16 Oct 10:31:02 798 - Page URL:: https://i-car--staging.sandbox.lightning.force.com/lightning/r/account/0011i00000uwf9rqae/view</small> </font> </div>
<div class="test-event"> <font color="maroon"> <small> &emsp; &emsp;--- 16 Oct 10:31:02 798 - <b>1</b> - Page Load Wait: (Sync) - ICar.support.Utils.waitForPageLoad(Utils.java:109)</small> </font> </div>
<div class="test-event"> <font color="maroon"> <small> &emsp; &emsp;--- 16 Oct 10:31:04 940 - Element is displayed:: [[ChromeDriver: chrome on WINDOWS (28664b57a45e9f44049179a204debc44)] -> xpath: //a[@id='detailTab__item']]</small> </font> </div>
<div class="test-event"> <font color="maroon"> <small> &emsp; &emsp;--- 16 Oct 10:31:06 228 - Page URL:: https://i-car--staging.sandbox.lightning.force.com/lightning/r/account/0011i00000uwf9rqae/view</small> </font> </div>
<div class="test-event"> <font color="maroon"> <small> &emsp; &emsp;--- 16 Oct 10:31:06 228 - <b>1</b> - Page Load Wait: (Sync) - ICar.support.Utils.waitForPageLoad(Utils.java:109)</small> </font> </div>
<div class="test-event"> <font color="maroon"> <small> &emsp; &emsp;--- 16 Oct 10:31:21 265 - Catched spinner load exception due to Expected condition failed: waiting for ICar.support.WaitUtils$4@714addf7 (tried for 15 second(s) with 500 milliseconds interval)</small> </font> </div>
<div class="test-event"> <font color="maroon"> <small> &emsp; &emsp;--- 16 Oct 10:31:21 265 - <b>15</b> - Spinner Load Wait: (Sync) - ICar.support.WaitUtils.waitForSpinner(WaitUtils.java:225)</small> </font> </div>
<div class="test-event"> <font color="maroon"> <small> &emsp; &emsp;--- 16 Oct 10:31:22 547 - Page URL:: https://i-car--staging.sandbox.lightning.force.com/lightning/r/account/0011i00000uwf9rqae/view</small> </font> </div>
<div class="test-event"> <font color="maroon"> <small> &emsp; &emsp;--- 16 Oct 10:31:22 548 - <b>1</b> - Page Load Wait: (Sync) - ICar.support.Utils.waitForPageLoad(Utils.java:109)</small> </font> </div>
<div class="test-event"> <font color="maroon"> <small> &emsp; &emsp;--- 16 Oct 10:31:23 784 - Page URL:: https://i-car--staging.sandbox.lightning.force.com/lightning/r/account/0011i00000uwf9rqae/view</small> </font> </div>
<div class="test-event"> <font color="maroon"> <small> &emsp; &emsp;--- 16 Oct 10:31:23 784 - <b>1</b> - Page Load Wait: (Sync) - ICar.support.Utils.waitForPageLoad(Utils.java:109)</small> </font> </div>
<div class="test-event"> <font color="maroon"> <small> &emsp; &emsp;--- 16 Oct 10:31:47 556 - Unable to find an element after 5 sec ==> Proxy element for: AjaxElementLocator 'By.xpath: //button[@title='Edit Gold Class Renewal Date']'</small> </font> </div>
<div class="test-message">&emsp;Exception occurred  org.openqa.selenium.NoSuchElementException: Timed out after 3 seconds. Unable to locate the element</div>
<div class="test-message">&emsp;5.IS gold Renew</div>
<div class="test-event"> <font color="maroon"> <small> &emsp; &emsp;--- 16 Oct 10:31:52 045 - Page URL:: https://i-car--staging.sandbox.lightning.force.com/lightning/r/account/0011i00000uwf9rqae/view</small> </font> </div>
<div class="test-event"> <font color="maroon"> <small> &emsp; &emsp;--- 16 Oct 10:31:52 045 - <b>1</b> - Page Load Wait: (Sync) - ICar.support.Utils.waitForPageLoad(Utils.java:109)</small> </font> </div>
<div class="test-event"> <font color="maroon"> <small> &emsp; &emsp;--- 16 Oct 10:32:00 360 - Catched spinner load exception due to Expected condition failed: waiting for ICar.support.WaitUtils$4@714addf7 (tried for 8 second(s) with 500 milliseconds interval)</small> </font> </div>
<div class="test-event"> <font color="maroon"> <small> &emsp; &emsp;--- 16 Oct 10:32:00 360 - <b>8</b> - Spinner Load Wait: (Sync) - ICar.support.WaitUtils.waitForSpinner(WaitUtils.java:225)</small> </font> </div>
<div class="test-event"> <font color="maroon"> <small> &emsp; &emsp;--- 16 Oct 10:32:01 581 - Page URL:: https://i-car--staging.sandbox.lightning.force.com/lightning/r/account/0011i00000uwf9rqae/view</small> </font> </div>
<div class="test-event"> <font color="maroon"> <small> &emsp; &emsp;--- 16 Oct 10:32:01 581 - <b>1</b> - Page Load Wait: (Sync) - ICar.support.Utils.waitForPageLoad(Utils.java:109)</small> </font> </div>
<div class="test-event"> <font color="maroon"> <small> &emsp; &emsp;--- 16 Oct 10:32:02 838 - Page URL:: https://i-car--staging.sandbox.lightning.force.com/lightning/r/account/0011i00000uwf9rqae/view</small> </font> </div>
<div class="test-event"> <font color="maroon"> <small> &emsp; &emsp;--- 16 Oct 10:32:02 838 - <b>1</b> - Page Load Wait: (Sync) - ICar.support.Utils.waitForPageLoad(Utils.java:109)</small> </font> </div>
<div class="test-event"> <font color="maroon"> <small> &emsp; &emsp;--- 16 Oct 10:32:11 174 - Catched spinner load exception due to Expected condition failed: waiting for ICar.support.WaitUtils$4@714addf7 (tried for 8 second(s) with 500 milliseconds interval)</small> </font> </div>
<div class="test-event"> <font color="maroon"> <small> &emsp; &emsp;--- 16 Oct 10:32:11 174 - <b>8</b> - Spinner Load Wait: (Sync) - ICar.support.WaitUtils.waitForSpinner(WaitUtils.java:225)</small> </font> </div>
<div class="test-event"> <font color="maroon"> <small> &emsp; &emsp;--- 16 Oct 10:32:12 515 - Page URL:: https://i-car--staging.sandbox.lightning.force.com/lightning/r/account/0011i00000uwf9rqae/view</small> </font> </div>
<div class="test-event"> <font color="maroon"> <small> &emsp; &emsp;--- 16 Oct 10:32:12 515 - <b>1</b> - Page Load Wait: (Sync) - ICar.support.Utils.waitForPageLoad(Utils.java:109)</small> </font> </div>
<div class="test-event"> <font color="maroon"> <small> &emsp; &emsp;--- 16 Oct 10:32:14 678 - Element is displayed:: [[ChromeDriver: chrome on WINDOWS (28664b57a45e9f44049179a204debc44)] -> xpath: //ul[@class='slds-button-group-list']/li[4]//button]</small> </font> </div>
<div class="test-event"> <font color="maroon"> <small> &emsp; &emsp;--- 16 Oct 10:32:14 771 - Element is displayed:: [[ChromeDriver: chrome on WINDOWS (28664b57a45e9f44049179a204debc44)] -> xpath: //ul[@class='slds-button-group-list']/li[4]//button]</small> </font> </div>
<div class="test-event"> <font color="maroon"> <small> &emsp; &emsp;--- 16 Oct 10:32:16 206 - Page URL:: https://i-car--staging.sandbox.lightning.force.com/lightning/r/account/0011i00000uwf9rqae/view</small> </font> </div>
<div class="test-event"> <font color="maroon"> <small> &emsp; &emsp;--- 16 Oct 10:32:16 206 - <b>1</b> - Page Load Wait: (Sync) - ICar.support.Utils.waitForPageLoad(Utils.java:109)</small> </font> </div>
<div class="test-event"> <font color="maroon"> <small> &emsp; &emsp;--- 16 Oct 10:32:24 511 - Catched spinner load exception due to Expected condition failed: waiting for ICar.support.WaitUtils$4@714addf7 (tried for 8 second(s) with 500 milliseconds interval)</small> </font> </div>
<div class="test-event"> <font color="maroon"> <small> &emsp; &emsp;--- 16 Oct 10:32:24 511 - <b>8</b> - Spinner Load Wait: (Sync) - ICar.support.WaitUtils.waitForSpinner(WaitUtils.java:225)</small> </font> </div>
<div class="test-event"> <font color="maroon"> <small> &emsp; &emsp;--- 16 Oct 10:32:26 616 - Element is displayed:: [[ChromeDriver: chrome on WINDOWS (28664b57a45e9f44049179a204debc44)] -> xpath: //lightning-menu-item[contains(@data-target-selection-name,'Account.Gold_Class_Status')]//a]</small> </font> </div>
<div class="test-event"> <font color="maroon"> <small> &emsp; &emsp;--- 16 Oct 10:32:28 120 - Page URL:: https://i-car--staging.sandbox.lightning.force.com/lightning/r/account/0011i00000uwf9rqae/view</small> </font> </div>
<div class="test-event"> <font color="maroon"> <small> &emsp; &emsp;--- 16 Oct 10:32:28 121 - <b>1</b> - Page Load Wait: (Sync) - ICar.support.Utils.waitForPageLoad(Utils.java:109)</small> </font> </div>
<div class="test-event"> <font color="maroon"> <small> &emsp; &emsp;--- 16 Oct 10:32:29 723 - Page URL:: https://i-car--staging.sandbox.lightning.force.com/lightning/r/account/0011i00000uwf9rqae/view</small> </font> </div>
<div class="test-event"> <font color="maroon"> <small> &emsp; &emsp;--- 16 Oct 10:32:29 723 - <b>1</b> - Page Load Wait: (Sync) - ICar.support.Utils.waitForPageLoad(Utils.java:109)</small> </font> </div>
<div class="test-event"> <font color="maroon"> <small> &emsp; &emsp;--- 16 Oct 10:32:44 934 - Catched spinner load exception due to Expected condition failed: waiting for ICar.support.WaitUtils$4@714addf7 (tried for 15 second(s) with 500 milliseconds interval)</small> </font> </div>
<div class="test-event"> <font color="maroon"> <small> &emsp; &emsp;--- 16 Oct 10:32:44 934 - <b>15</b> - Spinner Load Wait: (Sync) - ICar.support.WaitUtils.waitForSpinner(WaitUtils.java:225)</small> </font> </div>
<div class="test-event"> <font color="maroon"> <small> &emsp; &emsp;--- 16 Oct 10:32:46 317 - Page URL:: https://i-car--staging.sandbox.lightning.force.com/lightning/r/account/0011i00000uwf9rqae/view</small> </font> </div>
<div class="test-event"> <font color="maroon"> <small> &emsp; &emsp;--- 16 Oct 10:32:46 317 - <b>1</b> - Page Load Wait: (Sync) - ICar.support.Utils.waitForPageLoad(Utils.java:109)</small> </font> </div>
<div class="test-event"> <font color="maroon"> <small> &emsp; &emsp;--- 16 Oct 10:32:46 421 - Element is displayed:: [[ChromeDriver: chrome on WINDOWS (28664b57a45e9f44049179a204debc44)] -> xpath: //*[text()='Evaluate Now']]</small> </font> </div>
<div class="test-event"> <font color="maroon"> <small> &emsp; &emsp;--- 16 Oct 10:32:47 914 - Page URL:: https://i-car--staging.sandbox.lightning.force.com/lightning/r/account/0011i00000uwf9rqae/view</small> </font> </div>
<div class="test-event"> <font color="maroon"> <small> &emsp; &emsp;--- 16 Oct 10:32:47 914 - <b>1</b> - Page Load Wait: (Sync) - ICar.support.Utils.waitForPageLoad(Utils.java:109)</small> </font> </div>
<div class="test-event"> <font color="maroon"> <small> &emsp; &emsp;--- 16 Oct 10:33:03 041 - Catched spinner load exception due to Expected condition failed: waiting for ICar.support.WaitUtils$4@714addf7 (tried for 15 second(s) with 500 milliseconds interval)</small> </font> </div>
<div class="test-event"> <font color="maroon"> <small> &emsp; &emsp;--- 16 Oct 10:33:03 041 - <b>15</b> - Spinner Load Wait: (Sync) - ICar.support.WaitUtils.waitForSpinner(WaitUtils.java:225)</small> </font> </div>
<div class="test-event"> <font color="maroon"> <small> &emsp; &emsp;--- 16 Oct 10:33:04 399 - Page URL:: https://i-car--staging.sandbox.lightning.force.com/lightning/r/account/0011i00000uwf9rqae/view</small> </font> </div>
<div class="test-event"> <font color="maroon"> <small> &emsp; &emsp;--- 16 Oct 10:33:04 400 - <b>1</b> - Page Load Wait: (Sync) - ICar.support.Utils.waitForPageLoad(Utils.java:109)</small> </font> </div>
<div class="test-message">&emsp;6. Clicked the Evaluate now button</div>
<div class="test-event"> <font color="maroon"> <small> &emsp; &emsp;--- 16 Oct 10:33:04 495 - Element is displayed:: [[ChromeDriver: chrome on WINDOWS (28664b57a45e9f44049179a204debc44)] -> xpath: //button[contains(@class,'CancelButton')]]</small> </font> </div>
<div class="test-event"> <font color="maroon"> <small> &emsp; &emsp;--- 16 Oct 10:33:06 002 - Page URL:: https://i-car--staging.sandbox.lightning.force.com/lightning/r/account/0011i00000uwf9rqae/view</small> </font> </div>
<div class="test-event"> <font color="maroon"> <small> &emsp; &emsp;--- 16 Oct 10:33:06 002 - <b>1</b> - Page Load Wait: (Sync) - ICar.support.Utils.waitForPageLoad(Utils.java:109)</small> </font> </div>
<div class="test-event"> <font color="maroon"> <small> &emsp; &emsp;--- 16 Oct 10:33:07 531 - Page URL:: https://i-car--staging.sandbox.lightning.force.com/lightning/r/account/0011i00000uwf9rqae/view</small> </font> </div>
<div class="test-event"> <font color="maroon"> <small> &emsp; &emsp;--- 16 Oct 10:33:07 531 - <b>1</b> - Page Load Wait: (Sync) - ICar.support.Utils.waitForPageLoad(Utils.java:109)</small> </font> </div>
<div class="test-event"> <font color="maroon"> <small> &emsp; &emsp;--- 16 Oct 10:33:13 965 - Page URL:: https://i-car--staging.sandbox.lightning.force.com/lightning/r/account/0011i00000uwf9rqae/view</small> </font> </div>
<div class="test-event"> <font color="maroon"> <small> &emsp; &emsp;--- 16 Oct 10:33:13 965 - <b>1</b> - Page Load Wait: (Sync) - ICar.support.Utils.waitForPageLoad(Utils.java:109)</small> </font> </div>
<div class="test-event"> <font color="maroon"> <small> &emsp; &emsp;--- 16 Oct 10:33:19 845 - Page URL:: https://i-car--staging.sandbox.lightning.force.com/lightning/r/account/0011i00000uwf9rqae/view</small> </font> </div>
<div class="test-event"> <font color="maroon"> <small> &emsp; &emsp;--- 16 Oct 10:33:19 845 - <b>1</b> - Page Load Wait: (Sync) - ICar.support.Utils.waitForPageLoad(Utils.java:109)</small> </font> </div>
<div class="test-event"> <font color="maroon"> <small> &emsp; &emsp;--- 16 Oct 10:33:25 221 - Page URL:: https://i-car--staging.sandbox.lightning.force.com/lightning/o/account/list?filtername=accounts</small> </font> </div>
<div class="test-event"> <font color="maroon"> <small> &emsp; &emsp;--- 16 Oct 10:33:25 221 - <b>0</b> - Page Load Wait: (Sync) - ICar.support.Utils.waitForPageLoad(Utils.java:109)</small> </font> </div>
<div class="test-message">&emsp;Close the tab</div>
<div class="test-event"> <font color="maroon"> <small> &emsp; &emsp;--- 16 Oct 10:33:30 879 - Page URL:: https://i-car--staging.sandbox.lightning.force.com/lightning/o/account/list?filtername=accounts</small> </font> </div>
<div class="test-event"> <font color="maroon"> <small> &emsp; &emsp;--- 16 Oct 10:33:30 880 - <b>0</b> - Page Load Wait: (Sync) - ICar.support.Utils.waitForPageLoad(Utils.java:109)</small> </font> </div>
<div class="test-event"> <font color="maroon"> <small> &emsp; &emsp;--- 16 Oct 10:33:30 921 - Element is displayed:: [[ChromeDriver: chrome on WINDOWS (28664b57a45e9f44049179a204debc44)] -> css selector: button[class*='search-button']]</small> </font> </div>
<div class="test-event"> <font color="maroon"> <small> &emsp; &emsp;--- 16 Oct 10:33:33 009 - Catched spinner load exception due to Expected condition failed: waiting for ICar.support.WaitUtils$4@714addf7 (tried for 2 second(s) with 500 milliseconds interval)</small> </font> </div>
<div class="test-event"> <font color="maroon"> <small> &emsp; &emsp;--- 16 Oct 10:33:33 009 - <b>2</b> - Spinner Load Wait: (Sync) - ICar.support.WaitUtils.waitForSpinner(WaitUtils.java:225)</small> </font> </div>
<div class="test-event"> <font color="maroon"> <small> &emsp; &emsp;--- 16 Oct 10:33:36 078 - Element is displayed:: [[ChromeDriver: chrome on WINDOWS (28664b57a45e9f44049179a204debc44)] -> css selector: button[class*='search-button']]</small> </font> </div>
<div class="test-event"> <font color="maroon"> <small> &emsp; &emsp;--- 16 Oct 10:33:36 667 - Page URL:: https://i-car--staging.sandbox.lightning.force.com/lightning/o/account/list?filtername=accounts</small> </font> </div>
<div class="test-event"> <font color="maroon"> <small> &emsp; &emsp;--- 16 Oct 10:33:36 667 - <b>0</b> - Page Load Wait: (Sync) - ICar.support.Utils.waitForPageLoad(Utils.java:109)</small> </font> </div>
<div class="test-event"> <font color="maroon"> <small> &emsp; &emsp;--- 16 Oct 10:33:56 424 - Catched spinner load exception due to Expected condition failed: waiting for ICar.support.WaitUtils$4@714addf7 (tried for 10 second(s) with 500 milliseconds interval)</small> </font> </div>
<div class="test-event"> <font color="maroon"> <small> &emsp; &emsp;--- 16 Oct 10:33:56 424 - <b>10</b> - Spinner Load Wait: (Sync) - ICar.support.WaitUtils.waitForSpinner(WaitUtils.java:225)</small> </font> </div>
<div class="test-event"> <font color="maroon"> <small> &emsp; &emsp;--- 16 Oct 10:33:57 026 - Page URL:: https://i-car--staging.sandbox.lightning.force.com/one/one.app#eyjjb21wb25lbnrezwyioijmb3jjzvnlyxjjadpzzwfyy2hqywdlrgvza3rvccisimf0dhjpynv0zxmionsidgvybsi6ijiynjqzmdgilcjzy29wzu1hcci6eyj0exblijoive9qx1jfu1vmvfmilcjuyw1lc3bhy2uioiiilcjsywjlbci6ilrvccbszxn1bhrziiwibgfizwxqbhvyywwioijub3agumvzdwx0cyisinjlc3vsdhndbxaioijmb3jjzvnlyxjjadpwcmvkawn0zwrszxn1bhrzin0simnvbnrlehqionsirklmvevsuyi6e30sinnlyxjjafnvdxjjzsi6ikftu0ltvefovf9esufmt0cilcjkaxnhymxlsw50zw50uxvlcnkiomzhbhnllcjkaxnhymxlu3blbgxdb3jyzwn0aw9uijpmywxzzswic2vhcmnorglhbg9nu2vzc2lvbklkijoimtuxzgm1m2utzjdmyy00zwmxlthjmwqtzwrhy2u1mgzlmwjiiiwizgvidwdjbmzvijp7imfwce5hbwuioijjq2fyx1nlcnzpy2vfq29uc29szsisimfwcfr5cguioijdb25zb2xliiwiyxbwtmftzxnwywnlijoiyyisimxvy2f0aw9uijoizm9yy2u6b2jqzwn0sg9tzurlc2t0b3ailcjzb2jqzwn0vhlwzsi6ikfjy291bnqifx0simdyb3vwswqioijeruzbvuxuin0sinn0yxrlijp7fx0%3d</small> </font> </div>
<div class="test-event"> <font color="maroon"> <small> &emsp; &emsp;--- 16 Oct 10:33:57 026 - <b>0</b> - Page Load Wait: (Sync) - ICar.support.Utils.waitForPageLoad(Utils.java:109)</small> </font> </div>
<div class="test-event"> <font color="maroon"> <small> &emsp; &emsp;--- 16 Oct 10:34:08 452 - Catched spinner load exception due to Expected condition failed: waiting for ICar.support.WaitUtils$4@714addf7 (tried for 11 second(s) with 500 milliseconds interval)</small> </font> </div>
<div class="test-event"> <font color="maroon"> <small> &emsp; &emsp;--- 16 Oct 10:34:08 452 - <b>11</b> - Spinner Load Wait: (Sync) - ICar.support.WaitUtils.waitForSpinner(WaitUtils.java:225)</small> </font> </div>
<div class="test-event"> <font color="maroon"> <small> &emsp; &emsp;--- 16 Oct 10:34:08 940 - Page URL:: https://i-car--staging.sandbox.lightning.force.com/one/one.app#eyjjb21wb25lbnrezwyioijmb3jjzvnlyxjjadpzzwfyy2hqywdlrgvza3rvccisimf0dhjpynv0zxmionsidgvybsi6ijiynjqzmdgilcjzy29wzu1hcci6eyj0exblijoive9qx1jfu1vmvfmilcjuyw1lc3bhy2uioiiilcjsywjlbci6ilrvccbszxn1bhrziiwibgfizwxqbhvyywwioijub3agumvzdwx0cyisinjlc3vsdhndbxaioijmb3jjzvnlyxjjadpwcmvkawn0zwrszxn1bhrzin0simnvbnrlehqionsirklmvevsuyi6e30sinnlyxjjafnvdxjjzsi6ikftu0ltvefovf9esufmt0cilcjkaxnhymxlsw50zw50uxvlcnkiomzhbhnllcjkaxnhymxlu3blbgxdb3jyzwn0aw9uijpmywxzzswic2vhcmnorglhbg9nu2vzc2lvbklkijoimtuxzgm1m2utzjdmyy00zwmxlthjmwqtzwrhy2u1mgzlmwjiiiwizgvidwdjbmzvijp7imfwce5hbwuioijjq2fyx1nlcnzpy2vfq29uc29szsisimfwcfr5cguioijdb25zb2xliiwiyxbwtmftzxnwywnlijoiyyisimxvy2f0aw9uijoizm9yy2u6b2jqzwn0sg9tzurlc2t0b3ailcjzb2jqzwn0vhlwzsi6ikfjy291bnqifx0simdyb3vwswqioijeruzbvuxuin0sinn0yxrlijp7fx0%3d</small> </font> </div>
<div class="test-event"> <font color="maroon"> <small> &emsp; &emsp;--- 16 Oct 10:34:08 940 - <b>0</b> - Page Load Wait: (Sync) - ICar.support.Utils.waitForPageLoad(Utils.java:109)</small> </font> </div>
<div class="test-event"> <font color="maroon"> <small> &emsp; &emsp;--- 16 Oct 10:34:08 990 - Element is displayed:: [[ChromeDriver: chrome on WINDOWS (28664b57a45e9f44049179a204debc44)] -> xpath: //a[@title='Top Results']//span[text()='Top Results']]</small> </font> </div>
<div class="test-event"> <font color="maroon"> <small> &emsp; &emsp;--- 16 Oct 10:34:09 366 - Page URL:: https://i-car--staging.sandbox.lightning.force.com/one/one.app#eyjjb21wb25lbnrezwyioijmb3jjzvnlyxjjadpzzwfyy2hqywdlrgvza3rvccisimf0dhjpynv0zxmionsidgvybsi6ijiynjqzmdgilcjzy29wzu1hcci6eyj0exblijoive9qx1jfu1vmvfmilcjuyw1lc3bhy2uioiiilcjsywjlbci6ilrvccbszxn1bhrziiwibgfizwxqbhvyywwioijub3agumvzdwx0cyisinjlc3vsdhndbxaioijmb3jjzvnlyxjjadpwcmvkawn0zwrszxn1bhrzin0simnvbnrlehqionsirklmvevsuyi6e30sinnlyxjjafnvdxjjzsi6ikftu0ltvefovf9esufmt0cilcjkaxnhymxlsw50zw50uxvlcnkiomzhbhnllcjkaxnhymxlu3blbgxdb3jyzwn0aw9uijpmywxzzswic2vhcmnorglhbg9nu2vzc2lvbklkijoimtuxzgm1m2utzjdmyy00zwmxlthjmwqtzwrhy2u1mgzlmwjiiiwizgvidwdjbmzvijp7imfwce5hbwuioijjq2fyx1nlcnzpy2vfq29uc29szsisimfwcfr5cguioijdb25zb2xliiwiyxbwtmftzxnwywnlijoiyyisimxvy2f0aw9uijoizm9yy2u6b2jqzwn0sg9tzurlc2t0b3ailcjzb2jqzwn0vhlwzsi6ikfjy291bnqifx0simdyb3vwswqioijeruzbvuxuin0sinn0yxrlijp7fx0%3d</small> </font> </div>
<div class="test-event"> <font color="maroon"> <small> &emsp; &emsp;--- 16 Oct 10:34:09 366 - <b>0</b> - Page Load Wait: (Sync) - ICar.support.Utils.waitForPageLoad(Utils.java:109)</small> </font> </div>
<div class="test-event"> <font color="maroon"> <small> &emsp; &emsp;--- 16 Oct 10:34:14 884 - Catched spinner load exception due to Expected condition failed: waiting for ICar.support.WaitUtils$4@714addf7 (tried for 5 second(s) with 500 milliseconds interval)</small> </font> </div>
<div class="test-event"> <font color="maroon"> <small> &emsp; &emsp;--- 16 Oct 10:34:14 884 - <b>5</b> - Spinner Load Wait: (Sync) - ICar.support.WaitUtils.waitForSpinner(WaitUtils.java:225)</small> </font> </div>
<div class="test-event"> <font color="maroon"> <small> &emsp; &emsp;--- 16 Oct 10:34:15 383 - Page URL:: https://i-car--staging.sandbox.lightning.force.com/one/one.app#eyjjb21wb25lbnrezwyioijmb3jjzvnlyxjjadpzzwfyy2hqywdlrgvza3rvccisimf0dhjpynv0zxmionsidgvybsi6ijiynjqzmdgilcjzy29wzu1hcci6eyj0exblijoive9qx1jfu1vmvfmilcjuyw1lc3bhy2uioiiilcjsywjlbci6ilrvccbszxn1bhrziiwibgfizwxqbhvyywwioijub3agumvzdwx0cyisinjlc3vsdhndbxaioijmb3jjzvnlyxjjadpwcmvkawn0zwrszxn1bhrzin0simnvbnrlehqionsirklmvevsuyi6e30sinnlyxjjafnvdxjjzsi6ikftu0ltvefovf9esufmt0cilcjkaxnhymxlsw50zw50uxvlcnkiomzhbhnllcjkaxnhymxlu3blbgxdb3jyzwn0aw9uijpmywxzzswic2vhcmnorglhbg9nu2vzc2lvbklkijoimtuxzgm1m2utzjdmyy00zwmxlthjmwqtzwrhy2u1mgzlmwjiiiwizgvidwdjbmzvijp7imfwce5hbwuioijjq2fyx1nlcnzpy2vfq29uc29szsisimfwcfr5cguioijdb25zb2xliiwiyxbwtmftzxnwywnlijoiyyisimxvy2f0aw9uijoizm9yy2u6b2jqzwn0sg9tzurlc2t0b3ailcjzb2jqzwn0vhlwzsi6ikfjy291bnqifx0simdyb3vwswqioijeruzbvuxuin0sinn0yxrlijp7fx0%3d</small> </font> </div>
<div class="test-event"> <font color="maroon"> <small> &emsp; &emsp;--- 16 Oct 10:34:15 383 - <b>0</b> - Page Load Wait: (Sync) - ICar.support.Utils.waitForPageLoad(Utils.java:109)</small> </font> </div>
<div class="test-event"> <font color="maroon"> <small> &emsp; &emsp;--- 16 Oct 10:34:15 962 - Page URL:: https://i-car--staging.sandbox.lightning.force.com/one/one.app#eyjjb21wb25lbnrezwyioijmb3jjzvnlyxjjadpzzwfyy2hqywdlrgvza3rvccisimf0dhjpynv0zxmionsidgvybsi6ijiynjqzmdgilcjzy29wzu1hcci6eyj0exblijoive9qx1jfu1vmvfmilcjuyw1lc3bhy2uioiiilcjsywjlbci6ilrvccbszxn1bhrziiwibgfizwxqbhvyywwioijub3agumvzdwx0cyisinjlc3vsdhndbxaioijmb3jjzvnlyxjjadpwcmvkawn0zwrszxn1bhrzin0simnvbnrlehqionsirklmvevsuyi6e30sinnlyxjjafnvdxjjzsi6ikftu0ltvefovf9esufmt0cilcjkaxnhymxlsw50zw50uxvlcnkiomzhbhnllcjkaxnhymxlu3blbgxdb3jyzwn0aw9uijpmywxzzswic2vhcmnorglhbg9nu2vzc2lvbklkijoimtuxzgm1m2utzjdmyy00zwmxlthjmwqtzwrhy2u1mgzlmwjiiiwizgvidwdjbmzvijp7imfwce5hbwuioijjq2fyx1nlcnzpy2vfq29uc29szsisimfwcfr5cguioijdb25zb2xliiwiyxbwtmftzxnwywnlijoiyyisimxvy2f0aw9uijoizm9yy2u6b2jqzwn0sg9tzurlc2t0b3ailcjzb2jqzwn0vhlwzsi6ikfjy291bnqifx0simdyb3vwswqioijeruzbvuxuin0sinn0yxrlijp7fx0%3d</small> </font> </div>
<div class="test-event"> <font color="maroon"> <small> &emsp; &emsp;--- 16 Oct 10:34:15 963 - <b>0</b> - Page Load Wait: (Sync) - ICar.support.Utils.waitForPageLoad(Utils.java:109)</small> </font> </div>
<div class="test-event"> <font color="maroon"> <small> &emsp; &emsp;--- 16 Oct 10:34:16 449 - Page URL:: https://i-car--staging.sandbox.lightning.force.com/one/one.app#eyjjb21wb25lbnrezwyioijmb3jjzvnlyxjjadpzzwfyy2hqywdlrgvza3rvccisimf0dhjpynv0zxmionsidgvybsi6ijiynjqzmdgilcjzy29wzu1hcci6eyj0exblijoive9qx1jfu1vmvfmilcjuyw1lc3bhy2uioiiilcjsywjlbci6ilrvccbszxn1bhrziiwibgfizwxqbhvyywwioijub3agumvzdwx0cyisinjlc3vsdhndbxaioijmb3jjzvnlyxjjadpwcmvkawn0zwrszxn1bhrzin0simnvbnrlehqionsirklmvevsuyi6e30sinnlyxjjafnvdxjjzsi6ikftu0ltvefovf9esufmt0cilcjkaxnhymxlsw50zw50uxvlcnkiomzhbhnllcjkaxnhymxlu3blbgxdb3jyzwn0aw9uijpmywxzzswic2vhcmnorglhbg9nu2vzc2lvbklkijoimtuxzgm1m2utzjdmyy00zwmxlthjmwqtzwrhy2u1mgzlmwjiiiwizgvidwdjbmzvijp7imfwce5hbwuioijjq2fyx1nlcnzpy2vfq29uc29szsisimfwcfr5cguioijdb25zb2xliiwiyxbwtmftzxnwywnlijoiyyisimxvy2f0aw9uijoizm9yy2u6b2jqzwn0sg9tzurlc2t0b3ailcjzb2jqzwn0vhlwzsi6ikfjy291bnqifx0simdyb3vwswqioijeruzbvuxuin0sinn0yxrlijp7fx0%3d</small> </font> </div>
<div class="test-event"> <font color="maroon"> <small> &emsp; &emsp;--- 16 Oct 10:34:16 449 - <b>0</b> - Page Load Wait: (Sync) - ICar.support.Utils.waitForPageLoad(Utils.java:109)</small> </font> </div>
<div class="test-event"> <font color="maroon"> <small> &emsp; &emsp;--- 16 Oct 10:34:24 808 - Catched spinner load exception due to Expected condition failed: waiting for ICar.support.WaitUtils$4@714addf7 (tried for 8 second(s) with 500 milliseconds interval)</small> </font> </div>
<div class="test-event"> <font color="maroon"> <small> &emsp; &emsp;--- 16 Oct 10:34:24 808 - <b>8</b> - Spinner Load Wait: (Sync) - ICar.support.WaitUtils.waitForSpinner(WaitUtils.java:225)</small> </font> </div>
<div class="test-event"> <font color="maroon"> <small> &emsp; &emsp;--- 16 Oct 10:34:25 285 - Page URL:: https://i-car--staging.sandbox.lightning.force.com/one/one.app#eyjjb21wb25lbnrezwyioijmb3jjzvnlyxjjadpzzwfyy2hqywdlrgvza3rvccisimf0dhjpynv0zxmionsidgvybsi6ijiynjqzmdgilcjzy29wzu1hcci6eyj0exblijoive9qx1jfu1vmvfmilcjuyw1lc3bhy2uioiiilcjsywjlbci6ilrvccbszxn1bhrziiwibgfizwxqbhvyywwioijub3agumvzdwx0cyisinjlc3vsdhndbxaioijmb3jjzvnlyxjjadpwcmvkawn0zwrszxn1bhrzin0simnvbnrlehqionsirklmvevsuyi6e30sinnlyxjjafnvdxjjzsi6ikftu0ltvefovf9esufmt0cilcjkaxnhymxlsw50zw50uxvlcnkiomzhbhnllcjkaxnhymxlu3blbgxdb3jyzwn0aw9uijpmywxzzswic2vhcmnorglhbg9nu2vzc2lvbklkijoimtuxzgm1m2utzjdmyy00zwmxlthjmwqtzwrhy2u1mgzlmwjiiiwizgvidwdjbmzvijp7imfwce5hbwuioijjq2fyx1nlcnzpy2vfq29uc29szsisimfwcfr5cguioijdb25zb2xliiwiyxbwtmftzxnwywnlijoiyyisimxvy2f0aw9uijoizm9yy2u6b2jqzwn0sg9tzurlc2t0b3ailcjzb2jqzwn0vhlwzsi6ikfjy291bnqifx0simdyb3vwswqioijeruzbvuxuin0sinn0yxrlijp7fx0%3d</small> </font> </div>
<div class="test-event"> <font color="maroon"> <small> &emsp; &emsp;--- 16 Oct 10:34:25 285 - <b>0</b> - Page Load Wait: (Sync) - ICar.support.Utils.waitForPageLoad(Utils.java:109)</small> </font> </div>
<div class="test-event"> <font color="maroon"> <small> &emsp; &emsp;--- 16 Oct 10:34:27 471 - Element is displayed:: [[ChromeDriver: chrome on WINDOWS (28664b57a45e9f44049179a204debc44)] -> xpath: //div[contains(@class,'forceSearchResultsRegion')]//div[contains(@class,'resultsMultiWrapper')]/div/div[1]//following::h2//a]</small> </font> </div>
<div class="test-event"> <font color="maroon"> <small> &emsp; &emsp;--- 16 Oct 10:34:27 681 - Element is displayed:: [[ChromeDriver: chrome on WINDOWS (28664b57a45e9f44049179a204debc44)] -> xpath: //a[text()='Contacts']]</small> </font> </div>
<div class="test-event"> <font color="maroon"> <small> &emsp; &emsp;--- 16 Oct 10:34:31 820 - Element is displayed:: [[ChromeDriver: chrome on WINDOWS (28664b57a45e9f44049179a204debc44)] -> xpath: //div[text()='Contacts']//following :: table//tbody//th//span /a]</small> </font> </div>
<div class="test-message">&emsp;6. click on 'view all' on Platnium status in Sales force</div>
<div class="test-event"> <font color="maroon"> <small> &emsp; &emsp;--- 16 Oct 10:34:32 382 - Page URL:: https://i-car--staging.sandbox.lightning.force.com/one/one.app#eyjjb21wb25lbnrezwyioijmb3jjzvnlyxjjadpzzwfyy2hqywdlrgvza3rvccisimf0dhjpynv0zxmionsidgvybsi6ijiynjqzmdgilcjzy29wzu1hcci6eyj0exblijoive9qx1jfu1vmvfmilcjuyw1lc3bhy2uioiiilcjsywjlbci6ilrvccbszxn1bhrziiwibgfizwxqbhvyywwioijub3agumvzdwx0cyisinjlc3vsdhndbxaioijmb3jjzvnlyxjjadpwcmvkawn0zwrszxn1bhrzin0simnvbnrlehqionsirklmvevsuyi6e30sinnlyxjjafnvdxjjzsi6ikftu0ltvefovf9esufmt0cilcjkaxnhymxlsw50zw50uxvlcnkiomzhbhnllcjkaxnhymxlu3blbgxdb3jyzwn0aw9uijpmywxzzswic2vhcmnorglhbg9nu2vzc2lvbklkijoimtuxzgm1m2utzjdmyy00zwmxlthjmwqtzwrhy2u1mgzlmwjiiiwizgvidwdjbmzvijp7imfwce5hbwuioijjq2fyx1nlcnzpy2vfq29uc29szsisimfwcfr5cguioijdb25zb2xliiwiyxbwtmftzxnwywnlijoiyyisimxvy2f0aw9uijoizm9yy2u6b2jqzwn0sg9tzurlc2t0b3ailcjzb2jqzwn0vhlwzsi6ikfjy291bnqifx0simdyb3vwswqioijeruzbvuxuin0sinn0yxrlijp7fx0%3d</small> </font> </div>
<div class="test-event"> <font color="maroon"> <small> &emsp; &emsp;--- 16 Oct 10:34:32 382 - <b>0</b> - Page Load Wait: (Sync) - ICar.support.Utils.waitForPageLoad(Utils.java:109)</small> </font> </div>
<div class="test-event"> <font color="maroon"> <small> &emsp; &emsp;--- 16 Oct 10:34:52 656 - Catched spinner load exception due to Expected condition failed: waiting for ICar.support.WaitUtils$4@714addf7 (tried for 20 second(s) with 500 milliseconds interval)</small> </font> </div>
<div class="test-event"> <font color="maroon"> <small> &emsp; &emsp;--- 16 Oct 10:34:52 656 - <b>20</b> - Spinner Load Wait: (Sync) - ICar.support.WaitUtils.waitForSpinner(WaitUtils.java:225)</small> </font> </div>
<div class="test-event"> <font color="maroon"> <small> &emsp; &emsp;--- 16 Oct 10:34:53 253 - Page URL:: https://i-car--staging.sandbox.lightning.force.com/lightning/r/contact/0031i00000nuecbqa2/view</small> </font> </div>
<div class="test-event"> <font color="maroon"> <small> &emsp; &emsp;--- 16 Oct 10:34:53 253 - <b>0</b> - Page Load Wait: (Sync) - ICar.support.Utils.waitForPageLoad(Utils.java:109)</small> </font> </div>
<div class="test-event"> <font color="maroon"> <small> &emsp; &emsp;--- 16 Oct 10:34:58 339 - Catched spinner load exception due to Expected condition failed: waiting for ICar.support.WaitUtils$4@714addf7 (tried for 5 second(s) with 500 milliseconds interval)</small> </font> </div>
<div class="test-event"> <font color="maroon"> <small> &emsp; &emsp;--- 16 Oct 10:34:58 339 - <b>5</b> - Spinner Load Wait: (Sync) - ICar.support.WaitUtils.waitForSpinner(WaitUtils.java:225)</small> </font> </div>
<div class="test-event"> <font color="maroon"> <small> &emsp; &emsp;--- 16 Oct 10:34:59 136 - Page URL:: https://i-car--staging.sandbox.lightning.force.com/lightning/r/contact/0031i00000nuecbqa2/view</small> </font> </div>
<div class="test-event"> <font color="maroon"> <small> &emsp; &emsp;--- 16 Oct 10:34:59 136 - <b>0</b> - Page Load Wait: (Sync) - ICar.support.Utils.waitForPageLoad(Utils.java:109)</small> </font> </div>
<!--FAIL-->
<div class="test-result"><br><font color="red"><strong> Index 0 out of bounds for length 0 </strong></font> <a href=".\ScreenShot\ICar_BAM776_TC04_42469694888500.png" target="_blank" >[ScreenShot]</a></div>&emsp;
&emsp;<div class="test-title"> <strong><font size = "3" color = "#0000FF">---Test Execution Ends---</font> </strong> </div>&emsp;
<div class="test-event"> <font color="maroon"> <small> &emsp; &emsp;--- 16 Oct 10:35:03 206 - TestCaseID:: ICar_BAM776_TC05</small> </font> </div>
<div class="test-event"> <font color="maroon"> <small> &emsp; &emsp;--- 16 Oct 10:35:04 331 - <b>1</b> - Driver::initialize::Get - ICar.support.WebDriverFactory.getDriver(WebDriverFactory.java:640)</small> </font> </div>
&emsp;<div class="test-title"> <strong><font size = "3" color = "#000080">The platinum evaluator should run when: GC Exception Date is updated</font> </strong> </div>&emsp;<div><strong>Steps:</strong></div><!-- Report -->&emsp;
<div class="test-event"> <font color="maroon"> <small> &emsp; &emsp;--- 16 Oct 10:35:10 288 - Page URL:: https://i-car--staging.sandbox.my.salesforce.com/</small> </font> </div>
<div class="test-event"> <font color="maroon"> <small> &emsp; &emsp;--- 16 Oct 10:35:10 288 - <b>0</b> - Page Load Wait: (Sync) - ICar.support.Utils.waitForPageLoad(Utils.java:109)</small> </font> </div>
<div class="test-message">&emsp;Successfully navigated to 'Login' Page&emsp;<a href=".\ScreenShot\ICar_BAM776_TC05_42477720839100.png" target="_blank" >[ScreenShot]</a></div>
<div class="test-message">&emsp;1. Login page is launched.</div>
<div class="test-event"> <font color="maroon"> <small> &emsp; &emsp;--- 16 Oct 10:35:10 573 - Element is displayed:: [[ChromeDriver: chrome on WINDOWS (7973cde9848270c6957d4ed706703a26)] -> id: username]</small> </font> </div>
<div class="test-event"> <font color="maroon"> <small> &emsp; &emsp;--- 16 Oct 10:35:10 633 - Element is displayed:: [[ChromeDriver: chrome on WINDOWS (7973cde9848270c6957d4ed706703a26)] -> id: username]</small> </font> </div>
<div class="test-event"> <font color="maroon"> <small> &emsp; &emsp;--- 16 Oct 10:35:10 907 - Element is displayed:: [[ChromeDriver: chrome on WINDOWS (7973cde9848270c6957d4ed706703a26)] -> id: password]</small> </font> </div>
<div class="test-event"> <font color="maroon"> <small> &emsp; &emsp;--- 16 Oct 10:35:11 099 - Element is displayed:: [[ChromeDriver: chrome on WINDOWS (7973cde9848270c6957d4ed706703a26)] -> id: Login]</small> </font> </div>
<div class="test-event"> <font color="maroon"> <small> &emsp; &emsp;--- 16 Oct 10:35:40 550 - Catched spinner load exception due to Expected condition failed: waiting for ICar.support.WaitUtils$4@714addf7 (tried for 13 second(s) with 500 milliseconds interval)</small> </font> </div>
<div class="test-event"> <font color="maroon"> <small> &emsp; &emsp;--- 16 Oct 10:35:40 550 - <b>13</b> - Spinner Load Wait: (Sync) - ICar.support.WaitUtils.waitForSpinner(WaitUtils.java:225)</small> </font> </div>
<div class="test-event"> <font color="maroon"> <small> &emsp; &emsp;--- 16 Oct 10:35:58 363 - Catched spinner load exception due to Expected condition failed: waiting for ICar.support.WaitUtils$4@714addf7 (tried for 6 second(s) with 500 milliseconds interval)</small> </font> </div>
<div class="test-event"> <font color="maroon"> <small> &emsp; &emsp;--- 16 Oct 10:35:58 363 - <b>6</b> - Spinner Load Wait: (Sync) - ICar.support.WaitUtils.waitForSpinner(WaitUtils.java:225)</small> </font> </div>
<div class="test-event"> <font color="maroon"> <small> &emsp; &emsp;--- 16 Oct 10:35:58 437 - Element is displayed:: [[ChromeDriver: chrome on WINDOWS (7973cde9848270c6957d4ed706703a26)] -> css selector: button[class*='search-button']]</small> </font> </div>
<div class="test-message">&emsp;2. Navigate to 'SalesForce Page'</div>
<div class="test-event"> <font color="maroon"> <small> &emsp; &emsp;--- 16 Oct 10:35:58 724 - Page URL:: https://i-car--staging.sandbox.lightning.force.com/lightning/r/contact/0031i00000nuecbqa2/view</small> </font> </div>
<div class="test-event"> <font color="maroon"> <small> &emsp; &emsp;--- 16 Oct 10:35:58 724 - <b>0</b> - Page Load Wait: (Sync) - ICar.support.Utils.waitForPageLoad(Utils.java:109)</small> </font> </div>
<div class="test-event"> <font color="maroon"> <small> &emsp; &emsp;--- 16 Oct 10:36:04 075 - Page URL:: https://i-car--staging.sandbox.lightning.force.com/lightning/r/contact/0031i00000nuecbqa2/view</small> </font> </div>
<div class="test-event"> <font color="maroon"> <small> &emsp; &emsp;--- 16 Oct 10:36:04 075 - <b>0</b> - Page Load Wait: (Sync) - ICar.support.Utils.waitForPageLoad(Utils.java:109)</small> </font> </div>
<div class="test-message">&emsp;Close the tab</div>
<div class="test-message">&emsp;Successfully navigated to 'Login' Page&emsp;<a href=".\ScreenShot\ICar_BAM776_TC05_42536781436400.png" target="_blank" >[ScreenShot]</a></div>
<div class="test-message">&emsp;3. Enter the user credentials as : icaradminautomation3@i-car.com.staging</div>
<div class="test-event"> <font color="maroon"> <small> &emsp; &emsp;--- 16 Oct 10:36:09 888 - Page URL:: https://i-car--staging.sandbox.lightning.force.com/lightning/o/account/list?filtername=accounts</small> </font> </div>
<div class="test-event"> <font color="maroon"> <small> &emsp; &emsp;--- 16 Oct 10:36:09 888 - <b>0</b> - Page Load Wait: (Sync) - ICar.support.Utils.waitForPageLoad(Utils.java:109)</small> </font> </div>
<div class="test-event"> <font color="maroon"> <small> &emsp; &emsp;--- 16 Oct 10:36:15 260 - Page URL:: https://i-car--staging.sandbox.lightning.force.com/lightning/o/account/list?filtername=accounts</small> </font> </div>
<div class="test-event"> <font color="maroon"> <small> &emsp; &emsp;--- 16 Oct 10:36:15 260 - <b>0</b> - Page Load Wait: (Sync) - ICar.support.Utils.waitForPageLoad(Utils.java:109)</small> </font> </div>
<div class="test-message">&emsp;Close the tab</div>
<div class="test-event"> <font color="maroon"> <small> &emsp; &emsp;--- 16 Oct 10:36:20 890 - Page URL:: https://i-car--staging.sandbox.lightning.force.com/lightning/o/account/list?filtername=accounts</small> </font> </div>
<div class="test-event"> <font color="maroon"> <small> &emsp; &emsp;--- 16 Oct 10:36:20 890 - <b>0</b> - Page Load Wait: (Sync) - ICar.support.Utils.waitForPageLoad(Utils.java:109)</small> </font> </div>
<div class="test-event"> <font color="maroon"> <small> &emsp; &emsp;--- 16 Oct 10:36:20 933 - Element is displayed:: [[ChromeDriver: chrome on WINDOWS (7973cde9848270c6957d4ed706703a26)] -> css selector: button[class*='search-button']]</small> </font> </div>
<div class="test-event"> <font color="maroon"> <small> &emsp; &emsp;--- 16 Oct 10:36:22 991 - Catched spinner load exception due to Expected condition failed: waiting for ICar.support.WaitUtils$4@714addf7 (tried for 2 second(s) with 500 milliseconds interval)</small> </font> </div>
<div class="test-event"> <font color="maroon"> <small> &emsp; &emsp;--- 16 Oct 10:36:22 991 - <b>2</b> - Spinner Load Wait: (Sync) - ICar.support.WaitUtils.waitForSpinner(WaitUtils.java:225)</small> </font> </div>
<div class="test-event"> <font color="maroon"> <small> &emsp; &emsp;--- 16 Oct 10:36:26 083 - Element is displayed:: [[ChromeDriver: chrome on WINDOWS (7973cde9848270c6957d4ed706703a26)] -> css selector: button[class*='search-button']]</small> </font> </div>
<div class="test-event"> <font color="maroon"> <small> &emsp; &emsp;--- 16 Oct 10:36:26 718 - Page URL:: https://i-car--staging.sandbox.lightning.force.com/lightning/o/account/list?filtername=accounts</small> </font> </div>
<div class="test-event"> <font color="maroon"> <small> &emsp; &emsp;--- 16 Oct 10:36:26 718 - <b>0</b> - Page Load Wait: (Sync) - ICar.support.Utils.waitForPageLoad(Utils.java:109)</small> </font> </div>
<div class="test-event"> <font color="maroon"> <small> &emsp; &emsp;--- 16 Oct 10:36:46 670 - Catched spinner load exception due to Expected condition failed: waiting for ICar.support.WaitUtils$4@714addf7 (tried for 10 second(s) with 500 milliseconds interval)</small> </font> </div>
<div class="test-event"> <font color="maroon"> <small> &emsp; &emsp;--- 16 Oct 10:36:46 670 - <b>10</b> - Spinner Load Wait: (Sync) - ICar.support.WaitUtils.waitForSpinner(WaitUtils.java:225)</small> </font> </div>
<div class="test-event"> <font color="maroon"> <small> &emsp; &emsp;--- 16 Oct 10:36:48 285 - Page URL:: https://i-car--staging.sandbox.lightning.force.com/one/one.app#eyjjb21wb25lbnrezwyioijmb3jjzvnlyxjjadpzzwfyy2hqywdlrgvza3rvccisimf0dhjpynv0zxmionsidgvybsi6ikdyb3nzasamiefzc29jawf0zxmsieluyyisinnjb3bltwfwijp7inr5cguioijut1bfukvtvuxuuyisim5hbwvzcgfjzsi6iiisimxhymvsijoivg9wifjlc3vsdhmilcjsywjlbfbsdxjhbci6ilrvccbszxn1bhrziiwicmvzdwx0c0ntcci6imzvcmnlu2vhcmnoonbyzwrpy3rlzfjlc3vsdhmifswiy29udgv4dci6eyjgsuxurvjtijp7fswic2vhcmnou291cmnlijoiqvntsvnuqu5ux0rjquxpryisimrpc2fibgvjbnrlbnrrdwvyesi6zmfsc2usimrpc2fibgvtcgvsbenvcnjly3rpb24iomzhbhnllcjzzwfyy2heawfsb2dtzxnzaw9uswqioii2ywm5zdmxns0ynjlkltcxmgity2vimi00zjfmodu2njjkymeilcjkzwj1z0luzm8ionsiyxbwtmftzsi6ikldyxjfu2vydmljzv9db25zb2xliiwiyxbwvhlwzsi6iknvbnnvbguilcjhchboyw1lc3bhy2uioijjiiwibg9jyxrpb24ioijmb3jjztpvymply3rib21lrgvza3rvccisinnvymply3ruexblijoiqwnjb3vudcj9fswiz3jvdxbjzci6ikrfrkfvtfqifswic3rhdguiont9fq%3d%3d</small> </font> </div>
<div class="test-event"> <font color="maroon"> <small> &emsp; &emsp;--- 16 Oct 10:36:48 286 - <b>1</b> - Page Load Wait: (Sync) - ICar.support.Utils.waitForPageLoad(Utils.java:109)</small> </font> </div>
<div class="test-event"> <font color="maroon"> <small> &emsp; &emsp;--- 16 Oct 10:36:59 335 - Catched spinner load exception due to Expected condition failed: waiting for ICar.support.WaitUtils$4@714addf7 (tried for 11 second(s) with 500 milliseconds interval)</small> </font> </div>
<div class="test-event"> <font color="maroon"> <small> &emsp; &emsp;--- 16 Oct 10:36:59 337 - <b>11</b> - Spinner Load Wait: (Sync) - ICar.support.WaitUtils.waitForSpinner(WaitUtils.java:225)</small> </font> </div>
<div class="test-event"> <font color="maroon"> <small> &emsp; &emsp;--- 16 Oct 10:37:00 785 - Page URL:: https://i-car--staging.sandbox.lightning.force.com/one/one.app#eyjjb21wb25lbnrezwyioijmb3jjzvnlyxjjadpzzwfyy2hqywdlrgvza3rvccisimf0dhjpynv0zxmionsidgvybsi6ikdyb3nzasamiefzc29jawf0zxmsieluyyisinnjb3bltwfwijp7inr5cguioijut1bfukvtvuxuuyisim5hbwvzcgfjzsi6iiisimxhymvsijoivg9wifjlc3vsdhmilcjsywjlbfbsdxjhbci6ilrvccbszxn1bhrziiwicmvzdwx0c0ntcci6imzvcmnlu2vhcmnoonbyzwrpy3rlzfjlc3vsdhmifswiy29udgv4dci6eyjgsuxurvjtijp7fswic2vhcmnou291cmnlijoiqvntsvnuqu5ux0rjquxpryisimrpc2fibgvjbnrlbnrrdwvyesi6zmfsc2usimrpc2fibgvtcgvsbenvcnjly3rpb24iomzhbhnllcjzzwfyy2heawfsb2dtzxnzaw9uswqioii2ywm5zdmxns0ynjlkltcxmgity2vimi00zjfmodu2njjkymeilcjkzwj1z0luzm8ionsiyxbwtmftzsi6ikldyxjfu2vydmljzv9db25zb2xliiwiyxbwvhlwzsi6iknvbnnvbguilcjhchboyw1lc3bhy2uioijjiiwibg9jyxrpb24ioijmb3jjztpvymply3rib21lrgvza3rvccisinnvymply3ruexblijoiqwnjb3vudcj9fswiz3jvdxbjzci6ikrfrkfvtfqifswic3rhdguiont9fq%3d%3d</small> </font> </div>
<div class="test-event"> <font color="maroon"> <small> &emsp; &emsp;--- 16 Oct 10:37:00 785 - <b>1</b> - Page Load Wait: (Sync) - ICar.support.Utils.waitForPageLoad(Utils.java:109)</small> </font> </div>
<div class="test-event"> <font color="maroon"> <small> &emsp; &emsp;--- 16 Oct 10:37:00 845 - Element is displayed:: [[ChromeDriver: chrome on WINDOWS (7973cde9848270c6957d4ed706703a26)] -> xpath: //a[@title='Top Results']//span[text()='Top Results']]</small> </font> </div>
<div class="test-event"> <font color="maroon"> <small> &emsp; &emsp;--- 16 Oct 10:37:01 426 - Page URL:: https://i-car--staging.sandbox.lightning.force.com/one/one.app#eyjjb21wb25lbnrezwyioijmb3jjzvnlyxjjadpzzwfyy2hqywdlrgvza3rvccisimf0dhjpynv0zxmionsidgvybsi6ikdyb3nzasamiefzc29jawf0zxmsieluyyisinnjb3bltwfwijp7inr5cguioijut1bfukvtvuxuuyisim5hbwvzcgfjzsi6iiisimxhymvsijoivg9wifjlc3vsdhmilcjsywjlbfbsdxjhbci6ilrvccbszxn1bhrziiwicmvzdwx0c0ntcci6imzvcmnlu2vhcmnoonbyzwrpy3rlzfjlc3vsdhmifswiy29udgv4dci6eyjgsuxurvjtijp7fswic2vhcmnou291cmnlijoiqvntsvnuqu5ux0rjquxpryisimrpc2fibgvjbnrlbnrrdwvyesi6zmfsc2usimrpc2fibgvtcgvsbenvcnjly3rpb24iomzhbhnllcjzzwfyy2heawfsb2dtzxnzaw9uswqioii2ywm5zdmxns0ynjlkltcxmgity2vimi00zjfmodu2njjkymeilcjkzwj1z0luzm8ionsiyxbwtmftzsi6ikldyxjfu2vydmljzv9db25zb2xliiwiyxbwvhlwzsi6iknvbnnvbguilcjhchboyw1lc3bhy2uioijjiiwibg9jyxrpb24ioijmb3jjztpvymply3rib21lrgvza3rvccisinnvymply3ruexblijoiqwnjb3vudcj9fswiz3jvdxbjzci6ikrfrkfvtfqifswic3rhdguiont9fq%3d%3d</small> </font> </div>
<div class="test-event"> <font color="maroon"> <small> &emsp; &emsp;--- 16 Oct 10:37:01 426 - <b>0</b> - Page Load Wait: (Sync) - ICar.support.Utils.waitForPageLoad(Utils.java:109)</small> </font> </div>
<div class="test-event"> <font color="maroon"> <small> &emsp; &emsp;--- 16 Oct 10:37:06 912 - Catched spinner load exception due to Expected condition failed: waiting for ICar.support.WaitUtils$4@714addf7 (tried for 5 second(s) with 500 milliseconds interval)</small> </font> </div>
<div class="test-event"> <font color="maroon"> <small> &emsp; &emsp;--- 16 Oct 10:37:06 912 - <b>5</b> - Spinner Load Wait: (Sync) - ICar.support.WaitUtils.waitForSpinner(WaitUtils.java:225)</small> </font> </div>
<div class="test-event"> <font color="maroon"> <small> &emsp; &emsp;--- 16 Oct 10:37:08 378 - Page URL:: https://i-car--staging.sandbox.lightning.force.com/one/one.app#eyjjb21wb25lbnrezwyioijmb3jjzvnlyxjjadpzzwfyy2hqywdlrgvza3rvccisimf0dhjpynv0zxmionsidgvybsi6ikdyb3nzasamiefzc29jawf0zxmsieluyyisinnjb3bltwfwijp7inr5cguioijut1bfukvtvuxuuyisim5hbwvzcgfjzsi6iiisimxhymvsijoivg9wifjlc3vsdhmilcjsywjlbfbsdxjhbci6ilrvccbszxn1bhrziiwicmvzdwx0c0ntcci6imzvcmnlu2vhcmnoonbyzwrpy3rlzfjlc3vsdhmifswiy29udgv4dci6eyjgsuxurvjtijp7fswic2vhcmnou291cmnlijoiqvntsvnuqu5ux0rjquxpryisimrpc2fibgvjbnrlbnrrdwvyesi6zmfsc2usimrpc2fibgvtcgvsbenvcnjly3rpb24iomzhbhnllcjzzwfyy2heawfsb2dtzxnzaw9uswqioii2ywm5zdmxns0ynjlkltcxmgity2vimi00zjfmodu2njjkymeilcjkzwj1z0luzm8ionsiyxbwtmftzsi6ikldyxjfu2vydmljzv9db25zb2xliiwiyxbwvhlwzsi6iknvbnnvbguilcjhchboyw1lc3bhy2uioijjiiwibg9jyxrpb24ioijmb3jjztpvymply3rib21lrgvza3rvccisinnvymply3ruexblijoiqwnjb3vudcj9fswiz3jvdxbjzci6ikrfrkfvtfqifswic3rhdguiont9fq%3d%3d</small> </font> </div>
<div class="test-event"> <font color="maroon"> <small> &emsp; &emsp;--- 16 Oct 10:37:08 379 - <b>1</b> - Page Load Wait: (Sync) - ICar.support.Utils.waitForPageLoad(Utils.java:109)</small> </font> </div>
<div class="test-event"> <font color="maroon"> <small> &emsp; &emsp;--- 16 Oct 10:37:09 785 - Page URL:: https://i-car--staging.sandbox.lightning.force.com/one/one.app#eyjjb21wb25lbnrezwyioijmb3jjzvnlyxjjadpzzwfyy2hqywdlrgvza3rvccisimf0dhjpynv0zxmionsidgvybsi6ikdyb3nzasamiefzc29jawf0zxmsieluyyisinnjb3bltwfwijp7inr5cguioijut1bfukvtvuxuuyisim5hbwvzcgfjzsi6iiisimxhymvsijoivg9wifjlc3vsdhmilcjsywjlbfbsdxjhbci6ilrvccbszxn1bhrziiwicmvzdwx0c0ntcci6imzvcmnlu2vhcmnoonbyzwrpy3rlzfjlc3vsdhmifswiy29udgv4dci6eyjgsuxurvjtijp7fswic2vhcmnou291cmnlijoiqvntsvnuqu5ux0rjquxpryisimrpc2fibgvjbnrlbnrrdwvyesi6zmfsc2usimrpc2fibgvtcgvsbenvcnjly3rpb24iomzhbhnllcjzzwfyy2heawfsb2dtzxnzaw9uswqioii2ywm5zdmxns0ynjlkltcxmgity2vimi00zjfmodu2njjkymeilcjkzwj1z0luzm8ionsiyxbwtmftzsi6ikldyxjfu2vydmljzv9db25zb2xliiwiyxbwvhlwzsi6iknvbnnvbguilcjhchboyw1lc3bhy2uioijjiiwibg9jyxrpb24ioijmb3jjztpvymply3rib21lrgvza3rvccisinnvymply3ruexblijoiqwnjb3vudcj9fswiz3jvdxbjzci6ikrfrkfvtfqifswic3rhdguiont9fq%3d%3d</small> </font> </div>
<div class="test-event"> <font color="maroon"> <small> &emsp; &emsp;--- 16 Oct 10:37:09 785 - <b>1</b> - Page Load Wait: (Sync) - ICar.support.Utils.waitForPageLoad(Utils.java:109)</small> </font> </div>
<div class="test-event"> <font color="maroon"> <small> &emsp; &emsp;--- 16 Oct 10:37:11 191 - Page URL:: https://i-car--staging.sandbox.lightning.force.com/one/one.app#eyjjb21wb25lbnrezwyioijmb3jjzvnlyxjjadpzzwfyy2hqywdlrgvza3rvccisimf0dhjpynv0zxmionsidgvybsi6ikdyb3nzasamiefzc29jawf0zxmsieluyyisinnjb3bltwfwijp7inr5cguioijut1bfukvtvuxuuyisim5hbwvzcgfjzsi6iiisimxhymvsijoivg9wifjlc3vsdhmilcjsywjlbfbsdxjhbci6ilrvccbszxn1bhrziiwicmvzdwx0c0ntcci6imzvcmnlu2vhcmnoonbyzwrpy3rlzfjlc3vsdhmifswiy29udgv4dci6eyjgsuxurvjtijp7fswic2vhcmnou291cmnlijoiqvntsvnuqu5ux0rjquxpryisimrpc2fibgvjbnrlbnrrdwvyesi6zmfsc2usimrpc2fibgvtcgvsbenvcnjly3rpb24iomzhbhnllcjzzwfyy2heawfsb2dtzxnzaw9uswqioii2ywm5zdmxns0ynjlkltcxmgity2vimi00zjfmodu2njjkymeilcjkzwj1z0luzm8ionsiyxbwtmftzsi6ikldyxjfu2vydmljzv9db25zb2xliiwiyxbwvhlwzsi6iknvbnnvbguilcjhchboyw1lc3bhy2uioijjiiwibg9jyxrpb24ioijmb3jjztpvymply3rib21lrgvza3rvccisinnvymply3ruexblijoiqwnjb3vudcj9fswiz3jvdxbjzci6ikrfrkfvtfqifswic3rhdguiont9fq%3d%3d</small> </font> </div>
<div class="test-event"> <font color="maroon"> <small> &emsp; &emsp;--- 16 Oct 10:37:11 192 - <b>1</b> - Page Load Wait: (Sync) - ICar.support.Utils.waitForPageLoad(Utils.java:109)</small> </font> </div>
<div class="test-event"> <font color="maroon"> <small> &emsp; &emsp;--- 16 Oct 10:37:21 611 - Catched spinner load exception due to Expected condition failed: waiting for ICar.support.WaitUtils$4@714addf7 (tried for 10 second(s) with 500 milliseconds interval)</small> </font> </div>
<div class="test-event"> <font color="maroon"> <small> &emsp; &emsp;--- 16 Oct 10:37:21 611 - <b>10</b> - Spinner Load Wait: (Sync) - ICar.support.WaitUtils.waitForSpinner(WaitUtils.java:225)</small> </font> </div>
<div class="test-event"> <font color="maroon"> <small> &emsp; &emsp;--- 16 Oct 10:37:21 650 - Element is displayed:: [[ChromeDriver: chrome on WINDOWS (7973cde9848270c6957d4ed706703a26)] -> css selector: div.forceSearchResultsRegion div.resultsMultiWrapper >div > div table tbody th a]</small> </font> </div>
<div class="test-event"> <font color="maroon"> <small> &emsp; &emsp;--- 16 Oct 10:37:21 765 - Element is displayed:: [[ChromeDriver: chrome on WINDOWS (7973cde9848270c6957d4ed706703a26)] -> css selector: div.forceSearchResultsRegion div.resultsMultiWrapper >div > div table tbody th a]</small> </font> </div>
<div class="test-message">&emsp;4. click on Account : Grossi & Associates, Inc</div>
<div class="test-event"> <font color="maroon"> <small> &emsp; &emsp;--- 16 Oct 10:37:23 706 - Page URL:: https://i-car--staging.sandbox.lightning.force.com/one/one.app#eyjjb21wb25lbnrezwyioijmb3jjzvnlyxjjadpzzwfyy2hqywdlrgvza3rvccisimf0dhjpynv0zxmionsidgvybsi6ikdyb3nzasamiefzc29jawf0zxmsieluyyisinnjb3bltwfwijp7inr5cguioijut1bfukvtvuxuuyisim5hbwvzcgfjzsi6iiisimxhymvsijoivg9wifjlc3vsdhmilcjsywjlbfbsdxjhbci6ilrvccbszxn1bhrziiwicmvzdwx0c0ntcci6imzvcmnlu2vhcmnoonbyzwrpy3rlzfjlc3vsdhmifswiy29udgv4dci6eyjgsuxurvjtijp7fswic2vhcmnou291cmnlijoiqvntsvnuqu5ux0rjquxpryisimrpc2fibgvjbnrlbnrrdwvyesi6zmfsc2usimrpc2fibgvtcgvsbenvcnjly3rpb24iomzhbhnllcjzzwfyy2heawfsb2dtzxnzaw9uswqioii2ywm5zdmxns0ynjlkltcxmgity2vimi00zjfmodu2njjkymeilcjkzwj1z0luzm8ionsiyxbwtmftzsi6ikldyxjfu2vydmljzv9db25zb2xliiwiyxbwvhlwzsi6iknvbnnvbguilcjhchboyw1lc3bhy2uioijjiiwibg9jyxrpb24ioijmb3jjztpvymply3rib21lrgvza3rvccisinnvymply3ruexblijoiqwnjb3vudcj9fswiz3jvdxbjzci6ikrfrkfvtfqifswic3rhdguiont9fq%3d%3d</small> </font> </div>
<div class="test-event"> <font color="maroon"> <small> &emsp; &emsp;--- 16 Oct 10:37:23 706 - <b>1</b> - Page Load Wait: (Sync) - ICar.support.Utils.waitForPageLoad(Utils.java:109)</small> </font> </div>
<div class="test-event"> <font color="maroon"> <small> &emsp; &emsp;--- 16 Oct 10:37:38 973 - Catched spinner load exception due to Expected condition failed: waiting for ICar.support.WaitUtils$4@714addf7 (tried for 15 second(s) with 500 milliseconds interval)</small> </font> </div>
<div class="test-event"> <font color="maroon"> <small> &emsp; &emsp;--- 16 Oct 10:37:38 973 - <b>15</b> - Spinner Load Wait: (Sync) - ICar.support.WaitUtils.waitForSpinner(WaitUtils.java:225)</small> </font> </div>
<div class="test-event"> <font color="maroon"> <small> &emsp; &emsp;--- 16 Oct 10:37:40 318 - Page URL:: https://i-car--staging.sandbox.lightning.force.com/lightning/r/account/0011i00000uwf9rqae/view</small> </font> </div>
<div class="test-event"> <font color="maroon"> <small> &emsp; &emsp;--- 16 Oct 10:37:40 318 - <b>1</b> - Page Load Wait: (Sync) - ICar.support.Utils.waitForPageLoad(Utils.java:109)</small> </font> </div>
<div class="test-event"> <font color="maroon"> <small> &emsp; &emsp;--- 16 Oct 10:37:42 445 - Element is displayed:: [[ChromeDriver: chrome on WINDOWS (7973cde9848270c6957d4ed706703a26)] -> xpath: //a[@id='detailTab__item']]</small> </font> </div>
<div class="test-event"> <font color="maroon"> <small> &emsp; &emsp;--- 16 Oct 10:37:43 771 - Page URL:: https://i-car--staging.sandbox.lightning.force.com/lightning/r/account/0011i00000uwf9rqae/view</small> </font> </div>
<div class="test-event"> <font color="maroon"> <small> &emsp; &emsp;--- 16 Oct 10:37:43 771 - <b>1</b> - Page Load Wait: (Sync) - ICar.support.Utils.waitForPageLoad(Utils.java:109)</small> </font> </div>
<div class="test-event"> <font color="maroon"> <small> &emsp; &emsp;--- 16 Oct 10:37:58 890 - Catched spinner load exception due to Expected condition failed: waiting for ICar.support.WaitUtils$4@714addf7 (tried for 15 second(s) with 500 milliseconds interval)</small> </font> </div>
<div class="test-event"> <font color="maroon"> <small> &emsp; &emsp;--- 16 Oct 10:37:58 890 - <b>15</b> - Spinner Load Wait: (Sync) - ICar.support.WaitUtils.waitForSpinner(WaitUtils.java:225)</small> </font> </div>
<div class="test-event"> <font color="maroon"> <small> &emsp; &emsp;--- 16 Oct 10:38:00 212 - Page URL:: https://i-car--staging.sandbox.lightning.force.com/lightning/r/account/0011i00000uwf9rqae/view</small> </font> </div>
<div class="test-event"> <font color="maroon"> <small> &emsp; &emsp;--- 16 Oct 10:38:00 212 - <b>1</b> - Page Load Wait: (Sync) - ICar.support.Utils.waitForPageLoad(Utils.java:109)</small> </font> </div>
<div class="test-event"> <font color="maroon"> <small> &emsp; &emsp;--- 16 Oct 10:38:01 411 - Page URL:: https://i-car--staging.sandbox.lightning.force.com/lightning/r/account/0011i00000uwf9rqae/view</small> </font> </div>
<div class="test-event"> <font color="maroon"> <small> &emsp; &emsp;--- 16 Oct 10:38:01 411 - <b>1</b> - Page Load Wait: (Sync) - ICar.support.Utils.waitForPageLoad(Utils.java:109)</small> </font> </div>
<div class="test-event"> <font color="maroon"> <small> &emsp; &emsp;--- 16 Oct 10:38:25 275 - Unable to find an element after 5 sec ==> Proxy element for: AjaxElementLocator 'By.xpath: //button[@title='Edit Gold Class Renewal Date']'</small> </font> </div>
<div class="test-message">&emsp;Exception occurred  org.openqa.selenium.NoSuchElementException: Timed out after 3 seconds. Unable to locate the element</div>
<div class="test-message">&emsp;5.IS gold Exception</div>
<div class="test-event"> <font color="maroon"> <small> &emsp; &emsp;--- 16 Oct 10:38:29 646 - Page URL:: https://i-car--staging.sandbox.lightning.force.com/lightning/r/account/0011i00000uwf9rqae/view</small> </font> </div>
<div class="test-event"> <font color="maroon"> <small> &emsp; &emsp;--- 16 Oct 10:38:29 646 - <b>1</b> - Page Load Wait: (Sync) - ICar.support.Utils.waitForPageLoad(Utils.java:109)</small> </font> </div>
<div class="test-event"> <font color="maroon"> <small> &emsp; &emsp;--- 16 Oct 10:38:37 959 - Catched spinner load exception due to Expected condition failed: waiting for ICar.support.WaitUtils$4@714addf7 (tried for 8 second(s) with 500 milliseconds interval)</small> </font> </div>
<div class="test-event"> <font color="maroon"> <small> &emsp; &emsp;--- 16 Oct 10:38:37 959 - <b>8</b> - Spinner Load Wait: (Sync) - ICar.support.WaitUtils.waitForSpinner(WaitUtils.java:225)</small> </font> </div>
<div class="test-event"> <font color="maroon"> <small> &emsp; &emsp;--- 16 Oct 10:38:39 255 - Page URL:: https://i-car--staging.sandbox.lightning.force.com/lightning/r/account/0011i00000uwf9rqae/view</small> </font> </div>
<div class="test-event"> <font color="maroon"> <small> &emsp; &emsp;--- 16 Oct 10:38:39 255 - <b>1</b> - Page Load Wait: (Sync) - ICar.support.Utils.waitForPageLoad(Utils.java:109)</small> </font> </div>
<div class="test-event"> <font color="maroon"> <small> &emsp; &emsp;--- 16 Oct 10:38:40 587 - Page URL:: https://i-car--staging.sandbox.lightning.force.com/lightning/r/account/0011i00000uwf9rqae/view</small> </font> </div>
<div class="test-event"> <font color="maroon"> <small> &emsp; &emsp;--- 16 Oct 10:38:40 587 - <b>1</b> - Page Load Wait: (Sync) - ICar.support.Utils.waitForPageLoad(Utils.java:109)</small> </font> </div>
<div class="test-event"> <font color="maroon"> <small> &emsp; &emsp;--- 16 Oct 10:38:49 110 - Catched spinner load exception due to Expected condition failed: waiting for ICar.support.WaitUtils$4@714addf7 (tried for 8 second(s) with 500 milliseconds interval)</small> </font> </div>
<div class="test-event"> <font color="maroon"> <small> &emsp; &emsp;--- 16 Oct 10:38:49 110 - <b>8</b> - Spinner Load Wait: (Sync) - ICar.support.WaitUtils.waitForSpinner(WaitUtils.java:225)</small> </font> </div>
<div class="test-event"> <font color="maroon"> <small> &emsp; &emsp;--- 16 Oct 10:38:50 661 - Page URL:: https://i-car--staging.sandbox.lightning.force.com/lightning/r/account/0011i00000uwf9rqae/view</small> </font> </div>
<div class="test-event"> <font color="maroon"> <small> &emsp; &emsp;--- 16 Oct 10:38:50 662 - <b>1</b> - Page Load Wait: (Sync) - ICar.support.Utils.waitForPageLoad(Utils.java:109)</small> </font> </div>
<div class="test-event"> <font color="maroon"> <small> &emsp; &emsp;--- 16 Oct 10:38:52 826 - Element is displayed:: [[ChromeDriver: chrome on WINDOWS (7973cde9848270c6957d4ed706703a26)] -> xpath: //ul[@class='slds-button-group-list']/li[4]//button]</small> </font> </div>
<div class="test-event"> <font color="maroon"> <small> &emsp; &emsp;--- 16 Oct 10:38:52 921 - Element is displayed:: [[ChromeDriver: chrome on WINDOWS (7973cde9848270c6957d4ed706703a26)] -> xpath: //ul[@class='slds-button-group-list']/li[4]//button]</small> </font> </div>
<div class="test-event"> <font color="maroon"> <small> &emsp; &emsp;--- 16 Oct 10:38:54 398 - Page URL:: https://i-car--staging.sandbox.lightning.force.com/lightning/r/account/0011i00000uwf9rqae/view</small> </font> </div>
<div class="test-event"> <font color="maroon"> <small> &emsp; &emsp;--- 16 Oct 10:38:54 398 - <b>1</b> - Page Load Wait: (Sync) - ICar.support.Utils.waitForPageLoad(Utils.java:109)</small> </font> </div>
<div class="test-event"> <font color="maroon"> <small> &emsp; &emsp;--- 16 Oct 10:39:02 722 - Catched spinner load exception due to Expected condition failed: waiting for ICar.support.WaitUtils$4@714addf7 (tried for 8 second(s) with 500 milliseconds interval)</small> </font> </div>
<div class="test-event"> <font color="maroon"> <small> &emsp; &emsp;--- 16 Oct 10:39:02 723 - <b>8</b> - Spinner Load Wait: (Sync) - ICar.support.WaitUtils.waitForSpinner(WaitUtils.java:225)</small> </font> </div>
<div class="test-event"> <font color="maroon"> <small> &emsp; &emsp;--- 16 Oct 10:39:04 855 - Element is displayed:: [[ChromeDriver: chrome on WINDOWS (7973cde9848270c6957d4ed706703a26)] -> xpath: //lightning-menu-item[contains(@data-target-selection-name,'Account.Gold_Class_Status')]//a]</small> </font> </div>
<div class="test-event"> <font color="maroon"> <small> &emsp; &emsp;--- 16 Oct 10:39:06 452 - Page URL:: https://i-car--staging.sandbox.lightning.force.com/lightning/r/account/0011i00000uwf9rqae/view</small> </font> </div>
<div class="test-event"> <font color="maroon"> <small> &emsp; &emsp;--- 16 Oct 10:39:06 452 - <b>1</b> - Page Load Wait: (Sync) - ICar.support.Utils.waitForPageLoad(Utils.java:109)</small> </font> </div>
<div class="test-event"> <font color="maroon"> <small> &emsp; &emsp;--- 16 Oct 10:39:08 204 - Page URL:: https://i-car--staging.sandbox.lightning.force.com/lightning/r/account/0011i00000uwf9rqae/view</small> </font> </div>
<div class="test-event"> <font color="maroon"> <small> &emsp; &emsp;--- 16 Oct 10:39:08 204 - <b>1</b> - Page Load Wait: (Sync) - ICar.support.Utils.waitForPageLoad(Utils.java:109)</small> </font> </div>
<div class="test-event"> <font color="maroon"> <small> &emsp; &emsp;--- 16 Oct 10:39:23 240 - Catched spinner load exception due to Expected condition failed: waiting for ICar.support.WaitUtils$4@714addf7 (tried for 15 second(s) with 500 milliseconds interval)</small> </font> </div>
<div class="test-event"> <font color="maroon"> <small> &emsp; &emsp;--- 16 Oct 10:39:23 240 - <b>15</b> - Spinner Load Wait: (Sync) - ICar.support.WaitUtils.waitForSpinner(WaitUtils.java:225)</small> </font> </div>
<div class="test-event"> <font color="maroon"> <small> &emsp; &emsp;--- 16 Oct 10:39:24 771 - Page URL:: https://i-car--staging.sandbox.lightning.force.com/lightning/r/account/0011i00000uwf9rqae/view</small> </font> </div>
<div class="test-event"> <font color="maroon"> <small> &emsp; &emsp;--- 16 Oct 10:39:24 771 - <b>1</b> - Page Load Wait: (Sync) - ICar.support.Utils.waitForPageLoad(Utils.java:109)</small> </font> </div>
<div class="test-event"> <font color="maroon"> <small> &emsp; &emsp;--- 16 Oct 10:39:24 871 - Element is displayed:: [[ChromeDriver: chrome on WINDOWS (7973cde9848270c6957d4ed706703a26)] -> xpath: //*[text()='Evaluate Now']]</small> </font> </div>
<div class="test-event"> <font color="maroon"> <small> &emsp; &emsp;--- 16 Oct 10:39:26 539 - Page URL:: https://i-car--staging.sandbox.lightning.force.com/lightning/r/account/0011i00000uwf9rqae/view</small> </font> </div>
<div class="test-event"> <font color="maroon"> <small> &emsp; &emsp;--- 16 Oct 10:39:26 539 - <b>1</b> - Page Load Wait: (Sync) - ICar.support.Utils.waitForPageLoad(Utils.java:109)</small> </font> </div>
<div class="test-event"> <font color="maroon"> <small> &emsp; &emsp;--- 16 Oct 10:39:41 597 - Catched spinner load exception due to Expected condition failed: waiting for ICar.support.WaitUtils$4@714addf7 (tried for 15 second(s) with 500 milliseconds interval)</small> </font> </div>
<div class="test-event"> <font color="maroon"> <small> &emsp; &emsp;--- 16 Oct 10:39:41 597 - <b>15</b> - Spinner Load Wait: (Sync) - ICar.support.WaitUtils.waitForSpinner(WaitUtils.java:225)</small> </font> </div>
<div class="test-event"> <font color="maroon"> <small> &emsp; &emsp;--- 16 Oct 10:39:43 093 - Page URL:: https://i-car--staging.sandbox.lightning.force.com/lightning/r/account/0011i00000uwf9rqae/view</small> </font> </div>
<div class="test-event"> <font color="maroon"> <small> &emsp; &emsp;--- 16 Oct 10:39:43 093 - <b>1</b> - Page Load Wait: (Sync) - ICar.support.Utils.waitForPageLoad(Utils.java:109)</small> </font> </div>
<div class="test-message">&emsp;6. Clicked the Evaluate now button</div>
<div class="test-event"> <font color="maroon"> <small> &emsp; &emsp;--- 16 Oct 10:39:43 187 - Element is displayed:: [[ChromeDriver: chrome on WINDOWS (7973cde9848270c6957d4ed706703a26)] -> xpath: //button[contains(@class,'CancelButton')]]</small> </font> </div>
<div class="test-event"> <font color="maroon"> <small> &emsp; &emsp;--- 16 Oct 10:39:44 878 - Page URL:: https://i-car--staging.sandbox.lightning.force.com/lightning/r/account/0011i00000uwf9rqae/view</small> </font> </div>
<div class="test-event"> <font color="maroon"> <small> &emsp; &emsp;--- 16 Oct 10:39:44 879 - <b>1</b> - Page Load Wait: (Sync) - ICar.support.Utils.waitForPageLoad(Utils.java:109)</small> </font> </div>
<div class="test-event"> <font color="maroon"> <small> &emsp; &emsp;--- 16 Oct 10:39:46 496 - Page URL:: https://i-car--staging.sandbox.lightning.force.com/lightning/r/account/0011i00000uwf9rqae/view</small> </font> </div>
<div class="test-event"> <font color="maroon"> <small> &emsp; &emsp;--- 16 Oct 10:39:46 496 - <b>1</b> - Page Load Wait: (Sync) - ICar.support.Utils.waitForPageLoad(Utils.java:109)</small> </font> </div>
<div class="test-event"> <font color="maroon"> <small> &emsp; &emsp;--- 16 Oct 10:39:53 138 - Page URL:: https://i-car--staging.sandbox.lightning.force.com/lightning/r/account/0011i00000uwf9rqae/view</small> </font> </div>
<div class="test-event"> <font color="maroon"> <small> &emsp; &emsp;--- 16 Oct 10:39:53 138 - <b>1</b> - Page Load Wait: (Sync) - ICar.support.Utils.waitForPageLoad(Utils.java:109)</small> </font> </div>
<div class="test-event"> <font color="maroon"> <small> &emsp; &emsp;--- 16 Oct 10:39:59 276 - Page URL:: https://i-car--staging.sandbox.lightning.force.com/lightning/r/account/0011i00000uwf9rqae/view</small> </font> </div>
<div class="test-event"> <font color="maroon"> <small> &emsp; &emsp;--- 16 Oct 10:39:59 276 - <b>1</b> - Page Load Wait: (Sync) - ICar.support.Utils.waitForPageLoad(Utils.java:109)</small> </font> </div>
<div class="test-event"> <font color="maroon"> <small> &emsp; &emsp;--- 16 Oct 10:40:04 760 - Page URL:: https://i-car--staging.sandbox.lightning.force.com/lightning/o/account/list?filtername=accounts</small> </font> </div>
<div class="test-event"> <font color="maroon"> <small> &emsp; &emsp;--- 16 Oct 10:40:04 761 - <b>0</b> - Page Load Wait: (Sync) - ICar.support.Utils.waitForPageLoad(Utils.java:109)</small> </font> </div>
<div class="test-message">&emsp;Close the tab</div>
<div class="test-event"> <font color="maroon"> <small> &emsp; &emsp;--- 16 Oct 10:40:10 340 - Page URL:: https://i-car--staging.sandbox.lightning.force.com/lightning/o/account/list?filtername=accounts</small> </font> </div>
<div class="test-event"> <font color="maroon"> <small> &emsp; &emsp;--- 16 Oct 10:40:10 341 - <b>0</b> - Page Load Wait: (Sync) - ICar.support.Utils.waitForPageLoad(Utils.java:109)</small> </font> </div>
<div class="test-event"> <font color="maroon"> <small> &emsp; &emsp;--- 16 Oct 10:40:10 420 - Element is displayed:: [[ChromeDriver: chrome on WINDOWS (7973cde9848270c6957d4ed706703a26)] -> css selector: button[class*='search-button']]</small> </font> </div>
<div class="test-event"> <font color="maroon"> <small> &emsp; &emsp;--- 16 Oct 10:40:12 515 - Catched spinner load exception due to Expected condition failed: waiting for ICar.support.WaitUtils$4@714addf7 (tried for 2 second(s) with 500 milliseconds interval)</small> </font> </div>
<div class="test-event"> <font color="maroon"> <small> &emsp; &emsp;--- 16 Oct 10:40:12 515 - <b>2</b> - Spinner Load Wait: (Sync) - ICar.support.WaitUtils.waitForSpinner(WaitUtils.java:225)</small> </font> </div>
<div class="test-event"> <font color="maroon"> <small> &emsp; &emsp;--- 16 Oct 10:40:15 576 - Element is displayed:: [[ChromeDriver: chrome on WINDOWS (7973cde9848270c6957d4ed706703a26)] -> css selector: button[class*='search-button']]</small> </font> </div>
<div class="test-event"> <font color="maroon"> <small> &emsp; &emsp;--- 16 Oct 10:40:16 196 - Page URL:: https://i-car--staging.sandbox.lightning.force.com/lightning/o/account/list?filtername=accounts</small> </font> </div>
<div class="test-event"> <font color="maroon"> <small> &emsp; &emsp;--- 16 Oct 10:40:16 196 - <b>0</b> - Page Load Wait: (Sync) - ICar.support.Utils.waitForPageLoad(Utils.java:109)</small> </font> </div>
<div class="test-event"> <font color="maroon"> <small> &emsp; &emsp;--- 16 Oct 10:40:35 510 - Catched spinner load exception due to Expected condition failed: waiting for ICar.support.WaitUtils$4@714addf7 (tried for 10 second(s) with 500 milliseconds interval)</small> </font> </div>
<div class="test-event"> <font color="maroon"> <small> &emsp; &emsp;--- 16 Oct 10:40:35 510 - <b>10</b> - Spinner Load Wait: (Sync) - ICar.support.WaitUtils.waitForSpinner(WaitUtils.java:225)</small> </font> </div>
<div class="test-event"> <font color="maroon"> <small> &emsp; &emsp;--- 16 Oct 10:40:36 096 - Page URL:: https://i-car--staging.sandbox.lightning.force.com/one/one.app#eyjjb21wb25lbnrezwyioijmb3jjzvnlyxjjadpzzwfyy2hqywdlrgvza3rvccisimf0dhjpynv0zxmionsidgvybsi6ijiynjqzmdgilcjzy29wzu1hcci6eyj0exblijoive9qx1jfu1vmvfmilcjuyw1lc3bhy2uioiiilcjsywjlbci6ilrvccbszxn1bhrziiwibgfizwxqbhvyywwioijub3agumvzdwx0cyisinjlc3vsdhndbxaioijmb3jjzvnlyxjjadpwcmvkawn0zwrszxn1bhrzin0simnvbnrlehqionsirklmvevsuyi6e30sinnlyxjjafnvdxjjzsi6ikftu0ltvefovf9esufmt0cilcjkaxnhymxlsw50zw50uxvlcnkiomzhbhnllcjkaxnhymxlu3blbgxdb3jyzwn0aw9uijpmywxzzswic2vhcmnorglhbg9nu2vzc2lvbklkijoiztu4n2jjmjqtodu0yi03nmq5ltqzn2utzdc2yju5nti3nwyziiwizgvidwdjbmzvijp7imfwce5hbwuioijjq2fyx1nlcnzpy2vfq29uc29szsisimfwcfr5cguioijdb25zb2xliiwiyxbwtmftzxnwywnlijoiyyisimxvy2f0aw9uijoizm9yy2u6b2jqzwn0sg9tzurlc2t0b3ailcjzb2jqzwn0vhlwzsi6ikfjy291bnqifx0simdyb3vwswqioijeruzbvuxuin0sinn0yxrlijp7fx0%3d</small> </font> </div>
<div class="test-event"> <font color="maroon"> <small> &emsp; &emsp;--- 16 Oct 10:40:36 096 - <b>0</b> - Page Load Wait: (Sync) - ICar.support.Utils.waitForPageLoad(Utils.java:109)</small> </font> </div>
<div class="test-event"> <font color="maroon"> <small> &emsp; &emsp;--- 16 Oct 10:40:47 611 - Catched spinner load exception due to Expected condition failed: waiting for ICar.support.WaitUtils$4@714addf7 (tried for 11 second(s) with 500 milliseconds interval)</small> </font> </div>
<div class="test-event"> <font color="maroon"> <small> &emsp; &emsp;--- 16 Oct 10:40:47 612 - <b>11</b> - Spinner Load Wait: (Sync) - ICar.support.WaitUtils.waitForSpinner(WaitUtils.java:225)</small> </font> </div>
<div class="test-event"> <font color="maroon"> <small> &emsp; &emsp;--- 16 Oct 10:40:48 169 - Page URL:: https://i-car--staging.sandbox.lightning.force.com/one/one.app#eyjjb21wb25lbnrezwyioijmb3jjzvnlyxjjadpzzwfyy2hqywdlrgvza3rvccisimf0dhjpynv0zxmionsidgvybsi6ijiynjqzmdgilcjzy29wzu1hcci6eyj0exblijoive9qx1jfu1vmvfmilcjuyw1lc3bhy2uioiiilcjsywjlbci6ilrvccbszxn1bhrziiwibgfizwxqbhvyywwioijub3agumvzdwx0cyisinjlc3vsdhndbxaioijmb3jjzvnlyxjjadpwcmvkawn0zwrszxn1bhrzin0simnvbnrlehqionsirklmvevsuyi6e30sinnlyxjjafnvdxjjzsi6ikftu0ltvefovf9esufmt0cilcjkaxnhymxlsw50zw50uxvlcnkiomzhbhnllcjkaxnhymxlu3blbgxdb3jyzwn0aw9uijpmywxzzswic2vhcmnorglhbg9nu2vzc2lvbklkijoiztu4n2jjmjqtodu0yi03nmq5ltqzn2utzdc2yju5nti3nwyziiwizgvidwdjbmzvijp7imfwce5hbwuioijjq2fyx1nlcnzpy2vfq29uc29szsisimfwcfr5cguioijdb25zb2xliiwiyxbwtmftzxnwywnlijoiyyisimxvy2f0aw9uijoizm9yy2u6b2jqzwn0sg9tzurlc2t0b3ailcjzb2jqzwn0vhlwzsi6ikfjy291bnqifx0simdyb3vwswqioijeruzbvuxuin0sinn0yxrlijp7fx0%3d</small> </font> </div>
<div class="test-event"> <font color="maroon"> <small> &emsp; &emsp;--- 16 Oct 10:40:48 169 - <b>0</b> - Page Load Wait: (Sync) - ICar.support.Utils.waitForPageLoad(Utils.java:109)</small> </font> </div>
<div class="test-event"> <font color="maroon"> <small> &emsp; &emsp;--- 16 Oct 10:40:48 215 - Element is displayed:: [[ChromeDriver: chrome on WINDOWS (7973cde9848270c6957d4ed706703a26)] -> xpath: //a[@title='Top Results']//span[text()='Top Results']]</small> </font> </div>
<div class="test-event"> <font color="maroon"> <small> &emsp; &emsp;--- 16 Oct 10:40:48 611 - Page URL:: https://i-car--staging.sandbox.lightning.force.com/one/one.app#eyjjb21wb25lbnrezwyioijmb3jjzvnlyxjjadpzzwfyy2hqywdlrgvza3rvccisimf0dhjpynv0zxmionsidgvybsi6ijiynjqzmdgilcjzy29wzu1hcci6eyj0exblijoive9qx1jfu1vmvfmilcjuyw1lc3bhy2uioiiilcjsywjlbci6ilrvccbszxn1bhrziiwibgfizwxqbhvyywwioijub3agumvzdwx0cyisinjlc3vsdhndbxaioijmb3jjzvnlyxjjadpwcmvkawn0zwrszxn1bhrzin0simnvbnrlehqionsirklmvevsuyi6e30sinnlyxjjafnvdxjjzsi6ikftu0ltvefovf9esufmt0cilcjkaxnhymxlsw50zw50uxvlcnkiomzhbhnllcjkaxnhymxlu3blbgxdb3jyzwn0aw9uijpmywxzzswic2vhcmnorglhbg9nu2vzc2lvbklkijoiztu4n2jjmjqtodu0yi03nmq5ltqzn2utzdc2yju5nti3nwyziiwizgvidwdjbmzvijp7imfwce5hbwuioijjq2fyx1nlcnzpy2vfq29uc29szsisimfwcfr5cguioijdb25zb2xliiwiyxbwtmftzxnwywnlijoiyyisimxvy2f0aw9uijoizm9yy2u6b2jqzwn0sg9tzurlc2t0b3ailcjzb2jqzwn0vhlwzsi6ikfjy291bnqifx0simdyb3vwswqioijeruzbvuxuin0sinn0yxrlijp7fx0%3d</small> </font> </div>
<div class="test-event"> <font color="maroon"> <small> &emsp; &emsp;--- 16 Oct 10:40:48 611 - <b>0</b> - Page Load Wait: (Sync) - ICar.support.Utils.waitForPageLoad(Utils.java:109)</small> </font> </div>
<div class="test-event"> <font color="maroon"> <small> &emsp; &emsp;--- 16 Oct 10:40:53 738 - Catched spinner load exception due to Expected condition failed: waiting for ICar.support.WaitUtils$4@714addf7 (tried for 5 second(s) with 500 milliseconds interval)</small> </font> </div>
<div class="test-event"> <font color="maroon"> <small> &emsp; &emsp;--- 16 Oct 10:40:53 738 - <b>5</b> - Spinner Load Wait: (Sync) - ICar.support.WaitUtils.waitForSpinner(WaitUtils.java:225)</small> </font> </div>
<div class="test-event"> <font color="maroon"> <small> &emsp; &emsp;--- 16 Oct 10:40:54 264 - Page URL:: https://i-car--staging.sandbox.lightning.force.com/one/one.app#eyjjb21wb25lbnrezwyioijmb3jjzvnlyxjjadpzzwfyy2hqywdlrgvza3rvccisimf0dhjpynv0zxmionsidgvybsi6ijiynjqzmdgilcjzy29wzu1hcci6eyj0exblijoive9qx1jfu1vmvfmilcjuyw1lc3bhy2uioiiilcjsywjlbci6ilrvccbszxn1bhrziiwibgfizwxqbhvyywwioijub3agumvzdwx0cyisinjlc3vsdhndbxaioijmb3jjzvnlyxjjadpwcmvkawn0zwrszxn1bhrzin0simnvbnrlehqionsirklmvevsuyi6e30sinnlyxjjafnvdxjjzsi6ikftu0ltvefovf9esufmt0cilcjkaxnhymxlsw50zw50uxvlcnkiomzhbhnllcjkaxnhymxlu3blbgxdb3jyzwn0aw9uijpmywxzzswic2vhcmnorglhbg9nu2vzc2lvbklkijoiztu4n2jjmjqtodu0yi03nmq5ltqzn2utzdc2yju5nti3nwyziiwizgvidwdjbmzvijp7imfwce5hbwuioijjq2fyx1nlcnzpy2vfq29uc29szsisimfwcfr5cguioijdb25zb2xliiwiyxbwtmftzxnwywnlijoiyyisimxvy2f0aw9uijoizm9yy2u6b2jqzwn0sg9tzurlc2t0b3ailcjzb2jqzwn0vhlwzsi6ikfjy291bnqifx0simdyb3vwswqioijeruzbvuxuin0sinn0yxrlijp7fx0%3d</small> </font> </div>
<div class="test-event"> <font color="maroon"> <small> &emsp; &emsp;--- 16 Oct 10:40:54 264 - <b>0</b> - Page Load Wait: (Sync) - ICar.support.Utils.waitForPageLoad(Utils.java:109)</small> </font> </div>
<div class="test-event"> <font color="maroon"> <small> &emsp; &emsp;--- 16 Oct 10:40:54 849 - Page URL:: https://i-car--staging.sandbox.lightning.force.com/one/one.app#eyjjb21wb25lbnrezwyioijmb3jjzvnlyxjjadpzzwfyy2hqywdlrgvza3rvccisimf0dhjpynv0zxmionsidgvybsi6ijiynjqzmdgilcjzy29wzu1hcci6eyj0exblijoive9qx1jfu1vmvfmilcjuyw1lc3bhy2uioiiilcjsywjlbci6ilrvccbszxn1bhrziiwibgfizwxqbhvyywwioijub3agumvzdwx0cyisinjlc3vsdhndbxaioijmb3jjzvnlyxjjadpwcmvkawn0zwrszxn1bhrzin0simnvbnrlehqionsirklmvevsuyi6e30sinnlyxjjafnvdxjjzsi6ikftu0ltvefovf9esufmt0cilcjkaxnhymxlsw50zw50uxvlcnkiomzhbhnllcjkaxnhymxlu3blbgxdb3jyzwn0aw9uijpmywxzzswic2vhcmnorglhbg9nu2vzc2lvbklkijoiztu4n2jjmjqtodu0yi03nmq5ltqzn2utzdc2yju5nti3nwyziiwizgvidwdjbmzvijp7imfwce5hbwuioijjq2fyx1nlcnzpy2vfq29uc29szsisimfwcfr5cguioijdb25zb2xliiwiyxbwtmftzxnwywnlijoiyyisimxvy2f0aw9uijoizm9yy2u6b2jqzwn0sg9tzurlc2t0b3ailcjzb2jqzwn0vhlwzsi6ikfjy291bnqifx0simdyb3vwswqioijeruzbvuxuin0sinn0yxrlijp7fx0%3d</small> </font> </div>
<div class="test-event"> <font color="maroon"> <small> &emsp; &emsp;--- 16 Oct 10:40:54 849 - <b>0</b> - Page Load Wait: (Sync) - ICar.support.Utils.waitForPageLoad(Utils.java:109)</small> </font> </div>
<div class="test-event"> <font color="maroon"> <small> &emsp; &emsp;--- 16 Oct 10:40:55 365 - Page URL:: https://i-car--staging.sandbox.lightning.force.com/one/one.app#eyjjb21wb25lbnrezwyioijmb3jjzvnlyxjjadpzzwfyy2hqywdlrgvza3rvccisimf0dhjpynv0zxmionsidgvybsi6ijiynjqzmdgilcjzy29wzu1hcci6eyj0exblijoive9qx1jfu1vmvfmilcjuyw1lc3bhy2uioiiilcjsywjlbci6ilrvccbszxn1bhrziiwibgfizwxqbhvyywwioijub3agumvzdwx0cyisinjlc3vsdhndbxaioijmb3jjzvnlyxjjadpwcmvkawn0zwrszxn1bhrzin0simnvbnrlehqionsirklmvevsuyi6e30sinnlyxjjafnvdxjjzsi6ikftu0ltvefovf9esufmt0cilcjkaxnhymxlsw50zw50uxvlcnkiomzhbhnllcjkaxnhymxlu3blbgxdb3jyzwn0aw9uijpmywxzzswic2vhcmnorglhbg9nu2vzc2lvbklkijoiztu4n2jjmjqtodu0yi03nmq5ltqzn2utzdc2yju5nti3nwyziiwizgvidwdjbmzvijp7imfwce5hbwuioijjq2fyx1nlcnzpy2vfq29uc29szsisimfwcfr5cguioijdb25zb2xliiwiyxbwtmftzxnwywnlijoiyyisimxvy2f0aw9uijoizm9yy2u6b2jqzwn0sg9tzurlc2t0b3ailcjzb2jqzwn0vhlwzsi6ikfjy291bnqifx0simdyb3vwswqioijeruzbvuxuin0sinn0yxrlijp7fx0%3d</small> </font> </div>
<div class="test-event"> <font color="maroon"> <small> &emsp; &emsp;--- 16 Oct 10:40:55 365 - <b>0</b> - Page Load Wait: (Sync) - ICar.support.Utils.waitForPageLoad(Utils.java:109)</small> </font> </div>
<div class="test-event"> <font color="maroon"> <small> &emsp; &emsp;--- 16 Oct 10:41:03 688 - Catched spinner load exception due to Expected condition failed: waiting for ICar.support.WaitUtils$4@714addf7 (tried for 8 second(s) with 500 milliseconds interval)</small> </font> </div>
<div class="test-event"> <font color="maroon"> <small> &emsp; &emsp;--- 16 Oct 10:41:03 688 - <b>8</b> - Spinner Load Wait: (Sync) - ICar.support.WaitUtils.waitForSpinner(WaitUtils.java:225)</small> </font> </div>
<div class="test-event"> <font color="maroon"> <small> &emsp; &emsp;--- 16 Oct 10:41:04 202 - Page URL:: https://i-car--staging.sandbox.lightning.force.com/one/one.app#eyjjb21wb25lbnrezwyioijmb3jjzvnlyxjjadpzzwfyy2hqywdlrgvza3rvccisimf0dhjpynv0zxmionsidgvybsi6ijiynjqzmdgilcjzy29wzu1hcci6eyj0exblijoive9qx1jfu1vmvfmilcjuyw1lc3bhy2uioiiilcjsywjlbci6ilrvccbszxn1bhrziiwibgfizwxqbhvyywwioijub3agumvzdwx0cyisinjlc3vsdhndbxaioijmb3jjzvnlyxjjadpwcmvkawn0zwrszxn1bhrzin0simnvbnrlehqionsirklmvevsuyi6e30sinnlyxjjafnvdxjjzsi6ikftu0ltvefovf9esufmt0cilcjkaxnhymxlsw50zw50uxvlcnkiomzhbhnllcjkaxnhymxlu3blbgxdb3jyzwn0aw9uijpmywxzzswic2vhcmnorglhbg9nu2vzc2lvbklkijoiztu4n2jjmjqtodu0yi03nmq5ltqzn2utzdc2yju5nti3nwyziiwizgvidwdjbmzvijp7imfwce5hbwuioijjq2fyx1nlcnzpy2vfq29uc29szsisimfwcfr5cguioijdb25zb2xliiwiyxbwtmftzxnwywnlijoiyyisimxvy2f0aw9uijoizm9yy2u6b2jqzwn0sg9tzurlc2t0b3ailcjzb2jqzwn0vhlwzsi6ikfjy291bnqifx0simdyb3vwswqioijeruzbvuxuin0sinn0yxrlijp7fx0%3d</small> </font> </div>
<div class="test-event"> <font color="maroon"> <small> &emsp; &emsp;--- 16 Oct 10:41:04 202 - <b>0</b> - Page Load Wait: (Sync) - ICar.support.Utils.waitForPageLoad(Utils.java:109)</small> </font> </div>
<div class="test-event"> <font color="maroon"> <small> &emsp; &emsp;--- 16 Oct 10:41:06 315 - Element is displayed:: [[ChromeDriver: chrome on WINDOWS (7973cde9848270c6957d4ed706703a26)] -> xpath: //div[contains(@class,'forceSearchResultsRegion')]//div[contains(@class,'resultsMultiWrapper')]/div/div[1]//following::h2//a]</small> </font> </div>
<div class="test-event"> <font color="maroon"> <small> &emsp; &emsp;--- 16 Oct 10:41:06 538 - Element is displayed:: [[ChromeDriver: chrome on WINDOWS (7973cde9848270c6957d4ed706703a26)] -> xpath: //a[text()='Contacts']]</small> </font> </div>
<div class="test-event"> <font color="maroon"> <small> &emsp; &emsp;--- 16 Oct 10:41:10 662 - Element is displayed:: [[ChromeDriver: chrome on WINDOWS (7973cde9848270c6957d4ed706703a26)] -> xpath: //div[text()='Contacts']//following :: table//tbody//th//span /a]</small> </font> </div>
<div class="test-message">&emsp;6. click on 'view all' on Platnium status in Sales force</div>
<div class="test-event"> <font color="maroon"> <small> &emsp; &emsp;--- 16 Oct 10:41:11 642 - Page URL:: https://i-car--staging.sandbox.lightning.force.com/one/one.app#eyjjb21wb25lbnrezwyioijmb3jjzvnlyxjjadpzzwfyy2hqywdlrgvza3rvccisimf0dhjpynv0zxmionsidgvybsi6ijiynjqzmdgilcjzy29wzu1hcci6eyj0exblijoive9qx1jfu1vmvfmilcjuyw1lc3bhy2uioiiilcjsywjlbci6ilrvccbszxn1bhrziiwibgfizwxqbhvyywwioijub3agumvzdwx0cyisinjlc3vsdhndbxaioijmb3jjzvnlyxjjadpwcmvkawn0zwrszxn1bhrzin0simnvbnrlehqionsirklmvevsuyi6e30sinnlyxjjafnvdxjjzsi6ikftu0ltvefovf9esufmt0cilcjkaxnhymxlsw50zw50uxvlcnkiomzhbhnllcjkaxnhymxlu3blbgxdb3jyzwn0aw9uijpmywxzzswic2vhcmnorglhbg9nu2vzc2lvbklkijoiztu4n2jjmjqtodu0yi03nmq5ltqzn2utzdc2yju5nti3nwyziiwizgvidwdjbmzvijp7imfwce5hbwuioijjq2fyx1nlcnzpy2vfq29uc29szsisimfwcfr5cguioijdb25zb2xliiwiyxbwtmftzxnwywnlijoiyyisimxvy2f0aw9uijoizm9yy2u6b2jqzwn0sg9tzurlc2t0b3ailcjzb2jqzwn0vhlwzsi6ikfjy291bnqifx0simdyb3vwswqioijeruzbvuxuin0sinn0yxrlijp7fx0%3d</small> </font> </div>
<div class="test-event"> <font color="maroon"> <small> &emsp; &emsp;--- 16 Oct 10:41:11 642 - <b>0</b> - Page Load Wait: (Sync) - ICar.support.Utils.waitForPageLoad(Utils.java:109)</small> </font> </div>
<div class="test-event"> <font color="maroon"> <small> &emsp; &emsp;--- 16 Oct 10:41:32 040 - Catched spinner load exception due to Expected condition failed: waiting for ICar.support.WaitUtils$4@714addf7 (tried for 20 second(s) with 500 milliseconds interval)</small> </font> </div>
<div class="test-event"> <font color="maroon"> <small> &emsp; &emsp;--- 16 Oct 10:41:32 040 - <b>20</b> - Spinner Load Wait: (Sync) - ICar.support.WaitUtils.waitForSpinner(WaitUtils.java:225)</small> </font> </div>
<div class="test-event"> <font color="maroon"> <small> &emsp; &emsp;--- 16 Oct 10:41:32 636 - Page URL:: https://i-car--staging.sandbox.lightning.force.com/lightning/r/contact/0031i00000nuecbqa2/view</small> </font> </div>
<div class="test-event"> <font color="maroon"> <small> &emsp; &emsp;--- 16 Oct 10:41:32 636 - <b>0</b> - Page Load Wait: (Sync) - ICar.support.Utils.waitForPageLoad(Utils.java:109)</small> </font> </div>
<div class="test-event"> <font color="maroon"> <small> &emsp; &emsp;--- 16 Oct 10:41:37 934 - Catched spinner load exception due to Expected condition failed: waiting for ICar.support.WaitUtils$4@714addf7 (tried for 5 second(s) with 500 milliseconds interval)</small> </font> </div>
<div class="test-event"> <font color="maroon"> <small> &emsp; &emsp;--- 16 Oct 10:41:37 934 - <b>5</b> - Spinner Load Wait: (Sync) - ICar.support.WaitUtils.waitForSpinner(WaitUtils.java:225)</small> </font> </div>
<div class="test-event"> <font color="maroon"> <small> &emsp; &emsp;--- 16 Oct 10:41:38 604 - Page URL:: https://i-car--staging.sandbox.lightning.force.com/lightning/r/contact/0031i00000nuecbqa2/view</small> </font> </div>
<div class="test-event"> <font color="maroon"> <small> &emsp; &emsp;--- 16 Oct 10:41:38 604 - <b>0</b> - Page Load Wait: (Sync) - ICar.support.Utils.waitForPageLoad(Utils.java:109)</small> </font> </div>
<!--FAIL-->
<div class="test-result"><br><font color="red"><strong> Index 0 out of bounds for length 0 </strong></font> <a href=".\ScreenShot\ICar_BAM776_TC05_42869256192000.png" target="_blank" >[ScreenShot]</a></div>&emsp;
&emsp;<div class="test-title"> <strong><font size = "3" color = "#0000FF">---Test Execution Ends---</font> </strong> </div>&emsp;
<div class="test-event"> <font color="maroon"> <small> &emsp; &emsp;--- 16 Oct 10:41:42 768 - TestCaseID:: ICar_BAM633_TC04</small> </font> </div>
<div class="test-event"> <font color="maroon"> <small> &emsp; &emsp;--- 16 Oct 10:41:44 056 - <b>1</b> - Driver::initialize::Get - ICar.support.WebDriverFactory.getDriver(WebDriverFactory.java:640)</small> </font> </div>
&emsp;<div class="test-title"> <strong><font size = "3" color = "#000080">Navigate to ""Gold class summary"  page as Customer support user</font> </strong> </div>&emsp;<div><strong>Steps:</strong></div><!-- Report -->&emsp;
<div class="test-event"> <font color="maroon"> <small> &emsp; &emsp;--- 16 Oct 10:41:50 032 - Page URL:: https://i-car--staging.sandbox.my.salesforce.com/</small> </font> </div>
<div class="test-event"> <font color="maroon"> <small> &emsp; &emsp;--- 16 Oct 10:41:50 032 - <b>0</b> - Page Load Wait: (Sync) - ICar.support.Utils.waitForPageLoad(Utils.java:109)</small> </font> </div>
<div class="test-message">&emsp;Successfully navigated to 'Login' Page&emsp;<a href=".\ScreenShot\ICar_BAM633_TC04_42877465069700.png" target="_blank" >[ScreenShot]</a></div>
<div class="test-message">&emsp;1. Login page is launched.</div>
<div class="test-event"> <font color="maroon"> <small> &emsp; &emsp;--- 16 Oct 10:41:50 344 - Element is displayed:: [[ChromeDriver: chrome on WINDOWS (f4f548fffa458807595a6f2db3f176bb)] -> id: username]</small> </font> </div>
<div class="test-event"> <font color="maroon"> <small> &emsp; &emsp;--- 16 Oct 10:41:50 400 - Element is displayed:: [[ChromeDriver: chrome on WINDOWS (f4f548fffa458807595a6f2db3f176bb)] -> id: username]</small> </font> </div>
<div class="test-event"> <font color="maroon"> <small> &emsp; &emsp;--- 16 Oct 10:41:51 155 - Element is displayed:: [[ChromeDriver: chrome on WINDOWS (f4f548fffa458807595a6f2db3f176bb)] -> id: password]</small> </font> </div>
<div class="test-event"> <font color="maroon"> <small> &emsp; &emsp;--- 16 Oct 10:41:51 518 - Element is displayed:: [[ChromeDriver: chrome on WINDOWS (f4f548fffa458807595a6f2db3f176bb)] -> id: Login]</small> </font> </div>
<div class="test-event"> <font color="maroon"> <small> &emsp; &emsp;--- 16 Oct 10:42:17 043 - Catched spinner load exception due to Expected condition failed: waiting for ICar.support.WaitUtils$4@714addf7 (tried for 13 second(s) with 500 milliseconds interval)</small> </font> </div>
<div class="test-event"> <font color="maroon"> <small> &emsp; &emsp;--- 16 Oct 10:42:17 044 - <b>13</b> - Spinner Load Wait: (Sync) - ICar.support.WaitUtils.waitForSpinner(WaitUtils.java:225)</small> </font> </div>
<div class="test-event"> <font color="maroon"> <small> &emsp; &emsp;--- 16 Oct 10:42:36 258 - Catched spinner load exception due to Expected condition failed: waiting for ICar.support.WaitUtils$4@714addf7 (tried for 6 second(s) with 500 milliseconds interval)</small> </font> </div>
<div class="test-event"> <font color="maroon"> <small> &emsp; &emsp;--- 16 Oct 10:42:36 259 - <b>6</b> - Spinner Load Wait: (Sync) - ICar.support.WaitUtils.waitForSpinner(WaitUtils.java:225)</small> </font> </div>
<div class="test-event"> <font color="maroon"> <small> &emsp; &emsp;--- 16 Oct 10:42:36 334 - Element is displayed:: [[ChromeDriver: chrome on WINDOWS (f4f548fffa458807595a6f2db3f176bb)] -> css selector: button[class*='search-button']]</small> </font> </div>
<div class="test-message">&emsp;2. Navigate to 'SalesForce Page'</div>
<div class="test-event"> <font color="maroon"> <small> &emsp; &emsp;--- 16 Oct 10:42:36 582 - Page URL:: https://i-car--staging.sandbox.lightning.force.com/lightning/r/contact/0031i00000nuecbqa2/view</small> </font> </div>
<div class="test-event"> <font color="maroon"> <small> &emsp; &emsp;--- 16 Oct 10:42:36 582 - <b>0</b> - Page Load Wait: (Sync) - ICar.support.Utils.waitForPageLoad(Utils.java:109)</small> </font> </div>
<div class="test-event"> <font color="maroon"> <small> &emsp; &emsp;--- 16 Oct 10:42:42 154 - Page URL:: https://i-car--staging.sandbox.lightning.force.com/lightning/o/account/list?filtername=accounts</small> </font> </div>
<div class="test-event"> <font color="maroon"> <small> &emsp; &emsp;--- 16 Oct 10:42:42 154 - <b>0</b> - Page Load Wait: (Sync) - ICar.support.Utils.waitForPageLoad(Utils.java:109)</small> </font> </div>
<div class="test-message">&emsp;Close the tab</div>
<div class="test-message">&emsp;Successfully navigated to 'Login' Page&emsp;<a href=".\ScreenShot\ICar_BAM633_TC04_42934851565200.png" target="_blank" >[ScreenShot]</a></div>
<div class="test-event"> <font color="maroon"> <small> &emsp; &emsp;--- 16 Oct 10:42:54 051 - Page URL:: https://i-car--staging.sandbox.lightning.force.com/lightning/o/account/list?filtername=accounts</small> </font> </div>
<div class="test-event"> <font color="maroon"> <small> &emsp; &emsp;--- 16 Oct 10:42:54 051 - <b>0</b> - Page Load Wait: (Sync) - ICar.support.Utils.waitForPageLoad(Utils.java:109)</small> </font> </div>
<div class="test-event"> <font color="maroon"> <small> &emsp; &emsp;--- 16 Oct 10:42:54 407 - Page URL:: https://i-car--staging.sandbox.lightning.force.com/lightning/o/account/list?filtername=accounts</small> </font> </div>
<div class="test-event"> <font color="maroon"> <small> &emsp; &emsp;--- 16 Oct 10:42:54 407 - <b>0</b> - Page Load Wait: (Sync) - ICar.support.Utils.waitForPageLoad(Utils.java:109)</small> </font> </div>
<div class="test-event"> <font color="maroon"> <small> &emsp; &emsp;--- 16 Oct 10:42:54 458 - Element is displayed:: [[ChromeDriver: chrome on WINDOWS (f4f548fffa458807595a6f2db3f176bb)] -> xpath: //ul[@class='slds-global-actions']//div[@class='setupGear']]</small> </font> </div>
<div class="test-event"> <font color="maroon"> <small> &emsp; &emsp;--- 16 Oct 10:42:54 525 - Element is displayed:: [[ChromeDriver: chrome on WINDOWS (f4f548fffa458807595a6f2db3f176bb)] -> xpath: //ul[@class='slds-global-actions']//div[@class='setupGear']]</small> </font> </div>
<div class="test-event"> <font color="maroon"> <small> &emsp; &emsp;--- 16 Oct 10:42:58 151 - Page URL:: https://i-car--staging.sandbox.lightning.force.com/lightning/o/account/list?filtername=accounts</small> </font> </div>
<div class="test-event"> <font color="maroon"> <small> &emsp; &emsp;--- 16 Oct 10:42:58 151 - <b>0</b> - Page Load Wait: (Sync) - ICar.support.Utils.waitForPageLoad(Utils.java:109)</small> </font> </div>
<div class="test-event"> <font color="maroon"> <small> &emsp; &emsp;--- 16 Oct 10:43:01 356 - Catched spinner load exception due to Expected condition failed: waiting for ICar.support.WaitUtils$4@714addf7 (tried for 3 second(s) with 500 milliseconds interval)</small> </font> </div>
<div class="test-event"> <font color="maroon"> <small> &emsp; &emsp;--- 16 Oct 10:43:01 357 - <b>3</b> - Spinner Load Wait: (Sync) - ICar.support.WaitUtils.waitForSpinner(WaitUtils.java:225)</small> </font> </div>
<div class="test-event"> <font color="maroon"> <small> &emsp; &emsp;--- 16 Oct 10:43:01 788 - Page URL:: https://i-car--staging.sandbox.lightning.force.com/lightning/o/account/list?filtername=accounts</small> </font> </div>
<div class="test-event"> <font color="maroon"> <small> &emsp; &emsp;--- 16 Oct 10:43:01 788 - <b>0</b> - Page Load Wait: (Sync) - ICar.support.Utils.waitForPageLoad(Utils.java:109)</small> </font> </div>
<div class="test-event"> <font color="maroon"> <small> &emsp; &emsp;--- 16 Oct 10:43:11 481 - Page URL:: https://i-car--staging.sandbox.my.salesforce-setup.com/lightning/setup/setuponehome/home</small> </font> </div>
<div class="test-event"> <font color="maroon"> <small> &emsp; &emsp;--- 16 Oct 10:43:11 482 - <b>9</b> - Page Load Wait: (Sync) - ICar.support.Utils.waitForPageLoad(Utils.java:109)</small> </font> </div>
<div class="test-event"> <font color="maroon"> <small> &emsp; &emsp;--- 16 Oct 10:43:16 679 - Page URL:: https://i-car--staging.sandbox.my.salesforce-setup.com/lightning/setup/setuponehome/home</small> </font> </div>
<div class="test-event"> <font color="maroon"> <small> &emsp; &emsp;--- 16 Oct 10:43:16 679 - <b>0</b> - Page Load Wait: (Sync) - ICar.support.Utils.waitForPageLoad(Utils.java:109)</small> </font> </div>
<div class="test-message">&emsp;Close the tab</div>
<div class="test-event"> <font color="maroon"> <small> &emsp; &emsp;--- 16 Oct 10:43:22 045 - Page URL:: https://i-car--staging.sandbox.my.salesforce-setup.com/lightning/setup/setuponehome/home</small> </font> </div>
<div class="test-event"> <font color="maroon"> <small> &emsp; &emsp;--- 16 Oct 10:43:22 045 - <b>0</b> - Page Load Wait: (Sync) - ICar.support.Utils.waitForPageLoad(Utils.java:109)</small> </font> </div>
<div class="test-event"> <font color="maroon"> <small> &emsp; &emsp;--- 16 Oct 10:43:33 471 - Unable to find an element after 2 sec ==> Proxy element for: AjaxElementLocator 'By.cssSelector: button[class*='search-button']'</small> </font> </div>
<div class="test-event"> <font color="maroon"> <small> &emsp; &emsp;--- 16 Oct 10:43:35 567 - Catched spinner load exception due to Expected condition failed: waiting for ICar.support.WaitUtils$4@714addf7 (tried for 2 second(s) with 500 milliseconds interval)</small> </font> </div>
<div class="test-event"> <font color="maroon"> <small> &emsp; &emsp;--- 16 Oct 10:43:35 567 - <b>2</b> - Spinner Load Wait: (Sync) - ICar.support.WaitUtils.waitForSpinner(WaitUtils.java:225)</small> </font> </div>
<div class="test-event"> <font color="maroon"> <small> &emsp; &emsp;--- 16 Oct 10:43:38 760 - Page URL:: https://i-car--staging.sandbox.my.salesforce-setup.com/lightning/setup/setuponehome/home</small> </font> </div>
<div class="test-event"> <font color="maroon"> <small> &emsp; &emsp;--- 16 Oct 10:43:38 760 - <b>0</b> - Page Load Wait: (Sync) - ICar.support.Utils.waitForPageLoad(Utils.java:109)</small> </font> </div>
<div class="test-event"> <font color="maroon"> <small> &emsp; &emsp;--- 16 Oct 10:43:41 851 - Element is displayed:: [[ChromeDriver: chrome on WINDOWS (f4f548fffa458807595a6f2db3f176bb)] -> css selector: div[class*='uiInput--default'] input]</small> </font> </div>
<div class="test-event"> <font color="maroon"> <small> &emsp; &emsp;--- 16 Oct 10:43:58 793 - Catched spinner load exception due to Expected condition failed: waiting for ICar.support.WaitUtils$4@714addf7 (tried for 10 second(s) with 500 milliseconds interval)</small> </font> </div>
<div class="test-event"> <font color="maroon"> <small> &emsp; &emsp;--- 16 Oct 10:43:58 793 - <b>10</b> - Spinner Load Wait: (Sync) - ICar.support.WaitUtils.waitForSpinner(WaitUtils.java:225)</small> </font> </div>
<div class="test-event"> <font color="maroon"> <small> &emsp; &emsp;--- 16 Oct 10:43:59 052 - Page URL:: https://i-car--staging.sandbox.my.salesforce-setup.com/one/one.app#eyjjb21wb25lbnrezwyioijmb3jjzvnlyxjjadpzzwfyy2gilcjhdhryawj1dgvzijp7inrlcm0ioijccmvuzgegumftc2v5iiwic2nvcgvnyxaionsibgfizwxqbhvyywwioijtzxr1ccisim5hbwvzcgfjzsi6ilnldhvwiiwidhlwzsi6ilrpuf9srvnvtfrtin0simnvbnrlehqionsizglzywjszvnwzwxsq29ycmvjdglvbii6zmfsc2usimrpc2fibgvjbnrlbnrrdwvyesi6zmfsc2usinnlyxjjafnvdxjjzsi6ikloufvux0rfu0tut1aifswiz3jvdxbjzci6ikrfrkfvtfqifswic3rhdguiont9fq%3d%3d</small> </font> </div>
<div class="test-event"> <font color="maroon"> <small> &emsp; &emsp;--- 16 Oct 10:43:59 052 - <b>0</b> - Page Load Wait: (Sync) - ICar.support.Utils.waitForPageLoad(Utils.java:109)</small> </font> </div>
<div class="test-event"> <font color="maroon"> <small> &emsp; &emsp;--- 16 Oct 10:44:10 461 - Catched spinner load exception due to Expected condition failed: waiting for ICar.support.WaitUtils$4@714addf7 (tried for 11 second(s) with 500 milliseconds interval)</small> </font> </div>
<div class="test-event"> <font color="maroon"> <small> &emsp; &emsp;--- 16 Oct 10:44:10 461 - <b>11</b> - Spinner Load Wait: (Sync) - ICar.support.WaitUtils.waitForSpinner(WaitUtils.java:225)</small> </font> </div>
<div class="test-event"> <font color="maroon"> <small> &emsp; &emsp;--- 16 Oct 10:44:10 634 - Page URL:: https://i-car--staging.sandbox.my.salesforce-setup.com/one/one.app#eyjjb21wb25lbnrezwyioijmb3jjzvnlyxjjadpzzwfyy2gilcjhdhryawj1dgvzijp7inrlcm0ioijccmvuzgegumftc2v5iiwic2nvcgvnyxaionsibgfizwxqbhvyywwioijtzxr1ccisim5hbwvzcgfjzsi6ilnldhvwiiwidhlwzsi6ilrpuf9srvnvtfrtin0simnvbnrlehqionsizglzywjszvnwzwxsq29ycmvjdglvbii6zmfsc2usimrpc2fibgvjbnrlbnrrdwvyesi6zmfsc2usinnlyxjjafnvdxjjzsi6ikloufvux0rfu0tut1aifswiz3jvdxbjzci6ikrfrkfvtfqifswic3rhdguiont9fq%3d%3d</small> </font> </div>
<div class="test-event"> <font color="maroon"> <small> &emsp; &emsp;--- 16 Oct 10:44:10 634 - <b>0</b> - Page Load Wait: (Sync) - ICar.support.Utils.waitForPageLoad(Utils.java:109)</small> </font> </div>
<div class="test-event"> <font color="maroon"> <small> &emsp; &emsp;--- 16 Oct 10:44:10 735 - Element is displayed:: [[ChromeDriver: chrome on WINDOWS (f4f548fffa458807595a6f2db3f176bb)] -> xpath: //a[@title='Top Results']//span[text()='Top Results']]</small> </font> </div>
<div class="test-event"> <font color="maroon"> <small> &emsp; &emsp;--- 16 Oct 10:44:11 085 - Page URL:: https://i-car--staging.sandbox.my.salesforce-setup.com/one/one.app#eyjjb21wb25lbnrezwyioijmb3jjzvnlyxjjadpzzwfyy2gilcjhdhryawj1dgvzijp7inrlcm0ioijccmvuzgegumftc2v5iiwic2nvcgvnyxaionsibgfizwxqbhvyywwioijtzxr1ccisim5hbwvzcgfjzsi6ilnldhvwiiwidhlwzsi6ilrpuf9srvnvtfrtin0simnvbnrlehqionsizglzywjszvnwzwxsq29ycmvjdglvbii6zmfsc2usimrpc2fibgvjbnrlbnrrdwvyesi6zmfsc2usinnlyxjjafnvdxjjzsi6ikloufvux0rfu0tut1aifswiz3jvdxbjzci6ikrfrkfvtfqifswic3rhdguiont9fq%3d%3d</small> </font> </div>
<div class="test-event"> <font color="maroon"> <small> &emsp; &emsp;--- 16 Oct 10:44:11 085 - <b>0</b> - Page Load Wait: (Sync) - ICar.support.Utils.waitForPageLoad(Utils.java:109)</small> </font> </div>
<div class="test-event"> <font color="maroon"> <small> &emsp; &emsp;--- 16 Oct 10:44:16 307 - Catched spinner load exception due to Expected condition failed: waiting for ICar.support.WaitUtils$4@714addf7 (tried for 5 second(s) with 500 milliseconds interval)</small> </font> </div>
<div class="test-event"> <font color="maroon"> <small> &emsp; &emsp;--- 16 Oct 10:44:16 308 - <b>5</b> - Spinner Load Wait: (Sync) - ICar.support.WaitUtils.waitForSpinner(WaitUtils.java:225)</small> </font> </div>
<div class="test-event"> <font color="maroon"> <small> &emsp; &emsp;--- 16 Oct 10:44:16 550 - Page URL:: https://i-car--staging.sandbox.my.salesforce-setup.com/one/one.app#eyjjb21wb25lbnrezwyioijmb3jjzvnlyxjjadpzzwfyy2gilcjhdhryawj1dgvzijp7inrlcm0ioijccmvuzgegumftc2v5iiwic2nvcgvnyxaionsibgfizwxqbhvyywwioijtzxr1ccisim5hbwvzcgfjzsi6ilnldhvwiiwidhlwzsi6ilrpuf9srvnvtfrtin0simnvbnrlehqionsizglzywjszvnwzwxsq29ycmvjdglvbii6zmfsc2usimrpc2fibgvjbnrlbnrrdwvyesi6zmfsc2usinnlyxjjafnvdxjjzsi6ikloufvux0rfu0tut1aifswiz3jvdxbjzci6ikrfrkfvtfqifswic3rhdguiont9fq%3d%3d</small> </font> </div>
<div class="test-event"> <font color="maroon"> <small> &emsp; &emsp;--- 16 Oct 10:44:16 550 - <b>0</b> - Page Load Wait: (Sync) - ICar.support.Utils.waitForPageLoad(Utils.java:109)</small> </font> </div>
<div class="test-event"> <font color="maroon"> <small> &emsp; &emsp;--- 16 Oct 10:44:16 789 - Page URL:: https://i-car--staging.sandbox.my.salesforce-setup.com/one/one.app#eyjjb21wb25lbnrezwyioijmb3jjzvnlyxjjadpzzwfyy2gilcjhdhryawj1dgvzijp7inrlcm0ioijccmvuzgegumftc2v5iiwic2nvcgvnyxaionsibgfizwxqbhvyywwioijtzxr1ccisim5hbwvzcgfjzsi6ilnldhvwiiwidhlwzsi6ilrpuf9srvnvtfrtin0simnvbnrlehqionsizglzywjszvnwzwxsq29ycmvjdglvbii6zmfsc2usimrpc2fibgvjbnrlbnrrdwvyesi6zmfsc2usinnlyxjjafnvdxjjzsi6ikloufvux0rfu0tut1aifswiz3jvdxbjzci6ikrfrkfvtfqifswic3rhdguiont9fq%3d%3d</small> </font> </div>
<div class="test-event"> <font color="maroon"> <small> &emsp; &emsp;--- 16 Oct 10:44:16 789 - <b>0</b> - Page Load Wait: (Sync) - ICar.support.Utils.waitForPageLoad(Utils.java:109)</small> </font> </div>
<div class="test-event"> <font color="maroon"> <small> &emsp; &emsp;--- 16 Oct 10:44:16 987 - Page URL:: https://i-car--staging.sandbox.my.salesforce-setup.com/one/one.app#eyjjb21wb25lbnrezwyioijmb3jjzvnlyxjjadpzzwfyy2gilcjhdhryawj1dgvzijp7inrlcm0ioijccmvuzgegumftc2v5iiwic2nvcgvnyxaionsibgfizwxqbhvyywwioijtzxr1ccisim5hbwvzcgfjzsi6ilnldhvwiiwidhlwzsi6ilrpuf9srvnvtfrtin0simnvbnrlehqionsizglzywjszvnwzwxsq29ycmvjdglvbii6zmfsc2usimrpc2fibgvjbnrlbnrrdwvyesi6zmfsc2usinnlyxjjafnvdxjjzsi6ikloufvux0rfu0tut1aifswiz3jvdxbjzci6ikrfrkfvtfqifswic3rhdguiont9fq%3d%3d</small> </font> </div>
<div class="test-event"> <font color="maroon"> <small> &emsp; &emsp;--- 16 Oct 10:44:16 987 - <b>0</b> - Page Load Wait: (Sync) - ICar.support.Utils.waitForPageLoad(Utils.java:109)</small> </font> </div>
<div class="test-event"> <font color="maroon"> <small> &emsp; &emsp;--- 16 Oct 10:44:42 000 - Catched spinner load exception due to Expected condition failed: waiting for ICar.support.WaitUtils$4@714addf7 (tried for 25 second(s) with 500 milliseconds interval)</small> </font> </div>
<div class="test-event"> <font color="maroon"> <small> &emsp; &emsp;--- 16 Oct 10:44:42 000 - <b>25</b> - Spinner Load Wait: (Sync) - ICar.support.WaitUtils.waitForSpinner(WaitUtils.java:225)</small> </font> </div>
<div class="test-event"> <font color="maroon"> <small> &emsp; &emsp;--- 16 Oct 10:44:42 237 - Page URL:: https://i-car--staging.sandbox.my.salesforce-setup.com/one/one.app#eyjjb21wb25lbnrezwyioijmb3jjzvnlyxjjadpzzwfyy2gilcjhdhryawj1dgvzijp7inrlcm0ioijccmvuzgegumftc2v5iiwic2nvcgvnyxaionsibgfizwxqbhvyywwioijtzxr1ccisim5hbwvzcgfjzsi6ilnldhvwiiwidhlwzsi6ilrpuf9srvnvtfrtin0simnvbnrlehqionsizglzywjszvnwzwxsq29ycmvjdglvbii6zmfsc2usimrpc2fibgvjbnrlbnrrdwvyesi6zmfsc2usinnlyxjjafnvdxjjzsi6ikloufvux0rfu0tut1aifswiz3jvdxbjzci6ikrfrkfvtfqifswic3rhdguiont9fq%3d%3d</small> </font> </div>
<div class="test-event"> <font color="maroon"> <small> &emsp; &emsp;--- 16 Oct 10:44:42 237 - <b>0</b> - Page Load Wait: (Sync) - ICar.support.Utils.waitForPageLoad(Utils.java:109)</small> </font> </div>
<div class="test-event"> <font color="maroon"> <small> &emsp; &emsp;--- 16 Oct 10:44:42 269 - Element is displayed:: [[ChromeDriver: chrome on WINDOWS (f4f548fffa458807595a6f2db3f176bb)] -> css selector: div.forceSearchResultsRegion  div.resultsMultiWrapper >div > div table tbody td a]</small> </font> </div>
<div class="test-event"> <font color="maroon"> <small> &emsp; &emsp;--- 16 Oct 10:44:42 521 - Element is displayed:: [[ChromeDriver: chrome on WINDOWS (f4f548fffa458807595a6f2db3f176bb)] -> css selector: div.forceSearchResultsRegion  div.resultsMultiWrapper >div > div table tbody td a]</small> </font> </div>
<div class="test-event"> <font color="maroon"> <small> &emsp; &emsp;--- 16 Oct 10:44:43 059 - Page URL:: https://i-car--staging.sandbox.my.salesforce-setup.com/one/one.app#eyjjb21wb25lbnrezwyioijmb3jjzvnlyxjjadpzzwfyy2gilcjhdhryawj1dgvzijp7inrlcm0ioijccmvuzgegumftc2v5iiwic2nvcgvnyxaionsibgfizwxqbhvyywwioijtzxr1ccisim5hbwvzcgfjzsi6ilnldhvwiiwidhlwzsi6ilrpuf9srvnvtfrtin0simnvbnrlehqionsizglzywjszvnwzwxsq29ycmvjdglvbii6zmfsc2usimrpc2fibgvjbnrlbnrrdwvyesi6zmfsc2usinnlyxjjafnvdxjjzsi6ikloufvux0rfu0tut1aifswiz3jvdxbjzci6ikrfrkfvtfqifswic3rhdguiont9fq%3d%3d</small> </font> </div>
<div class="test-event"> <font color="maroon"> <small> &emsp; &emsp;--- 16 Oct 10:44:43 059 - <b>0</b> - Page Load Wait: (Sync) - ICar.support.Utils.waitForPageLoad(Utils.java:109)</small> </font> </div>
<div class="test-event"> <font color="maroon"> <small> &emsp; &emsp;--- 16 Oct 10:45:03 524 - Catched spinner load exception due to Expected condition failed: waiting for ICar.support.WaitUtils$4@714addf7 (tried for 20 second(s) with 500 milliseconds interval)</small> </font> </div>
<div class="test-event"> <font color="maroon"> <small> &emsp; &emsp;--- 16 Oct 10:45:03 524 - <b>20</b> - Spinner Load Wait: (Sync) - ICar.support.WaitUtils.waitForSpinner(WaitUtils.java:225)</small> </font> </div>
<div class="test-event"> <font color="maroon"> <small> &emsp; &emsp;--- 16 Oct 10:45:03 641 - Page URL:: https://i-car--staging.sandbox.my.salesforce-setup.com/lightning/setup/manageusers/page?address=%2f0051i000002lihdqas%3fnoredirect%3d1%26isuserentityoverride%3d1%26returl%3d%252fsetup%252fhome</small> </font> </div>
<div class="test-event"> <font color="maroon"> <small> &emsp; &emsp;--- 16 Oct 10:45:03 641 - <b>0</b> - Page Load Wait: (Sync) - ICar.support.Utils.waitForPageLoad(Utils.java:109)</small> </font> </div>
<div class="test-event"> <font color="maroon"> <small> &emsp; &emsp;--- 16 Oct 10:45:03 762 - Page URL:: https://i-car--staging.sandbox.my.salesforce-setup.com/lightning/setup/manageusers/page?address=%2f0051i000002lihdqas%3fnoredirect%3d1%26isuserentityoverride%3d1%26returl%3d%252fsetup%252fhome</small> </font> </div>
<div class="test-event"> <font color="maroon"> <small> &emsp; &emsp;--- 16 Oct 10:45:03 762 - <b>0</b> - Page Load Wait: (Sync) - ICar.support.Utils.waitForPageLoad(Utils.java:109)</small> </font> </div>
<div class="test-event"> <font color="maroon"> <small> &emsp; &emsp;--- 16 Oct 10:45:07 863 - Element is displayed:: [[ChromeDriver: chrome on WINDOWS (f4f548fffa458807595a6f2db3f176bb)] -> css selector: input[title='Login']]</small> </font> </div>
<div class="test-event"> <font color="maroon"> <small> &emsp; &emsp;--- 16 Oct 10:45:19 726 - Page URL:: https://i-car--staging.sandbox.lightning.force.com/lightning/r/orderitem/802vc00000bnclmyab/view?ws=%2flightning%2fr%2frefund_credit_request__c%2fa3jvc000001usatya0%2fview</small> </font> </div>
<div class="test-event"> <font color="maroon"> <small> &emsp; &emsp;--- 16 Oct 10:45:19 727 - <b>0</b> - Page Load Wait: (Sync) - ICar.support.Utils.waitForPageLoad(Utils.java:109)</small> </font> </div>
<div class="test-event"> <font color="maroon"> <small> &emsp; &emsp;--- 16 Oct 10:45:25 366 - Page URL:: https://i-car--staging.sandbox.lightning.force.com/lightning/r/orderitem/802vc00000bnclmyab/view?ws=%2flightning%2fr%2frefund_credit_request__c%2fa3jvc000001usatya0%2fview</small> </font> </div>
<div class="test-event"> <font color="maroon"> <small> &emsp; &emsp;--- 16 Oct 10:45:25 366 - <b>0</b> - Page Load Wait: (Sync) - ICar.support.Utils.waitForPageLoad(Utils.java:109)</small> </font> </div>
<div class="test-message">&emsp;Close the tab</div>
<div class="test-event"> <font color="maroon"> <small> &emsp; &emsp;--- 16 Oct 10:45:31 006 - Page URL:: https://i-car--staging.sandbox.lightning.force.com/lightning/o/contact/list?filtername=__recent</small> </font> </div>
<div class="test-event"> <font color="maroon"> <small> &emsp; &emsp;--- 16 Oct 10:45:31 006 - <b>0</b> - Page Load Wait: (Sync) - ICar.support.Utils.waitForPageLoad(Utils.java:109)</small> </font> </div>
<div class="test-event"> <font color="maroon"> <small> &emsp; &emsp;--- 16 Oct 10:45:36 396 - Page URL:: https://i-car--staging.sandbox.lightning.force.com/lightning/o/contact/list?filtername=__recent</small> </font> </div>
<div class="test-event"> <font color="maroon"> <small> &emsp; &emsp;--- 16 Oct 10:45:36 396 - <b>0</b> - Page Load Wait: (Sync) - ICar.support.Utils.waitForPageLoad(Utils.java:109)</small> </font> </div>
<div class="test-message">&emsp;Close the tab</div>
<div class="test-event"> <font color="maroon"> <small> &emsp; &emsp;--- 16 Oct 10:45:41 816 - Page URL:: https://i-car--staging.sandbox.lightning.force.com/lightning/o/contact/list?filtername=__recent</small> </font> </div>
<div class="test-event"> <font color="maroon"> <small> &emsp; &emsp;--- 16 Oct 10:45:41 816 - <b>0</b> - Page Load Wait: (Sync) - ICar.support.Utils.waitForPageLoad(Utils.java:109)</small> </font> </div>
<div class="test-event"> <font color="maroon"> <small> &emsp; &emsp;--- 16 Oct 10:45:47 160 - Page URL:: https://i-car--staging.sandbox.lightning.force.com/lightning/o/contact/list?filtername=__recent</small> </font> </div>
<div class="test-event"> <font color="maroon"> <small> &emsp; &emsp;--- 16 Oct 10:45:47 160 - <b>0</b> - Page Load Wait: (Sync) - ICar.support.Utils.waitForPageLoad(Utils.java:109)</small> </font> </div>
<div class="test-message">&emsp;Close the tab</div>
<div class="test-event"> <font color="maroon"> <small> &emsp; &emsp;--- 16 Oct 10:45:52 617 - Page URL:: https://i-car--staging.sandbox.lightning.force.com/lightning/o/contact/list?filtername=__recent</small> </font> </div>
<div class="test-event"> <font color="maroon"> <small> &emsp; &emsp;--- 16 Oct 10:45:52 617 - <b>0</b> - Page Load Wait: (Sync) - ICar.support.Utils.waitForPageLoad(Utils.java:109)</small> </font> </div>
<div class="test-event"> <font color="maroon"> <small> &emsp; &emsp;--- 16 Oct 10:45:52 669 - Element is displayed:: [[ChromeDriver: chrome on WINDOWS (f4f548fffa458807595a6f2db3f176bb)] -> css selector: button[class*='search-button']]</small> </font> </div>
<div class="test-event"> <font color="maroon"> <small> &emsp; &emsp;--- 16 Oct 10:45:54 860 - Catched spinner load exception due to Expected condition failed: waiting for ICar.support.WaitUtils$4@714addf7 (tried for 2 second(s) with 500 milliseconds interval)</small> </font> </div>
<div class="test-event"> <font color="maroon"> <small> &emsp; &emsp;--- 16 Oct 10:45:54 860 - <b>2</b> - Spinner Load Wait: (Sync) - ICar.support.WaitUtils.waitForSpinner(WaitUtils.java:225)</small> </font> </div>
<div class="test-event"> <font color="maroon"> <small> &emsp; &emsp;--- 16 Oct 10:45:57 955 - Element is displayed:: [[ChromeDriver: chrome on WINDOWS (f4f548fffa458807595a6f2db3f176bb)] -> css selector: button[class*='search-button']]</small> </font> </div>
<div class="test-event"> <font color="maroon"> <small> &emsp; &emsp;--- 16 Oct 10:45:58 746 - Page URL:: https://i-car--staging.sandbox.lightning.force.com/lightning/o/contact/list?filtername=__recent</small> </font> </div>
<div class="test-event"> <font color="maroon"> <small> &emsp; &emsp;--- 16 Oct 10:45:58 746 - <b>0</b> - Page Load Wait: (Sync) - ICar.support.Utils.waitForPageLoad(Utils.java:109)</small> </font> </div>
<div class="test-event"> <font color="maroon"> <small> &emsp; &emsp;--- 16 Oct 10:46:18 080 - Catched spinner load exception due to Expected condition failed: waiting for ICar.support.WaitUtils$4@714addf7 (tried for 10 second(s) with 500 milliseconds interval)</small> </font> </div>
<div class="test-event"> <font color="maroon"> <small> &emsp; &emsp;--- 16 Oct 10:46:18 080 - <b>10</b> - Spinner Load Wait: (Sync) - ICar.support.WaitUtils.waitForSpinner(WaitUtils.java:225)</small> </font> </div>
<div class="test-event"> <font color="maroon"> <small> &emsp; &emsp;--- 16 Oct 10:46:18 475 - Page URL:: https://i-car--staging.sandbox.lightning.force.com/one/one.app#eyjjb21wb25lbnrezwyioijmb3jjzvnlyxjjadpzzwfyy2hqywdlrgvza3rvccisimf0dhjpynv0zxmionsidgvybsi6ijiznjy5mzkilcjzy29wzu1hcci6eyj0exblijoive9qx1jfu1vmvfmilcjuyw1lc3bhy2uioiiilcjsywjlbci6ilrvccbszxn1bhrziiwibgfizwxqbhvyywwioijub3agumvzdwx0cyisinjlc3vsdhndbxaioijmb3jjzvnlyxjjadpwcmvkawn0zwrszxn1bhrzin0simnvbnrlehqionsirklmvevsuyi6e30sinnlyxjjafnvdxjjzsi6ikftu0ltvefovf9esufmt0cilcjkaxnhymxlsw50zw50uxvlcnkiomzhbhnllcjkaxnhymxlu3blbgxdb3jyzwn0aw9uijpmywxzzswic2vhcmnorglhbg9nu2vzc2lvbklkijoiodblzdczzmqtmde3yy1iyzgxlwyymdctnjywythmzjaxnzi0iiwizgvidwdjbmzvijp7imfwce5hbwuioijjq2fyx1nlcnzpy2vfq29uc29szsisimfwcfr5cguioijdb25zb2xliiwiyxbwtmftzxnwywnlijoiyyisimxvy2f0aw9uijoizm9yy2u6b2jqzwn0sg9tzurlc2t0b3ailcjzb2jqzwn0vhlwzsi6iknvbnrhy3qifx0simdyb3vwswqioijeruzbvuxuin0sinn0yxrlijp7fx0%3d</small> </font> </div>
<div class="test-event"> <font color="maroon"> <small> &emsp; &emsp;--- 16 Oct 10:46:18 475 - <b>0</b> - Page Load Wait: (Sync) - ICar.support.Utils.waitForPageLoad(Utils.java:109)</small> </font> </div>
<div class="test-event"> <font color="maroon"> <small> &emsp; &emsp;--- 16 Oct 10:46:29 585 - Catched spinner load exception due to Expected condition failed: waiting for ICar.support.WaitUtils$4@714addf7 (tried for 11 second(s) with 500 milliseconds interval)</small> </font> </div>
<div class="test-event"> <font color="maroon"> <small> &emsp; &emsp;--- 16 Oct 10:46:29 585 - <b>11</b> - Spinner Load Wait: (Sync) - ICar.support.WaitUtils.waitForSpinner(WaitUtils.java:225)</small> </font> </div>
<div class="test-event"> <font color="maroon"> <small> &emsp; &emsp;--- 16 Oct 10:46:30 091 - Page URL:: https://i-car--staging.sandbox.lightning.force.com/one/one.app#eyjjb21wb25lbnrezwyioijmb3jjzvnlyxjjadpzzwfyy2hqywdlrgvza3rvccisimf0dhjpynv0zxmionsidgvybsi6ijiznjy5mzkilcjzy29wzu1hcci6eyj0exblijoive9qx1jfu1vmvfmilcjuyw1lc3bhy2uioiiilcjsywjlbci6ilrvccbszxn1bhrziiwibgfizwxqbhvyywwioijub3agumvzdwx0cyisinjlc3vsdhndbxaioijmb3jjzvnlyxjjadpwcmvkawn0zwrszxn1bhrzin0simnvbnrlehqionsirklmvevsuyi6e30sinnlyxjjafnvdxjjzsi6ikftu0ltvefovf9esufmt0cilcjkaxnhymxlsw50zw50uxvlcnkiomzhbhnllcjkaxnhymxlu3blbgxdb3jyzwn0aw9uijpmywxzzswic2vhcmnorglhbg9nu2vzc2lvbklkijoiodblzdczzmqtmde3yy1iyzgxlwyymdctnjywythmzjaxnzi0iiwizgvidwdjbmzvijp7imfwce5hbwuioijjq2fyx1nlcnzpy2vfq29uc29szsisimfwcfr5cguioijdb25zb2xliiwiyxbwtmftzxnwywnlijoiyyisimxvy2f0aw9uijoizm9yy2u6b2jqzwn0sg9tzurlc2t0b3ailcjzb2jqzwn0vhlwzsi6iknvbnrhy3qifx0simdyb3vwswqioijeruzbvuxuin0sinn0yxrlijp7fx0%3d</small> </font> </div>
<div class="test-event"> <font color="maroon"> <small> &emsp; &emsp;--- 16 Oct 10:46:30 091 - <b>0</b> - Page Load Wait: (Sync) - ICar.support.Utils.waitForPageLoad(Utils.java:109)</small> </font> </div>
<div class="test-event"> <font color="maroon"> <small> &emsp; &emsp;--- 16 Oct 10:46:30 159 - Element is displayed:: [[ChromeDriver: chrome on WINDOWS (f4f548fffa458807595a6f2db3f176bb)] -> xpath: //a[@title='Top Results']//span[text()='Top Results']]</small> </font> </div>
<div class="test-event"> <font color="maroon"> <small> &emsp; &emsp;--- 16 Oct 10:46:30 565 - Page URL:: https://i-car--staging.sandbox.lightning.force.com/one/one.app#eyjjb21wb25lbnrezwyioijmb3jjzvnlyxjjadpzzwfyy2hqywdlrgvza3rvccisimf0dhjpynv0zxmionsidgvybsi6ijiznjy5mzkilcjzy29wzu1hcci6eyj0exblijoive9qx1jfu1vmvfmilcjuyw1lc3bhy2uioiiilcjsywjlbci6ilrvccbszxn1bhrziiwibgfizwxqbhvyywwioijub3agumvzdwx0cyisinjlc3vsdhndbxaioijmb3jjzvnlyxjjadpwcmvkawn0zwrszxn1bhrzin0simnvbnrlehqionsirklmvevsuyi6e30sinnlyxjjafnvdxjjzsi6ikftu0ltvefovf9esufmt0cilcjkaxnhymxlsw50zw50uxvlcnkiomzhbhnllcjkaxnhymxlu3blbgxdb3jyzwn0aw9uijpmywxzzswic2vhcmnorglhbg9nu2vzc2lvbklkijoiodblzdczzmqtmde3yy1iyzgxlwyymdctnjywythmzjaxnzi0iiwizgvidwdjbmzvijp7imfwce5hbwuioijjq2fyx1nlcnzpy2vfq29uc29szsisimfwcfr5cguioijdb25zb2xliiwiyxbwtmftzxnwywnlijoiyyisimxvy2f0aw9uijoizm9yy2u6b2jqzwn0sg9tzurlc2t0b3ailcjzb2jqzwn0vhlwzsi6iknvbnrhy3qifx0simdyb3vwswqioijeruzbvuxuin0sinn0yxrlijp7fx0%3d</small> </font> </div>
<div class="test-event"> <font color="maroon"> <small> &emsp; &emsp;--- 16 Oct 10:46:30 565 - <b>0</b> - Page Load Wait: (Sync) - ICar.support.Utils.waitForPageLoad(Utils.java:109)</small> </font> </div>
<div class="test-event"> <font color="maroon"> <small> &emsp; &emsp;--- 16 Oct 10:46:35 810 - Catched spinner load exception due to Expected condition failed: waiting for ICar.support.WaitUtils$4@714addf7 (tried for 5 second(s) with 500 milliseconds interval)</small> </font> </div>
<div class="test-event"> <font color="maroon"> <small> &emsp; &emsp;--- 16 Oct 10:46:35 810 - <b>5</b> - Spinner Load Wait: (Sync) - ICar.support.WaitUtils.waitForSpinner(WaitUtils.java:225)</small> </font> </div>
<div class="test-event"> <font color="maroon"> <small> &emsp; &emsp;--- 16 Oct 10:46:36 221 - Page URL:: https://i-car--staging.sandbox.lightning.force.com/one/one.app#eyjjb21wb25lbnrezwyioijmb3jjzvnlyxjjadpzzwfyy2hqywdlrgvza3rvccisimf0dhjpynv0zxmionsidgvybsi6ijiznjy5mzkilcjzy29wzu1hcci6eyj0exblijoive9qx1jfu1vmvfmilcjuyw1lc3bhy2uioiiilcjsywjlbci6ilrvccbszxn1bhrziiwibgfizwxqbhvyywwioijub3agumvzdwx0cyisinjlc3vsdhndbxaioijmb3jjzvnlyxjjadpwcmvkawn0zwrszxn1bhrzin0simnvbnrlehqionsirklmvevsuyi6e30sinnlyxjjafnvdxjjzsi6ikftu0ltvefovf9esufmt0cilcjkaxnhymxlsw50zw50uxvlcnkiomzhbhnllcjkaxnhymxlu3blbgxdb3jyzwn0aw9uijpmywxzzswic2vhcmnorglhbg9nu2vzc2lvbklkijoiodblzdczzmqtmde3yy1iyzgxlwyymdctnjywythmzjaxnzi0iiwizgvidwdjbmzvijp7imfwce5hbwuioijjq2fyx1nlcnzpy2vfq29uc29szsisimfwcfr5cguioijdb25zb2xliiwiyxbwtmftzxnwywnlijoiyyisimxvy2f0aw9uijoizm9yy2u6b2jqzwn0sg9tzurlc2t0b3ailcjzb2jqzwn0vhlwzsi6iknvbnrhy3qifx0simdyb3vwswqioijeruzbvuxuin0sinn0yxrlijp7fx0%3d</small> </font> </div>
<div class="test-event"> <font color="maroon"> <small> &emsp; &emsp;--- 16 Oct 10:46:36 221 - <b>0</b> - Page Load Wait: (Sync) - ICar.support.Utils.waitForPageLoad(Utils.java:109)</small> </font> </div>
<div class="test-event"> <font color="maroon"> <small> &emsp; &emsp;--- 16 Oct 10:46:36 571 - Page URL:: https://i-car--staging.sandbox.lightning.force.com/one/one.app#eyjjb21wb25lbnrezwyioijmb3jjzvnlyxjjadpzzwfyy2hqywdlrgvza3rvccisimf0dhjpynv0zxmionsidgvybsi6ijiznjy5mzkilcjzy29wzu1hcci6eyj0exblijoive9qx1jfu1vmvfmilcjuyw1lc3bhy2uioiiilcjsywjlbci6ilrvccbszxn1bhrziiwibgfizwxqbhvyywwioijub3agumvzdwx0cyisinjlc3vsdhndbxaioijmb3jjzvnlyxjjadpwcmvkawn0zwrszxn1bhrzin0simnvbnrlehqionsirklmvevsuyi6e30sinnlyxjjafnvdxjjzsi6ikftu0ltvefovf9esufmt0cilcjkaxnhymxlsw50zw50uxvlcnkiomzhbhnllcjkaxnhymxlu3blbgxdb3jyzwn0aw9uijpmywxzzswic2vhcmnorglhbg9nu2vzc2lvbklkijoiodblzdczzmqtmde3yy1iyzgxlwyymdctnjywythmzjaxnzi0iiwizgvidwdjbmzvijp7imfwce5hbwuioijjq2fyx1nlcnzpy2vfq29uc29szsisimfwcfr5cguioijdb25zb2xliiwiyxbwtmftzxnwywnlijoiyyisimxvy2f0aw9uijoizm9yy2u6b2jqzwn0sg9tzurlc2t0b3ailcjzb2jqzwn0vhlwzsi6iknvbnrhy3qifx0simdyb3vwswqioijeruzbvuxuin0sinn0yxrlijp7fx0%3d</small> </font> </div>
<div class="test-event"> <font color="maroon"> <small> &emsp; &emsp;--- 16 Oct 10:46:36 571 - <b>0</b> - Page Load Wait: (Sync) - ICar.support.Utils.waitForPageLoad(Utils.java:109)</small> </font> </div>
<div class="test-event"> <font color="maroon"> <small> &emsp; &emsp;--- 16 Oct 10:46:36 918 - Page URL:: https://i-car--staging.sandbox.lightning.force.com/one/one.app#eyjjb21wb25lbnrezwyioijmb3jjzvnlyxjjadpzzwfyy2hqywdlrgvza3rvccisimf0dhjpynv0zxmionsidgvybsi6ijiznjy5mzkilcjzy29wzu1hcci6eyj0exblijoive9qx1jfu1vmvfmilcjuyw1lc3bhy2uioiiilcjsywjlbci6ilrvccbszxn1bhrziiwibgfizwxqbhvyywwioijub3agumvzdwx0cyisinjlc3vsdhndbxaioijmb3jjzvnlyxjjadpwcmvkawn0zwrszxn1bhrzin0simnvbnrlehqionsirklmvevsuyi6e30sinnlyxjjafnvdxjjzsi6ikftu0ltvefovf9esufmt0cilcjkaxnhymxlsw50zw50uxvlcnkiomzhbhnllcjkaxnhymxlu3blbgxdb3jyzwn0aw9uijpmywxzzswic2vhcmnorglhbg9nu2vzc2lvbklkijoiodblzdczzmqtmde3yy1iyzgxlwyymdctnjywythmzjaxnzi0iiwizgvidwdjbmzvijp7imfwce5hbwuioijjq2fyx1nlcnzpy2vfq29uc29szsisimfwcfr5cguioijdb25zb2xliiwiyxbwtmftzxnwywnlijoiyyisimxvy2f0aw9uijoizm9yy2u6b2jqzwn0sg9tzurlc2t0b3ailcjzb2jqzwn0vhlwzsi6iknvbnrhy3qifx0simdyb3vwswqioijeruzbvuxuin0sinn0yxrlijp7fx0%3d</small> </font> </div>
<div class="test-event"> <font color="maroon"> <small> &emsp; &emsp;--- 16 Oct 10:46:36 918 - <b>0</b> - Page Load Wait: (Sync) - ICar.support.Utils.waitForPageLoad(Utils.java:109)</small> </font> </div>
<div class="test-event"> <font color="maroon"> <small> &emsp; &emsp;--- 16 Oct 10:46:45 296 - Catched spinner load exception due to Expected condition failed: waiting for ICar.support.WaitUtils$4@714addf7 (tried for 8 second(s) with 500 milliseconds interval)</small> </font> </div>
<div class="test-event"> <font color="maroon"> <small> &emsp; &emsp;--- 16 Oct 10:46:45 296 - <b>8</b> - Spinner Load Wait: (Sync) - ICar.support.WaitUtils.waitForSpinner(WaitUtils.java:225)</small> </font> </div>
<div class="test-event"> <font color="maroon"> <small> &emsp; &emsp;--- 16 Oct 10:46:45 726 - Page URL:: https://i-car--staging.sandbox.lightning.force.com/one/one.app#eyjjb21wb25lbnrezwyioijmb3jjzvnlyxjjadpzzwfyy2hqywdlrgvza3rvccisimf0dhjpynv0zxmionsidgvybsi6ijiznjy5mzkilcjzy29wzu1hcci6eyj0exblijoive9qx1jfu1vmvfmilcjuyw1lc3bhy2uioiiilcjsywjlbci6ilrvccbszxn1bhrziiwibgfizwxqbhvyywwioijub3agumvzdwx0cyisinjlc3vsdhndbxaioijmb3jjzvnlyxjjadpwcmvkawn0zwrszxn1bhrzin0simnvbnrlehqionsirklmvevsuyi6e30sinnlyxjjafnvdxjjzsi6ikftu0ltvefovf9esufmt0cilcjkaxnhymxlsw50zw50uxvlcnkiomzhbhnllcjkaxnhymxlu3blbgxdb3jyzwn0aw9uijpmywxzzswic2vhcmnorglhbg9nu2vzc2lvbklkijoiodblzdczzmqtmde3yy1iyzgxlwyymdctnjywythmzjaxnzi0iiwizgvidwdjbmzvijp7imfwce5hbwuioijjq2fyx1nlcnzpy2vfq29uc29szsisimfwcfr5cguioijdb25zb2xliiwiyxbwtmftzxnwywnlijoiyyisimxvy2f0aw9uijoizm9yy2u6b2jqzwn0sg9tzurlc2t0b3ailcjzb2jqzwn0vhlwzsi6iknvbnrhy3qifx0simdyb3vwswqioijeruzbvuxuin0sinn0yxrlijp7fx0%3d</small> </font> </div>
<div class="test-event"> <font color="maroon"> <small> &emsp; &emsp;--- 16 Oct 10:46:45 726 - <b>0</b> - Page Load Wait: (Sync) - ICar.support.Utils.waitForPageLoad(Utils.java:109)</small> </font> </div>
<div class="test-event"> <font color="maroon"> <small> &emsp; &emsp;--- 16 Oct 10:46:47 815 - Element is displayed:: [[ChromeDriver: chrome on WINDOWS (f4f548fffa458807595a6f2db3f176bb)] -> xpath: //div[contains(@class,'forceSearchResultsRegion')]//div[contains(@class,'resultsMultiWrapper')]/div/div[1]//following::h2//a]</small> </font> </div>
<div class="test-event"> <font color="maroon"> <small> &emsp; &emsp;--- 16 Oct 10:46:47 995 - Element is displayed:: [[ChromeDriver: chrome on WINDOWS (f4f548fffa458807595a6f2db3f176bb)] -> xpath: //a[text()='Contacts']]</small> </font> </div>
<div class="test-event"> <font color="maroon"> <small> &emsp; &emsp;--- 16 Oct 10:46:52 597 - Element is displayed:: [[ChromeDriver: chrome on WINDOWS (f4f548fffa458807595a6f2db3f176bb)] -> xpath: //div[text()='Contacts']//following :: table//tbody//th//span /a]</small> </font> </div>
<div class="test-event"> <font color="maroon"> <small> &emsp; &emsp;--- 16 Oct 10:46:53 180 - Page URL:: https://i-car--staging.sandbox.lightning.force.com/one/one.app#eyjjb21wb25lbnrezwyioijmb3jjzvnlyxjjadpzzwfyy2hqywdlrgvza3rvccisimf0dhjpynv0zxmionsidgvybsi6ijiznjy5mzkilcjzy29wzu1hcci6eyj0exblijoive9qx1jfu1vmvfmilcjuyw1lc3bhy2uioiiilcjsywjlbci6ilrvccbszxn1bhrziiwibgfizwxqbhvyywwioijub3agumvzdwx0cyisinjlc3vsdhndbxaioijmb3jjzvnlyxjjadpwcmvkawn0zwrszxn1bhrzin0simnvbnrlehqionsirklmvevsuyi6e30sinnlyxjjafnvdxjjzsi6ikftu0ltvefovf9esufmt0cilcjkaxnhymxlsw50zw50uxvlcnkiomzhbhnllcjkaxnhymxlu3blbgxdb3jyzwn0aw9uijpmywxzzswic2vhcmnorglhbg9nu2vzc2lvbklkijoiodblzdczzmqtmde3yy1iyzgxlwyymdctnjywythmzjaxnzi0iiwizgvidwdjbmzvijp7imfwce5hbwuioijjq2fyx1nlcnzpy2vfq29uc29szsisimfwcfr5cguioijdb25zb2xliiwiyxbwtmftzxnwywnlijoiyyisimxvy2f0aw9uijoizm9yy2u6b2jqzwn0sg9tzurlc2t0b3ailcjzb2jqzwn0vhlwzsi6iknvbnrhy3qifx0simdyb3vwswqioijeruzbvuxuin0sinn0yxrlijp7fx0%3d</small> </font> </div>
<div class="test-event"> <font color="maroon"> <small> &emsp; &emsp;--- 16 Oct 10:46:53 180 - <b>0</b> - Page Load Wait: (Sync) - ICar.support.Utils.waitForPageLoad(Utils.java:109)</small> </font> </div>
<div class="test-event"> <font color="maroon"> <small> &emsp; &emsp;--- 16 Oct 10:47:01 336 - Catched spinner load exception due to Expected condition failed: waiting for ICar.support.WaitUtils$4@714addf7 (tried for 8 second(s) with 500 milliseconds interval)</small> </font> </div>
<div class="test-event"> <font color="maroon"> <small> &emsp; &emsp;--- 16 Oct 10:47:01 336 - <b>8</b> - Spinner Load Wait: (Sync) - ICar.support.WaitUtils.waitForSpinner(WaitUtils.java:225)</small> </font> </div>
<div class="test-event"> <font color="maroon"> <small> &emsp; &emsp;--- 16 Oct 10:47:01 693 - Page URL:: https://i-car--staging.sandbox.lightning.force.com/lightning/r/contact/0031i00000nugvlqau/view</small> </font> </div>
<div class="test-event"> <font color="maroon"> <small> &emsp; &emsp;--- 16 Oct 10:47:01 693 - <b>0</b> - Page Load Wait: (Sync) - ICar.support.Utils.waitForPageLoad(Utils.java:109)</small> </font> </div>
<div class="test-event"> <font color="maroon"> <small> &emsp; &emsp;--- 16 Oct 10:47:17 911 - Unable to find a element after 9 sec ==> Proxy element for: AjaxElementLocator 'By.xpath: //a[@name='TM_Account_Hierarchy']/span'</small> </font> </div>
<div class="test-event"> <font color="maroon"> <small> &emsp; &emsp;--- 16 Oct 10:47:18 013 - Element is displayed:: [[ChromeDriver: chrome on WINDOWS (f4f548fffa458807595a6f2db3f176bb)] -> xpath: //ul[@class='slds-button-group-list']/li[4]//button]</small> </font> </div>
<div class="test-event"> <font color="maroon"> <small> &emsp; &emsp;--- 16 Oct 10:47:18 474 - Page URL:: https://i-car--staging.sandbox.lightning.force.com/lightning/r/contact/0031i00000nugvlqau/view</small> </font> </div>
<div class="test-event"> <font color="maroon"> <small> &emsp; &emsp;--- 16 Oct 10:47:18 474 - <b>0</b> - Page Load Wait: (Sync) - ICar.support.Utils.waitForPageLoad(Utils.java:109)</small> </font> </div>
<div class="test-event"> <font color="maroon"> <small> &emsp; &emsp;--- 16 Oct 10:47:26 880 - Catched spinner load exception due to Expected condition failed: waiting for ICar.support.WaitUtils$4@714addf7 (tried for 8 second(s) with 500 milliseconds interval)</small> </font> </div>
<div class="test-event"> <font color="maroon"> <small> &emsp; &emsp;--- 16 Oct 10:47:26 880 - <b>8</b> - Spinner Load Wait: (Sync) - ICar.support.WaitUtils.waitForSpinner(WaitUtils.java:225)</small> </font> </div>
<div class="test-event"> <font color="maroon"> <small> &emsp; &emsp;--- 16 Oct 10:47:27 341 - Page URL:: https://i-car--staging.sandbox.lightning.force.com/lightning/r/contact/0031i00000nugvlqau/view</small> </font> </div>
<div class="test-event"> <font color="maroon"> <small> &emsp; &emsp;--- 16 Oct 10:47:27 341 - <b>0</b> - Page Load Wait: (Sync) - ICar.support.Utils.waitForPageLoad(Utils.java:109)</small> </font> </div>
<div class="test-event"> <font color="maroon"> <small> &emsp; &emsp;--- 16 Oct 10:47:43 902 - Unable to find a element after 10 sec ==> Proxy element for: AjaxElementLocator 'By.xpath: //a[@name='TM_Account_Hierarchy']/span'</small> </font> </div>
<div class="test-event"> <font color="maroon"> <small> &emsp; &emsp;--- 16 Oct 10:47:43 989 - Element is displayed:: [[ChromeDriver: chrome on WINDOWS (f4f548fffa458807595a6f2db3f176bb)] -> xpath: //*[text()='TM Dashboard']]</small> </font> </div>
<div class="test-event"> <font color="maroon"> <small> &emsp; &emsp;--- 16 Oct 10:47:44 439 - Page URL:: https://i-car--staging.sandbox.lightning.force.com/lightning/r/contact/0031i00000nugvlqau/view</small> </font> </div>
<div class="test-event"> <font color="maroon"> <small> &emsp; &emsp;--- 16 Oct 10:47:44 439 - <b>0</b> - Page Load Wait: (Sync) - ICar.support.Utils.waitForPageLoad(Utils.java:109)</small> </font> </div>
<div class="test-event"> <font color="maroon"> <small> &emsp; &emsp;--- 16 Oct 10:47:54 823 - Catched spinner load exception due to Expected condition failed: waiting for ICar.support.WaitUtils$4@714addf7 (tried for 10 second(s) with 500 milliseconds interval)</small> </font> </div>
<div class="test-event"> <font color="maroon"> <small> &emsp; &emsp;--- 16 Oct 10:47:54 823 - <b>10</b> - Spinner Load Wait: (Sync) - ICar.support.WaitUtils.waitForSpinner(WaitUtils.java:225)</small> </font> </div>
<div class="test-event"> <font color="maroon"> <small> &emsp; &emsp;--- 16 Oct 10:47:55 266 - Page URL:: https://i-car--staging.sandbox.lightning.force.com/one/one.app#eyjjb21wb25lbnrezwyioijvbmu6ywxvagfqywdliiwiyxr0cmlidxrlcyi6eyjhzgryzxnzijoiahr0chm6ly9plwnhci0tc3rhz2luzy0tyy5zyw5kym94lnzmlmzvcmnllmnvbs9hcgv4l0ldqvjfve1eyxnoym9hcmq%2fawq9mdazmukwmdawmg51r3zmuufvin0sinn0yxrlijp7indzijoil2xpz2h0bmluzy9yl0nvbnrhy3qvmdazmukwmdawmg51r3zmuufvl3zpzxcifx0%3d</small> </font> </div>
<div class="test-event"> <font color="maroon"> <small> &emsp; &emsp;--- 16 Oct 10:47:55 266 - <b>0</b> - Page Load Wait: (Sync) - ICar.support.Utils.waitForPageLoad(Utils.java:109)</small> </font> </div>
<div class="test-event"> <font color="maroon"> <small> &emsp; &emsp;--- 16 Oct 10:47:55 848 - Page URL:: https://i-car--staging.sandbox.lightning.force.com/one/one.app#eyjjb21wb25lbnrezwyioijvbmu6ywxvagfqywdliiwiyxr0cmlidxrlcyi6eyjhzgryzxnzijoiahr0chm6ly9plwnhci0tc3rhz2luzy0tyy5zyw5kym94lnzmlmzvcmnllmnvbs9hcgv4l0ldqvjfve1eyxnoym9hcmq%2fawq9mdazmukwmdawmg51r3zmuufvin0sinn0yxrlijp7indzijoil2xpz2h0bmluzy9yl0nvbnrhy3qvmdazmukwmdawmg51r3zmuufvl3zpzxcifx0%3d</small> </font> </div>
<div class="test-event"> <font color="maroon"> <small> &emsp; &emsp;--- 16 Oct 10:47:55 848 - <b>0</b> - Page Load Wait: (Sync) - ICar.support.Utils.waitForPageLoad(Utils.java:109)</small> </font> </div>
<div class="test-event"> <font color="maroon"> <small> &emsp; &emsp;--- 16 Oct 10:47:55 936 - Element is displayed:: [[ChromeDriver: chrome on WINDOWS (f4f548fffa458807595a6f2db3f176bb)] -> xpath: (//*[@class='slds-button slds-button_icon-border slds-button_icon-x-small'])[1]]</small> </font> </div>
<div class="test-event"> <font color="maroon"> <small> &emsp; &emsp;--- 16 Oct 10:47:55 990 - Element is displayed:: [[ChromeDriver: chrome on WINDOWS (f4f548fffa458807595a6f2db3f176bb)] -> xpath: (//*[@class='slds-button slds-button_icon-border slds-button_icon-x-small'])[1]]</small> </font> </div>
<div class="test-event"> <font color="maroon"> <small> &emsp; &emsp;--- 16 Oct 10:47:56 322 - Element is displayed:: [[ChromeDriver: chrome on WINDOWS (f4f548fffa458807595a6f2db3f176bb)] -> xpath: //div[@class='slds-dropdown slds-dropdown_left']//lightning-menu-item[4]//a]</small> </font> </div>
<div class="test-message">&emsp;Successfully verified  platinium download 'Gold class summary' Page&emsp;<a href=".\ScreenShot\ICar_BAM633_TC04_43243772396500.png" target="_blank" >[ScreenShot]</a></div>
<div class="test-result"><br><font color="green"><strong> Test Passed. </strong></font> </div>&emsp;
&emsp;<div class="test-title"> <strong><font size = "3" color = "#0000FF">---Test Execution Ends---</font> </strong> </div>&emsp;
<div class="test-event"> <font color="maroon"> <small> &emsp; &emsp;--- 16 Oct 10:47:57 460 - TestCaseID:: ICar_BAM633_TC05</small> </font> </div>
<div class="test-event"> <font color="maroon"> <small> &emsp; &emsp;--- 16 Oct 10:47:59 978 - <b>2</b> - Driver::initialize::Get - ICar.support.WebDriverFactory.getDriver(WebDriverFactory.java:640)</small> </font> </div>
&emsp;<div class="test-title"> <strong><font size = "3" color = "#000080">Platinum Report to be accessible from the "Action" dropdown button</font> </strong> </div>&emsp;<div><strong>Steps:</strong></div><!-- Report -->&emsp;
<div class="test-event"> <font color="maroon"> <small> &emsp; &emsp;--- 16 Oct 10:48:05 153 - Page URL:: https://i-car--staging.sandbox.my.salesforce.com/</small> </font> </div>
<div class="test-event"> <font color="maroon"> <small> &emsp; &emsp;--- 16 Oct 10:48:05 153 - <b>2</b> - Page Load Wait: (Sync) - ICar.support.Utils.waitForPageLoad(Utils.java:109)</small> </font> </div>
<div class="test-message">&emsp;Successfully navigated to 'Login' Page&emsp;<a href=".\ScreenShot\ICar_BAM633_TC05_43252584006500.png" target="_blank" >[ScreenShot]</a></div>
<div class="test-message">&emsp;1. Login page is launched.</div>
<div class="test-event"> <font color="maroon"> <small> &emsp; &emsp;--- 16 Oct 10:48:05 388 - Element is displayed:: [[ChromeDriver: chrome on WINDOWS (2870104590402a14b08a018d29279aed)] -> id: username]</small> </font> </div>
<div class="test-event"> <font color="maroon"> <small> &emsp; &emsp;--- 16 Oct 10:48:05 523 - Element is displayed:: [[ChromeDriver: chrome on WINDOWS (2870104590402a14b08a018d29279aed)] -> id: username]</small> </font> </div>
<div class="test-event"> <font color="maroon"> <small> &emsp; &emsp;--- 16 Oct 10:48:05 927 - Element is displayed:: [[ChromeDriver: chrome on WINDOWS (2870104590402a14b08a018d29279aed)] -> id: password]</small> </font> </div>
<div class="test-event"> <font color="maroon"> <small> &emsp; &emsp;--- 16 Oct 10:48:06 095 - Element is displayed:: [[ChromeDriver: chrome on WINDOWS (2870104590402a14b08a018d29279aed)] -> id: Login]</small> </font> </div>
<div class="test-event"> <font color="maroon"> <small> &emsp; &emsp;--- 16 Oct 10:48:35 092 - Catched spinner load exception due to Expected condition failed: waiting for ICar.support.WaitUtils$4@714addf7 (tried for 13 second(s) with 500 milliseconds interval)</small> </font> </div>
<div class="test-event"> <font color="maroon"> <small> &emsp; &emsp;--- 16 Oct 10:48:35 093 - <b>13</b> - Spinner Load Wait: (Sync) - ICar.support.WaitUtils.waitForSpinner(WaitUtils.java:225)</small> </font> </div>
<div class="test-event"> <font color="maroon"> <small> &emsp; &emsp;--- 16 Oct 10:48:53 954 - Catched spinner load exception due to Expected condition failed: waiting for ICar.support.WaitUtils$4@714addf7 (tried for 6 second(s) with 500 milliseconds interval)</small> </font> </div>
<div class="test-event"> <font color="maroon"> <small> &emsp; &emsp;--- 16 Oct 10:48:53 954 - <b>6</b> - Spinner Load Wait: (Sync) - ICar.support.WaitUtils.waitForSpinner(WaitUtils.java:225)</small> </font> </div>
<div class="test-event"> <font color="maroon"> <small> &emsp; &emsp;--- 16 Oct 10:48:54 029 - Element is displayed:: [[ChromeDriver: chrome on WINDOWS (2870104590402a14b08a018d29279aed)] -> css selector: button[class*='search-button']]</small> </font> </div>
<div class="test-message">&emsp;2. Navigate to 'SalesForce Page'</div>
<div class="test-event"> <font color="maroon"> <small> &emsp; &emsp;--- 16 Oct 10:48:54 401 - Page URL:: https://i-car--staging.sandbox.lightning.force.com/lightning/o/account/list?filtername=accounts</small> </font> </div>
<div class="test-event"> <font color="maroon"> <small> &emsp; &emsp;--- 16 Oct 10:48:54 401 - <b>0</b> - Page Load Wait: (Sync) - ICar.support.Utils.waitForPageLoad(Utils.java:109)</small> </font> </div>
<div class="test-event"> <font color="maroon"> <small> &emsp; &emsp;--- 16 Oct 10:48:59 813 - Page URL:: https://i-car--staging.sandbox.lightning.force.com/lightning/o/account/list?filtername=accounts</small> </font> </div>
<div class="test-event"> <font color="maroon"> <small> &emsp; &emsp;--- 16 Oct 10:48:59 813 - <b>0</b> - Page Load Wait: (Sync) - ICar.support.Utils.waitForPageLoad(Utils.java:109)</small> </font> </div>
<div class="test-message">&emsp;Close the tab</div>
<div class="test-message">&emsp;Successfully navigated to 'Login' Page&emsp;<a href=".\ScreenShot\ICar_BAM633_TC05_43312347397600.png" target="_blank" >[ScreenShot]</a></div>
<div class="test-message">&emsp;3. Enter the user credentials as : icaradminautomation3@i-car.com.staging</div>
<div class="test-event"> <font color="maroon"> <small> &emsp; &emsp;--- 16 Oct 10:49:11 558 - Page URL:: https://i-car--staging.sandbox.lightning.force.com/lightning/o/account/list?filtername=accounts</small> </font> </div>
<div class="test-event"> <font color="maroon"> <small> &emsp; &emsp;--- 16 Oct 10:49:11 558 - <b>0</b> - Page Load Wait: (Sync) - ICar.support.Utils.waitForPageLoad(Utils.java:109)</small> </font> </div>
<div class="test-event"> <font color="maroon"> <small> &emsp; &emsp;--- 16 Oct 10:49:11 887 - Page URL:: https://i-car--staging.sandbox.lightning.force.com/lightning/o/account/list?filtername=accounts</small> </font> </div>
<div class="test-event"> <font color="maroon"> <small> &emsp; &emsp;--- 16 Oct 10:49:11 887 - <b>0</b> - Page Load Wait: (Sync) - ICar.support.Utils.waitForPageLoad(Utils.java:109)</small> </font> </div>
<div class="test-event"> <font color="maroon"> <small> &emsp; &emsp;--- 16 Oct 10:49:11 941 - Element is displayed:: [[ChromeDriver: chrome on WINDOWS (2870104590402a14b08a018d29279aed)] -> xpath: //ul[@class='slds-global-actions']//div[@class='setupGear']]</small> </font> </div>
<div class="test-event"> <font color="maroon"> <small> &emsp; &emsp;--- 16 Oct 10:49:11 997 - Element is displayed:: [[ChromeDriver: chrome on WINDOWS (2870104590402a14b08a018d29279aed)] -> xpath: //ul[@class='slds-global-actions']//div[@class='setupGear']]</small> </font> </div>
<div class="test-event"> <font color="maroon"> <small> &emsp; &emsp;--- 16 Oct 10:49:15 749 - Page URL:: https://i-car--staging.sandbox.lightning.force.com/lightning/o/account/list?filtername=accounts</small> </font> </div>
<div class="test-event"> <font color="maroon"> <small> &emsp; &emsp;--- 16 Oct 10:49:15 749 - <b>0</b> - Page Load Wait: (Sync) - ICar.support.Utils.waitForPageLoad(Utils.java:109)</small> </font> </div>
<div class="test-event"> <font color="maroon"> <small> &emsp; &emsp;--- 16 Oct 10:49:18 908 - Catched spinner load exception due to Expected condition failed: waiting for ICar.support.WaitUtils$4@714addf7 (tried for 3 second(s) with 500 milliseconds interval)</small> </font> </div>
<div class="test-event"> <font color="maroon"> <small> &emsp; &emsp;--- 16 Oct 10:49:18 908 - <b>3</b> - Spinner Load Wait: (Sync) - ICar.support.WaitUtils.waitForSpinner(WaitUtils.java:225)</small> </font> </div>
<div class="test-event"> <font color="maroon"> <small> &emsp; &emsp;--- 16 Oct 10:49:19 410 - Page URL:: https://i-car--staging.sandbox.lightning.force.com/lightning/o/account/list?filtername=accounts</small> </font> </div>
<div class="test-event"> <font color="maroon"> <small> &emsp; &emsp;--- 16 Oct 10:49:19 410 - <b>0</b> - Page Load Wait: (Sync) - ICar.support.Utils.waitForPageLoad(Utils.java:109)</small> </font> </div>
<div class="test-event"> <font color="maroon"> <small> &emsp; &emsp;--- 16 Oct 10:49:25 203 - Page URL:: https://i-car--staging.sandbox.my.salesforce-setup.com/lightning/setup/setuponehome/home?setupdomainprobepassed=true</small> </font> </div>
<div class="test-event"> <font color="maroon"> <small> &emsp; &emsp;--- 16 Oct 10:49:25 203 - <b>5</b> - Page Load Wait: (Sync) - ICar.support.Utils.waitForPageLoad(Utils.java:109)</small> </font> </div>
<div class="test-event"> <font color="maroon"> <small> &emsp; &emsp;--- 16 Oct 10:49:30 368 - Page URL:: https://i-car--staging.sandbox.my.salesforce-setup.com/lightning/setup/setuponehome/home</small> </font> </div>
<div class="test-event"> <font color="maroon"> <small> &emsp; &emsp;--- 16 Oct 10:49:30 368 - <b>0</b> - Page Load Wait: (Sync) - ICar.support.Utils.waitForPageLoad(Utils.java:109)</small> </font> </div>
<div class="test-message">&emsp;Close the tab</div>
<div class="test-event"> <font color="maroon"> <small> &emsp; &emsp;--- 16 Oct 10:49:35 805 - Page URL:: https://i-car--staging.sandbox.my.salesforce-setup.com/lightning/setup/setuponehome/home</small> </font> </div>
<div class="test-event"> <font color="maroon"> <small> &emsp; &emsp;--- 16 Oct 10:49:35 805 - <b>0</b> - Page Load Wait: (Sync) - ICar.support.Utils.waitForPageLoad(Utils.java:109)</small> </font> </div>
<div class="test-event"> <font color="maroon"> <small> &emsp; &emsp;--- 16 Oct 10:49:47 765 - Unable to find an element after 2 sec ==> Proxy element for: AjaxElementLocator 'By.cssSelector: button[class*='search-button']'</small> </font> </div>
<div class="test-event"> <font color="maroon"> <small> &emsp; &emsp;--- 16 Oct 10:49:49 856 - Catched spinner load exception due to Expected condition failed: waiting for ICar.support.WaitUtils$4@714addf7 (tried for 2 second(s) with 500 milliseconds interval)</small> </font> </div>
<div class="test-event"> <font color="maroon"> <small> &emsp; &emsp;--- 16 Oct 10:49:49 856 - <b>2</b> - Spinner Load Wait: (Sync) - ICar.support.WaitUtils.waitForSpinner(WaitUtils.java:225)</small> </font> </div>
<div class="test-event"> <font color="maroon"> <small> &emsp; &emsp;--- 16 Oct 10:49:53 084 - Page URL:: https://i-car--staging.sandbox.my.salesforce-setup.com/lightning/setup/setuponehome/home</small> </font> </div>
<div class="test-event"> <font color="maroon"> <small> &emsp; &emsp;--- 16 Oct 10:49:53 084 - <b>0</b> - Page Load Wait: (Sync) - ICar.support.Utils.waitForPageLoad(Utils.java:109)</small> </font> </div>
<div class="test-event"> <font color="maroon"> <small> &emsp; &emsp;--- 16 Oct 10:49:56 174 - Element is displayed:: [[ChromeDriver: chrome on WINDOWS (2870104590402a14b08a018d29279aed)] -> css selector: div[class*='uiInput--default'] input]</small> </font> </div>
<div class="test-event"> <font color="maroon"> <small> &emsp; &emsp;--- 16 Oct 10:50:12 550 - Catched spinner load exception due to Expected condition failed: waiting for ICar.support.WaitUtils$4@714addf7 (tried for 10 second(s) with 500 milliseconds interval)</small> </font> </div>
<div class="test-event"> <font color="maroon"> <small> &emsp; &emsp;--- 16 Oct 10:50:12 550 - <b>10</b> - Spinner Load Wait: (Sync) - ICar.support.WaitUtils.waitForSpinner(WaitUtils.java:225)</small> </font> </div>
<div class="test-event"> <font color="maroon"> <small> &emsp; &emsp;--- 16 Oct 10:50:12 842 - Page URL:: https://i-car--staging.sandbox.my.salesforce-setup.com/one/one.app#eyjjb21wb25lbnrezwyioijmb3jjzvnlyxjjadpzzwfyy2gilcjhdhryawj1dgvzijp7inrlcm0ioijccmvuzgegumftc2v5iiwic2nvcgvnyxaionsibgfizwxqbhvyywwioijtzxr1ccisim5hbwvzcgfjzsi6ilnldhvwiiwidhlwzsi6ilrpuf9srvnvtfrtin0simnvbnrlehqionsizglzywjszvnwzwxsq29ycmvjdglvbii6zmfsc2usimrpc2fibgvjbnrlbnrrdwvyesi6zmfsc2usinnlyxjjafnvdxjjzsi6ikloufvux0rfu0tut1aifswiz3jvdxbjzci6ikrfrkfvtfqifswic3rhdguiont9fq%3d%3d</small> </font> </div>
<div class="test-event"> <font color="maroon"> <small> &emsp; &emsp;--- 16 Oct 10:50:12 842 - <b>0</b> - Page Load Wait: (Sync) - ICar.support.Utils.waitForPageLoad(Utils.java:109)</small> </font> </div>
<div class="test-event"> <font color="maroon"> <small> &emsp; &emsp;--- 16 Oct 10:50:24 302 - Catched spinner load exception due to Expected condition failed: waiting for ICar.support.WaitUtils$4@714addf7 (tried for 11 second(s) with 500 milliseconds interval)</small> </font> </div>
<div class="test-event"> <font color="maroon"> <small> &emsp; &emsp;--- 16 Oct 10:50:24 302 - <b>11</b> - Spinner Load Wait: (Sync) - ICar.support.WaitUtils.waitForSpinner(WaitUtils.java:225)</small> </font> </div>
<div class="test-event"> <font color="maroon"> <small> &emsp; &emsp;--- 16 Oct 10:50:24 490 - Page URL:: https://i-car--staging.sandbox.my.salesforce-setup.com/one/one.app#eyjjb21wb25lbnrezwyioijmb3jjzvnlyxjjadpzzwfyy2gilcjhdhryawj1dgvzijp7inrlcm0ioijccmvuzgegumftc2v5iiwic2nvcgvnyxaionsibgfizwxqbhvyywwioijtzxr1ccisim5hbwvzcgfjzsi6ilnldhvwiiwidhlwzsi6ilrpuf9srvnvtfrtin0simnvbnrlehqionsizglzywjszvnwzwxsq29ycmvjdglvbii6zmfsc2usimrpc2fibgvjbnrlbnrrdwvyesi6zmfsc2usinnlyxjjafnvdxjjzsi6ikloufvux0rfu0tut1aifswiz3jvdxbjzci6ikrfrkfvtfqifswic3rhdguiont9fq%3d%3d</small> </font> </div>
<div class="test-event"> <font color="maroon"> <small> &emsp; &emsp;--- 16 Oct 10:50:24 490 - <b>0</b> - Page Load Wait: (Sync) - ICar.support.Utils.waitForPageLoad(Utils.java:109)</small> </font> </div>
<div class="test-event"> <font color="maroon"> <small> &emsp; &emsp;--- 16 Oct 10:50:24 539 - Element is displayed:: [[ChromeDriver: chrome on WINDOWS (2870104590402a14b08a018d29279aed)] -> xpath: //a[@title='Top Results']//span[text()='Top Results']]</small> </font> </div>
<div class="test-event"> <font color="maroon"> <small> &emsp; &emsp;--- 16 Oct 10:50:25 124 - Page URL:: https://i-car--staging.sandbox.my.salesforce-setup.com/one/one.app#eyjjb21wb25lbnrezwyioijmb3jjzvnlyxjjadpzzwfyy2gilcjhdhryawj1dgvzijp7inrlcm0ioijccmvuzgegumftc2v5iiwic2nvcgvnyxaionsibgfizwxqbhvyywwioijtzxr1ccisim5hbwvzcgfjzsi6ilnldhvwiiwidhlwzsi6ilrpuf9srvnvtfrtin0simnvbnrlehqionsizglzywjszvnwzwxsq29ycmvjdglvbii6zmfsc2usimrpc2fibgvjbnrlbnrrdwvyesi6zmfsc2usinnlyxjjafnvdxjjzsi6ikloufvux0rfu0tut1aifswiz3jvdxbjzci6ikrfrkfvtfqifswic3rhdguiont9fq%3d%3d</small> </font> </div>
<div class="test-event"> <font color="maroon"> <small> &emsp; &emsp;--- 16 Oct 10:50:25 124 - <b>0</b> - Page Load Wait: (Sync) - ICar.support.Utils.waitForPageLoad(Utils.java:109)</small> </font> </div>
<div class="test-event"> <font color="maroon"> <small> &emsp; &emsp;--- 16 Oct 10:50:30 568 - Catched spinner load exception due to Expected condition failed: waiting for ICar.support.WaitUtils$4@714addf7 (tried for 5 second(s) with 500 milliseconds interval)</small> </font> </div>
<div class="test-event"> <font color="maroon"> <small> &emsp; &emsp;--- 16 Oct 10:50:30 568 - <b>5</b> - Spinner Load Wait: (Sync) - ICar.support.WaitUtils.waitForSpinner(WaitUtils.java:225)</small> </font> </div>
<div class="test-event"> <font color="maroon"> <small> &emsp; &emsp;--- 16 Oct 10:50:30 812 - Page URL:: https://i-car--staging.sandbox.my.salesforce-setup.com/one/one.app#eyjjb21wb25lbnrezwyioijmb3jjzvnlyxjjadpzzwfyy2gilcjhdhryawj1dgvzijp7inrlcm0ioijccmvuzgegumftc2v5iiwic2nvcgvnyxaionsibgfizwxqbhvyywwioijtzxr1ccisim5hbwvzcgfjzsi6ilnldhvwiiwidhlwzsi6ilrpuf9srvnvtfrtin0simnvbnrlehqionsizglzywjszvnwzwxsq29ycmvjdglvbii6zmfsc2usimrpc2fibgvjbnrlbnrrdwvyesi6zmfsc2usinnlyxjjafnvdxjjzsi6ikloufvux0rfu0tut1aifswiz3jvdxbjzci6ikrfrkfvtfqifswic3rhdguiont9fq%3d%3d</small> </font> </div>
<div class="test-event"> <font color="maroon"> <small> &emsp; &emsp;--- 16 Oct 10:50:30 812 - <b>0</b> - Page Load Wait: (Sync) - ICar.support.Utils.waitForPageLoad(Utils.java:109)</small> </font> </div>
<div class="test-event"> <font color="maroon"> <small> &emsp; &emsp;--- 16 Oct 10:50:30 993 - Page URL:: https://i-car--staging.sandbox.my.salesforce-setup.com/one/one.app#eyjjb21wb25lbnrezwyioijmb3jjzvnlyxjjadpzzwfyy2gilcjhdhryawj1dgvzijp7inrlcm0ioijccmvuzgegumftc2v5iiwic2nvcgvnyxaionsibgfizwxqbhvyywwioijtzxr1ccisim5hbwvzcgfjzsi6ilnldhvwiiwidhlwzsi6ilrpuf9srvnvtfrtin0simnvbnrlehqionsizglzywjszvnwzwxsq29ycmvjdglvbii6zmfsc2usimrpc2fibgvjbnrlbnrrdwvyesi6zmfsc2usinnlyxjjafnvdxjjzsi6ikloufvux0rfu0tut1aifswiz3jvdxbjzci6ikrfrkfvtfqifswic3rhdguiont9fq%3d%3d</small> </font> </div>
<div class="test-event"> <font color="maroon"> <small> &emsp; &emsp;--- 16 Oct 10:50:30 993 - <b>0</b> - Page Load Wait: (Sync) - ICar.support.Utils.waitForPageLoad(Utils.java:109)</small> </font> </div>
<div class="test-event"> <font color="maroon"> <small> &emsp; &emsp;--- 16 Oct 10:50:31 212 - Page URL:: https://i-car--staging.sandbox.my.salesforce-setup.com/one/one.app#eyjjb21wb25lbnrezwyioijmb3jjzvnlyxjjadpzzwfyy2gilcjhdhryawj1dgvzijp7inrlcm0ioijccmvuzgegumftc2v5iiwic2nvcgvnyxaionsibgfizwxqbhvyywwioijtzxr1ccisim5hbwvzcgfjzsi6ilnldhvwiiwidhlwzsi6ilrpuf9srvnvtfrtin0simnvbnrlehqionsizglzywjszvnwzwxsq29ycmvjdglvbii6zmfsc2usimrpc2fibgvjbnrlbnrrdwvyesi6zmfsc2usinnlyxjjafnvdxjjzsi6ikloufvux0rfu0tut1aifswiz3jvdxbjzci6ikrfrkfvtfqifswic3rhdguiont9fq%3d%3d</small> </font> </div>
<div class="test-event"> <font color="maroon"> <small> &emsp; &emsp;--- 16 Oct 10:50:31 212 - <b>0</b> - Page Load Wait: (Sync) - ICar.support.Utils.waitForPageLoad(Utils.java:109)</small> </font> </div>
<div class="test-event"> <font color="maroon"> <small> &emsp; &emsp;--- 16 Oct 10:50:56 382 - Catched spinner load exception due to Expected condition failed: waiting for ICar.support.WaitUtils$4@714addf7 (tried for 25 second(s) with 500 milliseconds interval)</small> </font> </div>
<div class="test-event"> <font color="maroon"> <small> &emsp; &emsp;--- 16 Oct 10:50:56 382 - <b>25</b> - Spinner Load Wait: (Sync) - ICar.support.WaitUtils.waitForSpinner(WaitUtils.java:225)</small> </font> </div>
<div class="test-event"> <font color="maroon"> <small> &emsp; &emsp;--- 16 Oct 10:50:56 558 - Page URL:: https://i-car--staging.sandbox.my.salesforce-setup.com/one/one.app#eyjjb21wb25lbnrezwyioijmb3jjzvnlyxjjadpzzwfyy2gilcjhdhryawj1dgvzijp7inrlcm0ioijccmvuzgegumftc2v5iiwic2nvcgvnyxaionsibgfizwxqbhvyywwioijtzxr1ccisim5hbwvzcgfjzsi6ilnldhvwiiwidhlwzsi6ilrpuf9srvnvtfrtin0simnvbnrlehqionsizglzywjszvnwzwxsq29ycmvjdglvbii6zmfsc2usimrpc2fibgvjbnrlbnrrdwvyesi6zmfsc2usinnlyxjjafnvdxjjzsi6ikloufvux0rfu0tut1aifswiz3jvdxbjzci6ikrfrkfvtfqifswic3rhdguiont9fq%3d%3d</small> </font> </div>
<div class="test-event"> <font color="maroon"> <small> &emsp; &emsp;--- 16 Oct 10:50:56 558 - <b>0</b> - Page Load Wait: (Sync) - ICar.support.Utils.waitForPageLoad(Utils.java:109)</small> </font> </div>
<div class="test-event"> <font color="maroon"> <small> &emsp; &emsp;--- 16 Oct 10:50:56 591 - Element is displayed:: [[ChromeDriver: chrome on WINDOWS (2870104590402a14b08a018d29279aed)] -> css selector: div.forceSearchResultsRegion  div.resultsMultiWrapper >div > div table tbody td a]</small> </font> </div>
<div class="test-event"> <font color="maroon"> <small> &emsp; &emsp;--- 16 Oct 10:50:56 911 - Element is displayed:: [[ChromeDriver: chrome on WINDOWS (2870104590402a14b08a018d29279aed)] -> css selector: div.forceSearchResultsRegion  div.resultsMultiWrapper >div > div table tbody td a]</small> </font> </div>
<div class="test-event"> <font color="maroon"> <small> &emsp; &emsp;--- 16 Oct 10:50:57 247 - Page URL:: https://i-car--staging.sandbox.my.salesforce-setup.com/one/one.app#eyjjb21wb25lbnrezwyioijmb3jjzvnlyxjjadpzzwfyy2gilcjhdhryawj1dgvzijp7inrlcm0ioijccmvuzgegumftc2v5iiwic2nvcgvnyxaionsibgfizwxqbhvyywwioijtzxr1ccisim5hbwvzcgfjzsi6ilnldhvwiiwidhlwzsi6ilrpuf9srvnvtfrtin0simnvbnrlehqionsizglzywjszvnwzwxsq29ycmvjdglvbii6zmfsc2usimrpc2fibgvjbnrlbnrrdwvyesi6zmfsc2usinnlyxjjafnvdxjjzsi6ikloufvux0rfu0tut1aifswiz3jvdxbjzci6ikrfrkfvtfqifswic3rhdguiont9fq%3d%3d</small> </font> </div>
<div class="test-event"> <font color="maroon"> <small> &emsp; &emsp;--- 16 Oct 10:50:57 247 - <b>0</b> - Page Load Wait: (Sync) - ICar.support.Utils.waitForPageLoad(Utils.java:109)</small> </font> </div>
<div class="test-event"> <font color="maroon"> <small> &emsp; &emsp;--- 16 Oct 10:51:17 704 - Catched spinner load exception due to Expected condition failed: waiting for ICar.support.WaitUtils$4@714addf7 (tried for 20 second(s) with 500 milliseconds interval)</small> </font> </div>
<div class="test-event"> <font color="maroon"> <small> &emsp; &emsp;--- 16 Oct 10:51:17 704 - <b>20</b> - Spinner Load Wait: (Sync) - ICar.support.WaitUtils.waitForSpinner(WaitUtils.java:225)</small> </font> </div>
<div class="test-event"> <font color="maroon"> <small> &emsp; &emsp;--- 16 Oct 10:51:17 835 - Page URL:: https://i-car--staging.sandbox.my.salesforce-setup.com/lightning/setup/manageusers/page?address=%2f0051i000002lihdqas%3fnoredirect%3d1%26isuserentityoverride%3d1%26returl%3d%252fsetup%252fhome</small> </font> </div>
<div class="test-event"> <font color="maroon"> <small> &emsp; &emsp;--- 16 Oct 10:51:17 835 - <b>0</b> - Page Load Wait: (Sync) - ICar.support.Utils.waitForPageLoad(Utils.java:109)</small> </font> </div>
<div class="test-event"> <font color="maroon"> <small> &emsp; &emsp;--- 16 Oct 10:51:17 955 - Page URL:: https://i-car--staging.sandbox.my.salesforce-setup.com/lightning/setup/manageusers/page?address=%2f0051i000002lihdqas%3fnoredirect%3d1%26isuserentityoverride%3d1%26returl%3d%252fsetup%252fhome</small> </font> </div>
<div class="test-event"> <font color="maroon"> <small> &emsp; &emsp;--- 16 Oct 10:51:17 955 - <b>0</b> - Page Load Wait: (Sync) - ICar.support.Utils.waitForPageLoad(Utils.java:109)</small> </font> </div>
<div class="test-event"> <font color="maroon"> <small> &emsp; &emsp;--- 16 Oct 10:51:22 092 - Element is displayed:: [[ChromeDriver: chrome on WINDOWS (2870104590402a14b08a018d29279aed)] -> css selector: input[title='Login']]</small> </font> </div>
<div class="test-event"> <font color="maroon"> <small> &emsp; &emsp;--- 16 Oct 10:51:34 708 - Page URL:: https://i-car--staging.sandbox.lightning.force.com/lightning/r/contact/0031i00000nugvlqau/view</small> </font> </div>
<div class="test-event"> <font color="maroon"> <small> &emsp; &emsp;--- 16 Oct 10:51:34 708 - <b>0</b> - Page Load Wait: (Sync) - ICar.support.Utils.waitForPageLoad(Utils.java:109)</small> </font> </div>
<div class="test-event"> <font color="maroon"> <small> &emsp; &emsp;--- 16 Oct 10:51:39 916 - Page URL:: https://i-car--staging.sandbox.lightning.force.com/lightning/r/contact/0031i00000nugvlqau/view</small> </font> </div>
<div class="test-event"> <font color="maroon"> <small> &emsp; &emsp;--- 16 Oct 10:51:39 916 - <b>0</b> - Page Load Wait: (Sync) - ICar.support.Utils.waitForPageLoad(Utils.java:109)</small> </font> </div>
<div class="test-message">&emsp;Close the tab</div>
<div class="test-event"> <font color="maroon"> <small> &emsp; &emsp;--- 16 Oct 10:51:45 150 - Page URL:: https://i-car--staging.sandbox.lightning.force.com/lightning/r/contact/0031i00000nugvlqau/view</small> </font> </div>
<div class="test-event"> <font color="maroon"> <small> &emsp; &emsp;--- 16 Oct 10:51:45 150 - <b>0</b> - Page Load Wait: (Sync) - ICar.support.Utils.waitForPageLoad(Utils.java:109)</small> </font> </div>
<div class="test-event"> <font color="maroon"> <small> &emsp; &emsp;--- 16 Oct 10:51:50 512 - Page URL:: https://i-car--staging.sandbox.lightning.force.com/lightning/r/contact/0031i00000nugvlqau/view</small> </font> </div>
<div class="test-event"> <font color="maroon"> <small> &emsp; &emsp;--- 16 Oct 10:51:50 512 - <b>0</b> - Page Load Wait: (Sync) - ICar.support.Utils.waitForPageLoad(Utils.java:109)</small> </font> </div>
<div class="test-message">&emsp;Close the tab</div>
<div class="test-event"> <font color="maroon"> <small> &emsp; &emsp;--- 16 Oct 10:51:55 980 - Page URL:: https://i-car--staging.sandbox.lightning.force.com/lightning/o/contact/list?filtername=__recent</small> </font> </div>
<div class="test-event"> <font color="maroon"> <small> &emsp; &emsp;--- 16 Oct 10:51:55 980 - <b>0</b> - Page Load Wait: (Sync) - ICar.support.Utils.waitForPageLoad(Utils.java:109)</small> </font> </div>
<div class="test-event"> <font color="maroon"> <small> &emsp; &emsp;--- 16 Oct 10:52:01 310 - Page URL:: https://i-car--staging.sandbox.lightning.force.com/lightning/o/contact/list?filtername=__recent</small> </font> </div>
<div class="test-event"> <font color="maroon"> <small> &emsp; &emsp;--- 16 Oct 10:52:01 310 - <b>0</b> - Page Load Wait: (Sync) - ICar.support.Utils.waitForPageLoad(Utils.java:109)</small> </font> </div>
<div class="test-message">&emsp;Close the tab</div>
<div class="test-event"> <font color="maroon"> <small> &emsp; &emsp;--- 16 Oct 10:52:07 043 - Page URL:: https://i-car--staging.sandbox.lightning.force.com/lightning/o/contact/list?filtername=__recent</small> </font> </div>
<div class="test-event"> <font color="maroon"> <small> &emsp; &emsp;--- 16 Oct 10:52:07 043 - <b>0</b> - Page Load Wait: (Sync) - ICar.support.Utils.waitForPageLoad(Utils.java:109)</small> </font> </div>
<div class="test-event"> <font color="maroon"> <small> &emsp; &emsp;--- 16 Oct 10:52:07 147 - Element is displayed:: [[ChromeDriver: chrome on WINDOWS (2870104590402a14b08a018d29279aed)] -> css selector: button[class*='search-button']]</small> </font> </div>
<div class="test-event"> <font color="maroon"> <small> &emsp; &emsp;--- 16 Oct 10:52:09 259 - Catched spinner load exception due to Expected condition failed: waiting for ICar.support.WaitUtils$4@714addf7 (tried for 2 second(s) with 500 milliseconds interval)</small> </font> </div>
<div class="test-event"> <font color="maroon"> <small> &emsp; &emsp;--- 16 Oct 10:52:09 259 - <b>2</b> - Spinner Load Wait: (Sync) - ICar.support.WaitUtils.waitForSpinner(WaitUtils.java:225)</small> </font> </div>
<div class="test-event"> <font color="maroon"> <small> &emsp; &emsp;--- 16 Oct 10:52:12 339 - Element is displayed:: [[ChromeDriver: chrome on WINDOWS (2870104590402a14b08a018d29279aed)] -> css selector: button[class*='search-button']]</small> </font> </div>
<div class="test-event"> <font color="maroon"> <small> &emsp; &emsp;--- 16 Oct 10:52:12 942 - Page URL:: https://i-car--staging.sandbox.lightning.force.com/lightning/o/contact/list?filtername=__recent</small> </font> </div>
<div class="test-event"> <font color="maroon"> <small> &emsp; &emsp;--- 16 Oct 10:52:12 942 - <b>0</b> - Page Load Wait: (Sync) - ICar.support.Utils.waitForPageLoad(Utils.java:109)</small> </font> </div>
<div class="test-event"> <font color="maroon"> <small> &emsp; &emsp;--- 16 Oct 10:52:32 408 - Catched spinner load exception due to Expected condition failed: waiting for ICar.support.WaitUtils$4@714addf7 (tried for 10 second(s) with 500 milliseconds interval)</small> </font> </div>
<div class="test-event"> <font color="maroon"> <small> &emsp; &emsp;--- 16 Oct 10:52:32 408 - <b>10</b> - Spinner Load Wait: (Sync) - ICar.support.WaitUtils.waitForSpinner(WaitUtils.java:225)</small> </font> </div>
<div class="test-event"> <font color="maroon"> <small> &emsp; &emsp;--- 16 Oct 10:52:32 866 - Page URL:: https://i-car--staging.sandbox.lightning.force.com/one/one.app#eyjjb21wb25lbnrezwyioijmb3jjzvnlyxjjadpzzwfyy2hqywdlrgvza3rvccisimf0dhjpynv0zxmionsidgvybsi6ijiznjy5mzkilcjzy29wzu1hcci6eyj0exblijoive9qx1jfu1vmvfmilcjuyw1lc3bhy2uioiiilcjsywjlbci6ilrvccbszxn1bhrziiwibgfizwxqbhvyywwioijub3agumvzdwx0cyisinjlc3vsdhndbxaioijmb3jjzvnlyxjjadpwcmvkawn0zwrszxn1bhrzin0simnvbnrlehqionsirklmvevsuyi6e30sinnlyxjjafnvdxjjzsi6ikftu0ltvefovf9esufmt0cilcjkaxnhymxlsw50zw50uxvlcnkiomzhbhnllcjkaxnhymxlu3blbgxdb3jyzwn0aw9uijpmywxzzswic2vhcmnorglhbg9nu2vzc2lvbklkijoizdk2mjlmzgetnme4nc1lmdnmltzlndetyte2ntg4yjrjztbliiwizgvidwdjbmzvijp7imfwce5hbwuioijjq2fyx1nlcnzpy2vfq29uc29szsisimfwcfr5cguioijdb25zb2xliiwiyxbwtmftzxnwywnlijoiyyisimxvy2f0aw9uijoizm9yy2u6b2jqzwn0sg9tzurlc2t0b3ailcjzb2jqzwn0vhlwzsi6iknvbnrhy3qifx0simdyb3vwswqioijeruzbvuxuin0sinn0yxrlijp7fx0%3d</small> </font> </div>
<div class="test-event"> <font color="maroon"> <small> &emsp; &emsp;--- 16 Oct 10:52:32 866 - <b>0</b> - Page Load Wait: (Sync) - ICar.support.Utils.waitForPageLoad(Utils.java:109)</small> </font> </div>
<div class="test-event"> <font color="maroon"> <small> &emsp; &emsp;--- 16 Oct 10:52:43 896 - Catched spinner load exception due to Expected condition failed: waiting for ICar.support.WaitUtils$4@714addf7 (tried for 11 second(s) with 500 milliseconds interval)</small> </font> </div>
<div class="test-event"> <font color="maroon"> <small> &emsp; &emsp;--- 16 Oct 10:52:43 896 - <b>11</b> - Spinner Load Wait: (Sync) - ICar.support.WaitUtils.waitForSpinner(WaitUtils.java:225)</small> </font> </div>
<div class="test-event"> <font color="maroon"> <small> &emsp; &emsp;--- 16 Oct 10:52:44 261 - Page URL:: https://i-car--staging.sandbox.lightning.force.com/one/one.app#eyjjb21wb25lbnrezwyioijmb3jjzvnlyxjjadpzzwfyy2hqywdlrgvza3rvccisimf0dhjpynv0zxmionsidgvybsi6ijiznjy5mzkilcjzy29wzu1hcci6eyj0exblijoive9qx1jfu1vmvfmilcjuyw1lc3bhy2uioiiilcjsywjlbci6ilrvccbszxn1bhrziiwibgfizwxqbhvyywwioijub3agumvzdwx0cyisinjlc3vsdhndbxaioijmb3jjzvnlyxjjadpwcmvkawn0zwrszxn1bhrzin0simnvbnrlehqionsirklmvevsuyi6e30sinnlyxjjafnvdxjjzsi6ikftu0ltvefovf9esufmt0cilcjkaxnhymxlsw50zw50uxvlcnkiomzhbhnllcjkaxnhymxlu3blbgxdb3jyzwn0aw9uijpmywxzzswic2vhcmnorglhbg9nu2vzc2lvbklkijoizdk2mjlmzgetnme4nc1lmdnmltzlndetyte2ntg4yjrjztbliiwizgvidwdjbmzvijp7imfwce5hbwuioijjq2fyx1nlcnzpy2vfq29uc29szsisimfwcfr5cguioijdb25zb2xliiwiyxbwtmftzxnwywnlijoiyyisimxvy2f0aw9uijoizm9yy2u6b2jqzwn0sg9tzurlc2t0b3ailcjzb2jqzwn0vhlwzsi6iknvbnrhy3qifx0simdyb3vwswqioijeruzbvuxuin0sinn0yxrlijp7fx0%3d</small> </font> </div>
<div class="test-event"> <font color="maroon"> <small> &emsp; &emsp;--- 16 Oct 10:52:44 261 - <b>0</b> - Page Load Wait: (Sync) - ICar.support.Utils.waitForPageLoad(Utils.java:109)</small> </font> </div>
<div class="test-event"> <font color="maroon"> <small> &emsp; &emsp;--- 16 Oct 10:52:44 320 - Element is displayed:: [[ChromeDriver: chrome on WINDOWS (2870104590402a14b08a018d29279aed)] -> xpath: //a[@title='Top Results']//span[text()='Top Results']]</small> </font> </div>
<div class="test-event"> <font color="maroon"> <small> &emsp; &emsp;--- 16 Oct 10:52:44 767 - Page URL:: https://i-car--staging.sandbox.lightning.force.com/one/one.app#eyjjb21wb25lbnrezwyioijmb3jjzvnlyxjjadpzzwfyy2hqywdlrgvza3rvccisimf0dhjpynv0zxmionsidgvybsi6ijiznjy5mzkilcjzy29wzu1hcci6eyj0exblijoive9qx1jfu1vmvfmilcjuyw1lc3bhy2uioiiilcjsywjlbci6ilrvccbszxn1bhrziiwibgfizwxqbhvyywwioijub3agumvzdwx0cyisinjlc3vsdhndbxaioijmb3jjzvnlyxjjadpwcmvkawn0zwrszxn1bhrzin0simnvbnrlehqionsirklmvevsuyi6e30sinnlyxjjafnvdxjjzsi6ikftu0ltvefovf9esufmt0cilcjkaxnhymxlsw50zw50uxvlcnkiomzhbhnllcjkaxnhymxlu3blbgxdb3jyzwn0aw9uijpmywxzzswic2vhcmnorglhbg9nu2vzc2lvbklkijoizdk2mjlmzgetnme4nc1lmdnmltzlndetyte2ntg4yjrjztbliiwizgvidwdjbmzvijp7imfwce5hbwuioijjq2fyx1nlcnzpy2vfq29uc29szsisimfwcfr5cguioijdb25zb2xliiwiyxbwtmftzxnwywnlijoiyyisimxvy2f0aw9uijoizm9yy2u6b2jqzwn0sg9tzurlc2t0b3ailcjzb2jqzwn0vhlwzsi6iknvbnrhy3qifx0simdyb3vwswqioijeruzbvuxuin0sinn0yxrlijp7fx0%3d</small> </font> </div>
<div class="test-event"> <font color="maroon"> <small> &emsp; &emsp;--- 16 Oct 10:52:44 767 - <b>0</b> - Page Load Wait: (Sync) - ICar.support.Utils.waitForPageLoad(Utils.java:109)</small> </font> </div>
<div class="test-event"> <font color="maroon"> <small> &emsp; &emsp;--- 16 Oct 10:52:50 267 - Catched spinner load exception due to Expected condition failed: waiting for ICar.support.WaitUtils$4@714addf7 (tried for 5 second(s) with 500 milliseconds interval)</small> </font> </div>
<div class="test-event"> <font color="maroon"> <small> &emsp; &emsp;--- 16 Oct 10:52:50 267 - <b>5</b> - Spinner Load Wait: (Sync) - ICar.support.WaitUtils.waitForSpinner(WaitUtils.java:225)</small> </font> </div>
<div class="test-event"> <font color="maroon"> <small> &emsp; &emsp;--- 16 Oct 10:52:50 643 - Page URL:: https://i-car--staging.sandbox.lightning.force.com/one/one.app#eyjjb21wb25lbnrezwyioijmb3jjzvnlyxjjadpzzwfyy2hqywdlrgvza3rvccisimf0dhjpynv0zxmionsidgvybsi6ijiznjy5mzkilcjzy29wzu1hcci6eyj0exblijoive9qx1jfu1vmvfmilcjuyw1lc3bhy2uioiiilcjsywjlbci6ilrvccbszxn1bhrziiwibgfizwxqbhvyywwioijub3agumvzdwx0cyisinjlc3vsdhndbxaioijmb3jjzvnlyxjjadpwcmvkawn0zwrszxn1bhrzin0simnvbnrlehqionsirklmvevsuyi6e30sinnlyxjjafnvdxjjzsi6ikftu0ltvefovf9esufmt0cilcjkaxnhymxlsw50zw50uxvlcnkiomzhbhnllcjkaxnhymxlu3blbgxdb3jyzwn0aw9uijpmywxzzswic2vhcmnorglhbg9nu2vzc2lvbklkijoizdk2mjlmzgetnme4nc1lmdnmltzlndetyte2ntg4yjrjztbliiwizgvidwdjbmzvijp7imfwce5hbwuioijjq2fyx1nlcnzpy2vfq29uc29szsisimfwcfr5cguioijdb25zb2xliiwiyxbwtmftzxnwywnlijoiyyisimxvy2f0aw9uijoizm9yy2u6b2jqzwn0sg9tzurlc2t0b3ailcjzb2jqzwn0vhlwzsi6iknvbnrhy3qifx0simdyb3vwswqioijeruzbvuxuin0sinn0yxrlijp7fx0%3d</small> </font> </div>
<div class="test-event"> <font color="maroon"> <small> &emsp; &emsp;--- 16 Oct 10:52:50 643 - <b>0</b> - Page Load Wait: (Sync) - ICar.support.Utils.waitForPageLoad(Utils.java:109)</small> </font> </div>
<div class="test-event"> <font color="maroon"> <small> &emsp; &emsp;--- 16 Oct 10:52:51 017 - Page URL:: https://i-car--staging.sandbox.lightning.force.com/one/one.app#eyjjb21wb25lbnrezwyioijmb3jjzvnlyxjjadpzzwfyy2hqywdlrgvza3rvccisimf0dhjpynv0zxmionsidgvybsi6ijiznjy5mzkilcjzy29wzu1hcci6eyj0exblijoive9qx1jfu1vmvfmilcjuyw1lc3bhy2uioiiilcjsywjlbci6ilrvccbszxn1bhrziiwibgfizwxqbhvyywwioijub3agumvzdwx0cyisinjlc3vsdhndbxaioijmb3jjzvnlyxjjadpwcmvkawn0zwrszxn1bhrzin0simnvbnrlehqionsirklmvevsuyi6e30sinnlyxjjafnvdxjjzsi6ikftu0ltvefovf9esufmt0cilcjkaxnhymxlsw50zw50uxvlcnkiomzhbhnllcjkaxnhymxlu3blbgxdb3jyzwn0aw9uijpmywxzzswic2vhcmnorglhbg9nu2vzc2lvbklkijoizdk2mjlmzgetnme4nc1lmdnmltzlndetyte2ntg4yjrjztbliiwizgvidwdjbmzvijp7imfwce5hbwuioijjq2fyx1nlcnzpy2vfq29uc29szsisimfwcfr5cguioijdb25zb2xliiwiyxbwtmftzxnwywnlijoiyyisimxvy2f0aw9uijoizm9yy2u6b2jqzwn0sg9tzurlc2t0b3ailcjzb2jqzwn0vhlwzsi6iknvbnrhy3qifx0simdyb3vwswqioijeruzbvuxuin0sinn0yxrlijp7fx0%3d</small> </font> </div>
<div class="test-event"> <font color="maroon"> <small> &emsp; &emsp;--- 16 Oct 10:52:51 017 - <b>0</b> - Page Load Wait: (Sync) - ICar.support.Utils.waitForPageLoad(Utils.java:109)</small> </font> </div>
<div class="test-event"> <font color="maroon"> <small> &emsp; &emsp;--- 16 Oct 10:52:51 369 - Page URL:: https://i-car--staging.sandbox.lightning.force.com/one/one.app#eyjjb21wb25lbnrezwyioijmb3jjzvnlyxjjadpzzwfyy2hqywdlrgvza3rvccisimf0dhjpynv0zxmionsidgvybsi6ijiznjy5mzkilcjzy29wzu1hcci6eyj0exblijoive9qx1jfu1vmvfmilcjuyw1lc3bhy2uioiiilcjsywjlbci6ilrvccbszxn1bhrziiwibgfizwxqbhvyywwioijub3agumvzdwx0cyisinjlc3vsdhndbxaioijmb3jjzvnlyxjjadpwcmvkawn0zwrszxn1bhrzin0simnvbnrlehqionsirklmvevsuyi6e30sinnlyxjjafnvdxjjzsi6ikftu0ltvefovf9esufmt0cilcjkaxnhymxlsw50zw50uxvlcnkiomzhbhnllcjkaxnhymxlu3blbgxdb3jyzwn0aw9uijpmywxzzswic2vhcmnorglhbg9nu2vzc2lvbklkijoizdk2mjlmzgetnme4nc1lmdnmltzlndetyte2ntg4yjrjztbliiwizgvidwdjbmzvijp7imfwce5hbwuioijjq2fyx1nlcnzpy2vfq29uc29szsisimfwcfr5cguioijdb25zb2xliiwiyxbwtmftzxnwywnlijoiyyisimxvy2f0aw9uijoizm9yy2u6b2jqzwn0sg9tzurlc2t0b3ailcjzb2jqzwn0vhlwzsi6iknvbnrhy3qifx0simdyb3vwswqioijeruzbvuxuin0sinn0yxrlijp7fx0%3d</small> </font> </div>
<div class="test-event"> <font color="maroon"> <small> &emsp; &emsp;--- 16 Oct 10:52:51 369 - <b>0</b> - Page Load Wait: (Sync) - ICar.support.Utils.waitForPageLoad(Utils.java:109)</small> </font> </div>
<div class="test-event"> <font color="maroon"> <small> &emsp; &emsp;--- 16 Oct 10:52:59 763 - Catched spinner load exception due to Expected condition failed: waiting for ICar.support.WaitUtils$4@714addf7 (tried for 8 second(s) with 500 milliseconds interval)</small> </font> </div>
<div class="test-event"> <font color="maroon"> <small> &emsp; &emsp;--- 16 Oct 10:52:59 763 - <b>8</b> - Spinner Load Wait: (Sync) - ICar.support.WaitUtils.waitForSpinner(WaitUtils.java:225)</small> </font> </div>
<div class="test-event"> <font color="maroon"> <small> &emsp; &emsp;--- 16 Oct 10:53:00 176 - Page URL:: https://i-car--staging.sandbox.lightning.force.com/one/one.app#eyjjb21wb25lbnrezwyioijmb3jjzvnlyxjjadpzzwfyy2hqywdlrgvza3rvccisimf0dhjpynv0zxmionsidgvybsi6ijiznjy5mzkilcjzy29wzu1hcci6eyj0exblijoive9qx1jfu1vmvfmilcjuyw1lc3bhy2uioiiilcjsywjlbci6ilrvccbszxn1bhrziiwibgfizwxqbhvyywwioijub3agumvzdwx0cyisinjlc3vsdhndbxaioijmb3jjzvnlyxjjadpwcmvkawn0zwrszxn1bhrzin0simnvbnrlehqionsirklmvevsuyi6e30sinnlyxjjafnvdxjjzsi6ikftu0ltvefovf9esufmt0cilcjkaxnhymxlsw50zw50uxvlcnkiomzhbhnllcjkaxnhymxlu3blbgxdb3jyzwn0aw9uijpmywxzzswic2vhcmnorglhbg9nu2vzc2lvbklkijoizdk2mjlmzgetnme4nc1lmdnmltzlndetyte2ntg4yjrjztbliiwizgvidwdjbmzvijp7imfwce5hbwuioijjq2fyx1nlcnzpy2vfq29uc29szsisimfwcfr5cguioijdb25zb2xliiwiyxbwtmftzxnwywnlijoiyyisimxvy2f0aw9uijoizm9yy2u6b2jqzwn0sg9tzurlc2t0b3ailcjzb2jqzwn0vhlwzsi6iknvbnrhy3qifx0simdyb3vwswqioijeruzbvuxuin0sinn0yxrlijp7fx0%3d</small> </font> </div>
<div class="test-event"> <font color="maroon"> <small> &emsp; &emsp;--- 16 Oct 10:53:00 176 - <b>0</b> - Page Load Wait: (Sync) - ICar.support.Utils.waitForPageLoad(Utils.java:109)</small> </font> </div>
<div class="test-event"> <font color="maroon"> <small> &emsp; &emsp;--- 16 Oct 10:53:02 306 - Element is displayed:: [[ChromeDriver: chrome on WINDOWS (2870104590402a14b08a018d29279aed)] -> xpath: //div[contains(@class,'forceSearchResultsRegion')]//div[contains(@class,'resultsMultiWrapper')]/div/div[1]//following::h2//a]</small> </font> </div>
<div class="test-event"> <font color="maroon"> <small> &emsp; &emsp;--- 16 Oct 10:53:02 476 - Element is displayed:: [[ChromeDriver: chrome on WINDOWS (2870104590402a14b08a018d29279aed)] -> xpath: //a[text()='Contacts']]</small> </font> </div>
<div class="test-event"> <font color="maroon"> <small> &emsp; &emsp;--- 16 Oct 10:53:06 594 - Element is displayed:: [[ChromeDriver: chrome on WINDOWS (2870104590402a14b08a018d29279aed)] -> xpath: //div[text()='Contacts']//following :: table//tbody//th//span /a]</small> </font> </div>
<div class="test-event"> <font color="maroon"> <small> &emsp; &emsp;--- 16 Oct 10:53:07 304 - Page URL:: https://i-car--staging.sandbox.lightning.force.com/one/one.app#eyjjb21wb25lbnrezwyioijmb3jjzvnlyxjjadpzzwfyy2hqywdlrgvza3rvccisimf0dhjpynv0zxmionsidgvybsi6ijiznjy5mzkilcjzy29wzu1hcci6eyj0exblijoive9qx1jfu1vmvfmilcjuyw1lc3bhy2uioiiilcjsywjlbci6ilrvccbszxn1bhrziiwibgfizwxqbhvyywwioijub3agumvzdwx0cyisinjlc3vsdhndbxaioijmb3jjzvnlyxjjadpwcmvkawn0zwrszxn1bhrzin0simnvbnrlehqionsirklmvevsuyi6e30sinnlyxjjafnvdxjjzsi6ikftu0ltvefovf9esufmt0cilcjkaxnhymxlsw50zw50uxvlcnkiomzhbhnllcjkaxnhymxlu3blbgxdb3jyzwn0aw9uijpmywxzzswic2vhcmnorglhbg9nu2vzc2lvbklkijoizdk2mjlmzgetnme4nc1lmdnmltzlndetyte2ntg4yjrjztbliiwizgvidwdjbmzvijp7imfwce5hbwuioijjq2fyx1nlcnzpy2vfq29uc29szsisimfwcfr5cguioijdb25zb2xliiwiyxbwtmftzxnwywnlijoiyyisimxvy2f0aw9uijoizm9yy2u6b2jqzwn0sg9tzurlc2t0b3ailcjzb2jqzwn0vhlwzsi6iknvbnrhy3qifx0simdyb3vwswqioijeruzbvuxuin0sinn0yxrlijp7fx0%3d</small> </font> </div>
<div class="test-event"> <font color="maroon"> <small> &emsp; &emsp;--- 16 Oct 10:53:07 304 - <b>0</b> - Page Load Wait: (Sync) - ICar.support.Utils.waitForPageLoad(Utils.java:109)</small> </font> </div>
<div class="test-event"> <font color="maroon"> <small> &emsp; &emsp;--- 16 Oct 10:53:15 562 - Catched spinner load exception due to Expected condition failed: waiting for ICar.support.WaitUtils$4@714addf7 (tried for 8 second(s) with 500 milliseconds interval)</small> </font> </div>
<div class="test-event"> <font color="maroon"> <small> &emsp; &emsp;--- 16 Oct 10:53:15 563 - <b>8</b> - Spinner Load Wait: (Sync) - ICar.support.WaitUtils.waitForSpinner(WaitUtils.java:225)</small> </font> </div>
<div class="test-event"> <font color="maroon"> <small> &emsp; &emsp;--- 16 Oct 10:53:15 919 - Page URL:: https://i-car--staging.sandbox.lightning.force.com/lightning/r/contact/0031i00000nugvlqau/view</small> </font> </div>
<div class="test-event"> <font color="maroon"> <small> &emsp; &emsp;--- 16 Oct 10:53:15 919 - <b>0</b> - Page Load Wait: (Sync) - ICar.support.Utils.waitForPageLoad(Utils.java:109)</small> </font> </div>
<div class="test-event"> <font color="maroon"> <small> &emsp; &emsp;--- 16 Oct 10:53:32 217 - Unable to find a element after 9 sec ==> Proxy element for: AjaxElementLocator 'By.xpath: //a[@name='TM_Account_Hierarchy']/span'</small> </font> </div>
<div class="test-event"> <font color="maroon"> <small> &emsp; &emsp;--- 16 Oct 10:53:32 303 - Element is displayed:: [[ChromeDriver: chrome on WINDOWS (2870104590402a14b08a018d29279aed)] -> xpath: //ul[@class='slds-button-group-list']/li[4]//button]</small> </font> </div>
<div class="test-event"> <font color="maroon"> <small> &emsp; &emsp;--- 16 Oct 10:53:32 746 - Page URL:: https://i-car--staging.sandbox.lightning.force.com/lightning/r/contact/0031i00000nugvlqau/view</small> </font> </div>
<div class="test-event"> <font color="maroon"> <small> &emsp; &emsp;--- 16 Oct 10:53:32 746 - <b>0</b> - Page Load Wait: (Sync) - ICar.support.Utils.waitForPageLoad(Utils.java:109)</small> </font> </div>
<div class="test-event"> <font color="maroon"> <small> &emsp; &emsp;--- 16 Oct 10:53:41 079 - Catched spinner load exception due to Expected condition failed: waiting for ICar.support.WaitUtils$4@714addf7 (tried for 8 second(s) with 500 milliseconds interval)</small> </font> </div>
<div class="test-event"> <font color="maroon"> <small> &emsp; &emsp;--- 16 Oct 10:53:41 079 - <b>8</b> - Spinner Load Wait: (Sync) - ICar.support.WaitUtils.waitForSpinner(WaitUtils.java:225)</small> </font> </div>
<div class="test-event"> <font color="maroon"> <small> &emsp; &emsp;--- 16 Oct 10:53:41 413 - Page URL:: https://i-car--staging.sandbox.lightning.force.com/lightning/r/contact/0031i00000nugvlqau/view</small> </font> </div>
<div class="test-event"> <font color="maroon"> <small> &emsp; &emsp;--- 16 Oct 10:53:41 413 - <b>0</b> - Page Load Wait: (Sync) - ICar.support.Utils.waitForPageLoad(Utils.java:109)</small> </font> </div>
<div class="test-event"> <font color="maroon"> <small> &emsp; &emsp;--- 16 Oct 10:53:57 730 - Unable to find a element after 9 sec ==> Proxy element for: AjaxElementLocator 'By.xpath: //a[@name='TM_Account_Hierarchy']/span'</small> </font> </div>
<div class="test-event"> <font color="maroon"> <small> &emsp; &emsp;--- 16 Oct 10:53:57 819 - Element is displayed:: [[ChromeDriver: chrome on WINDOWS (2870104590402a14b08a018d29279aed)] -> xpath: //*[text()='TM Dashboard']]</small> </font> </div>
<div class="test-event"> <font color="maroon"> <small> &emsp; &emsp;--- 16 Oct 10:53:58 495 - Page URL:: https://i-car--staging.sandbox.lightning.force.com/lightning/r/contact/0031i00000nugvlqau/view</small> </font> </div>
<div class="test-event"> <font color="maroon"> <small> &emsp; &emsp;--- 16 Oct 10:53:58 496 - <b>0</b> - Page Load Wait: (Sync) - ICar.support.Utils.waitForPageLoad(Utils.java:109)</small> </font> </div>
<div class="test-event"> <font color="maroon"> <small> &emsp; &emsp;--- 16 Oct 10:54:08 811 - Catched spinner load exception due to Expected condition failed: waiting for ICar.support.WaitUtils$4@714addf7 (tried for 10 second(s) with 500 milliseconds interval)</small> </font> </div>
<div class="test-event"> <font color="maroon"> <small> &emsp; &emsp;--- 16 Oct 10:54:08 811 - <b>10</b> - Spinner Load Wait: (Sync) - ICar.support.WaitUtils.waitForSpinner(WaitUtils.java:225)</small> </font> </div>
<div class="test-event"> <font color="maroon"> <small> &emsp; &emsp;--- 16 Oct 10:54:09 190 - Page URL:: https://i-car--staging.sandbox.lightning.force.com/one/one.app#eyjjb21wb25lbnrezwyioijvbmu6ywxvagfqywdliiwiyxr0cmlidxrlcyi6eyjhzgryzxnzijoiahr0chm6ly9plwnhci0tc3rhz2luzy0tyy5zyw5kym94lnzmlmzvcmnllmnvbs9hcgv4l0ldqvjfve1eyxnoym9hcmq%2fawq9mdazmukwmdawmg51r3zmuufvin0sinn0yxrlijp7indzijoil2xpz2h0bmluzy9yl0nvbnrhy3qvmdazmukwmdawmg51r3zmuufvl3zpzxcifx0%3d</small> </font> </div>
<div class="test-event"> <font color="maroon"> <small> &emsp; &emsp;--- 16 Oct 10:54:09 190 - <b>0</b> - Page Load Wait: (Sync) - ICar.support.Utils.waitForPageLoad(Utils.java:109)</small> </font> </div>
<div class="test-event"> <font color="maroon"> <small> &emsp; &emsp;--- 16 Oct 10:54:09 533 - Page URL:: https://i-car--staging.sandbox.lightning.force.com/one/one.app#eyjjb21wb25lbnrezwyioijvbmu6ywxvagfqywdliiwiyxr0cmlidxrlcyi6eyjhzgryzxnzijoiahr0chm6ly9plwnhci0tc3rhz2luzy0tyy5zyw5kym94lnzmlmzvcmnllmnvbs9hcgv4l0ldqvjfve1eyxnoym9hcmq%2fawq9mdazmukwmdawmg51r3zmuufvin0sinn0yxrlijp7indzijoil2xpz2h0bmluzy9yl0nvbnrhy3qvmdazmukwmdawmg51r3zmuufvl3zpzxcifx0%3d</small> </font> </div>
<div class="test-event"> <font color="maroon"> <small> &emsp; &emsp;--- 16 Oct 10:54:09 533 - <b>0</b> - Page Load Wait: (Sync) - ICar.support.Utils.waitForPageLoad(Utils.java:109)</small> </font> </div>
<div class="test-event"> <font color="maroon"> <small> &emsp; &emsp;--- 16 Oct 10:54:09 620 - Element is displayed:: [[ChromeDriver: chrome on WINDOWS (2870104590402a14b08a018d29279aed)] -> xpath: (//*[@class='slds-button slds-button_icon-border slds-button_icon-x-small'])[1]]</small> </font> </div>
<div class="test-event"> <font color="maroon"> <small> &emsp; &emsp;--- 16 Oct 10:54:09 681 - Element is displayed:: [[ChromeDriver: chrome on WINDOWS (2870104590402a14b08a018d29279aed)] -> xpath: (//*[@class='slds-button slds-button_icon-border slds-button_icon-x-small'])[1]]</small> </font> </div>
<div class="test-event"> <font color="maroon"> <small> &emsp; &emsp;--- 16 Oct 10:54:09 989 - Element is displayed:: [[ChromeDriver: chrome on WINDOWS (2870104590402a14b08a018d29279aed)] -> xpath: //div[@class='slds-dropdown slds-dropdown_left']//lightning-menu-item[4]//a]</small> </font> </div>
<div class="test-message">&emsp;Successfully verified  platinium download 'Gold class summary' Page&emsp;<a href=".\ScreenShot\ICar_BAM633_TC05_43617435589500.png" target="_blank" >[ScreenShot]</a></div>
<div class="test-event"> <font color="maroon"> <small> &emsp; &emsp;--- 16 Oct 10:54:19 632 - Element is displayed:: [[ChromeDriver: chrome on WINDOWS (2870104590402a14b08a018d29279aed)] -> xpath: (//*[@class='slds-button slds-button_icon-border slds-button_icon-x-small'])[1]]</small> </font> </div>
<div class="test-event"> <font color="maroon"> <small> &emsp; &emsp;--- 16 Oct 10:54:19 693 - Element is displayed:: [[ChromeDriver: chrome on WINDOWS (2870104590402a14b08a018d29279aed)] -> xpath: (//*[@class='slds-button slds-button_icon-border slds-button_icon-x-small'])[1]]</small> </font> </div>
<div class="test-event"> <font color="maroon"> <small> &emsp; &emsp;--- 16 Oct 10:54:19 873 - Element is displayed:: [[ChromeDriver: chrome on WINDOWS (2870104590402a14b08a018d29279aed)] -> xpath: //div[@class='slds-dropdown slds-dropdown_left']//lightning-menu-item[4]//a]</small> </font> </div>
<div class="test-event"> <font color="maroon"> <small> &emsp; &emsp;--- 16 Oct 10:54:19 937 - Element is displayed:: [[ChromeDriver: chrome on WINDOWS (2870104590402a14b08a018d29279aed)] -> xpath: //div[@class='slds-dropdown slds-dropdown_left']//lightning-menu-item[4]//a]</small> </font> </div>
<div class="test-event"> <font color="maroon"> <small> &emsp; &emsp;--- 16 Oct 10:54:23 072 - Page URL:: https://i-car--staging--c.sandbox.vf.force.com/apex/dcplatinumreport?id=0011i00000uwd8xqae</small> </font> </div>
<div class="test-event"> <font color="maroon"> <small> &emsp; &emsp;--- 16 Oct 10:54:23 072 - <b>0</b> - Page Load Wait: (Sync) - ICar.support.Utils.waitForPageLoad(Utils.java:109)</small> </font> </div>
<div class="test-event"> <font color="maroon"> <small> &emsp; &emsp;--- 16 Oct 10:54:31 375 - Catched spinner load exception due to Expected condition failed: waiting for ICar.support.WaitUtils$4@714addf7 (tried for 8 second(s) with 500 milliseconds interval)</small> </font> </div>
<div class="test-event"> <font color="maroon"> <small> &emsp; &emsp;--- 16 Oct 10:54:31 375 - <b>8</b> - Spinner Load Wait: (Sync) - ICar.support.WaitUtils.waitForSpinner(WaitUtils.java:225)</small> </font> </div>
<div class="test-event"> <font color="maroon"> <small> &emsp; &emsp;--- 16 Oct 10:54:31 419 - Element is displayed:: [[ChromeDriver: chrome on WINDOWS (2870104590402a14b08a018d29279aed)] -> xpath: //a[text()='Save as CSV']]</small> </font> </div>
<div class="test-event"> <font color="maroon"> <small> &emsp; &emsp;--- 16 Oct 10:54:33 522 - Element is displayed:: [[ChromeDriver: chrome on WINDOWS (2870104590402a14b08a018d29279aed)] -> xpath: //a[text()='Save as CSV']]</small> </font> </div>
<div class="test-message">&emsp;File download successful</div>
<div class="test-message">&emsp;Successfully verified the Columns name in csv&emsp;<a href=".\ScreenShot\ICar_BAM633_TC05_43642269411500.png" target="_blank" >[ScreenShot]</a></div>
<div class="test-result"><br><font color="green"><strong> Test Passed. </strong></font> </div>&emsp;
&emsp;<div class="test-title"> <strong><font size = "3" color = "#0000FF">---Test Execution Ends---</font> </strong> </div>&emsp;
<div class="test-event"> <font color="maroon"> <small> &emsp; &emsp;--- 16 Oct 10:54:35 842 - TestCaseID:: ICar_BAM640_TC04</small> </font> </div>
<div class="test-event"> <font color="maroon"> <small> &emsp; &emsp;--- 16 Oct 10:54:36 816 - <b>0</b> - Driver::initialize::Get - ICar.support.WebDriverFactory.getDriver(WebDriverFactory.java:640)</small> </font> </div>
&emsp;<div class="test-title"> <strong><font size = "3" color = "#000080">Verify the Start Date for an employee on an Insurance Account's Roster is not Changed when an employee is terminated from the Account</font> </strong> </div>&emsp;<div><strong>Steps:</strong></div><!-- Report -->&emsp;
<div class="test-event"> <font color="maroon"> <small> &emsp; &emsp;--- 16 Oct 10:54:43 742 - Page URL:: https://i-car--staging.sandbox.my.salesforce.com/</small> </font> </div>
<div class="test-event"> <font color="maroon"> <small> &emsp; &emsp;--- 16 Oct 10:54:43 742 - <b>0</b> - Page Load Wait: (Sync) - ICar.support.Utils.waitForPageLoad(Utils.java:109)</small> </font> </div>
<div class="test-message">&emsp;Successfully navigated to 'Login' Page&emsp;<a href=".\ScreenShot\ICar_BAM640_TC04_43651173293400.png" target="_blank" >[ScreenShot]</a></div>
<div class="test-message">&emsp;1. Login page is launched.</div>
<div class="test-event"> <font color="maroon"> <small> &emsp; &emsp;--- 16 Oct 10:54:43 996 - Element is displayed:: [[ChromeDriver: chrome on WINDOWS (a02f6c61ea7b1ab37b21b7eab5dc67d8)] -> id: username]</small> </font> </div>
<div class="test-event"> <font color="maroon"> <small> &emsp; &emsp;--- 16 Oct 10:54:44 069 - Element is displayed:: [[ChromeDriver: chrome on WINDOWS (a02f6c61ea7b1ab37b21b7eab5dc67d8)] -> id: username]</small> </font> </div>
<div class="test-event"> <font color="maroon"> <small> &emsp; &emsp;--- 16 Oct 10:54:44 317 - Element is displayed:: [[ChromeDriver: chrome on WINDOWS (a02f6c61ea7b1ab37b21b7eab5dc67d8)] -> id: password]</small> </font> </div>
<div class="test-event"> <font color="maroon"> <small> &emsp; &emsp;--- 16 Oct 10:54:44 503 - Element is displayed:: [[ChromeDriver: chrome on WINDOWS (a02f6c61ea7b1ab37b21b7eab5dc67d8)] -> id: Login]</small> </font> </div>
<div class="test-event"> <font color="maroon"> <small> &emsp; &emsp;--- 16 Oct 10:55:09 515 - Catched spinner load exception due to Expected condition failed: waiting for ICar.support.WaitUtils$4@714addf7 (tried for 13 second(s) with 500 milliseconds interval)</small> </font> </div>
<div class="test-event"> <font color="maroon"> <small> &emsp; &emsp;--- 16 Oct 10:55:09 515 - <b>13</b> - Spinner Load Wait: (Sync) - ICar.support.WaitUtils.waitForSpinner(WaitUtils.java:225)</small> </font> </div>
<div class="test-event"> <font color="maroon"> <small> &emsp; &emsp;--- 16 Oct 10:55:27 961 - Catched spinner load exception due to Expected condition failed: waiting for ICar.support.WaitUtils$4@714addf7 (tried for 6 second(s) with 500 milliseconds interval)</small> </font> </div>
<div class="test-event"> <font color="maroon"> <small> &emsp; &emsp;--- 16 Oct 10:55:27 962 - <b>6</b> - Spinner Load Wait: (Sync) - ICar.support.WaitUtils.waitForSpinner(WaitUtils.java:225)</small> </font> </div>
<div class="test-event"> <font color="maroon"> <small> &emsp; &emsp;--- 16 Oct 10:55:28 058 - Element is displayed:: [[ChromeDriver: chrome on WINDOWS (a02f6c61ea7b1ab37b21b7eab5dc67d8)] -> css selector: button[class*='search-button']]</small> </font> </div>
<div class="test-message">&emsp;2. Navigate to 'SalesForce Page'</div>
<div class="test-event"> <font color="maroon"> <small> &emsp; &emsp;--- 16 Oct 10:55:28 424 - Page URL:: https://i-car--staging.sandbox.lightning.force.com/lightning/o/account/list?filtername=accounts</small> </font> </div>
<div class="test-event"> <font color="maroon"> <small> &emsp; &emsp;--- 16 Oct 10:55:28 424 - <b>0</b> - Page Load Wait: (Sync) - ICar.support.Utils.waitForPageLoad(Utils.java:109)</small> </font> </div>
<div class="test-event"> <font color="maroon"> <small> &emsp; &emsp;--- 16 Oct 10:55:33 797 - Page URL:: https://i-car--staging.sandbox.lightning.force.com/lightning/o/account/list?filtername=accounts</small> </font> </div>
<div class="test-event"> <font color="maroon"> <small> &emsp; &emsp;--- 16 Oct 10:55:33 797 - <b>0</b> - Page Load Wait: (Sync) - ICar.support.Utils.waitForPageLoad(Utils.java:109)</small> </font> </div>
<div class="test-message">&emsp;Close the tab</div>
<div class="test-message">&emsp;Successfully navigated to 'Login' Page&emsp;<a href=".\ScreenShot\ICar_BAM640_TC04_43706354444500.png" target="_blank" >[ScreenShot]</a></div>
<div class="test-message">&emsp;3. Enter the user credentials as : icaradminautomation3@i-car.com.staging</div>
<div class="test-event"> <font color="maroon"> <small> &emsp; &emsp;--- 16 Oct 10:55:39 513 - Page URL:: https://i-car--staging.sandbox.lightning.force.com/lightning/o/account/list?filtername=accounts</small> </font> </div>
<div class="test-event"> <font color="maroon"> <small> &emsp; &emsp;--- 16 Oct 10:55:39 513 - <b>0</b> - Page Load Wait: (Sync) - ICar.support.Utils.waitForPageLoad(Utils.java:109)</small> </font> </div>
<div class="test-event"> <font color="maroon"> <small> &emsp; &emsp;--- 16 Oct 10:55:44 874 - Page URL:: https://i-car--staging.sandbox.lightning.force.com/lightning/o/account/list?filtername=accounts</small> </font> </div>
<div class="test-event"> <font color="maroon"> <small> &emsp; &emsp;--- 16 Oct 10:55:44 874 - <b>0</b> - Page Load Wait: (Sync) - ICar.support.Utils.waitForPageLoad(Utils.java:109)</small> </font> </div>
<div class="test-message">&emsp;Close the tab</div>
<div class="test-event"> <font color="maroon"> <small> &emsp; &emsp;--- 16 Oct 10:55:50 644 - Page URL:: https://i-car--staging.sandbox.lightning.force.com/lightning/o/account/list?filtername=accounts</small> </font> </div>
<div class="test-event"> <font color="maroon"> <small> &emsp; &emsp;--- 16 Oct 10:55:50 644 - <b>0</b> - Page Load Wait: (Sync) - ICar.support.Utils.waitForPageLoad(Utils.java:109)</small> </font> </div>
<div class="test-event"> <font color="maroon"> <small> &emsp; &emsp;--- 16 Oct 10:55:50 690 - Element is displayed:: [[ChromeDriver: chrome on WINDOWS (a02f6c61ea7b1ab37b21b7eab5dc67d8)] -> css selector: button[class*='search-button']]</small> </font> </div>
<div class="test-event"> <font color="maroon"> <small> &emsp; &emsp;--- 16 Oct 10:55:52 752 - Catched spinner load exception due to Expected condition failed: waiting for ICar.support.WaitUtils$4@714addf7 (tried for 2 second(s) with 500 milliseconds interval)</small> </font> </div>
<div class="test-event"> <font color="maroon"> <small> &emsp; &emsp;--- 16 Oct 10:55:52 752 - <b>2</b> - Spinner Load Wait: (Sync) - ICar.support.WaitUtils.waitForSpinner(WaitUtils.java:225)</small> </font> </div>
<div class="test-event"> <font color="maroon"> <small> &emsp; &emsp;--- 16 Oct 10:55:55 813 - Element is displayed:: [[ChromeDriver: chrome on WINDOWS (a02f6c61ea7b1ab37b21b7eab5dc67d8)] -> css selector: button[class*='search-button']]</small> </font> </div>
<div class="test-event"> <font color="maroon"> <small> &emsp; &emsp;--- 16 Oct 10:55:56 504 - Page URL:: https://i-car--staging.sandbox.lightning.force.com/lightning/o/account/list?filtername=accounts</small> </font> </div>
<div class="test-event"> <font color="maroon"> <small> &emsp; &emsp;--- 16 Oct 10:55:56 504 - <b>0</b> - Page Load Wait: (Sync) - ICar.support.Utils.waitForPageLoad(Utils.java:109)</small> </font> </div>
<div class="test-event"> <font color="maroon"> <small> &emsp; &emsp;--- 16 Oct 10:56:16 334 - Catched spinner load exception due to Expected condition failed: waiting for ICar.support.WaitUtils$4@714addf7 (tried for 10 second(s) with 500 milliseconds interval)</small> </font> </div>
<div class="test-event"> <font color="maroon"> <small> &emsp; &emsp;--- 16 Oct 10:56:16 334 - <b>10</b> - Spinner Load Wait: (Sync) - ICar.support.WaitUtils.waitForSpinner(WaitUtils.java:225)</small> </font> </div>
<div class="test-event"> <font color="maroon"> <small> &emsp; &emsp;--- 16 Oct 10:56:17 161 - Page URL:: https://i-car--staging.sandbox.lightning.force.com/one/one.app#eyjjb21wb25lbnrezwyioijmb3jjzvnlyxjjadpzzwfyy2hqywdlrgvza3rvccisimf0dhjpynv0zxmionsidgvybsi6ikfsbhn0yxrlic0gqxv0bya0mdagv2vzdcisinnjb3bltwfwijp7inr5cguioijut1bfukvtvuxuuyisim5hbwvzcgfjzsi6iiisimxhymvsijoivg9wifjlc3vsdhmilcjsywjlbfbsdxjhbci6ilrvccbszxn1bhrziiwicmvzdwx0c0ntcci6imzvcmnlu2vhcmnoonbyzwrpy3rlzfjlc3vsdhmifswiy29udgv4dci6eyjgsuxurvjtijp7fswic2vhcmnou291cmnlijoiqvntsvnuqu5ux0rjquxpryisimrpc2fibgvjbnrlbnrrdwvyesi6zmfsc2usimrpc2fibgvtcgvsbenvcnjly3rpb24iomzhbhnllcjzzwfyy2heawfsb2dtzxnzaw9uswqioiixyjczmjkzzs00zge5lwnizjutzta1ys1mndrjnmeym2m3mjqilcjkzwj1z0luzm8ionsiyxbwtmftzsi6ikldyxjfu2vydmljzv9db25zb2xliiwiyxbwvhlwzsi6iknvbnnvbguilcjhchboyw1lc3bhy2uioijjiiwibg9jyxrpb24ioijmb3jjztpvymply3rib21lrgvza3rvccisinnvymply3ruexblijoiqwnjb3vudcj9fswiz3jvdxbjzci6ikrfrkfvtfqifswic3rhdguiont9fq%3d%3d</small> </font> </div>
<div class="test-event"> <font color="maroon"> <small> &emsp; &emsp;--- 16 Oct 10:56:17 161 - <b>0</b> - Page Load Wait: (Sync) - ICar.support.Utils.waitForPageLoad(Utils.java:109)</small> </font> </div>
<div class="test-event"> <font color="maroon"> <small> &emsp; &emsp;--- 16 Oct 10:56:28 557 - Catched spinner load exception due to Expected condition failed: waiting for ICar.support.WaitUtils$4@714addf7 (tried for 11 second(s) with 500 milliseconds interval)</small> </font> </div>
<div class="test-event"> <font color="maroon"> <small> &emsp; &emsp;--- 16 Oct 10:56:28 557 - <b>11</b> - Spinner Load Wait: (Sync) - ICar.support.WaitUtils.waitForSpinner(WaitUtils.java:225)</small> </font> </div>
<div class="test-event"> <font color="maroon"> <small> &emsp; &emsp;--- 16 Oct 10:56:29 336 - Page URL:: https://i-car--staging.sandbox.lightning.force.com/one/one.app#eyjjb21wb25lbnrezwyioijmb3jjzvnlyxjjadpzzwfyy2hqywdlrgvza3rvccisimf0dhjpynv0zxmionsidgvybsi6ikfsbhn0yxrlic0gqxv0bya0mdagv2vzdcisinnjb3bltwfwijp7inr5cguioijut1bfukvtvuxuuyisim5hbwvzcgfjzsi6iiisimxhymvsijoivg9wifjlc3vsdhmilcjsywjlbfbsdxjhbci6ilrvccbszxn1bhrziiwicmvzdwx0c0ntcci6imzvcmnlu2vhcmnoonbyzwrpy3rlzfjlc3vsdhmifswiy29udgv4dci6eyjgsuxurvjtijp7fswic2vhcmnou291cmnlijoiqvntsvnuqu5ux0rjquxpryisimrpc2fibgvjbnrlbnrrdwvyesi6zmfsc2usimrpc2fibgvtcgvsbenvcnjly3rpb24iomzhbhnllcjzzwfyy2heawfsb2dtzxnzaw9uswqioiixyjczmjkzzs00zge5lwnizjutzta1ys1mndrjnmeym2m3mjqilcjkzwj1z0luzm8ionsiyxbwtmftzsi6ikldyxjfu2vydmljzv9db25zb2xliiwiyxbwvhlwzsi6iknvbnnvbguilcjhchboyw1lc3bhy2uioijjiiwibg9jyxrpb24ioijmb3jjztpvymply3rib21lrgvza3rvccisinnvymply3ruexblijoiqwnjb3vudcj9fswiz3jvdxbjzci6ikrfrkfvtfqifswic3rhdguiont9fq%3d%3d</small> </font> </div>
<div class="test-event"> <font color="maroon"> <small> &emsp; &emsp;--- 16 Oct 10:56:29 336 - <b>0</b> - Page Load Wait: (Sync) - ICar.support.Utils.waitForPageLoad(Utils.java:109)</small> </font> </div>
<div class="test-event"> <font color="maroon"> <small> &emsp; &emsp;--- 16 Oct 10:56:29 391 - Element is displayed:: [[ChromeDriver: chrome on WINDOWS (a02f6c61ea7b1ab37b21b7eab5dc67d8)] -> xpath: //a[@title='Top Results']//span[text()='Top Results']]</small> </font> </div>
<div class="test-event"> <font color="maroon"> <small> &emsp; &emsp;--- 16 Oct 10:56:29 826 - Page URL:: https://i-car--staging.sandbox.lightning.force.com/one/one.app#eyjjb21wb25lbnrezwyioijmb3jjzvnlyxjjadpzzwfyy2hqywdlrgvza3rvccisimf0dhjpynv0zxmionsidgvybsi6ikfsbhn0yxrlic0gqxv0bya0mdagv2vzdcisinnjb3bltwfwijp7inr5cguioijut1bfukvtvuxuuyisim5hbwvzcgfjzsi6iiisimxhymvsijoivg9wifjlc3vsdhmilcjsywjlbfbsdxjhbci6ilrvccbszxn1bhrziiwicmvzdwx0c0ntcci6imzvcmnlu2vhcmnoonbyzwrpy3rlzfjlc3vsdhmifswiy29udgv4dci6eyjgsuxurvjtijp7fswic2vhcmnou291cmnlijoiqvntsvnuqu5ux0rjquxpryisimrpc2fibgvjbnrlbnrrdwvyesi6zmfsc2usimrpc2fibgvtcgvsbenvcnjly3rpb24iomzhbhnllcjzzwfyy2heawfsb2dtzxnzaw9uswqioiixyjczmjkzzs00zge5lwnizjutzta1ys1mndrjnmeym2m3mjqilcjkzwj1z0luzm8ionsiyxbwtmftzsi6ikldyxjfu2vydmljzv9db25zb2xliiwiyxbwvhlwzsi6iknvbnnvbguilcjhchboyw1lc3bhy2uioijjiiwibg9jyxrpb24ioijmb3jjztpvymply3rib21lrgvza3rvccisinnvymply3ruexblijoiqwnjb3vudcj9fswiz3jvdxbjzci6ikrfrkfvtfqifswic3rhdguiont9fq%3d%3d</small> </font> </div>
<div class="test-event"> <font color="maroon"> <small> &emsp; &emsp;--- 16 Oct 10:56:29 826 - <b>0</b> - Page Load Wait: (Sync) - ICar.support.Utils.waitForPageLoad(Utils.java:109)</small> </font> </div>
<div class="test-event"> <font color="maroon"> <small> &emsp; &emsp;--- 16 Oct 10:56:34 886 - Catched spinner load exception due to Expected condition failed: waiting for ICar.support.WaitUtils$4@714addf7 (tried for 5 second(s) with 500 milliseconds interval)</small> </font> </div>
<div class="test-event"> <font color="maroon"> <small> &emsp; &emsp;--- 16 Oct 10:56:34 886 - <b>5</b> - Spinner Load Wait: (Sync) - ICar.support.WaitUtils.waitForSpinner(WaitUtils.java:225)</small> </font> </div>
<div class="test-event"> <font color="maroon"> <small> &emsp; &emsp;--- 16 Oct 10:56:35 603 - Page URL:: https://i-car--staging.sandbox.lightning.force.com/one/one.app#eyjjb21wb25lbnrezwyioijmb3jjzvnlyxjjadpzzwfyy2hqywdlrgvza3rvccisimf0dhjpynv0zxmionsidgvybsi6ikfsbhn0yxrlic0gqxv0bya0mdagv2vzdcisinnjb3bltwfwijp7inr5cguioijut1bfukvtvuxuuyisim5hbwvzcgfjzsi6iiisimxhymvsijoivg9wifjlc3vsdhmilcjsywjlbfbsdxjhbci6ilrvccbszxn1bhrziiwicmvzdwx0c0ntcci6imzvcmnlu2vhcmnoonbyzwrpy3rlzfjlc3vsdhmifswiy29udgv4dci6eyjgsuxurvjtijp7fswic2vhcmnou291cmnlijoiqvntsvnuqu5ux0rjquxpryisimrpc2fibgvjbnrlbnrrdwvyesi6zmfsc2usimrpc2fibgvtcgvsbenvcnjly3rpb24iomzhbhnllcjzzwfyy2heawfsb2dtzxnzaw9uswqioiixyjczmjkzzs00zge5lwnizjutzta1ys1mndrjnmeym2m3mjqilcjkzwj1z0luzm8ionsiyxbwtmftzsi6ikldyxjfu2vydmljzv9db25zb2xliiwiyxbwvhlwzsi6iknvbnnvbguilcjhchboyw1lc3bhy2uioijjiiwibg9jyxrpb24ioijmb3jjztpvymply3rib21lrgvza3rvccisinnvymply3ruexblijoiqwnjb3vudcj9fswiz3jvdxbjzci6ikrfrkfvtfqifswic3rhdguiont9fq%3d%3d</small> </font> </div>
<div class="test-event"> <font color="maroon"> <small> &emsp; &emsp;--- 16 Oct 10:56:35 603 - <b>0</b> - Page Load Wait: (Sync) - ICar.support.Utils.waitForPageLoad(Utils.java:109)</small> </font> </div>
<div class="test-event"> <font color="maroon"> <small> &emsp; &emsp;--- 16 Oct 10:56:36 334 - Page URL:: https://i-car--staging.sandbox.lightning.force.com/one/one.app#eyjjb21wb25lbnrezwyioijmb3jjzvnlyxjjadpzzwfyy2hqywdlrgvza3rvccisimf0dhjpynv0zxmionsidgvybsi6ikfsbhn0yxrlic0gqxv0bya0mdagv2vzdcisinnjb3bltwfwijp7inr5cguioijut1bfukvtvuxuuyisim5hbwvzcgfjzsi6iiisimxhymvsijoivg9wifjlc3vsdhmilcjsywjlbfbsdxjhbci6ilrvccbszxn1bhrziiwicmvzdwx0c0ntcci6imzvcmnlu2vhcmnoonbyzwrpy3rlzfjlc3vsdhmifswiy29udgv4dci6eyjgsuxurvjtijp7fswic2vhcmnou291cmnlijoiqvntsvnuqu5ux0rjquxpryisimrpc2fibgvjbnrlbnrrdwvyesi6zmfsc2usimrpc2fibgvtcgvsbenvcnjly3rpb24iomzhbhnllcjzzwfyy2heawfsb2dtzxnzaw9uswqioiixyjczmjkzzs00zge5lwnizjutzta1ys1mndrjnmeym2m3mjqilcjkzwj1z0luzm8ionsiyxbwtmftzsi6ikldyxjfu2vydmljzv9db25zb2xliiwiyxbwvhlwzsi6iknvbnnvbguilcjhchboyw1lc3bhy2uioijjiiwibg9jyxrpb24ioijmb3jjztpvymply3rib21lrgvza3rvccisinnvymply3ruexblijoiqwnjb3vudcj9fswiz3jvdxbjzci6ikrfrkfvtfqifswic3rhdguiont9fq%3d%3d</small> </font> </div>
<div class="test-event"> <font color="maroon"> <small> &emsp; &emsp;--- 16 Oct 10:56:36 334 - <b>0</b> - Page Load Wait: (Sync) - ICar.support.Utils.waitForPageLoad(Utils.java:109)</small> </font> </div>
<div class="test-event"> <font color="maroon"> <small> &emsp; &emsp;--- 16 Oct 10:56:37 064 - Page URL:: https://i-car--staging.sandbox.lightning.force.com/one/one.app#eyjjb21wb25lbnrezwyioijmb3jjzvnlyxjjadpzzwfyy2hqywdlrgvza3rvccisimf0dhjpynv0zxmionsidgvybsi6ikfsbhn0yxrlic0gqxv0bya0mdagv2vzdcisinnjb3bltwfwijp7inr5cguioijut1bfukvtvuxuuyisim5hbwvzcgfjzsi6iiisimxhymvsijoivg9wifjlc3vsdhmilcjsywjlbfbsdxjhbci6ilrvccbszxn1bhrziiwicmvzdwx0c0ntcci6imzvcmnlu2vhcmnoonbyzwrpy3rlzfjlc3vsdhmifswiy29udgv4dci6eyjgsuxurvjtijp7fswic2vhcmnou291cmnlijoiqvntsvnuqu5ux0rjquxpryisimrpc2fibgvjbnrlbnrrdwvyesi6zmfsc2usimrpc2fibgvtcgvsbenvcnjly3rpb24iomzhbhnllcjzzwfyy2heawfsb2dtzxnzaw9uswqioiixyjczmjkzzs00zge5lwnizjutzta1ys1mndrjnmeym2m3mjqilcjkzwj1z0luzm8ionsiyxbwtmftzsi6ikldyxjfu2vydmljzv9db25zb2xliiwiyxbwvhlwzsi6iknvbnnvbguilcjhchboyw1lc3bhy2uioijjiiwibg9jyxrpb24ioijmb3jjztpvymply3rib21lrgvza3rvccisinnvymply3ruexblijoiqwnjb3vudcj9fswiz3jvdxbjzci6ikrfrkfvtfqifswic3rhdguiont9fq%3d%3d</small> </font> </div>
<div class="test-event"> <font color="maroon"> <small> &emsp; &emsp;--- 16 Oct 10:56:37 064 - <b>0</b> - Page Load Wait: (Sync) - ICar.support.Utils.waitForPageLoad(Utils.java:109)</small> </font> </div>
<div class="test-event"> <font color="maroon"> <small> &emsp; &emsp;--- 16 Oct 10:56:47 401 - Catched spinner load exception due to Expected condition failed: waiting for ICar.support.WaitUtils$4@714addf7 (tried for 10 second(s) with 500 milliseconds interval)</small> </font> </div>
<div class="test-event"> <font color="maroon"> <small> &emsp; &emsp;--- 16 Oct 10:56:47 401 - <b>10</b> - Spinner Load Wait: (Sync) - ICar.support.WaitUtils.waitForSpinner(WaitUtils.java:225)</small> </font> </div>
<div class="test-event"> <font color="maroon"> <small> &emsp; &emsp;--- 16 Oct 10:56:47 434 - Element is displayed:: [[ChromeDriver: chrome on WINDOWS (a02f6c61ea7b1ab37b21b7eab5dc67d8)] -> css selector: div.forceSearchResultsRegion div.resultsMultiWrapper >div > div table tbody th a]</small> </font> </div>
<div class="test-event"> <font color="maroon"> <small> &emsp; &emsp;--- 16 Oct 10:56:48 060 - Element is displayed:: [[ChromeDriver: chrome on WINDOWS (a02f6c61ea7b1ab37b21b7eab5dc67d8)] -> xpath: //div[contains(@class,'forceSearchResultsRegion')]//div[contains(@class,'resultsMultiWrapper')]/div/div//table/tbody//th//a]</small> </font> </div>
<div class="test-message">&emsp;4. click on Account : Allstate - Auto 400 West</div>
<div class="test-event"> <font color="maroon"> <small> &emsp; &emsp;--- 16 Oct 10:56:49 270 - Page URL:: https://i-car--staging.sandbox.lightning.force.com/one/one.app#eyjjb21wb25lbnrezwyioijmb3jjzvnlyxjjadpzzwfyy2hqywdlrgvza3rvccisimf0dhjpynv0zxmionsidgvybsi6ikfsbhn0yxrlic0gqxv0bya0mdagv2vzdcisinnjb3bltwfwijp7inr5cguioijut1bfukvtvuxuuyisim5hbwvzcgfjzsi6iiisimxhymvsijoivg9wifjlc3vsdhmilcjsywjlbfbsdxjhbci6ilrvccbszxn1bhrziiwicmvzdwx0c0ntcci6imzvcmnlu2vhcmnoonbyzwrpy3rlzfjlc3vsdhmifswiy29udgv4dci6eyjgsuxurvjtijp7fswic2vhcmnou291cmnlijoiqvntsvnuqu5ux0rjquxpryisimrpc2fibgvjbnrlbnrrdwvyesi6zmfsc2usimrpc2fibgvtcgvsbenvcnjly3rpb24iomzhbhnllcjzzwfyy2heawfsb2dtzxnzaw9uswqioiixyjczmjkzzs00zge5lwnizjutzta1ys1mndrjnmeym2m3mjqilcjkzwj1z0luzm8ionsiyxbwtmftzsi6ikldyxjfu2vydmljzv9db25zb2xliiwiyxbwvhlwzsi6iknvbnnvbguilcjhchboyw1lc3bhy2uioijjiiwibg9jyxrpb24ioijmb3jjztpvymply3rib21lrgvza3rvccisinnvymply3ruexblijoiqwnjb3vudcj9fswiz3jvdxbjzci6ikrfrkfvtfqifswic3rhdguiont9fq%3d%3d</small> </font> </div>
<div class="test-event"> <font color="maroon"> <small> &emsp; &emsp;--- 16 Oct 10:56:49 270 - <b>0</b> - Page Load Wait: (Sync) - ICar.support.Utils.waitForPageLoad(Utils.java:109)</small> </font> </div>
<div class="test-event"> <font color="maroon"> <small> &emsp; &emsp;--- 16 Oct 10:57:04 766 - Catched spinner load exception due to Expected condition failed: waiting for ICar.support.WaitUtils$4@714addf7 (tried for 15 second(s) with 500 milliseconds interval)</small> </font> </div>
<div class="test-event"> <font color="maroon"> <small> &emsp; &emsp;--- 16 Oct 10:57:04 767 - <b>15</b> - Spinner Load Wait: (Sync) - ICar.support.WaitUtils.waitForSpinner(WaitUtils.java:225)</small> </font> </div>
<div class="test-event"> <font color="maroon"> <small> &emsp; &emsp;--- 16 Oct 10:57:05 522 - Page URL:: https://i-car--staging.sandbox.lightning.force.com/one/one.app#eyjjb21wb25lbnrezwyioijmb3jjzvnlyxjjadpzzwfyy2hqywdlrgvza3rvccisimf0dhjpynv0zxmionsidgvybsi6ikfsbhn0yxrlic0gqxv0bya0mdagv2vzdcisinnjb3bltwfwijp7inr5cguioijut1bfukvtvuxuuyisim5hbwvzcgfjzsi6iiisimxhymvsijoivg9wifjlc3vsdhmilcjsywjlbfbsdxjhbci6ilrvccbszxn1bhrziiwicmvzdwx0c0ntcci6imzvcmnlu2vhcmnoonbyzwrpy3rlzfjlc3vsdhmifswiy29udgv4dci6eyjgsuxurvjtijp7fswic2vhcmnou291cmnlijoiqvntsvnuqu5ux0rjquxpryisimrpc2fibgvjbnrlbnrrdwvyesi6zmfsc2usimrpc2fibgvtcgvsbenvcnjly3rpb24iomzhbhnllcjzzwfyy2heawfsb2dtzxnzaw9uswqioiixyjczmjkzzs00zge5lwnizjutzta1ys1mndrjnmeym2m3mjqilcjkzwj1z0luzm8ionsiyxbwtmftzsi6ikldyxjfu2vydmljzv9db25zb2xliiwiyxbwvhlwzsi6iknvbnnvbguilcjhchboyw1lc3bhy2uioijjiiwibg9jyxrpb24ioijmb3jjztpvymply3rib21lrgvza3rvccisinnvymply3ruexblijoiqwnjb3vudcj9fswiz3jvdxbjzci6ikrfrkfvtfqifswic3rhdguiont9fq%3d%3d</small> </font> </div>
<div class="test-event"> <font color="maroon"> <small> &emsp; &emsp;--- 16 Oct 10:57:05 523 - <b>0</b> - Page Load Wait: (Sync) - ICar.support.Utils.waitForPageLoad(Utils.java:109)</small> </font> </div>
<div class="test-event"> <font color="maroon"> <small> &emsp; &emsp;--- 16 Oct 10:57:08 786 - Moved to element..</small> </font> </div>
<div class="test-event"> <font color="maroon"> <small> &emsp; &emsp;--- 16 Oct 10:57:22 428 - Unable to find a element after 10 sec ==> Proxy element for: AjaxElementLocator 'By.xpath: //button[normalize-space()='Roster']'</small> </font> </div>
<!--FAIL-->
<div class="test-result"><br><font color="red"><strong> click on Roster button. not found in page!! </strong></font> <a href=".\ScreenShot\ICar_BAM640_TC04_43809857105100.png" target="_blank" >[ScreenShot]</a></div>&emsp;
&emsp;<div class="test-title"> <strong><font size = "3" color = "#0000FF">---Test Execution Ends---</font> </strong> </div>&emsp;
<div class="test-event"> <font color="maroon"> <small> &emsp; &emsp;--- 16 Oct 10:57:23 143 - TestCaseID:: ICar_BAM640_TC05</small> </font> </div>
<div class="test-event"> <font color="maroon"> <small> &emsp; &emsp;--- 16 Oct 10:57:24 052 - <b>0</b> - Driver::initialize::Get - ICar.support.WebDriverFactory.getDriver(WebDriverFactory.java:640)</small> </font> </div>
&emsp;<div class="test-title"> <strong><font size = "3" color = "#000080">Verify the Start Date for an employee on an Stand Alone Account's Roster is not Changed when an employee is terminated from the Account</font> </strong> </div>&emsp;<div><strong>Steps:</strong></div><!-- Report -->&emsp;
<div class="test-event"> <font color="maroon"> <small> &emsp; &emsp;--- 16 Oct 10:57:28 189 - Page URL:: https://i-car--staging.sandbox.my.salesforce.com/</small> </font> </div>
<div class="test-event"> <font color="maroon"> <small> &emsp; &emsp;--- 16 Oct 10:57:28 189 - <b>0</b> - Page Load Wait: (Sync) - ICar.support.Utils.waitForPageLoad(Utils.java:109)</small> </font> </div>
<div class="test-message">&emsp;Successfully navigated to 'Login' Page&emsp;<a href=".\ScreenShot\ICar_BAM640_TC05_43815619649700.png" target="_blank" >[ScreenShot]</a></div>
<div class="test-message">&emsp;1. Login page is launched.</div>
<div class="test-event"> <font color="maroon"> <small> &emsp; &emsp;--- 16 Oct 10:57:28 602 - Element is displayed:: [[ChromeDriver: chrome on WINDOWS (e7ac9b512388a5369d14137f707cf9a2)] -> id: username]</small> </font> </div>
<div class="test-event"> <font color="maroon"> <small> &emsp; &emsp;--- 16 Oct 10:57:28 660 - Element is displayed:: [[ChromeDriver: chrome on WINDOWS (e7ac9b512388a5369d14137f707cf9a2)] -> id: username]</small> </font> </div>
<div class="test-event"> <font color="maroon"> <small> &emsp; &emsp;--- 16 Oct 10:57:28 931 - Element is displayed:: [[ChromeDriver: chrome on WINDOWS (e7ac9b512388a5369d14137f707cf9a2)] -> id: password]</small> </font> </div>
<div class="test-event"> <font color="maroon"> <small> &emsp; &emsp;--- 16 Oct 10:57:29 191 - Element is displayed:: [[ChromeDriver: chrome on WINDOWS (e7ac9b512388a5369d14137f707cf9a2)] -> id: Login]</small> </font> </div>
<div class="test-event"> <font color="maroon"> <small> &emsp; &emsp;--- 16 Oct 10:58:02 743 - Catched spinner load exception due to Expected condition failed: waiting for ICar.support.WaitUtils$4@714addf7 (tried for 13 second(s) with 500 milliseconds interval)</small> </font> </div>
<div class="test-event"> <font color="maroon"> <small> &emsp; &emsp;--- 16 Oct 10:58:02 743 - <b>13</b> - Spinner Load Wait: (Sync) - ICar.support.WaitUtils.waitForSpinner(WaitUtils.java:225)</small> </font> </div>
<div class="test-event"> <font color="maroon"> <small> &emsp; &emsp;--- 16 Oct 10:58:21 792 - Catched spinner load exception due to Expected condition failed: waiting for ICar.support.WaitUtils$4@714addf7 (tried for 6 second(s) with 500 milliseconds interval)</small> </font> </div>
<div class="test-event"> <font color="maroon"> <small> &emsp; &emsp;--- 16 Oct 10:58:21 792 - <b>6</b> - Spinner Load Wait: (Sync) - ICar.support.WaitUtils.waitForSpinner(WaitUtils.java:225)</small> </font> </div>
<div class="test-event"> <font color="maroon"> <small> &emsp; &emsp;--- 16 Oct 10:58:21 862 - Element is displayed:: [[ChromeDriver: chrome on WINDOWS (e7ac9b512388a5369d14137f707cf9a2)] -> css selector: button[class*='search-button']]</small> </font> </div>
<div class="test-message">&emsp;2. Navigate to 'SalesForce Page'</div>
<div class="test-event"> <font color="maroon"> <small> &emsp; &emsp;--- 16 Oct 10:58:22 226 - Page URL:: https://i-car--staging.sandbox.lightning.force.com/lightning/o/account/list?filtername=accounts</small> </font> </div>
<div class="test-event"> <font color="maroon"> <small> &emsp; &emsp;--- 16 Oct 10:58:22 226 - <b>0</b> - Page Load Wait: (Sync) - ICar.support.Utils.waitForPageLoad(Utils.java:109)</small> </font> </div>
<div class="test-event"> <font color="maroon"> <small> &emsp; &emsp;--- 16 Oct 10:58:27 652 - Page URL:: https://i-car--staging.sandbox.lightning.force.com/lightning/o/account/list?filtername=accounts</small> </font> </div>
<div class="test-event"> <font color="maroon"> <small> &emsp; &emsp;--- 16 Oct 10:58:27 652 - <b>0</b> - Page Load Wait: (Sync) - ICar.support.Utils.waitForPageLoad(Utils.java:109)</small> </font> </div>
<div class="test-message">&emsp;Close the tab</div>
<div class="test-message">&emsp;Successfully navigated to 'Login' Page&emsp;<a href=".\ScreenShot\ICar_BAM640_TC05_43880346195400.png" target="_blank" >[ScreenShot]</a></div>
<div class="test-message">&emsp;3. Enter the user credentials as : icaradminautomation3@i-car.com.staging</div>
<div class="test-event"> <font color="maroon"> <small> &emsp; &emsp;--- 16 Oct 10:58:33 442 - Page URL:: https://i-car--staging.sandbox.lightning.force.com/lightning/o/account/list?filtername=accounts</small> </font> </div>
<div class="test-event"> <font color="maroon"> <small> &emsp; &emsp;--- 16 Oct 10:58:33 442 - <b>0</b> - Page Load Wait: (Sync) - ICar.support.Utils.waitForPageLoad(Utils.java:109)</small> </font> </div>
<div class="test-event"> <font color="maroon"> <small> &emsp; &emsp;--- 16 Oct 10:58:38 839 - Page URL:: https://i-car--staging.sandbox.lightning.force.com/lightning/o/account/list?filtername=accounts</small> </font> </div>
<div class="test-event"> <font color="maroon"> <small> &emsp; &emsp;--- 16 Oct 10:58:38 839 - <b>0</b> - Page Load Wait: (Sync) - ICar.support.Utils.waitForPageLoad(Utils.java:109)</small> </font> </div>
<div class="test-message">&emsp;Close the tab</div>
<div class="test-event"> <font color="maroon"> <small> &emsp; &emsp;--- 16 Oct 10:58:44 420 - Page URL:: https://i-car--staging.sandbox.lightning.force.com/lightning/o/account/list?filtername=accounts</small> </font> </div>
<div class="test-event"> <font color="maroon"> <small> &emsp; &emsp;--- 16 Oct 10:58:44 420 - <b>0</b> - Page Load Wait: (Sync) - ICar.support.Utils.waitForPageLoad(Utils.java:109)</small> </font> </div>
<div class="test-event"> <font color="maroon"> <small> &emsp; &emsp;--- 16 Oct 10:58:44 459 - Element is displayed:: [[ChromeDriver: chrome on WINDOWS (e7ac9b512388a5369d14137f707cf9a2)] -> css selector: button[class*='search-button']]</small> </font> </div>
<div class="test-event"> <font color="maroon"> <small> &emsp; &emsp;--- 16 Oct 10:58:46 570 - Catched spinner load exception due to Expected condition failed: waiting for ICar.support.WaitUtils$4@714addf7 (tried for 2 second(s) with 500 milliseconds interval)</small> </font> </div>
<div class="test-event"> <font color="maroon"> <small> &emsp; &emsp;--- 16 Oct 10:58:46 570 - <b>2</b> - Spinner Load Wait: (Sync) - ICar.support.WaitUtils.waitForSpinner(WaitUtils.java:225)</small> </font> </div>
<div class="test-event"> <font color="maroon"> <small> &emsp; &emsp;--- 16 Oct 10:58:49 648 - Element is displayed:: [[ChromeDriver: chrome on WINDOWS (e7ac9b512388a5369d14137f707cf9a2)] -> css selector: button[class*='search-button']]</small> </font> </div>
<div class="test-event"> <font color="maroon"> <small> &emsp; &emsp;--- 16 Oct 10:58:50 369 - Page URL:: https://i-car--staging.sandbox.lightning.force.com/lightning/o/account/list?filtername=accounts</small> </font> </div>
<div class="test-event"> <font color="maroon"> <small> &emsp; &emsp;--- 16 Oct 10:58:50 369 - <b>0</b> - Page Load Wait: (Sync) - ICar.support.Utils.waitForPageLoad(Utils.java:109)</small> </font> </div>
<div class="test-event"> <font color="maroon"> <small> &emsp; &emsp;--- 16 Oct 10:59:09 866 - Catched spinner load exception due to Expected condition failed: waiting for ICar.support.WaitUtils$4@714addf7 (tried for 10 second(s) with 500 milliseconds interval)</small> </font> </div>
<div class="test-event"> <font color="maroon"> <small> &emsp; &emsp;--- 16 Oct 10:59:09 866 - <b>10</b> - Spinner Load Wait: (Sync) - ICar.support.WaitUtils.waitForSpinner(WaitUtils.java:225)</small> </font> </div>
<div class="test-event"> <font color="maroon"> <small> &emsp; &emsp;--- 16 Oct 10:59:10 676 - Page URL:: https://i-car--staging.sandbox.lightning.force.com/one/one.app#eyjjb21wb25lbnrezwyioijmb3jjzvnlyxjjadpzzwfyy2hqywdlrgvza3rvccisimf0dhjpynv0zxmionsidgvybsi6ilqgjibkief1dg8gqm9kesbjbmmilcjzy29wzu1hcci6eyj0exblijoive9qx1jfu1vmvfmilcjuyw1lc3bhy2uioiiilcjsywjlbci6ilrvccbszxn1bhrziiwibgfizwxqbhvyywwioijub3agumvzdwx0cyisinjlc3vsdhndbxaioijmb3jjzvnlyxjjadpwcmvkawn0zwrszxn1bhrzin0simnvbnrlehqionsirklmvevsuyi6e30sinnlyxjjafnvdxjjzsi6ikftu0ltvefovf9esufmt0cilcjkaxnhymxlsw50zw50uxvlcnkiomzhbhnllcjkaxnhymxlu3blbgxdb3jyzwn0aw9uijpmywxzzswic2vhcmnorglhbg9nu2vzc2lvbklkijoimjrjzjiymtetntmxns0znzuzlty3njmtyzdiytuynjuwzgjkiiwizgvidwdjbmzvijp7imfwce5hbwuioijjq2fyx1nlcnzpy2vfq29uc29szsisimfwcfr5cguioijdb25zb2xliiwiyxbwtmftzxnwywnlijoiyyisimxvy2f0aw9uijoizm9yy2u6b2jqzwn0sg9tzurlc2t0b3ailcjzb2jqzwn0vhlwzsi6ikfjy291bnqifx0simdyb3vwswqioijeruzbvuxuin0sinn0yxrlijp7fx0%3d</small> </font> </div>
<div class="test-event"> <font color="maroon"> <small> &emsp; &emsp;--- 16 Oct 10:59:10 676 - <b>0</b> - Page Load Wait: (Sync) - ICar.support.Utils.waitForPageLoad(Utils.java:109)</small> </font> </div>
<div class="test-event"> <font color="maroon"> <small> &emsp; &emsp;--- 16 Oct 10:59:21 981 - Catched spinner load exception due to Expected condition failed: waiting for ICar.support.WaitUtils$4@714addf7 (tried for 11 second(s) with 500 milliseconds interval)</small> </font> </div>
<div class="test-event"> <font color="maroon"> <small> &emsp; &emsp;--- 16 Oct 10:59:21 981 - <b>11</b> - Spinner Load Wait: (Sync) - ICar.support.WaitUtils.waitForSpinner(WaitUtils.java:225)</small> </font> </div>
<div class="test-event"> <font color="maroon"> <small> &emsp; &emsp;--- 16 Oct 10:59:23 666 - Page URL:: https://i-car--staging.sandbox.lightning.force.com/one/one.app#eyjjb21wb25lbnrezwyioijmb3jjzvnlyxjjadpzzwfyy2hqywdlrgvza3rvccisimf0dhjpynv0zxmionsidgvybsi6ilqgjibkief1dg8gqm9kesbjbmmilcjzy29wzu1hcci6eyj0exblijoive9qx1jfu1vmvfmilcjuyw1lc3bhy2uioiiilcjsywjlbci6ilrvccbszxn1bhrziiwibgfizwxqbhvyywwioijub3agumvzdwx0cyisinjlc3vsdhndbxaioijmb3jjzvnlyxjjadpwcmvkawn0zwrszxn1bhrzin0simnvbnrlehqionsirklmvevsuyi6e30sinnlyxjjafnvdxjjzsi6ikftu0ltvefovf9esufmt0cilcjkaxnhymxlsw50zw50uxvlcnkiomzhbhnllcjkaxnhymxlu3blbgxdb3jyzwn0aw9uijpmywxzzswic2vhcmnorglhbg9nu2vzc2lvbklkijoimjrjzjiymtetntmxns0znzuzlty3njmtyzdiytuynjuwzgjkiiwizgvidwdjbmzvijp7imfwce5hbwuioijjq2fyx1nlcnzpy2vfq29uc29szsisimfwcfr5cguioijdb25zb2xliiwiyxbwtmftzxnwywnlijoiyyisimxvy2f0aw9uijoizm9yy2u6b2jqzwn0sg9tzurlc2t0b3ailcjzb2jqzwn0vhlwzsi6ikfjy291bnqifx0simdyb3vwswqioijeruzbvuxuin0sinn0yxrlijp7fx0%3d</small> </font> </div>
<div class="test-event"> <font color="maroon"> <small> &emsp; &emsp;--- 16 Oct 10:59:23 666 - <b>1</b> - Page Load Wait: (Sync) - ICar.support.Utils.waitForPageLoad(Utils.java:109)</small> </font> </div>
<div class="test-event"> <font color="maroon"> <small> &emsp; &emsp;--- 16 Oct 10:59:23 741 - Element is displayed:: [[ChromeDriver: chrome on WINDOWS (e7ac9b512388a5369d14137f707cf9a2)] -> xpath: //a[@title='Top Results']//span[text()='Top Results']]</small> </font> </div>
<div class="test-event"> <font color="maroon"> <small> &emsp; &emsp;--- 16 Oct 10:59:24 282 - Page URL:: https://i-car--staging.sandbox.lightning.force.com/one/one.app#eyjjb21wb25lbnrezwyioijmb3jjzvnlyxjjadpzzwfyy2hqywdlrgvza3rvccisimf0dhjpynv0zxmionsidgvybsi6ilqgjibkief1dg8gqm9kesbjbmmilcjzy29wzu1hcci6eyj0exblijoive9qx1jfu1vmvfmilcjuyw1lc3bhy2uioiiilcjsywjlbci6ilrvccbszxn1bhrziiwibgfizwxqbhvyywwioijub3agumvzdwx0cyisinjlc3vsdhndbxaioijmb3jjzvnlyxjjadpwcmvkawn0zwrszxn1bhrzin0simnvbnrlehqionsirklmvevsuyi6e30sinnlyxjjafnvdxjjzsi6ikftu0ltvefovf9esufmt0cilcjkaxnhymxlsw50zw50uxvlcnkiomzhbhnllcjkaxnhymxlu3blbgxdb3jyzwn0aw9uijpmywxzzswic2vhcmnorglhbg9nu2vzc2lvbklkijoimjrjzjiymtetntmxns0znzuzlty3njmtyzdiytuynjuwzgjkiiwizgvidwdjbmzvijp7imfwce5hbwuioijjq2fyx1nlcnzpy2vfq29uc29szsisimfwcfr5cguioijdb25zb2xliiwiyxbwtmftzxnwywnlijoiyyisimxvy2f0aw9uijoizm9yy2u6b2jqzwn0sg9tzurlc2t0b3ailcjzb2jqzwn0vhlwzsi6ikfjy291bnqifx0simdyb3vwswqioijeruzbvuxuin0sinn0yxrlijp7fx0%3d</small> </font> </div>
<div class="test-event"> <font color="maroon"> <small> &emsp; &emsp;--- 16 Oct 10:59:24 283 - <b>0</b> - Page Load Wait: (Sync) - ICar.support.Utils.waitForPageLoad(Utils.java:109)</small> </font> </div>
<div class="test-event"> <font color="maroon"> <small> &emsp; &emsp;--- 16 Oct 10:59:29 373 - Catched spinner load exception due to Expected condition failed: waiting for ICar.support.WaitUtils$4@714addf7 (tried for 5 second(s) with 500 milliseconds interval)</small> </font> </div>
<div class="test-event"> <font color="maroon"> <small> &emsp; &emsp;--- 16 Oct 10:59:29 373 - <b>5</b> - Spinner Load Wait: (Sync) - ICar.support.WaitUtils.waitForSpinner(WaitUtils.java:225)</small> </font> </div>
<div class="test-event"> <font color="maroon"> <small> &emsp; &emsp;--- 16 Oct 10:59:30 926 - Page URL:: https://i-car--staging.sandbox.lightning.force.com/one/one.app#eyjjb21wb25lbnrezwyioijmb3jjzvnlyxjjadpzzwfyy2hqywdlrgvza3rvccisimf0dhjpynv0zxmionsidgvybsi6ilqgjibkief1dg8gqm9kesbjbmmilcjzy29wzu1hcci6eyj0exblijoive9qx1jfu1vmvfmilcjuyw1lc3bhy2uioiiilcjsywjlbci6ilrvccbszxn1bhrziiwibgfizwxqbhvyywwioijub3agumvzdwx0cyisinjlc3vsdhndbxaioijmb3jjzvnlyxjjadpwcmvkawn0zwrszxn1bhrzin0simnvbnrlehqionsirklmvevsuyi6e30sinnlyxjjafnvdxjjzsi6ikftu0ltvefovf9esufmt0cilcjkaxnhymxlsw50zw50uxvlcnkiomzhbhnllcjkaxnhymxlu3blbgxdb3jyzwn0aw9uijpmywxzzswic2vhcmnorglhbg9nu2vzc2lvbklkijoimjrjzjiymtetntmxns0znzuzlty3njmtyzdiytuynjuwzgjkiiwizgvidwdjbmzvijp7imfwce5hbwuioijjq2fyx1nlcnzpy2vfq29uc29szsisimfwcfr5cguioijdb25zb2xliiwiyxbwtmftzxnwywnlijoiyyisimxvy2f0aw9uijoizm9yy2u6b2jqzwn0sg9tzurlc2t0b3ailcjzb2jqzwn0vhlwzsi6ikfjy291bnqifx0simdyb3vwswqioijeruzbvuxuin0sinn0yxrlijp7fx0%3d</small> </font> </div>
<div class="test-event"> <font color="maroon"> <small> &emsp; &emsp;--- 16 Oct 10:59:30 926 - <b>1</b> - Page Load Wait: (Sync) - ICar.support.Utils.waitForPageLoad(Utils.java:109)</small> </font> </div>
<div class="test-event"> <font color="maroon"> <small> &emsp; &emsp;--- 16 Oct 10:59:32 390 - Page URL:: https://i-car--staging.sandbox.lightning.force.com/one/one.app#eyjjb21wb25lbnrezwyioijmb3jjzvnlyxjjadpzzwfyy2hqywdlrgvza3rvccisimf0dhjpynv0zxmionsidgvybsi6ilqgjibkief1dg8gqm9kesbjbmmilcjzy29wzu1hcci6eyj0exblijoive9qx1jfu1vmvfmilcjuyw1lc3bhy2uioiiilcjsywjlbci6ilrvccbszxn1bhrziiwibgfizwxqbhvyywwioijub3agumvzdwx0cyisinjlc3vsdhndbxaioijmb3jjzvnlyxjjadpwcmvkawn0zwrszxn1bhrzin0simnvbnrlehqionsirklmvevsuyi6e30sinnlyxjjafnvdxjjzsi6ikftu0ltvefovf9esufmt0cilcjkaxnhymxlsw50zw50uxvlcnkiomzhbhnllcjkaxnhymxlu3blbgxdb3jyzwn0aw9uijpmywxzzswic2vhcmnorglhbg9nu2vzc2lvbklkijoimjrjzjiymtetntmxns0znzuzlty3njmtyzdiytuynjuwzgjkiiwizgvidwdjbmzvijp7imfwce5hbwuioijjq2fyx1nlcnzpy2vfq29uc29szsisimfwcfr5cguioijdb25zb2xliiwiyxbwtmftzxnwywnlijoiyyisimxvy2f0aw9uijoizm9yy2u6b2jqzwn0sg9tzurlc2t0b3ailcjzb2jqzwn0vhlwzsi6ikfjy291bnqifx0simdyb3vwswqioijeruzbvuxuin0sinn0yxrlijp7fx0%3d</small> </font> </div>
<div class="test-event"> <font color="maroon"> <small> &emsp; &emsp;--- 16 Oct 10:59:32 390 - <b>1</b> - Page Load Wait: (Sync) - ICar.support.Utils.waitForPageLoad(Utils.java:109)</small> </font> </div>
<div class="test-event"> <font color="maroon"> <small> &emsp; &emsp;--- 16 Oct 10:59:34 013 - Page URL:: https://i-car--staging.sandbox.lightning.force.com/one/one.app#eyjjb21wb25lbnrezwyioijmb3jjzvnlyxjjadpzzwfyy2hqywdlrgvza3rvccisimf0dhjpynv0zxmionsidgvybsi6ilqgjibkief1dg8gqm9kesbjbmmilcjzy29wzu1hcci6eyj0exblijoive9qx1jfu1vmvfmilcjuyw1lc3bhy2uioiiilcjsywjlbci6ilrvccbszxn1bhrziiwibgfizwxqbhvyywwioijub3agumvzdwx0cyisinjlc3vsdhndbxaioijmb3jjzvnlyxjjadpwcmvkawn0zwrszxn1bhrzin0simnvbnrlehqionsirklmvevsuyi6e30sinnlyxjjafnvdxjjzsi6ikftu0ltvefovf9esufmt0cilcjkaxnhymxlsw50zw50uxvlcnkiomzhbhnllcjkaxnhymxlu3blbgxdb3jyzwn0aw9uijpmywxzzswic2vhcmnorglhbg9nu2vzc2lvbklkijoimjrjzjiymtetntmxns0znzuzlty3njmtyzdiytuynjuwzgjkiiwizgvidwdjbmzvijp7imfwce5hbwuioijjq2fyx1nlcnzpy2vfq29uc29szsisimfwcfr5cguioijdb25zb2xliiwiyxbwtmftzxnwywnlijoiyyisimxvy2f0aw9uijoizm9yy2u6b2jqzwn0sg9tzurlc2t0b3ailcjzb2jqzwn0vhlwzsi6ikfjy291bnqifx0simdyb3vwswqioijeruzbvuxuin0sinn0yxrlijp7fx0%3d</small> </font> </div>
<div class="test-event"> <font color="maroon"> <small> &emsp; &emsp;--- 16 Oct 10:59:34 013 - <b>1</b> - Page Load Wait: (Sync) - ICar.support.Utils.waitForPageLoad(Utils.java:109)</small> </font> </div>
<div class="test-event"> <font color="maroon"> <small> &emsp; &emsp;--- 16 Oct 10:59:44 469 - Catched spinner load exception due to Expected condition failed: waiting for ICar.support.WaitUtils$4@714addf7 (tried for 10 second(s) with 500 milliseconds interval)</small> </font> </div>
<div class="test-event"> <font color="maroon"> <small> &emsp; &emsp;--- 16 Oct 10:59:44 469 - <b>10</b> - Spinner Load Wait: (Sync) - ICar.support.WaitUtils.waitForSpinner(WaitUtils.java:225)</small> </font> </div>
<div class="test-event"> <font color="maroon"> <small> &emsp; &emsp;--- 16 Oct 10:59:44 505 - Element is displayed:: [[ChromeDriver: chrome on WINDOWS (e7ac9b512388a5369d14137f707cf9a2)] -> css selector: div.forceSearchResultsRegion div.resultsMultiWrapper >div > div table tbody th a]</small> </font> </div>
<div class="test-event"> <font color="maroon"> <small> &emsp; &emsp;--- 16 Oct 10:59:44 619 - Element is displayed:: [[ChromeDriver: chrome on WINDOWS (e7ac9b512388a5369d14137f707cf9a2)] -> css selector: div.forceSearchResultsRegion div.resultsMultiWrapper >div > div table tbody th a]</small> </font> </div>
<div class="test-message">&emsp;4. click on Account : T & J Auto Body Inc</div>
<div class="test-event"> <font color="maroon"> <small> &emsp; &emsp;--- 16 Oct 10:59:46 812 - Page URL:: https://i-car--staging.sandbox.lightning.force.com/one/one.app#eyjjb21wb25lbnrezwyioijmb3jjzvnlyxjjadpzzwfyy2hqywdlrgvza3rvccisimf0dhjpynv0zxmionsidgvybsi6ilqgjibkief1dg8gqm9kesbjbmmilcjzy29wzu1hcci6eyj0exblijoive9qx1jfu1vmvfmilcjuyw1lc3bhy2uioiiilcjsywjlbci6ilrvccbszxn1bhrziiwibgfizwxqbhvyywwioijub3agumvzdwx0cyisinjlc3vsdhndbxaioijmb3jjzvnlyxjjadpwcmvkawn0zwrszxn1bhrzin0simnvbnrlehqionsirklmvevsuyi6e30sinnlyxjjafnvdxjjzsi6ikftu0ltvefovf9esufmt0cilcjkaxnhymxlsw50zw50uxvlcnkiomzhbhnllcjkaxnhymxlu3blbgxdb3jyzwn0aw9uijpmywxzzswic2vhcmnorglhbg9nu2vzc2lvbklkijoimjrjzjiymtetntmxns0znzuzlty3njmtyzdiytuynjuwzgjkiiwizgvidwdjbmzvijp7imfwce5hbwuioijjq2fyx1nlcnzpy2vfq29uc29szsisimfwcfr5cguioijdb25zb2xliiwiyxbwtmftzxnwywnlijoiyyisimxvy2f0aw9uijoizm9yy2u6b2jqzwn0sg9tzurlc2t0b3ailcjzb2jqzwn0vhlwzsi6ikfjy291bnqifx0simdyb3vwswqioijeruzbvuxuin0sinn0yxrlijp7fx0%3d</small> </font> </div>
<div class="test-event"> <font color="maroon"> <small> &emsp; &emsp;--- 16 Oct 10:59:46 812 - <b>2</b> - Page Load Wait: (Sync) - ICar.support.Utils.waitForPageLoad(Utils.java:109)</small> </font> </div>
<div class="test-event"> <font color="maroon"> <small> &emsp; &emsp;--- 16 Oct 11:00:02 054 - Catched spinner load exception due to Expected condition failed: waiting for ICar.support.WaitUtils$4@714addf7 (tried for 15 second(s) with 500 milliseconds interval)</small> </font> </div>
<div class="test-event"> <font color="maroon"> <small> &emsp; &emsp;--- 16 Oct 11:00:02 055 - <b>15</b> - Spinner Load Wait: (Sync) - ICar.support.WaitUtils.waitForSpinner(WaitUtils.java:225)</small> </font> </div>
<div class="test-event"> <font color="maroon"> <small> &emsp; &emsp;--- 16 Oct 11:00:03 591 - Page URL:: https://i-car--staging.sandbox.lightning.force.com/lightning/r/account/0011i00000uwf8vqau/view</small> </font> </div>
<div class="test-event"> <font color="maroon"> <small> &emsp; &emsp;--- 16 Oct 11:00:03 591 - <b>1</b> - Page Load Wait: (Sync) - ICar.support.Utils.waitForPageLoad(Utils.java:109)</small> </font> </div>
<div class="test-event"> <font color="maroon"> <small> &emsp; &emsp;--- 16 Oct 11:00:05 762 - Element is displayed:: [[ChromeDriver: chrome on WINDOWS (e7ac9b512388a5369d14137f707cf9a2)] -> xpath: //button[normalize-space()='Roster']]</small> </font> </div>
<div class="test-event"> <font color="maroon"> <small> &emsp; &emsp;--- 16 Oct 11:00:07 158 - Page URL:: https://i-car--staging.sandbox.lightning.force.com/lightning/r/account/0011i00000uwf8vqau/view</small> </font> </div>
<div class="test-event"> <font color="maroon"> <small> &emsp; &emsp;--- 16 Oct 11:00:07 158 - <b>1</b> - Page Load Wait: (Sync) - ICar.support.Utils.waitForPageLoad(Utils.java:109)</small> </font> </div>
<div class="test-event"> <font color="maroon"> <small> &emsp; &emsp;--- 16 Oct 11:00:08 584 - Page URL:: https://i-car--staging.sandbox.lightning.force.com/lightning/r/account/0011i00000uwf8vqau/view</small> </font> </div>
<div class="test-event"> <font color="maroon"> <small> &emsp; &emsp;--- 16 Oct 11:00:08 584 - <b>1</b> - Page Load Wait: (Sync) - ICar.support.Utils.waitForPageLoad(Utils.java:109)</small> </font> </div>
<div class="test-event"> <font color="maroon"> <small> &emsp; &emsp;--- 16 Oct 11:00:23 725 - Catched spinner load exception due to Expected condition failed: waiting for ICar.support.WaitUtils$4@714addf7 (tried for 15 second(s) with 500 milliseconds interval)</small> </font> </div>
<div class="test-event"> <font color="maroon"> <small> &emsp; &emsp;--- 16 Oct 11:00:23 725 - <b>15</b> - Spinner Load Wait: (Sync) - ICar.support.WaitUtils.waitForSpinner(WaitUtils.java:225)</small> </font> </div>
<div class="test-event"> <font color="maroon"> <small> &emsp; &emsp;--- 16 Oct 11:00:25 671 - Page URL:: https://i-car--staging.sandbox.lightning.force.com/one/one.app#eyjjb21wb25lbnrezwyioijvbmu6ywxvagfqywdliiwiyxr0cmlidxrlcyi6eyjhzgryzxnzijoiahr0chm6ly9plwnhci0tc3rhz2luzy0tyy5zyw5kym94lnzmlmzvcmnllmnvbs9hcgv4l1jvc3rlck1hbmfnzw1lbnq%2fswq9mdaxmukwmdawmhv3rjhwin0sinn0yxrlijp7indzijoil2xpz2h0bmluzy9yl0fjy291bnqvmdaxmukwmdawmhv3rjhwuufvl3zpzxcifx0%3d</small> </font> </div>
<div class="test-event"> <font color="maroon"> <small> &emsp; &emsp;--- 16 Oct 11:00:25 671 - <b>1</b> - Page Load Wait: (Sync) - ICar.support.Utils.waitForPageLoad(Utils.java:109)</small> </font> </div>
<div class="test-message">&emsp;5. Click on account roster T & J Auto Body Inc</div>
<div class="test-event"> <font color="maroon"> <small> &emsp; &emsp;--- 16 Oct 11:00:35 834 - Catched spinner load exception due to Expected condition failed: waiting for ICar.support.WaitUtils$4@714addf7 (tried for 10 second(s) with 500 milliseconds interval)</small> </font> </div>
<div class="test-event"> <font color="maroon"> <small> &emsp; &emsp;--- 16 Oct 11:00:35 834 - <b>10</b> - Spinner Load Wait: (Sync) - ICar.support.WaitUtils.waitForSpinner(WaitUtils.java:225)</small> </font> </div>
<div class="test-event"> <font color="maroon"> <small> &emsp; &emsp;--- 16 Oct 11:00:37 933 - Element is displayed:: [[ChromeDriver: chrome on WINDOWS (e7ac9b512388a5369d14137f707cf9a2)] -> xpath: //span[text()='All']]</small> </font> </div>
<div class="test-event"> <font color="maroon"> <small> &emsp; &emsp;--- 16 Oct 11:00:46 324 - Catched spinner load exception due to Expected condition failed: waiting for ICar.support.WaitUtils$4@714addf7 (tried for 5 second(s) with 500 milliseconds interval)</small> </font> </div>
<div class="test-event"> <font color="maroon"> <small> &emsp; &emsp;--- 16 Oct 11:00:46 329 - <b>5</b> - Spinner Load Wait: (Sync) - ICar.support.WaitUtils.waitForSpinner(WaitUtils.java:225)</small> </font> </div>
<div class="test-event"> <font color="maroon"> <small> &emsp; &emsp;--- 16 Oct 11:00:50 027 - Page URL:: https://i-car--staging.sandbox.lightning.force.com/one/one.app#eyjjb21wb25lbnrezwyioijvbmu6ywxvagfqywdliiwiyxr0cmlidxrlcyi6eyjhzgryzxnzijoiahr0chm6ly9plwnhci0tc3rhz2luzy0tyy5zyw5kym94lnzmlmzvcmnllmnvbs9hcgv4l1jvc3rlck1hbmfnzw1lbnq%2fswq9mdaxmukwmdawmhv3rjhwin0sinn0yxrlijp7indzijoil2xpz2h0bmluzy9yl0fjy291bnqvmdaxmukwmdawmhv3rjhwuufvl3zpzxcifx0%3d</small> </font> </div>
<div class="test-event"> <font color="maroon"> <small> &emsp; &emsp;--- 16 Oct 11:00:50 027 - <b>1</b> - Page Load Wait: (Sync) - ICar.support.Utils.waitForPageLoad(Utils.java:109)</small> </font> </div>
<div class="test-event"> <font color="maroon"> <small> &emsp; &emsp;--- 16 Oct 11:01:05 379 - Catched spinner load exception due to Expected condition failed: waiting for ICar.support.WaitUtils$4@714addf7 (tried for 15 second(s) with 500 milliseconds interval)</small> </font> </div>
<div class="test-event"> <font color="maroon"> <small> &emsp; &emsp;--- 16 Oct 11:01:05 379 - <b>15</b> - Spinner Load Wait: (Sync) - ICar.support.WaitUtils.waitForSpinner(WaitUtils.java:225)</small> </font> </div>
<div class="test-event"> <font color="maroon"> <small> &emsp; &emsp;--- 16 Oct 11:01:07 091 - Page URL:: https://i-car--staging.sandbox.lightning.force.com/one/one.app#eyjjb21wb25lbnrezwyioijvbmu6ywxvagfqywdliiwiyxr0cmlidxrlcyi6eyjhzgryzxnzijoiahr0chm6ly9plwnhci0tc3rhz2luzy0tyy5zyw5kym94lnzmlmzvcmnllmnvbs9hcgv4l1jvc3rlck1hbmfnzw1lbnq%2fswq9mdaxmukwmdawmhv3rjhwin0sinn0yxrlijp7indzijoil2xpz2h0bmluzy9yl0fjy291bnqvmdaxmukwmdawmhv3rjhwuufvl3zpzxcifx0%3d</small> </font> </div>
<div class="test-event"> <font color="maroon"> <small> &emsp; &emsp;--- 16 Oct 11:01:07 092 - <b>1</b> - Page Load Wait: (Sync) - ICar.support.Utils.waitForPageLoad(Utils.java:109)</small> </font> </div>
<div class="test-message">&emsp;Exception occurred while fetching employement start date from account roster org.openqa.selenium.NoSuchElementException: no such element: Unable to locate element: {"method":"xpath","selector":"(//table[@class='slds-table slds-table_cell-buffer slds-table_bordered'])[last()]/tbody/tr/td[@data-label='sName']/div[@title='Carrasquillo, Steven']//parent::td//following-sibling::td[@data-label='startDate']/div/div/span"}
  (Session info: chrome=129.0.6668.101)
For documentation on this error, please visit: https://selenium.dev/exceptions/#no_such_element
Build info: version: '4.6.0', revision: '79f1c02ae20'
System info: os.name: 'Windows 10', os.arch: 'amd64', os.version: '10.0', java.version: '16.0.2'
Driver info: org.openqa.selenium.chrome.ChromeDriver
Command: [e7ac9b512388a5369d14137f707cf9a2, findElement {using=xpath, value=(//table[@class='slds-table slds-table_cell-buffer slds-table_bordered'])[last()]/tbody/tr/td[@data-label='sName']/div[@title='Carrasquillo, Steven']//parent::td//following-sibling::td[@data-label='startDate']/div/div/span}]
Capabilities {acceptInsecureCerts: false, browserName: chrome, browserVersion: 129.0.6668.101, chrome: {chromedriverVersion: 129.0.6668.58 (81a06fb873a9..., userDataDir: C:\Users\PRATHA~1.KUM\AppDa...}, fedcm:accounts: true, goog:chromeOptions: {debuggerAddress: localhost:55419}, networkConnectionEnabled: false, pageLoadStrategy: normal, platformName: WINDOWS, proxy: Proxy(), se:cdp: ws://localhost:55419/devtoo..., se:cdpVersion: 129.0.6668.101, setWindowRect: true, strictFileInteractability: false, timeouts: {implicit: 0, pageLoad: 300000, script: 30000}, unhandledPromptBehavior: dismiss and notify, webauthn:extension:credBlob: true, webauthn:extension:largeBlob: true, webauthn:extension:minPinLength: true, webauthn:extension:prf: true, webauthn:virtualAuthenticators: true}
Session ID: e7ac9b512388a5369d14137f707cf9a2</div>
<div class="test-event"> <font color="maroon"> <small> &emsp; &emsp;--- 16 Oct 11:01:08 842 - Page URL:: https://i-car--staging.sandbox.lightning.force.com/one/one.app#eyjjb21wb25lbnrezwyioijvbmu6ywxvagfqywdliiwiyxr0cmlidxrlcyi6eyjhzgryzxnzijoiahr0chm6ly9plwnhci0tc3rhz2luzy0tyy5zyw5kym94lnzmlmzvcmnllmnvbs9hcgv4l1jvc3rlck1hbmfnzw1lbnq%2fswq9mdaxmukwmdawmhv3rjhwin0sinn0yxrlijp7indzijoil2xpz2h0bmluzy9yl0fjy291bnqvmdaxmukwmdawmhv3rjhwuufvl3zpzxcifx0%3d</small> </font> </div>
<div class="test-event"> <font color="maroon"> <small> &emsp; &emsp;--- 16 Oct 11:01:08 842 - <b>1</b> - Page Load Wait: (Sync) - ICar.support.Utils.waitForPageLoad(Utils.java:109)</small> </font> </div>
<div class="test-event"> <font color="maroon"> <small> &emsp; &emsp;--- 16 Oct 11:01:15 655 - Page URL:: https://i-car--staging.sandbox.lightning.force.com/one/one.app#eyjjb21wb25lbnrezwyioijvbmu6ywxvagfqywdliiwiyxr0cmlidxrlcyi6eyjhzgryzxnzijoiahr0chm6ly9plwnhci0tc3rhz2luzy0tyy5zyw5kym94lnzmlmzvcmnllmnvbs9hcgv4l1jvc3rlck1hbmfnzw1lbnq%2fswq9mdaxmukwmdawmhv3rjhwin0sinn0yxrlijp7indzijoil2xpz2h0bmluzy9yl0fjy291bnqvmdaxmukwmdawmhv3rjhwuufvl3zpzxcifx0%3d</small> </font> </div>
<div class="test-event"> <font color="maroon"> <small> &emsp; &emsp;--- 16 Oct 11:01:15 655 - <b>1</b> - Page Load Wait: (Sync) - ICar.support.Utils.waitForPageLoad(Utils.java:109)</small> </font> </div>
<div class="test-message">&emsp;Close the tab</div>
<div class="test-event"> <font color="maroon"> <small> &emsp; &emsp;--- 16 Oct 11:01:22 602 - Page URL:: https://i-car--staging.sandbox.lightning.force.com/one/one.app#eyjjb21wb25lbnrezwyioijvbmu6ywxvagfqywdliiwiyxr0cmlidxrlcyi6eyjhzgryzxnzijoiahr0chm6ly9plwnhci0tc3rhz2luzy0tyy5zyw5kym94lnzmlmzvcmnllmnvbs9hcgv4l1jvc3rlck1hbmfnzw1lbnq%2fswq9mdaxmukwmdawmhv3rjhwin0sinn0yxrlijp7indzijoil2xpz2h0bmluzy9yl0fjy291bnqvmdaxmukwmdawmhv3rjhwuufvl3zpzxcifx0%3d</small> </font> </div>
<div class="test-event"> <font color="maroon"> <small> &emsp; &emsp;--- 16 Oct 11:01:22 602 - <b>1</b> - Page Load Wait: (Sync) - ICar.support.Utils.waitForPageLoad(Utils.java:109)</small> </font> </div>
<div class="test-event"> <font color="maroon"> <small> &emsp; &emsp;--- 16 Oct 11:01:29 405 - Page URL:: https://i-car--staging.sandbox.lightning.force.com/one/one.app#eyjjb21wb25lbnrezwyioijvbmu6ywxvagfqywdliiwiyxr0cmlidxrlcyi6eyjhzgryzxnzijoiahr0chm6ly9plwnhci0tc3rhz2luzy0tyy5zyw5kym94lnzmlmzvcmnllmnvbs9hcgv4l1jvc3rlck1hbmfnzw1lbnq%2fswq9mdaxmukwmdawmhv3rjhwin0sinn0yxrlijp7indzijoil2xpz2h0bmluzy9yl0fjy291bnqvmdaxmukwmdawmhv3rjhwuufvl3zpzxcifx0%3d</small> </font> </div>
<div class="test-event"> <font color="maroon"> <small> &emsp; &emsp;--- 16 Oct 11:01:29 405 - <b>1</b> - Page Load Wait: (Sync) - ICar.support.Utils.waitForPageLoad(Utils.java:109)</small> </font> </div>
<div class="test-message">&emsp;Close the tab</div>
<div class="test-event"> <font color="maroon"> <small> &emsp; &emsp;--- 16 Oct 11:01:36 624 - Page URL:: https://i-car--staging.sandbox.lightning.force.com/one/one.app#eyjjb21wb25lbnrezwyioijvbmu6ywxvagfqywdliiwiyxr0cmlidxrlcyi6eyjhzgryzxnzijoiahr0chm6ly9plwnhci0tc3rhz2luzy0tyy5zyw5kym94lnzmlmzvcmnllmnvbs9hcgv4l1jvc3rlck1hbmfnzw1lbnq%2fswq9mdaxmukwmdawmhv3rjhwin0sinn0yxrlijp7indzijoil2xpz2h0bmluzy9yl0fjy291bnqvmdaxmukwmdawmhv3rjhwuufvl3zpzxcifx0%3d</small> </font> </div>
<div class="test-event"> <font color="maroon"> <small> &emsp; &emsp;--- 16 Oct 11:01:36 624 - <b>1</b> - Page Load Wait: (Sync) - ICar.support.Utils.waitForPageLoad(Utils.java:109)</small> </font> </div>
<div class="test-event"> <font color="maroon"> <small> &emsp; &emsp;--- 16 Oct 11:01:36 671 - Element is displayed:: [[ChromeDriver: chrome on WINDOWS (e7ac9b512388a5369d14137f707cf9a2)] -> css selector: button[class*='search-button']]</small> </font> </div>
<div class="test-event"> <font color="maroon"> <small> &emsp; &emsp;--- 16 Oct 11:01:38 861 - Catched spinner load exception due to Expected condition failed: waiting for ICar.support.WaitUtils$4@714addf7 (tried for 2 second(s) with 500 milliseconds interval)</small> </font> </div>
<div class="test-event"> <font color="maroon"> <small> &emsp; &emsp;--- 16 Oct 11:01:38 861 - <b>2</b> - Spinner Load Wait: (Sync) - ICar.support.WaitUtils.waitForSpinner(WaitUtils.java:225)</small> </font> </div>
<div class="test-event"> <font color="maroon"> <small> &emsp; &emsp;--- 16 Oct 11:01:41 979 - Element is displayed:: [[ChromeDriver: chrome on WINDOWS (e7ac9b512388a5369d14137f707cf9a2)] -> css selector: button[class*='search-button']]</small> </font> </div>
<div class="test-event"> <font color="maroon"> <small> &emsp; &emsp;--- 16 Oct 11:01:44 028 - Page URL:: https://i-car--staging.sandbox.lightning.force.com/one/one.app#eyjjb21wb25lbnrezwyioijvbmu6ywxvagfqywdliiwiyxr0cmlidxrlcyi6eyjhzgryzxnzijoiahr0chm6ly9plwnhci0tc3rhz2luzy0tyy5zyw5kym94lnzmlmzvcmnllmnvbs9hcgv4l1jvc3rlck1hbmfnzw1lbnq%2fswq9mdaxmukwmdawmhv3rjhwin0sinn0yxrlijp7indzijoil2xpz2h0bmluzy9yl0fjy291bnqvmdaxmukwmdawmhv3rjhwuufvl3zpzxcifx0%3d</small> </font> </div>
<div class="test-event"> <font color="maroon"> <small> &emsp; &emsp;--- 16 Oct 11:01:44 028 - <b>1</b> - Page Load Wait: (Sync) - ICar.support.Utils.waitForPageLoad(Utils.java:109)</small> </font> </div>
<div class="test-event"> <font color="maroon"> <small> &emsp; &emsp;--- 16 Oct 11:02:04 185 - Catched spinner load exception due to Expected condition failed: waiting for ICar.support.WaitUtils$4@714addf7 (tried for 10 second(s) with 500 milliseconds interval)</small> </font> </div>
<div class="test-event"> <font color="maroon"> <small> &emsp; &emsp;--- 16 Oct 11:02:04 185 - <b>10</b> - Spinner Load Wait: (Sync) - ICar.support.WaitUtils.waitForSpinner(WaitUtils.java:225)</small> </font> </div>
<div class="test-event"> <font color="maroon"> <small> &emsp; &emsp;--- 16 Oct 11:02:05 716 - Page URL:: https://i-car--staging.sandbox.lightning.force.com/one/one.app#eyjjb21wb25lbnrezwyioijmb3jjzvnlyxjjadpzzwfyy2hqywdlrgvza3rvccisimf0dhjpynv0zxmionsidgvybsi6iji3njq0oteilcjzy29wzu1hcci6eyj0exblijoive9qx1jfu1vmvfmilcjuyw1lc3bhy2uioiiilcjsywjlbci6ilrvccbszxn1bhrziiwibgfizwxqbhvyywwioijub3agumvzdwx0cyisinjlc3vsdhndbxaioijmb3jjzvnlyxjjadpwcmvkawn0zwrszxn1bhrzin0simnvbnrlehqionsirklmvevsuyi6e30sinnlyxjjafnvdxjjzsi6ikftu0ltvefovf9esufmt0cilcjkaxnhymxlsw50zw50uxvlcnkiomzhbhnllcjkaxnhymxlu3blbgxdb3jyzwn0aw9uijpmywxzzswic2vhcmnorglhbg9nu2vzc2lvbklkijoinmfmyzq2zwytmjgwys0zmjuwltq3odetyzlmzmizm2eznwu0iiwizgvidwdjbmzvijp7imfwce5hbwuioijjq2fyx1nlcnzpy2vfq29uc29szsisimfwcfr5cguioijdb25zb2xliiwiyxbwtmftzxnwywnlijoiyyisimxvy2f0aw9uijoib25lomfsb2hhugfnzsj9fswiz3jvdxbjzci6ikrfrkfvtfqifswic3rhdguiont9fq%3d%3d</small> </font> </div>
<div class="test-event"> <font color="maroon"> <small> &emsp; &emsp;--- 16 Oct 11:02:05 716 - <b>1</b> - Page Load Wait: (Sync) - ICar.support.Utils.waitForPageLoad(Utils.java:109)</small> </font> </div>
<div class="test-event"> <font color="maroon"> <small> &emsp; &emsp;--- 16 Oct 11:02:17 159 - Catched spinner load exception due to Expected condition failed: waiting for ICar.support.WaitUtils$4@714addf7 (tried for 11 second(s) with 500 milliseconds interval)</small> </font> </div>
<div class="test-event"> <font color="maroon"> <small> &emsp; &emsp;--- 16 Oct 11:02:17 159 - <b>11</b> - Spinner Load Wait: (Sync) - ICar.support.WaitUtils.waitForSpinner(WaitUtils.java:225)</small> </font> </div>
<div class="test-event"> <font color="maroon"> <small> &emsp; &emsp;--- 16 Oct 11:02:18 546 - Page URL:: https://i-car--staging.sandbox.lightning.force.com/one/one.app#eyjjb21wb25lbnrezwyioijmb3jjzvnlyxjjadpzzwfyy2hqywdlrgvza3rvccisimf0dhjpynv0zxmionsidgvybsi6iji3njq0oteilcjzy29wzu1hcci6eyj0exblijoive9qx1jfu1vmvfmilcjuyw1lc3bhy2uioiiilcjsywjlbci6ilrvccbszxn1bhrziiwibgfizwxqbhvyywwioijub3agumvzdwx0cyisinjlc3vsdhndbxaioijmb3jjzvnlyxjjadpwcmvkawn0zwrszxn1bhrzin0simnvbnrlehqionsirklmvevsuyi6e30sinnlyxjjafnvdxjjzsi6ikftu0ltvefovf9esufmt0cilcjkaxnhymxlsw50zw50uxvlcnkiomzhbhnllcjkaxnhymxlu3blbgxdb3jyzwn0aw9uijpmywxzzswic2vhcmnorglhbg9nu2vzc2lvbklkijoinmfmyzq2zwytmjgwys0zmjuwltq3odetyzlmzmizm2eznwu0iiwizgvidwdjbmzvijp7imfwce5hbwuioijjq2fyx1nlcnzpy2vfq29uc29szsisimfwcfr5cguioijdb25zb2xliiwiyxbwtmftzxnwywnlijoiyyisimxvy2f0aw9uijoib25lomfsb2hhugfnzsj9fswiz3jvdxbjzci6ikrfrkfvtfqifswic3rhdguiont9fq%3d%3d</small> </font> </div>
<div class="test-event"> <font color="maroon"> <small> &emsp; &emsp;--- 16 Oct 11:02:18 546 - <b>1</b> - Page Load Wait: (Sync) - ICar.support.Utils.waitForPageLoad(Utils.java:109)</small> </font> </div>
<div class="test-event"> <font color="maroon"> <small> &emsp; &emsp;--- 16 Oct 11:02:18 637 - Element is displayed:: [[ChromeDriver: chrome on WINDOWS (e7ac9b512388a5369d14137f707cf9a2)] -> xpath: //a[@title='Top Results']//span[text()='Top Results']]</small> </font> </div>
<div class="test-event"> <font color="maroon"> <small> &emsp; &emsp;--- 16 Oct 11:02:20 047 - Page URL:: https://i-car--staging.sandbox.lightning.force.com/one/one.app#eyjjb21wb25lbnrezwyioijmb3jjzvnlyxjjadpzzwfyy2hqywdlrgvza3rvccisimf0dhjpynv0zxmionsidgvybsi6iji3njq0oteilcjzy29wzu1hcci6eyj0exblijoive9qx1jfu1vmvfmilcjuyw1lc3bhy2uioiiilcjsywjlbci6ilrvccbszxn1bhrziiwibgfizwxqbhvyywwioijub3agumvzdwx0cyisinjlc3vsdhndbxaioijmb3jjzvnlyxjjadpwcmvkawn0zwrszxn1bhrzin0simnvbnrlehqionsirklmvevsuyi6e30sinnlyxjjafnvdxjjzsi6ikftu0ltvefovf9esufmt0cilcjkaxnhymxlsw50zw50uxvlcnkiomzhbhnllcjkaxnhymxlu3blbgxdb3jyzwn0aw9uijpmywxzzswic2vhcmnorglhbg9nu2vzc2lvbklkijoinmfmyzq2zwytmjgwys0zmjuwltq3odetyzlmzmizm2eznwu0iiwizgvidwdjbmzvijp7imfwce5hbwuioijjq2fyx1nlcnzpy2vfq29uc29szsisimfwcfr5cguioijdb25zb2xliiwiyxbwtmftzxnwywnlijoiyyisimxvy2f0aw9uijoib25lomfsb2hhugfnzsj9fswiz3jvdxbjzci6ikrfrkfvtfqifswic3rhdguiont9fq%3d%3d</small> </font> </div>
<div class="test-event"> <font color="maroon"> <small> &emsp; &emsp;--- 16 Oct 11:02:20 047 - <b>1</b> - Page Load Wait: (Sync) - ICar.support.Utils.waitForPageLoad(Utils.java:109)</small> </font> </div>
<div class="test-event"> <font color="maroon"> <small> &emsp; &emsp;--- 16 Oct 11:02:25 295 - Catched spinner load exception due to Expected condition failed: waiting for ICar.support.WaitUtils$4@714addf7 (tried for 5 second(s) with 500 milliseconds interval)</small> </font> </div>
<div class="test-event"> <font color="maroon"> <small> &emsp; &emsp;--- 16 Oct 11:02:25 295 - <b>5</b> - Spinner Load Wait: (Sync) - ICar.support.WaitUtils.waitForSpinner(WaitUtils.java:225)</small> </font> </div>
<div class="test-event"> <font color="maroon"> <small> &emsp; &emsp;--- 16 Oct 11:02:26 578 - Page URL:: https://i-car--staging.sandbox.lightning.force.com/one/one.app#eyjjb21wb25lbnrezwyioijmb3jjzvnlyxjjadpzzwfyy2hqywdlrgvza3rvccisimf0dhjpynv0zxmionsidgvybsi6iji3njq0oteilcjzy29wzu1hcci6eyj0exblijoive9qx1jfu1vmvfmilcjuyw1lc3bhy2uioiiilcjsywjlbci6ilrvccbszxn1bhrziiwibgfizwxqbhvyywwioijub3agumvzdwx0cyisinjlc3vsdhndbxaioijmb3jjzvnlyxjjadpwcmvkawn0zwrszxn1bhrzin0simnvbnrlehqionsirklmvevsuyi6e30sinnlyxjjafnvdxjjzsi6ikftu0ltvefovf9esufmt0cilcjkaxnhymxlsw50zw50uxvlcnkiomzhbhnllcjkaxnhymxlu3blbgxdb3jyzwn0aw9uijpmywxzzswic2vhcmnorglhbg9nu2vzc2lvbklkijoinmfmyzq2zwytmjgwys0zmjuwltq3odetyzlmzmizm2eznwu0iiwizgvidwdjbmzvijp7imfwce5hbwuioijjq2fyx1nlcnzpy2vfq29uc29szsisimfwcfr5cguioijdb25zb2xliiwiyxbwtmftzxnwywnlijoiyyisimxvy2f0aw9uijoib25lomfsb2hhugfnzsj9fswiz3jvdxbjzci6ikrfrkfvtfqifswic3rhdguiont9fq%3d%3d</small> </font> </div>
<div class="test-event"> <font color="maroon"> <small> &emsp; &emsp;--- 16 Oct 11:02:26 578 - <b>1</b> - Page Load Wait: (Sync) - ICar.support.Utils.waitForPageLoad(Utils.java:109)</small> </font> </div>
<div class="test-event"> <font color="maroon"> <small> &emsp; &emsp;--- 16 Oct 11:02:27 969 - Page URL:: https://i-car--staging.sandbox.lightning.force.com/one/one.app#eyjjb21wb25lbnrezwyioijmb3jjzvnlyxjjadpzzwfyy2hqywdlrgvza3rvccisimf0dhjpynv0zxmionsidgvybsi6iji3njq0oteilcjzy29wzu1hcci6eyj0exblijoive9qx1jfu1vmvfmilcjuyw1lc3bhy2uioiiilcjsywjlbci6ilrvccbszxn1bhrziiwibgfizwxqbhvyywwioijub3agumvzdwx0cyisinjlc3vsdhndbxaioijmb3jjzvnlyxjjadpwcmvkawn0zwrszxn1bhrzin0simnvbnrlehqionsirklmvevsuyi6e30sinnlyxjjafnvdxjjzsi6ikftu0ltvefovf9esufmt0cilcjkaxnhymxlsw50zw50uxvlcnkiomzhbhnllcjkaxnhymxlu3blbgxdb3jyzwn0aw9uijpmywxzzswic2vhcmnorglhbg9nu2vzc2lvbklkijoinmfmyzq2zwytmjgwys0zmjuwltq3odetyzlmzmizm2eznwu0iiwizgvidwdjbmzvijp7imfwce5hbwuioijjq2fyx1nlcnzpy2vfq29uc29szsisimfwcfr5cguioijdb25zb2xliiwiyxbwtmftzxnwywnlijoiyyisimxvy2f0aw9uijoib25lomfsb2hhugfnzsj9fswiz3jvdxbjzci6ikrfrkfvtfqifswic3rhdguiont9fq%3d%3d</small> </font> </div>
<div class="test-event"> <font color="maroon"> <small> &emsp; &emsp;--- 16 Oct 11:02:27 969 - <b>1</b> - Page Load Wait: (Sync) - ICar.support.Utils.waitForPageLoad(Utils.java:109)</small> </font> </div>
<div class="test-event"> <font color="maroon"> <small> &emsp; &emsp;--- 16 Oct 11:02:29 291 - Page URL:: https://i-car--staging.sandbox.lightning.force.com/one/one.app#eyjjb21wb25lbnrezwyioijmb3jjzvnlyxjjadpzzwfyy2hqywdlrgvza3rvccisimf0dhjpynv0zxmionsidgvybsi6iji3njq0oteilcjzy29wzu1hcci6eyj0exblijoive9qx1jfu1vmvfmilcjuyw1lc3bhy2uioiiilcjsywjlbci6ilrvccbszxn1bhrziiwibgfizwxqbhvyywwioijub3agumvzdwx0cyisinjlc3vsdhndbxaioijmb3jjzvnlyxjjadpwcmvkawn0zwrszxn1bhrzin0simnvbnrlehqionsirklmvevsuyi6e30sinnlyxjjafnvdxjjzsi6ikftu0ltvefovf9esufmt0cilcjkaxnhymxlsw50zw50uxvlcnkiomzhbhnllcjkaxnhymxlu3blbgxdb3jyzwn0aw9uijpmywxzzswic2vhcmnorglhbg9nu2vzc2lvbklkijoinmfmyzq2zwytmjgwys0zmjuwltq3odetyzlmzmizm2eznwu0iiwizgvidwdjbmzvijp7imfwce5hbwuioijjq2fyx1nlcnzpy2vfq29uc29szsisimfwcfr5cguioijdb25zb2xliiwiyxbwtmftzxnwywnlijoiyyisimxvy2f0aw9uijoib25lomfsb2hhugfnzsj9fswiz3jvdxbjzci6ikrfrkfvtfqifswic3rhdguiont9fq%3d%3d</small> </font> </div>
<div class="test-event"> <font color="maroon"> <small> &emsp; &emsp;--- 16 Oct 11:02:29 291 - <b>1</b> - Page Load Wait: (Sync) - ICar.support.Utils.waitForPageLoad(Utils.java:109)</small> </font> </div>
<div class="test-event"> <font color="maroon"> <small> &emsp; &emsp;--- 16 Oct 11:02:37 683 - Catched spinner load exception due to Expected condition failed: waiting for ICar.support.WaitUtils$4@714addf7 (tried for 8 second(s) with 500 milliseconds interval)</small> </font> </div>
<div class="test-event"> <font color="maroon"> <small> &emsp; &emsp;--- 16 Oct 11:02:37 683 - <b>8</b> - Spinner Load Wait: (Sync) - ICar.support.WaitUtils.waitForSpinner(WaitUtils.java:225)</small> </font> </div>
<div class="test-event"> <font color="maroon"> <small> &emsp; &emsp;--- 16 Oct 11:02:39 024 - Page URL:: https://i-car--staging.sandbox.lightning.force.com/one/one.app#eyjjb21wb25lbnrezwyioijmb3jjzvnlyxjjadpzzwfyy2hqywdlrgvza3rvccisimf0dhjpynv0zxmionsidgvybsi6iji3njq0oteilcjzy29wzu1hcci6eyj0exblijoive9qx1jfu1vmvfmilcjuyw1lc3bhy2uioiiilcjsywjlbci6ilrvccbszxn1bhrziiwibgfizwxqbhvyywwioijub3agumvzdwx0cyisinjlc3vsdhndbxaioijmb3jjzvnlyxjjadpwcmvkawn0zwrszxn1bhrzin0simnvbnrlehqionsirklmvevsuyi6e30sinnlyxjjafnvdxjjzsi6ikftu0ltvefovf9esufmt0cilcjkaxnhymxlsw50zw50uxvlcnkiomzhbhnllcjkaxnhymxlu3blbgxdb3jyzwn0aw9uijpmywxzzswic2vhcmnorglhbg9nu2vzc2lvbklkijoinmfmyzq2zwytmjgwys0zmjuwltq3odetyzlmzmizm2eznwu0iiwizgvidwdjbmzvijp7imfwce5hbwuioijjq2fyx1nlcnzpy2vfq29uc29szsisimfwcfr5cguioijdb25zb2xliiwiyxbwtmftzxnwywnlijoiyyisimxvy2f0aw9uijoib25lomfsb2hhugfnzsj9fswiz3jvdxbjzci6ikrfrkfvtfqifswic3rhdguiont9fq%3d%3d</small> </font> </div>
<div class="test-event"> <font color="maroon"> <small> &emsp; &emsp;--- 16 Oct 11:02:39 024 - <b>1</b> - Page Load Wait: (Sync) - ICar.support.Utils.waitForPageLoad(Utils.java:109)</small> </font> </div>
<div class="test-event"> <font color="maroon"> <small> &emsp; &emsp;--- 16 Oct 11:02:41 204 - Element is displayed:: [[ChromeDriver: chrome on WINDOWS (e7ac9b512388a5369d14137f707cf9a2)] -> xpath: //div[contains(@class,'forceSearchResultsRegion')]//div[contains(@class,'resultsMultiWrapper')]/div/div[1]//following::h2//a]</small> </font> </div>
<div class="test-event"> <font color="maroon"> <small> &emsp; &emsp;--- 16 Oct 11:02:41 638 - Element is displayed:: [[ChromeDriver: chrome on WINDOWS (e7ac9b512388a5369d14137f707cf9a2)] -> xpath: //a[text()='Contacts']]</small> </font> </div>
<div class="test-event"> <font color="maroon"> <small> &emsp; &emsp;--- 16 Oct 11:02:46 005 - Element is displayed:: [[ChromeDriver: chrome on WINDOWS (e7ac9b512388a5369d14137f707cf9a2)] -> xpath: //div[text()='Contacts']//following :: table//tbody//th//span /a]</small> </font> </div>
<div class="test-event"> <font color="maroon"> <small> &emsp; &emsp;--- 16 Oct 11:02:47 403 - Page URL:: https://i-car--staging.sandbox.lightning.force.com/one/one.app#eyjjb21wb25lbnrezwyioijmb3jjzvnlyxjjadpzzwfyy2hqywdlrgvza3rvccisimf0dhjpynv0zxmionsidgvybsi6iji3njq0oteilcjzy29wzu1hcci6eyj0exblijoive9qx1jfu1vmvfmilcjuyw1lc3bhy2uioiiilcjsywjlbci6ilrvccbszxn1bhrziiwibgfizwxqbhvyywwioijub3agumvzdwx0cyisinjlc3vsdhndbxaioijmb3jjzvnlyxjjadpwcmvkawn0zwrszxn1bhrzin0simnvbnrlehqionsirklmvevsuyi6e30sinnlyxjjafnvdxjjzsi6ikftu0ltvefovf9esufmt0cilcjkaxnhymxlsw50zw50uxvlcnkiomzhbhnllcjkaxnhymxlu3blbgxdb3jyzwn0aw9uijpmywxzzswic2vhcmnorglhbg9nu2vzc2lvbklkijoinmfmyzq2zwytmjgwys0zmjuwltq3odetyzlmzmizm2eznwu0iiwizgvidwdjbmzvijp7imfwce5hbwuioijjq2fyx1nlcnzpy2vfq29uc29szsisimfwcfr5cguioijdb25zb2xliiwiyxbwtmftzxnwywnlijoiyyisimxvy2f0aw9uijoib25lomfsb2hhugfnzsj9fswiz3jvdxbjzci6ikrfrkfvtfqifswic3rhdguiont9fq%3d%3d</small> </font> </div>
<div class="test-event"> <font color="maroon"> <small> &emsp; &emsp;--- 16 Oct 11:02:47 404 - <b>1</b> - Page Load Wait: (Sync) - ICar.support.Utils.waitForPageLoad(Utils.java:109)</small> </font> </div>
<div class="test-event"> <font color="maroon"> <small> &emsp; &emsp;--- 16 Oct 11:03:05 763 - Catched spinner load exception due to Expected condition failed: waiting for ICar.support.WaitUtils$4@714addf7 (tried for 18 second(s) with 500 milliseconds interval)</small> </font> </div>
<div class="test-event"> <font color="maroon"> <small> &emsp; &emsp;--- 16 Oct 11:03:05 763 - <b>18</b> - Spinner Load Wait: (Sync) - ICar.support.WaitUtils.waitForSpinner(WaitUtils.java:225)</small> </font> </div>
<div class="test-event"> <font color="maroon"> <small> &emsp; &emsp;--- 16 Oct 11:03:07 123 - Page URL:: https://i-car--staging.sandbox.lightning.force.com/lightning/r/contact/0031i00000nuey0qam/view</small> </font> </div>
<div class="test-event"> <font color="maroon"> <small> &emsp; &emsp;--- 16 Oct 11:03:07 123 - <b>1</b> - Page Load Wait: (Sync) - ICar.support.Utils.waitForPageLoad(Utils.java:109)</small> </font> </div>
<div class="test-event"> <font color="maroon"> <small> &emsp; &emsp;--- 16 Oct 11:03:08 807 - Page URL:: https://i-car--staging.sandbox.lightning.force.com/lightning/r/contact/0031i00000nuey0qam/view</small> </font> </div>
<div class="test-event"> <font color="maroon"> <small> &emsp; &emsp;--- 16 Oct 11:03:08 808 - <b>1</b> - Page Load Wait: (Sync) - ICar.support.Utils.waitForPageLoad(Utils.java:109)</small> </font> </div>
<div class="test-event"> <font color="maroon"> <small> &emsp; &emsp;--- 16 Oct 11:03:09 877 - Catched spinner load exception due to Expected condition failed: waiting for ICar.support.WaitUtils$4@714addf7 (tried for 1 second(s) with 500 milliseconds interval)</small> </font> </div>
<div class="test-event"> <font color="maroon"> <small> &emsp; &emsp;--- 16 Oct 11:03:09 877 - <b>1</b> - Spinner Load Wait: (Sync) - ICar.support.WaitUtils.waitForSpinner(WaitUtils.java:225)</small> </font> </div>
<div class="test-event"> <font color="maroon"> <small> &emsp; &emsp;--- 16 Oct 11:03:11 270 - Page URL:: https://i-car--staging.sandbox.lightning.force.com/lightning/r/contact/0031i00000nuey0qam/view</small> </font> </div>
<div class="test-event"> <font color="maroon"> <small> &emsp; &emsp;--- 16 Oct 11:03:11 270 - <b>1</b> - Page Load Wait: (Sync) - ICar.support.Utils.waitForPageLoad(Utils.java:109)</small> </font> </div>
<div class="test-event"> <font color="maroon"> <small> &emsp; &emsp;--- 16 Oct 11:03:27 717 - Page URL:: https://i-car--staging.sandbox.lightning.force.com/lightning/r/contact/0031i00000nuey0qam/view</small> </font> </div>
<div class="test-event"> <font color="maroon"> <small> &emsp; &emsp;--- 16 Oct 11:03:27 717 - <b>1</b> - Page Load Wait: (Sync) - ICar.support.Utils.waitForPageLoad(Utils.java:109)</small> </font> </div>
<!--FAIL-->
<div class="test-result"><br><font color="red"><strong> Index 0 out of bounds for length 0 </strong></font> <a href=".\ScreenShot\ICar_BAM640_TC05_44178359598500.png" target="_blank" >[ScreenShot]</a></div>&emsp;
&emsp;<div class="test-title"> <strong><font size = "3" color = "#0000FF">---Test Execution Ends---</font> </strong> </div>&emsp;
<div class="test-event"> <font color="maroon"> <small> &emsp; &emsp;--- 16 Oct 11:03:31 785 - TestCaseID:: ICar_BAM642_TC04</small> </font> </div>
<div class="test-event"> <font color="maroon"> <small> &emsp; &emsp;--- 16 Oct 11:03:32 931 - <b>1</b> - Driver::initialize::Get - ICar.support.WebDriverFactory.getDriver(WebDriverFactory.java:640)</small> </font> </div>
&emsp;<div class="test-title"> <strong><font size = "3" color = "#000080">Validate that "Required" label is removed in the GC status report</font> </strong> </div>&emsp;<div><strong>Steps:</strong></div><!-- Report -->&emsp;
<div class="test-event"> <font color="maroon"> <small> &emsp; &emsp;--- 16 Oct 11:03:39 293 - Page URL:: https://i-car--staging.sandbox.my.salesforce.com/</small> </font> </div>
<div class="test-event"> <font color="maroon"> <small> &emsp; &emsp;--- 16 Oct 11:03:39 293 - <b>0</b> - Page Load Wait: (Sync) - ICar.support.Utils.waitForPageLoad(Utils.java:109)</small> </font> </div>
<div class="test-message">&emsp;Successfully navigated to 'Login' Page</div>
<div class="test-message">&emsp;1. Login page is launched.</div>
<div class="test-event"> <font color="maroon"> <small> &emsp; &emsp;--- 16 Oct 11:03:39 343 - Element is displayed:: [[ChromeDriver: chrome on WINDOWS (bd1f43eed00817b077ab3a404c610441)] -> id: username]</small> </font> </div>
<div class="test-event"> <font color="maroon"> <small> &emsp; &emsp;--- 16 Oct 11:03:39 399 - Element is displayed:: [[ChromeDriver: chrome on WINDOWS (bd1f43eed00817b077ab3a404c610441)] -> id: username]</small> </font> </div>
<div class="test-event"> <font color="maroon"> <small> &emsp; &emsp;--- 16 Oct 11:03:39 625 - Element is displayed:: [[ChromeDriver: chrome on WINDOWS (bd1f43eed00817b077ab3a404c610441)] -> id: password]</small> </font> </div>
<div class="test-event"> <font color="maroon"> <small> &emsp; &emsp;--- 16 Oct 11:03:39 801 - Element is displayed:: [[ChromeDriver: chrome on WINDOWS (bd1f43eed00817b077ab3a404c610441)] -> id: Login]</small> </font> </div>
<div class="test-event"> <font color="maroon"> <small> &emsp; &emsp;--- 16 Oct 11:04:05 362 - Catched spinner load exception due to Expected condition failed: waiting for ICar.support.WaitUtils$4@714addf7 (tried for 13 second(s) with 500 milliseconds interval)</small> </font> </div>
<div class="test-event"> <font color="maroon"> <small> &emsp; &emsp;--- 16 Oct 11:04:05 362 - <b>13</b> - Spinner Load Wait: (Sync) - ICar.support.WaitUtils.waitForSpinner(WaitUtils.java:225)</small> </font> </div>
<div class="test-event"> <font color="maroon"> <small> &emsp; &emsp;--- 16 Oct 11:04:23 363 - Catched spinner load exception due to Expected condition failed: waiting for ICar.support.WaitUtils$4@714addf7 (tried for 6 second(s) with 500 milliseconds interval)</small> </font> </div>
<div class="test-event"> <font color="maroon"> <small> &emsp; &emsp;--- 16 Oct 11:04:23 364 - <b>6</b> - Spinner Load Wait: (Sync) - ICar.support.WaitUtils.waitForSpinner(WaitUtils.java:225)</small> </font> </div>
<div class="test-event"> <font color="maroon"> <small> &emsp; &emsp;--- 16 Oct 11:04:23 441 - Element is displayed:: [[ChromeDriver: chrome on WINDOWS (bd1f43eed00817b077ab3a404c610441)] -> css selector: button[class*='search-button']]</small> </font> </div>
<div class="test-message">&emsp;2. Navigate to 'SalesForce Page'</div>
<div class="test-event"> <font color="maroon"> <small> &emsp; &emsp;--- 16 Oct 11:04:24 772 - Page URL:: https://i-car--staging.sandbox.lightning.force.com/one/one.app#eyjjb21wb25lbnrezwyioijvbmu6ywxvagfqywdliiwiyxr0cmlidxrlcyi6eyjhzgryzxnzijoiahr0chm6ly9plwnhci0tc3rhz2luzy0tyy5zyw5kym94lnzmlmzvcmnllmnvbs9hcgv4l1jvc3rlck1hbmfnzw1lbnq%2fswq9mdaxmukwmdawmudhohf1in0sinn0yxrlijp7indzijoil2xpz2h0bmluzy9yl0fjy291bnqvmdaxmukwmdawmudhohf1uufcl3zpzxcifx0%3d</small> </font> </div>
<div class="test-event"> <font color="maroon"> <small> &emsp; &emsp;--- 16 Oct 11:04:24 772 - <b>1</b> - Page Load Wait: (Sync) - ICar.support.Utils.waitForPageLoad(Utils.java:109)</small> </font> </div>
<div class="test-event"> <font color="maroon"> <small> &emsp; &emsp;--- 16 Oct 11:04:31 160 - Page URL:: https://i-car--staging.sandbox.lightning.force.com/one/one.app#eyjjb21wb25lbnrezwyioijvbmu6ywxvagfqywdliiwiyxr0cmlidxrlcyi6eyjhzgryzxnzijoiahr0chm6ly9plwnhci0tc3rhz2luzy0tyy5zyw5kym94lnzmlmzvcmnllmnvbs9hcgv4l1jvc3rlck1hbmfnzw1lbnq%2fswq9mdaxmukwmdawmudhohf1in0sinn0yxrlijp7indzijoil2xpz2h0bmluzy9yl0fjy291bnqvmdaxmukwmdawmudhohf1uufcl3zpzxcifx0%3d</small> </font> </div>
<div class="test-event"> <font color="maroon"> <small> &emsp; &emsp;--- 16 Oct 11:04:31 160 - <b>1</b> - Page Load Wait: (Sync) - ICar.support.Utils.waitForPageLoad(Utils.java:109)</small> </font> </div>
<div class="test-message">&emsp;Successfully navigated to 'Login' Page</div>
<div class="test-message">&emsp;3. Enter the user credentials as : icaradminautomation3@i-car.com.staging</div>
<div class="test-message">&emsp;4. Enter the Icar id as : 2969674</div>
<div class="test-event"> <font color="maroon"> <small> &emsp; &emsp;--- 16 Oct 11:04:36 571 - Page URL:: https://i-car--staging.sandbox.lightning.force.com/one/one.app#eyjjb21wb25lbnrezwyioijvbmu6ywxvagfqywdliiwiyxr0cmlidxrlcyi6eyjhzgryzxnzijoiahr0chm6ly9plwnhci0tc3rhz2luzy0tyy5zyw5kym94lnzmlmzvcmnllmnvbs9hcgv4l1jvc3rlck1hbmfnzw1lbnq%2fswq9mdaxmukwmdawmudhohf1in0sinn0yxrlijp7indzijoil2xpz2h0bmluzy9yl0fjy291bnqvmdaxmukwmdawmudhohf1uufcl3zpzxcifx0%3d</small> </font> </div>
<div class="test-event"> <font color="maroon"> <small> &emsp; &emsp;--- 16 Oct 11:04:36 571 - <b>1</b> - Page Load Wait: (Sync) - ICar.support.Utils.waitForPageLoad(Utils.java:109)</small> </font> </div>
<div class="test-event"> <font color="maroon"> <small> &emsp; &emsp;--- 16 Oct 11:04:41 962 - Page URL:: https://i-car--staging.sandbox.lightning.force.com/lightning/o/account/list?filtername=accounts</small> </font> </div>
<div class="test-event"> <font color="maroon"> <small> &emsp; &emsp;--- 16 Oct 11:04:41 962 - <b>0</b> - Page Load Wait: (Sync) - ICar.support.Utils.waitForPageLoad(Utils.java:109)</small> </font> </div>
<div class="test-message">&emsp;Close the tab</div>
<div class="test-event"> <font color="maroon"> <small> &emsp; &emsp;--- 16 Oct 11:04:47 590 - Page URL:: https://i-car--staging.sandbox.lightning.force.com/lightning/o/account/list?filtername=accounts</small> </font> </div>
<div class="test-event"> <font color="maroon"> <small> &emsp; &emsp;--- 16 Oct 11:04:47 590 - <b>0</b> - Page Load Wait: (Sync) - ICar.support.Utils.waitForPageLoad(Utils.java:109)</small> </font> </div>
<div class="test-event"> <font color="maroon"> <small> &emsp; &emsp;--- 16 Oct 11:04:47 625 - Element is displayed:: [[ChromeDriver: chrome on WINDOWS (bd1f43eed00817b077ab3a404c610441)] -> css selector: button[class*='search-button']]</small> </font> </div>
<div class="test-event"> <font color="maroon"> <small> &emsp; &emsp;--- 16 Oct 11:04:49 715 - Catched spinner load exception due to Expected condition failed: waiting for ICar.support.WaitUtils$4@714addf7 (tried for 2 second(s) with 500 milliseconds interval)</small> </font> </div>
<div class="test-event"> <font color="maroon"> <small> &emsp; &emsp;--- 16 Oct 11:04:49 715 - <b>2</b> - Spinner Load Wait: (Sync) - ICar.support.WaitUtils.waitForSpinner(WaitUtils.java:225)</small> </font> </div>
<div class="test-event"> <font color="maroon"> <small> &emsp; &emsp;--- 16 Oct 11:04:52 774 - Element is displayed:: [[ChromeDriver: chrome on WINDOWS (bd1f43eed00817b077ab3a404c610441)] -> css selector: button[class*='search-button']]</small> </font> </div>
<div class="test-event"> <font color="maroon"> <small> &emsp; &emsp;--- 16 Oct 11:04:53 346 - Page URL:: https://i-car--staging.sandbox.lightning.force.com/lightning/o/account/list?filtername=accounts</small> </font> </div>
<div class="test-event"> <font color="maroon"> <small> &emsp; &emsp;--- 16 Oct 11:04:53 346 - <b>0</b> - Page Load Wait: (Sync) - ICar.support.Utils.waitForPageLoad(Utils.java:109)</small> </font> </div>
<div class="test-event"> <font color="maroon"> <small> &emsp; &emsp;--- 16 Oct 11:05:13 152 - Catched spinner load exception due to Expected condition failed: waiting for ICar.support.WaitUtils$4@714addf7 (tried for 10 second(s) with 500 milliseconds interval)</small> </font> </div>
<div class="test-event"> <font color="maroon"> <small> &emsp; &emsp;--- 16 Oct 11:05:13 152 - <b>10</b> - Spinner Load Wait: (Sync) - ICar.support.WaitUtils.waitForSpinner(WaitUtils.java:225)</small> </font> </div>
<div class="test-event"> <font color="maroon"> <small> &emsp; &emsp;--- 16 Oct 11:05:14 349 - Page URL:: https://i-car--staging.sandbox.lightning.force.com/one/one.app#eyjjb21wb25lbnrezwyioijmb3jjzvnlyxjjadpzzwfyy2hqywdlrgvza3rvccisimf0dhjpynv0zxmionsidgvybsi6ik91cmlzbwfuienozxzyb2xldcbvzibcb3dpzsisinnjb3bltwfwijp7inr5cguioijut1bfukvtvuxuuyisim5hbwvzcgfjzsi6iiisimxhymvsijoivg9wifjlc3vsdhmilcjsywjlbfbsdxjhbci6ilrvccbszxn1bhrziiwicmvzdwx0c0ntcci6imzvcmnlu2vhcmnoonbyzwrpy3rlzfjlc3vsdhmifswiy29udgv4dci6eyjgsuxurvjtijp7fswic2vhcmnou291cmnlijoiqvntsvnuqu5ux0rjquxpryisimrpc2fibgvjbnrlbnrrdwvyesi6zmfsc2usimrpc2fibgvtcgvsbenvcnjly3rpb24iomzhbhnllcjzzwfyy2heawfsb2dtzxnzaw9uswqioijkmde4owq4zs1lzwzkltg4odktzjmyos0znjvjmzhjzgmwmwqilcjkzwj1z0luzm8ionsiyxbwtmftzsi6ikldyxjfu2vydmljzv9db25zb2xliiwiyxbwvhlwzsi6iknvbnnvbguilcjhchboyw1lc3bhy2uioijjiiwibg9jyxrpb24ioijmb3jjztpvymply3rib21lrgvza3rvccisinnvymply3ruexblijoiqwnjb3vudcj9fswiz3jvdxbjzci6ikrfrkfvtfqifswic3rhdguiont9fq%3d%3d</small> </font> </div>
<div class="test-event"> <font color="maroon"> <small> &emsp; &emsp;--- 16 Oct 11:05:14 349 - <b>1</b> - Page Load Wait: (Sync) - ICar.support.Utils.waitForPageLoad(Utils.java:109)</small> </font> </div>
<div class="test-event"> <font color="maroon"> <small> &emsp; &emsp;--- 16 Oct 11:05:25 361 - Catched spinner load exception due to Expected condition failed: waiting for ICar.support.WaitUtils$4@714addf7 (tried for 11 second(s) with 500 milliseconds interval)</small> </font> </div>
<div class="test-event"> <font color="maroon"> <small> &emsp; &emsp;--- 16 Oct 11:05:25 361 - <b>11</b> - Spinner Load Wait: (Sync) - ICar.support.WaitUtils.waitForSpinner(WaitUtils.java:225)</small> </font> </div>
<div class="test-event"> <font color="maroon"> <small> &emsp; &emsp;--- 16 Oct 11:05:26 463 - Page URL:: https://i-car--staging.sandbox.lightning.force.com/one/one.app#eyjjb21wb25lbnrezwyioijmb3jjzvnlyxjjadpzzwfyy2hqywdlrgvza3rvccisimf0dhjpynv0zxmionsidgvybsi6ik91cmlzbwfuienozxzyb2xldcbvzibcb3dpzsisinnjb3bltwfwijp7inr5cguioijut1bfukvtvuxuuyisim5hbwvzcgfjzsi6iiisimxhymvsijoivg9wifjlc3vsdhmilcjsywjlbfbsdxjhbci6ilrvccbszxn1bhrziiwicmvzdwx0c0ntcci6imzvcmnlu2vhcmnoonbyzwrpy3rlzfjlc3vsdhmifswiy29udgv4dci6eyjgsuxurvjtijp7fswic2vhcmnou291cmnlijoiqvntsvnuqu5ux0rjquxpryisimrpc2fibgvjbnrlbnrrdwvyesi6zmfsc2usimrpc2fibgvtcgvsbenvcnjly3rpb24iomzhbhnllcjzzwfyy2heawfsb2dtzxnzaw9uswqioijkmde4owq4zs1lzwzkltg4odktzjmyos0znjvjmzhjzgmwmwqilcjkzwj1z0luzm8ionsiyxbwtmftzsi6ikldyxjfu2vydmljzv9db25zb2xliiwiyxbwvhlwzsi6iknvbnnvbguilcjhchboyw1lc3bhy2uioijjiiwibg9jyxrpb24ioijmb3jjztpvymply3rib21lrgvza3rvccisinnvymply3ruexblijoiqwnjb3vudcj9fswiz3jvdxbjzci6ikrfrkfvtfqifswic3rhdguiont9fq%3d%3d</small> </font> </div>
<div class="test-event"> <font color="maroon"> <small> &emsp; &emsp;--- 16 Oct 11:05:26 464 - <b>1</b> - Page Load Wait: (Sync) - ICar.support.Utils.waitForPageLoad(Utils.java:109)</small> </font> </div>
<div class="test-event"> <font color="maroon"> <small> &emsp; &emsp;--- 16 Oct 11:05:26 530 - Element is displayed:: [[ChromeDriver: chrome on WINDOWS (bd1f43eed00817b077ab3a404c610441)] -> xpath: //a[@title='Top Results']//span[text()='Top Results']]</small> </font> </div>
<div class="test-event"> <font color="maroon"> <small> &emsp; &emsp;--- 16 Oct 11:05:27 040 - Page URL:: https://i-car--staging.sandbox.lightning.force.com/one/one.app#eyjjb21wb25lbnrezwyioijmb3jjzvnlyxjjadpzzwfyy2hqywdlrgvza3rvccisimf0dhjpynv0zxmionsidgvybsi6ik91cmlzbwfuienozxzyb2xldcbvzibcb3dpzsisinnjb3bltwfwijp7inr5cguioijut1bfukvtvuxuuyisim5hbwvzcgfjzsi6iiisimxhymvsijoivg9wifjlc3vsdhmilcjsywjlbfbsdxjhbci6ilrvccbszxn1bhrziiwicmvzdwx0c0ntcci6imzvcmnlu2vhcmnoonbyzwrpy3rlzfjlc3vsdhmifswiy29udgv4dci6eyjgsuxurvjtijp7fswic2vhcmnou291cmnlijoiqvntsvnuqu5ux0rjquxpryisimrpc2fibgvjbnrlbnrrdwvyesi6zmfsc2usimrpc2fibgvtcgvsbenvcnjly3rpb24iomzhbhnllcjzzwfyy2heawfsb2dtzxnzaw9uswqioijkmde4owq4zs1lzwzkltg4odktzjmyos0znjvjmzhjzgmwmwqilcjkzwj1z0luzm8ionsiyxbwtmftzsi6ikldyxjfu2vydmljzv9db25zb2xliiwiyxbwvhlwzsi6iknvbnnvbguilcjhchboyw1lc3bhy2uioijjiiwibg9jyxrpb24ioijmb3jjztpvymply3rib21lrgvza3rvccisinnvymply3ruexblijoiqwnjb3vudcj9fswiz3jvdxbjzci6ikrfrkfvtfqifswic3rhdguiont9fq%3d%3d</small> </font> </div>
<div class="test-event"> <font color="maroon"> <small> &emsp; &emsp;--- 16 Oct 11:05:27 040 - <b>0</b> - Page Load Wait: (Sync) - ICar.support.Utils.waitForPageLoad(Utils.java:109)</small> </font> </div>
<div class="test-event"> <font color="maroon"> <small> &emsp; &emsp;--- 16 Oct 11:05:32 377 - Catched spinner load exception due to Expected condition failed: waiting for ICar.support.WaitUtils$4@714addf7 (tried for 5 second(s) with 500 milliseconds interval)</small> </font> </div>
<div class="test-event"> <font color="maroon"> <small> &emsp; &emsp;--- 16 Oct 11:05:32 377 - <b>5</b> - Spinner Load Wait: (Sync) - ICar.support.WaitUtils.waitForSpinner(WaitUtils.java:225)</small> </font> </div>
<div class="test-event"> <font color="maroon"> <small> &emsp; &emsp;--- 16 Oct 11:05:33 602 - Page URL:: https://i-car--staging.sandbox.lightning.force.com/one/one.app#eyjjb21wb25lbnrezwyioijmb3jjzvnlyxjjadpzzwfyy2hqywdlrgvza3rvccisimf0dhjpynv0zxmionsidgvybsi6ik91cmlzbwfuienozxzyb2xldcbvzibcb3dpzsisinnjb3bltwfwijp7inr5cguioijut1bfukvtvuxuuyisim5hbwvzcgfjzsi6iiisimxhymvsijoivg9wifjlc3vsdhmilcjsywjlbfbsdxjhbci6ilrvccbszxn1bhrziiwicmvzdwx0c0ntcci6imzvcmnlu2vhcmnoonbyzwrpy3rlzfjlc3vsdhmifswiy29udgv4dci6eyjgsuxurvjtijp7fswic2vhcmnou291cmnlijoiqvntsvnuqu5ux0rjquxpryisimrpc2fibgvjbnrlbnrrdwvyesi6zmfsc2usimrpc2fibgvtcgvsbenvcnjly3rpb24iomzhbhnllcjzzwfyy2heawfsb2dtzxnzaw9uswqioijkmde4owq4zs1lzwzkltg4odktzjmyos0znjvjmzhjzgmwmwqilcjkzwj1z0luzm8ionsiyxbwtmftzsi6ikldyxjfu2vydmljzv9db25zb2xliiwiyxbwvhlwzsi6iknvbnnvbguilcjhchboyw1lc3bhy2uioijjiiwibg9jyxrpb24ioijmb3jjztpvymply3rib21lrgvza3rvccisinnvymply3ruexblijoiqwnjb3vudcj9fswiz3jvdxbjzci6ikrfrkfvtfqifswic3rhdguiont9fq%3d%3d</small> </font> </div>
<div class="test-event"> <font color="maroon"> <small> &emsp; &emsp;--- 16 Oct 11:05:33 602 - <b>1</b> - Page Load Wait: (Sync) - ICar.support.Utils.waitForPageLoad(Utils.java:109)</small> </font> </div>
<div class="test-event"> <font color="maroon"> <small> &emsp; &emsp;--- 16 Oct 11:05:34 718 - Page URL:: https://i-car--staging.sandbox.lightning.force.com/one/one.app#eyjjb21wb25lbnrezwyioijmb3jjzvnlyxjjadpzzwfyy2hqywdlrgvza3rvccisimf0dhjpynv0zxmionsidgvybsi6ik91cmlzbwfuienozxzyb2xldcbvzibcb3dpzsisinnjb3bltwfwijp7inr5cguioijut1bfukvtvuxuuyisim5hbwvzcgfjzsi6iiisimxhymvsijoivg9wifjlc3vsdhmilcjsywjlbfbsdxjhbci6ilrvccbszxn1bhrziiwicmvzdwx0c0ntcci6imzvcmnlu2vhcmnoonbyzwrpy3rlzfjlc3vsdhmifswiy29udgv4dci6eyjgsuxurvjtijp7fswic2vhcmnou291cmnlijoiqvntsvnuqu5ux0rjquxpryisimrpc2fibgvjbnrlbnrrdwvyesi6zmfsc2usimrpc2fibgvtcgvsbenvcnjly3rpb24iomzhbhnllcjzzwfyy2heawfsb2dtzxnzaw9uswqioijkmde4owq4zs1lzwzkltg4odktzjmyos0znjvjmzhjzgmwmwqilcjkzwj1z0luzm8ionsiyxbwtmftzsi6ikldyxjfu2vydmljzv9db25zb2xliiwiyxbwvhlwzsi6iknvbnnvbguilcjhchboyw1lc3bhy2uioijjiiwibg9jyxrpb24ioijmb3jjztpvymply3rib21lrgvza3rvccisinnvymply3ruexblijoiqwnjb3vudcj9fswiz3jvdxbjzci6ikrfrkfvtfqifswic3rhdguiont9fq%3d%3d</small> </font> </div>
<div class="test-event"> <font color="maroon"> <small> &emsp; &emsp;--- 16 Oct 11:05:34 718 - <b>1</b> - Page Load Wait: (Sync) - ICar.support.Utils.waitForPageLoad(Utils.java:109)</small> </font> </div>
<div class="test-event"> <font color="maroon"> <small> &emsp; &emsp;--- 16 Oct 11:05:35 872 - Page URL:: https://i-car--staging.sandbox.lightning.force.com/one/one.app#eyjjb21wb25lbnrezwyioijmb3jjzvnlyxjjadpzzwfyy2hqywdlrgvza3rvccisimf0dhjpynv0zxmionsidgvybsi6ik91cmlzbwfuienozxzyb2xldcbvzibcb3dpzsisinnjb3bltwfwijp7inr5cguioijut1bfukvtvuxuuyisim5hbwvzcgfjzsi6iiisimxhymvsijoivg9wifjlc3vsdhmilcjsywjlbfbsdxjhbci6ilrvccbszxn1bhrziiwicmvzdwx0c0ntcci6imzvcmnlu2vhcmnoonbyzwrpy3rlzfjlc3vsdhmifswiy29udgv4dci6eyjgsuxurvjtijp7fswic2vhcmnou291cmnlijoiqvntsvnuqu5ux0rjquxpryisimrpc2fibgvjbnrlbnrrdwvyesi6zmfsc2usimrpc2fibgvtcgvsbenvcnjly3rpb24iomzhbhnllcjzzwfyy2heawfsb2dtzxnzaw9uswqioijkmde4owq4zs1lzwzkltg4odktzjmyos0znjvjmzhjzgmwmwqilcjkzwj1z0luzm8ionsiyxbwtmftzsi6ikldyxjfu2vydmljzv9db25zb2xliiwiyxbwvhlwzsi6iknvbnnvbguilcjhchboyw1lc3bhy2uioijjiiwibg9jyxrpb24ioijmb3jjztpvymply3rib21lrgvza3rvccisinnvymply3ruexblijoiqwnjb3vudcj9fswiz3jvdxbjzci6ikrfrkfvtfqifswic3rhdguiont9fq%3d%3d</small> </font> </div>
<div class="test-event"> <font color="maroon"> <small> &emsp; &emsp;--- 16 Oct 11:05:35 873 - <b>1</b> - Page Load Wait: (Sync) - ICar.support.Utils.waitForPageLoad(Utils.java:109)</small> </font> </div>
<div class="test-event"> <font color="maroon"> <small> &emsp; &emsp;--- 16 Oct 11:05:46 261 - Catched spinner load exception due to Expected condition failed: waiting for ICar.support.WaitUtils$4@714addf7 (tried for 10 second(s) with 500 milliseconds interval)</small> </font> </div>
<div class="test-event"> <font color="maroon"> <small> &emsp; &emsp;--- 16 Oct 11:05:46 261 - <b>10</b> - Spinner Load Wait: (Sync) - ICar.support.WaitUtils.waitForSpinner(WaitUtils.java:225)</small> </font> </div>
<div class="test-event"> <font color="maroon"> <small> &emsp; &emsp;--- 16 Oct 11:05:46 295 - Element is displayed:: [[ChromeDriver: chrome on WINDOWS (bd1f43eed00817b077ab3a404c610441)] -> css selector: div.forceSearchResultsRegion div.resultsMultiWrapper >div > div table tbody th a]</small> </font> </div>
<div class="test-event"> <font color="maroon"> <small> &emsp; &emsp;--- 16 Oct 11:05:46 401 - Element is displayed:: [[ChromeDriver: chrome on WINDOWS (bd1f43eed00817b077ab3a404c610441)] -> css selector: div.forceSearchResultsRegion div.resultsMultiWrapper >div > div table tbody th a]</small> </font> </div>
<div class="test-event"> <font color="maroon"> <small> &emsp; &emsp;--- 16 Oct 11:05:56 837 - Catched spinner load exception due to Expected condition failed: waiting for ICar.support.WaitUtils$4@714addf7 (tried for 10 second(s) with 500 milliseconds interval)</small> </font> </div>
<div class="test-event"> <font color="maroon"> <small> &emsp; &emsp;--- 16 Oct 11:05:56 837 - <b>10</b> - Spinner Load Wait: (Sync) - ICar.support.WaitUtils.waitForSpinner(WaitUtils.java:225)</small> </font> </div>
<div class="test-event"> <font color="maroon"> <small> &emsp; &emsp;--- 16 Oct 11:05:56 920 - Element is displayed:: [[ChromeDriver: chrome on WINDOWS (bd1f43eed00817b077ab3a404c610441)] -> xpath: //div[contains(@class,'active')]/*[contains(@id,'brandBand_')]//ul[@role='tablist']/li[@title='Details']]</small> </font> </div>
<div class="test-event"> <font color="maroon"> <small> &emsp; &emsp;--- 16 Oct 11:05:59 071 - Element is displayed:: [[ChromeDriver: chrome on WINDOWS (bd1f43eed00817b077ab3a404c610441)] -> xpath: //div[contains(@class,'active')]/*[contains(@id,'brandBand_')]//ul[@role='tablist']/li[@title='Details']]</small> </font> </div>
<div class="test-event"> <font color="maroon"> <small> &emsp; &emsp;--- 16 Oct 11:06:02 649 - Page URL:: https://i-car--staging.sandbox.lightning.force.com/lightning/r/account/0011i00000uwfebqae/view</small> </font> </div>
<div class="test-event"> <font color="maroon"> <small> &emsp; &emsp;--- 16 Oct 11:06:02 649 - <b>1</b> - Page Load Wait: (Sync) - ICar.support.Utils.waitForPageLoad(Utils.java:109)</small> </font> </div>
<div class="test-event"> <font color="maroon"> <small> &emsp; &emsp;--- 16 Oct 11:06:17 767 - Catched spinner load exception due to Expected condition failed: waiting for ICar.support.WaitUtils$4@714addf7 (tried for 15 second(s) with 500 milliseconds interval)</small> </font> </div>
<div class="test-event"> <font color="maroon"> <small> &emsp; &emsp;--- 16 Oct 11:06:17 767 - <b>15</b> - Spinner Load Wait: (Sync) - ICar.support.WaitUtils.waitForSpinner(WaitUtils.java:225)</small> </font> </div>
<div class="test-event"> <font color="maroon"> <small> &emsp; &emsp;--- 16 Oct 11:06:19 033 - Page URL:: https://i-car--staging.sandbox.lightning.force.com/lightning/r/account/0011i00000uwfebqae/view</small> </font> </div>
<div class="test-event"> <font color="maroon"> <small> &emsp; &emsp;--- 16 Oct 11:06:19 033 - <b>1</b> - Page Load Wait: (Sync) - ICar.support.Utils.waitForPageLoad(Utils.java:109)</small> </font> </div>
<div class="test-event"> <font color="maroon"> <small> &emsp; &emsp;--- 16 Oct 11:06:20 072 - Catched spinner load exception due to Expected condition failed: waiting for ICar.support.WaitUtils$4@714addf7 (tried for 1 second(s) with 500 milliseconds interval)</small> </font> </div>
<div class="test-event"> <font color="maroon"> <small> &emsp; &emsp;--- 16 Oct 11:06:20 072 - <b>1</b> - Spinner Load Wait: (Sync) - ICar.support.WaitUtils.waitForSpinner(WaitUtils.java:225)</small> </font> </div>
<div class="test-event"> <font color="maroon"> <small> &emsp; &emsp;--- 16 Oct 11:06:21 292 - Page URL:: https://i-car--staging.sandbox.lightning.force.com/lightning/r/account/0011i00000uwfebqae/view</small> </font> </div>
<div class="test-event"> <font color="maroon"> <small> &emsp; &emsp;--- 16 Oct 11:06:21 292 - <b>1</b> - Page Load Wait: (Sync) - ICar.support.Utils.waitForPageLoad(Utils.java:109)</small> </font> </div>
<div class="test-event"> <font color="maroon"> <small> &emsp; &emsp;--- 16 Oct 11:06:22 515 - Page URL:: https://i-car--staging.sandbox.lightning.force.com/lightning/r/account/0011i00000uwfebqae/view</small> </font> </div>
<div class="test-event"> <font color="maroon"> <small> &emsp; &emsp;--- 16 Oct 11:06:22 515 - <b>1</b> - Page Load Wait: (Sync) - ICar.support.Utils.waitForPageLoad(Utils.java:109)</small> </font> </div>
<div class="test-event"> <font color="maroon"> <small> &emsp; &emsp;--- 16 Oct 11:06:25 829 - Page URL:: https://i-car--staging.sandbox.lightning.force.com/lightning/r/account/0011i00000uwfebqae/view</small> </font> </div>
<div class="test-event"> <font color="maroon"> <small> &emsp; &emsp;--- 16 Oct 11:06:25 829 - <b>1</b> - Page Load Wait: (Sync) - ICar.support.Utils.waitForPageLoad(Utils.java:109)</small> </font> </div>
<!--FAIL-->
<div class="test-result"><br><font color="red"><strong> no such element: Unable to locate element: {"method":"xpath","selector":"//span[2][text()='Gold Class']"} </strong></font> <a href=".\ScreenShot\ICar_BAM642_TC04_44353316808000.png" target="_blank" >[ScreenShot]</a></div>&emsp;
&emsp;<div class="test-title"> <strong><font size = "3" color = "#0000FF">---Test Execution Ends---</font> </strong> </div>&emsp;
<div class="test-event"> <font color="maroon"> <small> &emsp; &emsp;--- 16 Oct 11:06:26 841 - TestCaseID:: ICar_BAM776_TC01</small> </font> </div>
<div class="test-event"> <font color="maroon"> <small> &emsp; &emsp;--- 16 Oct 11:06:28 025 - <b>1</b> - Driver::initialize::Get - ICar.support.WebDriverFactory.getDriver(WebDriverFactory.java:640)</small> </font> </div>
&emsp;<div class="test-title"> <strong><font size = "3" color = "#000080">The platinum evaluator should run when: A shop achieves gold class status</font> </strong> </div>&emsp;<div><strong>Steps:</strong></div><!-- Report -->&emsp;
<div class="test-event"> <font color="maroon"> <small> &emsp; &emsp;--- 16 Oct 11:06:33 164 - Page URL:: https://i-car--staging.sandbox.my.salesforce.com/</small> </font> </div>
<div class="test-event"> <font color="maroon"> <small> &emsp; &emsp;--- 16 Oct 11:06:33 165 - <b>0</b> - Page Load Wait: (Sync) - ICar.support.Utils.waitForPageLoad(Utils.java:109)</small> </font> </div>
<div class="test-message">&emsp;Successfully navigated to 'Login' Page&emsp;<a href=".\ScreenShot\ICar_BAM776_TC01_44360593973600.png" target="_blank" >[ScreenShot]</a></div>
<div class="test-message">&emsp;1. Login page is launched.</div>
<div class="test-event"> <font color="maroon"> <small> &emsp; &emsp;--- 16 Oct 11:06:33 343 - Element is displayed:: [[ChromeDriver: chrome on WINDOWS (f34ff33045923a82c3e464b1a677f964)] -> id: username]</small> </font> </div>
<div class="test-event"> <font color="maroon"> <small> &emsp; &emsp;--- 16 Oct 11:06:33 397 - Element is displayed:: [[ChromeDriver: chrome on WINDOWS (f34ff33045923a82c3e464b1a677f964)] -> id: username]</small> </font> </div>
<div class="test-event"> <font color="maroon"> <small> &emsp; &emsp;--- 16 Oct 11:06:33 645 - Element is displayed:: [[ChromeDriver: chrome on WINDOWS (f34ff33045923a82c3e464b1a677f964)] -> id: password]</small> </font> </div>
<div class="test-event"> <font color="maroon"> <small> &emsp; &emsp;--- 16 Oct 11:06:34 687 - Element is displayed:: [[ChromeDriver: chrome on WINDOWS (f34ff33045923a82c3e464b1a677f964)] -> id: Login]</small> </font> </div>
<div class="test-event"> <font color="maroon"> <small> &emsp; &emsp;--- 16 Oct 11:06:59 854 - Catched spinner load exception due to Expected condition failed: waiting for ICar.support.WaitUtils$4@714addf7 (tried for 13 second(s) with 500 milliseconds interval)</small> </font> </div>
<div class="test-event"> <font color="maroon"> <small> &emsp; &emsp;--- 16 Oct 11:06:59 854 - <b>13</b> - Spinner Load Wait: (Sync) - ICar.support.WaitUtils.waitForSpinner(WaitUtils.java:225)</small> </font> </div>
<div class="test-event"> <font color="maroon"> <small> &emsp; &emsp;--- 16 Oct 11:07:17 936 - Catched spinner load exception due to Expected condition failed: waiting for ICar.support.WaitUtils$4@714addf7 (tried for 6 second(s) with 500 milliseconds interval)</small> </font> </div>
<div class="test-event"> <font color="maroon"> <small> &emsp; &emsp;--- 16 Oct 11:07:17 936 - <b>6</b> - Spinner Load Wait: (Sync) - ICar.support.WaitUtils.waitForSpinner(WaitUtils.java:225)</small> </font> </div>
<div class="test-event"> <font color="maroon"> <small> &emsp; &emsp;--- 16 Oct 11:07:18 016 - Element is displayed:: [[ChromeDriver: chrome on WINDOWS (f34ff33045923a82c3e464b1a677f964)] -> css selector: button[class*='search-button']]</small> </font> </div>
<div class="test-message">&emsp;2. Navigate to 'SalesForce Page'</div>
<div class="test-event"> <font color="maroon"> <small> &emsp; &emsp;--- 16 Oct 11:07:18 585 - Page URL:: https://i-car--staging.sandbox.lightning.force.com/lightning/r/account/0011i00000uwfebqae/view</small> </font> </div>
<div class="test-event"> <font color="maroon"> <small> &emsp; &emsp;--- 16 Oct 11:07:18 585 - <b>0</b> - Page Load Wait: (Sync) - ICar.support.Utils.waitForPageLoad(Utils.java:109)</small> </font> </div>
<div class="test-event"> <font color="maroon"> <small> &emsp; &emsp;--- 16 Oct 11:07:24 278 - Page URL:: https://i-car--staging.sandbox.lightning.force.com/lightning/r/account/0011i00000uwfebqae/view</small> </font> </div>
<div class="test-event"> <font color="maroon"> <small> &emsp; &emsp;--- 16 Oct 11:07:24 279 - <b>0</b> - Page Load Wait: (Sync) - ICar.support.Utils.waitForPageLoad(Utils.java:109)</small> </font> </div>
<div class="test-message">&emsp;Close the tab</div>
<div class="test-message">&emsp;Successfully navigated to 'Login' Page&emsp;<a href=".\ScreenShot\ICar_BAM776_TC01_44416959156700.png" target="_blank" >[ScreenShot]</a></div>
<div class="test-message">&emsp;3. Enter the user credentials as : icaradminautomation3@i-car.com.staging</div>
<div class="test-event"> <font color="maroon"> <small> &emsp; &emsp;--- 16 Oct 11:07:30 185 - Page URL:: https://i-car--staging.sandbox.lightning.force.com/lightning/o/account/list?filtername=accounts</small> </font> </div>
<div class="test-event"> <font color="maroon"> <small> &emsp; &emsp;--- 16 Oct 11:07:30 185 - <b>0</b> - Page Load Wait: (Sync) - ICar.support.Utils.waitForPageLoad(Utils.java:109)</small> </font> </div>
<div class="test-event"> <font color="maroon"> <small> &emsp; &emsp;--- 16 Oct 11:07:35 582 - Page URL:: https://i-car--staging.sandbox.lightning.force.com/lightning/o/account/list?filtername=accounts</small> </font> </div>
<div class="test-event"> <font color="maroon"> <small> &emsp; &emsp;--- 16 Oct 11:07:35 583 - <b>0</b> - Page Load Wait: (Sync) - ICar.support.Utils.waitForPageLoad(Utils.java:109)</small> </font> </div>
<div class="test-message">&emsp;Close the tab</div>
<div class="test-event"> <font color="maroon"> <small> &emsp; &emsp;--- 16 Oct 11:07:41 182 - Page URL:: https://i-car--staging.sandbox.lightning.force.com/lightning/o/account/list?filtername=accounts</small> </font> </div>
<div class="test-event"> <font color="maroon"> <small> &emsp; &emsp;--- 16 Oct 11:07:41 182 - <b>0</b> - Page Load Wait: (Sync) - ICar.support.Utils.waitForPageLoad(Utils.java:109)</small> </font> </div>
<div class="test-event"> <font color="maroon"> <small> &emsp; &emsp;--- 16 Oct 11:07:41 218 - Element is displayed:: [[ChromeDriver: chrome on WINDOWS (f34ff33045923a82c3e464b1a677f964)] -> css selector: button[class*='search-button']]</small> </font> </div>
<div class="test-event"> <font color="maroon"> <small> &emsp; &emsp;--- 16 Oct 11:07:43 290 - Catched spinner load exception due to Expected condition failed: waiting for ICar.support.WaitUtils$4@714addf7 (tried for 2 second(s) with 500 milliseconds interval)</small> </font> </div>
<div class="test-event"> <font color="maroon"> <small> &emsp; &emsp;--- 16 Oct 11:07:43 290 - <b>2</b> - Spinner Load Wait: (Sync) - ICar.support.WaitUtils.waitForSpinner(WaitUtils.java:225)</small> </font> </div>
<div class="test-event"> <font color="maroon"> <small> &emsp; &emsp;--- 16 Oct 11:07:46 363 - Element is displayed:: [[ChromeDriver: chrome on WINDOWS (f34ff33045923a82c3e464b1a677f964)] -> css selector: button[class*='search-button']]</small> </font> </div>
<div class="test-event"> <font color="maroon"> <small> &emsp; &emsp;--- 16 Oct 11:07:46 957 - Page URL:: https://i-car--staging.sandbox.lightning.force.com/lightning/o/account/list?filtername=accounts</small> </font> </div>
<div class="test-event"> <font color="maroon"> <small> &emsp; &emsp;--- 16 Oct 11:07:46 958 - <b>0</b> - Page Load Wait: (Sync) - ICar.support.Utils.waitForPageLoad(Utils.java:109)</small> </font> </div>
<div class="test-event"> <font color="maroon"> <small> &emsp; &emsp;--- 16 Oct 11:08:06 498 - Catched spinner load exception due to Expected condition failed: waiting for ICar.support.WaitUtils$4@714addf7 (tried for 10 second(s) with 500 milliseconds interval)</small> </font> </div>
<div class="test-event"> <font color="maroon"> <small> &emsp; &emsp;--- 16 Oct 11:08:06 498 - <b>10</b> - Spinner Load Wait: (Sync) - ICar.support.WaitUtils.waitForSpinner(WaitUtils.java:225)</small> </font> </div>
<div class="test-event"> <font color="maroon"> <small> &emsp; &emsp;--- 16 Oct 11:08:07 997 - Page URL:: https://i-car--staging.sandbox.lightning.force.com/one/one.app#eyjjb21wb25lbnrezwyioijmb3jjzvnlyxjjadpzzwfyy2hqywdlrgvza3rvccisimf0dhjpynv0zxmionsidgvybsi6ikdyb3nzasamiefzc29jawf0zxmsieluyyisinnjb3bltwfwijp7inr5cguioijut1bfukvtvuxuuyisim5hbwvzcgfjzsi6iiisimxhymvsijoivg9wifjlc3vsdhmilcjsywjlbfbsdxjhbci6ilrvccbszxn1bhrziiwicmvzdwx0c0ntcci6imzvcmnlu2vhcmnoonbyzwrpy3rlzfjlc3vsdhmifswiy29udgv4dci6eyjgsuxurvjtijp7fswic2vhcmnou291cmnlijoiqvntsvnuqu5ux0rjquxpryisimrpc2fibgvjbnrlbnrrdwvyesi6zmfsc2usimrpc2fibgvtcgvsbenvcnjly3rpb24iomzhbhnllcjzzwfyy2heawfsb2dtzxnzaw9uswqioii1mmflyze5ni1hztc3ltjlmwityty5zi02ngezmgyzzjzknwyilcjkzwj1z0luzm8ionsiyxbwtmftzsi6ikldyxjfu2vydmljzv9db25zb2xliiwiyxbwvhlwzsi6iknvbnnvbguilcjhchboyw1lc3bhy2uioijjiiwibg9jyxrpb24ioijmb3jjztpvymply3rib21lrgvza3rvccisinnvymply3ruexblijoiqwnjb3vudcj9fswiz3jvdxbjzci6ikrfrkfvtfqifswic3rhdguiont9fq%3d%3d</small> </font> </div>
<div class="test-event"> <font color="maroon"> <small> &emsp; &emsp;--- 16 Oct 11:08:07 997 - <b>1</b> - Page Load Wait: (Sync) - ICar.support.Utils.waitForPageLoad(Utils.java:109)</small> </font> </div>
<div class="test-event"> <font color="maroon"> <small> &emsp; &emsp;--- 16 Oct 11:08:19 012 - Catched spinner load exception due to Expected condition failed: waiting for ICar.support.WaitUtils$4@714addf7 (tried for 11 second(s) with 500 milliseconds interval)</small> </font> </div>
<div class="test-event"> <font color="maroon"> <small> &emsp; &emsp;--- 16 Oct 11:08:19 012 - <b>11</b> - Spinner Load Wait: (Sync) - ICar.support.WaitUtils.waitForSpinner(WaitUtils.java:225)</small> </font> </div>
<div class="test-event"> <font color="maroon"> <small> &emsp; &emsp;--- 16 Oct 11:08:20 453 - Page URL:: https://i-car--staging.sandbox.lightning.force.com/one/one.app#eyjjb21wb25lbnrezwyioijmb3jjzvnlyxjjadpzzwfyy2hqywdlrgvza3rvccisimf0dhjpynv0zxmionsidgvybsi6ikdyb3nzasamiefzc29jawf0zxmsieluyyisinnjb3bltwfwijp7inr5cguioijut1bfukvtvuxuuyisim5hbwvzcgfjzsi6iiisimxhymvsijoivg9wifjlc3vsdhmilcjsywjlbfbsdxjhbci6ilrvccbszxn1bhrziiwicmvzdwx0c0ntcci6imzvcmnlu2vhcmnoonbyzwrpy3rlzfjlc3vsdhmifswiy29udgv4dci6eyjgsuxurvjtijp7fswic2vhcmnou291cmnlijoiqvntsvnuqu5ux0rjquxpryisimrpc2fibgvjbnrlbnrrdwvyesi6zmfsc2usimrpc2fibgvtcgvsbenvcnjly3rpb24iomzhbhnllcjzzwfyy2heawfsb2dtzxnzaw9uswqioii1mmflyze5ni1hztc3ltjlmwityty5zi02ngezmgyzzjzknwyilcjkzwj1z0luzm8ionsiyxbwtmftzsi6ikldyxjfu2vydmljzv9db25zb2xliiwiyxbwvhlwzsi6iknvbnnvbguilcjhchboyw1lc3bhy2uioijjiiwibg9jyxrpb24ioijmb3jjztpvymply3rib21lrgvza3rvccisinnvymply3ruexblijoiqwnjb3vudcj9fswiz3jvdxbjzci6ikrfrkfvtfqifswic3rhdguiont9fq%3d%3d</small> </font> </div>
<div class="test-event"> <font color="maroon"> <small> &emsp; &emsp;--- 16 Oct 11:08:20 453 - <b>1</b> - Page Load Wait: (Sync) - ICar.support.Utils.waitForPageLoad(Utils.java:109)</small> </font> </div>
<div class="test-event"> <font color="maroon"> <small> &emsp; &emsp;--- 16 Oct 11:08:20 521 - Element is displayed:: [[ChromeDriver: chrome on WINDOWS (f34ff33045923a82c3e464b1a677f964)] -> xpath: //a[@title='Top Results']//span[text()='Top Results']]</small> </font> </div>
<div class="test-event"> <font color="maroon"> <small> &emsp; &emsp;--- 16 Oct 11:08:21 016 - Page URL:: https://i-car--staging.sandbox.lightning.force.com/one/one.app#eyjjb21wb25lbnrezwyioijmb3jjzvnlyxjjadpzzwfyy2hqywdlrgvza3rvccisimf0dhjpynv0zxmionsidgvybsi6ikdyb3nzasamiefzc29jawf0zxmsieluyyisinnjb3bltwfwijp7inr5cguioijut1bfukvtvuxuuyisim5hbwvzcgfjzsi6iiisimxhymvsijoivg9wifjlc3vsdhmilcjsywjlbfbsdxjhbci6ilrvccbszxn1bhrziiwicmvzdwx0c0ntcci6imzvcmnlu2vhcmnoonbyzwrpy3rlzfjlc3vsdhmifswiy29udgv4dci6eyjgsuxurvjtijp7fswic2vhcmnou291cmnlijoiqvntsvnuqu5ux0rjquxpryisimrpc2fibgvjbnrlbnrrdwvyesi6zmfsc2usimrpc2fibgvtcgvsbenvcnjly3rpb24iomzhbhnllcjzzwfyy2heawfsb2dtzxnzaw9uswqioii1mmflyze5ni1hztc3ltjlmwityty5zi02ngezmgyzzjzknwyilcjkzwj1z0luzm8ionsiyxbwtmftzsi6ikldyxjfu2vydmljzv9db25zb2xliiwiyxbwvhlwzsi6iknvbnnvbguilcjhchboyw1lc3bhy2uioijjiiwibg9jyxrpb24ioijmb3jjztpvymply3rib21lrgvza3rvccisinnvymply3ruexblijoiqwnjb3vudcj9fswiz3jvdxbjzci6ikrfrkfvtfqifswic3rhdguiont9fq%3d%3d</small> </font> </div>
<div class="test-event"> <font color="maroon"> <small> &emsp; &emsp;--- 16 Oct 11:08:21 016 - <b>0</b> - Page Load Wait: (Sync) - ICar.support.Utils.waitForPageLoad(Utils.java:109)</small> </font> </div>
<div class="test-event"> <font color="maroon"> <small> &emsp; &emsp;--- 16 Oct 11:08:26 503 - Catched spinner load exception due to Expected condition failed: waiting for ICar.support.WaitUtils$4@714addf7 (tried for 5 second(s) with 500 milliseconds interval)</small> </font> </div>
<div class="test-event"> <font color="maroon"> <small> &emsp; &emsp;--- 16 Oct 11:08:26 503 - <b>5</b> - Spinner Load Wait: (Sync) - ICar.support.WaitUtils.waitForSpinner(WaitUtils.java:225)</small> </font> </div>
<div class="test-event"> <font color="maroon"> <small> &emsp; &emsp;--- 16 Oct 11:08:27 927 - Page URL:: https://i-car--staging.sandbox.lightning.force.com/one/one.app#eyjjb21wb25lbnrezwyioijmb3jjzvnlyxjjadpzzwfyy2hqywdlrgvza3rvccisimf0dhjpynv0zxmionsidgvybsi6ikdyb3nzasamiefzc29jawf0zxmsieluyyisinnjb3bltwfwijp7inr5cguioijut1bfukvtvuxuuyisim5hbwvzcgfjzsi6iiisimxhymvsijoivg9wifjlc3vsdhmilcjsywjlbfbsdxjhbci6ilrvccbszxn1bhrziiwicmvzdwx0c0ntcci6imzvcmnlu2vhcmnoonbyzwrpy3rlzfjlc3vsdhmifswiy29udgv4dci6eyjgsuxurvjtijp7fswic2vhcmnou291cmnlijoiqvntsvnuqu5ux0rjquxpryisimrpc2fibgvjbnrlbnrrdwvyesi6zmfsc2usimrpc2fibgvtcgvsbenvcnjly3rpb24iomzhbhnllcjzzwfyy2heawfsb2dtzxnzaw9uswqioii1mmflyze5ni1hztc3ltjlmwityty5zi02ngezmgyzzjzknwyilcjkzwj1z0luzm8ionsiyxbwtmftzsi6ikldyxjfu2vydmljzv9db25zb2xliiwiyxbwvhlwzsi6iknvbnnvbguilcjhchboyw1lc3bhy2uioijjiiwibg9jyxrpb24ioijmb3jjztpvymply3rib21lrgvza3rvccisinnvymply3ruexblijoiqwnjb3vudcj9fswiz3jvdxbjzci6ikrfrkfvtfqifswic3rhdguiont9fq%3d%3d</small> </font> </div>
<div class="test-event"> <font color="maroon"> <small> &emsp; &emsp;--- 16 Oct 11:08:27 927 - <b>1</b> - Page Load Wait: (Sync) - ICar.support.Utils.waitForPageLoad(Utils.java:109)</small> </font> </div>
<div class="test-event"> <font color="maroon"> <small> &emsp; &emsp;--- 16 Oct 11:08:29 324 - Page URL:: https://i-car--staging.sandbox.lightning.force.com/one/one.app#eyjjb21wb25lbnrezwyioijmb3jjzvnlyxjjadpzzwfyy2hqywdlrgvza3rvccisimf0dhjpynv0zxmionsidgvybsi6ikdyb3nzasamiefzc29jawf0zxmsieluyyisinnjb3bltwfwijp7inr5cguioijut1bfukvtvuxuuyisim5hbwvzcgfjzsi6iiisimxhymvsijoivg9wifjlc3vsdhmilcjsywjlbfbsdxjhbci6ilrvccbszxn1bhrziiwicmvzdwx0c0ntcci6imzvcmnlu2vhcmnoonbyzwrpy3rlzfjlc3vsdhmifswiy29udgv4dci6eyjgsuxurvjtijp7fswic2vhcmnou291cmnlijoiqvntsvnuqu5ux0rjquxpryisimrpc2fibgvjbnrlbnrrdwvyesi6zmfsc2usimrpc2fibgvtcgvsbenvcnjly3rpb24iomzhbhnllcjzzwfyy2heawfsb2dtzxnzaw9uswqioii1mmflyze5ni1hztc3ltjlmwityty5zi02ngezmgyzzjzknwyilcjkzwj1z0luzm8ionsiyxbwtmftzsi6ikldyxjfu2vydmljzv9db25zb2xliiwiyxbwvhlwzsi6iknvbnnvbguilcjhchboyw1lc3bhy2uioijjiiwibg9jyxrpb24ioijmb3jjztpvymply3rib21lrgvza3rvccisinnvymply3ruexblijoiqwnjb3vudcj9fswiz3jvdxbjzci6ikrfrkfvtfqifswic3rhdguiont9fq%3d%3d</small> </font> </div>
<div class="test-event"> <font color="maroon"> <small> &emsp; &emsp;--- 16 Oct 11:08:29 324 - <b>1</b> - Page Load Wait: (Sync) - ICar.support.Utils.waitForPageLoad(Utils.java:109)</small> </font> </div>
<div class="test-event"> <font color="maroon"> <small> &emsp; &emsp;--- 16 Oct 11:08:30 721 - Page URL:: https://i-car--staging.sandbox.lightning.force.com/one/one.app#eyjjb21wb25lbnrezwyioijmb3jjzvnlyxjjadpzzwfyy2hqywdlrgvza3rvccisimf0dhjpynv0zxmionsidgvybsi6ikdyb3nzasamiefzc29jawf0zxmsieluyyisinnjb3bltwfwijp7inr5cguioijut1bfukvtvuxuuyisim5hbwvzcgfjzsi6iiisimxhymvsijoivg9wifjlc3vsdhmilcjsywjlbfbsdxjhbci6ilrvccbszxn1bhrziiwicmvzdwx0c0ntcci6imzvcmnlu2vhcmnoonbyzwrpy3rlzfjlc3vsdhmifswiy29udgv4dci6eyjgsuxurvjtijp7fswic2vhcmnou291cmnlijoiqvntsvnuqu5ux0rjquxpryisimrpc2fibgvjbnrlbnrrdwvyesi6zmfsc2usimrpc2fibgvtcgvsbenvcnjly3rpb24iomzhbhnllcjzzwfyy2heawfsb2dtzxnzaw9uswqioii1mmflyze5ni1hztc3ltjlmwityty5zi02ngezmgyzzjzknwyilcjkzwj1z0luzm8ionsiyxbwtmftzsi6ikldyxjfu2vydmljzv9db25zb2xliiwiyxbwvhlwzsi6iknvbnnvbguilcjhchboyw1lc3bhy2uioijjiiwibg9jyxrpb24ioijmb3jjztpvymply3rib21lrgvza3rvccisinnvymply3ruexblijoiqwnjb3vudcj9fswiz3jvdxbjzci6ikrfrkfvtfqifswic3rhdguiont9fq%3d%3d</small> </font> </div>
<div class="test-event"> <font color="maroon"> <small> &emsp; &emsp;--- 16 Oct 11:08:30 721 - <b>1</b> - Page Load Wait: (Sync) - ICar.support.Utils.waitForPageLoad(Utils.java:109)</small> </font> </div>
<div class="test-event"> <font color="maroon"> <small> &emsp; &emsp;--- 16 Oct 11:08:41 199 - Catched spinner load exception due to Expected condition failed: waiting for ICar.support.WaitUtils$4@714addf7 (tried for 10 second(s) with 500 milliseconds interval)</small> </font> </div>
<div class="test-event"> <font color="maroon"> <small> &emsp; &emsp;--- 16 Oct 11:08:41 199 - <b>10</b> - Spinner Load Wait: (Sync) - ICar.support.WaitUtils.waitForSpinner(WaitUtils.java:225)</small> </font> </div>
<div class="test-event"> <font color="maroon"> <small> &emsp; &emsp;--- 16 Oct 11:08:41 230 - Element is displayed:: [[ChromeDriver: chrome on WINDOWS (f34ff33045923a82c3e464b1a677f964)] -> css selector: div.forceSearchResultsRegion div.resultsMultiWrapper >div > div table tbody th a]</small> </font> </div>
<div class="test-event"> <font color="maroon"> <small> &emsp; &emsp;--- 16 Oct 11:08:41 324 - Element is displayed:: [[ChromeDriver: chrome on WINDOWS (f34ff33045923a82c3e464b1a677f964)] -> css selector: div.forceSearchResultsRegion div.resultsMultiWrapper >div > div table tbody th a]</small> </font> </div>
<div class="test-message">&emsp;4. click on Account : Grossi & Associates, Inc</div>
<div class="test-event"> <font color="maroon"> <small> &emsp; &emsp;--- 16 Oct 11:08:43 457 - Page URL:: https://i-car--staging.sandbox.lightning.force.com/one/one.app#eyjjb21wb25lbnrezwyioijmb3jjzvnlyxjjadpzzwfyy2hqywdlrgvza3rvccisimf0dhjpynv0zxmionsidgvybsi6ikdyb3nzasamiefzc29jawf0zxmsieluyyisinnjb3bltwfwijp7inr5cguioijut1bfukvtvuxuuyisim5hbwvzcgfjzsi6iiisimxhymvsijoivg9wifjlc3vsdhmilcjsywjlbfbsdxjhbci6ilrvccbszxn1bhrziiwicmvzdwx0c0ntcci6imzvcmnlu2vhcmnoonbyzwrpy3rlzfjlc3vsdhmifswiy29udgv4dci6eyjgsuxurvjtijp7fswic2vhcmnou291cmnlijoiqvntsvnuqu5ux0rjquxpryisimrpc2fibgvjbnrlbnrrdwvyesi6zmfsc2usimrpc2fibgvtcgvsbenvcnjly3rpb24iomzhbhnllcjzzwfyy2heawfsb2dtzxnzaw9uswqioii1mmflyze5ni1hztc3ltjlmwityty5zi02ngezmgyzzjzknwyilcjkzwj1z0luzm8ionsiyxbwtmftzsi6ikldyxjfu2vydmljzv9db25zb2xliiwiyxbwvhlwzsi6iknvbnnvbguilcjhchboyw1lc3bhy2uioijjiiwibg9jyxrpb24ioijmb3jjztpvymply3rib21lrgvza3rvccisinnvymply3ruexblijoiqwnjb3vudcj9fswiz3jvdxbjzci6ikrfrkfvtfqifswic3rhdguiont9fq%3d%3d</small> </font> </div>
<div class="test-event"> <font color="maroon"> <small> &emsp; &emsp;--- 16 Oct 11:08:43 457 - <b>1</b> - Page Load Wait: (Sync) - ICar.support.Utils.waitForPageLoad(Utils.java:109)</small> </font> </div>
<div class="test-event"> <font color="maroon"> <small> &emsp; &emsp;--- 16 Oct 11:08:58 507 - Catched spinner load exception due to Expected condition failed: waiting for ICar.support.WaitUtils$4@714addf7 (tried for 15 second(s) with 500 milliseconds interval)</small> </font> </div>
<div class="test-event"> <font color="maroon"> <small> &emsp; &emsp;--- 16 Oct 11:08:58 507 - <b>15</b> - Spinner Load Wait: (Sync) - ICar.support.WaitUtils.waitForSpinner(WaitUtils.java:225)</small> </font> </div>
<div class="test-event"> <font color="maroon"> <small> &emsp; &emsp;--- 16 Oct 11:08:59 806 - Page URL:: https://i-car--staging.sandbox.lightning.force.com/lightning/r/account/0011i00000uwf9rqae/view</small> </font> </div>
<div class="test-event"> <font color="maroon"> <small> &emsp; &emsp;--- 16 Oct 11:08:59 806 - <b>1</b> - Page Load Wait: (Sync) - ICar.support.Utils.waitForPageLoad(Utils.java:109)</small> </font> </div>
<div class="test-event"> <font color="maroon"> <small> &emsp; &emsp;--- 16 Oct 11:09:01 931 - Element is displayed:: [[ChromeDriver: chrome on WINDOWS (f34ff33045923a82c3e464b1a677f964)] -> xpath: //a[@id='detailTab__item']]</small> </font> </div>
<div class="test-event"> <font color="maroon"> <small> &emsp; &emsp;--- 16 Oct 11:09:03 264 - Page URL:: https://i-car--staging.sandbox.lightning.force.com/lightning/r/account/0011i00000uwf9rqae/view</small> </font> </div>
<div class="test-event"> <font color="maroon"> <small> &emsp; &emsp;--- 16 Oct 11:09:03 264 - <b>1</b> - Page Load Wait: (Sync) - ICar.support.Utils.waitForPageLoad(Utils.java:109)</small> </font> </div>
<div class="test-event"> <font color="maroon"> <small> &emsp; &emsp;--- 16 Oct 11:09:18 419 - Catched spinner load exception due to Expected condition failed: waiting for ICar.support.WaitUtils$4@714addf7 (tried for 15 second(s) with 500 milliseconds interval)</small> </font> </div>
<div class="test-event"> <font color="maroon"> <small> &emsp; &emsp;--- 16 Oct 11:09:18 419 - <b>15</b> - Spinner Load Wait: (Sync) - ICar.support.WaitUtils.waitForSpinner(WaitUtils.java:225)</small> </font> </div>
<div class="test-event"> <font color="maroon"> <small> &emsp; &emsp;--- 16 Oct 11:09:19 698 - Page URL:: https://i-car--staging.sandbox.lightning.force.com/lightning/r/account/0011i00000uwf9rqae/view</small> </font> </div>
<div class="test-event"> <font color="maroon"> <small> &emsp; &emsp;--- 16 Oct 11:09:19 698 - <b>1</b> - Page Load Wait: (Sync) - ICar.support.Utils.waitForPageLoad(Utils.java:109)</small> </font> </div>
<div class="test-event"> <font color="maroon"> <small> &emsp; &emsp;--- 16 Oct 11:09:20 941 - Page URL:: https://i-car--staging.sandbox.lightning.force.com/lightning/r/account/0011i00000uwf9rqae/view</small> </font> </div>
<div class="test-event"> <font color="maroon"> <small> &emsp; &emsp;--- 16 Oct 11:09:20 941 - <b>1</b> - Page Load Wait: (Sync) - ICar.support.Utils.waitForPageLoad(Utils.java:109)</small> </font> </div>
<div class="test-event"> <font color="maroon"> <small> &emsp; &emsp;--- 16 Oct 11:09:36 098 - Catched spinner load exception due to Expected condition failed: waiting for ICar.support.WaitUtils$4@714addf7 (tried for 15 second(s) with 500 milliseconds interval)</small> </font> </div>
<div class="test-event"> <font color="maroon"> <small> &emsp; &emsp;--- 16 Oct 11:09:36 098 - <b>15</b> - Spinner Load Wait: (Sync) - ICar.support.WaitUtils.waitForSpinner(WaitUtils.java:225)</small> </font> </div>
<div class="test-event"> <font color="maroon"> <small> &emsp; &emsp;--- 16 Oct 11:09:37 574 - Page URL:: https://i-car--staging.sandbox.lightning.force.com/lightning/r/account/0011i00000uwf9rqae/view</small> </font> </div>
<div class="test-event"> <font color="maroon"> <small> &emsp; &emsp;--- 16 Oct 11:09:37 574 - <b>1</b> - Page Load Wait: (Sync) - ICar.support.Utils.waitForPageLoad(Utils.java:109)</small> </font> </div>
<div class="test-event"> <font color="maroon"> <small> &emsp; &emsp;--- 16 Oct 11:09:38 676 - Catched spinner load exception due to Expected condition failed: waiting for ICar.support.WaitUtils$4@714addf7 (tried for 1 second(s) with 500 milliseconds interval)</small> </font> </div>
<div class="test-event"> <font color="maroon"> <small> &emsp; &emsp;--- 16 Oct 11:09:38 676 - <b>1</b> - Spinner Load Wait: (Sync) - ICar.support.WaitUtils.waitForSpinner(WaitUtils.java:225)</small> </font> </div>
<div class="test-event"> <font color="maroon"> <small> &emsp; &emsp;--- 16 Oct 11:09:40 072 - Page URL:: https://i-car--staging.sandbox.lightning.force.com/lightning/r/account/0011i00000uwf9rqae/view</small> </font> </div>
<div class="test-event"> <font color="maroon"> <small> &emsp; &emsp;--- 16 Oct 11:09:40 072 - <b>1</b> - Page Load Wait: (Sync) - ICar.support.Utils.waitForPageLoad(Utils.java:109)</small> </font> </div>
<div class="test-event"> <font color="maroon"> <small> &emsp; &emsp;--- 16 Oct 11:09:41 343 - Page URL:: https://i-car--staging.sandbox.lightning.force.com/lightning/r/account/0011i00000uwf9rqae/view</small> </font> </div>
<div class="test-event"> <font color="maroon"> <small> &emsp; &emsp;--- 16 Oct 11:09:41 343 - <b>1</b> - Page Load Wait: (Sync) - ICar.support.Utils.waitForPageLoad(Utils.java:109)</small> </font> </div>
<div class="test-event"> <font color="maroon"> <small> &emsp; &emsp;--- 16 Oct 11:09:44 894 - Page URL:: https://i-car--staging.sandbox.lightning.force.com/lightning/r/account/0011i00000uwf9rqae/view</small> </font> </div>
<div class="test-event"> <font color="maroon"> <small> &emsp; &emsp;--- 16 Oct 11:09:44 894 - <b>1</b> - Page Load Wait: (Sync) - ICar.support.Utils.waitForPageLoad(Utils.java:109)</small> </font> </div>
<div class="test-event"> <font color="maroon"> <small> &emsp; &emsp;--- 16 Oct 11:09:50 008 - Element is displayed:: [[ChromeDriver: chrome on WINDOWS (f34ff33045923a82c3e464b1a677f964)] -> xpath: //button[@title='Edit Is Gold']]</small> </font> </div>
<div class="test-event"> <font color="maroon"> <small> &emsp; &emsp;--- 16 Oct 11:09:57 723 - Unable to find an element after 5 sec ==> [[ChromeDriver: chrome on WINDOWS (f34ff33045923a82c3e464b1a677f964)] -> xpath: //input[@name='Is_Gold__c']]</small> </font> </div>
<div class="test-event"> <font color="maroon"> <small> &emsp; &emsp;--- 16 Oct 11:10:00 247 - Element is displayed:: [[ChromeDriver: chrome on WINDOWS (f34ff33045923a82c3e464b1a677f964)] -> xpath: //button[text()='Save']]</small> </font> </div>
<div class="test-message">&emsp;5.IS gold checked</div>
<div class="test-event"> <font color="maroon"> <small> &emsp; &emsp;--- 16 Oct 11:10:07 215 - Page URL:: https://i-car--staging.sandbox.lightning.force.com/lightning/r/account/0011i00000uwf9rqae/view</small> </font> </div>
<div class="test-event"> <font color="maroon"> <small> &emsp; &emsp;--- 16 Oct 11:10:07 215 - <b>1</b> - Page Load Wait: (Sync) - ICar.support.Utils.waitForPageLoad(Utils.java:109)</small> </font> </div>
<div class="test-event"> <font color="maroon"> <small> &emsp; &emsp;--- 16 Oct 11:10:15 535 - Catched spinner load exception due to Expected condition failed: waiting for ICar.support.WaitUtils$4@714addf7 (tried for 8 second(s) with 500 milliseconds interval)</small> </font> </div>
<div class="test-event"> <font color="maroon"> <small> &emsp; &emsp;--- 16 Oct 11:10:15 535 - <b>8</b> - Spinner Load Wait: (Sync) - ICar.support.WaitUtils.waitForSpinner(WaitUtils.java:225)</small> </font> </div>
<div class="test-event"> <font color="maroon"> <small> &emsp; &emsp;--- 16 Oct 11:10:17 180 - Page URL:: https://i-car--staging.sandbox.lightning.force.com/lightning/r/account/0011i00000uwf9rqae/view</small> </font> </div>
<div class="test-event"> <font color="maroon"> <small> &emsp; &emsp;--- 16 Oct 11:10:17 180 - <b>1</b> - Page Load Wait: (Sync) - ICar.support.Utils.waitForPageLoad(Utils.java:109)</small> </font> </div>
<div class="test-event"> <font color="maroon"> <small> &emsp; &emsp;--- 16 Oct 11:10:18 793 - Page URL:: https://i-car--staging.sandbox.lightning.force.com/lightning/r/account/0011i00000uwf9rqae/view</small> </font> </div>
<div class="test-event"> <font color="maroon"> <small> &emsp; &emsp;--- 16 Oct 11:10:18 793 - <b>1</b> - Page Load Wait: (Sync) - ICar.support.Utils.waitForPageLoad(Utils.java:109)</small> </font> </div>
<div class="test-event"> <font color="maroon"> <small> &emsp; &emsp;--- 16 Oct 11:10:27 124 - Catched spinner load exception due to Expected condition failed: waiting for ICar.support.WaitUtils$4@714addf7 (tried for 8 second(s) with 500 milliseconds interval)</small> </font> </div>
<div class="test-event"> <font color="maroon"> <small> &emsp; &emsp;--- 16 Oct 11:10:27 124 - <b>8</b> - Spinner Load Wait: (Sync) - ICar.support.WaitUtils.waitForSpinner(WaitUtils.java:225)</small> </font> </div>
<div class="test-event"> <font color="maroon"> <small> &emsp; &emsp;--- 16 Oct 11:10:28 786 - Page URL:: https://i-car--staging.sandbox.lightning.force.com/lightning/r/account/0011i00000uwf9rqae/view</small> </font> </div>
<div class="test-event"> <font color="maroon"> <small> &emsp; &emsp;--- 16 Oct 11:10:28 787 - <b>1</b> - Page Load Wait: (Sync) - ICar.support.Utils.waitForPageLoad(Utils.java:109)</small> </font> </div>
<div class="test-event"> <font color="maroon"> <small> &emsp; &emsp;--- 16 Oct 11:10:30 928 - Element is displayed:: [[ChromeDriver: chrome on WINDOWS (f34ff33045923a82c3e464b1a677f964)] -> xpath: //ul[@class='slds-button-group-list']/li[4]//button]</small> </font> </div>
<div class="test-event"> <font color="maroon"> <small> &emsp; &emsp;--- 16 Oct 11:10:31 016 - Element is displayed:: [[ChromeDriver: chrome on WINDOWS (f34ff33045923a82c3e464b1a677f964)] -> xpath: //ul[@class='slds-button-group-list']/li[4]//button]</small> </font> </div>
<div class="test-event"> <font color="maroon"> <small> &emsp; &emsp;--- 16 Oct 11:10:32 943 - Page URL:: https://i-car--staging.sandbox.lightning.force.com/lightning/r/account/0011i00000uwf9rqae/view</small> </font> </div>
<div class="test-event"> <font color="maroon"> <small> &emsp; &emsp;--- 16 Oct 11:10:32 944 - <b>1</b> - Page Load Wait: (Sync) - ICar.support.Utils.waitForPageLoad(Utils.java:109)</small> </font> </div>
<div class="test-event"> <font color="maroon"> <small> &emsp; &emsp;--- 16 Oct 11:10:41 250 - Catched spinner load exception due to Expected condition failed: waiting for ICar.support.WaitUtils$4@714addf7 (tried for 8 second(s) with 500 milliseconds interval)</small> </font> </div>
<div class="test-event"> <font color="maroon"> <small> &emsp; &emsp;--- 16 Oct 11:10:41 250 - <b>8</b> - Spinner Load Wait: (Sync) - ICar.support.WaitUtils.waitForSpinner(WaitUtils.java:225)</small> </font> </div>
<div class="test-event"> <font color="maroon"> <small> &emsp; &emsp;--- 16 Oct 11:10:43 387 - Element is displayed:: [[ChromeDriver: chrome on WINDOWS (f34ff33045923a82c3e464b1a677f964)] -> xpath: //lightning-menu-item[contains(@data-target-selection-name,'Account.Gold_Class_Status')]//a]</small> </font> </div>
<div class="test-event"> <font color="maroon"> <small> &emsp; &emsp;--- 16 Oct 11:10:45 223 - Page URL:: https://i-car--staging.sandbox.lightning.force.com/lightning/r/account/0011i00000uwf9rqae/view</small> </font> </div>
<div class="test-event"> <font color="maroon"> <small> &emsp; &emsp;--- 16 Oct 11:10:45 223 - <b>1</b> - Page Load Wait: (Sync) - ICar.support.Utils.waitForPageLoad(Utils.java:109)</small> </font> </div>
<div class="test-event"> <font color="maroon"> <small> &emsp; &emsp;--- 16 Oct 11:10:47 155 - Page URL:: https://i-car--staging.sandbox.lightning.force.com/lightning/r/account/0011i00000uwf9rqae/view</small> </font> </div>
<div class="test-event"> <font color="maroon"> <small> &emsp; &emsp;--- 16 Oct 11:10:47 155 - <b>1</b> - Page Load Wait: (Sync) - ICar.support.Utils.waitForPageLoad(Utils.java:109)</small> </font> </div>
<div class="test-event"> <font color="maroon"> <small> &emsp; &emsp;--- 16 Oct 11:11:02 250 - Catched spinner load exception due to Expected condition failed: waiting for ICar.support.WaitUtils$4@714addf7 (tried for 15 second(s) with 500 milliseconds interval)</small> </font> </div>
<div class="test-event"> <font color="maroon"> <small> &emsp; &emsp;--- 16 Oct 11:11:02 250 - <b>15</b> - Spinner Load Wait: (Sync) - ICar.support.WaitUtils.waitForSpinner(WaitUtils.java:225)</small> </font> </div>
<div class="test-event"> <font color="maroon"> <small> &emsp; &emsp;--- 16 Oct 11:11:03 899 - Page URL:: https://i-car--staging.sandbox.lightning.force.com/lightning/r/account/0011i00000uwf9rqae/view</small> </font> </div>
<div class="test-event"> <font color="maroon"> <small> &emsp; &emsp;--- 16 Oct 11:11:03 899 - <b>1</b> - Page Load Wait: (Sync) - ICar.support.Utils.waitForPageLoad(Utils.java:109)</small> </font> </div>
<div class="test-event"> <font color="maroon"> <small> &emsp; &emsp;--- 16 Oct 11:11:04 012 - Element is displayed:: [[ChromeDriver: chrome on WINDOWS (f34ff33045923a82c3e464b1a677f964)] -> xpath: //*[text()='Evaluate Now']]</small> </font> </div>
<div class="test-event"> <font color="maroon"> <small> &emsp; &emsp;--- 16 Oct 11:11:05 798 - Page URL:: https://i-car--staging.sandbox.lightning.force.com/lightning/r/account/0011i00000uwf9rqae/view</small> </font> </div>
<div class="test-event"> <font color="maroon"> <small> &emsp; &emsp;--- 16 Oct 11:11:05 798 - <b>1</b> - Page Load Wait: (Sync) - ICar.support.Utils.waitForPageLoad(Utils.java:109)</small> </font> </div>
<div class="test-event"> <font color="maroon"> <small> &emsp; &emsp;--- 16 Oct 11:11:20 894 - Catched spinner load exception due to Expected condition failed: waiting for ICar.support.WaitUtils$4@714addf7 (tried for 15 second(s) with 500 milliseconds interval)</small> </font> </div>
<div class="test-event"> <font color="maroon"> <small> &emsp; &emsp;--- 16 Oct 11:11:20 894 - <b>15</b> - Spinner Load Wait: (Sync) - ICar.support.WaitUtils.waitForSpinner(WaitUtils.java:225)</small> </font> </div>
<div class="test-event"> <font color="maroon"> <small> &emsp; &emsp;--- 16 Oct 11:11:22 557 - Page URL:: https://i-car--staging.sandbox.lightning.force.com/lightning/r/account/0011i00000uwf9rqae/view</small> </font> </div>
<div class="test-event"> <font color="maroon"> <small> &emsp; &emsp;--- 16 Oct 11:11:22 558 - <b>1</b> - Page Load Wait: (Sync) - ICar.support.Utils.waitForPageLoad(Utils.java:109)</small> </font> </div>
<div class="test-message">&emsp;6. Clicked the Evaluate now button</div>
<div class="test-event"> <font color="maroon"> <small> &emsp; &emsp;--- 16 Oct 11:11:22 660 - Element is displayed:: [[ChromeDriver: chrome on WINDOWS (f34ff33045923a82c3e464b1a677f964)] -> xpath: //button[contains(@class,'CancelButton')]]</small> </font> </div>
<div class="test-event"> <font color="maroon"> <small> &emsp; &emsp;--- 16 Oct 11:11:24 489 - Page URL:: https://i-car--staging.sandbox.lightning.force.com/lightning/r/account/0011i00000uwf9rqae/view</small> </font> </div>
<div class="test-event"> <font color="maroon"> <small> &emsp; &emsp;--- 16 Oct 11:11:24 489 - <b>1</b> - Page Load Wait: (Sync) - ICar.support.Utils.waitForPageLoad(Utils.java:109)</small> </font> </div>
<div class="test-event"> <font color="maroon"> <small> &emsp; &emsp;--- 16 Oct 11:11:26 267 - Page URL:: https://i-car--staging.sandbox.lightning.force.com/lightning/r/account/0011i00000uwf9rqae/view</small> </font> </div>
<div class="test-event"> <font color="maroon"> <small> &emsp; &emsp;--- 16 Oct 11:11:26 267 - <b>1</b> - Page Load Wait: (Sync) - ICar.support.Utils.waitForPageLoad(Utils.java:109)</small> </font> </div>
<div class="test-event"> <font color="maroon"> <small> &emsp; &emsp;--- 16 Oct 11:11:32 959 - Page URL:: https://i-car--staging.sandbox.lightning.force.com/lightning/r/account/0011i00000uwf9rqae/view</small> </font> </div>
<div class="test-event"> <font color="maroon"> <small> &emsp; &emsp;--- 16 Oct 11:11:32 959 - <b>1</b> - Page Load Wait: (Sync) - ICar.support.Utils.waitForPageLoad(Utils.java:109)</small> </font> </div>
<div class="test-event"> <font color="maroon"> <small> &emsp; &emsp;--- 16 Oct 11:11:39 027 - Page URL:: https://i-car--staging.sandbox.lightning.force.com/lightning/r/account/0011i00000uwf9rqae/view</small> </font> </div>
<div class="test-event"> <font color="maroon"> <small> &emsp; &emsp;--- 16 Oct 11:11:39 027 - <b>1</b> - Page Load Wait: (Sync) - ICar.support.Utils.waitForPageLoad(Utils.java:109)</small> </font> </div>
<div class="test-event"> <font color="maroon"> <small> &emsp; &emsp;--- 16 Oct 11:11:45 685 - Page URL:: https://i-car--staging.sandbox.lightning.force.com/lightning/r/account/0011i00000uwf9rqae/view</small> </font> </div>
<div class="test-event"> <font color="maroon"> <small> &emsp; &emsp;--- 16 Oct 11:11:45 685 - <b>1</b> - Page Load Wait: (Sync) - ICar.support.Utils.waitForPageLoad(Utils.java:109)</small> </font> </div>
<div class="test-message">&emsp;Close the tab</div>
<div class="test-event"> <font color="maroon"> <small> &emsp; &emsp;--- 16 Oct 11:11:52 457 - Page URL:: https://i-car--staging.sandbox.lightning.force.com/lightning/r/account/0011i00000uwf9rqae/view</small> </font> </div>
<div class="test-event"> <font color="maroon"> <small> &emsp; &emsp;--- 16 Oct 11:11:52 457 - <b>1</b> - Page Load Wait: (Sync) - ICar.support.Utils.waitForPageLoad(Utils.java:109)</small> </font> </div>
<div class="test-event"> <font color="maroon"> <small> &emsp; &emsp;--- 16 Oct 11:11:52 499 - Element is displayed:: [[ChromeDriver: chrome on WINDOWS (f34ff33045923a82c3e464b1a677f964)] -> css selector: button[class*='search-button']]</small> </font> </div>
<div class="test-event"> <font color="maroon"> <small> &emsp; &emsp;--- 16 Oct 11:11:54 621 - Catched spinner load exception due to Expected condition failed: waiting for ICar.support.WaitUtils$4@714addf7 (tried for 2 second(s) with 500 milliseconds interval)</small> </font> </div>
<div class="test-event"> <font color="maroon"> <small> &emsp; &emsp;--- 16 Oct 11:11:54 621 - <b>2</b> - Spinner Load Wait: (Sync) - ICar.support.WaitUtils.waitForSpinner(WaitUtils.java:225)</small> </font> </div>
<div class="test-event"> <font color="maroon"> <small> &emsp; &emsp;--- 16 Oct 11:11:57 695 - Element is displayed:: [[ChromeDriver: chrome on WINDOWS (f34ff33045923a82c3e464b1a677f964)] -> css selector: button[class*='search-button']]</small> </font> </div>
<!--FAIL-->
<div class="test-result"><br><font color="red"><strong> element click intercepted: Element <button type="button" class="slds-button slds-button_neutral search-button slds-truncate hasSearchTerm hasSearchTerm" aria-label="Search" data-aura-rendered-by="274:0" data-proxy-id="aura-pos-lib-1" id="274:0">...</button> is not clickable at point (609, 98). Other element would receive the click: <div class="modal-container slds-modal__container" data-aura-rendered-by="16866:0">...</div> </strong></font> <a href=".\ScreenShot\ICar_BAM776_TC01_44686233520000.png" target="_blank" >[ScreenShot]</a></div>&emsp;
&emsp;<div class="test-title"> <strong><font size = "3" color = "#0000FF">---Test Execution Ends---</font> </strong> </div>&emsp;
<div class="test-event"> <font color="maroon"> <small> &emsp; &emsp;--- 16 Oct 11:11:59 557 - TestCaseID:: ICar_BAM776_TC02</small> </font> </div>
<div class="test-event"> <font color="maroon"> <small> &emsp; &emsp;--- 16 Oct 11:12:00 866 - <b>1</b> - Driver::initialize::Get - ICar.support.WebDriverFactory.getDriver(WebDriverFactory.java:640)</small> </font> </div>
&emsp;<div class="test-title"> <strong><font size = "3" color = "#000080">The platinum evaluator should run when: A shop renews gold class status</font> </strong> </div>&emsp;<div><strong>Steps:</strong></div><!-- Report -->&emsp;
<div class="test-event"> <font color="maroon"> <small> &emsp; &emsp;--- 16 Oct 11:12:07 717 - Page URL:: https://i-car--staging.sandbox.my.salesforce.com/</small> </font> </div>
<div class="test-event"> <font color="maroon"> <small> &emsp; &emsp;--- 16 Oct 11:12:07 717 - <b>0</b> - Page Load Wait: (Sync) - ICar.support.Utils.waitForPageLoad(Utils.java:109)</small> </font> </div>
<div class="test-message">&emsp;Successfully navigated to 'Login' Page&emsp;<a href=".\ScreenShot\ICar_BAM776_TC02_44695146561100.png" target="_blank" >[ScreenShot]</a></div>
<div class="test-message">&emsp;1. Login page is launched.</div>
<div class="test-event"> <font color="maroon"> <small> &emsp; &emsp;--- 16 Oct 11:12:08 380 - Element is displayed:: [[ChromeDriver: chrome on WINDOWS (520bb0b6765d0aa9b9fa97309937d505)] -> id: username]</small> </font> </div>
<div class="test-event"> <font color="maroon"> <small> &emsp; &emsp;--- 16 Oct 11:12:08 511 - Element is displayed:: [[ChromeDriver: chrome on WINDOWS (520bb0b6765d0aa9b9fa97309937d505)] -> id: username]</small> </font> </div>
<div class="test-event"> <font color="maroon"> <small> &emsp; &emsp;--- 16 Oct 11:12:08 769 - Element is displayed:: [[ChromeDriver: chrome on WINDOWS (520bb0b6765d0aa9b9fa97309937d505)] -> id: password]</small> </font> </div>
<div class="test-event"> <font color="maroon"> <small> &emsp; &emsp;--- 16 Oct 11:12:09 203 - Element is displayed:: [[ChromeDriver: chrome on WINDOWS (520bb0b6765d0aa9b9fa97309937d505)] -> id: Login]</small> </font> </div>
<div class="test-event"> <font color="maroon"> <small> &emsp; &emsp;--- 16 Oct 11:12:37 236 - Catched spinner load exception due to Expected condition failed: waiting for ICar.support.WaitUtils$4@714addf7 (tried for 13 second(s) with 500 milliseconds interval)</small> </font> </div>
<div class="test-event"> <font color="maroon"> <small> &emsp; &emsp;--- 16 Oct 11:12:37 236 - <b>13</b> - Spinner Load Wait: (Sync) - ICar.support.WaitUtils.waitForSpinner(WaitUtils.java:225)</small> </font> </div>
<div class="test-event"> <font color="maroon"> <small> &emsp; &emsp;--- 16 Oct 11:12:55 073 - Catched spinner load exception due to Expected condition failed: waiting for ICar.support.WaitUtils$4@714addf7 (tried for 6 second(s) with 500 milliseconds interval)</small> </font> </div>
<div class="test-event"> <font color="maroon"> <small> &emsp; &emsp;--- 16 Oct 11:12:55 073 - <b>6</b> - Spinner Load Wait: (Sync) - ICar.support.WaitUtils.waitForSpinner(WaitUtils.java:225)</small> </font> </div>
<div class="test-event"> <font color="maroon"> <small> &emsp; &emsp;--- 16 Oct 11:12:55 145 - Element is displayed:: [[ChromeDriver: chrome on WINDOWS (520bb0b6765d0aa9b9fa97309937d505)] -> css selector: button[class*='search-button']]</small> </font> </div>
<div class="test-message">&emsp;2. Navigate to 'SalesForce Page'</div>
<div class="test-event"> <font color="maroon"> <small> &emsp; &emsp;--- 16 Oct 11:12:55 438 - Page URL:: https://i-car--staging.sandbox.lightning.force.com/lightning/r/sked__job__c/a2mvc000000mt2vyae/view</small> </font> </div>
<div class="test-event"> <font color="maroon"> <small> &emsp; &emsp;--- 16 Oct 11:12:55 438 - <b>0</b> - Page Load Wait: (Sync) - ICar.support.Utils.waitForPageLoad(Utils.java:109)</small> </font> </div>
<div class="test-event"> <font color="maroon"> <small> &emsp; &emsp;--- 16 Oct 11:13:00 701 - Page URL:: https://i-car--staging.sandbox.lightning.force.com/lightning/r/sked__job__c/a2mvc000000mt2vyae/view</small> </font> </div>
<div class="test-event"> <font color="maroon"> <small> &emsp; &emsp;--- 16 Oct 11:13:00 701 - <b>0</b> - Page Load Wait: (Sync) - ICar.support.Utils.waitForPageLoad(Utils.java:109)</small> </font> </div>
<div class="test-message">&emsp;Successfully navigated to 'Login' Page&emsp;<a href=".\ScreenShot\ICar_BAM776_TC02_44752265694700.png" target="_blank" >[ScreenShot]</a></div>
<div class="test-message">&emsp;3. Enter the user credentials as : icaradminautomation3@i-car.com.staging</div>
<div class="test-event"> <font color="maroon"> <small> &emsp; &emsp;--- 16 Oct 11:13:05 392 - Page URL:: https://i-car--staging.sandbox.lightning.force.com/lightning/r/sked__job__c/a2mvc000000mt2vyae/view</small> </font> </div>
<div class="test-event"> <font color="maroon"> <small> &emsp; &emsp;--- 16 Oct 11:13:05 392 - <b>0</b> - Page Load Wait: (Sync) - ICar.support.Utils.waitForPageLoad(Utils.java:109)</small> </font> </div>
<div class="test-event"> <font color="maroon"> <small> &emsp; &emsp;--- 16 Oct 11:13:10 809 - Page URL:: https://i-car--staging.sandbox.lightning.force.com/lightning/o/account/list?filtername=accounts</small> </font> </div>
<div class="test-event"> <font color="maroon"> <small> &emsp; &emsp;--- 16 Oct 11:13:10 809 - <b>0</b> - Page Load Wait: (Sync) - ICar.support.Utils.waitForPageLoad(Utils.java:109)</small> </font> </div>
<div class="test-message">&emsp;Close the tab</div>
<div class="test-event"> <font color="maroon"> <small> &emsp; &emsp;--- 16 Oct 11:13:16 419 - Page URL:: https://i-car--staging.sandbox.lightning.force.com/lightning/o/account/list?filtername=accounts</small> </font> </div>
<div class="test-event"> <font color="maroon"> <small> &emsp; &emsp;--- 16 Oct 11:13:16 419 - <b>0</b> - Page Load Wait: (Sync) - ICar.support.Utils.waitForPageLoad(Utils.java:109)</small> </font> </div>
<div class="test-event"> <font color="maroon"> <small> &emsp; &emsp;--- 16 Oct 11:13:16 456 - Element is displayed:: [[ChromeDriver: chrome on WINDOWS (520bb0b6765d0aa9b9fa97309937d505)] -> css selector: button[class*='search-button']]</small> </font> </div>
<div class="test-event"> <font color="maroon"> <small> &emsp; &emsp;--- 16 Oct 11:13:18 566 - Catched spinner load exception due to Expected condition failed: waiting for ICar.support.WaitUtils$4@714addf7 (tried for 2 second(s) with 500 milliseconds interval)</small> </font> </div>
<div class="test-event"> <font color="maroon"> <small> &emsp; &emsp;--- 16 Oct 11:13:18 566 - <b>2</b> - Spinner Load Wait: (Sync) - ICar.support.WaitUtils.waitForSpinner(WaitUtils.java:225)</small> </font> </div>
<div class="test-event"> <font color="maroon"> <small> &emsp; &emsp;--- 16 Oct 11:13:21 632 - Element is displayed:: [[ChromeDriver: chrome on WINDOWS (520bb0b6765d0aa9b9fa97309937d505)] -> css selector: button[class*='search-button']]</small> </font> </div>
<div class="test-event"> <font color="maroon"> <small> &emsp; &emsp;--- 16 Oct 11:13:22 252 - Page URL:: https://i-car--staging.sandbox.lightning.force.com/lightning/o/account/list?filtername=accounts</small> </font> </div>
<div class="test-event"> <font color="maroon"> <small> &emsp; &emsp;--- 16 Oct 11:13:22 252 - <b>0</b> - Page Load Wait: (Sync) - ICar.support.Utils.waitForPageLoad(Utils.java:109)</small> </font> </div>
<div class="test-event"> <font color="maroon"> <small> &emsp; &emsp;--- 16 Oct 11:13:42 111 - Catched spinner load exception due to Expected condition failed: waiting for ICar.support.WaitUtils$4@714addf7 (tried for 10 second(s) with 500 milliseconds interval)</small> </font> </div>
<div class="test-event"> <font color="maroon"> <small> &emsp; &emsp;--- 16 Oct 11:13:42 111 - <b>10</b> - Spinner Load Wait: (Sync) - ICar.support.WaitUtils.waitForSpinner(WaitUtils.java:225)</small> </font> </div>
<div class="test-event"> <font color="maroon"> <small> &emsp; &emsp;--- 16 Oct 11:13:43 584 - Page URL:: https://i-car--staging.sandbox.lightning.force.com/one/one.app#eyjjb21wb25lbnrezwyioijmb3jjzvnlyxjjadpzzwfyy2hqywdlrgvza3rvccisimf0dhjpynv0zxmionsidgvybsi6ikdyb3nzasamiefzc29jawf0zxmsieluyyisinnjb3bltwfwijp7inr5cguioijut1bfukvtvuxuuyisim5hbwvzcgfjzsi6iiisimxhymvsijoivg9wifjlc3vsdhmilcjsywjlbfbsdxjhbci6ilrvccbszxn1bhrziiwicmvzdwx0c0ntcci6imzvcmnlu2vhcmnoonbyzwrpy3rlzfjlc3vsdhmifswiy29udgv4dci6eyjgsuxurvjtijp7fswic2vhcmnou291cmnlijoiqvntsvnuqu5ux0rjquxpryisimrpc2fibgvjbnrlbnrrdwvyesi6zmfsc2usimrpc2fibgvtcgvsbenvcnjly3rpb24iomzhbhnllcjzzwfyy2heawfsb2dtzxnzaw9uswqioii1mdmzoda5ns1jodvjlwvhnjytngu1ni0xotqyyzy5zji1n2qilcjkzwj1z0luzm8ionsiyxbwtmftzsi6ikldyxjfu2vydmljzv9db25zb2xliiwiyxbwvhlwzsi6iknvbnnvbguilcjhchboyw1lc3bhy2uioijjiiwibg9jyxrpb24ioijmb3jjztpvymply3rib21lrgvza3rvccisinnvymply3ruexblijoiqwnjb3vudcj9fswiz3jvdxbjzci6ikrfrkfvtfqifswic3rhdguiont9fq%3d%3d</small> </font> </div>
<div class="test-event"> <font color="maroon"> <small> &emsp; &emsp;--- 16 Oct 11:13:43 584 - <b>1</b> - Page Load Wait: (Sync) - ICar.support.Utils.waitForPageLoad(Utils.java:109)</small> </font> </div>
<div class="test-event"> <font color="maroon"> <small> &emsp; &emsp;--- 16 Oct 11:13:55 097 - Catched spinner load exception due to Expected condition failed: waiting for ICar.support.WaitUtils$4@714addf7 (tried for 11 second(s) with 500 milliseconds interval)</small> </font> </div>
<div class="test-event"> <font color="maroon"> <small> &emsp; &emsp;--- 16 Oct 11:13:55 097 - <b>11</b> - Spinner Load Wait: (Sync) - ICar.support.WaitUtils.waitForSpinner(WaitUtils.java:225)</small> </font> </div>
<div class="test-event"> <font color="maroon"> <small> &emsp; &emsp;--- 16 Oct 11:13:56 510 - Page URL:: https://i-car--staging.sandbox.lightning.force.com/one/one.app#eyjjb21wb25lbnrezwyioijmb3jjzvnlyxjjadpzzwfyy2hqywdlrgvza3rvccisimf0dhjpynv0zxmionsidgvybsi6ikdyb3nzasamiefzc29jawf0zxmsieluyyisinnjb3bltwfwijp7inr5cguioijut1bfukvtvuxuuyisim5hbwvzcgfjzsi6iiisimxhymvsijoivg9wifjlc3vsdhmilcjsywjlbfbsdxjhbci6ilrvccbszxn1bhrziiwicmvzdwx0c0ntcci6imzvcmnlu2vhcmnoonbyzwrpy3rlzfjlc3vsdhmifswiy29udgv4dci6eyjgsuxurvjtijp7fswic2vhcmnou291cmnlijoiqvntsvnuqu5ux0rjquxpryisimrpc2fibgvjbnrlbnrrdwvyesi6zmfsc2usimrpc2fibgvtcgvsbenvcnjly3rpb24iomzhbhnllcjzzwfyy2heawfsb2dtzxnzaw9uswqioii1mdmzoda5ns1jodvjlwvhnjytngu1ni0xotqyyzy5zji1n2qilcjkzwj1z0luzm8ionsiyxbwtmftzsi6ikldyxjfu2vydmljzv9db25zb2xliiwiyxbwvhlwzsi6iknvbnnvbguilcjhchboyw1lc3bhy2uioijjiiwibg9jyxrpb24ioijmb3jjztpvymply3rib21lrgvza3rvccisinnvymply3ruexblijoiqwnjb3vudcj9fswiz3jvdxbjzci6ikrfrkfvtfqifswic3rhdguiont9fq%3d%3d</small> </font> </div>
<div class="test-event"> <font color="maroon"> <small> &emsp; &emsp;--- 16 Oct 11:13:56 510 - <b>1</b> - Page Load Wait: (Sync) - ICar.support.Utils.waitForPageLoad(Utils.java:109)</small> </font> </div>
<div class="test-event"> <font color="maroon"> <small> &emsp; &emsp;--- 16 Oct 11:13:56 582 - Element is displayed:: [[ChromeDriver: chrome on WINDOWS (520bb0b6765d0aa9b9fa97309937d505)] -> xpath: //a[@title='Top Results']//span[text()='Top Results']]</small> </font> </div>
<div class="test-event"> <font color="maroon"> <small> &emsp; &emsp;--- 16 Oct 11:13:57 080 - Page URL:: https://i-car--staging.sandbox.lightning.force.com/one/one.app#eyjjb21wb25lbnrezwyioijmb3jjzvnlyxjjadpzzwfyy2hqywdlrgvza3rvccisimf0dhjpynv0zxmionsidgvybsi6ikdyb3nzasamiefzc29jawf0zxmsieluyyisinnjb3bltwfwijp7inr5cguioijut1bfukvtvuxuuyisim5hbwvzcgfjzsi6iiisimxhymvsijoivg9wifjlc3vsdhmilcjsywjlbfbsdxjhbci6ilrvccbszxn1bhrziiwicmvzdwx0c0ntcci6imzvcmnlu2vhcmnoonbyzwrpy3rlzfjlc3vsdhmifswiy29udgv4dci6eyjgsuxurvjtijp7fswic2vhcmnou291cmnlijoiqvntsvnuqu5ux0rjquxpryisimrpc2fibgvjbnrlbnrrdwvyesi6zmfsc2usimrpc2fibgvtcgvsbenvcnjly3rpb24iomzhbhnllcjzzwfyy2heawfsb2dtzxnzaw9uswqioii1mdmzoda5ns1jodvjlwvhnjytngu1ni0xotqyyzy5zji1n2qilcjkzwj1z0luzm8ionsiyxbwtmftzsi6ikldyxjfu2vydmljzv9db25zb2xliiwiyxbwvhlwzsi6iknvbnnvbguilcjhchboyw1lc3bhy2uioijjiiwibg9jyxrpb24ioijmb3jjztpvymply3rib21lrgvza3rvccisinnvymply3ruexblijoiqwnjb3vudcj9fswiz3jvdxbjzci6ikrfrkfvtfqifswic3rhdguiont9fq%3d%3d</small> </font> </div>
<div class="test-event"> <font color="maroon"> <small> &emsp; &emsp;--- 16 Oct 11:13:57 080 - <b>0</b> - Page Load Wait: (Sync) - ICar.support.Utils.waitForPageLoad(Utils.java:109)</small> </font> </div>
<div class="test-event"> <font color="maroon"> <small> &emsp; &emsp;--- 16 Oct 11:14:02 080 - Catched spinner load exception due to Expected condition failed: waiting for ICar.support.WaitUtils$4@714addf7 (tried for 5 second(s) with 500 milliseconds interval)</small> </font> </div>
<div class="test-event"> <font color="maroon"> <small> &emsp; &emsp;--- 16 Oct 11:14:02 080 - <b>5</b> - Spinner Load Wait: (Sync) - ICar.support.WaitUtils.waitForSpinner(WaitUtils.java:225)</small> </font> </div>
<div class="test-event"> <font color="maroon"> <small> &emsp; &emsp;--- 16 Oct 11:14:03 508 - Page URL:: https://i-car--staging.sandbox.lightning.force.com/one/one.app#eyjjb21wb25lbnrezwyioijmb3jjzvnlyxjjadpzzwfyy2hqywdlrgvza3rvccisimf0dhjpynv0zxmionsidgvybsi6ikdyb3nzasamiefzc29jawf0zxmsieluyyisinnjb3bltwfwijp7inr5cguioijut1bfukvtvuxuuyisim5hbwvzcgfjzsi6iiisimxhymvsijoivg9wifjlc3vsdhmilcjsywjlbfbsdxjhbci6ilrvccbszxn1bhrziiwicmvzdwx0c0ntcci6imzvcmnlu2vhcmnoonbyzwrpy3rlzfjlc3vsdhmifswiy29udgv4dci6eyjgsuxurvjtijp7fswic2vhcmnou291cmnlijoiqvntsvnuqu5ux0rjquxpryisimrpc2fibgvjbnrlbnrrdwvyesi6zmfsc2usimrpc2fibgvtcgvsbenvcnjly3rpb24iomzhbhnllcjzzwfyy2heawfsb2dtzxnzaw9uswqioii1mdmzoda5ns1jodvjlwvhnjytngu1ni0xotqyyzy5zji1n2qilcjkzwj1z0luzm8ionsiyxbwtmftzsi6ikldyxjfu2vydmljzv9db25zb2xliiwiyxbwvhlwzsi6iknvbnnvbguilcjhchboyw1lc3bhy2uioijjiiwibg9jyxrpb24ioijmb3jjztpvymply3rib21lrgvza3rvccisinnvymply3ruexblijoiqwnjb3vudcj9fswiz3jvdxbjzci6ikrfrkfvtfqifswic3rhdguiont9fq%3d%3d</small> </font> </div>
<div class="test-event"> <font color="maroon"> <small> &emsp; &emsp;--- 16 Oct 11:14:03 508 - <b>1</b> - Page Load Wait: (Sync) - ICar.support.Utils.waitForPageLoad(Utils.java:109)</small> </font> </div>
<div class="test-event"> <font color="maroon"> <small> &emsp; &emsp;--- 16 Oct 11:14:04 953 - Page URL:: https://i-car--staging.sandbox.lightning.force.com/one/one.app#eyjjb21wb25lbnrezwyioijmb3jjzvnlyxjjadpzzwfyy2hqywdlrgvza3rvccisimf0dhjpynv0zxmionsidgvybsi6ikdyb3nzasamiefzc29jawf0zxmsieluyyisinnjb3bltwfwijp7inr5cguioijut1bfukvtvuxuuyisim5hbwvzcgfjzsi6iiisimxhymvsijoivg9wifjlc3vsdhmilcjsywjlbfbsdxjhbci6ilrvccbszxn1bhrziiwicmvzdwx0c0ntcci6imzvcmnlu2vhcmnoonbyzwrpy3rlzfjlc3vsdhmifswiy29udgv4dci6eyjgsuxurvjtijp7fswic2vhcmnou291cmnlijoiqvntsvnuqu5ux0rjquxpryisimrpc2fibgvjbnrlbnrrdwvyesi6zmfsc2usimrpc2fibgvtcgvsbenvcnjly3rpb24iomzhbhnllcjzzwfyy2heawfsb2dtzxnzaw9uswqioii1mdmzoda5ns1jodvjlwvhnjytngu1ni0xotqyyzy5zji1n2qilcjkzwj1z0luzm8ionsiyxbwtmftzsi6ikldyxjfu2vydmljzv9db25zb2xliiwiyxbwvhlwzsi6iknvbnnvbguilcjhchboyw1lc3bhy2uioijjiiwibg9jyxrpb24ioijmb3jjztpvymply3rib21lrgvza3rvccisinnvymply3ruexblijoiqwnjb3vudcj9fswiz3jvdxbjzci6ikrfrkfvtfqifswic3rhdguiont9fq%3d%3d</small> </font> </div>
<div class="test-event"> <font color="maroon"> <small> &emsp; &emsp;--- 16 Oct 11:14:04 953 - <b>1</b> - Page Load Wait: (Sync) - ICar.support.Utils.waitForPageLoad(Utils.java:109)</small> </font> </div>
<div class="test-event"> <font color="maroon"> <small> &emsp; &emsp;--- 16 Oct 11:14:06 383 - Page URL:: https://i-car--staging.sandbox.lightning.force.com/one/one.app#eyjjb21wb25lbnrezwyioijmb3jjzvnlyxjjadpzzwfyy2hqywdlrgvza3rvccisimf0dhjpynv0zxmionsidgvybsi6ikdyb3nzasamiefzc29jawf0zxmsieluyyisinnjb3bltwfwijp7inr5cguioijut1bfukvtvuxuuyisim5hbwvzcgfjzsi6iiisimxhymvsijoivg9wifjlc3vsdhmilcjsywjlbfbsdxjhbci6ilrvccbszxn1bhrziiwicmvzdwx0c0ntcci6imzvcmnlu2vhcmnoonbyzwrpy3rlzfjlc3vsdhmifswiy29udgv4dci6eyjgsuxurvjtijp7fswic2vhcmnou291cmnlijoiqvntsvnuqu5ux0rjquxpryisimrpc2fibgvjbnrlbnrrdwvyesi6zmfsc2usimrpc2fibgvtcgvsbenvcnjly3rpb24iomzhbhnllcjzzwfyy2heawfsb2dtzxnzaw9uswqioii1mdmzoda5ns1jodvjlwvhnjytngu1ni0xotqyyzy5zji1n2qilcjkzwj1z0luzm8ionsiyxbwtmftzsi6ikldyxjfu2vydmljzv9db25zb2xliiwiyxbwvhlwzsi6iknvbnnvbguilcjhchboyw1lc3bhy2uioijjiiwibg9jyxrpb24ioijmb3jjztpvymply3rib21lrgvza3rvccisinnvymply3ruexblijoiqwnjb3vudcj9fswiz3jvdxbjzci6ikrfrkfvtfqifswic3rhdguiont9fq%3d%3d</small> </font> </div>
<div class="test-event"> <font color="maroon"> <small> &emsp; &emsp;--- 16 Oct 11:14:06 383 - <b>1</b> - Page Load Wait: (Sync) - ICar.support.Utils.waitForPageLoad(Utils.java:109)</small> </font> </div>
<div class="test-event"> <font color="maroon"> <small> &emsp; &emsp;--- 16 Oct 11:14:16 387 - Catched spinner load exception due to Expected condition failed: waiting for ICar.support.WaitUtils$4@714addf7 (tried for 10 second(s) with 500 milliseconds interval)</small> </font> </div>
<div class="test-event"> <font color="maroon"> <small> &emsp; &emsp;--- 16 Oct 11:14:16 387 - <b>10</b> - Spinner Load Wait: (Sync) - ICar.support.WaitUtils.waitForSpinner(WaitUtils.java:225)</small> </font> </div>
<div class="test-event"> <font color="maroon"> <small> &emsp; &emsp;--- 16 Oct 11:14:16 424 - Element is displayed:: [[ChromeDriver: chrome on WINDOWS (520bb0b6765d0aa9b9fa97309937d505)] -> css selector: div.forceSearchResultsRegion div.resultsMultiWrapper >div > div table tbody th a]</small> </font> </div>
<div class="test-event"> <font color="maroon"> <small> &emsp; &emsp;--- 16 Oct 11:14:16 529 - Element is displayed:: [[ChromeDriver: chrome on WINDOWS (520bb0b6765d0aa9b9fa97309937d505)] -> css selector: div.forceSearchResultsRegion div.resultsMultiWrapper >div > div table tbody th a]</small> </font> </div>
<div class="test-message">&emsp;4. click on Account : Grossi & Associates, Inc</div>
<div class="test-event"> <font color="maroon"> <small> &emsp; &emsp;--- 16 Oct 11:14:18 161 - Page URL:: https://i-car--staging.sandbox.lightning.force.com/one/one.app#eyjjb21wb25lbnrezwyioijmb3jjzvnlyxjjadpzzwfyy2hqywdlrgvza3rvccisimf0dhjpynv0zxmionsidgvybsi6ikdyb3nzasamiefzc29jawf0zxmsieluyyisinnjb3bltwfwijp7inr5cguioijut1bfukvtvuxuuyisim5hbwvzcgfjzsi6iiisimxhymvsijoivg9wifjlc3vsdhmilcjsywjlbfbsdxjhbci6ilrvccbszxn1bhrziiwicmvzdwx0c0ntcci6imzvcmnlu2vhcmnoonbyzwrpy3rlzfjlc3vsdhmifswiy29udgv4dci6eyjgsuxurvjtijp7fswic2vhcmnou291cmnlijoiqvntsvnuqu5ux0rjquxpryisimrpc2fibgvjbnrlbnrrdwvyesi6zmfsc2usimrpc2fibgvtcgvsbenvcnjly3rpb24iomzhbhnllcjzzwfyy2heawfsb2dtzxnzaw9uswqioii1mdmzoda5ns1jodvjlwvhnjytngu1ni0xotqyyzy5zji1n2qilcjkzwj1z0luzm8ionsiyxbwtmftzsi6ikldyxjfu2vydmljzv9db25zb2xliiwiyxbwvhlwzsi6iknvbnnvbguilcjhchboyw1lc3bhy2uioijjiiwibg9jyxrpb24ioijmb3jjztpvymply3rib21lrgvza3rvccisinnvymply3ruexblijoiqwnjb3vudcj9fswiz3jvdxbjzci6ikrfrkfvtfqifswic3rhdguiont9fq%3d%3d</small> </font> </div>
<div class="test-event"> <font color="maroon"> <small> &emsp; &emsp;--- 16 Oct 11:14:18 161 - <b>1</b> - Page Load Wait: (Sync) - ICar.support.Utils.waitForPageLoad(Utils.java:109)</small> </font> </div>
<div class="test-event"> <font color="maroon"> <small> &emsp; &emsp;--- 16 Oct 11:14:33 410 - Catched spinner load exception due to Expected condition failed: waiting for ICar.support.WaitUtils$4@714addf7 (tried for 15 second(s) with 500 milliseconds interval)</small> </font> </div>
<div class="test-event"> <font color="maroon"> <small> &emsp; &emsp;--- 16 Oct 11:14:33 410 - <b>15</b> - Spinner Load Wait: (Sync) - ICar.support.WaitUtils.waitForSpinner(WaitUtils.java:225)</small> </font> </div>
<div class="test-event"> <font color="maroon"> <small> &emsp; &emsp;--- 16 Oct 11:14:34 790 - Page URL:: https://i-car--staging.sandbox.lightning.force.com/lightning/r/account/0011i00000uwf9rqae/view</small> </font> </div>
<div class="test-event"> <font color="maroon"> <small> &emsp; &emsp;--- 16 Oct 11:14:34 790 - <b>1</b> - Page Load Wait: (Sync) - ICar.support.Utils.waitForPageLoad(Utils.java:109)</small> </font> </div>
<div class="test-event"> <font color="maroon"> <small> &emsp; &emsp;--- 16 Oct 11:14:36 923 - Element is displayed:: [[ChromeDriver: chrome on WINDOWS (520bb0b6765d0aa9b9fa97309937d505)] -> xpath: //a[@id='detailTab__item']]</small> </font> </div>
<div class="test-event"> <font color="maroon"> <small> &emsp; &emsp;--- 16 Oct 11:14:38 247 - Page URL:: https://i-car--staging.sandbox.lightning.force.com/lightning/r/account/0011i00000uwf9rqae/view</small> </font> </div>
<div class="test-event"> <font color="maroon"> <small> &emsp; &emsp;--- 16 Oct 11:14:38 247 - <b>1</b> - Page Load Wait: (Sync) - ICar.support.Utils.waitForPageLoad(Utils.java:109)</small> </font> </div>
<div class="test-event"> <font color="maroon"> <small> &emsp; &emsp;--- 16 Oct 11:14:53 434 - Catched spinner load exception due to Expected condition failed: waiting for ICar.support.WaitUtils$4@714addf7 (tried for 15 second(s) with 500 milliseconds interval)</small> </font> </div>
<div class="test-event"> <font color="maroon"> <small> &emsp; &emsp;--- 16 Oct 11:14:53 434 - <b>15</b> - Spinner Load Wait: (Sync) - ICar.support.WaitUtils.waitForSpinner(WaitUtils.java:225)</small> </font> </div>
<div class="test-event"> <font color="maroon"> <small> &emsp; &emsp;--- 16 Oct 11:14:54 741 - Page URL:: https://i-car--staging.sandbox.lightning.force.com/lightning/r/account/0011i00000uwf9rqae/view</small> </font> </div>
<div class="test-event"> <font color="maroon"> <small> &emsp; &emsp;--- 16 Oct 11:14:54 741 - <b>1</b> - Page Load Wait: (Sync) - ICar.support.Utils.waitForPageLoad(Utils.java:109)</small> </font> </div>
<div class="test-event"> <font color="maroon"> <small> &emsp; &emsp;--- 16 Oct 11:14:55 970 - Page URL:: https://i-car--staging.sandbox.lightning.force.com/lightning/r/account/0011i00000uwf9rqae/view</small> </font> </div>
<div class="test-event"> <font color="maroon"> <small> &emsp; &emsp;--- 16 Oct 11:14:55 970 - <b>1</b> - Page Load Wait: (Sync) - ICar.support.Utils.waitForPageLoad(Utils.java:109)</small> </font> </div>
<div class="test-event"> <font color="maroon"> <small> &emsp; &emsp;--- 16 Oct 11:15:19 757 - Unable to find an element after 5 sec ==> Proxy element for: AjaxElementLocator 'By.xpath: //button[@title='Edit Gold Class Renewal Date']'</small> </font> </div>
<div class="test-message">&emsp;Exception occurred  org.openqa.selenium.NoSuchElementException: Timed out after 3 seconds. Unable to locate the element</div>
<div class="test-message">&emsp;5.IS gold checked</div>
<div class="test-event"> <font color="maroon"> <small> &emsp; &emsp;--- 16 Oct 11:15:24 139 - Page URL:: https://i-car--staging.sandbox.lightning.force.com/lightning/r/account/0011i00000uwf9rqae/view</small> </font> </div>
<div class="test-event"> <font color="maroon"> <small> &emsp; &emsp;--- 16 Oct 11:15:24 140 - <b>1</b> - Page Load Wait: (Sync) - ICar.support.Utils.waitForPageLoad(Utils.java:109)</small> </font> </div>
<div class="test-event"> <font color="maroon"> <small> &emsp; &emsp;--- 16 Oct 11:15:32 511 - Catched spinner load exception due to Expected condition failed: waiting for ICar.support.WaitUtils$4@714addf7 (tried for 8 second(s) with 500 milliseconds interval)</small> </font> </div>
<div class="test-event"> <font color="maroon"> <small> &emsp; &emsp;--- 16 Oct 11:15:32 511 - <b>8</b> - Spinner Load Wait: (Sync) - ICar.support.WaitUtils.waitForSpinner(WaitUtils.java:225)</small> </font> </div>
<div class="test-event"> <font color="maroon"> <small> &emsp; &emsp;--- 16 Oct 11:15:33 803 - Page URL:: https://i-car--staging.sandbox.lightning.force.com/lightning/r/account/0011i00000uwf9rqae/view</small> </font> </div>
<div class="test-event"> <font color="maroon"> <small> &emsp; &emsp;--- 16 Oct 11:15:33 803 - <b>1</b> - Page Load Wait: (Sync) - ICar.support.Utils.waitForPageLoad(Utils.java:109)</small> </font> </div>
<div class="test-event"> <font color="maroon"> <small> &emsp; &emsp;--- 16 Oct 11:15:35 108 - Page URL:: https://i-car--staging.sandbox.lightning.force.com/lightning/r/account/0011i00000uwf9rqae/view</small> </font> </div>
<div class="test-event"> <font color="maroon"> <small> &emsp; &emsp;--- 16 Oct 11:15:35 108 - <b>1</b> - Page Load Wait: (Sync) - ICar.support.Utils.waitForPageLoad(Utils.java:109)</small> </font> </div>
<div class="test-event"> <font color="maroon"> <small> &emsp; &emsp;--- 16 Oct 11:15:43 515 - Catched spinner load exception due to Expected condition failed: waiting for ICar.support.WaitUtils$4@714addf7 (tried for 8 second(s) with 500 milliseconds interval)</small> </font> </div>
<div class="test-event"> <font color="maroon"> <small> &emsp; &emsp;--- 16 Oct 11:15:43 515 - <b>8</b> - Spinner Load Wait: (Sync) - ICar.support.WaitUtils.waitForSpinner(WaitUtils.java:225)</small> </font> </div>
<div class="test-event"> <font color="maroon"> <small> &emsp; &emsp;--- 16 Oct 11:15:44 833 - Page URL:: https://i-car--staging.sandbox.lightning.force.com/lightning/r/account/0011i00000uwf9rqae/view</small> </font> </div>
<div class="test-event"> <font color="maroon"> <small> &emsp; &emsp;--- 16 Oct 11:15:44 833 - <b>1</b> - Page Load Wait: (Sync) - ICar.support.Utils.waitForPageLoad(Utils.java:109)</small> </font> </div>
<div class="test-event"> <font color="maroon"> <small> &emsp; &emsp;--- 16 Oct 11:15:47 036 - Element is displayed:: [[ChromeDriver: chrome on WINDOWS (520bb0b6765d0aa9b9fa97309937d505)] -> xpath: //ul[@class='slds-button-group-list']/li[4]//button]</small> </font> </div>
<div class="test-event"> <font color="maroon"> <small> &emsp; &emsp;--- 16 Oct 11:15:47 129 - Element is displayed:: [[ChromeDriver: chrome on WINDOWS (520bb0b6765d0aa9b9fa97309937d505)] -> xpath: //ul[@class='slds-button-group-list']/li[4]//button]</small> </font> </div>
<div class="test-event"> <font color="maroon"> <small> &emsp; &emsp;--- 16 Oct 11:15:48 516 - Page URL:: https://i-car--staging.sandbox.lightning.force.com/lightning/r/account/0011i00000uwf9rqae/view</small> </font> </div>
<div class="test-event"> <font color="maroon"> <small> &emsp; &emsp;--- 16 Oct 11:15:48 517 - <b>1</b> - Page Load Wait: (Sync) - ICar.support.Utils.waitForPageLoad(Utils.java:109)</small> </font> </div>
<div class="test-event"> <font color="maroon"> <small> &emsp; &emsp;--- 16 Oct 11:15:56 923 - Catched spinner load exception due to Expected condition failed: waiting for ICar.support.WaitUtils$4@714addf7 (tried for 8 second(s) with 500 milliseconds interval)</small> </font> </div>
<div class="test-event"> <font color="maroon"> <small> &emsp; &emsp;--- 16 Oct 11:15:56 923 - <b>8</b> - Spinner Load Wait: (Sync) - ICar.support.WaitUtils.waitForSpinner(WaitUtils.java:225)</small> </font> </div>
<div class="test-event"> <font color="maroon"> <small> &emsp; &emsp;--- 16 Oct 11:15:59 032 - Element is displayed:: [[ChromeDriver: chrome on WINDOWS (520bb0b6765d0aa9b9fa97309937d505)] -> xpath: //lightning-menu-item[contains(@data-target-selection-name,'Account.Gold_Class_Status')]//a]</small> </font> </div>
<div class="test-event"> <font color="maroon"> <small> &emsp; &emsp;--- 16 Oct 11:16:00 644 - Page URL:: https://i-car--staging.sandbox.lightning.force.com/lightning/r/account/0011i00000uwf9rqae/view</small> </font> </div>
<div class="test-event"> <font color="maroon"> <small> &emsp; &emsp;--- 16 Oct 11:16:00 644 - <b>1</b> - Page Load Wait: (Sync) - ICar.support.Utils.waitForPageLoad(Utils.java:109)</small> </font> </div>
<div class="test-event"> <font color="maroon"> <small> &emsp; &emsp;--- 16 Oct 11:16:02 135 - Page URL:: https://i-car--staging.sandbox.lightning.force.com/lightning/r/account/0011i00000uwf9rqae/view</small> </font> </div>
<div class="test-event"> <font color="maroon"> <small> &emsp; &emsp;--- 16 Oct 11:16:02 135 - <b>1</b> - Page Load Wait: (Sync) - ICar.support.Utils.waitForPageLoad(Utils.java:109)</small> </font> </div>
<div class="test-event"> <font color="maroon"> <small> &emsp; &emsp;--- 16 Oct 11:16:17 245 - Catched spinner load exception due to Expected condition failed: waiting for ICar.support.WaitUtils$4@714addf7 (tried for 15 second(s) with 500 milliseconds interval)</small> </font> </div>
<div class="test-event"> <font color="maroon"> <small> &emsp; &emsp;--- 16 Oct 11:16:17 245 - <b>15</b> - Spinner Load Wait: (Sync) - ICar.support.WaitUtils.waitForSpinner(WaitUtils.java:225)</small> </font> </div>
<div class="test-event"> <font color="maroon"> <small> &emsp; &emsp;--- 16 Oct 11:16:18 606 - Page URL:: https://i-car--staging.sandbox.lightning.force.com/lightning/r/account/0011i00000uwf9rqae/view</small> </font> </div>
<div class="test-event"> <font color="maroon"> <small> &emsp; &emsp;--- 16 Oct 11:16:18 607 - <b>1</b> - Page Load Wait: (Sync) - ICar.support.Utils.waitForPageLoad(Utils.java:109)</small> </font> </div>
<div class="test-event"> <font color="maroon"> <small> &emsp; &emsp;--- 16 Oct 11:16:18 702 - Element is displayed:: [[ChromeDriver: chrome on WINDOWS (520bb0b6765d0aa9b9fa97309937d505)] -> xpath: //*[text()='Evaluate Now']]</small> </font> </div>
<div class="test-event"> <font color="maroon"> <small> &emsp; &emsp;--- 16 Oct 11:16:20 216 - Page URL:: https://i-car--staging.sandbox.lightning.force.com/lightning/r/account/0011i00000uwf9rqae/view</small> </font> </div>
<div class="test-event"> <font color="maroon"> <small> &emsp; &emsp;--- 16 Oct 11:16:20 217 - <b>1</b> - Page Load Wait: (Sync) - ICar.support.Utils.waitForPageLoad(Utils.java:109)</small> </font> </div>
<div class="test-event"> <font color="maroon"> <small> &emsp; &emsp;--- 16 Oct 11:16:35 297 - Catched spinner load exception due to Expected condition failed: waiting for ICar.support.WaitUtils$4@714addf7 (tried for 15 second(s) with 500 milliseconds interval)</small> </font> </div>
<div class="test-event"> <font color="maroon"> <small> &emsp; &emsp;--- 16 Oct 11:16:35 297 - <b>15</b> - Spinner Load Wait: (Sync) - ICar.support.WaitUtils.waitForSpinner(WaitUtils.java:225)</small> </font> </div>
<div class="test-event"> <font color="maroon"> <small> &emsp; &emsp;--- 16 Oct 11:16:36 693 - Page URL:: https://i-car--staging.sandbox.lightning.force.com/lightning/r/account/0011i00000uwf9rqae/view</small> </font> </div>
<div class="test-event"> <font color="maroon"> <small> &emsp; &emsp;--- 16 Oct 11:16:36 693 - <b>1</b> - Page Load Wait: (Sync) - ICar.support.Utils.waitForPageLoad(Utils.java:109)</small> </font> </div>
<div class="test-message">&emsp;6. Clicked the Evaluate now button</div>
<div class="test-event"> <font color="maroon"> <small> &emsp; &emsp;--- 16 Oct 11:16:36 784 - Element is displayed:: [[ChromeDriver: chrome on WINDOWS (520bb0b6765d0aa9b9fa97309937d505)] -> xpath: //button[contains(@class,'CancelButton')]]</small> </font> </div>
<div class="test-event"> <font color="maroon"> <small> &emsp; &emsp;--- 16 Oct 11:16:38 320 - Page URL:: https://i-car--staging.sandbox.lightning.force.com/lightning/r/account/0011i00000uwf9rqae/view</small> </font> </div>
<div class="test-event"> <font color="maroon"> <small> &emsp; &emsp;--- 16 Oct 11:16:38 320 - <b>1</b> - Page Load Wait: (Sync) - ICar.support.Utils.waitForPageLoad(Utils.java:109)</small> </font> </div>
<div class="test-event"> <font color="maroon"> <small> &emsp; &emsp;--- 16 Oct 11:16:39 898 - Page URL:: https://i-car--staging.sandbox.lightning.force.com/lightning/r/account/0011i00000uwf9rqae/view</small> </font> </div>
<div class="test-event"> <font color="maroon"> <small> &emsp; &emsp;--- 16 Oct 11:16:39 899 - <b>1</b> - Page Load Wait: (Sync) - ICar.support.Utils.waitForPageLoad(Utils.java:109)</small> </font> </div>
<div class="test-event"> <font color="maroon"> <small> &emsp; &emsp;--- 16 Oct 11:16:46 471 - Page URL:: https://i-car--staging.sandbox.lightning.force.com/lightning/r/account/0011i00000uwf9rqae/view</small> </font> </div>
<div class="test-event"> <font color="maroon"> <small> &emsp; &emsp;--- 16 Oct 11:16:46 471 - <b>1</b> - Page Load Wait: (Sync) - ICar.support.Utils.waitForPageLoad(Utils.java:109)</small> </font> </div>
<div class="test-event"> <font color="maroon"> <small> &emsp; &emsp;--- 16 Oct 11:16:52 374 - Page URL:: https://i-car--staging.sandbox.lightning.force.com/lightning/r/account/0011i00000uwf9rqae/view</small> </font> </div>
<div class="test-event"> <font color="maroon"> <small> &emsp; &emsp;--- 16 Oct 11:16:52 374 - <b>1</b> - Page Load Wait: (Sync) - ICar.support.Utils.waitForPageLoad(Utils.java:109)</small> </font> </div>
<div class="test-event"> <font color="maroon"> <small> &emsp; &emsp;--- 16 Oct 11:16:57 764 - Page URL:: https://i-car--staging.sandbox.lightning.force.com/lightning/o/account/list?filtername=accounts</small> </font> </div>
<div class="test-event"> <font color="maroon"> <small> &emsp; &emsp;--- 16 Oct 11:16:57 764 - <b>0</b> - Page Load Wait: (Sync) - ICar.support.Utils.waitForPageLoad(Utils.java:109)</small> </font> </div>
<div class="test-message">&emsp;Close the tab</div>
<div class="test-event"> <font color="maroon"> <small> &emsp; &emsp;--- 16 Oct 11:17:03 373 - Page URL:: https://i-car--staging.sandbox.lightning.force.com/lightning/o/account/list?filtername=accounts</small> </font> </div>
<div class="test-event"> <font color="maroon"> <small> &emsp; &emsp;--- 16 Oct 11:17:03 373 - <b>0</b> - Page Load Wait: (Sync) - ICar.support.Utils.waitForPageLoad(Utils.java:109)</small> </font> </div>
<div class="test-event"> <font color="maroon"> <small> &emsp; &emsp;--- 16 Oct 11:17:03 413 - Element is displayed:: [[ChromeDriver: chrome on WINDOWS (520bb0b6765d0aa9b9fa97309937d505)] -> css selector: button[class*='search-button']]</small> </font> </div>
<div class="test-event"> <font color="maroon"> <small> &emsp; &emsp;--- 16 Oct 11:17:05 517 - Catched spinner load exception due to Expected condition failed: waiting for ICar.support.WaitUtils$4@714addf7 (tried for 2 second(s) with 500 milliseconds interval)</small> </font> </div>
<div class="test-event"> <font color="maroon"> <small> &emsp; &emsp;--- 16 Oct 11:17:05 517 - <b>2</b> - Spinner Load Wait: (Sync) - ICar.support.WaitUtils.waitForSpinner(WaitUtils.java:225)</small> </font> </div>
<div class="test-event"> <font color="maroon"> <small> &emsp; &emsp;--- 16 Oct 11:17:08 589 - Element is displayed:: [[ChromeDriver: chrome on WINDOWS (520bb0b6765d0aa9b9fa97309937d505)] -> css selector: button[class*='search-button']]</small> </font> </div>
<div class="test-event"> <font color="maroon"> <small> &emsp; &emsp;--- 16 Oct 11:17:09 184 - Page URL:: https://i-car--staging.sandbox.lightning.force.com/lightning/o/account/list?filtername=accounts</small> </font> </div>
<div class="test-event"> <font color="maroon"> <small> &emsp; &emsp;--- 16 Oct 11:17:09 184 - <b>0</b> - Page Load Wait: (Sync) - ICar.support.Utils.waitForPageLoad(Utils.java:109)</small> </font> </div>
<div class="test-event"> <font color="maroon"> <small> &emsp; &emsp;--- 16 Oct 11:17:28 716 - Catched spinner load exception due to Expected condition failed: waiting for ICar.support.WaitUtils$4@714addf7 (tried for 10 second(s) with 500 milliseconds interval)</small> </font> </div>
<div class="test-event"> <font color="maroon"> <small> &emsp; &emsp;--- 16 Oct 11:17:28 716 - <b>10</b> - Spinner Load Wait: (Sync) - ICar.support.WaitUtils.waitForSpinner(WaitUtils.java:225)</small> </font> </div>
<div class="test-event"> <font color="maroon"> <small> &emsp; &emsp;--- 16 Oct 11:17:29 271 - Page URL:: https://i-car--staging.sandbox.lightning.force.com/one/one.app#eyjjb21wb25lbnrezwyioijmb3jjzvnlyxjjadpzzwfyy2hqywdlrgvza3rvccisimf0dhjpynv0zxmionsidgvybsi6ijiynjqzmdgilcjzy29wzu1hcci6eyj0exblijoive9qx1jfu1vmvfmilcjuyw1lc3bhy2uioiiilcjsywjlbci6ilrvccbszxn1bhrziiwibgfizwxqbhvyywwioijub3agumvzdwx0cyisinjlc3vsdhndbxaioijmb3jjzvnlyxjjadpwcmvkawn0zwrszxn1bhrzin0simnvbnrlehqionsirklmvevsuyi6e30sinnlyxjjafnvdxjjzsi6ikftu0ltvefovf9esufmt0cilcjkaxnhymxlsw50zw50uxvlcnkiomzhbhnllcjkaxnhymxlu3blbgxdb3jyzwn0aw9uijpmywxzzswic2vhcmnorglhbg9nu2vzc2lvbklkijoioti5mgu1ngmtmgq1ny1hytazlwmwzdqtzjy0zwixmge1zdi0iiwizgvidwdjbmzvijp7imfwce5hbwuioijjq2fyx1nlcnzpy2vfq29uc29szsisimfwcfr5cguioijdb25zb2xliiwiyxbwtmftzxnwywnlijoiyyisimxvy2f0aw9uijoizm9yy2u6b2jqzwn0sg9tzurlc2t0b3ailcjzb2jqzwn0vhlwzsi6ikfjy291bnqifx0simdyb3vwswqioijeruzbvuxuin0sinn0yxrlijp7fx0%3d</small> </font> </div>
<div class="test-event"> <font color="maroon"> <small> &emsp; &emsp;--- 16 Oct 11:17:29 271 - <b>0</b> - Page Load Wait: (Sync) - ICar.support.Utils.waitForPageLoad(Utils.java:109)</small> </font> </div>
<div class="test-event"> <font color="maroon"> <small> &emsp; &emsp;--- 16 Oct 11:17:40 392 - Catched spinner load exception due to Expected condition failed: waiting for ICar.support.WaitUtils$4@714addf7 (tried for 11 second(s) with 500 milliseconds interval)</small> </font> </div>
<div class="test-event"> <font color="maroon"> <small> &emsp; &emsp;--- 16 Oct 11:17:40 392 - <b>11</b> - Spinner Load Wait: (Sync) - ICar.support.WaitUtils.waitForSpinner(WaitUtils.java:225)</small> </font> </div>
<div class="test-event"> <font color="maroon"> <small> &emsp; &emsp;--- 16 Oct 11:17:40 889 - Page URL:: https://i-car--staging.sandbox.lightning.force.com/one/one.app#eyjjb21wb25lbnrezwyioijmb3jjzvnlyxjjadpzzwfyy2hqywdlrgvza3rvccisimf0dhjpynv0zxmionsidgvybsi6ijiynjqzmdgilcjzy29wzu1hcci6eyj0exblijoive9qx1jfu1vmvfmilcjuyw1lc3bhy2uioiiilcjsywjlbci6ilrvccbszxn1bhrziiwibgfizwxqbhvyywwioijub3agumvzdwx0cyisinjlc3vsdhndbxaioijmb3jjzvnlyxjjadpwcmvkawn0zwrszxn1bhrzin0simnvbnrlehqionsirklmvevsuyi6e30sinnlyxjjafnvdxjjzsi6ikftu0ltvefovf9esufmt0cilcjkaxnhymxlsw50zw50uxvlcnkiomzhbhnllcjkaxnhymxlu3blbgxdb3jyzwn0aw9uijpmywxzzswic2vhcmnorglhbg9nu2vzc2lvbklkijoioti5mgu1ngmtmgq1ny1hytazlwmwzdqtzjy0zwixmge1zdi0iiwizgvidwdjbmzvijp7imfwce5hbwuioijjq2fyx1nlcnzpy2vfq29uc29szsisimfwcfr5cguioijdb25zb2xliiwiyxbwtmftzxnwywnlijoiyyisimxvy2f0aw9uijoizm9yy2u6b2jqzwn0sg9tzurlc2t0b3ailcjzb2jqzwn0vhlwzsi6ikfjy291bnqifx0simdyb3vwswqioijeruzbvuxuin0sinn0yxrlijp7fx0%3d</small> </font> </div>
<div class="test-event"> <font color="maroon"> <small> &emsp; &emsp;--- 16 Oct 11:17:40 889 - <b>0</b> - Page Load Wait: (Sync) - ICar.support.Utils.waitForPageLoad(Utils.java:109)</small> </font> </div>
<div class="test-event"> <font color="maroon"> <small> &emsp; &emsp;--- 16 Oct 11:17:40 940 - Element is displayed:: [[ChromeDriver: chrome on WINDOWS (520bb0b6765d0aa9b9fa97309937d505)] -> xpath: //a[@title='Top Results']//span[text()='Top Results']]</small> </font> </div>
<div class="test-event"> <font color="maroon"> <small> &emsp; &emsp;--- 16 Oct 11:17:41 314 - Page URL:: https://i-car--staging.sandbox.lightning.force.com/one/one.app#eyjjb21wb25lbnrezwyioijmb3jjzvnlyxjjadpzzwfyy2hqywdlrgvza3rvccisimf0dhjpynv0zxmionsidgvybsi6ijiynjqzmdgilcjzy29wzu1hcci6eyj0exblijoive9qx1jfu1vmvfmilcjuyw1lc3bhy2uioiiilcjsywjlbci6ilrvccbszxn1bhrziiwibgfizwxqbhvyywwioijub3agumvzdwx0cyisinjlc3vsdhndbxaioijmb3jjzvnlyxjjadpwcmvkawn0zwrszxn1bhrzin0simnvbnrlehqionsirklmvevsuyi6e30sinnlyxjjafnvdxjjzsi6ikftu0ltvefovf9esufmt0cilcjkaxnhymxlsw50zw50uxvlcnkiomzhbhnllcjkaxnhymxlu3blbgxdb3jyzwn0aw9uijpmywxzzswic2vhcmnorglhbg9nu2vzc2lvbklkijoioti5mgu1ngmtmgq1ny1hytazlwmwzdqtzjy0zwixmge1zdi0iiwizgvidwdjbmzvijp7imfwce5hbwuioijjq2fyx1nlcnzpy2vfq29uc29szsisimfwcfr5cguioijdb25zb2xliiwiyxbwtmftzxnwywnlijoiyyisimxvy2f0aw9uijoizm9yy2u6b2jqzwn0sg9tzurlc2t0b3ailcjzb2jqzwn0vhlwzsi6ikfjy291bnqifx0simdyb3vwswqioijeruzbvuxuin0sinn0yxrlijp7fx0%3d</small> </font> </div>
<div class="test-event"> <font color="maroon"> <small> &emsp; &emsp;--- 16 Oct 11:17:41 314 - <b>0</b> - Page Load Wait: (Sync) - ICar.support.Utils.waitForPageLoad(Utils.java:109)</small> </font> </div>
<div class="test-event"> <font color="maroon"> <small> &emsp; &emsp;--- 16 Oct 11:17:46 586 - Catched spinner load exception due to Expected condition failed: waiting for ICar.support.WaitUtils$4@714addf7 (tried for 5 second(s) with 500 milliseconds interval)</small> </font> </div>
<div class="test-event"> <font color="maroon"> <small> &emsp; &emsp;--- 16 Oct 11:17:46 586 - <b>5</b> - Spinner Load Wait: (Sync) - ICar.support.WaitUtils.waitForSpinner(WaitUtils.java:225)</small> </font> </div>
<div class="test-event"> <font color="maroon"> <small> &emsp; &emsp;--- 16 Oct 11:17:47 126 - Page URL:: https://i-car--staging.sandbox.lightning.force.com/one/one.app#eyjjb21wb25lbnrezwyioijmb3jjzvnlyxjjadpzzwfyy2hqywdlrgvza3rvccisimf0dhjpynv0zxmionsidgvybsi6ijiynjqzmdgilcjzy29wzu1hcci6eyj0exblijoive9qx1jfu1vmvfmilcjuyw1lc3bhy2uioiiilcjsywjlbci6ilrvccbszxn1bhrziiwibgfizwxqbhvyywwioijub3agumvzdwx0cyisinjlc3vsdhndbxaioijmb3jjzvnlyxjjadpwcmvkawn0zwrszxn1bhrzin0simnvbnrlehqionsirklmvevsuyi6e30sinnlyxjjafnvdxjjzsi6ikftu0ltvefovf9esufmt0cilcjkaxnhymxlsw50zw50uxvlcnkiomzhbhnllcjkaxnhymxlu3blbgxdb3jyzwn0aw9uijpmywxzzswic2vhcmnorglhbg9nu2vzc2lvbklkijoioti5mgu1ngmtmgq1ny1hytazlwmwzdqtzjy0zwixmge1zdi0iiwizgvidwdjbmzvijp7imfwce5hbwuioijjq2fyx1nlcnzpy2vfq29uc29szsisimfwcfr5cguioijdb25zb2xliiwiyxbwtmftzxnwywnlijoiyyisimxvy2f0aw9uijoizm9yy2u6b2jqzwn0sg9tzurlc2t0b3ailcjzb2jqzwn0vhlwzsi6ikfjy291bnqifx0simdyb3vwswqioijeruzbvuxuin0sinn0yxrlijp7fx0%3d</small> </font> </div>
<div class="test-event"> <font color="maroon"> <small> &emsp; &emsp;--- 16 Oct 11:17:47 126 - <b>0</b> - Page Load Wait: (Sync) - ICar.support.Utils.waitForPageLoad(Utils.java:109)</small> </font> </div>
<div class="test-event"> <font color="maroon"> <small> &emsp; &emsp;--- 16 Oct 11:17:47 667 - Page URL:: https://i-car--staging.sandbox.lightning.force.com/one/one.app#eyjjb21wb25lbnrezwyioijmb3jjzvnlyxjjadpzzwfyy2hqywdlrgvza3rvccisimf0dhjpynv0zxmionsidgvybsi6ijiynjqzmdgilcjzy29wzu1hcci6eyj0exblijoive9qx1jfu1vmvfmilcjuyw1lc3bhy2uioiiilcjsywjlbci6ilrvccbszxn1bhrziiwibgfizwxqbhvyywwioijub3agumvzdwx0cyisinjlc3vsdhndbxaioijmb3jjzvnlyxjjadpwcmvkawn0zwrszxn1bhrzin0simnvbnrlehqionsirklmvevsuyi6e30sinnlyxjjafnvdxjjzsi6ikftu0ltvefovf9esufmt0cilcjkaxnhymxlsw50zw50uxvlcnkiomzhbhnllcjkaxnhymxlu3blbgxdb3jyzwn0aw9uijpmywxzzswic2vhcmnorglhbg9nu2vzc2lvbklkijoioti5mgu1ngmtmgq1ny1hytazlwmwzdqtzjy0zwixmge1zdi0iiwizgvidwdjbmzvijp7imfwce5hbwuioijjq2fyx1nlcnzpy2vfq29uc29szsisimfwcfr5cguioijdb25zb2xliiwiyxbwtmftzxnwywnlijoiyyisimxvy2f0aw9uijoizm9yy2u6b2jqzwn0sg9tzurlc2t0b3ailcjzb2jqzwn0vhlwzsi6ikfjy291bnqifx0simdyb3vwswqioijeruzbvuxuin0sinn0yxrlijp7fx0%3d</small> </font> </div>
<div class="test-event"> <font color="maroon"> <small> &emsp; &emsp;--- 16 Oct 11:17:47 667 - <b>0</b> - Page Load Wait: (Sync) - ICar.support.Utils.waitForPageLoad(Utils.java:109)</small> </font> </div>
<div class="test-event"> <font color="maroon"> <small> &emsp; &emsp;--- 16 Oct 11:17:48 215 - Page URL:: https://i-car--staging.sandbox.lightning.force.com/one/one.app#eyjjb21wb25lbnrezwyioijmb3jjzvnlyxjjadpzzwfyy2hqywdlrgvza3rvccisimf0dhjpynv0zxmionsidgvybsi6ijiynjqzmdgilcjzy29wzu1hcci6eyj0exblijoive9qx1jfu1vmvfmilcjuyw1lc3bhy2uioiiilcjsywjlbci6ilrvccbszxn1bhrziiwibgfizwxqbhvyywwioijub3agumvzdwx0cyisinjlc3vsdhndbxaioijmb3jjzvnlyxjjadpwcmvkawn0zwrszxn1bhrzin0simnvbnrlehqionsirklmvevsuyi6e30sinnlyxjjafnvdxjjzsi6ikftu0ltvefovf9esufmt0cilcjkaxnhymxlsw50zw50uxvlcnkiomzhbhnllcjkaxnhymxlu3blbgxdb3jyzwn0aw9uijpmywxzzswic2vhcmnorglhbg9nu2vzc2lvbklkijoioti5mgu1ngmtmgq1ny1hytazlwmwzdqtzjy0zwixmge1zdi0iiwizgvidwdjbmzvijp7imfwce5hbwuioijjq2fyx1nlcnzpy2vfq29uc29szsisimfwcfr5cguioijdb25zb2xliiwiyxbwtmftzxnwywnlijoiyyisimxvy2f0aw9uijoizm9yy2u6b2jqzwn0sg9tzurlc2t0b3ailcjzb2jqzwn0vhlwzsi6ikfjy291bnqifx0simdyb3vwswqioijeruzbvuxuin0sinn0yxrlijp7fx0%3d</small> </font> </div>
<div class="test-event"> <font color="maroon"> <small> &emsp; &emsp;--- 16 Oct 11:17:48 215 - <b>0</b> - Page Load Wait: (Sync) - ICar.support.Utils.waitForPageLoad(Utils.java:109)</small> </font> </div>
<div class="test-event"> <font color="maroon"> <small> &emsp; &emsp;--- 16 Oct 11:17:56 532 - Catched spinner load exception due to Expected condition failed: waiting for ICar.support.WaitUtils$4@714addf7 (tried for 8 second(s) with 500 milliseconds interval)</small> </font> </div>
<div class="test-event"> <font color="maroon"> <small> &emsp; &emsp;--- 16 Oct 11:17:56 532 - <b>8</b> - Spinner Load Wait: (Sync) - ICar.support.WaitUtils.waitForSpinner(WaitUtils.java:225)</small> </font> </div>
<div class="test-event"> <font color="maroon"> <small> &emsp; &emsp;--- 16 Oct 11:17:57 049 - Page URL:: https://i-car--staging.sandbox.lightning.force.com/one/one.app#eyjjb21wb25lbnrezwyioijmb3jjzvnlyxjjadpzzwfyy2hqywdlrgvza3rvccisimf0dhjpynv0zxmionsidgvybsi6ijiynjqzmdgilcjzy29wzu1hcci6eyj0exblijoive9qx1jfu1vmvfmilcjuyw1lc3bhy2uioiiilcjsywjlbci6ilrvccbszxn1bhrziiwibgfizwxqbhvyywwioijub3agumvzdwx0cyisinjlc3vsdhndbxaioijmb3jjzvnlyxjjadpwcmvkawn0zwrszxn1bhrzin0simnvbnrlehqionsirklmvevsuyi6e30sinnlyxjjafnvdxjjzsi6ikftu0ltvefovf9esufmt0cilcjkaxnhymxlsw50zw50uxvlcnkiomzhbhnllcjkaxnhymxlu3blbgxdb3jyzwn0aw9uijpmywxzzswic2vhcmnorglhbg9nu2vzc2lvbklkijoioti5mgu1ngmtmgq1ny1hytazlwmwzdqtzjy0zwixmge1zdi0iiwizgvidwdjbmzvijp7imfwce5hbwuioijjq2fyx1nlcnzpy2vfq29uc29szsisimfwcfr5cguioijdb25zb2xliiwiyxbwtmftzxnwywnlijoiyyisimxvy2f0aw9uijoizm9yy2u6b2jqzwn0sg9tzurlc2t0b3ailcjzb2jqzwn0vhlwzsi6ikfjy291bnqifx0simdyb3vwswqioijeruzbvuxuin0sinn0yxrlijp7fx0%3d</small> </font> </div>
<div class="test-event"> <font color="maroon"> <small> &emsp; &emsp;--- 16 Oct 11:17:57 049 - <b>0</b> - Page Load Wait: (Sync) - ICar.support.Utils.waitForPageLoad(Utils.java:109)</small> </font> </div>
<div class="test-event"> <font color="maroon"> <small> &emsp; &emsp;--- 16 Oct 11:17:59 155 - Element is displayed:: [[ChromeDriver: chrome on WINDOWS (520bb0b6765d0aa9b9fa97309937d505)] -> xpath: //div[contains(@class,'forceSearchResultsRegion')]//div[contains(@class,'resultsMultiWrapper')]/div/div[1]//following::h2//a]</small> </font> </div>
<div class="test-event"> <font color="maroon"> <small> &emsp; &emsp;--- 16 Oct 11:17:59 425 - Element is displayed:: [[ChromeDriver: chrome on WINDOWS (520bb0b6765d0aa9b9fa97309937d505)] -> xpath: //a[text()='Contacts']]</small> </font> </div>
<div class="test-event"> <font color="maroon"> <small> &emsp; &emsp;--- 16 Oct 11:18:04 025 - Element is displayed:: [[ChromeDriver: chrome on WINDOWS (520bb0b6765d0aa9b9fa97309937d505)] -> xpath: //div[text()='Contacts']//following :: table//tbody//th//span /a]</small> </font> </div>
<div class="test-message">&emsp;6. click on 'view all' on Platnium status in Sales force</div>
<div class="test-event"> <font color="maroon"> <small> &emsp; &emsp;--- 16 Oct 11:18:04 546 - Page URL:: https://i-car--staging.sandbox.lightning.force.com/one/one.app#eyjjb21wb25lbnrezwyioijmb3jjzvnlyxjjadpzzwfyy2hqywdlrgvza3rvccisimf0dhjpynv0zxmionsidgvybsi6ijiynjqzmdgilcjzy29wzu1hcci6eyj0exblijoive9qx1jfu1vmvfmilcjuyw1lc3bhy2uioiiilcjsywjlbci6ilrvccbszxn1bhrziiwibgfizwxqbhvyywwioijub3agumvzdwx0cyisinjlc3vsdhndbxaioijmb3jjzvnlyxjjadpwcmvkawn0zwrszxn1bhrzin0simnvbnrlehqionsirklmvevsuyi6e30sinnlyxjjafnvdxjjzsi6ikftu0ltvefovf9esufmt0cilcjkaxnhymxlsw50zw50uxvlcnkiomzhbhnllcjkaxnhymxlu3blbgxdb3jyzwn0aw9uijpmywxzzswic2vhcmnorglhbg9nu2vzc2lvbklkijoioti5mgu1ngmtmgq1ny1hytazlwmwzdqtzjy0zwixmge1zdi0iiwizgvidwdjbmzvijp7imfwce5hbwuioijjq2fyx1nlcnzpy2vfq29uc29szsisimfwcfr5cguioijdb25zb2xliiwiyxbwtmftzxnwywnlijoiyyisimxvy2f0aw9uijoizm9yy2u6b2jqzwn0sg9tzurlc2t0b3ailcjzb2jqzwn0vhlwzsi6ikfjy291bnqifx0simdyb3vwswqioijeruzbvuxuin0sinn0yxrlijp7fx0%3d</small> </font> </div>
<div class="test-event"> <font color="maroon"> <small> &emsp; &emsp;--- 16 Oct 11:18:04 546 - <b>0</b> - Page Load Wait: (Sync) - ICar.support.Utils.waitForPageLoad(Utils.java:109)</small> </font> </div>
<div class="test-event"> <font color="maroon"> <small> &emsp; &emsp;--- 16 Oct 11:18:24 934 - Catched spinner load exception due to Expected condition failed: waiting for ICar.support.WaitUtils$4@714addf7 (tried for 20 second(s) with 500 milliseconds interval)</small> </font> </div>
<div class="test-event"> <font color="maroon"> <small> &emsp; &emsp;--- 16 Oct 11:18:24 934 - <b>20</b> - Spinner Load Wait: (Sync) - ICar.support.WaitUtils.waitForSpinner(WaitUtils.java:225)</small> </font> </div>
<div class="test-event"> <font color="maroon"> <small> &emsp; &emsp;--- 16 Oct 11:18:25 455 - Page URL:: https://i-car--staging.sandbox.lightning.force.com/lightning/r/contact/0031i00000nuecbqa2/view</small> </font> </div>
<div class="test-event"> <font color="maroon"> <small> &emsp; &emsp;--- 16 Oct 11:18:25 455 - <b>0</b> - Page Load Wait: (Sync) - ICar.support.Utils.waitForPageLoad(Utils.java:109)</small> </font> </div>
<div class="test-event"> <font color="maroon"> <small> &emsp; &emsp;--- 16 Oct 11:18:30 641 - Catched spinner load exception due to Expected condition failed: waiting for ICar.support.WaitUtils$4@714addf7 (tried for 5 second(s) with 500 milliseconds interval)</small> </font> </div>
<div class="test-event"> <font color="maroon"> <small> &emsp; &emsp;--- 16 Oct 11:18:30 641 - <b>5</b> - Spinner Load Wait: (Sync) - ICar.support.WaitUtils.waitForSpinner(WaitUtils.java:225)</small> </font> </div>
<div class="test-event"> <font color="maroon"> <small> &emsp; &emsp;--- 16 Oct 11:18:31 482 - Page URL:: https://i-car--staging.sandbox.lightning.force.com/lightning/r/contact/0031i00000nuecbqa2/view</small> </font> </div>
<div class="test-event"> <font color="maroon"> <small> &emsp; &emsp;--- 16 Oct 11:18:31 482 - <b>0</b> - Page Load Wait: (Sync) - ICar.support.Utils.waitForPageLoad(Utils.java:109)</small> </font> </div>
<!--FAIL-->
<div class="test-result"><br><font color="red"><strong> Index 0 out of bounds for length 0 </strong></font> <a href=".\ScreenShot\ICar_BAM776_TC02_45082082656600.png" target="_blank" >[ScreenShot]</a></div>&emsp;
&emsp;<div class="test-title"> <strong><font size = "3" color = "#0000FF">---Test Execution Ends---</font> </strong> </div>&emsp;
<div class="test-event"> <font color="maroon"> <small> &emsp; &emsp;--- 16 Oct 11:18:35 404 - TestCaseID:: ICar_BAM776_TC03</small> </font> </div>
<div class="test-event"> <font color="maroon"> <small> &emsp; &emsp;--- 16 Oct 11:18:36 303 - <b>0</b> - Driver::initialize::Get - ICar.support.WebDriverFactory.getDriver(WebDriverFactory.java:640)</small> </font> </div>
&emsp;<div class="test-title"> <strong><font size = "3" color = "#000080">The platinum evaluator should run when: An exception date is entered</font> </strong> </div>&emsp;<div><strong>Steps:</strong></div><!-- Report -->&emsp;
<div class="test-event"> <font color="maroon"> <small> &emsp; &emsp;--- 16 Oct 11:18:42 240 - Page URL:: https://i-car--staging.sandbox.my.salesforce.com/</small> </font> </div>
<div class="test-event"> <font color="maroon"> <small> &emsp; &emsp;--- 16 Oct 11:18:42 240 - <b>0</b> - Page Load Wait: (Sync) - ICar.support.Utils.waitForPageLoad(Utils.java:109)</small> </font> </div>
<div class="test-message">&emsp;Successfully navigated to 'Login' Page&emsp;<a href=".\ScreenShot\ICar_BAM776_TC03_45089668682900.png" target="_blank" >[ScreenShot]</a></div>
<div class="test-message">&emsp;1. Login page is launched.</div>
<div class="test-event"> <font color="maroon"> <small> &emsp; &emsp;--- 16 Oct 11:18:42 578 - Element is displayed:: [[ChromeDriver: chrome on WINDOWS (0cbba96ca6f476c419eba1502d831173)] -> id: username]</small> </font> </div>
<div class="test-event"> <font color="maroon"> <small> &emsp; &emsp;--- 16 Oct 11:18:42 659 - Element is displayed:: [[ChromeDriver: chrome on WINDOWS (0cbba96ca6f476c419eba1502d831173)] -> id: username]</small> </font> </div>
<div class="test-event"> <font color="maroon"> <small> &emsp; &emsp;--- 16 Oct 11:18:42 937 - Element is displayed:: [[ChromeDriver: chrome on WINDOWS (0cbba96ca6f476c419eba1502d831173)] -> id: password]</small> </font> </div>
<div class="test-event"> <font color="maroon"> <small> &emsp; &emsp;--- 16 Oct 11:18:43 127 - Element is displayed:: [[ChromeDriver: chrome on WINDOWS (0cbba96ca6f476c419eba1502d831173)] -> id: Login]</small> </font> </div>
<div class="test-event"> <font color="maroon"> <small> &emsp; &emsp;--- 16 Oct 11:19:12 102 - Catched spinner load exception due to Expected condition failed: waiting for ICar.support.WaitUtils$4@714addf7 (tried for 13 second(s) with 500 milliseconds interval)</small> </font> </div>
<div class="test-event"> <font color="maroon"> <small> &emsp; &emsp;--- 16 Oct 11:19:12 102 - <b>13</b> - Spinner Load Wait: (Sync) - ICar.support.WaitUtils.waitForSpinner(WaitUtils.java:225)</small> </font> </div>
<div class="test-event"> <font color="maroon"> <small> &emsp; &emsp;--- 16 Oct 11:19:29 762 - Catched spinner load exception due to Expected condition failed: waiting for ICar.support.WaitUtils$4@714addf7 (tried for 6 second(s) with 500 milliseconds interval)</small> </font> </div>
<div class="test-event"> <font color="maroon"> <small> &emsp; &emsp;--- 16 Oct 11:19:29 762 - <b>6</b> - Spinner Load Wait: (Sync) - ICar.support.WaitUtils.waitForSpinner(WaitUtils.java:225)</small> </font> </div>
<div class="test-event"> <font color="maroon"> <small> &emsp; &emsp;--- 16 Oct 11:19:29 826 - Element is displayed:: [[ChromeDriver: chrome on WINDOWS (0cbba96ca6f476c419eba1502d831173)] -> css selector: button[class*='search-button']]</small> </font> </div>
<div class="test-message">&emsp;2. Navigate to 'SalesForce Page'</div>
<div class="test-event"> <font color="maroon"> <small> &emsp; &emsp;--- 16 Oct 11:19:30 052 - Page URL:: https://i-car--staging.sandbox.lightning.force.com/lightning/r/contact/0031i00000nuecbqa2/view</small> </font> </div>
<div class="test-event"> <font color="maroon"> <small> &emsp; &emsp;--- 16 Oct 11:19:30 052 - <b>0</b> - Page Load Wait: (Sync) - ICar.support.Utils.waitForPageLoad(Utils.java:109)</small> </font> </div>
<div class="test-event"> <font color="maroon"> <small> &emsp; &emsp;--- 16 Oct 11:19:35 390 - Page URL:: https://i-car--staging.sandbox.lightning.force.com/lightning/r/contact/0031i00000nuecbqa2/view</small> </font> </div>
<div class="test-event"> <font color="maroon"> <small> &emsp; &emsp;--- 16 Oct 11:19:35 390 - <b>0</b> - Page Load Wait: (Sync) - ICar.support.Utils.waitForPageLoad(Utils.java:109)</small> </font> </div>
<div class="test-message">&emsp;Close the tab</div>
<div class="test-message">&emsp;Successfully navigated to 'Login' Page&emsp;<a href=".\ScreenShot\ICar_BAM776_TC03_45147935407900.png" target="_blank" >[ScreenShot]</a></div>
<div class="test-message">&emsp;3. Enter the user credentials as : icaradminautomation3@i-car.com.staging</div>
<div class="test-event"> <font color="maroon"> <small> &emsp; &emsp;--- 16 Oct 11:19:41 058 - Page URL:: https://i-car--staging.sandbox.lightning.force.com/lightning/o/account/list?filtername=accounts</small> </font> </div>
<div class="test-event"> <font color="maroon"> <small> &emsp; &emsp;--- 16 Oct 11:19:41 058 - <b>0</b> - Page Load Wait: (Sync) - ICar.support.Utils.waitForPageLoad(Utils.java:109)</small> </font> </div>
<div class="test-event"> <font color="maroon"> <small> &emsp; &emsp;--- 16 Oct 11:19:46 422 - Page URL:: https://i-car--staging.sandbox.lightning.force.com/lightning/o/account/list?filtername=accounts</small> </font> </div>
<div class="test-event"> <font color="maroon"> <small> &emsp; &emsp;--- 16 Oct 11:19:46 422 - <b>0</b> - Page Load Wait: (Sync) - ICar.support.Utils.waitForPageLoad(Utils.java:109)</small> </font> </div>
<div class="test-message">&emsp;Close the tab</div>
<div class="test-event"> <font color="maroon"> <small> &emsp; &emsp;--- 16 Oct 11:19:51 832 - Page URL:: https://i-car--staging.sandbox.lightning.force.com/lightning/o/account/list?filtername=accounts</small> </font> </div>
<div class="test-event"> <font color="maroon"> <small> &emsp; &emsp;--- 16 Oct 11:19:51 832 - <b>0</b> - Page Load Wait: (Sync) - ICar.support.Utils.waitForPageLoad(Utils.java:109)</small> </font> </div>
<div class="test-event"> <font color="maroon"> <small> &emsp; &emsp;--- 16 Oct 11:19:51 877 - Element is displayed:: [[ChromeDriver: chrome on WINDOWS (0cbba96ca6f476c419eba1502d831173)] -> css selector: button[class*='search-button']]</small> </font> </div>
<div class="test-event"> <font color="maroon"> <small> &emsp; &emsp;--- 16 Oct 11:19:53 953 - Catched spinner load exception due to Expected condition failed: waiting for ICar.support.WaitUtils$4@714addf7 (tried for 2 second(s) with 500 milliseconds interval)</small> </font> </div>
<div class="test-event"> <font color="maroon"> <small> &emsp; &emsp;--- 16 Oct 11:19:53 954 - <b>2</b> - Spinner Load Wait: (Sync) - ICar.support.WaitUtils.waitForSpinner(WaitUtils.java:225)</small> </font> </div>
<div class="test-event"> <font color="maroon"> <small> &emsp; &emsp;--- 16 Oct 11:19:57 022 - Element is displayed:: [[ChromeDriver: chrome on WINDOWS (0cbba96ca6f476c419eba1502d831173)] -> css selector: button[class*='search-button']]</small> </font> </div>
<div class="test-event"> <font color="maroon"> <small> &emsp; &emsp;--- 16 Oct 11:19:57 641 - Page URL:: https://i-car--staging.sandbox.lightning.force.com/lightning/o/account/list?filtername=accounts</small> </font> </div>
<div class="test-event"> <font color="maroon"> <small> &emsp; &emsp;--- 16 Oct 11:19:57 641 - <b>0</b> - Page Load Wait: (Sync) - ICar.support.Utils.waitForPageLoad(Utils.java:109)</small> </font> </div>
<div class="test-event"> <font color="maroon"> <small> &emsp; &emsp;--- 16 Oct 11:20:17 742 - Catched spinner load exception due to Expected condition failed: waiting for ICar.support.WaitUtils$4@714addf7 (tried for 10 second(s) with 500 milliseconds interval)</small> </font> </div>
<div class="test-event"> <font color="maroon"> <small> &emsp; &emsp;--- 16 Oct 11:20:17 742 - <b>10</b> - Spinner Load Wait: (Sync) - ICar.support.WaitUtils.waitForSpinner(WaitUtils.java:225)</small> </font> </div>
<div class="test-event"> <font color="maroon"> <small> &emsp; &emsp;--- 16 Oct 11:20:19 233 - Page URL:: https://i-car--staging.sandbox.lightning.force.com/one/one.app#eyjjb21wb25lbnrezwyioijmb3jjzvnlyxjjadpzzwfyy2hqywdlrgvza3rvccisimf0dhjpynv0zxmionsidgvybsi6ikdyb3nzasamiefzc29jawf0zxmsieluyyisinnjb3bltwfwijp7inr5cguioijut1bfukvtvuxuuyisim5hbwvzcgfjzsi6iiisimxhymvsijoivg9wifjlc3vsdhmilcjsywjlbfbsdxjhbci6ilrvccbszxn1bhrziiwicmvzdwx0c0ntcci6imzvcmnlu2vhcmnoonbyzwrpy3rlzfjlc3vsdhmifswiy29udgv4dci6eyjgsuxurvjtijp7fswic2vhcmnou291cmnlijoiqvntsvnuqu5ux0rjquxpryisimrpc2fibgvjbnrlbnrrdwvyesi6zmfsc2usimrpc2fibgvtcgvsbenvcnjly3rpb24iomzhbhnllcjzzwfyy2heawfsb2dtzxnzaw9uswqioiiwztvhm2nhyi04mzkzltgxztkty2y0zs1lyzuwothmzdm5ngmilcjkzwj1z0luzm8ionsiyxbwtmftzsi6ikldyxjfu2vydmljzv9db25zb2xliiwiyxbwvhlwzsi6iknvbnnvbguilcjhchboyw1lc3bhy2uioijjiiwibg9jyxrpb24ioijmb3jjztpvymply3rib21lrgvza3rvccisinnvymply3ruexblijoiqwnjb3vudcj9fswiz3jvdxbjzci6ikrfrkfvtfqifswic3rhdguiont9fq%3d%3d</small> </font> </div>
<div class="test-event"> <font color="maroon"> <small> &emsp; &emsp;--- 16 Oct 11:20:19 233 - <b>1</b> - Page Load Wait: (Sync) - ICar.support.Utils.waitForPageLoad(Utils.java:109)</small> </font> </div>
<div class="test-event"> <font color="maroon"> <small> &emsp; &emsp;--- 16 Oct 11:20:30 238 - Catched spinner load exception due to Expected condition failed: waiting for ICar.support.WaitUtils$4@714addf7 (tried for 11 second(s) with 500 milliseconds interval)</small> </font> </div>
<div class="test-event"> <font color="maroon"> <small> &emsp; &emsp;--- 16 Oct 11:20:30 239 - <b>11</b> - Spinner Load Wait: (Sync) - ICar.support.WaitUtils.waitForSpinner(WaitUtils.java:225)</small> </font> </div>
<div class="test-event"> <font color="maroon"> <small> &emsp; &emsp;--- 16 Oct 11:20:31 668 - Page URL:: https://i-car--staging.sandbox.lightning.force.com/one/one.app#eyjjb21wb25lbnrezwyioijmb3jjzvnlyxjjadpzzwfyy2hqywdlrgvza3rvccisimf0dhjpynv0zxmionsidgvybsi6ikdyb3nzasamiefzc29jawf0zxmsieluyyisinnjb3bltwfwijp7inr5cguioijut1bfukvtvuxuuyisim5hbwvzcgfjzsi6iiisimxhymvsijoivg9wifjlc3vsdhmilcjsywjlbfbsdxjhbci6ilrvccbszxn1bhrziiwicmvzdwx0c0ntcci6imzvcmnlu2vhcmnoonbyzwrpy3rlzfjlc3vsdhmifswiy29udgv4dci6eyjgsuxurvjtijp7fswic2vhcmnou291cmnlijoiqvntsvnuqu5ux0rjquxpryisimrpc2fibgvjbnrlbnrrdwvyesi6zmfsc2usimrpc2fibgvtcgvsbenvcnjly3rpb24iomzhbhnllcjzzwfyy2heawfsb2dtzxnzaw9uswqioiiwztvhm2nhyi04mzkzltgxztkty2y0zs1lyzuwothmzdm5ngmilcjkzwj1z0luzm8ionsiyxbwtmftzsi6ikldyxjfu2vydmljzv9db25zb2xliiwiyxbwvhlwzsi6iknvbnnvbguilcjhchboyw1lc3bhy2uioijjiiwibg9jyxrpb24ioijmb3jjztpvymply3rib21lrgvza3rvccisinnvymply3ruexblijoiqwnjb3vudcj9fswiz3jvdxbjzci6ikrfrkfvtfqifswic3rhdguiont9fq%3d%3d</small> </font> </div>
<div class="test-event"> <font color="maroon"> <small> &emsp; &emsp;--- 16 Oct 11:20:31 668 - <b>1</b> - Page Load Wait: (Sync) - ICar.support.Utils.waitForPageLoad(Utils.java:109)</small> </font> </div>
<div class="test-event"> <font color="maroon"> <small> &emsp; &emsp;--- 16 Oct 11:20:31 728 - Element is displayed:: [[ChromeDriver: chrome on WINDOWS (0cbba96ca6f476c419eba1502d831173)] -> xpath: //a[@title='Top Results']//span[text()='Top Results']]</small> </font> </div>
<div class="test-event"> <font color="maroon"> <small> &emsp; &emsp;--- 16 Oct 11:20:32 230 - Page URL:: https://i-car--staging.sandbox.lightning.force.com/one/one.app#eyjjb21wb25lbnrezwyioijmb3jjzvnlyxjjadpzzwfyy2hqywdlrgvza3rvccisimf0dhjpynv0zxmionsidgvybsi6ikdyb3nzasamiefzc29jawf0zxmsieluyyisinnjb3bltwfwijp7inr5cguioijut1bfukvtvuxuuyisim5hbwvzcgfjzsi6iiisimxhymvsijoivg9wifjlc3vsdhmilcjsywjlbfbsdxjhbci6ilrvccbszxn1bhrziiwicmvzdwx0c0ntcci6imzvcmnlu2vhcmnoonbyzwrpy3rlzfjlc3vsdhmifswiy29udgv4dci6eyjgsuxurvjtijp7fswic2vhcmnou291cmnlijoiqvntsvnuqu5ux0rjquxpryisimrpc2fibgvjbnrlbnrrdwvyesi6zmfsc2usimrpc2fibgvtcgvsbenvcnjly3rpb24iomzhbhnllcjzzwfyy2heawfsb2dtzxnzaw9uswqioiiwztvhm2nhyi04mzkzltgxztkty2y0zs1lyzuwothmzdm5ngmilcjkzwj1z0luzm8ionsiyxbwtmftzsi6ikldyxjfu2vydmljzv9db25zb2xliiwiyxbwvhlwzsi6iknvbnnvbguilcjhchboyw1lc3bhy2uioijjiiwibg9jyxrpb24ioijmb3jjztpvymply3rib21lrgvza3rvccisinnvymply3ruexblijoiqwnjb3vudcj9fswiz3jvdxbjzci6ikrfrkfvtfqifswic3rhdguiont9fq%3d%3d</small> </font> </div>
<div class="test-event"> <font color="maroon"> <small> &emsp; &emsp;--- 16 Oct 11:20:32 230 - <b>0</b> - Page Load Wait: (Sync) - ICar.support.Utils.waitForPageLoad(Utils.java:109)</small> </font> </div>
<div class="test-event"> <font color="maroon"> <small> &emsp; &emsp;--- 16 Oct 11:20:37 744 - Catched spinner load exception due to Expected condition failed: waiting for ICar.support.WaitUtils$4@714addf7 (tried for 5 second(s) with 500 milliseconds interval)</small> </font> </div>
<div class="test-event"> <font color="maroon"> <small> &emsp; &emsp;--- 16 Oct 11:20:37 744 - <b>5</b> - Spinner Load Wait: (Sync) - ICar.support.WaitUtils.waitForSpinner(WaitUtils.java:225)</small> </font> </div>
<div class="test-event"> <font color="maroon"> <small> &emsp; &emsp;--- 16 Oct 11:20:39 203 - Page URL:: https://i-car--staging.sandbox.lightning.force.com/one/one.app#eyjjb21wb25lbnrezwyioijmb3jjzvnlyxjjadpzzwfyy2hqywdlrgvza3rvccisimf0dhjpynv0zxmionsidgvybsi6ikdyb3nzasamiefzc29jawf0zxmsieluyyisinnjb3bltwfwijp7inr5cguioijut1bfukvtvuxuuyisim5hbwvzcgfjzsi6iiisimxhymvsijoivg9wifjlc3vsdhmilcjsywjlbfbsdxjhbci6ilrvccbszxn1bhrziiwicmvzdwx0c0ntcci6imzvcmnlu2vhcmnoonbyzwrpy3rlzfjlc3vsdhmifswiy29udgv4dci6eyjgsuxurvjtijp7fswic2vhcmnou291cmnlijoiqvntsvnuqu5ux0rjquxpryisimrpc2fibgvjbnrlbnrrdwvyesi6zmfsc2usimrpc2fibgvtcgvsbenvcnjly3rpb24iomzhbhnllcjzzwfyy2heawfsb2dtzxnzaw9uswqioiiwztvhm2nhyi04mzkzltgxztkty2y0zs1lyzuwothmzdm5ngmilcjkzwj1z0luzm8ionsiyxbwtmftzsi6ikldyxjfu2vydmljzv9db25zb2xliiwiyxbwvhlwzsi6iknvbnnvbguilcjhchboyw1lc3bhy2uioijjiiwibg9jyxrpb24ioijmb3jjztpvymply3rib21lrgvza3rvccisinnvymply3ruexblijoiqwnjb3vudcj9fswiz3jvdxbjzci6ikrfrkfvtfqifswic3rhdguiont9fq%3d%3d</small> </font> </div>
<div class="test-event"> <font color="maroon"> <small> &emsp; &emsp;--- 16 Oct 11:20:39 203 - <b>1</b> - Page Load Wait: (Sync) - ICar.support.Utils.waitForPageLoad(Utils.java:109)</small> </font> </div>
<div class="test-event"> <font color="maroon"> <small> &emsp; &emsp;--- 16 Oct 11:20:40 635 - Page URL:: https://i-car--staging.sandbox.lightning.force.com/one/one.app#eyjjb21wb25lbnrezwyioijmb3jjzvnlyxjjadpzzwfyy2hqywdlrgvza3rvccisimf0dhjpynv0zxmionsidgvybsi6ikdyb3nzasamiefzc29jawf0zxmsieluyyisinnjb3bltwfwijp7inr5cguioijut1bfukvtvuxuuyisim5hbwvzcgfjzsi6iiisimxhymvsijoivg9wifjlc3vsdhmilcjsywjlbfbsdxjhbci6ilrvccbszxn1bhrziiwicmvzdwx0c0ntcci6imzvcmnlu2vhcmnoonbyzwrpy3rlzfjlc3vsdhmifswiy29udgv4dci6eyjgsuxurvjtijp7fswic2vhcmnou291cmnlijoiqvntsvnuqu5ux0rjquxpryisimrpc2fibgvjbnrlbnrrdwvyesi6zmfsc2usimrpc2fibgvtcgvsbenvcnjly3rpb24iomzhbhnllcjzzwfyy2heawfsb2dtzxnzaw9uswqioiiwztvhm2nhyi04mzkzltgxztkty2y0zs1lyzuwothmzdm5ngmilcjkzwj1z0luzm8ionsiyxbwtmftzsi6ikldyxjfu2vydmljzv9db25zb2xliiwiyxbwvhlwzsi6iknvbnnvbguilcjhchboyw1lc3bhy2uioijjiiwibg9jyxrpb24ioijmb3jjztpvymply3rib21lrgvza3rvccisinnvymply3ruexblijoiqwnjb3vudcj9fswiz3jvdxbjzci6ikrfrkfvtfqifswic3rhdguiont9fq%3d%3d</small> </font> </div>
<div class="test-event"> <font color="maroon"> <small> &emsp; &emsp;--- 16 Oct 11:20:40 635 - <b>1</b> - Page Load Wait: (Sync) - ICar.support.Utils.waitForPageLoad(Utils.java:109)</small> </font> </div>
<div class="test-event"> <font color="maroon"> <small> &emsp; &emsp;--- 16 Oct 11:20:41 999 - Page URL:: https://i-car--staging.sandbox.lightning.force.com/one/one.app#eyjjb21wb25lbnrezwyioijmb3jjzvnlyxjjadpzzwfyy2hqywdlrgvza3rvccisimf0dhjpynv0zxmionsidgvybsi6ikdyb3nzasamiefzc29jawf0zxmsieluyyisinnjb3bltwfwijp7inr5cguioijut1bfukvtvuxuuyisim5hbwvzcgfjzsi6iiisimxhymvsijoivg9wifjlc3vsdhmilcjsywjlbfbsdxjhbci6ilrvccbszxn1bhrziiwicmvzdwx0c0ntcci6imzvcmnlu2vhcmnoonbyzwrpy3rlzfjlc3vsdhmifswiy29udgv4dci6eyjgsuxurvjtijp7fswic2vhcmnou291cmnlijoiqvntsvnuqu5ux0rjquxpryisimrpc2fibgvjbnrlbnrrdwvyesi6zmfsc2usimrpc2fibgvtcgvsbenvcnjly3rpb24iomzhbhnllcjzzwfyy2heawfsb2dtzxnzaw9uswqioiiwztvhm2nhyi04mzkzltgxztkty2y0zs1lyzuwothmzdm5ngmilcjkzwj1z0luzm8ionsiyxbwtmftzsi6ikldyxjfu2vydmljzv9db25zb2xliiwiyxbwvhlwzsi6iknvbnnvbguilcjhchboyw1lc3bhy2uioijjiiwibg9jyxrpb24ioijmb3jjztpvymply3rib21lrgvza3rvccisinnvymply3ruexblijoiqwnjb3vudcj9fswiz3jvdxbjzci6ikrfrkfvtfqifswic3rhdguiont9fq%3d%3d</small> </font> </div>
<div class="test-event"> <font color="maroon"> <small> &emsp; &emsp;--- 16 Oct 11:20:41 999 - <b>1</b> - Page Load Wait: (Sync) - ICar.support.Utils.waitForPageLoad(Utils.java:109)</small> </font> </div>
<div class="test-event"> <font color="maroon"> <small> &emsp; &emsp;--- 16 Oct 11:20:52 430 - Catched spinner load exception due to Expected condition failed: waiting for ICar.support.WaitUtils$4@714addf7 (tried for 10 second(s) with 500 milliseconds interval)</small> </font> </div>
<div class="test-event"> <font color="maroon"> <small> &emsp; &emsp;--- 16 Oct 11:20:52 430 - <b>10</b> - Spinner Load Wait: (Sync) - ICar.support.WaitUtils.waitForSpinner(WaitUtils.java:225)</small> </font> </div>
<div class="test-event"> <font color="maroon"> <small> &emsp; &emsp;--- 16 Oct 11:20:52 466 - Element is displayed:: [[ChromeDriver: chrome on WINDOWS (0cbba96ca6f476c419eba1502d831173)] -> css selector: div.forceSearchResultsRegion div.resultsMultiWrapper >div > div table tbody th a]</small> </font> </div>
<div class="test-event"> <font color="maroon"> <small> &emsp; &emsp;--- 16 Oct 11:20:52 578 - Element is displayed:: [[ChromeDriver: chrome on WINDOWS (0cbba96ca6f476c419eba1502d831173)] -> css selector: div.forceSearchResultsRegion div.resultsMultiWrapper >div > div table tbody th a]</small> </font> </div>
<div class="test-message">&emsp;4. click on Account : Grossi & Associates, Inc</div>
<div class="test-event"> <font color="maroon"> <small> &emsp; &emsp;--- 16 Oct 11:20:54 538 - Page URL:: https://i-car--staging.sandbox.lightning.force.com/one/one.app#eyjjb21wb25lbnrezwyioijmb3jjzvnlyxjjadpzzwfyy2hqywdlrgvza3rvccisimf0dhjpynv0zxmionsidgvybsi6ikdyb3nzasamiefzc29jawf0zxmsieluyyisinnjb3bltwfwijp7inr5cguioijut1bfukvtvuxuuyisim5hbwvzcgfjzsi6iiisimxhymvsijoivg9wifjlc3vsdhmilcjsywjlbfbsdxjhbci6ilrvccbszxn1bhrziiwicmvzdwx0c0ntcci6imzvcmnlu2vhcmnoonbyzwrpy3rlzfjlc3vsdhmifswiy29udgv4dci6eyjgsuxurvjtijp7fswic2vhcmnou291cmnlijoiqvntsvnuqu5ux0rjquxpryisimrpc2fibgvjbnrlbnrrdwvyesi6zmfsc2usimrpc2fibgvtcgvsbenvcnjly3rpb24iomzhbhnllcjzzwfyy2heawfsb2dtzxnzaw9uswqioiiwztvhm2nhyi04mzkzltgxztkty2y0zs1lyzuwothmzdm5ngmilcjkzwj1z0luzm8ionsiyxbwtmftzsi6ikldyxjfu2vydmljzv9db25zb2xliiwiyxbwvhlwzsi6iknvbnnvbguilcjhchboyw1lc3bhy2uioijjiiwibg9jyxrpb24ioijmb3jjztpvymply3rib21lrgvza3rvccisinnvymply3ruexblijoiqwnjb3vudcj9fswiz3jvdxbjzci6ikrfrkfvtfqifswic3rhdguiont9fq%3d%3d</small> </font> </div>
<div class="test-event"> <font color="maroon"> <small> &emsp; &emsp;--- 16 Oct 11:20:54 538 - <b>1</b> - Page Load Wait: (Sync) - ICar.support.Utils.waitForPageLoad(Utils.java:109)</small> </font> </div>
<div class="test-event"> <font color="maroon"> <small> &emsp; &emsp;--- 16 Oct 11:21:09 766 - Catched spinner load exception due to Expected condition failed: waiting for ICar.support.WaitUtils$4@714addf7 (tried for 15 second(s) with 500 milliseconds interval)</small> </font> </div>
<div class="test-event"> <font color="maroon"> <small> &emsp; &emsp;--- 16 Oct 11:21:09 766 - <b>15</b> - Spinner Load Wait: (Sync) - ICar.support.WaitUtils.waitForSpinner(WaitUtils.java:225)</small> </font> </div>
<div class="test-event"> <font color="maroon"> <small> &emsp; &emsp;--- 16 Oct 11:21:11 092 - Page URL:: https://i-car--staging.sandbox.lightning.force.com/lightning/r/account/0011i00000uwf9rqae/view</small> </font> </div>
<div class="test-event"> <font color="maroon"> <small> &emsp; &emsp;--- 16 Oct 11:21:11 092 - <b>1</b> - Page Load Wait: (Sync) - ICar.support.Utils.waitForPageLoad(Utils.java:109)</small> </font> </div>
<div class="test-event"> <font color="maroon"> <small> &emsp; &emsp;--- 16 Oct 11:21:13 201 - Element is displayed:: [[ChromeDriver: chrome on WINDOWS (0cbba96ca6f476c419eba1502d831173)] -> xpath: //a[@id='detailTab__item']]</small> </font> </div>
<div class="test-event"> <font color="maroon"> <small> &emsp; &emsp;--- 16 Oct 11:21:14 505 - Page URL:: https://i-car--staging.sandbox.lightning.force.com/lightning/r/account/0011i00000uwf9rqae/view</small> </font> </div>
<div class="test-event"> <font color="maroon"> <small> &emsp; &emsp;--- 16 Oct 11:21:14 505 - <b>1</b> - Page Load Wait: (Sync) - ICar.support.Utils.waitForPageLoad(Utils.java:109)</small> </font> </div>
<div class="test-event"> <font color="maroon"> <small> &emsp; &emsp;--- 16 Oct 11:21:29 680 - Catched spinner load exception due to Expected condition failed: waiting for ICar.support.WaitUtils$4@714addf7 (tried for 15 second(s) with 500 milliseconds interval)</small> </font> </div>
<div class="test-event"> <font color="maroon"> <small> &emsp; &emsp;--- 16 Oct 11:21:29 680 - <b>15</b> - Spinner Load Wait: (Sync) - ICar.support.WaitUtils.waitForSpinner(WaitUtils.java:225)</small> </font> </div>
<div class="test-event"> <font color="maroon"> <small> &emsp; &emsp;--- 16 Oct 11:21:30 931 - Page URL:: https://i-car--staging.sandbox.lightning.force.com/lightning/r/account/0011i00000uwf9rqae/view</small> </font> </div>
<div class="test-event"> <font color="maroon"> <small> &emsp; &emsp;--- 16 Oct 11:21:30 931 - <b>1</b> - Page Load Wait: (Sync) - ICar.support.Utils.waitForPageLoad(Utils.java:109)</small> </font> </div>
<div class="test-event"> <font color="maroon"> <small> &emsp; &emsp;--- 16 Oct 11:21:32 133 - Page URL:: https://i-car--staging.sandbox.lightning.force.com/lightning/r/account/0011i00000uwf9rqae/view</small> </font> </div>
<div class="test-event"> <font color="maroon"> <small> &emsp; &emsp;--- 16 Oct 11:21:32 133 - <b>1</b> - Page Load Wait: (Sync) - ICar.support.Utils.waitForPageLoad(Utils.java:109)</small> </font> </div>
<div class="test-event"> <font color="maroon"> <small> &emsp; &emsp;--- 16 Oct 11:21:55 844 - Unable to find an element after 5 sec ==> Proxy element for: AjaxElementLocator 'By.xpath: //button[@title='Edit Gold Class Renewal Date']'</small> </font> </div>
<div class="test-message">&emsp;Exception occurred  org.openqa.selenium.NoSuchElementException: Timed out after 3 seconds. Unable to locate the element</div>
<div class="test-message">&emsp;5.IS gold Excpetion date</div>
<div class="test-event"> <font color="maroon"> <small> &emsp; &emsp;--- 16 Oct 11:22:00 245 - Page URL:: https://i-car--staging.sandbox.lightning.force.com/lightning/r/account/0011i00000uwf9rqae/view</small> </font> </div>
<div class="test-event"> <font color="maroon"> <small> &emsp; &emsp;--- 16 Oct 11:22:00 245 - <b>1</b> - Page Load Wait: (Sync) - ICar.support.Utils.waitForPageLoad(Utils.java:109)</small> </font> </div>
<div class="test-event"> <font color="maroon"> <small> &emsp; &emsp;--- 16 Oct 11:22:08 575 - Catched spinner load exception due to Expected condition failed: waiting for ICar.support.WaitUtils$4@714addf7 (tried for 8 second(s) with 500 milliseconds interval)</small> </font> </div>
<div class="test-event"> <font color="maroon"> <small> &emsp; &emsp;--- 16 Oct 11:22:08 575 - <b>8</b> - Spinner Load Wait: (Sync) - ICar.support.WaitUtils.waitForSpinner(WaitUtils.java:225)</small> </font> </div>
<div class="test-event"> <font color="maroon"> <small> &emsp; &emsp;--- 16 Oct 11:22:09 783 - Page URL:: https://i-car--staging.sandbox.lightning.force.com/lightning/r/account/0011i00000uwf9rqae/view</small> </font> </div>
<div class="test-event"> <font color="maroon"> <small> &emsp; &emsp;--- 16 Oct 11:22:09 783 - <b>1</b> - Page Load Wait: (Sync) - ICar.support.Utils.waitForPageLoad(Utils.java:109)</small> </font> </div>
<div class="test-event"> <font color="maroon"> <small> &emsp; &emsp;--- 16 Oct 11:22:11 006 - Page URL:: https://i-car--staging.sandbox.lightning.force.com/lightning/r/account/0011i00000uwf9rqae/view</small> </font> </div>
<div class="test-event"> <font color="maroon"> <small> &emsp; &emsp;--- 16 Oct 11:22:11 006 - <b>1</b> - Page Load Wait: (Sync) - ICar.support.Utils.waitForPageLoad(Utils.java:109)</small> </font> </div>
<div class="test-event"> <font color="maroon"> <small> &emsp; &emsp;--- 16 Oct 11:22:19 335 - Catched spinner load exception due to Expected condition failed: waiting for ICar.support.WaitUtils$4@714addf7 (tried for 8 second(s) with 500 milliseconds interval)</small> </font> </div>
<div class="test-event"> <font color="maroon"> <small> &emsp; &emsp;--- 16 Oct 11:22:19 335 - <b>8</b> - Spinner Load Wait: (Sync) - ICar.support.WaitUtils.waitForSpinner(WaitUtils.java:225)</small> </font> </div>
<div class="test-event"> <font color="maroon"> <small> &emsp; &emsp;--- 16 Oct 11:22:20 622 - Page URL:: https://i-car--staging.sandbox.lightning.force.com/lightning/r/account/0011i00000uwf9rqae/view</small> </font> </div>
<div class="test-event"> <font color="maroon"> <small> &emsp; &emsp;--- 16 Oct 11:22:20 622 - <b>1</b> - Page Load Wait: (Sync) - ICar.support.Utils.waitForPageLoad(Utils.java:109)</small> </font> </div>
<div class="test-event"> <font color="maroon"> <small> &emsp; &emsp;--- 16 Oct 11:22:22 753 - Element is displayed:: [[ChromeDriver: chrome on WINDOWS (0cbba96ca6f476c419eba1502d831173)] -> xpath: //ul[@class='slds-button-group-list']/li[4]//button]</small> </font> </div>
<div class="test-event"> <font color="maroon"> <small> &emsp; &emsp;--- 16 Oct 11:22:22 846 - Element is displayed:: [[ChromeDriver: chrome on WINDOWS (0cbba96ca6f476c419eba1502d831173)] -> xpath: //ul[@class='slds-button-group-list']/li[4]//button]</small> </font> </div>
<div class="test-event"> <font color="maroon"> <small> &emsp; &emsp;--- 16 Oct 11:22:24 228 - Page URL:: https://i-car--staging.sandbox.lightning.force.com/lightning/r/account/0011i00000uwf9rqae/view</small> </font> </div>
<div class="test-event"> <font color="maroon"> <small> &emsp; &emsp;--- 16 Oct 11:22:24 229 - <b>1</b> - Page Load Wait: (Sync) - ICar.support.Utils.waitForPageLoad(Utils.java:109)</small> </font> </div>
<div class="test-event"> <font color="maroon"> <small> &emsp; &emsp;--- 16 Oct 11:22:32 617 - Catched spinner load exception due to Expected condition failed: waiting for ICar.support.WaitUtils$4@714addf7 (tried for 8 second(s) with 500 milliseconds interval)</small> </font> </div>
<div class="test-event"> <font color="maroon"> <small> &emsp; &emsp;--- 16 Oct 11:22:32 617 - <b>8</b> - Spinner Load Wait: (Sync) - ICar.support.WaitUtils.waitForSpinner(WaitUtils.java:225)</small> </font> </div>
<div class="test-event"> <font color="maroon"> <small> &emsp; &emsp;--- 16 Oct 11:22:34 719 - Element is displayed:: [[ChromeDriver: chrome on WINDOWS (0cbba96ca6f476c419eba1502d831173)] -> xpath: //lightning-menu-item[contains(@data-target-selection-name,'Account.Gold_Class_Status')]//a]</small> </font> </div>
<div class="test-event"> <font color="maroon"> <small> &emsp; &emsp;--- 16 Oct 11:22:36 241 - Page URL:: https://i-car--staging.sandbox.lightning.force.com/lightning/r/account/0011i00000uwf9rqae/view</small> </font> </div>
<div class="test-event"> <font color="maroon"> <small> &emsp; &emsp;--- 16 Oct 11:22:36 241 - <b>1</b> - Page Load Wait: (Sync) - ICar.support.Utils.waitForPageLoad(Utils.java:109)</small> </font> </div>
<div class="test-event"> <font color="maroon"> <small> &emsp; &emsp;--- 16 Oct 11:22:37 802 - Page URL:: https://i-car--staging.sandbox.lightning.force.com/lightning/r/account/0011i00000uwf9rqae/view</small> </font> </div>
<div class="test-event"> <font color="maroon"> <small> &emsp; &emsp;--- 16 Oct 11:22:37 802 - <b>1</b> - Page Load Wait: (Sync) - ICar.support.Utils.waitForPageLoad(Utils.java:109)</small> </font> </div>
<div class="test-event"> <font color="maroon"> <small> &emsp; &emsp;--- 16 Oct 11:22:52 987 - Catched spinner load exception due to Expected condition failed: waiting for ICar.support.WaitUtils$4@714addf7 (tried for 15 second(s) with 500 milliseconds interval)</small> </font> </div>
<div class="test-event"> <font color="maroon"> <small> &emsp; &emsp;--- 16 Oct 11:22:52 987 - <b>15</b> - Spinner Load Wait: (Sync) - ICar.support.WaitUtils.waitForSpinner(WaitUtils.java:225)</small> </font> </div>
<div class="test-event"> <font color="maroon"> <small> &emsp; &emsp;--- 16 Oct 11:22:54 356 - Page URL:: https://i-car--staging.sandbox.lightning.force.com/lightning/r/account/0011i00000uwf9rqae/view</small> </font> </div>
<div class="test-event"> <font color="maroon"> <small> &emsp; &emsp;--- 16 Oct 11:22:54 356 - <b>1</b> - Page Load Wait: (Sync) - ICar.support.Utils.waitForPageLoad(Utils.java:109)</small> </font> </div>
<div class="test-event"> <font color="maroon"> <small> &emsp; &emsp;--- 16 Oct 11:22:54 461 - Element is displayed:: [[ChromeDriver: chrome on WINDOWS (0cbba96ca6f476c419eba1502d831173)] -> xpath: //*[text()='Evaluate Now']]</small> </font> </div>
<div class="test-event"> <font color="maroon"> <small> &emsp; &emsp;--- 16 Oct 11:22:55 947 - Page URL:: https://i-car--staging.sandbox.lightning.force.com/lightning/r/account/0011i00000uwf9rqae/view</small> </font> </div>
<div class="test-event"> <font color="maroon"> <small> &emsp; &emsp;--- 16 Oct 11:22:55 947 - <b>1</b> - Page Load Wait: (Sync) - ICar.support.Utils.waitForPageLoad(Utils.java:109)</small> </font> </div>
<div class="test-event"> <font color="maroon"> <small> &emsp; &emsp;--- 16 Oct 11:23:11 077 - Catched spinner load exception due to Expected condition failed: waiting for ICar.support.WaitUtils$4@714addf7 (tried for 15 second(s) with 500 milliseconds interval)</small> </font> </div>
<div class="test-event"> <font color="maroon"> <small> &emsp; &emsp;--- 16 Oct 11:23:11 077 - <b>15</b> - Spinner Load Wait: (Sync) - ICar.support.WaitUtils.waitForSpinner(WaitUtils.java:225)</small> </font> </div>
<div class="test-event"> <font color="maroon"> <small> &emsp; &emsp;--- 16 Oct 11:23:12 443 - Page URL:: https://i-car--staging.sandbox.lightning.force.com/lightning/r/account/0011i00000uwf9rqae/view</small> </font> </div>
<div class="test-event"> <font color="maroon"> <small> &emsp; &emsp;--- 16 Oct 11:23:12 443 - <b>1</b> - Page Load Wait: (Sync) - ICar.support.Utils.waitForPageLoad(Utils.java:109)</small> </font> </div>
<div class="test-message">&emsp;6. Clicked the Evaluate now button</div>
<div class="test-event"> <font color="maroon"> <small> &emsp; &emsp;--- 16 Oct 11:23:12 529 - Element is displayed:: [[ChromeDriver: chrome on WINDOWS (0cbba96ca6f476c419eba1502d831173)] -> xpath: //button[contains(@class,'CancelButton')]]</small> </font> </div>
<div class="test-event"> <font color="maroon"> <small> &emsp; &emsp;--- 16 Oct 11:23:14 089 - Page URL:: https://i-car--staging.sandbox.lightning.force.com/lightning/r/account/0011i00000uwf9rqae/view</small> </font> </div>
<div class="test-event"> <font color="maroon"> <small> &emsp; &emsp;--- 16 Oct 11:23:14 089 - <b>1</b> - Page Load Wait: (Sync) - ICar.support.Utils.waitForPageLoad(Utils.java:109)</small> </font> </div>
<div class="test-event"> <font color="maroon"> <small> &emsp; &emsp;--- 16 Oct 11:23:15 610 - Page URL:: https://i-car--staging.sandbox.lightning.force.com/lightning/r/account/0011i00000uwf9rqae/view</small> </font> </div>
<div class="test-event"> <font color="maroon"> <small> &emsp; &emsp;--- 16 Oct 11:23:15 610 - <b>1</b> - Page Load Wait: (Sync) - ICar.support.Utils.waitForPageLoad(Utils.java:109)</small> </font> </div>
<div class="test-event"> <font color="maroon"> <small> &emsp; &emsp;--- 16 Oct 11:23:21 986 - Page URL:: https://i-car--staging.sandbox.lightning.force.com/lightning/r/account/0011i00000uwf9rqae/view</small> </font> </div>
<div class="test-event"> <font color="maroon"> <small> &emsp; &emsp;--- 16 Oct 11:23:21 986 - <b>1</b> - Page Load Wait: (Sync) - ICar.support.Utils.waitForPageLoad(Utils.java:109)</small> </font> </div>
<div class="test-event"> <font color="maroon"> <small> &emsp; &emsp;--- 16 Oct 11:23:27 917 - Page URL:: https://i-car--staging.sandbox.lightning.force.com/lightning/r/account/0011i00000uwf9rqae/view</small> </font> </div>
<div class="test-event"> <font color="maroon"> <small> &emsp; &emsp;--- 16 Oct 11:23:27 918 - <b>1</b> - Page Load Wait: (Sync) - ICar.support.Utils.waitForPageLoad(Utils.java:109)</small> </font> </div>
<div class="test-event"> <font color="maroon"> <small> &emsp; &emsp;--- 16 Oct 11:23:33 294 - Page URL:: https://i-car--staging.sandbox.lightning.force.com/lightning/o/account/list?filtername=accounts</small> </font> </div>
<div class="test-event"> <font color="maroon"> <small> &emsp; &emsp;--- 16 Oct 11:23:33 294 - <b>0</b> - Page Load Wait: (Sync) - ICar.support.Utils.waitForPageLoad(Utils.java:109)</small> </font> </div>
<div class="test-message">&emsp;Close the tab</div>
<div class="test-event"> <font color="maroon"> <small> &emsp; &emsp;--- 16 Oct 11:23:38 950 - Page URL:: https://i-car--staging.sandbox.lightning.force.com/lightning/o/account/list?filtername=accounts</small> </font> </div>
<div class="test-event"> <font color="maroon"> <small> &emsp; &emsp;--- 16 Oct 11:23:38 950 - <b>0</b> - Page Load Wait: (Sync) - ICar.support.Utils.waitForPageLoad(Utils.java:109)</small> </font> </div>
<div class="test-event"> <font color="maroon"> <small> &emsp; &emsp;--- 16 Oct 11:23:38 986 - Element is displayed:: [[ChromeDriver: chrome on WINDOWS (0cbba96ca6f476c419eba1502d831173)] -> css selector: button[class*='search-button']]</small> </font> </div>
<div class="test-event"> <font color="maroon"> <small> &emsp; &emsp;--- 16 Oct 11:23:41 063 - Catched spinner load exception due to Expected condition failed: waiting for ICar.support.WaitUtils$4@714addf7 (tried for 2 second(s) with 500 milliseconds interval)</small> </font> </div>
<div class="test-event"> <font color="maroon"> <small> &emsp; &emsp;--- 16 Oct 11:23:41 063 - <b>2</b> - Spinner Load Wait: (Sync) - ICar.support.WaitUtils.waitForSpinner(WaitUtils.java:225)</small> </font> </div>
<div class="test-event"> <font color="maroon"> <small> &emsp; &emsp;--- 16 Oct 11:23:44 165 - Element is displayed:: [[ChromeDriver: chrome on WINDOWS (0cbba96ca6f476c419eba1502d831173)] -> css selector: button[class*='search-button']]</small> </font> </div>
<div class="test-event"> <font color="maroon"> <small> &emsp; &emsp;--- 16 Oct 11:23:44 719 - Page URL:: https://i-car--staging.sandbox.lightning.force.com/lightning/o/account/list?filtername=accounts</small> </font> </div>
<div class="test-event"> <font color="maroon"> <small> &emsp; &emsp;--- 16 Oct 11:23:44 719 - <b>0</b> - Page Load Wait: (Sync) - ICar.support.Utils.waitForPageLoad(Utils.java:109)</small> </font> </div>
<div class="test-event"> <font color="maroon"> <small> &emsp; &emsp;--- 16 Oct 11:24:04 299 - Catched spinner load exception due to Expected condition failed: waiting for ICar.support.WaitUtils$4@714addf7 (tried for 10 second(s) with 500 milliseconds interval)</small> </font> </div>
<div class="test-event"> <font color="maroon"> <small> &emsp; &emsp;--- 16 Oct 11:24:04 299 - <b>10</b> - Spinner Load Wait: (Sync) - ICar.support.WaitUtils.waitForSpinner(WaitUtils.java:225)</small> </font> </div>
<div class="test-event"> <font color="maroon"> <small> &emsp; &emsp;--- 16 Oct 11:24:04 840 - Page URL:: https://i-car--staging.sandbox.lightning.force.com/one/one.app#eyjjb21wb25lbnrezwyioijmb3jjzvnlyxjjadpzzwfyy2hqywdlrgvza3rvccisimf0dhjpynv0zxmionsidgvybsi6ijiynjqzmdgilcjzy29wzu1hcci6eyj0exblijoive9qx1jfu1vmvfmilcjuyw1lc3bhy2uioiiilcjsywjlbci6ilrvccbszxn1bhrziiwibgfizwxqbhvyywwioijub3agumvzdwx0cyisinjlc3vsdhndbxaioijmb3jjzvnlyxjjadpwcmvkawn0zwrszxn1bhrzin0simnvbnrlehqionsirklmvevsuyi6e30sinnlyxjjafnvdxjjzsi6ikftu0ltvefovf9esufmt0cilcjkaxnhymxlsw50zw50uxvlcnkiomzhbhnllcjkaxnhymxlu3blbgxdb3jyzwn0aw9uijpmywxzzswic2vhcmnorglhbg9nu2vzc2lvbklkijoiogq5zmzkmtitntizms0xy2i4ltrjyjatzthmymrjyja4ndvmiiwizgvidwdjbmzvijp7imfwce5hbwuioijjq2fyx1nlcnzpy2vfq29uc29szsisimfwcfr5cguioijdb25zb2xliiwiyxbwtmftzxnwywnlijoiyyisimxvy2f0aw9uijoizm9yy2u6b2jqzwn0sg9tzurlc2t0b3ailcjzb2jqzwn0vhlwzsi6ikfjy291bnqifx0simdyb3vwswqioijeruzbvuxuin0sinn0yxrlijp7fx0%3d</small> </font> </div>
<div class="test-event"> <font color="maroon"> <small> &emsp; &emsp;--- 16 Oct 11:24:04 840 - <b>0</b> - Page Load Wait: (Sync) - ICar.support.Utils.waitForPageLoad(Utils.java:109)</small> </font> </div>
<div class="test-event"> <font color="maroon"> <small> &emsp; &emsp;--- 16 Oct 11:24:16 356 - Catched spinner load exception due to Expected condition failed: waiting for ICar.support.WaitUtils$4@714addf7 (tried for 11 second(s) with 500 milliseconds interval)</small> </font> </div>
<div class="test-event"> <font color="maroon"> <small> &emsp; &emsp;--- 16 Oct 11:24:16 356 - <b>11</b> - Spinner Load Wait: (Sync) - ICar.support.WaitUtils.waitForSpinner(WaitUtils.java:225)</small> </font> </div>
<div class="test-event"> <font color="maroon"> <small> &emsp; &emsp;--- 16 Oct 11:24:16 862 - Page URL:: https://i-car--staging.sandbox.lightning.force.com/one/one.app#eyjjb21wb25lbnrezwyioijmb3jjzvnlyxjjadpzzwfyy2hqywdlrgvza3rvccisimf0dhjpynv0zxmionsidgvybsi6ijiynjqzmdgilcjzy29wzu1hcci6eyj0exblijoive9qx1jfu1vmvfmilcjuyw1lc3bhy2uioiiilcjsywjlbci6ilrvccbszxn1bhrziiwibgfizwxqbhvyywwioijub3agumvzdwx0cyisinjlc3vsdhndbxaioijmb3jjzvnlyxjjadpwcmvkawn0zwrszxn1bhrzin0simnvbnrlehqionsirklmvevsuyi6e30sinnlyxjjafnvdxjjzsi6ikftu0ltvefovf9esufmt0cilcjkaxnhymxlsw50zw50uxvlcnkiomzhbhnllcjkaxnhymxlu3blbgxdb3jyzwn0aw9uijpmywxzzswic2vhcmnorglhbg9nu2vzc2lvbklkijoiogq5zmzkmtitntizms0xy2i4ltrjyjatzthmymrjyja4ndvmiiwizgvidwdjbmzvijp7imfwce5hbwuioijjq2fyx1nlcnzpy2vfq29uc29szsisimfwcfr5cguioijdb25zb2xliiwiyxbwtmftzxnwywnlijoiyyisimxvy2f0aw9uijoizm9yy2u6b2jqzwn0sg9tzurlc2t0b3ailcjzb2jqzwn0vhlwzsi6ikfjy291bnqifx0simdyb3vwswqioijeruzbvuxuin0sinn0yxrlijp7fx0%3d</small> </font> </div>
<div class="test-event"> <font color="maroon"> <small> &emsp; &emsp;--- 16 Oct 11:24:16 862 - <b>0</b> - Page Load Wait: (Sync) - ICar.support.Utils.waitForPageLoad(Utils.java:109)</small> </font> </div>
<div class="test-event"> <font color="maroon"> <small> &emsp; &emsp;--- 16 Oct 11:24:16 914 - Element is displayed:: [[ChromeDriver: chrome on WINDOWS (0cbba96ca6f476c419eba1502d831173)] -> xpath: //a[@title='Top Results']//span[text()='Top Results']]</small> </font> </div>
<div class="test-event"> <font color="maroon"> <small> &emsp; &emsp;--- 16 Oct 11:24:17 277 - Page URL:: https://i-car--staging.sandbox.lightning.force.com/one/one.app#eyjjb21wb25lbnrezwyioijmb3jjzvnlyxjjadpzzwfyy2hqywdlrgvza3rvccisimf0dhjpynv0zxmionsidgvybsi6ijiynjqzmdgilcjzy29wzu1hcci6eyj0exblijoive9qx1jfu1vmvfmilcjuyw1lc3bhy2uioiiilcjsywjlbci6ilrvccbszxn1bhrziiwibgfizwxqbhvyywwioijub3agumvzdwx0cyisinjlc3vsdhndbxaioijmb3jjzvnlyxjjadpwcmvkawn0zwrszxn1bhrzin0simnvbnrlehqionsirklmvevsuyi6e30sinnlyxjjafnvdxjjzsi6ikftu0ltvefovf9esufmt0cilcjkaxnhymxlsw50zw50uxvlcnkiomzhbhnllcjkaxnhymxlu3blbgxdb3jyzwn0aw9uijpmywxzzswic2vhcmnorglhbg9nu2vzc2lvbklkijoiogq5zmzkmtitntizms0xy2i4ltrjyjatzthmymrjyja4ndvmiiwizgvidwdjbmzvijp7imfwce5hbwuioijjq2fyx1nlcnzpy2vfq29uc29szsisimfwcfr5cguioijdb25zb2xliiwiyxbwtmftzxnwywnlijoiyyisimxvy2f0aw9uijoizm9yy2u6b2jqzwn0sg9tzurlc2t0b3ailcjzb2jqzwn0vhlwzsi6ikfjy291bnqifx0simdyb3vwswqioijeruzbvuxuin0sinn0yxrlijp7fx0%3d</small> </font> </div>
<div class="test-event"> <font color="maroon"> <small> &emsp; &emsp;--- 16 Oct 11:24:17 278 - <b>0</b> - Page Load Wait: (Sync) - ICar.support.Utils.waitForPageLoad(Utils.java:109)</small> </font> </div>
<div class="test-event"> <font color="maroon"> <small> &emsp; &emsp;--- 16 Oct 11:24:22 547 - Catched spinner load exception due to Expected condition failed: waiting for ICar.support.WaitUtils$4@714addf7 (tried for 5 second(s) with 500 milliseconds interval)</small> </font> </div>
<div class="test-event"> <font color="maroon"> <small> &emsp; &emsp;--- 16 Oct 11:24:22 547 - <b>5</b> - Spinner Load Wait: (Sync) - ICar.support.WaitUtils.waitForSpinner(WaitUtils.java:225)</small> </font> </div>
<div class="test-event"> <font color="maroon"> <small> &emsp; &emsp;--- 16 Oct 11:24:23 005 - Page URL:: https://i-car--staging.sandbox.lightning.force.com/one/one.app#eyjjb21wb25lbnrezwyioijmb3jjzvnlyxjjadpzzwfyy2hqywdlrgvza3rvccisimf0dhjpynv0zxmionsidgvybsi6ijiynjqzmdgilcjzy29wzu1hcci6eyj0exblijoive9qx1jfu1vmvfmilcjuyw1lc3bhy2uioiiilcjsywjlbci6ilrvccbszxn1bhrziiwibgfizwxqbhvyywwioijub3agumvzdwx0cyisinjlc3vsdhndbxaioijmb3jjzvnlyxjjadpwcmvkawn0zwrszxn1bhrzin0simnvbnrlehqionsirklmvevsuyi6e30sinnlyxjjafnvdxjjzsi6ikftu0ltvefovf9esufmt0cilcjkaxnhymxlsw50zw50uxvlcnkiomzhbhnllcjkaxnhymxlu3blbgxdb3jyzwn0aw9uijpmywxzzswic2vhcmnorglhbg9nu2vzc2lvbklkijoiogq5zmzkmtitntizms0xy2i4ltrjyjatzthmymrjyja4ndvmiiwizgvidwdjbmzvijp7imfwce5hbwuioijjq2fyx1nlcnzpy2vfq29uc29szsisimfwcfr5cguioijdb25zb2xliiwiyxbwtmftzxnwywnlijoiyyisimxvy2f0aw9uijoizm9yy2u6b2jqzwn0sg9tzurlc2t0b3ailcjzb2jqzwn0vhlwzsi6ikfjy291bnqifx0simdyb3vwswqioijeruzbvuxuin0sinn0yxrlijp7fx0%3d</small> </font> </div>
<div class="test-event"> <font color="maroon"> <small> &emsp; &emsp;--- 16 Oct 11:24:23 005 - <b>0</b> - Page Load Wait: (Sync) - ICar.support.Utils.waitForPageLoad(Utils.java:109)</small> </font> </div>
<div class="test-event"> <font color="maroon"> <small> &emsp; &emsp;--- 16 Oct 11:24:23 533 - Page URL:: https://i-car--staging.sandbox.lightning.force.com/one/one.app#eyjjb21wb25lbnrezwyioijmb3jjzvnlyxjjadpzzwfyy2hqywdlrgvza3rvccisimf0dhjpynv0zxmionsidgvybsi6ijiynjqzmdgilcjzy29wzu1hcci6eyj0exblijoive9qx1jfu1vmvfmilcjuyw1lc3bhy2uioiiilcjsywjlbci6ilrvccbszxn1bhrziiwibgfizwxqbhvyywwioijub3agumvzdwx0cyisinjlc3vsdhndbxaioijmb3jjzvnlyxjjadpwcmvkawn0zwrszxn1bhrzin0simnvbnrlehqionsirklmvevsuyi6e30sinnlyxjjafnvdxjjzsi6ikftu0ltvefovf9esufmt0cilcjkaxnhymxlsw50zw50uxvlcnkiomzhbhnllcjkaxnhymxlu3blbgxdb3jyzwn0aw9uijpmywxzzswic2vhcmnorglhbg9nu2vzc2lvbklkijoiogq5zmzkmtitntizms0xy2i4ltrjyjatzthmymrjyja4ndvmiiwizgvidwdjbmzvijp7imfwce5hbwuioijjq2fyx1nlcnzpy2vfq29uc29szsisimfwcfr5cguioijdb25zb2xliiwiyxbwtmftzxnwywnlijoiyyisimxvy2f0aw9uijoizm9yy2u6b2jqzwn0sg9tzurlc2t0b3ailcjzb2jqzwn0vhlwzsi6ikfjy291bnqifx0simdyb3vwswqioijeruzbvuxuin0sinn0yxrlijp7fx0%3d</small> </font> </div>
<div class="test-event"> <font color="maroon"> <small> &emsp; &emsp;--- 16 Oct 11:24:23 533 - <b>0</b> - Page Load Wait: (Sync) - ICar.support.Utils.waitForPageLoad(Utils.java:109)</small> </font> </div>
<div class="test-event"> <font color="maroon"> <small> &emsp; &emsp;--- 16 Oct 11:24:23 984 - Page URL:: https://i-car--staging.sandbox.lightning.force.com/one/one.app#eyjjb21wb25lbnrezwyioijmb3jjzvnlyxjjadpzzwfyy2hqywdlrgvza3rvccisimf0dhjpynv0zxmionsidgvybsi6ijiynjqzmdgilcjzy29wzu1hcci6eyj0exblijoive9qx1jfu1vmvfmilcjuyw1lc3bhy2uioiiilcjsywjlbci6ilrvccbszxn1bhrziiwibgfizwxqbhvyywwioijub3agumvzdwx0cyisinjlc3vsdhndbxaioijmb3jjzvnlyxjjadpwcmvkawn0zwrszxn1bhrzin0simnvbnrlehqionsirklmvevsuyi6e30sinnlyxjjafnvdxjjzsi6ikftu0ltvefovf9esufmt0cilcjkaxnhymxlsw50zw50uxvlcnkiomzhbhnllcjkaxnhymxlu3blbgxdb3jyzwn0aw9uijpmywxzzswic2vhcmnorglhbg9nu2vzc2lvbklkijoiogq5zmzkmtitntizms0xy2i4ltrjyjatzthmymrjyja4ndvmiiwizgvidwdjbmzvijp7imfwce5hbwuioijjq2fyx1nlcnzpy2vfq29uc29szsisimfwcfr5cguioijdb25zb2xliiwiyxbwtmftzxnwywnlijoiyyisimxvy2f0aw9uijoizm9yy2u6b2jqzwn0sg9tzurlc2t0b3ailcjzb2jqzwn0vhlwzsi6ikfjy291bnqifx0simdyb3vwswqioijeruzbvuxuin0sinn0yxrlijp7fx0%3d</small> </font> </div>
<div class="test-event"> <font color="maroon"> <small> &emsp; &emsp;--- 16 Oct 11:24:23 984 - <b>0</b> - Page Load Wait: (Sync) - ICar.support.Utils.waitForPageLoad(Utils.java:109)</small> </font> </div>
<div class="test-event"> <font color="maroon"> <small> &emsp; &emsp;--- 16 Oct 11:24:32 388 - Catched spinner load exception due to Expected condition failed: waiting for ICar.support.WaitUtils$4@714addf7 (tried for 8 second(s) with 500 milliseconds interval)</small> </font> </div>
<div class="test-event"> <font color="maroon"> <small> &emsp; &emsp;--- 16 Oct 11:24:32 388 - <b>8</b> - Spinner Load Wait: (Sync) - ICar.support.WaitUtils.waitForSpinner(WaitUtils.java:225)</small> </font> </div>
<div class="test-event"> <font color="maroon"> <small> &emsp; &emsp;--- 16 Oct 11:24:32 893 - Page URL:: https://i-car--staging.sandbox.lightning.force.com/one/one.app#eyjjb21wb25lbnrezwyioijmb3jjzvnlyxjjadpzzwfyy2hqywdlrgvza3rvccisimf0dhjpynv0zxmionsidgvybsi6ijiynjqzmdgilcjzy29wzu1hcci6eyj0exblijoive9qx1jfu1vmvfmilcjuyw1lc3bhy2uioiiilcjsywjlbci6ilrvccbszxn1bhrziiwibgfizwxqbhvyywwioijub3agumvzdwx0cyisinjlc3vsdhndbxaioijmb3jjzvnlyxjjadpwcmvkawn0zwrszxn1bhrzin0simnvbnrlehqionsirklmvevsuyi6e30sinnlyxjjafnvdxjjzsi6ikftu0ltvefovf9esufmt0cilcjkaxnhymxlsw50zw50uxvlcnkiomzhbhnllcjkaxnhymxlu3blbgxdb3jyzwn0aw9uijpmywxzzswic2vhcmnorglhbg9nu2vzc2lvbklkijoiogq5zmzkmtitntizms0xy2i4ltrjyjatzthmymrjyja4ndvmiiwizgvidwdjbmzvijp7imfwce5hbwuioijjq2fyx1nlcnzpy2vfq29uc29szsisimfwcfr5cguioijdb25zb2xliiwiyxbwtmftzxnwywnlijoiyyisimxvy2f0aw9uijoizm9yy2u6b2jqzwn0sg9tzurlc2t0b3ailcjzb2jqzwn0vhlwzsi6ikfjy291bnqifx0simdyb3vwswqioijeruzbvuxuin0sinn0yxrlijp7fx0%3d</small> </font> </div>
<div class="test-event"> <font color="maroon"> <small> &emsp; &emsp;--- 16 Oct 11:24:32 893 - <b>0</b> - Page Load Wait: (Sync) - ICar.support.Utils.waitForPageLoad(Utils.java:109)</small> </font> </div>
<div class="test-event"> <font color="maroon"> <small> &emsp; &emsp;--- 16 Oct 11:24:35 016 - Element is displayed:: [[ChromeDriver: chrome on WINDOWS (0cbba96ca6f476c419eba1502d831173)] -> xpath: //div[contains(@class,'forceSearchResultsRegion')]//div[contains(@class,'resultsMultiWrapper')]/div/div[1]//following::h2//a]</small> </font> </div>
<div class="test-event"> <font color="maroon"> <small> &emsp; &emsp;--- 16 Oct 11:24:35 273 - Element is displayed:: [[ChromeDriver: chrome on WINDOWS (0cbba96ca6f476c419eba1502d831173)] -> xpath: //a[text()='Contacts']]</small> </font> </div>
<div class="test-event"> <font color="maroon"> <small> &emsp; &emsp;--- 16 Oct 11:24:39 722 - Element is displayed:: [[ChromeDriver: chrome on WINDOWS (0cbba96ca6f476c419eba1502d831173)] -> xpath: //div[text()='Contacts']//following :: table//tbody//th//span /a]</small> </font> </div>
<div class="test-message">&emsp;6. click on 'view all' on Platnium status in Sales force</div>
<div class="test-event"> <font color="maroon"> <small> &emsp; &emsp;--- 16 Oct 11:24:40 521 - Page URL:: https://i-car--staging.sandbox.lightning.force.com/one/one.app#eyjjb21wb25lbnrezwyioijmb3jjzvnlyxjjadpzzwfyy2hqywdlrgvza3rvccisimf0dhjpynv0zxmionsidgvybsi6ijiynjqzmdgilcjzy29wzu1hcci6eyj0exblijoive9qx1jfu1vmvfmilcjuyw1lc3bhy2uioiiilcjsywjlbci6ilrvccbszxn1bhrziiwibgfizwxqbhvyywwioijub3agumvzdwx0cyisinjlc3vsdhndbxaioijmb3jjzvnlyxjjadpwcmvkawn0zwrszxn1bhrzin0simnvbnrlehqionsirklmvevsuyi6e30sinnlyxjjafnvdxjjzsi6ikftu0ltvefovf9esufmt0cilcjkaxnhymxlsw50zw50uxvlcnkiomzhbhnllcjkaxnhymxlu3blbgxdb3jyzwn0aw9uijpmywxzzswic2vhcmnorglhbg9nu2vzc2lvbklkijoiogq5zmzkmtitntizms0xy2i4ltrjyjatzthmymrjyja4ndvmiiwizgvidwdjbmzvijp7imfwce5hbwuioijjq2fyx1nlcnzpy2vfq29uc29szsisimfwcfr5cguioijdb25zb2xliiwiyxbwtmftzxnwywnlijoiyyisimxvy2f0aw9uijoizm9yy2u6b2jqzwn0sg9tzurlc2t0b3ailcjzb2jqzwn0vhlwzsi6ikfjy291bnqifx0simdyb3vwswqioijeruzbvuxuin0sinn0yxrlijp7fx0%3d</small> </font> </div>
<div class="test-event"> <font color="maroon"> <small> &emsp; &emsp;--- 16 Oct 11:24:40 521 - <b>0</b> - Page Load Wait: (Sync) - ICar.support.Utils.waitForPageLoad(Utils.java:109)</small> </font> </div>
<div class="test-event"> <font color="maroon"> <small> &emsp; &emsp;--- 16 Oct 11:25:01 030 - Catched spinner load exception due to Expected condition failed: waiting for ICar.support.WaitUtils$4@714addf7 (tried for 20 second(s) with 500 milliseconds interval)</small> </font> </div>
<div class="test-event"> <font color="maroon"> <small> &emsp; &emsp;--- 16 Oct 11:25:01 030 - <b>20</b> - Spinner Load Wait: (Sync) - ICar.support.WaitUtils.waitForSpinner(WaitUtils.java:225)</small> </font> </div>
<div class="test-event"> <font color="maroon"> <small> &emsp; &emsp;--- 16 Oct 11:25:01 611 - Page URL:: https://i-car--staging.sandbox.lightning.force.com/lightning/r/contact/0031i00000nuecbqa2/view</small> </font> </div>
<div class="test-event"> <font color="maroon"> <small> &emsp; &emsp;--- 16 Oct 11:25:01 611 - <b>0</b> - Page Load Wait: (Sync) - ICar.support.Utils.waitForPageLoad(Utils.java:109)</small> </font> </div>
<div class="test-event"> <font color="maroon"> <small> &emsp; &emsp;--- 16 Oct 11:25:07 054 - Catched spinner load exception due to Expected condition failed: waiting for ICar.support.WaitUtils$4@714addf7 (tried for 5 second(s) with 500 milliseconds interval)</small> </font> </div>
<div class="test-event"> <font color="maroon"> <small> &emsp; &emsp;--- 16 Oct 11:25:07 055 - <b>5</b> - Spinner Load Wait: (Sync) - ICar.support.WaitUtils.waitForSpinner(WaitUtils.java:225)</small> </font> </div>
<div class="test-event"> <font color="maroon"> <small> &emsp; &emsp;--- 16 Oct 11:25:07 848 - Page URL:: https://i-car--staging.sandbox.lightning.force.com/lightning/r/contact/0031i00000nuecbqa2/view</small> </font> </div>
<div class="test-event"> <font color="maroon"> <small> &emsp; &emsp;--- 16 Oct 11:25:07 848 - <b>0</b> - Page Load Wait: (Sync) - ICar.support.Utils.waitForPageLoad(Utils.java:109)</small> </font> </div>
<!--FAIL-->
<div class="test-result"><br><font color="red"><strong> Index 0 out of bounds for length 0 </strong></font> <a href=".\ScreenShot\ICar_BAM776_TC03_45478563002700.png" target="_blank" >[ScreenShot]</a></div>&emsp;
&emsp;<div class="test-title"> <strong><font size = "3" color = "#0000FF">---Test Execution Ends---</font> </strong> </div>&emsp;
<div class="test-event"> <font color="maroon"> <small> &emsp; &emsp;--- 16 Oct 11:25:12 008 - TestCaseID:: ICar_B2B944_TC02</small> </font> </div>
<div class="test-event"> <font color="maroon"> <small> &emsp; &emsp;--- 16 Oct 11:25:13 215 - <b>1</b> - Driver::initialize::Get - ICar.support.WebDriverFactory.getDriver(WebDriverFactory.java:640)</small> </font> </div>
&emsp;<div class="test-title"> <strong><font size = "3" color = "#000080">View the contact to see if the fields are populated</font> </strong> </div>&emsp;<div><strong>Steps:</strong></div><!-- Report -->&emsp;
<div class="test-event"> <font color="maroon"> <small> &emsp; &emsp;--- 16 Oct 11:25:17 975 - Page URL:: https://i-car--staging.sandbox.my.salesforce.com/</small> </font> </div>
<div class="test-event"> <font color="maroon"> <small> &emsp; &emsp;--- 16 Oct 11:25:17 975 - <b>0</b> - Page Load Wait: (Sync) - ICar.support.Utils.waitForPageLoad(Utils.java:109)</small> </font> </div>
<div class="test-message">&emsp;Successfully navigated to 'Login' Page&emsp;<a href=".\ScreenShot\ICar_B2B944_TC02_45485403391200.png" target="_blank" >[ScreenShot]</a></div>
<div class="test-message">&emsp;1. Login page is launched.</div>
<div class="test-event"> <font color="maroon"> <small> &emsp; &emsp;--- 16 Oct 11:25:18 263 - Element is displayed:: [[ChromeDriver: chrome on WINDOWS (c1fd959aafb591e040b1659ed1defbb4)] -> id: username]</small> </font> </div>
<div class="test-event"> <font color="maroon"> <small> &emsp; &emsp;--- 16 Oct 11:25:18 352 - Element is displayed:: [[ChromeDriver: chrome on WINDOWS (c1fd959aafb591e040b1659ed1defbb4)] -> id: username]</small> </font> </div>
<div class="test-event"> <font color="maroon"> <small> &emsp; &emsp;--- 16 Oct 11:25:18 703 - Element is displayed:: [[ChromeDriver: chrome on WINDOWS (c1fd959aafb591e040b1659ed1defbb4)] -> id: password]</small> </font> </div>
<div class="test-event"> <font color="maroon"> <small> &emsp; &emsp;--- 16 Oct 11:25:19 173 - Element is displayed:: [[ChromeDriver: chrome on WINDOWS (c1fd959aafb591e040b1659ed1defbb4)] -> id: Login]</small> </font> </div>
<div class="test-event"> <font color="maroon"> <small> &emsp; &emsp;--- 16 Oct 11:25:44 297 - Catched spinner load exception due to Expected condition failed: waiting for ICar.support.WaitUtils$4@714addf7 (tried for 13 second(s) with 500 milliseconds interval)</small> </font> </div>
<div class="test-event"> <font color="maroon"> <small> &emsp; &emsp;--- 16 Oct 11:25:44 298 - <b>13</b> - Spinner Load Wait: (Sync) - ICar.support.WaitUtils.waitForSpinner(WaitUtils.java:225)</small> </font> </div>
<div class="test-event"> <font color="maroon"> <small> &emsp; &emsp;--- 16 Oct 11:26:02 073 - Catched spinner load exception due to Expected condition failed: waiting for ICar.support.WaitUtils$4@714addf7 (tried for 6 second(s) with 500 milliseconds interval)</small> </font> </div>
<div class="test-event"> <font color="maroon"> <small> &emsp; &emsp;--- 16 Oct 11:26:02 073 - <b>6</b> - Spinner Load Wait: (Sync) - ICar.support.WaitUtils.waitForSpinner(WaitUtils.java:225)</small> </font> </div>
<div class="test-event"> <font color="maroon"> <small> &emsp; &emsp;--- 16 Oct 11:26:02 143 - Element is displayed:: [[ChromeDriver: chrome on WINDOWS (c1fd959aafb591e040b1659ed1defbb4)] -> css selector: button[class*='search-button']]</small> </font> </div>
<div class="test-message">&emsp;2. Navigate to 'SalesForce Page'</div>
<div class="test-event"> <font color="maroon"> <small> &emsp; &emsp;--- 16 Oct 11:26:02 447 - Page URL:: https://i-car--staging.sandbox.lightning.force.com/lightning/r/sked__job__c/a2mvc000000mt2vyae/view</small> </font> </div>
<div class="test-event"> <font color="maroon"> <small> &emsp; &emsp;--- 16 Oct 11:26:02 448 - <b>0</b> - Page Load Wait: (Sync) - ICar.support.Utils.waitForPageLoad(Utils.java:109)</small> </font> </div>
<div class="test-event"> <font color="maroon"> <small> &emsp; &emsp;--- 16 Oct 11:26:07 751 - Page URL:: https://i-car--staging.sandbox.lightning.force.com/lightning/r/sked__job__c/a2mvc000000mt2vyae/view</small> </font> </div>
<div class="test-event"> <font color="maroon"> <small> &emsp; &emsp;--- 16 Oct 11:26:07 752 - <b>0</b> - Page Load Wait: (Sync) - ICar.support.Utils.waitForPageLoad(Utils.java:109)</small> </font> </div>
<div class="test-message">&emsp;Successfully navigated to 'Login' Page&emsp;<a href=".\ScreenShot\ICar_B2B944_TC02_45539311508100.png" target="_blank" >[ScreenShot]</a></div>
<div class="test-message">&emsp;3. Enter the user credentials as : icaradminautomation3@i-car.com.staging</div>
<div class="test-event"> <font color="maroon"> <small> &emsp; &emsp;--- 16 Oct 11:26:12 399 - Page URL:: https://i-car--staging.sandbox.lightning.force.com/lightning/r/sked__job__c/a2mvc000000mt2vyae/view</small> </font> </div>
<div class="test-event"> <font color="maroon"> <small> &emsp; &emsp;--- 16 Oct 11:26:12 399 - <b>0</b> - Page Load Wait: (Sync) - ICar.support.Utils.waitForPageLoad(Utils.java:109)</small> </font> </div>
<div class="test-event"> <font color="maroon"> <small> &emsp; &emsp;--- 16 Oct 11:26:17 772 - Page URL:: https://i-car--staging.sandbox.lightning.force.com/lightning/o/account/list?filtername=accounts</small> </font> </div>
<div class="test-event"> <font color="maroon"> <small> &emsp; &emsp;--- 16 Oct 11:26:17 772 - <b>0</b> - Page Load Wait: (Sync) - ICar.support.Utils.waitForPageLoad(Utils.java:109)</small> </font> </div>
<div class="test-message">&emsp;Close the tab</div>
<div class="test-event"> <font color="maroon"> <small> &emsp; &emsp;--- 16 Oct 11:26:23 410 - Page URL:: https://i-car--staging.sandbox.lightning.force.com/lightning/o/account/list?filtername=accounts</small> </font> </div>
<div class="test-event"> <font color="maroon"> <small> &emsp; &emsp;--- 16 Oct 11:26:23 410 - <b>0</b> - Page Load Wait: (Sync) - ICar.support.Utils.waitForPageLoad(Utils.java:109)</small> </font> </div>
<div class="test-event"> <font color="maroon"> <small> &emsp; &emsp;--- 16 Oct 11:26:23 471 - Element is displayed:: [[ChromeDriver: chrome on WINDOWS (c1fd959aafb591e040b1659ed1defbb4)] -> css selector: button[class*='search-button']]</small> </font> </div>
<div class="test-event"> <font color="maroon"> <small> &emsp; &emsp;--- 16 Oct 11:26:25 577 - Catched spinner load exception due to Expected condition failed: waiting for ICar.support.WaitUtils$4@714addf7 (tried for 2 second(s) with 500 milliseconds interval)</small> </font> </div>
<div class="test-event"> <font color="maroon"> <small> &emsp; &emsp;--- 16 Oct 11:26:25 577 - <b>2</b> - Spinner Load Wait: (Sync) - ICar.support.WaitUtils.waitForSpinner(WaitUtils.java:225)</small> </font> </div>
<div class="test-event"> <font color="maroon"> <small> &emsp; &emsp;--- 16 Oct 11:26:28 652 - Element is displayed:: [[ChromeDriver: chrome on WINDOWS (c1fd959aafb591e040b1659ed1defbb4)] -> css selector: button[class*='search-button']]</small> </font> </div>
<div class="test-event"> <font color="maroon"> <small> &emsp; &emsp;--- 16 Oct 11:26:29 230 - Page URL:: https://i-car--staging.sandbox.lightning.force.com/lightning/o/account/list?filtername=accounts</small> </font> </div>
<div class="test-event"> <font color="maroon"> <small> &emsp; &emsp;--- 16 Oct 11:26:29 231 - <b>0</b> - Page Load Wait: (Sync) - ICar.support.Utils.waitForPageLoad(Utils.java:109)</small> </font> </div>
<div class="test-event"> <font color="maroon"> <small> &emsp; &emsp;--- 16 Oct 11:26:48 712 - Catched spinner load exception due to Expected condition failed: waiting for ICar.support.WaitUtils$4@714addf7 (tried for 10 second(s) with 500 milliseconds interval)</small> </font> </div>
<div class="test-event"> <font color="maroon"> <small> &emsp; &emsp;--- 16 Oct 11:26:48 712 - <b>10</b> - Spinner Load Wait: (Sync) - ICar.support.WaitUtils.waitForSpinner(WaitUtils.java:225)</small> </font> </div>
<div class="test-event"> <font color="maroon"> <small> &emsp; &emsp;--- 16 Oct 11:26:49 234 - Page URL:: https://i-car--staging.sandbox.lightning.force.com/one/one.app#eyjjb21wb25lbnrezwyioijmb3jjzvnlyxjjadpzzwfyy2hqywdlrgvza3rvccisimf0dhjpynv0zxmionsidgvybsi6ijmxmze1ndgilcjzy29wzu1hcci6eyj0exblijoive9qx1jfu1vmvfmilcjuyw1lc3bhy2uioiiilcjsywjlbci6ilrvccbszxn1bhrziiwibgfizwxqbhvyywwioijub3agumvzdwx0cyisinjlc3vsdhndbxaioijmb3jjzvnlyxjjadpwcmvkawn0zwrszxn1bhrzin0simnvbnrlehqionsirklmvevsuyi6e30sinnlyxjjafnvdxjjzsi6ikftu0ltvefovf9esufmt0cilcjkaxnhymxlsw50zw50uxvlcnkiomzhbhnllcjkaxnhymxlu3blbgxdb3jyzwn0aw9uijpmywxzzswic2vhcmnorglhbg9nu2vzc2lvbklkijoizduxyjk1ntqtmtixzc03ymnkltrknwqtmzmzmwy5njyymde4iiwizgvidwdjbmzvijp7imfwce5hbwuioijjq2fyx1nlcnzpy2vfq29uc29szsisimfwcfr5cguioijdb25zb2xliiwiyxbwtmftzxnwywnlijoiyyisimxvy2f0aw9uijoizm9yy2u6b2jqzwn0sg9tzurlc2t0b3ailcjzb2jqzwn0vhlwzsi6ikfjy291bnqifx0simdyb3vwswqioijeruzbvuxuin0sinn0yxrlijp7fx0%3d</small> </font> </div>
<div class="test-event"> <font color="maroon"> <small> &emsp; &emsp;--- 16 Oct 11:26:49 234 - <b>0</b> - Page Load Wait: (Sync) - ICar.support.Utils.waitForPageLoad(Utils.java:109)</small> </font> </div>
<div class="test-event"> <font color="maroon"> <small> &emsp; &emsp;--- 16 Oct 11:27:00 709 - Catched spinner load exception due to Expected condition failed: waiting for ICar.support.WaitUtils$4@714addf7 (tried for 11 second(s) with 500 milliseconds interval)</small> </font> </div>
<div class="test-event"> <font color="maroon"> <small> &emsp; &emsp;--- 16 Oct 11:27:00 709 - <b>11</b> - Spinner Load Wait: (Sync) - ICar.support.WaitUtils.waitForSpinner(WaitUtils.java:225)</small> </font> </div>
<div class="test-event"> <font color="maroon"> <small> &emsp; &emsp;--- 16 Oct 11:27:01 245 - Page URL:: https://i-car--staging.sandbox.lightning.force.com/one/one.app#eyjjb21wb25lbnrezwyioijmb3jjzvnlyxjjadpzzwfyy2hqywdlrgvza3rvccisimf0dhjpynv0zxmionsidgvybsi6ijmxmze1ndgilcjzy29wzu1hcci6eyj0exblijoive9qx1jfu1vmvfmilcjuyw1lc3bhy2uioiiilcjsywjlbci6ilrvccbszxn1bhrziiwibgfizwxqbhvyywwioijub3agumvzdwx0cyisinjlc3vsdhndbxaioijmb3jjzvnlyxjjadpwcmvkawn0zwrszxn1bhrzin0simnvbnrlehqionsirklmvevsuyi6e30sinnlyxjjafnvdxjjzsi6ikftu0ltvefovf9esufmt0cilcjkaxnhymxlsw50zw50uxvlcnkiomzhbhnllcjkaxnhymxlu3blbgxdb3jyzwn0aw9uijpmywxzzswic2vhcmnorglhbg9nu2vzc2lvbklkijoizduxyjk1ntqtmtixzc03ymnkltrknwqtmzmzmwy5njyymde4iiwizgvidwdjbmzvijp7imfwce5hbwuioijjq2fyx1nlcnzpy2vfq29uc29szsisimfwcfr5cguioijdb25zb2xliiwiyxbwtmftzxnwywnlijoiyyisimxvy2f0aw9uijoizm9yy2u6b2jqzwn0sg9tzurlc2t0b3ailcjzb2jqzwn0vhlwzsi6ikfjy291bnqifx0simdyb3vwswqioijeruzbvuxuin0sinn0yxrlijp7fx0%3d</small> </font> </div>
<div class="test-event"> <font color="maroon"> <small> &emsp; &emsp;--- 16 Oct 11:27:01 245 - <b>0</b> - Page Load Wait: (Sync) - ICar.support.Utils.waitForPageLoad(Utils.java:109)</small> </font> </div>
<div class="test-event"> <font color="maroon"> <small> &emsp; &emsp;--- 16 Oct 11:27:01 304 - Element is displayed:: [[ChromeDriver: chrome on WINDOWS (c1fd959aafb591e040b1659ed1defbb4)] -> xpath: //a[@title='Top Results']//span[text()='Top Results']]</small> </font> </div>
<div class="test-event"> <font color="maroon"> <small> &emsp; &emsp;--- 16 Oct 11:27:01 680 - Page URL:: https://i-car--staging.sandbox.lightning.force.com/one/one.app#eyjjb21wb25lbnrezwyioijmb3jjzvnlyxjjadpzzwfyy2hqywdlrgvza3rvccisimf0dhjpynv0zxmionsidgvybsi6ijmxmze1ndgilcjzy29wzu1hcci6eyj0exblijoive9qx1jfu1vmvfmilcjuyw1lc3bhy2uioiiilcjsywjlbci6ilrvccbszxn1bhrziiwibgfizwxqbhvyywwioijub3agumvzdwx0cyisinjlc3vsdhndbxaioijmb3jjzvnlyxjjadpwcmvkawn0zwrszxn1bhrzin0simnvbnrlehqionsirklmvevsuyi6e30sinnlyxjjafnvdxjjzsi6ikftu0ltvefovf9esufmt0cilcjkaxnhymxlsw50zw50uxvlcnkiomzhbhnllcjkaxnhymxlu3blbgxdb3jyzwn0aw9uijpmywxzzswic2vhcmnorglhbg9nu2vzc2lvbklkijoizduxyjk1ntqtmtixzc03ymnkltrknwqtmzmzmwy5njyymde4iiwizgvidwdjbmzvijp7imfwce5hbwuioijjq2fyx1nlcnzpy2vfq29uc29szsisimfwcfr5cguioijdb25zb2xliiwiyxbwtmftzxnwywnlijoiyyisimxvy2f0aw9uijoizm9yy2u6b2jqzwn0sg9tzurlc2t0b3ailcjzb2jqzwn0vhlwzsi6ikfjy291bnqifx0simdyb3vwswqioijeruzbvuxuin0sinn0yxrlijp7fx0%3d</small> </font> </div>
<div class="test-event"> <font color="maroon"> <small> &emsp; &emsp;--- 16 Oct 11:27:01 680 - <b>0</b> - Page Load Wait: (Sync) - ICar.support.Utils.waitForPageLoad(Utils.java:109)</small> </font> </div>
<div class="test-event"> <font color="maroon"> <small> &emsp; &emsp;--- 16 Oct 11:27:06 703 - Catched spinner load exception due to Expected condition failed: waiting for ICar.support.WaitUtils$4@714addf7 (tried for 5 second(s) with 500 milliseconds interval)</small> </font> </div>
<div class="test-event"> <font color="maroon"> <small> &emsp; &emsp;--- 16 Oct 11:27:06 703 - <b>5</b> - Spinner Load Wait: (Sync) - ICar.support.WaitUtils.waitForSpinner(WaitUtils.java:225)</small> </font> </div>
<div class="test-event"> <font color="maroon"> <small> &emsp; &emsp;--- 16 Oct 11:27:07 191 - Page URL:: https://i-car--staging.sandbox.lightning.force.com/one/one.app#eyjjb21wb25lbnrezwyioijmb3jjzvnlyxjjadpzzwfyy2hqywdlrgvza3rvccisimf0dhjpynv0zxmionsidgvybsi6ijmxmze1ndgilcjzy29wzu1hcci6eyj0exblijoive9qx1jfu1vmvfmilcjuyw1lc3bhy2uioiiilcjsywjlbci6ilrvccbszxn1bhrziiwibgfizwxqbhvyywwioijub3agumvzdwx0cyisinjlc3vsdhndbxaioijmb3jjzvnlyxjjadpwcmvkawn0zwrszxn1bhrzin0simnvbnrlehqionsirklmvevsuyi6e30sinnlyxjjafnvdxjjzsi6ikftu0ltvefovf9esufmt0cilcjkaxnhymxlsw50zw50uxvlcnkiomzhbhnllcjkaxnhymxlu3blbgxdb3jyzwn0aw9uijpmywxzzswic2vhcmnorglhbg9nu2vzc2lvbklkijoizduxyjk1ntqtmtixzc03ymnkltrknwqtmzmzmwy5njyymde4iiwizgvidwdjbmzvijp7imfwce5hbwuioijjq2fyx1nlcnzpy2vfq29uc29szsisimfwcfr5cguioijdb25zb2xliiwiyxbwtmftzxnwywnlijoiyyisimxvy2f0aw9uijoizm9yy2u6b2jqzwn0sg9tzurlc2t0b3ailcjzb2jqzwn0vhlwzsi6ikfjy291bnqifx0simdyb3vwswqioijeruzbvuxuin0sinn0yxrlijp7fx0%3d</small> </font> </div>
<div class="test-event"> <font color="maroon"> <small> &emsp; &emsp;--- 16 Oct 11:27:07 191 - <b>0</b> - Page Load Wait: (Sync) - ICar.support.Utils.waitForPageLoad(Utils.java:109)</small> </font> </div>
<div class="test-event"> <font color="maroon"> <small> &emsp; &emsp;--- 16 Oct 11:27:07 715 - Page URL:: https://i-car--staging.sandbox.lightning.force.com/one/one.app#eyjjb21wb25lbnrezwyioijmb3jjzvnlyxjjadpzzwfyy2hqywdlrgvza3rvccisimf0dhjpynv0zxmionsidgvybsi6ijmxmze1ndgilcjzy29wzu1hcci6eyj0exblijoive9qx1jfu1vmvfmilcjuyw1lc3bhy2uioiiilcjsywjlbci6ilrvccbszxn1bhrziiwibgfizwxqbhvyywwioijub3agumvzdwx0cyisinjlc3vsdhndbxaioijmb3jjzvnlyxjjadpwcmvkawn0zwrszxn1bhrzin0simnvbnrlehqionsirklmvevsuyi6e30sinnlyxjjafnvdxjjzsi6ikftu0ltvefovf9esufmt0cilcjkaxnhymxlsw50zw50uxvlcnkiomzhbhnllcjkaxnhymxlu3blbgxdb3jyzwn0aw9uijpmywxzzswic2vhcmnorglhbg9nu2vzc2lvbklkijoizduxyjk1ntqtmtixzc03ymnkltrknwqtmzmzmwy5njyymde4iiwizgvidwdjbmzvijp7imfwce5hbwuioijjq2fyx1nlcnzpy2vfq29uc29szsisimfwcfr5cguioijdb25zb2xliiwiyxbwtmftzxnwywnlijoiyyisimxvy2f0aw9uijoizm9yy2u6b2jqzwn0sg9tzurlc2t0b3ailcjzb2jqzwn0vhlwzsi6ikfjy291bnqifx0simdyb3vwswqioijeruzbvuxuin0sinn0yxrlijp7fx0%3d</small> </font> </div>
<div class="test-event"> <font color="maroon"> <small> &emsp; &emsp;--- 16 Oct 11:27:07 715 - <b>0</b> - Page Load Wait: (Sync) - ICar.support.Utils.waitForPageLoad(Utils.java:109)</small> </font> </div>
<div class="test-event"> <font color="maroon"> <small> &emsp; &emsp;--- 16 Oct 11:27:08 197 - Page URL:: https://i-car--staging.sandbox.lightning.force.com/one/one.app#eyjjb21wb25lbnrezwyioijmb3jjzvnlyxjjadpzzwfyy2hqywdlrgvza3rvccisimf0dhjpynv0zxmionsidgvybsi6ijmxmze1ndgilcjzy29wzu1hcci6eyj0exblijoive9qx1jfu1vmvfmilcjuyw1lc3bhy2uioiiilcjsywjlbci6ilrvccbszxn1bhrziiwibgfizwxqbhvyywwioijub3agumvzdwx0cyisinjlc3vsdhndbxaioijmb3jjzvnlyxjjadpwcmvkawn0zwrszxn1bhrzin0simnvbnrlehqionsirklmvevsuyi6e30sinnlyxjjafnvdxjjzsi6ikftu0ltvefovf9esufmt0cilcjkaxnhymxlsw50zw50uxvlcnkiomzhbhnllcjkaxnhymxlu3blbgxdb3jyzwn0aw9uijpmywxzzswic2vhcmnorglhbg9nu2vzc2lvbklkijoizduxyjk1ntqtmtixzc03ymnkltrknwqtmzmzmwy5njyymde4iiwizgvidwdjbmzvijp7imfwce5hbwuioijjq2fyx1nlcnzpy2vfq29uc29szsisimfwcfr5cguioijdb25zb2xliiwiyxbwtmftzxnwywnlijoiyyisimxvy2f0aw9uijoizm9yy2u6b2jqzwn0sg9tzurlc2t0b3ailcjzb2jqzwn0vhlwzsi6ikfjy291bnqifx0simdyb3vwswqioijeruzbvuxuin0sinn0yxrlijp7fx0%3d</small> </font> </div>
<div class="test-event"> <font color="maroon"> <small> &emsp; &emsp;--- 16 Oct 11:27:08 198 - <b>0</b> - Page Load Wait: (Sync) - ICar.support.Utils.waitForPageLoad(Utils.java:109)</small> </font> </div>
<div class="test-event"> <font color="maroon"> <small> &emsp; &emsp;--- 16 Oct 11:27:16 508 - Catched spinner load exception due to Expected condition failed: waiting for ICar.support.WaitUtils$4@714addf7 (tried for 8 second(s) with 500 milliseconds interval)</small> </font> </div>
<div class="test-event"> <font color="maroon"> <small> &emsp; &emsp;--- 16 Oct 11:27:16 508 - <b>8</b> - Spinner Load Wait: (Sync) - ICar.support.WaitUtils.waitForSpinner(WaitUtils.java:225)</small> </font> </div>
<div class="test-event"> <font color="maroon"> <small> &emsp; &emsp;--- 16 Oct 11:27:17 036 - Page URL:: https://i-car--staging.sandbox.lightning.force.com/one/one.app#eyjjb21wb25lbnrezwyioijmb3jjzvnlyxjjadpzzwfyy2hqywdlrgvza3rvccisimf0dhjpynv0zxmionsidgvybsi6ijmxmze1ndgilcjzy29wzu1hcci6eyj0exblijoive9qx1jfu1vmvfmilcjuyw1lc3bhy2uioiiilcjsywjlbci6ilrvccbszxn1bhrziiwibgfizwxqbhvyywwioijub3agumvzdwx0cyisinjlc3vsdhndbxaioijmb3jjzvnlyxjjadpwcmvkawn0zwrszxn1bhrzin0simnvbnrlehqionsirklmvevsuyi6e30sinnlyxjjafnvdxjjzsi6ikftu0ltvefovf9esufmt0cilcjkaxnhymxlsw50zw50uxvlcnkiomzhbhnllcjkaxnhymxlu3blbgxdb3jyzwn0aw9uijpmywxzzswic2vhcmnorglhbg9nu2vzc2lvbklkijoizduxyjk1ntqtmtixzc03ymnkltrknwqtmzmzmwy5njyymde4iiwizgvidwdjbmzvijp7imfwce5hbwuioijjq2fyx1nlcnzpy2vfq29uc29szsisimfwcfr5cguioijdb25zb2xliiwiyxbwtmftzxnwywnlijoiyyisimxvy2f0aw9uijoizm9yy2u6b2jqzwn0sg9tzurlc2t0b3ailcjzb2jqzwn0vhlwzsi6ikfjy291bnqifx0simdyb3vwswqioijeruzbvuxuin0sinn0yxrlijp7fx0%3d</small> </font> </div>
<div class="test-event"> <font color="maroon"> <small> &emsp; &emsp;--- 16 Oct 11:27:17 036 - <b>0</b> - Page Load Wait: (Sync) - ICar.support.Utils.waitForPageLoad(Utils.java:109)</small> </font> </div>
<div class="test-event"> <font color="maroon"> <small> &emsp; &emsp;--- 16 Oct 11:27:19 118 - Element is displayed:: [[ChromeDriver: chrome on WINDOWS (c1fd959aafb591e040b1659ed1defbb4)] -> xpath: //div[contains(@class,'forceSearchResultsRegion')]//div[contains(@class,'resultsMultiWrapper')]/div/div[1]//following::h2//a]</small> </font> </div>
<div class="test-event"> <font color="maroon"> <small> &emsp; &emsp;--- 16 Oct 11:27:19 298 - Element is displayed:: [[ChromeDriver: chrome on WINDOWS (c1fd959aafb591e040b1659ed1defbb4)] -> xpath: //a[text()='Contacts']]</small> </font> </div>
<div class="test-event"> <font color="maroon"> <small> &emsp; &emsp;--- 16 Oct 11:27:23 519 - Element is displayed:: [[ChromeDriver: chrome on WINDOWS (c1fd959aafb591e040b1659ed1defbb4)] -> xpath: //div[text()='Contacts']//following :: table//tbody//th//span /a]</small> </font> </div>
<div class="test-event"> <font color="maroon"> <small> &emsp; &emsp;--- 16 Oct 11:27:24 017 - Page URL:: https://i-car--staging.sandbox.lightning.force.com/one/one.app#eyjjb21wb25lbnrezwyioijmb3jjzvnlyxjjadpzzwfyy2hqywdlrgvza3rvccisimf0dhjpynv0zxmionsidgvybsi6ijmxmze1ndgilcjzy29wzu1hcci6eyj0exblijoive9qx1jfu1vmvfmilcjuyw1lc3bhy2uioiiilcjsywjlbci6ilrvccbszxn1bhrziiwibgfizwxqbhvyywwioijub3agumvzdwx0cyisinjlc3vsdhndbxaioijmb3jjzvnlyxjjadpwcmvkawn0zwrszxn1bhrzin0simnvbnrlehqionsirklmvevsuyi6e30sinnlyxjjafnvdxjjzsi6ikftu0ltvefovf9esufmt0cilcjkaxnhymxlsw50zw50uxvlcnkiomzhbhnllcjkaxnhymxlu3blbgxdb3jyzwn0aw9uijpmywxzzswic2vhcmnorglhbg9nu2vzc2lvbklkijoizduxyjk1ntqtmtixzc03ymnkltrknwqtmzmzmwy5njyymde4iiwizgvidwdjbmzvijp7imfwce5hbwuioijjq2fyx1nlcnzpy2vfq29uc29szsisimfwcfr5cguioijdb25zb2xliiwiyxbwtmftzxnwywnlijoiyyisimxvy2f0aw9uijoizm9yy2u6b2jqzwn0sg9tzurlc2t0b3ailcjzb2jqzwn0vhlwzsi6ikfjy291bnqifx0simdyb3vwswqioijeruzbvuxuin0sinn0yxrlijp7fx0%3d</small> </font> </div>
<div class="test-event"> <font color="maroon"> <small> &emsp; &emsp;--- 16 Oct 11:27:24 017 - <b>0</b> - Page Load Wait: (Sync) - ICar.support.Utils.waitForPageLoad(Utils.java:109)</small> </font> </div>
<div class="test-event"> <font color="maroon"> <small> &emsp; &emsp;--- 16 Oct 11:27:39 267 - Catched spinner load exception due to Expected condition failed: waiting for ICar.support.WaitUtils$4@714addf7 (tried for 15 second(s) with 500 milliseconds interval)</small> </font> </div>
<div class="test-event"> <font color="maroon"> <small> &emsp; &emsp;--- 16 Oct 11:27:39 267 - <b>15</b> - Spinner Load Wait: (Sync) - ICar.support.WaitUtils.waitForSpinner(WaitUtils.java:225)</small> </font> </div>
<div class="test-event"> <font color="maroon"> <small> &emsp; &emsp;--- 16 Oct 11:27:39 690 - Page URL:: https://i-car--staging.sandbox.lightning.force.com/lightning/r/contact/003vc00000d31abyaa/view</small> </font> </div>
<div class="test-event"> <font color="maroon"> <small> &emsp; &emsp;--- 16 Oct 11:27:39 690 - <b>0</b> - Page Load Wait: (Sync) - ICar.support.Utils.waitForPageLoad(Utils.java:109)</small> </font> </div>
<div class="test-event"> <font color="maroon"> <small> &emsp; &emsp;--- 16 Oct 11:27:41 821 - Element is displayed:: [[ChromeDriver: chrome on WINDOWS (c1fd959aafb591e040b1659ed1defbb4)] -> xpath: //a[@id='detailTab__item']]</small> </font> </div>
<div class="test-event"> <font color="maroon"> <small> &emsp; &emsp;--- 16 Oct 11:27:42 220 - Page URL:: https://i-car--staging.sandbox.lightning.force.com/lightning/r/contact/003vc00000d31abyaa/view</small> </font> </div>
<div class="test-event"> <font color="maroon"> <small> &emsp; &emsp;--- 16 Oct 11:27:42 220 - <b>0</b> - Page Load Wait: (Sync) - ICar.support.Utils.waitForPageLoad(Utils.java:109)</small> </font> </div>
<div class="test-event"> <font color="maroon"> <small> &emsp; &emsp;--- 16 Oct 11:27:57 283 - Catched spinner load exception due to Expected condition failed: waiting for ICar.support.WaitUtils$4@714addf7 (tried for 15 second(s) with 500 milliseconds interval)</small> </font> </div>
<div class="test-event"> <font color="maroon"> <small> &emsp; &emsp;--- 16 Oct 11:27:57 283 - <b>15</b> - Spinner Load Wait: (Sync) - ICar.support.WaitUtils.waitForSpinner(WaitUtils.java:225)</small> </font> </div>
<div class="test-event"> <font color="maroon"> <small> &emsp; &emsp;--- 16 Oct 11:27:57 695 - Page URL:: https://i-car--staging.sandbox.lightning.force.com/lightning/r/contact/003vc00000d31abyaa/view</small> </font> </div>
<div class="test-event"> <font color="maroon"> <small> &emsp; &emsp;--- 16 Oct 11:27:57 695 - <b>0</b> - Page Load Wait: (Sync) - ICar.support.Utils.waitForPageLoad(Utils.java:109)</small> </font> </div>
<div class="test-message">&emsp;Successfully verified the new contact information&emsp;<a href=".\ScreenShot\ICar_B2B944_TC02_45645501541600.png" target="_blank" >[ScreenShot]</a></div>
<div class="test-result"><br><font color="green"><strong> Test Passed. </strong></font> </div>&emsp;
&emsp;<div class="test-title"> <strong><font size = "3" color = "#0000FF">---Test Execution Ends---</font> </strong> </div>&emsp;
<div class="test-event"> <font color="maroon"> <small> &emsp; &emsp;--- 16 Oct 11:27:58 721 - TestCaseID:: ICar_B2B944_TC03</small> </font> </div>
<div class="test-event"> <font color="maroon"> <small> &emsp; &emsp;--- 16 Oct 11:27:59 780 - <b>1</b> - Driver::initialize::Get - ICar.support.WebDriverFactory.getDriver(WebDriverFactory.java:640)</small> </font> </div>
&emsp;<div class="test-title"> <strong><font size = "3" color = "#000080">Student Activating the account and Status Change</font> </strong> </div>&emsp;<div><strong>Steps:</strong></div><!-- Report -->&emsp;
<div class="test-event"> <font color="maroon"> <small> &emsp; &emsp;--- 16 Oct 11:28:05 070 - Page URL:: https://i-car--staging.sandbox.my.salesforce.com/</small> </font> </div>
<div class="test-event"> <font color="maroon"> <small> &emsp; &emsp;--- 16 Oct 11:28:05 070 - <b>0</b> - Page Load Wait: (Sync) - ICar.support.Utils.waitForPageLoad(Utils.java:109)</small> </font> </div>
<div class="test-message">&emsp;Successfully navigated to 'Login' Page&emsp;<a href=".\ScreenShot\ICar_B2B944_TC03_45652497530200.png" target="_blank" >[ScreenShot]</a></div>
<div class="test-message">&emsp;Login page is launched.</div>
<div class="test-event"> <font color="maroon"> <small> &emsp; &emsp;--- 16 Oct 11:28:05 404 - Element is displayed:: [[ChromeDriver: chrome on WINDOWS (f2cc49eadbc28206a290ab7570999b45)] -> id: username]</small> </font> </div>
<div class="test-event"> <font color="maroon"> <small> &emsp; &emsp;--- 16 Oct 11:28:05 494 - Element is displayed:: [[ChromeDriver: chrome on WINDOWS (f2cc49eadbc28206a290ab7570999b45)] -> id: username]</small> </font> </div>
<div class="test-event"> <font color="maroon"> <small> &emsp; &emsp;--- 16 Oct 11:28:05 756 - Element is displayed:: [[ChromeDriver: chrome on WINDOWS (f2cc49eadbc28206a290ab7570999b45)] -> id: password]</small> </font> </div>
<div class="test-event"> <font color="maroon"> <small> &emsp; &emsp;--- 16 Oct 11:28:05 951 - Element is displayed:: [[ChromeDriver: chrome on WINDOWS (f2cc49eadbc28206a290ab7570999b45)] -> id: Login]</small> </font> </div>
<div class="test-event"> <font color="maroon"> <small> &emsp; &emsp;--- 16 Oct 11:28:35 718 - Catched spinner load exception due to Expected condition failed: waiting for ICar.support.WaitUtils$4@714addf7 (tried for 13 second(s) with 500 milliseconds interval)</small> </font> </div>
<div class="test-event"> <font color="maroon"> <small> &emsp; &emsp;--- 16 Oct 11:28:35 718 - <b>13</b> - Spinner Load Wait: (Sync) - ICar.support.WaitUtils.waitForSpinner(WaitUtils.java:225)</small> </font> </div>
<div class="test-event"> <font color="maroon"> <small> &emsp; &emsp;--- 16 Oct 11:28:55 243 - Catched spinner load exception due to Expected condition failed: waiting for ICar.support.WaitUtils$4@714addf7 (tried for 6 second(s) with 500 milliseconds interval)</small> </font> </div>
<div class="test-event"> <font color="maroon"> <small> &emsp; &emsp;--- 16 Oct 11:28:55 243 - <b>6</b> - Spinner Load Wait: (Sync) - ICar.support.WaitUtils.waitForSpinner(WaitUtils.java:225)</small> </font> </div>
<div class="test-event"> <font color="maroon"> <small> &emsp; &emsp;--- 16 Oct 11:28:55 321 - Element is displayed:: [[ChromeDriver: chrome on WINDOWS (f2cc49eadbc28206a290ab7570999b45)] -> css selector: button[class*='search-button']]</small> </font> </div>
<div class="test-message">&emsp;Navigate to 'SalesForce Page'</div>
<div class="test-event"> <font color="maroon"> <small> &emsp; &emsp;--- 16 Oct 11:28:55 720 - Page URL:: https://i-car--staging.sandbox.lightning.force.com/lightning/o/account/list?filtername=accounts</small> </font> </div>
<div class="test-event"> <font color="maroon"> <small> &emsp; &emsp;--- 16 Oct 11:28:55 720 - <b>0</b> - Page Load Wait: (Sync) - ICar.support.Utils.waitForPageLoad(Utils.java:109)</small> </font> </div>
<div class="test-event"> <font color="maroon"> <small> &emsp; &emsp;--- 16 Oct 11:29:01 329 - Page URL:: https://i-car--staging.sandbox.lightning.force.com/lightning/o/account/list?filtername=accounts</small> </font> </div>
<div class="test-event"> <font color="maroon"> <small> &emsp; &emsp;--- 16 Oct 11:29:01 329 - <b>0</b> - Page Load Wait: (Sync) - ICar.support.Utils.waitForPageLoad(Utils.java:109)</small> </font> </div>
<div class="test-message">&emsp;Successfully navigated to 'Login' Page&emsp;<a href=".\ScreenShot\ICar_B2B944_TC03_45712919266100.png" target="_blank" >[ScreenShot]</a></div>
<div class="test-message">&emsp;Enter the user credentials as : icaradminautomation3@i-car.com.staging</div>
<div class="test-event"> <font color="maroon"> <small> &emsp; &emsp;--- 16 Oct 11:29:06 246 - Page URL:: https://i-car--staging.sandbox.lightning.force.com/lightning/o/account/list?filtername=accounts</small> </font> </div>
<div class="test-event"> <font color="maroon"> <small> &emsp; &emsp;--- 16 Oct 11:29:06 246 - <b>0</b> - Page Load Wait: (Sync) - ICar.support.Utils.waitForPageLoad(Utils.java:109)</small> </font> </div>
<div class="test-event"> <font color="maroon"> <small> &emsp; &emsp;--- 16 Oct 11:29:11 668 - Page URL:: https://i-car--staging.sandbox.lightning.force.com/lightning/o/account/list?filtername=accounts</small> </font> </div>
<div class="test-event"> <font color="maroon"> <small> &emsp; &emsp;--- 16 Oct 11:29:11 668 - <b>0</b> - Page Load Wait: (Sync) - ICar.support.Utils.waitForPageLoad(Utils.java:109)</small> </font> </div>
<div class="test-message">&emsp;Close the tab</div>
<div class="test-event"> <font color="maroon"> <small> &emsp; &emsp;--- 16 Oct 11:29:17 306 - Page URL:: https://i-car--staging.sandbox.lightning.force.com/lightning/o/account/list?filtername=accounts</small> </font> </div>
<div class="test-event"> <font color="maroon"> <small> &emsp; &emsp;--- 16 Oct 11:29:17 306 - <b>0</b> - Page Load Wait: (Sync) - ICar.support.Utils.waitForPageLoad(Utils.java:109)</small> </font> </div>
<div class="test-event"> <font color="maroon"> <small> &emsp; &emsp;--- 16 Oct 11:29:17 345 - Element is displayed:: [[ChromeDriver: chrome on WINDOWS (f2cc49eadbc28206a290ab7570999b45)] -> css selector: button[class*='search-button']]</small> </font> </div>
<div class="test-event"> <font color="maroon"> <small> &emsp; &emsp;--- 16 Oct 11:29:19 424 - Catched spinner load exception due to Expected condition failed: waiting for ICar.support.WaitUtils$4@714addf7 (tried for 2 second(s) with 500 milliseconds interval)</small> </font> </div>
<div class="test-event"> <font color="maroon"> <small> &emsp; &emsp;--- 16 Oct 11:29:19 424 - <b>2</b> - Spinner Load Wait: (Sync) - ICar.support.WaitUtils.waitForSpinner(WaitUtils.java:225)</small> </font> </div>
<div class="test-event"> <font color="maroon"> <small> &emsp; &emsp;--- 16 Oct 11:29:22 504 - Element is displayed:: [[ChromeDriver: chrome on WINDOWS (f2cc49eadbc28206a290ab7570999b45)] -> css selector: button[class*='search-button']]</small> </font> </div>
<div class="test-event"> <font color="maroon"> <small> &emsp; &emsp;--- 16 Oct 11:29:23 122 - Page URL:: https://i-car--staging.sandbox.lightning.force.com/lightning/o/account/list?filtername=accounts</small> </font> </div>
<div class="test-event"> <font color="maroon"> <small> &emsp; &emsp;--- 16 Oct 11:29:23 122 - <b>0</b> - Page Load Wait: (Sync) - ICar.support.Utils.waitForPageLoad(Utils.java:109)</small> </font> </div>
<div class="test-event"> <font color="maroon"> <small> &emsp; &emsp;--- 16 Oct 11:29:42 958 - Catched spinner load exception due to Expected condition failed: waiting for ICar.support.WaitUtils$4@714addf7 (tried for 10 second(s) with 500 milliseconds interval)</small> </font> </div>
<div class="test-event"> <font color="maroon"> <small> &emsp; &emsp;--- 16 Oct 11:29:42 958 - <b>10</b> - Spinner Load Wait: (Sync) - ICar.support.WaitUtils.waitForSpinner(WaitUtils.java:225)</small> </font> </div>
<div class="test-event"> <font color="maroon"> <small> &emsp; &emsp;--- 16 Oct 11:29:43 527 - Page URL:: https://i-car--staging.sandbox.lightning.force.com/one/one.app#eyjjb21wb25lbnrezwyioijmb3jjzvnlyxjjadpzzwfyy2hqywdlrgvza3rvccisimf0dhjpynv0zxmionsidgvybsi6ijmxmze1ndgilcjzy29wzu1hcci6eyj0exblijoive9qx1jfu1vmvfmilcjuyw1lc3bhy2uioiiilcjsywjlbci6ilrvccbszxn1bhrziiwibgfizwxqbhvyywwioijub3agumvzdwx0cyisinjlc3vsdhndbxaioijmb3jjzvnlyxjjadpwcmvkawn0zwrszxn1bhrzin0simnvbnrlehqionsirklmvevsuyi6e30sinnlyxjjafnvdxjjzsi6ikftu0ltvefovf9esufmt0cilcjkaxnhymxlsw50zw50uxvlcnkiomzhbhnllcjkaxnhymxlu3blbgxdb3jyzwn0aw9uijpmywxzzswic2vhcmnorglhbg9nu2vzc2lvbklkijoizdm3mdhiodutmzixns0ym2q0ltkwnwmtzmm5ytzjm2fhnzvhiiwizgvidwdjbmzvijp7imfwce5hbwuioijjq2fyx1nlcnzpy2vfq29uc29szsisimfwcfr5cguioijdb25zb2xliiwiyxbwtmftzxnwywnlijoiyyisimxvy2f0aw9uijoizm9yy2u6b2jqzwn0sg9tzurlc2t0b3ailcjzb2jqzwn0vhlwzsi6ikfjy291bnqifx0simdyb3vwswqioijeruzbvuxuin0sinn0yxrlijp7fx0%3d</small> </font> </div>
<div class="test-event"> <font color="maroon"> <small> &emsp; &emsp;--- 16 Oct 11:29:43 527 - <b>0</b> - Page Load Wait: (Sync) - ICar.support.Utils.waitForPageLoad(Utils.java:109)</small> </font> </div>
<div class="test-event"> <font color="maroon"> <small> &emsp; &emsp;--- 16 Oct 11:29:55 041 - Catched spinner load exception due to Expected condition failed: waiting for ICar.support.WaitUtils$4@714addf7 (tried for 11 second(s) with 500 milliseconds interval)</small> </font> </div>
<div class="test-event"> <font color="maroon"> <small> &emsp; &emsp;--- 16 Oct 11:29:55 041 - <b>11</b> - Spinner Load Wait: (Sync) - ICar.support.WaitUtils.waitForSpinner(WaitUtils.java:225)</small> </font> </div>
<div class="test-event"> <font color="maroon"> <small> &emsp; &emsp;--- 16 Oct 11:29:55 564 - Page URL:: https://i-car--staging.sandbox.lightning.force.com/one/one.app#eyjjb21wb25lbnrezwyioijmb3jjzvnlyxjjadpzzwfyy2hqywdlrgvza3rvccisimf0dhjpynv0zxmionsidgvybsi6ijmxmze1ndgilcjzy29wzu1hcci6eyj0exblijoive9qx1jfu1vmvfmilcjuyw1lc3bhy2uioiiilcjsywjlbci6ilrvccbszxn1bhrziiwibgfizwxqbhvyywwioijub3agumvzdwx0cyisinjlc3vsdhndbxaioijmb3jjzvnlyxjjadpwcmvkawn0zwrszxn1bhrzin0simnvbnrlehqionsirklmvevsuyi6e30sinnlyxjjafnvdxjjzsi6ikftu0ltvefovf9esufmt0cilcjkaxnhymxlsw50zw50uxvlcnkiomzhbhnllcjkaxnhymxlu3blbgxdb3jyzwn0aw9uijpmywxzzswic2vhcmnorglhbg9nu2vzc2lvbklkijoizdm3mdhiodutmzixns0ym2q0ltkwnwmtzmm5ytzjm2fhnzvhiiwizgvidwdjbmzvijp7imfwce5hbwuioijjq2fyx1nlcnzpy2vfq29uc29szsisimfwcfr5cguioijdb25zb2xliiwiyxbwtmftzxnwywnlijoiyyisimxvy2f0aw9uijoizm9yy2u6b2jqzwn0sg9tzurlc2t0b3ailcjzb2jqzwn0vhlwzsi6ikfjy291bnqifx0simdyb3vwswqioijeruzbvuxuin0sinn0yxrlijp7fx0%3d</small> </font> </div>
<div class="test-event"> <font color="maroon"> <small> &emsp; &emsp;--- 16 Oct 11:29:55 564 - <b>0</b> - Page Load Wait: (Sync) - ICar.support.Utils.waitForPageLoad(Utils.java:109)</small> </font> </div>
<div class="test-event"> <font color="maroon"> <small> &emsp; &emsp;--- 16 Oct 11:29:55 621 - Element is displayed:: [[ChromeDriver: chrome on WINDOWS (f2cc49eadbc28206a290ab7570999b45)] -> xpath: //a[@title='Top Results']//span[text()='Top Results']]</small> </font> </div>
<div class="test-event"> <font color="maroon"> <small> &emsp; &emsp;--- 16 Oct 11:29:56 005 - Page URL:: https://i-car--staging.sandbox.lightning.force.com/one/one.app#eyjjb21wb25lbnrezwyioijmb3jjzvnlyxjjadpzzwfyy2hqywdlrgvza3rvccisimf0dhjpynv0zxmionsidgvybsi6ijmxmze1ndgilcjzy29wzu1hcci6eyj0exblijoive9qx1jfu1vmvfmilcjuyw1lc3bhy2uioiiilcjsywjlbci6ilrvccbszxn1bhrziiwibgfizwxqbhvyywwioijub3agumvzdwx0cyisinjlc3vsdhndbxaioijmb3jjzvnlyxjjadpwcmvkawn0zwrszxn1bhrzin0simnvbnrlehqionsirklmvevsuyi6e30sinnlyxjjafnvdxjjzsi6ikftu0ltvefovf9esufmt0cilcjkaxnhymxlsw50zw50uxvlcnkiomzhbhnllcjkaxnhymxlu3blbgxdb3jyzwn0aw9uijpmywxzzswic2vhcmnorglhbg9nu2vzc2lvbklkijoizdm3mdhiodutmzixns0ym2q0ltkwnwmtzmm5ytzjm2fhnzvhiiwizgvidwdjbmzvijp7imfwce5hbwuioijjq2fyx1nlcnzpy2vfq29uc29szsisimfwcfr5cguioijdb25zb2xliiwiyxbwtmftzxnwywnlijoiyyisimxvy2f0aw9uijoizm9yy2u6b2jqzwn0sg9tzurlc2t0b3ailcjzb2jqzwn0vhlwzsi6ikfjy291bnqifx0simdyb3vwswqioijeruzbvuxuin0sinn0yxrlijp7fx0%3d</small> </font> </div>
<div class="test-event"> <font color="maroon"> <small> &emsp; &emsp;--- 16 Oct 11:29:56 005 - <b>0</b> - Page Load Wait: (Sync) - ICar.support.Utils.waitForPageLoad(Utils.java:109)</small> </font> </div>
<div class="test-event"> <font color="maroon"> <small> &emsp; &emsp;--- 16 Oct 11:30:01 069 - Catched spinner load exception due to Expected condition failed: waiting for ICar.support.WaitUtils$4@714addf7 (tried for 5 second(s) with 500 milliseconds interval)</small> </font> </div>
<div class="test-event"> <font color="maroon"> <small> &emsp; &emsp;--- 16 Oct 11:30:01 069 - <b>5</b> - Spinner Load Wait: (Sync) - ICar.support.WaitUtils.waitForSpinner(WaitUtils.java:225)</small> </font> </div>
<div class="test-event"> <font color="maroon"> <small> &emsp; &emsp;--- 16 Oct 11:30:01 563 - Page URL:: https://i-car--staging.sandbox.lightning.force.com/one/one.app#eyjjb21wb25lbnrezwyioijmb3jjzvnlyxjjadpzzwfyy2hqywdlrgvza3rvccisimf0dhjpynv0zxmionsidgvybsi6ijmxmze1ndgilcjzy29wzu1hcci6eyj0exblijoive9qx1jfu1vmvfmilcjuyw1lc3bhy2uioiiilcjsywjlbci6ilrvccbszxn1bhrziiwibgfizwxqbhvyywwioijub3agumvzdwx0cyisinjlc3vsdhndbxaioijmb3jjzvnlyxjjadpwcmvkawn0zwrszxn1bhrzin0simnvbnrlehqionsirklmvevsuyi6e30sinnlyxjjafnvdxjjzsi6ikftu0ltvefovf9esufmt0cilcjkaxnhymxlsw50zw50uxvlcnkiomzhbhnllcjkaxnhymxlu3blbgxdb3jyzwn0aw9uijpmywxzzswic2vhcmnorglhbg9nu2vzc2lvbklkijoizdm3mdhiodutmzixns0ym2q0ltkwnwmtzmm5ytzjm2fhnzvhiiwizgvidwdjbmzvijp7imfwce5hbwuioijjq2fyx1nlcnzpy2vfq29uc29szsisimfwcfr5cguioijdb25zb2xliiwiyxbwtmftzxnwywnlijoiyyisimxvy2f0aw9uijoizm9yy2u6b2jqzwn0sg9tzurlc2t0b3ailcjzb2jqzwn0vhlwzsi6ikfjy291bnqifx0simdyb3vwswqioijeruzbvuxuin0sinn0yxrlijp7fx0%3d</small> </font> </div>
<div class="test-event"> <font color="maroon"> <small> &emsp; &emsp;--- 16 Oct 11:30:01 563 - <b>0</b> - Page Load Wait: (Sync) - ICar.support.Utils.waitForPageLoad(Utils.java:109)</small> </font> </div>
<div class="test-event"> <font color="maroon"> <small> &emsp; &emsp;--- 16 Oct 11:30:02 048 - Page URL:: https://i-car--staging.sandbox.lightning.force.com/one/one.app#eyjjb21wb25lbnrezwyioijmb3jjzvnlyxjjadpzzwfyy2hqywdlrgvza3rvccisimf0dhjpynv0zxmionsidgvybsi6ijmxmze1ndgilcjzy29wzu1hcci6eyj0exblijoive9qx1jfu1vmvfmilcjuyw1lc3bhy2uioiiilcjsywjlbci6ilrvccbszxn1bhrziiwibgfizwxqbhvyywwioijub3agumvzdwx0cyisinjlc3vsdhndbxaioijmb3jjzvnlyxjjadpwcmvkawn0zwrszxn1bhrzin0simnvbnrlehqionsirklmvevsuyi6e30sinnlyxjjafnvdxjjzsi6ikftu0ltvefovf9esufmt0cilcjkaxnhymxlsw50zw50uxvlcnkiomzhbhnllcjkaxnhymxlu3blbgxdb3jyzwn0aw9uijpmywxzzswic2vhcmnorglhbg9nu2vzc2lvbklkijoizdm3mdhiodutmzixns0ym2q0ltkwnwmtzmm5ytzjm2fhnzvhiiwizgvidwdjbmzvijp7imfwce5hbwuioijjq2fyx1nlcnzpy2vfq29uc29szsisimfwcfr5cguioijdb25zb2xliiwiyxbwtmftzxnwywnlijoiyyisimxvy2f0aw9uijoizm9yy2u6b2jqzwn0sg9tzurlc2t0b3ailcjzb2jqzwn0vhlwzsi6ikfjy291bnqifx0simdyb3vwswqioijeruzbvuxuin0sinn0yxrlijp7fx0%3d</small> </font> </div>
<div class="test-event"> <font color="maroon"> <small> &emsp; &emsp;--- 16 Oct 11:30:02 048 - <b>0</b> - Page Load Wait: (Sync) - ICar.support.Utils.waitForPageLoad(Utils.java:109)</small> </font> </div>
<div class="test-event"> <font color="maroon"> <small> &emsp; &emsp;--- 16 Oct 11:30:02 522 - Page URL:: https://i-car--staging.sandbox.lightning.force.com/one/one.app#eyjjb21wb25lbnrezwyioijmb3jjzvnlyxjjadpzzwfyy2hqywdlrgvza3rvccisimf0dhjpynv0zxmionsidgvybsi6ijmxmze1ndgilcjzy29wzu1hcci6eyj0exblijoive9qx1jfu1vmvfmilcjuyw1lc3bhy2uioiiilcjsywjlbci6ilrvccbszxn1bhrziiwibgfizwxqbhvyywwioijub3agumvzdwx0cyisinjlc3vsdhndbxaioijmb3jjzvnlyxjjadpwcmvkawn0zwrszxn1bhrzin0simnvbnrlehqionsirklmvevsuyi6e30sinnlyxjjafnvdxjjzsi6ikftu0ltvefovf9esufmt0cilcjkaxnhymxlsw50zw50uxvlcnkiomzhbhnllcjkaxnhymxlu3blbgxdb3jyzwn0aw9uijpmywxzzswic2vhcmnorglhbg9nu2vzc2lvbklkijoizdm3mdhiodutmzixns0ym2q0ltkwnwmtzmm5ytzjm2fhnzvhiiwizgvidwdjbmzvijp7imfwce5hbwuioijjq2fyx1nlcnzpy2vfq29uc29szsisimfwcfr5cguioijdb25zb2xliiwiyxbwtmftzxnwywnlijoiyyisimxvy2f0aw9uijoizm9yy2u6b2jqzwn0sg9tzurlc2t0b3ailcjzb2jqzwn0vhlwzsi6ikfjy291bnqifx0simdyb3vwswqioijeruzbvuxuin0sinn0yxrlijp7fx0%3d</small> </font> </div>
<div class="test-event"> <font color="maroon"> <small> &emsp; &emsp;--- 16 Oct 11:30:02 523 - <b>0</b> - Page Load Wait: (Sync) - ICar.support.Utils.waitForPageLoad(Utils.java:109)</small> </font> </div>
<div class="test-event"> <font color="maroon"> <small> &emsp; &emsp;--- 16 Oct 11:30:10 860 - Catched spinner load exception due to Expected condition failed: waiting for ICar.support.WaitUtils$4@714addf7 (tried for 8 second(s) with 500 milliseconds interval)</small> </font> </div>
<div class="test-event"> <font color="maroon"> <small> &emsp; &emsp;--- 16 Oct 11:30:10 860 - <b>8</b> - Spinner Load Wait: (Sync) - ICar.support.WaitUtils.waitForSpinner(WaitUtils.java:225)</small> </font> </div>
<div class="test-event"> <font color="maroon"> <small> &emsp; &emsp;--- 16 Oct 11:30:11 416 - Page URL:: https://i-car--staging.sandbox.lightning.force.com/one/one.app#eyjjb21wb25lbnrezwyioijmb3jjzvnlyxjjadpzzwfyy2hqywdlrgvza3rvccisimf0dhjpynv0zxmionsidgvybsi6ijmxmze1ndgilcjzy29wzu1hcci6eyj0exblijoive9qx1jfu1vmvfmilcjuyw1lc3bhy2uioiiilcjsywjlbci6ilrvccbszxn1bhrziiwibgfizwxqbhvyywwioijub3agumvzdwx0cyisinjlc3vsdhndbxaioijmb3jjzvnlyxjjadpwcmvkawn0zwrszxn1bhrzin0simnvbnrlehqionsirklmvevsuyi6e30sinnlyxjjafnvdxjjzsi6ikftu0ltvefovf9esufmt0cilcjkaxnhymxlsw50zw50uxvlcnkiomzhbhnllcjkaxnhymxlu3blbgxdb3jyzwn0aw9uijpmywxzzswic2vhcmnorglhbg9nu2vzc2lvbklkijoizdm3mdhiodutmzixns0ym2q0ltkwnwmtzmm5ytzjm2fhnzvhiiwizgvidwdjbmzvijp7imfwce5hbwuioijjq2fyx1nlcnzpy2vfq29uc29szsisimfwcfr5cguioijdb25zb2xliiwiyxbwtmftzxnwywnlijoiyyisimxvy2f0aw9uijoizm9yy2u6b2jqzwn0sg9tzurlc2t0b3ailcjzb2jqzwn0vhlwzsi6ikfjy291bnqifx0simdyb3vwswqioijeruzbvuxuin0sinn0yxrlijp7fx0%3d</small> </font> </div>
<div class="test-event"> <font color="maroon"> <small> &emsp; &emsp;--- 16 Oct 11:30:11 416 - <b>0</b> - Page Load Wait: (Sync) - ICar.support.Utils.waitForPageLoad(Utils.java:109)</small> </font> </div>
<div class="test-event"> <font color="maroon"> <small> &emsp; &emsp;--- 16 Oct 11:30:13 519 - Element is displayed:: [[ChromeDriver: chrome on WINDOWS (f2cc49eadbc28206a290ab7570999b45)] -> xpath: //div[contains(@class,'forceSearchResultsRegion')]//div[contains(@class,'resultsMultiWrapper')]/div/div[1]//following::h2//a]</small> </font> </div>
<div class="test-event"> <font color="maroon"> <small> &emsp; &emsp;--- 16 Oct 11:30:13 696 - Element is displayed:: [[ChromeDriver: chrome on WINDOWS (f2cc49eadbc28206a290ab7570999b45)] -> xpath: //a[text()='Contacts']]</small> </font> </div>
<div class="test-event"> <font color="maroon"> <small> &emsp; &emsp;--- 16 Oct 11:30:18 490 - Element is displayed:: [[ChromeDriver: chrome on WINDOWS (f2cc49eadbc28206a290ab7570999b45)] -> xpath: //div[text()='Contacts']//following :: table//tbody//th//span /a]</small> </font> </div>
<div class="test-event"> <font color="maroon"> <small> &emsp; &emsp;--- 16 Oct 11:30:19 069 - Page URL:: https://i-car--staging.sandbox.lightning.force.com/one/one.app#eyjjb21wb25lbnrezwyioijmb3jjzvnlyxjjadpzzwfyy2hqywdlrgvza3rvccisimf0dhjpynv0zxmionsidgvybsi6ijmxmze1ndgilcjzy29wzu1hcci6eyj0exblijoive9qx1jfu1vmvfmilcjuyw1lc3bhy2uioiiilcjsywjlbci6ilrvccbszxn1bhrziiwibgfizwxqbhvyywwioijub3agumvzdwx0cyisinjlc3vsdhndbxaioijmb3jjzvnlyxjjadpwcmvkawn0zwrszxn1bhrzin0simnvbnrlehqionsirklmvevsuyi6e30sinnlyxjjafnvdxjjzsi6ikftu0ltvefovf9esufmt0cilcjkaxnhymxlsw50zw50uxvlcnkiomzhbhnllcjkaxnhymxlu3blbgxdb3jyzwn0aw9uijpmywxzzswic2vhcmnorglhbg9nu2vzc2lvbklkijoizdm3mdhiodutmzixns0ym2q0ltkwnwmtzmm5ytzjm2fhnzvhiiwizgvidwdjbmzvijp7imfwce5hbwuioijjq2fyx1nlcnzpy2vfq29uc29szsisimfwcfr5cguioijdb25zb2xliiwiyxbwtmftzxnwywnlijoiyyisimxvy2f0aw9uijoizm9yy2u6b2jqzwn0sg9tzurlc2t0b3ailcjzb2jqzwn0vhlwzsi6ikfjy291bnqifx0simdyb3vwswqioijeruzbvuxuin0sinn0yxrlijp7fx0%3d</small> </font> </div>
<div class="test-event"> <font color="maroon"> <small> &emsp; &emsp;--- 16 Oct 11:30:19 070 - <b>0</b> - Page Load Wait: (Sync) - ICar.support.Utils.waitForPageLoad(Utils.java:109)</small> </font> </div>
<div class="test-event"> <font color="maroon"> <small> &emsp; &emsp;--- 16 Oct 11:30:19 431 - Page URL:: https://i-car--staging.sandbox.lightning.force.com/one/one.app#eyjjb21wb25lbnrezwyioijmb3jjzvnlyxjjadpzzwfyy2hqywdlrgvza3rvccisimf0dhjpynv0zxmionsidgvybsi6ijmxmze1ndgilcjzy29wzu1hcci6eyj0exblijoive9qx1jfu1vmvfmilcjuyw1lc3bhy2uioiiilcjsywjlbci6ilrvccbszxn1bhrziiwibgfizwxqbhvyywwioijub3agumvzdwx0cyisinjlc3vsdhndbxaioijmb3jjzvnlyxjjadpwcmvkawn0zwrszxn1bhrzin0simnvbnrlehqionsirklmvevsuyi6e30sinnlyxjjafnvdxjjzsi6ikftu0ltvefovf9esufmt0cilcjkaxnhymxlsw50zw50uxvlcnkiomzhbhnllcjkaxnhymxlu3blbgxdb3jyzwn0aw9uijpmywxzzswic2vhcmnorglhbg9nu2vzc2lvbklkijoizdm3mdhiodutmzixns0ym2q0ltkwnwmtzmm5ytzjm2fhnzvhiiwizgvidwdjbmzvijp7imfwce5hbwuioijjq2fyx1nlcnzpy2vfq29uc29szsisimfwcfr5cguioijdb25zb2xliiwiyxbwtmftzxnwywnlijoiyyisimxvy2f0aw9uijoizm9yy2u6b2jqzwn0sg9tzurlc2t0b3ailcjzb2jqzwn0vhlwzsi6ikfjy291bnqifx0simdyb3vwswqioijeruzbvuxuin0sinn0yxrlijp7fx0%3d</small> </font> </div>
<div class="test-event"> <font color="maroon"> <small> &emsp; &emsp;--- 16 Oct 11:30:19 431 - <b>0</b> - Page Load Wait: (Sync) - ICar.support.Utils.waitForPageLoad(Utils.java:109)</small> </font> </div>
<div class="test-event"> <font color="maroon"> <small> &emsp; &emsp;--- 16 Oct 11:30:21 508 - Element is displayed:: [[ChromeDriver: chrome on WINDOWS (f2cc49eadbc28206a290ab7570999b45)] -> xpath: //h1/slot/lightning-formatted-name]</small> </font> </div>
<div class="test-event"> <font color="maroon"> <small> &emsp; &emsp;--- 16 Oct 11:30:21 959 - Page URL:: https://i-car--staging.sandbox.lightning.force.com/lightning/r/contact/003vc00000d31abyaa/view</small> </font> </div>
<div class="test-event"> <font color="maroon"> <small> &emsp; &emsp;--- 16 Oct 11:30:21 959 - <b>0</b> - Page Load Wait: (Sync) - ICar.support.Utils.waitForPageLoad(Utils.java:109)</small> </font> </div>
<div class="test-event"> <font color="maroon"> <small> &emsp; &emsp;--- 16 Oct 11:30:27 499 - Page URL:: https://i-car--staging.sandbox.lightning.force.com/lightning/r/contact/003vc00000d31abyaa/view</small> </font> </div>
<div class="test-event"> <font color="maroon"> <small> &emsp; &emsp;--- 16 Oct 11:30:27 499 - <b>0</b> - Page Load Wait: (Sync) - ICar.support.Utils.waitForPageLoad(Utils.java:109)</small> </font> </div>
<div class="test-event"> <font color="maroon"> <small> &emsp; &emsp;--- 16 Oct 11:30:32 112 - Page URL:: https://i-car--staging.sandbox.lightning.force.com/lightning/r/contact/003vc00000d31abyaa/view</small> </font> </div>
<div class="test-event"> <font color="maroon"> <small> &emsp; &emsp;--- 16 Oct 11:30:32 112 - <b>0</b> - Page Load Wait: (Sync) - ICar.support.Utils.waitForPageLoad(Utils.java:109)</small> </font> </div>
<div class="test-event"> <font color="maroon"> <small> &emsp; &emsp;--- 16 Oct 11:30:37 477 - Page URL:: https://i-car--staging.sandbox.lightning.force.com/lightning/o/account/list?filtername=accounts</small> </font> </div>
<div class="test-event"> <font color="maroon"> <small> &emsp; &emsp;--- 16 Oct 11:30:37 478 - <b>0</b> - Page Load Wait: (Sync) - ICar.support.Utils.waitForPageLoad(Utils.java:109)</small> </font> </div>
<div class="test-message">&emsp;Close the tab</div>
<div class="test-event"> <font color="maroon"> <small> &emsp; &emsp;--- 16 Oct 11:30:42 969 - Page URL:: https://i-car--staging.sandbox.lightning.force.com/lightning/o/account/list?filtername=accounts</small> </font> </div>
<div class="test-event"> <font color="maroon"> <small> &emsp; &emsp;--- 16 Oct 11:30:42 969 - <b>0</b> - Page Load Wait: (Sync) - ICar.support.Utils.waitForPageLoad(Utils.java:109)</small> </font> </div>
<div class="test-event"> <font color="maroon"> <small> &emsp; &emsp;--- 16 Oct 11:30:43 026 - Element is displayed:: [[ChromeDriver: chrome on WINDOWS (f2cc49eadbc28206a290ab7570999b45)] -> css selector: button[class*='search-button']]</small> </font> </div>
<div class="test-event"> <font color="maroon"> <small> &emsp; &emsp;--- 16 Oct 11:30:45 119 - Catched spinner load exception due to Expected condition failed: waiting for ICar.support.WaitUtils$4@714addf7 (tried for 2 second(s) with 500 milliseconds interval)</small> </font> </div>
<div class="test-event"> <font color="maroon"> <small> &emsp; &emsp;--- 16 Oct 11:30:45 119 - <b>2</b> - Spinner Load Wait: (Sync) - ICar.support.WaitUtils.waitForSpinner(WaitUtils.java:225)</small> </font> </div>
<div class="test-event"> <font color="maroon"> <small> &emsp; &emsp;--- 16 Oct 11:30:48 215 - Element is displayed:: [[ChromeDriver: chrome on WINDOWS (f2cc49eadbc28206a290ab7570999b45)] -> css selector: button[class*='search-button']]</small> </font> </div>
<div class="test-event"> <font color="maroon"> <small> &emsp; &emsp;--- 16 Oct 11:30:48 755 - Page URL:: https://i-car--staging.sandbox.lightning.force.com/lightning/o/account/list?filtername=accounts</small> </font> </div>
<div class="test-event"> <font color="maroon"> <small> &emsp; &emsp;--- 16 Oct 11:30:48 755 - <b>0</b> - Page Load Wait: (Sync) - ICar.support.Utils.waitForPageLoad(Utils.java:109)</small> </font> </div>
<div class="test-event"> <font color="maroon"> <small> &emsp; &emsp;--- 16 Oct 11:31:08 250 - Catched spinner load exception due to Expected condition failed: waiting for ICar.support.WaitUtils$4@714addf7 (tried for 10 second(s) with 500 milliseconds interval)</small> </font> </div>
<div class="test-event"> <font color="maroon"> <small> &emsp; &emsp;--- 16 Oct 11:31:08 250 - <b>10</b> - Spinner Load Wait: (Sync) - ICar.support.WaitUtils.waitForSpinner(WaitUtils.java:225)</small> </font> </div>
<div class="test-event"> <font color="maroon"> <small> &emsp; &emsp;--- 16 Oct 11:31:09 040 - Page URL:: https://i-car--staging.sandbox.lightning.force.com/one/one.app#eyjjb21wb25lbnrezwyioijmb3jjzvnlyxjjadpzzwfyy2hqywdlrgvza3rvccisimf0dhjpynv0zxmionsidgvybsi6ildpbnnrawxsief1dg8gqm9kesisinnjb3bltwfwijp7inr5cguioijut1bfukvtvuxuuyisim5hbwvzcgfjzsi6iiisimxhymvsijoivg9wifjlc3vsdhmilcjsywjlbfbsdxjhbci6ilrvccbszxn1bhrziiwicmvzdwx0c0ntcci6imzvcmnlu2vhcmnoonbyzwrpy3rlzfjlc3vsdhmifswiy29udgv4dci6eyjgsuxurvjtijp7fswic2vhcmnou291cmnlijoiqvntsvnuqu5ux0rjquxpryisimrpc2fibgvjbnrlbnrrdwvyesi6zmfsc2usimrpc2fibgvtcgvsbenvcnjly3rpb24iomzhbhnllcjzzwfyy2heawfsb2dtzxnzaw9uswqioiizyzrhmgyxms0xy2iwlwiyntmtzwzhns02nda3nmnmnjaxn2uilcjkzwj1z0luzm8ionsiyxbwtmftzsi6ikldyxjfu2vydmljzv9db25zb2xliiwiyxbwvhlwzsi6iknvbnnvbguilcjhchboyw1lc3bhy2uioijjiiwibg9jyxrpb24ioijmb3jjztpvymply3rib21lrgvza3rvccisinnvymply3ruexblijoiqwnjb3vudcj9fswiz3jvdxbjzci6ikrfrkfvtfqifswic3rhdguiont9fq%3d%3d</small> </font> </div>
<div class="test-event"> <font color="maroon"> <small> &emsp; &emsp;--- 16 Oct 11:31:09 040 - <b>0</b> - Page Load Wait: (Sync) - ICar.support.Utils.waitForPageLoad(Utils.java:109)</small> </font> </div>
<div class="test-event"> <font color="maroon"> <small> &emsp; &emsp;--- 16 Oct 11:31:20 055 - Catched spinner load exception due to Expected condition failed: waiting for ICar.support.WaitUtils$4@714addf7 (tried for 11 second(s) with 500 milliseconds interval)</small> </font> </div>
<div class="test-event"> <font color="maroon"> <small> &emsp; &emsp;--- 16 Oct 11:31:20 055 - <b>11</b> - Spinner Load Wait: (Sync) - ICar.support.WaitUtils.waitForSpinner(WaitUtils.java:225)</small> </font> </div>
<div class="test-event"> <font color="maroon"> <small> &emsp; &emsp;--- 16 Oct 11:31:20 797 - Page URL:: https://i-car--staging.sandbox.lightning.force.com/one/one.app#eyjjb21wb25lbnrezwyioijmb3jjzvnlyxjjadpzzwfyy2hqywdlrgvza3rvccisimf0dhjpynv0zxmionsidgvybsi6ildpbnnrawxsief1dg8gqm9kesisinnjb3bltwfwijp7inr5cguioijut1bfukvtvuxuuyisim5hbwvzcgfjzsi6iiisimxhymvsijoivg9wifjlc3vsdhmilcjsywjlbfbsdxjhbci6ilrvccbszxn1bhrziiwicmvzdwx0c0ntcci6imzvcmnlu2vhcmnoonbyzwrpy3rlzfjlc3vsdhmifswiy29udgv4dci6eyjgsuxurvjtijp7fswic2vhcmnou291cmnlijoiqvntsvnuqu5ux0rjquxpryisimrpc2fibgvjbnrlbnrrdwvyesi6zmfsc2usimrpc2fibgvtcgvsbenvcnjly3rpb24iomzhbhnllcjzzwfyy2heawfsb2dtzxnzaw9uswqioiizyzrhmgyxms0xy2iwlwiyntmtzwzhns02nda3nmnmnjaxn2uilcjkzwj1z0luzm8ionsiyxbwtmftzsi6ikldyxjfu2vydmljzv9db25zb2xliiwiyxbwvhlwzsi6iknvbnnvbguilcjhchboyw1lc3bhy2uioijjiiwibg9jyxrpb24ioijmb3jjztpvymply3rib21lrgvza3rvccisinnvymply3ruexblijoiqwnjb3vudcj9fswiz3jvdxbjzci6ikrfrkfvtfqifswic3rhdguiont9fq%3d%3d</small> </font> </div>
<div class="test-event"> <font color="maroon"> <small> &emsp; &emsp;--- 16 Oct 11:31:20 798 - <b>0</b> - Page Load Wait: (Sync) - ICar.support.Utils.waitForPageLoad(Utils.java:109)</small> </font> </div>
<div class="test-event"> <font color="maroon"> <small> &emsp; &emsp;--- 16 Oct 11:31:20 861 - Element is displayed:: [[ChromeDriver: chrome on WINDOWS (f2cc49eadbc28206a290ab7570999b45)] -> xpath: //a[@title='Top Results']//span[text()='Top Results']]</small> </font> </div>
<div class="test-event"> <font color="maroon"> <small> &emsp; &emsp;--- 16 Oct 11:31:21 251 - Page URL:: https://i-car--staging.sandbox.lightning.force.com/one/one.app#eyjjb21wb25lbnrezwyioijmb3jjzvnlyxjjadpzzwfyy2hqywdlrgvza3rvccisimf0dhjpynv0zxmionsidgvybsi6ildpbnnrawxsief1dg8gqm9kesisinnjb3bltwfwijp7inr5cguioijut1bfukvtvuxuuyisim5hbwvzcgfjzsi6iiisimxhymvsijoivg9wifjlc3vsdhmilcjsywjlbfbsdxjhbci6ilrvccbszxn1bhrziiwicmvzdwx0c0ntcci6imzvcmnlu2vhcmnoonbyzwrpy3rlzfjlc3vsdhmifswiy29udgv4dci6eyjgsuxurvjtijp7fswic2vhcmnou291cmnlijoiqvntsvnuqu5ux0rjquxpryisimrpc2fibgvjbnrlbnrrdwvyesi6zmfsc2usimrpc2fibgvtcgvsbenvcnjly3rpb24iomzhbhnllcjzzwfyy2heawfsb2dtzxnzaw9uswqioiizyzrhmgyxms0xy2iwlwiyntmtzwzhns02nda3nmnmnjaxn2uilcjkzwj1z0luzm8ionsiyxbwtmftzsi6ikldyxjfu2vydmljzv9db25zb2xliiwiyxbwvhlwzsi6iknvbnnvbguilcjhchboyw1lc3bhy2uioijjiiwibg9jyxrpb24ioijmb3jjztpvymply3rib21lrgvza3rvccisinnvymply3ruexblijoiqwnjb3vudcj9fswiz3jvdxbjzci6ikrfrkfvtfqifswic3rhdguiont9fq%3d%3d</small> </font> </div>
<div class="test-event"> <font color="maroon"> <small> &emsp; &emsp;--- 16 Oct 11:31:21 251 - <b>0</b> - Page Load Wait: (Sync) - ICar.support.Utils.waitForPageLoad(Utils.java:109)</small> </font> </div>
<div class="test-event"> <font color="maroon"> <small> &emsp; &emsp;--- 16 Oct 11:31:26 252 - Catched spinner load exception due to Expected condition failed: waiting for ICar.support.WaitUtils$4@714addf7 (tried for 5 second(s) with 500 milliseconds interval)</small> </font> </div>
<div class="test-event"> <font color="maroon"> <small> &emsp; &emsp;--- 16 Oct 11:31:26 252 - <b>5</b> - Spinner Load Wait: (Sync) - ICar.support.WaitUtils.waitForSpinner(WaitUtils.java:225)</small> </font> </div>
<div class="test-event"> <font color="maroon"> <small> &emsp; &emsp;--- 16 Oct 11:31:26 985 - Page URL:: https://i-car--staging.sandbox.lightning.force.com/one/one.app#eyjjb21wb25lbnrezwyioijmb3jjzvnlyxjjadpzzwfyy2hqywdlrgvza3rvccisimf0dhjpynv0zxmionsidgvybsi6ildpbnnrawxsief1dg8gqm9kesisinnjb3bltwfwijp7inr5cguioijut1bfukvtvuxuuyisim5hbwvzcgfjzsi6iiisimxhymvsijoivg9wifjlc3vsdhmilcjsywjlbfbsdxjhbci6ilrvccbszxn1bhrziiwicmvzdwx0c0ntcci6imzvcmnlu2vhcmnoonbyzwrpy3rlzfjlc3vsdhmifswiy29udgv4dci6eyjgsuxurvjtijp7fswic2vhcmnou291cmnlijoiqvntsvnuqu5ux0rjquxpryisimrpc2fibgvjbnrlbnrrdwvyesi6zmfsc2usimrpc2fibgvtcgvsbenvcnjly3rpb24iomzhbhnllcjzzwfyy2heawfsb2dtzxnzaw9uswqioiizyzrhmgyxms0xy2iwlwiyntmtzwzhns02nda3nmnmnjaxn2uilcjkzwj1z0luzm8ionsiyxbwtmftzsi6ikldyxjfu2vydmljzv9db25zb2xliiwiyxbwvhlwzsi6iknvbnnvbguilcjhchboyw1lc3bhy2uioijjiiwibg9jyxrpb24ioijmb3jjztpvymply3rib21lrgvza3rvccisinnvymply3ruexblijoiqwnjb3vudcj9fswiz3jvdxbjzci6ikrfrkfvtfqifswic3rhdguiont9fq%3d%3d</small> </font> </div>
<div class="test-event"> <font color="maroon"> <small> &emsp; &emsp;--- 16 Oct 11:31:26 985 - <b>0</b> - Page Load Wait: (Sync) - ICar.support.Utils.waitForPageLoad(Utils.java:109)</small> </font> </div>
<div class="test-event"> <font color="maroon"> <small> &emsp; &emsp;--- 16 Oct 11:31:27 713 - Page URL:: https://i-car--staging.sandbox.lightning.force.com/one/one.app#eyjjb21wb25lbnrezwyioijmb3jjzvnlyxjjadpzzwfyy2hqywdlrgvza3rvccisimf0dhjpynv0zxmionsidgvybsi6ildpbnnrawxsief1dg8gqm9kesisinnjb3bltwfwijp7inr5cguioijut1bfukvtvuxuuyisim5hbwvzcgfjzsi6iiisimxhymvsijoivg9wifjlc3vsdhmilcjsywjlbfbsdxjhbci6ilrvccbszxn1bhrziiwicmvzdwx0c0ntcci6imzvcmnlu2vhcmnoonbyzwrpy3rlzfjlc3vsdhmifswiy29udgv4dci6eyjgsuxurvjtijp7fswic2vhcmnou291cmnlijoiqvntsvnuqu5ux0rjquxpryisimrpc2fibgvjbnrlbnrrdwvyesi6zmfsc2usimrpc2fibgvtcgvsbenvcnjly3rpb24iomzhbhnllcjzzwfyy2heawfsb2dtzxnzaw9uswqioiizyzrhmgyxms0xy2iwlwiyntmtzwzhns02nda3nmnmnjaxn2uilcjkzwj1z0luzm8ionsiyxbwtmftzsi6ikldyxjfu2vydmljzv9db25zb2xliiwiyxbwvhlwzsi6iknvbnnvbguilcjhchboyw1lc3bhy2uioijjiiwibg9jyxrpb24ioijmb3jjztpvymply3rib21lrgvza3rvccisinnvymply3ruexblijoiqwnjb3vudcj9fswiz3jvdxbjzci6ikrfrkfvtfqifswic3rhdguiont9fq%3d%3d</small> </font> </div>
<div class="test-event"> <font color="maroon"> <small> &emsp; &emsp;--- 16 Oct 11:31:27 713 - <b>0</b> - Page Load Wait: (Sync) - ICar.support.Utils.waitForPageLoad(Utils.java:109)</small> </font> </div>
<div class="test-event"> <font color="maroon"> <small> &emsp; &emsp;--- 16 Oct 11:31:28 430 - Page URL:: https://i-car--staging.sandbox.lightning.force.com/one/one.app#eyjjb21wb25lbnrezwyioijmb3jjzvnlyxjjadpzzwfyy2hqywdlrgvza3rvccisimf0dhjpynv0zxmionsidgvybsi6ildpbnnrawxsief1dg8gqm9kesisinnjb3bltwfwijp7inr5cguioijut1bfukvtvuxuuyisim5hbwvzcgfjzsi6iiisimxhymvsijoivg9wifjlc3vsdhmilcjsywjlbfbsdxjhbci6ilrvccbszxn1bhrziiwicmvzdwx0c0ntcci6imzvcmnlu2vhcmnoonbyzwrpy3rlzfjlc3vsdhmifswiy29udgv4dci6eyjgsuxurvjtijp7fswic2vhcmnou291cmnlijoiqvntsvnuqu5ux0rjquxpryisimrpc2fibgvjbnrlbnrrdwvyesi6zmfsc2usimrpc2fibgvtcgvsbenvcnjly3rpb24iomzhbhnllcjzzwfyy2heawfsb2dtzxnzaw9uswqioiizyzrhmgyxms0xy2iwlwiyntmtzwzhns02nda3nmnmnjaxn2uilcjkzwj1z0luzm8ionsiyxbwtmftzsi6ikldyxjfu2vydmljzv9db25zb2xliiwiyxbwvhlwzsi6iknvbnnvbguilcjhchboyw1lc3bhy2uioijjiiwibg9jyxrpb24ioijmb3jjztpvymply3rib21lrgvza3rvccisinnvymply3ruexblijoiqwnjb3vudcj9fswiz3jvdxbjzci6ikrfrkfvtfqifswic3rhdguiont9fq%3d%3d</small> </font> </div>
<div class="test-event"> <font color="maroon"> <small> &emsp; &emsp;--- 16 Oct 11:31:28 431 - <b>0</b> - Page Load Wait: (Sync) - ICar.support.Utils.waitForPageLoad(Utils.java:109)</small> </font> </div>
<div class="test-event"> <font color="maroon"> <small> &emsp; &emsp;--- 16 Oct 11:31:38 831 - Catched spinner load exception due to Expected condition failed: waiting for ICar.support.WaitUtils$4@714addf7 (tried for 10 second(s) with 500 milliseconds interval)</small> </font> </div>
<div class="test-event"> <font color="maroon"> <small> &emsp; &emsp;--- 16 Oct 11:31:38 832 - <b>10</b> - Spinner Load Wait: (Sync) - ICar.support.WaitUtils.waitForSpinner(WaitUtils.java:225)</small> </font> </div>
<div class="test-event"> <font color="maroon"> <small> &emsp; &emsp;--- 16 Oct 11:31:38 880 - Element is displayed:: [[ChromeDriver: chrome on WINDOWS (f2cc49eadbc28206a290ab7570999b45)] -> css selector: div.forceSearchResultsRegion div.resultsMultiWrapper >div > div table tbody th a]</small> </font> </div>
<div class="test-event"> <font color="maroon"> <small> &emsp; &emsp;--- 16 Oct 11:31:38 988 - Element is displayed:: [[ChromeDriver: chrome on WINDOWS (f2cc49eadbc28206a290ab7570999b45)] -> css selector: div.forceSearchResultsRegion div.resultsMultiWrapper >div > div table tbody th a]</small> </font> </div>
<div class="test-event"> <font color="maroon"> <small> &emsp; &emsp;--- 16 Oct 11:31:39 973 - Page URL:: https://i-car--staging.sandbox.lightning.force.com/one/one.app#eyjjb21wb25lbnrezwyioijmb3jjzvnlyxjjadpzzwfyy2hqywdlrgvza3rvccisimf0dhjpynv0zxmionsidgvybsi6ildpbnnrawxsief1dg8gqm9kesisinnjb3bltwfwijp7inr5cguioijut1bfukvtvuxuuyisim5hbwvzcgfjzsi6iiisimxhymvsijoivg9wifjlc3vsdhmilcjsywjlbfbsdxjhbci6ilrvccbszxn1bhrziiwicmvzdwx0c0ntcci6imzvcmnlu2vhcmnoonbyzwrpy3rlzfjlc3vsdhmifswiy29udgv4dci6eyjgsuxurvjtijp7fswic2vhcmnou291cmnlijoiqvntsvnuqu5ux0rjquxpryisimrpc2fibgvjbnrlbnrrdwvyesi6zmfsc2usimrpc2fibgvtcgvsbenvcnjly3rpb24iomzhbhnllcjzzwfyy2heawfsb2dtzxnzaw9uswqioiizyzrhmgyxms0xy2iwlwiyntmtzwzhns02nda3nmnmnjaxn2uilcjkzwj1z0luzm8ionsiyxbwtmftzsi6ikldyxjfu2vydmljzv9db25zb2xliiwiyxbwvhlwzsi6iknvbnnvbguilcjhchboyw1lc3bhy2uioijjiiwibg9jyxrpb24ioijmb3jjztpvymply3rib21lrgvza3rvccisinnvymply3ruexblijoiqwnjb3vudcj9fswiz3jvdxbjzci6ikrfrkfvtfqifswic3rhdguiont9fq%3d%3d</small> </font> </div>
<div class="test-event"> <font color="maroon"> <small> &emsp; &emsp;--- 16 Oct 11:31:39 973 - <b>0</b> - Page Load Wait: (Sync) - ICar.support.Utils.waitForPageLoad(Utils.java:109)</small> </font> </div>
<div class="test-event"> <font color="maroon"> <small> &emsp; &emsp;--- 16 Oct 11:31:55 390 - Catched spinner load exception due to Expected condition failed: waiting for ICar.support.WaitUtils$4@714addf7 (tried for 15 second(s) with 500 milliseconds interval)</small> </font> </div>
<div class="test-event"> <font color="maroon"> <small> &emsp; &emsp;--- 16 Oct 11:31:55 390 - <b>15</b> - Spinner Load Wait: (Sync) - ICar.support.WaitUtils.waitForSpinner(WaitUtils.java:225)</small> </font> </div>
<div class="test-event"> <font color="maroon"> <small> &emsp; &emsp;--- 16 Oct 11:31:56 091 - Page URL:: https://i-car--staging.sandbox.lightning.force.com/lightning/r/account/0011i00000uwexiqae/view</small> </font> </div>
<div class="test-event"> <font color="maroon"> <small> &emsp; &emsp;--- 16 Oct 11:31:56 091 - <b>0</b> - Page Load Wait: (Sync) - ICar.support.Utils.waitForPageLoad(Utils.java:109)</small> </font> </div>
<div class="test-event"> <font color="maroon"> <small> &emsp; &emsp;--- 16 Oct 11:31:58 228 - Element is displayed:: [[ChromeDriver: chrome on WINDOWS (f2cc49eadbc28206a290ab7570999b45)] -> xpath: //button[normalize-space()='Roster']]</small> </font> </div>
<div class="test-event"> <font color="maroon"> <small> &emsp; &emsp;--- 16 Oct 11:31:58 970 - Page URL:: https://i-car--staging.sandbox.lightning.force.com/lightning/r/account/0011i00000uwexiqae/view</small> </font> </div>
<div class="test-event"> <font color="maroon"> <small> &emsp; &emsp;--- 16 Oct 11:31:58 970 - <b>0</b> - Page Load Wait: (Sync) - ICar.support.Utils.waitForPageLoad(Utils.java:109)</small> </font> </div>
<div class="test-event"> <font color="maroon"> <small> &emsp; &emsp;--- 16 Oct 11:31:59 763 - Page URL:: https://i-car--staging.sandbox.lightning.force.com/one/one.app#eyjjb21wb25lbnrezwyioijvbmu6ywxvagfqywdliiwiyxr0cmlidxrlcyi6eyjhzgryzxnzijoiahr0chm6ly9plwnhci0tc3rhz2luzy0tyy5zyw5kym94lnzmlmzvcmnllmnvbs9hcgv4l1jvc3rlck1hbmfnzw1lbnq%2fswq9mdaxmukwmdawmhv3rxhpin0sinn0yxrlijp7indzijoil2xpz2h0bmluzy9yl0fjy291bnqvmdaxmukwmdawmhv3rxhpuuffl3zpzxcifx0%3d</small> </font> </div>
<div class="test-event"> <font color="maroon"> <small> &emsp; &emsp;--- 16 Oct 11:31:59 763 - <b>0</b> - Page Load Wait: (Sync) - ICar.support.Utils.waitForPageLoad(Utils.java:109)</small> </font> </div>
<div class="test-event"> <font color="maroon"> <small> &emsp; &emsp;--- 16 Oct 11:32:15 141 - Catched spinner load exception due to Expected condition failed: waiting for ICar.support.WaitUtils$4@714addf7 (tried for 15 second(s) with 500 milliseconds interval)</small> </font> </div>
<div class="test-event"> <font color="maroon"> <small> &emsp; &emsp;--- 16 Oct 11:32:15 141 - <b>15</b> - Spinner Load Wait: (Sync) - ICar.support.WaitUtils.waitForSpinner(WaitUtils.java:225)</small> </font> </div>
<div class="test-event"> <font color="maroon"> <small> &emsp; &emsp;--- 16 Oct 11:32:15 851 - Page URL:: https://i-car--staging.sandbox.lightning.force.com/one/one.app#eyjjb21wb25lbnrezwyioijvbmu6ywxvagfqywdliiwiyxr0cmlidxrlcyi6eyjhzgryzxnzijoiahr0chm6ly9plwnhci0tc3rhz2luzy0tyy5zyw5kym94lnzmlmzvcmnllmnvbs9hcgv4l1jvc3rlck1hbmfnzw1lbnq%2fswq9mdaxmukwmdawmhv3rxhpin0sinn0yxrlijp7indzijoil2xpz2h0bmluzy9yl0fjy291bnqvmdaxmukwmdawmhv3rxhpuuffl3zpzxcifx0%3d</small> </font> </div>
<div class="test-event"> <font color="maroon"> <small> &emsp; &emsp;--- 16 Oct 11:32:15 851 - <b>0</b> - Page Load Wait: (Sync) - ICar.support.Utils.waitForPageLoad(Utils.java:109)</small> </font> </div>
<div class="test-event"> <font color="maroon"> <small> &emsp; &emsp;--- 16 Oct 11:32:26 336 - Catched spinner load exception due to Expected condition failed: waiting for ICar.support.WaitUtils$4@714addf7 (tried for 10 second(s) with 500 milliseconds interval)</small> </font> </div>
<div class="test-event"> <font color="maroon"> <small> &emsp; &emsp;--- 16 Oct 11:32:26 336 - <b>10</b> - Spinner Load Wait: (Sync) - ICar.support.WaitUtils.waitForSpinner(WaitUtils.java:225)</small> </font> </div>
<div class="test-event"> <font color="maroon"> <small> &emsp; &emsp;--- 16 Oct 11:32:31 465 - Element is displayed:: [[ChromeDriver: chrome on WINDOWS (f2cc49eadbc28206a290ab7570999b45)] -> xpath: //button[text()='Add Employee']]</small> </font> </div>
<div class="test-event"> <font color="maroon"> <small> &emsp; &emsp;--- 16 Oct 11:32:36 709 - Element is displayed:: [[ChromeDriver: chrome on WINDOWS (f2cc49eadbc28206a290ab7570999b45)] -> xpath: //div[@class='slds-input-has-icon slds-input-has-icon--right']/div[2]/input]</small> </font> </div>
<div class="test-event"> <font color="maroon"> <small> &emsp; &emsp;--- 16 Oct 11:32:42 127 - Element is displayed:: [[ChromeDriver: chrome on WINDOWS (f2cc49eadbc28206a290ab7570999b45)] -> xpath: //div[@class='slds-lookup__result-text']/a]</small> </font> </div>
<div class="test-event"> <font color="maroon"> <small> &emsp; &emsp;--- 16 Oct 11:32:49 449 - Element is displayed:: [[ChromeDriver: chrome on WINDOWS (f2cc49eadbc28206a290ab7570999b45)] -> xpath: (//div[@class='form-element uiInput uiInputDate uiInput--default uiInput--input uiInput--datetime']/input)[1]]</small> </font> </div>
<div class="test-event"> <font color="maroon"> <small> &emsp; &emsp;--- 16 Oct 11:32:56 711 - Element is displayed:: [[ChromeDriver: chrome on WINDOWS (f2cc49eadbc28206a290ab7570999b45)] -> xpath: (//select[@name='controllerFld'])[last()]]</small> </font> </div>
<div class="test-event"> <font color="maroon"> <small> &emsp; &emsp;--- 16 Oct 11:33:06 017 - Element is displayed:: [[ChromeDriver: chrome on WINDOWS (f2cc49eadbc28206a290ab7570999b45)] -> xpath: (//div[@class='form-element uiInput uiInputDate uiInput--default uiInput--input uiInput--datetime']/input)[5]]</small> </font> </div>
<div class="test-event"> <font color="maroon"> <small> &emsp; &emsp;--- 16 Oct 11:33:11 211 - Element is displayed:: [[ChromeDriver: chrome on WINDOWS (f2cc49eadbc28206a290ab7570999b45)] -> xpath: (//div[@class='form-element uiInput uiInputDate uiInput--default uiInput--input uiInput--datetime']/input)[6]]</small> </font> </div>
<div class="test-event"> <font color="maroon"> <small> &emsp; &emsp;--- 16 Oct 11:33:16 439 - Element is displayed:: [[ChromeDriver: chrome on WINDOWS (f2cc49eadbc28206a290ab7570999b45)] -> xpath: //button[text()='Save Employee']]</small> </font> </div>
<div class="test-event"> <font color="maroon"> <small> &emsp; &emsp;--- 16 Oct 11:33:22 283 - Page URL:: https://i-car--staging.sandbox.lightning.force.com/one/one.app#eyjjb21wb25lbnrezwyioijvbmu6ywxvagfqywdliiwiyxr0cmlidxrlcyi6eyjhzgryzxnzijoiahr0chm6ly9plwnhci0tc3rhz2luzy0tyy5zyw5kym94lnzmlmzvcmnllmnvbs9hcgv4l1jvc3rlck1hbmfnzw1lbnq%2fswq9mdaxmukwmdawmhv3rxhpin0sinn0yxrlijp7indzijoil2xpz2h0bmluzy9yl0fjy291bnqvmdaxmukwmdawmhv3rxhpuuffl3zpzxcifx0%3d</small> </font> </div>
<div class="test-event"> <font color="maroon"> <small> &emsp; &emsp;--- 16 Oct 11:33:22 284 - <b>0</b> - Page Load Wait: (Sync) - ICar.support.Utils.waitForPageLoad(Utils.java:109)</small> </font> </div>
<div class="test-event"> <font color="maroon"> <small> &emsp; &emsp;--- 16 Oct 11:33:54 086 - Page URL:: https://i-car--staging.sandbox.lightning.force.com/one/one.app#eyjjb21wb25lbnrezwyioijvbmu6ywxvagfqywdliiwiyxr0cmlidxrlcyi6eyjhzgryzxnzijoiahr0chm6ly9plwnhci0tc3rhz2luzy0tyy5zyw5kym94lnzmlmzvcmnllmnvbs9hcgv4l1jvc3rlck1hbmfnzw1lbnq%2fswq9mdaxmukwmdawmhv3rxhpin0sinn0yxrlijp7indzijoil2xpz2h0bmluzy9yl0fjy291bnqvmdaxmukwmdawmhv3rxhpuuffl3zpzxcifx0%3d</small> </font> </div>
<div class="test-event"> <font color="maroon"> <small> &emsp; &emsp;--- 16 Oct 11:33:54 086 - <b>0</b> - Page Load Wait: (Sync) - ICar.support.Utils.waitForPageLoad(Utils.java:109)</small> </font> </div>
<div class="test-event"> <font color="maroon"> <small> &emsp; &emsp;--- 16 Oct 11:33:59 773 - Page URL:: https://i-car--staging.sandbox.lightning.force.com/one/one.app#eyjjb21wb25lbnrezwyioijvbmu6ywxvagfqywdliiwiyxr0cmlidxrlcyi6eyjhzgryzxnzijoiahr0chm6ly9plwnhci0tc3rhz2luzy0tyy5zyw5kym94lnzmlmzvcmnllmnvbs9hcgv4l1jvc3rlck1hbmfnzw1lbnq%2fswq9mdaxmukwmdawmhv3rxhpin0sinn0yxrlijp7indzijoil2xpz2h0bmluzy9yl0fjy291bnqvmdaxmukwmdawmhv3rxhpuuffl3zpzxcifx0%3d</small> </font> </div>
<div class="test-event"> <font color="maroon"> <small> &emsp; &emsp;--- 16 Oct 11:33:59 773 - <b>0</b> - Page Load Wait: (Sync) - ICar.support.Utils.waitForPageLoad(Utils.java:109)</small> </font> </div>
<div class="test-message">&emsp;Close the tab</div>
<div class="test-event"> <font color="maroon"> <small> &emsp; &emsp;--- 16 Oct 11:34:05 433 - Page URL:: https://i-car--staging.sandbox.lightning.force.com/lightning/o/account/list?filtername=accounts</small> </font> </div>
<div class="test-event"> <font color="maroon"> <small> &emsp; &emsp;--- 16 Oct 11:34:05 433 - <b>0</b> - Page Load Wait: (Sync) - ICar.support.Utils.waitForPageLoad(Utils.java:109)</small> </font> </div>
<div class="test-event"> <font color="maroon"> <small> &emsp; &emsp;--- 16 Oct 11:34:10 783 - Page URL:: https://i-car--staging.sandbox.lightning.force.com/lightning/o/account/list?filtername=accounts</small> </font> </div>
<div class="test-event"> <font color="maroon"> <small> &emsp; &emsp;--- 16 Oct 11:34:10 783 - <b>0</b> - Page Load Wait: (Sync) - ICar.support.Utils.waitForPageLoad(Utils.java:109)</small> </font> </div>
<div class="test-message">&emsp;Close the tab</div>
<div class="test-event"> <font color="maroon"> <small> &emsp; &emsp;--- 16 Oct 11:34:16 481 - Page URL:: https://i-car--staging.sandbox.lightning.force.com/lightning/o/account/list?filtername=accounts</small> </font> </div>
<div class="test-event"> <font color="maroon"> <small> &emsp; &emsp;--- 16 Oct 11:34:16 481 - <b>0</b> - Page Load Wait: (Sync) - ICar.support.Utils.waitForPageLoad(Utils.java:109)</small> </font> </div>
<div class="test-event"> <font color="maroon"> <small> &emsp; &emsp;--- 16 Oct 11:34:16 581 - Element is displayed:: [[ChromeDriver: chrome on WINDOWS (f2cc49eadbc28206a290ab7570999b45)] -> css selector: button[class*='search-button']]</small> </font> </div>
<div class="test-event"> <font color="maroon"> <small> &emsp; &emsp;--- 16 Oct 11:34:18 679 - Catched spinner load exception due to Expected condition failed: waiting for ICar.support.WaitUtils$4@714addf7 (tried for 2 second(s) with 500 milliseconds interval)</small> </font> </div>
<div class="test-event"> <font color="maroon"> <small> &emsp; &emsp;--- 16 Oct 11:34:18 679 - <b>2</b> - Spinner Load Wait: (Sync) - ICar.support.WaitUtils.waitForSpinner(WaitUtils.java:225)</small> </font> </div>
<div class="test-event"> <font color="maroon"> <small> &emsp; &emsp;--- 16 Oct 11:34:21 747 - Element is displayed:: [[ChromeDriver: chrome on WINDOWS (f2cc49eadbc28206a290ab7570999b45)] -> css selector: button[class*='search-button']]</small> </font> </div>
<div class="test-event"> <font color="maroon"> <small> &emsp; &emsp;--- 16 Oct 11:34:22 385 - Page URL:: https://i-car--staging.sandbox.lightning.force.com/lightning/o/account/list?filtername=accounts</small> </font> </div>
<div class="test-event"> <font color="maroon"> <small> &emsp; &emsp;--- 16 Oct 11:34:22 385 - <b>0</b> - Page Load Wait: (Sync) - ICar.support.Utils.waitForPageLoad(Utils.java:109)</small> </font> </div>
<div class="test-event"> <font color="maroon"> <small> &emsp; &emsp;--- 16 Oct 11:34:41 808 - Catched spinner load exception due to Expected condition failed: waiting for ICar.support.WaitUtils$4@714addf7 (tried for 10 second(s) with 500 milliseconds interval)</small> </font> </div>
<div class="test-event"> <font color="maroon"> <small> &emsp; &emsp;--- 16 Oct 11:34:41 808 - <b>10</b> - Spinner Load Wait: (Sync) - ICar.support.WaitUtils.waitForSpinner(WaitUtils.java:225)</small> </font> </div>
<div class="test-event"> <font color="maroon"> <small> &emsp; &emsp;--- 16 Oct 11:34:42 416 - Page URL:: https://i-car--staging.sandbox.lightning.force.com/one/one.app#eyjjb21wb25lbnrezwyioijmb3jjzvnlyxjjadpzzwfyy2hqywdlrgvza3rvccisimf0dhjpynv0zxmionsidgvybsi6iji4nzmzmjqilcjzy29wzu1hcci6eyj0exblijoive9qx1jfu1vmvfmilcjuyw1lc3bhy2uioiiilcjsywjlbci6ilrvccbszxn1bhrziiwibgfizwxqbhvyywwioijub3agumvzdwx0cyisinjlc3vsdhndbxaioijmb3jjzvnlyxjjadpwcmvkawn0zwrszxn1bhrzin0simnvbnrlehqionsirklmvevsuyi6e30sinnlyxjjafnvdxjjzsi6ikftu0ltvefovf9esufmt0cilcjkaxnhymxlsw50zw50uxvlcnkiomzhbhnllcjkaxnhymxlu3blbgxdb3jyzwn0aw9uijpmywxzzswic2vhcmnorglhbg9nu2vzc2lvbklkijoizwuxodlintgtmmi3ms05nwnmltyzztatztzjmtvjzte2mdriiiwizgvidwdjbmzvijp7imfwce5hbwuioijjq2fyx1nlcnzpy2vfq29uc29szsisimfwcfr5cguioijdb25zb2xliiwiyxbwtmftzxnwywnlijoiyyisimxvy2f0aw9uijoizm9yy2u6b2jqzwn0sg9tzurlc2t0b3ailcjzb2jqzwn0vhlwzsi6ikfjy291bnqifx0simdyb3vwswqioijeruzbvuxuin0sinn0yxrlijp7fx0%3d</small> </font> </div>
<div class="test-event"> <font color="maroon"> <small> &emsp; &emsp;--- 16 Oct 11:34:42 416 - <b>0</b> - Page Load Wait: (Sync) - ICar.support.Utils.waitForPageLoad(Utils.java:109)</small> </font> </div>
<div class="test-event"> <font color="maroon"> <small> &emsp; &emsp;--- 16 Oct 11:34:53 885 - Catched spinner load exception due to Expected condition failed: waiting for ICar.support.WaitUtils$4@714addf7 (tried for 11 second(s) with 500 milliseconds interval)</small> </font> </div>
<div class="test-event"> <font color="maroon"> <small> &emsp; &emsp;--- 16 Oct 11:34:53 885 - <b>11</b> - Spinner Load Wait: (Sync) - ICar.support.WaitUtils.waitForSpinner(WaitUtils.java:225)</small> </font> </div>
<div class="test-event"> <font color="maroon"> <small> &emsp; &emsp;--- 16 Oct 11:34:54 472 - Page URL:: https://i-car--staging.sandbox.lightning.force.com/one/one.app#eyjjb21wb25lbnrezwyioijmb3jjzvnlyxjjadpzzwfyy2hqywdlrgvza3rvccisimf0dhjpynv0zxmionsidgvybsi6iji4nzmzmjqilcjzy29wzu1hcci6eyj0exblijoive9qx1jfu1vmvfmilcjuyw1lc3bhy2uioiiilcjsywjlbci6ilrvccbszxn1bhrziiwibgfizwxqbhvyywwioijub3agumvzdwx0cyisinjlc3vsdhndbxaioijmb3jjzvnlyxjjadpwcmvkawn0zwrszxn1bhrzin0simnvbnrlehqionsirklmvevsuyi6e30sinnlyxjjafnvdxjjzsi6ikftu0ltvefovf9esufmt0cilcjkaxnhymxlsw50zw50uxvlcnkiomzhbhnllcjkaxnhymxlu3blbgxdb3jyzwn0aw9uijpmywxzzswic2vhcmnorglhbg9nu2vzc2lvbklkijoizwuxodlintgtmmi3ms05nwnmltyzztatztzjmtvjzte2mdriiiwizgvidwdjbmzvijp7imfwce5hbwuioijjq2fyx1nlcnzpy2vfq29uc29szsisimfwcfr5cguioijdb25zb2xliiwiyxbwtmftzxnwywnlijoiyyisimxvy2f0aw9uijoizm9yy2u6b2jqzwn0sg9tzurlc2t0b3ailcjzb2jqzwn0vhlwzsi6ikfjy291bnqifx0simdyb3vwswqioijeruzbvuxuin0sinn0yxrlijp7fx0%3d</small> </font> </div>
<div class="test-event"> <font color="maroon"> <small> &emsp; &emsp;--- 16 Oct 11:34:54 472 - <b>0</b> - Page Load Wait: (Sync) - ICar.support.Utils.waitForPageLoad(Utils.java:109)</small> </font> </div>
<div class="test-event"> <font color="maroon"> <small> &emsp; &emsp;--- 16 Oct 11:34:54 527 - Element is displayed:: [[ChromeDriver: chrome on WINDOWS (f2cc49eadbc28206a290ab7570999b45)] -> xpath: //a[@title='Top Results']//span[text()='Top Results']]</small> </font> </div>
<div class="test-event"> <font color="maroon"> <small> &emsp; &emsp;--- 16 Oct 11:34:54 916 - Page URL:: https://i-car--staging.sandbox.lightning.force.com/one/one.app#eyjjb21wb25lbnrezwyioijmb3jjzvnlyxjjadpzzwfyy2hqywdlrgvza3rvccisimf0dhjpynv0zxmionsidgvybsi6iji4nzmzmjqilcjzy29wzu1hcci6eyj0exblijoive9qx1jfu1vmvfmilcjuyw1lc3bhy2uioiiilcjsywjlbci6ilrvccbszxn1bhrziiwibgfizwxqbhvyywwioijub3agumvzdwx0cyisinjlc3vsdhndbxaioijmb3jjzvnlyxjjadpwcmvkawn0zwrszxn1bhrzin0simnvbnrlehqionsirklmvevsuyi6e30sinnlyxjjafnvdxjjzsi6ikftu0ltvefovf9esufmt0cilcjkaxnhymxlsw50zw50uxvlcnkiomzhbhnllcjkaxnhymxlu3blbgxdb3jyzwn0aw9uijpmywxzzswic2vhcmnorglhbg9nu2vzc2lvbklkijoizwuxodlintgtmmi3ms05nwnmltyzztatztzjmtvjzte2mdriiiwizgvidwdjbmzvijp7imfwce5hbwuioijjq2fyx1nlcnzpy2vfq29uc29szsisimfwcfr5cguioijdb25zb2xliiwiyxbwtmftzxnwywnlijoiyyisimxvy2f0aw9uijoizm9yy2u6b2jqzwn0sg9tzurlc2t0b3ailcjzb2jqzwn0vhlwzsi6ikfjy291bnqifx0simdyb3vwswqioijeruzbvuxuin0sinn0yxrlijp7fx0%3d</small> </font> </div>
<div class="test-event"> <font color="maroon"> <small> &emsp; &emsp;--- 16 Oct 11:34:54 916 - <b>0</b> - Page Load Wait: (Sync) - ICar.support.Utils.waitForPageLoad(Utils.java:109)</small> </font> </div>
<div class="test-event"> <font color="maroon"> <small> &emsp; &emsp;--- 16 Oct 11:35:00 059 - Catched spinner load exception due to Expected condition failed: waiting for ICar.support.WaitUtils$4@714addf7 (tried for 5 second(s) with 500 milliseconds interval)</small> </font> </div>
<div class="test-event"> <font color="maroon"> <small> &emsp; &emsp;--- 16 Oct 11:35:00 059 - <b>5</b> - Spinner Load Wait: (Sync) - ICar.support.WaitUtils.waitForSpinner(WaitUtils.java:225)</small> </font> </div>
<div class="test-event"> <font color="maroon"> <small> &emsp; &emsp;--- 16 Oct 11:35:00 608 - Page URL:: https://i-car--staging.sandbox.lightning.force.com/one/one.app#eyjjb21wb25lbnrezwyioijmb3jjzvnlyxjjadpzzwfyy2hqywdlrgvza3rvccisimf0dhjpynv0zxmionsidgvybsi6iji4nzmzmjqilcjzy29wzu1hcci6eyj0exblijoive9qx1jfu1vmvfmilcjuyw1lc3bhy2uioiiilcjsywjlbci6ilrvccbszxn1bhrziiwibgfizwxqbhvyywwioijub3agumvzdwx0cyisinjlc3vsdhndbxaioijmb3jjzvnlyxjjadpwcmvkawn0zwrszxn1bhrzin0simnvbnrlehqionsirklmvevsuyi6e30sinnlyxjjafnvdxjjzsi6ikftu0ltvefovf9esufmt0cilcjkaxnhymxlsw50zw50uxvlcnkiomzhbhnllcjkaxnhymxlu3blbgxdb3jyzwn0aw9uijpmywxzzswic2vhcmnorglhbg9nu2vzc2lvbklkijoizwuxodlintgtmmi3ms05nwnmltyzztatztzjmtvjzte2mdriiiwizgvidwdjbmzvijp7imfwce5hbwuioijjq2fyx1nlcnzpy2vfq29uc29szsisimfwcfr5cguioijdb25zb2xliiwiyxbwtmftzxnwywnlijoiyyisimxvy2f0aw9uijoizm9yy2u6b2jqzwn0sg9tzurlc2t0b3ailcjzb2jqzwn0vhlwzsi6ikfjy291bnqifx0simdyb3vwswqioijeruzbvuxuin0sinn0yxrlijp7fx0%3d</small> </font> </div>
<div class="test-event"> <font color="maroon"> <small> &emsp; &emsp;--- 16 Oct 11:35:00 609 - <b>0</b> - Page Load Wait: (Sync) - ICar.support.Utils.waitForPageLoad(Utils.java:109)</small> </font> </div>
<div class="test-event"> <font color="maroon"> <small> &emsp; &emsp;--- 16 Oct 11:35:01 138 - Page URL:: https://i-car--staging.sandbox.lightning.force.com/one/one.app#eyjjb21wb25lbnrezwyioijmb3jjzvnlyxjjadpzzwfyy2hqywdlrgvza3rvccisimf0dhjpynv0zxmionsidgvybsi6iji4nzmzmjqilcjzy29wzu1hcci6eyj0exblijoive9qx1jfu1vmvfmilcjuyw1lc3bhy2uioiiilcjsywjlbci6ilrvccbszxn1bhrziiwibgfizwxqbhvyywwioijub3agumvzdwx0cyisinjlc3vsdhndbxaioijmb3jjzvnlyxjjadpwcmvkawn0zwrszxn1bhrzin0simnvbnrlehqionsirklmvevsuyi6e30sinnlyxjjafnvdxjjzsi6ikftu0ltvefovf9esufmt0cilcjkaxnhymxlsw50zw50uxvlcnkiomzhbhnllcjkaxnhymxlu3blbgxdb3jyzwn0aw9uijpmywxzzswic2vhcmnorglhbg9nu2vzc2lvbklkijoizwuxodlintgtmmi3ms05nwnmltyzztatztzjmtvjzte2mdriiiwizgvidwdjbmzvijp7imfwce5hbwuioijjq2fyx1nlcnzpy2vfq29uc29szsisimfwcfr5cguioijdb25zb2xliiwiyxbwtmftzxnwywnlijoiyyisimxvy2f0aw9uijoizm9yy2u6b2jqzwn0sg9tzurlc2t0b3ailcjzb2jqzwn0vhlwzsi6ikfjy291bnqifx0simdyb3vwswqioijeruzbvuxuin0sinn0yxrlijp7fx0%3d</small> </font> </div>
<div class="test-event"> <font color="maroon"> <small> &emsp; &emsp;--- 16 Oct 11:35:01 139 - <b>0</b> - Page Load Wait: (Sync) - ICar.support.Utils.waitForPageLoad(Utils.java:109)</small> </font> </div>
<div class="test-event"> <font color="maroon"> <small> &emsp; &emsp;--- 16 Oct 11:35:01 672 - Page URL:: https://i-car--staging.sandbox.lightning.force.com/one/one.app#eyjjb21wb25lbnrezwyioijmb3jjzvnlyxjjadpzzwfyy2hqywdlrgvza3rvccisimf0dhjpynv0zxmionsidgvybsi6iji4nzmzmjqilcjzy29wzu1hcci6eyj0exblijoive9qx1jfu1vmvfmilcjuyw1lc3bhy2uioiiilcjsywjlbci6ilrvccbszxn1bhrziiwibgfizwxqbhvyywwioijub3agumvzdwx0cyisinjlc3vsdhndbxaioijmb3jjzvnlyxjjadpwcmvkawn0zwrszxn1bhrzin0simnvbnrlehqionsirklmvevsuyi6e30sinnlyxjjafnvdxjjzsi6ikftu0ltvefovf9esufmt0cilcjkaxnhymxlsw50zw50uxvlcnkiomzhbhnllcjkaxnhymxlu3blbgxdb3jyzwn0aw9uijpmywxzzswic2vhcmnorglhbg9nu2vzc2lvbklkijoizwuxodlintgtmmi3ms05nwnmltyzztatztzjmtvjzte2mdriiiwizgvidwdjbmzvijp7imfwce5hbwuioijjq2fyx1nlcnzpy2vfq29uc29szsisimfwcfr5cguioijdb25zb2xliiwiyxbwtmftzxnwywnlijoiyyisimxvy2f0aw9uijoizm9yy2u6b2jqzwn0sg9tzurlc2t0b3ailcjzb2jqzwn0vhlwzsi6ikfjy291bnqifx0simdyb3vwswqioijeruzbvuxuin0sinn0yxrlijp7fx0%3d</small> </font> </div>
<div class="test-event"> <font color="maroon"> <small> &emsp; &emsp;--- 16 Oct 11:35:01 672 - <b>0</b> - Page Load Wait: (Sync) - ICar.support.Utils.waitForPageLoad(Utils.java:109)</small> </font> </div>
<div class="test-event"> <font color="maroon"> <small> &emsp; &emsp;--- 16 Oct 11:35:10 013 - Catched spinner load exception due to Expected condition failed: waiting for ICar.support.WaitUtils$4@714addf7 (tried for 8 second(s) with 500 milliseconds interval)</small> </font> </div>
<div class="test-event"> <font color="maroon"> <small> &emsp; &emsp;--- 16 Oct 11:35:10 013 - <b>8</b> - Spinner Load Wait: (Sync) - ICar.support.WaitUtils.waitForSpinner(WaitUtils.java:225)</small> </font> </div>
<div class="test-event"> <font color="maroon"> <small> &emsp; &emsp;--- 16 Oct 11:35:10 549 - Page URL:: https://i-car--staging.sandbox.lightning.force.com/one/one.app#eyjjb21wb25lbnrezwyioijmb3jjzvnlyxjjadpzzwfyy2hqywdlrgvza3rvccisimf0dhjpynv0zxmionsidgvybsi6iji4nzmzmjqilcjzy29wzu1hcci6eyj0exblijoive9qx1jfu1vmvfmilcjuyw1lc3bhy2uioiiilcjsywjlbci6ilrvccbszxn1bhrziiwibgfizwxqbhvyywwioijub3agumvzdwx0cyisinjlc3vsdhndbxaioijmb3jjzvnlyxjjadpwcmvkawn0zwrszxn1bhrzin0simnvbnrlehqionsirklmvevsuyi6e30sinnlyxjjafnvdxjjzsi6ikftu0ltvefovf9esufmt0cilcjkaxnhymxlsw50zw50uxvlcnkiomzhbhnllcjkaxnhymxlu3blbgxdb3jyzwn0aw9uijpmywxzzswic2vhcmnorglhbg9nu2vzc2lvbklkijoizwuxodlintgtmmi3ms05nwnmltyzztatztzjmtvjzte2mdriiiwizgvidwdjbmzvijp7imfwce5hbwuioijjq2fyx1nlcnzpy2vfq29uc29szsisimfwcfr5cguioijdb25zb2xliiwiyxbwtmftzxnwywnlijoiyyisimxvy2f0aw9uijoizm9yy2u6b2jqzwn0sg9tzurlc2t0b3ailcjzb2jqzwn0vhlwzsi6ikfjy291bnqifx0simdyb3vwswqioijeruzbvuxuin0sinn0yxrlijp7fx0%3d</small> </font> </div>
<div class="test-event"> <font color="maroon"> <small> &emsp; &emsp;--- 16 Oct 11:35:10 549 - <b>0</b> - Page Load Wait: (Sync) - ICar.support.Utils.waitForPageLoad(Utils.java:109)</small> </font> </div>
<div class="test-event"> <font color="maroon"> <small> &emsp; &emsp;--- 16 Oct 11:35:12 658 - Element is displayed:: [[ChromeDriver: chrome on WINDOWS (f2cc49eadbc28206a290ab7570999b45)] -> xpath: //div[contains(@class,'forceSearchResultsRegion')]//div[contains(@class,'resultsMultiWrapper')]/div/div[1]//following::h2//a]</small> </font> </div>
<div class="test-event"> <font color="maroon"> <small> &emsp; &emsp;--- 16 Oct 11:35:12 892 - Element is displayed:: [[ChromeDriver: chrome on WINDOWS (f2cc49eadbc28206a290ab7570999b45)] -> xpath: //a[text()='Contacts']]</small> </font> </div>
<div class="test-event"> <font color="maroon"> <small> &emsp; &emsp;--- 16 Oct 11:35:17 082 - Element is displayed:: [[ChromeDriver: chrome on WINDOWS (f2cc49eadbc28206a290ab7570999b45)] -> xpath: //div[text()='Contacts']//following :: table//tbody//th//span /a]</small> </font> </div>
<div class="test-event"> <font color="maroon"> <small> &emsp; &emsp;--- 16 Oct 11:35:32 426 - Catched spinner load exception due to Expected condition failed: waiting for ICar.support.WaitUtils$4@714addf7 (tried for 15 second(s) with 500 milliseconds interval)</small> </font> </div>
<div class="test-event"> <font color="maroon"> <small> &emsp; &emsp;--- 16 Oct 11:35:32 426 - <b>15</b> - Spinner Load Wait: (Sync) - ICar.support.WaitUtils.waitForSpinner(WaitUtils.java:225)</small> </font> </div>
<div class="test-event"> <font color="maroon"> <small> &emsp; &emsp;--- 16 Oct 11:35:32 913 - Page URL:: https://i-car--staging.sandbox.lightning.force.com/lightning/r/contact/0031i00000oesodqaq/view</small> </font> </div>
<div class="test-event"> <font color="maroon"> <small> &emsp; &emsp;--- 16 Oct 11:35:32 913 - <b>0</b> - Page Load Wait: (Sync) - ICar.support.Utils.waitForPageLoad(Utils.java:109)</small> </font> </div>
<div class="test-event"> <font color="maroon"> <small> &emsp; &emsp;--- 16 Oct 11:35:48 023 - Catched spinner load exception due to Expected condition failed: waiting for ICar.support.WaitUtils$4@714addf7 (tried for 15 second(s) with 500 milliseconds interval)</small> </font> </div>
<div class="test-event"> <font color="maroon"> <small> &emsp; &emsp;--- 16 Oct 11:35:48 023 - <b>15</b> - Spinner Load Wait: (Sync) - ICar.support.WaitUtils.waitForSpinner(WaitUtils.java:225)</small> </font> </div>
<div class="test-event"> <font color="maroon"> <small> &emsp; &emsp;--- 16 Oct 11:35:48 084 - Element is displayed:: [[ChromeDriver: chrome on WINDOWS (f2cc49eadbc28206a290ab7570999b45)] -> xpath: //button[text()='Access Shopping Cart - New']]</small> </font> </div>
<div class="test-event"> <font color="maroon"> <small> &emsp; &emsp;--- 16 Oct 11:35:50 184 - Element is displayed:: [[ChromeDriver: chrome on WINDOWS (f2cc49eadbc28206a290ab7570999b45)] -> xpath: //button[text()='Access Shopping Cart - New']]</small> </font> </div>
<div class="test-event"> <font color="maroon"> <small> &emsp; &emsp;--- 16 Oct 11:35:58 965 - Page URL:: https://i-car--staging.sandbox.lightning.force.com/lightning/r/contact/0031i00000oesodqaq/view</small> </font> </div>
<div class="test-event"> <font color="maroon"> <small> &emsp; &emsp;--- 16 Oct 11:35:58 965 - <b>0</b> - Page Load Wait: (Sync) - ICar.support.Utils.waitForPageLoad(Utils.java:109)</small> </font> </div>
<div class="test-event"> <font color="maroon"> <small> &emsp; &emsp;--- 16 Oct 11:36:21 987 - Catched spinner load exception due to Expected condition failed: waiting for ICar.support.WaitUtils$4@714addf7 (tried for 10 second(s) with 500 milliseconds interval)</small> </font> </div>
<div class="test-event"> <font color="maroon"> <small> &emsp; &emsp;--- 16 Oct 11:36:21 987 - <b>10</b> - Spinner Load Wait: (Sync) - ICar.support.WaitUtils.waitForSpinner(WaitUtils.java:225)</small> </font> </div>
<div class="test-event"> <font color="maroon"> <small> &emsp; &emsp;--- 16 Oct 11:36:22 062 - Element is displayed:: [[ChromeDriver: chrome on WINDOWS (f2cc49eadbc28206a290ab7570999b45)] -> xpath: //button[@value='Launch My Learning']]</small> </font> </div>
<div class="test-message">&emsp;Successfully navigated to 'USer Home' Page&emsp;<a href=".\ScreenShot\ICar_B2B944_TC03_46149488664200.png" target="_blank" >[ScreenShot]</a></div>
<div class="test-event"> <font color="maroon"> <small> &emsp; &emsp;--- 16 Oct 11:36:22 424 - Page URL:: https://www.icarstage.com/</small> </font> </div>
<div class="test-event"> <font color="maroon"> <small> &emsp; &emsp;--- 16 Oct 11:36:22 424 - <b>0</b> - Page Load Wait: (Sync) - ICar.support.Utils.waitForPageLoad(Utils.java:109)</small> </font> </div>
<div class="test-event"> <font color="maroon"> <small> &emsp; &emsp;--- 16 Oct 11:36:22 485 - Element is displayed:: [[ChromeDriver: chrome on WINDOWS (f2cc49eadbc28206a290ab7570999b45)] -> xpath: //p[text()='Launch My Learning']]</small> </font> </div>
<div class="test-event"> <font color="maroon"> <small> &emsp; &emsp;--- 16 Oct 11:36:22 529 - Element is displayed:: [[ChromeDriver: chrome on WINDOWS (f2cc49eadbc28206a290ab7570999b45)] -> xpath: //a[text()='Gold Class Planner']]</small> </font> </div>
<div class="test-event"> <font color="maroon"> <small> &emsp; &emsp;--- 16 Oct 11:36:24 618 - Element is displayed:: [[ChromeDriver: chrome on WINDOWS (f2cc49eadbc28206a290ab7570999b45)] -> xpath: //a[text()='Gold Class Planner']]</small> </font> </div>
<div class="test-event"> <font color="maroon"> <small> &emsp; &emsp;--- 16 Oct 11:36:43 052 - Catched spinner load exception due to Expected condition failed: waiting for ICar.support.WaitUtils$4@714addf7 (tried for 15 second(s) with 500 milliseconds interval)</small> </font> </div>
<div class="test-event"> <font color="maroon"> <small> &emsp; &emsp;--- 16 Oct 11:36:43 053 - <b>15</b> - Spinner Load Wait: (Sync) - ICar.support.WaitUtils.waitForSpinner(WaitUtils.java:225)</small> </font> </div>
<div class="test-event"> <font color="maroon"> <small> &emsp; &emsp;--- 16 Oct 11:36:43 284 - Page URL:: https://www.icarstage.com/gold-class-planner</small> </font> </div>
<div class="test-event"> <font color="maroon"> <small> &emsp; &emsp;--- 16 Oct 11:36:43 284 - <b>0</b> - Page Load Wait: (Sync) - ICar.support.Utils.waitForPageLoad(Utils.java:109)</small> </font> </div>
<div class="test-message">&emsp;Successfully navigated to 'GCP' Page&emsp;<a href=".\ScreenShot\ICar_B2B944_TC03_46170711467100.png" target="_blank" >[ScreenShot]</a></div>
<div class="test-event"> <font color="maroon"> <small> &emsp; &emsp;--- 16 Oct 11:36:48 521 - Element is displayed:: [[ChromeDriver: chrome on WINDOWS (f2cc49eadbc28206a290ab7570999b45)] -> xpath: //button[text()='OK']]</small> </font> </div>
<div class="test-event"> <font color="maroon"> <small> &emsp; &emsp;--- 16 Oct 11:36:53 750 - Page URL:: https://www.icarstage.com/gold-class-planner</small> </font> </div>
<div class="test-event"> <font color="maroon"> <small> &emsp; &emsp;--- 16 Oct 11:36:53 750 - <b>0</b> - Page Load Wait: (Sync) - ICar.support.Utils.waitForPageLoad(Utils.java:109)</small> </font> </div>
<div class="test-event"> <font color="maroon"> <small> &emsp; &emsp;--- 16 Oct 11:36:55 826 - Element is displayed:: [[ChromeDriver: chrome on WINDOWS (f2cc49eadbc28206a290ab7570999b45)] -> xpath: //slot/p[text()='Select Location']//following::div//button[@name='shopSelect']]</small> </font> </div>
<div class="test-event"> <font color="maroon"> <small> &emsp; &emsp;--- 16 Oct 11:36:59 049 - Page URL:: https://www.icarstage.com/gold-class-planner</small> </font> </div>
<div class="test-event"> <font color="maroon"> <small> &emsp; &emsp;--- 16 Oct 11:36:59 049 - <b>0</b> - Page Load Wait: (Sync) - ICar.support.Utils.waitForPageLoad(Utils.java:109)</small> </font> </div>
<div class="test-event"> <font color="maroon"> <small> &emsp; &emsp;--- 16 Oct 11:37:01 213 - Catched spinner load exception due to Expected condition failed: waiting for ICar.support.WaitUtils$4@714addf7 (tried for 2 second(s) with 500 milliseconds interval)</small> </font> </div>
<div class="test-event"> <font color="maroon"> <small> &emsp; &emsp;--- 16 Oct 11:37:01 213 - <b>2</b> - Spinner Load Wait: (Sync) - ICar.support.WaitUtils.waitForSpinner(WaitUtils.java:225)</small> </font> </div>
<div class="test-message">&emsp;Successfully verified the activation&emsp;<a href=".\ScreenShot\ICar_B2B944_TC03_46194876782900.png" target="_blank" >[ScreenShot]</a></div>
<div class="test-event"> <font color="maroon"> <small> &emsp; &emsp;--- 16 Oct 11:37:07 810 - Page URL:: https://www.icarstage.com/gold-class-planner</small> </font> </div>
<div class="test-event"> <font color="maroon"> <small> &emsp; &emsp;--- 16 Oct 11:37:07 810 - <b>0</b> - Page Load Wait: (Sync) - ICar.support.Utils.waitForPageLoad(Utils.java:109)</small> </font> </div>
<div class="test-event"> <font color="maroon"> <small> &emsp; &emsp;--- 16 Oct 11:37:07 864 - Element is displayed:: [[ChromeDriver: chrome on WINDOWS (f2cc49eadbc28206a290ab7570999b45)] -> xpath: //p[text()='Launch My Learning']]</small> </font> </div>
<div class="test-event"> <font color="maroon"> <small> &emsp; &emsp;--- 16 Oct 11:37:07 904 - Element is displayed:: [[ChromeDriver: chrome on WINDOWS (f2cc49eadbc28206a290ab7570999b45)] -> xpath: //a[text()='Buy on Behalf of Others']]</small> </font> </div>
<div class="test-event"> <font color="maroon"> <small> &emsp; &emsp;--- 16 Oct 11:37:10 017 - Element is displayed:: [[ChromeDriver: chrome on WINDOWS (f2cc49eadbc28206a290ab7570999b45)] -> xpath: //a[text()='Buy on Behalf of Others']]</small> </font> </div>
<div class="test-event"> <font color="maroon"> <small> &emsp; &emsp;--- 16 Oct 11:37:27 830 - Catched spinner load exception due to Expected condition failed: waiting for ICar.support.WaitUtils$4@714addf7 (tried for 15 second(s) with 500 milliseconds interval)</small> </font> </div>
<div class="test-event"> <font color="maroon"> <small> &emsp; &emsp;--- 16 Oct 11:37:27 830 - <b>15</b> - Spinner Load Wait: (Sync) - ICar.support.WaitUtils.waitForSpinner(WaitUtils.java:225)</small> </font> </div>
<div class="test-event"> <font color="maroon"> <small> &emsp; &emsp;--- 16 Oct 11:37:27 939 - Page URL:: https://www.icarstage.com/buy-on-behalf-of</small> </font> </div>
<div class="test-event"> <font color="maroon"> <small> &emsp; &emsp;--- 16 Oct 11:37:27 939 - <b>0</b> - Page Load Wait: (Sync) - ICar.support.Utils.waitForPageLoad(Utils.java:109)</small> </font> </div>
<div class="test-message">&emsp;Successfully navigated to 'BrowseAndBuyForOthers' Page&emsp;<a href=".\ScreenShot\ICar_B2B944_TC03_46215365964200.png" target="_blank" >[ScreenShot]</a></div>
<div class="test-event"> <font color="maroon"> <small> &emsp; &emsp;--- 16 Oct 11:37:36 406 - Catched spinner load exception due to Expected condition failed: waiting for ICar.support.WaitUtils$4@714addf7 (tried for 8 second(s) with 500 milliseconds interval)</small> </font> </div>
<div class="test-event"> <font color="maroon"> <small> &emsp; &emsp;--- 16 Oct 11:37:36 406 - <b>8</b> - Spinner Load Wait: (Sync) - ICar.support.WaitUtils.waitForSpinner(WaitUtils.java:225)</small> </font> </div>
<div class="test-event"> <font color="maroon"> <small> &emsp; &emsp;--- 16 Oct 11:37:36 503 - Page URL:: https://www.icarstage.com/buy-on-behalf-of</small> </font> </div>
<div class="test-event"> <font color="maroon"> <small> &emsp; &emsp;--- 16 Oct 11:37:36 503 - <b>0</b> - Page Load Wait: (Sync) - ICar.support.Utils.waitForPageLoad(Utils.java:109)</small> </font> </div>
<div class="test-event"> <font color="maroon"> <small> &emsp; &emsp;--- 16 Oct 11:37:39 680 - Page URL:: https://www.icarstage.com/buy-on-behalf-of</small> </font> </div>
<div class="test-event"> <font color="maroon"> <small> &emsp; &emsp;--- 16 Oct 11:37:39 680 - <b>0</b> - Page Load Wait: (Sync) - ICar.support.Utils.waitForPageLoad(Utils.java:109)</small> </font> </div>
<div class="test-event"> <font color="maroon"> <small> &emsp; &emsp;--- 16 Oct 11:37:41 822 - Catched spinner load exception due to Expected condition failed: waiting for ICar.support.WaitUtils$4@714addf7 (tried for 2 second(s) with 500 milliseconds interval)</small> </font> </div>
<div class="test-event"> <font color="maroon"> <small> &emsp; &emsp;--- 16 Oct 11:37:41 822 - <b>2</b> - Spinner Load Wait: (Sync) - ICar.support.WaitUtils.waitForSpinner(WaitUtils.java:225)</small> </font> </div>
<div class="test-event"> <font color="maroon"> <small> &emsp; &emsp;--- 16 Oct 11:37:51 199 - Catched spinner load exception due to Expected condition failed: waiting for ICar.support.WaitUtils$4@714addf7 (tried for 9 second(s) with 500 milliseconds interval)</small> </font> </div>
<div class="test-event"> <font color="maroon"> <small> &emsp; &emsp;--- 16 Oct 11:37:51 199 - <b>9</b> - Spinner Load Wait: (Sync) - ICar.support.WaitUtils.waitForSpinner(WaitUtils.java:225)</small> </font> </div>
<div class="test-event"> <font color="maroon"> <small> &emsp; &emsp;--- 16 Oct 11:37:51 314 - Page URL:: https://www.icarstage.com/buy-on-behalf-of</small> </font> </div>
<div class="test-event"> <font color="maroon"> <small> &emsp; &emsp;--- 16 Oct 11:37:51 314 - <b>0</b> - Page Load Wait: (Sync) - ICar.support.Utils.waitForPageLoad(Utils.java:109)</small> </font> </div>
<div class="test-event"> <font color="maroon"> <small> &emsp; &emsp;--- 16 Oct 11:38:00 702 - Catched spinner load exception due to Expected condition failed: waiting for ICar.support.WaitUtils$4@714addf7 (tried for 9 second(s) with 500 milliseconds interval)</small> </font> </div>
<div class="test-event"> <font color="maroon"> <small> &emsp; &emsp;--- 16 Oct 11:38:00 702 - <b>9</b> - Spinner Load Wait: (Sync) - ICar.support.WaitUtils.waitForSpinner(WaitUtils.java:225)</small> </font> </div>
<div class="test-event"> <font color="maroon"> <small> &emsp; &emsp;--- 16 Oct 11:38:00 819 - Page URL:: https://www.icarstage.com/buy-on-behalf-of</small> </font> </div>
<div class="test-event"> <font color="maroon"> <small> &emsp; &emsp;--- 16 Oct 11:38:00 819 - <b>0</b> - Page Load Wait: (Sync) - ICar.support.Utils.waitForPageLoad(Utils.java:109)</small> </font> </div>
<div class="test-event"> <font color="maroon"> <small> &emsp; &emsp;--- 16 Oct 11:38:00 857 - Element is displayed:: [[ChromeDriver: chrome on WINDOWS (f2cc49eadbc28206a290ab7570999b45)] -> xpath: //table[contains(@class,'slds-table')]//tr[@class='slds-hint-parent']//td/div[contains(text(),'')]/../..//label/span[1]]</small> </font> </div>
<div class="test-event"> <font color="maroon"> <small> &emsp; &emsp;--- 16 Oct 11:38:00 877 - Element is displayed:: [[ChromeDriver: chrome on WINDOWS (f2cc49eadbc28206a290ab7570999b45)] -> xpath: //table[contains(@class,'slds-table')]//tr[@class='slds-hint-parent']//td/div[contains(text(),'')]/../..//label/span[1]]</small> </font> </div>
<div class="test-event"> <font color="maroon"> <small> &emsp; &emsp;--- 16 Oct 11:38:02 960 - Catched spinner load exception due to Expected condition failed: waiting for ICar.support.WaitUtils$4@714addf7 (tried for 2 second(s) with 500 milliseconds interval)</small> </font> </div>
<div class="test-event"> <font color="maroon"> <small> &emsp; &emsp;--- 16 Oct 11:38:02 960 - <b>2</b> - Spinner Load Wait: (Sync) - ICar.support.WaitUtils.waitForSpinner(WaitUtils.java:225)</small> </font> </div>
<div class="test-result"><br><font color="green"><strong> Test Passed. </strong></font> </div>&emsp;
&emsp;<div class="test-title"> <strong><font size = "3" color = "#0000FF">---Test Execution Ends---</font> </strong> </div>&emsp;]]>
  </system-out>
</testsuite> <!-- BAM_Misc.BAMtestscripts -->
