<?xml version="1.0" encoding="UTF-8"?>
<!-- Generated by org.testng.reporters.JUnitReportReporter -->
<testsuite hostname="Asplap3104" failures="0" tests="1" name="CreditProcess.LearningPathTestScripts" time="321.147" errors="1" timestamp="2024-11-05T17:12:18 IST" skipped="0">
  <testcase classname="CreditProcess.LearningPathTestScripts" name="DVY258_TC02" time="321.147">
    <error message="no such element: Unable to locate element: {&quot;method&quot;:&quot;xpath&quot;,&quot;selector&quot;:&quot;//a[@title=&#039;Approve&#039;]&quot;}
  (Session info: chrome=130.0.6723.92)
For documentation on this error, please visit: https://selenium.dev/exceptions/#no_such_element
Build info: version: &#039;4.6.0&#039;, revision: &#039;79f1c02ae20&#039;
System info: os.name: &#039;Windows 10&#039;, os.arch: &#039;amd64&#039;, os.version: &#039;10.0&#039;, java.version: &#039;14.0.2&#039;
Driver info: org.openqa.selenium.chrome.ChromeDriver
Command: [fb69c226ce9d4b8f687adff4c00e376e, findElement {using=xpath, value=//a[@title=&#039;Approve&#039;]}]
Capabilities {acceptInsecureCerts: false, browserName: chrome, browserVersion: 130.0.6723.92, chrome: {chromedriverVersion: 129.0.6668.58 (81a06fb873a9..., userDataDir: C:\Users\DHARAN~1.SRI\AppDa...}, fedcm:accounts: true, goog:chromeOptions: {debuggerAddress: localhost:52177}, networkConnectionEnabled: false, pageLoadStrategy: normal, platformName: WINDOWS, proxy: Proxy(), se:cdp: ws://localhost:52177/devtoo..., se:cdpVersion: 130.0.6723.92, setWindowRect: true, strictFileInteractability: false, timeouts: {implicit: 0, pageLoad: 300000, script: 30000}, unhandledPromptBehavior: dismiss and notify, webauthn:extension:credBlob: true, webauthn:extension:largeBlob: true, webauthn:extension:minPinLength: true, webauthn:extension:prf: true, webauthn:virtualAuthenticators: true}
Session ID: fb69c226ce9d4b8f687adff4c00e376e" type="org.openqa.selenium.NoSuchElementException">
      <![CDATA[org.openqa.selenium.NoSuchElementException: no such element: Unable to locate element: {"method":"xpath","selector":"//a[@title='Approve']"}
  (Session info: chrome=130.0.6723.92)
For documentation on this error, please visit: https://selenium.dev/exceptions/#no_such_element
Build info: version: '4.6.0', revision: '79f1c02ae20'
System info: os.name: 'Windows 10', os.arch: 'amd64', os.version: '10.0', java.version: '14.0.2'
Driver info: org.openqa.selenium.chrome.ChromeDriver
Command: [fb69c226ce9d4b8f687adff4c00e376e, findElement {using=xpath, value=//a[@title='Approve']}]
Capabilities {acceptInsecureCerts: false, browserName: chrome, browserVersion: 130.0.6723.92, chrome: {chromedriverVersion: 129.0.6668.58 (81a06fb873a9..., userDataDir: C:\Users\DHARAN~1.SRI\AppDa...}, fedcm:accounts: true, goog:chromeOptions: {debuggerAddress: localhost:52177}, networkConnectionEnabled: false, pageLoadStrategy: normal, platformName: WINDOWS, proxy: Proxy(), se:cdp: ws://localhost:52177/devtoo..., se:cdpVersion: 130.0.6723.92, setWindowRect: true, strictFileInteractability: false, timeouts: {implicit: 0, pageLoad: 300000, script: 30000}, unhandledPromptBehavior: dismiss and notify, webauthn:extension:credBlob: true, webauthn:extension:largeBlob: true, webauthn:extension:minPinLength: true, webauthn:extension:prf: true, webauthn:virtualAuthenticators: true}
Session ID: fb69c226ce9d4b8f687adff4c00e376e
at jdk.internal.reflect.GeneratedConstructorAccessor34.newInstance(Unknown Source)
at java.base/jdk.internal.reflect.DelegatingConstructorAccessorImpl.newInstance(DelegatingConstructorAccessorImpl.java:45)
at java.base/java.lang.reflect.Constructor.newInstanceWithCaller(Constructor.java:500)
at java.base/java.lang.reflect.Constructor.newInstance(Constructor.java:481)
at org.openqa.selenium.remote.codec.w3c.W3CHttpResponseCodec.createException(W3CHttpResponseCodec.java:200)
at org.openqa.selenium.remote.codec.w3c.W3CHttpResponseCodec.decode(W3CHttpResponseCodec.java:133)
at org.openqa.selenium.remote.codec.w3c.W3CHttpResponseCodec.decode(W3CHttpResponseCodec.java:53)
at org.openqa.selenium.remote.HttpCommandExecutor.execute(HttpCommandExecutor.java:193)
at org.openqa.selenium.remote.service.DriverCommandExecutor.invokeExecute(DriverCommandExecutor.java:183)
at org.openqa.selenium.remote.service.DriverCommandExecutor.execute(DriverCommandExecutor.java:158)
at org.openqa.selenium.remote.RemoteWebDriver.execute(RemoteWebDriver.java:543)
at org.openqa.selenium.remote.ElementLocation$ElementFinder$2.findElement(ElementLocation.java:162)
at org.openqa.selenium.remote.ElementLocation.findElement(ElementLocation.java:60)
at org.openqa.selenium.remote.RemoteWebDriver.findElement(RemoteWebDriver.java:352)
at org.openqa.selenium.remote.RemoteWebDriver.findElement(RemoteWebDriver.java:344)
at ICar.Pages.SalesForcePages.updateApprovalHistory(SalesForcePages.java:24819)
at CreditProcess.LearningPathTestScripts.DVY258_TC02(LearningPathTestScripts.java:530)
at java.base/jdk.internal.reflect.NativeMethodAccessorImpl.invoke0(Native Method)
at java.base/jdk.internal.reflect.NativeMethodAccessorImpl.invoke(NativeMethodAccessorImpl.java:62)
at java.base/jdk.internal.reflect.DelegatingMethodAccessorImpl.invoke(DelegatingMethodAccessorImpl.java:43)
at java.base/java.lang.reflect.Method.invoke(Method.java:564)
at org.testng.internal.invokers.MethodInvocationHelper.invokeMethod(MethodInvocationHelper.java:139)
at org.testng.internal.invokers.TestInvoker.invokeMethod(TestInvoker.java:664)
at org.testng.internal.invokers.TestInvoker.invokeTestMethod(TestInvoker.java:227)
at org.testng.internal.invokers.TestMethodWithDataProviderMethodWorker.call(TestMethodWithDataProviderMethodWorker.java:80)
at org.testng.internal.invokers.TestMethodWithDataProviderMethodWorker.call(TestMethodWithDataProviderMethodWorker.java:17)
at java.base/java.util.concurrent.FutureTask.run(FutureTask.java:264)
at java.base/java.util.concurrent.Executors$RunnableAdapter.call(Executors.java:515)
at java.base/java.util.concurrent.FutureTask.run(FutureTask.java:264)
at java.base/java.util.concurrent.ThreadPoolExecutor.runWorker(ThreadPoolExecutor.java:1130)
at java.base/java.util.concurrent.ThreadPoolExecutor$Worker.run(ThreadPoolExecutor.java:630)
at java.base/java.lang.Thread.run(Thread.java:832)
]]>
    </error>
    <system-out>
      <![CDATA[<div class="test-event"> <font color="maroon"> <small> &emsp; &emsp;--- 05 Nov 17:06:53 607 - TestCaseID:: DVY258_TC02</small> </font> </div>
<div class="test-event"> <font color="maroon"> <small> &emsp; &emsp;--- 05 Nov 17:06:56 570 - <b>3</b> - Driver::initialize::Get - ICar.support.WebDriverFactory.getDriver(WebDriverFactory.java:640)</small> </font> </div>
<div class="test-event"> <font color="maroon"> <small> &emsp; &emsp;--- 05 Nov 17:07:09 789 - Page URL:: data:,</small> </font> </div>
<div class="test-event"> <font color="maroon"> <small> &emsp; &emsp;--- 05 Nov 17:07:09 789 - <b>0</b> - Page Load Wait: (Sync) - ICar.support.Utils.waitForPageLoad(Utils.java:109)</small> </font> </div>
&emsp;<div class="test-title"> <strong><font size = "3" color = "#000080">Successful refund request processed for a learning plan, course to be unenrolled for the individual</font> </strong> </div>&emsp;<div><strong>Steps:</strong></div><!-- Report -->&emsp;
<div class="test-event"> <font color="maroon"> <small> &emsp; &emsp;--- 05 Nov 17:07:13 585 - Page URL:: https://i-car--qa.sandbox.my.salesforce.com/</small> </font> </div>
<div class="test-event"> <font color="maroon"> <small> &emsp; &emsp;--- 05 Nov 17:07:13 585 - <b>0</b> - Page Load Wait: (Sync) - ICar.support.Utils.waitForPageLoad(Utils.java:109)</small> </font> </div>
<div class="test-message">&emsp;Successfully navigated to 'Login' Page&emsp;<a href=".\ScreenShot\DVY258_TC02_23207174183000.png" target="_blank" >[ScreenShot]</a></div>
<div class="test-message">&emsp; Login page is launched.</div>
<div class="test-event"> <font color="maroon"> <small> &emsp; &emsp;--- 05 Nov 17:07:14 044 - Element is displayed:: [[ChromeDriver: chrome on WINDOWS (fb69c226ce9d4b8f687adff4c00e376e)] -> id: username]</small> </font> </div>
<div class="test-event"> <font color="maroon"> <small> &emsp; &emsp;--- 05 Nov 17:07:14 151 - Element is displayed:: [[ChromeDriver: chrome on WINDOWS (fb69c226ce9d4b8f687adff4c00e376e)] -> id: username]</small> </font> </div>
<div class="test-event"> <font color="maroon"> <small> &emsp; &emsp;--- 05 Nov 17:07:14 877 - Element is displayed:: [[ChromeDriver: chrome on WINDOWS (fb69c226ce9d4b8f687adff4c00e376e)] -> id: password]</small> </font> </div>
<div class="test-event"> <font color="maroon"> <small> &emsp; &emsp;--- 05 Nov 17:07:15 159 - Element is displayed:: [[ChromeDriver: chrome on WINDOWS (fb69c226ce9d4b8f687adff4c00e376e)] -> id: Login]</small> </font> </div>
<div class="test-event"> <font color="maroon"> <small> &emsp; &emsp;--- 05 Nov 17:07:35 943 - Catched spinner load exception due to Expected condition failed: waiting for ICar.support.WaitUtils$4@6c1f0658 (tried for 13 second(s) with 500 milliseconds interval)</small> </font> </div>
<div class="test-event"> <font color="maroon"> <small> &emsp; &emsp;--- 05 Nov 17:07:35 944 - <b>13</b> - Spinner Load Wait: (Sync) - ICar.support.WaitUtils.waitForSpinner(WaitUtils.java:225)</small> </font> </div>
<div class="test-event"> <font color="maroon"> <small> &emsp; &emsp;--- 05 Nov 17:07:54 710 - Catched spinner load exception due to Expected condition failed: waiting for ICar.support.WaitUtils$4@6c1f0658 (tried for 6 second(s) with 500 milliseconds interval)</small> </font> </div>
<div class="test-event"> <font color="maroon"> <small> &emsp; &emsp;--- 05 Nov 17:07:54 710 - <b>6</b> - Spinner Load Wait: (Sync) - ICar.support.WaitUtils.waitForSpinner(WaitUtils.java:225)</small> </font> </div>
<div class="test-event"> <font color="maroon"> <small> &emsp; &emsp;--- 05 Nov 17:07:54 819 - Element is displayed:: [[ChromeDriver: chrome on WINDOWS (fb69c226ce9d4b8f687adff4c00e376e)] -> css selector: button[class*='search-button']]</small> </font> </div>
<div class="test-message">&emsp; Navigate to 'SalesForce Page'</div>
<div class="test-event"> <font color="maroon"> <small> &emsp; &emsp;--- 05 Nov 17:07:54 986 - Page URL:: https://i-car--qa.sandbox.lightning.force.com/lightning/o/account/list?filtername=__recent</small> </font> </div>
<div class="test-event"> <font color="maroon"> <small> &emsp; &emsp;--- 05 Nov 17:07:54 986 - <b>0</b> - Page Load Wait: (Sync) - ICar.support.Utils.waitForPageLoad(Utils.java:109)</small> </font> </div>
<div class="test-event"> <font color="maroon"> <small> &emsp; &emsp;--- 05 Nov 17:08:00 260 - Page URL:: https://i-car--qa.sandbox.lightning.force.com/lightning/o/account/list?filtername=__recent</small> </font> </div>
<div class="test-event"> <font color="maroon"> <small> &emsp; &emsp;--- 05 Nov 17:08:00 260 - <b>0</b> - Page Load Wait: (Sync) - ICar.support.Utils.waitForPageLoad(Utils.java:109)</small> </font> </div>
<div class="test-message">&emsp;Close the tab</div>
<div class="test-message">&emsp;Successfully navigated to 'SalesForce Page&emsp;<a href=".\ScreenShot\DVY258_TC02_23259043317600.png" target="_blank" >[ScreenShot]</a></div>
<div class="test-event"> <font color="maroon"> <small> &emsp; &emsp;--- 05 Nov 17:08:11 804 - Page URL:: https://i-car--qa.sandbox.lightning.force.com/lightning/o/account/list?filtername=__recent</small> </font> </div>
<div class="test-event"> <font color="maroon"> <small> &emsp; &emsp;--- 05 Nov 17:08:11 804 - <b>0</b> - Page Load Wait: (Sync) - ICar.support.Utils.waitForPageLoad(Utils.java:109)</small> </font> </div>
<div class="test-event"> <font color="maroon"> <small> &emsp; &emsp;--- 05 Nov 17:08:12 030 - Page URL:: https://i-car--qa.sandbox.lightning.force.com/lightning/o/account/list?filtername=__recent</small> </font> </div>
<div class="test-event"> <font color="maroon"> <small> &emsp; &emsp;--- 05 Nov 17:08:12 030 - <b>0</b> - Page Load Wait: (Sync) - ICar.support.Utils.waitForPageLoad(Utils.java:109)</small> </font> </div>
<div class="test-event"> <font color="maroon"> <small> &emsp; &emsp;--- 05 Nov 17:08:12 090 - Element is displayed:: [[ChromeDriver: chrome on WINDOWS (fb69c226ce9d4b8f687adff4c00e376e)] -> xpath: //ul[@class='slds-global-actions']//div[@class='setupGear']]</small> </font> </div>
<div class="test-event"> <font color="maroon"> <small> &emsp; &emsp;--- 05 Nov 17:08:12 160 - Element is displayed:: [[ChromeDriver: chrome on WINDOWS (fb69c226ce9d4b8f687adff4c00e376e)] -> xpath: //ul[@class='slds-global-actions']//div[@class='setupGear']]</small> </font> </div>
<div class="test-event"> <font color="maroon"> <small> &emsp; &emsp;--- 05 Nov 17:08:15 754 - Page URL:: https://i-car--qa.sandbox.lightning.force.com/lightning/o/account/list?filtername=__recent</small> </font> </div>
<div class="test-event"> <font color="maroon"> <small> &emsp; &emsp;--- 05 Nov 17:08:15 755 - <b>0</b> - Page Load Wait: (Sync) - ICar.support.Utils.waitForPageLoad(Utils.java:109)</small> </font> </div>
<div class="test-event"> <font color="maroon"> <small> &emsp; &emsp;--- 05 Nov 17:08:18 931 - Catched spinner load exception due to Expected condition failed: waiting for ICar.support.WaitUtils$4@6c1f0658 (tried for 3 second(s) with 500 milliseconds interval)</small> </font> </div>
<div class="test-event"> <font color="maroon"> <small> &emsp; &emsp;--- 05 Nov 17:08:18 935 - <b>3</b> - Spinner Load Wait: (Sync) - ICar.support.WaitUtils.waitForSpinner(WaitUtils.java:225)</small> </font> </div>
<div class="test-event"> <font color="maroon"> <small> &emsp; &emsp;--- 05 Nov 17:08:19 348 - Page URL:: https://i-car--qa.sandbox.lightning.force.com/lightning/o/account/list?filtername=__recent</small> </font> </div>
<div class="test-event"> <font color="maroon"> <small> &emsp; &emsp;--- 05 Nov 17:08:19 354 - <b>0</b> - Page Load Wait: (Sync) - ICar.support.Utils.waitForPageLoad(Utils.java:109)</small> </font> </div>
<div class="test-event"> <font color="maroon"> <small> &emsp; &emsp;--- 05 Nov 17:08:19 830 - Page URL:: https://i-car--qa.sandbox.my.salesforce-setup.com/lightning/setup/setuponehome/home?setupdomainprobepassed=true</small> </font> </div>
<div class="test-event"> <font color="maroon"> <small> &emsp; &emsp;--- 05 Nov 17:08:19 830 - <b>0</b> - Page Load Wait: (Sync) - ICar.support.Utils.waitForPageLoad(Utils.java:109)</small> </font> </div>
<div class="test-event"> <font color="maroon"> <small> &emsp; &emsp;--- 05 Nov 17:08:25 008 - Page URL:: https://i-car--qa.sandbox.my.salesforce-setup.com/lightning/setup/setuponehome/home</small> </font> </div>
<div class="test-event"> <font color="maroon"> <small> &emsp; &emsp;--- 05 Nov 17:08:25 008 - <b>0</b> - Page Load Wait: (Sync) - ICar.support.Utils.waitForPageLoad(Utils.java:109)</small> </font> </div>
<div class="test-message">&emsp;Close the tab</div>
<div class="test-event"> <font color="maroon"> <small> &emsp; &emsp;--- 05 Nov 17:08:30 303 - Page URL:: https://i-car--qa.sandbox.my.salesforce-setup.com/lightning/setup/setuponehome/home</small> </font> </div>
<div class="test-event"> <font color="maroon"> <small> &emsp; &emsp;--- 05 Nov 17:08:30 303 - <b>0</b> - Page Load Wait: (Sync) - ICar.support.Utils.waitForPageLoad(Utils.java:109)</small> </font> </div>
<div class="test-event"> <font color="maroon"> <small> &emsp; &emsp;--- 05 Nov 17:08:41 822 - Unable to find an element after 2 sec ==> Proxy element for: AjaxElementLocator 'By.cssSelector: button[class*='search-button']'</small> </font> </div>
<div class="test-event"> <font color="maroon"> <small> &emsp; &emsp;--- 05 Nov 17:08:43 954 - Catched spinner load exception due to Expected condition failed: waiting for ICar.support.WaitUtils$4@6c1f0658 (tried for 2 second(s) with 500 milliseconds interval)</small> </font> </div>
<div class="test-event"> <font color="maroon"> <small> &emsp; &emsp;--- 05 Nov 17:08:43 955 - <b>2</b> - Spinner Load Wait: (Sync) - ICar.support.WaitUtils.waitForSpinner(WaitUtils.java:225)</small> </font> </div>
<div class="test-event"> <font color="maroon"> <small> &emsp; &emsp;--- 05 Nov 17:08:47 088 - Page URL:: https://i-car--qa.sandbox.my.salesforce-setup.com/lightning/setup/setuponehome/home</small> </font> </div>
<div class="test-event"> <font color="maroon"> <small> &emsp; &emsp;--- 05 Nov 17:08:47 089 - <b>0</b> - Page Load Wait: (Sync) - ICar.support.Utils.waitForPageLoad(Utils.java:109)</small> </font> </div>
<div class="test-event"> <font color="maroon"> <small> &emsp; &emsp;--- 05 Nov 17:08:50 190 - Element is displayed:: [[ChromeDriver: chrome on WINDOWS (fb69c226ce9d4b8f687adff4c00e376e)] -> css selector: div[class*='uiInput--default'] input]</small> </font> </div>
<div class="test-event"> <font color="maroon"> <small> &emsp; &emsp;--- 05 Nov 17:09:06 689 - Catched spinner load exception due to Expected condition failed: waiting for ICar.support.WaitUtils$4@6c1f0658 (tried for 10 second(s) with 500 milliseconds interval)</small> </font> </div>
<div class="test-event"> <font color="maroon"> <small> &emsp; &emsp;--- 05 Nov 17:09:06 689 - <b>10</b> - Spinner Load Wait: (Sync) - ICar.support.WaitUtils.waitForSpinner(WaitUtils.java:225)</small> </font> </div>
<div class="test-event"> <font color="maroon"> <small> &emsp; &emsp;--- 05 Nov 17:09:06 908 - Page URL:: https://i-car--qa.sandbox.my.salesforce-setup.com/one/one.app#eyjjb21wb25lbnrezwyioijmb3jjzvnlyxjjadpzzwfyy2gilcjhdhryawj1dgvzijp7inrlcm0ioijwyxvsigrhdmlziiwic2nvcgvnyxaionsibgfizwxqbhvyywwioijtzxr1ccisim5hbwvzcgfjzsi6ilnldhvwiiwidhlwzsi6ilrpuf9srvnvtfrtin0simnvbnrlehqionsizglzywjszvnwzwxsq29ycmvjdglvbii6zmfsc2usimrpc2fibgvjbnrlbnrrdwvyesi6zmfsc2usinnlyxjjafnvdxjjzsi6ikloufvux0rfu0tut1aifswiz3jvdxbjzci6ikrfrkfvtfqifswic3rhdguiont9fq%3d%3d</small> </font> </div>
<div class="test-event"> <font color="maroon"> <small> &emsp; &emsp;--- 05 Nov 17:09:06 909 - <b>0</b> - Page Load Wait: (Sync) - ICar.support.Utils.waitForPageLoad(Utils.java:109)</small> </font> </div>
<div class="test-event"> <font color="maroon"> <small> &emsp; &emsp;--- 05 Nov 17:09:17 929 - Catched spinner load exception due to Expected condition failed: waiting for ICar.support.WaitUtils$4@6c1f0658 (tried for 11 second(s) with 500 milliseconds interval)</small> </font> </div>
<div class="test-event"> <font color="maroon"> <small> &emsp; &emsp;--- 05 Nov 17:09:17 929 - <b>11</b> - Spinner Load Wait: (Sync) - ICar.support.WaitUtils.waitForSpinner(WaitUtils.java:225)</small> </font> </div>
<div class="test-event"> <font color="maroon"> <small> &emsp; &emsp;--- 05 Nov 17:09:18 155 - Page URL:: https://i-car--qa.sandbox.my.salesforce-setup.com/one/one.app#eyjjb21wb25lbnrezwyioijmb3jjzvnlyxjjadpzzwfyy2gilcjhdhryawj1dgvzijp7inrlcm0ioijwyxvsigrhdmlziiwic2nvcgvnyxaionsibgfizwxqbhvyywwioijtzxr1ccisim5hbwvzcgfjzsi6ilnldhvwiiwidhlwzsi6ilrpuf9srvnvtfrtin0simnvbnrlehqionsizglzywjszvnwzwxsq29ycmvjdglvbii6zmfsc2usimrpc2fibgvjbnrlbnrrdwvyesi6zmfsc2usinnlyxjjafnvdxjjzsi6ikloufvux0rfu0tut1aifswiz3jvdxbjzci6ikrfrkfvtfqifswic3rhdguiont9fq%3d%3d</small> </font> </div>
<div class="test-event"> <font color="maroon"> <small> &emsp; &emsp;--- 05 Nov 17:09:18 155 - <b>0</b> - Page Load Wait: (Sync) - ICar.support.Utils.waitForPageLoad(Utils.java:109)</small> </font> </div>
<div class="test-event"> <font color="maroon"> <small> &emsp; &emsp;--- 05 Nov 17:09:18 206 - Element is displayed:: [[ChromeDriver: chrome on WINDOWS (fb69c226ce9d4b8f687adff4c00e376e)] -> xpath: //a[@title='Top Results']//span[text()='Top Results']]</small> </font> </div>
<div class="test-event"> <font color="maroon"> <small> &emsp; &emsp;--- 05 Nov 17:09:18 488 - Page URL:: https://i-car--qa.sandbox.my.salesforce-setup.com/one/one.app#eyjjb21wb25lbnrezwyioijmb3jjzvnlyxjjadpzzwfyy2gilcjhdhryawj1dgvzijp7inrlcm0ioijwyxvsigrhdmlziiwic2nvcgvnyxaionsibgfizwxqbhvyywwioijtzxr1ccisim5hbwvzcgfjzsi6ilnldhvwiiwidhlwzsi6ilrpuf9srvnvtfrtin0simnvbnrlehqionsizglzywjszvnwzwxsq29ycmvjdglvbii6zmfsc2usimrpc2fibgvjbnrlbnrrdwvyesi6zmfsc2usinnlyxjjafnvdxjjzsi6ikloufvux0rfu0tut1aifswiz3jvdxbjzci6ikrfrkfvtfqifswic3rhdguiont9fq%3d%3d</small> </font> </div>
<div class="test-event"> <font color="maroon"> <small> &emsp; &emsp;--- 05 Nov 17:09:18 489 - <b>0</b> - Page Load Wait: (Sync) - ICar.support.Utils.waitForPageLoad(Utils.java:109)</small> </font> </div>
<div class="test-event"> <font color="maroon"> <small> &emsp; &emsp;--- 05 Nov 17:09:23 765 - Catched spinner load exception due to Expected condition failed: waiting for ICar.support.WaitUtils$4@6c1f0658 (tried for 5 second(s) with 500 milliseconds interval)</small> </font> </div>
<div class="test-event"> <font color="maroon"> <small> &emsp; &emsp;--- 05 Nov 17:09:23 765 - <b>5</b> - Spinner Load Wait: (Sync) - ICar.support.WaitUtils.waitForSpinner(WaitUtils.java:225)</small> </font> </div>
<div class="test-event"> <font color="maroon"> <small> &emsp; &emsp;--- 05 Nov 17:09:23 994 - Page URL:: https://i-car--qa.sandbox.my.salesforce-setup.com/one/one.app#eyjjb21wb25lbnrezwyioijmb3jjzvnlyxjjadpzzwfyy2gilcjhdhryawj1dgvzijp7inrlcm0ioijwyxvsigrhdmlziiwic2nvcgvnyxaionsibgfizwxqbhvyywwioijtzxr1ccisim5hbwvzcgfjzsi6ilnldhvwiiwidhlwzsi6ilrpuf9srvnvtfrtin0simnvbnrlehqionsizglzywjszvnwzwxsq29ycmvjdglvbii6zmfsc2usimrpc2fibgvjbnrlbnrrdwvyesi6zmfsc2usinnlyxjjafnvdxjjzsi6ikloufvux0rfu0tut1aifswiz3jvdxbjzci6ikrfrkfvtfqifswic3rhdguiont9fq%3d%3d</small> </font> </div>
<div class="test-event"> <font color="maroon"> <small> &emsp; &emsp;--- 05 Nov 17:09:23 994 - <b>0</b> - Page Load Wait: (Sync) - ICar.support.Utils.waitForPageLoad(Utils.java:109)</small> </font> </div>
<div class="test-event"> <font color="maroon"> <small> &emsp; &emsp;--- 05 Nov 17:09:24 172 - Page URL:: https://i-car--qa.sandbox.my.salesforce-setup.com/one/one.app#eyjjb21wb25lbnrezwyioijmb3jjzvnlyxjjadpzzwfyy2gilcjhdhryawj1dgvzijp7inrlcm0ioijwyxvsigrhdmlziiwic2nvcgvnyxaionsibgfizwxqbhvyywwioijtzxr1ccisim5hbwvzcgfjzsi6ilnldhvwiiwidhlwzsi6ilrpuf9srvnvtfrtin0simnvbnrlehqionsizglzywjszvnwzwxsq29ycmvjdglvbii6zmfsc2usimrpc2fibgvjbnrlbnrrdwvyesi6zmfsc2usinnlyxjjafnvdxjjzsi6ikloufvux0rfu0tut1aifswiz3jvdxbjzci6ikrfrkfvtfqifswic3rhdguiont9fq%3d%3d</small> </font> </div>
<div class="test-event"> <font color="maroon"> <small> &emsp; &emsp;--- 05 Nov 17:09:24 172 - <b>0</b> - Page Load Wait: (Sync) - ICar.support.Utils.waitForPageLoad(Utils.java:109)</small> </font> </div>
<div class="test-event"> <font color="maroon"> <small> &emsp; &emsp;--- 05 Nov 17:09:24 361 - Page URL:: https://i-car--qa.sandbox.my.salesforce-setup.com/one/one.app#eyjjb21wb25lbnrezwyioijmb3jjzvnlyxjjadpzzwfyy2gilcjhdhryawj1dgvzijp7inrlcm0ioijwyxvsigrhdmlziiwic2nvcgvnyxaionsibgfizwxqbhvyywwioijtzxr1ccisim5hbwvzcgfjzsi6ilnldhvwiiwidhlwzsi6ilrpuf9srvnvtfrtin0simnvbnrlehqionsizglzywjszvnwzwxsq29ycmvjdglvbii6zmfsc2usimrpc2fibgvjbnrlbnrrdwvyesi6zmfsc2usinnlyxjjafnvdxjjzsi6ikloufvux0rfu0tut1aifswiz3jvdxbjzci6ikrfrkfvtfqifswic3rhdguiont9fq%3d%3d</small> </font> </div>
<div class="test-event"> <font color="maroon"> <small> &emsp; &emsp;--- 05 Nov 17:09:24 362 - <b>0</b> - Page Load Wait: (Sync) - ICar.support.Utils.waitForPageLoad(Utils.java:109)</small> </font> </div>
<div class="test-event"> <font color="maroon"> <small> &emsp; &emsp;--- 05 Nov 17:09:49 746 - Catched spinner load exception due to Expected condition failed: waiting for ICar.support.WaitUtils$4@6c1f0658 (tried for 25 second(s) with 500 milliseconds interval)</small> </font> </div>
<div class="test-event"> <font color="maroon"> <small> &emsp; &emsp;--- 05 Nov 17:09:49 746 - <b>25</b> - Spinner Load Wait: (Sync) - ICar.support.WaitUtils.waitForSpinner(WaitUtils.java:225)</small> </font> </div>
<div class="test-event"> <font color="maroon"> <small> &emsp; &emsp;--- 05 Nov 17:09:49 927 - Page URL:: https://i-car--qa.sandbox.my.salesforce-setup.com/one/one.app#eyjjb21wb25lbnrezwyioijmb3jjzvnlyxjjadpzzwfyy2gilcjhdhryawj1dgvzijp7inrlcm0ioijwyxvsigrhdmlziiwic2nvcgvnyxaionsibgfizwxqbhvyywwioijtzxr1ccisim5hbwvzcgfjzsi6ilnldhvwiiwidhlwzsi6ilrpuf9srvnvtfrtin0simnvbnrlehqionsizglzywjszvnwzwxsq29ycmvjdglvbii6zmfsc2usimrpc2fibgvjbnrlbnrrdwvyesi6zmfsc2usinnlyxjjafnvdxjjzsi6ikloufvux0rfu0tut1aifswiz3jvdxbjzci6ikrfrkfvtfqifswic3rhdguiont9fq%3d%3d</small> </font> </div>
<div class="test-event"> <font color="maroon"> <small> &emsp; &emsp;--- 05 Nov 17:09:49 928 - <b>0</b> - Page Load Wait: (Sync) - ICar.support.Utils.waitForPageLoad(Utils.java:109)</small> </font> </div>
<div class="test-event"> <font color="maroon"> <small> &emsp; &emsp;--- 05 Nov 17:09:49 959 - Element is displayed:: [[ChromeDriver: chrome on WINDOWS (fb69c226ce9d4b8f687adff4c00e376e)] -> css selector: div.forceSearchResultsRegion  div.resultsMultiWrapper >div > div table tbody td a]</small> </font> </div>
<div class="test-event"> <font color="maroon"> <small> &emsp; &emsp;--- 05 Nov 17:09:50 030 - Element is displayed:: [[ChromeDriver: chrome on WINDOWS (fb69c226ce9d4b8f687adff4c00e376e)] -> css selector: div.forceSearchResultsRegion  div.resultsMultiWrapper >div > div table tbody td a]</small> </font> </div>
<div class="test-event"> <font color="maroon"> <small> &emsp; &emsp;--- 05 Nov 17:09:50 360 - Page URL:: https://i-car--qa.sandbox.my.salesforce-setup.com/one/one.app#eyjjb21wb25lbnrezwyioijmb3jjzvnlyxjjadpzzwfyy2gilcjhdhryawj1dgvzijp7inrlcm0ioijwyxvsigrhdmlziiwic2nvcgvnyxaionsibgfizwxqbhvyywwioijtzxr1ccisim5hbwvzcgfjzsi6ilnldhvwiiwidhlwzsi6ilrpuf9srvnvtfrtin0simnvbnrlehqionsizglzywjszvnwzwxsq29ycmvjdglvbii6zmfsc2usimrpc2fibgvjbnrlbnrrdwvyesi6zmfsc2usinnlyxjjafnvdxjjzsi6ikloufvux0rfu0tut1aifswiz3jvdxbjzci6ikrfrkfvtfqifswic3rhdguiont9fq%3d%3d</small> </font> </div>
<div class="test-event"> <font color="maroon"> <small> &emsp; &emsp;--- 05 Nov 17:09:50 361 - <b>0</b> - Page Load Wait: (Sync) - ICar.support.Utils.waitForPageLoad(Utils.java:109)</small> </font> </div>
<div class="test-event"> <font color="maroon"> <small> &emsp; &emsp;--- 05 Nov 17:10:10 565 - Catched spinner load exception due to Expected condition failed: waiting for ICar.support.WaitUtils$4@6c1f0658 (tried for 20 second(s) with 500 milliseconds interval)</small> </font> </div>
<div class="test-event"> <font color="maroon"> <small> &emsp; &emsp;--- 05 Nov 17:10:10 566 - <b>20</b> - Spinner Load Wait: (Sync) - ICar.support.WaitUtils.waitForSpinner(WaitUtils.java:225)</small> </font> </div>
<div class="test-event"> <font color="maroon"> <small> &emsp; &emsp;--- 05 Nov 17:10:10 720 - Page URL:: https://i-car--qa.sandbox.my.salesforce-setup.com/lightning/setup/manageusers/page?address=%2f0051i000001ojoyqam%3fnoredirect%3d1%26isuserentityoverride%3d1%26returl%3d%252fsetup%252fhome</small> </font> </div>
<div class="test-event"> <font color="maroon"> <small> &emsp; &emsp;--- 05 Nov 17:10:10 720 - <b>0</b> - Page Load Wait: (Sync) - ICar.support.Utils.waitForPageLoad(Utils.java:109)</small> </font> </div>
<div class="test-event"> <font color="maroon"> <small> &emsp; &emsp;--- 05 Nov 17:10:10 849 - Page URL:: https://i-car--qa.sandbox.my.salesforce-setup.com/lightning/setup/manageusers/page?address=%2f0051i000001ojoyqam%3fnoredirect%3d1%26isuserentityoverride%3d1%26returl%3d%252fsetup%252fhome</small> </font> </div>
<div class="test-event"> <font color="maroon"> <small> &emsp; &emsp;--- 05 Nov 17:10:10 849 - <b>0</b> - Page Load Wait: (Sync) - ICar.support.Utils.waitForPageLoad(Utils.java:109)</small> </font> </div>
<div class="test-event"> <font color="maroon"> <small> &emsp; &emsp;--- 05 Nov 17:10:14 989 - Element is displayed:: [[ChromeDriver: chrome on WINDOWS (fb69c226ce9d4b8f687adff4c00e376e)] -> css selector: input[title='Login']]</small> </font> </div>
<div class="test-message">&emsp; Login as accounting manager paul davis</div>
<div class="test-event"> <font color="maroon"> <small> &emsp; &emsp;--- 05 Nov 17:10:27 430 - Page URL:: https://i-car--qa.sandbox.lightning.force.com/lightning/o/report/home?queryscope=favoriteitems</small> </font> </div>
<div class="test-event"> <font color="maroon"> <small> &emsp; &emsp;--- 05 Nov 17:10:27 430 - <b>0</b> - Page Load Wait: (Sync) - ICar.support.Utils.waitForPageLoad(Utils.java:109)</small> </font> </div>
<div class="test-event"> <font color="maroon"> <small> &emsp; &emsp;--- 05 Nov 17:10:32 638 - Page URL:: https://i-car--qa.sandbox.lightning.force.com/lightning/o/report/home?queryscope=favoriteitems</small> </font> </div>
<div class="test-event"> <font color="maroon"> <small> &emsp; &emsp;--- 05 Nov 17:10:32 638 - <b>0</b> - Page Load Wait: (Sync) - ICar.support.Utils.waitForPageLoad(Utils.java:109)</small> </font> </div>
<div class="test-message">&emsp;Close the tab</div>
<div class="test-message">&emsp; Search request number RC-391753</div>
<div class="test-event"> <font color="maroon"> <small> &emsp; &emsp;--- 05 Nov 17:10:38 114 - Page URL:: https://i-car--qa.sandbox.lightning.force.com/lightning/o/report/home?queryscope=favoriteitems</small> </font> </div>
<div class="test-event"> <font color="maroon"> <small> &emsp; &emsp;--- 05 Nov 17:10:38 114 - <b>0</b> - Page Load Wait: (Sync) - ICar.support.Utils.waitForPageLoad(Utils.java:109)</small> </font> </div>
<div class="test-event"> <font color="maroon"> <small> &emsp; &emsp;--- 05 Nov 17:10:43 430 - Page URL:: https://i-car--qa.sandbox.lightning.force.com/lightning/o/report/home?queryscope=favoriteitems</small> </font> </div>
<div class="test-event"> <font color="maroon"> <small> &emsp; &emsp;--- 05 Nov 17:10:43 430 - <b>0</b> - Page Load Wait: (Sync) - ICar.support.Utils.waitForPageLoad(Utils.java:109)</small> </font> </div>
<div class="test-message">&emsp;Close the tab</div>
<div class="test-event"> <font color="maroon"> <small> &emsp; &emsp;--- 05 Nov 17:10:48 704 - Page URL:: https://i-car--qa.sandbox.lightning.force.com/lightning/o/report/home?queryscope=favoriteitems</small> </font> </div>
<div class="test-event"> <font color="maroon"> <small> &emsp; &emsp;--- 05 Nov 17:10:48 704 - <b>0</b> - Page Load Wait: (Sync) - ICar.support.Utils.waitForPageLoad(Utils.java:109)</small> </font> </div>
<div class="test-event"> <font color="maroon"> <small> &emsp; &emsp;--- 05 Nov 17:10:48 753 - Element is displayed:: [[ChromeDriver: chrome on WINDOWS (fb69c226ce9d4b8f687adff4c00e376e)] -> css selector: button[class*='search-button']]</small> </font> </div>
<div class="test-event"> <font color="maroon"> <small> &emsp; &emsp;--- 05 Nov 17:10:50 985 - Catched spinner load exception due to Expected condition failed: waiting for ICar.support.WaitUtils$4@6c1f0658 (tried for 2 second(s) with 500 milliseconds interval)</small> </font> </div>
<div class="test-event"> <font color="maroon"> <small> &emsp; &emsp;--- 05 Nov 17:10:50 986 - <b>2</b> - Spinner Load Wait: (Sync) - ICar.support.WaitUtils.waitForSpinner(WaitUtils.java:225)</small> </font> </div>
<div class="test-event"> <font color="maroon"> <small> &emsp; &emsp;--- 05 Nov 17:10:54 061 - Element is displayed:: [[ChromeDriver: chrome on WINDOWS (fb69c226ce9d4b8f687adff4c00e376e)] -> css selector: button[class*='search-button']]</small> </font> </div>
<div class="test-event"> <font color="maroon"> <small> &emsp; &emsp;--- 05 Nov 17:10:54 499 - Page URL:: https://i-car--qa.sandbox.lightning.force.com/lightning/o/report/home?queryscope=favoriteitems</small> </font> </div>
<div class="test-event"> <font color="maroon"> <small> &emsp; &emsp;--- 05 Nov 17:10:54 499 - <b>0</b> - Page Load Wait: (Sync) - ICar.support.Utils.waitForPageLoad(Utils.java:109)</small> </font> </div>
<div class="test-event"> <font color="maroon"> <small> &emsp; &emsp;--- 05 Nov 17:11:13 972 - Catched spinner load exception due to Expected condition failed: waiting for ICar.support.WaitUtils$4@6c1f0658 (tried for 10 second(s) with 500 milliseconds interval)</small> </font> </div>
<div class="test-event"> <font color="maroon"> <small> &emsp; &emsp;--- 05 Nov 17:11:13 972 - <b>10</b> - Spinner Load Wait: (Sync) - ICar.support.WaitUtils.waitForSpinner(WaitUtils.java:225)</small> </font> </div>
<div class="test-event"> <font color="maroon"> <small> &emsp; &emsp;--- 05 Nov 17:11:14 474 - Page URL:: https://i-car--qa.sandbox.lightning.force.com/one/one.app#eyjjb21wb25lbnrezwyioijmb3jjzvnlyxjjadpzzwfyy2hqywdlrgvza3rvccisimf0dhjpynv0zxmionsidgvybsi6iljdltm5mtc1myisinnjb3bltwfwijp7inr5cguioijut1bfukvtvuxuuyj9lcjjb250zxh0ijp7ikzjtfrfulmiont9lcjzzwfyy2htb3vyy2uioijbu1nju1rbtlrfrelbte9hiiwizglzywjszuludgvudff1zxj5ijpmywxzzswizglzywjszvnwzwxsq29ycmvjdglvbii6zmfsc2usinnlyxjjaerpywxvz1nlc3npb25jzci6ijc5njeymtq5ltnkzgytytcymi0xnmu4ltuxotq4owm1yjy0ziisimrlynvnsw5mbyi6eyjhchboyw1lijoisunbul9by2nvdw50iiwiyxbwvhlwzsi6iknvbnnvbguilcjhchboyw1lc3bhy2uioijjiiwibg9jyxrpb24ioijzzme6yw5hbhl0awnzsg9tzsisinnvymply3ruexblijoiumvwb3j0in19lcjncm91celkijoirevgqvvmvcj9lcjzdgf0zsi6e319</small> </font> </div>
<div class="test-event"> <font color="maroon"> <small> &emsp; &emsp;--- 05 Nov 17:11:14 476 - <b>0</b> - Page Load Wait: (Sync) - ICar.support.Utils.waitForPageLoad(Utils.java:109)</small> </font> </div>
<div class="test-event"> <font color="maroon"> <small> &emsp; &emsp;--- 05 Nov 17:11:25 539 - Catched spinner load exception due to Expected condition failed: waiting for ICar.support.WaitUtils$4@6c1f0658 (tried for 11 second(s) with 500 milliseconds interval)</small> </font> </div>
<div class="test-event"> <font color="maroon"> <small> &emsp; &emsp;--- 05 Nov 17:11:25 540 - <b>11</b> - Spinner Load Wait: (Sync) - ICar.support.WaitUtils.waitForSpinner(WaitUtils.java:225)</small> </font> </div>
<div class="test-event"> <font color="maroon"> <small> &emsp; &emsp;--- 05 Nov 17:11:25 992 - Page URL:: https://i-car--qa.sandbox.lightning.force.com/one/one.app#eyjjb21wb25lbnrezwyioijmb3jjzvnlyxjjadpzzwfyy2hqywdlrgvza3rvccisimf0dhjpynv0zxmionsidgvybsi6iljdltm5mtc1myisinnjb3bltwfwijp7inr5cguioijut1bfukvtvuxuuyj9lcjjb250zxh0ijp7ikzjtfrfulmiont9lcjzzwfyy2htb3vyy2uioijbu1nju1rbtlrfrelbte9hiiwizglzywjszuludgvudff1zxj5ijpmywxzzswizglzywjszvnwzwxsq29ycmvjdglvbii6zmfsc2usinnlyxjjaerpywxvz1nlc3npb25jzci6ijc5njeymtq5ltnkzgytytcymi0xnmu4ltuxotq4owm1yjy0ziisimrlynvnsw5mbyi6eyjhchboyw1lijoisunbul9by2nvdw50iiwiyxbwvhlwzsi6iknvbnnvbguilcjhchboyw1lc3bhy2uioijjiiwibg9jyxrpb24ioijzzme6yw5hbhl0awnzsg9tzsisinnvymply3ruexblijoiumvwb3j0in19lcjncm91celkijoirevgqvvmvcj9lcjzdgf0zsi6e319</small> </font> </div>
<div class="test-event"> <font color="maroon"> <small> &emsp; &emsp;--- 05 Nov 17:11:25 993 - <b>0</b> - Page Load Wait: (Sync) - ICar.support.Utils.waitForPageLoad(Utils.java:109)</small> </font> </div>
<div class="test-event"> <font color="maroon"> <small> &emsp; &emsp;--- 05 Nov 17:11:26 070 - Element is displayed:: [[ChromeDriver: chrome on WINDOWS (fb69c226ce9d4b8f687adff4c00e376e)] -> xpath: //a[@title='Top Results']//span[text()='Top Results']]</small> </font> </div>
<div class="test-event"> <font color="maroon"> <small> &emsp; &emsp;--- 05 Nov 17:11:26 434 - Page URL:: https://i-car--qa.sandbox.lightning.force.com/one/one.app#eyjjb21wb25lbnrezwyioijmb3jjzvnlyxjjadpzzwfyy2hqywdlrgvza3rvccisimf0dhjpynv0zxmionsidgvybsi6iljdltm5mtc1myisinnjb3bltwfwijp7inr5cguioijut1bfukvtvuxuuyj9lcjjb250zxh0ijp7ikzjtfrfulmiont9lcjzzwfyy2htb3vyy2uioijbu1nju1rbtlrfrelbte9hiiwizglzywjszuludgvudff1zxj5ijpmywxzzswizglzywjszvnwzwxsq29ycmvjdglvbii6zmfsc2usinnlyxjjaerpywxvz1nlc3npb25jzci6ijc5njeymtq5ltnkzgytytcymi0xnmu4ltuxotq4owm1yjy0ziisimrlynvnsw5mbyi6eyjhchboyw1lijoisunbul9by2nvdw50iiwiyxbwvhlwzsi6iknvbnnvbguilcjhchboyw1lc3bhy2uioijjiiwibg9jyxrpb24ioijzzme6yw5hbhl0awnzsg9tzsisinnvymply3ruexblijoiumvwb3j0in19lcjncm91celkijoirevgqvvmvcj9lcjzdgf0zsi6e319</small> </font> </div>
<div class="test-event"> <font color="maroon"> <small> &emsp; &emsp;--- 05 Nov 17:11:26 434 - <b>0</b> - Page Load Wait: (Sync) - ICar.support.Utils.waitForPageLoad(Utils.java:109)</small> </font> </div>
<div class="test-event"> <font color="maroon"> <small> &emsp; &emsp;--- 05 Nov 17:11:31 854 - Catched spinner load exception due to Expected condition failed: waiting for ICar.support.WaitUtils$4@6c1f0658 (tried for 5 second(s) with 500 milliseconds interval)</small> </font> </div>
<div class="test-event"> <font color="maroon"> <small> &emsp; &emsp;--- 05 Nov 17:11:31 855 - <b>5</b> - Spinner Load Wait: (Sync) - ICar.support.WaitUtils.waitForSpinner(WaitUtils.java:225)</small> </font> </div>
<div class="test-event"> <font color="maroon"> <small> &emsp; &emsp;--- 05 Nov 17:11:32 217 - Page URL:: https://i-car--qa.sandbox.lightning.force.com/one/one.app#eyjjb21wb25lbnrezwyioijmb3jjzvnlyxjjadpzzwfyy2hqywdlrgvza3rvccisimf0dhjpynv0zxmionsidgvybsi6iljdltm5mtc1myisinnjb3bltwfwijp7inr5cguioijut1bfukvtvuxuuyj9lcjjb250zxh0ijp7ikzjtfrfulmiont9lcjzzwfyy2htb3vyy2uioijbu1nju1rbtlrfrelbte9hiiwizglzywjszuludgvudff1zxj5ijpmywxzzswizglzywjszvnwzwxsq29ycmvjdglvbii6zmfsc2usinnlyxjjaerpywxvz1nlc3npb25jzci6ijc5njeymtq5ltnkzgytytcymi0xnmu4ltuxotq4owm1yjy0ziisimrlynvnsw5mbyi6eyjhchboyw1lijoisunbul9by2nvdw50iiwiyxbwvhlwzsi6iknvbnnvbguilcjhchboyw1lc3bhy2uioijjiiwibg9jyxrpb24ioijzzme6yw5hbhl0awnzsg9tzsisinnvymply3ruexblijoiumvwb3j0in19lcjncm91celkijoirevgqvvmvcj9lcjzdgf0zsi6e319</small> </font> </div>
<div class="test-event"> <font color="maroon"> <small> &emsp; &emsp;--- 05 Nov 17:11:32 217 - <b>0</b> - Page Load Wait: (Sync) - ICar.support.Utils.waitForPageLoad(Utils.java:109)</small> </font> </div>
<div class="test-event"> <font color="maroon"> <small> &emsp; &emsp;--- 05 Nov 17:11:32 623 - Page URL:: https://i-car--qa.sandbox.lightning.force.com/one/one.app#eyjjb21wb25lbnrezwyioijmb3jjzvnlyxjjadpzzwfyy2hqywdlrgvza3rvccisimf0dhjpynv0zxmionsidgvybsi6iljdltm5mtc1myisinnjb3bltwfwijp7inr5cguioijut1bfukvtvuxuuyj9lcjjb250zxh0ijp7ikzjtfrfulmiont9lcjzzwfyy2htb3vyy2uioijbu1nju1rbtlrfrelbte9hiiwizglzywjszuludgvudff1zxj5ijpmywxzzswizglzywjszvnwzwxsq29ycmvjdglvbii6zmfsc2usinnlyxjjaerpywxvz1nlc3npb25jzci6ijc5njeymtq5ltnkzgytytcymi0xnmu4ltuxotq4owm1yjy0ziisimrlynvnsw5mbyi6eyjhchboyw1lijoisunbul9by2nvdw50iiwiyxbwvhlwzsi6iknvbnnvbguilcjhchboyw1lc3bhy2uioijjiiwibg9jyxrpb24ioijzzme6yw5hbhl0awnzsg9tzsisinnvymply3ruexblijoiumvwb3j0in19lcjncm91celkijoirevgqvvmvcj9lcjzdgf0zsi6e319</small> </font> </div>
<div class="test-event"> <font color="maroon"> <small> &emsp; &emsp;--- 05 Nov 17:11:32 623 - <b>0</b> - Page Load Wait: (Sync) - ICar.support.Utils.waitForPageLoad(Utils.java:109)</small> </font> </div>
<div class="test-event"> <font color="maroon"> <small> &emsp; &emsp;--- 05 Nov 17:11:33 019 - Page URL:: https://i-car--qa.sandbox.lightning.force.com/one/one.app#eyjjb21wb25lbnrezwyioijmb3jjzvnlyxjjadpzzwfyy2hqywdlrgvza3rvccisimf0dhjpynv0zxmionsidgvybsi6iljdltm5mtc1myisinnjb3bltwfwijp7inr5cguioijut1bfukvtvuxuuyj9lcjjb250zxh0ijp7ikzjtfrfulmiont9lcjzzwfyy2htb3vyy2uioijbu1nju1rbtlrfrelbte9hiiwizglzywjszuludgvudff1zxj5ijpmywxzzswizglzywjszvnwzwxsq29ycmvjdglvbii6zmfsc2usinnlyxjjaerpywxvz1nlc3npb25jzci6ijc5njeymtq5ltnkzgytytcymi0xnmu4ltuxotq4owm1yjy0ziisimrlynvnsw5mbyi6eyjhchboyw1lijoisunbul9by2nvdw50iiwiyxbwvhlwzsi6iknvbnnvbguilcjhchboyw1lc3bhy2uioijjiiwibg9jyxrpb24ioijzzme6yw5hbhl0awnzsg9tzsisinnvymply3ruexblijoiumvwb3j0in19lcjncm91celkijoirevgqvvmvcj9lcjzdgf0zsi6e319</small> </font> </div>
<div class="test-event"> <font color="maroon"> <small> &emsp; &emsp;--- 05 Nov 17:11:33 019 - <b>0</b> - Page Load Wait: (Sync) - ICar.support.Utils.waitForPageLoad(Utils.java:109)</small> </font> </div>
<div class="test-event"> <font color="maroon"> <small> &emsp; &emsp;--- 05 Nov 17:11:43 069 - Catched spinner load exception due to Expected condition failed: waiting for ICar.support.WaitUtils$4@6c1f0658 (tried for 10 second(s) with 500 milliseconds interval)</small> </font> </div>
<div class="test-event"> <font color="maroon"> <small> &emsp; &emsp;--- 05 Nov 17:11:43 069 - <b>10</b> - Spinner Load Wait: (Sync) - ICar.support.WaitUtils.waitForSpinner(WaitUtils.java:225)</small> </font> </div>
<div class="test-event"> <font color="maroon"> <small> &emsp; &emsp;--- 05 Nov 17:11:43 127 - Element is displayed:: [[ChromeDriver: chrome on WINDOWS (fb69c226ce9d4b8f687adff4c00e376e)] -> css selector: div.forceSearchResultsRegion div.resultsMultiWrapper >div > div table tbody th a]</small> </font> </div>
<div class="test-event"> <font color="maroon"> <small> &emsp; &emsp;--- 05 Nov 17:11:43 209 - Element is displayed:: [[ChromeDriver: chrome on WINDOWS (fb69c226ce9d4b8f687adff4c00e376e)] -> css selector: div.forceSearchResultsRegion div.resultsMultiWrapper >div > div table tbody th a]</small> </font> </div>
<div class="test-event"> <font color="maroon"> <small> &emsp; &emsp;--- 05 Nov 17:11:48 510 - Element is displayed:: [[ChromeDriver: chrome on WINDOWS (fb69c226ce9d4b8f687adff4c00e376e)] -> xpath: (//span[@title='Approval History']//following :: div//a)[1]]</small> </font> </div>
<div class="test-result"><font color="red">&emsp;Failed to verify the action options</font><a href=".\ScreenShot\DVY258_TC02_23494588237900.png" target="_blank" >[ScreenShot]</a></div>
<!--FAILSOFT-->
<div class="test-event"> <font color="maroon"> <small> &emsp; &emsp;--- 05 Nov 17:12:01 317 - Page URL:: https://i-car--qa.sandbox.lightning.force.com/lightning/r/refund_credit_request__c/a3jva000000w65vyas/view</small> </font> </div>
<div class="test-event"> <font color="maroon"> <small> &emsp; &emsp;--- 05 Nov 17:12:01 317 - <b>0</b> - Page Load Wait: (Sync) - ICar.support.Utils.waitForPageLoad(Utils.java:109)</small> </font> </div>
<div class="test-event"> <font color="maroon"> <small> &emsp; &emsp;--- 05 Nov 17:12:14 511 - Element is displayed:: [[ChromeDriver: chrome on WINDOWS (fb69c226ce9d4b8f687adff4c00e376e)] -> xpath: (//span[@title='Approval History']//following :: div//a)[1]]</small> </font> </div>
<!--FAIL-->
<div class="test-result"><br><font color="red"><strong> no such element: Unable to locate element: {"method":"xpath","selector":"//a[@title='Approve']"} </strong></font> <a href=".\ScreenShot\DVY258_TC02_23511130447700.png" target="_blank" >[ScreenShot]</a></div>&emsp;
&emsp;<div class="test-title"> <strong><font size = "3" color = "#0000FF">---Test Execution Ends---</font> </strong> </div>&emsp;]]>
    </system-out>
  </testcase> <!-- DVY258_TC02 -->
  <system-out>
    <![CDATA[<div class="test-event"> <font color="maroon"> <small> &emsp; &emsp;--- 05 Nov 17:06:53 607 - TestCaseID:: DVY258_TC02</small> </font> </div>
<div class="test-event"> <font color="maroon"> <small> &emsp; &emsp;--- 05 Nov 17:06:56 570 - <b>3</b> - Driver::initialize::Get - ICar.support.WebDriverFactory.getDriver(WebDriverFactory.java:640)</small> </font> </div>
<div class="test-event"> <font color="maroon"> <small> &emsp; &emsp;--- 05 Nov 17:07:09 789 - Page URL:: data:,</small> </font> </div>
<div class="test-event"> <font color="maroon"> <small> &emsp; &emsp;--- 05 Nov 17:07:09 789 - <b>0</b> - Page Load Wait: (Sync) - ICar.support.Utils.waitForPageLoad(Utils.java:109)</small> </font> </div>
&emsp;<div class="test-title"> <strong><font size = "3" color = "#000080">Successful refund request processed for a learning plan, course to be unenrolled for the individual</font> </strong> </div>&emsp;<div><strong>Steps:</strong></div><!-- Report -->&emsp;
<div class="test-event"> <font color="maroon"> <small> &emsp; &emsp;--- 05 Nov 17:07:13 585 - Page URL:: https://i-car--qa.sandbox.my.salesforce.com/</small> </font> </div>
<div class="test-event"> <font color="maroon"> <small> &emsp; &emsp;--- 05 Nov 17:07:13 585 - <b>0</b> - Page Load Wait: (Sync) - ICar.support.Utils.waitForPageLoad(Utils.java:109)</small> </font> </div>
<div class="test-message">&emsp;Successfully navigated to 'Login' Page&emsp;<a href=".\ScreenShot\DVY258_TC02_23207174183000.png" target="_blank" >[ScreenShot]</a></div>
<div class="test-message">&emsp; Login page is launched.</div>
<div class="test-event"> <font color="maroon"> <small> &emsp; &emsp;--- 05 Nov 17:07:14 044 - Element is displayed:: [[ChromeDriver: chrome on WINDOWS (fb69c226ce9d4b8f687adff4c00e376e)] -> id: username]</small> </font> </div>
<div class="test-event"> <font color="maroon"> <small> &emsp; &emsp;--- 05 Nov 17:07:14 151 - Element is displayed:: [[ChromeDriver: chrome on WINDOWS (fb69c226ce9d4b8f687adff4c00e376e)] -> id: username]</small> </font> </div>
<div class="test-event"> <font color="maroon"> <small> &emsp; &emsp;--- 05 Nov 17:07:14 877 - Element is displayed:: [[ChromeDriver: chrome on WINDOWS (fb69c226ce9d4b8f687adff4c00e376e)] -> id: password]</small> </font> </div>
<div class="test-event"> <font color="maroon"> <small> &emsp; &emsp;--- 05 Nov 17:07:15 159 - Element is displayed:: [[ChromeDriver: chrome on WINDOWS (fb69c226ce9d4b8f687adff4c00e376e)] -> id: Login]</small> </font> </div>
<div class="test-event"> <font color="maroon"> <small> &emsp; &emsp;--- 05 Nov 17:07:35 943 - Catched spinner load exception due to Expected condition failed: waiting for ICar.support.WaitUtils$4@6c1f0658 (tried for 13 second(s) with 500 milliseconds interval)</small> </font> </div>
<div class="test-event"> <font color="maroon"> <small> &emsp; &emsp;--- 05 Nov 17:07:35 944 - <b>13</b> - Spinner Load Wait: (Sync) - ICar.support.WaitUtils.waitForSpinner(WaitUtils.java:225)</small> </font> </div>
<div class="test-event"> <font color="maroon"> <small> &emsp; &emsp;--- 05 Nov 17:07:54 710 - Catched spinner load exception due to Expected condition failed: waiting for ICar.support.WaitUtils$4@6c1f0658 (tried for 6 second(s) with 500 milliseconds interval)</small> </font> </div>
<div class="test-event"> <font color="maroon"> <small> &emsp; &emsp;--- 05 Nov 17:07:54 710 - <b>6</b> - Spinner Load Wait: (Sync) - ICar.support.WaitUtils.waitForSpinner(WaitUtils.java:225)</small> </font> </div>
<div class="test-event"> <font color="maroon"> <small> &emsp; &emsp;--- 05 Nov 17:07:54 819 - Element is displayed:: [[ChromeDriver: chrome on WINDOWS (fb69c226ce9d4b8f687adff4c00e376e)] -> css selector: button[class*='search-button']]</small> </font> </div>
<div class="test-message">&emsp; Navigate to 'SalesForce Page'</div>
<div class="test-event"> <font color="maroon"> <small> &emsp; &emsp;--- 05 Nov 17:07:54 986 - Page URL:: https://i-car--qa.sandbox.lightning.force.com/lightning/o/account/list?filtername=__recent</small> </font> </div>
<div class="test-event"> <font color="maroon"> <small> &emsp; &emsp;--- 05 Nov 17:07:54 986 - <b>0</b> - Page Load Wait: (Sync) - ICar.support.Utils.waitForPageLoad(Utils.java:109)</small> </font> </div>
<div class="test-event"> <font color="maroon"> <small> &emsp; &emsp;--- 05 Nov 17:08:00 260 - Page URL:: https://i-car--qa.sandbox.lightning.force.com/lightning/o/account/list?filtername=__recent</small> </font> </div>
<div class="test-event"> <font color="maroon"> <small> &emsp; &emsp;--- 05 Nov 17:08:00 260 - <b>0</b> - Page Load Wait: (Sync) - ICar.support.Utils.waitForPageLoad(Utils.java:109)</small> </font> </div>
<div class="test-message">&emsp;Close the tab</div>
<div class="test-message">&emsp;Successfully navigated to 'SalesForce Page&emsp;<a href=".\ScreenShot\DVY258_TC02_23259043317600.png" target="_blank" >[ScreenShot]</a></div>
<div class="test-event"> <font color="maroon"> <small> &emsp; &emsp;--- 05 Nov 17:08:11 804 - Page URL:: https://i-car--qa.sandbox.lightning.force.com/lightning/o/account/list?filtername=__recent</small> </font> </div>
<div class="test-event"> <font color="maroon"> <small> &emsp; &emsp;--- 05 Nov 17:08:11 804 - <b>0</b> - Page Load Wait: (Sync) - ICar.support.Utils.waitForPageLoad(Utils.java:109)</small> </font> </div>
<div class="test-event"> <font color="maroon"> <small> &emsp; &emsp;--- 05 Nov 17:08:12 030 - Page URL:: https://i-car--qa.sandbox.lightning.force.com/lightning/o/account/list?filtername=__recent</small> </font> </div>
<div class="test-event"> <font color="maroon"> <small> &emsp; &emsp;--- 05 Nov 17:08:12 030 - <b>0</b> - Page Load Wait: (Sync) - ICar.support.Utils.waitForPageLoad(Utils.java:109)</small> </font> </div>
<div class="test-event"> <font color="maroon"> <small> &emsp; &emsp;--- 05 Nov 17:08:12 090 - Element is displayed:: [[ChromeDriver: chrome on WINDOWS (fb69c226ce9d4b8f687adff4c00e376e)] -> xpath: //ul[@class='slds-global-actions']//div[@class='setupGear']]</small> </font> </div>
<div class="test-event"> <font color="maroon"> <small> &emsp; &emsp;--- 05 Nov 17:08:12 160 - Element is displayed:: [[ChromeDriver: chrome on WINDOWS (fb69c226ce9d4b8f687adff4c00e376e)] -> xpath: //ul[@class='slds-global-actions']//div[@class='setupGear']]</small> </font> </div>
<div class="test-event"> <font color="maroon"> <small> &emsp; &emsp;--- 05 Nov 17:08:15 754 - Page URL:: https://i-car--qa.sandbox.lightning.force.com/lightning/o/account/list?filtername=__recent</small> </font> </div>
<div class="test-event"> <font color="maroon"> <small> &emsp; &emsp;--- 05 Nov 17:08:15 755 - <b>0</b> - Page Load Wait: (Sync) - ICar.support.Utils.waitForPageLoad(Utils.java:109)</small> </font> </div>
<div class="test-event"> <font color="maroon"> <small> &emsp; &emsp;--- 05 Nov 17:08:18 931 - Catched spinner load exception due to Expected condition failed: waiting for ICar.support.WaitUtils$4@6c1f0658 (tried for 3 second(s) with 500 milliseconds interval)</small> </font> </div>
<div class="test-event"> <font color="maroon"> <small> &emsp; &emsp;--- 05 Nov 17:08:18 935 - <b>3</b> - Spinner Load Wait: (Sync) - ICar.support.WaitUtils.waitForSpinner(WaitUtils.java:225)</small> </font> </div>
<div class="test-event"> <font color="maroon"> <small> &emsp; &emsp;--- 05 Nov 17:08:19 348 - Page URL:: https://i-car--qa.sandbox.lightning.force.com/lightning/o/account/list?filtername=__recent</small> </font> </div>
<div class="test-event"> <font color="maroon"> <small> &emsp; &emsp;--- 05 Nov 17:08:19 354 - <b>0</b> - Page Load Wait: (Sync) - ICar.support.Utils.waitForPageLoad(Utils.java:109)</small> </font> </div>
<div class="test-event"> <font color="maroon"> <small> &emsp; &emsp;--- 05 Nov 17:08:19 830 - Page URL:: https://i-car--qa.sandbox.my.salesforce-setup.com/lightning/setup/setuponehome/home?setupdomainprobepassed=true</small> </font> </div>
<div class="test-event"> <font color="maroon"> <small> &emsp; &emsp;--- 05 Nov 17:08:19 830 - <b>0</b> - Page Load Wait: (Sync) - ICar.support.Utils.waitForPageLoad(Utils.java:109)</small> </font> </div>
<div class="test-event"> <font color="maroon"> <small> &emsp; &emsp;--- 05 Nov 17:08:25 008 - Page URL:: https://i-car--qa.sandbox.my.salesforce-setup.com/lightning/setup/setuponehome/home</small> </font> </div>
<div class="test-event"> <font color="maroon"> <small> &emsp; &emsp;--- 05 Nov 17:08:25 008 - <b>0</b> - Page Load Wait: (Sync) - ICar.support.Utils.waitForPageLoad(Utils.java:109)</small> </font> </div>
<div class="test-message">&emsp;Close the tab</div>
<div class="test-event"> <font color="maroon"> <small> &emsp; &emsp;--- 05 Nov 17:08:30 303 - Page URL:: https://i-car--qa.sandbox.my.salesforce-setup.com/lightning/setup/setuponehome/home</small> </font> </div>
<div class="test-event"> <font color="maroon"> <small> &emsp; &emsp;--- 05 Nov 17:08:30 303 - <b>0</b> - Page Load Wait: (Sync) - ICar.support.Utils.waitForPageLoad(Utils.java:109)</small> </font> </div>
<div class="test-event"> <font color="maroon"> <small> &emsp; &emsp;--- 05 Nov 17:08:41 822 - Unable to find an element after 2 sec ==> Proxy element for: AjaxElementLocator 'By.cssSelector: button[class*='search-button']'</small> </font> </div>
<div class="test-event"> <font color="maroon"> <small> &emsp; &emsp;--- 05 Nov 17:08:43 954 - Catched spinner load exception due to Expected condition failed: waiting for ICar.support.WaitUtils$4@6c1f0658 (tried for 2 second(s) with 500 milliseconds interval)</small> </font> </div>
<div class="test-event"> <font color="maroon"> <small> &emsp; &emsp;--- 05 Nov 17:08:43 955 - <b>2</b> - Spinner Load Wait: (Sync) - ICar.support.WaitUtils.waitForSpinner(WaitUtils.java:225)</small> </font> </div>
<div class="test-event"> <font color="maroon"> <small> &emsp; &emsp;--- 05 Nov 17:08:47 088 - Page URL:: https://i-car--qa.sandbox.my.salesforce-setup.com/lightning/setup/setuponehome/home</small> </font> </div>
<div class="test-event"> <font color="maroon"> <small> &emsp; &emsp;--- 05 Nov 17:08:47 089 - <b>0</b> - Page Load Wait: (Sync) - ICar.support.Utils.waitForPageLoad(Utils.java:109)</small> </font> </div>
<div class="test-event"> <font color="maroon"> <small> &emsp; &emsp;--- 05 Nov 17:08:50 190 - Element is displayed:: [[ChromeDriver: chrome on WINDOWS (fb69c226ce9d4b8f687adff4c00e376e)] -> css selector: div[class*='uiInput--default'] input]</small> </font> </div>
<div class="test-event"> <font color="maroon"> <small> &emsp; &emsp;--- 05 Nov 17:09:06 689 - Catched spinner load exception due to Expected condition failed: waiting for ICar.support.WaitUtils$4@6c1f0658 (tried for 10 second(s) with 500 milliseconds interval)</small> </font> </div>
<div class="test-event"> <font color="maroon"> <small> &emsp; &emsp;--- 05 Nov 17:09:06 689 - <b>10</b> - Spinner Load Wait: (Sync) - ICar.support.WaitUtils.waitForSpinner(WaitUtils.java:225)</small> </font> </div>
<div class="test-event"> <font color="maroon"> <small> &emsp; &emsp;--- 05 Nov 17:09:06 908 - Page URL:: https://i-car--qa.sandbox.my.salesforce-setup.com/one/one.app#eyjjb21wb25lbnrezwyioijmb3jjzvnlyxjjadpzzwfyy2gilcjhdhryawj1dgvzijp7inrlcm0ioijwyxvsigrhdmlziiwic2nvcgvnyxaionsibgfizwxqbhvyywwioijtzxr1ccisim5hbwvzcgfjzsi6ilnldhvwiiwidhlwzsi6ilrpuf9srvnvtfrtin0simnvbnrlehqionsizglzywjszvnwzwxsq29ycmvjdglvbii6zmfsc2usimrpc2fibgvjbnrlbnrrdwvyesi6zmfsc2usinnlyxjjafnvdxjjzsi6ikloufvux0rfu0tut1aifswiz3jvdxbjzci6ikrfrkfvtfqifswic3rhdguiont9fq%3d%3d</small> </font> </div>
<div class="test-event"> <font color="maroon"> <small> &emsp; &emsp;--- 05 Nov 17:09:06 909 - <b>0</b> - Page Load Wait: (Sync) - ICar.support.Utils.waitForPageLoad(Utils.java:109)</small> </font> </div>
<div class="test-event"> <font color="maroon"> <small> &emsp; &emsp;--- 05 Nov 17:09:17 929 - Catched spinner load exception due to Expected condition failed: waiting for ICar.support.WaitUtils$4@6c1f0658 (tried for 11 second(s) with 500 milliseconds interval)</small> </font> </div>
<div class="test-event"> <font color="maroon"> <small> &emsp; &emsp;--- 05 Nov 17:09:17 929 - <b>11</b> - Spinner Load Wait: (Sync) - ICar.support.WaitUtils.waitForSpinner(WaitUtils.java:225)</small> </font> </div>
<div class="test-event"> <font color="maroon"> <small> &emsp; &emsp;--- 05 Nov 17:09:18 155 - Page URL:: https://i-car--qa.sandbox.my.salesforce-setup.com/one/one.app#eyjjb21wb25lbnrezwyioijmb3jjzvnlyxjjadpzzwfyy2gilcjhdhryawj1dgvzijp7inrlcm0ioijwyxvsigrhdmlziiwic2nvcgvnyxaionsibgfizwxqbhvyywwioijtzxr1ccisim5hbwvzcgfjzsi6ilnldhvwiiwidhlwzsi6ilrpuf9srvnvtfrtin0simnvbnrlehqionsizglzywjszvnwzwxsq29ycmvjdglvbii6zmfsc2usimrpc2fibgvjbnrlbnrrdwvyesi6zmfsc2usinnlyxjjafnvdxjjzsi6ikloufvux0rfu0tut1aifswiz3jvdxbjzci6ikrfrkfvtfqifswic3rhdguiont9fq%3d%3d</small> </font> </div>
<div class="test-event"> <font color="maroon"> <small> &emsp; &emsp;--- 05 Nov 17:09:18 155 - <b>0</b> - Page Load Wait: (Sync) - ICar.support.Utils.waitForPageLoad(Utils.java:109)</small> </font> </div>
<div class="test-event"> <font color="maroon"> <small> &emsp; &emsp;--- 05 Nov 17:09:18 206 - Element is displayed:: [[ChromeDriver: chrome on WINDOWS (fb69c226ce9d4b8f687adff4c00e376e)] -> xpath: //a[@title='Top Results']//span[text()='Top Results']]</small> </font> </div>
<div class="test-event"> <font color="maroon"> <small> &emsp; &emsp;--- 05 Nov 17:09:18 488 - Page URL:: https://i-car--qa.sandbox.my.salesforce-setup.com/one/one.app#eyjjb21wb25lbnrezwyioijmb3jjzvnlyxjjadpzzwfyy2gilcjhdhryawj1dgvzijp7inrlcm0ioijwyxvsigrhdmlziiwic2nvcgvnyxaionsibgfizwxqbhvyywwioijtzxr1ccisim5hbwvzcgfjzsi6ilnldhvwiiwidhlwzsi6ilrpuf9srvnvtfrtin0simnvbnrlehqionsizglzywjszvnwzwxsq29ycmvjdglvbii6zmfsc2usimrpc2fibgvjbnrlbnrrdwvyesi6zmfsc2usinnlyxjjafnvdxjjzsi6ikloufvux0rfu0tut1aifswiz3jvdxbjzci6ikrfrkfvtfqifswic3rhdguiont9fq%3d%3d</small> </font> </div>
<div class="test-event"> <font color="maroon"> <small> &emsp; &emsp;--- 05 Nov 17:09:18 489 - <b>0</b> - Page Load Wait: (Sync) - ICar.support.Utils.waitForPageLoad(Utils.java:109)</small> </font> </div>
<div class="test-event"> <font color="maroon"> <small> &emsp; &emsp;--- 05 Nov 17:09:23 765 - Catched spinner load exception due to Expected condition failed: waiting for ICar.support.WaitUtils$4@6c1f0658 (tried for 5 second(s) with 500 milliseconds interval)</small> </font> </div>
<div class="test-event"> <font color="maroon"> <small> &emsp; &emsp;--- 05 Nov 17:09:23 765 - <b>5</b> - Spinner Load Wait: (Sync) - ICar.support.WaitUtils.waitForSpinner(WaitUtils.java:225)</small> </font> </div>
<div class="test-event"> <font color="maroon"> <small> &emsp; &emsp;--- 05 Nov 17:09:23 994 - Page URL:: https://i-car--qa.sandbox.my.salesforce-setup.com/one/one.app#eyjjb21wb25lbnrezwyioijmb3jjzvnlyxjjadpzzwfyy2gilcjhdhryawj1dgvzijp7inrlcm0ioijwyxvsigrhdmlziiwic2nvcgvnyxaionsibgfizwxqbhvyywwioijtzxr1ccisim5hbwvzcgfjzsi6ilnldhvwiiwidhlwzsi6ilrpuf9srvnvtfrtin0simnvbnrlehqionsizglzywjszvnwzwxsq29ycmvjdglvbii6zmfsc2usimrpc2fibgvjbnrlbnrrdwvyesi6zmfsc2usinnlyxjjafnvdxjjzsi6ikloufvux0rfu0tut1aifswiz3jvdxbjzci6ikrfrkfvtfqifswic3rhdguiont9fq%3d%3d</small> </font> </div>
<div class="test-event"> <font color="maroon"> <small> &emsp; &emsp;--- 05 Nov 17:09:23 994 - <b>0</b> - Page Load Wait: (Sync) - ICar.support.Utils.waitForPageLoad(Utils.java:109)</small> </font> </div>
<div class="test-event"> <font color="maroon"> <small> &emsp; &emsp;--- 05 Nov 17:09:24 172 - Page URL:: https://i-car--qa.sandbox.my.salesforce-setup.com/one/one.app#eyjjb21wb25lbnrezwyioijmb3jjzvnlyxjjadpzzwfyy2gilcjhdhryawj1dgvzijp7inrlcm0ioijwyxvsigrhdmlziiwic2nvcgvnyxaionsibgfizwxqbhvyywwioijtzxr1ccisim5hbwvzcgfjzsi6ilnldhvwiiwidhlwzsi6ilrpuf9srvnvtfrtin0simnvbnrlehqionsizglzywjszvnwzwxsq29ycmvjdglvbii6zmfsc2usimrpc2fibgvjbnrlbnrrdwvyesi6zmfsc2usinnlyxjjafnvdxjjzsi6ikloufvux0rfu0tut1aifswiz3jvdxbjzci6ikrfrkfvtfqifswic3rhdguiont9fq%3d%3d</small> </font> </div>
<div class="test-event"> <font color="maroon"> <small> &emsp; &emsp;--- 05 Nov 17:09:24 172 - <b>0</b> - Page Load Wait: (Sync) - ICar.support.Utils.waitForPageLoad(Utils.java:109)</small> </font> </div>
<div class="test-event"> <font color="maroon"> <small> &emsp; &emsp;--- 05 Nov 17:09:24 361 - Page URL:: https://i-car--qa.sandbox.my.salesforce-setup.com/one/one.app#eyjjb21wb25lbnrezwyioijmb3jjzvnlyxjjadpzzwfyy2gilcjhdhryawj1dgvzijp7inrlcm0ioijwyxvsigrhdmlziiwic2nvcgvnyxaionsibgfizwxqbhvyywwioijtzxr1ccisim5hbwvzcgfjzsi6ilnldhvwiiwidhlwzsi6ilrpuf9srvnvtfrtin0simnvbnrlehqionsizglzywjszvnwzwxsq29ycmvjdglvbii6zmfsc2usimrpc2fibgvjbnrlbnrrdwvyesi6zmfsc2usinnlyxjjafnvdxjjzsi6ikloufvux0rfu0tut1aifswiz3jvdxbjzci6ikrfrkfvtfqifswic3rhdguiont9fq%3d%3d</small> </font> </div>
<div class="test-event"> <font color="maroon"> <small> &emsp; &emsp;--- 05 Nov 17:09:24 362 - <b>0</b> - Page Load Wait: (Sync) - ICar.support.Utils.waitForPageLoad(Utils.java:109)</small> </font> </div>
<div class="test-event"> <font color="maroon"> <small> &emsp; &emsp;--- 05 Nov 17:09:49 746 - Catched spinner load exception due to Expected condition failed: waiting for ICar.support.WaitUtils$4@6c1f0658 (tried for 25 second(s) with 500 milliseconds interval)</small> </font> </div>
<div class="test-event"> <font color="maroon"> <small> &emsp; &emsp;--- 05 Nov 17:09:49 746 - <b>25</b> - Spinner Load Wait: (Sync) - ICar.support.WaitUtils.waitForSpinner(WaitUtils.java:225)</small> </font> </div>
<div class="test-event"> <font color="maroon"> <small> &emsp; &emsp;--- 05 Nov 17:09:49 927 - Page URL:: https://i-car--qa.sandbox.my.salesforce-setup.com/one/one.app#eyjjb21wb25lbnrezwyioijmb3jjzvnlyxjjadpzzwfyy2gilcjhdhryawj1dgvzijp7inrlcm0ioijwyxvsigrhdmlziiwic2nvcgvnyxaionsibgfizwxqbhvyywwioijtzxr1ccisim5hbwvzcgfjzsi6ilnldhvwiiwidhlwzsi6ilrpuf9srvnvtfrtin0simnvbnrlehqionsizglzywjszvnwzwxsq29ycmvjdglvbii6zmfsc2usimrpc2fibgvjbnrlbnrrdwvyesi6zmfsc2usinnlyxjjafnvdxjjzsi6ikloufvux0rfu0tut1aifswiz3jvdxbjzci6ikrfrkfvtfqifswic3rhdguiont9fq%3d%3d</small> </font> </div>
<div class="test-event"> <font color="maroon"> <small> &emsp; &emsp;--- 05 Nov 17:09:49 928 - <b>0</b> - Page Load Wait: (Sync) - ICar.support.Utils.waitForPageLoad(Utils.java:109)</small> </font> </div>
<div class="test-event"> <font color="maroon"> <small> &emsp; &emsp;--- 05 Nov 17:09:49 959 - Element is displayed:: [[ChromeDriver: chrome on WINDOWS (fb69c226ce9d4b8f687adff4c00e376e)] -> css selector: div.forceSearchResultsRegion  div.resultsMultiWrapper >div > div table tbody td a]</small> </font> </div>
<div class="test-event"> <font color="maroon"> <small> &emsp; &emsp;--- 05 Nov 17:09:50 030 - Element is displayed:: [[ChromeDriver: chrome on WINDOWS (fb69c226ce9d4b8f687adff4c00e376e)] -> css selector: div.forceSearchResultsRegion  div.resultsMultiWrapper >div > div table tbody td a]</small> </font> </div>
<div class="test-event"> <font color="maroon"> <small> &emsp; &emsp;--- 05 Nov 17:09:50 360 - Page URL:: https://i-car--qa.sandbox.my.salesforce-setup.com/one/one.app#eyjjb21wb25lbnrezwyioijmb3jjzvnlyxjjadpzzwfyy2gilcjhdhryawj1dgvzijp7inrlcm0ioijwyxvsigrhdmlziiwic2nvcgvnyxaionsibgfizwxqbhvyywwioijtzxr1ccisim5hbwvzcgfjzsi6ilnldhvwiiwidhlwzsi6ilrpuf9srvnvtfrtin0simnvbnrlehqionsizglzywjszvnwzwxsq29ycmvjdglvbii6zmfsc2usimrpc2fibgvjbnrlbnrrdwvyesi6zmfsc2usinnlyxjjafnvdxjjzsi6ikloufvux0rfu0tut1aifswiz3jvdxbjzci6ikrfrkfvtfqifswic3rhdguiont9fq%3d%3d</small> </font> </div>
<div class="test-event"> <font color="maroon"> <small> &emsp; &emsp;--- 05 Nov 17:09:50 361 - <b>0</b> - Page Load Wait: (Sync) - ICar.support.Utils.waitForPageLoad(Utils.java:109)</small> </font> </div>
<div class="test-event"> <font color="maroon"> <small> &emsp; &emsp;--- 05 Nov 17:10:10 565 - Catched spinner load exception due to Expected condition failed: waiting for ICar.support.WaitUtils$4@6c1f0658 (tried for 20 second(s) with 500 milliseconds interval)</small> </font> </div>
<div class="test-event"> <font color="maroon"> <small> &emsp; &emsp;--- 05 Nov 17:10:10 566 - <b>20</b> - Spinner Load Wait: (Sync) - ICar.support.WaitUtils.waitForSpinner(WaitUtils.java:225)</small> </font> </div>
<div class="test-event"> <font color="maroon"> <small> &emsp; &emsp;--- 05 Nov 17:10:10 720 - Page URL:: https://i-car--qa.sandbox.my.salesforce-setup.com/lightning/setup/manageusers/page?address=%2f0051i000001ojoyqam%3fnoredirect%3d1%26isuserentityoverride%3d1%26returl%3d%252fsetup%252fhome</small> </font> </div>
<div class="test-event"> <font color="maroon"> <small> &emsp; &emsp;--- 05 Nov 17:10:10 720 - <b>0</b> - Page Load Wait: (Sync) - ICar.support.Utils.waitForPageLoad(Utils.java:109)</small> </font> </div>
<div class="test-event"> <font color="maroon"> <small> &emsp; &emsp;--- 05 Nov 17:10:10 849 - Page URL:: https://i-car--qa.sandbox.my.salesforce-setup.com/lightning/setup/manageusers/page?address=%2f0051i000001ojoyqam%3fnoredirect%3d1%26isuserentityoverride%3d1%26returl%3d%252fsetup%252fhome</small> </font> </div>
<div class="test-event"> <font color="maroon"> <small> &emsp; &emsp;--- 05 Nov 17:10:10 849 - <b>0</b> - Page Load Wait: (Sync) - ICar.support.Utils.waitForPageLoad(Utils.java:109)</small> </font> </div>
<div class="test-event"> <font color="maroon"> <small> &emsp; &emsp;--- 05 Nov 17:10:14 989 - Element is displayed:: [[ChromeDriver: chrome on WINDOWS (fb69c226ce9d4b8f687adff4c00e376e)] -> css selector: input[title='Login']]</small> </font> </div>
<div class="test-message">&emsp; Login as accounting manager paul davis</div>
<div class="test-event"> <font color="maroon"> <small> &emsp; &emsp;--- 05 Nov 17:10:27 430 - Page URL:: https://i-car--qa.sandbox.lightning.force.com/lightning/o/report/home?queryscope=favoriteitems</small> </font> </div>
<div class="test-event"> <font color="maroon"> <small> &emsp; &emsp;--- 05 Nov 17:10:27 430 - <b>0</b> - Page Load Wait: (Sync) - ICar.support.Utils.waitForPageLoad(Utils.java:109)</small> </font> </div>
<div class="test-event"> <font color="maroon"> <small> &emsp; &emsp;--- 05 Nov 17:10:32 638 - Page URL:: https://i-car--qa.sandbox.lightning.force.com/lightning/o/report/home?queryscope=favoriteitems</small> </font> </div>
<div class="test-event"> <font color="maroon"> <small> &emsp; &emsp;--- 05 Nov 17:10:32 638 - <b>0</b> - Page Load Wait: (Sync) - ICar.support.Utils.waitForPageLoad(Utils.java:109)</small> </font> </div>
<div class="test-message">&emsp;Close the tab</div>
<div class="test-message">&emsp; Search request number RC-391753</div>
<div class="test-event"> <font color="maroon"> <small> &emsp; &emsp;--- 05 Nov 17:10:38 114 - Page URL:: https://i-car--qa.sandbox.lightning.force.com/lightning/o/report/home?queryscope=favoriteitems</small> </font> </div>
<div class="test-event"> <font color="maroon"> <small> &emsp; &emsp;--- 05 Nov 17:10:38 114 - <b>0</b> - Page Load Wait: (Sync) - ICar.support.Utils.waitForPageLoad(Utils.java:109)</small> </font> </div>
<div class="test-event"> <font color="maroon"> <small> &emsp; &emsp;--- 05 Nov 17:10:43 430 - Page URL:: https://i-car--qa.sandbox.lightning.force.com/lightning/o/report/home?queryscope=favoriteitems</small> </font> </div>
<div class="test-event"> <font color="maroon"> <small> &emsp; &emsp;--- 05 Nov 17:10:43 430 - <b>0</b> - Page Load Wait: (Sync) - ICar.support.Utils.waitForPageLoad(Utils.java:109)</small> </font> </div>
<div class="test-message">&emsp;Close the tab</div>
<div class="test-event"> <font color="maroon"> <small> &emsp; &emsp;--- 05 Nov 17:10:48 704 - Page URL:: https://i-car--qa.sandbox.lightning.force.com/lightning/o/report/home?queryscope=favoriteitems</small> </font> </div>
<div class="test-event"> <font color="maroon"> <small> &emsp; &emsp;--- 05 Nov 17:10:48 704 - <b>0</b> - Page Load Wait: (Sync) - ICar.support.Utils.waitForPageLoad(Utils.java:109)</small> </font> </div>
<div class="test-event"> <font color="maroon"> <small> &emsp; &emsp;--- 05 Nov 17:10:48 753 - Element is displayed:: [[ChromeDriver: chrome on WINDOWS (fb69c226ce9d4b8f687adff4c00e376e)] -> css selector: button[class*='search-button']]</small> </font> </div>
<div class="test-event"> <font color="maroon"> <small> &emsp; &emsp;--- 05 Nov 17:10:50 985 - Catched spinner load exception due to Expected condition failed: waiting for ICar.support.WaitUtils$4@6c1f0658 (tried for 2 second(s) with 500 milliseconds interval)</small> </font> </div>
<div class="test-event"> <font color="maroon"> <small> &emsp; &emsp;--- 05 Nov 17:10:50 986 - <b>2</b> - Spinner Load Wait: (Sync) - ICar.support.WaitUtils.waitForSpinner(WaitUtils.java:225)</small> </font> </div>
<div class="test-event"> <font color="maroon"> <small> &emsp; &emsp;--- 05 Nov 17:10:54 061 - Element is displayed:: [[ChromeDriver: chrome on WINDOWS (fb69c226ce9d4b8f687adff4c00e376e)] -> css selector: button[class*='search-button']]</small> </font> </div>
<div class="test-event"> <font color="maroon"> <small> &emsp; &emsp;--- 05 Nov 17:10:54 499 - Page URL:: https://i-car--qa.sandbox.lightning.force.com/lightning/o/report/home?queryscope=favoriteitems</small> </font> </div>
<div class="test-event"> <font color="maroon"> <small> &emsp; &emsp;--- 05 Nov 17:10:54 499 - <b>0</b> - Page Load Wait: (Sync) - ICar.support.Utils.waitForPageLoad(Utils.java:109)</small> </font> </div>
<div class="test-event"> <font color="maroon"> <small> &emsp; &emsp;--- 05 Nov 17:11:13 972 - Catched spinner load exception due to Expected condition failed: waiting for ICar.support.WaitUtils$4@6c1f0658 (tried for 10 second(s) with 500 milliseconds interval)</small> </font> </div>
<div class="test-event"> <font color="maroon"> <small> &emsp; &emsp;--- 05 Nov 17:11:13 972 - <b>10</b> - Spinner Load Wait: (Sync) - ICar.support.WaitUtils.waitForSpinner(WaitUtils.java:225)</small> </font> </div>
<div class="test-event"> <font color="maroon"> <small> &emsp; &emsp;--- 05 Nov 17:11:14 474 - Page URL:: https://i-car--qa.sandbox.lightning.force.com/one/one.app#eyjjb21wb25lbnrezwyioijmb3jjzvnlyxjjadpzzwfyy2hqywdlrgvza3rvccisimf0dhjpynv0zxmionsidgvybsi6iljdltm5mtc1myisinnjb3bltwfwijp7inr5cguioijut1bfukvtvuxuuyj9lcjjb250zxh0ijp7ikzjtfrfulmiont9lcjzzwfyy2htb3vyy2uioijbu1nju1rbtlrfrelbte9hiiwizglzywjszuludgvudff1zxj5ijpmywxzzswizglzywjszvnwzwxsq29ycmvjdglvbii6zmfsc2usinnlyxjjaerpywxvz1nlc3npb25jzci6ijc5njeymtq5ltnkzgytytcymi0xnmu4ltuxotq4owm1yjy0ziisimrlynvnsw5mbyi6eyjhchboyw1lijoisunbul9by2nvdw50iiwiyxbwvhlwzsi6iknvbnnvbguilcjhchboyw1lc3bhy2uioijjiiwibg9jyxrpb24ioijzzme6yw5hbhl0awnzsg9tzsisinnvymply3ruexblijoiumvwb3j0in19lcjncm91celkijoirevgqvvmvcj9lcjzdgf0zsi6e319</small> </font> </div>
<div class="test-event"> <font color="maroon"> <small> &emsp; &emsp;--- 05 Nov 17:11:14 476 - <b>0</b> - Page Load Wait: (Sync) - ICar.support.Utils.waitForPageLoad(Utils.java:109)</small> </font> </div>
<div class="test-event"> <font color="maroon"> <small> &emsp; &emsp;--- 05 Nov 17:11:25 539 - Catched spinner load exception due to Expected condition failed: waiting for ICar.support.WaitUtils$4@6c1f0658 (tried for 11 second(s) with 500 milliseconds interval)</small> </font> </div>
<div class="test-event"> <font color="maroon"> <small> &emsp; &emsp;--- 05 Nov 17:11:25 540 - <b>11</b> - Spinner Load Wait: (Sync) - ICar.support.WaitUtils.waitForSpinner(WaitUtils.java:225)</small> </font> </div>
<div class="test-event"> <font color="maroon"> <small> &emsp; &emsp;--- 05 Nov 17:11:25 992 - Page URL:: https://i-car--qa.sandbox.lightning.force.com/one/one.app#eyjjb21wb25lbnrezwyioijmb3jjzvnlyxjjadpzzwfyy2hqywdlrgvza3rvccisimf0dhjpynv0zxmionsidgvybsi6iljdltm5mtc1myisinnjb3bltwfwijp7inr5cguioijut1bfukvtvuxuuyj9lcjjb250zxh0ijp7ikzjtfrfulmiont9lcjzzwfyy2htb3vyy2uioijbu1nju1rbtlrfrelbte9hiiwizglzywjszuludgvudff1zxj5ijpmywxzzswizglzywjszvnwzwxsq29ycmvjdglvbii6zmfsc2usinnlyxjjaerpywxvz1nlc3npb25jzci6ijc5njeymtq5ltnkzgytytcymi0xnmu4ltuxotq4owm1yjy0ziisimrlynvnsw5mbyi6eyjhchboyw1lijoisunbul9by2nvdw50iiwiyxbwvhlwzsi6iknvbnnvbguilcjhchboyw1lc3bhy2uioijjiiwibg9jyxrpb24ioijzzme6yw5hbhl0awnzsg9tzsisinnvymply3ruexblijoiumvwb3j0in19lcjncm91celkijoirevgqvvmvcj9lcjzdgf0zsi6e319</small> </font> </div>
<div class="test-event"> <font color="maroon"> <small> &emsp; &emsp;--- 05 Nov 17:11:25 993 - <b>0</b> - Page Load Wait: (Sync) - ICar.support.Utils.waitForPageLoad(Utils.java:109)</small> </font> </div>
<div class="test-event"> <font color="maroon"> <small> &emsp; &emsp;--- 05 Nov 17:11:26 070 - Element is displayed:: [[ChromeDriver: chrome on WINDOWS (fb69c226ce9d4b8f687adff4c00e376e)] -> xpath: //a[@title='Top Results']//span[text()='Top Results']]</small> </font> </div>
<div class="test-event"> <font color="maroon"> <small> &emsp; &emsp;--- 05 Nov 17:11:26 434 - Page URL:: https://i-car--qa.sandbox.lightning.force.com/one/one.app#eyjjb21wb25lbnrezwyioijmb3jjzvnlyxjjadpzzwfyy2hqywdlrgvza3rvccisimf0dhjpynv0zxmionsidgvybsi6iljdltm5mtc1myisinnjb3bltwfwijp7inr5cguioijut1bfukvtvuxuuyj9lcjjb250zxh0ijp7ikzjtfrfulmiont9lcjzzwfyy2htb3vyy2uioijbu1nju1rbtlrfrelbte9hiiwizglzywjszuludgvudff1zxj5ijpmywxzzswizglzywjszvnwzwxsq29ycmvjdglvbii6zmfsc2usinnlyxjjaerpywxvz1nlc3npb25jzci6ijc5njeymtq5ltnkzgytytcymi0xnmu4ltuxotq4owm1yjy0ziisimrlynvnsw5mbyi6eyjhchboyw1lijoisunbul9by2nvdw50iiwiyxbwvhlwzsi6iknvbnnvbguilcjhchboyw1lc3bhy2uioijjiiwibg9jyxrpb24ioijzzme6yw5hbhl0awnzsg9tzsisinnvymply3ruexblijoiumvwb3j0in19lcjncm91celkijoirevgqvvmvcj9lcjzdgf0zsi6e319</small> </font> </div>
<div class="test-event"> <font color="maroon"> <small> &emsp; &emsp;--- 05 Nov 17:11:26 434 - <b>0</b> - Page Load Wait: (Sync) - ICar.support.Utils.waitForPageLoad(Utils.java:109)</small> </font> </div>
<div class="test-event"> <font color="maroon"> <small> &emsp; &emsp;--- 05 Nov 17:11:31 854 - Catched spinner load exception due to Expected condition failed: waiting for ICar.support.WaitUtils$4@6c1f0658 (tried for 5 second(s) with 500 milliseconds interval)</small> </font> </div>
<div class="test-event"> <font color="maroon"> <small> &emsp; &emsp;--- 05 Nov 17:11:31 855 - <b>5</b> - Spinner Load Wait: (Sync) - ICar.support.WaitUtils.waitForSpinner(WaitUtils.java:225)</small> </font> </div>
<div class="test-event"> <font color="maroon"> <small> &emsp; &emsp;--- 05 Nov 17:11:32 217 - Page URL:: https://i-car--qa.sandbox.lightning.force.com/one/one.app#eyjjb21wb25lbnrezwyioijmb3jjzvnlyxjjadpzzwfyy2hqywdlrgvza3rvccisimf0dhjpynv0zxmionsidgvybsi6iljdltm5mtc1myisinnjb3bltwfwijp7inr5cguioijut1bfukvtvuxuuyj9lcjjb250zxh0ijp7ikzjtfrfulmiont9lcjzzwfyy2htb3vyy2uioijbu1nju1rbtlrfrelbte9hiiwizglzywjszuludgvudff1zxj5ijpmywxzzswizglzywjszvnwzwxsq29ycmvjdglvbii6zmfsc2usinnlyxjjaerpywxvz1nlc3npb25jzci6ijc5njeymtq5ltnkzgytytcymi0xnmu4ltuxotq4owm1yjy0ziisimrlynvnsw5mbyi6eyjhchboyw1lijoisunbul9by2nvdw50iiwiyxbwvhlwzsi6iknvbnnvbguilcjhchboyw1lc3bhy2uioijjiiwibg9jyxrpb24ioijzzme6yw5hbhl0awnzsg9tzsisinnvymply3ruexblijoiumvwb3j0in19lcjncm91celkijoirevgqvvmvcj9lcjzdgf0zsi6e319</small> </font> </div>
<div class="test-event"> <font color="maroon"> <small> &emsp; &emsp;--- 05 Nov 17:11:32 217 - <b>0</b> - Page Load Wait: (Sync) - ICar.support.Utils.waitForPageLoad(Utils.java:109)</small> </font> </div>
<div class="test-event"> <font color="maroon"> <small> &emsp; &emsp;--- 05 Nov 17:11:32 623 - Page URL:: https://i-car--qa.sandbox.lightning.force.com/one/one.app#eyjjb21wb25lbnrezwyioijmb3jjzvnlyxjjadpzzwfyy2hqywdlrgvza3rvccisimf0dhjpynv0zxmionsidgvybsi6iljdltm5mtc1myisinnjb3bltwfwijp7inr5cguioijut1bfukvtvuxuuyj9lcjjb250zxh0ijp7ikzjtfrfulmiont9lcjzzwfyy2htb3vyy2uioijbu1nju1rbtlrfrelbte9hiiwizglzywjszuludgvudff1zxj5ijpmywxzzswizglzywjszvnwzwxsq29ycmvjdglvbii6zmfsc2usinnlyxjjaerpywxvz1nlc3npb25jzci6ijc5njeymtq5ltnkzgytytcymi0xnmu4ltuxotq4owm1yjy0ziisimrlynvnsw5mbyi6eyjhchboyw1lijoisunbul9by2nvdw50iiwiyxbwvhlwzsi6iknvbnnvbguilcjhchboyw1lc3bhy2uioijjiiwibg9jyxrpb24ioijzzme6yw5hbhl0awnzsg9tzsisinnvymply3ruexblijoiumvwb3j0in19lcjncm91celkijoirevgqvvmvcj9lcjzdgf0zsi6e319</small> </font> </div>
<div class="test-event"> <font color="maroon"> <small> &emsp; &emsp;--- 05 Nov 17:11:32 623 - <b>0</b> - Page Load Wait: (Sync) - ICar.support.Utils.waitForPageLoad(Utils.java:109)</small> </font> </div>
<div class="test-event"> <font color="maroon"> <small> &emsp; &emsp;--- 05 Nov 17:11:33 019 - Page URL:: https://i-car--qa.sandbox.lightning.force.com/one/one.app#eyjjb21wb25lbnrezwyioijmb3jjzvnlyxjjadpzzwfyy2hqywdlrgvza3rvccisimf0dhjpynv0zxmionsidgvybsi6iljdltm5mtc1myisinnjb3bltwfwijp7inr5cguioijut1bfukvtvuxuuyj9lcjjb250zxh0ijp7ikzjtfrfulmiont9lcjzzwfyy2htb3vyy2uioijbu1nju1rbtlrfrelbte9hiiwizglzywjszuludgvudff1zxj5ijpmywxzzswizglzywjszvnwzwxsq29ycmvjdglvbii6zmfsc2usinnlyxjjaerpywxvz1nlc3npb25jzci6ijc5njeymtq5ltnkzgytytcymi0xnmu4ltuxotq4owm1yjy0ziisimrlynvnsw5mbyi6eyjhchboyw1lijoisunbul9by2nvdw50iiwiyxbwvhlwzsi6iknvbnnvbguilcjhchboyw1lc3bhy2uioijjiiwibg9jyxrpb24ioijzzme6yw5hbhl0awnzsg9tzsisinnvymply3ruexblijoiumvwb3j0in19lcjncm91celkijoirevgqvvmvcj9lcjzdgf0zsi6e319</small> </font> </div>
<div class="test-event"> <font color="maroon"> <small> &emsp; &emsp;--- 05 Nov 17:11:33 019 - <b>0</b> - Page Load Wait: (Sync) - ICar.support.Utils.waitForPageLoad(Utils.java:109)</small> </font> </div>
<div class="test-event"> <font color="maroon"> <small> &emsp; &emsp;--- 05 Nov 17:11:43 069 - Catched spinner load exception due to Expected condition failed: waiting for ICar.support.WaitUtils$4@6c1f0658 (tried for 10 second(s) with 500 milliseconds interval)</small> </font> </div>
<div class="test-event"> <font color="maroon"> <small> &emsp; &emsp;--- 05 Nov 17:11:43 069 - <b>10</b> - Spinner Load Wait: (Sync) - ICar.support.WaitUtils.waitForSpinner(WaitUtils.java:225)</small> </font> </div>
<div class="test-event"> <font color="maroon"> <small> &emsp; &emsp;--- 05 Nov 17:11:43 127 - Element is displayed:: [[ChromeDriver: chrome on WINDOWS (fb69c226ce9d4b8f687adff4c00e376e)] -> css selector: div.forceSearchResultsRegion div.resultsMultiWrapper >div > div table tbody th a]</small> </font> </div>
<div class="test-event"> <font color="maroon"> <small> &emsp; &emsp;--- 05 Nov 17:11:43 209 - Element is displayed:: [[ChromeDriver: chrome on WINDOWS (fb69c226ce9d4b8f687adff4c00e376e)] -> css selector: div.forceSearchResultsRegion div.resultsMultiWrapper >div > div table tbody th a]</small> </font> </div>
<div class="test-event"> <font color="maroon"> <small> &emsp; &emsp;--- 05 Nov 17:11:48 510 - Element is displayed:: [[ChromeDriver: chrome on WINDOWS (fb69c226ce9d4b8f687adff4c00e376e)] -> xpath: (//span[@title='Approval History']//following :: div//a)[1]]</small> </font> </div>
<div class="test-result"><font color="red">&emsp;Failed to verify the action options</font><a href=".\ScreenShot\DVY258_TC02_23494588237900.png" target="_blank" >[ScreenShot]</a></div>
<!--FAILSOFT-->
<div class="test-event"> <font color="maroon"> <small> &emsp; &emsp;--- 05 Nov 17:12:01 317 - Page URL:: https://i-car--qa.sandbox.lightning.force.com/lightning/r/refund_credit_request__c/a3jva000000w65vyas/view</small> </font> </div>
<div class="test-event"> <font color="maroon"> <small> &emsp; &emsp;--- 05 Nov 17:12:01 317 - <b>0</b> - Page Load Wait: (Sync) - ICar.support.Utils.waitForPageLoad(Utils.java:109)</small> </font> </div>
<div class="test-event"> <font color="maroon"> <small> &emsp; &emsp;--- 05 Nov 17:12:14 511 - Element is displayed:: [[ChromeDriver: chrome on WINDOWS (fb69c226ce9d4b8f687adff4c00e376e)] -> xpath: (//span[@title='Approval History']//following :: div//a)[1]]</small> </font> </div>
<!--FAIL-->
<div class="test-result"><br><font color="red"><strong> no such element: Unable to locate element: {"method":"xpath","selector":"//a[@title='Approve']"} </strong></font> <a href=".\ScreenShot\DVY258_TC02_23511130447700.png" target="_blank" >[ScreenShot]</a></div>&emsp;
&emsp;<div class="test-title"> <strong><font size = "3" color = "#0000FF">---Test Execution Ends---</font> </strong> </div>&emsp;]]>
  </system-out>
</testsuite> <!-- CreditProcess.LearningPathTestScripts -->
