<?xml version="1.0" encoding="UTF-8"?>
<!-- Generated by org.testng.reporters.JUnitReportReporter -->
<testsuite hostname="aspire1763" failures="0" tests="1" name="Smoketestscripts.Productiontestscrpits" time="152.959" errors="0" timestamp="2024-09-24T14:41:16 IST" skipped="0">
  <testcase classname="Smoketestscripts.Productiontestscrpits" name="ProdSmoke_B2B_TC027" time="152.959">
    <system-out>
      <![CDATA[<div class="test-event"> <font color="maroon"> <small> &emsp; &emsp;--- 24 Sep 14:38:40 555 - TestCaseID:: ProdSmoke_B2B_TC027</small> </font> </div>
<div class="test-event"> <font color="maroon"> <small> &emsp; &emsp;--- 24 Sep 14:38:42 823 - <b>2</b> - Driver::initialize::Get - ICar.support.WebDriverFactory.getDriver(WebDriverFactory.java:640)</small> </font> </div>
<div class="test-event"> <font color="maroon"> <small> &emsp; &emsp;--- 24 Sep 14:38:54 964 - Page URL:: data:,</small> </font> </div>
<div class="test-event"> <font color="maroon"> <small> &emsp; &emsp;--- 24 Sep 14:38:54 964 - <b>0</b> - Page Load Wait: (Sync) - ICar.support.Utils.waitForPageLoad(Utils.java:109)</small> </font> </div>
&emsp;<div class="test-title"> <strong><font size = "3" color = "#000080">Verify 'Cases' Tab in App Launcher</font> </strong> </div>&emsp;<div><strong>Steps:</strong></div><!-- Report -->&emsp;
<div class="test-event"> <font color="maroon"> <small> &emsp; &emsp;--- 24 Sep 14:38:58 374 - Page URL:: https://i-car--staging.sandbox.my.salesforce.com/</small> </font> </div>
<div class="test-event"> <font color="maroon"> <small> &emsp; &emsp;--- 24 Sep 14:38:58 374 - <b>0</b> - Page Load Wait: (Sync) - ICar.support.Utils.waitForPageLoad(Utils.java:109)</small> </font> </div>
<div class="test-message">&emsp;Successfully navigated to 'Login' Page&emsp;<a href=".\ScreenShot\ProdSmoke_B2B_TC027_409760826983200.png" target="_blank" >[ScreenShot]</a></div>
<div class="test-message">&emsp;1. Login page is launched.</div>
<div class="test-event"> <font color="maroon"> <small> &emsp; &emsp;--- 24 Sep 14:38:58 703 - Element is displayed:: [[ChromeDriver: chrome on WINDOWS (16e9052e8f5645f7df4dbe5c998d0326)] -> id: username]</small> </font> </div>
<div class="test-event"> <font color="maroon"> <small> &emsp; &emsp;--- 24 Sep 14:38:58 787 - Element is displayed:: [[ChromeDriver: chrome on WINDOWS (16e9052e8f5645f7df4dbe5c998d0326)] -> id: username]</small> </font> </div>
<div class="test-event"> <font color="maroon"> <small> &emsp; &emsp;--- 24 Sep 14:38:59 679 - Element is displayed:: [[ChromeDriver: chrome on WINDOWS (16e9052e8f5645f7df4dbe5c998d0326)] -> id: password]</small> </font> </div>
<div class="test-event"> <font color="maroon"> <small> &emsp; &emsp;--- 24 Sep 14:38:59 906 - Element is displayed:: [[ChromeDriver: chrome on WINDOWS (16e9052e8f5645f7df4dbe5c998d0326)] -> id: Login]</small> </font> </div>
<div class="test-event"> <font color="maroon"> <small> &emsp; &emsp;--- 24 Sep 14:39:44 714 - Catched spinner load exception due to Expected condition failed: waiting for ICar.support.WaitUtils$4@2ef7b0d4 (tried for 13 second(s) with 500 milliseconds interval)</small> </font> </div>
<div class="test-event"> <font color="maroon"> <small> &emsp; &emsp;--- 24 Sep 14:39:44 714 - <b>13</b> - Spinner Load Wait: (Sync) - ICar.support.WaitUtils.waitForSpinner(WaitUtils.java:225)</small> </font> </div>
<div class="test-event"> <font color="maroon"> <small> &emsp; &emsp;--- 24 Sep 14:40:01 914 - Catched spinner load exception due to Expected condition failed: waiting for ICar.support.WaitUtils$4@2ef7b0d4 (tried for 6 second(s) with 500 milliseconds interval)</small> </font> </div>
<div class="test-event"> <font color="maroon"> <small> &emsp; &emsp;--- 24 Sep 14:40:01 914 - <b>6</b> - Spinner Load Wait: (Sync) - ICar.support.WaitUtils.waitForSpinner(WaitUtils.java:225)</small> </font> </div>
<div class="test-event"> <font color="maroon"> <small> &emsp; &emsp;--- 24 Sep 14:40:02 005 - Element is displayed:: [[ChromeDriver: chrome on WINDOWS (16e9052e8f5645f7df4dbe5c998d0326)] -> css selector: button[class*='search-button']]</small> </font> </div>
<div class="test-message">&emsp;2. Navigate to 'SalesForce Page'</div>
<div class="test-message">&emsp;Successfully navigated to 'Login' Page&emsp;<a href=".\ScreenShot\ProdSmoke_B2B_TC027_409824450966400.png" target="_blank" >[ScreenShot]</a></div>
<div class="test-message">&emsp;3. Enter the user credentials as : icaradminautomation1@i-car.com.staging</div>
<div class="test-event"> <font color="maroon"> <small> &emsp; &emsp;--- 24 Sep 14:40:02 428 - Page URL:: https://i-car--staging.sandbox.lightning.force.com/lightning/r/contact/0031i00000oedzsqaa/view</small> </font> </div>
<div class="test-event"> <font color="maroon"> <small> &emsp; &emsp;--- 24 Sep 14:40:02 429 - <b>0</b> - Page Load Wait: (Sync) - ICar.support.Utils.waitForPageLoad(Utils.java:109)</small> </font> </div>
<div class="test-event"> <font color="maroon"> <small> &emsp; &emsp;--- 24 Sep 14:40:07 489 - Element is displayed:: [[ChromeDriver: chrome on WINDOWS (16e9052e8f5645f7df4dbe5c998d0326)] -> xpath: //button[contains(@title,'Close ')]]</small> </font> </div>
<div class="test-event"> <font color="maroon"> <small> &emsp; &emsp;--- 24 Sep 14:40:17 752 - Unable to find an element after 10 sec ==> [[ChromeDriver: chrome on WINDOWS (16e9052e8f5645f7df4dbe5c998d0326)] -> xpath: //button[contains(@title,'Close ')]]</small> </font> </div>
<div class="test-event"> <font color="maroon"> <small> &emsp; &emsp;--- 24 Sep 14:40:23 008 - Unable to find a element after 5 sec ==> [[ChromeDriver: chrome on WINDOWS (16e9052e8f5645f7df4dbe5c998d0326)] -> css selector: button[title*='Close']]</small> </font> </div>
<div class="test-event"> <font color="maroon"> <small> &emsp; &emsp;--- 24 Sep 14:40:23 188 - Page URL:: https://i-car--staging.sandbox.lightning.force.com/lightning/r/contact/0031i00000oedzsqaa/view</small> </font> </div>
<div class="test-event"> <font color="maroon"> <small> &emsp; &emsp;--- 24 Sep 14:40:23 189 - <b>0</b> - Page Load Wait: (Sync) - ICar.support.Utils.waitForPageLoad(Utils.java:109)</small> </font> </div>
<div class="test-event"> <font color="maroon"> <small> &emsp; &emsp;--- 24 Sep 14:40:23 235 - Element is displayed:: [[ChromeDriver: chrome on WINDOWS (16e9052e8f5645f7df4dbe5c998d0326)] -> xpath: //button[contains(@title,'Close ')]]</small> </font> </div>
<div class="test-event"> <font color="maroon"> <small> &emsp; &emsp;--- 24 Sep 14:40:23 279 - Element is displayed:: [[ChromeDriver: chrome on WINDOWS (16e9052e8f5645f7df4dbe5c998d0326)] -> xpath: //button[contains(@title,'Close ')]]</small> </font> </div>
<div class="test-event"> <font color="maroon"> <small> &emsp; &emsp;--- 24 Sep 14:40:26 603 - Page URL:: https://i-car--staging.sandbox.lightning.force.com/lightning/r/contact/0031i00000oedzsqaa/view</small> </font> </div>
<div class="test-event"> <font color="maroon"> <small> &emsp; &emsp;--- 24 Sep 14:40:26 603 - <b>0</b> - Page Load Wait: (Sync) - ICar.support.Utils.waitForPageLoad(Utils.java:109)</small> </font> </div>
<div class="test-event"> <font color="maroon"> <small> &emsp; &emsp;--- 24 Sep 14:40:26 644 - Element is displayed:: [[ChromeDriver: chrome on WINDOWS (16e9052e8f5645f7df4dbe5c998d0326)] -> xpath: //button[contains(@title,'Close ')]]</small> </font> </div>
<div class="test-event"> <font color="maroon"> <small> &emsp; &emsp;--- 24 Sep 14:40:26 683 - Element is displayed:: [[ChromeDriver: chrome on WINDOWS (16e9052e8f5645f7df4dbe5c998d0326)] -> xpath: //button[contains(@title,'Close ')]]</small> </font> </div>
<div class="test-event"> <font color="maroon"> <small> &emsp; &emsp;--- 24 Sep 14:40:29 904 - Page URL:: https://i-car--staging.sandbox.lightning.force.com/lightning/r/contact/0031i00000oedzsqaa/view</small> </font> </div>
<div class="test-event"> <font color="maroon"> <small> &emsp; &emsp;--- 24 Sep 14:40:29 904 - <b>0</b> - Page Load Wait: (Sync) - ICar.support.Utils.waitForPageLoad(Utils.java:109)</small> </font> </div>
<div class="test-event"> <font color="maroon"> <small> &emsp; &emsp;--- 24 Sep 14:40:29 996 - Element is displayed:: [[ChromeDriver: chrome on WINDOWS (16e9052e8f5645f7df4dbe5c998d0326)] -> xpath: //button[contains(@title,'Close ')]]</small> </font> </div>
<div class="test-event"> <font color="maroon"> <small> &emsp; &emsp;--- 24 Sep 14:40:30 038 - Element is displayed:: [[ChromeDriver: chrome on WINDOWS (16e9052e8f5645f7df4dbe5c998d0326)] -> xpath: //button[contains(@title,'Close ')]]</small> </font> </div>
<div class="test-event"> <font color="maroon"> <small> &emsp; &emsp;--- 24 Sep 14:40:33 262 - Page URL:: https://i-car--staging.sandbox.lightning.force.com/lightning/r/contact/0031i00000oedzsqaa/view</small> </font> </div>
<div class="test-event"> <font color="maroon"> <small> &emsp; &emsp;--- 24 Sep 14:40:33 262 - <b>0</b> - Page Load Wait: (Sync) - ICar.support.Utils.waitForPageLoad(Utils.java:109)</small> </font> </div>
<div class="test-event"> <font color="maroon"> <small> &emsp; &emsp;--- 24 Sep 14:40:33 305 - Element is displayed:: [[ChromeDriver: chrome on WINDOWS (16e9052e8f5645f7df4dbe5c998d0326)] -> xpath: //button[contains(@title,'Close ')]]</small> </font> </div>
<div class="test-event"> <font color="maroon"> <small> &emsp; &emsp;--- 24 Sep 14:40:33 348 - Element is displayed:: [[ChromeDriver: chrome on WINDOWS (16e9052e8f5645f7df4dbe5c998d0326)] -> xpath: //button[contains(@title,'Close ')]]</small> </font> </div>
<div class="test-event"> <font color="maroon"> <small> &emsp; &emsp;--- 24 Sep 14:40:36 597 - Page URL:: https://i-car--staging.sandbox.lightning.force.com/lightning/r/account/0011i00000uwg67qae/related/gchistories__r/view?ws=%2flightning%2fr%2faccount%2f0011i00000uwg67qae%2fview</small> </font> </div>
<div class="test-event"> <font color="maroon"> <small> &emsp; &emsp;--- 24 Sep 14:40:36 598 - <b>0</b> - Page Load Wait: (Sync) - ICar.support.Utils.waitForPageLoad(Utils.java:109)</small> </font> </div>
<div class="test-event"> <font color="maroon"> <small> &emsp; &emsp;--- 24 Sep 14:40:36 642 - Element is displayed:: [[ChromeDriver: chrome on WINDOWS (16e9052e8f5645f7df4dbe5c998d0326)] -> xpath: //button[contains(@title,'Close ')]]</small> </font> </div>
<div class="test-event"> <font color="maroon"> <small> &emsp; &emsp;--- 24 Sep 14:40:36 683 - Element is displayed:: [[ChromeDriver: chrome on WINDOWS (16e9052e8f5645f7df4dbe5c998d0326)] -> xpath: //button[contains(@title,'Close ')]]</small> </font> </div>
<div class="test-event"> <font color="maroon"> <small> &emsp; &emsp;--- 24 Sep 14:40:40 684 - Page URL:: https://i-car--staging.sandbox.lightning.force.com/lightning/r/contact/0038w00001rtdhtqab/related/enrollment_contact__r/view?ws=%2flightning%2fr%2faccount%2f0011i00000uwdbnqau%2fview</small> </font> </div>
<div class="test-event"> <font color="maroon"> <small> &emsp; &emsp;--- 24 Sep 14:40:40 684 - <b>0</b> - Page Load Wait: (Sync) - ICar.support.Utils.waitForPageLoad(Utils.java:109)</small> </font> </div>
<div class="test-event"> <font color="maroon"> <small> &emsp; &emsp;--- 24 Sep 14:40:50 943 - Catched spinner load exception due to Expected condition failed: waiting for ICar.support.WaitUtils$4@2ef7b0d4 (tried for 5 second(s) with 500 milliseconds interval)</small> </font> </div>
<div class="test-event"> <font color="maroon"> <small> &emsp; &emsp;--- 24 Sep 14:40:50 943 - <b>5</b> - Spinner Load Wait: (Sync) - ICar.support.WaitUtils.waitForSpinner(WaitUtils.java:225)</small> </font> </div>
<div class="test-event"> <font color="maroon"> <small> &emsp; &emsp;--- 24 Sep 14:40:52 358 - Page URL:: https://i-car--staging.sandbox.lightning.force.com/lightning/r/contact/0038w00001rtdhtqab/related/enrollment_contact__r/view?ws=%2flightning%2fr%2faccount%2f0011i00000uwdbnqau%2fview</small> </font> </div>
<div class="test-event"> <font color="maroon"> <small> &emsp; &emsp;--- 24 Sep 14:40:52 358 - <b>1</b> - Page Load Wait: (Sync) - ICar.support.Utils.waitForPageLoad(Utils.java:109)</small> </font> </div>
<div class="test-event"> <font color="maroon"> <small> &emsp; &emsp;--- 24 Sep 14:40:52 452 - Element is displayed:: [[ChromeDriver: chrome on WINDOWS (16e9052e8f5645f7df4dbe5c998d0326)] -> xpath: //div[contains(@class,'appLauncher ')]//button]</small> </font> </div>
<div class="test-event"> <font color="maroon"> <small> &emsp; &emsp;--- 24 Sep 14:40:52 562 - Element is displayed:: [[ChromeDriver: chrome on WINDOWS (16e9052e8f5645f7df4dbe5c998d0326)] -> xpath: //div[contains(@class,'appLauncher ')]//button]</small> </font> </div>
<div class="test-message">&emsp;Clicked on App launcher icon</div>
<div class="test-event"> <font color="maroon"> <small> &emsp; &emsp;--- 24 Sep 14:40:54 457 - Element is displayed:: [[ChromeDriver: chrome on WINDOWS (16e9052e8f5645f7df4dbe5c998d0326)] -> xpath: //input[@placeholder='Search apps and items...']]</small> </font> </div>
<div class="test-event"> <font color="maroon"> <small> &emsp; &emsp;--- 24 Sep 14:40:54 534 - Element is displayed:: [[ChromeDriver: chrome on WINDOWS (16e9052e8f5645f7df4dbe5c998d0326)] -> xpath: //input[@placeholder='Search apps and items...']]</small> </font> </div>
<div class="test-event"> <font color="maroon"> <small> &emsp; &emsp;--- 24 Sep 14:40:57 841 - Element is displayed:: [[ChromeDriver: chrome on WINDOWS (16e9052e8f5645f7df4dbe5c998d0326)] -> xpath: //lightning-formatted-rich-text/span/p/b[text()='Cases']]</small> </font> </div>
<div class="test-event"> <font color="maroon"> <small> &emsp; &emsp;--- 24 Sep 14:41:00 903 - Element is displayed:: [[ChromeDriver: chrome on WINDOWS (16e9052e8f5645f7df4dbe5c998d0326)] -> xpath: //lightning-formatted-rich-text/span/p/b[text()='Cases']]</small> </font> </div>
<div class="test-event"> <font color="maroon"> <small> &emsp; &emsp;--- 24 Sep 14:41:02 797 - Page URL:: https://i-car--staging.sandbox.lightning.force.com/lightning/o/case/home</small> </font> </div>
<div class="test-event"> <font color="maroon"> <small> &emsp; &emsp;--- 24 Sep 14:41:02 797 - <b>1</b> - Page Load Wait: (Sync) - ICar.support.Utils.waitForPageLoad(Utils.java:109)</small> </font> </div>
<div class="test-event"> <font color="maroon"> <small> &emsp; &emsp;--- 24 Sep 14:41:04 443 - Page URL:: https://i-car--staging.sandbox.lightning.force.com/lightning/o/case/list?filtername=__recent</small> </font> </div>
<div class="test-event"> <font color="maroon"> <small> &emsp; &emsp;--- 24 Sep 14:41:04 443 - <b>1</b> - Page Load Wait: (Sync) - ICar.support.Utils.waitForPageLoad(Utils.java:109)</small> </font> </div>
<div class="test-event"> <font color="maroon"> <small> &emsp; &emsp;--- 24 Sep 14:41:14 878 - Catched spinner load exception due to Expected condition failed: waiting for ICar.support.WaitUtils$4@2ef7b0d4 (tried for 10 second(s) with 500 milliseconds interval)</small> </font> </div>
<div class="test-event"> <font color="maroon"> <small> &emsp; &emsp;--- 24 Sep 14:41:14 878 - <b>10</b> - Spinner Load Wait: (Sync) - ICar.support.WaitUtils.waitForSpinner(WaitUtils.java:225)</small> </font> </div>
<div class="test-event"> <font color="maroon"> <small> &emsp; &emsp;--- 24 Sep 14:41:14 939 - Element is displayed:: [[ChromeDriver: chrome on WINDOWS (16e9052e8f5645f7df4dbe5c998d0326)] -> xpath: //span[@title='Case Number']]</small> </font> </div>
<div class="test-event"> <font color="maroon"> <small> &emsp; &emsp;--- 24 Sep 14:41:14 998 - Element is displayed:: [[ChromeDriver: chrome on WINDOWS (16e9052e8f5645f7df4dbe5c998d0326)] -> xpath: //span[@title='Case Number']]</small> </font> </div>
<div class="test-message">&emsp;Successfully Cases Tab is verified&emsp;<a href=".\ScreenShot\ProdSmoke_B2B_TC027_409897443882700.png" target="_blank" >[ScreenShot]</a></div>
<div class="test-result"><br><font color="green"><strong> Test Passed. </strong></font> </div>&emsp;
&emsp;<div class="test-title"> <strong><font size = "3" color = "#0000FF">---Test Execution Ends---</font> </strong> </div>&emsp;]]>
    </system-out>
  </testcase> <!-- ProdSmoke_B2B_TC027 -->
  <system-out>
    <![CDATA[<div class="test-event"> <font color="maroon"> <small> &emsp; &emsp;--- 24 Sep 14:38:40 555 - TestCaseID:: ProdSmoke_B2B_TC027</small> </font> </div>
<div class="test-event"> <font color="maroon"> <small> &emsp; &emsp;--- 24 Sep 14:38:42 823 - <b>2</b> - Driver::initialize::Get - ICar.support.WebDriverFactory.getDriver(WebDriverFactory.java:640)</small> </font> </div>
<div class="test-event"> <font color="maroon"> <small> &emsp; &emsp;--- 24 Sep 14:38:54 964 - Page URL:: data:,</small> </font> </div>
<div class="test-event"> <font color="maroon"> <small> &emsp; &emsp;--- 24 Sep 14:38:54 964 - <b>0</b> - Page Load Wait: (Sync) - ICar.support.Utils.waitForPageLoad(Utils.java:109)</small> </font> </div>
&emsp;<div class="test-title"> <strong><font size = "3" color = "#000080">Verify 'Cases' Tab in App Launcher</font> </strong> </div>&emsp;<div><strong>Steps:</strong></div><!-- Report -->&emsp;
<div class="test-event"> <font color="maroon"> <small> &emsp; &emsp;--- 24 Sep 14:38:58 374 - Page URL:: https://i-car--staging.sandbox.my.salesforce.com/</small> </font> </div>
<div class="test-event"> <font color="maroon"> <small> &emsp; &emsp;--- 24 Sep 14:38:58 374 - <b>0</b> - Page Load Wait: (Sync) - ICar.support.Utils.waitForPageLoad(Utils.java:109)</small> </font> </div>
<div class="test-message">&emsp;Successfully navigated to 'Login' Page&emsp;<a href=".\ScreenShot\ProdSmoke_B2B_TC027_409760826983200.png" target="_blank" >[ScreenShot]</a></div>
<div class="test-message">&emsp;1. Login page is launched.</div>
<div class="test-event"> <font color="maroon"> <small> &emsp; &emsp;--- 24 Sep 14:38:58 703 - Element is displayed:: [[ChromeDriver: chrome on WINDOWS (16e9052e8f5645f7df4dbe5c998d0326)] -> id: username]</small> </font> </div>
<div class="test-event"> <font color="maroon"> <small> &emsp; &emsp;--- 24 Sep 14:38:58 787 - Element is displayed:: [[ChromeDriver: chrome on WINDOWS (16e9052e8f5645f7df4dbe5c998d0326)] -> id: username]</small> </font> </div>
<div class="test-event"> <font color="maroon"> <small> &emsp; &emsp;--- 24 Sep 14:38:59 679 - Element is displayed:: [[ChromeDriver: chrome on WINDOWS (16e9052e8f5645f7df4dbe5c998d0326)] -> id: password]</small> </font> </div>
<div class="test-event"> <font color="maroon"> <small> &emsp; &emsp;--- 24 Sep 14:38:59 906 - Element is displayed:: [[ChromeDriver: chrome on WINDOWS (16e9052e8f5645f7df4dbe5c998d0326)] -> id: Login]</small> </font> </div>
<div class="test-event"> <font color="maroon"> <small> &emsp; &emsp;--- 24 Sep 14:39:44 714 - Catched spinner load exception due to Expected condition failed: waiting for ICar.support.WaitUtils$4@2ef7b0d4 (tried for 13 second(s) with 500 milliseconds interval)</small> </font> </div>
<div class="test-event"> <font color="maroon"> <small> &emsp; &emsp;--- 24 Sep 14:39:44 714 - <b>13</b> - Spinner Load Wait: (Sync) - ICar.support.WaitUtils.waitForSpinner(WaitUtils.java:225)</small> </font> </div>
<div class="test-event"> <font color="maroon"> <small> &emsp; &emsp;--- 24 Sep 14:40:01 914 - Catched spinner load exception due to Expected condition failed: waiting for ICar.support.WaitUtils$4@2ef7b0d4 (tried for 6 second(s) with 500 milliseconds interval)</small> </font> </div>
<div class="test-event"> <font color="maroon"> <small> &emsp; &emsp;--- 24 Sep 14:40:01 914 - <b>6</b> - Spinner Load Wait: (Sync) - ICar.support.WaitUtils.waitForSpinner(WaitUtils.java:225)</small> </font> </div>
<div class="test-event"> <font color="maroon"> <small> &emsp; &emsp;--- 24 Sep 14:40:02 005 - Element is displayed:: [[ChromeDriver: chrome on WINDOWS (16e9052e8f5645f7df4dbe5c998d0326)] -> css selector: button[class*='search-button']]</small> </font> </div>
<div class="test-message">&emsp;2. Navigate to 'SalesForce Page'</div>
<div class="test-message">&emsp;Successfully navigated to 'Login' Page&emsp;<a href=".\ScreenShot\ProdSmoke_B2B_TC027_409824450966400.png" target="_blank" >[ScreenShot]</a></div>
<div class="test-message">&emsp;3. Enter the user credentials as : icaradminautomation1@i-car.com.staging</div>
<div class="test-event"> <font color="maroon"> <small> &emsp; &emsp;--- 24 Sep 14:40:02 428 - Page URL:: https://i-car--staging.sandbox.lightning.force.com/lightning/r/contact/0031i00000oedzsqaa/view</small> </font> </div>
<div class="test-event"> <font color="maroon"> <small> &emsp; &emsp;--- 24 Sep 14:40:02 429 - <b>0</b> - Page Load Wait: (Sync) - ICar.support.Utils.waitForPageLoad(Utils.java:109)</small> </font> </div>
<div class="test-event"> <font color="maroon"> <small> &emsp; &emsp;--- 24 Sep 14:40:07 489 - Element is displayed:: [[ChromeDriver: chrome on WINDOWS (16e9052e8f5645f7df4dbe5c998d0326)] -> xpath: //button[contains(@title,'Close ')]]</small> </font> </div>
<div class="test-event"> <font color="maroon"> <small> &emsp; &emsp;--- 24 Sep 14:40:17 752 - Unable to find an element after 10 sec ==> [[ChromeDriver: chrome on WINDOWS (16e9052e8f5645f7df4dbe5c998d0326)] -> xpath: //button[contains(@title,'Close ')]]</small> </font> </div>
<div class="test-event"> <font color="maroon"> <small> &emsp; &emsp;--- 24 Sep 14:40:23 008 - Unable to find a element after 5 sec ==> [[ChromeDriver: chrome on WINDOWS (16e9052e8f5645f7df4dbe5c998d0326)] -> css selector: button[title*='Close']]</small> </font> </div>
<div class="test-event"> <font color="maroon"> <small> &emsp; &emsp;--- 24 Sep 14:40:23 188 - Page URL:: https://i-car--staging.sandbox.lightning.force.com/lightning/r/contact/0031i00000oedzsqaa/view</small> </font> </div>
<div class="test-event"> <font color="maroon"> <small> &emsp; &emsp;--- 24 Sep 14:40:23 189 - <b>0</b> - Page Load Wait: (Sync) - ICar.support.Utils.waitForPageLoad(Utils.java:109)</small> </font> </div>
<div class="test-event"> <font color="maroon"> <small> &emsp; &emsp;--- 24 Sep 14:40:23 235 - Element is displayed:: [[ChromeDriver: chrome on WINDOWS (16e9052e8f5645f7df4dbe5c998d0326)] -> xpath: //button[contains(@title,'Close ')]]</small> </font> </div>
<div class="test-event"> <font color="maroon"> <small> &emsp; &emsp;--- 24 Sep 14:40:23 279 - Element is displayed:: [[ChromeDriver: chrome on WINDOWS (16e9052e8f5645f7df4dbe5c998d0326)] -> xpath: //button[contains(@title,'Close ')]]</small> </font> </div>
<div class="test-event"> <font color="maroon"> <small> &emsp; &emsp;--- 24 Sep 14:40:26 603 - Page URL:: https://i-car--staging.sandbox.lightning.force.com/lightning/r/contact/0031i00000oedzsqaa/view</small> </font> </div>
<div class="test-event"> <font color="maroon"> <small> &emsp; &emsp;--- 24 Sep 14:40:26 603 - <b>0</b> - Page Load Wait: (Sync) - ICar.support.Utils.waitForPageLoad(Utils.java:109)</small> </font> </div>
<div class="test-event"> <font color="maroon"> <small> &emsp; &emsp;--- 24 Sep 14:40:26 644 - Element is displayed:: [[ChromeDriver: chrome on WINDOWS (16e9052e8f5645f7df4dbe5c998d0326)] -> xpath: //button[contains(@title,'Close ')]]</small> </font> </div>
<div class="test-event"> <font color="maroon"> <small> &emsp; &emsp;--- 24 Sep 14:40:26 683 - Element is displayed:: [[ChromeDriver: chrome on WINDOWS (16e9052e8f5645f7df4dbe5c998d0326)] -> xpath: //button[contains(@title,'Close ')]]</small> </font> </div>
<div class="test-event"> <font color="maroon"> <small> &emsp; &emsp;--- 24 Sep 14:40:29 904 - Page URL:: https://i-car--staging.sandbox.lightning.force.com/lightning/r/contact/0031i00000oedzsqaa/view</small> </font> </div>
<div class="test-event"> <font color="maroon"> <small> &emsp; &emsp;--- 24 Sep 14:40:29 904 - <b>0</b> - Page Load Wait: (Sync) - ICar.support.Utils.waitForPageLoad(Utils.java:109)</small> </font> </div>
<div class="test-event"> <font color="maroon"> <small> &emsp; &emsp;--- 24 Sep 14:40:29 996 - Element is displayed:: [[ChromeDriver: chrome on WINDOWS (16e9052e8f5645f7df4dbe5c998d0326)] -> xpath: //button[contains(@title,'Close ')]]</small> </font> </div>
<div class="test-event"> <font color="maroon"> <small> &emsp; &emsp;--- 24 Sep 14:40:30 038 - Element is displayed:: [[ChromeDriver: chrome on WINDOWS (16e9052e8f5645f7df4dbe5c998d0326)] -> xpath: //button[contains(@title,'Close ')]]</small> </font> </div>
<div class="test-event"> <font color="maroon"> <small> &emsp; &emsp;--- 24 Sep 14:40:33 262 - Page URL:: https://i-car--staging.sandbox.lightning.force.com/lightning/r/contact/0031i00000oedzsqaa/view</small> </font> </div>
<div class="test-event"> <font color="maroon"> <small> &emsp; &emsp;--- 24 Sep 14:40:33 262 - <b>0</b> - Page Load Wait: (Sync) - ICar.support.Utils.waitForPageLoad(Utils.java:109)</small> </font> </div>
<div class="test-event"> <font color="maroon"> <small> &emsp; &emsp;--- 24 Sep 14:40:33 305 - Element is displayed:: [[ChromeDriver: chrome on WINDOWS (16e9052e8f5645f7df4dbe5c998d0326)] -> xpath: //button[contains(@title,'Close ')]]</small> </font> </div>
<div class="test-event"> <font color="maroon"> <small> &emsp; &emsp;--- 24 Sep 14:40:33 348 - Element is displayed:: [[ChromeDriver: chrome on WINDOWS (16e9052e8f5645f7df4dbe5c998d0326)] -> xpath: //button[contains(@title,'Close ')]]</small> </font> </div>
<div class="test-event"> <font color="maroon"> <small> &emsp; &emsp;--- 24 Sep 14:40:36 597 - Page URL:: https://i-car--staging.sandbox.lightning.force.com/lightning/r/account/0011i00000uwg67qae/related/gchistories__r/view?ws=%2flightning%2fr%2faccount%2f0011i00000uwg67qae%2fview</small> </font> </div>
<div class="test-event"> <font color="maroon"> <small> &emsp; &emsp;--- 24 Sep 14:40:36 598 - <b>0</b> - Page Load Wait: (Sync) - ICar.support.Utils.waitForPageLoad(Utils.java:109)</small> </font> </div>
<div class="test-event"> <font color="maroon"> <small> &emsp; &emsp;--- 24 Sep 14:40:36 642 - Element is displayed:: [[ChromeDriver: chrome on WINDOWS (16e9052e8f5645f7df4dbe5c998d0326)] -> xpath: //button[contains(@title,'Close ')]]</small> </font> </div>
<div class="test-event"> <font color="maroon"> <small> &emsp; &emsp;--- 24 Sep 14:40:36 683 - Element is displayed:: [[ChromeDriver: chrome on WINDOWS (16e9052e8f5645f7df4dbe5c998d0326)] -> xpath: //button[contains(@title,'Close ')]]</small> </font> </div>
<div class="test-event"> <font color="maroon"> <small> &emsp; &emsp;--- 24 Sep 14:40:40 684 - Page URL:: https://i-car--staging.sandbox.lightning.force.com/lightning/r/contact/0038w00001rtdhtqab/related/enrollment_contact__r/view?ws=%2flightning%2fr%2faccount%2f0011i00000uwdbnqau%2fview</small> </font> </div>
<div class="test-event"> <font color="maroon"> <small> &emsp; &emsp;--- 24 Sep 14:40:40 684 - <b>0</b> - Page Load Wait: (Sync) - ICar.support.Utils.waitForPageLoad(Utils.java:109)</small> </font> </div>
<div class="test-event"> <font color="maroon"> <small> &emsp; &emsp;--- 24 Sep 14:40:50 943 - Catched spinner load exception due to Expected condition failed: waiting for ICar.support.WaitUtils$4@2ef7b0d4 (tried for 5 second(s) with 500 milliseconds interval)</small> </font> </div>
<div class="test-event"> <font color="maroon"> <small> &emsp; &emsp;--- 24 Sep 14:40:50 943 - <b>5</b> - Spinner Load Wait: (Sync) - ICar.support.WaitUtils.waitForSpinner(WaitUtils.java:225)</small> </font> </div>
<div class="test-event"> <font color="maroon"> <small> &emsp; &emsp;--- 24 Sep 14:40:52 358 - Page URL:: https://i-car--staging.sandbox.lightning.force.com/lightning/r/contact/0038w00001rtdhtqab/related/enrollment_contact__r/view?ws=%2flightning%2fr%2faccount%2f0011i00000uwdbnqau%2fview</small> </font> </div>
<div class="test-event"> <font color="maroon"> <small> &emsp; &emsp;--- 24 Sep 14:40:52 358 - <b>1</b> - Page Load Wait: (Sync) - ICar.support.Utils.waitForPageLoad(Utils.java:109)</small> </font> </div>
<div class="test-event"> <font color="maroon"> <small> &emsp; &emsp;--- 24 Sep 14:40:52 452 - Element is displayed:: [[ChromeDriver: chrome on WINDOWS (16e9052e8f5645f7df4dbe5c998d0326)] -> xpath: //div[contains(@class,'appLauncher ')]//button]</small> </font> </div>
<div class="test-event"> <font color="maroon"> <small> &emsp; &emsp;--- 24 Sep 14:40:52 562 - Element is displayed:: [[ChromeDriver: chrome on WINDOWS (16e9052e8f5645f7df4dbe5c998d0326)] -> xpath: //div[contains(@class,'appLauncher ')]//button]</small> </font> </div>
<div class="test-message">&emsp;Clicked on App launcher icon</div>
<div class="test-event"> <font color="maroon"> <small> &emsp; &emsp;--- 24 Sep 14:40:54 457 - Element is displayed:: [[ChromeDriver: chrome on WINDOWS (16e9052e8f5645f7df4dbe5c998d0326)] -> xpath: //input[@placeholder='Search apps and items...']]</small> </font> </div>
<div class="test-event"> <font color="maroon"> <small> &emsp; &emsp;--- 24 Sep 14:40:54 534 - Element is displayed:: [[ChromeDriver: chrome on WINDOWS (16e9052e8f5645f7df4dbe5c998d0326)] -> xpath: //input[@placeholder='Search apps and items...']]</small> </font> </div>
<div class="test-event"> <font color="maroon"> <small> &emsp; &emsp;--- 24 Sep 14:40:57 841 - Element is displayed:: [[ChromeDriver: chrome on WINDOWS (16e9052e8f5645f7df4dbe5c998d0326)] -> xpath: //lightning-formatted-rich-text/span/p/b[text()='Cases']]</small> </font> </div>
<div class="test-event"> <font color="maroon"> <small> &emsp; &emsp;--- 24 Sep 14:41:00 903 - Element is displayed:: [[ChromeDriver: chrome on WINDOWS (16e9052e8f5645f7df4dbe5c998d0326)] -> xpath: //lightning-formatted-rich-text/span/p/b[text()='Cases']]</small> </font> </div>
<div class="test-event"> <font color="maroon"> <small> &emsp; &emsp;--- 24 Sep 14:41:02 797 - Page URL:: https://i-car--staging.sandbox.lightning.force.com/lightning/o/case/home</small> </font> </div>
<div class="test-event"> <font color="maroon"> <small> &emsp; &emsp;--- 24 Sep 14:41:02 797 - <b>1</b> - Page Load Wait: (Sync) - ICar.support.Utils.waitForPageLoad(Utils.java:109)</small> </font> </div>
<div class="test-event"> <font color="maroon"> <small> &emsp; &emsp;--- 24 Sep 14:41:04 443 - Page URL:: https://i-car--staging.sandbox.lightning.force.com/lightning/o/case/list?filtername=__recent</small> </font> </div>
<div class="test-event"> <font color="maroon"> <small> &emsp; &emsp;--- 24 Sep 14:41:04 443 - <b>1</b> - Page Load Wait: (Sync) - ICar.support.Utils.waitForPageLoad(Utils.java:109)</small> </font> </div>
<div class="test-event"> <font color="maroon"> <small> &emsp; &emsp;--- 24 Sep 14:41:14 878 - Catched spinner load exception due to Expected condition failed: waiting for ICar.support.WaitUtils$4@2ef7b0d4 (tried for 10 second(s) with 500 milliseconds interval)</small> </font> </div>
<div class="test-event"> <font color="maroon"> <small> &emsp; &emsp;--- 24 Sep 14:41:14 878 - <b>10</b> - Spinner Load Wait: (Sync) - ICar.support.WaitUtils.waitForSpinner(WaitUtils.java:225)</small> </font> </div>
<div class="test-event"> <font color="maroon"> <small> &emsp; &emsp;--- 24 Sep 14:41:14 939 - Element is displayed:: [[ChromeDriver: chrome on WINDOWS (16e9052e8f5645f7df4dbe5c998d0326)] -> xpath: //span[@title='Case Number']]</small> </font> </div>
<div class="test-event"> <font color="maroon"> <small> &emsp; &emsp;--- 24 Sep 14:41:14 998 - Element is displayed:: [[ChromeDriver: chrome on WINDOWS (16e9052e8f5645f7df4dbe5c998d0326)] -> xpath: //span[@title='Case Number']]</small> </font> </div>
<div class="test-message">&emsp;Successfully Cases Tab is verified&emsp;<a href=".\ScreenShot\ProdSmoke_B2B_TC027_409897443882700.png" target="_blank" >[ScreenShot]</a></div>
<div class="test-result"><br><font color="green"><strong> Test Passed. </strong></font> </div>&emsp;
&emsp;<div class="test-title"> <strong><font size = "3" color = "#0000FF">---Test Execution Ends---</font> </strong> </div>&emsp;]]>
  </system-out>
</testsuite> <!-- Smoketestscripts.Productiontestscrpits -->
