<?xml version="1.0" encoding="UTF-8"?>
<!-- Generated by org.testng.reporters.JUnitReportReporter -->
<testsuite hostname="Asplap3104" failures="0" tests="1" name="AccessAcademySite.Tal_206" time="0.325" errors="1" timestamp="2024-10-30T10:53:18 IST" skipped="0">
  <testcase classname="AccessAcademySite.Tal_206" name="TAL_206_01" time="0.325">
    <error message="null value in entry: url=null" type="java.lang.NullPointerException">
      <![CDATA[java.lang.NullPointerException: null value in entry: url=null
at com.google.common.collect.CollectPreconditions.checkEntryNotNull(CollectPreconditions.java:33)
at com.google.common.collect.SingletonImmutableBiMap.<init>(SingletonImmutableBiMap.java:43)
at com.google.common.collect.ImmutableBiMap.of(ImmutableBiMap.java:81)
at com.google.common.collect.ImmutableMap.of(ImmutableMap.java:126)
at org.openqa.selenium.remote.DriverCommand.GET(DriverCommand.java:191)
at org.openqa.selenium.remote.RemoteWebDriver.get(RemoteWebDriver.java:297)
at ICar.Pages.AcademyLoginPage.load(AcademyLoginPage.java:75)
at org.openqa.selenium.support.ui.LoadableComponent.get(LoadableComponent.java:49)
at AccessAcademySite.Tal_206.TAL_206_01(Tal_206.java:85)
at java.base/jdk.internal.reflect.NativeMethodAccessorImpl.invoke0(Native Method)
at java.base/jdk.internal.reflect.NativeMethodAccessorImpl.invoke(NativeMethodAccessorImpl.java:62)
at java.base/jdk.internal.reflect.DelegatingMethodAccessorImpl.invoke(DelegatingMethodAccessorImpl.java:43)
at java.base/java.lang.reflect.Method.invoke(Method.java:564)
at org.testng.internal.invokers.MethodInvocationHelper.invokeMethod(MethodInvocationHelper.java:139)
at org.testng.internal.invokers.TestInvoker.invokeMethod(TestInvoker.java:664)
at org.testng.internal.invokers.TestInvoker.invokeTestMethod(TestInvoker.java:227)
at org.testng.internal.invokers.TestMethodWithDataProviderMethodWorker.call(TestMethodWithDataProviderMethodWorker.java:80)
at org.testng.internal.invokers.TestMethodWithDataProviderMethodWorker.call(TestMethodWithDataProviderMethodWorker.java:17)
at java.base/java.util.concurrent.FutureTask.run(FutureTask.java:264)
at java.base/java.util.concurrent.Executors$RunnableAdapter.call(Executors.java:515)
at java.base/java.util.concurrent.FutureTask.run(FutureTask.java:264)
at java.base/java.util.concurrent.ThreadPoolExecutor.runWorker(ThreadPoolExecutor.java:1130)
at java.base/java.util.concurrent.ThreadPoolExecutor$Worker.run(ThreadPoolExecutor.java:630)
at java.base/java.lang.Thread.run(Thread.java:832)
]]>
    </error>
    <system-out>
      <![CDATA[<div class="test-event"> <font color="maroon"> <small> &emsp; &emsp;--- 30 Oct 10:53:03 510 - TestCaseID:: TAL_206_01</small> </font> </div>
<div class="test-event"> <font color="maroon"> <small> &emsp; &emsp;--- 30 Oct 10:53:17 676 - <b>14</b> - Driver::initialize::Get - ICar.support.WebDriverFactory.getDriver(WebDriverFactory.java:640)</small> </font> </div>
<div class="test-event"> <font color="maroon"> <small> &emsp; &emsp;--- 30 Oct 10:53:17 823 - Page URL:: data:,</small> </font> </div>
<div class="test-event"> <font color="maroon"> <small> &emsp; &emsp;--- 30 Oct 10:53:17 823 - <b>0</b> - Page Load Wait: (Sync) - ICar.support.Utils.waitForPageLoad(Utils.java:109)</small> </font> </div>
&emsp;<div class="test-title"> <strong><font size = "3" color = "#000080">View link</font> </strong> </div>&emsp;<div><strong>Steps:</strong></div><!-- Report -->&emsp;
<!--FAIL-->
<div class="test-result"><br><font color="red"><strong> null value in entry: url=null </strong></font> <a href=".\ScreenShot\TAL_206_01_1.png" target="_blank" >[ScreenShot]</a></div>&emsp;]]>
    </system-out>
  </testcase> <!-- TAL_206_01 -->
  <system-out>
    <![CDATA[<div class="test-event"> <font color="maroon"> <small> &emsp; &emsp;--- 30 Oct 10:53:03 510 - TestCaseID:: TAL_206_01</small> </font> </div>
<div class="test-event"> <font color="maroon"> <small> &emsp; &emsp;--- 30 Oct 10:53:17 676 - <b>14</b> - Driver::initialize::Get - ICar.support.WebDriverFactory.getDriver(WebDriverFactory.java:640)</small> </font> </div>
<div class="test-event"> <font color="maroon"> <small> &emsp; &emsp;--- 30 Oct 10:53:17 823 - Page URL:: data:,</small> </font> </div>
<div class="test-event"> <font color="maroon"> <small> &emsp; &emsp;--- 30 Oct 10:53:17 823 - <b>0</b> - Page Load Wait: (Sync) - ICar.support.Utils.waitForPageLoad(Utils.java:109)</small> </font> </div>
&emsp;<div class="test-title"> <strong><font size = "3" color = "#000080">View link</font> </strong> </div>&emsp;<div><strong>Steps:</strong></div><!-- Report -->&emsp;
<!--FAIL-->
<div class="test-result"><br><font color="red"><strong> null value in entry: url=null </strong></font> <a href=".\ScreenShot\TAL_206_01_1.png" target="_blank" >[ScreenShot]</a></div>&emsp;]]>
  </system-out>
</testsuite> <!-- AccessAcademySite.Tal_206 -->
