<?xml version="1.0" encoding="UTF-8"?>
<!-- Generated by org.testng.reporters.JUnitReportReporter -->
<testsuite hostname="aspire1763" failures="0" tests="1" name="CreditProcess.InvalidRefundRequest" time="1935.297" errors="1" timestamp="2024-06-23T17:42:12 IST" skipped="0">
  <testcase classname="CreditProcess.InvalidRefundRequest" name="IRRWelding_TC53" time="1935.297">
    <error message="click on related tab not found in page!!" type="java.lang.Exception">
      <![CDATA[java.lang.Exception: click on related tab not found in page!!
at ICar.support.BrowserActions.javascriptClick(BrowserActions.java:305)
at ICar.Pages.SalesForcePages.clickOnJobRelatedTab(SalesForcePages.java:11743)
at CreditProcess.InvalidRefundRequest.IRRWelding_TC53(InvalidRefundRequest.java:2482)
at java.base/jdk.internal.reflect.NativeMethodAccessorImpl.invoke0(Native Method)
at java.base/jdk.internal.reflect.NativeMethodAccessorImpl.invoke(NativeMethodAccessorImpl.java:77)
at java.base/jdk.internal.reflect.DelegatingMethodAccessorImpl.invoke(DelegatingMethodAccessorImpl.java:43)
at java.base/java.lang.reflect.Method.invoke(Method.java:568)
at org.testng.internal.invokers.MethodInvocationHelper.invokeMethod(MethodInvocationHelper.java:139)
at org.testng.internal.invokers.TestInvoker.invokeMethod(TestInvoker.java:664)
at org.testng.internal.invokers.TestInvoker.invokeTestMethod(TestInvoker.java:227)
at org.testng.internal.invokers.TestMethodWithDataProviderMethodWorker.call(TestMethodWithDataProviderMethodWorker.java:80)
at org.testng.internal.invokers.TestMethodWithDataProviderMethodWorker.call(TestMethodWithDataProviderMethodWorker.java:17)
at java.base/java.util.concurrent.FutureTask.run(FutureTask.java:264)
at java.base/java.util.concurrent.Executors$RunnableAdapter.call(Executors.java:539)
at java.base/java.util.concurrent.FutureTask.run(FutureTask.java:264)
at java.base/java.util.concurrent.ThreadPoolExecutor.runWorker(ThreadPoolExecutor.java:1136)
at java.base/java.util.concurrent.ThreadPoolExecutor$Worker.run(ThreadPoolExecutor.java:635)
at java.base/java.lang.Thread.run(Thread.java:840)
]]>
    </error>
    <system-out>
      <![CDATA[<div class="test-event"> <font color="maroon"> <small> &emsp; &emsp;--- 23 Jun 17:09:54 079 - TestCaseID:: IRRWelding_TC53</small> </font> </div>
<div class="test-event"> <font color="maroon"> <small> &emsp; &emsp;--- 23 Jun 17:09:56 481 - <b>3</b> - Driver::initialize::Get - ICar.support.WebDriverFactory.getDriver(WebDriverFactory.java:640)</small> </font> </div>
<div class="test-event"> <font color="maroon"> <small> &emsp; &emsp;--- 23 Jun 17:10:14 525 - Page URL:: data:,</small> </font> </div>
<div class="test-event"> <font color="maroon"> <small> &emsp; &emsp;--- 23 Jun 17:10:14 526 - <b>5</b> - Page Load Wait: (Sync) - ICar.support.Utils.waitForPageLoad(Utils.java:109)</small> </font> </div>
&emsp;<div class="test-title"> <strong><font size = "3" color = "#000080">Welding-Request made on 5th business day or less to the scheduled event AND not cancelled by I-CAR</font> </strong> </div>&emsp;<div><strong>Steps:</strong></div><!-- Report -->&emsp;
<div class="test-event"> <font color="maroon"> <small> &emsp; &emsp;--- 23 Jun 17:10:24 120 - Element is displayed:: [[ChromeDriver: chrome on WINDOWS (dc2c64fcc1c09663eee064e43a1ca9ce)] -> xpath: //a/img[@alt='Login Image']]</small> </font> </div>
<div class="test-event"> <font color="maroon"> <small> &emsp; &emsp;--- 23 Jun 17:10:24 218 - Element is displayed:: [[ChromeDriver: chrome on WINDOWS (dc2c64fcc1c09663eee064e43a1ca9ce)] -> xpath: //a/img[@alt='Login Image']]</small> </font> </div>
<div class="test-message">&emsp;Successfully navigated to 'Home' Page&emsp;<a href=".\ScreenShot\IRRWelding_TC53_336660201679600.png" target="_blank" >[ScreenShot]</a></div>
<div class="test-message">&emsp;1. Home page is launched.</div>
<div class="test-event"> <font color="maroon"> <small> &emsp; &emsp;--- 23 Jun 17:10:29 917 - Page URL:: https://www.icarstage.com/</small> </font> </div>
<div class="test-event"> <font color="maroon"> <small> &emsp; &emsp;--- 23 Jun 17:10:29 917 - <b>5</b> - Page Load Wait: (Sync) - ICar.support.Utils.waitForPageLoad(Utils.java:109)</small> </font> </div>
<div class="test-event"> <font color="maroon"> <small> &emsp; &emsp;--- 23 Jun 17:10:29 970 - Element is displayed:: [[ChromeDriver: chrome on WINDOWS (dc2c64fcc1c09663eee064e43a1ca9ce)] -> xpath: //a/img[@alt='Login Image']]</small> </font> </div>
<div class="test-event"> <font color="maroon"> <small> &emsp; &emsp;--- 23 Jun 17:10:30 045 - Element is displayed:: [[ChromeDriver: chrome on WINDOWS (dc2c64fcc1c09663eee064e43a1ca9ce)] -> xpath: //a/img[@alt='Login Image']]</small> </font> </div>
<div class="test-event"> <font color="maroon"> <small> &emsp; &emsp;--- 23 Jun 17:10:49 448 - Catched spinner load exception due to Expected condition failed: waiting for ICar.support.WaitUtils$4@3c654ce5 (tried for 15 second(s) with 500 milliseconds interval)</small> </font> </div>
<div class="test-event"> <font color="maroon"> <small> &emsp; &emsp;--- 23 Jun 17:10:49 448 - <b>15</b> - Spinner Load Wait: (Sync) - ICar.support.WaitUtils.waitForSpinner(WaitUtils.java:225)</small> </font> </div>
<div class="test-message">&emsp;2. Navigate to 'Login Page'</div>
<div class="test-message">&emsp;Successfully navigated to 'Login' Page&emsp;<a href=".\ScreenShot\IRRWelding_TC53_336685444232100.png" target="_blank" >[ScreenShot]</a></div>
<div class="test-event"> <font color="maroon"> <small> &emsp; &emsp;--- 23 Jun 17:10:49 655 - Element is displayed:: [[ChromeDriver: chrome on WINDOWS (dc2c64fcc1c09663eee064e43a1ca9ce)] -> id: username]</small> </font> </div>
<div class="test-event"> <font color="maroon"> <small> &emsp; &emsp;--- 23 Jun 17:10:49 731 - Element is displayed:: [[ChromeDriver: chrome on WINDOWS (dc2c64fcc1c09663eee064e43a1ca9ce)] -> id: username]</small> </font> </div>
<div class="test-event"> <font color="maroon"> <small> &emsp; &emsp;--- 23 Jun 17:10:49 956 - Element is displayed:: [[ChromeDriver: chrome on WINDOWS (dc2c64fcc1c09663eee064e43a1ca9ce)] -> id: password]</small> </font> </div>
<div class="test-event"> <font color="maroon"> <small> &emsp; &emsp;--- 23 Jun 17:10:50 146 - Element is displayed:: [[ChromeDriver: chrome on WINDOWS (dc2c64fcc1c09663eee064e43a1ca9ce)] -> id: btn-login]</small> </font> </div>
<div class="test-event"> <font color="maroon"> <small> &emsp; &emsp;--- 23 Jun 17:11:03 542 - Catched spinner load exception due to Expected condition failed: waiting for ICar.support.WaitUtils$4@3c654ce5 (tried for 13 second(s) with 500 milliseconds interval)</small> </font> </div>
<div class="test-event"> <font color="maroon"> <small> &emsp; &emsp;--- 23 Jun 17:11:03 542 - <b>13</b> - Spinner Load Wait: (Sync) - ICar.support.WaitUtils.waitForSpinner(WaitUtils.java:225)</small> </font> </div>
<div class="test-event"> <font color="maroon"> <small> &emsp; &emsp;--- 23 Jun 17:11:25 568 - Catched spinner load exception due to Expected condition failed: waiting for ICar.support.WaitUtils$4@3c654ce5 (tried for 10 second(s) with 500 milliseconds interval)</small> </font> </div>
<div class="test-event"> <font color="maroon"> <small> &emsp; &emsp;--- 23 Jun 17:11:25 568 - <b>10</b> - Spinner Load Wait: (Sync) - ICar.support.WaitUtils.waitForSpinner(WaitUtils.java:225)</small> </font> </div>
<div class="test-event"> <font color="maroon"> <small> &emsp; &emsp;--- 23 Jun 17:11:25 653 - Element is displayed:: [[ChromeDriver: chrome on WINDOWS (dc2c64fcc1c09663eee064e43a1ca9ce)] -> xpath: //button[@value='Launch myLearning']]</small> </font> </div>
<div class="test-message">&emsp;3. Enter the user credentials as : alliefiero</div>
<div class="test-message">&emsp;Successfully navigated to 'User Home' Page&emsp;<a href=".\ScreenShot\IRRWelding_TC53_336721629405700.png" target="_blank" >[ScreenShot]</a></div>
<div class="test-event"> <font color="maroon"> <small> &emsp; &emsp;--- 23 Jun 17:11:31 170 - Page URL:: https://www.icarstage.com/</small> </font> </div>
<div class="test-event"> <font color="maroon"> <small> &emsp; &emsp;--- 23 Jun 17:11:31 170 - <b>5</b> - Page Load Wait: (Sync) - ICar.support.Utils.waitForPageLoad(Utils.java:109)</small> </font> </div>
<div class="test-event"> <font color="maroon"> <small> &emsp; &emsp;--- 23 Jun 17:11:41 694 - Catched spinner load exception due to Expected condition failed: waiting for ICar.support.WaitUtils$4@3c654ce5 (tried for 10 second(s) with 500 milliseconds interval)</small> </font> </div>
<div class="test-event"> <font color="maroon"> <small> &emsp; &emsp;--- 23 Jun 17:11:41 695 - <b>10</b> - Spinner Load Wait: (Sync) - ICar.support.WaitUtils.waitForSpinner(WaitUtils.java:225)</small> </font> </div>
<div class="test-event"> <font color="maroon"> <small> &emsp; &emsp;--- 23 Jun 17:11:55 753 - Catched spinner load exception due to Expected condition failed: waiting for ICar.support.WaitUtils$4@3c654ce5 (tried for 14 second(s) with 500 milliseconds interval)</small> </font> </div>
<div class="test-event"> <font color="maroon"> <small> &emsp; &emsp;--- 23 Jun 17:11:55 753 - <b>14</b> - Spinner Load Wait: (Sync) - ICar.support.WaitUtils.waitForSpinner(WaitUtils.java:225)</small> </font> </div>
<div class="test-event"> <font color="maroon"> <small> &emsp; &emsp;--- 23 Jun 17:11:57 865 - Element is displayed:: [[ChromeDriver: chrome on WINDOWS (dc2c64fcc1c09663eee064e43a1ca9ce)] -> xpath: //input[@class='slds-input searchInputCls']]</small> </font> </div>
<div class="test-event"> <font color="maroon"> <small> &emsp; &emsp;--- 23 Jun 17:11:58 154 - Element is displayed:: [[ChromeDriver: chrome on WINDOWS (dc2c64fcc1c09663eee064e43a1ca9ce)] -> xpath: //button[@title='Remove selected option']]</small> </font> </div>
<div class="test-event"> <font color="maroon"> <small> &emsp; &emsp;--- 23 Jun 17:12:07 399 - Page URL:: https://www.icarstage.com/custom-search-results?searchtext=recertification:%20aluminum%20gma%20(mig)%20welding#gsc.tab=0&gsc.q=recertification:%20aluminum%20gma%20(mig)%20welding&gsc.page=1</small> </font> </div>
<div class="test-event"> <font color="maroon"> <small> &emsp; &emsp;--- 23 Jun 17:12:07 399 - <b>5</b> - Page Load Wait: (Sync) - ICar.support.Utils.waitForPageLoad(Utils.java:109)</small> </font> </div>
<div class="test-event"> <font color="maroon"> <small> &emsp; &emsp;--- 23 Jun 17:12:17 880 - Catched spinner load exception due to Expected condition failed: waiting for ICar.support.WaitUtils$4@3c654ce5 (tried for 10 second(s) with 500 milliseconds interval)</small> </font> </div>
<div class="test-event"> <font color="maroon"> <small> &emsp; &emsp;--- 23 Jun 17:12:17 880 - <b>10</b> - Spinner Load Wait: (Sync) - ICar.support.WaitUtils.waitForSpinner(WaitUtils.java:225)</small> </font> </div>
<div class="test-event"> <font color="maroon"> <small> &emsp; &emsp;--- 23 Jun 17:12:17 921 - Element is displayed:: [[ChromeDriver: chrome on WINDOWS (dc2c64fcc1c09663eee064e43a1ca9ce)] -> xpath: //table//tbody//td[1]//div//a]</small> </font> </div>
<div class="test-event"> <font color="maroon"> <small> &emsp; &emsp;--- 23 Jun 17:12:20 030 - Element is displayed:: [[ChromeDriver: chrome on WINDOWS (dc2c64fcc1c09663eee064e43a1ca9ce)] -> xpath: //table//tbody//td[1]//div//a]</small> </font> </div>
<div class="test-event"> <font color="maroon"> <small> &emsp; &emsp;--- 23 Jun 17:12:40 371 - Element is displayed:: [[ChromeDriver: chrome on WINDOWS (dc2c64fcc1c09663eee064e43a1ca9ce)] -> xpath: //div[contains(text(),'Request')]]</small> </font> </div>
<div class="test-event"> <font color="maroon"> <small> &emsp; &emsp;--- 23 Jun 17:12:40 442 - Element is displayed:: [[ChromeDriver: chrome on WINDOWS (dc2c64fcc1c09663eee064e43a1ca9ce)] -> xpath: //div[contains(text(),'Request')]]</small> </font> </div>
<div class="test-event"> <font color="maroon"> <small> &emsp; &emsp;--- 23 Jun 17:12:40 512 - Element is displayed:: [[ChromeDriver: chrome on WINDOWS (dc2c64fcc1c09663eee064e43a1ca9ce)] -> xpath: //div[contains(text(),'Request')]]</small> </font> </div>
<div class="test-event"> <font color="maroon"> <small> &emsp; &emsp;--- 23 Jun 17:12:40 637 - Element is displayed:: [[ChromeDriver: chrome on WINDOWS (dc2c64fcc1c09663eee064e43a1ca9ce)] -> xpath: //button[@name='shop']]</small> </font> </div>
<div class="test-event"> <font color="maroon"> <small> &emsp; &emsp;--- 23 Jun 17:12:42 730 - Element is displayed:: [[ChromeDriver: chrome on WINDOWS (dc2c64fcc1c09663eee064e43a1ca9ce)] -> xpath: //button[@name='shop']]</small> </font> </div>
<div class="test-event"> <font color="maroon"> <small> &emsp; &emsp;--- 23 Jun 17:12:42 803 - Element is displayed:: [[ChromeDriver: chrome on WINDOWS (dc2c64fcc1c09663eee064e43a1ca9ce)] -> xpath: //span[@title='Fiero Collision Inc']]</small> </font> </div>
<div class="test-message">&emsp;Fiero Collision Inc is selected in EventLocation drop down</div>
<div class="test-event"> <font color="maroon"> <small> &emsp; &emsp;--- 23 Jun 17:12:42 886 - Element is displayed:: [[ChromeDriver: chrome on WINDOWS (dc2c64fcc1c09663eee064e43a1ca9ce)] -> xpath: //button[@name='eventType']]</small> </font> </div>
<div class="test-event"> <font color="maroon"> <small> &emsp; &emsp;--- 23 Jun 17:12:44 992 - Element is displayed:: [[ChromeDriver: chrome on WINDOWS (dc2c64fcc1c09663eee064e43a1ca9ce)] -> xpath: //button[@name='eventType']]</small> </font> </div>
<div class="test-event"> <font color="maroon"> <small> &emsp; &emsp;--- 23 Jun 17:12:45 069 - Element is displayed:: [[ChromeDriver: chrome on WINDOWS (dc2c64fcc1c09663eee064e43a1ca9ce)] -> xpath: //span[@title='Next Month']]</small> </font> </div>
<div class="test-message">&emsp;Next Month is selected in period drop down</div>
<div class="test-event"> <font color="maroon"> <small> &emsp; &emsp;--- 23 Jun 17:12:49 237 - Element is displayed:: [[ChromeDriver: chrome on WINDOWS (dc2c64fcc1c09663eee064e43a1ca9ce)] -> xpath: (//input[@data-id='contactInfo'])[2]]</small> </font> </div>
<div class="test-event"> <font color="maroon"> <small> &emsp; &emsp;--- 23 Jun 17:12:49 443 - Element is displayed:: [[ChromeDriver: chrome on WINDOWS (dc2c64fcc1c09663eee064e43a1ca9ce)] -> xpath: //button[@name='paymentType']]</small> </font> </div>
<div class="test-event"> <font color="maroon"> <small> &emsp; &emsp;--- 23 Jun 17:12:49 514 - Element is displayed:: [[ChromeDriver: chrome on WINDOWS (dc2c64fcc1c09663eee064e43a1ca9ce)] -> xpath: //button[@name='paymentType']]</small> </font> </div>
<div class="test-event"> <font color="maroon"> <small> &emsp; &emsp;--- 23 Jun 17:12:53 747 - Element is displayed:: [[ChromeDriver: chrome on WINDOWS (dc2c64fcc1c09663eee064e43a1ca9ce)] -> xpath: //button[@name='paymentType']//span//following::span[@class='slds-truncate']]</small> </font> </div>
<div class="test-message">&emsp;Credit card payment option already exist in payment selection drop down</div>
<div class="test-event"> <font color="maroon"> <small> &emsp; &emsp;--- 23 Jun 17:13:06 864 - Element is displayed:: [[ChromeDriver: chrome on WINDOWS (dc2c64fcc1c09663eee064e43a1ca9ce)] -> xpath: //a[text()='Equip']]</small> </font> </div>
<div class="test-event"> <font color="maroon"> <small> &emsp; &emsp;--- 23 Jun 17:13:06 931 - Element is displayed:: [[ChromeDriver: chrome on WINDOWS (dc2c64fcc1c09663eee064e43a1ca9ce)] -> xpath: //a[text()='Equip']]</small> </font> </div>
<div class="test-event"> <font color="maroon"> <small> &emsp; &emsp;--- 23 Jun 17:13:17 137 - Element is displayed:: [[ChromeDriver: chrome on WINDOWS (dc2c64fcc1c09663eee064e43a1ca9ce)] -> xpath: //a[contains(@name,'Release_and_Waiver')]]</small> </font> </div>
<div class="test-event"> <font color="maroon"> <small> &emsp; &emsp;--- 23 Jun 17:13:17 199 - Element is displayed:: [[ChromeDriver: chrome on WINDOWS (dc2c64fcc1c09663eee064e43a1ca9ce)] -> xpath: //a[contains(@name,'Release_and_Waiver')]]</small> </font> </div>
<div class="test-message">&emsp;Sucessfully verified link&emsp;<a href=".\ScreenShot\IRRWelding_TC53_336837050098700.png" target="_blank" >[ScreenShot]</a></div>
<div class="test-event"> <font color="maroon"> <small> &emsp; &emsp;--- 23 Jun 17:13:23 417 - Element is displayed:: [[ChromeDriver: chrome on WINDOWS (dc2c64fcc1c09663eee064e43a1ca9ce)] -> xpath: //a[contains(@name,'Event_Policy')]]</small> </font> </div>
<div class="test-event"> <font color="maroon"> <small> &emsp; &emsp;--- 23 Jun 17:13:23 479 - Element is displayed:: [[ChromeDriver: chrome on WINDOWS (dc2c64fcc1c09663eee064e43a1ca9ce)] -> xpath: //a[contains(@name,'Event_Policy')]]</small> </font> </div>
<div class="test-message">&emsp;Sucessfully verified link&emsp;<a href=".\ScreenShot\IRRWelding_TC53_336844926644200.png" target="_blank" >[ScreenShot]</a></div>
<div class="test-event"> <font color="maroon"> <small> &emsp; &emsp;--- 23 Jun 17:14:15 606 - Unable to find a element after 30 sec ==> Proxy element for: AjaxElementLocator 'By.cssSelector: a[name*='_COVID_19_Policies']'</small> </font> </div>
<div class="test-event"> <font color="maroon"> <small> &emsp; &emsp;--- 23 Jun 17:15:01 760 - Unable to find a element after 30 sec ==> Proxy element for: AjaxElementLocator 'By.cssSelector: a[name*='_COVID_19_Policies']'</small> </font> </div>
<div class="test-event"> <font color="maroon"> <small> &emsp; &emsp;--- 23 Jun 17:15:03 858 - Element is displayed:: [[ChromeDriver: chrome on WINDOWS (dc2c64fcc1c09663eee064e43a1ca9ce)] -> xpath: (//span[@class='slds-checkbox_faux'])[2]]</small> </font> </div>
<div class="test-event"> <font color="maroon"> <small> &emsp; &emsp;--- 23 Jun 17:15:09 048 - Page URL:: https://www.icarstage.com/product/recertification-aluminum-gma-mig-welding/01tdi000007ten8iam</small> </font> </div>
<div class="test-event"> <font color="maroon"> <small> &emsp; &emsp;--- 23 Jun 17:15:09 049 - <b>5</b> - Page Load Wait: (Sync) - ICar.support.Utils.waitForPageLoad(Utils.java:109)</small> </font> </div>
<div class="test-event"> <font color="maroon"> <small> &emsp; &emsp;--- 23 Jun 17:15:19 526 - Catched spinner load exception due to Expected condition failed: waiting for ICar.support.WaitUtils$4@3c654ce5 (tried for 10 second(s) with 500 milliseconds interval)</small> </font> </div>
<div class="test-event"> <font color="maroon"> <small> &emsp; &emsp;--- 23 Jun 17:15:19 527 - <b>10</b> - Spinner Load Wait: (Sync) - ICar.support.WaitUtils.waitForSpinner(WaitUtils.java:225)</small> </font> </div>
<div class="test-event"> <font color="maroon"> <small> &emsp; &emsp;--- 23 Jun 17:15:34 889 - Moved to element..</small> </font> </div>
<div class="test-event"> <font color="maroon"> <small> &emsp; &emsp;--- 23 Jun 17:16:21 093 - Unable to find a element after 30 sec ==> Proxy element for: AjaxElementLocator 'By.xpath: (//span[@class='slds-checkbox_faux'])[3]'</small> </font> </div>
<div class="test-event"> <font color="maroon"> <small> &emsp; &emsp;--- 23 Jun 17:17:07 453 - Unable to find a element after 30 sec ==> Proxy element for: AjaxElementLocator 'By.xpath: (//span[@class='slds-checkbox_faux'])[3]'</small> </font> </div>
<div class="test-event"> <font color="maroon"> <small> &emsp; &emsp;--- 23 Jun 17:17:07 509 - Element is displayed:: [[ChromeDriver: chrome on WINDOWS (dc2c64fcc1c09663eee064e43a1ca9ce)] -> xpath: //div[@class='slds-align_absolute-center slds-p-top_small']//button]</small> </font> </div>
<div class="test-event"> <font color="maroon"> <small> &emsp; &emsp;--- 23 Jun 17:17:07 573 - Element is displayed:: [[ChromeDriver: chrome on WINDOWS (dc2c64fcc1c09663eee064e43a1ca9ce)] -> xpath: //div[@class='slds-align_absolute-center slds-p-top_small']//button]</small> </font> </div>
<div class="test-event"> <font color="maroon"> <small> &emsp; &emsp;--- 23 Jun 17:17:18 009 - Catched spinner load exception due to Expected condition failed: waiting for ICar.support.WaitUtils$4@3c654ce5 (tried for 10 second(s) with 500 milliseconds interval)</small> </font> </div>
<div class="test-event"> <font color="maroon"> <small> &emsp; &emsp;--- 23 Jun 17:17:18 009 - <b>10</b> - Spinner Load Wait: (Sync) - ICar.support.WaitUtils.waitForSpinner(WaitUtils.java:225)</small> </font> </div>
<div class="test-event"> <font color="maroon"> <small> &emsp; &emsp;--- 23 Jun 17:17:23 173 - Page URL:: https://www.icarstage.com/product/recertification-aluminum-gma-mig-welding/01tdi000007ten8iam</small> </font> </div>
<div class="test-event"> <font color="maroon"> <small> &emsp; &emsp;--- 23 Jun 17:17:23 173 - <b>5</b> - Page Load Wait: (Sync) - ICar.support.Utils.waitForPageLoad(Utils.java:109)</small> </font> </div>
<div class="test-event"> <font color="maroon"> <small> &emsp; &emsp;--- 23 Jun 17:17:25 435 - Element is displayed:: [[ChromeDriver: chrome on WINDOWS (dc2c64fcc1c09663eee064e43a1ca9ce)] -> xpath: //button[text()='Add Selected Students']]</small> </font> </div>
<div class="test-event"> <font color="maroon"> <small> &emsp; &emsp;--- 23 Jun 17:18:11 583 - Unable to find a element after 30 sec ==> Proxy element for: AjaxElementLocator 'By.xpath: //button[text()='Ok']'</small> </font> </div>
<div class="test-event"> <font color="maroon"> <small> &emsp; &emsp;--- 23 Jun 17:18:57 726 - Unable to find a element after 30 sec ==> Proxy element for: AjaxElementLocator 'By.xpath: //button[text()='Ok']'</small> </font> </div>
<div class="test-event"> <font color="maroon"> <small> &emsp; &emsp;--- 23 Jun 17:18:57 795 - Element is displayed:: [[ChromeDriver: chrome on WINDOWS (dc2c64fcc1c09663eee064e43a1ca9ce)] -> xpath: //button[text()='Make Request']]</small> </font> </div>
<div class="test-event"> <font color="maroon"> <small> &emsp; &emsp;--- 23 Jun 17:18:59 893 - Element is displayed:: [[ChromeDriver: chrome on WINDOWS (dc2c64fcc1c09663eee064e43a1ca9ce)] -> xpath: //button[text()='Make Request']]</small> </font> </div>
<div class="test-event"> <font color="maroon"> <small> &emsp; &emsp;--- 23 Jun 17:19:30 379 - Catched spinner load exception due to Expected condition failed: waiting for ICar.support.WaitUtils$4@3c654ce5 (tried for 30 second(s) with 500 milliseconds interval)</small> </font> </div>
<div class="test-event"> <font color="maroon"> <small> &emsp; &emsp;--- 23 Jun 17:19:30 380 - <b>30</b> - Spinner Load Wait: (Sync) - ICar.support.WaitUtils.waitForSpinner(WaitUtils.java:225)</small> </font> </div>
<div class="test-message">&emsp;Successfully Requested the Recertification: Aluminum GMA (MIG) Welding course&emsp;<a href=".\ScreenShot\IRRWelding_TC53_337206356608600.png" target="_blank" >[ScreenShot]</a></div>
<div class="test-event"> <font color="maroon"> <small> &emsp; &emsp;--- 23 Jun 17:19:35 862 - Page URL:: https://my.icarstage.com/s/manage-in-shop-events</small> </font> </div>
<div class="test-event"> <font color="maroon"> <small> &emsp; &emsp;--- 23 Jun 17:19:35 862 - <b>5</b> - Page Load Wait: (Sync) - ICar.support.Utils.waitForPageLoad(Utils.java:109)</small> </font> </div>
<div class="test-event"> <font color="maroon"> <small> &emsp; &emsp;--- 23 Jun 17:20:03 549 - Page URL:: https://i-car--staging.sandbox.my.salesforce.com/</small> </font> </div>
<div class="test-event"> <font color="maroon"> <small> &emsp; &emsp;--- 23 Jun 17:20:03 549 - <b>5</b> - Page Load Wait: (Sync) - ICar.support.Utils.waitForPageLoad(Utils.java:109)</small> </font> </div>
<div class="test-message">&emsp;Successfully navigated to 'Login' Page&emsp;<a href=".\ScreenShot\IRRWelding_TC53_337239524169200.png" target="_blank" >[ScreenShot]</a></div>
<div class="test-message">&emsp;Login page is launched.</div>
<div class="test-event"> <font color="maroon"> <small> &emsp; &emsp;--- 23 Jun 17:20:04 128 - Element is displayed:: [[ChromeDriver: chrome on WINDOWS (dc2c64fcc1c09663eee064e43a1ca9ce)] -> id: username]</small> </font> </div>
<div class="test-event"> <font color="maroon"> <small> &emsp; &emsp;--- 23 Jun 17:20:04 193 - Element is displayed:: [[ChromeDriver: chrome on WINDOWS (dc2c64fcc1c09663eee064e43a1ca9ce)] -> id: username]</small> </font> </div>
<div class="test-event"> <font color="maroon"> <small> &emsp; &emsp;--- 23 Jun 17:20:04 432 - Element is displayed:: [[ChromeDriver: chrome on WINDOWS (dc2c64fcc1c09663eee064e43a1ca9ce)] -> id: password]</small> </font> </div>
<div class="test-event"> <font color="maroon"> <small> &emsp; &emsp;--- 23 Jun 17:20:04 621 - Element is displayed:: [[ChromeDriver: chrome on WINDOWS (dc2c64fcc1c09663eee064e43a1ca9ce)] -> id: Login]</small> </font> </div>
<div class="test-event"> <font color="maroon"> <small> &emsp; &emsp;--- 23 Jun 17:20:41 336 - Catched spinner load exception due to Expected condition failed: waiting for ICar.support.WaitUtils$4@3c654ce5 (tried for 13 second(s) with 500 milliseconds interval)</small> </font> </div>
<div class="test-event"> <font color="maroon"> <small> &emsp; &emsp;--- 23 Jun 17:20:41 336 - <b>13</b> - Spinner Load Wait: (Sync) - ICar.support.WaitUtils.waitForSpinner(WaitUtils.java:225)</small> </font> </div>
<div class="test-event"> <font color="maroon"> <small> &emsp; &emsp;--- 23 Jun 17:20:58 732 - Catched spinner load exception due to Expected condition failed: waiting for ICar.support.WaitUtils$4@3c654ce5 (tried for 6 second(s) with 500 milliseconds interval)</small> </font> </div>
<div class="test-event"> <font color="maroon"> <small> &emsp; &emsp;--- 23 Jun 17:20:58 732 - <b>6</b> - Spinner Load Wait: (Sync) - ICar.support.WaitUtils.waitForSpinner(WaitUtils.java:225)</small> </font> </div>
<div class="test-event"> <font color="maroon"> <small> &emsp; &emsp;--- 23 Jun 17:20:58 798 - Element is displayed:: [[ChromeDriver: chrome on WINDOWS (dc2c64fcc1c09663eee064e43a1ca9ce)] -> css selector: button[class*='search-button']]</small> </font> </div>
<div class="test-message">&emsp;Navigate to 'SalesForce Page'</div>
<div class="test-event"> <font color="maroon"> <small> &emsp; &emsp;--- 23 Jun 17:21:04 032 - Page URL:: https://i-car--staging.sandbox.lightning.force.com/lightning/o/committee__c/list?filtername=__recent</small> </font> </div>
<div class="test-event"> <font color="maroon"> <small> &emsp; &emsp;--- 23 Jun 17:21:04 032 - <b>5</b> - Page Load Wait: (Sync) - ICar.support.Utils.waitForPageLoad(Utils.java:109)</small> </font> </div>
<div class="test-event"> <font color="maroon"> <small> &emsp; &emsp;--- 23 Jun 17:21:14 183 - Page URL:: https://i-car--staging.sandbox.lightning.force.com/lightning/o/committee__c/list?filtername=__recent</small> </font> </div>
<div class="test-event"> <font color="maroon"> <small> &emsp; &emsp;--- 23 Jun 17:21:14 183 - <b>5</b> - Page Load Wait: (Sync) - ICar.support.Utils.waitForPageLoad(Utils.java:109)</small> </font> </div>
<div class="test-message">&emsp;Close the tab</div>
<div class="test-message">&emsp;Successfully navigated to 'Salesforce Login' Page&emsp;<a href=".\ScreenShot\IRRWelding_TC53_337327508642800.png" target="_blank" >[ScreenShot]</a></div>
<div class="test-message">&emsp;Enter the user credentials as : vinod.hari@i-car.com.staging</div>
<div class="test-event"> <font color="maroon"> <small> &emsp; &emsp;--- 23 Jun 17:21:48 233 - Page URL:: https://i-car--staging.sandbox.lightning.force.com/lightning/o/committee__c/list?filtername=__recent</small> </font> </div>
<div class="test-event"> <font color="maroon"> <small> &emsp; &emsp;--- 23 Jun 17:21:48 233 - <b>5</b> - Page Load Wait: (Sync) - ICar.support.Utils.waitForPageLoad(Utils.java:109)</small> </font> </div>
<div class="test-event"> <font color="maroon"> <small> &emsp; &emsp;--- 23 Jun 17:21:53 370 - Page URL:: https://i-car--staging.sandbox.lightning.force.com/lightning/o/committee__c/list?filtername=__recent</small> </font> </div>
<div class="test-event"> <font color="maroon"> <small> &emsp; &emsp;--- 23 Jun 17:21:53 370 - <b>5</b> - Page Load Wait: (Sync) - ICar.support.Utils.waitForPageLoad(Utils.java:109)</small> </font> </div>
<div class="test-event"> <font color="maroon"> <small> &emsp; &emsp;--- 23 Jun 17:22:03 537 - Page URL:: https://i-car--staging.sandbox.lightning.force.com/lightning/o/committee__c/list?filtername=__recent</small> </font> </div>
<div class="test-event"> <font color="maroon"> <small> &emsp; &emsp;--- 23 Jun 17:22:03 537 - <b>5</b> - Page Load Wait: (Sync) - ICar.support.Utils.waitForPageLoad(Utils.java:109)</small> </font> </div>
<div class="test-message">&emsp;Close the tab</div>
<div class="test-event"> <font color="maroon"> <small> &emsp; &emsp;--- 23 Jun 17:22:37 445 - Catched spinner load exception due to Expected condition failed: waiting for ICar.support.WaitUtils$4@3c654ce5 (tried for 5 second(s) with 500 milliseconds interval)</small> </font> </div>
<div class="test-event"> <font color="maroon"> <small> &emsp; &emsp;--- 23 Jun 17:22:37 446 - <b>5</b> - Spinner Load Wait: (Sync) - ICar.support.WaitUtils.waitForSpinner(WaitUtils.java:225)</small> </font> </div>
<div class="test-event"> <font color="maroon"> <small> &emsp; &emsp;--- 23 Jun 17:22:42 619 - Page URL:: https://i-car--staging.sandbox.lightning.force.com/lightning/o/committee__c/list?filtername=__recent</small> </font> </div>
<div class="test-event"> <font color="maroon"> <small> &emsp; &emsp;--- 23 Jun 17:22:42 619 - <b>5</b> - Page Load Wait: (Sync) - ICar.support.Utils.waitForPageLoad(Utils.java:109)</small> </font> </div>
<div class="test-event"> <font color="maroon"> <small> &emsp; &emsp;--- 23 Jun 17:22:42 692 - Element is displayed:: [[ChromeDriver: chrome on WINDOWS (dc2c64fcc1c09663eee064e43a1ca9ce)] -> xpath: //div[contains(@class,'appLauncher ')]//button]</small> </font> </div>
<div class="test-event"> <font color="maroon"> <small> &emsp; &emsp;--- 23 Jun 17:22:42 749 - Element is displayed:: [[ChromeDriver: chrome on WINDOWS (dc2c64fcc1c09663eee064e43a1ca9ce)] -> xpath: //div[contains(@class,'appLauncher ')]//button]</small> </font> </div>
<div class="test-event"> <font color="maroon"> <small> &emsp; &emsp;--- 23 Jun 17:22:44 729 - Element is displayed:: [[ChromeDriver: chrome on WINDOWS (dc2c64fcc1c09663eee064e43a1ca9ce)] -> xpath: //input[@placeholder='Search apps and items...']]</small> </font> </div>
<div class="test-event"> <font color="maroon"> <small> &emsp; &emsp;--- 23 Jun 17:22:44 794 - Element is displayed:: [[ChromeDriver: chrome on WINDOWS (dc2c64fcc1c09663eee064e43a1ca9ce)] -> xpath: //input[@placeholder='Search apps and items...']]</small> </font> </div>
<div class="test-event"> <font color="maroon"> <small> &emsp; &emsp;--- 23 Jun 17:22:48 121 - Element is displayed:: [[ChromeDriver: chrome on WINDOWS (dc2c64fcc1c09663eee064e43a1ca9ce)] -> xpath: //lightning-formatted-rich-text/span/p/b[text()='Session Scheduling Console']]</small> </font> </div>
<div class="test-event"> <font color="maroon"> <small> &emsp; &emsp;--- 23 Jun 17:22:51 160 - Element is displayed:: [[ChromeDriver: chrome on WINDOWS (dc2c64fcc1c09663eee064e43a1ca9ce)] -> xpath: //lightning-formatted-rich-text/span/p/b[text()='Session Scheduling Console']]</small> </font> </div>
<div class="test-event"> <font color="maroon"> <small> &emsp; &emsp;--- 23 Jun 17:22:56 411 - Page URL:: https://i-car--staging.sandbox.lightning.force.com/lightning/n/session_scheduling_console</small> </font> </div>
<div class="test-event"> <font color="maroon"> <small> &emsp; &emsp;--- 23 Jun 17:22:56 411 - <b>5</b> - Page Load Wait: (Sync) - ICar.support.Utils.waitForPageLoad(Utils.java:109)</small> </font> </div>
<div class="test-event"> <font color="maroon"> <small> &emsp; &emsp;--- 23 Jun 17:23:16 905 - Catched spinner load exception due to Expected condition failed: waiting for ICar.support.WaitUtils$4@3c654ce5 (tried for 10 second(s) with 500 milliseconds interval)</small> </font> </div>
<div class="test-event"> <font color="maroon"> <small> &emsp; &emsp;--- 23 Jun 17:23:16 905 - <b>10</b> - Spinner Load Wait: (Sync) - ICar.support.WaitUtils.waitForSpinner(WaitUtils.java:225)</small> </font> </div>
<div class="test-event"> <font color="maroon"> <small> &emsp; &emsp;--- 23 Jun 17:23:22 114 - Page URL:: https://i-car--staging.sandbox.lightning.force.com/lightning/n/session_scheduling_console</small> </font> </div>
<div class="test-event"> <font color="maroon"> <small> &emsp; &emsp;--- 23 Jun 17:23:22 115 - <b>5</b> - Page Load Wait: (Sync) - ICar.support.Utils.waitForPageLoad(Utils.java:109)</small> </font> </div>
<div class="test-event"> <font color="maroon"> <small> &emsp; &emsp;--- 23 Jun 17:23:46 549 - Catched spinner load exception due to Expected condition failed: waiting for ICar.support.WaitUtils$4@3c654ce5 (tried for 24 second(s) with 500 milliseconds interval)</small> </font> </div>
<div class="test-event"> <font color="maroon"> <small> &emsp; &emsp;--- 23 Jun 17:23:46 549 - <b>24</b> - Spinner Load Wait: (Sync) - ICar.support.WaitUtils.waitForSpinner(WaitUtils.java:225)</small> </font> </div>
<div class="test-event"> <font color="maroon"> <small> &emsp; &emsp;--- 23 Jun 17:23:51 739 - Page URL:: https://i-car--staging.sandbox.lightning.force.com/lightning/n/session_scheduling_console</small> </font> </div>
<div class="test-event"> <font color="maroon"> <small> &emsp; &emsp;--- 23 Jun 17:23:51 739 - <b>5</b> - Page Load Wait: (Sync) - ICar.support.Utils.waitForPageLoad(Utils.java:109)</small> </font> </div>
<div class="test-event"> <font color="maroon"> <small> &emsp; &emsp;--- 23 Jun 17:24:12 060 - Catched spinner load exception due to Expected condition failed: waiting for ICar.support.WaitUtils$4@3c654ce5 (tried for 20 second(s) with 500 milliseconds interval)</small> </font> </div>
<div class="test-event"> <font color="maroon"> <small> &emsp; &emsp;--- 23 Jun 17:24:12 060 - <b>20</b> - Spinner Load Wait: (Sync) - ICar.support.WaitUtils.waitForSpinner(WaitUtils.java:225)</small> </font> </div>
<div class="test-message">&emsp;Total no of frames 1</div>
<div class="test-event"> <font color="maroon"> <small> &emsp; &emsp;--- 23 Jun 17:24:12 204 - Element is displayed:: [[ChromeDriver: chrome on WINDOWS (dc2c64fcc1c09663eee064e43a1ca9ce)] -> xpath: //span[@class='slds-checkbox_faux']]</small> </font> </div>
<div class="test-event"> <font color="maroon"> <small> &emsp; &emsp;--- 23 Jun 17:24:16 331 - Element is displayed:: [[ChromeDriver: chrome on WINDOWS (dc2c64fcc1c09663eee064e43a1ca9ce)] -> xpath: //span[@class='slds-checkbox_faux']]</small> </font> </div>
<div class="test-event"> <font color="maroon"> <small> &emsp; &emsp;--- 23 Jun 17:24:18 430 - Element is displayed:: [[ChromeDriver: chrome on WINDOWS (dc2c64fcc1c09663eee064e43a1ca9ce)] -> xpath: //div[text()='Queued']]</small> </font> </div>
<div class="test-event"> <font color="maroon"> <small> &emsp; &emsp;--- 23 Jun 17:24:21 510 - Element is displayed:: [[ChromeDriver: chrome on WINDOWS (dc2c64fcc1c09663eee064e43a1ca9ce)] -> xpath: (//input[@type='text'])[4]]</small> </font> </div>
<div class="test-event"> <font color="maroon"> <small> &emsp; &emsp;--- 23 Jun 17:24:21 609 - Element is displayed:: [[ChromeDriver: chrome on WINDOWS (dc2c64fcc1c09663eee064e43a1ca9ce)] -> xpath: (//input[@type='text'])[4]]</small> </font> </div>
<div class="test-event"> <font color="maroon"> <small> &emsp; &emsp;--- 23 Jun 17:24:21 672 - Element is displayed:: [[ChromeDriver: chrome on WINDOWS (dc2c64fcc1c09663eee064e43a1ca9ce)] -> xpath: (//input[@type='text'])[4]]</small> </font> </div>
<div class="test-event"> <font color="maroon"> <small> &emsp; &emsp;--- 23 Jun 17:24:24 762 - Element is displayed:: [[ChromeDriver: chrome on WINDOWS (dc2c64fcc1c09663eee064e43a1ca9ce)] -> xpath: (//input[@type='text'])[4]]</small> </font> </div>
<div class="test-event"> <font color="maroon"> <small> &emsp; &emsp;--- 23 Jun 17:24:30 195 - Page URL:: https://i-car--staging.sandbox.lightning.force.com/lightning/n/session_scheduling_console</small> </font> </div>
<div class="test-event"> <font color="maroon"> <small> &emsp; &emsp;--- 23 Jun 17:24:30 195 - <b>5</b> - Page Load Wait: (Sync) - ICar.support.Utils.waitForPageLoad(Utils.java:109)</small> </font> </div>
<div class="test-event"> <font color="maroon"> <small> &emsp; &emsp;--- 23 Jun 17:24:35 397 - Page URL:: https://i-car--staging.sandbox.lightning.force.com/lightning/n/session_scheduling_console</small> </font> </div>
<div class="test-event"> <font color="maroon"> <small> &emsp; &emsp;--- 23 Jun 17:24:35 397 - <b>5</b> - Page Load Wait: (Sync) - ICar.support.Utils.waitForPageLoad(Utils.java:109)</small> </font> </div>
<div class="test-event"> <font color="maroon"> <small> &emsp; &emsp;--- 23 Jun 17:24:47 878 - Catched spinner load exception due to Expected condition failed: waiting for ICar.support.WaitUtils$4@3c654ce5 (tried for 12 second(s) with 500 milliseconds interval)</small> </font> </div>
<div class="test-event"> <font color="maroon"> <small> &emsp; &emsp;--- 23 Jun 17:24:47 878 - <b>12</b> - Spinner Load Wait: (Sync) - ICar.support.WaitUtils.waitForSpinner(WaitUtils.java:225)</small> </font> </div>
<div class="test-event"> <font color="maroon"> <small> &emsp; &emsp;--- 23 Jun 17:25:08 199 - Catched spinner load exception due to Expected condition failed: waiting for ICar.support.WaitUtils$4@3c654ce5 (tried for 20 second(s) with 500 milliseconds interval)</small> </font> </div>
<div class="test-event"> <font color="maroon"> <small> &emsp; &emsp;--- 23 Jun 17:25:08 199 - <b>20</b> - Spinner Load Wait: (Sync) - ICar.support.WaitUtils.waitForSpinner(WaitUtils.java:225)</small> </font> </div>
<div class="test-message">&emsp;Total no of frames 1</div>
<div class="test-message">&emsp;Job numberJOB-53204</div>
<div class="test-event"> <font color="maroon"> <small> &emsp; &emsp;--- 23 Jun 17:25:22 760 - Catched spinner load exception due to Expected condition failed: waiting for ICar.support.WaitUtils$4@3c654ce5 (tried for 12 second(s) with 500 milliseconds interval)</small> </font> </div>
<div class="test-event"> <font color="maroon"> <small> &emsp; &emsp;--- 23 Jun 17:25:22 760 - <b>12</b> - Spinner Load Wait: (Sync) - ICar.support.WaitUtils.waitForSpinner(WaitUtils.java:225)</small> </font> </div>
<div class="test-event"> <font color="maroon"> <small> &emsp; &emsp;--- 23 Jun 17:25:22 817 - Element is displayed:: [[ChromeDriver: chrome on WINDOWS (dc2c64fcc1c09663eee064e43a1ca9ce)] -> xpath: //div[@class='slds-scrollable_y slds-p-horizontal_small slds-grow ng-scope']//table//tbody//tr//td[@class='col-action']//button]</small> </font> </div>
<div class="test-event"> <font color="maroon"> <small> &emsp; &emsp;--- 23 Jun 17:25:22 915 - Element is displayed:: [[ChromeDriver: chrome on WINDOWS (dc2c64fcc1c09663eee064e43a1ca9ce)] -> xpath: (//li[@class='slds-dropdown__item']//a//span[@class='slds-truncate'])[2]]</small> </font> </div>
<div class="test-message">&emsp;Job numberJOB-53205</div>
<div class="test-event"> <font color="maroon"> <small> &emsp; &emsp;--- 23 Jun 17:25:37 580 - Catched spinner load exception due to Expected condition failed: waiting for ICar.support.WaitUtils$4@3c654ce5 (tried for 12 second(s) with 500 milliseconds interval)</small> </font> </div>
<div class="test-event"> <font color="maroon"> <small> &emsp; &emsp;--- 23 Jun 17:25:37 580 - <b>12</b> - Spinner Load Wait: (Sync) - ICar.support.WaitUtils.waitForSpinner(WaitUtils.java:225)</small> </font> </div>
<div class="test-event"> <font color="maroon"> <small> &emsp; &emsp;--- 23 Jun 17:25:37 641 - Element is displayed:: [[ChromeDriver: chrome on WINDOWS (dc2c64fcc1c09663eee064e43a1ca9ce)] -> xpath: //div[@class='slds-scrollable_y slds-p-horizontal_small slds-grow ng-scope']//table//tbody//tr//td[@class='col-action']//button]</small> </font> </div>
<div class="test-event"> <font color="maroon"> <small> &emsp; &emsp;--- 23 Jun 17:25:37 794 - Element is displayed:: [[ChromeDriver: chrome on WINDOWS (dc2c64fcc1c09663eee064e43a1ca9ce)] -> xpath: (//li[@class='slds-dropdown__item']//a//span[@class='slds-truncate'])[2]]</small> </font> </div>
<div class="test-message">&emsp;Job numberJOB-53206</div>
<div class="test-event"> <font color="maroon"> <small> &emsp; &emsp;--- 23 Jun 17:25:52 413 - Catched spinner load exception due to Expected condition failed: waiting for ICar.support.WaitUtils$4@3c654ce5 (tried for 12 second(s) with 500 milliseconds interval)</small> </font> </div>
<div class="test-event"> <font color="maroon"> <small> &emsp; &emsp;--- 23 Jun 17:25:52 413 - <b>12</b> - Spinner Load Wait: (Sync) - ICar.support.WaitUtils.waitForSpinner(WaitUtils.java:225)</small> </font> </div>
<div class="test-event"> <font color="maroon"> <small> &emsp; &emsp;--- 23 Jun 17:25:52 482 - Element is displayed:: [[ChromeDriver: chrome on WINDOWS (dc2c64fcc1c09663eee064e43a1ca9ce)] -> xpath: //div[@class='slds-scrollable_y slds-p-horizontal_small slds-grow ng-scope']//table//tbody//tr//td[@class='col-action']//button]</small> </font> </div>
<div class="test-event"> <font color="maroon"> <small> &emsp; &emsp;--- 23 Jun 17:25:52 600 - Element is displayed:: [[ChromeDriver: chrome on WINDOWS (dc2c64fcc1c09663eee064e43a1ca9ce)] -> xpath: (//li[@class='slds-dropdown__item']//a//span[@class='slds-truncate'])[2]]</small> </font> </div>
<div class="test-message">&emsp;Job numberJOB-58710</div>
<div class="test-event"> <font color="maroon"> <small> &emsp; &emsp;--- 23 Jun 17:26:07 311 - Catched spinner load exception due to Expected condition failed: waiting for ICar.support.WaitUtils$4@3c654ce5 (tried for 12 second(s) with 500 milliseconds interval)</small> </font> </div>
<div class="test-event"> <font color="maroon"> <small> &emsp; &emsp;--- 23 Jun 17:26:07 311 - <b>12</b> - Spinner Load Wait: (Sync) - ICar.support.WaitUtils.waitForSpinner(WaitUtils.java:225)</small> </font> </div>
<div class="test-event"> <font color="maroon"> <small> &emsp; &emsp;--- 23 Jun 17:26:07 382 - Element is displayed:: [[ChromeDriver: chrome on WINDOWS (dc2c64fcc1c09663eee064e43a1ca9ce)] -> xpath: //div[@class='slds-scrollable_y slds-p-horizontal_small slds-grow ng-scope']//table//tbody//tr//td[@class='col-action']//button]</small> </font> </div>
<div class="test-event"> <font color="maroon"> <small> &emsp; &emsp;--- 23 Jun 17:26:07 582 - Element is displayed:: [[ChromeDriver: chrome on WINDOWS (dc2c64fcc1c09663eee064e43a1ca9ce)] -> xpath: (//li[@class='slds-dropdown__item']//a//span[@class='slds-truncate'])[2]]</small> </font> </div>
<div class="test-message">&emsp;Job numberJOB-58711</div>
<div class="test-event"> <font color="maroon"> <small> &emsp; &emsp;--- 23 Jun 17:26:21 833 - Catched spinner load exception due to Expected condition failed: waiting for ICar.support.WaitUtils$4@3c654ce5 (tried for 12 second(s) with 500 milliseconds interval)</small> </font> </div>
<div class="test-event"> <font color="maroon"> <small> &emsp; &emsp;--- 23 Jun 17:26:21 833 - <b>12</b> - Spinner Load Wait: (Sync) - ICar.support.WaitUtils.waitForSpinner(WaitUtils.java:225)</small> </font> </div>
<div class="test-event"> <font color="maroon"> <small> &emsp; &emsp;--- 23 Jun 17:26:21 967 - Element is displayed:: [[ChromeDriver: chrome on WINDOWS (dc2c64fcc1c09663eee064e43a1ca9ce)] -> xpath: //div[@class='slds-scrollable_y slds-p-horizontal_small slds-grow ng-scope']//table//tbody//tr//td[@class='col-action']//button]</small> </font> </div>
<div class="test-event"> <font color="maroon"> <small> &emsp; &emsp;--- 23 Jun 17:26:22 576 - Element is displayed:: [[ChromeDriver: chrome on WINDOWS (dc2c64fcc1c09663eee064e43a1ca9ce)] -> xpath: (//li[@class='slds-dropdown__item']//a//span[@class='slds-truncate'])[2]]</small> </font> </div>
<div class="test-message">&emsp;Job numberJOB-58713</div>
<div class="test-event"> <font color="maroon"> <small> &emsp; &emsp;--- 23 Jun 17:26:37 003 - Catched spinner load exception due to Expected condition failed: waiting for ICar.support.WaitUtils$4@3c654ce5 (tried for 12 second(s) with 500 milliseconds interval)</small> </font> </div>
<div class="test-event"> <font color="maroon"> <small> &emsp; &emsp;--- 23 Jun 17:26:37 004 - <b>12</b> - Spinner Load Wait: (Sync) - ICar.support.WaitUtils.waitForSpinner(WaitUtils.java:225)</small> </font> </div>
<div class="test-event"> <font color="maroon"> <small> &emsp; &emsp;--- 23 Jun 17:26:37 094 - Element is displayed:: [[ChromeDriver: chrome on WINDOWS (dc2c64fcc1c09663eee064e43a1ca9ce)] -> xpath: //div[@class='slds-scrollable_y slds-p-horizontal_small slds-grow ng-scope']//table//tbody//tr//td[@class='col-action']//button]</small> </font> </div>
<div class="test-event"> <font color="maroon"> <small> &emsp; &emsp;--- 23 Jun 17:26:37 387 - Element is displayed:: [[ChromeDriver: chrome on WINDOWS (dc2c64fcc1c09663eee064e43a1ca9ce)] -> xpath: (//li[@class='slds-dropdown__item']//a//span[@class='slds-truncate'])[2]]</small> </font> </div>
<div class="test-message">&emsp;Job numberJOB-60063</div>
<div class="test-event"> <font color="maroon"> <small> &emsp; &emsp;--- 23 Jun 17:26:51 697 - Catched spinner load exception due to Expected condition failed: waiting for ICar.support.WaitUtils$4@3c654ce5 (tried for 12 second(s) with 500 milliseconds interval)</small> </font> </div>
<div class="test-event"> <font color="maroon"> <small> &emsp; &emsp;--- 23 Jun 17:26:51 698 - <b>12</b> - Spinner Load Wait: (Sync) - ICar.support.WaitUtils.waitForSpinner(WaitUtils.java:225)</small> </font> </div>
<div class="test-event"> <font color="maroon"> <small> &emsp; &emsp;--- 23 Jun 17:26:51 763 - Element is displayed:: [[ChromeDriver: chrome on WINDOWS (dc2c64fcc1c09663eee064e43a1ca9ce)] -> xpath: //div[@class='slds-scrollable_y slds-p-horizontal_small slds-grow ng-scope']//table//tbody//tr//td[@class='col-action']//button]</small> </font> </div>
<div class="test-event"> <font color="maroon"> <small> &emsp; &emsp;--- 23 Jun 17:26:51 964 - Element is displayed:: [[ChromeDriver: chrome on WINDOWS (dc2c64fcc1c09663eee064e43a1ca9ce)] -> xpath: (//li[@class='slds-dropdown__item']//a//span[@class='slds-truncate'])[2]]</small> </font> </div>
<div class="test-message">&emsp;Job numberJOB-60064</div>
<div class="test-event"> <font color="maroon"> <small> &emsp; &emsp;--- 23 Jun 17:27:06 180 - Catched spinner load exception due to Expected condition failed: waiting for ICar.support.WaitUtils$4@3c654ce5 (tried for 12 second(s) with 500 milliseconds interval)</small> </font> </div>
<div class="test-event"> <font color="maroon"> <small> &emsp; &emsp;--- 23 Jun 17:27:06 180 - <b>12</b> - Spinner Load Wait: (Sync) - ICar.support.WaitUtils.waitForSpinner(WaitUtils.java:225)</small> </font> </div>
<div class="test-event"> <font color="maroon"> <small> &emsp; &emsp;--- 23 Jun 17:27:06 245 - Element is displayed:: [[ChromeDriver: chrome on WINDOWS (dc2c64fcc1c09663eee064e43a1ca9ce)] -> xpath: //div[@class='slds-scrollable_y slds-p-horizontal_small slds-grow ng-scope']//table//tbody//tr//td[@class='col-action']//button]</small> </font> </div>
<div class="test-event"> <font color="maroon"> <small> &emsp; &emsp;--- 23 Jun 17:27:06 438 - Element is displayed:: [[ChromeDriver: chrome on WINDOWS (dc2c64fcc1c09663eee064e43a1ca9ce)] -> xpath: (//li[@class='slds-dropdown__item']//a//span[@class='slds-truncate'])[2]]</small> </font> </div>
<div class="test-message">&emsp;Job numberJOB-60066</div>
<div class="test-event"> <font color="maroon"> <small> &emsp; &emsp;--- 23 Jun 17:27:20 652 - Catched spinner load exception due to Expected condition failed: waiting for ICar.support.WaitUtils$4@3c654ce5 (tried for 12 second(s) with 500 milliseconds interval)</small> </font> </div>
<div class="test-event"> <font color="maroon"> <small> &emsp; &emsp;--- 23 Jun 17:27:20 652 - <b>12</b> - Spinner Load Wait: (Sync) - ICar.support.WaitUtils.waitForSpinner(WaitUtils.java:225)</small> </font> </div>
<div class="test-event"> <font color="maroon"> <small> &emsp; &emsp;--- 23 Jun 17:27:20 718 - Element is displayed:: [[ChromeDriver: chrome on WINDOWS (dc2c64fcc1c09663eee064e43a1ca9ce)] -> xpath: //div[@class='slds-scrollable_y slds-p-horizontal_small slds-grow ng-scope']//table//tbody//tr//td[@class='col-action']//button]</small> </font> </div>
<div class="test-event"> <font color="maroon"> <small> &emsp; &emsp;--- 23 Jun 17:27:20 905 - Element is displayed:: [[ChromeDriver: chrome on WINDOWS (dc2c64fcc1c09663eee064e43a1ca9ce)] -> xpath: (//li[@class='slds-dropdown__item']//a//span[@class='slds-truncate'])[2]]</small> </font> </div>
<div class="test-message">&emsp;Job numberJOB-65181</div>
<div class="test-event"> <font color="maroon"> <small> &emsp; &emsp;--- 23 Jun 17:27:35 620 - Catched spinner load exception due to Expected condition failed: waiting for ICar.support.WaitUtils$4@3c654ce5 (tried for 12 second(s) with 500 milliseconds interval)</small> </font> </div>
<div class="test-event"> <font color="maroon"> <small> &emsp; &emsp;--- 23 Jun 17:27:35 620 - <b>12</b> - Spinner Load Wait: (Sync) - ICar.support.WaitUtils.waitForSpinner(WaitUtils.java:225)</small> </font> </div>
<div class="test-event"> <font color="maroon"> <small> &emsp; &emsp;--- 23 Jun 17:27:35 683 - Element is displayed:: [[ChromeDriver: chrome on WINDOWS (dc2c64fcc1c09663eee064e43a1ca9ce)] -> xpath: //div[@class='slds-scrollable_y slds-p-horizontal_small slds-grow ng-scope']//table//tbody//tr//td[@class='col-action']//button]</small> </font> </div>
<div class="test-event"> <font color="maroon"> <small> &emsp; &emsp;--- 23 Jun 17:27:35 880 - Element is displayed:: [[ChromeDriver: chrome on WINDOWS (dc2c64fcc1c09663eee064e43a1ca9ce)] -> xpath: (//li[@class='slds-dropdown__item']//a//span[@class='slds-truncate'])[2]]</small> </font> </div>
<div class="test-message">&emsp;Job numberJOB-65183</div>
<div class="test-event"> <font color="maroon"> <small> &emsp; &emsp;--- 23 Jun 17:27:50 617 - Catched spinner load exception due to Expected condition failed: waiting for ICar.support.WaitUtils$4@3c654ce5 (tried for 12 second(s) with 500 milliseconds interval)</small> </font> </div>
<div class="test-event"> <font color="maroon"> <small> &emsp; &emsp;--- 23 Jun 17:27:50 617 - <b>12</b> - Spinner Load Wait: (Sync) - ICar.support.WaitUtils.waitForSpinner(WaitUtils.java:225)</small> </font> </div>
<div class="test-event"> <font color="maroon"> <small> &emsp; &emsp;--- 23 Jun 17:27:50 679 - Element is displayed:: [[ChromeDriver: chrome on WINDOWS (dc2c64fcc1c09663eee064e43a1ca9ce)] -> xpath: //div[@class='slds-scrollable_y slds-p-horizontal_small slds-grow ng-scope']//table//tbody//tr//td[@class='col-action']//button]</small> </font> </div>
<div class="test-event"> <font color="maroon"> <small> &emsp; &emsp;--- 23 Jun 17:27:50 944 - Element is displayed:: [[ChromeDriver: chrome on WINDOWS (dc2c64fcc1c09663eee064e43a1ca9ce)] -> xpath: (//li[@class='slds-dropdown__item']//a//span[@class='slds-truncate'])[2]]</small> </font> </div>
<div class="test-message">&emsp;Job numberJOB-65184</div>
<div class="test-event"> <font color="maroon"> <small> &emsp; &emsp;--- 23 Jun 17:28:05 713 - Catched spinner load exception due to Expected condition failed: waiting for ICar.support.WaitUtils$4@3c654ce5 (tried for 12 second(s) with 500 milliseconds interval)</small> </font> </div>
<div class="test-event"> <font color="maroon"> <small> &emsp; &emsp;--- 23 Jun 17:28:05 713 - <b>12</b> - Spinner Load Wait: (Sync) - ICar.support.WaitUtils.waitForSpinner(WaitUtils.java:225)</small> </font> </div>
<div class="test-event"> <font color="maroon"> <small> &emsp; &emsp;--- 23 Jun 17:28:05 779 - Element is displayed:: [[ChromeDriver: chrome on WINDOWS (dc2c64fcc1c09663eee064e43a1ca9ce)] -> xpath: //div[@class='slds-scrollable_y slds-p-horizontal_small slds-grow ng-scope']//table//tbody//tr//td[@class='col-action']//button]</small> </font> </div>
<div class="test-event"> <font color="maroon"> <small> &emsp; &emsp;--- 23 Jun 17:28:05 985 - Element is displayed:: [[ChromeDriver: chrome on WINDOWS (dc2c64fcc1c09663eee064e43a1ca9ce)] -> xpath: (//li[@class='slds-dropdown__item']//a//span[@class='slds-truncate'])[2]]</small> </font> </div>
<div class="test-message">&emsp;Job numberJOB-71885</div>
<div class="test-event"> <font color="maroon"> <small> &emsp; &emsp;--- 23 Jun 17:28:20 244 - Catched spinner load exception due to Expected condition failed: waiting for ICar.support.WaitUtils$4@3c654ce5 (tried for 12 second(s) with 500 milliseconds interval)</small> </font> </div>
<div class="test-event"> <font color="maroon"> <small> &emsp; &emsp;--- 23 Jun 17:28:20 244 - <b>12</b> - Spinner Load Wait: (Sync) - ICar.support.WaitUtils.waitForSpinner(WaitUtils.java:225)</small> </font> </div>
<div class="test-event"> <font color="maroon"> <small> &emsp; &emsp;--- 23 Jun 17:28:20 311 - Element is displayed:: [[ChromeDriver: chrome on WINDOWS (dc2c64fcc1c09663eee064e43a1ca9ce)] -> xpath: //div[@class='slds-scrollable_y slds-p-horizontal_small slds-grow ng-scope']//table//tbody//tr//td[@class='col-action']//button]</small> </font> </div>
<div class="test-event"> <font color="maroon"> <small> &emsp; &emsp;--- 23 Jun 17:28:20 561 - Element is displayed:: [[ChromeDriver: chrome on WINDOWS (dc2c64fcc1c09663eee064e43a1ca9ce)] -> xpath: (//li[@class='slds-dropdown__item']//a//span[@class='slds-truncate'])[2]]</small> </font> </div>
<div class="test-message">&emsp;Job numberJOB-71886</div>
<div class="test-event"> <font color="maroon"> <small> &emsp; &emsp;--- 23 Jun 17:28:35 349 - Catched spinner load exception due to Expected condition failed: waiting for ICar.support.WaitUtils$4@3c654ce5 (tried for 12 second(s) with 500 milliseconds interval)</small> </font> </div>
<div class="test-event"> <font color="maroon"> <small> &emsp; &emsp;--- 23 Jun 17:28:35 349 - <b>12</b> - Spinner Load Wait: (Sync) - ICar.support.WaitUtils.waitForSpinner(WaitUtils.java:225)</small> </font> </div>
<div class="test-event"> <font color="maroon"> <small> &emsp; &emsp;--- 23 Jun 17:28:35 421 - Element is displayed:: [[ChromeDriver: chrome on WINDOWS (dc2c64fcc1c09663eee064e43a1ca9ce)] -> xpath: //div[@class='slds-scrollable_y slds-p-horizontal_small slds-grow ng-scope']//table//tbody//tr//td[@class='col-action']//button]</small> </font> </div>
<div class="test-event"> <font color="maroon"> <small> &emsp; &emsp;--- 23 Jun 17:28:35 703 - Element is displayed:: [[ChromeDriver: chrome on WINDOWS (dc2c64fcc1c09663eee064e43a1ca9ce)] -> xpath: (//li[@class='slds-dropdown__item']//a//span[@class='slds-truncate'])[2]]</small> </font> </div>
<div class="test-message">&emsp;Job numberJOB-71887</div>
<div class="test-event"> <font color="maroon"> <small> &emsp; &emsp;--- 23 Jun 17:28:50 371 - Catched spinner load exception due to Expected condition failed: waiting for ICar.support.WaitUtils$4@3c654ce5 (tried for 12 second(s) with 500 milliseconds interval)</small> </font> </div>
<div class="test-event"> <font color="maroon"> <small> &emsp; &emsp;--- 23 Jun 17:28:50 372 - <b>12</b> - Spinner Load Wait: (Sync) - ICar.support.WaitUtils.waitForSpinner(WaitUtils.java:225)</small> </font> </div>
<div class="test-event"> <font color="maroon"> <small> &emsp; &emsp;--- 23 Jun 17:28:50 519 - Element is displayed:: [[ChromeDriver: chrome on WINDOWS (dc2c64fcc1c09663eee064e43a1ca9ce)] -> xpath: //div[@class='slds-scrollable_y slds-p-horizontal_small slds-grow ng-scope']//table//tbody//tr//td[@class='col-action']//button]</small> </font> </div>
<div class="test-event"> <font color="maroon"> <small> &emsp; &emsp;--- 23 Jun 17:28:50 771 - Element is displayed:: [[ChromeDriver: chrome on WINDOWS (dc2c64fcc1c09663eee064e43a1ca9ce)] -> xpath: (//li[@class='slds-dropdown__item']//a//span[@class='slds-truncate'])[2]]</small> </font> </div>
<div class="test-message">&emsp;Job numberJOB-74465</div>
<div class="test-event"> <font color="maroon"> <small> &emsp; &emsp;--- 23 Jun 17:29:05 496 - Catched spinner load exception due to Expected condition failed: waiting for ICar.support.WaitUtils$4@3c654ce5 (tried for 12 second(s) with 500 milliseconds interval)</small> </font> </div>
<div class="test-event"> <font color="maroon"> <small> &emsp; &emsp;--- 23 Jun 17:29:05 496 - <b>12</b> - Spinner Load Wait: (Sync) - ICar.support.WaitUtils.waitForSpinner(WaitUtils.java:225)</small> </font> </div>
<div class="test-event"> <font color="maroon"> <small> &emsp; &emsp;--- 23 Jun 17:29:05 561 - Element is displayed:: [[ChromeDriver: chrome on WINDOWS (dc2c64fcc1c09663eee064e43a1ca9ce)] -> xpath: //div[@class='slds-scrollable_y slds-p-horizontal_small slds-grow ng-scope']//table//tbody//tr//td[@class='col-action']//button]</small> </font> </div>
<div class="test-event"> <font color="maroon"> <small> &emsp; &emsp;--- 23 Jun 17:29:05 796 - Element is displayed:: [[ChromeDriver: chrome on WINDOWS (dc2c64fcc1c09663eee064e43a1ca9ce)] -> xpath: (//li[@class='slds-dropdown__item']//a//span[@class='slds-truncate'])[2]]</small> </font> </div>
<div class="test-message">&emsp;Job numberJOB-74467</div>
<div class="test-event"> <font color="maroon"> <small> &emsp; &emsp;--- 23 Jun 17:29:20 563 - Catched spinner load exception due to Expected condition failed: waiting for ICar.support.WaitUtils$4@3c654ce5 (tried for 12 second(s) with 500 milliseconds interval)</small> </font> </div>
<div class="test-event"> <font color="maroon"> <small> &emsp; &emsp;--- 23 Jun 17:29:20 563 - <b>12</b> - Spinner Load Wait: (Sync) - ICar.support.WaitUtils.waitForSpinner(WaitUtils.java:225)</small> </font> </div>
<div class="test-event"> <font color="maroon"> <small> &emsp; &emsp;--- 23 Jun 17:29:20 709 - Element is displayed:: [[ChromeDriver: chrome on WINDOWS (dc2c64fcc1c09663eee064e43a1ca9ce)] -> xpath: //div[@class='slds-scrollable_y slds-p-horizontal_small slds-grow ng-scope']//table//tbody//tr//td[@class='col-action']//button]</small> </font> </div>
<div class="test-event"> <font color="maroon"> <small> &emsp; &emsp;--- 23 Jun 17:29:21 097 - Element is displayed:: [[ChromeDriver: chrome on WINDOWS (dc2c64fcc1c09663eee064e43a1ca9ce)] -> xpath: (//li[@class='slds-dropdown__item']//a//span[@class='slds-truncate'])[2]]</small> </font> </div>
<div class="test-message">&emsp;Job numberJOB-78671</div>
<div class="test-event"> <font color="maroon"> <small> &emsp; &emsp;--- 23 Jun 17:29:35 846 - Catched spinner load exception due to Expected condition failed: waiting for ICar.support.WaitUtils$4@3c654ce5 (tried for 12 second(s) with 500 milliseconds interval)</small> </font> </div>
<div class="test-event"> <font color="maroon"> <small> &emsp; &emsp;--- 23 Jun 17:29:35 846 - <b>12</b> - Spinner Load Wait: (Sync) - ICar.support.WaitUtils.waitForSpinner(WaitUtils.java:225)</small> </font> </div>
<div class="test-event"> <font color="maroon"> <small> &emsp; &emsp;--- 23 Jun 17:29:35 948 - Element is displayed:: [[ChromeDriver: chrome on WINDOWS (dc2c64fcc1c09663eee064e43a1ca9ce)] -> xpath: //div[@class='slds-scrollable_y slds-p-horizontal_small slds-grow ng-scope']//table//tbody//tr//td[@class='col-action']//button]</small> </font> </div>
<div class="test-event"> <font color="maroon"> <small> &emsp; &emsp;--- 23 Jun 17:29:36 213 - Element is displayed:: [[ChromeDriver: chrome on WINDOWS (dc2c64fcc1c09663eee064e43a1ca9ce)] -> xpath: (//li[@class='slds-dropdown__item']//a//span[@class='slds-truncate'])[2]]</small> </font> </div>
<div class="test-message">&emsp;Job numberJOB-78672</div>
<div class="test-event"> <font color="maroon"> <small> &emsp; &emsp;--- 23 Jun 17:29:50 858 - Catched spinner load exception due to Expected condition failed: waiting for ICar.support.WaitUtils$4@3c654ce5 (tried for 12 second(s) with 500 milliseconds interval)</small> </font> </div>
<div class="test-event"> <font color="maroon"> <small> &emsp; &emsp;--- 23 Jun 17:29:50 859 - <b>12</b> - Spinner Load Wait: (Sync) - ICar.support.WaitUtils.waitForSpinner(WaitUtils.java:225)</small> </font> </div>
<div class="test-event"> <font color="maroon"> <small> &emsp; &emsp;--- 23 Jun 17:29:50 939 - Element is displayed:: [[ChromeDriver: chrome on WINDOWS (dc2c64fcc1c09663eee064e43a1ca9ce)] -> xpath: //div[@class='slds-scrollable_y slds-p-horizontal_small slds-grow ng-scope']//table//tbody//tr//td[@class='col-action']//button]</small> </font> </div>
<div class="test-event"> <font color="maroon"> <small> &emsp; &emsp;--- 23 Jun 17:29:51 242 - Element is displayed:: [[ChromeDriver: chrome on WINDOWS (dc2c64fcc1c09663eee064e43a1ca9ce)] -> xpath: (//li[@class='slds-dropdown__item']//a//span[@class='slds-truncate'])[2]]</small> </font> </div>
<div class="test-message">&emsp;Job numberJOB-78674</div>
<div class="test-event"> <font color="maroon"> <small> &emsp; &emsp;--- 23 Jun 17:30:05 594 - Catched spinner load exception due to Expected condition failed: waiting for ICar.support.WaitUtils$4@3c654ce5 (tried for 12 second(s) with 500 milliseconds interval)</small> </font> </div>
<div class="test-event"> <font color="maroon"> <small> &emsp; &emsp;--- 23 Jun 17:30:05 594 - <b>12</b> - Spinner Load Wait: (Sync) - ICar.support.WaitUtils.waitForSpinner(WaitUtils.java:225)</small> </font> </div>
<div class="test-event"> <font color="maroon"> <small> &emsp; &emsp;--- 23 Jun 17:30:05 670 - Element is displayed:: [[ChromeDriver: chrome on WINDOWS (dc2c64fcc1c09663eee064e43a1ca9ce)] -> xpath: //div[@class='slds-scrollable_y slds-p-horizontal_small slds-grow ng-scope']//table//tbody//tr//td[@class='col-action']//button]</small> </font> </div>
<div class="test-event"> <font color="maroon"> <small> &emsp; &emsp;--- 23 Jun 17:30:05 989 - Element is displayed:: [[ChromeDriver: chrome on WINDOWS (dc2c64fcc1c09663eee064e43a1ca9ce)] -> xpath: (//li[@class='slds-dropdown__item']//a//span[@class='slds-truncate'])[2]]</small> </font> </div>
<div class="test-message">&emsp;Job numberJOB-80329</div>
<div class="test-event"> <font color="maroon"> <small> &emsp; &emsp;--- 23 Jun 17:30:20 273 - Catched spinner load exception due to Expected condition failed: waiting for ICar.support.WaitUtils$4@3c654ce5 (tried for 12 second(s) with 500 milliseconds interval)</small> </font> </div>
<div class="test-event"> <font color="maroon"> <small> &emsp; &emsp;--- 23 Jun 17:30:20 274 - <b>12</b> - Spinner Load Wait: (Sync) - ICar.support.WaitUtils.waitForSpinner(WaitUtils.java:225)</small> </font> </div>
<div class="test-event"> <font color="maroon"> <small> &emsp; &emsp;--- 23 Jun 17:30:20 361 - Element is displayed:: [[ChromeDriver: chrome on WINDOWS (dc2c64fcc1c09663eee064e43a1ca9ce)] -> xpath: //div[@class='slds-scrollable_y slds-p-horizontal_small slds-grow ng-scope']//table//tbody//tr//td[@class='col-action']//button]</small> </font> </div>
<div class="test-event"> <font color="maroon"> <small> &emsp; &emsp;--- 23 Jun 17:30:20 698 - Element is displayed:: [[ChromeDriver: chrome on WINDOWS (dc2c64fcc1c09663eee064e43a1ca9ce)] -> xpath: (//li[@class='slds-dropdown__item']//a//span[@class='slds-truncate'])[2]]</small> </font> </div>
<div class="test-message">&emsp;Job numberJOB-82237</div>
<div class="test-event"> <font color="maroon"> <small> &emsp; &emsp;--- 23 Jun 17:30:35 509 - Catched spinner load exception due to Expected condition failed: waiting for ICar.support.WaitUtils$4@3c654ce5 (tried for 12 second(s) with 500 milliseconds interval)</small> </font> </div>
<div class="test-event"> <font color="maroon"> <small> &emsp; &emsp;--- 23 Jun 17:30:35 509 - <b>12</b> - Spinner Load Wait: (Sync) - ICar.support.WaitUtils.waitForSpinner(WaitUtils.java:225)</small> </font> </div>
<div class="test-event"> <font color="maroon"> <small> &emsp; &emsp;--- 23 Jun 17:30:35 584 - Element is displayed:: [[ChromeDriver: chrome on WINDOWS (dc2c64fcc1c09663eee064e43a1ca9ce)] -> xpath: //div[@class='slds-scrollable_y slds-p-horizontal_small slds-grow ng-scope']//table//tbody//tr//td[@class='col-action']//button]</small> </font> </div>
<div class="test-event"> <font color="maroon"> <small> &emsp; &emsp;--- 23 Jun 17:30:35 914 - Element is displayed:: [[ChromeDriver: chrome on WINDOWS (dc2c64fcc1c09663eee064e43a1ca9ce)] -> xpath: (//li[@class='slds-dropdown__item']//a//span[@class='slds-truncate'])[2]]</small> </font> </div>
<div class="test-message">&emsp;Job numberJOB-82238</div>
<div class="test-event"> <font color="maroon"> <small> &emsp; &emsp;--- 23 Jun 17:30:50 653 - Catched spinner load exception due to Expected condition failed: waiting for ICar.support.WaitUtils$4@3c654ce5 (tried for 12 second(s) with 500 milliseconds interval)</small> </font> </div>
<div class="test-event"> <font color="maroon"> <small> &emsp; &emsp;--- 23 Jun 17:30:50 653 - <b>12</b> - Spinner Load Wait: (Sync) - ICar.support.WaitUtils.waitForSpinner(WaitUtils.java:225)</small> </font> </div>
<div class="test-event"> <font color="maroon"> <small> &emsp; &emsp;--- 23 Jun 17:30:50 732 - Element is displayed:: [[ChromeDriver: chrome on WINDOWS (dc2c64fcc1c09663eee064e43a1ca9ce)] -> xpath: //div[@class='slds-scrollable_y slds-p-horizontal_small slds-grow ng-scope']//table//tbody//tr//td[@class='col-action']//button]</small> </font> </div>
<div class="test-event"> <font color="maroon"> <small> &emsp; &emsp;--- 23 Jun 17:30:51 080 - Element is displayed:: [[ChromeDriver: chrome on WINDOWS (dc2c64fcc1c09663eee064e43a1ca9ce)] -> xpath: (//li[@class='slds-dropdown__item']//a//span[@class='slds-truncate'])[2]]</small> </font> </div>
<div class="test-message">&emsp;Job numberJOB-82240</div>
<div class="test-event"> <font color="maroon"> <small> &emsp; &emsp;--- 23 Jun 17:31:05 450 - Catched spinner load exception due to Expected condition failed: waiting for ICar.support.WaitUtils$4@3c654ce5 (tried for 12 second(s) with 500 milliseconds interval)</small> </font> </div>
<div class="test-event"> <font color="maroon"> <small> &emsp; &emsp;--- 23 Jun 17:31:05 450 - <b>12</b> - Spinner Load Wait: (Sync) - ICar.support.WaitUtils.waitForSpinner(WaitUtils.java:225)</small> </font> </div>
<div class="test-event"> <font color="maroon"> <small> &emsp; &emsp;--- 23 Jun 17:31:05 529 - Element is displayed:: [[ChromeDriver: chrome on WINDOWS (dc2c64fcc1c09663eee064e43a1ca9ce)] -> xpath: //div[@class='slds-scrollable_y slds-p-horizontal_small slds-grow ng-scope']//table//tbody//tr//td[@class='col-action']//button]</small> </font> </div>
<div class="test-event"> <font color="maroon"> <small> &emsp; &emsp;--- 23 Jun 17:31:05 968 - Element is displayed:: [[ChromeDriver: chrome on WINDOWS (dc2c64fcc1c09663eee064e43a1ca9ce)] -> xpath: (//li[@class='slds-dropdown__item']//a//span[@class='slds-truncate'])[2]]</small> </font> </div>
<div class="test-message">&emsp;Job numberJOB-82480</div>
<div class="test-event"> <font color="maroon"> <small> &emsp; &emsp;--- 23 Jun 17:31:20 724 - Catched spinner load exception due to Expected condition failed: waiting for ICar.support.WaitUtils$4@3c654ce5 (tried for 12 second(s) with 500 milliseconds interval)</small> </font> </div>
<div class="test-event"> <font color="maroon"> <small> &emsp; &emsp;--- 23 Jun 17:31:20 724 - <b>12</b> - Spinner Load Wait: (Sync) - ICar.support.WaitUtils.waitForSpinner(WaitUtils.java:225)</small> </font> </div>
<div class="test-event"> <font color="maroon"> <small> &emsp; &emsp;--- 23 Jun 17:31:20 795 - Element is displayed:: [[ChromeDriver: chrome on WINDOWS (dc2c64fcc1c09663eee064e43a1ca9ce)] -> xpath: //div[@class='slds-scrollable_y slds-p-horizontal_small slds-grow ng-scope']//table//tbody//tr//td[@class='col-action']//button]</small> </font> </div>
<div class="test-event"> <font color="maroon"> <small> &emsp; &emsp;--- 23 Jun 17:31:21 202 - Element is displayed:: [[ChromeDriver: chrome on WINDOWS (dc2c64fcc1c09663eee064e43a1ca9ce)] -> xpath: (//li[@class='slds-dropdown__item']//a//span[@class='slds-truncate'])[2]]</small> </font> </div>
<div class="test-event"> <font color="maroon"> <small> &emsp; &emsp;--- 23 Jun 17:31:31 844 - Catched spinner load exception due to Expected condition failed: waiting for ICar.support.WaitUtils$4@3c654ce5 (tried for 10 second(s) with 500 milliseconds interval)</small> </font> </div>
<div class="test-event"> <font color="maroon"> <small> &emsp; &emsp;--- 23 Jun 17:31:31 844 - <b>10</b> - Spinner Load Wait: (Sync) - ICar.support.WaitUtils.waitForSpinner(WaitUtils.java:225)</small> </font> </div>
<div class="test-event"> <font color="maroon"> <small> &emsp; &emsp;--- 23 Jun 17:31:31 889 - Element is displayed:: [[ChromeDriver: chrome on WINDOWS (dc2c64fcc1c09663eee064e43a1ca9ce)] -> css selector: div[class*='schedule-box_container']]</small> </font> </div>
<div class="test-event"> <font color="maroon"> <small> &emsp; &emsp;--- 23 Jun 17:31:46 671 - Catched spinner load exception due to Expected condition failed: waiting for ICar.support.WaitUtils$4@3c654ce5 (tried for 10 second(s) with 500 milliseconds interval)</small> </font> </div>
<div class="test-event"> <font color="maroon"> <small> &emsp; &emsp;--- 23 Jun 17:31:46 672 - <b>10</b> - Spinner Load Wait: (Sync) - ICar.support.WaitUtils.waitForSpinner(WaitUtils.java:225)</small> </font> </div>
<div class="test-event"> <font color="maroon"> <small> &emsp; &emsp;--- 23 Jun 17:31:46 766 - Element is displayed:: [[ChromeDriver: chrome on WINDOWS (dc2c64fcc1c09663eee064e43a1ca9ce)] -> xpath: //div[@model='job.startTime']//input[contains(@name,'startTime_')]]</small> </font> </div>
<div class="test-event"> <font color="maroon"> <small> &emsp; &emsp;--- 23 Jun 17:31:50 028 - Element is displayed:: [[ChromeDriver: chrome on WINDOWS (dc2c64fcc1c09663eee064e43a1ca9ce)] -> css selector: div[class*='schedule-box_container']]</small> </font> </div>
<div class="test-event"> <font color="maroon"> <small> &emsp; &emsp;--- 23 Jun 17:32:00 504 - Element is displayed:: [[ChromeDriver: chrome on WINDOWS (dc2c64fcc1c09663eee064e43a1ca9ce)] -> xpath: (//div[@class='ui-timepicker-wrapper ui-timepicker-positioned-top'])[1] /ul/li]</small> </font> </div>
<div class="test-message">&emsp;Assigned assessor for schduled job &emsp;<a href=".\ScreenShot\IRRWelding_TC53_337959691351200.png" target="_blank" >[ScreenShot]</a></div>
<div class="test-event"> <font color="maroon"> <small> &emsp; &emsp;--- 23 Jun 17:32:09 371 - Page URL:: https://i-car--staging.sandbox.lightning.force.com/lightning/n/session_scheduling_console</small> </font> </div>
<div class="test-event"> <font color="maroon"> <small> &emsp; &emsp;--- 23 Jun 17:32:09 371 - <b>5</b> - Page Load Wait: (Sync) - ICar.support.Utils.waitForPageLoad(Utils.java:109)</small> </font> </div>
<div class="test-event"> <font color="maroon"> <small> &emsp; &emsp;--- 23 Jun 17:32:19 623 - Page URL:: https://i-car--staging.sandbox.lightning.force.com/lightning/n/session_scheduling_console</small> </font> </div>
<div class="test-event"> <font color="maroon"> <small> &emsp; &emsp;--- 23 Jun 17:32:19 623 - <b>5</b> - Page Load Wait: (Sync) - ICar.support.Utils.waitForPageLoad(Utils.java:109)</small> </font> </div>
<div class="test-message">&emsp;Close the tab</div>
<div class="test-event"> <font color="maroon"> <small> &emsp; &emsp;--- 23 Jun 17:32:42 225 - Page URL:: https://i-car--staging.sandbox.lightning.force.com/lightning/n/session_scheduling_console</small> </font> </div>
<div class="test-event"> <font color="maroon"> <small> &emsp; &emsp;--- 23 Jun 17:32:42 226 - <b>5</b> - Page Load Wait: (Sync) - ICar.support.Utils.waitForPageLoad(Utils.java:109)</small> </font> </div>
<div class="test-event"> <font color="maroon"> <small> &emsp; &emsp;--- 23 Jun 17:32:52 470 - Page URL:: https://i-car--staging.sandbox.lightning.force.com/lightning/n/session_scheduling_console</small> </font> </div>
<div class="test-event"> <font color="maroon"> <small> &emsp; &emsp;--- 23 Jun 17:32:52 470 - <b>5</b> - Page Load Wait: (Sync) - ICar.support.Utils.waitForPageLoad(Utils.java:109)</small> </font> </div>
<div class="test-message">&emsp;Close the tab</div>
<div class="test-event"> <font color="maroon"> <small> &emsp; &emsp;--- 23 Jun 17:33:15 093 - Catched spinner load exception due to Expected condition failed: waiting for ICar.support.WaitUtils$4@3c654ce5 (tried for 5 second(s) with 500 milliseconds interval)</small> </font> </div>
<div class="test-event"> <font color="maroon"> <small> &emsp; &emsp;--- 23 Jun 17:33:15 093 - <b>5</b> - Spinner Load Wait: (Sync) - ICar.support.WaitUtils.waitForSpinner(WaitUtils.java:225)</small> </font> </div>
<div class="test-event"> <font color="maroon"> <small> &emsp; &emsp;--- 23 Jun 17:33:20 241 - Page URL:: https://i-car--staging.sandbox.lightning.force.com/lightning/n/session_scheduling_console</small> </font> </div>
<div class="test-event"> <font color="maroon"> <small> &emsp; &emsp;--- 23 Jun 17:33:20 241 - <b>5</b> - Page Load Wait: (Sync) - ICar.support.Utils.waitForPageLoad(Utils.java:109)</small> </font> </div>
<div class="test-event"> <font color="maroon"> <small> &emsp; &emsp;--- 23 Jun 17:33:20 305 - Element is displayed:: [[ChromeDriver: chrome on WINDOWS (dc2c64fcc1c09663eee064e43a1ca9ce)] -> xpath: //div[contains(@class,'appLauncher ')]//button]</small> </font> </div>
<div class="test-event"> <font color="maroon"> <small> &emsp; &emsp;--- 23 Jun 17:33:20 359 - Element is displayed:: [[ChromeDriver: chrome on WINDOWS (dc2c64fcc1c09663eee064e43a1ca9ce)] -> xpath: //div[contains(@class,'appLauncher ')]//button]</small> </font> </div>
<div class="test-event"> <font color="maroon"> <small> &emsp; &emsp;--- 23 Jun 17:33:20 583 - Element is displayed:: [[ChromeDriver: chrome on WINDOWS (dc2c64fcc1c09663eee064e43a1ca9ce)] -> xpath: //input[@placeholder='Search apps and items...']]</small> </font> </div>
<div class="test-event"> <font color="maroon"> <small> &emsp; &emsp;--- 23 Jun 17:33:20 654 - Element is displayed:: [[ChromeDriver: chrome on WINDOWS (dc2c64fcc1c09663eee064e43a1ca9ce)] -> xpath: //input[@placeholder='Search apps and items...']]</small> </font> </div>
<div class="test-event"> <font color="maroon"> <small> &emsp; &emsp;--- 23 Jun 17:33:23 748 - Element is displayed:: [[ChromeDriver: chrome on WINDOWS (dc2c64fcc1c09663eee064e43a1ca9ce)] -> xpath: //lightning-formatted-rich-text/span/p/b[text()='Session Scheduling Console']]</small> </font> </div>
<div class="test-event"> <font color="maroon"> <small> &emsp; &emsp;--- 23 Jun 17:33:26 783 - Element is displayed:: [[ChromeDriver: chrome on WINDOWS (dc2c64fcc1c09663eee064e43a1ca9ce)] -> xpath: //lightning-formatted-rich-text/span/p/b[text()='Session Scheduling Console']]</small> </font> </div>
<div class="test-event"> <font color="maroon"> <small> &emsp; &emsp;--- 23 Jun 17:33:32 107 - Page URL:: https://i-car--staging.sandbox.lightning.force.com/lightning/n/session_scheduling_console</small> </font> </div>
<div class="test-event"> <font color="maroon"> <small> &emsp; &emsp;--- 23 Jun 17:33:32 107 - <b>5</b> - Page Load Wait: (Sync) - ICar.support.Utils.waitForPageLoad(Utils.java:109)</small> </font> </div>
<div class="test-event"> <font color="maroon"> <small> &emsp; &emsp;--- 23 Jun 17:33:37 298 - Page URL:: https://i-car--staging.sandbox.lightning.force.com/lightning/n/session_scheduling_console</small> </font> </div>
<div class="test-event"> <font color="maroon"> <small> &emsp; &emsp;--- 23 Jun 17:33:37 299 - <b>5</b> - Page Load Wait: (Sync) - ICar.support.Utils.waitForPageLoad(Utils.java:109)</small> </font> </div>
<div class="test-event"> <font color="maroon"> <small> &emsp; &emsp;--- 23 Jun 17:33:57 582 - Catched spinner load exception due to Expected condition failed: waiting for ICar.support.WaitUtils$4@3c654ce5 (tried for 20 second(s) with 500 milliseconds interval)</small> </font> </div>
<div class="test-event"> <font color="maroon"> <small> &emsp; &emsp;--- 23 Jun 17:33:57 582 - <b>20</b> - Spinner Load Wait: (Sync) - ICar.support.WaitUtils.waitForSpinner(WaitUtils.java:225)</small> </font> </div>
<div class="test-message">&emsp;Total no of frames 1</div>
<div class="test-event"> <font color="maroon"> <small> &emsp; &emsp;--- 23 Jun 17:33:57 758 - Element is displayed:: [[ChromeDriver: chrome on WINDOWS (dc2c64fcc1c09663eee064e43a1ca9ce)] -> xpath: //span[@class='slds-checkbox_faux']]</small> </font> </div>
<div class="test-event"> <font color="maroon"> <small> &emsp; &emsp;--- 23 Jun 17:33:59 932 - Element is displayed:: [[ChromeDriver: chrome on WINDOWS (dc2c64fcc1c09663eee064e43a1ca9ce)] -> xpath: //span[@class='slds-checkbox_faux']]</small> </font> </div>
<div class="test-event"> <font color="maroon"> <small> &emsp; &emsp;--- 23 Jun 17:34:02 112 - Element is displayed:: [[ChromeDriver: chrome on WINDOWS (dc2c64fcc1c09663eee064e43a1ca9ce)] -> xpath: //div[text()='Dispatched']]</small> </font> </div>
<div class="test-event"> <font color="maroon"> <small> &emsp; &emsp;--- 23 Jun 17:34:10 479 - Catched spinner load exception due to Expected condition failed: waiting for ICar.support.WaitUtils$4@3c654ce5 (tried for 5 second(s) with 500 milliseconds interval)</small> </font> </div>
<div class="test-event"> <font color="maroon"> <small> &emsp; &emsp;--- 23 Jun 17:34:10 479 - <b>5</b> - Spinner Load Wait: (Sync) - ICar.support.WaitUtils.waitForSpinner(WaitUtils.java:225)</small> </font> </div>
<div class="test-event"> <font color="maroon"> <small> &emsp; &emsp;--- 23 Jun 17:34:17 559 - Element is displayed:: [[ChromeDriver: chrome on WINDOWS (dc2c64fcc1c09663eee064e43a1ca9ce)] -> xpath: (//input[@type='text'])[4]]</small> </font> </div>
<div class="test-event"> <font color="maroon"> <small> &emsp; &emsp;--- 23 Jun 17:34:17 635 - Element is displayed:: [[ChromeDriver: chrome on WINDOWS (dc2c64fcc1c09663eee064e43a1ca9ce)] -> xpath: (//input[@type='text'])[4]]</small> </font> </div>
<div class="test-event"> <font color="maroon"> <small> &emsp; &emsp;--- 23 Jun 17:34:17 731 - Element is displayed:: [[ChromeDriver: chrome on WINDOWS (dc2c64fcc1c09663eee064e43a1ca9ce)] -> xpath: (//input[@type='text'])[4]]</small> </font> </div>
<div class="test-event"> <font color="maroon"> <small> &emsp; &emsp;--- 23 Jun 17:34:20 839 - Element is displayed:: [[ChromeDriver: chrome on WINDOWS (dc2c64fcc1c09663eee064e43a1ca9ce)] -> xpath: (//input[@type='text'])[4]]</small> </font> </div>
<div class="test-event"> <font color="maroon"> <small> &emsp; &emsp;--- 23 Jun 17:34:27 154 - Page URL:: https://i-car--staging.sandbox.lightning.force.com/lightning/n/session_scheduling_console</small> </font> </div>
<div class="test-event"> <font color="maroon"> <small> &emsp; &emsp;--- 23 Jun 17:34:27 154 - <b>5</b> - Page Load Wait: (Sync) - ICar.support.Utils.waitForPageLoad(Utils.java:109)</small> </font> </div>
<div class="test-event"> <font color="maroon"> <small> &emsp; &emsp;--- 23 Jun 17:34:47 382 - Catched spinner load exception due to Expected condition failed: waiting for ICar.support.WaitUtils$4@3c654ce5 (tried for 20 second(s) with 500 milliseconds interval)</small> </font> </div>
<div class="test-event"> <font color="maroon"> <small> &emsp; &emsp;--- 23 Jun 17:34:47 383 - <b>20</b> - Spinner Load Wait: (Sync) - ICar.support.WaitUtils.waitForSpinner(WaitUtils.java:225)</small> </font> </div>
<div class="test-message">&emsp;Total no of frames 1</div>
<div class="test-event"> <font color="maroon"> <small> &emsp; &emsp;--- 23 Jun 17:34:52 471 - Element is displayed:: [[ChromeDriver: chrome on WINDOWS (dc2c64fcc1c09663eee064e43a1ca9ce)] -> xpath: //td[@class='col-job-no ng-binding']]</small> </font> </div>
<div class="test-message">&emsp;Job number [JOB-93403, JOB-73920, JOB-86918, JOB-86919, JOB-87860, JOB-87861, JOB-88039, JOB-88040, JOB-90452, JOB-91251, JOB-91274, JOB-91276, JOB-91279, JOB-91570, JOB-91612, JOB-91613, JOB-91615, JOB-91687, JOB-91689, JOB-92011, JOB-92013, JOB-92014, JOB-92395, JOB-92509, JOB-92510]</div>
<div class="test-event"> <font color="maroon"> <small> &emsp; &emsp;--- 23 Jun 17:35:09 665 - Element is displayed:: [[ChromeDriver: chrome on WINDOWS (dc2c64fcc1c09663eee064e43a1ca9ce)] -> css selector: button[class*='search-button']]</small> </font> </div>
<div class="test-event"> <font color="maroon"> <small> &emsp; &emsp;--- 23 Jun 17:35:11 767 - Catched spinner load exception due to Expected condition failed: waiting for ICar.support.WaitUtils$4@3c654ce5 (tried for 2 second(s) with 500 milliseconds interval)</small> </font> </div>
<div class="test-event"> <font color="maroon"> <small> &emsp; &emsp;--- 23 Jun 17:35:11 767 - <b>2</b> - Spinner Load Wait: (Sync) - ICar.support.WaitUtils.waitForSpinner(WaitUtils.java:225)</small> </font> </div>
<div class="test-event"> <font color="maroon"> <small> &emsp; &emsp;--- 23 Jun 17:35:14 831 - Element is displayed:: [[ChromeDriver: chrome on WINDOWS (dc2c64fcc1c09663eee064e43a1ca9ce)] -> css selector: button[class*='search-button']]</small> </font> </div>
<div class="test-event"> <font color="maroon"> <small> &emsp; &emsp;--- 23 Jun 17:35:20 230 - Page URL:: https://i-car--staging.sandbox.lightning.force.com/lightning/n/session_scheduling_console</small> </font> </div>
<div class="test-event"> <font color="maroon"> <small> &emsp; &emsp;--- 23 Jun 17:35:20 230 - <b>5</b> - Page Load Wait: (Sync) - ICar.support.Utils.waitForPageLoad(Utils.java:109)</small> </font> </div>
<div class="test-event"> <font color="maroon"> <small> &emsp; &emsp;--- 23 Jun 17:35:41 049 - Catched spinner load exception due to Expected condition failed: waiting for ICar.support.WaitUtils$4@3c654ce5 (tried for 4 second(s) with 500 milliseconds interval)</small> </font> </div>
<div class="test-event"> <font color="maroon"> <small> &emsp; &emsp;--- 23 Jun 17:35:41 049 - <b>4</b> - Spinner Load Wait: (Sync) - ICar.support.WaitUtils.waitForSpinner(WaitUtils.java:225)</small> </font> </div>
<div class="test-message">&emsp;Searched job idJOB-93403&emsp;<a href=".\ScreenShot\IRRWelding_TC53_338177023101100.png" target="_blank" >[ScreenShot]</a></div>
<div class="test-event"> <font color="maroon"> <small> &emsp; &emsp;--- 23 Jun 17:35:46 548 - Page URL:: https://i-car--staging.sandbox.lightning.force.com/one/one.app#eyjjb21wb25lbnrezwyioijmb3jjzvnlyxjjadpzzwfyy2hqywdlrgvza3rvccisimf0dhjpynv0zxmionsidgvybsi6ikppqi05mzqwmyisinnjb3bltwfwijp7inr5cguioijut1bfukvtvuxuuyj9lcjjb250zxh0ijp7ikzjtfrfulmiont9lcjzzwfyy2htb3vyy2uioijbu1nju1rbtlrfrelbte9hiiwizglzywjszuludgvudff1zxj5ijpmywxzzswizglzywjszvnwzwxsq29ycmvjdglvbii6zmfsc2usinnlyxjjaerpywxvz1nlc3npb25jzci6imu0ntvlmwrllwy1ngetngjimy1hzjuyltqxnduxntrln2zmyyisimrlynvnsw5mbyi6eyjhchboyw1lijoisunhcl9tzxj2awnlx0nvbnnvbguilcjhchbuexblijoiq29uc29szsisimfwce5hbwvzcgfjzsi6immilcjsb2nhdglvbii6im9uztphbg9oyvbhz2uilcjzb2jqzwn0vhlwzsi6ilnlc3npb25fu2nozwr1bgluz19db25zb2xlin19lcjncm91celkijoirevgqvvmvcj9lcjzdgf0zsi6e319</small> </font> </div>
<div class="test-event"> <font color="maroon"> <small> &emsp; &emsp;--- 23 Jun 17:35:46 548 - <b>5</b> - Page Load Wait: (Sync) - ICar.support.Utils.waitForPageLoad(Utils.java:109)</small> </font> </div>
<div class="test-event"> <font color="maroon"> <small> &emsp; &emsp;--- 23 Jun 17:35:56 639 - Element is displayed:: [[ChromeDriver: chrome on WINDOWS (dc2c64fcc1c09663eee064e43a1ca9ce)] -> xpath: //div[contains(@id,'brandBand_')]/div/div/div[2]//table/tbody/tr/th/span/a|//span[@class='slds-grid slds-grid_align-spread']/div/lightning-primitive-custom-cell/force-lookup/div/a]</small> </font> </div>
<div class="test-event"> <font color="maroon"> <small> &emsp; &emsp;--- 23 Jun 17:36:02 260 - Page URL:: https://i-car--staging.sandbox.lightning.force.com/lightning/r/sked__job__c/a2mdi000001mjt6iao/view</small> </font> </div>
<div class="test-event"> <font color="maroon"> <small> &emsp; &emsp;--- 23 Jun 17:36:02 260 - <b>5</b> - Page Load Wait: (Sync) - ICar.support.Utils.waitForPageLoad(Utils.java:109)</small> </font> </div>
<div class="test-event"> <font color="maroon"> <small> &emsp; &emsp;--- 23 Jun 17:36:17 341 - Catched spinner load exception due to Expected condition failed: waiting for ICar.support.WaitUtils$4@3c654ce5 (tried for 15 second(s) with 500 milliseconds interval)</small> </font> </div>
<div class="test-event"> <font color="maroon"> <small> &emsp; &emsp;--- 23 Jun 17:36:17 341 - <b>15</b> - Spinner Load Wait: (Sync) - ICar.support.WaitUtils.waitForSpinner(WaitUtils.java:225)</small> </font> </div>
<div class="test-event"> <font color="maroon"> <small> &emsp; &emsp;--- 23 Jun 17:36:22 727 - Page URL:: https://i-car--staging.sandbox.lightning.force.com/lightning/r/sked__job__c/a2mdi000001mjt6iao/view</small> </font> </div>
<div class="test-event"> <font color="maroon"> <small> &emsp; &emsp;--- 23 Jun 17:36:22 727 - <b>5</b> - Page Load Wait: (Sync) - ICar.support.Utils.waitForPageLoad(Utils.java:109)</small> </font> </div>
<div class="test-event"> <font color="maroon"> <small> &emsp; &emsp;--- 23 Jun 17:36:24 800 - Element is displayed:: [[ChromeDriver: chrome on WINDOWS (dc2c64fcc1c09663eee064e43a1ca9ce)] -> xpath: //a[text()='Related']]</small> </font> </div>
<div class="test-event"> <font color="maroon"> <small> &emsp; &emsp;--- 23 Jun 17:36:24 842 - Element is displayed:: [[ChromeDriver: chrome on WINDOWS (dc2c64fcc1c09663eee064e43a1ca9ce)] -> xpath: //a[text()='Related']]</small> </font> </div>
<div class="test-event"> <font color="maroon"> <small> &emsp; &emsp;--- 23 Jun 17:36:30 788 - Page URL:: https://i-car--staging.sandbox.lightning.force.com/lightning/r/sked__job__c/a2mdi000001mjt6iao/view</small> </font> </div>
<div class="test-event"> <font color="maroon"> <small> &emsp; &emsp;--- 23 Jun 17:36:30 788 - <b>5</b> - Page Load Wait: (Sync) - ICar.support.Utils.waitForPageLoad(Utils.java:109)</small> </font> </div>
<div class="test-event"> <font color="maroon"> <small> &emsp; &emsp;--- 23 Jun 17:36:51 006 - Catched spinner load exception due to Expected condition failed: waiting for ICar.support.WaitUtils$4@3c654ce5 (tried for 20 second(s) with 500 milliseconds interval)</small> </font> </div>
<div class="test-event"> <font color="maroon"> <small> &emsp; &emsp;--- 23 Jun 17:36:51 006 - <b>20</b> - Spinner Load Wait: (Sync) - ICar.support.WaitUtils.waitForSpinner(WaitUtils.java:225)</small> </font> </div>
<div class="test-event"> <font color="maroon"> <small> &emsp; &emsp;--- 23 Jun 17:36:56 697 - Page URL:: https://i-car--staging.sandbox.lightning.force.com/lightning/r/sked__job__c/a2mdi000001mjt6iao/view</small> </font> </div>
<div class="test-event"> <font color="maroon"> <small> &emsp; &emsp;--- 23 Jun 17:36:56 697 - <b>5</b> - Page Load Wait: (Sync) - ICar.support.Utils.waitForPageLoad(Utils.java:109)</small> </font> </div>
<div class="test-event"> <font color="maroon"> <small> &emsp; &emsp;--- 23 Jun 17:37:16 959 - Catched spinner load exception due to Expected condition failed: waiting for ICar.support.WaitUtils$4@3c654ce5 (tried for 20 second(s) with 500 milliseconds interval)</small> </font> </div>
<div class="test-event"> <font color="maroon"> <small> &emsp; &emsp;--- 23 Jun 17:37:16 959 - <b>20</b> - Spinner Load Wait: (Sync) - ICar.support.WaitUtils.waitForSpinner(WaitUtils.java:225)</small> </font> </div>
<div class="test-event"> <font color="maroon"> <small> &emsp; &emsp;--- 23 Jun 17:37:19 079 - Element is displayed:: [[ChromeDriver: chrome on WINDOWS (dc2c64fcc1c09663eee064e43a1ca9ce)] -> xpath: //h2/a/span[@title='Job Allocations']]</small> </font> </div>
<div class="test-event"> <font color="maroon"> <small> &emsp; &emsp;--- 23 Jun 17:37:25 050 - Page URL:: https://i-car--staging.sandbox.lightning.force.com/lightning/r/sked__job__c/a2mdi000001mjt6iao/related/sked__job_allocations__r/view?ws=%2flightning%2fr%2fsked__job__c%2fa2mdi000001mjt6iao%2fview</small> </font> </div>
<div class="test-event"> <font color="maroon"> <small> &emsp; &emsp;--- 23 Jun 17:37:25 050 - <b>5</b> - Page Load Wait: (Sync) - ICar.support.Utils.waitForPageLoad(Utils.java:109)</small> </font> </div>
<div class="test-event"> <font color="maroon"> <small> &emsp; &emsp;--- 23 Jun 17:37:43 302 - Catched spinner load exception due to Expected condition failed: waiting for ICar.support.WaitUtils$4@3c654ce5 (tried for 18 second(s) with 500 milliseconds interval)</small> </font> </div>
<div class="test-event"> <font color="maroon"> <small> &emsp; &emsp;--- 23 Jun 17:37:43 302 - <b>18</b> - Spinner Load Wait: (Sync) - ICar.support.WaitUtils.waitForSpinner(WaitUtils.java:225)</small> </font> </div>
<div class="test-event"> <font color="maroon"> <small> &emsp; &emsp;--- 23 Jun 17:37:49 003 - Page URL:: https://i-car--staging.sandbox.lightning.force.com/lightning/r/sked__job__c/a2mdi000001mjt6iao/related/sked__job_allocations__r/view?ws=%2flightning%2fr%2fsked__job__c%2fa2mdi000001mjt6iao%2fview</small> </font> </div>
<div class="test-event"> <font color="maroon"> <small> &emsp; &emsp;--- 23 Jun 17:37:49 003 - <b>5</b> - Page Load Wait: (Sync) - ICar.support.Utils.waitForPageLoad(Utils.java:109)</small> </font> </div>
<div class="test-event"> <font color="maroon"> <small> &emsp; &emsp;--- 23 Jun 17:37:51 083 - Element is displayed:: [[ChromeDriver: chrome on WINDOWS (dc2c64fcc1c09663eee064e43a1ca9ce)] -> xpath: //h1[contains(text(),'Job Allocations')]//following::div[@class="slds-col slds-no-space display-wrapper"]//table//tbody//tr//td[10]//span//div//lightning-primitive-custom-cell//lst-list-view-row-level-action//lightning-button-menu//button]</small> </font> </div>
<div class="test-event"> <font color="maroon"> <small> &emsp; &emsp;--- 23 Jun 17:37:56 831 - Page URL:: https://i-car--staging.sandbox.lightning.force.com/lightning/r/sked__job__c/a2mdi000001mjt6iao/related/sked__job_allocations__r/view?ws=%2flightning%2fr%2fsked__job__c%2fa2mdi000001mjt6iao%2fview</small> </font> </div>
<div class="test-event"> <font color="maroon"> <small> &emsp; &emsp;--- 23 Jun 17:37:56 831 - <b>5</b> - Page Load Wait: (Sync) - ICar.support.Utils.waitForPageLoad(Utils.java:109)</small> </font> </div>
<div class="test-event"> <font color="maroon"> <small> &emsp; &emsp;--- 23 Jun 17:38:00 991 - Catched spinner load exception due to Expected condition failed: waiting for ICar.support.WaitUtils$4@3c654ce5 (tried for 4 second(s) with 500 milliseconds interval)</small> </font> </div>
<div class="test-event"> <font color="maroon"> <small> &emsp; &emsp;--- 23 Jun 17:38:00 991 - <b>4</b> - Spinner Load Wait: (Sync) - ICar.support.WaitUtils.waitForSpinner(WaitUtils.java:225)</small> </font> </div>
<div class="test-event"> <font color="maroon"> <small> &emsp; &emsp;--- 23 Jun 17:38:06 664 - Page URL:: https://i-car--staging.sandbox.lightning.force.com/lightning/r/sked__job__c/a2mdi000001mjt6iao/related/sked__job_allocations__r/view?ws=%2flightning%2fr%2fsked__job__c%2fa2mdi000001mjt6iao%2fview</small> </font> </div>
<div class="test-event"> <font color="maroon"> <small> &emsp; &emsp;--- 23 Jun 17:38:06 664 - <b>5</b> - Page Load Wait: (Sync) - ICar.support.Utils.waitForPageLoad(Utils.java:109)</small> </font> </div>
<div class="test-event"> <font color="maroon"> <small> &emsp; &emsp;--- 23 Jun 17:38:06 725 - Element is displayed:: [[ChromeDriver: chrome on WINDOWS (dc2c64fcc1c09663eee064e43a1ca9ce)] -> xpath: //li[@class='uiMenuItem']/a/div[@title='Edit']]</small> </font> </div>
<div class="test-event"> <font color="maroon"> <small> &emsp; &emsp;--- 23 Jun 17:38:06 796 - Element is displayed:: [[ChromeDriver: chrome on WINDOWS (dc2c64fcc1c09663eee064e43a1ca9ce)] -> xpath: //li[@class='uiMenuItem']/a/div[@title='Edit']]</small> </font> </div>
<div class="test-event"> <font color="maroon"> <small> &emsp; &emsp;--- 23 Jun 17:38:12 642 - Page URL:: https://i-car--staging.sandbox.lightning.force.com/lightning/r/sked__job__c/a2mdi000001mjt6iao/related/sked__job_allocations__r/view?ws=%2flightning%2fr%2fsked__job__c%2fa2mdi000001mjt6iao%2fview</small> </font> </div>
<div class="test-event"> <font color="maroon"> <small> &emsp; &emsp;--- 23 Jun 17:38:12 642 - <b>5</b> - Page Load Wait: (Sync) - ICar.support.Utils.waitForPageLoad(Utils.java:109)</small> </font> </div>
<div class="test-event"> <font color="maroon"> <small> &emsp; &emsp;--- 23 Jun 17:38:30 889 - Catched spinner load exception due to Expected condition failed: waiting for ICar.support.WaitUtils$4@3c654ce5 (tried for 18 second(s) with 500 milliseconds interval)</small> </font> </div>
<div class="test-event"> <font color="maroon"> <small> &emsp; &emsp;--- 23 Jun 17:38:30 889 - <b>18</b> - Spinner Load Wait: (Sync) - ICar.support.WaitUtils.waitForSpinner(WaitUtils.java:225)</small> </font> </div>
<div class="test-event"> <font color="maroon"> <small> &emsp; &emsp;--- 23 Jun 17:38:36 634 - Page URL:: https://i-car--staging.sandbox.lightning.force.com/lightning/r/sked__job__c/a2mdi000001mjt6iao/related/sked__job_allocations__r/view?ws=%2flightning%2fr%2fsked__job__c%2fa2mdi000001mjt6iao%2fview</small> </font> </div>
<div class="test-event"> <font color="maroon"> <small> &emsp; &emsp;--- 23 Jun 17:38:36 634 - <b>5</b> - Page Load Wait: (Sync) - ICar.support.Utils.waitForPageLoad(Utils.java:109)</small> </font> </div>
<div class="test-event"> <font color="maroon"> <small> &emsp; &emsp;--- 23 Jun 17:38:54 748 - Catched spinner load exception due to Expected condition failed: waiting for ICar.support.WaitUtils$4@3c654ce5 (tried for 18 second(s) with 500 milliseconds interval)</small> </font> </div>
<div class="test-event"> <font color="maroon"> <small> &emsp; &emsp;--- 23 Jun 17:38:54 749 - <b>18</b> - Spinner Load Wait: (Sync) - ICar.support.WaitUtils.waitForSpinner(WaitUtils.java:225)</small> </font> </div>
<div class="test-event"> <font color="maroon"> <small> &emsp; &emsp;--- 23 Jun 17:39:00 495 - Page URL:: https://i-car--staging.sandbox.lightning.force.com/lightning/r/sked__job__c/a2mdi000001mjt6iao/related/sked__job_allocations__r/view?ws=%2flightning%2fr%2fsked__job__c%2fa2mdi000001mjt6iao%2fview</small> </font> </div>
<div class="test-event"> <font color="maroon"> <small> &emsp; &emsp;--- 23 Jun 17:39:00 495 - <b>5</b> - Page Load Wait: (Sync) - ICar.support.Utils.waitForPageLoad(Utils.java:109)</small> </font> </div>
<div class="test-event"> <font color="maroon"> <small> &emsp; &emsp;--- 23 Jun 17:39:09 621 - Element is displayed:: [[ChromeDriver: chrome on WINDOWS (dc2c64fcc1c09663eee064e43a1ca9ce)] -> xpath: (//input[@class='slds-input slds-combobox__input'])[8] | //label[text()='Status']//following-sibling::div/lightning-base-combobox/div/div/div/button]</small> </font> </div>
<div class="test-event"> <font color="maroon"> <small> &emsp; &emsp;--- 23 Jun 17:39:14 821 - Element is displayed:: [[ChromeDriver: chrome on WINDOWS (dc2c64fcc1c09663eee064e43a1ca9ce)] -> xpath: //span[text()='Confirmed']]</small> </font> </div>
<div class="test-event"> <font color="maroon"> <small> &emsp; &emsp;--- 23 Jun 17:39:27 041 - Element is displayed:: [[ChromeDriver: chrome on WINDOWS (dc2c64fcc1c09663eee064e43a1ca9ce)] -> xpath: //button[text()='Save']]</small> </font> </div>
<div class="test-event"> <font color="maroon"> <small> &emsp; &emsp;--- 23 Jun 17:39:32 982 - Page URL:: https://i-car--staging.sandbox.lightning.force.com/lightning/r/sked__job__c/a2mdi000001mjt6iao/related/sked__job_allocations__r/view?ws=%2flightning%2fr%2fsked__job__c%2fa2mdi000001mjt6iao%2fview</small> </font> </div>
<div class="test-event"> <font color="maroon"> <small> &emsp; &emsp;--- 23 Jun 17:39:32 982 - <b>5</b> - Page Load Wait: (Sync) - ICar.support.Utils.waitForPageLoad(Utils.java:109)</small> </font> </div>
<div class="test-event"> <font color="maroon"> <small> &emsp; &emsp;--- 23 Jun 17:39:53 236 - Catched spinner load exception due to Expected condition failed: waiting for ICar.support.WaitUtils$4@3c654ce5 (tried for 20 second(s) with 500 milliseconds interval)</small> </font> </div>
<div class="test-event"> <font color="maroon"> <small> &emsp; &emsp;--- 23 Jun 17:39:53 237 - <b>20</b> - Spinner Load Wait: (Sync) - ICar.support.WaitUtils.waitForSpinner(WaitUtils.java:225)</small> </font> </div>
<div class="test-message">&emsp;Job status changed to confirmed from dispatched&emsp;<a href=".\ScreenShot\IRRWelding_TC53_338429209911800.png" target="_blank" >[ScreenShot]</a></div>
<div class="test-event"> <font color="maroon"> <small> &emsp; &emsp;--- 23 Jun 17:39:59 015 - Page URL:: https://i-car--staging.sandbox.lightning.force.com/lightning/r/sked__job__c/a2mdi000001mjt6iao/related/sked__job_allocations__r/view?ws=%2flightning%2fr%2fsked__job__c%2fa2mdi000001mjt6iao%2fview</small> </font> </div>
<div class="test-event"> <font color="maroon"> <small> &emsp; &emsp;--- 23 Jun 17:39:59 015 - <b>5</b> - Page Load Wait: (Sync) - ICar.support.Utils.waitForPageLoad(Utils.java:109)</small> </font> </div>
<div class="test-event"> <font color="maroon"> <small> &emsp; &emsp;--- 23 Jun 17:40:09 828 - Page URL:: https://i-car--staging.sandbox.lightning.force.com/lightning/r/sked__job__c/a2mdi000001mjt6iao/related/sked__job_allocations__r/view?ws=%2flightning%2fr%2fsked__job__c%2fa2mdi000001mjt6iao%2fview</small> </font> </div>
<div class="test-event"> <font color="maroon"> <small> &emsp; &emsp;--- 23 Jun 17:40:09 828 - <b>5</b> - Page Load Wait: (Sync) - ICar.support.Utils.waitForPageLoad(Utils.java:109)</small> </font> </div>
<div class="test-event"> <font color="maroon"> <small> &emsp; &emsp;--- 23 Jun 17:40:23 456 - Element is displayed:: [[ChromeDriver: chrome on WINDOWS (dc2c64fcc1c09663eee064e43a1ca9ce)] -> css selector: button[class*='search-button']]</small> </font> </div>
<div class="test-event"> <font color="maroon"> <small> &emsp; &emsp;--- 23 Jun 17:40:25 524 - Catched spinner load exception due to Expected condition failed: waiting for ICar.support.WaitUtils$4@3c654ce5 (tried for 2 second(s) with 500 milliseconds interval)</small> </font> </div>
<div class="test-event"> <font color="maroon"> <small> &emsp; &emsp;--- 23 Jun 17:40:25 524 - <b>2</b> - Spinner Load Wait: (Sync) - ICar.support.WaitUtils.waitForSpinner(WaitUtils.java:225)</small> </font> </div>
<div class="test-event"> <font color="maroon"> <small> &emsp; &emsp;--- 23 Jun 17:40:28 647 - Element is displayed:: [[ChromeDriver: chrome on WINDOWS (dc2c64fcc1c09663eee064e43a1ca9ce)] -> css selector: button[class*='search-button']]</small> </font> </div>
<div class="test-event"> <font color="maroon"> <small> &emsp; &emsp;--- 23 Jun 17:40:34 401 - Page URL:: https://i-car--staging.sandbox.lightning.force.com/lightning/r/sked__job__c/a2mdi000001mjt6iao/related/sked__job_allocations__r/view?ws=%2flightning%2fr%2fsked__job__c%2fa2mdi000001mjt6iao%2fview</small> </font> </div>
<div class="test-event"> <font color="maroon"> <small> &emsp; &emsp;--- 23 Jun 17:40:34 401 - <b>5</b> - Page Load Wait: (Sync) - ICar.support.Utils.waitForPageLoad(Utils.java:109)</small> </font> </div>
<div class="test-event"> <font color="maroon"> <small> &emsp; &emsp;--- 23 Jun 17:40:55 354 - Catched spinner load exception due to Expected condition failed: waiting for ICar.support.WaitUtils$4@3c654ce5 (tried for 4 second(s) with 500 milliseconds interval)</small> </font> </div>
<div class="test-event"> <font color="maroon"> <small> &emsp; &emsp;--- 23 Jun 17:40:55 354 - <b>4</b> - Spinner Load Wait: (Sync) - ICar.support.WaitUtils.waitForSpinner(WaitUtils.java:225)</small> </font> </div>
<div class="test-message">&emsp;Searched job idJOB-73920&emsp;<a href=".\ScreenShot\IRRWelding_TC53_338491327212200.png" target="_blank" >[ScreenShot]</a></div>
<div class="test-event"> <font color="maroon"> <small> &emsp; &emsp;--- 23 Jun 17:41:01 331 - Page URL:: https://i-car--staging.sandbox.lightning.force.com/one/one.app#eyjjb21wb25lbnrezwyioijmb3jjzvnlyxjjadpzzwfyy2hqywdlrgvza3rvccisimf0dhjpynv0zxmionsidgvybsi6ikppqi03mzkymcisinnjb3bltwfwijp7inr5cguioijut1bfukvtvuxuuyj9lcjjb250zxh0ijp7ikzjtfrfulmiont9lcjzzwfyy2htb3vyy2uioijbu1nju1rbtlrfrelbte9hiiwizglzywjszuludgvudff1zxj5ijpmywxzzswizglzywjszvnwzwxsq29ycmvjdglvbii6zmfsc2usinnlyxjjaerpywxvz1nlc3npb25jzci6ije5ztlmzgjlltllnjetzdu5nc1lowy5lwu3otq1otjky2zinsisimrlynvnsw5mbyi6eyjhchboyw1lijoisunhcl9tzxj2awnlx0nvbnnvbguilcjhchbuexblijoiq29uc29szsisimfwce5hbwvzcgfjzsi6immilcjsb2nhdglvbii6imzvcmnlonjlbgf0zwrmaxn0rgvza3rvccisinnvymply3ruexblijoic2tlzf9fsm9ix0fsbg9jyxrpb25zx19yin19lcjncm91celkijoirevgqvvmvcj9lcjzdgf0zsi6e319</small> </font> </div>
<div class="test-event"> <font color="maroon"> <small> &emsp; &emsp;--- 23 Jun 17:41:01 331 - <b>5</b> - Page Load Wait: (Sync) - ICar.support.Utils.waitForPageLoad(Utils.java:109)</small> </font> </div>
<div class="test-event"> <font color="maroon"> <small> &emsp; &emsp;--- 23 Jun 17:41:16 796 - Unable to find a element after 5 sec ==> [[ChromeDriver: chrome on WINDOWS (dc2c64fcc1c09663eee064e43a1ca9ce)] -> xpath: //div[contains(@id,'brandBand_')]/div/div/div[2]//table/tbody/tr/th/span/a|//span[@class='slds-grid slds-grid_align-spread']/div/lightning-primitive-custom-cell/force-lookup/div/a]</small> </font> </div>
<div class="test-event"> <font color="maroon"> <small> &emsp; &emsp;--- 23 Jun 17:41:22 597 - Page URL:: https://i-car--staging.sandbox.lightning.force.com/one/one.app#eyjjb21wb25lbnrezwyioijmb3jjzvnlyxjjadpzzwfyy2hqywdlrgvza3rvccisimf0dhjpynv0zxmionsidgvybsi6ikppqi03mzkymcisinnjb3bltwfwijp7inr5cguioijut1bfukvtvuxuuyj9lcjjb250zxh0ijp7ikzjtfrfulmiont9lcjzzwfyy2htb3vyy2uioijbu1nju1rbtlrfrelbte9hiiwizglzywjszuludgvudff1zxj5ijpmywxzzswizglzywjszvnwzwxsq29ycmvjdglvbii6zmfsc2usinnlyxjjaerpywxvz1nlc3npb25jzci6ije5ztlmzgjlltllnjetzdu5nc1lowy5lwu3otq1otjky2zinsisimrlynvnsw5mbyi6eyjhchboyw1lijoisunhcl9tzxj2awnlx0nvbnnvbguilcjhchbuexblijoiq29uc29szsisimfwce5hbwvzcgfjzsi6immilcjsb2nhdglvbii6imzvcmnlonjlbgf0zwrmaxn0rgvza3rvccisinnvymply3ruexblijoic2tlzf9fsm9ix0fsbg9jyxrpb25zx19yin19lcjncm91celkijoirevgqvvmvcj9lcjzdgf0zsi6e319</small> </font> </div>
<div class="test-event"> <font color="maroon"> <small> &emsp; &emsp;--- 23 Jun 17:41:22 599 - <b>5</b> - Page Load Wait: (Sync) - ICar.support.Utils.waitForPageLoad(Utils.java:109)</small> </font> </div>
<div class="test-event"> <font color="maroon"> <small> &emsp; &emsp;--- 23 Jun 17:41:37 712 - Catched spinner load exception due to Expected condition failed: waiting for ICar.support.WaitUtils$4@3c654ce5 (tried for 15 second(s) with 500 milliseconds interval)</small> </font> </div>
<div class="test-event"> <font color="maroon"> <small> &emsp; &emsp;--- 23 Jun 17:41:37 712 - <b>15</b> - Spinner Load Wait: (Sync) - ICar.support.WaitUtils.waitForSpinner(WaitUtils.java:225)</small> </font> </div>
<div class="test-event"> <font color="maroon"> <small> &emsp; &emsp;--- 23 Jun 17:41:43 477 - Page URL:: https://i-car--staging.sandbox.lightning.force.com/one/one.app#eyjjb21wb25lbnrezwyioijmb3jjzvnlyxjjadpzzwfyy2hqywdlrgvza3rvccisimf0dhjpynv0zxmionsidgvybsi6ikppqi03mzkymcisinnjb3bltwfwijp7inr5cguioijut1bfukvtvuxuuyj9lcjjb250zxh0ijp7ikzjtfrfulmiont9lcjzzwfyy2htb3vyy2uioijbu1nju1rbtlrfrelbte9hiiwizglzywjszuludgvudff1zxj5ijpmywxzzswizglzywjszvnwzwxsq29ycmvjdglvbii6zmfsc2usinnlyxjjaerpywxvz1nlc3npb25jzci6ije5ztlmzgjlltllnjetzdu5nc1lowy5lwu3otq1otjky2zinsisimrlynvnsw5mbyi6eyjhchboyw1lijoisunhcl9tzxj2awnlx0nvbnnvbguilcjhchbuexblijoiq29uc29szsisimfwce5hbwvzcgfjzsi6immilcjsb2nhdglvbii6imzvcmnlonjlbgf0zwrmaxn0rgvza3rvccisinnvymply3ruexblijoic2tlzf9fsm9ix0fsbg9jyxrpb25zx19yin19lcjncm91celkijoirevgqvvmvcj9lcjzdgf0zsi6e319</small> </font> </div>
<div class="test-event"> <font color="maroon"> <small> &emsp; &emsp;--- 23 Jun 17:41:43 477 - <b>5</b> - Page Load Wait: (Sync) - ICar.support.Utils.waitForPageLoad(Utils.java:109)</small> </font> </div>
<div class="test-event"> <font color="maroon"> <small> &emsp; &emsp;--- 23 Jun 17:42:06 165 - Unable to find an element after 20 sec ==> [[ChromeDriver: chrome on WINDOWS (dc2c64fcc1c09663eee064e43a1ca9ce)] -> xpath: //a[text()='Related']]</small> </font> </div>
<div class="test-event"> <font color="maroon"> <small> &emsp; &emsp;--- 23 Jun 17:42:11 551 - Unable to find a element after 5 sec ==> [[ChromeDriver: chrome on WINDOWS (dc2c64fcc1c09663eee064e43a1ca9ce)] -> xpath: //a[text()='Related']]</small> </font> </div>
<!--FAIL-->
<div class="test-result"><br><font color="red"><strong> click on related tab not found in page!! </strong></font> <a href=".\ScreenShot\IRRWelding_TC53_338567524139700.png" target="_blank" >[ScreenShot]</a></div>&emsp;
&emsp;<div class="test-title"> <strong><font size = "3" color = "#0000FF">---Test Execution Ends---</font> </strong> </div>&emsp;]]>
    </system-out>
  </testcase> <!-- IRRWelding_TC53 -->
  <system-out>
    <![CDATA[<div class="test-event"> <font color="maroon"> <small> &emsp; &emsp;--- 23 Jun 17:09:54 079 - TestCaseID:: IRRWelding_TC53</small> </font> </div>
<div class="test-event"> <font color="maroon"> <small> &emsp; &emsp;--- 23 Jun 17:09:56 481 - <b>3</b> - Driver::initialize::Get - ICar.support.WebDriverFactory.getDriver(WebDriverFactory.java:640)</small> </font> </div>
<div class="test-event"> <font color="maroon"> <small> &emsp; &emsp;--- 23 Jun 17:10:14 525 - Page URL:: data:,</small> </font> </div>
<div class="test-event"> <font color="maroon"> <small> &emsp; &emsp;--- 23 Jun 17:10:14 526 - <b>5</b> - Page Load Wait: (Sync) - ICar.support.Utils.waitForPageLoad(Utils.java:109)</small> </font> </div>
&emsp;<div class="test-title"> <strong><font size = "3" color = "#000080">Welding-Request made on 5th business day or less to the scheduled event AND not cancelled by I-CAR</font> </strong> </div>&emsp;<div><strong>Steps:</strong></div><!-- Report -->&emsp;
<div class="test-event"> <font color="maroon"> <small> &emsp; &emsp;--- 23 Jun 17:10:24 120 - Element is displayed:: [[ChromeDriver: chrome on WINDOWS (dc2c64fcc1c09663eee064e43a1ca9ce)] -> xpath: //a/img[@alt='Login Image']]</small> </font> </div>
<div class="test-event"> <font color="maroon"> <small> &emsp; &emsp;--- 23 Jun 17:10:24 218 - Element is displayed:: [[ChromeDriver: chrome on WINDOWS (dc2c64fcc1c09663eee064e43a1ca9ce)] -> xpath: //a/img[@alt='Login Image']]</small> </font> </div>
<div class="test-message">&emsp;Successfully navigated to 'Home' Page&emsp;<a href=".\ScreenShot\IRRWelding_TC53_336660201679600.png" target="_blank" >[ScreenShot]</a></div>
<div class="test-message">&emsp;1. Home page is launched.</div>
<div class="test-event"> <font color="maroon"> <small> &emsp; &emsp;--- 23 Jun 17:10:29 917 - Page URL:: https://www.icarstage.com/</small> </font> </div>
<div class="test-event"> <font color="maroon"> <small> &emsp; &emsp;--- 23 Jun 17:10:29 917 - <b>5</b> - Page Load Wait: (Sync) - ICar.support.Utils.waitForPageLoad(Utils.java:109)</small> </font> </div>
<div class="test-event"> <font color="maroon"> <small> &emsp; &emsp;--- 23 Jun 17:10:29 970 - Element is displayed:: [[ChromeDriver: chrome on WINDOWS (dc2c64fcc1c09663eee064e43a1ca9ce)] -> xpath: //a/img[@alt='Login Image']]</small> </font> </div>
<div class="test-event"> <font color="maroon"> <small> &emsp; &emsp;--- 23 Jun 17:10:30 045 - Element is displayed:: [[ChromeDriver: chrome on WINDOWS (dc2c64fcc1c09663eee064e43a1ca9ce)] -> xpath: //a/img[@alt='Login Image']]</small> </font> </div>
<div class="test-event"> <font color="maroon"> <small> &emsp; &emsp;--- 23 Jun 17:10:49 448 - Catched spinner load exception due to Expected condition failed: waiting for ICar.support.WaitUtils$4@3c654ce5 (tried for 15 second(s) with 500 milliseconds interval)</small> </font> </div>
<div class="test-event"> <font color="maroon"> <small> &emsp; &emsp;--- 23 Jun 17:10:49 448 - <b>15</b> - Spinner Load Wait: (Sync) - ICar.support.WaitUtils.waitForSpinner(WaitUtils.java:225)</small> </font> </div>
<div class="test-message">&emsp;2. Navigate to 'Login Page'</div>
<div class="test-message">&emsp;Successfully navigated to 'Login' Page&emsp;<a href=".\ScreenShot\IRRWelding_TC53_336685444232100.png" target="_blank" >[ScreenShot]</a></div>
<div class="test-event"> <font color="maroon"> <small> &emsp; &emsp;--- 23 Jun 17:10:49 655 - Element is displayed:: [[ChromeDriver: chrome on WINDOWS (dc2c64fcc1c09663eee064e43a1ca9ce)] -> id: username]</small> </font> </div>
<div class="test-event"> <font color="maroon"> <small> &emsp; &emsp;--- 23 Jun 17:10:49 731 - Element is displayed:: [[ChromeDriver: chrome on WINDOWS (dc2c64fcc1c09663eee064e43a1ca9ce)] -> id: username]</small> </font> </div>
<div class="test-event"> <font color="maroon"> <small> &emsp; &emsp;--- 23 Jun 17:10:49 956 - Element is displayed:: [[ChromeDriver: chrome on WINDOWS (dc2c64fcc1c09663eee064e43a1ca9ce)] -> id: password]</small> </font> </div>
<div class="test-event"> <font color="maroon"> <small> &emsp; &emsp;--- 23 Jun 17:10:50 146 - Element is displayed:: [[ChromeDriver: chrome on WINDOWS (dc2c64fcc1c09663eee064e43a1ca9ce)] -> id: btn-login]</small> </font> </div>
<div class="test-event"> <font color="maroon"> <small> &emsp; &emsp;--- 23 Jun 17:11:03 542 - Catched spinner load exception due to Expected condition failed: waiting for ICar.support.WaitUtils$4@3c654ce5 (tried for 13 second(s) with 500 milliseconds interval)</small> </font> </div>
<div class="test-event"> <font color="maroon"> <small> &emsp; &emsp;--- 23 Jun 17:11:03 542 - <b>13</b> - Spinner Load Wait: (Sync) - ICar.support.WaitUtils.waitForSpinner(WaitUtils.java:225)</small> </font> </div>
<div class="test-event"> <font color="maroon"> <small> &emsp; &emsp;--- 23 Jun 17:11:25 568 - Catched spinner load exception due to Expected condition failed: waiting for ICar.support.WaitUtils$4@3c654ce5 (tried for 10 second(s) with 500 milliseconds interval)</small> </font> </div>
<div class="test-event"> <font color="maroon"> <small> &emsp; &emsp;--- 23 Jun 17:11:25 568 - <b>10</b> - Spinner Load Wait: (Sync) - ICar.support.WaitUtils.waitForSpinner(WaitUtils.java:225)</small> </font> </div>
<div class="test-event"> <font color="maroon"> <small> &emsp; &emsp;--- 23 Jun 17:11:25 653 - Element is displayed:: [[ChromeDriver: chrome on WINDOWS (dc2c64fcc1c09663eee064e43a1ca9ce)] -> xpath: //button[@value='Launch myLearning']]</small> </font> </div>
<div class="test-message">&emsp;3. Enter the user credentials as : alliefiero</div>
<div class="test-message">&emsp;Successfully navigated to 'User Home' Page&emsp;<a href=".\ScreenShot\IRRWelding_TC53_336721629405700.png" target="_blank" >[ScreenShot]</a></div>
<div class="test-event"> <font color="maroon"> <small> &emsp; &emsp;--- 23 Jun 17:11:31 170 - Page URL:: https://www.icarstage.com/</small> </font> </div>
<div class="test-event"> <font color="maroon"> <small> &emsp; &emsp;--- 23 Jun 17:11:31 170 - <b>5</b> - Page Load Wait: (Sync) - ICar.support.Utils.waitForPageLoad(Utils.java:109)</small> </font> </div>
<div class="test-event"> <font color="maroon"> <small> &emsp; &emsp;--- 23 Jun 17:11:41 694 - Catched spinner load exception due to Expected condition failed: waiting for ICar.support.WaitUtils$4@3c654ce5 (tried for 10 second(s) with 500 milliseconds interval)</small> </font> </div>
<div class="test-event"> <font color="maroon"> <small> &emsp; &emsp;--- 23 Jun 17:11:41 695 - <b>10</b> - Spinner Load Wait: (Sync) - ICar.support.WaitUtils.waitForSpinner(WaitUtils.java:225)</small> </font> </div>
<div class="test-event"> <font color="maroon"> <small> &emsp; &emsp;--- 23 Jun 17:11:55 753 - Catched spinner load exception due to Expected condition failed: waiting for ICar.support.WaitUtils$4@3c654ce5 (tried for 14 second(s) with 500 milliseconds interval)</small> </font> </div>
<div class="test-event"> <font color="maroon"> <small> &emsp; &emsp;--- 23 Jun 17:11:55 753 - <b>14</b> - Spinner Load Wait: (Sync) - ICar.support.WaitUtils.waitForSpinner(WaitUtils.java:225)</small> </font> </div>
<div class="test-event"> <font color="maroon"> <small> &emsp; &emsp;--- 23 Jun 17:11:57 865 - Element is displayed:: [[ChromeDriver: chrome on WINDOWS (dc2c64fcc1c09663eee064e43a1ca9ce)] -> xpath: //input[@class='slds-input searchInputCls']]</small> </font> </div>
<div class="test-event"> <font color="maroon"> <small> &emsp; &emsp;--- 23 Jun 17:11:58 154 - Element is displayed:: [[ChromeDriver: chrome on WINDOWS (dc2c64fcc1c09663eee064e43a1ca9ce)] -> xpath: //button[@title='Remove selected option']]</small> </font> </div>
<div class="test-event"> <font color="maroon"> <small> &emsp; &emsp;--- 23 Jun 17:12:07 399 - Page URL:: https://www.icarstage.com/custom-search-results?searchtext=recertification:%20aluminum%20gma%20(mig)%20welding#gsc.tab=0&gsc.q=recertification:%20aluminum%20gma%20(mig)%20welding&gsc.page=1</small> </font> </div>
<div class="test-event"> <font color="maroon"> <small> &emsp; &emsp;--- 23 Jun 17:12:07 399 - <b>5</b> - Page Load Wait: (Sync) - ICar.support.Utils.waitForPageLoad(Utils.java:109)</small> </font> </div>
<div class="test-event"> <font color="maroon"> <small> &emsp; &emsp;--- 23 Jun 17:12:17 880 - Catched spinner load exception due to Expected condition failed: waiting for ICar.support.WaitUtils$4@3c654ce5 (tried for 10 second(s) with 500 milliseconds interval)</small> </font> </div>
<div class="test-event"> <font color="maroon"> <small> &emsp; &emsp;--- 23 Jun 17:12:17 880 - <b>10</b> - Spinner Load Wait: (Sync) - ICar.support.WaitUtils.waitForSpinner(WaitUtils.java:225)</small> </font> </div>
<div class="test-event"> <font color="maroon"> <small> &emsp; &emsp;--- 23 Jun 17:12:17 921 - Element is displayed:: [[ChromeDriver: chrome on WINDOWS (dc2c64fcc1c09663eee064e43a1ca9ce)] -> xpath: //table//tbody//td[1]//div//a]</small> </font> </div>
<div class="test-event"> <font color="maroon"> <small> &emsp; &emsp;--- 23 Jun 17:12:20 030 - Element is displayed:: [[ChromeDriver: chrome on WINDOWS (dc2c64fcc1c09663eee064e43a1ca9ce)] -> xpath: //table//tbody//td[1]//div//a]</small> </font> </div>
<div class="test-event"> <font color="maroon"> <small> &emsp; &emsp;--- 23 Jun 17:12:40 371 - Element is displayed:: [[ChromeDriver: chrome on WINDOWS (dc2c64fcc1c09663eee064e43a1ca9ce)] -> xpath: //div[contains(text(),'Request')]]</small> </font> </div>
<div class="test-event"> <font color="maroon"> <small> &emsp; &emsp;--- 23 Jun 17:12:40 442 - Element is displayed:: [[ChromeDriver: chrome on WINDOWS (dc2c64fcc1c09663eee064e43a1ca9ce)] -> xpath: //div[contains(text(),'Request')]]</small> </font> </div>
<div class="test-event"> <font color="maroon"> <small> &emsp; &emsp;--- 23 Jun 17:12:40 512 - Element is displayed:: [[ChromeDriver: chrome on WINDOWS (dc2c64fcc1c09663eee064e43a1ca9ce)] -> xpath: //div[contains(text(),'Request')]]</small> </font> </div>
<div class="test-event"> <font color="maroon"> <small> &emsp; &emsp;--- 23 Jun 17:12:40 637 - Element is displayed:: [[ChromeDriver: chrome on WINDOWS (dc2c64fcc1c09663eee064e43a1ca9ce)] -> xpath: //button[@name='shop']]</small> </font> </div>
<div class="test-event"> <font color="maroon"> <small> &emsp; &emsp;--- 23 Jun 17:12:42 730 - Element is displayed:: [[ChromeDriver: chrome on WINDOWS (dc2c64fcc1c09663eee064e43a1ca9ce)] -> xpath: //button[@name='shop']]</small> </font> </div>
<div class="test-event"> <font color="maroon"> <small> &emsp; &emsp;--- 23 Jun 17:12:42 803 - Element is displayed:: [[ChromeDriver: chrome on WINDOWS (dc2c64fcc1c09663eee064e43a1ca9ce)] -> xpath: //span[@title='Fiero Collision Inc']]</small> </font> </div>
<div class="test-message">&emsp;Fiero Collision Inc is selected in EventLocation drop down</div>
<div class="test-event"> <font color="maroon"> <small> &emsp; &emsp;--- 23 Jun 17:12:42 886 - Element is displayed:: [[ChromeDriver: chrome on WINDOWS (dc2c64fcc1c09663eee064e43a1ca9ce)] -> xpath: //button[@name='eventType']]</small> </font> </div>
<div class="test-event"> <font color="maroon"> <small> &emsp; &emsp;--- 23 Jun 17:12:44 992 - Element is displayed:: [[ChromeDriver: chrome on WINDOWS (dc2c64fcc1c09663eee064e43a1ca9ce)] -> xpath: //button[@name='eventType']]</small> </font> </div>
<div class="test-event"> <font color="maroon"> <small> &emsp; &emsp;--- 23 Jun 17:12:45 069 - Element is displayed:: [[ChromeDriver: chrome on WINDOWS (dc2c64fcc1c09663eee064e43a1ca9ce)] -> xpath: //span[@title='Next Month']]</small> </font> </div>
<div class="test-message">&emsp;Next Month is selected in period drop down</div>
<div class="test-event"> <font color="maroon"> <small> &emsp; &emsp;--- 23 Jun 17:12:49 237 - Element is displayed:: [[ChromeDriver: chrome on WINDOWS (dc2c64fcc1c09663eee064e43a1ca9ce)] -> xpath: (//input[@data-id='contactInfo'])[2]]</small> </font> </div>
<div class="test-event"> <font color="maroon"> <small> &emsp; &emsp;--- 23 Jun 17:12:49 443 - Element is displayed:: [[ChromeDriver: chrome on WINDOWS (dc2c64fcc1c09663eee064e43a1ca9ce)] -> xpath: //button[@name='paymentType']]</small> </font> </div>
<div class="test-event"> <font color="maroon"> <small> &emsp; &emsp;--- 23 Jun 17:12:49 514 - Element is displayed:: [[ChromeDriver: chrome on WINDOWS (dc2c64fcc1c09663eee064e43a1ca9ce)] -> xpath: //button[@name='paymentType']]</small> </font> </div>
<div class="test-event"> <font color="maroon"> <small> &emsp; &emsp;--- 23 Jun 17:12:53 747 - Element is displayed:: [[ChromeDriver: chrome on WINDOWS (dc2c64fcc1c09663eee064e43a1ca9ce)] -> xpath: //button[@name='paymentType']//span//following::span[@class='slds-truncate']]</small> </font> </div>
<div class="test-message">&emsp;Credit card payment option already exist in payment selection drop down</div>
<div class="test-event"> <font color="maroon"> <small> &emsp; &emsp;--- 23 Jun 17:13:06 864 - Element is displayed:: [[ChromeDriver: chrome on WINDOWS (dc2c64fcc1c09663eee064e43a1ca9ce)] -> xpath: //a[text()='Equip']]</small> </font> </div>
<div class="test-event"> <font color="maroon"> <small> &emsp; &emsp;--- 23 Jun 17:13:06 931 - Element is displayed:: [[ChromeDriver: chrome on WINDOWS (dc2c64fcc1c09663eee064e43a1ca9ce)] -> xpath: //a[text()='Equip']]</small> </font> </div>
<div class="test-event"> <font color="maroon"> <small> &emsp; &emsp;--- 23 Jun 17:13:17 137 - Element is displayed:: [[ChromeDriver: chrome on WINDOWS (dc2c64fcc1c09663eee064e43a1ca9ce)] -> xpath: //a[contains(@name,'Release_and_Waiver')]]</small> </font> </div>
<div class="test-event"> <font color="maroon"> <small> &emsp; &emsp;--- 23 Jun 17:13:17 199 - Element is displayed:: [[ChromeDriver: chrome on WINDOWS (dc2c64fcc1c09663eee064e43a1ca9ce)] -> xpath: //a[contains(@name,'Release_and_Waiver')]]</small> </font> </div>
<div class="test-message">&emsp;Sucessfully verified link&emsp;<a href=".\ScreenShot\IRRWelding_TC53_336837050098700.png" target="_blank" >[ScreenShot]</a></div>
<div class="test-event"> <font color="maroon"> <small> &emsp; &emsp;--- 23 Jun 17:13:23 417 - Element is displayed:: [[ChromeDriver: chrome on WINDOWS (dc2c64fcc1c09663eee064e43a1ca9ce)] -> xpath: //a[contains(@name,'Event_Policy')]]</small> </font> </div>
<div class="test-event"> <font color="maroon"> <small> &emsp; &emsp;--- 23 Jun 17:13:23 479 - Element is displayed:: [[ChromeDriver: chrome on WINDOWS (dc2c64fcc1c09663eee064e43a1ca9ce)] -> xpath: //a[contains(@name,'Event_Policy')]]</small> </font> </div>
<div class="test-message">&emsp;Sucessfully verified link&emsp;<a href=".\ScreenShot\IRRWelding_TC53_336844926644200.png" target="_blank" >[ScreenShot]</a></div>
<div class="test-event"> <font color="maroon"> <small> &emsp; &emsp;--- 23 Jun 17:14:15 606 - Unable to find a element after 30 sec ==> Proxy element for: AjaxElementLocator 'By.cssSelector: a[name*='_COVID_19_Policies']'</small> </font> </div>
<div class="test-event"> <font color="maroon"> <small> &emsp; &emsp;--- 23 Jun 17:15:01 760 - Unable to find a element after 30 sec ==> Proxy element for: AjaxElementLocator 'By.cssSelector: a[name*='_COVID_19_Policies']'</small> </font> </div>
<div class="test-event"> <font color="maroon"> <small> &emsp; &emsp;--- 23 Jun 17:15:03 858 - Element is displayed:: [[ChromeDriver: chrome on WINDOWS (dc2c64fcc1c09663eee064e43a1ca9ce)] -> xpath: (//span[@class='slds-checkbox_faux'])[2]]</small> </font> </div>
<div class="test-event"> <font color="maroon"> <small> &emsp; &emsp;--- 23 Jun 17:15:09 048 - Page URL:: https://www.icarstage.com/product/recertification-aluminum-gma-mig-welding/01tdi000007ten8iam</small> </font> </div>
<div class="test-event"> <font color="maroon"> <small> &emsp; &emsp;--- 23 Jun 17:15:09 049 - <b>5</b> - Page Load Wait: (Sync) - ICar.support.Utils.waitForPageLoad(Utils.java:109)</small> </font> </div>
<div class="test-event"> <font color="maroon"> <small> &emsp; &emsp;--- 23 Jun 17:15:19 526 - Catched spinner load exception due to Expected condition failed: waiting for ICar.support.WaitUtils$4@3c654ce5 (tried for 10 second(s) with 500 milliseconds interval)</small> </font> </div>
<div class="test-event"> <font color="maroon"> <small> &emsp; &emsp;--- 23 Jun 17:15:19 527 - <b>10</b> - Spinner Load Wait: (Sync) - ICar.support.WaitUtils.waitForSpinner(WaitUtils.java:225)</small> </font> </div>
<div class="test-event"> <font color="maroon"> <small> &emsp; &emsp;--- 23 Jun 17:15:34 889 - Moved to element..</small> </font> </div>
<div class="test-event"> <font color="maroon"> <small> &emsp; &emsp;--- 23 Jun 17:16:21 093 - Unable to find a element after 30 sec ==> Proxy element for: AjaxElementLocator 'By.xpath: (//span[@class='slds-checkbox_faux'])[3]'</small> </font> </div>
<div class="test-event"> <font color="maroon"> <small> &emsp; &emsp;--- 23 Jun 17:17:07 453 - Unable to find a element after 30 sec ==> Proxy element for: AjaxElementLocator 'By.xpath: (//span[@class='slds-checkbox_faux'])[3]'</small> </font> </div>
<div class="test-event"> <font color="maroon"> <small> &emsp; &emsp;--- 23 Jun 17:17:07 509 - Element is displayed:: [[ChromeDriver: chrome on WINDOWS (dc2c64fcc1c09663eee064e43a1ca9ce)] -> xpath: //div[@class='slds-align_absolute-center slds-p-top_small']//button]</small> </font> </div>
<div class="test-event"> <font color="maroon"> <small> &emsp; &emsp;--- 23 Jun 17:17:07 573 - Element is displayed:: [[ChromeDriver: chrome on WINDOWS (dc2c64fcc1c09663eee064e43a1ca9ce)] -> xpath: //div[@class='slds-align_absolute-center slds-p-top_small']//button]</small> </font> </div>
<div class="test-event"> <font color="maroon"> <small> &emsp; &emsp;--- 23 Jun 17:17:18 009 - Catched spinner load exception due to Expected condition failed: waiting for ICar.support.WaitUtils$4@3c654ce5 (tried for 10 second(s) with 500 milliseconds interval)</small> </font> </div>
<div class="test-event"> <font color="maroon"> <small> &emsp; &emsp;--- 23 Jun 17:17:18 009 - <b>10</b> - Spinner Load Wait: (Sync) - ICar.support.WaitUtils.waitForSpinner(WaitUtils.java:225)</small> </font> </div>
<div class="test-event"> <font color="maroon"> <small> &emsp; &emsp;--- 23 Jun 17:17:23 173 - Page URL:: https://www.icarstage.com/product/recertification-aluminum-gma-mig-welding/01tdi000007ten8iam</small> </font> </div>
<div class="test-event"> <font color="maroon"> <small> &emsp; &emsp;--- 23 Jun 17:17:23 173 - <b>5</b> - Page Load Wait: (Sync) - ICar.support.Utils.waitForPageLoad(Utils.java:109)</small> </font> </div>
<div class="test-event"> <font color="maroon"> <small> &emsp; &emsp;--- 23 Jun 17:17:25 435 - Element is displayed:: [[ChromeDriver: chrome on WINDOWS (dc2c64fcc1c09663eee064e43a1ca9ce)] -> xpath: //button[text()='Add Selected Students']]</small> </font> </div>
<div class="test-event"> <font color="maroon"> <small> &emsp; &emsp;--- 23 Jun 17:18:11 583 - Unable to find a element after 30 sec ==> Proxy element for: AjaxElementLocator 'By.xpath: //button[text()='Ok']'</small> </font> </div>
<div class="test-event"> <font color="maroon"> <small> &emsp; &emsp;--- 23 Jun 17:18:57 726 - Unable to find a element after 30 sec ==> Proxy element for: AjaxElementLocator 'By.xpath: //button[text()='Ok']'</small> </font> </div>
<div class="test-event"> <font color="maroon"> <small> &emsp; &emsp;--- 23 Jun 17:18:57 795 - Element is displayed:: [[ChromeDriver: chrome on WINDOWS (dc2c64fcc1c09663eee064e43a1ca9ce)] -> xpath: //button[text()='Make Request']]</small> </font> </div>
<div class="test-event"> <font color="maroon"> <small> &emsp; &emsp;--- 23 Jun 17:18:59 893 - Element is displayed:: [[ChromeDriver: chrome on WINDOWS (dc2c64fcc1c09663eee064e43a1ca9ce)] -> xpath: //button[text()='Make Request']]</small> </font> </div>
<div class="test-event"> <font color="maroon"> <small> &emsp; &emsp;--- 23 Jun 17:19:30 379 - Catched spinner load exception due to Expected condition failed: waiting for ICar.support.WaitUtils$4@3c654ce5 (tried for 30 second(s) with 500 milliseconds interval)</small> </font> </div>
<div class="test-event"> <font color="maroon"> <small> &emsp; &emsp;--- 23 Jun 17:19:30 380 - <b>30</b> - Spinner Load Wait: (Sync) - ICar.support.WaitUtils.waitForSpinner(WaitUtils.java:225)</small> </font> </div>
<div class="test-message">&emsp;Successfully Requested the Recertification: Aluminum GMA (MIG) Welding course&emsp;<a href=".\ScreenShot\IRRWelding_TC53_337206356608600.png" target="_blank" >[ScreenShot]</a></div>
<div class="test-event"> <font color="maroon"> <small> &emsp; &emsp;--- 23 Jun 17:19:35 862 - Page URL:: https://my.icarstage.com/s/manage-in-shop-events</small> </font> </div>
<div class="test-event"> <font color="maroon"> <small> &emsp; &emsp;--- 23 Jun 17:19:35 862 - <b>5</b> - Page Load Wait: (Sync) - ICar.support.Utils.waitForPageLoad(Utils.java:109)</small> </font> </div>
<div class="test-event"> <font color="maroon"> <small> &emsp; &emsp;--- 23 Jun 17:20:03 549 - Page URL:: https://i-car--staging.sandbox.my.salesforce.com/</small> </font> </div>
<div class="test-event"> <font color="maroon"> <small> &emsp; &emsp;--- 23 Jun 17:20:03 549 - <b>5</b> - Page Load Wait: (Sync) - ICar.support.Utils.waitForPageLoad(Utils.java:109)</small> </font> </div>
<div class="test-message">&emsp;Successfully navigated to 'Login' Page&emsp;<a href=".\ScreenShot\IRRWelding_TC53_337239524169200.png" target="_blank" >[ScreenShot]</a></div>
<div class="test-message">&emsp;Login page is launched.</div>
<div class="test-event"> <font color="maroon"> <small> &emsp; &emsp;--- 23 Jun 17:20:04 128 - Element is displayed:: [[ChromeDriver: chrome on WINDOWS (dc2c64fcc1c09663eee064e43a1ca9ce)] -> id: username]</small> </font> </div>
<div class="test-event"> <font color="maroon"> <small> &emsp; &emsp;--- 23 Jun 17:20:04 193 - Element is displayed:: [[ChromeDriver: chrome on WINDOWS (dc2c64fcc1c09663eee064e43a1ca9ce)] -> id: username]</small> </font> </div>
<div class="test-event"> <font color="maroon"> <small> &emsp; &emsp;--- 23 Jun 17:20:04 432 - Element is displayed:: [[ChromeDriver: chrome on WINDOWS (dc2c64fcc1c09663eee064e43a1ca9ce)] -> id: password]</small> </font> </div>
<div class="test-event"> <font color="maroon"> <small> &emsp; &emsp;--- 23 Jun 17:20:04 621 - Element is displayed:: [[ChromeDriver: chrome on WINDOWS (dc2c64fcc1c09663eee064e43a1ca9ce)] -> id: Login]</small> </font> </div>
<div class="test-event"> <font color="maroon"> <small> &emsp; &emsp;--- 23 Jun 17:20:41 336 - Catched spinner load exception due to Expected condition failed: waiting for ICar.support.WaitUtils$4@3c654ce5 (tried for 13 second(s) with 500 milliseconds interval)</small> </font> </div>
<div class="test-event"> <font color="maroon"> <small> &emsp; &emsp;--- 23 Jun 17:20:41 336 - <b>13</b> - Spinner Load Wait: (Sync) - ICar.support.WaitUtils.waitForSpinner(WaitUtils.java:225)</small> </font> </div>
<div class="test-event"> <font color="maroon"> <small> &emsp; &emsp;--- 23 Jun 17:20:58 732 - Catched spinner load exception due to Expected condition failed: waiting for ICar.support.WaitUtils$4@3c654ce5 (tried for 6 second(s) with 500 milliseconds interval)</small> </font> </div>
<div class="test-event"> <font color="maroon"> <small> &emsp; &emsp;--- 23 Jun 17:20:58 732 - <b>6</b> - Spinner Load Wait: (Sync) - ICar.support.WaitUtils.waitForSpinner(WaitUtils.java:225)</small> </font> </div>
<div class="test-event"> <font color="maroon"> <small> &emsp; &emsp;--- 23 Jun 17:20:58 798 - Element is displayed:: [[ChromeDriver: chrome on WINDOWS (dc2c64fcc1c09663eee064e43a1ca9ce)] -> css selector: button[class*='search-button']]</small> </font> </div>
<div class="test-message">&emsp;Navigate to 'SalesForce Page'</div>
<div class="test-event"> <font color="maroon"> <small> &emsp; &emsp;--- 23 Jun 17:21:04 032 - Page URL:: https://i-car--staging.sandbox.lightning.force.com/lightning/o/committee__c/list?filtername=__recent</small> </font> </div>
<div class="test-event"> <font color="maroon"> <small> &emsp; &emsp;--- 23 Jun 17:21:04 032 - <b>5</b> - Page Load Wait: (Sync) - ICar.support.Utils.waitForPageLoad(Utils.java:109)</small> </font> </div>
<div class="test-event"> <font color="maroon"> <small> &emsp; &emsp;--- 23 Jun 17:21:14 183 - Page URL:: https://i-car--staging.sandbox.lightning.force.com/lightning/o/committee__c/list?filtername=__recent</small> </font> </div>
<div class="test-event"> <font color="maroon"> <small> &emsp; &emsp;--- 23 Jun 17:21:14 183 - <b>5</b> - Page Load Wait: (Sync) - ICar.support.Utils.waitForPageLoad(Utils.java:109)</small> </font> </div>
<div class="test-message">&emsp;Close the tab</div>
<div class="test-message">&emsp;Successfully navigated to 'Salesforce Login' Page&emsp;<a href=".\ScreenShot\IRRWelding_TC53_337327508642800.png" target="_blank" >[ScreenShot]</a></div>
<div class="test-message">&emsp;Enter the user credentials as : vinod.hari@i-car.com.staging</div>
<div class="test-event"> <font color="maroon"> <small> &emsp; &emsp;--- 23 Jun 17:21:48 233 - Page URL:: https://i-car--staging.sandbox.lightning.force.com/lightning/o/committee__c/list?filtername=__recent</small> </font> </div>
<div class="test-event"> <font color="maroon"> <small> &emsp; &emsp;--- 23 Jun 17:21:48 233 - <b>5</b> - Page Load Wait: (Sync) - ICar.support.Utils.waitForPageLoad(Utils.java:109)</small> </font> </div>
<div class="test-event"> <font color="maroon"> <small> &emsp; &emsp;--- 23 Jun 17:21:53 370 - Page URL:: https://i-car--staging.sandbox.lightning.force.com/lightning/o/committee__c/list?filtername=__recent</small> </font> </div>
<div class="test-event"> <font color="maroon"> <small> &emsp; &emsp;--- 23 Jun 17:21:53 370 - <b>5</b> - Page Load Wait: (Sync) - ICar.support.Utils.waitForPageLoad(Utils.java:109)</small> </font> </div>
<div class="test-event"> <font color="maroon"> <small> &emsp; &emsp;--- 23 Jun 17:22:03 537 - Page URL:: https://i-car--staging.sandbox.lightning.force.com/lightning/o/committee__c/list?filtername=__recent</small> </font> </div>
<div class="test-event"> <font color="maroon"> <small> &emsp; &emsp;--- 23 Jun 17:22:03 537 - <b>5</b> - Page Load Wait: (Sync) - ICar.support.Utils.waitForPageLoad(Utils.java:109)</small> </font> </div>
<div class="test-message">&emsp;Close the tab</div>
<div class="test-event"> <font color="maroon"> <small> &emsp; &emsp;--- 23 Jun 17:22:37 445 - Catched spinner load exception due to Expected condition failed: waiting for ICar.support.WaitUtils$4@3c654ce5 (tried for 5 second(s) with 500 milliseconds interval)</small> </font> </div>
<div class="test-event"> <font color="maroon"> <small> &emsp; &emsp;--- 23 Jun 17:22:37 446 - <b>5</b> - Spinner Load Wait: (Sync) - ICar.support.WaitUtils.waitForSpinner(WaitUtils.java:225)</small> </font> </div>
<div class="test-event"> <font color="maroon"> <small> &emsp; &emsp;--- 23 Jun 17:22:42 619 - Page URL:: https://i-car--staging.sandbox.lightning.force.com/lightning/o/committee__c/list?filtername=__recent</small> </font> </div>
<div class="test-event"> <font color="maroon"> <small> &emsp; &emsp;--- 23 Jun 17:22:42 619 - <b>5</b> - Page Load Wait: (Sync) - ICar.support.Utils.waitForPageLoad(Utils.java:109)</small> </font> </div>
<div class="test-event"> <font color="maroon"> <small> &emsp; &emsp;--- 23 Jun 17:22:42 692 - Element is displayed:: [[ChromeDriver: chrome on WINDOWS (dc2c64fcc1c09663eee064e43a1ca9ce)] -> xpath: //div[contains(@class,'appLauncher ')]//button]</small> </font> </div>
<div class="test-event"> <font color="maroon"> <small> &emsp; &emsp;--- 23 Jun 17:22:42 749 - Element is displayed:: [[ChromeDriver: chrome on WINDOWS (dc2c64fcc1c09663eee064e43a1ca9ce)] -> xpath: //div[contains(@class,'appLauncher ')]//button]</small> </font> </div>
<div class="test-event"> <font color="maroon"> <small> &emsp; &emsp;--- 23 Jun 17:22:44 729 - Element is displayed:: [[ChromeDriver: chrome on WINDOWS (dc2c64fcc1c09663eee064e43a1ca9ce)] -> xpath: //input[@placeholder='Search apps and items...']]</small> </font> </div>
<div class="test-event"> <font color="maroon"> <small> &emsp; &emsp;--- 23 Jun 17:22:44 794 - Element is displayed:: [[ChromeDriver: chrome on WINDOWS (dc2c64fcc1c09663eee064e43a1ca9ce)] -> xpath: //input[@placeholder='Search apps and items...']]</small> </font> </div>
<div class="test-event"> <font color="maroon"> <small> &emsp; &emsp;--- 23 Jun 17:22:48 121 - Element is displayed:: [[ChromeDriver: chrome on WINDOWS (dc2c64fcc1c09663eee064e43a1ca9ce)] -> xpath: //lightning-formatted-rich-text/span/p/b[text()='Session Scheduling Console']]</small> </font> </div>
<div class="test-event"> <font color="maroon"> <small> &emsp; &emsp;--- 23 Jun 17:22:51 160 - Element is displayed:: [[ChromeDriver: chrome on WINDOWS (dc2c64fcc1c09663eee064e43a1ca9ce)] -> xpath: //lightning-formatted-rich-text/span/p/b[text()='Session Scheduling Console']]</small> </font> </div>
<div class="test-event"> <font color="maroon"> <small> &emsp; &emsp;--- 23 Jun 17:22:56 411 - Page URL:: https://i-car--staging.sandbox.lightning.force.com/lightning/n/session_scheduling_console</small> </font> </div>
<div class="test-event"> <font color="maroon"> <small> &emsp; &emsp;--- 23 Jun 17:22:56 411 - <b>5</b> - Page Load Wait: (Sync) - ICar.support.Utils.waitForPageLoad(Utils.java:109)</small> </font> </div>
<div class="test-event"> <font color="maroon"> <small> &emsp; &emsp;--- 23 Jun 17:23:16 905 - Catched spinner load exception due to Expected condition failed: waiting for ICar.support.WaitUtils$4@3c654ce5 (tried for 10 second(s) with 500 milliseconds interval)</small> </font> </div>
<div class="test-event"> <font color="maroon"> <small> &emsp; &emsp;--- 23 Jun 17:23:16 905 - <b>10</b> - Spinner Load Wait: (Sync) - ICar.support.WaitUtils.waitForSpinner(WaitUtils.java:225)</small> </font> </div>
<div class="test-event"> <font color="maroon"> <small> &emsp; &emsp;--- 23 Jun 17:23:22 114 - Page URL:: https://i-car--staging.sandbox.lightning.force.com/lightning/n/session_scheduling_console</small> </font> </div>
<div class="test-event"> <font color="maroon"> <small> &emsp; &emsp;--- 23 Jun 17:23:22 115 - <b>5</b> - Page Load Wait: (Sync) - ICar.support.Utils.waitForPageLoad(Utils.java:109)</small> </font> </div>
<div class="test-event"> <font color="maroon"> <small> &emsp; &emsp;--- 23 Jun 17:23:46 549 - Catched spinner load exception due to Expected condition failed: waiting for ICar.support.WaitUtils$4@3c654ce5 (tried for 24 second(s) with 500 milliseconds interval)</small> </font> </div>
<div class="test-event"> <font color="maroon"> <small> &emsp; &emsp;--- 23 Jun 17:23:46 549 - <b>24</b> - Spinner Load Wait: (Sync) - ICar.support.WaitUtils.waitForSpinner(WaitUtils.java:225)</small> </font> </div>
<div class="test-event"> <font color="maroon"> <small> &emsp; &emsp;--- 23 Jun 17:23:51 739 - Page URL:: https://i-car--staging.sandbox.lightning.force.com/lightning/n/session_scheduling_console</small> </font> </div>
<div class="test-event"> <font color="maroon"> <small> &emsp; &emsp;--- 23 Jun 17:23:51 739 - <b>5</b> - Page Load Wait: (Sync) - ICar.support.Utils.waitForPageLoad(Utils.java:109)</small> </font> </div>
<div class="test-event"> <font color="maroon"> <small> &emsp; &emsp;--- 23 Jun 17:24:12 060 - Catched spinner load exception due to Expected condition failed: waiting for ICar.support.WaitUtils$4@3c654ce5 (tried for 20 second(s) with 500 milliseconds interval)</small> </font> </div>
<div class="test-event"> <font color="maroon"> <small> &emsp; &emsp;--- 23 Jun 17:24:12 060 - <b>20</b> - Spinner Load Wait: (Sync) - ICar.support.WaitUtils.waitForSpinner(WaitUtils.java:225)</small> </font> </div>
<div class="test-message">&emsp;Total no of frames 1</div>
<div class="test-event"> <font color="maroon"> <small> &emsp; &emsp;--- 23 Jun 17:24:12 204 - Element is displayed:: [[ChromeDriver: chrome on WINDOWS (dc2c64fcc1c09663eee064e43a1ca9ce)] -> xpath: //span[@class='slds-checkbox_faux']]</small> </font> </div>
<div class="test-event"> <font color="maroon"> <small> &emsp; &emsp;--- 23 Jun 17:24:16 331 - Element is displayed:: [[ChromeDriver: chrome on WINDOWS (dc2c64fcc1c09663eee064e43a1ca9ce)] -> xpath: //span[@class='slds-checkbox_faux']]</small> </font> </div>
<div class="test-event"> <font color="maroon"> <small> &emsp; &emsp;--- 23 Jun 17:24:18 430 - Element is displayed:: [[ChromeDriver: chrome on WINDOWS (dc2c64fcc1c09663eee064e43a1ca9ce)] -> xpath: //div[text()='Queued']]</small> </font> </div>
<div class="test-event"> <font color="maroon"> <small> &emsp; &emsp;--- 23 Jun 17:24:21 510 - Element is displayed:: [[ChromeDriver: chrome on WINDOWS (dc2c64fcc1c09663eee064e43a1ca9ce)] -> xpath: (//input[@type='text'])[4]]</small> </font> </div>
<div class="test-event"> <font color="maroon"> <small> &emsp; &emsp;--- 23 Jun 17:24:21 609 - Element is displayed:: [[ChromeDriver: chrome on WINDOWS (dc2c64fcc1c09663eee064e43a1ca9ce)] -> xpath: (//input[@type='text'])[4]]</small> </font> </div>
<div class="test-event"> <font color="maroon"> <small> &emsp; &emsp;--- 23 Jun 17:24:21 672 - Element is displayed:: [[ChromeDriver: chrome on WINDOWS (dc2c64fcc1c09663eee064e43a1ca9ce)] -> xpath: (//input[@type='text'])[4]]</small> </font> </div>
<div class="test-event"> <font color="maroon"> <small> &emsp; &emsp;--- 23 Jun 17:24:24 762 - Element is displayed:: [[ChromeDriver: chrome on WINDOWS (dc2c64fcc1c09663eee064e43a1ca9ce)] -> xpath: (//input[@type='text'])[4]]</small> </font> </div>
<div class="test-event"> <font color="maroon"> <small> &emsp; &emsp;--- 23 Jun 17:24:30 195 - Page URL:: https://i-car--staging.sandbox.lightning.force.com/lightning/n/session_scheduling_console</small> </font> </div>
<div class="test-event"> <font color="maroon"> <small> &emsp; &emsp;--- 23 Jun 17:24:30 195 - <b>5</b> - Page Load Wait: (Sync) - ICar.support.Utils.waitForPageLoad(Utils.java:109)</small> </font> </div>
<div class="test-event"> <font color="maroon"> <small> &emsp; &emsp;--- 23 Jun 17:24:35 397 - Page URL:: https://i-car--staging.sandbox.lightning.force.com/lightning/n/session_scheduling_console</small> </font> </div>
<div class="test-event"> <font color="maroon"> <small> &emsp; &emsp;--- 23 Jun 17:24:35 397 - <b>5</b> - Page Load Wait: (Sync) - ICar.support.Utils.waitForPageLoad(Utils.java:109)</small> </font> </div>
<div class="test-event"> <font color="maroon"> <small> &emsp; &emsp;--- 23 Jun 17:24:47 878 - Catched spinner load exception due to Expected condition failed: waiting for ICar.support.WaitUtils$4@3c654ce5 (tried for 12 second(s) with 500 milliseconds interval)</small> </font> </div>
<div class="test-event"> <font color="maroon"> <small> &emsp; &emsp;--- 23 Jun 17:24:47 878 - <b>12</b> - Spinner Load Wait: (Sync) - ICar.support.WaitUtils.waitForSpinner(WaitUtils.java:225)</small> </font> </div>
<div class="test-event"> <font color="maroon"> <small> &emsp; &emsp;--- 23 Jun 17:25:08 199 - Catched spinner load exception due to Expected condition failed: waiting for ICar.support.WaitUtils$4@3c654ce5 (tried for 20 second(s) with 500 milliseconds interval)</small> </font> </div>
<div class="test-event"> <font color="maroon"> <small> &emsp; &emsp;--- 23 Jun 17:25:08 199 - <b>20</b> - Spinner Load Wait: (Sync) - ICar.support.WaitUtils.waitForSpinner(WaitUtils.java:225)</small> </font> </div>
<div class="test-message">&emsp;Total no of frames 1</div>
<div class="test-message">&emsp;Job numberJOB-53204</div>
<div class="test-event"> <font color="maroon"> <small> &emsp; &emsp;--- 23 Jun 17:25:22 760 - Catched spinner load exception due to Expected condition failed: waiting for ICar.support.WaitUtils$4@3c654ce5 (tried for 12 second(s) with 500 milliseconds interval)</small> </font> </div>
<div class="test-event"> <font color="maroon"> <small> &emsp; &emsp;--- 23 Jun 17:25:22 760 - <b>12</b> - Spinner Load Wait: (Sync) - ICar.support.WaitUtils.waitForSpinner(WaitUtils.java:225)</small> </font> </div>
<div class="test-event"> <font color="maroon"> <small> &emsp; &emsp;--- 23 Jun 17:25:22 817 - Element is displayed:: [[ChromeDriver: chrome on WINDOWS (dc2c64fcc1c09663eee064e43a1ca9ce)] -> xpath: //div[@class='slds-scrollable_y slds-p-horizontal_small slds-grow ng-scope']//table//tbody//tr//td[@class='col-action']//button]</small> </font> </div>
<div class="test-event"> <font color="maroon"> <small> &emsp; &emsp;--- 23 Jun 17:25:22 915 - Element is displayed:: [[ChromeDriver: chrome on WINDOWS (dc2c64fcc1c09663eee064e43a1ca9ce)] -> xpath: (//li[@class='slds-dropdown__item']//a//span[@class='slds-truncate'])[2]]</small> </font> </div>
<div class="test-message">&emsp;Job numberJOB-53205</div>
<div class="test-event"> <font color="maroon"> <small> &emsp; &emsp;--- 23 Jun 17:25:37 580 - Catched spinner load exception due to Expected condition failed: waiting for ICar.support.WaitUtils$4@3c654ce5 (tried for 12 second(s) with 500 milliseconds interval)</small> </font> </div>
<div class="test-event"> <font color="maroon"> <small> &emsp; &emsp;--- 23 Jun 17:25:37 580 - <b>12</b> - Spinner Load Wait: (Sync) - ICar.support.WaitUtils.waitForSpinner(WaitUtils.java:225)</small> </font> </div>
<div class="test-event"> <font color="maroon"> <small> &emsp; &emsp;--- 23 Jun 17:25:37 641 - Element is displayed:: [[ChromeDriver: chrome on WINDOWS (dc2c64fcc1c09663eee064e43a1ca9ce)] -> xpath: //div[@class='slds-scrollable_y slds-p-horizontal_small slds-grow ng-scope']//table//tbody//tr//td[@class='col-action']//button]</small> </font> </div>
<div class="test-event"> <font color="maroon"> <small> &emsp; &emsp;--- 23 Jun 17:25:37 794 - Element is displayed:: [[ChromeDriver: chrome on WINDOWS (dc2c64fcc1c09663eee064e43a1ca9ce)] -> xpath: (//li[@class='slds-dropdown__item']//a//span[@class='slds-truncate'])[2]]</small> </font> </div>
<div class="test-message">&emsp;Job numberJOB-53206</div>
<div class="test-event"> <font color="maroon"> <small> &emsp; &emsp;--- 23 Jun 17:25:52 413 - Catched spinner load exception due to Expected condition failed: waiting for ICar.support.WaitUtils$4@3c654ce5 (tried for 12 second(s) with 500 milliseconds interval)</small> </font> </div>
<div class="test-event"> <font color="maroon"> <small> &emsp; &emsp;--- 23 Jun 17:25:52 413 - <b>12</b> - Spinner Load Wait: (Sync) - ICar.support.WaitUtils.waitForSpinner(WaitUtils.java:225)</small> </font> </div>
<div class="test-event"> <font color="maroon"> <small> &emsp; &emsp;--- 23 Jun 17:25:52 482 - Element is displayed:: [[ChromeDriver: chrome on WINDOWS (dc2c64fcc1c09663eee064e43a1ca9ce)] -> xpath: //div[@class='slds-scrollable_y slds-p-horizontal_small slds-grow ng-scope']//table//tbody//tr//td[@class='col-action']//button]</small> </font> </div>
<div class="test-event"> <font color="maroon"> <small> &emsp; &emsp;--- 23 Jun 17:25:52 600 - Element is displayed:: [[ChromeDriver: chrome on WINDOWS (dc2c64fcc1c09663eee064e43a1ca9ce)] -> xpath: (//li[@class='slds-dropdown__item']//a//span[@class='slds-truncate'])[2]]</small> </font> </div>
<div class="test-message">&emsp;Job numberJOB-58710</div>
<div class="test-event"> <font color="maroon"> <small> &emsp; &emsp;--- 23 Jun 17:26:07 311 - Catched spinner load exception due to Expected condition failed: waiting for ICar.support.WaitUtils$4@3c654ce5 (tried for 12 second(s) with 500 milliseconds interval)</small> </font> </div>
<div class="test-event"> <font color="maroon"> <small> &emsp; &emsp;--- 23 Jun 17:26:07 311 - <b>12</b> - Spinner Load Wait: (Sync) - ICar.support.WaitUtils.waitForSpinner(WaitUtils.java:225)</small> </font> </div>
<div class="test-event"> <font color="maroon"> <small> &emsp; &emsp;--- 23 Jun 17:26:07 382 - Element is displayed:: [[ChromeDriver: chrome on WINDOWS (dc2c64fcc1c09663eee064e43a1ca9ce)] -> xpath: //div[@class='slds-scrollable_y slds-p-horizontal_small slds-grow ng-scope']//table//tbody//tr//td[@class='col-action']//button]</small> </font> </div>
<div class="test-event"> <font color="maroon"> <small> &emsp; &emsp;--- 23 Jun 17:26:07 582 - Element is displayed:: [[ChromeDriver: chrome on WINDOWS (dc2c64fcc1c09663eee064e43a1ca9ce)] -> xpath: (//li[@class='slds-dropdown__item']//a//span[@class='slds-truncate'])[2]]</small> </font> </div>
<div class="test-message">&emsp;Job numberJOB-58711</div>
<div class="test-event"> <font color="maroon"> <small> &emsp; &emsp;--- 23 Jun 17:26:21 833 - Catched spinner load exception due to Expected condition failed: waiting for ICar.support.WaitUtils$4@3c654ce5 (tried for 12 second(s) with 500 milliseconds interval)</small> </font> </div>
<div class="test-event"> <font color="maroon"> <small> &emsp; &emsp;--- 23 Jun 17:26:21 833 - <b>12</b> - Spinner Load Wait: (Sync) - ICar.support.WaitUtils.waitForSpinner(WaitUtils.java:225)</small> </font> </div>
<div class="test-event"> <font color="maroon"> <small> &emsp; &emsp;--- 23 Jun 17:26:21 967 - Element is displayed:: [[ChromeDriver: chrome on WINDOWS (dc2c64fcc1c09663eee064e43a1ca9ce)] -> xpath: //div[@class='slds-scrollable_y slds-p-horizontal_small slds-grow ng-scope']//table//tbody//tr//td[@class='col-action']//button]</small> </font> </div>
<div class="test-event"> <font color="maroon"> <small> &emsp; &emsp;--- 23 Jun 17:26:22 576 - Element is displayed:: [[ChromeDriver: chrome on WINDOWS (dc2c64fcc1c09663eee064e43a1ca9ce)] -> xpath: (//li[@class='slds-dropdown__item']//a//span[@class='slds-truncate'])[2]]</small> </font> </div>
<div class="test-message">&emsp;Job numberJOB-58713</div>
<div class="test-event"> <font color="maroon"> <small> &emsp; &emsp;--- 23 Jun 17:26:37 003 - Catched spinner load exception due to Expected condition failed: waiting for ICar.support.WaitUtils$4@3c654ce5 (tried for 12 second(s) with 500 milliseconds interval)</small> </font> </div>
<div class="test-event"> <font color="maroon"> <small> &emsp; &emsp;--- 23 Jun 17:26:37 004 - <b>12</b> - Spinner Load Wait: (Sync) - ICar.support.WaitUtils.waitForSpinner(WaitUtils.java:225)</small> </font> </div>
<div class="test-event"> <font color="maroon"> <small> &emsp; &emsp;--- 23 Jun 17:26:37 094 - Element is displayed:: [[ChromeDriver: chrome on WINDOWS (dc2c64fcc1c09663eee064e43a1ca9ce)] -> xpath: //div[@class='slds-scrollable_y slds-p-horizontal_small slds-grow ng-scope']//table//tbody//tr//td[@class='col-action']//button]</small> </font> </div>
<div class="test-event"> <font color="maroon"> <small> &emsp; &emsp;--- 23 Jun 17:26:37 387 - Element is displayed:: [[ChromeDriver: chrome on WINDOWS (dc2c64fcc1c09663eee064e43a1ca9ce)] -> xpath: (//li[@class='slds-dropdown__item']//a//span[@class='slds-truncate'])[2]]</small> </font> </div>
<div class="test-message">&emsp;Job numberJOB-60063</div>
<div class="test-event"> <font color="maroon"> <small> &emsp; &emsp;--- 23 Jun 17:26:51 697 - Catched spinner load exception due to Expected condition failed: waiting for ICar.support.WaitUtils$4@3c654ce5 (tried for 12 second(s) with 500 milliseconds interval)</small> </font> </div>
<div class="test-event"> <font color="maroon"> <small> &emsp; &emsp;--- 23 Jun 17:26:51 698 - <b>12</b> - Spinner Load Wait: (Sync) - ICar.support.WaitUtils.waitForSpinner(WaitUtils.java:225)</small> </font> </div>
<div class="test-event"> <font color="maroon"> <small> &emsp; &emsp;--- 23 Jun 17:26:51 763 - Element is displayed:: [[ChromeDriver: chrome on WINDOWS (dc2c64fcc1c09663eee064e43a1ca9ce)] -> xpath: //div[@class='slds-scrollable_y slds-p-horizontal_small slds-grow ng-scope']//table//tbody//tr//td[@class='col-action']//button]</small> </font> </div>
<div class="test-event"> <font color="maroon"> <small> &emsp; &emsp;--- 23 Jun 17:26:51 964 - Element is displayed:: [[ChromeDriver: chrome on WINDOWS (dc2c64fcc1c09663eee064e43a1ca9ce)] -> xpath: (//li[@class='slds-dropdown__item']//a//span[@class='slds-truncate'])[2]]</small> </font> </div>
<div class="test-message">&emsp;Job numberJOB-60064</div>
<div class="test-event"> <font color="maroon"> <small> &emsp; &emsp;--- 23 Jun 17:27:06 180 - Catched spinner load exception due to Expected condition failed: waiting for ICar.support.WaitUtils$4@3c654ce5 (tried for 12 second(s) with 500 milliseconds interval)</small> </font> </div>
<div class="test-event"> <font color="maroon"> <small> &emsp; &emsp;--- 23 Jun 17:27:06 180 - <b>12</b> - Spinner Load Wait: (Sync) - ICar.support.WaitUtils.waitForSpinner(WaitUtils.java:225)</small> </font> </div>
<div class="test-event"> <font color="maroon"> <small> &emsp; &emsp;--- 23 Jun 17:27:06 245 - Element is displayed:: [[ChromeDriver: chrome on WINDOWS (dc2c64fcc1c09663eee064e43a1ca9ce)] -> xpath: //div[@class='slds-scrollable_y slds-p-horizontal_small slds-grow ng-scope']//table//tbody//tr//td[@class='col-action']//button]</small> </font> </div>
<div class="test-event"> <font color="maroon"> <small> &emsp; &emsp;--- 23 Jun 17:27:06 438 - Element is displayed:: [[ChromeDriver: chrome on WINDOWS (dc2c64fcc1c09663eee064e43a1ca9ce)] -> xpath: (//li[@class='slds-dropdown__item']//a//span[@class='slds-truncate'])[2]]</small> </font> </div>
<div class="test-message">&emsp;Job numberJOB-60066</div>
<div class="test-event"> <font color="maroon"> <small> &emsp; &emsp;--- 23 Jun 17:27:20 652 - Catched spinner load exception due to Expected condition failed: waiting for ICar.support.WaitUtils$4@3c654ce5 (tried for 12 second(s) with 500 milliseconds interval)</small> </font> </div>
<div class="test-event"> <font color="maroon"> <small> &emsp; &emsp;--- 23 Jun 17:27:20 652 - <b>12</b> - Spinner Load Wait: (Sync) - ICar.support.WaitUtils.waitForSpinner(WaitUtils.java:225)</small> </font> </div>
<div class="test-event"> <font color="maroon"> <small> &emsp; &emsp;--- 23 Jun 17:27:20 718 - Element is displayed:: [[ChromeDriver: chrome on WINDOWS (dc2c64fcc1c09663eee064e43a1ca9ce)] -> xpath: //div[@class='slds-scrollable_y slds-p-horizontal_small slds-grow ng-scope']//table//tbody//tr//td[@class='col-action']//button]</small> </font> </div>
<div class="test-event"> <font color="maroon"> <small> &emsp; &emsp;--- 23 Jun 17:27:20 905 - Element is displayed:: [[ChromeDriver: chrome on WINDOWS (dc2c64fcc1c09663eee064e43a1ca9ce)] -> xpath: (//li[@class='slds-dropdown__item']//a//span[@class='slds-truncate'])[2]]</small> </font> </div>
<div class="test-message">&emsp;Job numberJOB-65181</div>
<div class="test-event"> <font color="maroon"> <small> &emsp; &emsp;--- 23 Jun 17:27:35 620 - Catched spinner load exception due to Expected condition failed: waiting for ICar.support.WaitUtils$4@3c654ce5 (tried for 12 second(s) with 500 milliseconds interval)</small> </font> </div>
<div class="test-event"> <font color="maroon"> <small> &emsp; &emsp;--- 23 Jun 17:27:35 620 - <b>12</b> - Spinner Load Wait: (Sync) - ICar.support.WaitUtils.waitForSpinner(WaitUtils.java:225)</small> </font> </div>
<div class="test-event"> <font color="maroon"> <small> &emsp; &emsp;--- 23 Jun 17:27:35 683 - Element is displayed:: [[ChromeDriver: chrome on WINDOWS (dc2c64fcc1c09663eee064e43a1ca9ce)] -> xpath: //div[@class='slds-scrollable_y slds-p-horizontal_small slds-grow ng-scope']//table//tbody//tr//td[@class='col-action']//button]</small> </font> </div>
<div class="test-event"> <font color="maroon"> <small> &emsp; &emsp;--- 23 Jun 17:27:35 880 - Element is displayed:: [[ChromeDriver: chrome on WINDOWS (dc2c64fcc1c09663eee064e43a1ca9ce)] -> xpath: (//li[@class='slds-dropdown__item']//a//span[@class='slds-truncate'])[2]]</small> </font> </div>
<div class="test-message">&emsp;Job numberJOB-65183</div>
<div class="test-event"> <font color="maroon"> <small> &emsp; &emsp;--- 23 Jun 17:27:50 617 - Catched spinner load exception due to Expected condition failed: waiting for ICar.support.WaitUtils$4@3c654ce5 (tried for 12 second(s) with 500 milliseconds interval)</small> </font> </div>
<div class="test-event"> <font color="maroon"> <small> &emsp; &emsp;--- 23 Jun 17:27:50 617 - <b>12</b> - Spinner Load Wait: (Sync) - ICar.support.WaitUtils.waitForSpinner(WaitUtils.java:225)</small> </font> </div>
<div class="test-event"> <font color="maroon"> <small> &emsp; &emsp;--- 23 Jun 17:27:50 679 - Element is displayed:: [[ChromeDriver: chrome on WINDOWS (dc2c64fcc1c09663eee064e43a1ca9ce)] -> xpath: //div[@class='slds-scrollable_y slds-p-horizontal_small slds-grow ng-scope']//table//tbody//tr//td[@class='col-action']//button]</small> </font> </div>
<div class="test-event"> <font color="maroon"> <small> &emsp; &emsp;--- 23 Jun 17:27:50 944 - Element is displayed:: [[ChromeDriver: chrome on WINDOWS (dc2c64fcc1c09663eee064e43a1ca9ce)] -> xpath: (//li[@class='slds-dropdown__item']//a//span[@class='slds-truncate'])[2]]</small> </font> </div>
<div class="test-message">&emsp;Job numberJOB-65184</div>
<div class="test-event"> <font color="maroon"> <small> &emsp; &emsp;--- 23 Jun 17:28:05 713 - Catched spinner load exception due to Expected condition failed: waiting for ICar.support.WaitUtils$4@3c654ce5 (tried for 12 second(s) with 500 milliseconds interval)</small> </font> </div>
<div class="test-event"> <font color="maroon"> <small> &emsp; &emsp;--- 23 Jun 17:28:05 713 - <b>12</b> - Spinner Load Wait: (Sync) - ICar.support.WaitUtils.waitForSpinner(WaitUtils.java:225)</small> </font> </div>
<div class="test-event"> <font color="maroon"> <small> &emsp; &emsp;--- 23 Jun 17:28:05 779 - Element is displayed:: [[ChromeDriver: chrome on WINDOWS (dc2c64fcc1c09663eee064e43a1ca9ce)] -> xpath: //div[@class='slds-scrollable_y slds-p-horizontal_small slds-grow ng-scope']//table//tbody//tr//td[@class='col-action']//button]</small> </font> </div>
<div class="test-event"> <font color="maroon"> <small> &emsp; &emsp;--- 23 Jun 17:28:05 985 - Element is displayed:: [[ChromeDriver: chrome on WINDOWS (dc2c64fcc1c09663eee064e43a1ca9ce)] -> xpath: (//li[@class='slds-dropdown__item']//a//span[@class='slds-truncate'])[2]]</small> </font> </div>
<div class="test-message">&emsp;Job numberJOB-71885</div>
<div class="test-event"> <font color="maroon"> <small> &emsp; &emsp;--- 23 Jun 17:28:20 244 - Catched spinner load exception due to Expected condition failed: waiting for ICar.support.WaitUtils$4@3c654ce5 (tried for 12 second(s) with 500 milliseconds interval)</small> </font> </div>
<div class="test-event"> <font color="maroon"> <small> &emsp; &emsp;--- 23 Jun 17:28:20 244 - <b>12</b> - Spinner Load Wait: (Sync) - ICar.support.WaitUtils.waitForSpinner(WaitUtils.java:225)</small> </font> </div>
<div class="test-event"> <font color="maroon"> <small> &emsp; &emsp;--- 23 Jun 17:28:20 311 - Element is displayed:: [[ChromeDriver: chrome on WINDOWS (dc2c64fcc1c09663eee064e43a1ca9ce)] -> xpath: //div[@class='slds-scrollable_y slds-p-horizontal_small slds-grow ng-scope']//table//tbody//tr//td[@class='col-action']//button]</small> </font> </div>
<div class="test-event"> <font color="maroon"> <small> &emsp; &emsp;--- 23 Jun 17:28:20 561 - Element is displayed:: [[ChromeDriver: chrome on WINDOWS (dc2c64fcc1c09663eee064e43a1ca9ce)] -> xpath: (//li[@class='slds-dropdown__item']//a//span[@class='slds-truncate'])[2]]</small> </font> </div>
<div class="test-message">&emsp;Job numberJOB-71886</div>
<div class="test-event"> <font color="maroon"> <small> &emsp; &emsp;--- 23 Jun 17:28:35 349 - Catched spinner load exception due to Expected condition failed: waiting for ICar.support.WaitUtils$4@3c654ce5 (tried for 12 second(s) with 500 milliseconds interval)</small> </font> </div>
<div class="test-event"> <font color="maroon"> <small> &emsp; &emsp;--- 23 Jun 17:28:35 349 - <b>12</b> - Spinner Load Wait: (Sync) - ICar.support.WaitUtils.waitForSpinner(WaitUtils.java:225)</small> </font> </div>
<div class="test-event"> <font color="maroon"> <small> &emsp; &emsp;--- 23 Jun 17:28:35 421 - Element is displayed:: [[ChromeDriver: chrome on WINDOWS (dc2c64fcc1c09663eee064e43a1ca9ce)] -> xpath: //div[@class='slds-scrollable_y slds-p-horizontal_small slds-grow ng-scope']//table//tbody//tr//td[@class='col-action']//button]</small> </font> </div>
<div class="test-event"> <font color="maroon"> <small> &emsp; &emsp;--- 23 Jun 17:28:35 703 - Element is displayed:: [[ChromeDriver: chrome on WINDOWS (dc2c64fcc1c09663eee064e43a1ca9ce)] -> xpath: (//li[@class='slds-dropdown__item']//a//span[@class='slds-truncate'])[2]]</small> </font> </div>
<div class="test-message">&emsp;Job numberJOB-71887</div>
<div class="test-event"> <font color="maroon"> <small> &emsp; &emsp;--- 23 Jun 17:28:50 371 - Catched spinner load exception due to Expected condition failed: waiting for ICar.support.WaitUtils$4@3c654ce5 (tried for 12 second(s) with 500 milliseconds interval)</small> </font> </div>
<div class="test-event"> <font color="maroon"> <small> &emsp; &emsp;--- 23 Jun 17:28:50 372 - <b>12</b> - Spinner Load Wait: (Sync) - ICar.support.WaitUtils.waitForSpinner(WaitUtils.java:225)</small> </font> </div>
<div class="test-event"> <font color="maroon"> <small> &emsp; &emsp;--- 23 Jun 17:28:50 519 - Element is displayed:: [[ChromeDriver: chrome on WINDOWS (dc2c64fcc1c09663eee064e43a1ca9ce)] -> xpath: //div[@class='slds-scrollable_y slds-p-horizontal_small slds-grow ng-scope']//table//tbody//tr//td[@class='col-action']//button]</small> </font> </div>
<div class="test-event"> <font color="maroon"> <small> &emsp; &emsp;--- 23 Jun 17:28:50 771 - Element is displayed:: [[ChromeDriver: chrome on WINDOWS (dc2c64fcc1c09663eee064e43a1ca9ce)] -> xpath: (//li[@class='slds-dropdown__item']//a//span[@class='slds-truncate'])[2]]</small> </font> </div>
<div class="test-message">&emsp;Job numberJOB-74465</div>
<div class="test-event"> <font color="maroon"> <small> &emsp; &emsp;--- 23 Jun 17:29:05 496 - Catched spinner load exception due to Expected condition failed: waiting for ICar.support.WaitUtils$4@3c654ce5 (tried for 12 second(s) with 500 milliseconds interval)</small> </font> </div>
<div class="test-event"> <font color="maroon"> <small> &emsp; &emsp;--- 23 Jun 17:29:05 496 - <b>12</b> - Spinner Load Wait: (Sync) - ICar.support.WaitUtils.waitForSpinner(WaitUtils.java:225)</small> </font> </div>
<div class="test-event"> <font color="maroon"> <small> &emsp; &emsp;--- 23 Jun 17:29:05 561 - Element is displayed:: [[ChromeDriver: chrome on WINDOWS (dc2c64fcc1c09663eee064e43a1ca9ce)] -> xpath: //div[@class='slds-scrollable_y slds-p-horizontal_small slds-grow ng-scope']//table//tbody//tr//td[@class='col-action']//button]</small> </font> </div>
<div class="test-event"> <font color="maroon"> <small> &emsp; &emsp;--- 23 Jun 17:29:05 796 - Element is displayed:: [[ChromeDriver: chrome on WINDOWS (dc2c64fcc1c09663eee064e43a1ca9ce)] -> xpath: (//li[@class='slds-dropdown__item']//a//span[@class='slds-truncate'])[2]]</small> </font> </div>
<div class="test-message">&emsp;Job numberJOB-74467</div>
<div class="test-event"> <font color="maroon"> <small> &emsp; &emsp;--- 23 Jun 17:29:20 563 - Catched spinner load exception due to Expected condition failed: waiting for ICar.support.WaitUtils$4@3c654ce5 (tried for 12 second(s) with 500 milliseconds interval)</small> </font> </div>
<div class="test-event"> <font color="maroon"> <small> &emsp; &emsp;--- 23 Jun 17:29:20 563 - <b>12</b> - Spinner Load Wait: (Sync) - ICar.support.WaitUtils.waitForSpinner(WaitUtils.java:225)</small> </font> </div>
<div class="test-event"> <font color="maroon"> <small> &emsp; &emsp;--- 23 Jun 17:29:20 709 - Element is displayed:: [[ChromeDriver: chrome on WINDOWS (dc2c64fcc1c09663eee064e43a1ca9ce)] -> xpath: //div[@class='slds-scrollable_y slds-p-horizontal_small slds-grow ng-scope']//table//tbody//tr//td[@class='col-action']//button]</small> </font> </div>
<div class="test-event"> <font color="maroon"> <small> &emsp; &emsp;--- 23 Jun 17:29:21 097 - Element is displayed:: [[ChromeDriver: chrome on WINDOWS (dc2c64fcc1c09663eee064e43a1ca9ce)] -> xpath: (//li[@class='slds-dropdown__item']//a//span[@class='slds-truncate'])[2]]</small> </font> </div>
<div class="test-message">&emsp;Job numberJOB-78671</div>
<div class="test-event"> <font color="maroon"> <small> &emsp; &emsp;--- 23 Jun 17:29:35 846 - Catched spinner load exception due to Expected condition failed: waiting for ICar.support.WaitUtils$4@3c654ce5 (tried for 12 second(s) with 500 milliseconds interval)</small> </font> </div>
<div class="test-event"> <font color="maroon"> <small> &emsp; &emsp;--- 23 Jun 17:29:35 846 - <b>12</b> - Spinner Load Wait: (Sync) - ICar.support.WaitUtils.waitForSpinner(WaitUtils.java:225)</small> </font> </div>
<div class="test-event"> <font color="maroon"> <small> &emsp; &emsp;--- 23 Jun 17:29:35 948 - Element is displayed:: [[ChromeDriver: chrome on WINDOWS (dc2c64fcc1c09663eee064e43a1ca9ce)] -> xpath: //div[@class='slds-scrollable_y slds-p-horizontal_small slds-grow ng-scope']//table//tbody//tr//td[@class='col-action']//button]</small> </font> </div>
<div class="test-event"> <font color="maroon"> <small> &emsp; &emsp;--- 23 Jun 17:29:36 213 - Element is displayed:: [[ChromeDriver: chrome on WINDOWS (dc2c64fcc1c09663eee064e43a1ca9ce)] -> xpath: (//li[@class='slds-dropdown__item']//a//span[@class='slds-truncate'])[2]]</small> </font> </div>
<div class="test-message">&emsp;Job numberJOB-78672</div>
<div class="test-event"> <font color="maroon"> <small> &emsp; &emsp;--- 23 Jun 17:29:50 858 - Catched spinner load exception due to Expected condition failed: waiting for ICar.support.WaitUtils$4@3c654ce5 (tried for 12 second(s) with 500 milliseconds interval)</small> </font> </div>
<div class="test-event"> <font color="maroon"> <small> &emsp; &emsp;--- 23 Jun 17:29:50 859 - <b>12</b> - Spinner Load Wait: (Sync) - ICar.support.WaitUtils.waitForSpinner(WaitUtils.java:225)</small> </font> </div>
<div class="test-event"> <font color="maroon"> <small> &emsp; &emsp;--- 23 Jun 17:29:50 939 - Element is displayed:: [[ChromeDriver: chrome on WINDOWS (dc2c64fcc1c09663eee064e43a1ca9ce)] -> xpath: //div[@class='slds-scrollable_y slds-p-horizontal_small slds-grow ng-scope']//table//tbody//tr//td[@class='col-action']//button]</small> </font> </div>
<div class="test-event"> <font color="maroon"> <small> &emsp; &emsp;--- 23 Jun 17:29:51 242 - Element is displayed:: [[ChromeDriver: chrome on WINDOWS (dc2c64fcc1c09663eee064e43a1ca9ce)] -> xpath: (//li[@class='slds-dropdown__item']//a//span[@class='slds-truncate'])[2]]</small> </font> </div>
<div class="test-message">&emsp;Job numberJOB-78674</div>
<div class="test-event"> <font color="maroon"> <small> &emsp; &emsp;--- 23 Jun 17:30:05 594 - Catched spinner load exception due to Expected condition failed: waiting for ICar.support.WaitUtils$4@3c654ce5 (tried for 12 second(s) with 500 milliseconds interval)</small> </font> </div>
<div class="test-event"> <font color="maroon"> <small> &emsp; &emsp;--- 23 Jun 17:30:05 594 - <b>12</b> - Spinner Load Wait: (Sync) - ICar.support.WaitUtils.waitForSpinner(WaitUtils.java:225)</small> </font> </div>
<div class="test-event"> <font color="maroon"> <small> &emsp; &emsp;--- 23 Jun 17:30:05 670 - Element is displayed:: [[ChromeDriver: chrome on WINDOWS (dc2c64fcc1c09663eee064e43a1ca9ce)] -> xpath: //div[@class='slds-scrollable_y slds-p-horizontal_small slds-grow ng-scope']//table//tbody//tr//td[@class='col-action']//button]</small> </font> </div>
<div class="test-event"> <font color="maroon"> <small> &emsp; &emsp;--- 23 Jun 17:30:05 989 - Element is displayed:: [[ChromeDriver: chrome on WINDOWS (dc2c64fcc1c09663eee064e43a1ca9ce)] -> xpath: (//li[@class='slds-dropdown__item']//a//span[@class='slds-truncate'])[2]]</small> </font> </div>
<div class="test-message">&emsp;Job numberJOB-80329</div>
<div class="test-event"> <font color="maroon"> <small> &emsp; &emsp;--- 23 Jun 17:30:20 273 - Catched spinner load exception due to Expected condition failed: waiting for ICar.support.WaitUtils$4@3c654ce5 (tried for 12 second(s) with 500 milliseconds interval)</small> </font> </div>
<div class="test-event"> <font color="maroon"> <small> &emsp; &emsp;--- 23 Jun 17:30:20 274 - <b>12</b> - Spinner Load Wait: (Sync) - ICar.support.WaitUtils.waitForSpinner(WaitUtils.java:225)</small> </font> </div>
<div class="test-event"> <font color="maroon"> <small> &emsp; &emsp;--- 23 Jun 17:30:20 361 - Element is displayed:: [[ChromeDriver: chrome on WINDOWS (dc2c64fcc1c09663eee064e43a1ca9ce)] -> xpath: //div[@class='slds-scrollable_y slds-p-horizontal_small slds-grow ng-scope']//table//tbody//tr//td[@class='col-action']//button]</small> </font> </div>
<div class="test-event"> <font color="maroon"> <small> &emsp; &emsp;--- 23 Jun 17:30:20 698 - Element is displayed:: [[ChromeDriver: chrome on WINDOWS (dc2c64fcc1c09663eee064e43a1ca9ce)] -> xpath: (//li[@class='slds-dropdown__item']//a//span[@class='slds-truncate'])[2]]</small> </font> </div>
<div class="test-message">&emsp;Job numberJOB-82237</div>
<div class="test-event"> <font color="maroon"> <small> &emsp; &emsp;--- 23 Jun 17:30:35 509 - Catched spinner load exception due to Expected condition failed: waiting for ICar.support.WaitUtils$4@3c654ce5 (tried for 12 second(s) with 500 milliseconds interval)</small> </font> </div>
<div class="test-event"> <font color="maroon"> <small> &emsp; &emsp;--- 23 Jun 17:30:35 509 - <b>12</b> - Spinner Load Wait: (Sync) - ICar.support.WaitUtils.waitForSpinner(WaitUtils.java:225)</small> </font> </div>
<div class="test-event"> <font color="maroon"> <small> &emsp; &emsp;--- 23 Jun 17:30:35 584 - Element is displayed:: [[ChromeDriver: chrome on WINDOWS (dc2c64fcc1c09663eee064e43a1ca9ce)] -> xpath: //div[@class='slds-scrollable_y slds-p-horizontal_small slds-grow ng-scope']//table//tbody//tr//td[@class='col-action']//button]</small> </font> </div>
<div class="test-event"> <font color="maroon"> <small> &emsp; &emsp;--- 23 Jun 17:30:35 914 - Element is displayed:: [[ChromeDriver: chrome on WINDOWS (dc2c64fcc1c09663eee064e43a1ca9ce)] -> xpath: (//li[@class='slds-dropdown__item']//a//span[@class='slds-truncate'])[2]]</small> </font> </div>
<div class="test-message">&emsp;Job numberJOB-82238</div>
<div class="test-event"> <font color="maroon"> <small> &emsp; &emsp;--- 23 Jun 17:30:50 653 - Catched spinner load exception due to Expected condition failed: waiting for ICar.support.WaitUtils$4@3c654ce5 (tried for 12 second(s) with 500 milliseconds interval)</small> </font> </div>
<div class="test-event"> <font color="maroon"> <small> &emsp; &emsp;--- 23 Jun 17:30:50 653 - <b>12</b> - Spinner Load Wait: (Sync) - ICar.support.WaitUtils.waitForSpinner(WaitUtils.java:225)</small> </font> </div>
<div class="test-event"> <font color="maroon"> <small> &emsp; &emsp;--- 23 Jun 17:30:50 732 - Element is displayed:: [[ChromeDriver: chrome on WINDOWS (dc2c64fcc1c09663eee064e43a1ca9ce)] -> xpath: //div[@class='slds-scrollable_y slds-p-horizontal_small slds-grow ng-scope']//table//tbody//tr//td[@class='col-action']//button]</small> </font> </div>
<div class="test-event"> <font color="maroon"> <small> &emsp; &emsp;--- 23 Jun 17:30:51 080 - Element is displayed:: [[ChromeDriver: chrome on WINDOWS (dc2c64fcc1c09663eee064e43a1ca9ce)] -> xpath: (//li[@class='slds-dropdown__item']//a//span[@class='slds-truncate'])[2]]</small> </font> </div>
<div class="test-message">&emsp;Job numberJOB-82240</div>
<div class="test-event"> <font color="maroon"> <small> &emsp; &emsp;--- 23 Jun 17:31:05 450 - Catched spinner load exception due to Expected condition failed: waiting for ICar.support.WaitUtils$4@3c654ce5 (tried for 12 second(s) with 500 milliseconds interval)</small> </font> </div>
<div class="test-event"> <font color="maroon"> <small> &emsp; &emsp;--- 23 Jun 17:31:05 450 - <b>12</b> - Spinner Load Wait: (Sync) - ICar.support.WaitUtils.waitForSpinner(WaitUtils.java:225)</small> </font> </div>
<div class="test-event"> <font color="maroon"> <small> &emsp; &emsp;--- 23 Jun 17:31:05 529 - Element is displayed:: [[ChromeDriver: chrome on WINDOWS (dc2c64fcc1c09663eee064e43a1ca9ce)] -> xpath: //div[@class='slds-scrollable_y slds-p-horizontal_small slds-grow ng-scope']//table//tbody//tr//td[@class='col-action']//button]</small> </font> </div>
<div class="test-event"> <font color="maroon"> <small> &emsp; &emsp;--- 23 Jun 17:31:05 968 - Element is displayed:: [[ChromeDriver: chrome on WINDOWS (dc2c64fcc1c09663eee064e43a1ca9ce)] -> xpath: (//li[@class='slds-dropdown__item']//a//span[@class='slds-truncate'])[2]]</small> </font> </div>
<div class="test-message">&emsp;Job numberJOB-82480</div>
<div class="test-event"> <font color="maroon"> <small> &emsp; &emsp;--- 23 Jun 17:31:20 724 - Catched spinner load exception due to Expected condition failed: waiting for ICar.support.WaitUtils$4@3c654ce5 (tried for 12 second(s) with 500 milliseconds interval)</small> </font> </div>
<div class="test-event"> <font color="maroon"> <small> &emsp; &emsp;--- 23 Jun 17:31:20 724 - <b>12</b> - Spinner Load Wait: (Sync) - ICar.support.WaitUtils.waitForSpinner(WaitUtils.java:225)</small> </font> </div>
<div class="test-event"> <font color="maroon"> <small> &emsp; &emsp;--- 23 Jun 17:31:20 795 - Element is displayed:: [[ChromeDriver: chrome on WINDOWS (dc2c64fcc1c09663eee064e43a1ca9ce)] -> xpath: //div[@class='slds-scrollable_y slds-p-horizontal_small slds-grow ng-scope']//table//tbody//tr//td[@class='col-action']//button]</small> </font> </div>
<div class="test-event"> <font color="maroon"> <small> &emsp; &emsp;--- 23 Jun 17:31:21 202 - Element is displayed:: [[ChromeDriver: chrome on WINDOWS (dc2c64fcc1c09663eee064e43a1ca9ce)] -> xpath: (//li[@class='slds-dropdown__item']//a//span[@class='slds-truncate'])[2]]</small> </font> </div>
<div class="test-event"> <font color="maroon"> <small> &emsp; &emsp;--- 23 Jun 17:31:31 844 - Catched spinner load exception due to Expected condition failed: waiting for ICar.support.WaitUtils$4@3c654ce5 (tried for 10 second(s) with 500 milliseconds interval)</small> </font> </div>
<div class="test-event"> <font color="maroon"> <small> &emsp; &emsp;--- 23 Jun 17:31:31 844 - <b>10</b> - Spinner Load Wait: (Sync) - ICar.support.WaitUtils.waitForSpinner(WaitUtils.java:225)</small> </font> </div>
<div class="test-event"> <font color="maroon"> <small> &emsp; &emsp;--- 23 Jun 17:31:31 889 - Element is displayed:: [[ChromeDriver: chrome on WINDOWS (dc2c64fcc1c09663eee064e43a1ca9ce)] -> css selector: div[class*='schedule-box_container']]</small> </font> </div>
<div class="test-event"> <font color="maroon"> <small> &emsp; &emsp;--- 23 Jun 17:31:46 671 - Catched spinner load exception due to Expected condition failed: waiting for ICar.support.WaitUtils$4@3c654ce5 (tried for 10 second(s) with 500 milliseconds interval)</small> </font> </div>
<div class="test-event"> <font color="maroon"> <small> &emsp; &emsp;--- 23 Jun 17:31:46 672 - <b>10</b> - Spinner Load Wait: (Sync) - ICar.support.WaitUtils.waitForSpinner(WaitUtils.java:225)</small> </font> </div>
<div class="test-event"> <font color="maroon"> <small> &emsp; &emsp;--- 23 Jun 17:31:46 766 - Element is displayed:: [[ChromeDriver: chrome on WINDOWS (dc2c64fcc1c09663eee064e43a1ca9ce)] -> xpath: //div[@model='job.startTime']//input[contains(@name,'startTime_')]]</small> </font> </div>
<div class="test-event"> <font color="maroon"> <small> &emsp; &emsp;--- 23 Jun 17:31:50 028 - Element is displayed:: [[ChromeDriver: chrome on WINDOWS (dc2c64fcc1c09663eee064e43a1ca9ce)] -> css selector: div[class*='schedule-box_container']]</small> </font> </div>
<div class="test-event"> <font color="maroon"> <small> &emsp; &emsp;--- 23 Jun 17:32:00 504 - Element is displayed:: [[ChromeDriver: chrome on WINDOWS (dc2c64fcc1c09663eee064e43a1ca9ce)] -> xpath: (//div[@class='ui-timepicker-wrapper ui-timepicker-positioned-top'])[1] /ul/li]</small> </font> </div>
<div class="test-message">&emsp;Assigned assessor for schduled job &emsp;<a href=".\ScreenShot\IRRWelding_TC53_337959691351200.png" target="_blank" >[ScreenShot]</a></div>
<div class="test-event"> <font color="maroon"> <small> &emsp; &emsp;--- 23 Jun 17:32:09 371 - Page URL:: https://i-car--staging.sandbox.lightning.force.com/lightning/n/session_scheduling_console</small> </font> </div>
<div class="test-event"> <font color="maroon"> <small> &emsp; &emsp;--- 23 Jun 17:32:09 371 - <b>5</b> - Page Load Wait: (Sync) - ICar.support.Utils.waitForPageLoad(Utils.java:109)</small> </font> </div>
<div class="test-event"> <font color="maroon"> <small> &emsp; &emsp;--- 23 Jun 17:32:19 623 - Page URL:: https://i-car--staging.sandbox.lightning.force.com/lightning/n/session_scheduling_console</small> </font> </div>
<div class="test-event"> <font color="maroon"> <small> &emsp; &emsp;--- 23 Jun 17:32:19 623 - <b>5</b> - Page Load Wait: (Sync) - ICar.support.Utils.waitForPageLoad(Utils.java:109)</small> </font> </div>
<div class="test-message">&emsp;Close the tab</div>
<div class="test-event"> <font color="maroon"> <small> &emsp; &emsp;--- 23 Jun 17:32:42 225 - Page URL:: https://i-car--staging.sandbox.lightning.force.com/lightning/n/session_scheduling_console</small> </font> </div>
<div class="test-event"> <font color="maroon"> <small> &emsp; &emsp;--- 23 Jun 17:32:42 226 - <b>5</b> - Page Load Wait: (Sync) - ICar.support.Utils.waitForPageLoad(Utils.java:109)</small> </font> </div>
<div class="test-event"> <font color="maroon"> <small> &emsp; &emsp;--- 23 Jun 17:32:52 470 - Page URL:: https://i-car--staging.sandbox.lightning.force.com/lightning/n/session_scheduling_console</small> </font> </div>
<div class="test-event"> <font color="maroon"> <small> &emsp; &emsp;--- 23 Jun 17:32:52 470 - <b>5</b> - Page Load Wait: (Sync) - ICar.support.Utils.waitForPageLoad(Utils.java:109)</small> </font> </div>
<div class="test-message">&emsp;Close the tab</div>
<div class="test-event"> <font color="maroon"> <small> &emsp; &emsp;--- 23 Jun 17:33:15 093 - Catched spinner load exception due to Expected condition failed: waiting for ICar.support.WaitUtils$4@3c654ce5 (tried for 5 second(s) with 500 milliseconds interval)</small> </font> </div>
<div class="test-event"> <font color="maroon"> <small> &emsp; &emsp;--- 23 Jun 17:33:15 093 - <b>5</b> - Spinner Load Wait: (Sync) - ICar.support.WaitUtils.waitForSpinner(WaitUtils.java:225)</small> </font> </div>
<div class="test-event"> <font color="maroon"> <small> &emsp; &emsp;--- 23 Jun 17:33:20 241 - Page URL:: https://i-car--staging.sandbox.lightning.force.com/lightning/n/session_scheduling_console</small> </font> </div>
<div class="test-event"> <font color="maroon"> <small> &emsp; &emsp;--- 23 Jun 17:33:20 241 - <b>5</b> - Page Load Wait: (Sync) - ICar.support.Utils.waitForPageLoad(Utils.java:109)</small> </font> </div>
<div class="test-event"> <font color="maroon"> <small> &emsp; &emsp;--- 23 Jun 17:33:20 305 - Element is displayed:: [[ChromeDriver: chrome on WINDOWS (dc2c64fcc1c09663eee064e43a1ca9ce)] -> xpath: //div[contains(@class,'appLauncher ')]//button]</small> </font> </div>
<div class="test-event"> <font color="maroon"> <small> &emsp; &emsp;--- 23 Jun 17:33:20 359 - Element is displayed:: [[ChromeDriver: chrome on WINDOWS (dc2c64fcc1c09663eee064e43a1ca9ce)] -> xpath: //div[contains(@class,'appLauncher ')]//button]</small> </font> </div>
<div class="test-event"> <font color="maroon"> <small> &emsp; &emsp;--- 23 Jun 17:33:20 583 - Element is displayed:: [[ChromeDriver: chrome on WINDOWS (dc2c64fcc1c09663eee064e43a1ca9ce)] -> xpath: //input[@placeholder='Search apps and items...']]</small> </font> </div>
<div class="test-event"> <font color="maroon"> <small> &emsp; &emsp;--- 23 Jun 17:33:20 654 - Element is displayed:: [[ChromeDriver: chrome on WINDOWS (dc2c64fcc1c09663eee064e43a1ca9ce)] -> xpath: //input[@placeholder='Search apps and items...']]</small> </font> </div>
<div class="test-event"> <font color="maroon"> <small> &emsp; &emsp;--- 23 Jun 17:33:23 748 - Element is displayed:: [[ChromeDriver: chrome on WINDOWS (dc2c64fcc1c09663eee064e43a1ca9ce)] -> xpath: //lightning-formatted-rich-text/span/p/b[text()='Session Scheduling Console']]</small> </font> </div>
<div class="test-event"> <font color="maroon"> <small> &emsp; &emsp;--- 23 Jun 17:33:26 783 - Element is displayed:: [[ChromeDriver: chrome on WINDOWS (dc2c64fcc1c09663eee064e43a1ca9ce)] -> xpath: //lightning-formatted-rich-text/span/p/b[text()='Session Scheduling Console']]</small> </font> </div>
<div class="test-event"> <font color="maroon"> <small> &emsp; &emsp;--- 23 Jun 17:33:32 107 - Page URL:: https://i-car--staging.sandbox.lightning.force.com/lightning/n/session_scheduling_console</small> </font> </div>
<div class="test-event"> <font color="maroon"> <small> &emsp; &emsp;--- 23 Jun 17:33:32 107 - <b>5</b> - Page Load Wait: (Sync) - ICar.support.Utils.waitForPageLoad(Utils.java:109)</small> </font> </div>
<div class="test-event"> <font color="maroon"> <small> &emsp; &emsp;--- 23 Jun 17:33:37 298 - Page URL:: https://i-car--staging.sandbox.lightning.force.com/lightning/n/session_scheduling_console</small> </font> </div>
<div class="test-event"> <font color="maroon"> <small> &emsp; &emsp;--- 23 Jun 17:33:37 299 - <b>5</b> - Page Load Wait: (Sync) - ICar.support.Utils.waitForPageLoad(Utils.java:109)</small> </font> </div>
<div class="test-event"> <font color="maroon"> <small> &emsp; &emsp;--- 23 Jun 17:33:57 582 - Catched spinner load exception due to Expected condition failed: waiting for ICar.support.WaitUtils$4@3c654ce5 (tried for 20 second(s) with 500 milliseconds interval)</small> </font> </div>
<div class="test-event"> <font color="maroon"> <small> &emsp; &emsp;--- 23 Jun 17:33:57 582 - <b>20</b> - Spinner Load Wait: (Sync) - ICar.support.WaitUtils.waitForSpinner(WaitUtils.java:225)</small> </font> </div>
<div class="test-message">&emsp;Total no of frames 1</div>
<div class="test-event"> <font color="maroon"> <small> &emsp; &emsp;--- 23 Jun 17:33:57 758 - Element is displayed:: [[ChromeDriver: chrome on WINDOWS (dc2c64fcc1c09663eee064e43a1ca9ce)] -> xpath: //span[@class='slds-checkbox_faux']]</small> </font> </div>
<div class="test-event"> <font color="maroon"> <small> &emsp; &emsp;--- 23 Jun 17:33:59 932 - Element is displayed:: [[ChromeDriver: chrome on WINDOWS (dc2c64fcc1c09663eee064e43a1ca9ce)] -> xpath: //span[@class='slds-checkbox_faux']]</small> </font> </div>
<div class="test-event"> <font color="maroon"> <small> &emsp; &emsp;--- 23 Jun 17:34:02 112 - Element is displayed:: [[ChromeDriver: chrome on WINDOWS (dc2c64fcc1c09663eee064e43a1ca9ce)] -> xpath: //div[text()='Dispatched']]</small> </font> </div>
<div class="test-event"> <font color="maroon"> <small> &emsp; &emsp;--- 23 Jun 17:34:10 479 - Catched spinner load exception due to Expected condition failed: waiting for ICar.support.WaitUtils$4@3c654ce5 (tried for 5 second(s) with 500 milliseconds interval)</small> </font> </div>
<div class="test-event"> <font color="maroon"> <small> &emsp; &emsp;--- 23 Jun 17:34:10 479 - <b>5</b> - Spinner Load Wait: (Sync) - ICar.support.WaitUtils.waitForSpinner(WaitUtils.java:225)</small> </font> </div>
<div class="test-event"> <font color="maroon"> <small> &emsp; &emsp;--- 23 Jun 17:34:17 559 - Element is displayed:: [[ChromeDriver: chrome on WINDOWS (dc2c64fcc1c09663eee064e43a1ca9ce)] -> xpath: (//input[@type='text'])[4]]</small> </font> </div>
<div class="test-event"> <font color="maroon"> <small> &emsp; &emsp;--- 23 Jun 17:34:17 635 - Element is displayed:: [[ChromeDriver: chrome on WINDOWS (dc2c64fcc1c09663eee064e43a1ca9ce)] -> xpath: (//input[@type='text'])[4]]</small> </font> </div>
<div class="test-event"> <font color="maroon"> <small> &emsp; &emsp;--- 23 Jun 17:34:17 731 - Element is displayed:: [[ChromeDriver: chrome on WINDOWS (dc2c64fcc1c09663eee064e43a1ca9ce)] -> xpath: (//input[@type='text'])[4]]</small> </font> </div>
<div class="test-event"> <font color="maroon"> <small> &emsp; &emsp;--- 23 Jun 17:34:20 839 - Element is displayed:: [[ChromeDriver: chrome on WINDOWS (dc2c64fcc1c09663eee064e43a1ca9ce)] -> xpath: (//input[@type='text'])[4]]</small> </font> </div>
<div class="test-event"> <font color="maroon"> <small> &emsp; &emsp;--- 23 Jun 17:34:27 154 - Page URL:: https://i-car--staging.sandbox.lightning.force.com/lightning/n/session_scheduling_console</small> </font> </div>
<div class="test-event"> <font color="maroon"> <small> &emsp; &emsp;--- 23 Jun 17:34:27 154 - <b>5</b> - Page Load Wait: (Sync) - ICar.support.Utils.waitForPageLoad(Utils.java:109)</small> </font> </div>
<div class="test-event"> <font color="maroon"> <small> &emsp; &emsp;--- 23 Jun 17:34:47 382 - Catched spinner load exception due to Expected condition failed: waiting for ICar.support.WaitUtils$4@3c654ce5 (tried for 20 second(s) with 500 milliseconds interval)</small> </font> </div>
<div class="test-event"> <font color="maroon"> <small> &emsp; &emsp;--- 23 Jun 17:34:47 383 - <b>20</b> - Spinner Load Wait: (Sync) - ICar.support.WaitUtils.waitForSpinner(WaitUtils.java:225)</small> </font> </div>
<div class="test-message">&emsp;Total no of frames 1</div>
<div class="test-event"> <font color="maroon"> <small> &emsp; &emsp;--- 23 Jun 17:34:52 471 - Element is displayed:: [[ChromeDriver: chrome on WINDOWS (dc2c64fcc1c09663eee064e43a1ca9ce)] -> xpath: //td[@class='col-job-no ng-binding']]</small> </font> </div>
<div class="test-message">&emsp;Job number [JOB-93403, JOB-73920, JOB-86918, JOB-86919, JOB-87860, JOB-87861, JOB-88039, JOB-88040, JOB-90452, JOB-91251, JOB-91274, JOB-91276, JOB-91279, JOB-91570, JOB-91612, JOB-91613, JOB-91615, JOB-91687, JOB-91689, JOB-92011, JOB-92013, JOB-92014, JOB-92395, JOB-92509, JOB-92510]</div>
<div class="test-event"> <font color="maroon"> <small> &emsp; &emsp;--- 23 Jun 17:35:09 665 - Element is displayed:: [[ChromeDriver: chrome on WINDOWS (dc2c64fcc1c09663eee064e43a1ca9ce)] -> css selector: button[class*='search-button']]</small> </font> </div>
<div class="test-event"> <font color="maroon"> <small> &emsp; &emsp;--- 23 Jun 17:35:11 767 - Catched spinner load exception due to Expected condition failed: waiting for ICar.support.WaitUtils$4@3c654ce5 (tried for 2 second(s) with 500 milliseconds interval)</small> </font> </div>
<div class="test-event"> <font color="maroon"> <small> &emsp; &emsp;--- 23 Jun 17:35:11 767 - <b>2</b> - Spinner Load Wait: (Sync) - ICar.support.WaitUtils.waitForSpinner(WaitUtils.java:225)</small> </font> </div>
<div class="test-event"> <font color="maroon"> <small> &emsp; &emsp;--- 23 Jun 17:35:14 831 - Element is displayed:: [[ChromeDriver: chrome on WINDOWS (dc2c64fcc1c09663eee064e43a1ca9ce)] -> css selector: button[class*='search-button']]</small> </font> </div>
<div class="test-event"> <font color="maroon"> <small> &emsp; &emsp;--- 23 Jun 17:35:20 230 - Page URL:: https://i-car--staging.sandbox.lightning.force.com/lightning/n/session_scheduling_console</small> </font> </div>
<div class="test-event"> <font color="maroon"> <small> &emsp; &emsp;--- 23 Jun 17:35:20 230 - <b>5</b> - Page Load Wait: (Sync) - ICar.support.Utils.waitForPageLoad(Utils.java:109)</small> </font> </div>
<div class="test-event"> <font color="maroon"> <small> &emsp; &emsp;--- 23 Jun 17:35:41 049 - Catched spinner load exception due to Expected condition failed: waiting for ICar.support.WaitUtils$4@3c654ce5 (tried for 4 second(s) with 500 milliseconds interval)</small> </font> </div>
<div class="test-event"> <font color="maroon"> <small> &emsp; &emsp;--- 23 Jun 17:35:41 049 - <b>4</b> - Spinner Load Wait: (Sync) - ICar.support.WaitUtils.waitForSpinner(WaitUtils.java:225)</small> </font> </div>
<div class="test-message">&emsp;Searched job idJOB-93403&emsp;<a href=".\ScreenShot\IRRWelding_TC53_338177023101100.png" target="_blank" >[ScreenShot]</a></div>
<div class="test-event"> <font color="maroon"> <small> &emsp; &emsp;--- 23 Jun 17:35:46 548 - Page URL:: https://i-car--staging.sandbox.lightning.force.com/one/one.app#eyjjb21wb25lbnrezwyioijmb3jjzvnlyxjjadpzzwfyy2hqywdlrgvza3rvccisimf0dhjpynv0zxmionsidgvybsi6ikppqi05mzqwmyisinnjb3bltwfwijp7inr5cguioijut1bfukvtvuxuuyj9lcjjb250zxh0ijp7ikzjtfrfulmiont9lcjzzwfyy2htb3vyy2uioijbu1nju1rbtlrfrelbte9hiiwizglzywjszuludgvudff1zxj5ijpmywxzzswizglzywjszvnwzwxsq29ycmvjdglvbii6zmfsc2usinnlyxjjaerpywxvz1nlc3npb25jzci6imu0ntvlmwrllwy1ngetngjimy1hzjuyltqxnduxntrln2zmyyisimrlynvnsw5mbyi6eyjhchboyw1lijoisunhcl9tzxj2awnlx0nvbnnvbguilcjhchbuexblijoiq29uc29szsisimfwce5hbwvzcgfjzsi6immilcjsb2nhdglvbii6im9uztphbg9oyvbhz2uilcjzb2jqzwn0vhlwzsi6ilnlc3npb25fu2nozwr1bgluz19db25zb2xlin19lcjncm91celkijoirevgqvvmvcj9lcjzdgf0zsi6e319</small> </font> </div>
<div class="test-event"> <font color="maroon"> <small> &emsp; &emsp;--- 23 Jun 17:35:46 548 - <b>5</b> - Page Load Wait: (Sync) - ICar.support.Utils.waitForPageLoad(Utils.java:109)</small> </font> </div>
<div class="test-event"> <font color="maroon"> <small> &emsp; &emsp;--- 23 Jun 17:35:56 639 - Element is displayed:: [[ChromeDriver: chrome on WINDOWS (dc2c64fcc1c09663eee064e43a1ca9ce)] -> xpath: //div[contains(@id,'brandBand_')]/div/div/div[2]//table/tbody/tr/th/span/a|//span[@class='slds-grid slds-grid_align-spread']/div/lightning-primitive-custom-cell/force-lookup/div/a]</small> </font> </div>
<div class="test-event"> <font color="maroon"> <small> &emsp; &emsp;--- 23 Jun 17:36:02 260 - Page URL:: https://i-car--staging.sandbox.lightning.force.com/lightning/r/sked__job__c/a2mdi000001mjt6iao/view</small> </font> </div>
<div class="test-event"> <font color="maroon"> <small> &emsp; &emsp;--- 23 Jun 17:36:02 260 - <b>5</b> - Page Load Wait: (Sync) - ICar.support.Utils.waitForPageLoad(Utils.java:109)</small> </font> </div>
<div class="test-event"> <font color="maroon"> <small> &emsp; &emsp;--- 23 Jun 17:36:17 341 - Catched spinner load exception due to Expected condition failed: waiting for ICar.support.WaitUtils$4@3c654ce5 (tried for 15 second(s) with 500 milliseconds interval)</small> </font> </div>
<div class="test-event"> <font color="maroon"> <small> &emsp; &emsp;--- 23 Jun 17:36:17 341 - <b>15</b> - Spinner Load Wait: (Sync) - ICar.support.WaitUtils.waitForSpinner(WaitUtils.java:225)</small> </font> </div>
<div class="test-event"> <font color="maroon"> <small> &emsp; &emsp;--- 23 Jun 17:36:22 727 - Page URL:: https://i-car--staging.sandbox.lightning.force.com/lightning/r/sked__job__c/a2mdi000001mjt6iao/view</small> </font> </div>
<div class="test-event"> <font color="maroon"> <small> &emsp; &emsp;--- 23 Jun 17:36:22 727 - <b>5</b> - Page Load Wait: (Sync) - ICar.support.Utils.waitForPageLoad(Utils.java:109)</small> </font> </div>
<div class="test-event"> <font color="maroon"> <small> &emsp; &emsp;--- 23 Jun 17:36:24 800 - Element is displayed:: [[ChromeDriver: chrome on WINDOWS (dc2c64fcc1c09663eee064e43a1ca9ce)] -> xpath: //a[text()='Related']]</small> </font> </div>
<div class="test-event"> <font color="maroon"> <small> &emsp; &emsp;--- 23 Jun 17:36:24 842 - Element is displayed:: [[ChromeDriver: chrome on WINDOWS (dc2c64fcc1c09663eee064e43a1ca9ce)] -> xpath: //a[text()='Related']]</small> </font> </div>
<div class="test-event"> <font color="maroon"> <small> &emsp; &emsp;--- 23 Jun 17:36:30 788 - Page URL:: https://i-car--staging.sandbox.lightning.force.com/lightning/r/sked__job__c/a2mdi000001mjt6iao/view</small> </font> </div>
<div class="test-event"> <font color="maroon"> <small> &emsp; &emsp;--- 23 Jun 17:36:30 788 - <b>5</b> - Page Load Wait: (Sync) - ICar.support.Utils.waitForPageLoad(Utils.java:109)</small> </font> </div>
<div class="test-event"> <font color="maroon"> <small> &emsp; &emsp;--- 23 Jun 17:36:51 006 - Catched spinner load exception due to Expected condition failed: waiting for ICar.support.WaitUtils$4@3c654ce5 (tried for 20 second(s) with 500 milliseconds interval)</small> </font> </div>
<div class="test-event"> <font color="maroon"> <small> &emsp; &emsp;--- 23 Jun 17:36:51 006 - <b>20</b> - Spinner Load Wait: (Sync) - ICar.support.WaitUtils.waitForSpinner(WaitUtils.java:225)</small> </font> </div>
<div class="test-event"> <font color="maroon"> <small> &emsp; &emsp;--- 23 Jun 17:36:56 697 - Page URL:: https://i-car--staging.sandbox.lightning.force.com/lightning/r/sked__job__c/a2mdi000001mjt6iao/view</small> </font> </div>
<div class="test-event"> <font color="maroon"> <small> &emsp; &emsp;--- 23 Jun 17:36:56 697 - <b>5</b> - Page Load Wait: (Sync) - ICar.support.Utils.waitForPageLoad(Utils.java:109)</small> </font> </div>
<div class="test-event"> <font color="maroon"> <small> &emsp; &emsp;--- 23 Jun 17:37:16 959 - Catched spinner load exception due to Expected condition failed: waiting for ICar.support.WaitUtils$4@3c654ce5 (tried for 20 second(s) with 500 milliseconds interval)</small> </font> </div>
<div class="test-event"> <font color="maroon"> <small> &emsp; &emsp;--- 23 Jun 17:37:16 959 - <b>20</b> - Spinner Load Wait: (Sync) - ICar.support.WaitUtils.waitForSpinner(WaitUtils.java:225)</small> </font> </div>
<div class="test-event"> <font color="maroon"> <small> &emsp; &emsp;--- 23 Jun 17:37:19 079 - Element is displayed:: [[ChromeDriver: chrome on WINDOWS (dc2c64fcc1c09663eee064e43a1ca9ce)] -> xpath: //h2/a/span[@title='Job Allocations']]</small> </font> </div>
<div class="test-event"> <font color="maroon"> <small> &emsp; &emsp;--- 23 Jun 17:37:25 050 - Page URL:: https://i-car--staging.sandbox.lightning.force.com/lightning/r/sked__job__c/a2mdi000001mjt6iao/related/sked__job_allocations__r/view?ws=%2flightning%2fr%2fsked__job__c%2fa2mdi000001mjt6iao%2fview</small> </font> </div>
<div class="test-event"> <font color="maroon"> <small> &emsp; &emsp;--- 23 Jun 17:37:25 050 - <b>5</b> - Page Load Wait: (Sync) - ICar.support.Utils.waitForPageLoad(Utils.java:109)</small> </font> </div>
<div class="test-event"> <font color="maroon"> <small> &emsp; &emsp;--- 23 Jun 17:37:43 302 - Catched spinner load exception due to Expected condition failed: waiting for ICar.support.WaitUtils$4@3c654ce5 (tried for 18 second(s) with 500 milliseconds interval)</small> </font> </div>
<div class="test-event"> <font color="maroon"> <small> &emsp; &emsp;--- 23 Jun 17:37:43 302 - <b>18</b> - Spinner Load Wait: (Sync) - ICar.support.WaitUtils.waitForSpinner(WaitUtils.java:225)</small> </font> </div>
<div class="test-event"> <font color="maroon"> <small> &emsp; &emsp;--- 23 Jun 17:37:49 003 - Page URL:: https://i-car--staging.sandbox.lightning.force.com/lightning/r/sked__job__c/a2mdi000001mjt6iao/related/sked__job_allocations__r/view?ws=%2flightning%2fr%2fsked__job__c%2fa2mdi000001mjt6iao%2fview</small> </font> </div>
<div class="test-event"> <font color="maroon"> <small> &emsp; &emsp;--- 23 Jun 17:37:49 003 - <b>5</b> - Page Load Wait: (Sync) - ICar.support.Utils.waitForPageLoad(Utils.java:109)</small> </font> </div>
<div class="test-event"> <font color="maroon"> <small> &emsp; &emsp;--- 23 Jun 17:37:51 083 - Element is displayed:: [[ChromeDriver: chrome on WINDOWS (dc2c64fcc1c09663eee064e43a1ca9ce)] -> xpath: //h1[contains(text(),'Job Allocations')]//following::div[@class="slds-col slds-no-space display-wrapper"]//table//tbody//tr//td[10]//span//div//lightning-primitive-custom-cell//lst-list-view-row-level-action//lightning-button-menu//button]</small> </font> </div>
<div class="test-event"> <font color="maroon"> <small> &emsp; &emsp;--- 23 Jun 17:37:56 831 - Page URL:: https://i-car--staging.sandbox.lightning.force.com/lightning/r/sked__job__c/a2mdi000001mjt6iao/related/sked__job_allocations__r/view?ws=%2flightning%2fr%2fsked__job__c%2fa2mdi000001mjt6iao%2fview</small> </font> </div>
<div class="test-event"> <font color="maroon"> <small> &emsp; &emsp;--- 23 Jun 17:37:56 831 - <b>5</b> - Page Load Wait: (Sync) - ICar.support.Utils.waitForPageLoad(Utils.java:109)</small> </font> </div>
<div class="test-event"> <font color="maroon"> <small> &emsp; &emsp;--- 23 Jun 17:38:00 991 - Catched spinner load exception due to Expected condition failed: waiting for ICar.support.WaitUtils$4@3c654ce5 (tried for 4 second(s) with 500 milliseconds interval)</small> </font> </div>
<div class="test-event"> <font color="maroon"> <small> &emsp; &emsp;--- 23 Jun 17:38:00 991 - <b>4</b> - Spinner Load Wait: (Sync) - ICar.support.WaitUtils.waitForSpinner(WaitUtils.java:225)</small> </font> </div>
<div class="test-event"> <font color="maroon"> <small> &emsp; &emsp;--- 23 Jun 17:38:06 664 - Page URL:: https://i-car--staging.sandbox.lightning.force.com/lightning/r/sked__job__c/a2mdi000001mjt6iao/related/sked__job_allocations__r/view?ws=%2flightning%2fr%2fsked__job__c%2fa2mdi000001mjt6iao%2fview</small> </font> </div>
<div class="test-event"> <font color="maroon"> <small> &emsp; &emsp;--- 23 Jun 17:38:06 664 - <b>5</b> - Page Load Wait: (Sync) - ICar.support.Utils.waitForPageLoad(Utils.java:109)</small> </font> </div>
<div class="test-event"> <font color="maroon"> <small> &emsp; &emsp;--- 23 Jun 17:38:06 725 - Element is displayed:: [[ChromeDriver: chrome on WINDOWS (dc2c64fcc1c09663eee064e43a1ca9ce)] -> xpath: //li[@class='uiMenuItem']/a/div[@title='Edit']]</small> </font> </div>
<div class="test-event"> <font color="maroon"> <small> &emsp; &emsp;--- 23 Jun 17:38:06 796 - Element is displayed:: [[ChromeDriver: chrome on WINDOWS (dc2c64fcc1c09663eee064e43a1ca9ce)] -> xpath: //li[@class='uiMenuItem']/a/div[@title='Edit']]</small> </font> </div>
<div class="test-event"> <font color="maroon"> <small> &emsp; &emsp;--- 23 Jun 17:38:12 642 - Page URL:: https://i-car--staging.sandbox.lightning.force.com/lightning/r/sked__job__c/a2mdi000001mjt6iao/related/sked__job_allocations__r/view?ws=%2flightning%2fr%2fsked__job__c%2fa2mdi000001mjt6iao%2fview</small> </font> </div>
<div class="test-event"> <font color="maroon"> <small> &emsp; &emsp;--- 23 Jun 17:38:12 642 - <b>5</b> - Page Load Wait: (Sync) - ICar.support.Utils.waitForPageLoad(Utils.java:109)</small> </font> </div>
<div class="test-event"> <font color="maroon"> <small> &emsp; &emsp;--- 23 Jun 17:38:30 889 - Catched spinner load exception due to Expected condition failed: waiting for ICar.support.WaitUtils$4@3c654ce5 (tried for 18 second(s) with 500 milliseconds interval)</small> </font> </div>
<div class="test-event"> <font color="maroon"> <small> &emsp; &emsp;--- 23 Jun 17:38:30 889 - <b>18</b> - Spinner Load Wait: (Sync) - ICar.support.WaitUtils.waitForSpinner(WaitUtils.java:225)</small> </font> </div>
<div class="test-event"> <font color="maroon"> <small> &emsp; &emsp;--- 23 Jun 17:38:36 634 - Page URL:: https://i-car--staging.sandbox.lightning.force.com/lightning/r/sked__job__c/a2mdi000001mjt6iao/related/sked__job_allocations__r/view?ws=%2flightning%2fr%2fsked__job__c%2fa2mdi000001mjt6iao%2fview</small> </font> </div>
<div class="test-event"> <font color="maroon"> <small> &emsp; &emsp;--- 23 Jun 17:38:36 634 - <b>5</b> - Page Load Wait: (Sync) - ICar.support.Utils.waitForPageLoad(Utils.java:109)</small> </font> </div>
<div class="test-event"> <font color="maroon"> <small> &emsp; &emsp;--- 23 Jun 17:38:54 748 - Catched spinner load exception due to Expected condition failed: waiting for ICar.support.WaitUtils$4@3c654ce5 (tried for 18 second(s) with 500 milliseconds interval)</small> </font> </div>
<div class="test-event"> <font color="maroon"> <small> &emsp; &emsp;--- 23 Jun 17:38:54 749 - <b>18</b> - Spinner Load Wait: (Sync) - ICar.support.WaitUtils.waitForSpinner(WaitUtils.java:225)</small> </font> </div>
<div class="test-event"> <font color="maroon"> <small> &emsp; &emsp;--- 23 Jun 17:39:00 495 - Page URL:: https://i-car--staging.sandbox.lightning.force.com/lightning/r/sked__job__c/a2mdi000001mjt6iao/related/sked__job_allocations__r/view?ws=%2flightning%2fr%2fsked__job__c%2fa2mdi000001mjt6iao%2fview</small> </font> </div>
<div class="test-event"> <font color="maroon"> <small> &emsp; &emsp;--- 23 Jun 17:39:00 495 - <b>5</b> - Page Load Wait: (Sync) - ICar.support.Utils.waitForPageLoad(Utils.java:109)</small> </font> </div>
<div class="test-event"> <font color="maroon"> <small> &emsp; &emsp;--- 23 Jun 17:39:09 621 - Element is displayed:: [[ChromeDriver: chrome on WINDOWS (dc2c64fcc1c09663eee064e43a1ca9ce)] -> xpath: (//input[@class='slds-input slds-combobox__input'])[8] | //label[text()='Status']//following-sibling::div/lightning-base-combobox/div/div/div/button]</small> </font> </div>
<div class="test-event"> <font color="maroon"> <small> &emsp; &emsp;--- 23 Jun 17:39:14 821 - Element is displayed:: [[ChromeDriver: chrome on WINDOWS (dc2c64fcc1c09663eee064e43a1ca9ce)] -> xpath: //span[text()='Confirmed']]</small> </font> </div>
<div class="test-event"> <font color="maroon"> <small> &emsp; &emsp;--- 23 Jun 17:39:27 041 - Element is displayed:: [[ChromeDriver: chrome on WINDOWS (dc2c64fcc1c09663eee064e43a1ca9ce)] -> xpath: //button[text()='Save']]</small> </font> </div>
<div class="test-event"> <font color="maroon"> <small> &emsp; &emsp;--- 23 Jun 17:39:32 982 - Page URL:: https://i-car--staging.sandbox.lightning.force.com/lightning/r/sked__job__c/a2mdi000001mjt6iao/related/sked__job_allocations__r/view?ws=%2flightning%2fr%2fsked__job__c%2fa2mdi000001mjt6iao%2fview</small> </font> </div>
<div class="test-event"> <font color="maroon"> <small> &emsp; &emsp;--- 23 Jun 17:39:32 982 - <b>5</b> - Page Load Wait: (Sync) - ICar.support.Utils.waitForPageLoad(Utils.java:109)</small> </font> </div>
<div class="test-event"> <font color="maroon"> <small> &emsp; &emsp;--- 23 Jun 17:39:53 236 - Catched spinner load exception due to Expected condition failed: waiting for ICar.support.WaitUtils$4@3c654ce5 (tried for 20 second(s) with 500 milliseconds interval)</small> </font> </div>
<div class="test-event"> <font color="maroon"> <small> &emsp; &emsp;--- 23 Jun 17:39:53 237 - <b>20</b> - Spinner Load Wait: (Sync) - ICar.support.WaitUtils.waitForSpinner(WaitUtils.java:225)</small> </font> </div>
<div class="test-message">&emsp;Job status changed to confirmed from dispatched&emsp;<a href=".\ScreenShot\IRRWelding_TC53_338429209911800.png" target="_blank" >[ScreenShot]</a></div>
<div class="test-event"> <font color="maroon"> <small> &emsp; &emsp;--- 23 Jun 17:39:59 015 - Page URL:: https://i-car--staging.sandbox.lightning.force.com/lightning/r/sked__job__c/a2mdi000001mjt6iao/related/sked__job_allocations__r/view?ws=%2flightning%2fr%2fsked__job__c%2fa2mdi000001mjt6iao%2fview</small> </font> </div>
<div class="test-event"> <font color="maroon"> <small> &emsp; &emsp;--- 23 Jun 17:39:59 015 - <b>5</b> - Page Load Wait: (Sync) - ICar.support.Utils.waitForPageLoad(Utils.java:109)</small> </font> </div>
<div class="test-event"> <font color="maroon"> <small> &emsp; &emsp;--- 23 Jun 17:40:09 828 - Page URL:: https://i-car--staging.sandbox.lightning.force.com/lightning/r/sked__job__c/a2mdi000001mjt6iao/related/sked__job_allocations__r/view?ws=%2flightning%2fr%2fsked__job__c%2fa2mdi000001mjt6iao%2fview</small> </font> </div>
<div class="test-event"> <font color="maroon"> <small> &emsp; &emsp;--- 23 Jun 17:40:09 828 - <b>5</b> - Page Load Wait: (Sync) - ICar.support.Utils.waitForPageLoad(Utils.java:109)</small> </font> </div>
<div class="test-event"> <font color="maroon"> <small> &emsp; &emsp;--- 23 Jun 17:40:23 456 - Element is displayed:: [[ChromeDriver: chrome on WINDOWS (dc2c64fcc1c09663eee064e43a1ca9ce)] -> css selector: button[class*='search-button']]</small> </font> </div>
<div class="test-event"> <font color="maroon"> <small> &emsp; &emsp;--- 23 Jun 17:40:25 524 - Catched spinner load exception due to Expected condition failed: waiting for ICar.support.WaitUtils$4@3c654ce5 (tried for 2 second(s) with 500 milliseconds interval)</small> </font> </div>
<div class="test-event"> <font color="maroon"> <small> &emsp; &emsp;--- 23 Jun 17:40:25 524 - <b>2</b> - Spinner Load Wait: (Sync) - ICar.support.WaitUtils.waitForSpinner(WaitUtils.java:225)</small> </font> </div>
<div class="test-event"> <font color="maroon"> <small> &emsp; &emsp;--- 23 Jun 17:40:28 647 - Element is displayed:: [[ChromeDriver: chrome on WINDOWS (dc2c64fcc1c09663eee064e43a1ca9ce)] -> css selector: button[class*='search-button']]</small> </font> </div>
<div class="test-event"> <font color="maroon"> <small> &emsp; &emsp;--- 23 Jun 17:40:34 401 - Page URL:: https://i-car--staging.sandbox.lightning.force.com/lightning/r/sked__job__c/a2mdi000001mjt6iao/related/sked__job_allocations__r/view?ws=%2flightning%2fr%2fsked__job__c%2fa2mdi000001mjt6iao%2fview</small> </font> </div>
<div class="test-event"> <font color="maroon"> <small> &emsp; &emsp;--- 23 Jun 17:40:34 401 - <b>5</b> - Page Load Wait: (Sync) - ICar.support.Utils.waitForPageLoad(Utils.java:109)</small> </font> </div>
<div class="test-event"> <font color="maroon"> <small> &emsp; &emsp;--- 23 Jun 17:40:55 354 - Catched spinner load exception due to Expected condition failed: waiting for ICar.support.WaitUtils$4@3c654ce5 (tried for 4 second(s) with 500 milliseconds interval)</small> </font> </div>
<div class="test-event"> <font color="maroon"> <small> &emsp; &emsp;--- 23 Jun 17:40:55 354 - <b>4</b> - Spinner Load Wait: (Sync) - ICar.support.WaitUtils.waitForSpinner(WaitUtils.java:225)</small> </font> </div>
<div class="test-message">&emsp;Searched job idJOB-73920&emsp;<a href=".\ScreenShot\IRRWelding_TC53_338491327212200.png" target="_blank" >[ScreenShot]</a></div>
<div class="test-event"> <font color="maroon"> <small> &emsp; &emsp;--- 23 Jun 17:41:01 331 - Page URL:: https://i-car--staging.sandbox.lightning.force.com/one/one.app#eyjjb21wb25lbnrezwyioijmb3jjzvnlyxjjadpzzwfyy2hqywdlrgvza3rvccisimf0dhjpynv0zxmionsidgvybsi6ikppqi03mzkymcisinnjb3bltwfwijp7inr5cguioijut1bfukvtvuxuuyj9lcjjb250zxh0ijp7ikzjtfrfulmiont9lcjzzwfyy2htb3vyy2uioijbu1nju1rbtlrfrelbte9hiiwizglzywjszuludgvudff1zxj5ijpmywxzzswizglzywjszvnwzwxsq29ycmvjdglvbii6zmfsc2usinnlyxjjaerpywxvz1nlc3npb25jzci6ije5ztlmzgjlltllnjetzdu5nc1lowy5lwu3otq1otjky2zinsisimrlynvnsw5mbyi6eyjhchboyw1lijoisunhcl9tzxj2awnlx0nvbnnvbguilcjhchbuexblijoiq29uc29szsisimfwce5hbwvzcgfjzsi6immilcjsb2nhdglvbii6imzvcmnlonjlbgf0zwrmaxn0rgvza3rvccisinnvymply3ruexblijoic2tlzf9fsm9ix0fsbg9jyxrpb25zx19yin19lcjncm91celkijoirevgqvvmvcj9lcjzdgf0zsi6e319</small> </font> </div>
<div class="test-event"> <font color="maroon"> <small> &emsp; &emsp;--- 23 Jun 17:41:01 331 - <b>5</b> - Page Load Wait: (Sync) - ICar.support.Utils.waitForPageLoad(Utils.java:109)</small> </font> </div>
<div class="test-event"> <font color="maroon"> <small> &emsp; &emsp;--- 23 Jun 17:41:16 796 - Unable to find a element after 5 sec ==> [[ChromeDriver: chrome on WINDOWS (dc2c64fcc1c09663eee064e43a1ca9ce)] -> xpath: //div[contains(@id,'brandBand_')]/div/div/div[2]//table/tbody/tr/th/span/a|//span[@class='slds-grid slds-grid_align-spread']/div/lightning-primitive-custom-cell/force-lookup/div/a]</small> </font> </div>
<div class="test-event"> <font color="maroon"> <small> &emsp; &emsp;--- 23 Jun 17:41:22 597 - Page URL:: https://i-car--staging.sandbox.lightning.force.com/one/one.app#eyjjb21wb25lbnrezwyioijmb3jjzvnlyxjjadpzzwfyy2hqywdlrgvza3rvccisimf0dhjpynv0zxmionsidgvybsi6ikppqi03mzkymcisinnjb3bltwfwijp7inr5cguioijut1bfukvtvuxuuyj9lcjjb250zxh0ijp7ikzjtfrfulmiont9lcjzzwfyy2htb3vyy2uioijbu1nju1rbtlrfrelbte9hiiwizglzywjszuludgvudff1zxj5ijpmywxzzswizglzywjszvnwzwxsq29ycmvjdglvbii6zmfsc2usinnlyxjjaerpywxvz1nlc3npb25jzci6ije5ztlmzgjlltllnjetzdu5nc1lowy5lwu3otq1otjky2zinsisimrlynvnsw5mbyi6eyjhchboyw1lijoisunhcl9tzxj2awnlx0nvbnnvbguilcjhchbuexblijoiq29uc29szsisimfwce5hbwvzcgfjzsi6immilcjsb2nhdglvbii6imzvcmnlonjlbgf0zwrmaxn0rgvza3rvccisinnvymply3ruexblijoic2tlzf9fsm9ix0fsbg9jyxrpb25zx19yin19lcjncm91celkijoirevgqvvmvcj9lcjzdgf0zsi6e319</small> </font> </div>
<div class="test-event"> <font color="maroon"> <small> &emsp; &emsp;--- 23 Jun 17:41:22 599 - <b>5</b> - Page Load Wait: (Sync) - ICar.support.Utils.waitForPageLoad(Utils.java:109)</small> </font> </div>
<div class="test-event"> <font color="maroon"> <small> &emsp; &emsp;--- 23 Jun 17:41:37 712 - Catched spinner load exception due to Expected condition failed: waiting for ICar.support.WaitUtils$4@3c654ce5 (tried for 15 second(s) with 500 milliseconds interval)</small> </font> </div>
<div class="test-event"> <font color="maroon"> <small> &emsp; &emsp;--- 23 Jun 17:41:37 712 - <b>15</b> - Spinner Load Wait: (Sync) - ICar.support.WaitUtils.waitForSpinner(WaitUtils.java:225)</small> </font> </div>
<div class="test-event"> <font color="maroon"> <small> &emsp; &emsp;--- 23 Jun 17:41:43 477 - Page URL:: https://i-car--staging.sandbox.lightning.force.com/one/one.app#eyjjb21wb25lbnrezwyioijmb3jjzvnlyxjjadpzzwfyy2hqywdlrgvza3rvccisimf0dhjpynv0zxmionsidgvybsi6ikppqi03mzkymcisinnjb3bltwfwijp7inr5cguioijut1bfukvtvuxuuyj9lcjjb250zxh0ijp7ikzjtfrfulmiont9lcjzzwfyy2htb3vyy2uioijbu1nju1rbtlrfrelbte9hiiwizglzywjszuludgvudff1zxj5ijpmywxzzswizglzywjszvnwzwxsq29ycmvjdglvbii6zmfsc2usinnlyxjjaerpywxvz1nlc3npb25jzci6ije5ztlmzgjlltllnjetzdu5nc1lowy5lwu3otq1otjky2zinsisimrlynvnsw5mbyi6eyjhchboyw1lijoisunhcl9tzxj2awnlx0nvbnnvbguilcjhchbuexblijoiq29uc29szsisimfwce5hbwvzcgfjzsi6immilcjsb2nhdglvbii6imzvcmnlonjlbgf0zwrmaxn0rgvza3rvccisinnvymply3ruexblijoic2tlzf9fsm9ix0fsbg9jyxrpb25zx19yin19lcjncm91celkijoirevgqvvmvcj9lcjzdgf0zsi6e319</small> </font> </div>
<div class="test-event"> <font color="maroon"> <small> &emsp; &emsp;--- 23 Jun 17:41:43 477 - <b>5</b> - Page Load Wait: (Sync) - ICar.support.Utils.waitForPageLoad(Utils.java:109)</small> </font> </div>
<div class="test-event"> <font color="maroon"> <small> &emsp; &emsp;--- 23 Jun 17:42:06 165 - Unable to find an element after 20 sec ==> [[ChromeDriver: chrome on WINDOWS (dc2c64fcc1c09663eee064e43a1ca9ce)] -> xpath: //a[text()='Related']]</small> </font> </div>
<div class="test-event"> <font color="maroon"> <small> &emsp; &emsp;--- 23 Jun 17:42:11 551 - Unable to find a element after 5 sec ==> [[ChromeDriver: chrome on WINDOWS (dc2c64fcc1c09663eee064e43a1ca9ce)] -> xpath: //a[text()='Related']]</small> </font> </div>
<!--FAIL-->
<div class="test-result"><br><font color="red"><strong> click on related tab not found in page!! </strong></font> <a href=".\ScreenShot\IRRWelding_TC53_338567524139700.png" target="_blank" >[ScreenShot]</a></div>&emsp;
&emsp;<div class="test-title"> <strong><font size = "3" color = "#0000FF">---Test Execution Ends---</font> </strong> </div>&emsp;]]>
  </system-out>
</testsuite> <!-- CreditProcess.InvalidRefundRequest -->
