<?xml version="1.0" encoding="UTF-8"?>
<!-- Generated by org.testng.reporters.JUnitReportReporter -->
<testsuite hostname="aspire1763" failures="0" tests="1" name="B2Btestscripts.InsurancePlanner" time="157.492" errors="0" timestamp="2024-10-15T11:30:33 IST" skipped="0">
  <testcase classname="B2Btestscripts.InsurancePlanner" name="ICar_IP_TC06" time="157.492">
    <system-out>
      <![CDATA[<div class="test-event"> <font color="maroon"> <small> &emsp; &emsp;--- 15 Oct 11:27:53 114 - TestCaseID:: ICar_IP_TC06</small> </font> </div>
<div class="test-event"> <font color="maroon"> <small> &emsp; &emsp;--- 15 Oct 11:27:56 098 - <b>3</b> - Driver::initialize::Get - ICar.support.WebDriverFactory.getDriver(WebDriverFactory.java:640)</small> </font> </div>
&emsp;<div class="test-title"> <strong><font size = "3" color = "#000080">TM can access the Insurance Planner</font> </strong> </div>&emsp;<div><strong>Steps:</strong></div><!-- Report -->&emsp;
<div class="test-event"> <font color="maroon"> <small> &emsp; &emsp;--- 15 Oct 11:28:01 963 - Page URL:: https://i-car--staging.sandbox.my.salesforce.com/</small> </font> </div>
<div class="test-event"> <font color="maroon"> <small> &emsp; &emsp;--- 15 Oct 11:28:01 964 - <b>2</b> - Page Load Wait: (Sync) - ICar.support.Utils.waitForPageLoad(Utils.java:109)</small> </font> </div>
<div class="test-message">&emsp;Successfully navigated to 'Login' Page&emsp;<a href=".\ScreenShot\ICar_IP_TC06_1253877060319000.png" target="_blank" >[ScreenShot]</a></div>
<div class="test-message">&emsp;1. Login page is launched.</div>
<div class="test-event"> <font color="maroon"> <small> &emsp; &emsp;--- 15 Oct 11:28:02 366 - Element is displayed:: [[ChromeDriver: chrome on WINDOWS (0f677500f4854bddc467f56a3d66dab0)] -> id: username]</small> </font> </div>
<div class="test-event"> <font color="maroon"> <small> &emsp; &emsp;--- 15 Oct 11:28:02 460 - Element is displayed:: [[ChromeDriver: chrome on WINDOWS (0f677500f4854bddc467f56a3d66dab0)] -> id: username]</small> </font> </div>
<div class="test-event"> <font color="maroon"> <small> &emsp; &emsp;--- 15 Oct 11:28:03 389 - Element is displayed:: [[ChromeDriver: chrome on WINDOWS (0f677500f4854bddc467f56a3d66dab0)] -> id: password]</small> </font> </div>
<div class="test-event"> <font color="maroon"> <small> &emsp; &emsp;--- 15 Oct 11:28:03 848 - Element is displayed:: [[ChromeDriver: chrome on WINDOWS (0f677500f4854bddc467f56a3d66dab0)] -> id: Login]</small> </font> </div>
<div class="test-event"> <font color="maroon"> <small> &emsp; &emsp;--- 15 Oct 11:28:29 569 - Catched spinner load exception due to Expected condition failed: waiting for ICar.support.WaitUtils$4@7e088402 (tried for 13 second(s) with 500 milliseconds interval)</small> </font> </div>
<div class="test-event"> <font color="maroon"> <small> &emsp; &emsp;--- 15 Oct 11:28:29 570 - <b>13</b> - Spinner Load Wait: (Sync) - ICar.support.WaitUtils.waitForSpinner(WaitUtils.java:225)</small> </font> </div>
<div class="test-event"> <font color="maroon"> <small> &emsp; &emsp;--- 15 Oct 11:28:48 251 - Catched spinner load exception due to Expected condition failed: waiting for ICar.support.WaitUtils$4@7e088402 (tried for 6 second(s) with 500 milliseconds interval)</small> </font> </div>
<div class="test-event"> <font color="maroon"> <small> &emsp; &emsp;--- 15 Oct 11:28:48 251 - <b>6</b> - Spinner Load Wait: (Sync) - ICar.support.WaitUtils.waitForSpinner(WaitUtils.java:225)</small> </font> </div>
<div class="test-event"> <font color="maroon"> <small> &emsp; &emsp;--- 15 Oct 11:28:48 345 - Element is displayed:: [[ChromeDriver: chrome on WINDOWS (0f677500f4854bddc467f56a3d66dab0)] -> css selector: button[class*='search-button']]</small> </font> </div>
<div class="test-message">&emsp;2. Navigate to 'SalesForce Page'</div>
<div class="test-event"> <font color="maroon"> <small> &emsp; &emsp;--- 15 Oct 11:28:48 635 - Page URL:: https://i-car--staging.sandbox.lightning.force.com/lightning/r/contact/0031i00000oeifqqaa/view</small> </font> </div>
<div class="test-event"> <font color="maroon"> <small> &emsp; &emsp;--- 15 Oct 11:28:48 637 - <b>0</b> - Page Load Wait: (Sync) - ICar.support.Utils.waitForPageLoad(Utils.java:109)</small> </font> </div>
<div class="test-event"> <font color="maroon"> <small> &emsp; &emsp;--- 15 Oct 11:28:54 090 - Page URL:: https://i-car--staging.sandbox.lightning.force.com/lightning/r/contact/0031i00000oeifqqaa/view</small> </font> </div>
<div class="test-event"> <font color="maroon"> <small> &emsp; &emsp;--- 15 Oct 11:28:54 090 - <b>0</b> - Page Load Wait: (Sync) - ICar.support.Utils.waitForPageLoad(Utils.java:109)</small> </font> </div>
<div class="test-message">&emsp;Close the tab</div>
<div class="test-message">&emsp;Successfully navigated to 'Login' Page&emsp;<a href=".\ScreenShot\ICar_IP_TC06_1253934389038900.png" target="_blank" >[ScreenShot]</a></div>
<div class="test-event"> <font color="maroon"> <small> &emsp; &emsp;--- 15 Oct 11:29:04 115 - Element is displayed:: [[ChromeDriver: chrome on WINDOWS (0f677500f4854bddc467f56a3d66dab0)] -> xpath: //a/img[@alt='Login Image']|//button[@id='btn-login']]</small> </font> </div>
<div class="test-event"> <font color="maroon"> <small> &emsp; &emsp;--- 15 Oct 11:29:04 186 - Element is displayed:: [[ChromeDriver: chrome on WINDOWS (0f677500f4854bddc467f56a3d66dab0)] -> xpath: //a/img[@alt='Login Image']|//button[@id='btn-login']]</small> </font> </div>
<div class="test-message">&emsp;Successfully navigated to 'Home' Page&emsp;<a href=".\ScreenShot\ICar_IP_TC06_1253939271441400.png" target="_blank" >[ScreenShot]</a></div>
<div class="test-message">&emsp;1. Home page is launched.</div>
<div class="test-event"> <font color="maroon"> <small> &emsp; &emsp;--- 15 Oct 11:29:04 701 - Page URL:: https://www.icarstage.com/</small> </font> </div>
<div class="test-event"> <font color="maroon"> <small> &emsp; &emsp;--- 15 Oct 11:29:04 701 - <b>0</b> - Page Load Wait: (Sync) - ICar.support.Utils.waitForPageLoad(Utils.java:109)</small> </font> </div>
<div class="test-event"> <font color="maroon"> <small> &emsp; &emsp;--- 15 Oct 11:29:04 770 - Element is displayed:: [[ChromeDriver: chrome on WINDOWS (0f677500f4854bddc467f56a3d66dab0)] -> xpath: //a/img[@alt='Login Image']|//button[@id='btn-login']]</small> </font> </div>
<div class="test-event"> <font color="maroon"> <small> &emsp; &emsp;--- 15 Oct 11:29:04 878 - Element is displayed:: [[ChromeDriver: chrome on WINDOWS (0f677500f4854bddc467f56a3d66dab0)] -> xpath: //a/img[@alt='Login Image']|//button[@id='btn-login']]</small> </font> </div>
<div class="test-event"> <font color="maroon"> <small> &emsp; &emsp;--- 15 Oct 11:29:23 058 - Catched spinner load exception due to Expected condition failed: waiting for ICar.support.WaitUtils$4@7e088402 (tried for 15 second(s) with 500 milliseconds interval)</small> </font> </div>
<div class="test-event"> <font color="maroon"> <small> &emsp; &emsp;--- 15 Oct 11:29:23 059 - <b>15</b> - Spinner Load Wait: (Sync) - ICar.support.WaitUtils.waitForSpinner(WaitUtils.java:225)</small> </font> </div>
<div class="test-message">&emsp;2. Login page  should be successfully display</div>
<div class="test-message">&emsp;Successfully navigated to 'Login' Page&emsp;<a href=".\ScreenShot\ICar_IP_TC06_1253958168381300.png" target="_blank" >[ScreenShot]</a></div>
<div class="test-event"> <font color="maroon"> <small> &emsp; &emsp;--- 15 Oct 11:29:23 348 - Element is displayed:: [[ChromeDriver: chrome on WINDOWS (0f677500f4854bddc467f56a3d66dab0)] -> id: username]</small> </font> </div>
<div class="test-event"> <font color="maroon"> <small> &emsp; &emsp;--- 15 Oct 11:29:23 450 - Element is displayed:: [[ChromeDriver: chrome on WINDOWS (0f677500f4854bddc467f56a3d66dab0)] -> id: username]</small> </font> </div>
<div class="test-event"> <font color="maroon"> <small> &emsp; &emsp;--- 15 Oct 11:29:23 718 - Element is displayed:: [[ChromeDriver: chrome on WINDOWS (0f677500f4854bddc467f56a3d66dab0)] -> id: password]</small> </font> </div>
<div class="test-event"> <font color="maroon"> <small> &emsp; &emsp;--- 15 Oct 11:29:23 923 - Element is displayed:: [[ChromeDriver: chrome on WINDOWS (0f677500f4854bddc467f56a3d66dab0)] -> id: btn-login]</small> </font> </div>
<div class="test-event"> <font color="maroon"> <small> &emsp; &emsp;--- 15 Oct 11:29:37 040 - Catched spinner load exception due to Expected condition failed: waiting for ICar.support.WaitUtils$4@7e088402 (tried for 13 second(s) with 500 milliseconds interval)</small> </font> </div>
<div class="test-event"> <font color="maroon"> <small> &emsp; &emsp;--- 15 Oct 11:29:37 040 - <b>13</b> - Spinner Load Wait: (Sync) - ICar.support.WaitUtils.waitForSpinner(WaitUtils.java:225)</small> </font> </div>
<div class="test-event"> <font color="maroon"> <small> &emsp; &emsp;--- 15 Oct 11:29:59 352 - Catched spinner load exception due to Expected condition failed: waiting for ICar.support.WaitUtils$4@7e088402 (tried for 10 second(s) with 500 milliseconds interval)</small> </font> </div>
<div class="test-event"> <font color="maroon"> <small> &emsp; &emsp;--- 15 Oct 11:29:59 353 - <b>10</b> - Spinner Load Wait: (Sync) - ICar.support.WaitUtils.waitForSpinner(WaitUtils.java:225)</small> </font> </div>
<div class="test-event"> <font color="maroon"> <small> &emsp; &emsp;--- 15 Oct 11:29:59 513 - Element is displayed:: [[ChromeDriver: chrome on WINDOWS (0f677500f4854bddc467f56a3d66dab0)] -> xpath: //button[@value='Launch My Learning']]</small> </font> </div>
<div class="test-message">&emsp;3. Enter the user credentials as : 2431704</div>
<div class="test-message">&emsp;Successfully navigated to 'User Home' Page&emsp;<a href=".\ScreenShot\ICar_IP_TC06_1253994599378300.png" target="_blank" >[ScreenShot]</a></div>
<div class="test-event"> <font color="maroon"> <small> &emsp; &emsp;--- 15 Oct 11:29:59 956 - Page URL:: https://www.icarstage.com/</small> </font> </div>
<div class="test-event"> <font color="maroon"> <small> &emsp; &emsp;--- 15 Oct 11:29:59 957 - <b>0</b> - Page Load Wait: (Sync) - ICar.support.Utils.waitForPageLoad(Utils.java:109)</small> </font> </div>
<div class="test-event"> <font color="maroon"> <small> &emsp; &emsp;--- 15 Oct 11:30:00 038 - Element is displayed:: [[ChromeDriver: chrome on WINDOWS (0f677500f4854bddc467f56a3d66dab0)] -> xpath: //p[text()='Launch My Learning']]</small> </font> </div>
<div class="test-event"> <font color="maroon"> <small> &emsp; &emsp;--- 15 Oct 11:30:00 116 - Element is displayed:: [[ChromeDriver: chrome on WINDOWS (0f677500f4854bddc467f56a3d66dab0)] -> xpath: //a[text()='Gold Class Summary']]</small> </font> </div>
<div class="test-event"> <font color="maroon"> <small> &emsp; &emsp;--- 15 Oct 11:30:02 235 - Element is displayed:: [[ChromeDriver: chrome on WINDOWS (0f677500f4854bddc467f56a3d66dab0)] -> xpath: //a[text()='Gold Class Summary']]</small> </font> </div>
<div class="test-event"> <font color="maroon"> <small> &emsp; &emsp;--- 15 Oct 11:30:19 416 - Catched spinner load exception due to Expected condition failed: waiting for ICar.support.WaitUtils$4@7e088402 (tried for 15 second(s) with 500 milliseconds interval)</small> </font> </div>
<div class="test-event"> <font color="maroon"> <small> &emsp; &emsp;--- 15 Oct 11:30:19 419 - <b>15</b> - Spinner Load Wait: (Sync) - ICar.support.WaitUtils.waitForSpinner(WaitUtils.java:225)</small> </font> </div>
<div class="test-event"> <font color="maroon"> <small> &emsp; &emsp;--- 15 Oct 11:30:19 596 - Page URL:: https://www.icarstage.com/gold-class-summary</small> </font> </div>
<div class="test-event"> <font color="maroon"> <small> &emsp; &emsp;--- 15 Oct 11:30:19 596 - <b>0</b> - Page Load Wait: (Sync) - ICar.support.Utils.waitForPageLoad(Utils.java:109)</small> </font> </div>
<div class="test-message">&emsp;Successfully navigated to 'Gold class summary' Page&emsp;<a href=".\ScreenShot\ICar_IP_TC06_1254014681098100.png" target="_blank" >[ScreenShot]</a></div>
<div class="test-event"> <font color="maroon"> <small> &emsp; &emsp;--- 15 Oct 11:30:19 870 - Element is displayed:: [[ChromeDriver: chrome on WINDOWS (0f677500f4854bddc467f56a3d66dab0)] -> xpath: (//*[@class='slds-button slds-button_icon-border slds-button_icon-x-small'])[1]]</small> </font> </div>
<div class="test-event"> <font color="maroon"> <small> &emsp; &emsp;--- 15 Oct 11:30:19 952 - Element is displayed:: [[ChromeDriver: chrome on WINDOWS (0f677500f4854bddc467f56a3d66dab0)] -> xpath: (//*[@class='slds-button slds-button_icon-border slds-button_icon-x-small'])[1]]</small> </font> </div>
<div class="test-event"> <font color="maroon"> <small> &emsp; &emsp;--- 15 Oct 11:30:22 184 - Element is displayed:: [[ChromeDriver: chrome on WINDOWS (0f677500f4854bddc467f56a3d66dab0)] -> xpath: //*[@role='menuitem']/span[contains(text(),'Planner')]]</small> </font> </div>
<div class="test-event"> <font color="maroon"> <small> &emsp; &emsp;--- 15 Oct 11:30:28 388 - Catched spinner load exception due to Expected condition failed: waiting for ICar.support.WaitUtils$4@7e088402 (tried for 6 second(s) with 500 milliseconds interval)</small> </font> </div>
<div class="test-event"> <font color="maroon"> <small> &emsp; &emsp;--- 15 Oct 11:30:28 388 - <b>6</b> - Spinner Load Wait: (Sync) - ICar.support.WaitUtils.waitForSpinner(WaitUtils.java:225)</small> </font> </div>
<div class="test-event"> <font color="maroon"> <small> &emsp; &emsp;--- 15 Oct 11:30:28 495 - Page URL:: https://www.icarstage.com/gold-class-summary</small> </font> </div>
<div class="test-event"> <font color="maroon"> <small> &emsp; &emsp;--- 15 Oct 11:30:28 496 - <b>0</b> - Page Load Wait: (Sync) - ICar.support.Utils.waitForPageLoad(Utils.java:109)</small> </font> </div>
<div class="test-event"> <font color="maroon"> <small> &emsp; &emsp;--- 15 Oct 11:30:31 765 - Page URL:: https://www.icarstage.com/insurance-planner</small> </font> </div>
<div class="test-event"> <font color="maroon"> <small> &emsp; &emsp;--- 15 Oct 11:30:31 766 - <b>0</b> - Page Load Wait: (Sync) - ICar.support.Utils.waitForPageLoad(Utils.java:109)</small> </font> </div>
<div class="test-event"> <font color="maroon"> <small> &emsp; &emsp;--- 15 Oct 11:30:31 848 - Element is displayed:: [[ChromeDriver: chrome on WINDOWS (0f677500f4854bddc467f56a3d66dab0)] -> xpath: //h1[contains(@id,'entity-header')]]</small> </font> </div>
<div class="test-message">&emsp;Successfully navigated to 'Insurance planner' Page&emsp;<a href=".\ScreenShot\ICar_IP_TC06_1254026932647800.png" target="_blank" >[ScreenShot]</a></div>
<div class="test-message">&emsp;Successsfully verified Spanish Language Icon and Info about it should be displayed&emsp;<a href=".\ScreenShot\ICar_IP_TC06_1254027207050000.png" target="_blank" >[ScreenShot]</a></div>
<div class="test-message">&emsp;Successsfully verified Activation Icon and Info about it should be displayed&emsp;<a href=".\ScreenShot\ICar_IP_TC06_1254027389436700.png" target="_blank" >[ScreenShot]</a></div>
<div class="test-message">&emsp;Successsfully verified Account activation  Icon and Info about it should be displayed&emsp;<a href=".\ScreenShot\ICar_IP_TC06_1254027638504600.png" target="_blank" >[ScreenShot]</a></div>
<div class="test-result"><br><font color="green"><strong> Test Passed. </strong></font> </div>&emsp;
&emsp;<div class="test-title"> <strong><font size = "3" color = "#0000FF">---Test Execution Ends---</font> </strong> </div>&emsp;]]>
    </system-out>
  </testcase> <!-- ICar_IP_TC06 -->
  <system-out>
    <![CDATA[<div class="test-event"> <font color="maroon"> <small> &emsp; &emsp;--- 15 Oct 11:27:53 114 - TestCaseID:: ICar_IP_TC06</small> </font> </div>
<div class="test-event"> <font color="maroon"> <small> &emsp; &emsp;--- 15 Oct 11:27:56 098 - <b>3</b> - Driver::initialize::Get - ICar.support.WebDriverFactory.getDriver(WebDriverFactory.java:640)</small> </font> </div>
&emsp;<div class="test-title"> <strong><font size = "3" color = "#000080">TM can access the Insurance Planner</font> </strong> </div>&emsp;<div><strong>Steps:</strong></div><!-- Report -->&emsp;
<div class="test-event"> <font color="maroon"> <small> &emsp; &emsp;--- 15 Oct 11:28:01 963 - Page URL:: https://i-car--staging.sandbox.my.salesforce.com/</small> </font> </div>
<div class="test-event"> <font color="maroon"> <small> &emsp; &emsp;--- 15 Oct 11:28:01 964 - <b>2</b> - Page Load Wait: (Sync) - ICar.support.Utils.waitForPageLoad(Utils.java:109)</small> </font> </div>
<div class="test-message">&emsp;Successfully navigated to 'Login' Page&emsp;<a href=".\ScreenShot\ICar_IP_TC06_1253877060319000.png" target="_blank" >[ScreenShot]</a></div>
<div class="test-message">&emsp;1. Login page is launched.</div>
<div class="test-event"> <font color="maroon"> <small> &emsp; &emsp;--- 15 Oct 11:28:02 366 - Element is displayed:: [[ChromeDriver: chrome on WINDOWS (0f677500f4854bddc467f56a3d66dab0)] -> id: username]</small> </font> </div>
<div class="test-event"> <font color="maroon"> <small> &emsp; &emsp;--- 15 Oct 11:28:02 460 - Element is displayed:: [[ChromeDriver: chrome on WINDOWS (0f677500f4854bddc467f56a3d66dab0)] -> id: username]</small> </font> </div>
<div class="test-event"> <font color="maroon"> <small> &emsp; &emsp;--- 15 Oct 11:28:03 389 - Element is displayed:: [[ChromeDriver: chrome on WINDOWS (0f677500f4854bddc467f56a3d66dab0)] -> id: password]</small> </font> </div>
<div class="test-event"> <font color="maroon"> <small> &emsp; &emsp;--- 15 Oct 11:28:03 848 - Element is displayed:: [[ChromeDriver: chrome on WINDOWS (0f677500f4854bddc467f56a3d66dab0)] -> id: Login]</small> </font> </div>
<div class="test-event"> <font color="maroon"> <small> &emsp; &emsp;--- 15 Oct 11:28:29 569 - Catched spinner load exception due to Expected condition failed: waiting for ICar.support.WaitUtils$4@7e088402 (tried for 13 second(s) with 500 milliseconds interval)</small> </font> </div>
<div class="test-event"> <font color="maroon"> <small> &emsp; &emsp;--- 15 Oct 11:28:29 570 - <b>13</b> - Spinner Load Wait: (Sync) - ICar.support.WaitUtils.waitForSpinner(WaitUtils.java:225)</small> </font> </div>
<div class="test-event"> <font color="maroon"> <small> &emsp; &emsp;--- 15 Oct 11:28:48 251 - Catched spinner load exception due to Expected condition failed: waiting for ICar.support.WaitUtils$4@7e088402 (tried for 6 second(s) with 500 milliseconds interval)</small> </font> </div>
<div class="test-event"> <font color="maroon"> <small> &emsp; &emsp;--- 15 Oct 11:28:48 251 - <b>6</b> - Spinner Load Wait: (Sync) - ICar.support.WaitUtils.waitForSpinner(WaitUtils.java:225)</small> </font> </div>
<div class="test-event"> <font color="maroon"> <small> &emsp; &emsp;--- 15 Oct 11:28:48 345 - Element is displayed:: [[ChromeDriver: chrome on WINDOWS (0f677500f4854bddc467f56a3d66dab0)] -> css selector: button[class*='search-button']]</small> </font> </div>
<div class="test-message">&emsp;2. Navigate to 'SalesForce Page'</div>
<div class="test-event"> <font color="maroon"> <small> &emsp; &emsp;--- 15 Oct 11:28:48 635 - Page URL:: https://i-car--staging.sandbox.lightning.force.com/lightning/r/contact/0031i00000oeifqqaa/view</small> </font> </div>
<div class="test-event"> <font color="maroon"> <small> &emsp; &emsp;--- 15 Oct 11:28:48 637 - <b>0</b> - Page Load Wait: (Sync) - ICar.support.Utils.waitForPageLoad(Utils.java:109)</small> </font> </div>
<div class="test-event"> <font color="maroon"> <small> &emsp; &emsp;--- 15 Oct 11:28:54 090 - Page URL:: https://i-car--staging.sandbox.lightning.force.com/lightning/r/contact/0031i00000oeifqqaa/view</small> </font> </div>
<div class="test-event"> <font color="maroon"> <small> &emsp; &emsp;--- 15 Oct 11:28:54 090 - <b>0</b> - Page Load Wait: (Sync) - ICar.support.Utils.waitForPageLoad(Utils.java:109)</small> </font> </div>
<div class="test-message">&emsp;Close the tab</div>
<div class="test-message">&emsp;Successfully navigated to 'Login' Page&emsp;<a href=".\ScreenShot\ICar_IP_TC06_1253934389038900.png" target="_blank" >[ScreenShot]</a></div>
<div class="test-event"> <font color="maroon"> <small> &emsp; &emsp;--- 15 Oct 11:29:04 115 - Element is displayed:: [[ChromeDriver: chrome on WINDOWS (0f677500f4854bddc467f56a3d66dab0)] -> xpath: //a/img[@alt='Login Image']|//button[@id='btn-login']]</small> </font> </div>
<div class="test-event"> <font color="maroon"> <small> &emsp; &emsp;--- 15 Oct 11:29:04 186 - Element is displayed:: [[ChromeDriver: chrome on WINDOWS (0f677500f4854bddc467f56a3d66dab0)] -> xpath: //a/img[@alt='Login Image']|//button[@id='btn-login']]</small> </font> </div>
<div class="test-message">&emsp;Successfully navigated to 'Home' Page&emsp;<a href=".\ScreenShot\ICar_IP_TC06_1253939271441400.png" target="_blank" >[ScreenShot]</a></div>
<div class="test-message">&emsp;1. Home page is launched.</div>
<div class="test-event"> <font color="maroon"> <small> &emsp; &emsp;--- 15 Oct 11:29:04 701 - Page URL:: https://www.icarstage.com/</small> </font> </div>
<div class="test-event"> <font color="maroon"> <small> &emsp; &emsp;--- 15 Oct 11:29:04 701 - <b>0</b> - Page Load Wait: (Sync) - ICar.support.Utils.waitForPageLoad(Utils.java:109)</small> </font> </div>
<div class="test-event"> <font color="maroon"> <small> &emsp; &emsp;--- 15 Oct 11:29:04 770 - Element is displayed:: [[ChromeDriver: chrome on WINDOWS (0f677500f4854bddc467f56a3d66dab0)] -> xpath: //a/img[@alt='Login Image']|//button[@id='btn-login']]</small> </font> </div>
<div class="test-event"> <font color="maroon"> <small> &emsp; &emsp;--- 15 Oct 11:29:04 878 - Element is displayed:: [[ChromeDriver: chrome on WINDOWS (0f677500f4854bddc467f56a3d66dab0)] -> xpath: //a/img[@alt='Login Image']|//button[@id='btn-login']]</small> </font> </div>
<div class="test-event"> <font color="maroon"> <small> &emsp; &emsp;--- 15 Oct 11:29:23 058 - Catched spinner load exception due to Expected condition failed: waiting for ICar.support.WaitUtils$4@7e088402 (tried for 15 second(s) with 500 milliseconds interval)</small> </font> </div>
<div class="test-event"> <font color="maroon"> <small> &emsp; &emsp;--- 15 Oct 11:29:23 059 - <b>15</b> - Spinner Load Wait: (Sync) - ICar.support.WaitUtils.waitForSpinner(WaitUtils.java:225)</small> </font> </div>
<div class="test-message">&emsp;2. Login page  should be successfully display</div>
<div class="test-message">&emsp;Successfully navigated to 'Login' Page&emsp;<a href=".\ScreenShot\ICar_IP_TC06_1253958168381300.png" target="_blank" >[ScreenShot]</a></div>
<div class="test-event"> <font color="maroon"> <small> &emsp; &emsp;--- 15 Oct 11:29:23 348 - Element is displayed:: [[ChromeDriver: chrome on WINDOWS (0f677500f4854bddc467f56a3d66dab0)] -> id: username]</small> </font> </div>
<div class="test-event"> <font color="maroon"> <small> &emsp; &emsp;--- 15 Oct 11:29:23 450 - Element is displayed:: [[ChromeDriver: chrome on WINDOWS (0f677500f4854bddc467f56a3d66dab0)] -> id: username]</small> </font> </div>
<div class="test-event"> <font color="maroon"> <small> &emsp; &emsp;--- 15 Oct 11:29:23 718 - Element is displayed:: [[ChromeDriver: chrome on WINDOWS (0f677500f4854bddc467f56a3d66dab0)] -> id: password]</small> </font> </div>
<div class="test-event"> <font color="maroon"> <small> &emsp; &emsp;--- 15 Oct 11:29:23 923 - Element is displayed:: [[ChromeDriver: chrome on WINDOWS (0f677500f4854bddc467f56a3d66dab0)] -> id: btn-login]</small> </font> </div>
<div class="test-event"> <font color="maroon"> <small> &emsp; &emsp;--- 15 Oct 11:29:37 040 - Catched spinner load exception due to Expected condition failed: waiting for ICar.support.WaitUtils$4@7e088402 (tried for 13 second(s) with 500 milliseconds interval)</small> </font> </div>
<div class="test-event"> <font color="maroon"> <small> &emsp; &emsp;--- 15 Oct 11:29:37 040 - <b>13</b> - Spinner Load Wait: (Sync) - ICar.support.WaitUtils.waitForSpinner(WaitUtils.java:225)</small> </font> </div>
<div class="test-event"> <font color="maroon"> <small> &emsp; &emsp;--- 15 Oct 11:29:59 352 - Catched spinner load exception due to Expected condition failed: waiting for ICar.support.WaitUtils$4@7e088402 (tried for 10 second(s) with 500 milliseconds interval)</small> </font> </div>
<div class="test-event"> <font color="maroon"> <small> &emsp; &emsp;--- 15 Oct 11:29:59 353 - <b>10</b> - Spinner Load Wait: (Sync) - ICar.support.WaitUtils.waitForSpinner(WaitUtils.java:225)</small> </font> </div>
<div class="test-event"> <font color="maroon"> <small> &emsp; &emsp;--- 15 Oct 11:29:59 513 - Element is displayed:: [[ChromeDriver: chrome on WINDOWS (0f677500f4854bddc467f56a3d66dab0)] -> xpath: //button[@value='Launch My Learning']]</small> </font> </div>
<div class="test-message">&emsp;3. Enter the user credentials as : 2431704</div>
<div class="test-message">&emsp;Successfully navigated to 'User Home' Page&emsp;<a href=".\ScreenShot\ICar_IP_TC06_1253994599378300.png" target="_blank" >[ScreenShot]</a></div>
<div class="test-event"> <font color="maroon"> <small> &emsp; &emsp;--- 15 Oct 11:29:59 956 - Page URL:: https://www.icarstage.com/</small> </font> </div>
<div class="test-event"> <font color="maroon"> <small> &emsp; &emsp;--- 15 Oct 11:29:59 957 - <b>0</b> - Page Load Wait: (Sync) - ICar.support.Utils.waitForPageLoad(Utils.java:109)</small> </font> </div>
<div class="test-event"> <font color="maroon"> <small> &emsp; &emsp;--- 15 Oct 11:30:00 038 - Element is displayed:: [[ChromeDriver: chrome on WINDOWS (0f677500f4854bddc467f56a3d66dab0)] -> xpath: //p[text()='Launch My Learning']]</small> </font> </div>
<div class="test-event"> <font color="maroon"> <small> &emsp; &emsp;--- 15 Oct 11:30:00 116 - Element is displayed:: [[ChromeDriver: chrome on WINDOWS (0f677500f4854bddc467f56a3d66dab0)] -> xpath: //a[text()='Gold Class Summary']]</small> </font> </div>
<div class="test-event"> <font color="maroon"> <small> &emsp; &emsp;--- 15 Oct 11:30:02 235 - Element is displayed:: [[ChromeDriver: chrome on WINDOWS (0f677500f4854bddc467f56a3d66dab0)] -> xpath: //a[text()='Gold Class Summary']]</small> </font> </div>
<div class="test-event"> <font color="maroon"> <small> &emsp; &emsp;--- 15 Oct 11:30:19 416 - Catched spinner load exception due to Expected condition failed: waiting for ICar.support.WaitUtils$4@7e088402 (tried for 15 second(s) with 500 milliseconds interval)</small> </font> </div>
<div class="test-event"> <font color="maroon"> <small> &emsp; &emsp;--- 15 Oct 11:30:19 419 - <b>15</b> - Spinner Load Wait: (Sync) - ICar.support.WaitUtils.waitForSpinner(WaitUtils.java:225)</small> </font> </div>
<div class="test-event"> <font color="maroon"> <small> &emsp; &emsp;--- 15 Oct 11:30:19 596 - Page URL:: https://www.icarstage.com/gold-class-summary</small> </font> </div>
<div class="test-event"> <font color="maroon"> <small> &emsp; &emsp;--- 15 Oct 11:30:19 596 - <b>0</b> - Page Load Wait: (Sync) - ICar.support.Utils.waitForPageLoad(Utils.java:109)</small> </font> </div>
<div class="test-message">&emsp;Successfully navigated to 'Gold class summary' Page&emsp;<a href=".\ScreenShot\ICar_IP_TC06_1254014681098100.png" target="_blank" >[ScreenShot]</a></div>
<div class="test-event"> <font color="maroon"> <small> &emsp; &emsp;--- 15 Oct 11:30:19 870 - Element is displayed:: [[ChromeDriver: chrome on WINDOWS (0f677500f4854bddc467f56a3d66dab0)] -> xpath: (//*[@class='slds-button slds-button_icon-border slds-button_icon-x-small'])[1]]</small> </font> </div>
<div class="test-event"> <font color="maroon"> <small> &emsp; &emsp;--- 15 Oct 11:30:19 952 - Element is displayed:: [[ChromeDriver: chrome on WINDOWS (0f677500f4854bddc467f56a3d66dab0)] -> xpath: (//*[@class='slds-button slds-button_icon-border slds-button_icon-x-small'])[1]]</small> </font> </div>
<div class="test-event"> <font color="maroon"> <small> &emsp; &emsp;--- 15 Oct 11:30:22 184 - Element is displayed:: [[ChromeDriver: chrome on WINDOWS (0f677500f4854bddc467f56a3d66dab0)] -> xpath: //*[@role='menuitem']/span[contains(text(),'Planner')]]</small> </font> </div>
<div class="test-event"> <font color="maroon"> <small> &emsp; &emsp;--- 15 Oct 11:30:28 388 - Catched spinner load exception due to Expected condition failed: waiting for ICar.support.WaitUtils$4@7e088402 (tried for 6 second(s) with 500 milliseconds interval)</small> </font> </div>
<div class="test-event"> <font color="maroon"> <small> &emsp; &emsp;--- 15 Oct 11:30:28 388 - <b>6</b> - Spinner Load Wait: (Sync) - ICar.support.WaitUtils.waitForSpinner(WaitUtils.java:225)</small> </font> </div>
<div class="test-event"> <font color="maroon"> <small> &emsp; &emsp;--- 15 Oct 11:30:28 495 - Page URL:: https://www.icarstage.com/gold-class-summary</small> </font> </div>
<div class="test-event"> <font color="maroon"> <small> &emsp; &emsp;--- 15 Oct 11:30:28 496 - <b>0</b> - Page Load Wait: (Sync) - ICar.support.Utils.waitForPageLoad(Utils.java:109)</small> </font> </div>
<div class="test-event"> <font color="maroon"> <small> &emsp; &emsp;--- 15 Oct 11:30:31 765 - Page URL:: https://www.icarstage.com/insurance-planner</small> </font> </div>
<div class="test-event"> <font color="maroon"> <small> &emsp; &emsp;--- 15 Oct 11:30:31 766 - <b>0</b> - Page Load Wait: (Sync) - ICar.support.Utils.waitForPageLoad(Utils.java:109)</small> </font> </div>
<div class="test-event"> <font color="maroon"> <small> &emsp; &emsp;--- 15 Oct 11:30:31 848 - Element is displayed:: [[ChromeDriver: chrome on WINDOWS (0f677500f4854bddc467f56a3d66dab0)] -> xpath: //h1[contains(@id,'entity-header')]]</small> </font> </div>
<div class="test-message">&emsp;Successfully navigated to 'Insurance planner' Page&emsp;<a href=".\ScreenShot\ICar_IP_TC06_1254026932647800.png" target="_blank" >[ScreenShot]</a></div>
<div class="test-message">&emsp;Successsfully verified Spanish Language Icon and Info about it should be displayed&emsp;<a href=".\ScreenShot\ICar_IP_TC06_1254027207050000.png" target="_blank" >[ScreenShot]</a></div>
<div class="test-message">&emsp;Successsfully verified Activation Icon and Info about it should be displayed&emsp;<a href=".\ScreenShot\ICar_IP_TC06_1254027389436700.png" target="_blank" >[ScreenShot]</a></div>
<div class="test-message">&emsp;Successsfully verified Account activation  Icon and Info about it should be displayed&emsp;<a href=".\ScreenShot\ICar_IP_TC06_1254027638504600.png" target="_blank" >[ScreenShot]</a></div>
<div class="test-result"><br><font color="green"><strong> Test Passed. </strong></font> </div>&emsp;
&emsp;<div class="test-title"> <strong><font size = "3" color = "#0000FF">---Test Execution Ends---</font> </strong> </div>&emsp;]]>
  </system-out>
</testsuite> <!-- B2Btestscripts.InsurancePlanner -->
