<?xml version="1.0" encoding="UTF-8"?>
<!-- Generated by org.testng.reporters.JUnitReportReporter -->
<testsuite hostname="Asplap3104" failures="0" tests="1" name="TalentSiteTestScripts.TAL_731" time="812.469" errors="0" timestamp="2024-11-15T12:01:28 IST" skipped="0">
  <testcase classname="TalentSiteTestScripts.TAL_731" name="TAL_T496" time="812.469">
    <system-out>
      <![CDATA[<div class="test-event"> <font color="maroon"> <small> &emsp; &emsp;--- 15 Nov 11:47:52 433 - TestCaseID:: TAL_T496</small> </font> </div>
<div class="test-event"> <font color="maroon"> <small> &emsp; &emsp;--- 15 Nov 11:47:55 737 - <b>3</b> - Driver::initialize::Get - ICar.support.WebDriverFactory.getDriver(WebDriverFactory.java:640)</small> </font> </div>
&emsp;<div class="test-title"> <strong><font size = "3" color = "#000080">Academy Subscription- Annual Plan</font> </strong> </div>&emsp;<div><strong>Steps:</strong></div><!-- Report -->&emsp;
<div class="test-event"> <font color="maroon"> <small> &emsp; &emsp;--- 15 Nov 11:47:58 923 - Element is displayed:: [[ChromeDriver: chrome on WINDOWS (a24c91b86b36d47fd399362ac86d57dc)] -> xpath: //a/img[@alt='Login Image']|//button[@id='btn-login']]</small> </font> </div>
<div class="test-event"> <font color="maroon"> <small> &emsp; &emsp;--- 15 Nov 11:47:59 012 - Element is displayed:: [[ChromeDriver: chrome on WINDOWS (a24c91b86b36d47fd399362ac86d57dc)] -> xpath: //a/img[@alt='Login Image']|//button[@id='btn-login']]</small> </font> </div>
<div class="test-message">&emsp;Successfully navigated to 'Home' Page&emsp;<a href=".\ScreenShot\TAL_T496_692335061496800.png" target="_blank" >[ScreenShot]</a></div>
<div class="test-message">&emsp;Home page is launched.</div>
<div class="test-event"> <font color="maroon"> <small> &emsp; &emsp;--- 15 Nov 11:47:59 502 - Page URL:: https://www.icarstage.com/</small> </font> </div>
<div class="test-event"> <font color="maroon"> <small> &emsp; &emsp;--- 15 Nov 11:47:59 502 - <b>0</b> - Page Load Wait: (Sync) - ICar.support.Utils.waitForPageLoad(Utils.java:109)</small> </font> </div>
<div class="test-event"> <font color="maroon"> <small> &emsp; &emsp;--- 15 Nov 11:47:59 549 - Element is displayed:: [[ChromeDriver: chrome on WINDOWS (a24c91b86b36d47fd399362ac86d57dc)] -> xpath: //a/img[@alt='Login Image']|//button[@id='btn-login']]</small> </font> </div>
<div class="test-event"> <font color="maroon"> <small> &emsp; &emsp;--- 15 Nov 11:47:59 629 - Element is displayed:: [[ChromeDriver: chrome on WINDOWS (a24c91b86b36d47fd399362ac86d57dc)] -> xpath: //a/img[@alt='Login Image']|//button[@id='btn-login']]</small> </font> </div>
<div class="test-event"> <font color="maroon"> <small> &emsp; &emsp;--- 15 Nov 11:48:17 816 - Catched spinner load exception due to Expected condition failed: waiting for ICar.support.WaitUtils$4@6f628e04 (tried for 15 second(s) with 500 milliseconds interval)</small> </font> </div>
<div class="test-event"> <font color="maroon"> <small> &emsp; &emsp;--- 15 Nov 11:48:17 816 - <b>15</b> - Spinner Load Wait: (Sync) - ICar.support.WaitUtils.waitForSpinner(WaitUtils.java:225)</small> </font> </div>
<div class="test-message">&emsp;Login page  should be successfully display</div>
<div class="test-message">&emsp;Successfully navigated to 'Login' Page&emsp;<a href=".\ScreenShot\TAL_T496_692353878804300.png" target="_blank" >[ScreenShot]</a></div>
<div class="test-event"> <font color="maroon"> <small> &emsp; &emsp;--- 15 Nov 11:48:18 029 - Element is displayed:: [[ChromeDriver: chrome on WINDOWS (a24c91b86b36d47fd399362ac86d57dc)] -> id: username]</small> </font> </div>
<div class="test-event"> <font color="maroon"> <small> &emsp; &emsp;--- 15 Nov 11:48:18 101 - Element is displayed:: [[ChromeDriver: chrome on WINDOWS (a24c91b86b36d47fd399362ac86d57dc)] -> id: username]</small> </font> </div>
<div class="test-event"> <font color="maroon"> <small> &emsp; &emsp;--- 15 Nov 11:48:18 351 - Element is displayed:: [[ChromeDriver: chrome on WINDOWS (a24c91b86b36d47fd399362ac86d57dc)] -> id: password]</small> </font> </div>
<div class="test-event"> <font color="maroon"> <small> &emsp; &emsp;--- 15 Nov 11:48:18 534 - Element is displayed:: [[ChromeDriver: chrome on WINDOWS (a24c91b86b36d47fd399362ac86d57dc)] -> id: btn-login]</small> </font> </div>
<div class="test-event"> <font color="maroon"> <small> &emsp; &emsp;--- 15 Nov 11:48:24 435 - Catched spinner load exception due to Expected condition failed: waiting for ICar.support.WaitUtils$4@6f628e04 (tried for 3 second(s) with 500 milliseconds interval)</small> </font> </div>
<div class="test-event"> <font color="maroon"> <small> &emsp; &emsp;--- 15 Nov 11:48:24 435 - <b>5</b> - Spinner Load Wait: (Sync) - ICar.support.WaitUtils.waitForSpinner(WaitUtils.java:225)</small> </font> </div>
<div class="test-event"> <font color="maroon"> <small> &emsp; &emsp;--- 15 Nov 11:48:49 707 - Catched spinner load exception due to Expected condition failed: waiting for ICar.support.WaitUtils$4@6f628e04 (tried for 10 second(s) with 500 milliseconds interval)</small> </font> </div>
<div class="test-event"> <font color="maroon"> <small> &emsp; &emsp;--- 15 Nov 11:48:49 707 - <b>10</b> - Spinner Load Wait: (Sync) - ICar.support.WaitUtils.waitForSpinner(WaitUtils.java:225)</small> </font> </div>
<div class="test-event"> <font color="maroon"> <small> &emsp; &emsp;--- 15 Nov 11:48:49 795 - Element is displayed:: [[ChromeDriver: chrome on WINDOWS (a24c91b86b36d47fd399362ac86d57dc)] -> xpath: //button[@value='Launch My Learning']]</small> </font> </div>
<div class="test-message">&emsp;Enter the user credentials as : Gshlomo2</div>
<div class="test-message">&emsp;Successfully navigated to 'User Home' Page&emsp;<a href=".\ScreenShot\TAL_T496_692385838715600.png" target="_blank" >[ScreenShot]</a></div>
<div class="test-event"> <font color="maroon"> <small> &emsp; &emsp;--- 15 Nov 11:48:50 233 - Page URL:: https://www.icarstage.com/</small> </font> </div>
<div class="test-event"> <font color="maroon"> <small> &emsp; &emsp;--- 15 Nov 11:48:50 233 - <b>0</b> - Page Load Wait: (Sync) - ICar.support.Utils.waitForPageLoad(Utils.java:109)</small> </font> </div>
<div class="test-event"> <font color="maroon"> <small> &emsp; &emsp;--- 15 Nov 11:48:50 312 - Element is displayed:: [[ChromeDriver: chrome on WINDOWS (a24c91b86b36d47fd399362ac86d57dc)] -> xpath: //p[text()='Launch My Learning']]</small> </font> </div>
<div class="test-event"> <font color="maroon"> <small> &emsp; &emsp;--- 15 Nov 11:49:10 813 - Catched spinner load exception due to Expected condition failed: waiting for ICar.support.WaitUtils$4@6f628e04 (tried for 20 second(s) with 500 milliseconds interval)</small> </font> </div>
<div class="test-event"> <font color="maroon"> <small> &emsp; &emsp;--- 15 Nov 11:49:10 813 - <b>20</b> - Spinner Load Wait: (Sync) - ICar.support.WaitUtils.waitForSpinner(WaitUtils.java:225)</small> </font> </div>
<div class="test-event"> <font color="maroon"> <small> &emsp; &emsp;--- 15 Nov 11:49:10 882 - Element is displayed:: [[ChromeDriver: chrome on WINDOWS (a24c91b86b36d47fd399362ac86d57dc)] -> xpath: //div[@class='HeaderCart_Icon']/a]</small> </font> </div>
<div class="test-event"> <font color="maroon"> <small> &emsp; &emsp;--- 15 Nov 11:49:13 009 - Element is displayed:: [[ChromeDriver: chrome on WINDOWS (a24c91b86b36d47fd399362ac86d57dc)] -> xpath: //div[@class='HeaderCart_Icon']/a]</small> </font> </div>
<div class="test-event"> <font color="maroon"> <small> &emsp; &emsp;--- 15 Nov 11:49:33 160 - Catched spinner load exception due to Expected condition failed: waiting for ICar.support.WaitUtils$4@6f628e04 (tried for 15 second(s) with 500 milliseconds interval)</small> </font> </div>
<div class="test-event"> <font color="maroon"> <small> &emsp; &emsp;--- 15 Nov 11:49:33 160 - <b>15</b> - Spinner Load Wait: (Sync) - ICar.support.WaitUtils.waitForSpinner(WaitUtils.java:225)</small> </font> </div>
<div class="test-event"> <font color="maroon"> <small> &emsp; &emsp;--- 15 Nov 11:49:33 288 - Page URL:: https://www.icarstage.com/cart</small> </font> </div>
<div class="test-event"> <font color="maroon"> <small> &emsp; &emsp;--- 15 Nov 11:49:33 288 - <b>0</b> - Page Load Wait: (Sync) - ICar.support.Utils.waitForPageLoad(Utils.java:109)</small> </font> </div>
<div class="test-event"> <font color="maroon"> <small> &emsp; &emsp;--- 15 Nov 11:49:33 353 - Element is displayed:: [[ChromeDriver: chrome on WINDOWS (a24c91b86b36d47fd399362ac86d57dc)] -> xpath: //button[text()='Continue to Checkout']]</small> </font> </div>
<div class="test-event"> <font color="maroon"> <small> &emsp; &emsp;--- 15 Nov 11:49:33 424 - Element is displayed:: [[ChromeDriver: chrome on WINDOWS (a24c91b86b36d47fd399362ac86d57dc)] -> xpath: //button[text()='Empty Cart']]</small> </font> </div>
<div class="test-event"> <font color="maroon"> <small> &emsp; &emsp;--- 15 Nov 11:49:36 655 - Page URL:: https://www.icarstage.com/cart</small> </font> </div>
<div class="test-event"> <font color="maroon"> <small> &emsp; &emsp;--- 15 Nov 11:49:36 655 - <b>0</b> - Page Load Wait: (Sync) - ICar.support.Utils.waitForPageLoad(Utils.java:109)</small> </font> </div>
<div class="test-event"> <font color="maroon"> <small> &emsp; &emsp;--- 15 Nov 11:49:36 711 - Element is displayed:: [[ChromeDriver: chrome on WINDOWS (a24c91b86b36d47fd399362ac86d57dc)] -> xpath: //p[text()='Launch My Learning']]</small> </font> </div>
<div class="test-event"> <font color="maroon"> <small> &emsp; &emsp;--- 15 Nov 11:49:56 781 - Catched spinner load exception due to Expected condition failed: waiting for ICar.support.WaitUtils$4@6f628e04 (tried for 20 second(s) with 500 milliseconds interval)</small> </font> </div>
<div class="test-event"> <font color="maroon"> <small> &emsp; &emsp;--- 15 Nov 11:49:56 781 - <b>20</b> - Spinner Load Wait: (Sync) - ICar.support.WaitUtils.waitForSpinner(WaitUtils.java:225)</small> </font> </div>
<div class="test-event"> <font color="maroon"> <small> &emsp; &emsp;--- 15 Nov 11:49:56 869 - Element is displayed:: [[ChromeDriver: chrome on WINDOWS (a24c91b86b36d47fd399362ac86d57dc)] -> xpath: //commerce_builder-layout-header//div//dxp_content_layout-site-logo//a]</small> </font> </div>
<div class="test-event"> <font color="maroon"> <small> &emsp; &emsp;--- 15 Nov 11:49:58 991 - Element is displayed:: [[ChromeDriver: chrome on WINDOWS (a24c91b86b36d47fd399362ac86d57dc)] -> xpath: //commerce_builder-layout-header//div//dxp_content_layout-site-logo//a]</small> </font> </div>
<div class="test-event"> <font color="maroon"> <small> &emsp; &emsp;--- 15 Nov 11:50:17 330 - Catched spinner load exception due to Expected condition failed: waiting for ICar.support.WaitUtils$4@6f628e04 (tried for 15 second(s) with 500 milliseconds interval)</small> </font> </div>
<div class="test-event"> <font color="maroon"> <small> &emsp; &emsp;--- 15 Nov 11:50:17 330 - <b>15</b> - Spinner Load Wait: (Sync) - ICar.support.WaitUtils.waitForSpinner(WaitUtils.java:225)</small> </font> </div>
<div class="test-event"> <font color="maroon"> <small> &emsp; &emsp;--- 15 Nov 11:50:38 209 - Catched spinner load exception due to Expected condition failed: waiting for ICar.support.WaitUtils$4@6f628e04 (tried for 10 second(s) with 500 milliseconds interval)</small> </font> </div>
<div class="test-event"> <font color="maroon"> <small> &emsp; &emsp;--- 15 Nov 11:50:38 209 - <b>10</b> - Spinner Load Wait: (Sync) - ICar.support.WaitUtils.waitForSpinner(WaitUtils.java:225)</small> </font> </div>
<div class="test-event"> <font color="maroon"> <small> &emsp; &emsp;--- 15 Nov 11:50:38 302 - Element is displayed:: [[ChromeDriver: chrome on WINDOWS (a24c91b86b36d47fd399362ac86d57dc)] -> xpath: //button[@value='Launch My Learning']]</small> </font> </div>
<div class="test-event"> <font color="maroon"> <small> &emsp; &emsp;--- 15 Nov 11:50:40 391 - Element is displayed:: [[ChromeDriver: chrome on WINDOWS (a24c91b86b36d47fd399362ac86d57dc)] -> xpath: //button[@title='Expand Educational Programs']|//button[@title='Educational Programs']]</small> </font> </div>
<div class="test-event"> <font color="maroon"> <small> &emsp; &emsp;--- 15 Nov 11:50:40 465 - Element is displayed:: [[ChromeDriver: chrome on WINDOWS (a24c91b86b36d47fd399362ac86d57dc)] -> xpath: //button[@title='Expand Educational Programs']|//button[@title='Educational Programs']]</small> </font> </div>
<div class="test-event"> <font color="maroon"> <small> &emsp; &emsp;--- 15 Nov 11:50:46 808 - Catched spinner load exception due to Expected condition failed: waiting for ICar.support.WaitUtils$4@6f628e04 (tried for 6 second(s) with 500 milliseconds interval)</small> </font> </div>
<div class="test-event"> <font color="maroon"> <small> &emsp; &emsp;--- 15 Nov 11:50:46 809 - <b>6</b> - Spinner Load Wait: (Sync) - ICar.support.WaitUtils.waitForSpinner(WaitUtils.java:225)</small> </font> </div>
<div class="test-event"> <font color="maroon"> <small> &emsp; &emsp;--- 15 Nov 11:50:48 907 - Element is displayed:: [[ChromeDriver: chrome on WINDOWS (a24c91b86b36d47fd399362ac86d57dc)] -> xpath: //a[@title='Subscriptions']]</small> </font> </div>
<div class="test-event"> <font color="maroon"> <small> &emsp; &emsp;--- 15 Nov 11:50:48 982 - Element is displayed:: [[ChromeDriver: chrome on WINDOWS (a24c91b86b36d47fd399362ac86d57dc)] -> xpath: //a[@title='Subscriptions']]</small> </font> </div>
<div class="test-event"> <font color="maroon"> <small> &emsp; &emsp;--- 15 Nov 11:50:58 382 - Catched spinner load exception due to Expected condition failed: waiting for ICar.support.WaitUtils$4@6f628e04 (tried for 6 second(s) with 500 milliseconds interval)</small> </font> </div>
<div class="test-event"> <font color="maroon"> <small> &emsp; &emsp;--- 15 Nov 11:50:58 383 - <b>6</b> - Spinner Load Wait: (Sync) - ICar.support.WaitUtils.waitForSpinner(WaitUtils.java:225)</small> </font> </div>
<div class="test-message">&emsp;Clicked on Subscription Icon</div>
<div class="test-event"> <font color="maroon"> <small> &emsp; &emsp;--- 15 Nov 11:51:08 891 - Catched spinner load exception due to Expected condition failed: waiting for ICar.support.WaitUtils$4@6f628e04 (tried for 10 second(s) with 500 milliseconds interval)</small> </font> </div>
<div class="test-event"> <font color="maroon"> <small> &emsp; &emsp;--- 15 Nov 11:51:08 891 - <b>10</b> - Spinner Load Wait: (Sync) - ICar.support.WaitUtils.waitForSpinner(WaitUtils.java:225)</small> </font> </div>
<div class="test-event"> <font color="maroon"> <small> &emsp; &emsp;--- 15 Nov 11:51:08 991 - Page URL:: https://www.icarstage.com/subscription</small> </font> </div>
<div class="test-event"> <font color="maroon"> <small> &emsp; &emsp;--- 15 Nov 11:51:08 991 - <b>0</b> - Page Load Wait: (Sync) - ICar.support.Utils.waitForPageLoad(Utils.java:109)</small> </font> </div>
<div class="test-event"> <font color="maroon"> <small> &emsp; &emsp;--- 15 Nov 11:51:11 112 - Element is displayed:: [[ChromeDriver: chrome on WINDOWS (a24c91b86b36d47fd399362ac86d57dc)] -> xpath: (//button[text()='Get Started'])[2]]</small> </font> </div>
<div class="test-event"> <font color="maroon"> <small> &emsp; &emsp;--- 15 Nov 11:51:17 703 - Catched spinner load exception due to Expected condition failed: waiting for ICar.support.WaitUtils$4@6f628e04 (tried for 5 second(s) with 500 milliseconds interval)</small> </font> </div>
<div class="test-event"> <font color="maroon"> <small> &emsp; &emsp;--- 15 Nov 11:51:17 703 - <b>5</b> - Spinner Load Wait: (Sync) - ICar.support.WaitUtils.waitForSpinner(WaitUtils.java:225)</small> </font> </div>
<div class="test-event"> <font color="maroon"> <small> &emsp; &emsp;--- 15 Nov 11:51:19 789 - Element is displayed:: [[ChromeDriver: chrome on WINDOWS (a24c91b86b36d47fd399362ac86d57dc)] -> xpath: //h2[text()='Subscription']]</small> </font> </div>
<div class="test-event"> <font color="maroon"> <small> &emsp; &emsp;--- 15 Nov 11:51:19 854 - Element is displayed:: [[ChromeDriver: chrome on WINDOWS (a24c91b86b36d47fd399362ac86d57dc)] -> xpath: //h2[text()='Subscription']]</small> </font> </div>
<div class="test-event"> <font color="maroon"> <small> &emsp; &emsp;--- 15 Nov 11:51:23 062 - Catched spinner load exception due to Expected condition failed: waiting for ICar.support.WaitUtils$4@6f628e04 (tried for 3 second(s) with 500 milliseconds interval)</small> </font> </div>
<div class="test-event"> <font color="maroon"> <small> &emsp; &emsp;--- 15 Nov 11:51:23 062 - <b>3</b> - Spinner Load Wait: (Sync) - ICar.support.WaitUtils.waitForSpinner(WaitUtils.java:225)</small> </font> </div>
<div class="test-event"> <font color="maroon"> <small> &emsp; &emsp;--- 15 Nov 11:51:28 302 - Catched spinner load exception due to Expected condition failed: waiting for ICar.support.WaitUtils$4@6f628e04 (tried for 5 second(s) with 500 milliseconds interval)</small> </font> </div>
<div class="test-event"> <font color="maroon"> <small> &emsp; &emsp;--- 15 Nov 11:51:28 303 - <b>5</b> - Spinner Load Wait: (Sync) - ICar.support.WaitUtils.waitForSpinner(WaitUtils.java:225)</small> </font> </div>
<div class="test-event"> <font color="maroon"> <small> &emsp; &emsp;--- 15 Nov 11:51:31 340 - Moved to element..</small> </font> </div>
<div class="test-event"> <font color="maroon"> <small> &emsp; &emsp;--- 15 Nov 11:52:24 208 - Unable to find an element after 12 sec ==> Proxy element for: AjaxElementLocator 'By.xpath: (//button[text()='Get Started'])[2]'</small> </font> </div>
<div class="test-event"> <font color="maroon"> <small> &emsp; &emsp;--- 15 Nov 11:52:37 351 - Unable to find a element after 10 sec ==> Proxy element for: AjaxElementLocator 'By.xpath: (//button[text()='Get Started'])[2]'</small> </font> </div>
<div class="test-event"> <font color="maroon"> <small> &emsp; &emsp;--- 15 Nov 11:52:40 484 - Catched spinner load exception due to Expected condition failed: waiting for ICar.support.WaitUtils$4@6f628e04 (tried for 3 second(s) with 500 milliseconds interval)</small> </font> </div>
<div class="test-event"> <font color="maroon"> <small> &emsp; &emsp;--- 15 Nov 11:52:40 484 - <b>3</b> - Spinner Load Wait: (Sync) - ICar.support.WaitUtils.waitForSpinner(WaitUtils.java:225)</small> </font> </div>
<div class="test-event"> <font color="maroon"> <small> &emsp; &emsp;--- 15 Nov 11:52:40 548 - Element is displayed:: [[ChromeDriver: chrome on WINDOWS (a24c91b86b36d47fd399362ac86d57dc)] -> xpath: //button[@name='shopOpt']]</small> </font> </div>
<div class="test-message">&emsp;Selected the shop'3 Million Collision Crafts' from subscription drop down</div>
<div class="test-event"> <font color="maroon"> <small> &emsp; &emsp;--- 15 Nov 11:52:47 870 - Catched spinner load exception due to Expected condition failed: waiting for ICar.support.WaitUtils$4@6f628e04 (tried for 5 second(s) with 500 milliseconds interval)</small> </font> </div>
<div class="test-event"> <font color="maroon"> <small> &emsp; &emsp;--- 15 Nov 11:52:47 871 - <b>5</b> - Spinner Load Wait: (Sync) - ICar.support.WaitUtils.waitForSpinner(WaitUtils.java:225)</small> </font> </div>
<div class="test-event"> <font color="maroon"> <small> &emsp; &emsp;--- 15 Nov 11:52:47 974 - Element is displayed:: [[ChromeDriver: chrome on WINDOWS (a24c91b86b36d47fd399362ac86d57dc)] -> xpath: //button[text()='View Agreement']]</small> </font> </div>
<div class="test-event"> <font color="maroon"> <small> &emsp; &emsp;--- 15 Nov 11:52:53 323 - Catched spinner load exception due to Expected condition failed: waiting for ICar.support.WaitUtils$4@6f628e04 (tried for 5 second(s) with 500 milliseconds interval)</small> </font> </div>
<div class="test-event"> <font color="maroon"> <small> &emsp; &emsp;--- 15 Nov 11:52:53 323 - <b>5</b> - Spinner Load Wait: (Sync) - ICar.support.WaitUtils.waitForSpinner(WaitUtils.java:225)</small> </font> </div>
<div class="test-event"> <font color="maroon"> <small> &emsp; &emsp;--- 15 Nov 11:52:53 400 - Element is displayed:: [[ChromeDriver: chrome on WINDOWS (a24c91b86b36d47fd399362ac86d57dc)] -> xpath: //button[text()='Agree']]</small> </font> </div>
<div class="test-message">&emsp;Agreement has been accepted</div>
<div class="test-message">&emsp;Select pay Full&emsp;<a href=".\ScreenShot\TAL_T496_692639573332000.png" target="_blank" >[ScreenShot]</a></div>
<div class="test-event"> <font color="maroon"> <small> &emsp; &emsp;--- 15 Nov 11:53:03 829 - Page URL:: https://www.icarstage.com/product/academy-subscription/01trm000007al5ziaw</small> </font> </div>
<div class="test-event"> <font color="maroon"> <small> &emsp; &emsp;--- 15 Nov 11:53:03 829 - <b>0</b> - Page Load Wait: (Sync) - ICar.support.Utils.waitForPageLoad(Utils.java:109)</small> </font> </div>
<div class="test-event"> <font color="maroon"> <small> &emsp; &emsp;--- 15 Nov 11:53:08 055 - Catched spinner load exception due to Expected condition failed: waiting for ICar.support.WaitUtils$4@6f628e04 (tried for 4 second(s) with 500 milliseconds interval)</small> </font> </div>
<div class="test-event"> <font color="maroon"> <small> &emsp; &emsp;--- 15 Nov 11:53:08 055 - <b>4</b> - Spinner Load Wait: (Sync) - ICar.support.WaitUtils.waitForSpinner(WaitUtils.java:225)</small> </font> </div>
<div class="test-event"> <font color="maroon"> <small> &emsp; &emsp;--- 15 Nov 11:53:18 209 - Element is displayed:: [[ChromeDriver: chrome on WINDOWS (a24c91b86b36d47fd399362ac86d57dc)] -> xpath: //button[@class='addtoCart']]</small> </font> </div>
<div class="test-event"> <font color="maroon"> <small> &emsp; &emsp;--- 15 Nov 11:53:21 108 - Element is displayed:: [[ChromeDriver: chrome on WINDOWS (a24c91b86b36d47fd399362ac86d57dc)] -> xpath: //slot[@name='message']]</small> </font> </div>
<div class="test-message">&emsp;Successfully added the course to cart&emsp;<a href=".\ScreenShot\TAL_T496_692657162195100.png" target="_blank" >[ScreenShot]</a></div>
<div class="test-event"> <font color="maroon"> <small> &emsp; &emsp;--- 15 Nov 11:53:21 419 - Page URL:: https://www.icarstage.com/product/academy-subscription/01trm000007al5ziaw</small> </font> </div>
<div class="test-event"> <font color="maroon"> <small> &emsp; &emsp;--- 15 Nov 11:53:21 420 - <b>0</b> - Page Load Wait: (Sync) - ICar.support.Utils.waitForPageLoad(Utils.java:109)</small> </font> </div>
<div class="test-event"> <font color="maroon"> <small> &emsp; &emsp;--- 15 Nov 11:53:21 486 - Element is displayed:: [[ChromeDriver: chrome on WINDOWS (a24c91b86b36d47fd399362ac86d57dc)] -> xpath: //p[text()='Launch My Learning']]</small> </font> </div>
<div class="test-event"> <font color="maroon"> <small> &emsp; &emsp;--- 15 Nov 11:53:21 532 - Element is displayed:: [[ChromeDriver: chrome on WINDOWS (a24c91b86b36d47fd399362ac86d57dc)] -> xpath: //lightning-layout[@class='left-margin slds-align_absolute-center slds-grid slds-grid_align-spread slds-wrap']//lightning-layout-item[2]//a]</small> </font> </div>
<div class="test-event"> <font color="maroon"> <small> &emsp; &emsp;--- 15 Nov 11:53:23 655 - Element is displayed:: [[ChromeDriver: chrome on WINDOWS (a24c91b86b36d47fd399362ac86d57dc)] -> xpath: //lightning-layout[@class='left-margin slds-align_absolute-center slds-grid slds-grid_align-spread slds-wrap']//lightning-layout-item[2]//a]</small> </font> </div>
<div class="test-event"> <font color="maroon"> <small> &emsp; &emsp;--- 15 Nov 11:53:23 773 - Element is displayed:: [[ChromeDriver: chrome on WINDOWS (a24c91b86b36d47fd399362ac86d57dc)] -> xpath: //ul[@aria-label='Show More']//li[2]/a]</small> </font> </div>
<div class="test-event"> <font color="maroon"> <small> &emsp; &emsp;--- 15 Nov 11:53:23 833 - Element is displayed:: [[ChromeDriver: chrome on WINDOWS (a24c91b86b36d47fd399362ac86d57dc)] -> xpath: //ul[@aria-label='Show More']//li[2]/a]</small> </font> </div>
<div class="test-event"> <font color="maroon"> <small> &emsp; &emsp;--- 15 Nov 11:53:41 022 - Catched spinner load exception due to Expected condition failed: waiting for ICar.support.WaitUtils$4@6f628e04 (tried for 15 second(s) with 500 milliseconds interval)</small> </font> </div>
<div class="test-event"> <font color="maroon"> <small> &emsp; &emsp;--- 15 Nov 11:53:41 023 - <b>15</b> - Spinner Load Wait: (Sync) - ICar.support.WaitUtils.waitForSpinner(WaitUtils.java:225)</small> </font> </div>
<div class="test-event"> <font color="maroon"> <small> &emsp; &emsp;--- 15 Nov 11:53:41 134 - Page URL:: https://www.icarstage.com/my-payment-information</small> </font> </div>
<div class="test-event"> <font color="maroon"> <small> &emsp; &emsp;--- 15 Nov 11:53:41 135 - <b>0</b> - Page Load Wait: (Sync) - ICar.support.Utils.waitForPageLoad(Utils.java:109)</small> </font> </div>
<div class="test-event"> <font color="maroon"> <small> &emsp; &emsp;--- 15 Nov 11:53:41 205 - Element is displayed:: [[ChromeDriver: chrome on WINDOWS (a24c91b86b36d47fd399362ac86d57dc)] -> xpath: //a[contains(text(),'Credit Card')]]</small> </font> </div>
<div class="test-message">&emsp;Successfully navigated to 'My Payment Information' Page&emsp;<a href=".\ScreenShot\TAL_T496_692677241404800.png" target="_blank" >[ScreenShot]</a></div>
<div class="test-event"> <font color="maroon"> <small> &emsp; &emsp;--- 15 Nov 11:53:52 889 - Element Proxy element for: AjaxElementLocator 'By.xpath: //slot[@name='message']', is not displayed in page </small> </font> </div>
<div class="test-event"> <font color="maroon"> <small> &emsp; &emsp;--- 15 Nov 11:54:06 396 - Catched spinner load exception due to Expected condition failed: waiting for ICar.support.WaitUtils$4@6f628e04 (tried for 10 second(s) with 500 milliseconds interval)</small> </font> </div>
<div class="test-event"> <font color="maroon"> <small> &emsp; &emsp;--- 15 Nov 11:54:06 396 - <b>10</b> - Spinner Load Wait: (Sync) - ICar.support.WaitUtils.waitForSpinner(WaitUtils.java:225)</small> </font> </div>
<div class="test-event"> <font color="maroon"> <small> &emsp; &emsp;--- 15 Nov 11:54:06 474 - Element is displayed:: [[ChromeDriver: chrome on WINDOWS (a24c91b86b36d47fd399362ac86d57dc)] -> xpath: //a[contains(text(),'Credit Card')]]</small> </font> </div>
<div class="test-event"> <font color="maroon"> <small> &emsp; &emsp;--- 15 Nov 11:54:12 814 - Catched spinner load exception due to Expected condition failed: waiting for ICar.support.WaitUtils$4@6f628e04 (tried for 6 second(s) with 500 milliseconds interval)</small> </font> </div>
<div class="test-event"> <font color="maroon"> <small> &emsp; &emsp;--- 15 Nov 11:54:12 815 - <b>6</b> - Spinner Load Wait: (Sync) - ICar.support.WaitUtils.waitForSpinner(WaitUtils.java:225)</small> </font> </div>
<div class="test-event"> <font color="maroon"> <small> &emsp; &emsp;--- 15 Nov 11:54:21 287 - Catched spinner load exception due to Expected condition failed: waiting for ICar.support.WaitUtils$4@6f628e04 (tried for 6 second(s) with 500 milliseconds interval)</small> </font> </div>
<div class="test-event"> <font color="maroon"> <small> &emsp; &emsp;--- 15 Nov 11:54:21 287 - <b>6</b> - Spinner Load Wait: (Sync) - ICar.support.WaitUtils.waitForSpinner(WaitUtils.java:225)</small> </font> </div>
<div class="test-event"> <font color="maroon"> <small> &emsp; &emsp;--- 15 Nov 11:54:21 380 - Element is displayed:: [[ChromeDriver: chrome on WINDOWS (a24c91b86b36d47fd399362ac86d57dc)] -> xpath: //input[@name='cardnumber']]</small> </font> </div>
<div class="test-event"> <font color="maroon"> <small> &emsp; &emsp;--- 15 Nov 11:54:22 494 - Element is displayed:: [[ChromeDriver: chrome on WINDOWS (a24c91b86b36d47fd399362ac86d57dc)] -> xpath: //input[@name='exp-date']]</small> </font> </div>
<div class="test-event"> <font color="maroon"> <small> &emsp; &emsp;--- 15 Nov 11:54:22 785 - Element is displayed:: [[ChromeDriver: chrome on WINDOWS (a24c91b86b36d47fd399362ac86d57dc)] -> xpath: //input[@name='cvc']]</small> </font> </div>
<div class="test-event"> <font color="maroon"> <small> &emsp; &emsp;--- 15 Nov 11:54:23 094 - Element is displayed:: [[ChromeDriver: chrome on WINDOWS (a24c91b86b36d47fd399362ac86d57dc)] -> xpath: //input[@name='postal']]</small> </font> </div>
<div class="test-event"> <font color="maroon"> <small> &emsp; &emsp;--- 15 Nov 11:54:23 504 - Element is displayed:: [[ChromeDriver: chrome on WINDOWS (a24c91b86b36d47fd399362ac86d57dc)] -> xpath: //button[@title='Add Card']]</small> </font> </div>
<div class="test-event"> <font color="maroon"> <small> &emsp; &emsp;--- 15 Nov 11:54:25 098 - Element is displayed:: [[ChromeDriver: chrome on WINDOWS (a24c91b86b36d47fd399362ac86d57dc)] -> xpath: //slot[@name='message']]</small> </font> </div>
<div class="test-message">&emsp;Successfully add card to 'My Payment Information' Page&emsp;<a href=".\ScreenShot\TAL_T496_692721163311000.png" target="_blank" >[ScreenShot]</a></div>
<div class="test-event"> <font color="maroon"> <small> &emsp; &emsp;--- 15 Nov 11:54:33 514 - Element Proxy element for: AjaxElementLocator 'By.xpath: //slot[@name='message']', is not displayed in page </small> </font> </div>
<div class="test-event"> <font color="maroon"> <small> &emsp; &emsp;--- 15 Nov 11:54:37 584 - Element is displayed:: [[ChromeDriver: chrome on WINDOWS (a24c91b86b36d47fd399362ac86d57dc)] -> xpath: //c-b2b_-my-payment-info[contains(@data-component-id,'MyPaymentInfo')]/div[1]/div[2]/div[1]/div[2]/div/div[4]//lightning-primitive-input-radio]</small> </font> </div>
<div class="test-event"> <font color="maroon"> <small> &emsp; &emsp;--- 15 Nov 11:54:37 707 - Element is displayed:: [[ChromeDriver: chrome on WINDOWS (a24c91b86b36d47fd399362ac86d57dc)] -> xpath: //button[@title='Yes']]</small> </font> </div>
<div class="test-event"> <font color="maroon"> <small> &emsp; &emsp;--- 15 Nov 11:54:37 792 - Element is displayed:: [[ChromeDriver: chrome on WINDOWS (a24c91b86b36d47fd399362ac86d57dc)] -> xpath: //button[@title='Yes']]</small> </font> </div>
<div class="test-message">&emsp;Successfully set the card as default in 'My Payment Information' Page&emsp;<a href=".\ScreenShot\TAL_T496_692735323432200.png" target="_blank" >[ScreenShot]</a></div>
<div class="test-event"> <font color="maroon"> <small> &emsp; &emsp;--- 15 Nov 11:54:39 617 - Page URL:: https://www.icarstage.com/my-payment-information</small> </font> </div>
<div class="test-event"> <font color="maroon"> <small> &emsp; &emsp;--- 15 Nov 11:54:39 617 - <b>0</b> - Page Load Wait: (Sync) - ICar.support.Utils.waitForPageLoad(Utils.java:109)</small> </font> </div>
<div class="test-event"> <font color="maroon"> <small> &emsp; &emsp;--- 15 Nov 11:54:39 681 - Element is displayed:: [[ChromeDriver: chrome on WINDOWS (a24c91b86b36d47fd399362ac86d57dc)] -> xpath: //p[text()='Launch My Learning']]</small> </font> </div>
<div class="test-event"> <font color="maroon"> <small> &emsp; &emsp;--- 15 Nov 11:55:00 135 - Catched spinner load exception due to Expected condition failed: waiting for ICar.support.WaitUtils$4@6f628e04 (tried for 20 second(s) with 500 milliseconds interval)</small> </font> </div>
<div class="test-event"> <font color="maroon"> <small> &emsp; &emsp;--- 15 Nov 11:55:00 135 - <b>20</b> - Spinner Load Wait: (Sync) - ICar.support.WaitUtils.waitForSpinner(WaitUtils.java:225)</small> </font> </div>
<div class="test-event"> <font color="maroon"> <small> &emsp; &emsp;--- 15 Nov 11:55:00 185 - Element is displayed:: [[ChromeDriver: chrome on WINDOWS (a24c91b86b36d47fd399362ac86d57dc)] -> xpath: //div[@class='HeaderCart_Icon']/a]</small> </font> </div>
<div class="test-event"> <font color="maroon"> <small> &emsp; &emsp;--- 15 Nov 11:55:02 299 - Element is displayed:: [[ChromeDriver: chrome on WINDOWS (a24c91b86b36d47fd399362ac86d57dc)] -> xpath: //div[@class='HeaderCart_Icon']/a]</small> </font> </div>
<div class="test-event"> <font color="maroon"> <small> &emsp; &emsp;--- 15 Nov 11:55:22 558 - Catched spinner load exception due to Expected condition failed: waiting for ICar.support.WaitUtils$4@6f628e04 (tried for 15 second(s) with 500 milliseconds interval)</small> </font> </div>
<div class="test-event"> <font color="maroon"> <small> &emsp; &emsp;--- 15 Nov 11:55:22 558 - <b>15</b> - Spinner Load Wait: (Sync) - ICar.support.WaitUtils.waitForSpinner(WaitUtils.java:225)</small> </font> </div>
<div class="test-event"> <font color="maroon"> <small> &emsp; &emsp;--- 15 Nov 11:55:22 682 - Page URL:: https://www.icarstage.com/cart</small> </font> </div>
<div class="test-event"> <font color="maroon"> <small> &emsp; &emsp;--- 15 Nov 11:55:22 683 - <b>0</b> - Page Load Wait: (Sync) - ICar.support.Utils.waitForPageLoad(Utils.java:109)</small> </font> </div>
<div class="test-event"> <font color="maroon"> <small> &emsp; &emsp;--- 15 Nov 11:55:22 748 - Element is displayed:: [[ChromeDriver: chrome on WINDOWS (a24c91b86b36d47fd399362ac86d57dc)] -> xpath: //button[text()='Continue to Checkout']]</small> </font> </div>
<div class="test-event"> <font color="maroon"> <small> &emsp; &emsp;--- 15 Nov 11:55:28 064 - Catched spinner load exception due to Expected condition failed: waiting for ICar.support.WaitUtils$4@6f628e04 (tried for 5 second(s) with 500 milliseconds interval)</small> </font> </div>
<div class="test-event"> <font color="maroon"> <small> &emsp; &emsp;--- 15 Nov 11:55:28 064 - <b>5</b> - Spinner Load Wait: (Sync) - ICar.support.WaitUtils.waitForSpinner(WaitUtils.java:225)</small> </font> </div>
<div class="test-event"> <font color="maroon"> <small> &emsp; &emsp;--- 15 Nov 11:55:28 151 - Element is displayed:: [[ChromeDriver: chrome on WINDOWS (a24c91b86b36d47fd399362ac86d57dc)] -> xpath: //c-b2b_-cart-items[contains(@data-component-id,'b2b_CartItems-a')]//div[@class='left-width']//div[@data-label='LearningPlan']/div]</small> </font> </div>
<div class="test-message">&emsp;Successfully verified the course name displayed in table&emsp;<a href=".\ScreenShot\TAL_T496_692786240220900.png" target="_blank" >[ScreenShot]</a></div>
<div class="test-event"> <font color="maroon"> <small> &emsp; &emsp;--- 15 Nov 11:55:32 421 - Element is displayed:: [[ChromeDriver: chrome on WINDOWS (a24c91b86b36d47fd399362ac86d57dc)] -> xpath: //button[text()='Continue to Checkout']]</small> </font> </div>
<div class="test-event"> <font color="maroon"> <small> &emsp; &emsp;--- 15 Nov 11:55:35 521 - Catched spinner load exception due to Expected condition failed: waiting for ICar.support.WaitUtils$4@6f628e04 (tried for 3 second(s) with 500 milliseconds interval)</small> </font> </div>
<div class="test-event"> <font color="maroon"> <small> &emsp; &emsp;--- 15 Nov 11:55:35 521 - <b>3</b> - Spinner Load Wait: (Sync) - ICar.support.WaitUtils.waitForSpinner(WaitUtils.java:225)</small> </font> </div>
<div class="test-event"> <font color="maroon"> <small> &emsp; &emsp;--- 15 Nov 11:55:44 058 - Catched spinner load exception due to Expected condition failed: waiting for ICar.support.WaitUtils$4@6f628e04 (tried for 8 second(s) with 500 milliseconds interval)</small> </font> </div>
<div class="test-event"> <font color="maroon"> <small> &emsp; &emsp;--- 15 Nov 11:55:44 058 - <b>8</b> - Spinner Load Wait: (Sync) - ICar.support.WaitUtils.waitForSpinner(WaitUtils.java:225)</small> </font> </div>
<div class="test-event"> <font color="maroon"> <small> &emsp; &emsp;--- 15 Nov 11:55:44 136 - Page URL:: https://www.icarstage.com/checkout</small> </font> </div>
<div class="test-event"> <font color="maroon"> <small> &emsp; &emsp;--- 15 Nov 11:55:44 136 - <b>0</b> - Page Load Wait: (Sync) - ICar.support.Utils.waitForPageLoad(Utils.java:109)</small> </font> </div>
<div class="test-event"> <font color="maroon"> <small> &emsp; &emsp;--- 15 Nov 11:55:44 206 - Element is displayed:: [[ChromeDriver: chrome on WINDOWS (a24c91b86b36d47fd399362ac86d57dc)] -> xpath: //button[contains(@aria-label,'Payment Method')]]</small> </font> </div>
<div class="test-event"> <font color="maroon"> <small> &emsp; &emsp;--- 15 Nov 11:55:44 280 - Element is displayed:: [[ChromeDriver: chrome on WINDOWS (a24c91b86b36d47fd399362ac86d57dc)] -> xpath: //button[contains(@aria-label,'Payment Method')]]</small> </font> </div>
<div class="test-event"> <font color="maroon"> <small> &emsp; &emsp;--- 15 Nov 11:55:44 339 - Element is displayed:: [[ChromeDriver: chrome on WINDOWS (a24c91b86b36d47fd399362ac86d57dc)] -> xpath: //button[contains(@aria-label,'Payment Method')]]</small> </font> </div>
<div class="test-event"> <font color="maroon"> <small> &emsp; &emsp;--- 15 Nov 11:55:50 720 - Element is displayed:: [[ChromeDriver: chrome on WINDOWS (a24c91b86b36d47fd399362ac86d57dc)] -> xpath: //div[@aria-label='Payment Method']//lightning-base-combobox-item//span[@class='slds-truncate']]</small> </font> </div>
<div class="test-message">&emsp;Credit card payment option already exist in payment selection drop down</div>
<div class="test-message">&emsp;Successfully selected and verfied the Payment method in 'Payment details' Page&emsp;<a href=".\ScreenShot\TAL_T496_692808787173300.png" target="_blank" >[ScreenShot]</a></div>
<div class="test-message">&emsp;12.Click proceed to confirm subscription</div>
<div class="test-event"> <font color="maroon"> <small> &emsp; &emsp;--- 15 Nov 11:55:52 913 - Element is displayed:: [[ChromeDriver: chrome on WINDOWS (a24c91b86b36d47fd399362ac86d57dc)] -> xpath: //button[text()='Complete Purchase']]</small> </font> </div>
<div class="test-event"> <font color="maroon"> <small> &emsp; &emsp;--- 15 Nov 11:55:52 970 - Element is displayed:: [[ChromeDriver: chrome on WINDOWS (a24c91b86b36d47fd399362ac86d57dc)] -> xpath: //button[text()='Complete Purchase']]</small> </font> </div>
<div class="test-event"> <font color="maroon"> <small> &emsp; &emsp;--- 15 Nov 11:55:53 130 - Page URL:: https://www.icarstage.com/checkout</small> </font> </div>
<div class="test-event"> <font color="maroon"> <small> &emsp; &emsp;--- 15 Nov 11:55:53 130 - <b>0</b> - Page Load Wait: (Sync) - ICar.support.Utils.waitForPageLoad(Utils.java:109)</small> </font> </div>
<div class="test-event"> <font color="maroon"> <small> &emsp; &emsp;--- 15 Nov 11:56:07 346 - Catched spinner load exception due to Expected condition failed: waiting for ICar.support.WaitUtils$4@6f628e04 (tried for 14 second(s) with 500 milliseconds interval)</small> </font> </div>
<div class="test-event"> <font color="maroon"> <small> &emsp; &emsp;--- 15 Nov 11:56:07 346 - <b>14</b> - Spinner Load Wait: (Sync) - ICar.support.WaitUtils.waitForSpinner(WaitUtils.java:225)</small> </font> </div>
<div class="test-event"> <font color="maroon"> <small> &emsp; &emsp;--- 15 Nov 11:56:07 425 - Element is displayed:: [[ChromeDriver: chrome on WINDOWS (a24c91b86b36d47fd399362ac86d57dc)] -> xpath: //div[@class='summary-align']//div[text()='Order']//following::div[1]]</small> </font> </div>
<div class="test-event"> <font color="maroon"> <small> &emsp; &emsp;--- 15 Nov 11:56:10 538 - Element is displayed:: [[ChromeDriver: chrome on WINDOWS (a24c91b86b36d47fd399362ac86d57dc)] -> xpath: //div[@class='summary-align']//div[text()='Order']//following::div[1]]</small> </font> </div>
<div class="test-message">&emsp;Successfully Purchased the shop with order no : 00623536&emsp;<a href=".\ScreenShot\TAL_T496_692826575142700.png" target="_blank" >[ScreenShot]</a></div>
<div class="test-event"> <font color="maroon"> <small> &emsp; &emsp;--- 15 Nov 11:56:10 772 - Page URL:: https://www.icarstage.com/order?orderid=801va00000dmklzya5</small> </font> </div>
<div class="test-event"> <font color="maroon"> <small> &emsp; &emsp;--- 15 Nov 11:56:10 772 - <b>0</b> - Page Load Wait: (Sync) - ICar.support.Utils.waitForPageLoad(Utils.java:109)</small> </font> </div>
<div class="test-event"> <font color="maroon"> <small> &emsp; &emsp;--- 15 Nov 11:56:10 844 - Element is displayed:: [[ChromeDriver: chrome on WINDOWS (a24c91b86b36d47fd399362ac86d57dc)] -> xpath: //p[text()='Launch My Learning']]</small> </font> </div>
<div class="test-event"> <font color="maroon"> <small> &emsp; &emsp;--- 15 Nov 11:56:10 907 - Element is displayed:: [[ChromeDriver: chrome on WINDOWS (a24c91b86b36d47fd399362ac86d57dc)] -> xpath: //lightning-layout[@class='left-margin slds-align_absolute-center slds-grid slds-grid_align-spread slds-wrap']//lightning-layout-item[2]//a]</small> </font> </div>
<div class="test-event"> <font color="maroon"> <small> &emsp; &emsp;--- 15 Nov 11:56:13 013 - Element is displayed:: [[ChromeDriver: chrome on WINDOWS (a24c91b86b36d47fd399362ac86d57dc)] -> xpath: //lightning-layout[@class='left-margin slds-align_absolute-center slds-grid slds-grid_align-spread slds-wrap']//lightning-layout-item[2]//a]</small> </font> </div>
<div class="test-event"> <font color="maroon"> <small> &emsp; &emsp;--- 15 Nov 11:56:13 126 - Element is displayed:: [[ChromeDriver: chrome on WINDOWS (a24c91b86b36d47fd399362ac86d57dc)] -> xpath: //ul[@aria-label='Show More']//li[2]/a]</small> </font> </div>
<div class="test-event"> <font color="maroon"> <small> &emsp; &emsp;--- 15 Nov 11:56:13 185 - Element is displayed:: [[ChromeDriver: chrome on WINDOWS (a24c91b86b36d47fd399362ac86d57dc)] -> xpath: //ul[@aria-label='Show More']//li[2]/a]</small> </font> </div>
<div class="test-event"> <font color="maroon"> <small> &emsp; &emsp;--- 15 Nov 11:56:29 371 - Catched spinner load exception due to Expected condition failed: waiting for ICar.support.WaitUtils$4@6f628e04 (tried for 15 second(s) with 500 milliseconds interval)</small> </font> </div>
<div class="test-event"> <font color="maroon"> <small> &emsp; &emsp;--- 15 Nov 11:56:29 371 - <b>15</b> - Spinner Load Wait: (Sync) - ICar.support.WaitUtils.waitForSpinner(WaitUtils.java:225)</small> </font> </div>
<div class="test-event"> <font color="maroon"> <small> &emsp; &emsp;--- 15 Nov 11:56:29 499 - Page URL:: https://www.icarstage.com/my-payment-information</small> </font> </div>
<div class="test-event"> <font color="maroon"> <small> &emsp; &emsp;--- 15 Nov 11:56:29 499 - <b>0</b> - Page Load Wait: (Sync) - ICar.support.Utils.waitForPageLoad(Utils.java:109)</small> </font> </div>
<div class="test-event"> <font color="maroon"> <small> &emsp; &emsp;--- 15 Nov 11:56:29 561 - Element is displayed:: [[ChromeDriver: chrome on WINDOWS (a24c91b86b36d47fd399362ac86d57dc)] -> xpath: //a[contains(text(),'Credit Card')]]</small> </font> </div>
<div class="test-message">&emsp;Successfully navigated to 'My Payment Information' Page&emsp;<a href=".\ScreenShot\TAL_T496_692845603971100.png" target="_blank" >[ScreenShot]</a></div>
<div class="test-event"> <font color="maroon"> <small> &emsp; &emsp;--- 15 Nov 11:56:38 291 - Element Proxy element for: AjaxElementLocator 'By.xpath: //slot[@name='message']', is not displayed in page </small> </font> </div>
<div class="test-event"> <font color="maroon"> <small> &emsp; &emsp;--- 15 Nov 11:56:38 315 - Element is displayed:: [[ChromeDriver: chrome on WINDOWS (a24c91b86b36d47fd399362ac86d57dc)] -> xpath: (//a[contains(@name,'delete|card_')])/lightning-icon]</small> </font> </div>
<div class="test-event"> <font color="maroon"> <small> &emsp; &emsp;--- 15 Nov 11:56:38 640 - Element is displayed:: [[ChromeDriver: chrome on WINDOWS (a24c91b86b36d47fd399362ac86d57dc)] -> xpath: //button[@title='Yes']]</small> </font> </div>
<div class="test-event"> <font color="maroon"> <small> &emsp; &emsp;--- 15 Nov 11:56:38 789 - Element is displayed:: [[ChromeDriver: chrome on WINDOWS (a24c91b86b36d47fd399362ac86d57dc)] -> xpath: //button[@title='Yes']]</small> </font> </div>
<div class="test-event"> <font color="maroon"> <small> &emsp; &emsp;--- 15 Nov 11:56:40 089 - Catched spinner load exception due to Expected condition failed: waiting for ICar.support.WaitUtils$4@6f628e04 (tried for 1 second(s) with 500 milliseconds interval)</small> </font> </div>
<div class="test-event"> <font color="maroon"> <small> &emsp; &emsp;--- 15 Nov 11:56:40 089 - <b>1</b> - Spinner Load Wait: (Sync) - ICar.support.WaitUtils.waitForSpinner(WaitUtils.java:225)</small> </font> </div>
<div class="test-event"> <font color="maroon"> <small> &emsp; &emsp;--- 15 Nov 11:56:42 157 - Element [[ChromeDriver: chrome on WINDOWS (a24c91b86b36d47fd399362ac86d57dc)] -> xpath: //slot[@name='message']], is still visible in page</small> </font> </div>
<div class="test-event"> <font color="maroon"> <small> &emsp; &emsp;--- 15 Nov 11:56:42 719 - Element [[ChromeDriver: chrome on WINDOWS (a24c91b86b36d47fd399362ac86d57dc)] -> xpath: //slot[@name='message']], is still visible in page</small> </font> </div>
<div class="test-event"> <font color="maroon"> <small> &emsp; &emsp;--- 15 Nov 11:56:43 263 - Element [[ChromeDriver: chrome on WINDOWS (a24c91b86b36d47fd399362ac86d57dc)] -> xpath: //slot[@name='message']], is still visible in page</small> </font> </div>
<div class="test-event"> <font color="maroon"> <small> &emsp; &emsp;--- 15 Nov 11:56:43 808 - Element [[ChromeDriver: chrome on WINDOWS (a24c91b86b36d47fd399362ac86d57dc)] -> xpath: //slot[@name='message']], is still visible in page</small> </font> </div>
<div class="test-event"> <font color="maroon"> <small> &emsp; &emsp;--- 15 Nov 11:56:44 355 - Element [[ChromeDriver: chrome on WINDOWS (a24c91b86b36d47fd399362ac86d57dc)] -> xpath: //slot[@name='message']], is still visible in page</small> </font> </div>
<div class="test-event"> <font color="maroon"> <small> &emsp; &emsp;--- 15 Nov 11:56:44 902 - Element [[ChromeDriver: chrome on WINDOWS (a24c91b86b36d47fd399362ac86d57dc)] -> xpath: //slot[@name='message']], is still visible in page</small> </font> </div>
<div class="test-event"> <font color="maroon"> <small> &emsp; &emsp;--- 15 Nov 11:56:45 440 - Element [[ChromeDriver: chrome on WINDOWS (a24c91b86b36d47fd399362ac86d57dc)] -> xpath: //slot[@name='message']], is still visible in page</small> </font> </div>
<div class="test-event"> <font color="maroon"> <small> &emsp; &emsp;--- 15 Nov 11:56:49 150 - Element Proxy element for: AjaxElementLocator 'By.xpath: //slot[@name='message']', is not displayed in page </small> </font> </div>
<div class="test-message">&emsp;Successfully removed card from 'My Payment Information' Page&emsp;<a href=".\ScreenShot\TAL_T496_692868220019000.png" target="_blank" >[ScreenShot]</a></div>
<div class="test-event"> <font color="maroon"> <small> &emsp; &emsp;--- 15 Nov 11:56:52 398 - Page URL:: https://www.icarstage.com/my-payment-information</small> </font> </div>
<div class="test-event"> <font color="maroon"> <small> &emsp; &emsp;--- 15 Nov 11:56:52 398 - <b>0</b> - Page Load Wait: (Sync) - ICar.support.Utils.waitForPageLoad(Utils.java:109)</small> </font> </div>
<div class="test-event"> <font color="maroon"> <small> &emsp; &emsp;--- 15 Nov 11:56:52 453 - Element is displayed:: [[ChromeDriver: chrome on WINDOWS (a24c91b86b36d47fd399362ac86d57dc)] -> xpath: //p[text()='Launch My Learning']]</small> </font> </div>
<div class="test-event"> <font color="maroon"> <small> &emsp; &emsp;--- 15 Nov 11:56:52 491 - Element is displayed:: [[ChromeDriver: chrome on WINDOWS (a24c91b86b36d47fd399362ac86d57dc)] -> xpath: //lightning-layout[@class='left-margin slds-align_absolute-center slds-grid slds-grid_align-spread slds-wrap']//lightning-layout-item[2]//a]</small> </font> </div>
<div class="test-event"> <font color="maroon"> <small> &emsp; &emsp;--- 15 Nov 11:56:54 599 - Element is displayed:: [[ChromeDriver: chrome on WINDOWS (a24c91b86b36d47fd399362ac86d57dc)] -> xpath: //lightning-layout[@class='left-margin slds-align_absolute-center slds-grid slds-grid_align-spread slds-wrap']//lightning-layout-item[2]//a]</small> </font> </div>
<div class="test-event"> <font color="maroon"> <small> &emsp; &emsp;--- 15 Nov 11:56:54 722 - Element is displayed:: [[ChromeDriver: chrome on WINDOWS (a24c91b86b36d47fd399362ac86d57dc)] -> xpath: //ul[@aria-label='Show More']//li[5]/a]</small> </font> </div>
<div class="test-event"> <font color="maroon"> <small> &emsp; &emsp;--- 15 Nov 11:56:54 798 - Element is displayed:: [[ChromeDriver: chrome on WINDOWS (a24c91b86b36d47fd399362ac86d57dc)] -> xpath: //ul[@aria-label='Show More']//li[5]/a]</small> </font> </div>
<div class="test-event"> <font color="maroon"> <small> &emsp; &emsp;--- 15 Nov 11:57:11 558 - Catched spinner load exception due to Expected condition failed: waiting for ICar.support.WaitUtils$4@6f628e04 (tried for 15 second(s) with 500 milliseconds interval)</small> </font> </div>
<div class="test-event"> <font color="maroon"> <small> &emsp; &emsp;--- 15 Nov 11:57:11 558 - <b>15</b> - Spinner Load Wait: (Sync) - ICar.support.WaitUtils.waitForSpinner(WaitUtils.java:225)</small> </font> </div>
<div class="test-event"> <font color="maroon"> <small> &emsp; &emsp;--- 15 Nov 11:57:11 671 - Page URL:: https://www.icarstage.com/my-subscriptions</small> </font> </div>
<div class="test-event"> <font color="maroon"> <small> &emsp; &emsp;--- 15 Nov 11:57:11 671 - <b>0</b> - Page Load Wait: (Sync) - ICar.support.Utils.waitForPageLoad(Utils.java:109)</small> </font> </div>
<div class="test-event"> <font color="maroon"> <small> &emsp; &emsp;--- 15 Nov 11:57:11 718 - Element is displayed:: [[ChromeDriver: chrome on WINDOWS (a24c91b86b36d47fd399362ac86d57dc)] -> xpath: //table[@c-b2b_mysubscription_b2b_mysubscription]]</small> </font> </div>
<div class="test-message">&emsp;Academy subscription status title is Active</div>
<div class="test-message">&emsp;Successfully verified the academy subscription&emsp;<a href=".\ScreenShot\TAL_T496_692887797615400.png" target="_blank" >[ScreenShot]</a></div>
<div class="test-event"> <font color="maroon"> <small> &emsp; &emsp;--- 15 Nov 11:57:12 031 - Page URL:: https://www.icarstage.com/my-subscriptions</small> </font> </div>
<div class="test-event"> <font color="maroon"> <small> &emsp; &emsp;--- 15 Nov 11:57:12 031 - <b>0</b> - Page Load Wait: (Sync) - ICar.support.Utils.waitForPageLoad(Utils.java:109)</small> </font> </div>
<div class="test-event"> <font color="maroon"> <small> &emsp; &emsp;--- 15 Nov 11:57:27 268 - Catched spinner load exception due to Expected condition failed: waiting for ICar.support.WaitUtils$4@6f628e04 (tried for 15 second(s) with 500 milliseconds interval)</small> </font> </div>
<div class="test-event"> <font color="maroon"> <small> &emsp; &emsp;--- 15 Nov 11:57:27 268 - <b>15</b> - Spinner Load Wait: (Sync) - ICar.support.WaitUtils.waitForSpinner(WaitUtils.java:225)</small> </font> </div>
<div class="test-message">&emsp;Renewal date displayed as 11/15/2025</div>
<div class="test-message">&emsp;Successfully verified the academy subscription renewal date&emsp;<a href=".\ScreenShot\TAL_T496_692907361828500.png" target="_blank" >[ScreenShot]</a></div>
<div class="test-event"> <font color="maroon"> <small> &emsp; &emsp;--- 15 Nov 11:57:33 139 - Page URL:: https://i-car--staging.sandbox.my.salesforce.com/</small> </font> </div>
<div class="test-event"> <font color="maroon"> <small> &emsp; &emsp;--- 15 Nov 11:57:33 139 - <b>0</b> - Page Load Wait: (Sync) - ICar.support.Utils.waitForPageLoad(Utils.java:109)</small> </font> </div>
<div class="test-message">&emsp;Successfully navigated to 'Login' Page</div>
<div class="test-message">&emsp; Login page is launched.</div>
<div class="test-event"> <font color="maroon"> <small> &emsp; &emsp;--- 15 Nov 11:57:33 202 - Element is displayed:: [[ChromeDriver: chrome on WINDOWS (a24c91b86b36d47fd399362ac86d57dc)] -> id: username]</small> </font> </div>
<div class="test-event"> <font color="maroon"> <small> &emsp; &emsp;--- 15 Nov 11:57:33 569 - Element is displayed:: [[ChromeDriver: chrome on WINDOWS (a24c91b86b36d47fd399362ac86d57dc)] -> id: username]</small> </font> </div>
<div class="test-event"> <font color="maroon"> <small> &emsp; &emsp;--- 15 Nov 11:57:34 051 - Element is displayed:: [[ChromeDriver: chrome on WINDOWS (a24c91b86b36d47fd399362ac86d57dc)] -> id: password]</small> </font> </div>
<div class="test-event"> <font color="maroon"> <small> &emsp; &emsp;--- 15 Nov 11:57:34 400 - Element is displayed:: [[ChromeDriver: chrome on WINDOWS (a24c91b86b36d47fd399362ac86d57dc)] -> id: Login]</small> </font> </div>
<div class="test-event"> <font color="maroon"> <small> &emsp; &emsp;--- 15 Nov 11:58:01 253 - Catched spinner load exception due to Expected condition failed: waiting for ICar.support.WaitUtils$4@6f628e04 (tried for 13 second(s) with 500 milliseconds interval)</small> </font> </div>
<div class="test-event"> <font color="maroon"> <small> &emsp; &emsp;--- 15 Nov 11:58:01 253 - <b>13</b> - Spinner Load Wait: (Sync) - ICar.support.WaitUtils.waitForSpinner(WaitUtils.java:225)</small> </font> </div>
<div class="test-event"> <font color="maroon"> <small> &emsp; &emsp;--- 15 Nov 11:58:22 222 - Catched spinner load exception due to Expected condition failed: waiting for ICar.support.WaitUtils$4@6f628e04 (tried for 6 second(s) with 500 milliseconds interval)</small> </font> </div>
<div class="test-event"> <font color="maroon"> <small> &emsp; &emsp;--- 15 Nov 11:58:22 222 - <b>6</b> - Spinner Load Wait: (Sync) - ICar.support.WaitUtils.waitForSpinner(WaitUtils.java:225)</small> </font> </div>
<div class="test-event"> <font color="maroon"> <small> &emsp; &emsp;--- 15 Nov 11:58:22 293 - Element is displayed:: [[ChromeDriver: chrome on WINDOWS (a24c91b86b36d47fd399362ac86d57dc)] -> css selector: button[class*='search-button']]</small> </font> </div>
<div class="test-message">&emsp; Navigate to 'SalesForce Page'</div>
<div class="test-event"> <font color="maroon"> <small> &emsp; &emsp;--- 15 Nov 11:58:23 535 - Page URL:: https://i-car--staging.sandbox.lightning.force.com/lightning/r/account/0011i00000uwfhdqau/related/icar_account_subscriptions__r/view?ws=%2flightning%2fr%2fcontact%2f0031i00000oen7aqaq%2fview</small> </font> </div>
<div class="test-event"> <font color="maroon"> <small> &emsp; &emsp;--- 15 Nov 11:58:23 535 - <b>1</b> - Page Load Wait: (Sync) - ICar.support.Utils.waitForPageLoad(Utils.java:109)</small> </font> </div>
<div class="test-event"> <font color="maroon"> <small> &emsp; &emsp;--- 15 Nov 11:58:29 547 - Page URL:: https://i-car--staging.sandbox.lightning.force.com/lightning/r/account/0011i00000uwfhdqau/related/icar_account_subscriptions__r/view?ws=%2flightning%2fr%2fcontact%2f0031i00000oen7aqaq%2fview</small> </font> </div>
<div class="test-event"> <font color="maroon"> <small> &emsp; &emsp;--- 15 Nov 11:58:29 547 - <b>0</b> - Page Load Wait: (Sync) - ICar.support.Utils.waitForPageLoad(Utils.java:109)</small> </font> </div>
<div class="test-message">&emsp;Successfully navigated to 'Login' Page</div>
<div class="test-message">&emsp; Enter the user credentials as : icaradminautomation3@i-car.com.staging</div>
<div class="test-message">&emsp; Enter the Icar id as : 2893855</div>
<div class="test-event"> <font color="maroon"> <small> &emsp; &emsp;--- 15 Nov 11:58:34 723 - Page URL:: https://i-car--staging.sandbox.lightning.force.com/lightning/r/account/0011i00000uwfhdqau/related/icar_account_subscriptions__r/view?ws=%2flightning%2fr%2fcontact%2f0031i00000oen7aqaq%2fview</small> </font> </div>
<div class="test-event"> <font color="maroon"> <small> &emsp; &emsp;--- 15 Nov 11:58:34 723 - <b>1</b> - Page Load Wait: (Sync) - ICar.support.Utils.waitForPageLoad(Utils.java:109)</small> </font> </div>
<div class="test-event"> <font color="maroon"> <small> &emsp; &emsp;--- 15 Nov 11:58:40 148 - Page URL:: https://i-car--staging.sandbox.lightning.force.com/lightning/o/account/list?filtername=00b1i000007mf4quaa</small> </font> </div>
<div class="test-event"> <font color="maroon"> <small> &emsp; &emsp;--- 15 Nov 11:58:40 149 - <b>0</b> - Page Load Wait: (Sync) - ICar.support.Utils.waitForPageLoad(Utils.java:109)</small> </font> </div>
<div class="test-message">&emsp;Close the tab</div>
<div class="test-event"> <font color="maroon"> <small> &emsp; &emsp;--- 15 Nov 11:58:45 759 - Page URL:: https://i-car--staging.sandbox.lightning.force.com/lightning/o/account/list?filtername=00b1i000007mf4quaa</small> </font> </div>
<div class="test-event"> <font color="maroon"> <small> &emsp; &emsp;--- 15 Nov 11:58:45 759 - <b>0</b> - Page Load Wait: (Sync) - ICar.support.Utils.waitForPageLoad(Utils.java:109)</small> </font> </div>
<div class="test-event"> <font color="maroon"> <small> &emsp; &emsp;--- 15 Nov 11:58:45 807 - Element is displayed:: [[ChromeDriver: chrome on WINDOWS (a24c91b86b36d47fd399362ac86d57dc)] -> css selector: button[class*='search-button']]</small> </font> </div>
<div class="test-event"> <font color="maroon"> <small> &emsp; &emsp;--- 15 Nov 11:58:47 914 - Catched spinner load exception due to Expected condition failed: waiting for ICar.support.WaitUtils$4@6f628e04 (tried for 2 second(s) with 500 milliseconds interval)</small> </font> </div>
<div class="test-event"> <font color="maroon"> <small> &emsp; &emsp;--- 15 Nov 11:58:47 914 - <b>2</b> - Spinner Load Wait: (Sync) - ICar.support.WaitUtils.waitForSpinner(WaitUtils.java:225)</small> </font> </div>
<div class="test-event"> <font color="maroon"> <small> &emsp; &emsp;--- 15 Nov 11:58:50 988 - Element is displayed:: [[ChromeDriver: chrome on WINDOWS (a24c91b86b36d47fd399362ac86d57dc)] -> css selector: button[class*='search-button']]</small> </font> </div>
<div class="test-event"> <font color="maroon"> <small> &emsp; &emsp;--- 15 Nov 11:58:51 676 - Page URL:: https://i-car--staging.sandbox.lightning.force.com/lightning/o/account/list?filtername=00b1i000007mf4quaa</small> </font> </div>
<div class="test-event"> <font color="maroon"> <small> &emsp; &emsp;--- 15 Nov 11:58:51 676 - <b>0</b> - Page Load Wait: (Sync) - ICar.support.Utils.waitForPageLoad(Utils.java:109)</small> </font> </div>
<div class="test-event"> <font color="maroon"> <small> &emsp; &emsp;--- 15 Nov 11:59:11 045 - Catched spinner load exception due to Expected condition failed: waiting for ICar.support.WaitUtils$4@6f628e04 (tried for 10 second(s) with 500 milliseconds interval)</small> </font> </div>
<div class="test-event"> <font color="maroon"> <small> &emsp; &emsp;--- 15 Nov 11:59:11 045 - <b>10</b> - Spinner Load Wait: (Sync) - ICar.support.WaitUtils.waitForSpinner(WaitUtils.java:225)</small> </font> </div>
<div class="test-event"> <font color="maroon"> <small> &emsp; &emsp;--- 15 Nov 11:59:11 414 - Page URL:: https://i-car--staging.sandbox.lightning.force.com/one/one.app#eyjjb21wb25lbnrezwyioijmb3jjzvnlyxjjadpzzwfyy2hqywdlrgvza3rvccisimf0dhjpynv0zxmionsidgvybsi6iji4otm4ntuilcjzy29wzu1hcci6eyj0exblijoive9qx1jfu1vmvfmilcjuyw1lc3bhy2uioiiilcjsywjlbci6ilrvccbszxn1bhrziiwibgfizwxqbhvyywwioijub3agumvzdwx0cyisinjlc3vsdhndbxaioijmb3jjzvnlyxjjadpwcmvkawn0zwrszxn1bhrzin0simnvbnrlehqionsirklmvevsuyi6e30sinnlyxjjafnvdxjjzsi6ikftu0ltvefovf9esufmt0cilcjkaxnhymxlsw50zw50uxvlcnkiomzhbhnllcjkaxnhymxlu3blbgxdb3jyzwn0aw9uijpmywxzzswic2vhcmnorglhbg9nu2vzc2lvbklkijoinjqzmzvkmmytnjfhny0xyja5ltjjmmmtyjjhzdm4y2niztjmiiwizgvidwdjbmzvijp7imfwce5hbwuioijjq2fyx1nlcnzpy2vfq29uc29szsisimfwcfr5cguioijdb25zb2xliiwiyxbwtmftzxnwywnlijoiyyisimxvy2f0aw9uijoizm9yy2u6b2jqzwn0sg9tzurlc2t0b3ailcjzb2jqzwn0vhlwzsi6ikfjy291bnqifx0simdyb3vwswqioijeruzbvuxuin0sinn0yxrlijp7fx0%3d</small> </font> </div>
<div class="test-event"> <font color="maroon"> <small> &emsp; &emsp;--- 15 Nov 11:59:11 414 - <b>0</b> - Page Load Wait: (Sync) - ICar.support.Utils.waitForPageLoad(Utils.java:109)</small> </font> </div>
<div class="test-event"> <font color="maroon"> <small> &emsp; &emsp;--- 15 Nov 11:59:22 455 - Catched spinner load exception due to Expected condition failed: waiting for ICar.support.WaitUtils$4@6f628e04 (tried for 11 second(s) with 500 milliseconds interval)</small> </font> </div>
<div class="test-event"> <font color="maroon"> <small> &emsp; &emsp;--- 15 Nov 11:59:22 455 - <b>11</b> - Spinner Load Wait: (Sync) - ICar.support.WaitUtils.waitForSpinner(WaitUtils.java:225)</small> </font> </div>
<div class="test-event"> <font color="maroon"> <small> &emsp; &emsp;--- 15 Nov 11:59:22 809 - Page URL:: https://i-car--staging.sandbox.lightning.force.com/one/one.app#eyjjb21wb25lbnrezwyioijmb3jjzvnlyxjjadpzzwfyy2hqywdlrgvza3rvccisimf0dhjpynv0zxmionsidgvybsi6iji4otm4ntuilcjzy29wzu1hcci6eyj0exblijoive9qx1jfu1vmvfmilcjuyw1lc3bhy2uioiiilcjsywjlbci6ilrvccbszxn1bhrziiwibgfizwxqbhvyywwioijub3agumvzdwx0cyisinjlc3vsdhndbxaioijmb3jjzvnlyxjjadpwcmvkawn0zwrszxn1bhrzin0simnvbnrlehqionsirklmvevsuyi6e30sinnlyxjjafnvdxjjzsi6ikftu0ltvefovf9esufmt0cilcjkaxnhymxlsw50zw50uxvlcnkiomzhbhnllcjkaxnhymxlu3blbgxdb3jyzwn0aw9uijpmywxzzswic2vhcmnorglhbg9nu2vzc2lvbklkijoinjqzmzvkmmytnjfhny0xyja5ltjjmmmtyjjhzdm4y2niztjmiiwizgvidwdjbmzvijp7imfwce5hbwuioijjq2fyx1nlcnzpy2vfq29uc29szsisimfwcfr5cguioijdb25zb2xliiwiyxbwtmftzxnwywnlijoiyyisimxvy2f0aw9uijoizm9yy2u6b2jqzwn0sg9tzurlc2t0b3ailcjzb2jqzwn0vhlwzsi6ikfjy291bnqifx0simdyb3vwswqioijeruzbvuxuin0sinn0yxrlijp7fx0%3d</small> </font> </div>
<div class="test-event"> <font color="maroon"> <small> &emsp; &emsp;--- 15 Nov 11:59:22 809 - <b>0</b> - Page Load Wait: (Sync) - ICar.support.Utils.waitForPageLoad(Utils.java:109)</small> </font> </div>
<div class="test-event"> <font color="maroon"> <small> &emsp; &emsp;--- 15 Nov 11:59:22 872 - Element is displayed:: [[ChromeDriver: chrome on WINDOWS (a24c91b86b36d47fd399362ac86d57dc)] -> xpath: //a[@title='Top Results']//span[text()='Top Results']]</small> </font> </div>
<div class="test-event"> <font color="maroon"> <small> &emsp; &emsp;--- 15 Nov 11:59:23 126 - Page URL:: https://i-car--staging.sandbox.lightning.force.com/one/one.app#eyjjb21wb25lbnrezwyioijmb3jjzvnlyxjjadpzzwfyy2hqywdlrgvza3rvccisimf0dhjpynv0zxmionsidgvybsi6iji4otm4ntuilcjzy29wzu1hcci6eyj0exblijoive9qx1jfu1vmvfmilcjuyw1lc3bhy2uioiiilcjsywjlbci6ilrvccbszxn1bhrziiwibgfizwxqbhvyywwioijub3agumvzdwx0cyisinjlc3vsdhndbxaioijmb3jjzvnlyxjjadpwcmvkawn0zwrszxn1bhrzin0simnvbnrlehqionsirklmvevsuyi6e30sinnlyxjjafnvdxjjzsi6ikftu0ltvefovf9esufmt0cilcjkaxnhymxlsw50zw50uxvlcnkiomzhbhnllcjkaxnhymxlu3blbgxdb3jyzwn0aw9uijpmywxzzswic2vhcmnorglhbg9nu2vzc2lvbklkijoinjqzmzvkmmytnjfhny0xyja5ltjjmmmtyjjhzdm4y2niztjmiiwizgvidwdjbmzvijp7imfwce5hbwuioijjq2fyx1nlcnzpy2vfq29uc29szsisimfwcfr5cguioijdb25zb2xliiwiyxbwtmftzxnwywnlijoiyyisimxvy2f0aw9uijoizm9yy2u6b2jqzwn0sg9tzurlc2t0b3ailcjzb2jqzwn0vhlwzsi6ikfjy291bnqifx0simdyb3vwswqioijeruzbvuxuin0sinn0yxrlijp7fx0%3d</small> </font> </div>
<div class="test-event"> <font color="maroon"> <small> &emsp; &emsp;--- 15 Nov 11:59:23 126 - <b>0</b> - Page Load Wait: (Sync) - ICar.support.Utils.waitForPageLoad(Utils.java:109)</small> </font> </div>
<div class="test-event"> <font color="maroon"> <small> &emsp; &emsp;--- 15 Nov 11:59:28 423 - Catched spinner load exception due to Expected condition failed: waiting for ICar.support.WaitUtils$4@6f628e04 (tried for 5 second(s) with 500 milliseconds interval)</small> </font> </div>
<div class="test-event"> <font color="maroon"> <small> &emsp; &emsp;--- 15 Nov 11:59:28 423 - <b>5</b> - Spinner Load Wait: (Sync) - ICar.support.WaitUtils.waitForSpinner(WaitUtils.java:225)</small> </font> </div>
<div class="test-event"> <font color="maroon"> <small> &emsp; &emsp;--- 15 Nov 11:59:28 726 - Page URL:: https://i-car--staging.sandbox.lightning.force.com/one/one.app#eyjjb21wb25lbnrezwyioijmb3jjzvnlyxjjadpzzwfyy2hqywdlrgvza3rvccisimf0dhjpynv0zxmionsidgvybsi6iji4otm4ntuilcjzy29wzu1hcci6eyj0exblijoive9qx1jfu1vmvfmilcjuyw1lc3bhy2uioiiilcjsywjlbci6ilrvccbszxn1bhrziiwibgfizwxqbhvyywwioijub3agumvzdwx0cyisinjlc3vsdhndbxaioijmb3jjzvnlyxjjadpwcmvkawn0zwrszxn1bhrzin0simnvbnrlehqionsirklmvevsuyi6e30sinnlyxjjafnvdxjjzsi6ikftu0ltvefovf9esufmt0cilcjkaxnhymxlsw50zw50uxvlcnkiomzhbhnllcjkaxnhymxlu3blbgxdb3jyzwn0aw9uijpmywxzzswic2vhcmnorglhbg9nu2vzc2lvbklkijoinjqzmzvkmmytnjfhny0xyja5ltjjmmmtyjjhzdm4y2niztjmiiwizgvidwdjbmzvijp7imfwce5hbwuioijjq2fyx1nlcnzpy2vfq29uc29szsisimfwcfr5cguioijdb25zb2xliiwiyxbwtmftzxnwywnlijoiyyisimxvy2f0aw9uijoizm9yy2u6b2jqzwn0sg9tzurlc2t0b3ailcjzb2jqzwn0vhlwzsi6ikfjy291bnqifx0simdyb3vwswqioijeruzbvuxuin0sinn0yxrlijp7fx0%3d</small> </font> </div>
<div class="test-event"> <font color="maroon"> <small> &emsp; &emsp;--- 15 Nov 11:59:28 726 - <b>0</b> - Page Load Wait: (Sync) - ICar.support.Utils.waitForPageLoad(Utils.java:109)</small> </font> </div>
<div class="test-event"> <font color="maroon"> <small> &emsp; &emsp;--- 15 Nov 11:59:29 033 - Page URL:: https://i-car--staging.sandbox.lightning.force.com/one/one.app#eyjjb21wb25lbnrezwyioijmb3jjzvnlyxjjadpzzwfyy2hqywdlrgvza3rvccisimf0dhjpynv0zxmionsidgvybsi6iji4otm4ntuilcjzy29wzu1hcci6eyj0exblijoive9qx1jfu1vmvfmilcjuyw1lc3bhy2uioiiilcjsywjlbci6ilrvccbszxn1bhrziiwibgfizwxqbhvyywwioijub3agumvzdwx0cyisinjlc3vsdhndbxaioijmb3jjzvnlyxjjadpwcmvkawn0zwrszxn1bhrzin0simnvbnrlehqionsirklmvevsuyi6e30sinnlyxjjafnvdxjjzsi6ikftu0ltvefovf9esufmt0cilcjkaxnhymxlsw50zw50uxvlcnkiomzhbhnllcjkaxnhymxlu3blbgxdb3jyzwn0aw9uijpmywxzzswic2vhcmnorglhbg9nu2vzc2lvbklkijoinjqzmzvkmmytnjfhny0xyja5ltjjmmmtyjjhzdm4y2niztjmiiwizgvidwdjbmzvijp7imfwce5hbwuioijjq2fyx1nlcnzpy2vfq29uc29szsisimfwcfr5cguioijdb25zb2xliiwiyxbwtmftzxnwywnlijoiyyisimxvy2f0aw9uijoizm9yy2u6b2jqzwn0sg9tzurlc2t0b3ailcjzb2jqzwn0vhlwzsi6ikfjy291bnqifx0simdyb3vwswqioijeruzbvuxuin0sinn0yxrlijp7fx0%3d</small> </font> </div>
<div class="test-event"> <font color="maroon"> <small> &emsp; &emsp;--- 15 Nov 11:59:29 033 - <b>0</b> - Page Load Wait: (Sync) - ICar.support.Utils.waitForPageLoad(Utils.java:109)</small> </font> </div>
<div class="test-event"> <font color="maroon"> <small> &emsp; &emsp;--- 15 Nov 11:59:29 385 - Page URL:: https://i-car--staging.sandbox.lightning.force.com/one/one.app#eyjjb21wb25lbnrezwyioijmb3jjzvnlyxjjadpzzwfyy2hqywdlrgvza3rvccisimf0dhjpynv0zxmionsidgvybsi6iji4otm4ntuilcjzy29wzu1hcci6eyj0exblijoive9qx1jfu1vmvfmilcjuyw1lc3bhy2uioiiilcjsywjlbci6ilrvccbszxn1bhrziiwibgfizwxqbhvyywwioijub3agumvzdwx0cyisinjlc3vsdhndbxaioijmb3jjzvnlyxjjadpwcmvkawn0zwrszxn1bhrzin0simnvbnrlehqionsirklmvevsuyi6e30sinnlyxjjafnvdxjjzsi6ikftu0ltvefovf9esufmt0cilcjkaxnhymxlsw50zw50uxvlcnkiomzhbhnllcjkaxnhymxlu3blbgxdb3jyzwn0aw9uijpmywxzzswic2vhcmnorglhbg9nu2vzc2lvbklkijoinjqzmzvkmmytnjfhny0xyja5ltjjmmmtyjjhzdm4y2niztjmiiwizgvidwdjbmzvijp7imfwce5hbwuioijjq2fyx1nlcnzpy2vfq29uc29szsisimfwcfr5cguioijdb25zb2xliiwiyxbwtmftzxnwywnlijoiyyisimxvy2f0aw9uijoizm9yy2u6b2jqzwn0sg9tzurlc2t0b3ailcjzb2jqzwn0vhlwzsi6ikfjy291bnqifx0simdyb3vwswqioijeruzbvuxuin0sinn0yxrlijp7fx0%3d</small> </font> </div>
<div class="test-event"> <font color="maroon"> <small> &emsp; &emsp;--- 15 Nov 11:59:29 385 - <b>0</b> - Page Load Wait: (Sync) - ICar.support.Utils.waitForPageLoad(Utils.java:109)</small> </font> </div>
<div class="test-event"> <font color="maroon"> <small> &emsp; &emsp;--- 15 Nov 11:59:37 767 - Catched spinner load exception due to Expected condition failed: waiting for ICar.support.WaitUtils$4@6f628e04 (tried for 8 second(s) with 500 milliseconds interval)</small> </font> </div>
<div class="test-event"> <font color="maroon"> <small> &emsp; &emsp;--- 15 Nov 11:59:37 767 - <b>8</b> - Spinner Load Wait: (Sync) - ICar.support.WaitUtils.waitForSpinner(WaitUtils.java:225)</small> </font> </div>
<div class="test-event"> <font color="maroon"> <small> &emsp; &emsp;--- 15 Nov 11:59:38 091 - Page URL:: https://i-car--staging.sandbox.lightning.force.com/one/one.app#eyjjb21wb25lbnrezwyioijmb3jjzvnlyxjjadpzzwfyy2hqywdlrgvza3rvccisimf0dhjpynv0zxmionsidgvybsi6iji4otm4ntuilcjzy29wzu1hcci6eyj0exblijoive9qx1jfu1vmvfmilcjuyw1lc3bhy2uioiiilcjsywjlbci6ilrvccbszxn1bhrziiwibgfizwxqbhvyywwioijub3agumvzdwx0cyisinjlc3vsdhndbxaioijmb3jjzvnlyxjjadpwcmvkawn0zwrszxn1bhrzin0simnvbnrlehqionsirklmvevsuyi6e30sinnlyxjjafnvdxjjzsi6ikftu0ltvefovf9esufmt0cilcjkaxnhymxlsw50zw50uxvlcnkiomzhbhnllcjkaxnhymxlu3blbgxdb3jyzwn0aw9uijpmywxzzswic2vhcmnorglhbg9nu2vzc2lvbklkijoinjqzmzvkmmytnjfhny0xyja5ltjjmmmtyjjhzdm4y2niztjmiiwizgvidwdjbmzvijp7imfwce5hbwuioijjq2fyx1nlcnzpy2vfq29uc29szsisimfwcfr5cguioijdb25zb2xliiwiyxbwtmftzxnwywnlijoiyyisimxvy2f0aw9uijoizm9yy2u6b2jqzwn0sg9tzurlc2t0b3ailcjzb2jqzwn0vhlwzsi6ikfjy291bnqifx0simdyb3vwswqioijeruzbvuxuin0sinn0yxrlijp7fx0%3d</small> </font> </div>
<div class="test-event"> <font color="maroon"> <small> &emsp; &emsp;--- 15 Nov 11:59:38 091 - <b>0</b> - Page Load Wait: (Sync) - ICar.support.Utils.waitForPageLoad(Utils.java:109)</small> </font> </div>
<div class="test-event"> <font color="maroon"> <small> &emsp; &emsp;--- 15 Nov 11:59:40 176 - Element is displayed:: [[ChromeDriver: chrome on WINDOWS (a24c91b86b36d47fd399362ac86d57dc)] -> xpath: //div[contains(@class,'forceSearchResultsRegion')]//div[contains(@class,'resultsMultiWrapper')]/div/div[1]//following::h2//a]</small> </font> </div>
<div class="test-event"> <font color="maroon"> <small> &emsp; &emsp;--- 15 Nov 11:59:40 351 - Element is displayed:: [[ChromeDriver: chrome on WINDOWS (a24c91b86b36d47fd399362ac86d57dc)] -> xpath: //a[text()='Contacts']]</small> </font> </div>
<div class="test-event"> <font color="maroon"> <small> &emsp; &emsp;--- 15 Nov 11:59:44 362 - Element is displayed:: [[ChromeDriver: chrome on WINDOWS (a24c91b86b36d47fd399362ac86d57dc)] -> xpath: //div[text()='Contacts']//following :: table//tbody//th//span /a]</small> </font> </div>
<div class="test-event"> <font color="maroon"> <small> &emsp; &emsp;--- 15 Nov 11:59:59 603 - Catched spinner load exception due to Expected condition failed: waiting for ICar.support.WaitUtils$4@6f628e04 (tried for 15 second(s) with 500 milliseconds interval)</small> </font> </div>
<div class="test-event"> <font color="maroon"> <small> &emsp; &emsp;--- 15 Nov 11:59:59 603 - <b>15</b> - Spinner Load Wait: (Sync) - ICar.support.WaitUtils.waitForSpinner(WaitUtils.java:225)</small> </font> </div>
<div class="test-event"> <font color="maroon"> <small> &emsp; &emsp;--- 15 Nov 12:00:00 055 - Page URL:: https://i-car--staging.sandbox.lightning.force.com/lightning/r/contact/0031i00000nu9l9qaa/view</small> </font> </div>
<div class="test-event"> <font color="maroon"> <small> &emsp; &emsp;--- 15 Nov 12:00:00 055 - <b>0</b> - Page Load Wait: (Sync) - ICar.support.Utils.waitForPageLoad(Utils.java:109)</small> </font> </div>
<div class="test-event"> <font color="maroon"> <small> &emsp; &emsp;--- 15 Nov 12:00:10 577 - Catched spinner load exception due to Expected condition failed: waiting for ICar.support.WaitUtils$4@6f628e04 (tried for 10 second(s) with 500 milliseconds interval)</small> </font> </div>
<div class="test-event"> <font color="maroon"> <small> &emsp; &emsp;--- 15 Nov 12:00:10 577 - <b>10</b> - Spinner Load Wait: (Sync) - ICar.support.WaitUtils.waitForSpinner(WaitUtils.java:225)</small> </font> </div>
<div class="test-event"> <font color="maroon"> <small> &emsp; &emsp;--- 15 Nov 12:00:10 893 - Page URL:: https://i-car--staging.sandbox.lightning.force.com/lightning/r/contact/0031i00000nu9l9qaa/view</small> </font> </div>
<div class="test-event"> <font color="maroon"> <small> &emsp; &emsp;--- 15 Nov 12:00:10 893 - <b>0</b> - Page Load Wait: (Sync) - ICar.support.Utils.waitForPageLoad(Utils.java:109)</small> </font> </div>
<div class="test-event"> <font color="maroon"> <small> &emsp; &emsp;--- 15 Nov 12:00:11 304 - Page URL:: https://i-car--staging.sandbox.lightning.force.com/lightning/r/contact/0031i00000nu9l9qaa/view</small> </font> </div>
<div class="test-event"> <font color="maroon"> <small> &emsp; &emsp;--- 15 Nov 12:00:11 305 - <b>0</b> - Page Load Wait: (Sync) - ICar.support.Utils.waitForPageLoad(Utils.java:109)</small> </font> </div>
<div class="test-event"> <font color="maroon"> <small> &emsp; &emsp;--- 15 Nov 12:00:11 621 - Page URL:: https://i-car--staging.sandbox.lightning.force.com/lightning/r/contact/0031i00000nu9l9qaa/view</small> </font> </div>
<div class="test-event"> <font color="maroon"> <small> &emsp; &emsp;--- 15 Nov 12:00:11 622 - <b>0</b> - Page Load Wait: (Sync) - ICar.support.Utils.waitForPageLoad(Utils.java:109)</small> </font> </div>
<div class="test-event"> <font color="maroon"> <small> &emsp; &emsp;--- 15 Nov 12:00:16 674 - Element is displayed:: [[ChromeDriver: chrome on WINDOWS (a24c91b86b36d47fd399362ac86d57dc)] -> xpath: //table[@aria-label='Training Managers']/tbody/tr/th]</small> </font> </div>
<div class="test-event"> <font color="maroon"> <small> &emsp; &emsp;--- 15 Nov 12:00:18 905 - Element is displayed:: [[[[ChromeDriver: chrome on WINDOWS (a24c91b86b36d47fd399362ac86d57dc)] -> xpath: //table[@aria-label='Training Managers']/tbody/tr/th]] -> xpath: lightning-primitive-cell-factory/span/div/lightning-primitive-custom-cell/formula-output-formula-html/lightning-formatted-rich-text/span/a]</small> </font> </div>
<div class="test-message">&emsp; Click on shop name '3 Million Collision Crafts'</div>
<div class="test-message">&emsp;16. check subscription details</div>
<div class="test-event"> <font color="maroon"> <small> &emsp; &emsp;--- 15 Nov 12:00:21 661 - Page URL:: https://i-car--staging.sandbox.lightning.force.com/lightning/_classic/%2f0011i00000uwgbc</small> </font> </div>
<div class="test-event"> <font color="maroon"> <small> &emsp; &emsp;--- 15 Nov 12:00:21 661 - <b>0</b> - Page Load Wait: (Sync) - ICar.support.Utils.waitForPageLoad(Utils.java:109)</small> </font> </div>
<div class="test-event"> <font color="maroon"> <small> &emsp; &emsp;--- 15 Nov 12:00:26 939 - Catched spinner load exception due to Expected condition failed: waiting for ICar.support.WaitUtils$4@6f628e04 (tried for 5 second(s) with 500 milliseconds interval)</small> </font> </div>
<div class="test-event"> <font color="maroon"> <small> &emsp; &emsp;--- 15 Nov 12:00:26 940 - <b>5</b> - Spinner Load Wait: (Sync) - ICar.support.WaitUtils.waitForSpinner(WaitUtils.java:225)</small> </font> </div>
<div class="test-event"> <font color="maroon"> <small> &emsp; &emsp;--- 15 Nov 12:00:27 412 - Page URL:: https://i-car--staging.sandbox.lightning.force.com/lightning/r/account/0011i00000uwgbcqa2/view</small> </font> </div>
<div class="test-event"> <font color="maroon"> <small> &emsp; &emsp;--- 15 Nov 12:00:27 412 - <b>0</b> - Page Load Wait: (Sync) - ICar.support.Utils.waitForPageLoad(Utils.java:109)</small> </font> </div>
<div class="test-event"> <font color="maroon"> <small> &emsp; &emsp;--- 15 Nov 12:00:37 624 - Catched spinner load exception due to Expected condition failed: waiting for ICar.support.WaitUtils$4@6f628e04 (tried for 10 second(s) with 500 milliseconds interval)</small> </font> </div>
<div class="test-event"> <font color="maroon"> <small> &emsp; &emsp;--- 15 Nov 12:00:37 624 - <b>10</b> - Spinner Load Wait: (Sync) - ICar.support.WaitUtils.waitForSpinner(WaitUtils.java:225)</small> </font> </div>
<div class="test-event"> <font color="maroon"> <small> &emsp; &emsp;--- 15 Nov 12:00:38 216 - Page URL:: https://i-car--staging.sandbox.lightning.force.com/lightning/r/account/0011i00000uwgbcqa2/view</small> </font> </div>
<div class="test-event"> <font color="maroon"> <small> &emsp; &emsp;--- 15 Nov 12:00:38 216 - <b>0</b> - Page Load Wait: (Sync) - ICar.support.Utils.waitForPageLoad(Utils.java:109)</small> </font> </div>
<div class="test-event"> <font color="maroon"> <small> &emsp; &emsp;--- 15 Nov 12:00:38 667 - Page URL:: https://i-car--staging.sandbox.lightning.force.com/lightning/r/account/0011i00000uwgbcqa2/view</small> </font> </div>
<div class="test-event"> <font color="maroon"> <small> &emsp; &emsp;--- 15 Nov 12:00:38 667 - <b>0</b> - Page Load Wait: (Sync) - ICar.support.Utils.waitForPageLoad(Utils.java:109)</small> </font> </div>
<div class="test-event"> <font color="maroon"> <small> &emsp; &emsp;--- 15 Nov 12:00:39 048 - Page URL:: https://i-car--staging.sandbox.lightning.force.com/lightning/r/account/0011i00000uwgbcqa2/view</small> </font> </div>
<div class="test-event"> <font color="maroon"> <small> &emsp; &emsp;--- 15 Nov 12:00:39 048 - <b>0</b> - Page Load Wait: (Sync) - ICar.support.Utils.waitForPageLoad(Utils.java:109)</small> </font> </div>
<div class="test-event"> <font color="maroon"> <small> &emsp; &emsp;--- 15 Nov 12:00:39 396 - Page URL:: https://i-car--staging.sandbox.lightning.force.com/lightning/r/account/0011i00000uwgbcqa2/view</small> </font> </div>
<div class="test-event"> <font color="maroon"> <small> &emsp; &emsp;--- 15 Nov 12:00:39 396 - <b>0</b> - Page Load Wait: (Sync) - ICar.support.Utils.waitForPageLoad(Utils.java:109)</small> </font> </div>
<div class="test-event"> <font color="maroon"> <small> &emsp; &emsp;--- 15 Nov 12:00:39 698 - Page URL:: https://i-car--staging.sandbox.lightning.force.com/lightning/r/account/0011i00000uwgbcqa2/view</small> </font> </div>
<div class="test-event"> <font color="maroon"> <small> &emsp; &emsp;--- 15 Nov 12:00:39 698 - <b>0</b> - Page Load Wait: (Sync) - ICar.support.Utils.waitForPageLoad(Utils.java:109)</small> </font> </div>
<div class="test-event"> <font color="maroon"> <small> &emsp; &emsp;--- 15 Nov 12:00:40 063 - Page URL:: https://i-car--staging.sandbox.lightning.force.com/lightning/r/account/0011i00000uwgbcqa2/view</small> </font> </div>
<div class="test-event"> <font color="maroon"> <small> &emsp; &emsp;--- 15 Nov 12:00:40 063 - <b>0</b> - Page Load Wait: (Sync) - ICar.support.Utils.waitForPageLoad(Utils.java:109)</small> </font> </div>
<div class="test-event"> <font color="maroon"> <small> &emsp; &emsp;--- 15 Nov 12:00:40 429 - Page URL:: https://i-car--staging.sandbox.lightning.force.com/lightning/r/account/0011i00000uwgbcqa2/view</small> </font> </div>
<div class="test-event"> <font color="maroon"> <small> &emsp; &emsp;--- 15 Nov 12:00:40 429 - <b>0</b> - Page Load Wait: (Sync) - ICar.support.Utils.waitForPageLoad(Utils.java:109)</small> </font> </div>
<div class="test-event"> <font color="maroon"> <small> &emsp; &emsp;--- 15 Nov 12:00:40 715 - Page URL:: https://i-car--staging.sandbox.lightning.force.com/lightning/r/account/0011i00000uwgbcqa2/view</small> </font> </div>
<div class="test-event"> <font color="maroon"> <small> &emsp; &emsp;--- 15 Nov 12:00:40 715 - <b>0</b> - Page Load Wait: (Sync) - ICar.support.Utils.waitForPageLoad(Utils.java:109)</small> </font> </div>
<div class="test-event"> <font color="maroon"> <small> &emsp; &emsp;--- 15 Nov 12:00:41 065 - Page URL:: https://i-car--staging.sandbox.lightning.force.com/lightning/r/account/0011i00000uwgbcqa2/view</small> </font> </div>
<div class="test-event"> <font color="maroon"> <small> &emsp; &emsp;--- 15 Nov 12:00:41 065 - <b>0</b> - Page Load Wait: (Sync) - ICar.support.Utils.waitForPageLoad(Utils.java:109)</small> </font> </div>
<div class="test-event"> <font color="maroon"> <small> &emsp; &emsp;--- 15 Nov 12:00:46 345 - Catched spinner load exception due to Expected condition failed: waiting for ICar.support.WaitUtils$4@6f628e04 (tried for 5 second(s) with 500 milliseconds interval)</small> </font> </div>
<div class="test-event"> <font color="maroon"> <small> &emsp; &emsp;--- 15 Nov 12:00:46 345 - <b>5</b> - Spinner Load Wait: (Sync) - ICar.support.WaitUtils.waitForSpinner(WaitUtils.java:225)</small> </font> </div>
<div class="test-event"> <font color="maroon"> <small> &emsp; &emsp;--- 15 Nov 12:00:46 424 - Element is displayed:: [[ChromeDriver: chrome on WINDOWS (a24c91b86b36d47fd399362ac86d57dc)] -> xpath: //h2[text()='Related List Quick Links']//following::ul/li[@class='rlql-relatedListQuickLink']//a]</small> </font> </div>
<div class="test-event"> <font color="maroon"> <small> &emsp; &emsp;--- 15 Nov 12:00:47 121 - Page URL:: https://i-car--staging.sandbox.lightning.force.com/lightning/r/account/0011i00000uwgbcqa2/related/icar_account_subscriptions__r/view?ws=%2flightning%2fr%2faccount%2f0011i00000uwgbcqa2%2fview</small> </font> </div>
<div class="test-event"> <font color="maroon"> <small> &emsp; &emsp;--- 15 Nov 12:00:47 121 - <b>0</b> - Page Load Wait: (Sync) - ICar.support.Utils.waitForPageLoad(Utils.java:109)</small> </font> </div>
<div class="test-event"> <font color="maroon"> <small> &emsp; &emsp;--- 15 Nov 12:00:57 125 - Catched spinner load exception due to Expected condition failed: waiting for ICar.support.WaitUtils$4@6f628e04 (tried for 10 second(s) with 500 milliseconds interval)</small> </font> </div>
<div class="test-event"> <font color="maroon"> <small> &emsp; &emsp;--- 15 Nov 12:00:57 125 - <b>10</b> - Spinner Load Wait: (Sync) - ICar.support.WaitUtils.waitForSpinner(WaitUtils.java:225)</small> </font> </div>
<div class="test-event"> <font color="maroon"> <small> &emsp; &emsp;--- 15 Nov 12:01:07 591 - Catched spinner load exception due to Expected condition failed: waiting for ICar.support.WaitUtils$4@6f628e04 (tried for 10 second(s) with 500 milliseconds interval)</small> </font> </div>
<div class="test-event"> <font color="maroon"> <small> &emsp; &emsp;--- 15 Nov 12:01:07 591 - <b>10</b> - Spinner Load Wait: (Sync) - ICar.support.WaitUtils.waitForSpinner(WaitUtils.java:225)</small> </font> </div>
<div class="test-event"> <font color="maroon"> <small> &emsp; &emsp;--- 15 Nov 12:01:07 916 - Page URL:: https://i-car--staging.sandbox.lightning.force.com/lightning/r/account/0011i00000uwgbcqa2/related/icar_account_subscriptions__r/view?ws=%2flightning%2fr%2faccount%2f0011i00000uwgbcqa2%2fview</small> </font> </div>
<div class="test-event"> <font color="maroon"> <small> &emsp; &emsp;--- 15 Nov 12:01:07 916 - <b>0</b> - Page Load Wait: (Sync) - ICar.support.Utils.waitForPageLoad(Utils.java:109)</small> </font> </div>
<div class="test-event"> <font color="maroon"> <small> &emsp; &emsp;--- 15 Nov 12:01:08 330 - Page URL:: https://i-car--staging.sandbox.lightning.force.com/lightning/r/account/0011i00000uwgbcqa2/related/icar_account_subscriptions__r/view?ws=%2flightning%2fr%2faccount%2f0011i00000uwgbcqa2%2fview</small> </font> </div>
<div class="test-event"> <font color="maroon"> <small> &emsp; &emsp;--- 15 Nov 12:01:08 330 - <b>0</b> - Page Load Wait: (Sync) - ICar.support.Utils.waitForPageLoad(Utils.java:109)</small> </font> </div>
<div class="test-event"> <font color="maroon"> <small> &emsp; &emsp;--- 15 Nov 12:01:23 624 - Catched spinner load exception due to Expected condition failed: waiting for ICar.support.WaitUtils$4@6f628e04 (tried for 15 second(s) with 500 milliseconds interval)</small> </font> </div>
<div class="test-event"> <font color="maroon"> <small> &emsp; &emsp;--- 15 Nov 12:01:23 624 - <b>15</b> - Spinner Load Wait: (Sync) - ICar.support.WaitUtils.waitForSpinner(WaitUtils.java:225)</small> </font> </div>
<div class="test-event"> <font color="maroon"> <small> &emsp; &emsp;--- 15 Nov 12:01:24 078 - Page URL:: https://i-car--staging.sandbox.lightning.force.com/lightning/r/account/0011i00000uwgbcqa2/related/icar_account_subscriptions__r/view?ws=%2flightning%2fr%2faccount%2f0011i00000uwgbcqa2%2fview</small> </font> </div>
<div class="test-event"> <font color="maroon"> <small> &emsp; &emsp;--- 15 Nov 12:01:24 078 - <b>0</b> - Page Load Wait: (Sync) - ICar.support.Utils.waitForPageLoad(Utils.java:109)</small> </font> </div>
<div class="test-message">&emsp;Renewal date displayed as 11/15/2025</div>
<div class="test-message">&emsp;Start date date displayed as 11/15/2024</div>
&emsp;<div class="test-title"> <strong><font size = "3" color = "#0000FF">---Test Execution Ends---</font> </strong> </div>&emsp;]]>
    </system-out>
  </testcase> <!-- TAL_T496 -->
  <system-out>
    <![CDATA[<div class="test-event"> <font color="maroon"> <small> &emsp; &emsp;--- 15 Nov 11:47:52 433 - TestCaseID:: TAL_T496</small> </font> </div>
<div class="test-event"> <font color="maroon"> <small> &emsp; &emsp;--- 15 Nov 11:47:55 737 - <b>3</b> - Driver::initialize::Get - ICar.support.WebDriverFactory.getDriver(WebDriverFactory.java:640)</small> </font> </div>
&emsp;<div class="test-title"> <strong><font size = "3" color = "#000080">Academy Subscription- Annual Plan</font> </strong> </div>&emsp;<div><strong>Steps:</strong></div><!-- Report -->&emsp;
<div class="test-event"> <font color="maroon"> <small> &emsp; &emsp;--- 15 Nov 11:47:58 923 - Element is displayed:: [[ChromeDriver: chrome on WINDOWS (a24c91b86b36d47fd399362ac86d57dc)] -> xpath: //a/img[@alt='Login Image']|//button[@id='btn-login']]</small> </font> </div>
<div class="test-event"> <font color="maroon"> <small> &emsp; &emsp;--- 15 Nov 11:47:59 012 - Element is displayed:: [[ChromeDriver: chrome on WINDOWS (a24c91b86b36d47fd399362ac86d57dc)] -> xpath: //a/img[@alt='Login Image']|//button[@id='btn-login']]</small> </font> </div>
<div class="test-message">&emsp;Successfully navigated to 'Home' Page&emsp;<a href=".\ScreenShot\TAL_T496_692335061496800.png" target="_blank" >[ScreenShot]</a></div>
<div class="test-message">&emsp;Home page is launched.</div>
<div class="test-event"> <font color="maroon"> <small> &emsp; &emsp;--- 15 Nov 11:47:59 502 - Page URL:: https://www.icarstage.com/</small> </font> </div>
<div class="test-event"> <font color="maroon"> <small> &emsp; &emsp;--- 15 Nov 11:47:59 502 - <b>0</b> - Page Load Wait: (Sync) - ICar.support.Utils.waitForPageLoad(Utils.java:109)</small> </font> </div>
<div class="test-event"> <font color="maroon"> <small> &emsp; &emsp;--- 15 Nov 11:47:59 549 - Element is displayed:: [[ChromeDriver: chrome on WINDOWS (a24c91b86b36d47fd399362ac86d57dc)] -> xpath: //a/img[@alt='Login Image']|//button[@id='btn-login']]</small> </font> </div>
<div class="test-event"> <font color="maroon"> <small> &emsp; &emsp;--- 15 Nov 11:47:59 629 - Element is displayed:: [[ChromeDriver: chrome on WINDOWS (a24c91b86b36d47fd399362ac86d57dc)] -> xpath: //a/img[@alt='Login Image']|//button[@id='btn-login']]</small> </font> </div>
<div class="test-event"> <font color="maroon"> <small> &emsp; &emsp;--- 15 Nov 11:48:17 816 - Catched spinner load exception due to Expected condition failed: waiting for ICar.support.WaitUtils$4@6f628e04 (tried for 15 second(s) with 500 milliseconds interval)</small> </font> </div>
<div class="test-event"> <font color="maroon"> <small> &emsp; &emsp;--- 15 Nov 11:48:17 816 - <b>15</b> - Spinner Load Wait: (Sync) - ICar.support.WaitUtils.waitForSpinner(WaitUtils.java:225)</small> </font> </div>
<div class="test-message">&emsp;Login page  should be successfully display</div>
<div class="test-message">&emsp;Successfully navigated to 'Login' Page&emsp;<a href=".\ScreenShot\TAL_T496_692353878804300.png" target="_blank" >[ScreenShot]</a></div>
<div class="test-event"> <font color="maroon"> <small> &emsp; &emsp;--- 15 Nov 11:48:18 029 - Element is displayed:: [[ChromeDriver: chrome on WINDOWS (a24c91b86b36d47fd399362ac86d57dc)] -> id: username]</small> </font> </div>
<div class="test-event"> <font color="maroon"> <small> &emsp; &emsp;--- 15 Nov 11:48:18 101 - Element is displayed:: [[ChromeDriver: chrome on WINDOWS (a24c91b86b36d47fd399362ac86d57dc)] -> id: username]</small> </font> </div>
<div class="test-event"> <font color="maroon"> <small> &emsp; &emsp;--- 15 Nov 11:48:18 351 - Element is displayed:: [[ChromeDriver: chrome on WINDOWS (a24c91b86b36d47fd399362ac86d57dc)] -> id: password]</small> </font> </div>
<div class="test-event"> <font color="maroon"> <small> &emsp; &emsp;--- 15 Nov 11:48:18 534 - Element is displayed:: [[ChromeDriver: chrome on WINDOWS (a24c91b86b36d47fd399362ac86d57dc)] -> id: btn-login]</small> </font> </div>
<div class="test-event"> <font color="maroon"> <small> &emsp; &emsp;--- 15 Nov 11:48:24 435 - Catched spinner load exception due to Expected condition failed: waiting for ICar.support.WaitUtils$4@6f628e04 (tried for 3 second(s) with 500 milliseconds interval)</small> </font> </div>
<div class="test-event"> <font color="maroon"> <small> &emsp; &emsp;--- 15 Nov 11:48:24 435 - <b>5</b> - Spinner Load Wait: (Sync) - ICar.support.WaitUtils.waitForSpinner(WaitUtils.java:225)</small> </font> </div>
<div class="test-event"> <font color="maroon"> <small> &emsp; &emsp;--- 15 Nov 11:48:49 707 - Catched spinner load exception due to Expected condition failed: waiting for ICar.support.WaitUtils$4@6f628e04 (tried for 10 second(s) with 500 milliseconds interval)</small> </font> </div>
<div class="test-event"> <font color="maroon"> <small> &emsp; &emsp;--- 15 Nov 11:48:49 707 - <b>10</b> - Spinner Load Wait: (Sync) - ICar.support.WaitUtils.waitForSpinner(WaitUtils.java:225)</small> </font> </div>
<div class="test-event"> <font color="maroon"> <small> &emsp; &emsp;--- 15 Nov 11:48:49 795 - Element is displayed:: [[ChromeDriver: chrome on WINDOWS (a24c91b86b36d47fd399362ac86d57dc)] -> xpath: //button[@value='Launch My Learning']]</small> </font> </div>
<div class="test-message">&emsp;Enter the user credentials as : Gshlomo2</div>
<div class="test-message">&emsp;Successfully navigated to 'User Home' Page&emsp;<a href=".\ScreenShot\TAL_T496_692385838715600.png" target="_blank" >[ScreenShot]</a></div>
<div class="test-event"> <font color="maroon"> <small> &emsp; &emsp;--- 15 Nov 11:48:50 233 - Page URL:: https://www.icarstage.com/</small> </font> </div>
<div class="test-event"> <font color="maroon"> <small> &emsp; &emsp;--- 15 Nov 11:48:50 233 - <b>0</b> - Page Load Wait: (Sync) - ICar.support.Utils.waitForPageLoad(Utils.java:109)</small> </font> </div>
<div class="test-event"> <font color="maroon"> <small> &emsp; &emsp;--- 15 Nov 11:48:50 312 - Element is displayed:: [[ChromeDriver: chrome on WINDOWS (a24c91b86b36d47fd399362ac86d57dc)] -> xpath: //p[text()='Launch My Learning']]</small> </font> </div>
<div class="test-event"> <font color="maroon"> <small> &emsp; &emsp;--- 15 Nov 11:49:10 813 - Catched spinner load exception due to Expected condition failed: waiting for ICar.support.WaitUtils$4@6f628e04 (tried for 20 second(s) with 500 milliseconds interval)</small> </font> </div>
<div class="test-event"> <font color="maroon"> <small> &emsp; &emsp;--- 15 Nov 11:49:10 813 - <b>20</b> - Spinner Load Wait: (Sync) - ICar.support.WaitUtils.waitForSpinner(WaitUtils.java:225)</small> </font> </div>
<div class="test-event"> <font color="maroon"> <small> &emsp; &emsp;--- 15 Nov 11:49:10 882 - Element is displayed:: [[ChromeDriver: chrome on WINDOWS (a24c91b86b36d47fd399362ac86d57dc)] -> xpath: //div[@class='HeaderCart_Icon']/a]</small> </font> </div>
<div class="test-event"> <font color="maroon"> <small> &emsp; &emsp;--- 15 Nov 11:49:13 009 - Element is displayed:: [[ChromeDriver: chrome on WINDOWS (a24c91b86b36d47fd399362ac86d57dc)] -> xpath: //div[@class='HeaderCart_Icon']/a]</small> </font> </div>
<div class="test-event"> <font color="maroon"> <small> &emsp; &emsp;--- 15 Nov 11:49:33 160 - Catched spinner load exception due to Expected condition failed: waiting for ICar.support.WaitUtils$4@6f628e04 (tried for 15 second(s) with 500 milliseconds interval)</small> </font> </div>
<div class="test-event"> <font color="maroon"> <small> &emsp; &emsp;--- 15 Nov 11:49:33 160 - <b>15</b> - Spinner Load Wait: (Sync) - ICar.support.WaitUtils.waitForSpinner(WaitUtils.java:225)</small> </font> </div>
<div class="test-event"> <font color="maroon"> <small> &emsp; &emsp;--- 15 Nov 11:49:33 288 - Page URL:: https://www.icarstage.com/cart</small> </font> </div>
<div class="test-event"> <font color="maroon"> <small> &emsp; &emsp;--- 15 Nov 11:49:33 288 - <b>0</b> - Page Load Wait: (Sync) - ICar.support.Utils.waitForPageLoad(Utils.java:109)</small> </font> </div>
<div class="test-event"> <font color="maroon"> <small> &emsp; &emsp;--- 15 Nov 11:49:33 353 - Element is displayed:: [[ChromeDriver: chrome on WINDOWS (a24c91b86b36d47fd399362ac86d57dc)] -> xpath: //button[text()='Continue to Checkout']]</small> </font> </div>
<div class="test-event"> <font color="maroon"> <small> &emsp; &emsp;--- 15 Nov 11:49:33 424 - Element is displayed:: [[ChromeDriver: chrome on WINDOWS (a24c91b86b36d47fd399362ac86d57dc)] -> xpath: //button[text()='Empty Cart']]</small> </font> </div>
<div class="test-event"> <font color="maroon"> <small> &emsp; &emsp;--- 15 Nov 11:49:36 655 - Page URL:: https://www.icarstage.com/cart</small> </font> </div>
<div class="test-event"> <font color="maroon"> <small> &emsp; &emsp;--- 15 Nov 11:49:36 655 - <b>0</b> - Page Load Wait: (Sync) - ICar.support.Utils.waitForPageLoad(Utils.java:109)</small> </font> </div>
<div class="test-event"> <font color="maroon"> <small> &emsp; &emsp;--- 15 Nov 11:49:36 711 - Element is displayed:: [[ChromeDriver: chrome on WINDOWS (a24c91b86b36d47fd399362ac86d57dc)] -> xpath: //p[text()='Launch My Learning']]</small> </font> </div>
<div class="test-event"> <font color="maroon"> <small> &emsp; &emsp;--- 15 Nov 11:49:56 781 - Catched spinner load exception due to Expected condition failed: waiting for ICar.support.WaitUtils$4@6f628e04 (tried for 20 second(s) with 500 milliseconds interval)</small> </font> </div>
<div class="test-event"> <font color="maroon"> <small> &emsp; &emsp;--- 15 Nov 11:49:56 781 - <b>20</b> - Spinner Load Wait: (Sync) - ICar.support.WaitUtils.waitForSpinner(WaitUtils.java:225)</small> </font> </div>
<div class="test-event"> <font color="maroon"> <small> &emsp; &emsp;--- 15 Nov 11:49:56 869 - Element is displayed:: [[ChromeDriver: chrome on WINDOWS (a24c91b86b36d47fd399362ac86d57dc)] -> xpath: //commerce_builder-layout-header//div//dxp_content_layout-site-logo//a]</small> </font> </div>
<div class="test-event"> <font color="maroon"> <small> &emsp; &emsp;--- 15 Nov 11:49:58 991 - Element is displayed:: [[ChromeDriver: chrome on WINDOWS (a24c91b86b36d47fd399362ac86d57dc)] -> xpath: //commerce_builder-layout-header//div//dxp_content_layout-site-logo//a]</small> </font> </div>
<div class="test-event"> <font color="maroon"> <small> &emsp; &emsp;--- 15 Nov 11:50:17 330 - Catched spinner load exception due to Expected condition failed: waiting for ICar.support.WaitUtils$4@6f628e04 (tried for 15 second(s) with 500 milliseconds interval)</small> </font> </div>
<div class="test-event"> <font color="maroon"> <small> &emsp; &emsp;--- 15 Nov 11:50:17 330 - <b>15</b> - Spinner Load Wait: (Sync) - ICar.support.WaitUtils.waitForSpinner(WaitUtils.java:225)</small> </font> </div>
<div class="test-event"> <font color="maroon"> <small> &emsp; &emsp;--- 15 Nov 11:50:38 209 - Catched spinner load exception due to Expected condition failed: waiting for ICar.support.WaitUtils$4@6f628e04 (tried for 10 second(s) with 500 milliseconds interval)</small> </font> </div>
<div class="test-event"> <font color="maroon"> <small> &emsp; &emsp;--- 15 Nov 11:50:38 209 - <b>10</b> - Spinner Load Wait: (Sync) - ICar.support.WaitUtils.waitForSpinner(WaitUtils.java:225)</small> </font> </div>
<div class="test-event"> <font color="maroon"> <small> &emsp; &emsp;--- 15 Nov 11:50:38 302 - Element is displayed:: [[ChromeDriver: chrome on WINDOWS (a24c91b86b36d47fd399362ac86d57dc)] -> xpath: //button[@value='Launch My Learning']]</small> </font> </div>
<div class="test-event"> <font color="maroon"> <small> &emsp; &emsp;--- 15 Nov 11:50:40 391 - Element is displayed:: [[ChromeDriver: chrome on WINDOWS (a24c91b86b36d47fd399362ac86d57dc)] -> xpath: //button[@title='Expand Educational Programs']|//button[@title='Educational Programs']]</small> </font> </div>
<div class="test-event"> <font color="maroon"> <small> &emsp; &emsp;--- 15 Nov 11:50:40 465 - Element is displayed:: [[ChromeDriver: chrome on WINDOWS (a24c91b86b36d47fd399362ac86d57dc)] -> xpath: //button[@title='Expand Educational Programs']|//button[@title='Educational Programs']]</small> </font> </div>
<div class="test-event"> <font color="maroon"> <small> &emsp; &emsp;--- 15 Nov 11:50:46 808 - Catched spinner load exception due to Expected condition failed: waiting for ICar.support.WaitUtils$4@6f628e04 (tried for 6 second(s) with 500 milliseconds interval)</small> </font> </div>
<div class="test-event"> <font color="maroon"> <small> &emsp; &emsp;--- 15 Nov 11:50:46 809 - <b>6</b> - Spinner Load Wait: (Sync) - ICar.support.WaitUtils.waitForSpinner(WaitUtils.java:225)</small> </font> </div>
<div class="test-event"> <font color="maroon"> <small> &emsp; &emsp;--- 15 Nov 11:50:48 907 - Element is displayed:: [[ChromeDriver: chrome on WINDOWS (a24c91b86b36d47fd399362ac86d57dc)] -> xpath: //a[@title='Subscriptions']]</small> </font> </div>
<div class="test-event"> <font color="maroon"> <small> &emsp; &emsp;--- 15 Nov 11:50:48 982 - Element is displayed:: [[ChromeDriver: chrome on WINDOWS (a24c91b86b36d47fd399362ac86d57dc)] -> xpath: //a[@title='Subscriptions']]</small> </font> </div>
<div class="test-event"> <font color="maroon"> <small> &emsp; &emsp;--- 15 Nov 11:50:58 382 - Catched spinner load exception due to Expected condition failed: waiting for ICar.support.WaitUtils$4@6f628e04 (tried for 6 second(s) with 500 milliseconds interval)</small> </font> </div>
<div class="test-event"> <font color="maroon"> <small> &emsp; &emsp;--- 15 Nov 11:50:58 383 - <b>6</b> - Spinner Load Wait: (Sync) - ICar.support.WaitUtils.waitForSpinner(WaitUtils.java:225)</small> </font> </div>
<div class="test-message">&emsp;Clicked on Subscription Icon</div>
<div class="test-event"> <font color="maroon"> <small> &emsp; &emsp;--- 15 Nov 11:51:08 891 - Catched spinner load exception due to Expected condition failed: waiting for ICar.support.WaitUtils$4@6f628e04 (tried for 10 second(s) with 500 milliseconds interval)</small> </font> </div>
<div class="test-event"> <font color="maroon"> <small> &emsp; &emsp;--- 15 Nov 11:51:08 891 - <b>10</b> - Spinner Load Wait: (Sync) - ICar.support.WaitUtils.waitForSpinner(WaitUtils.java:225)</small> </font> </div>
<div class="test-event"> <font color="maroon"> <small> &emsp; &emsp;--- 15 Nov 11:51:08 991 - Page URL:: https://www.icarstage.com/subscription</small> </font> </div>
<div class="test-event"> <font color="maroon"> <small> &emsp; &emsp;--- 15 Nov 11:51:08 991 - <b>0</b> - Page Load Wait: (Sync) - ICar.support.Utils.waitForPageLoad(Utils.java:109)</small> </font> </div>
<div class="test-event"> <font color="maroon"> <small> &emsp; &emsp;--- 15 Nov 11:51:11 112 - Element is displayed:: [[ChromeDriver: chrome on WINDOWS (a24c91b86b36d47fd399362ac86d57dc)] -> xpath: (//button[text()='Get Started'])[2]]</small> </font> </div>
<div class="test-event"> <font color="maroon"> <small> &emsp; &emsp;--- 15 Nov 11:51:17 703 - Catched spinner load exception due to Expected condition failed: waiting for ICar.support.WaitUtils$4@6f628e04 (tried for 5 second(s) with 500 milliseconds interval)</small> </font> </div>
<div class="test-event"> <font color="maroon"> <small> &emsp; &emsp;--- 15 Nov 11:51:17 703 - <b>5</b> - Spinner Load Wait: (Sync) - ICar.support.WaitUtils.waitForSpinner(WaitUtils.java:225)</small> </font> </div>
<div class="test-event"> <font color="maroon"> <small> &emsp; &emsp;--- 15 Nov 11:51:19 789 - Element is displayed:: [[ChromeDriver: chrome on WINDOWS (a24c91b86b36d47fd399362ac86d57dc)] -> xpath: //h2[text()='Subscription']]</small> </font> </div>
<div class="test-event"> <font color="maroon"> <small> &emsp; &emsp;--- 15 Nov 11:51:19 854 - Element is displayed:: [[ChromeDriver: chrome on WINDOWS (a24c91b86b36d47fd399362ac86d57dc)] -> xpath: //h2[text()='Subscription']]</small> </font> </div>
<div class="test-event"> <font color="maroon"> <small> &emsp; &emsp;--- 15 Nov 11:51:23 062 - Catched spinner load exception due to Expected condition failed: waiting for ICar.support.WaitUtils$4@6f628e04 (tried for 3 second(s) with 500 milliseconds interval)</small> </font> </div>
<div class="test-event"> <font color="maroon"> <small> &emsp; &emsp;--- 15 Nov 11:51:23 062 - <b>3</b> - Spinner Load Wait: (Sync) - ICar.support.WaitUtils.waitForSpinner(WaitUtils.java:225)</small> </font> </div>
<div class="test-event"> <font color="maroon"> <small> &emsp; &emsp;--- 15 Nov 11:51:28 302 - Catched spinner load exception due to Expected condition failed: waiting for ICar.support.WaitUtils$4@6f628e04 (tried for 5 second(s) with 500 milliseconds interval)</small> </font> </div>
<div class="test-event"> <font color="maroon"> <small> &emsp; &emsp;--- 15 Nov 11:51:28 303 - <b>5</b> - Spinner Load Wait: (Sync) - ICar.support.WaitUtils.waitForSpinner(WaitUtils.java:225)</small> </font> </div>
<div class="test-event"> <font color="maroon"> <small> &emsp; &emsp;--- 15 Nov 11:51:31 340 - Moved to element..</small> </font> </div>
<div class="test-event"> <font color="maroon"> <small> &emsp; &emsp;--- 15 Nov 11:52:24 208 - Unable to find an element after 12 sec ==> Proxy element for: AjaxElementLocator 'By.xpath: (//button[text()='Get Started'])[2]'</small> </font> </div>
<div class="test-event"> <font color="maroon"> <small> &emsp; &emsp;--- 15 Nov 11:52:37 351 - Unable to find a element after 10 sec ==> Proxy element for: AjaxElementLocator 'By.xpath: (//button[text()='Get Started'])[2]'</small> </font> </div>
<div class="test-event"> <font color="maroon"> <small> &emsp; &emsp;--- 15 Nov 11:52:40 484 - Catched spinner load exception due to Expected condition failed: waiting for ICar.support.WaitUtils$4@6f628e04 (tried for 3 second(s) with 500 milliseconds interval)</small> </font> </div>
<div class="test-event"> <font color="maroon"> <small> &emsp; &emsp;--- 15 Nov 11:52:40 484 - <b>3</b> - Spinner Load Wait: (Sync) - ICar.support.WaitUtils.waitForSpinner(WaitUtils.java:225)</small> </font> </div>
<div class="test-event"> <font color="maroon"> <small> &emsp; &emsp;--- 15 Nov 11:52:40 548 - Element is displayed:: [[ChromeDriver: chrome on WINDOWS (a24c91b86b36d47fd399362ac86d57dc)] -> xpath: //button[@name='shopOpt']]</small> </font> </div>
<div class="test-message">&emsp;Selected the shop'3 Million Collision Crafts' from subscription drop down</div>
<div class="test-event"> <font color="maroon"> <small> &emsp; &emsp;--- 15 Nov 11:52:47 870 - Catched spinner load exception due to Expected condition failed: waiting for ICar.support.WaitUtils$4@6f628e04 (tried for 5 second(s) with 500 milliseconds interval)</small> </font> </div>
<div class="test-event"> <font color="maroon"> <small> &emsp; &emsp;--- 15 Nov 11:52:47 871 - <b>5</b> - Spinner Load Wait: (Sync) - ICar.support.WaitUtils.waitForSpinner(WaitUtils.java:225)</small> </font> </div>
<div class="test-event"> <font color="maroon"> <small> &emsp; &emsp;--- 15 Nov 11:52:47 974 - Element is displayed:: [[ChromeDriver: chrome on WINDOWS (a24c91b86b36d47fd399362ac86d57dc)] -> xpath: //button[text()='View Agreement']]</small> </font> </div>
<div class="test-event"> <font color="maroon"> <small> &emsp; &emsp;--- 15 Nov 11:52:53 323 - Catched spinner load exception due to Expected condition failed: waiting for ICar.support.WaitUtils$4@6f628e04 (tried for 5 second(s) with 500 milliseconds interval)</small> </font> </div>
<div class="test-event"> <font color="maroon"> <small> &emsp; &emsp;--- 15 Nov 11:52:53 323 - <b>5</b> - Spinner Load Wait: (Sync) - ICar.support.WaitUtils.waitForSpinner(WaitUtils.java:225)</small> </font> </div>
<div class="test-event"> <font color="maroon"> <small> &emsp; &emsp;--- 15 Nov 11:52:53 400 - Element is displayed:: [[ChromeDriver: chrome on WINDOWS (a24c91b86b36d47fd399362ac86d57dc)] -> xpath: //button[text()='Agree']]</small> </font> </div>
<div class="test-message">&emsp;Agreement has been accepted</div>
<div class="test-message">&emsp;Select pay Full&emsp;<a href=".\ScreenShot\TAL_T496_692639573332000.png" target="_blank" >[ScreenShot]</a></div>
<div class="test-event"> <font color="maroon"> <small> &emsp; &emsp;--- 15 Nov 11:53:03 829 - Page URL:: https://www.icarstage.com/product/academy-subscription/01trm000007al5ziaw</small> </font> </div>
<div class="test-event"> <font color="maroon"> <small> &emsp; &emsp;--- 15 Nov 11:53:03 829 - <b>0</b> - Page Load Wait: (Sync) - ICar.support.Utils.waitForPageLoad(Utils.java:109)</small> </font> </div>
<div class="test-event"> <font color="maroon"> <small> &emsp; &emsp;--- 15 Nov 11:53:08 055 - Catched spinner load exception due to Expected condition failed: waiting for ICar.support.WaitUtils$4@6f628e04 (tried for 4 second(s) with 500 milliseconds interval)</small> </font> </div>
<div class="test-event"> <font color="maroon"> <small> &emsp; &emsp;--- 15 Nov 11:53:08 055 - <b>4</b> - Spinner Load Wait: (Sync) - ICar.support.WaitUtils.waitForSpinner(WaitUtils.java:225)</small> </font> </div>
<div class="test-event"> <font color="maroon"> <small> &emsp; &emsp;--- 15 Nov 11:53:18 209 - Element is displayed:: [[ChromeDriver: chrome on WINDOWS (a24c91b86b36d47fd399362ac86d57dc)] -> xpath: //button[@class='addtoCart']]</small> </font> </div>
<div class="test-event"> <font color="maroon"> <small> &emsp; &emsp;--- 15 Nov 11:53:21 108 - Element is displayed:: [[ChromeDriver: chrome on WINDOWS (a24c91b86b36d47fd399362ac86d57dc)] -> xpath: //slot[@name='message']]</small> </font> </div>
<div class="test-message">&emsp;Successfully added the course to cart&emsp;<a href=".\ScreenShot\TAL_T496_692657162195100.png" target="_blank" >[ScreenShot]</a></div>
<div class="test-event"> <font color="maroon"> <small> &emsp; &emsp;--- 15 Nov 11:53:21 419 - Page URL:: https://www.icarstage.com/product/academy-subscription/01trm000007al5ziaw</small> </font> </div>
<div class="test-event"> <font color="maroon"> <small> &emsp; &emsp;--- 15 Nov 11:53:21 420 - <b>0</b> - Page Load Wait: (Sync) - ICar.support.Utils.waitForPageLoad(Utils.java:109)</small> </font> </div>
<div class="test-event"> <font color="maroon"> <small> &emsp; &emsp;--- 15 Nov 11:53:21 486 - Element is displayed:: [[ChromeDriver: chrome on WINDOWS (a24c91b86b36d47fd399362ac86d57dc)] -> xpath: //p[text()='Launch My Learning']]</small> </font> </div>
<div class="test-event"> <font color="maroon"> <small> &emsp; &emsp;--- 15 Nov 11:53:21 532 - Element is displayed:: [[ChromeDriver: chrome on WINDOWS (a24c91b86b36d47fd399362ac86d57dc)] -> xpath: //lightning-layout[@class='left-margin slds-align_absolute-center slds-grid slds-grid_align-spread slds-wrap']//lightning-layout-item[2]//a]</small> </font> </div>
<div class="test-event"> <font color="maroon"> <small> &emsp; &emsp;--- 15 Nov 11:53:23 655 - Element is displayed:: [[ChromeDriver: chrome on WINDOWS (a24c91b86b36d47fd399362ac86d57dc)] -> xpath: //lightning-layout[@class='left-margin slds-align_absolute-center slds-grid slds-grid_align-spread slds-wrap']//lightning-layout-item[2]//a]</small> </font> </div>
<div class="test-event"> <font color="maroon"> <small> &emsp; &emsp;--- 15 Nov 11:53:23 773 - Element is displayed:: [[ChromeDriver: chrome on WINDOWS (a24c91b86b36d47fd399362ac86d57dc)] -> xpath: //ul[@aria-label='Show More']//li[2]/a]</small> </font> </div>
<div class="test-event"> <font color="maroon"> <small> &emsp; &emsp;--- 15 Nov 11:53:23 833 - Element is displayed:: [[ChromeDriver: chrome on WINDOWS (a24c91b86b36d47fd399362ac86d57dc)] -> xpath: //ul[@aria-label='Show More']//li[2]/a]</small> </font> </div>
<div class="test-event"> <font color="maroon"> <small> &emsp; &emsp;--- 15 Nov 11:53:41 022 - Catched spinner load exception due to Expected condition failed: waiting for ICar.support.WaitUtils$4@6f628e04 (tried for 15 second(s) with 500 milliseconds interval)</small> </font> </div>
<div class="test-event"> <font color="maroon"> <small> &emsp; &emsp;--- 15 Nov 11:53:41 023 - <b>15</b> - Spinner Load Wait: (Sync) - ICar.support.WaitUtils.waitForSpinner(WaitUtils.java:225)</small> </font> </div>
<div class="test-event"> <font color="maroon"> <small> &emsp; &emsp;--- 15 Nov 11:53:41 134 - Page URL:: https://www.icarstage.com/my-payment-information</small> </font> </div>
<div class="test-event"> <font color="maroon"> <small> &emsp; &emsp;--- 15 Nov 11:53:41 135 - <b>0</b> - Page Load Wait: (Sync) - ICar.support.Utils.waitForPageLoad(Utils.java:109)</small> </font> </div>
<div class="test-event"> <font color="maroon"> <small> &emsp; &emsp;--- 15 Nov 11:53:41 205 - Element is displayed:: [[ChromeDriver: chrome on WINDOWS (a24c91b86b36d47fd399362ac86d57dc)] -> xpath: //a[contains(text(),'Credit Card')]]</small> </font> </div>
<div class="test-message">&emsp;Successfully navigated to 'My Payment Information' Page&emsp;<a href=".\ScreenShot\TAL_T496_692677241404800.png" target="_blank" >[ScreenShot]</a></div>
<div class="test-event"> <font color="maroon"> <small> &emsp; &emsp;--- 15 Nov 11:53:52 889 - Element Proxy element for: AjaxElementLocator 'By.xpath: //slot[@name='message']', is not displayed in page </small> </font> </div>
<div class="test-event"> <font color="maroon"> <small> &emsp; &emsp;--- 15 Nov 11:54:06 396 - Catched spinner load exception due to Expected condition failed: waiting for ICar.support.WaitUtils$4@6f628e04 (tried for 10 second(s) with 500 milliseconds interval)</small> </font> </div>
<div class="test-event"> <font color="maroon"> <small> &emsp; &emsp;--- 15 Nov 11:54:06 396 - <b>10</b> - Spinner Load Wait: (Sync) - ICar.support.WaitUtils.waitForSpinner(WaitUtils.java:225)</small> </font> </div>
<div class="test-event"> <font color="maroon"> <small> &emsp; &emsp;--- 15 Nov 11:54:06 474 - Element is displayed:: [[ChromeDriver: chrome on WINDOWS (a24c91b86b36d47fd399362ac86d57dc)] -> xpath: //a[contains(text(),'Credit Card')]]</small> </font> </div>
<div class="test-event"> <font color="maroon"> <small> &emsp; &emsp;--- 15 Nov 11:54:12 814 - Catched spinner load exception due to Expected condition failed: waiting for ICar.support.WaitUtils$4@6f628e04 (tried for 6 second(s) with 500 milliseconds interval)</small> </font> </div>
<div class="test-event"> <font color="maroon"> <small> &emsp; &emsp;--- 15 Nov 11:54:12 815 - <b>6</b> - Spinner Load Wait: (Sync) - ICar.support.WaitUtils.waitForSpinner(WaitUtils.java:225)</small> </font> </div>
<div class="test-event"> <font color="maroon"> <small> &emsp; &emsp;--- 15 Nov 11:54:21 287 - Catched spinner load exception due to Expected condition failed: waiting for ICar.support.WaitUtils$4@6f628e04 (tried for 6 second(s) with 500 milliseconds interval)</small> </font> </div>
<div class="test-event"> <font color="maroon"> <small> &emsp; &emsp;--- 15 Nov 11:54:21 287 - <b>6</b> - Spinner Load Wait: (Sync) - ICar.support.WaitUtils.waitForSpinner(WaitUtils.java:225)</small> </font> </div>
<div class="test-event"> <font color="maroon"> <small> &emsp; &emsp;--- 15 Nov 11:54:21 380 - Element is displayed:: [[ChromeDriver: chrome on WINDOWS (a24c91b86b36d47fd399362ac86d57dc)] -> xpath: //input[@name='cardnumber']]</small> </font> </div>
<div class="test-event"> <font color="maroon"> <small> &emsp; &emsp;--- 15 Nov 11:54:22 494 - Element is displayed:: [[ChromeDriver: chrome on WINDOWS (a24c91b86b36d47fd399362ac86d57dc)] -> xpath: //input[@name='exp-date']]</small> </font> </div>
<div class="test-event"> <font color="maroon"> <small> &emsp; &emsp;--- 15 Nov 11:54:22 785 - Element is displayed:: [[ChromeDriver: chrome on WINDOWS (a24c91b86b36d47fd399362ac86d57dc)] -> xpath: //input[@name='cvc']]</small> </font> </div>
<div class="test-event"> <font color="maroon"> <small> &emsp; &emsp;--- 15 Nov 11:54:23 094 - Element is displayed:: [[ChromeDriver: chrome on WINDOWS (a24c91b86b36d47fd399362ac86d57dc)] -> xpath: //input[@name='postal']]</small> </font> </div>
<div class="test-event"> <font color="maroon"> <small> &emsp; &emsp;--- 15 Nov 11:54:23 504 - Element is displayed:: [[ChromeDriver: chrome on WINDOWS (a24c91b86b36d47fd399362ac86d57dc)] -> xpath: //button[@title='Add Card']]</small> </font> </div>
<div class="test-event"> <font color="maroon"> <small> &emsp; &emsp;--- 15 Nov 11:54:25 098 - Element is displayed:: [[ChromeDriver: chrome on WINDOWS (a24c91b86b36d47fd399362ac86d57dc)] -> xpath: //slot[@name='message']]</small> </font> </div>
<div class="test-message">&emsp;Successfully add card to 'My Payment Information' Page&emsp;<a href=".\ScreenShot\TAL_T496_692721163311000.png" target="_blank" >[ScreenShot]</a></div>
<div class="test-event"> <font color="maroon"> <small> &emsp; &emsp;--- 15 Nov 11:54:33 514 - Element Proxy element for: AjaxElementLocator 'By.xpath: //slot[@name='message']', is not displayed in page </small> </font> </div>
<div class="test-event"> <font color="maroon"> <small> &emsp; &emsp;--- 15 Nov 11:54:37 584 - Element is displayed:: [[ChromeDriver: chrome on WINDOWS (a24c91b86b36d47fd399362ac86d57dc)] -> xpath: //c-b2b_-my-payment-info[contains(@data-component-id,'MyPaymentInfo')]/div[1]/div[2]/div[1]/div[2]/div/div[4]//lightning-primitive-input-radio]</small> </font> </div>
<div class="test-event"> <font color="maroon"> <small> &emsp; &emsp;--- 15 Nov 11:54:37 707 - Element is displayed:: [[ChromeDriver: chrome on WINDOWS (a24c91b86b36d47fd399362ac86d57dc)] -> xpath: //button[@title='Yes']]</small> </font> </div>
<div class="test-event"> <font color="maroon"> <small> &emsp; &emsp;--- 15 Nov 11:54:37 792 - Element is displayed:: [[ChromeDriver: chrome on WINDOWS (a24c91b86b36d47fd399362ac86d57dc)] -> xpath: //button[@title='Yes']]</small> </font> </div>
<div class="test-message">&emsp;Successfully set the card as default in 'My Payment Information' Page&emsp;<a href=".\ScreenShot\TAL_T496_692735323432200.png" target="_blank" >[ScreenShot]</a></div>
<div class="test-event"> <font color="maroon"> <small> &emsp; &emsp;--- 15 Nov 11:54:39 617 - Page URL:: https://www.icarstage.com/my-payment-information</small> </font> </div>
<div class="test-event"> <font color="maroon"> <small> &emsp; &emsp;--- 15 Nov 11:54:39 617 - <b>0</b> - Page Load Wait: (Sync) - ICar.support.Utils.waitForPageLoad(Utils.java:109)</small> </font> </div>
<div class="test-event"> <font color="maroon"> <small> &emsp; &emsp;--- 15 Nov 11:54:39 681 - Element is displayed:: [[ChromeDriver: chrome on WINDOWS (a24c91b86b36d47fd399362ac86d57dc)] -> xpath: //p[text()='Launch My Learning']]</small> </font> </div>
<div class="test-event"> <font color="maroon"> <small> &emsp; &emsp;--- 15 Nov 11:55:00 135 - Catched spinner load exception due to Expected condition failed: waiting for ICar.support.WaitUtils$4@6f628e04 (tried for 20 second(s) with 500 milliseconds interval)</small> </font> </div>
<div class="test-event"> <font color="maroon"> <small> &emsp; &emsp;--- 15 Nov 11:55:00 135 - <b>20</b> - Spinner Load Wait: (Sync) - ICar.support.WaitUtils.waitForSpinner(WaitUtils.java:225)</small> </font> </div>
<div class="test-event"> <font color="maroon"> <small> &emsp; &emsp;--- 15 Nov 11:55:00 185 - Element is displayed:: [[ChromeDriver: chrome on WINDOWS (a24c91b86b36d47fd399362ac86d57dc)] -> xpath: //div[@class='HeaderCart_Icon']/a]</small> </font> </div>
<div class="test-event"> <font color="maroon"> <small> &emsp; &emsp;--- 15 Nov 11:55:02 299 - Element is displayed:: [[ChromeDriver: chrome on WINDOWS (a24c91b86b36d47fd399362ac86d57dc)] -> xpath: //div[@class='HeaderCart_Icon']/a]</small> </font> </div>
<div class="test-event"> <font color="maroon"> <small> &emsp; &emsp;--- 15 Nov 11:55:22 558 - Catched spinner load exception due to Expected condition failed: waiting for ICar.support.WaitUtils$4@6f628e04 (tried for 15 second(s) with 500 milliseconds interval)</small> </font> </div>
<div class="test-event"> <font color="maroon"> <small> &emsp; &emsp;--- 15 Nov 11:55:22 558 - <b>15</b> - Spinner Load Wait: (Sync) - ICar.support.WaitUtils.waitForSpinner(WaitUtils.java:225)</small> </font> </div>
<div class="test-event"> <font color="maroon"> <small> &emsp; &emsp;--- 15 Nov 11:55:22 682 - Page URL:: https://www.icarstage.com/cart</small> </font> </div>
<div class="test-event"> <font color="maroon"> <small> &emsp; &emsp;--- 15 Nov 11:55:22 683 - <b>0</b> - Page Load Wait: (Sync) - ICar.support.Utils.waitForPageLoad(Utils.java:109)</small> </font> </div>
<div class="test-event"> <font color="maroon"> <small> &emsp; &emsp;--- 15 Nov 11:55:22 748 - Element is displayed:: [[ChromeDriver: chrome on WINDOWS (a24c91b86b36d47fd399362ac86d57dc)] -> xpath: //button[text()='Continue to Checkout']]</small> </font> </div>
<div class="test-event"> <font color="maroon"> <small> &emsp; &emsp;--- 15 Nov 11:55:28 064 - Catched spinner load exception due to Expected condition failed: waiting for ICar.support.WaitUtils$4@6f628e04 (tried for 5 second(s) with 500 milliseconds interval)</small> </font> </div>
<div class="test-event"> <font color="maroon"> <small> &emsp; &emsp;--- 15 Nov 11:55:28 064 - <b>5</b> - Spinner Load Wait: (Sync) - ICar.support.WaitUtils.waitForSpinner(WaitUtils.java:225)</small> </font> </div>
<div class="test-event"> <font color="maroon"> <small> &emsp; &emsp;--- 15 Nov 11:55:28 151 - Element is displayed:: [[ChromeDriver: chrome on WINDOWS (a24c91b86b36d47fd399362ac86d57dc)] -> xpath: //c-b2b_-cart-items[contains(@data-component-id,'b2b_CartItems-a')]//div[@class='left-width']//div[@data-label='LearningPlan']/div]</small> </font> </div>
<div class="test-message">&emsp;Successfully verified the course name displayed in table&emsp;<a href=".\ScreenShot\TAL_T496_692786240220900.png" target="_blank" >[ScreenShot]</a></div>
<div class="test-event"> <font color="maroon"> <small> &emsp; &emsp;--- 15 Nov 11:55:32 421 - Element is displayed:: [[ChromeDriver: chrome on WINDOWS (a24c91b86b36d47fd399362ac86d57dc)] -> xpath: //button[text()='Continue to Checkout']]</small> </font> </div>
<div class="test-event"> <font color="maroon"> <small> &emsp; &emsp;--- 15 Nov 11:55:35 521 - Catched spinner load exception due to Expected condition failed: waiting for ICar.support.WaitUtils$4@6f628e04 (tried for 3 second(s) with 500 milliseconds interval)</small> </font> </div>
<div class="test-event"> <font color="maroon"> <small> &emsp; &emsp;--- 15 Nov 11:55:35 521 - <b>3</b> - Spinner Load Wait: (Sync) - ICar.support.WaitUtils.waitForSpinner(WaitUtils.java:225)</small> </font> </div>
<div class="test-event"> <font color="maroon"> <small> &emsp; &emsp;--- 15 Nov 11:55:44 058 - Catched spinner load exception due to Expected condition failed: waiting for ICar.support.WaitUtils$4@6f628e04 (tried for 8 second(s) with 500 milliseconds interval)</small> </font> </div>
<div class="test-event"> <font color="maroon"> <small> &emsp; &emsp;--- 15 Nov 11:55:44 058 - <b>8</b> - Spinner Load Wait: (Sync) - ICar.support.WaitUtils.waitForSpinner(WaitUtils.java:225)</small> </font> </div>
<div class="test-event"> <font color="maroon"> <small> &emsp; &emsp;--- 15 Nov 11:55:44 136 - Page URL:: https://www.icarstage.com/checkout</small> </font> </div>
<div class="test-event"> <font color="maroon"> <small> &emsp; &emsp;--- 15 Nov 11:55:44 136 - <b>0</b> - Page Load Wait: (Sync) - ICar.support.Utils.waitForPageLoad(Utils.java:109)</small> </font> </div>
<div class="test-event"> <font color="maroon"> <small> &emsp; &emsp;--- 15 Nov 11:55:44 206 - Element is displayed:: [[ChromeDriver: chrome on WINDOWS (a24c91b86b36d47fd399362ac86d57dc)] -> xpath: //button[contains(@aria-label,'Payment Method')]]</small> </font> </div>
<div class="test-event"> <font color="maroon"> <small> &emsp; &emsp;--- 15 Nov 11:55:44 280 - Element is displayed:: [[ChromeDriver: chrome on WINDOWS (a24c91b86b36d47fd399362ac86d57dc)] -> xpath: //button[contains(@aria-label,'Payment Method')]]</small> </font> </div>
<div class="test-event"> <font color="maroon"> <small> &emsp; &emsp;--- 15 Nov 11:55:44 339 - Element is displayed:: [[ChromeDriver: chrome on WINDOWS (a24c91b86b36d47fd399362ac86d57dc)] -> xpath: //button[contains(@aria-label,'Payment Method')]]</small> </font> </div>
<div class="test-event"> <font color="maroon"> <small> &emsp; &emsp;--- 15 Nov 11:55:50 720 - Element is displayed:: [[ChromeDriver: chrome on WINDOWS (a24c91b86b36d47fd399362ac86d57dc)] -> xpath: //div[@aria-label='Payment Method']//lightning-base-combobox-item//span[@class='slds-truncate']]</small> </font> </div>
<div class="test-message">&emsp;Credit card payment option already exist in payment selection drop down</div>
<div class="test-message">&emsp;Successfully selected and verfied the Payment method in 'Payment details' Page&emsp;<a href=".\ScreenShot\TAL_T496_692808787173300.png" target="_blank" >[ScreenShot]</a></div>
<div class="test-message">&emsp;12.Click proceed to confirm subscription</div>
<div class="test-event"> <font color="maroon"> <small> &emsp; &emsp;--- 15 Nov 11:55:52 913 - Element is displayed:: [[ChromeDriver: chrome on WINDOWS (a24c91b86b36d47fd399362ac86d57dc)] -> xpath: //button[text()='Complete Purchase']]</small> </font> </div>
<div class="test-event"> <font color="maroon"> <small> &emsp; &emsp;--- 15 Nov 11:55:52 970 - Element is displayed:: [[ChromeDriver: chrome on WINDOWS (a24c91b86b36d47fd399362ac86d57dc)] -> xpath: //button[text()='Complete Purchase']]</small> </font> </div>
<div class="test-event"> <font color="maroon"> <small> &emsp; &emsp;--- 15 Nov 11:55:53 130 - Page URL:: https://www.icarstage.com/checkout</small> </font> </div>
<div class="test-event"> <font color="maroon"> <small> &emsp; &emsp;--- 15 Nov 11:55:53 130 - <b>0</b> - Page Load Wait: (Sync) - ICar.support.Utils.waitForPageLoad(Utils.java:109)</small> </font> </div>
<div class="test-event"> <font color="maroon"> <small> &emsp; &emsp;--- 15 Nov 11:56:07 346 - Catched spinner load exception due to Expected condition failed: waiting for ICar.support.WaitUtils$4@6f628e04 (tried for 14 second(s) with 500 milliseconds interval)</small> </font> </div>
<div class="test-event"> <font color="maroon"> <small> &emsp; &emsp;--- 15 Nov 11:56:07 346 - <b>14</b> - Spinner Load Wait: (Sync) - ICar.support.WaitUtils.waitForSpinner(WaitUtils.java:225)</small> </font> </div>
<div class="test-event"> <font color="maroon"> <small> &emsp; &emsp;--- 15 Nov 11:56:07 425 - Element is displayed:: [[ChromeDriver: chrome on WINDOWS (a24c91b86b36d47fd399362ac86d57dc)] -> xpath: //div[@class='summary-align']//div[text()='Order']//following::div[1]]</small> </font> </div>
<div class="test-event"> <font color="maroon"> <small> &emsp; &emsp;--- 15 Nov 11:56:10 538 - Element is displayed:: [[ChromeDriver: chrome on WINDOWS (a24c91b86b36d47fd399362ac86d57dc)] -> xpath: //div[@class='summary-align']//div[text()='Order']//following::div[1]]</small> </font> </div>
<div class="test-message">&emsp;Successfully Purchased the shop with order no : 00623536&emsp;<a href=".\ScreenShot\TAL_T496_692826575142700.png" target="_blank" >[ScreenShot]</a></div>
<div class="test-event"> <font color="maroon"> <small> &emsp; &emsp;--- 15 Nov 11:56:10 772 - Page URL:: https://www.icarstage.com/order?orderid=801va00000dmklzya5</small> </font> </div>
<div class="test-event"> <font color="maroon"> <small> &emsp; &emsp;--- 15 Nov 11:56:10 772 - <b>0</b> - Page Load Wait: (Sync) - ICar.support.Utils.waitForPageLoad(Utils.java:109)</small> </font> </div>
<div class="test-event"> <font color="maroon"> <small> &emsp; &emsp;--- 15 Nov 11:56:10 844 - Element is displayed:: [[ChromeDriver: chrome on WINDOWS (a24c91b86b36d47fd399362ac86d57dc)] -> xpath: //p[text()='Launch My Learning']]</small> </font> </div>
<div class="test-event"> <font color="maroon"> <small> &emsp; &emsp;--- 15 Nov 11:56:10 907 - Element is displayed:: [[ChromeDriver: chrome on WINDOWS (a24c91b86b36d47fd399362ac86d57dc)] -> xpath: //lightning-layout[@class='left-margin slds-align_absolute-center slds-grid slds-grid_align-spread slds-wrap']//lightning-layout-item[2]//a]</small> </font> </div>
<div class="test-event"> <font color="maroon"> <small> &emsp; &emsp;--- 15 Nov 11:56:13 013 - Element is displayed:: [[ChromeDriver: chrome on WINDOWS (a24c91b86b36d47fd399362ac86d57dc)] -> xpath: //lightning-layout[@class='left-margin slds-align_absolute-center slds-grid slds-grid_align-spread slds-wrap']//lightning-layout-item[2]//a]</small> </font> </div>
<div class="test-event"> <font color="maroon"> <small> &emsp; &emsp;--- 15 Nov 11:56:13 126 - Element is displayed:: [[ChromeDriver: chrome on WINDOWS (a24c91b86b36d47fd399362ac86d57dc)] -> xpath: //ul[@aria-label='Show More']//li[2]/a]</small> </font> </div>
<div class="test-event"> <font color="maroon"> <small> &emsp; &emsp;--- 15 Nov 11:56:13 185 - Element is displayed:: [[ChromeDriver: chrome on WINDOWS (a24c91b86b36d47fd399362ac86d57dc)] -> xpath: //ul[@aria-label='Show More']//li[2]/a]</small> </font> </div>
<div class="test-event"> <font color="maroon"> <small> &emsp; &emsp;--- 15 Nov 11:56:29 371 - Catched spinner load exception due to Expected condition failed: waiting for ICar.support.WaitUtils$4@6f628e04 (tried for 15 second(s) with 500 milliseconds interval)</small> </font> </div>
<div class="test-event"> <font color="maroon"> <small> &emsp; &emsp;--- 15 Nov 11:56:29 371 - <b>15</b> - Spinner Load Wait: (Sync) - ICar.support.WaitUtils.waitForSpinner(WaitUtils.java:225)</small> </font> </div>
<div class="test-event"> <font color="maroon"> <small> &emsp; &emsp;--- 15 Nov 11:56:29 499 - Page URL:: https://www.icarstage.com/my-payment-information</small> </font> </div>
<div class="test-event"> <font color="maroon"> <small> &emsp; &emsp;--- 15 Nov 11:56:29 499 - <b>0</b> - Page Load Wait: (Sync) - ICar.support.Utils.waitForPageLoad(Utils.java:109)</small> </font> </div>
<div class="test-event"> <font color="maroon"> <small> &emsp; &emsp;--- 15 Nov 11:56:29 561 - Element is displayed:: [[ChromeDriver: chrome on WINDOWS (a24c91b86b36d47fd399362ac86d57dc)] -> xpath: //a[contains(text(),'Credit Card')]]</small> </font> </div>
<div class="test-message">&emsp;Successfully navigated to 'My Payment Information' Page&emsp;<a href=".\ScreenShot\TAL_T496_692845603971100.png" target="_blank" >[ScreenShot]</a></div>
<div class="test-event"> <font color="maroon"> <small> &emsp; &emsp;--- 15 Nov 11:56:38 291 - Element Proxy element for: AjaxElementLocator 'By.xpath: //slot[@name='message']', is not displayed in page </small> </font> </div>
<div class="test-event"> <font color="maroon"> <small> &emsp; &emsp;--- 15 Nov 11:56:38 315 - Element is displayed:: [[ChromeDriver: chrome on WINDOWS (a24c91b86b36d47fd399362ac86d57dc)] -> xpath: (//a[contains(@name,'delete|card_')])/lightning-icon]</small> </font> </div>
<div class="test-event"> <font color="maroon"> <small> &emsp; &emsp;--- 15 Nov 11:56:38 640 - Element is displayed:: [[ChromeDriver: chrome on WINDOWS (a24c91b86b36d47fd399362ac86d57dc)] -> xpath: //button[@title='Yes']]</small> </font> </div>
<div class="test-event"> <font color="maroon"> <small> &emsp; &emsp;--- 15 Nov 11:56:38 789 - Element is displayed:: [[ChromeDriver: chrome on WINDOWS (a24c91b86b36d47fd399362ac86d57dc)] -> xpath: //button[@title='Yes']]</small> </font> </div>
<div class="test-event"> <font color="maroon"> <small> &emsp; &emsp;--- 15 Nov 11:56:40 089 - Catched spinner load exception due to Expected condition failed: waiting for ICar.support.WaitUtils$4@6f628e04 (tried for 1 second(s) with 500 milliseconds interval)</small> </font> </div>
<div class="test-event"> <font color="maroon"> <small> &emsp; &emsp;--- 15 Nov 11:56:40 089 - <b>1</b> - Spinner Load Wait: (Sync) - ICar.support.WaitUtils.waitForSpinner(WaitUtils.java:225)</small> </font> </div>
<div class="test-event"> <font color="maroon"> <small> &emsp; &emsp;--- 15 Nov 11:56:42 157 - Element [[ChromeDriver: chrome on WINDOWS (a24c91b86b36d47fd399362ac86d57dc)] -> xpath: //slot[@name='message']], is still visible in page</small> </font> </div>
<div class="test-event"> <font color="maroon"> <small> &emsp; &emsp;--- 15 Nov 11:56:42 719 - Element [[ChromeDriver: chrome on WINDOWS (a24c91b86b36d47fd399362ac86d57dc)] -> xpath: //slot[@name='message']], is still visible in page</small> </font> </div>
<div class="test-event"> <font color="maroon"> <small> &emsp; &emsp;--- 15 Nov 11:56:43 263 - Element [[ChromeDriver: chrome on WINDOWS (a24c91b86b36d47fd399362ac86d57dc)] -> xpath: //slot[@name='message']], is still visible in page</small> </font> </div>
<div class="test-event"> <font color="maroon"> <small> &emsp; &emsp;--- 15 Nov 11:56:43 808 - Element [[ChromeDriver: chrome on WINDOWS (a24c91b86b36d47fd399362ac86d57dc)] -> xpath: //slot[@name='message']], is still visible in page</small> </font> </div>
<div class="test-event"> <font color="maroon"> <small> &emsp; &emsp;--- 15 Nov 11:56:44 355 - Element [[ChromeDriver: chrome on WINDOWS (a24c91b86b36d47fd399362ac86d57dc)] -> xpath: //slot[@name='message']], is still visible in page</small> </font> </div>
<div class="test-event"> <font color="maroon"> <small> &emsp; &emsp;--- 15 Nov 11:56:44 902 - Element [[ChromeDriver: chrome on WINDOWS (a24c91b86b36d47fd399362ac86d57dc)] -> xpath: //slot[@name='message']], is still visible in page</small> </font> </div>
<div class="test-event"> <font color="maroon"> <small> &emsp; &emsp;--- 15 Nov 11:56:45 440 - Element [[ChromeDriver: chrome on WINDOWS (a24c91b86b36d47fd399362ac86d57dc)] -> xpath: //slot[@name='message']], is still visible in page</small> </font> </div>
<div class="test-event"> <font color="maroon"> <small> &emsp; &emsp;--- 15 Nov 11:56:49 150 - Element Proxy element for: AjaxElementLocator 'By.xpath: //slot[@name='message']', is not displayed in page </small> </font> </div>
<div class="test-message">&emsp;Successfully removed card from 'My Payment Information' Page&emsp;<a href=".\ScreenShot\TAL_T496_692868220019000.png" target="_blank" >[ScreenShot]</a></div>
<div class="test-event"> <font color="maroon"> <small> &emsp; &emsp;--- 15 Nov 11:56:52 398 - Page URL:: https://www.icarstage.com/my-payment-information</small> </font> </div>
<div class="test-event"> <font color="maroon"> <small> &emsp; &emsp;--- 15 Nov 11:56:52 398 - <b>0</b> - Page Load Wait: (Sync) - ICar.support.Utils.waitForPageLoad(Utils.java:109)</small> </font> </div>
<div class="test-event"> <font color="maroon"> <small> &emsp; &emsp;--- 15 Nov 11:56:52 453 - Element is displayed:: [[ChromeDriver: chrome on WINDOWS (a24c91b86b36d47fd399362ac86d57dc)] -> xpath: //p[text()='Launch My Learning']]</small> </font> </div>
<div class="test-event"> <font color="maroon"> <small> &emsp; &emsp;--- 15 Nov 11:56:52 491 - Element is displayed:: [[ChromeDriver: chrome on WINDOWS (a24c91b86b36d47fd399362ac86d57dc)] -> xpath: //lightning-layout[@class='left-margin slds-align_absolute-center slds-grid slds-grid_align-spread slds-wrap']//lightning-layout-item[2]//a]</small> </font> </div>
<div class="test-event"> <font color="maroon"> <small> &emsp; &emsp;--- 15 Nov 11:56:54 599 - Element is displayed:: [[ChromeDriver: chrome on WINDOWS (a24c91b86b36d47fd399362ac86d57dc)] -> xpath: //lightning-layout[@class='left-margin slds-align_absolute-center slds-grid slds-grid_align-spread slds-wrap']//lightning-layout-item[2]//a]</small> </font> </div>
<div class="test-event"> <font color="maroon"> <small> &emsp; &emsp;--- 15 Nov 11:56:54 722 - Element is displayed:: [[ChromeDriver: chrome on WINDOWS (a24c91b86b36d47fd399362ac86d57dc)] -> xpath: //ul[@aria-label='Show More']//li[5]/a]</small> </font> </div>
<div class="test-event"> <font color="maroon"> <small> &emsp; &emsp;--- 15 Nov 11:56:54 798 - Element is displayed:: [[ChromeDriver: chrome on WINDOWS (a24c91b86b36d47fd399362ac86d57dc)] -> xpath: //ul[@aria-label='Show More']//li[5]/a]</small> </font> </div>
<div class="test-event"> <font color="maroon"> <small> &emsp; &emsp;--- 15 Nov 11:57:11 558 - Catched spinner load exception due to Expected condition failed: waiting for ICar.support.WaitUtils$4@6f628e04 (tried for 15 second(s) with 500 milliseconds interval)</small> </font> </div>
<div class="test-event"> <font color="maroon"> <small> &emsp; &emsp;--- 15 Nov 11:57:11 558 - <b>15</b> - Spinner Load Wait: (Sync) - ICar.support.WaitUtils.waitForSpinner(WaitUtils.java:225)</small> </font> </div>
<div class="test-event"> <font color="maroon"> <small> &emsp; &emsp;--- 15 Nov 11:57:11 671 - Page URL:: https://www.icarstage.com/my-subscriptions</small> </font> </div>
<div class="test-event"> <font color="maroon"> <small> &emsp; &emsp;--- 15 Nov 11:57:11 671 - <b>0</b> - Page Load Wait: (Sync) - ICar.support.Utils.waitForPageLoad(Utils.java:109)</small> </font> </div>
<div class="test-event"> <font color="maroon"> <small> &emsp; &emsp;--- 15 Nov 11:57:11 718 - Element is displayed:: [[ChromeDriver: chrome on WINDOWS (a24c91b86b36d47fd399362ac86d57dc)] -> xpath: //table[@c-b2b_mysubscription_b2b_mysubscription]]</small> </font> </div>
<div class="test-message">&emsp;Academy subscription status title is Active</div>
<div class="test-message">&emsp;Successfully verified the academy subscription&emsp;<a href=".\ScreenShot\TAL_T496_692887797615400.png" target="_blank" >[ScreenShot]</a></div>
<div class="test-event"> <font color="maroon"> <small> &emsp; &emsp;--- 15 Nov 11:57:12 031 - Page URL:: https://www.icarstage.com/my-subscriptions</small> </font> </div>
<div class="test-event"> <font color="maroon"> <small> &emsp; &emsp;--- 15 Nov 11:57:12 031 - <b>0</b> - Page Load Wait: (Sync) - ICar.support.Utils.waitForPageLoad(Utils.java:109)</small> </font> </div>
<div class="test-event"> <font color="maroon"> <small> &emsp; &emsp;--- 15 Nov 11:57:27 268 - Catched spinner load exception due to Expected condition failed: waiting for ICar.support.WaitUtils$4@6f628e04 (tried for 15 second(s) with 500 milliseconds interval)</small> </font> </div>
<div class="test-event"> <font color="maroon"> <small> &emsp; &emsp;--- 15 Nov 11:57:27 268 - <b>15</b> - Spinner Load Wait: (Sync) - ICar.support.WaitUtils.waitForSpinner(WaitUtils.java:225)</small> </font> </div>
<div class="test-message">&emsp;Renewal date displayed as 11/15/2025</div>
<div class="test-message">&emsp;Successfully verified the academy subscription renewal date&emsp;<a href=".\ScreenShot\TAL_T496_692907361828500.png" target="_blank" >[ScreenShot]</a></div>
<div class="test-event"> <font color="maroon"> <small> &emsp; &emsp;--- 15 Nov 11:57:33 139 - Page URL:: https://i-car--staging.sandbox.my.salesforce.com/</small> </font> </div>
<div class="test-event"> <font color="maroon"> <small> &emsp; &emsp;--- 15 Nov 11:57:33 139 - <b>0</b> - Page Load Wait: (Sync) - ICar.support.Utils.waitForPageLoad(Utils.java:109)</small> </font> </div>
<div class="test-message">&emsp;Successfully navigated to 'Login' Page</div>
<div class="test-message">&emsp; Login page is launched.</div>
<div class="test-event"> <font color="maroon"> <small> &emsp; &emsp;--- 15 Nov 11:57:33 202 - Element is displayed:: [[ChromeDriver: chrome on WINDOWS (a24c91b86b36d47fd399362ac86d57dc)] -> id: username]</small> </font> </div>
<div class="test-event"> <font color="maroon"> <small> &emsp; &emsp;--- 15 Nov 11:57:33 569 - Element is displayed:: [[ChromeDriver: chrome on WINDOWS (a24c91b86b36d47fd399362ac86d57dc)] -> id: username]</small> </font> </div>
<div class="test-event"> <font color="maroon"> <small> &emsp; &emsp;--- 15 Nov 11:57:34 051 - Element is displayed:: [[ChromeDriver: chrome on WINDOWS (a24c91b86b36d47fd399362ac86d57dc)] -> id: password]</small> </font> </div>
<div class="test-event"> <font color="maroon"> <small> &emsp; &emsp;--- 15 Nov 11:57:34 400 - Element is displayed:: [[ChromeDriver: chrome on WINDOWS (a24c91b86b36d47fd399362ac86d57dc)] -> id: Login]</small> </font> </div>
<div class="test-event"> <font color="maroon"> <small> &emsp; &emsp;--- 15 Nov 11:58:01 253 - Catched spinner load exception due to Expected condition failed: waiting for ICar.support.WaitUtils$4@6f628e04 (tried for 13 second(s) with 500 milliseconds interval)</small> </font> </div>
<div class="test-event"> <font color="maroon"> <small> &emsp; &emsp;--- 15 Nov 11:58:01 253 - <b>13</b> - Spinner Load Wait: (Sync) - ICar.support.WaitUtils.waitForSpinner(WaitUtils.java:225)</small> </font> </div>
<div class="test-event"> <font color="maroon"> <small> &emsp; &emsp;--- 15 Nov 11:58:22 222 - Catched spinner load exception due to Expected condition failed: waiting for ICar.support.WaitUtils$4@6f628e04 (tried for 6 second(s) with 500 milliseconds interval)</small> </font> </div>
<div class="test-event"> <font color="maroon"> <small> &emsp; &emsp;--- 15 Nov 11:58:22 222 - <b>6</b> - Spinner Load Wait: (Sync) - ICar.support.WaitUtils.waitForSpinner(WaitUtils.java:225)</small> </font> </div>
<div class="test-event"> <font color="maroon"> <small> &emsp; &emsp;--- 15 Nov 11:58:22 293 - Element is displayed:: [[ChromeDriver: chrome on WINDOWS (a24c91b86b36d47fd399362ac86d57dc)] -> css selector: button[class*='search-button']]</small> </font> </div>
<div class="test-message">&emsp; Navigate to 'SalesForce Page'</div>
<div class="test-event"> <font color="maroon"> <small> &emsp; &emsp;--- 15 Nov 11:58:23 535 - Page URL:: https://i-car--staging.sandbox.lightning.force.com/lightning/r/account/0011i00000uwfhdqau/related/icar_account_subscriptions__r/view?ws=%2flightning%2fr%2fcontact%2f0031i00000oen7aqaq%2fview</small> </font> </div>
<div class="test-event"> <font color="maroon"> <small> &emsp; &emsp;--- 15 Nov 11:58:23 535 - <b>1</b> - Page Load Wait: (Sync) - ICar.support.Utils.waitForPageLoad(Utils.java:109)</small> </font> </div>
<div class="test-event"> <font color="maroon"> <small> &emsp; &emsp;--- 15 Nov 11:58:29 547 - Page URL:: https://i-car--staging.sandbox.lightning.force.com/lightning/r/account/0011i00000uwfhdqau/related/icar_account_subscriptions__r/view?ws=%2flightning%2fr%2fcontact%2f0031i00000oen7aqaq%2fview</small> </font> </div>
<div class="test-event"> <font color="maroon"> <small> &emsp; &emsp;--- 15 Nov 11:58:29 547 - <b>0</b> - Page Load Wait: (Sync) - ICar.support.Utils.waitForPageLoad(Utils.java:109)</small> </font> </div>
<div class="test-message">&emsp;Successfully navigated to 'Login' Page</div>
<div class="test-message">&emsp; Enter the user credentials as : icaradminautomation3@i-car.com.staging</div>
<div class="test-message">&emsp; Enter the Icar id as : 2893855</div>
<div class="test-event"> <font color="maroon"> <small> &emsp; &emsp;--- 15 Nov 11:58:34 723 - Page URL:: https://i-car--staging.sandbox.lightning.force.com/lightning/r/account/0011i00000uwfhdqau/related/icar_account_subscriptions__r/view?ws=%2flightning%2fr%2fcontact%2f0031i00000oen7aqaq%2fview</small> </font> </div>
<div class="test-event"> <font color="maroon"> <small> &emsp; &emsp;--- 15 Nov 11:58:34 723 - <b>1</b> - Page Load Wait: (Sync) - ICar.support.Utils.waitForPageLoad(Utils.java:109)</small> </font> </div>
<div class="test-event"> <font color="maroon"> <small> &emsp; &emsp;--- 15 Nov 11:58:40 148 - Page URL:: https://i-car--staging.sandbox.lightning.force.com/lightning/o/account/list?filtername=00b1i000007mf4quaa</small> </font> </div>
<div class="test-event"> <font color="maroon"> <small> &emsp; &emsp;--- 15 Nov 11:58:40 149 - <b>0</b> - Page Load Wait: (Sync) - ICar.support.Utils.waitForPageLoad(Utils.java:109)</small> </font> </div>
<div class="test-message">&emsp;Close the tab</div>
<div class="test-event"> <font color="maroon"> <small> &emsp; &emsp;--- 15 Nov 11:58:45 759 - Page URL:: https://i-car--staging.sandbox.lightning.force.com/lightning/o/account/list?filtername=00b1i000007mf4quaa</small> </font> </div>
<div class="test-event"> <font color="maroon"> <small> &emsp; &emsp;--- 15 Nov 11:58:45 759 - <b>0</b> - Page Load Wait: (Sync) - ICar.support.Utils.waitForPageLoad(Utils.java:109)</small> </font> </div>
<div class="test-event"> <font color="maroon"> <small> &emsp; &emsp;--- 15 Nov 11:58:45 807 - Element is displayed:: [[ChromeDriver: chrome on WINDOWS (a24c91b86b36d47fd399362ac86d57dc)] -> css selector: button[class*='search-button']]</small> </font> </div>
<div class="test-event"> <font color="maroon"> <small> &emsp; &emsp;--- 15 Nov 11:58:47 914 - Catched spinner load exception due to Expected condition failed: waiting for ICar.support.WaitUtils$4@6f628e04 (tried for 2 second(s) with 500 milliseconds interval)</small> </font> </div>
<div class="test-event"> <font color="maroon"> <small> &emsp; &emsp;--- 15 Nov 11:58:47 914 - <b>2</b> - Spinner Load Wait: (Sync) - ICar.support.WaitUtils.waitForSpinner(WaitUtils.java:225)</small> </font> </div>
<div class="test-event"> <font color="maroon"> <small> &emsp; &emsp;--- 15 Nov 11:58:50 988 - Element is displayed:: [[ChromeDriver: chrome on WINDOWS (a24c91b86b36d47fd399362ac86d57dc)] -> css selector: button[class*='search-button']]</small> </font> </div>
<div class="test-event"> <font color="maroon"> <small> &emsp; &emsp;--- 15 Nov 11:58:51 676 - Page URL:: https://i-car--staging.sandbox.lightning.force.com/lightning/o/account/list?filtername=00b1i000007mf4quaa</small> </font> </div>
<div class="test-event"> <font color="maroon"> <small> &emsp; &emsp;--- 15 Nov 11:58:51 676 - <b>0</b> - Page Load Wait: (Sync) - ICar.support.Utils.waitForPageLoad(Utils.java:109)</small> </font> </div>
<div class="test-event"> <font color="maroon"> <small> &emsp; &emsp;--- 15 Nov 11:59:11 045 - Catched spinner load exception due to Expected condition failed: waiting for ICar.support.WaitUtils$4@6f628e04 (tried for 10 second(s) with 500 milliseconds interval)</small> </font> </div>
<div class="test-event"> <font color="maroon"> <small> &emsp; &emsp;--- 15 Nov 11:59:11 045 - <b>10</b> - Spinner Load Wait: (Sync) - ICar.support.WaitUtils.waitForSpinner(WaitUtils.java:225)</small> </font> </div>
<div class="test-event"> <font color="maroon"> <small> &emsp; &emsp;--- 15 Nov 11:59:11 414 - Page URL:: https://i-car--staging.sandbox.lightning.force.com/one/one.app#eyjjb21wb25lbnrezwyioijmb3jjzvnlyxjjadpzzwfyy2hqywdlrgvza3rvccisimf0dhjpynv0zxmionsidgvybsi6iji4otm4ntuilcjzy29wzu1hcci6eyj0exblijoive9qx1jfu1vmvfmilcjuyw1lc3bhy2uioiiilcjsywjlbci6ilrvccbszxn1bhrziiwibgfizwxqbhvyywwioijub3agumvzdwx0cyisinjlc3vsdhndbxaioijmb3jjzvnlyxjjadpwcmvkawn0zwrszxn1bhrzin0simnvbnrlehqionsirklmvevsuyi6e30sinnlyxjjafnvdxjjzsi6ikftu0ltvefovf9esufmt0cilcjkaxnhymxlsw50zw50uxvlcnkiomzhbhnllcjkaxnhymxlu3blbgxdb3jyzwn0aw9uijpmywxzzswic2vhcmnorglhbg9nu2vzc2lvbklkijoinjqzmzvkmmytnjfhny0xyja5ltjjmmmtyjjhzdm4y2niztjmiiwizgvidwdjbmzvijp7imfwce5hbwuioijjq2fyx1nlcnzpy2vfq29uc29szsisimfwcfr5cguioijdb25zb2xliiwiyxbwtmftzxnwywnlijoiyyisimxvy2f0aw9uijoizm9yy2u6b2jqzwn0sg9tzurlc2t0b3ailcjzb2jqzwn0vhlwzsi6ikfjy291bnqifx0simdyb3vwswqioijeruzbvuxuin0sinn0yxrlijp7fx0%3d</small> </font> </div>
<div class="test-event"> <font color="maroon"> <small> &emsp; &emsp;--- 15 Nov 11:59:11 414 - <b>0</b> - Page Load Wait: (Sync) - ICar.support.Utils.waitForPageLoad(Utils.java:109)</small> </font> </div>
<div class="test-event"> <font color="maroon"> <small> &emsp; &emsp;--- 15 Nov 11:59:22 455 - Catched spinner load exception due to Expected condition failed: waiting for ICar.support.WaitUtils$4@6f628e04 (tried for 11 second(s) with 500 milliseconds interval)</small> </font> </div>
<div class="test-event"> <font color="maroon"> <small> &emsp; &emsp;--- 15 Nov 11:59:22 455 - <b>11</b> - Spinner Load Wait: (Sync) - ICar.support.WaitUtils.waitForSpinner(WaitUtils.java:225)</small> </font> </div>
<div class="test-event"> <font color="maroon"> <small> &emsp; &emsp;--- 15 Nov 11:59:22 809 - Page URL:: https://i-car--staging.sandbox.lightning.force.com/one/one.app#eyjjb21wb25lbnrezwyioijmb3jjzvnlyxjjadpzzwfyy2hqywdlrgvza3rvccisimf0dhjpynv0zxmionsidgvybsi6iji4otm4ntuilcjzy29wzu1hcci6eyj0exblijoive9qx1jfu1vmvfmilcjuyw1lc3bhy2uioiiilcjsywjlbci6ilrvccbszxn1bhrziiwibgfizwxqbhvyywwioijub3agumvzdwx0cyisinjlc3vsdhndbxaioijmb3jjzvnlyxjjadpwcmvkawn0zwrszxn1bhrzin0simnvbnrlehqionsirklmvevsuyi6e30sinnlyxjjafnvdxjjzsi6ikftu0ltvefovf9esufmt0cilcjkaxnhymxlsw50zw50uxvlcnkiomzhbhnllcjkaxnhymxlu3blbgxdb3jyzwn0aw9uijpmywxzzswic2vhcmnorglhbg9nu2vzc2lvbklkijoinjqzmzvkmmytnjfhny0xyja5ltjjmmmtyjjhzdm4y2niztjmiiwizgvidwdjbmzvijp7imfwce5hbwuioijjq2fyx1nlcnzpy2vfq29uc29szsisimfwcfr5cguioijdb25zb2xliiwiyxbwtmftzxnwywnlijoiyyisimxvy2f0aw9uijoizm9yy2u6b2jqzwn0sg9tzurlc2t0b3ailcjzb2jqzwn0vhlwzsi6ikfjy291bnqifx0simdyb3vwswqioijeruzbvuxuin0sinn0yxrlijp7fx0%3d</small> </font> </div>
<div class="test-event"> <font color="maroon"> <small> &emsp; &emsp;--- 15 Nov 11:59:22 809 - <b>0</b> - Page Load Wait: (Sync) - ICar.support.Utils.waitForPageLoad(Utils.java:109)</small> </font> </div>
<div class="test-event"> <font color="maroon"> <small> &emsp; &emsp;--- 15 Nov 11:59:22 872 - Element is displayed:: [[ChromeDriver: chrome on WINDOWS (a24c91b86b36d47fd399362ac86d57dc)] -> xpath: //a[@title='Top Results']//span[text()='Top Results']]</small> </font> </div>
<div class="test-event"> <font color="maroon"> <small> &emsp; &emsp;--- 15 Nov 11:59:23 126 - Page URL:: https://i-car--staging.sandbox.lightning.force.com/one/one.app#eyjjb21wb25lbnrezwyioijmb3jjzvnlyxjjadpzzwfyy2hqywdlrgvza3rvccisimf0dhjpynv0zxmionsidgvybsi6iji4otm4ntuilcjzy29wzu1hcci6eyj0exblijoive9qx1jfu1vmvfmilcjuyw1lc3bhy2uioiiilcjsywjlbci6ilrvccbszxn1bhrziiwibgfizwxqbhvyywwioijub3agumvzdwx0cyisinjlc3vsdhndbxaioijmb3jjzvnlyxjjadpwcmvkawn0zwrszxn1bhrzin0simnvbnrlehqionsirklmvevsuyi6e30sinnlyxjjafnvdxjjzsi6ikftu0ltvefovf9esufmt0cilcjkaxnhymxlsw50zw50uxvlcnkiomzhbhnllcjkaxnhymxlu3blbgxdb3jyzwn0aw9uijpmywxzzswic2vhcmnorglhbg9nu2vzc2lvbklkijoinjqzmzvkmmytnjfhny0xyja5ltjjmmmtyjjhzdm4y2niztjmiiwizgvidwdjbmzvijp7imfwce5hbwuioijjq2fyx1nlcnzpy2vfq29uc29szsisimfwcfr5cguioijdb25zb2xliiwiyxbwtmftzxnwywnlijoiyyisimxvy2f0aw9uijoizm9yy2u6b2jqzwn0sg9tzurlc2t0b3ailcjzb2jqzwn0vhlwzsi6ikfjy291bnqifx0simdyb3vwswqioijeruzbvuxuin0sinn0yxrlijp7fx0%3d</small> </font> </div>
<div class="test-event"> <font color="maroon"> <small> &emsp; &emsp;--- 15 Nov 11:59:23 126 - <b>0</b> - Page Load Wait: (Sync) - ICar.support.Utils.waitForPageLoad(Utils.java:109)</small> </font> </div>
<div class="test-event"> <font color="maroon"> <small> &emsp; &emsp;--- 15 Nov 11:59:28 423 - Catched spinner load exception due to Expected condition failed: waiting for ICar.support.WaitUtils$4@6f628e04 (tried for 5 second(s) with 500 milliseconds interval)</small> </font> </div>
<div class="test-event"> <font color="maroon"> <small> &emsp; &emsp;--- 15 Nov 11:59:28 423 - <b>5</b> - Spinner Load Wait: (Sync) - ICar.support.WaitUtils.waitForSpinner(WaitUtils.java:225)</small> </font> </div>
<div class="test-event"> <font color="maroon"> <small> &emsp; &emsp;--- 15 Nov 11:59:28 726 - Page URL:: https://i-car--staging.sandbox.lightning.force.com/one/one.app#eyjjb21wb25lbnrezwyioijmb3jjzvnlyxjjadpzzwfyy2hqywdlrgvza3rvccisimf0dhjpynv0zxmionsidgvybsi6iji4otm4ntuilcjzy29wzu1hcci6eyj0exblijoive9qx1jfu1vmvfmilcjuyw1lc3bhy2uioiiilcjsywjlbci6ilrvccbszxn1bhrziiwibgfizwxqbhvyywwioijub3agumvzdwx0cyisinjlc3vsdhndbxaioijmb3jjzvnlyxjjadpwcmvkawn0zwrszxn1bhrzin0simnvbnrlehqionsirklmvevsuyi6e30sinnlyxjjafnvdxjjzsi6ikftu0ltvefovf9esufmt0cilcjkaxnhymxlsw50zw50uxvlcnkiomzhbhnllcjkaxnhymxlu3blbgxdb3jyzwn0aw9uijpmywxzzswic2vhcmnorglhbg9nu2vzc2lvbklkijoinjqzmzvkmmytnjfhny0xyja5ltjjmmmtyjjhzdm4y2niztjmiiwizgvidwdjbmzvijp7imfwce5hbwuioijjq2fyx1nlcnzpy2vfq29uc29szsisimfwcfr5cguioijdb25zb2xliiwiyxbwtmftzxnwywnlijoiyyisimxvy2f0aw9uijoizm9yy2u6b2jqzwn0sg9tzurlc2t0b3ailcjzb2jqzwn0vhlwzsi6ikfjy291bnqifx0simdyb3vwswqioijeruzbvuxuin0sinn0yxrlijp7fx0%3d</small> </font> </div>
<div class="test-event"> <font color="maroon"> <small> &emsp; &emsp;--- 15 Nov 11:59:28 726 - <b>0</b> - Page Load Wait: (Sync) - ICar.support.Utils.waitForPageLoad(Utils.java:109)</small> </font> </div>
<div class="test-event"> <font color="maroon"> <small> &emsp; &emsp;--- 15 Nov 11:59:29 033 - Page URL:: https://i-car--staging.sandbox.lightning.force.com/one/one.app#eyjjb21wb25lbnrezwyioijmb3jjzvnlyxjjadpzzwfyy2hqywdlrgvza3rvccisimf0dhjpynv0zxmionsidgvybsi6iji4otm4ntuilcjzy29wzu1hcci6eyj0exblijoive9qx1jfu1vmvfmilcjuyw1lc3bhy2uioiiilcjsywjlbci6ilrvccbszxn1bhrziiwibgfizwxqbhvyywwioijub3agumvzdwx0cyisinjlc3vsdhndbxaioijmb3jjzvnlyxjjadpwcmvkawn0zwrszxn1bhrzin0simnvbnrlehqionsirklmvevsuyi6e30sinnlyxjjafnvdxjjzsi6ikftu0ltvefovf9esufmt0cilcjkaxnhymxlsw50zw50uxvlcnkiomzhbhnllcjkaxnhymxlu3blbgxdb3jyzwn0aw9uijpmywxzzswic2vhcmnorglhbg9nu2vzc2lvbklkijoinjqzmzvkmmytnjfhny0xyja5ltjjmmmtyjjhzdm4y2niztjmiiwizgvidwdjbmzvijp7imfwce5hbwuioijjq2fyx1nlcnzpy2vfq29uc29szsisimfwcfr5cguioijdb25zb2xliiwiyxbwtmftzxnwywnlijoiyyisimxvy2f0aw9uijoizm9yy2u6b2jqzwn0sg9tzurlc2t0b3ailcjzb2jqzwn0vhlwzsi6ikfjy291bnqifx0simdyb3vwswqioijeruzbvuxuin0sinn0yxrlijp7fx0%3d</small> </font> </div>
<div class="test-event"> <font color="maroon"> <small> &emsp; &emsp;--- 15 Nov 11:59:29 033 - <b>0</b> - Page Load Wait: (Sync) - ICar.support.Utils.waitForPageLoad(Utils.java:109)</small> </font> </div>
<div class="test-event"> <font color="maroon"> <small> &emsp; &emsp;--- 15 Nov 11:59:29 385 - Page URL:: https://i-car--staging.sandbox.lightning.force.com/one/one.app#eyjjb21wb25lbnrezwyioijmb3jjzvnlyxjjadpzzwfyy2hqywdlrgvza3rvccisimf0dhjpynv0zxmionsidgvybsi6iji4otm4ntuilcjzy29wzu1hcci6eyj0exblijoive9qx1jfu1vmvfmilcjuyw1lc3bhy2uioiiilcjsywjlbci6ilrvccbszxn1bhrziiwibgfizwxqbhvyywwioijub3agumvzdwx0cyisinjlc3vsdhndbxaioijmb3jjzvnlyxjjadpwcmvkawn0zwrszxn1bhrzin0simnvbnrlehqionsirklmvevsuyi6e30sinnlyxjjafnvdxjjzsi6ikftu0ltvefovf9esufmt0cilcjkaxnhymxlsw50zw50uxvlcnkiomzhbhnllcjkaxnhymxlu3blbgxdb3jyzwn0aw9uijpmywxzzswic2vhcmnorglhbg9nu2vzc2lvbklkijoinjqzmzvkmmytnjfhny0xyja5ltjjmmmtyjjhzdm4y2niztjmiiwizgvidwdjbmzvijp7imfwce5hbwuioijjq2fyx1nlcnzpy2vfq29uc29szsisimfwcfr5cguioijdb25zb2xliiwiyxbwtmftzxnwywnlijoiyyisimxvy2f0aw9uijoizm9yy2u6b2jqzwn0sg9tzurlc2t0b3ailcjzb2jqzwn0vhlwzsi6ikfjy291bnqifx0simdyb3vwswqioijeruzbvuxuin0sinn0yxrlijp7fx0%3d</small> </font> </div>
<div class="test-event"> <font color="maroon"> <small> &emsp; &emsp;--- 15 Nov 11:59:29 385 - <b>0</b> - Page Load Wait: (Sync) - ICar.support.Utils.waitForPageLoad(Utils.java:109)</small> </font> </div>
<div class="test-event"> <font color="maroon"> <small> &emsp; &emsp;--- 15 Nov 11:59:37 767 - Catched spinner load exception due to Expected condition failed: waiting for ICar.support.WaitUtils$4@6f628e04 (tried for 8 second(s) with 500 milliseconds interval)</small> </font> </div>
<div class="test-event"> <font color="maroon"> <small> &emsp; &emsp;--- 15 Nov 11:59:37 767 - <b>8</b> - Spinner Load Wait: (Sync) - ICar.support.WaitUtils.waitForSpinner(WaitUtils.java:225)</small> </font> </div>
<div class="test-event"> <font color="maroon"> <small> &emsp; &emsp;--- 15 Nov 11:59:38 091 - Page URL:: https://i-car--staging.sandbox.lightning.force.com/one/one.app#eyjjb21wb25lbnrezwyioijmb3jjzvnlyxjjadpzzwfyy2hqywdlrgvza3rvccisimf0dhjpynv0zxmionsidgvybsi6iji4otm4ntuilcjzy29wzu1hcci6eyj0exblijoive9qx1jfu1vmvfmilcjuyw1lc3bhy2uioiiilcjsywjlbci6ilrvccbszxn1bhrziiwibgfizwxqbhvyywwioijub3agumvzdwx0cyisinjlc3vsdhndbxaioijmb3jjzvnlyxjjadpwcmvkawn0zwrszxn1bhrzin0simnvbnrlehqionsirklmvevsuyi6e30sinnlyxjjafnvdxjjzsi6ikftu0ltvefovf9esufmt0cilcjkaxnhymxlsw50zw50uxvlcnkiomzhbhnllcjkaxnhymxlu3blbgxdb3jyzwn0aw9uijpmywxzzswic2vhcmnorglhbg9nu2vzc2lvbklkijoinjqzmzvkmmytnjfhny0xyja5ltjjmmmtyjjhzdm4y2niztjmiiwizgvidwdjbmzvijp7imfwce5hbwuioijjq2fyx1nlcnzpy2vfq29uc29szsisimfwcfr5cguioijdb25zb2xliiwiyxbwtmftzxnwywnlijoiyyisimxvy2f0aw9uijoizm9yy2u6b2jqzwn0sg9tzurlc2t0b3ailcjzb2jqzwn0vhlwzsi6ikfjy291bnqifx0simdyb3vwswqioijeruzbvuxuin0sinn0yxrlijp7fx0%3d</small> </font> </div>
<div class="test-event"> <font color="maroon"> <small> &emsp; &emsp;--- 15 Nov 11:59:38 091 - <b>0</b> - Page Load Wait: (Sync) - ICar.support.Utils.waitForPageLoad(Utils.java:109)</small> </font> </div>
<div class="test-event"> <font color="maroon"> <small> &emsp; &emsp;--- 15 Nov 11:59:40 176 - Element is displayed:: [[ChromeDriver: chrome on WINDOWS (a24c91b86b36d47fd399362ac86d57dc)] -> xpath: //div[contains(@class,'forceSearchResultsRegion')]//div[contains(@class,'resultsMultiWrapper')]/div/div[1]//following::h2//a]</small> </font> </div>
<div class="test-event"> <font color="maroon"> <small> &emsp; &emsp;--- 15 Nov 11:59:40 351 - Element is displayed:: [[ChromeDriver: chrome on WINDOWS (a24c91b86b36d47fd399362ac86d57dc)] -> xpath: //a[text()='Contacts']]</small> </font> </div>
<div class="test-event"> <font color="maroon"> <small> &emsp; &emsp;--- 15 Nov 11:59:44 362 - Element is displayed:: [[ChromeDriver: chrome on WINDOWS (a24c91b86b36d47fd399362ac86d57dc)] -> xpath: //div[text()='Contacts']//following :: table//tbody//th//span /a]</small> </font> </div>
<div class="test-event"> <font color="maroon"> <small> &emsp; &emsp;--- 15 Nov 11:59:59 603 - Catched spinner load exception due to Expected condition failed: waiting for ICar.support.WaitUtils$4@6f628e04 (tried for 15 second(s) with 500 milliseconds interval)</small> </font> </div>
<div class="test-event"> <font color="maroon"> <small> &emsp; &emsp;--- 15 Nov 11:59:59 603 - <b>15</b> - Spinner Load Wait: (Sync) - ICar.support.WaitUtils.waitForSpinner(WaitUtils.java:225)</small> </font> </div>
<div class="test-event"> <font color="maroon"> <small> &emsp; &emsp;--- 15 Nov 12:00:00 055 - Page URL:: https://i-car--staging.sandbox.lightning.force.com/lightning/r/contact/0031i00000nu9l9qaa/view</small> </font> </div>
<div class="test-event"> <font color="maroon"> <small> &emsp; &emsp;--- 15 Nov 12:00:00 055 - <b>0</b> - Page Load Wait: (Sync) - ICar.support.Utils.waitForPageLoad(Utils.java:109)</small> </font> </div>
<div class="test-event"> <font color="maroon"> <small> &emsp; &emsp;--- 15 Nov 12:00:10 577 - Catched spinner load exception due to Expected condition failed: waiting for ICar.support.WaitUtils$4@6f628e04 (tried for 10 second(s) with 500 milliseconds interval)</small> </font> </div>
<div class="test-event"> <font color="maroon"> <small> &emsp; &emsp;--- 15 Nov 12:00:10 577 - <b>10</b> - Spinner Load Wait: (Sync) - ICar.support.WaitUtils.waitForSpinner(WaitUtils.java:225)</small> </font> </div>
<div class="test-event"> <font color="maroon"> <small> &emsp; &emsp;--- 15 Nov 12:00:10 893 - Page URL:: https://i-car--staging.sandbox.lightning.force.com/lightning/r/contact/0031i00000nu9l9qaa/view</small> </font> </div>
<div class="test-event"> <font color="maroon"> <small> &emsp; &emsp;--- 15 Nov 12:00:10 893 - <b>0</b> - Page Load Wait: (Sync) - ICar.support.Utils.waitForPageLoad(Utils.java:109)</small> </font> </div>
<div class="test-event"> <font color="maroon"> <small> &emsp; &emsp;--- 15 Nov 12:00:11 304 - Page URL:: https://i-car--staging.sandbox.lightning.force.com/lightning/r/contact/0031i00000nu9l9qaa/view</small> </font> </div>
<div class="test-event"> <font color="maroon"> <small> &emsp; &emsp;--- 15 Nov 12:00:11 305 - <b>0</b> - Page Load Wait: (Sync) - ICar.support.Utils.waitForPageLoad(Utils.java:109)</small> </font> </div>
<div class="test-event"> <font color="maroon"> <small> &emsp; &emsp;--- 15 Nov 12:00:11 621 - Page URL:: https://i-car--staging.sandbox.lightning.force.com/lightning/r/contact/0031i00000nu9l9qaa/view</small> </font> </div>
<div class="test-event"> <font color="maroon"> <small> &emsp; &emsp;--- 15 Nov 12:00:11 622 - <b>0</b> - Page Load Wait: (Sync) - ICar.support.Utils.waitForPageLoad(Utils.java:109)</small> </font> </div>
<div class="test-event"> <font color="maroon"> <small> &emsp; &emsp;--- 15 Nov 12:00:16 674 - Element is displayed:: [[ChromeDriver: chrome on WINDOWS (a24c91b86b36d47fd399362ac86d57dc)] -> xpath: //table[@aria-label='Training Managers']/tbody/tr/th]</small> </font> </div>
<div class="test-event"> <font color="maroon"> <small> &emsp; &emsp;--- 15 Nov 12:00:18 905 - Element is displayed:: [[[[ChromeDriver: chrome on WINDOWS (a24c91b86b36d47fd399362ac86d57dc)] -> xpath: //table[@aria-label='Training Managers']/tbody/tr/th]] -> xpath: lightning-primitive-cell-factory/span/div/lightning-primitive-custom-cell/formula-output-formula-html/lightning-formatted-rich-text/span/a]</small> </font> </div>
<div class="test-message">&emsp; Click on shop name '3 Million Collision Crafts'</div>
<div class="test-message">&emsp;16. check subscription details</div>
<div class="test-event"> <font color="maroon"> <small> &emsp; &emsp;--- 15 Nov 12:00:21 661 - Page URL:: https://i-car--staging.sandbox.lightning.force.com/lightning/_classic/%2f0011i00000uwgbc</small> </font> </div>
<div class="test-event"> <font color="maroon"> <small> &emsp; &emsp;--- 15 Nov 12:00:21 661 - <b>0</b> - Page Load Wait: (Sync) - ICar.support.Utils.waitForPageLoad(Utils.java:109)</small> </font> </div>
<div class="test-event"> <font color="maroon"> <small> &emsp; &emsp;--- 15 Nov 12:00:26 939 - Catched spinner load exception due to Expected condition failed: waiting for ICar.support.WaitUtils$4@6f628e04 (tried for 5 second(s) with 500 milliseconds interval)</small> </font> </div>
<div class="test-event"> <font color="maroon"> <small> &emsp; &emsp;--- 15 Nov 12:00:26 940 - <b>5</b> - Spinner Load Wait: (Sync) - ICar.support.WaitUtils.waitForSpinner(WaitUtils.java:225)</small> </font> </div>
<div class="test-event"> <font color="maroon"> <small> &emsp; &emsp;--- 15 Nov 12:00:27 412 - Page URL:: https://i-car--staging.sandbox.lightning.force.com/lightning/r/account/0011i00000uwgbcqa2/view</small> </font> </div>
<div class="test-event"> <font color="maroon"> <small> &emsp; &emsp;--- 15 Nov 12:00:27 412 - <b>0</b> - Page Load Wait: (Sync) - ICar.support.Utils.waitForPageLoad(Utils.java:109)</small> </font> </div>
<div class="test-event"> <font color="maroon"> <small> &emsp; &emsp;--- 15 Nov 12:00:37 624 - Catched spinner load exception due to Expected condition failed: waiting for ICar.support.WaitUtils$4@6f628e04 (tried for 10 second(s) with 500 milliseconds interval)</small> </font> </div>
<div class="test-event"> <font color="maroon"> <small> &emsp; &emsp;--- 15 Nov 12:00:37 624 - <b>10</b> - Spinner Load Wait: (Sync) - ICar.support.WaitUtils.waitForSpinner(WaitUtils.java:225)</small> </font> </div>
<div class="test-event"> <font color="maroon"> <small> &emsp; &emsp;--- 15 Nov 12:00:38 216 - Page URL:: https://i-car--staging.sandbox.lightning.force.com/lightning/r/account/0011i00000uwgbcqa2/view</small> </font> </div>
<div class="test-event"> <font color="maroon"> <small> &emsp; &emsp;--- 15 Nov 12:00:38 216 - <b>0</b> - Page Load Wait: (Sync) - ICar.support.Utils.waitForPageLoad(Utils.java:109)</small> </font> </div>
<div class="test-event"> <font color="maroon"> <small> &emsp; &emsp;--- 15 Nov 12:00:38 667 - Page URL:: https://i-car--staging.sandbox.lightning.force.com/lightning/r/account/0011i00000uwgbcqa2/view</small> </font> </div>
<div class="test-event"> <font color="maroon"> <small> &emsp; &emsp;--- 15 Nov 12:00:38 667 - <b>0</b> - Page Load Wait: (Sync) - ICar.support.Utils.waitForPageLoad(Utils.java:109)</small> </font> </div>
<div class="test-event"> <font color="maroon"> <small> &emsp; &emsp;--- 15 Nov 12:00:39 048 - Page URL:: https://i-car--staging.sandbox.lightning.force.com/lightning/r/account/0011i00000uwgbcqa2/view</small> </font> </div>
<div class="test-event"> <font color="maroon"> <small> &emsp; &emsp;--- 15 Nov 12:00:39 048 - <b>0</b> - Page Load Wait: (Sync) - ICar.support.Utils.waitForPageLoad(Utils.java:109)</small> </font> </div>
<div class="test-event"> <font color="maroon"> <small> &emsp; &emsp;--- 15 Nov 12:00:39 396 - Page URL:: https://i-car--staging.sandbox.lightning.force.com/lightning/r/account/0011i00000uwgbcqa2/view</small> </font> </div>
<div class="test-event"> <font color="maroon"> <small> &emsp; &emsp;--- 15 Nov 12:00:39 396 - <b>0</b> - Page Load Wait: (Sync) - ICar.support.Utils.waitForPageLoad(Utils.java:109)</small> </font> </div>
<div class="test-event"> <font color="maroon"> <small> &emsp; &emsp;--- 15 Nov 12:00:39 698 - Page URL:: https://i-car--staging.sandbox.lightning.force.com/lightning/r/account/0011i00000uwgbcqa2/view</small> </font> </div>
<div class="test-event"> <font color="maroon"> <small> &emsp; &emsp;--- 15 Nov 12:00:39 698 - <b>0</b> - Page Load Wait: (Sync) - ICar.support.Utils.waitForPageLoad(Utils.java:109)</small> </font> </div>
<div class="test-event"> <font color="maroon"> <small> &emsp; &emsp;--- 15 Nov 12:00:40 063 - Page URL:: https://i-car--staging.sandbox.lightning.force.com/lightning/r/account/0011i00000uwgbcqa2/view</small> </font> </div>
<div class="test-event"> <font color="maroon"> <small> &emsp; &emsp;--- 15 Nov 12:00:40 063 - <b>0</b> - Page Load Wait: (Sync) - ICar.support.Utils.waitForPageLoad(Utils.java:109)</small> </font> </div>
<div class="test-event"> <font color="maroon"> <small> &emsp; &emsp;--- 15 Nov 12:00:40 429 - Page URL:: https://i-car--staging.sandbox.lightning.force.com/lightning/r/account/0011i00000uwgbcqa2/view</small> </font> </div>
<div class="test-event"> <font color="maroon"> <small> &emsp; &emsp;--- 15 Nov 12:00:40 429 - <b>0</b> - Page Load Wait: (Sync) - ICar.support.Utils.waitForPageLoad(Utils.java:109)</small> </font> </div>
<div class="test-event"> <font color="maroon"> <small> &emsp; &emsp;--- 15 Nov 12:00:40 715 - Page URL:: https://i-car--staging.sandbox.lightning.force.com/lightning/r/account/0011i00000uwgbcqa2/view</small> </font> </div>
<div class="test-event"> <font color="maroon"> <small> &emsp; &emsp;--- 15 Nov 12:00:40 715 - <b>0</b> - Page Load Wait: (Sync) - ICar.support.Utils.waitForPageLoad(Utils.java:109)</small> </font> </div>
<div class="test-event"> <font color="maroon"> <small> &emsp; &emsp;--- 15 Nov 12:00:41 065 - Page URL:: https://i-car--staging.sandbox.lightning.force.com/lightning/r/account/0011i00000uwgbcqa2/view</small> </font> </div>
<div class="test-event"> <font color="maroon"> <small> &emsp; &emsp;--- 15 Nov 12:00:41 065 - <b>0</b> - Page Load Wait: (Sync) - ICar.support.Utils.waitForPageLoad(Utils.java:109)</small> </font> </div>
<div class="test-event"> <font color="maroon"> <small> &emsp; &emsp;--- 15 Nov 12:00:46 345 - Catched spinner load exception due to Expected condition failed: waiting for ICar.support.WaitUtils$4@6f628e04 (tried for 5 second(s) with 500 milliseconds interval)</small> </font> </div>
<div class="test-event"> <font color="maroon"> <small> &emsp; &emsp;--- 15 Nov 12:00:46 345 - <b>5</b> - Spinner Load Wait: (Sync) - ICar.support.WaitUtils.waitForSpinner(WaitUtils.java:225)</small> </font> </div>
<div class="test-event"> <font color="maroon"> <small> &emsp; &emsp;--- 15 Nov 12:00:46 424 - Element is displayed:: [[ChromeDriver: chrome on WINDOWS (a24c91b86b36d47fd399362ac86d57dc)] -> xpath: //h2[text()='Related List Quick Links']//following::ul/li[@class='rlql-relatedListQuickLink']//a]</small> </font> </div>
<div class="test-event"> <font color="maroon"> <small> &emsp; &emsp;--- 15 Nov 12:00:47 121 - Page URL:: https://i-car--staging.sandbox.lightning.force.com/lightning/r/account/0011i00000uwgbcqa2/related/icar_account_subscriptions__r/view?ws=%2flightning%2fr%2faccount%2f0011i00000uwgbcqa2%2fview</small> </font> </div>
<div class="test-event"> <font color="maroon"> <small> &emsp; &emsp;--- 15 Nov 12:00:47 121 - <b>0</b> - Page Load Wait: (Sync) - ICar.support.Utils.waitForPageLoad(Utils.java:109)</small> </font> </div>
<div class="test-event"> <font color="maroon"> <small> &emsp; &emsp;--- 15 Nov 12:00:57 125 - Catched spinner load exception due to Expected condition failed: waiting for ICar.support.WaitUtils$4@6f628e04 (tried for 10 second(s) with 500 milliseconds interval)</small> </font> </div>
<div class="test-event"> <font color="maroon"> <small> &emsp; &emsp;--- 15 Nov 12:00:57 125 - <b>10</b> - Spinner Load Wait: (Sync) - ICar.support.WaitUtils.waitForSpinner(WaitUtils.java:225)</small> </font> </div>
<div class="test-event"> <font color="maroon"> <small> &emsp; &emsp;--- 15 Nov 12:01:07 591 - Catched spinner load exception due to Expected condition failed: waiting for ICar.support.WaitUtils$4@6f628e04 (tried for 10 second(s) with 500 milliseconds interval)</small> </font> </div>
<div class="test-event"> <font color="maroon"> <small> &emsp; &emsp;--- 15 Nov 12:01:07 591 - <b>10</b> - Spinner Load Wait: (Sync) - ICar.support.WaitUtils.waitForSpinner(WaitUtils.java:225)</small> </font> </div>
<div class="test-event"> <font color="maroon"> <small> &emsp; &emsp;--- 15 Nov 12:01:07 916 - Page URL:: https://i-car--staging.sandbox.lightning.force.com/lightning/r/account/0011i00000uwgbcqa2/related/icar_account_subscriptions__r/view?ws=%2flightning%2fr%2faccount%2f0011i00000uwgbcqa2%2fview</small> </font> </div>
<div class="test-event"> <font color="maroon"> <small> &emsp; &emsp;--- 15 Nov 12:01:07 916 - <b>0</b> - Page Load Wait: (Sync) - ICar.support.Utils.waitForPageLoad(Utils.java:109)</small> </font> </div>
<div class="test-event"> <font color="maroon"> <small> &emsp; &emsp;--- 15 Nov 12:01:08 330 - Page URL:: https://i-car--staging.sandbox.lightning.force.com/lightning/r/account/0011i00000uwgbcqa2/related/icar_account_subscriptions__r/view?ws=%2flightning%2fr%2faccount%2f0011i00000uwgbcqa2%2fview</small> </font> </div>
<div class="test-event"> <font color="maroon"> <small> &emsp; &emsp;--- 15 Nov 12:01:08 330 - <b>0</b> - Page Load Wait: (Sync) - ICar.support.Utils.waitForPageLoad(Utils.java:109)</small> </font> </div>
<div class="test-event"> <font color="maroon"> <small> &emsp; &emsp;--- 15 Nov 12:01:23 624 - Catched spinner load exception due to Expected condition failed: waiting for ICar.support.WaitUtils$4@6f628e04 (tried for 15 second(s) with 500 milliseconds interval)</small> </font> </div>
<div class="test-event"> <font color="maroon"> <small> &emsp; &emsp;--- 15 Nov 12:01:23 624 - <b>15</b> - Spinner Load Wait: (Sync) - ICar.support.WaitUtils.waitForSpinner(WaitUtils.java:225)</small> </font> </div>
<div class="test-event"> <font color="maroon"> <small> &emsp; &emsp;--- 15 Nov 12:01:24 078 - Page URL:: https://i-car--staging.sandbox.lightning.force.com/lightning/r/account/0011i00000uwgbcqa2/related/icar_account_subscriptions__r/view?ws=%2flightning%2fr%2faccount%2f0011i00000uwgbcqa2%2fview</small> </font> </div>
<div class="test-event"> <font color="maroon"> <small> &emsp; &emsp;--- 15 Nov 12:01:24 078 - <b>0</b> - Page Load Wait: (Sync) - ICar.support.Utils.waitForPageLoad(Utils.java:109)</small> </font> </div>
<div class="test-message">&emsp;Renewal date displayed as 11/15/2025</div>
<div class="test-message">&emsp;Start date date displayed as 11/15/2024</div>
&emsp;<div class="test-title"> <strong><font size = "3" color = "#0000FF">---Test Execution Ends---</font> </strong> </div>&emsp;]]>
  </system-out>
</testsuite> <!-- TalentSiteTestScripts.TAL_731 -->
