<?xml version="1.0" encoding="UTF-8"?>
<!-- Generated by org.testng.reporters.JUnitReportReporter -->
<testsuite hostname="aspire1763" failures="1" tests="1" name="URLTestScripts.URL" time="7884.127" errors="0" timestamp="2024-05-05T01:00:13 IST" skipped="0">
  <testcase classname="URLTestScripts.URL" name="URL_TC001" time="7884.127">
    <failure message="Test Failed. Check the steps above in red color." type="java.lang.AssertionError">
      <![CDATA[java.lang.AssertionError: Test Failed. Check the steps above in red color.
at org.testng.Assert.fail(Assert.java:111)
at ICar.support.Log.fail(Log.java:573)
at ICar.support.Log.testCaseResult(Log.java:299)
at URLTestScripts.URL.URL_TC001(URL.java:106)
at java.base/jdk.internal.reflect.NativeMethodAccessorImpl.invoke0(Native Method)
at java.base/jdk.internal.reflect.NativeMethodAccessorImpl.invoke(NativeMethodAccessorImpl.java:77)
at java.base/jdk.internal.reflect.DelegatingMethodAccessorImpl.invoke(DelegatingMethodAccessorImpl.java:43)
at java.base/java.lang.reflect.Method.invoke(Method.java:568)
at org.testng.internal.invokers.MethodInvocationHelper.invokeMethod(MethodInvocationHelper.java:139)
at org.testng.internal.invokers.TestInvoker.invokeMethod(TestInvoker.java:664)
at org.testng.internal.invokers.TestInvoker.invokeTestMethod(TestInvoker.java:227)
at org.testng.internal.invokers.TestMethodWithDataProviderMethodWorker.call(TestMethodWithDataProviderMethodWorker.java:80)
at org.testng.internal.invokers.TestMethodWithDataProviderMethodWorker.call(TestMethodWithDataProviderMethodWorker.java:17)
at java.base/java.util.concurrent.FutureTask.run(FutureTask.java:264)
at java.base/java.util.concurrent.Executors$RunnableAdapter.call(Executors.java:539)
at java.base/java.util.concurrent.FutureTask.run(FutureTask.java:264)
at java.base/java.util.concurrent.ThreadPoolExecutor.runWorker(ThreadPoolExecutor.java:1136)
at java.base/java.util.concurrent.ThreadPoolExecutor$Worker.run(ThreadPoolExecutor.java:635)
at java.base/java.lang.Thread.run(Thread.java:833)
]]>
    </failure>
    <system-out>
      <![CDATA[<div class="test-event"> <font color="maroon"> <small> &emsp; &emsp;--- 04 May 22:48:45 618 - TestCaseID:: URL_TC001</small> </font> </div>
<div class="test-event"> <font color="maroon"> <small> &emsp; &emsp;--- 04 May 22:48:47 838 - <b>2</b> - Driver::initialize::Get - ICar.support.WebDriverFactory.getDriver(WebDriverFactory.java:640)</small> </font> </div>
&emsp;<div class="test-title"> <strong><font size = "3" color = "#000080">Validation for URL links</font> </strong> </div>&emsp;<div><strong>Steps:</strong></div><!-- Report -->&emsp;
<div class="test-message">&emsp;1. URL is : https://www.i-car.com/product/air-conditioning-systems-operation-and-damage-analysis</div>
<div class="test-event"> <font color="maroon"> <small> &emsp; &emsp;--- 04 May 22:48:55 977 - Page URL:: https://www.i-car.com/product/air-conditioning-systems-operation-and-damage-analysis</small> </font> </div>
<div class="test-event"> <font color="maroon"> <small> &emsp; &emsp;--- 04 May 22:48:55 978 - <b>5</b> - Page Load Wait: (Sync) - ICar.support.Utils.waitForPageLoad(Utils.java:109)</small> </font> </div>
<div class="test-message">&emsp;Successfully navigated to the :  https://www.i-car.com/product/air-conditioning-systems-operation-and-damage-analysis   Page&emsp;<a href=".\ScreenShot\URL_TC001_2716873598211600.png" target="_blank" >[ScreenShot]</a></div>
<div class="test-event"> <font color="maroon"> <small> &emsp; &emsp;--- 04 May 22:48:56 319 - Page URL:: https://www.i-car.com/product/air-conditioning-systems-operation-and-damage-analysis</small> </font> </div>
<div class="test-event"> <font color="maroon"> <small> &emsp; &emsp;--- 04 May 22:48:56 319 - <b>0</b> - Page Load Wait: (Sync) - ICar.support.Utils.waitForPageLoad(Utils.java:109)</small> </font> </div>
<div class="test-event"> <font color="maroon"> <small> &emsp; &emsp;--- 04 May 22:48:56 351 - Catched spinner load exception due to javascript error: {"status":32,"value":"An invalid or illegal selector was specified"}
  (Session info: chrome=124.0.6367.92)
Build info: version: '4.6.0', revision: '79f1c02ae20'
System info: os.name: 'Windows 10', os.arch: 'amd64', os.version: '10.0', java.version: '17.0.7'
Driver info: org.openqa.selenium.chrome.ChromeDriver
Command: [2cf28825ea7a8a419a5b05b8e5d35d84, findElement {using=css selector, value=div[class='slds-spinner slds-spinner_brand slds-spinner_small']>div:nth-child(2)r}]
Capabilities {acceptInsecureCerts: false, browserName: chrome, browserVersion: 124.0.6367.92, chrome: {chromedriverVersion: 124.0.6367.91 (51df0e5e17a8..., userDataDir: C:\Users\PRATHA~1.KUM\AppDa...}, fedcm:accounts: true, goog:chromeOptions: {debuggerAddress: localhost:49451}, networkConnectionEnabled: false, pageLoadStrategy: normal, platformName: WINDOWS, proxy: Proxy(), se:cdp: ws://localhost:49451/devtoo..., se:cdpVersion: 124.0.6367.92, setWindowRect: true, strictFileInteractability: false, timeouts: {implicit: 0, pageLoad: 300000, script: 30000}, unhandledPromptBehavior: dismiss and notify, webauthn:extension:credBlob: true, webauthn:extension:largeBlob: true, webauthn:extension:minPinLength: true, webauthn:extension:prf: true, webauthn:virtualAuthenticators: true}
Session ID: 2cf28825ea7a8a419a5b05b8e5d35d84</small> </font> </div>
<div class="test-event"> <font color="maroon"> <small> &emsp; &emsp;--- 04 May 22:48:56 351 - <b>0</b> - Spinner Load Wait: (Sync) - ICar.support.WaitUtils.waitForSpinner(WaitUtils.java:225)</small> </font> </div>
<div class="test-event"> <font color="maroon"> <small> &emsp; &emsp;--- 04 May 22:49:06 486 - Page URL:: https://www.i-car.com/product/air-conditioning-systems-operation-and-damage-analysis</small> </font> </div>
<div class="test-event"> <font color="maroon"> <small> &emsp; &emsp;--- 04 May 22:49:06 487 - <b>0</b> - Page Load Wait: (Sync) - ICar.support.Utils.waitForPageLoad(Utils.java:109)</small> </font> </div>
<div class="test-event"> <font color="maroon"> <small> &emsp; &emsp;--- 04 May 22:49:06 524 - Element is displayed:: [[ChromeDriver: chrome on WINDOWS (2cf28825ea7a8a419a5b05b8e5d35d84)] -> xpath: //a[contains(text(),'Back to Courses')]]</small> </font> </div>
<div class="test-event"> <font color="maroon"> <small> &emsp; &emsp;--- 04 May 22:49:13 552 - Catched spinner load exception due to javascript error: {"status":32,"value":"An invalid or illegal selector was specified"}
  (Session info: chrome=124.0.6367.92)
Build info: version: '4.6.0', revision: '79f1c02ae20'
System info: os.name: 'Windows 10', os.arch: 'amd64', os.version: '10.0', java.version: '17.0.7'
Driver info: org.openqa.selenium.chrome.ChromeDriver
Command: [2cf28825ea7a8a419a5b05b8e5d35d84, findElement {using=css selector, value=div[class='slds-spinner slds-spinner_brand slds-spinner_small']>div:nth-child(2)r}]
Capabilities {acceptInsecureCerts: false, browserName: chrome, browserVersion: 124.0.6367.92, chrome: {chromedriverVersion: 124.0.6367.91 (51df0e5e17a8..., userDataDir: C:\Users\PRATHA~1.KUM\AppDa...}, fedcm:accounts: true, goog:chromeOptions: {debuggerAddress: localhost:49451}, networkConnectionEnabled: false, pageLoadStrategy: normal, platformName: WINDOWS, proxy: Proxy(), se:cdp: ws://localhost:49451/devtoo..., se:cdpVersion: 124.0.6367.92, setWindowRect: true, strictFileInteractability: false, timeouts: {implicit: 0, pageLoad: 300000, script: 30000}, unhandledPromptBehavior: dismiss and notify, webauthn:extension:credBlob: true, webauthn:extension:largeBlob: true, webauthn:extension:minPinLength: true, webauthn:extension:prf: true, webauthn:virtualAuthenticators: true}
Session ID: 2cf28825ea7a8a419a5b05b8e5d35d84</small> </font> </div>
<div class="test-event"> <font color="maroon"> <small> &emsp; &emsp;--- 04 May 22:49:13 552 - <b>0</b> - Spinner Load Wait: (Sync) - ICar.support.WaitUtils.waitForSpinner(WaitUtils.java:225)</small> </font> </div>
<div class="test-message">&emsp;Back To Courses is displayed in the page </div>
<div class="test-message">&emsp;Successfully verified Back To Course Link&emsp;<a href=".\ScreenShot\URL_TC001_2716891183869900.png" target="_blank" >[ScreenShot]</a></div>
<div class="test-event"> <font color="maroon"> <small> &emsp; &emsp;--- 04 May 22:49:13 848 - Catched spinner load exception due to javascript error: {"status":32,"value":"An invalid or illegal selector was specified"}
  (Session info: chrome=124.0.6367.92)
Build info: version: '4.6.0', revision: '79f1c02ae20'
System info: os.name: 'Windows 10', os.arch: 'amd64', os.version: '10.0', java.version: '17.0.7'
Driver info: org.openqa.selenium.chrome.ChromeDriver
Command: [2cf28825ea7a8a419a5b05b8e5d35d84, findElement {using=css selector, value=div[class='slds-spinner slds-spinner_brand slds-spinner_small']>div:nth-child(2)r}]
Capabilities {acceptInsecureCerts: false, browserName: chrome, browserVersion: 124.0.6367.92, chrome: {chromedriverVersion: 124.0.6367.91 (51df0e5e17a8..., userDataDir: C:\Users\PRATHA~1.KUM\AppDa...}, fedcm:accounts: true, goog:chromeOptions: {debuggerAddress: localhost:49451}, networkConnectionEnabled: false, pageLoadStrategy: normal, platformName: WINDOWS, proxy: Proxy(), se:cdp: ws://localhost:49451/devtoo..., se:cdpVersion: 124.0.6367.92, setWindowRect: true, strictFileInteractability: false, timeouts: {implicit: 0, pageLoad: 300000, script: 30000}, unhandledPromptBehavior: dismiss and notify, webauthn:extension:credBlob: true, webauthn:extension:largeBlob: true, webauthn:extension:minPinLength: true, webauthn:extension:prf: true, webauthn:virtualAuthenticators: true}
Session ID: 2cf28825ea7a8a419a5b05b8e5d35d84</small> </font> </div>
<div class="test-event"> <font color="maroon"> <small> &emsp; &emsp;--- 04 May 22:49:13 848 - <b>0</b> - Spinner Load Wait: (Sync) - ICar.support.WaitUtils.waitForSpinner(WaitUtils.java:225)</small> </font> </div>
<div class="test-event"> <font color="maroon"> <small> &emsp; &emsp;--- 04 May 22:49:13 936 - Page URL:: https://www.i-car.com/product/air-conditioning-systems-operation-and-damage-analysis</small> </font> </div>
<div class="test-event"> <font color="maroon"> <small> &emsp; &emsp;--- 04 May 22:49:13 937 - <b>0</b> - Page Load Wait: (Sync) - ICar.support.Utils.waitForPageLoad(Utils.java:109)</small> </font> </div>
<div class="test-event"> <font color="maroon"> <small> &emsp; &emsp;--- 04 May 22:49:24 003 - Element is displayed:: [[ChromeDriver: chrome on WINDOWS (2cf28825ea7a8a419a5b05b8e5d35d84)] -> xpath: //div[@class='productDetails slds-p-bottom_large']//div[contains(@class,'slds-p-bottom_medium')]]</small> </font> </div>
<div class="test-message">&emsp;Course Name : AirConditioningSystemsOperationandDamageAnalysis is displayed in the URL page</div>
<div class="test-message">&emsp;Successfully verified the course name for relevant link&emsp;<a href=".\ScreenShot\URL_TC001_2716909646222600.png" target="_blank" >[ScreenShot]</a></div>
<div class="test-message">&emsp;
</div>
<div class="test-message">&emsp;2. URL is : https://www.i-car.com/product/repair-efficiency-by-successful-damage-analysis</div>
<div class="test-event"> <font color="maroon"> <small> &emsp; &emsp;--- 04 May 22:49:33 193 - Page URL:: https://www.i-car.com/product/repair-efficiency-by-successful-damage-analysis</small> </font> </div>
<div class="test-event"> <font color="maroon"> <small> &emsp; &emsp;--- 04 May 22:49:33 193 - <b>0</b> - Page Load Wait: (Sync) - ICar.support.Utils.waitForPageLoad(Utils.java:109)</small> </font> </div>
<div class="test-message">&emsp;Successfully navigated to the :  https://www.i-car.com/product/repair-efficiency-by-successful-damage-analysis   Page&emsp;<a href=".\ScreenShot\URL_TC001_2716910806363100.png" target="_blank" >[ScreenShot]</a></div>
<div class="test-event"> <font color="maroon"> <small> &emsp; &emsp;--- 04 May 22:49:33 493 - Page URL:: https://www.i-car.com/product/repair-efficiency-by-successful-damage-analysis</small> </font> </div>
<div class="test-event"> <font color="maroon"> <small> &emsp; &emsp;--- 04 May 22:49:33 493 - <b>0</b> - Page Load Wait: (Sync) - ICar.support.Utils.waitForPageLoad(Utils.java:109)</small> </font> </div>
<div class="test-event"> <font color="maroon"> <small> &emsp; &emsp;--- 04 May 22:49:33 504 - Catched spinner load exception due to javascript error: {"status":32,"value":"An invalid or illegal selector was specified"}
  (Session info: chrome=124.0.6367.92)
Build info: version: '4.6.0', revision: '79f1c02ae20'
System info: os.name: 'Windows 10', os.arch: 'amd64', os.version: '10.0', java.version: '17.0.7'
Driver info: org.openqa.selenium.chrome.ChromeDriver
Command: [2cf28825ea7a8a419a5b05b8e5d35d84, findElement {using=css selector, value=div[class='slds-spinner slds-spinner_brand slds-spinner_small']>div:nth-child(2)r}]
Capabilities {acceptInsecureCerts: false, browserName: chrome, browserVersion: 124.0.6367.92, chrome: {chromedriverVersion: 124.0.6367.91 (51df0e5e17a8..., userDataDir: C:\Users\PRATHA~1.KUM\AppDa...}, fedcm:accounts: true, goog:chromeOptions: {debuggerAddress: localhost:49451}, networkConnectionEnabled: false, pageLoadStrategy: normal, platformName: WINDOWS, proxy: Proxy(), se:cdp: ws://localhost:49451/devtoo..., se:cdpVersion: 124.0.6367.92, setWindowRect: true, strictFileInteractability: false, timeouts: {implicit: 0, pageLoad: 300000, script: 30000}, unhandledPromptBehavior: dismiss and notify, webauthn:extension:credBlob: true, webauthn:extension:largeBlob: true, webauthn:extension:minPinLength: true, webauthn:extension:prf: true, webauthn:virtualAuthenticators: true}
Session ID: 2cf28825ea7a8a419a5b05b8e5d35d84</small> </font> </div>
<div class="test-event"> <font color="maroon"> <small> &emsp; &emsp;--- 04 May 22:49:33 504 - <b>0</b> - Spinner Load Wait: (Sync) - ICar.support.WaitUtils.waitForSpinner(WaitUtils.java:225)</small> </font> </div>
<div class="test-event"> <font color="maroon"> <small> &emsp; &emsp;--- 04 May 22:49:43 615 - Page URL:: https://www.i-car.com/product/repair-efficiency-by-successful-damage-analysis</small> </font> </div>
<div class="test-event"> <font color="maroon"> <small> &emsp; &emsp;--- 04 May 22:49:43 615 - <b>0</b> - Page Load Wait: (Sync) - ICar.support.Utils.waitForPageLoad(Utils.java:109)</small> </font> </div>
<div class="test-event"> <font color="maroon"> <small> &emsp; &emsp;--- 04 May 22:49:43 639 - Element is displayed:: [[ChromeDriver: chrome on WINDOWS (2cf28825ea7a8a419a5b05b8e5d35d84)] -> xpath: //a[contains(text(),'Back to Courses')]]</small> </font> </div>
<div class="test-event"> <font color="maroon"> <small> &emsp; &emsp;--- 04 May 22:49:50 695 - Catched spinner load exception due to javascript error: {"status":32,"value":"An invalid or illegal selector was specified"}
  (Session info: chrome=124.0.6367.92)
Build info: version: '4.6.0', revision: '79f1c02ae20'
System info: os.name: 'Windows 10', os.arch: 'amd64', os.version: '10.0', java.version: '17.0.7'
Driver info: org.openqa.selenium.chrome.ChromeDriver
Command: [2cf28825ea7a8a419a5b05b8e5d35d84, findElement {using=css selector, value=div[class='slds-spinner slds-spinner_brand slds-spinner_small']>div:nth-child(2)r}]
Capabilities {acceptInsecureCerts: false, browserName: chrome, browserVersion: 124.0.6367.92, chrome: {chromedriverVersion: 124.0.6367.91 (51df0e5e17a8..., userDataDir: C:\Users\PRATHA~1.KUM\AppDa...}, fedcm:accounts: true, goog:chromeOptions: {debuggerAddress: localhost:49451}, networkConnectionEnabled: false, pageLoadStrategy: normal, platformName: WINDOWS, proxy: Proxy(), se:cdp: ws://localhost:49451/devtoo..., se:cdpVersion: 124.0.6367.92, setWindowRect: true, strictFileInteractability: false, timeouts: {implicit: 0, pageLoad: 300000, script: 30000}, unhandledPromptBehavior: dismiss and notify, webauthn:extension:credBlob: true, webauthn:extension:largeBlob: true, webauthn:extension:minPinLength: true, webauthn:extension:prf: true, webauthn:virtualAuthenticators: true}
Session ID: 2cf28825ea7a8a419a5b05b8e5d35d84</small> </font> </div>
<div class="test-event"> <font color="maroon"> <small> &emsp; &emsp;--- 04 May 22:49:50 695 - <b>0</b> - Spinner Load Wait: (Sync) - ICar.support.WaitUtils.waitForSpinner(WaitUtils.java:225)</small> </font> </div>
<div class="test-message">&emsp;Back To Courses is displayed in the page </div>
<div class="test-message">&emsp;Successfully verified Back To Course Link&emsp;<a href=".\ScreenShot\URL_TC001_2716928328702300.png" target="_blank" >[ScreenShot]</a></div>
<div class="test-event"> <font color="maroon"> <small> &emsp; &emsp;--- 04 May 22:49:50 933 - Catched spinner load exception due to javascript error: {"status":32,"value":"An invalid or illegal selector was specified"}
  (Session info: chrome=124.0.6367.92)
Build info: version: '4.6.0', revision: '79f1c02ae20'
System info: os.name: 'Windows 10', os.arch: 'amd64', os.version: '10.0', java.version: '17.0.7'
Driver info: org.openqa.selenium.chrome.ChromeDriver
Command: [2cf28825ea7a8a419a5b05b8e5d35d84, findElement {using=css selector, value=div[class='slds-spinner slds-spinner_brand slds-spinner_small']>div:nth-child(2)r}]
Capabilities {acceptInsecureCerts: false, browserName: chrome, browserVersion: 124.0.6367.92, chrome: {chromedriverVersion: 124.0.6367.91 (51df0e5e17a8..., userDataDir: C:\Users\PRATHA~1.KUM\AppDa...}, fedcm:accounts: true, goog:chromeOptions: {debuggerAddress: localhost:49451}, networkConnectionEnabled: false, pageLoadStrategy: normal, platformName: WINDOWS, proxy: Proxy(), se:cdp: ws://localhost:49451/devtoo..., se:cdpVersion: 124.0.6367.92, setWindowRect: true, strictFileInteractability: false, timeouts: {implicit: 0, pageLoad: 300000, script: 30000}, unhandledPromptBehavior: dismiss and notify, webauthn:extension:credBlob: true, webauthn:extension:largeBlob: true, webauthn:extension:minPinLength: true, webauthn:extension:prf: true, webauthn:virtualAuthenticators: true}
Session ID: 2cf28825ea7a8a419a5b05b8e5d35d84</small> </font> </div>
<div class="test-event"> <font color="maroon"> <small> &emsp; &emsp;--- 04 May 22:49:50 934 - <b>0</b> - Spinner Load Wait: (Sync) - ICar.support.WaitUtils.waitForSpinner(WaitUtils.java:225)</small> </font> </div>
<div class="test-event"> <font color="maroon"> <small> &emsp; &emsp;--- 04 May 22:49:51 020 - Page URL:: https://www.i-car.com/product/repair-efficiency-by-successful-damage-analysis</small> </font> </div>
<div class="test-event"> <font color="maroon"> <small> &emsp; &emsp;--- 04 May 22:49:51 020 - <b>0</b> - Page Load Wait: (Sync) - ICar.support.Utils.waitForPageLoad(Utils.java:109)</small> </font> </div>
<div class="test-event"> <font color="maroon"> <small> &emsp; &emsp;--- 04 May 22:50:01 089 - Element is displayed:: [[ChromeDriver: chrome on WINDOWS (2cf28825ea7a8a419a5b05b8e5d35d84)] -> xpath: //div[@class='productDetails slds-p-bottom_large']//div[contains(@class,'slds-p-bottom_medium')]]</small> </font> </div>
<div class="test-message">&emsp;Course Name : RepairEfficiencybySuccessfulDamageAnalysis is displayed in the URL page</div>
<div class="test-message">&emsp;Successfully verified the course name for relevant link&emsp;<a href=".\ScreenShot\URL_TC001_2716946730343100.png" target="_blank" >[ScreenShot]</a></div>
<div class="test-message">&emsp;
</div>
<div class="test-message">&emsp;3. URL is : https://www.i-car.com/product/convenience-systems-operation-and-service</div>
<div class="test-event"> <font color="maroon"> <small> &emsp; &emsp;--- 04 May 22:50:10 604 - Page URL:: https://www.i-car.com/product/convenience-systems-operation-and-service</small> </font> </div>
<div class="test-event"> <font color="maroon"> <small> &emsp; &emsp;--- 04 May 22:50:10 604 - <b>0</b> - Page Load Wait: (Sync) - ICar.support.Utils.waitForPageLoad(Utils.java:109)</small> </font> </div>
<div class="test-message">&emsp;Successfully navigated to the :  https://www.i-car.com/product/convenience-systems-operation-and-service   Page&emsp;<a href=".\ScreenShot\URL_TC001_2716948218221100.png" target="_blank" >[ScreenShot]</a></div>
<div class="test-event"> <font color="maroon"> <small> &emsp; &emsp;--- 04 May 22:50:10 966 - Page URL:: https://www.i-car.com/product/convenience-systems-operation-and-service</small> </font> </div>
<div class="test-event"> <font color="maroon"> <small> &emsp; &emsp;--- 04 May 22:50:10 967 - <b>0</b> - Page Load Wait: (Sync) - ICar.support.Utils.waitForPageLoad(Utils.java:109)</small> </font> </div>
<div class="test-event"> <font color="maroon"> <small> &emsp; &emsp;--- 04 May 22:50:10 977 - Catched spinner load exception due to javascript error: {"status":32,"value":"An invalid or illegal selector was specified"}
  (Session info: chrome=124.0.6367.92)
Build info: version: '4.6.0', revision: '79f1c02ae20'
System info: os.name: 'Windows 10', os.arch: 'amd64', os.version: '10.0', java.version: '17.0.7'
Driver info: org.openqa.selenium.chrome.ChromeDriver
Command: [2cf28825ea7a8a419a5b05b8e5d35d84, findElement {using=css selector, value=div[class='slds-spinner slds-spinner_brand slds-spinner_small']>div:nth-child(2)r}]
Capabilities {acceptInsecureCerts: false, browserName: chrome, browserVersion: 124.0.6367.92, chrome: {chromedriverVersion: 124.0.6367.91 (51df0e5e17a8..., userDataDir: C:\Users\PRATHA~1.KUM\AppDa...}, fedcm:accounts: true, goog:chromeOptions: {debuggerAddress: localhost:49451}, networkConnectionEnabled: false, pageLoadStrategy: normal, platformName: WINDOWS, proxy: Proxy(), se:cdp: ws://localhost:49451/devtoo..., se:cdpVersion: 124.0.6367.92, setWindowRect: true, strictFileInteractability: false, timeouts: {implicit: 0, pageLoad: 300000, script: 30000}, unhandledPromptBehavior: dismiss and notify, webauthn:extension:credBlob: true, webauthn:extension:largeBlob: true, webauthn:extension:minPinLength: true, webauthn:extension:prf: true, webauthn:virtualAuthenticators: true}
Session ID: 2cf28825ea7a8a419a5b05b8e5d35d84</small> </font> </div>
<div class="test-event"> <font color="maroon"> <small> &emsp; &emsp;--- 04 May 22:50:10 978 - <b>0</b> - Spinner Load Wait: (Sync) - ICar.support.WaitUtils.waitForSpinner(WaitUtils.java:225)</small> </font> </div>
<div class="test-event"> <font color="maroon"> <small> &emsp; &emsp;--- 04 May 22:50:21 074 - Page URL:: https://www.i-car.com/product/convenience-systems-operation-and-service</small> </font> </div>
<div class="test-event"> <font color="maroon"> <small> &emsp; &emsp;--- 04 May 22:50:21 074 - <b>0</b> - Page Load Wait: (Sync) - ICar.support.Utils.waitForPageLoad(Utils.java:109)</small> </font> </div>
<div class="test-event"> <font color="maroon"> <small> &emsp; &emsp;--- 04 May 22:50:21 099 - Element is displayed:: [[ChromeDriver: chrome on WINDOWS (2cf28825ea7a8a419a5b05b8e5d35d84)] -> xpath: //a[contains(text(),'Back to Courses')]]</small> </font> </div>
<div class="test-event"> <font color="maroon"> <small> &emsp; &emsp;--- 04 May 22:50:28 141 - Catched spinner load exception due to javascript error: {"status":32,"value":"An invalid or illegal selector was specified"}
  (Session info: chrome=124.0.6367.92)
Build info: version: '4.6.0', revision: '79f1c02ae20'
System info: os.name: 'Windows 10', os.arch: 'amd64', os.version: '10.0', java.version: '17.0.7'
Driver info: org.openqa.selenium.chrome.ChromeDriver
Command: [2cf28825ea7a8a419a5b05b8e5d35d84, findElement {using=css selector, value=div[class='slds-spinner slds-spinner_brand slds-spinner_small']>div:nth-child(2)r}]
Capabilities {acceptInsecureCerts: false, browserName: chrome, browserVersion: 124.0.6367.92, chrome: {chromedriverVersion: 124.0.6367.91 (51df0e5e17a8..., userDataDir: C:\Users\PRATHA~1.KUM\AppDa...}, fedcm:accounts: true, goog:chromeOptions: {debuggerAddress: localhost:49451}, networkConnectionEnabled: false, pageLoadStrategy: normal, platformName: WINDOWS, proxy: Proxy(), se:cdp: ws://localhost:49451/devtoo..., se:cdpVersion: 124.0.6367.92, setWindowRect: true, strictFileInteractability: false, timeouts: {implicit: 0, pageLoad: 300000, script: 30000}, unhandledPromptBehavior: dismiss and notify, webauthn:extension:credBlob: true, webauthn:extension:largeBlob: true, webauthn:extension:minPinLength: true, webauthn:extension:prf: true, webauthn:virtualAuthenticators: true}
Session ID: 2cf28825ea7a8a419a5b05b8e5d35d84</small> </font> </div>
<div class="test-event"> <font color="maroon"> <small> &emsp; &emsp;--- 04 May 22:50:28 141 - <b>0</b> - Spinner Load Wait: (Sync) - ICar.support.WaitUtils.waitForSpinner(WaitUtils.java:225)</small> </font> </div>
<div class="test-message">&emsp;Back To Courses is displayed in the page </div>
<div class="test-message">&emsp;Successfully verified Back To Course Link&emsp;<a href=".\ScreenShot\URL_TC001_2716965767446100.png" target="_blank" >[ScreenShot]</a></div>
<div class="test-event"> <font color="maroon"> <small> &emsp; &emsp;--- 04 May 22:50:28 392 - Catched spinner load exception due to javascript error: {"status":32,"value":"An invalid or illegal selector was specified"}
  (Session info: chrome=124.0.6367.92)
Build info: version: '4.6.0', revision: '79f1c02ae20'
System info: os.name: 'Windows 10', os.arch: 'amd64', os.version: '10.0', java.version: '17.0.7'
Driver info: org.openqa.selenium.chrome.ChromeDriver
Command: [2cf28825ea7a8a419a5b05b8e5d35d84, findElement {using=css selector, value=div[class='slds-spinner slds-spinner_brand slds-spinner_small']>div:nth-child(2)r}]
Capabilities {acceptInsecureCerts: false, browserName: chrome, browserVersion: 124.0.6367.92, chrome: {chromedriverVersion: 124.0.6367.91 (51df0e5e17a8..., userDataDir: C:\Users\PRATHA~1.KUM\AppDa...}, fedcm:accounts: true, goog:chromeOptions: {debuggerAddress: localhost:49451}, networkConnectionEnabled: false, pageLoadStrategy: normal, platformName: WINDOWS, proxy: Proxy(), se:cdp: ws://localhost:49451/devtoo..., se:cdpVersion: 124.0.6367.92, setWindowRect: true, strictFileInteractability: false, timeouts: {implicit: 0, pageLoad: 300000, script: 30000}, unhandledPromptBehavior: dismiss and notify, webauthn:extension:credBlob: true, webauthn:extension:largeBlob: true, webauthn:extension:minPinLength: true, webauthn:extension:prf: true, webauthn:virtualAuthenticators: true}
Session ID: 2cf28825ea7a8a419a5b05b8e5d35d84</small> </font> </div>
<div class="test-event"> <font color="maroon"> <small> &emsp; &emsp;--- 04 May 22:50:28 392 - <b>0</b> - Spinner Load Wait: (Sync) - ICar.support.WaitUtils.waitForSpinner(WaitUtils.java:225)</small> </font> </div>
<div class="test-event"> <font color="maroon"> <small> &emsp; &emsp;--- 04 May 22:50:28 487 - Page URL:: https://www.i-car.com/product/convenience-systems-operation-and-service</small> </font> </div>
<div class="test-event"> <font color="maroon"> <small> &emsp; &emsp;--- 04 May 22:50:28 487 - <b>0</b> - Page Load Wait: (Sync) - ICar.support.Utils.waitForPageLoad(Utils.java:109)</small> </font> </div>
<div class="test-event"> <font color="maroon"> <small> &emsp; &emsp;--- 04 May 22:50:38 541 - Element is displayed:: [[ChromeDriver: chrome on WINDOWS (2cf28825ea7a8a419a5b05b8e5d35d84)] -> xpath: //div[@class='productDetails slds-p-bottom_large']//div[contains(@class,'slds-p-bottom_medium')]]</small> </font> </div>
<div class="test-message">&emsp;Course Name : ConvenienceSystemsOperationandService is displayed in the URL page</div>
<div class="test-message">&emsp;Successfully verified the course name for relevant link&emsp;<a href=".\ScreenShot\URL_TC001_2716984181371700.png" target="_blank" >[ScreenShot]</a></div>
<div class="test-message">&emsp;
</div>
<div class="test-message">&emsp;4. URL is : https://www.i-car.com/product/fullframe-measuring-anchoring-and-pulling</div>
<div class="test-event"> <font color="maroon"> <small> &emsp; &emsp;--- 04 May 22:50:47 751 - Page URL:: https://www.i-car.com/product/fullframe-measuring-anchoring-and-pulling</small> </font> </div>
<div class="test-event"> <font color="maroon"> <small> &emsp; &emsp;--- 04 May 22:50:47 752 - <b>0</b> - Page Load Wait: (Sync) - ICar.support.Utils.waitForPageLoad(Utils.java:109)</small> </font> </div>
<div class="test-message">&emsp;Successfully navigated to the :  https://www.i-car.com/product/fullframe-measuring-anchoring-and-pulling   Page&emsp;<a href=".\ScreenShot\URL_TC001_2716985365720200.png" target="_blank" >[ScreenShot]</a></div>
<div class="test-event"> <font color="maroon"> <small> &emsp; &emsp;--- 04 May 22:50:48 033 - Page URL:: https://www.i-car.com/product/fullframe-measuring-anchoring-and-pulling</small> </font> </div>
<div class="test-event"> <font color="maroon"> <small> &emsp; &emsp;--- 04 May 22:50:48 034 - <b>0</b> - Page Load Wait: (Sync) - ICar.support.Utils.waitForPageLoad(Utils.java:109)</small> </font> </div>
<div class="test-event"> <font color="maroon"> <small> &emsp; &emsp;--- 04 May 22:50:48 043 - Catched spinner load exception due to javascript error: {"status":32,"value":"An invalid or illegal selector was specified"}
  (Session info: chrome=124.0.6367.92)
Build info: version: '4.6.0', revision: '79f1c02ae20'
System info: os.name: 'Windows 10', os.arch: 'amd64', os.version: '10.0', java.version: '17.0.7'
Driver info: org.openqa.selenium.chrome.ChromeDriver
Command: [2cf28825ea7a8a419a5b05b8e5d35d84, findElement {using=css selector, value=div[class='slds-spinner slds-spinner_brand slds-spinner_small']>div:nth-child(2)r}]
Capabilities {acceptInsecureCerts: false, browserName: chrome, browserVersion: 124.0.6367.92, chrome: {chromedriverVersion: 124.0.6367.91 (51df0e5e17a8..., userDataDir: C:\Users\PRATHA~1.KUM\AppDa...}, fedcm:accounts: true, goog:chromeOptions: {debuggerAddress: localhost:49451}, networkConnectionEnabled: false, pageLoadStrategy: normal, platformName: WINDOWS, proxy: Proxy(), se:cdp: ws://localhost:49451/devtoo..., se:cdpVersion: 124.0.6367.92, setWindowRect: true, strictFileInteractability: false, timeouts: {implicit: 0, pageLoad: 300000, script: 30000}, unhandledPromptBehavior: dismiss and notify, webauthn:extension:credBlob: true, webauthn:extension:largeBlob: true, webauthn:extension:minPinLength: true, webauthn:extension:prf: true, webauthn:virtualAuthenticators: true}
Session ID: 2cf28825ea7a8a419a5b05b8e5d35d84</small> </font> </div>
<div class="test-event"> <font color="maroon"> <small> &emsp; &emsp;--- 04 May 22:50:48 043 - <b>0</b> - Spinner Load Wait: (Sync) - ICar.support.WaitUtils.waitForSpinner(WaitUtils.java:225)</small> </font> </div>
<div class="test-event"> <font color="maroon"> <small> &emsp; &emsp;--- 04 May 22:50:58 149 - Page URL:: https://www.i-car.com/product/fullframe-measuring-anchoring-and-pulling</small> </font> </div>
<div class="test-event"> <font color="maroon"> <small> &emsp; &emsp;--- 04 May 22:50:58 149 - <b>0</b> - Page Load Wait: (Sync) - ICar.support.Utils.waitForPageLoad(Utils.java:109)</small> </font> </div>
<div class="test-event"> <font color="maroon"> <small> &emsp; &emsp;--- 04 May 22:50:58 174 - Element is displayed:: [[ChromeDriver: chrome on WINDOWS (2cf28825ea7a8a419a5b05b8e5d35d84)] -> xpath: //a[contains(text(),'Back to Courses')]]</small> </font> </div>
<div class="test-event"> <font color="maroon"> <small> &emsp; &emsp;--- 04 May 22:51:05 207 - Catched spinner load exception due to javascript error: {"status":32,"value":"An invalid or illegal selector was specified"}
  (Session info: chrome=124.0.6367.92)
Build info: version: '4.6.0', revision: '79f1c02ae20'
System info: os.name: 'Windows 10', os.arch: 'amd64', os.version: '10.0', java.version: '17.0.7'
Driver info: org.openqa.selenium.chrome.ChromeDriver
Command: [2cf28825ea7a8a419a5b05b8e5d35d84, findElement {using=css selector, value=div[class='slds-spinner slds-spinner_brand slds-spinner_small']>div:nth-child(2)r}]
Capabilities {acceptInsecureCerts: false, browserName: chrome, browserVersion: 124.0.6367.92, chrome: {chromedriverVersion: 124.0.6367.91 (51df0e5e17a8..., userDataDir: C:\Users\PRATHA~1.KUM\AppDa...}, fedcm:accounts: true, goog:chromeOptions: {debuggerAddress: localhost:49451}, networkConnectionEnabled: false, pageLoadStrategy: normal, platformName: WINDOWS, proxy: Proxy(), se:cdp: ws://localhost:49451/devtoo..., se:cdpVersion: 124.0.6367.92, setWindowRect: true, strictFileInteractability: false, timeouts: {implicit: 0, pageLoad: 300000, script: 30000}, unhandledPromptBehavior: dismiss and notify, webauthn:extension:credBlob: true, webauthn:extension:largeBlob: true, webauthn:extension:minPinLength: true, webauthn:extension:prf: true, webauthn:virtualAuthenticators: true}
Session ID: 2cf28825ea7a8a419a5b05b8e5d35d84</small> </font> </div>
<div class="test-event"> <font color="maroon"> <small> &emsp; &emsp;--- 04 May 22:51:05 207 - <b>0</b> - Spinner Load Wait: (Sync) - ICar.support.WaitUtils.waitForSpinner(WaitUtils.java:225)</small> </font> </div>
<div class="test-message">&emsp;Back To Courses is displayed in the page </div>
<div class="test-message">&emsp;Successfully verified Back To Course Link&emsp;<a href=".\ScreenShot\URL_TC001_2717002833476100.png" target="_blank" >[ScreenShot]</a></div>
<div class="test-event"> <font color="maroon"> <small> &emsp; &emsp;--- 04 May 22:51:05 450 - Catched spinner load exception due to javascript error: {"status":32,"value":"An invalid or illegal selector was specified"}
  (Session info: chrome=124.0.6367.92)
Build info: version: '4.6.0', revision: '79f1c02ae20'
System info: os.name: 'Windows 10', os.arch: 'amd64', os.version: '10.0', java.version: '17.0.7'
Driver info: org.openqa.selenium.chrome.ChromeDriver
Command: [2cf28825ea7a8a419a5b05b8e5d35d84, findElement {using=css selector, value=div[class='slds-spinner slds-spinner_brand slds-spinner_small']>div:nth-child(2)r}]
Capabilities {acceptInsecureCerts: false, browserName: chrome, browserVersion: 124.0.6367.92, chrome: {chromedriverVersion: 124.0.6367.91 (51df0e5e17a8..., userDataDir: C:\Users\PRATHA~1.KUM\AppDa...}, fedcm:accounts: true, goog:chromeOptions: {debuggerAddress: localhost:49451}, networkConnectionEnabled: false, pageLoadStrategy: normal, platformName: WINDOWS, proxy: Proxy(), se:cdp: ws://localhost:49451/devtoo..., se:cdpVersion: 124.0.6367.92, setWindowRect: true, strictFileInteractability: false, timeouts: {implicit: 0, pageLoad: 300000, script: 30000}, unhandledPromptBehavior: dismiss and notify, webauthn:extension:credBlob: true, webauthn:extension:largeBlob: true, webauthn:extension:minPinLength: true, webauthn:extension:prf: true, webauthn:virtualAuthenticators: true}
Session ID: 2cf28825ea7a8a419a5b05b8e5d35d84</small> </font> </div>
<div class="test-event"> <font color="maroon"> <small> &emsp; &emsp;--- 04 May 22:51:05 450 - <b>0</b> - Spinner Load Wait: (Sync) - ICar.support.WaitUtils.waitForSpinner(WaitUtils.java:225)</small> </font> </div>
<div class="test-event"> <font color="maroon"> <small> &emsp; &emsp;--- 04 May 22:51:05 529 - Page URL:: https://www.i-car.com/product/fullframe-measuring-anchoring-and-pulling</small> </font> </div>
<div class="test-event"> <font color="maroon"> <small> &emsp; &emsp;--- 04 May 22:51:05 529 - <b>0</b> - Page Load Wait: (Sync) - ICar.support.Utils.waitForPageLoad(Utils.java:109)</small> </font> </div>
<div class="test-event"> <font color="maroon"> <small> &emsp; &emsp;--- 04 May 22:51:15 592 - Element is displayed:: [[ChromeDriver: chrome on WINDOWS (2cf28825ea7a8a419a5b05b8e5d35d84)] -> xpath: //div[@class='productDetails slds-p-bottom_large']//div[contains(@class,'slds-p-bottom_medium')]]</small> </font> </div>
<div class="test-message">&emsp;Course Name : FullFrameMeasuringAnchoringandPulling is displayed in the URL page</div>
<div class="test-message">&emsp;Successfully verified the course name for relevant link&emsp;<a href=".\ScreenShot\URL_TC001_2717021237642800.png" target="_blank" >[ScreenShot]</a></div>
<div class="test-message">&emsp;
</div>
<div class="test-message">&emsp;5. URL is : https://www.i-car.com/product/fca-2018-jeep-wrangler-jl</div>
<div class="test-event"> <font color="maroon"> <small> &emsp; &emsp;--- 04 May 22:51:25 185 - Page URL:: https://www.i-car.com/product/fca-2018-jeep-wrangler-jl</small> </font> </div>
<div class="test-event"> <font color="maroon"> <small> &emsp; &emsp;--- 04 May 22:51:25 185 - <b>0</b> - Page Load Wait: (Sync) - ICar.support.Utils.waitForPageLoad(Utils.java:109)</small> </font> </div>
<div class="test-message">&emsp;Successfully navigated to the :  https://www.i-car.com/product/fca-2018-jeep-wrangler-jl   Page&emsp;<a href=".\ScreenShot\URL_TC001_2717022798560800.png" target="_blank" >[ScreenShot]</a></div>
<div class="test-event"> <font color="maroon"> <small> &emsp; &emsp;--- 04 May 22:51:25 502 - Page URL:: https://www.i-car.com/product/fca-2018-jeep-wrangler-jl</small> </font> </div>
<div class="test-event"> <font color="maroon"> <small> &emsp; &emsp;--- 04 May 22:51:25 502 - <b>0</b> - Page Load Wait: (Sync) - ICar.support.Utils.waitForPageLoad(Utils.java:109)</small> </font> </div>
<div class="test-event"> <font color="maroon"> <small> &emsp; &emsp;--- 04 May 22:51:25 510 - Catched spinner load exception due to javascript error: {"status":32,"value":"An invalid or illegal selector was specified"}
  (Session info: chrome=124.0.6367.92)
Build info: version: '4.6.0', revision: '79f1c02ae20'
System info: os.name: 'Windows 10', os.arch: 'amd64', os.version: '10.0', java.version: '17.0.7'
Driver info: org.openqa.selenium.chrome.ChromeDriver
Command: [2cf28825ea7a8a419a5b05b8e5d35d84, findElement {using=css selector, value=div[class='slds-spinner slds-spinner_brand slds-spinner_small']>div:nth-child(2)r}]
Capabilities {acceptInsecureCerts: false, browserName: chrome, browserVersion: 124.0.6367.92, chrome: {chromedriverVersion: 124.0.6367.91 (51df0e5e17a8..., userDataDir: C:\Users\PRATHA~1.KUM\AppDa...}, fedcm:accounts: true, goog:chromeOptions: {debuggerAddress: localhost:49451}, networkConnectionEnabled: false, pageLoadStrategy: normal, platformName: WINDOWS, proxy: Proxy(), se:cdp: ws://localhost:49451/devtoo..., se:cdpVersion: 124.0.6367.92, setWindowRect: true, strictFileInteractability: false, timeouts: {implicit: 0, pageLoad: 300000, script: 30000}, unhandledPromptBehavior: dismiss and notify, webauthn:extension:credBlob: true, webauthn:extension:largeBlob: true, webauthn:extension:minPinLength: true, webauthn:extension:prf: true, webauthn:virtualAuthenticators: true}
Session ID: 2cf28825ea7a8a419a5b05b8e5d35d84</small> </font> </div>
<div class="test-event"> <font color="maroon"> <small> &emsp; &emsp;--- 04 May 22:51:25 510 - <b>0</b> - Spinner Load Wait: (Sync) - ICar.support.WaitUtils.waitForSpinner(WaitUtils.java:225)</small> </font> </div>
<div class="test-event"> <font color="maroon"> <small> &emsp; &emsp;--- 04 May 22:51:35 639 - Page URL:: https://www.i-car.com/product/fca-2018-jeep-wrangler-jl</small> </font> </div>
<div class="test-event"> <font color="maroon"> <small> &emsp; &emsp;--- 04 May 22:51:35 639 - <b>0</b> - Page Load Wait: (Sync) - ICar.support.Utils.waitForPageLoad(Utils.java:109)</small> </font> </div>
<div class="test-event"> <font color="maroon"> <small> &emsp; &emsp;--- 04 May 22:51:35 659 - Element is displayed:: [[ChromeDriver: chrome on WINDOWS (2cf28825ea7a8a419a5b05b8e5d35d84)] -> xpath: //a[contains(text(),'Back to Courses')]]</small> </font> </div>
<div class="test-event"> <font color="maroon"> <small> &emsp; &emsp;--- 04 May 22:51:42 717 - Catched spinner load exception due to javascript error: {"status":32,"value":"An invalid or illegal selector was specified"}
  (Session info: chrome=124.0.6367.92)
Build info: version: '4.6.0', revision: '79f1c02ae20'
System info: os.name: 'Windows 10', os.arch: 'amd64', os.version: '10.0', java.version: '17.0.7'
Driver info: org.openqa.selenium.chrome.ChromeDriver
Command: [2cf28825ea7a8a419a5b05b8e5d35d84, findElement {using=css selector, value=div[class='slds-spinner slds-spinner_brand slds-spinner_small']>div:nth-child(2)r}]
Capabilities {acceptInsecureCerts: false, browserName: chrome, browserVersion: 124.0.6367.92, chrome: {chromedriverVersion: 124.0.6367.91 (51df0e5e17a8..., userDataDir: C:\Users\PRATHA~1.KUM\AppDa...}, fedcm:accounts: true, goog:chromeOptions: {debuggerAddress: localhost:49451}, networkConnectionEnabled: false, pageLoadStrategy: normal, platformName: WINDOWS, proxy: Proxy(), se:cdp: ws://localhost:49451/devtoo..., se:cdpVersion: 124.0.6367.92, setWindowRect: true, strictFileInteractability: false, timeouts: {implicit: 0, pageLoad: 300000, script: 30000}, unhandledPromptBehavior: dismiss and notify, webauthn:extension:credBlob: true, webauthn:extension:largeBlob: true, webauthn:extension:minPinLength: true, webauthn:extension:prf: true, webauthn:virtualAuthenticators: true}
Session ID: 2cf28825ea7a8a419a5b05b8e5d35d84</small> </font> </div>
<div class="test-event"> <font color="maroon"> <small> &emsp; &emsp;--- 04 May 22:51:42 718 - <b>0</b> - Spinner Load Wait: (Sync) - ICar.support.WaitUtils.waitForSpinner(WaitUtils.java:225)</small> </font> </div>
<div class="test-message">&emsp;Back To Courses is displayed in the page </div>
<div class="test-message">&emsp;Successfully verified Back To Course Link&emsp;<a href=".\ScreenShot\URL_TC001_2717040348865000.png" target="_blank" >[ScreenShot]</a></div>
<div class="test-event"> <font color="maroon"> <small> &emsp; &emsp;--- 04 May 22:51:42 980 - Catched spinner load exception due to javascript error: {"status":32,"value":"An invalid or illegal selector was specified"}
  (Session info: chrome=124.0.6367.92)
Build info: version: '4.6.0', revision: '79f1c02ae20'
System info: os.name: 'Windows 10', os.arch: 'amd64', os.version: '10.0', java.version: '17.0.7'
Driver info: org.openqa.selenium.chrome.ChromeDriver
Command: [2cf28825ea7a8a419a5b05b8e5d35d84, findElement {using=css selector, value=div[class='slds-spinner slds-spinner_brand slds-spinner_small']>div:nth-child(2)r}]
Capabilities {acceptInsecureCerts: false, browserName: chrome, browserVersion: 124.0.6367.92, chrome: {chromedriverVersion: 124.0.6367.91 (51df0e5e17a8..., userDataDir: C:\Users\PRATHA~1.KUM\AppDa...}, fedcm:accounts: true, goog:chromeOptions: {debuggerAddress: localhost:49451}, networkConnectionEnabled: false, pageLoadStrategy: normal, platformName: WINDOWS, proxy: Proxy(), se:cdp: ws://localhost:49451/devtoo..., se:cdpVersion: 124.0.6367.92, setWindowRect: true, strictFileInteractability: false, timeouts: {implicit: 0, pageLoad: 300000, script: 30000}, unhandledPromptBehavior: dismiss and notify, webauthn:extension:credBlob: true, webauthn:extension:largeBlob: true, webauthn:extension:minPinLength: true, webauthn:extension:prf: true, webauthn:virtualAuthenticators: true}
Session ID: 2cf28825ea7a8a419a5b05b8e5d35d84</small> </font> </div>
<div class="test-event"> <font color="maroon"> <small> &emsp; &emsp;--- 04 May 22:51:42 980 - <b>0</b> - Spinner Load Wait: (Sync) - ICar.support.WaitUtils.waitForSpinner(WaitUtils.java:225)</small> </font> </div>
<div class="test-event"> <font color="maroon"> <small> &emsp; &emsp;--- 04 May 22:51:43 061 - Page URL:: https://www.i-car.com/product/fca-2018-jeep-wrangler-jl</small> </font> </div>
<div class="test-event"> <font color="maroon"> <small> &emsp; &emsp;--- 04 May 22:51:43 062 - <b>0</b> - Page Load Wait: (Sync) - ICar.support.Utils.waitForPageLoad(Utils.java:109)</small> </font> </div>
<div class="test-event"> <font color="maroon"> <small> &emsp; &emsp;--- 04 May 22:51:53 131 - Element is displayed:: [[ChromeDriver: chrome on WINDOWS (2cf28825ea7a8a419a5b05b8e5d35d84)] -> xpath: //div[@class='productDetails slds-p-bottom_large']//div[contains(@class,'slds-p-bottom_medium')]]</small> </font> </div>
<div class="test-message">&emsp;Course Name : FCA2018JeepWranglerJL is displayed in the URL page</div>
<div class="test-message">&emsp;Successfully verified the course name for relevant link&emsp;<a href=".\ScreenShot\URL_TC001_2717058773267300.png" target="_blank" >[ScreenShot]</a></div>
<div class="test-message">&emsp;
</div>
<div class="test-message">&emsp;6. URL is : https://www.i-car.com/product/gaining-access-for-repairs</div>
<div class="test-event"> <font color="maroon"> <small> &emsp; &emsp;--- 04 May 22:52:02 315 - Page URL:: https://www.i-car.com/product/gaining-access-for-repairs</small> </font> </div>
<div class="test-event"> <font color="maroon"> <small> &emsp; &emsp;--- 04 May 22:52:02 315 - <b>0</b> - Page Load Wait: (Sync) - ICar.support.Utils.waitForPageLoad(Utils.java:109)</small> </font> </div>
<div class="test-message">&emsp;Successfully navigated to the :  https://www.i-car.com/product/gaining-access-for-repairs   Page&emsp;<a href=".\ScreenShot\URL_TC001_2717059929191100.png" target="_blank" >[ScreenShot]</a></div>
<div class="test-event"> <font color="maroon"> <small> &emsp; &emsp;--- 04 May 22:52:02 583 - Page URL:: https://www.i-car.com/product/gaining-access-for-repairs</small> </font> </div>
<div class="test-event"> <font color="maroon"> <small> &emsp; &emsp;--- 04 May 22:52:02 584 - <b>0</b> - Page Load Wait: (Sync) - ICar.support.Utils.waitForPageLoad(Utils.java:109)</small> </font> </div>
<div class="test-event"> <font color="maroon"> <small> &emsp; &emsp;--- 04 May 22:52:02 592 - Catched spinner load exception due to javascript error: {"status":32,"value":"An invalid or illegal selector was specified"}
  (Session info: chrome=124.0.6367.92)
Build info: version: '4.6.0', revision: '79f1c02ae20'
System info: os.name: 'Windows 10', os.arch: 'amd64', os.version: '10.0', java.version: '17.0.7'
Driver info: org.openqa.selenium.chrome.ChromeDriver
Command: [2cf28825ea7a8a419a5b05b8e5d35d84, findElement {using=css selector, value=div[class='slds-spinner slds-spinner_brand slds-spinner_small']>div:nth-child(2)r}]
Capabilities {acceptInsecureCerts: false, browserName: chrome, browserVersion: 124.0.6367.92, chrome: {chromedriverVersion: 124.0.6367.91 (51df0e5e17a8..., userDataDir: C:\Users\PRATHA~1.KUM\AppDa...}, fedcm:accounts: true, goog:chromeOptions: {debuggerAddress: localhost:49451}, networkConnectionEnabled: false, pageLoadStrategy: normal, platformName: WINDOWS, proxy: Proxy(), se:cdp: ws://localhost:49451/devtoo..., se:cdpVersion: 124.0.6367.92, setWindowRect: true, strictFileInteractability: false, timeouts: {implicit: 0, pageLoad: 300000, script: 30000}, unhandledPromptBehavior: dismiss and notify, webauthn:extension:credBlob: true, webauthn:extension:largeBlob: true, webauthn:extension:minPinLength: true, webauthn:extension:prf: true, webauthn:virtualAuthenticators: true}
Session ID: 2cf28825ea7a8a419a5b05b8e5d35d84</small> </font> </div>
<div class="test-event"> <font color="maroon"> <small> &emsp; &emsp;--- 04 May 22:52:02 592 - <b>0</b> - Spinner Load Wait: (Sync) - ICar.support.WaitUtils.waitForSpinner(WaitUtils.java:225)</small> </font> </div>
<div class="test-event"> <font color="maroon"> <small> &emsp; &emsp;--- 04 May 22:52:12 694 - Page URL:: https://www.i-car.com/product/gaining-access-for-repairs</small> </font> </div>
<div class="test-event"> <font color="maroon"> <small> &emsp; &emsp;--- 04 May 22:52:12 694 - <b>0</b> - Page Load Wait: (Sync) - ICar.support.Utils.waitForPageLoad(Utils.java:109)</small> </font> </div>
<div class="test-event"> <font color="maroon"> <small> &emsp; &emsp;--- 04 May 22:52:12 715 - Element is displayed:: [[ChromeDriver: chrome on WINDOWS (2cf28825ea7a8a419a5b05b8e5d35d84)] -> xpath: //a[contains(text(),'Back to Courses')]]</small> </font> </div>
<div class="test-event"> <font color="maroon"> <small> &emsp; &emsp;--- 04 May 22:52:19 744 - Catched spinner load exception due to javascript error: {"status":32,"value":"An invalid or illegal selector was specified"}
  (Session info: chrome=124.0.6367.92)
Build info: version: '4.6.0', revision: '79f1c02ae20'
System info: os.name: 'Windows 10', os.arch: 'amd64', os.version: '10.0', java.version: '17.0.7'
Driver info: org.openqa.selenium.chrome.ChromeDriver
Command: [2cf28825ea7a8a419a5b05b8e5d35d84, findElement {using=css selector, value=div[class='slds-spinner slds-spinner_brand slds-spinner_small']>div:nth-child(2)r}]
Capabilities {acceptInsecureCerts: false, browserName: chrome, browserVersion: 124.0.6367.92, chrome: {chromedriverVersion: 124.0.6367.91 (51df0e5e17a8..., userDataDir: C:\Users\PRATHA~1.KUM\AppDa...}, fedcm:accounts: true, goog:chromeOptions: {debuggerAddress: localhost:49451}, networkConnectionEnabled: false, pageLoadStrategy: normal, platformName: WINDOWS, proxy: Proxy(), se:cdp: ws://localhost:49451/devtoo..., se:cdpVersion: 124.0.6367.92, setWindowRect: true, strictFileInteractability: false, timeouts: {implicit: 0, pageLoad: 300000, script: 30000}, unhandledPromptBehavior: dismiss and notify, webauthn:extension:credBlob: true, webauthn:extension:largeBlob: true, webauthn:extension:minPinLength: true, webauthn:extension:prf: true, webauthn:virtualAuthenticators: true}
Session ID: 2cf28825ea7a8a419a5b05b8e5d35d84</small> </font> </div>
<div class="test-event"> <font color="maroon"> <small> &emsp; &emsp;--- 04 May 22:52:19 744 - <b>0</b> - Spinner Load Wait: (Sync) - ICar.support.WaitUtils.waitForSpinner(WaitUtils.java:225)</small> </font> </div>
<div class="test-message">&emsp;Back To Courses is displayed in the page </div>
<div class="test-message">&emsp;Successfully verified Back To Course Link&emsp;<a href=".\ScreenShot\URL_TC001_2717077370446400.png" target="_blank" >[ScreenShot]</a></div>
<div class="test-event"> <font color="maroon"> <small> &emsp; &emsp;--- 04 May 22:52:19 971 - Catched spinner load exception due to javascript error: {"status":32,"value":"An invalid or illegal selector was specified"}
  (Session info: chrome=124.0.6367.92)
Build info: version: '4.6.0', revision: '79f1c02ae20'
System info: os.name: 'Windows 10', os.arch: 'amd64', os.version: '10.0', java.version: '17.0.7'
Driver info: org.openqa.selenium.chrome.ChromeDriver
Command: [2cf28825ea7a8a419a5b05b8e5d35d84, findElement {using=css selector, value=div[class='slds-spinner slds-spinner_brand slds-spinner_small']>div:nth-child(2)r}]
Capabilities {acceptInsecureCerts: false, browserName: chrome, browserVersion: 124.0.6367.92, chrome: {chromedriverVersion: 124.0.6367.91 (51df0e5e17a8..., userDataDir: C:\Users\PRATHA~1.KUM\AppDa...}, fedcm:accounts: true, goog:chromeOptions: {debuggerAddress: localhost:49451}, networkConnectionEnabled: false, pageLoadStrategy: normal, platformName: WINDOWS, proxy: Proxy(), se:cdp: ws://localhost:49451/devtoo..., se:cdpVersion: 124.0.6367.92, setWindowRect: true, strictFileInteractability: false, timeouts: {implicit: 0, pageLoad: 300000, script: 30000}, unhandledPromptBehavior: dismiss and notify, webauthn:extension:credBlob: true, webauthn:extension:largeBlob: true, webauthn:extension:minPinLength: true, webauthn:extension:prf: true, webauthn:virtualAuthenticators: true}
Session ID: 2cf28825ea7a8a419a5b05b8e5d35d84</small> </font> </div>
<div class="test-event"> <font color="maroon"> <small> &emsp; &emsp;--- 04 May 22:52:19 971 - <b>0</b> - Spinner Load Wait: (Sync) - ICar.support.WaitUtils.waitForSpinner(WaitUtils.java:225)</small> </font> </div>
<div class="test-event"> <font color="maroon"> <small> &emsp; &emsp;--- 04 May 22:52:20 056 - Page URL:: https://www.i-car.com/product/gaining-access-for-repairs</small> </font> </div>
<div class="test-event"> <font color="maroon"> <small> &emsp; &emsp;--- 04 May 22:52:20 056 - <b>0</b> - Page Load Wait: (Sync) - ICar.support.Utils.waitForPageLoad(Utils.java:109)</small> </font> </div>
<div class="test-event"> <font color="maroon"> <small> &emsp; &emsp;--- 04 May 22:52:30 118 - Element is displayed:: [[ChromeDriver: chrome on WINDOWS (2cf28825ea7a8a419a5b05b8e5d35d84)] -> xpath: //div[@class='productDetails slds-p-bottom_large']//div[contains(@class,'slds-p-bottom_medium')]]</small> </font> </div>
<div class="test-message">&emsp;Course Name : GainingAccessforRepairs is displayed in the URL page</div>
<div class="test-message">&emsp;Successfully verified the course name for relevant link&emsp;<a href=".\ScreenShot\URL_TC001_2717095763635800.png" target="_blank" >[ScreenShot]</a></div>
<div class="test-message">&emsp;
</div>
<div class="test-message">&emsp;7. URL is : https://www.i-car.com/product/bmw-collision-repair-overview</div>
<div class="test-event"> <font color="maroon"> <small> &emsp; &emsp;--- 04 May 22:52:39 475 - Page URL:: https://www.i-car.com/product/bmw-collision-repair-overview</small> </font> </div>
<div class="test-event"> <font color="maroon"> <small> &emsp; &emsp;--- 04 May 22:52:39 475 - <b>0</b> - Page Load Wait: (Sync) - ICar.support.Utils.waitForPageLoad(Utils.java:109)</small> </font> </div>
<div class="test-message">&emsp;Successfully navigated to the :  https://www.i-car.com/product/bmw-collision-repair-overview   Page&emsp;<a href=".\ScreenShot\URL_TC001_2717097089334100.png" target="_blank" >[ScreenShot]</a></div>
<div class="test-event"> <font color="maroon"> <small> &emsp; &emsp;--- 04 May 22:52:39 800 - Page URL:: https://www.i-car.com/product/bmw-collision-repair-overview</small> </font> </div>
<div class="test-event"> <font color="maroon"> <small> &emsp; &emsp;--- 04 May 22:52:39 800 - <b>0</b> - Page Load Wait: (Sync) - ICar.support.Utils.waitForPageLoad(Utils.java:109)</small> </font> </div>
<div class="test-event"> <font color="maroon"> <small> &emsp; &emsp;--- 04 May 22:52:39 810 - Catched spinner load exception due to javascript error: {"status":32,"value":"An invalid or illegal selector was specified"}
  (Session info: chrome=124.0.6367.92)
Build info: version: '4.6.0', revision: '79f1c02ae20'
System info: os.name: 'Windows 10', os.arch: 'amd64', os.version: '10.0', java.version: '17.0.7'
Driver info: org.openqa.selenium.chrome.ChromeDriver
Command: [2cf28825ea7a8a419a5b05b8e5d35d84, findElement {using=css selector, value=div[class='slds-spinner slds-spinner_brand slds-spinner_small']>div:nth-child(2)r}]
Capabilities {acceptInsecureCerts: false, browserName: chrome, browserVersion: 124.0.6367.92, chrome: {chromedriverVersion: 124.0.6367.91 (51df0e5e17a8..., userDataDir: C:\Users\PRATHA~1.KUM\AppDa...}, fedcm:accounts: true, goog:chromeOptions: {debuggerAddress: localhost:49451}, networkConnectionEnabled: false, pageLoadStrategy: normal, platformName: WINDOWS, proxy: Proxy(), se:cdp: ws://localhost:49451/devtoo..., se:cdpVersion: 124.0.6367.92, setWindowRect: true, strictFileInteractability: false, timeouts: {implicit: 0, pageLoad: 300000, script: 30000}, unhandledPromptBehavior: dismiss and notify, webauthn:extension:credBlob: true, webauthn:extension:largeBlob: true, webauthn:extension:minPinLength: true, webauthn:extension:prf: true, webauthn:virtualAuthenticators: true}
Session ID: 2cf28825ea7a8a419a5b05b8e5d35d84</small> </font> </div>
<div class="test-event"> <font color="maroon"> <small> &emsp; &emsp;--- 04 May 22:52:39 811 - <b>0</b> - Spinner Load Wait: (Sync) - ICar.support.WaitUtils.waitForSpinner(WaitUtils.java:225)</small> </font> </div>
<div class="test-event"> <font color="maroon"> <small> &emsp; &emsp;--- 04 May 22:52:49 930 - Page URL:: https://www.i-car.com/product/bmw-collision-repair-overview</small> </font> </div>
<div class="test-event"> <font color="maroon"> <small> &emsp; &emsp;--- 04 May 22:52:49 930 - <b>0</b> - Page Load Wait: (Sync) - ICar.support.Utils.waitForPageLoad(Utils.java:109)</small> </font> </div>
<div class="test-event"> <font color="maroon"> <small> &emsp; &emsp;--- 04 May 22:52:49 951 - Element is displayed:: [[ChromeDriver: chrome on WINDOWS (2cf28825ea7a8a419a5b05b8e5d35d84)] -> xpath: //a[contains(text(),'Back to Courses')]]</small> </font> </div>
<div class="test-event"> <font color="maroon"> <small> &emsp; &emsp;--- 04 May 22:52:56 989 - Catched spinner load exception due to javascript error: {"status":32,"value":"An invalid or illegal selector was specified"}
  (Session info: chrome=124.0.6367.92)
Build info: version: '4.6.0', revision: '79f1c02ae20'
System info: os.name: 'Windows 10', os.arch: 'amd64', os.version: '10.0', java.version: '17.0.7'
Driver info: org.openqa.selenium.chrome.ChromeDriver
Command: [2cf28825ea7a8a419a5b05b8e5d35d84, findElement {using=css selector, value=div[class='slds-spinner slds-spinner_brand slds-spinner_small']>div:nth-child(2)r}]
Capabilities {acceptInsecureCerts: false, browserName: chrome, browserVersion: 124.0.6367.92, chrome: {chromedriverVersion: 124.0.6367.91 (51df0e5e17a8..., userDataDir: C:\Users\PRATHA~1.KUM\AppDa...}, fedcm:accounts: true, goog:chromeOptions: {debuggerAddress: localhost:49451}, networkConnectionEnabled: false, pageLoadStrategy: normal, platformName: WINDOWS, proxy: Proxy(), se:cdp: ws://localhost:49451/devtoo..., se:cdpVersion: 124.0.6367.92, setWindowRect: true, strictFileInteractability: false, timeouts: {implicit: 0, pageLoad: 300000, script: 30000}, unhandledPromptBehavior: dismiss and notify, webauthn:extension:credBlob: true, webauthn:extension:largeBlob: true, webauthn:extension:minPinLength: true, webauthn:extension:prf: true, webauthn:virtualAuthenticators: true}
Session ID: 2cf28825ea7a8a419a5b05b8e5d35d84</small> </font> </div>
<div class="test-event"> <font color="maroon"> <small> &emsp; &emsp;--- 04 May 22:52:56 989 - <b>0</b> - Spinner Load Wait: (Sync) - ICar.support.WaitUtils.waitForSpinner(WaitUtils.java:225)</small> </font> </div>
<div class="test-message">&emsp;Back To Courses is displayed in the page </div>
<div class="test-message">&emsp;Successfully verified Back To Course Link&emsp;<a href=".\ScreenShot\URL_TC001_2717114614485100.png" target="_blank" >[ScreenShot]</a></div>
<div class="test-event"> <font color="maroon"> <small> &emsp; &emsp;--- 04 May 22:52:57 217 - Catched spinner load exception due to javascript error: {"status":32,"value":"An invalid or illegal selector was specified"}
  (Session info: chrome=124.0.6367.92)
Build info: version: '4.6.0', revision: '79f1c02ae20'
System info: os.name: 'Windows 10', os.arch: 'amd64', os.version: '10.0', java.version: '17.0.7'
Driver info: org.openqa.selenium.chrome.ChromeDriver
Command: [2cf28825ea7a8a419a5b05b8e5d35d84, findElement {using=css selector, value=div[class='slds-spinner slds-spinner_brand slds-spinner_small']>div:nth-child(2)r}]
Capabilities {acceptInsecureCerts: false, browserName: chrome, browserVersion: 124.0.6367.92, chrome: {chromedriverVersion: 124.0.6367.91 (51df0e5e17a8..., userDataDir: C:\Users\PRATHA~1.KUM\AppDa...}, fedcm:accounts: true, goog:chromeOptions: {debuggerAddress: localhost:49451}, networkConnectionEnabled: false, pageLoadStrategy: normal, platformName: WINDOWS, proxy: Proxy(), se:cdp: ws://localhost:49451/devtoo..., se:cdpVersion: 124.0.6367.92, setWindowRect: true, strictFileInteractability: false, timeouts: {implicit: 0, pageLoad: 300000, script: 30000}, unhandledPromptBehavior: dismiss and notify, webauthn:extension:credBlob: true, webauthn:extension:largeBlob: true, webauthn:extension:minPinLength: true, webauthn:extension:prf: true, webauthn:virtualAuthenticators: true}
Session ID: 2cf28825ea7a8a419a5b05b8e5d35d84</small> </font> </div>
<div class="test-event"> <font color="maroon"> <small> &emsp; &emsp;--- 04 May 22:52:57 217 - <b>0</b> - Spinner Load Wait: (Sync) - ICar.support.WaitUtils.waitForSpinner(WaitUtils.java:225)</small> </font> </div>
<div class="test-event"> <font color="maroon"> <small> &emsp; &emsp;--- 04 May 22:52:57 294 - Page URL:: https://www.i-car.com/product/bmw-collision-repair-overview</small> </font> </div>
<div class="test-event"> <font color="maroon"> <small> &emsp; &emsp;--- 04 May 22:52:57 294 - <b>0</b> - Page Load Wait: (Sync) - ICar.support.Utils.waitForPageLoad(Utils.java:109)</small> </font> </div>
<div class="test-event"> <font color="maroon"> <small> &emsp; &emsp;--- 04 May 22:53:07 351 - Element is displayed:: [[ChromeDriver: chrome on WINDOWS (2cf28825ea7a8a419a5b05b8e5d35d84)] -> xpath: //div[@class='productDetails slds-p-bottom_large']//div[contains(@class,'slds-p-bottom_medium')]]</small> </font> </div>
<div class="test-message">&emsp;Course Name : BMWCollisionRepairOverview is displayed in the URL page</div>
<div class="test-message">&emsp;Successfully verified the course name for relevant link&emsp;<a href=".\ScreenShot\URL_TC001_2717133000429500.png" target="_blank" >[ScreenShot]</a></div>
<div class="test-message">&emsp;
</div>
<div class="test-message">&emsp;8. URL is : https://www.i-car.com/product/vehicle-technology-and-trends-2018</div>
<div class="test-event"> <font color="maroon"> <small> &emsp; &emsp;--- 04 May 22:53:16 807 - Page URL:: https://www.i-car.com/product/vehicle-technology-and-trends-2018</small> </font> </div>
<div class="test-event"> <font color="maroon"> <small> &emsp; &emsp;--- 04 May 22:53:16 807 - <b>0</b> - Page Load Wait: (Sync) - ICar.support.Utils.waitForPageLoad(Utils.java:109)</small> </font> </div>
<div class="test-message">&emsp;Successfully navigated to the :  https://www.i-car.com/product/vehicle-technology-and-trends-2018   Page&emsp;<a href=".\ScreenShot\URL_TC001_2717134420369700.png" target="_blank" >[ScreenShot]</a></div>
<div class="test-event"> <font color="maroon"> <small> &emsp; &emsp;--- 04 May 22:53:17 091 - Page URL:: https://www.i-car.com/product/vehicle-technology-and-trends-2018</small> </font> </div>
<div class="test-event"> <font color="maroon"> <small> &emsp; &emsp;--- 04 May 22:53:17 092 - <b>0</b> - Page Load Wait: (Sync) - ICar.support.Utils.waitForPageLoad(Utils.java:109)</small> </font> </div>
<div class="test-event"> <font color="maroon"> <small> &emsp; &emsp;--- 04 May 22:53:17 099 - Catched spinner load exception due to javascript error: {"status":32,"value":"An invalid or illegal selector was specified"}
  (Session info: chrome=124.0.6367.92)
Build info: version: '4.6.0', revision: '79f1c02ae20'
System info: os.name: 'Windows 10', os.arch: 'amd64', os.version: '10.0', java.version: '17.0.7'
Driver info: org.openqa.selenium.chrome.ChromeDriver
Command: [2cf28825ea7a8a419a5b05b8e5d35d84, findElement {using=css selector, value=div[class='slds-spinner slds-spinner_brand slds-spinner_small']>div:nth-child(2)r}]
Capabilities {acceptInsecureCerts: false, browserName: chrome, browserVersion: 124.0.6367.92, chrome: {chromedriverVersion: 124.0.6367.91 (51df0e5e17a8..., userDataDir: C:\Users\PRATHA~1.KUM\AppDa...}, fedcm:accounts: true, goog:chromeOptions: {debuggerAddress: localhost:49451}, networkConnectionEnabled: false, pageLoadStrategy: normal, platformName: WINDOWS, proxy: Proxy(), se:cdp: ws://localhost:49451/devtoo..., se:cdpVersion: 124.0.6367.92, setWindowRect: true, strictFileInteractability: false, timeouts: {implicit: 0, pageLoad: 300000, script: 30000}, unhandledPromptBehavior: dismiss and notify, webauthn:extension:credBlob: true, webauthn:extension:largeBlob: true, webauthn:extension:minPinLength: true, webauthn:extension:prf: true, webauthn:virtualAuthenticators: true}
Session ID: 2cf28825ea7a8a419a5b05b8e5d35d84</small> </font> </div>
<div class="test-event"> <font color="maroon"> <small> &emsp; &emsp;--- 04 May 22:53:17 099 - <b>0</b> - Spinner Load Wait: (Sync) - ICar.support.WaitUtils.waitForSpinner(WaitUtils.java:225)</small> </font> </div>
<div class="test-event"> <font color="maroon"> <small> &emsp; &emsp;--- 04 May 22:53:27 193 - Page URL:: https://www.i-car.com/product/vehicle-technology-and-trends-2018</small> </font> </div>
<div class="test-event"> <font color="maroon"> <small> &emsp; &emsp;--- 04 May 22:53:27 193 - <b>0</b> - Page Load Wait: (Sync) - ICar.support.Utils.waitForPageLoad(Utils.java:109)</small> </font> </div>
<div class="test-event"> <font color="maroon"> <small> &emsp; &emsp;--- 04 May 22:53:27 214 - Element is displayed:: [[ChromeDriver: chrome on WINDOWS (2cf28825ea7a8a419a5b05b8e5d35d84)] -> xpath: //a[contains(text(),'Back to Courses')]]</small> </font> </div>
<div class="test-event"> <font color="maroon"> <small> &emsp; &emsp;--- 04 May 22:53:34 255 - Catched spinner load exception due to javascript error: {"status":32,"value":"An invalid or illegal selector was specified"}
  (Session info: chrome=124.0.6367.92)
Build info: version: '4.6.0', revision: '79f1c02ae20'
System info: os.name: 'Windows 10', os.arch: 'amd64', os.version: '10.0', java.version: '17.0.7'
Driver info: org.openqa.selenium.chrome.ChromeDriver
Command: [2cf28825ea7a8a419a5b05b8e5d35d84, findElement {using=css selector, value=div[class='slds-spinner slds-spinner_brand slds-spinner_small']>div:nth-child(2)r}]
Capabilities {acceptInsecureCerts: false, browserName: chrome, browserVersion: 124.0.6367.92, chrome: {chromedriverVersion: 124.0.6367.91 (51df0e5e17a8..., userDataDir: C:\Users\PRATHA~1.KUM\AppDa...}, fedcm:accounts: true, goog:chromeOptions: {debuggerAddress: localhost:49451}, networkConnectionEnabled: false, pageLoadStrategy: normal, platformName: WINDOWS, proxy: Proxy(), se:cdp: ws://localhost:49451/devtoo..., se:cdpVersion: 124.0.6367.92, setWindowRect: true, strictFileInteractability: false, timeouts: {implicit: 0, pageLoad: 300000, script: 30000}, unhandledPromptBehavior: dismiss and notify, webauthn:extension:credBlob: true, webauthn:extension:largeBlob: true, webauthn:extension:minPinLength: true, webauthn:extension:prf: true, webauthn:virtualAuthenticators: true}
Session ID: 2cf28825ea7a8a419a5b05b8e5d35d84</small> </font> </div>
<div class="test-event"> <font color="maroon"> <small> &emsp; &emsp;--- 04 May 22:53:34 255 - <b>0</b> - Spinner Load Wait: (Sync) - ICar.support.WaitUtils.waitForSpinner(WaitUtils.java:225)</small> </font> </div>
<div class="test-message">&emsp;Back To Courses is displayed in the page </div>
<div class="test-message">&emsp;Successfully verified Back To Course Link&emsp;<a href=".\ScreenShot\URL_TC001_2717151881347900.png" target="_blank" >[ScreenShot]</a></div>
<div class="test-event"> <font color="maroon"> <small> &emsp; &emsp;--- 04 May 22:53:34 506 - Catched spinner load exception due to javascript error: {"status":32,"value":"An invalid or illegal selector was specified"}
  (Session info: chrome=124.0.6367.92)
Build info: version: '4.6.0', revision: '79f1c02ae20'
System info: os.name: 'Windows 10', os.arch: 'amd64', os.version: '10.0', java.version: '17.0.7'
Driver info: org.openqa.selenium.chrome.ChromeDriver
Command: [2cf28825ea7a8a419a5b05b8e5d35d84, findElement {using=css selector, value=div[class='slds-spinner slds-spinner_brand slds-spinner_small']>div:nth-child(2)r}]
Capabilities {acceptInsecureCerts: false, browserName: chrome, browserVersion: 124.0.6367.92, chrome: {chromedriverVersion: 124.0.6367.91 (51df0e5e17a8..., userDataDir: C:\Users\PRATHA~1.KUM\AppDa...}, fedcm:accounts: true, goog:chromeOptions: {debuggerAddress: localhost:49451}, networkConnectionEnabled: false, pageLoadStrategy: normal, platformName: WINDOWS, proxy: Proxy(), se:cdp: ws://localhost:49451/devtoo..., se:cdpVersion: 124.0.6367.92, setWindowRect: true, strictFileInteractability: false, timeouts: {implicit: 0, pageLoad: 300000, script: 30000}, unhandledPromptBehavior: dismiss and notify, webauthn:extension:credBlob: true, webauthn:extension:largeBlob: true, webauthn:extension:minPinLength: true, webauthn:extension:prf: true, webauthn:virtualAuthenticators: true}
Session ID: 2cf28825ea7a8a419a5b05b8e5d35d84</small> </font> </div>
<div class="test-event"> <font color="maroon"> <small> &emsp; &emsp;--- 04 May 22:53:34 506 - <b>0</b> - Spinner Load Wait: (Sync) - ICar.support.WaitUtils.waitForSpinner(WaitUtils.java:225)</small> </font> </div>
<div class="test-event"> <font color="maroon"> <small> &emsp; &emsp;--- 04 May 22:53:34 586 - Page URL:: https://www.i-car.com/product/vehicle-technology-and-trends-2018</small> </font> </div>
<div class="test-event"> <font color="maroon"> <small> &emsp; &emsp;--- 04 May 22:53:34 586 - <b>0</b> - Page Load Wait: (Sync) - ICar.support.Utils.waitForPageLoad(Utils.java:109)</small> </font> </div>
<div class="test-event"> <font color="maroon"> <small> &emsp; &emsp;--- 04 May 22:53:44 644 - Element is displayed:: [[ChromeDriver: chrome on WINDOWS (2cf28825ea7a8a419a5b05b8e5d35d84)] -> xpath: //div[@class='productDetails slds-p-bottom_large']//div[contains(@class,'slds-p-bottom_medium')]]</small> </font> </div>
<div class="test-message">&emsp;Course Name : VehicleTechnologyandTrends2018 is displayed in the URL page</div>
<div class="test-message">&emsp;Successfully verified the course name for relevant link&emsp;<a href=".\ScreenShot\URL_TC001_2717170280729000.png" target="_blank" >[ScreenShot]</a></div>
<div class="test-message">&emsp;
</div>
<div class="test-message">&emsp;9. URL is : https://www.i-car.com/product/collision-repair-of-the-2020-general-motors-gm-corvette-c8</div>
<div class="test-event"> <font color="maroon"> <small> &emsp; &emsp;--- 04 May 22:53:53 985 - Page URL:: https://www.i-car.com/product/collision-repair-of-the-2020-general-motors-gm-corvette-c8</small> </font> </div>
<div class="test-event"> <font color="maroon"> <small> &emsp; &emsp;--- 04 May 22:53:53 986 - <b>0</b> - Page Load Wait: (Sync) - ICar.support.Utils.waitForPageLoad(Utils.java:109)</small> </font> </div>
<div class="test-message">&emsp;Successfully navigated to the :  https://www.i-car.com/product/collision-repair-of-the-2020-general-motors-gm-corvette-c8   Page&emsp;<a href=".\ScreenShot\URL_TC001_2717171599336900.png" target="_blank" >[ScreenShot]</a></div>
<div class="test-event"> <font color="maroon"> <small> &emsp; &emsp;--- 04 May 22:53:54 266 - Page URL:: https://www.i-car.com/product/collision-repair-of-the-2020-general-motors-gm-corvette-c8</small> </font> </div>
<div class="test-event"> <font color="maroon"> <small> &emsp; &emsp;--- 04 May 22:53:54 266 - <b>0</b> - Page Load Wait: (Sync) - ICar.support.Utils.waitForPageLoad(Utils.java:109)</small> </font> </div>
<div class="test-event"> <font color="maroon"> <small> &emsp; &emsp;--- 04 May 22:53:54 275 - Catched spinner load exception due to javascript error: {"status":32,"value":"An invalid or illegal selector was specified"}
  (Session info: chrome=124.0.6367.92)
Build info: version: '4.6.0', revision: '79f1c02ae20'
System info: os.name: 'Windows 10', os.arch: 'amd64', os.version: '10.0', java.version: '17.0.7'
Driver info: org.openqa.selenium.chrome.ChromeDriver
Command: [2cf28825ea7a8a419a5b05b8e5d35d84, findElement {using=css selector, value=div[class='slds-spinner slds-spinner_brand slds-spinner_small']>div:nth-child(2)r}]
Capabilities {acceptInsecureCerts: false, browserName: chrome, browserVersion: 124.0.6367.92, chrome: {chromedriverVersion: 124.0.6367.91 (51df0e5e17a8..., userDataDir: C:\Users\PRATHA~1.KUM\AppDa...}, fedcm:accounts: true, goog:chromeOptions: {debuggerAddress: localhost:49451}, networkConnectionEnabled: false, pageLoadStrategy: normal, platformName: WINDOWS, proxy: Proxy(), se:cdp: ws://localhost:49451/devtoo..., se:cdpVersion: 124.0.6367.92, setWindowRect: true, strictFileInteractability: false, timeouts: {implicit: 0, pageLoad: 300000, script: 30000}, unhandledPromptBehavior: dismiss and notify, webauthn:extension:credBlob: true, webauthn:extension:largeBlob: true, webauthn:extension:minPinLength: true, webauthn:extension:prf: true, webauthn:virtualAuthenticators: true}
Session ID: 2cf28825ea7a8a419a5b05b8e5d35d84</small> </font> </div>
<div class="test-event"> <font color="maroon"> <small> &emsp; &emsp;--- 04 May 22:53:54 275 - <b>0</b> - Spinner Load Wait: (Sync) - ICar.support.WaitUtils.waitForSpinner(WaitUtils.java:225)</small> </font> </div>
<div class="test-event"> <font color="maroon"> <small> &emsp; &emsp;--- 04 May 22:54:04 373 - Page URL:: https://www.i-car.com/product/collision-repair-of-the-2020-general-motors-gm-corvette-c8</small> </font> </div>
<div class="test-event"> <font color="maroon"> <small> &emsp; &emsp;--- 04 May 22:54:04 373 - <b>0</b> - Page Load Wait: (Sync) - ICar.support.Utils.waitForPageLoad(Utils.java:109)</small> </font> </div>
<div class="test-event"> <font color="maroon"> <small> &emsp; &emsp;--- 04 May 22:54:04 397 - Element is displayed:: [[ChromeDriver: chrome on WINDOWS (2cf28825ea7a8a419a5b05b8e5d35d84)] -> xpath: //a[contains(text(),'Back to Courses')]]</small> </font> </div>
<div class="test-event"> <font color="maroon"> <small> &emsp; &emsp;--- 04 May 22:54:11 425 - Catched spinner load exception due to javascript error: {"status":32,"value":"An invalid or illegal selector was specified"}
  (Session info: chrome=124.0.6367.92)
Build info: version: '4.6.0', revision: '79f1c02ae20'
System info: os.name: 'Windows 10', os.arch: 'amd64', os.version: '10.0', java.version: '17.0.7'
Driver info: org.openqa.selenium.chrome.ChromeDriver
Command: [2cf28825ea7a8a419a5b05b8e5d35d84, findElement {using=css selector, value=div[class='slds-spinner slds-spinner_brand slds-spinner_small']>div:nth-child(2)r}]
Capabilities {acceptInsecureCerts: false, browserName: chrome, browserVersion: 124.0.6367.92, chrome: {chromedriverVersion: 124.0.6367.91 (51df0e5e17a8..., userDataDir: C:\Users\PRATHA~1.KUM\AppDa...}, fedcm:accounts: true, goog:chromeOptions: {debuggerAddress: localhost:49451}, networkConnectionEnabled: false, pageLoadStrategy: normal, platformName: WINDOWS, proxy: Proxy(), se:cdp: ws://localhost:49451/devtoo..., se:cdpVersion: 124.0.6367.92, setWindowRect: true, strictFileInteractability: false, timeouts: {implicit: 0, pageLoad: 300000, script: 30000}, unhandledPromptBehavior: dismiss and notify, webauthn:extension:credBlob: true, webauthn:extension:largeBlob: true, webauthn:extension:minPinLength: true, webauthn:extension:prf: true, webauthn:virtualAuthenticators: true}
Session ID: 2cf28825ea7a8a419a5b05b8e5d35d84</small> </font> </div>
<div class="test-event"> <font color="maroon"> <small> &emsp; &emsp;--- 04 May 22:54:11 426 - <b>0</b> - Spinner Load Wait: (Sync) - ICar.support.WaitUtils.waitForSpinner(WaitUtils.java:225)</small> </font> </div>
<div class="test-message">&emsp;Back To Courses is displayed in the page </div>
<div class="test-message">&emsp;Successfully verified Back To Course Link&emsp;<a href=".\ScreenShot\URL_TC001_2717189050945400.png" target="_blank" >[ScreenShot]</a></div>
<div class="test-event"> <font color="maroon"> <small> &emsp; &emsp;--- 04 May 22:54:11 639 - Catched spinner load exception due to javascript error: {"status":32,"value":"An invalid or illegal selector was specified"}
  (Session info: chrome=124.0.6367.92)
Build info: version: '4.6.0', revision: '79f1c02ae20'
System info: os.name: 'Windows 10', os.arch: 'amd64', os.version: '10.0', java.version: '17.0.7'
Driver info: org.openqa.selenium.chrome.ChromeDriver
Command: [2cf28825ea7a8a419a5b05b8e5d35d84, findElement {using=css selector, value=div[class='slds-spinner slds-spinner_brand slds-spinner_small']>div:nth-child(2)r}]
Capabilities {acceptInsecureCerts: false, browserName: chrome, browserVersion: 124.0.6367.92, chrome: {chromedriverVersion: 124.0.6367.91 (51df0e5e17a8..., userDataDir: C:\Users\PRATHA~1.KUM\AppDa...}, fedcm:accounts: true, goog:chromeOptions: {debuggerAddress: localhost:49451}, networkConnectionEnabled: false, pageLoadStrategy: normal, platformName: WINDOWS, proxy: Proxy(), se:cdp: ws://localhost:49451/devtoo..., se:cdpVersion: 124.0.6367.92, setWindowRect: true, strictFileInteractability: false, timeouts: {implicit: 0, pageLoad: 300000, script: 30000}, unhandledPromptBehavior: dismiss and notify, webauthn:extension:credBlob: true, webauthn:extension:largeBlob: true, webauthn:extension:minPinLength: true, webauthn:extension:prf: true, webauthn:virtualAuthenticators: true}
Session ID: 2cf28825ea7a8a419a5b05b8e5d35d84</small> </font> </div>
<div class="test-event"> <font color="maroon"> <small> &emsp; &emsp;--- 04 May 22:54:11 639 - <b>0</b> - Spinner Load Wait: (Sync) - ICar.support.WaitUtils.waitForSpinner(WaitUtils.java:225)</small> </font> </div>
<div class="test-event"> <font color="maroon"> <small> &emsp; &emsp;--- 04 May 22:54:11 720 - Page URL:: https://www.i-car.com/product/collision-repair-of-the-2020-general-motors-gm-corvette-c8</small> </font> </div>
<div class="test-event"> <font color="maroon"> <small> &emsp; &emsp;--- 04 May 22:54:11 720 - <b>0</b> - Page Load Wait: (Sync) - ICar.support.Utils.waitForPageLoad(Utils.java:109)</small> </font> </div>
<div class="test-event"> <font color="maroon"> <small> &emsp; &emsp;--- 04 May 22:54:21 803 - Element is displayed:: [[ChromeDriver: chrome on WINDOWS (2cf28825ea7a8a419a5b05b8e5d35d84)] -> xpath: //div[@class='productDetails slds-p-bottom_large']//div[contains(@class,'slds-p-bottom_medium')]]</small> </font> </div>
<div class="test-message">&emsp;Course Name : CollisionRepairofthe2020GeneralMotorsGMCorvetteC8 is displayed in the URL page</div>
<div class="test-message">&emsp;Successfully verified the course name for relevant link&emsp;<a href=".\ScreenShot\URL_TC001_2717207449985500.png" target="_blank" >[ScreenShot]</a></div>
<div class="test-message">&emsp;
</div>
<div class="test-message">&emsp;10. URL is : https://www.i-car.com/product/fca-wagoneer-and-grand-wagoneer-ws</div>
<div class="test-event"> <font color="maroon"> <small> &emsp; &emsp;--- 04 May 22:54:31 714 - Page URL:: https://www.i-car.com/product/fca-wagoneer-and-grand-wagoneer-ws</small> </font> </div>
<div class="test-event"> <font color="maroon"> <small> &emsp; &emsp;--- 04 May 22:54:31 714 - <b>0</b> - Page Load Wait: (Sync) - ICar.support.Utils.waitForPageLoad(Utils.java:109)</small> </font> </div>
<div class="test-message">&emsp;Successfully navigated to the :  https://www.i-car.com/product/fca-wagoneer-and-grand-wagoneer-ws   Page&emsp;<a href=".\ScreenShot\URL_TC001_2717209327682500.png" target="_blank" >[ScreenShot]</a></div>
<div class="test-event"> <font color="maroon"> <small> &emsp; &emsp;--- 04 May 22:54:32 067 - Page URL:: https://www.i-car.com/product/fca-wagoneer-and-grand-wagoneer-ws</small> </font> </div>
<div class="test-event"> <font color="maroon"> <small> &emsp; &emsp;--- 04 May 22:54:32 067 - <b>0</b> - Page Load Wait: (Sync) - ICar.support.Utils.waitForPageLoad(Utils.java:109)</small> </font> </div>
<div class="test-event"> <font color="maroon"> <small> &emsp; &emsp;--- 04 May 22:54:32 085 - Catched spinner load exception due to javascript error: {"status":32,"value":"An invalid or illegal selector was specified"}
  (Session info: chrome=124.0.6367.92)
Build info: version: '4.6.0', revision: '79f1c02ae20'
System info: os.name: 'Windows 10', os.arch: 'amd64', os.version: '10.0', java.version: '17.0.7'
Driver info: org.openqa.selenium.chrome.ChromeDriver
Command: [2cf28825ea7a8a419a5b05b8e5d35d84, findElement {using=css selector, value=div[class='slds-spinner slds-spinner_brand slds-spinner_small']>div:nth-child(2)r}]
Capabilities {acceptInsecureCerts: false, browserName: chrome, browserVersion: 124.0.6367.92, chrome: {chromedriverVersion: 124.0.6367.91 (51df0e5e17a8..., userDataDir: C:\Users\PRATHA~1.KUM\AppDa...}, fedcm:accounts: true, goog:chromeOptions: {debuggerAddress: localhost:49451}, networkConnectionEnabled: false, pageLoadStrategy: normal, platformName: WINDOWS, proxy: Proxy(), se:cdp: ws://localhost:49451/devtoo..., se:cdpVersion: 124.0.6367.92, setWindowRect: true, strictFileInteractability: false, timeouts: {implicit: 0, pageLoad: 300000, script: 30000}, unhandledPromptBehavior: dismiss and notify, webauthn:extension:credBlob: true, webauthn:extension:largeBlob: true, webauthn:extension:minPinLength: true, webauthn:extension:prf: true, webauthn:virtualAuthenticators: true}
Session ID: 2cf28825ea7a8a419a5b05b8e5d35d84</small> </font> </div>
<div class="test-event"> <font color="maroon"> <small> &emsp; &emsp;--- 04 May 22:54:32 085 - <b>0</b> - Spinner Load Wait: (Sync) - ICar.support.WaitUtils.waitForSpinner(WaitUtils.java:225)</small> </font> </div>
<div class="test-event"> <font color="maroon"> <small> &emsp; &emsp;--- 04 May 22:54:42 180 - Page URL:: https://www.i-car.com/product/fca-wagoneer-and-grand-wagoneer-ws</small> </font> </div>
<div class="test-event"> <font color="maroon"> <small> &emsp; &emsp;--- 04 May 22:54:42 180 - <b>0</b> - Page Load Wait: (Sync) - ICar.support.Utils.waitForPageLoad(Utils.java:109)</small> </font> </div>
<div class="test-event"> <font color="maroon"> <small> &emsp; &emsp;--- 04 May 22:54:42 203 - Element is displayed:: [[ChromeDriver: chrome on WINDOWS (2cf28825ea7a8a419a5b05b8e5d35d84)] -> xpath: //a[contains(text(),'Back to Courses')]]</small> </font> </div>
<div class="test-event"> <font color="maroon"> <small> &emsp; &emsp;--- 04 May 22:54:49 251 - Catched spinner load exception due to javascript error: {"status":32,"value":"An invalid or illegal selector was specified"}
  (Session info: chrome=124.0.6367.92)
Build info: version: '4.6.0', revision: '79f1c02ae20'
System info: os.name: 'Windows 10', os.arch: 'amd64', os.version: '10.0', java.version: '17.0.7'
Driver info: org.openqa.selenium.chrome.ChromeDriver
Command: [2cf28825ea7a8a419a5b05b8e5d35d84, findElement {using=css selector, value=div[class='slds-spinner slds-spinner_brand slds-spinner_small']>div:nth-child(2)r}]
Capabilities {acceptInsecureCerts: false, browserName: chrome, browserVersion: 124.0.6367.92, chrome: {chromedriverVersion: 124.0.6367.91 (51df0e5e17a8..., userDataDir: C:\Users\PRATHA~1.KUM\AppDa...}, fedcm:accounts: true, goog:chromeOptions: {debuggerAddress: localhost:49451}, networkConnectionEnabled: false, pageLoadStrategy: normal, platformName: WINDOWS, proxy: Proxy(), se:cdp: ws://localhost:49451/devtoo..., se:cdpVersion: 124.0.6367.92, setWindowRect: true, strictFileInteractability: false, timeouts: {implicit: 0, pageLoad: 300000, script: 30000}, unhandledPromptBehavior: dismiss and notify, webauthn:extension:credBlob: true, webauthn:extension:largeBlob: true, webauthn:extension:minPinLength: true, webauthn:extension:prf: true, webauthn:virtualAuthenticators: true}
Session ID: 2cf28825ea7a8a419a5b05b8e5d35d84</small> </font> </div>
<div class="test-event"> <font color="maroon"> <small> &emsp; &emsp;--- 04 May 22:54:49 251 - <b>0</b> - Spinner Load Wait: (Sync) - ICar.support.WaitUtils.waitForSpinner(WaitUtils.java:225)</small> </font> </div>
<div class="test-message">&emsp;Back To Courses is displayed in the page </div>
<div class="test-message">&emsp;Successfully verified Back To Course Link&emsp;<a href=".\ScreenShot\URL_TC001_2717226886894400.png" target="_blank" >[ScreenShot]</a></div>
<div class="test-event"> <font color="maroon"> <small> &emsp; &emsp;--- 04 May 22:54:49 510 - Catched spinner load exception due to javascript error: {"status":32,"value":"An invalid or illegal selector was specified"}
  (Session info: chrome=124.0.6367.92)
Build info: version: '4.6.0', revision: '79f1c02ae20'
System info: os.name: 'Windows 10', os.arch: 'amd64', os.version: '10.0', java.version: '17.0.7'
Driver info: org.openqa.selenium.chrome.ChromeDriver
Command: [2cf28825ea7a8a419a5b05b8e5d35d84, findElement {using=css selector, value=div[class='slds-spinner slds-spinner_brand slds-spinner_small']>div:nth-child(2)r}]
Capabilities {acceptInsecureCerts: false, browserName: chrome, browserVersion: 124.0.6367.92, chrome: {chromedriverVersion: 124.0.6367.91 (51df0e5e17a8..., userDataDir: C:\Users\PRATHA~1.KUM\AppDa...}, fedcm:accounts: true, goog:chromeOptions: {debuggerAddress: localhost:49451}, networkConnectionEnabled: false, pageLoadStrategy: normal, platformName: WINDOWS, proxy: Proxy(), se:cdp: ws://localhost:49451/devtoo..., se:cdpVersion: 124.0.6367.92, setWindowRect: true, strictFileInteractability: false, timeouts: {implicit: 0, pageLoad: 300000, script: 30000}, unhandledPromptBehavior: dismiss and notify, webauthn:extension:credBlob: true, webauthn:extension:largeBlob: true, webauthn:extension:minPinLength: true, webauthn:extension:prf: true, webauthn:virtualAuthenticators: true}
Session ID: 2cf28825ea7a8a419a5b05b8e5d35d84</small> </font> </div>
<div class="test-event"> <font color="maroon"> <small> &emsp; &emsp;--- 04 May 22:54:49 510 - <b>0</b> - Spinner Load Wait: (Sync) - ICar.support.WaitUtils.waitForSpinner(WaitUtils.java:225)</small> </font> </div>
<div class="test-event"> <font color="maroon"> <small> &emsp; &emsp;--- 04 May 22:54:49 592 - Page URL:: https://www.i-car.com/product/fca-wagoneer-and-grand-wagoneer-ws</small> </font> </div>
<div class="test-event"> <font color="maroon"> <small> &emsp; &emsp;--- 04 May 22:54:49 592 - <b>0</b> - Page Load Wait: (Sync) - ICar.support.Utils.waitForPageLoad(Utils.java:109)</small> </font> </div>
<div class="test-event"> <font color="maroon"> <small> &emsp; &emsp;--- 04 May 22:54:59 643 - Element is displayed:: [[ChromeDriver: chrome on WINDOWS (2cf28825ea7a8a419a5b05b8e5d35d84)] -> xpath: //div[@class='productDetails slds-p-bottom_large']//div[contains(@class,'slds-p-bottom_medium')]]</small> </font> </div>
<div class="test-message">&emsp;Course Name : FCAWagoneerandGrandWagoneerWS is displayed in the URL page</div>
<div class="test-message">&emsp;Successfully verified the course name for relevant link&emsp;<a href=".\ScreenShot\URL_TC001_2717245290795400.png" target="_blank" >[ScreenShot]</a></div>
<div class="test-message">&emsp;
</div>
<div class="test-message">&emsp;11. URL is : https://www.i-car.com/product/workplace-safety</div>
<div class="test-event"> <font color="maroon"> <small> &emsp; &emsp;--- 04 May 22:55:08 923 - Page URL:: https://www.i-car.com/product/workplace-safety</small> </font> </div>
<div class="test-event"> <font color="maroon"> <small> &emsp; &emsp;--- 04 May 22:55:08 923 - <b>0</b> - Page Load Wait: (Sync) - ICar.support.Utils.waitForPageLoad(Utils.java:109)</small> </font> </div>
<div class="test-message">&emsp;Successfully navigated to the :  https://www.i-car.com/product/workplace-safety   Page&emsp;<a href=".\ScreenShot\URL_TC001_2717246537056300.png" target="_blank" >[ScreenShot]</a></div>
<div class="test-event"> <font color="maroon"> <small> &emsp; &emsp;--- 04 May 22:55:09 243 - Page URL:: https://www.i-car.com/product/workplace-safety</small> </font> </div>
<div class="test-event"> <font color="maroon"> <small> &emsp; &emsp;--- 04 May 22:55:09 243 - <b>0</b> - Page Load Wait: (Sync) - ICar.support.Utils.waitForPageLoad(Utils.java:109)</small> </font> </div>
<div class="test-event"> <font color="maroon"> <small> &emsp; &emsp;--- 04 May 22:55:09 252 - Catched spinner load exception due to javascript error: {"status":32,"value":"An invalid or illegal selector was specified"}
  (Session info: chrome=124.0.6367.92)
Build info: version: '4.6.0', revision: '79f1c02ae20'
System info: os.name: 'Windows 10', os.arch: 'amd64', os.version: '10.0', java.version: '17.0.7'
Driver info: org.openqa.selenium.chrome.ChromeDriver
Command: [2cf28825ea7a8a419a5b05b8e5d35d84, findElement {using=css selector, value=div[class='slds-spinner slds-spinner_brand slds-spinner_small']>div:nth-child(2)r}]
Capabilities {acceptInsecureCerts: false, browserName: chrome, browserVersion: 124.0.6367.92, chrome: {chromedriverVersion: 124.0.6367.91 (51df0e5e17a8..., userDataDir: C:\Users\PRATHA~1.KUM\AppDa...}, fedcm:accounts: true, goog:chromeOptions: {debuggerAddress: localhost:49451}, networkConnectionEnabled: false, pageLoadStrategy: normal, platformName: WINDOWS, proxy: Proxy(), se:cdp: ws://localhost:49451/devtoo..., se:cdpVersion: 124.0.6367.92, setWindowRect: true, strictFileInteractability: false, timeouts: {implicit: 0, pageLoad: 300000, script: 30000}, unhandledPromptBehavior: dismiss and notify, webauthn:extension:credBlob: true, webauthn:extension:largeBlob: true, webauthn:extension:minPinLength: true, webauthn:extension:prf: true, webauthn:virtualAuthenticators: true}
Session ID: 2cf28825ea7a8a419a5b05b8e5d35d84</small> </font> </div>
<div class="test-event"> <font color="maroon"> <small> &emsp; &emsp;--- 04 May 22:55:09 253 - <b>0</b> - Spinner Load Wait: (Sync) - ICar.support.WaitUtils.waitForSpinner(WaitUtils.java:225)</small> </font> </div>
<div class="test-event"> <font color="maroon"> <small> &emsp; &emsp;--- 04 May 22:55:19 362 - Page URL:: https://www.i-car.com/product/workplace-safety</small> </font> </div>
<div class="test-event"> <font color="maroon"> <small> &emsp; &emsp;--- 04 May 22:55:19 362 - <b>0</b> - Page Load Wait: (Sync) - ICar.support.Utils.waitForPageLoad(Utils.java:109)</small> </font> </div>
<div class="test-event"> <font color="maroon"> <small> &emsp; &emsp;--- 04 May 22:55:19 383 - Element is displayed:: [[ChromeDriver: chrome on WINDOWS (2cf28825ea7a8a419a5b05b8e5d35d84)] -> xpath: //a[contains(text(),'Back to Courses')]]</small> </font> </div>
<div class="test-event"> <font color="maroon"> <small> &emsp; &emsp;--- 04 May 22:55:26 408 - Catched spinner load exception due to javascript error: {"status":32,"value":"An invalid or illegal selector was specified"}
  (Session info: chrome=124.0.6367.92)
Build info: version: '4.6.0', revision: '79f1c02ae20'
System info: os.name: 'Windows 10', os.arch: 'amd64', os.version: '10.0', java.version: '17.0.7'
Driver info: org.openqa.selenium.chrome.ChromeDriver
Command: [2cf28825ea7a8a419a5b05b8e5d35d84, findElement {using=css selector, value=div[class='slds-spinner slds-spinner_brand slds-spinner_small']>div:nth-child(2)r}]
Capabilities {acceptInsecureCerts: false, browserName: chrome, browserVersion: 124.0.6367.92, chrome: {chromedriverVersion: 124.0.6367.91 (51df0e5e17a8..., userDataDir: C:\Users\PRATHA~1.KUM\AppDa...}, fedcm:accounts: true, goog:chromeOptions: {debuggerAddress: localhost:49451}, networkConnectionEnabled: false, pageLoadStrategy: normal, platformName: WINDOWS, proxy: Proxy(), se:cdp: ws://localhost:49451/devtoo..., se:cdpVersion: 124.0.6367.92, setWindowRect: true, strictFileInteractability: false, timeouts: {implicit: 0, pageLoad: 300000, script: 30000}, unhandledPromptBehavior: dismiss and notify, webauthn:extension:credBlob: true, webauthn:extension:largeBlob: true, webauthn:extension:minPinLength: true, webauthn:extension:prf: true, webauthn:virtualAuthenticators: true}
Session ID: 2cf28825ea7a8a419a5b05b8e5d35d84</small> </font> </div>
<div class="test-event"> <font color="maroon"> <small> &emsp; &emsp;--- 04 May 22:55:26 408 - <b>0</b> - Spinner Load Wait: (Sync) - ICar.support.WaitUtils.waitForSpinner(WaitUtils.java:225)</small> </font> </div>
<div class="test-message">&emsp;Back To Courses is displayed in the page </div>
<div class="test-message">&emsp;Successfully verified Back To Course Link&emsp;<a href=".\ScreenShot\URL_TC001_2717264033778600.png" target="_blank" >[ScreenShot]</a></div>
<div class="test-event"> <font color="maroon"> <small> &emsp; &emsp;--- 04 May 22:55:26 652 - Catched spinner load exception due to javascript error: {"status":32,"value":"An invalid or illegal selector was specified"}
  (Session info: chrome=124.0.6367.92)
Build info: version: '4.6.0', revision: '79f1c02ae20'
System info: os.name: 'Windows 10', os.arch: 'amd64', os.version: '10.0', java.version: '17.0.7'
Driver info: org.openqa.selenium.chrome.ChromeDriver
Command: [2cf28825ea7a8a419a5b05b8e5d35d84, findElement {using=css selector, value=div[class='slds-spinner slds-spinner_brand slds-spinner_small']>div:nth-child(2)r}]
Capabilities {acceptInsecureCerts: false, browserName: chrome, browserVersion: 124.0.6367.92, chrome: {chromedriverVersion: 124.0.6367.91 (51df0e5e17a8..., userDataDir: C:\Users\PRATHA~1.KUM\AppDa...}, fedcm:accounts: true, goog:chromeOptions: {debuggerAddress: localhost:49451}, networkConnectionEnabled: false, pageLoadStrategy: normal, platformName: WINDOWS, proxy: Proxy(), se:cdp: ws://localhost:49451/devtoo..., se:cdpVersion: 124.0.6367.92, setWindowRect: true, strictFileInteractability: false, timeouts: {implicit: 0, pageLoad: 300000, script: 30000}, unhandledPromptBehavior: dismiss and notify, webauthn:extension:credBlob: true, webauthn:extension:largeBlob: true, webauthn:extension:minPinLength: true, webauthn:extension:prf: true, webauthn:virtualAuthenticators: true}
Session ID: 2cf28825ea7a8a419a5b05b8e5d35d84</small> </font> </div>
<div class="test-event"> <font color="maroon"> <small> &emsp; &emsp;--- 04 May 22:55:26 652 - <b>0</b> - Spinner Load Wait: (Sync) - ICar.support.WaitUtils.waitForSpinner(WaitUtils.java:225)</small> </font> </div>
<div class="test-event"> <font color="maroon"> <small> &emsp; &emsp;--- 04 May 22:55:26 731 - Page URL:: https://www.i-car.com/product/workplace-safety</small> </font> </div>
<div class="test-event"> <font color="maroon"> <small> &emsp; &emsp;--- 04 May 22:55:26 731 - <b>0</b> - Page Load Wait: (Sync) - ICar.support.Utils.waitForPageLoad(Utils.java:109)</small> </font> </div>
<div class="test-event"> <font color="maroon"> <small> &emsp; &emsp;--- 04 May 22:55:36 785 - Element is displayed:: [[ChromeDriver: chrome on WINDOWS (2cf28825ea7a8a419a5b05b8e5d35d84)] -> xpath: //div[@class='productDetails slds-p-bottom_large']//div[contains(@class,'slds-p-bottom_medium')]]</small> </font> </div>
<div class="test-message">&emsp;Course Name : WorkplaceSafety is displayed in the URL page</div>
<div class="test-message">&emsp;Successfully verified the course name for relevant link&emsp;<a href=".\ScreenShot\URL_TC001_2717282430745100.png" target="_blank" >[ScreenShot]</a></div>
<div class="test-message">&emsp;
</div>
<div class="test-message">&emsp;12. URL is : https://www.i-car.com/product/basic-estimate-writing</div>
<div class="test-event"> <font color="maroon"> <small> &emsp; &emsp;--- 04 May 22:55:47 466 - Page URL:: https://www.i-car.com/product/basic-estimate-writing</small> </font> </div>
<div class="test-event"> <font color="maroon"> <small> &emsp; &emsp;--- 04 May 22:55:47 466 - <b>0</b> - Page Load Wait: (Sync) - ICar.support.Utils.waitForPageLoad(Utils.java:109)</small> </font> </div>
<div class="test-message">&emsp;Successfully navigated to the :  https://www.i-car.com/product/basic-estimate-writing   Page&emsp;<a href=".\ScreenShot\URL_TC001_2717285079750700.png" target="_blank" >[ScreenShot]</a></div>
<div class="test-event"> <font color="maroon"> <small> &emsp; &emsp;--- 04 May 22:55:47 777 - Page URL:: https://www.i-car.com/product/basic-estimate-writing</small> </font> </div>
<div class="test-event"> <font color="maroon"> <small> &emsp; &emsp;--- 04 May 22:55:47 777 - <b>0</b> - Page Load Wait: (Sync) - ICar.support.Utils.waitForPageLoad(Utils.java:109)</small> </font> </div>
<div class="test-event"> <font color="maroon"> <small> &emsp; &emsp;--- 04 May 22:55:47 786 - Catched spinner load exception due to javascript error: {"status":32,"value":"An invalid or illegal selector was specified"}
  (Session info: chrome=124.0.6367.92)
Build info: version: '4.6.0', revision: '79f1c02ae20'
System info: os.name: 'Windows 10', os.arch: 'amd64', os.version: '10.0', java.version: '17.0.7'
Driver info: org.openqa.selenium.chrome.ChromeDriver
Command: [2cf28825ea7a8a419a5b05b8e5d35d84, findElement {using=css selector, value=div[class='slds-spinner slds-spinner_brand slds-spinner_small']>div:nth-child(2)r}]
Capabilities {acceptInsecureCerts: false, browserName: chrome, browserVersion: 124.0.6367.92, chrome: {chromedriverVersion: 124.0.6367.91 (51df0e5e17a8..., userDataDir: C:\Users\PRATHA~1.KUM\AppDa...}, fedcm:accounts: true, goog:chromeOptions: {debuggerAddress: localhost:49451}, networkConnectionEnabled: false, pageLoadStrategy: normal, platformName: WINDOWS, proxy: Proxy(), se:cdp: ws://localhost:49451/devtoo..., se:cdpVersion: 124.0.6367.92, setWindowRect: true, strictFileInteractability: false, timeouts: {implicit: 0, pageLoad: 300000, script: 30000}, unhandledPromptBehavior: dismiss and notify, webauthn:extension:credBlob: true, webauthn:extension:largeBlob: true, webauthn:extension:minPinLength: true, webauthn:extension:prf: true, webauthn:virtualAuthenticators: true}
Session ID: 2cf28825ea7a8a419a5b05b8e5d35d84</small> </font> </div>
<div class="test-event"> <font color="maroon"> <small> &emsp; &emsp;--- 04 May 22:55:47 786 - <b>0</b> - Spinner Load Wait: (Sync) - ICar.support.WaitUtils.waitForSpinner(WaitUtils.java:225)</small> </font> </div>
<div class="test-event"> <font color="maroon"> <small> &emsp; &emsp;--- 04 May 22:55:57 899 - Page URL:: https://www.i-car.com/product/basic-estimate-writing</small> </font> </div>
<div class="test-event"> <font color="maroon"> <small> &emsp; &emsp;--- 04 May 22:55:57 899 - <b>0</b> - Page Load Wait: (Sync) - ICar.support.Utils.waitForPageLoad(Utils.java:109)</small> </font> </div>
<div class="test-event"> <font color="maroon"> <small> &emsp; &emsp;--- 04 May 22:55:57 919 - Element is displayed:: [[ChromeDriver: chrome on WINDOWS (2cf28825ea7a8a419a5b05b8e5d35d84)] -> xpath: //a[contains(text(),'Back to Courses')]]</small> </font> </div>
<div class="test-event"> <font color="maroon"> <small> &emsp; &emsp;--- 04 May 22:56:04 978 - Catched spinner load exception due to javascript error: {"status":32,"value":"An invalid or illegal selector was specified"}
  (Session info: chrome=124.0.6367.92)
Build info: version: '4.6.0', revision: '79f1c02ae20'
System info: os.name: 'Windows 10', os.arch: 'amd64', os.version: '10.0', java.version: '17.0.7'
Driver info: org.openqa.selenium.chrome.ChromeDriver
Command: [2cf28825ea7a8a419a5b05b8e5d35d84, findElement {using=css selector, value=div[class='slds-spinner slds-spinner_brand slds-spinner_small']>div:nth-child(2)r}]
Capabilities {acceptInsecureCerts: false, browserName: chrome, browserVersion: 124.0.6367.92, chrome: {chromedriverVersion: 124.0.6367.91 (51df0e5e17a8..., userDataDir: C:\Users\PRATHA~1.KUM\AppDa...}, fedcm:accounts: true, goog:chromeOptions: {debuggerAddress: localhost:49451}, networkConnectionEnabled: false, pageLoadStrategy: normal, platformName: WINDOWS, proxy: Proxy(), se:cdp: ws://localhost:49451/devtoo..., se:cdpVersion: 124.0.6367.92, setWindowRect: true, strictFileInteractability: false, timeouts: {implicit: 0, pageLoad: 300000, script: 30000}, unhandledPromptBehavior: dismiss and notify, webauthn:extension:credBlob: true, webauthn:extension:largeBlob: true, webauthn:extension:minPinLength: true, webauthn:extension:prf: true, webauthn:virtualAuthenticators: true}
Session ID: 2cf28825ea7a8a419a5b05b8e5d35d84</small> </font> </div>
<div class="test-event"> <font color="maroon"> <small> &emsp; &emsp;--- 04 May 22:56:04 979 - <b>0</b> - Spinner Load Wait: (Sync) - ICar.support.WaitUtils.waitForSpinner(WaitUtils.java:225)</small> </font> </div>
<div class="test-message">&emsp;Back To Courses is displayed in the page </div>
<div class="test-message">&emsp;Successfully verified Back To Course Link&emsp;<a href=".\ScreenShot\URL_TC001_2717302615752200.png" target="_blank" >[ScreenShot]</a></div>
<div class="test-event"> <font color="maroon"> <small> &emsp; &emsp;--- 04 May 22:56:05 234 - Catched spinner load exception due to javascript error: {"status":32,"value":"An invalid or illegal selector was specified"}
  (Session info: chrome=124.0.6367.92)
Build info: version: '4.6.0', revision: '79f1c02ae20'
System info: os.name: 'Windows 10', os.arch: 'amd64', os.version: '10.0', java.version: '17.0.7'
Driver info: org.openqa.selenium.chrome.ChromeDriver
Command: [2cf28825ea7a8a419a5b05b8e5d35d84, findElement {using=css selector, value=div[class='slds-spinner slds-spinner_brand slds-spinner_small']>div:nth-child(2)r}]
Capabilities {acceptInsecureCerts: false, browserName: chrome, browserVersion: 124.0.6367.92, chrome: {chromedriverVersion: 124.0.6367.91 (51df0e5e17a8..., userDataDir: C:\Users\PRATHA~1.KUM\AppDa...}, fedcm:accounts: true, goog:chromeOptions: {debuggerAddress: localhost:49451}, networkConnectionEnabled: false, pageLoadStrategy: normal, platformName: WINDOWS, proxy: Proxy(), se:cdp: ws://localhost:49451/devtoo..., se:cdpVersion: 124.0.6367.92, setWindowRect: true, strictFileInteractability: false, timeouts: {implicit: 0, pageLoad: 300000, script: 30000}, unhandledPromptBehavior: dismiss and notify, webauthn:extension:credBlob: true, webauthn:extension:largeBlob: true, webauthn:extension:minPinLength: true, webauthn:extension:prf: true, webauthn:virtualAuthenticators: true}
Session ID: 2cf28825ea7a8a419a5b05b8e5d35d84</small> </font> </div>
<div class="test-event"> <font color="maroon"> <small> &emsp; &emsp;--- 04 May 22:56:05 234 - <b>0</b> - Spinner Load Wait: (Sync) - ICar.support.WaitUtils.waitForSpinner(WaitUtils.java:225)</small> </font> </div>
<div class="test-event"> <font color="maroon"> <small> &emsp; &emsp;--- 04 May 22:56:05 308 - Page URL:: https://www.i-car.com/product/basic-estimate-writing</small> </font> </div>
<div class="test-event"> <font color="maroon"> <small> &emsp; &emsp;--- 04 May 22:56:05 308 - <b>0</b> - Page Load Wait: (Sync) - ICar.support.Utils.waitForPageLoad(Utils.java:109)</small> </font> </div>
<div class="test-event"> <font color="maroon"> <small> &emsp; &emsp;--- 04 May 22:56:15 362 - Element is displayed:: [[ChromeDriver: chrome on WINDOWS (2cf28825ea7a8a419a5b05b8e5d35d84)] -> xpath: //div[@class='productDetails slds-p-bottom_large']//div[contains(@class,'slds-p-bottom_medium')]]</small> </font> </div>
<div class="test-message">&emsp;Course Name : BasicEstimateWriting is displayed in the URL page</div>
<div class="test-message">&emsp;Successfully verified the course name for relevant link&emsp;<a href=".\ScreenShot\URL_TC001_2717320995873100.png" target="_blank" >[ScreenShot]</a></div>
<div class="test-message">&emsp;
</div>
<div class="test-message">&emsp;13. URL is : https://www.i-car.com/product/damage-analysis-of-fullframe-vehicles</div>
<div class="test-event"> <font color="maroon"> <small> &emsp; &emsp;--- 04 May 22:56:25 370 - Page URL:: https://www.i-car.com/product/damage-analysis-of-fullframe-vehicles</small> </font> </div>
<div class="test-event"> <font color="maroon"> <small> &emsp; &emsp;--- 04 May 22:56:25 370 - <b>0</b> - Page Load Wait: (Sync) - ICar.support.Utils.waitForPageLoad(Utils.java:109)</small> </font> </div>
<div class="test-message">&emsp;Successfully navigated to the :  https://www.i-car.com/product/damage-analysis-of-fullframe-vehicles   Page&emsp;<a href=".\ScreenShot\URL_TC001_2717322982699300.png" target="_blank" >[ScreenShot]</a></div>
<div class="test-event"> <font color="maroon"> <small> &emsp; &emsp;--- 04 May 22:56:25 634 - Page URL:: https://www.i-car.com/product/damage-analysis-of-fullframe-vehicles</small> </font> </div>
<div class="test-event"> <font color="maroon"> <small> &emsp; &emsp;--- 04 May 22:56:25 634 - <b>0</b> - Page Load Wait: (Sync) - ICar.support.Utils.waitForPageLoad(Utils.java:109)</small> </font> </div>
<div class="test-event"> <font color="maroon"> <small> &emsp; &emsp;--- 04 May 22:56:25 643 - Catched spinner load exception due to javascript error: {"status":32,"value":"An invalid or illegal selector was specified"}
  (Session info: chrome=124.0.6367.92)
Build info: version: '4.6.0', revision: '79f1c02ae20'
System info: os.name: 'Windows 10', os.arch: 'amd64', os.version: '10.0', java.version: '17.0.7'
Driver info: org.openqa.selenium.chrome.ChromeDriver
Command: [2cf28825ea7a8a419a5b05b8e5d35d84, findElement {using=css selector, value=div[class='slds-spinner slds-spinner_brand slds-spinner_small']>div:nth-child(2)r}]
Capabilities {acceptInsecureCerts: false, browserName: chrome, browserVersion: 124.0.6367.92, chrome: {chromedriverVersion: 124.0.6367.91 (51df0e5e17a8..., userDataDir: C:\Users\PRATHA~1.KUM\AppDa...}, fedcm:accounts: true, goog:chromeOptions: {debuggerAddress: localhost:49451}, networkConnectionEnabled: false, pageLoadStrategy: normal, platformName: WINDOWS, proxy: Proxy(), se:cdp: ws://localhost:49451/devtoo..., se:cdpVersion: 124.0.6367.92, setWindowRect: true, strictFileInteractability: false, timeouts: {implicit: 0, pageLoad: 300000, script: 30000}, unhandledPromptBehavior: dismiss and notify, webauthn:extension:credBlob: true, webauthn:extension:largeBlob: true, webauthn:extension:minPinLength: true, webauthn:extension:prf: true, webauthn:virtualAuthenticators: true}
Session ID: 2cf28825ea7a8a419a5b05b8e5d35d84</small> </font> </div>
<div class="test-event"> <font color="maroon"> <small> &emsp; &emsp;--- 04 May 22:56:25 643 - <b>0</b> - Spinner Load Wait: (Sync) - ICar.support.WaitUtils.waitForSpinner(WaitUtils.java:225)</small> </font> </div>
<div class="test-event"> <font color="maroon"> <small> &emsp; &emsp;--- 04 May 22:56:35 750 - Page URL:: https://www.i-car.com/product/damage-analysis-of-fullframe-vehicles</small> </font> </div>
<div class="test-event"> <font color="maroon"> <small> &emsp; &emsp;--- 04 May 22:56:35 750 - <b>0</b> - Page Load Wait: (Sync) - ICar.support.Utils.waitForPageLoad(Utils.java:109)</small> </font> </div>
<div class="test-event"> <font color="maroon"> <small> &emsp; &emsp;--- 04 May 22:56:35 770 - Element is displayed:: [[ChromeDriver: chrome on WINDOWS (2cf28825ea7a8a419a5b05b8e5d35d84)] -> xpath: //a[contains(text(),'Back to Courses')]]</small> </font> </div>
<div class="test-event"> <font color="maroon"> <small> &emsp; &emsp;--- 04 May 22:56:42 799 - Catched spinner load exception due to javascript error: {"status":32,"value":"An invalid or illegal selector was specified"}
  (Session info: chrome=124.0.6367.92)
Build info: version: '4.6.0', revision: '79f1c02ae20'
System info: os.name: 'Windows 10', os.arch: 'amd64', os.version: '10.0', java.version: '17.0.7'
Driver info: org.openqa.selenium.chrome.ChromeDriver
Command: [2cf28825ea7a8a419a5b05b8e5d35d84, findElement {using=css selector, value=div[class='slds-spinner slds-spinner_brand slds-spinner_small']>div:nth-child(2)r}]
Capabilities {acceptInsecureCerts: false, browserName: chrome, browserVersion: 124.0.6367.92, chrome: {chromedriverVersion: 124.0.6367.91 (51df0e5e17a8..., userDataDir: C:\Users\PRATHA~1.KUM\AppDa...}, fedcm:accounts: true, goog:chromeOptions: {debuggerAddress: localhost:49451}, networkConnectionEnabled: false, pageLoadStrategy: normal, platformName: WINDOWS, proxy: Proxy(), se:cdp: ws://localhost:49451/devtoo..., se:cdpVersion: 124.0.6367.92, setWindowRect: true, strictFileInteractability: false, timeouts: {implicit: 0, pageLoad: 300000, script: 30000}, unhandledPromptBehavior: dismiss and notify, webauthn:extension:credBlob: true, webauthn:extension:largeBlob: true, webauthn:extension:minPinLength: true, webauthn:extension:prf: true, webauthn:virtualAuthenticators: true}
Session ID: 2cf28825ea7a8a419a5b05b8e5d35d84</small> </font> </div>
<div class="test-event"> <font color="maroon"> <small> &emsp; &emsp;--- 04 May 22:56:42 799 - <b>0</b> - Spinner Load Wait: (Sync) - ICar.support.WaitUtils.waitForSpinner(WaitUtils.java:225)</small> </font> </div>
<div class="test-message">&emsp;Back To Courses is displayed in the page </div>
<div class="test-message">&emsp;Successfully verified Back To Course Link&emsp;<a href=".\ScreenShot\URL_TC001_2717340423818200.png" target="_blank" >[ScreenShot]</a></div>
<div class="test-event"> <font color="maroon"> <small> &emsp; &emsp;--- 04 May 22:56:43 038 - Catched spinner load exception due to javascript error: {"status":32,"value":"An invalid or illegal selector was specified"}
  (Session info: chrome=124.0.6367.92)
Build info: version: '4.6.0', revision: '79f1c02ae20'
System info: os.name: 'Windows 10', os.arch: 'amd64', os.version: '10.0', java.version: '17.0.7'
Driver info: org.openqa.selenium.chrome.ChromeDriver
Command: [2cf28825ea7a8a419a5b05b8e5d35d84, findElement {using=css selector, value=div[class='slds-spinner slds-spinner_brand slds-spinner_small']>div:nth-child(2)r}]
Capabilities {acceptInsecureCerts: false, browserName: chrome, browserVersion: 124.0.6367.92, chrome: {chromedriverVersion: 124.0.6367.91 (51df0e5e17a8..., userDataDir: C:\Users\PRATHA~1.KUM\AppDa...}, fedcm:accounts: true, goog:chromeOptions: {debuggerAddress: localhost:49451}, networkConnectionEnabled: false, pageLoadStrategy: normal, platformName: WINDOWS, proxy: Proxy(), se:cdp: ws://localhost:49451/devtoo..., se:cdpVersion: 124.0.6367.92, setWindowRect: true, strictFileInteractability: false, timeouts: {implicit: 0, pageLoad: 300000, script: 30000}, unhandledPromptBehavior: dismiss and notify, webauthn:extension:credBlob: true, webauthn:extension:largeBlob: true, webauthn:extension:minPinLength: true, webauthn:extension:prf: true, webauthn:virtualAuthenticators: true}
Session ID: 2cf28825ea7a8a419a5b05b8e5d35d84</small> </font> </div>
<div class="test-event"> <font color="maroon"> <small> &emsp; &emsp;--- 04 May 22:56:43 038 - <b>0</b> - Spinner Load Wait: (Sync) - ICar.support.WaitUtils.waitForSpinner(WaitUtils.java:225)</small> </font> </div>
<div class="test-event"> <font color="maroon"> <small> &emsp; &emsp;--- 04 May 22:56:43 119 - Page URL:: https://www.i-car.com/product/damage-analysis-of-fullframe-vehicles</small> </font> </div>
<div class="test-event"> <font color="maroon"> <small> &emsp; &emsp;--- 04 May 22:56:43 119 - <b>0</b> - Page Load Wait: (Sync) - ICar.support.Utils.waitForPageLoad(Utils.java:109)</small> </font> </div>
<div class="test-event"> <font color="maroon"> <small> &emsp; &emsp;--- 04 May 22:56:53 177 - Element is displayed:: [[ChromeDriver: chrome on WINDOWS (2cf28825ea7a8a419a5b05b8e5d35d84)] -> xpath: //div[@class='productDetails slds-p-bottom_large']//div[contains(@class,'slds-p-bottom_medium')]]</small> </font> </div>
<div class="test-message">&emsp;Course Name : DamageAnalysisofFullFrameVehicles is displayed in the URL page</div>
<div class="test-message">&emsp;Successfully verified the course name for relevant link&emsp;<a href=".\ScreenShot\URL_TC001_2717358816152100.png" target="_blank" >[ScreenShot]</a></div>
<div class="test-message">&emsp;
</div>
<div class="test-message">&emsp;14. URL is : https://www.i-car.com/product/drills-and-drill-bits</div>
<div class="test-event"> <font color="maroon"> <small> &emsp; &emsp;--- 04 May 22:57:02 548 - Page URL:: https://www.i-car.com/product/drills-and-drill-bits</small> </font> </div>
<div class="test-event"> <font color="maroon"> <small> &emsp; &emsp;--- 04 May 22:57:02 548 - <b>0</b> - Page Load Wait: (Sync) - ICar.support.Utils.waitForPageLoad(Utils.java:109)</small> </font> </div>
<div class="test-message">&emsp;Successfully navigated to the :  https://www.i-car.com/product/drills-and-drill-bits   Page&emsp;<a href=".\ScreenShot\URL_TC001_2717360162048100.png" target="_blank" >[ScreenShot]</a></div>
<div class="test-event"> <font color="maroon"> <small> &emsp; &emsp;--- 04 May 22:57:02 840 - Page URL:: https://www.i-car.com/product/drills-and-drill-bits</small> </font> </div>
<div class="test-event"> <font color="maroon"> <small> &emsp; &emsp;--- 04 May 22:57:02 841 - <b>0</b> - Page Load Wait: (Sync) - ICar.support.Utils.waitForPageLoad(Utils.java:109)</small> </font> </div>
<div class="test-event"> <font color="maroon"> <small> &emsp; &emsp;--- 04 May 22:57:02 849 - Catched spinner load exception due to javascript error: {"status":32,"value":"An invalid or illegal selector was specified"}
  (Session info: chrome=124.0.6367.92)
Build info: version: '4.6.0', revision: '79f1c02ae20'
System info: os.name: 'Windows 10', os.arch: 'amd64', os.version: '10.0', java.version: '17.0.7'
Driver info: org.openqa.selenium.chrome.ChromeDriver
Command: [2cf28825ea7a8a419a5b05b8e5d35d84, findElement {using=css selector, value=div[class='slds-spinner slds-spinner_brand slds-spinner_small']>div:nth-child(2)r}]
Capabilities {acceptInsecureCerts: false, browserName: chrome, browserVersion: 124.0.6367.92, chrome: {chromedriverVersion: 124.0.6367.91 (51df0e5e17a8..., userDataDir: C:\Users\PRATHA~1.KUM\AppDa...}, fedcm:accounts: true, goog:chromeOptions: {debuggerAddress: localhost:49451}, networkConnectionEnabled: false, pageLoadStrategy: normal, platformName: WINDOWS, proxy: Proxy(), se:cdp: ws://localhost:49451/devtoo..., se:cdpVersion: 124.0.6367.92, setWindowRect: true, strictFileInteractability: false, timeouts: {implicit: 0, pageLoad: 300000, script: 30000}, unhandledPromptBehavior: dismiss and notify, webauthn:extension:credBlob: true, webauthn:extension:largeBlob: true, webauthn:extension:minPinLength: true, webauthn:extension:prf: true, webauthn:virtualAuthenticators: true}
Session ID: 2cf28825ea7a8a419a5b05b8e5d35d84</small> </font> </div>
<div class="test-event"> <font color="maroon"> <small> &emsp; &emsp;--- 04 May 22:57:02 850 - <b>0</b> - Spinner Load Wait: (Sync) - ICar.support.WaitUtils.waitForSpinner(WaitUtils.java:225)</small> </font> </div>
<div class="test-event"> <font color="maroon"> <small> &emsp; &emsp;--- 04 May 22:57:12 947 - Page URL:: https://www.i-car.com/product/drills-and-drill-bits</small> </font> </div>
<div class="test-event"> <font color="maroon"> <small> &emsp; &emsp;--- 04 May 22:57:12 948 - <b>0</b> - Page Load Wait: (Sync) - ICar.support.Utils.waitForPageLoad(Utils.java:109)</small> </font> </div>
<div class="test-event"> <font color="maroon"> <small> &emsp; &emsp;--- 04 May 22:57:12 968 - Element is displayed:: [[ChromeDriver: chrome on WINDOWS (2cf28825ea7a8a419a5b05b8e5d35d84)] -> xpath: //a[contains(text(),'Back to Courses')]]</small> </font> </div>
<div class="test-event"> <font color="maroon"> <small> &emsp; &emsp;--- 04 May 22:57:19 998 - Catched spinner load exception due to javascript error: {"status":32,"value":"An invalid or illegal selector was specified"}
  (Session info: chrome=124.0.6367.92)
Build info: version: '4.6.0', revision: '79f1c02ae20'
System info: os.name: 'Windows 10', os.arch: 'amd64', os.version: '10.0', java.version: '17.0.7'
Driver info: org.openqa.selenium.chrome.ChromeDriver
Command: [2cf28825ea7a8a419a5b05b8e5d35d84, findElement {using=css selector, value=div[class='slds-spinner slds-spinner_brand slds-spinner_small']>div:nth-child(2)r}]
Capabilities {acceptInsecureCerts: false, browserName: chrome, browserVersion: 124.0.6367.92, chrome: {chromedriverVersion: 124.0.6367.91 (51df0e5e17a8..., userDataDir: C:\Users\PRATHA~1.KUM\AppDa...}, fedcm:accounts: true, goog:chromeOptions: {debuggerAddress: localhost:49451}, networkConnectionEnabled: false, pageLoadStrategy: normal, platformName: WINDOWS, proxy: Proxy(), se:cdp: ws://localhost:49451/devtoo..., se:cdpVersion: 124.0.6367.92, setWindowRect: true, strictFileInteractability: false, timeouts: {implicit: 0, pageLoad: 300000, script: 30000}, unhandledPromptBehavior: dismiss and notify, webauthn:extension:credBlob: true, webauthn:extension:largeBlob: true, webauthn:extension:minPinLength: true, webauthn:extension:prf: true, webauthn:virtualAuthenticators: true}
Session ID: 2cf28825ea7a8a419a5b05b8e5d35d84</small> </font> </div>
<div class="test-event"> <font color="maroon"> <small> &emsp; &emsp;--- 04 May 22:57:19 998 - <b>0</b> - Spinner Load Wait: (Sync) - ICar.support.WaitUtils.waitForSpinner(WaitUtils.java:225)</small> </font> </div>
<div class="test-message">&emsp;Back To Courses is displayed in the page </div>
<div class="test-message">&emsp;Successfully verified Back To Course Link&emsp;<a href=".\ScreenShot\URL_TC001_2717377622344800.png" target="_blank" >[ScreenShot]</a></div>
<div class="test-event"> <font color="maroon"> <small> &emsp; &emsp;--- 04 May 22:57:20 230 - Catched spinner load exception due to javascript error: {"status":32,"value":"An invalid or illegal selector was specified"}
  (Session info: chrome=124.0.6367.92)
Build info: version: '4.6.0', revision: '79f1c02ae20'
System info: os.name: 'Windows 10', os.arch: 'amd64', os.version: '10.0', java.version: '17.0.7'
Driver info: org.openqa.selenium.chrome.ChromeDriver
Command: [2cf28825ea7a8a419a5b05b8e5d35d84, findElement {using=css selector, value=div[class='slds-spinner slds-spinner_brand slds-spinner_small']>div:nth-child(2)r}]
Capabilities {acceptInsecureCerts: false, browserName: chrome, browserVersion: 124.0.6367.92, chrome: {chromedriverVersion: 124.0.6367.91 (51df0e5e17a8..., userDataDir: C:\Users\PRATHA~1.KUM\AppDa...}, fedcm:accounts: true, goog:chromeOptions: {debuggerAddress: localhost:49451}, networkConnectionEnabled: false, pageLoadStrategy: normal, platformName: WINDOWS, proxy: Proxy(), se:cdp: ws://localhost:49451/devtoo..., se:cdpVersion: 124.0.6367.92, setWindowRect: true, strictFileInteractability: false, timeouts: {implicit: 0, pageLoad: 300000, script: 30000}, unhandledPromptBehavior: dismiss and notify, webauthn:extension:credBlob: true, webauthn:extension:largeBlob: true, webauthn:extension:minPinLength: true, webauthn:extension:prf: true, webauthn:virtualAuthenticators: true}
Session ID: 2cf28825ea7a8a419a5b05b8e5d35d84</small> </font> </div>
<div class="test-event"> <font color="maroon"> <small> &emsp; &emsp;--- 04 May 22:57:20 230 - <b>0</b> - Spinner Load Wait: (Sync) - ICar.support.WaitUtils.waitForSpinner(WaitUtils.java:225)</small> </font> </div>
<div class="test-event"> <font color="maroon"> <small> &emsp; &emsp;--- 04 May 22:57:20 303 - Page URL:: https://www.i-car.com/product/drills-and-drill-bits</small> </font> </div>
<div class="test-event"> <font color="maroon"> <small> &emsp; &emsp;--- 04 May 22:57:20 304 - <b>0</b> - Page Load Wait: (Sync) - ICar.support.Utils.waitForPageLoad(Utils.java:109)</small> </font> </div>
<div class="test-event"> <font color="maroon"> <small> &emsp; &emsp;--- 04 May 22:57:30 380 - Element is displayed:: [[ChromeDriver: chrome on WINDOWS (2cf28825ea7a8a419a5b05b8e5d35d84)] -> xpath: //div[@class='productDetails slds-p-bottom_large']//div[contains(@class,'slds-p-bottom_medium')]]</small> </font> </div>
<div class="test-message">&emsp;Course Name : DrillsandDrillBits is displayed in the URL page</div>
<div class="test-message">&emsp;Successfully verified the course name for relevant link&emsp;<a href=".\ScreenShot\URL_TC001_2717396023958400.png" target="_blank" >[ScreenShot]</a></div>
<div class="test-message">&emsp;
</div>
<div class="test-message">&emsp;15. URL is : https://www.i-car.com/product/estimating-guide-fundamentals</div>
<div class="test-event"> <font color="maroon"> <small> &emsp; &emsp;--- 04 May 22:57:39 651 - Page URL:: https://www.i-car.com/product/estimating-guide-fundamentals</small> </font> </div>
<div class="test-event"> <font color="maroon"> <small> &emsp; &emsp;--- 04 May 22:57:39 651 - <b>0</b> - Page Load Wait: (Sync) - ICar.support.Utils.waitForPageLoad(Utils.java:109)</small> </font> </div>
<div class="test-message">&emsp;Successfully navigated to the :  https://www.i-car.com/product/estimating-guide-fundamentals   Page&emsp;<a href=".\ScreenShot\URL_TC001_2717397263632600.png" target="_blank" >[ScreenShot]</a></div>
<div class="test-event"> <font color="maroon"> <small> &emsp; &emsp;--- 04 May 22:57:39 905 - Page URL:: https://www.i-car.com/product/estimating-guide-fundamentals</small> </font> </div>
<div class="test-event"> <font color="maroon"> <small> &emsp; &emsp;--- 04 May 22:57:39 905 - <b>0</b> - Page Load Wait: (Sync) - ICar.support.Utils.waitForPageLoad(Utils.java:109)</small> </font> </div>
<div class="test-event"> <font color="maroon"> <small> &emsp; &emsp;--- 04 May 22:57:39 917 - Catched spinner load exception due to javascript error: {"status":32,"value":"An invalid or illegal selector was specified"}
  (Session info: chrome=124.0.6367.92)
Build info: version: '4.6.0', revision: '79f1c02ae20'
System info: os.name: 'Windows 10', os.arch: 'amd64', os.version: '10.0', java.version: '17.0.7'
Driver info: org.openqa.selenium.chrome.ChromeDriver
Command: [2cf28825ea7a8a419a5b05b8e5d35d84, findElement {using=css selector, value=div[class='slds-spinner slds-spinner_brand slds-spinner_small']>div:nth-child(2)r}]
Capabilities {acceptInsecureCerts: false, browserName: chrome, browserVersion: 124.0.6367.92, chrome: {chromedriverVersion: 124.0.6367.91 (51df0e5e17a8..., userDataDir: C:\Users\PRATHA~1.KUM\AppDa...}, fedcm:accounts: true, goog:chromeOptions: {debuggerAddress: localhost:49451}, networkConnectionEnabled: false, pageLoadStrategy: normal, platformName: WINDOWS, proxy: Proxy(), se:cdp: ws://localhost:49451/devtoo..., se:cdpVersion: 124.0.6367.92, setWindowRect: true, strictFileInteractability: false, timeouts: {implicit: 0, pageLoad: 300000, script: 30000}, unhandledPromptBehavior: dismiss and notify, webauthn:extension:credBlob: true, webauthn:extension:largeBlob: true, webauthn:extension:minPinLength: true, webauthn:extension:prf: true, webauthn:virtualAuthenticators: true}
Session ID: 2cf28825ea7a8a419a5b05b8e5d35d84</small> </font> </div>
<div class="test-event"> <font color="maroon"> <small> &emsp; &emsp;--- 04 May 22:57:39 917 - <b>0</b> - Spinner Load Wait: (Sync) - ICar.support.WaitUtils.waitForSpinner(WaitUtils.java:225)</small> </font> </div>
<div class="test-event"> <font color="maroon"> <small> &emsp; &emsp;--- 04 May 22:57:50 011 - Page URL:: https://www.i-car.com/product/estimating-guide-fundamentals</small> </font> </div>
<div class="test-event"> <font color="maroon"> <small> &emsp; &emsp;--- 04 May 22:57:50 011 - <b>0</b> - Page Load Wait: (Sync) - ICar.support.Utils.waitForPageLoad(Utils.java:109)</small> </font> </div>
<div class="test-event"> <font color="maroon"> <small> &emsp; &emsp;--- 04 May 22:57:50 032 - Element is displayed:: [[ChromeDriver: chrome on WINDOWS (2cf28825ea7a8a419a5b05b8e5d35d84)] -> xpath: //a[contains(text(),'Back to Courses')]]</small> </font> </div>
<div class="test-event"> <font color="maroon"> <small> &emsp; &emsp;--- 04 May 22:57:57 066 - Catched spinner load exception due to javascript error: {"status":32,"value":"An invalid or illegal selector was specified"}
  (Session info: chrome=124.0.6367.92)
Build info: version: '4.6.0', revision: '79f1c02ae20'
System info: os.name: 'Windows 10', os.arch: 'amd64', os.version: '10.0', java.version: '17.0.7'
Driver info: org.openqa.selenium.chrome.ChromeDriver
Command: [2cf28825ea7a8a419a5b05b8e5d35d84, findElement {using=css selector, value=div[class='slds-spinner slds-spinner_brand slds-spinner_small']>div:nth-child(2)r}]
Capabilities {acceptInsecureCerts: false, browserName: chrome, browserVersion: 124.0.6367.92, chrome: {chromedriverVersion: 124.0.6367.91 (51df0e5e17a8..., userDataDir: C:\Users\PRATHA~1.KUM\AppDa...}, fedcm:accounts: true, goog:chromeOptions: {debuggerAddress: localhost:49451}, networkConnectionEnabled: false, pageLoadStrategy: normal, platformName: WINDOWS, proxy: Proxy(), se:cdp: ws://localhost:49451/devtoo..., se:cdpVersion: 124.0.6367.92, setWindowRect: true, strictFileInteractability: false, timeouts: {implicit: 0, pageLoad: 300000, script: 30000}, unhandledPromptBehavior: dismiss and notify, webauthn:extension:credBlob: true, webauthn:extension:largeBlob: true, webauthn:extension:minPinLength: true, webauthn:extension:prf: true, webauthn:virtualAuthenticators: true}
Session ID: 2cf28825ea7a8a419a5b05b8e5d35d84</small> </font> </div>
<div class="test-event"> <font color="maroon"> <small> &emsp; &emsp;--- 04 May 22:57:57 067 - <b>0</b> - Spinner Load Wait: (Sync) - ICar.support.WaitUtils.waitForSpinner(WaitUtils.java:225)</small> </font> </div>
<div class="test-message">&emsp;Back To Courses is displayed in the page </div>
<div class="test-message">&emsp;Successfully verified Back To Course Link&emsp;<a href=".\ScreenShot\URL_TC001_2717414690973000.png" target="_blank" >[ScreenShot]</a></div>
<div class="test-event"> <font color="maroon"> <small> &emsp; &emsp;--- 04 May 22:57:57 284 - Catched spinner load exception due to javascript error: {"status":32,"value":"An invalid or illegal selector was specified"}
  (Session info: chrome=124.0.6367.92)
Build info: version: '4.6.0', revision: '79f1c02ae20'
System info: os.name: 'Windows 10', os.arch: 'amd64', os.version: '10.0', java.version: '17.0.7'
Driver info: org.openqa.selenium.chrome.ChromeDriver
Command: [2cf28825ea7a8a419a5b05b8e5d35d84, findElement {using=css selector, value=div[class='slds-spinner slds-spinner_brand slds-spinner_small']>div:nth-child(2)r}]
Capabilities {acceptInsecureCerts: false, browserName: chrome, browserVersion: 124.0.6367.92, chrome: {chromedriverVersion: 124.0.6367.91 (51df0e5e17a8..., userDataDir: C:\Users\PRATHA~1.KUM\AppDa...}, fedcm:accounts: true, goog:chromeOptions: {debuggerAddress: localhost:49451}, networkConnectionEnabled: false, pageLoadStrategy: normal, platformName: WINDOWS, proxy: Proxy(), se:cdp: ws://localhost:49451/devtoo..., se:cdpVersion: 124.0.6367.92, setWindowRect: true, strictFileInteractability: false, timeouts: {implicit: 0, pageLoad: 300000, script: 30000}, unhandledPromptBehavior: dismiss and notify, webauthn:extension:credBlob: true, webauthn:extension:largeBlob: true, webauthn:extension:minPinLength: true, webauthn:extension:prf: true, webauthn:virtualAuthenticators: true}
Session ID: 2cf28825ea7a8a419a5b05b8e5d35d84</small> </font> </div>
<div class="test-event"> <font color="maroon"> <small> &emsp; &emsp;--- 04 May 22:57:57 284 - <b>0</b> - Spinner Load Wait: (Sync) - ICar.support.WaitUtils.waitForSpinner(WaitUtils.java:225)</small> </font> </div>
<div class="test-event"> <font color="maroon"> <small> &emsp; &emsp;--- 04 May 22:57:57 356 - Page URL:: https://www.i-car.com/product/estimating-guide-fundamentals</small> </font> </div>
<div class="test-event"> <font color="maroon"> <small> &emsp; &emsp;--- 04 May 22:57:57 356 - <b>0</b> - Page Load Wait: (Sync) - ICar.support.Utils.waitForPageLoad(Utils.java:109)</small> </font> </div>
<div class="test-event"> <font color="maroon"> <small> &emsp; &emsp;--- 04 May 22:58:07 406 - Element is displayed:: [[ChromeDriver: chrome on WINDOWS (2cf28825ea7a8a419a5b05b8e5d35d84)] -> xpath: //div[@class='productDetails slds-p-bottom_large']//div[contains(@class,'slds-p-bottom_medium')]]</small> </font> </div>
<div class="test-message">&emsp;Course Name : EstimatingGuideFundamentals is displayed in the URL page</div>
<div class="test-message">&emsp;Successfully verified the course name for relevant link&emsp;<a href=".\ScreenShot\URL_TC001_2717433040205700.png" target="_blank" >[ScreenShot]</a></div>
<div class="test-message">&emsp;
</div>
<div class="test-message">&emsp;16. URL is : https://www.i-car.com/product/general-motors-gm-bev-basic-training-package</div>
<div class="test-event"> <font color="maroon"> <small> &emsp; &emsp;--- 04 May 22:58:18 837 - Page URL:: https://www.i-car.com/product/general-motors-gm-bev-basic-training-package</small> </font> </div>
<div class="test-event"> <font color="maroon"> <small> &emsp; &emsp;--- 04 May 22:58:18 837 - <b>0</b> - Page Load Wait: (Sync) - ICar.support.Utils.waitForPageLoad(Utils.java:109)</small> </font> </div>
<div class="test-message">&emsp;Successfully navigated to the :  https://www.i-car.com/product/general-motors-gm-bev-basic-training-package   Page&emsp;<a href=".\ScreenShot\URL_TC001_2717436449115000.png" target="_blank" >[ScreenShot]</a></div>
<div class="test-event"> <font color="maroon"> <small> &emsp; &emsp;--- 04 May 22:58:19 153 - Page URL:: https://www.i-car.com/product/general-motors-gm-bev-basic-training-package</small> </font> </div>
<div class="test-event"> <font color="maroon"> <small> &emsp; &emsp;--- 04 May 22:58:19 153 - <b>0</b> - Page Load Wait: (Sync) - ICar.support.Utils.waitForPageLoad(Utils.java:109)</small> </font> </div>
<div class="test-event"> <font color="maroon"> <small> &emsp; &emsp;--- 04 May 22:58:19 164 - Catched spinner load exception due to javascript error: {"status":32,"value":"An invalid or illegal selector was specified"}
  (Session info: chrome=124.0.6367.92)
Build info: version: '4.6.0', revision: '79f1c02ae20'
System info: os.name: 'Windows 10', os.arch: 'amd64', os.version: '10.0', java.version: '17.0.7'
Driver info: org.openqa.selenium.chrome.ChromeDriver
Command: [2cf28825ea7a8a419a5b05b8e5d35d84, findElement {using=css selector, value=div[class='slds-spinner slds-spinner_brand slds-spinner_small']>div:nth-child(2)r}]
Capabilities {acceptInsecureCerts: false, browserName: chrome, browserVersion: 124.0.6367.92, chrome: {chromedriverVersion: 124.0.6367.91 (51df0e5e17a8..., userDataDir: C:\Users\PRATHA~1.KUM\AppDa...}, fedcm:accounts: true, goog:chromeOptions: {debuggerAddress: localhost:49451}, networkConnectionEnabled: false, pageLoadStrategy: normal, platformName: WINDOWS, proxy: Proxy(), se:cdp: ws://localhost:49451/devtoo..., se:cdpVersion: 124.0.6367.92, setWindowRect: true, strictFileInteractability: false, timeouts: {implicit: 0, pageLoad: 300000, script: 30000}, unhandledPromptBehavior: dismiss and notify, webauthn:extension:credBlob: true, webauthn:extension:largeBlob: true, webauthn:extension:minPinLength: true, webauthn:extension:prf: true, webauthn:virtualAuthenticators: true}
Session ID: 2cf28825ea7a8a419a5b05b8e5d35d84</small> </font> </div>
<div class="test-event"> <font color="maroon"> <small> &emsp; &emsp;--- 04 May 22:58:19 164 - <b>0</b> - Spinner Load Wait: (Sync) - ICar.support.WaitUtils.waitForSpinner(WaitUtils.java:225)</small> </font> </div>
<div class="test-event"> <font color="maroon"> <small> &emsp; &emsp;--- 04 May 22:58:29 273 - Page URL:: https://www.i-car.com/product/general-motors-gm-bev-basic-training-package</small> </font> </div>
<div class="test-event"> <font color="maroon"> <small> &emsp; &emsp;--- 04 May 22:58:29 274 - <b>0</b> - Page Load Wait: (Sync) - ICar.support.Utils.waitForPageLoad(Utils.java:109)</small> </font> </div>
<div class="test-event"> <font color="maroon"> <small> &emsp; &emsp;--- 04 May 22:58:29 292 - Element is displayed:: [[ChromeDriver: chrome on WINDOWS (2cf28825ea7a8a419a5b05b8e5d35d84)] -> xpath: //a[contains(text(),'Back to Courses')]]</small> </font> </div>
<div class="test-event"> <font color="maroon"> <small> &emsp; &emsp;--- 04 May 22:58:36 310 - Catched spinner load exception due to javascript error: {"status":32,"value":"An invalid or illegal selector was specified"}
  (Session info: chrome=124.0.6367.92)
Build info: version: '4.6.0', revision: '79f1c02ae20'
System info: os.name: 'Windows 10', os.arch: 'amd64', os.version: '10.0', java.version: '17.0.7'
Driver info: org.openqa.selenium.chrome.ChromeDriver
Command: [2cf28825ea7a8a419a5b05b8e5d35d84, findElement {using=css selector, value=div[class='slds-spinner slds-spinner_brand slds-spinner_small']>div:nth-child(2)r}]
Capabilities {acceptInsecureCerts: false, browserName: chrome, browserVersion: 124.0.6367.92, chrome: {chromedriverVersion: 124.0.6367.91 (51df0e5e17a8..., userDataDir: C:\Users\PRATHA~1.KUM\AppDa...}, fedcm:accounts: true, goog:chromeOptions: {debuggerAddress: localhost:49451}, networkConnectionEnabled: false, pageLoadStrategy: normal, platformName: WINDOWS, proxy: Proxy(), se:cdp: ws://localhost:49451/devtoo..., se:cdpVersion: 124.0.6367.92, setWindowRect: true, strictFileInteractability: false, timeouts: {implicit: 0, pageLoad: 300000, script: 30000}, unhandledPromptBehavior: dismiss and notify, webauthn:extension:credBlob: true, webauthn:extension:largeBlob: true, webauthn:extension:minPinLength: true, webauthn:extension:prf: true, webauthn:virtualAuthenticators: true}
Session ID: 2cf28825ea7a8a419a5b05b8e5d35d84</small> </font> </div>
<div class="test-event"> <font color="maroon"> <small> &emsp; &emsp;--- 04 May 22:58:36 310 - <b>0</b> - Spinner Load Wait: (Sync) - ICar.support.WaitUtils.waitForSpinner(WaitUtils.java:225)</small> </font> </div>
<div class="test-message">&emsp;Back To Courses is displayed in the page </div>
<div class="test-message">&emsp;Successfully verified Back To Course Link&emsp;<a href=".\ScreenShot\URL_TC001_2717453934933300.png" target="_blank" >[ScreenShot]</a></div>
<div class="test-event"> <font color="maroon"> <small> &emsp; &emsp;--- 04 May 22:58:36 603 - Catched spinner load exception due to javascript error: {"status":32,"value":"An invalid or illegal selector was specified"}
  (Session info: chrome=124.0.6367.92)
Build info: version: '4.6.0', revision: '79f1c02ae20'
System info: os.name: 'Windows 10', os.arch: 'amd64', os.version: '10.0', java.version: '17.0.7'
Driver info: org.openqa.selenium.chrome.ChromeDriver
Command: [2cf28825ea7a8a419a5b05b8e5d35d84, findElement {using=css selector, value=div[class='slds-spinner slds-spinner_brand slds-spinner_small']>div:nth-child(2)r}]
Capabilities {acceptInsecureCerts: false, browserName: chrome, browserVersion: 124.0.6367.92, chrome: {chromedriverVersion: 124.0.6367.91 (51df0e5e17a8..., userDataDir: C:\Users\PRATHA~1.KUM\AppDa...}, fedcm:accounts: true, goog:chromeOptions: {debuggerAddress: localhost:49451}, networkConnectionEnabled: false, pageLoadStrategy: normal, platformName: WINDOWS, proxy: Proxy(), se:cdp: ws://localhost:49451/devtoo..., se:cdpVersion: 124.0.6367.92, setWindowRect: true, strictFileInteractability: false, timeouts: {implicit: 0, pageLoad: 300000, script: 30000}, unhandledPromptBehavior: dismiss and notify, webauthn:extension:credBlob: true, webauthn:extension:largeBlob: true, webauthn:extension:minPinLength: true, webauthn:extension:prf: true, webauthn:virtualAuthenticators: true}
Session ID: 2cf28825ea7a8a419a5b05b8e5d35d84</small> </font> </div>
<div class="test-event"> <font color="maroon"> <small> &emsp; &emsp;--- 04 May 22:58:36 603 - <b>0</b> - Spinner Load Wait: (Sync) - ICar.support.WaitUtils.waitForSpinner(WaitUtils.java:225)</small> </font> </div>
<div class="test-event"> <font color="maroon"> <small> &emsp; &emsp;--- 04 May 22:58:36 681 - Page URL:: https://www.i-car.com/product/general-motors-gm-bev-basic-training-package</small> </font> </div>
<div class="test-event"> <font color="maroon"> <small> &emsp; &emsp;--- 04 May 22:58:36 681 - <b>0</b> - Page Load Wait: (Sync) - ICar.support.Utils.waitForPageLoad(Utils.java:109)</small> </font> </div>
<div class="test-event"> <font color="maroon"> <small> &emsp; &emsp;--- 04 May 22:58:46 732 - Element is displayed:: [[ChromeDriver: chrome on WINDOWS (2cf28825ea7a8a419a5b05b8e5d35d84)] -> xpath: //div[@class='productDetails slds-p-bottom_large']//div[contains(@class,'slds-p-bottom_medium')]]</small> </font> </div>
<div class="test-message">&emsp;Course Name : GeneralMotorsGMBEVBasicTrainingPackage is displayed in the URL page</div>
<div class="test-message">&emsp;Successfully verified the course name for relevant link&emsp;<a href=".\ScreenShot\URL_TC001_2717472372386400.png" target="_blank" >[ScreenShot]</a></div>
<div class="test-message">&emsp;
</div>
<div class="test-message">&emsp;17. URL is : https://www.i-car.com/product/matching-the-repair-to-the-team</div>
<div class="test-event"> <font color="maroon"> <small> &emsp; &emsp;--- 04 May 22:58:55 993 - Page URL:: https://www.i-car.com/product/matching-the-repair-to-the-team</small> </font> </div>
<div class="test-event"> <font color="maroon"> <small> &emsp; &emsp;--- 04 May 22:58:55 994 - <b>0</b> - Page Load Wait: (Sync) - ICar.support.Utils.waitForPageLoad(Utils.java:109)</small> </font> </div>
<div class="test-message">&emsp;Successfully navigated to the :  https://www.i-car.com/product/matching-the-repair-to-the-team   Page&emsp;<a href=".\ScreenShot\URL_TC001_2717473606320200.png" target="_blank" >[ScreenShot]</a></div>
<div class="test-event"> <font color="maroon"> <small> &emsp; &emsp;--- 04 May 22:58:56 253 - Page URL:: https://www.i-car.com/product/matching-the-repair-to-the-team</small> </font> </div>
<div class="test-event"> <font color="maroon"> <small> &emsp; &emsp;--- 04 May 22:58:56 253 - <b>0</b> - Page Load Wait: (Sync) - ICar.support.Utils.waitForPageLoad(Utils.java:109)</small> </font> </div>
<div class="test-event"> <font color="maroon"> <small> &emsp; &emsp;--- 04 May 22:58:56 262 - Catched spinner load exception due to javascript error: {"status":32,"value":"An invalid or illegal selector was specified"}
  (Session info: chrome=124.0.6367.92)
Build info: version: '4.6.0', revision: '79f1c02ae20'
System info: os.name: 'Windows 10', os.arch: 'amd64', os.version: '10.0', java.version: '17.0.7'
Driver info: org.openqa.selenium.chrome.ChromeDriver
Command: [2cf28825ea7a8a419a5b05b8e5d35d84, findElement {using=css selector, value=div[class='slds-spinner slds-spinner_brand slds-spinner_small']>div:nth-child(2)r}]
Capabilities {acceptInsecureCerts: false, browserName: chrome, browserVersion: 124.0.6367.92, chrome: {chromedriverVersion: 124.0.6367.91 (51df0e5e17a8..., userDataDir: C:\Users\PRATHA~1.KUM\AppDa...}, fedcm:accounts: true, goog:chromeOptions: {debuggerAddress: localhost:49451}, networkConnectionEnabled: false, pageLoadStrategy: normal, platformName: WINDOWS, proxy: Proxy(), se:cdp: ws://localhost:49451/devtoo..., se:cdpVersion: 124.0.6367.92, setWindowRect: true, strictFileInteractability: false, timeouts: {implicit: 0, pageLoad: 300000, script: 30000}, unhandledPromptBehavior: dismiss and notify, webauthn:extension:credBlob: true, webauthn:extension:largeBlob: true, webauthn:extension:minPinLength: true, webauthn:extension:prf: true, webauthn:virtualAuthenticators: true}
Session ID: 2cf28825ea7a8a419a5b05b8e5d35d84</small> </font> </div>
<div class="test-event"> <font color="maroon"> <small> &emsp; &emsp;--- 04 May 22:58:56 262 - <b>0</b> - Spinner Load Wait: (Sync) - ICar.support.WaitUtils.waitForSpinner(WaitUtils.java:225)</small> </font> </div>
<div class="test-event"> <font color="maroon"> <small> &emsp; &emsp;--- 04 May 22:59:06 380 - Page URL:: https://www.i-car.com/product/matching-the-repair-to-the-team</small> </font> </div>
<div class="test-event"> <font color="maroon"> <small> &emsp; &emsp;--- 04 May 22:59:06 380 - <b>0</b> - Page Load Wait: (Sync) - ICar.support.Utils.waitForPageLoad(Utils.java:109)</small> </font> </div>
<div class="test-event"> <font color="maroon"> <small> &emsp; &emsp;--- 04 May 22:59:06 399 - Element is displayed:: [[ChromeDriver: chrome on WINDOWS (2cf28825ea7a8a419a5b05b8e5d35d84)] -> xpath: //a[contains(text(),'Back to Courses')]]</small> </font> </div>
<div class="test-event"> <font color="maroon"> <small> &emsp; &emsp;--- 04 May 22:59:13 432 - Catched spinner load exception due to javascript error: {"status":32,"value":"An invalid or illegal selector was specified"}
  (Session info: chrome=124.0.6367.92)
Build info: version: '4.6.0', revision: '79f1c02ae20'
System info: os.name: 'Windows 10', os.arch: 'amd64', os.version: '10.0', java.version: '17.0.7'
Driver info: org.openqa.selenium.chrome.ChromeDriver
Command: [2cf28825ea7a8a419a5b05b8e5d35d84, findElement {using=css selector, value=div[class='slds-spinner slds-spinner_brand slds-spinner_small']>div:nth-child(2)r}]
Capabilities {acceptInsecureCerts: false, browserName: chrome, browserVersion: 124.0.6367.92, chrome: {chromedriverVersion: 124.0.6367.91 (51df0e5e17a8..., userDataDir: C:\Users\PRATHA~1.KUM\AppDa...}, fedcm:accounts: true, goog:chromeOptions: {debuggerAddress: localhost:49451}, networkConnectionEnabled: false, pageLoadStrategy: normal, platformName: WINDOWS, proxy: Proxy(), se:cdp: ws://localhost:49451/devtoo..., se:cdpVersion: 124.0.6367.92, setWindowRect: true, strictFileInteractability: false, timeouts: {implicit: 0, pageLoad: 300000, script: 30000}, unhandledPromptBehavior: dismiss and notify, webauthn:extension:credBlob: true, webauthn:extension:largeBlob: true, webauthn:extension:minPinLength: true, webauthn:extension:prf: true, webauthn:virtualAuthenticators: true}
Session ID: 2cf28825ea7a8a419a5b05b8e5d35d84</small> </font> </div>
<div class="test-event"> <font color="maroon"> <small> &emsp; &emsp;--- 04 May 22:59:13 432 - <b>0</b> - Spinner Load Wait: (Sync) - ICar.support.WaitUtils.waitForSpinner(WaitUtils.java:225)</small> </font> </div>
<div class="test-message">&emsp;Back To Courses is displayed in the page </div>
<div class="test-message">&emsp;Successfully verified Back To Course Link&emsp;<a href=".\ScreenShot\URL_TC001_2717491056455500.png" target="_blank" >[ScreenShot]</a></div>
<div class="test-event"> <font color="maroon"> <small> &emsp; &emsp;--- 04 May 22:59:13 652 - Catched spinner load exception due to javascript error: {"status":32,"value":"An invalid or illegal selector was specified"}
  (Session info: chrome=124.0.6367.92)
Build info: version: '4.6.0', revision: '79f1c02ae20'
System info: os.name: 'Windows 10', os.arch: 'amd64', os.version: '10.0', java.version: '17.0.7'
Driver info: org.openqa.selenium.chrome.ChromeDriver
Command: [2cf28825ea7a8a419a5b05b8e5d35d84, findElement {using=css selector, value=div[class='slds-spinner slds-spinner_brand slds-spinner_small']>div:nth-child(2)r}]
Capabilities {acceptInsecureCerts: false, browserName: chrome, browserVersion: 124.0.6367.92, chrome: {chromedriverVersion: 124.0.6367.91 (51df0e5e17a8..., userDataDir: C:\Users\PRATHA~1.KUM\AppDa...}, fedcm:accounts: true, goog:chromeOptions: {debuggerAddress: localhost:49451}, networkConnectionEnabled: false, pageLoadStrategy: normal, platformName: WINDOWS, proxy: Proxy(), se:cdp: ws://localhost:49451/devtoo..., se:cdpVersion: 124.0.6367.92, setWindowRect: true, strictFileInteractability: false, timeouts: {implicit: 0, pageLoad: 300000, script: 30000}, unhandledPromptBehavior: dismiss and notify, webauthn:extension:credBlob: true, webauthn:extension:largeBlob: true, webauthn:extension:minPinLength: true, webauthn:extension:prf: true, webauthn:virtualAuthenticators: true}
Session ID: 2cf28825ea7a8a419a5b05b8e5d35d84</small> </font> </div>
<div class="test-event"> <font color="maroon"> <small> &emsp; &emsp;--- 04 May 22:59:13 652 - <b>0</b> - Spinner Load Wait: (Sync) - ICar.support.WaitUtils.waitForSpinner(WaitUtils.java:225)</small> </font> </div>
<div class="test-event"> <font color="maroon"> <small> &emsp; &emsp;--- 04 May 22:59:13 744 - Page URL:: https://www.i-car.com/product/matching-the-repair-to-the-team</small> </font> </div>
<div class="test-event"> <font color="maroon"> <small> &emsp; &emsp;--- 04 May 22:59:13 744 - <b>0</b> - Page Load Wait: (Sync) - ICar.support.Utils.waitForPageLoad(Utils.java:109)</small> </font> </div>
<div class="test-event"> <font color="maroon"> <small> &emsp; &emsp;--- 04 May 22:59:23 805 - Element is displayed:: [[ChromeDriver: chrome on WINDOWS (2cf28825ea7a8a419a5b05b8e5d35d84)] -> xpath: //div[@class='productDetails slds-p-bottom_large']//div[contains(@class,'slds-p-bottom_medium')]]</small> </font> </div>
<div class="test-message">&emsp;Course Name : MatchingtheRepairtotheTeam is displayed in the URL page</div>
<div class="test-message">&emsp;Successfully verified the course name for relevant link&emsp;<a href=".\ScreenShot\URL_TC001_2717509445767200.png" target="_blank" >[ScreenShot]</a></div>
<div class="test-message">&emsp;
</div>
<div class="test-message">&emsp;18. URL is : https://www.i-car.com/product/pl2-nonstructural-technician</div>
<div class="test-event"> <font color="maroon"> <small> &emsp; &emsp;--- 04 May 22:59:32 965 - Page URL:: https://www.i-car.com/product/pl2-nonstructural-technician</small> </font> </div>
<div class="test-event"> <font color="maroon"> <small> &emsp; &emsp;--- 04 May 22:59:32 965 - <b>0</b> - Page Load Wait: (Sync) - ICar.support.Utils.waitForPageLoad(Utils.java:109)</small> </font> </div>
<div class="test-message">&emsp;Successfully navigated to the :  https://www.i-car.com/product/pl2-nonstructural-technician   Page&emsp;<a href=".\ScreenShot\URL_TC001_2717510578252200.png" target="_blank" >[ScreenShot]</a></div>
<div class="test-event"> <font color="maroon"> <small> &emsp; &emsp;--- 04 May 22:59:33 257 - Page URL:: https://www.i-car.com/product/pl2-nonstructural-technician</small> </font> </div>
<div class="test-event"> <font color="maroon"> <small> &emsp; &emsp;--- 04 May 22:59:33 257 - <b>0</b> - Page Load Wait: (Sync) - ICar.support.Utils.waitForPageLoad(Utils.java:109)</small> </font> </div>
<div class="test-event"> <font color="maroon"> <small> &emsp; &emsp;--- 04 May 22:59:33 267 - Catched spinner load exception due to javascript error: {"status":32,"value":"An invalid or illegal selector was specified"}
  (Session info: chrome=124.0.6367.92)
Build info: version: '4.6.0', revision: '79f1c02ae20'
System info: os.name: 'Windows 10', os.arch: 'amd64', os.version: '10.0', java.version: '17.0.7'
Driver info: org.openqa.selenium.chrome.ChromeDriver
Command: [2cf28825ea7a8a419a5b05b8e5d35d84, findElement {using=css selector, value=div[class='slds-spinner slds-spinner_brand slds-spinner_small']>div:nth-child(2)r}]
Capabilities {acceptInsecureCerts: false, browserName: chrome, browserVersion: 124.0.6367.92, chrome: {chromedriverVersion: 124.0.6367.91 (51df0e5e17a8..., userDataDir: C:\Users\PRATHA~1.KUM\AppDa...}, fedcm:accounts: true, goog:chromeOptions: {debuggerAddress: localhost:49451}, networkConnectionEnabled: false, pageLoadStrategy: normal, platformName: WINDOWS, proxy: Proxy(), se:cdp: ws://localhost:49451/devtoo..., se:cdpVersion: 124.0.6367.92, setWindowRect: true, strictFileInteractability: false, timeouts: {implicit: 0, pageLoad: 300000, script: 30000}, unhandledPromptBehavior: dismiss and notify, webauthn:extension:credBlob: true, webauthn:extension:largeBlob: true, webauthn:extension:minPinLength: true, webauthn:extension:prf: true, webauthn:virtualAuthenticators: true}
Session ID: 2cf28825ea7a8a419a5b05b8e5d35d84</small> </font> </div>
<div class="test-event"> <font color="maroon"> <small> &emsp; &emsp;--- 04 May 22:59:33 268 - <b>0</b> - Spinner Load Wait: (Sync) - ICar.support.WaitUtils.waitForSpinner(WaitUtils.java:225)</small> </font> </div>
<div class="test-event"> <font color="maroon"> <small> &emsp; &emsp;--- 04 May 22:59:43 380 - Page URL:: https://www.i-car.com/product/pl2-nonstructural-technician</small> </font> </div>
<div class="test-event"> <font color="maroon"> <small> &emsp; &emsp;--- 04 May 22:59:43 381 - <b>0</b> - Page Load Wait: (Sync) - ICar.support.Utils.waitForPageLoad(Utils.java:109)</small> </font> </div>
<div class="test-event"> <font color="maroon"> <small> &emsp; &emsp;--- 04 May 22:59:43 400 - Element is displayed:: [[ChromeDriver: chrome on WINDOWS (2cf28825ea7a8a419a5b05b8e5d35d84)] -> xpath: //a[contains(text(),'Back to Courses')]]</small> </font> </div>
<div class="test-event"> <font color="maroon"> <small> &emsp; &emsp;--- 04 May 22:59:50 448 - Catched spinner load exception due to javascript error: {"status":32,"value":"An invalid or illegal selector was specified"}
  (Session info: chrome=124.0.6367.92)
Build info: version: '4.6.0', revision: '79f1c02ae20'
System info: os.name: 'Windows 10', os.arch: 'amd64', os.version: '10.0', java.version: '17.0.7'
Driver info: org.openqa.selenium.chrome.ChromeDriver
Command: [2cf28825ea7a8a419a5b05b8e5d35d84, findElement {using=css selector, value=div[class='slds-spinner slds-spinner_brand slds-spinner_small']>div:nth-child(2)r}]
Capabilities {acceptInsecureCerts: false, browserName: chrome, browserVersion: 124.0.6367.92, chrome: {chromedriverVersion: 124.0.6367.91 (51df0e5e17a8..., userDataDir: C:\Users\PRATHA~1.KUM\AppDa...}, fedcm:accounts: true, goog:chromeOptions: {debuggerAddress: localhost:49451}, networkConnectionEnabled: false, pageLoadStrategy: normal, platformName: WINDOWS, proxy: Proxy(), se:cdp: ws://localhost:49451/devtoo..., se:cdpVersion: 124.0.6367.92, setWindowRect: true, strictFileInteractability: false, timeouts: {implicit: 0, pageLoad: 300000, script: 30000}, unhandledPromptBehavior: dismiss and notify, webauthn:extension:credBlob: true, webauthn:extension:largeBlob: true, webauthn:extension:minPinLength: true, webauthn:extension:prf: true, webauthn:virtualAuthenticators: true}
Session ID: 2cf28825ea7a8a419a5b05b8e5d35d84</small> </font> </div>
<div class="test-event"> <font color="maroon"> <small> &emsp; &emsp;--- 04 May 22:59:50 448 - <b>0</b> - Spinner Load Wait: (Sync) - ICar.support.WaitUtils.waitForSpinner(WaitUtils.java:225)</small> </font> </div>
<div class="test-message">&emsp;Back To Courses is displayed in the page </div>
<div class="test-message">&emsp;Successfully verified Back To Course Link&emsp;<a href=".\ScreenShot\URL_TC001_2717528072877400.png" target="_blank" >[ScreenShot]</a></div>
<div class="test-event"> <font color="maroon"> <small> &emsp; &emsp;--- 04 May 22:59:50 675 - Catched spinner load exception due to javascript error: {"status":32,"value":"An invalid or illegal selector was specified"}
  (Session info: chrome=124.0.6367.92)
Build info: version: '4.6.0', revision: '79f1c02ae20'
System info: os.name: 'Windows 10', os.arch: 'amd64', os.version: '10.0', java.version: '17.0.7'
Driver info: org.openqa.selenium.chrome.ChromeDriver
Command: [2cf28825ea7a8a419a5b05b8e5d35d84, findElement {using=css selector, value=div[class='slds-spinner slds-spinner_brand slds-spinner_small']>div:nth-child(2)r}]
Capabilities {acceptInsecureCerts: false, browserName: chrome, browserVersion: 124.0.6367.92, chrome: {chromedriverVersion: 124.0.6367.91 (51df0e5e17a8..., userDataDir: C:\Users\PRATHA~1.KUM\AppDa...}, fedcm:accounts: true, goog:chromeOptions: {debuggerAddress: localhost:49451}, networkConnectionEnabled: false, pageLoadStrategy: normal, platformName: WINDOWS, proxy: Proxy(), se:cdp: ws://localhost:49451/devtoo..., se:cdpVersion: 124.0.6367.92, setWindowRect: true, strictFileInteractability: false, timeouts: {implicit: 0, pageLoad: 300000, script: 30000}, unhandledPromptBehavior: dismiss and notify, webauthn:extension:credBlob: true, webauthn:extension:largeBlob: true, webauthn:extension:minPinLength: true, webauthn:extension:prf: true, webauthn:virtualAuthenticators: true}
Session ID: 2cf28825ea7a8a419a5b05b8e5d35d84</small> </font> </div>
<div class="test-event"> <font color="maroon"> <small> &emsp; &emsp;--- 04 May 22:59:50 675 - <b>0</b> - Spinner Load Wait: (Sync) - ICar.support.WaitUtils.waitForSpinner(WaitUtils.java:225)</small> </font> </div>
<div class="test-event"> <font color="maroon"> <small> &emsp; &emsp;--- 04 May 22:59:50 766 - Page URL:: https://www.i-car.com/product/pl2-nonstructural-technician</small> </font> </div>
<div class="test-event"> <font color="maroon"> <small> &emsp; &emsp;--- 04 May 22:59:50 766 - <b>0</b> - Page Load Wait: (Sync) - ICar.support.Utils.waitForPageLoad(Utils.java:109)</small> </font> </div>
<div class="test-event"> <font color="maroon"> <small> &emsp; &emsp;--- 04 May 23:00:00 813 - Element is displayed:: [[ChromeDriver: chrome on WINDOWS (2cf28825ea7a8a419a5b05b8e5d35d84)] -> xpath: //div[@class='productDetails slds-p-bottom_large']//div[contains(@class,'slds-p-bottom_medium')]]</small> </font> </div>
<div class="test-message">&emsp;Course Name : PL2NonStructuralTechnician is displayed in the URL page</div>
<div class="test-message">&emsp;Successfully verified the course name for relevant link&emsp;<a href=".\ScreenShot\URL_TC001_2717546446169600.png" target="_blank" >[ScreenShot]</a></div>
<div class="test-message">&emsp;
</div>
<div class="test-message">&emsp;19. URL is : https://www.i-car.com/product/damage-analysis-of-brake-systems</div>
<div class="test-event"> <font color="maroon"> <small> &emsp; &emsp;--- 04 May 23:00:09 745 - Page URL:: https://www.i-car.com/product/damage-analysis-of-brake-systems</small> </font> </div>
<div class="test-event"> <font color="maroon"> <small> &emsp; &emsp;--- 04 May 23:00:09 745 - <b>0</b> - Page Load Wait: (Sync) - ICar.support.Utils.waitForPageLoad(Utils.java:109)</small> </font> </div>
<div class="test-message">&emsp;Successfully navigated to the :  https://www.i-car.com/product/damage-analysis-of-brake-systems   Page&emsp;<a href=".\ScreenShot\URL_TC001_2717547358103600.png" target="_blank" >[ScreenShot]</a></div>
<div class="test-event"> <font color="maroon"> <small> &emsp; &emsp;--- 04 May 23:00:10 026 - Page URL:: https://www.i-car.com/product/damage-analysis-of-brake-systems</small> </font> </div>
<div class="test-event"> <font color="maroon"> <small> &emsp; &emsp;--- 04 May 23:00:10 026 - <b>0</b> - Page Load Wait: (Sync) - ICar.support.Utils.waitForPageLoad(Utils.java:109)</small> </font> </div>
<div class="test-event"> <font color="maroon"> <small> &emsp; &emsp;--- 04 May 23:00:10 036 - Catched spinner load exception due to javascript error: {"status":32,"value":"An invalid or illegal selector was specified"}
  (Session info: chrome=124.0.6367.92)
Build info: version: '4.6.0', revision: '79f1c02ae20'
System info: os.name: 'Windows 10', os.arch: 'amd64', os.version: '10.0', java.version: '17.0.7'
Driver info: org.openqa.selenium.chrome.ChromeDriver
Command: [2cf28825ea7a8a419a5b05b8e5d35d84, findElement {using=css selector, value=div[class='slds-spinner slds-spinner_brand slds-spinner_small']>div:nth-child(2)r}]
Capabilities {acceptInsecureCerts: false, browserName: chrome, browserVersion: 124.0.6367.92, chrome: {chromedriverVersion: 124.0.6367.91 (51df0e5e17a8..., userDataDir: C:\Users\PRATHA~1.KUM\AppDa...}, fedcm:accounts: true, goog:chromeOptions: {debuggerAddress: localhost:49451}, networkConnectionEnabled: false, pageLoadStrategy: normal, platformName: WINDOWS, proxy: Proxy(), se:cdp: ws://localhost:49451/devtoo..., se:cdpVersion: 124.0.6367.92, setWindowRect: true, strictFileInteractability: false, timeouts: {implicit: 0, pageLoad: 300000, script: 30000}, unhandledPromptBehavior: dismiss and notify, webauthn:extension:credBlob: true, webauthn:extension:largeBlob: true, webauthn:extension:minPinLength: true, webauthn:extension:prf: true, webauthn:virtualAuthenticators: true}
Session ID: 2cf28825ea7a8a419a5b05b8e5d35d84</small> </font> </div>
<div class="test-event"> <font color="maroon"> <small> &emsp; &emsp;--- 04 May 23:00:10 036 - <b>0</b> - Spinner Load Wait: (Sync) - ICar.support.WaitUtils.waitForSpinner(WaitUtils.java:225)</small> </font> </div>
<div class="test-event"> <font color="maroon"> <small> &emsp; &emsp;--- 04 May 23:00:20 117 - Page URL:: https://www.i-car.com/product/damage-analysis-of-brake-systems</small> </font> </div>
<div class="test-event"> <font color="maroon"> <small> &emsp; &emsp;--- 04 May 23:00:20 117 - <b>0</b> - Page Load Wait: (Sync) - ICar.support.Utils.waitForPageLoad(Utils.java:109)</small> </font> </div>
<div class="test-event"> <font color="maroon"> <small> &emsp; &emsp;--- 04 May 23:00:20 136 - Element is displayed:: [[ChromeDriver: chrome on WINDOWS (2cf28825ea7a8a419a5b05b8e5d35d84)] -> xpath: //a[contains(text(),'Back to Courses')]]</small> </font> </div>
<div class="test-event"> <font color="maroon"> <small> &emsp; &emsp;--- 04 May 23:00:27 181 - Catched spinner load exception due to javascript error: {"status":32,"value":"An invalid or illegal selector was specified"}
  (Session info: chrome=124.0.6367.92)
Build info: version: '4.6.0', revision: '79f1c02ae20'
System info: os.name: 'Windows 10', os.arch: 'amd64', os.version: '10.0', java.version: '17.0.7'
Driver info: org.openqa.selenium.chrome.ChromeDriver
Command: [2cf28825ea7a8a419a5b05b8e5d35d84, findElement {using=css selector, value=div[class='slds-spinner slds-spinner_brand slds-spinner_small']>div:nth-child(2)r}]
Capabilities {acceptInsecureCerts: false, browserName: chrome, browserVersion: 124.0.6367.92, chrome: {chromedriverVersion: 124.0.6367.91 (51df0e5e17a8..., userDataDir: C:\Users\PRATHA~1.KUM\AppDa...}, fedcm:accounts: true, goog:chromeOptions: {debuggerAddress: localhost:49451}, networkConnectionEnabled: false, pageLoadStrategy: normal, platformName: WINDOWS, proxy: Proxy(), se:cdp: ws://localhost:49451/devtoo..., se:cdpVersion: 124.0.6367.92, setWindowRect: true, strictFileInteractability: false, timeouts: {implicit: 0, pageLoad: 300000, script: 30000}, unhandledPromptBehavior: dismiss and notify, webauthn:extension:credBlob: true, webauthn:extension:largeBlob: true, webauthn:extension:minPinLength: true, webauthn:extension:prf: true, webauthn:virtualAuthenticators: true}
Session ID: 2cf28825ea7a8a419a5b05b8e5d35d84</small> </font> </div>
<div class="test-event"> <font color="maroon"> <small> &emsp; &emsp;--- 04 May 23:00:27 181 - <b>0</b> - Spinner Load Wait: (Sync) - ICar.support.WaitUtils.waitForSpinner(WaitUtils.java:225)</small> </font> </div>
<div class="test-message">&emsp;Back To Courses is displayed in the page </div>
<div class="test-message">&emsp;Successfully verified Back To Course Link&emsp;<a href=".\ScreenShot\URL_TC001_2717564804748700.png" target="_blank" >[ScreenShot]</a></div>
<div class="test-event"> <font color="maroon"> <small> &emsp; &emsp;--- 04 May 23:00:27 437 - Catched spinner load exception due to javascript error: {"status":32,"value":"An invalid or illegal selector was specified"}
  (Session info: chrome=124.0.6367.92)
Build info: version: '4.6.0', revision: '79f1c02ae20'
System info: os.name: 'Windows 10', os.arch: 'amd64', os.version: '10.0', java.version: '17.0.7'
Driver info: org.openqa.selenium.chrome.ChromeDriver
Command: [2cf28825ea7a8a419a5b05b8e5d35d84, findElement {using=css selector, value=div[class='slds-spinner slds-spinner_brand slds-spinner_small']>div:nth-child(2)r}]
Capabilities {acceptInsecureCerts: false, browserName: chrome, browserVersion: 124.0.6367.92, chrome: {chromedriverVersion: 124.0.6367.91 (51df0e5e17a8..., userDataDir: C:\Users\PRATHA~1.KUM\AppDa...}, fedcm:accounts: true, goog:chromeOptions: {debuggerAddress: localhost:49451}, networkConnectionEnabled: false, pageLoadStrategy: normal, platformName: WINDOWS, proxy: Proxy(), se:cdp: ws://localhost:49451/devtoo..., se:cdpVersion: 124.0.6367.92, setWindowRect: true, strictFileInteractability: false, timeouts: {implicit: 0, pageLoad: 300000, script: 30000}, unhandledPromptBehavior: dismiss and notify, webauthn:extension:credBlob: true, webauthn:extension:largeBlob: true, webauthn:extension:minPinLength: true, webauthn:extension:prf: true, webauthn:virtualAuthenticators: true}
Session ID: 2cf28825ea7a8a419a5b05b8e5d35d84</small> </font> </div>
<div class="test-event"> <font color="maroon"> <small> &emsp; &emsp;--- 04 May 23:00:27 437 - <b>0</b> - Spinner Load Wait: (Sync) - ICar.support.WaitUtils.waitForSpinner(WaitUtils.java:225)</small> </font> </div>
<div class="test-event"> <font color="maroon"> <small> &emsp; &emsp;--- 04 May 23:00:27 506 - Page URL:: https://www.i-car.com/product/damage-analysis-of-brake-systems</small> </font> </div>
<div class="test-event"> <font color="maroon"> <small> &emsp; &emsp;--- 04 May 23:00:27 506 - <b>0</b> - Page Load Wait: (Sync) - ICar.support.Utils.waitForPageLoad(Utils.java:109)</small> </font> </div>
<div class="test-event"> <font color="maroon"> <small> &emsp; &emsp;--- 04 May 23:00:37 566 - Element is displayed:: [[ChromeDriver: chrome on WINDOWS (2cf28825ea7a8a419a5b05b8e5d35d84)] -> xpath: //div[@class='productDetails slds-p-bottom_large']//div[contains(@class,'slds-p-bottom_medium')]]</small> </font> </div>
<div class="test-message">&emsp;Course Name : DamageAnalysisofBrakeSystems is displayed in the URL page</div>
<div class="test-message">&emsp;Successfully verified the course name for relevant link&emsp;<a href=".\ScreenShot\URL_TC001_2717583205710200.png" target="_blank" >[ScreenShot]</a></div>
<div class="test-message">&emsp;
</div>
<div class="test-message">&emsp;20. URL is : https://www.i-car.com/product/workflow-essentials</div>
<div class="test-event"> <font color="maroon"> <small> &emsp; &emsp;--- 04 May 23:00:46 691 - Page URL:: https://www.i-car.com/product/workflow-essentials</small> </font> </div>
<div class="test-event"> <font color="maroon"> <small> &emsp; &emsp;--- 04 May 23:00:46 691 - <b>0</b> - Page Load Wait: (Sync) - ICar.support.Utils.waitForPageLoad(Utils.java:109)</small> </font> </div>
<div class="test-message">&emsp;Successfully navigated to the :  https://www.i-car.com/product/workflow-essentials   Page&emsp;<a href=".\ScreenShot\URL_TC001_2717584303250000.png" target="_blank" >[ScreenShot]</a></div>
<div class="test-event"> <font color="maroon"> <small> &emsp; &emsp;--- 04 May 23:00:46 986 - Page URL:: https://www.i-car.com/product/workflow-essentials</small> </font> </div>
<div class="test-event"> <font color="maroon"> <small> &emsp; &emsp;--- 04 May 23:00:46 986 - <b>0</b> - Page Load Wait: (Sync) - ICar.support.Utils.waitForPageLoad(Utils.java:109)</small> </font> </div>
<div class="test-event"> <font color="maroon"> <small> &emsp; &emsp;--- 04 May 23:00:46 995 - Catched spinner load exception due to javascript error: {"status":32,"value":"An invalid or illegal selector was specified"}
  (Session info: chrome=124.0.6367.92)
Build info: version: '4.6.0', revision: '79f1c02ae20'
System info: os.name: 'Windows 10', os.arch: 'amd64', os.version: '10.0', java.version: '17.0.7'
Driver info: org.openqa.selenium.chrome.ChromeDriver
Command: [2cf28825ea7a8a419a5b05b8e5d35d84, findElement {using=css selector, value=div[class='slds-spinner slds-spinner_brand slds-spinner_small']>div:nth-child(2)r}]
Capabilities {acceptInsecureCerts: false, browserName: chrome, browserVersion: 124.0.6367.92, chrome: {chromedriverVersion: 124.0.6367.91 (51df0e5e17a8..., userDataDir: C:\Users\PRATHA~1.KUM\AppDa...}, fedcm:accounts: true, goog:chromeOptions: {debuggerAddress: localhost:49451}, networkConnectionEnabled: false, pageLoadStrategy: normal, platformName: WINDOWS, proxy: Proxy(), se:cdp: ws://localhost:49451/devtoo..., se:cdpVersion: 124.0.6367.92, setWindowRect: true, strictFileInteractability: false, timeouts: {implicit: 0, pageLoad: 300000, script: 30000}, unhandledPromptBehavior: dismiss and notify, webauthn:extension:credBlob: true, webauthn:extension:largeBlob: true, webauthn:extension:minPinLength: true, webauthn:extension:prf: true, webauthn:virtualAuthenticators: true}
Session ID: 2cf28825ea7a8a419a5b05b8e5d35d84</small> </font> </div>
<div class="test-event"> <font color="maroon"> <small> &emsp; &emsp;--- 04 May 23:00:46 995 - <b>0</b> - Spinner Load Wait: (Sync) - ICar.support.WaitUtils.waitForSpinner(WaitUtils.java:225)</small> </font> </div>
<div class="test-event"> <font color="maroon"> <small> &emsp; &emsp;--- 04 May 23:00:57 086 - Page URL:: https://www.i-car.com/product/workflow-essentials</small> </font> </div>
<div class="test-event"> <font color="maroon"> <small> &emsp; &emsp;--- 04 May 23:00:57 086 - <b>0</b> - Page Load Wait: (Sync) - ICar.support.Utils.waitForPageLoad(Utils.java:109)</small> </font> </div>
<div class="test-event"> <font color="maroon"> <small> &emsp; &emsp;--- 04 May 23:00:57 105 - Element is displayed:: [[ChromeDriver: chrome on WINDOWS (2cf28825ea7a8a419a5b05b8e5d35d84)] -> xpath: //a[contains(text(),'Back to Courses')]]</small> </font> </div>
<div class="test-event"> <font color="maroon"> <small> &emsp; &emsp;--- 04 May 23:01:04 134 - Catched spinner load exception due to javascript error: {"status":32,"value":"An invalid or illegal selector was specified"}
  (Session info: chrome=124.0.6367.92)
Build info: version: '4.6.0', revision: '79f1c02ae20'
System info: os.name: 'Windows 10', os.arch: 'amd64', os.version: '10.0', java.version: '17.0.7'
Driver info: org.openqa.selenium.chrome.ChromeDriver
Command: [2cf28825ea7a8a419a5b05b8e5d35d84, findElement {using=css selector, value=div[class='slds-spinner slds-spinner_brand slds-spinner_small']>div:nth-child(2)r}]
Capabilities {acceptInsecureCerts: false, browserName: chrome, browserVersion: 124.0.6367.92, chrome: {chromedriverVersion: 124.0.6367.91 (51df0e5e17a8..., userDataDir: C:\Users\PRATHA~1.KUM\AppDa...}, fedcm:accounts: true, goog:chromeOptions: {debuggerAddress: localhost:49451}, networkConnectionEnabled: false, pageLoadStrategy: normal, platformName: WINDOWS, proxy: Proxy(), se:cdp: ws://localhost:49451/devtoo..., se:cdpVersion: 124.0.6367.92, setWindowRect: true, strictFileInteractability: false, timeouts: {implicit: 0, pageLoad: 300000, script: 30000}, unhandledPromptBehavior: dismiss and notify, webauthn:extension:credBlob: true, webauthn:extension:largeBlob: true, webauthn:extension:minPinLength: true, webauthn:extension:prf: true, webauthn:virtualAuthenticators: true}
Session ID: 2cf28825ea7a8a419a5b05b8e5d35d84</small> </font> </div>
<div class="test-event"> <font color="maroon"> <small> &emsp; &emsp;--- 04 May 23:01:04 134 - <b>0</b> - Spinner Load Wait: (Sync) - ICar.support.WaitUtils.waitForSpinner(WaitUtils.java:225)</small> </font> </div>
<div class="test-message">&emsp;Back To Courses is displayed in the page </div>
<div class="test-message">&emsp;Successfully verified Back To Course Link&emsp;<a href=".\ScreenShot\URL_TC001_2717601759739700.png" target="_blank" >[ScreenShot]</a></div>
<div class="test-event"> <font color="maroon"> <small> &emsp; &emsp;--- 04 May 23:01:04 413 - Catched spinner load exception due to javascript error: {"status":32,"value":"An invalid or illegal selector was specified"}
  (Session info: chrome=124.0.6367.92)
Build info: version: '4.6.0', revision: '79f1c02ae20'
System info: os.name: 'Windows 10', os.arch: 'amd64', os.version: '10.0', java.version: '17.0.7'
Driver info: org.openqa.selenium.chrome.ChromeDriver
Command: [2cf28825ea7a8a419a5b05b8e5d35d84, findElement {using=css selector, value=div[class='slds-spinner slds-spinner_brand slds-spinner_small']>div:nth-child(2)r}]
Capabilities {acceptInsecureCerts: false, browserName: chrome, browserVersion: 124.0.6367.92, chrome: {chromedriverVersion: 124.0.6367.91 (51df0e5e17a8..., userDataDir: C:\Users\PRATHA~1.KUM\AppDa...}, fedcm:accounts: true, goog:chromeOptions: {debuggerAddress: localhost:49451}, networkConnectionEnabled: false, pageLoadStrategy: normal, platformName: WINDOWS, proxy: Proxy(), se:cdp: ws://localhost:49451/devtoo..., se:cdpVersion: 124.0.6367.92, setWindowRect: true, strictFileInteractability: false, timeouts: {implicit: 0, pageLoad: 300000, script: 30000}, unhandledPromptBehavior: dismiss and notify, webauthn:extension:credBlob: true, webauthn:extension:largeBlob: true, webauthn:extension:minPinLength: true, webauthn:extension:prf: true, webauthn:virtualAuthenticators: true}
Session ID: 2cf28825ea7a8a419a5b05b8e5d35d84</small> </font> </div>
<div class="test-event"> <font color="maroon"> <small> &emsp; &emsp;--- 04 May 23:01:04 414 - <b>0</b> - Spinner Load Wait: (Sync) - ICar.support.WaitUtils.waitForSpinner(WaitUtils.java:225)</small> </font> </div>
<div class="test-event"> <font color="maroon"> <small> &emsp; &emsp;--- 04 May 23:01:04 484 - Page URL:: https://www.i-car.com/product/workflow-essentials</small> </font> </div>
<div class="test-event"> <font color="maroon"> <small> &emsp; &emsp;--- 04 May 23:01:04 484 - <b>0</b> - Page Load Wait: (Sync) - ICar.support.Utils.waitForPageLoad(Utils.java:109)</small> </font> </div>
<div class="test-event"> <font color="maroon"> <small> &emsp; &emsp;--- 04 May 23:01:14 536 - Element is displayed:: [[ChromeDriver: chrome on WINDOWS (2cf28825ea7a8a419a5b05b8e5d35d84)] -> xpath: //div[@class='productDetails slds-p-bottom_large']//div[contains(@class,'slds-p-bottom_medium')]]</small> </font> </div>
<div class="test-message">&emsp;Course Name : WorkflowEssentials is displayed in the URL page</div>
<div class="test-message">&emsp;Successfully verified the course name for relevant link&emsp;<a href=".\ScreenShot\URL_TC001_2717620179116000.png" target="_blank" >[ScreenShot]</a></div>
<div class="test-message">&emsp;
</div>
<div class="test-message">&emsp;21. URL is : https://www.i-car.com/product/pl3-nonstructural-technician</div>
<div class="test-event"> <font color="maroon"> <small> &emsp; &emsp;--- 04 May 23:01:23 730 - Page URL:: https://www.i-car.com/product/pl3-nonstructural-technician</small> </font> </div>
<div class="test-event"> <font color="maroon"> <small> &emsp; &emsp;--- 04 May 23:01:23 730 - <b>0</b> - Page Load Wait: (Sync) - ICar.support.Utils.waitForPageLoad(Utils.java:109)</small> </font> </div>
<div class="test-message">&emsp;Successfully navigated to the :  https://www.i-car.com/product/pl3-nonstructural-technician   Page&emsp;<a href=".\ScreenShot\URL_TC001_2717621342463800.png" target="_blank" >[ScreenShot]</a></div>
<div class="test-event"> <font color="maroon"> <small> &emsp; &emsp;--- 04 May 23:01:24 039 - Page URL:: https://www.i-car.com/product/pl3-nonstructural-technician</small> </font> </div>
<div class="test-event"> <font color="maroon"> <small> &emsp; &emsp;--- 04 May 23:01:24 039 - <b>0</b> - Page Load Wait: (Sync) - ICar.support.Utils.waitForPageLoad(Utils.java:109)</small> </font> </div>
<div class="test-event"> <font color="maroon"> <small> &emsp; &emsp;--- 04 May 23:01:24 049 - Catched spinner load exception due to javascript error: {"status":32,"value":"An invalid or illegal selector was specified"}
  (Session info: chrome=124.0.6367.92)
Build info: version: '4.6.0', revision: '79f1c02ae20'
System info: os.name: 'Windows 10', os.arch: 'amd64', os.version: '10.0', java.version: '17.0.7'
Driver info: org.openqa.selenium.chrome.ChromeDriver
Command: [2cf28825ea7a8a419a5b05b8e5d35d84, findElement {using=css selector, value=div[class='slds-spinner slds-spinner_brand slds-spinner_small']>div:nth-child(2)r}]
Capabilities {acceptInsecureCerts: false, browserName: chrome, browserVersion: 124.0.6367.92, chrome: {chromedriverVersion: 124.0.6367.91 (51df0e5e17a8..., userDataDir: C:\Users\PRATHA~1.KUM\AppDa...}, fedcm:accounts: true, goog:chromeOptions: {debuggerAddress: localhost:49451}, networkConnectionEnabled: false, pageLoadStrategy: normal, platformName: WINDOWS, proxy: Proxy(), se:cdp: ws://localhost:49451/devtoo..., se:cdpVersion: 124.0.6367.92, setWindowRect: true, strictFileInteractability: false, timeouts: {implicit: 0, pageLoad: 300000, script: 30000}, unhandledPromptBehavior: dismiss and notify, webauthn:extension:credBlob: true, webauthn:extension:largeBlob: true, webauthn:extension:minPinLength: true, webauthn:extension:prf: true, webauthn:virtualAuthenticators: true}
Session ID: 2cf28825ea7a8a419a5b05b8e5d35d84</small> </font> </div>
<div class="test-event"> <font color="maroon"> <small> &emsp; &emsp;--- 04 May 23:01:24 049 - <b>0</b> - Spinner Load Wait: (Sync) - ICar.support.WaitUtils.waitForSpinner(WaitUtils.java:225)</small> </font> </div>
<div class="test-event"> <font color="maroon"> <small> &emsp; &emsp;--- 04 May 23:01:34 134 - Page URL:: https://www.i-car.com/product/pl3-nonstructural-technician</small> </font> </div>
<div class="test-event"> <font color="maroon"> <small> &emsp; &emsp;--- 04 May 23:01:34 134 - <b>0</b> - Page Load Wait: (Sync) - ICar.support.Utils.waitForPageLoad(Utils.java:109)</small> </font> </div>
<div class="test-event"> <font color="maroon"> <small> &emsp; &emsp;--- 04 May 23:01:34 154 - Element is displayed:: [[ChromeDriver: chrome on WINDOWS (2cf28825ea7a8a419a5b05b8e5d35d84)] -> xpath: //a[contains(text(),'Back to Courses')]]</small> </font> </div>
<div class="test-event"> <font color="maroon"> <small> &emsp; &emsp;--- 04 May 23:01:41 200 - Catched spinner load exception due to javascript error: {"status":32,"value":"An invalid or illegal selector was specified"}
  (Session info: chrome=124.0.6367.92)
Build info: version: '4.6.0', revision: '79f1c02ae20'
System info: os.name: 'Windows 10', os.arch: 'amd64', os.version: '10.0', java.version: '17.0.7'
Driver info: org.openqa.selenium.chrome.ChromeDriver
Command: [2cf28825ea7a8a419a5b05b8e5d35d84, findElement {using=css selector, value=div[class='slds-spinner slds-spinner_brand slds-spinner_small']>div:nth-child(2)r}]
Capabilities {acceptInsecureCerts: false, browserName: chrome, browserVersion: 124.0.6367.92, chrome: {chromedriverVersion: 124.0.6367.91 (51df0e5e17a8..., userDataDir: C:\Users\PRATHA~1.KUM\AppDa...}, fedcm:accounts: true, goog:chromeOptions: {debuggerAddress: localhost:49451}, networkConnectionEnabled: false, pageLoadStrategy: normal, platformName: WINDOWS, proxy: Proxy(), se:cdp: ws://localhost:49451/devtoo..., se:cdpVersion: 124.0.6367.92, setWindowRect: true, strictFileInteractability: false, timeouts: {implicit: 0, pageLoad: 300000, script: 30000}, unhandledPromptBehavior: dismiss and notify, webauthn:extension:credBlob: true, webauthn:extension:largeBlob: true, webauthn:extension:minPinLength: true, webauthn:extension:prf: true, webauthn:virtualAuthenticators: true}
Session ID: 2cf28825ea7a8a419a5b05b8e5d35d84</small> </font> </div>
<div class="test-event"> <font color="maroon"> <small> &emsp; &emsp;--- 04 May 23:01:41 200 - <b>0</b> - Spinner Load Wait: (Sync) - ICar.support.WaitUtils.waitForSpinner(WaitUtils.java:225)</small> </font> </div>
<div class="test-message">&emsp;Back To Courses is displayed in the page </div>
<div class="test-message">&emsp;Successfully verified Back To Course Link&emsp;<a href=".\ScreenShot\URL_TC001_2717638833696200.png" target="_blank" >[ScreenShot]</a></div>
<div class="test-event"> <font color="maroon"> <small> &emsp; &emsp;--- 04 May 23:01:41 436 - Catched spinner load exception due to javascript error: {"status":32,"value":"An invalid or illegal selector was specified"}
  (Session info: chrome=124.0.6367.92)
Build info: version: '4.6.0', revision: '79f1c02ae20'
System info: os.name: 'Windows 10', os.arch: 'amd64', os.version: '10.0', java.version: '17.0.7'
Driver info: org.openqa.selenium.chrome.ChromeDriver
Command: [2cf28825ea7a8a419a5b05b8e5d35d84, findElement {using=css selector, value=div[class='slds-spinner slds-spinner_brand slds-spinner_small']>div:nth-child(2)r}]
Capabilities {acceptInsecureCerts: false, browserName: chrome, browserVersion: 124.0.6367.92, chrome: {chromedriverVersion: 124.0.6367.91 (51df0e5e17a8..., userDataDir: C:\Users\PRATHA~1.KUM\AppDa...}, fedcm:accounts: true, goog:chromeOptions: {debuggerAddress: localhost:49451}, networkConnectionEnabled: false, pageLoadStrategy: normal, platformName: WINDOWS, proxy: Proxy(), se:cdp: ws://localhost:49451/devtoo..., se:cdpVersion: 124.0.6367.92, setWindowRect: true, strictFileInteractability: false, timeouts: {implicit: 0, pageLoad: 300000, script: 30000}, unhandledPromptBehavior: dismiss and notify, webauthn:extension:credBlob: true, webauthn:extension:largeBlob: true, webauthn:extension:minPinLength: true, webauthn:extension:prf: true, webauthn:virtualAuthenticators: true}
Session ID: 2cf28825ea7a8a419a5b05b8e5d35d84</small> </font> </div>
<div class="test-event"> <font color="maroon"> <small> &emsp; &emsp;--- 04 May 23:01:41 436 - <b>0</b> - Spinner Load Wait: (Sync) - ICar.support.WaitUtils.waitForSpinner(WaitUtils.java:225)</small> </font> </div>
<div class="test-event"> <font color="maroon"> <small> &emsp; &emsp;--- 04 May 23:01:41 504 - Page URL:: https://www.i-car.com/product/pl3-nonstructural-technician</small> </font> </div>
<div class="test-event"> <font color="maroon"> <small> &emsp; &emsp;--- 04 May 23:01:41 504 - <b>0</b> - Page Load Wait: (Sync) - ICar.support.Utils.waitForPageLoad(Utils.java:109)</small> </font> </div>
<div class="test-event"> <font color="maroon"> <small> &emsp; &emsp;--- 04 May 23:01:51 572 - Element is displayed:: [[ChromeDriver: chrome on WINDOWS (2cf28825ea7a8a419a5b05b8e5d35d84)] -> xpath: //div[@class='productDetails slds-p-bottom_large']//div[contains(@class,'slds-p-bottom_medium')]]</small> </font> </div>
<div class="test-message">&emsp;Course Name : PL3NonStructuralTechnician is displayed in the URL page</div>
<div class="test-message">&emsp;Successfully verified the course name for relevant link&emsp;<a href=".\ScreenShot\URL_TC001_2717657213105800.png" target="_blank" >[ScreenShot]</a></div>
<div class="test-message">&emsp;
</div>
<div class="test-message">&emsp;22. URL is : https://www.i-car.com/product/pl2-estimator</div>
<div class="test-event"> <font color="maroon"> <small> &emsp; &emsp;--- 04 May 23:02:00 811 - Page URL:: https://www.i-car.com/product/pl2-estimator</small> </font> </div>
<div class="test-event"> <font color="maroon"> <small> &emsp; &emsp;--- 04 May 23:02:00 812 - <b>0</b> - Page Load Wait: (Sync) - ICar.support.Utils.waitForPageLoad(Utils.java:109)</small> </font> </div>
<div class="test-message">&emsp;Successfully navigated to the :  https://www.i-car.com/product/pl2-estimator   Page&emsp;<a href=".\ScreenShot\URL_TC001_2717658424871700.png" target="_blank" >[ScreenShot]</a></div>
<div class="test-event"> <font color="maroon"> <small> &emsp; &emsp;--- 04 May 23:02:01 102 - Page URL:: https://www.i-car.com/product/pl2-estimator</small> </font> </div>
<div class="test-event"> <font color="maroon"> <small> &emsp; &emsp;--- 04 May 23:02:01 102 - <b>0</b> - Page Load Wait: (Sync) - ICar.support.Utils.waitForPageLoad(Utils.java:109)</small> </font> </div>
<div class="test-event"> <font color="maroon"> <small> &emsp; &emsp;--- 04 May 23:02:01 112 - Catched spinner load exception due to javascript error: {"status":32,"value":"An invalid or illegal selector was specified"}
  (Session info: chrome=124.0.6367.92)
Build info: version: '4.6.0', revision: '79f1c02ae20'
System info: os.name: 'Windows 10', os.arch: 'amd64', os.version: '10.0', java.version: '17.0.7'
Driver info: org.openqa.selenium.chrome.ChromeDriver
Command: [2cf28825ea7a8a419a5b05b8e5d35d84, findElement {using=css selector, value=div[class='slds-spinner slds-spinner_brand slds-spinner_small']>div:nth-child(2)r}]
Capabilities {acceptInsecureCerts: false, browserName: chrome, browserVersion: 124.0.6367.92, chrome: {chromedriverVersion: 124.0.6367.91 (51df0e5e17a8..., userDataDir: C:\Users\PRATHA~1.KUM\AppDa...}, fedcm:accounts: true, goog:chromeOptions: {debuggerAddress: localhost:49451}, networkConnectionEnabled: false, pageLoadStrategy: normal, platformName: WINDOWS, proxy: Proxy(), se:cdp: ws://localhost:49451/devtoo..., se:cdpVersion: 124.0.6367.92, setWindowRect: true, strictFileInteractability: false, timeouts: {implicit: 0, pageLoad: 300000, script: 30000}, unhandledPromptBehavior: dismiss and notify, webauthn:extension:credBlob: true, webauthn:extension:largeBlob: true, webauthn:extension:minPinLength: true, webauthn:extension:prf: true, webauthn:virtualAuthenticators: true}
Session ID: 2cf28825ea7a8a419a5b05b8e5d35d84</small> </font> </div>
<div class="test-event"> <font color="maroon"> <small> &emsp; &emsp;--- 04 May 23:02:01 112 - <b>0</b> - Spinner Load Wait: (Sync) - ICar.support.WaitUtils.waitForSpinner(WaitUtils.java:225)</small> </font> </div>
<div class="test-event"> <font color="maroon"> <small> &emsp; &emsp;--- 04 May 23:02:11 213 - Page URL:: https://www.i-car.com/product/pl2-estimator</small> </font> </div>
<div class="test-event"> <font color="maroon"> <small> &emsp; &emsp;--- 04 May 23:02:11 213 - <b>0</b> - Page Load Wait: (Sync) - ICar.support.Utils.waitForPageLoad(Utils.java:109)</small> </font> </div>
<div class="test-event"> <font color="maroon"> <small> &emsp; &emsp;--- 04 May 23:02:11 230 - Element is displayed:: [[ChromeDriver: chrome on WINDOWS (2cf28825ea7a8a419a5b05b8e5d35d84)] -> xpath: //a[contains(text(),'Back to Courses')]]</small> </font> </div>
<div class="test-event"> <font color="maroon"> <small> &emsp; &emsp;--- 04 May 23:02:18 278 - Catched spinner load exception due to javascript error: {"status":32,"value":"An invalid or illegal selector was specified"}
  (Session info: chrome=124.0.6367.92)
Build info: version: '4.6.0', revision: '79f1c02ae20'
System info: os.name: 'Windows 10', os.arch: 'amd64', os.version: '10.0', java.version: '17.0.7'
Driver info: org.openqa.selenium.chrome.ChromeDriver
Command: [2cf28825ea7a8a419a5b05b8e5d35d84, findElement {using=css selector, value=div[class='slds-spinner slds-spinner_brand slds-spinner_small']>div:nth-child(2)r}]
Capabilities {acceptInsecureCerts: false, browserName: chrome, browserVersion: 124.0.6367.92, chrome: {chromedriverVersion: 124.0.6367.91 (51df0e5e17a8..., userDataDir: C:\Users\PRATHA~1.KUM\AppDa...}, fedcm:accounts: true, goog:chromeOptions: {debuggerAddress: localhost:49451}, networkConnectionEnabled: false, pageLoadStrategy: normal, platformName: WINDOWS, proxy: Proxy(), se:cdp: ws://localhost:49451/devtoo..., se:cdpVersion: 124.0.6367.92, setWindowRect: true, strictFileInteractability: false, timeouts: {implicit: 0, pageLoad: 300000, script: 30000}, unhandledPromptBehavior: dismiss and notify, webauthn:extension:credBlob: true, webauthn:extension:largeBlob: true, webauthn:extension:minPinLength: true, webauthn:extension:prf: true, webauthn:virtualAuthenticators: true}
Session ID: 2cf28825ea7a8a419a5b05b8e5d35d84</small> </font> </div>
<div class="test-event"> <font color="maroon"> <small> &emsp; &emsp;--- 04 May 23:02:18 278 - <b>0</b> - Spinner Load Wait: (Sync) - ICar.support.WaitUtils.waitForSpinner(WaitUtils.java:225)</small> </font> </div>
<div class="test-message">&emsp;Back To Courses is displayed in the page </div>
<div class="test-message">&emsp;Successfully verified Back To Course Link&emsp;<a href=".\ScreenShot\URL_TC001_2717675902069400.png" target="_blank" >[ScreenShot]</a></div>
<div class="test-event"> <font color="maroon"> <small> &emsp; &emsp;--- 04 May 23:02:18 497 - Catched spinner load exception due to javascript error: {"status":32,"value":"An invalid or illegal selector was specified"}
  (Session info: chrome=124.0.6367.92)
Build info: version: '4.6.0', revision: '79f1c02ae20'
System info: os.name: 'Windows 10', os.arch: 'amd64', os.version: '10.0', java.version: '17.0.7'
Driver info: org.openqa.selenium.chrome.ChromeDriver
Command: [2cf28825ea7a8a419a5b05b8e5d35d84, findElement {using=css selector, value=div[class='slds-spinner slds-spinner_brand slds-spinner_small']>div:nth-child(2)r}]
Capabilities {acceptInsecureCerts: false, browserName: chrome, browserVersion: 124.0.6367.92, chrome: {chromedriverVersion: 124.0.6367.91 (51df0e5e17a8..., userDataDir: C:\Users\PRATHA~1.KUM\AppDa...}, fedcm:accounts: true, goog:chromeOptions: {debuggerAddress: localhost:49451}, networkConnectionEnabled: false, pageLoadStrategy: normal, platformName: WINDOWS, proxy: Proxy(), se:cdp: ws://localhost:49451/devtoo..., se:cdpVersion: 124.0.6367.92, setWindowRect: true, strictFileInteractability: false, timeouts: {implicit: 0, pageLoad: 300000, script: 30000}, unhandledPromptBehavior: dismiss and notify, webauthn:extension:credBlob: true, webauthn:extension:largeBlob: true, webauthn:extension:minPinLength: true, webauthn:extension:prf: true, webauthn:virtualAuthenticators: true}
Session ID: 2cf28825ea7a8a419a5b05b8e5d35d84</small> </font> </div>
<div class="test-event"> <font color="maroon"> <small> &emsp; &emsp;--- 04 May 23:02:18 497 - <b>0</b> - Spinner Load Wait: (Sync) - ICar.support.WaitUtils.waitForSpinner(WaitUtils.java:225)</small> </font> </div>
<div class="test-event"> <font color="maroon"> <small> &emsp; &emsp;--- 04 May 23:02:18 596 - Page URL:: https://www.i-car.com/product/pl2-estimator</small> </font> </div>
<div class="test-event"> <font color="maroon"> <small> &emsp; &emsp;--- 04 May 23:02:18 596 - <b>0</b> - Page Load Wait: (Sync) - ICar.support.Utils.waitForPageLoad(Utils.java:109)</small> </font> </div>
<div class="test-event"> <font color="maroon"> <small> &emsp; &emsp;--- 04 May 23:02:28 643 - Element is displayed:: [[ChromeDriver: chrome on WINDOWS (2cf28825ea7a8a419a5b05b8e5d35d84)] -> xpath: //div[@class='productDetails slds-p-bottom_large']//div[contains(@class,'slds-p-bottom_medium')]]</small> </font> </div>
<div class="test-message">&emsp;Course Name : PL2Estimator is displayed in the URL page</div>
<div class="test-message">&emsp;Successfully verified the course name for relevant link&emsp;<a href=".\ScreenShot\URL_TC001_2717694288926700.png" target="_blank" >[ScreenShot]</a></div>
<div class="test-message">&emsp;
</div>
<div class="test-message">&emsp;23. URL is : https://www.i-car.com/product/introduction-to-mig-brazing</div>
<div class="test-event"> <font color="maroon"> <small> &emsp; &emsp;--- 04 May 23:02:37 651 - Page URL:: https://www.i-car.com/product/introduction-to-mig-brazing</small> </font> </div>
<div class="test-event"> <font color="maroon"> <small> &emsp; &emsp;--- 04 May 23:02:37 651 - <b>0</b> - Page Load Wait: (Sync) - ICar.support.Utils.waitForPageLoad(Utils.java:109)</small> </font> </div>
<div class="test-message">&emsp;Successfully navigated to the :  https://www.i-car.com/product/introduction-to-mig-brazing   Page&emsp;<a href=".\ScreenShot\URL_TC001_2717695263493800.png" target="_blank" >[ScreenShot]</a></div>
<div class="test-event"> <font color="maroon"> <small> &emsp; &emsp;--- 04 May 23:02:37 931 - Page URL:: https://www.i-car.com/product/introduction-to-mig-brazing</small> </font> </div>
<div class="test-event"> <font color="maroon"> <small> &emsp; &emsp;--- 04 May 23:02:37 931 - <b>0</b> - Page Load Wait: (Sync) - ICar.support.Utils.waitForPageLoad(Utils.java:109)</small> </font> </div>
<div class="test-event"> <font color="maroon"> <small> &emsp; &emsp;--- 04 May 23:02:37 939 - Catched spinner load exception due to javascript error: {"status":32,"value":"An invalid or illegal selector was specified"}
  (Session info: chrome=124.0.6367.92)
Build info: version: '4.6.0', revision: '79f1c02ae20'
System info: os.name: 'Windows 10', os.arch: 'amd64', os.version: '10.0', java.version: '17.0.7'
Driver info: org.openqa.selenium.chrome.ChromeDriver
Command: [2cf28825ea7a8a419a5b05b8e5d35d84, findElement {using=css selector, value=div[class='slds-spinner slds-spinner_brand slds-spinner_small']>div:nth-child(2)r}]
Capabilities {acceptInsecureCerts: false, browserName: chrome, browserVersion: 124.0.6367.92, chrome: {chromedriverVersion: 124.0.6367.91 (51df0e5e17a8..., userDataDir: C:\Users\PRATHA~1.KUM\AppDa...}, fedcm:accounts: true, goog:chromeOptions: {debuggerAddress: localhost:49451}, networkConnectionEnabled: false, pageLoadStrategy: normal, platformName: WINDOWS, proxy: Proxy(), se:cdp: ws://localhost:49451/devtoo..., se:cdpVersion: 124.0.6367.92, setWindowRect: true, strictFileInteractability: false, timeouts: {implicit: 0, pageLoad: 300000, script: 30000}, unhandledPromptBehavior: dismiss and notify, webauthn:extension:credBlob: true, webauthn:extension:largeBlob: true, webauthn:extension:minPinLength: true, webauthn:extension:prf: true, webauthn:virtualAuthenticators: true}
Session ID: 2cf28825ea7a8a419a5b05b8e5d35d84</small> </font> </div>
<div class="test-event"> <font color="maroon"> <small> &emsp; &emsp;--- 04 May 23:02:37 940 - <b>0</b> - Spinner Load Wait: (Sync) - ICar.support.WaitUtils.waitForSpinner(WaitUtils.java:225)</small> </font> </div>
<div class="test-event"> <font color="maroon"> <small> &emsp; &emsp;--- 04 May 23:02:48 052 - Page URL:: https://www.i-car.com/product/introduction-to-mig-brazing</small> </font> </div>
<div class="test-event"> <font color="maroon"> <small> &emsp; &emsp;--- 04 May 23:02:48 052 - <b>0</b> - Page Load Wait: (Sync) - ICar.support.Utils.waitForPageLoad(Utils.java:109)</small> </font> </div>
<div class="test-event"> <font color="maroon"> <small> &emsp; &emsp;--- 04 May 23:02:48 071 - Element is displayed:: [[ChromeDriver: chrome on WINDOWS (2cf28825ea7a8a419a5b05b8e5d35d84)] -> xpath: //a[contains(text(),'Back to Courses')]]</small> </font> </div>
<div class="test-event"> <font color="maroon"> <small> &emsp; &emsp;--- 04 May 23:02:55 114 - Catched spinner load exception due to javascript error: {"status":32,"value":"An invalid or illegal selector was specified"}
  (Session info: chrome=124.0.6367.92)
Build info: version: '4.6.0', revision: '79f1c02ae20'
System info: os.name: 'Windows 10', os.arch: 'amd64', os.version: '10.0', java.version: '17.0.7'
Driver info: org.openqa.selenium.chrome.ChromeDriver
Command: [2cf28825ea7a8a419a5b05b8e5d35d84, findElement {using=css selector, value=div[class='slds-spinner slds-spinner_brand slds-spinner_small']>div:nth-child(2)r}]
Capabilities {acceptInsecureCerts: false, browserName: chrome, browserVersion: 124.0.6367.92, chrome: {chromedriverVersion: 124.0.6367.91 (51df0e5e17a8..., userDataDir: C:\Users\PRATHA~1.KUM\AppDa...}, fedcm:accounts: true, goog:chromeOptions: {debuggerAddress: localhost:49451}, networkConnectionEnabled: false, pageLoadStrategy: normal, platformName: WINDOWS, proxy: Proxy(), se:cdp: ws://localhost:49451/devtoo..., se:cdpVersion: 124.0.6367.92, setWindowRect: true, strictFileInteractability: false, timeouts: {implicit: 0, pageLoad: 300000, script: 30000}, unhandledPromptBehavior: dismiss and notify, webauthn:extension:credBlob: true, webauthn:extension:largeBlob: true, webauthn:extension:minPinLength: true, webauthn:extension:prf: true, webauthn:virtualAuthenticators: true}
Session ID: 2cf28825ea7a8a419a5b05b8e5d35d84</small> </font> </div>
<div class="test-event"> <font color="maroon"> <small> &emsp; &emsp;--- 04 May 23:02:55 114 - <b>0</b> - Spinner Load Wait: (Sync) - ICar.support.WaitUtils.waitForSpinner(WaitUtils.java:225)</small> </font> </div>
<div class="test-message">&emsp;Back To Courses is displayed in the page </div>
<div class="test-message">&emsp;Successfully verified Back To Course Link&emsp;<a href=".\ScreenShot\URL_TC001_2717712737689300.png" target="_blank" >[ScreenShot]</a></div>
<div class="test-event"> <font color="maroon"> <small> &emsp; &emsp;--- 04 May 23:02:55 359 - Catched spinner load exception due to javascript error: {"status":32,"value":"An invalid or illegal selector was specified"}
  (Session info: chrome=124.0.6367.92)
Build info: version: '4.6.0', revision: '79f1c02ae20'
System info: os.name: 'Windows 10', os.arch: 'amd64', os.version: '10.0', java.version: '17.0.7'
Driver info: org.openqa.selenium.chrome.ChromeDriver
Command: [2cf28825ea7a8a419a5b05b8e5d35d84, findElement {using=css selector, value=div[class='slds-spinner slds-spinner_brand slds-spinner_small']>div:nth-child(2)r}]
Capabilities {acceptInsecureCerts: false, browserName: chrome, browserVersion: 124.0.6367.92, chrome: {chromedriverVersion: 124.0.6367.91 (51df0e5e17a8..., userDataDir: C:\Users\PRATHA~1.KUM\AppDa...}, fedcm:accounts: true, goog:chromeOptions: {debuggerAddress: localhost:49451}, networkConnectionEnabled: false, pageLoadStrategy: normal, platformName: WINDOWS, proxy: Proxy(), se:cdp: ws://localhost:49451/devtoo..., se:cdpVersion: 124.0.6367.92, setWindowRect: true, strictFileInteractability: false, timeouts: {implicit: 0, pageLoad: 300000, script: 30000}, unhandledPromptBehavior: dismiss and notify, webauthn:extension:credBlob: true, webauthn:extension:largeBlob: true, webauthn:extension:minPinLength: true, webauthn:extension:prf: true, webauthn:virtualAuthenticators: true}
Session ID: 2cf28825ea7a8a419a5b05b8e5d35d84</small> </font> </div>
<div class="test-event"> <font color="maroon"> <small> &emsp; &emsp;--- 04 May 23:02:55 359 - <b>0</b> - Spinner Load Wait: (Sync) - ICar.support.WaitUtils.waitForSpinner(WaitUtils.java:225)</small> </font> </div>
<div class="test-event"> <font color="maroon"> <small> &emsp; &emsp;--- 04 May 23:02:55 432 - Page URL:: https://www.i-car.com/product/introduction-to-mig-brazing</small> </font> </div>
<div class="test-event"> <font color="maroon"> <small> &emsp; &emsp;--- 04 May 23:02:55 432 - <b>0</b> - Page Load Wait: (Sync) - ICar.support.Utils.waitForPageLoad(Utils.java:109)</small> </font> </div>
<div class="test-event"> <font color="maroon"> <small> &emsp; &emsp;--- 04 May 23:03:05 484 - Element is displayed:: [[ChromeDriver: chrome on WINDOWS (2cf28825ea7a8a419a5b05b8e5d35d84)] -> xpath: //div[@class='productDetails slds-p-bottom_large']//div[contains(@class,'slds-p-bottom_medium')]]</small> </font> </div>
<div class="test-message">&emsp;Course Name : IntroductiontoMIGBrazing is displayed in the URL page</div>
<div class="test-message">&emsp;Successfully verified the course name for relevant link&emsp;<a href=".\ScreenShot\URL_TC001_2717731118969600.png" target="_blank" >[ScreenShot]</a></div>
<div class="test-message">&emsp;
</div>
<div class="test-message">&emsp;24. URL is : https://www.i-car.com/product/vehicle-technology-and-trends-2020</div>
<div class="test-event"> <font color="maroon"> <small> &emsp; &emsp;--- 04 May 23:03:14 793 - Page URL:: https://www.i-car.com/product/vehicle-technology-and-trends-2020</small> </font> </div>
<div class="test-event"> <font color="maroon"> <small> &emsp; &emsp;--- 04 May 23:03:14 794 - <b>0</b> - Page Load Wait: (Sync) - ICar.support.Utils.waitForPageLoad(Utils.java:109)</small> </font> </div>
<div class="test-message">&emsp;Successfully navigated to the :  https://www.i-car.com/product/vehicle-technology-and-trends-2020   Page&emsp;<a href=".\ScreenShot\URL_TC001_2717732407321500.png" target="_blank" >[ScreenShot]</a></div>
<div class="test-event"> <font color="maroon"> <small> &emsp; &emsp;--- 04 May 23:03:15 116 - Page URL:: https://www.i-car.com/product/vehicle-technology-and-trends-2020</small> </font> </div>
<div class="test-event"> <font color="maroon"> <small> &emsp; &emsp;--- 04 May 23:03:15 116 - <b>0</b> - Page Load Wait: (Sync) - ICar.support.Utils.waitForPageLoad(Utils.java:109)</small> </font> </div>
<div class="test-event"> <font color="maroon"> <small> &emsp; &emsp;--- 04 May 23:03:15 126 - Catched spinner load exception due to javascript error: {"status":32,"value":"An invalid or illegal selector was specified"}
  (Session info: chrome=124.0.6367.92)
Build info: version: '4.6.0', revision: '79f1c02ae20'
System info: os.name: 'Windows 10', os.arch: 'amd64', os.version: '10.0', java.version: '17.0.7'
Driver info: org.openqa.selenium.chrome.ChromeDriver
Command: [2cf28825ea7a8a419a5b05b8e5d35d84, findElement {using=css selector, value=div[class='slds-spinner slds-spinner_brand slds-spinner_small']>div:nth-child(2)r}]
Capabilities {acceptInsecureCerts: false, browserName: chrome, browserVersion: 124.0.6367.92, chrome: {chromedriverVersion: 124.0.6367.91 (51df0e5e17a8..., userDataDir: C:\Users\PRATHA~1.KUM\AppDa...}, fedcm:accounts: true, goog:chromeOptions: {debuggerAddress: localhost:49451}, networkConnectionEnabled: false, pageLoadStrategy: normal, platformName: WINDOWS, proxy: Proxy(), se:cdp: ws://localhost:49451/devtoo..., se:cdpVersion: 124.0.6367.92, setWindowRect: true, strictFileInteractability: false, timeouts: {implicit: 0, pageLoad: 300000, script: 30000}, unhandledPromptBehavior: dismiss and notify, webauthn:extension:credBlob: true, webauthn:extension:largeBlob: true, webauthn:extension:minPinLength: true, webauthn:extension:prf: true, webauthn:virtualAuthenticators: true}
Session ID: 2cf28825ea7a8a419a5b05b8e5d35d84</small> </font> </div>
<div class="test-event"> <font color="maroon"> <small> &emsp; &emsp;--- 04 May 23:03:15 126 - <b>0</b> - Spinner Load Wait: (Sync) - ICar.support.WaitUtils.waitForSpinner(WaitUtils.java:225)</small> </font> </div>
<div class="test-event"> <font color="maroon"> <small> &emsp; &emsp;--- 04 May 23:03:25 218 - Page URL:: https://www.i-car.com/product/vehicle-technology-and-trends-2020</small> </font> </div>
<div class="test-event"> <font color="maroon"> <small> &emsp; &emsp;--- 04 May 23:03:25 218 - <b>0</b> - Page Load Wait: (Sync) - ICar.support.Utils.waitForPageLoad(Utils.java:109)</small> </font> </div>
<div class="test-event"> <font color="maroon"> <small> &emsp; &emsp;--- 04 May 23:03:25 239 - Element is displayed:: [[ChromeDriver: chrome on WINDOWS (2cf28825ea7a8a419a5b05b8e5d35d84)] -> xpath: //a[contains(text(),'Back to Courses')]]</small> </font> </div>
<div class="test-event"> <font color="maroon"> <small> &emsp; &emsp;--- 04 May 23:03:32 277 - Catched spinner load exception due to javascript error: {"status":32,"value":"An invalid or illegal selector was specified"}
  (Session info: chrome=124.0.6367.92)
Build info: version: '4.6.0', revision: '79f1c02ae20'
System info: os.name: 'Windows 10', os.arch: 'amd64', os.version: '10.0', java.version: '17.0.7'
Driver info: org.openqa.selenium.chrome.ChromeDriver
Command: [2cf28825ea7a8a419a5b05b8e5d35d84, findElement {using=css selector, value=div[class='slds-spinner slds-spinner_brand slds-spinner_small']>div:nth-child(2)r}]
Capabilities {acceptInsecureCerts: false, browserName: chrome, browserVersion: 124.0.6367.92, chrome: {chromedriverVersion: 124.0.6367.91 (51df0e5e17a8..., userDataDir: C:\Users\PRATHA~1.KUM\AppDa...}, fedcm:accounts: true, goog:chromeOptions: {debuggerAddress: localhost:49451}, networkConnectionEnabled: false, pageLoadStrategy: normal, platformName: WINDOWS, proxy: Proxy(), se:cdp: ws://localhost:49451/devtoo..., se:cdpVersion: 124.0.6367.92, setWindowRect: true, strictFileInteractability: false, timeouts: {implicit: 0, pageLoad: 300000, script: 30000}, unhandledPromptBehavior: dismiss and notify, webauthn:extension:credBlob: true, webauthn:extension:largeBlob: true, webauthn:extension:minPinLength: true, webauthn:extension:prf: true, webauthn:virtualAuthenticators: true}
Session ID: 2cf28825ea7a8a419a5b05b8e5d35d84</small> </font> </div>
<div class="test-event"> <font color="maroon"> <small> &emsp; &emsp;--- 04 May 23:03:32 277 - <b>0</b> - Spinner Load Wait: (Sync) - ICar.support.WaitUtils.waitForSpinner(WaitUtils.java:225)</small> </font> </div>
<div class="test-message">&emsp;Back To Courses is displayed in the page </div>
<div class="test-message">&emsp;Successfully verified Back To Course Link&emsp;<a href=".\ScreenShot\URL_TC001_2717749902324100.png" target="_blank" >[ScreenShot]</a></div>
<div class="test-event"> <font color="maroon"> <small> &emsp; &emsp;--- 04 May 23:03:32 512 - Catched spinner load exception due to javascript error: {"status":32,"value":"An invalid or illegal selector was specified"}
  (Session info: chrome=124.0.6367.92)
Build info: version: '4.6.0', revision: '79f1c02ae20'
System info: os.name: 'Windows 10', os.arch: 'amd64', os.version: '10.0', java.version: '17.0.7'
Driver info: org.openqa.selenium.chrome.ChromeDriver
Command: [2cf28825ea7a8a419a5b05b8e5d35d84, findElement {using=css selector, value=div[class='slds-spinner slds-spinner_brand slds-spinner_small']>div:nth-child(2)r}]
Capabilities {acceptInsecureCerts: false, browserName: chrome, browserVersion: 124.0.6367.92, chrome: {chromedriverVersion: 124.0.6367.91 (51df0e5e17a8..., userDataDir: C:\Users\PRATHA~1.KUM\AppDa...}, fedcm:accounts: true, goog:chromeOptions: {debuggerAddress: localhost:49451}, networkConnectionEnabled: false, pageLoadStrategy: normal, platformName: WINDOWS, proxy: Proxy(), se:cdp: ws://localhost:49451/devtoo..., se:cdpVersion: 124.0.6367.92, setWindowRect: true, strictFileInteractability: false, timeouts: {implicit: 0, pageLoad: 300000, script: 30000}, unhandledPromptBehavior: dismiss and notify, webauthn:extension:credBlob: true, webauthn:extension:largeBlob: true, webauthn:extension:minPinLength: true, webauthn:extension:prf: true, webauthn:virtualAuthenticators: true}
Session ID: 2cf28825ea7a8a419a5b05b8e5d35d84</small> </font> </div>
<div class="test-event"> <font color="maroon"> <small> &emsp; &emsp;--- 04 May 23:03:32 512 - <b>0</b> - Spinner Load Wait: (Sync) - ICar.support.WaitUtils.waitForSpinner(WaitUtils.java:225)</small> </font> </div>
<div class="test-event"> <font color="maroon"> <small> &emsp; &emsp;--- 04 May 23:03:32 581 - Page URL:: https://www.i-car.com/product/vehicle-technology-and-trends-2020</small> </font> </div>
<div class="test-event"> <font color="maroon"> <small> &emsp; &emsp;--- 04 May 23:03:32 581 - <b>0</b> - Page Load Wait: (Sync) - ICar.support.Utils.waitForPageLoad(Utils.java:109)</small> </font> </div>
<div class="test-event"> <font color="maroon"> <small> &emsp; &emsp;--- 04 May 23:03:42 630 - Element is displayed:: [[ChromeDriver: chrome on WINDOWS (2cf28825ea7a8a419a5b05b8e5d35d84)] -> xpath: //div[@class='productDetails slds-p-bottom_large']//div[contains(@class,'slds-p-bottom_medium')]]</small> </font> </div>
<div class="test-message">&emsp;Course Name : VehicleTechnologyandTrends2020 is displayed in the URL page</div>
<div class="test-message">&emsp;Successfully verified the course name for relevant link&emsp;<a href=".\ScreenShot\URL_TC001_2717768268958800.png" target="_blank" >[ScreenShot]</a></div>
<div class="test-message">&emsp;
</div>
<div class="test-message">&emsp;25. URL is : https://www.i-car.com/product/ford-electric-vehicle-ev-course-package</div>
<div class="test-event"> <font color="maroon"> <small> &emsp; &emsp;--- 04 May 23:03:51 822 - Page URL:: https://www.i-car.com/product/ford-electric-vehicle-ev-course-package</small> </font> </div>
<div class="test-event"> <font color="maroon"> <small> &emsp; &emsp;--- 04 May 23:03:51 822 - <b>0</b> - Page Load Wait: (Sync) - ICar.support.Utils.waitForPageLoad(Utils.java:109)</small> </font> </div>
<div class="test-message">&emsp;Successfully navigated to the :  https://www.i-car.com/product/ford-electric-vehicle-ev-course-package   Page&emsp;<a href=".\ScreenShot\URL_TC001_2717769435404000.png" target="_blank" >[ScreenShot]</a></div>
<div class="test-event"> <font color="maroon"> <small> &emsp; &emsp;--- 04 May 23:03:52 073 - Page URL:: https://www.i-car.com/product/ford-electric-vehicle-ev-course-package</small> </font> </div>
<div class="test-event"> <font color="maroon"> <small> &emsp; &emsp;--- 04 May 23:03:52 073 - <b>0</b> - Page Load Wait: (Sync) - ICar.support.Utils.waitForPageLoad(Utils.java:109)</small> </font> </div>
<div class="test-event"> <font color="maroon"> <small> &emsp; &emsp;--- 04 May 23:03:52 085 - Catched spinner load exception due to javascript error: {"status":32,"value":"An invalid or illegal selector was specified"}
  (Session info: chrome=124.0.6367.92)
Build info: version: '4.6.0', revision: '79f1c02ae20'
System info: os.name: 'Windows 10', os.arch: 'amd64', os.version: '10.0', java.version: '17.0.7'
Driver info: org.openqa.selenium.chrome.ChromeDriver
Command: [2cf28825ea7a8a419a5b05b8e5d35d84, findElement {using=css selector, value=div[class='slds-spinner slds-spinner_brand slds-spinner_small']>div:nth-child(2)r}]
Capabilities {acceptInsecureCerts: false, browserName: chrome, browserVersion: 124.0.6367.92, chrome: {chromedriverVersion: 124.0.6367.91 (51df0e5e17a8..., userDataDir: C:\Users\PRATHA~1.KUM\AppDa...}, fedcm:accounts: true, goog:chromeOptions: {debuggerAddress: localhost:49451}, networkConnectionEnabled: false, pageLoadStrategy: normal, platformName: WINDOWS, proxy: Proxy(), se:cdp: ws://localhost:49451/devtoo..., se:cdpVersion: 124.0.6367.92, setWindowRect: true, strictFileInteractability: false, timeouts: {implicit: 0, pageLoad: 300000, script: 30000}, unhandledPromptBehavior: dismiss and notify, webauthn:extension:credBlob: true, webauthn:extension:largeBlob: true, webauthn:extension:minPinLength: true, webauthn:extension:prf: true, webauthn:virtualAuthenticators: true}
Session ID: 2cf28825ea7a8a419a5b05b8e5d35d84</small> </font> </div>
<div class="test-event"> <font color="maroon"> <small> &emsp; &emsp;--- 04 May 23:03:52 085 - <b>0</b> - Spinner Load Wait: (Sync) - ICar.support.WaitUtils.waitForSpinner(WaitUtils.java:225)</small> </font> </div>
<div class="test-event"> <font color="maroon"> <small> &emsp; &emsp;--- 04 May 23:04:02 195 - Page URL:: https://www.i-car.com/product/ford-electric-vehicle-ev-course-package</small> </font> </div>
<div class="test-event"> <font color="maroon"> <small> &emsp; &emsp;--- 04 May 23:04:02 195 - <b>0</b> - Page Load Wait: (Sync) - ICar.support.Utils.waitForPageLoad(Utils.java:109)</small> </font> </div>
<div class="test-event"> <font color="maroon"> <small> &emsp; &emsp;--- 04 May 23:04:02 213 - Element is displayed:: [[ChromeDriver: chrome on WINDOWS (2cf28825ea7a8a419a5b05b8e5d35d84)] -> xpath: //a[contains(text(),'Back to Courses')]]</small> </font> </div>
<div class="test-event"> <font color="maroon"> <small> &emsp; &emsp;--- 04 May 23:04:09 247 - Catched spinner load exception due to javascript error: {"status":32,"value":"An invalid or illegal selector was specified"}
  (Session info: chrome=124.0.6367.92)
Build info: version: '4.6.0', revision: '79f1c02ae20'
System info: os.name: 'Windows 10', os.arch: 'amd64', os.version: '10.0', java.version: '17.0.7'
Driver info: org.openqa.selenium.chrome.ChromeDriver
Command: [2cf28825ea7a8a419a5b05b8e5d35d84, findElement {using=css selector, value=div[class='slds-spinner slds-spinner_brand slds-spinner_small']>div:nth-child(2)r}]
Capabilities {acceptInsecureCerts: false, browserName: chrome, browserVersion: 124.0.6367.92, chrome: {chromedriverVersion: 124.0.6367.91 (51df0e5e17a8..., userDataDir: C:\Users\PRATHA~1.KUM\AppDa...}, fedcm:accounts: true, goog:chromeOptions: {debuggerAddress: localhost:49451}, networkConnectionEnabled: false, pageLoadStrategy: normal, platformName: WINDOWS, proxy: Proxy(), se:cdp: ws://localhost:49451/devtoo..., se:cdpVersion: 124.0.6367.92, setWindowRect: true, strictFileInteractability: false, timeouts: {implicit: 0, pageLoad: 300000, script: 30000}, unhandledPromptBehavior: dismiss and notify, webauthn:extension:credBlob: true, webauthn:extension:largeBlob: true, webauthn:extension:minPinLength: true, webauthn:extension:prf: true, webauthn:virtualAuthenticators: true}
Session ID: 2cf28825ea7a8a419a5b05b8e5d35d84</small> </font> </div>
<div class="test-event"> <font color="maroon"> <small> &emsp; &emsp;--- 04 May 23:04:09 247 - <b>0</b> - Spinner Load Wait: (Sync) - ICar.support.WaitUtils.waitForSpinner(WaitUtils.java:225)</small> </font> </div>
<div class="test-message">&emsp;Back To Courses is displayed in the page </div>
<div class="test-message">&emsp;Successfully verified Back To Course Link&emsp;<a href=".\ScreenShot\URL_TC001_2717786870733100.png" target="_blank" >[ScreenShot]</a></div>
<div class="test-event"> <font color="maroon"> <small> &emsp; &emsp;--- 04 May 23:04:09 444 - Catched spinner load exception due to javascript error: {"status":32,"value":"An invalid or illegal selector was specified"}
  (Session info: chrome=124.0.6367.92)
Build info: version: '4.6.0', revision: '79f1c02ae20'
System info: os.name: 'Windows 10', os.arch: 'amd64', os.version: '10.0', java.version: '17.0.7'
Driver info: org.openqa.selenium.chrome.ChromeDriver
Command: [2cf28825ea7a8a419a5b05b8e5d35d84, findElement {using=css selector, value=div[class='slds-spinner slds-spinner_brand slds-spinner_small']>div:nth-child(2)r}]
Capabilities {acceptInsecureCerts: false, browserName: chrome, browserVersion: 124.0.6367.92, chrome: {chromedriverVersion: 124.0.6367.91 (51df0e5e17a8..., userDataDir: C:\Users\PRATHA~1.KUM\AppDa...}, fedcm:accounts: true, goog:chromeOptions: {debuggerAddress: localhost:49451}, networkConnectionEnabled: false, pageLoadStrategy: normal, platformName: WINDOWS, proxy: Proxy(), se:cdp: ws://localhost:49451/devtoo..., se:cdpVersion: 124.0.6367.92, setWindowRect: true, strictFileInteractability: false, timeouts: {implicit: 0, pageLoad: 300000, script: 30000}, unhandledPromptBehavior: dismiss and notify, webauthn:extension:credBlob: true, webauthn:extension:largeBlob: true, webauthn:extension:minPinLength: true, webauthn:extension:prf: true, webauthn:virtualAuthenticators: true}
Session ID: 2cf28825ea7a8a419a5b05b8e5d35d84</small> </font> </div>
<div class="test-event"> <font color="maroon"> <small> &emsp; &emsp;--- 04 May 23:04:09 444 - <b>0</b> - Spinner Load Wait: (Sync) - ICar.support.WaitUtils.waitForSpinner(WaitUtils.java:225)</small> </font> </div>
<div class="test-event"> <font color="maroon"> <small> &emsp; &emsp;--- 04 May 23:04:09 525 - Page URL:: https://www.i-car.com/product/ford-electric-vehicle-ev-course-package</small> </font> </div>
<div class="test-event"> <font color="maroon"> <small> &emsp; &emsp;--- 04 May 23:04:09 525 - <b>0</b> - Page Load Wait: (Sync) - ICar.support.Utils.waitForPageLoad(Utils.java:109)</small> </font> </div>
<div class="test-event"> <font color="maroon"> <small> &emsp; &emsp;--- 04 May 23:04:19 585 - Element is displayed:: [[ChromeDriver: chrome on WINDOWS (2cf28825ea7a8a419a5b05b8e5d35d84)] -> xpath: //div[@class='productDetails slds-p-bottom_large']//div[contains(@class,'slds-p-bottom_medium')]]</small> </font> </div>
<div class="test-message">&emsp;Course Name : FordElectricVehicleEVCoursePackage is displayed in the URL page</div>
<div class="test-message">&emsp;Successfully verified the course name for relevant link&emsp;<a href=".\ScreenShot\URL_TC001_2717805218677000.png" target="_blank" >[ScreenShot]</a></div>
<div class="test-message">&emsp;
</div>
<div class="test-message">&emsp;26. URL is : https://www.i-car.com/product/understanding-volvo-collision-repair</div>
<div class="test-event"> <font color="maroon"> <small> &emsp; &emsp;--- 04 May 23:04:33 043 - Page URL:: https://www.i-car.com/product/understanding-volvo-collision-repair</small> </font> </div>
<div class="test-event"> <font color="maroon"> <small> &emsp; &emsp;--- 04 May 23:04:33 043 - <b>0</b> - Page Load Wait: (Sync) - ICar.support.Utils.waitForPageLoad(Utils.java:109)</small> </font> </div>
<div class="test-message">&emsp;Successfully navigated to the :  https://www.i-car.com/product/understanding-volvo-collision-repair   Page&emsp;<a href=".\ScreenShot\URL_TC001_2717810658849100.png" target="_blank" >[ScreenShot]</a></div>
<div class="test-event"> <font color="maroon"> <small> &emsp; &emsp;--- 04 May 23:04:33 325 - Page URL:: https://www.i-car.com/product/understanding-volvo-collision-repair</small> </font> </div>
<div class="test-event"> <font color="maroon"> <small> &emsp; &emsp;--- 04 May 23:04:33 325 - <b>0</b> - Page Load Wait: (Sync) - ICar.support.Utils.waitForPageLoad(Utils.java:109)</small> </font> </div>
<div class="test-event"> <font color="maroon"> <small> &emsp; &emsp;--- 04 May 23:04:33 333 - Catched spinner load exception due to javascript error: {"status":32,"value":"An invalid or illegal selector was specified"}
  (Session info: chrome=124.0.6367.92)
Build info: version: '4.6.0', revision: '79f1c02ae20'
System info: os.name: 'Windows 10', os.arch: 'amd64', os.version: '10.0', java.version: '17.0.7'
Driver info: org.openqa.selenium.chrome.ChromeDriver
Command: [2cf28825ea7a8a419a5b05b8e5d35d84, findElement {using=css selector, value=div[class='slds-spinner slds-spinner_brand slds-spinner_small']>div:nth-child(2)r}]
Capabilities {acceptInsecureCerts: false, browserName: chrome, browserVersion: 124.0.6367.92, chrome: {chromedriverVersion: 124.0.6367.91 (51df0e5e17a8..., userDataDir: C:\Users\PRATHA~1.KUM\AppDa...}, fedcm:accounts: true, goog:chromeOptions: {debuggerAddress: localhost:49451}, networkConnectionEnabled: false, pageLoadStrategy: normal, platformName: WINDOWS, proxy: Proxy(), se:cdp: ws://localhost:49451/devtoo..., se:cdpVersion: 124.0.6367.92, setWindowRect: true, strictFileInteractability: false, timeouts: {implicit: 0, pageLoad: 300000, script: 30000}, unhandledPromptBehavior: dismiss and notify, webauthn:extension:credBlob: true, webauthn:extension:largeBlob: true, webauthn:extension:minPinLength: true, webauthn:extension:prf: true, webauthn:virtualAuthenticators: true}
Session ID: 2cf28825ea7a8a419a5b05b8e5d35d84</small> </font> </div>
<div class="test-event"> <font color="maroon"> <small> &emsp; &emsp;--- 04 May 23:04:33 333 - <b>0</b> - Spinner Load Wait: (Sync) - ICar.support.WaitUtils.waitForSpinner(WaitUtils.java:225)</small> </font> </div>
<div class="test-event"> <font color="maroon"> <small> &emsp; &emsp;--- 04 May 23:04:43 409 - Page URL:: https://www.i-car.com/product/understanding-volvo-collision-repair</small> </font> </div>
<div class="test-event"> <font color="maroon"> <small> &emsp; &emsp;--- 04 May 23:04:43 409 - <b>0</b> - Page Load Wait: (Sync) - ICar.support.Utils.waitForPageLoad(Utils.java:109)</small> </font> </div>
<div class="test-event"> <font color="maroon"> <small> &emsp; &emsp;--- 04 May 23:04:43 428 - Element is displayed:: [[ChromeDriver: chrome on WINDOWS (2cf28825ea7a8a419a5b05b8e5d35d84)] -> xpath: //a[contains(text(),'Back to Courses')]]</small> </font> </div>
<div class="test-event"> <font color="maroon"> <small> &emsp; &emsp;--- 04 May 23:04:50 472 - Catched spinner load exception due to javascript error: {"status":32,"value":"An invalid or illegal selector was specified"}
  (Session info: chrome=124.0.6367.92)
Build info: version: '4.6.0', revision: '79f1c02ae20'
System info: os.name: 'Windows 10', os.arch: 'amd64', os.version: '10.0', java.version: '17.0.7'
Driver info: org.openqa.selenium.chrome.ChromeDriver
Command: [2cf28825ea7a8a419a5b05b8e5d35d84, findElement {using=css selector, value=div[class='slds-spinner slds-spinner_brand slds-spinner_small']>div:nth-child(2)r}]
Capabilities {acceptInsecureCerts: false, browserName: chrome, browserVersion: 124.0.6367.92, chrome: {chromedriverVersion: 124.0.6367.91 (51df0e5e17a8..., userDataDir: C:\Users\PRATHA~1.KUM\AppDa...}, fedcm:accounts: true, goog:chromeOptions: {debuggerAddress: localhost:49451}, networkConnectionEnabled: false, pageLoadStrategy: normal, platformName: WINDOWS, proxy: Proxy(), se:cdp: ws://localhost:49451/devtoo..., se:cdpVersion: 124.0.6367.92, setWindowRect: true, strictFileInteractability: false, timeouts: {implicit: 0, pageLoad: 300000, script: 30000}, unhandledPromptBehavior: dismiss and notify, webauthn:extension:credBlob: true, webauthn:extension:largeBlob: true, webauthn:extension:minPinLength: true, webauthn:extension:prf: true, webauthn:virtualAuthenticators: true}
Session ID: 2cf28825ea7a8a419a5b05b8e5d35d84</small> </font> </div>
<div class="test-event"> <font color="maroon"> <small> &emsp; &emsp;--- 04 May 23:04:50 472 - <b>0</b> - Spinner Load Wait: (Sync) - ICar.support.WaitUtils.waitForSpinner(WaitUtils.java:225)</small> </font> </div>
<div class="test-message">&emsp;Back To Courses is displayed in the page </div>
<div class="test-message">&emsp;Successfully verified Back To Course Link&emsp;<a href=".\ScreenShot\URL_TC001_2717828096923000.png" target="_blank" >[ScreenShot]</a></div>
<div class="test-event"> <font color="maroon"> <small> &emsp; &emsp;--- 04 May 23:04:50 714 - Catched spinner load exception due to javascript error: {"status":32,"value":"An invalid or illegal selector was specified"}
  (Session info: chrome=124.0.6367.92)
Build info: version: '4.6.0', revision: '79f1c02ae20'
System info: os.name: 'Windows 10', os.arch: 'amd64', os.version: '10.0', java.version: '17.0.7'
Driver info: org.openqa.selenium.chrome.ChromeDriver
Command: [2cf28825ea7a8a419a5b05b8e5d35d84, findElement {using=css selector, value=div[class='slds-spinner slds-spinner_brand slds-spinner_small']>div:nth-child(2)r}]
Capabilities {acceptInsecureCerts: false, browserName: chrome, browserVersion: 124.0.6367.92, chrome: {chromedriverVersion: 124.0.6367.91 (51df0e5e17a8..., userDataDir: C:\Users\PRATHA~1.KUM\AppDa...}, fedcm:accounts: true, goog:chromeOptions: {debuggerAddress: localhost:49451}, networkConnectionEnabled: false, pageLoadStrategy: normal, platformName: WINDOWS, proxy: Proxy(), se:cdp: ws://localhost:49451/devtoo..., se:cdpVersion: 124.0.6367.92, setWindowRect: true, strictFileInteractability: false, timeouts: {implicit: 0, pageLoad: 300000, script: 30000}, unhandledPromptBehavior: dismiss and notify, webauthn:extension:credBlob: true, webauthn:extension:largeBlob: true, webauthn:extension:minPinLength: true, webauthn:extension:prf: true, webauthn:virtualAuthenticators: true}
Session ID: 2cf28825ea7a8a419a5b05b8e5d35d84</small> </font> </div>
<div class="test-event"> <font color="maroon"> <small> &emsp; &emsp;--- 04 May 23:04:50 714 - <b>0</b> - Spinner Load Wait: (Sync) - ICar.support.WaitUtils.waitForSpinner(WaitUtils.java:225)</small> </font> </div>
<div class="test-event"> <font color="maroon"> <small> &emsp; &emsp;--- 04 May 23:04:50 777 - Page URL:: https://www.i-car.com/product/understanding-volvo-collision-repair</small> </font> </div>
<div class="test-event"> <font color="maroon"> <small> &emsp; &emsp;--- 04 May 23:04:50 777 - <b>0</b> - Page Load Wait: (Sync) - ICar.support.Utils.waitForPageLoad(Utils.java:109)</small> </font> </div>
<div class="test-event"> <font color="maroon"> <small> &emsp; &emsp;--- 04 May 23:05:00 842 - Element is displayed:: [[ChromeDriver: chrome on WINDOWS (2cf28825ea7a8a419a5b05b8e5d35d84)] -> xpath: //div[@class='productDetails slds-p-bottom_large']//div[contains(@class,'slds-p-bottom_medium')]]</small> </font> </div>
<div class="test-message">&emsp;Course Name : UnderstandingVolvoCollisionRepair is displayed in the URL page</div>
<div class="test-message">&emsp;Successfully verified the course name for relevant link&emsp;<a href=".\ScreenShot\URL_TC001_2717846483400100.png" target="_blank" >[ScreenShot]</a></div>
<div class="test-message">&emsp;
</div>
<div class="test-message">&emsp;27. URL is : https://www.i-car.com/product/honda-and-acura-highstrength-steel-repair</div>
<div class="test-event"> <font color="maroon"> <small> &emsp; &emsp;--- 04 May 23:05:12 257 - Page URL:: https://www.i-car.com/product/honda-and-acura-highstrength-steel-repair</small> </font> </div>
<div class="test-event"> <font color="maroon"> <small> &emsp; &emsp;--- 04 May 23:05:12 257 - <b>0</b> - Page Load Wait: (Sync) - ICar.support.Utils.waitForPageLoad(Utils.java:109)</small> </font> </div>
<div class="test-message">&emsp;Successfully navigated to the :  https://www.i-car.com/product/honda-and-acura-highstrength-steel-repair   Page&emsp;<a href=".\ScreenShot\URL_TC001_2717849871913700.png" target="_blank" >[ScreenShot]</a></div>
<div class="test-event"> <font color="maroon"> <small> &emsp; &emsp;--- 04 May 23:05:12 587 - Page URL:: https://www.i-car.com/product/honda-and-acura-highstrength-steel-repair</small> </font> </div>
<div class="test-event"> <font color="maroon"> <small> &emsp; &emsp;--- 04 May 23:05:12 587 - <b>0</b> - Page Load Wait: (Sync) - ICar.support.Utils.waitForPageLoad(Utils.java:109)</small> </font> </div>
<div class="test-event"> <font color="maroon"> <small> &emsp; &emsp;--- 04 May 23:05:12 596 - Catched spinner load exception due to javascript error: {"status":32,"value":"An invalid or illegal selector was specified"}
  (Session info: chrome=124.0.6367.92)
Build info: version: '4.6.0', revision: '79f1c02ae20'
System info: os.name: 'Windows 10', os.arch: 'amd64', os.version: '10.0', java.version: '17.0.7'
Driver info: org.openqa.selenium.chrome.ChromeDriver
Command: [2cf28825ea7a8a419a5b05b8e5d35d84, findElement {using=css selector, value=div[class='slds-spinner slds-spinner_brand slds-spinner_small']>div:nth-child(2)r}]
Capabilities {acceptInsecureCerts: false, browserName: chrome, browserVersion: 124.0.6367.92, chrome: {chromedriverVersion: 124.0.6367.91 (51df0e5e17a8..., userDataDir: C:\Users\PRATHA~1.KUM\AppDa...}, fedcm:accounts: true, goog:chromeOptions: {debuggerAddress: localhost:49451}, networkConnectionEnabled: false, pageLoadStrategy: normal, platformName: WINDOWS, proxy: Proxy(), se:cdp: ws://localhost:49451/devtoo..., se:cdpVersion: 124.0.6367.92, setWindowRect: true, strictFileInteractability: false, timeouts: {implicit: 0, pageLoad: 300000, script: 30000}, unhandledPromptBehavior: dismiss and notify, webauthn:extension:credBlob: true, webauthn:extension:largeBlob: true, webauthn:extension:minPinLength: true, webauthn:extension:prf: true, webauthn:virtualAuthenticators: true}
Session ID: 2cf28825ea7a8a419a5b05b8e5d35d84</small> </font> </div>
<div class="test-event"> <font color="maroon"> <small> &emsp; &emsp;--- 04 May 23:05:12 596 - <b>0</b> - Spinner Load Wait: (Sync) - ICar.support.WaitUtils.waitForSpinner(WaitUtils.java:225)</small> </font> </div>
<div class="test-event"> <font color="maroon"> <small> &emsp; &emsp;--- 04 May 23:05:22 681 - Page URL:: https://www.i-car.com/product/honda-and-acura-highstrength-steel-repair</small> </font> </div>
<div class="test-event"> <font color="maroon"> <small> &emsp; &emsp;--- 04 May 23:05:22 681 - <b>0</b> - Page Load Wait: (Sync) - ICar.support.Utils.waitForPageLoad(Utils.java:109)</small> </font> </div>
<div class="test-event"> <font color="maroon"> <small> &emsp; &emsp;--- 04 May 23:05:22 699 - Element is displayed:: [[ChromeDriver: chrome on WINDOWS (2cf28825ea7a8a419a5b05b8e5d35d84)] -> xpath: //a[contains(text(),'Back to Courses')]]</small> </font> </div>
<div class="test-event"> <font color="maroon"> <small> &emsp; &emsp;--- 04 May 23:05:29 723 - Catched spinner load exception due to javascript error: {"status":32,"value":"An invalid or illegal selector was specified"}
  (Session info: chrome=124.0.6367.92)
Build info: version: '4.6.0', revision: '79f1c02ae20'
System info: os.name: 'Windows 10', os.arch: 'amd64', os.version: '10.0', java.version: '17.0.7'
Driver info: org.openqa.selenium.chrome.ChromeDriver
Command: [2cf28825ea7a8a419a5b05b8e5d35d84, findElement {using=css selector, value=div[class='slds-spinner slds-spinner_brand slds-spinner_small']>div:nth-child(2)r}]
Capabilities {acceptInsecureCerts: false, browserName: chrome, browserVersion: 124.0.6367.92, chrome: {chromedriverVersion: 124.0.6367.91 (51df0e5e17a8..., userDataDir: C:\Users\PRATHA~1.KUM\AppDa...}, fedcm:accounts: true, goog:chromeOptions: {debuggerAddress: localhost:49451}, networkConnectionEnabled: false, pageLoadStrategy: normal, platformName: WINDOWS, proxy: Proxy(), se:cdp: ws://localhost:49451/devtoo..., se:cdpVersion: 124.0.6367.92, setWindowRect: true, strictFileInteractability: false, timeouts: {implicit: 0, pageLoad: 300000, script: 30000}, unhandledPromptBehavior: dismiss and notify, webauthn:extension:credBlob: true, webauthn:extension:largeBlob: true, webauthn:extension:minPinLength: true, webauthn:extension:prf: true, webauthn:virtualAuthenticators: true}
Session ID: 2cf28825ea7a8a419a5b05b8e5d35d84</small> </font> </div>
<div class="test-event"> <font color="maroon"> <small> &emsp; &emsp;--- 04 May 23:05:29 723 - <b>0</b> - Spinner Load Wait: (Sync) - ICar.support.WaitUtils.waitForSpinner(WaitUtils.java:225)</small> </font> </div>
<div class="test-message">&emsp;Back To Courses is displayed in the page </div>
<div class="test-message">&emsp;Successfully verified Back To Course Link&emsp;<a href=".\ScreenShot\URL_TC001_2717867348548600.png" target="_blank" >[ScreenShot]</a></div>
<div class="test-event"> <font color="maroon"> <small> &emsp; &emsp;--- 04 May 23:05:29 962 - Catched spinner load exception due to javascript error: {"status":32,"value":"An invalid or illegal selector was specified"}
  (Session info: chrome=124.0.6367.92)
Build info: version: '4.6.0', revision: '79f1c02ae20'
System info: os.name: 'Windows 10', os.arch: 'amd64', os.version: '10.0', java.version: '17.0.7'
Driver info: org.openqa.selenium.chrome.ChromeDriver
Command: [2cf28825ea7a8a419a5b05b8e5d35d84, findElement {using=css selector, value=div[class='slds-spinner slds-spinner_brand slds-spinner_small']>div:nth-child(2)r}]
Capabilities {acceptInsecureCerts: false, browserName: chrome, browserVersion: 124.0.6367.92, chrome: {chromedriverVersion: 124.0.6367.91 (51df0e5e17a8..., userDataDir: C:\Users\PRATHA~1.KUM\AppDa...}, fedcm:accounts: true, goog:chromeOptions: {debuggerAddress: localhost:49451}, networkConnectionEnabled: false, pageLoadStrategy: normal, platformName: WINDOWS, proxy: Proxy(), se:cdp: ws://localhost:49451/devtoo..., se:cdpVersion: 124.0.6367.92, setWindowRect: true, strictFileInteractability: false, timeouts: {implicit: 0, pageLoad: 300000, script: 30000}, unhandledPromptBehavior: dismiss and notify, webauthn:extension:credBlob: true, webauthn:extension:largeBlob: true, webauthn:extension:minPinLength: true, webauthn:extension:prf: true, webauthn:virtualAuthenticators: true}
Session ID: 2cf28825ea7a8a419a5b05b8e5d35d84</small> </font> </div>
<div class="test-event"> <font color="maroon"> <small> &emsp; &emsp;--- 04 May 23:05:29 962 - <b>0</b> - Spinner Load Wait: (Sync) - ICar.support.WaitUtils.waitForSpinner(WaitUtils.java:225)</small> </font> </div>
<div class="test-event"> <font color="maroon"> <small> &emsp; &emsp;--- 04 May 23:05:30 028 - Page URL:: https://www.i-car.com/product/honda-and-acura-highstrength-steel-repair</small> </font> </div>
<div class="test-event"> <font color="maroon"> <small> &emsp; &emsp;--- 04 May 23:05:30 028 - <b>0</b> - Page Load Wait: (Sync) - ICar.support.Utils.waitForPageLoad(Utils.java:109)</small> </font> </div>
<div class="test-event"> <font color="maroon"> <small> &emsp; &emsp;--- 04 May 23:05:40 081 - Element is displayed:: [[ChromeDriver: chrome on WINDOWS (2cf28825ea7a8a419a5b05b8e5d35d84)] -> xpath: //div[@class='productDetails slds-p-bottom_large']//div[contains(@class,'slds-p-bottom_medium')]]</small> </font> </div>
<div class="test-message">&emsp;Course Name : HondaandAcuraHighStrengthSteelRepair is displayed in the URL page</div>
<div class="test-message">&emsp;Successfully verified the course name for relevant link&emsp;<a href=".\ScreenShot\URL_TC001_2717885723878600.png" target="_blank" >[ScreenShot]</a></div>
<div class="test-message">&emsp;
</div>
<div class="test-message">&emsp;28. URL is : https://www.i-car.com/product/climate-control-overview-troubleshooting-and-service</div>
<div class="test-event"> <font color="maroon"> <small> &emsp; &emsp;--- 04 May 23:05:48 983 - Page URL:: https://www.i-car.com/product/climate-control-overview-troubleshooting-and-service</small> </font> </div>
<div class="test-event"> <font color="maroon"> <small> &emsp; &emsp;--- 04 May 23:05:48 983 - <b>0</b> - Page Load Wait: (Sync) - ICar.support.Utils.waitForPageLoad(Utils.java:109)</small> </font> </div>
<div class="test-message">&emsp;Successfully navigated to the :  https://www.i-car.com/product/climate-control-overview-troubleshooting-and-service   Page&emsp;<a href=".\ScreenShot\URL_TC001_2717886597553300.png" target="_blank" >[ScreenShot]</a></div>
<div class="test-event"> <font color="maroon"> <small> &emsp; &emsp;--- 04 May 23:05:49 278 - Page URL:: https://www.i-car.com/product/climate-control-overview-troubleshooting-and-service</small> </font> </div>
<div class="test-event"> <font color="maroon"> <small> &emsp; &emsp;--- 04 May 23:05:49 278 - <b>0</b> - Page Load Wait: (Sync) - ICar.support.Utils.waitForPageLoad(Utils.java:109)</small> </font> </div>
<div class="test-event"> <font color="maroon"> <small> &emsp; &emsp;--- 04 May 23:05:49 287 - Catched spinner load exception due to javascript error: {"status":32,"value":"An invalid or illegal selector was specified"}
  (Session info: chrome=124.0.6367.92)
Build info: version: '4.6.0', revision: '79f1c02ae20'
System info: os.name: 'Windows 10', os.arch: 'amd64', os.version: '10.0', java.version: '17.0.7'
Driver info: org.openqa.selenium.chrome.ChromeDriver
Command: [2cf28825ea7a8a419a5b05b8e5d35d84, findElement {using=css selector, value=div[class='slds-spinner slds-spinner_brand slds-spinner_small']>div:nth-child(2)r}]
Capabilities {acceptInsecureCerts: false, browserName: chrome, browserVersion: 124.0.6367.92, chrome: {chromedriverVersion: 124.0.6367.91 (51df0e5e17a8..., userDataDir: C:\Users\PRATHA~1.KUM\AppDa...}, fedcm:accounts: true, goog:chromeOptions: {debuggerAddress: localhost:49451}, networkConnectionEnabled: false, pageLoadStrategy: normal, platformName: WINDOWS, proxy: Proxy(), se:cdp: ws://localhost:49451/devtoo..., se:cdpVersion: 124.0.6367.92, setWindowRect: true, strictFileInteractability: false, timeouts: {implicit: 0, pageLoad: 300000, script: 30000}, unhandledPromptBehavior: dismiss and notify, webauthn:extension:credBlob: true, webauthn:extension:largeBlob: true, webauthn:extension:minPinLength: true, webauthn:extension:prf: true, webauthn:virtualAuthenticators: true}
Session ID: 2cf28825ea7a8a419a5b05b8e5d35d84</small> </font> </div>
<div class="test-event"> <font color="maroon"> <small> &emsp; &emsp;--- 04 May 23:05:49 287 - <b>0</b> - Spinner Load Wait: (Sync) - ICar.support.WaitUtils.waitForSpinner(WaitUtils.java:225)</small> </font> </div>
<div class="test-event"> <font color="maroon"> <small> &emsp; &emsp;--- 04 May 23:05:59 374 - Page URL:: https://www.i-car.com/product/climate-control-overview-troubleshooting-and-service</small> </font> </div>
<div class="test-event"> <font color="maroon"> <small> &emsp; &emsp;--- 04 May 23:05:59 374 - <b>0</b> - Page Load Wait: (Sync) - ICar.support.Utils.waitForPageLoad(Utils.java:109)</small> </font> </div>
<div class="test-event"> <font color="maroon"> <small> &emsp; &emsp;--- 04 May 23:05:59 393 - Element is displayed:: [[ChromeDriver: chrome on WINDOWS (2cf28825ea7a8a419a5b05b8e5d35d84)] -> xpath: //a[contains(text(),'Back to Courses')]]</small> </font> </div>
<div class="test-event"> <font color="maroon"> <small> &emsp; &emsp;--- 04 May 23:06:06 424 - Catched spinner load exception due to javascript error: {"status":32,"value":"An invalid or illegal selector was specified"}
  (Session info: chrome=124.0.6367.92)
Build info: version: '4.6.0', revision: '79f1c02ae20'
System info: os.name: 'Windows 10', os.arch: 'amd64', os.version: '10.0', java.version: '17.0.7'
Driver info: org.openqa.selenium.chrome.ChromeDriver
Command: [2cf28825ea7a8a419a5b05b8e5d35d84, findElement {using=css selector, value=div[class='slds-spinner slds-spinner_brand slds-spinner_small']>div:nth-child(2)r}]
Capabilities {acceptInsecureCerts: false, browserName: chrome, browserVersion: 124.0.6367.92, chrome: {chromedriverVersion: 124.0.6367.91 (51df0e5e17a8..., userDataDir: C:\Users\PRATHA~1.KUM\AppDa...}, fedcm:accounts: true, goog:chromeOptions: {debuggerAddress: localhost:49451}, networkConnectionEnabled: false, pageLoadStrategy: normal, platformName: WINDOWS, proxy: Proxy(), se:cdp: ws://localhost:49451/devtoo..., se:cdpVersion: 124.0.6367.92, setWindowRect: true, strictFileInteractability: false, timeouts: {implicit: 0, pageLoad: 300000, script: 30000}, unhandledPromptBehavior: dismiss and notify, webauthn:extension:credBlob: true, webauthn:extension:largeBlob: true, webauthn:extension:minPinLength: true, webauthn:extension:prf: true, webauthn:virtualAuthenticators: true}
Session ID: 2cf28825ea7a8a419a5b05b8e5d35d84</small> </font> </div>
<div class="test-event"> <font color="maroon"> <small> &emsp; &emsp;--- 04 May 23:06:06 424 - <b>0</b> - Spinner Load Wait: (Sync) - ICar.support.WaitUtils.waitForSpinner(WaitUtils.java:225)</small> </font> </div>
<div class="test-message">&emsp;Back To Courses is displayed in the page </div>
<div class="test-message">&emsp;Successfully verified Back To Course Link&emsp;<a href=".\ScreenShot\URL_TC001_2717904049013000.png" target="_blank" >[ScreenShot]</a></div>
<div class="test-event"> <font color="maroon"> <small> &emsp; &emsp;--- 04 May 23:06:06 987 - Catched spinner load exception due to javascript error: {"status":32,"value":"An invalid or illegal selector was specified"}
  (Session info: chrome=124.0.6367.92)
Build info: version: '4.6.0', revision: '79f1c02ae20'
System info: os.name: 'Windows 10', os.arch: 'amd64', os.version: '10.0', java.version: '17.0.7'
Driver info: org.openqa.selenium.chrome.ChromeDriver
Command: [2cf28825ea7a8a419a5b05b8e5d35d84, findElement {using=css selector, value=div[class='slds-spinner slds-spinner_brand slds-spinner_small']>div:nth-child(2)r}]
Capabilities {acceptInsecureCerts: false, browserName: chrome, browserVersion: 124.0.6367.92, chrome: {chromedriverVersion: 124.0.6367.91 (51df0e5e17a8..., userDataDir: C:\Users\PRATHA~1.KUM\AppDa...}, fedcm:accounts: true, goog:chromeOptions: {debuggerAddress: localhost:49451}, networkConnectionEnabled: false, pageLoadStrategy: normal, platformName: WINDOWS, proxy: Proxy(), se:cdp: ws://localhost:49451/devtoo..., se:cdpVersion: 124.0.6367.92, setWindowRect: true, strictFileInteractability: false, timeouts: {implicit: 0, pageLoad: 300000, script: 30000}, unhandledPromptBehavior: dismiss and notify, webauthn:extension:credBlob: true, webauthn:extension:largeBlob: true, webauthn:extension:minPinLength: true, webauthn:extension:prf: true, webauthn:virtualAuthenticators: true}
Session ID: 2cf28825ea7a8a419a5b05b8e5d35d84</small> </font> </div>
<div class="test-event"> <font color="maroon"> <small> &emsp; &emsp;--- 04 May 23:06:06 987 - <b>0</b> - Spinner Load Wait: (Sync) - ICar.support.WaitUtils.waitForSpinner(WaitUtils.java:225)</small> </font> </div>
<div class="test-event"> <font color="maroon"> <small> &emsp; &emsp;--- 04 May 23:06:07 055 - Page URL:: https://www.i-car.com/product/climate-control-overview-troubleshooting-and-service</small> </font> </div>
<div class="test-event"> <font color="maroon"> <small> &emsp; &emsp;--- 04 May 23:06:07 055 - <b>0</b> - Page Load Wait: (Sync) - ICar.support.Utils.waitForPageLoad(Utils.java:109)</small> </font> </div>
<div class="test-event"> <font color="maroon"> <small> &emsp; &emsp;--- 04 May 23:06:17 124 - Element is displayed:: [[ChromeDriver: chrome on WINDOWS (2cf28825ea7a8a419a5b05b8e5d35d84)] -> xpath: //div[@class='productDetails slds-p-bottom_large']//div[contains(@class,'slds-p-bottom_medium')]]</small> </font> </div>
<div class="test-message">&emsp;Course Name : ClimateControlOverviewTroubleshootingandService is displayed in the URL page</div>
<div class="test-message">&emsp;Successfully verified the course name for relevant link&emsp;<a href=".\ScreenShot\URL_TC001_2717922754396100.png" target="_blank" >[ScreenShot]</a></div>
<div class="test-message">&emsp;
</div>
<div class="test-message">&emsp;29. URL is : https://www.i-car.com/product/honda-and-acura-restraints-collision-repair</div>
<div class="test-event"> <font color="maroon"> <small> &emsp; &emsp;--- 04 May 23:06:26 246 - Page URL:: https://www.i-car.com/product/honda-and-acura-restraints-collision-repair</small> </font> </div>
<div class="test-event"> <font color="maroon"> <small> &emsp; &emsp;--- 04 May 23:06:26 246 - <b>0</b> - Page Load Wait: (Sync) - ICar.support.Utils.waitForPageLoad(Utils.java:109)</small> </font> </div>
<div class="test-message">&emsp;Successfully navigated to the :  https://www.i-car.com/product/honda-and-acura-restraints-collision-repair   Page&emsp;<a href=".\ScreenShot\URL_TC001_2717923861420900.png" target="_blank" >[ScreenShot]</a></div>
<div class="test-event"> <font color="maroon"> <small> &emsp; &emsp;--- 04 May 23:06:26 536 - Page URL:: https://www.i-car.com/product/honda-and-acura-restraints-collision-repair</small> </font> </div>
<div class="test-event"> <font color="maroon"> <small> &emsp; &emsp;--- 04 May 23:06:26 536 - <b>0</b> - Page Load Wait: (Sync) - ICar.support.Utils.waitForPageLoad(Utils.java:109)</small> </font> </div>
<div class="test-event"> <font color="maroon"> <small> &emsp; &emsp;--- 04 May 23:06:26 546 - Catched spinner load exception due to javascript error: {"status":32,"value":"An invalid or illegal selector was specified"}
  (Session info: chrome=124.0.6367.92)
Build info: version: '4.6.0', revision: '79f1c02ae20'
System info: os.name: 'Windows 10', os.arch: 'amd64', os.version: '10.0', java.version: '17.0.7'
Driver info: org.openqa.selenium.chrome.ChromeDriver
Command: [2cf28825ea7a8a419a5b05b8e5d35d84, findElement {using=css selector, value=div[class='slds-spinner slds-spinner_brand slds-spinner_small']>div:nth-child(2)r}]
Capabilities {acceptInsecureCerts: false, browserName: chrome, browserVersion: 124.0.6367.92, chrome: {chromedriverVersion: 124.0.6367.91 (51df0e5e17a8..., userDataDir: C:\Users\PRATHA~1.KUM\AppDa...}, fedcm:accounts: true, goog:chromeOptions: {debuggerAddress: localhost:49451}, networkConnectionEnabled: false, pageLoadStrategy: normal, platformName: WINDOWS, proxy: Proxy(), se:cdp: ws://localhost:49451/devtoo..., se:cdpVersion: 124.0.6367.92, setWindowRect: true, strictFileInteractability: false, timeouts: {implicit: 0, pageLoad: 300000, script: 30000}, unhandledPromptBehavior: dismiss and notify, webauthn:extension:credBlob: true, webauthn:extension:largeBlob: true, webauthn:extension:minPinLength: true, webauthn:extension:prf: true, webauthn:virtualAuthenticators: true}
Session ID: 2cf28825ea7a8a419a5b05b8e5d35d84</small> </font> </div>
<div class="test-event"> <font color="maroon"> <small> &emsp; &emsp;--- 04 May 23:06:26 546 - <b>0</b> - Spinner Load Wait: (Sync) - ICar.support.WaitUtils.waitForSpinner(WaitUtils.java:225)</small> </font> </div>
<div class="test-event"> <font color="maroon"> <small> &emsp; &emsp;--- 04 May 23:06:36 649 - Page URL:: https://www.i-car.com/product/honda-and-acura-restraints-collision-repair</small> </font> </div>
<div class="test-event"> <font color="maroon"> <small> &emsp; &emsp;--- 04 May 23:06:36 649 - <b>0</b> - Page Load Wait: (Sync) - ICar.support.Utils.waitForPageLoad(Utils.java:109)</small> </font> </div>
<div class="test-event"> <font color="maroon"> <small> &emsp; &emsp;--- 04 May 23:06:36 669 - Element is displayed:: [[ChromeDriver: chrome on WINDOWS (2cf28825ea7a8a419a5b05b8e5d35d84)] -> xpath: //a[contains(text(),'Back to Courses')]]</small> </font> </div>
<div class="test-event"> <font color="maroon"> <small> &emsp; &emsp;--- 04 May 23:06:43 713 - Catched spinner load exception due to javascript error: {"status":32,"value":"An invalid or illegal selector was specified"}
  (Session info: chrome=124.0.6367.92)
Build info: version: '4.6.0', revision: '79f1c02ae20'
System info: os.name: 'Windows 10', os.arch: 'amd64', os.version: '10.0', java.version: '17.0.7'
Driver info: org.openqa.selenium.chrome.ChromeDriver
Command: [2cf28825ea7a8a419a5b05b8e5d35d84, findElement {using=css selector, value=div[class='slds-spinner slds-spinner_brand slds-spinner_small']>div:nth-child(2)r}]
Capabilities {acceptInsecureCerts: false, browserName: chrome, browserVersion: 124.0.6367.92, chrome: {chromedriverVersion: 124.0.6367.91 (51df0e5e17a8..., userDataDir: C:\Users\PRATHA~1.KUM\AppDa...}, fedcm:accounts: true, goog:chromeOptions: {debuggerAddress: localhost:49451}, networkConnectionEnabled: false, pageLoadStrategy: normal, platformName: WINDOWS, proxy: Proxy(), se:cdp: ws://localhost:49451/devtoo..., se:cdpVersion: 124.0.6367.92, setWindowRect: true, strictFileInteractability: false, timeouts: {implicit: 0, pageLoad: 300000, script: 30000}, unhandledPromptBehavior: dismiss and notify, webauthn:extension:credBlob: true, webauthn:extension:largeBlob: true, webauthn:extension:minPinLength: true, webauthn:extension:prf: true, webauthn:virtualAuthenticators: true}
Session ID: 2cf28825ea7a8a419a5b05b8e5d35d84</small> </font> </div>
<div class="test-event"> <font color="maroon"> <small> &emsp; &emsp;--- 04 May 23:06:43 713 - <b>0</b> - Spinner Load Wait: (Sync) - ICar.support.WaitUtils.waitForSpinner(WaitUtils.java:225)</small> </font> </div>
<div class="test-message">&emsp;Back To Courses is displayed in the page </div>
<div class="test-message">&emsp;Successfully verified Back To Course Link&emsp;<a href=".\ScreenShot\URL_TC001_2717941350164400.png" target="_blank" >[ScreenShot]</a></div>
<div class="test-event"> <font color="maroon"> <small> &emsp; &emsp;--- 04 May 23:06:44 128 - Catched spinner load exception due to javascript error: {"status":32,"value":"An invalid or illegal selector was specified"}
  (Session info: chrome=124.0.6367.92)
Build info: version: '4.6.0', revision: '79f1c02ae20'
System info: os.name: 'Windows 10', os.arch: 'amd64', os.version: '10.0', java.version: '17.0.7'
Driver info: org.openqa.selenium.chrome.ChromeDriver
Command: [2cf28825ea7a8a419a5b05b8e5d35d84, findElement {using=css selector, value=div[class='slds-spinner slds-spinner_brand slds-spinner_small']>div:nth-child(2)r}]
Capabilities {acceptInsecureCerts: false, browserName: chrome, browserVersion: 124.0.6367.92, chrome: {chromedriverVersion: 124.0.6367.91 (51df0e5e17a8..., userDataDir: C:\Users\PRATHA~1.KUM\AppDa...}, fedcm:accounts: true, goog:chromeOptions: {debuggerAddress: localhost:49451}, networkConnectionEnabled: false, pageLoadStrategy: normal, platformName: WINDOWS, proxy: Proxy(), se:cdp: ws://localhost:49451/devtoo..., se:cdpVersion: 124.0.6367.92, setWindowRect: true, strictFileInteractability: false, timeouts: {implicit: 0, pageLoad: 300000, script: 30000}, unhandledPromptBehavior: dismiss and notify, webauthn:extension:credBlob: true, webauthn:extension:largeBlob: true, webauthn:extension:minPinLength: true, webauthn:extension:prf: true, webauthn:virtualAuthenticators: true}
Session ID: 2cf28825ea7a8a419a5b05b8e5d35d84</small> </font> </div>
<div class="test-event"> <font color="maroon"> <small> &emsp; &emsp;--- 04 May 23:06:44 128 - <b>0</b> - Spinner Load Wait: (Sync) - ICar.support.WaitUtils.waitForSpinner(WaitUtils.java:225)</small> </font> </div>
<div class="test-event"> <font color="maroon"> <small> &emsp; &emsp;--- 04 May 23:06:44 191 - Page URL:: https://www.i-car.com/product/honda-and-acura-restraints-collision-repair</small> </font> </div>
<div class="test-event"> <font color="maroon"> <small> &emsp; &emsp;--- 04 May 23:06:44 191 - <b>0</b> - Page Load Wait: (Sync) - ICar.support.Utils.waitForPageLoad(Utils.java:109)</small> </font> </div>
<div class="test-event"> <font color="maroon"> <small> &emsp; &emsp;--- 04 May 23:06:54 274 - Element is displayed:: [[ChromeDriver: chrome on WINDOWS (2cf28825ea7a8a419a5b05b8e5d35d84)] -> xpath: //div[@class='productDetails slds-p-bottom_large']//div[contains(@class,'slds-p-bottom_medium')]]</small> </font> </div>
<div class="test-message">&emsp;Course Name : HondaandAcuraRestraintsCollisionRepair is displayed in the URL page</div>
<div class="test-message">&emsp;Successfully verified the course name for relevant link&emsp;<a href=".\ScreenShot\URL_TC001_2717959908852000.png" target="_blank" >[ScreenShot]</a></div>
<div class="test-message">&emsp;
</div>
<div class="test-message">&emsp;30. URL is : https://www.i-car.com/product/windshields-and-advanced-driver-assist-systems-adas</div>
<div class="test-event"> <font color="maroon"> <small> &emsp; &emsp;--- 04 May 23:07:03 413 - Page URL:: https://www.i-car.com/product/windshields-and-advanced-driver-assist-systems-adas</small> </font> </div>
<div class="test-event"> <font color="maroon"> <small> &emsp; &emsp;--- 04 May 23:07:03 413 - <b>0</b> - Page Load Wait: (Sync) - ICar.support.Utils.waitForPageLoad(Utils.java:109)</small> </font> </div>
<div class="test-message">&emsp;Successfully navigated to the :  https://www.i-car.com/product/windshields-and-advanced-driver-assist-systems-adas   Page&emsp;<a href=".\ScreenShot\URL_TC001_2717961027844500.png" target="_blank" >[ScreenShot]</a></div>
<div class="test-event"> <font color="maroon"> <small> &emsp; &emsp;--- 04 May 23:07:03 668 - Page URL:: https://www.i-car.com/product/windshields-and-advanced-driver-assist-systems-adas</small> </font> </div>
<div class="test-event"> <font color="maroon"> <small> &emsp; &emsp;--- 04 May 23:07:03 668 - <b>0</b> - Page Load Wait: (Sync) - ICar.support.Utils.waitForPageLoad(Utils.java:109)</small> </font> </div>
<div class="test-event"> <font color="maroon"> <small> &emsp; &emsp;--- 04 May 23:07:03 676 - Catched spinner load exception due to javascript error: {"status":32,"value":"An invalid or illegal selector was specified"}
  (Session info: chrome=124.0.6367.92)
Build info: version: '4.6.0', revision: '79f1c02ae20'
System info: os.name: 'Windows 10', os.arch: 'amd64', os.version: '10.0', java.version: '17.0.7'
Driver info: org.openqa.selenium.chrome.ChromeDriver
Command: [2cf28825ea7a8a419a5b05b8e5d35d84, findElement {using=css selector, value=div[class='slds-spinner slds-spinner_brand slds-spinner_small']>div:nth-child(2)r}]
Capabilities {acceptInsecureCerts: false, browserName: chrome, browserVersion: 124.0.6367.92, chrome: {chromedriverVersion: 124.0.6367.91 (51df0e5e17a8..., userDataDir: C:\Users\PRATHA~1.KUM\AppDa...}, fedcm:accounts: true, goog:chromeOptions: {debuggerAddress: localhost:49451}, networkConnectionEnabled: false, pageLoadStrategy: normal, platformName: WINDOWS, proxy: Proxy(), se:cdp: ws://localhost:49451/devtoo..., se:cdpVersion: 124.0.6367.92, setWindowRect: true, strictFileInteractability: false, timeouts: {implicit: 0, pageLoad: 300000, script: 30000}, unhandledPromptBehavior: dismiss and notify, webauthn:extension:credBlob: true, webauthn:extension:largeBlob: true, webauthn:extension:minPinLength: true, webauthn:extension:prf: true, webauthn:virtualAuthenticators: true}
Session ID: 2cf28825ea7a8a419a5b05b8e5d35d84</small> </font> </div>
<div class="test-event"> <font color="maroon"> <small> &emsp; &emsp;--- 04 May 23:07:03 676 - <b>0</b> - Spinner Load Wait: (Sync) - ICar.support.WaitUtils.waitForSpinner(WaitUtils.java:225)</small> </font> </div>
<div class="test-event"> <font color="maroon"> <small> &emsp; &emsp;--- 04 May 23:07:13 753 - Page URL:: https://www.i-car.com/product/windshields-and-advanced-driver-assist-systems-adas</small> </font> </div>
<div class="test-event"> <font color="maroon"> <small> &emsp; &emsp;--- 04 May 23:07:13 753 - <b>0</b> - Page Load Wait: (Sync) - ICar.support.Utils.waitForPageLoad(Utils.java:109)</small> </font> </div>
<div class="test-event"> <font color="maroon"> <small> &emsp; &emsp;--- 04 May 23:07:13 770 - Element is displayed:: [[ChromeDriver: chrome on WINDOWS (2cf28825ea7a8a419a5b05b8e5d35d84)] -> xpath: //a[contains(text(),'Back to Courses')]]</small> </font> </div>
<div class="test-event"> <font color="maroon"> <small> &emsp; &emsp;--- 04 May 23:07:20 799 - Catched spinner load exception due to javascript error: {"status":32,"value":"An invalid or illegal selector was specified"}
  (Session info: chrome=124.0.6367.92)
Build info: version: '4.6.0', revision: '79f1c02ae20'
System info: os.name: 'Windows 10', os.arch: 'amd64', os.version: '10.0', java.version: '17.0.7'
Driver info: org.openqa.selenium.chrome.ChromeDriver
Command: [2cf28825ea7a8a419a5b05b8e5d35d84, findElement {using=css selector, value=div[class='slds-spinner slds-spinner_brand slds-spinner_small']>div:nth-child(2)r}]
Capabilities {acceptInsecureCerts: false, browserName: chrome, browserVersion: 124.0.6367.92, chrome: {chromedriverVersion: 124.0.6367.91 (51df0e5e17a8..., userDataDir: C:\Users\PRATHA~1.KUM\AppDa...}, fedcm:accounts: true, goog:chromeOptions: {debuggerAddress: localhost:49451}, networkConnectionEnabled: false, pageLoadStrategy: normal, platformName: WINDOWS, proxy: Proxy(), se:cdp: ws://localhost:49451/devtoo..., se:cdpVersion: 124.0.6367.92, setWindowRect: true, strictFileInteractability: false, timeouts: {implicit: 0, pageLoad: 300000, script: 30000}, unhandledPromptBehavior: dismiss and notify, webauthn:extension:credBlob: true, webauthn:extension:largeBlob: true, webauthn:extension:minPinLength: true, webauthn:extension:prf: true, webauthn:virtualAuthenticators: true}
Session ID: 2cf28825ea7a8a419a5b05b8e5d35d84</small> </font> </div>
<div class="test-event"> <font color="maroon"> <small> &emsp; &emsp;--- 04 May 23:07:20 799 - <b>0</b> - Spinner Load Wait: (Sync) - ICar.support.WaitUtils.waitForSpinner(WaitUtils.java:225)</small> </font> </div>
<div class="test-message">&emsp;Back To Courses is displayed in the page </div>
<div class="test-message">&emsp;Successfully verified Back To Course Link&emsp;<a href=".\ScreenShot\URL_TC001_2717978424368900.png" target="_blank" >[ScreenShot]</a></div>
<div class="test-event"> <font color="maroon"> <small> &emsp; &emsp;--- 04 May 23:07:21 078 - Catched spinner load exception due to javascript error: {"status":32,"value":"An invalid or illegal selector was specified"}
  (Session info: chrome=124.0.6367.92)
Build info: version: '4.6.0', revision: '79f1c02ae20'
System info: os.name: 'Windows 10', os.arch: 'amd64', os.version: '10.0', java.version: '17.0.7'
Driver info: org.openqa.selenium.chrome.ChromeDriver
Command: [2cf28825ea7a8a419a5b05b8e5d35d84, findElement {using=css selector, value=div[class='slds-spinner slds-spinner_brand slds-spinner_small']>div:nth-child(2)r}]
Capabilities {acceptInsecureCerts: false, browserName: chrome, browserVersion: 124.0.6367.92, chrome: {chromedriverVersion: 124.0.6367.91 (51df0e5e17a8..., userDataDir: C:\Users\PRATHA~1.KUM\AppDa...}, fedcm:accounts: true, goog:chromeOptions: {debuggerAddress: localhost:49451}, networkConnectionEnabled: false, pageLoadStrategy: normal, platformName: WINDOWS, proxy: Proxy(), se:cdp: ws://localhost:49451/devtoo..., se:cdpVersion: 124.0.6367.92, setWindowRect: true, strictFileInteractability: false, timeouts: {implicit: 0, pageLoad: 300000, script: 30000}, unhandledPromptBehavior: dismiss and notify, webauthn:extension:credBlob: true, webauthn:extension:largeBlob: true, webauthn:extension:minPinLength: true, webauthn:extension:prf: true, webauthn:virtualAuthenticators: true}
Session ID: 2cf28825ea7a8a419a5b05b8e5d35d84</small> </font> </div>
<div class="test-event"> <font color="maroon"> <small> &emsp; &emsp;--- 04 May 23:07:21 078 - <b>0</b> - Spinner Load Wait: (Sync) - ICar.support.WaitUtils.waitForSpinner(WaitUtils.java:225)</small> </font> </div>
<div class="test-event"> <font color="maroon"> <small> &emsp; &emsp;--- 04 May 23:07:21 141 - Page URL:: https://www.i-car.com/product/windshields-and-advanced-driver-assist-systems-adas</small> </font> </div>
<div class="test-event"> <font color="maroon"> <small> &emsp; &emsp;--- 04 May 23:07:21 141 - <b>0</b> - Page Load Wait: (Sync) - ICar.support.Utils.waitForPageLoad(Utils.java:109)</small> </font> </div>
<div class="test-event"> <font color="maroon"> <small> &emsp; &emsp;--- 04 May 23:07:31 194 - Element is displayed:: [[ChromeDriver: chrome on WINDOWS (2cf28825ea7a8a419a5b05b8e5d35d84)] -> xpath: //div[@class='productDetails slds-p-bottom_large']//div[contains(@class,'slds-p-bottom_medium')]]</small> </font> </div>
<div class="test-message">&emsp;Course Name : WindshieldsandAdvancedDriverAssistSystemsADAS is displayed in the URL page</div>
<div class="test-message">&emsp;Successfully verified the course name for relevant link&emsp;<a href=".\ScreenShot\URL_TC001_2717996842577600.png" target="_blank" >[ScreenShot]</a></div>
<div class="test-message">&emsp;
</div>
<div class="test-message">&emsp;31. URL is : https://www.i-car.com/product/honda-and-acura-electrical-collision-repair</div>
<div class="test-event"> <font color="maroon"> <small> &emsp; &emsp;--- 04 May 23:07:40 388 - Page URL:: https://www.i-car.com/product/honda-and-acura-electrical-collision-repair</small> </font> </div>
<div class="test-event"> <font color="maroon"> <small> &emsp; &emsp;--- 04 May 23:07:40 388 - <b>0</b> - Page Load Wait: (Sync) - ICar.support.Utils.waitForPageLoad(Utils.java:109)</small> </font> </div>
<div class="test-message">&emsp;Successfully navigated to the :  https://www.i-car.com/product/honda-and-acura-electrical-collision-repair   Page&emsp;<a href=".\ScreenShot\URL_TC001_2717998003328600.png" target="_blank" >[ScreenShot]</a></div>
<div class="test-event"> <font color="maroon"> <small> &emsp; &emsp;--- 04 May 23:07:40 678 - Page URL:: https://www.i-car.com/product/honda-and-acura-electrical-collision-repair</small> </font> </div>
<div class="test-event"> <font color="maroon"> <small> &emsp; &emsp;--- 04 May 23:07:40 678 - <b>0</b> - Page Load Wait: (Sync) - ICar.support.Utils.waitForPageLoad(Utils.java:109)</small> </font> </div>
<div class="test-event"> <font color="maroon"> <small> &emsp; &emsp;--- 04 May 23:07:40 685 - Catched spinner load exception due to javascript error: {"status":32,"value":"An invalid or illegal selector was specified"}
  (Session info: chrome=124.0.6367.92)
Build info: version: '4.6.0', revision: '79f1c02ae20'
System info: os.name: 'Windows 10', os.arch: 'amd64', os.version: '10.0', java.version: '17.0.7'
Driver info: org.openqa.selenium.chrome.ChromeDriver
Command: [2cf28825ea7a8a419a5b05b8e5d35d84, findElement {using=css selector, value=div[class='slds-spinner slds-spinner_brand slds-spinner_small']>div:nth-child(2)r}]
Capabilities {acceptInsecureCerts: false, browserName: chrome, browserVersion: 124.0.6367.92, chrome: {chromedriverVersion: 124.0.6367.91 (51df0e5e17a8..., userDataDir: C:\Users\PRATHA~1.KUM\AppDa...}, fedcm:accounts: true, goog:chromeOptions: {debuggerAddress: localhost:49451}, networkConnectionEnabled: false, pageLoadStrategy: normal, platformName: WINDOWS, proxy: Proxy(), se:cdp: ws://localhost:49451/devtoo..., se:cdpVersion: 124.0.6367.92, setWindowRect: true, strictFileInteractability: false, timeouts: {implicit: 0, pageLoad: 300000, script: 30000}, unhandledPromptBehavior: dismiss and notify, webauthn:extension:credBlob: true, webauthn:extension:largeBlob: true, webauthn:extension:minPinLength: true, webauthn:extension:prf: true, webauthn:virtualAuthenticators: true}
Session ID: 2cf28825ea7a8a419a5b05b8e5d35d84</small> </font> </div>
<div class="test-event"> <font color="maroon"> <small> &emsp; &emsp;--- 04 May 23:07:40 685 - <b>0</b> - Spinner Load Wait: (Sync) - ICar.support.WaitUtils.waitForSpinner(WaitUtils.java:225)</small> </font> </div>
<div class="test-event"> <font color="maroon"> <small> &emsp; &emsp;--- 04 May 23:07:50 766 - Page URL:: https://www.i-car.com/product/honda-and-acura-electrical-collision-repair</small> </font> </div>
<div class="test-event"> <font color="maroon"> <small> &emsp; &emsp;--- 04 May 23:07:50 766 - <b>0</b> - Page Load Wait: (Sync) - ICar.support.Utils.waitForPageLoad(Utils.java:109)</small> </font> </div>
<div class="test-event"> <font color="maroon"> <small> &emsp; &emsp;--- 04 May 23:07:50 784 - Element is displayed:: [[ChromeDriver: chrome on WINDOWS (2cf28825ea7a8a419a5b05b8e5d35d84)] -> xpath: //a[contains(text(),'Back to Courses')]]</small> </font> </div>
<div class="test-event"> <font color="maroon"> <small> &emsp; &emsp;--- 04 May 23:07:57 805 - Catched spinner load exception due to javascript error: {"status":32,"value":"An invalid or illegal selector was specified"}
  (Session info: chrome=124.0.6367.92)
Build info: version: '4.6.0', revision: '79f1c02ae20'
System info: os.name: 'Windows 10', os.arch: 'amd64', os.version: '10.0', java.version: '17.0.7'
Driver info: org.openqa.selenium.chrome.ChromeDriver
Command: [2cf28825ea7a8a419a5b05b8e5d35d84, findElement {using=css selector, value=div[class='slds-spinner slds-spinner_brand slds-spinner_small']>div:nth-child(2)r}]
Capabilities {acceptInsecureCerts: false, browserName: chrome, browserVersion: 124.0.6367.92, chrome: {chromedriverVersion: 124.0.6367.91 (51df0e5e17a8..., userDataDir: C:\Users\PRATHA~1.KUM\AppDa...}, fedcm:accounts: true, goog:chromeOptions: {debuggerAddress: localhost:49451}, networkConnectionEnabled: false, pageLoadStrategy: normal, platformName: WINDOWS, proxy: Proxy(), se:cdp: ws://localhost:49451/devtoo..., se:cdpVersion: 124.0.6367.92, setWindowRect: true, strictFileInteractability: false, timeouts: {implicit: 0, pageLoad: 300000, script: 30000}, unhandledPromptBehavior: dismiss and notify, webauthn:extension:credBlob: true, webauthn:extension:largeBlob: true, webauthn:extension:minPinLength: true, webauthn:extension:prf: true, webauthn:virtualAuthenticators: true}
Session ID: 2cf28825ea7a8a419a5b05b8e5d35d84</small> </font> </div>
<div class="test-event"> <font color="maroon"> <small> &emsp; &emsp;--- 04 May 23:07:57 805 - <b>0</b> - Spinner Load Wait: (Sync) - ICar.support.WaitUtils.waitForSpinner(WaitUtils.java:225)</small> </font> </div>
<div class="test-message">&emsp;Back To Courses is displayed in the page </div>
<div class="test-message">&emsp;Successfully verified Back To Course Link&emsp;<a href=".\ScreenShot\URL_TC001_2718015429700800.png" target="_blank" >[ScreenShot]</a></div>
<div class="test-event"> <font color="maroon"> <small> &emsp; &emsp;--- 04 May 23:07:58 134 - Catched spinner load exception due to javascript error: {"status":32,"value":"An invalid or illegal selector was specified"}
  (Session info: chrome=124.0.6367.92)
Build info: version: '4.6.0', revision: '79f1c02ae20'
System info: os.name: 'Windows 10', os.arch: 'amd64', os.version: '10.0', java.version: '17.0.7'
Driver info: org.openqa.selenium.chrome.ChromeDriver
Command: [2cf28825ea7a8a419a5b05b8e5d35d84, findElement {using=css selector, value=div[class='slds-spinner slds-spinner_brand slds-spinner_small']>div:nth-child(2)r}]
Capabilities {acceptInsecureCerts: false, browserName: chrome, browserVersion: 124.0.6367.92, chrome: {chromedriverVersion: 124.0.6367.91 (51df0e5e17a8..., userDataDir: C:\Users\PRATHA~1.KUM\AppDa...}, fedcm:accounts: true, goog:chromeOptions: {debuggerAddress: localhost:49451}, networkConnectionEnabled: false, pageLoadStrategy: normal, platformName: WINDOWS, proxy: Proxy(), se:cdp: ws://localhost:49451/devtoo..., se:cdpVersion: 124.0.6367.92, setWindowRect: true, strictFileInteractability: false, timeouts: {implicit: 0, pageLoad: 300000, script: 30000}, unhandledPromptBehavior: dismiss and notify, webauthn:extension:credBlob: true, webauthn:extension:largeBlob: true, webauthn:extension:minPinLength: true, webauthn:extension:prf: true, webauthn:virtualAuthenticators: true}
Session ID: 2cf28825ea7a8a419a5b05b8e5d35d84</small> </font> </div>
<div class="test-event"> <font color="maroon"> <small> &emsp; &emsp;--- 04 May 23:07:58 135 - <b>0</b> - Spinner Load Wait: (Sync) - ICar.support.WaitUtils.waitForSpinner(WaitUtils.java:225)</small> </font> </div>
<div class="test-event"> <font color="maroon"> <small> &emsp; &emsp;--- 04 May 23:07:58 199 - Page URL:: https://www.i-car.com/product/honda-and-acura-electrical-collision-repair</small> </font> </div>
<div class="test-event"> <font color="maroon"> <small> &emsp; &emsp;--- 04 May 23:07:58 199 - <b>0</b> - Page Load Wait: (Sync) - ICar.support.Utils.waitForPageLoad(Utils.java:109)</small> </font> </div>
<div class="test-event"> <font color="maroon"> <small> &emsp; &emsp;--- 04 May 23:08:08 258 - Element is displayed:: [[ChromeDriver: chrome on WINDOWS (2cf28825ea7a8a419a5b05b8e5d35d84)] -> xpath: //div[@class='productDetails slds-p-bottom_large']//div[contains(@class,'slds-p-bottom_medium')]]</small> </font> </div>
<div class="test-message">&emsp;Course Name : HondaandAcuraElectricalCollisionRepair is displayed in the URL page</div>
<div class="test-message">&emsp;Successfully verified the course name for relevant link&emsp;<a href=".\ScreenShot\URL_TC001_2718033889812000.png" target="_blank" >[ScreenShot]</a></div>
<div class="test-message">&emsp;
</div>
<div class="test-message">&emsp;32. URL is : https://www.i-car.com/product/portable-measuring-systems-for-damage-analysis</div>
<div class="test-event"> <font color="maroon"> <small> &emsp; &emsp;--- 04 May 23:08:17 702 - Page URL:: https://www.i-car.com/product/portable-measuring-systems-for-damage-analysis</small> </font> </div>
<div class="test-event"> <font color="maroon"> <small> &emsp; &emsp;--- 04 May 23:08:17 702 - <b>0</b> - Page Load Wait: (Sync) - ICar.support.Utils.waitForPageLoad(Utils.java:109)</small> </font> </div>
<div class="test-message">&emsp;Successfully navigated to the :  https://www.i-car.com/product/portable-measuring-systems-for-damage-analysis   Page&emsp;<a href=".\ScreenShot\URL_TC001_2718035317802200.png" target="_blank" >[ScreenShot]</a></div>
<div class="test-event"> <font color="maroon"> <small> &emsp; &emsp;--- 04 May 23:08:17 951 - Page URL:: https://www.i-car.com/product/portable-measuring-systems-for-damage-analysis</small> </font> </div>
<div class="test-event"> <font color="maroon"> <small> &emsp; &emsp;--- 04 May 23:08:17 951 - <b>0</b> - Page Load Wait: (Sync) - ICar.support.Utils.waitForPageLoad(Utils.java:109)</small> </font> </div>
<div class="test-event"> <font color="maroon"> <small> &emsp; &emsp;--- 04 May 23:08:17 958 - Catched spinner load exception due to javascript error: {"status":32,"value":"An invalid or illegal selector was specified"}
  (Session info: chrome=124.0.6367.92)
Build info: version: '4.6.0', revision: '79f1c02ae20'
System info: os.name: 'Windows 10', os.arch: 'amd64', os.version: '10.0', java.version: '17.0.7'
Driver info: org.openqa.selenium.chrome.ChromeDriver
Command: [2cf28825ea7a8a419a5b05b8e5d35d84, findElement {using=css selector, value=div[class='slds-spinner slds-spinner_brand slds-spinner_small']>div:nth-child(2)r}]
Capabilities {acceptInsecureCerts: false, browserName: chrome, browserVersion: 124.0.6367.92, chrome: {chromedriverVersion: 124.0.6367.91 (51df0e5e17a8..., userDataDir: C:\Users\PRATHA~1.KUM\AppDa...}, fedcm:accounts: true, goog:chromeOptions: {debuggerAddress: localhost:49451}, networkConnectionEnabled: false, pageLoadStrategy: normal, platformName: WINDOWS, proxy: Proxy(), se:cdp: ws://localhost:49451/devtoo..., se:cdpVersion: 124.0.6367.92, setWindowRect: true, strictFileInteractability: false, timeouts: {implicit: 0, pageLoad: 300000, script: 30000}, unhandledPromptBehavior: dismiss and notify, webauthn:extension:credBlob: true, webauthn:extension:largeBlob: true, webauthn:extension:minPinLength: true, webauthn:extension:prf: true, webauthn:virtualAuthenticators: true}
Session ID: 2cf28825ea7a8a419a5b05b8e5d35d84</small> </font> </div>
<div class="test-event"> <font color="maroon"> <small> &emsp; &emsp;--- 04 May 23:08:17 958 - <b>0</b> - Spinner Load Wait: (Sync) - ICar.support.WaitUtils.waitForSpinner(WaitUtils.java:225)</small> </font> </div>
<div class="test-event"> <font color="maroon"> <small> &emsp; &emsp;--- 04 May 23:08:28 039 - Page URL:: https://www.i-car.com/product/portable-measuring-systems-for-damage-analysis</small> </font> </div>
<div class="test-event"> <font color="maroon"> <small> &emsp; &emsp;--- 04 May 23:08:28 040 - <b>0</b> - Page Load Wait: (Sync) - ICar.support.Utils.waitForPageLoad(Utils.java:109)</small> </font> </div>
<div class="test-event"> <font color="maroon"> <small> &emsp; &emsp;--- 04 May 23:08:28 060 - Element is displayed:: [[ChromeDriver: chrome on WINDOWS (2cf28825ea7a8a419a5b05b8e5d35d84)] -> xpath: //a[contains(text(),'Back to Courses')]]</small> </font> </div>
<div class="test-event"> <font color="maroon"> <small> &emsp; &emsp;--- 04 May 23:08:35 088 - Catched spinner load exception due to javascript error: {"status":32,"value":"An invalid or illegal selector was specified"}
  (Session info: chrome=124.0.6367.92)
Build info: version: '4.6.0', revision: '79f1c02ae20'
System info: os.name: 'Windows 10', os.arch: 'amd64', os.version: '10.0', java.version: '17.0.7'
Driver info: org.openqa.selenium.chrome.ChromeDriver
Command: [2cf28825ea7a8a419a5b05b8e5d35d84, findElement {using=css selector, value=div[class='slds-spinner slds-spinner_brand slds-spinner_small']>div:nth-child(2)r}]
Capabilities {acceptInsecureCerts: false, browserName: chrome, browserVersion: 124.0.6367.92, chrome: {chromedriverVersion: 124.0.6367.91 (51df0e5e17a8..., userDataDir: C:\Users\PRATHA~1.KUM\AppDa...}, fedcm:accounts: true, goog:chromeOptions: {debuggerAddress: localhost:49451}, networkConnectionEnabled: false, pageLoadStrategy: normal, platformName: WINDOWS, proxy: Proxy(), se:cdp: ws://localhost:49451/devtoo..., se:cdpVersion: 124.0.6367.92, setWindowRect: true, strictFileInteractability: false, timeouts: {implicit: 0, pageLoad: 300000, script: 30000}, unhandledPromptBehavior: dismiss and notify, webauthn:extension:credBlob: true, webauthn:extension:largeBlob: true, webauthn:extension:minPinLength: true, webauthn:extension:prf: true, webauthn:virtualAuthenticators: true}
Session ID: 2cf28825ea7a8a419a5b05b8e5d35d84</small> </font> </div>
<div class="test-event"> <font color="maroon"> <small> &emsp; &emsp;--- 04 May 23:08:35 088 - <b>0</b> - Spinner Load Wait: (Sync) - ICar.support.WaitUtils.waitForSpinner(WaitUtils.java:225)</small> </font> </div>
<div class="test-message">&emsp;Back To Courses is displayed in the page </div>
<div class="test-message">&emsp;Successfully verified Back To Course Link&emsp;<a href=".\ScreenShot\URL_TC001_2718052713685100.png" target="_blank" >[ScreenShot]</a></div>
<div class="test-event"> <font color="maroon"> <small> &emsp; &emsp;--- 04 May 23:08:35 381 - Catched spinner load exception due to javascript error: {"status":32,"value":"An invalid or illegal selector was specified"}
  (Session info: chrome=124.0.6367.92)
Build info: version: '4.6.0', revision: '79f1c02ae20'
System info: os.name: 'Windows 10', os.arch: 'amd64', os.version: '10.0', java.version: '17.0.7'
Driver info: org.openqa.selenium.chrome.ChromeDriver
Command: [2cf28825ea7a8a419a5b05b8e5d35d84, findElement {using=css selector, value=div[class='slds-spinner slds-spinner_brand slds-spinner_small']>div:nth-child(2)r}]
Capabilities {acceptInsecureCerts: false, browserName: chrome, browserVersion: 124.0.6367.92, chrome: {chromedriverVersion: 124.0.6367.91 (51df0e5e17a8..., userDataDir: C:\Users\PRATHA~1.KUM\AppDa...}, fedcm:accounts: true, goog:chromeOptions: {debuggerAddress: localhost:49451}, networkConnectionEnabled: false, pageLoadStrategy: normal, platformName: WINDOWS, proxy: Proxy(), se:cdp: ws://localhost:49451/devtoo..., se:cdpVersion: 124.0.6367.92, setWindowRect: true, strictFileInteractability: false, timeouts: {implicit: 0, pageLoad: 300000, script: 30000}, unhandledPromptBehavior: dismiss and notify, webauthn:extension:credBlob: true, webauthn:extension:largeBlob: true, webauthn:extension:minPinLength: true, webauthn:extension:prf: true, webauthn:virtualAuthenticators: true}
Session ID: 2cf28825ea7a8a419a5b05b8e5d35d84</small> </font> </div>
<div class="test-event"> <font color="maroon"> <small> &emsp; &emsp;--- 04 May 23:08:35 381 - <b>0</b> - Spinner Load Wait: (Sync) - ICar.support.WaitUtils.waitForSpinner(WaitUtils.java:225)</small> </font> </div>
<div class="test-event"> <font color="maroon"> <small> &emsp; &emsp;--- 04 May 23:08:35 449 - Page URL:: https://www.i-car.com/product/portable-measuring-systems-for-damage-analysis</small> </font> </div>
<div class="test-event"> <font color="maroon"> <small> &emsp; &emsp;--- 04 May 23:08:35 449 - <b>0</b> - Page Load Wait: (Sync) - ICar.support.Utils.waitForPageLoad(Utils.java:109)</small> </font> </div>
<div class="test-event"> <font color="maroon"> <small> &emsp; &emsp;--- 04 May 23:08:45 498 - Element is displayed:: [[ChromeDriver: chrome on WINDOWS (2cf28825ea7a8a419a5b05b8e5d35d84)] -> xpath: //div[@class='productDetails slds-p-bottom_large']//div[contains(@class,'slds-p-bottom_medium')]]</small> </font> </div>
<div class="test-message">&emsp;Course Name : PortableMeasuringSystemsforDamageAnalysis is displayed in the URL page</div>
<div class="test-message">&emsp;Successfully verified the course name for relevant link&emsp;<a href=".\ScreenShot\URL_TC001_2718071133514100.png" target="_blank" >[ScreenShot]</a></div>
<div class="test-message">&emsp;
</div>
<div class="test-message">&emsp;33. URL is : https://www.i-car.com/product/honda-and-acura-ac-collision-repair</div>
<div class="test-event"> <font color="maroon"> <small> &emsp; &emsp;--- 04 May 23:08:54 334 - Page URL:: https://www.i-car.com/product/honda-and-acura-ac-collision-repair</small> </font> </div>
<div class="test-event"> <font color="maroon"> <small> &emsp; &emsp;--- 04 May 23:08:54 334 - <b>0</b> - Page Load Wait: (Sync) - ICar.support.Utils.waitForPageLoad(Utils.java:109)</small> </font> </div>
<div class="test-message">&emsp;Successfully navigated to the :  https://www.i-car.com/product/honda-and-acura-ac-collision-repair   Page&emsp;<a href=".\ScreenShot\URL_TC001_2718071948446200.png" target="_blank" >[ScreenShot]</a></div>
<div class="test-event"> <font color="maroon"> <small> &emsp; &emsp;--- 04 May 23:08:54 599 - Page URL:: https://www.i-car.com/product/honda-and-acura-ac-collision-repair</small> </font> </div>
<div class="test-event"> <font color="maroon"> <small> &emsp; &emsp;--- 04 May 23:08:54 599 - <b>0</b> - Page Load Wait: (Sync) - ICar.support.Utils.waitForPageLoad(Utils.java:109)</small> </font> </div>
<div class="test-event"> <font color="maroon"> <small> &emsp; &emsp;--- 04 May 23:08:54 609 - Catched spinner load exception due to javascript error: {"status":32,"value":"An invalid or illegal selector was specified"}
  (Session info: chrome=124.0.6367.92)
Build info: version: '4.6.0', revision: '79f1c02ae20'
System info: os.name: 'Windows 10', os.arch: 'amd64', os.version: '10.0', java.version: '17.0.7'
Driver info: org.openqa.selenium.chrome.ChromeDriver
Command: [2cf28825ea7a8a419a5b05b8e5d35d84, findElement {using=css selector, value=div[class='slds-spinner slds-spinner_brand slds-spinner_small']>div:nth-child(2)r}]
Capabilities {acceptInsecureCerts: false, browserName: chrome, browserVersion: 124.0.6367.92, chrome: {chromedriverVersion: 124.0.6367.91 (51df0e5e17a8..., userDataDir: C:\Users\PRATHA~1.KUM\AppDa...}, fedcm:accounts: true, goog:chromeOptions: {debuggerAddress: localhost:49451}, networkConnectionEnabled: false, pageLoadStrategy: normal, platformName: WINDOWS, proxy: Proxy(), se:cdp: ws://localhost:49451/devtoo..., se:cdpVersion: 124.0.6367.92, setWindowRect: true, strictFileInteractability: false, timeouts: {implicit: 0, pageLoad: 300000, script: 30000}, unhandledPromptBehavior: dismiss and notify, webauthn:extension:credBlob: true, webauthn:extension:largeBlob: true, webauthn:extension:minPinLength: true, webauthn:extension:prf: true, webauthn:virtualAuthenticators: true}
Session ID: 2cf28825ea7a8a419a5b05b8e5d35d84</small> </font> </div>
<div class="test-event"> <font color="maroon"> <small> &emsp; &emsp;--- 04 May 23:08:54 609 - <b>0</b> - Spinner Load Wait: (Sync) - ICar.support.WaitUtils.waitForSpinner(WaitUtils.java:225)</small> </font> </div>
<div class="test-event"> <font color="maroon"> <small> &emsp; &emsp;--- 04 May 23:09:04 692 - Page URL:: https://www.i-car.com/product/honda-and-acura-ac-collision-repair</small> </font> </div>
<div class="test-event"> <font color="maroon"> <small> &emsp; &emsp;--- 04 May 23:09:04 692 - <b>0</b> - Page Load Wait: (Sync) - ICar.support.Utils.waitForPageLoad(Utils.java:109)</small> </font> </div>
<div class="test-event"> <font color="maroon"> <small> &emsp; &emsp;--- 04 May 23:09:04 709 - Element is displayed:: [[ChromeDriver: chrome on WINDOWS (2cf28825ea7a8a419a5b05b8e5d35d84)] -> xpath: //a[contains(text(),'Back to Courses')]]</small> </font> </div>
<div class="test-event"> <font color="maroon"> <small> &emsp; &emsp;--- 04 May 23:09:11 745 - Catched spinner load exception due to javascript error: {"status":32,"value":"An invalid or illegal selector was specified"}
  (Session info: chrome=124.0.6367.92)
Build info: version: '4.6.0', revision: '79f1c02ae20'
System info: os.name: 'Windows 10', os.arch: 'amd64', os.version: '10.0', java.version: '17.0.7'
Driver info: org.openqa.selenium.chrome.ChromeDriver
Command: [2cf28825ea7a8a419a5b05b8e5d35d84, findElement {using=css selector, value=div[class='slds-spinner slds-spinner_brand slds-spinner_small']>div:nth-child(2)r}]
Capabilities {acceptInsecureCerts: false, browserName: chrome, browserVersion: 124.0.6367.92, chrome: {chromedriverVersion: 124.0.6367.91 (51df0e5e17a8..., userDataDir: C:\Users\PRATHA~1.KUM\AppDa...}, fedcm:accounts: true, goog:chromeOptions: {debuggerAddress: localhost:49451}, networkConnectionEnabled: false, pageLoadStrategy: normal, platformName: WINDOWS, proxy: Proxy(), se:cdp: ws://localhost:49451/devtoo..., se:cdpVersion: 124.0.6367.92, setWindowRect: true, strictFileInteractability: false, timeouts: {implicit: 0, pageLoad: 300000, script: 30000}, unhandledPromptBehavior: dismiss and notify, webauthn:extension:credBlob: true, webauthn:extension:largeBlob: true, webauthn:extension:minPinLength: true, webauthn:extension:prf: true, webauthn:virtualAuthenticators: true}
Session ID: 2cf28825ea7a8a419a5b05b8e5d35d84</small> </font> </div>
<div class="test-event"> <font color="maroon"> <small> &emsp; &emsp;--- 04 May 23:09:11 745 - <b>0</b> - Spinner Load Wait: (Sync) - ICar.support.WaitUtils.waitForSpinner(WaitUtils.java:225)</small> </font> </div>
<div class="test-message">&emsp;Back To Courses is displayed in the page </div>
<div class="test-message">&emsp;Successfully verified Back To Course Link&emsp;<a href=".\ScreenShot\URL_TC001_2718089369510900.png" target="_blank" >[ScreenShot]</a></div>
<div class="test-event"> <font color="maroon"> <small> &emsp; &emsp;--- 04 May 23:09:12 042 - Catched spinner load exception due to javascript error: {"status":32,"value":"An invalid or illegal selector was specified"}
  (Session info: chrome=124.0.6367.92)
Build info: version: '4.6.0', revision: '79f1c02ae20'
System info: os.name: 'Windows 10', os.arch: 'amd64', os.version: '10.0', java.version: '17.0.7'
Driver info: org.openqa.selenium.chrome.ChromeDriver
Command: [2cf28825ea7a8a419a5b05b8e5d35d84, findElement {using=css selector, value=div[class='slds-spinner slds-spinner_brand slds-spinner_small']>div:nth-child(2)r}]
Capabilities {acceptInsecureCerts: false, browserName: chrome, browserVersion: 124.0.6367.92, chrome: {chromedriverVersion: 124.0.6367.91 (51df0e5e17a8..., userDataDir: C:\Users\PRATHA~1.KUM\AppDa...}, fedcm:accounts: true, goog:chromeOptions: {debuggerAddress: localhost:49451}, networkConnectionEnabled: false, pageLoadStrategy: normal, platformName: WINDOWS, proxy: Proxy(), se:cdp: ws://localhost:49451/devtoo..., se:cdpVersion: 124.0.6367.92, setWindowRect: true, strictFileInteractability: false, timeouts: {implicit: 0, pageLoad: 300000, script: 30000}, unhandledPromptBehavior: dismiss and notify, webauthn:extension:credBlob: true, webauthn:extension:largeBlob: true, webauthn:extension:minPinLength: true, webauthn:extension:prf: true, webauthn:virtualAuthenticators: true}
Session ID: 2cf28825ea7a8a419a5b05b8e5d35d84</small> </font> </div>
<div class="test-event"> <font color="maroon"> <small> &emsp; &emsp;--- 04 May 23:09:12 042 - <b>0</b> - Spinner Load Wait: (Sync) - ICar.support.WaitUtils.waitForSpinner(WaitUtils.java:225)</small> </font> </div>
<div class="test-event"> <font color="maroon"> <small> &emsp; &emsp;--- 04 May 23:09:12 110 - Page URL:: https://www.i-car.com/product/honda-and-acura-ac-collision-repair</small> </font> </div>
<div class="test-event"> <font color="maroon"> <small> &emsp; &emsp;--- 04 May 23:09:12 110 - <b>0</b> - Page Load Wait: (Sync) - ICar.support.Utils.waitForPageLoad(Utils.java:109)</small> </font> </div>
<div class="test-event"> <font color="maroon"> <small> &emsp; &emsp;--- 04 May 23:09:22 156 - Element is displayed:: [[ChromeDriver: chrome on WINDOWS (2cf28825ea7a8a419a5b05b8e5d35d84)] -> xpath: //div[@class='productDetails slds-p-bottom_large']//div[contains(@class,'slds-p-bottom_medium')]]</small> </font> </div>
<div class="test-message">&emsp;Course Name : HondaandAcuraACCollisionRepair is displayed in the URL page</div>
<div class="test-message">&emsp;Successfully verified the course name for relevant link&emsp;<a href=".\ScreenShot\URL_TC001_2718107795197400.png" target="_blank" >[ScreenShot]</a></div>
<div class="test-message">&emsp;
</div>
<div class="test-message">&emsp;34. URL is : https://www.i-car.com/product/honda-and-acura-tpms-collision-repair</div>
<div class="test-event"> <font color="maroon"> <small> &emsp; &emsp;--- 04 May 23:09:31 246 - Page URL:: https://www.i-car.com/product/honda-and-acura-tpms-collision-repair</small> </font> </div>
<div class="test-event"> <font color="maroon"> <small> &emsp; &emsp;--- 04 May 23:09:31 246 - <b>0</b> - Page Load Wait: (Sync) - ICar.support.Utils.waitForPageLoad(Utils.java:109)</small> </font> </div>
<div class="test-message">&emsp;Successfully navigated to the :  https://www.i-car.com/product/honda-and-acura-tpms-collision-repair   Page&emsp;<a href=".\ScreenShot\URL_TC001_2718108860997700.png" target="_blank" >[ScreenShot]</a></div>
<div class="test-event"> <font color="maroon"> <small> &emsp; &emsp;--- 04 May 23:09:31 517 - Page URL:: https://www.i-car.com/product/honda-and-acura-tpms-collision-repair</small> </font> </div>
<div class="test-event"> <font color="maroon"> <small> &emsp; &emsp;--- 04 May 23:09:31 517 - <b>0</b> - Page Load Wait: (Sync) - ICar.support.Utils.waitForPageLoad(Utils.java:109)</small> </font> </div>
<div class="test-event"> <font color="maroon"> <small> &emsp; &emsp;--- 04 May 23:09:31 525 - Catched spinner load exception due to javascript error: {"status":32,"value":"An invalid or illegal selector was specified"}
  (Session info: chrome=124.0.6367.92)
Build info: version: '4.6.0', revision: '79f1c02ae20'
System info: os.name: 'Windows 10', os.arch: 'amd64', os.version: '10.0', java.version: '17.0.7'
Driver info: org.openqa.selenium.chrome.ChromeDriver
Command: [2cf28825ea7a8a419a5b05b8e5d35d84, findElement {using=css selector, value=div[class='slds-spinner slds-spinner_brand slds-spinner_small']>div:nth-child(2)r}]
Capabilities {acceptInsecureCerts: false, browserName: chrome, browserVersion: 124.0.6367.92, chrome: {chromedriverVersion: 124.0.6367.91 (51df0e5e17a8..., userDataDir: C:\Users\PRATHA~1.KUM\AppDa...}, fedcm:accounts: true, goog:chromeOptions: {debuggerAddress: localhost:49451}, networkConnectionEnabled: false, pageLoadStrategy: normal, platformName: WINDOWS, proxy: Proxy(), se:cdp: ws://localhost:49451/devtoo..., se:cdpVersion: 124.0.6367.92, setWindowRect: true, strictFileInteractability: false, timeouts: {implicit: 0, pageLoad: 300000, script: 30000}, unhandledPromptBehavior: dismiss and notify, webauthn:extension:credBlob: true, webauthn:extension:largeBlob: true, webauthn:extension:minPinLength: true, webauthn:extension:prf: true, webauthn:virtualAuthenticators: true}
Session ID: 2cf28825ea7a8a419a5b05b8e5d35d84</small> </font> </div>
<div class="test-event"> <font color="maroon"> <small> &emsp; &emsp;--- 04 May 23:09:31 525 - <b>0</b> - Spinner Load Wait: (Sync) - ICar.support.WaitUtils.waitForSpinner(WaitUtils.java:225)</small> </font> </div>
<div class="test-event"> <font color="maroon"> <small> &emsp; &emsp;--- 04 May 23:09:41 621 - Page URL:: https://www.i-car.com/product/honda-and-acura-tpms-collision-repair</small> </font> </div>
<div class="test-event"> <font color="maroon"> <small> &emsp; &emsp;--- 04 May 23:09:41 621 - <b>0</b> - Page Load Wait: (Sync) - ICar.support.Utils.waitForPageLoad(Utils.java:109)</small> </font> </div>
<div class="test-event"> <font color="maroon"> <small> &emsp; &emsp;--- 04 May 23:09:41 642 - Element is displayed:: [[ChromeDriver: chrome on WINDOWS (2cf28825ea7a8a419a5b05b8e5d35d84)] -> xpath: //a[contains(text(),'Back to Courses')]]</small> </font> </div>
<div class="test-event"> <font color="maroon"> <small> &emsp; &emsp;--- 04 May 23:09:48 668 - Catched spinner load exception due to javascript error: {"status":32,"value":"An invalid or illegal selector was specified"}
  (Session info: chrome=124.0.6367.92)
Build info: version: '4.6.0', revision: '79f1c02ae20'
System info: os.name: 'Windows 10', os.arch: 'amd64', os.version: '10.0', java.version: '17.0.7'
Driver info: org.openqa.selenium.chrome.ChromeDriver
Command: [2cf28825ea7a8a419a5b05b8e5d35d84, findElement {using=css selector, value=div[class='slds-spinner slds-spinner_brand slds-spinner_small']>div:nth-child(2)r}]
Capabilities {acceptInsecureCerts: false, browserName: chrome, browserVersion: 124.0.6367.92, chrome: {chromedriverVersion: 124.0.6367.91 (51df0e5e17a8..., userDataDir: C:\Users\PRATHA~1.KUM\AppDa...}, fedcm:accounts: true, goog:chromeOptions: {debuggerAddress: localhost:49451}, networkConnectionEnabled: false, pageLoadStrategy: normal, platformName: WINDOWS, proxy: Proxy(), se:cdp: ws://localhost:49451/devtoo..., se:cdpVersion: 124.0.6367.92, setWindowRect: true, strictFileInteractability: false, timeouts: {implicit: 0, pageLoad: 300000, script: 30000}, unhandledPromptBehavior: dismiss and notify, webauthn:extension:credBlob: true, webauthn:extension:largeBlob: true, webauthn:extension:minPinLength: true, webauthn:extension:prf: true, webauthn:virtualAuthenticators: true}
Session ID: 2cf28825ea7a8a419a5b05b8e5d35d84</small> </font> </div>
<div class="test-event"> <font color="maroon"> <small> &emsp; &emsp;--- 04 May 23:09:48 668 - <b>0</b> - Spinner Load Wait: (Sync) - ICar.support.WaitUtils.waitForSpinner(WaitUtils.java:225)</small> </font> </div>
<div class="test-message">&emsp;Back To Courses is displayed in the page </div>
<div class="test-message">&emsp;Successfully verified Back To Course Link&emsp;<a href=".\ScreenShot\URL_TC001_2718126293135200.png" target="_blank" >[ScreenShot]</a></div>
<div class="test-event"> <font color="maroon"> <small> &emsp; &emsp;--- 04 May 23:09:49 067 - Catched spinner load exception due to javascript error: {"status":32,"value":"An invalid or illegal selector was specified"}
  (Session info: chrome=124.0.6367.92)
Build info: version: '4.6.0', revision: '79f1c02ae20'
System info: os.name: 'Windows 10', os.arch: 'amd64', os.version: '10.0', java.version: '17.0.7'
Driver info: org.openqa.selenium.chrome.ChromeDriver
Command: [2cf28825ea7a8a419a5b05b8e5d35d84, findElement {using=css selector, value=div[class='slds-spinner slds-spinner_brand slds-spinner_small']>div:nth-child(2)r}]
Capabilities {acceptInsecureCerts: false, browserName: chrome, browserVersion: 124.0.6367.92, chrome: {chromedriverVersion: 124.0.6367.91 (51df0e5e17a8..., userDataDir: C:\Users\PRATHA~1.KUM\AppDa...}, fedcm:accounts: true, goog:chromeOptions: {debuggerAddress: localhost:49451}, networkConnectionEnabled: false, pageLoadStrategy: normal, platformName: WINDOWS, proxy: Proxy(), se:cdp: ws://localhost:49451/devtoo..., se:cdpVersion: 124.0.6367.92, setWindowRect: true, strictFileInteractability: false, timeouts: {implicit: 0, pageLoad: 300000, script: 30000}, unhandledPromptBehavior: dismiss and notify, webauthn:extension:credBlob: true, webauthn:extension:largeBlob: true, webauthn:extension:minPinLength: true, webauthn:extension:prf: true, webauthn:virtualAuthenticators: true}
Session ID: 2cf28825ea7a8a419a5b05b8e5d35d84</small> </font> </div>
<div class="test-event"> <font color="maroon"> <small> &emsp; &emsp;--- 04 May 23:09:49 068 - <b>0</b> - Spinner Load Wait: (Sync) - ICar.support.WaitUtils.waitForSpinner(WaitUtils.java:225)</small> </font> </div>
<div class="test-event"> <font color="maroon"> <small> &emsp; &emsp;--- 04 May 23:09:49 132 - Page URL:: https://www.i-car.com/product/honda-and-acura-tpms-collision-repair</small> </font> </div>
<div class="test-event"> <font color="maroon"> <small> &emsp; &emsp;--- 04 May 23:09:49 132 - <b>0</b> - Page Load Wait: (Sync) - ICar.support.Utils.waitForPageLoad(Utils.java:109)</small> </font> </div>
<div class="test-event"> <font color="maroon"> <small> &emsp; &emsp;--- 04 May 23:09:59 191 - Element is displayed:: [[ChromeDriver: chrome on WINDOWS (2cf28825ea7a8a419a5b05b8e5d35d84)] -> xpath: //div[@class='productDetails slds-p-bottom_large']//div[contains(@class,'slds-p-bottom_medium')]]</small> </font> </div>
<div class="test-message">&emsp;Course Name : HondaandAcuraTPMSCollisionRepair is displayed in the URL page</div>
<div class="test-message">&emsp;Successfully verified the course name for relevant link&emsp;<a href=".\ScreenShot\URL_TC001_2718144830986000.png" target="_blank" >[ScreenShot]</a></div>
<div class="test-message">&emsp;
</div>
<div class="test-message">&emsp;35. URL is : https://www.i-car.com/product/acura-nsx-construction-and-considerations</div>
<div class="test-event"> <font color="maroon"> <small> &emsp; &emsp;--- 04 May 23:10:09 485 - Page URL:: https://www.i-car.com/product/acura-nsx-construction-and-considerations</small> </font> </div>
<div class="test-event"> <font color="maroon"> <small> &emsp; &emsp;--- 04 May 23:10:09 485 - <b>0</b> - Page Load Wait: (Sync) - ICar.support.Utils.waitForPageLoad(Utils.java:109)</small> </font> </div>
<div class="test-message">&emsp;Successfully navigated to the :  https://www.i-car.com/product/acura-nsx-construction-and-considerations   Page&emsp;<a href=".\ScreenShot\URL_TC001_2718147098867400.png" target="_blank" >[ScreenShot]</a></div>
<div class="test-event"> <font color="maroon"> <small> &emsp; &emsp;--- 04 May 23:10:09 775 - Page URL:: https://www.i-car.com/product/acura-nsx-construction-and-considerations</small> </font> </div>
<div class="test-event"> <font color="maroon"> <small> &emsp; &emsp;--- 04 May 23:10:09 775 - <b>0</b> - Page Load Wait: (Sync) - ICar.support.Utils.waitForPageLoad(Utils.java:109)</small> </font> </div>
<div class="test-event"> <font color="maroon"> <small> &emsp; &emsp;--- 04 May 23:10:09 791 - Catched spinner load exception due to javascript error: {"status":32,"value":"An invalid or illegal selector was specified"}
  (Session info: chrome=124.0.6367.92)
Build info: version: '4.6.0', revision: '79f1c02ae20'
System info: os.name: 'Windows 10', os.arch: 'amd64', os.version: '10.0', java.version: '17.0.7'
Driver info: org.openqa.selenium.chrome.ChromeDriver
Command: [2cf28825ea7a8a419a5b05b8e5d35d84, findElement {using=css selector, value=div[class='slds-spinner slds-spinner_brand slds-spinner_small']>div:nth-child(2)r}]
Capabilities {acceptInsecureCerts: false, browserName: chrome, browserVersion: 124.0.6367.92, chrome: {chromedriverVersion: 124.0.6367.91 (51df0e5e17a8..., userDataDir: C:\Users\PRATHA~1.KUM\AppDa...}, fedcm:accounts: true, goog:chromeOptions: {debuggerAddress: localhost:49451}, networkConnectionEnabled: false, pageLoadStrategy: normal, platformName: WINDOWS, proxy: Proxy(), se:cdp: ws://localhost:49451/devtoo..., se:cdpVersion: 124.0.6367.92, setWindowRect: true, strictFileInteractability: false, timeouts: {implicit: 0, pageLoad: 300000, script: 30000}, unhandledPromptBehavior: dismiss and notify, webauthn:extension:credBlob: true, webauthn:extension:largeBlob: true, webauthn:extension:minPinLength: true, webauthn:extension:prf: true, webauthn:virtualAuthenticators: true}
Session ID: 2cf28825ea7a8a419a5b05b8e5d35d84</small> </font> </div>
<div class="test-event"> <font color="maroon"> <small> &emsp; &emsp;--- 04 May 23:10:09 791 - <b>0</b> - Spinner Load Wait: (Sync) - ICar.support.WaitUtils.waitForSpinner(WaitUtils.java:225)</small> </font> </div>
<div class="test-event"> <font color="maroon"> <small> &emsp; &emsp;--- 04 May 23:10:19 903 - Page URL:: https://www.i-car.com/product/acura-nsx-construction-and-considerations</small> </font> </div>
<div class="test-event"> <font color="maroon"> <small> &emsp; &emsp;--- 04 May 23:10:19 903 - <b>0</b> - Page Load Wait: (Sync) - ICar.support.Utils.waitForPageLoad(Utils.java:109)</small> </font> </div>
<div class="test-event"> <font color="maroon"> <small> &emsp; &emsp;--- 04 May 23:10:19 922 - Element is displayed:: [[ChromeDriver: chrome on WINDOWS (2cf28825ea7a8a419a5b05b8e5d35d84)] -> xpath: //a[contains(text(),'Back to Courses')]]</small> </font> </div>
<div class="test-event"> <font color="maroon"> <small> &emsp; &emsp;--- 04 May 23:10:26 954 - Catched spinner load exception due to javascript error: {"status":32,"value":"An invalid or illegal selector was specified"}
  (Session info: chrome=124.0.6367.92)
Build info: version: '4.6.0', revision: '79f1c02ae20'
System info: os.name: 'Windows 10', os.arch: 'amd64', os.version: '10.0', java.version: '17.0.7'
Driver info: org.openqa.selenium.chrome.ChromeDriver
Command: [2cf28825ea7a8a419a5b05b8e5d35d84, findElement {using=css selector, value=div[class='slds-spinner slds-spinner_brand slds-spinner_small']>div:nth-child(2)r}]
Capabilities {acceptInsecureCerts: false, browserName: chrome, browserVersion: 124.0.6367.92, chrome: {chromedriverVersion: 124.0.6367.91 (51df0e5e17a8..., userDataDir: C:\Users\PRATHA~1.KUM\AppDa...}, fedcm:accounts: true, goog:chromeOptions: {debuggerAddress: localhost:49451}, networkConnectionEnabled: false, pageLoadStrategy: normal, platformName: WINDOWS, proxy: Proxy(), se:cdp: ws://localhost:49451/devtoo..., se:cdpVersion: 124.0.6367.92, setWindowRect: true, strictFileInteractability: false, timeouts: {implicit: 0, pageLoad: 300000, script: 30000}, unhandledPromptBehavior: dismiss and notify, webauthn:extension:credBlob: true, webauthn:extension:largeBlob: true, webauthn:extension:minPinLength: true, webauthn:extension:prf: true, webauthn:virtualAuthenticators: true}
Session ID: 2cf28825ea7a8a419a5b05b8e5d35d84</small> </font> </div>
<div class="test-event"> <font color="maroon"> <small> &emsp; &emsp;--- 04 May 23:10:26 954 - <b>0</b> - Spinner Load Wait: (Sync) - ICar.support.WaitUtils.waitForSpinner(WaitUtils.java:225)</small> </font> </div>
<div class="test-message">&emsp;Back To Courses is displayed in the page </div>
<div class="test-message">&emsp;Successfully verified Back To Course Link&emsp;<a href=".\ScreenShot\URL_TC001_2718164578390800.png" target="_blank" >[ScreenShot]</a></div>
<div class="test-event"> <font color="maroon"> <small> &emsp; &emsp;--- 04 May 23:10:27 437 - Catched spinner load exception due to javascript error: {"status":32,"value":"An invalid or illegal selector was specified"}
  (Session info: chrome=124.0.6367.92)
Build info: version: '4.6.0', revision: '79f1c02ae20'
System info: os.name: 'Windows 10', os.arch: 'amd64', os.version: '10.0', java.version: '17.0.7'
Driver info: org.openqa.selenium.chrome.ChromeDriver
Command: [2cf28825ea7a8a419a5b05b8e5d35d84, findElement {using=css selector, value=div[class='slds-spinner slds-spinner_brand slds-spinner_small']>div:nth-child(2)r}]
Capabilities {acceptInsecureCerts: false, browserName: chrome, browserVersion: 124.0.6367.92, chrome: {chromedriverVersion: 124.0.6367.91 (51df0e5e17a8..., userDataDir: C:\Users\PRATHA~1.KUM\AppDa...}, fedcm:accounts: true, goog:chromeOptions: {debuggerAddress: localhost:49451}, networkConnectionEnabled: false, pageLoadStrategy: normal, platformName: WINDOWS, proxy: Proxy(), se:cdp: ws://localhost:49451/devtoo..., se:cdpVersion: 124.0.6367.92, setWindowRect: true, strictFileInteractability: false, timeouts: {implicit: 0, pageLoad: 300000, script: 30000}, unhandledPromptBehavior: dismiss and notify, webauthn:extension:credBlob: true, webauthn:extension:largeBlob: true, webauthn:extension:minPinLength: true, webauthn:extension:prf: true, webauthn:virtualAuthenticators: true}
Session ID: 2cf28825ea7a8a419a5b05b8e5d35d84</small> </font> </div>
<div class="test-event"> <font color="maroon"> <small> &emsp; &emsp;--- 04 May 23:10:27 437 - <b>0</b> - Spinner Load Wait: (Sync) - ICar.support.WaitUtils.waitForSpinner(WaitUtils.java:225)</small> </font> </div>
<div class="test-event"> <font color="maroon"> <small> &emsp; &emsp;--- 04 May 23:10:27 502 - Page URL:: https://www.i-car.com/product/acura-nsx-construction-and-considerations</small> </font> </div>
<div class="test-event"> <font color="maroon"> <small> &emsp; &emsp;--- 04 May 23:10:27 502 - <b>0</b> - Page Load Wait: (Sync) - ICar.support.Utils.waitForPageLoad(Utils.java:109)</small> </font> </div>
<div class="test-event"> <font color="maroon"> <small> &emsp; &emsp;--- 04 May 23:10:37 580 - Element is displayed:: [[ChromeDriver: chrome on WINDOWS (2cf28825ea7a8a419a5b05b8e5d35d84)] -> xpath: //div[@class='productDetails slds-p-bottom_large']//div[contains(@class,'slds-p-bottom_medium')]]</small> </font> </div>
<div class="test-message">&emsp;Course Name : AcuraNSXConstructionandConsiderations is displayed in the URL page</div>
<div class="test-message">&emsp;Successfully verified the course name for relevant link&emsp;<a href=".\ScreenShot\URL_TC001_2718183222340200.png" target="_blank" >[ScreenShot]</a></div>
<div class="test-message">&emsp;
</div>
<div class="test-message">&emsp;36. URL is : https://www.i-car.com/product/collision-repair-of-the-2019-chevrolet-silveradogmc-sierra</div>
<div class="test-event"> <font color="maroon"> <small> &emsp; &emsp;--- 04 May 23:10:46 790 - Page URL:: https://www.i-car.com/product/collision-repair-of-the-2019-chevrolet-silveradogmc-sierra</small> </font> </div>
<div class="test-event"> <font color="maroon"> <small> &emsp; &emsp;--- 04 May 23:10:46 790 - <b>0</b> - Page Load Wait: (Sync) - ICar.support.Utils.waitForPageLoad(Utils.java:109)</small> </font> </div>
<div class="test-message">&emsp;Successfully navigated to the :  https://www.i-car.com/product/collision-repair-of-the-2019-chevrolet-silveradogmc-sierra   Page&emsp;<a href=".\ScreenShot\URL_TC001_2718184404081400.png" target="_blank" >[ScreenShot]</a></div>
<div class="test-event"> <font color="maroon"> <small> &emsp; &emsp;--- 04 May 23:10:47 108 - Page URL:: https://www.i-car.com/product/collision-repair-of-the-2019-chevrolet-silveradogmc-sierra</small> </font> </div>
<div class="test-event"> <font color="maroon"> <small> &emsp; &emsp;--- 04 May 23:10:47 108 - <b>0</b> - Page Load Wait: (Sync) - ICar.support.Utils.waitForPageLoad(Utils.java:109)</small> </font> </div>
<div class="test-event"> <font color="maroon"> <small> &emsp; &emsp;--- 04 May 23:10:47 118 - Catched spinner load exception due to javascript error: {"status":32,"value":"An invalid or illegal selector was specified"}
  (Session info: chrome=124.0.6367.92)
Build info: version: '4.6.0', revision: '79f1c02ae20'
System info: os.name: 'Windows 10', os.arch: 'amd64', os.version: '10.0', java.version: '17.0.7'
Driver info: org.openqa.selenium.chrome.ChromeDriver
Command: [2cf28825ea7a8a419a5b05b8e5d35d84, findElement {using=css selector, value=div[class='slds-spinner slds-spinner_brand slds-spinner_small']>div:nth-child(2)r}]
Capabilities {acceptInsecureCerts: false, browserName: chrome, browserVersion: 124.0.6367.92, chrome: {chromedriverVersion: 124.0.6367.91 (51df0e5e17a8..., userDataDir: C:\Users\PRATHA~1.KUM\AppDa...}, fedcm:accounts: true, goog:chromeOptions: {debuggerAddress: localhost:49451}, networkConnectionEnabled: false, pageLoadStrategy: normal, platformName: WINDOWS, proxy: Proxy(), se:cdp: ws://localhost:49451/devtoo..., se:cdpVersion: 124.0.6367.92, setWindowRect: true, strictFileInteractability: false, timeouts: {implicit: 0, pageLoad: 300000, script: 30000}, unhandledPromptBehavior: dismiss and notify, webauthn:extension:credBlob: true, webauthn:extension:largeBlob: true, webauthn:extension:minPinLength: true, webauthn:extension:prf: true, webauthn:virtualAuthenticators: true}
Session ID: 2cf28825ea7a8a419a5b05b8e5d35d84</small> </font> </div>
<div class="test-event"> <font color="maroon"> <small> &emsp; &emsp;--- 04 May 23:10:47 118 - <b>0</b> - Spinner Load Wait: (Sync) - ICar.support.WaitUtils.waitForSpinner(WaitUtils.java:225)</small> </font> </div>
<div class="test-event"> <font color="maroon"> <small> &emsp; &emsp;--- 04 May 23:10:57 202 - Page URL:: https://www.i-car.com/product/collision-repair-of-the-2019-chevrolet-silveradogmc-sierra</small> </font> </div>
<div class="test-event"> <font color="maroon"> <small> &emsp; &emsp;--- 04 May 23:10:57 203 - <b>0</b> - Page Load Wait: (Sync) - ICar.support.Utils.waitForPageLoad(Utils.java:109)</small> </font> </div>
<div class="test-event"> <font color="maroon"> <small> &emsp; &emsp;--- 04 May 23:10:57 220 - Element is displayed:: [[ChromeDriver: chrome on WINDOWS (2cf28825ea7a8a419a5b05b8e5d35d84)] -> xpath: //a[contains(text(),'Back to Courses')]]</small> </font> </div>
<div class="test-event"> <font color="maroon"> <small> &emsp; &emsp;--- 04 May 23:11:04 252 - Catched spinner load exception due to javascript error: {"status":32,"value":"An invalid or illegal selector was specified"}
  (Session info: chrome=124.0.6367.92)
Build info: version: '4.6.0', revision: '79f1c02ae20'
System info: os.name: 'Windows 10', os.arch: 'amd64', os.version: '10.0', java.version: '17.0.7'
Driver info: org.openqa.selenium.chrome.ChromeDriver
Command: [2cf28825ea7a8a419a5b05b8e5d35d84, findElement {using=css selector, value=div[class='slds-spinner slds-spinner_brand slds-spinner_small']>div:nth-child(2)r}]
Capabilities {acceptInsecureCerts: false, browserName: chrome, browserVersion: 124.0.6367.92, chrome: {chromedriverVersion: 124.0.6367.91 (51df0e5e17a8..., userDataDir: C:\Users\PRATHA~1.KUM\AppDa...}, fedcm:accounts: true, goog:chromeOptions: {debuggerAddress: localhost:49451}, networkConnectionEnabled: false, pageLoadStrategy: normal, platformName: WINDOWS, proxy: Proxy(), se:cdp: ws://localhost:49451/devtoo..., se:cdpVersion: 124.0.6367.92, setWindowRect: true, strictFileInteractability: false, timeouts: {implicit: 0, pageLoad: 300000, script: 30000}, unhandledPromptBehavior: dismiss and notify, webauthn:extension:credBlob: true, webauthn:extension:largeBlob: true, webauthn:extension:minPinLength: true, webauthn:extension:prf: true, webauthn:virtualAuthenticators: true}
Session ID: 2cf28825ea7a8a419a5b05b8e5d35d84</small> </font> </div>
<div class="test-event"> <font color="maroon"> <small> &emsp; &emsp;--- 04 May 23:11:04 253 - <b>0</b> - Spinner Load Wait: (Sync) - ICar.support.WaitUtils.waitForSpinner(WaitUtils.java:225)</small> </font> </div>
<div class="test-message">&emsp;Back To Courses is displayed in the page </div>
<div class="test-message">&emsp;Successfully verified Back To Course Link&emsp;<a href=".\ScreenShot\URL_TC001_2718201877306000.png" target="_blank" >[ScreenShot]</a></div>
<div class="test-event"> <font color="maroon"> <small> &emsp; &emsp;--- 04 May 23:11:04 524 - Catched spinner load exception due to javascript error: {"status":32,"value":"An invalid or illegal selector was specified"}
  (Session info: chrome=124.0.6367.92)
Build info: version: '4.6.0', revision: '79f1c02ae20'
System info: os.name: 'Windows 10', os.arch: 'amd64', os.version: '10.0', java.version: '17.0.7'
Driver info: org.openqa.selenium.chrome.ChromeDriver
Command: [2cf28825ea7a8a419a5b05b8e5d35d84, findElement {using=css selector, value=div[class='slds-spinner slds-spinner_brand slds-spinner_small']>div:nth-child(2)r}]
Capabilities {acceptInsecureCerts: false, browserName: chrome, browserVersion: 124.0.6367.92, chrome: {chromedriverVersion: 124.0.6367.91 (51df0e5e17a8..., userDataDir: C:\Users\PRATHA~1.KUM\AppDa...}, fedcm:accounts: true, goog:chromeOptions: {debuggerAddress: localhost:49451}, networkConnectionEnabled: false, pageLoadStrategy: normal, platformName: WINDOWS, proxy: Proxy(), se:cdp: ws://localhost:49451/devtoo..., se:cdpVersion: 124.0.6367.92, setWindowRect: true, strictFileInteractability: false, timeouts: {implicit: 0, pageLoad: 300000, script: 30000}, unhandledPromptBehavior: dismiss and notify, webauthn:extension:credBlob: true, webauthn:extension:largeBlob: true, webauthn:extension:minPinLength: true, webauthn:extension:prf: true, webauthn:virtualAuthenticators: true}
Session ID: 2cf28825ea7a8a419a5b05b8e5d35d84</small> </font> </div>
<div class="test-event"> <font color="maroon"> <small> &emsp; &emsp;--- 04 May 23:11:04 524 - <b>0</b> - Spinner Load Wait: (Sync) - ICar.support.WaitUtils.waitForSpinner(WaitUtils.java:225)</small> </font> </div>
<div class="test-event"> <font color="maroon"> <small> &emsp; &emsp;--- 04 May 23:11:04 603 - Page URL:: https://www.i-car.com/product/collision-repair-of-the-2019-chevrolet-silveradogmc-sierra</small> </font> </div>
<div class="test-event"> <font color="maroon"> <small> &emsp; &emsp;--- 04 May 23:11:04 603 - <b>0</b> - Page Load Wait: (Sync) - ICar.support.Utils.waitForPageLoad(Utils.java:109)</small> </font> </div>
<div class="test-event"> <font color="maroon"> <small> &emsp; &emsp;--- 04 May 23:11:14 655 - Element is displayed:: [[ChromeDriver: chrome on WINDOWS (2cf28825ea7a8a419a5b05b8e5d35d84)] -> xpath: //div[@class='productDetails slds-p-bottom_large']//div[contains(@class,'slds-p-bottom_medium')]]</small> </font> </div>
<div class="test-message">&emsp;Course Name : CollisionRepairofthe2019ChevroletSilveradoGMCSierra is displayed in the URL page</div>
<div class="test-message">&emsp;Successfully verified the course name for relevant link&emsp;<a href=".\ScreenShot\URL_TC001_2718220291722300.png" target="_blank" >[ScreenShot]</a></div>
<div class="test-message">&emsp;
</div>
<div class="test-message">&emsp;37. URL is : https://www.i-car.com/product/safety-shield-technologies</div>
<div class="test-event"> <font color="maroon"> <small> &emsp; &emsp;--- 04 May 23:11:23 862 - Page URL:: https://www.i-car.com/product/safety-shield-technologies</small> </font> </div>
<div class="test-event"> <font color="maroon"> <small> &emsp; &emsp;--- 04 May 23:11:23 862 - <b>0</b> - Page Load Wait: (Sync) - ICar.support.Utils.waitForPageLoad(Utils.java:109)</small> </font> </div>
<div class="test-message">&emsp;Successfully navigated to the :  https://www.i-car.com/product/safety-shield-technologies   Page&emsp;<a href=".\ScreenShot\URL_TC001_2718221476514700.png" target="_blank" >[ScreenShot]</a></div>
<div class="test-event"> <font color="maroon"> <small> &emsp; &emsp;--- 04 May 23:11:24 148 - Page URL:: https://www.i-car.com/product/safety-shield-technologies</small> </font> </div>
<div class="test-event"> <font color="maroon"> <small> &emsp; &emsp;--- 04 May 23:11:24 148 - <b>0</b> - Page Load Wait: (Sync) - ICar.support.Utils.waitForPageLoad(Utils.java:109)</small> </font> </div>
<div class="test-event"> <font color="maroon"> <small> &emsp; &emsp;--- 04 May 23:11:24 157 - Catched spinner load exception due to javascript error: {"status":32,"value":"An invalid or illegal selector was specified"}
  (Session info: chrome=124.0.6367.92)
Build info: version: '4.6.0', revision: '79f1c02ae20'
System info: os.name: 'Windows 10', os.arch: 'amd64', os.version: '10.0', java.version: '17.0.7'
Driver info: org.openqa.selenium.chrome.ChromeDriver
Command: [2cf28825ea7a8a419a5b05b8e5d35d84, findElement {using=css selector, value=div[class='slds-spinner slds-spinner_brand slds-spinner_small']>div:nth-child(2)r}]
Capabilities {acceptInsecureCerts: false, browserName: chrome, browserVersion: 124.0.6367.92, chrome: {chromedriverVersion: 124.0.6367.91 (51df0e5e17a8..., userDataDir: C:\Users\PRATHA~1.KUM\AppDa...}, fedcm:accounts: true, goog:chromeOptions: {debuggerAddress: localhost:49451}, networkConnectionEnabled: false, pageLoadStrategy: normal, platformName: WINDOWS, proxy: Proxy(), se:cdp: ws://localhost:49451/devtoo..., se:cdpVersion: 124.0.6367.92, setWindowRect: true, strictFileInteractability: false, timeouts: {implicit: 0, pageLoad: 300000, script: 30000}, unhandledPromptBehavior: dismiss and notify, webauthn:extension:credBlob: true, webauthn:extension:largeBlob: true, webauthn:extension:minPinLength: true, webauthn:extension:prf: true, webauthn:virtualAuthenticators: true}
Session ID: 2cf28825ea7a8a419a5b05b8e5d35d84</small> </font> </div>
<div class="test-event"> <font color="maroon"> <small> &emsp; &emsp;--- 04 May 23:11:24 157 - <b>0</b> - Spinner Load Wait: (Sync) - ICar.support.WaitUtils.waitForSpinner(WaitUtils.java:225)</small> </font> </div>
<div class="test-event"> <font color="maroon"> <small> &emsp; &emsp;--- 04 May 23:11:34 251 - Page URL:: https://www.i-car.com/product/safety-shield-technologies</small> </font> </div>
<div class="test-event"> <font color="maroon"> <small> &emsp; &emsp;--- 04 May 23:11:34 251 - <b>0</b> - Page Load Wait: (Sync) - ICar.support.Utils.waitForPageLoad(Utils.java:109)</small> </font> </div>
<div class="test-event"> <font color="maroon"> <small> &emsp; &emsp;--- 04 May 23:11:34 272 - Element is displayed:: [[ChromeDriver: chrome on WINDOWS (2cf28825ea7a8a419a5b05b8e5d35d84)] -> xpath: //a[contains(text(),'Back to Courses')]]</small> </font> </div>
<div class="test-event"> <font color="maroon"> <small> &emsp; &emsp;--- 04 May 23:11:41 312 - Catched spinner load exception due to javascript error: {"status":32,"value":"An invalid or illegal selector was specified"}
  (Session info: chrome=124.0.6367.92)
Build info: version: '4.6.0', revision: '79f1c02ae20'
System info: os.name: 'Windows 10', os.arch: 'amd64', os.version: '10.0', java.version: '17.0.7'
Driver info: org.openqa.selenium.chrome.ChromeDriver
Command: [2cf28825ea7a8a419a5b05b8e5d35d84, findElement {using=css selector, value=div[class='slds-spinner slds-spinner_brand slds-spinner_small']>div:nth-child(2)r}]
Capabilities {acceptInsecureCerts: false, browserName: chrome, browserVersion: 124.0.6367.92, chrome: {chromedriverVersion: 124.0.6367.91 (51df0e5e17a8..., userDataDir: C:\Users\PRATHA~1.KUM\AppDa...}, fedcm:accounts: true, goog:chromeOptions: {debuggerAddress: localhost:49451}, networkConnectionEnabled: false, pageLoadStrategy: normal, platformName: WINDOWS, proxy: Proxy(), se:cdp: ws://localhost:49451/devtoo..., se:cdpVersion: 124.0.6367.92, setWindowRect: true, strictFileInteractability: false, timeouts: {implicit: 0, pageLoad: 300000, script: 30000}, unhandledPromptBehavior: dismiss and notify, webauthn:extension:credBlob: true, webauthn:extension:largeBlob: true, webauthn:extension:minPinLength: true, webauthn:extension:prf: true, webauthn:virtualAuthenticators: true}
Session ID: 2cf28825ea7a8a419a5b05b8e5d35d84</small> </font> </div>
<div class="test-event"> <font color="maroon"> <small> &emsp; &emsp;--- 04 May 23:11:41 312 - <b>0</b> - Spinner Load Wait: (Sync) - ICar.support.WaitUtils.waitForSpinner(WaitUtils.java:225)</small> </font> </div>
<div class="test-message">&emsp;Back To Courses is displayed in the page </div>
<div class="test-message">&emsp;Successfully verified Back To Course Link&emsp;<a href=".\ScreenShot\URL_TC001_2718238937545000.png" target="_blank" >[ScreenShot]</a></div>
<div class="test-event"> <font color="maroon"> <small> &emsp; &emsp;--- 04 May 23:11:41 551 - Catched spinner load exception due to javascript error: {"status":32,"value":"An invalid or illegal selector was specified"}
  (Session info: chrome=124.0.6367.92)
Build info: version: '4.6.0', revision: '79f1c02ae20'
System info: os.name: 'Windows 10', os.arch: 'amd64', os.version: '10.0', java.version: '17.0.7'
Driver info: org.openqa.selenium.chrome.ChromeDriver
Command: [2cf28825ea7a8a419a5b05b8e5d35d84, findElement {using=css selector, value=div[class='slds-spinner slds-spinner_brand slds-spinner_small']>div:nth-child(2)r}]
Capabilities {acceptInsecureCerts: false, browserName: chrome, browserVersion: 124.0.6367.92, chrome: {chromedriverVersion: 124.0.6367.91 (51df0e5e17a8..., userDataDir: C:\Users\PRATHA~1.KUM\AppDa...}, fedcm:accounts: true, goog:chromeOptions: {debuggerAddress: localhost:49451}, networkConnectionEnabled: false, pageLoadStrategy: normal, platformName: WINDOWS, proxy: Proxy(), se:cdp: ws://localhost:49451/devtoo..., se:cdpVersion: 124.0.6367.92, setWindowRect: true, strictFileInteractability: false, timeouts: {implicit: 0, pageLoad: 300000, script: 30000}, unhandledPromptBehavior: dismiss and notify, webauthn:extension:credBlob: true, webauthn:extension:largeBlob: true, webauthn:extension:minPinLength: true, webauthn:extension:prf: true, webauthn:virtualAuthenticators: true}
Session ID: 2cf28825ea7a8a419a5b05b8e5d35d84</small> </font> </div>
<div class="test-event"> <font color="maroon"> <small> &emsp; &emsp;--- 04 May 23:11:41 551 - <b>0</b> - Spinner Load Wait: (Sync) - ICar.support.WaitUtils.waitForSpinner(WaitUtils.java:225)</small> </font> </div>
<div class="test-event"> <font color="maroon"> <small> &emsp; &emsp;--- 04 May 23:11:41 620 - Page URL:: https://www.i-car.com/product/safety-shield-technologies</small> </font> </div>
<div class="test-event"> <font color="maroon"> <small> &emsp; &emsp;--- 04 May 23:11:41 620 - <b>0</b> - Page Load Wait: (Sync) - ICar.support.Utils.waitForPageLoad(Utils.java:109)</small> </font> </div>
<div class="test-event"> <font color="maroon"> <small> &emsp; &emsp;--- 04 May 23:11:51 664 - Element is displayed:: [[ChromeDriver: chrome on WINDOWS (2cf28825ea7a8a419a5b05b8e5d35d84)] -> xpath: //div[@class='productDetails slds-p-bottom_large']//div[contains(@class,'slds-p-bottom_medium')]]</small> </font> </div>
<div class="test-message">&emsp;Course Name : SafetyShieldTechnologies is displayed in the URL page</div>
<div class="test-message">&emsp;Successfully verified the course name for relevant link&emsp;<a href=".\ScreenShot\URL_TC001_2718257303237800.png" target="_blank" >[ScreenShot]</a></div>
<div class="test-message">&emsp;
</div>
<div class="test-message">&emsp;38. URL is : https://www.i-car.com/product/capturing-quality-photos</div>
<div class="test-event"> <font color="maroon"> <small> &emsp; &emsp;--- 04 May 23:12:00 582 - Page URL:: https://www.i-car.com/product/capturing-quality-photos</small> </font> </div>
<div class="test-event"> <font color="maroon"> <small> &emsp; &emsp;--- 04 May 23:12:00 583 - <b>0</b> - Page Load Wait: (Sync) - ICar.support.Utils.waitForPageLoad(Utils.java:109)</small> </font> </div>
<div class="test-message">&emsp;Successfully navigated to the :  https://www.i-car.com/product/capturing-quality-photos   Page&emsp;<a href=".\ScreenShot\URL_TC001_2718258197135400.png" target="_blank" >[ScreenShot]</a></div>
<div class="test-event"> <font color="maroon"> <small> &emsp; &emsp;--- 04 May 23:12:00 888 - Page URL:: https://www.i-car.com/product/capturing-quality-photos</small> </font> </div>
<div class="test-event"> <font color="maroon"> <small> &emsp; &emsp;--- 04 May 23:12:00 889 - <b>0</b> - Page Load Wait: (Sync) - ICar.support.Utils.waitForPageLoad(Utils.java:109)</small> </font> </div>
<div class="test-event"> <font color="maroon"> <small> &emsp; &emsp;--- 04 May 23:12:00 899 - Catched spinner load exception due to javascript error: {"status":32,"value":"An invalid or illegal selector was specified"}
  (Session info: chrome=124.0.6367.92)
Build info: version: '4.6.0', revision: '79f1c02ae20'
System info: os.name: 'Windows 10', os.arch: 'amd64', os.version: '10.0', java.version: '17.0.7'
Driver info: org.openqa.selenium.chrome.ChromeDriver
Command: [2cf28825ea7a8a419a5b05b8e5d35d84, findElement {using=css selector, value=div[class='slds-spinner slds-spinner_brand slds-spinner_small']>div:nth-child(2)r}]
Capabilities {acceptInsecureCerts: false, browserName: chrome, browserVersion: 124.0.6367.92, chrome: {chromedriverVersion: 124.0.6367.91 (51df0e5e17a8..., userDataDir: C:\Users\PRATHA~1.KUM\AppDa...}, fedcm:accounts: true, goog:chromeOptions: {debuggerAddress: localhost:49451}, networkConnectionEnabled: false, pageLoadStrategy: normal, platformName: WINDOWS, proxy: Proxy(), se:cdp: ws://localhost:49451/devtoo..., se:cdpVersion: 124.0.6367.92, setWindowRect: true, strictFileInteractability: false, timeouts: {implicit: 0, pageLoad: 300000, script: 30000}, unhandledPromptBehavior: dismiss and notify, webauthn:extension:credBlob: true, webauthn:extension:largeBlob: true, webauthn:extension:minPinLength: true, webauthn:extension:prf: true, webauthn:virtualAuthenticators: true}
Session ID: 2cf28825ea7a8a419a5b05b8e5d35d84</small> </font> </div>
<div class="test-event"> <font color="maroon"> <small> &emsp; &emsp;--- 04 May 23:12:00 899 - <b>0</b> - Spinner Load Wait: (Sync) - ICar.support.WaitUtils.waitForSpinner(WaitUtils.java:225)</small> </font> </div>
<div class="test-event"> <font color="maroon"> <small> &emsp; &emsp;--- 04 May 23:12:11 051 - Page URL:: https://www.i-car.com/product/capturing-quality-photos</small> </font> </div>
<div class="test-event"> <font color="maroon"> <small> &emsp; &emsp;--- 04 May 23:12:11 051 - <b>0</b> - Page Load Wait: (Sync) - ICar.support.Utils.waitForPageLoad(Utils.java:109)</small> </font> </div>
<div class="test-event"> <font color="maroon"> <small> &emsp; &emsp;--- 04 May 23:12:11 069 - Element is displayed:: [[ChromeDriver: chrome on WINDOWS (2cf28825ea7a8a419a5b05b8e5d35d84)] -> xpath: //a[contains(text(),'Back to Courses')]]</small> </font> </div>
<div class="test-event"> <font color="maroon"> <small> &emsp; &emsp;--- 04 May 23:12:18 117 - Catched spinner load exception due to javascript error: {"status":32,"value":"An invalid or illegal selector was specified"}
  (Session info: chrome=124.0.6367.92)
Build info: version: '4.6.0', revision: '79f1c02ae20'
System info: os.name: 'Windows 10', os.arch: 'amd64', os.version: '10.0', java.version: '17.0.7'
Driver info: org.openqa.selenium.chrome.ChromeDriver
Command: [2cf28825ea7a8a419a5b05b8e5d35d84, findElement {using=css selector, value=div[class='slds-spinner slds-spinner_brand slds-spinner_small']>div:nth-child(2)r}]
Capabilities {acceptInsecureCerts: false, browserName: chrome, browserVersion: 124.0.6367.92, chrome: {chromedriverVersion: 124.0.6367.91 (51df0e5e17a8..., userDataDir: C:\Users\PRATHA~1.KUM\AppDa...}, fedcm:accounts: true, goog:chromeOptions: {debuggerAddress: localhost:49451}, networkConnectionEnabled: false, pageLoadStrategy: normal, platformName: WINDOWS, proxy: Proxy(), se:cdp: ws://localhost:49451/devtoo..., se:cdpVersion: 124.0.6367.92, setWindowRect: true, strictFileInteractability: false, timeouts: {implicit: 0, pageLoad: 300000, script: 30000}, unhandledPromptBehavior: dismiss and notify, webauthn:extension:credBlob: true, webauthn:extension:largeBlob: true, webauthn:extension:minPinLength: true, webauthn:extension:prf: true, webauthn:virtualAuthenticators: true}
Session ID: 2cf28825ea7a8a419a5b05b8e5d35d84</small> </font> </div>
<div class="test-event"> <font color="maroon"> <small> &emsp; &emsp;--- 04 May 23:12:18 117 - <b>0</b> - Spinner Load Wait: (Sync) - ICar.support.WaitUtils.waitForSpinner(WaitUtils.java:225)</small> </font> </div>
<div class="test-message">&emsp;Back To Courses is displayed in the page </div>
<div class="test-message">&emsp;Successfully verified Back To Course Link&emsp;<a href=".\ScreenShot\URL_TC001_2718275741772500.png" target="_blank" >[ScreenShot]</a></div>
<div class="test-event"> <font color="maroon"> <small> &emsp; &emsp;--- 04 May 23:12:18 349 - Catched spinner load exception due to javascript error: {"status":32,"value":"An invalid or illegal selector was specified"}
  (Session info: chrome=124.0.6367.92)
Build info: version: '4.6.0', revision: '79f1c02ae20'
System info: os.name: 'Windows 10', os.arch: 'amd64', os.version: '10.0', java.version: '17.0.7'
Driver info: org.openqa.selenium.chrome.ChromeDriver
Command: [2cf28825ea7a8a419a5b05b8e5d35d84, findElement {using=css selector, value=div[class='slds-spinner slds-spinner_brand slds-spinner_small']>div:nth-child(2)r}]
Capabilities {acceptInsecureCerts: false, browserName: chrome, browserVersion: 124.0.6367.92, chrome: {chromedriverVersion: 124.0.6367.91 (51df0e5e17a8..., userDataDir: C:\Users\PRATHA~1.KUM\AppDa...}, fedcm:accounts: true, goog:chromeOptions: {debuggerAddress: localhost:49451}, networkConnectionEnabled: false, pageLoadStrategy: normal, platformName: WINDOWS, proxy: Proxy(), se:cdp: ws://localhost:49451/devtoo..., se:cdpVersion: 124.0.6367.92, setWindowRect: true, strictFileInteractability: false, timeouts: {implicit: 0, pageLoad: 300000, script: 30000}, unhandledPromptBehavior: dismiss and notify, webauthn:extension:credBlob: true, webauthn:extension:largeBlob: true, webauthn:extension:minPinLength: true, webauthn:extension:prf: true, webauthn:virtualAuthenticators: true}
Session ID: 2cf28825ea7a8a419a5b05b8e5d35d84</small> </font> </div>
<div class="test-event"> <font color="maroon"> <small> &emsp; &emsp;--- 04 May 23:12:18 349 - <b>0</b> - Spinner Load Wait: (Sync) - ICar.support.WaitUtils.waitForSpinner(WaitUtils.java:225)</small> </font> </div>
<div class="test-event"> <font color="maroon"> <small> &emsp; &emsp;--- 04 May 23:12:18 484 - Page URL:: https://www.i-car.com/product/capturing-quality-photos</small> </font> </div>
<div class="test-event"> <font color="maroon"> <small> &emsp; &emsp;--- 04 May 23:12:18 484 - <b>0</b> - Page Load Wait: (Sync) - ICar.support.Utils.waitForPageLoad(Utils.java:109)</small> </font> </div>
<div class="test-event"> <font color="maroon"> <small> &emsp; &emsp;--- 04 May 23:12:28 532 - Element is displayed:: [[ChromeDriver: chrome on WINDOWS (2cf28825ea7a8a419a5b05b8e5d35d84)] -> xpath: //div[@class='productDetails slds-p-bottom_large']//div[contains(@class,'slds-p-bottom_medium')]]</small> </font> </div>
<div class="test-message">&emsp;Course Name : CapturingQualityPhotos is displayed in the URL page</div>
<div class="test-message">&emsp;Successfully verified the course name for relevant link&emsp;<a href=".\ScreenShot\URL_TC001_2718294170125300.png" target="_blank" >[ScreenShot]</a></div>
<div class="test-message">&emsp;
</div>
<div class="test-message">&emsp;39. URL is : https://www.i-car.com/product/ford-2024-ranger-new-model-training</div>
<div class="test-event"> <font color="maroon"> <small> &emsp; &emsp;--- 04 May 23:12:37 712 - Page URL:: https://www.i-car.com/product/ford-2024-ranger-new-model-training</small> </font> </div>
<div class="test-event"> <font color="maroon"> <small> &emsp; &emsp;--- 04 May 23:12:37 712 - <b>0</b> - Page Load Wait: (Sync) - ICar.support.Utils.waitForPageLoad(Utils.java:109)</small> </font> </div>
<div class="test-message">&emsp;Successfully navigated to the :  https://www.i-car.com/product/ford-2024-ranger-new-model-training   Page&emsp;<a href=".\ScreenShot\URL_TC001_2718295326780100.png" target="_blank" >[ScreenShot]</a></div>
<div class="test-event"> <font color="maroon"> <small> &emsp; &emsp;--- 04 May 23:12:37 975 - Page URL:: https://www.i-car.com/product/ford-2024-ranger-new-model-training</small> </font> </div>
<div class="test-event"> <font color="maroon"> <small> &emsp; &emsp;--- 04 May 23:12:37 975 - <b>0</b> - Page Load Wait: (Sync) - ICar.support.Utils.waitForPageLoad(Utils.java:109)</small> </font> </div>
<div class="test-event"> <font color="maroon"> <small> &emsp; &emsp;--- 04 May 23:12:37 985 - Catched spinner load exception due to javascript error: {"status":32,"value":"An invalid or illegal selector was specified"}
  (Session info: chrome=124.0.6367.92)
Build info: version: '4.6.0', revision: '79f1c02ae20'
System info: os.name: 'Windows 10', os.arch: 'amd64', os.version: '10.0', java.version: '17.0.7'
Driver info: org.openqa.selenium.chrome.ChromeDriver
Command: [2cf28825ea7a8a419a5b05b8e5d35d84, findElement {using=css selector, value=div[class='slds-spinner slds-spinner_brand slds-spinner_small']>div:nth-child(2)r}]
Capabilities {acceptInsecureCerts: false, browserName: chrome, browserVersion: 124.0.6367.92, chrome: {chromedriverVersion: 124.0.6367.91 (51df0e5e17a8..., userDataDir: C:\Users\PRATHA~1.KUM\AppDa...}, fedcm:accounts: true, goog:chromeOptions: {debuggerAddress: localhost:49451}, networkConnectionEnabled: false, pageLoadStrategy: normal, platformName: WINDOWS, proxy: Proxy(), se:cdp: ws://localhost:49451/devtoo..., se:cdpVersion: 124.0.6367.92, setWindowRect: true, strictFileInteractability: false, timeouts: {implicit: 0, pageLoad: 300000, script: 30000}, unhandledPromptBehavior: dismiss and notify, webauthn:extension:credBlob: true, webauthn:extension:largeBlob: true, webauthn:extension:minPinLength: true, webauthn:extension:prf: true, webauthn:virtualAuthenticators: true}
Session ID: 2cf28825ea7a8a419a5b05b8e5d35d84</small> </font> </div>
<div class="test-event"> <font color="maroon"> <small> &emsp; &emsp;--- 04 May 23:12:37 985 - <b>0</b> - Spinner Load Wait: (Sync) - ICar.support.WaitUtils.waitForSpinner(WaitUtils.java:225)</small> </font> </div>
<div class="test-event"> <font color="maroon"> <small> &emsp; &emsp;--- 04 May 23:12:48 073 - Page URL:: https://www.i-car.com/product/ford-2024-ranger-new-model-training</small> </font> </div>
<div class="test-event"> <font color="maroon"> <small> &emsp; &emsp;--- 04 May 23:12:48 073 - <b>0</b> - Page Load Wait: (Sync) - ICar.support.Utils.waitForPageLoad(Utils.java:109)</small> </font> </div>
<div class="test-event"> <font color="maroon"> <small> &emsp; &emsp;--- 04 May 23:12:48 093 - Element is displayed:: [[ChromeDriver: chrome on WINDOWS (2cf28825ea7a8a419a5b05b8e5d35d84)] -> xpath: //a[contains(text(),'Back to Courses')]]</small> </font> </div>
<div class="test-event"> <font color="maroon"> <small> &emsp; &emsp;--- 04 May 23:12:55 132 - Catched spinner load exception due to javascript error: {"status":32,"value":"An invalid or illegal selector was specified"}
  (Session info: chrome=124.0.6367.92)
Build info: version: '4.6.0', revision: '79f1c02ae20'
System info: os.name: 'Windows 10', os.arch: 'amd64', os.version: '10.0', java.version: '17.0.7'
Driver info: org.openqa.selenium.chrome.ChromeDriver
Command: [2cf28825ea7a8a419a5b05b8e5d35d84, findElement {using=css selector, value=div[class='slds-spinner slds-spinner_brand slds-spinner_small']>div:nth-child(2)r}]
Capabilities {acceptInsecureCerts: false, browserName: chrome, browserVersion: 124.0.6367.92, chrome: {chromedriverVersion: 124.0.6367.91 (51df0e5e17a8..., userDataDir: C:\Users\PRATHA~1.KUM\AppDa...}, fedcm:accounts: true, goog:chromeOptions: {debuggerAddress: localhost:49451}, networkConnectionEnabled: false, pageLoadStrategy: normal, platformName: WINDOWS, proxy: Proxy(), se:cdp: ws://localhost:49451/devtoo..., se:cdpVersion: 124.0.6367.92, setWindowRect: true, strictFileInteractability: false, timeouts: {implicit: 0, pageLoad: 300000, script: 30000}, unhandledPromptBehavior: dismiss and notify, webauthn:extension:credBlob: true, webauthn:extension:largeBlob: true, webauthn:extension:minPinLength: true, webauthn:extension:prf: true, webauthn:virtualAuthenticators: true}
Session ID: 2cf28825ea7a8a419a5b05b8e5d35d84</small> </font> </div>
<div class="test-event"> <font color="maroon"> <small> &emsp; &emsp;--- 04 May 23:12:55 132 - <b>0</b> - Spinner Load Wait: (Sync) - ICar.support.WaitUtils.waitForSpinner(WaitUtils.java:225)</small> </font> </div>
<div class="test-message">&emsp;Back To Courses is displayed in the page </div>
<div class="test-message">&emsp;Successfully verified Back To Course Link&emsp;<a href=".\ScreenShot\URL_TC001_2718312759289500.png" target="_blank" >[ScreenShot]</a></div>
<div class="test-event"> <font color="maroon"> <small> &emsp; &emsp;--- 04 May 23:12:55 409 - Catched spinner load exception due to javascript error: {"status":32,"value":"An invalid or illegal selector was specified"}
  (Session info: chrome=124.0.6367.92)
Build info: version: '4.6.0', revision: '79f1c02ae20'
System info: os.name: 'Windows 10', os.arch: 'amd64', os.version: '10.0', java.version: '17.0.7'
Driver info: org.openqa.selenium.chrome.ChromeDriver
Command: [2cf28825ea7a8a419a5b05b8e5d35d84, findElement {using=css selector, value=div[class='slds-spinner slds-spinner_brand slds-spinner_small']>div:nth-child(2)r}]
Capabilities {acceptInsecureCerts: false, browserName: chrome, browserVersion: 124.0.6367.92, chrome: {chromedriverVersion: 124.0.6367.91 (51df0e5e17a8..., userDataDir: C:\Users\PRATHA~1.KUM\AppDa...}, fedcm:accounts: true, goog:chromeOptions: {debuggerAddress: localhost:49451}, networkConnectionEnabled: false, pageLoadStrategy: normal, platformName: WINDOWS, proxy: Proxy(), se:cdp: ws://localhost:49451/devtoo..., se:cdpVersion: 124.0.6367.92, setWindowRect: true, strictFileInteractability: false, timeouts: {implicit: 0, pageLoad: 300000, script: 30000}, unhandledPromptBehavior: dismiss and notify, webauthn:extension:credBlob: true, webauthn:extension:largeBlob: true, webauthn:extension:minPinLength: true, webauthn:extension:prf: true, webauthn:virtualAuthenticators: true}
Session ID: 2cf28825ea7a8a419a5b05b8e5d35d84</small> </font> </div>
<div class="test-event"> <font color="maroon"> <small> &emsp; &emsp;--- 04 May 23:12:55 409 - <b>0</b> - Spinner Load Wait: (Sync) - ICar.support.WaitUtils.waitForSpinner(WaitUtils.java:225)</small> </font> </div>
<div class="test-event"> <font color="maroon"> <small> &emsp; &emsp;--- 04 May 23:12:55 479 - Page URL:: https://www.i-car.com/product/ford-2024-ranger-new-model-training</small> </font> </div>
<div class="test-event"> <font color="maroon"> <small> &emsp; &emsp;--- 04 May 23:12:55 479 - <b>0</b> - Page Load Wait: (Sync) - ICar.support.Utils.waitForPageLoad(Utils.java:109)</small> </font> </div>
<div class="test-event"> <font color="maroon"> <small> &emsp; &emsp;--- 04 May 23:13:05 525 - Element is displayed:: [[ChromeDriver: chrome on WINDOWS (2cf28825ea7a8a419a5b05b8e5d35d84)] -> xpath: //div[@class='productDetails slds-p-bottom_large']//div[contains(@class,'slds-p-bottom_medium')]]</small> </font> </div>
<div class="test-message">&emsp;Course Name : Ford2024RangerNewModelTraining is displayed in the URL page</div>
<div class="test-message">&emsp;Successfully verified the course name for relevant link&emsp;<a href=".\ScreenShot\URL_TC001_2718331167063000.png" target="_blank" >[ScreenShot]</a></div>
<div class="test-message">&emsp;
</div>
<div class="test-message">&emsp;40. URL is : https://www.i-car.com/product/steering-and-suspension-diagnostics</div>
<div class="test-event"> <font color="maroon"> <small> &emsp; &emsp;--- 04 May 23:13:14 711 - Page URL:: https://www.i-car.com/product/steering-and-suspension-diagnostics</small> </font> </div>
<div class="test-event"> <font color="maroon"> <small> &emsp; &emsp;--- 04 May 23:13:14 711 - <b>0</b> - Page Load Wait: (Sync) - ICar.support.Utils.waitForPageLoad(Utils.java:109)</small> </font> </div>
<div class="test-message">&emsp;Successfully navigated to the :  https://www.i-car.com/product/steering-and-suspension-diagnostics   Page&emsp;<a href=".\ScreenShot\URL_TC001_2718332325032000.png" target="_blank" >[ScreenShot]</a></div>
<div class="test-event"> <font color="maroon"> <small> &emsp; &emsp;--- 04 May 23:13:15 005 - Page URL:: https://www.i-car.com/product/steering-and-suspension-diagnostics</small> </font> </div>
<div class="test-event"> <font color="maroon"> <small> &emsp; &emsp;--- 04 May 23:13:15 005 - <b>0</b> - Page Load Wait: (Sync) - ICar.support.Utils.waitForPageLoad(Utils.java:109)</small> </font> </div>
<div class="test-event"> <font color="maroon"> <small> &emsp; &emsp;--- 04 May 23:13:15 014 - Catched spinner load exception due to javascript error: {"status":32,"value":"An invalid or illegal selector was specified"}
  (Session info: chrome=124.0.6367.92)
Build info: version: '4.6.0', revision: '79f1c02ae20'
System info: os.name: 'Windows 10', os.arch: 'amd64', os.version: '10.0', java.version: '17.0.7'
Driver info: org.openqa.selenium.chrome.ChromeDriver
Command: [2cf28825ea7a8a419a5b05b8e5d35d84, findElement {using=css selector, value=div[class='slds-spinner slds-spinner_brand slds-spinner_small']>div:nth-child(2)r}]
Capabilities {acceptInsecureCerts: false, browserName: chrome, browserVersion: 124.0.6367.92, chrome: {chromedriverVersion: 124.0.6367.91 (51df0e5e17a8..., userDataDir: C:\Users\PRATHA~1.KUM\AppDa...}, fedcm:accounts: true, goog:chromeOptions: {debuggerAddress: localhost:49451}, networkConnectionEnabled: false, pageLoadStrategy: normal, platformName: WINDOWS, proxy: Proxy(), se:cdp: ws://localhost:49451/devtoo..., se:cdpVersion: 124.0.6367.92, setWindowRect: true, strictFileInteractability: false, timeouts: {implicit: 0, pageLoad: 300000, script: 30000}, unhandledPromptBehavior: dismiss and notify, webauthn:extension:credBlob: true, webauthn:extension:largeBlob: true, webauthn:extension:minPinLength: true, webauthn:extension:prf: true, webauthn:virtualAuthenticators: true}
Session ID: 2cf28825ea7a8a419a5b05b8e5d35d84</small> </font> </div>
<div class="test-event"> <font color="maroon"> <small> &emsp; &emsp;--- 04 May 23:13:15 014 - <b>0</b> - Spinner Load Wait: (Sync) - ICar.support.WaitUtils.waitForSpinner(WaitUtils.java:225)</small> </font> </div>
<div class="test-event"> <font color="maroon"> <small> &emsp; &emsp;--- 04 May 23:13:25 113 - Page URL:: https://www.i-car.com/product/steering-and-suspension-diagnostics</small> </font> </div>
<div class="test-event"> <font color="maroon"> <small> &emsp; &emsp;--- 04 May 23:13:25 113 - <b>0</b> - Page Load Wait: (Sync) - ICar.support.Utils.waitForPageLoad(Utils.java:109)</small> </font> </div>
<div class="test-event"> <font color="maroon"> <small> &emsp; &emsp;--- 04 May 23:13:25 132 - Element is displayed:: [[ChromeDriver: chrome on WINDOWS (2cf28825ea7a8a419a5b05b8e5d35d84)] -> xpath: //a[contains(text(),'Back to Courses')]]</small> </font> </div>
<div class="test-event"> <font color="maroon"> <small> &emsp; &emsp;--- 04 May 23:13:32 177 - Catched spinner load exception due to javascript error: {"status":32,"value":"An invalid or illegal selector was specified"}
  (Session info: chrome=124.0.6367.92)
Build info: version: '4.6.0', revision: '79f1c02ae20'
System info: os.name: 'Windows 10', os.arch: 'amd64', os.version: '10.0', java.version: '17.0.7'
Driver info: org.openqa.selenium.chrome.ChromeDriver
Command: [2cf28825ea7a8a419a5b05b8e5d35d84, findElement {using=css selector, value=div[class='slds-spinner slds-spinner_brand slds-spinner_small']>div:nth-child(2)r}]
Capabilities {acceptInsecureCerts: false, browserName: chrome, browserVersion: 124.0.6367.92, chrome: {chromedriverVersion: 124.0.6367.91 (51df0e5e17a8..., userDataDir: C:\Users\PRATHA~1.KUM\AppDa...}, fedcm:accounts: true, goog:chromeOptions: {debuggerAddress: localhost:49451}, networkConnectionEnabled: false, pageLoadStrategy: normal, platformName: WINDOWS, proxy: Proxy(), se:cdp: ws://localhost:49451/devtoo..., se:cdpVersion: 124.0.6367.92, setWindowRect: true, strictFileInteractability: false, timeouts: {implicit: 0, pageLoad: 300000, script: 30000}, unhandledPromptBehavior: dismiss and notify, webauthn:extension:credBlob: true, webauthn:extension:largeBlob: true, webauthn:extension:minPinLength: true, webauthn:extension:prf: true, webauthn:virtualAuthenticators: true}
Session ID: 2cf28825ea7a8a419a5b05b8e5d35d84</small> </font> </div>
<div class="test-event"> <font color="maroon"> <small> &emsp; &emsp;--- 04 May 23:13:32 177 - <b>0</b> - Spinner Load Wait: (Sync) - ICar.support.WaitUtils.waitForSpinner(WaitUtils.java:225)</small> </font> </div>
<div class="test-message">&emsp;Back To Courses is displayed in the page </div>
<div class="test-message">&emsp;Successfully verified Back To Course Link&emsp;<a href=".\ScreenShot\URL_TC001_2718349804624200.png" target="_blank" >[ScreenShot]</a></div>
<div class="test-event"> <font color="maroon"> <small> &emsp; &emsp;--- 04 May 23:13:32 425 - Catched spinner load exception due to javascript error: {"status":32,"value":"An invalid or illegal selector was specified"}
  (Session info: chrome=124.0.6367.92)
Build info: version: '4.6.0', revision: '79f1c02ae20'
System info: os.name: 'Windows 10', os.arch: 'amd64', os.version: '10.0', java.version: '17.0.7'
Driver info: org.openqa.selenium.chrome.ChromeDriver
Command: [2cf28825ea7a8a419a5b05b8e5d35d84, findElement {using=css selector, value=div[class='slds-spinner slds-spinner_brand slds-spinner_small']>div:nth-child(2)r}]
Capabilities {acceptInsecureCerts: false, browserName: chrome, browserVersion: 124.0.6367.92, chrome: {chromedriverVersion: 124.0.6367.91 (51df0e5e17a8..., userDataDir: C:\Users\PRATHA~1.KUM\AppDa...}, fedcm:accounts: true, goog:chromeOptions: {debuggerAddress: localhost:49451}, networkConnectionEnabled: false, pageLoadStrategy: normal, platformName: WINDOWS, proxy: Proxy(), se:cdp: ws://localhost:49451/devtoo..., se:cdpVersion: 124.0.6367.92, setWindowRect: true, strictFileInteractability: false, timeouts: {implicit: 0, pageLoad: 300000, script: 30000}, unhandledPromptBehavior: dismiss and notify, webauthn:extension:credBlob: true, webauthn:extension:largeBlob: true, webauthn:extension:minPinLength: true, webauthn:extension:prf: true, webauthn:virtualAuthenticators: true}
Session ID: 2cf28825ea7a8a419a5b05b8e5d35d84</small> </font> </div>
<div class="test-event"> <font color="maroon"> <small> &emsp; &emsp;--- 04 May 23:13:32 425 - <b>0</b> - Spinner Load Wait: (Sync) - ICar.support.WaitUtils.waitForSpinner(WaitUtils.java:225)</small> </font> </div>
<div class="test-event"> <font color="maroon"> <small> &emsp; &emsp;--- 04 May 23:13:32 511 - Page URL:: https://www.i-car.com/product/steering-and-suspension-diagnostics</small> </font> </div>
<div class="test-event"> <font color="maroon"> <small> &emsp; &emsp;--- 04 May 23:13:32 511 - <b>0</b> - Page Load Wait: (Sync) - ICar.support.Utils.waitForPageLoad(Utils.java:109)</small> </font> </div>
<div class="test-event"> <font color="maroon"> <small> &emsp; &emsp;--- 04 May 23:13:42 557 - Element is displayed:: [[ChromeDriver: chrome on WINDOWS (2cf28825ea7a8a419a5b05b8e5d35d84)] -> xpath: //div[@class='productDetails slds-p-bottom_large']//div[contains(@class,'slds-p-bottom_medium')]]</small> </font> </div>
<div class="test-message">&emsp;Course Name : SteeringandSuspensionDiagnostics is displayed in the URL page</div>
<div class="test-message">&emsp;Successfully verified the course name for relevant link&emsp;<a href=".\ScreenShot\URL_TC001_2718368193106400.png" target="_blank" >[ScreenShot]</a></div>
<div class="test-message">&emsp;
</div>
<div class="test-message">&emsp;41. URL is : https://www.i-car.com/product/basic-disassembly-and-damage-analysis-discovery</div>
<div class="test-event"> <font color="maroon"> <small> &emsp; &emsp;--- 04 May 23:13:51 754 - Page URL:: https://www.i-car.com/product/basic-disassembly-and-damage-analysis-discovery</small> </font> </div>
<div class="test-event"> <font color="maroon"> <small> &emsp; &emsp;--- 04 May 23:13:51 754 - <b>0</b> - Page Load Wait: (Sync) - ICar.support.Utils.waitForPageLoad(Utils.java:109)</small> </font> </div>
<div class="test-message">&emsp;Successfully navigated to the :  https://www.i-car.com/product/basic-disassembly-and-damage-analysis-discovery   Page&emsp;<a href=".\ScreenShot\URL_TC001_2718369368455000.png" target="_blank" >[ScreenShot]</a></div>
<div class="test-event"> <font color="maroon"> <small> &emsp; &emsp;--- 04 May 23:13:52 015 - Page URL:: https://www.i-car.com/product/basic-disassembly-and-damage-analysis-discovery</small> </font> </div>
<div class="test-event"> <font color="maroon"> <small> &emsp; &emsp;--- 04 May 23:13:52 015 - <b>0</b> - Page Load Wait: (Sync) - ICar.support.Utils.waitForPageLoad(Utils.java:109)</small> </font> </div>
<div class="test-event"> <font color="maroon"> <small> &emsp; &emsp;--- 04 May 23:13:52 024 - Catched spinner load exception due to javascript error: {"status":32,"value":"An invalid or illegal selector was specified"}
  (Session info: chrome=124.0.6367.92)
Build info: version: '4.6.0', revision: '79f1c02ae20'
System info: os.name: 'Windows 10', os.arch: 'amd64', os.version: '10.0', java.version: '17.0.7'
Driver info: org.openqa.selenium.chrome.ChromeDriver
Command: [2cf28825ea7a8a419a5b05b8e5d35d84, findElement {using=css selector, value=div[class='slds-spinner slds-spinner_brand slds-spinner_small']>div:nth-child(2)r}]
Capabilities {acceptInsecureCerts: false, browserName: chrome, browserVersion: 124.0.6367.92, chrome: {chromedriverVersion: 124.0.6367.91 (51df0e5e17a8..., userDataDir: C:\Users\PRATHA~1.KUM\AppDa...}, fedcm:accounts: true, goog:chromeOptions: {debuggerAddress: localhost:49451}, networkConnectionEnabled: false, pageLoadStrategy: normal, platformName: WINDOWS, proxy: Proxy(), se:cdp: ws://localhost:49451/devtoo..., se:cdpVersion: 124.0.6367.92, setWindowRect: true, strictFileInteractability: false, timeouts: {implicit: 0, pageLoad: 300000, script: 30000}, unhandledPromptBehavior: dismiss and notify, webauthn:extension:credBlob: true, webauthn:extension:largeBlob: true, webauthn:extension:minPinLength: true, webauthn:extension:prf: true, webauthn:virtualAuthenticators: true}
Session ID: 2cf28825ea7a8a419a5b05b8e5d35d84</small> </font> </div>
<div class="test-event"> <font color="maroon"> <small> &emsp; &emsp;--- 04 May 23:13:52 024 - <b>0</b> - Spinner Load Wait: (Sync) - ICar.support.WaitUtils.waitForSpinner(WaitUtils.java:225)</small> </font> </div>
<div class="test-message">&emsp;Error while verifying the URL page  : no such element: Unable to locate element: {"method":"xpath","selector":"//a[contains(text(),'Back to Courses')]"}
  (Session info: chrome=124.0.6367.92)
For documentation on this error, please visit: https://selenium.dev/exceptions/#no_such_element
Build info: version: '4.6.0', revision: '79f1c02ae20'
System info: os.name: 'Windows 10', os.arch: 'amd64', os.version: '10.0', java.version: '17.0.7'
Driver info: org.openqa.selenium.chrome.ChromeDriver
Command: [2cf28825ea7a8a419a5b05b8e5d35d84, findElement {using=xpath, value=//a[contains(text(),'Back to Courses')]}]
Capabilities {acceptInsecureCerts: false, browserName: chrome, browserVersion: 124.0.6367.92, chrome: {chromedriverVersion: 124.0.6367.91 (51df0e5e17a8..., userDataDir: C:\Users\PRATHA~1.KUM\AppDa...}, fedcm:accounts: true, goog:chromeOptions: {debuggerAddress: localhost:49451}, networkConnectionEnabled: false, pageLoadStrategy: normal, platformName: WINDOWS, proxy: Proxy(), se:cdp: ws://localhost:49451/devtoo..., se:cdpVersion: 124.0.6367.92, setWindowRect: true, strictFileInteractability: false, timeouts: {implicit: 0, pageLoad: 300000, script: 30000}, unhandledPromptBehavior: dismiss and notify, webauthn:extension:credBlob: true, webauthn:extension:largeBlob: true, webauthn:extension:minPinLength: true, webauthn:extension:prf: true, webauthn:virtualAuthenticators: true}
Session ID: 2cf28825ea7a8a419a5b05b8e5d35d84</div>
<div class="test-result"><font color="red">&emsp;Failed to verify Back To Course Link</font><a href=".\ScreenShot\URL_TC001_2718379654246400.png" target="_blank" >[ScreenShot]</a></div>
<!--FAILSOFT-->
<div class="test-event"> <font color="maroon"> <small> &emsp; &emsp;--- 04 May 23:14:02 209 - Catched spinner load exception due to javascript error: {"status":32,"value":"An invalid or illegal selector was specified"}
  (Session info: chrome=124.0.6367.92)
Build info: version: '4.6.0', revision: '79f1c02ae20'
System info: os.name: 'Windows 10', os.arch: 'amd64', os.version: '10.0', java.version: '17.0.7'
Driver info: org.openqa.selenium.chrome.ChromeDriver
Command: [2cf28825ea7a8a419a5b05b8e5d35d84, findElement {using=css selector, value=div[class='slds-spinner slds-spinner_brand slds-spinner_small']>div:nth-child(2)r}]
Capabilities {acceptInsecureCerts: false, browserName: chrome, browserVersion: 124.0.6367.92, chrome: {chromedriverVersion: 124.0.6367.91 (51df0e5e17a8..., userDataDir: C:\Users\PRATHA~1.KUM\AppDa...}, fedcm:accounts: true, goog:chromeOptions: {debuggerAddress: localhost:49451}, networkConnectionEnabled: false, pageLoadStrategy: normal, platformName: WINDOWS, proxy: Proxy(), se:cdp: ws://localhost:49451/devtoo..., se:cdpVersion: 124.0.6367.92, setWindowRect: true, strictFileInteractability: false, timeouts: {implicit: 0, pageLoad: 300000, script: 30000}, unhandledPromptBehavior: dismiss and notify, webauthn:extension:credBlob: true, webauthn:extension:largeBlob: true, webauthn:extension:minPinLength: true, webauthn:extension:prf: true, webauthn:virtualAuthenticators: true}
Session ID: 2cf28825ea7a8a419a5b05b8e5d35d84</small> </font> </div>
<div class="test-event"> <font color="maroon"> <small> &emsp; &emsp;--- 04 May 23:14:02 209 - <b>0</b> - Spinner Load Wait: (Sync) - ICar.support.WaitUtils.waitForSpinner(WaitUtils.java:225)</small> </font> </div>
<div class="test-event"> <font color="maroon"> <small> &emsp; &emsp;--- 04 May 23:14:02 271 - Page URL:: https://www.i-car.com/product/basic-disassembly-and-damage-analysis-discovery</small> </font> </div>
<div class="test-event"> <font color="maroon"> <small> &emsp; &emsp;--- 04 May 23:14:02 271 - <b>0</b> - Page Load Wait: (Sync) - ICar.support.Utils.waitForPageLoad(Utils.java:109)</small> </font> </div>
<div class="test-event"> <font color="maroon"> <small> &emsp; &emsp;--- 04 May 23:15:40 759 - Unable to find an element after 20 sec ==> Proxy element for: AjaxElementLocator 'By.xpath: //div[@class='productDetails slds-p-bottom_large']//div[contains(@class,'slds-p-bottom_medium')]'</small> </font> </div>
<div class="test-message">&emsp;Course Name : null is not displayed in the URL page</div>
<div class="test-message">&emsp;Error while verifying the 'Course Name' in the URL page : Timed out after 3 seconds. Unable to locate the element</div>
<div class="test-result"><font color="red">&emsp;Failed to verify the course name for relevant link</font><a href=".\ScreenShot\URL_TC001_2718481585937300.png" target="_blank" >[ScreenShot]</a></div>
<!--FAILSOFT-->
<div class="test-message">&emsp;
</div>
<div class="test-message">&emsp;42. URL is : https://www.i-car.com/product/chief-mi200t-spot-welder-setup-and-operation</div>
<div class="test-event"> <font color="maroon"> <small> &emsp; &emsp;--- 04 May 23:15:45 108 - Page URL:: https://www.i-car.com/product/chief-mi200t-spot-welder-setup-and-operation</small> </font> </div>
<div class="test-event"> <font color="maroon"> <small> &emsp; &emsp;--- 04 May 23:15:45 108 - <b>0</b> - Page Load Wait: (Sync) - ICar.support.Utils.waitForPageLoad(Utils.java:109)</small> </font> </div>
<div class="test-message">&emsp;Successfully navigated to the :  https://www.i-car.com/product/chief-mi200t-spot-welder-setup-and-operation   Page&emsp;<a href=".\ScreenShot\URL_TC001_2718482722358300.png" target="_blank" >[ScreenShot]</a></div>
<div class="test-event"> <font color="maroon"> <small> &emsp; &emsp;--- 04 May 23:15:45 408 - Page URL:: https://www.i-car.com/product/chief-mi200t-spot-welder-setup-and-operation</small> </font> </div>
<div class="test-event"> <font color="maroon"> <small> &emsp; &emsp;--- 04 May 23:15:45 408 - <b>0</b> - Page Load Wait: (Sync) - ICar.support.Utils.waitForPageLoad(Utils.java:109)</small> </font> </div>
<div class="test-event"> <font color="maroon"> <small> &emsp; &emsp;--- 04 May 23:15:45 418 - Catched spinner load exception due to javascript error: {"status":32,"value":"An invalid or illegal selector was specified"}
  (Session info: chrome=124.0.6367.92)
Build info: version: '4.6.0', revision: '79f1c02ae20'
System info: os.name: 'Windows 10', os.arch: 'amd64', os.version: '10.0', java.version: '17.0.7'
Driver info: org.openqa.selenium.chrome.ChromeDriver
Command: [2cf28825ea7a8a419a5b05b8e5d35d84, findElement {using=css selector, value=div[class='slds-spinner slds-spinner_brand slds-spinner_small']>div:nth-child(2)r}]
Capabilities {acceptInsecureCerts: false, browserName: chrome, browserVersion: 124.0.6367.92, chrome: {chromedriverVersion: 124.0.6367.91 (51df0e5e17a8..., userDataDir: C:\Users\PRATHA~1.KUM\AppDa...}, fedcm:accounts: true, goog:chromeOptions: {debuggerAddress: localhost:49451}, networkConnectionEnabled: false, pageLoadStrategy: normal, platformName: WINDOWS, proxy: Proxy(), se:cdp: ws://localhost:49451/devtoo..., se:cdpVersion: 124.0.6367.92, setWindowRect: true, strictFileInteractability: false, timeouts: {implicit: 0, pageLoad: 300000, script: 30000}, unhandledPromptBehavior: dismiss and notify, webauthn:extension:credBlob: true, webauthn:extension:largeBlob: true, webauthn:extension:minPinLength: true, webauthn:extension:prf: true, webauthn:virtualAuthenticators: true}
Session ID: 2cf28825ea7a8a419a5b05b8e5d35d84</small> </font> </div>
<div class="test-event"> <font color="maroon"> <small> &emsp; &emsp;--- 04 May 23:15:45 418 - <b>0</b> - Spinner Load Wait: (Sync) - ICar.support.WaitUtils.waitForSpinner(WaitUtils.java:225)</small> </font> </div>
<div class="test-event"> <font color="maroon"> <small> &emsp; &emsp;--- 04 May 23:15:55 499 - Page URL:: https://www.i-car.com/product/chief-mi200t-spot-welder-setup-and-operation</small> </font> </div>
<div class="test-event"> <font color="maroon"> <small> &emsp; &emsp;--- 04 May 23:15:55 499 - <b>0</b> - Page Load Wait: (Sync) - ICar.support.Utils.waitForPageLoad(Utils.java:109)</small> </font> </div>
<div class="test-event"> <font color="maroon"> <small> &emsp; &emsp;--- 04 May 23:15:55 525 - Element is displayed:: [[ChromeDriver: chrome on WINDOWS (2cf28825ea7a8a419a5b05b8e5d35d84)] -> xpath: //a[contains(text(),'Back to Courses')]]</small> </font> </div>
<div class="test-event"> <font color="maroon"> <small> &emsp; &emsp;--- 04 May 23:16:02 557 - Catched spinner load exception due to javascript error: {"status":32,"value":"An invalid or illegal selector was specified"}
  (Session info: chrome=124.0.6367.92)
Build info: version: '4.6.0', revision: '79f1c02ae20'
System info: os.name: 'Windows 10', os.arch: 'amd64', os.version: '10.0', java.version: '17.0.7'
Driver info: org.openqa.selenium.chrome.ChromeDriver
Command: [2cf28825ea7a8a419a5b05b8e5d35d84, findElement {using=css selector, value=div[class='slds-spinner slds-spinner_brand slds-spinner_small']>div:nth-child(2)r}]
Capabilities {acceptInsecureCerts: false, browserName: chrome, browserVersion: 124.0.6367.92, chrome: {chromedriverVersion: 124.0.6367.91 (51df0e5e17a8..., userDataDir: C:\Users\PRATHA~1.KUM\AppDa...}, fedcm:accounts: true, goog:chromeOptions: {debuggerAddress: localhost:49451}, networkConnectionEnabled: false, pageLoadStrategy: normal, platformName: WINDOWS, proxy: Proxy(), se:cdp: ws://localhost:49451/devtoo..., se:cdpVersion: 124.0.6367.92, setWindowRect: true, strictFileInteractability: false, timeouts: {implicit: 0, pageLoad: 300000, script: 30000}, unhandledPromptBehavior: dismiss and notify, webauthn:extension:credBlob: true, webauthn:extension:largeBlob: true, webauthn:extension:minPinLength: true, webauthn:extension:prf: true, webauthn:virtualAuthenticators: true}
Session ID: 2cf28825ea7a8a419a5b05b8e5d35d84</small> </font> </div>
<div class="test-event"> <font color="maroon"> <small> &emsp; &emsp;--- 04 May 23:16:02 557 - <b>0</b> - Spinner Load Wait: (Sync) - ICar.support.WaitUtils.waitForSpinner(WaitUtils.java:225)</small> </font> </div>
<div class="test-message">&emsp;Back To Courses is displayed in the page </div>
<div class="test-message">&emsp;Successfully verified Back To Course Link&emsp;<a href=".\ScreenShot\URL_TC001_2718500185018700.png" target="_blank" >[ScreenShot]</a></div>
<div class="test-event"> <font color="maroon"> <small> &emsp; &emsp;--- 04 May 23:16:02 807 - Catched spinner load exception due to javascript error: {"status":32,"value":"An invalid or illegal selector was specified"}
  (Session info: chrome=124.0.6367.92)
Build info: version: '4.6.0', revision: '79f1c02ae20'
System info: os.name: 'Windows 10', os.arch: 'amd64', os.version: '10.0', java.version: '17.0.7'
Driver info: org.openqa.selenium.chrome.ChromeDriver
Command: [2cf28825ea7a8a419a5b05b8e5d35d84, findElement {using=css selector, value=div[class='slds-spinner slds-spinner_brand slds-spinner_small']>div:nth-child(2)r}]
Capabilities {acceptInsecureCerts: false, browserName: chrome, browserVersion: 124.0.6367.92, chrome: {chromedriverVersion: 124.0.6367.91 (51df0e5e17a8..., userDataDir: C:\Users\PRATHA~1.KUM\AppDa...}, fedcm:accounts: true, goog:chromeOptions: {debuggerAddress: localhost:49451}, networkConnectionEnabled: false, pageLoadStrategy: normal, platformName: WINDOWS, proxy: Proxy(), se:cdp: ws://localhost:49451/devtoo..., se:cdpVersion: 124.0.6367.92, setWindowRect: true, strictFileInteractability: false, timeouts: {implicit: 0, pageLoad: 300000, script: 30000}, unhandledPromptBehavior: dismiss and notify, webauthn:extension:credBlob: true, webauthn:extension:largeBlob: true, webauthn:extension:minPinLength: true, webauthn:extension:prf: true, webauthn:virtualAuthenticators: true}
Session ID: 2cf28825ea7a8a419a5b05b8e5d35d84</small> </font> </div>
<div class="test-event"> <font color="maroon"> <small> &emsp; &emsp;--- 04 May 23:16:02 807 - <b>0</b> - Spinner Load Wait: (Sync) - ICar.support.WaitUtils.waitForSpinner(WaitUtils.java:225)</small> </font> </div>
<div class="test-event"> <font color="maroon"> <small> &emsp; &emsp;--- 04 May 23:16:02 872 - Page URL:: https://www.i-car.com/product/chief-mi200t-spot-welder-setup-and-operation</small> </font> </div>
<div class="test-event"> <font color="maroon"> <small> &emsp; &emsp;--- 04 May 23:16:02 872 - <b>0</b> - Page Load Wait: (Sync) - ICar.support.Utils.waitForPageLoad(Utils.java:109)</small> </font> </div>
<div class="test-event"> <font color="maroon"> <small> &emsp; &emsp;--- 04 May 23:16:12 924 - Element is displayed:: [[ChromeDriver: chrome on WINDOWS (2cf28825ea7a8a419a5b05b8e5d35d84)] -> xpath: //div[@class='productDetails slds-p-bottom_large']//div[contains(@class,'slds-p-bottom_medium')]]</small> </font> </div>
<div class="test-message">&emsp;Course Name : ChiefMI200TSpotWelderSetupandOperation is displayed in the URL page</div>
<div class="test-message">&emsp;Successfully verified the course name for relevant link&emsp;<a href=".\ScreenShot\URL_TC001_2718518566403700.png" target="_blank" >[ScreenShot]</a></div>
<div class="test-message">&emsp;
</div>
<div class="test-message">&emsp;43. URL is : https://www.i-car.com/product/training-and-certification-steel-sectioning</div>
<div class="test-event"> <font color="maroon"> <small> &emsp; &emsp;--- 04 May 23:16:21 870 - Page URL:: https://www.i-car.com/product/training-and-certification-steel-sectioning</small> </font> </div>
<div class="test-event"> <font color="maroon"> <small> &emsp; &emsp;--- 04 May 23:16:21 870 - <b>0</b> - Page Load Wait: (Sync) - ICar.support.Utils.waitForPageLoad(Utils.java:109)</small> </font> </div>
<div class="test-message">&emsp;Successfully navigated to the :  https://www.i-car.com/product/training-and-certification-steel-sectioning   Page&emsp;<a href=".\ScreenShot\URL_TC001_2718519484010700.png" target="_blank" >[ScreenShot]</a></div>
<div class="test-event"> <font color="maroon"> <small> &emsp; &emsp;--- 04 May 23:16:22 154 - Page URL:: https://www.i-car.com/product/training-and-certification-steel-sectioning</small> </font> </div>
<div class="test-event"> <font color="maroon"> <small> &emsp; &emsp;--- 04 May 23:16:22 155 - <b>0</b> - Page Load Wait: (Sync) - ICar.support.Utils.waitForPageLoad(Utils.java:109)</small> </font> </div>
<div class="test-event"> <font color="maroon"> <small> &emsp; &emsp;--- 04 May 23:16:22 163 - Catched spinner load exception due to javascript error: {"status":32,"value":"An invalid or illegal selector was specified"}
  (Session info: chrome=124.0.6367.92)
Build info: version: '4.6.0', revision: '79f1c02ae20'
System info: os.name: 'Windows 10', os.arch: 'amd64', os.version: '10.0', java.version: '17.0.7'
Driver info: org.openqa.selenium.chrome.ChromeDriver
Command: [2cf28825ea7a8a419a5b05b8e5d35d84, findElement {using=css selector, value=div[class='slds-spinner slds-spinner_brand slds-spinner_small']>div:nth-child(2)r}]
Capabilities {acceptInsecureCerts: false, browserName: chrome, browserVersion: 124.0.6367.92, chrome: {chromedriverVersion: 124.0.6367.91 (51df0e5e17a8..., userDataDir: C:\Users\PRATHA~1.KUM\AppDa...}, fedcm:accounts: true, goog:chromeOptions: {debuggerAddress: localhost:49451}, networkConnectionEnabled: false, pageLoadStrategy: normal, platformName: WINDOWS, proxy: Proxy(), se:cdp: ws://localhost:49451/devtoo..., se:cdpVersion: 124.0.6367.92, setWindowRect: true, strictFileInteractability: false, timeouts: {implicit: 0, pageLoad: 300000, script: 30000}, unhandledPromptBehavior: dismiss and notify, webauthn:extension:credBlob: true, webauthn:extension:largeBlob: true, webauthn:extension:minPinLength: true, webauthn:extension:prf: true, webauthn:virtualAuthenticators: true}
Session ID: 2cf28825ea7a8a419a5b05b8e5d35d84</small> </font> </div>
<div class="test-event"> <font color="maroon"> <small> &emsp; &emsp;--- 04 May 23:16:22 163 - <b>0</b> - Spinner Load Wait: (Sync) - ICar.support.WaitUtils.waitForSpinner(WaitUtils.java:225)</small> </font> </div>
<div class="test-event"> <font color="maroon"> <small> &emsp; &emsp;--- 04 May 23:16:32 246 - Page URL:: https://www.i-car.com/product/training-and-certification-steel-sectioning</small> </font> </div>
<div class="test-event"> <font color="maroon"> <small> &emsp; &emsp;--- 04 May 23:16:32 246 - <b>0</b> - Page Load Wait: (Sync) - ICar.support.Utils.waitForPageLoad(Utils.java:109)</small> </font> </div>
<div class="test-event"> <font color="maroon"> <small> &emsp; &emsp;--- 04 May 23:16:32 263 - Element is displayed:: [[ChromeDriver: chrome on WINDOWS (2cf28825ea7a8a419a5b05b8e5d35d84)] -> xpath: //a[contains(text(),'Back to Courses')]]</small> </font> </div>
<div class="test-event"> <font color="maroon"> <small> &emsp; &emsp;--- 04 May 23:16:39 302 - Catched spinner load exception due to javascript error: {"status":32,"value":"An invalid or illegal selector was specified"}
  (Session info: chrome=124.0.6367.92)
Build info: version: '4.6.0', revision: '79f1c02ae20'
System info: os.name: 'Windows 10', os.arch: 'amd64', os.version: '10.0', java.version: '17.0.7'
Driver info: org.openqa.selenium.chrome.ChromeDriver
Command: [2cf28825ea7a8a419a5b05b8e5d35d84, findElement {using=css selector, value=div[class='slds-spinner slds-spinner_brand slds-spinner_small']>div:nth-child(2)r}]
Capabilities {acceptInsecureCerts: false, browserName: chrome, browserVersion: 124.0.6367.92, chrome: {chromedriverVersion: 124.0.6367.91 (51df0e5e17a8..., userDataDir: C:\Users\PRATHA~1.KUM\AppDa...}, fedcm:accounts: true, goog:chromeOptions: {debuggerAddress: localhost:49451}, networkConnectionEnabled: false, pageLoadStrategy: normal, platformName: WINDOWS, proxy: Proxy(), se:cdp: ws://localhost:49451/devtoo..., se:cdpVersion: 124.0.6367.92, setWindowRect: true, strictFileInteractability: false, timeouts: {implicit: 0, pageLoad: 300000, script: 30000}, unhandledPromptBehavior: dismiss and notify, webauthn:extension:credBlob: true, webauthn:extension:largeBlob: true, webauthn:extension:minPinLength: true, webauthn:extension:prf: true, webauthn:virtualAuthenticators: true}
Session ID: 2cf28825ea7a8a419a5b05b8e5d35d84</small> </font> </div>
<div class="test-event"> <font color="maroon"> <small> &emsp; &emsp;--- 04 May 23:16:39 303 - <b>0</b> - Spinner Load Wait: (Sync) - ICar.support.WaitUtils.waitForSpinner(WaitUtils.java:225)</small> </font> </div>
<div class="test-message">&emsp;Back To Courses is displayed in the page </div>
<div class="test-message">&emsp;Successfully verified Back To Course Link&emsp;<a href=".\ScreenShot\URL_TC001_2718536931309800.png" target="_blank" >[ScreenShot]</a></div>
<div class="test-event"> <font color="maroon"> <small> &emsp; &emsp;--- 04 May 23:16:39 528 - Catched spinner load exception due to javascript error: {"status":32,"value":"An invalid or illegal selector was specified"}
  (Session info: chrome=124.0.6367.92)
Build info: version: '4.6.0', revision: '79f1c02ae20'
System info: os.name: 'Windows 10', os.arch: 'amd64', os.version: '10.0', java.version: '17.0.7'
Driver info: org.openqa.selenium.chrome.ChromeDriver
Command: [2cf28825ea7a8a419a5b05b8e5d35d84, findElement {using=css selector, value=div[class='slds-spinner slds-spinner_brand slds-spinner_small']>div:nth-child(2)r}]
Capabilities {acceptInsecureCerts: false, browserName: chrome, browserVersion: 124.0.6367.92, chrome: {chromedriverVersion: 124.0.6367.91 (51df0e5e17a8..., userDataDir: C:\Users\PRATHA~1.KUM\AppDa...}, fedcm:accounts: true, goog:chromeOptions: {debuggerAddress: localhost:49451}, networkConnectionEnabled: false, pageLoadStrategy: normal, platformName: WINDOWS, proxy: Proxy(), se:cdp: ws://localhost:49451/devtoo..., se:cdpVersion: 124.0.6367.92, setWindowRect: true, strictFileInteractability: false, timeouts: {implicit: 0, pageLoad: 300000, script: 30000}, unhandledPromptBehavior: dismiss and notify, webauthn:extension:credBlob: true, webauthn:extension:largeBlob: true, webauthn:extension:minPinLength: true, webauthn:extension:prf: true, webauthn:virtualAuthenticators: true}
Session ID: 2cf28825ea7a8a419a5b05b8e5d35d84</small> </font> </div>
<div class="test-event"> <font color="maroon"> <small> &emsp; &emsp;--- 04 May 23:16:39 528 - <b>0</b> - Spinner Load Wait: (Sync) - ICar.support.WaitUtils.waitForSpinner(WaitUtils.java:225)</small> </font> </div>
<div class="test-event"> <font color="maroon"> <small> &emsp; &emsp;--- 04 May 23:16:39 598 - Page URL:: https://www.i-car.com/product/training-and-certification-steel-sectioning</small> </font> </div>
<div class="test-event"> <font color="maroon"> <small> &emsp; &emsp;--- 04 May 23:16:39 598 - <b>0</b> - Page Load Wait: (Sync) - ICar.support.Utils.waitForPageLoad(Utils.java:109)</small> </font> </div>
<div class="test-event"> <font color="maroon"> <small> &emsp; &emsp;--- 04 May 23:16:49 653 - Element is displayed:: [[ChromeDriver: chrome on WINDOWS (2cf28825ea7a8a419a5b05b8e5d35d84)] -> xpath: //div[@class='productDetails slds-p-bottom_large']//div[contains(@class,'slds-p-bottom_medium')]]</small> </font> </div>
<div class="test-message">&emsp;Course Name : TrainingandCertificationSteelSectioning is displayed in the URL page</div>
<div class="test-message">&emsp;Successfully verified the course name for relevant link&emsp;<a href=".\ScreenShot\URL_TC001_2718555298477500.png" target="_blank" >[ScreenShot]</a></div>
<div class="test-message">&emsp;
</div>
<div class="test-message">&emsp;44. URL is : https://www.i-car.com/product/subaru-course-package</div>
<div class="test-event"> <font color="maroon"> <small> &emsp; &emsp;--- 04 May 23:16:59 538 - Page URL:: https://www.i-car.com/product/subaru-course-package</small> </font> </div>
<div class="test-event"> <font color="maroon"> <small> &emsp; &emsp;--- 04 May 23:16:59 538 - <b>0</b> - Page Load Wait: (Sync) - ICar.support.Utils.waitForPageLoad(Utils.java:109)</small> </font> </div>
<div class="test-message">&emsp;Successfully navigated to the :  https://www.i-car.com/product/subaru-course-package   Page&emsp;<a href=".\ScreenShot\URL_TC001_2718557151799500.png" target="_blank" >[ScreenShot]</a></div>
<div class="test-event"> <font color="maroon"> <small> &emsp; &emsp;--- 04 May 23:16:59 930 - Page URL:: https://www.i-car.com/product/subaru-course-package</small> </font> </div>
<div class="test-event"> <font color="maroon"> <small> &emsp; &emsp;--- 04 May 23:16:59 930 - <b>0</b> - Page Load Wait: (Sync) - ICar.support.Utils.waitForPageLoad(Utils.java:109)</small> </font> </div>
<div class="test-event"> <font color="maroon"> <small> &emsp; &emsp;--- 04 May 23:16:59 939 - Catched spinner load exception due to javascript error: {"status":32,"value":"An invalid or illegal selector was specified"}
  (Session info: chrome=124.0.6367.92)
Build info: version: '4.6.0', revision: '79f1c02ae20'
System info: os.name: 'Windows 10', os.arch: 'amd64', os.version: '10.0', java.version: '17.0.7'
Driver info: org.openqa.selenium.chrome.ChromeDriver
Command: [2cf28825ea7a8a419a5b05b8e5d35d84, findElement {using=css selector, value=div[class='slds-spinner slds-spinner_brand slds-spinner_small']>div:nth-child(2)r}]
Capabilities {acceptInsecureCerts: false, browserName: chrome, browserVersion: 124.0.6367.92, chrome: {chromedriverVersion: 124.0.6367.91 (51df0e5e17a8..., userDataDir: C:\Users\PRATHA~1.KUM\AppDa...}, fedcm:accounts: true, goog:chromeOptions: {debuggerAddress: localhost:49451}, networkConnectionEnabled: false, pageLoadStrategy: normal, platformName: WINDOWS, proxy: Proxy(), se:cdp: ws://localhost:49451/devtoo..., se:cdpVersion: 124.0.6367.92, setWindowRect: true, strictFileInteractability: false, timeouts: {implicit: 0, pageLoad: 300000, script: 30000}, unhandledPromptBehavior: dismiss and notify, webauthn:extension:credBlob: true, webauthn:extension:largeBlob: true, webauthn:extension:minPinLength: true, webauthn:extension:prf: true, webauthn:virtualAuthenticators: true}
Session ID: 2cf28825ea7a8a419a5b05b8e5d35d84</small> </font> </div>
<div class="test-event"> <font color="maroon"> <small> &emsp; &emsp;--- 04 May 23:16:59 939 - <b>0</b> - Spinner Load Wait: (Sync) - ICar.support.WaitUtils.waitForSpinner(WaitUtils.java:225)</small> </font> </div>
<div class="test-event"> <font color="maroon"> <small> &emsp; &emsp;--- 04 May 23:17:10 040 - Page URL:: https://www.i-car.com/product/subaru-course-package</small> </font> </div>
<div class="test-event"> <font color="maroon"> <small> &emsp; &emsp;--- 04 May 23:17:10 040 - <b>0</b> - Page Load Wait: (Sync) - ICar.support.Utils.waitForPageLoad(Utils.java:109)</small> </font> </div>
<div class="test-event"> <font color="maroon"> <small> &emsp; &emsp;--- 04 May 23:17:10 061 - Element is displayed:: [[ChromeDriver: chrome on WINDOWS (2cf28825ea7a8a419a5b05b8e5d35d84)] -> xpath: //a[contains(text(),'Back to Courses')]]</small> </font> </div>
<div class="test-event"> <font color="maroon"> <small> &emsp; &emsp;--- 04 May 23:17:17 091 - Catched spinner load exception due to javascript error: {"status":32,"value":"An invalid or illegal selector was specified"}
  (Session info: chrome=124.0.6367.92)
Build info: version: '4.6.0', revision: '79f1c02ae20'
System info: os.name: 'Windows 10', os.arch: 'amd64', os.version: '10.0', java.version: '17.0.7'
Driver info: org.openqa.selenium.chrome.ChromeDriver
Command: [2cf28825ea7a8a419a5b05b8e5d35d84, findElement {using=css selector, value=div[class='slds-spinner slds-spinner_brand slds-spinner_small']>div:nth-child(2)r}]
Capabilities {acceptInsecureCerts: false, browserName: chrome, browserVersion: 124.0.6367.92, chrome: {chromedriverVersion: 124.0.6367.91 (51df0e5e17a8..., userDataDir: C:\Users\PRATHA~1.KUM\AppDa...}, fedcm:accounts: true, goog:chromeOptions: {debuggerAddress: localhost:49451}, networkConnectionEnabled: false, pageLoadStrategy: normal, platformName: WINDOWS, proxy: Proxy(), se:cdp: ws://localhost:49451/devtoo..., se:cdpVersion: 124.0.6367.92, setWindowRect: true, strictFileInteractability: false, timeouts: {implicit: 0, pageLoad: 300000, script: 30000}, unhandledPromptBehavior: dismiss and notify, webauthn:extension:credBlob: true, webauthn:extension:largeBlob: true, webauthn:extension:minPinLength: true, webauthn:extension:prf: true, webauthn:virtualAuthenticators: true}
Session ID: 2cf28825ea7a8a419a5b05b8e5d35d84</small> </font> </div>
<div class="test-event"> <font color="maroon"> <small> &emsp; &emsp;--- 04 May 23:17:17 091 - <b>0</b> - Spinner Load Wait: (Sync) - ICar.support.WaitUtils.waitForSpinner(WaitUtils.java:225)</small> </font> </div>
<div class="test-message">&emsp;Back To Courses is displayed in the page </div>
<div class="test-message">&emsp;Successfully verified Back To Course Link&emsp;<a href=".\ScreenShot\URL_TC001_2718574721798800.png" target="_blank" >[ScreenShot]</a></div>
<div class="test-event"> <font color="maroon"> <small> &emsp; &emsp;--- 04 May 23:17:17 372 - Catched spinner load exception due to javascript error: {"status":32,"value":"An invalid or illegal selector was specified"}
  (Session info: chrome=124.0.6367.92)
Build info: version: '4.6.0', revision: '79f1c02ae20'
System info: os.name: 'Windows 10', os.arch: 'amd64', os.version: '10.0', java.version: '17.0.7'
Driver info: org.openqa.selenium.chrome.ChromeDriver
Command: [2cf28825ea7a8a419a5b05b8e5d35d84, findElement {using=css selector, value=div[class='slds-spinner slds-spinner_brand slds-spinner_small']>div:nth-child(2)r}]
Capabilities {acceptInsecureCerts: false, browserName: chrome, browserVersion: 124.0.6367.92, chrome: {chromedriverVersion: 124.0.6367.91 (51df0e5e17a8..., userDataDir: C:\Users\PRATHA~1.KUM\AppDa...}, fedcm:accounts: true, goog:chromeOptions: {debuggerAddress: localhost:49451}, networkConnectionEnabled: false, pageLoadStrategy: normal, platformName: WINDOWS, proxy: Proxy(), se:cdp: ws://localhost:49451/devtoo..., se:cdpVersion: 124.0.6367.92, setWindowRect: true, strictFileInteractability: false, timeouts: {implicit: 0, pageLoad: 300000, script: 30000}, unhandledPromptBehavior: dismiss and notify, webauthn:extension:credBlob: true, webauthn:extension:largeBlob: true, webauthn:extension:minPinLength: true, webauthn:extension:prf: true, webauthn:virtualAuthenticators: true}
Session ID: 2cf28825ea7a8a419a5b05b8e5d35d84</small> </font> </div>
<div class="test-event"> <font color="maroon"> <small> &emsp; &emsp;--- 04 May 23:17:17 372 - <b>0</b> - Spinner Load Wait: (Sync) - ICar.support.WaitUtils.waitForSpinner(WaitUtils.java:225)</small> </font> </div>
<div class="test-event"> <font color="maroon"> <small> &emsp; &emsp;--- 04 May 23:17:17 444 - Page URL:: https://www.i-car.com/product/subaru-course-package</small> </font> </div>
<div class="test-event"> <font color="maroon"> <small> &emsp; &emsp;--- 04 May 23:17:17 444 - <b>0</b> - Page Load Wait: (Sync) - ICar.support.Utils.waitForPageLoad(Utils.java:109)</small> </font> </div>
<div class="test-event"> <font color="maroon"> <small> &emsp; &emsp;--- 04 May 23:17:27 492 - Element is displayed:: [[ChromeDriver: chrome on WINDOWS (2cf28825ea7a8a419a5b05b8e5d35d84)] -> xpath: //div[@class='productDetails slds-p-bottom_large']//div[contains(@class,'slds-p-bottom_medium')]]</small> </font> </div>
<div class="test-message">&emsp;Course Name : SubaruCoursePackage is displayed in the URL page</div>
<div class="test-message">&emsp;Successfully verified the course name for relevant link&emsp;<a href=".\ScreenShot\URL_TC001_2718593125150100.png" target="_blank" >[ScreenShot]</a></div>
<div class="test-message">&emsp;
</div>
<div class="test-message">&emsp;45. URL is : https://www.i-car.com/product/volkswagen-structural-repairs</div>
<div class="test-event"> <font color="maroon"> <small> &emsp; &emsp;--- 04 May 23:17:36 668 - Page URL:: https://www.i-car.com/product/volkswagen-structural-repairs</small> </font> </div>
<div class="test-event"> <font color="maroon"> <small> &emsp; &emsp;--- 04 May 23:17:36 668 - <b>0</b> - Page Load Wait: (Sync) - ICar.support.Utils.waitForPageLoad(Utils.java:109)</small> </font> </div>
<div class="test-message">&emsp;Successfully navigated to the :  https://www.i-car.com/product/volkswagen-structural-repairs   Page&emsp;<a href=".\ScreenShot\URL_TC001_2718594281518400.png" target="_blank" >[ScreenShot]</a></div>
<div class="test-event"> <font color="maroon"> <small> &emsp; &emsp;--- 04 May 23:17:36 926 - Page URL:: https://www.i-car.com/product/volkswagen-structural-repairs</small> </font> </div>
<div class="test-event"> <font color="maroon"> <small> &emsp; &emsp;--- 04 May 23:17:36 926 - <b>0</b> - Page Load Wait: (Sync) - ICar.support.Utils.waitForPageLoad(Utils.java:109)</small> </font> </div>
<div class="test-event"> <font color="maroon"> <small> &emsp; &emsp;--- 04 May 23:17:36 935 - Catched spinner load exception due to javascript error: {"status":32,"value":"An invalid or illegal selector was specified"}
  (Session info: chrome=124.0.6367.92)
Build info: version: '4.6.0', revision: '79f1c02ae20'
System info: os.name: 'Windows 10', os.arch: 'amd64', os.version: '10.0', java.version: '17.0.7'
Driver info: org.openqa.selenium.chrome.ChromeDriver
Command: [2cf28825ea7a8a419a5b05b8e5d35d84, findElement {using=css selector, value=div[class='slds-spinner slds-spinner_brand slds-spinner_small']>div:nth-child(2)r}]
Capabilities {acceptInsecureCerts: false, browserName: chrome, browserVersion: 124.0.6367.92, chrome: {chromedriverVersion: 124.0.6367.91 (51df0e5e17a8..., userDataDir: C:\Users\PRATHA~1.KUM\AppDa...}, fedcm:accounts: true, goog:chromeOptions: {debuggerAddress: localhost:49451}, networkConnectionEnabled: false, pageLoadStrategy: normal, platformName: WINDOWS, proxy: Proxy(), se:cdp: ws://localhost:49451/devtoo..., se:cdpVersion: 124.0.6367.92, setWindowRect: true, strictFileInteractability: false, timeouts: {implicit: 0, pageLoad: 300000, script: 30000}, unhandledPromptBehavior: dismiss and notify, webauthn:extension:credBlob: true, webauthn:extension:largeBlob: true, webauthn:extension:minPinLength: true, webauthn:extension:prf: true, webauthn:virtualAuthenticators: true}
Session ID: 2cf28825ea7a8a419a5b05b8e5d35d84</small> </font> </div>
<div class="test-event"> <font color="maroon"> <small> &emsp; &emsp;--- 04 May 23:17:36 935 - <b>0</b> - Spinner Load Wait: (Sync) - ICar.support.WaitUtils.waitForSpinner(WaitUtils.java:225)</small> </font> </div>
<div class="test-message">&emsp;Error while verifying the URL page  : no such element: Unable to locate element: {"method":"xpath","selector":"//a[contains(text(),'Back to Courses')]"}
  (Session info: chrome=124.0.6367.92)
For documentation on this error, please visit: https://selenium.dev/exceptions/#no_such_element
Build info: version: '4.6.0', revision: '79f1c02ae20'
System info: os.name: 'Windows 10', os.arch: 'amd64', os.version: '10.0', java.version: '17.0.7'
Driver info: org.openqa.selenium.chrome.ChromeDriver
Command: [2cf28825ea7a8a419a5b05b8e5d35d84, findElement {using=xpath, value=//a[contains(text(),'Back to Courses')]}]
Capabilities {acceptInsecureCerts: false, browserName: chrome, browserVersion: 124.0.6367.92, chrome: {chromedriverVersion: 124.0.6367.91 (51df0e5e17a8..., userDataDir: C:\Users\PRATHA~1.KUM\AppDa...}, fedcm:accounts: true, goog:chromeOptions: {debuggerAddress: localhost:49451}, networkConnectionEnabled: false, pageLoadStrategy: normal, platformName: WINDOWS, proxy: Proxy(), se:cdp: ws://localhost:49451/devtoo..., se:cdpVersion: 124.0.6367.92, setWindowRect: true, strictFileInteractability: false, timeouts: {implicit: 0, pageLoad: 300000, script: 30000}, unhandledPromptBehavior: dismiss and notify, webauthn:extension:credBlob: true, webauthn:extension:largeBlob: true, webauthn:extension:minPinLength: true, webauthn:extension:prf: true, webauthn:virtualAuthenticators: true}
Session ID: 2cf28825ea7a8a419a5b05b8e5d35d84</div>
<div class="test-result"><font color="red">&emsp;Failed to verify Back To Course Link</font><a href=".\ScreenShot\URL_TC001_2718604572578600.png" target="_blank" >[ScreenShot]</a></div>
<!--FAILSOFT-->
<div class="test-event"> <font color="maroon"> <small> &emsp; &emsp;--- 04 May 23:17:47 125 - Catched spinner load exception due to javascript error: {"status":32,"value":"An invalid or illegal selector was specified"}
  (Session info: chrome=124.0.6367.92)
Build info: version: '4.6.0', revision: '79f1c02ae20'
System info: os.name: 'Windows 10', os.arch: 'amd64', os.version: '10.0', java.version: '17.0.7'
Driver info: org.openqa.selenium.chrome.ChromeDriver
Command: [2cf28825ea7a8a419a5b05b8e5d35d84, findElement {using=css selector, value=div[class='slds-spinner slds-spinner_brand slds-spinner_small']>div:nth-child(2)r}]
Capabilities {acceptInsecureCerts: false, browserName: chrome, browserVersion: 124.0.6367.92, chrome: {chromedriverVersion: 124.0.6367.91 (51df0e5e17a8..., userDataDir: C:\Users\PRATHA~1.KUM\AppDa...}, fedcm:accounts: true, goog:chromeOptions: {debuggerAddress: localhost:49451}, networkConnectionEnabled: false, pageLoadStrategy: normal, platformName: WINDOWS, proxy: Proxy(), se:cdp: ws://localhost:49451/devtoo..., se:cdpVersion: 124.0.6367.92, setWindowRect: true, strictFileInteractability: false, timeouts: {implicit: 0, pageLoad: 300000, script: 30000}, unhandledPromptBehavior: dismiss and notify, webauthn:extension:credBlob: true, webauthn:extension:largeBlob: true, webauthn:extension:minPinLength: true, webauthn:extension:prf: true, webauthn:virtualAuthenticators: true}
Session ID: 2cf28825ea7a8a419a5b05b8e5d35d84</small> </font> </div>
<div class="test-event"> <font color="maroon"> <small> &emsp; &emsp;--- 04 May 23:17:47 125 - <b>0</b> - Spinner Load Wait: (Sync) - ICar.support.WaitUtils.waitForSpinner(WaitUtils.java:225)</small> </font> </div>
<div class="test-event"> <font color="maroon"> <small> &emsp; &emsp;--- 04 May 23:17:47 196 - Page URL:: https://www.i-car.com/product/volkswagen-structural-repairs</small> </font> </div>
<div class="test-event"> <font color="maroon"> <small> &emsp; &emsp;--- 04 May 23:17:47 196 - <b>0</b> - Page Load Wait: (Sync) - ICar.support.Utils.waitForPageLoad(Utils.java:109)</small> </font> </div>
<div class="test-event"> <font color="maroon"> <small> &emsp; &emsp;--- 04 May 23:19:25 078 - Unable to find an element after 20 sec ==> Proxy element for: AjaxElementLocator 'By.xpath: //div[@class='productDetails slds-p-bottom_large']//div[contains(@class,'slds-p-bottom_medium')]'</small> </font> </div>
<div class="test-message">&emsp;Course Name : null is not displayed in the URL page</div>
<div class="test-message">&emsp;Error while verifying the 'Course Name' in the URL page : Timed out after 3 seconds. Unable to locate the element</div>
<div class="test-result"><font color="red">&emsp;Failed to verify the course name for relevant link</font><a href=".\ScreenShot\URL_TC001_2718705932918600.png" target="_blank" >[ScreenShot]</a></div>
<!--FAILSOFT-->
<div class="test-message">&emsp;
</div>
<div class="test-message">&emsp;46. URL is : https://www.i-car.com/product/safety-data-sheets-and-labels</div>
<div class="test-event"> <font color="maroon"> <small> &emsp; &emsp;--- 04 May 23:19:29 537 - Page URL:: https://www.i-car.com/product/safety-data-sheets-and-labels</small> </font> </div>
<div class="test-event"> <font color="maroon"> <small> &emsp; &emsp;--- 04 May 23:19:29 537 - <b>0</b> - Page Load Wait: (Sync) - ICar.support.Utils.waitForPageLoad(Utils.java:109)</small> </font> </div>
<div class="test-message">&emsp;Successfully navigated to the :  https://www.i-car.com/product/safety-data-sheets-and-labels   Page&emsp;<a href=".\ScreenShot\URL_TC001_2718707150164000.png" target="_blank" >[ScreenShot]</a></div>
<div class="test-event"> <font color="maroon"> <small> &emsp; &emsp;--- 04 May 23:19:29 777 - Page URL:: https://www.i-car.com/product/safety-data-sheets-and-labels</small> </font> </div>
<div class="test-event"> <font color="maroon"> <small> &emsp; &emsp;--- 04 May 23:19:29 777 - <b>0</b> - Page Load Wait: (Sync) - ICar.support.Utils.waitForPageLoad(Utils.java:109)</small> </font> </div>
<div class="test-event"> <font color="maroon"> <small> &emsp; &emsp;--- 04 May 23:19:29 789 - Catched spinner load exception due to javascript error: {"status":32,"value":"An invalid or illegal selector was specified"}
  (Session info: chrome=124.0.6367.92)
Build info: version: '4.6.0', revision: '79f1c02ae20'
System info: os.name: 'Windows 10', os.arch: 'amd64', os.version: '10.0', java.version: '17.0.7'
Driver info: org.openqa.selenium.chrome.ChromeDriver
Command: [2cf28825ea7a8a419a5b05b8e5d35d84, findElement {using=css selector, value=div[class='slds-spinner slds-spinner_brand slds-spinner_small']>div:nth-child(2)r}]
Capabilities {acceptInsecureCerts: false, browserName: chrome, browserVersion: 124.0.6367.92, chrome: {chromedriverVersion: 124.0.6367.91 (51df0e5e17a8..., userDataDir: C:\Users\PRATHA~1.KUM\AppDa...}, fedcm:accounts: true, goog:chromeOptions: {debuggerAddress: localhost:49451}, networkConnectionEnabled: false, pageLoadStrategy: normal, platformName: WINDOWS, proxy: Proxy(), se:cdp: ws://localhost:49451/devtoo..., se:cdpVersion: 124.0.6367.92, setWindowRect: true, strictFileInteractability: false, timeouts: {implicit: 0, pageLoad: 300000, script: 30000}, unhandledPromptBehavior: dismiss and notify, webauthn:extension:credBlob: true, webauthn:extension:largeBlob: true, webauthn:extension:minPinLength: true, webauthn:extension:prf: true, webauthn:virtualAuthenticators: true}
Session ID: 2cf28825ea7a8a419a5b05b8e5d35d84</small> </font> </div>
<div class="test-event"> <font color="maroon"> <small> &emsp; &emsp;--- 04 May 23:19:29 789 - <b>0</b> - Spinner Load Wait: (Sync) - ICar.support.WaitUtils.waitForSpinner(WaitUtils.java:225)</small> </font> </div>
<div class="test-event"> <font color="maroon"> <small> &emsp; &emsp;--- 04 May 23:19:39 892 - Page URL:: https://www.i-car.com/product/safety-data-sheets-and-labels</small> </font> </div>
<div class="test-event"> <font color="maroon"> <small> &emsp; &emsp;--- 04 May 23:19:39 892 - <b>0</b> - Page Load Wait: (Sync) - ICar.support.Utils.waitForPageLoad(Utils.java:109)</small> </font> </div>
<div class="test-event"> <font color="maroon"> <small> &emsp; &emsp;--- 04 May 23:19:39 914 - Element is displayed:: [[ChromeDriver: chrome on WINDOWS (2cf28825ea7a8a419a5b05b8e5d35d84)] -> xpath: //a[contains(text(),'Back to Courses')]]</small> </font> </div>
<div class="test-event"> <font color="maroon"> <small> &emsp; &emsp;--- 04 May 23:19:46 954 - Catched spinner load exception due to javascript error: {"status":32,"value":"An invalid or illegal selector was specified"}
  (Session info: chrome=124.0.6367.92)
Build info: version: '4.6.0', revision: '79f1c02ae20'
System info: os.name: 'Windows 10', os.arch: 'amd64', os.version: '10.0', java.version: '17.0.7'
Driver info: org.openqa.selenium.chrome.ChromeDriver
Command: [2cf28825ea7a8a419a5b05b8e5d35d84, findElement {using=css selector, value=div[class='slds-spinner slds-spinner_brand slds-spinner_small']>div:nth-child(2)r}]
Capabilities {acceptInsecureCerts: false, browserName: chrome, browserVersion: 124.0.6367.92, chrome: {chromedriverVersion: 124.0.6367.91 (51df0e5e17a8..., userDataDir: C:\Users\PRATHA~1.KUM\AppDa...}, fedcm:accounts: true, goog:chromeOptions: {debuggerAddress: localhost:49451}, networkConnectionEnabled: false, pageLoadStrategy: normal, platformName: WINDOWS, proxy: Proxy(), se:cdp: ws://localhost:49451/devtoo..., se:cdpVersion: 124.0.6367.92, setWindowRect: true, strictFileInteractability: false, timeouts: {implicit: 0, pageLoad: 300000, script: 30000}, unhandledPromptBehavior: dismiss and notify, webauthn:extension:credBlob: true, webauthn:extension:largeBlob: true, webauthn:extension:minPinLength: true, webauthn:extension:prf: true, webauthn:virtualAuthenticators: true}
Session ID: 2cf28825ea7a8a419a5b05b8e5d35d84</small> </font> </div>
<div class="test-event"> <font color="maroon"> <small> &emsp; &emsp;--- 04 May 23:19:46 954 - <b>0</b> - Spinner Load Wait: (Sync) - ICar.support.WaitUtils.waitForSpinner(WaitUtils.java:225)</small> </font> </div>
<div class="test-message">&emsp;Back To Courses is displayed in the page </div>
<div class="test-message">&emsp;Successfully verified Back To Course Link&emsp;<a href=".\ScreenShot\URL_TC001_2718724582314400.png" target="_blank" >[ScreenShot]</a></div>
<div class="test-event"> <font color="maroon"> <small> &emsp; &emsp;--- 04 May 23:19:47 201 - Catched spinner load exception due to javascript error: {"status":32,"value":"An invalid or illegal selector was specified"}
  (Session info: chrome=124.0.6367.92)
Build info: version: '4.6.0', revision: '79f1c02ae20'
System info: os.name: 'Windows 10', os.arch: 'amd64', os.version: '10.0', java.version: '17.0.7'
Driver info: org.openqa.selenium.chrome.ChromeDriver
Command: [2cf28825ea7a8a419a5b05b8e5d35d84, findElement {using=css selector, value=div[class='slds-spinner slds-spinner_brand slds-spinner_small']>div:nth-child(2)r}]
Capabilities {acceptInsecureCerts: false, browserName: chrome, browserVersion: 124.0.6367.92, chrome: {chromedriverVersion: 124.0.6367.91 (51df0e5e17a8..., userDataDir: C:\Users\PRATHA~1.KUM\AppDa...}, fedcm:accounts: true, goog:chromeOptions: {debuggerAddress: localhost:49451}, networkConnectionEnabled: false, pageLoadStrategy: normal, platformName: WINDOWS, proxy: Proxy(), se:cdp: ws://localhost:49451/devtoo..., se:cdpVersion: 124.0.6367.92, setWindowRect: true, strictFileInteractability: false, timeouts: {implicit: 0, pageLoad: 300000, script: 30000}, unhandledPromptBehavior: dismiss and notify, webauthn:extension:credBlob: true, webauthn:extension:largeBlob: true, webauthn:extension:minPinLength: true, webauthn:extension:prf: true, webauthn:virtualAuthenticators: true}
Session ID: 2cf28825ea7a8a419a5b05b8e5d35d84</small> </font> </div>
<div class="test-event"> <font color="maroon"> <small> &emsp; &emsp;--- 04 May 23:19:47 201 - <b>0</b> - Spinner Load Wait: (Sync) - ICar.support.WaitUtils.waitForSpinner(WaitUtils.java:225)</small> </font> </div>
<div class="test-event"> <font color="maroon"> <small> &emsp; &emsp;--- 04 May 23:19:47 266 - Page URL:: https://www.i-car.com/product/safety-data-sheets-and-labels</small> </font> </div>
<div class="test-event"> <font color="maroon"> <small> &emsp; &emsp;--- 04 May 23:19:47 266 - <b>0</b> - Page Load Wait: (Sync) - ICar.support.Utils.waitForPageLoad(Utils.java:109)</small> </font> </div>
<div class="test-event"> <font color="maroon"> <small> &emsp; &emsp;--- 04 May 23:19:57 314 - Element is displayed:: [[ChromeDriver: chrome on WINDOWS (2cf28825ea7a8a419a5b05b8e5d35d84)] -> xpath: //div[@class='productDetails slds-p-bottom_large']//div[contains(@class,'slds-p-bottom_medium')]]</small> </font> </div>
<div class="test-message">&emsp;Course Name : SafetyDataSheetsandLabels is displayed in the URL page</div>
<div class="test-message">&emsp;Successfully verified the course name for relevant link&emsp;<a href=".\ScreenShot\URL_TC001_2718742949604100.png" target="_blank" >[ScreenShot]</a></div>
<div class="test-message">&emsp;
</div>
<div class="test-message">&emsp;47. URL is : https://www.i-car.com/product/analyzing-damage-from-natural-causes</div>
<div class="test-event"> <font color="maroon"> <small> &emsp; &emsp;--- 04 May 23:20:06 259 - Page URL:: https://www.i-car.com/product/analyzing-damage-from-natural-causes</small> </font> </div>
<div class="test-event"> <font color="maroon"> <small> &emsp; &emsp;--- 04 May 23:20:06 259 - <b>0</b> - Page Load Wait: (Sync) - ICar.support.Utils.waitForPageLoad(Utils.java:109)</small> </font> </div>
<div class="test-message">&emsp;Successfully navigated to the :  https://www.i-car.com/product/analyzing-damage-from-natural-causes   Page&emsp;<a href=".\ScreenShot\URL_TC001_2718743872825200.png" target="_blank" >[ScreenShot]</a></div>
<div class="test-event"> <font color="maroon"> <small> &emsp; &emsp;--- 04 May 23:20:06 560 - Page URL:: https://www.i-car.com/product/analyzing-damage-from-natural-causes</small> </font> </div>
<div class="test-event"> <font color="maroon"> <small> &emsp; &emsp;--- 04 May 23:20:06 560 - <b>0</b> - Page Load Wait: (Sync) - ICar.support.Utils.waitForPageLoad(Utils.java:109)</small> </font> </div>
<div class="test-event"> <font color="maroon"> <small> &emsp; &emsp;--- 04 May 23:20:06 570 - Catched spinner load exception due to javascript error: {"status":32,"value":"An invalid or illegal selector was specified"}
  (Session info: chrome=124.0.6367.92)
Build info: version: '4.6.0', revision: '79f1c02ae20'
System info: os.name: 'Windows 10', os.arch: 'amd64', os.version: '10.0', java.version: '17.0.7'
Driver info: org.openqa.selenium.chrome.ChromeDriver
Command: [2cf28825ea7a8a419a5b05b8e5d35d84, findElement {using=css selector, value=div[class='slds-spinner slds-spinner_brand slds-spinner_small']>div:nth-child(2)r}]
Capabilities {acceptInsecureCerts: false, browserName: chrome, browserVersion: 124.0.6367.92, chrome: {chromedriverVersion: 124.0.6367.91 (51df0e5e17a8..., userDataDir: C:\Users\PRATHA~1.KUM\AppDa...}, fedcm:accounts: true, goog:chromeOptions: {debuggerAddress: localhost:49451}, networkConnectionEnabled: false, pageLoadStrategy: normal, platformName: WINDOWS, proxy: Proxy(), se:cdp: ws://localhost:49451/devtoo..., se:cdpVersion: 124.0.6367.92, setWindowRect: true, strictFileInteractability: false, timeouts: {implicit: 0, pageLoad: 300000, script: 30000}, unhandledPromptBehavior: dismiss and notify, webauthn:extension:credBlob: true, webauthn:extension:largeBlob: true, webauthn:extension:minPinLength: true, webauthn:extension:prf: true, webauthn:virtualAuthenticators: true}
Session ID: 2cf28825ea7a8a419a5b05b8e5d35d84</small> </font> </div>
<div class="test-event"> <font color="maroon"> <small> &emsp; &emsp;--- 04 May 23:20:06 570 - <b>0</b> - Spinner Load Wait: (Sync) - ICar.support.WaitUtils.waitForSpinner(WaitUtils.java:225)</small> </font> </div>
<div class="test-event"> <font color="maroon"> <small> &emsp; &emsp;--- 04 May 23:20:16 669 - Page URL:: https://www.i-car.com/product/analyzing-damage-from-natural-causes</small> </font> </div>
<div class="test-event"> <font color="maroon"> <small> &emsp; &emsp;--- 04 May 23:20:16 670 - <b>0</b> - Page Load Wait: (Sync) - ICar.support.Utils.waitForPageLoad(Utils.java:109)</small> </font> </div>
<div class="test-event"> <font color="maroon"> <small> &emsp; &emsp;--- 04 May 23:20:16 689 - Element is displayed:: [[ChromeDriver: chrome on WINDOWS (2cf28825ea7a8a419a5b05b8e5d35d84)] -> xpath: //a[contains(text(),'Back to Courses')]]</small> </font> </div>
<div class="test-event"> <font color="maroon"> <small> &emsp; &emsp;--- 04 May 23:20:23 748 - Catched spinner load exception due to javascript error: {"status":32,"value":"An invalid or illegal selector was specified"}
  (Session info: chrome=124.0.6367.92)
Build info: version: '4.6.0', revision: '79f1c02ae20'
System info: os.name: 'Windows 10', os.arch: 'amd64', os.version: '10.0', java.version: '17.0.7'
Driver info: org.openqa.selenium.chrome.ChromeDriver
Command: [2cf28825ea7a8a419a5b05b8e5d35d84, findElement {using=css selector, value=div[class='slds-spinner slds-spinner_brand slds-spinner_small']>div:nth-child(2)r}]
Capabilities {acceptInsecureCerts: false, browserName: chrome, browserVersion: 124.0.6367.92, chrome: {chromedriverVersion: 124.0.6367.91 (51df0e5e17a8..., userDataDir: C:\Users\PRATHA~1.KUM\AppDa...}, fedcm:accounts: true, goog:chromeOptions: {debuggerAddress: localhost:49451}, networkConnectionEnabled: false, pageLoadStrategy: normal, platformName: WINDOWS, proxy: Proxy(), se:cdp: ws://localhost:49451/devtoo..., se:cdpVersion: 124.0.6367.92, setWindowRect: true, strictFileInteractability: false, timeouts: {implicit: 0, pageLoad: 300000, script: 30000}, unhandledPromptBehavior: dismiss and notify, webauthn:extension:credBlob: true, webauthn:extension:largeBlob: true, webauthn:extension:minPinLength: true, webauthn:extension:prf: true, webauthn:virtualAuthenticators: true}
Session ID: 2cf28825ea7a8a419a5b05b8e5d35d84</small> </font> </div>
<div class="test-event"> <font color="maroon"> <small> &emsp; &emsp;--- 04 May 23:20:23 748 - <b>0</b> - Spinner Load Wait: (Sync) - ICar.support.WaitUtils.waitForSpinner(WaitUtils.java:225)</small> </font> </div>
<div class="test-message">&emsp;Back To Courses is displayed in the page </div>
<div class="test-message">&emsp;Successfully verified Back To Course Link&emsp;<a href=".\ScreenShot\URL_TC001_2718761380371300.png" target="_blank" >[ScreenShot]</a></div>
<div class="test-event"> <font color="maroon"> <small> &emsp; &emsp;--- 04 May 23:20:24 005 - Catched spinner load exception due to javascript error: {"status":32,"value":"An invalid or illegal selector was specified"}
  (Session info: chrome=124.0.6367.92)
Build info: version: '4.6.0', revision: '79f1c02ae20'
System info: os.name: 'Windows 10', os.arch: 'amd64', os.version: '10.0', java.version: '17.0.7'
Driver info: org.openqa.selenium.chrome.ChromeDriver
Command: [2cf28825ea7a8a419a5b05b8e5d35d84, findElement {using=css selector, value=div[class='slds-spinner slds-spinner_brand slds-spinner_small']>div:nth-child(2)r}]
Capabilities {acceptInsecureCerts: false, browserName: chrome, browserVersion: 124.0.6367.92, chrome: {chromedriverVersion: 124.0.6367.91 (51df0e5e17a8..., userDataDir: C:\Users\PRATHA~1.KUM\AppDa...}, fedcm:accounts: true, goog:chromeOptions: {debuggerAddress: localhost:49451}, networkConnectionEnabled: false, pageLoadStrategy: normal, platformName: WINDOWS, proxy: Proxy(), se:cdp: ws://localhost:49451/devtoo..., se:cdpVersion: 124.0.6367.92, setWindowRect: true, strictFileInteractability: false, timeouts: {implicit: 0, pageLoad: 300000, script: 30000}, unhandledPromptBehavior: dismiss and notify, webauthn:extension:credBlob: true, webauthn:extension:largeBlob: true, webauthn:extension:minPinLength: true, webauthn:extension:prf: true, webauthn:virtualAuthenticators: true}
Session ID: 2cf28825ea7a8a419a5b05b8e5d35d84</small> </font> </div>
<div class="test-event"> <font color="maroon"> <small> &emsp; &emsp;--- 04 May 23:20:24 005 - <b>0</b> - Spinner Load Wait: (Sync) - ICar.support.WaitUtils.waitForSpinner(WaitUtils.java:225)</small> </font> </div>
<div class="test-event"> <font color="maroon"> <small> &emsp; &emsp;--- 04 May 23:20:24 067 - Page URL:: https://www.i-car.com/product/analyzing-damage-from-natural-causes</small> </font> </div>
<div class="test-event"> <font color="maroon"> <small> &emsp; &emsp;--- 04 May 23:20:24 068 - <b>0</b> - Page Load Wait: (Sync) - ICar.support.Utils.waitForPageLoad(Utils.java:109)</small> </font> </div>
<div class="test-event"> <font color="maroon"> <small> &emsp; &emsp;--- 04 May 23:20:34 158 - Element is displayed:: [[ChromeDriver: chrome on WINDOWS (2cf28825ea7a8a419a5b05b8e5d35d84)] -> xpath: //div[@class='productDetails slds-p-bottom_large']//div[contains(@class,'slds-p-bottom_medium')]]</small> </font> </div>
<div class="test-message">&emsp;Course Name : AnalyzingDamagefromNaturalCauses is displayed in the URL page</div>
<div class="test-message">&emsp;Successfully verified the course name for relevant link&emsp;<a href=".\ScreenShot\URL_TC001_2718779802052200.png" target="_blank" >[ScreenShot]</a></div>
<div class="test-message">&emsp;
</div>
<div class="test-message">&emsp;48. URL is : https://www.i-car.com/product/damage-analysis-of-electronic-brake-systems</div>
<div class="test-event"> <font color="maroon"> <small> &emsp; &emsp;--- 04 May 23:20:43 422 - Page URL:: https://www.i-car.com/product/damage-analysis-of-electronic-brake-systems</small> </font> </div>
<div class="test-event"> <font color="maroon"> <small> &emsp; &emsp;--- 04 May 23:20:43 422 - <b>0</b> - Page Load Wait: (Sync) - ICar.support.Utils.waitForPageLoad(Utils.java:109)</small> </font> </div>
<div class="test-message">&emsp;Successfully navigated to the :  https://www.i-car.com/product/damage-analysis-of-electronic-brake-systems   Page&emsp;<a href=".\ScreenShot\URL_TC001_2718781035271200.png" target="_blank" >[ScreenShot]</a></div>
<div class="test-event"> <font color="maroon"> <small> &emsp; &emsp;--- 04 May 23:20:43 741 - Page URL:: https://www.i-car.com/product/damage-analysis-of-electronic-brake-systems</small> </font> </div>
<div class="test-event"> <font color="maroon"> <small> &emsp; &emsp;--- 04 May 23:20:43 741 - <b>0</b> - Page Load Wait: (Sync) - ICar.support.Utils.waitForPageLoad(Utils.java:109)</small> </font> </div>
<div class="test-event"> <font color="maroon"> <small> &emsp; &emsp;--- 04 May 23:20:43 750 - Catched spinner load exception due to javascript error: {"status":32,"value":"An invalid or illegal selector was specified"}
  (Session info: chrome=124.0.6367.92)
Build info: version: '4.6.0', revision: '79f1c02ae20'
System info: os.name: 'Windows 10', os.arch: 'amd64', os.version: '10.0', java.version: '17.0.7'
Driver info: org.openqa.selenium.chrome.ChromeDriver
Command: [2cf28825ea7a8a419a5b05b8e5d35d84, findElement {using=css selector, value=div[class='slds-spinner slds-spinner_brand slds-spinner_small']>div:nth-child(2)r}]
Capabilities {acceptInsecureCerts: false, browserName: chrome, browserVersion: 124.0.6367.92, chrome: {chromedriverVersion: 124.0.6367.91 (51df0e5e17a8..., userDataDir: C:\Users\PRATHA~1.KUM\AppDa...}, fedcm:accounts: true, goog:chromeOptions: {debuggerAddress: localhost:49451}, networkConnectionEnabled: false, pageLoadStrategy: normal, platformName: WINDOWS, proxy: Proxy(), se:cdp: ws://localhost:49451/devtoo..., se:cdpVersion: 124.0.6367.92, setWindowRect: true, strictFileInteractability: false, timeouts: {implicit: 0, pageLoad: 300000, script: 30000}, unhandledPromptBehavior: dismiss and notify, webauthn:extension:credBlob: true, webauthn:extension:largeBlob: true, webauthn:extension:minPinLength: true, webauthn:extension:prf: true, webauthn:virtualAuthenticators: true}
Session ID: 2cf28825ea7a8a419a5b05b8e5d35d84</small> </font> </div>
<div class="test-event"> <font color="maroon"> <small> &emsp; &emsp;--- 04 May 23:20:43 750 - <b>0</b> - Spinner Load Wait: (Sync) - ICar.support.WaitUtils.waitForSpinner(WaitUtils.java:225)</small> </font> </div>
<div class="test-event"> <font color="maroon"> <small> &emsp; &emsp;--- 04 May 23:20:53 826 - Page URL:: https://www.i-car.com/product/damage-analysis-of-electronic-brake-systems</small> </font> </div>
<div class="test-event"> <font color="maroon"> <small> &emsp; &emsp;--- 04 May 23:20:53 826 - <b>0</b> - Page Load Wait: (Sync) - ICar.support.Utils.waitForPageLoad(Utils.java:109)</small> </font> </div>
<div class="test-event"> <font color="maroon"> <small> &emsp; &emsp;--- 04 May 23:20:53 841 - Element is displayed:: [[ChromeDriver: chrome on WINDOWS (2cf28825ea7a8a419a5b05b8e5d35d84)] -> xpath: //a[contains(text(),'Back to Courses')]]</small> </font> </div>
<div class="test-event"> <font color="maroon"> <small> &emsp; &emsp;--- 04 May 23:21:00 867 - Catched spinner load exception due to javascript error: {"status":32,"value":"An invalid or illegal selector was specified"}
  (Session info: chrome=124.0.6367.92)
Build info: version: '4.6.0', revision: '79f1c02ae20'
System info: os.name: 'Windows 10', os.arch: 'amd64', os.version: '10.0', java.version: '17.0.7'
Driver info: org.openqa.selenium.chrome.ChromeDriver
Command: [2cf28825ea7a8a419a5b05b8e5d35d84, findElement {using=css selector, value=div[class='slds-spinner slds-spinner_brand slds-spinner_small']>div:nth-child(2)r}]
Capabilities {acceptInsecureCerts: false, browserName: chrome, browserVersion: 124.0.6367.92, chrome: {chromedriverVersion: 124.0.6367.91 (51df0e5e17a8..., userDataDir: C:\Users\PRATHA~1.KUM\AppDa...}, fedcm:accounts: true, goog:chromeOptions: {debuggerAddress: localhost:49451}, networkConnectionEnabled: false, pageLoadStrategy: normal, platformName: WINDOWS, proxy: Proxy(), se:cdp: ws://localhost:49451/devtoo..., se:cdpVersion: 124.0.6367.92, setWindowRect: true, strictFileInteractability: false, timeouts: {implicit: 0, pageLoad: 300000, script: 30000}, unhandledPromptBehavior: dismiss and notify, webauthn:extension:credBlob: true, webauthn:extension:largeBlob: true, webauthn:extension:minPinLength: true, webauthn:extension:prf: true, webauthn:virtualAuthenticators: true}
Session ID: 2cf28825ea7a8a419a5b05b8e5d35d84</small> </font> </div>
<div class="test-event"> <font color="maroon"> <small> &emsp; &emsp;--- 04 May 23:21:00 867 - <b>0</b> - Spinner Load Wait: (Sync) - ICar.support.WaitUtils.waitForSpinner(WaitUtils.java:225)</small> </font> </div>
<div class="test-message">&emsp;Back To Courses is displayed in the page </div>
<div class="test-message">&emsp;Successfully verified Back To Course Link&emsp;<a href=".\ScreenShot\URL_TC001_2718798491375400.png" target="_blank" >[ScreenShot]</a></div>
<div class="test-event"> <font color="maroon"> <small> &emsp; &emsp;--- 04 May 23:21:01 537 - Catched spinner load exception due to javascript error: {"status":32,"value":"An invalid or illegal selector was specified"}
  (Session info: chrome=124.0.6367.92)
Build info: version: '4.6.0', revision: '79f1c02ae20'
System info: os.name: 'Windows 10', os.arch: 'amd64', os.version: '10.0', java.version: '17.0.7'
Driver info: org.openqa.selenium.chrome.ChromeDriver
Command: [2cf28825ea7a8a419a5b05b8e5d35d84, findElement {using=css selector, value=div[class='slds-spinner slds-spinner_brand slds-spinner_small']>div:nth-child(2)r}]
Capabilities {acceptInsecureCerts: false, browserName: chrome, browserVersion: 124.0.6367.92, chrome: {chromedriverVersion: 124.0.6367.91 (51df0e5e17a8..., userDataDir: C:\Users\PRATHA~1.KUM\AppDa...}, fedcm:accounts: true, goog:chromeOptions: {debuggerAddress: localhost:49451}, networkConnectionEnabled: false, pageLoadStrategy: normal, platformName: WINDOWS, proxy: Proxy(), se:cdp: ws://localhost:49451/devtoo..., se:cdpVersion: 124.0.6367.92, setWindowRect: true, strictFileInteractability: false, timeouts: {implicit: 0, pageLoad: 300000, script: 30000}, unhandledPromptBehavior: dismiss and notify, webauthn:extension:credBlob: true, webauthn:extension:largeBlob: true, webauthn:extension:minPinLength: true, webauthn:extension:prf: true, webauthn:virtualAuthenticators: true}
Session ID: 2cf28825ea7a8a419a5b05b8e5d35d84</small> </font> </div>
<div class="test-event"> <font color="maroon"> <small> &emsp; &emsp;--- 04 May 23:21:01 537 - <b>0</b> - Spinner Load Wait: (Sync) - ICar.support.WaitUtils.waitForSpinner(WaitUtils.java:225)</small> </font> </div>
<div class="test-event"> <font color="maroon"> <small> &emsp; &emsp;--- 04 May 23:21:01 601 - Page URL:: https://www.i-car.com/product/damage-analysis-of-electronic-brake-systems</small> </font> </div>
<div class="test-event"> <font color="maroon"> <small> &emsp; &emsp;--- 04 May 23:21:01 601 - <b>0</b> - Page Load Wait: (Sync) - ICar.support.Utils.waitForPageLoad(Utils.java:109)</small> </font> </div>
<div class="test-event"> <font color="maroon"> <small> &emsp; &emsp;--- 04 May 23:21:11 659 - Element is displayed:: [[ChromeDriver: chrome on WINDOWS (2cf28825ea7a8a419a5b05b8e5d35d84)] -> xpath: //div[@class='productDetails slds-p-bottom_large']//div[contains(@class,'slds-p-bottom_medium')]]</small> </font> </div>
<div class="test-message">&emsp;Course Name : DamageAnalysisofElectronicBrakeSystems is displayed in the URL page</div>
<div class="test-message">&emsp;Successfully verified the course name for relevant link&emsp;<a href=".\ScreenShot\URL_TC001_2718817294624800.png" target="_blank" >[ScreenShot]</a></div>
<div class="test-message">&emsp;
</div>
<div class="test-message">&emsp;49. URL is : https://www.i-car.com/product/gys-autopulse-220m3-gma-welder-operation-and-tuning</div>
<div class="test-event"> <font color="maroon"> <small> &emsp; &emsp;--- 04 May 23:21:20 868 - Page URL:: https://www.i-car.com/product/gys-autopulse-220m3-gma-welder-operation-and-tuning</small> </font> </div>
<div class="test-event"> <font color="maroon"> <small> &emsp; &emsp;--- 04 May 23:21:20 868 - <b>0</b> - Page Load Wait: (Sync) - ICar.support.Utils.waitForPageLoad(Utils.java:109)</small> </font> </div>
<div class="test-message">&emsp;Successfully navigated to the :  https://www.i-car.com/product/gys-autopulse-220m3-gma-welder-operation-and-tuning   Page&emsp;<a href=".\ScreenShot\URL_TC001_2718818482080400.png" target="_blank" >[ScreenShot]</a></div>
<div class="test-event"> <font color="maroon"> <small> &emsp; &emsp;--- 04 May 23:21:21 167 - Page URL:: https://www.i-car.com/product/gys-autopulse-220m3-gma-welder-operation-and-tuning</small> </font> </div>
<div class="test-event"> <font color="maroon"> <small> &emsp; &emsp;--- 04 May 23:21:21 167 - <b>0</b> - Page Load Wait: (Sync) - ICar.support.Utils.waitForPageLoad(Utils.java:109)</small> </font> </div>
<div class="test-event"> <font color="maroon"> <small> &emsp; &emsp;--- 04 May 23:21:21 175 - Catched spinner load exception due to javascript error: {"status":32,"value":"An invalid or illegal selector was specified"}
  (Session info: chrome=124.0.6367.92)
Build info: version: '4.6.0', revision: '79f1c02ae20'
System info: os.name: 'Windows 10', os.arch: 'amd64', os.version: '10.0', java.version: '17.0.7'
Driver info: org.openqa.selenium.chrome.ChromeDriver
Command: [2cf28825ea7a8a419a5b05b8e5d35d84, findElement {using=css selector, value=div[class='slds-spinner slds-spinner_brand slds-spinner_small']>div:nth-child(2)r}]
Capabilities {acceptInsecureCerts: false, browserName: chrome, browserVersion: 124.0.6367.92, chrome: {chromedriverVersion: 124.0.6367.91 (51df0e5e17a8..., userDataDir: C:\Users\PRATHA~1.KUM\AppDa...}, fedcm:accounts: true, goog:chromeOptions: {debuggerAddress: localhost:49451}, networkConnectionEnabled: false, pageLoadStrategy: normal, platformName: WINDOWS, proxy: Proxy(), se:cdp: ws://localhost:49451/devtoo..., se:cdpVersion: 124.0.6367.92, setWindowRect: true, strictFileInteractability: false, timeouts: {implicit: 0, pageLoad: 300000, script: 30000}, unhandledPromptBehavior: dismiss and notify, webauthn:extension:credBlob: true, webauthn:extension:largeBlob: true, webauthn:extension:minPinLength: true, webauthn:extension:prf: true, webauthn:virtualAuthenticators: true}
Session ID: 2cf28825ea7a8a419a5b05b8e5d35d84</small> </font> </div>
<div class="test-event"> <font color="maroon"> <small> &emsp; &emsp;--- 04 May 23:21:21 175 - <b>0</b> - Spinner Load Wait: (Sync) - ICar.support.WaitUtils.waitForSpinner(WaitUtils.java:225)</small> </font> </div>
<div class="test-event"> <font color="maroon"> <small> &emsp; &emsp;--- 04 May 23:21:31 284 - Page URL:: https://www.i-car.com/product/gys-autopulse-220m3-gma-welder-operation-and-tuning</small> </font> </div>
<div class="test-event"> <font color="maroon"> <small> &emsp; &emsp;--- 04 May 23:21:31 284 - <b>0</b> - Page Load Wait: (Sync) - ICar.support.Utils.waitForPageLoad(Utils.java:109)</small> </font> </div>
<div class="test-event"> <font color="maroon"> <small> &emsp; &emsp;--- 04 May 23:21:31 302 - Element is displayed:: [[ChromeDriver: chrome on WINDOWS (2cf28825ea7a8a419a5b05b8e5d35d84)] -> xpath: //a[contains(text(),'Back to Courses')]]</small> </font> </div>
<div class="test-event"> <font color="maroon"> <small> &emsp; &emsp;--- 04 May 23:21:38 342 - Catched spinner load exception due to javascript error: {"status":32,"value":"An invalid or illegal selector was specified"}
  (Session info: chrome=124.0.6367.92)
Build info: version: '4.6.0', revision: '79f1c02ae20'
System info: os.name: 'Windows 10', os.arch: 'amd64', os.version: '10.0', java.version: '17.0.7'
Driver info: org.openqa.selenium.chrome.ChromeDriver
Command: [2cf28825ea7a8a419a5b05b8e5d35d84, findElement {using=css selector, value=div[class='slds-spinner slds-spinner_brand slds-spinner_small']>div:nth-child(2)r}]
Capabilities {acceptInsecureCerts: false, browserName: chrome, browserVersion: 124.0.6367.92, chrome: {chromedriverVersion: 124.0.6367.91 (51df0e5e17a8..., userDataDir: C:\Users\PRATHA~1.KUM\AppDa...}, fedcm:accounts: true, goog:chromeOptions: {debuggerAddress: localhost:49451}, networkConnectionEnabled: false, pageLoadStrategy: normal, platformName: WINDOWS, proxy: Proxy(), se:cdp: ws://localhost:49451/devtoo..., se:cdpVersion: 124.0.6367.92, setWindowRect: true, strictFileInteractability: false, timeouts: {implicit: 0, pageLoad: 300000, script: 30000}, unhandledPromptBehavior: dismiss and notify, webauthn:extension:credBlob: true, webauthn:extension:largeBlob: true, webauthn:extension:minPinLength: true, webauthn:extension:prf: true, webauthn:virtualAuthenticators: true}
Session ID: 2cf28825ea7a8a419a5b05b8e5d35d84</small> </font> </div>
<div class="test-event"> <font color="maroon"> <small> &emsp; &emsp;--- 04 May 23:21:38 342 - <b>0</b> - Spinner Load Wait: (Sync) - ICar.support.WaitUtils.waitForSpinner(WaitUtils.java:225)</small> </font> </div>
<div class="test-message">&emsp;Back To Courses is displayed in the page </div>
<div class="test-message">&emsp;Successfully verified Back To Course Link&emsp;<a href=".\ScreenShot\URL_TC001_2718835967497700.png" target="_blank" >[ScreenShot]</a></div>
<div class="test-event"> <font color="maroon"> <small> &emsp; &emsp;--- 04 May 23:21:38 594 - Catched spinner load exception due to javascript error: {"status":32,"value":"An invalid or illegal selector was specified"}
  (Session info: chrome=124.0.6367.92)
Build info: version: '4.6.0', revision: '79f1c02ae20'
System info: os.name: 'Windows 10', os.arch: 'amd64', os.version: '10.0', java.version: '17.0.7'
Driver info: org.openqa.selenium.chrome.ChromeDriver
Command: [2cf28825ea7a8a419a5b05b8e5d35d84, findElement {using=css selector, value=div[class='slds-spinner slds-spinner_brand slds-spinner_small']>div:nth-child(2)r}]
Capabilities {acceptInsecureCerts: false, browserName: chrome, browserVersion: 124.0.6367.92, chrome: {chromedriverVersion: 124.0.6367.91 (51df0e5e17a8..., userDataDir: C:\Users\PRATHA~1.KUM\AppDa...}, fedcm:accounts: true, goog:chromeOptions: {debuggerAddress: localhost:49451}, networkConnectionEnabled: false, pageLoadStrategy: normal, platformName: WINDOWS, proxy: Proxy(), se:cdp: ws://localhost:49451/devtoo..., se:cdpVersion: 124.0.6367.92, setWindowRect: true, strictFileInteractability: false, timeouts: {implicit: 0, pageLoad: 300000, script: 30000}, unhandledPromptBehavior: dismiss and notify, webauthn:extension:credBlob: true, webauthn:extension:largeBlob: true, webauthn:extension:minPinLength: true, webauthn:extension:prf: true, webauthn:virtualAuthenticators: true}
Session ID: 2cf28825ea7a8a419a5b05b8e5d35d84</small> </font> </div>
<div class="test-event"> <font color="maroon"> <small> &emsp; &emsp;--- 04 May 23:21:38 594 - <b>0</b> - Spinner Load Wait: (Sync) - ICar.support.WaitUtils.waitForSpinner(WaitUtils.java:225)</small> </font> </div>
<div class="test-event"> <font color="maroon"> <small> &emsp; &emsp;--- 04 May 23:21:38 659 - Page URL:: https://www.i-car.com/product/gys-autopulse-220m3-gma-welder-operation-and-tuning</small> </font> </div>
<div class="test-event"> <font color="maroon"> <small> &emsp; &emsp;--- 04 May 23:21:38 659 - <b>0</b> - Page Load Wait: (Sync) - ICar.support.Utils.waitForPageLoad(Utils.java:109)</small> </font> </div>
<div class="test-event"> <font color="maroon"> <small> &emsp; &emsp;--- 04 May 23:21:48 773 - Element is displayed:: [[ChromeDriver: chrome on WINDOWS (2cf28825ea7a8a419a5b05b8e5d35d84)] -> xpath: //div[@class='productDetails slds-p-bottom_large']//div[contains(@class,'slds-p-bottom_medium')]]</small> </font> </div>
<div class="test-message">&emsp;Course Name : GYSAutopulse220M3GMAWelderOperationandTuning is displayed in the URL page</div>
<div class="test-message">&emsp;Successfully verified the course name for relevant link&emsp;<a href=".\ScreenShot\URL_TC001_2718854410183500.png" target="_blank" >[ScreenShot]</a></div>
<div class="test-message">&emsp;
</div>
<div class="test-message">&emsp;50. URL is : https://www.i-car.com/product/pl2-mechanical-technician</div>
<div class="test-event"> <font color="maroon"> <small> &emsp; &emsp;--- 04 May 23:21:58 299 - Page URL:: https://www.i-car.com/product/pl2-mechanical-technician</small> </font> </div>
<div class="test-event"> <font color="maroon"> <small> &emsp; &emsp;--- 04 May 23:21:58 299 - <b>0</b> - Page Load Wait: (Sync) - ICar.support.Utils.waitForPageLoad(Utils.java:109)</small> </font> </div>
<div class="test-message">&emsp;Successfully navigated to the :  https://www.i-car.com/product/pl2-mechanical-technician   Page&emsp;<a href=".\ScreenShot\URL_TC001_2718855912473900.png" target="_blank" >[ScreenShot]</a></div>
<div class="test-event"> <font color="maroon"> <small> &emsp; &emsp;--- 04 May 23:21:58 552 - Page URL:: https://www.i-car.com/product/pl2-mechanical-technician</small> </font> </div>
<div class="test-event"> <font color="maroon"> <small> &emsp; &emsp;--- 04 May 23:21:58 552 - <b>0</b> - Page Load Wait: (Sync) - ICar.support.Utils.waitForPageLoad(Utils.java:109)</small> </font> </div>
<div class="test-event"> <font color="maroon"> <small> &emsp; &emsp;--- 04 May 23:21:58 558 - Catched spinner load exception due to javascript error: {"status":32,"value":"An invalid or illegal selector was specified"}
  (Session info: chrome=124.0.6367.92)
Build info: version: '4.6.0', revision: '79f1c02ae20'
System info: os.name: 'Windows 10', os.arch: 'amd64', os.version: '10.0', java.version: '17.0.7'
Driver info: org.openqa.selenium.chrome.ChromeDriver
Command: [2cf28825ea7a8a419a5b05b8e5d35d84, findElement {using=css selector, value=div[class='slds-spinner slds-spinner_brand slds-spinner_small']>div:nth-child(2)r}]
Capabilities {acceptInsecureCerts: false, browserName: chrome, browserVersion: 124.0.6367.92, chrome: {chromedriverVersion: 124.0.6367.91 (51df0e5e17a8..., userDataDir: C:\Users\PRATHA~1.KUM\AppDa...}, fedcm:accounts: true, goog:chromeOptions: {debuggerAddress: localhost:49451}, networkConnectionEnabled: false, pageLoadStrategy: normal, platformName: WINDOWS, proxy: Proxy(), se:cdp: ws://localhost:49451/devtoo..., se:cdpVersion: 124.0.6367.92, setWindowRect: true, strictFileInteractability: false, timeouts: {implicit: 0, pageLoad: 300000, script: 30000}, unhandledPromptBehavior: dismiss and notify, webauthn:extension:credBlob: true, webauthn:extension:largeBlob: true, webauthn:extension:minPinLength: true, webauthn:extension:prf: true, webauthn:virtualAuthenticators: true}
Session ID: 2cf28825ea7a8a419a5b05b8e5d35d84</small> </font> </div>
<div class="test-event"> <font color="maroon"> <small> &emsp; &emsp;--- 04 May 23:21:58 558 - <b>0</b> - Spinner Load Wait: (Sync) - ICar.support.WaitUtils.waitForSpinner(WaitUtils.java:225)</small> </font> </div>
<div class="test-event"> <font color="maroon"> <small> &emsp; &emsp;--- 04 May 23:22:08 683 - Page URL:: https://www.i-car.com/product/pl2-mechanical-technician</small> </font> </div>
<div class="test-event"> <font color="maroon"> <small> &emsp; &emsp;--- 04 May 23:22:08 684 - <b>0</b> - Page Load Wait: (Sync) - ICar.support.Utils.waitForPageLoad(Utils.java:109)</small> </font> </div>
<div class="test-event"> <font color="maroon"> <small> &emsp; &emsp;--- 04 May 23:22:08 700 - Element is displayed:: [[ChromeDriver: chrome on WINDOWS (2cf28825ea7a8a419a5b05b8e5d35d84)] -> xpath: //a[contains(text(),'Back to Courses')]]</small> </font> </div>
<div class="test-event"> <font color="maroon"> <small> &emsp; &emsp;--- 04 May 23:22:15 732 - Catched spinner load exception due to javascript error: {"status":32,"value":"An invalid or illegal selector was specified"}
  (Session info: chrome=124.0.6367.92)
Build info: version: '4.6.0', revision: '79f1c02ae20'
System info: os.name: 'Windows 10', os.arch: 'amd64', os.version: '10.0', java.version: '17.0.7'
Driver info: org.openqa.selenium.chrome.ChromeDriver
Command: [2cf28825ea7a8a419a5b05b8e5d35d84, findElement {using=css selector, value=div[class='slds-spinner slds-spinner_brand slds-spinner_small']>div:nth-child(2)r}]
Capabilities {acceptInsecureCerts: false, browserName: chrome, browserVersion: 124.0.6367.92, chrome: {chromedriverVersion: 124.0.6367.91 (51df0e5e17a8..., userDataDir: C:\Users\PRATHA~1.KUM\AppDa...}, fedcm:accounts: true, goog:chromeOptions: {debuggerAddress: localhost:49451}, networkConnectionEnabled: false, pageLoadStrategy: normal, platformName: WINDOWS, proxy: Proxy(), se:cdp: ws://localhost:49451/devtoo..., se:cdpVersion: 124.0.6367.92, setWindowRect: true, strictFileInteractability: false, timeouts: {implicit: 0, pageLoad: 300000, script: 30000}, unhandledPromptBehavior: dismiss and notify, webauthn:extension:credBlob: true, webauthn:extension:largeBlob: true, webauthn:extension:minPinLength: true, webauthn:extension:prf: true, webauthn:virtualAuthenticators: true}
Session ID: 2cf28825ea7a8a419a5b05b8e5d35d84</small> </font> </div>
<div class="test-event"> <font color="maroon"> <small> &emsp; &emsp;--- 04 May 23:22:15 732 - <b>0</b> - Spinner Load Wait: (Sync) - ICar.support.WaitUtils.waitForSpinner(WaitUtils.java:225)</small> </font> </div>
<div class="test-message">&emsp;Back To Courses is displayed in the page </div>
<div class="test-message">&emsp;Successfully verified Back To Course Link&emsp;<a href=".\ScreenShot\URL_TC001_2718873357996400.png" target="_blank" >[ScreenShot]</a></div>
<div class="test-event"> <font color="maroon"> <small> &emsp; &emsp;--- 04 May 23:22:15 998 - Catched spinner load exception due to javascript error: {"status":32,"value":"An invalid or illegal selector was specified"}
  (Session info: chrome=124.0.6367.92)
Build info: version: '4.6.0', revision: '79f1c02ae20'
System info: os.name: 'Windows 10', os.arch: 'amd64', os.version: '10.0', java.version: '17.0.7'
Driver info: org.openqa.selenium.chrome.ChromeDriver
Command: [2cf28825ea7a8a419a5b05b8e5d35d84, findElement {using=css selector, value=div[class='slds-spinner slds-spinner_brand slds-spinner_small']>div:nth-child(2)r}]
Capabilities {acceptInsecureCerts: false, browserName: chrome, browserVersion: 124.0.6367.92, chrome: {chromedriverVersion: 124.0.6367.91 (51df0e5e17a8..., userDataDir: C:\Users\PRATHA~1.KUM\AppDa...}, fedcm:accounts: true, goog:chromeOptions: {debuggerAddress: localhost:49451}, networkConnectionEnabled: false, pageLoadStrategy: normal, platformName: WINDOWS, proxy: Proxy(), se:cdp: ws://localhost:49451/devtoo..., se:cdpVersion: 124.0.6367.92, setWindowRect: true, strictFileInteractability: false, timeouts: {implicit: 0, pageLoad: 300000, script: 30000}, unhandledPromptBehavior: dismiss and notify, webauthn:extension:credBlob: true, webauthn:extension:largeBlob: true, webauthn:extension:minPinLength: true, webauthn:extension:prf: true, webauthn:virtualAuthenticators: true}
Session ID: 2cf28825ea7a8a419a5b05b8e5d35d84</small> </font> </div>
<div class="test-event"> <font color="maroon"> <small> &emsp; &emsp;--- 04 May 23:22:15 998 - <b>0</b> - Spinner Load Wait: (Sync) - ICar.support.WaitUtils.waitForSpinner(WaitUtils.java:225)</small> </font> </div>
<div class="test-event"> <font color="maroon"> <small> &emsp; &emsp;--- 04 May 23:22:16 094 - Page URL:: https://www.i-car.com/product/pl2-mechanical-technician</small> </font> </div>
<div class="test-event"> <font color="maroon"> <small> &emsp; &emsp;--- 04 May 23:22:16 094 - <b>0</b> - Page Load Wait: (Sync) - ICar.support.Utils.waitForPageLoad(Utils.java:109)</small> </font> </div>
<div class="test-event"> <font color="maroon"> <small> &emsp; &emsp;--- 04 May 23:22:26 145 - Element is displayed:: [[ChromeDriver: chrome on WINDOWS (2cf28825ea7a8a419a5b05b8e5d35d84)] -> xpath: //div[@class='productDetails slds-p-bottom_large']//div[contains(@class,'slds-p-bottom_medium')]]</small> </font> </div>
<div class="test-message">&emsp;Course Name : PL2MechanicalTechnician is displayed in the URL page</div>
<div class="test-message">&emsp;Successfully verified the course name for relevant link&emsp;<a href=".\ScreenShot\URL_TC001_2718891787878400.png" target="_blank" >[ScreenShot]</a></div>
<div class="test-message">&emsp;
</div>
<div class="test-message">&emsp;51. URL is : https://www.i-car.com/product/group-16</div>
<div class="test-event"> <font color="maroon"> <small> &emsp; &emsp;--- 04 May 23:22:35 559 - Page URL:: https://www.i-car.com/product/group-16</small> </font> </div>
<div class="test-event"> <font color="maroon"> <small> &emsp; &emsp;--- 04 May 23:22:35 559 - <b>0</b> - Page Load Wait: (Sync) - ICar.support.Utils.waitForPageLoad(Utils.java:109)</small> </font> </div>
<div class="test-message">&emsp;Successfully navigated to the :  https://www.i-car.com/product/group-16   Page&emsp;<a href=".\ScreenShot\URL_TC001_2718893173577700.png" target="_blank" >[ScreenShot]</a></div>
<div class="test-event"> <font color="maroon"> <small> &emsp; &emsp;--- 04 May 23:22:35 849 - Page URL:: https://www.i-car.com/product/group-16</small> </font> </div>
<div class="test-event"> <font color="maroon"> <small> &emsp; &emsp;--- 04 May 23:22:35 849 - <b>0</b> - Page Load Wait: (Sync) - ICar.support.Utils.waitForPageLoad(Utils.java:109)</small> </font> </div>
<div class="test-event"> <font color="maroon"> <small> &emsp; &emsp;--- 04 May 23:22:35 858 - Catched spinner load exception due to javascript error: {"status":32,"value":"An invalid or illegal selector was specified"}
  (Session info: chrome=124.0.6367.92)
Build info: version: '4.6.0', revision: '79f1c02ae20'
System info: os.name: 'Windows 10', os.arch: 'amd64', os.version: '10.0', java.version: '17.0.7'
Driver info: org.openqa.selenium.chrome.ChromeDriver
Command: [2cf28825ea7a8a419a5b05b8e5d35d84, findElement {using=css selector, value=div[class='slds-spinner slds-spinner_brand slds-spinner_small']>div:nth-child(2)r}]
Capabilities {acceptInsecureCerts: false, browserName: chrome, browserVersion: 124.0.6367.92, chrome: {chromedriverVersion: 124.0.6367.91 (51df0e5e17a8..., userDataDir: C:\Users\PRATHA~1.KUM\AppDa...}, fedcm:accounts: true, goog:chromeOptions: {debuggerAddress: localhost:49451}, networkConnectionEnabled: false, pageLoadStrategy: normal, platformName: WINDOWS, proxy: Proxy(), se:cdp: ws://localhost:49451/devtoo..., se:cdpVersion: 124.0.6367.92, setWindowRect: true, strictFileInteractability: false, timeouts: {implicit: 0, pageLoad: 300000, script: 30000}, unhandledPromptBehavior: dismiss and notify, webauthn:extension:credBlob: true, webauthn:extension:largeBlob: true, webauthn:extension:minPinLength: true, webauthn:extension:prf: true, webauthn:virtualAuthenticators: true}
Session ID: 2cf28825ea7a8a419a5b05b8e5d35d84</small> </font> </div>
<div class="test-event"> <font color="maroon"> <small> &emsp; &emsp;--- 04 May 23:22:35 858 - <b>0</b> - Spinner Load Wait: (Sync) - ICar.support.WaitUtils.waitForSpinner(WaitUtils.java:225)</small> </font> </div>
<div class="test-event"> <font color="maroon"> <small> &emsp; &emsp;--- 04 May 23:22:46 008 - Page URL:: https://www.i-car.com/product/group-16</small> </font> </div>
<div class="test-event"> <font color="maroon"> <small> &emsp; &emsp;--- 04 May 23:22:46 008 - <b>0</b> - Page Load Wait: (Sync) - ICar.support.Utils.waitForPageLoad(Utils.java:109)</small> </font> </div>
<div class="test-event"> <font color="maroon"> <small> &emsp; &emsp;--- 04 May 23:22:46 028 - Element is displayed:: [[ChromeDriver: chrome on WINDOWS (2cf28825ea7a8a419a5b05b8e5d35d84)] -> xpath: //a[contains(text(),'Back to Courses')]]</small> </font> </div>
<div class="test-event"> <font color="maroon"> <small> &emsp; &emsp;--- 04 May 23:22:53 072 - Catched spinner load exception due to javascript error: {"status":32,"value":"An invalid or illegal selector was specified"}
  (Session info: chrome=124.0.6367.92)
Build info: version: '4.6.0', revision: '79f1c02ae20'
System info: os.name: 'Windows 10', os.arch: 'amd64', os.version: '10.0', java.version: '17.0.7'
Driver info: org.openqa.selenium.chrome.ChromeDriver
Command: [2cf28825ea7a8a419a5b05b8e5d35d84, findElement {using=css selector, value=div[class='slds-spinner slds-spinner_brand slds-spinner_small']>div:nth-child(2)r}]
Capabilities {acceptInsecureCerts: false, browserName: chrome, browserVersion: 124.0.6367.92, chrome: {chromedriverVersion: 124.0.6367.91 (51df0e5e17a8..., userDataDir: C:\Users\PRATHA~1.KUM\AppDa...}, fedcm:accounts: true, goog:chromeOptions: {debuggerAddress: localhost:49451}, networkConnectionEnabled: false, pageLoadStrategy: normal, platformName: WINDOWS, proxy: Proxy(), se:cdp: ws://localhost:49451/devtoo..., se:cdpVersion: 124.0.6367.92, setWindowRect: true, strictFileInteractability: false, timeouts: {implicit: 0, pageLoad: 300000, script: 30000}, unhandledPromptBehavior: dismiss and notify, webauthn:extension:credBlob: true, webauthn:extension:largeBlob: true, webauthn:extension:minPinLength: true, webauthn:extension:prf: true, webauthn:virtualAuthenticators: true}
Session ID: 2cf28825ea7a8a419a5b05b8e5d35d84</small> </font> </div>
<div class="test-event"> <font color="maroon"> <small> &emsp; &emsp;--- 04 May 23:22:53 072 - <b>0</b> - Spinner Load Wait: (Sync) - ICar.support.WaitUtils.waitForSpinner(WaitUtils.java:225)</small> </font> </div>
<div class="test-message">&emsp;Back To Courses is displayed in the page </div>
<div class="test-message">&emsp;Successfully verified Back To Course Link&emsp;<a href=".\ScreenShot\URL_TC001_2718910695993800.png" target="_blank" >[ScreenShot]</a></div>
<div class="test-event"> <font color="maroon"> <small> &emsp; &emsp;--- 04 May 23:22:53 320 - Catched spinner load exception due to javascript error: {"status":32,"value":"An invalid or illegal selector was specified"}
  (Session info: chrome=124.0.6367.92)
Build info: version: '4.6.0', revision: '79f1c02ae20'
System info: os.name: 'Windows 10', os.arch: 'amd64', os.version: '10.0', java.version: '17.0.7'
Driver info: org.openqa.selenium.chrome.ChromeDriver
Command: [2cf28825ea7a8a419a5b05b8e5d35d84, findElement {using=css selector, value=div[class='slds-spinner slds-spinner_brand slds-spinner_small']>div:nth-child(2)r}]
Capabilities {acceptInsecureCerts: false, browserName: chrome, browserVersion: 124.0.6367.92, chrome: {chromedriverVersion: 124.0.6367.91 (51df0e5e17a8..., userDataDir: C:\Users\PRATHA~1.KUM\AppDa...}, fedcm:accounts: true, goog:chromeOptions: {debuggerAddress: localhost:49451}, networkConnectionEnabled: false, pageLoadStrategy: normal, platformName: WINDOWS, proxy: Proxy(), se:cdp: ws://localhost:49451/devtoo..., se:cdpVersion: 124.0.6367.92, setWindowRect: true, strictFileInteractability: false, timeouts: {implicit: 0, pageLoad: 300000, script: 30000}, unhandledPromptBehavior: dismiss and notify, webauthn:extension:credBlob: true, webauthn:extension:largeBlob: true, webauthn:extension:minPinLength: true, webauthn:extension:prf: true, webauthn:virtualAuthenticators: true}
Session ID: 2cf28825ea7a8a419a5b05b8e5d35d84</small> </font> </div>
<div class="test-event"> <font color="maroon"> <small> &emsp; &emsp;--- 04 May 23:22:53 320 - <b>0</b> - Spinner Load Wait: (Sync) - ICar.support.WaitUtils.waitForSpinner(WaitUtils.java:225)</small> </font> </div>
<div class="test-event"> <font color="maroon"> <small> &emsp; &emsp;--- 04 May 23:22:53 424 - Page URL:: https://www.i-car.com/product/group-16</small> </font> </div>
<div class="test-event"> <font color="maroon"> <small> &emsp; &emsp;--- 04 May 23:22:53 424 - <b>0</b> - Page Load Wait: (Sync) - ICar.support.Utils.waitForPageLoad(Utils.java:109)</small> </font> </div>
<div class="test-event"> <font color="maroon"> <small> &emsp; &emsp;--- 04 May 23:23:03 466 - Element is displayed:: [[ChromeDriver: chrome on WINDOWS (2cf28825ea7a8a419a5b05b8e5d35d84)] -> xpath: //div[@class='productDetails slds-p-bottom_large']//div[contains(@class,'slds-p-bottom_medium')]]</small> </font> </div>
<div class="test-message">&emsp;Course Name : Group16 is displayed in the URL page</div>
<div class="test-message">&emsp;Successfully verified the course name for relevant link&emsp;<a href=".\ScreenShot\URL_TC001_2718929098711800.png" target="_blank" >[ScreenShot]</a></div>
<div class="test-message">&emsp;
</div>
<div class="test-message">&emsp;52. URL is : https://www.i-car.com/product/brakes-system-overview</div>
<div class="test-event"> <font color="maroon"> <small> &emsp; &emsp;--- 04 May 23:23:12 659 - Page URL:: https://www.i-car.com/product/brakes-system-overview</small> </font> </div>
<div class="test-event"> <font color="maroon"> <small> &emsp; &emsp;--- 04 May 23:23:12 659 - <b>0</b> - Page Load Wait: (Sync) - ICar.support.Utils.waitForPageLoad(Utils.java:109)</small> </font> </div>
<div class="test-message">&emsp;Successfully navigated to the :  https://www.i-car.com/product/brakes-system-overview   Page&emsp;<a href=".\ScreenShot\URL_TC001_2718930274005700.png" target="_blank" >[ScreenShot]</a></div>
<div class="test-event"> <font color="maroon"> <small> &emsp; &emsp;--- 04 May 23:23:12 927 - Page URL:: https://www.i-car.com/product/brakes-system-overview</small> </font> </div>
<div class="test-event"> <font color="maroon"> <small> &emsp; &emsp;--- 04 May 23:23:12 927 - <b>0</b> - Page Load Wait: (Sync) - ICar.support.Utils.waitForPageLoad(Utils.java:109)</small> </font> </div>
<div class="test-event"> <font color="maroon"> <small> &emsp; &emsp;--- 04 May 23:23:12 936 - Catched spinner load exception due to javascript error: {"status":32,"value":"An invalid or illegal selector was specified"}
  (Session info: chrome=124.0.6367.92)
Build info: version: '4.6.0', revision: '79f1c02ae20'
System info: os.name: 'Windows 10', os.arch: 'amd64', os.version: '10.0', java.version: '17.0.7'
Driver info: org.openqa.selenium.chrome.ChromeDriver
Command: [2cf28825ea7a8a419a5b05b8e5d35d84, findElement {using=css selector, value=div[class='slds-spinner slds-spinner_brand slds-spinner_small']>div:nth-child(2)r}]
Capabilities {acceptInsecureCerts: false, browserName: chrome, browserVersion: 124.0.6367.92, chrome: {chromedriverVersion: 124.0.6367.91 (51df0e5e17a8..., userDataDir: C:\Users\PRATHA~1.KUM\AppDa...}, fedcm:accounts: true, goog:chromeOptions: {debuggerAddress: localhost:49451}, networkConnectionEnabled: false, pageLoadStrategy: normal, platformName: WINDOWS, proxy: Proxy(), se:cdp: ws://localhost:49451/devtoo..., se:cdpVersion: 124.0.6367.92, setWindowRect: true, strictFileInteractability: false, timeouts: {implicit: 0, pageLoad: 300000, script: 30000}, unhandledPromptBehavior: dismiss and notify, webauthn:extension:credBlob: true, webauthn:extension:largeBlob: true, webauthn:extension:minPinLength: true, webauthn:extension:prf: true, webauthn:virtualAuthenticators: true}
Session ID: 2cf28825ea7a8a419a5b05b8e5d35d84</small> </font> </div>
<div class="test-event"> <font color="maroon"> <small> &emsp; &emsp;--- 04 May 23:23:12 936 - <b>0</b> - Spinner Load Wait: (Sync) - ICar.support.WaitUtils.waitForSpinner(WaitUtils.java:225)</small> </font> </div>
<div class="test-event"> <font color="maroon"> <small> &emsp; &emsp;--- 04 May 23:23:23 012 - Page URL:: https://www.i-car.com/product/brakes-system-overview</small> </font> </div>
<div class="test-event"> <font color="maroon"> <small> &emsp; &emsp;--- 04 May 23:23:23 012 - <b>0</b> - Page Load Wait: (Sync) - ICar.support.Utils.waitForPageLoad(Utils.java:109)</small> </font> </div>
<div class="test-event"> <font color="maroon"> <small> &emsp; &emsp;--- 04 May 23:23:23 034 - Element is displayed:: [[ChromeDriver: chrome on WINDOWS (2cf28825ea7a8a419a5b05b8e5d35d84)] -> xpath: //a[contains(text(),'Back to Courses')]]</small> </font> </div>
<div class="test-event"> <font color="maroon"> <small> &emsp; &emsp;--- 04 May 23:23:30 085 - Catched spinner load exception due to javascript error: {"status":32,"value":"An invalid or illegal selector was specified"}
  (Session info: chrome=124.0.6367.92)
Build info: version: '4.6.0', revision: '79f1c02ae20'
System info: os.name: 'Windows 10', os.arch: 'amd64', os.version: '10.0', java.version: '17.0.7'
Driver info: org.openqa.selenium.chrome.ChromeDriver
Command: [2cf28825ea7a8a419a5b05b8e5d35d84, findElement {using=css selector, value=div[class='slds-spinner slds-spinner_brand slds-spinner_small']>div:nth-child(2)r}]
Capabilities {acceptInsecureCerts: false, browserName: chrome, browserVersion: 124.0.6367.92, chrome: {chromedriverVersion: 124.0.6367.91 (51df0e5e17a8..., userDataDir: C:\Users\PRATHA~1.KUM\AppDa...}, fedcm:accounts: true, goog:chromeOptions: {debuggerAddress: localhost:49451}, networkConnectionEnabled: false, pageLoadStrategy: normal, platformName: WINDOWS, proxy: Proxy(), se:cdp: ws://localhost:49451/devtoo..., se:cdpVersion: 124.0.6367.92, setWindowRect: true, strictFileInteractability: false, timeouts: {implicit: 0, pageLoad: 300000, script: 30000}, unhandledPromptBehavior: dismiss and notify, webauthn:extension:credBlob: true, webauthn:extension:largeBlob: true, webauthn:extension:minPinLength: true, webauthn:extension:prf: true, webauthn:virtualAuthenticators: true}
Session ID: 2cf28825ea7a8a419a5b05b8e5d35d84</small> </font> </div>
<div class="test-event"> <font color="maroon"> <small> &emsp; &emsp;--- 04 May 23:23:30 085 - <b>0</b> - Spinner Load Wait: (Sync) - ICar.support.WaitUtils.waitForSpinner(WaitUtils.java:225)</small> </font> </div>
<div class="test-message">&emsp;Back To Courses is displayed in the page </div>
<div class="test-message">&emsp;Successfully verified Back To Course Link&emsp;<a href=".\ScreenShot\URL_TC001_2718947712279300.png" target="_blank" >[ScreenShot]</a></div>
<div class="test-event"> <font color="maroon"> <small> &emsp; &emsp;--- 04 May 23:23:30 646 - Catched spinner load exception due to javascript error: {"status":32,"value":"An invalid or illegal selector was specified"}
  (Session info: chrome=124.0.6367.92)
Build info: version: '4.6.0', revision: '79f1c02ae20'
System info: os.name: 'Windows 10', os.arch: 'amd64', os.version: '10.0', java.version: '17.0.7'
Driver info: org.openqa.selenium.chrome.ChromeDriver
Command: [2cf28825ea7a8a419a5b05b8e5d35d84, findElement {using=css selector, value=div[class='slds-spinner slds-spinner_brand slds-spinner_small']>div:nth-child(2)r}]
Capabilities {acceptInsecureCerts: false, browserName: chrome, browserVersion: 124.0.6367.92, chrome: {chromedriverVersion: 124.0.6367.91 (51df0e5e17a8..., userDataDir: C:\Users\PRATHA~1.KUM\AppDa...}, fedcm:accounts: true, goog:chromeOptions: {debuggerAddress: localhost:49451}, networkConnectionEnabled: false, pageLoadStrategy: normal, platformName: WINDOWS, proxy: Proxy(), se:cdp: ws://localhost:49451/devtoo..., se:cdpVersion: 124.0.6367.92, setWindowRect: true, strictFileInteractability: false, timeouts: {implicit: 0, pageLoad: 300000, script: 30000}, unhandledPromptBehavior: dismiss and notify, webauthn:extension:credBlob: true, webauthn:extension:largeBlob: true, webauthn:extension:minPinLength: true, webauthn:extension:prf: true, webauthn:virtualAuthenticators: true}
Session ID: 2cf28825ea7a8a419a5b05b8e5d35d84</small> </font> </div>
<div class="test-event"> <font color="maroon"> <small> &emsp; &emsp;--- 04 May 23:23:30 646 - <b>0</b> - Spinner Load Wait: (Sync) - ICar.support.WaitUtils.waitForSpinner(WaitUtils.java:225)</small> </font> </div>
<div class="test-event"> <font color="maroon"> <small> &emsp; &emsp;--- 04 May 23:23:30 709 - Page URL:: https://www.i-car.com/product/brakes-system-overview</small> </font> </div>
<div class="test-event"> <font color="maroon"> <small> &emsp; &emsp;--- 04 May 23:23:30 709 - <b>0</b> - Page Load Wait: (Sync) - ICar.support.Utils.waitForPageLoad(Utils.java:109)</small> </font> </div>
<div class="test-event"> <font color="maroon"> <small> &emsp; &emsp;--- 04 May 23:23:40 763 - Element is displayed:: [[ChromeDriver: chrome on WINDOWS (2cf28825ea7a8a419a5b05b8e5d35d84)] -> xpath: //div[@class='productDetails slds-p-bottom_large']//div[contains(@class,'slds-p-bottom_medium')]]</small> </font> </div>
<div class="test-message">&emsp;Course Name : BrakesSystemOverview is displayed in the URL page</div>
<div class="test-message">&emsp;Successfully verified the course name for relevant link&emsp;<a href=".\ScreenShot\URL_TC001_2718966402676400.png" target="_blank" >[ScreenShot]</a></div>
<div class="test-message">&emsp;
</div>
<div class="test-message">&emsp;53. URL is : https://www.i-car.com/product/group-1</div>
<div class="test-event"> <font color="maroon"> <small> &emsp; &emsp;--- 04 May 23:23:50 057 - Page URL:: https://www.i-car.com/product/group-1</small> </font> </div>
<div class="test-event"> <font color="maroon"> <small> &emsp; &emsp;--- 04 May 23:23:50 057 - <b>0</b> - Page Load Wait: (Sync) - ICar.support.Utils.waitForPageLoad(Utils.java:109)</small> </font> </div>
<div class="test-message">&emsp;Successfully navigated to the :  https://www.i-car.com/product/group-1   Page&emsp;<a href=".\ScreenShot\URL_TC001_2718967671038000.png" target="_blank" >[ScreenShot]</a></div>
<div class="test-event"> <font color="maroon"> <small> &emsp; &emsp;--- 04 May 23:23:50 364 - Page URL:: https://www.i-car.com/product/group-1</small> </font> </div>
<div class="test-event"> <font color="maroon"> <small> &emsp; &emsp;--- 04 May 23:23:50 364 - <b>0</b> - Page Load Wait: (Sync) - ICar.support.Utils.waitForPageLoad(Utils.java:109)</small> </font> </div>
<div class="test-event"> <font color="maroon"> <small> &emsp; &emsp;--- 04 May 23:23:50 372 - Catched spinner load exception due to javascript error: {"status":32,"value":"An invalid or illegal selector was specified"}
  (Session info: chrome=124.0.6367.92)
Build info: version: '4.6.0', revision: '79f1c02ae20'
System info: os.name: 'Windows 10', os.arch: 'amd64', os.version: '10.0', java.version: '17.0.7'
Driver info: org.openqa.selenium.chrome.ChromeDriver
Command: [2cf28825ea7a8a419a5b05b8e5d35d84, findElement {using=css selector, value=div[class='slds-spinner slds-spinner_brand slds-spinner_small']>div:nth-child(2)r}]
Capabilities {acceptInsecureCerts: false, browserName: chrome, browserVersion: 124.0.6367.92, chrome: {chromedriverVersion: 124.0.6367.91 (51df0e5e17a8..., userDataDir: C:\Users\PRATHA~1.KUM\AppDa...}, fedcm:accounts: true, goog:chromeOptions: {debuggerAddress: localhost:49451}, networkConnectionEnabled: false, pageLoadStrategy: normal, platformName: WINDOWS, proxy: Proxy(), se:cdp: ws://localhost:49451/devtoo..., se:cdpVersion: 124.0.6367.92, setWindowRect: true, strictFileInteractability: false, timeouts: {implicit: 0, pageLoad: 300000, script: 30000}, unhandledPromptBehavior: dismiss and notify, webauthn:extension:credBlob: true, webauthn:extension:largeBlob: true, webauthn:extension:minPinLength: true, webauthn:extension:prf: true, webauthn:virtualAuthenticators: true}
Session ID: 2cf28825ea7a8a419a5b05b8e5d35d84</small> </font> </div>
<div class="test-event"> <font color="maroon"> <small> &emsp; &emsp;--- 04 May 23:23:50 372 - <b>0</b> - Spinner Load Wait: (Sync) - ICar.support.WaitUtils.waitForSpinner(WaitUtils.java:225)</small> </font> </div>
<div class="test-event"> <font color="maroon"> <small> &emsp; &emsp;--- 04 May 23:24:00 525 - Page URL:: https://www.i-car.com/product/group-1</small> </font> </div>
<div class="test-event"> <font color="maroon"> <small> &emsp; &emsp;--- 04 May 23:24:00 525 - <b>0</b> - Page Load Wait: (Sync) - ICar.support.Utils.waitForPageLoad(Utils.java:109)</small> </font> </div>
<div class="test-event"> <font color="maroon"> <small> &emsp; &emsp;--- 04 May 23:24:00 543 - Element is displayed:: [[ChromeDriver: chrome on WINDOWS (2cf28825ea7a8a419a5b05b8e5d35d84)] -> xpath: //a[contains(text(),'Back to Courses')]]</small> </font> </div>
<div class="test-event"> <font color="maroon"> <small> &emsp; &emsp;--- 04 May 23:24:07 581 - Catched spinner load exception due to javascript error: {"status":32,"value":"An invalid or illegal selector was specified"}
  (Session info: chrome=124.0.6367.92)
Build info: version: '4.6.0', revision: '79f1c02ae20'
System info: os.name: 'Windows 10', os.arch: 'amd64', os.version: '10.0', java.version: '17.0.7'
Driver info: org.openqa.selenium.chrome.ChromeDriver
Command: [2cf28825ea7a8a419a5b05b8e5d35d84, findElement {using=css selector, value=div[class='slds-spinner slds-spinner_brand slds-spinner_small']>div:nth-child(2)r}]
Capabilities {acceptInsecureCerts: false, browserName: chrome, browserVersion: 124.0.6367.92, chrome: {chromedriverVersion: 124.0.6367.91 (51df0e5e17a8..., userDataDir: C:\Users\PRATHA~1.KUM\AppDa...}, fedcm:accounts: true, goog:chromeOptions: {debuggerAddress: localhost:49451}, networkConnectionEnabled: false, pageLoadStrategy: normal, platformName: WINDOWS, proxy: Proxy(), se:cdp: ws://localhost:49451/devtoo..., se:cdpVersion: 124.0.6367.92, setWindowRect: true, strictFileInteractability: false, timeouts: {implicit: 0, pageLoad: 300000, script: 30000}, unhandledPromptBehavior: dismiss and notify, webauthn:extension:credBlob: true, webauthn:extension:largeBlob: true, webauthn:extension:minPinLength: true, webauthn:extension:prf: true, webauthn:virtualAuthenticators: true}
Session ID: 2cf28825ea7a8a419a5b05b8e5d35d84</small> </font> </div>
<div class="test-event"> <font color="maroon"> <small> &emsp; &emsp;--- 04 May 23:24:07 582 - <b>0</b> - Spinner Load Wait: (Sync) - ICar.support.WaitUtils.waitForSpinner(WaitUtils.java:225)</small> </font> </div>
<div class="test-message">&emsp;Back To Courses is displayed in the page </div>
<div class="test-message">&emsp;Successfully verified Back To Course Link&emsp;<a href=".\ScreenShot\URL_TC001_2718985206134000.png" target="_blank" >[ScreenShot]</a></div>
<div class="test-event"> <font color="maroon"> <small> &emsp; &emsp;--- 04 May 23:24:08 170 - Catched spinner load exception due to javascript error: {"status":32,"value":"An invalid or illegal selector was specified"}
  (Session info: chrome=124.0.6367.92)
Build info: version: '4.6.0', revision: '79f1c02ae20'
System info: os.name: 'Windows 10', os.arch: 'amd64', os.version: '10.0', java.version: '17.0.7'
Driver info: org.openqa.selenium.chrome.ChromeDriver
Command: [2cf28825ea7a8a419a5b05b8e5d35d84, findElement {using=css selector, value=div[class='slds-spinner slds-spinner_brand slds-spinner_small']>div:nth-child(2)r}]
Capabilities {acceptInsecureCerts: false, browserName: chrome, browserVersion: 124.0.6367.92, chrome: {chromedriverVersion: 124.0.6367.91 (51df0e5e17a8..., userDataDir: C:\Users\PRATHA~1.KUM\AppDa...}, fedcm:accounts: true, goog:chromeOptions: {debuggerAddress: localhost:49451}, networkConnectionEnabled: false, pageLoadStrategy: normal, platformName: WINDOWS, proxy: Proxy(), se:cdp: ws://localhost:49451/devtoo..., se:cdpVersion: 124.0.6367.92, setWindowRect: true, strictFileInteractability: false, timeouts: {implicit: 0, pageLoad: 300000, script: 30000}, unhandledPromptBehavior: dismiss and notify, webauthn:extension:credBlob: true, webauthn:extension:largeBlob: true, webauthn:extension:minPinLength: true, webauthn:extension:prf: true, webauthn:virtualAuthenticators: true}
Session ID: 2cf28825ea7a8a419a5b05b8e5d35d84</small> </font> </div>
<div class="test-event"> <font color="maroon"> <small> &emsp; &emsp;--- 04 May 23:24:08 170 - <b>0</b> - Spinner Load Wait: (Sync) - ICar.support.WaitUtils.waitForSpinner(WaitUtils.java:225)</small> </font> </div>
<div class="test-event"> <font color="maroon"> <small> &emsp; &emsp;--- 04 May 23:24:08 269 - Page URL:: https://www.i-car.com/product/group-1</small> </font> </div>
<div class="test-event"> <font color="maroon"> <small> &emsp; &emsp;--- 04 May 23:24:08 269 - <b>0</b> - Page Load Wait: (Sync) - ICar.support.Utils.waitForPageLoad(Utils.java:109)</small> </font> </div>
<div class="test-event"> <font color="maroon"> <small> &emsp; &emsp;--- 04 May 23:24:18 335 - Element is displayed:: [[ChromeDriver: chrome on WINDOWS (2cf28825ea7a8a419a5b05b8e5d35d84)] -> xpath: //div[@class='productDetails slds-p-bottom_large']//div[contains(@class,'slds-p-bottom_medium')]]</small> </font> </div>
<div class="test-message">&emsp;Course Name : Group01 is not displayed in the URL pageName from Excel :group1</div>
<div class="test-result"><font color="red">&emsp;Failed to verify the course name for relevant link</font><a href=".\ScreenShot\URL_TC001_2719003967733100.png" target="_blank" >[ScreenShot]</a></div>
<!--FAILSOFT-->
<div class="test-message">&emsp;
</div>
<div class="test-message">&emsp;54. URL is : https://www.i-car.com/product/learning-culture-overview</div>
<div class="test-event"> <font color="maroon"> <small> &emsp; &emsp;--- 04 May 23:24:27 714 - Page URL:: https://www.i-car.com/product/learning-culture-overview</small> </font> </div>
<div class="test-event"> <font color="maroon"> <small> &emsp; &emsp;--- 04 May 23:24:27 714 - <b>0</b> - Page Load Wait: (Sync) - ICar.support.Utils.waitForPageLoad(Utils.java:109)</small> </font> </div>
<div class="test-message">&emsp;Successfully navigated to the :  https://www.i-car.com/product/learning-culture-overview   Page&emsp;<a href=".\ScreenShot\URL_TC001_2719005327270300.png" target="_blank" >[ScreenShot]</a></div>
<div class="test-event"> <font color="maroon"> <small> &emsp; &emsp;--- 04 May 23:24:28 012 - Page URL:: https://www.i-car.com/product/learning-culture-overview</small> </font> </div>
<div class="test-event"> <font color="maroon"> <small> &emsp; &emsp;--- 04 May 23:24:28 012 - <b>0</b> - Page Load Wait: (Sync) - ICar.support.Utils.waitForPageLoad(Utils.java:109)</small> </font> </div>
<div class="test-event"> <font color="maroon"> <small> &emsp; &emsp;--- 04 May 23:24:28 022 - Catched spinner load exception due to javascript error: {"status":32,"value":"An invalid or illegal selector was specified"}
  (Session info: chrome=124.0.6367.92)
Build info: version: '4.6.0', revision: '79f1c02ae20'
System info: os.name: 'Windows 10', os.arch: 'amd64', os.version: '10.0', java.version: '17.0.7'
Driver info: org.openqa.selenium.chrome.ChromeDriver
Command: [2cf28825ea7a8a419a5b05b8e5d35d84, findElement {using=css selector, value=div[class='slds-spinner slds-spinner_brand slds-spinner_small']>div:nth-child(2)r}]
Capabilities {acceptInsecureCerts: false, browserName: chrome, browserVersion: 124.0.6367.92, chrome: {chromedriverVersion: 124.0.6367.91 (51df0e5e17a8..., userDataDir: C:\Users\PRATHA~1.KUM\AppDa...}, fedcm:accounts: true, goog:chromeOptions: {debuggerAddress: localhost:49451}, networkConnectionEnabled: false, pageLoadStrategy: normal, platformName: WINDOWS, proxy: Proxy(), se:cdp: ws://localhost:49451/devtoo..., se:cdpVersion: 124.0.6367.92, setWindowRect: true, strictFileInteractability: false, timeouts: {implicit: 0, pageLoad: 300000, script: 30000}, unhandledPromptBehavior: dismiss and notify, webauthn:extension:credBlob: true, webauthn:extension:largeBlob: true, webauthn:extension:minPinLength: true, webauthn:extension:prf: true, webauthn:virtualAuthenticators: true}
Session ID: 2cf28825ea7a8a419a5b05b8e5d35d84</small> </font> </div>
<div class="test-event"> <font color="maroon"> <small> &emsp; &emsp;--- 04 May 23:24:28 022 - <b>0</b> - Spinner Load Wait: (Sync) - ICar.support.WaitUtils.waitForSpinner(WaitUtils.java:225)</small> </font> </div>
<div class="test-event"> <font color="maroon"> <small> &emsp; &emsp;--- 04 May 23:24:38 129 - Page URL:: https://www.i-car.com/product/learning-culture-overview</small> </font> </div>
<div class="test-event"> <font color="maroon"> <small> &emsp; &emsp;--- 04 May 23:24:38 129 - <b>0</b> - Page Load Wait: (Sync) - ICar.support.Utils.waitForPageLoad(Utils.java:109)</small> </font> </div>
<div class="test-event"> <font color="maroon"> <small> &emsp; &emsp;--- 04 May 23:24:38 150 - Element is displayed:: [[ChromeDriver: chrome on WINDOWS (2cf28825ea7a8a419a5b05b8e5d35d84)] -> xpath: //a[contains(text(),'Back to Courses')]]</small> </font> </div>
<div class="test-event"> <font color="maroon"> <small> &emsp; &emsp;--- 04 May 23:24:45 193 - Catched spinner load exception due to javascript error: {"status":32,"value":"An invalid or illegal selector was specified"}
  (Session info: chrome=124.0.6367.92)
Build info: version: '4.6.0', revision: '79f1c02ae20'
System info: os.name: 'Windows 10', os.arch: 'amd64', os.version: '10.0', java.version: '17.0.7'
Driver info: org.openqa.selenium.chrome.ChromeDriver
Command: [2cf28825ea7a8a419a5b05b8e5d35d84, findElement {using=css selector, value=div[class='slds-spinner slds-spinner_brand slds-spinner_small']>div:nth-child(2)r}]
Capabilities {acceptInsecureCerts: false, browserName: chrome, browserVersion: 124.0.6367.92, chrome: {chromedriverVersion: 124.0.6367.91 (51df0e5e17a8..., userDataDir: C:\Users\PRATHA~1.KUM\AppDa...}, fedcm:accounts: true, goog:chromeOptions: {debuggerAddress: localhost:49451}, networkConnectionEnabled: false, pageLoadStrategy: normal, platformName: WINDOWS, proxy: Proxy(), se:cdp: ws://localhost:49451/devtoo..., se:cdpVersion: 124.0.6367.92, setWindowRect: true, strictFileInteractability: false, timeouts: {implicit: 0, pageLoad: 300000, script: 30000}, unhandledPromptBehavior: dismiss and notify, webauthn:extension:credBlob: true, webauthn:extension:largeBlob: true, webauthn:extension:minPinLength: true, webauthn:extension:prf: true, webauthn:virtualAuthenticators: true}
Session ID: 2cf28825ea7a8a419a5b05b8e5d35d84</small> </font> </div>
<div class="test-event"> <font color="maroon"> <small> &emsp; &emsp;--- 04 May 23:24:45 194 - <b>0</b> - Spinner Load Wait: (Sync) - ICar.support.WaitUtils.waitForSpinner(WaitUtils.java:225)</small> </font> </div>
<div class="test-message">&emsp;Back To Courses is displayed in the page </div>
<div class="test-message">&emsp;Successfully verified Back To Course Link&emsp;<a href=".\ScreenShot\URL_TC001_2719022830149600.png" target="_blank" >[ScreenShot]</a></div>
<div class="test-event"> <font color="maroon"> <small> &emsp; &emsp;--- 04 May 23:24:45 439 - Catched spinner load exception due to javascript error: {"status":32,"value":"An invalid or illegal selector was specified"}
  (Session info: chrome=124.0.6367.92)
Build info: version: '4.6.0', revision: '79f1c02ae20'
System info: os.name: 'Windows 10', os.arch: 'amd64', os.version: '10.0', java.version: '17.0.7'
Driver info: org.openqa.selenium.chrome.ChromeDriver
Command: [2cf28825ea7a8a419a5b05b8e5d35d84, findElement {using=css selector, value=div[class='slds-spinner slds-spinner_brand slds-spinner_small']>div:nth-child(2)r}]
Capabilities {acceptInsecureCerts: false, browserName: chrome, browserVersion: 124.0.6367.92, chrome: {chromedriverVersion: 124.0.6367.91 (51df0e5e17a8..., userDataDir: C:\Users\PRATHA~1.KUM\AppDa...}, fedcm:accounts: true, goog:chromeOptions: {debuggerAddress: localhost:49451}, networkConnectionEnabled: false, pageLoadStrategy: normal, platformName: WINDOWS, proxy: Proxy(), se:cdp: ws://localhost:49451/devtoo..., se:cdpVersion: 124.0.6367.92, setWindowRect: true, strictFileInteractability: false, timeouts: {implicit: 0, pageLoad: 300000, script: 30000}, unhandledPromptBehavior: dismiss and notify, webauthn:extension:credBlob: true, webauthn:extension:largeBlob: true, webauthn:extension:minPinLength: true, webauthn:extension:prf: true, webauthn:virtualAuthenticators: true}
Session ID: 2cf28825ea7a8a419a5b05b8e5d35d84</small> </font> </div>
<div class="test-event"> <font color="maroon"> <small> &emsp; &emsp;--- 04 May 23:24:45 439 - <b>0</b> - Spinner Load Wait: (Sync) - ICar.support.WaitUtils.waitForSpinner(WaitUtils.java:225)</small> </font> </div>
<div class="test-event"> <font color="maroon"> <small> &emsp; &emsp;--- 04 May 23:24:45 505 - Page URL:: https://www.i-car.com/product/learning-culture-overview</small> </font> </div>
<div class="test-event"> <font color="maroon"> <small> &emsp; &emsp;--- 04 May 23:24:45 505 - <b>0</b> - Page Load Wait: (Sync) - ICar.support.Utils.waitForPageLoad(Utils.java:109)</small> </font> </div>
<div class="test-event"> <font color="maroon"> <small> &emsp; &emsp;--- 04 May 23:24:55 559 - Element is displayed:: [[ChromeDriver: chrome on WINDOWS (2cf28825ea7a8a419a5b05b8e5d35d84)] -> xpath: //div[@class='productDetails slds-p-bottom_large']//div[contains(@class,'slds-p-bottom_medium')]]</small> </font> </div>
<div class="test-message">&emsp;Course Name : LearningCultureOverview is displayed in the URL page</div>
<div class="test-message">&emsp;Successfully verified the course name for relevant link&emsp;<a href=".\ScreenShot\URL_TC001_2719041191474200.png" target="_blank" >[ScreenShot]</a></div>
<div class="test-message">&emsp;
</div>
<div class="test-message">&emsp;55. URL is : https://www.i-car.com/product/improving-your-shops-cycle-time</div>
<div class="test-event"> <font color="maroon"> <small> &emsp; &emsp;--- 04 May 23:25:08 880 - Page URL:: https://www.i-car.com/product/improving-your-shops-cycle-time</small> </font> </div>
<div class="test-event"> <font color="maroon"> <small> &emsp; &emsp;--- 04 May 23:25:08 880 - <b>4</b> - Page Load Wait: (Sync) - ICar.support.Utils.waitForPageLoad(Utils.java:109)</small> </font> </div>
<div class="test-message">&emsp;Successfully navigated to the :  https://www.i-car.com/product/improving-your-shops-cycle-time   Page&emsp;<a href=".\ScreenShot\URL_TC001_2719046494153300.png" target="_blank" >[ScreenShot]</a></div>
<div class="test-event"> <font color="maroon"> <small> &emsp; &emsp;--- 04 May 23:25:09 154 - Page URL:: https://www.i-car.com/product/improving-your-shops-cycle-time</small> </font> </div>
<div class="test-event"> <font color="maroon"> <small> &emsp; &emsp;--- 04 May 23:25:09 155 - <b>0</b> - Page Load Wait: (Sync) - ICar.support.Utils.waitForPageLoad(Utils.java:109)</small> </font> </div>
<div class="test-event"> <font color="maroon"> <small> &emsp; &emsp;--- 04 May 23:25:09 164 - Catched spinner load exception due to javascript error: {"status":32,"value":"An invalid or illegal selector was specified"}
  (Session info: chrome=124.0.6367.92)
Build info: version: '4.6.0', revision: '79f1c02ae20'
System info: os.name: 'Windows 10', os.arch: 'amd64', os.version: '10.0', java.version: '17.0.7'
Driver info: org.openqa.selenium.chrome.ChromeDriver
Command: [2cf28825ea7a8a419a5b05b8e5d35d84, findElement {using=css selector, value=div[class='slds-spinner slds-spinner_brand slds-spinner_small']>div:nth-child(2)r}]
Capabilities {acceptInsecureCerts: false, browserName: chrome, browserVersion: 124.0.6367.92, chrome: {chromedriverVersion: 124.0.6367.91 (51df0e5e17a8..., userDataDir: C:\Users\PRATHA~1.KUM\AppDa...}, fedcm:accounts: true, goog:chromeOptions: {debuggerAddress: localhost:49451}, networkConnectionEnabled: false, pageLoadStrategy: normal, platformName: WINDOWS, proxy: Proxy(), se:cdp: ws://localhost:49451/devtoo..., se:cdpVersion: 124.0.6367.92, setWindowRect: true, strictFileInteractability: false, timeouts: {implicit: 0, pageLoad: 300000, script: 30000}, unhandledPromptBehavior: dismiss and notify, webauthn:extension:credBlob: true, webauthn:extension:largeBlob: true, webauthn:extension:minPinLength: true, webauthn:extension:prf: true, webauthn:virtualAuthenticators: true}
Session ID: 2cf28825ea7a8a419a5b05b8e5d35d84</small> </font> </div>
<div class="test-event"> <font color="maroon"> <small> &emsp; &emsp;--- 04 May 23:25:09 164 - <b>0</b> - Spinner Load Wait: (Sync) - ICar.support.WaitUtils.waitForSpinner(WaitUtils.java:225)</small> </font> </div>
<div class="test-event"> <font color="maroon"> <small> &emsp; &emsp;--- 04 May 23:25:19 247 - Page URL:: https://www.i-car.com/product/improving-your-shops-cycle-time</small> </font> </div>
<div class="test-event"> <font color="maroon"> <small> &emsp; &emsp;--- 04 May 23:25:19 247 - <b>0</b> - Page Load Wait: (Sync) - ICar.support.Utils.waitForPageLoad(Utils.java:109)</small> </font> </div>
<div class="test-event"> <font color="maroon"> <small> &emsp; &emsp;--- 04 May 23:25:19 265 - Element is displayed:: [[ChromeDriver: chrome on WINDOWS (2cf28825ea7a8a419a5b05b8e5d35d84)] -> xpath: //a[contains(text(),'Back to Courses')]]</small> </font> </div>
<div class="test-event"> <font color="maroon"> <small> &emsp; &emsp;--- 04 May 23:25:26 322 - Catched spinner load exception due to javascript error: {"status":32,"value":"An invalid or illegal selector was specified"}
  (Session info: chrome=124.0.6367.92)
Build info: version: '4.6.0', revision: '79f1c02ae20'
System info: os.name: 'Windows 10', os.arch: 'amd64', os.version: '10.0', java.version: '17.0.7'
Driver info: org.openqa.selenium.chrome.ChromeDriver
Command: [2cf28825ea7a8a419a5b05b8e5d35d84, findElement {using=css selector, value=div[class='slds-spinner slds-spinner_brand slds-spinner_small']>div:nth-child(2)r}]
Capabilities {acceptInsecureCerts: false, browserName: chrome, browserVersion: 124.0.6367.92, chrome: {chromedriverVersion: 124.0.6367.91 (51df0e5e17a8..., userDataDir: C:\Users\PRATHA~1.KUM\AppDa...}, fedcm:accounts: true, goog:chromeOptions: {debuggerAddress: localhost:49451}, networkConnectionEnabled: false, pageLoadStrategy: normal, platformName: WINDOWS, proxy: Proxy(), se:cdp: ws://localhost:49451/devtoo..., se:cdpVersion: 124.0.6367.92, setWindowRect: true, strictFileInteractability: false, timeouts: {implicit: 0, pageLoad: 300000, script: 30000}, unhandledPromptBehavior: dismiss and notify, webauthn:extension:credBlob: true, webauthn:extension:largeBlob: true, webauthn:extension:minPinLength: true, webauthn:extension:prf: true, webauthn:virtualAuthenticators: true}
Session ID: 2cf28825ea7a8a419a5b05b8e5d35d84</small> </font> </div>
<div class="test-event"> <font color="maroon"> <small> &emsp; &emsp;--- 04 May 23:25:26 322 - <b>0</b> - Spinner Load Wait: (Sync) - ICar.support.WaitUtils.waitForSpinner(WaitUtils.java:225)</small> </font> </div>
<div class="test-message">&emsp;Back To Courses is displayed in the page </div>
<div class="test-message">&emsp;Successfully verified Back To Course Link&emsp;<a href=".\ScreenShot\URL_TC001_2719063962838900.png" target="_blank" >[ScreenShot]</a></div>
<div class="test-event"> <font color="maroon"> <small> &emsp; &emsp;--- 04 May 23:25:26 573 - Catched spinner load exception due to javascript error: {"status":32,"value":"An invalid or illegal selector was specified"}
  (Session info: chrome=124.0.6367.92)
Build info: version: '4.6.0', revision: '79f1c02ae20'
System info: os.name: 'Windows 10', os.arch: 'amd64', os.version: '10.0', java.version: '17.0.7'
Driver info: org.openqa.selenium.chrome.ChromeDriver
Command: [2cf28825ea7a8a419a5b05b8e5d35d84, findElement {using=css selector, value=div[class='slds-spinner slds-spinner_brand slds-spinner_small']>div:nth-child(2)r}]
Capabilities {acceptInsecureCerts: false, browserName: chrome, browserVersion: 124.0.6367.92, chrome: {chromedriverVersion: 124.0.6367.91 (51df0e5e17a8..., userDataDir: C:\Users\PRATHA~1.KUM\AppDa...}, fedcm:accounts: true, goog:chromeOptions: {debuggerAddress: localhost:49451}, networkConnectionEnabled: false, pageLoadStrategy: normal, platformName: WINDOWS, proxy: Proxy(), se:cdp: ws://localhost:49451/devtoo..., se:cdpVersion: 124.0.6367.92, setWindowRect: true, strictFileInteractability: false, timeouts: {implicit: 0, pageLoad: 300000, script: 30000}, unhandledPromptBehavior: dismiss and notify, webauthn:extension:credBlob: true, webauthn:extension:largeBlob: true, webauthn:extension:minPinLength: true, webauthn:extension:prf: true, webauthn:virtualAuthenticators: true}
Session ID: 2cf28825ea7a8a419a5b05b8e5d35d84</small> </font> </div>
<div class="test-event"> <font color="maroon"> <small> &emsp; &emsp;--- 04 May 23:25:26 573 - <b>0</b> - Spinner Load Wait: (Sync) - ICar.support.WaitUtils.waitForSpinner(WaitUtils.java:225)</small> </font> </div>
<div class="test-event"> <font color="maroon"> <small> &emsp; &emsp;--- 04 May 23:25:26 649 - Page URL:: https://www.i-car.com/product/improving-your-shops-cycle-time</small> </font> </div>
<div class="test-event"> <font color="maroon"> <small> &emsp; &emsp;--- 04 May 23:25:26 649 - <b>0</b> - Page Load Wait: (Sync) - ICar.support.Utils.waitForPageLoad(Utils.java:109)</small> </font> </div>
<div class="test-event"> <font color="maroon"> <small> &emsp; &emsp;--- 04 May 23:25:36 705 - Element is displayed:: [[ChromeDriver: chrome on WINDOWS (2cf28825ea7a8a419a5b05b8e5d35d84)] -> xpath: //div[@class='productDetails slds-p-bottom_large']//div[contains(@class,'slds-p-bottom_medium')]]</small> </font> </div>
<div class="test-message">&emsp;Course Name : ImprovingYourShopsCycleTime is displayed in the URL page</div>
<div class="test-message">&emsp;Successfully verified the course name for relevant link&emsp;<a href=".\ScreenShot\URL_TC001_2719082338037600.png" target="_blank" >[ScreenShot]</a></div>
<div class="test-message">&emsp;
</div>
<div class="test-message">&emsp;56. URL is : https://www.i-car.com/product/fullframe-replacement</div>
<div class="test-event"> <font color="maroon"> <small> &emsp; &emsp;--- 04 May 23:25:45 992 - Page URL:: https://www.i-car.com/product/fullframe-replacement</small> </font> </div>
<div class="test-event"> <font color="maroon"> <small> &emsp; &emsp;--- 04 May 23:25:45 992 - <b>0</b> - Page Load Wait: (Sync) - ICar.support.Utils.waitForPageLoad(Utils.java:109)</small> </font> </div>
<div class="test-message">&emsp;Successfully navigated to the :  https://www.i-car.com/product/fullframe-replacement   Page&emsp;<a href=".\ScreenShot\URL_TC001_2719083605874600.png" target="_blank" >[ScreenShot]</a></div>
<div class="test-event"> <font color="maroon"> <small> &emsp; &emsp;--- 04 May 23:25:46 281 - Page URL:: https://www.i-car.com/product/fullframe-replacement</small> </font> </div>
<div class="test-event"> <font color="maroon"> <small> &emsp; &emsp;--- 04 May 23:25:46 281 - <b>0</b> - Page Load Wait: (Sync) - ICar.support.Utils.waitForPageLoad(Utils.java:109)</small> </font> </div>
<div class="test-event"> <font color="maroon"> <small> &emsp; &emsp;--- 04 May 23:25:46 289 - Catched spinner load exception due to javascript error: {"status":32,"value":"An invalid or illegal selector was specified"}
  (Session info: chrome=124.0.6367.92)
Build info: version: '4.6.0', revision: '79f1c02ae20'
System info: os.name: 'Windows 10', os.arch: 'amd64', os.version: '10.0', java.version: '17.0.7'
Driver info: org.openqa.selenium.chrome.ChromeDriver
Command: [2cf28825ea7a8a419a5b05b8e5d35d84, findElement {using=css selector, value=div[class='slds-spinner slds-spinner_brand slds-spinner_small']>div:nth-child(2)r}]
Capabilities {acceptInsecureCerts: false, browserName: chrome, browserVersion: 124.0.6367.92, chrome: {chromedriverVersion: 124.0.6367.91 (51df0e5e17a8..., userDataDir: C:\Users\PRATHA~1.KUM\AppDa...}, fedcm:accounts: true, goog:chromeOptions: {debuggerAddress: localhost:49451}, networkConnectionEnabled: false, pageLoadStrategy: normal, platformName: WINDOWS, proxy: Proxy(), se:cdp: ws://localhost:49451/devtoo..., se:cdpVersion: 124.0.6367.92, setWindowRect: true, strictFileInteractability: false, timeouts: {implicit: 0, pageLoad: 300000, script: 30000}, unhandledPromptBehavior: dismiss and notify, webauthn:extension:credBlob: true, webauthn:extension:largeBlob: true, webauthn:extension:minPinLength: true, webauthn:extension:prf: true, webauthn:virtualAuthenticators: true}
Session ID: 2cf28825ea7a8a419a5b05b8e5d35d84</small> </font> </div>
<div class="test-event"> <font color="maroon"> <small> &emsp; &emsp;--- 04 May 23:25:46 290 - <b>0</b> - Spinner Load Wait: (Sync) - ICar.support.WaitUtils.waitForSpinner(WaitUtils.java:225)</small> </font> </div>
<div class="test-message">&emsp;Error while verifying the URL page  : no such element: Unable to locate element: {"method":"xpath","selector":"//a[contains(text(),'Back to Courses')]"}
  (Session info: chrome=124.0.6367.92)
For documentation on this error, please visit: https://selenium.dev/exceptions/#no_such_element
Build info: version: '4.6.0', revision: '79f1c02ae20'
System info: os.name: 'Windows 10', os.arch: 'amd64', os.version: '10.0', java.version: '17.0.7'
Driver info: org.openqa.selenium.chrome.ChromeDriver
Command: [2cf28825ea7a8a419a5b05b8e5d35d84, findElement {using=xpath, value=//a[contains(text(),'Back to Courses')]}]
Capabilities {acceptInsecureCerts: false, browserName: chrome, browserVersion: 124.0.6367.92, chrome: {chromedriverVersion: 124.0.6367.91 (51df0e5e17a8..., userDataDir: C:\Users\PRATHA~1.KUM\AppDa...}, fedcm:accounts: true, goog:chromeOptions: {debuggerAddress: localhost:49451}, networkConnectionEnabled: false, pageLoadStrategy: normal, platformName: WINDOWS, proxy: Proxy(), se:cdp: ws://localhost:49451/devtoo..., se:cdpVersion: 124.0.6367.92, setWindowRect: true, strictFileInteractability: false, timeouts: {implicit: 0, pageLoad: 300000, script: 30000}, unhandledPromptBehavior: dismiss and notify, webauthn:extension:credBlob: true, webauthn:extension:largeBlob: true, webauthn:extension:minPinLength: true, webauthn:extension:prf: true, webauthn:virtualAuthenticators: true}
Session ID: 2cf28825ea7a8a419a5b05b8e5d35d84</div>
<div class="test-result"><font color="red">&emsp;Failed to verify Back To Course Link</font><a href=".\ScreenShot\URL_TC001_2719093923670400.png" target="_blank" >[ScreenShot]</a></div>
<!--FAILSOFT-->
<div class="test-event"> <font color="maroon"> <small> &emsp; &emsp;--- 04 May 23:25:56 495 - Catched spinner load exception due to javascript error: {"status":32,"value":"An invalid or illegal selector was specified"}
  (Session info: chrome=124.0.6367.92)
Build info: version: '4.6.0', revision: '79f1c02ae20'
System info: os.name: 'Windows 10', os.arch: 'amd64', os.version: '10.0', java.version: '17.0.7'
Driver info: org.openqa.selenium.chrome.ChromeDriver
Command: [2cf28825ea7a8a419a5b05b8e5d35d84, findElement {using=css selector, value=div[class='slds-spinner slds-spinner_brand slds-spinner_small']>div:nth-child(2)r}]
Capabilities {acceptInsecureCerts: false, browserName: chrome, browserVersion: 124.0.6367.92, chrome: {chromedriverVersion: 124.0.6367.91 (51df0e5e17a8..., userDataDir: C:\Users\PRATHA~1.KUM\AppDa...}, fedcm:accounts: true, goog:chromeOptions: {debuggerAddress: localhost:49451}, networkConnectionEnabled: false, pageLoadStrategy: normal, platformName: WINDOWS, proxy: Proxy(), se:cdp: ws://localhost:49451/devtoo..., se:cdpVersion: 124.0.6367.92, setWindowRect: true, strictFileInteractability: false, timeouts: {implicit: 0, pageLoad: 300000, script: 30000}, unhandledPromptBehavior: dismiss and notify, webauthn:extension:credBlob: true, webauthn:extension:largeBlob: true, webauthn:extension:minPinLength: true, webauthn:extension:prf: true, webauthn:virtualAuthenticators: true}
Session ID: 2cf28825ea7a8a419a5b05b8e5d35d84</small> </font> </div>
<div class="test-event"> <font color="maroon"> <small> &emsp; &emsp;--- 04 May 23:25:56 495 - <b>0</b> - Spinner Load Wait: (Sync) - ICar.support.WaitUtils.waitForSpinner(WaitUtils.java:225)</small> </font> </div>
<div class="test-event"> <font color="maroon"> <small> &emsp; &emsp;--- 04 May 23:25:56 556 - Page URL:: https://www.i-car.com/product/fullframe-replacement</small> </font> </div>
<div class="test-event"> <font color="maroon"> <small> &emsp; &emsp;--- 04 May 23:25:56 556 - <b>0</b> - Page Load Wait: (Sync) - ICar.support.Utils.waitForPageLoad(Utils.java:109)</small> </font> </div>
<div class="test-event"> <font color="maroon"> <small> &emsp; &emsp;--- 04 May 23:27:34 346 - Unable to find an element after 20 sec ==> Proxy element for: AjaxElementLocator 'By.xpath: //div[@class='productDetails slds-p-bottom_large']//div[contains(@class,'slds-p-bottom_medium')]'</small> </font> </div>
<div class="test-message">&emsp;Course Name : null is not displayed in the URL page</div>
<div class="test-message">&emsp;Error while verifying the 'Course Name' in the URL page : Timed out after 3 seconds. Unable to locate the element</div>
<div class="test-result"><font color="red">&emsp;Failed to verify the course name for relevant link</font><a href=".\ScreenShot\URL_TC001_2719195231078200.png" target="_blank" >[ScreenShot]</a></div>
<!--FAILSOFT-->
<div class="test-message">&emsp;
</div>
<div class="test-message">&emsp;57. URL is : https://www.i-car.com/product/speaking-the-kpi-language</div>
<div class="test-event"> <font color="maroon"> <small> &emsp; &emsp;--- 04 May 23:27:38 544 - Page URL:: https://www.i-car.com/product/speaking-the-kpi-language</small> </font> </div>
<div class="test-event"> <font color="maroon"> <small> &emsp; &emsp;--- 04 May 23:27:38 544 - <b>0</b> - Page Load Wait: (Sync) - ICar.support.Utils.waitForPageLoad(Utils.java:109)</small> </font> </div>
<div class="test-message">&emsp;Successfully navigated to the :  https://www.i-car.com/product/speaking-the-kpi-language   Page&emsp;<a href=".\ScreenShot\URL_TC001_2719196157047100.png" target="_blank" >[ScreenShot]</a></div>
<div class="test-event"> <font color="maroon"> <small> &emsp; &emsp;--- 04 May 23:27:38 795 - Page URL:: https://www.i-car.com/product/speaking-the-kpi-language</small> </font> </div>
<div class="test-event"> <font color="maroon"> <small> &emsp; &emsp;--- 04 May 23:27:38 795 - <b>0</b> - Page Load Wait: (Sync) - ICar.support.Utils.waitForPageLoad(Utils.java:109)</small> </font> </div>
<div class="test-event"> <font color="maroon"> <small> &emsp; &emsp;--- 04 May 23:27:38 810 - Catched spinner load exception due to javascript error: {"status":32,"value":"An invalid or illegal selector was specified"}
  (Session info: chrome=124.0.6367.92)
Build info: version: '4.6.0', revision: '79f1c02ae20'
System info: os.name: 'Windows 10', os.arch: 'amd64', os.version: '10.0', java.version: '17.0.7'
Driver info: org.openqa.selenium.chrome.ChromeDriver
Command: [2cf28825ea7a8a419a5b05b8e5d35d84, findElement {using=css selector, value=div[class='slds-spinner slds-spinner_brand slds-spinner_small']>div:nth-child(2)r}]
Capabilities {acceptInsecureCerts: false, browserName: chrome, browserVersion: 124.0.6367.92, chrome: {chromedriverVersion: 124.0.6367.91 (51df0e5e17a8..., userDataDir: C:\Users\PRATHA~1.KUM\AppDa...}, fedcm:accounts: true, goog:chromeOptions: {debuggerAddress: localhost:49451}, networkConnectionEnabled: false, pageLoadStrategy: normal, platformName: WINDOWS, proxy: Proxy(), se:cdp: ws://localhost:49451/devtoo..., se:cdpVersion: 124.0.6367.92, setWindowRect: true, strictFileInteractability: false, timeouts: {implicit: 0, pageLoad: 300000, script: 30000}, unhandledPromptBehavior: dismiss and notify, webauthn:extension:credBlob: true, webauthn:extension:largeBlob: true, webauthn:extension:minPinLength: true, webauthn:extension:prf: true, webauthn:virtualAuthenticators: true}
Session ID: 2cf28825ea7a8a419a5b05b8e5d35d84</small> </font> </div>
<div class="test-event"> <font color="maroon"> <small> &emsp; &emsp;--- 04 May 23:27:38 810 - <b>0</b> - Spinner Load Wait: (Sync) - ICar.support.WaitUtils.waitForSpinner(WaitUtils.java:225)</small> </font> </div>
<div class="test-event"> <font color="maroon"> <small> &emsp; &emsp;--- 04 May 23:27:48 894 - Page URL:: https://www.i-car.com/product/speaking-the-kpi-language</small> </font> </div>
<div class="test-event"> <font color="maroon"> <small> &emsp; &emsp;--- 04 May 23:27:48 894 - <b>0</b> - Page Load Wait: (Sync) - ICar.support.Utils.waitForPageLoad(Utils.java:109)</small> </font> </div>
<div class="test-event"> <font color="maroon"> <small> &emsp; &emsp;--- 04 May 23:27:48 917 - Element is displayed:: [[ChromeDriver: chrome on WINDOWS (2cf28825ea7a8a419a5b05b8e5d35d84)] -> xpath: //a[contains(text(),'Back to Courses')]]</small> </font> </div>
<div class="test-event"> <font color="maroon"> <small> &emsp; &emsp;--- 04 May 23:27:55 962 - Catched spinner load exception due to javascript error: {"status":32,"value":"An invalid or illegal selector was specified"}
  (Session info: chrome=124.0.6367.92)
Build info: version: '4.6.0', revision: '79f1c02ae20'
System info: os.name: 'Windows 10', os.arch: 'amd64', os.version: '10.0', java.version: '17.0.7'
Driver info: org.openqa.selenium.chrome.ChromeDriver
Command: [2cf28825ea7a8a419a5b05b8e5d35d84, findElement {using=css selector, value=div[class='slds-spinner slds-spinner_brand slds-spinner_small']>div:nth-child(2)r}]
Capabilities {acceptInsecureCerts: false, browserName: chrome, browserVersion: 124.0.6367.92, chrome: {chromedriverVersion: 124.0.6367.91 (51df0e5e17a8..., userDataDir: C:\Users\PRATHA~1.KUM\AppDa...}, fedcm:accounts: true, goog:chromeOptions: {debuggerAddress: localhost:49451}, networkConnectionEnabled: false, pageLoadStrategy: normal, platformName: WINDOWS, proxy: Proxy(), se:cdp: ws://localhost:49451/devtoo..., se:cdpVersion: 124.0.6367.92, setWindowRect: true, strictFileInteractability: false, timeouts: {implicit: 0, pageLoad: 300000, script: 30000}, unhandledPromptBehavior: dismiss and notify, webauthn:extension:credBlob: true, webauthn:extension:largeBlob: true, webauthn:extension:minPinLength: true, webauthn:extension:prf: true, webauthn:virtualAuthenticators: true}
Session ID: 2cf28825ea7a8a419a5b05b8e5d35d84</small> </font> </div>
<div class="test-event"> <font color="maroon"> <small> &emsp; &emsp;--- 04 May 23:27:55 962 - <b>0</b> - Spinner Load Wait: (Sync) - ICar.support.WaitUtils.waitForSpinner(WaitUtils.java:225)</small> </font> </div>
<div class="test-message">&emsp;Back To Courses is displayed in the page </div>
<div class="test-message">&emsp;Successfully verified Back To Course Link&emsp;<a href=".\ScreenShot\URL_TC001_2719213588334900.png" target="_blank" >[ScreenShot]</a></div>
<div class="test-event"> <font color="maroon"> <small> &emsp; &emsp;--- 04 May 23:27:56 217 - Catched spinner load exception due to javascript error: {"status":32,"value":"An invalid or illegal selector was specified"}
  (Session info: chrome=124.0.6367.92)
Build info: version: '4.6.0', revision: '79f1c02ae20'
System info: os.name: 'Windows 10', os.arch: 'amd64', os.version: '10.0', java.version: '17.0.7'
Driver info: org.openqa.selenium.chrome.ChromeDriver
Command: [2cf28825ea7a8a419a5b05b8e5d35d84, findElement {using=css selector, value=div[class='slds-spinner slds-spinner_brand slds-spinner_small']>div:nth-child(2)r}]
Capabilities {acceptInsecureCerts: false, browserName: chrome, browserVersion: 124.0.6367.92, chrome: {chromedriverVersion: 124.0.6367.91 (51df0e5e17a8..., userDataDir: C:\Users\PRATHA~1.KUM\AppDa...}, fedcm:accounts: true, goog:chromeOptions: {debuggerAddress: localhost:49451}, networkConnectionEnabled: false, pageLoadStrategy: normal, platformName: WINDOWS, proxy: Proxy(), se:cdp: ws://localhost:49451/devtoo..., se:cdpVersion: 124.0.6367.92, setWindowRect: true, strictFileInteractability: false, timeouts: {implicit: 0, pageLoad: 300000, script: 30000}, unhandledPromptBehavior: dismiss and notify, webauthn:extension:credBlob: true, webauthn:extension:largeBlob: true, webauthn:extension:minPinLength: true, webauthn:extension:prf: true, webauthn:virtualAuthenticators: true}
Session ID: 2cf28825ea7a8a419a5b05b8e5d35d84</small> </font> </div>
<div class="test-event"> <font color="maroon"> <small> &emsp; &emsp;--- 04 May 23:27:56 217 - <b>0</b> - Spinner Load Wait: (Sync) - ICar.support.WaitUtils.waitForSpinner(WaitUtils.java:225)</small> </font> </div>
<div class="test-event"> <font color="maroon"> <small> &emsp; &emsp;--- 04 May 23:27:56 283 - Page URL:: https://www.i-car.com/product/speaking-the-kpi-language</small> </font> </div>
<div class="test-event"> <font color="maroon"> <small> &emsp; &emsp;--- 04 May 23:27:56 283 - <b>0</b> - Page Load Wait: (Sync) - ICar.support.Utils.waitForPageLoad(Utils.java:109)</small> </font> </div>
<div class="test-event"> <font color="maroon"> <small> &emsp; &emsp;--- 04 May 23:28:06 352 - Element is displayed:: [[ChromeDriver: chrome on WINDOWS (2cf28825ea7a8a419a5b05b8e5d35d84)] -> xpath: //div[@class='productDetails slds-p-bottom_large']//div[contains(@class,'slds-p-bottom_medium')]]</small> </font> </div>
<div class="test-message">&emsp;Course Name : SpeakingtheKPILanguage is displayed in the URL page</div>
<div class="test-message">&emsp;Successfully verified the course name for relevant link&emsp;<a href=".\ScreenShot\URL_TC001_2719231993913300.png" target="_blank" >[ScreenShot]</a></div>
<div class="test-message">&emsp;
</div>
<div class="test-message">&emsp;58. URL is : https://www.i-car.com/product/building-effective-vendor-and-insurer-relationships</div>
<div class="test-event"> <font color="maroon"> <small> &emsp; &emsp;--- 04 May 23:28:15 572 - Page URL:: https://www.i-car.com/product/building-effective-vendor-and-insurer-relationships</small> </font> </div>
<div class="test-event"> <font color="maroon"> <small> &emsp; &emsp;--- 04 May 23:28:15 573 - <b>0</b> - Page Load Wait: (Sync) - ICar.support.Utils.waitForPageLoad(Utils.java:109)</small> </font> </div>
<div class="test-message">&emsp;Successfully navigated to the :  https://www.i-car.com/product/building-effective-vendor-and-insurer-relationships   Page&emsp;<a href=".\ScreenShot\URL_TC001_2719233187395700.png" target="_blank" >[ScreenShot]</a></div>
<div class="test-event"> <font color="maroon"> <small> &emsp; &emsp;--- 04 May 23:28:15 865 - Page URL:: https://www.i-car.com/product/building-effective-vendor-and-insurer-relationships</small> </font> </div>
<div class="test-event"> <font color="maroon"> <small> &emsp; &emsp;--- 04 May 23:28:15 865 - <b>0</b> - Page Load Wait: (Sync) - ICar.support.Utils.waitForPageLoad(Utils.java:109)</small> </font> </div>
<div class="test-event"> <font color="maroon"> <small> &emsp; &emsp;--- 04 May 23:28:15 874 - Catched spinner load exception due to javascript error: {"status":32,"value":"An invalid or illegal selector was specified"}
  (Session info: chrome=124.0.6367.92)
Build info: version: '4.6.0', revision: '79f1c02ae20'
System info: os.name: 'Windows 10', os.arch: 'amd64', os.version: '10.0', java.version: '17.0.7'
Driver info: org.openqa.selenium.chrome.ChromeDriver
Command: [2cf28825ea7a8a419a5b05b8e5d35d84, findElement {using=css selector, value=div[class='slds-spinner slds-spinner_brand slds-spinner_small']>div:nth-child(2)r}]
Capabilities {acceptInsecureCerts: false, browserName: chrome, browserVersion: 124.0.6367.92, chrome: {chromedriverVersion: 124.0.6367.91 (51df0e5e17a8..., userDataDir: C:\Users\PRATHA~1.KUM\AppDa...}, fedcm:accounts: true, goog:chromeOptions: {debuggerAddress: localhost:49451}, networkConnectionEnabled: false, pageLoadStrategy: normal, platformName: WINDOWS, proxy: Proxy(), se:cdp: ws://localhost:49451/devtoo..., se:cdpVersion: 124.0.6367.92, setWindowRect: true, strictFileInteractability: false, timeouts: {implicit: 0, pageLoad: 300000, script: 30000}, unhandledPromptBehavior: dismiss and notify, webauthn:extension:credBlob: true, webauthn:extension:largeBlob: true, webauthn:extension:minPinLength: true, webauthn:extension:prf: true, webauthn:virtualAuthenticators: true}
Session ID: 2cf28825ea7a8a419a5b05b8e5d35d84</small> </font> </div>
<div class="test-event"> <font color="maroon"> <small> &emsp; &emsp;--- 04 May 23:28:15 874 - <b>0</b> - Spinner Load Wait: (Sync) - ICar.support.WaitUtils.waitForSpinner(WaitUtils.java:225)</small> </font> </div>
<div class="test-event"> <font color="maroon"> <small> &emsp; &emsp;--- 04 May 23:28:25 966 - Page URL:: https://www.i-car.com/product/building-effective-vendor-and-insurer-relationships</small> </font> </div>
<div class="test-event"> <font color="maroon"> <small> &emsp; &emsp;--- 04 May 23:28:25 966 - <b>0</b> - Page Load Wait: (Sync) - ICar.support.Utils.waitForPageLoad(Utils.java:109)</small> </font> </div>
<div class="test-event"> <font color="maroon"> <small> &emsp; &emsp;--- 04 May 23:28:25 983 - Element is displayed:: [[ChromeDriver: chrome on WINDOWS (2cf28825ea7a8a419a5b05b8e5d35d84)] -> xpath: //a[contains(text(),'Back to Courses')]]</small> </font> </div>
<div class="test-event"> <font color="maroon"> <small> &emsp; &emsp;--- 04 May 23:28:33 018 - Catched spinner load exception due to javascript error: {"status":32,"value":"An invalid or illegal selector was specified"}
  (Session info: chrome=124.0.6367.92)
Build info: version: '4.6.0', revision: '79f1c02ae20'
System info: os.name: 'Windows 10', os.arch: 'amd64', os.version: '10.0', java.version: '17.0.7'
Driver info: org.openqa.selenium.chrome.ChromeDriver
Command: [2cf28825ea7a8a419a5b05b8e5d35d84, findElement {using=css selector, value=div[class='slds-spinner slds-spinner_brand slds-spinner_small']>div:nth-child(2)r}]
Capabilities {acceptInsecureCerts: false, browserName: chrome, browserVersion: 124.0.6367.92, chrome: {chromedriverVersion: 124.0.6367.91 (51df0e5e17a8..., userDataDir: C:\Users\PRATHA~1.KUM\AppDa...}, fedcm:accounts: true, goog:chromeOptions: {debuggerAddress: localhost:49451}, networkConnectionEnabled: false, pageLoadStrategy: normal, platformName: WINDOWS, proxy: Proxy(), se:cdp: ws://localhost:49451/devtoo..., se:cdpVersion: 124.0.6367.92, setWindowRect: true, strictFileInteractability: false, timeouts: {implicit: 0, pageLoad: 300000, script: 30000}, unhandledPromptBehavior: dismiss and notify, webauthn:extension:credBlob: true, webauthn:extension:largeBlob: true, webauthn:extension:minPinLength: true, webauthn:extension:prf: true, webauthn:virtualAuthenticators: true}
Session ID: 2cf28825ea7a8a419a5b05b8e5d35d84</small> </font> </div>
<div class="test-event"> <font color="maroon"> <small> &emsp; &emsp;--- 04 May 23:28:33 018 - <b>0</b> - Spinner Load Wait: (Sync) - ICar.support.WaitUtils.waitForSpinner(WaitUtils.java:225)</small> </font> </div>
<div class="test-message">&emsp;Back To Courses is displayed in the page </div>
<div class="test-message">&emsp;Successfully verified Back To Course Link&emsp;<a href=".\ScreenShot\URL_TC001_2719250653348900.png" target="_blank" >[ScreenShot]</a></div>
<div class="test-event"> <font color="maroon"> <small> &emsp; &emsp;--- 04 May 23:28:33 275 - Catched spinner load exception due to javascript error: {"status":32,"value":"An invalid or illegal selector was specified"}
  (Session info: chrome=124.0.6367.92)
Build info: version: '4.6.0', revision: '79f1c02ae20'
System info: os.name: 'Windows 10', os.arch: 'amd64', os.version: '10.0', java.version: '17.0.7'
Driver info: org.openqa.selenium.chrome.ChromeDriver
Command: [2cf28825ea7a8a419a5b05b8e5d35d84, findElement {using=css selector, value=div[class='slds-spinner slds-spinner_brand slds-spinner_small']>div:nth-child(2)r}]
Capabilities {acceptInsecureCerts: false, browserName: chrome, browserVersion: 124.0.6367.92, chrome: {chromedriverVersion: 124.0.6367.91 (51df0e5e17a8..., userDataDir: C:\Users\PRATHA~1.KUM\AppDa...}, fedcm:accounts: true, goog:chromeOptions: {debuggerAddress: localhost:49451}, networkConnectionEnabled: false, pageLoadStrategy: normal, platformName: WINDOWS, proxy: Proxy(), se:cdp: ws://localhost:49451/devtoo..., se:cdpVersion: 124.0.6367.92, setWindowRect: true, strictFileInteractability: false, timeouts: {implicit: 0, pageLoad: 300000, script: 30000}, unhandledPromptBehavior: dismiss and notify, webauthn:extension:credBlob: true, webauthn:extension:largeBlob: true, webauthn:extension:minPinLength: true, webauthn:extension:prf: true, webauthn:virtualAuthenticators: true}
Session ID: 2cf28825ea7a8a419a5b05b8e5d35d84</small> </font> </div>
<div class="test-event"> <font color="maroon"> <small> &emsp; &emsp;--- 04 May 23:28:33 275 - <b>0</b> - Spinner Load Wait: (Sync) - ICar.support.WaitUtils.waitForSpinner(WaitUtils.java:225)</small> </font> </div>
<div class="test-event"> <font color="maroon"> <small> &emsp; &emsp;--- 04 May 23:28:33 345 - Page URL:: https://www.i-car.com/product/building-effective-vendor-and-insurer-relationships</small> </font> </div>
<div class="test-event"> <font color="maroon"> <small> &emsp; &emsp;--- 04 May 23:28:33 345 - <b>0</b> - Page Load Wait: (Sync) - ICar.support.Utils.waitForPageLoad(Utils.java:109)</small> </font> </div>
<div class="test-event"> <font color="maroon"> <small> &emsp; &emsp;--- 04 May 23:28:43 399 - Element is displayed:: [[ChromeDriver: chrome on WINDOWS (2cf28825ea7a8a419a5b05b8e5d35d84)] -> xpath: //div[@class='productDetails slds-p-bottom_large']//div[contains(@class,'slds-p-bottom_medium')]]</small> </font> </div>
<div class="test-message">&emsp;Course Name : BuildingEffectiveVendorandInsurerRelationships is displayed in the URL page</div>
<div class="test-message">&emsp;Successfully verified the course name for relevant link&emsp;<a href=".\ScreenShot\URL_TC001_2719269042464600.png" target="_blank" >[ScreenShot]</a></div>
<div class="test-message">&emsp;
</div>
<div class="test-message">&emsp;59. URL is : https://www.i-car.com/product/circuit-measurements-with-a-digital-volt-ohm-meter-dvom</div>
<div class="test-event"> <font color="maroon"> <small> &emsp; &emsp;--- 04 May 23:28:52 762 - Page URL:: https://www.i-car.com/product/circuit-measurements-with-a-digital-volt-ohm-meter-dvom</small> </font> </div>
<div class="test-event"> <font color="maroon"> <small> &emsp; &emsp;--- 04 May 23:28:52 762 - <b>0</b> - Page Load Wait: (Sync) - ICar.support.Utils.waitForPageLoad(Utils.java:109)</small> </font> </div>
<div class="test-message">&emsp;Successfully navigated to the :  https://www.i-car.com/product/circuit-measurements-with-a-digital-volt-ohm-meter-dvom   Page&emsp;<a href=".\ScreenShot\URL_TC001_2719270375033900.png" target="_blank" >[ScreenShot]</a></div>
<div class="test-event"> <font color="maroon"> <small> &emsp; &emsp;--- 04 May 23:28:53 048 - Page URL:: https://www.i-car.com/product/circuit-measurements-with-a-digital-volt-ohm-meter-dvom</small> </font> </div>
<div class="test-event"> <font color="maroon"> <small> &emsp; &emsp;--- 04 May 23:28:53 048 - <b>0</b> - Page Load Wait: (Sync) - ICar.support.Utils.waitForPageLoad(Utils.java:109)</small> </font> </div>
<div class="test-event"> <font color="maroon"> <small> &emsp; &emsp;--- 04 May 23:28:53 056 - Catched spinner load exception due to javascript error: {"status":32,"value":"An invalid or illegal selector was specified"}
  (Session info: chrome=124.0.6367.92)
Build info: version: '4.6.0', revision: '79f1c02ae20'
System info: os.name: 'Windows 10', os.arch: 'amd64', os.version: '10.0', java.version: '17.0.7'
Driver info: org.openqa.selenium.chrome.ChromeDriver
Command: [2cf28825ea7a8a419a5b05b8e5d35d84, findElement {using=css selector, value=div[class='slds-spinner slds-spinner_brand slds-spinner_small']>div:nth-child(2)r}]
Capabilities {acceptInsecureCerts: false, browserName: chrome, browserVersion: 124.0.6367.92, chrome: {chromedriverVersion: 124.0.6367.91 (51df0e5e17a8..., userDataDir: C:\Users\PRATHA~1.KUM\AppDa...}, fedcm:accounts: true, goog:chromeOptions: {debuggerAddress: localhost:49451}, networkConnectionEnabled: false, pageLoadStrategy: normal, platformName: WINDOWS, proxy: Proxy(), se:cdp: ws://localhost:49451/devtoo..., se:cdpVersion: 124.0.6367.92, setWindowRect: true, strictFileInteractability: false, timeouts: {implicit: 0, pageLoad: 300000, script: 30000}, unhandledPromptBehavior: dismiss and notify, webauthn:extension:credBlob: true, webauthn:extension:largeBlob: true, webauthn:extension:minPinLength: true, webauthn:extension:prf: true, webauthn:virtualAuthenticators: true}
Session ID: 2cf28825ea7a8a419a5b05b8e5d35d84</small> </font> </div>
<div class="test-event"> <font color="maroon"> <small> &emsp; &emsp;--- 04 May 23:28:53 056 - <b>0</b> - Spinner Load Wait: (Sync) - ICar.support.WaitUtils.waitForSpinner(WaitUtils.java:225)</small> </font> </div>
<div class="test-event"> <font color="maroon"> <small> &emsp; &emsp;--- 04 May 23:29:03 149 - Page URL:: https://www.i-car.com/product/circuit-measurements-with-a-digital-volt-ohm-meter-dvom</small> </font> </div>
<div class="test-event"> <font color="maroon"> <small> &emsp; &emsp;--- 04 May 23:29:03 149 - <b>0</b> - Page Load Wait: (Sync) - ICar.support.Utils.waitForPageLoad(Utils.java:109)</small> </font> </div>
<div class="test-event"> <font color="maroon"> <small> &emsp; &emsp;--- 04 May 23:29:03 167 - Element is displayed:: [[ChromeDriver: chrome on WINDOWS (2cf28825ea7a8a419a5b05b8e5d35d84)] -> xpath: //a[contains(text(),'Back to Courses')]]</small> </font> </div>
<div class="test-event"> <font color="maroon"> <small> &emsp; &emsp;--- 04 May 23:29:10 192 - Catched spinner load exception due to javascript error: {"status":32,"value":"An invalid or illegal selector was specified"}
  (Session info: chrome=124.0.6367.92)
Build info: version: '4.6.0', revision: '79f1c02ae20'
System info: os.name: 'Windows 10', os.arch: 'amd64', os.version: '10.0', java.version: '17.0.7'
Driver info: org.openqa.selenium.chrome.ChromeDriver
Command: [2cf28825ea7a8a419a5b05b8e5d35d84, findElement {using=css selector, value=div[class='slds-spinner slds-spinner_brand slds-spinner_small']>div:nth-child(2)r}]
Capabilities {acceptInsecureCerts: false, browserName: chrome, browserVersion: 124.0.6367.92, chrome: {chromedriverVersion: 124.0.6367.91 (51df0e5e17a8..., userDataDir: C:\Users\PRATHA~1.KUM\AppDa...}, fedcm:accounts: true, goog:chromeOptions: {debuggerAddress: localhost:49451}, networkConnectionEnabled: false, pageLoadStrategy: normal, platformName: WINDOWS, proxy: Proxy(), se:cdp: ws://localhost:49451/devtoo..., se:cdpVersion: 124.0.6367.92, setWindowRect: true, strictFileInteractability: false, timeouts: {implicit: 0, pageLoad: 300000, script: 30000}, unhandledPromptBehavior: dismiss and notify, webauthn:extension:credBlob: true, webauthn:extension:largeBlob: true, webauthn:extension:minPinLength: true, webauthn:extension:prf: true, webauthn:virtualAuthenticators: true}
Session ID: 2cf28825ea7a8a419a5b05b8e5d35d84</small> </font> </div>
<div class="test-event"> <font color="maroon"> <small> &emsp; &emsp;--- 04 May 23:29:10 192 - <b>0</b> - Spinner Load Wait: (Sync) - ICar.support.WaitUtils.waitForSpinner(WaitUtils.java:225)</small> </font> </div>
<div class="test-message">&emsp;Back To Courses is displayed in the page </div>
<div class="test-message">&emsp;Successfully verified Back To Course Link&emsp;<a href=".\ScreenShot\URL_TC001_2719287815716900.png" target="_blank" >[ScreenShot]</a></div>
<div class="test-event"> <font color="maroon"> <small> &emsp; &emsp;--- 04 May 23:29:10 431 - Catched spinner load exception due to javascript error: {"status":32,"value":"An invalid or illegal selector was specified"}
  (Session info: chrome=124.0.6367.92)
Build info: version: '4.6.0', revision: '79f1c02ae20'
System info: os.name: 'Windows 10', os.arch: 'amd64', os.version: '10.0', java.version: '17.0.7'
Driver info: org.openqa.selenium.chrome.ChromeDriver
Command: [2cf28825ea7a8a419a5b05b8e5d35d84, findElement {using=css selector, value=div[class='slds-spinner slds-spinner_brand slds-spinner_small']>div:nth-child(2)r}]
Capabilities {acceptInsecureCerts: false, browserName: chrome, browserVersion: 124.0.6367.92, chrome: {chromedriverVersion: 124.0.6367.91 (51df0e5e17a8..., userDataDir: C:\Users\PRATHA~1.KUM\AppDa...}, fedcm:accounts: true, goog:chromeOptions: {debuggerAddress: localhost:49451}, networkConnectionEnabled: false, pageLoadStrategy: normal, platformName: WINDOWS, proxy: Proxy(), se:cdp: ws://localhost:49451/devtoo..., se:cdpVersion: 124.0.6367.92, setWindowRect: true, strictFileInteractability: false, timeouts: {implicit: 0, pageLoad: 300000, script: 30000}, unhandledPromptBehavior: dismiss and notify, webauthn:extension:credBlob: true, webauthn:extension:largeBlob: true, webauthn:extension:minPinLength: true, webauthn:extension:prf: true, webauthn:virtualAuthenticators: true}
Session ID: 2cf28825ea7a8a419a5b05b8e5d35d84</small> </font> </div>
<div class="test-event"> <font color="maroon"> <small> &emsp; &emsp;--- 04 May 23:29:10 431 - <b>0</b> - Spinner Load Wait: (Sync) - ICar.support.WaitUtils.waitForSpinner(WaitUtils.java:225)</small> </font> </div>
<div class="test-event"> <font color="maroon"> <small> &emsp; &emsp;--- 04 May 23:29:10 497 - Page URL:: https://www.i-car.com/product/circuit-measurements-with-a-digital-volt-ohm-meter-dvom</small> </font> </div>
<div class="test-event"> <font color="maroon"> <small> &emsp; &emsp;--- 04 May 23:29:10 497 - <b>0</b> - Page Load Wait: (Sync) - ICar.support.Utils.waitForPageLoad(Utils.java:109)</small> </font> </div>
<div class="test-event"> <font color="maroon"> <small> &emsp; &emsp;--- 04 May 23:29:20 544 - Element is displayed:: [[ChromeDriver: chrome on WINDOWS (2cf28825ea7a8a419a5b05b8e5d35d84)] -> xpath: //div[@class='productDetails slds-p-bottom_large']//div[contains(@class,'slds-p-bottom_medium')]]</small> </font> </div>
<div class="test-message">&emsp;Course Name : CircuitMeasurementswithaDigitalVoltOhmMeterDVOM is displayed in the URL page</div>
<div class="test-message">&emsp;Successfully verified the course name for relevant link&emsp;<a href=".\ScreenShot\URL_TC001_2719306192433200.png" target="_blank" >[ScreenShot]</a></div>
<div class="test-message">&emsp;
</div>
<div class="test-message">&emsp;60. URL is : https://www.i-car.com/product/understanding-volkswagen-collision-repair</div>
<div class="test-event"> <font color="maroon"> <small> &emsp; &emsp;--- 04 May 23:29:29 740 - Page URL:: https://www.i-car.com/product/understanding-volkswagen-collision-repair</small> </font> </div>
<div class="test-event"> <font color="maroon"> <small> &emsp; &emsp;--- 04 May 23:29:29 740 - <b>0</b> - Page Load Wait: (Sync) - ICar.support.Utils.waitForPageLoad(Utils.java:109)</small> </font> </div>
<div class="test-message">&emsp;Successfully navigated to the :  https://www.i-car.com/product/understanding-volkswagen-collision-repair   Page&emsp;<a href=".\ScreenShot\URL_TC001_2719307353329600.png" target="_blank" >[ScreenShot]</a></div>
<div class="test-event"> <font color="maroon"> <small> &emsp; &emsp;--- 04 May 23:29:30 031 - Page URL:: https://www.i-car.com/product/understanding-volkswagen-collision-repair</small> </font> </div>
<div class="test-event"> <font color="maroon"> <small> &emsp; &emsp;--- 04 May 23:29:30 031 - <b>0</b> - Page Load Wait: (Sync) - ICar.support.Utils.waitForPageLoad(Utils.java:109)</small> </font> </div>
<div class="test-event"> <font color="maroon"> <small> &emsp; &emsp;--- 04 May 23:29:30 040 - Catched spinner load exception due to javascript error: {"status":32,"value":"An invalid or illegal selector was specified"}
  (Session info: chrome=124.0.6367.92)
Build info: version: '4.6.0', revision: '79f1c02ae20'
System info: os.name: 'Windows 10', os.arch: 'amd64', os.version: '10.0', java.version: '17.0.7'
Driver info: org.openqa.selenium.chrome.ChromeDriver
Command: [2cf28825ea7a8a419a5b05b8e5d35d84, findElement {using=css selector, value=div[class='slds-spinner slds-spinner_brand slds-spinner_small']>div:nth-child(2)r}]
Capabilities {acceptInsecureCerts: false, browserName: chrome, browserVersion: 124.0.6367.92, chrome: {chromedriverVersion: 124.0.6367.91 (51df0e5e17a8..., userDataDir: C:\Users\PRATHA~1.KUM\AppDa...}, fedcm:accounts: true, goog:chromeOptions: {debuggerAddress: localhost:49451}, networkConnectionEnabled: false, pageLoadStrategy: normal, platformName: WINDOWS, proxy: Proxy(), se:cdp: ws://localhost:49451/devtoo..., se:cdpVersion: 124.0.6367.92, setWindowRect: true, strictFileInteractability: false, timeouts: {implicit: 0, pageLoad: 300000, script: 30000}, unhandledPromptBehavior: dismiss and notify, webauthn:extension:credBlob: true, webauthn:extension:largeBlob: true, webauthn:extension:minPinLength: true, webauthn:extension:prf: true, webauthn:virtualAuthenticators: true}
Session ID: 2cf28825ea7a8a419a5b05b8e5d35d84</small> </font> </div>
<div class="test-event"> <font color="maroon"> <small> &emsp; &emsp;--- 04 May 23:29:30 040 - <b>0</b> - Spinner Load Wait: (Sync) - ICar.support.WaitUtils.waitForSpinner(WaitUtils.java:225)</small> </font> </div>
<div class="test-event"> <font color="maroon"> <small> &emsp; &emsp;--- 04 May 23:29:40 130 - Page URL:: https://www.i-car.com/product/understanding-volkswagen-collision-repair</small> </font> </div>
<div class="test-event"> <font color="maroon"> <small> &emsp; &emsp;--- 04 May 23:29:40 130 - <b>0</b> - Page Load Wait: (Sync) - ICar.support.Utils.waitForPageLoad(Utils.java:109)</small> </font> </div>
<div class="test-event"> <font color="maroon"> <small> &emsp; &emsp;--- 04 May 23:29:40 149 - Element is displayed:: [[ChromeDriver: chrome on WINDOWS (2cf28825ea7a8a419a5b05b8e5d35d84)] -> xpath: //a[contains(text(),'Back to Courses')]]</small> </font> </div>
<div class="test-event"> <font color="maroon"> <small> &emsp; &emsp;--- 04 May 23:29:47 173 - Catched spinner load exception due to javascript error: {"status":32,"value":"An invalid or illegal selector was specified"}
  (Session info: chrome=124.0.6367.92)
Build info: version: '4.6.0', revision: '79f1c02ae20'
System info: os.name: 'Windows 10', os.arch: 'amd64', os.version: '10.0', java.version: '17.0.7'
Driver info: org.openqa.selenium.chrome.ChromeDriver
Command: [2cf28825ea7a8a419a5b05b8e5d35d84, findElement {using=css selector, value=div[class='slds-spinner slds-spinner_brand slds-spinner_small']>div:nth-child(2)r}]
Capabilities {acceptInsecureCerts: false, browserName: chrome, browserVersion: 124.0.6367.92, chrome: {chromedriverVersion: 124.0.6367.91 (51df0e5e17a8..., userDataDir: C:\Users\PRATHA~1.KUM\AppDa...}, fedcm:accounts: true, goog:chromeOptions: {debuggerAddress: localhost:49451}, networkConnectionEnabled: false, pageLoadStrategy: normal, platformName: WINDOWS, proxy: Proxy(), se:cdp: ws://localhost:49451/devtoo..., se:cdpVersion: 124.0.6367.92, setWindowRect: true, strictFileInteractability: false, timeouts: {implicit: 0, pageLoad: 300000, script: 30000}, unhandledPromptBehavior: dismiss and notify, webauthn:extension:credBlob: true, webauthn:extension:largeBlob: true, webauthn:extension:minPinLength: true, webauthn:extension:prf: true, webauthn:virtualAuthenticators: true}
Session ID: 2cf28825ea7a8a419a5b05b8e5d35d84</small> </font> </div>
<div class="test-event"> <font color="maroon"> <small> &emsp; &emsp;--- 04 May 23:29:47 173 - <b>0</b> - Spinner Load Wait: (Sync) - ICar.support.WaitUtils.waitForSpinner(WaitUtils.java:225)</small> </font> </div>
<div class="test-message">&emsp;Back To Courses is displayed in the page </div>
<div class="test-message">&emsp;Successfully verified Back To Course Link&emsp;<a href=".\ScreenShot\URL_TC001_2719324797990700.png" target="_blank" >[ScreenShot]</a></div>
<div class="test-event"> <font color="maroon"> <small> &emsp; &emsp;--- 04 May 23:29:47 432 - Catched spinner load exception due to javascript error: {"status":32,"value":"An invalid or illegal selector was specified"}
  (Session info: chrome=124.0.6367.92)
Build info: version: '4.6.0', revision: '79f1c02ae20'
System info: os.name: 'Windows 10', os.arch: 'amd64', os.version: '10.0', java.version: '17.0.7'
Driver info: org.openqa.selenium.chrome.ChromeDriver
Command: [2cf28825ea7a8a419a5b05b8e5d35d84, findElement {using=css selector, value=div[class='slds-spinner slds-spinner_brand slds-spinner_small']>div:nth-child(2)r}]
Capabilities {acceptInsecureCerts: false, browserName: chrome, browserVersion: 124.0.6367.92, chrome: {chromedriverVersion: 124.0.6367.91 (51df0e5e17a8..., userDataDir: C:\Users\PRATHA~1.KUM\AppDa...}, fedcm:accounts: true, goog:chromeOptions: {debuggerAddress: localhost:49451}, networkConnectionEnabled: false, pageLoadStrategy: normal, platformName: WINDOWS, proxy: Proxy(), se:cdp: ws://localhost:49451/devtoo..., se:cdpVersion: 124.0.6367.92, setWindowRect: true, strictFileInteractability: false, timeouts: {implicit: 0, pageLoad: 300000, script: 30000}, unhandledPromptBehavior: dismiss and notify, webauthn:extension:credBlob: true, webauthn:extension:largeBlob: true, webauthn:extension:minPinLength: true, webauthn:extension:prf: true, webauthn:virtualAuthenticators: true}
Session ID: 2cf28825ea7a8a419a5b05b8e5d35d84</small> </font> </div>
<div class="test-event"> <font color="maroon"> <small> &emsp; &emsp;--- 04 May 23:29:47 432 - <b>0</b> - Spinner Load Wait: (Sync) - ICar.support.WaitUtils.waitForSpinner(WaitUtils.java:225)</small> </font> </div>
<div class="test-event"> <font color="maroon"> <small> &emsp; &emsp;--- 04 May 23:29:47 503 - Page URL:: https://www.i-car.com/product/understanding-volkswagen-collision-repair</small> </font> </div>
<div class="test-event"> <font color="maroon"> <small> &emsp; &emsp;--- 04 May 23:29:47 503 - <b>0</b> - Page Load Wait: (Sync) - ICar.support.Utils.waitForPageLoad(Utils.java:109)</small> </font> </div>
<div class="test-event"> <font color="maroon"> <small> &emsp; &emsp;--- 04 May 23:29:57 552 - Element is displayed:: [[ChromeDriver: chrome on WINDOWS (2cf28825ea7a8a419a5b05b8e5d35d84)] -> xpath: //div[@class='productDetails slds-p-bottom_large']//div[contains(@class,'slds-p-bottom_medium')]]</small> </font> </div>
<div class="test-message">&emsp;Course Name : UnderstandingVolkswagenCollisionRepair is displayed in the URL page</div>
<div class="test-message">&emsp;Successfully verified the course name for relevant link&emsp;<a href=".\ScreenShot\URL_TC001_2719343195639500.png" target="_blank" >[ScreenShot]</a></div>
<div class="test-message">&emsp;
</div>
<div class="test-message">&emsp;61. URL is : https://www.i-car.com/product/basic-brake-system-operation-and-damage-analysis</div>
<div class="test-event"> <font color="maroon"> <small> &emsp; &emsp;--- 04 May 23:30:08 393 - Page URL:: https://www.i-car.com/product/basic-brake-system-operation-and-damage-analysis</small> </font> </div>
<div class="test-event"> <font color="maroon"> <small> &emsp; &emsp;--- 04 May 23:30:08 393 - <b>0</b> - Page Load Wait: (Sync) - ICar.support.Utils.waitForPageLoad(Utils.java:109)</small> </font> </div>
<div class="test-message">&emsp;Successfully navigated to the :  https://www.i-car.com/product/basic-brake-system-operation-and-damage-analysis   Page&emsp;<a href=".\ScreenShot\URL_TC001_2719346006823000.png" target="_blank" >[ScreenShot]</a></div>
<div class="test-event"> <font color="maroon"> <small> &emsp; &emsp;--- 04 May 23:30:08 693 - Page URL:: https://www.i-car.com/product/basic-brake-system-operation-and-damage-analysis</small> </font> </div>
<div class="test-event"> <font color="maroon"> <small> &emsp; &emsp;--- 04 May 23:30:08 693 - <b>0</b> - Page Load Wait: (Sync) - ICar.support.Utils.waitForPageLoad(Utils.java:109)</small> </font> </div>
<div class="test-event"> <font color="maroon"> <small> &emsp; &emsp;--- 04 May 23:30:08 708 - Catched spinner load exception due to javascript error: {"status":32,"value":"An invalid or illegal selector was specified"}
  (Session info: chrome=124.0.6367.92)
Build info: version: '4.6.0', revision: '79f1c02ae20'
System info: os.name: 'Windows 10', os.arch: 'amd64', os.version: '10.0', java.version: '17.0.7'
Driver info: org.openqa.selenium.chrome.ChromeDriver
Command: [2cf28825ea7a8a419a5b05b8e5d35d84, findElement {using=css selector, value=div[class='slds-spinner slds-spinner_brand slds-spinner_small']>div:nth-child(2)r}]
Capabilities {acceptInsecureCerts: false, browserName: chrome, browserVersion: 124.0.6367.92, chrome: {chromedriverVersion: 124.0.6367.91 (51df0e5e17a8..., userDataDir: C:\Users\PRATHA~1.KUM\AppDa...}, fedcm:accounts: true, goog:chromeOptions: {debuggerAddress: localhost:49451}, networkConnectionEnabled: false, pageLoadStrategy: normal, platformName: WINDOWS, proxy: Proxy(), se:cdp: ws://localhost:49451/devtoo..., se:cdpVersion: 124.0.6367.92, setWindowRect: true, strictFileInteractability: false, timeouts: {implicit: 0, pageLoad: 300000, script: 30000}, unhandledPromptBehavior: dismiss and notify, webauthn:extension:credBlob: true, webauthn:extension:largeBlob: true, webauthn:extension:minPinLength: true, webauthn:extension:prf: true, webauthn:virtualAuthenticators: true}
Session ID: 2cf28825ea7a8a419a5b05b8e5d35d84</small> </font> </div>
<div class="test-event"> <font color="maroon"> <small> &emsp; &emsp;--- 04 May 23:30:08 708 - <b>0</b> - Spinner Load Wait: (Sync) - ICar.support.WaitUtils.waitForSpinner(WaitUtils.java:225)</small> </font> </div>
<div class="test-event"> <font color="maroon"> <small> &emsp; &emsp;--- 04 May 23:30:18 794 - Page URL:: https://www.i-car.com/product/basic-brake-system-operation-and-damage-analysis</small> </font> </div>
<div class="test-event"> <font color="maroon"> <small> &emsp; &emsp;--- 04 May 23:30:18 794 - <b>0</b> - Page Load Wait: (Sync) - ICar.support.Utils.waitForPageLoad(Utils.java:109)</small> </font> </div>
<div class="test-event"> <font color="maroon"> <small> &emsp; &emsp;--- 04 May 23:30:18 815 - Element is displayed:: [[ChromeDriver: chrome on WINDOWS (2cf28825ea7a8a419a5b05b8e5d35d84)] -> xpath: //a[contains(text(),'Back to Courses')]]</small> </font> </div>
<div class="test-event"> <font color="maroon"> <small> &emsp; &emsp;--- 04 May 23:30:25 857 - Catched spinner load exception due to javascript error: {"status":32,"value":"An invalid or illegal selector was specified"}
  (Session info: chrome=124.0.6367.92)
Build info: version: '4.6.0', revision: '79f1c02ae20'
System info: os.name: 'Windows 10', os.arch: 'amd64', os.version: '10.0', java.version: '17.0.7'
Driver info: org.openqa.selenium.chrome.ChromeDriver
Command: [2cf28825ea7a8a419a5b05b8e5d35d84, findElement {using=css selector, value=div[class='slds-spinner slds-spinner_brand slds-spinner_small']>div:nth-child(2)r}]
Capabilities {acceptInsecureCerts: false, browserName: chrome, browserVersion: 124.0.6367.92, chrome: {chromedriverVersion: 124.0.6367.91 (51df0e5e17a8..., userDataDir: C:\Users\PRATHA~1.KUM\AppDa...}, fedcm:accounts: true, goog:chromeOptions: {debuggerAddress: localhost:49451}, networkConnectionEnabled: false, pageLoadStrategy: normal, platformName: WINDOWS, proxy: Proxy(), se:cdp: ws://localhost:49451/devtoo..., se:cdpVersion: 124.0.6367.92, setWindowRect: true, strictFileInteractability: false, timeouts: {implicit: 0, pageLoad: 300000, script: 30000}, unhandledPromptBehavior: dismiss and notify, webauthn:extension:credBlob: true, webauthn:extension:largeBlob: true, webauthn:extension:minPinLength: true, webauthn:extension:prf: true, webauthn:virtualAuthenticators: true}
Session ID: 2cf28825ea7a8a419a5b05b8e5d35d84</small> </font> </div>
<div class="test-event"> <font color="maroon"> <small> &emsp; &emsp;--- 04 May 23:30:25 857 - <b>0</b> - Spinner Load Wait: (Sync) - ICar.support.WaitUtils.waitForSpinner(WaitUtils.java:225)</small> </font> </div>
<div class="test-message">&emsp;Back To Courses is displayed in the page </div>
<div class="test-message">&emsp;Successfully verified Back To Course Link&emsp;<a href=".\ScreenShot\URL_TC001_2719363484954400.png" target="_blank" >[ScreenShot]</a></div>
<div class="test-event"> <font color="maroon"> <small> &emsp; &emsp;--- 04 May 23:30:26 110 - Catched spinner load exception due to javascript error: {"status":32,"value":"An invalid or illegal selector was specified"}
  (Session info: chrome=124.0.6367.92)
Build info: version: '4.6.0', revision: '79f1c02ae20'
System info: os.name: 'Windows 10', os.arch: 'amd64', os.version: '10.0', java.version: '17.0.7'
Driver info: org.openqa.selenium.chrome.ChromeDriver
Command: [2cf28825ea7a8a419a5b05b8e5d35d84, findElement {using=css selector, value=div[class='slds-spinner slds-spinner_brand slds-spinner_small']>div:nth-child(2)r}]
Capabilities {acceptInsecureCerts: false, browserName: chrome, browserVersion: 124.0.6367.92, chrome: {chromedriverVersion: 124.0.6367.91 (51df0e5e17a8..., userDataDir: C:\Users\PRATHA~1.KUM\AppDa...}, fedcm:accounts: true, goog:chromeOptions: {debuggerAddress: localhost:49451}, networkConnectionEnabled: false, pageLoadStrategy: normal, platformName: WINDOWS, proxy: Proxy(), se:cdp: ws://localhost:49451/devtoo..., se:cdpVersion: 124.0.6367.92, setWindowRect: true, strictFileInteractability: false, timeouts: {implicit: 0, pageLoad: 300000, script: 30000}, unhandledPromptBehavior: dismiss and notify, webauthn:extension:credBlob: true, webauthn:extension:largeBlob: true, webauthn:extension:minPinLength: true, webauthn:extension:prf: true, webauthn:virtualAuthenticators: true}
Session ID: 2cf28825ea7a8a419a5b05b8e5d35d84</small> </font> </div>
<div class="test-event"> <font color="maroon"> <small> &emsp; &emsp;--- 04 May 23:30:26 110 - <b>0</b> - Spinner Load Wait: (Sync) - ICar.support.WaitUtils.waitForSpinner(WaitUtils.java:225)</small> </font> </div>
<div class="test-event"> <font color="maroon"> <small> &emsp; &emsp;--- 04 May 23:30:26 177 - Page URL:: https://www.i-car.com/product/basic-brake-system-operation-and-damage-analysis</small> </font> </div>
<div class="test-event"> <font color="maroon"> <small> &emsp; &emsp;--- 04 May 23:30:26 177 - <b>0</b> - Page Load Wait: (Sync) - ICar.support.Utils.waitForPageLoad(Utils.java:109)</small> </font> </div>
<div class="test-event"> <font color="maroon"> <small> &emsp; &emsp;--- 04 May 23:30:36 224 - Element is displayed:: [[ChromeDriver: chrome on WINDOWS (2cf28825ea7a8a419a5b05b8e5d35d84)] -> xpath: //div[@class='productDetails slds-p-bottom_large']//div[contains(@class,'slds-p-bottom_medium')]]</small> </font> </div>
<div class="test-message">&emsp;Course Name : BasicBrakeSystemOperationandDamageAnalysis is displayed in the URL page</div>
<div class="test-message">&emsp;Successfully verified the course name for relevant link&emsp;<a href=".\ScreenShot\URL_TC001_2719381866857000.png" target="_blank" >[ScreenShot]</a></div>
<div class="test-message">&emsp;
</div>
<div class="test-message">&emsp;62. URL is : https://www.i-car.com/product/brake-system-electronics-operation-and-damage-analysis</div>
<div class="test-event"> <font color="maroon"> <small> &emsp; &emsp;--- 04 May 23:30:46 573 - Page URL:: https://www.i-car.com/product/brake-system-electronics-operation-and-damage-analysis</small> </font> </div>
<div class="test-event"> <font color="maroon"> <small> &emsp; &emsp;--- 04 May 23:30:46 573 - <b>0</b> - Page Load Wait: (Sync) - ICar.support.Utils.waitForPageLoad(Utils.java:109)</small> </font> </div>
<div class="test-message">&emsp;Successfully navigated to the :  https://www.i-car.com/product/brake-system-electronics-operation-and-damage-analysis   Page&emsp;<a href=".\ScreenShot\URL_TC001_2719384187123000.png" target="_blank" >[ScreenShot]</a></div>
<div class="test-event"> <font color="maroon"> <small> &emsp; &emsp;--- 04 May 23:30:46 857 - Page URL:: https://www.i-car.com/product/brake-system-electronics-operation-and-damage-analysis</small> </font> </div>
<div class="test-event"> <font color="maroon"> <small> &emsp; &emsp;--- 04 May 23:30:46 857 - <b>0</b> - Page Load Wait: (Sync) - ICar.support.Utils.waitForPageLoad(Utils.java:109)</small> </font> </div>
<div class="test-event"> <font color="maroon"> <small> &emsp; &emsp;--- 04 May 23:30:46 864 - Catched spinner load exception due to javascript error: {"status":32,"value":"An invalid or illegal selector was specified"}
  (Session info: chrome=124.0.6367.92)
Build info: version: '4.6.0', revision: '79f1c02ae20'
System info: os.name: 'Windows 10', os.arch: 'amd64', os.version: '10.0', java.version: '17.0.7'
Driver info: org.openqa.selenium.chrome.ChromeDriver
Command: [2cf28825ea7a8a419a5b05b8e5d35d84, findElement {using=css selector, value=div[class='slds-spinner slds-spinner_brand slds-spinner_small']>div:nth-child(2)r}]
Capabilities {acceptInsecureCerts: false, browserName: chrome, browserVersion: 124.0.6367.92, chrome: {chromedriverVersion: 124.0.6367.91 (51df0e5e17a8..., userDataDir: C:\Users\PRATHA~1.KUM\AppDa...}, fedcm:accounts: true, goog:chromeOptions: {debuggerAddress: localhost:49451}, networkConnectionEnabled: false, pageLoadStrategy: normal, platformName: WINDOWS, proxy: Proxy(), se:cdp: ws://localhost:49451/devtoo..., se:cdpVersion: 124.0.6367.92, setWindowRect: true, strictFileInteractability: false, timeouts: {implicit: 0, pageLoad: 300000, script: 30000}, unhandledPromptBehavior: dismiss and notify, webauthn:extension:credBlob: true, webauthn:extension:largeBlob: true, webauthn:extension:minPinLength: true, webauthn:extension:prf: true, webauthn:virtualAuthenticators: true}
Session ID: 2cf28825ea7a8a419a5b05b8e5d35d84</small> </font> </div>
<div class="test-event"> <font color="maroon"> <small> &emsp; &emsp;--- 04 May 23:30:46 864 - <b>0</b> - Spinner Load Wait: (Sync) - ICar.support.WaitUtils.waitForSpinner(WaitUtils.java:225)</small> </font> </div>
<div class="test-event"> <font color="maroon"> <small> &emsp; &emsp;--- 04 May 23:30:56 960 - Page URL:: https://www.i-car.com/product/brake-system-electronics-operation-and-damage-analysis</small> </font> </div>
<div class="test-event"> <font color="maroon"> <small> &emsp; &emsp;--- 04 May 23:30:56 961 - <b>0</b> - Page Load Wait: (Sync) - ICar.support.Utils.waitForPageLoad(Utils.java:109)</small> </font> </div>
<div class="test-event"> <font color="maroon"> <small> &emsp; &emsp;--- 04 May 23:30:56 978 - Element is displayed:: [[ChromeDriver: chrome on WINDOWS (2cf28825ea7a8a419a5b05b8e5d35d84)] -> xpath: //a[contains(text(),'Back to Courses')]]</small> </font> </div>
<div class="test-event"> <font color="maroon"> <small> &emsp; &emsp;--- 04 May 23:31:04 010 - Catched spinner load exception due to javascript error: {"status":32,"value":"An invalid or illegal selector was specified"}
  (Session info: chrome=124.0.6367.92)
Build info: version: '4.6.0', revision: '79f1c02ae20'
System info: os.name: 'Windows 10', os.arch: 'amd64', os.version: '10.0', java.version: '17.0.7'
Driver info: org.openqa.selenium.chrome.ChromeDriver
Command: [2cf28825ea7a8a419a5b05b8e5d35d84, findElement {using=css selector, value=div[class='slds-spinner slds-spinner_brand slds-spinner_small']>div:nth-child(2)r}]
Capabilities {acceptInsecureCerts: false, browserName: chrome, browserVersion: 124.0.6367.92, chrome: {chromedriverVersion: 124.0.6367.91 (51df0e5e17a8..., userDataDir: C:\Users\PRATHA~1.KUM\AppDa...}, fedcm:accounts: true, goog:chromeOptions: {debuggerAddress: localhost:49451}, networkConnectionEnabled: false, pageLoadStrategy: normal, platformName: WINDOWS, proxy: Proxy(), se:cdp: ws://localhost:49451/devtoo..., se:cdpVersion: 124.0.6367.92, setWindowRect: true, strictFileInteractability: false, timeouts: {implicit: 0, pageLoad: 300000, script: 30000}, unhandledPromptBehavior: dismiss and notify, webauthn:extension:credBlob: true, webauthn:extension:largeBlob: true, webauthn:extension:minPinLength: true, webauthn:extension:prf: true, webauthn:virtualAuthenticators: true}
Session ID: 2cf28825ea7a8a419a5b05b8e5d35d84</small> </font> </div>
<div class="test-event"> <font color="maroon"> <small> &emsp; &emsp;--- 04 May 23:31:04 010 - <b>0</b> - Spinner Load Wait: (Sync) - ICar.support.WaitUtils.waitForSpinner(WaitUtils.java:225)</small> </font> </div>
<div class="test-message">&emsp;Back To Courses is displayed in the page </div>
<div class="test-message">&emsp;Successfully verified Back To Course Link&emsp;<a href=".\ScreenShot\URL_TC001_2719401633840600.png" target="_blank" >[ScreenShot]</a></div>
<div class="test-event"> <font color="maroon"> <small> &emsp; &emsp;--- 04 May 23:31:04 250 - Catched spinner load exception due to javascript error: {"status":32,"value":"An invalid or illegal selector was specified"}
  (Session info: chrome=124.0.6367.92)
Build info: version: '4.6.0', revision: '79f1c02ae20'
System info: os.name: 'Windows 10', os.arch: 'amd64', os.version: '10.0', java.version: '17.0.7'
Driver info: org.openqa.selenium.chrome.ChromeDriver
Command: [2cf28825ea7a8a419a5b05b8e5d35d84, findElement {using=css selector, value=div[class='slds-spinner slds-spinner_brand slds-spinner_small']>div:nth-child(2)r}]
Capabilities {acceptInsecureCerts: false, browserName: chrome, browserVersion: 124.0.6367.92, chrome: {chromedriverVersion: 124.0.6367.91 (51df0e5e17a8..., userDataDir: C:\Users\PRATHA~1.KUM\AppDa...}, fedcm:accounts: true, goog:chromeOptions: {debuggerAddress: localhost:49451}, networkConnectionEnabled: false, pageLoadStrategy: normal, platformName: WINDOWS, proxy: Proxy(), se:cdp: ws://localhost:49451/devtoo..., se:cdpVersion: 124.0.6367.92, setWindowRect: true, strictFileInteractability: false, timeouts: {implicit: 0, pageLoad: 300000, script: 30000}, unhandledPromptBehavior: dismiss and notify, webauthn:extension:credBlob: true, webauthn:extension:largeBlob: true, webauthn:extension:minPinLength: true, webauthn:extension:prf: true, webauthn:virtualAuthenticators: true}
Session ID: 2cf28825ea7a8a419a5b05b8e5d35d84</small> </font> </div>
<div class="test-event"> <font color="maroon"> <small> &emsp; &emsp;--- 04 May 23:31:04 250 - <b>0</b> - Spinner Load Wait: (Sync) - ICar.support.WaitUtils.waitForSpinner(WaitUtils.java:225)</small> </font> </div>
<div class="test-event"> <font color="maroon"> <small> &emsp; &emsp;--- 04 May 23:31:04 317 - Page URL:: https://www.i-car.com/product/brake-system-electronics-operation-and-damage-analysis</small> </font> </div>
<div class="test-event"> <font color="maroon"> <small> &emsp; &emsp;--- 04 May 23:31:04 317 - <b>0</b> - Page Load Wait: (Sync) - ICar.support.Utils.waitForPageLoad(Utils.java:109)</small> </font> </div>
<div class="test-event"> <font color="maroon"> <small> &emsp; &emsp;--- 04 May 23:31:14 368 - Element is displayed:: [[ChromeDriver: chrome on WINDOWS (2cf28825ea7a8a419a5b05b8e5d35d84)] -> xpath: //div[@class='productDetails slds-p-bottom_large']//div[contains(@class,'slds-p-bottom_medium')]]</small> </font> </div>
<div class="test-message">&emsp;Course Name : BrakeSystemElectronicsOperationandDamageAnalysis is displayed in the URL page</div>
<div class="test-message">&emsp;Successfully verified the course name for relevant link&emsp;<a href=".\ScreenShot\URL_TC001_2719420001093400.png" target="_blank" >[ScreenShot]</a></div>
<div class="test-message">&emsp;
</div>
<div class="test-message">&emsp;63. URL is : https://www.i-car.com/product/control-module-programming-overview</div>
<div class="test-event"> <font color="maroon"> <small> &emsp; &emsp;--- 04 May 23:31:23 551 - Page URL:: https://www.i-car.com/product/control-module-programming-overview</small> </font> </div>
<div class="test-event"> <font color="maroon"> <small> &emsp; &emsp;--- 04 May 23:31:23 551 - <b>0</b> - Page Load Wait: (Sync) - ICar.support.Utils.waitForPageLoad(Utils.java:109)</small> </font> </div>
<div class="test-message">&emsp;Successfully navigated to the :  https://www.i-car.com/product/control-module-programming-overview   Page&emsp;<a href=".\ScreenShot\URL_TC001_2719421164672500.png" target="_blank" >[ScreenShot]</a></div>
<div class="test-event"> <font color="maroon"> <small> &emsp; &emsp;--- 04 May 23:31:23 859 - Page URL:: https://www.i-car.com/product/control-module-programming-overview</small> </font> </div>
<div class="test-event"> <font color="maroon"> <small> &emsp; &emsp;--- 04 May 23:31:23 859 - <b>0</b> - Page Load Wait: (Sync) - ICar.support.Utils.waitForPageLoad(Utils.java:109)</small> </font> </div>
<div class="test-event"> <font color="maroon"> <small> &emsp; &emsp;--- 04 May 23:31:23 867 - Catched spinner load exception due to javascript error: {"status":32,"value":"An invalid or illegal selector was specified"}
  (Session info: chrome=124.0.6367.92)
Build info: version: '4.6.0', revision: '79f1c02ae20'
System info: os.name: 'Windows 10', os.arch: 'amd64', os.version: '10.0', java.version: '17.0.7'
Driver info: org.openqa.selenium.chrome.ChromeDriver
Command: [2cf28825ea7a8a419a5b05b8e5d35d84, findElement {using=css selector, value=div[class='slds-spinner slds-spinner_brand slds-spinner_small']>div:nth-child(2)r}]
Capabilities {acceptInsecureCerts: false, browserName: chrome, browserVersion: 124.0.6367.92, chrome: {chromedriverVersion: 124.0.6367.91 (51df0e5e17a8..., userDataDir: C:\Users\PRATHA~1.KUM\AppDa...}, fedcm:accounts: true, goog:chromeOptions: {debuggerAddress: localhost:49451}, networkConnectionEnabled: false, pageLoadStrategy: normal, platformName: WINDOWS, proxy: Proxy(), se:cdp: ws://localhost:49451/devtoo..., se:cdpVersion: 124.0.6367.92, setWindowRect: true, strictFileInteractability: false, timeouts: {implicit: 0, pageLoad: 300000, script: 30000}, unhandledPromptBehavior: dismiss and notify, webauthn:extension:credBlob: true, webauthn:extension:largeBlob: true, webauthn:extension:minPinLength: true, webauthn:extension:prf: true, webauthn:virtualAuthenticators: true}
Session ID: 2cf28825ea7a8a419a5b05b8e5d35d84</small> </font> </div>
<div class="test-event"> <font color="maroon"> <small> &emsp; &emsp;--- 04 May 23:31:23 867 - <b>0</b> - Spinner Load Wait: (Sync) - ICar.support.WaitUtils.waitForSpinner(WaitUtils.java:225)</small> </font> </div>
<div class="test-event"> <font color="maroon"> <small> &emsp; &emsp;--- 04 May 23:31:33 967 - Page URL:: https://www.i-car.com/product/control-module-programming-overview</small> </font> </div>
<div class="test-event"> <font color="maroon"> <small> &emsp; &emsp;--- 04 May 23:31:33 967 - <b>0</b> - Page Load Wait: (Sync) - ICar.support.Utils.waitForPageLoad(Utils.java:109)</small> </font> </div>
<div class="test-event"> <font color="maroon"> <small> &emsp; &emsp;--- 04 May 23:31:33 986 - Element is displayed:: [[ChromeDriver: chrome on WINDOWS (2cf28825ea7a8a419a5b05b8e5d35d84)] -> xpath: //a[contains(text(),'Back to Courses')]]</small> </font> </div>
<div class="test-event"> <font color="maroon"> <small> &emsp; &emsp;--- 04 May 23:31:41 030 - Catched spinner load exception due to javascript error: {"status":32,"value":"An invalid or illegal selector was specified"}
  (Session info: chrome=124.0.6367.92)
Build info: version: '4.6.0', revision: '79f1c02ae20'
System info: os.name: 'Windows 10', os.arch: 'amd64', os.version: '10.0', java.version: '17.0.7'
Driver info: org.openqa.selenium.chrome.ChromeDriver
Command: [2cf28825ea7a8a419a5b05b8e5d35d84, findElement {using=css selector, value=div[class='slds-spinner slds-spinner_brand slds-spinner_small']>div:nth-child(2)r}]
Capabilities {acceptInsecureCerts: false, browserName: chrome, browserVersion: 124.0.6367.92, chrome: {chromedriverVersion: 124.0.6367.91 (51df0e5e17a8..., userDataDir: C:\Users\PRATHA~1.KUM\AppDa...}, fedcm:accounts: true, goog:chromeOptions: {debuggerAddress: localhost:49451}, networkConnectionEnabled: false, pageLoadStrategy: normal, platformName: WINDOWS, proxy: Proxy(), se:cdp: ws://localhost:49451/devtoo..., se:cdpVersion: 124.0.6367.92, setWindowRect: true, strictFileInteractability: false, timeouts: {implicit: 0, pageLoad: 300000, script: 30000}, unhandledPromptBehavior: dismiss and notify, webauthn:extension:credBlob: true, webauthn:extension:largeBlob: true, webauthn:extension:minPinLength: true, webauthn:extension:prf: true, webauthn:virtualAuthenticators: true}
Session ID: 2cf28825ea7a8a419a5b05b8e5d35d84</small> </font> </div>
<div class="test-event"> <font color="maroon"> <small> &emsp; &emsp;--- 04 May 23:31:41 030 - <b>0</b> - Spinner Load Wait: (Sync) - ICar.support.WaitUtils.waitForSpinner(WaitUtils.java:225)</small> </font> </div>
<div class="test-message">&emsp;Back To Courses is displayed in the page </div>
<div class="test-message">&emsp;Successfully verified Back To Course Link&emsp;<a href=".\ScreenShot\URL_TC001_2719438669372600.png" target="_blank" >[ScreenShot]</a></div>
<div class="test-event"> <font color="maroon"> <small> &emsp; &emsp;--- 04 May 23:31:41 287 - Catched spinner load exception due to javascript error: {"status":32,"value":"An invalid or illegal selector was specified"}
  (Session info: chrome=124.0.6367.92)
Build info: version: '4.6.0', revision: '79f1c02ae20'
System info: os.name: 'Windows 10', os.arch: 'amd64', os.version: '10.0', java.version: '17.0.7'
Driver info: org.openqa.selenium.chrome.ChromeDriver
Command: [2cf28825ea7a8a419a5b05b8e5d35d84, findElement {using=css selector, value=div[class='slds-spinner slds-spinner_brand slds-spinner_small']>div:nth-child(2)r}]
Capabilities {acceptInsecureCerts: false, browserName: chrome, browserVersion: 124.0.6367.92, chrome: {chromedriverVersion: 124.0.6367.91 (51df0e5e17a8..., userDataDir: C:\Users\PRATHA~1.KUM\AppDa...}, fedcm:accounts: true, goog:chromeOptions: {debuggerAddress: localhost:49451}, networkConnectionEnabled: false, pageLoadStrategy: normal, platformName: WINDOWS, proxy: Proxy(), se:cdp: ws://localhost:49451/devtoo..., se:cdpVersion: 124.0.6367.92, setWindowRect: true, strictFileInteractability: false, timeouts: {implicit: 0, pageLoad: 300000, script: 30000}, unhandledPromptBehavior: dismiss and notify, webauthn:extension:credBlob: true, webauthn:extension:largeBlob: true, webauthn:extension:minPinLength: true, webauthn:extension:prf: true, webauthn:virtualAuthenticators: true}
Session ID: 2cf28825ea7a8a419a5b05b8e5d35d84</small> </font> </div>
<div class="test-event"> <font color="maroon"> <small> &emsp; &emsp;--- 04 May 23:31:41 287 - <b>0</b> - Spinner Load Wait: (Sync) - ICar.support.WaitUtils.waitForSpinner(WaitUtils.java:225)</small> </font> </div>
<div class="test-event"> <font color="maroon"> <small> &emsp; &emsp;--- 04 May 23:31:41 368 - Page URL:: https://www.i-car.com/product/control-module-programming-overview</small> </font> </div>
<div class="test-event"> <font color="maroon"> <small> &emsp; &emsp;--- 04 May 23:31:41 368 - <b>0</b> - Page Load Wait: (Sync) - ICar.support.Utils.waitForPageLoad(Utils.java:109)</small> </font> </div>
<div class="test-event"> <font color="maroon"> <small> &emsp; &emsp;--- 04 May 23:31:51 423 - Element is displayed:: [[ChromeDriver: chrome on WINDOWS (2cf28825ea7a8a419a5b05b8e5d35d84)] -> xpath: //div[@class='productDetails slds-p-bottom_large']//div[contains(@class,'slds-p-bottom_medium')]]</small> </font> </div>
<div class="test-message">&emsp;Course Name : ControlModuleProgrammingOverview is displayed in the URL page</div>
<div class="test-message">&emsp;Successfully verified the course name for relevant link&emsp;<a href=".\ScreenShot\URL_TC001_2719457053643900.png" target="_blank" >[ScreenShot]</a></div>
<div class="test-message">&emsp;
</div>
<div class="test-message">&emsp;64. URL is : https://www.i-car.com/product/masking</div>
<div class="test-event"> <font color="maroon"> <small> &emsp; &emsp;--- 04 May 23:32:01 459 - Page URL:: https://www.i-car.com/product/masking</small> </font> </div>
<div class="test-event"> <font color="maroon"> <small> &emsp; &emsp;--- 04 May 23:32:01 459 - <b>0</b> - Page Load Wait: (Sync) - ICar.support.Utils.waitForPageLoad(Utils.java:109)</small> </font> </div>
<div class="test-message">&emsp;Successfully navigated to the :  https://www.i-car.com/product/masking   Page&emsp;<a href=".\ScreenShot\URL_TC001_2719459072790600.png" target="_blank" >[ScreenShot]</a></div>
<div class="test-event"> <font color="maroon"> <small> &emsp; &emsp;--- 04 May 23:32:01 750 - Page URL:: https://www.i-car.com/product/masking</small> </font> </div>
<div class="test-event"> <font color="maroon"> <small> &emsp; &emsp;--- 04 May 23:32:01 750 - <b>0</b> - Page Load Wait: (Sync) - ICar.support.Utils.waitForPageLoad(Utils.java:109)</small> </font> </div>
<div class="test-event"> <font color="maroon"> <small> &emsp; &emsp;--- 04 May 23:32:01 759 - Catched spinner load exception due to javascript error: {"status":32,"value":"An invalid or illegal selector was specified"}
  (Session info: chrome=124.0.6367.92)
Build info: version: '4.6.0', revision: '79f1c02ae20'
System info: os.name: 'Windows 10', os.arch: 'amd64', os.version: '10.0', java.version: '17.0.7'
Driver info: org.openqa.selenium.chrome.ChromeDriver
Command: [2cf28825ea7a8a419a5b05b8e5d35d84, findElement {using=css selector, value=div[class='slds-spinner slds-spinner_brand slds-spinner_small']>div:nth-child(2)r}]
Capabilities {acceptInsecureCerts: false, browserName: chrome, browserVersion: 124.0.6367.92, chrome: {chromedriverVersion: 124.0.6367.91 (51df0e5e17a8..., userDataDir: C:\Users\PRATHA~1.KUM\AppDa...}, fedcm:accounts: true, goog:chromeOptions: {debuggerAddress: localhost:49451}, networkConnectionEnabled: false, pageLoadStrategy: normal, platformName: WINDOWS, proxy: Proxy(), se:cdp: ws://localhost:49451/devtoo..., se:cdpVersion: 124.0.6367.92, setWindowRect: true, strictFileInteractability: false, timeouts: {implicit: 0, pageLoad: 300000, script: 30000}, unhandledPromptBehavior: dismiss and notify, webauthn:extension:credBlob: true, webauthn:extension:largeBlob: true, webauthn:extension:minPinLength: true, webauthn:extension:prf: true, webauthn:virtualAuthenticators: true}
Session ID: 2cf28825ea7a8a419a5b05b8e5d35d84</small> </font> </div>
<div class="test-event"> <font color="maroon"> <small> &emsp; &emsp;--- 04 May 23:32:01 759 - <b>0</b> - Spinner Load Wait: (Sync) - ICar.support.WaitUtils.waitForSpinner(WaitUtils.java:225)</small> </font> </div>
<div class="test-event"> <font color="maroon"> <small> &emsp; &emsp;--- 04 May 23:32:11 843 - Page URL:: https://www.i-car.com/product/masking</small> </font> </div>
<div class="test-event"> <font color="maroon"> <small> &emsp; &emsp;--- 04 May 23:32:11 843 - <b>0</b> - Page Load Wait: (Sync) - ICar.support.Utils.waitForPageLoad(Utils.java:109)</small> </font> </div>
<div class="test-event"> <font color="maroon"> <small> &emsp; &emsp;--- 04 May 23:32:11 861 - Element is displayed:: [[ChromeDriver: chrome on WINDOWS (2cf28825ea7a8a419a5b05b8e5d35d84)] -> xpath: //a[contains(text(),'Back to Courses')]]</small> </font> </div>
<div class="test-event"> <font color="maroon"> <small> &emsp; &emsp;--- 04 May 23:32:18 895 - Catched spinner load exception due to javascript error: {"status":32,"value":"An invalid or illegal selector was specified"}
  (Session info: chrome=124.0.6367.92)
Build info: version: '4.6.0', revision: '79f1c02ae20'
System info: os.name: 'Windows 10', os.arch: 'amd64', os.version: '10.0', java.version: '17.0.7'
Driver info: org.openqa.selenium.chrome.ChromeDriver
Command: [2cf28825ea7a8a419a5b05b8e5d35d84, findElement {using=css selector, value=div[class='slds-spinner slds-spinner_brand slds-spinner_small']>div:nth-child(2)r}]
Capabilities {acceptInsecureCerts: false, browserName: chrome, browserVersion: 124.0.6367.92, chrome: {chromedriverVersion: 124.0.6367.91 (51df0e5e17a8..., userDataDir: C:\Users\PRATHA~1.KUM\AppDa...}, fedcm:accounts: true, goog:chromeOptions: {debuggerAddress: localhost:49451}, networkConnectionEnabled: false, pageLoadStrategy: normal, platformName: WINDOWS, proxy: Proxy(), se:cdp: ws://localhost:49451/devtoo..., se:cdpVersion: 124.0.6367.92, setWindowRect: true, strictFileInteractability: false, timeouts: {implicit: 0, pageLoad: 300000, script: 30000}, unhandledPromptBehavior: dismiss and notify, webauthn:extension:credBlob: true, webauthn:extension:largeBlob: true, webauthn:extension:minPinLength: true, webauthn:extension:prf: true, webauthn:virtualAuthenticators: true}
Session ID: 2cf28825ea7a8a419a5b05b8e5d35d84</small> </font> </div>
<div class="test-event"> <font color="maroon"> <small> &emsp; &emsp;--- 04 May 23:32:18 895 - <b>0</b> - Spinner Load Wait: (Sync) - ICar.support.WaitUtils.waitForSpinner(WaitUtils.java:225)</small> </font> </div>
<div class="test-message">&emsp;Back To Courses is displayed in the page </div>
<div class="test-message">&emsp;Successfully verified Back To Course Link&emsp;<a href=".\ScreenShot\URL_TC001_2719476518972400.png" target="_blank" >[ScreenShot]</a></div>
<div class="test-event"> <font color="maroon"> <small> &emsp; &emsp;--- 04 May 23:32:19 064 - Catched spinner load exception due to javascript error: {"status":32,"value":"An invalid or illegal selector was specified"}
  (Session info: chrome=124.0.6367.92)
Build info: version: '4.6.0', revision: '79f1c02ae20'
System info: os.name: 'Windows 10', os.arch: 'amd64', os.version: '10.0', java.version: '17.0.7'
Driver info: org.openqa.selenium.chrome.ChromeDriver
Command: [2cf28825ea7a8a419a5b05b8e5d35d84, findElement {using=css selector, value=div[class='slds-spinner slds-spinner_brand slds-spinner_small']>div:nth-child(2)r}]
Capabilities {acceptInsecureCerts: false, browserName: chrome, browserVersion: 124.0.6367.92, chrome: {chromedriverVersion: 124.0.6367.91 (51df0e5e17a8..., userDataDir: C:\Users\PRATHA~1.KUM\AppDa...}, fedcm:accounts: true, goog:chromeOptions: {debuggerAddress: localhost:49451}, networkConnectionEnabled: false, pageLoadStrategy: normal, platformName: WINDOWS, proxy: Proxy(), se:cdp: ws://localhost:49451/devtoo..., se:cdpVersion: 124.0.6367.92, setWindowRect: true, strictFileInteractability: false, timeouts: {implicit: 0, pageLoad: 300000, script: 30000}, unhandledPromptBehavior: dismiss and notify, webauthn:extension:credBlob: true, webauthn:extension:largeBlob: true, webauthn:extension:minPinLength: true, webauthn:extension:prf: true, webauthn:virtualAuthenticators: true}
Session ID: 2cf28825ea7a8a419a5b05b8e5d35d84</small> </font> </div>
<div class="test-event"> <font color="maroon"> <small> &emsp; &emsp;--- 04 May 23:32:19 065 - <b>0</b> - Spinner Load Wait: (Sync) - ICar.support.WaitUtils.waitForSpinner(WaitUtils.java:225)</small> </font> </div>
<div class="test-event"> <font color="maroon"> <small> &emsp; &emsp;--- 04 May 23:32:19 130 - Page URL:: https://www.i-car.com/product/masking</small> </font> </div>
<div class="test-event"> <font color="maroon"> <small> &emsp; &emsp;--- 04 May 23:32:19 130 - <b>0</b> - Page Load Wait: (Sync) - ICar.support.Utils.waitForPageLoad(Utils.java:109)</small> </font> </div>
<div class="test-event"> <font color="maroon"> <small> &emsp; &emsp;--- 04 May 23:32:29 211 - Element is displayed:: [[ChromeDriver: chrome on WINDOWS (2cf28825ea7a8a419a5b05b8e5d35d84)] -> xpath: //div[@class='productDetails slds-p-bottom_large']//div[contains(@class,'slds-p-bottom_medium')]]</small> </font> </div>
<div class="test-message">&emsp;Course Name : Masking is displayed in the URL page</div>
<div class="test-message">&emsp;Successfully verified the course name for relevant link&emsp;<a href=".\ScreenShot\URL_TC001_2719494852786400.png" target="_blank" >[ScreenShot]</a></div>
<div class="test-message">&emsp;
</div>
<div class="test-message">&emsp;65. URL is : https://www.i-car.com/product/air-conditioning-system-service</div>
<div class="test-event"> <font color="maroon"> <small> &emsp; &emsp;--- 04 May 23:32:38 097 - Page URL:: https://www.i-car.com/product/air-conditioning-system-service</small> </font> </div>
<div class="test-event"> <font color="maroon"> <small> &emsp; &emsp;--- 04 May 23:32:38 098 - <b>0</b> - Page Load Wait: (Sync) - ICar.support.Utils.waitForPageLoad(Utils.java:109)</small> </font> </div>
<div class="test-message">&emsp;Successfully navigated to the :  https://www.i-car.com/product/air-conditioning-system-service   Page&emsp;<a href=".\ScreenShot\URL_TC001_2719495711085500.png" target="_blank" >[ScreenShot]</a></div>
<div class="test-event"> <font color="maroon"> <small> &emsp; &emsp;--- 04 May 23:32:38 329 - Page URL:: https://www.i-car.com/product/air-conditioning-system-service</small> </font> </div>
<div class="test-event"> <font color="maroon"> <small> &emsp; &emsp;--- 04 May 23:32:38 329 - <b>0</b> - Page Load Wait: (Sync) - ICar.support.Utils.waitForPageLoad(Utils.java:109)</small> </font> </div>
<div class="test-event"> <font color="maroon"> <small> &emsp; &emsp;--- 04 May 23:32:38 338 - Catched spinner load exception due to javascript error: {"status":32,"value":"An invalid or illegal selector was specified"}
  (Session info: chrome=124.0.6367.92)
Build info: version: '4.6.0', revision: '79f1c02ae20'
System info: os.name: 'Windows 10', os.arch: 'amd64', os.version: '10.0', java.version: '17.0.7'
Driver info: org.openqa.selenium.chrome.ChromeDriver
Command: [2cf28825ea7a8a419a5b05b8e5d35d84, findElement {using=css selector, value=div[class='slds-spinner slds-spinner_brand slds-spinner_small']>div:nth-child(2)r}]
Capabilities {acceptInsecureCerts: false, browserName: chrome, browserVersion: 124.0.6367.92, chrome: {chromedriverVersion: 124.0.6367.91 (51df0e5e17a8..., userDataDir: C:\Users\PRATHA~1.KUM\AppDa...}, fedcm:accounts: true, goog:chromeOptions: {debuggerAddress: localhost:49451}, networkConnectionEnabled: false, pageLoadStrategy: normal, platformName: WINDOWS, proxy: Proxy(), se:cdp: ws://localhost:49451/devtoo..., se:cdpVersion: 124.0.6367.92, setWindowRect: true, strictFileInteractability: false, timeouts: {implicit: 0, pageLoad: 300000, script: 30000}, unhandledPromptBehavior: dismiss and notify, webauthn:extension:credBlob: true, webauthn:extension:largeBlob: true, webauthn:extension:minPinLength: true, webauthn:extension:prf: true, webauthn:virtualAuthenticators: true}
Session ID: 2cf28825ea7a8a419a5b05b8e5d35d84</small> </font> </div>
<div class="test-event"> <font color="maroon"> <small> &emsp; &emsp;--- 04 May 23:32:38 338 - <b>0</b> - Spinner Load Wait: (Sync) - ICar.support.WaitUtils.waitForSpinner(WaitUtils.java:225)</small> </font> </div>
<div class="test-event"> <font color="maroon"> <small> &emsp; &emsp;--- 04 May 23:32:48 437 - Page URL:: https://www.i-car.com/product/air-conditioning-system-service</small> </font> </div>
<div class="test-event"> <font color="maroon"> <small> &emsp; &emsp;--- 04 May 23:32:48 438 - <b>0</b> - Page Load Wait: (Sync) - ICar.support.Utils.waitForPageLoad(Utils.java:109)</small> </font> </div>
<div class="test-event"> <font color="maroon"> <small> &emsp; &emsp;--- 04 May 23:32:48 456 - Element is displayed:: [[ChromeDriver: chrome on WINDOWS (2cf28825ea7a8a419a5b05b8e5d35d84)] -> xpath: //a[contains(text(),'Back to Courses')]]</small> </font> </div>
<div class="test-event"> <font color="maroon"> <small> &emsp; &emsp;--- 04 May 23:32:55 490 - Catched spinner load exception due to javascript error: {"status":32,"value":"An invalid or illegal selector was specified"}
  (Session info: chrome=124.0.6367.92)
Build info: version: '4.6.0', revision: '79f1c02ae20'
System info: os.name: 'Windows 10', os.arch: 'amd64', os.version: '10.0', java.version: '17.0.7'
Driver info: org.openqa.selenium.chrome.ChromeDriver
Command: [2cf28825ea7a8a419a5b05b8e5d35d84, findElement {using=css selector, value=div[class='slds-spinner slds-spinner_brand slds-spinner_small']>div:nth-child(2)r}]
Capabilities {acceptInsecureCerts: false, browserName: chrome, browserVersion: 124.0.6367.92, chrome: {chromedriverVersion: 124.0.6367.91 (51df0e5e17a8..., userDataDir: C:\Users\PRATHA~1.KUM\AppDa...}, fedcm:accounts: true, goog:chromeOptions: {debuggerAddress: localhost:49451}, networkConnectionEnabled: false, pageLoadStrategy: normal, platformName: WINDOWS, proxy: Proxy(), se:cdp: ws://localhost:49451/devtoo..., se:cdpVersion: 124.0.6367.92, setWindowRect: true, strictFileInteractability: false, timeouts: {implicit: 0, pageLoad: 300000, script: 30000}, unhandledPromptBehavior: dismiss and notify, webauthn:extension:credBlob: true, webauthn:extension:largeBlob: true, webauthn:extension:minPinLength: true, webauthn:extension:prf: true, webauthn:virtualAuthenticators: true}
Session ID: 2cf28825ea7a8a419a5b05b8e5d35d84</small> </font> </div>
<div class="test-event"> <font color="maroon"> <small> &emsp; &emsp;--- 04 May 23:32:55 491 - <b>0</b> - Spinner Load Wait: (Sync) - ICar.support.WaitUtils.waitForSpinner(WaitUtils.java:225)</small> </font> </div>
<div class="test-message">&emsp;Back To Courses is displayed in the page </div>
<div class="test-message">&emsp;Successfully verified Back To Course Link&emsp;<a href=".\ScreenShot\URL_TC001_2719513114591100.png" target="_blank" >[ScreenShot]</a></div>
<div class="test-event"> <font color="maroon"> <small> &emsp; &emsp;--- 04 May 23:32:55 725 - Catched spinner load exception due to javascript error: {"status":32,"value":"An invalid or illegal selector was specified"}
  (Session info: chrome=124.0.6367.92)
Build info: version: '4.6.0', revision: '79f1c02ae20'
System info: os.name: 'Windows 10', os.arch: 'amd64', os.version: '10.0', java.version: '17.0.7'
Driver info: org.openqa.selenium.chrome.ChromeDriver
Command: [2cf28825ea7a8a419a5b05b8e5d35d84, findElement {using=css selector, value=div[class='slds-spinner slds-spinner_brand slds-spinner_small']>div:nth-child(2)r}]
Capabilities {acceptInsecureCerts: false, browserName: chrome, browserVersion: 124.0.6367.92, chrome: {chromedriverVersion: 124.0.6367.91 (51df0e5e17a8..., userDataDir: C:\Users\PRATHA~1.KUM\AppDa...}, fedcm:accounts: true, goog:chromeOptions: {debuggerAddress: localhost:49451}, networkConnectionEnabled: false, pageLoadStrategy: normal, platformName: WINDOWS, proxy: Proxy(), se:cdp: ws://localhost:49451/devtoo..., se:cdpVersion: 124.0.6367.92, setWindowRect: true, strictFileInteractability: false, timeouts: {implicit: 0, pageLoad: 300000, script: 30000}, unhandledPromptBehavior: dismiss and notify, webauthn:extension:credBlob: true, webauthn:extension:largeBlob: true, webauthn:extension:minPinLength: true, webauthn:extension:prf: true, webauthn:virtualAuthenticators: true}
Session ID: 2cf28825ea7a8a419a5b05b8e5d35d84</small> </font> </div>
<div class="test-event"> <font color="maroon"> <small> &emsp; &emsp;--- 04 May 23:32:55 725 - <b>0</b> - Spinner Load Wait: (Sync) - ICar.support.WaitUtils.waitForSpinner(WaitUtils.java:225)</small> </font> </div>
<div class="test-event"> <font color="maroon"> <small> &emsp; &emsp;--- 04 May 23:32:55 791 - Page URL:: https://www.i-car.com/product/air-conditioning-system-service</small> </font> </div>
<div class="test-event"> <font color="maroon"> <small> &emsp; &emsp;--- 04 May 23:32:55 791 - <b>0</b> - Page Load Wait: (Sync) - ICar.support.Utils.waitForPageLoad(Utils.java:109)</small> </font> </div>
<div class="test-event"> <font color="maroon"> <small> &emsp; &emsp;--- 04 May 23:33:05 863 - Element is displayed:: [[ChromeDriver: chrome on WINDOWS (2cf28825ea7a8a419a5b05b8e5d35d84)] -> xpath: //div[@class='productDetails slds-p-bottom_large']//div[contains(@class,'slds-p-bottom_medium')]]</small> </font> </div>
<div class="test-message">&emsp;Course Name : AirConditioningSystemService is displayed in the URL page</div>
<div class="test-message">&emsp;Successfully verified the course name for relevant link&emsp;<a href=".\ScreenShot\URL_TC001_2719531502718000.png" target="_blank" >[ScreenShot]</a></div>
<div class="test-message">&emsp;
</div>
<div class="test-message">&emsp;66. URL is : https://www.i-car.com/product/steering-system-operation-damage-analysis-and-service</div>
<div class="test-event"> <font color="maroon"> <small> &emsp; &emsp;--- 04 May 23:33:14 836 - Page URL:: https://www.i-car.com/product/steering-system-operation-damage-analysis-and-service</small> </font> </div>
<div class="test-event"> <font color="maroon"> <small> &emsp; &emsp;--- 04 May 23:33:14 836 - <b>0</b> - Page Load Wait: (Sync) - ICar.support.Utils.waitForPageLoad(Utils.java:109)</small> </font> </div>
<div class="test-message">&emsp;Successfully navigated to the :  https://www.i-car.com/product/steering-system-operation-damage-analysis-and-service   Page&emsp;<a href=".\ScreenShot\URL_TC001_2719532448995900.png" target="_blank" >[ScreenShot]</a></div>
<div class="test-event"> <font color="maroon"> <small> &emsp; &emsp;--- 04 May 23:33:15 120 - Page URL:: https://www.i-car.com/product/steering-system-operation-damage-analysis-and-service</small> </font> </div>
<div class="test-event"> <font color="maroon"> <small> &emsp; &emsp;--- 04 May 23:33:15 120 - <b>0</b> - Page Load Wait: (Sync) - ICar.support.Utils.waitForPageLoad(Utils.java:109)</small> </font> </div>
<div class="test-event"> <font color="maroon"> <small> &emsp; &emsp;--- 04 May 23:33:15 127 - Catched spinner load exception due to javascript error: {"status":32,"value":"An invalid or illegal selector was specified"}
  (Session info: chrome=124.0.6367.92)
Build info: version: '4.6.0', revision: '79f1c02ae20'
System info: os.name: 'Windows 10', os.arch: 'amd64', os.version: '10.0', java.version: '17.0.7'
Driver info: org.openqa.selenium.chrome.ChromeDriver
Command: [2cf28825ea7a8a419a5b05b8e5d35d84, findElement {using=css selector, value=div[class='slds-spinner slds-spinner_brand slds-spinner_small']>div:nth-child(2)r}]
Capabilities {acceptInsecureCerts: false, browserName: chrome, browserVersion: 124.0.6367.92, chrome: {chromedriverVersion: 124.0.6367.91 (51df0e5e17a8..., userDataDir: C:\Users\PRATHA~1.KUM\AppDa...}, fedcm:accounts: true, goog:chromeOptions: {debuggerAddress: localhost:49451}, networkConnectionEnabled: false, pageLoadStrategy: normal, platformName: WINDOWS, proxy: Proxy(), se:cdp: ws://localhost:49451/devtoo..., se:cdpVersion: 124.0.6367.92, setWindowRect: true, strictFileInteractability: false, timeouts: {implicit: 0, pageLoad: 300000, script: 30000}, unhandledPromptBehavior: dismiss and notify, webauthn:extension:credBlob: true, webauthn:extension:largeBlob: true, webauthn:extension:minPinLength: true, webauthn:extension:prf: true, webauthn:virtualAuthenticators: true}
Session ID: 2cf28825ea7a8a419a5b05b8e5d35d84</small> </font> </div>
<div class="test-event"> <font color="maroon"> <small> &emsp; &emsp;--- 04 May 23:33:15 127 - <b>0</b> - Spinner Load Wait: (Sync) - ICar.support.WaitUtils.waitForSpinner(WaitUtils.java:225)</small> </font> </div>
<div class="test-event"> <font color="maroon"> <small> &emsp; &emsp;--- 04 May 23:33:25 203 - Page URL:: https://www.i-car.com/product/steering-system-operation-damage-analysis-and-service</small> </font> </div>
<div class="test-event"> <font color="maroon"> <small> &emsp; &emsp;--- 04 May 23:33:25 203 - <b>0</b> - Page Load Wait: (Sync) - ICar.support.Utils.waitForPageLoad(Utils.java:109)</small> </font> </div>
<div class="test-event"> <font color="maroon"> <small> &emsp; &emsp;--- 04 May 23:33:25 220 - Element is displayed:: [[ChromeDriver: chrome on WINDOWS (2cf28825ea7a8a419a5b05b8e5d35d84)] -> xpath: //a[contains(text(),'Back to Courses')]]</small> </font> </div>
<div class="test-event"> <font color="maroon"> <small> &emsp; &emsp;--- 04 May 23:33:32 258 - Catched spinner load exception due to javascript error: {"status":32,"value":"An invalid or illegal selector was specified"}
  (Session info: chrome=124.0.6367.92)
Build info: version: '4.6.0', revision: '79f1c02ae20'
System info: os.name: 'Windows 10', os.arch: 'amd64', os.version: '10.0', java.version: '17.0.7'
Driver info: org.openqa.selenium.chrome.ChromeDriver
Command: [2cf28825ea7a8a419a5b05b8e5d35d84, findElement {using=css selector, value=div[class='slds-spinner slds-spinner_brand slds-spinner_small']>div:nth-child(2)r}]
Capabilities {acceptInsecureCerts: false, browserName: chrome, browserVersion: 124.0.6367.92, chrome: {chromedriverVersion: 124.0.6367.91 (51df0e5e17a8..., userDataDir: C:\Users\PRATHA~1.KUM\AppDa...}, fedcm:accounts: true, goog:chromeOptions: {debuggerAddress: localhost:49451}, networkConnectionEnabled: false, pageLoadStrategy: normal, platformName: WINDOWS, proxy: Proxy(), se:cdp: ws://localhost:49451/devtoo..., se:cdpVersion: 124.0.6367.92, setWindowRect: true, strictFileInteractability: false, timeouts: {implicit: 0, pageLoad: 300000, script: 30000}, unhandledPromptBehavior: dismiss and notify, webauthn:extension:credBlob: true, webauthn:extension:largeBlob: true, webauthn:extension:minPinLength: true, webauthn:extension:prf: true, webauthn:virtualAuthenticators: true}
Session ID: 2cf28825ea7a8a419a5b05b8e5d35d84</small> </font> </div>
<div class="test-event"> <font color="maroon"> <small> &emsp; &emsp;--- 04 May 23:33:32 258 - <b>0</b> - Spinner Load Wait: (Sync) - ICar.support.WaitUtils.waitForSpinner(WaitUtils.java:225)</small> </font> </div>
<div class="test-message">&emsp;Back To Courses is displayed in the page </div>
<div class="test-message">&emsp;Successfully verified Back To Course Link&emsp;<a href=".\ScreenShot\URL_TC001_2719549883875900.png" target="_blank" >[ScreenShot]</a></div>
<div class="test-event"> <font color="maroon"> <small> &emsp; &emsp;--- 04 May 23:33:32 524 - Catched spinner load exception due to javascript error: {"status":32,"value":"An invalid or illegal selector was specified"}
  (Session info: chrome=124.0.6367.92)
Build info: version: '4.6.0', revision: '79f1c02ae20'
System info: os.name: 'Windows 10', os.arch: 'amd64', os.version: '10.0', java.version: '17.0.7'
Driver info: org.openqa.selenium.chrome.ChromeDriver
Command: [2cf28825ea7a8a419a5b05b8e5d35d84, findElement {using=css selector, value=div[class='slds-spinner slds-spinner_brand slds-spinner_small']>div:nth-child(2)r}]
Capabilities {acceptInsecureCerts: false, browserName: chrome, browserVersion: 124.0.6367.92, chrome: {chromedriverVersion: 124.0.6367.91 (51df0e5e17a8..., userDataDir: C:\Users\PRATHA~1.KUM\AppDa...}, fedcm:accounts: true, goog:chromeOptions: {debuggerAddress: localhost:49451}, networkConnectionEnabled: false, pageLoadStrategy: normal, platformName: WINDOWS, proxy: Proxy(), se:cdp: ws://localhost:49451/devtoo..., se:cdpVersion: 124.0.6367.92, setWindowRect: true, strictFileInteractability: false, timeouts: {implicit: 0, pageLoad: 300000, script: 30000}, unhandledPromptBehavior: dismiss and notify, webauthn:extension:credBlob: true, webauthn:extension:largeBlob: true, webauthn:extension:minPinLength: true, webauthn:extension:prf: true, webauthn:virtualAuthenticators: true}
Session ID: 2cf28825ea7a8a419a5b05b8e5d35d84</small> </font> </div>
<div class="test-event"> <font color="maroon"> <small> &emsp; &emsp;--- 04 May 23:33:32 524 - <b>0</b> - Spinner Load Wait: (Sync) - ICar.support.WaitUtils.waitForSpinner(WaitUtils.java:225)</small> </font> </div>
<div class="test-event"> <font color="maroon"> <small> &emsp; &emsp;--- 04 May 23:33:32 588 - Page URL:: https://www.i-car.com/product/steering-system-operation-damage-analysis-and-service</small> </font> </div>
<div class="test-event"> <font color="maroon"> <small> &emsp; &emsp;--- 04 May 23:33:32 588 - <b>0</b> - Page Load Wait: (Sync) - ICar.support.Utils.waitForPageLoad(Utils.java:109)</small> </font> </div>
<div class="test-event"> <font color="maroon"> <small> &emsp; &emsp;--- 04 May 23:33:42 664 - Element is displayed:: [[ChromeDriver: chrome on WINDOWS (2cf28825ea7a8a419a5b05b8e5d35d84)] -> xpath: //div[@class='productDetails slds-p-bottom_large']//div[contains(@class,'slds-p-bottom_medium')]]</small> </font> </div>
<div class="test-message">&emsp;Course Name : SteeringSystemOperationDamageAnalysisandService is displayed in the URL page</div>
<div class="test-message">&emsp;Successfully verified the course name for relevant link&emsp;<a href=".\ScreenShot\URL_TC001_2719568308875100.png" target="_blank" >[ScreenShot]</a></div>
<div class="test-message">&emsp;
</div>
<div class="test-message">&emsp;67. URL is : https://www.i-car.com/product/ford-2024-nautilus-new-model-training-overview</div>
<div class="test-event"> <font color="maroon"> <small> &emsp; &emsp;--- 04 May 23:33:52 129 - Page URL:: https://www.i-car.com/product/ford-2024-nautilus-new-model-training-overview</small> </font> </div>
<div class="test-event"> <font color="maroon"> <small> &emsp; &emsp;--- 04 May 23:33:52 129 - <b>0</b> - Page Load Wait: (Sync) - ICar.support.Utils.waitForPageLoad(Utils.java:109)</small> </font> </div>
<div class="test-message">&emsp;Successfully navigated to the :  https://www.i-car.com/product/ford-2024-nautilus-new-model-training-overview   Page&emsp;<a href=".\ScreenShot\URL_TC001_2719569741992600.png" target="_blank" >[ScreenShot]</a></div>
<div class="test-event"> <font color="maroon"> <small> &emsp; &emsp;--- 04 May 23:33:52 412 - Page URL:: https://www.i-car.com/product/ford-2024-nautilus-new-model-training-overview</small> </font> </div>
<div class="test-event"> <font color="maroon"> <small> &emsp; &emsp;--- 04 May 23:33:52 412 - <b>0</b> - Page Load Wait: (Sync) - ICar.support.Utils.waitForPageLoad(Utils.java:109)</small> </font> </div>
<div class="test-event"> <font color="maroon"> <small> &emsp; &emsp;--- 04 May 23:33:52 423 - Catched spinner load exception due to javascript error: {"status":32,"value":"An invalid or illegal selector was specified"}
  (Session info: chrome=124.0.6367.92)
Build info: version: '4.6.0', revision: '79f1c02ae20'
System info: os.name: 'Windows 10', os.arch: 'amd64', os.version: '10.0', java.version: '17.0.7'
Driver info: org.openqa.selenium.chrome.ChromeDriver
Command: [2cf28825ea7a8a419a5b05b8e5d35d84, findElement {using=css selector, value=div[class='slds-spinner slds-spinner_brand slds-spinner_small']>div:nth-child(2)r}]
Capabilities {acceptInsecureCerts: false, browserName: chrome, browserVersion: 124.0.6367.92, chrome: {chromedriverVersion: 124.0.6367.91 (51df0e5e17a8..., userDataDir: C:\Users\PRATHA~1.KUM\AppDa...}, fedcm:accounts: true, goog:chromeOptions: {debuggerAddress: localhost:49451}, networkConnectionEnabled: false, pageLoadStrategy: normal, platformName: WINDOWS, proxy: Proxy(), se:cdp: ws://localhost:49451/devtoo..., se:cdpVersion: 124.0.6367.92, setWindowRect: true, strictFileInteractability: false, timeouts: {implicit: 0, pageLoad: 300000, script: 30000}, unhandledPromptBehavior: dismiss and notify, webauthn:extension:credBlob: true, webauthn:extension:largeBlob: true, webauthn:extension:minPinLength: true, webauthn:extension:prf: true, webauthn:virtualAuthenticators: true}
Session ID: 2cf28825ea7a8a419a5b05b8e5d35d84</small> </font> </div>
<div class="test-event"> <font color="maroon"> <small> &emsp; &emsp;--- 04 May 23:33:52 423 - <b>0</b> - Spinner Load Wait: (Sync) - ICar.support.WaitUtils.waitForSpinner(WaitUtils.java:225)</small> </font> </div>
<div class="test-event"> <font color="maroon"> <small> &emsp; &emsp;--- 04 May 23:34:02 514 - Page URL:: https://www.i-car.com/product/ford-2024-nautilus-new-model-training-overview</small> </font> </div>
<div class="test-event"> <font color="maroon"> <small> &emsp; &emsp;--- 04 May 23:34:02 514 - <b>0</b> - Page Load Wait: (Sync) - ICar.support.Utils.waitForPageLoad(Utils.java:109)</small> </font> </div>
<div class="test-event"> <font color="maroon"> <small> &emsp; &emsp;--- 04 May 23:34:02 533 - Element is displayed:: [[ChromeDriver: chrome on WINDOWS (2cf28825ea7a8a419a5b05b8e5d35d84)] -> xpath: //a[contains(text(),'Back to Courses')]]</small> </font> </div>
<div class="test-event"> <font color="maroon"> <small> &emsp; &emsp;--- 04 May 23:34:09 578 - Catched spinner load exception due to javascript error: {"status":32,"value":"An invalid or illegal selector was specified"}
  (Session info: chrome=124.0.6367.92)
Build info: version: '4.6.0', revision: '79f1c02ae20'
System info: os.name: 'Windows 10', os.arch: 'amd64', os.version: '10.0', java.version: '17.0.7'
Driver info: org.openqa.selenium.chrome.ChromeDriver
Command: [2cf28825ea7a8a419a5b05b8e5d35d84, findElement {using=css selector, value=div[class='slds-spinner slds-spinner_brand slds-spinner_small']>div:nth-child(2)r}]
Capabilities {acceptInsecureCerts: false, browserName: chrome, browserVersion: 124.0.6367.92, chrome: {chromedriverVersion: 124.0.6367.91 (51df0e5e17a8..., userDataDir: C:\Users\PRATHA~1.KUM\AppDa...}, fedcm:accounts: true, goog:chromeOptions: {debuggerAddress: localhost:49451}, networkConnectionEnabled: false, pageLoadStrategy: normal, platformName: WINDOWS, proxy: Proxy(), se:cdp: ws://localhost:49451/devtoo..., se:cdpVersion: 124.0.6367.92, setWindowRect: true, strictFileInteractability: false, timeouts: {implicit: 0, pageLoad: 300000, script: 30000}, unhandledPromptBehavior: dismiss and notify, webauthn:extension:credBlob: true, webauthn:extension:largeBlob: true, webauthn:extension:minPinLength: true, webauthn:extension:prf: true, webauthn:virtualAuthenticators: true}
Session ID: 2cf28825ea7a8a419a5b05b8e5d35d84</small> </font> </div>
<div class="test-event"> <font color="maroon"> <small> &emsp; &emsp;--- 04 May 23:34:09 579 - <b>0</b> - Spinner Load Wait: (Sync) - ICar.support.WaitUtils.waitForSpinner(WaitUtils.java:225)</small> </font> </div>
<div class="test-message">&emsp;Back To Courses is displayed in the page </div>
<div class="test-message">&emsp;Successfully verified Back To Course Link&emsp;<a href=".\ScreenShot\URL_TC001_2719587214346200.png" target="_blank" >[ScreenShot]</a></div>
<div class="test-event"> <font color="maroon"> <small> &emsp; &emsp;--- 04 May 23:34:09 850 - Catched spinner load exception due to javascript error: {"status":32,"value":"An invalid or illegal selector was specified"}
  (Session info: chrome=124.0.6367.92)
Build info: version: '4.6.0', revision: '79f1c02ae20'
System info: os.name: 'Windows 10', os.arch: 'amd64', os.version: '10.0', java.version: '17.0.7'
Driver info: org.openqa.selenium.chrome.ChromeDriver
Command: [2cf28825ea7a8a419a5b05b8e5d35d84, findElement {using=css selector, value=div[class='slds-spinner slds-spinner_brand slds-spinner_small']>div:nth-child(2)r}]
Capabilities {acceptInsecureCerts: false, browserName: chrome, browserVersion: 124.0.6367.92, chrome: {chromedriverVersion: 124.0.6367.91 (51df0e5e17a8..., userDataDir: C:\Users\PRATHA~1.KUM\AppDa...}, fedcm:accounts: true, goog:chromeOptions: {debuggerAddress: localhost:49451}, networkConnectionEnabled: false, pageLoadStrategy: normal, platformName: WINDOWS, proxy: Proxy(), se:cdp: ws://localhost:49451/devtoo..., se:cdpVersion: 124.0.6367.92, setWindowRect: true, strictFileInteractability: false, timeouts: {implicit: 0, pageLoad: 300000, script: 30000}, unhandledPromptBehavior: dismiss and notify, webauthn:extension:credBlob: true, webauthn:extension:largeBlob: true, webauthn:extension:minPinLength: true, webauthn:extension:prf: true, webauthn:virtualAuthenticators: true}
Session ID: 2cf28825ea7a8a419a5b05b8e5d35d84</small> </font> </div>
<div class="test-event"> <font color="maroon"> <small> &emsp; &emsp;--- 04 May 23:34:09 850 - <b>0</b> - Spinner Load Wait: (Sync) - ICar.support.WaitUtils.waitForSpinner(WaitUtils.java:225)</small> </font> </div>
<div class="test-event"> <font color="maroon"> <small> &emsp; &emsp;--- 04 May 23:34:09 911 - Page URL:: https://www.i-car.com/product/ford-2024-nautilus-new-model-training-overview</small> </font> </div>
<div class="test-event"> <font color="maroon"> <small> &emsp; &emsp;--- 04 May 23:34:09 911 - <b>0</b> - Page Load Wait: (Sync) - ICar.support.Utils.waitForPageLoad(Utils.java:109)</small> </font> </div>
<div class="test-event"> <font color="maroon"> <small> &emsp; &emsp;--- 04 May 23:34:19 962 - Element is displayed:: [[ChromeDriver: chrome on WINDOWS (2cf28825ea7a8a419a5b05b8e5d35d84)] -> xpath: //div[@class='productDetails slds-p-bottom_large']//div[contains(@class,'slds-p-bottom_medium')]]</small> </font> </div>
<div class="test-message">&emsp;Course Name : Ford2024NautilusNewModelTrainingOverview is displayed in the URL page</div>
<div class="test-message">&emsp;Successfully verified the course name for relevant link&emsp;<a href=".\ScreenShot\URL_TC001_2719605600537700.png" target="_blank" >[ScreenShot]</a></div>
<div class="test-message">&emsp;
</div>
<div class="test-message">&emsp;68. URL is : https://www.i-car.com/product/damage-discovery-for-adas-sensor-mounting-locations</div>
<div class="test-event"> <font color="maroon"> <small> &emsp; &emsp;--- 04 May 23:34:28 855 - Page URL:: https://www.i-car.com/product/damage-discovery-for-adas-sensor-mounting-locations</small> </font> </div>
<div class="test-event"> <font color="maroon"> <small> &emsp; &emsp;--- 04 May 23:34:28 855 - <b>0</b> - Page Load Wait: (Sync) - ICar.support.Utils.waitForPageLoad(Utils.java:109)</small> </font> </div>
<div class="test-message">&emsp;Successfully navigated to the :  https://www.i-car.com/product/damage-discovery-for-adas-sensor-mounting-locations   Page&emsp;<a href=".\ScreenShot\URL_TC001_2719606467857700.png" target="_blank" >[ScreenShot]</a></div>
<div class="test-event"> <font color="maroon"> <small> &emsp; &emsp;--- 04 May 23:34:29 128 - Page URL:: https://www.i-car.com/product/damage-discovery-for-adas-sensor-mounting-locations</small> </font> </div>
<div class="test-event"> <font color="maroon"> <small> &emsp; &emsp;--- 04 May 23:34:29 128 - <b>0</b> - Page Load Wait: (Sync) - ICar.support.Utils.waitForPageLoad(Utils.java:109)</small> </font> </div>
<div class="test-event"> <font color="maroon"> <small> &emsp; &emsp;--- 04 May 23:34:29 137 - Catched spinner load exception due to javascript error: {"status":32,"value":"An invalid or illegal selector was specified"}
  (Session info: chrome=124.0.6367.92)
Build info: version: '4.6.0', revision: '79f1c02ae20'
System info: os.name: 'Windows 10', os.arch: 'amd64', os.version: '10.0', java.version: '17.0.7'
Driver info: org.openqa.selenium.chrome.ChromeDriver
Command: [2cf28825ea7a8a419a5b05b8e5d35d84, findElement {using=css selector, value=div[class='slds-spinner slds-spinner_brand slds-spinner_small']>div:nth-child(2)r}]
Capabilities {acceptInsecureCerts: false, browserName: chrome, browserVersion: 124.0.6367.92, chrome: {chromedriverVersion: 124.0.6367.91 (51df0e5e17a8..., userDataDir: C:\Users\PRATHA~1.KUM\AppDa...}, fedcm:accounts: true, goog:chromeOptions: {debuggerAddress: localhost:49451}, networkConnectionEnabled: false, pageLoadStrategy: normal, platformName: WINDOWS, proxy: Proxy(), se:cdp: ws://localhost:49451/devtoo..., se:cdpVersion: 124.0.6367.92, setWindowRect: true, strictFileInteractability: false, timeouts: {implicit: 0, pageLoad: 300000, script: 30000}, unhandledPromptBehavior: dismiss and notify, webauthn:extension:credBlob: true, webauthn:extension:largeBlob: true, webauthn:extension:minPinLength: true, webauthn:extension:prf: true, webauthn:virtualAuthenticators: true}
Session ID: 2cf28825ea7a8a419a5b05b8e5d35d84</small> </font> </div>
<div class="test-event"> <font color="maroon"> <small> &emsp; &emsp;--- 04 May 23:34:29 137 - <b>0</b> - Spinner Load Wait: (Sync) - ICar.support.WaitUtils.waitForSpinner(WaitUtils.java:225)</small> </font> </div>
<div class="test-event"> <font color="maroon"> <small> &emsp; &emsp;--- 04 May 23:34:39 220 - Page URL:: https://www.i-car.com/product/damage-discovery-for-adas-sensor-mounting-locations</small> </font> </div>
<div class="test-event"> <font color="maroon"> <small> &emsp; &emsp;--- 04 May 23:34:39 220 - <b>0</b> - Page Load Wait: (Sync) - ICar.support.Utils.waitForPageLoad(Utils.java:109)</small> </font> </div>
<div class="test-event"> <font color="maroon"> <small> &emsp; &emsp;--- 04 May 23:34:39 239 - Element is displayed:: [[ChromeDriver: chrome on WINDOWS (2cf28825ea7a8a419a5b05b8e5d35d84)] -> xpath: //a[contains(text(),'Back to Courses')]]</small> </font> </div>
<div class="test-event"> <font color="maroon"> <small> &emsp; &emsp;--- 04 May 23:34:46 289 - Catched spinner load exception due to javascript error: {"status":32,"value":"An invalid or illegal selector was specified"}
  (Session info: chrome=124.0.6367.92)
Build info: version: '4.6.0', revision: '79f1c02ae20'
System info: os.name: 'Windows 10', os.arch: 'amd64', os.version: '10.0', java.version: '17.0.7'
Driver info: org.openqa.selenium.chrome.ChromeDriver
Command: [2cf28825ea7a8a419a5b05b8e5d35d84, findElement {using=css selector, value=div[class='slds-spinner slds-spinner_brand slds-spinner_small']>div:nth-child(2)r}]
Capabilities {acceptInsecureCerts: false, browserName: chrome, browserVersion: 124.0.6367.92, chrome: {chromedriverVersion: 124.0.6367.91 (51df0e5e17a8..., userDataDir: C:\Users\PRATHA~1.KUM\AppDa...}, fedcm:accounts: true, goog:chromeOptions: {debuggerAddress: localhost:49451}, networkConnectionEnabled: false, pageLoadStrategy: normal, platformName: WINDOWS, proxy: Proxy(), se:cdp: ws://localhost:49451/devtoo..., se:cdpVersion: 124.0.6367.92, setWindowRect: true, strictFileInteractability: false, timeouts: {implicit: 0, pageLoad: 300000, script: 30000}, unhandledPromptBehavior: dismiss and notify, webauthn:extension:credBlob: true, webauthn:extension:largeBlob: true, webauthn:extension:minPinLength: true, webauthn:extension:prf: true, webauthn:virtualAuthenticators: true}
Session ID: 2cf28825ea7a8a419a5b05b8e5d35d84</small> </font> </div>
<div class="test-event"> <font color="maroon"> <small> &emsp; &emsp;--- 04 May 23:34:46 290 - <b>0</b> - Spinner Load Wait: (Sync) - ICar.support.WaitUtils.waitForSpinner(WaitUtils.java:225)</small> </font> </div>
<div class="test-message">&emsp;Back To Courses is displayed in the page </div>
<div class="test-message">&emsp;Successfully verified Back To Course Link&emsp;<a href=".\ScreenShot\URL_TC001_2719623916690600.png" target="_blank" >[ScreenShot]</a></div>
<div class="test-event"> <font color="maroon"> <small> &emsp; &emsp;--- 04 May 23:34:46 557 - Catched spinner load exception due to javascript error: {"status":32,"value":"An invalid or illegal selector was specified"}
  (Session info: chrome=124.0.6367.92)
Build info: version: '4.6.0', revision: '79f1c02ae20'
System info: os.name: 'Windows 10', os.arch: 'amd64', os.version: '10.0', java.version: '17.0.7'
Driver info: org.openqa.selenium.chrome.ChromeDriver
Command: [2cf28825ea7a8a419a5b05b8e5d35d84, findElement {using=css selector, value=div[class='slds-spinner slds-spinner_brand slds-spinner_small']>div:nth-child(2)r}]
Capabilities {acceptInsecureCerts: false, browserName: chrome, browserVersion: 124.0.6367.92, chrome: {chromedriverVersion: 124.0.6367.91 (51df0e5e17a8..., userDataDir: C:\Users\PRATHA~1.KUM\AppDa...}, fedcm:accounts: true, goog:chromeOptions: {debuggerAddress: localhost:49451}, networkConnectionEnabled: false, pageLoadStrategy: normal, platformName: WINDOWS, proxy: Proxy(), se:cdp: ws://localhost:49451/devtoo..., se:cdpVersion: 124.0.6367.92, setWindowRect: true, strictFileInteractability: false, timeouts: {implicit: 0, pageLoad: 300000, script: 30000}, unhandledPromptBehavior: dismiss and notify, webauthn:extension:credBlob: true, webauthn:extension:largeBlob: true, webauthn:extension:minPinLength: true, webauthn:extension:prf: true, webauthn:virtualAuthenticators: true}
Session ID: 2cf28825ea7a8a419a5b05b8e5d35d84</small> </font> </div>
<div class="test-event"> <font color="maroon"> <small> &emsp; &emsp;--- 04 May 23:34:46 557 - <b>0</b> - Spinner Load Wait: (Sync) - ICar.support.WaitUtils.waitForSpinner(WaitUtils.java:225)</small> </font> </div>
<div class="test-event"> <font color="maroon"> <small> &emsp; &emsp;--- 04 May 23:34:46 617 - Page URL:: https://www.i-car.com/product/damage-discovery-for-adas-sensor-mounting-locations</small> </font> </div>
<div class="test-event"> <font color="maroon"> <small> &emsp; &emsp;--- 04 May 23:34:46 617 - <b>0</b> - Page Load Wait: (Sync) - ICar.support.Utils.waitForPageLoad(Utils.java:109)</small> </font> </div>
<div class="test-event"> <font color="maroon"> <small> &emsp; &emsp;--- 04 May 23:34:56 685 - Element is displayed:: [[ChromeDriver: chrome on WINDOWS (2cf28825ea7a8a419a5b05b8e5d35d84)] -> xpath: //div[@class='productDetails slds-p-bottom_large']//div[contains(@class,'slds-p-bottom_medium')]]</small> </font> </div>
<div class="test-message">&emsp;Course Name : DamageDiscoveryforADASSensorMountingLocations is displayed in the URL page</div>
<div class="test-message">&emsp;Successfully verified the course name for relevant link&emsp;<a href=".\ScreenShot\URL_TC001_2719642320697900.png" target="_blank" >[ScreenShot]</a></div>
<div class="test-message">&emsp;
</div>
<div class="test-message">&emsp;69. URL is : https://www.i-car.com/product/gaining-access-for-repairs</div>
<div class="test-event"> <font color="maroon"> <small> &emsp; &emsp;--- 04 May 23:35:05 681 - Page URL:: https://www.i-car.com/product/gaining-access-for-repairs</small> </font> </div>
<div class="test-event"> <font color="maroon"> <small> &emsp; &emsp;--- 04 May 23:35:05 682 - <b>0</b> - Page Load Wait: (Sync) - ICar.support.Utils.waitForPageLoad(Utils.java:109)</small> </font> </div>
<div class="test-message">&emsp;Successfully navigated to the :  https://www.i-car.com/product/gaining-access-for-repairs   Page&emsp;<a href=".\ScreenShot\URL_TC001_2719643294515400.png" target="_blank" >[ScreenShot]</a></div>
<div class="test-event"> <font color="maroon"> <small> &emsp; &emsp;--- 04 May 23:35:05 962 - Page URL:: https://www.i-car.com/product/gaining-access-for-repairs</small> </font> </div>
<div class="test-event"> <font color="maroon"> <small> &emsp; &emsp;--- 04 May 23:35:05 962 - <b>0</b> - Page Load Wait: (Sync) - ICar.support.Utils.waitForPageLoad(Utils.java:109)</small> </font> </div>
<div class="test-event"> <font color="maroon"> <small> &emsp; &emsp;--- 04 May 23:35:05 969 - Catched spinner load exception due to javascript error: {"status":32,"value":"An invalid or illegal selector was specified"}
  (Session info: chrome=124.0.6367.92)
Build info: version: '4.6.0', revision: '79f1c02ae20'
System info: os.name: 'Windows 10', os.arch: 'amd64', os.version: '10.0', java.version: '17.0.7'
Driver info: org.openqa.selenium.chrome.ChromeDriver
Command: [2cf28825ea7a8a419a5b05b8e5d35d84, findElement {using=css selector, value=div[class='slds-spinner slds-spinner_brand slds-spinner_small']>div:nth-child(2)r}]
Capabilities {acceptInsecureCerts: false, browserName: chrome, browserVersion: 124.0.6367.92, chrome: {chromedriverVersion: 124.0.6367.91 (51df0e5e17a8..., userDataDir: C:\Users\PRATHA~1.KUM\AppDa...}, fedcm:accounts: true, goog:chromeOptions: {debuggerAddress: localhost:49451}, networkConnectionEnabled: false, pageLoadStrategy: normal, platformName: WINDOWS, proxy: Proxy(), se:cdp: ws://localhost:49451/devtoo..., se:cdpVersion: 124.0.6367.92, setWindowRect: true, strictFileInteractability: false, timeouts: {implicit: 0, pageLoad: 300000, script: 30000}, unhandledPromptBehavior: dismiss and notify, webauthn:extension:credBlob: true, webauthn:extension:largeBlob: true, webauthn:extension:minPinLength: true, webauthn:extension:prf: true, webauthn:virtualAuthenticators: true}
Session ID: 2cf28825ea7a8a419a5b05b8e5d35d84</small> </font> </div>
<div class="test-event"> <font color="maroon"> <small> &emsp; &emsp;--- 04 May 23:35:05 969 - <b>0</b> - Spinner Load Wait: (Sync) - ICar.support.WaitUtils.waitForSpinner(WaitUtils.java:225)</small> </font> </div>
<div class="test-event"> <font color="maroon"> <small> &emsp; &emsp;--- 04 May 23:35:16 091 - Page URL:: https://www.i-car.com/product/gaining-access-for-repairs</small> </font> </div>
<div class="test-event"> <font color="maroon"> <small> &emsp; &emsp;--- 04 May 23:35:16 091 - <b>0</b> - Page Load Wait: (Sync) - ICar.support.Utils.waitForPageLoad(Utils.java:109)</small> </font> </div>
<div class="test-event"> <font color="maroon"> <small> &emsp; &emsp;--- 04 May 23:35:16 110 - Element is displayed:: [[ChromeDriver: chrome on WINDOWS (2cf28825ea7a8a419a5b05b8e5d35d84)] -> xpath: //a[contains(text(),'Back to Courses')]]</small> </font> </div>
<div class="test-event"> <font color="maroon"> <small> &emsp; &emsp;--- 04 May 23:35:23 158 - Catched spinner load exception due to javascript error: {"status":32,"value":"An invalid or illegal selector was specified"}
  (Session info: chrome=124.0.6367.92)
Build info: version: '4.6.0', revision: '79f1c02ae20'
System info: os.name: 'Windows 10', os.arch: 'amd64', os.version: '10.0', java.version: '17.0.7'
Driver info: org.openqa.selenium.chrome.ChromeDriver
Command: [2cf28825ea7a8a419a5b05b8e5d35d84, findElement {using=css selector, value=div[class='slds-spinner slds-spinner_brand slds-spinner_small']>div:nth-child(2)r}]
Capabilities {acceptInsecureCerts: false, browserName: chrome, browserVersion: 124.0.6367.92, chrome: {chromedriverVersion: 124.0.6367.91 (51df0e5e17a8..., userDataDir: C:\Users\PRATHA~1.KUM\AppDa...}, fedcm:accounts: true, goog:chromeOptions: {debuggerAddress: localhost:49451}, networkConnectionEnabled: false, pageLoadStrategy: normal, platformName: WINDOWS, proxy: Proxy(), se:cdp: ws://localhost:49451/devtoo..., se:cdpVersion: 124.0.6367.92, setWindowRect: true, strictFileInteractability: false, timeouts: {implicit: 0, pageLoad: 300000, script: 30000}, unhandledPromptBehavior: dismiss and notify, webauthn:extension:credBlob: true, webauthn:extension:largeBlob: true, webauthn:extension:minPinLength: true, webauthn:extension:prf: true, webauthn:virtualAuthenticators: true}
Session ID: 2cf28825ea7a8a419a5b05b8e5d35d84</small> </font> </div>
<div class="test-event"> <font color="maroon"> <small> &emsp; &emsp;--- 04 May 23:35:23 158 - <b>0</b> - Spinner Load Wait: (Sync) - ICar.support.WaitUtils.waitForSpinner(WaitUtils.java:225)</small> </font> </div>
<div class="test-message">&emsp;Back To Courses is displayed in the page </div>
<div class="test-message">&emsp;Successfully verified Back To Course Link&emsp;<a href=".\ScreenShot\URL_TC001_2719660793584400.png" target="_blank" >[ScreenShot]</a></div>
<div class="test-event"> <font color="maroon"> <small> &emsp; &emsp;--- 04 May 23:35:23 442 - Catched spinner load exception due to javascript error: {"status":32,"value":"An invalid or illegal selector was specified"}
  (Session info: chrome=124.0.6367.92)
Build info: version: '4.6.0', revision: '79f1c02ae20'
System info: os.name: 'Windows 10', os.arch: 'amd64', os.version: '10.0', java.version: '17.0.7'
Driver info: org.openqa.selenium.chrome.ChromeDriver
Command: [2cf28825ea7a8a419a5b05b8e5d35d84, findElement {using=css selector, value=div[class='slds-spinner slds-spinner_brand slds-spinner_small']>div:nth-child(2)r}]
Capabilities {acceptInsecureCerts: false, browserName: chrome, browserVersion: 124.0.6367.92, chrome: {chromedriverVersion: 124.0.6367.91 (51df0e5e17a8..., userDataDir: C:\Users\PRATHA~1.KUM\AppDa...}, fedcm:accounts: true, goog:chromeOptions: {debuggerAddress: localhost:49451}, networkConnectionEnabled: false, pageLoadStrategy: normal, platformName: WINDOWS, proxy: Proxy(), se:cdp: ws://localhost:49451/devtoo..., se:cdpVersion: 124.0.6367.92, setWindowRect: true, strictFileInteractability: false, timeouts: {implicit: 0, pageLoad: 300000, script: 30000}, unhandledPromptBehavior: dismiss and notify, webauthn:extension:credBlob: true, webauthn:extension:largeBlob: true, webauthn:extension:minPinLength: true, webauthn:extension:prf: true, webauthn:virtualAuthenticators: true}
Session ID: 2cf28825ea7a8a419a5b05b8e5d35d84</small> </font> </div>
<div class="test-event"> <font color="maroon"> <small> &emsp; &emsp;--- 04 May 23:35:23 442 - <b>0</b> - Spinner Load Wait: (Sync) - ICar.support.WaitUtils.waitForSpinner(WaitUtils.java:225)</small> </font> </div>
<div class="test-event"> <font color="maroon"> <small> &emsp; &emsp;--- 04 May 23:35:23 516 - Page URL:: https://www.i-car.com/product/gaining-access-for-repairs</small> </font> </div>
<div class="test-event"> <font color="maroon"> <small> &emsp; &emsp;--- 04 May 23:35:23 516 - <b>0</b> - Page Load Wait: (Sync) - ICar.support.Utils.waitForPageLoad(Utils.java:109)</small> </font> </div>
<div class="test-event"> <font color="maroon"> <small> &emsp; &emsp;--- 04 May 23:35:33 575 - Element is displayed:: [[ChromeDriver: chrome on WINDOWS (2cf28825ea7a8a419a5b05b8e5d35d84)] -> xpath: //div[@class='productDetails slds-p-bottom_large']//div[contains(@class,'slds-p-bottom_medium')]]</small> </font> </div>
<div class="test-message">&emsp;Course Name : GainingAccessforRepairs is displayed in the URL page</div>
<div class="test-message">&emsp;Successfully verified the course name for relevant link&emsp;<a href=".\ScreenShot\URL_TC001_2719679208173400.png" target="_blank" >[ScreenShot]</a></div>
<div class="test-message">&emsp;
</div>
<div class="test-message">&emsp;70. URL is : https://www.i-car.com/product/restraint-systems-operation</div>
<div class="test-event"> <font color="maroon"> <small> &emsp; &emsp;--- 04 May 23:35:43 244 - Page URL:: https://www.i-car.com/product/restraint-systems-operation</small> </font> </div>
<div class="test-event"> <font color="maroon"> <small> &emsp; &emsp;--- 04 May 23:35:43 244 - <b>0</b> - Page Load Wait: (Sync) - ICar.support.Utils.waitForPageLoad(Utils.java:109)</small> </font> </div>
<div class="test-message">&emsp;Successfully navigated to the :  https://www.i-car.com/product/restraint-systems-operation   Page&emsp;<a href=".\ScreenShot\URL_TC001_2719680856673600.png" target="_blank" >[ScreenShot]</a></div>
<div class="test-event"> <font color="maroon"> <small> &emsp; &emsp;--- 04 May 23:35:43 539 - Page URL:: https://www.i-car.com/product/restraint-systems-operation</small> </font> </div>
<div class="test-event"> <font color="maroon"> <small> &emsp; &emsp;--- 04 May 23:35:43 539 - <b>0</b> - Page Load Wait: (Sync) - ICar.support.Utils.waitForPageLoad(Utils.java:109)</small> </font> </div>
<div class="test-event"> <font color="maroon"> <small> &emsp; &emsp;--- 04 May 23:35:43 547 - Catched spinner load exception due to javascript error: {"status":32,"value":"An invalid or illegal selector was specified"}
  (Session info: chrome=124.0.6367.92)
Build info: version: '4.6.0', revision: '79f1c02ae20'
System info: os.name: 'Windows 10', os.arch: 'amd64', os.version: '10.0', java.version: '17.0.7'
Driver info: org.openqa.selenium.chrome.ChromeDriver
Command: [2cf28825ea7a8a419a5b05b8e5d35d84, findElement {using=css selector, value=div[class='slds-spinner slds-spinner_brand slds-spinner_small']>div:nth-child(2)r}]
Capabilities {acceptInsecureCerts: false, browserName: chrome, browserVersion: 124.0.6367.92, chrome: {chromedriverVersion: 124.0.6367.91 (51df0e5e17a8..., userDataDir: C:\Users\PRATHA~1.KUM\AppDa...}, fedcm:accounts: true, goog:chromeOptions: {debuggerAddress: localhost:49451}, networkConnectionEnabled: false, pageLoadStrategy: normal, platformName: WINDOWS, proxy: Proxy(), se:cdp: ws://localhost:49451/devtoo..., se:cdpVersion: 124.0.6367.92, setWindowRect: true, strictFileInteractability: false, timeouts: {implicit: 0, pageLoad: 300000, script: 30000}, unhandledPromptBehavior: dismiss and notify, webauthn:extension:credBlob: true, webauthn:extension:largeBlob: true, webauthn:extension:minPinLength: true, webauthn:extension:prf: true, webauthn:virtualAuthenticators: true}
Session ID: 2cf28825ea7a8a419a5b05b8e5d35d84</small> </font> </div>
<div class="test-event"> <font color="maroon"> <small> &emsp; &emsp;--- 04 May 23:35:43 547 - <b>0</b> - Spinner Load Wait: (Sync) - ICar.support.WaitUtils.waitForSpinner(WaitUtils.java:225)</small> </font> </div>
<div class="test-event"> <font color="maroon"> <small> &emsp; &emsp;--- 04 May 23:35:53 620 - Page URL:: https://www.i-car.com/product/restraint-systems-operation</small> </font> </div>
<div class="test-event"> <font color="maroon"> <small> &emsp; &emsp;--- 04 May 23:35:53 620 - <b>0</b> - Page Load Wait: (Sync) - ICar.support.Utils.waitForPageLoad(Utils.java:109)</small> </font> </div>
<div class="test-event"> <font color="maroon"> <small> &emsp; &emsp;--- 04 May 23:35:53 638 - Element is displayed:: [[ChromeDriver: chrome on WINDOWS (2cf28825ea7a8a419a5b05b8e5d35d84)] -> xpath: //a[contains(text(),'Back to Courses')]]</small> </font> </div>
<div class="test-event"> <font color="maroon"> <small> &emsp; &emsp;--- 04 May 23:36:00 672 - Catched spinner load exception due to javascript error: {"status":32,"value":"An invalid or illegal selector was specified"}
  (Session info: chrome=124.0.6367.92)
Build info: version: '4.6.0', revision: '79f1c02ae20'
System info: os.name: 'Windows 10', os.arch: 'amd64', os.version: '10.0', java.version: '17.0.7'
Driver info: org.openqa.selenium.chrome.ChromeDriver
Command: [2cf28825ea7a8a419a5b05b8e5d35d84, findElement {using=css selector, value=div[class='slds-spinner slds-spinner_brand slds-spinner_small']>div:nth-child(2)r}]
Capabilities {acceptInsecureCerts: false, browserName: chrome, browserVersion: 124.0.6367.92, chrome: {chromedriverVersion: 124.0.6367.91 (51df0e5e17a8..., userDataDir: C:\Users\PRATHA~1.KUM\AppDa...}, fedcm:accounts: true, goog:chromeOptions: {debuggerAddress: localhost:49451}, networkConnectionEnabled: false, pageLoadStrategy: normal, platformName: WINDOWS, proxy: Proxy(), se:cdp: ws://localhost:49451/devtoo..., se:cdpVersion: 124.0.6367.92, setWindowRect: true, strictFileInteractability: false, timeouts: {implicit: 0, pageLoad: 300000, script: 30000}, unhandledPromptBehavior: dismiss and notify, webauthn:extension:credBlob: true, webauthn:extension:largeBlob: true, webauthn:extension:minPinLength: true, webauthn:extension:prf: true, webauthn:virtualAuthenticators: true}
Session ID: 2cf28825ea7a8a419a5b05b8e5d35d84</small> </font> </div>
<div class="test-event"> <font color="maroon"> <small> &emsp; &emsp;--- 04 May 23:36:00 672 - <b>0</b> - Spinner Load Wait: (Sync) - ICar.support.WaitUtils.waitForSpinner(WaitUtils.java:225)</small> </font> </div>
<div class="test-message">&emsp;Back To Courses is displayed in the page </div>
<div class="test-message">&emsp;Successfully verified Back To Course Link&emsp;<a href=".\ScreenShot\URL_TC001_2719698296431000.png" target="_blank" >[ScreenShot]</a></div>
<div class="test-event"> <font color="maroon"> <small> &emsp; &emsp;--- 04 May 23:36:00 949 - Catched spinner load exception due to javascript error: {"status":32,"value":"An invalid or illegal selector was specified"}
  (Session info: chrome=124.0.6367.92)
Build info: version: '4.6.0', revision: '79f1c02ae20'
System info: os.name: 'Windows 10', os.arch: 'amd64', os.version: '10.0', java.version: '17.0.7'
Driver info: org.openqa.selenium.chrome.ChromeDriver
Command: [2cf28825ea7a8a419a5b05b8e5d35d84, findElement {using=css selector, value=div[class='slds-spinner slds-spinner_brand slds-spinner_small']>div:nth-child(2)r}]
Capabilities {acceptInsecureCerts: false, browserName: chrome, browserVersion: 124.0.6367.92, chrome: {chromedriverVersion: 124.0.6367.91 (51df0e5e17a8..., userDataDir: C:\Users\PRATHA~1.KUM\AppDa...}, fedcm:accounts: true, goog:chromeOptions: {debuggerAddress: localhost:49451}, networkConnectionEnabled: false, pageLoadStrategy: normal, platformName: WINDOWS, proxy: Proxy(), se:cdp: ws://localhost:49451/devtoo..., se:cdpVersion: 124.0.6367.92, setWindowRect: true, strictFileInteractability: false, timeouts: {implicit: 0, pageLoad: 300000, script: 30000}, unhandledPromptBehavior: dismiss and notify, webauthn:extension:credBlob: true, webauthn:extension:largeBlob: true, webauthn:extension:minPinLength: true, webauthn:extension:prf: true, webauthn:virtualAuthenticators: true}
Session ID: 2cf28825ea7a8a419a5b05b8e5d35d84</small> </font> </div>
<div class="test-event"> <font color="maroon"> <small> &emsp; &emsp;--- 04 May 23:36:00 949 - <b>0</b> - Spinner Load Wait: (Sync) - ICar.support.WaitUtils.waitForSpinner(WaitUtils.java:225)</small> </font> </div>
<div class="test-event"> <font color="maroon"> <small> &emsp; &emsp;--- 04 May 23:36:01 006 - Page URL:: https://www.i-car.com/product/restraint-systems-operation</small> </font> </div>
<div class="test-event"> <font color="maroon"> <small> &emsp; &emsp;--- 04 May 23:36:01 006 - <b>0</b> - Page Load Wait: (Sync) - ICar.support.Utils.waitForPageLoad(Utils.java:109)</small> </font> </div>
<div class="test-event"> <font color="maroon"> <small> &emsp; &emsp;--- 04 May 23:36:11 099 - Element is displayed:: [[ChromeDriver: chrome on WINDOWS (2cf28825ea7a8a419a5b05b8e5d35d84)] -> xpath: //div[@class='productDetails slds-p-bottom_large']//div[contains(@class,'slds-p-bottom_medium')]]</small> </font> </div>
<div class="test-message">&emsp;Course Name : RestraintSystemsOperation is displayed in the URL page</div>
<div class="test-message">&emsp;Successfully verified the course name for relevant link&emsp;<a href=".\ScreenShot\URL_TC001_2719716739681100.png" target="_blank" >[ScreenShot]</a></div>
<div class="test-message">&emsp;
</div>
<div class="test-message">&emsp;71. URL is : https://www.i-car.com/product/damage-analysis-of-restraint-systems</div>
<div class="test-event"> <font color="maroon"> <small> &emsp; &emsp;--- 04 May 23:36:20 801 - Page URL:: https://www.i-car.com/product/damage-analysis-of-restraint-systems</small> </font> </div>
<div class="test-event"> <font color="maroon"> <small> &emsp; &emsp;--- 04 May 23:36:20 802 - <b>0</b> - Page Load Wait: (Sync) - ICar.support.Utils.waitForPageLoad(Utils.java:109)</small> </font> </div>
<div class="test-message">&emsp;Successfully navigated to the :  https://www.i-car.com/product/damage-analysis-of-restraint-systems   Page&emsp;<a href=".\ScreenShot\URL_TC001_2719718415137100.png" target="_blank" >[ScreenShot]</a></div>
<div class="test-event"> <font color="maroon"> <small> &emsp; &emsp;--- 04 May 23:36:21 083 - Page URL:: https://www.i-car.com/product/damage-analysis-of-restraint-systems</small> </font> </div>
<div class="test-event"> <font color="maroon"> <small> &emsp; &emsp;--- 04 May 23:36:21 083 - <b>0</b> - Page Load Wait: (Sync) - ICar.support.Utils.waitForPageLoad(Utils.java:109)</small> </font> </div>
<div class="test-event"> <font color="maroon"> <small> &emsp; &emsp;--- 04 May 23:36:21 093 - Catched spinner load exception due to javascript error: {"status":32,"value":"An invalid or illegal selector was specified"}
  (Session info: chrome=124.0.6367.92)
Build info: version: '4.6.0', revision: '79f1c02ae20'
System info: os.name: 'Windows 10', os.arch: 'amd64', os.version: '10.0', java.version: '17.0.7'
Driver info: org.openqa.selenium.chrome.ChromeDriver
Command: [2cf28825ea7a8a419a5b05b8e5d35d84, findElement {using=css selector, value=div[class='slds-spinner slds-spinner_brand slds-spinner_small']>div:nth-child(2)r}]
Capabilities {acceptInsecureCerts: false, browserName: chrome, browserVersion: 124.0.6367.92, chrome: {chromedriverVersion: 124.0.6367.91 (51df0e5e17a8..., userDataDir: C:\Users\PRATHA~1.KUM\AppDa...}, fedcm:accounts: true, goog:chromeOptions: {debuggerAddress: localhost:49451}, networkConnectionEnabled: false, pageLoadStrategy: normal, platformName: WINDOWS, proxy: Proxy(), se:cdp: ws://localhost:49451/devtoo..., se:cdpVersion: 124.0.6367.92, setWindowRect: true, strictFileInteractability: false, timeouts: {implicit: 0, pageLoad: 300000, script: 30000}, unhandledPromptBehavior: dismiss and notify, webauthn:extension:credBlob: true, webauthn:extension:largeBlob: true, webauthn:extension:minPinLength: true, webauthn:extension:prf: true, webauthn:virtualAuthenticators: true}
Session ID: 2cf28825ea7a8a419a5b05b8e5d35d84</small> </font> </div>
<div class="test-event"> <font color="maroon"> <small> &emsp; &emsp;--- 04 May 23:36:21 093 - <b>0</b> - Spinner Load Wait: (Sync) - ICar.support.WaitUtils.waitForSpinner(WaitUtils.java:225)</small> </font> </div>
<div class="test-event"> <font color="maroon"> <small> &emsp; &emsp;--- 04 May 23:36:31 170 - Page URL:: https://www.i-car.com/product/damage-analysis-of-restraint-systems</small> </font> </div>
<div class="test-event"> <font color="maroon"> <small> &emsp; &emsp;--- 04 May 23:36:31 170 - <b>0</b> - Page Load Wait: (Sync) - ICar.support.Utils.waitForPageLoad(Utils.java:109)</small> </font> </div>
<div class="test-event"> <font color="maroon"> <small> &emsp; &emsp;--- 04 May 23:36:31 186 - Element is displayed:: [[ChromeDriver: chrome on WINDOWS (2cf28825ea7a8a419a5b05b8e5d35d84)] -> xpath: //a[contains(text(),'Back to Courses')]]</small> </font> </div>
<div class="test-event"> <font color="maroon"> <small> &emsp; &emsp;--- 04 May 23:36:38 215 - Catched spinner load exception due to javascript error: {"status":32,"value":"An invalid or illegal selector was specified"}
  (Session info: chrome=124.0.6367.92)
Build info: version: '4.6.0', revision: '79f1c02ae20'
System info: os.name: 'Windows 10', os.arch: 'amd64', os.version: '10.0', java.version: '17.0.7'
Driver info: org.openqa.selenium.chrome.ChromeDriver
Command: [2cf28825ea7a8a419a5b05b8e5d35d84, findElement {using=css selector, value=div[class='slds-spinner slds-spinner_brand slds-spinner_small']>div:nth-child(2)r}]
Capabilities {acceptInsecureCerts: false, browserName: chrome, browserVersion: 124.0.6367.92, chrome: {chromedriverVersion: 124.0.6367.91 (51df0e5e17a8..., userDataDir: C:\Users\PRATHA~1.KUM\AppDa...}, fedcm:accounts: true, goog:chromeOptions: {debuggerAddress: localhost:49451}, networkConnectionEnabled: false, pageLoadStrategy: normal, platformName: WINDOWS, proxy: Proxy(), se:cdp: ws://localhost:49451/devtoo..., se:cdpVersion: 124.0.6367.92, setWindowRect: true, strictFileInteractability: false, timeouts: {implicit: 0, pageLoad: 300000, script: 30000}, unhandledPromptBehavior: dismiss and notify, webauthn:extension:credBlob: true, webauthn:extension:largeBlob: true, webauthn:extension:minPinLength: true, webauthn:extension:prf: true, webauthn:virtualAuthenticators: true}
Session ID: 2cf28825ea7a8a419a5b05b8e5d35d84</small> </font> </div>
<div class="test-event"> <font color="maroon"> <small> &emsp; &emsp;--- 04 May 23:36:38 215 - <b>0</b> - Spinner Load Wait: (Sync) - ICar.support.WaitUtils.waitForSpinner(WaitUtils.java:225)</small> </font> </div>
<div class="test-message">&emsp;Back To Courses is displayed in the page </div>
<div class="test-message">&emsp;Successfully verified Back To Course Link&emsp;<a href=".\ScreenShot\URL_TC001_2719735838990900.png" target="_blank" >[ScreenShot]</a></div>
<div class="test-event"> <font color="maroon"> <small> &emsp; &emsp;--- 04 May 23:36:38 441 - Catched spinner load exception due to javascript error: {"status":32,"value":"An invalid or illegal selector was specified"}
  (Session info: chrome=124.0.6367.92)
Build info: version: '4.6.0', revision: '79f1c02ae20'
System info: os.name: 'Windows 10', os.arch: 'amd64', os.version: '10.0', java.version: '17.0.7'
Driver info: org.openqa.selenium.chrome.ChromeDriver
Command: [2cf28825ea7a8a419a5b05b8e5d35d84, findElement {using=css selector, value=div[class='slds-spinner slds-spinner_brand slds-spinner_small']>div:nth-child(2)r}]
Capabilities {acceptInsecureCerts: false, browserName: chrome, browserVersion: 124.0.6367.92, chrome: {chromedriverVersion: 124.0.6367.91 (51df0e5e17a8..., userDataDir: C:\Users\PRATHA~1.KUM\AppDa...}, fedcm:accounts: true, goog:chromeOptions: {debuggerAddress: localhost:49451}, networkConnectionEnabled: false, pageLoadStrategy: normal, platformName: WINDOWS, proxy: Proxy(), se:cdp: ws://localhost:49451/devtoo..., se:cdpVersion: 124.0.6367.92, setWindowRect: true, strictFileInteractability: false, timeouts: {implicit: 0, pageLoad: 300000, script: 30000}, unhandledPromptBehavior: dismiss and notify, webauthn:extension:credBlob: true, webauthn:extension:largeBlob: true, webauthn:extension:minPinLength: true, webauthn:extension:prf: true, webauthn:virtualAuthenticators: true}
Session ID: 2cf28825ea7a8a419a5b05b8e5d35d84</small> </font> </div>
<div class="test-event"> <font color="maroon"> <small> &emsp; &emsp;--- 04 May 23:36:38 441 - <b>0</b> - Spinner Load Wait: (Sync) - ICar.support.WaitUtils.waitForSpinner(WaitUtils.java:225)</small> </font> </div>
<div class="test-event"> <font color="maroon"> <small> &emsp; &emsp;--- 04 May 23:36:38 501 - Page URL:: https://www.i-car.com/product/damage-analysis-of-restraint-systems</small> </font> </div>
<div class="test-event"> <font color="maroon"> <small> &emsp; &emsp;--- 04 May 23:36:38 502 - <b>0</b> - Page Load Wait: (Sync) - ICar.support.Utils.waitForPageLoad(Utils.java:109)</small> </font> </div>
<div class="test-event"> <font color="maroon"> <small> &emsp; &emsp;--- 04 May 23:36:48 559 - Element is displayed:: [[ChromeDriver: chrome on WINDOWS (2cf28825ea7a8a419a5b05b8e5d35d84)] -> xpath: //div[@class='productDetails slds-p-bottom_large']//div[contains(@class,'slds-p-bottom_medium')]]</small> </font> </div>
<div class="test-message">&emsp;Course Name : DamageAnalysisofRestraintSystems is displayed in the URL page</div>
<div class="test-message">&emsp;Successfully verified the course name for relevant link&emsp;<a href=".\ScreenShot\URL_TC001_2719754198321800.png" target="_blank" >[ScreenShot]</a></div>
<div class="test-message">&emsp;
</div>
<div class="test-message">&emsp;72. URL is : https://www.i-car.com/product/caroliner-cmi300-pulsetrio-gma-welder-operation-and-tuning</div>
<div class="test-event"> <font color="maroon"> <small> &emsp; &emsp;--- 04 May 23:36:57 626 - Page URL:: https://www.i-car.com/product/caroliner-cmi300-pulsetrio-gma-welder-operation-and-tuning</small> </font> </div>
<div class="test-event"> <font color="maroon"> <small> &emsp; &emsp;--- 04 May 23:36:57 626 - <b>0</b> - Page Load Wait: (Sync) - ICar.support.Utils.waitForPageLoad(Utils.java:109)</small> </font> </div>
<div class="test-message">&emsp;Successfully navigated to the :  https://www.i-car.com/product/caroliner-cmi300-pulsetrio-gma-welder-operation-and-tuning   Page&emsp;<a href=".\ScreenShot\URL_TC001_2719755240081400.png" target="_blank" >[ScreenShot]</a></div>
<div class="test-event"> <font color="maroon"> <small> &emsp; &emsp;--- 04 May 23:36:57 914 - Page URL:: https://www.i-car.com/product/caroliner-cmi300-pulsetrio-gma-welder-operation-and-tuning</small> </font> </div>
<div class="test-event"> <font color="maroon"> <small> &emsp; &emsp;--- 04 May 23:36:57 914 - <b>0</b> - Page Load Wait: (Sync) - ICar.support.Utils.waitForPageLoad(Utils.java:109)</small> </font> </div>
<div class="test-event"> <font color="maroon"> <small> &emsp; &emsp;--- 04 May 23:36:57 923 - Catched spinner load exception due to javascript error: {"status":32,"value":"An invalid or illegal selector was specified"}
  (Session info: chrome=124.0.6367.92)
Build info: version: '4.6.0', revision: '79f1c02ae20'
System info: os.name: 'Windows 10', os.arch: 'amd64', os.version: '10.0', java.version: '17.0.7'
Driver info: org.openqa.selenium.chrome.ChromeDriver
Command: [2cf28825ea7a8a419a5b05b8e5d35d84, findElement {using=css selector, value=div[class='slds-spinner slds-spinner_brand slds-spinner_small']>div:nth-child(2)r}]
Capabilities {acceptInsecureCerts: false, browserName: chrome, browserVersion: 124.0.6367.92, chrome: {chromedriverVersion: 124.0.6367.91 (51df0e5e17a8..., userDataDir: C:\Users\PRATHA~1.KUM\AppDa...}, fedcm:accounts: true, goog:chromeOptions: {debuggerAddress: localhost:49451}, networkConnectionEnabled: false, pageLoadStrategy: normal, platformName: WINDOWS, proxy: Proxy(), se:cdp: ws://localhost:49451/devtoo..., se:cdpVersion: 124.0.6367.92, setWindowRect: true, strictFileInteractability: false, timeouts: {implicit: 0, pageLoad: 300000, script: 30000}, unhandledPromptBehavior: dismiss and notify, webauthn:extension:credBlob: true, webauthn:extension:largeBlob: true, webauthn:extension:minPinLength: true, webauthn:extension:prf: true, webauthn:virtualAuthenticators: true}
Session ID: 2cf28825ea7a8a419a5b05b8e5d35d84</small> </font> </div>
<div class="test-event"> <font color="maroon"> <small> &emsp; &emsp;--- 04 May 23:36:57 923 - <b>0</b> - Spinner Load Wait: (Sync) - ICar.support.WaitUtils.waitForSpinner(WaitUtils.java:225)</small> </font> </div>
<div class="test-event"> <font color="maroon"> <small> &emsp; &emsp;--- 04 May 23:37:08 004 - Page URL:: https://www.i-car.com/product/caroliner-cmi300-pulsetrio-gma-welder-operation-and-tuning</small> </font> </div>
<div class="test-event"> <font color="maroon"> <small> &emsp; &emsp;--- 04 May 23:37:08 004 - <b>0</b> - Page Load Wait: (Sync) - ICar.support.Utils.waitForPageLoad(Utils.java:109)</small> </font> </div>
<div class="test-event"> <font color="maroon"> <small> &emsp; &emsp;--- 04 May 23:37:08 022 - Element is displayed:: [[ChromeDriver: chrome on WINDOWS (2cf28825ea7a8a419a5b05b8e5d35d84)] -> xpath: //a[contains(text(),'Back to Courses')]]</small> </font> </div>
<div class="test-event"> <font color="maroon"> <small> &emsp; &emsp;--- 04 May 23:37:15 056 - Catched spinner load exception due to javascript error: {"status":32,"value":"An invalid or illegal selector was specified"}
  (Session info: chrome=124.0.6367.92)
Build info: version: '4.6.0', revision: '79f1c02ae20'
System info: os.name: 'Windows 10', os.arch: 'amd64', os.version: '10.0', java.version: '17.0.7'
Driver info: org.openqa.selenium.chrome.ChromeDriver
Command: [2cf28825ea7a8a419a5b05b8e5d35d84, findElement {using=css selector, value=div[class='slds-spinner slds-spinner_brand slds-spinner_small']>div:nth-child(2)r}]
Capabilities {acceptInsecureCerts: false, browserName: chrome, browserVersion: 124.0.6367.92, chrome: {chromedriverVersion: 124.0.6367.91 (51df0e5e17a8..., userDataDir: C:\Users\PRATHA~1.KUM\AppDa...}, fedcm:accounts: true, goog:chromeOptions: {debuggerAddress: localhost:49451}, networkConnectionEnabled: false, pageLoadStrategy: normal, platformName: WINDOWS, proxy: Proxy(), se:cdp: ws://localhost:49451/devtoo..., se:cdpVersion: 124.0.6367.92, setWindowRect: true, strictFileInteractability: false, timeouts: {implicit: 0, pageLoad: 300000, script: 30000}, unhandledPromptBehavior: dismiss and notify, webauthn:extension:credBlob: true, webauthn:extension:largeBlob: true, webauthn:extension:minPinLength: true, webauthn:extension:prf: true, webauthn:virtualAuthenticators: true}
Session ID: 2cf28825ea7a8a419a5b05b8e5d35d84</small> </font> </div>
<div class="test-event"> <font color="maroon"> <small> &emsp; &emsp;--- 04 May 23:37:15 057 - <b>0</b> - Spinner Load Wait: (Sync) - ICar.support.WaitUtils.waitForSpinner(WaitUtils.java:225)</small> </font> </div>
<div class="test-message">&emsp;Back To Courses is displayed in the page </div>
<div class="test-message">&emsp;Successfully verified Back To Course Link&emsp;<a href=".\ScreenShot\URL_TC001_2719772682204400.png" target="_blank" >[ScreenShot]</a></div>
<div class="test-event"> <font color="maroon"> <small> &emsp; &emsp;--- 04 May 23:37:15 633 - Catched spinner load exception due to javascript error: {"status":32,"value":"An invalid or illegal selector was specified"}
  (Session info: chrome=124.0.6367.92)
Build info: version: '4.6.0', revision: '79f1c02ae20'
System info: os.name: 'Windows 10', os.arch: 'amd64', os.version: '10.0', java.version: '17.0.7'
Driver info: org.openqa.selenium.chrome.ChromeDriver
Command: [2cf28825ea7a8a419a5b05b8e5d35d84, findElement {using=css selector, value=div[class='slds-spinner slds-spinner_brand slds-spinner_small']>div:nth-child(2)r}]
Capabilities {acceptInsecureCerts: false, browserName: chrome, browserVersion: 124.0.6367.92, chrome: {chromedriverVersion: 124.0.6367.91 (51df0e5e17a8..., userDataDir: C:\Users\PRATHA~1.KUM\AppDa...}, fedcm:accounts: true, goog:chromeOptions: {debuggerAddress: localhost:49451}, networkConnectionEnabled: false, pageLoadStrategy: normal, platformName: WINDOWS, proxy: Proxy(), se:cdp: ws://localhost:49451/devtoo..., se:cdpVersion: 124.0.6367.92, setWindowRect: true, strictFileInteractability: false, timeouts: {implicit: 0, pageLoad: 300000, script: 30000}, unhandledPromptBehavior: dismiss and notify, webauthn:extension:credBlob: true, webauthn:extension:largeBlob: true, webauthn:extension:minPinLength: true, webauthn:extension:prf: true, webauthn:virtualAuthenticators: true}
Session ID: 2cf28825ea7a8a419a5b05b8e5d35d84</small> </font> </div>
<div class="test-event"> <font color="maroon"> <small> &emsp; &emsp;--- 04 May 23:37:15 633 - <b>0</b> - Spinner Load Wait: (Sync) - ICar.support.WaitUtils.waitForSpinner(WaitUtils.java:225)</small> </font> </div>
<div class="test-event"> <font color="maroon"> <small> &emsp; &emsp;--- 04 May 23:37:15 695 - Page URL:: https://www.i-car.com/product/caroliner-cmi300-pulsetrio-gma-welder-operation-and-tuning</small> </font> </div>
<div class="test-event"> <font color="maroon"> <small> &emsp; &emsp;--- 04 May 23:37:15 695 - <b>0</b> - Page Load Wait: (Sync) - ICar.support.Utils.waitForPageLoad(Utils.java:109)</small> </font> </div>
<div class="test-event"> <font color="maroon"> <small> &emsp; &emsp;--- 04 May 23:37:25 784 - Element is displayed:: [[ChromeDriver: chrome on WINDOWS (2cf28825ea7a8a419a5b05b8e5d35d84)] -> xpath: //div[@class='productDetails slds-p-bottom_large']//div[contains(@class,'slds-p-bottom_medium')]]</small> </font> </div>
<div class="test-message">&emsp;Course Name : CarOLinerCMI300PulseTrioGMAWelderOperationandTuning is displayed in the URL page</div>
<div class="test-message">&emsp;Successfully verified the course name for relevant link&emsp;<a href=".\ScreenShot\URL_TC001_2719791421226500.png" target="_blank" >[ScreenShot]</a></div>
<div class="test-message">&emsp;
</div>
<div class="test-message">&emsp;73. URL is : https://www.i-car.com/product/recertification-aluminum-gma-mig-welding</div>
<div class="test-event"> <font color="maroon"> <small> &emsp; &emsp;--- 04 May 23:37:34 680 - Page URL:: https://www.i-car.com/product/recertification-aluminum-gma-mig-welding</small> </font> </div>
<div class="test-event"> <font color="maroon"> <small> &emsp; &emsp;--- 04 May 23:37:34 681 - <b>0</b> - Page Load Wait: (Sync) - ICar.support.Utils.waitForPageLoad(Utils.java:109)</small> </font> </div>
<div class="test-message">&emsp;Successfully navigated to the :  https://www.i-car.com/product/recertification-aluminum-gma-mig-welding   Page&emsp;<a href=".\ScreenShot\URL_TC001_2719792295967800.png" target="_blank" >[ScreenShot]</a></div>
<div class="test-event"> <font color="maroon"> <small> &emsp; &emsp;--- 04 May 23:37:34 961 - Page URL:: https://www.i-car.com/product/recertification-aluminum-gma-mig-welding</small> </font> </div>
<div class="test-event"> <font color="maroon"> <small> &emsp; &emsp;--- 04 May 23:37:34 961 - <b>0</b> - Page Load Wait: (Sync) - ICar.support.Utils.waitForPageLoad(Utils.java:109)</small> </font> </div>
<div class="test-event"> <font color="maroon"> <small> &emsp; &emsp;--- 04 May 23:37:34 969 - Catched spinner load exception due to javascript error: {"status":32,"value":"An invalid or illegal selector was specified"}
  (Session info: chrome=124.0.6367.92)
Build info: version: '4.6.0', revision: '79f1c02ae20'
System info: os.name: 'Windows 10', os.arch: 'amd64', os.version: '10.0', java.version: '17.0.7'
Driver info: org.openqa.selenium.chrome.ChromeDriver
Command: [2cf28825ea7a8a419a5b05b8e5d35d84, findElement {using=css selector, value=div[class='slds-spinner slds-spinner_brand slds-spinner_small']>div:nth-child(2)r}]
Capabilities {acceptInsecureCerts: false, browserName: chrome, browserVersion: 124.0.6367.92, chrome: {chromedriverVersion: 124.0.6367.91 (51df0e5e17a8..., userDataDir: C:\Users\PRATHA~1.KUM\AppDa...}, fedcm:accounts: true, goog:chromeOptions: {debuggerAddress: localhost:49451}, networkConnectionEnabled: false, pageLoadStrategy: normal, platformName: WINDOWS, proxy: Proxy(), se:cdp: ws://localhost:49451/devtoo..., se:cdpVersion: 124.0.6367.92, setWindowRect: true, strictFileInteractability: false, timeouts: {implicit: 0, pageLoad: 300000, script: 30000}, unhandledPromptBehavior: dismiss and notify, webauthn:extension:credBlob: true, webauthn:extension:largeBlob: true, webauthn:extension:minPinLength: true, webauthn:extension:prf: true, webauthn:virtualAuthenticators: true}
Session ID: 2cf28825ea7a8a419a5b05b8e5d35d84</small> </font> </div>
<div class="test-event"> <font color="maroon"> <small> &emsp; &emsp;--- 04 May 23:37:34 970 - <b>0</b> - Spinner Load Wait: (Sync) - ICar.support.WaitUtils.waitForSpinner(WaitUtils.java:225)</small> </font> </div>
<div class="test-event"> <font color="maroon"> <small> &emsp; &emsp;--- 04 May 23:37:45 065 - Page URL:: https://www.i-car.com/product/recertification-aluminum-gma-mig-welding</small> </font> </div>
<div class="test-event"> <font color="maroon"> <small> &emsp; &emsp;--- 04 May 23:37:45 065 - <b>0</b> - Page Load Wait: (Sync) - ICar.support.Utils.waitForPageLoad(Utils.java:109)</small> </font> </div>
<div class="test-event"> <font color="maroon"> <small> &emsp; &emsp;--- 04 May 23:37:45 081 - Element is displayed:: [[ChromeDriver: chrome on WINDOWS (2cf28825ea7a8a419a5b05b8e5d35d84)] -> xpath: //a[contains(text(),'Back to Courses')]]</small> </font> </div>
<div class="test-event"> <font color="maroon"> <small> &emsp; &emsp;--- 04 May 23:37:52 113 - Catched spinner load exception due to javascript error: {"status":32,"value":"An invalid or illegal selector was specified"}
  (Session info: chrome=124.0.6367.92)
Build info: version: '4.6.0', revision: '79f1c02ae20'
System info: os.name: 'Windows 10', os.arch: 'amd64', os.version: '10.0', java.version: '17.0.7'
Driver info: org.openqa.selenium.chrome.ChromeDriver
Command: [2cf28825ea7a8a419a5b05b8e5d35d84, findElement {using=css selector, value=div[class='slds-spinner slds-spinner_brand slds-spinner_small']>div:nth-child(2)r}]
Capabilities {acceptInsecureCerts: false, browserName: chrome, browserVersion: 124.0.6367.92, chrome: {chromedriverVersion: 124.0.6367.91 (51df0e5e17a8..., userDataDir: C:\Users\PRATHA~1.KUM\AppDa...}, fedcm:accounts: true, goog:chromeOptions: {debuggerAddress: localhost:49451}, networkConnectionEnabled: false, pageLoadStrategy: normal, platformName: WINDOWS, proxy: Proxy(), se:cdp: ws://localhost:49451/devtoo..., se:cdpVersion: 124.0.6367.92, setWindowRect: true, strictFileInteractability: false, timeouts: {implicit: 0, pageLoad: 300000, script: 30000}, unhandledPromptBehavior: dismiss and notify, webauthn:extension:credBlob: true, webauthn:extension:largeBlob: true, webauthn:extension:minPinLength: true, webauthn:extension:prf: true, webauthn:virtualAuthenticators: true}
Session ID: 2cf28825ea7a8a419a5b05b8e5d35d84</small> </font> </div>
<div class="test-event"> <font color="maroon"> <small> &emsp; &emsp;--- 04 May 23:37:52 113 - <b>0</b> - Spinner Load Wait: (Sync) - ICar.support.WaitUtils.waitForSpinner(WaitUtils.java:225)</small> </font> </div>
<div class="test-message">&emsp;Back To Courses is displayed in the page </div>
<div class="test-message">&emsp;Successfully verified Back To Course Link&emsp;<a href=".\ScreenShot\URL_TC001_2719809738567500.png" target="_blank" >[ScreenShot]</a></div>
<div class="test-event"> <font color="maroon"> <small> &emsp; &emsp;--- 04 May 23:37:52 382 - Catched spinner load exception due to javascript error: {"status":32,"value":"An invalid or illegal selector was specified"}
  (Session info: chrome=124.0.6367.92)
Build info: version: '4.6.0', revision: '79f1c02ae20'
System info: os.name: 'Windows 10', os.arch: 'amd64', os.version: '10.0', java.version: '17.0.7'
Driver info: org.openqa.selenium.chrome.ChromeDriver
Command: [2cf28825ea7a8a419a5b05b8e5d35d84, findElement {using=css selector, value=div[class='slds-spinner slds-spinner_brand slds-spinner_small']>div:nth-child(2)r}]
Capabilities {acceptInsecureCerts: false, browserName: chrome, browserVersion: 124.0.6367.92, chrome: {chromedriverVersion: 124.0.6367.91 (51df0e5e17a8..., userDataDir: C:\Users\PRATHA~1.KUM\AppDa...}, fedcm:accounts: true, goog:chromeOptions: {debuggerAddress: localhost:49451}, networkConnectionEnabled: false, pageLoadStrategy: normal, platformName: WINDOWS, proxy: Proxy(), se:cdp: ws://localhost:49451/devtoo..., se:cdpVersion: 124.0.6367.92, setWindowRect: true, strictFileInteractability: false, timeouts: {implicit: 0, pageLoad: 300000, script: 30000}, unhandledPromptBehavior: dismiss and notify, webauthn:extension:credBlob: true, webauthn:extension:largeBlob: true, webauthn:extension:minPinLength: true, webauthn:extension:prf: true, webauthn:virtualAuthenticators: true}
Session ID: 2cf28825ea7a8a419a5b05b8e5d35d84</small> </font> </div>
<div class="test-event"> <font color="maroon"> <small> &emsp; &emsp;--- 04 May 23:37:52 382 - <b>0</b> - Spinner Load Wait: (Sync) - ICar.support.WaitUtils.waitForSpinner(WaitUtils.java:225)</small> </font> </div>
<div class="test-event"> <font color="maroon"> <small> &emsp; &emsp;--- 04 May 23:37:52 445 - Page URL:: https://www.i-car.com/product/recertification-aluminum-gma-mig-welding</small> </font> </div>
<div class="test-event"> <font color="maroon"> <small> &emsp; &emsp;--- 04 May 23:37:52 445 - <b>0</b> - Page Load Wait: (Sync) - ICar.support.Utils.waitForPageLoad(Utils.java:109)</small> </font> </div>
<div class="test-event"> <font color="maroon"> <small> &emsp; &emsp;--- 04 May 23:38:02 516 - Element is displayed:: [[ChromeDriver: chrome on WINDOWS (2cf28825ea7a8a419a5b05b8e5d35d84)] -> xpath: //div[@class='productDetails slds-p-bottom_large']//div[contains(@class,'slds-p-bottom_medium')]]</small> </font> </div>
<div class="test-message">&emsp;Course Name : RecertificationAluminumGMAMIGWelding is displayed in the URL page</div>
<div class="test-message">&emsp;Successfully verified the course name for relevant link&emsp;<a href=".\ScreenShot\URL_TC001_2719828158360800.png" target="_blank" >[ScreenShot]</a></div>
<div class="test-message">&emsp;
</div>
<div class="test-message">&emsp;74. URL is : https://www.i-car.com/product/basic-estimate-writing</div>
<div class="test-event"> <font color="maroon"> <small> &emsp; &emsp;--- 04 May 23:38:11 446 - Page URL:: https://www.i-car.com/product/basic-estimate-writing</small> </font> </div>
<div class="test-event"> <font color="maroon"> <small> &emsp; &emsp;--- 04 May 23:38:11 447 - <b>0</b> - Page Load Wait: (Sync) - ICar.support.Utils.waitForPageLoad(Utils.java:109)</small> </font> </div>
<div class="test-message">&emsp;Successfully navigated to the :  https://www.i-car.com/product/basic-estimate-writing   Page&emsp;<a href=".\ScreenShot\URL_TC001_2719829061684600.png" target="_blank" >[ScreenShot]</a></div>
<div class="test-event"> <font color="maroon"> <small> &emsp; &emsp;--- 04 May 23:38:11 708 - Page URL:: https://www.i-car.com/product/basic-estimate-writing</small> </font> </div>
<div class="test-event"> <font color="maroon"> <small> &emsp; &emsp;--- 04 May 23:38:11 708 - <b>0</b> - Page Load Wait: (Sync) - ICar.support.Utils.waitForPageLoad(Utils.java:109)</small> </font> </div>
<div class="test-event"> <font color="maroon"> <small> &emsp; &emsp;--- 04 May 23:38:11 717 - Catched spinner load exception due to javascript error: {"status":32,"value":"An invalid or illegal selector was specified"}
  (Session info: chrome=124.0.6367.92)
Build info: version: '4.6.0', revision: '79f1c02ae20'
System info: os.name: 'Windows 10', os.arch: 'amd64', os.version: '10.0', java.version: '17.0.7'
Driver info: org.openqa.selenium.chrome.ChromeDriver
Command: [2cf28825ea7a8a419a5b05b8e5d35d84, findElement {using=css selector, value=div[class='slds-spinner slds-spinner_brand slds-spinner_small']>div:nth-child(2)r}]
Capabilities {acceptInsecureCerts: false, browserName: chrome, browserVersion: 124.0.6367.92, chrome: {chromedriverVersion: 124.0.6367.91 (51df0e5e17a8..., userDataDir: C:\Users\PRATHA~1.KUM\AppDa...}, fedcm:accounts: true, goog:chromeOptions: {debuggerAddress: localhost:49451}, networkConnectionEnabled: false, pageLoadStrategy: normal, platformName: WINDOWS, proxy: Proxy(), se:cdp: ws://localhost:49451/devtoo..., se:cdpVersion: 124.0.6367.92, setWindowRect: true, strictFileInteractability: false, timeouts: {implicit: 0, pageLoad: 300000, script: 30000}, unhandledPromptBehavior: dismiss and notify, webauthn:extension:credBlob: true, webauthn:extension:largeBlob: true, webauthn:extension:minPinLength: true, webauthn:extension:prf: true, webauthn:virtualAuthenticators: true}
Session ID: 2cf28825ea7a8a419a5b05b8e5d35d84</small> </font> </div>
<div class="test-event"> <font color="maroon"> <small> &emsp; &emsp;--- 04 May 23:38:11 717 - <b>0</b> - Spinner Load Wait: (Sync) - ICar.support.WaitUtils.waitForSpinner(WaitUtils.java:225)</small> </font> </div>
<div class="test-event"> <font color="maroon"> <small> &emsp; &emsp;--- 04 May 23:38:21 790 - Page URL:: https://www.i-car.com/product/basic-estimate-writing</small> </font> </div>
<div class="test-event"> <font color="maroon"> <small> &emsp; &emsp;--- 04 May 23:38:21 790 - <b>0</b> - Page Load Wait: (Sync) - ICar.support.Utils.waitForPageLoad(Utils.java:109)</small> </font> </div>
<div class="test-event"> <font color="maroon"> <small> &emsp; &emsp;--- 04 May 23:38:21 807 - Element is displayed:: [[ChromeDriver: chrome on WINDOWS (2cf28825ea7a8a419a5b05b8e5d35d84)] -> xpath: //a[contains(text(),'Back to Courses')]]</small> </font> </div>
<div class="test-event"> <font color="maroon"> <small> &emsp; &emsp;--- 04 May 23:38:28 841 - Catched spinner load exception due to javascript error: {"status":32,"value":"An invalid or illegal selector was specified"}
  (Session info: chrome=124.0.6367.92)
Build info: version: '4.6.0', revision: '79f1c02ae20'
System info: os.name: 'Windows 10', os.arch: 'amd64', os.version: '10.0', java.version: '17.0.7'
Driver info: org.openqa.selenium.chrome.ChromeDriver
Command: [2cf28825ea7a8a419a5b05b8e5d35d84, findElement {using=css selector, value=div[class='slds-spinner slds-spinner_brand slds-spinner_small']>div:nth-child(2)r}]
Capabilities {acceptInsecureCerts: false, browserName: chrome, browserVersion: 124.0.6367.92, chrome: {chromedriverVersion: 124.0.6367.91 (51df0e5e17a8..., userDataDir: C:\Users\PRATHA~1.KUM\AppDa...}, fedcm:accounts: true, goog:chromeOptions: {debuggerAddress: localhost:49451}, networkConnectionEnabled: false, pageLoadStrategy: normal, platformName: WINDOWS, proxy: Proxy(), se:cdp: ws://localhost:49451/devtoo..., se:cdpVersion: 124.0.6367.92, setWindowRect: true, strictFileInteractability: false, timeouts: {implicit: 0, pageLoad: 300000, script: 30000}, unhandledPromptBehavior: dismiss and notify, webauthn:extension:credBlob: true, webauthn:extension:largeBlob: true, webauthn:extension:minPinLength: true, webauthn:extension:prf: true, webauthn:virtualAuthenticators: true}
Session ID: 2cf28825ea7a8a419a5b05b8e5d35d84</small> </font> </div>
<div class="test-event"> <font color="maroon"> <small> &emsp; &emsp;--- 04 May 23:38:28 841 - <b>0</b> - Spinner Load Wait: (Sync) - ICar.support.WaitUtils.waitForSpinner(WaitUtils.java:225)</small> </font> </div>
<div class="test-message">&emsp;Back To Courses is displayed in the page </div>
<div class="test-message">&emsp;Successfully verified Back To Course Link&emsp;<a href=".\ScreenShot\URL_TC001_2719846467559200.png" target="_blank" >[ScreenShot]</a></div>
<div class="test-event"> <font color="maroon"> <small> &emsp; &emsp;--- 04 May 23:38:29 336 - Catched spinner load exception due to javascript error: {"status":32,"value":"An invalid or illegal selector was specified"}
  (Session info: chrome=124.0.6367.92)
Build info: version: '4.6.0', revision: '79f1c02ae20'
System info: os.name: 'Windows 10', os.arch: 'amd64', os.version: '10.0', java.version: '17.0.7'
Driver info: org.openqa.selenium.chrome.ChromeDriver
Command: [2cf28825ea7a8a419a5b05b8e5d35d84, findElement {using=css selector, value=div[class='slds-spinner slds-spinner_brand slds-spinner_small']>div:nth-child(2)r}]
Capabilities {acceptInsecureCerts: false, browserName: chrome, browserVersion: 124.0.6367.92, chrome: {chromedriverVersion: 124.0.6367.91 (51df0e5e17a8..., userDataDir: C:\Users\PRATHA~1.KUM\AppDa...}, fedcm:accounts: true, goog:chromeOptions: {debuggerAddress: localhost:49451}, networkConnectionEnabled: false, pageLoadStrategy: normal, platformName: WINDOWS, proxy: Proxy(), se:cdp: ws://localhost:49451/devtoo..., se:cdpVersion: 124.0.6367.92, setWindowRect: true, strictFileInteractability: false, timeouts: {implicit: 0, pageLoad: 300000, script: 30000}, unhandledPromptBehavior: dismiss and notify, webauthn:extension:credBlob: true, webauthn:extension:largeBlob: true, webauthn:extension:minPinLength: true, webauthn:extension:prf: true, webauthn:virtualAuthenticators: true}
Session ID: 2cf28825ea7a8a419a5b05b8e5d35d84</small> </font> </div>
<div class="test-event"> <font color="maroon"> <small> &emsp; &emsp;--- 04 May 23:38:29 336 - <b>0</b> - Spinner Load Wait: (Sync) - ICar.support.WaitUtils.waitForSpinner(WaitUtils.java:225)</small> </font> </div>
<div class="test-event"> <font color="maroon"> <small> &emsp; &emsp;--- 04 May 23:38:29 404 - Page URL:: https://www.i-car.com/product/basic-estimate-writing</small> </font> </div>
<div class="test-event"> <font color="maroon"> <small> &emsp; &emsp;--- 04 May 23:38:29 404 - <b>0</b> - Page Load Wait: (Sync) - ICar.support.Utils.waitForPageLoad(Utils.java:109)</small> </font> </div>
<div class="test-event"> <font color="maroon"> <small> &emsp; &emsp;--- 04 May 23:38:39 445 - Element is displayed:: [[ChromeDriver: chrome on WINDOWS (2cf28825ea7a8a419a5b05b8e5d35d84)] -> xpath: //div[@class='productDetails slds-p-bottom_large']//div[contains(@class,'slds-p-bottom_medium')]]</small> </font> </div>
<div class="test-message">&emsp;Course Name : BasicEstimateWriting is displayed in the URL page</div>
<div class="test-message">&emsp;Successfully verified the course name for relevant link&emsp;<a href=".\ScreenShot\URL_TC001_2719865078740600.png" target="_blank" >[ScreenShot]</a></div>
<div class="test-message">&emsp;
</div>
<div class="test-message">&emsp;75. URL is : https://www.i-car.com/product/auto-physical-damage-appraiser-apda-administration</div>
<div class="test-event"> <font color="maroon"> <small> &emsp; &emsp;--- 04 May 23:38:48 317 - Page URL:: https://www.i-car.com/product/auto-physical-damage-appraiser-apda-administration</small> </font> </div>
<div class="test-event"> <font color="maroon"> <small> &emsp; &emsp;--- 04 May 23:38:48 317 - <b>0</b> - Page Load Wait: (Sync) - ICar.support.Utils.waitForPageLoad(Utils.java:109)</small> </font> </div>
<div class="test-message">&emsp;Successfully navigated to the :  https://www.i-car.com/product/auto-physical-damage-appraiser-apda-administration   Page&emsp;<a href=".\ScreenShot\URL_TC001_2719865933751400.png" target="_blank" >[ScreenShot]</a></div>
<div class="test-event"> <font color="maroon"> <small> &emsp; &emsp;--- 04 May 23:38:48 620 - Page URL:: https://www.i-car.com/product/auto-physical-damage-appraiser-apda-administration</small> </font> </div>
<div class="test-event"> <font color="maroon"> <small> &emsp; &emsp;--- 04 May 23:38:48 620 - <b>0</b> - Page Load Wait: (Sync) - ICar.support.Utils.waitForPageLoad(Utils.java:109)</small> </font> </div>
<div class="test-event"> <font color="maroon"> <small> &emsp; &emsp;--- 04 May 23:38:48 628 - Catched spinner load exception due to javascript error: {"status":32,"value":"An invalid or illegal selector was specified"}
  (Session info: chrome=124.0.6367.92)
Build info: version: '4.6.0', revision: '79f1c02ae20'
System info: os.name: 'Windows 10', os.arch: 'amd64', os.version: '10.0', java.version: '17.0.7'
Driver info: org.openqa.selenium.chrome.ChromeDriver
Command: [2cf28825ea7a8a419a5b05b8e5d35d84, findElement {using=css selector, value=div[class='slds-spinner slds-spinner_brand slds-spinner_small']>div:nth-child(2)r}]
Capabilities {acceptInsecureCerts: false, browserName: chrome, browserVersion: 124.0.6367.92, chrome: {chromedriverVersion: 124.0.6367.91 (51df0e5e17a8..., userDataDir: C:\Users\PRATHA~1.KUM\AppDa...}, fedcm:accounts: true, goog:chromeOptions: {debuggerAddress: localhost:49451}, networkConnectionEnabled: false, pageLoadStrategy: normal, platformName: WINDOWS, proxy: Proxy(), se:cdp: ws://localhost:49451/devtoo..., se:cdpVersion: 124.0.6367.92, setWindowRect: true, strictFileInteractability: false, timeouts: {implicit: 0, pageLoad: 300000, script: 30000}, unhandledPromptBehavior: dismiss and notify, webauthn:extension:credBlob: true, webauthn:extension:largeBlob: true, webauthn:extension:minPinLength: true, webauthn:extension:prf: true, webauthn:virtualAuthenticators: true}
Session ID: 2cf28825ea7a8a419a5b05b8e5d35d84</small> </font> </div>
<div class="test-event"> <font color="maroon"> <small> &emsp; &emsp;--- 04 May 23:38:48 628 - <b>0</b> - Spinner Load Wait: (Sync) - ICar.support.WaitUtils.waitForSpinner(WaitUtils.java:225)</small> </font> </div>
<div class="test-event"> <font color="maroon"> <small> &emsp; &emsp;--- 04 May 23:38:58 703 - Page URL:: https://www.i-car.com/product/auto-physical-damage-appraiser-apda-administration</small> </font> </div>
<div class="test-event"> <font color="maroon"> <small> &emsp; &emsp;--- 04 May 23:38:58 703 - <b>0</b> - Page Load Wait: (Sync) - ICar.support.Utils.waitForPageLoad(Utils.java:109)</small> </font> </div>
<div class="test-event"> <font color="maroon"> <small> &emsp; &emsp;--- 04 May 23:38:58 720 - Element is displayed:: [[ChromeDriver: chrome on WINDOWS (2cf28825ea7a8a419a5b05b8e5d35d84)] -> xpath: //a[contains(text(),'Back to Courses')]]</small> </font> </div>
<div class="test-event"> <font color="maroon"> <small> &emsp; &emsp;--- 04 May 23:39:05 752 - Catched spinner load exception due to javascript error: {"status":32,"value":"An invalid or illegal selector was specified"}
  (Session info: chrome=124.0.6367.92)
Build info: version: '4.6.0', revision: '79f1c02ae20'
System info: os.name: 'Windows 10', os.arch: 'amd64', os.version: '10.0', java.version: '17.0.7'
Driver info: org.openqa.selenium.chrome.ChromeDriver
Command: [2cf28825ea7a8a419a5b05b8e5d35d84, findElement {using=css selector, value=div[class='slds-spinner slds-spinner_brand slds-spinner_small']>div:nth-child(2)r}]
Capabilities {acceptInsecureCerts: false, browserName: chrome, browserVersion: 124.0.6367.92, chrome: {chromedriverVersion: 124.0.6367.91 (51df0e5e17a8..., userDataDir: C:\Users\PRATHA~1.KUM\AppDa...}, fedcm:accounts: true, goog:chromeOptions: {debuggerAddress: localhost:49451}, networkConnectionEnabled: false, pageLoadStrategy: normal, platformName: WINDOWS, proxy: Proxy(), se:cdp: ws://localhost:49451/devtoo..., se:cdpVersion: 124.0.6367.92, setWindowRect: true, strictFileInteractability: false, timeouts: {implicit: 0, pageLoad: 300000, script: 30000}, unhandledPromptBehavior: dismiss and notify, webauthn:extension:credBlob: true, webauthn:extension:largeBlob: true, webauthn:extension:minPinLength: true, webauthn:extension:prf: true, webauthn:virtualAuthenticators: true}
Session ID: 2cf28825ea7a8a419a5b05b8e5d35d84</small> </font> </div>
<div class="test-event"> <font color="maroon"> <small> &emsp; &emsp;--- 04 May 23:39:05 752 - <b>0</b> - Spinner Load Wait: (Sync) - ICar.support.WaitUtils.waitForSpinner(WaitUtils.java:225)</small> </font> </div>
<div class="test-message">&emsp;Back To Courses is displayed in the page </div>
<div class="test-message">&emsp;Successfully verified Back To Course Link&emsp;<a href=".\ScreenShot\URL_TC001_2719883378878900.png" target="_blank" >[ScreenShot]</a></div>
<div class="test-event"> <font color="maroon"> <small> &emsp; &emsp;--- 04 May 23:39:05 996 - Catched spinner load exception due to javascript error: {"status":32,"value":"An invalid or illegal selector was specified"}
  (Session info: chrome=124.0.6367.92)
Build info: version: '4.6.0', revision: '79f1c02ae20'
System info: os.name: 'Windows 10', os.arch: 'amd64', os.version: '10.0', java.version: '17.0.7'
Driver info: org.openqa.selenium.chrome.ChromeDriver
Command: [2cf28825ea7a8a419a5b05b8e5d35d84, findElement {using=css selector, value=div[class='slds-spinner slds-spinner_brand slds-spinner_small']>div:nth-child(2)r}]
Capabilities {acceptInsecureCerts: false, browserName: chrome, browserVersion: 124.0.6367.92, chrome: {chromedriverVersion: 124.0.6367.91 (51df0e5e17a8..., userDataDir: C:\Users\PRATHA~1.KUM\AppDa...}, fedcm:accounts: true, goog:chromeOptions: {debuggerAddress: localhost:49451}, networkConnectionEnabled: false, pageLoadStrategy: normal, platformName: WINDOWS, proxy: Proxy(), se:cdp: ws://localhost:49451/devtoo..., se:cdpVersion: 124.0.6367.92, setWindowRect: true, strictFileInteractability: false, timeouts: {implicit: 0, pageLoad: 300000, script: 30000}, unhandledPromptBehavior: dismiss and notify, webauthn:extension:credBlob: true, webauthn:extension:largeBlob: true, webauthn:extension:minPinLength: true, webauthn:extension:prf: true, webauthn:virtualAuthenticators: true}
Session ID: 2cf28825ea7a8a419a5b05b8e5d35d84</small> </font> </div>
<div class="test-event"> <font color="maroon"> <small> &emsp; &emsp;--- 04 May 23:39:05 996 - <b>0</b> - Spinner Load Wait: (Sync) - ICar.support.WaitUtils.waitForSpinner(WaitUtils.java:225)</small> </font> </div>
<div class="test-event"> <font color="maroon"> <small> &emsp; &emsp;--- 04 May 23:39:06 062 - Page URL:: https://www.i-car.com/product/auto-physical-damage-appraiser-apda-administration</small> </font> </div>
<div class="test-event"> <font color="maroon"> <small> &emsp; &emsp;--- 04 May 23:39:06 062 - <b>0</b> - Page Load Wait: (Sync) - ICar.support.Utils.waitForPageLoad(Utils.java:109)</small> </font> </div>
<div class="test-event"> <font color="maroon"> <small> &emsp; &emsp;--- 04 May 23:39:16 113 - Element is displayed:: [[ChromeDriver: chrome on WINDOWS (2cf28825ea7a8a419a5b05b8e5d35d84)] -> xpath: //div[@class='productDetails slds-p-bottom_large']//div[contains(@class,'slds-p-bottom_medium')]]</small> </font> </div>
<div class="test-message">&emsp;Course Name : AutoPhysicalDamageAppraiserAPDAAdministration is displayed in the URL page</div>
<div class="test-message">&emsp;Successfully verified the course name for relevant link&emsp;<a href=".\ScreenShot\URL_TC001_2719901752281800.png" target="_blank" >[ScreenShot]</a></div>
<div class="test-message">&emsp;
</div>
<div class="test-message">&emsp;76. URL is : https://www.i-car.com/product/training-and-certification-steel-gma-welding</div>
<div class="test-event"> <font color="maroon"> <small> &emsp; &emsp;--- 04 May 23:39:25 113 - Page URL:: https://www.i-car.com/product/training-and-certification-steel-gma-welding</small> </font> </div>
<div class="test-event"> <font color="maroon"> <small> &emsp; &emsp;--- 04 May 23:39:25 113 - <b>0</b> - Page Load Wait: (Sync) - ICar.support.Utils.waitForPageLoad(Utils.java:109)</small> </font> </div>
<div class="test-message">&emsp;Successfully navigated to the :  https://www.i-car.com/product/training-and-certification-steel-gma-welding   Page&emsp;<a href=".\ScreenShot\URL_TC001_2719902730004100.png" target="_blank" >[ScreenShot]</a></div>
<div class="test-event"> <font color="maroon"> <small> &emsp; &emsp;--- 04 May 23:39:25 416 - Page URL:: https://www.i-car.com/product/training-and-certification-steel-gma-welding</small> </font> </div>
<div class="test-event"> <font color="maroon"> <small> &emsp; &emsp;--- 04 May 23:39:25 417 - <b>0</b> - Page Load Wait: (Sync) - ICar.support.Utils.waitForPageLoad(Utils.java:109)</small> </font> </div>
<div class="test-event"> <font color="maroon"> <small> &emsp; &emsp;--- 04 May 23:39:25 424 - Catched spinner load exception due to javascript error: {"status":32,"value":"An invalid or illegal selector was specified"}
  (Session info: chrome=124.0.6367.92)
Build info: version: '4.6.0', revision: '79f1c02ae20'
System info: os.name: 'Windows 10', os.arch: 'amd64', os.version: '10.0', java.version: '17.0.7'
Driver info: org.openqa.selenium.chrome.ChromeDriver
Command: [2cf28825ea7a8a419a5b05b8e5d35d84, findElement {using=css selector, value=div[class='slds-spinner slds-spinner_brand slds-spinner_small']>div:nth-child(2)r}]
Capabilities {acceptInsecureCerts: false, browserName: chrome, browserVersion: 124.0.6367.92, chrome: {chromedriverVersion: 124.0.6367.91 (51df0e5e17a8..., userDataDir: C:\Users\PRATHA~1.KUM\AppDa...}, fedcm:accounts: true, goog:chromeOptions: {debuggerAddress: localhost:49451}, networkConnectionEnabled: false, pageLoadStrategy: normal, platformName: WINDOWS, proxy: Proxy(), se:cdp: ws://localhost:49451/devtoo..., se:cdpVersion: 124.0.6367.92, setWindowRect: true, strictFileInteractability: false, timeouts: {implicit: 0, pageLoad: 300000, script: 30000}, unhandledPromptBehavior: dismiss and notify, webauthn:extension:credBlob: true, webauthn:extension:largeBlob: true, webauthn:extension:minPinLength: true, webauthn:extension:prf: true, webauthn:virtualAuthenticators: true}
Session ID: 2cf28825ea7a8a419a5b05b8e5d35d84</small> </font> </div>
<div class="test-event"> <font color="maroon"> <small> &emsp; &emsp;--- 04 May 23:39:25 424 - <b>0</b> - Spinner Load Wait: (Sync) - ICar.support.WaitUtils.waitForSpinner(WaitUtils.java:225)</small> </font> </div>
<div class="test-event"> <font color="maroon"> <small> &emsp; &emsp;--- 04 May 23:39:35 506 - Page URL:: https://www.i-car.com/product/training-and-certification-steel-gma-welding</small> </font> </div>
<div class="test-event"> <font color="maroon"> <small> &emsp; &emsp;--- 04 May 23:39:35 506 - <b>0</b> - Page Load Wait: (Sync) - ICar.support.Utils.waitForPageLoad(Utils.java:109)</small> </font> </div>
<div class="test-event"> <font color="maroon"> <small> &emsp; &emsp;--- 04 May 23:39:35 524 - Element is displayed:: [[ChromeDriver: chrome on WINDOWS (2cf28825ea7a8a419a5b05b8e5d35d84)] -> xpath: //a[contains(text(),'Back to Courses')]]</small> </font> </div>
<div class="test-event"> <font color="maroon"> <small> &emsp; &emsp;--- 04 May 23:39:42 568 - Catched spinner load exception due to javascript error: {"status":32,"value":"An invalid or illegal selector was specified"}
  (Session info: chrome=124.0.6367.92)
Build info: version: '4.6.0', revision: '79f1c02ae20'
System info: os.name: 'Windows 10', os.arch: 'amd64', os.version: '10.0', java.version: '17.0.7'
Driver info: org.openqa.selenium.chrome.ChromeDriver
Command: [2cf28825ea7a8a419a5b05b8e5d35d84, findElement {using=css selector, value=div[class='slds-spinner slds-spinner_brand slds-spinner_small']>div:nth-child(2)r}]
Capabilities {acceptInsecureCerts: false, browserName: chrome, browserVersion: 124.0.6367.92, chrome: {chromedriverVersion: 124.0.6367.91 (51df0e5e17a8..., userDataDir: C:\Users\PRATHA~1.KUM\AppDa...}, fedcm:accounts: true, goog:chromeOptions: {debuggerAddress: localhost:49451}, networkConnectionEnabled: false, pageLoadStrategy: normal, platformName: WINDOWS, proxy: Proxy(), se:cdp: ws://localhost:49451/devtoo..., se:cdpVersion: 124.0.6367.92, setWindowRect: true, strictFileInteractability: false, timeouts: {implicit: 0, pageLoad: 300000, script: 30000}, unhandledPromptBehavior: dismiss and notify, webauthn:extension:credBlob: true, webauthn:extension:largeBlob: true, webauthn:extension:minPinLength: true, webauthn:extension:prf: true, webauthn:virtualAuthenticators: true}
Session ID: 2cf28825ea7a8a419a5b05b8e5d35d84</small> </font> </div>
<div class="test-event"> <font color="maroon"> <small> &emsp; &emsp;--- 04 May 23:39:42 568 - <b>0</b> - Spinner Load Wait: (Sync) - ICar.support.WaitUtils.waitForSpinner(WaitUtils.java:225)</small> </font> </div>
<div class="test-message">&emsp;Back To Courses is displayed in the page </div>
<div class="test-message">&emsp;Successfully verified Back To Course Link&emsp;<a href=".\ScreenShot\URL_TC001_2719920201263700.png" target="_blank" >[ScreenShot]</a></div>
<div class="test-event"> <font color="maroon"> <small> &emsp; &emsp;--- 04 May 23:39:42 830 - Catched spinner load exception due to javascript error: {"status":32,"value":"An invalid or illegal selector was specified"}
  (Session info: chrome=124.0.6367.92)
Build info: version: '4.6.0', revision: '79f1c02ae20'
System info: os.name: 'Windows 10', os.arch: 'amd64', os.version: '10.0', java.version: '17.0.7'
Driver info: org.openqa.selenium.chrome.ChromeDriver
Command: [2cf28825ea7a8a419a5b05b8e5d35d84, findElement {using=css selector, value=div[class='slds-spinner slds-spinner_brand slds-spinner_small']>div:nth-child(2)r}]
Capabilities {acceptInsecureCerts: false, browserName: chrome, browserVersion: 124.0.6367.92, chrome: {chromedriverVersion: 124.0.6367.91 (51df0e5e17a8..., userDataDir: C:\Users\PRATHA~1.KUM\AppDa...}, fedcm:accounts: true, goog:chromeOptions: {debuggerAddress: localhost:49451}, networkConnectionEnabled: false, pageLoadStrategy: normal, platformName: WINDOWS, proxy: Proxy(), se:cdp: ws://localhost:49451/devtoo..., se:cdpVersion: 124.0.6367.92, setWindowRect: true, strictFileInteractability: false, timeouts: {implicit: 0, pageLoad: 300000, script: 30000}, unhandledPromptBehavior: dismiss and notify, webauthn:extension:credBlob: true, webauthn:extension:largeBlob: true, webauthn:extension:minPinLength: true, webauthn:extension:prf: true, webauthn:virtualAuthenticators: true}
Session ID: 2cf28825ea7a8a419a5b05b8e5d35d84</small> </font> </div>
<div class="test-event"> <font color="maroon"> <small> &emsp; &emsp;--- 04 May 23:39:42 830 - <b>0</b> - Spinner Load Wait: (Sync) - ICar.support.WaitUtils.waitForSpinner(WaitUtils.java:225)</small> </font> </div>
<div class="test-event"> <font color="maroon"> <small> &emsp; &emsp;--- 04 May 23:39:42 895 - Page URL:: https://www.i-car.com/product/training-and-certification-steel-gma-welding</small> </font> </div>
<div class="test-event"> <font color="maroon"> <small> &emsp; &emsp;--- 04 May 23:39:42 895 - <b>0</b> - Page Load Wait: (Sync) - ICar.support.Utils.waitForPageLoad(Utils.java:109)</small> </font> </div>
<div class="test-event"> <font color="maroon"> <small> &emsp; &emsp;--- 04 May 23:39:52 953 - Element is displayed:: [[ChromeDriver: chrome on WINDOWS (2cf28825ea7a8a419a5b05b8e5d35d84)] -> xpath: //div[@class='productDetails slds-p-bottom_large']//div[contains(@class,'slds-p-bottom_medium')]]</small> </font> </div>
<div class="test-message">&emsp;Course Name : TrainingandCertificationSteelGMAWelding is displayed in the URL page</div>
<div class="test-message">&emsp;Successfully verified the course name for relevant link&emsp;<a href=".\ScreenShot\URL_TC001_2719938591449200.png" target="_blank" >[ScreenShot]</a></div>
<div class="test-message">&emsp;
</div>
<div class="test-message">&emsp;77. URL is : https://www.i-car.com/product/dust-extraction</div>
<div class="test-event"> <font color="maroon"> <small> &emsp; &emsp;--- 04 May 23:40:02 173 - Page URL:: https://www.i-car.com/product/dust-extraction</small> </font> </div>
<div class="test-event"> <font color="maroon"> <small> &emsp; &emsp;--- 04 May 23:40:02 173 - <b>0</b> - Page Load Wait: (Sync) - ICar.support.Utils.waitForPageLoad(Utils.java:109)</small> </font> </div>
<div class="test-message">&emsp;Successfully navigated to the :  https://www.i-car.com/product/dust-extraction   Page&emsp;<a href=".\ScreenShot\URL_TC001_2719939789751100.png" target="_blank" >[ScreenShot]</a></div>
<div class="test-event"> <font color="maroon"> <small> &emsp; &emsp;--- 04 May 23:40:02 470 - Page URL:: https://www.i-car.com/product/dust-extraction</small> </font> </div>
<div class="test-event"> <font color="maroon"> <small> &emsp; &emsp;--- 04 May 23:40:02 470 - <b>0</b> - Page Load Wait: (Sync) - ICar.support.Utils.waitForPageLoad(Utils.java:109)</small> </font> </div>
<div class="test-event"> <font color="maroon"> <small> &emsp; &emsp;--- 04 May 23:40:02 479 - Catched spinner load exception due to javascript error: {"status":32,"value":"An invalid or illegal selector was specified"}
  (Session info: chrome=124.0.6367.92)
Build info: version: '4.6.0', revision: '79f1c02ae20'
System info: os.name: 'Windows 10', os.arch: 'amd64', os.version: '10.0', java.version: '17.0.7'
Driver info: org.openqa.selenium.chrome.ChromeDriver
Command: [2cf28825ea7a8a419a5b05b8e5d35d84, findElement {using=css selector, value=div[class='slds-spinner slds-spinner_brand slds-spinner_small']>div:nth-child(2)r}]
Capabilities {acceptInsecureCerts: false, browserName: chrome, browserVersion: 124.0.6367.92, chrome: {chromedriverVersion: 124.0.6367.91 (51df0e5e17a8..., userDataDir: C:\Users\PRATHA~1.KUM\AppDa...}, fedcm:accounts: true, goog:chromeOptions: {debuggerAddress: localhost:49451}, networkConnectionEnabled: false, pageLoadStrategy: normal, platformName: WINDOWS, proxy: Proxy(), se:cdp: ws://localhost:49451/devtoo..., se:cdpVersion: 124.0.6367.92, setWindowRect: true, strictFileInteractability: false, timeouts: {implicit: 0, pageLoad: 300000, script: 30000}, unhandledPromptBehavior: dismiss and notify, webauthn:extension:credBlob: true, webauthn:extension:largeBlob: true, webauthn:extension:minPinLength: true, webauthn:extension:prf: true, webauthn:virtualAuthenticators: true}
Session ID: 2cf28825ea7a8a419a5b05b8e5d35d84</small> </font> </div>
<div class="test-event"> <font color="maroon"> <small> &emsp; &emsp;--- 04 May 23:40:02 479 - <b>0</b> - Spinner Load Wait: (Sync) - ICar.support.WaitUtils.waitForSpinner(WaitUtils.java:225)</small> </font> </div>
<div class="test-event"> <font color="maroon"> <small> &emsp; &emsp;--- 04 May 23:40:12 555 - Page URL:: https://www.i-car.com/product/dust-extraction</small> </font> </div>
<div class="test-event"> <font color="maroon"> <small> &emsp; &emsp;--- 04 May 23:40:12 555 - <b>0</b> - Page Load Wait: (Sync) - ICar.support.Utils.waitForPageLoad(Utils.java:109)</small> </font> </div>
<div class="test-event"> <font color="maroon"> <small> &emsp; &emsp;--- 04 May 23:40:12 573 - Element is displayed:: [[ChromeDriver: chrome on WINDOWS (2cf28825ea7a8a419a5b05b8e5d35d84)] -> xpath: //a[contains(text(),'Back to Courses')]]</small> </font> </div>
<div class="test-event"> <font color="maroon"> <small> &emsp; &emsp;--- 04 May 23:40:19 617 - Catched spinner load exception due to javascript error: {"status":32,"value":"An invalid or illegal selector was specified"}
  (Session info: chrome=124.0.6367.92)
Build info: version: '4.6.0', revision: '79f1c02ae20'
System info: os.name: 'Windows 10', os.arch: 'amd64', os.version: '10.0', java.version: '17.0.7'
Driver info: org.openqa.selenium.chrome.ChromeDriver
Command: [2cf28825ea7a8a419a5b05b8e5d35d84, findElement {using=css selector, value=div[class='slds-spinner slds-spinner_brand slds-spinner_small']>div:nth-child(2)r}]
Capabilities {acceptInsecureCerts: false, browserName: chrome, browserVersion: 124.0.6367.92, chrome: {chromedriverVersion: 124.0.6367.91 (51df0e5e17a8..., userDataDir: C:\Users\PRATHA~1.KUM\AppDa...}, fedcm:accounts: true, goog:chromeOptions: {debuggerAddress: localhost:49451}, networkConnectionEnabled: false, pageLoadStrategy: normal, platformName: WINDOWS, proxy: Proxy(), se:cdp: ws://localhost:49451/devtoo..., se:cdpVersion: 124.0.6367.92, setWindowRect: true, strictFileInteractability: false, timeouts: {implicit: 0, pageLoad: 300000, script: 30000}, unhandledPromptBehavior: dismiss and notify, webauthn:extension:credBlob: true, webauthn:extension:largeBlob: true, webauthn:extension:minPinLength: true, webauthn:extension:prf: true, webauthn:virtualAuthenticators: true}
Session ID: 2cf28825ea7a8a419a5b05b8e5d35d84</small> </font> </div>
<div class="test-event"> <font color="maroon"> <small> &emsp; &emsp;--- 04 May 23:40:19 617 - <b>0</b> - Spinner Load Wait: (Sync) - ICar.support.WaitUtils.waitForSpinner(WaitUtils.java:225)</small> </font> </div>
<div class="test-message">&emsp;Back To Courses is displayed in the page </div>
<div class="test-message">&emsp;Successfully verified Back To Course Link&emsp;<a href=".\ScreenShot\URL_TC001_2719957244546200.png" target="_blank" >[ScreenShot]</a></div>
<div class="test-event"> <font color="maroon"> <small> &emsp; &emsp;--- 04 May 23:40:19 858 - Catched spinner load exception due to javascript error: {"status":32,"value":"An invalid or illegal selector was specified"}
  (Session info: chrome=124.0.6367.92)
Build info: version: '4.6.0', revision: '79f1c02ae20'
System info: os.name: 'Windows 10', os.arch: 'amd64', os.version: '10.0', java.version: '17.0.7'
Driver info: org.openqa.selenium.chrome.ChromeDriver
Command: [2cf28825ea7a8a419a5b05b8e5d35d84, findElement {using=css selector, value=div[class='slds-spinner slds-spinner_brand slds-spinner_small']>div:nth-child(2)r}]
Capabilities {acceptInsecureCerts: false, browserName: chrome, browserVersion: 124.0.6367.92, chrome: {chromedriverVersion: 124.0.6367.91 (51df0e5e17a8..., userDataDir: C:\Users\PRATHA~1.KUM\AppDa...}, fedcm:accounts: true, goog:chromeOptions: {debuggerAddress: localhost:49451}, networkConnectionEnabled: false, pageLoadStrategy: normal, platformName: WINDOWS, proxy: Proxy(), se:cdp: ws://localhost:49451/devtoo..., se:cdpVersion: 124.0.6367.92, setWindowRect: true, strictFileInteractability: false, timeouts: {implicit: 0, pageLoad: 300000, script: 30000}, unhandledPromptBehavior: dismiss and notify, webauthn:extension:credBlob: true, webauthn:extension:largeBlob: true, webauthn:extension:minPinLength: true, webauthn:extension:prf: true, webauthn:virtualAuthenticators: true}
Session ID: 2cf28825ea7a8a419a5b05b8e5d35d84</small> </font> </div>
<div class="test-event"> <font color="maroon"> <small> &emsp; &emsp;--- 04 May 23:40:19 858 - <b>0</b> - Spinner Load Wait: (Sync) - ICar.support.WaitUtils.waitForSpinner(WaitUtils.java:225)</small> </font> </div>
<div class="test-event"> <font color="maroon"> <small> &emsp; &emsp;--- 04 May 23:40:19 932 - Page URL:: https://www.i-car.com/product/dust-extraction</small> </font> </div>
<div class="test-event"> <font color="maroon"> <small> &emsp; &emsp;--- 04 May 23:40:19 932 - <b>0</b> - Page Load Wait: (Sync) - ICar.support.Utils.waitForPageLoad(Utils.java:109)</small> </font> </div>
<div class="test-event"> <font color="maroon"> <small> &emsp; &emsp;--- 04 May 23:40:29 983 - Element is displayed:: [[ChromeDriver: chrome on WINDOWS (2cf28825ea7a8a419a5b05b8e5d35d84)] -> xpath: //div[@class='productDetails slds-p-bottom_large']//div[contains(@class,'slds-p-bottom_medium')]]</small> </font> </div>
<div class="test-message">&emsp;Course Name : DustExtraction is displayed in the URL page</div>
<div class="test-message">&emsp;Successfully verified the course name for relevant link&emsp;<a href=".\ScreenShot\URL_TC001_2719975621471900.png" target="_blank" >[ScreenShot]</a></div>
<div class="test-message">&emsp;
</div>
<div class="test-message">&emsp;78. URL is : https://www.i-car.com/product/restraint-system-diagnostics-and-service</div>
<div class="test-event"> <font color="maroon"> <small> &emsp; &emsp;--- 04 May 23:40:39 316 - Page URL:: https://www.i-car.com/product/restraint-system-diagnostics-and-service</small> </font> </div>
<div class="test-event"> <font color="maroon"> <small> &emsp; &emsp;--- 04 May 23:40:39 316 - <b>0</b> - Page Load Wait: (Sync) - ICar.support.Utils.waitForPageLoad(Utils.java:109)</small> </font> </div>
<div class="test-message">&emsp;Successfully navigated to the :  https://www.i-car.com/product/restraint-system-diagnostics-and-service   Page&emsp;<a href=".\ScreenShot\URL_TC001_2719976933160500.png" target="_blank" >[ScreenShot]</a></div>
<div class="test-event"> <font color="maroon"> <small> &emsp; &emsp;--- 04 May 23:40:39 622 - Page URL:: https://www.i-car.com/product/restraint-system-diagnostics-and-service</small> </font> </div>
<div class="test-event"> <font color="maroon"> <small> &emsp; &emsp;--- 04 May 23:40:39 622 - <b>0</b> - Page Load Wait: (Sync) - ICar.support.Utils.waitForPageLoad(Utils.java:109)</small> </font> </div>
<div class="test-event"> <font color="maroon"> <small> &emsp; &emsp;--- 04 May 23:40:39 631 - Catched spinner load exception due to javascript error: {"status":32,"value":"An invalid or illegal selector was specified"}
  (Session info: chrome=124.0.6367.92)
Build info: version: '4.6.0', revision: '79f1c02ae20'
System info: os.name: 'Windows 10', os.arch: 'amd64', os.version: '10.0', java.version: '17.0.7'
Driver info: org.openqa.selenium.chrome.ChromeDriver
Command: [2cf28825ea7a8a419a5b05b8e5d35d84, findElement {using=css selector, value=div[class='slds-spinner slds-spinner_brand slds-spinner_small']>div:nth-child(2)r}]
Capabilities {acceptInsecureCerts: false, browserName: chrome, browserVersion: 124.0.6367.92, chrome: {chromedriverVersion: 124.0.6367.91 (51df0e5e17a8..., userDataDir: C:\Users\PRATHA~1.KUM\AppDa...}, fedcm:accounts: true, goog:chromeOptions: {debuggerAddress: localhost:49451}, networkConnectionEnabled: false, pageLoadStrategy: normal, platformName: WINDOWS, proxy: Proxy(), se:cdp: ws://localhost:49451/devtoo..., se:cdpVersion: 124.0.6367.92, setWindowRect: true, strictFileInteractability: false, timeouts: {implicit: 0, pageLoad: 300000, script: 30000}, unhandledPromptBehavior: dismiss and notify, webauthn:extension:credBlob: true, webauthn:extension:largeBlob: true, webauthn:extension:minPinLength: true, webauthn:extension:prf: true, webauthn:virtualAuthenticators: true}
Session ID: 2cf28825ea7a8a419a5b05b8e5d35d84</small> </font> </div>
<div class="test-event"> <font color="maroon"> <small> &emsp; &emsp;--- 04 May 23:40:39 631 - <b>0</b> - Spinner Load Wait: (Sync) - ICar.support.WaitUtils.waitForSpinner(WaitUtils.java:225)</small> </font> </div>
<div class="test-event"> <font color="maroon"> <small> &emsp; &emsp;--- 04 May 23:40:49 737 - Page URL:: https://www.i-car.com/product/restraint-system-diagnostics-and-service</small> </font> </div>
<div class="test-event"> <font color="maroon"> <small> &emsp; &emsp;--- 04 May 23:40:49 737 - <b>0</b> - Page Load Wait: (Sync) - ICar.support.Utils.waitForPageLoad(Utils.java:109)</small> </font> </div>
<div class="test-event"> <font color="maroon"> <small> &emsp; &emsp;--- 04 May 23:40:49 754 - Element is displayed:: [[ChromeDriver: chrome on WINDOWS (2cf28825ea7a8a419a5b05b8e5d35d84)] -> xpath: //a[contains(text(),'Back to Courses')]]</small> </font> </div>
<div class="test-event"> <font color="maroon"> <small> &emsp; &emsp;--- 04 May 23:40:56 800 - Catched spinner load exception due to javascript error: {"status":32,"value":"An invalid or illegal selector was specified"}
  (Session info: chrome=124.0.6367.92)
Build info: version: '4.6.0', revision: '79f1c02ae20'
System info: os.name: 'Windows 10', os.arch: 'amd64', os.version: '10.0', java.version: '17.0.7'
Driver info: org.openqa.selenium.chrome.ChromeDriver
Command: [2cf28825ea7a8a419a5b05b8e5d35d84, findElement {using=css selector, value=div[class='slds-spinner slds-spinner_brand slds-spinner_small']>div:nth-child(2)r}]
Capabilities {acceptInsecureCerts: false, browserName: chrome, browserVersion: 124.0.6367.92, chrome: {chromedriverVersion: 124.0.6367.91 (51df0e5e17a8..., userDataDir: C:\Users\PRATHA~1.KUM\AppDa...}, fedcm:accounts: true, goog:chromeOptions: {debuggerAddress: localhost:49451}, networkConnectionEnabled: false, pageLoadStrategy: normal, platformName: WINDOWS, proxy: Proxy(), se:cdp: ws://localhost:49451/devtoo..., se:cdpVersion: 124.0.6367.92, setWindowRect: true, strictFileInteractability: false, timeouts: {implicit: 0, pageLoad: 300000, script: 30000}, unhandledPromptBehavior: dismiss and notify, webauthn:extension:credBlob: true, webauthn:extension:largeBlob: true, webauthn:extension:minPinLength: true, webauthn:extension:prf: true, webauthn:virtualAuthenticators: true}
Session ID: 2cf28825ea7a8a419a5b05b8e5d35d84</small> </font> </div>
<div class="test-event"> <font color="maroon"> <small> &emsp; &emsp;--- 04 May 23:40:56 800 - <b>0</b> - Spinner Load Wait: (Sync) - ICar.support.WaitUtils.waitForSpinner(WaitUtils.java:225)</small> </font> </div>
<div class="test-message">&emsp;Back To Courses is displayed in the page </div>
<div class="test-message">&emsp;Successfully verified Back To Course Link&emsp;<a href=".\ScreenShot\URL_TC001_2719994427546300.png" target="_blank" >[ScreenShot]</a></div>
<div class="test-event"> <font color="maroon"> <small> &emsp; &emsp;--- 04 May 23:40:57 018 - Catched spinner load exception due to javascript error: {"status":32,"value":"An invalid or illegal selector was specified"}
  (Session info: chrome=124.0.6367.92)
Build info: version: '4.6.0', revision: '79f1c02ae20'
System info: os.name: 'Windows 10', os.arch: 'amd64', os.version: '10.0', java.version: '17.0.7'
Driver info: org.openqa.selenium.chrome.ChromeDriver
Command: [2cf28825ea7a8a419a5b05b8e5d35d84, findElement {using=css selector, value=div[class='slds-spinner slds-spinner_brand slds-spinner_small']>div:nth-child(2)r}]
Capabilities {acceptInsecureCerts: false, browserName: chrome, browserVersion: 124.0.6367.92, chrome: {chromedriverVersion: 124.0.6367.91 (51df0e5e17a8..., userDataDir: C:\Users\PRATHA~1.KUM\AppDa...}, fedcm:accounts: true, goog:chromeOptions: {debuggerAddress: localhost:49451}, networkConnectionEnabled: false, pageLoadStrategy: normal, platformName: WINDOWS, proxy: Proxy(), se:cdp: ws://localhost:49451/devtoo..., se:cdpVersion: 124.0.6367.92, setWindowRect: true, strictFileInteractability: false, timeouts: {implicit: 0, pageLoad: 300000, script: 30000}, unhandledPromptBehavior: dismiss and notify, webauthn:extension:credBlob: true, webauthn:extension:largeBlob: true, webauthn:extension:minPinLength: true, webauthn:extension:prf: true, webauthn:virtualAuthenticators: true}
Session ID: 2cf28825ea7a8a419a5b05b8e5d35d84</small> </font> </div>
<div class="test-event"> <font color="maroon"> <small> &emsp; &emsp;--- 04 May 23:40:57 018 - <b>0</b> - Spinner Load Wait: (Sync) - ICar.support.WaitUtils.waitForSpinner(WaitUtils.java:225)</small> </font> </div>
<div class="test-event"> <font color="maroon"> <small> &emsp; &emsp;--- 04 May 23:40:57 081 - Page URL:: https://www.i-car.com/product/restraint-system-diagnostics-and-service</small> </font> </div>
<div class="test-event"> <font color="maroon"> <small> &emsp; &emsp;--- 04 May 23:40:57 082 - <b>0</b> - Page Load Wait: (Sync) - ICar.support.Utils.waitForPageLoad(Utils.java:109)</small> </font> </div>
<div class="test-event"> <font color="maroon"> <small> &emsp; &emsp;--- 04 May 23:41:07 141 - Element is displayed:: [[ChromeDriver: chrome on WINDOWS (2cf28825ea7a8a419a5b05b8e5d35d84)] -> xpath: //div[@class='productDetails slds-p-bottom_large']//div[contains(@class,'slds-p-bottom_medium')]]</small> </font> </div>
<div class="test-message">&emsp;Course Name : RestraintSystemDiagnosticsandService is displayed in the URL page</div>
<div class="test-message">&emsp;Successfully verified the course name for relevant link&emsp;<a href=".\ScreenShot\URL_TC001_2720012777403100.png" target="_blank" >[ScreenShot]</a></div>
<div class="test-message">&emsp;
</div>
<div class="test-message">&emsp;79. URL is : https://www.i-car.com/product/discover-safe-practices-around-electric-vehicles</div>
<div class="test-event"> <font color="maroon"> <small> &emsp; &emsp;--- 04 May 23:41:16 102 - Page URL:: https://www.i-car.com/product/discover-safe-practices-around-electric-vehicles</small> </font> </div>
<div class="test-event"> <font color="maroon"> <small> &emsp; &emsp;--- 04 May 23:41:16 104 - <b>0</b> - Page Load Wait: (Sync) - ICar.support.Utils.waitForPageLoad(Utils.java:109)</small> </font> </div>
<div class="test-message">&emsp;Successfully navigated to the :  https://www.i-car.com/product/discover-safe-practices-around-electric-vehicles   Page&emsp;<a href=".\ScreenShot\URL_TC001_2720013722479200.png" target="_blank" >[ScreenShot]</a></div>
<div class="test-event"> <font color="maroon"> <small> &emsp; &emsp;--- 04 May 23:41:16 366 - Page URL:: https://www.i-car.com/product/discover-safe-practices-around-electric-vehicles</small> </font> </div>
<div class="test-event"> <font color="maroon"> <small> &emsp; &emsp;--- 04 May 23:41:16 367 - <b>0</b> - Page Load Wait: (Sync) - ICar.support.Utils.waitForPageLoad(Utils.java:109)</small> </font> </div>
<div class="test-event"> <font color="maroon"> <small> &emsp; &emsp;--- 04 May 23:41:16 376 - Catched spinner load exception due to javascript error: {"status":32,"value":"An invalid or illegal selector was specified"}
  (Session info: chrome=124.0.6367.92)
Build info: version: '4.6.0', revision: '79f1c02ae20'
System info: os.name: 'Windows 10', os.arch: 'amd64', os.version: '10.0', java.version: '17.0.7'
Driver info: org.openqa.selenium.chrome.ChromeDriver
Command: [2cf28825ea7a8a419a5b05b8e5d35d84, findElement {using=css selector, value=div[class='slds-spinner slds-spinner_brand slds-spinner_small']>div:nth-child(2)r}]
Capabilities {acceptInsecureCerts: false, browserName: chrome, browserVersion: 124.0.6367.92, chrome: {chromedriverVersion: 124.0.6367.91 (51df0e5e17a8..., userDataDir: C:\Users\PRATHA~1.KUM\AppDa...}, fedcm:accounts: true, goog:chromeOptions: {debuggerAddress: localhost:49451}, networkConnectionEnabled: false, pageLoadStrategy: normal, platformName: WINDOWS, proxy: Proxy(), se:cdp: ws://localhost:49451/devtoo..., se:cdpVersion: 124.0.6367.92, setWindowRect: true, strictFileInteractability: false, timeouts: {implicit: 0, pageLoad: 300000, script: 30000}, unhandledPromptBehavior: dismiss and notify, webauthn:extension:credBlob: true, webauthn:extension:largeBlob: true, webauthn:extension:minPinLength: true, webauthn:extension:prf: true, webauthn:virtualAuthenticators: true}
Session ID: 2cf28825ea7a8a419a5b05b8e5d35d84</small> </font> </div>
<div class="test-event"> <font color="maroon"> <small> &emsp; &emsp;--- 04 May 23:41:16 376 - <b>0</b> - Spinner Load Wait: (Sync) - ICar.support.WaitUtils.waitForSpinner(WaitUtils.java:225)</small> </font> </div>
<div class="test-event"> <font color="maroon"> <small> &emsp; &emsp;--- 04 May 23:41:26 483 - Page URL:: https://www.i-car.com/product/discover-safe-practices-around-electric-vehicles</small> </font> </div>
<div class="test-event"> <font color="maroon"> <small> &emsp; &emsp;--- 04 May 23:41:26 483 - <b>0</b> - Page Load Wait: (Sync) - ICar.support.Utils.waitForPageLoad(Utils.java:109)</small> </font> </div>
<div class="test-event"> <font color="maroon"> <small> &emsp; &emsp;--- 04 May 23:41:26 501 - Element is displayed:: [[ChromeDriver: chrome on WINDOWS (2cf28825ea7a8a419a5b05b8e5d35d84)] -> xpath: //a[contains(text(),'Back to Courses')]]</small> </font> </div>
<div class="test-event"> <font color="maroon"> <small> &emsp; &emsp;--- 04 May 23:41:33 528 - Catched spinner load exception due to javascript error: {"status":32,"value":"An invalid or illegal selector was specified"}
  (Session info: chrome=124.0.6367.92)
Build info: version: '4.6.0', revision: '79f1c02ae20'
System info: os.name: 'Windows 10', os.arch: 'amd64', os.version: '10.0', java.version: '17.0.7'
Driver info: org.openqa.selenium.chrome.ChromeDriver
Command: [2cf28825ea7a8a419a5b05b8e5d35d84, findElement {using=css selector, value=div[class='slds-spinner slds-spinner_brand slds-spinner_small']>div:nth-child(2)r}]
Capabilities {acceptInsecureCerts: false, browserName: chrome, browserVersion: 124.0.6367.92, chrome: {chromedriverVersion: 124.0.6367.91 (51df0e5e17a8..., userDataDir: C:\Users\PRATHA~1.KUM\AppDa...}, fedcm:accounts: true, goog:chromeOptions: {debuggerAddress: localhost:49451}, networkConnectionEnabled: false, pageLoadStrategy: normal, platformName: WINDOWS, proxy: Proxy(), se:cdp: ws://localhost:49451/devtoo..., se:cdpVersion: 124.0.6367.92, setWindowRect: true, strictFileInteractability: false, timeouts: {implicit: 0, pageLoad: 300000, script: 30000}, unhandledPromptBehavior: dismiss and notify, webauthn:extension:credBlob: true, webauthn:extension:largeBlob: true, webauthn:extension:minPinLength: true, webauthn:extension:prf: true, webauthn:virtualAuthenticators: true}
Session ID: 2cf28825ea7a8a419a5b05b8e5d35d84</small> </font> </div>
<div class="test-event"> <font color="maroon"> <small> &emsp; &emsp;--- 04 May 23:41:33 528 - <b>0</b> - Spinner Load Wait: (Sync) - ICar.support.WaitUtils.waitForSpinner(WaitUtils.java:225)</small> </font> </div>
<div class="test-message">&emsp;Back To Courses is displayed in the page </div>
<div class="test-message">&emsp;Successfully verified Back To Course Link&emsp;<a href=".\ScreenShot\URL_TC001_2720031156242600.png" target="_blank" >[ScreenShot]</a></div>
<div class="test-event"> <font color="maroon"> <small> &emsp; &emsp;--- 04 May 23:41:33 782 - Catched spinner load exception due to javascript error: {"status":32,"value":"An invalid or illegal selector was specified"}
  (Session info: chrome=124.0.6367.92)
Build info: version: '4.6.0', revision: '79f1c02ae20'
System info: os.name: 'Windows 10', os.arch: 'amd64', os.version: '10.0', java.version: '17.0.7'
Driver info: org.openqa.selenium.chrome.ChromeDriver
Command: [2cf28825ea7a8a419a5b05b8e5d35d84, findElement {using=css selector, value=div[class='slds-spinner slds-spinner_brand slds-spinner_small']>div:nth-child(2)r}]
Capabilities {acceptInsecureCerts: false, browserName: chrome, browserVersion: 124.0.6367.92, chrome: {chromedriverVersion: 124.0.6367.91 (51df0e5e17a8..., userDataDir: C:\Users\PRATHA~1.KUM\AppDa...}, fedcm:accounts: true, goog:chromeOptions: {debuggerAddress: localhost:49451}, networkConnectionEnabled: false, pageLoadStrategy: normal, platformName: WINDOWS, proxy: Proxy(), se:cdp: ws://localhost:49451/devtoo..., se:cdpVersion: 124.0.6367.92, setWindowRect: true, strictFileInteractability: false, timeouts: {implicit: 0, pageLoad: 300000, script: 30000}, unhandledPromptBehavior: dismiss and notify, webauthn:extension:credBlob: true, webauthn:extension:largeBlob: true, webauthn:extension:minPinLength: true, webauthn:extension:prf: true, webauthn:virtualAuthenticators: true}
Session ID: 2cf28825ea7a8a419a5b05b8e5d35d84</small> </font> </div>
<div class="test-event"> <font color="maroon"> <small> &emsp; &emsp;--- 04 May 23:41:33 782 - <b>0</b> - Spinner Load Wait: (Sync) - ICar.support.WaitUtils.waitForSpinner(WaitUtils.java:225)</small> </font> </div>
<div class="test-event"> <font color="maroon"> <small> &emsp; &emsp;--- 04 May 23:41:33 851 - Page URL:: https://www.i-car.com/product/discover-safe-practices-around-electric-vehicles</small> </font> </div>
<div class="test-event"> <font color="maroon"> <small> &emsp; &emsp;--- 04 May 23:41:33 851 - <b>0</b> - Page Load Wait: (Sync) - ICar.support.Utils.waitForPageLoad(Utils.java:109)</small> </font> </div>
<div class="test-event"> <font color="maroon"> <small> &emsp; &emsp;--- 04 May 23:41:43 898 - Element is displayed:: [[ChromeDriver: chrome on WINDOWS (2cf28825ea7a8a419a5b05b8e5d35d84)] -> xpath: //div[@class='productDetails slds-p-bottom_large']//div[contains(@class,'slds-p-bottom_medium')]]</small> </font> </div>
<div class="test-message">&emsp;Course Name : DiscoverSafePracticesAroundElectricVehicles is displayed in the URL page</div>
<div class="test-message">&emsp;Successfully verified the course name for relevant link&emsp;<a href=".\ScreenShot\URL_TC001_2720049542431100.png" target="_blank" >[ScreenShot]</a></div>
<div class="test-message">&emsp;
</div>
<div class="test-message">&emsp;80. URL is : https://www.i-car.com/product/pl3-mechanical-technician-theory</div>
<div class="test-event"> <font color="maroon"> <small> &emsp; &emsp;--- 04 May 23:41:56 708 - Page URL:: https://www.i-car.com/product/pl3-mechanical-technician-theory</small> </font> </div>
<div class="test-event"> <font color="maroon"> <small> &emsp; &emsp;--- 04 May 23:41:56 708 - <b>0</b> - Page Load Wait: (Sync) - ICar.support.Utils.waitForPageLoad(Utils.java:109)</small> </font> </div>
<div class="test-message">&emsp;Successfully navigated to the :  https://www.i-car.com/product/pl3-mechanical-technician-theory   Page&emsp;<a href=".\ScreenShot\URL_TC001_2720054325009200.png" target="_blank" >[ScreenShot]</a></div>
<div class="test-event"> <font color="maroon"> <small> &emsp; &emsp;--- 04 May 23:41:57 009 - Page URL:: https://www.i-car.com/product/pl3-mechanical-technician-theory</small> </font> </div>
<div class="test-event"> <font color="maroon"> <small> &emsp; &emsp;--- 04 May 23:41:57 009 - <b>0</b> - Page Load Wait: (Sync) - ICar.support.Utils.waitForPageLoad(Utils.java:109)</small> </font> </div>
<div class="test-event"> <font color="maroon"> <small> &emsp; &emsp;--- 04 May 23:41:57 016 - Catched spinner load exception due to javascript error: {"status":32,"value":"An invalid or illegal selector was specified"}
  (Session info: chrome=124.0.6367.92)
Build info: version: '4.6.0', revision: '79f1c02ae20'
System info: os.name: 'Windows 10', os.arch: 'amd64', os.version: '10.0', java.version: '17.0.7'
Driver info: org.openqa.selenium.chrome.ChromeDriver
Command: [2cf28825ea7a8a419a5b05b8e5d35d84, findElement {using=css selector, value=div[class='slds-spinner slds-spinner_brand slds-spinner_small']>div:nth-child(2)r}]
Capabilities {acceptInsecureCerts: false, browserName: chrome, browserVersion: 124.0.6367.92, chrome: {chromedriverVersion: 124.0.6367.91 (51df0e5e17a8..., userDataDir: C:\Users\PRATHA~1.KUM\AppDa...}, fedcm:accounts: true, goog:chromeOptions: {debuggerAddress: localhost:49451}, networkConnectionEnabled: false, pageLoadStrategy: normal, platformName: WINDOWS, proxy: Proxy(), se:cdp: ws://localhost:49451/devtoo..., se:cdpVersion: 124.0.6367.92, setWindowRect: true, strictFileInteractability: false, timeouts: {implicit: 0, pageLoad: 300000, script: 30000}, unhandledPromptBehavior: dismiss and notify, webauthn:extension:credBlob: true, webauthn:extension:largeBlob: true, webauthn:extension:minPinLength: true, webauthn:extension:prf: true, webauthn:virtualAuthenticators: true}
Session ID: 2cf28825ea7a8a419a5b05b8e5d35d84</small> </font> </div>
<div class="test-event"> <font color="maroon"> <small> &emsp; &emsp;--- 04 May 23:41:57 016 - <b>0</b> - Spinner Load Wait: (Sync) - ICar.support.WaitUtils.waitForSpinner(WaitUtils.java:225)</small> </font> </div>
<div class="test-event"> <font color="maroon"> <small> &emsp; &emsp;--- 04 May 23:42:07 097 - Page URL:: https://www.i-car.com/product/pl3-mechanical-technician-theory</small> </font> </div>
<div class="test-event"> <font color="maroon"> <small> &emsp; &emsp;--- 04 May 23:42:07 097 - <b>0</b> - Page Load Wait: (Sync) - ICar.support.Utils.waitForPageLoad(Utils.java:109)</small> </font> </div>
<div class="test-event"> <font color="maroon"> <small> &emsp; &emsp;--- 04 May 23:42:07 114 - Element is displayed:: [[ChromeDriver: chrome on WINDOWS (2cf28825ea7a8a419a5b05b8e5d35d84)] -> xpath: //a[contains(text(),'Back to Courses')]]</small> </font> </div>
<div class="test-event"> <font color="maroon"> <small> &emsp; &emsp;--- 04 May 23:42:14 143 - Catched spinner load exception due to javascript error: {"status":32,"value":"An invalid or illegal selector was specified"}
  (Session info: chrome=124.0.6367.92)
Build info: version: '4.6.0', revision: '79f1c02ae20'
System info: os.name: 'Windows 10', os.arch: 'amd64', os.version: '10.0', java.version: '17.0.7'
Driver info: org.openqa.selenium.chrome.ChromeDriver
Command: [2cf28825ea7a8a419a5b05b8e5d35d84, findElement {using=css selector, value=div[class='slds-spinner slds-spinner_brand slds-spinner_small']>div:nth-child(2)r}]
Capabilities {acceptInsecureCerts: false, browserName: chrome, browserVersion: 124.0.6367.92, chrome: {chromedriverVersion: 124.0.6367.91 (51df0e5e17a8..., userDataDir: C:\Users\PRATHA~1.KUM\AppDa...}, fedcm:accounts: true, goog:chromeOptions: {debuggerAddress: localhost:49451}, networkConnectionEnabled: false, pageLoadStrategy: normal, platformName: WINDOWS, proxy: Proxy(), se:cdp: ws://localhost:49451/devtoo..., se:cdpVersion: 124.0.6367.92, setWindowRect: true, strictFileInteractability: false, timeouts: {implicit: 0, pageLoad: 300000, script: 30000}, unhandledPromptBehavior: dismiss and notify, webauthn:extension:credBlob: true, webauthn:extension:largeBlob: true, webauthn:extension:minPinLength: true, webauthn:extension:prf: true, webauthn:virtualAuthenticators: true}
Session ID: 2cf28825ea7a8a419a5b05b8e5d35d84</small> </font> </div>
<div class="test-event"> <font color="maroon"> <small> &emsp; &emsp;--- 04 May 23:42:14 143 - <b>0</b> - Spinner Load Wait: (Sync) - ICar.support.WaitUtils.waitForSpinner(WaitUtils.java:225)</small> </font> </div>
<div class="test-message">&emsp;Back To Courses is displayed in the page </div>
<div class="test-message">&emsp;Successfully verified Back To Course Link&emsp;<a href=".\ScreenShot\URL_TC001_2720071770717800.png" target="_blank" >[ScreenShot]</a></div>
<div class="test-event"> <font color="maroon"> <small> &emsp; &emsp;--- 04 May 23:42:14 423 - Catched spinner load exception due to javascript error: {"status":32,"value":"An invalid or illegal selector was specified"}
  (Session info: chrome=124.0.6367.92)
Build info: version: '4.6.0', revision: '79f1c02ae20'
System info: os.name: 'Windows 10', os.arch: 'amd64', os.version: '10.0', java.version: '17.0.7'
Driver info: org.openqa.selenium.chrome.ChromeDriver
Command: [2cf28825ea7a8a419a5b05b8e5d35d84, findElement {using=css selector, value=div[class='slds-spinner slds-spinner_brand slds-spinner_small']>div:nth-child(2)r}]
Capabilities {acceptInsecureCerts: false, browserName: chrome, browserVersion: 124.0.6367.92, chrome: {chromedriverVersion: 124.0.6367.91 (51df0e5e17a8..., userDataDir: C:\Users\PRATHA~1.KUM\AppDa...}, fedcm:accounts: true, goog:chromeOptions: {debuggerAddress: localhost:49451}, networkConnectionEnabled: false, pageLoadStrategy: normal, platformName: WINDOWS, proxy: Proxy(), se:cdp: ws://localhost:49451/devtoo..., se:cdpVersion: 124.0.6367.92, setWindowRect: true, strictFileInteractability: false, timeouts: {implicit: 0, pageLoad: 300000, script: 30000}, unhandledPromptBehavior: dismiss and notify, webauthn:extension:credBlob: true, webauthn:extension:largeBlob: true, webauthn:extension:minPinLength: true, webauthn:extension:prf: true, webauthn:virtualAuthenticators: true}
Session ID: 2cf28825ea7a8a419a5b05b8e5d35d84</small> </font> </div>
<div class="test-event"> <font color="maroon"> <small> &emsp; &emsp;--- 04 May 23:42:14 423 - <b>0</b> - Spinner Load Wait: (Sync) - ICar.support.WaitUtils.waitForSpinner(WaitUtils.java:225)</small> </font> </div>
<div class="test-event"> <font color="maroon"> <small> &emsp; &emsp;--- 04 May 23:42:14 489 - Page URL:: https://www.i-car.com/product/pl3-mechanical-technician-theory</small> </font> </div>
<div class="test-event"> <font color="maroon"> <small> &emsp; &emsp;--- 04 May 23:42:14 489 - <b>0</b> - Page Load Wait: (Sync) - ICar.support.Utils.waitForPageLoad(Utils.java:109)</small> </font> </div>
<div class="test-event"> <font color="maroon"> <small> &emsp; &emsp;--- 04 May 23:42:24 549 - Element is displayed:: [[ChromeDriver: chrome on WINDOWS (2cf28825ea7a8a419a5b05b8e5d35d84)] -> xpath: //div[@class='productDetails slds-p-bottom_large']//div[contains(@class,'slds-p-bottom_medium')]]</small> </font> </div>
<div class="test-message">&emsp;Course Name : PL3MechanicalTechnicianTheory is displayed in the URL page</div>
<div class="test-message">&emsp;Successfully verified the course name for relevant link&emsp;<a href=".\ScreenShot\URL_TC001_2720090189711400.png" target="_blank" >[ScreenShot]</a></div>
<div class="test-message">&emsp;
</div>
<div class="test-message">&emsp;81. URL is : https://www.i-car.com/product/schedule-the-repair</div>
<div class="test-event"> <font color="maroon"> <small> &emsp; &emsp;--- 04 May 23:42:49 320 - Page URL:: https://www.i-car.com/product/schedule-the-repair</small> </font> </div>
<div class="test-event"> <font color="maroon"> <small> &emsp; &emsp;--- 04 May 23:42:49 320 - <b>0</b> - Page Load Wait: (Sync) - ICar.support.Utils.waitForPageLoad(Utils.java:109)</small> </font> </div>
<div class="test-message">&emsp;Successfully navigated to the :  https://www.i-car.com/product/schedule-the-repair   Page&emsp;<a href=".\ScreenShot\URL_TC001_2720106937119700.png" target="_blank" >[ScreenShot]</a></div>
<div class="test-event"> <font color="maroon"> <small> &emsp; &emsp;--- 04 May 23:42:49 616 - Page URL:: https://www.i-car.com/product/schedule-the-repair</small> </font> </div>
<div class="test-event"> <font color="maroon"> <small> &emsp; &emsp;--- 04 May 23:42:49 616 - <b>0</b> - Page Load Wait: (Sync) - ICar.support.Utils.waitForPageLoad(Utils.java:109)</small> </font> </div>
<div class="test-event"> <font color="maroon"> <small> &emsp; &emsp;--- 04 May 23:42:49 623 - Catched spinner load exception due to javascript error: {"status":32,"value":"An invalid or illegal selector was specified"}
  (Session info: chrome=124.0.6367.92)
Build info: version: '4.6.0', revision: '79f1c02ae20'
System info: os.name: 'Windows 10', os.arch: 'amd64', os.version: '10.0', java.version: '17.0.7'
Driver info: org.openqa.selenium.chrome.ChromeDriver
Command: [2cf28825ea7a8a419a5b05b8e5d35d84, findElement {using=css selector, value=div[class='slds-spinner slds-spinner_brand slds-spinner_small']>div:nth-child(2)r}]
Capabilities {acceptInsecureCerts: false, browserName: chrome, browserVersion: 124.0.6367.92, chrome: {chromedriverVersion: 124.0.6367.91 (51df0e5e17a8..., userDataDir: C:\Users\PRATHA~1.KUM\AppDa...}, fedcm:accounts: true, goog:chromeOptions: {debuggerAddress: localhost:49451}, networkConnectionEnabled: false, pageLoadStrategy: normal, platformName: WINDOWS, proxy: Proxy(), se:cdp: ws://localhost:49451/devtoo..., se:cdpVersion: 124.0.6367.92, setWindowRect: true, strictFileInteractability: false, timeouts: {implicit: 0, pageLoad: 300000, script: 30000}, unhandledPromptBehavior: dismiss and notify, webauthn:extension:credBlob: true, webauthn:extension:largeBlob: true, webauthn:extension:minPinLength: true, webauthn:extension:prf: true, webauthn:virtualAuthenticators: true}
Session ID: 2cf28825ea7a8a419a5b05b8e5d35d84</small> </font> </div>
<div class="test-event"> <font color="maroon"> <small> &emsp; &emsp;--- 04 May 23:42:49 623 - <b>0</b> - Spinner Load Wait: (Sync) - ICar.support.WaitUtils.waitForSpinner(WaitUtils.java:225)</small> </font> </div>
<div class="test-event"> <font color="maroon"> <small> &emsp; &emsp;--- 04 May 23:42:59 720 - Page URL:: https://www.i-car.com/product/schedule-the-repair</small> </font> </div>
<div class="test-event"> <font color="maroon"> <small> &emsp; &emsp;--- 04 May 23:42:59 720 - <b>0</b> - Page Load Wait: (Sync) - ICar.support.Utils.waitForPageLoad(Utils.java:109)</small> </font> </div>
<div class="test-event"> <font color="maroon"> <small> &emsp; &emsp;--- 04 May 23:42:59 738 - Element is displayed:: [[ChromeDriver: chrome on WINDOWS (2cf28825ea7a8a419a5b05b8e5d35d84)] -> xpath: //a[contains(text(),'Back to Courses')]]</small> </font> </div>
<div class="test-event"> <font color="maroon"> <small> &emsp; &emsp;--- 04 May 23:43:06 772 - Catched spinner load exception due to javascript error: {"status":32,"value":"An invalid or illegal selector was specified"}
  (Session info: chrome=124.0.6367.92)
Build info: version: '4.6.0', revision: '79f1c02ae20'
System info: os.name: 'Windows 10', os.arch: 'amd64', os.version: '10.0', java.version: '17.0.7'
Driver info: org.openqa.selenium.chrome.ChromeDriver
Command: [2cf28825ea7a8a419a5b05b8e5d35d84, findElement {using=css selector, value=div[class='slds-spinner slds-spinner_brand slds-spinner_small']>div:nth-child(2)r}]
Capabilities {acceptInsecureCerts: false, browserName: chrome, browserVersion: 124.0.6367.92, chrome: {chromedriverVersion: 124.0.6367.91 (51df0e5e17a8..., userDataDir: C:\Users\PRATHA~1.KUM\AppDa...}, fedcm:accounts: true, goog:chromeOptions: {debuggerAddress: localhost:49451}, networkConnectionEnabled: false, pageLoadStrategy: normal, platformName: WINDOWS, proxy: Proxy(), se:cdp: ws://localhost:49451/devtoo..., se:cdpVersion: 124.0.6367.92, setWindowRect: true, strictFileInteractability: false, timeouts: {implicit: 0, pageLoad: 300000, script: 30000}, unhandledPromptBehavior: dismiss and notify, webauthn:extension:credBlob: true, webauthn:extension:largeBlob: true, webauthn:extension:minPinLength: true, webauthn:extension:prf: true, webauthn:virtualAuthenticators: true}
Session ID: 2cf28825ea7a8a419a5b05b8e5d35d84</small> </font> </div>
<div class="test-event"> <font color="maroon"> <small> &emsp; &emsp;--- 04 May 23:43:06 772 - <b>0</b> - Spinner Load Wait: (Sync) - ICar.support.WaitUtils.waitForSpinner(WaitUtils.java:225)</small> </font> </div>
<div class="test-message">&emsp;Back To Courses is displayed in the page </div>
<div class="test-message">&emsp;Successfully verified Back To Course Link&emsp;<a href=".\ScreenShot\URL_TC001_2720124399927600.png" target="_blank" >[ScreenShot]</a></div>
<div class="test-event"> <font color="maroon"> <small> &emsp; &emsp;--- 04 May 23:43:07 004 - Catched spinner load exception due to javascript error: {"status":32,"value":"An invalid or illegal selector was specified"}
  (Session info: chrome=124.0.6367.92)
Build info: version: '4.6.0', revision: '79f1c02ae20'
System info: os.name: 'Windows 10', os.arch: 'amd64', os.version: '10.0', java.version: '17.0.7'
Driver info: org.openqa.selenium.chrome.ChromeDriver
Command: [2cf28825ea7a8a419a5b05b8e5d35d84, findElement {using=css selector, value=div[class='slds-spinner slds-spinner_brand slds-spinner_small']>div:nth-child(2)r}]
Capabilities {acceptInsecureCerts: false, browserName: chrome, browserVersion: 124.0.6367.92, chrome: {chromedriverVersion: 124.0.6367.91 (51df0e5e17a8..., userDataDir: C:\Users\PRATHA~1.KUM\AppDa...}, fedcm:accounts: true, goog:chromeOptions: {debuggerAddress: localhost:49451}, networkConnectionEnabled: false, pageLoadStrategy: normal, platformName: WINDOWS, proxy: Proxy(), se:cdp: ws://localhost:49451/devtoo..., se:cdpVersion: 124.0.6367.92, setWindowRect: true, strictFileInteractability: false, timeouts: {implicit: 0, pageLoad: 300000, script: 30000}, unhandledPromptBehavior: dismiss and notify, webauthn:extension:credBlob: true, webauthn:extension:largeBlob: true, webauthn:extension:minPinLength: true, webauthn:extension:prf: true, webauthn:virtualAuthenticators: true}
Session ID: 2cf28825ea7a8a419a5b05b8e5d35d84</small> </font> </div>
<div class="test-event"> <font color="maroon"> <small> &emsp; &emsp;--- 04 May 23:43:07 004 - <b>0</b> - Spinner Load Wait: (Sync) - ICar.support.WaitUtils.waitForSpinner(WaitUtils.java:225)</small> </font> </div>
<div class="test-event"> <font color="maroon"> <small> &emsp; &emsp;--- 04 May 23:43:07 074 - Page URL:: https://www.i-car.com/product/schedule-the-repair</small> </font> </div>
<div class="test-event"> <font color="maroon"> <small> &emsp; &emsp;--- 04 May 23:43:07 074 - <b>0</b> - Page Load Wait: (Sync) - ICar.support.Utils.waitForPageLoad(Utils.java:109)</small> </font> </div>
<div class="test-event"> <font color="maroon"> <small> &emsp; &emsp;--- 04 May 23:43:17 168 - Element is displayed:: [[ChromeDriver: chrome on WINDOWS (2cf28825ea7a8a419a5b05b8e5d35d84)] -> xpath: //div[@class='productDetails slds-p-bottom_large']//div[contains(@class,'slds-p-bottom_medium')]]</small> </font> </div>
<div class="test-message">&emsp;Course Name : ScheduletheRepair is displayed in the URL page</div>
<div class="test-message">&emsp;Successfully verified the course name for relevant link&emsp;<a href=".\ScreenShot\URL_TC001_2720142806219400.png" target="_blank" >[ScreenShot]</a></div>
<div class="test-message">&emsp;
</div>
<div class="test-message">&emsp;82. URL is : https://www.i-car.com/product/vehicle-checkin-process</div>
<div class="test-event"> <font color="maroon"> <small> &emsp; &emsp;--- 04 May 23:43:26 644 - Page URL:: https://www.i-car.com/product/vehicle-checkin-process</small> </font> </div>
<div class="test-event"> <font color="maroon"> <small> &emsp; &emsp;--- 04 May 23:43:26 644 - <b>0</b> - Page Load Wait: (Sync) - ICar.support.Utils.waitForPageLoad(Utils.java:109)</small> </font> </div>
<div class="test-message">&emsp;Successfully navigated to the :  https://www.i-car.com/product/vehicle-checkin-process   Page&emsp;<a href=".\ScreenShot\URL_TC001_2720144261035000.png" target="_blank" >[ScreenShot]</a></div>
<div class="test-event"> <font color="maroon"> <small> &emsp; &emsp;--- 04 May 23:43:26 899 - Page URL:: https://www.i-car.com/product/vehicle-checkin-process</small> </font> </div>
<div class="test-event"> <font color="maroon"> <small> &emsp; &emsp;--- 04 May 23:43:26 899 - <b>0</b> - Page Load Wait: (Sync) - ICar.support.Utils.waitForPageLoad(Utils.java:109)</small> </font> </div>
<div class="test-event"> <font color="maroon"> <small> &emsp; &emsp;--- 04 May 23:43:26 907 - Catched spinner load exception due to javascript error: {"status":32,"value":"An invalid or illegal selector was specified"}
  (Session info: chrome=124.0.6367.92)
Build info: version: '4.6.0', revision: '79f1c02ae20'
System info: os.name: 'Windows 10', os.arch: 'amd64', os.version: '10.0', java.version: '17.0.7'
Driver info: org.openqa.selenium.chrome.ChromeDriver
Command: [2cf28825ea7a8a419a5b05b8e5d35d84, findElement {using=css selector, value=div[class='slds-spinner slds-spinner_brand slds-spinner_small']>div:nth-child(2)r}]
Capabilities {acceptInsecureCerts: false, browserName: chrome, browserVersion: 124.0.6367.92, chrome: {chromedriverVersion: 124.0.6367.91 (51df0e5e17a8..., userDataDir: C:\Users\PRATHA~1.KUM\AppDa...}, fedcm:accounts: true, goog:chromeOptions: {debuggerAddress: localhost:49451}, networkConnectionEnabled: false, pageLoadStrategy: normal, platformName: WINDOWS, proxy: Proxy(), se:cdp: ws://localhost:49451/devtoo..., se:cdpVersion: 124.0.6367.92, setWindowRect: true, strictFileInteractability: false, timeouts: {implicit: 0, pageLoad: 300000, script: 30000}, unhandledPromptBehavior: dismiss and notify, webauthn:extension:credBlob: true, webauthn:extension:largeBlob: true, webauthn:extension:minPinLength: true, webauthn:extension:prf: true, webauthn:virtualAuthenticators: true}
Session ID: 2cf28825ea7a8a419a5b05b8e5d35d84</small> </font> </div>
<div class="test-event"> <font color="maroon"> <small> &emsp; &emsp;--- 04 May 23:43:26 907 - <b>0</b> - Spinner Load Wait: (Sync) - ICar.support.WaitUtils.waitForSpinner(WaitUtils.java:225)</small> </font> </div>
<div class="test-event"> <font color="maroon"> <small> &emsp; &emsp;--- 04 May 23:43:36 984 - Page URL:: https://www.i-car.com/product/vehicle-checkin-process</small> </font> </div>
<div class="test-event"> <font color="maroon"> <small> &emsp; &emsp;--- 04 May 23:43:36 984 - <b>0</b> - Page Load Wait: (Sync) - ICar.support.Utils.waitForPageLoad(Utils.java:109)</small> </font> </div>
<div class="test-event"> <font color="maroon"> <small> &emsp; &emsp;--- 04 May 23:43:36 999 - Element is displayed:: [[ChromeDriver: chrome on WINDOWS (2cf28825ea7a8a419a5b05b8e5d35d84)] -> xpath: //a[contains(text(),'Back to Courses')]]</small> </font> </div>
<div class="test-event"> <font color="maroon"> <small> &emsp; &emsp;--- 04 May 23:43:44 034 - Catched spinner load exception due to javascript error: {"status":32,"value":"An invalid or illegal selector was specified"}
  (Session info: chrome=124.0.6367.92)
Build info: version: '4.6.0', revision: '79f1c02ae20'
System info: os.name: 'Windows 10', os.arch: 'amd64', os.version: '10.0', java.version: '17.0.7'
Driver info: org.openqa.selenium.chrome.ChromeDriver
Command: [2cf28825ea7a8a419a5b05b8e5d35d84, findElement {using=css selector, value=div[class='slds-spinner slds-spinner_brand slds-spinner_small']>div:nth-child(2)r}]
Capabilities {acceptInsecureCerts: false, browserName: chrome, browserVersion: 124.0.6367.92, chrome: {chromedriverVersion: 124.0.6367.91 (51df0e5e17a8..., userDataDir: C:\Users\PRATHA~1.KUM\AppDa...}, fedcm:accounts: true, goog:chromeOptions: {debuggerAddress: localhost:49451}, networkConnectionEnabled: false, pageLoadStrategy: normal, platformName: WINDOWS, proxy: Proxy(), se:cdp: ws://localhost:49451/devtoo..., se:cdpVersion: 124.0.6367.92, setWindowRect: true, strictFileInteractability: false, timeouts: {implicit: 0, pageLoad: 300000, script: 30000}, unhandledPromptBehavior: dismiss and notify, webauthn:extension:credBlob: true, webauthn:extension:largeBlob: true, webauthn:extension:minPinLength: true, webauthn:extension:prf: true, webauthn:virtualAuthenticators: true}
Session ID: 2cf28825ea7a8a419a5b05b8e5d35d84</small> </font> </div>
<div class="test-event"> <font color="maroon"> <small> &emsp; &emsp;--- 04 May 23:43:44 034 - <b>0</b> - Spinner Load Wait: (Sync) - ICar.support.WaitUtils.waitForSpinner(WaitUtils.java:225)</small> </font> </div>
<div class="test-message">&emsp;Back To Courses is displayed in the page </div>
<div class="test-message">&emsp;Successfully verified Back To Course Link&emsp;<a href=".\ScreenShot\URL_TC001_2720161662719100.png" target="_blank" >[ScreenShot]</a></div>
<div class="test-event"> <font color="maroon"> <small> &emsp; &emsp;--- 04 May 23:43:44 282 - Catched spinner load exception due to javascript error: {"status":32,"value":"An invalid or illegal selector was specified"}
  (Session info: chrome=124.0.6367.92)
Build info: version: '4.6.0', revision: '79f1c02ae20'
System info: os.name: 'Windows 10', os.arch: 'amd64', os.version: '10.0', java.version: '17.0.7'
Driver info: org.openqa.selenium.chrome.ChromeDriver
Command: [2cf28825ea7a8a419a5b05b8e5d35d84, findElement {using=css selector, value=div[class='slds-spinner slds-spinner_brand slds-spinner_small']>div:nth-child(2)r}]
Capabilities {acceptInsecureCerts: false, browserName: chrome, browserVersion: 124.0.6367.92, chrome: {chromedriverVersion: 124.0.6367.91 (51df0e5e17a8..., userDataDir: C:\Users\PRATHA~1.KUM\AppDa...}, fedcm:accounts: true, goog:chromeOptions: {debuggerAddress: localhost:49451}, networkConnectionEnabled: false, pageLoadStrategy: normal, platformName: WINDOWS, proxy: Proxy(), se:cdp: ws://localhost:49451/devtoo..., se:cdpVersion: 124.0.6367.92, setWindowRect: true, strictFileInteractability: false, timeouts: {implicit: 0, pageLoad: 300000, script: 30000}, unhandledPromptBehavior: dismiss and notify, webauthn:extension:credBlob: true, webauthn:extension:largeBlob: true, webauthn:extension:minPinLength: true, webauthn:extension:prf: true, webauthn:virtualAuthenticators: true}
Session ID: 2cf28825ea7a8a419a5b05b8e5d35d84</small> </font> </div>
<div class="test-event"> <font color="maroon"> <small> &emsp; &emsp;--- 04 May 23:43:44 282 - <b>0</b> - Spinner Load Wait: (Sync) - ICar.support.WaitUtils.waitForSpinner(WaitUtils.java:225)</small> </font> </div>
<div class="test-event"> <font color="maroon"> <small> &emsp; &emsp;--- 04 May 23:43:44 347 - Page URL:: https://www.i-car.com/product/vehicle-checkin-process</small> </font> </div>
<div class="test-event"> <font color="maroon"> <small> &emsp; &emsp;--- 04 May 23:43:44 347 - <b>0</b> - Page Load Wait: (Sync) - ICar.support.Utils.waitForPageLoad(Utils.java:109)</small> </font> </div>
<div class="test-event"> <font color="maroon"> <small> &emsp; &emsp;--- 04 May 23:43:54 410 - Element is displayed:: [[ChromeDriver: chrome on WINDOWS (2cf28825ea7a8a419a5b05b8e5d35d84)] -> xpath: //div[@class='productDetails slds-p-bottom_large']//div[contains(@class,'slds-p-bottom_medium')]]</small> </font> </div>
<div class="test-message">&emsp;Course Name : VehicleCheckInProcess is displayed in the URL page</div>
<div class="test-message">&emsp;Successfully verified the course name for relevant link&emsp;<a href=".\ScreenShot\URL_TC001_2720180060748500.png" target="_blank" >[ScreenShot]</a></div>
<div class="test-message">&emsp;
</div>
<div class="test-message">&emsp;83. URL is : https://www.i-car.com/product/pl3-estimator</div>
<div class="test-event"> <font color="maroon"> <small> &emsp; &emsp;--- 04 May 23:44:03 771 - Page URL:: https://www.i-car.com/product/pl3-estimator</small> </font> </div>
<div class="test-event"> <font color="maroon"> <small> &emsp; &emsp;--- 04 May 23:44:03 771 - <b>0</b> - Page Load Wait: (Sync) - ICar.support.Utils.waitForPageLoad(Utils.java:109)</small> </font> </div>
<div class="test-message">&emsp;Successfully navigated to the :  https://www.i-car.com/product/pl3-estimator   Page&emsp;<a href=".\ScreenShot\URL_TC001_2720181389591900.png" target="_blank" >[ScreenShot]</a></div>
<div class="test-event"> <font color="maroon"> <small> &emsp; &emsp;--- 04 May 23:44:04 039 - Page URL:: https://www.i-car.com/product/pl3-estimator</small> </font> </div>
<div class="test-event"> <font color="maroon"> <small> &emsp; &emsp;--- 04 May 23:44:04 039 - <b>0</b> - Page Load Wait: (Sync) - ICar.support.Utils.waitForPageLoad(Utils.java:109)</small> </font> </div>
<div class="test-event"> <font color="maroon"> <small> &emsp; &emsp;--- 04 May 23:44:04 047 - Catched spinner load exception due to javascript error: {"status":32,"value":"An invalid or illegal selector was specified"}
  (Session info: chrome=124.0.6367.92)
Build info: version: '4.6.0', revision: '79f1c02ae20'
System info: os.name: 'Windows 10', os.arch: 'amd64', os.version: '10.0', java.version: '17.0.7'
Driver info: org.openqa.selenium.chrome.ChromeDriver
Command: [2cf28825ea7a8a419a5b05b8e5d35d84, findElement {using=css selector, value=div[class='slds-spinner slds-spinner_brand slds-spinner_small']>div:nth-child(2)r}]
Capabilities {acceptInsecureCerts: false, browserName: chrome, browserVersion: 124.0.6367.92, chrome: {chromedriverVersion: 124.0.6367.91 (51df0e5e17a8..., userDataDir: C:\Users\PRATHA~1.KUM\AppDa...}, fedcm:accounts: true, goog:chromeOptions: {debuggerAddress: localhost:49451}, networkConnectionEnabled: false, pageLoadStrategy: normal, platformName: WINDOWS, proxy: Proxy(), se:cdp: ws://localhost:49451/devtoo..., se:cdpVersion: 124.0.6367.92, setWindowRect: true, strictFileInteractability: false, timeouts: {implicit: 0, pageLoad: 300000, script: 30000}, unhandledPromptBehavior: dismiss and notify, webauthn:extension:credBlob: true, webauthn:extension:largeBlob: true, webauthn:extension:minPinLength: true, webauthn:extension:prf: true, webauthn:virtualAuthenticators: true}
Session ID: 2cf28825ea7a8a419a5b05b8e5d35d84</small> </font> </div>
<div class="test-event"> <font color="maroon"> <small> &emsp; &emsp;--- 04 May 23:44:04 047 - <b>0</b> - Spinner Load Wait: (Sync) - ICar.support.WaitUtils.waitForSpinner(WaitUtils.java:225)</small> </font> </div>
<div class="test-event"> <font color="maroon"> <small> &emsp; &emsp;--- 04 May 23:44:14 146 - Page URL:: https://www.i-car.com/product/pl3-estimator</small> </font> </div>
<div class="test-event"> <font color="maroon"> <small> &emsp; &emsp;--- 04 May 23:44:14 147 - <b>0</b> - Page Load Wait: (Sync) - ICar.support.Utils.waitForPageLoad(Utils.java:109)</small> </font> </div>
<div class="test-event"> <font color="maroon"> <small> &emsp; &emsp;--- 04 May 23:44:14 162 - Element is displayed:: [[ChromeDriver: chrome on WINDOWS (2cf28825ea7a8a419a5b05b8e5d35d84)] -> xpath: //a[contains(text(),'Back to Courses')]]</small> </font> </div>
<div class="test-event"> <font color="maroon"> <small> &emsp; &emsp;--- 04 May 23:44:21 198 - Catched spinner load exception due to javascript error: {"status":32,"value":"An invalid or illegal selector was specified"}
  (Session info: chrome=124.0.6367.92)
Build info: version: '4.6.0', revision: '79f1c02ae20'
System info: os.name: 'Windows 10', os.arch: 'amd64', os.version: '10.0', java.version: '17.0.7'
Driver info: org.openqa.selenium.chrome.ChromeDriver
Command: [2cf28825ea7a8a419a5b05b8e5d35d84, findElement {using=css selector, value=div[class='slds-spinner slds-spinner_brand slds-spinner_small']>div:nth-child(2)r}]
Capabilities {acceptInsecureCerts: false, browserName: chrome, browserVersion: 124.0.6367.92, chrome: {chromedriverVersion: 124.0.6367.91 (51df0e5e17a8..., userDataDir: C:\Users\PRATHA~1.KUM\AppDa...}, fedcm:accounts: true, goog:chromeOptions: {debuggerAddress: localhost:49451}, networkConnectionEnabled: false, pageLoadStrategy: normal, platformName: WINDOWS, proxy: Proxy(), se:cdp: ws://localhost:49451/devtoo..., se:cdpVersion: 124.0.6367.92, setWindowRect: true, strictFileInteractability: false, timeouts: {implicit: 0, pageLoad: 300000, script: 30000}, unhandledPromptBehavior: dismiss and notify, webauthn:extension:credBlob: true, webauthn:extension:largeBlob: true, webauthn:extension:minPinLength: true, webauthn:extension:prf: true, webauthn:virtualAuthenticators: true}
Session ID: 2cf28825ea7a8a419a5b05b8e5d35d84</small> </font> </div>
<div class="test-event"> <font color="maroon"> <small> &emsp; &emsp;--- 04 May 23:44:21 198 - <b>0</b> - Spinner Load Wait: (Sync) - ICar.support.WaitUtils.waitForSpinner(WaitUtils.java:225)</small> </font> </div>
<div class="test-message">&emsp;Back To Courses is displayed in the page </div>
<div class="test-message">&emsp;Successfully verified Back To Course Link&emsp;<a href=".\ScreenShot\URL_TC001_2720198827771600.png" target="_blank" >[ScreenShot]</a></div>
<div class="test-event"> <font color="maroon"> <small> &emsp; &emsp;--- 04 May 23:44:21 435 - Catched spinner load exception due to javascript error: {"status":32,"value":"An invalid or illegal selector was specified"}
  (Session info: chrome=124.0.6367.92)
Build info: version: '4.6.0', revision: '79f1c02ae20'
System info: os.name: 'Windows 10', os.arch: 'amd64', os.version: '10.0', java.version: '17.0.7'
Driver info: org.openqa.selenium.chrome.ChromeDriver
Command: [2cf28825ea7a8a419a5b05b8e5d35d84, findElement {using=css selector, value=div[class='slds-spinner slds-spinner_brand slds-spinner_small']>div:nth-child(2)r}]
Capabilities {acceptInsecureCerts: false, browserName: chrome, browserVersion: 124.0.6367.92, chrome: {chromedriverVersion: 124.0.6367.91 (51df0e5e17a8..., userDataDir: C:\Users\PRATHA~1.KUM\AppDa...}, fedcm:accounts: true, goog:chromeOptions: {debuggerAddress: localhost:49451}, networkConnectionEnabled: false, pageLoadStrategy: normal, platformName: WINDOWS, proxy: Proxy(), se:cdp: ws://localhost:49451/devtoo..., se:cdpVersion: 124.0.6367.92, setWindowRect: true, strictFileInteractability: false, timeouts: {implicit: 0, pageLoad: 300000, script: 30000}, unhandledPromptBehavior: dismiss and notify, webauthn:extension:credBlob: true, webauthn:extension:largeBlob: true, webauthn:extension:minPinLength: true, webauthn:extension:prf: true, webauthn:virtualAuthenticators: true}
Session ID: 2cf28825ea7a8a419a5b05b8e5d35d84</small> </font> </div>
<div class="test-event"> <font color="maroon"> <small> &emsp; &emsp;--- 04 May 23:44:21 435 - <b>0</b> - Spinner Load Wait: (Sync) - ICar.support.WaitUtils.waitForSpinner(WaitUtils.java:225)</small> </font> </div>
<div class="test-event"> <font color="maroon"> <small> &emsp; &emsp;--- 04 May 23:44:21 511 - Page URL:: https://www.i-car.com/product/pl3-estimator</small> </font> </div>
<div class="test-event"> <font color="maroon"> <small> &emsp; &emsp;--- 04 May 23:44:21 511 - <b>0</b> - Page Load Wait: (Sync) - ICar.support.Utils.waitForPageLoad(Utils.java:109)</small> </font> </div>
<div class="test-event"> <font color="maroon"> <small> &emsp; &emsp;--- 04 May 23:44:31 573 - Element is displayed:: [[ChromeDriver: chrome on WINDOWS (2cf28825ea7a8a419a5b05b8e5d35d84)] -> xpath: //div[@class='productDetails slds-p-bottom_large']//div[contains(@class,'slds-p-bottom_medium')]]</small> </font> </div>
<div class="test-message">&emsp;Course Name : PL3Estimator is displayed in the URL page</div>
<div class="test-message">&emsp;Successfully verified the course name for relevant link&emsp;<a href=".\ScreenShot\URL_TC001_2720217210881700.png" target="_blank" >[ScreenShot]</a></div>
<div class="test-message">&emsp;
</div>
<div class="test-message">&emsp;84. URL is : https://www.i-car.com/product/pl2-electricaldiagnostics-technician-theory</div>
<div class="test-event"> <font color="maroon"> <small> &emsp; &emsp;--- 04 May 23:44:40 947 - Page URL:: https://www.i-car.com/product/pl2-electricaldiagnostics-technician-theory</small> </font> </div>
<div class="test-event"> <font color="maroon"> <small> &emsp; &emsp;--- 04 May 23:44:40 947 - <b>0</b> - Page Load Wait: (Sync) - ICar.support.Utils.waitForPageLoad(Utils.java:109)</small> </font> </div>
<div class="test-message">&emsp;Successfully navigated to the :  https://www.i-car.com/product/pl2-electricaldiagnostics-technician-theory   Page&emsp;<a href=".\ScreenShot\URL_TC001_2720218563958400.png" target="_blank" >[ScreenShot]</a></div>
<div class="test-event"> <font color="maroon"> <small> &emsp; &emsp;--- 04 May 23:44:41 196 - Page URL:: https://www.i-car.com/product/pl2-electricaldiagnostics-technician-theory</small> </font> </div>
<div class="test-event"> <font color="maroon"> <small> &emsp; &emsp;--- 04 May 23:44:41 196 - <b>0</b> - Page Load Wait: (Sync) - ICar.support.Utils.waitForPageLoad(Utils.java:109)</small> </font> </div>
<div class="test-event"> <font color="maroon"> <small> &emsp; &emsp;--- 04 May 23:44:41 205 - Catched spinner load exception due to javascript error: {"status":32,"value":"An invalid or illegal selector was specified"}
  (Session info: chrome=124.0.6367.92)
Build info: version: '4.6.0', revision: '79f1c02ae20'
System info: os.name: 'Windows 10', os.arch: 'amd64', os.version: '10.0', java.version: '17.0.7'
Driver info: org.openqa.selenium.chrome.ChromeDriver
Command: [2cf28825ea7a8a419a5b05b8e5d35d84, findElement {using=css selector, value=div[class='slds-spinner slds-spinner_brand slds-spinner_small']>div:nth-child(2)r}]
Capabilities {acceptInsecureCerts: false, browserName: chrome, browserVersion: 124.0.6367.92, chrome: {chromedriverVersion: 124.0.6367.91 (51df0e5e17a8..., userDataDir: C:\Users\PRATHA~1.KUM\AppDa...}, fedcm:accounts: true, goog:chromeOptions: {debuggerAddress: localhost:49451}, networkConnectionEnabled: false, pageLoadStrategy: normal, platformName: WINDOWS, proxy: Proxy(), se:cdp: ws://localhost:49451/devtoo..., se:cdpVersion: 124.0.6367.92, setWindowRect: true, strictFileInteractability: false, timeouts: {implicit: 0, pageLoad: 300000, script: 30000}, unhandledPromptBehavior: dismiss and notify, webauthn:extension:credBlob: true, webauthn:extension:largeBlob: true, webauthn:extension:minPinLength: true, webauthn:extension:prf: true, webauthn:virtualAuthenticators: true}
Session ID: 2cf28825ea7a8a419a5b05b8e5d35d84</small> </font> </div>
<div class="test-event"> <font color="maroon"> <small> &emsp; &emsp;--- 04 May 23:44:41 205 - <b>0</b> - Spinner Load Wait: (Sync) - ICar.support.WaitUtils.waitForSpinner(WaitUtils.java:225)</small> </font> </div>
<div class="test-event"> <font color="maroon"> <small> &emsp; &emsp;--- 04 May 23:44:51 301 - Page URL:: https://www.i-car.com/product/pl2-electricaldiagnostics-technician-theory</small> </font> </div>
<div class="test-event"> <font color="maroon"> <small> &emsp; &emsp;--- 04 May 23:44:51 301 - <b>0</b> - Page Load Wait: (Sync) - ICar.support.Utils.waitForPageLoad(Utils.java:109)</small> </font> </div>
<div class="test-event"> <font color="maroon"> <small> &emsp; &emsp;--- 04 May 23:44:51 318 - Element is displayed:: [[ChromeDriver: chrome on WINDOWS (2cf28825ea7a8a419a5b05b8e5d35d84)] -> xpath: //a[contains(text(),'Back to Courses')]]</small> </font> </div>
<div class="test-event"> <font color="maroon"> <small> &emsp; &emsp;--- 04 May 23:44:58 344 - Catched spinner load exception due to javascript error: {"status":32,"value":"An invalid or illegal selector was specified"}
  (Session info: chrome=124.0.6367.92)
Build info: version: '4.6.0', revision: '79f1c02ae20'
System info: os.name: 'Windows 10', os.arch: 'amd64', os.version: '10.0', java.version: '17.0.7'
Driver info: org.openqa.selenium.chrome.ChromeDriver
Command: [2cf28825ea7a8a419a5b05b8e5d35d84, findElement {using=css selector, value=div[class='slds-spinner slds-spinner_brand slds-spinner_small']>div:nth-child(2)r}]
Capabilities {acceptInsecureCerts: false, browserName: chrome, browserVersion: 124.0.6367.92, chrome: {chromedriverVersion: 124.0.6367.91 (51df0e5e17a8..., userDataDir: C:\Users\PRATHA~1.KUM\AppDa...}, fedcm:accounts: true, goog:chromeOptions: {debuggerAddress: localhost:49451}, networkConnectionEnabled: false, pageLoadStrategy: normal, platformName: WINDOWS, proxy: Proxy(), se:cdp: ws://localhost:49451/devtoo..., se:cdpVersion: 124.0.6367.92, setWindowRect: true, strictFileInteractability: false, timeouts: {implicit: 0, pageLoad: 300000, script: 30000}, unhandledPromptBehavior: dismiss and notify, webauthn:extension:credBlob: true, webauthn:extension:largeBlob: true, webauthn:extension:minPinLength: true, webauthn:extension:prf: true, webauthn:virtualAuthenticators: true}
Session ID: 2cf28825ea7a8a419a5b05b8e5d35d84</small> </font> </div>
<div class="test-event"> <font color="maroon"> <small> &emsp; &emsp;--- 04 May 23:44:58 344 - <b>0</b> - Spinner Load Wait: (Sync) - ICar.support.WaitUtils.waitForSpinner(WaitUtils.java:225)</small> </font> </div>
<div class="test-message">&emsp;Back To Courses is displayed in the page </div>
<div class="test-message">&emsp;Successfully verified Back To Course Link&emsp;<a href=".\ScreenShot\URL_TC001_2720235972232000.png" target="_blank" >[ScreenShot]</a></div>
<div class="test-event"> <font color="maroon"> <small> &emsp; &emsp;--- 04 May 23:44:58 739 - Catched spinner load exception due to javascript error: {"status":32,"value":"An invalid or illegal selector was specified"}
  (Session info: chrome=124.0.6367.92)
Build info: version: '4.6.0', revision: '79f1c02ae20'
System info: os.name: 'Windows 10', os.arch: 'amd64', os.version: '10.0', java.version: '17.0.7'
Driver info: org.openqa.selenium.chrome.ChromeDriver
Command: [2cf28825ea7a8a419a5b05b8e5d35d84, findElement {using=css selector, value=div[class='slds-spinner slds-spinner_brand slds-spinner_small']>div:nth-child(2)r}]
Capabilities {acceptInsecureCerts: false, browserName: chrome, browserVersion: 124.0.6367.92, chrome: {chromedriverVersion: 124.0.6367.91 (51df0e5e17a8..., userDataDir: C:\Users\PRATHA~1.KUM\AppDa...}, fedcm:accounts: true, goog:chromeOptions: {debuggerAddress: localhost:49451}, networkConnectionEnabled: false, pageLoadStrategy: normal, platformName: WINDOWS, proxy: Proxy(), se:cdp: ws://localhost:49451/devtoo..., se:cdpVersion: 124.0.6367.92, setWindowRect: true, strictFileInteractability: false, timeouts: {implicit: 0, pageLoad: 300000, script: 30000}, unhandledPromptBehavior: dismiss and notify, webauthn:extension:credBlob: true, webauthn:extension:largeBlob: true, webauthn:extension:minPinLength: true, webauthn:extension:prf: true, webauthn:virtualAuthenticators: true}
Session ID: 2cf28825ea7a8a419a5b05b8e5d35d84</small> </font> </div>
<div class="test-event"> <font color="maroon"> <small> &emsp; &emsp;--- 04 May 23:44:58 739 - <b>0</b> - Spinner Load Wait: (Sync) - ICar.support.WaitUtils.waitForSpinner(WaitUtils.java:225)</small> </font> </div>
<div class="test-event"> <font color="maroon"> <small> &emsp; &emsp;--- 04 May 23:44:58 819 - Page URL:: https://www.i-car.com/product/pl2-electricaldiagnostics-technician-theory</small> </font> </div>
<div class="test-event"> <font color="maroon"> <small> &emsp; &emsp;--- 04 May 23:44:58 819 - <b>0</b> - Page Load Wait: (Sync) - ICar.support.Utils.waitForPageLoad(Utils.java:109)</small> </font> </div>
<div class="test-event"> <font color="maroon"> <small> &emsp; &emsp;--- 04 May 23:45:08 875 - Element is displayed:: [[ChromeDriver: chrome on WINDOWS (2cf28825ea7a8a419a5b05b8e5d35d84)] -> xpath: //div[@class='productDetails slds-p-bottom_large']//div[contains(@class,'slds-p-bottom_medium')]]</small> </font> </div>
<div class="test-message">&emsp;Course Name : PL2ElectricalDiagnosticsTechnicianTheory is displayed in the URL page</div>
<div class="test-message">&emsp;Successfully verified the course name for relevant link&emsp;<a href=".\ScreenShot\URL_TC001_2720254509055600.png" target="_blank" >[ScreenShot]</a></div>
<div class="test-message">&emsp;
</div>
<div class="test-message">&emsp;85. URL is : https://www.i-car.com/product/problem-solving-for-workflow-changes</div>
<div class="test-event"> <font color="maroon"> <small> &emsp; &emsp;--- 04 May 23:45:17 774 - Page URL:: https://www.i-car.com/product/problem-solving-for-workflow-changes</small> </font> </div>
<div class="test-event"> <font color="maroon"> <small> &emsp; &emsp;--- 04 May 23:45:17 774 - <b>0</b> - Page Load Wait: (Sync) - ICar.support.Utils.waitForPageLoad(Utils.java:109)</small> </font> </div>
<div class="test-message">&emsp;Successfully navigated to the :  https://www.i-car.com/product/problem-solving-for-workflow-changes   Page&emsp;<a href=".\ScreenShot\URL_TC001_2720255391494300.png" target="_blank" >[ScreenShot]</a></div>
<div class="test-event"> <font color="maroon"> <small> &emsp; &emsp;--- 04 May 23:45:18 042 - Page URL:: https://www.i-car.com/product/problem-solving-for-workflow-changes</small> </font> </div>
<div class="test-event"> <font color="maroon"> <small> &emsp; &emsp;--- 04 May 23:45:18 042 - <b>0</b> - Page Load Wait: (Sync) - ICar.support.Utils.waitForPageLoad(Utils.java:109)</small> </font> </div>
<div class="test-event"> <font color="maroon"> <small> &emsp; &emsp;--- 04 May 23:45:18 051 - Catched spinner load exception due to javascript error: {"status":32,"value":"An invalid or illegal selector was specified"}
  (Session info: chrome=124.0.6367.92)
Build info: version: '4.6.0', revision: '79f1c02ae20'
System info: os.name: 'Windows 10', os.arch: 'amd64', os.version: '10.0', java.version: '17.0.7'
Driver info: org.openqa.selenium.chrome.ChromeDriver
Command: [2cf28825ea7a8a419a5b05b8e5d35d84, findElement {using=css selector, value=div[class='slds-spinner slds-spinner_brand slds-spinner_small']>div:nth-child(2)r}]
Capabilities {acceptInsecureCerts: false, browserName: chrome, browserVersion: 124.0.6367.92, chrome: {chromedriverVersion: 124.0.6367.91 (51df0e5e17a8..., userDataDir: C:\Users\PRATHA~1.KUM\AppDa...}, fedcm:accounts: true, goog:chromeOptions: {debuggerAddress: localhost:49451}, networkConnectionEnabled: false, pageLoadStrategy: normal, platformName: WINDOWS, proxy: Proxy(), se:cdp: ws://localhost:49451/devtoo..., se:cdpVersion: 124.0.6367.92, setWindowRect: true, strictFileInteractability: false, timeouts: {implicit: 0, pageLoad: 300000, script: 30000}, unhandledPromptBehavior: dismiss and notify, webauthn:extension:credBlob: true, webauthn:extension:largeBlob: true, webauthn:extension:minPinLength: true, webauthn:extension:prf: true, webauthn:virtualAuthenticators: true}
Session ID: 2cf28825ea7a8a419a5b05b8e5d35d84</small> </font> </div>
<div class="test-event"> <font color="maroon"> <small> &emsp; &emsp;--- 04 May 23:45:18 051 - <b>0</b> - Spinner Load Wait: (Sync) - ICar.support.WaitUtils.waitForSpinner(WaitUtils.java:225)</small> </font> </div>
<div class="test-event"> <font color="maroon"> <small> &emsp; &emsp;--- 04 May 23:45:28 154 - Page URL:: https://www.i-car.com/product/problem-solving-for-workflow-changes</small> </font> </div>
<div class="test-event"> <font color="maroon"> <small> &emsp; &emsp;--- 04 May 23:45:28 154 - <b>0</b> - Page Load Wait: (Sync) - ICar.support.Utils.waitForPageLoad(Utils.java:109)</small> </font> </div>
<div class="test-event"> <font color="maroon"> <small> &emsp; &emsp;--- 04 May 23:45:28 171 - Element is displayed:: [[ChromeDriver: chrome on WINDOWS (2cf28825ea7a8a419a5b05b8e5d35d84)] -> xpath: //a[contains(text(),'Back to Courses')]]</small> </font> </div>
<div class="test-event"> <font color="maroon"> <small> &emsp; &emsp;--- 04 May 23:45:35 201 - Catched spinner load exception due to javascript error: {"status":32,"value":"An invalid or illegal selector was specified"}
  (Session info: chrome=124.0.6367.92)
Build info: version: '4.6.0', revision: '79f1c02ae20'
System info: os.name: 'Windows 10', os.arch: 'amd64', os.version: '10.0', java.version: '17.0.7'
Driver info: org.openqa.selenium.chrome.ChromeDriver
Command: [2cf28825ea7a8a419a5b05b8e5d35d84, findElement {using=css selector, value=div[class='slds-spinner slds-spinner_brand slds-spinner_small']>div:nth-child(2)r}]
Capabilities {acceptInsecureCerts: false, browserName: chrome, browserVersion: 124.0.6367.92, chrome: {chromedriverVersion: 124.0.6367.91 (51df0e5e17a8..., userDataDir: C:\Users\PRATHA~1.KUM\AppDa...}, fedcm:accounts: true, goog:chromeOptions: {debuggerAddress: localhost:49451}, networkConnectionEnabled: false, pageLoadStrategy: normal, platformName: WINDOWS, proxy: Proxy(), se:cdp: ws://localhost:49451/devtoo..., se:cdpVersion: 124.0.6367.92, setWindowRect: true, strictFileInteractability: false, timeouts: {implicit: 0, pageLoad: 300000, script: 30000}, unhandledPromptBehavior: dismiss and notify, webauthn:extension:credBlob: true, webauthn:extension:largeBlob: true, webauthn:extension:minPinLength: true, webauthn:extension:prf: true, webauthn:virtualAuthenticators: true}
Session ID: 2cf28825ea7a8a419a5b05b8e5d35d84</small> </font> </div>
<div class="test-event"> <font color="maroon"> <small> &emsp; &emsp;--- 04 May 23:45:35 201 - <b>0</b> - Spinner Load Wait: (Sync) - ICar.support.WaitUtils.waitForSpinner(WaitUtils.java:225)</small> </font> </div>
<div class="test-message">&emsp;Back To Courses is displayed in the page </div>
<div class="test-message">&emsp;Successfully verified Back To Course Link&emsp;<a href=".\ScreenShot\URL_TC001_2720272828732400.png" target="_blank" >[ScreenShot]</a></div>
<div class="test-event"> <font color="maroon"> <small> &emsp; &emsp;--- 04 May 23:45:35 458 - Catched spinner load exception due to javascript error: {"status":32,"value":"An invalid or illegal selector was specified"}
  (Session info: chrome=124.0.6367.92)
Build info: version: '4.6.0', revision: '79f1c02ae20'
System info: os.name: 'Windows 10', os.arch: 'amd64', os.version: '10.0', java.version: '17.0.7'
Driver info: org.openqa.selenium.chrome.ChromeDriver
Command: [2cf28825ea7a8a419a5b05b8e5d35d84, findElement {using=css selector, value=div[class='slds-spinner slds-spinner_brand slds-spinner_small']>div:nth-child(2)r}]
Capabilities {acceptInsecureCerts: false, browserName: chrome, browserVersion: 124.0.6367.92, chrome: {chromedriverVersion: 124.0.6367.91 (51df0e5e17a8..., userDataDir: C:\Users\PRATHA~1.KUM\AppDa...}, fedcm:accounts: true, goog:chromeOptions: {debuggerAddress: localhost:49451}, networkConnectionEnabled: false, pageLoadStrategy: normal, platformName: WINDOWS, proxy: Proxy(), se:cdp: ws://localhost:49451/devtoo..., se:cdpVersion: 124.0.6367.92, setWindowRect: true, strictFileInteractability: false, timeouts: {implicit: 0, pageLoad: 300000, script: 30000}, unhandledPromptBehavior: dismiss and notify, webauthn:extension:credBlob: true, webauthn:extension:largeBlob: true, webauthn:extension:minPinLength: true, webauthn:extension:prf: true, webauthn:virtualAuthenticators: true}
Session ID: 2cf28825ea7a8a419a5b05b8e5d35d84</small> </font> </div>
<div class="test-event"> <font color="maroon"> <small> &emsp; &emsp;--- 04 May 23:45:35 458 - <b>0</b> - Spinner Load Wait: (Sync) - ICar.support.WaitUtils.waitForSpinner(WaitUtils.java:225)</small> </font> </div>
<div class="test-event"> <font color="maroon"> <small> &emsp; &emsp;--- 04 May 23:45:35 541 - Page URL:: https://www.i-car.com/product/problem-solving-for-workflow-changes</small> </font> </div>
<div class="test-event"> <font color="maroon"> <small> &emsp; &emsp;--- 04 May 23:45:35 541 - <b>0</b> - Page Load Wait: (Sync) - ICar.support.Utils.waitForPageLoad(Utils.java:109)</small> </font> </div>
<div class="test-event"> <font color="maroon"> <small> &emsp; &emsp;--- 04 May 23:45:45 586 - Element is displayed:: [[ChromeDriver: chrome on WINDOWS (2cf28825ea7a8a419a5b05b8e5d35d84)] -> xpath: //div[@class='productDetails slds-p-bottom_large']//div[contains(@class,'slds-p-bottom_medium')]]</small> </font> </div>
<div class="test-message">&emsp;Course Name : ProblemSolvingforWorkflowChanges is displayed in the URL page</div>
<div class="test-message">&emsp;Successfully verified the course name for relevant link&emsp;<a href=".\ScreenShot\URL_TC001_2720291218641500.png" target="_blank" >[ScreenShot]</a></div>
<div class="test-message">&emsp;
</div>
<div class="test-message">&emsp;86. URL is : https://www.i-car.com/product/inprocess-quality-control-checks</div>
<div class="test-event"> <font color="maroon"> <small> &emsp; &emsp;--- 04 May 23:45:54 751 - Page URL:: https://www.i-car.com/product/inprocess-quality-control-checks</small> </font> </div>
<div class="test-event"> <font color="maroon"> <small> &emsp; &emsp;--- 04 May 23:45:54 751 - <b>0</b> - Page Load Wait: (Sync) - ICar.support.Utils.waitForPageLoad(Utils.java:109)</small> </font> </div>
<div class="test-message">&emsp;Successfully navigated to the :  https://www.i-car.com/product/inprocess-quality-control-checks   Page&emsp;<a href=".\ScreenShot\URL_TC001_2720292369846300.png" target="_blank" >[ScreenShot]</a></div>
<div class="test-event"> <font color="maroon"> <small> &emsp; &emsp;--- 04 May 23:45:55 015 - Page URL:: https://www.i-car.com/product/inprocess-quality-control-checks</small> </font> </div>
<div class="test-event"> <font color="maroon"> <small> &emsp; &emsp;--- 04 May 23:45:55 016 - <b>0</b> - Page Load Wait: (Sync) - ICar.support.Utils.waitForPageLoad(Utils.java:109)</small> </font> </div>
<div class="test-event"> <font color="maroon"> <small> &emsp; &emsp;--- 04 May 23:45:55 025 - Catched spinner load exception due to javascript error: {"status":32,"value":"An invalid or illegal selector was specified"}
  (Session info: chrome=124.0.6367.92)
Build info: version: '4.6.0', revision: '79f1c02ae20'
System info: os.name: 'Windows 10', os.arch: 'amd64', os.version: '10.0', java.version: '17.0.7'
Driver info: org.openqa.selenium.chrome.ChromeDriver
Command: [2cf28825ea7a8a419a5b05b8e5d35d84, findElement {using=css selector, value=div[class='slds-spinner slds-spinner_brand slds-spinner_small']>div:nth-child(2)r}]
Capabilities {acceptInsecureCerts: false, browserName: chrome, browserVersion: 124.0.6367.92, chrome: {chromedriverVersion: 124.0.6367.91 (51df0e5e17a8..., userDataDir: C:\Users\PRATHA~1.KUM\AppDa...}, fedcm:accounts: true, goog:chromeOptions: {debuggerAddress: localhost:49451}, networkConnectionEnabled: false, pageLoadStrategy: normal, platformName: WINDOWS, proxy: Proxy(), se:cdp: ws://localhost:49451/devtoo..., se:cdpVersion: 124.0.6367.92, setWindowRect: true, strictFileInteractability: false, timeouts: {implicit: 0, pageLoad: 300000, script: 30000}, unhandledPromptBehavior: dismiss and notify, webauthn:extension:credBlob: true, webauthn:extension:largeBlob: true, webauthn:extension:minPinLength: true, webauthn:extension:prf: true, webauthn:virtualAuthenticators: true}
Session ID: 2cf28825ea7a8a419a5b05b8e5d35d84</small> </font> </div>
<div class="test-event"> <font color="maroon"> <small> &emsp; &emsp;--- 04 May 23:45:55 025 - <b>0</b> - Spinner Load Wait: (Sync) - ICar.support.WaitUtils.waitForSpinner(WaitUtils.java:225)</small> </font> </div>
<div class="test-event"> <font color="maroon"> <small> &emsp; &emsp;--- 04 May 23:46:05 106 - Page URL:: https://www.i-car.com/product/inprocess-quality-control-checks</small> </font> </div>
<div class="test-event"> <font color="maroon"> <small> &emsp; &emsp;--- 04 May 23:46:05 106 - <b>0</b> - Page Load Wait: (Sync) - ICar.support.Utils.waitForPageLoad(Utils.java:109)</small> </font> </div>
<div class="test-event"> <font color="maroon"> <small> &emsp; &emsp;--- 04 May 23:46:05 124 - Element is displayed:: [[ChromeDriver: chrome on WINDOWS (2cf28825ea7a8a419a5b05b8e5d35d84)] -> xpath: //a[contains(text(),'Back to Courses')]]</small> </font> </div>
<div class="test-event"> <font color="maroon"> <small> &emsp; &emsp;--- 04 May 23:46:12 150 - Catched spinner load exception due to javascript error: {"status":32,"value":"An invalid or illegal selector was specified"}
  (Session info: chrome=124.0.6367.92)
Build info: version: '4.6.0', revision: '79f1c02ae20'
System info: os.name: 'Windows 10', os.arch: 'amd64', os.version: '10.0', java.version: '17.0.7'
Driver info: org.openqa.selenium.chrome.ChromeDriver
Command: [2cf28825ea7a8a419a5b05b8e5d35d84, findElement {using=css selector, value=div[class='slds-spinner slds-spinner_brand slds-spinner_small']>div:nth-child(2)r}]
Capabilities {acceptInsecureCerts: false, browserName: chrome, browserVersion: 124.0.6367.92, chrome: {chromedriverVersion: 124.0.6367.91 (51df0e5e17a8..., userDataDir: C:\Users\PRATHA~1.KUM\AppDa...}, fedcm:accounts: true, goog:chromeOptions: {debuggerAddress: localhost:49451}, networkConnectionEnabled: false, pageLoadStrategy: normal, platformName: WINDOWS, proxy: Proxy(), se:cdp: ws://localhost:49451/devtoo..., se:cdpVersion: 124.0.6367.92, setWindowRect: true, strictFileInteractability: false, timeouts: {implicit: 0, pageLoad: 300000, script: 30000}, unhandledPromptBehavior: dismiss and notify, webauthn:extension:credBlob: true, webauthn:extension:largeBlob: true, webauthn:extension:minPinLength: true, webauthn:extension:prf: true, webauthn:virtualAuthenticators: true}
Session ID: 2cf28825ea7a8a419a5b05b8e5d35d84</small> </font> </div>
<div class="test-event"> <font color="maroon"> <small> &emsp; &emsp;--- 04 May 23:46:12 150 - <b>0</b> - Spinner Load Wait: (Sync) - ICar.support.WaitUtils.waitForSpinner(WaitUtils.java:225)</small> </font> </div>
<div class="test-message">&emsp;Back To Courses is displayed in the page </div>
<div class="test-message">&emsp;Successfully verified Back To Course Link&emsp;<a href=".\ScreenShot\URL_TC001_2720309778187700.png" target="_blank" >[ScreenShot]</a></div>
<div class="test-event"> <font color="maroon"> <small> &emsp; &emsp;--- 04 May 23:46:12 573 - Catched spinner load exception due to javascript error: {"status":32,"value":"An invalid or illegal selector was specified"}
  (Session info: chrome=124.0.6367.92)
Build info: version: '4.6.0', revision: '79f1c02ae20'
System info: os.name: 'Windows 10', os.arch: 'amd64', os.version: '10.0', java.version: '17.0.7'
Driver info: org.openqa.selenium.chrome.ChromeDriver
Command: [2cf28825ea7a8a419a5b05b8e5d35d84, findElement {using=css selector, value=div[class='slds-spinner slds-spinner_brand slds-spinner_small']>div:nth-child(2)r}]
Capabilities {acceptInsecureCerts: false, browserName: chrome, browserVersion: 124.0.6367.92, chrome: {chromedriverVersion: 124.0.6367.91 (51df0e5e17a8..., userDataDir: C:\Users\PRATHA~1.KUM\AppDa...}, fedcm:accounts: true, goog:chromeOptions: {debuggerAddress: localhost:49451}, networkConnectionEnabled: false, pageLoadStrategy: normal, platformName: WINDOWS, proxy: Proxy(), se:cdp: ws://localhost:49451/devtoo..., se:cdpVersion: 124.0.6367.92, setWindowRect: true, strictFileInteractability: false, timeouts: {implicit: 0, pageLoad: 300000, script: 30000}, unhandledPromptBehavior: dismiss and notify, webauthn:extension:credBlob: true, webauthn:extension:largeBlob: true, webauthn:extension:minPinLength: true, webauthn:extension:prf: true, webauthn:virtualAuthenticators: true}
Session ID: 2cf28825ea7a8a419a5b05b8e5d35d84</small> </font> </div>
<div class="test-event"> <font color="maroon"> <small> &emsp; &emsp;--- 04 May 23:46:12 573 - <b>0</b> - Spinner Load Wait: (Sync) - ICar.support.WaitUtils.waitForSpinner(WaitUtils.java:225)</small> </font> </div>
<div class="test-event"> <font color="maroon"> <small> &emsp; &emsp;--- 04 May 23:46:12 647 - Page URL:: https://www.i-car.com/product/inprocess-quality-control-checks</small> </font> </div>
<div class="test-event"> <font color="maroon"> <small> &emsp; &emsp;--- 04 May 23:46:12 647 - <b>0</b> - Page Load Wait: (Sync) - ICar.support.Utils.waitForPageLoad(Utils.java:109)</small> </font> </div>
<div class="test-event"> <font color="maroon"> <small> &emsp; &emsp;--- 04 May 23:46:22 689 - Element is displayed:: [[ChromeDriver: chrome on WINDOWS (2cf28825ea7a8a419a5b05b8e5d35d84)] -> xpath: //div[@class='productDetails slds-p-bottom_large']//div[contains(@class,'slds-p-bottom_medium')]]</small> </font> </div>
<div class="test-message">&emsp;Course Name : InProcessQualityControlChecks is displayed in the URL page</div>
<div class="test-message">&emsp;Successfully verified the course name for relevant link&emsp;<a href=".\ScreenShot\URL_TC001_2720328326565700.png" target="_blank" >[ScreenShot]</a></div>
<div class="test-message">&emsp;
</div>
<div class="test-message">&emsp;87. URL is : https://www.i-car.com/product/electronic-braking-and-stability-control-systems-overview</div>
<div class="test-event"> <font color="maroon"> <small> &emsp; &emsp;--- 04 May 23:46:31 569 - Page URL:: https://www.i-car.com/product/electronic-braking-and-stability-control-systems-overview</small> </font> </div>
<div class="test-event"> <font color="maroon"> <small> &emsp; &emsp;--- 04 May 23:46:31 569 - <b>0</b> - Page Load Wait: (Sync) - ICar.support.Utils.waitForPageLoad(Utils.java:109)</small> </font> </div>
<div class="test-message">&emsp;Successfully navigated to the :  https://www.i-car.com/product/electronic-braking-and-stability-control-systems-overview   Page&emsp;<a href=".\ScreenShot\URL_TC001_2720329186139500.png" target="_blank" >[ScreenShot]</a></div>
<div class="test-event"> <font color="maroon"> <small> &emsp; &emsp;--- 04 May 23:46:31 862 - Page URL:: https://www.i-car.com/product/electronic-braking-and-stability-control-systems-overview</small> </font> </div>
<div class="test-event"> <font color="maroon"> <small> &emsp; &emsp;--- 04 May 23:46:31 862 - <b>0</b> - Page Load Wait: (Sync) - ICar.support.Utils.waitForPageLoad(Utils.java:109)</small> </font> </div>
<div class="test-event"> <font color="maroon"> <small> &emsp; &emsp;--- 04 May 23:46:31 872 - Catched spinner load exception due to javascript error: {"status":32,"value":"An invalid or illegal selector was specified"}
  (Session info: chrome=124.0.6367.92)
Build info: version: '4.6.0', revision: '79f1c02ae20'
System info: os.name: 'Windows 10', os.arch: 'amd64', os.version: '10.0', java.version: '17.0.7'
Driver info: org.openqa.selenium.chrome.ChromeDriver
Command: [2cf28825ea7a8a419a5b05b8e5d35d84, findElement {using=css selector, value=div[class='slds-spinner slds-spinner_brand slds-spinner_small']>div:nth-child(2)r}]
Capabilities {acceptInsecureCerts: false, browserName: chrome, browserVersion: 124.0.6367.92, chrome: {chromedriverVersion: 124.0.6367.91 (51df0e5e17a8..., userDataDir: C:\Users\PRATHA~1.KUM\AppDa...}, fedcm:accounts: true, goog:chromeOptions: {debuggerAddress: localhost:49451}, networkConnectionEnabled: false, pageLoadStrategy: normal, platformName: WINDOWS, proxy: Proxy(), se:cdp: ws://localhost:49451/devtoo..., se:cdpVersion: 124.0.6367.92, setWindowRect: true, strictFileInteractability: false, timeouts: {implicit: 0, pageLoad: 300000, script: 30000}, unhandledPromptBehavior: dismiss and notify, webauthn:extension:credBlob: true, webauthn:extension:largeBlob: true, webauthn:extension:minPinLength: true, webauthn:extension:prf: true, webauthn:virtualAuthenticators: true}
Session ID: 2cf28825ea7a8a419a5b05b8e5d35d84</small> </font> </div>
<div class="test-event"> <font color="maroon"> <small> &emsp; &emsp;--- 04 May 23:46:31 872 - <b>0</b> - Spinner Load Wait: (Sync) - ICar.support.WaitUtils.waitForSpinner(WaitUtils.java:225)</small> </font> </div>
<div class="test-event"> <font color="maroon"> <small> &emsp; &emsp;--- 04 May 23:46:41 965 - Page URL:: https://www.i-car.com/product/electronic-braking-and-stability-control-systems-overview</small> </font> </div>
<div class="test-event"> <font color="maroon"> <small> &emsp; &emsp;--- 04 May 23:46:41 965 - <b>0</b> - Page Load Wait: (Sync) - ICar.support.Utils.waitForPageLoad(Utils.java:109)</small> </font> </div>
<div class="test-event"> <font color="maroon"> <small> &emsp; &emsp;--- 04 May 23:46:41 985 - Element is displayed:: [[ChromeDriver: chrome on WINDOWS (2cf28825ea7a8a419a5b05b8e5d35d84)] -> xpath: //a[contains(text(),'Back to Courses')]]</small> </font> </div>
<div class="test-event"> <font color="maroon"> <small> &emsp; &emsp;--- 04 May 23:46:49 015 - Catched spinner load exception due to javascript error: {"status":32,"value":"An invalid or illegal selector was specified"}
  (Session info: chrome=124.0.6367.92)
Build info: version: '4.6.0', revision: '79f1c02ae20'
System info: os.name: 'Windows 10', os.arch: 'amd64', os.version: '10.0', java.version: '17.0.7'
Driver info: org.openqa.selenium.chrome.ChromeDriver
Command: [2cf28825ea7a8a419a5b05b8e5d35d84, findElement {using=css selector, value=div[class='slds-spinner slds-spinner_brand slds-spinner_small']>div:nth-child(2)r}]
Capabilities {acceptInsecureCerts: false, browserName: chrome, browserVersion: 124.0.6367.92, chrome: {chromedriverVersion: 124.0.6367.91 (51df0e5e17a8..., userDataDir: C:\Users\PRATHA~1.KUM\AppDa...}, fedcm:accounts: true, goog:chromeOptions: {debuggerAddress: localhost:49451}, networkConnectionEnabled: false, pageLoadStrategy: normal, platformName: WINDOWS, proxy: Proxy(), se:cdp: ws://localhost:49451/devtoo..., se:cdpVersion: 124.0.6367.92, setWindowRect: true, strictFileInteractability: false, timeouts: {implicit: 0, pageLoad: 300000, script: 30000}, unhandledPromptBehavior: dismiss and notify, webauthn:extension:credBlob: true, webauthn:extension:largeBlob: true, webauthn:extension:minPinLength: true, webauthn:extension:prf: true, webauthn:virtualAuthenticators: true}
Session ID: 2cf28825ea7a8a419a5b05b8e5d35d84</small> </font> </div>
<div class="test-event"> <font color="maroon"> <small> &emsp; &emsp;--- 04 May 23:46:49 015 - <b>0</b> - Spinner Load Wait: (Sync) - ICar.support.WaitUtils.waitForSpinner(WaitUtils.java:225)</small> </font> </div>
<div class="test-message">&emsp;Back To Courses is displayed in the page </div>
<div class="test-message">&emsp;Successfully verified Back To Course Link&emsp;<a href=".\ScreenShot\URL_TC001_2720346643645700.png" target="_blank" >[ScreenShot]</a></div>
<div class="test-event"> <font color="maroon"> <small> &emsp; &emsp;--- 04 May 23:46:49 261 - Catched spinner load exception due to javascript error: {"status":32,"value":"An invalid or illegal selector was specified"}
  (Session info: chrome=124.0.6367.92)
Build info: version: '4.6.0', revision: '79f1c02ae20'
System info: os.name: 'Windows 10', os.arch: 'amd64', os.version: '10.0', java.version: '17.0.7'
Driver info: org.openqa.selenium.chrome.ChromeDriver
Command: [2cf28825ea7a8a419a5b05b8e5d35d84, findElement {using=css selector, value=div[class='slds-spinner slds-spinner_brand slds-spinner_small']>div:nth-child(2)r}]
Capabilities {acceptInsecureCerts: false, browserName: chrome, browserVersion: 124.0.6367.92, chrome: {chromedriverVersion: 124.0.6367.91 (51df0e5e17a8..., userDataDir: C:\Users\PRATHA~1.KUM\AppDa...}, fedcm:accounts: true, goog:chromeOptions: {debuggerAddress: localhost:49451}, networkConnectionEnabled: false, pageLoadStrategy: normal, platformName: WINDOWS, proxy: Proxy(), se:cdp: ws://localhost:49451/devtoo..., se:cdpVersion: 124.0.6367.92, setWindowRect: true, strictFileInteractability: false, timeouts: {implicit: 0, pageLoad: 300000, script: 30000}, unhandledPromptBehavior: dismiss and notify, webauthn:extension:credBlob: true, webauthn:extension:largeBlob: true, webauthn:extension:minPinLength: true, webauthn:extension:prf: true, webauthn:virtualAuthenticators: true}
Session ID: 2cf28825ea7a8a419a5b05b8e5d35d84</small> </font> </div>
<div class="test-event"> <font color="maroon"> <small> &emsp; &emsp;--- 04 May 23:46:49 261 - <b>0</b> - Spinner Load Wait: (Sync) - ICar.support.WaitUtils.waitForSpinner(WaitUtils.java:225)</small> </font> </div>
<div class="test-event"> <font color="maroon"> <small> &emsp; &emsp;--- 04 May 23:46:49 322 - Page URL:: https://www.i-car.com/product/electronic-braking-and-stability-control-systems-overview</small> </font> </div>
<div class="test-event"> <font color="maroon"> <small> &emsp; &emsp;--- 04 May 23:46:49 322 - <b>0</b> - Page Load Wait: (Sync) - ICar.support.Utils.waitForPageLoad(Utils.java:109)</small> </font> </div>
<div class="test-event"> <font color="maroon"> <small> &emsp; &emsp;--- 04 May 23:46:59 408 - Element is displayed:: [[ChromeDriver: chrome on WINDOWS (2cf28825ea7a8a419a5b05b8e5d35d84)] -> xpath: //div[@class='productDetails slds-p-bottom_large']//div[contains(@class,'slds-p-bottom_medium')]]</small> </font> </div>
<div class="test-message">&emsp;Course Name : ElectronicBrakingandStabilityControlSystemsOverview is displayed in the URL page</div>
<div class="test-message">&emsp;Successfully verified the course name for relevant link&emsp;<a href=".\ScreenShot\URL_TC001_2720365043919500.png" target="_blank" >[ScreenShot]</a></div>
<div class="test-message">&emsp;
</div>
<div class="test-message">&emsp;88. URL is : https://www.i-car.com/product/steering-system-overview</div>
<div class="test-event"> <font color="maroon"> <small> &emsp; &emsp;--- 04 May 23:47:08 355 - Page URL:: https://www.i-car.com/product/steering-system-overview</small> </font> </div>
<div class="test-event"> <font color="maroon"> <small> &emsp; &emsp;--- 04 May 23:47:08 355 - <b>0</b> - Page Load Wait: (Sync) - ICar.support.Utils.waitForPageLoad(Utils.java:109)</small> </font> </div>
<div class="test-message">&emsp;Successfully navigated to the :  https://www.i-car.com/product/steering-system-overview   Page&emsp;<a href=".\ScreenShot\URL_TC001_2720365971545000.png" target="_blank" >[ScreenShot]</a></div>
<div class="test-event"> <font color="maroon"> <small> &emsp; &emsp;--- 04 May 23:47:08 699 - Page URL:: https://www.i-car.com/product/steering-system-overview</small> </font> </div>
<div class="test-event"> <font color="maroon"> <small> &emsp; &emsp;--- 04 May 23:47:08 699 - <b>0</b> - Page Load Wait: (Sync) - ICar.support.Utils.waitForPageLoad(Utils.java:109)</small> </font> </div>
<div class="test-event"> <font color="maroon"> <small> &emsp; &emsp;--- 04 May 23:47:08 707 - Catched spinner load exception due to javascript error: {"status":32,"value":"An invalid or illegal selector was specified"}
  (Session info: chrome=124.0.6367.92)
Build info: version: '4.6.0', revision: '79f1c02ae20'
System info: os.name: 'Windows 10', os.arch: 'amd64', os.version: '10.0', java.version: '17.0.7'
Driver info: org.openqa.selenium.chrome.ChromeDriver
Command: [2cf28825ea7a8a419a5b05b8e5d35d84, findElement {using=css selector, value=div[class='slds-spinner slds-spinner_brand slds-spinner_small']>div:nth-child(2)r}]
Capabilities {acceptInsecureCerts: false, browserName: chrome, browserVersion: 124.0.6367.92, chrome: {chromedriverVersion: 124.0.6367.91 (51df0e5e17a8..., userDataDir: C:\Users\PRATHA~1.KUM\AppDa...}, fedcm:accounts: true, goog:chromeOptions: {debuggerAddress: localhost:49451}, networkConnectionEnabled: false, pageLoadStrategy: normal, platformName: WINDOWS, proxy: Proxy(), se:cdp: ws://localhost:49451/devtoo..., se:cdpVersion: 124.0.6367.92, setWindowRect: true, strictFileInteractability: false, timeouts: {implicit: 0, pageLoad: 300000, script: 30000}, unhandledPromptBehavior: dismiss and notify, webauthn:extension:credBlob: true, webauthn:extension:largeBlob: true, webauthn:extension:minPinLength: true, webauthn:extension:prf: true, webauthn:virtualAuthenticators: true}
Session ID: 2cf28825ea7a8a419a5b05b8e5d35d84</small> </font> </div>
<div class="test-event"> <font color="maroon"> <small> &emsp; &emsp;--- 04 May 23:47:08 707 - <b>0</b> - Spinner Load Wait: (Sync) - ICar.support.WaitUtils.waitForSpinner(WaitUtils.java:225)</small> </font> </div>
<div class="test-event"> <font color="maroon"> <small> &emsp; &emsp;--- 04 May 23:47:18 797 - Page URL:: https://www.i-car.com/product/steering-system-overview</small> </font> </div>
<div class="test-event"> <font color="maroon"> <small> &emsp; &emsp;--- 04 May 23:47:18 798 - <b>0</b> - Page Load Wait: (Sync) - ICar.support.Utils.waitForPageLoad(Utils.java:109)</small> </font> </div>
<div class="test-event"> <font color="maroon"> <small> &emsp; &emsp;--- 04 May 23:47:18 816 - Element is displayed:: [[ChromeDriver: chrome on WINDOWS (2cf28825ea7a8a419a5b05b8e5d35d84)] -> xpath: //a[contains(text(),'Back to Courses')]]</small> </font> </div>
<div class="test-event"> <font color="maroon"> <small> &emsp; &emsp;--- 04 May 23:47:25 848 - Catched spinner load exception due to javascript error: {"status":32,"value":"An invalid or illegal selector was specified"}
  (Session info: chrome=124.0.6367.92)
Build info: version: '4.6.0', revision: '79f1c02ae20'
System info: os.name: 'Windows 10', os.arch: 'amd64', os.version: '10.0', java.version: '17.0.7'
Driver info: org.openqa.selenium.chrome.ChromeDriver
Command: [2cf28825ea7a8a419a5b05b8e5d35d84, findElement {using=css selector, value=div[class='slds-spinner slds-spinner_brand slds-spinner_small']>div:nth-child(2)r}]
Capabilities {acceptInsecureCerts: false, browserName: chrome, browserVersion: 124.0.6367.92, chrome: {chromedriverVersion: 124.0.6367.91 (51df0e5e17a8..., userDataDir: C:\Users\PRATHA~1.KUM\AppDa...}, fedcm:accounts: true, goog:chromeOptions: {debuggerAddress: localhost:49451}, networkConnectionEnabled: false, pageLoadStrategy: normal, platformName: WINDOWS, proxy: Proxy(), se:cdp: ws://localhost:49451/devtoo..., se:cdpVersion: 124.0.6367.92, setWindowRect: true, strictFileInteractability: false, timeouts: {implicit: 0, pageLoad: 300000, script: 30000}, unhandledPromptBehavior: dismiss and notify, webauthn:extension:credBlob: true, webauthn:extension:largeBlob: true, webauthn:extension:minPinLength: true, webauthn:extension:prf: true, webauthn:virtualAuthenticators: true}
Session ID: 2cf28825ea7a8a419a5b05b8e5d35d84</small> </font> </div>
<div class="test-event"> <font color="maroon"> <small> &emsp; &emsp;--- 04 May 23:47:25 848 - <b>0</b> - Spinner Load Wait: (Sync) - ICar.support.WaitUtils.waitForSpinner(WaitUtils.java:225)</small> </font> </div>
<div class="test-message">&emsp;Back To Courses is displayed in the page </div>
<div class="test-message">&emsp;Successfully verified Back To Course Link&emsp;<a href=".\ScreenShot\URL_TC001_2720383475582100.png" target="_blank" >[ScreenShot]</a></div>
<div class="test-event"> <font color="maroon"> <small> &emsp; &emsp;--- 04 May 23:47:26 147 - Catched spinner load exception due to javascript error: {"status":32,"value":"An invalid or illegal selector was specified"}
  (Session info: chrome=124.0.6367.92)
Build info: version: '4.6.0', revision: '79f1c02ae20'
System info: os.name: 'Windows 10', os.arch: 'amd64', os.version: '10.0', java.version: '17.0.7'
Driver info: org.openqa.selenium.chrome.ChromeDriver
Command: [2cf28825ea7a8a419a5b05b8e5d35d84, findElement {using=css selector, value=div[class='slds-spinner slds-spinner_brand slds-spinner_small']>div:nth-child(2)r}]
Capabilities {acceptInsecureCerts: false, browserName: chrome, browserVersion: 124.0.6367.92, chrome: {chromedriverVersion: 124.0.6367.91 (51df0e5e17a8..., userDataDir: C:\Users\PRATHA~1.KUM\AppDa...}, fedcm:accounts: true, goog:chromeOptions: {debuggerAddress: localhost:49451}, networkConnectionEnabled: false, pageLoadStrategy: normal, platformName: WINDOWS, proxy: Proxy(), se:cdp: ws://localhost:49451/devtoo..., se:cdpVersion: 124.0.6367.92, setWindowRect: true, strictFileInteractability: false, timeouts: {implicit: 0, pageLoad: 300000, script: 30000}, unhandledPromptBehavior: dismiss and notify, webauthn:extension:credBlob: true, webauthn:extension:largeBlob: true, webauthn:extension:minPinLength: true, webauthn:extension:prf: true, webauthn:virtualAuthenticators: true}
Session ID: 2cf28825ea7a8a419a5b05b8e5d35d84</small> </font> </div>
<div class="test-event"> <font color="maroon"> <small> &emsp; &emsp;--- 04 May 23:47:26 148 - <b>0</b> - Spinner Load Wait: (Sync) - ICar.support.WaitUtils.waitForSpinner(WaitUtils.java:225)</small> </font> </div>
<div class="test-event"> <font color="maroon"> <small> &emsp; &emsp;--- 04 May 23:47:26 208 - Page URL:: https://www.i-car.com/product/steering-system-overview</small> </font> </div>
<div class="test-event"> <font color="maroon"> <small> &emsp; &emsp;--- 04 May 23:47:26 208 - <b>0</b> - Page Load Wait: (Sync) - ICar.support.Utils.waitForPageLoad(Utils.java:109)</small> </font> </div>
<div class="test-event"> <font color="maroon"> <small> &emsp; &emsp;--- 04 May 23:47:36 276 - Element is displayed:: [[ChromeDriver: chrome on WINDOWS (2cf28825ea7a8a419a5b05b8e5d35d84)] -> xpath: //div[@class='productDetails slds-p-bottom_large']//div[contains(@class,'slds-p-bottom_medium')]]</small> </font> </div>
<div class="test-message">&emsp;Course Name : SteeringSystemOverview is displayed in the URL page</div>
<div class="test-message">&emsp;Successfully verified the course name for relevant link&emsp;<a href=".\ScreenShot\URL_TC001_2720401917145300.png" target="_blank" >[ScreenShot]</a></div>
<div class="test-message">&emsp;
</div>
<div class="test-message">&emsp;89. URL is : https://www.i-car.com/product/refinishing-application-and-blending</div>
<div class="test-event"> <font color="maroon"> <small> &emsp; &emsp;--- 04 May 23:47:45 643 - Page URL:: https://www.i-car.com/product/refinishing-application-and-blending</small> </font> </div>
<div class="test-event"> <font color="maroon"> <small> &emsp; &emsp;--- 04 May 23:47:45 643 - <b>0</b> - Page Load Wait: (Sync) - ICar.support.Utils.waitForPageLoad(Utils.java:109)</small> </font> </div>
<div class="test-message">&emsp;Successfully navigated to the :  https://www.i-car.com/product/refinishing-application-and-blending   Page&emsp;<a href=".\ScreenShot\URL_TC001_2720403260042000.png" target="_blank" >[ScreenShot]</a></div>
<div class="test-event"> <font color="maroon"> <small> &emsp; &emsp;--- 04 May 23:47:45 929 - Page URL:: https://www.i-car.com/product/refinishing-application-and-blending</small> </font> </div>
<div class="test-event"> <font color="maroon"> <small> &emsp; &emsp;--- 04 May 23:47:45 929 - <b>0</b> - Page Load Wait: (Sync) - ICar.support.Utils.waitForPageLoad(Utils.java:109)</small> </font> </div>
<div class="test-event"> <font color="maroon"> <small> &emsp; &emsp;--- 04 May 23:47:45 940 - Catched spinner load exception due to javascript error: {"status":32,"value":"An invalid or illegal selector was specified"}
  (Session info: chrome=124.0.6367.92)
Build info: version: '4.6.0', revision: '79f1c02ae20'
System info: os.name: 'Windows 10', os.arch: 'amd64', os.version: '10.0', java.version: '17.0.7'
Driver info: org.openqa.selenium.chrome.ChromeDriver
Command: [2cf28825ea7a8a419a5b05b8e5d35d84, findElement {using=css selector, value=div[class='slds-spinner slds-spinner_brand slds-spinner_small']>div:nth-child(2)r}]
Capabilities {acceptInsecureCerts: false, browserName: chrome, browserVersion: 124.0.6367.92, chrome: {chromedriverVersion: 124.0.6367.91 (51df0e5e17a8..., userDataDir: C:\Users\PRATHA~1.KUM\AppDa...}, fedcm:accounts: true, goog:chromeOptions: {debuggerAddress: localhost:49451}, networkConnectionEnabled: false, pageLoadStrategy: normal, platformName: WINDOWS, proxy: Proxy(), se:cdp: ws://localhost:49451/devtoo..., se:cdpVersion: 124.0.6367.92, setWindowRect: true, strictFileInteractability: false, timeouts: {implicit: 0, pageLoad: 300000, script: 30000}, unhandledPromptBehavior: dismiss and notify, webauthn:extension:credBlob: true, webauthn:extension:largeBlob: true, webauthn:extension:minPinLength: true, webauthn:extension:prf: true, webauthn:virtualAuthenticators: true}
Session ID: 2cf28825ea7a8a419a5b05b8e5d35d84</small> </font> </div>
<div class="test-event"> <font color="maroon"> <small> &emsp; &emsp;--- 04 May 23:47:45 940 - <b>0</b> - Spinner Load Wait: (Sync) - ICar.support.WaitUtils.waitForSpinner(WaitUtils.java:225)</small> </font> </div>
<div class="test-event"> <font color="maroon"> <small> &emsp; &emsp;--- 04 May 23:47:56 024 - Page URL:: https://www.i-car.com/product/refinishing-application-and-blending</small> </font> </div>
<div class="test-event"> <font color="maroon"> <small> &emsp; &emsp;--- 04 May 23:47:56 024 - <b>0</b> - Page Load Wait: (Sync) - ICar.support.Utils.waitForPageLoad(Utils.java:109)</small> </font> </div>
<div class="test-event"> <font color="maroon"> <small> &emsp; &emsp;--- 04 May 23:47:56 044 - Element is displayed:: [[ChromeDriver: chrome on WINDOWS (2cf28825ea7a8a419a5b05b8e5d35d84)] -> xpath: //a[contains(text(),'Back to Courses')]]</small> </font> </div>
<div class="test-event"> <font color="maroon"> <small> &emsp; &emsp;--- 04 May 23:48:03 068 - Catched spinner load exception due to javascript error: {"status":32,"value":"An invalid or illegal selector was specified"}
  (Session info: chrome=124.0.6367.92)
Build info: version: '4.6.0', revision: '79f1c02ae20'
System info: os.name: 'Windows 10', os.arch: 'amd64', os.version: '10.0', java.version: '17.0.7'
Driver info: org.openqa.selenium.chrome.ChromeDriver
Command: [2cf28825ea7a8a419a5b05b8e5d35d84, findElement {using=css selector, value=div[class='slds-spinner slds-spinner_brand slds-spinner_small']>div:nth-child(2)r}]
Capabilities {acceptInsecureCerts: false, browserName: chrome, browserVersion: 124.0.6367.92, chrome: {chromedriverVersion: 124.0.6367.91 (51df0e5e17a8..., userDataDir: C:\Users\PRATHA~1.KUM\AppDa...}, fedcm:accounts: true, goog:chromeOptions: {debuggerAddress: localhost:49451}, networkConnectionEnabled: false, pageLoadStrategy: normal, platformName: WINDOWS, proxy: Proxy(), se:cdp: ws://localhost:49451/devtoo..., se:cdpVersion: 124.0.6367.92, setWindowRect: true, strictFileInteractability: false, timeouts: {implicit: 0, pageLoad: 300000, script: 30000}, unhandledPromptBehavior: dismiss and notify, webauthn:extension:credBlob: true, webauthn:extension:largeBlob: true, webauthn:extension:minPinLength: true, webauthn:extension:prf: true, webauthn:virtualAuthenticators: true}
Session ID: 2cf28825ea7a8a419a5b05b8e5d35d84</small> </font> </div>
<div class="test-event"> <font color="maroon"> <small> &emsp; &emsp;--- 04 May 23:48:03 068 - <b>0</b> - Spinner Load Wait: (Sync) - ICar.support.WaitUtils.waitForSpinner(WaitUtils.java:225)</small> </font> </div>
<div class="test-message">&emsp;Back To Courses is displayed in the page </div>
<div class="test-message">&emsp;Successfully verified Back To Course Link&emsp;<a href=".\ScreenShot\URL_TC001_2720420696591700.png" target="_blank" >[ScreenShot]</a></div>
<div class="test-event"> <font color="maroon"> <small> &emsp; &emsp;--- 04 May 23:48:03 310 - Catched spinner load exception due to javascript error: {"status":32,"value":"An invalid or illegal selector was specified"}
  (Session info: chrome=124.0.6367.92)
Build info: version: '4.6.0', revision: '79f1c02ae20'
System info: os.name: 'Windows 10', os.arch: 'amd64', os.version: '10.0', java.version: '17.0.7'
Driver info: org.openqa.selenium.chrome.ChromeDriver
Command: [2cf28825ea7a8a419a5b05b8e5d35d84, findElement {using=css selector, value=div[class='slds-spinner slds-spinner_brand slds-spinner_small']>div:nth-child(2)r}]
Capabilities {acceptInsecureCerts: false, browserName: chrome, browserVersion: 124.0.6367.92, chrome: {chromedriverVersion: 124.0.6367.91 (51df0e5e17a8..., userDataDir: C:\Users\PRATHA~1.KUM\AppDa...}, fedcm:accounts: true, goog:chromeOptions: {debuggerAddress: localhost:49451}, networkConnectionEnabled: false, pageLoadStrategy: normal, platformName: WINDOWS, proxy: Proxy(), se:cdp: ws://localhost:49451/devtoo..., se:cdpVersion: 124.0.6367.92, setWindowRect: true, strictFileInteractability: false, timeouts: {implicit: 0, pageLoad: 300000, script: 30000}, unhandledPromptBehavior: dismiss and notify, webauthn:extension:credBlob: true, webauthn:extension:largeBlob: true, webauthn:extension:minPinLength: true, webauthn:extension:prf: true, webauthn:virtualAuthenticators: true}
Session ID: 2cf28825ea7a8a419a5b05b8e5d35d84</small> </font> </div>
<div class="test-event"> <font color="maroon"> <small> &emsp; &emsp;--- 04 May 23:48:03 310 - <b>0</b> - Spinner Load Wait: (Sync) - ICar.support.WaitUtils.waitForSpinner(WaitUtils.java:225)</small> </font> </div>
<div class="test-event"> <font color="maroon"> <small> &emsp; &emsp;--- 04 May 23:48:03 376 - Page URL:: https://www.i-car.com/product/refinishing-application-and-blending</small> </font> </div>
<div class="test-event"> <font color="maroon"> <small> &emsp; &emsp;--- 04 May 23:48:03 376 - <b>0</b> - Page Load Wait: (Sync) - ICar.support.Utils.waitForPageLoad(Utils.java:109)</small> </font> </div>
<div class="test-event"> <font color="maroon"> <small> &emsp; &emsp;--- 04 May 23:48:13 443 - Element is displayed:: [[ChromeDriver: chrome on WINDOWS (2cf28825ea7a8a419a5b05b8e5d35d84)] -> xpath: //div[@class='productDetails slds-p-bottom_large']//div[contains(@class,'slds-p-bottom_medium')]]</small> </font> </div>
<div class="test-message">&emsp;Course Name : RefinishingApplicationandBlending is displayed in the URL page</div>
<div class="test-message">&emsp;Successfully verified the course name for relevant link&emsp;<a href=".\ScreenShot\URL_TC001_2720439088466300.png" target="_blank" >[ScreenShot]</a></div>
<div class="test-message">&emsp;
</div>
<div class="test-message">&emsp;90. URL is : https://www.i-car.com/product/basic-color-theory</div>
<div class="test-event"> <font color="maroon"> <small> &emsp; &emsp;--- 04 May 23:48:22 632 - Page URL:: https://www.i-car.com/product/basic-color-theory</small> </font> </div>
<div class="test-event"> <font color="maroon"> <small> &emsp; &emsp;--- 04 May 23:48:22 632 - <b>0</b> - Page Load Wait: (Sync) - ICar.support.Utils.waitForPageLoad(Utils.java:109)</small> </font> </div>
<div class="test-message">&emsp;Successfully navigated to the :  https://www.i-car.com/product/basic-color-theory   Page&emsp;<a href=".\ScreenShot\URL_TC001_2720440249768000.png" target="_blank" >[ScreenShot]</a></div>
<div class="test-event"> <font color="maroon"> <small> &emsp; &emsp;--- 04 May 23:48:22 912 - Page URL:: https://www.i-car.com/product/basic-color-theory</small> </font> </div>
<div class="test-event"> <font color="maroon"> <small> &emsp; &emsp;--- 04 May 23:48:22 912 - <b>0</b> - Page Load Wait: (Sync) - ICar.support.Utils.waitForPageLoad(Utils.java:109)</small> </font> </div>
<div class="test-event"> <font color="maroon"> <small> &emsp; &emsp;--- 04 May 23:48:22 921 - Catched spinner load exception due to javascript error: {"status":32,"value":"An invalid or illegal selector was specified"}
  (Session info: chrome=124.0.6367.92)
Build info: version: '4.6.0', revision: '79f1c02ae20'
System info: os.name: 'Windows 10', os.arch: 'amd64', os.version: '10.0', java.version: '17.0.7'
Driver info: org.openqa.selenium.chrome.ChromeDriver
Command: [2cf28825ea7a8a419a5b05b8e5d35d84, findElement {using=css selector, value=div[class='slds-spinner slds-spinner_brand slds-spinner_small']>div:nth-child(2)r}]
Capabilities {acceptInsecureCerts: false, browserName: chrome, browserVersion: 124.0.6367.92, chrome: {chromedriverVersion: 124.0.6367.91 (51df0e5e17a8..., userDataDir: C:\Users\PRATHA~1.KUM\AppDa...}, fedcm:accounts: true, goog:chromeOptions: {debuggerAddress: localhost:49451}, networkConnectionEnabled: false, pageLoadStrategy: normal, platformName: WINDOWS, proxy: Proxy(), se:cdp: ws://localhost:49451/devtoo..., se:cdpVersion: 124.0.6367.92, setWindowRect: true, strictFileInteractability: false, timeouts: {implicit: 0, pageLoad: 300000, script: 30000}, unhandledPromptBehavior: dismiss and notify, webauthn:extension:credBlob: true, webauthn:extension:largeBlob: true, webauthn:extension:minPinLength: true, webauthn:extension:prf: true, webauthn:virtualAuthenticators: true}
Session ID: 2cf28825ea7a8a419a5b05b8e5d35d84</small> </font> </div>
<div class="test-event"> <font color="maroon"> <small> &emsp; &emsp;--- 04 May 23:48:22 921 - <b>0</b> - Spinner Load Wait: (Sync) - ICar.support.WaitUtils.waitForSpinner(WaitUtils.java:225)</small> </font> </div>
<div class="test-event"> <font color="maroon"> <small> &emsp; &emsp;--- 04 May 23:48:33 005 - Page URL:: https://www.i-car.com/product/basic-color-theory</small> </font> </div>
<div class="test-event"> <font color="maroon"> <small> &emsp; &emsp;--- 04 May 23:48:33 005 - <b>0</b> - Page Load Wait: (Sync) - ICar.support.Utils.waitForPageLoad(Utils.java:109)</small> </font> </div>
<div class="test-event"> <font color="maroon"> <small> &emsp; &emsp;--- 04 May 23:48:33 023 - Element is displayed:: [[ChromeDriver: chrome on WINDOWS (2cf28825ea7a8a419a5b05b8e5d35d84)] -> xpath: //a[contains(text(),'Back to Courses')]]</small> </font> </div>
<div class="test-event"> <font color="maroon"> <small> &emsp; &emsp;--- 04 May 23:48:40 049 - Catched spinner load exception due to javascript error: {"status":32,"value":"An invalid or illegal selector was specified"}
  (Session info: chrome=124.0.6367.92)
Build info: version: '4.6.0', revision: '79f1c02ae20'
System info: os.name: 'Windows 10', os.arch: 'amd64', os.version: '10.0', java.version: '17.0.7'
Driver info: org.openqa.selenium.chrome.ChromeDriver
Command: [2cf28825ea7a8a419a5b05b8e5d35d84, findElement {using=css selector, value=div[class='slds-spinner slds-spinner_brand slds-spinner_small']>div:nth-child(2)r}]
Capabilities {acceptInsecureCerts: false, browserName: chrome, browserVersion: 124.0.6367.92, chrome: {chromedriverVersion: 124.0.6367.91 (51df0e5e17a8..., userDataDir: C:\Users\PRATHA~1.KUM\AppDa...}, fedcm:accounts: true, goog:chromeOptions: {debuggerAddress: localhost:49451}, networkConnectionEnabled: false, pageLoadStrategy: normal, platformName: WINDOWS, proxy: Proxy(), se:cdp: ws://localhost:49451/devtoo..., se:cdpVersion: 124.0.6367.92, setWindowRect: true, strictFileInteractability: false, timeouts: {implicit: 0, pageLoad: 300000, script: 30000}, unhandledPromptBehavior: dismiss and notify, webauthn:extension:credBlob: true, webauthn:extension:largeBlob: true, webauthn:extension:minPinLength: true, webauthn:extension:prf: true, webauthn:virtualAuthenticators: true}
Session ID: 2cf28825ea7a8a419a5b05b8e5d35d84</small> </font> </div>
<div class="test-event"> <font color="maroon"> <small> &emsp; &emsp;--- 04 May 23:48:40 049 - <b>0</b> - Spinner Load Wait: (Sync) - ICar.support.WaitUtils.waitForSpinner(WaitUtils.java:225)</small> </font> </div>
<div class="test-message">&emsp;Back To Courses is displayed in the page </div>
<div class="test-message">&emsp;Successfully verified Back To Course Link&emsp;<a href=".\ScreenShot\URL_TC001_2720457676754500.png" target="_blank" >[ScreenShot]</a></div>
<div class="test-event"> <font color="maroon"> <small> &emsp; &emsp;--- 04 May 23:48:40 286 - Catched spinner load exception due to javascript error: {"status":32,"value":"An invalid or illegal selector was specified"}
  (Session info: chrome=124.0.6367.92)
Build info: version: '4.6.0', revision: '79f1c02ae20'
System info: os.name: 'Windows 10', os.arch: 'amd64', os.version: '10.0', java.version: '17.0.7'
Driver info: org.openqa.selenium.chrome.ChromeDriver
Command: [2cf28825ea7a8a419a5b05b8e5d35d84, findElement {using=css selector, value=div[class='slds-spinner slds-spinner_brand slds-spinner_small']>div:nth-child(2)r}]
Capabilities {acceptInsecureCerts: false, browserName: chrome, browserVersion: 124.0.6367.92, chrome: {chromedriverVersion: 124.0.6367.91 (51df0e5e17a8..., userDataDir: C:\Users\PRATHA~1.KUM\AppDa...}, fedcm:accounts: true, goog:chromeOptions: {debuggerAddress: localhost:49451}, networkConnectionEnabled: false, pageLoadStrategy: normal, platformName: WINDOWS, proxy: Proxy(), se:cdp: ws://localhost:49451/devtoo..., se:cdpVersion: 124.0.6367.92, setWindowRect: true, strictFileInteractability: false, timeouts: {implicit: 0, pageLoad: 300000, script: 30000}, unhandledPromptBehavior: dismiss and notify, webauthn:extension:credBlob: true, webauthn:extension:largeBlob: true, webauthn:extension:minPinLength: true, webauthn:extension:prf: true, webauthn:virtualAuthenticators: true}
Session ID: 2cf28825ea7a8a419a5b05b8e5d35d84</small> </font> </div>
<div class="test-event"> <font color="maroon"> <small> &emsp; &emsp;--- 04 May 23:48:40 286 - <b>0</b> - Spinner Load Wait: (Sync) - ICar.support.WaitUtils.waitForSpinner(WaitUtils.java:225)</small> </font> </div>
<div class="test-event"> <font color="maroon"> <small> &emsp; &emsp;--- 04 May 23:48:40 348 - Page URL:: https://www.i-car.com/product/basic-color-theory</small> </font> </div>
<div class="test-event"> <font color="maroon"> <small> &emsp; &emsp;--- 04 May 23:48:40 348 - <b>0</b> - Page Load Wait: (Sync) - ICar.support.Utils.waitForPageLoad(Utils.java:109)</small> </font> </div>
<div class="test-event"> <font color="maroon"> <small> &emsp; &emsp;--- 04 May 23:48:50 408 - Element is displayed:: [[ChromeDriver: chrome on WINDOWS (2cf28825ea7a8a419a5b05b8e5d35d84)] -> xpath: //div[@class='productDetails slds-p-bottom_large']//div[contains(@class,'slds-p-bottom_medium')]]</small> </font> </div>
<div class="test-message">&emsp;Course Name : BasicColorTheory is displayed in the URL page</div>
<div class="test-message">&emsp;Successfully verified the course name for relevant link&emsp;<a href=".\ScreenShot\URL_TC001_2720476046408500.png" target="_blank" >[ScreenShot]</a></div>
<div class="test-message">&emsp;
</div>
<div class="test-message">&emsp;91. URL is : https://www.i-car.com/product/introduction-to-sanding-buffing-and-polishing</div>
<div class="test-event"> <font color="maroon"> <small> &emsp; &emsp;--- 04 May 23:48:59 872 - Page URL:: https://www.i-car.com/product/introduction-to-sanding-buffing-and-polishing</small> </font> </div>
<div class="test-event"> <font color="maroon"> <small> &emsp; &emsp;--- 04 May 23:48:59 872 - <b>0</b> - Page Load Wait: (Sync) - ICar.support.Utils.waitForPageLoad(Utils.java:109)</small> </font> </div>
<div class="test-message">&emsp;Successfully navigated to the :  https://www.i-car.com/product/introduction-to-sanding-buffing-and-polishing   Page&emsp;<a href=".\ScreenShot\URL_TC001_2720477489571300.png" target="_blank" >[ScreenShot]</a></div>
<div class="test-event"> <font color="maroon"> <small> &emsp; &emsp;--- 04 May 23:49:00 132 - Page URL:: https://www.i-car.com/product/introduction-to-sanding-buffing-and-polishing</small> </font> </div>
<div class="test-event"> <font color="maroon"> <small> &emsp; &emsp;--- 04 May 23:49:00 132 - <b>0</b> - Page Load Wait: (Sync) - ICar.support.Utils.waitForPageLoad(Utils.java:109)</small> </font> </div>
<div class="test-event"> <font color="maroon"> <small> &emsp; &emsp;--- 04 May 23:49:00 139 - Catched spinner load exception due to javascript error: {"status":32,"value":"An invalid or illegal selector was specified"}
  (Session info: chrome=124.0.6367.92)
Build info: version: '4.6.0', revision: '79f1c02ae20'
System info: os.name: 'Windows 10', os.arch: 'amd64', os.version: '10.0', java.version: '17.0.7'
Driver info: org.openqa.selenium.chrome.ChromeDriver
Command: [2cf28825ea7a8a419a5b05b8e5d35d84, findElement {using=css selector, value=div[class='slds-spinner slds-spinner_brand slds-spinner_small']>div:nth-child(2)r}]
Capabilities {acceptInsecureCerts: false, browserName: chrome, browserVersion: 124.0.6367.92, chrome: {chromedriverVersion: 124.0.6367.91 (51df0e5e17a8..., userDataDir: C:\Users\PRATHA~1.KUM\AppDa...}, fedcm:accounts: true, goog:chromeOptions: {debuggerAddress: localhost:49451}, networkConnectionEnabled: false, pageLoadStrategy: normal, platformName: WINDOWS, proxy: Proxy(), se:cdp: ws://localhost:49451/devtoo..., se:cdpVersion: 124.0.6367.92, setWindowRect: true, strictFileInteractability: false, timeouts: {implicit: 0, pageLoad: 300000, script: 30000}, unhandledPromptBehavior: dismiss and notify, webauthn:extension:credBlob: true, webauthn:extension:largeBlob: true, webauthn:extension:minPinLength: true, webauthn:extension:prf: true, webauthn:virtualAuthenticators: true}
Session ID: 2cf28825ea7a8a419a5b05b8e5d35d84</small> </font> </div>
<div class="test-event"> <font color="maroon"> <small> &emsp; &emsp;--- 04 May 23:49:00 139 - <b>0</b> - Spinner Load Wait: (Sync) - ICar.support.WaitUtils.waitForSpinner(WaitUtils.java:225)</small> </font> </div>
<div class="test-event"> <font color="maroon"> <small> &emsp; &emsp;--- 04 May 23:49:10 237 - Page URL:: https://www.i-car.com/product/introduction-to-sanding-buffing-and-polishing</small> </font> </div>
<div class="test-event"> <font color="maroon"> <small> &emsp; &emsp;--- 04 May 23:49:10 237 - <b>0</b> - Page Load Wait: (Sync) - ICar.support.Utils.waitForPageLoad(Utils.java:109)</small> </font> </div>
<div class="test-event"> <font color="maroon"> <small> &emsp; &emsp;--- 04 May 23:49:10 255 - Element is displayed:: [[ChromeDriver: chrome on WINDOWS (2cf28825ea7a8a419a5b05b8e5d35d84)] -> xpath: //a[contains(text(),'Back to Courses')]]</small> </font> </div>
<div class="test-event"> <font color="maroon"> <small> &emsp; &emsp;--- 04 May 23:49:17 278 - Catched spinner load exception due to javascript error: {"status":32,"value":"An invalid or illegal selector was specified"}
  (Session info: chrome=124.0.6367.92)
Build info: version: '4.6.0', revision: '79f1c02ae20'
System info: os.name: 'Windows 10', os.arch: 'amd64', os.version: '10.0', java.version: '17.0.7'
Driver info: org.openqa.selenium.chrome.ChromeDriver
Command: [2cf28825ea7a8a419a5b05b8e5d35d84, findElement {using=css selector, value=div[class='slds-spinner slds-spinner_brand slds-spinner_small']>div:nth-child(2)r}]
Capabilities {acceptInsecureCerts: false, browserName: chrome, browserVersion: 124.0.6367.92, chrome: {chromedriverVersion: 124.0.6367.91 (51df0e5e17a8..., userDataDir: C:\Users\PRATHA~1.KUM\AppDa...}, fedcm:accounts: true, goog:chromeOptions: {debuggerAddress: localhost:49451}, networkConnectionEnabled: false, pageLoadStrategy: normal, platformName: WINDOWS, proxy: Proxy(), se:cdp: ws://localhost:49451/devtoo..., se:cdpVersion: 124.0.6367.92, setWindowRect: true, strictFileInteractability: false, timeouts: {implicit: 0, pageLoad: 300000, script: 30000}, unhandledPromptBehavior: dismiss and notify, webauthn:extension:credBlob: true, webauthn:extension:largeBlob: true, webauthn:extension:minPinLength: true, webauthn:extension:prf: true, webauthn:virtualAuthenticators: true}
Session ID: 2cf28825ea7a8a419a5b05b8e5d35d84</small> </font> </div>
<div class="test-event"> <font color="maroon"> <small> &emsp; &emsp;--- 04 May 23:49:17 278 - <b>0</b> - Spinner Load Wait: (Sync) - ICar.support.WaitUtils.waitForSpinner(WaitUtils.java:225)</small> </font> </div>
<div class="test-message">&emsp;Back To Courses is displayed in the page </div>
<div class="test-message">&emsp;Successfully verified Back To Course Link&emsp;<a href=".\ScreenShot\URL_TC001_2720494905168200.png" target="_blank" >[ScreenShot]</a></div>
<div class="test-event"> <font color="maroon"> <small> &emsp; &emsp;--- 04 May 23:49:17 535 - Catched spinner load exception due to javascript error: {"status":32,"value":"An invalid or illegal selector was specified"}
  (Session info: chrome=124.0.6367.92)
Build info: version: '4.6.0', revision: '79f1c02ae20'
System info: os.name: 'Windows 10', os.arch: 'amd64', os.version: '10.0', java.version: '17.0.7'
Driver info: org.openqa.selenium.chrome.ChromeDriver
Command: [2cf28825ea7a8a419a5b05b8e5d35d84, findElement {using=css selector, value=div[class='slds-spinner slds-spinner_brand slds-spinner_small']>div:nth-child(2)r}]
Capabilities {acceptInsecureCerts: false, browserName: chrome, browserVersion: 124.0.6367.92, chrome: {chromedriverVersion: 124.0.6367.91 (51df0e5e17a8..., userDataDir: C:\Users\PRATHA~1.KUM\AppDa...}, fedcm:accounts: true, goog:chromeOptions: {debuggerAddress: localhost:49451}, networkConnectionEnabled: false, pageLoadStrategy: normal, platformName: WINDOWS, proxy: Proxy(), se:cdp: ws://localhost:49451/devtoo..., se:cdpVersion: 124.0.6367.92, setWindowRect: true, strictFileInteractability: false, timeouts: {implicit: 0, pageLoad: 300000, script: 30000}, unhandledPromptBehavior: dismiss and notify, webauthn:extension:credBlob: true, webauthn:extension:largeBlob: true, webauthn:extension:minPinLength: true, webauthn:extension:prf: true, webauthn:virtualAuthenticators: true}
Session ID: 2cf28825ea7a8a419a5b05b8e5d35d84</small> </font> </div>
<div class="test-event"> <font color="maroon"> <small> &emsp; &emsp;--- 04 May 23:49:17 535 - <b>0</b> - Spinner Load Wait: (Sync) - ICar.support.WaitUtils.waitForSpinner(WaitUtils.java:225)</small> </font> </div>
<div class="test-event"> <font color="maroon"> <small> &emsp; &emsp;--- 04 May 23:49:17 596 - Page URL:: https://www.i-car.com/product/introduction-to-sanding-buffing-and-polishing</small> </font> </div>
<div class="test-event"> <font color="maroon"> <small> &emsp; &emsp;--- 04 May 23:49:17 596 - <b>0</b> - Page Load Wait: (Sync) - ICar.support.Utils.waitForPageLoad(Utils.java:109)</small> </font> </div>
<div class="test-event"> <font color="maroon"> <small> &emsp; &emsp;--- 04 May 23:49:27 650 - Element is displayed:: [[ChromeDriver: chrome on WINDOWS (2cf28825ea7a8a419a5b05b8e5d35d84)] -> xpath: //div[@class='productDetails slds-p-bottom_large']//div[contains(@class,'slds-p-bottom_medium')]]</small> </font> </div>
<div class="test-message">&emsp;Course Name : IntroductiontoSandingBuffingandPolishing is displayed in the URL page</div>
<div class="test-message">&emsp;Successfully verified the course name for relevant link&emsp;<a href=".\ScreenShot\URL_TC001_2720513290902100.png" target="_blank" >[ScreenShot]</a></div>
<div class="test-message">&emsp;
</div>
<div class="test-message">&emsp;92. URL is : https://www.i-car.com/product/masking</div>
<div class="test-event"> <font color="maroon"> <small> &emsp; &emsp;--- 04 May 23:49:37 378 - Page URL:: https://www.i-car.com/product/masking</small> </font> </div>
<div class="test-event"> <font color="maroon"> <small> &emsp; &emsp;--- 04 May 23:49:37 379 - <b>0</b> - Page Load Wait: (Sync) - ICar.support.Utils.waitForPageLoad(Utils.java:109)</small> </font> </div>
<div class="test-message">&emsp;Successfully navigated to the :  https://www.i-car.com/product/masking   Page&emsp;<a href=".\ScreenShot\URL_TC001_2720514995681300.png" target="_blank" >[ScreenShot]</a></div>
<div class="test-event"> <font color="maroon"> <small> &emsp; &emsp;--- 04 May 23:49:37 665 - Page URL:: https://www.i-car.com/product/masking</small> </font> </div>
<div class="test-event"> <font color="maroon"> <small> &emsp; &emsp;--- 04 May 23:49:37 665 - <b>0</b> - Page Load Wait: (Sync) - ICar.support.Utils.waitForPageLoad(Utils.java:109)</small> </font> </div>
<div class="test-event"> <font color="maroon"> <small> &emsp; &emsp;--- 04 May 23:49:37 672 - Catched spinner load exception due to javascript error: {"status":32,"value":"An invalid or illegal selector was specified"}
  (Session info: chrome=124.0.6367.92)
Build info: version: '4.6.0', revision: '79f1c02ae20'
System info: os.name: 'Windows 10', os.arch: 'amd64', os.version: '10.0', java.version: '17.0.7'
Driver info: org.openqa.selenium.chrome.ChromeDriver
Command: [2cf28825ea7a8a419a5b05b8e5d35d84, findElement {using=css selector, value=div[class='slds-spinner slds-spinner_brand slds-spinner_small']>div:nth-child(2)r}]
Capabilities {acceptInsecureCerts: false, browserName: chrome, browserVersion: 124.0.6367.92, chrome: {chromedriverVersion: 124.0.6367.91 (51df0e5e17a8..., userDataDir: C:\Users\PRATHA~1.KUM\AppDa...}, fedcm:accounts: true, goog:chromeOptions: {debuggerAddress: localhost:49451}, networkConnectionEnabled: false, pageLoadStrategy: normal, platformName: WINDOWS, proxy: Proxy(), se:cdp: ws://localhost:49451/devtoo..., se:cdpVersion: 124.0.6367.92, setWindowRect: true, strictFileInteractability: false, timeouts: {implicit: 0, pageLoad: 300000, script: 30000}, unhandledPromptBehavior: dismiss and notify, webauthn:extension:credBlob: true, webauthn:extension:largeBlob: true, webauthn:extension:minPinLength: true, webauthn:extension:prf: true, webauthn:virtualAuthenticators: true}
Session ID: 2cf28825ea7a8a419a5b05b8e5d35d84</small> </font> </div>
<div class="test-event"> <font color="maroon"> <small> &emsp; &emsp;--- 04 May 23:49:37 672 - <b>0</b> - Spinner Load Wait: (Sync) - ICar.support.WaitUtils.waitForSpinner(WaitUtils.java:225)</small> </font> </div>
<div class="test-event"> <font color="maroon"> <small> &emsp; &emsp;--- 04 May 23:49:47 758 - Page URL:: https://www.i-car.com/product/masking</small> </font> </div>
<div class="test-event"> <font color="maroon"> <small> &emsp; &emsp;--- 04 May 23:49:47 758 - <b>0</b> - Page Load Wait: (Sync) - ICar.support.Utils.waitForPageLoad(Utils.java:109)</small> </font> </div>
<div class="test-event"> <font color="maroon"> <small> &emsp; &emsp;--- 04 May 23:49:47 779 - Element is displayed:: [[ChromeDriver: chrome on WINDOWS (2cf28825ea7a8a419a5b05b8e5d35d84)] -> xpath: //a[contains(text(),'Back to Courses')]]</small> </font> </div>
<div class="test-event"> <font color="maroon"> <small> &emsp; &emsp;--- 04 May 23:49:54 821 - Catched spinner load exception due to javascript error: {"status":32,"value":"An invalid or illegal selector was specified"}
  (Session info: chrome=124.0.6367.92)
Build info: version: '4.6.0', revision: '79f1c02ae20'
System info: os.name: 'Windows 10', os.arch: 'amd64', os.version: '10.0', java.version: '17.0.7'
Driver info: org.openqa.selenium.chrome.ChromeDriver
Command: [2cf28825ea7a8a419a5b05b8e5d35d84, findElement {using=css selector, value=div[class='slds-spinner slds-spinner_brand slds-spinner_small']>div:nth-child(2)r}]
Capabilities {acceptInsecureCerts: false, browserName: chrome, browserVersion: 124.0.6367.92, chrome: {chromedriverVersion: 124.0.6367.91 (51df0e5e17a8..., userDataDir: C:\Users\PRATHA~1.KUM\AppDa...}, fedcm:accounts: true, goog:chromeOptions: {debuggerAddress: localhost:49451}, networkConnectionEnabled: false, pageLoadStrategy: normal, platformName: WINDOWS, proxy: Proxy(), se:cdp: ws://localhost:49451/devtoo..., se:cdpVersion: 124.0.6367.92, setWindowRect: true, strictFileInteractability: false, timeouts: {implicit: 0, pageLoad: 300000, script: 30000}, unhandledPromptBehavior: dismiss and notify, webauthn:extension:credBlob: true, webauthn:extension:largeBlob: true, webauthn:extension:minPinLength: true, webauthn:extension:prf: true, webauthn:virtualAuthenticators: true}
Session ID: 2cf28825ea7a8a419a5b05b8e5d35d84</small> </font> </div>
<div class="test-event"> <font color="maroon"> <small> &emsp; &emsp;--- 04 May 23:49:54 821 - <b>0</b> - Spinner Load Wait: (Sync) - ICar.support.WaitUtils.waitForSpinner(WaitUtils.java:225)</small> </font> </div>
<div class="test-message">&emsp;Back To Courses is displayed in the page </div>
<div class="test-message">&emsp;Successfully verified Back To Course Link&emsp;<a href=".\ScreenShot\URL_TC001_2720532460606000.png" target="_blank" >[ScreenShot]</a></div>
<div class="test-event"> <font color="maroon"> <small> &emsp; &emsp;--- 04 May 23:49:55 131 - Catched spinner load exception due to javascript error: {"status":32,"value":"An invalid or illegal selector was specified"}
  (Session info: chrome=124.0.6367.92)
Build info: version: '4.6.0', revision: '79f1c02ae20'
System info: os.name: 'Windows 10', os.arch: 'amd64', os.version: '10.0', java.version: '17.0.7'
Driver info: org.openqa.selenium.chrome.ChromeDriver
Command: [2cf28825ea7a8a419a5b05b8e5d35d84, findElement {using=css selector, value=div[class='slds-spinner slds-spinner_brand slds-spinner_small']>div:nth-child(2)r}]
Capabilities {acceptInsecureCerts: false, browserName: chrome, browserVersion: 124.0.6367.92, chrome: {chromedriverVersion: 124.0.6367.91 (51df0e5e17a8..., userDataDir: C:\Users\PRATHA~1.KUM\AppDa...}, fedcm:accounts: true, goog:chromeOptions: {debuggerAddress: localhost:49451}, networkConnectionEnabled: false, pageLoadStrategy: normal, platformName: WINDOWS, proxy: Proxy(), se:cdp: ws://localhost:49451/devtoo..., se:cdpVersion: 124.0.6367.92, setWindowRect: true, strictFileInteractability: false, timeouts: {implicit: 0, pageLoad: 300000, script: 30000}, unhandledPromptBehavior: dismiss and notify, webauthn:extension:credBlob: true, webauthn:extension:largeBlob: true, webauthn:extension:minPinLength: true, webauthn:extension:prf: true, webauthn:virtualAuthenticators: true}
Session ID: 2cf28825ea7a8a419a5b05b8e5d35d84</small> </font> </div>
<div class="test-event"> <font color="maroon"> <small> &emsp; &emsp;--- 04 May 23:49:55 132 - <b>0</b> - Spinner Load Wait: (Sync) - ICar.support.WaitUtils.waitForSpinner(WaitUtils.java:225)</small> </font> </div>
<div class="test-event"> <font color="maroon"> <small> &emsp; &emsp;--- 04 May 23:49:55 201 - Page URL:: https://www.i-car.com/product/masking</small> </font> </div>
<div class="test-event"> <font color="maroon"> <small> &emsp; &emsp;--- 04 May 23:49:55 201 - <b>0</b> - Page Load Wait: (Sync) - ICar.support.Utils.waitForPageLoad(Utils.java:109)</small> </font> </div>
<div class="test-event"> <font color="maroon"> <small> &emsp; &emsp;--- 04 May 23:50:05 249 - Element is displayed:: [[ChromeDriver: chrome on WINDOWS (2cf28825ea7a8a419a5b05b8e5d35d84)] -> xpath: //div[@class='productDetails slds-p-bottom_large']//div[contains(@class,'slds-p-bottom_medium')]]</small> </font> </div>
<div class="test-message">&emsp;Course Name : Masking is displayed in the URL page</div>
<div class="test-message">&emsp;Successfully verified the course name for relevant link&emsp;<a href=".\ScreenShot\URL_TC001_2720550886566400.png" target="_blank" >[ScreenShot]</a></div>
<div class="test-message">&emsp;
</div>
<div class="test-message">&emsp;93. URL is : https://www.i-car.com/product/refinish-planning</div>
<div class="test-event"> <font color="maroon"> <small> &emsp; &emsp;--- 04 May 23:50:14 337 - Page URL:: https://www.i-car.com/product/refinish-planning</small> </font> </div>
<div class="test-event"> <font color="maroon"> <small> &emsp; &emsp;--- 04 May 23:50:14 337 - <b>0</b> - Page Load Wait: (Sync) - ICar.support.Utils.waitForPageLoad(Utils.java:109)</small> </font> </div>
<div class="test-message">&emsp;Successfully navigated to the :  https://www.i-car.com/product/refinish-planning   Page&emsp;<a href=".\ScreenShot\URL_TC001_2720551953817900.png" target="_blank" >[ScreenShot]</a></div>
<div class="test-event"> <font color="maroon"> <small> &emsp; &emsp;--- 04 May 23:50:14 599 - Page URL:: https://www.i-car.com/product/refinish-planning</small> </font> </div>
<div class="test-event"> <font color="maroon"> <small> &emsp; &emsp;--- 04 May 23:50:14 599 - <b>0</b> - Page Load Wait: (Sync) - ICar.support.Utils.waitForPageLoad(Utils.java:109)</small> </font> </div>
<div class="test-event"> <font color="maroon"> <small> &emsp; &emsp;--- 04 May 23:50:14 608 - Catched spinner load exception due to javascript error: {"status":32,"value":"An invalid or illegal selector was specified"}
  (Session info: chrome=124.0.6367.92)
Build info: version: '4.6.0', revision: '79f1c02ae20'
System info: os.name: 'Windows 10', os.arch: 'amd64', os.version: '10.0', java.version: '17.0.7'
Driver info: org.openqa.selenium.chrome.ChromeDriver
Command: [2cf28825ea7a8a419a5b05b8e5d35d84, findElement {using=css selector, value=div[class='slds-spinner slds-spinner_brand slds-spinner_small']>div:nth-child(2)r}]
Capabilities {acceptInsecureCerts: false, browserName: chrome, browserVersion: 124.0.6367.92, chrome: {chromedriverVersion: 124.0.6367.91 (51df0e5e17a8..., userDataDir: C:\Users\PRATHA~1.KUM\AppDa...}, fedcm:accounts: true, goog:chromeOptions: {debuggerAddress: localhost:49451}, networkConnectionEnabled: false, pageLoadStrategy: normal, platformName: WINDOWS, proxy: Proxy(), se:cdp: ws://localhost:49451/devtoo..., se:cdpVersion: 124.0.6367.92, setWindowRect: true, strictFileInteractability: false, timeouts: {implicit: 0, pageLoad: 300000, script: 30000}, unhandledPromptBehavior: dismiss and notify, webauthn:extension:credBlob: true, webauthn:extension:largeBlob: true, webauthn:extension:minPinLength: true, webauthn:extension:prf: true, webauthn:virtualAuthenticators: true}
Session ID: 2cf28825ea7a8a419a5b05b8e5d35d84</small> </font> </div>
<div class="test-event"> <font color="maroon"> <small> &emsp; &emsp;--- 04 May 23:50:14 608 - <b>0</b> - Spinner Load Wait: (Sync) - ICar.support.WaitUtils.waitForSpinner(WaitUtils.java:225)</small> </font> </div>
<div class="test-event"> <font color="maroon"> <small> &emsp; &emsp;--- 04 May 23:50:24 738 - Page URL:: https://www.i-car.com/product/refinish-planning</small> </font> </div>
<div class="test-event"> <font color="maroon"> <small> &emsp; &emsp;--- 04 May 23:50:24 738 - <b>0</b> - Page Load Wait: (Sync) - ICar.support.Utils.waitForPageLoad(Utils.java:109)</small> </font> </div>
<div class="test-event"> <font color="maroon"> <small> &emsp; &emsp;--- 04 May 23:50:24 756 - Element is displayed:: [[ChromeDriver: chrome on WINDOWS (2cf28825ea7a8a419a5b05b8e5d35d84)] -> xpath: //a[contains(text(),'Back to Courses')]]</small> </font> </div>
<div class="test-event"> <font color="maroon"> <small> &emsp; &emsp;--- 04 May 23:50:31 801 - Catched spinner load exception due to javascript error: {"status":32,"value":"An invalid or illegal selector was specified"}
  (Session info: chrome=124.0.6367.92)
Build info: version: '4.6.0', revision: '79f1c02ae20'
System info: os.name: 'Windows 10', os.arch: 'amd64', os.version: '10.0', java.version: '17.0.7'
Driver info: org.openqa.selenium.chrome.ChromeDriver
Command: [2cf28825ea7a8a419a5b05b8e5d35d84, findElement {using=css selector, value=div[class='slds-spinner slds-spinner_brand slds-spinner_small']>div:nth-child(2)r}]
Capabilities {acceptInsecureCerts: false, browserName: chrome, browserVersion: 124.0.6367.92, chrome: {chromedriverVersion: 124.0.6367.91 (51df0e5e17a8..., userDataDir: C:\Users\PRATHA~1.KUM\AppDa...}, fedcm:accounts: true, goog:chromeOptions: {debuggerAddress: localhost:49451}, networkConnectionEnabled: false, pageLoadStrategy: normal, platformName: WINDOWS, proxy: Proxy(), se:cdp: ws://localhost:49451/devtoo..., se:cdpVersion: 124.0.6367.92, setWindowRect: true, strictFileInteractability: false, timeouts: {implicit: 0, pageLoad: 300000, script: 30000}, unhandledPromptBehavior: dismiss and notify, webauthn:extension:credBlob: true, webauthn:extension:largeBlob: true, webauthn:extension:minPinLength: true, webauthn:extension:prf: true, webauthn:virtualAuthenticators: true}
Session ID: 2cf28825ea7a8a419a5b05b8e5d35d84</small> </font> </div>
<div class="test-event"> <font color="maroon"> <small> &emsp; &emsp;--- 04 May 23:50:31 802 - <b>0</b> - Spinner Load Wait: (Sync) - ICar.support.WaitUtils.waitForSpinner(WaitUtils.java:225)</small> </font> </div>
<div class="test-message">&emsp;Back To Courses is displayed in the page </div>
<div class="test-message">&emsp;Successfully verified Back To Course Link&emsp;<a href=".\ScreenShot\URL_TC001_2720569444349700.png" target="_blank" >[ScreenShot]</a></div>
<div class="test-event"> <font color="maroon"> <small> &emsp; &emsp;--- 04 May 23:50:32 171 - Catched spinner load exception due to javascript error: {"status":32,"value":"An invalid or illegal selector was specified"}
  (Session info: chrome=124.0.6367.92)
Build info: version: '4.6.0', revision: '79f1c02ae20'
System info: os.name: 'Windows 10', os.arch: 'amd64', os.version: '10.0', java.version: '17.0.7'
Driver info: org.openqa.selenium.chrome.ChromeDriver
Command: [2cf28825ea7a8a419a5b05b8e5d35d84, findElement {using=css selector, value=div[class='slds-spinner slds-spinner_brand slds-spinner_small']>div:nth-child(2)r}]
Capabilities {acceptInsecureCerts: false, browserName: chrome, browserVersion: 124.0.6367.92, chrome: {chromedriverVersion: 124.0.6367.91 (51df0e5e17a8..., userDataDir: C:\Users\PRATHA~1.KUM\AppDa...}, fedcm:accounts: true, goog:chromeOptions: {debuggerAddress: localhost:49451}, networkConnectionEnabled: false, pageLoadStrategy: normal, platformName: WINDOWS, proxy: Proxy(), se:cdp: ws://localhost:49451/devtoo..., se:cdpVersion: 124.0.6367.92, setWindowRect: true, strictFileInteractability: false, timeouts: {implicit: 0, pageLoad: 300000, script: 30000}, unhandledPromptBehavior: dismiss and notify, webauthn:extension:credBlob: true, webauthn:extension:largeBlob: true, webauthn:extension:minPinLength: true, webauthn:extension:prf: true, webauthn:virtualAuthenticators: true}
Session ID: 2cf28825ea7a8a419a5b05b8e5d35d84</small> </font> </div>
<div class="test-event"> <font color="maroon"> <small> &emsp; &emsp;--- 04 May 23:50:32 171 - <b>0</b> - Spinner Load Wait: (Sync) - ICar.support.WaitUtils.waitForSpinner(WaitUtils.java:225)</small> </font> </div>
<div class="test-event"> <font color="maroon"> <small> &emsp; &emsp;--- 04 May 23:50:32 309 - Page URL:: https://www.i-car.com/product/refinish-planning</small> </font> </div>
<div class="test-event"> <font color="maroon"> <small> &emsp; &emsp;--- 04 May 23:50:32 309 - <b>0</b> - Page Load Wait: (Sync) - ICar.support.Utils.waitForPageLoad(Utils.java:109)</small> </font> </div>
<div class="test-event"> <font color="maroon"> <small> &emsp; &emsp;--- 04 May 23:50:42 384 - Element is displayed:: [[ChromeDriver: chrome on WINDOWS (2cf28825ea7a8a419a5b05b8e5d35d84)] -> xpath: //div[@class='productDetails slds-p-bottom_large']//div[contains(@class,'slds-p-bottom_medium')]]</small> </font> </div>
<div class="test-message">&emsp;Course Name : RefinishPlanning is displayed in the URL page</div>
<div class="test-message">&emsp;Successfully verified the course name for relevant link&emsp;<a href=".\ScreenShot\URL_TC001_2720588029068600.png" target="_blank" >[ScreenShot]</a></div>
<div class="test-message">&emsp;
</div>
<div class="test-message">&emsp;94. URL is : https://www.i-car.com/product/spray-guns</div>
<div class="test-event"> <font color="maroon"> <small> &emsp; &emsp;--- 04 May 23:50:51 595 - Page URL:: https://www.i-car.com/product/spray-guns</small> </font> </div>
<div class="test-event"> <font color="maroon"> <small> &emsp; &emsp;--- 04 May 23:50:51 595 - <b>0</b> - Page Load Wait: (Sync) - ICar.support.Utils.waitForPageLoad(Utils.java:109)</small> </font> </div>
<div class="test-message">&emsp;Successfully navigated to the :  https://www.i-car.com/product/spray-guns   Page&emsp;<a href=".\ScreenShot\URL_TC001_2720589211883500.png" target="_blank" >[ScreenShot]</a></div>
<div class="test-event"> <font color="maroon"> <small> &emsp; &emsp;--- 04 May 23:50:51 873 - Page URL:: https://www.i-car.com/product/spray-guns</small> </font> </div>
<div class="test-event"> <font color="maroon"> <small> &emsp; &emsp;--- 04 May 23:50:51 873 - <b>0</b> - Page Load Wait: (Sync) - ICar.support.Utils.waitForPageLoad(Utils.java:109)</small> </font> </div>
<div class="test-event"> <font color="maroon"> <small> &emsp; &emsp;--- 04 May 23:50:51 881 - Catched spinner load exception due to javascript error: {"status":32,"value":"An invalid or illegal selector was specified"}
  (Session info: chrome=124.0.6367.92)
Build info: version: '4.6.0', revision: '79f1c02ae20'
System info: os.name: 'Windows 10', os.arch: 'amd64', os.version: '10.0', java.version: '17.0.7'
Driver info: org.openqa.selenium.chrome.ChromeDriver
Command: [2cf28825ea7a8a419a5b05b8e5d35d84, findElement {using=css selector, value=div[class='slds-spinner slds-spinner_brand slds-spinner_small']>div:nth-child(2)r}]
Capabilities {acceptInsecureCerts: false, browserName: chrome, browserVersion: 124.0.6367.92, chrome: {chromedriverVersion: 124.0.6367.91 (51df0e5e17a8..., userDataDir: C:\Users\PRATHA~1.KUM\AppDa...}, fedcm:accounts: true, goog:chromeOptions: {debuggerAddress: localhost:49451}, networkConnectionEnabled: false, pageLoadStrategy: normal, platformName: WINDOWS, proxy: Proxy(), se:cdp: ws://localhost:49451/devtoo..., se:cdpVersion: 124.0.6367.92, setWindowRect: true, strictFileInteractability: false, timeouts: {implicit: 0, pageLoad: 300000, script: 30000}, unhandledPromptBehavior: dismiss and notify, webauthn:extension:credBlob: true, webauthn:extension:largeBlob: true, webauthn:extension:minPinLength: true, webauthn:extension:prf: true, webauthn:virtualAuthenticators: true}
Session ID: 2cf28825ea7a8a419a5b05b8e5d35d84</small> </font> </div>
<div class="test-event"> <font color="maroon"> <small> &emsp; &emsp;--- 04 May 23:50:51 881 - <b>0</b> - Spinner Load Wait: (Sync) - ICar.support.WaitUtils.waitForSpinner(WaitUtils.java:225)</small> </font> </div>
<div class="test-event"> <font color="maroon"> <small> &emsp; &emsp;--- 04 May 23:51:01 975 - Page URL:: https://www.i-car.com/product/spray-guns</small> </font> </div>
<div class="test-event"> <font color="maroon"> <small> &emsp; &emsp;--- 04 May 23:51:01 975 - <b>0</b> - Page Load Wait: (Sync) - ICar.support.Utils.waitForPageLoad(Utils.java:109)</small> </font> </div>
<div class="test-event"> <font color="maroon"> <small> &emsp; &emsp;--- 04 May 23:51:01 992 - Element is displayed:: [[ChromeDriver: chrome on WINDOWS (2cf28825ea7a8a419a5b05b8e5d35d84)] -> xpath: //a[contains(text(),'Back to Courses')]]</small> </font> </div>
<div class="test-event"> <font color="maroon"> <small> &emsp; &emsp;--- 04 May 23:51:09 023 - Catched spinner load exception due to javascript error: {"status":32,"value":"An invalid or illegal selector was specified"}
  (Session info: chrome=124.0.6367.92)
Build info: version: '4.6.0', revision: '79f1c02ae20'
System info: os.name: 'Windows 10', os.arch: 'amd64', os.version: '10.0', java.version: '17.0.7'
Driver info: org.openqa.selenium.chrome.ChromeDriver
Command: [2cf28825ea7a8a419a5b05b8e5d35d84, findElement {using=css selector, value=div[class='slds-spinner slds-spinner_brand slds-spinner_small']>div:nth-child(2)r}]
Capabilities {acceptInsecureCerts: false, browserName: chrome, browserVersion: 124.0.6367.92, chrome: {chromedriverVersion: 124.0.6367.91 (51df0e5e17a8..., userDataDir: C:\Users\PRATHA~1.KUM\AppDa...}, fedcm:accounts: true, goog:chromeOptions: {debuggerAddress: localhost:49451}, networkConnectionEnabled: false, pageLoadStrategy: normal, platformName: WINDOWS, proxy: Proxy(), se:cdp: ws://localhost:49451/devtoo..., se:cdpVersion: 124.0.6367.92, setWindowRect: true, strictFileInteractability: false, timeouts: {implicit: 0, pageLoad: 300000, script: 30000}, unhandledPromptBehavior: dismiss and notify, webauthn:extension:credBlob: true, webauthn:extension:largeBlob: true, webauthn:extension:minPinLength: true, webauthn:extension:prf: true, webauthn:virtualAuthenticators: true}
Session ID: 2cf28825ea7a8a419a5b05b8e5d35d84</small> </font> </div>
<div class="test-event"> <font color="maroon"> <small> &emsp; &emsp;--- 04 May 23:51:09 023 - <b>0</b> - Spinner Load Wait: (Sync) - ICar.support.WaitUtils.waitForSpinner(WaitUtils.java:225)</small> </font> </div>
<div class="test-message">&emsp;Back To Courses is displayed in the page </div>
<div class="test-message">&emsp;Successfully verified Back To Course Link&emsp;<a href=".\ScreenShot\URL_TC001_2720606650572000.png" target="_blank" >[ScreenShot]</a></div>
<div class="test-event"> <font color="maroon"> <small> &emsp; &emsp;--- 04 May 23:51:09 409 - Catched spinner load exception due to javascript error: {"status":32,"value":"An invalid or illegal selector was specified"}
  (Session info: chrome=124.0.6367.92)
Build info: version: '4.6.0', revision: '79f1c02ae20'
System info: os.name: 'Windows 10', os.arch: 'amd64', os.version: '10.0', java.version: '17.0.7'
Driver info: org.openqa.selenium.chrome.ChromeDriver
Command: [2cf28825ea7a8a419a5b05b8e5d35d84, findElement {using=css selector, value=div[class='slds-spinner slds-spinner_brand slds-spinner_small']>div:nth-child(2)r}]
Capabilities {acceptInsecureCerts: false, browserName: chrome, browserVersion: 124.0.6367.92, chrome: {chromedriverVersion: 124.0.6367.91 (51df0e5e17a8..., userDataDir: C:\Users\PRATHA~1.KUM\AppDa...}, fedcm:accounts: true, goog:chromeOptions: {debuggerAddress: localhost:49451}, networkConnectionEnabled: false, pageLoadStrategy: normal, platformName: WINDOWS, proxy: Proxy(), se:cdp: ws://localhost:49451/devtoo..., se:cdpVersion: 124.0.6367.92, setWindowRect: true, strictFileInteractability: false, timeouts: {implicit: 0, pageLoad: 300000, script: 30000}, unhandledPromptBehavior: dismiss and notify, webauthn:extension:credBlob: true, webauthn:extension:largeBlob: true, webauthn:extension:minPinLength: true, webauthn:extension:prf: true, webauthn:virtualAuthenticators: true}
Session ID: 2cf28825ea7a8a419a5b05b8e5d35d84</small> </font> </div>
<div class="test-event"> <font color="maroon"> <small> &emsp; &emsp;--- 04 May 23:51:09 409 - <b>0</b> - Spinner Load Wait: (Sync) - ICar.support.WaitUtils.waitForSpinner(WaitUtils.java:225)</small> </font> </div>
<div class="test-event"> <font color="maroon"> <small> &emsp; &emsp;--- 04 May 23:51:09 474 - Page URL:: https://www.i-car.com/product/spray-guns</small> </font> </div>
<div class="test-event"> <font color="maroon"> <small> &emsp; &emsp;--- 04 May 23:51:09 475 - <b>0</b> - Page Load Wait: (Sync) - ICar.support.Utils.waitForPageLoad(Utils.java:109)</small> </font> </div>
<div class="test-event"> <font color="maroon"> <small> &emsp; &emsp;--- 04 May 23:51:19 539 - Element is displayed:: [[ChromeDriver: chrome on WINDOWS (2cf28825ea7a8a419a5b05b8e5d35d84)] -> xpath: //div[@class='productDetails slds-p-bottom_large']//div[contains(@class,'slds-p-bottom_medium')]]</small> </font> </div>
<div class="test-message">&emsp;Course Name : SprayGuns is displayed in the URL page</div>
<div class="test-message">&emsp;Successfully verified the course name for relevant link&emsp;<a href=".\ScreenShot\URL_TC001_2720625186909000.png" target="_blank" >[ScreenShot]</a></div>
<div class="test-message">&emsp;
</div>
<div class="test-message">&emsp;95. URL is : https://www.i-car.com/product/introduction-to-squeezetype-resistance-spot-welding</div>
<div class="test-event"> <font color="maroon"> <small> &emsp; &emsp;--- 04 May 23:51:29 592 - Page URL:: https://www.i-car.com/product/introduction-to-squeezetype-resistance-spot-welding</small> </font> </div>
<div class="test-event"> <font color="maroon"> <small> &emsp; &emsp;--- 04 May 23:51:29 592 - <b>0</b> - Page Load Wait: (Sync) - ICar.support.Utils.waitForPageLoad(Utils.java:109)</small> </font> </div>
<div class="test-message">&emsp;Successfully navigated to the :  https://www.i-car.com/product/introduction-to-squeezetype-resistance-spot-welding   Page&emsp;<a href=".\ScreenShot\URL_TC001_2720627208526300.png" target="_blank" >[ScreenShot]</a></div>
<div class="test-event"> <font color="maroon"> <small> &emsp; &emsp;--- 04 May 23:51:29 903 - Page URL:: https://www.i-car.com/product/introduction-to-squeezetype-resistance-spot-welding</small> </font> </div>
<div class="test-event"> <font color="maroon"> <small> &emsp; &emsp;--- 04 May 23:51:29 904 - <b>0</b> - Page Load Wait: (Sync) - ICar.support.Utils.waitForPageLoad(Utils.java:109)</small> </font> </div>
<div class="test-event"> <font color="maroon"> <small> &emsp; &emsp;--- 04 May 23:51:29 913 - Catched spinner load exception due to javascript error: {"status":32,"value":"An invalid or illegal selector was specified"}
  (Session info: chrome=124.0.6367.92)
Build info: version: '4.6.0', revision: '79f1c02ae20'
System info: os.name: 'Windows 10', os.arch: 'amd64', os.version: '10.0', java.version: '17.0.7'
Driver info: org.openqa.selenium.chrome.ChromeDriver
Command: [2cf28825ea7a8a419a5b05b8e5d35d84, findElement {using=css selector, value=div[class='slds-spinner slds-spinner_brand slds-spinner_small']>div:nth-child(2)r}]
Capabilities {acceptInsecureCerts: false, browserName: chrome, browserVersion: 124.0.6367.92, chrome: {chromedriverVersion: 124.0.6367.91 (51df0e5e17a8..., userDataDir: C:\Users\PRATHA~1.KUM\AppDa...}, fedcm:accounts: true, goog:chromeOptions: {debuggerAddress: localhost:49451}, networkConnectionEnabled: false, pageLoadStrategy: normal, platformName: WINDOWS, proxy: Proxy(), se:cdp: ws://localhost:49451/devtoo..., se:cdpVersion: 124.0.6367.92, setWindowRect: true, strictFileInteractability: false, timeouts: {implicit: 0, pageLoad: 300000, script: 30000}, unhandledPromptBehavior: dismiss and notify, webauthn:extension:credBlob: true, webauthn:extension:largeBlob: true, webauthn:extension:minPinLength: true, webauthn:extension:prf: true, webauthn:virtualAuthenticators: true}
Session ID: 2cf28825ea7a8a419a5b05b8e5d35d84</small> </font> </div>
<div class="test-event"> <font color="maroon"> <small> &emsp; &emsp;--- 04 May 23:51:29 913 - <b>0</b> - Spinner Load Wait: (Sync) - ICar.support.WaitUtils.waitForSpinner(WaitUtils.java:225)</small> </font> </div>
<div class="test-event"> <font color="maroon"> <small> &emsp; &emsp;--- 04 May 23:51:39 998 - Page URL:: https://www.i-car.com/product/introduction-to-squeezetype-resistance-spot-welding</small> </font> </div>
<div class="test-event"> <font color="maroon"> <small> &emsp; &emsp;--- 04 May 23:51:39 998 - <b>0</b> - Page Load Wait: (Sync) - ICar.support.Utils.waitForPageLoad(Utils.java:109)</small> </font> </div>
<div class="test-event"> <font color="maroon"> <small> &emsp; &emsp;--- 04 May 23:51:40 019 - Element is displayed:: [[ChromeDriver: chrome on WINDOWS (2cf28825ea7a8a419a5b05b8e5d35d84)] -> xpath: //a[contains(text(),'Back to Courses')]]</small> </font> </div>
<div class="test-event"> <font color="maroon"> <small> &emsp; &emsp;--- 04 May 23:51:47 056 - Catched spinner load exception due to javascript error: {"status":32,"value":"An invalid or illegal selector was specified"}
  (Session info: chrome=124.0.6367.92)
Build info: version: '4.6.0', revision: '79f1c02ae20'
System info: os.name: 'Windows 10', os.arch: 'amd64', os.version: '10.0', java.version: '17.0.7'
Driver info: org.openqa.selenium.chrome.ChromeDriver
Command: [2cf28825ea7a8a419a5b05b8e5d35d84, findElement {using=css selector, value=div[class='slds-spinner slds-spinner_brand slds-spinner_small']>div:nth-child(2)r}]
Capabilities {acceptInsecureCerts: false, browserName: chrome, browserVersion: 124.0.6367.92, chrome: {chromedriverVersion: 124.0.6367.91 (51df0e5e17a8..., userDataDir: C:\Users\PRATHA~1.KUM\AppDa...}, fedcm:accounts: true, goog:chromeOptions: {debuggerAddress: localhost:49451}, networkConnectionEnabled: false, pageLoadStrategy: normal, platformName: WINDOWS, proxy: Proxy(), se:cdp: ws://localhost:49451/devtoo..., se:cdpVersion: 124.0.6367.92, setWindowRect: true, strictFileInteractability: false, timeouts: {implicit: 0, pageLoad: 300000, script: 30000}, unhandledPromptBehavior: dismiss and notify, webauthn:extension:credBlob: true, webauthn:extension:largeBlob: true, webauthn:extension:minPinLength: true, webauthn:extension:prf: true, webauthn:virtualAuthenticators: true}
Session ID: 2cf28825ea7a8a419a5b05b8e5d35d84</small> </font> </div>
<div class="test-event"> <font color="maroon"> <small> &emsp; &emsp;--- 04 May 23:51:47 056 - <b>0</b> - Spinner Load Wait: (Sync) - ICar.support.WaitUtils.waitForSpinner(WaitUtils.java:225)</small> </font> </div>
<div class="test-message">&emsp;Back To Courses is displayed in the page </div>
<div class="test-message">&emsp;Successfully verified Back To Course Link&emsp;<a href=".\ScreenShot\URL_TC001_2720644685898000.png" target="_blank" >[ScreenShot]</a></div>
<div class="test-event"> <font color="maroon"> <small> &emsp; &emsp;--- 04 May 23:51:47 375 - Catched spinner load exception due to javascript error: {"status":32,"value":"An invalid or illegal selector was specified"}
  (Session info: chrome=124.0.6367.92)
Build info: version: '4.6.0', revision: '79f1c02ae20'
System info: os.name: 'Windows 10', os.arch: 'amd64', os.version: '10.0', java.version: '17.0.7'
Driver info: org.openqa.selenium.chrome.ChromeDriver
Command: [2cf28825ea7a8a419a5b05b8e5d35d84, findElement {using=css selector, value=div[class='slds-spinner slds-spinner_brand slds-spinner_small']>div:nth-child(2)r}]
Capabilities {acceptInsecureCerts: false, browserName: chrome, browserVersion: 124.0.6367.92, chrome: {chromedriverVersion: 124.0.6367.91 (51df0e5e17a8..., userDataDir: C:\Users\PRATHA~1.KUM\AppDa...}, fedcm:accounts: true, goog:chromeOptions: {debuggerAddress: localhost:49451}, networkConnectionEnabled: false, pageLoadStrategy: normal, platformName: WINDOWS, proxy: Proxy(), se:cdp: ws://localhost:49451/devtoo..., se:cdpVersion: 124.0.6367.92, setWindowRect: true, strictFileInteractability: false, timeouts: {implicit: 0, pageLoad: 300000, script: 30000}, unhandledPromptBehavior: dismiss and notify, webauthn:extension:credBlob: true, webauthn:extension:largeBlob: true, webauthn:extension:minPinLength: true, webauthn:extension:prf: true, webauthn:virtualAuthenticators: true}
Session ID: 2cf28825ea7a8a419a5b05b8e5d35d84</small> </font> </div>
<div class="test-event"> <font color="maroon"> <small> &emsp; &emsp;--- 04 May 23:51:47 375 - <b>0</b> - Spinner Load Wait: (Sync) - ICar.support.WaitUtils.waitForSpinner(WaitUtils.java:225)</small> </font> </div>
<div class="test-event"> <font color="maroon"> <small> &emsp; &emsp;--- 04 May 23:51:47 442 - Page URL:: https://www.i-car.com/product/introduction-to-squeezetype-resistance-spot-welding</small> </font> </div>
<div class="test-event"> <font color="maroon"> <small> &emsp; &emsp;--- 04 May 23:51:47 442 - <b>0</b> - Page Load Wait: (Sync) - ICar.support.Utils.waitForPageLoad(Utils.java:109)</small> </font> </div>
<div class="test-event"> <font color="maroon"> <small> &emsp; &emsp;--- 04 May 23:51:57 482 - Element is displayed:: [[ChromeDriver: chrome on WINDOWS (2cf28825ea7a8a419a5b05b8e5d35d84)] -> xpath: //div[@class='productDetails slds-p-bottom_large']//div[contains(@class,'slds-p-bottom_medium')]]</small> </font> </div>
<div class="test-message">&emsp;Course Name : IntroductiontoSqueezeTypeResistanceSpotWelding is displayed in the URL page</div>
<div class="test-message">&emsp;Successfully verified the course name for relevant link&emsp;<a href=".\ScreenShot\URL_TC001_2720663119350500.png" target="_blank" >[ScreenShot]</a></div>
<div class="test-message">&emsp;
</div>
<div class="test-message">&emsp;96. URL is : https://www.i-car.com/product/priming-and-blocking-repaired-areas</div>
<div class="test-event"> <font color="maroon"> <small> &emsp; &emsp;--- 04 May 23:52:08 542 - Page URL:: https://www.i-car.com/product/priming-and-blocking-repaired-areas</small> </font> </div>
<div class="test-event"> <font color="maroon"> <small> &emsp; &emsp;--- 04 May 23:52:08 542 - <b>0</b> - Page Load Wait: (Sync) - ICar.support.Utils.waitForPageLoad(Utils.java:109)</small> </font> </div>
<div class="test-message">&emsp;Successfully navigated to the :  https://www.i-car.com/product/priming-and-blocking-repaired-areas   Page&emsp;<a href=".\ScreenShot\URL_TC001_2720666159077900.png" target="_blank" >[ScreenShot]</a></div>
<div class="test-event"> <font color="maroon"> <small> &emsp; &emsp;--- 04 May 23:52:08 834 - Page URL:: https://www.i-car.com/product/priming-and-blocking-repaired-areas</small> </font> </div>
<div class="test-event"> <font color="maroon"> <small> &emsp; &emsp;--- 04 May 23:52:08 834 - <b>0</b> - Page Load Wait: (Sync) - ICar.support.Utils.waitForPageLoad(Utils.java:109)</small> </font> </div>
<div class="test-event"> <font color="maroon"> <small> &emsp; &emsp;--- 04 May 23:52:08 843 - Catched spinner load exception due to javascript error: {"status":32,"value":"An invalid or illegal selector was specified"}
  (Session info: chrome=124.0.6367.92)
Build info: version: '4.6.0', revision: '79f1c02ae20'
System info: os.name: 'Windows 10', os.arch: 'amd64', os.version: '10.0', java.version: '17.0.7'
Driver info: org.openqa.selenium.chrome.ChromeDriver
Command: [2cf28825ea7a8a419a5b05b8e5d35d84, findElement {using=css selector, value=div[class='slds-spinner slds-spinner_brand slds-spinner_small']>div:nth-child(2)r}]
Capabilities {acceptInsecureCerts: false, browserName: chrome, browserVersion: 124.0.6367.92, chrome: {chromedriverVersion: 124.0.6367.91 (51df0e5e17a8..., userDataDir: C:\Users\PRATHA~1.KUM\AppDa...}, fedcm:accounts: true, goog:chromeOptions: {debuggerAddress: localhost:49451}, networkConnectionEnabled: false, pageLoadStrategy: normal, platformName: WINDOWS, proxy: Proxy(), se:cdp: ws://localhost:49451/devtoo..., se:cdpVersion: 124.0.6367.92, setWindowRect: true, strictFileInteractability: false, timeouts: {implicit: 0, pageLoad: 300000, script: 30000}, unhandledPromptBehavior: dismiss and notify, webauthn:extension:credBlob: true, webauthn:extension:largeBlob: true, webauthn:extension:minPinLength: true, webauthn:extension:prf: true, webauthn:virtualAuthenticators: true}
Session ID: 2cf28825ea7a8a419a5b05b8e5d35d84</small> </font> </div>
<div class="test-event"> <font color="maroon"> <small> &emsp; &emsp;--- 04 May 23:52:08 843 - <b>0</b> - Spinner Load Wait: (Sync) - ICar.support.WaitUtils.waitForSpinner(WaitUtils.java:225)</small> </font> </div>
<div class="test-event"> <font color="maroon"> <small> &emsp; &emsp;--- 04 May 23:52:18 926 - Page URL:: https://www.i-car.com/product/priming-and-blocking-repaired-areas</small> </font> </div>
<div class="test-event"> <font color="maroon"> <small> &emsp; &emsp;--- 04 May 23:52:18 926 - <b>0</b> - Page Load Wait: (Sync) - ICar.support.Utils.waitForPageLoad(Utils.java:109)</small> </font> </div>
<div class="test-event"> <font color="maroon"> <small> &emsp; &emsp;--- 04 May 23:52:18 942 - Element is displayed:: [[ChromeDriver: chrome on WINDOWS (2cf28825ea7a8a419a5b05b8e5d35d84)] -> xpath: //a[contains(text(),'Back to Courses')]]</small> </font> </div>
<div class="test-event"> <font color="maroon"> <small> &emsp; &emsp;--- 04 May 23:52:25 978 - Catched spinner load exception due to javascript error: {"status":32,"value":"An invalid or illegal selector was specified"}
  (Session info: chrome=124.0.6367.92)
Build info: version: '4.6.0', revision: '79f1c02ae20'
System info: os.name: 'Windows 10', os.arch: 'amd64', os.version: '10.0', java.version: '17.0.7'
Driver info: org.openqa.selenium.chrome.ChromeDriver
Command: [2cf28825ea7a8a419a5b05b8e5d35d84, findElement {using=css selector, value=div[class='slds-spinner slds-spinner_brand slds-spinner_small']>div:nth-child(2)r}]
Capabilities {acceptInsecureCerts: false, browserName: chrome, browserVersion: 124.0.6367.92, chrome: {chromedriverVersion: 124.0.6367.91 (51df0e5e17a8..., userDataDir: C:\Users\PRATHA~1.KUM\AppDa...}, fedcm:accounts: true, goog:chromeOptions: {debuggerAddress: localhost:49451}, networkConnectionEnabled: false, pageLoadStrategy: normal, platformName: WINDOWS, proxy: Proxy(), se:cdp: ws://localhost:49451/devtoo..., se:cdpVersion: 124.0.6367.92, setWindowRect: true, strictFileInteractability: false, timeouts: {implicit: 0, pageLoad: 300000, script: 30000}, unhandledPromptBehavior: dismiss and notify, webauthn:extension:credBlob: true, webauthn:extension:largeBlob: true, webauthn:extension:minPinLength: true, webauthn:extension:prf: true, webauthn:virtualAuthenticators: true}
Session ID: 2cf28825ea7a8a419a5b05b8e5d35d84</small> </font> </div>
<div class="test-event"> <font color="maroon"> <small> &emsp; &emsp;--- 04 May 23:52:25 978 - <b>0</b> - Spinner Load Wait: (Sync) - ICar.support.WaitUtils.waitForSpinner(WaitUtils.java:225)</small> </font> </div>
<div class="test-message">&emsp;Back To Courses is displayed in the page </div>
<div class="test-message">&emsp;Successfully verified Back To Course Link&emsp;<a href=".\ScreenShot\URL_TC001_2720683606611900.png" target="_blank" >[ScreenShot]</a></div>
<div class="test-event"> <font color="maroon"> <small> &emsp; &emsp;--- 04 May 23:52:26 477 - Catched spinner load exception due to javascript error: {"status":32,"value":"An invalid or illegal selector was specified"}
  (Session info: chrome=124.0.6367.92)
Build info: version: '4.6.0', revision: '79f1c02ae20'
System info: os.name: 'Windows 10', os.arch: 'amd64', os.version: '10.0', java.version: '17.0.7'
Driver info: org.openqa.selenium.chrome.ChromeDriver
Command: [2cf28825ea7a8a419a5b05b8e5d35d84, findElement {using=css selector, value=div[class='slds-spinner slds-spinner_brand slds-spinner_small']>div:nth-child(2)r}]
Capabilities {acceptInsecureCerts: false, browserName: chrome, browserVersion: 124.0.6367.92, chrome: {chromedriverVersion: 124.0.6367.91 (51df0e5e17a8..., userDataDir: C:\Users\PRATHA~1.KUM\AppDa...}, fedcm:accounts: true, goog:chromeOptions: {debuggerAddress: localhost:49451}, networkConnectionEnabled: false, pageLoadStrategy: normal, platformName: WINDOWS, proxy: Proxy(), se:cdp: ws://localhost:49451/devtoo..., se:cdpVersion: 124.0.6367.92, setWindowRect: true, strictFileInteractability: false, timeouts: {implicit: 0, pageLoad: 300000, script: 30000}, unhandledPromptBehavior: dismiss and notify, webauthn:extension:credBlob: true, webauthn:extension:largeBlob: true, webauthn:extension:minPinLength: true, webauthn:extension:prf: true, webauthn:virtualAuthenticators: true}
Session ID: 2cf28825ea7a8a419a5b05b8e5d35d84</small> </font> </div>
<div class="test-event"> <font color="maroon"> <small> &emsp; &emsp;--- 04 May 23:52:26 477 - <b>0</b> - Spinner Load Wait: (Sync) - ICar.support.WaitUtils.waitForSpinner(WaitUtils.java:225)</small> </font> </div>
<div class="test-event"> <font color="maroon"> <small> &emsp; &emsp;--- 04 May 23:52:26 551 - Page URL:: https://www.i-car.com/product/priming-and-blocking-repaired-areas</small> </font> </div>
<div class="test-event"> <font color="maroon"> <small> &emsp; &emsp;--- 04 May 23:52:26 552 - <b>0</b> - Page Load Wait: (Sync) - ICar.support.Utils.waitForPageLoad(Utils.java:109)</small> </font> </div>
<div class="test-event"> <font color="maroon"> <small> &emsp; &emsp;--- 04 May 23:52:36 651 - Element is displayed:: [[ChromeDriver: chrome on WINDOWS (2cf28825ea7a8a419a5b05b8e5d35d84)] -> xpath: //div[@class='productDetails slds-p-bottom_large']//div[contains(@class,'slds-p-bottom_medium')]]</small> </font> </div>
<div class="test-message">&emsp;Course Name : PrimingandBlockingRepairedAreas is displayed in the URL page</div>
<div class="test-message">&emsp;Successfully verified the course name for relevant link&emsp;<a href=".\ScreenShot\URL_TC001_2720702292399000.png" target="_blank" >[ScreenShot]</a></div>
<div class="test-message">&emsp;
</div>
<div class="test-message">&emsp;97. URL is : https://www.i-car.com/product/stationary-glass-removal-and-installation</div>
<div class="test-event"> <font color="maroon"> <small> &emsp; &emsp;--- 04 May 23:52:45 987 - Page URL:: https://www.i-car.com/product/stationary-glass-removal-and-installation</small> </font> </div>
<div class="test-event"> <font color="maroon"> <small> &emsp; &emsp;--- 04 May 23:52:45 988 - <b>0</b> - Page Load Wait: (Sync) - ICar.support.Utils.waitForPageLoad(Utils.java:109)</small> </font> </div>
<div class="test-message">&emsp;Successfully navigated to the :  https://www.i-car.com/product/stationary-glass-removal-and-installation   Page&emsp;<a href=".\ScreenShot\URL_TC001_2720703604019000.png" target="_blank" >[ScreenShot]</a></div>
<div class="test-event"> <font color="maroon"> <small> &emsp; &emsp;--- 04 May 23:52:46 296 - Page URL:: https://www.i-car.com/product/stationary-glass-removal-and-installation</small> </font> </div>
<div class="test-event"> <font color="maroon"> <small> &emsp; &emsp;--- 04 May 23:52:46 296 - <b>0</b> - Page Load Wait: (Sync) - ICar.support.Utils.waitForPageLoad(Utils.java:109)</small> </font> </div>
<div class="test-event"> <font color="maroon"> <small> &emsp; &emsp;--- 04 May 23:52:46 304 - Catched spinner load exception due to javascript error: {"status":32,"value":"An invalid or illegal selector was specified"}
  (Session info: chrome=124.0.6367.92)
Build info: version: '4.6.0', revision: '79f1c02ae20'
System info: os.name: 'Windows 10', os.arch: 'amd64', os.version: '10.0', java.version: '17.0.7'
Driver info: org.openqa.selenium.chrome.ChromeDriver
Command: [2cf28825ea7a8a419a5b05b8e5d35d84, findElement {using=css selector, value=div[class='slds-spinner slds-spinner_brand slds-spinner_small']>div:nth-child(2)r}]
Capabilities {acceptInsecureCerts: false, browserName: chrome, browserVersion: 124.0.6367.92, chrome: {chromedriverVersion: 124.0.6367.91 (51df0e5e17a8..., userDataDir: C:\Users\PRATHA~1.KUM\AppDa...}, fedcm:accounts: true, goog:chromeOptions: {debuggerAddress: localhost:49451}, networkConnectionEnabled: false, pageLoadStrategy: normal, platformName: WINDOWS, proxy: Proxy(), se:cdp: ws://localhost:49451/devtoo..., se:cdpVersion: 124.0.6367.92, setWindowRect: true, strictFileInteractability: false, timeouts: {implicit: 0, pageLoad: 300000, script: 30000}, unhandledPromptBehavior: dismiss and notify, webauthn:extension:credBlob: true, webauthn:extension:largeBlob: true, webauthn:extension:minPinLength: true, webauthn:extension:prf: true, webauthn:virtualAuthenticators: true}
Session ID: 2cf28825ea7a8a419a5b05b8e5d35d84</small> </font> </div>
<div class="test-event"> <font color="maroon"> <small> &emsp; &emsp;--- 04 May 23:52:46 304 - <b>0</b> - Spinner Load Wait: (Sync) - ICar.support.WaitUtils.waitForSpinner(WaitUtils.java:225)</small> </font> </div>
<div class="test-event"> <font color="maroon"> <small> &emsp; &emsp;--- 04 May 23:52:56 379 - Page URL:: https://www.i-car.com/product/stationary-glass-removal-and-installation</small> </font> </div>
<div class="test-event"> <font color="maroon"> <small> &emsp; &emsp;--- 04 May 23:52:56 379 - <b>0</b> - Page Load Wait: (Sync) - ICar.support.Utils.waitForPageLoad(Utils.java:109)</small> </font> </div>
<div class="test-event"> <font color="maroon"> <small> &emsp; &emsp;--- 04 May 23:52:56 398 - Element is displayed:: [[ChromeDriver: chrome on WINDOWS (2cf28825ea7a8a419a5b05b8e5d35d84)] -> xpath: //a[contains(text(),'Back to Courses')]]</small> </font> </div>
<div class="test-event"> <font color="maroon"> <small> &emsp; &emsp;--- 04 May 23:53:03 430 - Catched spinner load exception due to javascript error: {"status":32,"value":"An invalid or illegal selector was specified"}
  (Session info: chrome=124.0.6367.92)
Build info: version: '4.6.0', revision: '79f1c02ae20'
System info: os.name: 'Windows 10', os.arch: 'amd64', os.version: '10.0', java.version: '17.0.7'
Driver info: org.openqa.selenium.chrome.ChromeDriver
Command: [2cf28825ea7a8a419a5b05b8e5d35d84, findElement {using=css selector, value=div[class='slds-spinner slds-spinner_brand slds-spinner_small']>div:nth-child(2)r}]
Capabilities {acceptInsecureCerts: false, browserName: chrome, browserVersion: 124.0.6367.92, chrome: {chromedriverVersion: 124.0.6367.91 (51df0e5e17a8..., userDataDir: C:\Users\PRATHA~1.KUM\AppDa...}, fedcm:accounts: true, goog:chromeOptions: {debuggerAddress: localhost:49451}, networkConnectionEnabled: false, pageLoadStrategy: normal, platformName: WINDOWS, proxy: Proxy(), se:cdp: ws://localhost:49451/devtoo..., se:cdpVersion: 124.0.6367.92, setWindowRect: true, strictFileInteractability: false, timeouts: {implicit: 0, pageLoad: 300000, script: 30000}, unhandledPromptBehavior: dismiss and notify, webauthn:extension:credBlob: true, webauthn:extension:largeBlob: true, webauthn:extension:minPinLength: true, webauthn:extension:prf: true, webauthn:virtualAuthenticators: true}
Session ID: 2cf28825ea7a8a419a5b05b8e5d35d84</small> </font> </div>
<div class="test-event"> <font color="maroon"> <small> &emsp; &emsp;--- 04 May 23:53:03 430 - <b>0</b> - Spinner Load Wait: (Sync) - ICar.support.WaitUtils.waitForSpinner(WaitUtils.java:225)</small> </font> </div>
<div class="test-message">&emsp;Back To Courses is displayed in the page </div>
<div class="test-message">&emsp;Successfully verified Back To Course Link&emsp;<a href=".\ScreenShot\URL_TC001_2720721057471900.png" target="_blank" >[ScreenShot]</a></div>
<div class="test-event"> <font color="maroon"> <small> &emsp; &emsp;--- 04 May 23:53:03 674 - Catched spinner load exception due to javascript error: {"status":32,"value":"An invalid or illegal selector was specified"}
  (Session info: chrome=124.0.6367.92)
Build info: version: '4.6.0', revision: '79f1c02ae20'
System info: os.name: 'Windows 10', os.arch: 'amd64', os.version: '10.0', java.version: '17.0.7'
Driver info: org.openqa.selenium.chrome.ChromeDriver
Command: [2cf28825ea7a8a419a5b05b8e5d35d84, findElement {using=css selector, value=div[class='slds-spinner slds-spinner_brand slds-spinner_small']>div:nth-child(2)r}]
Capabilities {acceptInsecureCerts: false, browserName: chrome, browserVersion: 124.0.6367.92, chrome: {chromedriverVersion: 124.0.6367.91 (51df0e5e17a8..., userDataDir: C:\Users\PRATHA~1.KUM\AppDa...}, fedcm:accounts: true, goog:chromeOptions: {debuggerAddress: localhost:49451}, networkConnectionEnabled: false, pageLoadStrategy: normal, platformName: WINDOWS, proxy: Proxy(), se:cdp: ws://localhost:49451/devtoo..., se:cdpVersion: 124.0.6367.92, setWindowRect: true, strictFileInteractability: false, timeouts: {implicit: 0, pageLoad: 300000, script: 30000}, unhandledPromptBehavior: dismiss and notify, webauthn:extension:credBlob: true, webauthn:extension:largeBlob: true, webauthn:extension:minPinLength: true, webauthn:extension:prf: true, webauthn:virtualAuthenticators: true}
Session ID: 2cf28825ea7a8a419a5b05b8e5d35d84</small> </font> </div>
<div class="test-event"> <font color="maroon"> <small> &emsp; &emsp;--- 04 May 23:53:03 674 - <b>0</b> - Spinner Load Wait: (Sync) - ICar.support.WaitUtils.waitForSpinner(WaitUtils.java:225)</small> </font> </div>
<div class="test-event"> <font color="maroon"> <small> &emsp; &emsp;--- 04 May 23:53:03 745 - Page URL:: https://www.i-car.com/product/stationary-glass-removal-and-installation</small> </font> </div>
<div class="test-event"> <font color="maroon"> <small> &emsp; &emsp;--- 04 May 23:53:03 745 - <b>0</b> - Page Load Wait: (Sync) - ICar.support.Utils.waitForPageLoad(Utils.java:109)</small> </font> </div>
<div class="test-event"> <font color="maroon"> <small> &emsp; &emsp;--- 04 May 23:53:13 787 - Element is displayed:: [[ChromeDriver: chrome on WINDOWS (2cf28825ea7a8a419a5b05b8e5d35d84)] -> xpath: //div[@class='productDetails slds-p-bottom_large']//div[contains(@class,'slds-p-bottom_medium')]]</small> </font> </div>
<div class="test-message">&emsp;Course Name : StationaryGlassRemovalandInstallation is displayed in the URL page</div>
<div class="test-message">&emsp;Successfully verified the course name for relevant link&emsp;<a href=".\ScreenShot\URL_TC001_2720739425848200.png" target="_blank" >[ScreenShot]</a></div>
<div class="test-message">&emsp;
</div>
<div class="test-message">&emsp;98. URL is : https://www.i-car.com/product/aluminum-gma-welding-theory</div>
<div class="test-event"> <font color="maroon"> <small> &emsp; &emsp;--- 04 May 23:53:22 974 - Page URL:: https://www.i-car.com/product/aluminum-gma-welding-theory</small> </font> </div>
<div class="test-event"> <font color="maroon"> <small> &emsp; &emsp;--- 04 May 23:53:22 975 - <b>0</b> - Page Load Wait: (Sync) - ICar.support.Utils.waitForPageLoad(Utils.java:109)</small> </font> </div>
<div class="test-message">&emsp;Successfully navigated to the :  https://www.i-car.com/product/aluminum-gma-welding-theory   Page&emsp;<a href=".\ScreenShot\URL_TC001_2720740591082800.png" target="_blank" >[ScreenShot]</a></div>
<div class="test-event"> <font color="maroon"> <small> &emsp; &emsp;--- 04 May 23:53:23 275 - Page URL:: https://www.i-car.com/product/aluminum-gma-welding-theory</small> </font> </div>
<div class="test-event"> <font color="maroon"> <small> &emsp; &emsp;--- 04 May 23:53:23 276 - <b>0</b> - Page Load Wait: (Sync) - ICar.support.Utils.waitForPageLoad(Utils.java:109)</small> </font> </div>
<div class="test-event"> <font color="maroon"> <small> &emsp; &emsp;--- 04 May 23:53:23 285 - Catched spinner load exception due to javascript error: {"status":32,"value":"An invalid or illegal selector was specified"}
  (Session info: chrome=124.0.6367.92)
Build info: version: '4.6.0', revision: '79f1c02ae20'
System info: os.name: 'Windows 10', os.arch: 'amd64', os.version: '10.0', java.version: '17.0.7'
Driver info: org.openqa.selenium.chrome.ChromeDriver
Command: [2cf28825ea7a8a419a5b05b8e5d35d84, findElement {using=css selector, value=div[class='slds-spinner slds-spinner_brand slds-spinner_small']>div:nth-child(2)r}]
Capabilities {acceptInsecureCerts: false, browserName: chrome, browserVersion: 124.0.6367.92, chrome: {chromedriverVersion: 124.0.6367.91 (51df0e5e17a8..., userDataDir: C:\Users\PRATHA~1.KUM\AppDa...}, fedcm:accounts: true, goog:chromeOptions: {debuggerAddress: localhost:49451}, networkConnectionEnabled: false, pageLoadStrategy: normal, platformName: WINDOWS, proxy: Proxy(), se:cdp: ws://localhost:49451/devtoo..., se:cdpVersion: 124.0.6367.92, setWindowRect: true, strictFileInteractability: false, timeouts: {implicit: 0, pageLoad: 300000, script: 30000}, unhandledPromptBehavior: dismiss and notify, webauthn:extension:credBlob: true, webauthn:extension:largeBlob: true, webauthn:extension:minPinLength: true, webauthn:extension:prf: true, webauthn:virtualAuthenticators: true}
Session ID: 2cf28825ea7a8a419a5b05b8e5d35d84</small> </font> </div>
<div class="test-event"> <font color="maroon"> <small> &emsp; &emsp;--- 04 May 23:53:23 285 - <b>0</b> - Spinner Load Wait: (Sync) - ICar.support.WaitUtils.waitForSpinner(WaitUtils.java:225)</small> </font> </div>
<div class="test-event"> <font color="maroon"> <small> &emsp; &emsp;--- 04 May 23:53:33 389 - Page URL:: https://www.i-car.com/product/aluminum-gma-welding-theory</small> </font> </div>
<div class="test-event"> <font color="maroon"> <small> &emsp; &emsp;--- 04 May 23:53:33 389 - <b>0</b> - Page Load Wait: (Sync) - ICar.support.Utils.waitForPageLoad(Utils.java:109)</small> </font> </div>
<div class="test-event"> <font color="maroon"> <small> &emsp; &emsp;--- 04 May 23:53:33 409 - Element is displayed:: [[ChromeDriver: chrome on WINDOWS (2cf28825ea7a8a419a5b05b8e5d35d84)] -> xpath: //a[contains(text(),'Back to Courses')]]</small> </font> </div>
<div class="test-event"> <font color="maroon"> <small> &emsp; &emsp;--- 04 May 23:53:40 462 - Catched spinner load exception due to javascript error: {"status":32,"value":"An invalid or illegal selector was specified"}
  (Session info: chrome=124.0.6367.92)
Build info: version: '4.6.0', revision: '79f1c02ae20'
System info: os.name: 'Windows 10', os.arch: 'amd64', os.version: '10.0', java.version: '17.0.7'
Driver info: org.openqa.selenium.chrome.ChromeDriver
Command: [2cf28825ea7a8a419a5b05b8e5d35d84, findElement {using=css selector, value=div[class='slds-spinner slds-spinner_brand slds-spinner_small']>div:nth-child(2)r}]
Capabilities {acceptInsecureCerts: false, browserName: chrome, browserVersion: 124.0.6367.92, chrome: {chromedriverVersion: 124.0.6367.91 (51df0e5e17a8..., userDataDir: C:\Users\PRATHA~1.KUM\AppDa...}, fedcm:accounts: true, goog:chromeOptions: {debuggerAddress: localhost:49451}, networkConnectionEnabled: false, pageLoadStrategy: normal, platformName: WINDOWS, proxy: Proxy(), se:cdp: ws://localhost:49451/devtoo..., se:cdpVersion: 124.0.6367.92, setWindowRect: true, strictFileInteractability: false, timeouts: {implicit: 0, pageLoad: 300000, script: 30000}, unhandledPromptBehavior: dismiss and notify, webauthn:extension:credBlob: true, webauthn:extension:largeBlob: true, webauthn:extension:minPinLength: true, webauthn:extension:prf: true, webauthn:virtualAuthenticators: true}
Session ID: 2cf28825ea7a8a419a5b05b8e5d35d84</small> </font> </div>
<div class="test-event"> <font color="maroon"> <small> &emsp; &emsp;--- 04 May 23:53:40 462 - <b>0</b> - Spinner Load Wait: (Sync) - ICar.support.WaitUtils.waitForSpinner(WaitUtils.java:225)</small> </font> </div>
<div class="test-message">&emsp;Back To Courses is displayed in the page </div>
<div class="test-message">&emsp;Successfully verified Back To Course Link&emsp;<a href=".\ScreenShot\URL_TC001_2720758101831100.png" target="_blank" >[ScreenShot]</a></div>
<div class="test-event"> <font color="maroon"> <small> &emsp; &emsp;--- 04 May 23:53:41 202 - Catched spinner load exception due to javascript error: {"status":32,"value":"An invalid or illegal selector was specified"}
  (Session info: chrome=124.0.6367.92)
Build info: version: '4.6.0', revision: '79f1c02ae20'
System info: os.name: 'Windows 10', os.arch: 'amd64', os.version: '10.0', java.version: '17.0.7'
Driver info: org.openqa.selenium.chrome.ChromeDriver
Command: [2cf28825ea7a8a419a5b05b8e5d35d84, findElement {using=css selector, value=div[class='slds-spinner slds-spinner_brand slds-spinner_small']>div:nth-child(2)r}]
Capabilities {acceptInsecureCerts: false, browserName: chrome, browserVersion: 124.0.6367.92, chrome: {chromedriverVersion: 124.0.6367.91 (51df0e5e17a8..., userDataDir: C:\Users\PRATHA~1.KUM\AppDa...}, fedcm:accounts: true, goog:chromeOptions: {debuggerAddress: localhost:49451}, networkConnectionEnabled: false, pageLoadStrategy: normal, platformName: WINDOWS, proxy: Proxy(), se:cdp: ws://localhost:49451/devtoo..., se:cdpVersion: 124.0.6367.92, setWindowRect: true, strictFileInteractability: false, timeouts: {implicit: 0, pageLoad: 300000, script: 30000}, unhandledPromptBehavior: dismiss and notify, webauthn:extension:credBlob: true, webauthn:extension:largeBlob: true, webauthn:extension:minPinLength: true, webauthn:extension:prf: true, webauthn:virtualAuthenticators: true}
Session ID: 2cf28825ea7a8a419a5b05b8e5d35d84</small> </font> </div>
<div class="test-event"> <font color="maroon"> <small> &emsp; &emsp;--- 04 May 23:53:41 202 - <b>0</b> - Spinner Load Wait: (Sync) - ICar.support.WaitUtils.waitForSpinner(WaitUtils.java:225)</small> </font> </div>
<div class="test-event"> <font color="maroon"> <small> &emsp; &emsp;--- 04 May 23:53:41 268 - Page URL:: https://www.i-car.com/product/aluminum-gma-welding-theory</small> </font> </div>
<div class="test-event"> <font color="maroon"> <small> &emsp; &emsp;--- 04 May 23:53:41 268 - <b>0</b> - Page Load Wait: (Sync) - ICar.support.Utils.waitForPageLoad(Utils.java:109)</small> </font> </div>
<div class="test-event"> <font color="maroon"> <small> &emsp; &emsp;--- 04 May 23:53:51 331 - Element is displayed:: [[ChromeDriver: chrome on WINDOWS (2cf28825ea7a8a419a5b05b8e5d35d84)] -> xpath: //div[@class='productDetails slds-p-bottom_large']//div[contains(@class,'slds-p-bottom_medium')]]</small> </font> </div>
<div class="test-message">&emsp;Course Name : AluminumGMAWeldingTheory is displayed in the URL page</div>
<div class="test-message">&emsp;Successfully verified the course name for relevant link&emsp;<a href=".\ScreenShot\URL_TC001_2720776973565500.png" target="_blank" >[ScreenShot]</a></div>
<div class="test-message">&emsp;
</div>
<div class="test-message">&emsp;99. URL is : https://www.i-car.com/product/autel-maxisys-diagnostic-tablet-and-calibration-kit</div>
<div class="test-event"> <font color="maroon"> <small> &emsp; &emsp;--- 04 May 23:54:00 596 - Page URL:: https://www.i-car.com/product/autel-maxisys-diagnostic-tablet-and-calibration-kit</small> </font> </div>
<div class="test-event"> <font color="maroon"> <small> &emsp; &emsp;--- 04 May 23:54:00 597 - <b>0</b> - Page Load Wait: (Sync) - ICar.support.Utils.waitForPageLoad(Utils.java:109)</small> </font> </div>
<div class="test-message">&emsp;Successfully navigated to the :  https://www.i-car.com/product/autel-maxisys-diagnostic-tablet-and-calibration-kit   Page&emsp;<a href=".\ScreenShot\URL_TC001_2720778212610600.png" target="_blank" >[ScreenShot]</a></div>
<div class="test-event"> <font color="maroon"> <small> &emsp; &emsp;--- 04 May 23:54:00 850 - Page URL:: https://www.i-car.com/product/autel-maxisys-diagnostic-tablet-and-calibration-kit</small> </font> </div>
<div class="test-event"> <font color="maroon"> <small> &emsp; &emsp;--- 04 May 23:54:00 850 - <b>0</b> - Page Load Wait: (Sync) - ICar.support.Utils.waitForPageLoad(Utils.java:109)</small> </font> </div>
<div class="test-event"> <font color="maroon"> <small> &emsp; &emsp;--- 04 May 23:54:00 858 - Catched spinner load exception due to javascript error: {"status":32,"value":"An invalid or illegal selector was specified"}
  (Session info: chrome=124.0.6367.92)
Build info: version: '4.6.0', revision: '79f1c02ae20'
System info: os.name: 'Windows 10', os.arch: 'amd64', os.version: '10.0', java.version: '17.0.7'
Driver info: org.openqa.selenium.chrome.ChromeDriver
Command: [2cf28825ea7a8a419a5b05b8e5d35d84, findElement {using=css selector, value=div[class='slds-spinner slds-spinner_brand slds-spinner_small']>div:nth-child(2)r}]
Capabilities {acceptInsecureCerts: false, browserName: chrome, browserVersion: 124.0.6367.92, chrome: {chromedriverVersion: 124.0.6367.91 (51df0e5e17a8..., userDataDir: C:\Users\PRATHA~1.KUM\AppDa...}, fedcm:accounts: true, goog:chromeOptions: {debuggerAddress: localhost:49451}, networkConnectionEnabled: false, pageLoadStrategy: normal, platformName: WINDOWS, proxy: Proxy(), se:cdp: ws://localhost:49451/devtoo..., se:cdpVersion: 124.0.6367.92, setWindowRect: true, strictFileInteractability: false, timeouts: {implicit: 0, pageLoad: 300000, script: 30000}, unhandledPromptBehavior: dismiss and notify, webauthn:extension:credBlob: true, webauthn:extension:largeBlob: true, webauthn:extension:minPinLength: true, webauthn:extension:prf: true, webauthn:virtualAuthenticators: true}
Session ID: 2cf28825ea7a8a419a5b05b8e5d35d84</small> </font> </div>
<div class="test-event"> <font color="maroon"> <small> &emsp; &emsp;--- 04 May 23:54:00 858 - <b>0</b> - Spinner Load Wait: (Sync) - ICar.support.WaitUtils.waitForSpinner(WaitUtils.java:225)</small> </font> </div>
<div class="test-event"> <font color="maroon"> <small> &emsp; &emsp;--- 04 May 23:54:10 938 - Page URL:: https://www.i-car.com/product/autel-maxisys-diagnostic-tablet-and-calibration-kit</small> </font> </div>
<div class="test-event"> <font color="maroon"> <small> &emsp; &emsp;--- 04 May 23:54:10 938 - <b>0</b> - Page Load Wait: (Sync) - ICar.support.Utils.waitForPageLoad(Utils.java:109)</small> </font> </div>
<div class="test-event"> <font color="maroon"> <small> &emsp; &emsp;--- 04 May 23:54:10 957 - Element is displayed:: [[ChromeDriver: chrome on WINDOWS (2cf28825ea7a8a419a5b05b8e5d35d84)] -> xpath: //a[contains(text(),'Back to Courses')]]</small> </font> </div>
<div class="test-event"> <font color="maroon"> <small> &emsp; &emsp;--- 04 May 23:54:17 995 - Catched spinner load exception due to javascript error: {"status":32,"value":"An invalid or illegal selector was specified"}
  (Session info: chrome=124.0.6367.92)
Build info: version: '4.6.0', revision: '79f1c02ae20'
System info: os.name: 'Windows 10', os.arch: 'amd64', os.version: '10.0', java.version: '17.0.7'
Driver info: org.openqa.selenium.chrome.ChromeDriver
Command: [2cf28825ea7a8a419a5b05b8e5d35d84, findElement {using=css selector, value=div[class='slds-spinner slds-spinner_brand slds-spinner_small']>div:nth-child(2)r}]
Capabilities {acceptInsecureCerts: false, browserName: chrome, browserVersion: 124.0.6367.92, chrome: {chromedriverVersion: 124.0.6367.91 (51df0e5e17a8..., userDataDir: C:\Users\PRATHA~1.KUM\AppDa...}, fedcm:accounts: true, goog:chromeOptions: {debuggerAddress: localhost:49451}, networkConnectionEnabled: false, pageLoadStrategy: normal, platformName: WINDOWS, proxy: Proxy(), se:cdp: ws://localhost:49451/devtoo..., se:cdpVersion: 124.0.6367.92, setWindowRect: true, strictFileInteractability: false, timeouts: {implicit: 0, pageLoad: 300000, script: 30000}, unhandledPromptBehavior: dismiss and notify, webauthn:extension:credBlob: true, webauthn:extension:largeBlob: true, webauthn:extension:minPinLength: true, webauthn:extension:prf: true, webauthn:virtualAuthenticators: true}
Session ID: 2cf28825ea7a8a419a5b05b8e5d35d84</small> </font> </div>
<div class="test-event"> <font color="maroon"> <small> &emsp; &emsp;--- 04 May 23:54:17 995 - <b>0</b> - Spinner Load Wait: (Sync) - ICar.support.WaitUtils.waitForSpinner(WaitUtils.java:225)</small> </font> </div>
<div class="test-message">&emsp;Back To Courses is displayed in the page </div>
<div class="test-message">&emsp;Successfully verified Back To Course Link&emsp;<a href=".\ScreenShot\URL_TC001_2720795623371400.png" target="_blank" >[ScreenShot]</a></div>
<div class="test-event"> <font color="maroon"> <small> &emsp; &emsp;--- 04 May 23:54:18 278 - Catched spinner load exception due to javascript error: {"status":32,"value":"An invalid or illegal selector was specified"}
  (Session info: chrome=124.0.6367.92)
Build info: version: '4.6.0', revision: '79f1c02ae20'
System info: os.name: 'Windows 10', os.arch: 'amd64', os.version: '10.0', java.version: '17.0.7'
Driver info: org.openqa.selenium.chrome.ChromeDriver
Command: [2cf28825ea7a8a419a5b05b8e5d35d84, findElement {using=css selector, value=div[class='slds-spinner slds-spinner_brand slds-spinner_small']>div:nth-child(2)r}]
Capabilities {acceptInsecureCerts: false, browserName: chrome, browserVersion: 124.0.6367.92, chrome: {chromedriverVersion: 124.0.6367.91 (51df0e5e17a8..., userDataDir: C:\Users\PRATHA~1.KUM\AppDa...}, fedcm:accounts: true, goog:chromeOptions: {debuggerAddress: localhost:49451}, networkConnectionEnabled: false, pageLoadStrategy: normal, platformName: WINDOWS, proxy: Proxy(), se:cdp: ws://localhost:49451/devtoo..., se:cdpVersion: 124.0.6367.92, setWindowRect: true, strictFileInteractability: false, timeouts: {implicit: 0, pageLoad: 300000, script: 30000}, unhandledPromptBehavior: dismiss and notify, webauthn:extension:credBlob: true, webauthn:extension:largeBlob: true, webauthn:extension:minPinLength: true, webauthn:extension:prf: true, webauthn:virtualAuthenticators: true}
Session ID: 2cf28825ea7a8a419a5b05b8e5d35d84</small> </font> </div>
<div class="test-event"> <font color="maroon"> <small> &emsp; &emsp;--- 04 May 23:54:18 278 - <b>0</b> - Spinner Load Wait: (Sync) - ICar.support.WaitUtils.waitForSpinner(WaitUtils.java:225)</small> </font> </div>
<div class="test-event"> <font color="maroon"> <small> &emsp; &emsp;--- 04 May 23:54:18 350 - Page URL:: https://www.i-car.com/product/autel-maxisys-diagnostic-tablet-and-calibration-kit</small> </font> </div>
<div class="test-event"> <font color="maroon"> <small> &emsp; &emsp;--- 04 May 23:54:18 351 - <b>0</b> - Page Load Wait: (Sync) - ICar.support.Utils.waitForPageLoad(Utils.java:109)</small> </font> </div>
<div class="test-event"> <font color="maroon"> <small> &emsp; &emsp;--- 04 May 23:54:28 421 - Element is displayed:: [[ChromeDriver: chrome on WINDOWS (2cf28825ea7a8a419a5b05b8e5d35d84)] -> xpath: //div[@class='productDetails slds-p-bottom_large']//div[contains(@class,'slds-p-bottom_medium')]]</small> </font> </div>
<div class="test-message">&emsp;Course Name : AUTELMaxiSysDiagnosticTabletandCalibrationKit is displayed in the URL page</div>
<div class="test-message">&emsp;Successfully verified the course name for relevant link&emsp;<a href=".\ScreenShot\URL_TC001_2720814057811500.png" target="_blank" >[ScreenShot]</a></div>
<div class="test-message">&emsp;
</div>
<div class="test-message">&emsp;100. URL is : https://www.i-car.com/product/steel-panel-repair-2</div>
<div class="test-event"> <font color="maroon"> <small> &emsp; &emsp;--- 04 May 23:54:42 018 - Page URL:: https://www.i-car.com/product/steel-panel-repair-2</small> </font> </div>
<div class="test-event"> <font color="maroon"> <small> &emsp; &emsp;--- 04 May 23:54:42 018 - <b>2</b> - Page Load Wait: (Sync) - ICar.support.Utils.waitForPageLoad(Utils.java:109)</small> </font> </div>
<div class="test-message">&emsp;Successfully navigated to the :  https://www.i-car.com/product/steel-panel-repair-2   Page&emsp;<a href=".\ScreenShot\URL_TC001_2720819634900900.png" target="_blank" >[ScreenShot]</a></div>
<div class="test-event"> <font color="maroon"> <small> &emsp; &emsp;--- 04 May 23:54:42 360 - Page URL:: https://www.i-car.com/product/steel-panel-repair-2</small> </font> </div>
<div class="test-event"> <font color="maroon"> <small> &emsp; &emsp;--- 04 May 23:54:42 360 - <b>0</b> - Page Load Wait: (Sync) - ICar.support.Utils.waitForPageLoad(Utils.java:109)</small> </font> </div>
<div class="test-event"> <font color="maroon"> <small> &emsp; &emsp;--- 04 May 23:54:42 368 - Catched spinner load exception due to javascript error: {"status":32,"value":"An invalid or illegal selector was specified"}
  (Session info: chrome=124.0.6367.92)
Build info: version: '4.6.0', revision: '79f1c02ae20'
System info: os.name: 'Windows 10', os.arch: 'amd64', os.version: '10.0', java.version: '17.0.7'
Driver info: org.openqa.selenium.chrome.ChromeDriver
Command: [2cf28825ea7a8a419a5b05b8e5d35d84, findElement {using=css selector, value=div[class='slds-spinner slds-spinner_brand slds-spinner_small']>div:nth-child(2)r}]
Capabilities {acceptInsecureCerts: false, browserName: chrome, browserVersion: 124.0.6367.92, chrome: {chromedriverVersion: 124.0.6367.91 (51df0e5e17a8..., userDataDir: C:\Users\PRATHA~1.KUM\AppDa...}, fedcm:accounts: true, goog:chromeOptions: {debuggerAddress: localhost:49451}, networkConnectionEnabled: false, pageLoadStrategy: normal, platformName: WINDOWS, proxy: Proxy(), se:cdp: ws://localhost:49451/devtoo..., se:cdpVersion: 124.0.6367.92, setWindowRect: true, strictFileInteractability: false, timeouts: {implicit: 0, pageLoad: 300000, script: 30000}, unhandledPromptBehavior: dismiss and notify, webauthn:extension:credBlob: true, webauthn:extension:largeBlob: true, webauthn:extension:minPinLength: true, webauthn:extension:prf: true, webauthn:virtualAuthenticators: true}
Session ID: 2cf28825ea7a8a419a5b05b8e5d35d84</small> </font> </div>
<div class="test-event"> <font color="maroon"> <small> &emsp; &emsp;--- 04 May 23:54:42 368 - <b>0</b> - Spinner Load Wait: (Sync) - ICar.support.WaitUtils.waitForSpinner(WaitUtils.java:225)</small> </font> </div>
<div class="test-event"> <font color="maroon"> <small> &emsp; &emsp;--- 04 May 23:54:52 458 - Page URL:: https://www.i-car.com/product/steel-panel-repair-2</small> </font> </div>
<div class="test-event"> <font color="maroon"> <small> &emsp; &emsp;--- 04 May 23:54:52 458 - <b>0</b> - Page Load Wait: (Sync) - ICar.support.Utils.waitForPageLoad(Utils.java:109)</small> </font> </div>
<div class="test-event"> <font color="maroon"> <small> &emsp; &emsp;--- 04 May 23:54:52 480 - Element is displayed:: [[ChromeDriver: chrome on WINDOWS (2cf28825ea7a8a419a5b05b8e5d35d84)] -> xpath: //a[contains(text(),'Back to Courses')]]</small> </font> </div>
<div class="test-event"> <font color="maroon"> <small> &emsp; &emsp;--- 04 May 23:54:59 602 - Catched spinner load exception due to javascript error: {"status":32,"value":"An invalid or illegal selector was specified"}
  (Session info: chrome=124.0.6367.92)
Build info: version: '4.6.0', revision: '79f1c02ae20'
System info: os.name: 'Windows 10', os.arch: 'amd64', os.version: '10.0', java.version: '17.0.7'
Driver info: org.openqa.selenium.chrome.ChromeDriver
Command: [2cf28825ea7a8a419a5b05b8e5d35d84, findElement {using=css selector, value=div[class='slds-spinner slds-spinner_brand slds-spinner_small']>div:nth-child(2)r}]
Capabilities {acceptInsecureCerts: false, browserName: chrome, browserVersion: 124.0.6367.92, chrome: {chromedriverVersion: 124.0.6367.91 (51df0e5e17a8..., userDataDir: C:\Users\PRATHA~1.KUM\AppDa...}, fedcm:accounts: true, goog:chromeOptions: {debuggerAddress: localhost:49451}, networkConnectionEnabled: false, pageLoadStrategy: normal, platformName: WINDOWS, proxy: Proxy(), se:cdp: ws://localhost:49451/devtoo..., se:cdpVersion: 124.0.6367.92, setWindowRect: true, strictFileInteractability: false, timeouts: {implicit: 0, pageLoad: 300000, script: 30000}, unhandledPromptBehavior: dismiss and notify, webauthn:extension:credBlob: true, webauthn:extension:largeBlob: true, webauthn:extension:minPinLength: true, webauthn:extension:prf: true, webauthn:virtualAuthenticators: true}
Session ID: 2cf28825ea7a8a419a5b05b8e5d35d84</small> </font> </div>
<div class="test-event"> <font color="maroon"> <small> &emsp; &emsp;--- 04 May 23:54:59 602 - <b>0</b> - Spinner Load Wait: (Sync) - ICar.support.WaitUtils.waitForSpinner(WaitUtils.java:225)</small> </font> </div>
<div class="test-message">&emsp;Back To Courses is displayed in the page </div>
<div class="test-message">&emsp;Successfully verified Back To Course Link&emsp;<a href=".\ScreenShot\URL_TC001_2720837242225600.png" target="_blank" >[ScreenShot]</a></div>
<div class="test-event"> <font color="maroon"> <small> &emsp; &emsp;--- 04 May 23:55:02 751 - Catched spinner load exception due to javascript error: {"status":32,"value":"An invalid or illegal selector was specified"}
  (Session info: chrome=124.0.6367.92)
Build info: version: '4.6.0', revision: '79f1c02ae20'
System info: os.name: 'Windows 10', os.arch: 'amd64', os.version: '10.0', java.version: '17.0.7'
Driver info: org.openqa.selenium.chrome.ChromeDriver
Command: [2cf28825ea7a8a419a5b05b8e5d35d84, findElement {using=css selector, value=div[class='slds-spinner slds-spinner_brand slds-spinner_small']>div:nth-child(2)r}]
Capabilities {acceptInsecureCerts: false, browserName: chrome, browserVersion: 124.0.6367.92, chrome: {chromedriverVersion: 124.0.6367.91 (51df0e5e17a8..., userDataDir: C:\Users\PRATHA~1.KUM\AppDa...}, fedcm:accounts: true, goog:chromeOptions: {debuggerAddress: localhost:49451}, networkConnectionEnabled: false, pageLoadStrategy: normal, platformName: WINDOWS, proxy: Proxy(), se:cdp: ws://localhost:49451/devtoo..., se:cdpVersion: 124.0.6367.92, setWindowRect: true, strictFileInteractability: false, timeouts: {implicit: 0, pageLoad: 300000, script: 30000}, unhandledPromptBehavior: dismiss and notify, webauthn:extension:credBlob: true, webauthn:extension:largeBlob: true, webauthn:extension:minPinLength: true, webauthn:extension:prf: true, webauthn:virtualAuthenticators: true}
Session ID: 2cf28825ea7a8a419a5b05b8e5d35d84</small> </font> </div>
<div class="test-event"> <font color="maroon"> <small> &emsp; &emsp;--- 04 May 23:55:02 751 - <b>0</b> - Spinner Load Wait: (Sync) - ICar.support.WaitUtils.waitForSpinner(WaitUtils.java:225)</small> </font> </div>
<div class="test-event"> <font color="maroon"> <small> &emsp; &emsp;--- 04 May 23:55:05 944 - Page URL:: https://www.i-car.com/product/steel-panel-repair-2</small> </font> </div>
<div class="test-event"> <font color="maroon"> <small> &emsp; &emsp;--- 04 May 23:55:05 944 - <b>3</b> - Page Load Wait: (Sync) - ICar.support.Utils.waitForPageLoad(Utils.java:109)</small> </font> </div>
<div class="test-event"> <font color="maroon"> <small> &emsp; &emsp;--- 04 May 23:55:15 992 - Element is displayed:: [[ChromeDriver: chrome on WINDOWS (2cf28825ea7a8a419a5b05b8e5d35d84)] -> xpath: //div[@class='productDetails slds-p-bottom_large']//div[contains(@class,'slds-p-bottom_medium')]]</small> </font> </div>
<div class="test-message">&emsp;Course Name : SteelPanelRepair2 is displayed in the URL page</div>
<div class="test-message">&emsp;Successfully verified the course name for relevant link&emsp;<a href=".\ScreenShot\URL_TC001_2720861629168400.png" target="_blank" >[ScreenShot]</a></div>
<div class="test-message">&emsp;
</div>
<div class="test-message">&emsp;101. URL is : https://www.i-car.com/product/electronic-measuring-system</div>
<div class="test-event"> <font color="maroon"> <small> &emsp; &emsp;--- 04 May 23:55:25 500 - Page URL:: https://www.i-car.com/product/electronic-measuring-system</small> </font> </div>
<div class="test-event"> <font color="maroon"> <small> &emsp; &emsp;--- 04 May 23:55:25 500 - <b>0</b> - Page Load Wait: (Sync) - ICar.support.Utils.waitForPageLoad(Utils.java:109)</small> </font> </div>
<div class="test-message">&emsp;Successfully navigated to the :  https://www.i-car.com/product/electronic-measuring-system   Page&emsp;<a href=".\ScreenShot\URL_TC001_2720863116184300.png" target="_blank" >[ScreenShot]</a></div>
<div class="test-event"> <font color="maroon"> <small> &emsp; &emsp;--- 04 May 23:55:25 799 - Page URL:: https://www.i-car.com/product/electronic-measuring-system</small> </font> </div>
<div class="test-event"> <font color="maroon"> <small> &emsp; &emsp;--- 04 May 23:55:25 799 - <b>0</b> - Page Load Wait: (Sync) - ICar.support.Utils.waitForPageLoad(Utils.java:109)</small> </font> </div>
<div class="test-event"> <font color="maroon"> <small> &emsp; &emsp;--- 04 May 23:55:25 806 - Catched spinner load exception due to javascript error: {"status":32,"value":"An invalid or illegal selector was specified"}
  (Session info: chrome=124.0.6367.92)
Build info: version: '4.6.0', revision: '79f1c02ae20'
System info: os.name: 'Windows 10', os.arch: 'amd64', os.version: '10.0', java.version: '17.0.7'
Driver info: org.openqa.selenium.chrome.ChromeDriver
Command: [2cf28825ea7a8a419a5b05b8e5d35d84, findElement {using=css selector, value=div[class='slds-spinner slds-spinner_brand slds-spinner_small']>div:nth-child(2)r}]
Capabilities {acceptInsecureCerts: false, browserName: chrome, browserVersion: 124.0.6367.92, chrome: {chromedriverVersion: 124.0.6367.91 (51df0e5e17a8..., userDataDir: C:\Users\PRATHA~1.KUM\AppDa...}, fedcm:accounts: true, goog:chromeOptions: {debuggerAddress: localhost:49451}, networkConnectionEnabled: false, pageLoadStrategy: normal, platformName: WINDOWS, proxy: Proxy(), se:cdp: ws://localhost:49451/devtoo..., se:cdpVersion: 124.0.6367.92, setWindowRect: true, strictFileInteractability: false, timeouts: {implicit: 0, pageLoad: 300000, script: 30000}, unhandledPromptBehavior: dismiss and notify, webauthn:extension:credBlob: true, webauthn:extension:largeBlob: true, webauthn:extension:minPinLength: true, webauthn:extension:prf: true, webauthn:virtualAuthenticators: true}
Session ID: 2cf28825ea7a8a419a5b05b8e5d35d84</small> </font> </div>
<div class="test-event"> <font color="maroon"> <small> &emsp; &emsp;--- 04 May 23:55:25 806 - <b>0</b> - Spinner Load Wait: (Sync) - ICar.support.WaitUtils.waitForSpinner(WaitUtils.java:225)</small> </font> </div>
<div class="test-event"> <font color="maroon"> <small> &emsp; &emsp;--- 04 May 23:55:35 884 - Page URL:: https://www.i-car.com/product/electronic-measuring-system</small> </font> </div>
<div class="test-event"> <font color="maroon"> <small> &emsp; &emsp;--- 04 May 23:55:35 884 - <b>0</b> - Page Load Wait: (Sync) - ICar.support.Utils.waitForPageLoad(Utils.java:109)</small> </font> </div>
<div class="test-event"> <font color="maroon"> <small> &emsp; &emsp;--- 04 May 23:55:35 902 - Element is displayed:: [[ChromeDriver: chrome on WINDOWS (2cf28825ea7a8a419a5b05b8e5d35d84)] -> xpath: //a[contains(text(),'Back to Courses')]]</small> </font> </div>
<div class="test-event"> <font color="maroon"> <small> &emsp; &emsp;--- 04 May 23:55:42 940 - Catched spinner load exception due to javascript error: {"status":32,"value":"An invalid or illegal selector was specified"}
  (Session info: chrome=124.0.6367.92)
Build info: version: '4.6.0', revision: '79f1c02ae20'
System info: os.name: 'Windows 10', os.arch: 'amd64', os.version: '10.0', java.version: '17.0.7'
Driver info: org.openqa.selenium.chrome.ChromeDriver
Command: [2cf28825ea7a8a419a5b05b8e5d35d84, findElement {using=css selector, value=div[class='slds-spinner slds-spinner_brand slds-spinner_small']>div:nth-child(2)r}]
Capabilities {acceptInsecureCerts: false, browserName: chrome, browserVersion: 124.0.6367.92, chrome: {chromedriverVersion: 124.0.6367.91 (51df0e5e17a8..., userDataDir: C:\Users\PRATHA~1.KUM\AppDa...}, fedcm:accounts: true, goog:chromeOptions: {debuggerAddress: localhost:49451}, networkConnectionEnabled: false, pageLoadStrategy: normal, platformName: WINDOWS, proxy: Proxy(), se:cdp: ws://localhost:49451/devtoo..., se:cdpVersion: 124.0.6367.92, setWindowRect: true, strictFileInteractability: false, timeouts: {implicit: 0, pageLoad: 300000, script: 30000}, unhandledPromptBehavior: dismiss and notify, webauthn:extension:credBlob: true, webauthn:extension:largeBlob: true, webauthn:extension:minPinLength: true, webauthn:extension:prf: true, webauthn:virtualAuthenticators: true}
Session ID: 2cf28825ea7a8a419a5b05b8e5d35d84</small> </font> </div>
<div class="test-event"> <font color="maroon"> <small> &emsp; &emsp;--- 04 May 23:55:42 940 - <b>0</b> - Spinner Load Wait: (Sync) - ICar.support.WaitUtils.waitForSpinner(WaitUtils.java:225)</small> </font> </div>
<div class="test-message">&emsp;Back To Courses is displayed in the page </div>
<div class="test-message">&emsp;Successfully verified Back To Course Link&emsp;<a href=".\ScreenShot\URL_TC001_2720880566597700.png" target="_blank" >[ScreenShot]</a></div>
<div class="test-event"> <font color="maroon"> <small> &emsp; &emsp;--- 04 May 23:55:43 173 - Catched spinner load exception due to javascript error: {"status":32,"value":"An invalid or illegal selector was specified"}
  (Session info: chrome=124.0.6367.92)
Build info: version: '4.6.0', revision: '79f1c02ae20'
System info: os.name: 'Windows 10', os.arch: 'amd64', os.version: '10.0', java.version: '17.0.7'
Driver info: org.openqa.selenium.chrome.ChromeDriver
Command: [2cf28825ea7a8a419a5b05b8e5d35d84, findElement {using=css selector, value=div[class='slds-spinner slds-spinner_brand slds-spinner_small']>div:nth-child(2)r}]
Capabilities {acceptInsecureCerts: false, browserName: chrome, browserVersion: 124.0.6367.92, chrome: {chromedriverVersion: 124.0.6367.91 (51df0e5e17a8..., userDataDir: C:\Users\PRATHA~1.KUM\AppDa...}, fedcm:accounts: true, goog:chromeOptions: {debuggerAddress: localhost:49451}, networkConnectionEnabled: false, pageLoadStrategy: normal, platformName: WINDOWS, proxy: Proxy(), se:cdp: ws://localhost:49451/devtoo..., se:cdpVersion: 124.0.6367.92, setWindowRect: true, strictFileInteractability: false, timeouts: {implicit: 0, pageLoad: 300000, script: 30000}, unhandledPromptBehavior: dismiss and notify, webauthn:extension:credBlob: true, webauthn:extension:largeBlob: true, webauthn:extension:minPinLength: true, webauthn:extension:prf: true, webauthn:virtualAuthenticators: true}
Session ID: 2cf28825ea7a8a419a5b05b8e5d35d84</small> </font> </div>
<div class="test-event"> <font color="maroon"> <small> &emsp; &emsp;--- 04 May 23:55:43 173 - <b>0</b> - Spinner Load Wait: (Sync) - ICar.support.WaitUtils.waitForSpinner(WaitUtils.java:225)</small> </font> </div>
<div class="test-event"> <font color="maroon"> <small> &emsp; &emsp;--- 04 May 23:55:43 235 - Page URL:: https://www.i-car.com/product/electronic-measuring-system</small> </font> </div>
<div class="test-event"> <font color="maroon"> <small> &emsp; &emsp;--- 04 May 23:55:43 235 - <b>0</b> - Page Load Wait: (Sync) - ICar.support.Utils.waitForPageLoad(Utils.java:109)</small> </font> </div>
<div class="test-event"> <font color="maroon"> <small> &emsp; &emsp;--- 04 May 23:55:53 299 - Element is displayed:: [[ChromeDriver: chrome on WINDOWS (2cf28825ea7a8a419a5b05b8e5d35d84)] -> xpath: //div[@class='productDetails slds-p-bottom_large']//div[contains(@class,'slds-p-bottom_medium')]]</small> </font> </div>
<div class="test-message">&emsp;Course Name : ElectronicMeasuringSystem is displayed in the URL page</div>
<div class="test-message">&emsp;Successfully verified the course name for relevant link&emsp;<a href=".\ScreenShot\URL_TC001_2720898942525600.png" target="_blank" >[ScreenShot]</a></div>
<div class="test-message">&emsp;
</div>
<div class="test-message">&emsp;102. URL is : https://www.i-car.com/product/incorporating-adas-in-your-business</div>
<div class="test-event"> <font color="maroon"> <small> &emsp; &emsp;--- 04 May 23:56:02 985 - Page URL:: https://www.i-car.com/product/incorporating-adas-in-your-business</small> </font> </div>
<div class="test-event"> <font color="maroon"> <small> &emsp; &emsp;--- 04 May 23:56:02 985 - <b>0</b> - Page Load Wait: (Sync) - ICar.support.Utils.waitForPageLoad(Utils.java:109)</small> </font> </div>
<div class="test-message">&emsp;Successfully navigated to the :  https://www.i-car.com/product/incorporating-adas-in-your-business   Page&emsp;<a href=".\ScreenShot\URL_TC001_2720900602232600.png" target="_blank" >[ScreenShot]</a></div>
<div class="test-event"> <font color="maroon"> <small> &emsp; &emsp;--- 04 May 23:56:03 274 - Page URL:: https://www.i-car.com/product/incorporating-adas-in-your-business</small> </font> </div>
<div class="test-event"> <font color="maroon"> <small> &emsp; &emsp;--- 04 May 23:56:03 274 - <b>0</b> - Page Load Wait: (Sync) - ICar.support.Utils.waitForPageLoad(Utils.java:109)</small> </font> </div>
<div class="test-event"> <font color="maroon"> <small> &emsp; &emsp;--- 04 May 23:56:03 283 - Catched spinner load exception due to javascript error: {"status":32,"value":"An invalid or illegal selector was specified"}
  (Session info: chrome=124.0.6367.92)
Build info: version: '4.6.0', revision: '79f1c02ae20'
System info: os.name: 'Windows 10', os.arch: 'amd64', os.version: '10.0', java.version: '17.0.7'
Driver info: org.openqa.selenium.chrome.ChromeDriver
Command: [2cf28825ea7a8a419a5b05b8e5d35d84, findElement {using=css selector, value=div[class='slds-spinner slds-spinner_brand slds-spinner_small']>div:nth-child(2)r}]
Capabilities {acceptInsecureCerts: false, browserName: chrome, browserVersion: 124.0.6367.92, chrome: {chromedriverVersion: 124.0.6367.91 (51df0e5e17a8..., userDataDir: C:\Users\PRATHA~1.KUM\AppDa...}, fedcm:accounts: true, goog:chromeOptions: {debuggerAddress: localhost:49451}, networkConnectionEnabled: false, pageLoadStrategy: normal, platformName: WINDOWS, proxy: Proxy(), se:cdp: ws://localhost:49451/devtoo..., se:cdpVersion: 124.0.6367.92, setWindowRect: true, strictFileInteractability: false, timeouts: {implicit: 0, pageLoad: 300000, script: 30000}, unhandledPromptBehavior: dismiss and notify, webauthn:extension:credBlob: true, webauthn:extension:largeBlob: true, webauthn:extension:minPinLength: true, webauthn:extension:prf: true, webauthn:virtualAuthenticators: true}
Session ID: 2cf28825ea7a8a419a5b05b8e5d35d84</small> </font> </div>
<div class="test-event"> <font color="maroon"> <small> &emsp; &emsp;--- 04 May 23:56:03 283 - <b>0</b> - Spinner Load Wait: (Sync) - ICar.support.WaitUtils.waitForSpinner(WaitUtils.java:225)</small> </font> </div>
<div class="test-event"> <font color="maroon"> <small> &emsp; &emsp;--- 04 May 23:56:13 372 - Page URL:: https://www.i-car.com/product/incorporating-adas-in-your-business</small> </font> </div>
<div class="test-event"> <font color="maroon"> <small> &emsp; &emsp;--- 04 May 23:56:13 372 - <b>0</b> - Page Load Wait: (Sync) - ICar.support.Utils.waitForPageLoad(Utils.java:109)</small> </font> </div>
<div class="test-event"> <font color="maroon"> <small> &emsp; &emsp;--- 04 May 23:56:13 392 - Element is displayed:: [[ChromeDriver: chrome on WINDOWS (2cf28825ea7a8a419a5b05b8e5d35d84)] -> xpath: //a[contains(text(),'Back to Courses')]]</small> </font> </div>
<div class="test-event"> <font color="maroon"> <small> &emsp; &emsp;--- 04 May 23:56:20 433 - Catched spinner load exception due to javascript error: {"status":32,"value":"An invalid or illegal selector was specified"}
  (Session info: chrome=124.0.6367.92)
Build info: version: '4.6.0', revision: '79f1c02ae20'
System info: os.name: 'Windows 10', os.arch: 'amd64', os.version: '10.0', java.version: '17.0.7'
Driver info: org.openqa.selenium.chrome.ChromeDriver
Command: [2cf28825ea7a8a419a5b05b8e5d35d84, findElement {using=css selector, value=div[class='slds-spinner slds-spinner_brand slds-spinner_small']>div:nth-child(2)r}]
Capabilities {acceptInsecureCerts: false, browserName: chrome, browserVersion: 124.0.6367.92, chrome: {chromedriverVersion: 124.0.6367.91 (51df0e5e17a8..., userDataDir: C:\Users\PRATHA~1.KUM\AppDa...}, fedcm:accounts: true, goog:chromeOptions: {debuggerAddress: localhost:49451}, networkConnectionEnabled: false, pageLoadStrategy: normal, platformName: WINDOWS, proxy: Proxy(), se:cdp: ws://localhost:49451/devtoo..., se:cdpVersion: 124.0.6367.92, setWindowRect: true, strictFileInteractability: false, timeouts: {implicit: 0, pageLoad: 300000, script: 30000}, unhandledPromptBehavior: dismiss and notify, webauthn:extension:credBlob: true, webauthn:extension:largeBlob: true, webauthn:extension:minPinLength: true, webauthn:extension:prf: true, webauthn:virtualAuthenticators: true}
Session ID: 2cf28825ea7a8a419a5b05b8e5d35d84</small> </font> </div>
<div class="test-event"> <font color="maroon"> <small> &emsp; &emsp;--- 04 May 23:56:20 433 - <b>0</b> - Spinner Load Wait: (Sync) - ICar.support.WaitUtils.waitForSpinner(WaitUtils.java:225)</small> </font> </div>
<div class="test-message">&emsp;Back To Courses is displayed in the page </div>
<div class="test-message">&emsp;Successfully verified Back To Course Link&emsp;<a href=".\ScreenShot\URL_TC001_2720918060605200.png" target="_blank" >[ScreenShot]</a></div>
<div class="test-event"> <font color="maroon"> <small> &emsp; &emsp;--- 04 May 23:56:20 673 - Catched spinner load exception due to javascript error: {"status":32,"value":"An invalid or illegal selector was specified"}
  (Session info: chrome=124.0.6367.92)
Build info: version: '4.6.0', revision: '79f1c02ae20'
System info: os.name: 'Windows 10', os.arch: 'amd64', os.version: '10.0', java.version: '17.0.7'
Driver info: org.openqa.selenium.chrome.ChromeDriver
Command: [2cf28825ea7a8a419a5b05b8e5d35d84, findElement {using=css selector, value=div[class='slds-spinner slds-spinner_brand slds-spinner_small']>div:nth-child(2)r}]
Capabilities {acceptInsecureCerts: false, browserName: chrome, browserVersion: 124.0.6367.92, chrome: {chromedriverVersion: 124.0.6367.91 (51df0e5e17a8..., userDataDir: C:\Users\PRATHA~1.KUM\AppDa...}, fedcm:accounts: true, goog:chromeOptions: {debuggerAddress: localhost:49451}, networkConnectionEnabled: false, pageLoadStrategy: normal, platformName: WINDOWS, proxy: Proxy(), se:cdp: ws://localhost:49451/devtoo..., se:cdpVersion: 124.0.6367.92, setWindowRect: true, strictFileInteractability: false, timeouts: {implicit: 0, pageLoad: 300000, script: 30000}, unhandledPromptBehavior: dismiss and notify, webauthn:extension:credBlob: true, webauthn:extension:largeBlob: true, webauthn:extension:minPinLength: true, webauthn:extension:prf: true, webauthn:virtualAuthenticators: true}
Session ID: 2cf28825ea7a8a419a5b05b8e5d35d84</small> </font> </div>
<div class="test-event"> <font color="maroon"> <small> &emsp; &emsp;--- 04 May 23:56:20 673 - <b>0</b> - Spinner Load Wait: (Sync) - ICar.support.WaitUtils.waitForSpinner(WaitUtils.java:225)</small> </font> </div>
<div class="test-event"> <font color="maroon"> <small> &emsp; &emsp;--- 04 May 23:56:20 738 - Page URL:: https://www.i-car.com/product/incorporating-adas-in-your-business</small> </font> </div>
<div class="test-event"> <font color="maroon"> <small> &emsp; &emsp;--- 04 May 23:56:20 738 - <b>0</b> - Page Load Wait: (Sync) - ICar.support.Utils.waitForPageLoad(Utils.java:109)</small> </font> </div>
<div class="test-event"> <font color="maroon"> <small> &emsp; &emsp;--- 04 May 23:56:30 783 - Element is displayed:: [[ChromeDriver: chrome on WINDOWS (2cf28825ea7a8a419a5b05b8e5d35d84)] -> xpath: //div[@class='productDetails slds-p-bottom_large']//div[contains(@class,'slds-p-bottom_medium')]]</small> </font> </div>
<div class="test-message">&emsp;Course Name : IncorporatingADASinYourBusiness is displayed in the URL page</div>
<div class="test-message">&emsp;Successfully verified the course name for relevant link&emsp;<a href=".\ScreenShot\URL_TC001_2720936426517800.png" target="_blank" >[ScreenShot]</a></div>
<div class="test-message">&emsp;
</div>
<div class="test-message">&emsp;103. URL is : https://www.i-car.com/product/unibody-measuring-anchoring-and-pulling</div>
<div class="test-event"> <font color="maroon"> <small> &emsp; &emsp;--- 04 May 23:56:40 184 - Page URL:: https://www.i-car.com/product/unibody-measuring-anchoring-and-pulling</small> </font> </div>
<div class="test-event"> <font color="maroon"> <small> &emsp; &emsp;--- 04 May 23:56:40 184 - <b>0</b> - Page Load Wait: (Sync) - ICar.support.Utils.waitForPageLoad(Utils.java:109)</small> </font> </div>
<div class="test-message">&emsp;Successfully navigated to the :  https://www.i-car.com/product/unibody-measuring-anchoring-and-pulling   Page&emsp;<a href=".\ScreenShot\URL_TC001_2720937800641100.png" target="_blank" >[ScreenShot]</a></div>
<div class="test-event"> <font color="maroon"> <small> &emsp; &emsp;--- 04 May 23:56:40 514 - Page URL:: https://www.i-car.com/product/unibody-measuring-anchoring-and-pulling</small> </font> </div>
<div class="test-event"> <font color="maroon"> <small> &emsp; &emsp;--- 04 May 23:56:40 514 - <b>0</b> - Page Load Wait: (Sync) - ICar.support.Utils.waitForPageLoad(Utils.java:109)</small> </font> </div>
<div class="test-event"> <font color="maroon"> <small> &emsp; &emsp;--- 04 May 23:56:40 523 - Catched spinner load exception due to javascript error: {"status":32,"value":"An invalid or illegal selector was specified"}
  (Session info: chrome=124.0.6367.92)
Build info: version: '4.6.0', revision: '79f1c02ae20'
System info: os.name: 'Windows 10', os.arch: 'amd64', os.version: '10.0', java.version: '17.0.7'
Driver info: org.openqa.selenium.chrome.ChromeDriver
Command: [2cf28825ea7a8a419a5b05b8e5d35d84, findElement {using=css selector, value=div[class='slds-spinner slds-spinner_brand slds-spinner_small']>div:nth-child(2)r}]
Capabilities {acceptInsecureCerts: false, browserName: chrome, browserVersion: 124.0.6367.92, chrome: {chromedriverVersion: 124.0.6367.91 (51df0e5e17a8..., userDataDir: C:\Users\PRATHA~1.KUM\AppDa...}, fedcm:accounts: true, goog:chromeOptions: {debuggerAddress: localhost:49451}, networkConnectionEnabled: false, pageLoadStrategy: normal, platformName: WINDOWS, proxy: Proxy(), se:cdp: ws://localhost:49451/devtoo..., se:cdpVersion: 124.0.6367.92, setWindowRect: true, strictFileInteractability: false, timeouts: {implicit: 0, pageLoad: 300000, script: 30000}, unhandledPromptBehavior: dismiss and notify, webauthn:extension:credBlob: true, webauthn:extension:largeBlob: true, webauthn:extension:minPinLength: true, webauthn:extension:prf: true, webauthn:virtualAuthenticators: true}
Session ID: 2cf28825ea7a8a419a5b05b8e5d35d84</small> </font> </div>
<div class="test-event"> <font color="maroon"> <small> &emsp; &emsp;--- 04 May 23:56:40 523 - <b>0</b> - Spinner Load Wait: (Sync) - ICar.support.WaitUtils.waitForSpinner(WaitUtils.java:225)</small> </font> </div>
<div class="test-event"> <font color="maroon"> <small> &emsp; &emsp;--- 04 May 23:56:50 617 - Page URL:: https://www.i-car.com/product/unibody-measuring-anchoring-and-pulling</small> </font> </div>
<div class="test-event"> <font color="maroon"> <small> &emsp; &emsp;--- 04 May 23:56:50 617 - <b>0</b> - Page Load Wait: (Sync) - ICar.support.Utils.waitForPageLoad(Utils.java:109)</small> </font> </div>
<div class="test-event"> <font color="maroon"> <small> &emsp; &emsp;--- 04 May 23:56:50 635 - Element is displayed:: [[ChromeDriver: chrome on WINDOWS (2cf28825ea7a8a419a5b05b8e5d35d84)] -> xpath: //a[contains(text(),'Back to Courses')]]</small> </font> </div>
<div class="test-event"> <font color="maroon"> <small> &emsp; &emsp;--- 04 May 23:56:57 669 - Catched spinner load exception due to javascript error: {"status":32,"value":"An invalid or illegal selector was specified"}
  (Session info: chrome=124.0.6367.92)
Build info: version: '4.6.0', revision: '79f1c02ae20'
System info: os.name: 'Windows 10', os.arch: 'amd64', os.version: '10.0', java.version: '17.0.7'
Driver info: org.openqa.selenium.chrome.ChromeDriver
Command: [2cf28825ea7a8a419a5b05b8e5d35d84, findElement {using=css selector, value=div[class='slds-spinner slds-spinner_brand slds-spinner_small']>div:nth-child(2)r}]
Capabilities {acceptInsecureCerts: false, browserName: chrome, browserVersion: 124.0.6367.92, chrome: {chromedriverVersion: 124.0.6367.91 (51df0e5e17a8..., userDataDir: C:\Users\PRATHA~1.KUM\AppDa...}, fedcm:accounts: true, goog:chromeOptions: {debuggerAddress: localhost:49451}, networkConnectionEnabled: false, pageLoadStrategy: normal, platformName: WINDOWS, proxy: Proxy(), se:cdp: ws://localhost:49451/devtoo..., se:cdpVersion: 124.0.6367.92, setWindowRect: true, strictFileInteractability: false, timeouts: {implicit: 0, pageLoad: 300000, script: 30000}, unhandledPromptBehavior: dismiss and notify, webauthn:extension:credBlob: true, webauthn:extension:largeBlob: true, webauthn:extension:minPinLength: true, webauthn:extension:prf: true, webauthn:virtualAuthenticators: true}
Session ID: 2cf28825ea7a8a419a5b05b8e5d35d84</small> </font> </div>
<div class="test-event"> <font color="maroon"> <small> &emsp; &emsp;--- 04 May 23:56:57 669 - <b>0</b> - Spinner Load Wait: (Sync) - ICar.support.WaitUtils.waitForSpinner(WaitUtils.java:225)</small> </font> </div>
<div class="test-message">&emsp;Back To Courses is displayed in the page </div>
<div class="test-message">&emsp;Successfully verified Back To Course Link&emsp;<a href=".\ScreenShot\URL_TC001_2720955295761400.png" target="_blank" >[ScreenShot]</a></div>
<div class="test-event"> <font color="maroon"> <small> &emsp; &emsp;--- 04 May 23:56:57 907 - Catched spinner load exception due to javascript error: {"status":32,"value":"An invalid or illegal selector was specified"}
  (Session info: chrome=124.0.6367.92)
Build info: version: '4.6.0', revision: '79f1c02ae20'
System info: os.name: 'Windows 10', os.arch: 'amd64', os.version: '10.0', java.version: '17.0.7'
Driver info: org.openqa.selenium.chrome.ChromeDriver
Command: [2cf28825ea7a8a419a5b05b8e5d35d84, findElement {using=css selector, value=div[class='slds-spinner slds-spinner_brand slds-spinner_small']>div:nth-child(2)r}]
Capabilities {acceptInsecureCerts: false, browserName: chrome, browserVersion: 124.0.6367.92, chrome: {chromedriverVersion: 124.0.6367.91 (51df0e5e17a8..., userDataDir: C:\Users\PRATHA~1.KUM\AppDa...}, fedcm:accounts: true, goog:chromeOptions: {debuggerAddress: localhost:49451}, networkConnectionEnabled: false, pageLoadStrategy: normal, platformName: WINDOWS, proxy: Proxy(), se:cdp: ws://localhost:49451/devtoo..., se:cdpVersion: 124.0.6367.92, setWindowRect: true, strictFileInteractability: false, timeouts: {implicit: 0, pageLoad: 300000, script: 30000}, unhandledPromptBehavior: dismiss and notify, webauthn:extension:credBlob: true, webauthn:extension:largeBlob: true, webauthn:extension:minPinLength: true, webauthn:extension:prf: true, webauthn:virtualAuthenticators: true}
Session ID: 2cf28825ea7a8a419a5b05b8e5d35d84</small> </font> </div>
<div class="test-event"> <font color="maroon"> <small> &emsp; &emsp;--- 04 May 23:56:57 907 - <b>0</b> - Spinner Load Wait: (Sync) - ICar.support.WaitUtils.waitForSpinner(WaitUtils.java:225)</small> </font> </div>
<div class="test-event"> <font color="maroon"> <small> &emsp; &emsp;--- 04 May 23:56:57 968 - Page URL:: https://www.i-car.com/product/unibody-measuring-anchoring-and-pulling</small> </font> </div>
<div class="test-event"> <font color="maroon"> <small> &emsp; &emsp;--- 04 May 23:56:57 968 - <b>0</b> - Page Load Wait: (Sync) - ICar.support.Utils.waitForPageLoad(Utils.java:109)</small> </font> </div>
<div class="test-event"> <font color="maroon"> <small> &emsp; &emsp;--- 04 May 23:57:08 028 - Element is displayed:: [[ChromeDriver: chrome on WINDOWS (2cf28825ea7a8a419a5b05b8e5d35d84)] -> xpath: //div[@class='productDetails slds-p-bottom_large']//div[contains(@class,'slds-p-bottom_medium')]]</small> </font> </div>
<div class="test-message">&emsp;Course Name : UnibodyMeasuringAnchoringandPulling is displayed in the URL page</div>
<div class="test-message">&emsp;Successfully verified the course name for relevant link&emsp;<a href=".\ScreenShot\URL_TC001_2720973665558500.png" target="_blank" >[ScreenShot]</a></div>
<div class="test-message">&emsp;
</div>
<div class="test-message">&emsp;104. URL is : https://www.i-car.com/product/ford-2022-bronco-raptor-new-model-training</div>
<div class="test-event"> <font color="maroon"> <small> &emsp; &emsp;--- 04 May 23:57:17 515 - Page URL:: https://www.i-car.com/product/ford-2022-bronco-raptor-new-model-training</small> </font> </div>
<div class="test-event"> <font color="maroon"> <small> &emsp; &emsp;--- 04 May 23:57:17 515 - <b>0</b> - Page Load Wait: (Sync) - ICar.support.Utils.waitForPageLoad(Utils.java:109)</small> </font> </div>
<div class="test-message">&emsp;Successfully navigated to the :  https://www.i-car.com/product/ford-2022-bronco-raptor-new-model-training   Page&emsp;<a href=".\ScreenShot\URL_TC001_2720975131670600.png" target="_blank" >[ScreenShot]</a></div>
<div class="test-event"> <font color="maroon"> <small> &emsp; &emsp;--- 04 May 23:57:17 830 - Page URL:: https://www.i-car.com/product/ford-2022-bronco-raptor-new-model-training</small> </font> </div>
<div class="test-event"> <font color="maroon"> <small> &emsp; &emsp;--- 04 May 23:57:17 830 - <b>0</b> - Page Load Wait: (Sync) - ICar.support.Utils.waitForPageLoad(Utils.java:109)</small> </font> </div>
<div class="test-event"> <font color="maroon"> <small> &emsp; &emsp;--- 04 May 23:57:17 838 - Catched spinner load exception due to javascript error: {"status":32,"value":"An invalid or illegal selector was specified"}
  (Session info: chrome=124.0.6367.92)
Build info: version: '4.6.0', revision: '79f1c02ae20'
System info: os.name: 'Windows 10', os.arch: 'amd64', os.version: '10.0', java.version: '17.0.7'
Driver info: org.openqa.selenium.chrome.ChromeDriver
Command: [2cf28825ea7a8a419a5b05b8e5d35d84, findElement {using=css selector, value=div[class='slds-spinner slds-spinner_brand slds-spinner_small']>div:nth-child(2)r}]
Capabilities {acceptInsecureCerts: false, browserName: chrome, browserVersion: 124.0.6367.92, chrome: {chromedriverVersion: 124.0.6367.91 (51df0e5e17a8..., userDataDir: C:\Users\PRATHA~1.KUM\AppDa...}, fedcm:accounts: true, goog:chromeOptions: {debuggerAddress: localhost:49451}, networkConnectionEnabled: false, pageLoadStrategy: normal, platformName: WINDOWS, proxy: Proxy(), se:cdp: ws://localhost:49451/devtoo..., se:cdpVersion: 124.0.6367.92, setWindowRect: true, strictFileInteractability: false, timeouts: {implicit: 0, pageLoad: 300000, script: 30000}, unhandledPromptBehavior: dismiss and notify, webauthn:extension:credBlob: true, webauthn:extension:largeBlob: true, webauthn:extension:minPinLength: true, webauthn:extension:prf: true, webauthn:virtualAuthenticators: true}
Session ID: 2cf28825ea7a8a419a5b05b8e5d35d84</small> </font> </div>
<div class="test-event"> <font color="maroon"> <small> &emsp; &emsp;--- 04 May 23:57:17 838 - <b>0</b> - Spinner Load Wait: (Sync) - ICar.support.WaitUtils.waitForSpinner(WaitUtils.java:225)</small> </font> </div>
<div class="test-event"> <font color="maroon"> <small> &emsp; &emsp;--- 04 May 23:57:27 920 - Page URL:: https://www.i-car.com/product/ford-2022-bronco-raptor-new-model-training</small> </font> </div>
<div class="test-event"> <font color="maroon"> <small> &emsp; &emsp;--- 04 May 23:57:27 920 - <b>0</b> - Page Load Wait: (Sync) - ICar.support.Utils.waitForPageLoad(Utils.java:109)</small> </font> </div>
<div class="test-event"> <font color="maroon"> <small> &emsp; &emsp;--- 04 May 23:57:27 939 - Element is displayed:: [[ChromeDriver: chrome on WINDOWS (2cf28825ea7a8a419a5b05b8e5d35d84)] -> xpath: //a[contains(text(),'Back to Courses')]]</small> </font> </div>
<div class="test-event"> <font color="maroon"> <small> &emsp; &emsp;--- 04 May 23:57:34 961 - Catched spinner load exception due to javascript error: {"status":32,"value":"An invalid or illegal selector was specified"}
  (Session info: chrome=124.0.6367.92)
Build info: version: '4.6.0', revision: '79f1c02ae20'
System info: os.name: 'Windows 10', os.arch: 'amd64', os.version: '10.0', java.version: '17.0.7'
Driver info: org.openqa.selenium.chrome.ChromeDriver
Command: [2cf28825ea7a8a419a5b05b8e5d35d84, findElement {using=css selector, value=div[class='slds-spinner slds-spinner_brand slds-spinner_small']>div:nth-child(2)r}]
Capabilities {acceptInsecureCerts: false, browserName: chrome, browserVersion: 124.0.6367.92, chrome: {chromedriverVersion: 124.0.6367.91 (51df0e5e17a8..., userDataDir: C:\Users\PRATHA~1.KUM\AppDa...}, fedcm:accounts: true, goog:chromeOptions: {debuggerAddress: localhost:49451}, networkConnectionEnabled: false, pageLoadStrategy: normal, platformName: WINDOWS, proxy: Proxy(), se:cdp: ws://localhost:49451/devtoo..., se:cdpVersion: 124.0.6367.92, setWindowRect: true, strictFileInteractability: false, timeouts: {implicit: 0, pageLoad: 300000, script: 30000}, unhandledPromptBehavior: dismiss and notify, webauthn:extension:credBlob: true, webauthn:extension:largeBlob: true, webauthn:extension:minPinLength: true, webauthn:extension:prf: true, webauthn:virtualAuthenticators: true}
Session ID: 2cf28825ea7a8a419a5b05b8e5d35d84</small> </font> </div>
<div class="test-event"> <font color="maroon"> <small> &emsp; &emsp;--- 04 May 23:57:34 961 - <b>0</b> - Spinner Load Wait: (Sync) - ICar.support.WaitUtils.waitForSpinner(WaitUtils.java:225)</small> </font> </div>
<div class="test-message">&emsp;Back To Courses is displayed in the page </div>
<div class="test-message">&emsp;Successfully verified Back To Course Link&emsp;<a href=".\ScreenShot\URL_TC001_2720992588502800.png" target="_blank" >[ScreenShot]</a></div>
<div class="test-event"> <font color="maroon"> <small> &emsp; &emsp;--- 04 May 23:57:35 198 - Catched spinner load exception due to javascript error: {"status":32,"value":"An invalid or illegal selector was specified"}
  (Session info: chrome=124.0.6367.92)
Build info: version: '4.6.0', revision: '79f1c02ae20'
System info: os.name: 'Windows 10', os.arch: 'amd64', os.version: '10.0', java.version: '17.0.7'
Driver info: org.openqa.selenium.chrome.ChromeDriver
Command: [2cf28825ea7a8a419a5b05b8e5d35d84, findElement {using=css selector, value=div[class='slds-spinner slds-spinner_brand slds-spinner_small']>div:nth-child(2)r}]
Capabilities {acceptInsecureCerts: false, browserName: chrome, browserVersion: 124.0.6367.92, chrome: {chromedriverVersion: 124.0.6367.91 (51df0e5e17a8..., userDataDir: C:\Users\PRATHA~1.KUM\AppDa...}, fedcm:accounts: true, goog:chromeOptions: {debuggerAddress: localhost:49451}, networkConnectionEnabled: false, pageLoadStrategy: normal, platformName: WINDOWS, proxy: Proxy(), se:cdp: ws://localhost:49451/devtoo..., se:cdpVersion: 124.0.6367.92, setWindowRect: true, strictFileInteractability: false, timeouts: {implicit: 0, pageLoad: 300000, script: 30000}, unhandledPromptBehavior: dismiss and notify, webauthn:extension:credBlob: true, webauthn:extension:largeBlob: true, webauthn:extension:minPinLength: true, webauthn:extension:prf: true, webauthn:virtualAuthenticators: true}
Session ID: 2cf28825ea7a8a419a5b05b8e5d35d84</small> </font> </div>
<div class="test-event"> <font color="maroon"> <small> &emsp; &emsp;--- 04 May 23:57:35 199 - <b>0</b> - Spinner Load Wait: (Sync) - ICar.support.WaitUtils.waitForSpinner(WaitUtils.java:225)</small> </font> </div>
<div class="test-event"> <font color="maroon"> <small> &emsp; &emsp;--- 04 May 23:57:35 271 - Page URL:: https://www.i-car.com/product/ford-2022-bronco-raptor-new-model-training</small> </font> </div>
<div class="test-event"> <font color="maroon"> <small> &emsp; &emsp;--- 04 May 23:57:35 271 - <b>0</b> - Page Load Wait: (Sync) - ICar.support.Utils.waitForPageLoad(Utils.java:109)</small> </font> </div>
<div class="test-event"> <font color="maroon"> <small> &emsp; &emsp;--- 04 May 23:57:45 327 - Element is displayed:: [[ChromeDriver: chrome on WINDOWS (2cf28825ea7a8a419a5b05b8e5d35d84)] -> xpath: //div[@class='productDetails slds-p-bottom_large']//div[contains(@class,'slds-p-bottom_medium')]]</small> </font> </div>
<div class="test-message">&emsp;Course Name : Ford2022BroncoRaptorNewModelTraining is displayed in the URL page</div>
<div class="test-message">&emsp;Successfully verified the course name for relevant link&emsp;<a href=".\ScreenShot\URL_TC001_2721010975906200.png" target="_blank" >[ScreenShot]</a></div>
<div class="test-message">&emsp;
</div>
<div class="test-message">&emsp;105. URL is : https://www.i-car.com/product/fixture-systems</div>
<div class="test-event"> <font color="maroon"> <small> &emsp; &emsp;--- 04 May 23:57:55 438 - Page URL:: https://www.i-car.com/product/fixture-systems</small> </font> </div>
<div class="test-event"> <font color="maroon"> <small> &emsp; &emsp;--- 04 May 23:57:55 438 - <b>0</b> - Page Load Wait: (Sync) - ICar.support.Utils.waitForPageLoad(Utils.java:109)</small> </font> </div>
<div class="test-message">&emsp;Successfully navigated to the :  https://www.i-car.com/product/fixture-systems   Page&emsp;<a href=".\ScreenShot\URL_TC001_2721013055009400.png" target="_blank" >[ScreenShot]</a></div>
<div class="test-event"> <font color="maroon"> <small> &emsp; &emsp;--- 04 May 23:57:55 750 - Page URL:: https://www.i-car.com/product/fixture-systems</small> </font> </div>
<div class="test-event"> <font color="maroon"> <small> &emsp; &emsp;--- 04 May 23:57:55 750 - <b>0</b> - Page Load Wait: (Sync) - ICar.support.Utils.waitForPageLoad(Utils.java:109)</small> </font> </div>
<div class="test-event"> <font color="maroon"> <small> &emsp; &emsp;--- 04 May 23:57:55 758 - Catched spinner load exception due to javascript error: {"status":32,"value":"An invalid or illegal selector was specified"}
  (Session info: chrome=124.0.6367.92)
Build info: version: '4.6.0', revision: '79f1c02ae20'
System info: os.name: 'Windows 10', os.arch: 'amd64', os.version: '10.0', java.version: '17.0.7'
Driver info: org.openqa.selenium.chrome.ChromeDriver
Command: [2cf28825ea7a8a419a5b05b8e5d35d84, findElement {using=css selector, value=div[class='slds-spinner slds-spinner_brand slds-spinner_small']>div:nth-child(2)r}]
Capabilities {acceptInsecureCerts: false, browserName: chrome, browserVersion: 124.0.6367.92, chrome: {chromedriverVersion: 124.0.6367.91 (51df0e5e17a8..., userDataDir: C:\Users\PRATHA~1.KUM\AppDa...}, fedcm:accounts: true, goog:chromeOptions: {debuggerAddress: localhost:49451}, networkConnectionEnabled: false, pageLoadStrategy: normal, platformName: WINDOWS, proxy: Proxy(), se:cdp: ws://localhost:49451/devtoo..., se:cdpVersion: 124.0.6367.92, setWindowRect: true, strictFileInteractability: false, timeouts: {implicit: 0, pageLoad: 300000, script: 30000}, unhandledPromptBehavior: dismiss and notify, webauthn:extension:credBlob: true, webauthn:extension:largeBlob: true, webauthn:extension:minPinLength: true, webauthn:extension:prf: true, webauthn:virtualAuthenticators: true}
Session ID: 2cf28825ea7a8a419a5b05b8e5d35d84</small> </font> </div>
<div class="test-event"> <font color="maroon"> <small> &emsp; &emsp;--- 04 May 23:57:55 758 - <b>0</b> - Spinner Load Wait: (Sync) - ICar.support.WaitUtils.waitForSpinner(WaitUtils.java:225)</small> </font> </div>
<div class="test-event"> <font color="maroon"> <small> &emsp; &emsp;--- 04 May 23:58:05 842 - Page URL:: https://www.i-car.com/product/fixture-systems</small> </font> </div>
<div class="test-event"> <font color="maroon"> <small> &emsp; &emsp;--- 04 May 23:58:05 842 - <b>0</b> - Page Load Wait: (Sync) - ICar.support.Utils.waitForPageLoad(Utils.java:109)</small> </font> </div>
<div class="test-event"> <font color="maroon"> <small> &emsp; &emsp;--- 04 May 23:58:05 860 - Element is displayed:: [[ChromeDriver: chrome on WINDOWS (2cf28825ea7a8a419a5b05b8e5d35d84)] -> xpath: //a[contains(text(),'Back to Courses')]]</small> </font> </div>
<div class="test-event"> <font color="maroon"> <small> &emsp; &emsp;--- 04 May 23:58:12 901 - Catched spinner load exception due to javascript error: {"status":32,"value":"An invalid or illegal selector was specified"}
  (Session info: chrome=124.0.6367.92)
Build info: version: '4.6.0', revision: '79f1c02ae20'
System info: os.name: 'Windows 10', os.arch: 'amd64', os.version: '10.0', java.version: '17.0.7'
Driver info: org.openqa.selenium.chrome.ChromeDriver
Command: [2cf28825ea7a8a419a5b05b8e5d35d84, findElement {using=css selector, value=div[class='slds-spinner slds-spinner_brand slds-spinner_small']>div:nth-child(2)r}]
Capabilities {acceptInsecureCerts: false, browserName: chrome, browserVersion: 124.0.6367.92, chrome: {chromedriverVersion: 124.0.6367.91 (51df0e5e17a8..., userDataDir: C:\Users\PRATHA~1.KUM\AppDa...}, fedcm:accounts: true, goog:chromeOptions: {debuggerAddress: localhost:49451}, networkConnectionEnabled: false, pageLoadStrategy: normal, platformName: WINDOWS, proxy: Proxy(), se:cdp: ws://localhost:49451/devtoo..., se:cdpVersion: 124.0.6367.92, setWindowRect: true, strictFileInteractability: false, timeouts: {implicit: 0, pageLoad: 300000, script: 30000}, unhandledPromptBehavior: dismiss and notify, webauthn:extension:credBlob: true, webauthn:extension:largeBlob: true, webauthn:extension:minPinLength: true, webauthn:extension:prf: true, webauthn:virtualAuthenticators: true}
Session ID: 2cf28825ea7a8a419a5b05b8e5d35d84</small> </font> </div>
<div class="test-event"> <font color="maroon"> <small> &emsp; &emsp;--- 04 May 23:58:12 901 - <b>0</b> - Spinner Load Wait: (Sync) - ICar.support.WaitUtils.waitForSpinner(WaitUtils.java:225)</small> </font> </div>
<div class="test-message">&emsp;Back To Courses is displayed in the page </div>
<div class="test-message">&emsp;Successfully verified Back To Course Link&emsp;<a href=".\ScreenShot\URL_TC001_2721030528833400.png" target="_blank" >[ScreenShot]</a></div>
<div class="test-event"> <font color="maroon"> <small> &emsp; &emsp;--- 04 May 23:58:13 147 - Catched spinner load exception due to javascript error: {"status":32,"value":"An invalid or illegal selector was specified"}
  (Session info: chrome=124.0.6367.92)
Build info: version: '4.6.0', revision: '79f1c02ae20'
System info: os.name: 'Windows 10', os.arch: 'amd64', os.version: '10.0', java.version: '17.0.7'
Driver info: org.openqa.selenium.chrome.ChromeDriver
Command: [2cf28825ea7a8a419a5b05b8e5d35d84, findElement {using=css selector, value=div[class='slds-spinner slds-spinner_brand slds-spinner_small']>div:nth-child(2)r}]
Capabilities {acceptInsecureCerts: false, browserName: chrome, browserVersion: 124.0.6367.92, chrome: {chromedriverVersion: 124.0.6367.91 (51df0e5e17a8..., userDataDir: C:\Users\PRATHA~1.KUM\AppDa...}, fedcm:accounts: true, goog:chromeOptions: {debuggerAddress: localhost:49451}, networkConnectionEnabled: false, pageLoadStrategy: normal, platformName: WINDOWS, proxy: Proxy(), se:cdp: ws://localhost:49451/devtoo..., se:cdpVersion: 124.0.6367.92, setWindowRect: true, strictFileInteractability: false, timeouts: {implicit: 0, pageLoad: 300000, script: 30000}, unhandledPromptBehavior: dismiss and notify, webauthn:extension:credBlob: true, webauthn:extension:largeBlob: true, webauthn:extension:minPinLength: true, webauthn:extension:prf: true, webauthn:virtualAuthenticators: true}
Session ID: 2cf28825ea7a8a419a5b05b8e5d35d84</small> </font> </div>
<div class="test-event"> <font color="maroon"> <small> &emsp; &emsp;--- 04 May 23:58:13 147 - <b>0</b> - Spinner Load Wait: (Sync) - ICar.support.WaitUtils.waitForSpinner(WaitUtils.java:225)</small> </font> </div>
<div class="test-event"> <font color="maroon"> <small> &emsp; &emsp;--- 04 May 23:58:13 215 - Page URL:: https://www.i-car.com/product/fixture-systems</small> </font> </div>
<div class="test-event"> <font color="maroon"> <small> &emsp; &emsp;--- 04 May 23:58:13 215 - <b>0</b> - Page Load Wait: (Sync) - ICar.support.Utils.waitForPageLoad(Utils.java:109)</small> </font> </div>
<div class="test-event"> <font color="maroon"> <small> &emsp; &emsp;--- 04 May 23:58:23 269 - Element is displayed:: [[ChromeDriver: chrome on WINDOWS (2cf28825ea7a8a419a5b05b8e5d35d84)] -> xpath: //div[@class='productDetails slds-p-bottom_large']//div[contains(@class,'slds-p-bottom_medium')]]</small> </font> </div>
<div class="test-message">&emsp;Course Name : FixtureSystems is displayed in the URL page</div>
<div class="test-message">&emsp;Successfully verified the course name for relevant link&emsp;<a href=".\ScreenShot\URL_TC001_2721048914623100.png" target="_blank" >[ScreenShot]</a></div>
<div class="test-message">&emsp;
</div>
<div class="test-message">&emsp;106. URL is : https://www.i-car.com/product/floor-jacks-stands-lifts</div>
<div class="test-event"> <font color="maroon"> <small> &emsp; &emsp;--- 04 May 23:58:32 640 - Page URL:: https://www.i-car.com/product/floor-jacks-stands-lifts</small> </font> </div>
<div class="test-event"> <font color="maroon"> <small> &emsp; &emsp;--- 04 May 23:58:32 640 - <b>0</b> - Page Load Wait: (Sync) - ICar.support.Utils.waitForPageLoad(Utils.java:109)</small> </font> </div>
<div class="test-message">&emsp;Successfully navigated to the :  https://www.i-car.com/product/floor-jacks-stands-lifts   Page&emsp;<a href=".\ScreenShot\URL_TC001_2721050257720300.png" target="_blank" >[ScreenShot]</a></div>
<div class="test-event"> <font color="maroon"> <small> &emsp; &emsp;--- 04 May 23:58:32 893 - Page URL:: https://www.i-car.com/product/floor-jacks-stands-lifts</small> </font> </div>
<div class="test-event"> <font color="maroon"> <small> &emsp; &emsp;--- 04 May 23:58:32 893 - <b>0</b> - Page Load Wait: (Sync) - ICar.support.Utils.waitForPageLoad(Utils.java:109)</small> </font> </div>
<div class="test-event"> <font color="maroon"> <small> &emsp; &emsp;--- 04 May 23:58:32 902 - Catched spinner load exception due to javascript error: {"status":32,"value":"An invalid or illegal selector was specified"}
  (Session info: chrome=124.0.6367.92)
Build info: version: '4.6.0', revision: '79f1c02ae20'
System info: os.name: 'Windows 10', os.arch: 'amd64', os.version: '10.0', java.version: '17.0.7'
Driver info: org.openqa.selenium.chrome.ChromeDriver
Command: [2cf28825ea7a8a419a5b05b8e5d35d84, findElement {using=css selector, value=div[class='slds-spinner slds-spinner_brand slds-spinner_small']>div:nth-child(2)r}]
Capabilities {acceptInsecureCerts: false, browserName: chrome, browserVersion: 124.0.6367.92, chrome: {chromedriverVersion: 124.0.6367.91 (51df0e5e17a8..., userDataDir: C:\Users\PRATHA~1.KUM\AppDa...}, fedcm:accounts: true, goog:chromeOptions: {debuggerAddress: localhost:49451}, networkConnectionEnabled: false, pageLoadStrategy: normal, platformName: WINDOWS, proxy: Proxy(), se:cdp: ws://localhost:49451/devtoo..., se:cdpVersion: 124.0.6367.92, setWindowRect: true, strictFileInteractability: false, timeouts: {implicit: 0, pageLoad: 300000, script: 30000}, unhandledPromptBehavior: dismiss and notify, webauthn:extension:credBlob: true, webauthn:extension:largeBlob: true, webauthn:extension:minPinLength: true, webauthn:extension:prf: true, webauthn:virtualAuthenticators: true}
Session ID: 2cf28825ea7a8a419a5b05b8e5d35d84</small> </font> </div>
<div class="test-event"> <font color="maroon"> <small> &emsp; &emsp;--- 04 May 23:58:32 902 - <b>0</b> - Spinner Load Wait: (Sync) - ICar.support.WaitUtils.waitForSpinner(WaitUtils.java:225)</small> </font> </div>
<div class="test-event"> <font color="maroon"> <small> &emsp; &emsp;--- 04 May 23:58:42 988 - Page URL:: https://www.i-car.com/product/floor-jacks-stands-lifts</small> </font> </div>
<div class="test-event"> <font color="maroon"> <small> &emsp; &emsp;--- 04 May 23:58:42 988 - <b>0</b> - Page Load Wait: (Sync) - ICar.support.Utils.waitForPageLoad(Utils.java:109)</small> </font> </div>
<div class="test-event"> <font color="maroon"> <small> &emsp; &emsp;--- 04 May 23:58:43 006 - Element is displayed:: [[ChromeDriver: chrome on WINDOWS (2cf28825ea7a8a419a5b05b8e5d35d84)] -> xpath: //a[contains(text(),'Back to Courses')]]</small> </font> </div>
<div class="test-event"> <font color="maroon"> <small> &emsp; &emsp;--- 04 May 23:58:50 030 - Catched spinner load exception due to javascript error: {"status":32,"value":"An invalid or illegal selector was specified"}
  (Session info: chrome=124.0.6367.92)
Build info: version: '4.6.0', revision: '79f1c02ae20'
System info: os.name: 'Windows 10', os.arch: 'amd64', os.version: '10.0', java.version: '17.0.7'
Driver info: org.openqa.selenium.chrome.ChromeDriver
Command: [2cf28825ea7a8a419a5b05b8e5d35d84, findElement {using=css selector, value=div[class='slds-spinner slds-spinner_brand slds-spinner_small']>div:nth-child(2)r}]
Capabilities {acceptInsecureCerts: false, browserName: chrome, browserVersion: 124.0.6367.92, chrome: {chromedriverVersion: 124.0.6367.91 (51df0e5e17a8..., userDataDir: C:\Users\PRATHA~1.KUM\AppDa...}, fedcm:accounts: true, goog:chromeOptions: {debuggerAddress: localhost:49451}, networkConnectionEnabled: false, pageLoadStrategy: normal, platformName: WINDOWS, proxy: Proxy(), se:cdp: ws://localhost:49451/devtoo..., se:cdpVersion: 124.0.6367.92, setWindowRect: true, strictFileInteractability: false, timeouts: {implicit: 0, pageLoad: 300000, script: 30000}, unhandledPromptBehavior: dismiss and notify, webauthn:extension:credBlob: true, webauthn:extension:largeBlob: true, webauthn:extension:minPinLength: true, webauthn:extension:prf: true, webauthn:virtualAuthenticators: true}
Session ID: 2cf28825ea7a8a419a5b05b8e5d35d84</small> </font> </div>
<div class="test-event"> <font color="maroon"> <small> &emsp; &emsp;--- 04 May 23:58:50 030 - <b>0</b> - Spinner Load Wait: (Sync) - ICar.support.WaitUtils.waitForSpinner(WaitUtils.java:225)</small> </font> </div>
<div class="test-message">&emsp;Back To Courses is displayed in the page </div>
<div class="test-message">&emsp;Successfully verified Back To Course Link&emsp;<a href=".\ScreenShot\URL_TC001_2721067657515900.png" target="_blank" >[ScreenShot]</a></div>
<div class="test-event"> <font color="maroon"> <small> &emsp; &emsp;--- 04 May 23:58:50 304 - Catched spinner load exception due to javascript error: {"status":32,"value":"An invalid or illegal selector was specified"}
  (Session info: chrome=124.0.6367.92)
Build info: version: '4.6.0', revision: '79f1c02ae20'
System info: os.name: 'Windows 10', os.arch: 'amd64', os.version: '10.0', java.version: '17.0.7'
Driver info: org.openqa.selenium.chrome.ChromeDriver
Command: [2cf28825ea7a8a419a5b05b8e5d35d84, findElement {using=css selector, value=div[class='slds-spinner slds-spinner_brand slds-spinner_small']>div:nth-child(2)r}]
Capabilities {acceptInsecureCerts: false, browserName: chrome, browserVersion: 124.0.6367.92, chrome: {chromedriverVersion: 124.0.6367.91 (51df0e5e17a8..., userDataDir: C:\Users\PRATHA~1.KUM\AppDa...}, fedcm:accounts: true, goog:chromeOptions: {debuggerAddress: localhost:49451}, networkConnectionEnabled: false, pageLoadStrategy: normal, platformName: WINDOWS, proxy: Proxy(), se:cdp: ws://localhost:49451/devtoo..., se:cdpVersion: 124.0.6367.92, setWindowRect: true, strictFileInteractability: false, timeouts: {implicit: 0, pageLoad: 300000, script: 30000}, unhandledPromptBehavior: dismiss and notify, webauthn:extension:credBlob: true, webauthn:extension:largeBlob: true, webauthn:extension:minPinLength: true, webauthn:extension:prf: true, webauthn:virtualAuthenticators: true}
Session ID: 2cf28825ea7a8a419a5b05b8e5d35d84</small> </font> </div>
<div class="test-event"> <font color="maroon"> <small> &emsp; &emsp;--- 04 May 23:58:50 304 - <b>0</b> - Spinner Load Wait: (Sync) - ICar.support.WaitUtils.waitForSpinner(WaitUtils.java:225)</small> </font> </div>
<div class="test-event"> <font color="maroon"> <small> &emsp; &emsp;--- 04 May 23:58:50 365 - Page URL:: https://www.i-car.com/product/floor-jacks-stands-lifts</small> </font> </div>
<div class="test-event"> <font color="maroon"> <small> &emsp; &emsp;--- 04 May 23:58:50 365 - <b>0</b> - Page Load Wait: (Sync) - ICar.support.Utils.waitForPageLoad(Utils.java:109)</small> </font> </div>
<div class="test-event"> <font color="maroon"> <small> &emsp; &emsp;--- 04 May 23:59:00 450 - Element is displayed:: [[ChromeDriver: chrome on WINDOWS (2cf28825ea7a8a419a5b05b8e5d35d84)] -> xpath: //div[@class='productDetails slds-p-bottom_large']//div[contains(@class,'slds-p-bottom_medium')]]</small> </font> </div>
<div class="test-message">&emsp;Course Name : FloorJacksStandsLifts is displayed in the URL page</div>
<div class="test-message">&emsp;Successfully verified the course name for relevant link&emsp;<a href=".\ScreenShot\URL_TC001_2721086094277600.png" target="_blank" >[ScreenShot]</a></div>
<div class="test-message">&emsp;
</div>
<div class="test-message">&emsp;107. URL is : https://www.i-car.com/product/frame-equipment-mounting</div>
<div class="test-event"> <font color="maroon"> <small> &emsp; &emsp;--- 04 May 23:59:09 947 - Page URL:: https://www.i-car.com/product/frame-equipment-mounting</small> </font> </div>
<div class="test-event"> <font color="maroon"> <small> &emsp; &emsp;--- 04 May 23:59:09 947 - <b>0</b> - Page Load Wait: (Sync) - ICar.support.Utils.waitForPageLoad(Utils.java:109)</small> </font> </div>
<div class="test-message">&emsp;Successfully navigated to the :  https://www.i-car.com/product/frame-equipment-mounting   Page&emsp;<a href=".\ScreenShot\URL_TC001_2721087565491200.png" target="_blank" >[ScreenShot]</a></div>
<div class="test-event"> <font color="maroon"> <small> &emsp; &emsp;--- 04 May 23:59:10 227 - Page URL:: https://www.i-car.com/product/frame-equipment-mounting</small> </font> </div>
<div class="test-event"> <font color="maroon"> <small> &emsp; &emsp;--- 04 May 23:59:10 227 - <b>0</b> - Page Load Wait: (Sync) - ICar.support.Utils.waitForPageLoad(Utils.java:109)</small> </font> </div>
<div class="test-event"> <font color="maroon"> <small> &emsp; &emsp;--- 04 May 23:59:10 236 - Catched spinner load exception due to javascript error: {"status":32,"value":"An invalid or illegal selector was specified"}
  (Session info: chrome=124.0.6367.92)
Build info: version: '4.6.0', revision: '79f1c02ae20'
System info: os.name: 'Windows 10', os.arch: 'amd64', os.version: '10.0', java.version: '17.0.7'
Driver info: org.openqa.selenium.chrome.ChromeDriver
Command: [2cf28825ea7a8a419a5b05b8e5d35d84, findElement {using=css selector, value=div[class='slds-spinner slds-spinner_brand slds-spinner_small']>div:nth-child(2)r}]
Capabilities {acceptInsecureCerts: false, browserName: chrome, browserVersion: 124.0.6367.92, chrome: {chromedriverVersion: 124.0.6367.91 (51df0e5e17a8..., userDataDir: C:\Users\PRATHA~1.KUM\AppDa...}, fedcm:accounts: true, goog:chromeOptions: {debuggerAddress: localhost:49451}, networkConnectionEnabled: false, pageLoadStrategy: normal, platformName: WINDOWS, proxy: Proxy(), se:cdp: ws://localhost:49451/devtoo..., se:cdpVersion: 124.0.6367.92, setWindowRect: true, strictFileInteractability: false, timeouts: {implicit: 0, pageLoad: 300000, script: 30000}, unhandledPromptBehavior: dismiss and notify, webauthn:extension:credBlob: true, webauthn:extension:largeBlob: true, webauthn:extension:minPinLength: true, webauthn:extension:prf: true, webauthn:virtualAuthenticators: true}
Session ID: 2cf28825ea7a8a419a5b05b8e5d35d84</small> </font> </div>
<div class="test-event"> <font color="maroon"> <small> &emsp; &emsp;--- 04 May 23:59:10 236 - <b>0</b> - Spinner Load Wait: (Sync) - ICar.support.WaitUtils.waitForSpinner(WaitUtils.java:225)</small> </font> </div>
<div class="test-event"> <font color="maroon"> <small> &emsp; &emsp;--- 04 May 23:59:20 313 - Page URL:: https://www.i-car.com/product/frame-equipment-mounting</small> </font> </div>
<div class="test-event"> <font color="maroon"> <small> &emsp; &emsp;--- 04 May 23:59:20 313 - <b>0</b> - Page Load Wait: (Sync) - ICar.support.Utils.waitForPageLoad(Utils.java:109)</small> </font> </div>
<div class="test-event"> <font color="maroon"> <small> &emsp; &emsp;--- 04 May 23:59:20 331 - Element is displayed:: [[ChromeDriver: chrome on WINDOWS (2cf28825ea7a8a419a5b05b8e5d35d84)] -> xpath: //a[contains(text(),'Back to Courses')]]</small> </font> </div>
<div class="test-event"> <font color="maroon"> <small> &emsp; &emsp;--- 04 May 23:59:27 377 - Catched spinner load exception due to javascript error: {"status":32,"value":"An invalid or illegal selector was specified"}
  (Session info: chrome=124.0.6367.92)
Build info: version: '4.6.0', revision: '79f1c02ae20'
System info: os.name: 'Windows 10', os.arch: 'amd64', os.version: '10.0', java.version: '17.0.7'
Driver info: org.openqa.selenium.chrome.ChromeDriver
Command: [2cf28825ea7a8a419a5b05b8e5d35d84, findElement {using=css selector, value=div[class='slds-spinner slds-spinner_brand slds-spinner_small']>div:nth-child(2)r}]
Capabilities {acceptInsecureCerts: false, browserName: chrome, browserVersion: 124.0.6367.92, chrome: {chromedriverVersion: 124.0.6367.91 (51df0e5e17a8..., userDataDir: C:\Users\PRATHA~1.KUM\AppDa...}, fedcm:accounts: true, goog:chromeOptions: {debuggerAddress: localhost:49451}, networkConnectionEnabled: false, pageLoadStrategy: normal, platformName: WINDOWS, proxy: Proxy(), se:cdp: ws://localhost:49451/devtoo..., se:cdpVersion: 124.0.6367.92, setWindowRect: true, strictFileInteractability: false, timeouts: {implicit: 0, pageLoad: 300000, script: 30000}, unhandledPromptBehavior: dismiss and notify, webauthn:extension:credBlob: true, webauthn:extension:largeBlob: true, webauthn:extension:minPinLength: true, webauthn:extension:prf: true, webauthn:virtualAuthenticators: true}
Session ID: 2cf28825ea7a8a419a5b05b8e5d35d84</small> </font> </div>
<div class="test-event"> <font color="maroon"> <small> &emsp; &emsp;--- 04 May 23:59:27 377 - <b>0</b> - Spinner Load Wait: (Sync) - ICar.support.WaitUtils.waitForSpinner(WaitUtils.java:225)</small> </font> </div>
<div class="test-message">&emsp;Back To Courses is displayed in the page </div>
<div class="test-message">&emsp;Successfully verified Back To Course Link&emsp;<a href=".\ScreenShot\URL_TC001_2721105021991800.png" target="_blank" >[ScreenShot]</a></div>
<div class="test-event"> <font color="maroon"> <small> &emsp; &emsp;--- 04 May 23:59:27 667 - Catched spinner load exception due to javascript error: {"status":32,"value":"An invalid or illegal selector was specified"}
  (Session info: chrome=124.0.6367.92)
Build info: version: '4.6.0', revision: '79f1c02ae20'
System info: os.name: 'Windows 10', os.arch: 'amd64', os.version: '10.0', java.version: '17.0.7'
Driver info: org.openqa.selenium.chrome.ChromeDriver
Command: [2cf28825ea7a8a419a5b05b8e5d35d84, findElement {using=css selector, value=div[class='slds-spinner slds-spinner_brand slds-spinner_small']>div:nth-child(2)r}]
Capabilities {acceptInsecureCerts: false, browserName: chrome, browserVersion: 124.0.6367.92, chrome: {chromedriverVersion: 124.0.6367.91 (51df0e5e17a8..., userDataDir: C:\Users\PRATHA~1.KUM\AppDa...}, fedcm:accounts: true, goog:chromeOptions: {debuggerAddress: localhost:49451}, networkConnectionEnabled: false, pageLoadStrategy: normal, platformName: WINDOWS, proxy: Proxy(), se:cdp: ws://localhost:49451/devtoo..., se:cdpVersion: 124.0.6367.92, setWindowRect: true, strictFileInteractability: false, timeouts: {implicit: 0, pageLoad: 300000, script: 30000}, unhandledPromptBehavior: dismiss and notify, webauthn:extension:credBlob: true, webauthn:extension:largeBlob: true, webauthn:extension:minPinLength: true, webauthn:extension:prf: true, webauthn:virtualAuthenticators: true}
Session ID: 2cf28825ea7a8a419a5b05b8e5d35d84</small> </font> </div>
<div class="test-event"> <font color="maroon"> <small> &emsp; &emsp;--- 04 May 23:59:27 667 - <b>0</b> - Spinner Load Wait: (Sync) - ICar.support.WaitUtils.waitForSpinner(WaitUtils.java:225)</small> </font> </div>
<div class="test-event"> <font color="maroon"> <small> &emsp; &emsp;--- 04 May 23:59:27 728 - Page URL:: https://www.i-car.com/product/frame-equipment-mounting</small> </font> </div>
<div class="test-event"> <font color="maroon"> <small> &emsp; &emsp;--- 04 May 23:59:27 728 - <b>0</b> - Page Load Wait: (Sync) - ICar.support.Utils.waitForPageLoad(Utils.java:109)</small> </font> </div>
<div class="test-event"> <font color="maroon"> <small> &emsp; &emsp;--- 04 May 23:59:37 772 - Element is displayed:: [[ChromeDriver: chrome on WINDOWS (2cf28825ea7a8a419a5b05b8e5d35d84)] -> xpath: //div[@class='productDetails slds-p-bottom_large']//div[contains(@class,'slds-p-bottom_medium')]]</small> </font> </div>
<div class="test-message">&emsp;Course Name : FrameEquipmentMounting is displayed in the URL page</div>
<div class="test-message">&emsp;Successfully verified the course name for relevant link&emsp;<a href=".\ScreenShot\URL_TC001_2721123408808900.png" target="_blank" >[ScreenShot]</a></div>
<div class="test-message">&emsp;
</div>
<div class="test-message">&emsp;108. URL is : https://www.i-car.com/product/grinders-and-cutoff-wheels</div>
<div class="test-event"> <font color="maroon"> <small> &emsp; &emsp;--- 04 May 23:59:47 261 - Page URL:: https://www.i-car.com/product/grinders-and-cutoff-wheels</small> </font> </div>
<div class="test-event"> <font color="maroon"> <small> &emsp; &emsp;--- 04 May 23:59:47 262 - <b>0</b> - Page Load Wait: (Sync) - ICar.support.Utils.waitForPageLoad(Utils.java:109)</small> </font> </div>
<div class="test-message">&emsp;Successfully navigated to the :  https://www.i-car.com/product/grinders-and-cutoff-wheels   Page&emsp;<a href=".\ScreenShot\URL_TC001_2721124878820700.png" target="_blank" >[ScreenShot]</a></div>
<div class="test-event"> <font color="maroon"> <small> &emsp; &emsp;--- 04 May 23:59:47 535 - Page URL:: https://www.i-car.com/product/grinders-and-cutoff-wheels</small> </font> </div>
<div class="test-event"> <font color="maroon"> <small> &emsp; &emsp;--- 04 May 23:59:47 535 - <b>0</b> - Page Load Wait: (Sync) - ICar.support.Utils.waitForPageLoad(Utils.java:109)</small> </font> </div>
<div class="test-event"> <font color="maroon"> <small> &emsp; &emsp;--- 04 May 23:59:47 545 - Catched spinner load exception due to javascript error: {"status":32,"value":"An invalid or illegal selector was specified"}
  (Session info: chrome=124.0.6367.92)
Build info: version: '4.6.0', revision: '79f1c02ae20'
System info: os.name: 'Windows 10', os.arch: 'amd64', os.version: '10.0', java.version: '17.0.7'
Driver info: org.openqa.selenium.chrome.ChromeDriver
Command: [2cf28825ea7a8a419a5b05b8e5d35d84, findElement {using=css selector, value=div[class='slds-spinner slds-spinner_brand slds-spinner_small']>div:nth-child(2)r}]
Capabilities {acceptInsecureCerts: false, browserName: chrome, browserVersion: 124.0.6367.92, chrome: {chromedriverVersion: 124.0.6367.91 (51df0e5e17a8..., userDataDir: C:\Users\PRATHA~1.KUM\AppDa...}, fedcm:accounts: true, goog:chromeOptions: {debuggerAddress: localhost:49451}, networkConnectionEnabled: false, pageLoadStrategy: normal, platformName: WINDOWS, proxy: Proxy(), se:cdp: ws://localhost:49451/devtoo..., se:cdpVersion: 124.0.6367.92, setWindowRect: true, strictFileInteractability: false, timeouts: {implicit: 0, pageLoad: 300000, script: 30000}, unhandledPromptBehavior: dismiss and notify, webauthn:extension:credBlob: true, webauthn:extension:largeBlob: true, webauthn:extension:minPinLength: true, webauthn:extension:prf: true, webauthn:virtualAuthenticators: true}
Session ID: 2cf28825ea7a8a419a5b05b8e5d35d84</small> </font> </div>
<div class="test-event"> <font color="maroon"> <small> &emsp; &emsp;--- 04 May 23:59:47 545 - <b>0</b> - Spinner Load Wait: (Sync) - ICar.support.WaitUtils.waitForSpinner(WaitUtils.java:225)</small> </font> </div>
<div class="test-event"> <font color="maroon"> <small> &emsp; &emsp;--- 04 May 23:59:57 638 - Page URL:: https://www.i-car.com/product/grinders-and-cutoff-wheels</small> </font> </div>
<div class="test-event"> <font color="maroon"> <small> &emsp; &emsp;--- 04 May 23:59:57 638 - <b>0</b> - Page Load Wait: (Sync) - ICar.support.Utils.waitForPageLoad(Utils.java:109)</small> </font> </div>
<div class="test-event"> <font color="maroon"> <small> &emsp; &emsp;--- 04 May 23:59:57 654 - Element is displayed:: [[ChromeDriver: chrome on WINDOWS (2cf28825ea7a8a419a5b05b8e5d35d84)] -> xpath: //a[contains(text(),'Back to Courses')]]</small> </font> </div>
<div class="test-event"> <font color="maroon"> <small> &emsp; &emsp;--- 05 May 00:00:04 694 - Catched spinner load exception due to javascript error: {"status":32,"value":"An invalid or illegal selector was specified"}
  (Session info: chrome=124.0.6367.92)
Build info: version: '4.6.0', revision: '79f1c02ae20'
System info: os.name: 'Windows 10', os.arch: 'amd64', os.version: '10.0', java.version: '17.0.7'
Driver info: org.openqa.selenium.chrome.ChromeDriver
Command: [2cf28825ea7a8a419a5b05b8e5d35d84, findElement {using=css selector, value=div[class='slds-spinner slds-spinner_brand slds-spinner_small']>div:nth-child(2)r}]
Capabilities {acceptInsecureCerts: false, browserName: chrome, browserVersion: 124.0.6367.92, chrome: {chromedriverVersion: 124.0.6367.91 (51df0e5e17a8..., userDataDir: C:\Users\PRATHA~1.KUM\AppDa...}, fedcm:accounts: true, goog:chromeOptions: {debuggerAddress: localhost:49451}, networkConnectionEnabled: false, pageLoadStrategy: normal, platformName: WINDOWS, proxy: Proxy(), se:cdp: ws://localhost:49451/devtoo..., se:cdpVersion: 124.0.6367.92, setWindowRect: true, strictFileInteractability: false, timeouts: {implicit: 0, pageLoad: 300000, script: 30000}, unhandledPromptBehavior: dismiss and notify, webauthn:extension:credBlob: true, webauthn:extension:largeBlob: true, webauthn:extension:minPinLength: true, webauthn:extension:prf: true, webauthn:virtualAuthenticators: true}
Session ID: 2cf28825ea7a8a419a5b05b8e5d35d84</small> </font> </div>
<div class="test-event"> <font color="maroon"> <small> &emsp; &emsp;--- 05 May 00:00:04 694 - <b>0</b> - Spinner Load Wait: (Sync) - ICar.support.WaitUtils.waitForSpinner(WaitUtils.java:225)</small> </font> </div>
<div class="test-message">&emsp;Back To Courses is displayed in the page </div>
<div class="test-message">&emsp;Successfully verified Back To Course Link&emsp;<a href=".\ScreenShot\URL_TC001_2721142320324000.png" target="_blank" >[ScreenShot]</a></div>
<div class="test-event"> <font color="maroon"> <small> &emsp; &emsp;--- 05 May 00:00:04 967 - Catched spinner load exception due to javascript error: {"status":32,"value":"An invalid or illegal selector was specified"}
  (Session info: chrome=124.0.6367.92)
Build info: version: '4.6.0', revision: '79f1c02ae20'
System info: os.name: 'Windows 10', os.arch: 'amd64', os.version: '10.0', java.version: '17.0.7'
Driver info: org.openqa.selenium.chrome.ChromeDriver
Command: [2cf28825ea7a8a419a5b05b8e5d35d84, findElement {using=css selector, value=div[class='slds-spinner slds-spinner_brand slds-spinner_small']>div:nth-child(2)r}]
Capabilities {acceptInsecureCerts: false, browserName: chrome, browserVersion: 124.0.6367.92, chrome: {chromedriverVersion: 124.0.6367.91 (51df0e5e17a8..., userDataDir: C:\Users\PRATHA~1.KUM\AppDa...}, fedcm:accounts: true, goog:chromeOptions: {debuggerAddress: localhost:49451}, networkConnectionEnabled: false, pageLoadStrategy: normal, platformName: WINDOWS, proxy: Proxy(), se:cdp: ws://localhost:49451/devtoo..., se:cdpVersion: 124.0.6367.92, setWindowRect: true, strictFileInteractability: false, timeouts: {implicit: 0, pageLoad: 300000, script: 30000}, unhandledPromptBehavior: dismiss and notify, webauthn:extension:credBlob: true, webauthn:extension:largeBlob: true, webauthn:extension:minPinLength: true, webauthn:extension:prf: true, webauthn:virtualAuthenticators: true}
Session ID: 2cf28825ea7a8a419a5b05b8e5d35d84</small> </font> </div>
<div class="test-event"> <font color="maroon"> <small> &emsp; &emsp;--- 05 May 00:00:04 967 - <b>0</b> - Spinner Load Wait: (Sync) - ICar.support.WaitUtils.waitForSpinner(WaitUtils.java:225)</small> </font> </div>
<div class="test-event"> <font color="maroon"> <small> &emsp; &emsp;--- 05 May 00:00:05 029 - Page URL:: https://www.i-car.com/product/grinders-and-cutoff-wheels</small> </font> </div>
<div class="test-event"> <font color="maroon"> <small> &emsp; &emsp;--- 05 May 00:00:05 029 - <b>0</b> - Page Load Wait: (Sync) - ICar.support.Utils.waitForPageLoad(Utils.java:109)</small> </font> </div>
<div class="test-event"> <font color="maroon"> <small> &emsp; &emsp;--- 05 May 00:00:15 092 - Element is displayed:: [[ChromeDriver: chrome on WINDOWS (2cf28825ea7a8a419a5b05b8e5d35d84)] -> xpath: //div[@class='productDetails slds-p-bottom_large']//div[contains(@class,'slds-p-bottom_medium')]]</small> </font> </div>
<div class="test-message">&emsp;Course Name : GrindersandCutoffWheels is displayed in the URL page</div>
<div class="test-message">&emsp;Successfully verified the course name for relevant link&emsp;<a href=".\ScreenShot\URL_TC001_2721160735326600.png" target="_blank" >[ScreenShot]</a></div>
<div class="test-message">&emsp;
</div>
<div class="test-message">&emsp;109. URL is : https://www.i-car.com/product/sectioning-scenarios</div>
<div class="test-event"> <font color="maroon"> <small> &emsp; &emsp;--- 05 May 00:00:24 485 - Page URL:: https://www.i-car.com/product/sectioning-scenarios</small> </font> </div>
<div class="test-event"> <font color="maroon"> <small> &emsp; &emsp;--- 05 May 00:00:24 486 - <b>0</b> - Page Load Wait: (Sync) - ICar.support.Utils.waitForPageLoad(Utils.java:109)</small> </font> </div>
<div class="test-message">&emsp;Successfully navigated to the :  https://www.i-car.com/product/sectioning-scenarios   Page&emsp;<a href=".\ScreenShot\URL_TC001_2721162103306600.png" target="_blank" >[ScreenShot]</a></div>
<div class="test-event"> <font color="maroon"> <small> &emsp; &emsp;--- 05 May 00:00:24 761 - Page URL:: https://www.i-car.com/product/sectioning-scenarios</small> </font> </div>
<div class="test-event"> <font color="maroon"> <small> &emsp; &emsp;--- 05 May 00:00:24 761 - <b>0</b> - Page Load Wait: (Sync) - ICar.support.Utils.waitForPageLoad(Utils.java:109)</small> </font> </div>
<div class="test-event"> <font color="maroon"> <small> &emsp; &emsp;--- 05 May 00:00:24 769 - Catched spinner load exception due to javascript error: {"status":32,"value":"An invalid or illegal selector was specified"}
  (Session info: chrome=124.0.6367.92)
Build info: version: '4.6.0', revision: '79f1c02ae20'
System info: os.name: 'Windows 10', os.arch: 'amd64', os.version: '10.0', java.version: '17.0.7'
Driver info: org.openqa.selenium.chrome.ChromeDriver
Command: [2cf28825ea7a8a419a5b05b8e5d35d84, findElement {using=css selector, value=div[class='slds-spinner slds-spinner_brand slds-spinner_small']>div:nth-child(2)r}]
Capabilities {acceptInsecureCerts: false, browserName: chrome, browserVersion: 124.0.6367.92, chrome: {chromedriverVersion: 124.0.6367.91 (51df0e5e17a8..., userDataDir: C:\Users\PRATHA~1.KUM\AppDa...}, fedcm:accounts: true, goog:chromeOptions: {debuggerAddress: localhost:49451}, networkConnectionEnabled: false, pageLoadStrategy: normal, platformName: WINDOWS, proxy: Proxy(), se:cdp: ws://localhost:49451/devtoo..., se:cdpVersion: 124.0.6367.92, setWindowRect: true, strictFileInteractability: false, timeouts: {implicit: 0, pageLoad: 300000, script: 30000}, unhandledPromptBehavior: dismiss and notify, webauthn:extension:credBlob: true, webauthn:extension:largeBlob: true, webauthn:extension:minPinLength: true, webauthn:extension:prf: true, webauthn:virtualAuthenticators: true}
Session ID: 2cf28825ea7a8a419a5b05b8e5d35d84</small> </font> </div>
<div class="test-event"> <font color="maroon"> <small> &emsp; &emsp;--- 05 May 00:00:24 769 - <b>0</b> - Spinner Load Wait: (Sync) - ICar.support.WaitUtils.waitForSpinner(WaitUtils.java:225)</small> </font> </div>
<div class="test-event"> <font color="maroon"> <small> &emsp; &emsp;--- 05 May 00:00:34 937 - Page URL:: https://www.i-car.com/product/sectioning-scenarios</small> </font> </div>
<div class="test-event"> <font color="maroon"> <small> &emsp; &emsp;--- 05 May 00:00:34 937 - <b>0</b> - Page Load Wait: (Sync) - ICar.support.Utils.waitForPageLoad(Utils.java:109)</small> </font> </div>
<div class="test-event"> <font color="maroon"> <small> &emsp; &emsp;--- 05 May 00:00:34 955 - Element is displayed:: [[ChromeDriver: chrome on WINDOWS (2cf28825ea7a8a419a5b05b8e5d35d84)] -> xpath: //a[contains(text(),'Back to Courses')]]</small> </font> </div>
<div class="test-event"> <font color="maroon"> <small> &emsp; &emsp;--- 05 May 00:00:41 993 - Catched spinner load exception due to javascript error: {"status":32,"value":"An invalid or illegal selector was specified"}
  (Session info: chrome=124.0.6367.92)
Build info: version: '4.6.0', revision: '79f1c02ae20'
System info: os.name: 'Windows 10', os.arch: 'amd64', os.version: '10.0', java.version: '17.0.7'
Driver info: org.openqa.selenium.chrome.ChromeDriver
Command: [2cf28825ea7a8a419a5b05b8e5d35d84, findElement {using=css selector, value=div[class='slds-spinner slds-spinner_brand slds-spinner_small']>div:nth-child(2)r}]
Capabilities {acceptInsecureCerts: false, browserName: chrome, browserVersion: 124.0.6367.92, chrome: {chromedriverVersion: 124.0.6367.91 (51df0e5e17a8..., userDataDir: C:\Users\PRATHA~1.KUM\AppDa...}, fedcm:accounts: true, goog:chromeOptions: {debuggerAddress: localhost:49451}, networkConnectionEnabled: false, pageLoadStrategy: normal, platformName: WINDOWS, proxy: Proxy(), se:cdp: ws://localhost:49451/devtoo..., se:cdpVersion: 124.0.6367.92, setWindowRect: true, strictFileInteractability: false, timeouts: {implicit: 0, pageLoad: 300000, script: 30000}, unhandledPromptBehavior: dismiss and notify, webauthn:extension:credBlob: true, webauthn:extension:largeBlob: true, webauthn:extension:minPinLength: true, webauthn:extension:prf: true, webauthn:virtualAuthenticators: true}
Session ID: 2cf28825ea7a8a419a5b05b8e5d35d84</small> </font> </div>
<div class="test-event"> <font color="maroon"> <small> &emsp; &emsp;--- 05 May 00:00:41 993 - <b>0</b> - Spinner Load Wait: (Sync) - ICar.support.WaitUtils.waitForSpinner(WaitUtils.java:225)</small> </font> </div>
<div class="test-message">&emsp;Back To Courses is displayed in the page </div>
<div class="test-message">&emsp;Successfully verified Back To Course Link&emsp;<a href=".\ScreenShot\URL_TC001_2721179626672000.png" target="_blank" >[ScreenShot]</a></div>
<div class="test-event"> <font color="maroon"> <small> &emsp; &emsp;--- 05 May 00:00:42 256 - Catched spinner load exception due to javascript error: {"status":32,"value":"An invalid or illegal selector was specified"}
  (Session info: chrome=124.0.6367.92)
Build info: version: '4.6.0', revision: '79f1c02ae20'
System info: os.name: 'Windows 10', os.arch: 'amd64', os.version: '10.0', java.version: '17.0.7'
Driver info: org.openqa.selenium.chrome.ChromeDriver
Command: [2cf28825ea7a8a419a5b05b8e5d35d84, findElement {using=css selector, value=div[class='slds-spinner slds-spinner_brand slds-spinner_small']>div:nth-child(2)r}]
Capabilities {acceptInsecureCerts: false, browserName: chrome, browserVersion: 124.0.6367.92, chrome: {chromedriverVersion: 124.0.6367.91 (51df0e5e17a8..., userDataDir: C:\Users\PRATHA~1.KUM\AppDa...}, fedcm:accounts: true, goog:chromeOptions: {debuggerAddress: localhost:49451}, networkConnectionEnabled: false, pageLoadStrategy: normal, platformName: WINDOWS, proxy: Proxy(), se:cdp: ws://localhost:49451/devtoo..., se:cdpVersion: 124.0.6367.92, setWindowRect: true, strictFileInteractability: false, timeouts: {implicit: 0, pageLoad: 300000, script: 30000}, unhandledPromptBehavior: dismiss and notify, webauthn:extension:credBlob: true, webauthn:extension:largeBlob: true, webauthn:extension:minPinLength: true, webauthn:extension:prf: true, webauthn:virtualAuthenticators: true}
Session ID: 2cf28825ea7a8a419a5b05b8e5d35d84</small> </font> </div>
<div class="test-event"> <font color="maroon"> <small> &emsp; &emsp;--- 05 May 00:00:42 256 - <b>0</b> - Spinner Load Wait: (Sync) - ICar.support.WaitUtils.waitForSpinner(WaitUtils.java:225)</small> </font> </div>
<div class="test-event"> <font color="maroon"> <small> &emsp; &emsp;--- 05 May 00:00:42 367 - Page URL:: https://www.i-car.com/product/sectioning-scenarios</small> </font> </div>
<div class="test-event"> <font color="maroon"> <small> &emsp; &emsp;--- 05 May 00:00:42 367 - <b>0</b> - Page Load Wait: (Sync) - ICar.support.Utils.waitForPageLoad(Utils.java:109)</small> </font> </div>
<div class="test-event"> <font color="maroon"> <small> &emsp; &emsp;--- 05 May 00:00:52 417 - Element is displayed:: [[ChromeDriver: chrome on WINDOWS (2cf28825ea7a8a419a5b05b8e5d35d84)] -> xpath: //div[@class='productDetails slds-p-bottom_large']//div[contains(@class,'slds-p-bottom_medium')]]</small> </font> </div>
<div class="test-message">&emsp;Course Name : SectioningScenarios is displayed in the URL page</div>
<div class="test-message">&emsp;Successfully verified the course name for relevant link&emsp;<a href=".\ScreenShot\URL_TC001_2721198061845200.png" target="_blank" >[ScreenShot]</a></div>
<div class="test-message">&emsp;
</div>
<div class="test-message">&emsp;110. URL is : https://www.i-car.com/product/fca-driver-assistance-systems-for-chrysler-dodge-jeep-ram-alfa-romeo-and-fi</div>
<div class="test-event"> <font color="maroon"> <small> &emsp; &emsp;--- 05 May 00:01:01 924 - Page URL:: https://www.i-car.com/product/fca-driver-assistance-systems-for-chrysler-dodge-jeep-ram-alfa-romeo-and-fi</small> </font> </div>
<div class="test-event"> <font color="maroon"> <small> &emsp; &emsp;--- 05 May 00:01:01 924 - <b>0</b> - Page Load Wait: (Sync) - ICar.support.Utils.waitForPageLoad(Utils.java:109)</small> </font> </div>
<div class="test-message">&emsp;Successfully navigated to the :  https://www.i-car.com/product/fca-driver-assistance-systems-for-chrysler-dodge-jeep-ram-alfa-romeo-and-fi   Page&emsp;<a href=".\ScreenShot\URL_TC001_2721199541842100.png" target="_blank" >[ScreenShot]</a></div>
<div class="test-event"> <font color="maroon"> <small> &emsp; &emsp;--- 05 May 00:01:02 195 - Page URL:: https://www.i-car.com/product/fca-driver-assistance-systems-for-chrysler-dodge-jeep-ram-alfa-romeo-and-fi</small> </font> </div>
<div class="test-event"> <font color="maroon"> <small> &emsp; &emsp;--- 05 May 00:01:02 195 - <b>0</b> - Page Load Wait: (Sync) - ICar.support.Utils.waitForPageLoad(Utils.java:109)</small> </font> </div>
<div class="test-event"> <font color="maroon"> <small> &emsp; &emsp;--- 05 May 00:01:02 204 - Catched spinner load exception due to javascript error: {"status":32,"value":"An invalid or illegal selector was specified"}
  (Session info: chrome=124.0.6367.92)
Build info: version: '4.6.0', revision: '79f1c02ae20'
System info: os.name: 'Windows 10', os.arch: 'amd64', os.version: '10.0', java.version: '17.0.7'
Driver info: org.openqa.selenium.chrome.ChromeDriver
Command: [2cf28825ea7a8a419a5b05b8e5d35d84, findElement {using=css selector, value=div[class='slds-spinner slds-spinner_brand slds-spinner_small']>div:nth-child(2)r}]
Capabilities {acceptInsecureCerts: false, browserName: chrome, browserVersion: 124.0.6367.92, chrome: {chromedriverVersion: 124.0.6367.91 (51df0e5e17a8..., userDataDir: C:\Users\PRATHA~1.KUM\AppDa...}, fedcm:accounts: true, goog:chromeOptions: {debuggerAddress: localhost:49451}, networkConnectionEnabled: false, pageLoadStrategy: normal, platformName: WINDOWS, proxy: Proxy(), se:cdp: ws://localhost:49451/devtoo..., se:cdpVersion: 124.0.6367.92, setWindowRect: true, strictFileInteractability: false, timeouts: {implicit: 0, pageLoad: 300000, script: 30000}, unhandledPromptBehavior: dismiss and notify, webauthn:extension:credBlob: true, webauthn:extension:largeBlob: true, webauthn:extension:minPinLength: true, webauthn:extension:prf: true, webauthn:virtualAuthenticators: true}
Session ID: 2cf28825ea7a8a419a5b05b8e5d35d84</small> </font> </div>
<div class="test-event"> <font color="maroon"> <small> &emsp; &emsp;--- 05 May 00:01:02 205 - <b>0</b> - Spinner Load Wait: (Sync) - ICar.support.WaitUtils.waitForSpinner(WaitUtils.java:225)</small> </font> </div>
<div class="test-event"> <font color="maroon"> <small> &emsp; &emsp;--- 05 May 00:01:12 296 - Page URL:: https://www.i-car.com/product/fca-driver-assistance-systems-for-chrysler-dodge-jeep-ram-alfa-romeo-and-fi</small> </font> </div>
<div class="test-event"> <font color="maroon"> <small> &emsp; &emsp;--- 05 May 00:01:12 296 - <b>0</b> - Page Load Wait: (Sync) - ICar.support.Utils.waitForPageLoad(Utils.java:109)</small> </font> </div>
<div class="test-event"> <font color="maroon"> <small> &emsp; &emsp;--- 05 May 00:01:12 313 - Element is displayed:: [[ChromeDriver: chrome on WINDOWS (2cf28825ea7a8a419a5b05b8e5d35d84)] -> xpath: //a[contains(text(),'Back to Courses')]]</small> </font> </div>
<div class="test-event"> <font color="maroon"> <small> &emsp; &emsp;--- 05 May 00:01:19 338 - Catched spinner load exception due to javascript error: {"status":32,"value":"An invalid or illegal selector was specified"}
  (Session info: chrome=124.0.6367.92)
Build info: version: '4.6.0', revision: '79f1c02ae20'
System info: os.name: 'Windows 10', os.arch: 'amd64', os.version: '10.0', java.version: '17.0.7'
Driver info: org.openqa.selenium.chrome.ChromeDriver
Command: [2cf28825ea7a8a419a5b05b8e5d35d84, findElement {using=css selector, value=div[class='slds-spinner slds-spinner_brand slds-spinner_small']>div:nth-child(2)r}]
Capabilities {acceptInsecureCerts: false, browserName: chrome, browserVersion: 124.0.6367.92, chrome: {chromedriverVersion: 124.0.6367.91 (51df0e5e17a8..., userDataDir: C:\Users\PRATHA~1.KUM\AppDa...}, fedcm:accounts: true, goog:chromeOptions: {debuggerAddress: localhost:49451}, networkConnectionEnabled: false, pageLoadStrategy: normal, platformName: WINDOWS, proxy: Proxy(), se:cdp: ws://localhost:49451/devtoo..., se:cdpVersion: 124.0.6367.92, setWindowRect: true, strictFileInteractability: false, timeouts: {implicit: 0, pageLoad: 300000, script: 30000}, unhandledPromptBehavior: dismiss and notify, webauthn:extension:credBlob: true, webauthn:extension:largeBlob: true, webauthn:extension:minPinLength: true, webauthn:extension:prf: true, webauthn:virtualAuthenticators: true}
Session ID: 2cf28825ea7a8a419a5b05b8e5d35d84</small> </font> </div>
<div class="test-event"> <font color="maroon"> <small> &emsp; &emsp;--- 05 May 00:01:19 338 - <b>0</b> - Spinner Load Wait: (Sync) - ICar.support.WaitUtils.waitForSpinner(WaitUtils.java:225)</small> </font> </div>
<div class="test-message">&emsp;Back To Courses is displayed in the page </div>
<div class="test-message">&emsp;Successfully verified Back To Course Link&emsp;<a href=".\ScreenShot\URL_TC001_2721216965063300.png" target="_blank" >[ScreenShot]</a></div>
<div class="test-event"> <font color="maroon"> <small> &emsp; &emsp;--- 05 May 00:01:19 569 - Catched spinner load exception due to javascript error: {"status":32,"value":"An invalid or illegal selector was specified"}
  (Session info: chrome=124.0.6367.92)
Build info: version: '4.6.0', revision: '79f1c02ae20'
System info: os.name: 'Windows 10', os.arch: 'amd64', os.version: '10.0', java.version: '17.0.7'
Driver info: org.openqa.selenium.chrome.ChromeDriver
Command: [2cf28825ea7a8a419a5b05b8e5d35d84, findElement {using=css selector, value=div[class='slds-spinner slds-spinner_brand slds-spinner_small']>div:nth-child(2)r}]
Capabilities {acceptInsecureCerts: false, browserName: chrome, browserVersion: 124.0.6367.92, chrome: {chromedriverVersion: 124.0.6367.91 (51df0e5e17a8..., userDataDir: C:\Users\PRATHA~1.KUM\AppDa...}, fedcm:accounts: true, goog:chromeOptions: {debuggerAddress: localhost:49451}, networkConnectionEnabled: false, pageLoadStrategy: normal, platformName: WINDOWS, proxy: Proxy(), se:cdp: ws://localhost:49451/devtoo..., se:cdpVersion: 124.0.6367.92, setWindowRect: true, strictFileInteractability: false, timeouts: {implicit: 0, pageLoad: 300000, script: 30000}, unhandledPromptBehavior: dismiss and notify, webauthn:extension:credBlob: true, webauthn:extension:largeBlob: true, webauthn:extension:minPinLength: true, webauthn:extension:prf: true, webauthn:virtualAuthenticators: true}
Session ID: 2cf28825ea7a8a419a5b05b8e5d35d84</small> </font> </div>
<div class="test-event"> <font color="maroon"> <small> &emsp; &emsp;--- 05 May 00:01:19 570 - <b>0</b> - Spinner Load Wait: (Sync) - ICar.support.WaitUtils.waitForSpinner(WaitUtils.java:225)</small> </font> </div>
<div class="test-event"> <font color="maroon"> <small> &emsp; &emsp;--- 05 May 00:01:19 635 - Page URL:: https://www.i-car.com/product/fca-driver-assistance-systems-for-chrysler-dodge-jeep-ram-alfa-romeo-and-fi</small> </font> </div>
<div class="test-event"> <font color="maroon"> <small> &emsp; &emsp;--- 05 May 00:01:19 635 - <b>0</b> - Page Load Wait: (Sync) - ICar.support.Utils.waitForPageLoad(Utils.java:109)</small> </font> </div>
<div class="test-event"> <font color="maroon"> <small> &emsp; &emsp;--- 05 May 00:01:29 677 - Element is displayed:: [[ChromeDriver: chrome on WINDOWS (2cf28825ea7a8a419a5b05b8e5d35d84)] -> xpath: //div[@class='productDetails slds-p-bottom_large']//div[contains(@class,'slds-p-bottom_medium')]]</small> </font> </div>
<div class="test-message">&emsp;Course Name : FCADriverAssistanceSystemsforChryslerDodgeJeepRAMAlfaRomeoandFI is displayed in the URL page</div>
<div class="test-message">&emsp;Successfully verified the course name for relevant link&emsp;<a href=".\ScreenShot\URL_TC001_2721235321213000.png" target="_blank" >[ScreenShot]</a></div>
<div class="test-message">&emsp;
</div>
<div class="test-message">&emsp;111. URL is : https://www.i-car.com/product/masking-machines</div>
<div class="test-event"> <font color="maroon"> <small> &emsp; &emsp;--- 05 May 00:01:39 195 - Page URL:: https://www.i-car.com/product/masking-machines</small> </font> </div>
<div class="test-event"> <font color="maroon"> <small> &emsp; &emsp;--- 05 May 00:01:39 195 - <b>0</b> - Page Load Wait: (Sync) - ICar.support.Utils.waitForPageLoad(Utils.java:109)</small> </font> </div>
<div class="test-message">&emsp;Successfully navigated to the :  https://www.i-car.com/product/masking-machines   Page&emsp;<a href=".\ScreenShot\URL_TC001_2721236811176300.png" target="_blank" >[ScreenShot]</a></div>
<div class="test-event"> <font color="maroon"> <small> &emsp; &emsp;--- 05 May 00:01:39 488 - Page URL:: https://www.i-car.com/product/masking-machines</small> </font> </div>
<div class="test-event"> <font color="maroon"> <small> &emsp; &emsp;--- 05 May 00:01:39 488 - <b>0</b> - Page Load Wait: (Sync) - ICar.support.Utils.waitForPageLoad(Utils.java:109)</small> </font> </div>
<div class="test-event"> <font color="maroon"> <small> &emsp; &emsp;--- 05 May 00:01:39 496 - Catched spinner load exception due to javascript error: {"status":32,"value":"An invalid or illegal selector was specified"}
  (Session info: chrome=124.0.6367.92)
Build info: version: '4.6.0', revision: '79f1c02ae20'
System info: os.name: 'Windows 10', os.arch: 'amd64', os.version: '10.0', java.version: '17.0.7'
Driver info: org.openqa.selenium.chrome.ChromeDriver
Command: [2cf28825ea7a8a419a5b05b8e5d35d84, findElement {using=css selector, value=div[class='slds-spinner slds-spinner_brand slds-spinner_small']>div:nth-child(2)r}]
Capabilities {acceptInsecureCerts: false, browserName: chrome, browserVersion: 124.0.6367.92, chrome: {chromedriverVersion: 124.0.6367.91 (51df0e5e17a8..., userDataDir: C:\Users\PRATHA~1.KUM\AppDa...}, fedcm:accounts: true, goog:chromeOptions: {debuggerAddress: localhost:49451}, networkConnectionEnabled: false, pageLoadStrategy: normal, platformName: WINDOWS, proxy: Proxy(), se:cdp: ws://localhost:49451/devtoo..., se:cdpVersion: 124.0.6367.92, setWindowRect: true, strictFileInteractability: false, timeouts: {implicit: 0, pageLoad: 300000, script: 30000}, unhandledPromptBehavior: dismiss and notify, webauthn:extension:credBlob: true, webauthn:extension:largeBlob: true, webauthn:extension:minPinLength: true, webauthn:extension:prf: true, webauthn:virtualAuthenticators: true}
Session ID: 2cf28825ea7a8a419a5b05b8e5d35d84</small> </font> </div>
<div class="test-event"> <font color="maroon"> <small> &emsp; &emsp;--- 05 May 00:01:39 496 - <b>0</b> - Spinner Load Wait: (Sync) - ICar.support.WaitUtils.waitForSpinner(WaitUtils.java:225)</small> </font> </div>
<div class="test-event"> <font color="maroon"> <small> &emsp; &emsp;--- 05 May 00:01:49 583 - Page URL:: https://www.i-car.com/product/masking-machines</small> </font> </div>
<div class="test-event"> <font color="maroon"> <small> &emsp; &emsp;--- 05 May 00:01:49 583 - <b>0</b> - Page Load Wait: (Sync) - ICar.support.Utils.waitForPageLoad(Utils.java:109)</small> </font> </div>
<div class="test-event"> <font color="maroon"> <small> &emsp; &emsp;--- 05 May 00:01:49 601 - Element is displayed:: [[ChromeDriver: chrome on WINDOWS (2cf28825ea7a8a419a5b05b8e5d35d84)] -> xpath: //a[contains(text(),'Back to Courses')]]</small> </font> </div>
<div class="test-event"> <font color="maroon"> <small> &emsp; &emsp;--- 05 May 00:01:56 648 - Catched spinner load exception due to javascript error: {"status":32,"value":"An invalid or illegal selector was specified"}
  (Session info: chrome=124.0.6367.92)
Build info: version: '4.6.0', revision: '79f1c02ae20'
System info: os.name: 'Windows 10', os.arch: 'amd64', os.version: '10.0', java.version: '17.0.7'
Driver info: org.openqa.selenium.chrome.ChromeDriver
Command: [2cf28825ea7a8a419a5b05b8e5d35d84, findElement {using=css selector, value=div[class='slds-spinner slds-spinner_brand slds-spinner_small']>div:nth-child(2)r}]
Capabilities {acceptInsecureCerts: false, browserName: chrome, browserVersion: 124.0.6367.92, chrome: {chromedriverVersion: 124.0.6367.91 (51df0e5e17a8..., userDataDir: C:\Users\PRATHA~1.KUM\AppDa...}, fedcm:accounts: true, goog:chromeOptions: {debuggerAddress: localhost:49451}, networkConnectionEnabled: false, pageLoadStrategy: normal, platformName: WINDOWS, proxy: Proxy(), se:cdp: ws://localhost:49451/devtoo..., se:cdpVersion: 124.0.6367.92, setWindowRect: true, strictFileInteractability: false, timeouts: {implicit: 0, pageLoad: 300000, script: 30000}, unhandledPromptBehavior: dismiss and notify, webauthn:extension:credBlob: true, webauthn:extension:largeBlob: true, webauthn:extension:minPinLength: true, webauthn:extension:prf: true, webauthn:virtualAuthenticators: true}
Session ID: 2cf28825ea7a8a419a5b05b8e5d35d84</small> </font> </div>
<div class="test-event"> <font color="maroon"> <small> &emsp; &emsp;--- 05 May 00:01:56 648 - <b>0</b> - Spinner Load Wait: (Sync) - ICar.support.WaitUtils.waitForSpinner(WaitUtils.java:225)</small> </font> </div>
<div class="test-message">&emsp;Back To Courses is displayed in the page </div>
<div class="test-message">&emsp;Successfully verified Back To Course Link&emsp;<a href=".\ScreenShot\URL_TC001_2721254283805000.png" target="_blank" >[ScreenShot]</a></div>
<div class="test-event"> <font color="maroon"> <small> &emsp; &emsp;--- 05 May 00:01:56 934 - Catched spinner load exception due to javascript error: {"status":32,"value":"An invalid or illegal selector was specified"}
  (Session info: chrome=124.0.6367.92)
Build info: version: '4.6.0', revision: '79f1c02ae20'
System info: os.name: 'Windows 10', os.arch: 'amd64', os.version: '10.0', java.version: '17.0.7'
Driver info: org.openqa.selenium.chrome.ChromeDriver
Command: [2cf28825ea7a8a419a5b05b8e5d35d84, findElement {using=css selector, value=div[class='slds-spinner slds-spinner_brand slds-spinner_small']>div:nth-child(2)r}]
Capabilities {acceptInsecureCerts: false, browserName: chrome, browserVersion: 124.0.6367.92, chrome: {chromedriverVersion: 124.0.6367.91 (51df0e5e17a8..., userDataDir: C:\Users\PRATHA~1.KUM\AppDa...}, fedcm:accounts: true, goog:chromeOptions: {debuggerAddress: localhost:49451}, networkConnectionEnabled: false, pageLoadStrategy: normal, platformName: WINDOWS, proxy: Proxy(), se:cdp: ws://localhost:49451/devtoo..., se:cdpVersion: 124.0.6367.92, setWindowRect: true, strictFileInteractability: false, timeouts: {implicit: 0, pageLoad: 300000, script: 30000}, unhandledPromptBehavior: dismiss and notify, webauthn:extension:credBlob: true, webauthn:extension:largeBlob: true, webauthn:extension:minPinLength: true, webauthn:extension:prf: true, webauthn:virtualAuthenticators: true}
Session ID: 2cf28825ea7a8a419a5b05b8e5d35d84</small> </font> </div>
<div class="test-event"> <font color="maroon"> <small> &emsp; &emsp;--- 05 May 00:01:56 934 - <b>0</b> - Spinner Load Wait: (Sync) - ICar.support.WaitUtils.waitForSpinner(WaitUtils.java:225)</small> </font> </div>
<div class="test-event"> <font color="maroon"> <small> &emsp; &emsp;--- 05 May 00:01:56 994 - Page URL:: https://www.i-car.com/product/masking-machines</small> </font> </div>
<div class="test-event"> <font color="maroon"> <small> &emsp; &emsp;--- 05 May 00:01:56 994 - <b>0</b> - Page Load Wait: (Sync) - ICar.support.Utils.waitForPageLoad(Utils.java:109)</small> </font> </div>
<div class="test-event"> <font color="maroon"> <small> &emsp; &emsp;--- 05 May 00:02:07 036 - Element is displayed:: [[ChromeDriver: chrome on WINDOWS (2cf28825ea7a8a419a5b05b8e5d35d84)] -> xpath: //div[@class='productDetails slds-p-bottom_large']//div[contains(@class,'slds-p-bottom_medium')]]</small> </font> </div>
<div class="test-message">&emsp;Course Name : MaskingMachines is displayed in the URL page</div>
<div class="test-message">&emsp;Successfully verified the course name for relevant link&emsp;<a href=".\ScreenShot\URL_TC001_2721272679978600.png" target="_blank" >[ScreenShot]</a></div>
<div class="test-message">&emsp;
</div>
<div class="test-message">&emsp;112. URL is : https://www.i-car.com/product/fca-witech-ecu-flashing</div>
<div class="test-event"> <font color="maroon"> <small> &emsp; &emsp;--- 05 May 00:02:16 266 - Page URL:: https://www.i-car.com/product/fca-witech-ecu-flashing</small> </font> </div>
<div class="test-event"> <font color="maroon"> <small> &emsp; &emsp;--- 05 May 00:02:16 266 - <b>0</b> - Page Load Wait: (Sync) - ICar.support.Utils.waitForPageLoad(Utils.java:109)</small> </font> </div>
<div class="test-message">&emsp;Successfully navigated to the :  https://www.i-car.com/product/fca-witech-ecu-flashing   Page&emsp;<a href=".\ScreenShot\URL_TC001_2721273882744400.png" target="_blank" >[ScreenShot]</a></div>
<div class="test-event"> <font color="maroon"> <small> &emsp; &emsp;--- 05 May 00:02:16 537 - Page URL:: https://www.i-car.com/product/fca-witech-ecu-flashing</small> </font> </div>
<div class="test-event"> <font color="maroon"> <small> &emsp; &emsp;--- 05 May 00:02:16 537 - <b>0</b> - Page Load Wait: (Sync) - ICar.support.Utils.waitForPageLoad(Utils.java:109)</small> </font> </div>
<div class="test-event"> <font color="maroon"> <small> &emsp; &emsp;--- 05 May 00:02:16 546 - Catched spinner load exception due to javascript error: {"status":32,"value":"An invalid or illegal selector was specified"}
  (Session info: chrome=124.0.6367.92)
Build info: version: '4.6.0', revision: '79f1c02ae20'
System info: os.name: 'Windows 10', os.arch: 'amd64', os.version: '10.0', java.version: '17.0.7'
Driver info: org.openqa.selenium.chrome.ChromeDriver
Command: [2cf28825ea7a8a419a5b05b8e5d35d84, findElement {using=css selector, value=div[class='slds-spinner slds-spinner_brand slds-spinner_small']>div:nth-child(2)r}]
Capabilities {acceptInsecureCerts: false, browserName: chrome, browserVersion: 124.0.6367.92, chrome: {chromedriverVersion: 124.0.6367.91 (51df0e5e17a8..., userDataDir: C:\Users\PRATHA~1.KUM\AppDa...}, fedcm:accounts: true, goog:chromeOptions: {debuggerAddress: localhost:49451}, networkConnectionEnabled: false, pageLoadStrategy: normal, platformName: WINDOWS, proxy: Proxy(), se:cdp: ws://localhost:49451/devtoo..., se:cdpVersion: 124.0.6367.92, setWindowRect: true, strictFileInteractability: false, timeouts: {implicit: 0, pageLoad: 300000, script: 30000}, unhandledPromptBehavior: dismiss and notify, webauthn:extension:credBlob: true, webauthn:extension:largeBlob: true, webauthn:extension:minPinLength: true, webauthn:extension:prf: true, webauthn:virtualAuthenticators: true}
Session ID: 2cf28825ea7a8a419a5b05b8e5d35d84</small> </font> </div>
<div class="test-event"> <font color="maroon"> <small> &emsp; &emsp;--- 05 May 00:02:16 546 - <b>0</b> - Spinner Load Wait: (Sync) - ICar.support.WaitUtils.waitForSpinner(WaitUtils.java:225)</small> </font> </div>
<div class="test-event"> <font color="maroon"> <small> &emsp; &emsp;--- 05 May 00:02:26 632 - Page URL:: https://www.i-car.com/product/fca-witech-ecu-flashing</small> </font> </div>
<div class="test-event"> <font color="maroon"> <small> &emsp; &emsp;--- 05 May 00:02:26 632 - <b>0</b> - Page Load Wait: (Sync) - ICar.support.Utils.waitForPageLoad(Utils.java:109)</small> </font> </div>
<div class="test-event"> <font color="maroon"> <small> &emsp; &emsp;--- 05 May 00:02:26 652 - Element is displayed:: [[ChromeDriver: chrome on WINDOWS (2cf28825ea7a8a419a5b05b8e5d35d84)] -> xpath: //a[contains(text(),'Back to Courses')]]</small> </font> </div>
<div class="test-event"> <font color="maroon"> <small> &emsp; &emsp;--- 05 May 00:02:33 679 - Catched spinner load exception due to javascript error: {"status":32,"value":"An invalid or illegal selector was specified"}
  (Session info: chrome=124.0.6367.92)
Build info: version: '4.6.0', revision: '79f1c02ae20'
System info: os.name: 'Windows 10', os.arch: 'amd64', os.version: '10.0', java.version: '17.0.7'
Driver info: org.openqa.selenium.chrome.ChromeDriver
Command: [2cf28825ea7a8a419a5b05b8e5d35d84, findElement {using=css selector, value=div[class='slds-spinner slds-spinner_brand slds-spinner_small']>div:nth-child(2)r}]
Capabilities {acceptInsecureCerts: false, browserName: chrome, browserVersion: 124.0.6367.92, chrome: {chromedriverVersion: 124.0.6367.91 (51df0e5e17a8..., userDataDir: C:\Users\PRATHA~1.KUM\AppDa...}, fedcm:accounts: true, goog:chromeOptions: {debuggerAddress: localhost:49451}, networkConnectionEnabled: false, pageLoadStrategy: normal, platformName: WINDOWS, proxy: Proxy(), se:cdp: ws://localhost:49451/devtoo..., se:cdpVersion: 124.0.6367.92, setWindowRect: true, strictFileInteractability: false, timeouts: {implicit: 0, pageLoad: 300000, script: 30000}, unhandledPromptBehavior: dismiss and notify, webauthn:extension:credBlob: true, webauthn:extension:largeBlob: true, webauthn:extension:minPinLength: true, webauthn:extension:prf: true, webauthn:virtualAuthenticators: true}
Session ID: 2cf28825ea7a8a419a5b05b8e5d35d84</small> </font> </div>
<div class="test-event"> <font color="maroon"> <small> &emsp; &emsp;--- 05 May 00:02:33 679 - <b>0</b> - Spinner Load Wait: (Sync) - ICar.support.WaitUtils.waitForSpinner(WaitUtils.java:225)</small> </font> </div>
<div class="test-message">&emsp;Back To Courses is displayed in the page </div>
<div class="test-message">&emsp;Successfully verified Back To Course Link&emsp;<a href=".\ScreenShot\URL_TC001_2721291306055900.png" target="_blank" >[ScreenShot]</a></div>
<div class="test-event"> <font color="maroon"> <small> &emsp; &emsp;--- 05 May 00:02:34 118 - Catched spinner load exception due to javascript error: {"status":32,"value":"An invalid or illegal selector was specified"}
  (Session info: chrome=124.0.6367.92)
Build info: version: '4.6.0', revision: '79f1c02ae20'
System info: os.name: 'Windows 10', os.arch: 'amd64', os.version: '10.0', java.version: '17.0.7'
Driver info: org.openqa.selenium.chrome.ChromeDriver
Command: [2cf28825ea7a8a419a5b05b8e5d35d84, findElement {using=css selector, value=div[class='slds-spinner slds-spinner_brand slds-spinner_small']>div:nth-child(2)r}]
Capabilities {acceptInsecureCerts: false, browserName: chrome, browserVersion: 124.0.6367.92, chrome: {chromedriverVersion: 124.0.6367.91 (51df0e5e17a8..., userDataDir: C:\Users\PRATHA~1.KUM\AppDa...}, fedcm:accounts: true, goog:chromeOptions: {debuggerAddress: localhost:49451}, networkConnectionEnabled: false, pageLoadStrategy: normal, platformName: WINDOWS, proxy: Proxy(), se:cdp: ws://localhost:49451/devtoo..., se:cdpVersion: 124.0.6367.92, setWindowRect: true, strictFileInteractability: false, timeouts: {implicit: 0, pageLoad: 300000, script: 30000}, unhandledPromptBehavior: dismiss and notify, webauthn:extension:credBlob: true, webauthn:extension:largeBlob: true, webauthn:extension:minPinLength: true, webauthn:extension:prf: true, webauthn:virtualAuthenticators: true}
Session ID: 2cf28825ea7a8a419a5b05b8e5d35d84</small> </font> </div>
<div class="test-event"> <font color="maroon"> <small> &emsp; &emsp;--- 05 May 00:02:34 118 - <b>0</b> - Spinner Load Wait: (Sync) - ICar.support.WaitUtils.waitForSpinner(WaitUtils.java:225)</small> </font> </div>
<div class="test-event"> <font color="maroon"> <small> &emsp; &emsp;--- 05 May 00:02:34 178 - Page URL:: https://www.i-car.com/product/fca-witech-ecu-flashing</small> </font> </div>
<div class="test-event"> <font color="maroon"> <small> &emsp; &emsp;--- 05 May 00:02:34 178 - <b>0</b> - Page Load Wait: (Sync) - ICar.support.Utils.waitForPageLoad(Utils.java:109)</small> </font> </div>
<div class="test-event"> <font color="maroon"> <small> &emsp; &emsp;--- 05 May 00:02:44 221 - Element is displayed:: [[ChromeDriver: chrome on WINDOWS (2cf28825ea7a8a419a5b05b8e5d35d84)] -> xpath: //div[@class='productDetails slds-p-bottom_large']//div[contains(@class,'slds-p-bottom_medium')]]</small> </font> </div>
<div class="test-message">&emsp;Course Name : FCAwiTECHECUFlashing is displayed in the URL page</div>
<div class="test-message">&emsp;Successfully verified the course name for relevant link&emsp;<a href=".\ScreenShot\URL_TC001_2721309861089300.png" target="_blank" >[ScreenShot]</a></div>
<div class="test-message">&emsp;
</div>
<div class="test-message">&emsp;113. URL is : https://www.i-car.com/product/fullframeunitized-structure-pulling-strategy-and-planning</div>
<div class="test-event"> <font color="maroon"> <small> &emsp; &emsp;--- 05 May 00:02:53 633 - Page URL:: https://www.i-car.com/product/fullframeunitized-structure-pulling-strategy-and-planning</small> </font> </div>
<div class="test-event"> <font color="maroon"> <small> &emsp; &emsp;--- 05 May 00:02:53 633 - <b>0</b> - Page Load Wait: (Sync) - ICar.support.Utils.waitForPageLoad(Utils.java:109)</small> </font> </div>
<div class="test-message">&emsp;Successfully navigated to the :  https://www.i-car.com/product/fullframeunitized-structure-pulling-strategy-and-planning   Page&emsp;<a href=".\ScreenShot\URL_TC001_2721311249798100.png" target="_blank" >[ScreenShot]</a></div>
<div class="test-event"> <font color="maroon"> <small> &emsp; &emsp;--- 05 May 00:02:53 899 - Page URL:: https://www.i-car.com/product/fullframeunitized-structure-pulling-strategy-and-planning</small> </font> </div>
<div class="test-event"> <font color="maroon"> <small> &emsp; &emsp;--- 05 May 00:02:53 899 - <b>0</b> - Page Load Wait: (Sync) - ICar.support.Utils.waitForPageLoad(Utils.java:109)</small> </font> </div>
<div class="test-event"> <font color="maroon"> <small> &emsp; &emsp;--- 05 May 00:02:53 910 - Catched spinner load exception due to javascript error: {"status":32,"value":"An invalid or illegal selector was specified"}
  (Session info: chrome=124.0.6367.92)
Build info: version: '4.6.0', revision: '79f1c02ae20'
System info: os.name: 'Windows 10', os.arch: 'amd64', os.version: '10.0', java.version: '17.0.7'
Driver info: org.openqa.selenium.chrome.ChromeDriver
Command: [2cf28825ea7a8a419a5b05b8e5d35d84, findElement {using=css selector, value=div[class='slds-spinner slds-spinner_brand slds-spinner_small']>div:nth-child(2)r}]
Capabilities {acceptInsecureCerts: false, browserName: chrome, browserVersion: 124.0.6367.92, chrome: {chromedriverVersion: 124.0.6367.91 (51df0e5e17a8..., userDataDir: C:\Users\PRATHA~1.KUM\AppDa...}, fedcm:accounts: true, goog:chromeOptions: {debuggerAddress: localhost:49451}, networkConnectionEnabled: false, pageLoadStrategy: normal, platformName: WINDOWS, proxy: Proxy(), se:cdp: ws://localhost:49451/devtoo..., se:cdpVersion: 124.0.6367.92, setWindowRect: true, strictFileInteractability: false, timeouts: {implicit: 0, pageLoad: 300000, script: 30000}, unhandledPromptBehavior: dismiss and notify, webauthn:extension:credBlob: true, webauthn:extension:largeBlob: true, webauthn:extension:minPinLength: true, webauthn:extension:prf: true, webauthn:virtualAuthenticators: true}
Session ID: 2cf28825ea7a8a419a5b05b8e5d35d84</small> </font> </div>
<div class="test-event"> <font color="maroon"> <small> &emsp; &emsp;--- 05 May 00:02:53 910 - <b>0</b> - Spinner Load Wait: (Sync) - ICar.support.WaitUtils.waitForSpinner(WaitUtils.java:225)</small> </font> </div>
<div class="test-message">&emsp;Error while verifying the URL page  : no such element: Unable to locate element: {"method":"xpath","selector":"//a[contains(text(),'Back to Courses')]"}
  (Session info: chrome=124.0.6367.92)
For documentation on this error, please visit: https://selenium.dev/exceptions/#no_such_element
Build info: version: '4.6.0', revision: '79f1c02ae20'
System info: os.name: 'Windows 10', os.arch: 'amd64', os.version: '10.0', java.version: '17.0.7'
Driver info: org.openqa.selenium.chrome.ChromeDriver
Command: [2cf28825ea7a8a419a5b05b8e5d35d84, findElement {using=xpath, value=//a[contains(text(),'Back to Courses')]}]
Capabilities {acceptInsecureCerts: false, browserName: chrome, browserVersion: 124.0.6367.92, chrome: {chromedriverVersion: 124.0.6367.91 (51df0e5e17a8..., userDataDir: C:\Users\PRATHA~1.KUM\AppDa...}, fedcm:accounts: true, goog:chromeOptions: {debuggerAddress: localhost:49451}, networkConnectionEnabled: false, pageLoadStrategy: normal, platformName: WINDOWS, proxy: Proxy(), se:cdp: ws://localhost:49451/devtoo..., se:cdpVersion: 124.0.6367.92, setWindowRect: true, strictFileInteractability: false, timeouts: {implicit: 0, pageLoad: 300000, script: 30000}, unhandledPromptBehavior: dismiss and notify, webauthn:extension:credBlob: true, webauthn:extension:largeBlob: true, webauthn:extension:minPinLength: true, webauthn:extension:prf: true, webauthn:virtualAuthenticators: true}
Session ID: 2cf28825ea7a8a419a5b05b8e5d35d84</div>
<div class="test-result"><font color="red">&emsp;Failed to verify Back To Course Link</font><a href=".\ScreenShot\URL_TC001_2721321564136600.png" target="_blank" >[ScreenShot]</a></div>
<!--FAILSOFT-->
<div class="test-event"> <font color="maroon"> <small> &emsp; &emsp;--- 05 May 00:03:04 160 - Catched spinner load exception due to javascript error: {"status":32,"value":"An invalid or illegal selector was specified"}
  (Session info: chrome=124.0.6367.92)
Build info: version: '4.6.0', revision: '79f1c02ae20'
System info: os.name: 'Windows 10', os.arch: 'amd64', os.version: '10.0', java.version: '17.0.7'
Driver info: org.openqa.selenium.chrome.ChromeDriver
Command: [2cf28825ea7a8a419a5b05b8e5d35d84, findElement {using=css selector, value=div[class='slds-spinner slds-spinner_brand slds-spinner_small']>div:nth-child(2)r}]
Capabilities {acceptInsecureCerts: false, browserName: chrome, browserVersion: 124.0.6367.92, chrome: {chromedriverVersion: 124.0.6367.91 (51df0e5e17a8..., userDataDir: C:\Users\PRATHA~1.KUM\AppDa...}, fedcm:accounts: true, goog:chromeOptions: {debuggerAddress: localhost:49451}, networkConnectionEnabled: false, pageLoadStrategy: normal, platformName: WINDOWS, proxy: Proxy(), se:cdp: ws://localhost:49451/devtoo..., se:cdpVersion: 124.0.6367.92, setWindowRect: true, strictFileInteractability: false, timeouts: {implicit: 0, pageLoad: 300000, script: 30000}, unhandledPromptBehavior: dismiss and notify, webauthn:extension:credBlob: true, webauthn:extension:largeBlob: true, webauthn:extension:minPinLength: true, webauthn:extension:prf: true, webauthn:virtualAuthenticators: true}
Session ID: 2cf28825ea7a8a419a5b05b8e5d35d84</small> </font> </div>
<div class="test-event"> <font color="maroon"> <small> &emsp; &emsp;--- 05 May 00:03:04 160 - <b>0</b> - Spinner Load Wait: (Sync) - ICar.support.WaitUtils.waitForSpinner(WaitUtils.java:225)</small> </font> </div>
<div class="test-event"> <font color="maroon"> <small> &emsp; &emsp;--- 05 May 00:03:04 218 - Page URL:: https://www.i-car.com/product/fullframeunitized-structure-pulling-strategy-and-planning</small> </font> </div>
<div class="test-event"> <font color="maroon"> <small> &emsp; &emsp;--- 05 May 00:03:04 218 - <b>0</b> - Page Load Wait: (Sync) - ICar.support.Utils.waitForPageLoad(Utils.java:109)</small> </font> </div>
<div class="test-event"> <font color="maroon"> <small> &emsp; &emsp;--- 05 May 00:04:42 540 - Unable to find an element after 20 sec ==> Proxy element for: AjaxElementLocator 'By.xpath: //div[@class='productDetails slds-p-bottom_large']//div[contains(@class,'slds-p-bottom_medium')]'</small> </font> </div>
<div class="test-message">&emsp;Course Name : null is not displayed in the URL page</div>
<div class="test-message">&emsp;Error while verifying the 'Course Name' in the URL page : Timed out after 3 seconds. Unable to locate the element</div>
<div class="test-result"><font color="red">&emsp;Failed to verify the course name for relevant link</font><a href=".\ScreenShot\URL_TC001_2721423403524800.png" target="_blank" >[ScreenShot]</a></div>
<!--FAILSOFT-->
<div class="test-message">&emsp;
</div>
<div class="test-message">&emsp;114. URL is : https://www.i-car.com/product/fca-witech-scan-tool-fundamentals</div>
<div class="test-event"> <font color="maroon"> <small> &emsp; &emsp;--- 05 May 00:04:46 951 - Page URL:: https://www.i-car.com/product/fca-witech-scan-tool-fundamentals</small> </font> </div>
<div class="test-event"> <font color="maroon"> <small> &emsp; &emsp;--- 05 May 00:04:46 951 - <b>0</b> - Page Load Wait: (Sync) - ICar.support.Utils.waitForPageLoad(Utils.java:109)</small> </font> </div>
<div class="test-message">&emsp;Successfully navigated to the :  https://www.i-car.com/product/fca-witech-scan-tool-fundamentals   Page&emsp;<a href=".\ScreenShot\URL_TC001_2721424567829000.png" target="_blank" >[ScreenShot]</a></div>
<div class="test-event"> <font color="maroon"> <small> &emsp; &emsp;--- 05 May 00:04:47 258 - Page URL:: https://www.i-car.com/product/fca-witech-scan-tool-fundamentals</small> </font> </div>
<div class="test-event"> <font color="maroon"> <small> &emsp; &emsp;--- 05 May 00:04:47 258 - <b>0</b> - Page Load Wait: (Sync) - ICar.support.Utils.waitForPageLoad(Utils.java:109)</small> </font> </div>
<div class="test-event"> <font color="maroon"> <small> &emsp; &emsp;--- 05 May 00:04:47 267 - Catched spinner load exception due to javascript error: {"status":32,"value":"An invalid or illegal selector was specified"}
  (Session info: chrome=124.0.6367.92)
Build info: version: '4.6.0', revision: '79f1c02ae20'
System info: os.name: 'Windows 10', os.arch: 'amd64', os.version: '10.0', java.version: '17.0.7'
Driver info: org.openqa.selenium.chrome.ChromeDriver
Command: [2cf28825ea7a8a419a5b05b8e5d35d84, findElement {using=css selector, value=div[class='slds-spinner slds-spinner_brand slds-spinner_small']>div:nth-child(2)r}]
Capabilities {acceptInsecureCerts: false, browserName: chrome, browserVersion: 124.0.6367.92, chrome: {chromedriverVersion: 124.0.6367.91 (51df0e5e17a8..., userDataDir: C:\Users\PRATHA~1.KUM\AppDa...}, fedcm:accounts: true, goog:chromeOptions: {debuggerAddress: localhost:49451}, networkConnectionEnabled: false, pageLoadStrategy: normal, platformName: WINDOWS, proxy: Proxy(), se:cdp: ws://localhost:49451/devtoo..., se:cdpVersion: 124.0.6367.92, setWindowRect: true, strictFileInteractability: false, timeouts: {implicit: 0, pageLoad: 300000, script: 30000}, unhandledPromptBehavior: dismiss and notify, webauthn:extension:credBlob: true, webauthn:extension:largeBlob: true, webauthn:extension:minPinLength: true, webauthn:extension:prf: true, webauthn:virtualAuthenticators: true}
Session ID: 2cf28825ea7a8a419a5b05b8e5d35d84</small> </font> </div>
<div class="test-event"> <font color="maroon"> <small> &emsp; &emsp;--- 05 May 00:04:47 267 - <b>0</b> - Spinner Load Wait: (Sync) - ICar.support.WaitUtils.waitForSpinner(WaitUtils.java:225)</small> </font> </div>
<div class="test-event"> <font color="maroon"> <small> &emsp; &emsp;--- 05 May 00:04:57 362 - Page URL:: https://www.i-car.com/product/fca-witech-scan-tool-fundamentals</small> </font> </div>
<div class="test-event"> <font color="maroon"> <small> &emsp; &emsp;--- 05 May 00:04:57 362 - <b>0</b> - Page Load Wait: (Sync) - ICar.support.Utils.waitForPageLoad(Utils.java:109)</small> </font> </div>
<div class="test-event"> <font color="maroon"> <small> &emsp; &emsp;--- 05 May 00:04:57 386 - Element is displayed:: [[ChromeDriver: chrome on WINDOWS (2cf28825ea7a8a419a5b05b8e5d35d84)] -> xpath: //a[contains(text(),'Back to Courses')]]</small> </font> </div>
<div class="test-event"> <font color="maroon"> <small> &emsp; &emsp;--- 05 May 00:05:04 414 - Catched spinner load exception due to javascript error: {"status":32,"value":"An invalid or illegal selector was specified"}
  (Session info: chrome=124.0.6367.92)
Build info: version: '4.6.0', revision: '79f1c02ae20'
System info: os.name: 'Windows 10', os.arch: 'amd64', os.version: '10.0', java.version: '17.0.7'
Driver info: org.openqa.selenium.chrome.ChromeDriver
Command: [2cf28825ea7a8a419a5b05b8e5d35d84, findElement {using=css selector, value=div[class='slds-spinner slds-spinner_brand slds-spinner_small']>div:nth-child(2)r}]
Capabilities {acceptInsecureCerts: false, browserName: chrome, browserVersion: 124.0.6367.92, chrome: {chromedriverVersion: 124.0.6367.91 (51df0e5e17a8..., userDataDir: C:\Users\PRATHA~1.KUM\AppDa...}, fedcm:accounts: true, goog:chromeOptions: {debuggerAddress: localhost:49451}, networkConnectionEnabled: false, pageLoadStrategy: normal, platformName: WINDOWS, proxy: Proxy(), se:cdp: ws://localhost:49451/devtoo..., se:cdpVersion: 124.0.6367.92, setWindowRect: true, strictFileInteractability: false, timeouts: {implicit: 0, pageLoad: 300000, script: 30000}, unhandledPromptBehavior: dismiss and notify, webauthn:extension:credBlob: true, webauthn:extension:largeBlob: true, webauthn:extension:minPinLength: true, webauthn:extension:prf: true, webauthn:virtualAuthenticators: true}
Session ID: 2cf28825ea7a8a419a5b05b8e5d35d84</small> </font> </div>
<div class="test-event"> <font color="maroon"> <small> &emsp; &emsp;--- 05 May 00:05:04 414 - <b>0</b> - Spinner Load Wait: (Sync) - ICar.support.WaitUtils.waitForSpinner(WaitUtils.java:225)</small> </font> </div>
<div class="test-message">&emsp;Back To Courses is displayed in the page </div>
<div class="test-message">&emsp;Successfully verified Back To Course Link&emsp;<a href=".\ScreenShot\URL_TC001_2721442045725100.png" target="_blank" >[ScreenShot]</a></div>
<div class="test-event"> <font color="maroon"> <small> &emsp; &emsp;--- 05 May 00:05:04 649 - Catched spinner load exception due to javascript error: {"status":32,"value":"An invalid or illegal selector was specified"}
  (Session info: chrome=124.0.6367.92)
Build info: version: '4.6.0', revision: '79f1c02ae20'
System info: os.name: 'Windows 10', os.arch: 'amd64', os.version: '10.0', java.version: '17.0.7'
Driver info: org.openqa.selenium.chrome.ChromeDriver
Command: [2cf28825ea7a8a419a5b05b8e5d35d84, findElement {using=css selector, value=div[class='slds-spinner slds-spinner_brand slds-spinner_small']>div:nth-child(2)r}]
Capabilities {acceptInsecureCerts: false, browserName: chrome, browserVersion: 124.0.6367.92, chrome: {chromedriverVersion: 124.0.6367.91 (51df0e5e17a8..., userDataDir: C:\Users\PRATHA~1.KUM\AppDa...}, fedcm:accounts: true, goog:chromeOptions: {debuggerAddress: localhost:49451}, networkConnectionEnabled: false, pageLoadStrategy: normal, platformName: WINDOWS, proxy: Proxy(), se:cdp: ws://localhost:49451/devtoo..., se:cdpVersion: 124.0.6367.92, setWindowRect: true, strictFileInteractability: false, timeouts: {implicit: 0, pageLoad: 300000, script: 30000}, unhandledPromptBehavior: dismiss and notify, webauthn:extension:credBlob: true, webauthn:extension:largeBlob: true, webauthn:extension:minPinLength: true, webauthn:extension:prf: true, webauthn:virtualAuthenticators: true}
Session ID: 2cf28825ea7a8a419a5b05b8e5d35d84</small> </font> </div>
<div class="test-event"> <font color="maroon"> <small> &emsp; &emsp;--- 05 May 00:05:04 649 - <b>0</b> - Spinner Load Wait: (Sync) - ICar.support.WaitUtils.waitForSpinner(WaitUtils.java:225)</small> </font> </div>
<div class="test-event"> <font color="maroon"> <small> &emsp; &emsp;--- 05 May 00:05:04 709 - Page URL:: https://www.i-car.com/product/fca-witech-scan-tool-fundamentals</small> </font> </div>
<div class="test-event"> <font color="maroon"> <small> &emsp; &emsp;--- 05 May 00:05:04 709 - <b>0</b> - Page Load Wait: (Sync) - ICar.support.Utils.waitForPageLoad(Utils.java:109)</small> </font> </div>
<div class="test-event"> <font color="maroon"> <small> &emsp; &emsp;--- 05 May 00:05:14 778 - Element is displayed:: [[ChromeDriver: chrome on WINDOWS (2cf28825ea7a8a419a5b05b8e5d35d84)] -> xpath: //div[@class='productDetails slds-p-bottom_large']//div[contains(@class,'slds-p-bottom_medium')]]</small> </font> </div>
<div class="test-message">&emsp;Course Name : FCAwiTECHScanToolFundamentals is displayed in the URL page</div>
<div class="test-message">&emsp;Successfully verified the course name for relevant link&emsp;<a href=".\ScreenShot\URL_TC001_2721460416557500.png" target="_blank" >[ScreenShot]</a></div>
<div class="test-message">&emsp;
</div>
<div class="test-message">&emsp;115. URL is : https://www.i-car.com/product/hybrid-vehicle-identification-and-damage-analysis</div>
<div class="test-event"> <font color="maroon"> <small> &emsp; &emsp;--- 05 May 00:05:23 930 - Page URL:: https://www.i-car.com/product/hybrid-vehicle-identification-and-damage-analysis</small> </font> </div>
<div class="test-event"> <font color="maroon"> <small> &emsp; &emsp;--- 05 May 00:05:23 930 - <b>0</b> - Page Load Wait: (Sync) - ICar.support.Utils.waitForPageLoad(Utils.java:109)</small> </font> </div>
<div class="test-message">&emsp;Successfully navigated to the :  https://www.i-car.com/product/hybrid-vehicle-identification-and-damage-analysis   Page&emsp;<a href=".\ScreenShot\URL_TC001_2721461546005300.png" target="_blank" >[ScreenShot]</a></div>
<div class="test-event"> <font color="maroon"> <small> &emsp; &emsp;--- 05 May 00:05:24 237 - Page URL:: https://www.i-car.com/product/hybrid-vehicle-identification-and-damage-analysis</small> </font> </div>
<div class="test-event"> <font color="maroon"> <small> &emsp; &emsp;--- 05 May 00:05:24 237 - <b>0</b> - Page Load Wait: (Sync) - ICar.support.Utils.waitForPageLoad(Utils.java:109)</small> </font> </div>
<div class="test-event"> <font color="maroon"> <small> &emsp; &emsp;--- 05 May 00:05:24 245 - Catched spinner load exception due to javascript error: {"status":32,"value":"An invalid or illegal selector was specified"}
  (Session info: chrome=124.0.6367.92)
Build info: version: '4.6.0', revision: '79f1c02ae20'
System info: os.name: 'Windows 10', os.arch: 'amd64', os.version: '10.0', java.version: '17.0.7'
Driver info: org.openqa.selenium.chrome.ChromeDriver
Command: [2cf28825ea7a8a419a5b05b8e5d35d84, findElement {using=css selector, value=div[class='slds-spinner slds-spinner_brand slds-spinner_small']>div:nth-child(2)r}]
Capabilities {acceptInsecureCerts: false, browserName: chrome, browserVersion: 124.0.6367.92, chrome: {chromedriverVersion: 124.0.6367.91 (51df0e5e17a8..., userDataDir: C:\Users\PRATHA~1.KUM\AppDa...}, fedcm:accounts: true, goog:chromeOptions: {debuggerAddress: localhost:49451}, networkConnectionEnabled: false, pageLoadStrategy: normal, platformName: WINDOWS, proxy: Proxy(), se:cdp: ws://localhost:49451/devtoo..., se:cdpVersion: 124.0.6367.92, setWindowRect: true, strictFileInteractability: false, timeouts: {implicit: 0, pageLoad: 300000, script: 30000}, unhandledPromptBehavior: dismiss and notify, webauthn:extension:credBlob: true, webauthn:extension:largeBlob: true, webauthn:extension:minPinLength: true, webauthn:extension:prf: true, webauthn:virtualAuthenticators: true}
Session ID: 2cf28825ea7a8a419a5b05b8e5d35d84</small> </font> </div>
<div class="test-event"> <font color="maroon"> <small> &emsp; &emsp;--- 05 May 00:05:24 245 - <b>0</b> - Spinner Load Wait: (Sync) - ICar.support.WaitUtils.waitForSpinner(WaitUtils.java:225)</small> </font> </div>
<div class="test-event"> <font color="maroon"> <small> &emsp; &emsp;--- 05 May 00:05:34 330 - Page URL:: https://www.i-car.com/product/hybrid-vehicle-identification-and-damage-analysis</small> </font> </div>
<div class="test-event"> <font color="maroon"> <small> &emsp; &emsp;--- 05 May 00:05:34 330 - <b>0</b> - Page Load Wait: (Sync) - ICar.support.Utils.waitForPageLoad(Utils.java:109)</small> </font> </div>
<div class="test-event"> <font color="maroon"> <small> &emsp; &emsp;--- 05 May 00:05:34 347 - Element is displayed:: [[ChromeDriver: chrome on WINDOWS (2cf28825ea7a8a419a5b05b8e5d35d84)] -> xpath: //a[contains(text(),'Back to Courses')]]</small> </font> </div>
<div class="test-event"> <font color="maroon"> <small> &emsp; &emsp;--- 05 May 00:05:41 379 - Catched spinner load exception due to javascript error: {"status":32,"value":"An invalid or illegal selector was specified"}
  (Session info: chrome=124.0.6367.92)
Build info: version: '4.6.0', revision: '79f1c02ae20'
System info: os.name: 'Windows 10', os.arch: 'amd64', os.version: '10.0', java.version: '17.0.7'
Driver info: org.openqa.selenium.chrome.ChromeDriver
Command: [2cf28825ea7a8a419a5b05b8e5d35d84, findElement {using=css selector, value=div[class='slds-spinner slds-spinner_brand slds-spinner_small']>div:nth-child(2)r}]
Capabilities {acceptInsecureCerts: false, browserName: chrome, browserVersion: 124.0.6367.92, chrome: {chromedriverVersion: 124.0.6367.91 (51df0e5e17a8..., userDataDir: C:\Users\PRATHA~1.KUM\AppDa...}, fedcm:accounts: true, goog:chromeOptions: {debuggerAddress: localhost:49451}, networkConnectionEnabled: false, pageLoadStrategy: normal, platformName: WINDOWS, proxy: Proxy(), se:cdp: ws://localhost:49451/devtoo..., se:cdpVersion: 124.0.6367.92, setWindowRect: true, strictFileInteractability: false, timeouts: {implicit: 0, pageLoad: 300000, script: 30000}, unhandledPromptBehavior: dismiss and notify, webauthn:extension:credBlob: true, webauthn:extension:largeBlob: true, webauthn:extension:minPinLength: true, webauthn:extension:prf: true, webauthn:virtualAuthenticators: true}
Session ID: 2cf28825ea7a8a419a5b05b8e5d35d84</small> </font> </div>
<div class="test-event"> <font color="maroon"> <small> &emsp; &emsp;--- 05 May 00:05:41 379 - <b>0</b> - Spinner Load Wait: (Sync) - ICar.support.WaitUtils.waitForSpinner(WaitUtils.java:225)</small> </font> </div>
<div class="test-message">&emsp;Back To Courses is displayed in the page </div>
<div class="test-message">&emsp;Successfully verified Back To Course Link&emsp;<a href=".\ScreenShot\URL_TC001_2721479005939400.png" target="_blank" >[ScreenShot]</a></div>
<div class="test-event"> <font color="maroon"> <small> &emsp; &emsp;--- 05 May 00:05:41 627 - Catched spinner load exception due to javascript error: {"status":32,"value":"An invalid or illegal selector was specified"}
  (Session info: chrome=124.0.6367.92)
Build info: version: '4.6.0', revision: '79f1c02ae20'
System info: os.name: 'Windows 10', os.arch: 'amd64', os.version: '10.0', java.version: '17.0.7'
Driver info: org.openqa.selenium.chrome.ChromeDriver
Command: [2cf28825ea7a8a419a5b05b8e5d35d84, findElement {using=css selector, value=div[class='slds-spinner slds-spinner_brand slds-spinner_small']>div:nth-child(2)r}]
Capabilities {acceptInsecureCerts: false, browserName: chrome, browserVersion: 124.0.6367.92, chrome: {chromedriverVersion: 124.0.6367.91 (51df0e5e17a8..., userDataDir: C:\Users\PRATHA~1.KUM\AppDa...}, fedcm:accounts: true, goog:chromeOptions: {debuggerAddress: localhost:49451}, networkConnectionEnabled: false, pageLoadStrategy: normal, platformName: WINDOWS, proxy: Proxy(), se:cdp: ws://localhost:49451/devtoo..., se:cdpVersion: 124.0.6367.92, setWindowRect: true, strictFileInteractability: false, timeouts: {implicit: 0, pageLoad: 300000, script: 30000}, unhandledPromptBehavior: dismiss and notify, webauthn:extension:credBlob: true, webauthn:extension:largeBlob: true, webauthn:extension:minPinLength: true, webauthn:extension:prf: true, webauthn:virtualAuthenticators: true}
Session ID: 2cf28825ea7a8a419a5b05b8e5d35d84</small> </font> </div>
<div class="test-event"> <font color="maroon"> <small> &emsp; &emsp;--- 05 May 00:05:41 627 - <b>0</b> - Spinner Load Wait: (Sync) - ICar.support.WaitUtils.waitForSpinner(WaitUtils.java:225)</small> </font> </div>
<div class="test-event"> <font color="maroon"> <small> &emsp; &emsp;--- 05 May 00:05:41 687 - Page URL:: https://www.i-car.com/product/hybrid-vehicle-identification-and-damage-analysis</small> </font> </div>
<div class="test-event"> <font color="maroon"> <small> &emsp; &emsp;--- 05 May 00:05:41 687 - <b>0</b> - Page Load Wait: (Sync) - ICar.support.Utils.waitForPageLoad(Utils.java:109)</small> </font> </div>
<div class="test-event"> <font color="maroon"> <small> &emsp; &emsp;--- 05 May 00:05:51 748 - Element is displayed:: [[ChromeDriver: chrome on WINDOWS (2cf28825ea7a8a419a5b05b8e5d35d84)] -> xpath: //div[@class='productDetails slds-p-bottom_large']//div[contains(@class,'slds-p-bottom_medium')]]</small> </font> </div>
<div class="test-message">&emsp;Course Name : HybridVehicleIdentificationandDamageAnalysis is displayed in the URL page</div>
<div class="test-message">&emsp;Successfully verified the course name for relevant link&emsp;<a href=".\ScreenShot\URL_TC001_2721497390159500.png" target="_blank" >[ScreenShot]</a></div>
<div class="test-message">&emsp;
</div>
<div class="test-message">&emsp;116. URL is : https://www.i-car.com/product/one-and-two-part-applicators</div>
<div class="test-event"> <font color="maroon"> <small> &emsp; &emsp;--- 05 May 00:06:01 141 - Page URL:: https://www.i-car.com/product/one-and-two-part-applicators</small> </font> </div>
<div class="test-event"> <font color="maroon"> <small> &emsp; &emsp;--- 05 May 00:06:01 141 - <b>0</b> - Page Load Wait: (Sync) - ICar.support.Utils.waitForPageLoad(Utils.java:109)</small> </font> </div>
<div class="test-message">&emsp;Successfully navigated to the :  https://www.i-car.com/product/one-and-two-part-applicators   Page&emsp;<a href=".\ScreenShot\URL_TC001_2721498756586600.png" target="_blank" >[ScreenShot]</a></div>
<div class="test-event"> <font color="maroon"> <small> &emsp; &emsp;--- 05 May 00:06:01 439 - Page URL:: https://www.i-car.com/product/one-and-two-part-applicators</small> </font> </div>
<div class="test-event"> <font color="maroon"> <small> &emsp; &emsp;--- 05 May 00:06:01 439 - <b>0</b> - Page Load Wait: (Sync) - ICar.support.Utils.waitForPageLoad(Utils.java:109)</small> </font> </div>
<div class="test-event"> <font color="maroon"> <small> &emsp; &emsp;--- 05 May 00:06:01 449 - Catched spinner load exception due to javascript error: {"status":32,"value":"An invalid or illegal selector was specified"}
  (Session info: chrome=124.0.6367.92)
Build info: version: '4.6.0', revision: '79f1c02ae20'
System info: os.name: 'Windows 10', os.arch: 'amd64', os.version: '10.0', java.version: '17.0.7'
Driver info: org.openqa.selenium.chrome.ChromeDriver
Command: [2cf28825ea7a8a419a5b05b8e5d35d84, findElement {using=css selector, value=div[class='slds-spinner slds-spinner_brand slds-spinner_small']>div:nth-child(2)r}]
Capabilities {acceptInsecureCerts: false, browserName: chrome, browserVersion: 124.0.6367.92, chrome: {chromedriverVersion: 124.0.6367.91 (51df0e5e17a8..., userDataDir: C:\Users\PRATHA~1.KUM\AppDa...}, fedcm:accounts: true, goog:chromeOptions: {debuggerAddress: localhost:49451}, networkConnectionEnabled: false, pageLoadStrategy: normal, platformName: WINDOWS, proxy: Proxy(), se:cdp: ws://localhost:49451/devtoo..., se:cdpVersion: 124.0.6367.92, setWindowRect: true, strictFileInteractability: false, timeouts: {implicit: 0, pageLoad: 300000, script: 30000}, unhandledPromptBehavior: dismiss and notify, webauthn:extension:credBlob: true, webauthn:extension:largeBlob: true, webauthn:extension:minPinLength: true, webauthn:extension:prf: true, webauthn:virtualAuthenticators: true}
Session ID: 2cf28825ea7a8a419a5b05b8e5d35d84</small> </font> </div>
<div class="test-event"> <font color="maroon"> <small> &emsp; &emsp;--- 05 May 00:06:01 449 - <b>0</b> - Spinner Load Wait: (Sync) - ICar.support.WaitUtils.waitForSpinner(WaitUtils.java:225)</small> </font> </div>
<div class="test-event"> <font color="maroon"> <small> &emsp; &emsp;--- 05 May 00:06:11 530 - Page URL:: https://www.i-car.com/product/one-and-two-part-applicators</small> </font> </div>
<div class="test-event"> <font color="maroon"> <small> &emsp; &emsp;--- 05 May 00:06:11 530 - <b>0</b> - Page Load Wait: (Sync) - ICar.support.Utils.waitForPageLoad(Utils.java:109)</small> </font> </div>
<div class="test-event"> <font color="maroon"> <small> &emsp; &emsp;--- 05 May 00:06:11 548 - Element is displayed:: [[ChromeDriver: chrome on WINDOWS (2cf28825ea7a8a419a5b05b8e5d35d84)] -> xpath: //a[contains(text(),'Back to Courses')]]</small> </font> </div>
<div class="test-event"> <font color="maroon"> <small> &emsp; &emsp;--- 05 May 00:06:18 582 - Catched spinner load exception due to javascript error: {"status":32,"value":"An invalid or illegal selector was specified"}
  (Session info: chrome=124.0.6367.92)
Build info: version: '4.6.0', revision: '79f1c02ae20'
System info: os.name: 'Windows 10', os.arch: 'amd64', os.version: '10.0', java.version: '17.0.7'
Driver info: org.openqa.selenium.chrome.ChromeDriver
Command: [2cf28825ea7a8a419a5b05b8e5d35d84, findElement {using=css selector, value=div[class='slds-spinner slds-spinner_brand slds-spinner_small']>div:nth-child(2)r}]
Capabilities {acceptInsecureCerts: false, browserName: chrome, browserVersion: 124.0.6367.92, chrome: {chromedriverVersion: 124.0.6367.91 (51df0e5e17a8..., userDataDir: C:\Users\PRATHA~1.KUM\AppDa...}, fedcm:accounts: true, goog:chromeOptions: {debuggerAddress: localhost:49451}, networkConnectionEnabled: false, pageLoadStrategy: normal, platformName: WINDOWS, proxy: Proxy(), se:cdp: ws://localhost:49451/devtoo..., se:cdpVersion: 124.0.6367.92, setWindowRect: true, strictFileInteractability: false, timeouts: {implicit: 0, pageLoad: 300000, script: 30000}, unhandledPromptBehavior: dismiss and notify, webauthn:extension:credBlob: true, webauthn:extension:largeBlob: true, webauthn:extension:minPinLength: true, webauthn:extension:prf: true, webauthn:virtualAuthenticators: true}
Session ID: 2cf28825ea7a8a419a5b05b8e5d35d84</small> </font> </div>
<div class="test-event"> <font color="maroon"> <small> &emsp; &emsp;--- 05 May 00:06:18 582 - <b>0</b> - Spinner Load Wait: (Sync) - ICar.support.WaitUtils.waitForSpinner(WaitUtils.java:225)</small> </font> </div>
<div class="test-message">&emsp;Back To Courses is displayed in the page </div>
<div class="test-message">&emsp;Successfully verified Back To Course Link&emsp;<a href=".\ScreenShot\URL_TC001_2721516208666200.png" target="_blank" >[ScreenShot]</a></div>
<div class="test-event"> <font color="maroon"> <small> &emsp; &emsp;--- 05 May 00:06:18 860 - Catched spinner load exception due to javascript error: {"status":32,"value":"An invalid or illegal selector was specified"}
  (Session info: chrome=124.0.6367.92)
Build info: version: '4.6.0', revision: '79f1c02ae20'
System info: os.name: 'Windows 10', os.arch: 'amd64', os.version: '10.0', java.version: '17.0.7'
Driver info: org.openqa.selenium.chrome.ChromeDriver
Command: [2cf28825ea7a8a419a5b05b8e5d35d84, findElement {using=css selector, value=div[class='slds-spinner slds-spinner_brand slds-spinner_small']>div:nth-child(2)r}]
Capabilities {acceptInsecureCerts: false, browserName: chrome, browserVersion: 124.0.6367.92, chrome: {chromedriverVersion: 124.0.6367.91 (51df0e5e17a8..., userDataDir: C:\Users\PRATHA~1.KUM\AppDa...}, fedcm:accounts: true, goog:chromeOptions: {debuggerAddress: localhost:49451}, networkConnectionEnabled: false, pageLoadStrategy: normal, platformName: WINDOWS, proxy: Proxy(), se:cdp: ws://localhost:49451/devtoo..., se:cdpVersion: 124.0.6367.92, setWindowRect: true, strictFileInteractability: false, timeouts: {implicit: 0, pageLoad: 300000, script: 30000}, unhandledPromptBehavior: dismiss and notify, webauthn:extension:credBlob: true, webauthn:extension:largeBlob: true, webauthn:extension:minPinLength: true, webauthn:extension:prf: true, webauthn:virtualAuthenticators: true}
Session ID: 2cf28825ea7a8a419a5b05b8e5d35d84</small> </font> </div>
<div class="test-event"> <font color="maroon"> <small> &emsp; &emsp;--- 05 May 00:06:18 860 - <b>0</b> - Spinner Load Wait: (Sync) - ICar.support.WaitUtils.waitForSpinner(WaitUtils.java:225)</small> </font> </div>
<div class="test-event"> <font color="maroon"> <small> &emsp; &emsp;--- 05 May 00:06:18 932 - Page URL:: https://www.i-car.com/product/one-and-two-part-applicators</small> </font> </div>
<div class="test-event"> <font color="maroon"> <small> &emsp; &emsp;--- 05 May 00:06:18 932 - <b>0</b> - Page Load Wait: (Sync) - ICar.support.Utils.waitForPageLoad(Utils.java:109)</small> </font> </div>
<div class="test-event"> <font color="maroon"> <small> &emsp; &emsp;--- 05 May 00:06:28 988 - Element is displayed:: [[ChromeDriver: chrome on WINDOWS (2cf28825ea7a8a419a5b05b8e5d35d84)] -> xpath: //div[@class='productDetails slds-p-bottom_large']//div[contains(@class,'slds-p-bottom_medium')]]</small> </font> </div>
<div class="test-message">&emsp;Course Name : OneandTwoPartApplicators is displayed in the URL page</div>
<div class="test-message">&emsp;Successfully verified the course name for relevant link&emsp;<a href=".\ScreenShot\URL_TC001_2721534629009800.png" target="_blank" >[ScreenShot]</a></div>
<div class="test-message">&emsp;
</div>
<div class="test-message">&emsp;117. URL is : https://www.i-car.com/product/ford-collision-repair-overview</div>
<div class="test-event"> <font color="maroon"> <small> &emsp; &emsp;--- 05 May 00:06:38 527 - Page URL:: https://www.i-car.com/product/ford-collision-repair-overview</small> </font> </div>
<div class="test-event"> <font color="maroon"> <small> &emsp; &emsp;--- 05 May 00:06:38 527 - <b>0</b> - Page Load Wait: (Sync) - ICar.support.Utils.waitForPageLoad(Utils.java:109)</small> </font> </div>
<div class="test-message">&emsp;Successfully navigated to the :  https://www.i-car.com/product/ford-collision-repair-overview   Page&emsp;<a href=".\ScreenShot\URL_TC001_2721536142441900.png" target="_blank" >[ScreenShot]</a></div>
<div class="test-event"> <font color="maroon"> <small> &emsp; &emsp;--- 05 May 00:06:38 811 - Page URL:: https://www.i-car.com/product/ford-collision-repair-overview</small> </font> </div>
<div class="test-event"> <font color="maroon"> <small> &emsp; &emsp;--- 05 May 00:06:38 811 - <b>0</b> - Page Load Wait: (Sync) - ICar.support.Utils.waitForPageLoad(Utils.java:109)</small> </font> </div>
<div class="test-event"> <font color="maroon"> <small> &emsp; &emsp;--- 05 May 00:06:38 820 - Catched spinner load exception due to javascript error: {"status":32,"value":"An invalid or illegal selector was specified"}
  (Session info: chrome=124.0.6367.92)
Build info: version: '4.6.0', revision: '79f1c02ae20'
System info: os.name: 'Windows 10', os.arch: 'amd64', os.version: '10.0', java.version: '17.0.7'
Driver info: org.openqa.selenium.chrome.ChromeDriver
Command: [2cf28825ea7a8a419a5b05b8e5d35d84, findElement {using=css selector, value=div[class='slds-spinner slds-spinner_brand slds-spinner_small']>div:nth-child(2)r}]
Capabilities {acceptInsecureCerts: false, browserName: chrome, browserVersion: 124.0.6367.92, chrome: {chromedriverVersion: 124.0.6367.91 (51df0e5e17a8..., userDataDir: C:\Users\PRATHA~1.KUM\AppDa...}, fedcm:accounts: true, goog:chromeOptions: {debuggerAddress: localhost:49451}, networkConnectionEnabled: false, pageLoadStrategy: normal, platformName: WINDOWS, proxy: Proxy(), se:cdp: ws://localhost:49451/devtoo..., se:cdpVersion: 124.0.6367.92, setWindowRect: true, strictFileInteractability: false, timeouts: {implicit: 0, pageLoad: 300000, script: 30000}, unhandledPromptBehavior: dismiss and notify, webauthn:extension:credBlob: true, webauthn:extension:largeBlob: true, webauthn:extension:minPinLength: true, webauthn:extension:prf: true, webauthn:virtualAuthenticators: true}
Session ID: 2cf28825ea7a8a419a5b05b8e5d35d84</small> </font> </div>
<div class="test-event"> <font color="maroon"> <small> &emsp; &emsp;--- 05 May 00:06:38 820 - <b>0</b> - Spinner Load Wait: (Sync) - ICar.support.WaitUtils.waitForSpinner(WaitUtils.java:225)</small> </font> </div>
<div class="test-event"> <font color="maroon"> <small> &emsp; &emsp;--- 05 May 00:06:48 902 - Page URL:: https://www.i-car.com/product/ford-collision-repair-overview</small> </font> </div>
<div class="test-event"> <font color="maroon"> <small> &emsp; &emsp;--- 05 May 00:06:48 902 - <b>0</b> - Page Load Wait: (Sync) - ICar.support.Utils.waitForPageLoad(Utils.java:109)</small> </font> </div>
<div class="test-event"> <font color="maroon"> <small> &emsp; &emsp;--- 05 May 00:06:48 919 - Element is displayed:: [[ChromeDriver: chrome on WINDOWS (2cf28825ea7a8a419a5b05b8e5d35d84)] -> xpath: //a[contains(text(),'Back to Courses')]]</small> </font> </div>
<div class="test-event"> <font color="maroon"> <small> &emsp; &emsp;--- 05 May 00:06:55 979 - Catched spinner load exception due to javascript error: {"status":32,"value":"An invalid or illegal selector was specified"}
  (Session info: chrome=124.0.6367.92)
Build info: version: '4.6.0', revision: '79f1c02ae20'
System info: os.name: 'Windows 10', os.arch: 'amd64', os.version: '10.0', java.version: '17.0.7'
Driver info: org.openqa.selenium.chrome.ChromeDriver
Command: [2cf28825ea7a8a419a5b05b8e5d35d84, findElement {using=css selector, value=div[class='slds-spinner slds-spinner_brand slds-spinner_small']>div:nth-child(2)r}]
Capabilities {acceptInsecureCerts: false, browserName: chrome, browserVersion: 124.0.6367.92, chrome: {chromedriverVersion: 124.0.6367.91 (51df0e5e17a8..., userDataDir: C:\Users\PRATHA~1.KUM\AppDa...}, fedcm:accounts: true, goog:chromeOptions: {debuggerAddress: localhost:49451}, networkConnectionEnabled: false, pageLoadStrategy: normal, platformName: WINDOWS, proxy: Proxy(), se:cdp: ws://localhost:49451/devtoo..., se:cdpVersion: 124.0.6367.92, setWindowRect: true, strictFileInteractability: false, timeouts: {implicit: 0, pageLoad: 300000, script: 30000}, unhandledPromptBehavior: dismiss and notify, webauthn:extension:credBlob: true, webauthn:extension:largeBlob: true, webauthn:extension:minPinLength: true, webauthn:extension:prf: true, webauthn:virtualAuthenticators: true}
Session ID: 2cf28825ea7a8a419a5b05b8e5d35d84</small> </font> </div>
<div class="test-event"> <font color="maroon"> <small> &emsp; &emsp;--- 05 May 00:06:55 979 - <b>0</b> - Spinner Load Wait: (Sync) - ICar.support.WaitUtils.waitForSpinner(WaitUtils.java:225)</small> </font> </div>
<div class="test-message">&emsp;Back To Courses is displayed in the page </div>
<div class="test-message">&emsp;Successfully verified Back To Course Link&emsp;<a href=".\ScreenShot\URL_TC001_2721553610327600.png" target="_blank" >[ScreenShot]</a></div>
<div class="test-event"> <font color="maroon"> <small> &emsp; &emsp;--- 05 May 00:06:56 207 - Catched spinner load exception due to javascript error: {"status":32,"value":"An invalid or illegal selector was specified"}
  (Session info: chrome=124.0.6367.92)
Build info: version: '4.6.0', revision: '79f1c02ae20'
System info: os.name: 'Windows 10', os.arch: 'amd64', os.version: '10.0', java.version: '17.0.7'
Driver info: org.openqa.selenium.chrome.ChromeDriver
Command: [2cf28825ea7a8a419a5b05b8e5d35d84, findElement {using=css selector, value=div[class='slds-spinner slds-spinner_brand slds-spinner_small']>div:nth-child(2)r}]
Capabilities {acceptInsecureCerts: false, browserName: chrome, browserVersion: 124.0.6367.92, chrome: {chromedriverVersion: 124.0.6367.91 (51df0e5e17a8..., userDataDir: C:\Users\PRATHA~1.KUM\AppDa...}, fedcm:accounts: true, goog:chromeOptions: {debuggerAddress: localhost:49451}, networkConnectionEnabled: false, pageLoadStrategy: normal, platformName: WINDOWS, proxy: Proxy(), se:cdp: ws://localhost:49451/devtoo..., se:cdpVersion: 124.0.6367.92, setWindowRect: true, strictFileInteractability: false, timeouts: {implicit: 0, pageLoad: 300000, script: 30000}, unhandledPromptBehavior: dismiss and notify, webauthn:extension:credBlob: true, webauthn:extension:largeBlob: true, webauthn:extension:minPinLength: true, webauthn:extension:prf: true, webauthn:virtualAuthenticators: true}
Session ID: 2cf28825ea7a8a419a5b05b8e5d35d84</small> </font> </div>
<div class="test-event"> <font color="maroon"> <small> &emsp; &emsp;--- 05 May 00:06:56 207 - <b>0</b> - Spinner Load Wait: (Sync) - ICar.support.WaitUtils.waitForSpinner(WaitUtils.java:225)</small> </font> </div>
<div class="test-event"> <font color="maroon"> <small> &emsp; &emsp;--- 05 May 00:06:56 269 - Page URL:: https://www.i-car.com/product/ford-collision-repair-overview</small> </font> </div>
<div class="test-event"> <font color="maroon"> <small> &emsp; &emsp;--- 05 May 00:06:56 269 - <b>0</b> - Page Load Wait: (Sync) - ICar.support.Utils.waitForPageLoad(Utils.java:109)</small> </font> </div>
<div class="test-event"> <font color="maroon"> <small> &emsp; &emsp;--- 05 May 00:07:06 325 - Element is displayed:: [[ChromeDriver: chrome on WINDOWS (2cf28825ea7a8a419a5b05b8e5d35d84)] -> xpath: //div[@class='productDetails slds-p-bottom_large']//div[contains(@class,'slds-p-bottom_medium')]]</small> </font> </div>
<div class="test-message">&emsp;Course Name : FordCollisionRepairOverview is displayed in the URL page</div>
<div class="test-message">&emsp;Successfully verified the course name for relevant link&emsp;<a href=".\ScreenShot\URL_TC001_2721571971976700.png" target="_blank" >[ScreenShot]</a></div>
<div class="test-message">&emsp;
</div>
<div class="test-message">&emsp;118. URL is : https://www.i-car.com/product/gyspot-evolution-pti-spot-welder-setup-and-operation</div>
<div class="test-event"> <font color="maroon"> <small> &emsp; &emsp;--- 05 May 00:07:15 765 - Page URL:: https://www.i-car.com/product/gyspot-evolution-pti-spot-welder-setup-and-operation</small> </font> </div>
<div class="test-event"> <font color="maroon"> <small> &emsp; &emsp;--- 05 May 00:07:15 765 - <b>0</b> - Page Load Wait: (Sync) - ICar.support.Utils.waitForPageLoad(Utils.java:109)</small> </font> </div>
<div class="test-message">&emsp;Successfully navigated to the :  https://www.i-car.com/product/gyspot-evolution-pti-spot-welder-setup-and-operation   Page&emsp;<a href=".\ScreenShot\URL_TC001_2721573380898700.png" target="_blank" >[ScreenShot]</a></div>
<div class="test-event"> <font color="maroon"> <small> &emsp; &emsp;--- 05 May 00:07:16 032 - Page URL:: https://www.i-car.com/product/gyspot-evolution-pti-spot-welder-setup-and-operation</small> </font> </div>
<div class="test-event"> <font color="maroon"> <small> &emsp; &emsp;--- 05 May 00:07:16 032 - <b>0</b> - Page Load Wait: (Sync) - ICar.support.Utils.waitForPageLoad(Utils.java:109)</small> </font> </div>
<div class="test-event"> <font color="maroon"> <small> &emsp; &emsp;--- 05 May 00:07:16 041 - Catched spinner load exception due to javascript error: {"status":32,"value":"An invalid or illegal selector was specified"}
  (Session info: chrome=124.0.6367.92)
Build info: version: '4.6.0', revision: '79f1c02ae20'
System info: os.name: 'Windows 10', os.arch: 'amd64', os.version: '10.0', java.version: '17.0.7'
Driver info: org.openqa.selenium.chrome.ChromeDriver
Command: [2cf28825ea7a8a419a5b05b8e5d35d84, findElement {using=css selector, value=div[class='slds-spinner slds-spinner_brand slds-spinner_small']>div:nth-child(2)r}]
Capabilities {acceptInsecureCerts: false, browserName: chrome, browserVersion: 124.0.6367.92, chrome: {chromedriverVersion: 124.0.6367.91 (51df0e5e17a8..., userDataDir: C:\Users\PRATHA~1.KUM\AppDa...}, fedcm:accounts: true, goog:chromeOptions: {debuggerAddress: localhost:49451}, networkConnectionEnabled: false, pageLoadStrategy: normal, platformName: WINDOWS, proxy: Proxy(), se:cdp: ws://localhost:49451/devtoo..., se:cdpVersion: 124.0.6367.92, setWindowRect: true, strictFileInteractability: false, timeouts: {implicit: 0, pageLoad: 300000, script: 30000}, unhandledPromptBehavior: dismiss and notify, webauthn:extension:credBlob: true, webauthn:extension:largeBlob: true, webauthn:extension:minPinLength: true, webauthn:extension:prf: true, webauthn:virtualAuthenticators: true}
Session ID: 2cf28825ea7a8a419a5b05b8e5d35d84</small> </font> </div>
<div class="test-event"> <font color="maroon"> <small> &emsp; &emsp;--- 05 May 00:07:16 041 - <b>0</b> - Spinner Load Wait: (Sync) - ICar.support.WaitUtils.waitForSpinner(WaitUtils.java:225)</small> </font> </div>
<div class="test-event"> <font color="maroon"> <small> &emsp; &emsp;--- 05 May 00:07:26 160 - Page URL:: https://www.i-car.com/product/gyspot-evolution-pti-spot-welder-setup-and-operation</small> </font> </div>
<div class="test-event"> <font color="maroon"> <small> &emsp; &emsp;--- 05 May 00:07:26 160 - <b>0</b> - Page Load Wait: (Sync) - ICar.support.Utils.waitForPageLoad(Utils.java:109)</small> </font> </div>
<div class="test-event"> <font color="maroon"> <small> &emsp; &emsp;--- 05 May 00:07:26 178 - Element is displayed:: [[ChromeDriver: chrome on WINDOWS (2cf28825ea7a8a419a5b05b8e5d35d84)] -> xpath: //a[contains(text(),'Back to Courses')]]</small> </font> </div>
<div class="test-event"> <font color="maroon"> <small> &emsp; &emsp;--- 05 May 00:07:33 208 - Catched spinner load exception due to javascript error: {"status":32,"value":"An invalid or illegal selector was specified"}
  (Session info: chrome=124.0.6367.92)
Build info: version: '4.6.0', revision: '79f1c02ae20'
System info: os.name: 'Windows 10', os.arch: 'amd64', os.version: '10.0', java.version: '17.0.7'
Driver info: org.openqa.selenium.chrome.ChromeDriver
Command: [2cf28825ea7a8a419a5b05b8e5d35d84, findElement {using=css selector, value=div[class='slds-spinner slds-spinner_brand slds-spinner_small']>div:nth-child(2)r}]
Capabilities {acceptInsecureCerts: false, browserName: chrome, browserVersion: 124.0.6367.92, chrome: {chromedriverVersion: 124.0.6367.91 (51df0e5e17a8..., userDataDir: C:\Users\PRATHA~1.KUM\AppDa...}, fedcm:accounts: true, goog:chromeOptions: {debuggerAddress: localhost:49451}, networkConnectionEnabled: false, pageLoadStrategy: normal, platformName: WINDOWS, proxy: Proxy(), se:cdp: ws://localhost:49451/devtoo..., se:cdpVersion: 124.0.6367.92, setWindowRect: true, strictFileInteractability: false, timeouts: {implicit: 0, pageLoad: 300000, script: 30000}, unhandledPromptBehavior: dismiss and notify, webauthn:extension:credBlob: true, webauthn:extension:largeBlob: true, webauthn:extension:minPinLength: true, webauthn:extension:prf: true, webauthn:virtualAuthenticators: true}
Session ID: 2cf28825ea7a8a419a5b05b8e5d35d84</small> </font> </div>
<div class="test-event"> <font color="maroon"> <small> &emsp; &emsp;--- 05 May 00:07:33 208 - <b>0</b> - Spinner Load Wait: (Sync) - ICar.support.WaitUtils.waitForSpinner(WaitUtils.java:225)</small> </font> </div>
<div class="test-message">&emsp;Back To Courses is displayed in the page </div>
<div class="test-message">&emsp;Successfully verified Back To Course Link&emsp;<a href=".\ScreenShot\URL_TC001_2721590834087700.png" target="_blank" >[ScreenShot]</a></div>
<div class="test-event"> <font color="maroon"> <small> &emsp; &emsp;--- 05 May 00:07:33 487 - Catched spinner load exception due to javascript error: {"status":32,"value":"An invalid or illegal selector was specified"}
  (Session info: chrome=124.0.6367.92)
Build info: version: '4.6.0', revision: '79f1c02ae20'
System info: os.name: 'Windows 10', os.arch: 'amd64', os.version: '10.0', java.version: '17.0.7'
Driver info: org.openqa.selenium.chrome.ChromeDriver
Command: [2cf28825ea7a8a419a5b05b8e5d35d84, findElement {using=css selector, value=div[class='slds-spinner slds-spinner_brand slds-spinner_small']>div:nth-child(2)r}]
Capabilities {acceptInsecureCerts: false, browserName: chrome, browserVersion: 124.0.6367.92, chrome: {chromedriverVersion: 124.0.6367.91 (51df0e5e17a8..., userDataDir: C:\Users\PRATHA~1.KUM\AppDa...}, fedcm:accounts: true, goog:chromeOptions: {debuggerAddress: localhost:49451}, networkConnectionEnabled: false, pageLoadStrategy: normal, platformName: WINDOWS, proxy: Proxy(), se:cdp: ws://localhost:49451/devtoo..., se:cdpVersion: 124.0.6367.92, setWindowRect: true, strictFileInteractability: false, timeouts: {implicit: 0, pageLoad: 300000, script: 30000}, unhandledPromptBehavior: dismiss and notify, webauthn:extension:credBlob: true, webauthn:extension:largeBlob: true, webauthn:extension:minPinLength: true, webauthn:extension:prf: true, webauthn:virtualAuthenticators: true}
Session ID: 2cf28825ea7a8a419a5b05b8e5d35d84</small> </font> </div>
<div class="test-event"> <font color="maroon"> <small> &emsp; &emsp;--- 05 May 00:07:33 487 - <b>0</b> - Spinner Load Wait: (Sync) - ICar.support.WaitUtils.waitForSpinner(WaitUtils.java:225)</small> </font> </div>
<div class="test-event"> <font color="maroon"> <small> &emsp; &emsp;--- 05 May 00:07:33 548 - Page URL:: https://www.i-car.com/product/gyspot-evolution-pti-spot-welder-setup-and-operation</small> </font> </div>
<div class="test-event"> <font color="maroon"> <small> &emsp; &emsp;--- 05 May 00:07:33 548 - <b>0</b> - Page Load Wait: (Sync) - ICar.support.Utils.waitForPageLoad(Utils.java:109)</small> </font> </div>
<div class="test-event"> <font color="maroon"> <small> &emsp; &emsp;--- 05 May 00:07:43 641 - Element is displayed:: [[ChromeDriver: chrome on WINDOWS (2cf28825ea7a8a419a5b05b8e5d35d84)] -> xpath: //div[@class='productDetails slds-p-bottom_large']//div[contains(@class,'slds-p-bottom_medium')]]</small> </font> </div>
<div class="test-message">&emsp;Course Name : GYSPOTEvolutionPTISpotWelderSetupandOperation is displayed in the URL page</div>
<div class="test-message">&emsp;Successfully verified the course name for relevant link&emsp;<a href=".\ScreenShot\URL_TC001_2721609283547800.png" target="_blank" >[ScreenShot]</a></div>
<div class="test-message">&emsp;
</div>
<div class="test-message">&emsp;119. URL is : https://www.i-car.com/product/honda-and-acura-blind-spot-information-and-crosstraffic-monitor</div>
<div class="test-event"> <font color="maroon"> <small> &emsp; &emsp;--- 05 May 00:07:52 887 - Page URL:: https://www.i-car.com/product/honda-and-acura-blind-spot-information-and-crosstraffic-monitor</small> </font> </div>
<div class="test-event"> <font color="maroon"> <small> &emsp; &emsp;--- 05 May 00:07:52 887 - <b>0</b> - Page Load Wait: (Sync) - ICar.support.Utils.waitForPageLoad(Utils.java:109)</small> </font> </div>
<div class="test-message">&emsp;Successfully navigated to the :  https://www.i-car.com/product/honda-and-acura-blind-spot-information-and-crosstraffic-monitor   Page&emsp;<a href=".\ScreenShot\URL_TC001_2721610502643400.png" target="_blank" >[ScreenShot]</a></div>
<div class="test-event"> <font color="maroon"> <small> &emsp; &emsp;--- 05 May 00:07:53 188 - Page URL:: https://www.i-car.com/product/honda-and-acura-blind-spot-information-and-crosstraffic-monitor</small> </font> </div>
<div class="test-event"> <font color="maroon"> <small> &emsp; &emsp;--- 05 May 00:07:53 188 - <b>0</b> - Page Load Wait: (Sync) - ICar.support.Utils.waitForPageLoad(Utils.java:109)</small> </font> </div>
<div class="test-event"> <font color="maroon"> <small> &emsp; &emsp;--- 05 May 00:07:53 196 - Catched spinner load exception due to javascript error: {"status":32,"value":"An invalid or illegal selector was specified"}
  (Session info: chrome=124.0.6367.92)
Build info: version: '4.6.0', revision: '79f1c02ae20'
System info: os.name: 'Windows 10', os.arch: 'amd64', os.version: '10.0', java.version: '17.0.7'
Driver info: org.openqa.selenium.chrome.ChromeDriver
Command: [2cf28825ea7a8a419a5b05b8e5d35d84, findElement {using=css selector, value=div[class='slds-spinner slds-spinner_brand slds-spinner_small']>div:nth-child(2)r}]
Capabilities {acceptInsecureCerts: false, browserName: chrome, browserVersion: 124.0.6367.92, chrome: {chromedriverVersion: 124.0.6367.91 (51df0e5e17a8..., userDataDir: C:\Users\PRATHA~1.KUM\AppDa...}, fedcm:accounts: true, goog:chromeOptions: {debuggerAddress: localhost:49451}, networkConnectionEnabled: false, pageLoadStrategy: normal, platformName: WINDOWS, proxy: Proxy(), se:cdp: ws://localhost:49451/devtoo..., se:cdpVersion: 124.0.6367.92, setWindowRect: true, strictFileInteractability: false, timeouts: {implicit: 0, pageLoad: 300000, script: 30000}, unhandledPromptBehavior: dismiss and notify, webauthn:extension:credBlob: true, webauthn:extension:largeBlob: true, webauthn:extension:minPinLength: true, webauthn:extension:prf: true, webauthn:virtualAuthenticators: true}
Session ID: 2cf28825ea7a8a419a5b05b8e5d35d84</small> </font> </div>
<div class="test-event"> <font color="maroon"> <small> &emsp; &emsp;--- 05 May 00:07:53 197 - <b>0</b> - Spinner Load Wait: (Sync) - ICar.support.WaitUtils.waitForSpinner(WaitUtils.java:225)</small> </font> </div>
<div class="test-event"> <font color="maroon"> <small> &emsp; &emsp;--- 05 May 00:08:03 289 - Page URL:: https://www.i-car.com/product/honda-and-acura-blind-spot-information-and-crosstraffic-monitor</small> </font> </div>
<div class="test-event"> <font color="maroon"> <small> &emsp; &emsp;--- 05 May 00:08:03 289 - <b>0</b> - Page Load Wait: (Sync) - ICar.support.Utils.waitForPageLoad(Utils.java:109)</small> </font> </div>
<div class="test-event"> <font color="maroon"> <small> &emsp; &emsp;--- 05 May 00:08:03 304 - Element is displayed:: [[ChromeDriver: chrome on WINDOWS (2cf28825ea7a8a419a5b05b8e5d35d84)] -> xpath: //a[contains(text(),'Back to Courses')]]</small> </font> </div>
<div class="test-event"> <font color="maroon"> <small> &emsp; &emsp;--- 05 May 00:08:10 324 - Catched spinner load exception due to javascript error: {"status":32,"value":"An invalid or illegal selector was specified"}
  (Session info: chrome=124.0.6367.92)
Build info: version: '4.6.0', revision: '79f1c02ae20'
System info: os.name: 'Windows 10', os.arch: 'amd64', os.version: '10.0', java.version: '17.0.7'
Driver info: org.openqa.selenium.chrome.ChromeDriver
Command: [2cf28825ea7a8a419a5b05b8e5d35d84, findElement {using=css selector, value=div[class='slds-spinner slds-spinner_brand slds-spinner_small']>div:nth-child(2)r}]
Capabilities {acceptInsecureCerts: false, browserName: chrome, browserVersion: 124.0.6367.92, chrome: {chromedriverVersion: 124.0.6367.91 (51df0e5e17a8..., userDataDir: C:\Users\PRATHA~1.KUM\AppDa...}, fedcm:accounts: true, goog:chromeOptions: {debuggerAddress: localhost:49451}, networkConnectionEnabled: false, pageLoadStrategy: normal, platformName: WINDOWS, proxy: Proxy(), se:cdp: ws://localhost:49451/devtoo..., se:cdpVersion: 124.0.6367.92, setWindowRect: true, strictFileInteractability: false, timeouts: {implicit: 0, pageLoad: 300000, script: 30000}, unhandledPromptBehavior: dismiss and notify, webauthn:extension:credBlob: true, webauthn:extension:largeBlob: true, webauthn:extension:minPinLength: true, webauthn:extension:prf: true, webauthn:virtualAuthenticators: true}
Session ID: 2cf28825ea7a8a419a5b05b8e5d35d84</small> </font> </div>
<div class="test-event"> <font color="maroon"> <small> &emsp; &emsp;--- 05 May 00:08:10 324 - <b>0</b> - Spinner Load Wait: (Sync) - ICar.support.WaitUtils.waitForSpinner(WaitUtils.java:225)</small> </font> </div>
<div class="test-message">&emsp;Back To Courses is displayed in the page </div>
<div class="test-message">&emsp;Successfully verified Back To Course Link&emsp;<a href=".\ScreenShot\URL_TC001_2721627950255600.png" target="_blank" >[ScreenShot]</a></div>
<div class="test-event"> <font color="maroon"> <small> &emsp; &emsp;--- 05 May 00:08:10 559 - Catched spinner load exception due to javascript error: {"status":32,"value":"An invalid or illegal selector was specified"}
  (Session info: chrome=124.0.6367.92)
Build info: version: '4.6.0', revision: '79f1c02ae20'
System info: os.name: 'Windows 10', os.arch: 'amd64', os.version: '10.0', java.version: '17.0.7'
Driver info: org.openqa.selenium.chrome.ChromeDriver
Command: [2cf28825ea7a8a419a5b05b8e5d35d84, findElement {using=css selector, value=div[class='slds-spinner slds-spinner_brand slds-spinner_small']>div:nth-child(2)r}]
Capabilities {acceptInsecureCerts: false, browserName: chrome, browserVersion: 124.0.6367.92, chrome: {chromedriverVersion: 124.0.6367.91 (51df0e5e17a8..., userDataDir: C:\Users\PRATHA~1.KUM\AppDa...}, fedcm:accounts: true, goog:chromeOptions: {debuggerAddress: localhost:49451}, networkConnectionEnabled: false, pageLoadStrategy: normal, platformName: WINDOWS, proxy: Proxy(), se:cdp: ws://localhost:49451/devtoo..., se:cdpVersion: 124.0.6367.92, setWindowRect: true, strictFileInteractability: false, timeouts: {implicit: 0, pageLoad: 300000, script: 30000}, unhandledPromptBehavior: dismiss and notify, webauthn:extension:credBlob: true, webauthn:extension:largeBlob: true, webauthn:extension:minPinLength: true, webauthn:extension:prf: true, webauthn:virtualAuthenticators: true}
Session ID: 2cf28825ea7a8a419a5b05b8e5d35d84</small> </font> </div>
<div class="test-event"> <font color="maroon"> <small> &emsp; &emsp;--- 05 May 00:08:10 559 - <b>0</b> - Spinner Load Wait: (Sync) - ICar.support.WaitUtils.waitForSpinner(WaitUtils.java:225)</small> </font> </div>
<div class="test-event"> <font color="maroon"> <small> &emsp; &emsp;--- 05 May 00:08:10 619 - Page URL:: https://www.i-car.com/product/honda-and-acura-blind-spot-information-and-crosstraffic-monitor</small> </font> </div>
<div class="test-event"> <font color="maroon"> <small> &emsp; &emsp;--- 05 May 00:08:10 619 - <b>0</b> - Page Load Wait: (Sync) - ICar.support.Utils.waitForPageLoad(Utils.java:109)</small> </font> </div>
<div class="test-event"> <font color="maroon"> <small> &emsp; &emsp;--- 05 May 00:08:20 673 - Element is displayed:: [[ChromeDriver: chrome on WINDOWS (2cf28825ea7a8a419a5b05b8e5d35d84)] -> xpath: //div[@class='productDetails slds-p-bottom_large']//div[contains(@class,'slds-p-bottom_medium')]]</small> </font> </div>
<div class="test-message">&emsp;Course Name : HondaandAcuraBlindSpotInformationandCrossTrafficMonitor is displayed in the URL page</div>
<div class="test-message">&emsp;Successfully verified the course name for relevant link&emsp;<a href=".\ScreenShot\URL_TC001_2721646306826300.png" target="_blank" >[ScreenShot]</a></div>
<div class="test-message">&emsp;
</div>
<div class="test-message">&emsp;120. URL is : https://www.i-car.com/product/honda-lanewatch</div>
<div class="test-event"> <font color="maroon"> <small> &emsp; &emsp;--- 05 May 00:08:30 098 - Page URL:: https://www.i-car.com/product/honda-lanewatch</small> </font> </div>
<div class="test-event"> <font color="maroon"> <small> &emsp; &emsp;--- 05 May 00:08:30 098 - <b>0</b> - Page Load Wait: (Sync) - ICar.support.Utils.waitForPageLoad(Utils.java:109)</small> </font> </div>
<div class="test-message">&emsp;Successfully navigated to the :  https://www.i-car.com/product/honda-lanewatch   Page&emsp;<a href=".\ScreenShot\URL_TC001_2721647714220600.png" target="_blank" >[ScreenShot]</a></div>
<div class="test-event"> <font color="maroon"> <small> &emsp; &emsp;--- 05 May 00:08:30 370 - Page URL:: https://www.i-car.com/product/honda-lanewatch</small> </font> </div>
<div class="test-event"> <font color="maroon"> <small> &emsp; &emsp;--- 05 May 00:08:30 370 - <b>0</b> - Page Load Wait: (Sync) - ICar.support.Utils.waitForPageLoad(Utils.java:109)</small> </font> </div>
<div class="test-event"> <font color="maroon"> <small> &emsp; &emsp;--- 05 May 00:08:30 381 - Catched spinner load exception due to javascript error: {"status":32,"value":"An invalid or illegal selector was specified"}
  (Session info: chrome=124.0.6367.92)
Build info: version: '4.6.0', revision: '79f1c02ae20'
System info: os.name: 'Windows 10', os.arch: 'amd64', os.version: '10.0', java.version: '17.0.7'
Driver info: org.openqa.selenium.chrome.ChromeDriver
Command: [2cf28825ea7a8a419a5b05b8e5d35d84, findElement {using=css selector, value=div[class='slds-spinner slds-spinner_brand slds-spinner_small']>div:nth-child(2)r}]
Capabilities {acceptInsecureCerts: false, browserName: chrome, browserVersion: 124.0.6367.92, chrome: {chromedriverVersion: 124.0.6367.91 (51df0e5e17a8..., userDataDir: C:\Users\PRATHA~1.KUM\AppDa...}, fedcm:accounts: true, goog:chromeOptions: {debuggerAddress: localhost:49451}, networkConnectionEnabled: false, pageLoadStrategy: normal, platformName: WINDOWS, proxy: Proxy(), se:cdp: ws://localhost:49451/devtoo..., se:cdpVersion: 124.0.6367.92, setWindowRect: true, strictFileInteractability: false, timeouts: {implicit: 0, pageLoad: 300000, script: 30000}, unhandledPromptBehavior: dismiss and notify, webauthn:extension:credBlob: true, webauthn:extension:largeBlob: true, webauthn:extension:minPinLength: true, webauthn:extension:prf: true, webauthn:virtualAuthenticators: true}
Session ID: 2cf28825ea7a8a419a5b05b8e5d35d84</small> </font> </div>
<div class="test-event"> <font color="maroon"> <small> &emsp; &emsp;--- 05 May 00:08:30 381 - <b>0</b> - Spinner Load Wait: (Sync) - ICar.support.WaitUtils.waitForSpinner(WaitUtils.java:225)</small> </font> </div>
<div class="test-event"> <font color="maroon"> <small> &emsp; &emsp;--- 05 May 00:08:40 469 - Page URL:: https://www.i-car.com/product/honda-lanewatch</small> </font> </div>
<div class="test-event"> <font color="maroon"> <small> &emsp; &emsp;--- 05 May 00:08:40 469 - <b>0</b> - Page Load Wait: (Sync) - ICar.support.Utils.waitForPageLoad(Utils.java:109)</small> </font> </div>
<div class="test-event"> <font color="maroon"> <small> &emsp; &emsp;--- 05 May 00:08:40 488 - Element is displayed:: [[ChromeDriver: chrome on WINDOWS (2cf28825ea7a8a419a5b05b8e5d35d84)] -> xpath: //a[contains(text(),'Back to Courses')]]</small> </font> </div>
<div class="test-event"> <font color="maroon"> <small> &emsp; &emsp;--- 05 May 00:08:47 522 - Catched spinner load exception due to javascript error: {"status":32,"value":"An invalid or illegal selector was specified"}
  (Session info: chrome=124.0.6367.92)
Build info: version: '4.6.0', revision: '79f1c02ae20'
System info: os.name: 'Windows 10', os.arch: 'amd64', os.version: '10.0', java.version: '17.0.7'
Driver info: org.openqa.selenium.chrome.ChromeDriver
Command: [2cf28825ea7a8a419a5b05b8e5d35d84, findElement {using=css selector, value=div[class='slds-spinner slds-spinner_brand slds-spinner_small']>div:nth-child(2)r}]
Capabilities {acceptInsecureCerts: false, browserName: chrome, browserVersion: 124.0.6367.92, chrome: {chromedriverVersion: 124.0.6367.91 (51df0e5e17a8..., userDataDir: C:\Users\PRATHA~1.KUM\AppDa...}, fedcm:accounts: true, goog:chromeOptions: {debuggerAddress: localhost:49451}, networkConnectionEnabled: false, pageLoadStrategy: normal, platformName: WINDOWS, proxy: Proxy(), se:cdp: ws://localhost:49451/devtoo..., se:cdpVersion: 124.0.6367.92, setWindowRect: true, strictFileInteractability: false, timeouts: {implicit: 0, pageLoad: 300000, script: 30000}, unhandledPromptBehavior: dismiss and notify, webauthn:extension:credBlob: true, webauthn:extension:largeBlob: true, webauthn:extension:minPinLength: true, webauthn:extension:prf: true, webauthn:virtualAuthenticators: true}
Session ID: 2cf28825ea7a8a419a5b05b8e5d35d84</small> </font> </div>
<div class="test-event"> <font color="maroon"> <small> &emsp; &emsp;--- 05 May 00:08:47 522 - <b>0</b> - Spinner Load Wait: (Sync) - ICar.support.WaitUtils.waitForSpinner(WaitUtils.java:225)</small> </font> </div>
<div class="test-message">&emsp;Back To Courses is displayed in the page </div>
<div class="test-message">&emsp;Successfully verified Back To Course Link&emsp;<a href=".\ScreenShot\URL_TC001_2721665154735300.png" target="_blank" >[ScreenShot]</a></div>
<div class="test-event"> <font color="maroon"> <small> &emsp; &emsp;--- 05 May 00:08:47 860 - Catched spinner load exception due to javascript error: {"status":32,"value":"An invalid or illegal selector was specified"}
  (Session info: chrome=124.0.6367.92)
Build info: version: '4.6.0', revision: '79f1c02ae20'
System info: os.name: 'Windows 10', os.arch: 'amd64', os.version: '10.0', java.version: '17.0.7'
Driver info: org.openqa.selenium.chrome.ChromeDriver
Command: [2cf28825ea7a8a419a5b05b8e5d35d84, findElement {using=css selector, value=div[class='slds-spinner slds-spinner_brand slds-spinner_small']>div:nth-child(2)r}]
Capabilities {acceptInsecureCerts: false, browserName: chrome, browserVersion: 124.0.6367.92, chrome: {chromedriverVersion: 124.0.6367.91 (51df0e5e17a8..., userDataDir: C:\Users\PRATHA~1.KUM\AppDa...}, fedcm:accounts: true, goog:chromeOptions: {debuggerAddress: localhost:49451}, networkConnectionEnabled: false, pageLoadStrategy: normal, platformName: WINDOWS, proxy: Proxy(), se:cdp: ws://localhost:49451/devtoo..., se:cdpVersion: 124.0.6367.92, setWindowRect: true, strictFileInteractability: false, timeouts: {implicit: 0, pageLoad: 300000, script: 30000}, unhandledPromptBehavior: dismiss and notify, webauthn:extension:credBlob: true, webauthn:extension:largeBlob: true, webauthn:extension:minPinLength: true, webauthn:extension:prf: true, webauthn:virtualAuthenticators: true}
Session ID: 2cf28825ea7a8a419a5b05b8e5d35d84</small> </font> </div>
<div class="test-event"> <font color="maroon"> <small> &emsp; &emsp;--- 05 May 00:08:47 860 - <b>0</b> - Spinner Load Wait: (Sync) - ICar.support.WaitUtils.waitForSpinner(WaitUtils.java:225)</small> </font> </div>
<div class="test-event"> <font color="maroon"> <small> &emsp; &emsp;--- 05 May 00:08:47 923 - Page URL:: https://www.i-car.com/product/honda-lanewatch</small> </font> </div>
<div class="test-event"> <font color="maroon"> <small> &emsp; &emsp;--- 05 May 00:08:47 923 - <b>0</b> - Page Load Wait: (Sync) - ICar.support.Utils.waitForPageLoad(Utils.java:109)</small> </font> </div>
<div class="test-event"> <font color="maroon"> <small> &emsp; &emsp;--- 05 May 00:08:57 973 - Element is displayed:: [[ChromeDriver: chrome on WINDOWS (2cf28825ea7a8a419a5b05b8e5d35d84)] -> xpath: //div[@class='productDetails slds-p-bottom_large']//div[contains(@class,'slds-p-bottom_medium')]]</small> </font> </div>
<div class="test-message">&emsp;Course Name : HondaLaneWatch is displayed in the URL page</div>
<div class="test-message">&emsp;Successfully verified the course name for relevant link&emsp;<a href=".\ScreenShot\URL_TC001_2721683603821600.png" target="_blank" >[ScreenShot]</a></div>
<div class="test-message">&emsp;
</div>
<div class="test-message">&emsp;121. URL is : https://www.i-car.com/product/pointtopoint-measuring-tools</div>
<div class="test-event"> <font color="maroon"> <small> &emsp; &emsp;--- 05 May 00:09:07 379 - Page URL:: https://www.i-car.com/product/pointtopoint-measuring-tools</small> </font> </div>
<div class="test-event"> <font color="maroon"> <small> &emsp; &emsp;--- 05 May 00:09:07 379 - <b>0</b> - Page Load Wait: (Sync) - ICar.support.Utils.waitForPageLoad(Utils.java:109)</small> </font> </div>
<div class="test-message">&emsp;Successfully navigated to the :  https://www.i-car.com/product/pointtopoint-measuring-tools   Page&emsp;<a href=".\ScreenShot\URL_TC001_2721684994867600.png" target="_blank" >[ScreenShot]</a></div>
<div class="test-event"> <font color="maroon"> <small> &emsp; &emsp;--- 05 May 00:09:07 658 - Page URL:: https://www.i-car.com/product/pointtopoint-measuring-tools</small> </font> </div>
<div class="test-event"> <font color="maroon"> <small> &emsp; &emsp;--- 05 May 00:09:07 658 - <b>0</b> - Page Load Wait: (Sync) - ICar.support.Utils.waitForPageLoad(Utils.java:109)</small> </font> </div>
<div class="test-event"> <font color="maroon"> <small> &emsp; &emsp;--- 05 May 00:09:07 668 - Catched spinner load exception due to javascript error: {"status":32,"value":"An invalid or illegal selector was specified"}
  (Session info: chrome=124.0.6367.92)
Build info: version: '4.6.0', revision: '79f1c02ae20'
System info: os.name: 'Windows 10', os.arch: 'amd64', os.version: '10.0', java.version: '17.0.7'
Driver info: org.openqa.selenium.chrome.ChromeDriver
Command: [2cf28825ea7a8a419a5b05b8e5d35d84, findElement {using=css selector, value=div[class='slds-spinner slds-spinner_brand slds-spinner_small']>div:nth-child(2)r}]
Capabilities {acceptInsecureCerts: false, browserName: chrome, browserVersion: 124.0.6367.92, chrome: {chromedriverVersion: 124.0.6367.91 (51df0e5e17a8..., userDataDir: C:\Users\PRATHA~1.KUM\AppDa...}, fedcm:accounts: true, goog:chromeOptions: {debuggerAddress: localhost:49451}, networkConnectionEnabled: false, pageLoadStrategy: normal, platformName: WINDOWS, proxy: Proxy(), se:cdp: ws://localhost:49451/devtoo..., se:cdpVersion: 124.0.6367.92, setWindowRect: true, strictFileInteractability: false, timeouts: {implicit: 0, pageLoad: 300000, script: 30000}, unhandledPromptBehavior: dismiss and notify, webauthn:extension:credBlob: true, webauthn:extension:largeBlob: true, webauthn:extension:minPinLength: true, webauthn:extension:prf: true, webauthn:virtualAuthenticators: true}
Session ID: 2cf28825ea7a8a419a5b05b8e5d35d84</small> </font> </div>
<div class="test-event"> <font color="maroon"> <small> &emsp; &emsp;--- 05 May 00:09:07 668 - <b>0</b> - Spinner Load Wait: (Sync) - ICar.support.WaitUtils.waitForSpinner(WaitUtils.java:225)</small> </font> </div>
<div class="test-event"> <font color="maroon"> <small> &emsp; &emsp;--- 05 May 00:09:17 757 - Page URL:: https://www.i-car.com/product/pointtopoint-measuring-tools</small> </font> </div>
<div class="test-event"> <font color="maroon"> <small> &emsp; &emsp;--- 05 May 00:09:17 757 - <b>0</b> - Page Load Wait: (Sync) - ICar.support.Utils.waitForPageLoad(Utils.java:109)</small> </font> </div>
<div class="test-event"> <font color="maroon"> <small> &emsp; &emsp;--- 05 May 00:09:17 776 - Element is displayed:: [[ChromeDriver: chrome on WINDOWS (2cf28825ea7a8a419a5b05b8e5d35d84)] -> xpath: //a[contains(text(),'Back to Courses')]]</small> </font> </div>
<div class="test-event"> <font color="maroon"> <small> &emsp; &emsp;--- 05 May 00:09:24 807 - Catched spinner load exception due to javascript error: {"status":32,"value":"An invalid or illegal selector was specified"}
  (Session info: chrome=124.0.6367.92)
Build info: version: '4.6.0', revision: '79f1c02ae20'
System info: os.name: 'Windows 10', os.arch: 'amd64', os.version: '10.0', java.version: '17.0.7'
Driver info: org.openqa.selenium.chrome.ChromeDriver
Command: [2cf28825ea7a8a419a5b05b8e5d35d84, findElement {using=css selector, value=div[class='slds-spinner slds-spinner_brand slds-spinner_small']>div:nth-child(2)r}]
Capabilities {acceptInsecureCerts: false, browserName: chrome, browserVersion: 124.0.6367.92, chrome: {chromedriverVersion: 124.0.6367.91 (51df0e5e17a8..., userDataDir: C:\Users\PRATHA~1.KUM\AppDa...}, fedcm:accounts: true, goog:chromeOptions: {debuggerAddress: localhost:49451}, networkConnectionEnabled: false, pageLoadStrategy: normal, platformName: WINDOWS, proxy: Proxy(), se:cdp: ws://localhost:49451/devtoo..., se:cdpVersion: 124.0.6367.92, setWindowRect: true, strictFileInteractability: false, timeouts: {implicit: 0, pageLoad: 300000, script: 30000}, unhandledPromptBehavior: dismiss and notify, webauthn:extension:credBlob: true, webauthn:extension:largeBlob: true, webauthn:extension:minPinLength: true, webauthn:extension:prf: true, webauthn:virtualAuthenticators: true}
Session ID: 2cf28825ea7a8a419a5b05b8e5d35d84</small> </font> </div>
<div class="test-event"> <font color="maroon"> <small> &emsp; &emsp;--- 05 May 00:09:24 807 - <b>0</b> - Spinner Load Wait: (Sync) - ICar.support.WaitUtils.waitForSpinner(WaitUtils.java:225)</small> </font> </div>
<div class="test-message">&emsp;Back To Courses is displayed in the page </div>
<div class="test-message">&emsp;Successfully verified Back To Course Link&emsp;<a href=".\ScreenShot\URL_TC001_2721702433348300.png" target="_blank" >[ScreenShot]</a></div>
<div class="test-event"> <font color="maroon"> <small> &emsp; &emsp;--- 05 May 00:09:25 103 - Catched spinner load exception due to javascript error: {"status":32,"value":"An invalid or illegal selector was specified"}
  (Session info: chrome=124.0.6367.92)
Build info: version: '4.6.0', revision: '79f1c02ae20'
System info: os.name: 'Windows 10', os.arch: 'amd64', os.version: '10.0', java.version: '17.0.7'
Driver info: org.openqa.selenium.chrome.ChromeDriver
Command: [2cf28825ea7a8a419a5b05b8e5d35d84, findElement {using=css selector, value=div[class='slds-spinner slds-spinner_brand slds-spinner_small']>div:nth-child(2)r}]
Capabilities {acceptInsecureCerts: false, browserName: chrome, browserVersion: 124.0.6367.92, chrome: {chromedriverVersion: 124.0.6367.91 (51df0e5e17a8..., userDataDir: C:\Users\PRATHA~1.KUM\AppDa...}, fedcm:accounts: true, goog:chromeOptions: {debuggerAddress: localhost:49451}, networkConnectionEnabled: false, pageLoadStrategy: normal, platformName: WINDOWS, proxy: Proxy(), se:cdp: ws://localhost:49451/devtoo..., se:cdpVersion: 124.0.6367.92, setWindowRect: true, strictFileInteractability: false, timeouts: {implicit: 0, pageLoad: 300000, script: 30000}, unhandledPromptBehavior: dismiss and notify, webauthn:extension:credBlob: true, webauthn:extension:largeBlob: true, webauthn:extension:minPinLength: true, webauthn:extension:prf: true, webauthn:virtualAuthenticators: true}
Session ID: 2cf28825ea7a8a419a5b05b8e5d35d84</small> </font> </div>
<div class="test-event"> <font color="maroon"> <small> &emsp; &emsp;--- 05 May 00:09:25 103 - <b>0</b> - Spinner Load Wait: (Sync) - ICar.support.WaitUtils.waitForSpinner(WaitUtils.java:225)</small> </font> </div>
<div class="test-event"> <font color="maroon"> <small> &emsp; &emsp;--- 05 May 00:09:25 171 - Page URL:: https://www.i-car.com/product/pointtopoint-measuring-tools</small> </font> </div>
<div class="test-event"> <font color="maroon"> <small> &emsp; &emsp;--- 05 May 00:09:25 171 - <b>0</b> - Page Load Wait: (Sync) - ICar.support.Utils.waitForPageLoad(Utils.java:109)</small> </font> </div>
<div class="test-event"> <font color="maroon"> <small> &emsp; &emsp;--- 05 May 00:09:35 236 - Element is displayed:: [[ChromeDriver: chrome on WINDOWS (2cf28825ea7a8a419a5b05b8e5d35d84)] -> xpath: //div[@class='productDetails slds-p-bottom_large']//div[contains(@class,'slds-p-bottom_medium')]]</small> </font> </div>
<div class="test-message">&emsp;Course Name : PointToPointMeasuringTools is displayed in the URL page</div>
<div class="test-message">&emsp;Successfully verified the course name for relevant link&emsp;<a href=".\ScreenShot\URL_TC001_2721720868239800.png" target="_blank" >[ScreenShot]</a></div>
<div class="test-message">&emsp;
</div>
<div class="test-message">&emsp;122. URL is : https://www.i-car.com/product/air-hammers-and-attachments</div>
<div class="test-event"> <font color="maroon"> <small> &emsp; &emsp;--- 05 May 00:09:44 726 - Page URL:: https://www.i-car.com/product/air-hammers-and-attachments</small> </font> </div>
<div class="test-event"> <font color="maroon"> <small> &emsp; &emsp;--- 05 May 00:09:44 727 - <b>0</b> - Page Load Wait: (Sync) - ICar.support.Utils.waitForPageLoad(Utils.java:109)</small> </font> </div>
<div class="test-message">&emsp;Successfully navigated to the :  https://www.i-car.com/product/air-hammers-and-attachments   Page&emsp;<a href=".\ScreenShot\URL_TC001_2721722342045900.png" target="_blank" >[ScreenShot]</a></div>
<div class="test-event"> <font color="maroon"> <small> &emsp; &emsp;--- 05 May 00:09:45 011 - Page URL:: https://www.i-car.com/product/air-hammers-and-attachments</small> </font> </div>
<div class="test-event"> <font color="maroon"> <small> &emsp; &emsp;--- 05 May 00:09:45 011 - <b>0</b> - Page Load Wait: (Sync) - ICar.support.Utils.waitForPageLoad(Utils.java:109)</small> </font> </div>
<div class="test-event"> <font color="maroon"> <small> &emsp; &emsp;--- 05 May 00:09:45 019 - Catched spinner load exception due to javascript error: {"status":32,"value":"An invalid or illegal selector was specified"}
  (Session info: chrome=124.0.6367.92)
Build info: version: '4.6.0', revision: '79f1c02ae20'
System info: os.name: 'Windows 10', os.arch: 'amd64', os.version: '10.0', java.version: '17.0.7'
Driver info: org.openqa.selenium.chrome.ChromeDriver
Command: [2cf28825ea7a8a419a5b05b8e5d35d84, findElement {using=css selector, value=div[class='slds-spinner slds-spinner_brand slds-spinner_small']>div:nth-child(2)r}]
Capabilities {acceptInsecureCerts: false, browserName: chrome, browserVersion: 124.0.6367.92, chrome: {chromedriverVersion: 124.0.6367.91 (51df0e5e17a8..., userDataDir: C:\Users\PRATHA~1.KUM\AppDa...}, fedcm:accounts: true, goog:chromeOptions: {debuggerAddress: localhost:49451}, networkConnectionEnabled: false, pageLoadStrategy: normal, platformName: WINDOWS, proxy: Proxy(), se:cdp: ws://localhost:49451/devtoo..., se:cdpVersion: 124.0.6367.92, setWindowRect: true, strictFileInteractability: false, timeouts: {implicit: 0, pageLoad: 300000, script: 30000}, unhandledPromptBehavior: dismiss and notify, webauthn:extension:credBlob: true, webauthn:extension:largeBlob: true, webauthn:extension:minPinLength: true, webauthn:extension:prf: true, webauthn:virtualAuthenticators: true}
Session ID: 2cf28825ea7a8a419a5b05b8e5d35d84</small> </font> </div>
<div class="test-event"> <font color="maroon"> <small> &emsp; &emsp;--- 05 May 00:09:45 019 - <b>0</b> - Spinner Load Wait: (Sync) - ICar.support.WaitUtils.waitForSpinner(WaitUtils.java:225)</small> </font> </div>
<div class="test-event"> <font color="maroon"> <small> &emsp; &emsp;--- 05 May 00:09:55 092 - Page URL:: https://www.i-car.com/product/air-hammers-and-attachments</small> </font> </div>
<div class="test-event"> <font color="maroon"> <small> &emsp; &emsp;--- 05 May 00:09:55 092 - <b>0</b> - Page Load Wait: (Sync) - ICar.support.Utils.waitForPageLoad(Utils.java:109)</small> </font> </div>
<div class="test-event"> <font color="maroon"> <small> &emsp; &emsp;--- 05 May 00:09:55 110 - Element is displayed:: [[ChromeDriver: chrome on WINDOWS (2cf28825ea7a8a419a5b05b8e5d35d84)] -> xpath: //a[contains(text(),'Back to Courses')]]</small> </font> </div>
<div class="test-event"> <font color="maroon"> <small> &emsp; &emsp;--- 05 May 00:10:02 147 - Catched spinner load exception due to javascript error: {"status":32,"value":"An invalid or illegal selector was specified"}
  (Session info: chrome=124.0.6367.92)
Build info: version: '4.6.0', revision: '79f1c02ae20'
System info: os.name: 'Windows 10', os.arch: 'amd64', os.version: '10.0', java.version: '17.0.7'
Driver info: org.openqa.selenium.chrome.ChromeDriver
Command: [2cf28825ea7a8a419a5b05b8e5d35d84, findElement {using=css selector, value=div[class='slds-spinner slds-spinner_brand slds-spinner_small']>div:nth-child(2)r}]
Capabilities {acceptInsecureCerts: false, browserName: chrome, browserVersion: 124.0.6367.92, chrome: {chromedriverVersion: 124.0.6367.91 (51df0e5e17a8..., userDataDir: C:\Users\PRATHA~1.KUM\AppDa...}, fedcm:accounts: true, goog:chromeOptions: {debuggerAddress: localhost:49451}, networkConnectionEnabled: false, pageLoadStrategy: normal, platformName: WINDOWS, proxy: Proxy(), se:cdp: ws://localhost:49451/devtoo..., se:cdpVersion: 124.0.6367.92, setWindowRect: true, strictFileInteractability: false, timeouts: {implicit: 0, pageLoad: 300000, script: 30000}, unhandledPromptBehavior: dismiss and notify, webauthn:extension:credBlob: true, webauthn:extension:largeBlob: true, webauthn:extension:minPinLength: true, webauthn:extension:prf: true, webauthn:virtualAuthenticators: true}
Session ID: 2cf28825ea7a8a419a5b05b8e5d35d84</small> </font> </div>
<div class="test-event"> <font color="maroon"> <small> &emsp; &emsp;--- 05 May 00:10:02 147 - <b>0</b> - Spinner Load Wait: (Sync) - ICar.support.WaitUtils.waitForSpinner(WaitUtils.java:225)</small> </font> </div>
<div class="test-message">&emsp;Back To Courses is displayed in the page </div>
<div class="test-message">&emsp;Successfully verified Back To Course Link&emsp;<a href=".\ScreenShot\URL_TC001_2721739772864100.png" target="_blank" >[ScreenShot]</a></div>
<div class="test-event"> <font color="maroon"> <small> &emsp; &emsp;--- 05 May 00:10:02 534 - Catched spinner load exception due to javascript error: {"status":32,"value":"An invalid or illegal selector was specified"}
  (Session info: chrome=124.0.6367.92)
Build info: version: '4.6.0', revision: '79f1c02ae20'
System info: os.name: 'Windows 10', os.arch: 'amd64', os.version: '10.0', java.version: '17.0.7'
Driver info: org.openqa.selenium.chrome.ChromeDriver
Command: [2cf28825ea7a8a419a5b05b8e5d35d84, findElement {using=css selector, value=div[class='slds-spinner slds-spinner_brand slds-spinner_small']>div:nth-child(2)r}]
Capabilities {acceptInsecureCerts: false, browserName: chrome, browserVersion: 124.0.6367.92, chrome: {chromedriverVersion: 124.0.6367.91 (51df0e5e17a8..., userDataDir: C:\Users\PRATHA~1.KUM\AppDa...}, fedcm:accounts: true, goog:chromeOptions: {debuggerAddress: localhost:49451}, networkConnectionEnabled: false, pageLoadStrategy: normal, platformName: WINDOWS, proxy: Proxy(), se:cdp: ws://localhost:49451/devtoo..., se:cdpVersion: 124.0.6367.92, setWindowRect: true, strictFileInteractability: false, timeouts: {implicit: 0, pageLoad: 300000, script: 30000}, unhandledPromptBehavior: dismiss and notify, webauthn:extension:credBlob: true, webauthn:extension:largeBlob: true, webauthn:extension:minPinLength: true, webauthn:extension:prf: true, webauthn:virtualAuthenticators: true}
Session ID: 2cf28825ea7a8a419a5b05b8e5d35d84</small> </font> </div>
<div class="test-event"> <font color="maroon"> <small> &emsp; &emsp;--- 05 May 00:10:02 534 - <b>0</b> - Spinner Load Wait: (Sync) - ICar.support.WaitUtils.waitForSpinner(WaitUtils.java:225)</small> </font> </div>
<div class="test-event"> <font color="maroon"> <small> &emsp; &emsp;--- 05 May 00:10:02 599 - Page URL:: https://www.i-car.com/product/air-hammers-and-attachments</small> </font> </div>
<div class="test-event"> <font color="maroon"> <small> &emsp; &emsp;--- 05 May 00:10:02 600 - <b>0</b> - Page Load Wait: (Sync) - ICar.support.Utils.waitForPageLoad(Utils.java:109)</small> </font> </div>
<div class="test-event"> <font color="maroon"> <small> &emsp; &emsp;--- 05 May 00:10:12 649 - Element is displayed:: [[ChromeDriver: chrome on WINDOWS (2cf28825ea7a8a419a5b05b8e5d35d84)] -> xpath: //div[@class='productDetails slds-p-bottom_large']//div[contains(@class,'slds-p-bottom_medium')]]</small> </font> </div>
<div class="test-message">&emsp;Course Name : AirHammersandAttachments is displayed in the URL page</div>
<div class="test-message">&emsp;Successfully verified the course name for relevant link&emsp;<a href=".\ScreenShot\URL_TC001_2721758287263600.png" target="_blank" >[ScreenShot]</a></div>
<div class="test-message">&emsp;
</div>
<div class="test-message">&emsp;123. URL is : https://www.i-car.com/product/pl2-adas-technician</div>
<div class="test-event"> <font color="maroon"> <small> &emsp; &emsp;--- 05 May 00:10:22 111 - Page URL:: https://www.i-car.com/product/pl2-adas-technician</small> </font> </div>
<div class="test-event"> <font color="maroon"> <small> &emsp; &emsp;--- 05 May 00:10:22 111 - <b>0</b> - Page Load Wait: (Sync) - ICar.support.Utils.waitForPageLoad(Utils.java:109)</small> </font> </div>
<div class="test-message">&emsp;Successfully navigated to the :  https://www.i-car.com/product/pl2-adas-technician   Page&emsp;<a href=".\ScreenShot\URL_TC001_2721759725491700.png" target="_blank" >[ScreenShot]</a></div>
<div class="test-event"> <font color="maroon"> <small> &emsp; &emsp;--- 05 May 00:10:22 348 - Page URL:: https://www.i-car.com/product/pl2-adas-technician</small> </font> </div>
<div class="test-event"> <font color="maroon"> <small> &emsp; &emsp;--- 05 May 00:10:22 348 - <b>0</b> - Page Load Wait: (Sync) - ICar.support.Utils.waitForPageLoad(Utils.java:109)</small> </font> </div>
<div class="test-event"> <font color="maroon"> <small> &emsp; &emsp;--- 05 May 00:10:22 357 - Catched spinner load exception due to javascript error: {"status":32,"value":"An invalid or illegal selector was specified"}
  (Session info: chrome=124.0.6367.92)
Build info: version: '4.6.0', revision: '79f1c02ae20'
System info: os.name: 'Windows 10', os.arch: 'amd64', os.version: '10.0', java.version: '17.0.7'
Driver info: org.openqa.selenium.chrome.ChromeDriver
Command: [2cf28825ea7a8a419a5b05b8e5d35d84, findElement {using=css selector, value=div[class='slds-spinner slds-spinner_brand slds-spinner_small']>div:nth-child(2)r}]
Capabilities {acceptInsecureCerts: false, browserName: chrome, browserVersion: 124.0.6367.92, chrome: {chromedriverVersion: 124.0.6367.91 (51df0e5e17a8..., userDataDir: C:\Users\PRATHA~1.KUM\AppDa...}, fedcm:accounts: true, goog:chromeOptions: {debuggerAddress: localhost:49451}, networkConnectionEnabled: false, pageLoadStrategy: normal, platformName: WINDOWS, proxy: Proxy(), se:cdp: ws://localhost:49451/devtoo..., se:cdpVersion: 124.0.6367.92, setWindowRect: true, strictFileInteractability: false, timeouts: {implicit: 0, pageLoad: 300000, script: 30000}, unhandledPromptBehavior: dismiss and notify, webauthn:extension:credBlob: true, webauthn:extension:largeBlob: true, webauthn:extension:minPinLength: true, webauthn:extension:prf: true, webauthn:virtualAuthenticators: true}
Session ID: 2cf28825ea7a8a419a5b05b8e5d35d84</small> </font> </div>
<div class="test-event"> <font color="maroon"> <small> &emsp; &emsp;--- 05 May 00:10:22 357 - <b>0</b> - Spinner Load Wait: (Sync) - ICar.support.WaitUtils.waitForSpinner(WaitUtils.java:225)</small> </font> </div>
<div class="test-event"> <font color="maroon"> <small> &emsp; &emsp;--- 05 May 00:10:32 451 - Page URL:: https://www.i-car.com/product/pl2-adas-technician</small> </font> </div>
<div class="test-event"> <font color="maroon"> <small> &emsp; &emsp;--- 05 May 00:10:32 451 - <b>0</b> - Page Load Wait: (Sync) - ICar.support.Utils.waitForPageLoad(Utils.java:109)</small> </font> </div>
<div class="test-event"> <font color="maroon"> <small> &emsp; &emsp;--- 05 May 00:10:32 469 - Element is displayed:: [[ChromeDriver: chrome on WINDOWS (2cf28825ea7a8a419a5b05b8e5d35d84)] -> xpath: //a[contains(text(),'Back to Courses')]]</small> </font> </div>
<div class="test-event"> <font color="maroon"> <small> &emsp; &emsp;--- 05 May 00:10:39 489 - Catched spinner load exception due to javascript error: {"status":32,"value":"An invalid or illegal selector was specified"}
  (Session info: chrome=124.0.6367.92)
Build info: version: '4.6.0', revision: '79f1c02ae20'
System info: os.name: 'Windows 10', os.arch: 'amd64', os.version: '10.0', java.version: '17.0.7'
Driver info: org.openqa.selenium.chrome.ChromeDriver
Command: [2cf28825ea7a8a419a5b05b8e5d35d84, findElement {using=css selector, value=div[class='slds-spinner slds-spinner_brand slds-spinner_small']>div:nth-child(2)r}]
Capabilities {acceptInsecureCerts: false, browserName: chrome, browserVersion: 124.0.6367.92, chrome: {chromedriverVersion: 124.0.6367.91 (51df0e5e17a8..., userDataDir: C:\Users\PRATHA~1.KUM\AppDa...}, fedcm:accounts: true, goog:chromeOptions: {debuggerAddress: localhost:49451}, networkConnectionEnabled: false, pageLoadStrategy: normal, platformName: WINDOWS, proxy: Proxy(), se:cdp: ws://localhost:49451/devtoo..., se:cdpVersion: 124.0.6367.92, setWindowRect: true, strictFileInteractability: false, timeouts: {implicit: 0, pageLoad: 300000, script: 30000}, unhandledPromptBehavior: dismiss and notify, webauthn:extension:credBlob: true, webauthn:extension:largeBlob: true, webauthn:extension:minPinLength: true, webauthn:extension:prf: true, webauthn:virtualAuthenticators: true}
Session ID: 2cf28825ea7a8a419a5b05b8e5d35d84</small> </font> </div>
<div class="test-event"> <font color="maroon"> <small> &emsp; &emsp;--- 05 May 00:10:39 489 - <b>0</b> - Spinner Load Wait: (Sync) - ICar.support.WaitUtils.waitForSpinner(WaitUtils.java:225)</small> </font> </div>
<div class="test-message">&emsp;Back To Courses is displayed in the page </div>
<div class="test-message">&emsp;Successfully verified Back To Course Link&emsp;<a href=".\ScreenShot\URL_TC001_2721777114157600.png" target="_blank" >[ScreenShot]</a></div>
<div class="test-event"> <font color="maroon"> <small> &emsp; &emsp;--- 05 May 00:10:39 719 - Catched spinner load exception due to javascript error: {"status":32,"value":"An invalid or illegal selector was specified"}
  (Session info: chrome=124.0.6367.92)
Build info: version: '4.6.0', revision: '79f1c02ae20'
System info: os.name: 'Windows 10', os.arch: 'amd64', os.version: '10.0', java.version: '17.0.7'
Driver info: org.openqa.selenium.chrome.ChromeDriver
Command: [2cf28825ea7a8a419a5b05b8e5d35d84, findElement {using=css selector, value=div[class='slds-spinner slds-spinner_brand slds-spinner_small']>div:nth-child(2)r}]
Capabilities {acceptInsecureCerts: false, browserName: chrome, browserVersion: 124.0.6367.92, chrome: {chromedriverVersion: 124.0.6367.91 (51df0e5e17a8..., userDataDir: C:\Users\PRATHA~1.KUM\AppDa...}, fedcm:accounts: true, goog:chromeOptions: {debuggerAddress: localhost:49451}, networkConnectionEnabled: false, pageLoadStrategy: normal, platformName: WINDOWS, proxy: Proxy(), se:cdp: ws://localhost:49451/devtoo..., se:cdpVersion: 124.0.6367.92, setWindowRect: true, strictFileInteractability: false, timeouts: {implicit: 0, pageLoad: 300000, script: 30000}, unhandledPromptBehavior: dismiss and notify, webauthn:extension:credBlob: true, webauthn:extension:largeBlob: true, webauthn:extension:minPinLength: true, webauthn:extension:prf: true, webauthn:virtualAuthenticators: true}
Session ID: 2cf28825ea7a8a419a5b05b8e5d35d84</small> </font> </div>
<div class="test-event"> <font color="maroon"> <small> &emsp; &emsp;--- 05 May 00:10:39 720 - <b>0</b> - Spinner Load Wait: (Sync) - ICar.support.WaitUtils.waitForSpinner(WaitUtils.java:225)</small> </font> </div>
<div class="test-event"> <font color="maroon"> <small> &emsp; &emsp;--- 05 May 00:10:39 800 - Page URL:: https://www.i-car.com/product/pl2-adas-technician</small> </font> </div>
<div class="test-event"> <font color="maroon"> <small> &emsp; &emsp;--- 05 May 00:10:39 800 - <b>0</b> - Page Load Wait: (Sync) - ICar.support.Utils.waitForPageLoad(Utils.java:109)</small> </font> </div>
<div class="test-event"> <font color="maroon"> <small> &emsp; &emsp;--- 05 May 00:10:49 854 - Element is displayed:: [[ChromeDriver: chrome on WINDOWS (2cf28825ea7a8a419a5b05b8e5d35d84)] -> xpath: //div[@class='productDetails slds-p-bottom_large']//div[contains(@class,'slds-p-bottom_medium')]]</small> </font> </div>
<div class="test-message">&emsp;Course Name : PL2ADASTechnician is displayed in the URL page</div>
<div class="test-message">&emsp;Successfully verified the course name for relevant link&emsp;<a href=".\ScreenShot\URL_TC001_2721795487442400.png" target="_blank" >[ScreenShot]</a></div>
<div class="test-message">&emsp;
</div>
<div class="test-message">&emsp;124. URL is : https://www.i-car.com/product/sanding-blocks-and-nib-removal-tools</div>
<div class="test-event"> <font color="maroon"> <small> &emsp; &emsp;--- 05 May 00:10:59 396 - Page URL:: https://www.i-car.com/product/sanding-blocks-and-nib-removal-tools</small> </font> </div>
<div class="test-event"> <font color="maroon"> <small> &emsp; &emsp;--- 05 May 00:10:59 396 - <b>0</b> - Page Load Wait: (Sync) - ICar.support.Utils.waitForPageLoad(Utils.java:109)</small> </font> </div>
<div class="test-message">&emsp;Successfully navigated to the :  https://www.i-car.com/product/sanding-blocks-and-nib-removal-tools   Page&emsp;<a href=".\ScreenShot\URL_TC001_2721797010133100.png" target="_blank" >[ScreenShot]</a></div>
<div class="test-event"> <font color="maroon"> <small> &emsp; &emsp;--- 05 May 00:10:59 696 - Page URL:: https://www.i-car.com/product/sanding-blocks-and-nib-removal-tools</small> </font> </div>
<div class="test-event"> <font color="maroon"> <small> &emsp; &emsp;--- 05 May 00:10:59 696 - <b>0</b> - Page Load Wait: (Sync) - ICar.support.Utils.waitForPageLoad(Utils.java:109)</small> </font> </div>
<div class="test-event"> <font color="maroon"> <small> &emsp; &emsp;--- 05 May 00:10:59 705 - Catched spinner load exception due to javascript error: {"status":32,"value":"An invalid or illegal selector was specified"}
  (Session info: chrome=124.0.6367.92)
Build info: version: '4.6.0', revision: '79f1c02ae20'
System info: os.name: 'Windows 10', os.arch: 'amd64', os.version: '10.0', java.version: '17.0.7'
Driver info: org.openqa.selenium.chrome.ChromeDriver
Command: [2cf28825ea7a8a419a5b05b8e5d35d84, findElement {using=css selector, value=div[class='slds-spinner slds-spinner_brand slds-spinner_small']>div:nth-child(2)r}]
Capabilities {acceptInsecureCerts: false, browserName: chrome, browserVersion: 124.0.6367.92, chrome: {chromedriverVersion: 124.0.6367.91 (51df0e5e17a8..., userDataDir: C:\Users\PRATHA~1.KUM\AppDa...}, fedcm:accounts: true, goog:chromeOptions: {debuggerAddress: localhost:49451}, networkConnectionEnabled: false, pageLoadStrategy: normal, platformName: WINDOWS, proxy: Proxy(), se:cdp: ws://localhost:49451/devtoo..., se:cdpVersion: 124.0.6367.92, setWindowRect: true, strictFileInteractability: false, timeouts: {implicit: 0, pageLoad: 300000, script: 30000}, unhandledPromptBehavior: dismiss and notify, webauthn:extension:credBlob: true, webauthn:extension:largeBlob: true, webauthn:extension:minPinLength: true, webauthn:extension:prf: true, webauthn:virtualAuthenticators: true}
Session ID: 2cf28825ea7a8a419a5b05b8e5d35d84</small> </font> </div>
<div class="test-event"> <font color="maroon"> <small> &emsp; &emsp;--- 05 May 00:10:59 705 - <b>0</b> - Spinner Load Wait: (Sync) - ICar.support.WaitUtils.waitForSpinner(WaitUtils.java:225)</small> </font> </div>
<div class="test-event"> <font color="maroon"> <small> &emsp; &emsp;--- 05 May 00:11:09 816 - Page URL:: https://www.i-car.com/product/sanding-blocks-and-nib-removal-tools</small> </font> </div>
<div class="test-event"> <font color="maroon"> <small> &emsp; &emsp;--- 05 May 00:11:09 816 - <b>0</b> - Page Load Wait: (Sync) - ICar.support.Utils.waitForPageLoad(Utils.java:109)</small> </font> </div>
<div class="test-event"> <font color="maroon"> <small> &emsp; &emsp;--- 05 May 00:11:09 834 - Element is displayed:: [[ChromeDriver: chrome on WINDOWS (2cf28825ea7a8a419a5b05b8e5d35d84)] -> xpath: //a[contains(text(),'Back to Courses')]]</small> </font> </div>
<div class="test-event"> <font color="maroon"> <small> &emsp; &emsp;--- 05 May 00:11:16 865 - Catched spinner load exception due to javascript error: {"status":32,"value":"An invalid or illegal selector was specified"}
  (Session info: chrome=124.0.6367.92)
Build info: version: '4.6.0', revision: '79f1c02ae20'
System info: os.name: 'Windows 10', os.arch: 'amd64', os.version: '10.0', java.version: '17.0.7'
Driver info: org.openqa.selenium.chrome.ChromeDriver
Command: [2cf28825ea7a8a419a5b05b8e5d35d84, findElement {using=css selector, value=div[class='slds-spinner slds-spinner_brand slds-spinner_small']>div:nth-child(2)r}]
Capabilities {acceptInsecureCerts: false, browserName: chrome, browserVersion: 124.0.6367.92, chrome: {chromedriverVersion: 124.0.6367.91 (51df0e5e17a8..., userDataDir: C:\Users\PRATHA~1.KUM\AppDa...}, fedcm:accounts: true, goog:chromeOptions: {debuggerAddress: localhost:49451}, networkConnectionEnabled: false, pageLoadStrategy: normal, platformName: WINDOWS, proxy: Proxy(), se:cdp: ws://localhost:49451/devtoo..., se:cdpVersion: 124.0.6367.92, setWindowRect: true, strictFileInteractability: false, timeouts: {implicit: 0, pageLoad: 300000, script: 30000}, unhandledPromptBehavior: dismiss and notify, webauthn:extension:credBlob: true, webauthn:extension:largeBlob: true, webauthn:extension:minPinLength: true, webauthn:extension:prf: true, webauthn:virtualAuthenticators: true}
Session ID: 2cf28825ea7a8a419a5b05b8e5d35d84</small> </font> </div>
<div class="test-event"> <font color="maroon"> <small> &emsp; &emsp;--- 05 May 00:11:16 865 - <b>0</b> - Spinner Load Wait: (Sync) - ICar.support.WaitUtils.waitForSpinner(WaitUtils.java:225)</small> </font> </div>
<div class="test-message">&emsp;Back To Courses is displayed in the page </div>
<div class="test-message">&emsp;Successfully verified Back To Course Link&emsp;<a href=".\ScreenShot\URL_TC001_2721814489279300.png" target="_blank" >[ScreenShot]</a></div>
<div class="test-event"> <font color="maroon"> <small> &emsp; &emsp;--- 05 May 00:11:17 111 - Catched spinner load exception due to javascript error: {"status":32,"value":"An invalid or illegal selector was specified"}
  (Session info: chrome=124.0.6367.92)
Build info: version: '4.6.0', revision: '79f1c02ae20'
System info: os.name: 'Windows 10', os.arch: 'amd64', os.version: '10.0', java.version: '17.0.7'
Driver info: org.openqa.selenium.chrome.ChromeDriver
Command: [2cf28825ea7a8a419a5b05b8e5d35d84, findElement {using=css selector, value=div[class='slds-spinner slds-spinner_brand slds-spinner_small']>div:nth-child(2)r}]
Capabilities {acceptInsecureCerts: false, browserName: chrome, browserVersion: 124.0.6367.92, chrome: {chromedriverVersion: 124.0.6367.91 (51df0e5e17a8..., userDataDir: C:\Users\PRATHA~1.KUM\AppDa...}, fedcm:accounts: true, goog:chromeOptions: {debuggerAddress: localhost:49451}, networkConnectionEnabled: false, pageLoadStrategy: normal, platformName: WINDOWS, proxy: Proxy(), se:cdp: ws://localhost:49451/devtoo..., se:cdpVersion: 124.0.6367.92, setWindowRect: true, strictFileInteractability: false, timeouts: {implicit: 0, pageLoad: 300000, script: 30000}, unhandledPromptBehavior: dismiss and notify, webauthn:extension:credBlob: true, webauthn:extension:largeBlob: true, webauthn:extension:minPinLength: true, webauthn:extension:prf: true, webauthn:virtualAuthenticators: true}
Session ID: 2cf28825ea7a8a419a5b05b8e5d35d84</small> </font> </div>
<div class="test-event"> <font color="maroon"> <small> &emsp; &emsp;--- 05 May 00:11:17 111 - <b>0</b> - Spinner Load Wait: (Sync) - ICar.support.WaitUtils.waitForSpinner(WaitUtils.java:225)</small> </font> </div>
<div class="test-event"> <font color="maroon"> <small> &emsp; &emsp;--- 05 May 00:11:17 176 - Page URL:: https://www.i-car.com/product/sanding-blocks-and-nib-removal-tools</small> </font> </div>
<div class="test-event"> <font color="maroon"> <small> &emsp; &emsp;--- 05 May 00:11:17 177 - <b>0</b> - Page Load Wait: (Sync) - ICar.support.Utils.waitForPageLoad(Utils.java:109)</small> </font> </div>
<div class="test-event"> <font color="maroon"> <small> &emsp; &emsp;--- 05 May 00:11:27 218 - Element is displayed:: [[ChromeDriver: chrome on WINDOWS (2cf28825ea7a8a419a5b05b8e5d35d84)] -> xpath: //div[@class='productDetails slds-p-bottom_large']//div[contains(@class,'slds-p-bottom_medium')]]</small> </font> </div>
<div class="test-message">&emsp;Course Name : SandingBlocksandNibRemovalTools is displayed in the URL page</div>
<div class="test-message">&emsp;Successfully verified the course name for relevant link&emsp;<a href=".\ScreenShot\URL_TC001_2721832854481400.png" target="_blank" >[ScreenShot]</a></div>
<div class="test-message">&emsp;
</div>
<div class="test-message">&emsp;125. URL is : https://www.i-car.com/product/ford-explorer-2021-electromechanical-repairs</div>
<div class="test-event"> <font color="maroon"> <small> &emsp; &emsp;--- 05 May 00:11:36 664 - Page URL:: https://www.i-car.com/product/ford-explorer-2021-electromechanical-repairs</small> </font> </div>
<div class="test-event"> <font color="maroon"> <small> &emsp; &emsp;--- 05 May 00:11:36 664 - <b>0</b> - Page Load Wait: (Sync) - ICar.support.Utils.waitForPageLoad(Utils.java:109)</small> </font> </div>
<div class="test-message">&emsp;Successfully navigated to the :  https://www.i-car.com/product/ford-explorer-2021-electromechanical-repairs   Page&emsp;<a href=".\ScreenShot\URL_TC001_2721834277528000.png" target="_blank" >[ScreenShot]</a></div>
<div class="test-event"> <font color="maroon"> <small> &emsp; &emsp;--- 05 May 00:11:36 909 - Page URL:: https://www.i-car.com/product/ford-explorer-2021-electromechanical-repairs</small> </font> </div>
<div class="test-event"> <font color="maroon"> <small> &emsp; &emsp;--- 05 May 00:11:36 909 - <b>0</b> - Page Load Wait: (Sync) - ICar.support.Utils.waitForPageLoad(Utils.java:109)</small> </font> </div>
<div class="test-event"> <font color="maroon"> <small> &emsp; &emsp;--- 05 May 00:11:36 918 - Catched spinner load exception due to javascript error: {"status":32,"value":"An invalid or illegal selector was specified"}
  (Session info: chrome=124.0.6367.92)
Build info: version: '4.6.0', revision: '79f1c02ae20'
System info: os.name: 'Windows 10', os.arch: 'amd64', os.version: '10.0', java.version: '17.0.7'
Driver info: org.openqa.selenium.chrome.ChromeDriver
Command: [2cf28825ea7a8a419a5b05b8e5d35d84, findElement {using=css selector, value=div[class='slds-spinner slds-spinner_brand slds-spinner_small']>div:nth-child(2)r}]
Capabilities {acceptInsecureCerts: false, browserName: chrome, browserVersion: 124.0.6367.92, chrome: {chromedriverVersion: 124.0.6367.91 (51df0e5e17a8..., userDataDir: C:\Users\PRATHA~1.KUM\AppDa...}, fedcm:accounts: true, goog:chromeOptions: {debuggerAddress: localhost:49451}, networkConnectionEnabled: false, pageLoadStrategy: normal, platformName: WINDOWS, proxy: Proxy(), se:cdp: ws://localhost:49451/devtoo..., se:cdpVersion: 124.0.6367.92, setWindowRect: true, strictFileInteractability: false, timeouts: {implicit: 0, pageLoad: 300000, script: 30000}, unhandledPromptBehavior: dismiss and notify, webauthn:extension:credBlob: true, webauthn:extension:largeBlob: true, webauthn:extension:minPinLength: true, webauthn:extension:prf: true, webauthn:virtualAuthenticators: true}
Session ID: 2cf28825ea7a8a419a5b05b8e5d35d84</small> </font> </div>
<div class="test-event"> <font color="maroon"> <small> &emsp; &emsp;--- 05 May 00:11:36 918 - <b>0</b> - Spinner Load Wait: (Sync) - ICar.support.WaitUtils.waitForSpinner(WaitUtils.java:225)</small> </font> </div>
<div class="test-event"> <font color="maroon"> <small> &emsp; &emsp;--- 05 May 00:11:47 002 - Page URL:: https://www.i-car.com/product/ford-explorer-2021-electromechanical-repairs</small> </font> </div>
<div class="test-event"> <font color="maroon"> <small> &emsp; &emsp;--- 05 May 00:11:47 002 - <b>0</b> - Page Load Wait: (Sync) - ICar.support.Utils.waitForPageLoad(Utils.java:109)</small> </font> </div>
<div class="test-event"> <font color="maroon"> <small> &emsp; &emsp;--- 05 May 00:11:47 020 - Element is displayed:: [[ChromeDriver: chrome on WINDOWS (2cf28825ea7a8a419a5b05b8e5d35d84)] -> xpath: //a[contains(text(),'Back to Courses')]]</small> </font> </div>
<div class="test-event"> <font color="maroon"> <small> &emsp; &emsp;--- 05 May 00:11:54 052 - Catched spinner load exception due to javascript error: {"status":32,"value":"An invalid or illegal selector was specified"}
  (Session info: chrome=124.0.6367.92)
Build info: version: '4.6.0', revision: '79f1c02ae20'
System info: os.name: 'Windows 10', os.arch: 'amd64', os.version: '10.0', java.version: '17.0.7'
Driver info: org.openqa.selenium.chrome.ChromeDriver
Command: [2cf28825ea7a8a419a5b05b8e5d35d84, findElement {using=css selector, value=div[class='slds-spinner slds-spinner_brand slds-spinner_small']>div:nth-child(2)r}]
Capabilities {acceptInsecureCerts: false, browserName: chrome, browserVersion: 124.0.6367.92, chrome: {chromedriverVersion: 124.0.6367.91 (51df0e5e17a8..., userDataDir: C:\Users\PRATHA~1.KUM\AppDa...}, fedcm:accounts: true, goog:chromeOptions: {debuggerAddress: localhost:49451}, networkConnectionEnabled: false, pageLoadStrategy: normal, platformName: WINDOWS, proxy: Proxy(), se:cdp: ws://localhost:49451/devtoo..., se:cdpVersion: 124.0.6367.92, setWindowRect: true, strictFileInteractability: false, timeouts: {implicit: 0, pageLoad: 300000, script: 30000}, unhandledPromptBehavior: dismiss and notify, webauthn:extension:credBlob: true, webauthn:extension:largeBlob: true, webauthn:extension:minPinLength: true, webauthn:extension:prf: true, webauthn:virtualAuthenticators: true}
Session ID: 2cf28825ea7a8a419a5b05b8e5d35d84</small> </font> </div>
<div class="test-event"> <font color="maroon"> <small> &emsp; &emsp;--- 05 May 00:11:54 052 - <b>0</b> - Spinner Load Wait: (Sync) - ICar.support.WaitUtils.waitForSpinner(WaitUtils.java:225)</small> </font> </div>
<div class="test-message">&emsp;Back To Courses is displayed in the page </div>
<div class="test-message">&emsp;Successfully verified Back To Course Link&emsp;<a href=".\ScreenShot\URL_TC001_2721851675018900.png" target="_blank" >[ScreenShot]</a></div>
<div class="test-event"> <font color="maroon"> <small> &emsp; &emsp;--- 05 May 00:11:54 295 - Catched spinner load exception due to javascript error: {"status":32,"value":"An invalid or illegal selector was specified"}
  (Session info: chrome=124.0.6367.92)
Build info: version: '4.6.0', revision: '79f1c02ae20'
System info: os.name: 'Windows 10', os.arch: 'amd64', os.version: '10.0', java.version: '17.0.7'
Driver info: org.openqa.selenium.chrome.ChromeDriver
Command: [2cf28825ea7a8a419a5b05b8e5d35d84, findElement {using=css selector, value=div[class='slds-spinner slds-spinner_brand slds-spinner_small']>div:nth-child(2)r}]
Capabilities {acceptInsecureCerts: false, browserName: chrome, browserVersion: 124.0.6367.92, chrome: {chromedriverVersion: 124.0.6367.91 (51df0e5e17a8..., userDataDir: C:\Users\PRATHA~1.KUM\AppDa...}, fedcm:accounts: true, goog:chromeOptions: {debuggerAddress: localhost:49451}, networkConnectionEnabled: false, pageLoadStrategy: normal, platformName: WINDOWS, proxy: Proxy(), se:cdp: ws://localhost:49451/devtoo..., se:cdpVersion: 124.0.6367.92, setWindowRect: true, strictFileInteractability: false, timeouts: {implicit: 0, pageLoad: 300000, script: 30000}, unhandledPromptBehavior: dismiss and notify, webauthn:extension:credBlob: true, webauthn:extension:largeBlob: true, webauthn:extension:minPinLength: true, webauthn:extension:prf: true, webauthn:virtualAuthenticators: true}
Session ID: 2cf28825ea7a8a419a5b05b8e5d35d84</small> </font> </div>
<div class="test-event"> <font color="maroon"> <small> &emsp; &emsp;--- 05 May 00:11:54 295 - <b>0</b> - Spinner Load Wait: (Sync) - ICar.support.WaitUtils.waitForSpinner(WaitUtils.java:225)</small> </font> </div>
<div class="test-event"> <font color="maroon"> <small> &emsp; &emsp;--- 05 May 00:11:54 361 - Page URL:: https://www.i-car.com/product/ford-explorer-2021-electromechanical-repairs</small> </font> </div>
<div class="test-event"> <font color="maroon"> <small> &emsp; &emsp;--- 05 May 00:11:54 361 - <b>0</b> - Page Load Wait: (Sync) - ICar.support.Utils.waitForPageLoad(Utils.java:109)</small> </font> </div>
<div class="test-event"> <font color="maroon"> <small> &emsp; &emsp;--- 05 May 00:12:04 416 - Element is displayed:: [[ChromeDriver: chrome on WINDOWS (2cf28825ea7a8a419a5b05b8e5d35d84)] -> xpath: //div[@class='productDetails slds-p-bottom_large']//div[contains(@class,'slds-p-bottom_medium')]]</small> </font> </div>
<div class="test-message">&emsp;Course Name : FordExplorer2021ElectromechanicalRepairs is displayed in the URL page</div>
<div class="test-message">&emsp;Successfully verified the course name for relevant link&emsp;<a href=".\ScreenShot\URL_TC001_2721870054811600.png" target="_blank" >[ScreenShot]</a></div>
<div class="test-message">&emsp;
</div>
<div class="test-message">&emsp;126. URL is : https://www.i-car.com/product/body-hammers-dollies-spoons-picks-and-files</div>
<div class="test-event"> <font color="maroon"> <small> &emsp; &emsp;--- 05 May 00:12:13 847 - Page URL:: https://www.i-car.com/product/body-hammers-dollies-spoons-picks-and-files</small> </font> </div>
<div class="test-event"> <font color="maroon"> <small> &emsp; &emsp;--- 05 May 00:12:13 847 - <b>0</b> - Page Load Wait: (Sync) - ICar.support.Utils.waitForPageLoad(Utils.java:109)</small> </font> </div>
<div class="test-message">&emsp;Successfully navigated to the :  https://www.i-car.com/product/body-hammers-dollies-spoons-picks-and-files   Page&emsp;<a href=".\ScreenShot\URL_TC001_2721871459302700.png" target="_blank" >[ScreenShot]</a></div>
<div class="test-event"> <font color="maroon"> <small> &emsp; &emsp;--- 05 May 00:12:14 143 - Page URL:: https://www.i-car.com/product/body-hammers-dollies-spoons-picks-and-files</small> </font> </div>
<div class="test-event"> <font color="maroon"> <small> &emsp; &emsp;--- 05 May 00:12:14 143 - <b>0</b> - Page Load Wait: (Sync) - ICar.support.Utils.waitForPageLoad(Utils.java:109)</small> </font> </div>
<div class="test-event"> <font color="maroon"> <small> &emsp; &emsp;--- 05 May 00:12:14 150 - Catched spinner load exception due to javascript error: {"status":32,"value":"An invalid or illegal selector was specified"}
  (Session info: chrome=124.0.6367.92)
Build info: version: '4.6.0', revision: '79f1c02ae20'
System info: os.name: 'Windows 10', os.arch: 'amd64', os.version: '10.0', java.version: '17.0.7'
Driver info: org.openqa.selenium.chrome.ChromeDriver
Command: [2cf28825ea7a8a419a5b05b8e5d35d84, findElement {using=css selector, value=div[class='slds-spinner slds-spinner_brand slds-spinner_small']>div:nth-child(2)r}]
Capabilities {acceptInsecureCerts: false, browserName: chrome, browserVersion: 124.0.6367.92, chrome: {chromedriverVersion: 124.0.6367.91 (51df0e5e17a8..., userDataDir: C:\Users\PRATHA~1.KUM\AppDa...}, fedcm:accounts: true, goog:chromeOptions: {debuggerAddress: localhost:49451}, networkConnectionEnabled: false, pageLoadStrategy: normal, platformName: WINDOWS, proxy: Proxy(), se:cdp: ws://localhost:49451/devtoo..., se:cdpVersion: 124.0.6367.92, setWindowRect: true, strictFileInteractability: false, timeouts: {implicit: 0, pageLoad: 300000, script: 30000}, unhandledPromptBehavior: dismiss and notify, webauthn:extension:credBlob: true, webauthn:extension:largeBlob: true, webauthn:extension:minPinLength: true, webauthn:extension:prf: true, webauthn:virtualAuthenticators: true}
Session ID: 2cf28825ea7a8a419a5b05b8e5d35d84</small> </font> </div>
<div class="test-event"> <font color="maroon"> <small> &emsp; &emsp;--- 05 May 00:12:14 150 - <b>0</b> - Spinner Load Wait: (Sync) - ICar.support.WaitUtils.waitForSpinner(WaitUtils.java:225)</small> </font> </div>
<div class="test-event"> <font color="maroon"> <small> &emsp; &emsp;--- 05 May 00:12:24 259 - Page URL:: https://www.i-car.com/product/body-hammers-dollies-spoons-picks-and-files</small> </font> </div>
<div class="test-event"> <font color="maroon"> <small> &emsp; &emsp;--- 05 May 00:12:24 259 - <b>0</b> - Page Load Wait: (Sync) - ICar.support.Utils.waitForPageLoad(Utils.java:109)</small> </font> </div>
<div class="test-event"> <font color="maroon"> <small> &emsp; &emsp;--- 05 May 00:12:24 276 - Element is displayed:: [[ChromeDriver: chrome on WINDOWS (2cf28825ea7a8a419a5b05b8e5d35d84)] -> xpath: //a[contains(text(),'Back to Courses')]]</small> </font> </div>
<div class="test-event"> <font color="maroon"> <small> &emsp; &emsp;--- 05 May 00:12:31 304 - Catched spinner load exception due to javascript error: {"status":32,"value":"An invalid or illegal selector was specified"}
  (Session info: chrome=124.0.6367.92)
Build info: version: '4.6.0', revision: '79f1c02ae20'
System info: os.name: 'Windows 10', os.arch: 'amd64', os.version: '10.0', java.version: '17.0.7'
Driver info: org.openqa.selenium.chrome.ChromeDriver
Command: [2cf28825ea7a8a419a5b05b8e5d35d84, findElement {using=css selector, value=div[class='slds-spinner slds-spinner_brand slds-spinner_small']>div:nth-child(2)r}]
Capabilities {acceptInsecureCerts: false, browserName: chrome, browserVersion: 124.0.6367.92, chrome: {chromedriverVersion: 124.0.6367.91 (51df0e5e17a8..., userDataDir: C:\Users\PRATHA~1.KUM\AppDa...}, fedcm:accounts: true, goog:chromeOptions: {debuggerAddress: localhost:49451}, networkConnectionEnabled: false, pageLoadStrategy: normal, platformName: WINDOWS, proxy: Proxy(), se:cdp: ws://localhost:49451/devtoo..., se:cdpVersion: 124.0.6367.92, setWindowRect: true, strictFileInteractability: false, timeouts: {implicit: 0, pageLoad: 300000, script: 30000}, unhandledPromptBehavior: dismiss and notify, webauthn:extension:credBlob: true, webauthn:extension:largeBlob: true, webauthn:extension:minPinLength: true, webauthn:extension:prf: true, webauthn:virtualAuthenticators: true}
Session ID: 2cf28825ea7a8a419a5b05b8e5d35d84</small> </font> </div>
<div class="test-event"> <font color="maroon"> <small> &emsp; &emsp;--- 05 May 00:12:31 304 - <b>0</b> - Spinner Load Wait: (Sync) - ICar.support.WaitUtils.waitForSpinner(WaitUtils.java:225)</small> </font> </div>
<div class="test-message">&emsp;Back To Courses is displayed in the page </div>
<div class="test-message">&emsp;Successfully verified Back To Course Link&emsp;<a href=".\ScreenShot\URL_TC001_2721888925586500.png" target="_blank" >[ScreenShot]</a></div>
<div class="test-event"> <font color="maroon"> <small> &emsp; &emsp;--- 05 May 00:12:31 551 - Catched spinner load exception due to javascript error: {"status":32,"value":"An invalid or illegal selector was specified"}
  (Session info: chrome=124.0.6367.92)
Build info: version: '4.6.0', revision: '79f1c02ae20'
System info: os.name: 'Windows 10', os.arch: 'amd64', os.version: '10.0', java.version: '17.0.7'
Driver info: org.openqa.selenium.chrome.ChromeDriver
Command: [2cf28825ea7a8a419a5b05b8e5d35d84, findElement {using=css selector, value=div[class='slds-spinner slds-spinner_brand slds-spinner_small']>div:nth-child(2)r}]
Capabilities {acceptInsecureCerts: false, browserName: chrome, browserVersion: 124.0.6367.92, chrome: {chromedriverVersion: 124.0.6367.91 (51df0e5e17a8..., userDataDir: C:\Users\PRATHA~1.KUM\AppDa...}, fedcm:accounts: true, goog:chromeOptions: {debuggerAddress: localhost:49451}, networkConnectionEnabled: false, pageLoadStrategy: normal, platformName: WINDOWS, proxy: Proxy(), se:cdp: ws://localhost:49451/devtoo..., se:cdpVersion: 124.0.6367.92, setWindowRect: true, strictFileInteractability: false, timeouts: {implicit: 0, pageLoad: 300000, script: 30000}, unhandledPromptBehavior: dismiss and notify, webauthn:extension:credBlob: true, webauthn:extension:largeBlob: true, webauthn:extension:minPinLength: true, webauthn:extension:prf: true, webauthn:virtualAuthenticators: true}
Session ID: 2cf28825ea7a8a419a5b05b8e5d35d84</small> </font> </div>
<div class="test-event"> <font color="maroon"> <small> &emsp; &emsp;--- 05 May 00:12:31 551 - <b>0</b> - Spinner Load Wait: (Sync) - ICar.support.WaitUtils.waitForSpinner(WaitUtils.java:225)</small> </font> </div>
<div class="test-event"> <font color="maroon"> <small> &emsp; &emsp;--- 05 May 00:12:31 615 - Page URL:: https://www.i-car.com/product/body-hammers-dollies-spoons-picks-and-files</small> </font> </div>
<div class="test-event"> <font color="maroon"> <small> &emsp; &emsp;--- 05 May 00:12:31 615 - <b>0</b> - Page Load Wait: (Sync) - ICar.support.Utils.waitForPageLoad(Utils.java:109)</small> </font> </div>
<div class="test-event"> <font color="maroon"> <small> &emsp; &emsp;--- 05 May 00:12:41 662 - Element is displayed:: [[ChromeDriver: chrome on WINDOWS (2cf28825ea7a8a419a5b05b8e5d35d84)] -> xpath: //div[@class='productDetails slds-p-bottom_large']//div[contains(@class,'slds-p-bottom_medium')]]</small> </font> </div>
<div class="test-message">&emsp;Course Name : BodyHammersDolliesSpoonsPicksandFiles is displayed in the URL page</div>
<div class="test-message">&emsp;Successfully verified the course name for relevant link&emsp;<a href=".\ScreenShot\URL_TC001_2721907303748700.png" target="_blank" >[ScreenShot]</a></div>
<div class="test-message">&emsp;
</div>
<div class="test-message">&emsp;127. URL is : https://www.i-car.com/product/sanding-blocks-for-cosmetic-straightening</div>
<div class="test-event"> <font color="maroon"> <small> &emsp; &emsp;--- 05 May 00:12:51 149 - Page URL:: https://www.i-car.com/product/sanding-blocks-for-cosmetic-straightening</small> </font> </div>
<div class="test-event"> <font color="maroon"> <small> &emsp; &emsp;--- 05 May 00:12:51 150 - <b>0</b> - Page Load Wait: (Sync) - ICar.support.Utils.waitForPageLoad(Utils.java:109)</small> </font> </div>
<div class="test-message">&emsp;Successfully navigated to the :  https://www.i-car.com/product/sanding-blocks-for-cosmetic-straightening   Page&emsp;<a href=".\ScreenShot\URL_TC001_2721908760898600.png" target="_blank" >[ScreenShot]</a></div>
<div class="test-event"> <font color="maroon"> <small> &emsp; &emsp;--- 05 May 00:12:51 399 - Page URL:: https://www.i-car.com/product/sanding-blocks-for-cosmetic-straightening</small> </font> </div>
<div class="test-event"> <font color="maroon"> <small> &emsp; &emsp;--- 05 May 00:12:51 399 - <b>0</b> - Page Load Wait: (Sync) - ICar.support.Utils.waitForPageLoad(Utils.java:109)</small> </font> </div>
<div class="test-event"> <font color="maroon"> <small> &emsp; &emsp;--- 05 May 00:12:51 407 - Catched spinner load exception due to javascript error: {"status":32,"value":"An invalid or illegal selector was specified"}
  (Session info: chrome=124.0.6367.92)
Build info: version: '4.6.0', revision: '79f1c02ae20'
System info: os.name: 'Windows 10', os.arch: 'amd64', os.version: '10.0', java.version: '17.0.7'
Driver info: org.openqa.selenium.chrome.ChromeDriver
Command: [2cf28825ea7a8a419a5b05b8e5d35d84, findElement {using=css selector, value=div[class='slds-spinner slds-spinner_brand slds-spinner_small']>div:nth-child(2)r}]
Capabilities {acceptInsecureCerts: false, browserName: chrome, browserVersion: 124.0.6367.92, chrome: {chromedriverVersion: 124.0.6367.91 (51df0e5e17a8..., userDataDir: C:\Users\PRATHA~1.KUM\AppDa...}, fedcm:accounts: true, goog:chromeOptions: {debuggerAddress: localhost:49451}, networkConnectionEnabled: false, pageLoadStrategy: normal, platformName: WINDOWS, proxy: Proxy(), se:cdp: ws://localhost:49451/devtoo..., se:cdpVersion: 124.0.6367.92, setWindowRect: true, strictFileInteractability: false, timeouts: {implicit: 0, pageLoad: 300000, script: 30000}, unhandledPromptBehavior: dismiss and notify, webauthn:extension:credBlob: true, webauthn:extension:largeBlob: true, webauthn:extension:minPinLength: true, webauthn:extension:prf: true, webauthn:virtualAuthenticators: true}
Session ID: 2cf28825ea7a8a419a5b05b8e5d35d84</small> </font> </div>
<div class="test-event"> <font color="maroon"> <small> &emsp; &emsp;--- 05 May 00:12:51 408 - <b>0</b> - Spinner Load Wait: (Sync) - ICar.support.WaitUtils.waitForSpinner(WaitUtils.java:225)</small> </font> </div>
<div class="test-event"> <font color="maroon"> <small> &emsp; &emsp;--- 05 May 00:13:01 488 - Page URL:: https://www.i-car.com/product/sanding-blocks-for-cosmetic-straightening</small> </font> </div>
<div class="test-event"> <font color="maroon"> <small> &emsp; &emsp;--- 05 May 00:13:01 488 - <b>0</b> - Page Load Wait: (Sync) - ICar.support.Utils.waitForPageLoad(Utils.java:109)</small> </font> </div>
<div class="test-event"> <font color="maroon"> <small> &emsp; &emsp;--- 05 May 00:13:01 504 - Element is displayed:: [[ChromeDriver: chrome on WINDOWS (2cf28825ea7a8a419a5b05b8e5d35d84)] -> xpath: //a[contains(text(),'Back to Courses')]]</small> </font> </div>
<div class="test-event"> <font color="maroon"> <small> &emsp; &emsp;--- 05 May 00:13:08 553 - Catched spinner load exception due to javascript error: {"status":32,"value":"An invalid or illegal selector was specified"}
  (Session info: chrome=124.0.6367.92)
Build info: version: '4.6.0', revision: '79f1c02ae20'
System info: os.name: 'Windows 10', os.arch: 'amd64', os.version: '10.0', java.version: '17.0.7'
Driver info: org.openqa.selenium.chrome.ChromeDriver
Command: [2cf28825ea7a8a419a5b05b8e5d35d84, findElement {using=css selector, value=div[class='slds-spinner slds-spinner_brand slds-spinner_small']>div:nth-child(2)r}]
Capabilities {acceptInsecureCerts: false, browserName: chrome, browserVersion: 124.0.6367.92, chrome: {chromedriverVersion: 124.0.6367.91 (51df0e5e17a8..., userDataDir: C:\Users\PRATHA~1.KUM\AppDa...}, fedcm:accounts: true, goog:chromeOptions: {debuggerAddress: localhost:49451}, networkConnectionEnabled: false, pageLoadStrategy: normal, platformName: WINDOWS, proxy: Proxy(), se:cdp: ws://localhost:49451/devtoo..., se:cdpVersion: 124.0.6367.92, setWindowRect: true, strictFileInteractability: false, timeouts: {implicit: 0, pageLoad: 300000, script: 30000}, unhandledPromptBehavior: dismiss and notify, webauthn:extension:credBlob: true, webauthn:extension:largeBlob: true, webauthn:extension:minPinLength: true, webauthn:extension:prf: true, webauthn:virtualAuthenticators: true}
Session ID: 2cf28825ea7a8a419a5b05b8e5d35d84</small> </font> </div>
<div class="test-event"> <font color="maroon"> <small> &emsp; &emsp;--- 05 May 00:13:08 553 - <b>0</b> - Spinner Load Wait: (Sync) - ICar.support.WaitUtils.waitForSpinner(WaitUtils.java:225)</small> </font> </div>
<div class="test-message">&emsp;Back To Courses is displayed in the page </div>
<div class="test-message">&emsp;Successfully verified Back To Course Link&emsp;<a href=".\ScreenShot\URL_TC001_2721926193722700.png" target="_blank" >[ScreenShot]</a></div>
<div class="test-event"> <font color="maroon"> <small> &emsp; &emsp;--- 05 May 00:13:08 831 - Catched spinner load exception due to javascript error: {"status":32,"value":"An invalid or illegal selector was specified"}
  (Session info: chrome=124.0.6367.92)
Build info: version: '4.6.0', revision: '79f1c02ae20'
System info: os.name: 'Windows 10', os.arch: 'amd64', os.version: '10.0', java.version: '17.0.7'
Driver info: org.openqa.selenium.chrome.ChromeDriver
Command: [2cf28825ea7a8a419a5b05b8e5d35d84, findElement {using=css selector, value=div[class='slds-spinner slds-spinner_brand slds-spinner_small']>div:nth-child(2)r}]
Capabilities {acceptInsecureCerts: false, browserName: chrome, browserVersion: 124.0.6367.92, chrome: {chromedriverVersion: 124.0.6367.91 (51df0e5e17a8..., userDataDir: C:\Users\PRATHA~1.KUM\AppDa...}, fedcm:accounts: true, goog:chromeOptions: {debuggerAddress: localhost:49451}, networkConnectionEnabled: false, pageLoadStrategy: normal, platformName: WINDOWS, proxy: Proxy(), se:cdp: ws://localhost:49451/devtoo..., se:cdpVersion: 124.0.6367.92, setWindowRect: true, strictFileInteractability: false, timeouts: {implicit: 0, pageLoad: 300000, script: 30000}, unhandledPromptBehavior: dismiss and notify, webauthn:extension:credBlob: true, webauthn:extension:largeBlob: true, webauthn:extension:minPinLength: true, webauthn:extension:prf: true, webauthn:virtualAuthenticators: true}
Session ID: 2cf28825ea7a8a419a5b05b8e5d35d84</small> </font> </div>
<div class="test-event"> <font color="maroon"> <small> &emsp; &emsp;--- 05 May 00:13:08 831 - <b>0</b> - Spinner Load Wait: (Sync) - ICar.support.WaitUtils.waitForSpinner(WaitUtils.java:225)</small> </font> </div>
<div class="test-event"> <font color="maroon"> <small> &emsp; &emsp;--- 05 May 00:13:08 893 - Page URL:: https://www.i-car.com/product/sanding-blocks-for-cosmetic-straightening</small> </font> </div>
<div class="test-event"> <font color="maroon"> <small> &emsp; &emsp;--- 05 May 00:13:08 893 - <b>0</b> - Page Load Wait: (Sync) - ICar.support.Utils.waitForPageLoad(Utils.java:109)</small> </font> </div>
<div class="test-event"> <font color="maroon"> <small> &emsp; &emsp;--- 05 May 00:13:18 936 - Element is displayed:: [[ChromeDriver: chrome on WINDOWS (2cf28825ea7a8a419a5b05b8e5d35d84)] -> xpath: //div[@class='productDetails slds-p-bottom_large']//div[contains(@class,'slds-p-bottom_medium')]]</small> </font> </div>
<div class="test-message">&emsp;Course Name : SandingBlocksforCosmeticStraightening is displayed in the URL page</div>
<div class="test-message">&emsp;Successfully verified the course name for relevant link&emsp;<a href=".\ScreenShot\URL_TC001_2721944573068500.png" target="_blank" >[ScreenShot]</a></div>
<div class="test-message">&emsp;
</div>
<div class="test-message">&emsp;128. URL is : https://www.i-car.com/product/static-adas-calibration-3day-handson-skills-development</div>
<div class="test-event"> <font color="maroon"> <small> &emsp; &emsp;--- 05 May 00:13:28 339 - Page URL:: https://www.i-car.com/product/static-adas-calibration-3day-handson-skills-development</small> </font> </div>
<div class="test-event"> <font color="maroon"> <small> &emsp; &emsp;--- 05 May 00:13:28 339 - <b>0</b> - Page Load Wait: (Sync) - ICar.support.Utils.waitForPageLoad(Utils.java:109)</small> </font> </div>
<div class="test-message">&emsp;Successfully navigated to the :  https://www.i-car.com/product/static-adas-calibration-3day-handson-skills-development   Page&emsp;<a href=".\ScreenShot\URL_TC001_2721945948588900.png" target="_blank" >[ScreenShot]</a></div>
<div class="test-event"> <font color="maroon"> <small> &emsp; &emsp;--- 05 May 00:13:28 586 - Page URL:: https://www.i-car.com/product/static-adas-calibration-3day-handson-skills-development</small> </font> </div>
<div class="test-event"> <font color="maroon"> <small> &emsp; &emsp;--- 05 May 00:13:28 586 - <b>0</b> - Page Load Wait: (Sync) - ICar.support.Utils.waitForPageLoad(Utils.java:109)</small> </font> </div>
<div class="test-event"> <font color="maroon"> <small> &emsp; &emsp;--- 05 May 00:13:28 594 - Catched spinner load exception due to javascript error: {"status":32,"value":"An invalid or illegal selector was specified"}
  (Session info: chrome=124.0.6367.92)
Build info: version: '4.6.0', revision: '79f1c02ae20'
System info: os.name: 'Windows 10', os.arch: 'amd64', os.version: '10.0', java.version: '17.0.7'
Driver info: org.openqa.selenium.chrome.ChromeDriver
Command: [2cf28825ea7a8a419a5b05b8e5d35d84, findElement {using=css selector, value=div[class='slds-spinner slds-spinner_brand slds-spinner_small']>div:nth-child(2)r}]
Capabilities {acceptInsecureCerts: false, browserName: chrome, browserVersion: 124.0.6367.92, chrome: {chromedriverVersion: 124.0.6367.91 (51df0e5e17a8..., userDataDir: C:\Users\PRATHA~1.KUM\AppDa...}, fedcm:accounts: true, goog:chromeOptions: {debuggerAddress: localhost:49451}, networkConnectionEnabled: false, pageLoadStrategy: normal, platformName: WINDOWS, proxy: Proxy(), se:cdp: ws://localhost:49451/devtoo..., se:cdpVersion: 124.0.6367.92, setWindowRect: true, strictFileInteractability: false, timeouts: {implicit: 0, pageLoad: 300000, script: 30000}, unhandledPromptBehavior: dismiss and notify, webauthn:extension:credBlob: true, webauthn:extension:largeBlob: true, webauthn:extension:minPinLength: true, webauthn:extension:prf: true, webauthn:virtualAuthenticators: true}
Session ID: 2cf28825ea7a8a419a5b05b8e5d35d84</small> </font> </div>
<div class="test-event"> <font color="maroon"> <small> &emsp; &emsp;--- 05 May 00:13:28 594 - <b>0</b> - Spinner Load Wait: (Sync) - ICar.support.WaitUtils.waitForSpinner(WaitUtils.java:225)</small> </font> </div>
<div class="test-event"> <font color="maroon"> <small> &emsp; &emsp;--- 05 May 00:13:38 677 - Page URL:: https://www.i-car.com/product/static-adas-calibration-3day-handson-skills-development</small> </font> </div>
<div class="test-event"> <font color="maroon"> <small> &emsp; &emsp;--- 05 May 00:13:38 677 - <b>0</b> - Page Load Wait: (Sync) - ICar.support.Utils.waitForPageLoad(Utils.java:109)</small> </font> </div>
<div class="test-event"> <font color="maroon"> <small> &emsp; &emsp;--- 05 May 00:13:38 693 - Element is displayed:: [[ChromeDriver: chrome on WINDOWS (2cf28825ea7a8a419a5b05b8e5d35d84)] -> xpath: //a[contains(text(),'Back to Courses')]]</small> </font> </div>
<div class="test-event"> <font color="maroon"> <small> &emsp; &emsp;--- 05 May 00:13:45 727 - Catched spinner load exception due to javascript error: {"status":32,"value":"An invalid or illegal selector was specified"}
  (Session info: chrome=124.0.6367.92)
Build info: version: '4.6.0', revision: '79f1c02ae20'
System info: os.name: 'Windows 10', os.arch: 'amd64', os.version: '10.0', java.version: '17.0.7'
Driver info: org.openqa.selenium.chrome.ChromeDriver
Command: [2cf28825ea7a8a419a5b05b8e5d35d84, findElement {using=css selector, value=div[class='slds-spinner slds-spinner_brand slds-spinner_small']>div:nth-child(2)r}]
Capabilities {acceptInsecureCerts: false, browserName: chrome, browserVersion: 124.0.6367.92, chrome: {chromedriverVersion: 124.0.6367.91 (51df0e5e17a8..., userDataDir: C:\Users\PRATHA~1.KUM\AppDa...}, fedcm:accounts: true, goog:chromeOptions: {debuggerAddress: localhost:49451}, networkConnectionEnabled: false, pageLoadStrategy: normal, platformName: WINDOWS, proxy: Proxy(), se:cdp: ws://localhost:49451/devtoo..., se:cdpVersion: 124.0.6367.92, setWindowRect: true, strictFileInteractability: false, timeouts: {implicit: 0, pageLoad: 300000, script: 30000}, unhandledPromptBehavior: dismiss and notify, webauthn:extension:credBlob: true, webauthn:extension:largeBlob: true, webauthn:extension:minPinLength: true, webauthn:extension:prf: true, webauthn:virtualAuthenticators: true}
Session ID: 2cf28825ea7a8a419a5b05b8e5d35d84</small> </font> </div>
<div class="test-event"> <font color="maroon"> <small> &emsp; &emsp;--- 05 May 00:13:45 727 - <b>0</b> - Spinner Load Wait: (Sync) - ICar.support.WaitUtils.waitForSpinner(WaitUtils.java:225)</small> </font> </div>
<div class="test-message">&emsp;Back To Courses is displayed in the page </div>
<div class="test-message">&emsp;Successfully verified Back To Course Link&emsp;<a href=".\ScreenShot\URL_TC001_2721963346091900.png" target="_blank" >[ScreenShot]</a></div>
<div class="test-event"> <font color="maroon"> <small> &emsp; &emsp;--- 05 May 00:13:45 976 - Catched spinner load exception due to javascript error: {"status":32,"value":"An invalid or illegal selector was specified"}
  (Session info: chrome=124.0.6367.92)
Build info: version: '4.6.0', revision: '79f1c02ae20'
System info: os.name: 'Windows 10', os.arch: 'amd64', os.version: '10.0', java.version: '17.0.7'
Driver info: org.openqa.selenium.chrome.ChromeDriver
Command: [2cf28825ea7a8a419a5b05b8e5d35d84, findElement {using=css selector, value=div[class='slds-spinner slds-spinner_brand slds-spinner_small']>div:nth-child(2)r}]
Capabilities {acceptInsecureCerts: false, browserName: chrome, browserVersion: 124.0.6367.92, chrome: {chromedriverVersion: 124.0.6367.91 (51df0e5e17a8..., userDataDir: C:\Users\PRATHA~1.KUM\AppDa...}, fedcm:accounts: true, goog:chromeOptions: {debuggerAddress: localhost:49451}, networkConnectionEnabled: false, pageLoadStrategy: normal, platformName: WINDOWS, proxy: Proxy(), se:cdp: ws://localhost:49451/devtoo..., se:cdpVersion: 124.0.6367.92, setWindowRect: true, strictFileInteractability: false, timeouts: {implicit: 0, pageLoad: 300000, script: 30000}, unhandledPromptBehavior: dismiss and notify, webauthn:extension:credBlob: true, webauthn:extension:largeBlob: true, webauthn:extension:minPinLength: true, webauthn:extension:prf: true, webauthn:virtualAuthenticators: true}
Session ID: 2cf28825ea7a8a419a5b05b8e5d35d84</small> </font> </div>
<div class="test-event"> <font color="maroon"> <small> &emsp; &emsp;--- 05 May 00:13:45 976 - <b>0</b> - Spinner Load Wait: (Sync) - ICar.support.WaitUtils.waitForSpinner(WaitUtils.java:225)</small> </font> </div>
<div class="test-event"> <font color="maroon"> <small> &emsp; &emsp;--- 05 May 00:13:46 043 - Page URL:: https://www.i-car.com/product/static-adas-calibration-3day-handson-skills-development</small> </font> </div>
<div class="test-event"> <font color="maroon"> <small> &emsp; &emsp;--- 05 May 00:13:46 043 - <b>0</b> - Page Load Wait: (Sync) - ICar.support.Utils.waitForPageLoad(Utils.java:109)</small> </font> </div>
<div class="test-event"> <font color="maroon"> <small> &emsp; &emsp;--- 05 May 00:13:56 091 - Element is displayed:: [[ChromeDriver: chrome on WINDOWS (2cf28825ea7a8a419a5b05b8e5d35d84)] -> xpath: //div[@class='productDetails slds-p-bottom_large']//div[contains(@class,'slds-p-bottom_medium')]]</small> </font> </div>
<div class="test-message">&emsp;Course Name : StaticADASCalibration3DayHandsOnSkillsDevelopment is displayed in the URL page</div>
<div class="test-message">&emsp;Successfully verified the course name for relevant link&emsp;<a href=".\ScreenShot\URL_TC001_2721981729697500.png" target="_blank" >[ScreenShot]</a></div>
<div class="test-message">&emsp;
</div>
<div class="test-message">&emsp;129. URL is : https://www.i-car.com/product/solvent-recyclers</div>
<div class="test-event"> <font color="maroon"> <small> &emsp; &emsp;--- 05 May 00:14:05 436 - Page URL:: https://www.i-car.com/product/solvent-recyclers</small> </font> </div>
<div class="test-event"> <font color="maroon"> <small> &emsp; &emsp;--- 05 May 00:14:05 436 - <b>0</b> - Page Load Wait: (Sync) - ICar.support.Utils.waitForPageLoad(Utils.java:109)</small> </font> </div>
<div class="test-message">&emsp;Successfully navigated to the :  https://www.i-car.com/product/solvent-recyclers   Page&emsp;<a href=".\ScreenShot\URL_TC001_2721983044260900.png" target="_blank" >[ScreenShot]</a></div>
<div class="test-event"> <font color="maroon"> <small> &emsp; &emsp;--- 05 May 00:14:05 732 - Page URL:: https://www.i-car.com/product/solvent-recyclers</small> </font> </div>
<div class="test-event"> <font color="maroon"> <small> &emsp; &emsp;--- 05 May 00:14:05 732 - <b>0</b> - Page Load Wait: (Sync) - ICar.support.Utils.waitForPageLoad(Utils.java:109)</small> </font> </div>
<div class="test-event"> <font color="maroon"> <small> &emsp; &emsp;--- 05 May 00:14:05 740 - Catched spinner load exception due to javascript error: {"status":32,"value":"An invalid or illegal selector was specified"}
  (Session info: chrome=124.0.6367.92)
Build info: version: '4.6.0', revision: '79f1c02ae20'
System info: os.name: 'Windows 10', os.arch: 'amd64', os.version: '10.0', java.version: '17.0.7'
Driver info: org.openqa.selenium.chrome.ChromeDriver
Command: [2cf28825ea7a8a419a5b05b8e5d35d84, findElement {using=css selector, value=div[class='slds-spinner slds-spinner_brand slds-spinner_small']>div:nth-child(2)r}]
Capabilities {acceptInsecureCerts: false, browserName: chrome, browserVersion: 124.0.6367.92, chrome: {chromedriverVersion: 124.0.6367.91 (51df0e5e17a8..., userDataDir: C:\Users\PRATHA~1.KUM\AppDa...}, fedcm:accounts: true, goog:chromeOptions: {debuggerAddress: localhost:49451}, networkConnectionEnabled: false, pageLoadStrategy: normal, platformName: WINDOWS, proxy: Proxy(), se:cdp: ws://localhost:49451/devtoo..., se:cdpVersion: 124.0.6367.92, setWindowRect: true, strictFileInteractability: false, timeouts: {implicit: 0, pageLoad: 300000, script: 30000}, unhandledPromptBehavior: dismiss and notify, webauthn:extension:credBlob: true, webauthn:extension:largeBlob: true, webauthn:extension:minPinLength: true, webauthn:extension:prf: true, webauthn:virtualAuthenticators: true}
Session ID: 2cf28825ea7a8a419a5b05b8e5d35d84</small> </font> </div>
<div class="test-event"> <font color="maroon"> <small> &emsp; &emsp;--- 05 May 00:14:05 740 - <b>0</b> - Spinner Load Wait: (Sync) - ICar.support.WaitUtils.waitForSpinner(WaitUtils.java:225)</small> </font> </div>
<div class="test-event"> <font color="maroon"> <small> &emsp; &emsp;--- 05 May 00:14:15 822 - Page URL:: https://www.i-car.com/product/solvent-recyclers</small> </font> </div>
<div class="test-event"> <font color="maroon"> <small> &emsp; &emsp;--- 05 May 00:14:15 822 - <b>0</b> - Page Load Wait: (Sync) - ICar.support.Utils.waitForPageLoad(Utils.java:109)</small> </font> </div>
<div class="test-event"> <font color="maroon"> <small> &emsp; &emsp;--- 05 May 00:14:15 837 - Element is displayed:: [[ChromeDriver: chrome on WINDOWS (2cf28825ea7a8a419a5b05b8e5d35d84)] -> xpath: //a[contains(text(),'Back to Courses')]]</small> </font> </div>
<div class="test-event"> <font color="maroon"> <small> &emsp; &emsp;--- 05 May 00:14:22 868 - Catched spinner load exception due to javascript error: {"status":32,"value":"An invalid or illegal selector was specified"}
  (Session info: chrome=124.0.6367.92)
Build info: version: '4.6.0', revision: '79f1c02ae20'
System info: os.name: 'Windows 10', os.arch: 'amd64', os.version: '10.0', java.version: '17.0.7'
Driver info: org.openqa.selenium.chrome.ChromeDriver
Command: [2cf28825ea7a8a419a5b05b8e5d35d84, findElement {using=css selector, value=div[class='slds-spinner slds-spinner_brand slds-spinner_small']>div:nth-child(2)r}]
Capabilities {acceptInsecureCerts: false, browserName: chrome, browserVersion: 124.0.6367.92, chrome: {chromedriverVersion: 124.0.6367.91 (51df0e5e17a8..., userDataDir: C:\Users\PRATHA~1.KUM\AppDa...}, fedcm:accounts: true, goog:chromeOptions: {debuggerAddress: localhost:49451}, networkConnectionEnabled: false, pageLoadStrategy: normal, platformName: WINDOWS, proxy: Proxy(), se:cdp: ws://localhost:49451/devtoo..., se:cdpVersion: 124.0.6367.92, setWindowRect: true, strictFileInteractability: false, timeouts: {implicit: 0, pageLoad: 300000, script: 30000}, unhandledPromptBehavior: dismiss and notify, webauthn:extension:credBlob: true, webauthn:extension:largeBlob: true, webauthn:extension:minPinLength: true, webauthn:extension:prf: true, webauthn:virtualAuthenticators: true}
Session ID: 2cf28825ea7a8a419a5b05b8e5d35d84</small> </font> </div>
<div class="test-event"> <font color="maroon"> <small> &emsp; &emsp;--- 05 May 00:14:22 868 - <b>0</b> - Spinner Load Wait: (Sync) - ICar.support.WaitUtils.waitForSpinner(WaitUtils.java:225)</small> </font> </div>
<div class="test-message">&emsp;Back To Courses is displayed in the page </div>
<div class="test-message">&emsp;Successfully verified Back To Course Link&emsp;<a href=".\ScreenShot\URL_TC001_2722000485973600.png" target="_blank" >[ScreenShot]</a></div>
<div class="test-event"> <font color="maroon"> <small> &emsp; &emsp;--- 05 May 00:14:23 392 - Catched spinner load exception due to javascript error: {"status":32,"value":"An invalid or illegal selector was specified"}
  (Session info: chrome=124.0.6367.92)
Build info: version: '4.6.0', revision: '79f1c02ae20'
System info: os.name: 'Windows 10', os.arch: 'amd64', os.version: '10.0', java.version: '17.0.7'
Driver info: org.openqa.selenium.chrome.ChromeDriver
Command: [2cf28825ea7a8a419a5b05b8e5d35d84, findElement {using=css selector, value=div[class='slds-spinner slds-spinner_brand slds-spinner_small']>div:nth-child(2)r}]
Capabilities {acceptInsecureCerts: false, browserName: chrome, browserVersion: 124.0.6367.92, chrome: {chromedriverVersion: 124.0.6367.91 (51df0e5e17a8..., userDataDir: C:\Users\PRATHA~1.KUM\AppDa...}, fedcm:accounts: true, goog:chromeOptions: {debuggerAddress: localhost:49451}, networkConnectionEnabled: false, pageLoadStrategy: normal, platformName: WINDOWS, proxy: Proxy(), se:cdp: ws://localhost:49451/devtoo..., se:cdpVersion: 124.0.6367.92, setWindowRect: true, strictFileInteractability: false, timeouts: {implicit: 0, pageLoad: 300000, script: 30000}, unhandledPromptBehavior: dismiss and notify, webauthn:extension:credBlob: true, webauthn:extension:largeBlob: true, webauthn:extension:minPinLength: true, webauthn:extension:prf: true, webauthn:virtualAuthenticators: true}
Session ID: 2cf28825ea7a8a419a5b05b8e5d35d84</small> </font> </div>
<div class="test-event"> <font color="maroon"> <small> &emsp; &emsp;--- 05 May 00:14:23 392 - <b>0</b> - Spinner Load Wait: (Sync) - ICar.support.WaitUtils.waitForSpinner(WaitUtils.java:225)</small> </font> </div>
<div class="test-event"> <font color="maroon"> <small> &emsp; &emsp;--- 05 May 00:14:23 455 - Page URL:: https://www.i-car.com/product/solvent-recyclers</small> </font> </div>
<div class="test-event"> <font color="maroon"> <small> &emsp; &emsp;--- 05 May 00:14:23 455 - <b>0</b> - Page Load Wait: (Sync) - ICar.support.Utils.waitForPageLoad(Utils.java:109)</small> </font> </div>
<div class="test-event"> <font color="maroon"> <small> &emsp; &emsp;--- 05 May 00:14:33 500 - Element is displayed:: [[ChromeDriver: chrome on WINDOWS (2cf28825ea7a8a419a5b05b8e5d35d84)] -> xpath: //div[@class='productDetails slds-p-bottom_large']//div[contains(@class,'slds-p-bottom_medium')]]</small> </font> </div>
<div class="test-message">&emsp;Course Name : SolventRecyclers is displayed in the URL page</div>
<div class="test-message">&emsp;Successfully verified the course name for relevant link&emsp;<a href=".\ScreenShot\URL_TC001_2722019140666700.png" target="_blank" >[ScreenShot]</a></div>
<div class="test-message">&emsp;
</div>
<div class="test-message">&emsp;130. URL is : https://www.i-car.com/product/spraybooths</div>
<div class="test-event"> <font color="maroon"> <small> &emsp; &emsp;--- 05 May 00:14:42 908 - Page URL:: https://www.i-car.com/product/spraybooths</small> </font> </div>
<div class="test-event"> <font color="maroon"> <small> &emsp; &emsp;--- 05 May 00:14:42 909 - <b>0</b> - Page Load Wait: (Sync) - ICar.support.Utils.waitForPageLoad(Utils.java:109)</small> </font> </div>
<div class="test-message">&emsp;Successfully navigated to the :  https://www.i-car.com/product/spraybooths   Page&emsp;<a href=".\ScreenShot\URL_TC001_2722020516853300.png" target="_blank" >[ScreenShot]</a></div>
<div class="test-event"> <font color="maroon"> <small> &emsp; &emsp;--- 05 May 00:14:43 170 - Page URL:: https://www.i-car.com/product/spraybooths</small> </font> </div>
<div class="test-event"> <font color="maroon"> <small> &emsp; &emsp;--- 05 May 00:14:43 170 - <b>0</b> - Page Load Wait: (Sync) - ICar.support.Utils.waitForPageLoad(Utils.java:109)</small> </font> </div>
<div class="test-event"> <font color="maroon"> <small> &emsp; &emsp;--- 05 May 00:14:43 178 - Catched spinner load exception due to javascript error: {"status":32,"value":"An invalid or illegal selector was specified"}
  (Session info: chrome=124.0.6367.92)
Build info: version: '4.6.0', revision: '79f1c02ae20'
System info: os.name: 'Windows 10', os.arch: 'amd64', os.version: '10.0', java.version: '17.0.7'
Driver info: org.openqa.selenium.chrome.ChromeDriver
Command: [2cf28825ea7a8a419a5b05b8e5d35d84, findElement {using=css selector, value=div[class='slds-spinner slds-spinner_brand slds-spinner_small']>div:nth-child(2)r}]
Capabilities {acceptInsecureCerts: false, browserName: chrome, browserVersion: 124.0.6367.92, chrome: {chromedriverVersion: 124.0.6367.91 (51df0e5e17a8..., userDataDir: C:\Users\PRATHA~1.KUM\AppDa...}, fedcm:accounts: true, goog:chromeOptions: {debuggerAddress: localhost:49451}, networkConnectionEnabled: false, pageLoadStrategy: normal, platformName: WINDOWS, proxy: Proxy(), se:cdp: ws://localhost:49451/devtoo..., se:cdpVersion: 124.0.6367.92, setWindowRect: true, strictFileInteractability: false, timeouts: {implicit: 0, pageLoad: 300000, script: 30000}, unhandledPromptBehavior: dismiss and notify, webauthn:extension:credBlob: true, webauthn:extension:largeBlob: true, webauthn:extension:minPinLength: true, webauthn:extension:prf: true, webauthn:virtualAuthenticators: true}
Session ID: 2cf28825ea7a8a419a5b05b8e5d35d84</small> </font> </div>
<div class="test-event"> <font color="maroon"> <small> &emsp; &emsp;--- 05 May 00:14:43 178 - <b>0</b> - Spinner Load Wait: (Sync) - ICar.support.WaitUtils.waitForSpinner(WaitUtils.java:225)</small> </font> </div>
<div class="test-event"> <font color="maroon"> <small> &emsp; &emsp;--- 05 May 00:14:53 266 - Page URL:: https://www.i-car.com/product/spraybooths</small> </font> </div>
<div class="test-event"> <font color="maroon"> <small> &emsp; &emsp;--- 05 May 00:14:53 266 - <b>0</b> - Page Load Wait: (Sync) - ICar.support.Utils.waitForPageLoad(Utils.java:109)</small> </font> </div>
<div class="test-event"> <font color="maroon"> <small> &emsp; &emsp;--- 05 May 00:14:53 284 - Element is displayed:: [[ChromeDriver: chrome on WINDOWS (2cf28825ea7a8a419a5b05b8e5d35d84)] -> xpath: //a[contains(text(),'Back to Courses')]]</small> </font> </div>
<div class="test-event"> <font color="maroon"> <small> &emsp; &emsp;--- 05 May 00:15:00 310 - Catched spinner load exception due to javascript error: {"status":32,"value":"An invalid or illegal selector was specified"}
  (Session info: chrome=124.0.6367.92)
Build info: version: '4.6.0', revision: '79f1c02ae20'
System info: os.name: 'Windows 10', os.arch: 'amd64', os.version: '10.0', java.version: '17.0.7'
Driver info: org.openqa.selenium.chrome.ChromeDriver
Command: [2cf28825ea7a8a419a5b05b8e5d35d84, findElement {using=css selector, value=div[class='slds-spinner slds-spinner_brand slds-spinner_small']>div:nth-child(2)r}]
Capabilities {acceptInsecureCerts: false, browserName: chrome, browserVersion: 124.0.6367.92, chrome: {chromedriverVersion: 124.0.6367.91 (51df0e5e17a8..., userDataDir: C:\Users\PRATHA~1.KUM\AppDa...}, fedcm:accounts: true, goog:chromeOptions: {debuggerAddress: localhost:49451}, networkConnectionEnabled: false, pageLoadStrategy: normal, platformName: WINDOWS, proxy: Proxy(), se:cdp: ws://localhost:49451/devtoo..., se:cdpVersion: 124.0.6367.92, setWindowRect: true, strictFileInteractability: false, timeouts: {implicit: 0, pageLoad: 300000, script: 30000}, unhandledPromptBehavior: dismiss and notify, webauthn:extension:credBlob: true, webauthn:extension:largeBlob: true, webauthn:extension:minPinLength: true, webauthn:extension:prf: true, webauthn:virtualAuthenticators: true}
Session ID: 2cf28825ea7a8a419a5b05b8e5d35d84</small> </font> </div>
<div class="test-event"> <font color="maroon"> <small> &emsp; &emsp;--- 05 May 00:15:00 310 - <b>0</b> - Spinner Load Wait: (Sync) - ICar.support.WaitUtils.waitForSpinner(WaitUtils.java:225)</small> </font> </div>
<div class="test-message">&emsp;Back To Courses is displayed in the page </div>
<div class="test-message">&emsp;Successfully verified Back To Course Link&emsp;<a href=".\ScreenShot\URL_TC001_2722037929245900.png" target="_blank" >[ScreenShot]</a></div>
<div class="test-event"> <font color="maroon"> <small> &emsp; &emsp;--- 05 May 00:15:00 679 - Catched spinner load exception due to javascript error: {"status":32,"value":"An invalid or illegal selector was specified"}
  (Session info: chrome=124.0.6367.92)
Build info: version: '4.6.0', revision: '79f1c02ae20'
System info: os.name: 'Windows 10', os.arch: 'amd64', os.version: '10.0', java.version: '17.0.7'
Driver info: org.openqa.selenium.chrome.ChromeDriver
Command: [2cf28825ea7a8a419a5b05b8e5d35d84, findElement {using=css selector, value=div[class='slds-spinner slds-spinner_brand slds-spinner_small']>div:nth-child(2)r}]
Capabilities {acceptInsecureCerts: false, browserName: chrome, browserVersion: 124.0.6367.92, chrome: {chromedriverVersion: 124.0.6367.91 (51df0e5e17a8..., userDataDir: C:\Users\PRATHA~1.KUM\AppDa...}, fedcm:accounts: true, goog:chromeOptions: {debuggerAddress: localhost:49451}, networkConnectionEnabled: false, pageLoadStrategy: normal, platformName: WINDOWS, proxy: Proxy(), se:cdp: ws://localhost:49451/devtoo..., se:cdpVersion: 124.0.6367.92, setWindowRect: true, strictFileInteractability: false, timeouts: {implicit: 0, pageLoad: 300000, script: 30000}, unhandledPromptBehavior: dismiss and notify, webauthn:extension:credBlob: true, webauthn:extension:largeBlob: true, webauthn:extension:minPinLength: true, webauthn:extension:prf: true, webauthn:virtualAuthenticators: true}
Session ID: 2cf28825ea7a8a419a5b05b8e5d35d84</small> </font> </div>
<div class="test-event"> <font color="maroon"> <small> &emsp; &emsp;--- 05 May 00:15:00 679 - <b>0</b> - Spinner Load Wait: (Sync) - ICar.support.WaitUtils.waitForSpinner(WaitUtils.java:225)</small> </font> </div>
<div class="test-event"> <font color="maroon"> <small> &emsp; &emsp;--- 05 May 00:15:00 740 - Page URL:: https://www.i-car.com/product/spraybooths</small> </font> </div>
<div class="test-event"> <font color="maroon"> <small> &emsp; &emsp;--- 05 May 00:15:00 740 - <b>0</b> - Page Load Wait: (Sync) - ICar.support.Utils.waitForPageLoad(Utils.java:109)</small> </font> </div>
<div class="test-event"> <font color="maroon"> <small> &emsp; &emsp;--- 05 May 00:15:10 794 - Element is displayed:: [[ChromeDriver: chrome on WINDOWS (2cf28825ea7a8a419a5b05b8e5d35d84)] -> xpath: //div[@class='productDetails slds-p-bottom_large']//div[contains(@class,'slds-p-bottom_medium')]]</small> </font> </div>
<div class="test-message">&emsp;Course Name : Spraybooths is displayed in the URL page</div>
<div class="test-message">&emsp;Successfully verified the course name for relevant link&emsp;<a href=".\ScreenShot\URL_TC001_2722056430883800.png" target="_blank" >[ScreenShot]</a></div>
<div class="test-message">&emsp;
</div>
<div class="test-message">&emsp;131. URL is : https://www.i-car.com/product/temperature-monitoring-tools</div>
<div class="test-event"> <font color="maroon"> <small> &emsp; &emsp;--- 05 May 00:15:20 171 - Page URL:: https://www.i-car.com/product/temperature-monitoring-tools</small> </font> </div>
<div class="test-event"> <font color="maroon"> <small> &emsp; &emsp;--- 05 May 00:15:20 171 - <b>0</b> - Page Load Wait: (Sync) - ICar.support.Utils.waitForPageLoad(Utils.java:109)</small> </font> </div>
<div class="test-message">&emsp;Successfully navigated to the :  https://www.i-car.com/product/temperature-monitoring-tools   Page&emsp;<a href=".\ScreenShot\URL_TC001_2722057778684300.png" target="_blank" >[ScreenShot]</a></div>
<div class="test-event"> <font color="maroon"> <small> &emsp; &emsp;--- 05 May 00:15:20 465 - Page URL:: https://www.i-car.com/product/temperature-monitoring-tools</small> </font> </div>
<div class="test-event"> <font color="maroon"> <small> &emsp; &emsp;--- 05 May 00:15:20 465 - <b>0</b> - Page Load Wait: (Sync) - ICar.support.Utils.waitForPageLoad(Utils.java:109)</small> </font> </div>
<div class="test-event"> <font color="maroon"> <small> &emsp; &emsp;--- 05 May 00:15:20 474 - Catched spinner load exception due to javascript error: {"status":32,"value":"An invalid or illegal selector was specified"}
  (Session info: chrome=124.0.6367.92)
Build info: version: '4.6.0', revision: '79f1c02ae20'
System info: os.name: 'Windows 10', os.arch: 'amd64', os.version: '10.0', java.version: '17.0.7'
Driver info: org.openqa.selenium.chrome.ChromeDriver
Command: [2cf28825ea7a8a419a5b05b8e5d35d84, findElement {using=css selector, value=div[class='slds-spinner slds-spinner_brand slds-spinner_small']>div:nth-child(2)r}]
Capabilities {acceptInsecureCerts: false, browserName: chrome, browserVersion: 124.0.6367.92, chrome: {chromedriverVersion: 124.0.6367.91 (51df0e5e17a8..., userDataDir: C:\Users\PRATHA~1.KUM\AppDa...}, fedcm:accounts: true, goog:chromeOptions: {debuggerAddress: localhost:49451}, networkConnectionEnabled: false, pageLoadStrategy: normal, platformName: WINDOWS, proxy: Proxy(), se:cdp: ws://localhost:49451/devtoo..., se:cdpVersion: 124.0.6367.92, setWindowRect: true, strictFileInteractability: false, timeouts: {implicit: 0, pageLoad: 300000, script: 30000}, unhandledPromptBehavior: dismiss and notify, webauthn:extension:credBlob: true, webauthn:extension:largeBlob: true, webauthn:extension:minPinLength: true, webauthn:extension:prf: true, webauthn:virtualAuthenticators: true}
Session ID: 2cf28825ea7a8a419a5b05b8e5d35d84</small> </font> </div>
<div class="test-event"> <font color="maroon"> <small> &emsp; &emsp;--- 05 May 00:15:20 474 - <b>0</b> - Spinner Load Wait: (Sync) - ICar.support.WaitUtils.waitForSpinner(WaitUtils.java:225)</small> </font> </div>
<div class="test-event"> <font color="maroon"> <small> &emsp; &emsp;--- 05 May 00:15:30 559 - Page URL:: https://www.i-car.com/product/temperature-monitoring-tools</small> </font> </div>
<div class="test-event"> <font color="maroon"> <small> &emsp; &emsp;--- 05 May 00:15:30 559 - <b>0</b> - Page Load Wait: (Sync) - ICar.support.Utils.waitForPageLoad(Utils.java:109)</small> </font> </div>
<div class="test-event"> <font color="maroon"> <small> &emsp; &emsp;--- 05 May 00:15:30 579 - Element is displayed:: [[ChromeDriver: chrome on WINDOWS (2cf28825ea7a8a419a5b05b8e5d35d84)] -> xpath: //a[contains(text(),'Back to Courses')]]</small> </font> </div>
<div class="test-event"> <font color="maroon"> <small> &emsp; &emsp;--- 05 May 00:15:37 623 - Catched spinner load exception due to javascript error: {"status":32,"value":"An invalid or illegal selector was specified"}
  (Session info: chrome=124.0.6367.92)
Build info: version: '4.6.0', revision: '79f1c02ae20'
System info: os.name: 'Windows 10', os.arch: 'amd64', os.version: '10.0', java.version: '17.0.7'
Driver info: org.openqa.selenium.chrome.ChromeDriver
Command: [2cf28825ea7a8a419a5b05b8e5d35d84, findElement {using=css selector, value=div[class='slds-spinner slds-spinner_brand slds-spinner_small']>div:nth-child(2)r}]
Capabilities {acceptInsecureCerts: false, browserName: chrome, browserVersion: 124.0.6367.92, chrome: {chromedriverVersion: 124.0.6367.91 (51df0e5e17a8..., userDataDir: C:\Users\PRATHA~1.KUM\AppDa...}, fedcm:accounts: true, goog:chromeOptions: {debuggerAddress: localhost:49451}, networkConnectionEnabled: false, pageLoadStrategy: normal, platformName: WINDOWS, proxy: Proxy(), se:cdp: ws://localhost:49451/devtoo..., se:cdpVersion: 124.0.6367.92, setWindowRect: true, strictFileInteractability: false, timeouts: {implicit: 0, pageLoad: 300000, script: 30000}, unhandledPromptBehavior: dismiss and notify, webauthn:extension:credBlob: true, webauthn:extension:largeBlob: true, webauthn:extension:minPinLength: true, webauthn:extension:prf: true, webauthn:virtualAuthenticators: true}
Session ID: 2cf28825ea7a8a419a5b05b8e5d35d84</small> </font> </div>
<div class="test-event"> <font color="maroon"> <small> &emsp; &emsp;--- 05 May 00:15:37 623 - <b>0</b> - Spinner Load Wait: (Sync) - ICar.support.WaitUtils.waitForSpinner(WaitUtils.java:225)</small> </font> </div>
<div class="test-message">&emsp;Back To Courses is displayed in the page </div>
<div class="test-message">&emsp;Successfully verified Back To Course Link&emsp;<a href=".\ScreenShot\URL_TC001_2722075241855900.png" target="_blank" >[ScreenShot]</a></div>
<div class="test-event"> <font color="maroon"> <small> &emsp; &emsp;--- 05 May 00:15:38 071 - Catched spinner load exception due to javascript error: {"status":32,"value":"An invalid or illegal selector was specified"}
  (Session info: chrome=124.0.6367.92)
Build info: version: '4.6.0', revision: '79f1c02ae20'
System info: os.name: 'Windows 10', os.arch: 'amd64', os.version: '10.0', java.version: '17.0.7'
Driver info: org.openqa.selenium.chrome.ChromeDriver
Command: [2cf28825ea7a8a419a5b05b8e5d35d84, findElement {using=css selector, value=div[class='slds-spinner slds-spinner_brand slds-spinner_small']>div:nth-child(2)r}]
Capabilities {acceptInsecureCerts: false, browserName: chrome, browserVersion: 124.0.6367.92, chrome: {chromedriverVersion: 124.0.6367.91 (51df0e5e17a8..., userDataDir: C:\Users\PRATHA~1.KUM\AppDa...}, fedcm:accounts: true, goog:chromeOptions: {debuggerAddress: localhost:49451}, networkConnectionEnabled: false, pageLoadStrategy: normal, platformName: WINDOWS, proxy: Proxy(), se:cdp: ws://localhost:49451/devtoo..., se:cdpVersion: 124.0.6367.92, setWindowRect: true, strictFileInteractability: false, timeouts: {implicit: 0, pageLoad: 300000, script: 30000}, unhandledPromptBehavior: dismiss and notify, webauthn:extension:credBlob: true, webauthn:extension:largeBlob: true, webauthn:extension:minPinLength: true, webauthn:extension:prf: true, webauthn:virtualAuthenticators: true}
Session ID: 2cf28825ea7a8a419a5b05b8e5d35d84</small> </font> </div>
<div class="test-event"> <font color="maroon"> <small> &emsp; &emsp;--- 05 May 00:15:38 071 - <b>0</b> - Spinner Load Wait: (Sync) - ICar.support.WaitUtils.waitForSpinner(WaitUtils.java:225)</small> </font> </div>
<div class="test-event"> <font color="maroon"> <small> &emsp; &emsp;--- 05 May 00:15:38 133 - Page URL:: https://www.i-car.com/product/temperature-monitoring-tools</small> </font> </div>
<div class="test-event"> <font color="maroon"> <small> &emsp; &emsp;--- 05 May 00:15:38 133 - <b>0</b> - Page Load Wait: (Sync) - ICar.support.Utils.waitForPageLoad(Utils.java:109)</small> </font> </div>
<div class="test-event"> <font color="maroon"> <small> &emsp; &emsp;--- 05 May 00:15:48 207 - Element is displayed:: [[ChromeDriver: chrome on WINDOWS (2cf28825ea7a8a419a5b05b8e5d35d84)] -> xpath: //div[@class='productDetails slds-p-bottom_large']//div[contains(@class,'slds-p-bottom_medium')]]</small> </font> </div>
<div class="test-message">&emsp;Course Name : TemperatureMonitoringTools is displayed in the URL page</div>
<div class="test-message">&emsp;Successfully verified the course name for relevant link&emsp;<a href=".\ScreenShot\URL_TC001_2722093846228900.png" target="_blank" >[ScreenShot]</a></div>
<div class="test-message">&emsp;
</div>
<div class="test-message">&emsp;132. URL is : https://www.i-car.com/product/processing-vehicle-salvage</div>
<div class="test-event"> <font color="maroon"> <small> &emsp; &emsp;--- 05 May 00:15:57 634 - Page URL:: https://www.i-car.com/product/processing-vehicle-salvage</small> </font> </div>
<div class="test-event"> <font color="maroon"> <small> &emsp; &emsp;--- 05 May 00:15:57 634 - <b>0</b> - Page Load Wait: (Sync) - ICar.support.Utils.waitForPageLoad(Utils.java:109)</small> </font> </div>
<div class="test-message">&emsp;Successfully navigated to the :  https://www.i-car.com/product/processing-vehicle-salvage   Page&emsp;<a href=".\ScreenShot\URL_TC001_2722095240969000.png" target="_blank" >[ScreenShot]</a></div>
<div class="test-event"> <font color="maroon"> <small> &emsp; &emsp;--- 05 May 00:15:57 925 - Page URL:: https://www.i-car.com/product/processing-vehicle-salvage</small> </font> </div>
<div class="test-event"> <font color="maroon"> <small> &emsp; &emsp;--- 05 May 00:15:57 926 - <b>0</b> - Page Load Wait: (Sync) - ICar.support.Utils.waitForPageLoad(Utils.java:109)</small> </font> </div>
<div class="test-event"> <font color="maroon"> <small> &emsp; &emsp;--- 05 May 00:15:57 934 - Catched spinner load exception due to javascript error: {"status":32,"value":"An invalid or illegal selector was specified"}
  (Session info: chrome=124.0.6367.92)
Build info: version: '4.6.0', revision: '79f1c02ae20'
System info: os.name: 'Windows 10', os.arch: 'amd64', os.version: '10.0', java.version: '17.0.7'
Driver info: org.openqa.selenium.chrome.ChromeDriver
Command: [2cf28825ea7a8a419a5b05b8e5d35d84, findElement {using=css selector, value=div[class='slds-spinner slds-spinner_brand slds-spinner_small']>div:nth-child(2)r}]
Capabilities {acceptInsecureCerts: false, browserName: chrome, browserVersion: 124.0.6367.92, chrome: {chromedriverVersion: 124.0.6367.91 (51df0e5e17a8..., userDataDir: C:\Users\PRATHA~1.KUM\AppDa...}, fedcm:accounts: true, goog:chromeOptions: {debuggerAddress: localhost:49451}, networkConnectionEnabled: false, pageLoadStrategy: normal, platformName: WINDOWS, proxy: Proxy(), se:cdp: ws://localhost:49451/devtoo..., se:cdpVersion: 124.0.6367.92, setWindowRect: true, strictFileInteractability: false, timeouts: {implicit: 0, pageLoad: 300000, script: 30000}, unhandledPromptBehavior: dismiss and notify, webauthn:extension:credBlob: true, webauthn:extension:largeBlob: true, webauthn:extension:minPinLength: true, webauthn:extension:prf: true, webauthn:virtualAuthenticators: true}
Session ID: 2cf28825ea7a8a419a5b05b8e5d35d84</small> </font> </div>
<div class="test-event"> <font color="maroon"> <small> &emsp; &emsp;--- 05 May 00:15:57 934 - <b>0</b> - Spinner Load Wait: (Sync) - ICar.support.WaitUtils.waitForSpinner(WaitUtils.java:225)</small> </font> </div>
<div class="test-event"> <font color="maroon"> <small> &emsp; &emsp;--- 05 May 00:16:08 025 - Page URL:: https://www.i-car.com/product/processing-vehicle-salvage</small> </font> </div>
<div class="test-event"> <font color="maroon"> <small> &emsp; &emsp;--- 05 May 00:16:08 026 - <b>0</b> - Page Load Wait: (Sync) - ICar.support.Utils.waitForPageLoad(Utils.java:109)</small> </font> </div>
<div class="test-event"> <font color="maroon"> <small> &emsp; &emsp;--- 05 May 00:16:08 043 - Element is displayed:: [[ChromeDriver: chrome on WINDOWS (2cf28825ea7a8a419a5b05b8e5d35d84)] -> xpath: //a[contains(text(),'Back to Courses')]]</small> </font> </div>
<div class="test-event"> <font color="maroon"> <small> &emsp; &emsp;--- 05 May 00:16:15 078 - Catched spinner load exception due to javascript error: {"status":32,"value":"An invalid or illegal selector was specified"}
  (Session info: chrome=124.0.6367.92)
Build info: version: '4.6.0', revision: '79f1c02ae20'
System info: os.name: 'Windows 10', os.arch: 'amd64', os.version: '10.0', java.version: '17.0.7'
Driver info: org.openqa.selenium.chrome.ChromeDriver
Command: [2cf28825ea7a8a419a5b05b8e5d35d84, findElement {using=css selector, value=div[class='slds-spinner slds-spinner_brand slds-spinner_small']>div:nth-child(2)r}]
Capabilities {acceptInsecureCerts: false, browserName: chrome, browserVersion: 124.0.6367.92, chrome: {chromedriverVersion: 124.0.6367.91 (51df0e5e17a8..., userDataDir: C:\Users\PRATHA~1.KUM\AppDa...}, fedcm:accounts: true, goog:chromeOptions: {debuggerAddress: localhost:49451}, networkConnectionEnabled: false, pageLoadStrategy: normal, platformName: WINDOWS, proxy: Proxy(), se:cdp: ws://localhost:49451/devtoo..., se:cdpVersion: 124.0.6367.92, setWindowRect: true, strictFileInteractability: false, timeouts: {implicit: 0, pageLoad: 300000, script: 30000}, unhandledPromptBehavior: dismiss and notify, webauthn:extension:credBlob: true, webauthn:extension:largeBlob: true, webauthn:extension:minPinLength: true, webauthn:extension:prf: true, webauthn:virtualAuthenticators: true}
Session ID: 2cf28825ea7a8a419a5b05b8e5d35d84</small> </font> </div>
<div class="test-event"> <font color="maroon"> <small> &emsp; &emsp;--- 05 May 00:16:15 078 - <b>0</b> - Spinner Load Wait: (Sync) - ICar.support.WaitUtils.waitForSpinner(WaitUtils.java:225)</small> </font> </div>
<div class="test-message">&emsp;Back To Courses is displayed in the page </div>
<div class="test-message">&emsp;Successfully verified Back To Course Link&emsp;<a href=".\ScreenShot\URL_TC001_2722112700221700.png" target="_blank" >[ScreenShot]</a></div>
<div class="test-event"> <font color="maroon"> <small> &emsp; &emsp;--- 05 May 00:16:15 345 - Catched spinner load exception due to javascript error: {"status":32,"value":"An invalid or illegal selector was specified"}
  (Session info: chrome=124.0.6367.92)
Build info: version: '4.6.0', revision: '79f1c02ae20'
System info: os.name: 'Windows 10', os.arch: 'amd64', os.version: '10.0', java.version: '17.0.7'
Driver info: org.openqa.selenium.chrome.ChromeDriver
Command: [2cf28825ea7a8a419a5b05b8e5d35d84, findElement {using=css selector, value=div[class='slds-spinner slds-spinner_brand slds-spinner_small']>div:nth-child(2)r}]
Capabilities {acceptInsecureCerts: false, browserName: chrome, browserVersion: 124.0.6367.92, chrome: {chromedriverVersion: 124.0.6367.91 (51df0e5e17a8..., userDataDir: C:\Users\PRATHA~1.KUM\AppDa...}, fedcm:accounts: true, goog:chromeOptions: {debuggerAddress: localhost:49451}, networkConnectionEnabled: false, pageLoadStrategy: normal, platformName: WINDOWS, proxy: Proxy(), se:cdp: ws://localhost:49451/devtoo..., se:cdpVersion: 124.0.6367.92, setWindowRect: true, strictFileInteractability: false, timeouts: {implicit: 0, pageLoad: 300000, script: 30000}, unhandledPromptBehavior: dismiss and notify, webauthn:extension:credBlob: true, webauthn:extension:largeBlob: true, webauthn:extension:minPinLength: true, webauthn:extension:prf: true, webauthn:virtualAuthenticators: true}
Session ID: 2cf28825ea7a8a419a5b05b8e5d35d84</small> </font> </div>
<div class="test-event"> <font color="maroon"> <small> &emsp; &emsp;--- 05 May 00:16:15 345 - <b>0</b> - Spinner Load Wait: (Sync) - ICar.support.WaitUtils.waitForSpinner(WaitUtils.java:225)</small> </font> </div>
<div class="test-event"> <font color="maroon"> <small> &emsp; &emsp;--- 05 May 00:16:15 409 - Page URL:: https://www.i-car.com/product/processing-vehicle-salvage</small> </font> </div>
<div class="test-event"> <font color="maroon"> <small> &emsp; &emsp;--- 05 May 00:16:15 410 - <b>0</b> - Page Load Wait: (Sync) - ICar.support.Utils.waitForPageLoad(Utils.java:109)</small> </font> </div>
<div class="test-event"> <font color="maroon"> <small> &emsp; &emsp;--- 05 May 00:16:25 467 - Element is displayed:: [[ChromeDriver: chrome on WINDOWS (2cf28825ea7a8a419a5b05b8e5d35d84)] -> xpath: //div[@class='productDetails slds-p-bottom_large']//div[contains(@class,'slds-p-bottom_medium')]]</small> </font> </div>
<div class="test-message">&emsp;Course Name : TotalLossandSalvageProcess is not displayed in the URL pageName from Excel :processingvehiclesalvage</div>
<div class="test-result"><font color="red">&emsp;Failed to verify the course name for relevant link</font><a href=".\ScreenShot\URL_TC001_2722131090676600.png" target="_blank" >[ScreenShot]</a></div>
<!--FAILSOFT-->
<div class="test-message">&emsp;
</div>
<div class="test-message">&emsp;133. URL is : https://www.i-car.com/product/understanding-high-voltage-safety</div>
<div class="test-event"> <font color="maroon"> <small> &emsp; &emsp;--- 05 May 00:16:34 845 - Page URL:: https://www.i-car.com/product/understanding-high-voltage-safety</small> </font> </div>
<div class="test-event"> <font color="maroon"> <small> &emsp; &emsp;--- 05 May 00:16:34 845 - <b>0</b> - Page Load Wait: (Sync) - ICar.support.Utils.waitForPageLoad(Utils.java:109)</small> </font> </div>
<div class="test-message">&emsp;Successfully navigated to the :  https://www.i-car.com/product/understanding-high-voltage-safety   Page&emsp;<a href=".\ScreenShot\URL_TC001_2722132452911400.png" target="_blank" >[ScreenShot]</a></div>
<div class="test-event"> <font color="maroon"> <small> &emsp; &emsp;--- 05 May 00:16:35 128 - Page URL:: https://www.i-car.com/product/understanding-high-voltage-safety</small> </font> </div>
<div class="test-event"> <font color="maroon"> <small> &emsp; &emsp;--- 05 May 00:16:35 128 - <b>0</b> - Page Load Wait: (Sync) - ICar.support.Utils.waitForPageLoad(Utils.java:109)</small> </font> </div>
<div class="test-event"> <font color="maroon"> <small> &emsp; &emsp;--- 05 May 00:16:35 136 - Catched spinner load exception due to javascript error: {"status":32,"value":"An invalid or illegal selector was specified"}
  (Session info: chrome=124.0.6367.92)
Build info: version: '4.6.0', revision: '79f1c02ae20'
System info: os.name: 'Windows 10', os.arch: 'amd64', os.version: '10.0', java.version: '17.0.7'
Driver info: org.openqa.selenium.chrome.ChromeDriver
Command: [2cf28825ea7a8a419a5b05b8e5d35d84, findElement {using=css selector, value=div[class='slds-spinner slds-spinner_brand slds-spinner_small']>div:nth-child(2)r}]
Capabilities {acceptInsecureCerts: false, browserName: chrome, browserVersion: 124.0.6367.92, chrome: {chromedriverVersion: 124.0.6367.91 (51df0e5e17a8..., userDataDir: C:\Users\PRATHA~1.KUM\AppDa...}, fedcm:accounts: true, goog:chromeOptions: {debuggerAddress: localhost:49451}, networkConnectionEnabled: false, pageLoadStrategy: normal, platformName: WINDOWS, proxy: Proxy(), se:cdp: ws://localhost:49451/devtoo..., se:cdpVersion: 124.0.6367.92, setWindowRect: true, strictFileInteractability: false, timeouts: {implicit: 0, pageLoad: 300000, script: 30000}, unhandledPromptBehavior: dismiss and notify, webauthn:extension:credBlob: true, webauthn:extension:largeBlob: true, webauthn:extension:minPinLength: true, webauthn:extension:prf: true, webauthn:virtualAuthenticators: true}
Session ID: 2cf28825ea7a8a419a5b05b8e5d35d84</small> </font> </div>
<div class="test-event"> <font color="maroon"> <small> &emsp; &emsp;--- 05 May 00:16:35 136 - <b>0</b> - Spinner Load Wait: (Sync) - ICar.support.WaitUtils.waitForSpinner(WaitUtils.java:225)</small> </font> </div>
<div class="test-event"> <font color="maroon"> <small> &emsp; &emsp;--- 05 May 00:16:45 251 - Page URL:: https://www.i-car.com/product/understanding-high-voltage-safety</small> </font> </div>
<div class="test-event"> <font color="maroon"> <small> &emsp; &emsp;--- 05 May 00:16:45 251 - <b>0</b> - Page Load Wait: (Sync) - ICar.support.Utils.waitForPageLoad(Utils.java:109)</small> </font> </div>
<div class="test-event"> <font color="maroon"> <small> &emsp; &emsp;--- 05 May 00:16:45 268 - Element is displayed:: [[ChromeDriver: chrome on WINDOWS (2cf28825ea7a8a419a5b05b8e5d35d84)] -> xpath: //a[contains(text(),'Back to Courses')]]</small> </font> </div>
<div class="test-event"> <font color="maroon"> <small> &emsp; &emsp;--- 05 May 00:16:52 312 - Catched spinner load exception due to javascript error: {"status":32,"value":"An invalid or illegal selector was specified"}
  (Session info: chrome=124.0.6367.92)
Build info: version: '4.6.0', revision: '79f1c02ae20'
System info: os.name: 'Windows 10', os.arch: 'amd64', os.version: '10.0', java.version: '17.0.7'
Driver info: org.openqa.selenium.chrome.ChromeDriver
Command: [2cf28825ea7a8a419a5b05b8e5d35d84, findElement {using=css selector, value=div[class='slds-spinner slds-spinner_brand slds-spinner_small']>div:nth-child(2)r}]
Capabilities {acceptInsecureCerts: false, browserName: chrome, browserVersion: 124.0.6367.92, chrome: {chromedriverVersion: 124.0.6367.91 (51df0e5e17a8..., userDataDir: C:\Users\PRATHA~1.KUM\AppDa...}, fedcm:accounts: true, goog:chromeOptions: {debuggerAddress: localhost:49451}, networkConnectionEnabled: false, pageLoadStrategy: normal, platformName: WINDOWS, proxy: Proxy(), se:cdp: ws://localhost:49451/devtoo..., se:cdpVersion: 124.0.6367.92, setWindowRect: true, strictFileInteractability: false, timeouts: {implicit: 0, pageLoad: 300000, script: 30000}, unhandledPromptBehavior: dismiss and notify, webauthn:extension:credBlob: true, webauthn:extension:largeBlob: true, webauthn:extension:minPinLength: true, webauthn:extension:prf: true, webauthn:virtualAuthenticators: true}
Session ID: 2cf28825ea7a8a419a5b05b8e5d35d84</small> </font> </div>
<div class="test-event"> <font color="maroon"> <small> &emsp; &emsp;--- 05 May 00:16:52 312 - <b>0</b> - Spinner Load Wait: (Sync) - ICar.support.WaitUtils.waitForSpinner(WaitUtils.java:225)</small> </font> </div>
<div class="test-message">&emsp;Back To Courses is displayed in the page </div>
<div class="test-message">&emsp;Successfully verified Back To Course Link&emsp;<a href=".\ScreenShot\URL_TC001_2722149929902300.png" target="_blank" >[ScreenShot]</a></div>
<div class="test-event"> <font color="maroon"> <small> &emsp; &emsp;--- 05 May 00:16:52 556 - Catched spinner load exception due to javascript error: {"status":32,"value":"An invalid or illegal selector was specified"}
  (Session info: chrome=124.0.6367.92)
Build info: version: '4.6.0', revision: '79f1c02ae20'
System info: os.name: 'Windows 10', os.arch: 'amd64', os.version: '10.0', java.version: '17.0.7'
Driver info: org.openqa.selenium.chrome.ChromeDriver
Command: [2cf28825ea7a8a419a5b05b8e5d35d84, findElement {using=css selector, value=div[class='slds-spinner slds-spinner_brand slds-spinner_small']>div:nth-child(2)r}]
Capabilities {acceptInsecureCerts: false, browserName: chrome, browserVersion: 124.0.6367.92, chrome: {chromedriverVersion: 124.0.6367.91 (51df0e5e17a8..., userDataDir: C:\Users\PRATHA~1.KUM\AppDa...}, fedcm:accounts: true, goog:chromeOptions: {debuggerAddress: localhost:49451}, networkConnectionEnabled: false, pageLoadStrategy: normal, platformName: WINDOWS, proxy: Proxy(), se:cdp: ws://localhost:49451/devtoo..., se:cdpVersion: 124.0.6367.92, setWindowRect: true, strictFileInteractability: false, timeouts: {implicit: 0, pageLoad: 300000, script: 30000}, unhandledPromptBehavior: dismiss and notify, webauthn:extension:credBlob: true, webauthn:extension:largeBlob: true, webauthn:extension:minPinLength: true, webauthn:extension:prf: true, webauthn:virtualAuthenticators: true}
Session ID: 2cf28825ea7a8a419a5b05b8e5d35d84</small> </font> </div>
<div class="test-event"> <font color="maroon"> <small> &emsp; &emsp;--- 05 May 00:16:52 556 - <b>0</b> - Spinner Load Wait: (Sync) - ICar.support.WaitUtils.waitForSpinner(WaitUtils.java:225)</small> </font> </div>
<div class="test-event"> <font color="maroon"> <small> &emsp; &emsp;--- 05 May 00:16:52 617 - Page URL:: https://www.i-car.com/product/understanding-high-voltage-safety</small> </font> </div>
<div class="test-event"> <font color="maroon"> <small> &emsp; &emsp;--- 05 May 00:16:52 617 - <b>0</b> - Page Load Wait: (Sync) - ICar.support.Utils.waitForPageLoad(Utils.java:109)</small> </font> </div>
<div class="test-event"> <font color="maroon"> <small> &emsp; &emsp;--- 05 May 00:17:02 661 - Element is displayed:: [[ChromeDriver: chrome on WINDOWS (2cf28825ea7a8a419a5b05b8e5d35d84)] -> xpath: //div[@class='productDetails slds-p-bottom_large']//div[contains(@class,'slds-p-bottom_medium')]]</small> </font> </div>
<div class="test-message">&emsp;Course Name : UnderstandingHighVoltageSafety is displayed in the URL page</div>
<div class="test-message">&emsp;Successfully verified the course name for relevant link&emsp;<a href=".\ScreenShot\URL_TC001_2722168290315500.png" target="_blank" >[ScreenShot]</a></div>
<div class="test-message">&emsp;
</div>
<div class="test-message">&emsp;134. URL is : https://www.i-car.com/product/nissan-rogue-2021-electromechanical-repairs</div>
<div class="test-event"> <font color="maroon"> <small> &emsp; &emsp;--- 05 May 00:17:12 125 - Page URL:: https://www.i-car.com/product/nissan-rogue-2021-electromechanical-repairs</small> </font> </div>
<div class="test-event"> <font color="maroon"> <small> &emsp; &emsp;--- 05 May 00:17:12 125 - <b>0</b> - Page Load Wait: (Sync) - ICar.support.Utils.waitForPageLoad(Utils.java:109)</small> </font> </div>
<div class="test-message">&emsp;Successfully navigated to the :  https://www.i-car.com/product/nissan-rogue-2021-electromechanical-repairs   Page&emsp;<a href=".\ScreenShot\URL_TC001_2722169731650800.png" target="_blank" >[ScreenShot]</a></div>
<div class="test-event"> <font color="maroon"> <small> &emsp; &emsp;--- 05 May 00:17:12 402 - Page URL:: https://www.i-car.com/product/nissan-rogue-2021-electromechanical-repairs</small> </font> </div>
<div class="test-event"> <font color="maroon"> <small> &emsp; &emsp;--- 05 May 00:17:12 402 - <b>0</b> - Page Load Wait: (Sync) - ICar.support.Utils.waitForPageLoad(Utils.java:109)</small> </font> </div>
<div class="test-event"> <font color="maroon"> <small> &emsp; &emsp;--- 05 May 00:17:12 410 - Catched spinner load exception due to javascript error: {"status":32,"value":"An invalid or illegal selector was specified"}
  (Session info: chrome=124.0.6367.92)
Build info: version: '4.6.0', revision: '79f1c02ae20'
System info: os.name: 'Windows 10', os.arch: 'amd64', os.version: '10.0', java.version: '17.0.7'
Driver info: org.openqa.selenium.chrome.ChromeDriver
Command: [2cf28825ea7a8a419a5b05b8e5d35d84, findElement {using=css selector, value=div[class='slds-spinner slds-spinner_brand slds-spinner_small']>div:nth-child(2)r}]
Capabilities {acceptInsecureCerts: false, browserName: chrome, browserVersion: 124.0.6367.92, chrome: {chromedriverVersion: 124.0.6367.91 (51df0e5e17a8..., userDataDir: C:\Users\PRATHA~1.KUM\AppDa...}, fedcm:accounts: true, goog:chromeOptions: {debuggerAddress: localhost:49451}, networkConnectionEnabled: false, pageLoadStrategy: normal, platformName: WINDOWS, proxy: Proxy(), se:cdp: ws://localhost:49451/devtoo..., se:cdpVersion: 124.0.6367.92, setWindowRect: true, strictFileInteractability: false, timeouts: {implicit: 0, pageLoad: 300000, script: 30000}, unhandledPromptBehavior: dismiss and notify, webauthn:extension:credBlob: true, webauthn:extension:largeBlob: true, webauthn:extension:minPinLength: true, webauthn:extension:prf: true, webauthn:virtualAuthenticators: true}
Session ID: 2cf28825ea7a8a419a5b05b8e5d35d84</small> </font> </div>
<div class="test-event"> <font color="maroon"> <small> &emsp; &emsp;--- 05 May 00:17:12 410 - <b>0</b> - Spinner Load Wait: (Sync) - ICar.support.WaitUtils.waitForSpinner(WaitUtils.java:225)</small> </font> </div>
<div class="test-event"> <font color="maroon"> <small> &emsp; &emsp;--- 05 May 00:17:22 479 - Page URL:: https://www.i-car.com/product/nissan-rogue-2021-electromechanical-repairs</small> </font> </div>
<div class="test-event"> <font color="maroon"> <small> &emsp; &emsp;--- 05 May 00:17:22 479 - <b>0</b> - Page Load Wait: (Sync) - ICar.support.Utils.waitForPageLoad(Utils.java:109)</small> </font> </div>
<div class="test-event"> <font color="maroon"> <small> &emsp; &emsp;--- 05 May 00:17:22 497 - Element is displayed:: [[ChromeDriver: chrome on WINDOWS (2cf28825ea7a8a419a5b05b8e5d35d84)] -> xpath: //a[contains(text(),'Back to Courses')]]</small> </font> </div>
<div class="test-event"> <font color="maroon"> <small> &emsp; &emsp;--- 05 May 00:17:29 522 - Catched spinner load exception due to javascript error: {"status":32,"value":"An invalid or illegal selector was specified"}
  (Session info: chrome=124.0.6367.92)
Build info: version: '4.6.0', revision: '79f1c02ae20'
System info: os.name: 'Windows 10', os.arch: 'amd64', os.version: '10.0', java.version: '17.0.7'
Driver info: org.openqa.selenium.chrome.ChromeDriver
Command: [2cf28825ea7a8a419a5b05b8e5d35d84, findElement {using=css selector, value=div[class='slds-spinner slds-spinner_brand slds-spinner_small']>div:nth-child(2)r}]
Capabilities {acceptInsecureCerts: false, browserName: chrome, browserVersion: 124.0.6367.92, chrome: {chromedriverVersion: 124.0.6367.91 (51df0e5e17a8..., userDataDir: C:\Users\PRATHA~1.KUM\AppDa...}, fedcm:accounts: true, goog:chromeOptions: {debuggerAddress: localhost:49451}, networkConnectionEnabled: false, pageLoadStrategy: normal, platformName: WINDOWS, proxy: Proxy(), se:cdp: ws://localhost:49451/devtoo..., se:cdpVersion: 124.0.6367.92, setWindowRect: true, strictFileInteractability: false, timeouts: {implicit: 0, pageLoad: 300000, script: 30000}, unhandledPromptBehavior: dismiss and notify, webauthn:extension:credBlob: true, webauthn:extension:largeBlob: true, webauthn:extension:minPinLength: true, webauthn:extension:prf: true, webauthn:virtualAuthenticators: true}
Session ID: 2cf28825ea7a8a419a5b05b8e5d35d84</small> </font> </div>
<div class="test-event"> <font color="maroon"> <small> &emsp; &emsp;--- 05 May 00:17:29 522 - <b>0</b> - Spinner Load Wait: (Sync) - ICar.support.WaitUtils.waitForSpinner(WaitUtils.java:225)</small> </font> </div>
<div class="test-message">&emsp;Back To Courses is displayed in the page </div>
<div class="test-message">&emsp;Successfully verified Back To Course Link&emsp;<a href=".\ScreenShot\URL_TC001_2722187138601800.png" target="_blank" >[ScreenShot]</a></div>
<div class="test-event"> <font color="maroon"> <small> &emsp; &emsp;--- 05 May 00:17:29 817 - Catched spinner load exception due to javascript error: {"status":32,"value":"An invalid or illegal selector was specified"}
  (Session info: chrome=124.0.6367.92)
Build info: version: '4.6.0', revision: '79f1c02ae20'
System info: os.name: 'Windows 10', os.arch: 'amd64', os.version: '10.0', java.version: '17.0.7'
Driver info: org.openqa.selenium.chrome.ChromeDriver
Command: [2cf28825ea7a8a419a5b05b8e5d35d84, findElement {using=css selector, value=div[class='slds-spinner slds-spinner_brand slds-spinner_small']>div:nth-child(2)r}]
Capabilities {acceptInsecureCerts: false, browserName: chrome, browserVersion: 124.0.6367.92, chrome: {chromedriverVersion: 124.0.6367.91 (51df0e5e17a8..., userDataDir: C:\Users\PRATHA~1.KUM\AppDa...}, fedcm:accounts: true, goog:chromeOptions: {debuggerAddress: localhost:49451}, networkConnectionEnabled: false, pageLoadStrategy: normal, platformName: WINDOWS, proxy: Proxy(), se:cdp: ws://localhost:49451/devtoo..., se:cdpVersion: 124.0.6367.92, setWindowRect: true, strictFileInteractability: false, timeouts: {implicit: 0, pageLoad: 300000, script: 30000}, unhandledPromptBehavior: dismiss and notify, webauthn:extension:credBlob: true, webauthn:extension:largeBlob: true, webauthn:extension:minPinLength: true, webauthn:extension:prf: true, webauthn:virtualAuthenticators: true}
Session ID: 2cf28825ea7a8a419a5b05b8e5d35d84</small> </font> </div>
<div class="test-event"> <font color="maroon"> <small> &emsp; &emsp;--- 05 May 00:17:29 822 - <b>0</b> - Spinner Load Wait: (Sync) - ICar.support.WaitUtils.waitForSpinner(WaitUtils.java:225)</small> </font> </div>
<div class="test-event"> <font color="maroon"> <small> &emsp; &emsp;--- 05 May 00:17:29 886 - Page URL:: https://www.i-car.com/product/nissan-rogue-2021-electromechanical-repairs</small> </font> </div>
<div class="test-event"> <font color="maroon"> <small> &emsp; &emsp;--- 05 May 00:17:29 887 - <b>0</b> - Page Load Wait: (Sync) - ICar.support.Utils.waitForPageLoad(Utils.java:109)</small> </font> </div>
<div class="test-event"> <font color="maroon"> <small> &emsp; &emsp;--- 05 May 00:17:39 928 - Element is displayed:: [[ChromeDriver: chrome on WINDOWS (2cf28825ea7a8a419a5b05b8e5d35d84)] -> xpath: //div[@class='productDetails slds-p-bottom_large']//div[contains(@class,'slds-p-bottom_medium')]]</small> </font> </div>
<div class="test-message">&emsp;Course Name : NissanRogue2021ElectromechanicalRepairs is displayed in the URL page</div>
<div class="test-message">&emsp;Successfully verified the course name for relevant link&emsp;<a href=".\ScreenShot\URL_TC001_2722205558258100.png" target="_blank" >[ScreenShot]</a></div>
<div class="test-message">&emsp;
</div>
<div class="test-message">&emsp;135. URL is : https://www.i-car.com/product/pl1-mechanical-technician-theory</div>
<div class="test-event"> <font color="maroon"> <small> &emsp; &emsp;--- 05 May 00:17:49 498 - Page URL:: https://www.i-car.com/product/pl1-mechanical-technician-theory</small> </font> </div>
<div class="test-event"> <font color="maroon"> <small> &emsp; &emsp;--- 05 May 00:17:49 498 - <b>0</b> - Page Load Wait: (Sync) - ICar.support.Utils.waitForPageLoad(Utils.java:109)</small> </font> </div>
<div class="test-message">&emsp;Successfully navigated to the :  https://www.i-car.com/product/pl1-mechanical-technician-theory   Page&emsp;<a href=".\ScreenShot\URL_TC001_2722207106897200.png" target="_blank" >[ScreenShot]</a></div>
<div class="test-event"> <font color="maroon"> <small> &emsp; &emsp;--- 05 May 00:17:49 802 - Page URL:: https://www.i-car.com/product/pl1-mechanical-technician-theory</small> </font> </div>
<div class="test-event"> <font color="maroon"> <small> &emsp; &emsp;--- 05 May 00:17:49 802 - <b>0</b> - Page Load Wait: (Sync) - ICar.support.Utils.waitForPageLoad(Utils.java:109)</small> </font> </div>
<div class="test-event"> <font color="maroon"> <small> &emsp; &emsp;--- 05 May 00:17:49 810 - Catched spinner load exception due to javascript error: {"status":32,"value":"An invalid or illegal selector was specified"}
  (Session info: chrome=124.0.6367.92)
Build info: version: '4.6.0', revision: '79f1c02ae20'
System info: os.name: 'Windows 10', os.arch: 'amd64', os.version: '10.0', java.version: '17.0.7'
Driver info: org.openqa.selenium.chrome.ChromeDriver
Command: [2cf28825ea7a8a419a5b05b8e5d35d84, findElement {using=css selector, value=div[class='slds-spinner slds-spinner_brand slds-spinner_small']>div:nth-child(2)r}]
Capabilities {acceptInsecureCerts: false, browserName: chrome, browserVersion: 124.0.6367.92, chrome: {chromedriverVersion: 124.0.6367.91 (51df0e5e17a8..., userDataDir: C:\Users\PRATHA~1.KUM\AppDa...}, fedcm:accounts: true, goog:chromeOptions: {debuggerAddress: localhost:49451}, networkConnectionEnabled: false, pageLoadStrategy: normal, platformName: WINDOWS, proxy: Proxy(), se:cdp: ws://localhost:49451/devtoo..., se:cdpVersion: 124.0.6367.92, setWindowRect: true, strictFileInteractability: false, timeouts: {implicit: 0, pageLoad: 300000, script: 30000}, unhandledPromptBehavior: dismiss and notify, webauthn:extension:credBlob: true, webauthn:extension:largeBlob: true, webauthn:extension:minPinLength: true, webauthn:extension:prf: true, webauthn:virtualAuthenticators: true}
Session ID: 2cf28825ea7a8a419a5b05b8e5d35d84</small> </font> </div>
<div class="test-event"> <font color="maroon"> <small> &emsp; &emsp;--- 05 May 00:17:49 810 - <b>0</b> - Spinner Load Wait: (Sync) - ICar.support.WaitUtils.waitForSpinner(WaitUtils.java:225)</small> </font> </div>
<div class="test-event"> <font color="maroon"> <small> &emsp; &emsp;--- 05 May 00:17:59 899 - Page URL:: https://www.i-car.com/product/pl1-mechanical-technician-theory</small> </font> </div>
<div class="test-event"> <font color="maroon"> <small> &emsp; &emsp;--- 05 May 00:17:59 899 - <b>0</b> - Page Load Wait: (Sync) - ICar.support.Utils.waitForPageLoad(Utils.java:109)</small> </font> </div>
<div class="test-event"> <font color="maroon"> <small> &emsp; &emsp;--- 05 May 00:17:59 917 - Element is displayed:: [[ChromeDriver: chrome on WINDOWS (2cf28825ea7a8a419a5b05b8e5d35d84)] -> xpath: //a[contains(text(),'Back to Courses')]]</small> </font> </div>
<div class="test-event"> <font color="maroon"> <small> &emsp; &emsp;--- 05 May 00:18:06 956 - Catched spinner load exception due to javascript error: {"status":32,"value":"An invalid or illegal selector was specified"}
  (Session info: chrome=124.0.6367.92)
Build info: version: '4.6.0', revision: '79f1c02ae20'
System info: os.name: 'Windows 10', os.arch: 'amd64', os.version: '10.0', java.version: '17.0.7'
Driver info: org.openqa.selenium.chrome.ChromeDriver
Command: [2cf28825ea7a8a419a5b05b8e5d35d84, findElement {using=css selector, value=div[class='slds-spinner slds-spinner_brand slds-spinner_small']>div:nth-child(2)r}]
Capabilities {acceptInsecureCerts: false, browserName: chrome, browserVersion: 124.0.6367.92, chrome: {chromedriverVersion: 124.0.6367.91 (51df0e5e17a8..., userDataDir: C:\Users\PRATHA~1.KUM\AppDa...}, fedcm:accounts: true, goog:chromeOptions: {debuggerAddress: localhost:49451}, networkConnectionEnabled: false, pageLoadStrategy: normal, platformName: WINDOWS, proxy: Proxy(), se:cdp: ws://localhost:49451/devtoo..., se:cdpVersion: 124.0.6367.92, setWindowRect: true, strictFileInteractability: false, timeouts: {implicit: 0, pageLoad: 300000, script: 30000}, unhandledPromptBehavior: dismiss and notify, webauthn:extension:credBlob: true, webauthn:extension:largeBlob: true, webauthn:extension:minPinLength: true, webauthn:extension:prf: true, webauthn:virtualAuthenticators: true}
Session ID: 2cf28825ea7a8a419a5b05b8e5d35d84</small> </font> </div>
<div class="test-event"> <font color="maroon"> <small> &emsp; &emsp;--- 05 May 00:18:06 956 - <b>0</b> - Spinner Load Wait: (Sync) - ICar.support.WaitUtils.waitForSpinner(WaitUtils.java:225)</small> </font> </div>
<div class="test-message">&emsp;Back To Courses is displayed in the page </div>
<div class="test-message">&emsp;Successfully verified Back To Course Link&emsp;<a href=".\ScreenShot\URL_TC001_2722224573780500.png" target="_blank" >[ScreenShot]</a></div>
<div class="test-event"> <font color="maroon"> <small> &emsp; &emsp;--- 05 May 00:18:07 196 - Catched spinner load exception due to javascript error: {"status":32,"value":"An invalid or illegal selector was specified"}
  (Session info: chrome=124.0.6367.92)
Build info: version: '4.6.0', revision: '79f1c02ae20'
System info: os.name: 'Windows 10', os.arch: 'amd64', os.version: '10.0', java.version: '17.0.7'
Driver info: org.openqa.selenium.chrome.ChromeDriver
Command: [2cf28825ea7a8a419a5b05b8e5d35d84, findElement {using=css selector, value=div[class='slds-spinner slds-spinner_brand slds-spinner_small']>div:nth-child(2)r}]
Capabilities {acceptInsecureCerts: false, browserName: chrome, browserVersion: 124.0.6367.92, chrome: {chromedriverVersion: 124.0.6367.91 (51df0e5e17a8..., userDataDir: C:\Users\PRATHA~1.KUM\AppDa...}, fedcm:accounts: true, goog:chromeOptions: {debuggerAddress: localhost:49451}, networkConnectionEnabled: false, pageLoadStrategy: normal, platformName: WINDOWS, proxy: Proxy(), se:cdp: ws://localhost:49451/devtoo..., se:cdpVersion: 124.0.6367.92, setWindowRect: true, strictFileInteractability: false, timeouts: {implicit: 0, pageLoad: 300000, script: 30000}, unhandledPromptBehavior: dismiss and notify, webauthn:extension:credBlob: true, webauthn:extension:largeBlob: true, webauthn:extension:minPinLength: true, webauthn:extension:prf: true, webauthn:virtualAuthenticators: true}
Session ID: 2cf28825ea7a8a419a5b05b8e5d35d84</small> </font> </div>
<div class="test-event"> <font color="maroon"> <small> &emsp; &emsp;--- 05 May 00:18:07 196 - <b>0</b> - Spinner Load Wait: (Sync) - ICar.support.WaitUtils.waitForSpinner(WaitUtils.java:225)</small> </font> </div>
<div class="test-event"> <font color="maroon"> <small> &emsp; &emsp;--- 05 May 00:18:07 269 - Page URL:: https://www.i-car.com/product/pl1-mechanical-technician-theory</small> </font> </div>
<div class="test-event"> <font color="maroon"> <small> &emsp; &emsp;--- 05 May 00:18:07 269 - <b>0</b> - Page Load Wait: (Sync) - ICar.support.Utils.waitForPageLoad(Utils.java:109)</small> </font> </div>
<div class="test-event"> <font color="maroon"> <small> &emsp; &emsp;--- 05 May 00:18:17 319 - Element is displayed:: [[ChromeDriver: chrome on WINDOWS (2cf28825ea7a8a419a5b05b8e5d35d84)] -> xpath: //div[@class='productDetails slds-p-bottom_large']//div[contains(@class,'slds-p-bottom_medium')]]</small> </font> </div>
<div class="test-message">&emsp;Course Name : PL1MechanicalTechnicianTheory is displayed in the URL page</div>
<div class="test-message">&emsp;Successfully verified the course name for relevant link&emsp;<a href=".\ScreenShot\URL_TC001_2722242947192000.png" target="_blank" >[ScreenShot]</a></div>
<div class="test-message">&emsp;
</div>
<div class="test-message">&emsp;136. URL is : https://www.i-car.com/product/ford-diagnosing-adas-related-concerns</div>
<div class="test-event"> <font color="maroon"> <small> &emsp; &emsp;--- 05 May 00:18:26 785 - Page URL:: https://www.i-car.com/product/ford-diagnosing-adas-related-concerns</small> </font> </div>
<div class="test-event"> <font color="maroon"> <small> &emsp; &emsp;--- 05 May 00:18:26 785 - <b>0</b> - Page Load Wait: (Sync) - ICar.support.Utils.waitForPageLoad(Utils.java:109)</small> </font> </div>
<div class="test-message">&emsp;Successfully navigated to the :  https://www.i-car.com/product/ford-diagnosing-adas-related-concerns   Page&emsp;<a href=".\ScreenShot\URL_TC001_2722244391992300.png" target="_blank" >[ScreenShot]</a></div>
<div class="test-event"> <font color="maroon"> <small> &emsp; &emsp;--- 05 May 00:18:27 041 - Page URL:: https://www.i-car.com/product/ford-diagnosing-adas-related-concerns</small> </font> </div>
<div class="test-event"> <font color="maroon"> <small> &emsp; &emsp;--- 05 May 00:18:27 042 - <b>0</b> - Page Load Wait: (Sync) - ICar.support.Utils.waitForPageLoad(Utils.java:109)</small> </font> </div>
<div class="test-event"> <font color="maroon"> <small> &emsp; &emsp;--- 05 May 00:18:27 048 - Catched spinner load exception due to javascript error: {"status":32,"value":"An invalid or illegal selector was specified"}
  (Session info: chrome=124.0.6367.92)
Build info: version: '4.6.0', revision: '79f1c02ae20'
System info: os.name: 'Windows 10', os.arch: 'amd64', os.version: '10.0', java.version: '17.0.7'
Driver info: org.openqa.selenium.chrome.ChromeDriver
Command: [2cf28825ea7a8a419a5b05b8e5d35d84, findElement {using=css selector, value=div[class='slds-spinner slds-spinner_brand slds-spinner_small']>div:nth-child(2)r}]
Capabilities {acceptInsecureCerts: false, browserName: chrome, browserVersion: 124.0.6367.92, chrome: {chromedriverVersion: 124.0.6367.91 (51df0e5e17a8..., userDataDir: C:\Users\PRATHA~1.KUM\AppDa...}, fedcm:accounts: true, goog:chromeOptions: {debuggerAddress: localhost:49451}, networkConnectionEnabled: false, pageLoadStrategy: normal, platformName: WINDOWS, proxy: Proxy(), se:cdp: ws://localhost:49451/devtoo..., se:cdpVersion: 124.0.6367.92, setWindowRect: true, strictFileInteractability: false, timeouts: {implicit: 0, pageLoad: 300000, script: 30000}, unhandledPromptBehavior: dismiss and notify, webauthn:extension:credBlob: true, webauthn:extension:largeBlob: true, webauthn:extension:minPinLength: true, webauthn:extension:prf: true, webauthn:virtualAuthenticators: true}
Session ID: 2cf28825ea7a8a419a5b05b8e5d35d84</small> </font> </div>
<div class="test-event"> <font color="maroon"> <small> &emsp; &emsp;--- 05 May 00:18:27 048 - <b>0</b> - Spinner Load Wait: (Sync) - ICar.support.WaitUtils.waitForSpinner(WaitUtils.java:225)</small> </font> </div>
<div class="test-event"> <font color="maroon"> <small> &emsp; &emsp;--- 05 May 00:18:37 131 - Page URL:: https://www.i-car.com/product/ford-diagnosing-adas-related-concerns</small> </font> </div>
<div class="test-event"> <font color="maroon"> <small> &emsp; &emsp;--- 05 May 00:18:37 131 - <b>0</b> - Page Load Wait: (Sync) - ICar.support.Utils.waitForPageLoad(Utils.java:109)</small> </font> </div>
<div class="test-event"> <font color="maroon"> <small> &emsp; &emsp;--- 05 May 00:18:37 150 - Element is displayed:: [[ChromeDriver: chrome on WINDOWS (2cf28825ea7a8a419a5b05b8e5d35d84)] -> xpath: //a[contains(text(),'Back to Courses')]]</small> </font> </div>
<div class="test-event"> <font color="maroon"> <small> &emsp; &emsp;--- 05 May 00:18:44 180 - Catched spinner load exception due to javascript error: {"status":32,"value":"An invalid or illegal selector was specified"}
  (Session info: chrome=124.0.6367.92)
Build info: version: '4.6.0', revision: '79f1c02ae20'
System info: os.name: 'Windows 10', os.arch: 'amd64', os.version: '10.0', java.version: '17.0.7'
Driver info: org.openqa.selenium.chrome.ChromeDriver
Command: [2cf28825ea7a8a419a5b05b8e5d35d84, findElement {using=css selector, value=div[class='slds-spinner slds-spinner_brand slds-spinner_small']>div:nth-child(2)r}]
Capabilities {acceptInsecureCerts: false, browserName: chrome, browserVersion: 124.0.6367.92, chrome: {chromedriverVersion: 124.0.6367.91 (51df0e5e17a8..., userDataDir: C:\Users\PRATHA~1.KUM\AppDa...}, fedcm:accounts: true, goog:chromeOptions: {debuggerAddress: localhost:49451}, networkConnectionEnabled: false, pageLoadStrategy: normal, platformName: WINDOWS, proxy: Proxy(), se:cdp: ws://localhost:49451/devtoo..., se:cdpVersion: 124.0.6367.92, setWindowRect: true, strictFileInteractability: false, timeouts: {implicit: 0, pageLoad: 300000, script: 30000}, unhandledPromptBehavior: dismiss and notify, webauthn:extension:credBlob: true, webauthn:extension:largeBlob: true, webauthn:extension:minPinLength: true, webauthn:extension:prf: true, webauthn:virtualAuthenticators: true}
Session ID: 2cf28825ea7a8a419a5b05b8e5d35d84</small> </font> </div>
<div class="test-event"> <font color="maroon"> <small> &emsp; &emsp;--- 05 May 00:18:44 180 - <b>0</b> - Spinner Load Wait: (Sync) - ICar.support.WaitUtils.waitForSpinner(WaitUtils.java:225)</small> </font> </div>
<div class="test-message">&emsp;Back To Courses is displayed in the page </div>
<div class="test-message">&emsp;Successfully verified Back To Course Link&emsp;<a href=".\ScreenShot\URL_TC001_2722261797750500.png" target="_blank" >[ScreenShot]</a></div>
<div class="test-event"> <font color="maroon"> <small> &emsp; &emsp;--- 05 May 00:18:44 423 - Catched spinner load exception due to javascript error: {"status":32,"value":"An invalid or illegal selector was specified"}
  (Session info: chrome=124.0.6367.92)
Build info: version: '4.6.0', revision: '79f1c02ae20'
System info: os.name: 'Windows 10', os.arch: 'amd64', os.version: '10.0', java.version: '17.0.7'
Driver info: org.openqa.selenium.chrome.ChromeDriver
Command: [2cf28825ea7a8a419a5b05b8e5d35d84, findElement {using=css selector, value=div[class='slds-spinner slds-spinner_brand slds-spinner_small']>div:nth-child(2)r}]
Capabilities {acceptInsecureCerts: false, browserName: chrome, browserVersion: 124.0.6367.92, chrome: {chromedriverVersion: 124.0.6367.91 (51df0e5e17a8..., userDataDir: C:\Users\PRATHA~1.KUM\AppDa...}, fedcm:accounts: true, goog:chromeOptions: {debuggerAddress: localhost:49451}, networkConnectionEnabled: false, pageLoadStrategy: normal, platformName: WINDOWS, proxy: Proxy(), se:cdp: ws://localhost:49451/devtoo..., se:cdpVersion: 124.0.6367.92, setWindowRect: true, strictFileInteractability: false, timeouts: {implicit: 0, pageLoad: 300000, script: 30000}, unhandledPromptBehavior: dismiss and notify, webauthn:extension:credBlob: true, webauthn:extension:largeBlob: true, webauthn:extension:minPinLength: true, webauthn:extension:prf: true, webauthn:virtualAuthenticators: true}
Session ID: 2cf28825ea7a8a419a5b05b8e5d35d84</small> </font> </div>
<div class="test-event"> <font color="maroon"> <small> &emsp; &emsp;--- 05 May 00:18:44 423 - <b>0</b> - Spinner Load Wait: (Sync) - ICar.support.WaitUtils.waitForSpinner(WaitUtils.java:225)</small> </font> </div>
<div class="test-event"> <font color="maroon"> <small> &emsp; &emsp;--- 05 May 00:18:44 490 - Page URL:: https://www.i-car.com/product/ford-diagnosing-adas-related-concerns</small> </font> </div>
<div class="test-event"> <font color="maroon"> <small> &emsp; &emsp;--- 05 May 00:18:44 490 - <b>0</b> - Page Load Wait: (Sync) - ICar.support.Utils.waitForPageLoad(Utils.java:109)</small> </font> </div>
<div class="test-event"> <font color="maroon"> <small> &emsp; &emsp;--- 05 May 00:18:54 539 - Element is displayed:: [[ChromeDriver: chrome on WINDOWS (2cf28825ea7a8a419a5b05b8e5d35d84)] -> xpath: //div[@class='productDetails slds-p-bottom_large']//div[contains(@class,'slds-p-bottom_medium')]]</small> </font> </div>
<div class="test-message">&emsp;Course Name : FordDiagnosingADASRelatedConcerns is displayed in the URL page</div>
<div class="test-message">&emsp;Successfully verified the course name for relevant link&emsp;<a href=".\ScreenShot\URL_TC001_2722280174588800.png" target="_blank" >[ScreenShot]</a></div>
<div class="test-message">&emsp;
</div>
<div class="test-message">&emsp;137. URL is : https://www.i-car.com/product/understanding-the-estimate-and-identifying-additional-damage/</div>
<div class="test-event"> <font color="maroon"> <small> &emsp; &emsp;--- 05 May 00:19:04 250 - Page URL:: https://www.i-car.com/product/understanding-the-estimate-and-identifying-additional-damage</small> </font> </div>
<div class="test-event"> <font color="maroon"> <small> &emsp; &emsp;--- 05 May 00:19:04 251 - <b>0</b> - Page Load Wait: (Sync) - ICar.support.Utils.waitForPageLoad(Utils.java:109)</small> </font> </div>
<div class="test-message">&emsp;Successfully navigated to the :  https://www.i-car.com/product/understanding-the-estimate-and-identifying-additional-damage/   Page&emsp;<a href=".\ScreenShot\URL_TC001_2722281858093500.png" target="_blank" >[ScreenShot]</a></div>
<div class="test-event"> <font color="maroon"> <small> &emsp; &emsp;--- 05 May 00:19:04 506 - Page URL:: https://www.i-car.com/product/understanding-the-estimate-and-identifying-additional-damage</small> </font> </div>
<div class="test-event"> <font color="maroon"> <small> &emsp; &emsp;--- 05 May 00:19:04 506 - <b>0</b> - Page Load Wait: (Sync) - ICar.support.Utils.waitForPageLoad(Utils.java:109)</small> </font> </div>
<div class="test-event"> <font color="maroon"> <small> &emsp; &emsp;--- 05 May 00:19:04 514 - Catched spinner load exception due to javascript error: {"status":32,"value":"An invalid or illegal selector was specified"}
  (Session info: chrome=124.0.6367.92)
Build info: version: '4.6.0', revision: '79f1c02ae20'
System info: os.name: 'Windows 10', os.arch: 'amd64', os.version: '10.0', java.version: '17.0.7'
Driver info: org.openqa.selenium.chrome.ChromeDriver
Command: [2cf28825ea7a8a419a5b05b8e5d35d84, findElement {using=css selector, value=div[class='slds-spinner slds-spinner_brand slds-spinner_small']>div:nth-child(2)r}]
Capabilities {acceptInsecureCerts: false, browserName: chrome, browserVersion: 124.0.6367.92, chrome: {chromedriverVersion: 124.0.6367.91 (51df0e5e17a8..., userDataDir: C:\Users\PRATHA~1.KUM\AppDa...}, fedcm:accounts: true, goog:chromeOptions: {debuggerAddress: localhost:49451}, networkConnectionEnabled: false, pageLoadStrategy: normal, platformName: WINDOWS, proxy: Proxy(), se:cdp: ws://localhost:49451/devtoo..., se:cdpVersion: 124.0.6367.92, setWindowRect: true, strictFileInteractability: false, timeouts: {implicit: 0, pageLoad: 300000, script: 30000}, unhandledPromptBehavior: dismiss and notify, webauthn:extension:credBlob: true, webauthn:extension:largeBlob: true, webauthn:extension:minPinLength: true, webauthn:extension:prf: true, webauthn:virtualAuthenticators: true}
Session ID: 2cf28825ea7a8a419a5b05b8e5d35d84</small> </font> </div>
<div class="test-event"> <font color="maroon"> <small> &emsp; &emsp;--- 05 May 00:19:04 514 - <b>0</b> - Spinner Load Wait: (Sync) - ICar.support.WaitUtils.waitForSpinner(WaitUtils.java:225)</small> </font> </div>
<div class="test-event"> <font color="maroon"> <small> &emsp; &emsp;--- 05 May 00:19:14 589 - Page URL:: https://www.i-car.com/product/understanding-the-estimate-and-identifying-additional-damage</small> </font> </div>
<div class="test-event"> <font color="maroon"> <small> &emsp; &emsp;--- 05 May 00:19:14 589 - <b>0</b> - Page Load Wait: (Sync) - ICar.support.Utils.waitForPageLoad(Utils.java:109)</small> </font> </div>
<div class="test-event"> <font color="maroon"> <small> &emsp; &emsp;--- 05 May 00:19:14 607 - Element is displayed:: [[ChromeDriver: chrome on WINDOWS (2cf28825ea7a8a419a5b05b8e5d35d84)] -> xpath: //a[contains(text(),'Back to Courses')]]</small> </font> </div>
<div class="test-event"> <font color="maroon"> <small> &emsp; &emsp;--- 05 May 00:19:21 637 - Catched spinner load exception due to javascript error: {"status":32,"value":"An invalid or illegal selector was specified"}
  (Session info: chrome=124.0.6367.92)
Build info: version: '4.6.0', revision: '79f1c02ae20'
System info: os.name: 'Windows 10', os.arch: 'amd64', os.version: '10.0', java.version: '17.0.7'
Driver info: org.openqa.selenium.chrome.ChromeDriver
Command: [2cf28825ea7a8a419a5b05b8e5d35d84, findElement {using=css selector, value=div[class='slds-spinner slds-spinner_brand slds-spinner_small']>div:nth-child(2)r}]
Capabilities {acceptInsecureCerts: false, browserName: chrome, browserVersion: 124.0.6367.92, chrome: {chromedriverVersion: 124.0.6367.91 (51df0e5e17a8..., userDataDir: C:\Users\PRATHA~1.KUM\AppDa...}, fedcm:accounts: true, goog:chromeOptions: {debuggerAddress: localhost:49451}, networkConnectionEnabled: false, pageLoadStrategy: normal, platformName: WINDOWS, proxy: Proxy(), se:cdp: ws://localhost:49451/devtoo..., se:cdpVersion: 124.0.6367.92, setWindowRect: true, strictFileInteractability: false, timeouts: {implicit: 0, pageLoad: 300000, script: 30000}, unhandledPromptBehavior: dismiss and notify, webauthn:extension:credBlob: true, webauthn:extension:largeBlob: true, webauthn:extension:minPinLength: true, webauthn:extension:prf: true, webauthn:virtualAuthenticators: true}
Session ID: 2cf28825ea7a8a419a5b05b8e5d35d84</small> </font> </div>
<div class="test-event"> <font color="maroon"> <small> &emsp; &emsp;--- 05 May 00:19:21 637 - <b>0</b> - Spinner Load Wait: (Sync) - ICar.support.WaitUtils.waitForSpinner(WaitUtils.java:225)</small> </font> </div>
<div class="test-message">&emsp;Back To Courses is displayed in the page </div>
<div class="test-message">&emsp;Successfully verified Back To Course Link&emsp;<a href=".\ScreenShot\URL_TC001_2722299254904800.png" target="_blank" >[ScreenShot]</a></div>
<div class="test-event"> <font color="maroon"> <small> &emsp; &emsp;--- 05 May 00:19:21 901 - Catched spinner load exception due to javascript error: {"status":32,"value":"An invalid or illegal selector was specified"}
  (Session info: chrome=124.0.6367.92)
Build info: version: '4.6.0', revision: '79f1c02ae20'
System info: os.name: 'Windows 10', os.arch: 'amd64', os.version: '10.0', java.version: '17.0.7'
Driver info: org.openqa.selenium.chrome.ChromeDriver
Command: [2cf28825ea7a8a419a5b05b8e5d35d84, findElement {using=css selector, value=div[class='slds-spinner slds-spinner_brand slds-spinner_small']>div:nth-child(2)r}]
Capabilities {acceptInsecureCerts: false, browserName: chrome, browserVersion: 124.0.6367.92, chrome: {chromedriverVersion: 124.0.6367.91 (51df0e5e17a8..., userDataDir: C:\Users\PRATHA~1.KUM\AppDa...}, fedcm:accounts: true, goog:chromeOptions: {debuggerAddress: localhost:49451}, networkConnectionEnabled: false, pageLoadStrategy: normal, platformName: WINDOWS, proxy: Proxy(), se:cdp: ws://localhost:49451/devtoo..., se:cdpVersion: 124.0.6367.92, setWindowRect: true, strictFileInteractability: false, timeouts: {implicit: 0, pageLoad: 300000, script: 30000}, unhandledPromptBehavior: dismiss and notify, webauthn:extension:credBlob: true, webauthn:extension:largeBlob: true, webauthn:extension:minPinLength: true, webauthn:extension:prf: true, webauthn:virtualAuthenticators: true}
Session ID: 2cf28825ea7a8a419a5b05b8e5d35d84</small> </font> </div>
<div class="test-event"> <font color="maroon"> <small> &emsp; &emsp;--- 05 May 00:19:21 901 - <b>0</b> - Spinner Load Wait: (Sync) - ICar.support.WaitUtils.waitForSpinner(WaitUtils.java:225)</small> </font> </div>
<div class="test-event"> <font color="maroon"> <small> &emsp; &emsp;--- 05 May 00:19:21 963 - Page URL:: https://www.i-car.com/product/understanding-the-estimate-and-identifying-additional-damage</small> </font> </div>
<div class="test-event"> <font color="maroon"> <small> &emsp; &emsp;--- 05 May 00:19:21 963 - <b>0</b> - Page Load Wait: (Sync) - ICar.support.Utils.waitForPageLoad(Utils.java:109)</small> </font> </div>
<div class="test-event"> <font color="maroon"> <small> &emsp; &emsp;--- 05 May 00:19:32 003 - Element is displayed:: [[ChromeDriver: chrome on WINDOWS (2cf28825ea7a8a419a5b05b8e5d35d84)] -> xpath: //div[@class='productDetails slds-p-bottom_large']//div[contains(@class,'slds-p-bottom_medium')]]</small> </font> </div>
<div class="test-message">&emsp;Course Name : UnderstandingtheEstimateandIdentifyingAdditionalDamage is displayed in the URL page</div>
<div class="test-message">&emsp;Successfully verified the course name for relevant link&emsp;<a href=".\ScreenShot\URL_TC001_2722317640197900.png" target="_blank" >[ScreenShot]</a></div>
<div class="test-message">&emsp;
</div>
<div class="test-message">&emsp;138. URL is : https://www.i-car.com/product/seam-sealer</div>
<div class="test-event"> <font color="maroon"> <small> &emsp; &emsp;--- 05 May 00:19:41 671 - Page URL:: https://www.i-car.com/product/seam-sealer</small> </font> </div>
<div class="test-event"> <font color="maroon"> <small> &emsp; &emsp;--- 05 May 00:19:41 671 - <b>0</b> - Page Load Wait: (Sync) - ICar.support.Utils.waitForPageLoad(Utils.java:109)</small> </font> </div>
<div class="test-message">&emsp;Successfully navigated to the :  https://www.i-car.com/product/seam-sealer   Page&emsp;<a href=".\ScreenShot\URL_TC001_2722319278363500.png" target="_blank" >[ScreenShot]</a></div>
<div class="test-event"> <font color="maroon"> <small> &emsp; &emsp;--- 05 May 00:19:41 957 - Page URL:: https://www.i-car.com/product/seam-sealer</small> </font> </div>
<div class="test-event"> <font color="maroon"> <small> &emsp; &emsp;--- 05 May 00:19:41 957 - <b>0</b> - Page Load Wait: (Sync) - ICar.support.Utils.waitForPageLoad(Utils.java:109)</small> </font> </div>
<div class="test-event"> <font color="maroon"> <small> &emsp; &emsp;--- 05 May 00:19:41 966 - Catched spinner load exception due to javascript error: {"status":32,"value":"An invalid or illegal selector was specified"}
  (Session info: chrome=124.0.6367.92)
Build info: version: '4.6.0', revision: '79f1c02ae20'
System info: os.name: 'Windows 10', os.arch: 'amd64', os.version: '10.0', java.version: '17.0.7'
Driver info: org.openqa.selenium.chrome.ChromeDriver
Command: [2cf28825ea7a8a419a5b05b8e5d35d84, findElement {using=css selector, value=div[class='slds-spinner slds-spinner_brand slds-spinner_small']>div:nth-child(2)r}]
Capabilities {acceptInsecureCerts: false, browserName: chrome, browserVersion: 124.0.6367.92, chrome: {chromedriverVersion: 124.0.6367.91 (51df0e5e17a8..., userDataDir: C:\Users\PRATHA~1.KUM\AppDa...}, fedcm:accounts: true, goog:chromeOptions: {debuggerAddress: localhost:49451}, networkConnectionEnabled: false, pageLoadStrategy: normal, platformName: WINDOWS, proxy: Proxy(), se:cdp: ws://localhost:49451/devtoo..., se:cdpVersion: 124.0.6367.92, setWindowRect: true, strictFileInteractability: false, timeouts: {implicit: 0, pageLoad: 300000, script: 30000}, unhandledPromptBehavior: dismiss and notify, webauthn:extension:credBlob: true, webauthn:extension:largeBlob: true, webauthn:extension:minPinLength: true, webauthn:extension:prf: true, webauthn:virtualAuthenticators: true}
Session ID: 2cf28825ea7a8a419a5b05b8e5d35d84</small> </font> </div>
<div class="test-event"> <font color="maroon"> <small> &emsp; &emsp;--- 05 May 00:19:41 966 - <b>0</b> - Spinner Load Wait: (Sync) - ICar.support.WaitUtils.waitForSpinner(WaitUtils.java:225)</small> </font> </div>
<div class="test-event"> <font color="maroon"> <small> &emsp; &emsp;--- 05 May 00:19:52 048 - Page URL:: https://www.i-car.com/product/seam-sealer</small> </font> </div>
<div class="test-event"> <font color="maroon"> <small> &emsp; &emsp;--- 05 May 00:19:52 048 - <b>0</b> - Page Load Wait: (Sync) - ICar.support.Utils.waitForPageLoad(Utils.java:109)</small> </font> </div>
<div class="test-event"> <font color="maroon"> <small> &emsp; &emsp;--- 05 May 00:19:52 066 - Element is displayed:: [[ChromeDriver: chrome on WINDOWS (2cf28825ea7a8a419a5b05b8e5d35d84)] -> xpath: //a[contains(text(),'Back to Courses')]]</small> </font> </div>
<div class="test-event"> <font color="maroon"> <small> &emsp; &emsp;--- 05 May 00:19:59 110 - Catched spinner load exception due to javascript error: {"status":32,"value":"An invalid or illegal selector was specified"}
  (Session info: chrome=124.0.6367.92)
Build info: version: '4.6.0', revision: '79f1c02ae20'
System info: os.name: 'Windows 10', os.arch: 'amd64', os.version: '10.0', java.version: '17.0.7'
Driver info: org.openqa.selenium.chrome.ChromeDriver
Command: [2cf28825ea7a8a419a5b05b8e5d35d84, findElement {using=css selector, value=div[class='slds-spinner slds-spinner_brand slds-spinner_small']>div:nth-child(2)r}]
Capabilities {acceptInsecureCerts: false, browserName: chrome, browserVersion: 124.0.6367.92, chrome: {chromedriverVersion: 124.0.6367.91 (51df0e5e17a8..., userDataDir: C:\Users\PRATHA~1.KUM\AppDa...}, fedcm:accounts: true, goog:chromeOptions: {debuggerAddress: localhost:49451}, networkConnectionEnabled: false, pageLoadStrategy: normal, platformName: WINDOWS, proxy: Proxy(), se:cdp: ws://localhost:49451/devtoo..., se:cdpVersion: 124.0.6367.92, setWindowRect: true, strictFileInteractability: false, timeouts: {implicit: 0, pageLoad: 300000, script: 30000}, unhandledPromptBehavior: dismiss and notify, webauthn:extension:credBlob: true, webauthn:extension:largeBlob: true, webauthn:extension:minPinLength: true, webauthn:extension:prf: true, webauthn:virtualAuthenticators: true}
Session ID: 2cf28825ea7a8a419a5b05b8e5d35d84</small> </font> </div>
<div class="test-event"> <font color="maroon"> <small> &emsp; &emsp;--- 05 May 00:19:59 110 - <b>0</b> - Spinner Load Wait: (Sync) - ICar.support.WaitUtils.waitForSpinner(WaitUtils.java:225)</small> </font> </div>
<div class="test-message">&emsp;Back To Courses is displayed in the page </div>
<div class="test-message">&emsp;Successfully verified Back To Course Link&emsp;<a href=".\ScreenShot\URL_TC001_2722336742761300.png" target="_blank" >[ScreenShot]</a></div>
<div class="test-event"> <font color="maroon"> <small> &emsp; &emsp;--- 05 May 00:19:59 391 - Catched spinner load exception due to javascript error: {"status":32,"value":"An invalid or illegal selector was specified"}
  (Session info: chrome=124.0.6367.92)
Build info: version: '4.6.0', revision: '79f1c02ae20'
System info: os.name: 'Windows 10', os.arch: 'amd64', os.version: '10.0', java.version: '17.0.7'
Driver info: org.openqa.selenium.chrome.ChromeDriver
Command: [2cf28825ea7a8a419a5b05b8e5d35d84, findElement {using=css selector, value=div[class='slds-spinner slds-spinner_brand slds-spinner_small']>div:nth-child(2)r}]
Capabilities {acceptInsecureCerts: false, browserName: chrome, browserVersion: 124.0.6367.92, chrome: {chromedriverVersion: 124.0.6367.91 (51df0e5e17a8..., userDataDir: C:\Users\PRATHA~1.KUM\AppDa...}, fedcm:accounts: true, goog:chromeOptions: {debuggerAddress: localhost:49451}, networkConnectionEnabled: false, pageLoadStrategy: normal, platformName: WINDOWS, proxy: Proxy(), se:cdp: ws://localhost:49451/devtoo..., se:cdpVersion: 124.0.6367.92, setWindowRect: true, strictFileInteractability: false, timeouts: {implicit: 0, pageLoad: 300000, script: 30000}, unhandledPromptBehavior: dismiss and notify, webauthn:extension:credBlob: true, webauthn:extension:largeBlob: true, webauthn:extension:minPinLength: true, webauthn:extension:prf: true, webauthn:virtualAuthenticators: true}
Session ID: 2cf28825ea7a8a419a5b05b8e5d35d84</small> </font> </div>
<div class="test-event"> <font color="maroon"> <small> &emsp; &emsp;--- 05 May 00:19:59 391 - <b>0</b> - Spinner Load Wait: (Sync) - ICar.support.WaitUtils.waitForSpinner(WaitUtils.java:225)</small> </font> </div>
<div class="test-event"> <font color="maroon"> <small> &emsp; &emsp;--- 05 May 00:19:59 459 - Page URL:: https://www.i-car.com/product/seam-sealer</small> </font> </div>
<div class="test-event"> <font color="maroon"> <small> &emsp; &emsp;--- 05 May 00:19:59 459 - <b>0</b> - Page Load Wait: (Sync) - ICar.support.Utils.waitForPageLoad(Utils.java:109)</small> </font> </div>
<div class="test-event"> <font color="maroon"> <small> &emsp; &emsp;--- 05 May 00:20:09 502 - Element is displayed:: [[ChromeDriver: chrome on WINDOWS (2cf28825ea7a8a419a5b05b8e5d35d84)] -> xpath: //div[@class='productDetails slds-p-bottom_large']//div[contains(@class,'slds-p-bottom_medium')]]</small> </font> </div>
<div class="test-message">&emsp;Course Name : SeamSealer is displayed in the URL page</div>
<div class="test-message">&emsp;Successfully verified the course name for relevant link&emsp;<a href=".\ScreenShot\URL_TC001_2722355129963600.png" target="_blank" >[ScreenShot]</a></div>
<div class="test-message">&emsp;
</div>
<div class="test-message">&emsp;139. URL is : https://www.i-car.com/product/intro-series-insurance</div>
<div class="test-event"> <font color="maroon"> <small> &emsp; &emsp;--- 05 May 00:20:18 905 - Page URL:: https://www.i-car.com/product/intro-series-insurance</small> </font> </div>
<div class="test-event"> <font color="maroon"> <small> &emsp; &emsp;--- 05 May 00:20:18 906 - <b>0</b> - Page Load Wait: (Sync) - ICar.support.Utils.waitForPageLoad(Utils.java:109)</small> </font> </div>
<div class="test-message">&emsp;Successfully navigated to the :  https://www.i-car.com/product/intro-series-insurance   Page&emsp;<a href=".\ScreenShot\URL_TC001_2722356513240300.png" target="_blank" >[ScreenShot]</a></div>
<div class="test-event"> <font color="maroon"> <small> &emsp; &emsp;--- 05 May 00:20:19 168 - Page URL:: https://www.i-car.com/product/intro-series-insurance</small> </font> </div>
<div class="test-event"> <font color="maroon"> <small> &emsp; &emsp;--- 05 May 00:20:19 168 - <b>0</b> - Page Load Wait: (Sync) - ICar.support.Utils.waitForPageLoad(Utils.java:109)</small> </font> </div>
<div class="test-event"> <font color="maroon"> <small> &emsp; &emsp;--- 05 May 00:20:19 175 - Catched spinner load exception due to javascript error: {"status":32,"value":"An invalid or illegal selector was specified"}
  (Session info: chrome=124.0.6367.92)
Build info: version: '4.6.0', revision: '79f1c02ae20'
System info: os.name: 'Windows 10', os.arch: 'amd64', os.version: '10.0', java.version: '17.0.7'
Driver info: org.openqa.selenium.chrome.ChromeDriver
Command: [2cf28825ea7a8a419a5b05b8e5d35d84, findElement {using=css selector, value=div[class='slds-spinner slds-spinner_brand slds-spinner_small']>div:nth-child(2)r}]
Capabilities {acceptInsecureCerts: false, browserName: chrome, browserVersion: 124.0.6367.92, chrome: {chromedriverVersion: 124.0.6367.91 (51df0e5e17a8..., userDataDir: C:\Users\PRATHA~1.KUM\AppDa...}, fedcm:accounts: true, goog:chromeOptions: {debuggerAddress: localhost:49451}, networkConnectionEnabled: false, pageLoadStrategy: normal, platformName: WINDOWS, proxy: Proxy(), se:cdp: ws://localhost:49451/devtoo..., se:cdpVersion: 124.0.6367.92, setWindowRect: true, strictFileInteractability: false, timeouts: {implicit: 0, pageLoad: 300000, script: 30000}, unhandledPromptBehavior: dismiss and notify, webauthn:extension:credBlob: true, webauthn:extension:largeBlob: true, webauthn:extension:minPinLength: true, webauthn:extension:prf: true, webauthn:virtualAuthenticators: true}
Session ID: 2cf28825ea7a8a419a5b05b8e5d35d84</small> </font> </div>
<div class="test-event"> <font color="maroon"> <small> &emsp; &emsp;--- 05 May 00:20:19 176 - <b>0</b> - Spinner Load Wait: (Sync) - ICar.support.WaitUtils.waitForSpinner(WaitUtils.java:225)</small> </font> </div>
<div class="test-event"> <font color="maroon"> <small> &emsp; &emsp;--- 05 May 00:20:29 279 - Page URL:: https://www.i-car.com/product/intro-series-insurance</small> </font> </div>
<div class="test-event"> <font color="maroon"> <small> &emsp; &emsp;--- 05 May 00:20:29 279 - <b>0</b> - Page Load Wait: (Sync) - ICar.support.Utils.waitForPageLoad(Utils.java:109)</small> </font> </div>
<div class="test-event"> <font color="maroon"> <small> &emsp; &emsp;--- 05 May 00:20:29 296 - Element is displayed:: [[ChromeDriver: chrome on WINDOWS (2cf28825ea7a8a419a5b05b8e5d35d84)] -> xpath: //a[contains(text(),'Back to Courses')]]</small> </font> </div>
<div class="test-event"> <font color="maroon"> <small> &emsp; &emsp;--- 05 May 00:20:36 315 - Catched spinner load exception due to javascript error: {"status":32,"value":"An invalid or illegal selector was specified"}
  (Session info: chrome=124.0.6367.92)
Build info: version: '4.6.0', revision: '79f1c02ae20'
System info: os.name: 'Windows 10', os.arch: 'amd64', os.version: '10.0', java.version: '17.0.7'
Driver info: org.openqa.selenium.chrome.ChromeDriver
Command: [2cf28825ea7a8a419a5b05b8e5d35d84, findElement {using=css selector, value=div[class='slds-spinner slds-spinner_brand slds-spinner_small']>div:nth-child(2)r}]
Capabilities {acceptInsecureCerts: false, browserName: chrome, browserVersion: 124.0.6367.92, chrome: {chromedriverVersion: 124.0.6367.91 (51df0e5e17a8..., userDataDir: C:\Users\PRATHA~1.KUM\AppDa...}, fedcm:accounts: true, goog:chromeOptions: {debuggerAddress: localhost:49451}, networkConnectionEnabled: false, pageLoadStrategy: normal, platformName: WINDOWS, proxy: Proxy(), se:cdp: ws://localhost:49451/devtoo..., se:cdpVersion: 124.0.6367.92, setWindowRect: true, strictFileInteractability: false, timeouts: {implicit: 0, pageLoad: 300000, script: 30000}, unhandledPromptBehavior: dismiss and notify, webauthn:extension:credBlob: true, webauthn:extension:largeBlob: true, webauthn:extension:minPinLength: true, webauthn:extension:prf: true, webauthn:virtualAuthenticators: true}
Session ID: 2cf28825ea7a8a419a5b05b8e5d35d84</small> </font> </div>
<div class="test-event"> <font color="maroon"> <small> &emsp; &emsp;--- 05 May 00:20:36 315 - <b>0</b> - Spinner Load Wait: (Sync) - ICar.support.WaitUtils.waitForSpinner(WaitUtils.java:225)</small> </font> </div>
<div class="test-message">&emsp;Back To Courses is displayed in the page </div>
<div class="test-message">&emsp;Successfully verified Back To Course Link&emsp;<a href=".\ScreenShot\URL_TC001_2722373932066200.png" target="_blank" >[ScreenShot]</a></div>
<div class="test-event"> <font color="maroon"> <small> &emsp; &emsp;--- 05 May 00:20:36 530 - Catched spinner load exception due to javascript error: {"status":32,"value":"An invalid or illegal selector was specified"}
  (Session info: chrome=124.0.6367.92)
Build info: version: '4.6.0', revision: '79f1c02ae20'
System info: os.name: 'Windows 10', os.arch: 'amd64', os.version: '10.0', java.version: '17.0.7'
Driver info: org.openqa.selenium.chrome.ChromeDriver
Command: [2cf28825ea7a8a419a5b05b8e5d35d84, findElement {using=css selector, value=div[class='slds-spinner slds-spinner_brand slds-spinner_small']>div:nth-child(2)r}]
Capabilities {acceptInsecureCerts: false, browserName: chrome, browserVersion: 124.0.6367.92, chrome: {chromedriverVersion: 124.0.6367.91 (51df0e5e17a8..., userDataDir: C:\Users\PRATHA~1.KUM\AppDa...}, fedcm:accounts: true, goog:chromeOptions: {debuggerAddress: localhost:49451}, networkConnectionEnabled: false, pageLoadStrategy: normal, platformName: WINDOWS, proxy: Proxy(), se:cdp: ws://localhost:49451/devtoo..., se:cdpVersion: 124.0.6367.92, setWindowRect: true, strictFileInteractability: false, timeouts: {implicit: 0, pageLoad: 300000, script: 30000}, unhandledPromptBehavior: dismiss and notify, webauthn:extension:credBlob: true, webauthn:extension:largeBlob: true, webauthn:extension:minPinLength: true, webauthn:extension:prf: true, webauthn:virtualAuthenticators: true}
Session ID: 2cf28825ea7a8a419a5b05b8e5d35d84</small> </font> </div>
<div class="test-event"> <font color="maroon"> <small> &emsp; &emsp;--- 05 May 00:20:36 530 - <b>0</b> - Spinner Load Wait: (Sync) - ICar.support.WaitUtils.waitForSpinner(WaitUtils.java:225)</small> </font> </div>
<div class="test-event"> <font color="maroon"> <small> &emsp; &emsp;--- 05 May 00:20:36 603 - Page URL:: https://www.i-car.com/product/intro-series-insurance</small> </font> </div>
<div class="test-event"> <font color="maroon"> <small> &emsp; &emsp;--- 05 May 00:20:36 603 - <b>0</b> - Page Load Wait: (Sync) - ICar.support.Utils.waitForPageLoad(Utils.java:109)</small> </font> </div>
<div class="test-event"> <font color="maroon"> <small> &emsp; &emsp;--- 05 May 00:20:46 660 - Element is displayed:: [[ChromeDriver: chrome on WINDOWS (2cf28825ea7a8a419a5b05b8e5d35d84)] -> xpath: //div[@class='productDetails slds-p-bottom_large']//div[contains(@class,'slds-p-bottom_medium')]]</small> </font> </div>
<div class="test-message">&emsp;Course Name : IntroSeriesInsurance is displayed in the URL page</div>
<div class="test-message">&emsp;Successfully verified the course name for relevant link&emsp;<a href=".\ScreenShot\URL_TC001_2722392284321600.png" target="_blank" >[ScreenShot]</a></div>
<div class="test-message">&emsp;
</div>
<div class="test-message">&emsp;140. URL is : https://www.i-car.com/product/group-2</div>
<div class="test-event"> <font color="maroon"> <small> &emsp; &emsp;--- 05 May 00:20:55 831 - Page URL:: https://www.i-car.com/product/group-2</small> </font> </div>
<div class="test-event"> <font color="maroon"> <small> &emsp; &emsp;--- 05 May 00:20:55 831 - <b>0</b> - Page Load Wait: (Sync) - ICar.support.Utils.waitForPageLoad(Utils.java:109)</small> </font> </div>
<div class="test-message">&emsp;Successfully navigated to the :  https://www.i-car.com/product/group-2   Page&emsp;<a href=".\ScreenShot\URL_TC001_2722393439114500.png" target="_blank" >[ScreenShot]</a></div>
<div class="test-event"> <font color="maroon"> <small> &emsp; &emsp;--- 05 May 00:20:56 112 - Page URL:: https://www.i-car.com/product/group-2</small> </font> </div>
<div class="test-event"> <font color="maroon"> <small> &emsp; &emsp;--- 05 May 00:20:56 112 - <b>0</b> - Page Load Wait: (Sync) - ICar.support.Utils.waitForPageLoad(Utils.java:109)</small> </font> </div>
<div class="test-event"> <font color="maroon"> <small> &emsp; &emsp;--- 05 May 00:20:56 121 - Catched spinner load exception due to javascript error: {"status":32,"value":"An invalid or illegal selector was specified"}
  (Session info: chrome=124.0.6367.92)
Build info: version: '4.6.0', revision: '79f1c02ae20'
System info: os.name: 'Windows 10', os.arch: 'amd64', os.version: '10.0', java.version: '17.0.7'
Driver info: org.openqa.selenium.chrome.ChromeDriver
Command: [2cf28825ea7a8a419a5b05b8e5d35d84, findElement {using=css selector, value=div[class='slds-spinner slds-spinner_brand slds-spinner_small']>div:nth-child(2)r}]
Capabilities {acceptInsecureCerts: false, browserName: chrome, browserVersion: 124.0.6367.92, chrome: {chromedriverVersion: 124.0.6367.91 (51df0e5e17a8..., userDataDir: C:\Users\PRATHA~1.KUM\AppDa...}, fedcm:accounts: true, goog:chromeOptions: {debuggerAddress: localhost:49451}, networkConnectionEnabled: false, pageLoadStrategy: normal, platformName: WINDOWS, proxy: Proxy(), se:cdp: ws://localhost:49451/devtoo..., se:cdpVersion: 124.0.6367.92, setWindowRect: true, strictFileInteractability: false, timeouts: {implicit: 0, pageLoad: 300000, script: 30000}, unhandledPromptBehavior: dismiss and notify, webauthn:extension:credBlob: true, webauthn:extension:largeBlob: true, webauthn:extension:minPinLength: true, webauthn:extension:prf: true, webauthn:virtualAuthenticators: true}
Session ID: 2cf28825ea7a8a419a5b05b8e5d35d84</small> </font> </div>
<div class="test-event"> <font color="maroon"> <small> &emsp; &emsp;--- 05 May 00:20:56 121 - <b>0</b> - Spinner Load Wait: (Sync) - ICar.support.WaitUtils.waitForSpinner(WaitUtils.java:225)</small> </font> </div>
<div class="test-event"> <font color="maroon"> <small> &emsp; &emsp;--- 05 May 00:21:06 233 - Page URL:: https://www.i-car.com/product/group-2</small> </font> </div>
<div class="test-event"> <font color="maroon"> <small> &emsp; &emsp;--- 05 May 00:21:06 233 - <b>0</b> - Page Load Wait: (Sync) - ICar.support.Utils.waitForPageLoad(Utils.java:109)</small> </font> </div>
<div class="test-event"> <font color="maroon"> <small> &emsp; &emsp;--- 05 May 00:21:06 252 - Element is displayed:: [[ChromeDriver: chrome on WINDOWS (2cf28825ea7a8a419a5b05b8e5d35d84)] -> xpath: //a[contains(text(),'Back to Courses')]]</small> </font> </div>
<div class="test-event"> <font color="maroon"> <small> &emsp; &emsp;--- 05 May 00:21:13 300 - Catched spinner load exception due to javascript error: {"status":32,"value":"An invalid or illegal selector was specified"}
  (Session info: chrome=124.0.6367.92)
Build info: version: '4.6.0', revision: '79f1c02ae20'
System info: os.name: 'Windows 10', os.arch: 'amd64', os.version: '10.0', java.version: '17.0.7'
Driver info: org.openqa.selenium.chrome.ChromeDriver
Command: [2cf28825ea7a8a419a5b05b8e5d35d84, findElement {using=css selector, value=div[class='slds-spinner slds-spinner_brand slds-spinner_small']>div:nth-child(2)r}]
Capabilities {acceptInsecureCerts: false, browserName: chrome, browserVersion: 124.0.6367.92, chrome: {chromedriverVersion: 124.0.6367.91 (51df0e5e17a8..., userDataDir: C:\Users\PRATHA~1.KUM\AppDa...}, fedcm:accounts: true, goog:chromeOptions: {debuggerAddress: localhost:49451}, networkConnectionEnabled: false, pageLoadStrategy: normal, platformName: WINDOWS, proxy: Proxy(), se:cdp: ws://localhost:49451/devtoo..., se:cdpVersion: 124.0.6367.92, setWindowRect: true, strictFileInteractability: false, timeouts: {implicit: 0, pageLoad: 300000, script: 30000}, unhandledPromptBehavior: dismiss and notify, webauthn:extension:credBlob: true, webauthn:extension:largeBlob: true, webauthn:extension:minPinLength: true, webauthn:extension:prf: true, webauthn:virtualAuthenticators: true}
Session ID: 2cf28825ea7a8a419a5b05b8e5d35d84</small> </font> </div>
<div class="test-event"> <font color="maroon"> <small> &emsp; &emsp;--- 05 May 00:21:13 300 - <b>0</b> - Spinner Load Wait: (Sync) - ICar.support.WaitUtils.waitForSpinner(WaitUtils.java:225)</small> </font> </div>
<div class="test-message">&emsp;Back To Courses is displayed in the page </div>
<div class="test-message">&emsp;Successfully verified Back To Course Link&emsp;<a href=".\ScreenShot\URL_TC001_2722410916727600.png" target="_blank" >[ScreenShot]</a></div>
<div class="test-event"> <font color="maroon"> <small> &emsp; &emsp;--- 05 May 00:21:13 558 - Catched spinner load exception due to javascript error: {"status":32,"value":"An invalid or illegal selector was specified"}
  (Session info: chrome=124.0.6367.92)
Build info: version: '4.6.0', revision: '79f1c02ae20'
System info: os.name: 'Windows 10', os.arch: 'amd64', os.version: '10.0', java.version: '17.0.7'
Driver info: org.openqa.selenium.chrome.ChromeDriver
Command: [2cf28825ea7a8a419a5b05b8e5d35d84, findElement {using=css selector, value=div[class='slds-spinner slds-spinner_brand slds-spinner_small']>div:nth-child(2)r}]
Capabilities {acceptInsecureCerts: false, browserName: chrome, browserVersion: 124.0.6367.92, chrome: {chromedriverVersion: 124.0.6367.91 (51df0e5e17a8..., userDataDir: C:\Users\PRATHA~1.KUM\AppDa...}, fedcm:accounts: true, goog:chromeOptions: {debuggerAddress: localhost:49451}, networkConnectionEnabled: false, pageLoadStrategy: normal, platformName: WINDOWS, proxy: Proxy(), se:cdp: ws://localhost:49451/devtoo..., se:cdpVersion: 124.0.6367.92, setWindowRect: true, strictFileInteractability: false, timeouts: {implicit: 0, pageLoad: 300000, script: 30000}, unhandledPromptBehavior: dismiss and notify, webauthn:extension:credBlob: true, webauthn:extension:largeBlob: true, webauthn:extension:minPinLength: true, webauthn:extension:prf: true, webauthn:virtualAuthenticators: true}
Session ID: 2cf28825ea7a8a419a5b05b8e5d35d84</small> </font> </div>
<div class="test-event"> <font color="maroon"> <small> &emsp; &emsp;--- 05 May 00:21:13 558 - <b>0</b> - Spinner Load Wait: (Sync) - ICar.support.WaitUtils.waitForSpinner(WaitUtils.java:225)</small> </font> </div>
<div class="test-event"> <font color="maroon"> <small> &emsp; &emsp;--- 05 May 00:21:13 642 - Page URL:: https://www.i-car.com/product/group-2</small> </font> </div>
<div class="test-event"> <font color="maroon"> <small> &emsp; &emsp;--- 05 May 00:21:13 642 - <b>0</b> - Page Load Wait: (Sync) - ICar.support.Utils.waitForPageLoad(Utils.java:109)</small> </font> </div>
<div class="test-event"> <font color="maroon"> <small> &emsp; &emsp;--- 05 May 00:21:23 690 - Element is displayed:: [[ChromeDriver: chrome on WINDOWS (2cf28825ea7a8a419a5b05b8e5d35d84)] -> xpath: //div[@class='productDetails slds-p-bottom_large']//div[contains(@class,'slds-p-bottom_medium')]]</small> </font> </div>
<div class="test-message">&emsp;Course Name : Group02 is not displayed in the URL pageName from Excel :group2</div>
<div class="test-result"><font color="red">&emsp;Failed to verify the course name for relevant link</font><a href=".\ScreenShot\URL_TC001_2722429316826200.png" target="_blank" >[ScreenShot]</a></div>
<!--FAILSOFT-->
<div class="test-message">&emsp;
</div>
<div class="test-message">&emsp;141. URL is : https://www.i-car.com/product/ford-adas-2day-handson-skills-development-prerequisites</div>
<div class="test-event"> <font color="maroon"> <small> &emsp; &emsp;--- 05 May 00:21:39 774 - Page URL:: https://www.i-car.com/product/ford-adas-2day-handson-skills-development-prerequisites</small> </font> </div>
<div class="test-event"> <font color="maroon"> <small> &emsp; &emsp;--- 05 May 00:21:39 774 - <b>0</b> - Page Load Wait: (Sync) - ICar.support.Utils.waitForPageLoad(Utils.java:109)</small> </font> </div>
<div class="test-message">&emsp;Successfully navigated to the :  https://www.i-car.com/product/ford-adas-2day-handson-skills-development-prerequisites   Page&emsp;<a href=".\ScreenShot\URL_TC001_2722437380689800.png" target="_blank" >[ScreenShot]</a></div>
<div class="test-event"> <font color="maroon"> <small> &emsp; &emsp;--- 05 May 00:21:40 088 - Page URL:: https://www.i-car.com/product/ford-adas-2day-handson-skills-development-prerequisites</small> </font> </div>
<div class="test-event"> <font color="maroon"> <small> &emsp; &emsp;--- 05 May 00:21:40 088 - <b>0</b> - Page Load Wait: (Sync) - ICar.support.Utils.waitForPageLoad(Utils.java:109)</small> </font> </div>
<div class="test-event"> <font color="maroon"> <small> &emsp; &emsp;--- 05 May 00:21:40 097 - Catched spinner load exception due to javascript error: {"status":32,"value":"An invalid or illegal selector was specified"}
  (Session info: chrome=124.0.6367.92)
Build info: version: '4.6.0', revision: '79f1c02ae20'
System info: os.name: 'Windows 10', os.arch: 'amd64', os.version: '10.0', java.version: '17.0.7'
Driver info: org.openqa.selenium.chrome.ChromeDriver
Command: [2cf28825ea7a8a419a5b05b8e5d35d84, findElement {using=css selector, value=div[class='slds-spinner slds-spinner_brand slds-spinner_small']>div:nth-child(2)r}]
Capabilities {acceptInsecureCerts: false, browserName: chrome, browserVersion: 124.0.6367.92, chrome: {chromedriverVersion: 124.0.6367.91 (51df0e5e17a8..., userDataDir: C:\Users\PRATHA~1.KUM\AppDa...}, fedcm:accounts: true, goog:chromeOptions: {debuggerAddress: localhost:49451}, networkConnectionEnabled: false, pageLoadStrategy: normal, platformName: WINDOWS, proxy: Proxy(), se:cdp: ws://localhost:49451/devtoo..., se:cdpVersion: 124.0.6367.92, setWindowRect: true, strictFileInteractability: false, timeouts: {implicit: 0, pageLoad: 300000, script: 30000}, unhandledPromptBehavior: dismiss and notify, webauthn:extension:credBlob: true, webauthn:extension:largeBlob: true, webauthn:extension:minPinLength: true, webauthn:extension:prf: true, webauthn:virtualAuthenticators: true}
Session ID: 2cf28825ea7a8a419a5b05b8e5d35d84</small> </font> </div>
<div class="test-event"> <font color="maroon"> <small> &emsp; &emsp;--- 05 May 00:21:40 097 - <b>0</b> - Spinner Load Wait: (Sync) - ICar.support.WaitUtils.waitForSpinner(WaitUtils.java:225)</small> </font> </div>
<div class="test-event"> <font color="maroon"> <small> &emsp; &emsp;--- 05 May 00:21:50 188 - Page URL:: https://www.i-car.com/product/ford-adas-2day-handson-skills-development-prerequisites</small> </font> </div>
<div class="test-event"> <font color="maroon"> <small> &emsp; &emsp;--- 05 May 00:21:50 188 - <b>0</b> - Page Load Wait: (Sync) - ICar.support.Utils.waitForPageLoad(Utils.java:109)</small> </font> </div>
<div class="test-event"> <font color="maroon"> <small> &emsp; &emsp;--- 05 May 00:21:50 207 - Element is displayed:: [[ChromeDriver: chrome on WINDOWS (2cf28825ea7a8a419a5b05b8e5d35d84)] -> xpath: //a[contains(text(),'Back to Courses')]]</small> </font> </div>
<div class="test-event"> <font color="maroon"> <small> &emsp; &emsp;--- 05 May 00:21:57 237 - Catched spinner load exception due to javascript error: {"status":32,"value":"An invalid or illegal selector was specified"}
  (Session info: chrome=124.0.6367.92)
Build info: version: '4.6.0', revision: '79f1c02ae20'
System info: os.name: 'Windows 10', os.arch: 'amd64', os.version: '10.0', java.version: '17.0.7'
Driver info: org.openqa.selenium.chrome.ChromeDriver
Command: [2cf28825ea7a8a419a5b05b8e5d35d84, findElement {using=css selector, value=div[class='slds-spinner slds-spinner_brand slds-spinner_small']>div:nth-child(2)r}]
Capabilities {acceptInsecureCerts: false, browserName: chrome, browserVersion: 124.0.6367.92, chrome: {chromedriverVersion: 124.0.6367.91 (51df0e5e17a8..., userDataDir: C:\Users\PRATHA~1.KUM\AppDa...}, fedcm:accounts: true, goog:chromeOptions: {debuggerAddress: localhost:49451}, networkConnectionEnabled: false, pageLoadStrategy: normal, platformName: WINDOWS, proxy: Proxy(), se:cdp: ws://localhost:49451/devtoo..., se:cdpVersion: 124.0.6367.92, setWindowRect: true, strictFileInteractability: false, timeouts: {implicit: 0, pageLoad: 300000, script: 30000}, unhandledPromptBehavior: dismiss and notify, webauthn:extension:credBlob: true, webauthn:extension:largeBlob: true, webauthn:extension:minPinLength: true, webauthn:extension:prf: true, webauthn:virtualAuthenticators: true}
Session ID: 2cf28825ea7a8a419a5b05b8e5d35d84</small> </font> </div>
<div class="test-event"> <font color="maroon"> <small> &emsp; &emsp;--- 05 May 00:21:57 237 - <b>0</b> - Spinner Load Wait: (Sync) - ICar.support.WaitUtils.waitForSpinner(WaitUtils.java:225)</small> </font> </div>
<div class="test-message">&emsp;Back To Courses is displayed in the page </div>
<div class="test-message">&emsp;Successfully verified Back To Course Link&emsp;<a href=".\ScreenShot\URL_TC001_2722454855603200.png" target="_blank" >[ScreenShot]</a></div>
<div class="test-event"> <font color="maroon"> <small> &emsp; &emsp;--- 05 May 00:21:57 480 - Catched spinner load exception due to javascript error: {"status":32,"value":"An invalid or illegal selector was specified"}
  (Session info: chrome=124.0.6367.92)
Build info: version: '4.6.0', revision: '79f1c02ae20'
System info: os.name: 'Windows 10', os.arch: 'amd64', os.version: '10.0', java.version: '17.0.7'
Driver info: org.openqa.selenium.chrome.ChromeDriver
Command: [2cf28825ea7a8a419a5b05b8e5d35d84, findElement {using=css selector, value=div[class='slds-spinner slds-spinner_brand slds-spinner_small']>div:nth-child(2)r}]
Capabilities {acceptInsecureCerts: false, browserName: chrome, browserVersion: 124.0.6367.92, chrome: {chromedriverVersion: 124.0.6367.91 (51df0e5e17a8..., userDataDir: C:\Users\PRATHA~1.KUM\AppDa...}, fedcm:accounts: true, goog:chromeOptions: {debuggerAddress: localhost:49451}, networkConnectionEnabled: false, pageLoadStrategy: normal, platformName: WINDOWS, proxy: Proxy(), se:cdp: ws://localhost:49451/devtoo..., se:cdpVersion: 124.0.6367.92, setWindowRect: true, strictFileInteractability: false, timeouts: {implicit: 0, pageLoad: 300000, script: 30000}, unhandledPromptBehavior: dismiss and notify, webauthn:extension:credBlob: true, webauthn:extension:largeBlob: true, webauthn:extension:minPinLength: true, webauthn:extension:prf: true, webauthn:virtualAuthenticators: true}
Session ID: 2cf28825ea7a8a419a5b05b8e5d35d84</small> </font> </div>
<div class="test-event"> <font color="maroon"> <small> &emsp; &emsp;--- 05 May 00:21:57 481 - <b>0</b> - Spinner Load Wait: (Sync) - ICar.support.WaitUtils.waitForSpinner(WaitUtils.java:225)</small> </font> </div>
<div class="test-event"> <font color="maroon"> <small> &emsp; &emsp;--- 05 May 00:21:57 570 - Page URL:: https://www.i-car.com/product/ford-adas-2day-handson-skills-development-prerequisites</small> </font> </div>
<div class="test-event"> <font color="maroon"> <small> &emsp; &emsp;--- 05 May 00:21:57 570 - <b>0</b> - Page Load Wait: (Sync) - ICar.support.Utils.waitForPageLoad(Utils.java:109)</small> </font> </div>
<div class="test-event"> <font color="maroon"> <small> &emsp; &emsp;--- 05 May 00:22:07 628 - Element is displayed:: [[ChromeDriver: chrome on WINDOWS (2cf28825ea7a8a419a5b05b8e5d35d84)] -> xpath: //div[@class='productDetails slds-p-bottom_large']//div[contains(@class,'slds-p-bottom_medium')]]</small> </font> </div>
<div class="test-message">&emsp;Course Name : FordADAS2DayHandsOnSkillsDevelopmentPrerequisites is displayed in the URL page</div>
<div class="test-message">&emsp;Successfully verified the course name for relevant link&emsp;<a href=".\ScreenShot\URL_TC001_2722473253358300.png" target="_blank" >[ScreenShot]</a></div>
<div class="test-message">&emsp;
</div>
<div class="test-message">&emsp;142. URL is : https://www.i-car.com/product/developing-new-talent</div>
<div class="test-event"> <font color="maroon"> <small> &emsp; &emsp;--- 05 May 00:22:17 118 - Page URL:: https://www.i-car.com/product/developing-new-talent</small> </font> </div>
<div class="test-event"> <font color="maroon"> <small> &emsp; &emsp;--- 05 May 00:22:17 119 - <b>0</b> - Page Load Wait: (Sync) - ICar.support.Utils.waitForPageLoad(Utils.java:109)</small> </font> </div>
<div class="test-message">&emsp;Successfully navigated to the :  https://www.i-car.com/product/developing-new-talent   Page&emsp;<a href=".\ScreenShot\URL_TC001_2722474725910200.png" target="_blank" >[ScreenShot]</a></div>
<div class="test-event"> <font color="maroon"> <small> &emsp; &emsp;--- 05 May 00:22:17 408 - Page URL:: https://www.i-car.com/product/developing-new-talent</small> </font> </div>
<div class="test-event"> <font color="maroon"> <small> &emsp; &emsp;--- 05 May 00:22:17 408 - <b>0</b> - Page Load Wait: (Sync) - ICar.support.Utils.waitForPageLoad(Utils.java:109)</small> </font> </div>
<div class="test-event"> <font color="maroon"> <small> &emsp; &emsp;--- 05 May 00:22:17 417 - Catched spinner load exception due to javascript error: {"status":32,"value":"An invalid or illegal selector was specified"}
  (Session info: chrome=124.0.6367.92)
Build info: version: '4.6.0', revision: '79f1c02ae20'
System info: os.name: 'Windows 10', os.arch: 'amd64', os.version: '10.0', java.version: '17.0.7'
Driver info: org.openqa.selenium.chrome.ChromeDriver
Command: [2cf28825ea7a8a419a5b05b8e5d35d84, findElement {using=css selector, value=div[class='slds-spinner slds-spinner_brand slds-spinner_small']>div:nth-child(2)r}]
Capabilities {acceptInsecureCerts: false, browserName: chrome, browserVersion: 124.0.6367.92, chrome: {chromedriverVersion: 124.0.6367.91 (51df0e5e17a8..., userDataDir: C:\Users\PRATHA~1.KUM\AppDa...}, fedcm:accounts: true, goog:chromeOptions: {debuggerAddress: localhost:49451}, networkConnectionEnabled: false, pageLoadStrategy: normal, platformName: WINDOWS, proxy: Proxy(), se:cdp: ws://localhost:49451/devtoo..., se:cdpVersion: 124.0.6367.92, setWindowRect: true, strictFileInteractability: false, timeouts: {implicit: 0, pageLoad: 300000, script: 30000}, unhandledPromptBehavior: dismiss and notify, webauthn:extension:credBlob: true, webauthn:extension:largeBlob: true, webauthn:extension:minPinLength: true, webauthn:extension:prf: true, webauthn:virtualAuthenticators: true}
Session ID: 2cf28825ea7a8a419a5b05b8e5d35d84</small> </font> </div>
<div class="test-event"> <font color="maroon"> <small> &emsp; &emsp;--- 05 May 00:22:17 417 - <b>0</b> - Spinner Load Wait: (Sync) - ICar.support.WaitUtils.waitForSpinner(WaitUtils.java:225)</small> </font> </div>
<div class="test-event"> <font color="maroon"> <small> &emsp; &emsp;--- 05 May 00:22:27 529 - Page URL:: https://www.i-car.com/product/developing-new-talent</small> </font> </div>
<div class="test-event"> <font color="maroon"> <small> &emsp; &emsp;--- 05 May 00:22:27 529 - <b>0</b> - Page Load Wait: (Sync) - ICar.support.Utils.waitForPageLoad(Utils.java:109)</small> </font> </div>
<div class="test-event"> <font color="maroon"> <small> &emsp; &emsp;--- 05 May 00:22:27 545 - Element is displayed:: [[ChromeDriver: chrome on WINDOWS (2cf28825ea7a8a419a5b05b8e5d35d84)] -> xpath: //a[contains(text(),'Back to Courses')]]</small> </font> </div>
<div class="test-event"> <font color="maroon"> <small> &emsp; &emsp;--- 05 May 00:22:34 576 - Catched spinner load exception due to javascript error: {"status":32,"value":"An invalid or illegal selector was specified"}
  (Session info: chrome=124.0.6367.92)
Build info: version: '4.6.0', revision: '79f1c02ae20'
System info: os.name: 'Windows 10', os.arch: 'amd64', os.version: '10.0', java.version: '17.0.7'
Driver info: org.openqa.selenium.chrome.ChromeDriver
Command: [2cf28825ea7a8a419a5b05b8e5d35d84, findElement {using=css selector, value=div[class='slds-spinner slds-spinner_brand slds-spinner_small']>div:nth-child(2)r}]
Capabilities {acceptInsecureCerts: false, browserName: chrome, browserVersion: 124.0.6367.92, chrome: {chromedriverVersion: 124.0.6367.91 (51df0e5e17a8..., userDataDir: C:\Users\PRATHA~1.KUM\AppDa...}, fedcm:accounts: true, goog:chromeOptions: {debuggerAddress: localhost:49451}, networkConnectionEnabled: false, pageLoadStrategy: normal, platformName: WINDOWS, proxy: Proxy(), se:cdp: ws://localhost:49451/devtoo..., se:cdpVersion: 124.0.6367.92, setWindowRect: true, strictFileInteractability: false, timeouts: {implicit: 0, pageLoad: 300000, script: 30000}, unhandledPromptBehavior: dismiss and notify, webauthn:extension:credBlob: true, webauthn:extension:largeBlob: true, webauthn:extension:minPinLength: true, webauthn:extension:prf: true, webauthn:virtualAuthenticators: true}
Session ID: 2cf28825ea7a8a419a5b05b8e5d35d84</small> </font> </div>
<div class="test-event"> <font color="maroon"> <small> &emsp; &emsp;--- 05 May 00:22:34 576 - <b>0</b> - Spinner Load Wait: (Sync) - ICar.support.WaitUtils.waitForSpinner(WaitUtils.java:225)</small> </font> </div>
<div class="test-message">&emsp;Back To Courses is displayed in the page </div>
<div class="test-message">&emsp;Successfully verified Back To Course Link&emsp;<a href=".\ScreenShot\URL_TC001_2722492195093600.png" target="_blank" >[ScreenShot]</a></div>
<div class="test-event"> <font color="maroon"> <small> &emsp; &emsp;--- 05 May 00:22:34 831 - Catched spinner load exception due to javascript error: {"status":32,"value":"An invalid or illegal selector was specified"}
  (Session info: chrome=124.0.6367.92)
Build info: version: '4.6.0', revision: '79f1c02ae20'
System info: os.name: 'Windows 10', os.arch: 'amd64', os.version: '10.0', java.version: '17.0.7'
Driver info: org.openqa.selenium.chrome.ChromeDriver
Command: [2cf28825ea7a8a419a5b05b8e5d35d84, findElement {using=css selector, value=div[class='slds-spinner slds-spinner_brand slds-spinner_small']>div:nth-child(2)r}]
Capabilities {acceptInsecureCerts: false, browserName: chrome, browserVersion: 124.0.6367.92, chrome: {chromedriverVersion: 124.0.6367.91 (51df0e5e17a8..., userDataDir: C:\Users\PRATHA~1.KUM\AppDa...}, fedcm:accounts: true, goog:chromeOptions: {debuggerAddress: localhost:49451}, networkConnectionEnabled: false, pageLoadStrategy: normal, platformName: WINDOWS, proxy: Proxy(), se:cdp: ws://localhost:49451/devtoo..., se:cdpVersion: 124.0.6367.92, setWindowRect: true, strictFileInteractability: false, timeouts: {implicit: 0, pageLoad: 300000, script: 30000}, unhandledPromptBehavior: dismiss and notify, webauthn:extension:credBlob: true, webauthn:extension:largeBlob: true, webauthn:extension:minPinLength: true, webauthn:extension:prf: true, webauthn:virtualAuthenticators: true}
Session ID: 2cf28825ea7a8a419a5b05b8e5d35d84</small> </font> </div>
<div class="test-event"> <font color="maroon"> <small> &emsp; &emsp;--- 05 May 00:22:34 831 - <b>0</b> - Spinner Load Wait: (Sync) - ICar.support.WaitUtils.waitForSpinner(WaitUtils.java:225)</small> </font> </div>
<div class="test-event"> <font color="maroon"> <small> &emsp; &emsp;--- 05 May 00:22:34 908 - Page URL:: https://www.i-car.com/product/developing-new-talent</small> </font> </div>
<div class="test-event"> <font color="maroon"> <small> &emsp; &emsp;--- 05 May 00:22:34 908 - <b>0</b> - Page Load Wait: (Sync) - ICar.support.Utils.waitForPageLoad(Utils.java:109)</small> </font> </div>
<div class="test-event"> <font color="maroon"> <small> &emsp; &emsp;--- 05 May 00:22:44 956 - Element is displayed:: [[ChromeDriver: chrome on WINDOWS (2cf28825ea7a8a419a5b05b8e5d35d84)] -> xpath: //div[@class='productDetails slds-p-bottom_large']//div[contains(@class,'slds-p-bottom_medium')]]</small> </font> </div>
<div class="test-message">&emsp;Course Name : DevelopingNewTalent is displayed in the URL page</div>
<div class="test-message">&emsp;Successfully verified the course name for relevant link&emsp;<a href=".\ScreenShot\URL_TC001_2722510579852000.png" target="_blank" >[ScreenShot]</a></div>
<div class="test-message">&emsp;
</div>
<div class="test-message">&emsp;143. URL is : https://www.i-car.com/product/requirements-and-considerations-for-achieving-an-accurate-advanced-driver-assis</div>
<div class="test-event"> <font color="maroon"> <small> &emsp; &emsp;--- 05 May 00:22:54 402 - Page URL:: https://www.i-car.com/product/requirements-and-considerations-for-achieving-an-accurate-advanced-driver-assis</small> </font> </div>
<div class="test-event"> <font color="maroon"> <small> &emsp; &emsp;--- 05 May 00:22:54 402 - <b>0</b> - Page Load Wait: (Sync) - ICar.support.Utils.waitForPageLoad(Utils.java:109)</small> </font> </div>
<div class="test-message">&emsp;Successfully navigated to the :  https://www.i-car.com/product/requirements-and-considerations-for-achieving-an-accurate-advanced-driver-assis   Page&emsp;<a href=".\ScreenShot\URL_TC001_2722512009597300.png" target="_blank" >[ScreenShot]</a></div>
<div class="test-event"> <font color="maroon"> <small> &emsp; &emsp;--- 05 May 00:22:54 681 - Page URL:: https://www.i-car.com/product/requirements-and-considerations-for-achieving-an-accurate-advanced-driver-assis</small> </font> </div>
<div class="test-event"> <font color="maroon"> <small> &emsp; &emsp;--- 05 May 00:22:54 681 - <b>0</b> - Page Load Wait: (Sync) - ICar.support.Utils.waitForPageLoad(Utils.java:109)</small> </font> </div>
<div class="test-event"> <font color="maroon"> <small> &emsp; &emsp;--- 05 May 00:22:54 689 - Catched spinner load exception due to javascript error: {"status":32,"value":"An invalid or illegal selector was specified"}
  (Session info: chrome=124.0.6367.92)
Build info: version: '4.6.0', revision: '79f1c02ae20'
System info: os.name: 'Windows 10', os.arch: 'amd64', os.version: '10.0', java.version: '17.0.7'
Driver info: org.openqa.selenium.chrome.ChromeDriver
Command: [2cf28825ea7a8a419a5b05b8e5d35d84, findElement {using=css selector, value=div[class='slds-spinner slds-spinner_brand slds-spinner_small']>div:nth-child(2)r}]
Capabilities {acceptInsecureCerts: false, browserName: chrome, browserVersion: 124.0.6367.92, chrome: {chromedriverVersion: 124.0.6367.91 (51df0e5e17a8..., userDataDir: C:\Users\PRATHA~1.KUM\AppDa...}, fedcm:accounts: true, goog:chromeOptions: {debuggerAddress: localhost:49451}, networkConnectionEnabled: false, pageLoadStrategy: normal, platformName: WINDOWS, proxy: Proxy(), se:cdp: ws://localhost:49451/devtoo..., se:cdpVersion: 124.0.6367.92, setWindowRect: true, strictFileInteractability: false, timeouts: {implicit: 0, pageLoad: 300000, script: 30000}, unhandledPromptBehavior: dismiss and notify, webauthn:extension:credBlob: true, webauthn:extension:largeBlob: true, webauthn:extension:minPinLength: true, webauthn:extension:prf: true, webauthn:virtualAuthenticators: true}
Session ID: 2cf28825ea7a8a419a5b05b8e5d35d84</small> </font> </div>
<div class="test-event"> <font color="maroon"> <small> &emsp; &emsp;--- 05 May 00:22:54 689 - <b>0</b> - Spinner Load Wait: (Sync) - ICar.support.WaitUtils.waitForSpinner(WaitUtils.java:225)</small> </font> </div>
<div class="test-event"> <font color="maroon"> <small> &emsp; &emsp;--- 05 May 00:23:04 785 - Page URL:: https://www.i-car.com/product/requirements-and-considerations-for-achieving-an-accurate-advanced-driver-assis</small> </font> </div>
<div class="test-event"> <font color="maroon"> <small> &emsp; &emsp;--- 05 May 00:23:04 785 - <b>0</b> - Page Load Wait: (Sync) - ICar.support.Utils.waitForPageLoad(Utils.java:109)</small> </font> </div>
<div class="test-event"> <font color="maroon"> <small> &emsp; &emsp;--- 05 May 00:23:04 803 - Element is displayed:: [[ChromeDriver: chrome on WINDOWS (2cf28825ea7a8a419a5b05b8e5d35d84)] -> xpath: //a[contains(text(),'Back to Courses')]]</small> </font> </div>
<div class="test-event"> <font color="maroon"> <small> &emsp; &emsp;--- 05 May 00:23:11 847 - Catched spinner load exception due to javascript error: {"status":32,"value":"An invalid or illegal selector was specified"}
  (Session info: chrome=124.0.6367.92)
Build info: version: '4.6.0', revision: '79f1c02ae20'
System info: os.name: 'Windows 10', os.arch: 'amd64', os.version: '10.0', java.version: '17.0.7'
Driver info: org.openqa.selenium.chrome.ChromeDriver
Command: [2cf28825ea7a8a419a5b05b8e5d35d84, findElement {using=css selector, value=div[class='slds-spinner slds-spinner_brand slds-spinner_small']>div:nth-child(2)r}]
Capabilities {acceptInsecureCerts: false, browserName: chrome, browserVersion: 124.0.6367.92, chrome: {chromedriverVersion: 124.0.6367.91 (51df0e5e17a8..., userDataDir: C:\Users\PRATHA~1.KUM\AppDa...}, fedcm:accounts: true, goog:chromeOptions: {debuggerAddress: localhost:49451}, networkConnectionEnabled: false, pageLoadStrategy: normal, platformName: WINDOWS, proxy: Proxy(), se:cdp: ws://localhost:49451/devtoo..., se:cdpVersion: 124.0.6367.92, setWindowRect: true, strictFileInteractability: false, timeouts: {implicit: 0, pageLoad: 300000, script: 30000}, unhandledPromptBehavior: dismiss and notify, webauthn:extension:credBlob: true, webauthn:extension:largeBlob: true, webauthn:extension:minPinLength: true, webauthn:extension:prf: true, webauthn:virtualAuthenticators: true}
Session ID: 2cf28825ea7a8a419a5b05b8e5d35d84</small> </font> </div>
<div class="test-event"> <font color="maroon"> <small> &emsp; &emsp;--- 05 May 00:23:11 847 - <b>0</b> - Spinner Load Wait: (Sync) - ICar.support.WaitUtils.waitForSpinner(WaitUtils.java:225)</small> </font> </div>
<div class="test-message">&emsp;Back To Courses is displayed in the page </div>
<div class="test-message">&emsp;Successfully verified Back To Course Link&emsp;<a href=".\ScreenShot\URL_TC001_2722529464580500.png" target="_blank" >[ScreenShot]</a></div>
<div class="test-event"> <font color="maroon"> <small> &emsp; &emsp;--- 05 May 00:23:12 119 - Catched spinner load exception due to javascript error: {"status":32,"value":"An invalid or illegal selector was specified"}
  (Session info: chrome=124.0.6367.92)
Build info: version: '4.6.0', revision: '79f1c02ae20'
System info: os.name: 'Windows 10', os.arch: 'amd64', os.version: '10.0', java.version: '17.0.7'
Driver info: org.openqa.selenium.chrome.ChromeDriver
Command: [2cf28825ea7a8a419a5b05b8e5d35d84, findElement {using=css selector, value=div[class='slds-spinner slds-spinner_brand slds-spinner_small']>div:nth-child(2)r}]
Capabilities {acceptInsecureCerts: false, browserName: chrome, browserVersion: 124.0.6367.92, chrome: {chromedriverVersion: 124.0.6367.91 (51df0e5e17a8..., userDataDir: C:\Users\PRATHA~1.KUM\AppDa...}, fedcm:accounts: true, goog:chromeOptions: {debuggerAddress: localhost:49451}, networkConnectionEnabled: false, pageLoadStrategy: normal, platformName: WINDOWS, proxy: Proxy(), se:cdp: ws://localhost:49451/devtoo..., se:cdpVersion: 124.0.6367.92, setWindowRect: true, strictFileInteractability: false, timeouts: {implicit: 0, pageLoad: 300000, script: 30000}, unhandledPromptBehavior: dismiss and notify, webauthn:extension:credBlob: true, webauthn:extension:largeBlob: true, webauthn:extension:minPinLength: true, webauthn:extension:prf: true, webauthn:virtualAuthenticators: true}
Session ID: 2cf28825ea7a8a419a5b05b8e5d35d84</small> </font> </div>
<div class="test-event"> <font color="maroon"> <small> &emsp; &emsp;--- 05 May 00:23:12 119 - <b>0</b> - Spinner Load Wait: (Sync) - ICar.support.WaitUtils.waitForSpinner(WaitUtils.java:225)</small> </font> </div>
<div class="test-event"> <font color="maroon"> <small> &emsp; &emsp;--- 05 May 00:23:12 190 - Page URL:: https://www.i-car.com/product/requirements-and-considerations-for-achieving-an-accurate-advanced-driver-assis</small> </font> </div>
<div class="test-event"> <font color="maroon"> <small> &emsp; &emsp;--- 05 May 00:23:12 190 - <b>0</b> - Page Load Wait: (Sync) - ICar.support.Utils.waitForPageLoad(Utils.java:109)</small> </font> </div>
<div class="test-event"> <font color="maroon"> <small> &emsp; &emsp;--- 05 May 00:23:22 232 - Element is displayed:: [[ChromeDriver: chrome on WINDOWS (2cf28825ea7a8a419a5b05b8e5d35d84)] -> xpath: //div[@class='productDetails slds-p-bottom_large']//div[contains(@class,'slds-p-bottom_medium')]]</small> </font> </div>
<div class="test-message">&emsp;Course Name : RequirementsandConsiderationsforAchievinganAccurateAdvancedDriverAssistanceSystemADASCalibration is not displayed in the URL pageName from Excel :requirementsandconsiderationsforachievinganaccurateadvanceddriverassis</div>
<div class="test-result"><font color="red">&emsp;Failed to verify the course name for relevant link</font><a href=".\ScreenShot\URL_TC001_2722547854990000.png" target="_blank" >[ScreenShot]</a></div>
<!--FAILSOFT-->
<div class="test-message">&emsp;
</div>
<div class="test-message">&emsp;144. URL is : https://www.i-car.com/product/pl1-refinish-technician</div>
<div class="test-event"> <font color="maroon"> <small> &emsp; &emsp;--- 05 May 00:23:31 620 - Page URL:: https://www.i-car.com/product/pl1-refinish-technician</small> </font> </div>
<div class="test-event"> <font color="maroon"> <small> &emsp; &emsp;--- 05 May 00:23:31 620 - <b>0</b> - Page Load Wait: (Sync) - ICar.support.Utils.waitForPageLoad(Utils.java:109)</small> </font> </div>
<div class="test-message">&emsp;Successfully navigated to the :  https://www.i-car.com/product/pl1-refinish-technician   Page&emsp;<a href=".\ScreenShot\URL_TC001_2722549227027600.png" target="_blank" >[ScreenShot]</a></div>
<div class="test-event"> <font color="maroon"> <small> &emsp; &emsp;--- 05 May 00:23:31 901 - Page URL:: https://www.i-car.com/product/pl1-refinish-technician</small> </font> </div>
<div class="test-event"> <font color="maroon"> <small> &emsp; &emsp;--- 05 May 00:23:31 901 - <b>0</b> - Page Load Wait: (Sync) - ICar.support.Utils.waitForPageLoad(Utils.java:109)</small> </font> </div>
<div class="test-event"> <font color="maroon"> <small> &emsp; &emsp;--- 05 May 00:23:31 910 - Catched spinner load exception due to javascript error: {"status":32,"value":"An invalid or illegal selector was specified"}
  (Session info: chrome=124.0.6367.92)
Build info: version: '4.6.0', revision: '79f1c02ae20'
System info: os.name: 'Windows 10', os.arch: 'amd64', os.version: '10.0', java.version: '17.0.7'
Driver info: org.openqa.selenium.chrome.ChromeDriver
Command: [2cf28825ea7a8a419a5b05b8e5d35d84, findElement {using=css selector, value=div[class='slds-spinner slds-spinner_brand slds-spinner_small']>div:nth-child(2)r}]
Capabilities {acceptInsecureCerts: false, browserName: chrome, browserVersion: 124.0.6367.92, chrome: {chromedriverVersion: 124.0.6367.91 (51df0e5e17a8..., userDataDir: C:\Users\PRATHA~1.KUM\AppDa...}, fedcm:accounts: true, goog:chromeOptions: {debuggerAddress: localhost:49451}, networkConnectionEnabled: false, pageLoadStrategy: normal, platformName: WINDOWS, proxy: Proxy(), se:cdp: ws://localhost:49451/devtoo..., se:cdpVersion: 124.0.6367.92, setWindowRect: true, strictFileInteractability: false, timeouts: {implicit: 0, pageLoad: 300000, script: 30000}, unhandledPromptBehavior: dismiss and notify, webauthn:extension:credBlob: true, webauthn:extension:largeBlob: true, webauthn:extension:minPinLength: true, webauthn:extension:prf: true, webauthn:virtualAuthenticators: true}
Session ID: 2cf28825ea7a8a419a5b05b8e5d35d84</small> </font> </div>
<div class="test-event"> <font color="maroon"> <small> &emsp; &emsp;--- 05 May 00:23:31 910 - <b>0</b> - Spinner Load Wait: (Sync) - ICar.support.WaitUtils.waitForSpinner(WaitUtils.java:225)</small> </font> </div>
<div class="test-event"> <font color="maroon"> <small> &emsp; &emsp;--- 05 May 00:23:42 017 - Page URL:: https://www.i-car.com/product/pl1-refinish-technician</small> </font> </div>
<div class="test-event"> <font color="maroon"> <small> &emsp; &emsp;--- 05 May 00:23:42 017 - <b>0</b> - Page Load Wait: (Sync) - ICar.support.Utils.waitForPageLoad(Utils.java:109)</small> </font> </div>
<div class="test-event"> <font color="maroon"> <small> &emsp; &emsp;--- 05 May 00:23:42 037 - Element is displayed:: [[ChromeDriver: chrome on WINDOWS (2cf28825ea7a8a419a5b05b8e5d35d84)] -> xpath: //a[contains(text(),'Back to Courses')]]</small> </font> </div>
<div class="test-event"> <font color="maroon"> <small> &emsp; &emsp;--- 05 May 00:23:49 080 - Catched spinner load exception due to javascript error: {"status":32,"value":"An invalid or illegal selector was specified"}
  (Session info: chrome=124.0.6367.92)
Build info: version: '4.6.0', revision: '79f1c02ae20'
System info: os.name: 'Windows 10', os.arch: 'amd64', os.version: '10.0', java.version: '17.0.7'
Driver info: org.openqa.selenium.chrome.ChromeDriver
Command: [2cf28825ea7a8a419a5b05b8e5d35d84, findElement {using=css selector, value=div[class='slds-spinner slds-spinner_brand slds-spinner_small']>div:nth-child(2)r}]
Capabilities {acceptInsecureCerts: false, browserName: chrome, browserVersion: 124.0.6367.92, chrome: {chromedriverVersion: 124.0.6367.91 (51df0e5e17a8..., userDataDir: C:\Users\PRATHA~1.KUM\AppDa...}, fedcm:accounts: true, goog:chromeOptions: {debuggerAddress: localhost:49451}, networkConnectionEnabled: false, pageLoadStrategy: normal, platformName: WINDOWS, proxy: Proxy(), se:cdp: ws://localhost:49451/devtoo..., se:cdpVersion: 124.0.6367.92, setWindowRect: true, strictFileInteractability: false, timeouts: {implicit: 0, pageLoad: 300000, script: 30000}, unhandledPromptBehavior: dismiss and notify, webauthn:extension:credBlob: true, webauthn:extension:largeBlob: true, webauthn:extension:minPinLength: true, webauthn:extension:prf: true, webauthn:virtualAuthenticators: true}
Session ID: 2cf28825ea7a8a419a5b05b8e5d35d84</small> </font> </div>
<div class="test-event"> <font color="maroon"> <small> &emsp; &emsp;--- 05 May 00:23:49 080 - <b>0</b> - Spinner Load Wait: (Sync) - ICar.support.WaitUtils.waitForSpinner(WaitUtils.java:225)</small> </font> </div>
<div class="test-message">&emsp;Back To Courses is displayed in the page </div>
<div class="test-message">&emsp;Successfully verified Back To Course Link&emsp;<a href=".\ScreenShot\URL_TC001_2722566701153600.png" target="_blank" >[ScreenShot]</a></div>
<div class="test-event"> <font color="maroon"> <small> &emsp; &emsp;--- 05 May 00:23:49 352 - Catched spinner load exception due to javascript error: {"status":32,"value":"An invalid or illegal selector was specified"}
  (Session info: chrome=124.0.6367.92)
Build info: version: '4.6.0', revision: '79f1c02ae20'
System info: os.name: 'Windows 10', os.arch: 'amd64', os.version: '10.0', java.version: '17.0.7'
Driver info: org.openqa.selenium.chrome.ChromeDriver
Command: [2cf28825ea7a8a419a5b05b8e5d35d84, findElement {using=css selector, value=div[class='slds-spinner slds-spinner_brand slds-spinner_small']>div:nth-child(2)r}]
Capabilities {acceptInsecureCerts: false, browserName: chrome, browserVersion: 124.0.6367.92, chrome: {chromedriverVersion: 124.0.6367.91 (51df0e5e17a8..., userDataDir: C:\Users\PRATHA~1.KUM\AppDa...}, fedcm:accounts: true, goog:chromeOptions: {debuggerAddress: localhost:49451}, networkConnectionEnabled: false, pageLoadStrategy: normal, platformName: WINDOWS, proxy: Proxy(), se:cdp: ws://localhost:49451/devtoo..., se:cdpVersion: 124.0.6367.92, setWindowRect: true, strictFileInteractability: false, timeouts: {implicit: 0, pageLoad: 300000, script: 30000}, unhandledPromptBehavior: dismiss and notify, webauthn:extension:credBlob: true, webauthn:extension:largeBlob: true, webauthn:extension:minPinLength: true, webauthn:extension:prf: true, webauthn:virtualAuthenticators: true}
Session ID: 2cf28825ea7a8a419a5b05b8e5d35d84</small> </font> </div>
<div class="test-event"> <font color="maroon"> <small> &emsp; &emsp;--- 05 May 00:23:49 352 - <b>0</b> - Spinner Load Wait: (Sync) - ICar.support.WaitUtils.waitForSpinner(WaitUtils.java:225)</small> </font> </div>
<div class="test-event"> <font color="maroon"> <small> &emsp; &emsp;--- 05 May 00:23:49 431 - Page URL:: https://www.i-car.com/product/pl1-refinish-technician</small> </font> </div>
<div class="test-event"> <font color="maroon"> <small> &emsp; &emsp;--- 05 May 00:23:49 431 - <b>0</b> - Page Load Wait: (Sync) - ICar.support.Utils.waitForPageLoad(Utils.java:109)</small> </font> </div>
<div class="test-event"> <font color="maroon"> <small> &emsp; &emsp;--- 05 May 00:23:59 483 - Element is displayed:: [[ChromeDriver: chrome on WINDOWS (2cf28825ea7a8a419a5b05b8e5d35d84)] -> xpath: //div[@class='productDetails slds-p-bottom_large']//div[contains(@class,'slds-p-bottom_medium')]]</small> </font> </div>
<div class="test-message">&emsp;Course Name : PL1RefinishTechnician is displayed in the URL page</div>
<div class="test-message">&emsp;Successfully verified the course name for relevant link&emsp;<a href=".\ScreenShot\URL_TC001_2722585105061300.png" target="_blank" >[ScreenShot]</a></div>
<div class="test-message">&emsp;
</div>
<div class="test-message">&emsp;145. URL is : https://www.i-car.com/product/aluminum-vehicle-overview</div>
<div class="test-event"> <font color="maroon"> <small> &emsp; &emsp;--- 05 May 00:24:08 956 - Page URL:: https://www.i-car.com/product/aluminum-vehicle-overview</small> </font> </div>
<div class="test-event"> <font color="maroon"> <small> &emsp; &emsp;--- 05 May 00:24:08 956 - <b>0</b> - Page Load Wait: (Sync) - ICar.support.Utils.waitForPageLoad(Utils.java:109)</small> </font> </div>
<div class="test-message">&emsp;Successfully navigated to the :  https://www.i-car.com/product/aluminum-vehicle-overview   Page&emsp;<a href=".\ScreenShot\URL_TC001_2722586562501600.png" target="_blank" >[ScreenShot]</a></div>
<div class="test-event"> <font color="maroon"> <small> &emsp; &emsp;--- 05 May 00:24:09 257 - Page URL:: https://www.i-car.com/product/aluminum-vehicle-overview</small> </font> </div>
<div class="test-event"> <font color="maroon"> <small> &emsp; &emsp;--- 05 May 00:24:09 257 - <b>0</b> - Page Load Wait: (Sync) - ICar.support.Utils.waitForPageLoad(Utils.java:109)</small> </font> </div>
<div class="test-event"> <font color="maroon"> <small> &emsp; &emsp;--- 05 May 00:24:09 265 - Catched spinner load exception due to javascript error: {"status":32,"value":"An invalid or illegal selector was specified"}
  (Session info: chrome=124.0.6367.92)
Build info: version: '4.6.0', revision: '79f1c02ae20'
System info: os.name: 'Windows 10', os.arch: 'amd64', os.version: '10.0', java.version: '17.0.7'
Driver info: org.openqa.selenium.chrome.ChromeDriver
Command: [2cf28825ea7a8a419a5b05b8e5d35d84, findElement {using=css selector, value=div[class='slds-spinner slds-spinner_brand slds-spinner_small']>div:nth-child(2)r}]
Capabilities {acceptInsecureCerts: false, browserName: chrome, browserVersion: 124.0.6367.92, chrome: {chromedriverVersion: 124.0.6367.91 (51df0e5e17a8..., userDataDir: C:\Users\PRATHA~1.KUM\AppDa...}, fedcm:accounts: true, goog:chromeOptions: {debuggerAddress: localhost:49451}, networkConnectionEnabled: false, pageLoadStrategy: normal, platformName: WINDOWS, proxy: Proxy(), se:cdp: ws://localhost:49451/devtoo..., se:cdpVersion: 124.0.6367.92, setWindowRect: true, strictFileInteractability: false, timeouts: {implicit: 0, pageLoad: 300000, script: 30000}, unhandledPromptBehavior: dismiss and notify, webauthn:extension:credBlob: true, webauthn:extension:largeBlob: true, webauthn:extension:minPinLength: true, webauthn:extension:prf: true, webauthn:virtualAuthenticators: true}
Session ID: 2cf28825ea7a8a419a5b05b8e5d35d84</small> </font> </div>
<div class="test-event"> <font color="maroon"> <small> &emsp; &emsp;--- 05 May 00:24:09 265 - <b>0</b> - Spinner Load Wait: (Sync) - ICar.support.WaitUtils.waitForSpinner(WaitUtils.java:225)</small> </font> </div>
<div class="test-event"> <font color="maroon"> <small> &emsp; &emsp;--- 05 May 00:24:19 363 - Page URL:: https://www.i-car.com/product/aluminum-vehicle-overview</small> </font> </div>
<div class="test-event"> <font color="maroon"> <small> &emsp; &emsp;--- 05 May 00:24:19 363 - <b>0</b> - Page Load Wait: (Sync) - ICar.support.Utils.waitForPageLoad(Utils.java:109)</small> </font> </div>
<div class="test-event"> <font color="maroon"> <small> &emsp; &emsp;--- 05 May 00:24:19 382 - Element is displayed:: [[ChromeDriver: chrome on WINDOWS (2cf28825ea7a8a419a5b05b8e5d35d84)] -> xpath: //a[contains(text(),'Back to Courses')]]</small> </font> </div>
<div class="test-event"> <font color="maroon"> <small> &emsp; &emsp;--- 05 May 00:24:26 415 - Catched spinner load exception due to javascript error: {"status":32,"value":"An invalid or illegal selector was specified"}
  (Session info: chrome=124.0.6367.92)
Build info: version: '4.6.0', revision: '79f1c02ae20'
System info: os.name: 'Windows 10', os.arch: 'amd64', os.version: '10.0', java.version: '17.0.7'
Driver info: org.openqa.selenium.chrome.ChromeDriver
Command: [2cf28825ea7a8a419a5b05b8e5d35d84, findElement {using=css selector, value=div[class='slds-spinner slds-spinner_brand slds-spinner_small']>div:nth-child(2)r}]
Capabilities {acceptInsecureCerts: false, browserName: chrome, browserVersion: 124.0.6367.92, chrome: {chromedriverVersion: 124.0.6367.91 (51df0e5e17a8..., userDataDir: C:\Users\PRATHA~1.KUM\AppDa...}, fedcm:accounts: true, goog:chromeOptions: {debuggerAddress: localhost:49451}, networkConnectionEnabled: false, pageLoadStrategy: normal, platformName: WINDOWS, proxy: Proxy(), se:cdp: ws://localhost:49451/devtoo..., se:cdpVersion: 124.0.6367.92, setWindowRect: true, strictFileInteractability: false, timeouts: {implicit: 0, pageLoad: 300000, script: 30000}, unhandledPromptBehavior: dismiss and notify, webauthn:extension:credBlob: true, webauthn:extension:largeBlob: true, webauthn:extension:minPinLength: true, webauthn:extension:prf: true, webauthn:virtualAuthenticators: true}
Session ID: 2cf28825ea7a8a419a5b05b8e5d35d84</small> </font> </div>
<div class="test-event"> <font color="maroon"> <small> &emsp; &emsp;--- 05 May 00:24:26 415 - <b>0</b> - Spinner Load Wait: (Sync) - ICar.support.WaitUtils.waitForSpinner(WaitUtils.java:225)</small> </font> </div>
<div class="test-message">&emsp;Back To Courses is displayed in the page </div>
<div class="test-message">&emsp;Successfully verified Back To Course Link&emsp;<a href=".\ScreenShot\URL_TC001_2722604031746100.png" target="_blank" >[ScreenShot]</a></div>
<div class="test-event"> <font color="maroon"> <small> &emsp; &emsp;--- 05 May 00:24:26 670 - Catched spinner load exception due to javascript error: {"status":32,"value":"An invalid or illegal selector was specified"}
  (Session info: chrome=124.0.6367.92)
Build info: version: '4.6.0', revision: '79f1c02ae20'
System info: os.name: 'Windows 10', os.arch: 'amd64', os.version: '10.0', java.version: '17.0.7'
Driver info: org.openqa.selenium.chrome.ChromeDriver
Command: [2cf28825ea7a8a419a5b05b8e5d35d84, findElement {using=css selector, value=div[class='slds-spinner slds-spinner_brand slds-spinner_small']>div:nth-child(2)r}]
Capabilities {acceptInsecureCerts: false, browserName: chrome, browserVersion: 124.0.6367.92, chrome: {chromedriverVersion: 124.0.6367.91 (51df0e5e17a8..., userDataDir: C:\Users\PRATHA~1.KUM\AppDa...}, fedcm:accounts: true, goog:chromeOptions: {debuggerAddress: localhost:49451}, networkConnectionEnabled: false, pageLoadStrategy: normal, platformName: WINDOWS, proxy: Proxy(), se:cdp: ws://localhost:49451/devtoo..., se:cdpVersion: 124.0.6367.92, setWindowRect: true, strictFileInteractability: false, timeouts: {implicit: 0, pageLoad: 300000, script: 30000}, unhandledPromptBehavior: dismiss and notify, webauthn:extension:credBlob: true, webauthn:extension:largeBlob: true, webauthn:extension:minPinLength: true, webauthn:extension:prf: true, webauthn:virtualAuthenticators: true}
Session ID: 2cf28825ea7a8a419a5b05b8e5d35d84</small> </font> </div>
<div class="test-event"> <font color="maroon"> <small> &emsp; &emsp;--- 05 May 00:24:26 670 - <b>0</b> - Spinner Load Wait: (Sync) - ICar.support.WaitUtils.waitForSpinner(WaitUtils.java:225)</small> </font> </div>
<div class="test-event"> <font color="maroon"> <small> &emsp; &emsp;--- 05 May 00:24:26 738 - Page URL:: https://www.i-car.com/product/aluminum-vehicle-overview</small> </font> </div>
<div class="test-event"> <font color="maroon"> <small> &emsp; &emsp;--- 05 May 00:24:26 738 - <b>0</b> - Page Load Wait: (Sync) - ICar.support.Utils.waitForPageLoad(Utils.java:109)</small> </font> </div>
<div class="test-event"> <font color="maroon"> <small> &emsp; &emsp;--- 05 May 00:24:36 777 - Element is displayed:: [[ChromeDriver: chrome on WINDOWS (2cf28825ea7a8a419a5b05b8e5d35d84)] -> xpath: //div[@class='productDetails slds-p-bottom_large']//div[contains(@class,'slds-p-bottom_medium')]]</small> </font> </div>
<div class="test-message">&emsp;Course Name : AluminumVehicleOverview is displayed in the URL page</div>
<div class="test-message">&emsp;Successfully verified the course name for relevant link&emsp;<a href=".\ScreenShot\URL_TC001_2722622406321100.png" target="_blank" >[ScreenShot]</a></div>
<div class="test-message">&emsp;
</div>
<div class="test-message">&emsp;146. URL is : https://www.i-car.com/product/electrical-troubleshooting-fundamentals</div>
<div class="test-event"> <font color="maroon"> <small> &emsp; &emsp;--- 05 May 00:24:45 963 - Page URL:: https://www.i-car.com/product/electrical-troubleshooting-fundamentals</small> </font> </div>
<div class="test-event"> <font color="maroon"> <small> &emsp; &emsp;--- 05 May 00:24:45 963 - <b>0</b> - Page Load Wait: (Sync) - ICar.support.Utils.waitForPageLoad(Utils.java:109)</small> </font> </div>
<div class="test-message">&emsp;Successfully navigated to the :  https://www.i-car.com/product/electrical-troubleshooting-fundamentals   Page&emsp;<a href=".\ScreenShot\URL_TC001_2722623569793900.png" target="_blank" >[ScreenShot]</a></div>
<div class="test-event"> <font color="maroon"> <small> &emsp; &emsp;--- 05 May 00:24:46 246 - Page URL:: https://www.i-car.com/product/electrical-troubleshooting-fundamentals</small> </font> </div>
<div class="test-event"> <font color="maroon"> <small> &emsp; &emsp;--- 05 May 00:24:46 246 - <b>0</b> - Page Load Wait: (Sync) - ICar.support.Utils.waitForPageLoad(Utils.java:109)</small> </font> </div>
<div class="test-event"> <font color="maroon"> <small> &emsp; &emsp;--- 05 May 00:24:46 254 - Catched spinner load exception due to javascript error: {"status":32,"value":"An invalid or illegal selector was specified"}
  (Session info: chrome=124.0.6367.92)
Build info: version: '4.6.0', revision: '79f1c02ae20'
System info: os.name: 'Windows 10', os.arch: 'amd64', os.version: '10.0', java.version: '17.0.7'
Driver info: org.openqa.selenium.chrome.ChromeDriver
Command: [2cf28825ea7a8a419a5b05b8e5d35d84, findElement {using=css selector, value=div[class='slds-spinner slds-spinner_brand slds-spinner_small']>div:nth-child(2)r}]
Capabilities {acceptInsecureCerts: false, browserName: chrome, browserVersion: 124.0.6367.92, chrome: {chromedriverVersion: 124.0.6367.91 (51df0e5e17a8..., userDataDir: C:\Users\PRATHA~1.KUM\AppDa...}, fedcm:accounts: true, goog:chromeOptions: {debuggerAddress: localhost:49451}, networkConnectionEnabled: false, pageLoadStrategy: normal, platformName: WINDOWS, proxy: Proxy(), se:cdp: ws://localhost:49451/devtoo..., se:cdpVersion: 124.0.6367.92, setWindowRect: true, strictFileInteractability: false, timeouts: {implicit: 0, pageLoad: 300000, script: 30000}, unhandledPromptBehavior: dismiss and notify, webauthn:extension:credBlob: true, webauthn:extension:largeBlob: true, webauthn:extension:minPinLength: true, webauthn:extension:prf: true, webauthn:virtualAuthenticators: true}
Session ID: 2cf28825ea7a8a419a5b05b8e5d35d84</small> </font> </div>
<div class="test-event"> <font color="maroon"> <small> &emsp; &emsp;--- 05 May 00:24:46 254 - <b>0</b> - Spinner Load Wait: (Sync) - ICar.support.WaitUtils.waitForSpinner(WaitUtils.java:225)</small> </font> </div>
<div class="test-event"> <font color="maroon"> <small> &emsp; &emsp;--- 05 May 00:24:56 327 - Page URL:: https://www.i-car.com/product/electrical-troubleshooting-fundamentals</small> </font> </div>
<div class="test-event"> <font color="maroon"> <small> &emsp; &emsp;--- 05 May 00:24:56 327 - <b>0</b> - Page Load Wait: (Sync) - ICar.support.Utils.waitForPageLoad(Utils.java:109)</small> </font> </div>
<div class="test-event"> <font color="maroon"> <small> &emsp; &emsp;--- 05 May 00:24:56 345 - Element is displayed:: [[ChromeDriver: chrome on WINDOWS (2cf28825ea7a8a419a5b05b8e5d35d84)] -> xpath: //a[contains(text(),'Back to Courses')]]</small> </font> </div>
<div class="test-event"> <font color="maroon"> <small> &emsp; &emsp;--- 05 May 00:25:03 390 - Catched spinner load exception due to javascript error: {"status":32,"value":"An invalid or illegal selector was specified"}
  (Session info: chrome=124.0.6367.92)
Build info: version: '4.6.0', revision: '79f1c02ae20'
System info: os.name: 'Windows 10', os.arch: 'amd64', os.version: '10.0', java.version: '17.0.7'
Driver info: org.openqa.selenium.chrome.ChromeDriver
Command: [2cf28825ea7a8a419a5b05b8e5d35d84, findElement {using=css selector, value=div[class='slds-spinner slds-spinner_brand slds-spinner_small']>div:nth-child(2)r}]
Capabilities {acceptInsecureCerts: false, browserName: chrome, browserVersion: 124.0.6367.92, chrome: {chromedriverVersion: 124.0.6367.91 (51df0e5e17a8..., userDataDir: C:\Users\PRATHA~1.KUM\AppDa...}, fedcm:accounts: true, goog:chromeOptions: {debuggerAddress: localhost:49451}, networkConnectionEnabled: false, pageLoadStrategy: normal, platformName: WINDOWS, proxy: Proxy(), se:cdp: ws://localhost:49451/devtoo..., se:cdpVersion: 124.0.6367.92, setWindowRect: true, strictFileInteractability: false, timeouts: {implicit: 0, pageLoad: 300000, script: 30000}, unhandledPromptBehavior: dismiss and notify, webauthn:extension:credBlob: true, webauthn:extension:largeBlob: true, webauthn:extension:minPinLength: true, webauthn:extension:prf: true, webauthn:virtualAuthenticators: true}
Session ID: 2cf28825ea7a8a419a5b05b8e5d35d84</small> </font> </div>
<div class="test-event"> <font color="maroon"> <small> &emsp; &emsp;--- 05 May 00:25:03 390 - <b>0</b> - Spinner Load Wait: (Sync) - ICar.support.WaitUtils.waitForSpinner(WaitUtils.java:225)</small> </font> </div>
<div class="test-message">&emsp;Back To Courses is displayed in the page </div>
<div class="test-message">&emsp;Successfully verified Back To Course Link&emsp;<a href=".\ScreenShot\URL_TC001_2722641014026100.png" target="_blank" >[ScreenShot]</a></div>
<div class="test-event"> <font color="maroon"> <small> &emsp; &emsp;--- 05 May 00:25:03 646 - Catched spinner load exception due to javascript error: {"status":32,"value":"An invalid or illegal selector was specified"}
  (Session info: chrome=124.0.6367.92)
Build info: version: '4.6.0', revision: '79f1c02ae20'
System info: os.name: 'Windows 10', os.arch: 'amd64', os.version: '10.0', java.version: '17.0.7'
Driver info: org.openqa.selenium.chrome.ChromeDriver
Command: [2cf28825ea7a8a419a5b05b8e5d35d84, findElement {using=css selector, value=div[class='slds-spinner slds-spinner_brand slds-spinner_small']>div:nth-child(2)r}]
Capabilities {acceptInsecureCerts: false, browserName: chrome, browserVersion: 124.0.6367.92, chrome: {chromedriverVersion: 124.0.6367.91 (51df0e5e17a8..., userDataDir: C:\Users\PRATHA~1.KUM\AppDa...}, fedcm:accounts: true, goog:chromeOptions: {debuggerAddress: localhost:49451}, networkConnectionEnabled: false, pageLoadStrategy: normal, platformName: WINDOWS, proxy: Proxy(), se:cdp: ws://localhost:49451/devtoo..., se:cdpVersion: 124.0.6367.92, setWindowRect: true, strictFileInteractability: false, timeouts: {implicit: 0, pageLoad: 300000, script: 30000}, unhandledPromptBehavior: dismiss and notify, webauthn:extension:credBlob: true, webauthn:extension:largeBlob: true, webauthn:extension:minPinLength: true, webauthn:extension:prf: true, webauthn:virtualAuthenticators: true}
Session ID: 2cf28825ea7a8a419a5b05b8e5d35d84</small> </font> </div>
<div class="test-event"> <font color="maroon"> <small> &emsp; &emsp;--- 05 May 00:25:03 646 - <b>0</b> - Spinner Load Wait: (Sync) - ICar.support.WaitUtils.waitForSpinner(WaitUtils.java:225)</small> </font> </div>
<div class="test-event"> <font color="maroon"> <small> &emsp; &emsp;--- 05 May 00:25:03 709 - Page URL:: https://www.i-car.com/product/electrical-troubleshooting-fundamentals</small> </font> </div>
<div class="test-event"> <font color="maroon"> <small> &emsp; &emsp;--- 05 May 00:25:03 709 - <b>0</b> - Page Load Wait: (Sync) - ICar.support.Utils.waitForPageLoad(Utils.java:109)</small> </font> </div>
<div class="test-event"> <font color="maroon"> <small> &emsp; &emsp;--- 05 May 00:25:13 804 - Element is displayed:: [[ChromeDriver: chrome on WINDOWS (2cf28825ea7a8a419a5b05b8e5d35d84)] -> xpath: //div[@class='productDetails slds-p-bottom_large']//div[contains(@class,'slds-p-bottom_medium')]]</small> </font> </div>
<div class="test-message">&emsp;Course Name : ElectricalTroubleshootingFundamentals is displayed in the URL page</div>
<div class="test-message">&emsp;Successfully verified the course name for relevant link&emsp;<a href=".\ScreenShot\URL_TC001_2722659443200400.png" target="_blank" >[ScreenShot]</a></div>
<div class="test-message">&emsp;
</div>
<div class="test-message">&emsp;147. URL is : https://www.i-car.com/product/camera-calibration-inspection-and-initialization-requirements</div>
<div class="test-event"> <font color="maroon"> <small> &emsp; &emsp;--- 05 May 00:25:23 358 - Page URL:: https://www.i-car.com/product/camera-calibration-inspection-and-initialization-requirements</small> </font> </div>
<div class="test-event"> <font color="maroon"> <small> &emsp; &emsp;--- 05 May 00:25:23 358 - <b>0</b> - Page Load Wait: (Sync) - ICar.support.Utils.waitForPageLoad(Utils.java:109)</small> </font> </div>
<div class="test-message">&emsp;Successfully navigated to the :  https://www.i-car.com/product/camera-calibration-inspection-and-initialization-requirements   Page&emsp;<a href=".\ScreenShot\URL_TC001_2722660964674000.png" target="_blank" >[ScreenShot]</a></div>
<div class="test-event"> <font color="maroon"> <small> &emsp; &emsp;--- 05 May 00:25:23 638 - Page URL:: https://www.i-car.com/product/camera-calibration-inspection-and-initialization-requirements</small> </font> </div>
<div class="test-event"> <font color="maroon"> <small> &emsp; &emsp;--- 05 May 00:25:23 638 - <b>0</b> - Page Load Wait: (Sync) - ICar.support.Utils.waitForPageLoad(Utils.java:109)</small> </font> </div>
<div class="test-event"> <font color="maroon"> <small> &emsp; &emsp;--- 05 May 00:25:23 648 - Catched spinner load exception due to javascript error: {"status":32,"value":"An invalid or illegal selector was specified"}
  (Session info: chrome=124.0.6367.92)
Build info: version: '4.6.0', revision: '79f1c02ae20'
System info: os.name: 'Windows 10', os.arch: 'amd64', os.version: '10.0', java.version: '17.0.7'
Driver info: org.openqa.selenium.chrome.ChromeDriver
Command: [2cf28825ea7a8a419a5b05b8e5d35d84, findElement {using=css selector, value=div[class='slds-spinner slds-spinner_brand slds-spinner_small']>div:nth-child(2)r}]
Capabilities {acceptInsecureCerts: false, browserName: chrome, browserVersion: 124.0.6367.92, chrome: {chromedriverVersion: 124.0.6367.91 (51df0e5e17a8..., userDataDir: C:\Users\PRATHA~1.KUM\AppDa...}, fedcm:accounts: true, goog:chromeOptions: {debuggerAddress: localhost:49451}, networkConnectionEnabled: false, pageLoadStrategy: normal, platformName: WINDOWS, proxy: Proxy(), se:cdp: ws://localhost:49451/devtoo..., se:cdpVersion: 124.0.6367.92, setWindowRect: true, strictFileInteractability: false, timeouts: {implicit: 0, pageLoad: 300000, script: 30000}, unhandledPromptBehavior: dismiss and notify, webauthn:extension:credBlob: true, webauthn:extension:largeBlob: true, webauthn:extension:minPinLength: true, webauthn:extension:prf: true, webauthn:virtualAuthenticators: true}
Session ID: 2cf28825ea7a8a419a5b05b8e5d35d84</small> </font> </div>
<div class="test-event"> <font color="maroon"> <small> &emsp; &emsp;--- 05 May 00:25:23 648 - <b>0</b> - Spinner Load Wait: (Sync) - ICar.support.WaitUtils.waitForSpinner(WaitUtils.java:225)</small> </font> </div>
<div class="test-event"> <font color="maroon"> <small> &emsp; &emsp;--- 05 May 00:25:33 729 - Page URL:: https://www.i-car.com/product/camera-calibration-inspection-and-initialization-requirements</small> </font> </div>
<div class="test-event"> <font color="maroon"> <small> &emsp; &emsp;--- 05 May 00:25:33 729 - <b>0</b> - Page Load Wait: (Sync) - ICar.support.Utils.waitForPageLoad(Utils.java:109)</small> </font> </div>
<div class="test-event"> <font color="maroon"> <small> &emsp; &emsp;--- 05 May 00:25:33 747 - Element is displayed:: [[ChromeDriver: chrome on WINDOWS (2cf28825ea7a8a419a5b05b8e5d35d84)] -> xpath: //a[contains(text(),'Back to Courses')]]</small> </font> </div>
<div class="test-event"> <font color="maroon"> <small> &emsp; &emsp;--- 05 May 00:25:40 790 - Catched spinner load exception due to javascript error: {"status":32,"value":"An invalid or illegal selector was specified"}
  (Session info: chrome=124.0.6367.92)
Build info: version: '4.6.0', revision: '79f1c02ae20'
System info: os.name: 'Windows 10', os.arch: 'amd64', os.version: '10.0', java.version: '17.0.7'
Driver info: org.openqa.selenium.chrome.ChromeDriver
Command: [2cf28825ea7a8a419a5b05b8e5d35d84, findElement {using=css selector, value=div[class='slds-spinner slds-spinner_brand slds-spinner_small']>div:nth-child(2)r}]
Capabilities {acceptInsecureCerts: false, browserName: chrome, browserVersion: 124.0.6367.92, chrome: {chromedriverVersion: 124.0.6367.91 (51df0e5e17a8..., userDataDir: C:\Users\PRATHA~1.KUM\AppDa...}, fedcm:accounts: true, goog:chromeOptions: {debuggerAddress: localhost:49451}, networkConnectionEnabled: false, pageLoadStrategy: normal, platformName: WINDOWS, proxy: Proxy(), se:cdp: ws://localhost:49451/devtoo..., se:cdpVersion: 124.0.6367.92, setWindowRect: true, strictFileInteractability: false, timeouts: {implicit: 0, pageLoad: 300000, script: 30000}, unhandledPromptBehavior: dismiss and notify, webauthn:extension:credBlob: true, webauthn:extension:largeBlob: true, webauthn:extension:minPinLength: true, webauthn:extension:prf: true, webauthn:virtualAuthenticators: true}
Session ID: 2cf28825ea7a8a419a5b05b8e5d35d84</small> </font> </div>
<div class="test-event"> <font color="maroon"> <small> &emsp; &emsp;--- 05 May 00:25:40 790 - <b>0</b> - Spinner Load Wait: (Sync) - ICar.support.WaitUtils.waitForSpinner(WaitUtils.java:225)</small> </font> </div>
<div class="test-message">&emsp;Back To Courses is displayed in the page </div>
<div class="test-message">&emsp;Successfully verified Back To Course Link&emsp;<a href=".\ScreenShot\URL_TC001_2722678414401500.png" target="_blank" >[ScreenShot]</a></div>
<div class="test-event"> <font color="maroon"> <small> &emsp; &emsp;--- 05 May 00:25:41 056 - Catched spinner load exception due to javascript error: {"status":32,"value":"An invalid or illegal selector was specified"}
  (Session info: chrome=124.0.6367.92)
Build info: version: '4.6.0', revision: '79f1c02ae20'
System info: os.name: 'Windows 10', os.arch: 'amd64', os.version: '10.0', java.version: '17.0.7'
Driver info: org.openqa.selenium.chrome.ChromeDriver
Command: [2cf28825ea7a8a419a5b05b8e5d35d84, findElement {using=css selector, value=div[class='slds-spinner slds-spinner_brand slds-spinner_small']>div:nth-child(2)r}]
Capabilities {acceptInsecureCerts: false, browserName: chrome, browserVersion: 124.0.6367.92, chrome: {chromedriverVersion: 124.0.6367.91 (51df0e5e17a8..., userDataDir: C:\Users\PRATHA~1.KUM\AppDa...}, fedcm:accounts: true, goog:chromeOptions: {debuggerAddress: localhost:49451}, networkConnectionEnabled: false, pageLoadStrategy: normal, platformName: WINDOWS, proxy: Proxy(), se:cdp: ws://localhost:49451/devtoo..., se:cdpVersion: 124.0.6367.92, setWindowRect: true, strictFileInteractability: false, timeouts: {implicit: 0, pageLoad: 300000, script: 30000}, unhandledPromptBehavior: dismiss and notify, webauthn:extension:credBlob: true, webauthn:extension:largeBlob: true, webauthn:extension:minPinLength: true, webauthn:extension:prf: true, webauthn:virtualAuthenticators: true}
Session ID: 2cf28825ea7a8a419a5b05b8e5d35d84</small> </font> </div>
<div class="test-event"> <font color="maroon"> <small> &emsp; &emsp;--- 05 May 00:25:41 056 - <b>0</b> - Spinner Load Wait: (Sync) - ICar.support.WaitUtils.waitForSpinner(WaitUtils.java:225)</small> </font> </div>
<div class="test-event"> <font color="maroon"> <small> &emsp; &emsp;--- 05 May 00:25:41 126 - Page URL:: https://www.i-car.com/product/camera-calibration-inspection-and-initialization-requirements</small> </font> </div>
<div class="test-event"> <font color="maroon"> <small> &emsp; &emsp;--- 05 May 00:25:41 126 - <b>0</b> - Page Load Wait: (Sync) - ICar.support.Utils.waitForPageLoad(Utils.java:109)</small> </font> </div>
<div class="test-event"> <font color="maroon"> <small> &emsp; &emsp;--- 05 May 00:25:51 175 - Element is displayed:: [[ChromeDriver: chrome on WINDOWS (2cf28825ea7a8a419a5b05b8e5d35d84)] -> xpath: //div[@class='productDetails slds-p-bottom_large']//div[contains(@class,'slds-p-bottom_medium')]]</small> </font> </div>
<div class="test-message">&emsp;Course Name : CameraCalibrationInspectionandInitializationRequirements is displayed in the URL page</div>
<div class="test-message">&emsp;Successfully verified the course name for relevant link&emsp;<a href=".\ScreenShot\URL_TC001_2722696800688300.png" target="_blank" >[ScreenShot]</a></div>
<div class="test-message">&emsp;
</div>
<div class="test-message">&emsp;148. URL is : https://www.i-car.com/product/damage-analysis-of-pickup-trucks</div>
<div class="test-event"> <font color="maroon"> <small> &emsp; &emsp;--- 05 May 00:26:00 593 - Page URL:: https://www.i-car.com/product/damage-analysis-of-pickup-trucks</small> </font> </div>
<div class="test-event"> <font color="maroon"> <small> &emsp; &emsp;--- 05 May 00:26:00 593 - <b>0</b> - Page Load Wait: (Sync) - ICar.support.Utils.waitForPageLoad(Utils.java:109)</small> </font> </div>
<div class="test-message">&emsp;Successfully navigated to the :  https://www.i-car.com/product/damage-analysis-of-pickup-trucks   Page&emsp;<a href=".\ScreenShot\URL_TC001_2722698199904200.png" target="_blank" >[ScreenShot]</a></div>
<div class="test-event"> <font color="maroon"> <small> &emsp; &emsp;--- 05 May 00:26:00 905 - Page URL:: https://www.i-car.com/product/damage-analysis-of-pickup-trucks</small> </font> </div>
<div class="test-event"> <font color="maroon"> <small> &emsp; &emsp;--- 05 May 00:26:00 905 - <b>0</b> - Page Load Wait: (Sync) - ICar.support.Utils.waitForPageLoad(Utils.java:109)</small> </font> </div>
<div class="test-event"> <font color="maroon"> <small> &emsp; &emsp;--- 05 May 00:26:00 912 - Catched spinner load exception due to javascript error: {"status":32,"value":"An invalid or illegal selector was specified"}
  (Session info: chrome=124.0.6367.92)
Build info: version: '4.6.0', revision: '79f1c02ae20'
System info: os.name: 'Windows 10', os.arch: 'amd64', os.version: '10.0', java.version: '17.0.7'
Driver info: org.openqa.selenium.chrome.ChromeDriver
Command: [2cf28825ea7a8a419a5b05b8e5d35d84, findElement {using=css selector, value=div[class='slds-spinner slds-spinner_brand slds-spinner_small']>div:nth-child(2)r}]
Capabilities {acceptInsecureCerts: false, browserName: chrome, browserVersion: 124.0.6367.92, chrome: {chromedriverVersion: 124.0.6367.91 (51df0e5e17a8..., userDataDir: C:\Users\PRATHA~1.KUM\AppDa...}, fedcm:accounts: true, goog:chromeOptions: {debuggerAddress: localhost:49451}, networkConnectionEnabled: false, pageLoadStrategy: normal, platformName: WINDOWS, proxy: Proxy(), se:cdp: ws://localhost:49451/devtoo..., se:cdpVersion: 124.0.6367.92, setWindowRect: true, strictFileInteractability: false, timeouts: {implicit: 0, pageLoad: 300000, script: 30000}, unhandledPromptBehavior: dismiss and notify, webauthn:extension:credBlob: true, webauthn:extension:largeBlob: true, webauthn:extension:minPinLength: true, webauthn:extension:prf: true, webauthn:virtualAuthenticators: true}
Session ID: 2cf28825ea7a8a419a5b05b8e5d35d84</small> </font> </div>
<div class="test-event"> <font color="maroon"> <small> &emsp; &emsp;--- 05 May 00:26:00 912 - <b>0</b> - Spinner Load Wait: (Sync) - ICar.support.WaitUtils.waitForSpinner(WaitUtils.java:225)</small> </font> </div>
<div class="test-event"> <font color="maroon"> <small> &emsp; &emsp;--- 05 May 00:26:10 990 - Page URL:: https://www.i-car.com/product/damage-analysis-of-pickup-trucks</small> </font> </div>
<div class="test-event"> <font color="maroon"> <small> &emsp; &emsp;--- 05 May 00:26:10 990 - <b>0</b> - Page Load Wait: (Sync) - ICar.support.Utils.waitForPageLoad(Utils.java:109)</small> </font> </div>
<div class="test-event"> <font color="maroon"> <small> &emsp; &emsp;--- 05 May 00:26:11 008 - Element is displayed:: [[ChromeDriver: chrome on WINDOWS (2cf28825ea7a8a419a5b05b8e5d35d84)] -> xpath: //a[contains(text(),'Back to Courses')]]</small> </font> </div>
<div class="test-event"> <font color="maroon"> <small> &emsp; &emsp;--- 05 May 00:26:18 053 - Catched spinner load exception due to javascript error: {"status":32,"value":"An invalid or illegal selector was specified"}
  (Session info: chrome=124.0.6367.92)
Build info: version: '4.6.0', revision: '79f1c02ae20'
System info: os.name: 'Windows 10', os.arch: 'amd64', os.version: '10.0', java.version: '17.0.7'
Driver info: org.openqa.selenium.chrome.ChromeDriver
Command: [2cf28825ea7a8a419a5b05b8e5d35d84, findElement {using=css selector, value=div[class='slds-spinner slds-spinner_brand slds-spinner_small']>div:nth-child(2)r}]
Capabilities {acceptInsecureCerts: false, browserName: chrome, browserVersion: 124.0.6367.92, chrome: {chromedriverVersion: 124.0.6367.91 (51df0e5e17a8..., userDataDir: C:\Users\PRATHA~1.KUM\AppDa...}, fedcm:accounts: true, goog:chromeOptions: {debuggerAddress: localhost:49451}, networkConnectionEnabled: false, pageLoadStrategy: normal, platformName: WINDOWS, proxy: Proxy(), se:cdp: ws://localhost:49451/devtoo..., se:cdpVersion: 124.0.6367.92, setWindowRect: true, strictFileInteractability: false, timeouts: {implicit: 0, pageLoad: 300000, script: 30000}, unhandledPromptBehavior: dismiss and notify, webauthn:extension:credBlob: true, webauthn:extension:largeBlob: true, webauthn:extension:minPinLength: true, webauthn:extension:prf: true, webauthn:virtualAuthenticators: true}
Session ID: 2cf28825ea7a8a419a5b05b8e5d35d84</small> </font> </div>
<div class="test-event"> <font color="maroon"> <small> &emsp; &emsp;--- 05 May 00:26:18 053 - <b>0</b> - Spinner Load Wait: (Sync) - ICar.support.WaitUtils.waitForSpinner(WaitUtils.java:225)</small> </font> </div>
<div class="test-message">&emsp;Back To Courses is displayed in the page </div>
<div class="test-message">&emsp;Successfully verified Back To Course Link&emsp;<a href=".\ScreenShot\URL_TC001_2722715686251600.png" target="_blank" >[ScreenShot]</a></div>
<div class="test-event"> <font color="maroon"> <small> &emsp; &emsp;--- 05 May 00:26:18 328 - Catched spinner load exception due to javascript error: {"status":32,"value":"An invalid or illegal selector was specified"}
  (Session info: chrome=124.0.6367.92)
Build info: version: '4.6.0', revision: '79f1c02ae20'
System info: os.name: 'Windows 10', os.arch: 'amd64', os.version: '10.0', java.version: '17.0.7'
Driver info: org.openqa.selenium.chrome.ChromeDriver
Command: [2cf28825ea7a8a419a5b05b8e5d35d84, findElement {using=css selector, value=div[class='slds-spinner slds-spinner_brand slds-spinner_small']>div:nth-child(2)r}]
Capabilities {acceptInsecureCerts: false, browserName: chrome, browserVersion: 124.0.6367.92, chrome: {chromedriverVersion: 124.0.6367.91 (51df0e5e17a8..., userDataDir: C:\Users\PRATHA~1.KUM\AppDa...}, fedcm:accounts: true, goog:chromeOptions: {debuggerAddress: localhost:49451}, networkConnectionEnabled: false, pageLoadStrategy: normal, platformName: WINDOWS, proxy: Proxy(), se:cdp: ws://localhost:49451/devtoo..., se:cdpVersion: 124.0.6367.92, setWindowRect: true, strictFileInteractability: false, timeouts: {implicit: 0, pageLoad: 300000, script: 30000}, unhandledPromptBehavior: dismiss and notify, webauthn:extension:credBlob: true, webauthn:extension:largeBlob: true, webauthn:extension:minPinLength: true, webauthn:extension:prf: true, webauthn:virtualAuthenticators: true}
Session ID: 2cf28825ea7a8a419a5b05b8e5d35d84</small> </font> </div>
<div class="test-event"> <font color="maroon"> <small> &emsp; &emsp;--- 05 May 00:26:18 328 - <b>0</b> - Spinner Load Wait: (Sync) - ICar.support.WaitUtils.waitForSpinner(WaitUtils.java:225)</small> </font> </div>
<div class="test-event"> <font color="maroon"> <small> &emsp; &emsp;--- 05 May 00:26:18 460 - Page URL:: https://www.i-car.com/product/damage-analysis-of-pickup-trucks</small> </font> </div>
<div class="test-event"> <font color="maroon"> <small> &emsp; &emsp;--- 05 May 00:26:18 460 - <b>0</b> - Page Load Wait: (Sync) - ICar.support.Utils.waitForPageLoad(Utils.java:109)</small> </font> </div>
<div class="test-event"> <font color="maroon"> <small> &emsp; &emsp;--- 05 May 00:26:28 520 - Element is displayed:: [[ChromeDriver: chrome on WINDOWS (2cf28825ea7a8a419a5b05b8e5d35d84)] -> xpath: //div[@class='productDetails slds-p-bottom_large']//div[contains(@class,'slds-p-bottom_medium')]]</small> </font> </div>
<div class="test-message">&emsp;Course Name : DamageAnalysisofPickupTrucks is displayed in the URL page</div>
<div class="test-message">&emsp;Successfully verified the course name for relevant link&emsp;<a href=".\ScreenShot\URL_TC001_2722734146318600.png" target="_blank" >[ScreenShot]</a></div>
<div class="test-message">&emsp;
</div>
<div class="test-message">&emsp;149. URL is : https://www.i-car.com/product/post-repair-advanced-driver-assistance-systems-adas-testing</div>
<div class="test-event"> <font color="maroon"> <small> &emsp; &emsp;--- 05 May 00:26:42 729 - Page URL:: https://www.i-car.com/product/post-repair-advanced-driver-assistance-systems-adas-testing</small> </font> </div>
<div class="test-event"> <font color="maroon"> <small> &emsp; &emsp;--- 05 May 00:26:42 729 - <b>0</b> - Page Load Wait: (Sync) - ICar.support.Utils.waitForPageLoad(Utils.java:109)</small> </font> </div>
<div class="test-message">&emsp;Successfully navigated to the :  https://www.i-car.com/product/post-repair-advanced-driver-assistance-systems-adas-testing   Page&emsp;<a href=".\ScreenShot\URL_TC001_2722740335793600.png" target="_blank" >[ScreenShot]</a></div>
<div class="test-event"> <font color="maroon"> <small> &emsp; &emsp;--- 05 May 00:26:43 068 - Page URL:: https://www.i-car.com/product/post-repair-advanced-driver-assistance-systems-adas-testing</small> </font> </div>
<div class="test-event"> <font color="maroon"> <small> &emsp; &emsp;--- 05 May 00:26:43 068 - <b>0</b> - Page Load Wait: (Sync) - ICar.support.Utils.waitForPageLoad(Utils.java:109)</small> </font> </div>
<div class="test-event"> <font color="maroon"> <small> &emsp; &emsp;--- 05 May 00:26:43 082 - Catched spinner load exception due to javascript error: {"status":32,"value":"An invalid or illegal selector was specified"}
  (Session info: chrome=124.0.6367.92)
Build info: version: '4.6.0', revision: '79f1c02ae20'
System info: os.name: 'Windows 10', os.arch: 'amd64', os.version: '10.0', java.version: '17.0.7'
Driver info: org.openqa.selenium.chrome.ChromeDriver
Command: [2cf28825ea7a8a419a5b05b8e5d35d84, findElement {using=css selector, value=div[class='slds-spinner slds-spinner_brand slds-spinner_small']>div:nth-child(2)r}]
Capabilities {acceptInsecureCerts: false, browserName: chrome, browserVersion: 124.0.6367.92, chrome: {chromedriverVersion: 124.0.6367.91 (51df0e5e17a8..., userDataDir: C:\Users\PRATHA~1.KUM\AppDa...}, fedcm:accounts: true, goog:chromeOptions: {debuggerAddress: localhost:49451}, networkConnectionEnabled: false, pageLoadStrategy: normal, platformName: WINDOWS, proxy: Proxy(), se:cdp: ws://localhost:49451/devtoo..., se:cdpVersion: 124.0.6367.92, setWindowRect: true, strictFileInteractability: false, timeouts: {implicit: 0, pageLoad: 300000, script: 30000}, unhandledPromptBehavior: dismiss and notify, webauthn:extension:credBlob: true, webauthn:extension:largeBlob: true, webauthn:extension:minPinLength: true, webauthn:extension:prf: true, webauthn:virtualAuthenticators: true}
Session ID: 2cf28825ea7a8a419a5b05b8e5d35d84</small> </font> </div>
<div class="test-event"> <font color="maroon"> <small> &emsp; &emsp;--- 05 May 00:26:43 082 - <b>0</b> - Spinner Load Wait: (Sync) - ICar.support.WaitUtils.waitForSpinner(WaitUtils.java:225)</small> </font> </div>
<div class="test-event"> <font color="maroon"> <small> &emsp; &emsp;--- 05 May 00:26:53 162 - Page URL:: https://www.i-car.com/product/post-repair-advanced-driver-assistance-systems-adas-testing</small> </font> </div>
<div class="test-event"> <font color="maroon"> <small> &emsp; &emsp;--- 05 May 00:26:53 162 - <b>0</b> - Page Load Wait: (Sync) - ICar.support.Utils.waitForPageLoad(Utils.java:109)</small> </font> </div>
<div class="test-event"> <font color="maroon"> <small> &emsp; &emsp;--- 05 May 00:26:53 177 - Element is displayed:: [[ChromeDriver: chrome on WINDOWS (2cf28825ea7a8a419a5b05b8e5d35d84)] -> xpath: //a[contains(text(),'Back to Courses')]]</small> </font> </div>
<div class="test-event"> <font color="maroon"> <small> &emsp; &emsp;--- 05 May 00:27:00 194 - Catched spinner load exception due to javascript error: {"status":32,"value":"An invalid or illegal selector was specified"}
  (Session info: chrome=124.0.6367.92)
Build info: version: '4.6.0', revision: '79f1c02ae20'
System info: os.name: 'Windows 10', os.arch: 'amd64', os.version: '10.0', java.version: '17.0.7'
Driver info: org.openqa.selenium.chrome.ChromeDriver
Command: [2cf28825ea7a8a419a5b05b8e5d35d84, findElement {using=css selector, value=div[class='slds-spinner slds-spinner_brand slds-spinner_small']>div:nth-child(2)r}]
Capabilities {acceptInsecureCerts: false, browserName: chrome, browserVersion: 124.0.6367.92, chrome: {chromedriverVersion: 124.0.6367.91 (51df0e5e17a8..., userDataDir: C:\Users\PRATHA~1.KUM\AppDa...}, fedcm:accounts: true, goog:chromeOptions: {debuggerAddress: localhost:49451}, networkConnectionEnabled: false, pageLoadStrategy: normal, platformName: WINDOWS, proxy: Proxy(), se:cdp: ws://localhost:49451/devtoo..., se:cdpVersion: 124.0.6367.92, setWindowRect: true, strictFileInteractability: false, timeouts: {implicit: 0, pageLoad: 300000, script: 30000}, unhandledPromptBehavior: dismiss and notify, webauthn:extension:credBlob: true, webauthn:extension:largeBlob: true, webauthn:extension:minPinLength: true, webauthn:extension:prf: true, webauthn:virtualAuthenticators: true}
Session ID: 2cf28825ea7a8a419a5b05b8e5d35d84</small> </font> </div>
<div class="test-event"> <font color="maroon"> <small> &emsp; &emsp;--- 05 May 00:27:00 194 - <b>0</b> - Spinner Load Wait: (Sync) - ICar.support.WaitUtils.waitForSpinner(WaitUtils.java:225)</small> </font> </div>
<div class="test-message">&emsp;Back To Courses is displayed in the page </div>
<div class="test-message">&emsp;Successfully verified Back To Course Link&emsp;<a href=".\ScreenShot\URL_TC001_2722757811425400.png" target="_blank" >[ScreenShot]</a></div>
<div class="test-event"> <font color="maroon"> <small> &emsp; &emsp;--- 05 May 00:27:00 492 - Catched spinner load exception due to javascript error: {"status":32,"value":"An invalid or illegal selector was specified"}
  (Session info: chrome=124.0.6367.92)
Build info: version: '4.6.0', revision: '79f1c02ae20'
System info: os.name: 'Windows 10', os.arch: 'amd64', os.version: '10.0', java.version: '17.0.7'
Driver info: org.openqa.selenium.chrome.ChromeDriver
Command: [2cf28825ea7a8a419a5b05b8e5d35d84, findElement {using=css selector, value=div[class='slds-spinner slds-spinner_brand slds-spinner_small']>div:nth-child(2)r}]
Capabilities {acceptInsecureCerts: false, browserName: chrome, browserVersion: 124.0.6367.92, chrome: {chromedriverVersion: 124.0.6367.91 (51df0e5e17a8..., userDataDir: C:\Users\PRATHA~1.KUM\AppDa...}, fedcm:accounts: true, goog:chromeOptions: {debuggerAddress: localhost:49451}, networkConnectionEnabled: false, pageLoadStrategy: normal, platformName: WINDOWS, proxy: Proxy(), se:cdp: ws://localhost:49451/devtoo..., se:cdpVersion: 124.0.6367.92, setWindowRect: true, strictFileInteractability: false, timeouts: {implicit: 0, pageLoad: 300000, script: 30000}, unhandledPromptBehavior: dismiss and notify, webauthn:extension:credBlob: true, webauthn:extension:largeBlob: true, webauthn:extension:minPinLength: true, webauthn:extension:prf: true, webauthn:virtualAuthenticators: true}
Session ID: 2cf28825ea7a8a419a5b05b8e5d35d84</small> </font> </div>
<div class="test-event"> <font color="maroon"> <small> &emsp; &emsp;--- 05 May 00:27:00 492 - <b>0</b> - Spinner Load Wait: (Sync) - ICar.support.WaitUtils.waitForSpinner(WaitUtils.java:225)</small> </font> </div>
<div class="test-event"> <font color="maroon"> <small> &emsp; &emsp;--- 05 May 00:27:00 553 - Page URL:: https://www.i-car.com/product/post-repair-advanced-driver-assistance-systems-adas-testing</small> </font> </div>
<div class="test-event"> <font color="maroon"> <small> &emsp; &emsp;--- 05 May 00:27:00 553 - <b>0</b> - Page Load Wait: (Sync) - ICar.support.Utils.waitForPageLoad(Utils.java:109)</small> </font> </div>
<div class="test-event"> <font color="maroon"> <small> &emsp; &emsp;--- 05 May 00:27:10 620 - Element is displayed:: [[ChromeDriver: chrome on WINDOWS (2cf28825ea7a8a419a5b05b8e5d35d84)] -> xpath: //div[@class='productDetails slds-p-bottom_large']//div[contains(@class,'slds-p-bottom_medium')]]</small> </font> </div>
<div class="test-message">&emsp;Course Name : PostRepairAdvancedDriverAssistanceSystemsADASTesting is displayed in the URL page</div>
<div class="test-message">&emsp;Successfully verified the course name for relevant link&emsp;<a href=".\ScreenShot\URL_TC001_2722776252151900.png" target="_blank" >[ScreenShot]</a></div>
<div class="test-message">&emsp;
</div>
<div class="test-message">&emsp;150. URL is : https://www.i-car.com/product/honda-and-acura-adaptive-cruise-control-acc</div>
<div class="test-event"> <font color="maroon"> <small> &emsp; &emsp;--- 05 May 00:27:23 109 - Page URL:: https://www.i-car.com/product/honda-and-acura-adaptive-cruise-control-acc</small> </font> </div>
<div class="test-event"> <font color="maroon"> <small> &emsp; &emsp;--- 05 May 00:27:23 109 - <b>0</b> - Page Load Wait: (Sync) - ICar.support.Utils.waitForPageLoad(Utils.java:109)</small> </font> </div>
<div class="test-message">&emsp;Successfully navigated to the :  https://www.i-car.com/product/honda-and-acura-adaptive-cruise-control-acc   Page&emsp;<a href=".\ScreenShot\URL_TC001_2722780715138100.png" target="_blank" >[ScreenShot]</a></div>
<div class="test-event"> <font color="maroon"> <small> &emsp; &emsp;--- 05 May 00:27:23 393 - Page URL:: https://www.i-car.com/product/honda-and-acura-adaptive-cruise-control-acc</small> </font> </div>
<div class="test-event"> <font color="maroon"> <small> &emsp; &emsp;--- 05 May 00:27:23 393 - <b>0</b> - Page Load Wait: (Sync) - ICar.support.Utils.waitForPageLoad(Utils.java:109)</small> </font> </div>
<div class="test-event"> <font color="maroon"> <small> &emsp; &emsp;--- 05 May 00:27:23 402 - Catched spinner load exception due to javascript error: {"status":32,"value":"An invalid or illegal selector was specified"}
  (Session info: chrome=124.0.6367.92)
Build info: version: '4.6.0', revision: '79f1c02ae20'
System info: os.name: 'Windows 10', os.arch: 'amd64', os.version: '10.0', java.version: '17.0.7'
Driver info: org.openqa.selenium.chrome.ChromeDriver
Command: [2cf28825ea7a8a419a5b05b8e5d35d84, findElement {using=css selector, value=div[class='slds-spinner slds-spinner_brand slds-spinner_small']>div:nth-child(2)r}]
Capabilities {acceptInsecureCerts: false, browserName: chrome, browserVersion: 124.0.6367.92, chrome: {chromedriverVersion: 124.0.6367.91 (51df0e5e17a8..., userDataDir: C:\Users\PRATHA~1.KUM\AppDa...}, fedcm:accounts: true, goog:chromeOptions: {debuggerAddress: localhost:49451}, networkConnectionEnabled: false, pageLoadStrategy: normal, platformName: WINDOWS, proxy: Proxy(), se:cdp: ws://localhost:49451/devtoo..., se:cdpVersion: 124.0.6367.92, setWindowRect: true, strictFileInteractability: false, timeouts: {implicit: 0, pageLoad: 300000, script: 30000}, unhandledPromptBehavior: dismiss and notify, webauthn:extension:credBlob: true, webauthn:extension:largeBlob: true, webauthn:extension:minPinLength: true, webauthn:extension:prf: true, webauthn:virtualAuthenticators: true}
Session ID: 2cf28825ea7a8a419a5b05b8e5d35d84</small> </font> </div>
<div class="test-event"> <font color="maroon"> <small> &emsp; &emsp;--- 05 May 00:27:23 402 - <b>0</b> - Spinner Load Wait: (Sync) - ICar.support.WaitUtils.waitForSpinner(WaitUtils.java:225)</small> </font> </div>
<div class="test-event"> <font color="maroon"> <small> &emsp; &emsp;--- 05 May 00:27:33 477 - Page URL:: https://www.i-car.com/product/honda-and-acura-adaptive-cruise-control-acc</small> </font> </div>
<div class="test-event"> <font color="maroon"> <small> &emsp; &emsp;--- 05 May 00:27:33 477 - <b>0</b> - Page Load Wait: (Sync) - ICar.support.Utils.waitForPageLoad(Utils.java:109)</small> </font> </div>
<div class="test-event"> <font color="maroon"> <small> &emsp; &emsp;--- 05 May 00:27:33 492 - Element is displayed:: [[ChromeDriver: chrome on WINDOWS (2cf28825ea7a8a419a5b05b8e5d35d84)] -> xpath: //a[contains(text(),'Back to Courses')]]</small> </font> </div>
<div class="test-event"> <font color="maroon"> <small> &emsp; &emsp;--- 05 May 00:27:40 516 - Catched spinner load exception due to javascript error: {"status":32,"value":"An invalid or illegal selector was specified"}
  (Session info: chrome=124.0.6367.92)
Build info: version: '4.6.0', revision: '79f1c02ae20'
System info: os.name: 'Windows 10', os.arch: 'amd64', os.version: '10.0', java.version: '17.0.7'
Driver info: org.openqa.selenium.chrome.ChromeDriver
Command: [2cf28825ea7a8a419a5b05b8e5d35d84, findElement {using=css selector, value=div[class='slds-spinner slds-spinner_brand slds-spinner_small']>div:nth-child(2)r}]
Capabilities {acceptInsecureCerts: false, browserName: chrome, browserVersion: 124.0.6367.92, chrome: {chromedriverVersion: 124.0.6367.91 (51df0e5e17a8..., userDataDir: C:\Users\PRATHA~1.KUM\AppDa...}, fedcm:accounts: true, goog:chromeOptions: {debuggerAddress: localhost:49451}, networkConnectionEnabled: false, pageLoadStrategy: normal, platformName: WINDOWS, proxy: Proxy(), se:cdp: ws://localhost:49451/devtoo..., se:cdpVersion: 124.0.6367.92, setWindowRect: true, strictFileInteractability: false, timeouts: {implicit: 0, pageLoad: 300000, script: 30000}, unhandledPromptBehavior: dismiss and notify, webauthn:extension:credBlob: true, webauthn:extension:largeBlob: true, webauthn:extension:minPinLength: true, webauthn:extension:prf: true, webauthn:virtualAuthenticators: true}
Session ID: 2cf28825ea7a8a419a5b05b8e5d35d84</small> </font> </div>
<div class="test-event"> <font color="maroon"> <small> &emsp; &emsp;--- 05 May 00:27:40 516 - <b>0</b> - Spinner Load Wait: (Sync) - ICar.support.WaitUtils.waitForSpinner(WaitUtils.java:225)</small> </font> </div>
<div class="test-message">&emsp;Back To Courses is displayed in the page </div>
<div class="test-message">&emsp;Successfully verified Back To Course Link&emsp;<a href=".\ScreenShot\URL_TC001_2722798130689100.png" target="_blank" >[ScreenShot]</a></div>
<div class="test-event"> <font color="maroon"> <small> &emsp; &emsp;--- 05 May 00:27:40 762 - Catched spinner load exception due to javascript error: {"status":32,"value":"An invalid or illegal selector was specified"}
  (Session info: chrome=124.0.6367.92)
Build info: version: '4.6.0', revision: '79f1c02ae20'
System info: os.name: 'Windows 10', os.arch: 'amd64', os.version: '10.0', java.version: '17.0.7'
Driver info: org.openqa.selenium.chrome.ChromeDriver
Command: [2cf28825ea7a8a419a5b05b8e5d35d84, findElement {using=css selector, value=div[class='slds-spinner slds-spinner_brand slds-spinner_small']>div:nth-child(2)r}]
Capabilities {acceptInsecureCerts: false, browserName: chrome, browserVersion: 124.0.6367.92, chrome: {chromedriverVersion: 124.0.6367.91 (51df0e5e17a8..., userDataDir: C:\Users\PRATHA~1.KUM\AppDa...}, fedcm:accounts: true, goog:chromeOptions: {debuggerAddress: localhost:49451}, networkConnectionEnabled: false, pageLoadStrategy: normal, platformName: WINDOWS, proxy: Proxy(), se:cdp: ws://localhost:49451/devtoo..., se:cdpVersion: 124.0.6367.92, setWindowRect: true, strictFileInteractability: false, timeouts: {implicit: 0, pageLoad: 300000, script: 30000}, unhandledPromptBehavior: dismiss and notify, webauthn:extension:credBlob: true, webauthn:extension:largeBlob: true, webauthn:extension:minPinLength: true, webauthn:extension:prf: true, webauthn:virtualAuthenticators: true}
Session ID: 2cf28825ea7a8a419a5b05b8e5d35d84</small> </font> </div>
<div class="test-event"> <font color="maroon"> <small> &emsp; &emsp;--- 05 May 00:27:40 763 - <b>0</b> - Spinner Load Wait: (Sync) - ICar.support.WaitUtils.waitForSpinner(WaitUtils.java:225)</small> </font> </div>
<div class="test-event"> <font color="maroon"> <small> &emsp; &emsp;--- 05 May 00:27:40 830 - Page URL:: https://www.i-car.com/product/honda-and-acura-adaptive-cruise-control-acc</small> </font> </div>
<div class="test-event"> <font color="maroon"> <small> &emsp; &emsp;--- 05 May 00:27:40 830 - <b>0</b> - Page Load Wait: (Sync) - ICar.support.Utils.waitForPageLoad(Utils.java:109)</small> </font> </div>
<div class="test-event"> <font color="maroon"> <small> &emsp; &emsp;--- 05 May 00:27:50 885 - Element is displayed:: [[ChromeDriver: chrome on WINDOWS (2cf28825ea7a8a419a5b05b8e5d35d84)] -> xpath: //div[@class='productDetails slds-p-bottom_large']//div[contains(@class,'slds-p-bottom_medium')]]</small> </font> </div>
<div class="test-message">&emsp;Course Name : HondaandAcuraAdaptiveCruiseControlACC is displayed in the URL page</div>
<div class="test-message">&emsp;Successfully verified the course name for relevant link&emsp;<a href=".\ScreenShot\URL_TC001_2722816509032600.png" target="_blank" >[ScreenShot]</a></div>
<div class="test-message">&emsp;
</div>
<div class="test-message">&emsp;151. URL is : https://www.i-car.com/product/plasma-arc-cutters</div>
<div class="test-event"> <font color="maroon"> <small> &emsp; &emsp;--- 05 May 00:28:05 088 - Page URL:: https://www.i-car.com/product/plasma-arc-cutters</small> </font> </div>
<div class="test-event"> <font color="maroon"> <small> &emsp; &emsp;--- 05 May 00:28:05 088 - <b>0</b> - Page Load Wait: (Sync) - ICar.support.Utils.waitForPageLoad(Utils.java:109)</small> </font> </div>
<div class="test-message">&emsp;Successfully navigated to the :  https://www.i-car.com/product/plasma-arc-cutters   Page&emsp;<a href=".\ScreenShot\URL_TC001_2722822695179600.png" target="_blank" >[ScreenShot]</a></div>
<div class="test-event"> <font color="maroon"> <small> &emsp; &emsp;--- 05 May 00:28:05 384 - Page URL:: https://www.i-car.com/product/plasma-arc-cutters</small> </font> </div>
<div class="test-event"> <font color="maroon"> <small> &emsp; &emsp;--- 05 May 00:28:05 384 - <b>0</b> - Page Load Wait: (Sync) - ICar.support.Utils.waitForPageLoad(Utils.java:109)</small> </font> </div>
<div class="test-event"> <font color="maroon"> <small> &emsp; &emsp;--- 05 May 00:28:05 392 - Catched spinner load exception due to javascript error: {"status":32,"value":"An invalid or illegal selector was specified"}
  (Session info: chrome=124.0.6367.92)
Build info: version: '4.6.0', revision: '79f1c02ae20'
System info: os.name: 'Windows 10', os.arch: 'amd64', os.version: '10.0', java.version: '17.0.7'
Driver info: org.openqa.selenium.chrome.ChromeDriver
Command: [2cf28825ea7a8a419a5b05b8e5d35d84, findElement {using=css selector, value=div[class='slds-spinner slds-spinner_brand slds-spinner_small']>div:nth-child(2)r}]
Capabilities {acceptInsecureCerts: false, browserName: chrome, browserVersion: 124.0.6367.92, chrome: {chromedriverVersion: 124.0.6367.91 (51df0e5e17a8..., userDataDir: C:\Users\PRATHA~1.KUM\AppDa...}, fedcm:accounts: true, goog:chromeOptions: {debuggerAddress: localhost:49451}, networkConnectionEnabled: false, pageLoadStrategy: normal, platformName: WINDOWS, proxy: Proxy(), se:cdp: ws://localhost:49451/devtoo..., se:cdpVersion: 124.0.6367.92, setWindowRect: true, strictFileInteractability: false, timeouts: {implicit: 0, pageLoad: 300000, script: 30000}, unhandledPromptBehavior: dismiss and notify, webauthn:extension:credBlob: true, webauthn:extension:largeBlob: true, webauthn:extension:minPinLength: true, webauthn:extension:prf: true, webauthn:virtualAuthenticators: true}
Session ID: 2cf28825ea7a8a419a5b05b8e5d35d84</small> </font> </div>
<div class="test-event"> <font color="maroon"> <small> &emsp; &emsp;--- 05 May 00:28:05 392 - <b>0</b> - Spinner Load Wait: (Sync) - ICar.support.WaitUtils.waitForSpinner(WaitUtils.java:225)</small> </font> </div>
<div class="test-event"> <font color="maroon"> <small> &emsp; &emsp;--- 05 May 00:28:15 470 - Page URL:: https://www.i-car.com/product/plasma-arc-cutters</small> </font> </div>
<div class="test-event"> <font color="maroon"> <small> &emsp; &emsp;--- 05 May 00:28:15 470 - <b>0</b> - Page Load Wait: (Sync) - ICar.support.Utils.waitForPageLoad(Utils.java:109)</small> </font> </div>
<div class="test-event"> <font color="maroon"> <small> &emsp; &emsp;--- 05 May 00:28:15 486 - Element is displayed:: [[ChromeDriver: chrome on WINDOWS (2cf28825ea7a8a419a5b05b8e5d35d84)] -> xpath: //a[contains(text(),'Back to Courses')]]</small> </font> </div>
<div class="test-event"> <font color="maroon"> <small> &emsp; &emsp;--- 05 May 00:28:22 528 - Catched spinner load exception due to javascript error: {"status":32,"value":"An invalid or illegal selector was specified"}
  (Session info: chrome=124.0.6367.92)
Build info: version: '4.6.0', revision: '79f1c02ae20'
System info: os.name: 'Windows 10', os.arch: 'amd64', os.version: '10.0', java.version: '17.0.7'
Driver info: org.openqa.selenium.chrome.ChromeDriver
Command: [2cf28825ea7a8a419a5b05b8e5d35d84, findElement {using=css selector, value=div[class='slds-spinner slds-spinner_brand slds-spinner_small']>div:nth-child(2)r}]
Capabilities {acceptInsecureCerts: false, browserName: chrome, browserVersion: 124.0.6367.92, chrome: {chromedriverVersion: 124.0.6367.91 (51df0e5e17a8..., userDataDir: C:\Users\PRATHA~1.KUM\AppDa...}, fedcm:accounts: true, goog:chromeOptions: {debuggerAddress: localhost:49451}, networkConnectionEnabled: false, pageLoadStrategy: normal, platformName: WINDOWS, proxy: Proxy(), se:cdp: ws://localhost:49451/devtoo..., se:cdpVersion: 124.0.6367.92, setWindowRect: true, strictFileInteractability: false, timeouts: {implicit: 0, pageLoad: 300000, script: 30000}, unhandledPromptBehavior: dismiss and notify, webauthn:extension:credBlob: true, webauthn:extension:largeBlob: true, webauthn:extension:minPinLength: true, webauthn:extension:prf: true, webauthn:virtualAuthenticators: true}
Session ID: 2cf28825ea7a8a419a5b05b8e5d35d84</small> </font> </div>
<div class="test-event"> <font color="maroon"> <small> &emsp; &emsp;--- 05 May 00:28:22 528 - <b>0</b> - Spinner Load Wait: (Sync) - ICar.support.WaitUtils.waitForSpinner(WaitUtils.java:225)</small> </font> </div>
<div class="test-message">&emsp;Back To Courses is displayed in the page </div>
<div class="test-message">&emsp;Successfully verified Back To Course Link&emsp;<a href=".\ScreenShot\URL_TC001_2722840145872300.png" target="_blank" >[ScreenShot]</a></div>
<div class="test-event"> <font color="maroon"> <small> &emsp; &emsp;--- 05 May 00:28:22 777 - Catched spinner load exception due to javascript error: {"status":32,"value":"An invalid or illegal selector was specified"}
  (Session info: chrome=124.0.6367.92)
Build info: version: '4.6.0', revision: '79f1c02ae20'
System info: os.name: 'Windows 10', os.arch: 'amd64', os.version: '10.0', java.version: '17.0.7'
Driver info: org.openqa.selenium.chrome.ChromeDriver
Command: [2cf28825ea7a8a419a5b05b8e5d35d84, findElement {using=css selector, value=div[class='slds-spinner slds-spinner_brand slds-spinner_small']>div:nth-child(2)r}]
Capabilities {acceptInsecureCerts: false, browserName: chrome, browserVersion: 124.0.6367.92, chrome: {chromedriverVersion: 124.0.6367.91 (51df0e5e17a8..., userDataDir: C:\Users\PRATHA~1.KUM\AppDa...}, fedcm:accounts: true, goog:chromeOptions: {debuggerAddress: localhost:49451}, networkConnectionEnabled: false, pageLoadStrategy: normal, platformName: WINDOWS, proxy: Proxy(), se:cdp: ws://localhost:49451/devtoo..., se:cdpVersion: 124.0.6367.92, setWindowRect: true, strictFileInteractability: false, timeouts: {implicit: 0, pageLoad: 300000, script: 30000}, unhandledPromptBehavior: dismiss and notify, webauthn:extension:credBlob: true, webauthn:extension:largeBlob: true, webauthn:extension:minPinLength: true, webauthn:extension:prf: true, webauthn:virtualAuthenticators: true}
Session ID: 2cf28825ea7a8a419a5b05b8e5d35d84</small> </font> </div>
<div class="test-event"> <font color="maroon"> <small> &emsp; &emsp;--- 05 May 00:28:22 777 - <b>0</b> - Spinner Load Wait: (Sync) - ICar.support.WaitUtils.waitForSpinner(WaitUtils.java:225)</small> </font> </div>
<div class="test-event"> <font color="maroon"> <small> &emsp; &emsp;--- 05 May 00:28:22 847 - Page URL:: https://www.i-car.com/product/plasma-arc-cutters</small> </font> </div>
<div class="test-event"> <font color="maroon"> <small> &emsp; &emsp;--- 05 May 00:28:22 847 - <b>0</b> - Page Load Wait: (Sync) - ICar.support.Utils.waitForPageLoad(Utils.java:109)</small> </font> </div>
<div class="test-event"> <font color="maroon"> <small> &emsp; &emsp;--- 05 May 00:28:32 903 - Element is displayed:: [[ChromeDriver: chrome on WINDOWS (2cf28825ea7a8a419a5b05b8e5d35d84)] -> xpath: //div[@class='productDetails slds-p-bottom_large']//div[contains(@class,'slds-p-bottom_medium')]]</small> </font> </div>
<div class="test-message">&emsp;Course Name : PlasmaArcCutters is displayed in the URL page</div>
<div class="test-message">&emsp;Successfully verified the course name for relevant link&emsp;<a href=".\ScreenShot\URL_TC001_2722858535263000.png" target="_blank" >[ScreenShot]</a></div>
<div class="test-message">&emsp;
</div>
<div class="test-message">&emsp;152. URL is : https://www.i-car.com/product/kia-lane-keep-assist-system</div>
<div class="test-event"> <font color="maroon"> <small> &emsp; &emsp;--- 05 May 00:28:42 178 - Page URL:: https://www.i-car.com/product/kia-lane-keep-assist-system</small> </font> </div>
<div class="test-event"> <font color="maroon"> <small> &emsp; &emsp;--- 05 May 00:28:42 179 - <b>0</b> - Page Load Wait: (Sync) - ICar.support.Utils.waitForPageLoad(Utils.java:109)</small> </font> </div>
<div class="test-message">&emsp;Successfully navigated to the :  https://www.i-car.com/product/kia-lane-keep-assist-system   Page&emsp;<a href=".\ScreenShot\URL_TC001_2722859784294100.png" target="_blank" >[ScreenShot]</a></div>
<div class="test-event"> <font color="maroon"> <small> &emsp; &emsp;--- 05 May 00:28:42 519 - Page URL:: https://www.i-car.com/product/kia-lane-keep-assist-system</small> </font> </div>
<div class="test-event"> <font color="maroon"> <small> &emsp; &emsp;--- 05 May 00:28:42 519 - <b>0</b> - Page Load Wait: (Sync) - ICar.support.Utils.waitForPageLoad(Utils.java:109)</small> </font> </div>
<div class="test-event"> <font color="maroon"> <small> &emsp; &emsp;--- 05 May 00:28:42 527 - Catched spinner load exception due to javascript error: {"status":32,"value":"An invalid or illegal selector was specified"}
  (Session info: chrome=124.0.6367.92)
Build info: version: '4.6.0', revision: '79f1c02ae20'
System info: os.name: 'Windows 10', os.arch: 'amd64', os.version: '10.0', java.version: '17.0.7'
Driver info: org.openqa.selenium.chrome.ChromeDriver
Command: [2cf28825ea7a8a419a5b05b8e5d35d84, findElement {using=css selector, value=div[class='slds-spinner slds-spinner_brand slds-spinner_small']>div:nth-child(2)r}]
Capabilities {acceptInsecureCerts: false, browserName: chrome, browserVersion: 124.0.6367.92, chrome: {chromedriverVersion: 124.0.6367.91 (51df0e5e17a8..., userDataDir: C:\Users\PRATHA~1.KUM\AppDa...}, fedcm:accounts: true, goog:chromeOptions: {debuggerAddress: localhost:49451}, networkConnectionEnabled: false, pageLoadStrategy: normal, platformName: WINDOWS, proxy: Proxy(), se:cdp: ws://localhost:49451/devtoo..., se:cdpVersion: 124.0.6367.92, setWindowRect: true, strictFileInteractability: false, timeouts: {implicit: 0, pageLoad: 300000, script: 30000}, unhandledPromptBehavior: dismiss and notify, webauthn:extension:credBlob: true, webauthn:extension:largeBlob: true, webauthn:extension:minPinLength: true, webauthn:extension:prf: true, webauthn:virtualAuthenticators: true}
Session ID: 2cf28825ea7a8a419a5b05b8e5d35d84</small> </font> </div>
<div class="test-event"> <font color="maroon"> <small> &emsp; &emsp;--- 05 May 00:28:42 528 - <b>0</b> - Spinner Load Wait: (Sync) - ICar.support.WaitUtils.waitForSpinner(WaitUtils.java:225)</small> </font> </div>
<div class="test-event"> <font color="maroon"> <small> &emsp; &emsp;--- 05 May 00:28:52 617 - Page URL:: https://www.i-car.com/product/kia-lane-keep-assist-system</small> </font> </div>
<div class="test-event"> <font color="maroon"> <small> &emsp; &emsp;--- 05 May 00:28:52 617 - <b>0</b> - Page Load Wait: (Sync) - ICar.support.Utils.waitForPageLoad(Utils.java:109)</small> </font> </div>
<div class="test-event"> <font color="maroon"> <small> &emsp; &emsp;--- 05 May 00:28:52 634 - Element is displayed:: [[ChromeDriver: chrome on WINDOWS (2cf28825ea7a8a419a5b05b8e5d35d84)] -> xpath: //a[contains(text(),'Back to Courses')]]</small> </font> </div>
<div class="test-event"> <font color="maroon"> <small> &emsp; &emsp;--- 05 May 00:28:59 661 - Catched spinner load exception due to javascript error: {"status":32,"value":"An invalid or illegal selector was specified"}
  (Session info: chrome=124.0.6367.92)
Build info: version: '4.6.0', revision: '79f1c02ae20'
System info: os.name: 'Windows 10', os.arch: 'amd64', os.version: '10.0', java.version: '17.0.7'
Driver info: org.openqa.selenium.chrome.ChromeDriver
Command: [2cf28825ea7a8a419a5b05b8e5d35d84, findElement {using=css selector, value=div[class='slds-spinner slds-spinner_brand slds-spinner_small']>div:nth-child(2)r}]
Capabilities {acceptInsecureCerts: false, browserName: chrome, browserVersion: 124.0.6367.92, chrome: {chromedriverVersion: 124.0.6367.91 (51df0e5e17a8..., userDataDir: C:\Users\PRATHA~1.KUM\AppDa...}, fedcm:accounts: true, goog:chromeOptions: {debuggerAddress: localhost:49451}, networkConnectionEnabled: false, pageLoadStrategy: normal, platformName: WINDOWS, proxy: Proxy(), se:cdp: ws://localhost:49451/devtoo..., se:cdpVersion: 124.0.6367.92, setWindowRect: true, strictFileInteractability: false, timeouts: {implicit: 0, pageLoad: 300000, script: 30000}, unhandledPromptBehavior: dismiss and notify, webauthn:extension:credBlob: true, webauthn:extension:largeBlob: true, webauthn:extension:minPinLength: true, webauthn:extension:prf: true, webauthn:virtualAuthenticators: true}
Session ID: 2cf28825ea7a8a419a5b05b8e5d35d84</small> </font> </div>
<div class="test-event"> <font color="maroon"> <small> &emsp; &emsp;--- 05 May 00:28:59 662 - <b>0</b> - Spinner Load Wait: (Sync) - ICar.support.WaitUtils.waitForSpinner(WaitUtils.java:225)</small> </font> </div>
<div class="test-message">&emsp;Back To Courses is displayed in the page </div>
<div class="test-message">&emsp;Successfully verified Back To Course Link&emsp;<a href=".\ScreenShot\URL_TC001_2722877278261100.png" target="_blank" >[ScreenShot]</a></div>
<div class="test-event"> <font color="maroon"> <small> &emsp; &emsp;--- 05 May 00:29:00 067 - Catched spinner load exception due to javascript error: {"status":32,"value":"An invalid or illegal selector was specified"}
  (Session info: chrome=124.0.6367.92)
Build info: version: '4.6.0', revision: '79f1c02ae20'
System info: os.name: 'Windows 10', os.arch: 'amd64', os.version: '10.0', java.version: '17.0.7'
Driver info: org.openqa.selenium.chrome.ChromeDriver
Command: [2cf28825ea7a8a419a5b05b8e5d35d84, findElement {using=css selector, value=div[class='slds-spinner slds-spinner_brand slds-spinner_small']>div:nth-child(2)r}]
Capabilities {acceptInsecureCerts: false, browserName: chrome, browserVersion: 124.0.6367.92, chrome: {chromedriverVersion: 124.0.6367.91 (51df0e5e17a8..., userDataDir: C:\Users\PRATHA~1.KUM\AppDa...}, fedcm:accounts: true, goog:chromeOptions: {debuggerAddress: localhost:49451}, networkConnectionEnabled: false, pageLoadStrategy: normal, platformName: WINDOWS, proxy: Proxy(), se:cdp: ws://localhost:49451/devtoo..., se:cdpVersion: 124.0.6367.92, setWindowRect: true, strictFileInteractability: false, timeouts: {implicit: 0, pageLoad: 300000, script: 30000}, unhandledPromptBehavior: dismiss and notify, webauthn:extension:credBlob: true, webauthn:extension:largeBlob: true, webauthn:extension:minPinLength: true, webauthn:extension:prf: true, webauthn:virtualAuthenticators: true}
Session ID: 2cf28825ea7a8a419a5b05b8e5d35d84</small> </font> </div>
<div class="test-event"> <font color="maroon"> <small> &emsp; &emsp;--- 05 May 00:29:00 067 - <b>0</b> - Spinner Load Wait: (Sync) - ICar.support.WaitUtils.waitForSpinner(WaitUtils.java:225)</small> </font> </div>
<div class="test-event"> <font color="maroon"> <small> &emsp; &emsp;--- 05 May 00:29:00 138 - Page URL:: https://www.i-car.com/product/kia-lane-keep-assist-system</small> </font> </div>
<div class="test-event"> <font color="maroon"> <small> &emsp; &emsp;--- 05 May 00:29:00 138 - <b>0</b> - Page Load Wait: (Sync) - ICar.support.Utils.waitForPageLoad(Utils.java:109)</small> </font> </div>
<div class="test-event"> <font color="maroon"> <small> &emsp; &emsp;--- 05 May 00:29:10 231 - Element is displayed:: [[ChromeDriver: chrome on WINDOWS (2cf28825ea7a8a419a5b05b8e5d35d84)] -> xpath: //div[@class='productDetails slds-p-bottom_large']//div[contains(@class,'slds-p-bottom_medium')]]</small> </font> </div>
<div class="test-message">&emsp;Course Name : KiaLaneKeepAssistSystem is displayed in the URL page</div>
<div class="test-message">&emsp;Successfully verified the course name for relevant link&emsp;<a href=".\ScreenShot\URL_TC001_2722895850843200.png" target="_blank" >[ScreenShot]</a></div>
<div class="test-message">&emsp;
</div>
<div class="test-message">&emsp;153. URL is : https://www.i-car.com/product/working-safely-around-hazardous-materials</div>
<div class="test-event"> <font color="maroon"> <small> &emsp; &emsp;--- 05 May 00:29:20 191 - Page URL:: https://www.i-car.com/product/working-safely-around-hazardous-materials</small> </font> </div>
<div class="test-event"> <font color="maroon"> <small> &emsp; &emsp;--- 05 May 00:29:20 191 - <b>0</b> - Page Load Wait: (Sync) - ICar.support.Utils.waitForPageLoad(Utils.java:109)</small> </font> </div>
<div class="test-message">&emsp;Successfully navigated to the :  https://www.i-car.com/product/working-safely-around-hazardous-materials   Page&emsp;<a href=".\ScreenShot\URL_TC001_2722897796781900.png" target="_blank" >[ScreenShot]</a></div>
<div class="test-event"> <font color="maroon"> <small> &emsp; &emsp;--- 05 May 00:29:20 469 - Page URL:: https://www.i-car.com/product/working-safely-around-hazardous-materials</small> </font> </div>
<div class="test-event"> <font color="maroon"> <small> &emsp; &emsp;--- 05 May 00:29:20 469 - <b>0</b> - Page Load Wait: (Sync) - ICar.support.Utils.waitForPageLoad(Utils.java:109)</small> </font> </div>
<div class="test-event"> <font color="maroon"> <small> &emsp; &emsp;--- 05 May 00:29:20 478 - Catched spinner load exception due to javascript error: {"status":32,"value":"An invalid or illegal selector was specified"}
  (Session info: chrome=124.0.6367.92)
Build info: version: '4.6.0', revision: '79f1c02ae20'
System info: os.name: 'Windows 10', os.arch: 'amd64', os.version: '10.0', java.version: '17.0.7'
Driver info: org.openqa.selenium.chrome.ChromeDriver
Command: [2cf28825ea7a8a419a5b05b8e5d35d84, findElement {using=css selector, value=div[class='slds-spinner slds-spinner_brand slds-spinner_small']>div:nth-child(2)r}]
Capabilities {acceptInsecureCerts: false, browserName: chrome, browserVersion: 124.0.6367.92, chrome: {chromedriverVersion: 124.0.6367.91 (51df0e5e17a8..., userDataDir: C:\Users\PRATHA~1.KUM\AppDa...}, fedcm:accounts: true, goog:chromeOptions: {debuggerAddress: localhost:49451}, networkConnectionEnabled: false, pageLoadStrategy: normal, platformName: WINDOWS, proxy: Proxy(), se:cdp: ws://localhost:49451/devtoo..., se:cdpVersion: 124.0.6367.92, setWindowRect: true, strictFileInteractability: false, timeouts: {implicit: 0, pageLoad: 300000, script: 30000}, unhandledPromptBehavior: dismiss and notify, webauthn:extension:credBlob: true, webauthn:extension:largeBlob: true, webauthn:extension:minPinLength: true, webauthn:extension:prf: true, webauthn:virtualAuthenticators: true}
Session ID: 2cf28825ea7a8a419a5b05b8e5d35d84</small> </font> </div>
<div class="test-event"> <font color="maroon"> <small> &emsp; &emsp;--- 05 May 00:29:20 478 - <b>0</b> - Spinner Load Wait: (Sync) - ICar.support.WaitUtils.waitForSpinner(WaitUtils.java:225)</small> </font> </div>
<div class="test-event"> <font color="maroon"> <small> &emsp; &emsp;--- 05 May 00:29:30 563 - Page URL:: https://www.i-car.com/product/working-safely-around-hazardous-materials</small> </font> </div>
<div class="test-event"> <font color="maroon"> <small> &emsp; &emsp;--- 05 May 00:29:30 563 - <b>0</b> - Page Load Wait: (Sync) - ICar.support.Utils.waitForPageLoad(Utils.java:109)</small> </font> </div>
<div class="test-event"> <font color="maroon"> <small> &emsp; &emsp;--- 05 May 00:29:30 579 - Element is displayed:: [[ChromeDriver: chrome on WINDOWS (2cf28825ea7a8a419a5b05b8e5d35d84)] -> xpath: //a[contains(text(),'Back to Courses')]]</small> </font> </div>
<div class="test-event"> <font color="maroon"> <small> &emsp; &emsp;--- 05 May 00:29:37 618 - Catched spinner load exception due to javascript error: {"status":32,"value":"An invalid or illegal selector was specified"}
  (Session info: chrome=124.0.6367.92)
Build info: version: '4.6.0', revision: '79f1c02ae20'
System info: os.name: 'Windows 10', os.arch: 'amd64', os.version: '10.0', java.version: '17.0.7'
Driver info: org.openqa.selenium.chrome.ChromeDriver
Command: [2cf28825ea7a8a419a5b05b8e5d35d84, findElement {using=css selector, value=div[class='slds-spinner slds-spinner_brand slds-spinner_small']>div:nth-child(2)r}]
Capabilities {acceptInsecureCerts: false, browserName: chrome, browserVersion: 124.0.6367.92, chrome: {chromedriverVersion: 124.0.6367.91 (51df0e5e17a8..., userDataDir: C:\Users\PRATHA~1.KUM\AppDa...}, fedcm:accounts: true, goog:chromeOptions: {debuggerAddress: localhost:49451}, networkConnectionEnabled: false, pageLoadStrategy: normal, platformName: WINDOWS, proxy: Proxy(), se:cdp: ws://localhost:49451/devtoo..., se:cdpVersion: 124.0.6367.92, setWindowRect: true, strictFileInteractability: false, timeouts: {implicit: 0, pageLoad: 300000, script: 30000}, unhandledPromptBehavior: dismiss and notify, webauthn:extension:credBlob: true, webauthn:extension:largeBlob: true, webauthn:extension:minPinLength: true, webauthn:extension:prf: true, webauthn:virtualAuthenticators: true}
Session ID: 2cf28825ea7a8a419a5b05b8e5d35d84</small> </font> </div>
<div class="test-event"> <font color="maroon"> <small> &emsp; &emsp;--- 05 May 00:29:37 618 - <b>0</b> - Spinner Load Wait: (Sync) - ICar.support.WaitUtils.waitForSpinner(WaitUtils.java:225)</small> </font> </div>
<div class="test-message">&emsp;Back To Courses is displayed in the page </div>
<div class="test-message">&emsp;Successfully verified Back To Course Link&emsp;<a href=".\ScreenShot\URL_TC001_2722915238025500.png" target="_blank" >[ScreenShot]</a></div>
<div class="test-event"> <font color="maroon"> <small> &emsp; &emsp;--- 05 May 00:29:37 893 - Catched spinner load exception due to javascript error: {"status":32,"value":"An invalid or illegal selector was specified"}
  (Session info: chrome=124.0.6367.92)
Build info: version: '4.6.0', revision: '79f1c02ae20'
System info: os.name: 'Windows 10', os.arch: 'amd64', os.version: '10.0', java.version: '17.0.7'
Driver info: org.openqa.selenium.chrome.ChromeDriver
Command: [2cf28825ea7a8a419a5b05b8e5d35d84, findElement {using=css selector, value=div[class='slds-spinner slds-spinner_brand slds-spinner_small']>div:nth-child(2)r}]
Capabilities {acceptInsecureCerts: false, browserName: chrome, browserVersion: 124.0.6367.92, chrome: {chromedriverVersion: 124.0.6367.91 (51df0e5e17a8..., userDataDir: C:\Users\PRATHA~1.KUM\AppDa...}, fedcm:accounts: true, goog:chromeOptions: {debuggerAddress: localhost:49451}, networkConnectionEnabled: false, pageLoadStrategy: normal, platformName: WINDOWS, proxy: Proxy(), se:cdp: ws://localhost:49451/devtoo..., se:cdpVersion: 124.0.6367.92, setWindowRect: true, strictFileInteractability: false, timeouts: {implicit: 0, pageLoad: 300000, script: 30000}, unhandledPromptBehavior: dismiss and notify, webauthn:extension:credBlob: true, webauthn:extension:largeBlob: true, webauthn:extension:minPinLength: true, webauthn:extension:prf: true, webauthn:virtualAuthenticators: true}
Session ID: 2cf28825ea7a8a419a5b05b8e5d35d84</small> </font> </div>
<div class="test-event"> <font color="maroon"> <small> &emsp; &emsp;--- 05 May 00:29:37 893 - <b>0</b> - Spinner Load Wait: (Sync) - ICar.support.WaitUtils.waitForSpinner(WaitUtils.java:225)</small> </font> </div>
<div class="test-event"> <font color="maroon"> <small> &emsp; &emsp;--- 05 May 00:29:37 952 - Page URL:: https://www.i-car.com/product/working-safely-around-hazardous-materials</small> </font> </div>
<div class="test-event"> <font color="maroon"> <small> &emsp; &emsp;--- 05 May 00:29:37 952 - <b>0</b> - Page Load Wait: (Sync) - ICar.support.Utils.waitForPageLoad(Utils.java:109)</small> </font> </div>
<div class="test-event"> <font color="maroon"> <small> &emsp; &emsp;--- 05 May 00:29:48 003 - Element is displayed:: [[ChromeDriver: chrome on WINDOWS (2cf28825ea7a8a419a5b05b8e5d35d84)] -> xpath: //div[@class='productDetails slds-p-bottom_large']//div[contains(@class,'slds-p-bottom_medium')]]</small> </font> </div>
<div class="test-message">&emsp;Course Name : WorkingSafelyAroundHazardousMaterials is displayed in the URL page</div>
<div class="test-message">&emsp;Successfully verified the course name for relevant link&emsp;<a href=".\ScreenShot\URL_TC001_2722933629481400.png" target="_blank" >[ScreenShot]</a></div>
<div class="test-message">&emsp;
</div>
<div class="test-message">&emsp;154. URL is : https://www.i-car.com/product/portable-colormatching-lights</div>
<div class="test-event"> <font color="maroon"> <small> &emsp; &emsp;--- 05 May 00:29:57 374 - Page URL:: https://www.i-car.com/product/portable-colormatching-lights</small> </font> </div>
<div class="test-event"> <font color="maroon"> <small> &emsp; &emsp;--- 05 May 00:29:57 375 - <b>0</b> - Page Load Wait: (Sync) - ICar.support.Utils.waitForPageLoad(Utils.java:109)</small> </font> </div>
<div class="test-message">&emsp;Successfully navigated to the :  https://www.i-car.com/product/portable-colormatching-lights   Page&emsp;<a href=".\ScreenShot\URL_TC001_2722934981316000.png" target="_blank" >[ScreenShot]</a></div>
<div class="test-event"> <font color="maroon"> <small> &emsp; &emsp;--- 05 May 00:29:57 665 - Page URL:: https://www.i-car.com/product/portable-colormatching-lights</small> </font> </div>
<div class="test-event"> <font color="maroon"> <small> &emsp; &emsp;--- 05 May 00:29:57 665 - <b>0</b> - Page Load Wait: (Sync) - ICar.support.Utils.waitForPageLoad(Utils.java:109)</small> </font> </div>
<div class="test-event"> <font color="maroon"> <small> &emsp; &emsp;--- 05 May 00:29:57 671 - Catched spinner load exception due to javascript error: {"status":32,"value":"An invalid or illegal selector was specified"}
  (Session info: chrome=124.0.6367.92)
Build info: version: '4.6.0', revision: '79f1c02ae20'
System info: os.name: 'Windows 10', os.arch: 'amd64', os.version: '10.0', java.version: '17.0.7'
Driver info: org.openqa.selenium.chrome.ChromeDriver
Command: [2cf28825ea7a8a419a5b05b8e5d35d84, findElement {using=css selector, value=div[class='slds-spinner slds-spinner_brand slds-spinner_small']>div:nth-child(2)r}]
Capabilities {acceptInsecureCerts: false, browserName: chrome, browserVersion: 124.0.6367.92, chrome: {chromedriverVersion: 124.0.6367.91 (51df0e5e17a8..., userDataDir: C:\Users\PRATHA~1.KUM\AppDa...}, fedcm:accounts: true, goog:chromeOptions: {debuggerAddress: localhost:49451}, networkConnectionEnabled: false, pageLoadStrategy: normal, platformName: WINDOWS, proxy: Proxy(), se:cdp: ws://localhost:49451/devtoo..., se:cdpVersion: 124.0.6367.92, setWindowRect: true, strictFileInteractability: false, timeouts: {implicit: 0, pageLoad: 300000, script: 30000}, unhandledPromptBehavior: dismiss and notify, webauthn:extension:credBlob: true, webauthn:extension:largeBlob: true, webauthn:extension:minPinLength: true, webauthn:extension:prf: true, webauthn:virtualAuthenticators: true}
Session ID: 2cf28825ea7a8a419a5b05b8e5d35d84</small> </font> </div>
<div class="test-event"> <font color="maroon"> <small> &emsp; &emsp;--- 05 May 00:29:57 671 - <b>0</b> - Spinner Load Wait: (Sync) - ICar.support.WaitUtils.waitForSpinner(WaitUtils.java:225)</small> </font> </div>
<div class="test-event"> <font color="maroon"> <small> &emsp; &emsp;--- 05 May 00:30:07 751 - Page URL:: https://www.i-car.com/product/portable-colormatching-lights</small> </font> </div>
<div class="test-event"> <font color="maroon"> <small> &emsp; &emsp;--- 05 May 00:30:07 751 - <b>0</b> - Page Load Wait: (Sync) - ICar.support.Utils.waitForPageLoad(Utils.java:109)</small> </font> </div>
<div class="test-event"> <font color="maroon"> <small> &emsp; &emsp;--- 05 May 00:30:07 767 - Element is displayed:: [[ChromeDriver: chrome on WINDOWS (2cf28825ea7a8a419a5b05b8e5d35d84)] -> xpath: //a[contains(text(),'Back to Courses')]]</small> </font> </div>
<div class="test-event"> <font color="maroon"> <small> &emsp; &emsp;--- 05 May 00:30:14 806 - Catched spinner load exception due to javascript error: {"status":32,"value":"An invalid or illegal selector was specified"}
  (Session info: chrome=124.0.6367.92)
Build info: version: '4.6.0', revision: '79f1c02ae20'
System info: os.name: 'Windows 10', os.arch: 'amd64', os.version: '10.0', java.version: '17.0.7'
Driver info: org.openqa.selenium.chrome.ChromeDriver
Command: [2cf28825ea7a8a419a5b05b8e5d35d84, findElement {using=css selector, value=div[class='slds-spinner slds-spinner_brand slds-spinner_small']>div:nth-child(2)r}]
Capabilities {acceptInsecureCerts: false, browserName: chrome, browserVersion: 124.0.6367.92, chrome: {chromedriverVersion: 124.0.6367.91 (51df0e5e17a8..., userDataDir: C:\Users\PRATHA~1.KUM\AppDa...}, fedcm:accounts: true, goog:chromeOptions: {debuggerAddress: localhost:49451}, networkConnectionEnabled: false, pageLoadStrategy: normal, platformName: WINDOWS, proxy: Proxy(), se:cdp: ws://localhost:49451/devtoo..., se:cdpVersion: 124.0.6367.92, setWindowRect: true, strictFileInteractability: false, timeouts: {implicit: 0, pageLoad: 300000, script: 30000}, unhandledPromptBehavior: dismiss and notify, webauthn:extension:credBlob: true, webauthn:extension:largeBlob: true, webauthn:extension:minPinLength: true, webauthn:extension:prf: true, webauthn:virtualAuthenticators: true}
Session ID: 2cf28825ea7a8a419a5b05b8e5d35d84</small> </font> </div>
<div class="test-event"> <font color="maroon"> <small> &emsp; &emsp;--- 05 May 00:30:14 806 - <b>0</b> - Spinner Load Wait: (Sync) - ICar.support.WaitUtils.waitForSpinner(WaitUtils.java:225)</small> </font> </div>
<div class="test-message">&emsp;Back To Courses is displayed in the page </div>
<div class="test-message">&emsp;Successfully verified Back To Course Link&emsp;<a href=".\ScreenShot\URL_TC001_2722952422498500.png" target="_blank" >[ScreenShot]</a></div>
<div class="test-event"> <font color="maroon"> <small> &emsp; &emsp;--- 05 May 00:30:15 065 - Catched spinner load exception due to javascript error: {"status":32,"value":"An invalid or illegal selector was specified"}
  (Session info: chrome=124.0.6367.92)
Build info: version: '4.6.0', revision: '79f1c02ae20'
System info: os.name: 'Windows 10', os.arch: 'amd64', os.version: '10.0', java.version: '17.0.7'
Driver info: org.openqa.selenium.chrome.ChromeDriver
Command: [2cf28825ea7a8a419a5b05b8e5d35d84, findElement {using=css selector, value=div[class='slds-spinner slds-spinner_brand slds-spinner_small']>div:nth-child(2)r}]
Capabilities {acceptInsecureCerts: false, browserName: chrome, browserVersion: 124.0.6367.92, chrome: {chromedriverVersion: 124.0.6367.91 (51df0e5e17a8..., userDataDir: C:\Users\PRATHA~1.KUM\AppDa...}, fedcm:accounts: true, goog:chromeOptions: {debuggerAddress: localhost:49451}, networkConnectionEnabled: false, pageLoadStrategy: normal, platformName: WINDOWS, proxy: Proxy(), se:cdp: ws://localhost:49451/devtoo..., se:cdpVersion: 124.0.6367.92, setWindowRect: true, strictFileInteractability: false, timeouts: {implicit: 0, pageLoad: 300000, script: 30000}, unhandledPromptBehavior: dismiss and notify, webauthn:extension:credBlob: true, webauthn:extension:largeBlob: true, webauthn:extension:minPinLength: true, webauthn:extension:prf: true, webauthn:virtualAuthenticators: true}
Session ID: 2cf28825ea7a8a419a5b05b8e5d35d84</small> </font> </div>
<div class="test-event"> <font color="maroon"> <small> &emsp; &emsp;--- 05 May 00:30:15 065 - <b>0</b> - Spinner Load Wait: (Sync) - ICar.support.WaitUtils.waitForSpinner(WaitUtils.java:225)</small> </font> </div>
<div class="test-event"> <font color="maroon"> <small> &emsp; &emsp;--- 05 May 00:30:15 129 - Page URL:: https://www.i-car.com/product/portable-colormatching-lights</small> </font> </div>
<div class="test-event"> <font color="maroon"> <small> &emsp; &emsp;--- 05 May 00:30:15 129 - <b>0</b> - Page Load Wait: (Sync) - ICar.support.Utils.waitForPageLoad(Utils.java:109)</small> </font> </div>
<div class="test-event"> <font color="maroon"> <small> &emsp; &emsp;--- 05 May 00:30:25 177 - Element is displayed:: [[ChromeDriver: chrome on WINDOWS (2cf28825ea7a8a419a5b05b8e5d35d84)] -> xpath: //div[@class='productDetails slds-p-bottom_large']//div[contains(@class,'slds-p-bottom_medium')]]</small> </font> </div>
<div class="test-message">&emsp;Course Name : PortableColorMatchingLights is displayed in the URL page</div>
<div class="test-message">&emsp;Successfully verified the course name for relevant link&emsp;<a href=".\ScreenShot\URL_TC001_2722970813938700.png" target="_blank" >[ScreenShot]</a></div>
<div class="test-message">&emsp;
</div>
<div class="test-message">&emsp;155. URL is : https://www.i-car.com/product/random-orbital-sanders</div>
<div class="test-event"> <font color="maroon"> <small> &emsp; &emsp;--- 05 May 00:30:34 385 - Page URL:: https://www.i-car.com/product/random-orbital-sanders</small> </font> </div>
<div class="test-event"> <font color="maroon"> <small> &emsp; &emsp;--- 05 May 00:30:34 386 - <b>0</b> - Page Load Wait: (Sync) - ICar.support.Utils.waitForPageLoad(Utils.java:109)</small> </font> </div>
<div class="test-message">&emsp;Successfully navigated to the :  https://www.i-car.com/product/random-orbital-sanders   Page&emsp;<a href=".\ScreenShot\URL_TC001_2722971993124500.png" target="_blank" >[ScreenShot]</a></div>
<div class="test-event"> <font color="maroon"> <small> &emsp; &emsp;--- 05 May 00:30:34 656 - Page URL:: https://www.i-car.com/product/random-orbital-sanders</small> </font> </div>
<div class="test-event"> <font color="maroon"> <small> &emsp; &emsp;--- 05 May 00:30:34 656 - <b>0</b> - Page Load Wait: (Sync) - ICar.support.Utils.waitForPageLoad(Utils.java:109)</small> </font> </div>
<div class="test-event"> <font color="maroon"> <small> &emsp; &emsp;--- 05 May 00:30:34 665 - Catched spinner load exception due to javascript error: {"status":32,"value":"An invalid or illegal selector was specified"}
  (Session info: chrome=124.0.6367.92)
Build info: version: '4.6.0', revision: '79f1c02ae20'
System info: os.name: 'Windows 10', os.arch: 'amd64', os.version: '10.0', java.version: '17.0.7'
Driver info: org.openqa.selenium.chrome.ChromeDriver
Command: [2cf28825ea7a8a419a5b05b8e5d35d84, findElement {using=css selector, value=div[class='slds-spinner slds-spinner_brand slds-spinner_small']>div:nth-child(2)r}]
Capabilities {acceptInsecureCerts: false, browserName: chrome, browserVersion: 124.0.6367.92, chrome: {chromedriverVersion: 124.0.6367.91 (51df0e5e17a8..., userDataDir: C:\Users\PRATHA~1.KUM\AppDa...}, fedcm:accounts: true, goog:chromeOptions: {debuggerAddress: localhost:49451}, networkConnectionEnabled: false, pageLoadStrategy: normal, platformName: WINDOWS, proxy: Proxy(), se:cdp: ws://localhost:49451/devtoo..., se:cdpVersion: 124.0.6367.92, setWindowRect: true, strictFileInteractability: false, timeouts: {implicit: 0, pageLoad: 300000, script: 30000}, unhandledPromptBehavior: dismiss and notify, webauthn:extension:credBlob: true, webauthn:extension:largeBlob: true, webauthn:extension:minPinLength: true, webauthn:extension:prf: true, webauthn:virtualAuthenticators: true}
Session ID: 2cf28825ea7a8a419a5b05b8e5d35d84</small> </font> </div>
<div class="test-event"> <font color="maroon"> <small> &emsp; &emsp;--- 05 May 00:30:34 665 - <b>0</b> - Spinner Load Wait: (Sync) - ICar.support.WaitUtils.waitForSpinner(WaitUtils.java:225)</small> </font> </div>
<div class="test-event"> <font color="maroon"> <small> &emsp; &emsp;--- 05 May 00:30:44 746 - Page URL:: https://www.i-car.com/product/random-orbital-sanders</small> </font> </div>
<div class="test-event"> <font color="maroon"> <small> &emsp; &emsp;--- 05 May 00:30:44 746 - <b>0</b> - Page Load Wait: (Sync) - ICar.support.Utils.waitForPageLoad(Utils.java:109)</small> </font> </div>
<div class="test-event"> <font color="maroon"> <small> &emsp; &emsp;--- 05 May 00:30:44 765 - Element is displayed:: [[ChromeDriver: chrome on WINDOWS (2cf28825ea7a8a419a5b05b8e5d35d84)] -> xpath: //a[contains(text(),'Back to Courses')]]</small> </font> </div>
<div class="test-event"> <font color="maroon"> <small> &emsp; &emsp;--- 05 May 00:30:51 803 - Catched spinner load exception due to javascript error: {"status":32,"value":"An invalid or illegal selector was specified"}
  (Session info: chrome=124.0.6367.92)
Build info: version: '4.6.0', revision: '79f1c02ae20'
System info: os.name: 'Windows 10', os.arch: 'amd64', os.version: '10.0', java.version: '17.0.7'
Driver info: org.openqa.selenium.chrome.ChromeDriver
Command: [2cf28825ea7a8a419a5b05b8e5d35d84, findElement {using=css selector, value=div[class='slds-spinner slds-spinner_brand slds-spinner_small']>div:nth-child(2)r}]
Capabilities {acceptInsecureCerts: false, browserName: chrome, browserVersion: 124.0.6367.92, chrome: {chromedriverVersion: 124.0.6367.91 (51df0e5e17a8..., userDataDir: C:\Users\PRATHA~1.KUM\AppDa...}, fedcm:accounts: true, goog:chromeOptions: {debuggerAddress: localhost:49451}, networkConnectionEnabled: false, pageLoadStrategy: normal, platformName: WINDOWS, proxy: Proxy(), se:cdp: ws://localhost:49451/devtoo..., se:cdpVersion: 124.0.6367.92, setWindowRect: true, strictFileInteractability: false, timeouts: {implicit: 0, pageLoad: 300000, script: 30000}, unhandledPromptBehavior: dismiss and notify, webauthn:extension:credBlob: true, webauthn:extension:largeBlob: true, webauthn:extension:minPinLength: true, webauthn:extension:prf: true, webauthn:virtualAuthenticators: true}
Session ID: 2cf28825ea7a8a419a5b05b8e5d35d84</small> </font> </div>
<div class="test-event"> <font color="maroon"> <small> &emsp; &emsp;--- 05 May 00:30:51 803 - <b>0</b> - Spinner Load Wait: (Sync) - ICar.support.WaitUtils.waitForSpinner(WaitUtils.java:225)</small> </font> </div>
<div class="test-message">&emsp;Back To Courses is displayed in the page </div>
<div class="test-message">&emsp;Successfully verified Back To Course Link&emsp;<a href=".\ScreenShot\URL_TC001_2722989420435300.png" target="_blank" >[ScreenShot]</a></div>
<div class="test-event"> <font color="maroon"> <small> &emsp; &emsp;--- 05 May 00:30:52 050 - Catched spinner load exception due to javascript error: {"status":32,"value":"An invalid or illegal selector was specified"}
  (Session info: chrome=124.0.6367.92)
Build info: version: '4.6.0', revision: '79f1c02ae20'
System info: os.name: 'Windows 10', os.arch: 'amd64', os.version: '10.0', java.version: '17.0.7'
Driver info: org.openqa.selenium.chrome.ChromeDriver
Command: [2cf28825ea7a8a419a5b05b8e5d35d84, findElement {using=css selector, value=div[class='slds-spinner slds-spinner_brand slds-spinner_small']>div:nth-child(2)r}]
Capabilities {acceptInsecureCerts: false, browserName: chrome, browserVersion: 124.0.6367.92, chrome: {chromedriverVersion: 124.0.6367.91 (51df0e5e17a8..., userDataDir: C:\Users\PRATHA~1.KUM\AppDa...}, fedcm:accounts: true, goog:chromeOptions: {debuggerAddress: localhost:49451}, networkConnectionEnabled: false, pageLoadStrategy: normal, platformName: WINDOWS, proxy: Proxy(), se:cdp: ws://localhost:49451/devtoo..., se:cdpVersion: 124.0.6367.92, setWindowRect: true, strictFileInteractability: false, timeouts: {implicit: 0, pageLoad: 300000, script: 30000}, unhandledPromptBehavior: dismiss and notify, webauthn:extension:credBlob: true, webauthn:extension:largeBlob: true, webauthn:extension:minPinLength: true, webauthn:extension:prf: true, webauthn:virtualAuthenticators: true}
Session ID: 2cf28825ea7a8a419a5b05b8e5d35d84</small> </font> </div>
<div class="test-event"> <font color="maroon"> <small> &emsp; &emsp;--- 05 May 00:30:52 050 - <b>0</b> - Spinner Load Wait: (Sync) - ICar.support.WaitUtils.waitForSpinner(WaitUtils.java:225)</small> </font> </div>
<div class="test-event"> <font color="maroon"> <small> &emsp; &emsp;--- 05 May 00:30:52 112 - Page URL:: https://www.i-car.com/product/random-orbital-sanders</small> </font> </div>
<div class="test-event"> <font color="maroon"> <small> &emsp; &emsp;--- 05 May 00:30:52 112 - <b>0</b> - Page Load Wait: (Sync) - ICar.support.Utils.waitForPageLoad(Utils.java:109)</small> </font> </div>
<div class="test-event"> <font color="maroon"> <small> &emsp; &emsp;--- 05 May 00:31:02 153 - Element is displayed:: [[ChromeDriver: chrome on WINDOWS (2cf28825ea7a8a419a5b05b8e5d35d84)] -> xpath: //div[@class='productDetails slds-p-bottom_large']//div[contains(@class,'slds-p-bottom_medium')]]</small> </font> </div>
<div class="test-message">&emsp;Course Name : RandomOrbitalSanders is displayed in the URL page</div>
<div class="test-message">&emsp;Successfully verified the course name for relevant link&emsp;<a href=".\ScreenShot\URL_TC001_2723007779051800.png" target="_blank" >[ScreenShot]</a></div>
<div class="test-message">&emsp;
</div>
<div class="test-message">&emsp;156. URL is : https://www.i-car.com/product/ford-adas-repair-calibration</div>
<div class="test-event"> <font color="maroon"> <small> &emsp; &emsp;--- 05 May 00:31:11 553 - Page URL:: https://www.i-car.com/product/ford-adas-repair-calibration</small> </font> </div>
<div class="test-event"> <font color="maroon"> <small> &emsp; &emsp;--- 05 May 00:31:11 553 - <b>0</b> - Page Load Wait: (Sync) - ICar.support.Utils.waitForPageLoad(Utils.java:109)</small> </font> </div>
<div class="test-message">&emsp;Successfully navigated to the :  https://www.i-car.com/product/ford-adas-repair-calibration   Page&emsp;<a href=".\ScreenShot\URL_TC001_2723009158807900.png" target="_blank" >[ScreenShot]</a></div>
<div class="test-event"> <font color="maroon"> <small> &emsp; &emsp;--- 05 May 00:31:11 832 - Page URL:: https://www.i-car.com/product/ford-adas-repair-calibration</small> </font> </div>
<div class="test-event"> <font color="maroon"> <small> &emsp; &emsp;--- 05 May 00:31:11 832 - <b>0</b> - Page Load Wait: (Sync) - ICar.support.Utils.waitForPageLoad(Utils.java:109)</small> </font> </div>
<div class="test-event"> <font color="maroon"> <small> &emsp; &emsp;--- 05 May 00:31:11 842 - Catched spinner load exception due to javascript error: {"status":32,"value":"An invalid or illegal selector was specified"}
  (Session info: chrome=124.0.6367.92)
Build info: version: '4.6.0', revision: '79f1c02ae20'
System info: os.name: 'Windows 10', os.arch: 'amd64', os.version: '10.0', java.version: '17.0.7'
Driver info: org.openqa.selenium.chrome.ChromeDriver
Command: [2cf28825ea7a8a419a5b05b8e5d35d84, findElement {using=css selector, value=div[class='slds-spinner slds-spinner_brand slds-spinner_small']>div:nth-child(2)r}]
Capabilities {acceptInsecureCerts: false, browserName: chrome, browserVersion: 124.0.6367.92, chrome: {chromedriverVersion: 124.0.6367.91 (51df0e5e17a8..., userDataDir: C:\Users\PRATHA~1.KUM\AppDa...}, fedcm:accounts: true, goog:chromeOptions: {debuggerAddress: localhost:49451}, networkConnectionEnabled: false, pageLoadStrategy: normal, platformName: WINDOWS, proxy: Proxy(), se:cdp: ws://localhost:49451/devtoo..., se:cdpVersion: 124.0.6367.92, setWindowRect: true, strictFileInteractability: false, timeouts: {implicit: 0, pageLoad: 300000, script: 30000}, unhandledPromptBehavior: dismiss and notify, webauthn:extension:credBlob: true, webauthn:extension:largeBlob: true, webauthn:extension:minPinLength: true, webauthn:extension:prf: true, webauthn:virtualAuthenticators: true}
Session ID: 2cf28825ea7a8a419a5b05b8e5d35d84</small> </font> </div>
<div class="test-event"> <font color="maroon"> <small> &emsp; &emsp;--- 05 May 00:31:11 842 - <b>0</b> - Spinner Load Wait: (Sync) - ICar.support.WaitUtils.waitForSpinner(WaitUtils.java:225)</small> </font> </div>
<div class="test-event"> <font color="maroon"> <small> &emsp; &emsp;--- 05 May 00:31:21 933 - Page URL:: https://www.i-car.com/product/ford-adas-repair-calibration</small> </font> </div>
<div class="test-event"> <font color="maroon"> <small> &emsp; &emsp;--- 05 May 00:31:21 933 - <b>0</b> - Page Load Wait: (Sync) - ICar.support.Utils.waitForPageLoad(Utils.java:109)</small> </font> </div>
<div class="test-event"> <font color="maroon"> <small> &emsp; &emsp;--- 05 May 00:31:21 949 - Element is displayed:: [[ChromeDriver: chrome on WINDOWS (2cf28825ea7a8a419a5b05b8e5d35d84)] -> xpath: //a[contains(text(),'Back to Courses')]]</small> </font> </div>
<div class="test-event"> <font color="maroon"> <small> &emsp; &emsp;--- 05 May 00:31:28 986 - Catched spinner load exception due to javascript error: {"status":32,"value":"An invalid or illegal selector was specified"}
  (Session info: chrome=124.0.6367.92)
Build info: version: '4.6.0', revision: '79f1c02ae20'
System info: os.name: 'Windows 10', os.arch: 'amd64', os.version: '10.0', java.version: '17.0.7'
Driver info: org.openqa.selenium.chrome.ChromeDriver
Command: [2cf28825ea7a8a419a5b05b8e5d35d84, findElement {using=css selector, value=div[class='slds-spinner slds-spinner_brand slds-spinner_small']>div:nth-child(2)r}]
Capabilities {acceptInsecureCerts: false, browserName: chrome, browserVersion: 124.0.6367.92, chrome: {chromedriverVersion: 124.0.6367.91 (51df0e5e17a8..., userDataDir: C:\Users\PRATHA~1.KUM\AppDa...}, fedcm:accounts: true, goog:chromeOptions: {debuggerAddress: localhost:49451}, networkConnectionEnabled: false, pageLoadStrategy: normal, platformName: WINDOWS, proxy: Proxy(), se:cdp: ws://localhost:49451/devtoo..., se:cdpVersion: 124.0.6367.92, setWindowRect: true, strictFileInteractability: false, timeouts: {implicit: 0, pageLoad: 300000, script: 30000}, unhandledPromptBehavior: dismiss and notify, webauthn:extension:credBlob: true, webauthn:extension:largeBlob: true, webauthn:extension:minPinLength: true, webauthn:extension:prf: true, webauthn:virtualAuthenticators: true}
Session ID: 2cf28825ea7a8a419a5b05b8e5d35d84</small> </font> </div>
<div class="test-event"> <font color="maroon"> <small> &emsp; &emsp;--- 05 May 00:31:28 986 - <b>0</b> - Spinner Load Wait: (Sync) - ICar.support.WaitUtils.waitForSpinner(WaitUtils.java:225)</small> </font> </div>
<div class="test-message">&emsp;Back To Courses is displayed in the page </div>
<div class="test-message">&emsp;Successfully verified Back To Course Link&emsp;<a href=".\ScreenShot\URL_TC001_2723026602982500.png" target="_blank" >[ScreenShot]</a></div>
<div class="test-event"> <font color="maroon"> <small> &emsp; &emsp;--- 05 May 00:31:29 220 - Catched spinner load exception due to javascript error: {"status":32,"value":"An invalid or illegal selector was specified"}
  (Session info: chrome=124.0.6367.92)
Build info: version: '4.6.0', revision: '79f1c02ae20'
System info: os.name: 'Windows 10', os.arch: 'amd64', os.version: '10.0', java.version: '17.0.7'
Driver info: org.openqa.selenium.chrome.ChromeDriver
Command: [2cf28825ea7a8a419a5b05b8e5d35d84, findElement {using=css selector, value=div[class='slds-spinner slds-spinner_brand slds-spinner_small']>div:nth-child(2)r}]
Capabilities {acceptInsecureCerts: false, browserName: chrome, browserVersion: 124.0.6367.92, chrome: {chromedriverVersion: 124.0.6367.91 (51df0e5e17a8..., userDataDir: C:\Users\PRATHA~1.KUM\AppDa...}, fedcm:accounts: true, goog:chromeOptions: {debuggerAddress: localhost:49451}, networkConnectionEnabled: false, pageLoadStrategy: normal, platformName: WINDOWS, proxy: Proxy(), se:cdp: ws://localhost:49451/devtoo..., se:cdpVersion: 124.0.6367.92, setWindowRect: true, strictFileInteractability: false, timeouts: {implicit: 0, pageLoad: 300000, script: 30000}, unhandledPromptBehavior: dismiss and notify, webauthn:extension:credBlob: true, webauthn:extension:largeBlob: true, webauthn:extension:minPinLength: true, webauthn:extension:prf: true, webauthn:virtualAuthenticators: true}
Session ID: 2cf28825ea7a8a419a5b05b8e5d35d84</small> </font> </div>
<div class="test-event"> <font color="maroon"> <small> &emsp; &emsp;--- 05 May 00:31:29 220 - <b>0</b> - Spinner Load Wait: (Sync) - ICar.support.WaitUtils.waitForSpinner(WaitUtils.java:225)</small> </font> </div>
<div class="test-event"> <font color="maroon"> <small> &emsp; &emsp;--- 05 May 00:31:29 280 - Page URL:: https://www.i-car.com/product/ford-adas-repair-calibration</small> </font> </div>
<div class="test-event"> <font color="maroon"> <small> &emsp; &emsp;--- 05 May 00:31:29 280 - <b>0</b> - Page Load Wait: (Sync) - ICar.support.Utils.waitForPageLoad(Utils.java:109)</small> </font> </div>
<div class="test-event"> <font color="maroon"> <small> &emsp; &emsp;--- 05 May 00:31:39 322 - Element is displayed:: [[ChromeDriver: chrome on WINDOWS (2cf28825ea7a8a419a5b05b8e5d35d84)] -> xpath: //div[@class='productDetails slds-p-bottom_large']//div[contains(@class,'slds-p-bottom_medium')]]</small> </font> </div>
<div class="test-message">&emsp;Course Name : FordADASRepairCalibration is displayed in the URL page</div>
<div class="test-message">&emsp;Successfully verified the course name for relevant link&emsp;<a href=".\ScreenShot\URL_TC001_2723044957885400.png" target="_blank" >[ScreenShot]</a></div>
<div class="test-message">&emsp;
</div>
<div class="test-message">&emsp;157. URL is : https://www.i-car.com/product/group-14</div>
<div class="test-event"> <font color="maroon"> <small> &emsp; &emsp;--- 05 May 00:31:48 733 - Page URL:: https://www.i-car.com/product/group-14</small> </font> </div>
<div class="test-event"> <font color="maroon"> <small> &emsp; &emsp;--- 05 May 00:31:48 734 - <b>0</b> - Page Load Wait: (Sync) - ICar.support.Utils.waitForPageLoad(Utils.java:109)</small> </font> </div>
<div class="test-message">&emsp;Successfully navigated to the :  https://www.i-car.com/product/group-14   Page&emsp;<a href=".\ScreenShot\URL_TC001_2723046339902700.png" target="_blank" >[ScreenShot]</a></div>
<div class="test-event"> <font color="maroon"> <small> &emsp; &emsp;--- 05 May 00:31:49 012 - Page URL:: https://www.i-car.com/product/group-14</small> </font> </div>
<div class="test-event"> <font color="maroon"> <small> &emsp; &emsp;--- 05 May 00:31:49 012 - <b>0</b> - Page Load Wait: (Sync) - ICar.support.Utils.waitForPageLoad(Utils.java:109)</small> </font> </div>
<div class="test-event"> <font color="maroon"> <small> &emsp; &emsp;--- 05 May 00:31:49 020 - Catched spinner load exception due to javascript error: {"status":32,"value":"An invalid or illegal selector was specified"}
  (Session info: chrome=124.0.6367.92)
Build info: version: '4.6.0', revision: '79f1c02ae20'
System info: os.name: 'Windows 10', os.arch: 'amd64', os.version: '10.0', java.version: '17.0.7'
Driver info: org.openqa.selenium.chrome.ChromeDriver
Command: [2cf28825ea7a8a419a5b05b8e5d35d84, findElement {using=css selector, value=div[class='slds-spinner slds-spinner_brand slds-spinner_small']>div:nth-child(2)r}]
Capabilities {acceptInsecureCerts: false, browserName: chrome, browserVersion: 124.0.6367.92, chrome: {chromedriverVersion: 124.0.6367.91 (51df0e5e17a8..., userDataDir: C:\Users\PRATHA~1.KUM\AppDa...}, fedcm:accounts: true, goog:chromeOptions: {debuggerAddress: localhost:49451}, networkConnectionEnabled: false, pageLoadStrategy: normal, platformName: WINDOWS, proxy: Proxy(), se:cdp: ws://localhost:49451/devtoo..., se:cdpVersion: 124.0.6367.92, setWindowRect: true, strictFileInteractability: false, timeouts: {implicit: 0, pageLoad: 300000, script: 30000}, unhandledPromptBehavior: dismiss and notify, webauthn:extension:credBlob: true, webauthn:extension:largeBlob: true, webauthn:extension:minPinLength: true, webauthn:extension:prf: true, webauthn:virtualAuthenticators: true}
Session ID: 2cf28825ea7a8a419a5b05b8e5d35d84</small> </font> </div>
<div class="test-event"> <font color="maroon"> <small> &emsp; &emsp;--- 05 May 00:31:49 021 - <b>0</b> - Spinner Load Wait: (Sync) - ICar.support.WaitUtils.waitForSpinner(WaitUtils.java:225)</small> </font> </div>
<div class="test-event"> <font color="maroon"> <small> &emsp; &emsp;--- 05 May 00:31:59 137 - Page URL:: https://www.i-car.com/product/group-14</small> </font> </div>
<div class="test-event"> <font color="maroon"> <small> &emsp; &emsp;--- 05 May 00:31:59 137 - <b>0</b> - Page Load Wait: (Sync) - ICar.support.Utils.waitForPageLoad(Utils.java:109)</small> </font> </div>
<div class="test-event"> <font color="maroon"> <small> &emsp; &emsp;--- 05 May 00:31:59 155 - Element is displayed:: [[ChromeDriver: chrome on WINDOWS (2cf28825ea7a8a419a5b05b8e5d35d84)] -> xpath: //a[contains(text(),'Back to Courses')]]</small> </font> </div>
<div class="test-event"> <font color="maroon"> <small> &emsp; &emsp;--- 05 May 00:32:06 195 - Catched spinner load exception due to javascript error: {"status":32,"value":"An invalid or illegal selector was specified"}
  (Session info: chrome=124.0.6367.92)
Build info: version: '4.6.0', revision: '79f1c02ae20'
System info: os.name: 'Windows 10', os.arch: 'amd64', os.version: '10.0', java.version: '17.0.7'
Driver info: org.openqa.selenium.chrome.ChromeDriver
Command: [2cf28825ea7a8a419a5b05b8e5d35d84, findElement {using=css selector, value=div[class='slds-spinner slds-spinner_brand slds-spinner_small']>div:nth-child(2)r}]
Capabilities {acceptInsecureCerts: false, browserName: chrome, browserVersion: 124.0.6367.92, chrome: {chromedriverVersion: 124.0.6367.91 (51df0e5e17a8..., userDataDir: C:\Users\PRATHA~1.KUM\AppDa...}, fedcm:accounts: true, goog:chromeOptions: {debuggerAddress: localhost:49451}, networkConnectionEnabled: false, pageLoadStrategy: normal, platformName: WINDOWS, proxy: Proxy(), se:cdp: ws://localhost:49451/devtoo..., se:cdpVersion: 124.0.6367.92, setWindowRect: true, strictFileInteractability: false, timeouts: {implicit: 0, pageLoad: 300000, script: 30000}, unhandledPromptBehavior: dismiss and notify, webauthn:extension:credBlob: true, webauthn:extension:largeBlob: true, webauthn:extension:minPinLength: true, webauthn:extension:prf: true, webauthn:virtualAuthenticators: true}
Session ID: 2cf28825ea7a8a419a5b05b8e5d35d84</small> </font> </div>
<div class="test-event"> <font color="maroon"> <small> &emsp; &emsp;--- 05 May 00:32:06 195 - <b>0</b> - Spinner Load Wait: (Sync) - ICar.support.WaitUtils.waitForSpinner(WaitUtils.java:225)</small> </font> </div>
<div class="test-message">&emsp;Back To Courses is displayed in the page </div>
<div class="test-message">&emsp;Successfully verified Back To Course Link&emsp;<a href=".\ScreenShot\URL_TC001_2723063815390700.png" target="_blank" >[ScreenShot]</a></div>
<div class="test-event"> <font color="maroon"> <small> &emsp; &emsp;--- 05 May 00:32:06 443 - Catched spinner load exception due to javascript error: {"status":32,"value":"An invalid or illegal selector was specified"}
  (Session info: chrome=124.0.6367.92)
Build info: version: '4.6.0', revision: '79f1c02ae20'
System info: os.name: 'Windows 10', os.arch: 'amd64', os.version: '10.0', java.version: '17.0.7'
Driver info: org.openqa.selenium.chrome.ChromeDriver
Command: [2cf28825ea7a8a419a5b05b8e5d35d84, findElement {using=css selector, value=div[class='slds-spinner slds-spinner_brand slds-spinner_small']>div:nth-child(2)r}]
Capabilities {acceptInsecureCerts: false, browserName: chrome, browserVersion: 124.0.6367.92, chrome: {chromedriverVersion: 124.0.6367.91 (51df0e5e17a8..., userDataDir: C:\Users\PRATHA~1.KUM\AppDa...}, fedcm:accounts: true, goog:chromeOptions: {debuggerAddress: localhost:49451}, networkConnectionEnabled: false, pageLoadStrategy: normal, platformName: WINDOWS, proxy: Proxy(), se:cdp: ws://localhost:49451/devtoo..., se:cdpVersion: 124.0.6367.92, setWindowRect: true, strictFileInteractability: false, timeouts: {implicit: 0, pageLoad: 300000, script: 30000}, unhandledPromptBehavior: dismiss and notify, webauthn:extension:credBlob: true, webauthn:extension:largeBlob: true, webauthn:extension:minPinLength: true, webauthn:extension:prf: true, webauthn:virtualAuthenticators: true}
Session ID: 2cf28825ea7a8a419a5b05b8e5d35d84</small> </font> </div>
<div class="test-event"> <font color="maroon"> <small> &emsp; &emsp;--- 05 May 00:32:06 443 - <b>0</b> - Spinner Load Wait: (Sync) - ICar.support.WaitUtils.waitForSpinner(WaitUtils.java:225)</small> </font> </div>
<div class="test-event"> <font color="maroon"> <small> &emsp; &emsp;--- 05 May 00:32:06 531 - Page URL:: https://www.i-car.com/product/group-14</small> </font> </div>
<div class="test-event"> <font color="maroon"> <small> &emsp; &emsp;--- 05 May 00:32:06 531 - <b>0</b> - Page Load Wait: (Sync) - ICar.support.Utils.waitForPageLoad(Utils.java:109)</small> </font> </div>
<div class="test-event"> <font color="maroon"> <small> &emsp; &emsp;--- 05 May 00:32:16 576 - Element is displayed:: [[ChromeDriver: chrome on WINDOWS (2cf28825ea7a8a419a5b05b8e5d35d84)] -> xpath: //div[@class='productDetails slds-p-bottom_large']//div[contains(@class,'slds-p-bottom_medium')]]</small> </font> </div>
<div class="test-message">&emsp;Course Name : Group14 is displayed in the URL page</div>
<div class="test-message">&emsp;Successfully verified the course name for relevant link&emsp;<a href=".\ScreenShot\URL_TC001_2723082204158400.png" target="_blank" >[ScreenShot]</a></div>
<div class="test-message">&emsp;
</div>
<div class="test-message">&emsp;158. URL is : https://www.i-car.com/product/recertification-steel-gma-welding</div>
<div class="test-event"> <font color="maroon"> <small> &emsp; &emsp;--- 05 May 00:32:25 943 - Page URL:: https://www.i-car.com/product/recertification-steel-gma-welding</small> </font> </div>
<div class="test-event"> <font color="maroon"> <small> &emsp; &emsp;--- 05 May 00:32:25 943 - <b>0</b> - Page Load Wait: (Sync) - ICar.support.Utils.waitForPageLoad(Utils.java:109)</small> </font> </div>
<div class="test-message">&emsp;Successfully navigated to the :  https://www.i-car.com/product/recertification-steel-gma-welding   Page&emsp;<a href=".\ScreenShot\URL_TC001_2723083549841200.png" target="_blank" >[ScreenShot]</a></div>
<div class="test-event"> <font color="maroon"> <small> &emsp; &emsp;--- 05 May 00:32:26 194 - Page URL:: https://www.i-car.com/product/recertification-steel-gma-welding</small> </font> </div>
<div class="test-event"> <font color="maroon"> <small> &emsp; &emsp;--- 05 May 00:32:26 194 - <b>0</b> - Page Load Wait: (Sync) - ICar.support.Utils.waitForPageLoad(Utils.java:109)</small> </font> </div>
<div class="test-event"> <font color="maroon"> <small> &emsp; &emsp;--- 05 May 00:32:26 203 - Catched spinner load exception due to javascript error: {"status":32,"value":"An invalid or illegal selector was specified"}
  (Session info: chrome=124.0.6367.92)
Build info: version: '4.6.0', revision: '79f1c02ae20'
System info: os.name: 'Windows 10', os.arch: 'amd64', os.version: '10.0', java.version: '17.0.7'
Driver info: org.openqa.selenium.chrome.ChromeDriver
Command: [2cf28825ea7a8a419a5b05b8e5d35d84, findElement {using=css selector, value=div[class='slds-spinner slds-spinner_brand slds-spinner_small']>div:nth-child(2)r}]
Capabilities {acceptInsecureCerts: false, browserName: chrome, browserVersion: 124.0.6367.92, chrome: {chromedriverVersion: 124.0.6367.91 (51df0e5e17a8..., userDataDir: C:\Users\PRATHA~1.KUM\AppDa...}, fedcm:accounts: true, goog:chromeOptions: {debuggerAddress: localhost:49451}, networkConnectionEnabled: false, pageLoadStrategy: normal, platformName: WINDOWS, proxy: Proxy(), se:cdp: ws://localhost:49451/devtoo..., se:cdpVersion: 124.0.6367.92, setWindowRect: true, strictFileInteractability: false, timeouts: {implicit: 0, pageLoad: 300000, script: 30000}, unhandledPromptBehavior: dismiss and notify, webauthn:extension:credBlob: true, webauthn:extension:largeBlob: true, webauthn:extension:minPinLength: true, webauthn:extension:prf: true, webauthn:virtualAuthenticators: true}
Session ID: 2cf28825ea7a8a419a5b05b8e5d35d84</small> </font> </div>
<div class="test-event"> <font color="maroon"> <small> &emsp; &emsp;--- 05 May 00:32:26 203 - <b>0</b> - Spinner Load Wait: (Sync) - ICar.support.WaitUtils.waitForSpinner(WaitUtils.java:225)</small> </font> </div>
<div class="test-event"> <font color="maroon"> <small> &emsp; &emsp;--- 05 May 00:32:36 306 - Page URL:: https://www.i-car.com/product/recertification-steel-gma-welding</small> </font> </div>
<div class="test-event"> <font color="maroon"> <small> &emsp; &emsp;--- 05 May 00:32:36 306 - <b>0</b> - Page Load Wait: (Sync) - ICar.support.Utils.waitForPageLoad(Utils.java:109)</small> </font> </div>
<div class="test-event"> <font color="maroon"> <small> &emsp; &emsp;--- 05 May 00:32:36 324 - Element is displayed:: [[ChromeDriver: chrome on WINDOWS (2cf28825ea7a8a419a5b05b8e5d35d84)] -> xpath: //a[contains(text(),'Back to Courses')]]</small> </font> </div>
<div class="test-event"> <font color="maroon"> <small> &emsp; &emsp;--- 05 May 00:32:43 365 - Catched spinner load exception due to javascript error: {"status":32,"value":"An invalid or illegal selector was specified"}
  (Session info: chrome=124.0.6367.92)
Build info: version: '4.6.0', revision: '79f1c02ae20'
System info: os.name: 'Windows 10', os.arch: 'amd64', os.version: '10.0', java.version: '17.0.7'
Driver info: org.openqa.selenium.chrome.ChromeDriver
Command: [2cf28825ea7a8a419a5b05b8e5d35d84, findElement {using=css selector, value=div[class='slds-spinner slds-spinner_brand slds-spinner_small']>div:nth-child(2)r}]
Capabilities {acceptInsecureCerts: false, browserName: chrome, browserVersion: 124.0.6367.92, chrome: {chromedriverVersion: 124.0.6367.91 (51df0e5e17a8..., userDataDir: C:\Users\PRATHA~1.KUM\AppDa...}, fedcm:accounts: true, goog:chromeOptions: {debuggerAddress: localhost:49451}, networkConnectionEnabled: false, pageLoadStrategy: normal, platformName: WINDOWS, proxy: Proxy(), se:cdp: ws://localhost:49451/devtoo..., se:cdpVersion: 124.0.6367.92, setWindowRect: true, strictFileInteractability: false, timeouts: {implicit: 0, pageLoad: 300000, script: 30000}, unhandledPromptBehavior: dismiss and notify, webauthn:extension:credBlob: true, webauthn:extension:largeBlob: true, webauthn:extension:minPinLength: true, webauthn:extension:prf: true, webauthn:virtualAuthenticators: true}
Session ID: 2cf28825ea7a8a419a5b05b8e5d35d84</small> </font> </div>
<div class="test-event"> <font color="maroon"> <small> &emsp; &emsp;--- 05 May 00:32:43 365 - <b>0</b> - Spinner Load Wait: (Sync) - ICar.support.WaitUtils.waitForSpinner(WaitUtils.java:225)</small> </font> </div>
<div class="test-message">&emsp;Back To Courses is displayed in the page </div>
<div class="test-message">&emsp;Successfully verified Back To Course Link&emsp;<a href=".\ScreenShot\URL_TC001_2723100997104100.png" target="_blank" >[ScreenShot]</a></div>
<div class="test-event"> <font color="maroon"> <small> &emsp; &emsp;--- 05 May 00:32:43 640 - Catched spinner load exception due to javascript error: {"status":32,"value":"An invalid or illegal selector was specified"}
  (Session info: chrome=124.0.6367.92)
Build info: version: '4.6.0', revision: '79f1c02ae20'
System info: os.name: 'Windows 10', os.arch: 'amd64', os.version: '10.0', java.version: '17.0.7'
Driver info: org.openqa.selenium.chrome.ChromeDriver
Command: [2cf28825ea7a8a419a5b05b8e5d35d84, findElement {using=css selector, value=div[class='slds-spinner slds-spinner_brand slds-spinner_small']>div:nth-child(2)r}]
Capabilities {acceptInsecureCerts: false, browserName: chrome, browserVersion: 124.0.6367.92, chrome: {chromedriverVersion: 124.0.6367.91 (51df0e5e17a8..., userDataDir: C:\Users\PRATHA~1.KUM\AppDa...}, fedcm:accounts: true, goog:chromeOptions: {debuggerAddress: localhost:49451}, networkConnectionEnabled: false, pageLoadStrategy: normal, platformName: WINDOWS, proxy: Proxy(), se:cdp: ws://localhost:49451/devtoo..., se:cdpVersion: 124.0.6367.92, setWindowRect: true, strictFileInteractability: false, timeouts: {implicit: 0, pageLoad: 300000, script: 30000}, unhandledPromptBehavior: dismiss and notify, webauthn:extension:credBlob: true, webauthn:extension:largeBlob: true, webauthn:extension:minPinLength: true, webauthn:extension:prf: true, webauthn:virtualAuthenticators: true}
Session ID: 2cf28825ea7a8a419a5b05b8e5d35d84</small> </font> </div>
<div class="test-event"> <font color="maroon"> <small> &emsp; &emsp;--- 05 May 00:32:43 640 - <b>0</b> - Spinner Load Wait: (Sync) - ICar.support.WaitUtils.waitForSpinner(WaitUtils.java:225)</small> </font> </div>
<div class="test-event"> <font color="maroon"> <small> &emsp; &emsp;--- 05 May 00:32:43 703 - Page URL:: https://www.i-car.com/product/recertification-steel-gma-welding</small> </font> </div>
<div class="test-event"> <font color="maroon"> <small> &emsp; &emsp;--- 05 May 00:32:43 703 - <b>0</b> - Page Load Wait: (Sync) - ICar.support.Utils.waitForPageLoad(Utils.java:109)</small> </font> </div>
<div class="test-event"> <font color="maroon"> <small> &emsp; &emsp;--- 05 May 00:32:53 756 - Element is displayed:: [[ChromeDriver: chrome on WINDOWS (2cf28825ea7a8a419a5b05b8e5d35d84)] -> xpath: //div[@class='productDetails slds-p-bottom_large']//div[contains(@class,'slds-p-bottom_medium')]]</small> </font> </div>
<div class="test-message">&emsp;Course Name : RecertificationSteelGMAWelding is displayed in the URL page</div>
<div class="test-message">&emsp;Successfully verified the course name for relevant link&emsp;<a href=".\ScreenShot\URL_TC001_2723119382035000.png" target="_blank" >[ScreenShot]</a></div>
<div class="test-message">&emsp;
</div>
<div class="test-message">&emsp;159. URL is : https://www.i-car.com/product/analyzing-flood-damage</div>
<div class="test-event"> <font color="maroon"> <small> &emsp; &emsp;--- 05 May 00:33:02 941 - Page URL:: https://www.i-car.com/product/analyzing-flood-damage</small> </font> </div>
<div class="test-event"> <font color="maroon"> <small> &emsp; &emsp;--- 05 May 00:33:02 941 - <b>0</b> - Page Load Wait: (Sync) - ICar.support.Utils.waitForPageLoad(Utils.java:109)</small> </font> </div>
<div class="test-message">&emsp;Successfully navigated to the :  https://www.i-car.com/product/analyzing-flood-damage   Page&emsp;<a href=".\ScreenShot\URL_TC001_2723120547727400.png" target="_blank" >[ScreenShot]</a></div>
<div class="test-event"> <font color="maroon"> <small> &emsp; &emsp;--- 05 May 00:33:03 228 - Page URL:: https://www.i-car.com/product/analyzing-flood-damage</small> </font> </div>
<div class="test-event"> <font color="maroon"> <small> &emsp; &emsp;--- 05 May 00:33:03 228 - <b>0</b> - Page Load Wait: (Sync) - ICar.support.Utils.waitForPageLoad(Utils.java:109)</small> </font> </div>
<div class="test-event"> <font color="maroon"> <small> &emsp; &emsp;--- 05 May 00:33:03 237 - Catched spinner load exception due to javascript error: {"status":32,"value":"An invalid or illegal selector was specified"}
  (Session info: chrome=124.0.6367.92)
Build info: version: '4.6.0', revision: '79f1c02ae20'
System info: os.name: 'Windows 10', os.arch: 'amd64', os.version: '10.0', java.version: '17.0.7'
Driver info: org.openqa.selenium.chrome.ChromeDriver
Command: [2cf28825ea7a8a419a5b05b8e5d35d84, findElement {using=css selector, value=div[class='slds-spinner slds-spinner_brand slds-spinner_small']>div:nth-child(2)r}]
Capabilities {acceptInsecureCerts: false, browserName: chrome, browserVersion: 124.0.6367.92, chrome: {chromedriverVersion: 124.0.6367.91 (51df0e5e17a8..., userDataDir: C:\Users\PRATHA~1.KUM\AppDa...}, fedcm:accounts: true, goog:chromeOptions: {debuggerAddress: localhost:49451}, networkConnectionEnabled: false, pageLoadStrategy: normal, platformName: WINDOWS, proxy: Proxy(), se:cdp: ws://localhost:49451/devtoo..., se:cdpVersion: 124.0.6367.92, setWindowRect: true, strictFileInteractability: false, timeouts: {implicit: 0, pageLoad: 300000, script: 30000}, unhandledPromptBehavior: dismiss and notify, webauthn:extension:credBlob: true, webauthn:extension:largeBlob: true, webauthn:extension:minPinLength: true, webauthn:extension:prf: true, webauthn:virtualAuthenticators: true}
Session ID: 2cf28825ea7a8a419a5b05b8e5d35d84</small> </font> </div>
<div class="test-event"> <font color="maroon"> <small> &emsp; &emsp;--- 05 May 00:33:03 237 - <b>0</b> - Spinner Load Wait: (Sync) - ICar.support.WaitUtils.waitForSpinner(WaitUtils.java:225)</small> </font> </div>
<div class="test-event"> <font color="maroon"> <small> &emsp; &emsp;--- 05 May 00:33:13 324 - Page URL:: https://www.i-car.com/product/analyzing-flood-damage</small> </font> </div>
<div class="test-event"> <font color="maroon"> <small> &emsp; &emsp;--- 05 May 00:33:13 324 - <b>0</b> - Page Load Wait: (Sync) - ICar.support.Utils.waitForPageLoad(Utils.java:109)</small> </font> </div>
<div class="test-event"> <font color="maroon"> <small> &emsp; &emsp;--- 05 May 00:33:13 342 - Element is displayed:: [[ChromeDriver: chrome on WINDOWS (2cf28825ea7a8a419a5b05b8e5d35d84)] -> xpath: //a[contains(text(),'Back to Courses')]]</small> </font> </div>
<div class="test-event"> <font color="maroon"> <small> &emsp; &emsp;--- 05 May 00:33:20 383 - Catched spinner load exception due to javascript error: {"status":32,"value":"An invalid or illegal selector was specified"}
  (Session info: chrome=124.0.6367.92)
Build info: version: '4.6.0', revision: '79f1c02ae20'
System info: os.name: 'Windows 10', os.arch: 'amd64', os.version: '10.0', java.version: '17.0.7'
Driver info: org.openqa.selenium.chrome.ChromeDriver
Command: [2cf28825ea7a8a419a5b05b8e5d35d84, findElement {using=css selector, value=div[class='slds-spinner slds-spinner_brand slds-spinner_small']>div:nth-child(2)r}]
Capabilities {acceptInsecureCerts: false, browserName: chrome, browserVersion: 124.0.6367.92, chrome: {chromedriverVersion: 124.0.6367.91 (51df0e5e17a8..., userDataDir: C:\Users\PRATHA~1.KUM\AppDa...}, fedcm:accounts: true, goog:chromeOptions: {debuggerAddress: localhost:49451}, networkConnectionEnabled: false, pageLoadStrategy: normal, platformName: WINDOWS, proxy: Proxy(), se:cdp: ws://localhost:49451/devtoo..., se:cdpVersion: 124.0.6367.92, setWindowRect: true, strictFileInteractability: false, timeouts: {implicit: 0, pageLoad: 300000, script: 30000}, unhandledPromptBehavior: dismiss and notify, webauthn:extension:credBlob: true, webauthn:extension:largeBlob: true, webauthn:extension:minPinLength: true, webauthn:extension:prf: true, webauthn:virtualAuthenticators: true}
Session ID: 2cf28825ea7a8a419a5b05b8e5d35d84</small> </font> </div>
<div class="test-event"> <font color="maroon"> <small> &emsp; &emsp;--- 05 May 00:33:20 383 - <b>0</b> - Spinner Load Wait: (Sync) - ICar.support.WaitUtils.waitForSpinner(WaitUtils.java:225)</small> </font> </div>
<div class="test-message">&emsp;Back To Courses is displayed in the page </div>
<div class="test-message">&emsp;Successfully verified Back To Course Link&emsp;<a href=".\ScreenShot\URL_TC001_2723138001510000.png" target="_blank" >[ScreenShot]</a></div>
<div class="test-event"> <font color="maroon"> <small> &emsp; &emsp;--- 05 May 00:33:20 753 - Catched spinner load exception due to javascript error: {"status":32,"value":"An invalid or illegal selector was specified"}
  (Session info: chrome=124.0.6367.92)
Build info: version: '4.6.0', revision: '79f1c02ae20'
System info: os.name: 'Windows 10', os.arch: 'amd64', os.version: '10.0', java.version: '17.0.7'
Driver info: org.openqa.selenium.chrome.ChromeDriver
Command: [2cf28825ea7a8a419a5b05b8e5d35d84, findElement {using=css selector, value=div[class='slds-spinner slds-spinner_brand slds-spinner_small']>div:nth-child(2)r}]
Capabilities {acceptInsecureCerts: false, browserName: chrome, browserVersion: 124.0.6367.92, chrome: {chromedriverVersion: 124.0.6367.91 (51df0e5e17a8..., userDataDir: C:\Users\PRATHA~1.KUM\AppDa...}, fedcm:accounts: true, goog:chromeOptions: {debuggerAddress: localhost:49451}, networkConnectionEnabled: false, pageLoadStrategy: normal, platformName: WINDOWS, proxy: Proxy(), se:cdp: ws://localhost:49451/devtoo..., se:cdpVersion: 124.0.6367.92, setWindowRect: true, strictFileInteractability: false, timeouts: {implicit: 0, pageLoad: 300000, script: 30000}, unhandledPromptBehavior: dismiss and notify, webauthn:extension:credBlob: true, webauthn:extension:largeBlob: true, webauthn:extension:minPinLength: true, webauthn:extension:prf: true, webauthn:virtualAuthenticators: true}
Session ID: 2cf28825ea7a8a419a5b05b8e5d35d84</small> </font> </div>
<div class="test-event"> <font color="maroon"> <small> &emsp; &emsp;--- 05 May 00:33:20 753 - <b>0</b> - Spinner Load Wait: (Sync) - ICar.support.WaitUtils.waitForSpinner(WaitUtils.java:225)</small> </font> </div>
<div class="test-event"> <font color="maroon"> <small> &emsp; &emsp;--- 05 May 00:33:20 856 - Page URL:: https://www.i-car.com/product/analyzing-flood-damage</small> </font> </div>
<div class="test-event"> <font color="maroon"> <small> &emsp; &emsp;--- 05 May 00:33:20 857 - <b>0</b> - Page Load Wait: (Sync) - ICar.support.Utils.waitForPageLoad(Utils.java:109)</small> </font> </div>
<div class="test-event"> <font color="maroon"> <small> &emsp; &emsp;--- 05 May 00:33:30 913 - Element is displayed:: [[ChromeDriver: chrome on WINDOWS (2cf28825ea7a8a419a5b05b8e5d35d84)] -> xpath: //div[@class='productDetails slds-p-bottom_large']//div[contains(@class,'slds-p-bottom_medium')]]</small> </font> </div>
<div class="test-message">&emsp;Course Name : AnalyzingFloodDamage is displayed in the URL page</div>
<div class="test-message">&emsp;Successfully verified the course name for relevant link&emsp;<a href=".\ScreenShot\URL_TC001_2723156545103300.png" target="_blank" >[ScreenShot]</a></div>
<div class="test-message">&emsp;
</div>
<div class="test-message">&emsp;160. URL is : https://www.i-car.com/product/ford-2021-mache-and-new-model-training-overview</div>
<div class="test-event"> <font color="maroon"> <small> &emsp; &emsp;--- 05 May 00:33:42 675 - Page URL:: https://www.i-car.com/product/ford-2021-mache-and-new-model-training-overview</small> </font> </div>
<div class="test-event"> <font color="maroon"> <small> &emsp; &emsp;--- 05 May 00:33:42 675 - <b>0</b> - Page Load Wait: (Sync) - ICar.support.Utils.waitForPageLoad(Utils.java:109)</small> </font> </div>
<div class="test-message">&emsp;Successfully navigated to the :  https://www.i-car.com/product/ford-2021-mache-and-new-model-training-overview   Page&emsp;<a href=".\ScreenShot\URL_TC001_2723160281736700.png" target="_blank" >[ScreenShot]</a></div>
<div class="test-event"> <font color="maroon"> <small> &emsp; &emsp;--- 05 May 00:33:43 003 - Page URL:: https://www.i-car.com/product/ford-2021-mache-and-new-model-training-overview</small> </font> </div>
<div class="test-event"> <font color="maroon"> <small> &emsp; &emsp;--- 05 May 00:33:43 003 - <b>0</b> - Page Load Wait: (Sync) - ICar.support.Utils.waitForPageLoad(Utils.java:109)</small> </font> </div>
<div class="test-event"> <font color="maroon"> <small> &emsp; &emsp;--- 05 May 00:33:43 011 - Catched spinner load exception due to javascript error: {"status":32,"value":"An invalid or illegal selector was specified"}
  (Session info: chrome=124.0.6367.92)
Build info: version: '4.6.0', revision: '79f1c02ae20'
System info: os.name: 'Windows 10', os.arch: 'amd64', os.version: '10.0', java.version: '17.0.7'
Driver info: org.openqa.selenium.chrome.ChromeDriver
Command: [2cf28825ea7a8a419a5b05b8e5d35d84, findElement {using=css selector, value=div[class='slds-spinner slds-spinner_brand slds-spinner_small']>div:nth-child(2)r}]
Capabilities {acceptInsecureCerts: false, browserName: chrome, browserVersion: 124.0.6367.92, chrome: {chromedriverVersion: 124.0.6367.91 (51df0e5e17a8..., userDataDir: C:\Users\PRATHA~1.KUM\AppDa...}, fedcm:accounts: true, goog:chromeOptions: {debuggerAddress: localhost:49451}, networkConnectionEnabled: false, pageLoadStrategy: normal, platformName: WINDOWS, proxy: Proxy(), se:cdp: ws://localhost:49451/devtoo..., se:cdpVersion: 124.0.6367.92, setWindowRect: true, strictFileInteractability: false, timeouts: {implicit: 0, pageLoad: 300000, script: 30000}, unhandledPromptBehavior: dismiss and notify, webauthn:extension:credBlob: true, webauthn:extension:largeBlob: true, webauthn:extension:minPinLength: true, webauthn:extension:prf: true, webauthn:virtualAuthenticators: true}
Session ID: 2cf28825ea7a8a419a5b05b8e5d35d84</small> </font> </div>
<div class="test-event"> <font color="maroon"> <small> &emsp; &emsp;--- 05 May 00:33:43 011 - <b>0</b> - Spinner Load Wait: (Sync) - ICar.support.WaitUtils.waitForSpinner(WaitUtils.java:225)</small> </font> </div>
<div class="test-event"> <font color="maroon"> <small> &emsp; &emsp;--- 05 May 00:33:53 084 - Page URL:: https://www.i-car.com/product/ford-2021-mache-and-new-model-training-overview</small> </font> </div>
<div class="test-event"> <font color="maroon"> <small> &emsp; &emsp;--- 05 May 00:33:53 084 - <b>0</b> - Page Load Wait: (Sync) - ICar.support.Utils.waitForPageLoad(Utils.java:109)</small> </font> </div>
<div class="test-event"> <font color="maroon"> <small> &emsp; &emsp;--- 05 May 00:33:53 102 - Element is displayed:: [[ChromeDriver: chrome on WINDOWS (2cf28825ea7a8a419a5b05b8e5d35d84)] -> xpath: //a[contains(text(),'Back to Courses')]]</small> </font> </div>
<div class="test-event"> <font color="maroon"> <small> &emsp; &emsp;--- 05 May 00:34:00 154 - Catched spinner load exception due to javascript error: {"status":32,"value":"An invalid or illegal selector was specified"}
  (Session info: chrome=124.0.6367.92)
Build info: version: '4.6.0', revision: '79f1c02ae20'
System info: os.name: 'Windows 10', os.arch: 'amd64', os.version: '10.0', java.version: '17.0.7'
Driver info: org.openqa.selenium.chrome.ChromeDriver
Command: [2cf28825ea7a8a419a5b05b8e5d35d84, findElement {using=css selector, value=div[class='slds-spinner slds-spinner_brand slds-spinner_small']>div:nth-child(2)r}]
Capabilities {acceptInsecureCerts: false, browserName: chrome, browserVersion: 124.0.6367.92, chrome: {chromedriverVersion: 124.0.6367.91 (51df0e5e17a8..., userDataDir: C:\Users\PRATHA~1.KUM\AppDa...}, fedcm:accounts: true, goog:chromeOptions: {debuggerAddress: localhost:49451}, networkConnectionEnabled: false, pageLoadStrategy: normal, platformName: WINDOWS, proxy: Proxy(), se:cdp: ws://localhost:49451/devtoo..., se:cdpVersion: 124.0.6367.92, setWindowRect: true, strictFileInteractability: false, timeouts: {implicit: 0, pageLoad: 300000, script: 30000}, unhandledPromptBehavior: dismiss and notify, webauthn:extension:credBlob: true, webauthn:extension:largeBlob: true, webauthn:extension:minPinLength: true, webauthn:extension:prf: true, webauthn:virtualAuthenticators: true}
Session ID: 2cf28825ea7a8a419a5b05b8e5d35d84</small> </font> </div>
<div class="test-event"> <font color="maroon"> <small> &emsp; &emsp;--- 05 May 00:34:00 154 - <b>0</b> - Spinner Load Wait: (Sync) - ICar.support.WaitUtils.waitForSpinner(WaitUtils.java:225)</small> </font> </div>
<div class="test-message">&emsp;Back To Courses is displayed in the page </div>
<div class="test-message">&emsp;Successfully verified Back To Course Link&emsp;<a href=".\ScreenShot\URL_TC001_2723177770207500.png" target="_blank" >[ScreenShot]</a></div>
<div class="test-event"> <font color="maroon"> <small> &emsp; &emsp;--- 05 May 00:34:00 453 - Catched spinner load exception due to javascript error: {"status":32,"value":"An invalid or illegal selector was specified"}
  (Session info: chrome=124.0.6367.92)
Build info: version: '4.6.0', revision: '79f1c02ae20'
System info: os.name: 'Windows 10', os.arch: 'amd64', os.version: '10.0', java.version: '17.0.7'
Driver info: org.openqa.selenium.chrome.ChromeDriver
Command: [2cf28825ea7a8a419a5b05b8e5d35d84, findElement {using=css selector, value=div[class='slds-spinner slds-spinner_brand slds-spinner_small']>div:nth-child(2)r}]
Capabilities {acceptInsecureCerts: false, browserName: chrome, browserVersion: 124.0.6367.92, chrome: {chromedriverVersion: 124.0.6367.91 (51df0e5e17a8..., userDataDir: C:\Users\PRATHA~1.KUM\AppDa...}, fedcm:accounts: true, goog:chromeOptions: {debuggerAddress: localhost:49451}, networkConnectionEnabled: false, pageLoadStrategy: normal, platformName: WINDOWS, proxy: Proxy(), se:cdp: ws://localhost:49451/devtoo..., se:cdpVersion: 124.0.6367.92, setWindowRect: true, strictFileInteractability: false, timeouts: {implicit: 0, pageLoad: 300000, script: 30000}, unhandledPromptBehavior: dismiss and notify, webauthn:extension:credBlob: true, webauthn:extension:largeBlob: true, webauthn:extension:minPinLength: true, webauthn:extension:prf: true, webauthn:virtualAuthenticators: true}
Session ID: 2cf28825ea7a8a419a5b05b8e5d35d84</small> </font> </div>
<div class="test-event"> <font color="maroon"> <small> &emsp; &emsp;--- 05 May 00:34:00 453 - <b>0</b> - Spinner Load Wait: (Sync) - ICar.support.WaitUtils.waitForSpinner(WaitUtils.java:225)</small> </font> </div>
<div class="test-event"> <font color="maroon"> <small> &emsp; &emsp;--- 05 May 00:34:00 512 - Page URL:: https://www.i-car.com/product/ford-2021-mache-and-new-model-training-overview</small> </font> </div>
<div class="test-event"> <font color="maroon"> <small> &emsp; &emsp;--- 05 May 00:34:00 512 - <b>0</b> - Page Load Wait: (Sync) - ICar.support.Utils.waitForPageLoad(Utils.java:109)</small> </font> </div>
<div class="test-event"> <font color="maroon"> <small> &emsp; &emsp;--- 05 May 00:34:10 565 - Element is displayed:: [[ChromeDriver: chrome on WINDOWS (2cf28825ea7a8a419a5b05b8e5d35d84)] -> xpath: //div[@class='productDetails slds-p-bottom_large']//div[contains(@class,'slds-p-bottom_medium')]]</small> </font> </div>
<div class="test-message">&emsp;Course Name : Ford2021MachEandNewModelTrainingOverview is displayed in the URL page</div>
<div class="test-message">&emsp;Successfully verified the course name for relevant link&emsp;<a href=".\ScreenShot\URL_TC001_2723196190933100.png" target="_blank" >[ScreenShot]</a></div>
<div class="test-message">&emsp;
</div>
<div class="test-message">&emsp;161. URL is : https://www.i-car.com/product/damage-analysis-of-lighting-and-vision-assist</div>
<div class="test-event"> <font color="maroon"> <small> &emsp; &emsp;--- 05 May 00:34:19 997 - Page URL:: https://www.i-car.com/product/damage-analysis-of-lighting-and-vision-assist</small> </font> </div>
<div class="test-event"> <font color="maroon"> <small> &emsp; &emsp;--- 05 May 00:34:19 997 - <b>0</b> - Page Load Wait: (Sync) - ICar.support.Utils.waitForPageLoad(Utils.java:109)</small> </font> </div>
<div class="test-message">&emsp;Successfully navigated to the :  https://www.i-car.com/product/damage-analysis-of-lighting-and-vision-assist   Page&emsp;<a href=".\ScreenShot\URL_TC001_2723197602320000.png" target="_blank" >[ScreenShot]</a></div>
<div class="test-event"> <font color="maroon"> <small> &emsp; &emsp;--- 05 May 00:34:20 447 - Page URL:: https://www.i-car.com/product/damage-analysis-of-lighting-and-vision-assist</small> </font> </div>
<div class="test-event"> <font color="maroon"> <small> &emsp; &emsp;--- 05 May 00:34:20 447 - <b>0</b> - Page Load Wait: (Sync) - ICar.support.Utils.waitForPageLoad(Utils.java:109)</small> </font> </div>
<div class="test-event"> <font color="maroon"> <small> &emsp; &emsp;--- 05 May 00:34:20 569 - Catched spinner load exception due to javascript error: {"status":32,"value":"An invalid or illegal selector was specified"}
  (Session info: chrome=124.0.6367.92)
Build info: version: '4.6.0', revision: '79f1c02ae20'
System info: os.name: 'Windows 10', os.arch: 'amd64', os.version: '10.0', java.version: '17.0.7'
Driver info: org.openqa.selenium.chrome.ChromeDriver
Command: [2cf28825ea7a8a419a5b05b8e5d35d84, findElement {using=css selector, value=div[class='slds-spinner slds-spinner_brand slds-spinner_small']>div:nth-child(2)r}]
Capabilities {acceptInsecureCerts: false, browserName: chrome, browserVersion: 124.0.6367.92, chrome: {chromedriverVersion: 124.0.6367.91 (51df0e5e17a8..., userDataDir: C:\Users\PRATHA~1.KUM\AppDa...}, fedcm:accounts: true, goog:chromeOptions: {debuggerAddress: localhost:49451}, networkConnectionEnabled: false, pageLoadStrategy: normal, platformName: WINDOWS, proxy: Proxy(), se:cdp: ws://localhost:49451/devtoo..., se:cdpVersion: 124.0.6367.92, setWindowRect: true, strictFileInteractability: false, timeouts: {implicit: 0, pageLoad: 300000, script: 30000}, unhandledPromptBehavior: dismiss and notify, webauthn:extension:credBlob: true, webauthn:extension:largeBlob: true, webauthn:extension:minPinLength: true, webauthn:extension:prf: true, webauthn:virtualAuthenticators: true}
Session ID: 2cf28825ea7a8a419a5b05b8e5d35d84</small> </font> </div>
<div class="test-event"> <font color="maroon"> <small> &emsp; &emsp;--- 05 May 00:34:20 569 - <b>0</b> - Spinner Load Wait: (Sync) - ICar.support.WaitUtils.waitForSpinner(WaitUtils.java:225)</small> </font> </div>
<div class="test-event"> <font color="maroon"> <small> &emsp; &emsp;--- 05 May 00:34:30 695 - Page URL:: https://www.i-car.com/product/damage-analysis-of-lighting-and-vision-assist</small> </font> </div>
<div class="test-event"> <font color="maroon"> <small> &emsp; &emsp;--- 05 May 00:34:30 695 - <b>0</b> - Page Load Wait: (Sync) - ICar.support.Utils.waitForPageLoad(Utils.java:109)</small> </font> </div>
<div class="test-event"> <font color="maroon"> <small> &emsp; &emsp;--- 05 May 00:34:30 713 - Element is displayed:: [[ChromeDriver: chrome on WINDOWS (2cf28825ea7a8a419a5b05b8e5d35d84)] -> xpath: //a[contains(text(),'Back to Courses')]]</small> </font> </div>
<div class="test-event"> <font color="maroon"> <small> &emsp; &emsp;--- 05 May 00:34:37 765 - Catched spinner load exception due to javascript error: {"status":32,"value":"An invalid or illegal selector was specified"}
  (Session info: chrome=124.0.6367.92)
Build info: version: '4.6.0', revision: '79f1c02ae20'
System info: os.name: 'Windows 10', os.arch: 'amd64', os.version: '10.0', java.version: '17.0.7'
Driver info: org.openqa.selenium.chrome.ChromeDriver
Command: [2cf28825ea7a8a419a5b05b8e5d35d84, findElement {using=css selector, value=div[class='slds-spinner slds-spinner_brand slds-spinner_small']>div:nth-child(2)r}]
Capabilities {acceptInsecureCerts: false, browserName: chrome, browserVersion: 124.0.6367.92, chrome: {chromedriverVersion: 124.0.6367.91 (51df0e5e17a8..., userDataDir: C:\Users\PRATHA~1.KUM\AppDa...}, fedcm:accounts: true, goog:chromeOptions: {debuggerAddress: localhost:49451}, networkConnectionEnabled: false, pageLoadStrategy: normal, platformName: WINDOWS, proxy: Proxy(), se:cdp: ws://localhost:49451/devtoo..., se:cdpVersion: 124.0.6367.92, setWindowRect: true, strictFileInteractability: false, timeouts: {implicit: 0, pageLoad: 300000, script: 30000}, unhandledPromptBehavior: dismiss and notify, webauthn:extension:credBlob: true, webauthn:extension:largeBlob: true, webauthn:extension:minPinLength: true, webauthn:extension:prf: true, webauthn:virtualAuthenticators: true}
Session ID: 2cf28825ea7a8a419a5b05b8e5d35d84</small> </font> </div>
<div class="test-event"> <font color="maroon"> <small> &emsp; &emsp;--- 05 May 00:34:37 765 - <b>0</b> - Spinner Load Wait: (Sync) - ICar.support.WaitUtils.waitForSpinner(WaitUtils.java:225)</small> </font> </div>
<div class="test-message">&emsp;Back To Courses is displayed in the page </div>
<div class="test-message">&emsp;Successfully verified Back To Course Link&emsp;<a href=".\ScreenShot\URL_TC001_2723215390791800.png" target="_blank" >[ScreenShot]</a></div>
<div class="test-event"> <font color="maroon"> <small> &emsp; &emsp;--- 05 May 00:34:38 047 - Catched spinner load exception due to javascript error: {"status":32,"value":"An invalid or illegal selector was specified"}
  (Session info: chrome=124.0.6367.92)
Build info: version: '4.6.0', revision: '79f1c02ae20'
System info: os.name: 'Windows 10', os.arch: 'amd64', os.version: '10.0', java.version: '17.0.7'
Driver info: org.openqa.selenium.chrome.ChromeDriver
Command: [2cf28825ea7a8a419a5b05b8e5d35d84, findElement {using=css selector, value=div[class='slds-spinner slds-spinner_brand slds-spinner_small']>div:nth-child(2)r}]
Capabilities {acceptInsecureCerts: false, browserName: chrome, browserVersion: 124.0.6367.92, chrome: {chromedriverVersion: 124.0.6367.91 (51df0e5e17a8..., userDataDir: C:\Users\PRATHA~1.KUM\AppDa...}, fedcm:accounts: true, goog:chromeOptions: {debuggerAddress: localhost:49451}, networkConnectionEnabled: false, pageLoadStrategy: normal, platformName: WINDOWS, proxy: Proxy(), se:cdp: ws://localhost:49451/devtoo..., se:cdpVersion: 124.0.6367.92, setWindowRect: true, strictFileInteractability: false, timeouts: {implicit: 0, pageLoad: 300000, script: 30000}, unhandledPromptBehavior: dismiss and notify, webauthn:extension:credBlob: true, webauthn:extension:largeBlob: true, webauthn:extension:minPinLength: true, webauthn:extension:prf: true, webauthn:virtualAuthenticators: true}
Session ID: 2cf28825ea7a8a419a5b05b8e5d35d84</small> </font> </div>
<div class="test-event"> <font color="maroon"> <small> &emsp; &emsp;--- 05 May 00:34:38 047 - <b>0</b> - Spinner Load Wait: (Sync) - ICar.support.WaitUtils.waitForSpinner(WaitUtils.java:225)</small> </font> </div>
<div class="test-event"> <font color="maroon"> <small> &emsp; &emsp;--- 05 May 00:34:38 108 - Page URL:: https://www.i-car.com/product/damage-analysis-of-lighting-and-vision-assist</small> </font> </div>
<div class="test-event"> <font color="maroon"> <small> &emsp; &emsp;--- 05 May 00:34:38 109 - <b>0</b> - Page Load Wait: (Sync) - ICar.support.Utils.waitForPageLoad(Utils.java:109)</small> </font> </div>
<div class="test-event"> <font color="maroon"> <small> &emsp; &emsp;--- 05 May 00:34:48 164 - Element is displayed:: [[ChromeDriver: chrome on WINDOWS (2cf28825ea7a8a419a5b05b8e5d35d84)] -> xpath: //div[@class='productDetails slds-p-bottom_large']//div[contains(@class,'slds-p-bottom_medium')]]</small> </font> </div>
<div class="test-message">&emsp;Course Name : DamageAnalysisofLightingandVisionAssist is displayed in the URL page</div>
<div class="test-message">&emsp;Successfully verified the course name for relevant link&emsp;<a href=".\ScreenShot\URL_TC001_2723233788767600.png" target="_blank" >[ScreenShot]</a></div>
<div class="test-message">&emsp;
</div>
<div class="test-message">&emsp;162. URL is : https://www.i-car.com/product/honda-hrv-2022-electromechanical-repairs</div>
<div class="test-event"> <font color="maroon"> <small> &emsp; &emsp;--- 05 May 00:34:57 721 - Page URL:: https://www.i-car.com/product/honda-hrv-2022-electromechanical-repairs</small> </font> </div>
<div class="test-event"> <font color="maroon"> <small> &emsp; &emsp;--- 05 May 00:34:57 722 - <b>0</b> - Page Load Wait: (Sync) - ICar.support.Utils.waitForPageLoad(Utils.java:109)</small> </font> </div>
<div class="test-message">&emsp;Successfully navigated to the :  https://www.i-car.com/product/honda-hrv-2022-electromechanical-repairs   Page&emsp;<a href=".\ScreenShot\URL_TC001_2723235326768800.png" target="_blank" >[ScreenShot]</a></div>
<div class="test-event"> <font color="maroon"> <small> &emsp; &emsp;--- 05 May 00:34:58 102 - Page URL:: https://www.i-car.com/product/honda-hrv-2022-electromechanical-repairs</small> </font> </div>
<div class="test-event"> <font color="maroon"> <small> &emsp; &emsp;--- 05 May 00:34:58 102 - <b>0</b> - Page Load Wait: (Sync) - ICar.support.Utils.waitForPageLoad(Utils.java:109)</small> </font> </div>
<div class="test-event"> <font color="maroon"> <small> &emsp; &emsp;--- 05 May 00:34:58 111 - Catched spinner load exception due to javascript error: {"status":32,"value":"An invalid or illegal selector was specified"}
  (Session info: chrome=124.0.6367.92)
Build info: version: '4.6.0', revision: '79f1c02ae20'
System info: os.name: 'Windows 10', os.arch: 'amd64', os.version: '10.0', java.version: '17.0.7'
Driver info: org.openqa.selenium.chrome.ChromeDriver
Command: [2cf28825ea7a8a419a5b05b8e5d35d84, findElement {using=css selector, value=div[class='slds-spinner slds-spinner_brand slds-spinner_small']>div:nth-child(2)r}]
Capabilities {acceptInsecureCerts: false, browserName: chrome, browserVersion: 124.0.6367.92, chrome: {chromedriverVersion: 124.0.6367.91 (51df0e5e17a8..., userDataDir: C:\Users\PRATHA~1.KUM\AppDa...}, fedcm:accounts: true, goog:chromeOptions: {debuggerAddress: localhost:49451}, networkConnectionEnabled: false, pageLoadStrategy: normal, platformName: WINDOWS, proxy: Proxy(), se:cdp: ws://localhost:49451/devtoo..., se:cdpVersion: 124.0.6367.92, setWindowRect: true, strictFileInteractability: false, timeouts: {implicit: 0, pageLoad: 300000, script: 30000}, unhandledPromptBehavior: dismiss and notify, webauthn:extension:credBlob: true, webauthn:extension:largeBlob: true, webauthn:extension:minPinLength: true, webauthn:extension:prf: true, webauthn:virtualAuthenticators: true}
Session ID: 2cf28825ea7a8a419a5b05b8e5d35d84</small> </font> </div>
<div class="test-event"> <font color="maroon"> <small> &emsp; &emsp;--- 05 May 00:34:58 111 - <b>0</b> - Spinner Load Wait: (Sync) - ICar.support.WaitUtils.waitForSpinner(WaitUtils.java:225)</small> </font> </div>
<div class="test-event"> <font color="maroon"> <small> &emsp; &emsp;--- 05 May 00:35:08 186 - Page URL:: https://www.i-car.com/product/honda-hrv-2022-electromechanical-repairs</small> </font> </div>
<div class="test-event"> <font color="maroon"> <small> &emsp; &emsp;--- 05 May 00:35:08 186 - <b>0</b> - Page Load Wait: (Sync) - ICar.support.Utils.waitForPageLoad(Utils.java:109)</small> </font> </div>
<div class="test-event"> <font color="maroon"> <small> &emsp; &emsp;--- 05 May 00:35:08 202 - Element is displayed:: [[ChromeDriver: chrome on WINDOWS (2cf28825ea7a8a419a5b05b8e5d35d84)] -> xpath: //a[contains(text(),'Back to Courses')]]</small> </font> </div>
<div class="test-event"> <font color="maroon"> <small> &emsp; &emsp;--- 05 May 00:35:15 230 - Catched spinner load exception due to javascript error: {"status":32,"value":"An invalid or illegal selector was specified"}
  (Session info: chrome=124.0.6367.92)
Build info: version: '4.6.0', revision: '79f1c02ae20'
System info: os.name: 'Windows 10', os.arch: 'amd64', os.version: '10.0', java.version: '17.0.7'
Driver info: org.openqa.selenium.chrome.ChromeDriver
Command: [2cf28825ea7a8a419a5b05b8e5d35d84, findElement {using=css selector, value=div[class='slds-spinner slds-spinner_brand slds-spinner_small']>div:nth-child(2)r}]
Capabilities {acceptInsecureCerts: false, browserName: chrome, browserVersion: 124.0.6367.92, chrome: {chromedriverVersion: 124.0.6367.91 (51df0e5e17a8..., userDataDir: C:\Users\PRATHA~1.KUM\AppDa...}, fedcm:accounts: true, goog:chromeOptions: {debuggerAddress: localhost:49451}, networkConnectionEnabled: false, pageLoadStrategy: normal, platformName: WINDOWS, proxy: Proxy(), se:cdp: ws://localhost:49451/devtoo..., se:cdpVersion: 124.0.6367.92, setWindowRect: true, strictFileInteractability: false, timeouts: {implicit: 0, pageLoad: 300000, script: 30000}, unhandledPromptBehavior: dismiss and notify, webauthn:extension:credBlob: true, webauthn:extension:largeBlob: true, webauthn:extension:minPinLength: true, webauthn:extension:prf: true, webauthn:virtualAuthenticators: true}
Session ID: 2cf28825ea7a8a419a5b05b8e5d35d84</small> </font> </div>
<div class="test-event"> <font color="maroon"> <small> &emsp; &emsp;--- 05 May 00:35:15 230 - <b>0</b> - Spinner Load Wait: (Sync) - ICar.support.WaitUtils.waitForSpinner(WaitUtils.java:225)</small> </font> </div>
<div class="test-message">&emsp;Back To Courses is displayed in the page </div>
<div class="test-message">&emsp;Successfully verified Back To Course Link&emsp;<a href=".\ScreenShot\URL_TC001_2723252847097000.png" target="_blank" >[ScreenShot]</a></div>
<div class="test-event"> <font color="maroon"> <small> &emsp; &emsp;--- 05 May 00:35:15 472 - Catched spinner load exception due to javascript error: {"status":32,"value":"An invalid or illegal selector was specified"}
  (Session info: chrome=124.0.6367.92)
Build info: version: '4.6.0', revision: '79f1c02ae20'
System info: os.name: 'Windows 10', os.arch: 'amd64', os.version: '10.0', java.version: '17.0.7'
Driver info: org.openqa.selenium.chrome.ChromeDriver
Command: [2cf28825ea7a8a419a5b05b8e5d35d84, findElement {using=css selector, value=div[class='slds-spinner slds-spinner_brand slds-spinner_small']>div:nth-child(2)r}]
Capabilities {acceptInsecureCerts: false, browserName: chrome, browserVersion: 124.0.6367.92, chrome: {chromedriverVersion: 124.0.6367.91 (51df0e5e17a8..., userDataDir: C:\Users\PRATHA~1.KUM\AppDa...}, fedcm:accounts: true, goog:chromeOptions: {debuggerAddress: localhost:49451}, networkConnectionEnabled: false, pageLoadStrategy: normal, platformName: WINDOWS, proxy: Proxy(), se:cdp: ws://localhost:49451/devtoo..., se:cdpVersion: 124.0.6367.92, setWindowRect: true, strictFileInteractability: false, timeouts: {implicit: 0, pageLoad: 300000, script: 30000}, unhandledPromptBehavior: dismiss and notify, webauthn:extension:credBlob: true, webauthn:extension:largeBlob: true, webauthn:extension:minPinLength: true, webauthn:extension:prf: true, webauthn:virtualAuthenticators: true}
Session ID: 2cf28825ea7a8a419a5b05b8e5d35d84</small> </font> </div>
<div class="test-event"> <font color="maroon"> <small> &emsp; &emsp;--- 05 May 00:35:15 472 - <b>0</b> - Spinner Load Wait: (Sync) - ICar.support.WaitUtils.waitForSpinner(WaitUtils.java:225)</small> </font> </div>
<div class="test-event"> <font color="maroon"> <small> &emsp; &emsp;--- 05 May 00:35:15 536 - Page URL:: https://www.i-car.com/product/honda-hrv-2022-electromechanical-repairs</small> </font> </div>
<div class="test-event"> <font color="maroon"> <small> &emsp; &emsp;--- 05 May 00:35:15 536 - <b>0</b> - Page Load Wait: (Sync) - ICar.support.Utils.waitForPageLoad(Utils.java:109)</small> </font> </div>
<div class="test-event"> <font color="maroon"> <small> &emsp; &emsp;--- 05 May 00:35:25 590 - Element is displayed:: [[ChromeDriver: chrome on WINDOWS (2cf28825ea7a8a419a5b05b8e5d35d84)] -> xpath: //div[@class='productDetails slds-p-bottom_large']//div[contains(@class,'slds-p-bottom_medium')]]</small> </font> </div>
<div class="test-message">&emsp;Course Name : HondaHRV2022ElectromechanicalRepairs is displayed in the URL page</div>
<div class="test-message">&emsp;Successfully verified the course name for relevant link&emsp;<a href=".\ScreenShot\URL_TC001_2723271219490200.png" target="_blank" >[ScreenShot]</a></div>
<div class="test-message">&emsp;
</div>
<div class="test-message">&emsp;163. URL is : https://www.i-car.com/product/quality-control-for-the-apda</div>
<div class="test-event"> <font color="maroon"> <small> &emsp; &emsp;--- 05 May 00:35:34 719 - Page URL:: https://www.i-car.com/product/quality-control-for-the-apda</small> </font> </div>
<div class="test-event"> <font color="maroon"> <small> &emsp; &emsp;--- 05 May 00:35:34 719 - <b>0</b> - Page Load Wait: (Sync) - ICar.support.Utils.waitForPageLoad(Utils.java:109)</small> </font> </div>
<div class="test-message">&emsp;Successfully navigated to the :  https://www.i-car.com/product/quality-control-for-the-apda   Page&emsp;<a href=".\ScreenShot\URL_TC001_2723272324789800.png" target="_blank" >[ScreenShot]</a></div>
<div class="test-event"> <font color="maroon"> <small> &emsp; &emsp;--- 05 May 00:35:35 011 - Page URL:: https://www.i-car.com/product/quality-control-for-the-apda</small> </font> </div>
<div class="test-event"> <font color="maroon"> <small> &emsp; &emsp;--- 05 May 00:35:35 011 - <b>0</b> - Page Load Wait: (Sync) - ICar.support.Utils.waitForPageLoad(Utils.java:109)</small> </font> </div>
<div class="test-event"> <font color="maroon"> <small> &emsp; &emsp;--- 05 May 00:35:35 019 - Catched spinner load exception due to javascript error: {"status":32,"value":"An invalid or illegal selector was specified"}
  (Session info: chrome=124.0.6367.92)
Build info: version: '4.6.0', revision: '79f1c02ae20'
System info: os.name: 'Windows 10', os.arch: 'amd64', os.version: '10.0', java.version: '17.0.7'
Driver info: org.openqa.selenium.chrome.ChromeDriver
Command: [2cf28825ea7a8a419a5b05b8e5d35d84, findElement {using=css selector, value=div[class='slds-spinner slds-spinner_brand slds-spinner_small']>div:nth-child(2)r}]
Capabilities {acceptInsecureCerts: false, browserName: chrome, browserVersion: 124.0.6367.92, chrome: {chromedriverVersion: 124.0.6367.91 (51df0e5e17a8..., userDataDir: C:\Users\PRATHA~1.KUM\AppDa...}, fedcm:accounts: true, goog:chromeOptions: {debuggerAddress: localhost:49451}, networkConnectionEnabled: false, pageLoadStrategy: normal, platformName: WINDOWS, proxy: Proxy(), se:cdp: ws://localhost:49451/devtoo..., se:cdpVersion: 124.0.6367.92, setWindowRect: true, strictFileInteractability: false, timeouts: {implicit: 0, pageLoad: 300000, script: 30000}, unhandledPromptBehavior: dismiss and notify, webauthn:extension:credBlob: true, webauthn:extension:largeBlob: true, webauthn:extension:minPinLength: true, webauthn:extension:prf: true, webauthn:virtualAuthenticators: true}
Session ID: 2cf28825ea7a8a419a5b05b8e5d35d84</small> </font> </div>
<div class="test-event"> <font color="maroon"> <small> &emsp; &emsp;--- 05 May 00:35:35 019 - <b>0</b> - Spinner Load Wait: (Sync) - ICar.support.WaitUtils.waitForSpinner(WaitUtils.java:225)</small> </font> </div>
<div class="test-event"> <font color="maroon"> <small> &emsp; &emsp;--- 05 May 00:35:45 147 - Page URL:: https://www.i-car.com/product/quality-control-for-the-apda</small> </font> </div>
<div class="test-event"> <font color="maroon"> <small> &emsp; &emsp;--- 05 May 00:35:45 147 - <b>0</b> - Page Load Wait: (Sync) - ICar.support.Utils.waitForPageLoad(Utils.java:109)</small> </font> </div>
<div class="test-event"> <font color="maroon"> <small> &emsp; &emsp;--- 05 May 00:35:45 164 - Element is displayed:: [[ChromeDriver: chrome on WINDOWS (2cf28825ea7a8a419a5b05b8e5d35d84)] -> xpath: //a[contains(text(),'Back to Courses')]]</small> </font> </div>
<div class="test-event"> <font color="maroon"> <small> &emsp; &emsp;--- 05 May 00:35:52 201 - Catched spinner load exception due to javascript error: {"status":32,"value":"An invalid or illegal selector was specified"}
  (Session info: chrome=124.0.6367.92)
Build info: version: '4.6.0', revision: '79f1c02ae20'
System info: os.name: 'Windows 10', os.arch: 'amd64', os.version: '10.0', java.version: '17.0.7'
Driver info: org.openqa.selenium.chrome.ChromeDriver
Command: [2cf28825ea7a8a419a5b05b8e5d35d84, findElement {using=css selector, value=div[class='slds-spinner slds-spinner_brand slds-spinner_small']>div:nth-child(2)r}]
Capabilities {acceptInsecureCerts: false, browserName: chrome, browserVersion: 124.0.6367.92, chrome: {chromedriverVersion: 124.0.6367.91 (51df0e5e17a8..., userDataDir: C:\Users\PRATHA~1.KUM\AppDa...}, fedcm:accounts: true, goog:chromeOptions: {debuggerAddress: localhost:49451}, networkConnectionEnabled: false, pageLoadStrategy: normal, platformName: WINDOWS, proxy: Proxy(), se:cdp: ws://localhost:49451/devtoo..., se:cdpVersion: 124.0.6367.92, setWindowRect: true, strictFileInteractability: false, timeouts: {implicit: 0, pageLoad: 300000, script: 30000}, unhandledPromptBehavior: dismiss and notify, webauthn:extension:credBlob: true, webauthn:extension:largeBlob: true, webauthn:extension:minPinLength: true, webauthn:extension:prf: true, webauthn:virtualAuthenticators: true}
Session ID: 2cf28825ea7a8a419a5b05b8e5d35d84</small> </font> </div>
<div class="test-event"> <font color="maroon"> <small> &emsp; &emsp;--- 05 May 00:35:52 201 - <b>0</b> - Spinner Load Wait: (Sync) - ICar.support.WaitUtils.waitForSpinner(WaitUtils.java:225)</small> </font> </div>
<div class="test-message">&emsp;Back To Courses is displayed in the page </div>
<div class="test-message">&emsp;Successfully verified Back To Course Link&emsp;<a href=".\ScreenShot\URL_TC001_2723289817496600.png" target="_blank" >[ScreenShot]</a></div>
<div class="test-event"> <font color="maroon"> <small> &emsp; &emsp;--- 05 May 00:35:52 456 - Catched spinner load exception due to javascript error: {"status":32,"value":"An invalid or illegal selector was specified"}
  (Session info: chrome=124.0.6367.92)
Build info: version: '4.6.0', revision: '79f1c02ae20'
System info: os.name: 'Windows 10', os.arch: 'amd64', os.version: '10.0', java.version: '17.0.7'
Driver info: org.openqa.selenium.chrome.ChromeDriver
Command: [2cf28825ea7a8a419a5b05b8e5d35d84, findElement {using=css selector, value=div[class='slds-spinner slds-spinner_brand slds-spinner_small']>div:nth-child(2)r}]
Capabilities {acceptInsecureCerts: false, browserName: chrome, browserVersion: 124.0.6367.92, chrome: {chromedriverVersion: 124.0.6367.91 (51df0e5e17a8..., userDataDir: C:\Users\PRATHA~1.KUM\AppDa...}, fedcm:accounts: true, goog:chromeOptions: {debuggerAddress: localhost:49451}, networkConnectionEnabled: false, pageLoadStrategy: normal, platformName: WINDOWS, proxy: Proxy(), se:cdp: ws://localhost:49451/devtoo..., se:cdpVersion: 124.0.6367.92, setWindowRect: true, strictFileInteractability: false, timeouts: {implicit: 0, pageLoad: 300000, script: 30000}, unhandledPromptBehavior: dismiss and notify, webauthn:extension:credBlob: true, webauthn:extension:largeBlob: true, webauthn:extension:minPinLength: true, webauthn:extension:prf: true, webauthn:virtualAuthenticators: true}
Session ID: 2cf28825ea7a8a419a5b05b8e5d35d84</small> </font> </div>
<div class="test-event"> <font color="maroon"> <small> &emsp; &emsp;--- 05 May 00:35:52 457 - <b>0</b> - Spinner Load Wait: (Sync) - ICar.support.WaitUtils.waitForSpinner(WaitUtils.java:225)</small> </font> </div>
<div class="test-event"> <font color="maroon"> <small> &emsp; &emsp;--- 05 May 00:35:52 573 - Page URL:: https://www.i-car.com/product/quality-control-for-the-apda</small> </font> </div>
<div class="test-event"> <font color="maroon"> <small> &emsp; &emsp;--- 05 May 00:35:52 573 - <b>0</b> - Page Load Wait: (Sync) - ICar.support.Utils.waitForPageLoad(Utils.java:109)</small> </font> </div>
<div class="test-event"> <font color="maroon"> <small> &emsp; &emsp;--- 05 May 00:36:02 613 - Element is displayed:: [[ChromeDriver: chrome on WINDOWS (2cf28825ea7a8a419a5b05b8e5d35d84)] -> xpath: //div[@class='productDetails slds-p-bottom_large']//div[contains(@class,'slds-p-bottom_medium')]]</small> </font> </div>
<div class="test-message">&emsp;Course Name : QualityControlfortheAPDA is displayed in the URL page</div>
<div class="test-message">&emsp;Successfully verified the course name for relevant link&emsp;<a href=".\ScreenShot\URL_TC001_2723308243642000.png" target="_blank" >[ScreenShot]</a></div>
<div class="test-message">&emsp;
</div>
<div class="test-message">&emsp;164. URL is : https://www.i-car.com/product/ford-service-information-navigation-for-collision-repair</div>
<div class="test-event"> <font color="maroon"> <small> &emsp; &emsp;--- 05 May 00:36:11 751 - Page URL:: https://www.i-car.com/product/ford-service-information-navigation-for-collision-repair</small> </font> </div>
<div class="test-event"> <font color="maroon"> <small> &emsp; &emsp;--- 05 May 00:36:11 751 - <b>0</b> - Page Load Wait: (Sync) - ICar.support.Utils.waitForPageLoad(Utils.java:109)</small> </font> </div>
<div class="test-message">&emsp;Successfully navigated to the :  https://www.i-car.com/product/ford-service-information-navigation-for-collision-repair   Page&emsp;<a href=".\ScreenShot\URL_TC001_2723309356788500.png" target="_blank" >[ScreenShot]</a></div>
<div class="test-event"> <font color="maroon"> <small> &emsp; &emsp;--- 05 May 00:36:12 023 - Page URL:: https://www.i-car.com/product/ford-service-information-navigation-for-collision-repair</small> </font> </div>
<div class="test-event"> <font color="maroon"> <small> &emsp; &emsp;--- 05 May 00:36:12 023 - <b>0</b> - Page Load Wait: (Sync) - ICar.support.Utils.waitForPageLoad(Utils.java:109)</small> </font> </div>
<div class="test-event"> <font color="maroon"> <small> &emsp; &emsp;--- 05 May 00:36:12 032 - Catched spinner load exception due to javascript error: {"status":32,"value":"An invalid or illegal selector was specified"}
  (Session info: chrome=124.0.6367.92)
Build info: version: '4.6.0', revision: '79f1c02ae20'
System info: os.name: 'Windows 10', os.arch: 'amd64', os.version: '10.0', java.version: '17.0.7'
Driver info: org.openqa.selenium.chrome.ChromeDriver
Command: [2cf28825ea7a8a419a5b05b8e5d35d84, findElement {using=css selector, value=div[class='slds-spinner slds-spinner_brand slds-spinner_small']>div:nth-child(2)r}]
Capabilities {acceptInsecureCerts: false, browserName: chrome, browserVersion: 124.0.6367.92, chrome: {chromedriverVersion: 124.0.6367.91 (51df0e5e17a8..., userDataDir: C:\Users\PRATHA~1.KUM\AppDa...}, fedcm:accounts: true, goog:chromeOptions: {debuggerAddress: localhost:49451}, networkConnectionEnabled: false, pageLoadStrategy: normal, platformName: WINDOWS, proxy: Proxy(), se:cdp: ws://localhost:49451/devtoo..., se:cdpVersion: 124.0.6367.92, setWindowRect: true, strictFileInteractability: false, timeouts: {implicit: 0, pageLoad: 300000, script: 30000}, unhandledPromptBehavior: dismiss and notify, webauthn:extension:credBlob: true, webauthn:extension:largeBlob: true, webauthn:extension:minPinLength: true, webauthn:extension:prf: true, webauthn:virtualAuthenticators: true}
Session ID: 2cf28825ea7a8a419a5b05b8e5d35d84</small> </font> </div>
<div class="test-event"> <font color="maroon"> <small> &emsp; &emsp;--- 05 May 00:36:12 032 - <b>0</b> - Spinner Load Wait: (Sync) - ICar.support.WaitUtils.waitForSpinner(WaitUtils.java:225)</small> </font> </div>
<div class="test-event"> <font color="maroon"> <small> &emsp; &emsp;--- 05 May 00:36:22 112 - Page URL:: https://www.i-car.com/product/ford-service-information-navigation-for-collision-repair</small> </font> </div>
<div class="test-event"> <font color="maroon"> <small> &emsp; &emsp;--- 05 May 00:36:22 112 - <b>0</b> - Page Load Wait: (Sync) - ICar.support.Utils.waitForPageLoad(Utils.java:109)</small> </font> </div>
<div class="test-event"> <font color="maroon"> <small> &emsp; &emsp;--- 05 May 00:36:22 130 - Element is displayed:: [[ChromeDriver: chrome on WINDOWS (2cf28825ea7a8a419a5b05b8e5d35d84)] -> xpath: //a[contains(text(),'Back to Courses')]]</small> </font> </div>
<div class="test-event"> <font color="maroon"> <small> &emsp; &emsp;--- 05 May 00:36:29 149 - Catched spinner load exception due to javascript error: {"status":32,"value":"An invalid or illegal selector was specified"}
  (Session info: chrome=124.0.6367.92)
Build info: version: '4.6.0', revision: '79f1c02ae20'
System info: os.name: 'Windows 10', os.arch: 'amd64', os.version: '10.0', java.version: '17.0.7'
Driver info: org.openqa.selenium.chrome.ChromeDriver
Command: [2cf28825ea7a8a419a5b05b8e5d35d84, findElement {using=css selector, value=div[class='slds-spinner slds-spinner_brand slds-spinner_small']>div:nth-child(2)r}]
Capabilities {acceptInsecureCerts: false, browserName: chrome, browserVersion: 124.0.6367.92, chrome: {chromedriverVersion: 124.0.6367.91 (51df0e5e17a8..., userDataDir: C:\Users\PRATHA~1.KUM\AppDa...}, fedcm:accounts: true, goog:chromeOptions: {debuggerAddress: localhost:49451}, networkConnectionEnabled: false, pageLoadStrategy: normal, platformName: WINDOWS, proxy: Proxy(), se:cdp: ws://localhost:49451/devtoo..., se:cdpVersion: 124.0.6367.92, setWindowRect: true, strictFileInteractability: false, timeouts: {implicit: 0, pageLoad: 300000, script: 30000}, unhandledPromptBehavior: dismiss and notify, webauthn:extension:credBlob: true, webauthn:extension:largeBlob: true, webauthn:extension:minPinLength: true, webauthn:extension:prf: true, webauthn:virtualAuthenticators: true}
Session ID: 2cf28825ea7a8a419a5b05b8e5d35d84</small> </font> </div>
<div class="test-event"> <font color="maroon"> <small> &emsp; &emsp;--- 05 May 00:36:29 150 - <b>0</b> - Spinner Load Wait: (Sync) - ICar.support.WaitUtils.waitForSpinner(WaitUtils.java:225)</small> </font> </div>
<div class="test-message">&emsp;Back To Courses is displayed in the page </div>
<div class="test-message">&emsp;Successfully verified Back To Course Link&emsp;<a href=".\ScreenShot\URL_TC001_2723326765529500.png" target="_blank" >[ScreenShot]</a></div>
<div class="test-event"> <font color="maroon"> <small> &emsp; &emsp;--- 05 May 00:36:29 840 - Catched spinner load exception due to javascript error: {"status":32,"value":"An invalid or illegal selector was specified"}
  (Session info: chrome=124.0.6367.92)
Build info: version: '4.6.0', revision: '79f1c02ae20'
System info: os.name: 'Windows 10', os.arch: 'amd64', os.version: '10.0', java.version: '17.0.7'
Driver info: org.openqa.selenium.chrome.ChromeDriver
Command: [2cf28825ea7a8a419a5b05b8e5d35d84, findElement {using=css selector, value=div[class='slds-spinner slds-spinner_brand slds-spinner_small']>div:nth-child(2)r}]
Capabilities {acceptInsecureCerts: false, browserName: chrome, browserVersion: 124.0.6367.92, chrome: {chromedriverVersion: 124.0.6367.91 (51df0e5e17a8..., userDataDir: C:\Users\PRATHA~1.KUM\AppDa...}, fedcm:accounts: true, goog:chromeOptions: {debuggerAddress: localhost:49451}, networkConnectionEnabled: false, pageLoadStrategy: normal, platformName: WINDOWS, proxy: Proxy(), se:cdp: ws://localhost:49451/devtoo..., se:cdpVersion: 124.0.6367.92, setWindowRect: true, strictFileInteractability: false, timeouts: {implicit: 0, pageLoad: 300000, script: 30000}, unhandledPromptBehavior: dismiss and notify, webauthn:extension:credBlob: true, webauthn:extension:largeBlob: true, webauthn:extension:minPinLength: true, webauthn:extension:prf: true, webauthn:virtualAuthenticators: true}
Session ID: 2cf28825ea7a8a419a5b05b8e5d35d84</small> </font> </div>
<div class="test-event"> <font color="maroon"> <small> &emsp; &emsp;--- 05 May 00:36:29 840 - <b>0</b> - Spinner Load Wait: (Sync) - ICar.support.WaitUtils.waitForSpinner(WaitUtils.java:225)</small> </font> </div>
<div class="test-event"> <font color="maroon"> <small> &emsp; &emsp;--- 05 May 00:36:29 901 - Page URL:: https://www.i-car.com/product/ford-service-information-navigation-for-collision-repair</small> </font> </div>
<div class="test-event"> <font color="maroon"> <small> &emsp; &emsp;--- 05 May 00:36:29 901 - <b>0</b> - Page Load Wait: (Sync) - ICar.support.Utils.waitForPageLoad(Utils.java:109)</small> </font> </div>
<div class="test-event"> <font color="maroon"> <small> &emsp; &emsp;--- 05 May 00:36:39 943 - Element is displayed:: [[ChromeDriver: chrome on WINDOWS (2cf28825ea7a8a419a5b05b8e5d35d84)] -> xpath: //div[@class='productDetails slds-p-bottom_large']//div[contains(@class,'slds-p-bottom_medium')]]</small> </font> </div>
<div class="test-message">&emsp;Course Name : FordServiceInformationNavigationforCollisionRepair is displayed in the URL page</div>
<div class="test-message">&emsp;Successfully verified the course name for relevant link&emsp;<a href=".\ScreenShot\URL_TC001_2723345579308200.png" target="_blank" >[ScreenShot]</a></div>
<div class="test-message">&emsp;
</div>
<div class="test-message">&emsp;165. URL is : https://www.i-car.com/product/pl1-nonstructural-technician</div>
<div class="test-event"> <font color="maroon"> <small> &emsp; &emsp;--- 05 May 00:36:49 346 - Page URL:: https://www.i-car.com/product/pl1-nonstructural-technician</small> </font> </div>
<div class="test-event"> <font color="maroon"> <small> &emsp; &emsp;--- 05 May 00:36:49 347 - <b>0</b> - Page Load Wait: (Sync) - ICar.support.Utils.waitForPageLoad(Utils.java:109)</small> </font> </div>
<div class="test-message">&emsp;Successfully navigated to the :  https://www.i-car.com/product/pl1-nonstructural-technician   Page&emsp;<a href=".\ScreenShot\URL_TC001_2723346951961900.png" target="_blank" >[ScreenShot]</a></div>
<div class="test-event"> <font color="maroon"> <small> &emsp; &emsp;--- 05 May 00:36:49 622 - Page URL:: https://www.i-car.com/product/pl1-nonstructural-technician</small> </font> </div>
<div class="test-event"> <font color="maroon"> <small> &emsp; &emsp;--- 05 May 00:36:49 622 - <b>0</b> - Page Load Wait: (Sync) - ICar.support.Utils.waitForPageLoad(Utils.java:109)</small> </font> </div>
<div class="test-event"> <font color="maroon"> <small> &emsp; &emsp;--- 05 May 00:36:49 629 - Catched spinner load exception due to javascript error: {"status":32,"value":"An invalid or illegal selector was specified"}
  (Session info: chrome=124.0.6367.92)
Build info: version: '4.6.0', revision: '79f1c02ae20'
System info: os.name: 'Windows 10', os.arch: 'amd64', os.version: '10.0', java.version: '17.0.7'
Driver info: org.openqa.selenium.chrome.ChromeDriver
Command: [2cf28825ea7a8a419a5b05b8e5d35d84, findElement {using=css selector, value=div[class='slds-spinner slds-spinner_brand slds-spinner_small']>div:nth-child(2)r}]
Capabilities {acceptInsecureCerts: false, browserName: chrome, browserVersion: 124.0.6367.92, chrome: {chromedriverVersion: 124.0.6367.91 (51df0e5e17a8..., userDataDir: C:\Users\PRATHA~1.KUM\AppDa...}, fedcm:accounts: true, goog:chromeOptions: {debuggerAddress: localhost:49451}, networkConnectionEnabled: false, pageLoadStrategy: normal, platformName: WINDOWS, proxy: Proxy(), se:cdp: ws://localhost:49451/devtoo..., se:cdpVersion: 124.0.6367.92, setWindowRect: true, strictFileInteractability: false, timeouts: {implicit: 0, pageLoad: 300000, script: 30000}, unhandledPromptBehavior: dismiss and notify, webauthn:extension:credBlob: true, webauthn:extension:largeBlob: true, webauthn:extension:minPinLength: true, webauthn:extension:prf: true, webauthn:virtualAuthenticators: true}
Session ID: 2cf28825ea7a8a419a5b05b8e5d35d84</small> </font> </div>
<div class="test-event"> <font color="maroon"> <small> &emsp; &emsp;--- 05 May 00:36:49 629 - <b>0</b> - Spinner Load Wait: (Sync) - ICar.support.WaitUtils.waitForSpinner(WaitUtils.java:225)</small> </font> </div>
<div class="test-event"> <font color="maroon"> <small> &emsp; &emsp;--- 05 May 00:36:59 742 - Page URL:: https://www.i-car.com/product/pl1-nonstructural-technician</small> </font> </div>
<div class="test-event"> <font color="maroon"> <small> &emsp; &emsp;--- 05 May 00:36:59 742 - <b>0</b> - Page Load Wait: (Sync) - ICar.support.Utils.waitForPageLoad(Utils.java:109)</small> </font> </div>
<div class="test-event"> <font color="maroon"> <small> &emsp; &emsp;--- 05 May 00:36:59 760 - Element is displayed:: [[ChromeDriver: chrome on WINDOWS (2cf28825ea7a8a419a5b05b8e5d35d84)] -> xpath: //a[contains(text(),'Back to Courses')]]</small> </font> </div>
<div class="test-event"> <font color="maroon"> <small> &emsp; &emsp;--- 05 May 00:37:06 802 - Catched spinner load exception due to javascript error: {"status":32,"value":"An invalid or illegal selector was specified"}
  (Session info: chrome=124.0.6367.92)
Build info: version: '4.6.0', revision: '79f1c02ae20'
System info: os.name: 'Windows 10', os.arch: 'amd64', os.version: '10.0', java.version: '17.0.7'
Driver info: org.openqa.selenium.chrome.ChromeDriver
Command: [2cf28825ea7a8a419a5b05b8e5d35d84, findElement {using=css selector, value=div[class='slds-spinner slds-spinner_brand slds-spinner_small']>div:nth-child(2)r}]
Capabilities {acceptInsecureCerts: false, browserName: chrome, browserVersion: 124.0.6367.92, chrome: {chromedriverVersion: 124.0.6367.91 (51df0e5e17a8..., userDataDir: C:\Users\PRATHA~1.KUM\AppDa...}, fedcm:accounts: true, goog:chromeOptions: {debuggerAddress: localhost:49451}, networkConnectionEnabled: false, pageLoadStrategy: normal, platformName: WINDOWS, proxy: Proxy(), se:cdp: ws://localhost:49451/devtoo..., se:cdpVersion: 124.0.6367.92, setWindowRect: true, strictFileInteractability: false, timeouts: {implicit: 0, pageLoad: 300000, script: 30000}, unhandledPromptBehavior: dismiss and notify, webauthn:extension:credBlob: true, webauthn:extension:largeBlob: true, webauthn:extension:minPinLength: true, webauthn:extension:prf: true, webauthn:virtualAuthenticators: true}
Session ID: 2cf28825ea7a8a419a5b05b8e5d35d84</small> </font> </div>
<div class="test-event"> <font color="maroon"> <small> &emsp; &emsp;--- 05 May 00:37:06 802 - <b>0</b> - Spinner Load Wait: (Sync) - ICar.support.WaitUtils.waitForSpinner(WaitUtils.java:225)</small> </font> </div>
<div class="test-message">&emsp;Back To Courses is displayed in the page </div>
<div class="test-message">&emsp;Successfully verified Back To Course Link&emsp;<a href=".\ScreenShot\URL_TC001_2723364416477200.png" target="_blank" >[ScreenShot]</a></div>
<div class="test-event"> <font color="maroon"> <small> &emsp; &emsp;--- 05 May 00:37:07 201 - Catched spinner load exception due to javascript error: {"status":32,"value":"An invalid or illegal selector was specified"}
  (Session info: chrome=124.0.6367.92)
Build info: version: '4.6.0', revision: '79f1c02ae20'
System info: os.name: 'Windows 10', os.arch: 'amd64', os.version: '10.0', java.version: '17.0.7'
Driver info: org.openqa.selenium.chrome.ChromeDriver
Command: [2cf28825ea7a8a419a5b05b8e5d35d84, findElement {using=css selector, value=div[class='slds-spinner slds-spinner_brand slds-spinner_small']>div:nth-child(2)r}]
Capabilities {acceptInsecureCerts: false, browserName: chrome, browserVersion: 124.0.6367.92, chrome: {chromedriverVersion: 124.0.6367.91 (51df0e5e17a8..., userDataDir: C:\Users\PRATHA~1.KUM\AppDa...}, fedcm:accounts: true, goog:chromeOptions: {debuggerAddress: localhost:49451}, networkConnectionEnabled: false, pageLoadStrategy: normal, platformName: WINDOWS, proxy: Proxy(), se:cdp: ws://localhost:49451/devtoo..., se:cdpVersion: 124.0.6367.92, setWindowRect: true, strictFileInteractability: false, timeouts: {implicit: 0, pageLoad: 300000, script: 30000}, unhandledPromptBehavior: dismiss and notify, webauthn:extension:credBlob: true, webauthn:extension:largeBlob: true, webauthn:extension:minPinLength: true, webauthn:extension:prf: true, webauthn:virtualAuthenticators: true}
Session ID: 2cf28825ea7a8a419a5b05b8e5d35d84</small> </font> </div>
<div class="test-event"> <font color="maroon"> <small> &emsp; &emsp;--- 05 May 00:37:07 201 - <b>0</b> - Spinner Load Wait: (Sync) - ICar.support.WaitUtils.waitForSpinner(WaitUtils.java:225)</small> </font> </div>
<div class="test-event"> <font color="maroon"> <small> &emsp; &emsp;--- 05 May 00:37:07 294 - Page URL:: https://www.i-car.com/product/pl1-nonstructural-technician</small> </font> </div>
<div class="test-event"> <font color="maroon"> <small> &emsp; &emsp;--- 05 May 00:37:07 294 - <b>0</b> - Page Load Wait: (Sync) - ICar.support.Utils.waitForPageLoad(Utils.java:109)</small> </font> </div>
<div class="test-event"> <font color="maroon"> <small> &emsp; &emsp;--- 05 May 00:37:17 348 - Element is displayed:: [[ChromeDriver: chrome on WINDOWS (2cf28825ea7a8a419a5b05b8e5d35d84)] -> xpath: //div[@class='productDetails slds-p-bottom_large']//div[contains(@class,'slds-p-bottom_medium')]]</small> </font> </div>
<div class="test-message">&emsp;Course Name : PL1NonStructuralTechnician is displayed in the URL page</div>
<div class="test-message">&emsp;Successfully verified the course name for relevant link&emsp;<a href=".\ScreenShot\URL_TC001_2723382973979000.png" target="_blank" >[ScreenShot]</a></div>
<div class="test-message">&emsp;
</div>
<div class="test-message">&emsp;166. URL is : https://www.i-car.com/product/calibration-requirements-for-blind-spot-and-parking-assist-systems</div>
<div class="test-event"> <font color="maroon"> <small> &emsp; &emsp;--- 05 May 00:37:26 876 - Page URL:: https://www.i-car.com/product/calibration-requirements-for-blind-spot-and-parking-assist-systems</small> </font> </div>
<div class="test-event"> <font color="maroon"> <small> &emsp; &emsp;--- 05 May 00:37:26 876 - <b>0</b> - Page Load Wait: (Sync) - ICar.support.Utils.waitForPageLoad(Utils.java:109)</small> </font> </div>
<div class="test-message">&emsp;Successfully navigated to the :  https://www.i-car.com/product/calibration-requirements-for-blind-spot-and-parking-assist-systems   Page&emsp;<a href=".\ScreenShot\URL_TC001_2723384480961800.png" target="_blank" >[ScreenShot]</a></div>
<div class="test-event"> <font color="maroon"> <small> &emsp; &emsp;--- 05 May 00:37:27 131 - Page URL:: https://www.i-car.com/product/calibration-requirements-for-blind-spot-and-parking-assist-systems</small> </font> </div>
<div class="test-event"> <font color="maroon"> <small> &emsp; &emsp;--- 05 May 00:37:27 131 - <b>0</b> - Page Load Wait: (Sync) - ICar.support.Utils.waitForPageLoad(Utils.java:109)</small> </font> </div>
<div class="test-event"> <font color="maroon"> <small> &emsp; &emsp;--- 05 May 00:37:27 139 - Catched spinner load exception due to javascript error: {"status":32,"value":"An invalid or illegal selector was specified"}
  (Session info: chrome=124.0.6367.92)
Build info: version: '4.6.0', revision: '79f1c02ae20'
System info: os.name: 'Windows 10', os.arch: 'amd64', os.version: '10.0', java.version: '17.0.7'
Driver info: org.openqa.selenium.chrome.ChromeDriver
Command: [2cf28825ea7a8a419a5b05b8e5d35d84, findElement {using=css selector, value=div[class='slds-spinner slds-spinner_brand slds-spinner_small']>div:nth-child(2)r}]
Capabilities {acceptInsecureCerts: false, browserName: chrome, browserVersion: 124.0.6367.92, chrome: {chromedriverVersion: 124.0.6367.91 (51df0e5e17a8..., userDataDir: C:\Users\PRATHA~1.KUM\AppDa...}, fedcm:accounts: true, goog:chromeOptions: {debuggerAddress: localhost:49451}, networkConnectionEnabled: false, pageLoadStrategy: normal, platformName: WINDOWS, proxy: Proxy(), se:cdp: ws://localhost:49451/devtoo..., se:cdpVersion: 124.0.6367.92, setWindowRect: true, strictFileInteractability: false, timeouts: {implicit: 0, pageLoad: 300000, script: 30000}, unhandledPromptBehavior: dismiss and notify, webauthn:extension:credBlob: true, webauthn:extension:largeBlob: true, webauthn:extension:minPinLength: true, webauthn:extension:prf: true, webauthn:virtualAuthenticators: true}
Session ID: 2cf28825ea7a8a419a5b05b8e5d35d84</small> </font> </div>
<div class="test-event"> <font color="maroon"> <small> &emsp; &emsp;--- 05 May 00:37:27 139 - <b>0</b> - Spinner Load Wait: (Sync) - ICar.support.WaitUtils.waitForSpinner(WaitUtils.java:225)</small> </font> </div>
<div class="test-event"> <font color="maroon"> <small> &emsp; &emsp;--- 05 May 00:37:37 212 - Page URL:: https://www.i-car.com/product/calibration-requirements-for-blind-spot-and-parking-assist-systems</small> </font> </div>
<div class="test-event"> <font color="maroon"> <small> &emsp; &emsp;--- 05 May 00:37:37 212 - <b>0</b> - Page Load Wait: (Sync) - ICar.support.Utils.waitForPageLoad(Utils.java:109)</small> </font> </div>
<div class="test-event"> <font color="maroon"> <small> &emsp; &emsp;--- 05 May 00:37:37 228 - Element is displayed:: [[ChromeDriver: chrome on WINDOWS (2cf28825ea7a8a419a5b05b8e5d35d84)] -> xpath: //a[contains(text(),'Back to Courses')]]</small> </font> </div>
<div class="test-event"> <font color="maroon"> <small> &emsp; &emsp;--- 05 May 00:37:44 290 - Catched spinner load exception due to javascript error: {"status":32,"value":"An invalid or illegal selector was specified"}
  (Session info: chrome=124.0.6367.92)
Build info: version: '4.6.0', revision: '79f1c02ae20'
System info: os.name: 'Windows 10', os.arch: 'amd64', os.version: '10.0', java.version: '17.0.7'
Driver info: org.openqa.selenium.chrome.ChromeDriver
Command: [2cf28825ea7a8a419a5b05b8e5d35d84, findElement {using=css selector, value=div[class='slds-spinner slds-spinner_brand slds-spinner_small']>div:nth-child(2)r}]
Capabilities {acceptInsecureCerts: false, browserName: chrome, browserVersion: 124.0.6367.92, chrome: {chromedriverVersion: 124.0.6367.91 (51df0e5e17a8..., userDataDir: C:\Users\PRATHA~1.KUM\AppDa...}, fedcm:accounts: true, goog:chromeOptions: {debuggerAddress: localhost:49451}, networkConnectionEnabled: false, pageLoadStrategy: normal, platformName: WINDOWS, proxy: Proxy(), se:cdp: ws://localhost:49451/devtoo..., se:cdpVersion: 124.0.6367.92, setWindowRect: true, strictFileInteractability: false, timeouts: {implicit: 0, pageLoad: 300000, script: 30000}, unhandledPromptBehavior: dismiss and notify, webauthn:extension:credBlob: true, webauthn:extension:largeBlob: true, webauthn:extension:minPinLength: true, webauthn:extension:prf: true, webauthn:virtualAuthenticators: true}
Session ID: 2cf28825ea7a8a419a5b05b8e5d35d84</small> </font> </div>
<div class="test-event"> <font color="maroon"> <small> &emsp; &emsp;--- 05 May 00:37:44 290 - <b>0</b> - Spinner Load Wait: (Sync) - ICar.support.WaitUtils.waitForSpinner(WaitUtils.java:225)</small> </font> </div>
<div class="test-message">&emsp;Back To Courses is displayed in the page </div>
<div class="test-message">&emsp;Successfully verified Back To Course Link&emsp;<a href=".\ScreenShot\URL_TC001_2723401909018600.png" target="_blank" >[ScreenShot]</a></div>
<div class="test-event"> <font color="maroon"> <small> &emsp; &emsp;--- 05 May 00:37:44 673 - Catched spinner load exception due to javascript error: {"status":32,"value":"An invalid or illegal selector was specified"}
  (Session info: chrome=124.0.6367.92)
Build info: version: '4.6.0', revision: '79f1c02ae20'
System info: os.name: 'Windows 10', os.arch: 'amd64', os.version: '10.0', java.version: '17.0.7'
Driver info: org.openqa.selenium.chrome.ChromeDriver
Command: [2cf28825ea7a8a419a5b05b8e5d35d84, findElement {using=css selector, value=div[class='slds-spinner slds-spinner_brand slds-spinner_small']>div:nth-child(2)r}]
Capabilities {acceptInsecureCerts: false, browserName: chrome, browserVersion: 124.0.6367.92, chrome: {chromedriverVersion: 124.0.6367.91 (51df0e5e17a8..., userDataDir: C:\Users\PRATHA~1.KUM\AppDa...}, fedcm:accounts: true, goog:chromeOptions: {debuggerAddress: localhost:49451}, networkConnectionEnabled: false, pageLoadStrategy: normal, platformName: WINDOWS, proxy: Proxy(), se:cdp: ws://localhost:49451/devtoo..., se:cdpVersion: 124.0.6367.92, setWindowRect: true, strictFileInteractability: false, timeouts: {implicit: 0, pageLoad: 300000, script: 30000}, unhandledPromptBehavior: dismiss and notify, webauthn:extension:credBlob: true, webauthn:extension:largeBlob: true, webauthn:extension:minPinLength: true, webauthn:extension:prf: true, webauthn:virtualAuthenticators: true}
Session ID: 2cf28825ea7a8a419a5b05b8e5d35d84</small> </font> </div>
<div class="test-event"> <font color="maroon"> <small> &emsp; &emsp;--- 05 May 00:37:44 673 - <b>0</b> - Spinner Load Wait: (Sync) - ICar.support.WaitUtils.waitForSpinner(WaitUtils.java:225)</small> </font> </div>
<div class="test-event"> <font color="maroon"> <small> &emsp; &emsp;--- 05 May 00:37:44 741 - Page URL:: https://www.i-car.com/product/calibration-requirements-for-blind-spot-and-parking-assist-systems</small> </font> </div>
<div class="test-event"> <font color="maroon"> <small> &emsp; &emsp;--- 05 May 00:37:44 741 - <b>0</b> - Page Load Wait: (Sync) - ICar.support.Utils.waitForPageLoad(Utils.java:109)</small> </font> </div>
<div class="test-event"> <font color="maroon"> <small> &emsp; &emsp;--- 05 May 00:37:54 795 - Element is displayed:: [[ChromeDriver: chrome on WINDOWS (2cf28825ea7a8a419a5b05b8e5d35d84)] -> xpath: //div[@class='productDetails slds-p-bottom_large']//div[contains(@class,'slds-p-bottom_medium')]]</small> </font> </div>
<div class="test-message">&emsp;Course Name : CalibrationRequirementsforBlindSpotandParkingAssistSystems is displayed in the URL page</div>
<div class="test-message">&emsp;Successfully verified the course name for relevant link&emsp;<a href=".\ScreenShot\URL_TC001_2723420431915800.png" target="_blank" >[ScreenShot]</a></div>
<div class="test-message">&emsp;
</div>
<div class="test-message">&emsp;167. URL is : https://www.i-car.com/product/general-motors-gm-company-collision-repair-overview</div>
<div class="test-event"> <font color="maroon"> <small> &emsp; &emsp;--- 05 May 00:38:04 198 - Page URL:: https://www.i-car.com/product/general-motors-gm-company-collision-repair-overview</small> </font> </div>
<div class="test-event"> <font color="maroon"> <small> &emsp; &emsp;--- 05 May 00:38:04 198 - <b>0</b> - Page Load Wait: (Sync) - ICar.support.Utils.waitForPageLoad(Utils.java:109)</small> </font> </div>
<div class="test-message">&emsp;Successfully navigated to the :  https://www.i-car.com/product/general-motors-gm-company-collision-repair-overview   Page&emsp;<a href=".\ScreenShot\URL_TC001_2723421803196700.png" target="_blank" >[ScreenShot]</a></div>
<div class="test-event"> <font color="maroon"> <small> &emsp; &emsp;--- 05 May 00:38:04 494 - Page URL:: https://www.i-car.com/product/general-motors-gm-company-collision-repair-overview</small> </font> </div>
<div class="test-event"> <font color="maroon"> <small> &emsp; &emsp;--- 05 May 00:38:04 494 - <b>0</b> - Page Load Wait: (Sync) - ICar.support.Utils.waitForPageLoad(Utils.java:109)</small> </font> </div>
<div class="test-event"> <font color="maroon"> <small> &emsp; &emsp;--- 05 May 00:38:04 503 - Catched spinner load exception due to javascript error: {"status":32,"value":"An invalid or illegal selector was specified"}
  (Session info: chrome=124.0.6367.92)
Build info: version: '4.6.0', revision: '79f1c02ae20'
System info: os.name: 'Windows 10', os.arch: 'amd64', os.version: '10.0', java.version: '17.0.7'
Driver info: org.openqa.selenium.chrome.ChromeDriver
Command: [2cf28825ea7a8a419a5b05b8e5d35d84, findElement {using=css selector, value=div[class='slds-spinner slds-spinner_brand slds-spinner_small']>div:nth-child(2)r}]
Capabilities {acceptInsecureCerts: false, browserName: chrome, browserVersion: 124.0.6367.92, chrome: {chromedriverVersion: 124.0.6367.91 (51df0e5e17a8..., userDataDir: C:\Users\PRATHA~1.KUM\AppDa...}, fedcm:accounts: true, goog:chromeOptions: {debuggerAddress: localhost:49451}, networkConnectionEnabled: false, pageLoadStrategy: normal, platformName: WINDOWS, proxy: Proxy(), se:cdp: ws://localhost:49451/devtoo..., se:cdpVersion: 124.0.6367.92, setWindowRect: true, strictFileInteractability: false, timeouts: {implicit: 0, pageLoad: 300000, script: 30000}, unhandledPromptBehavior: dismiss and notify, webauthn:extension:credBlob: true, webauthn:extension:largeBlob: true, webauthn:extension:minPinLength: true, webauthn:extension:prf: true, webauthn:virtualAuthenticators: true}
Session ID: 2cf28825ea7a8a419a5b05b8e5d35d84</small> </font> </div>
<div class="test-event"> <font color="maroon"> <small> &emsp; &emsp;--- 05 May 00:38:04 503 - <b>0</b> - Spinner Load Wait: (Sync) - ICar.support.WaitUtils.waitForSpinner(WaitUtils.java:225)</small> </font> </div>
<div class="test-event"> <font color="maroon"> <small> &emsp; &emsp;--- 05 May 00:38:14 573 - Page URL:: https://www.i-car.com/product/general-motors-gm-company-collision-repair-overview</small> </font> </div>
<div class="test-event"> <font color="maroon"> <small> &emsp; &emsp;--- 05 May 00:38:14 573 - <b>0</b> - Page Load Wait: (Sync) - ICar.support.Utils.waitForPageLoad(Utils.java:109)</small> </font> </div>
<div class="test-event"> <font color="maroon"> <small> &emsp; &emsp;--- 05 May 00:38:14 590 - Element is displayed:: [[ChromeDriver: chrome on WINDOWS (2cf28825ea7a8a419a5b05b8e5d35d84)] -> xpath: //a[contains(text(),'Back to Courses')]]</small> </font> </div>
<div class="test-event"> <font color="maroon"> <small> &emsp; &emsp;--- 05 May 00:38:21 624 - Catched spinner load exception due to javascript error: {"status":32,"value":"An invalid or illegal selector was specified"}
  (Session info: chrome=124.0.6367.92)
Build info: version: '4.6.0', revision: '79f1c02ae20'
System info: os.name: 'Windows 10', os.arch: 'amd64', os.version: '10.0', java.version: '17.0.7'
Driver info: org.openqa.selenium.chrome.ChromeDriver
Command: [2cf28825ea7a8a419a5b05b8e5d35d84, findElement {using=css selector, value=div[class='slds-spinner slds-spinner_brand slds-spinner_small']>div:nth-child(2)r}]
Capabilities {acceptInsecureCerts: false, browserName: chrome, browserVersion: 124.0.6367.92, chrome: {chromedriverVersion: 124.0.6367.91 (51df0e5e17a8..., userDataDir: C:\Users\PRATHA~1.KUM\AppDa...}, fedcm:accounts: true, goog:chromeOptions: {debuggerAddress: localhost:49451}, networkConnectionEnabled: false, pageLoadStrategy: normal, platformName: WINDOWS, proxy: Proxy(), se:cdp: ws://localhost:49451/devtoo..., se:cdpVersion: 124.0.6367.92, setWindowRect: true, strictFileInteractability: false, timeouts: {implicit: 0, pageLoad: 300000, script: 30000}, unhandledPromptBehavior: dismiss and notify, webauthn:extension:credBlob: true, webauthn:extension:largeBlob: true, webauthn:extension:minPinLength: true, webauthn:extension:prf: true, webauthn:virtualAuthenticators: true}
Session ID: 2cf28825ea7a8a419a5b05b8e5d35d84</small> </font> </div>
<div class="test-event"> <font color="maroon"> <small> &emsp; &emsp;--- 05 May 00:38:21 624 - <b>0</b> - Spinner Load Wait: (Sync) - ICar.support.WaitUtils.waitForSpinner(WaitUtils.java:225)</small> </font> </div>
<div class="test-message">&emsp;Back To Courses is displayed in the page </div>
<div class="test-message">&emsp;Successfully verified Back To Course Link&emsp;<a href=".\ScreenShot\URL_TC001_2723439239650800.png" target="_blank" >[ScreenShot]</a></div>
<div class="test-event"> <font color="maroon"> <small> &emsp; &emsp;--- 05 May 00:38:22 092 - Catched spinner load exception due to javascript error: {"status":32,"value":"An invalid or illegal selector was specified"}
  (Session info: chrome=124.0.6367.92)
Build info: version: '4.6.0', revision: '79f1c02ae20'
System info: os.name: 'Windows 10', os.arch: 'amd64', os.version: '10.0', java.version: '17.0.7'
Driver info: org.openqa.selenium.chrome.ChromeDriver
Command: [2cf28825ea7a8a419a5b05b8e5d35d84, findElement {using=css selector, value=div[class='slds-spinner slds-spinner_brand slds-spinner_small']>div:nth-child(2)r}]
Capabilities {acceptInsecureCerts: false, browserName: chrome, browserVersion: 124.0.6367.92, chrome: {chromedriverVersion: 124.0.6367.91 (51df0e5e17a8..., userDataDir: C:\Users\PRATHA~1.KUM\AppDa...}, fedcm:accounts: true, goog:chromeOptions: {debuggerAddress: localhost:49451}, networkConnectionEnabled: false, pageLoadStrategy: normal, platformName: WINDOWS, proxy: Proxy(), se:cdp: ws://localhost:49451/devtoo..., se:cdpVersion: 124.0.6367.92, setWindowRect: true, strictFileInteractability: false, timeouts: {implicit: 0, pageLoad: 300000, script: 30000}, unhandledPromptBehavior: dismiss and notify, webauthn:extension:credBlob: true, webauthn:extension:largeBlob: true, webauthn:extension:minPinLength: true, webauthn:extension:prf: true, webauthn:virtualAuthenticators: true}
Session ID: 2cf28825ea7a8a419a5b05b8e5d35d84</small> </font> </div>
<div class="test-event"> <font color="maroon"> <small> &emsp; &emsp;--- 05 May 00:38:22 092 - <b>0</b> - Spinner Load Wait: (Sync) - ICar.support.WaitUtils.waitForSpinner(WaitUtils.java:225)</small> </font> </div>
<div class="test-event"> <font color="maroon"> <small> &emsp; &emsp;--- 05 May 00:38:22 152 - Page URL:: https://www.i-car.com/product/general-motors-gm-company-collision-repair-overview</small> </font> </div>
<div class="test-event"> <font color="maroon"> <small> &emsp; &emsp;--- 05 May 00:38:22 152 - <b>0</b> - Page Load Wait: (Sync) - ICar.support.Utils.waitForPageLoad(Utils.java:109)</small> </font> </div>
<div class="test-event"> <font color="maroon"> <small> &emsp; &emsp;--- 05 May 00:38:32 196 - Element is displayed:: [[ChromeDriver: chrome on WINDOWS (2cf28825ea7a8a419a5b05b8e5d35d84)] -> xpath: //div[@class='productDetails slds-p-bottom_large']//div[contains(@class,'slds-p-bottom_medium')]]</small> </font> </div>
<div class="test-message">&emsp;Course Name : GeneralMotorsGMCompanyCollisionRepairOverview is displayed in the URL page</div>
<div class="test-message">&emsp;Successfully verified the course name for relevant link&emsp;<a href=".\ScreenShot\URL_TC001_2723457826514900.png" target="_blank" >[ScreenShot]</a></div>
<div class="test-message">&emsp;
</div>
<div class="test-message">&emsp;168. URL is : https://www.i-car.com/product/understanding-vehicle-communication-networks</div>
<div class="test-event"> <font color="maroon"> <small> &emsp; &emsp;--- 05 May 00:38:41 422 - Page URL:: https://www.i-car.com/product/understanding-vehicle-communication-networks</small> </font> </div>
<div class="test-event"> <font color="maroon"> <small> &emsp; &emsp;--- 05 May 00:38:41 423 - <b>0</b> - Page Load Wait: (Sync) - ICar.support.Utils.waitForPageLoad(Utils.java:109)</small> </font> </div>
<div class="test-message">&emsp;Successfully navigated to the :  https://www.i-car.com/product/understanding-vehicle-communication-networks   Page&emsp;<a href=".\ScreenShot\URL_TC001_2723459027890200.png" target="_blank" >[ScreenShot]</a></div>
<div class="test-event"> <font color="maroon"> <small> &emsp; &emsp;--- 05 May 00:38:41 709 - Page URL:: https://www.i-car.com/product/understanding-vehicle-communication-networks</small> </font> </div>
<div class="test-event"> <font color="maroon"> <small> &emsp; &emsp;--- 05 May 00:38:41 710 - <b>0</b> - Page Load Wait: (Sync) - ICar.support.Utils.waitForPageLoad(Utils.java:109)</small> </font> </div>
<div class="test-event"> <font color="maroon"> <small> &emsp; &emsp;--- 05 May 00:38:41 719 - Catched spinner load exception due to javascript error: {"status":32,"value":"An invalid or illegal selector was specified"}
  (Session info: chrome=124.0.6367.92)
Build info: version: '4.6.0', revision: '79f1c02ae20'
System info: os.name: 'Windows 10', os.arch: 'amd64', os.version: '10.0', java.version: '17.0.7'
Driver info: org.openqa.selenium.chrome.ChromeDriver
Command: [2cf28825ea7a8a419a5b05b8e5d35d84, findElement {using=css selector, value=div[class='slds-spinner slds-spinner_brand slds-spinner_small']>div:nth-child(2)r}]
Capabilities {acceptInsecureCerts: false, browserName: chrome, browserVersion: 124.0.6367.92, chrome: {chromedriverVersion: 124.0.6367.91 (51df0e5e17a8..., userDataDir: C:\Users\PRATHA~1.KUM\AppDa...}, fedcm:accounts: true, goog:chromeOptions: {debuggerAddress: localhost:49451}, networkConnectionEnabled: false, pageLoadStrategy: normal, platformName: WINDOWS, proxy: Proxy(), se:cdp: ws://localhost:49451/devtoo..., se:cdpVersion: 124.0.6367.92, setWindowRect: true, strictFileInteractability: false, timeouts: {implicit: 0, pageLoad: 300000, script: 30000}, unhandledPromptBehavior: dismiss and notify, webauthn:extension:credBlob: true, webauthn:extension:largeBlob: true, webauthn:extension:minPinLength: true, webauthn:extension:prf: true, webauthn:virtualAuthenticators: true}
Session ID: 2cf28825ea7a8a419a5b05b8e5d35d84</small> </font> </div>
<div class="test-event"> <font color="maroon"> <small> &emsp; &emsp;--- 05 May 00:38:41 719 - <b>0</b> - Spinner Load Wait: (Sync) - ICar.support.WaitUtils.waitForSpinner(WaitUtils.java:225)</small> </font> </div>
<div class="test-event"> <font color="maroon"> <small> &emsp; &emsp;--- 05 May 00:38:51 798 - Page URL:: https://www.i-car.com/product/understanding-vehicle-communication-networks</small> </font> </div>
<div class="test-event"> <font color="maroon"> <small> &emsp; &emsp;--- 05 May 00:38:51 798 - <b>0</b> - Page Load Wait: (Sync) - ICar.support.Utils.waitForPageLoad(Utils.java:109)</small> </font> </div>
<div class="test-event"> <font color="maroon"> <small> &emsp; &emsp;--- 05 May 00:38:51 816 - Element is displayed:: [[ChromeDriver: chrome on WINDOWS (2cf28825ea7a8a419a5b05b8e5d35d84)] -> xpath: //a[contains(text(),'Back to Courses')]]</small> </font> </div>
<div class="test-event"> <font color="maroon"> <small> &emsp; &emsp;--- 05 May 00:38:58 839 - Catched spinner load exception due to javascript error: {"status":32,"value":"An invalid or illegal selector was specified"}
  (Session info: chrome=124.0.6367.92)
Build info: version: '4.6.0', revision: '79f1c02ae20'
System info: os.name: 'Windows 10', os.arch: 'amd64', os.version: '10.0', java.version: '17.0.7'
Driver info: org.openqa.selenium.chrome.ChromeDriver
Command: [2cf28825ea7a8a419a5b05b8e5d35d84, findElement {using=css selector, value=div[class='slds-spinner slds-spinner_brand slds-spinner_small']>div:nth-child(2)r}]
Capabilities {acceptInsecureCerts: false, browserName: chrome, browserVersion: 124.0.6367.92, chrome: {chromedriverVersion: 124.0.6367.91 (51df0e5e17a8..., userDataDir: C:\Users\PRATHA~1.KUM\AppDa...}, fedcm:accounts: true, goog:chromeOptions: {debuggerAddress: localhost:49451}, networkConnectionEnabled: false, pageLoadStrategy: normal, platformName: WINDOWS, proxy: Proxy(), se:cdp: ws://localhost:49451/devtoo..., se:cdpVersion: 124.0.6367.92, setWindowRect: true, strictFileInteractability: false, timeouts: {implicit: 0, pageLoad: 300000, script: 30000}, unhandledPromptBehavior: dismiss and notify, webauthn:extension:credBlob: true, webauthn:extension:largeBlob: true, webauthn:extension:minPinLength: true, webauthn:extension:prf: true, webauthn:virtualAuthenticators: true}
Session ID: 2cf28825ea7a8a419a5b05b8e5d35d84</small> </font> </div>
<div class="test-event"> <font color="maroon"> <small> &emsp; &emsp;--- 05 May 00:38:58 840 - <b>0</b> - Spinner Load Wait: (Sync) - ICar.support.WaitUtils.waitForSpinner(WaitUtils.java:225)</small> </font> </div>
<div class="test-message">&emsp;Back To Courses is displayed in the page </div>
<div class="test-message">&emsp;Successfully verified Back To Course Link&emsp;<a href=".\ScreenShot\URL_TC001_2723476454075900.png" target="_blank" >[ScreenShot]</a></div>
<div class="test-event"> <font color="maroon"> <small> &emsp; &emsp;--- 05 May 00:38:59 090 - Catched spinner load exception due to javascript error: {"status":32,"value":"An invalid or illegal selector was specified"}
  (Session info: chrome=124.0.6367.92)
Build info: version: '4.6.0', revision: '79f1c02ae20'
System info: os.name: 'Windows 10', os.arch: 'amd64', os.version: '10.0', java.version: '17.0.7'
Driver info: org.openqa.selenium.chrome.ChromeDriver
Command: [2cf28825ea7a8a419a5b05b8e5d35d84, findElement {using=css selector, value=div[class='slds-spinner slds-spinner_brand slds-spinner_small']>div:nth-child(2)r}]
Capabilities {acceptInsecureCerts: false, browserName: chrome, browserVersion: 124.0.6367.92, chrome: {chromedriverVersion: 124.0.6367.91 (51df0e5e17a8..., userDataDir: C:\Users\PRATHA~1.KUM\AppDa...}, fedcm:accounts: true, goog:chromeOptions: {debuggerAddress: localhost:49451}, networkConnectionEnabled: false, pageLoadStrategy: normal, platformName: WINDOWS, proxy: Proxy(), se:cdp: ws://localhost:49451/devtoo..., se:cdpVersion: 124.0.6367.92, setWindowRect: true, strictFileInteractability: false, timeouts: {implicit: 0, pageLoad: 300000, script: 30000}, unhandledPromptBehavior: dismiss and notify, webauthn:extension:credBlob: true, webauthn:extension:largeBlob: true, webauthn:extension:minPinLength: true, webauthn:extension:prf: true, webauthn:virtualAuthenticators: true}
Session ID: 2cf28825ea7a8a419a5b05b8e5d35d84</small> </font> </div>
<div class="test-event"> <font color="maroon"> <small> &emsp; &emsp;--- 05 May 00:38:59 090 - <b>0</b> - Spinner Load Wait: (Sync) - ICar.support.WaitUtils.waitForSpinner(WaitUtils.java:225)</small> </font> </div>
<div class="test-event"> <font color="maroon"> <small> &emsp; &emsp;--- 05 May 00:38:59 157 - Page URL:: https://www.i-car.com/product/understanding-vehicle-communication-networks</small> </font> </div>
<div class="test-event"> <font color="maroon"> <small> &emsp; &emsp;--- 05 May 00:38:59 157 - <b>0</b> - Page Load Wait: (Sync) - ICar.support.Utils.waitForPageLoad(Utils.java:109)</small> </font> </div>
<div class="test-event"> <font color="maroon"> <small> &emsp; &emsp;--- 05 May 00:39:09 204 - Element is displayed:: [[ChromeDriver: chrome on WINDOWS (2cf28825ea7a8a419a5b05b8e5d35d84)] -> xpath: //div[@class='productDetails slds-p-bottom_large']//div[contains(@class,'slds-p-bottom_medium')]]</small> </font> </div>
<div class="test-message">&emsp;Course Name : UnderstandingVehicleCommunicationNetworks is displayed in the URL page</div>
<div class="test-message">&emsp;Successfully verified the course name for relevant link&emsp;<a href=".\ScreenShot\URL_TC001_2723494836657800.png" target="_blank" >[ScreenShot]</a></div>
<div class="test-message">&emsp;
</div>
<div class="test-message">&emsp;169. URL is : https://www.i-car.com/product/powertrain-and-driveline-system-troubleshooting-and-service</div>
<div class="test-event"> <font color="maroon"> <small> &emsp; &emsp;--- 05 May 00:39:18 613 - Page URL:: https://www.i-car.com/product/powertrain-and-driveline-system-troubleshooting-and-service</small> </font> </div>
<div class="test-event"> <font color="maroon"> <small> &emsp; &emsp;--- 05 May 00:39:18 614 - <b>0</b> - Page Load Wait: (Sync) - ICar.support.Utils.waitForPageLoad(Utils.java:109)</small> </font> </div>
<div class="test-message">&emsp;Successfully navigated to the :  https://www.i-car.com/product/powertrain-and-driveline-system-troubleshooting-and-service   Page&emsp;<a href=".\ScreenShot\URL_TC001_2723496219616000.png" target="_blank" >[ScreenShot]</a></div>
<div class="test-event"> <font color="maroon"> <small> &emsp; &emsp;--- 05 May 00:39:18 872 - Page URL:: https://www.i-car.com/product/powertrain-and-driveline-system-troubleshooting-and-service</small> </font> </div>
<div class="test-event"> <font color="maroon"> <small> &emsp; &emsp;--- 05 May 00:39:18 872 - <b>0</b> - Page Load Wait: (Sync) - ICar.support.Utils.waitForPageLoad(Utils.java:109)</small> </font> </div>
<div class="test-event"> <font color="maroon"> <small> &emsp; &emsp;--- 05 May 00:39:18 881 - Catched spinner load exception due to javascript error: {"status":32,"value":"An invalid or illegal selector was specified"}
  (Session info: chrome=124.0.6367.92)
Build info: version: '4.6.0', revision: '79f1c02ae20'
System info: os.name: 'Windows 10', os.arch: 'amd64', os.version: '10.0', java.version: '17.0.7'
Driver info: org.openqa.selenium.chrome.ChromeDriver
Command: [2cf28825ea7a8a419a5b05b8e5d35d84, findElement {using=css selector, value=div[class='slds-spinner slds-spinner_brand slds-spinner_small']>div:nth-child(2)r}]
Capabilities {acceptInsecureCerts: false, browserName: chrome, browserVersion: 124.0.6367.92, chrome: {chromedriverVersion: 124.0.6367.91 (51df0e5e17a8..., userDataDir: C:\Users\PRATHA~1.KUM\AppDa...}, fedcm:accounts: true, goog:chromeOptions: {debuggerAddress: localhost:49451}, networkConnectionEnabled: false, pageLoadStrategy: normal, platformName: WINDOWS, proxy: Proxy(), se:cdp: ws://localhost:49451/devtoo..., se:cdpVersion: 124.0.6367.92, setWindowRect: true, strictFileInteractability: false, timeouts: {implicit: 0, pageLoad: 300000, script: 30000}, unhandledPromptBehavior: dismiss and notify, webauthn:extension:credBlob: true, webauthn:extension:largeBlob: true, webauthn:extension:minPinLength: true, webauthn:extension:prf: true, webauthn:virtualAuthenticators: true}
Session ID: 2cf28825ea7a8a419a5b05b8e5d35d84</small> </font> </div>
<div class="test-event"> <font color="maroon"> <small> &emsp; &emsp;--- 05 May 00:39:18 881 - <b>0</b> - Spinner Load Wait: (Sync) - ICar.support.WaitUtils.waitForSpinner(WaitUtils.java:225)</small> </font> </div>
<div class="test-event"> <font color="maroon"> <small> &emsp; &emsp;--- 05 May 00:39:28 962 - Page URL:: https://www.i-car.com/product/powertrain-and-driveline-system-troubleshooting-and-service</small> </font> </div>
<div class="test-event"> <font color="maroon"> <small> &emsp; &emsp;--- 05 May 00:39:28 962 - <b>0</b> - Page Load Wait: (Sync) - ICar.support.Utils.waitForPageLoad(Utils.java:109)</small> </font> </div>
<div class="test-event"> <font color="maroon"> <small> &emsp; &emsp;--- 05 May 00:39:28 979 - Element is displayed:: [[ChromeDriver: chrome on WINDOWS (2cf28825ea7a8a419a5b05b8e5d35d84)] -> xpath: //a[contains(text(),'Back to Courses')]]</small> </font> </div>
<div class="test-event"> <font color="maroon"> <small> &emsp; &emsp;--- 05 May 00:39:35 996 - Catched spinner load exception due to javascript error: {"status":32,"value":"An invalid or illegal selector was specified"}
  (Session info: chrome=124.0.6367.92)
Build info: version: '4.6.0', revision: '79f1c02ae20'
System info: os.name: 'Windows 10', os.arch: 'amd64', os.version: '10.0', java.version: '17.0.7'
Driver info: org.openqa.selenium.chrome.ChromeDriver
Command: [2cf28825ea7a8a419a5b05b8e5d35d84, findElement {using=css selector, value=div[class='slds-spinner slds-spinner_brand slds-spinner_small']>div:nth-child(2)r}]
Capabilities {acceptInsecureCerts: false, browserName: chrome, browserVersion: 124.0.6367.92, chrome: {chromedriverVersion: 124.0.6367.91 (51df0e5e17a8..., userDataDir: C:\Users\PRATHA~1.KUM\AppDa...}, fedcm:accounts: true, goog:chromeOptions: {debuggerAddress: localhost:49451}, networkConnectionEnabled: false, pageLoadStrategy: normal, platformName: WINDOWS, proxy: Proxy(), se:cdp: ws://localhost:49451/devtoo..., se:cdpVersion: 124.0.6367.92, setWindowRect: true, strictFileInteractability: false, timeouts: {implicit: 0, pageLoad: 300000, script: 30000}, unhandledPromptBehavior: dismiss and notify, webauthn:extension:credBlob: true, webauthn:extension:largeBlob: true, webauthn:extension:minPinLength: true, webauthn:extension:prf: true, webauthn:virtualAuthenticators: true}
Session ID: 2cf28825ea7a8a419a5b05b8e5d35d84</small> </font> </div>
<div class="test-event"> <font color="maroon"> <small> &emsp; &emsp;--- 05 May 00:39:35 997 - <b>0</b> - Spinner Load Wait: (Sync) - ICar.support.WaitUtils.waitForSpinner(WaitUtils.java:225)</small> </font> </div>
<div class="test-message">&emsp;Back To Courses is displayed in the page </div>
<div class="test-message">&emsp;Successfully verified Back To Course Link&emsp;<a href=".\ScreenShot\URL_TC001_2723513611738200.png" target="_blank" >[ScreenShot]</a></div>
<div class="test-event"> <font color="maroon"> <small> &emsp; &emsp;--- 05 May 00:39:36 261 - Catched spinner load exception due to javascript error: {"status":32,"value":"An invalid or illegal selector was specified"}
  (Session info: chrome=124.0.6367.92)
Build info: version: '4.6.0', revision: '79f1c02ae20'
System info: os.name: 'Windows 10', os.arch: 'amd64', os.version: '10.0', java.version: '17.0.7'
Driver info: org.openqa.selenium.chrome.ChromeDriver
Command: [2cf28825ea7a8a419a5b05b8e5d35d84, findElement {using=css selector, value=div[class='slds-spinner slds-spinner_brand slds-spinner_small']>div:nth-child(2)r}]
Capabilities {acceptInsecureCerts: false, browserName: chrome, browserVersion: 124.0.6367.92, chrome: {chromedriverVersion: 124.0.6367.91 (51df0e5e17a8..., userDataDir: C:\Users\PRATHA~1.KUM\AppDa...}, fedcm:accounts: true, goog:chromeOptions: {debuggerAddress: localhost:49451}, networkConnectionEnabled: false, pageLoadStrategy: normal, platformName: WINDOWS, proxy: Proxy(), se:cdp: ws://localhost:49451/devtoo..., se:cdpVersion: 124.0.6367.92, setWindowRect: true, strictFileInteractability: false, timeouts: {implicit: 0, pageLoad: 300000, script: 30000}, unhandledPromptBehavior: dismiss and notify, webauthn:extension:credBlob: true, webauthn:extension:largeBlob: true, webauthn:extension:minPinLength: true, webauthn:extension:prf: true, webauthn:virtualAuthenticators: true}
Session ID: 2cf28825ea7a8a419a5b05b8e5d35d84</small> </font> </div>
<div class="test-event"> <font color="maroon"> <small> &emsp; &emsp;--- 05 May 00:39:36 261 - <b>0</b> - Spinner Load Wait: (Sync) - ICar.support.WaitUtils.waitForSpinner(WaitUtils.java:225)</small> </font> </div>
<div class="test-event"> <font color="maroon"> <small> &emsp; &emsp;--- 05 May 00:39:36 320 - Page URL:: https://www.i-car.com/product/powertrain-and-driveline-system-troubleshooting-and-service</small> </font> </div>
<div class="test-event"> <font color="maroon"> <small> &emsp; &emsp;--- 05 May 00:39:36 320 - <b>0</b> - Page Load Wait: (Sync) - ICar.support.Utils.waitForPageLoad(Utils.java:109)</small> </font> </div>
<div class="test-event"> <font color="maroon"> <small> &emsp; &emsp;--- 05 May 00:39:46 364 - Element is displayed:: [[ChromeDriver: chrome on WINDOWS (2cf28825ea7a8a419a5b05b8e5d35d84)] -> xpath: //div[@class='productDetails slds-p-bottom_large']//div[contains(@class,'slds-p-bottom_medium')]]</small> </font> </div>
<div class="test-message">&emsp;Course Name : PowertrainandDrivelineSystemTroubleshootingandService is displayed in the URL page</div>
<div class="test-message">&emsp;Successfully verified the course name for relevant link&emsp;<a href=".\ScreenShot\URL_TC001_2723531990706400.png" target="_blank" >[ScreenShot]</a></div>
<div class="test-message">&emsp;
</div>
<div class="test-message">&emsp;170. URL is : https://www.i-car.com/product/hunter-engineering-inspection-equipment</div>
<div class="test-event"> <font color="maroon"> <small> &emsp; &emsp;--- 05 May 00:39:55 574 - Page URL:: https://www.i-car.com/product/hunter-engineering-inspection-equipment</small> </font> </div>
<div class="test-event"> <font color="maroon"> <small> &emsp; &emsp;--- 05 May 00:39:55 575 - <b>0</b> - Page Load Wait: (Sync) - ICar.support.Utils.waitForPageLoad(Utils.java:109)</small> </font> </div>
<div class="test-message">&emsp;Successfully navigated to the :  https://www.i-car.com/product/hunter-engineering-inspection-equipment   Page&emsp;<a href=".\ScreenShot\URL_TC001_2723533179283200.png" target="_blank" >[ScreenShot]</a></div>
<div class="test-event"> <font color="maroon"> <small> &emsp; &emsp;--- 05 May 00:39:55 881 - Page URL:: https://www.i-car.com/product/hunter-engineering-inspection-equipment</small> </font> </div>
<div class="test-event"> <font color="maroon"> <small> &emsp; &emsp;--- 05 May 00:39:55 881 - <b>0</b> - Page Load Wait: (Sync) - ICar.support.Utils.waitForPageLoad(Utils.java:109)</small> </font> </div>
<div class="test-event"> <font color="maroon"> <small> &emsp; &emsp;--- 05 May 00:39:55 891 - Catched spinner load exception due to javascript error: {"status":32,"value":"An invalid or illegal selector was specified"}
  (Session info: chrome=124.0.6367.92)
Build info: version: '4.6.0', revision: '79f1c02ae20'
System info: os.name: 'Windows 10', os.arch: 'amd64', os.version: '10.0', java.version: '17.0.7'
Driver info: org.openqa.selenium.chrome.ChromeDriver
Command: [2cf28825ea7a8a419a5b05b8e5d35d84, findElement {using=css selector, value=div[class='slds-spinner slds-spinner_brand slds-spinner_small']>div:nth-child(2)r}]
Capabilities {acceptInsecureCerts: false, browserName: chrome, browserVersion: 124.0.6367.92, chrome: {chromedriverVersion: 124.0.6367.91 (51df0e5e17a8..., userDataDir: C:\Users\PRATHA~1.KUM\AppDa...}, fedcm:accounts: true, goog:chromeOptions: {debuggerAddress: localhost:49451}, networkConnectionEnabled: false, pageLoadStrategy: normal, platformName: WINDOWS, proxy: Proxy(), se:cdp: ws://localhost:49451/devtoo..., se:cdpVersion: 124.0.6367.92, setWindowRect: true, strictFileInteractability: false, timeouts: {implicit: 0, pageLoad: 300000, script: 30000}, unhandledPromptBehavior: dismiss and notify, webauthn:extension:credBlob: true, webauthn:extension:largeBlob: true, webauthn:extension:minPinLength: true, webauthn:extension:prf: true, webauthn:virtualAuthenticators: true}
Session ID: 2cf28825ea7a8a419a5b05b8e5d35d84</small> </font> </div>
<div class="test-event"> <font color="maroon"> <small> &emsp; &emsp;--- 05 May 00:39:55 891 - <b>0</b> - Spinner Load Wait: (Sync) - ICar.support.WaitUtils.waitForSpinner(WaitUtils.java:225)</small> </font> </div>
<div class="test-event"> <font color="maroon"> <small> &emsp; &emsp;--- 05 May 00:40:05 972 - Page URL:: https://www.i-car.com/product/hunter-engineering-inspection-equipment</small> </font> </div>
<div class="test-event"> <font color="maroon"> <small> &emsp; &emsp;--- 05 May 00:40:05 972 - <b>0</b> - Page Load Wait: (Sync) - ICar.support.Utils.waitForPageLoad(Utils.java:109)</small> </font> </div>
<div class="test-event"> <font color="maroon"> <small> &emsp; &emsp;--- 05 May 00:40:05 988 - Element is displayed:: [[ChromeDriver: chrome on WINDOWS (2cf28825ea7a8a419a5b05b8e5d35d84)] -> xpath: //a[contains(text(),'Back to Courses')]]</small> </font> </div>
<div class="test-event"> <font color="maroon"> <small> &emsp; &emsp;--- 05 May 00:40:13 012 - Catched spinner load exception due to javascript error: {"status":32,"value":"An invalid or illegal selector was specified"}
  (Session info: chrome=124.0.6367.92)
Build info: version: '4.6.0', revision: '79f1c02ae20'
System info: os.name: 'Windows 10', os.arch: 'amd64', os.version: '10.0', java.version: '17.0.7'
Driver info: org.openqa.selenium.chrome.ChromeDriver
Command: [2cf28825ea7a8a419a5b05b8e5d35d84, findElement {using=css selector, value=div[class='slds-spinner slds-spinner_brand slds-spinner_small']>div:nth-child(2)r}]
Capabilities {acceptInsecureCerts: false, browserName: chrome, browserVersion: 124.0.6367.92, chrome: {chromedriverVersion: 124.0.6367.91 (51df0e5e17a8..., userDataDir: C:\Users\PRATHA~1.KUM\AppDa...}, fedcm:accounts: true, goog:chromeOptions: {debuggerAddress: localhost:49451}, networkConnectionEnabled: false, pageLoadStrategy: normal, platformName: WINDOWS, proxy: Proxy(), se:cdp: ws://localhost:49451/devtoo..., se:cdpVersion: 124.0.6367.92, setWindowRect: true, strictFileInteractability: false, timeouts: {implicit: 0, pageLoad: 300000, script: 30000}, unhandledPromptBehavior: dismiss and notify, webauthn:extension:credBlob: true, webauthn:extension:largeBlob: true, webauthn:extension:minPinLength: true, webauthn:extension:prf: true, webauthn:virtualAuthenticators: true}
Session ID: 2cf28825ea7a8a419a5b05b8e5d35d84</small> </font> </div>
<div class="test-event"> <font color="maroon"> <small> &emsp; &emsp;--- 05 May 00:40:13 012 - <b>0</b> - Spinner Load Wait: (Sync) - ICar.support.WaitUtils.waitForSpinner(WaitUtils.java:225)</small> </font> </div>
<div class="test-message">&emsp;Back To Courses is displayed in the page </div>
<div class="test-message">&emsp;Successfully verified Back To Course Link&emsp;<a href=".\ScreenShot\URL_TC001_2723550626618100.png" target="_blank" >[ScreenShot]</a></div>
<div class="test-event"> <font color="maroon"> <small> &emsp; &emsp;--- 05 May 00:40:13 253 - Catched spinner load exception due to javascript error: {"status":32,"value":"An invalid or illegal selector was specified"}
  (Session info: chrome=124.0.6367.92)
Build info: version: '4.6.0', revision: '79f1c02ae20'
System info: os.name: 'Windows 10', os.arch: 'amd64', os.version: '10.0', java.version: '17.0.7'
Driver info: org.openqa.selenium.chrome.ChromeDriver
Command: [2cf28825ea7a8a419a5b05b8e5d35d84, findElement {using=css selector, value=div[class='slds-spinner slds-spinner_brand slds-spinner_small']>div:nth-child(2)r}]
Capabilities {acceptInsecureCerts: false, browserName: chrome, browserVersion: 124.0.6367.92, chrome: {chromedriverVersion: 124.0.6367.91 (51df0e5e17a8..., userDataDir: C:\Users\PRATHA~1.KUM\AppDa...}, fedcm:accounts: true, goog:chromeOptions: {debuggerAddress: localhost:49451}, networkConnectionEnabled: false, pageLoadStrategy: normal, platformName: WINDOWS, proxy: Proxy(), se:cdp: ws://localhost:49451/devtoo..., se:cdpVersion: 124.0.6367.92, setWindowRect: true, strictFileInteractability: false, timeouts: {implicit: 0, pageLoad: 300000, script: 30000}, unhandledPromptBehavior: dismiss and notify, webauthn:extension:credBlob: true, webauthn:extension:largeBlob: true, webauthn:extension:minPinLength: true, webauthn:extension:prf: true, webauthn:virtualAuthenticators: true}
Session ID: 2cf28825ea7a8a419a5b05b8e5d35d84</small> </font> </div>
<div class="test-event"> <font color="maroon"> <small> &emsp; &emsp;--- 05 May 00:40:13 253 - <b>0</b> - Spinner Load Wait: (Sync) - ICar.support.WaitUtils.waitForSpinner(WaitUtils.java:225)</small> </font> </div>
<div class="test-event"> <font color="maroon"> <small> &emsp; &emsp;--- 05 May 00:40:13 314 - Page URL:: https://www.i-car.com/product/hunter-engineering-inspection-equipment</small> </font> </div>
<div class="test-event"> <font color="maroon"> <small> &emsp; &emsp;--- 05 May 00:40:13 315 - <b>0</b> - Page Load Wait: (Sync) - ICar.support.Utils.waitForPageLoad(Utils.java:109)</small> </font> </div>
<div class="test-event"> <font color="maroon"> <small> &emsp; &emsp;--- 05 May 00:40:23 367 - Element is displayed:: [[ChromeDriver: chrome on WINDOWS (2cf28825ea7a8a419a5b05b8e5d35d84)] -> xpath: //div[@class='productDetails slds-p-bottom_large']//div[contains(@class,'slds-p-bottom_medium')]]</small> </font> </div>
<div class="test-message">&emsp;Course Name : HunterEngineeringInspectionEquipment is displayed in the URL page</div>
<div class="test-message">&emsp;Successfully verified the course name for relevant link&emsp;<a href=".\ScreenShot\URL_TC001_2723569004658200.png" target="_blank" >[ScreenShot]</a></div>
<div class="test-message">&emsp;
</div>
<div class="test-message">&emsp;171. URL is : https://www.i-car.com/product/collision-repair-of-the-2021-general-motors-gm-fullframe-sport-utility-vehic</div>
<div class="test-event"> <font color="maroon"> <small> &emsp; &emsp;--- 05 May 00:40:33 374 - Page URL:: https://www.i-car.com/product/collision-repair-of-the-2021-general-motors-gm-fullframe-sport-utility-vehic</small> </font> </div>
<div class="test-event"> <font color="maroon"> <small> &emsp; &emsp;--- 05 May 00:40:33 374 - <b>0</b> - Page Load Wait: (Sync) - ICar.support.Utils.waitForPageLoad(Utils.java:109)</small> </font> </div>
<div class="test-message">&emsp;Successfully navigated to the :  https://www.i-car.com/product/collision-repair-of-the-2021-general-motors-gm-fullframe-sport-utility-vehic   Page&emsp;<a href=".\ScreenShot\URL_TC001_2723570979409000.png" target="_blank" >[ScreenShot]</a></div>
<div class="test-event"> <font color="maroon"> <small> &emsp; &emsp;--- 05 May 00:40:33 723 - Page URL:: https://www.i-car.com/product/collision-repair-of-the-2021-general-motors-gm-fullframe-sport-utility-vehic</small> </font> </div>
<div class="test-event"> <font color="maroon"> <small> &emsp; &emsp;--- 05 May 00:40:33 723 - <b>0</b> - Page Load Wait: (Sync) - ICar.support.Utils.waitForPageLoad(Utils.java:109)</small> </font> </div>
<div class="test-event"> <font color="maroon"> <small> &emsp; &emsp;--- 05 May 00:40:33 732 - Catched spinner load exception due to javascript error: {"status":32,"value":"An invalid or illegal selector was specified"}
  (Session info: chrome=124.0.6367.92)
Build info: version: '4.6.0', revision: '79f1c02ae20'
System info: os.name: 'Windows 10', os.arch: 'amd64', os.version: '10.0', java.version: '17.0.7'
Driver info: org.openqa.selenium.chrome.ChromeDriver
Command: [2cf28825ea7a8a419a5b05b8e5d35d84, findElement {using=css selector, value=div[class='slds-spinner slds-spinner_brand slds-spinner_small']>div:nth-child(2)r}]
Capabilities {acceptInsecureCerts: false, browserName: chrome, browserVersion: 124.0.6367.92, chrome: {chromedriverVersion: 124.0.6367.91 (51df0e5e17a8..., userDataDir: C:\Users\PRATHA~1.KUM\AppDa...}, fedcm:accounts: true, goog:chromeOptions: {debuggerAddress: localhost:49451}, networkConnectionEnabled: false, pageLoadStrategy: normal, platformName: WINDOWS, proxy: Proxy(), se:cdp: ws://localhost:49451/devtoo..., se:cdpVersion: 124.0.6367.92, setWindowRect: true, strictFileInteractability: false, timeouts: {implicit: 0, pageLoad: 300000, script: 30000}, unhandledPromptBehavior: dismiss and notify, webauthn:extension:credBlob: true, webauthn:extension:largeBlob: true, webauthn:extension:minPinLength: true, webauthn:extension:prf: true, webauthn:virtualAuthenticators: true}
Session ID: 2cf28825ea7a8a419a5b05b8e5d35d84</small> </font> </div>
<div class="test-event"> <font color="maroon"> <small> &emsp; &emsp;--- 05 May 00:40:33 732 - <b>0</b> - Spinner Load Wait: (Sync) - ICar.support.WaitUtils.waitForSpinner(WaitUtils.java:225)</small> </font> </div>
<div class="test-event"> <font color="maroon"> <small> &emsp; &emsp;--- 05 May 00:40:43 805 - Page URL:: https://www.i-car.com/product/collision-repair-of-the-2021-general-motors-gm-fullframe-sport-utility-vehic</small> </font> </div>
<div class="test-event"> <font color="maroon"> <small> &emsp; &emsp;--- 05 May 00:40:43 805 - <b>0</b> - Page Load Wait: (Sync) - ICar.support.Utils.waitForPageLoad(Utils.java:109)</small> </font> </div>
<div class="test-event"> <font color="maroon"> <small> &emsp; &emsp;--- 05 May 00:40:43 822 - Element is displayed:: [[ChromeDriver: chrome on WINDOWS (2cf28825ea7a8a419a5b05b8e5d35d84)] -> xpath: //a[contains(text(),'Back to Courses')]]</small> </font> </div>
<div class="test-event"> <font color="maroon"> <small> &emsp; &emsp;--- 05 May 00:40:50 863 - Catched spinner load exception due to javascript error: {"status":32,"value":"An invalid or illegal selector was specified"}
  (Session info: chrome=124.0.6367.92)
Build info: version: '4.6.0', revision: '79f1c02ae20'
System info: os.name: 'Windows 10', os.arch: 'amd64', os.version: '10.0', java.version: '17.0.7'
Driver info: org.openqa.selenium.chrome.ChromeDriver
Command: [2cf28825ea7a8a419a5b05b8e5d35d84, findElement {using=css selector, value=div[class='slds-spinner slds-spinner_brand slds-spinner_small']>div:nth-child(2)r}]
Capabilities {acceptInsecureCerts: false, browserName: chrome, browserVersion: 124.0.6367.92, chrome: {chromedriverVersion: 124.0.6367.91 (51df0e5e17a8..., userDataDir: C:\Users\PRATHA~1.KUM\AppDa...}, fedcm:accounts: true, goog:chromeOptions: {debuggerAddress: localhost:49451}, networkConnectionEnabled: false, pageLoadStrategy: normal, platformName: WINDOWS, proxy: Proxy(), se:cdp: ws://localhost:49451/devtoo..., se:cdpVersion: 124.0.6367.92, setWindowRect: true, strictFileInteractability: false, timeouts: {implicit: 0, pageLoad: 300000, script: 30000}, unhandledPromptBehavior: dismiss and notify, webauthn:extension:credBlob: true, webauthn:extension:largeBlob: true, webauthn:extension:minPinLength: true, webauthn:extension:prf: true, webauthn:virtualAuthenticators: true}
Session ID: 2cf28825ea7a8a419a5b05b8e5d35d84</small> </font> </div>
<div class="test-event"> <font color="maroon"> <small> &emsp; &emsp;--- 05 May 00:40:50 863 - <b>0</b> - Spinner Load Wait: (Sync) - ICar.support.WaitUtils.waitForSpinner(WaitUtils.java:225)</small> </font> </div>
<div class="test-message">&emsp;Back To Courses is displayed in the page </div>
<div class="test-message">&emsp;Successfully verified Back To Course Link&emsp;<a href=".\ScreenShot\URL_TC001_2723588479206000.png" target="_blank" >[ScreenShot]</a></div>
<div class="test-event"> <font color="maroon"> <small> &emsp; &emsp;--- 05 May 00:40:51 141 - Catched spinner load exception due to javascript error: {"status":32,"value":"An invalid or illegal selector was specified"}
  (Session info: chrome=124.0.6367.92)
Build info: version: '4.6.0', revision: '79f1c02ae20'
System info: os.name: 'Windows 10', os.arch: 'amd64', os.version: '10.0', java.version: '17.0.7'
Driver info: org.openqa.selenium.chrome.ChromeDriver
Command: [2cf28825ea7a8a419a5b05b8e5d35d84, findElement {using=css selector, value=div[class='slds-spinner slds-spinner_brand slds-spinner_small']>div:nth-child(2)r}]
Capabilities {acceptInsecureCerts: false, browserName: chrome, browserVersion: 124.0.6367.92, chrome: {chromedriverVersion: 124.0.6367.91 (51df0e5e17a8..., userDataDir: C:\Users\PRATHA~1.KUM\AppDa...}, fedcm:accounts: true, goog:chromeOptions: {debuggerAddress: localhost:49451}, networkConnectionEnabled: false, pageLoadStrategy: normal, platformName: WINDOWS, proxy: Proxy(), se:cdp: ws://localhost:49451/devtoo..., se:cdpVersion: 124.0.6367.92, setWindowRect: true, strictFileInteractability: false, timeouts: {implicit: 0, pageLoad: 300000, script: 30000}, unhandledPromptBehavior: dismiss and notify, webauthn:extension:credBlob: true, webauthn:extension:largeBlob: true, webauthn:extension:minPinLength: true, webauthn:extension:prf: true, webauthn:virtualAuthenticators: true}
Session ID: 2cf28825ea7a8a419a5b05b8e5d35d84</small> </font> </div>
<div class="test-event"> <font color="maroon"> <small> &emsp; &emsp;--- 05 May 00:40:51 141 - <b>0</b> - Spinner Load Wait: (Sync) - ICar.support.WaitUtils.waitForSpinner(WaitUtils.java:225)</small> </font> </div>
<div class="test-event"> <font color="maroon"> <small> &emsp; &emsp;--- 05 May 00:40:51 211 - Page URL:: https://www.i-car.com/product/collision-repair-of-the-2021-general-motors-gm-fullframe-sport-utility-vehic</small> </font> </div>
<div class="test-event"> <font color="maroon"> <small> &emsp; &emsp;--- 05 May 00:40:51 211 - <b>0</b> - Page Load Wait: (Sync) - ICar.support.Utils.waitForPageLoad(Utils.java:109)</small> </font> </div>
<div class="test-event"> <font color="maroon"> <small> &emsp; &emsp;--- 05 May 00:41:01 253 - Element is displayed:: [[ChromeDriver: chrome on WINDOWS (2cf28825ea7a8a419a5b05b8e5d35d84)] -> xpath: //div[@class='productDetails slds-p-bottom_large']//div[contains(@class,'slds-p-bottom_medium')]]</small> </font> </div>
<div class="test-message">&emsp;Course Name : CollisionRepairofthe2021GeneralMotorsGMFullFrameSportUtilityVehic is displayed in the URL page</div>
<div class="test-message">&emsp;Successfully verified the course name for relevant link&emsp;<a href=".\ScreenShot\URL_TC001_2723606873009600.png" target="_blank" >[ScreenShot]</a></div>
<div class="test-message">&emsp;
</div>
<div class="test-message">&emsp;172. URL is : https://www.i-car.com/product/fca-diagnostic-data-recording-with-witech-flight-recording</div>
<div class="test-event"> <font color="maroon"> <small> &emsp; &emsp;--- 05 May 00:41:10 834 - Page URL:: https://www.i-car.com/product/fca-diagnostic-data-recording-with-witech-flight-recording</small> </font> </div>
<div class="test-event"> <font color="maroon"> <small> &emsp; &emsp;--- 05 May 00:41:10 834 - <b>0</b> - Page Load Wait: (Sync) - ICar.support.Utils.waitForPageLoad(Utils.java:109)</small> </font> </div>
<div class="test-message">&emsp;Successfully navigated to the :  https://www.i-car.com/product/fca-diagnostic-data-recording-with-witech-flight-recording   Page&emsp;<a href=".\ScreenShot\URL_TC001_2723608439205300.png" target="_blank" >[ScreenShot]</a></div>
<div class="test-event"> <font color="maroon"> <small> &emsp; &emsp;--- 05 May 00:41:11 137 - Page URL:: https://www.i-car.com/product/fca-diagnostic-data-recording-with-witech-flight-recording</small> </font> </div>
<div class="test-event"> <font color="maroon"> <small> &emsp; &emsp;--- 05 May 00:41:11 137 - <b>0</b> - Page Load Wait: (Sync) - ICar.support.Utils.waitForPageLoad(Utils.java:109)</small> </font> </div>
<div class="test-event"> <font color="maroon"> <small> &emsp; &emsp;--- 05 May 00:41:11 146 - Catched spinner load exception due to javascript error: {"status":32,"value":"An invalid or illegal selector was specified"}
  (Session info: chrome=124.0.6367.92)
Build info: version: '4.6.0', revision: '79f1c02ae20'
System info: os.name: 'Windows 10', os.arch: 'amd64', os.version: '10.0', java.version: '17.0.7'
Driver info: org.openqa.selenium.chrome.ChromeDriver
Command: [2cf28825ea7a8a419a5b05b8e5d35d84, findElement {using=css selector, value=div[class='slds-spinner slds-spinner_brand slds-spinner_small']>div:nth-child(2)r}]
Capabilities {acceptInsecureCerts: false, browserName: chrome, browserVersion: 124.0.6367.92, chrome: {chromedriverVersion: 124.0.6367.91 (51df0e5e17a8..., userDataDir: C:\Users\PRATHA~1.KUM\AppDa...}, fedcm:accounts: true, goog:chromeOptions: {debuggerAddress: localhost:49451}, networkConnectionEnabled: false, pageLoadStrategy: normal, platformName: WINDOWS, proxy: Proxy(), se:cdp: ws://localhost:49451/devtoo..., se:cdpVersion: 124.0.6367.92, setWindowRect: true, strictFileInteractability: false, timeouts: {implicit: 0, pageLoad: 300000, script: 30000}, unhandledPromptBehavior: dismiss and notify, webauthn:extension:credBlob: true, webauthn:extension:largeBlob: true, webauthn:extension:minPinLength: true, webauthn:extension:prf: true, webauthn:virtualAuthenticators: true}
Session ID: 2cf28825ea7a8a419a5b05b8e5d35d84</small> </font> </div>
<div class="test-event"> <font color="maroon"> <small> &emsp; &emsp;--- 05 May 00:41:11 146 - <b>0</b> - Spinner Load Wait: (Sync) - ICar.support.WaitUtils.waitForSpinner(WaitUtils.java:225)</small> </font> </div>
<div class="test-event"> <font color="maroon"> <small> &emsp; &emsp;--- 05 May 00:41:21 229 - Page URL:: https://www.i-car.com/product/fca-diagnostic-data-recording-with-witech-flight-recording</small> </font> </div>
<div class="test-event"> <font color="maroon"> <small> &emsp; &emsp;--- 05 May 00:41:21 229 - <b>0</b> - Page Load Wait: (Sync) - ICar.support.Utils.waitForPageLoad(Utils.java:109)</small> </font> </div>
<div class="test-event"> <font color="maroon"> <small> &emsp; &emsp;--- 05 May 00:41:21 247 - Element is displayed:: [[ChromeDriver: chrome on WINDOWS (2cf28825ea7a8a419a5b05b8e5d35d84)] -> xpath: //a[contains(text(),'Back to Courses')]]</small> </font> </div>
<div class="test-event"> <font color="maroon"> <small> &emsp; &emsp;--- 05 May 00:41:28 287 - Catched spinner load exception due to javascript error: {"status":32,"value":"An invalid or illegal selector was specified"}
  (Session info: chrome=124.0.6367.92)
Build info: version: '4.6.0', revision: '79f1c02ae20'
System info: os.name: 'Windows 10', os.arch: 'amd64', os.version: '10.0', java.version: '17.0.7'
Driver info: org.openqa.selenium.chrome.ChromeDriver
Command: [2cf28825ea7a8a419a5b05b8e5d35d84, findElement {using=css selector, value=div[class='slds-spinner slds-spinner_brand slds-spinner_small']>div:nth-child(2)r}]
Capabilities {acceptInsecureCerts: false, browserName: chrome, browserVersion: 124.0.6367.92, chrome: {chromedriverVersion: 124.0.6367.91 (51df0e5e17a8..., userDataDir: C:\Users\PRATHA~1.KUM\AppDa...}, fedcm:accounts: true, goog:chromeOptions: {debuggerAddress: localhost:49451}, networkConnectionEnabled: false, pageLoadStrategy: normal, platformName: WINDOWS, proxy: Proxy(), se:cdp: ws://localhost:49451/devtoo..., se:cdpVersion: 124.0.6367.92, setWindowRect: true, strictFileInteractability: false, timeouts: {implicit: 0, pageLoad: 300000, script: 30000}, unhandledPromptBehavior: dismiss and notify, webauthn:extension:credBlob: true, webauthn:extension:largeBlob: true, webauthn:extension:minPinLength: true, webauthn:extension:prf: true, webauthn:virtualAuthenticators: true}
Session ID: 2cf28825ea7a8a419a5b05b8e5d35d84</small> </font> </div>
<div class="test-event"> <font color="maroon"> <small> &emsp; &emsp;--- 05 May 00:41:28 287 - <b>0</b> - Spinner Load Wait: (Sync) - ICar.support.WaitUtils.waitForSpinner(WaitUtils.java:225)</small> </font> </div>
<div class="test-message">&emsp;Back To Courses is displayed in the page </div>
<div class="test-message">&emsp;Successfully verified Back To Course Link&emsp;<a href=".\ScreenShot\URL_TC001_2723625902670300.png" target="_blank" >[ScreenShot]</a></div>
<div class="test-event"> <font color="maroon"> <small> &emsp; &emsp;--- 05 May 00:41:28 534 - Catched spinner load exception due to javascript error: {"status":32,"value":"An invalid or illegal selector was specified"}
  (Session info: chrome=124.0.6367.92)
Build info: version: '4.6.0', revision: '79f1c02ae20'
System info: os.name: 'Windows 10', os.arch: 'amd64', os.version: '10.0', java.version: '17.0.7'
Driver info: org.openqa.selenium.chrome.ChromeDriver
Command: [2cf28825ea7a8a419a5b05b8e5d35d84, findElement {using=css selector, value=div[class='slds-spinner slds-spinner_brand slds-spinner_small']>div:nth-child(2)r}]
Capabilities {acceptInsecureCerts: false, browserName: chrome, browserVersion: 124.0.6367.92, chrome: {chromedriverVersion: 124.0.6367.91 (51df0e5e17a8..., userDataDir: C:\Users\PRATHA~1.KUM\AppDa...}, fedcm:accounts: true, goog:chromeOptions: {debuggerAddress: localhost:49451}, networkConnectionEnabled: false, pageLoadStrategy: normal, platformName: WINDOWS, proxy: Proxy(), se:cdp: ws://localhost:49451/devtoo..., se:cdpVersion: 124.0.6367.92, setWindowRect: true, strictFileInteractability: false, timeouts: {implicit: 0, pageLoad: 300000, script: 30000}, unhandledPromptBehavior: dismiss and notify, webauthn:extension:credBlob: true, webauthn:extension:largeBlob: true, webauthn:extension:minPinLength: true, webauthn:extension:prf: true, webauthn:virtualAuthenticators: true}
Session ID: 2cf28825ea7a8a419a5b05b8e5d35d84</small> </font> </div>
<div class="test-event"> <font color="maroon"> <small> &emsp; &emsp;--- 05 May 00:41:28 534 - <b>0</b> - Spinner Load Wait: (Sync) - ICar.support.WaitUtils.waitForSpinner(WaitUtils.java:225)</small> </font> </div>
<div class="test-event"> <font color="maroon"> <small> &emsp; &emsp;--- 05 May 00:41:28 595 - Page URL:: https://www.i-car.com/product/fca-diagnostic-data-recording-with-witech-flight-recording</small> </font> </div>
<div class="test-event"> <font color="maroon"> <small> &emsp; &emsp;--- 05 May 00:41:28 595 - <b>0</b> - Page Load Wait: (Sync) - ICar.support.Utils.waitForPageLoad(Utils.java:109)</small> </font> </div>
<div class="test-event"> <font color="maroon"> <small> &emsp; &emsp;--- 05 May 00:41:38 640 - Element is displayed:: [[ChromeDriver: chrome on WINDOWS (2cf28825ea7a8a419a5b05b8e5d35d84)] -> xpath: //div[@class='productDetails slds-p-bottom_large']//div[contains(@class,'slds-p-bottom_medium')]]</small> </font> </div>
<div class="test-message">&emsp;Course Name : FCADiagnosticDataRecordingwithwiTECHFlightRecording is displayed in the URL page</div>
<div class="test-message">&emsp;Successfully verified the course name for relevant link&emsp;<a href=".\ScreenShot\URL_TC001_2723644273975700.png" target="_blank" >[ScreenShot]</a></div>
<div class="test-message">&emsp;
</div>
<div class="test-message">&emsp;173. URL is : https://www.i-car.com/product/acura-nsx-damage-analysis</div>
<div class="test-event"> <font color="maroon"> <small> &emsp; &emsp;--- 05 May 00:41:47 817 - Page URL:: https://www.i-car.com/product/acura-nsx-damage-analysis</small> </font> </div>
<div class="test-event"> <font color="maroon"> <small> &emsp; &emsp;--- 05 May 00:41:47 817 - <b>0</b> - Page Load Wait: (Sync) - ICar.support.Utils.waitForPageLoad(Utils.java:109)</small> </font> </div>
<div class="test-message">&emsp;Successfully navigated to the :  https://www.i-car.com/product/acura-nsx-damage-analysis   Page&emsp;<a href=".\ScreenShot\URL_TC001_2723645421719600.png" target="_blank" >[ScreenShot]</a></div>
<div class="test-event"> <font color="maroon"> <small> &emsp; &emsp;--- 05 May 00:41:48 074 - Page URL:: https://www.i-car.com/product/acura-nsx-damage-analysis</small> </font> </div>
<div class="test-event"> <font color="maroon"> <small> &emsp; &emsp;--- 05 May 00:41:48 074 - <b>0</b> - Page Load Wait: (Sync) - ICar.support.Utils.waitForPageLoad(Utils.java:109)</small> </font> </div>
<div class="test-event"> <font color="maroon"> <small> &emsp; &emsp;--- 05 May 00:41:48 083 - Catched spinner load exception due to javascript error: {"status":32,"value":"An invalid or illegal selector was specified"}
  (Session info: chrome=124.0.6367.92)
Build info: version: '4.6.0', revision: '79f1c02ae20'
System info: os.name: 'Windows 10', os.arch: 'amd64', os.version: '10.0', java.version: '17.0.7'
Driver info: org.openqa.selenium.chrome.ChromeDriver
Command: [2cf28825ea7a8a419a5b05b8e5d35d84, findElement {using=css selector, value=div[class='slds-spinner slds-spinner_brand slds-spinner_small']>div:nth-child(2)r}]
Capabilities {acceptInsecureCerts: false, browserName: chrome, browserVersion: 124.0.6367.92, chrome: {chromedriverVersion: 124.0.6367.91 (51df0e5e17a8..., userDataDir: C:\Users\PRATHA~1.KUM\AppDa...}, fedcm:accounts: true, goog:chromeOptions: {debuggerAddress: localhost:49451}, networkConnectionEnabled: false, pageLoadStrategy: normal, platformName: WINDOWS, proxy: Proxy(), se:cdp: ws://localhost:49451/devtoo..., se:cdpVersion: 124.0.6367.92, setWindowRect: true, strictFileInteractability: false, timeouts: {implicit: 0, pageLoad: 300000, script: 30000}, unhandledPromptBehavior: dismiss and notify, webauthn:extension:credBlob: true, webauthn:extension:largeBlob: true, webauthn:extension:minPinLength: true, webauthn:extension:prf: true, webauthn:virtualAuthenticators: true}
Session ID: 2cf28825ea7a8a419a5b05b8e5d35d84</small> </font> </div>
<div class="test-event"> <font color="maroon"> <small> &emsp; &emsp;--- 05 May 00:41:48 083 - <b>0</b> - Spinner Load Wait: (Sync) - ICar.support.WaitUtils.waitForSpinner(WaitUtils.java:225)</small> </font> </div>
<div class="test-event"> <font color="maroon"> <small> &emsp; &emsp;--- 05 May 00:41:58 157 - Page URL:: https://www.i-car.com/product/acura-nsx-damage-analysis</small> </font> </div>
<div class="test-event"> <font color="maroon"> <small> &emsp; &emsp;--- 05 May 00:41:58 157 - <b>0</b> - Page Load Wait: (Sync) - ICar.support.Utils.waitForPageLoad(Utils.java:109)</small> </font> </div>
<div class="test-event"> <font color="maroon"> <small> &emsp; &emsp;--- 05 May 00:41:58 172 - Element is displayed:: [[ChromeDriver: chrome on WINDOWS (2cf28825ea7a8a419a5b05b8e5d35d84)] -> xpath: //a[contains(text(),'Back to Courses')]]</small> </font> </div>
<div class="test-event"> <font color="maroon"> <small> &emsp; &emsp;--- 05 May 00:42:05 202 - Catched spinner load exception due to javascript error: {"status":32,"value":"An invalid or illegal selector was specified"}
  (Session info: chrome=124.0.6367.92)
Build info: version: '4.6.0', revision: '79f1c02ae20'
System info: os.name: 'Windows 10', os.arch: 'amd64', os.version: '10.0', java.version: '17.0.7'
Driver info: org.openqa.selenium.chrome.ChromeDriver
Command: [2cf28825ea7a8a419a5b05b8e5d35d84, findElement {using=css selector, value=div[class='slds-spinner slds-spinner_brand slds-spinner_small']>div:nth-child(2)r}]
Capabilities {acceptInsecureCerts: false, browserName: chrome, browserVersion: 124.0.6367.92, chrome: {chromedriverVersion: 124.0.6367.91 (51df0e5e17a8..., userDataDir: C:\Users\PRATHA~1.KUM\AppDa...}, fedcm:accounts: true, goog:chromeOptions: {debuggerAddress: localhost:49451}, networkConnectionEnabled: false, pageLoadStrategy: normal, platformName: WINDOWS, proxy: Proxy(), se:cdp: ws://localhost:49451/devtoo..., se:cdpVersion: 124.0.6367.92, setWindowRect: true, strictFileInteractability: false, timeouts: {implicit: 0, pageLoad: 300000, script: 30000}, unhandledPromptBehavior: dismiss and notify, webauthn:extension:credBlob: true, webauthn:extension:largeBlob: true, webauthn:extension:minPinLength: true, webauthn:extension:prf: true, webauthn:virtualAuthenticators: true}
Session ID: 2cf28825ea7a8a419a5b05b8e5d35d84</small> </font> </div>
<div class="test-event"> <font color="maroon"> <small> &emsp; &emsp;--- 05 May 00:42:05 202 - <b>0</b> - Spinner Load Wait: (Sync) - ICar.support.WaitUtils.waitForSpinner(WaitUtils.java:225)</small> </font> </div>
<div class="test-message">&emsp;Back To Courses is displayed in the page </div>
<div class="test-message">&emsp;Successfully verified Back To Course Link&emsp;<a href=".\ScreenShot\URL_TC001_2723662816113900.png" target="_blank" >[ScreenShot]</a></div>
<div class="test-event"> <font color="maroon"> <small> &emsp; &emsp;--- 05 May 00:42:05 438 - Catched spinner load exception due to javascript error: {"status":32,"value":"An invalid or illegal selector was specified"}
  (Session info: chrome=124.0.6367.92)
Build info: version: '4.6.0', revision: '79f1c02ae20'
System info: os.name: 'Windows 10', os.arch: 'amd64', os.version: '10.0', java.version: '17.0.7'
Driver info: org.openqa.selenium.chrome.ChromeDriver
Command: [2cf28825ea7a8a419a5b05b8e5d35d84, findElement {using=css selector, value=div[class='slds-spinner slds-spinner_brand slds-spinner_small']>div:nth-child(2)r}]
Capabilities {acceptInsecureCerts: false, browserName: chrome, browserVersion: 124.0.6367.92, chrome: {chromedriverVersion: 124.0.6367.91 (51df0e5e17a8..., userDataDir: C:\Users\PRATHA~1.KUM\AppDa...}, fedcm:accounts: true, goog:chromeOptions: {debuggerAddress: localhost:49451}, networkConnectionEnabled: false, pageLoadStrategy: normal, platformName: WINDOWS, proxy: Proxy(), se:cdp: ws://localhost:49451/devtoo..., se:cdpVersion: 124.0.6367.92, setWindowRect: true, strictFileInteractability: false, timeouts: {implicit: 0, pageLoad: 300000, script: 30000}, unhandledPromptBehavior: dismiss and notify, webauthn:extension:credBlob: true, webauthn:extension:largeBlob: true, webauthn:extension:minPinLength: true, webauthn:extension:prf: true, webauthn:virtualAuthenticators: true}
Session ID: 2cf28825ea7a8a419a5b05b8e5d35d84</small> </font> </div>
<div class="test-event"> <font color="maroon"> <small> &emsp; &emsp;--- 05 May 00:42:05 438 - <b>0</b> - Spinner Load Wait: (Sync) - ICar.support.WaitUtils.waitForSpinner(WaitUtils.java:225)</small> </font> </div>
<div class="test-event"> <font color="maroon"> <small> &emsp; &emsp;--- 05 May 00:42:05 502 - Page URL:: https://www.i-car.com/product/acura-nsx-damage-analysis</small> </font> </div>
<div class="test-event"> <font color="maroon"> <small> &emsp; &emsp;--- 05 May 00:42:05 502 - <b>0</b> - Page Load Wait: (Sync) - ICar.support.Utils.waitForPageLoad(Utils.java:109)</small> </font> </div>
<div class="test-event"> <font color="maroon"> <small> &emsp; &emsp;--- 05 May 00:42:15 558 - Element is displayed:: [[ChromeDriver: chrome on WINDOWS (2cf28825ea7a8a419a5b05b8e5d35d84)] -> xpath: //div[@class='productDetails slds-p-bottom_large']//div[contains(@class,'slds-p-bottom_medium')]]</small> </font> </div>
<div class="test-message">&emsp;Course Name : AcuraNSXDamageAnalysis is displayed in the URL page</div>
<div class="test-message">&emsp;Successfully verified the course name for relevant link&emsp;<a href=".\ScreenShot\URL_TC001_2723681189961100.png" target="_blank" >[ScreenShot]</a></div>
<div class="test-message">&emsp;
</div>
<div class="test-message">&emsp;174. URL is : https://www.i-car.com/product/vehicle-construction-material-types</div>
<div class="test-event"> <font color="maroon"> <small> &emsp; &emsp;--- 05 May 00:42:25 213 - Page URL:: https://www.i-car.com/product/vehicle-construction-material-types</small> </font> </div>
<div class="test-event"> <font color="maroon"> <small> &emsp; &emsp;--- 05 May 00:42:25 213 - <b>0</b> - Page Load Wait: (Sync) - ICar.support.Utils.waitForPageLoad(Utils.java:109)</small> </font> </div>
<div class="test-message">&emsp;Successfully navigated to the :  https://www.i-car.com/product/vehicle-construction-material-types   Page&emsp;<a href=".\ScreenShot\URL_TC001_2723682819174200.png" target="_blank" >[ScreenShot]</a></div>
<div class="test-event"> <font color="maroon"> <small> &emsp; &emsp;--- 05 May 00:42:25 501 - Page URL:: https://www.i-car.com/product/vehicle-construction-material-types</small> </font> </div>
<div class="test-event"> <font color="maroon"> <small> &emsp; &emsp;--- 05 May 00:42:25 501 - <b>0</b> - Page Load Wait: (Sync) - ICar.support.Utils.waitForPageLoad(Utils.java:109)</small> </font> </div>
<div class="test-event"> <font color="maroon"> <small> &emsp; &emsp;--- 05 May 00:42:25 509 - Catched spinner load exception due to javascript error: {"status":32,"value":"An invalid or illegal selector was specified"}
  (Session info: chrome=124.0.6367.92)
Build info: version: '4.6.0', revision: '79f1c02ae20'
System info: os.name: 'Windows 10', os.arch: 'amd64', os.version: '10.0', java.version: '17.0.7'
Driver info: org.openqa.selenium.chrome.ChromeDriver
Command: [2cf28825ea7a8a419a5b05b8e5d35d84, findElement {using=css selector, value=div[class='slds-spinner slds-spinner_brand slds-spinner_small']>div:nth-child(2)r}]
Capabilities {acceptInsecureCerts: false, browserName: chrome, browserVersion: 124.0.6367.92, chrome: {chromedriverVersion: 124.0.6367.91 (51df0e5e17a8..., userDataDir: C:\Users\PRATHA~1.KUM\AppDa...}, fedcm:accounts: true, goog:chromeOptions: {debuggerAddress: localhost:49451}, networkConnectionEnabled: false, pageLoadStrategy: normal, platformName: WINDOWS, proxy: Proxy(), se:cdp: ws://localhost:49451/devtoo..., se:cdpVersion: 124.0.6367.92, setWindowRect: true, strictFileInteractability: false, timeouts: {implicit: 0, pageLoad: 300000, script: 30000}, unhandledPromptBehavior: dismiss and notify, webauthn:extension:credBlob: true, webauthn:extension:largeBlob: true, webauthn:extension:minPinLength: true, webauthn:extension:prf: true, webauthn:virtualAuthenticators: true}
Session ID: 2cf28825ea7a8a419a5b05b8e5d35d84</small> </font> </div>
<div class="test-event"> <font color="maroon"> <small> &emsp; &emsp;--- 05 May 00:42:25 509 - <b>0</b> - Spinner Load Wait: (Sync) - ICar.support.WaitUtils.waitForSpinner(WaitUtils.java:225)</small> </font> </div>
<div class="test-event"> <font color="maroon"> <small> &emsp; &emsp;--- 05 May 00:42:35 582 - Page URL:: https://www.i-car.com/product/vehicle-construction-material-types</small> </font> </div>
<div class="test-event"> <font color="maroon"> <small> &emsp; &emsp;--- 05 May 00:42:35 582 - <b>0</b> - Page Load Wait: (Sync) - ICar.support.Utils.waitForPageLoad(Utils.java:109)</small> </font> </div>
<div class="test-event"> <font color="maroon"> <small> &emsp; &emsp;--- 05 May 00:42:35 598 - Element is displayed:: [[ChromeDriver: chrome on WINDOWS (2cf28825ea7a8a419a5b05b8e5d35d84)] -> xpath: //a[contains(text(),'Back to Courses')]]</small> </font> </div>
<div class="test-event"> <font color="maroon"> <small> &emsp; &emsp;--- 05 May 00:42:42 628 - Catched spinner load exception due to javascript error: {"status":32,"value":"An invalid or illegal selector was specified"}
  (Session info: chrome=124.0.6367.92)
Build info: version: '4.6.0', revision: '79f1c02ae20'
System info: os.name: 'Windows 10', os.arch: 'amd64', os.version: '10.0', java.version: '17.0.7'
Driver info: org.openqa.selenium.chrome.ChromeDriver
Command: [2cf28825ea7a8a419a5b05b8e5d35d84, findElement {using=css selector, value=div[class='slds-spinner slds-spinner_brand slds-spinner_small']>div:nth-child(2)r}]
Capabilities {acceptInsecureCerts: false, browserName: chrome, browserVersion: 124.0.6367.92, chrome: {chromedriverVersion: 124.0.6367.91 (51df0e5e17a8..., userDataDir: C:\Users\PRATHA~1.KUM\AppDa...}, fedcm:accounts: true, goog:chromeOptions: {debuggerAddress: localhost:49451}, networkConnectionEnabled: false, pageLoadStrategy: normal, platformName: WINDOWS, proxy: Proxy(), se:cdp: ws://localhost:49451/devtoo..., se:cdpVersion: 124.0.6367.92, setWindowRect: true, strictFileInteractability: false, timeouts: {implicit: 0, pageLoad: 300000, script: 30000}, unhandledPromptBehavior: dismiss and notify, webauthn:extension:credBlob: true, webauthn:extension:largeBlob: true, webauthn:extension:minPinLength: true, webauthn:extension:prf: true, webauthn:virtualAuthenticators: true}
Session ID: 2cf28825ea7a8a419a5b05b8e5d35d84</small> </font> </div>
<div class="test-event"> <font color="maroon"> <small> &emsp; &emsp;--- 05 May 00:42:42 628 - <b>0</b> - Spinner Load Wait: (Sync) - ICar.support.WaitUtils.waitForSpinner(WaitUtils.java:225)</small> </font> </div>
<div class="test-message">&emsp;Back To Courses is displayed in the page </div>
<div class="test-message">&emsp;Successfully verified Back To Course Link&emsp;<a href=".\ScreenShot\URL_TC001_2723700241334700.png" target="_blank" >[ScreenShot]</a></div>
<div class="test-event"> <font color="maroon"> <small> &emsp; &emsp;--- 05 May 00:42:42 894 - Catched spinner load exception due to javascript error: {"status":32,"value":"An invalid or illegal selector was specified"}
  (Session info: chrome=124.0.6367.92)
Build info: version: '4.6.0', revision: '79f1c02ae20'
System info: os.name: 'Windows 10', os.arch: 'amd64', os.version: '10.0', java.version: '17.0.7'
Driver info: org.openqa.selenium.chrome.ChromeDriver
Command: [2cf28825ea7a8a419a5b05b8e5d35d84, findElement {using=css selector, value=div[class='slds-spinner slds-spinner_brand slds-spinner_small']>div:nth-child(2)r}]
Capabilities {acceptInsecureCerts: false, browserName: chrome, browserVersion: 124.0.6367.92, chrome: {chromedriverVersion: 124.0.6367.91 (51df0e5e17a8..., userDataDir: C:\Users\PRATHA~1.KUM\AppDa...}, fedcm:accounts: true, goog:chromeOptions: {debuggerAddress: localhost:49451}, networkConnectionEnabled: false, pageLoadStrategy: normal, platformName: WINDOWS, proxy: Proxy(), se:cdp: ws://localhost:49451/devtoo..., se:cdpVersion: 124.0.6367.92, setWindowRect: true, strictFileInteractability: false, timeouts: {implicit: 0, pageLoad: 300000, script: 30000}, unhandledPromptBehavior: dismiss and notify, webauthn:extension:credBlob: true, webauthn:extension:largeBlob: true, webauthn:extension:minPinLength: true, webauthn:extension:prf: true, webauthn:virtualAuthenticators: true}
Session ID: 2cf28825ea7a8a419a5b05b8e5d35d84</small> </font> </div>
<div class="test-event"> <font color="maroon"> <small> &emsp; &emsp;--- 05 May 00:42:42 895 - <b>0</b> - Spinner Load Wait: (Sync) - ICar.support.WaitUtils.waitForSpinner(WaitUtils.java:225)</small> </font> </div>
<div class="test-event"> <font color="maroon"> <small> &emsp; &emsp;--- 05 May 00:42:42 961 - Page URL:: https://www.i-car.com/product/vehicle-construction-material-types</small> </font> </div>
<div class="test-event"> <font color="maroon"> <small> &emsp; &emsp;--- 05 May 00:42:42 961 - <b>0</b> - Page Load Wait: (Sync) - ICar.support.Utils.waitForPageLoad(Utils.java:109)</small> </font> </div>
<div class="test-event"> <font color="maroon"> <small> &emsp; &emsp;--- 05 May 00:42:53 029 - Element is displayed:: [[ChromeDriver: chrome on WINDOWS (2cf28825ea7a8a419a5b05b8e5d35d84)] -> xpath: //div[@class='productDetails slds-p-bottom_large']//div[contains(@class,'slds-p-bottom_medium')]]</small> </font> </div>
<div class="test-message">&emsp;Course Name : VehicleConstructionMaterialTypes is displayed in the URL page</div>
<div class="test-message">&emsp;Successfully verified the course name for relevant link&emsp;<a href=".\ScreenShot\URL_TC001_2723718659205600.png" target="_blank" >[ScreenShot]</a></div>
<div class="test-message">&emsp;
</div>
<div class="test-message">&emsp;175. URL is : https://www.i-car.com/product/ford-2024-mustang-new-model-training</div>
<div class="test-event"> <font color="maroon"> <small> &emsp; &emsp;--- 05 May 00:43:03 027 - Page URL:: https://www.i-car.com/product/ford-2024-mustang-new-model-training</small> </font> </div>
<div class="test-event"> <font color="maroon"> <small> &emsp; &emsp;--- 05 May 00:43:03 027 - <b>0</b> - Page Load Wait: (Sync) - ICar.support.Utils.waitForPageLoad(Utils.java:109)</small> </font> </div>
<div class="test-message">&emsp;Successfully navigated to the :  https://www.i-car.com/product/ford-2024-mustang-new-model-training   Page&emsp;<a href=".\ScreenShot\URL_TC001_2723720631762100.png" target="_blank" >[ScreenShot]</a></div>
<div class="test-event"> <font color="maroon"> <small> &emsp; &emsp;--- 05 May 00:43:03 306 - Page URL:: https://www.i-car.com/product/ford-2024-mustang-new-model-training</small> </font> </div>
<div class="test-event"> <font color="maroon"> <small> &emsp; &emsp;--- 05 May 00:43:03 307 - <b>0</b> - Page Load Wait: (Sync) - ICar.support.Utils.waitForPageLoad(Utils.java:109)</small> </font> </div>
<div class="test-event"> <font color="maroon"> <small> &emsp; &emsp;--- 05 May 00:43:03 313 - Catched spinner load exception due to javascript error: {"status":32,"value":"An invalid or illegal selector was specified"}
  (Session info: chrome=124.0.6367.92)
Build info: version: '4.6.0', revision: '79f1c02ae20'
System info: os.name: 'Windows 10', os.arch: 'amd64', os.version: '10.0', java.version: '17.0.7'
Driver info: org.openqa.selenium.chrome.ChromeDriver
Command: [2cf28825ea7a8a419a5b05b8e5d35d84, findElement {using=css selector, value=div[class='slds-spinner slds-spinner_brand slds-spinner_small']>div:nth-child(2)r}]
Capabilities {acceptInsecureCerts: false, browserName: chrome, browserVersion: 124.0.6367.92, chrome: {chromedriverVersion: 124.0.6367.91 (51df0e5e17a8..., userDataDir: C:\Users\PRATHA~1.KUM\AppDa...}, fedcm:accounts: true, goog:chromeOptions: {debuggerAddress: localhost:49451}, networkConnectionEnabled: false, pageLoadStrategy: normal, platformName: WINDOWS, proxy: Proxy(), se:cdp: ws://localhost:49451/devtoo..., se:cdpVersion: 124.0.6367.92, setWindowRect: true, strictFileInteractability: false, timeouts: {implicit: 0, pageLoad: 300000, script: 30000}, unhandledPromptBehavior: dismiss and notify, webauthn:extension:credBlob: true, webauthn:extension:largeBlob: true, webauthn:extension:minPinLength: true, webauthn:extension:prf: true, webauthn:virtualAuthenticators: true}
Session ID: 2cf28825ea7a8a419a5b05b8e5d35d84</small> </font> </div>
<div class="test-event"> <font color="maroon"> <small> &emsp; &emsp;--- 05 May 00:43:03 313 - <b>0</b> - Spinner Load Wait: (Sync) - ICar.support.WaitUtils.waitForSpinner(WaitUtils.java:225)</small> </font> </div>
<div class="test-event"> <font color="maroon"> <small> &emsp; &emsp;--- 05 May 00:43:13 458 - Page URL:: https://www.i-car.com/product/ford-2024-mustang-new-model-training</small> </font> </div>
<div class="test-event"> <font color="maroon"> <small> &emsp; &emsp;--- 05 May 00:43:13 458 - <b>0</b> - Page Load Wait: (Sync) - ICar.support.Utils.waitForPageLoad(Utils.java:109)</small> </font> </div>
<div class="test-event"> <font color="maroon"> <small> &emsp; &emsp;--- 05 May 00:43:13 475 - Element is displayed:: [[ChromeDriver: chrome on WINDOWS (2cf28825ea7a8a419a5b05b8e5d35d84)] -> xpath: //a[contains(text(),'Back to Courses')]]</small> </font> </div>
<div class="test-event"> <font color="maroon"> <small> &emsp; &emsp;--- 05 May 00:43:20 511 - Catched spinner load exception due to javascript error: {"status":32,"value":"An invalid or illegal selector was specified"}
  (Session info: chrome=124.0.6367.92)
Build info: version: '4.6.0', revision: '79f1c02ae20'
System info: os.name: 'Windows 10', os.arch: 'amd64', os.version: '10.0', java.version: '17.0.7'
Driver info: org.openqa.selenium.chrome.ChromeDriver
Command: [2cf28825ea7a8a419a5b05b8e5d35d84, findElement {using=css selector, value=div[class='slds-spinner slds-spinner_brand slds-spinner_small']>div:nth-child(2)r}]
Capabilities {acceptInsecureCerts: false, browserName: chrome, browserVersion: 124.0.6367.92, chrome: {chromedriverVersion: 124.0.6367.91 (51df0e5e17a8..., userDataDir: C:\Users\PRATHA~1.KUM\AppDa...}, fedcm:accounts: true, goog:chromeOptions: {debuggerAddress: localhost:49451}, networkConnectionEnabled: false, pageLoadStrategy: normal, platformName: WINDOWS, proxy: Proxy(), se:cdp: ws://localhost:49451/devtoo..., se:cdpVersion: 124.0.6367.92, setWindowRect: true, strictFileInteractability: false, timeouts: {implicit: 0, pageLoad: 300000, script: 30000}, unhandledPromptBehavior: dismiss and notify, webauthn:extension:credBlob: true, webauthn:extension:largeBlob: true, webauthn:extension:minPinLength: true, webauthn:extension:prf: true, webauthn:virtualAuthenticators: true}
Session ID: 2cf28825ea7a8a419a5b05b8e5d35d84</small> </font> </div>
<div class="test-event"> <font color="maroon"> <small> &emsp; &emsp;--- 05 May 00:43:20 511 - <b>0</b> - Spinner Load Wait: (Sync) - ICar.support.WaitUtils.waitForSpinner(WaitUtils.java:225)</small> </font> </div>
<div class="test-message">&emsp;Back To Courses is displayed in the page </div>
<div class="test-message">&emsp;Successfully verified Back To Course Link&emsp;<a href=".\ScreenShot\URL_TC001_2723738126336800.png" target="_blank" >[ScreenShot]</a></div>
<div class="test-event"> <font color="maroon"> <small> &emsp; &emsp;--- 05 May 00:43:20 784 - Catched spinner load exception due to javascript error: {"status":32,"value":"An invalid or illegal selector was specified"}
  (Session info: chrome=124.0.6367.92)
Build info: version: '4.6.0', revision: '79f1c02ae20'
System info: os.name: 'Windows 10', os.arch: 'amd64', os.version: '10.0', java.version: '17.0.7'
Driver info: org.openqa.selenium.chrome.ChromeDriver
Command: [2cf28825ea7a8a419a5b05b8e5d35d84, findElement {using=css selector, value=div[class='slds-spinner slds-spinner_brand slds-spinner_small']>div:nth-child(2)r}]
Capabilities {acceptInsecureCerts: false, browserName: chrome, browserVersion: 124.0.6367.92, chrome: {chromedriverVersion: 124.0.6367.91 (51df0e5e17a8..., userDataDir: C:\Users\PRATHA~1.KUM\AppDa...}, fedcm:accounts: true, goog:chromeOptions: {debuggerAddress: localhost:49451}, networkConnectionEnabled: false, pageLoadStrategy: normal, platformName: WINDOWS, proxy: Proxy(), se:cdp: ws://localhost:49451/devtoo..., se:cdpVersion: 124.0.6367.92, setWindowRect: true, strictFileInteractability: false, timeouts: {implicit: 0, pageLoad: 300000, script: 30000}, unhandledPromptBehavior: dismiss and notify, webauthn:extension:credBlob: true, webauthn:extension:largeBlob: true, webauthn:extension:minPinLength: true, webauthn:extension:prf: true, webauthn:virtualAuthenticators: true}
Session ID: 2cf28825ea7a8a419a5b05b8e5d35d84</small> </font> </div>
<div class="test-event"> <font color="maroon"> <small> &emsp; &emsp;--- 05 May 00:43:20 784 - <b>0</b> - Spinner Load Wait: (Sync) - ICar.support.WaitUtils.waitForSpinner(WaitUtils.java:225)</small> </font> </div>
<div class="test-event"> <font color="maroon"> <small> &emsp; &emsp;--- 05 May 00:43:20 845 - Page URL:: https://www.i-car.com/product/ford-2024-mustang-new-model-training</small> </font> </div>
<div class="test-event"> <font color="maroon"> <small> &emsp; &emsp;--- 05 May 00:43:20 845 - <b>0</b> - Page Load Wait: (Sync) - ICar.support.Utils.waitForPageLoad(Utils.java:109)</small> </font> </div>
<div class="test-event"> <font color="maroon"> <small> &emsp; &emsp;--- 05 May 00:43:30 894 - Element is displayed:: [[ChromeDriver: chrome on WINDOWS (2cf28825ea7a8a419a5b05b8e5d35d84)] -> xpath: //div[@class='productDetails slds-p-bottom_large']//div[contains(@class,'slds-p-bottom_medium')]]</small> </font> </div>
<div class="test-message">&emsp;Course Name : Ford2024MustangNewModelTraining is displayed in the URL page</div>
<div class="test-message">&emsp;Successfully verified the course name for relevant link&emsp;<a href=".\ScreenShot\URL_TC001_2723756520510400.png" target="_blank" >[ScreenShot]</a></div>
<div class="test-message">&emsp;
</div>
<div class="test-message">&emsp;176. URL is : https://www.i-car.com/product/honda-and-acura-adas-sensing</div>
<div class="test-event"> <font color="maroon"> <small> &emsp; &emsp;--- 05 May 00:43:40 211 - Page URL:: https://www.i-car.com/product/honda-and-acura-adas-sensing</small> </font> </div>
<div class="test-event"> <font color="maroon"> <small> &emsp; &emsp;--- 05 May 00:43:40 211 - <b>0</b> - Page Load Wait: (Sync) - ICar.support.Utils.waitForPageLoad(Utils.java:109)</small> </font> </div>
<div class="test-message">&emsp;Successfully navigated to the :  https://www.i-car.com/product/honda-and-acura-adas-sensing   Page&emsp;<a href=".\ScreenShot\URL_TC001_2723757816146800.png" target="_blank" >[ScreenShot]</a></div>
<div class="test-event"> <font color="maroon"> <small> &emsp; &emsp;--- 05 May 00:43:40 455 - Page URL:: https://www.i-car.com/product/honda-and-acura-adas-sensing</small> </font> </div>
<div class="test-event"> <font color="maroon"> <small> &emsp; &emsp;--- 05 May 00:43:40 455 - <b>0</b> - Page Load Wait: (Sync) - ICar.support.Utils.waitForPageLoad(Utils.java:109)</small> </font> </div>
<div class="test-event"> <font color="maroon"> <small> &emsp; &emsp;--- 05 May 00:43:40 462 - Catched spinner load exception due to javascript error: {"status":32,"value":"An invalid or illegal selector was specified"}
  (Session info: chrome=124.0.6367.92)
Build info: version: '4.6.0', revision: '79f1c02ae20'
System info: os.name: 'Windows 10', os.arch: 'amd64', os.version: '10.0', java.version: '17.0.7'
Driver info: org.openqa.selenium.chrome.ChromeDriver
Command: [2cf28825ea7a8a419a5b05b8e5d35d84, findElement {using=css selector, value=div[class='slds-spinner slds-spinner_brand slds-spinner_small']>div:nth-child(2)r}]
Capabilities {acceptInsecureCerts: false, browserName: chrome, browserVersion: 124.0.6367.92, chrome: {chromedriverVersion: 124.0.6367.91 (51df0e5e17a8..., userDataDir: C:\Users\PRATHA~1.KUM\AppDa...}, fedcm:accounts: true, goog:chromeOptions: {debuggerAddress: localhost:49451}, networkConnectionEnabled: false, pageLoadStrategy: normal, platformName: WINDOWS, proxy: Proxy(), se:cdp: ws://localhost:49451/devtoo..., se:cdpVersion: 124.0.6367.92, setWindowRect: true, strictFileInteractability: false, timeouts: {implicit: 0, pageLoad: 300000, script: 30000}, unhandledPromptBehavior: dismiss and notify, webauthn:extension:credBlob: true, webauthn:extension:largeBlob: true, webauthn:extension:minPinLength: true, webauthn:extension:prf: true, webauthn:virtualAuthenticators: true}
Session ID: 2cf28825ea7a8a419a5b05b8e5d35d84</small> </font> </div>
<div class="test-event"> <font color="maroon"> <small> &emsp; &emsp;--- 05 May 00:43:40 462 - <b>0</b> - Spinner Load Wait: (Sync) - ICar.support.WaitUtils.waitForSpinner(WaitUtils.java:225)</small> </font> </div>
<div class="test-event"> <font color="maroon"> <small> &emsp; &emsp;--- 05 May 00:43:50 578 - Page URL:: https://www.i-car.com/product/honda-and-acura-adas-sensing</small> </font> </div>
<div class="test-event"> <font color="maroon"> <small> &emsp; &emsp;--- 05 May 00:43:50 578 - <b>0</b> - Page Load Wait: (Sync) - ICar.support.Utils.waitForPageLoad(Utils.java:109)</small> </font> </div>
<div class="test-event"> <font color="maroon"> <small> &emsp; &emsp;--- 05 May 00:43:50 596 - Element is displayed:: [[ChromeDriver: chrome on WINDOWS (2cf28825ea7a8a419a5b05b8e5d35d84)] -> xpath: //a[contains(text(),'Back to Courses')]]</small> </font> </div>
<div class="test-event"> <font color="maroon"> <small> &emsp; &emsp;--- 05 May 00:43:57 625 - Catched spinner load exception due to javascript error: {"status":32,"value":"An invalid or illegal selector was specified"}
  (Session info: chrome=124.0.6367.92)
Build info: version: '4.6.0', revision: '79f1c02ae20'
System info: os.name: 'Windows 10', os.arch: 'amd64', os.version: '10.0', java.version: '17.0.7'
Driver info: org.openqa.selenium.chrome.ChromeDriver
Command: [2cf28825ea7a8a419a5b05b8e5d35d84, findElement {using=css selector, value=div[class='slds-spinner slds-spinner_brand slds-spinner_small']>div:nth-child(2)r}]
Capabilities {acceptInsecureCerts: false, browserName: chrome, browserVersion: 124.0.6367.92, chrome: {chromedriverVersion: 124.0.6367.91 (51df0e5e17a8..., userDataDir: C:\Users\PRATHA~1.KUM\AppDa...}, fedcm:accounts: true, goog:chromeOptions: {debuggerAddress: localhost:49451}, networkConnectionEnabled: false, pageLoadStrategy: normal, platformName: WINDOWS, proxy: Proxy(), se:cdp: ws://localhost:49451/devtoo..., se:cdpVersion: 124.0.6367.92, setWindowRect: true, strictFileInteractability: false, timeouts: {implicit: 0, pageLoad: 300000, script: 30000}, unhandledPromptBehavior: dismiss and notify, webauthn:extension:credBlob: true, webauthn:extension:largeBlob: true, webauthn:extension:minPinLength: true, webauthn:extension:prf: true, webauthn:virtualAuthenticators: true}
Session ID: 2cf28825ea7a8a419a5b05b8e5d35d84</small> </font> </div>
<div class="test-event"> <font color="maroon"> <small> &emsp; &emsp;--- 05 May 00:43:57 625 - <b>0</b> - Spinner Load Wait: (Sync) - ICar.support.WaitUtils.waitForSpinner(WaitUtils.java:225)</small> </font> </div>
<div class="test-message">&emsp;Back To Courses is displayed in the page </div>
<div class="test-message">&emsp;Successfully verified Back To Course Link&emsp;<a href=".\ScreenShot\URL_TC001_2723775239267500.png" target="_blank" >[ScreenShot]</a></div>
<div class="test-event"> <font color="maroon"> <small> &emsp; &emsp;--- 05 May 00:43:57 870 - Catched spinner load exception due to javascript error: {"status":32,"value":"An invalid or illegal selector was specified"}
  (Session info: chrome=124.0.6367.92)
Build info: version: '4.6.0', revision: '79f1c02ae20'
System info: os.name: 'Windows 10', os.arch: 'amd64', os.version: '10.0', java.version: '17.0.7'
Driver info: org.openqa.selenium.chrome.ChromeDriver
Command: [2cf28825ea7a8a419a5b05b8e5d35d84, findElement {using=css selector, value=div[class='slds-spinner slds-spinner_brand slds-spinner_small']>div:nth-child(2)r}]
Capabilities {acceptInsecureCerts: false, browserName: chrome, browserVersion: 124.0.6367.92, chrome: {chromedriverVersion: 124.0.6367.91 (51df0e5e17a8..., userDataDir: C:\Users\PRATHA~1.KUM\AppDa...}, fedcm:accounts: true, goog:chromeOptions: {debuggerAddress: localhost:49451}, networkConnectionEnabled: false, pageLoadStrategy: normal, platformName: WINDOWS, proxy: Proxy(), se:cdp: ws://localhost:49451/devtoo..., se:cdpVersion: 124.0.6367.92, setWindowRect: true, strictFileInteractability: false, timeouts: {implicit: 0, pageLoad: 300000, script: 30000}, unhandledPromptBehavior: dismiss and notify, webauthn:extension:credBlob: true, webauthn:extension:largeBlob: true, webauthn:extension:minPinLength: true, webauthn:extension:prf: true, webauthn:virtualAuthenticators: true}
Session ID: 2cf28825ea7a8a419a5b05b8e5d35d84</small> </font> </div>
<div class="test-event"> <font color="maroon"> <small> &emsp; &emsp;--- 05 May 00:43:57 870 - <b>0</b> - Spinner Load Wait: (Sync) - ICar.support.WaitUtils.waitForSpinner(WaitUtils.java:225)</small> </font> </div>
<div class="test-event"> <font color="maroon"> <small> &emsp; &emsp;--- 05 May 00:43:57 932 - Page URL:: https://www.i-car.com/product/honda-and-acura-adas-sensing</small> </font> </div>
<div class="test-event"> <font color="maroon"> <small> &emsp; &emsp;--- 05 May 00:43:57 932 - <b>0</b> - Page Load Wait: (Sync) - ICar.support.Utils.waitForPageLoad(Utils.java:109)</small> </font> </div>
<div class="test-event"> <font color="maroon"> <small> &emsp; &emsp;--- 05 May 00:44:07 986 - Element is displayed:: [[ChromeDriver: chrome on WINDOWS (2cf28825ea7a8a419a5b05b8e5d35d84)] -> xpath: //div[@class='productDetails slds-p-bottom_large']//div[contains(@class,'slds-p-bottom_medium')]]</small> </font> </div>
<div class="test-message">&emsp;Course Name : HondaandAcuraADASSensing is displayed in the URL page</div>
<div class="test-message">&emsp;Successfully verified the course name for relevant link&emsp;<a href=".\ScreenShot\URL_TC001_2723793609858100.png" target="_blank" >[ScreenShot]</a></div>
<div class="test-message">&emsp;
</div>
<div class="test-message">&emsp;177. URL is : https://www.i-car.com/product/toyota-collision-repair-overview</div>
<div class="test-event"> <font color="maroon"> <small> &emsp; &emsp;--- 05 May 00:44:17 299 - Page URL:: https://www.i-car.com/product/toyota-collision-repair-overview</small> </font> </div>
<div class="test-event"> <font color="maroon"> <small> &emsp; &emsp;--- 05 May 00:44:17 299 - <b>0</b> - Page Load Wait: (Sync) - ICar.support.Utils.waitForPageLoad(Utils.java:109)</small> </font> </div>
<div class="test-message">&emsp;Successfully navigated to the :  https://www.i-car.com/product/toyota-collision-repair-overview   Page&emsp;<a href=".\ScreenShot\URL_TC001_2723794904130000.png" target="_blank" >[ScreenShot]</a></div>
<div class="test-event"> <font color="maroon"> <small> &emsp; &emsp;--- 05 May 00:44:17 552 - Page URL:: https://www.i-car.com/product/toyota-collision-repair-overview</small> </font> </div>
<div class="test-event"> <font color="maroon"> <small> &emsp; &emsp;--- 05 May 00:44:17 552 - <b>0</b> - Page Load Wait: (Sync) - ICar.support.Utils.waitForPageLoad(Utils.java:109)</small> </font> </div>
<div class="test-event"> <font color="maroon"> <small> &emsp; &emsp;--- 05 May 00:44:17 559 - Catched spinner load exception due to javascript error: {"status":32,"value":"An invalid or illegal selector was specified"}
  (Session info: chrome=124.0.6367.92)
Build info: version: '4.6.0', revision: '79f1c02ae20'
System info: os.name: 'Windows 10', os.arch: 'amd64', os.version: '10.0', java.version: '17.0.7'
Driver info: org.openqa.selenium.chrome.ChromeDriver
Command: [2cf28825ea7a8a419a5b05b8e5d35d84, findElement {using=css selector, value=div[class='slds-spinner slds-spinner_brand slds-spinner_small']>div:nth-child(2)r}]
Capabilities {acceptInsecureCerts: false, browserName: chrome, browserVersion: 124.0.6367.92, chrome: {chromedriverVersion: 124.0.6367.91 (51df0e5e17a8..., userDataDir: C:\Users\PRATHA~1.KUM\AppDa...}, fedcm:accounts: true, goog:chromeOptions: {debuggerAddress: localhost:49451}, networkConnectionEnabled: false, pageLoadStrategy: normal, platformName: WINDOWS, proxy: Proxy(), se:cdp: ws://localhost:49451/devtoo..., se:cdpVersion: 124.0.6367.92, setWindowRect: true, strictFileInteractability: false, timeouts: {implicit: 0, pageLoad: 300000, script: 30000}, unhandledPromptBehavior: dismiss and notify, webauthn:extension:credBlob: true, webauthn:extension:largeBlob: true, webauthn:extension:minPinLength: true, webauthn:extension:prf: true, webauthn:virtualAuthenticators: true}
Session ID: 2cf28825ea7a8a419a5b05b8e5d35d84</small> </font> </div>
<div class="test-event"> <font color="maroon"> <small> &emsp; &emsp;--- 05 May 00:44:17 559 - <b>0</b> - Spinner Load Wait: (Sync) - ICar.support.WaitUtils.waitForSpinner(WaitUtils.java:225)</small> </font> </div>
<div class="test-event"> <font color="maroon"> <small> &emsp; &emsp;--- 05 May 00:44:27 635 - Page URL:: https://www.i-car.com/product/toyota-collision-repair-overview</small> </font> </div>
<div class="test-event"> <font color="maroon"> <small> &emsp; &emsp;--- 05 May 00:44:27 635 - <b>0</b> - Page Load Wait: (Sync) - ICar.support.Utils.waitForPageLoad(Utils.java:109)</small> </font> </div>
<div class="test-event"> <font color="maroon"> <small> &emsp; &emsp;--- 05 May 00:44:27 652 - Element is displayed:: [[ChromeDriver: chrome on WINDOWS (2cf28825ea7a8a419a5b05b8e5d35d84)] -> xpath: //a[contains(text(),'Back to Courses')]]</small> </font> </div>
<div class="test-event"> <font color="maroon"> <small> &emsp; &emsp;--- 05 May 00:44:34 703 - Catched spinner load exception due to javascript error: {"status":32,"value":"An invalid or illegal selector was specified"}
  (Session info: chrome=124.0.6367.92)
Build info: version: '4.6.0', revision: '79f1c02ae20'
System info: os.name: 'Windows 10', os.arch: 'amd64', os.version: '10.0', java.version: '17.0.7'
Driver info: org.openqa.selenium.chrome.ChromeDriver
Command: [2cf28825ea7a8a419a5b05b8e5d35d84, findElement {using=css selector, value=div[class='slds-spinner slds-spinner_brand slds-spinner_small']>div:nth-child(2)r}]
Capabilities {acceptInsecureCerts: false, browserName: chrome, browserVersion: 124.0.6367.92, chrome: {chromedriverVersion: 124.0.6367.91 (51df0e5e17a8..., userDataDir: C:\Users\PRATHA~1.KUM\AppDa...}, fedcm:accounts: true, goog:chromeOptions: {debuggerAddress: localhost:49451}, networkConnectionEnabled: false, pageLoadStrategy: normal, platformName: WINDOWS, proxy: Proxy(), se:cdp: ws://localhost:49451/devtoo..., se:cdpVersion: 124.0.6367.92, setWindowRect: true, strictFileInteractability: false, timeouts: {implicit: 0, pageLoad: 300000, script: 30000}, unhandledPromptBehavior: dismiss and notify, webauthn:extension:credBlob: true, webauthn:extension:largeBlob: true, webauthn:extension:minPinLength: true, webauthn:extension:prf: true, webauthn:virtualAuthenticators: true}
Session ID: 2cf28825ea7a8a419a5b05b8e5d35d84</small> </font> </div>
<div class="test-event"> <font color="maroon"> <small> &emsp; &emsp;--- 05 May 00:44:34 704 - <b>0</b> - Spinner Load Wait: (Sync) - ICar.support.WaitUtils.waitForSpinner(WaitUtils.java:225)</small> </font> </div>
<div class="test-message">&emsp;Back To Courses is displayed in the page </div>
<div class="test-message">&emsp;Successfully verified Back To Course Link&emsp;<a href=".\ScreenShot\URL_TC001_2723812331219600.png" target="_blank" >[ScreenShot]</a></div>
<div class="test-event"> <font color="maroon"> <small> &emsp; &emsp;--- 05 May 00:44:34 951 - Catched spinner load exception due to javascript error: {"status":32,"value":"An invalid or illegal selector was specified"}
  (Session info: chrome=124.0.6367.92)
Build info: version: '4.6.0', revision: '79f1c02ae20'
System info: os.name: 'Windows 10', os.arch: 'amd64', os.version: '10.0', java.version: '17.0.7'
Driver info: org.openqa.selenium.chrome.ChromeDriver
Command: [2cf28825ea7a8a419a5b05b8e5d35d84, findElement {using=css selector, value=div[class='slds-spinner slds-spinner_brand slds-spinner_small']>div:nth-child(2)r}]
Capabilities {acceptInsecureCerts: false, browserName: chrome, browserVersion: 124.0.6367.92, chrome: {chromedriverVersion: 124.0.6367.91 (51df0e5e17a8..., userDataDir: C:\Users\PRATHA~1.KUM\AppDa...}, fedcm:accounts: true, goog:chromeOptions: {debuggerAddress: localhost:49451}, networkConnectionEnabled: false, pageLoadStrategy: normal, platformName: WINDOWS, proxy: Proxy(), se:cdp: ws://localhost:49451/devtoo..., se:cdpVersion: 124.0.6367.92, setWindowRect: true, strictFileInteractability: false, timeouts: {implicit: 0, pageLoad: 300000, script: 30000}, unhandledPromptBehavior: dismiss and notify, webauthn:extension:credBlob: true, webauthn:extension:largeBlob: true, webauthn:extension:minPinLength: true, webauthn:extension:prf: true, webauthn:virtualAuthenticators: true}
Session ID: 2cf28825ea7a8a419a5b05b8e5d35d84</small> </font> </div>
<div class="test-event"> <font color="maroon"> <small> &emsp; &emsp;--- 05 May 00:44:34 951 - <b>0</b> - Spinner Load Wait: (Sync) - ICar.support.WaitUtils.waitForSpinner(WaitUtils.java:225)</small> </font> </div>
<div class="test-event"> <font color="maroon"> <small> &emsp; &emsp;--- 05 May 00:44:35 012 - Page URL:: https://www.i-car.com/product/toyota-collision-repair-overview</small> </font> </div>
<div class="test-event"> <font color="maroon"> <small> &emsp; &emsp;--- 05 May 00:44:35 012 - <b>0</b> - Page Load Wait: (Sync) - ICar.support.Utils.waitForPageLoad(Utils.java:109)</small> </font> </div>
<div class="test-event"> <font color="maroon"> <small> &emsp; &emsp;--- 05 May 00:44:45 088 - Element is displayed:: [[ChromeDriver: chrome on WINDOWS (2cf28825ea7a8a419a5b05b8e5d35d84)] -> xpath: //div[@class='productDetails slds-p-bottom_large']//div[contains(@class,'slds-p-bottom_medium')]]</small> </font> </div>
<div class="test-message">&emsp;Course Name : ToyotaCollisionRepairOverview is displayed in the URL page</div>
<div class="test-message">&emsp;Successfully verified the course name for relevant link&emsp;<a href=".\ScreenShot\URL_TC001_2723830724274000.png" target="_blank" >[ScreenShot]</a></div>
<div class="test-message">&emsp;
</div>
<div class="test-message">&emsp;178. URL is : https://www.i-car.com/product/air-movement-equipment</div>
<div class="test-event"> <font color="maroon"> <small> &emsp; &emsp;--- 05 May 00:44:54 755 - Page URL:: https://www.i-car.com/product/air-movement-equipment</small> </font> </div>
<div class="test-event"> <font color="maroon"> <small> &emsp; &emsp;--- 05 May 00:44:54 755 - <b>0</b> - Page Load Wait: (Sync) - ICar.support.Utils.waitForPageLoad(Utils.java:109)</small> </font> </div>
<div class="test-message">&emsp;Successfully navigated to the :  https://www.i-car.com/product/air-movement-equipment   Page&emsp;<a href=".\ScreenShot\URL_TC001_2723832360813400.png" target="_blank" >[ScreenShot]</a></div>
<div class="test-event"> <font color="maroon"> <small> &emsp; &emsp;--- 05 May 00:44:55 035 - Page URL:: https://www.i-car.com/product/air-movement-equipment</small> </font> </div>
<div class="test-event"> <font color="maroon"> <small> &emsp; &emsp;--- 05 May 00:44:55 035 - <b>0</b> - Page Load Wait: (Sync) - ICar.support.Utils.waitForPageLoad(Utils.java:109)</small> </font> </div>
<div class="test-event"> <font color="maroon"> <small> &emsp; &emsp;--- 05 May 00:44:55 042 - Catched spinner load exception due to javascript error: {"status":32,"value":"An invalid or illegal selector was specified"}
  (Session info: chrome=124.0.6367.92)
Build info: version: '4.6.0', revision: '79f1c02ae20'
System info: os.name: 'Windows 10', os.arch: 'amd64', os.version: '10.0', java.version: '17.0.7'
Driver info: org.openqa.selenium.chrome.ChromeDriver
Command: [2cf28825ea7a8a419a5b05b8e5d35d84, findElement {using=css selector, value=div[class='slds-spinner slds-spinner_brand slds-spinner_small']>div:nth-child(2)r}]
Capabilities {acceptInsecureCerts: false, browserName: chrome, browserVersion: 124.0.6367.92, chrome: {chromedriverVersion: 124.0.6367.91 (51df0e5e17a8..., userDataDir: C:\Users\PRATHA~1.KUM\AppDa...}, fedcm:accounts: true, goog:chromeOptions: {debuggerAddress: localhost:49451}, networkConnectionEnabled: false, pageLoadStrategy: normal, platformName: WINDOWS, proxy: Proxy(), se:cdp: ws://localhost:49451/devtoo..., se:cdpVersion: 124.0.6367.92, setWindowRect: true, strictFileInteractability: false, timeouts: {implicit: 0, pageLoad: 300000, script: 30000}, unhandledPromptBehavior: dismiss and notify, webauthn:extension:credBlob: true, webauthn:extension:largeBlob: true, webauthn:extension:minPinLength: true, webauthn:extension:prf: true, webauthn:virtualAuthenticators: true}
Session ID: 2cf28825ea7a8a419a5b05b8e5d35d84</small> </font> </div>
<div class="test-event"> <font color="maroon"> <small> &emsp; &emsp;--- 05 May 00:44:55 042 - <b>0</b> - Spinner Load Wait: (Sync) - ICar.support.WaitUtils.waitForSpinner(WaitUtils.java:225)</small> </font> </div>
<div class="test-event"> <font color="maroon"> <small> &emsp; &emsp;--- 05 May 00:45:05 125 - Page URL:: https://www.i-car.com/product/air-movement-equipment</small> </font> </div>
<div class="test-event"> <font color="maroon"> <small> &emsp; &emsp;--- 05 May 00:45:05 125 - <b>0</b> - Page Load Wait: (Sync) - ICar.support.Utils.waitForPageLoad(Utils.java:109)</small> </font> </div>
<div class="test-event"> <font color="maroon"> <small> &emsp; &emsp;--- 05 May 00:45:05 143 - Element is displayed:: [[ChromeDriver: chrome on WINDOWS (2cf28825ea7a8a419a5b05b8e5d35d84)] -> xpath: //a[contains(text(),'Back to Courses')]]</small> </font> </div>
<div class="test-event"> <font color="maroon"> <small> &emsp; &emsp;--- 05 May 00:45:12 166 - Catched spinner load exception due to javascript error: {"status":32,"value":"An invalid or illegal selector was specified"}
  (Session info: chrome=124.0.6367.92)
Build info: version: '4.6.0', revision: '79f1c02ae20'
System info: os.name: 'Windows 10', os.arch: 'amd64', os.version: '10.0', java.version: '17.0.7'
Driver info: org.openqa.selenium.chrome.ChromeDriver
Command: [2cf28825ea7a8a419a5b05b8e5d35d84, findElement {using=css selector, value=div[class='slds-spinner slds-spinner_brand slds-spinner_small']>div:nth-child(2)r}]
Capabilities {acceptInsecureCerts: false, browserName: chrome, browserVersion: 124.0.6367.92, chrome: {chromedriverVersion: 124.0.6367.91 (51df0e5e17a8..., userDataDir: C:\Users\PRATHA~1.KUM\AppDa...}, fedcm:accounts: true, goog:chromeOptions: {debuggerAddress: localhost:49451}, networkConnectionEnabled: false, pageLoadStrategy: normal, platformName: WINDOWS, proxy: Proxy(), se:cdp: ws://localhost:49451/devtoo..., se:cdpVersion: 124.0.6367.92, setWindowRect: true, strictFileInteractability: false, timeouts: {implicit: 0, pageLoad: 300000, script: 30000}, unhandledPromptBehavior: dismiss and notify, webauthn:extension:credBlob: true, webauthn:extension:largeBlob: true, webauthn:extension:minPinLength: true, webauthn:extension:prf: true, webauthn:virtualAuthenticators: true}
Session ID: 2cf28825ea7a8a419a5b05b8e5d35d84</small> </font> </div>
<div class="test-event"> <font color="maroon"> <small> &emsp; &emsp;--- 05 May 00:45:12 166 - <b>0</b> - Spinner Load Wait: (Sync) - ICar.support.WaitUtils.waitForSpinner(WaitUtils.java:225)</small> </font> </div>
<div class="test-message">&emsp;Back To Courses is displayed in the page </div>
<div class="test-message">&emsp;Successfully verified Back To Course Link&emsp;<a href=".\ScreenShot\URL_TC001_2723849781813900.png" target="_blank" >[ScreenShot]</a></div>
<div class="test-event"> <font color="maroon"> <small> &emsp; &emsp;--- 05 May 00:45:12 436 - Catched spinner load exception due to javascript error: {"status":32,"value":"An invalid or illegal selector was specified"}
  (Session info: chrome=124.0.6367.92)
Build info: version: '4.6.0', revision: '79f1c02ae20'
System info: os.name: 'Windows 10', os.arch: 'amd64', os.version: '10.0', java.version: '17.0.7'
Driver info: org.openqa.selenium.chrome.ChromeDriver
Command: [2cf28825ea7a8a419a5b05b8e5d35d84, findElement {using=css selector, value=div[class='slds-spinner slds-spinner_brand slds-spinner_small']>div:nth-child(2)r}]
Capabilities {acceptInsecureCerts: false, browserName: chrome, browserVersion: 124.0.6367.92, chrome: {chromedriverVersion: 124.0.6367.91 (51df0e5e17a8..., userDataDir: C:\Users\PRATHA~1.KUM\AppDa...}, fedcm:accounts: true, goog:chromeOptions: {debuggerAddress: localhost:49451}, networkConnectionEnabled: false, pageLoadStrategy: normal, platformName: WINDOWS, proxy: Proxy(), se:cdp: ws://localhost:49451/devtoo..., se:cdpVersion: 124.0.6367.92, setWindowRect: true, strictFileInteractability: false, timeouts: {implicit: 0, pageLoad: 300000, script: 30000}, unhandledPromptBehavior: dismiss and notify, webauthn:extension:credBlob: true, webauthn:extension:largeBlob: true, webauthn:extension:minPinLength: true, webauthn:extension:prf: true, webauthn:virtualAuthenticators: true}
Session ID: 2cf28825ea7a8a419a5b05b8e5d35d84</small> </font> </div>
<div class="test-event"> <font color="maroon"> <small> &emsp; &emsp;--- 05 May 00:45:12 437 - <b>0</b> - Spinner Load Wait: (Sync) - ICar.support.WaitUtils.waitForSpinner(WaitUtils.java:225)</small> </font> </div>
<div class="test-event"> <font color="maroon"> <small> &emsp; &emsp;--- 05 May 00:45:12 511 - Page URL:: https://www.i-car.com/product/air-movement-equipment</small> </font> </div>
<div class="test-event"> <font color="maroon"> <small> &emsp; &emsp;--- 05 May 00:45:12 511 - <b>0</b> - Page Load Wait: (Sync) - ICar.support.Utils.waitForPageLoad(Utils.java:109)</small> </font> </div>
<div class="test-event"> <font color="maroon"> <small> &emsp; &emsp;--- 05 May 00:45:22 555 - Element is displayed:: [[ChromeDriver: chrome on WINDOWS (2cf28825ea7a8a419a5b05b8e5d35d84)] -> xpath: //div[@class='productDetails slds-p-bottom_large']//div[contains(@class,'slds-p-bottom_medium')]]</small> </font> </div>
<div class="test-message">&emsp;Course Name : AirMovementEquipment is displayed in the URL page</div>
<div class="test-message">&emsp;Successfully verified the course name for relevant link&emsp;<a href=".\ScreenShot\URL_TC001_2723868179802400.png" target="_blank" >[ScreenShot]</a></div>
<div class="test-message">&emsp;
</div>
<div class="test-message">&emsp;179. URL is : https://www.i-car.com/product/ford-advanced-driver-assistance-systems-adas-101</div>
<div class="test-event"> <font color="maroon"> <small> &emsp; &emsp;--- 05 May 00:45:38 710 - Page URL:: https://www.i-car.com/product/ford-advanced-driver-assistance-systems-adas-101</small> </font> </div>
<div class="test-event"> <font color="maroon"> <small> &emsp; &emsp;--- 05 May 00:45:38 710 - <b>0</b> - Page Load Wait: (Sync) - ICar.support.Utils.waitForPageLoad(Utils.java:109)</small> </font> </div>
<div class="test-message">&emsp;Successfully navigated to the :  https://www.i-car.com/product/ford-advanced-driver-assistance-systems-adas-101   Page&emsp;<a href=".\ScreenShot\URL_TC001_2723876315861500.png" target="_blank" >[ScreenShot]</a></div>
<div class="test-event"> <font color="maroon"> <small> &emsp; &emsp;--- 05 May 00:45:38 978 - Page URL:: https://www.i-car.com/product/ford-advanced-driver-assistance-systems-adas-101</small> </font> </div>
<div class="test-event"> <font color="maroon"> <small> &emsp; &emsp;--- 05 May 00:45:38 978 - <b>0</b> - Page Load Wait: (Sync) - ICar.support.Utils.waitForPageLoad(Utils.java:109)</small> </font> </div>
<div class="test-event"> <font color="maroon"> <small> &emsp; &emsp;--- 05 May 00:45:38 985 - Catched spinner load exception due to javascript error: {"status":32,"value":"An invalid or illegal selector was specified"}
  (Session info: chrome=124.0.6367.92)
Build info: version: '4.6.0', revision: '79f1c02ae20'
System info: os.name: 'Windows 10', os.arch: 'amd64', os.version: '10.0', java.version: '17.0.7'
Driver info: org.openqa.selenium.chrome.ChromeDriver
Command: [2cf28825ea7a8a419a5b05b8e5d35d84, findElement {using=css selector, value=div[class='slds-spinner slds-spinner_brand slds-spinner_small']>div:nth-child(2)r}]
Capabilities {acceptInsecureCerts: false, browserName: chrome, browserVersion: 124.0.6367.92, chrome: {chromedriverVersion: 124.0.6367.91 (51df0e5e17a8..., userDataDir: C:\Users\PRATHA~1.KUM\AppDa...}, fedcm:accounts: true, goog:chromeOptions: {debuggerAddress: localhost:49451}, networkConnectionEnabled: false, pageLoadStrategy: normal, platformName: WINDOWS, proxy: Proxy(), se:cdp: ws://localhost:49451/devtoo..., se:cdpVersion: 124.0.6367.92, setWindowRect: true, strictFileInteractability: false, timeouts: {implicit: 0, pageLoad: 300000, script: 30000}, unhandledPromptBehavior: dismiss and notify, webauthn:extension:credBlob: true, webauthn:extension:largeBlob: true, webauthn:extension:minPinLength: true, webauthn:extension:prf: true, webauthn:virtualAuthenticators: true}
Session ID: 2cf28825ea7a8a419a5b05b8e5d35d84</small> </font> </div>
<div class="test-event"> <font color="maroon"> <small> &emsp; &emsp;--- 05 May 00:45:38 986 - <b>0</b> - Spinner Load Wait: (Sync) - ICar.support.WaitUtils.waitForSpinner(WaitUtils.java:225)</small> </font> </div>
<div class="test-event"> <font color="maroon"> <small> &emsp; &emsp;--- 05 May 00:45:49 056 - Page URL:: https://www.i-car.com/product/ford-advanced-driver-assistance-systems-adas-101</small> </font> </div>
<div class="test-event"> <font color="maroon"> <small> &emsp; &emsp;--- 05 May 00:45:49 056 - <b>0</b> - Page Load Wait: (Sync) - ICar.support.Utils.waitForPageLoad(Utils.java:109)</small> </font> </div>
<div class="test-event"> <font color="maroon"> <small> &emsp; &emsp;--- 05 May 00:45:49 075 - Element is displayed:: [[ChromeDriver: chrome on WINDOWS (2cf28825ea7a8a419a5b05b8e5d35d84)] -> xpath: //a[contains(text(),'Back to Courses')]]</small> </font> </div>
<div class="test-event"> <font color="maroon"> <small> &emsp; &emsp;--- 05 May 00:45:56 115 - Catched spinner load exception due to javascript error: {"status":32,"value":"An invalid or illegal selector was specified"}
  (Session info: chrome=124.0.6367.92)
Build info: version: '4.6.0', revision: '79f1c02ae20'
System info: os.name: 'Windows 10', os.arch: 'amd64', os.version: '10.0', java.version: '17.0.7'
Driver info: org.openqa.selenium.chrome.ChromeDriver
Command: [2cf28825ea7a8a419a5b05b8e5d35d84, findElement {using=css selector, value=div[class='slds-spinner slds-spinner_brand slds-spinner_small']>div:nth-child(2)r}]
Capabilities {acceptInsecureCerts: false, browserName: chrome, browserVersion: 124.0.6367.92, chrome: {chromedriverVersion: 124.0.6367.91 (51df0e5e17a8..., userDataDir: C:\Users\PRATHA~1.KUM\AppDa...}, fedcm:accounts: true, goog:chromeOptions: {debuggerAddress: localhost:49451}, networkConnectionEnabled: false, pageLoadStrategy: normal, platformName: WINDOWS, proxy: Proxy(), se:cdp: ws://localhost:49451/devtoo..., se:cdpVersion: 124.0.6367.92, setWindowRect: true, strictFileInteractability: false, timeouts: {implicit: 0, pageLoad: 300000, script: 30000}, unhandledPromptBehavior: dismiss and notify, webauthn:extension:credBlob: true, webauthn:extension:largeBlob: true, webauthn:extension:minPinLength: true, webauthn:extension:prf: true, webauthn:virtualAuthenticators: true}
Session ID: 2cf28825ea7a8a419a5b05b8e5d35d84</small> </font> </div>
<div class="test-event"> <font color="maroon"> <small> &emsp; &emsp;--- 05 May 00:45:56 115 - <b>0</b> - Spinner Load Wait: (Sync) - ICar.support.WaitUtils.waitForSpinner(WaitUtils.java:225)</small> </font> </div>
<div class="test-message">&emsp;Back To Courses is displayed in the page </div>
<div class="test-message">&emsp;Successfully verified Back To Course Link&emsp;<a href=".\ScreenShot\URL_TC001_2723893733100800.png" target="_blank" >[ScreenShot]</a></div>
<div class="test-event"> <font color="maroon"> <small> &emsp; &emsp;--- 05 May 00:45:56 425 - Catched spinner load exception due to javascript error: {"status":32,"value":"An invalid or illegal selector was specified"}
  (Session info: chrome=124.0.6367.92)
Build info: version: '4.6.0', revision: '79f1c02ae20'
System info: os.name: 'Windows 10', os.arch: 'amd64', os.version: '10.0', java.version: '17.0.7'
Driver info: org.openqa.selenium.chrome.ChromeDriver
Command: [2cf28825ea7a8a419a5b05b8e5d35d84, findElement {using=css selector, value=div[class='slds-spinner slds-spinner_brand slds-spinner_small']>div:nth-child(2)r}]
Capabilities {acceptInsecureCerts: false, browserName: chrome, browserVersion: 124.0.6367.92, chrome: {chromedriverVersion: 124.0.6367.91 (51df0e5e17a8..., userDataDir: C:\Users\PRATHA~1.KUM\AppDa...}, fedcm:accounts: true, goog:chromeOptions: {debuggerAddress: localhost:49451}, networkConnectionEnabled: false, pageLoadStrategy: normal, platformName: WINDOWS, proxy: Proxy(), se:cdp: ws://localhost:49451/devtoo..., se:cdpVersion: 124.0.6367.92, setWindowRect: true, strictFileInteractability: false, timeouts: {implicit: 0, pageLoad: 300000, script: 30000}, unhandledPromptBehavior: dismiss and notify, webauthn:extension:credBlob: true, webauthn:extension:largeBlob: true, webauthn:extension:minPinLength: true, webauthn:extension:prf: true, webauthn:virtualAuthenticators: true}
Session ID: 2cf28825ea7a8a419a5b05b8e5d35d84</small> </font> </div>
<div class="test-event"> <font color="maroon"> <small> &emsp; &emsp;--- 05 May 00:45:56 425 - <b>0</b> - Spinner Load Wait: (Sync) - ICar.support.WaitUtils.waitForSpinner(WaitUtils.java:225)</small> </font> </div>
<div class="test-event"> <font color="maroon"> <small> &emsp; &emsp;--- 05 May 00:45:56 486 - Page URL:: https://www.i-car.com/product/ford-advanced-driver-assistance-systems-adas-101</small> </font> </div>
<div class="test-event"> <font color="maroon"> <small> &emsp; &emsp;--- 05 May 00:45:56 486 - <b>0</b> - Page Load Wait: (Sync) - ICar.support.Utils.waitForPageLoad(Utils.java:109)</small> </font> </div>
<div class="test-event"> <font color="maroon"> <small> &emsp; &emsp;--- 05 May 00:46:06 559 - Element is displayed:: [[ChromeDriver: chrome on WINDOWS (2cf28825ea7a8a419a5b05b8e5d35d84)] -> xpath: //div[@class='productDetails slds-p-bottom_large']//div[contains(@class,'slds-p-bottom_medium')]]</small> </font> </div>
<div class="test-message">&emsp;Course Name : FordAdvancedDriverAssistanceSystemsADAS101 is displayed in the URL page</div>
<div class="test-message">&emsp;Successfully verified the course name for relevant link&emsp;<a href=".\ScreenShot\URL_TC001_2723912193151600.png" target="_blank" >[ScreenShot]</a></div>
<div class="test-message">&emsp;
</div>
<div class="test-message">&emsp;180. URL is : https://www.i-car.com/product/damage-analysis-of-unitized-structures-center</div>
<div class="test-event"> <font color="maroon"> <small> &emsp; &emsp;--- 05 May 00:46:16 019 - Page URL:: https://www.i-car.com/product/damage-analysis-of-unitized-structures-center</small> </font> </div>
<div class="test-event"> <font color="maroon"> <small> &emsp; &emsp;--- 05 May 00:46:16 020 - <b>0</b> - Page Load Wait: (Sync) - ICar.support.Utils.waitForPageLoad(Utils.java:109)</small> </font> </div>
<div class="test-message">&emsp;Successfully navigated to the :  https://www.i-car.com/product/damage-analysis-of-unitized-structures-center   Page&emsp;<a href=".\ScreenShot\URL_TC001_2723913624709200.png" target="_blank" >[ScreenShot]</a></div>
<div class="test-event"> <font color="maroon"> <small> &emsp; &emsp;--- 05 May 00:46:16 296 - Page URL:: https://www.i-car.com/product/damage-analysis-of-unitized-structures-center</small> </font> </div>
<div class="test-event"> <font color="maroon"> <small> &emsp; &emsp;--- 05 May 00:46:16 296 - <b>0</b> - Page Load Wait: (Sync) - ICar.support.Utils.waitForPageLoad(Utils.java:109)</small> </font> </div>
<div class="test-event"> <font color="maroon"> <small> &emsp; &emsp;--- 05 May 00:46:16 305 - Catched spinner load exception due to javascript error: {"status":32,"value":"An invalid or illegal selector was specified"}
  (Session info: chrome=124.0.6367.92)
Build info: version: '4.6.0', revision: '79f1c02ae20'
System info: os.name: 'Windows 10', os.arch: 'amd64', os.version: '10.0', java.version: '17.0.7'
Driver info: org.openqa.selenium.chrome.ChromeDriver
Command: [2cf28825ea7a8a419a5b05b8e5d35d84, findElement {using=css selector, value=div[class='slds-spinner slds-spinner_brand slds-spinner_small']>div:nth-child(2)r}]
Capabilities {acceptInsecureCerts: false, browserName: chrome, browserVersion: 124.0.6367.92, chrome: {chromedriverVersion: 124.0.6367.91 (51df0e5e17a8..., userDataDir: C:\Users\PRATHA~1.KUM\AppDa...}, fedcm:accounts: true, goog:chromeOptions: {debuggerAddress: localhost:49451}, networkConnectionEnabled: false, pageLoadStrategy: normal, platformName: WINDOWS, proxy: Proxy(), se:cdp: ws://localhost:49451/devtoo..., se:cdpVersion: 124.0.6367.92, setWindowRect: true, strictFileInteractability: false, timeouts: {implicit: 0, pageLoad: 300000, script: 30000}, unhandledPromptBehavior: dismiss and notify, webauthn:extension:credBlob: true, webauthn:extension:largeBlob: true, webauthn:extension:minPinLength: true, webauthn:extension:prf: true, webauthn:virtualAuthenticators: true}
Session ID: 2cf28825ea7a8a419a5b05b8e5d35d84</small> </font> </div>
<div class="test-event"> <font color="maroon"> <small> &emsp; &emsp;--- 05 May 00:46:16 305 - <b>0</b> - Spinner Load Wait: (Sync) - ICar.support.WaitUtils.waitForSpinner(WaitUtils.java:225)</small> </font> </div>
<div class="test-event"> <font color="maroon"> <small> &emsp; &emsp;--- 05 May 00:46:26 382 - Page URL:: https://www.i-car.com/product/damage-analysis-of-unitized-structures-center</small> </font> </div>
<div class="test-event"> <font color="maroon"> <small> &emsp; &emsp;--- 05 May 00:46:26 382 - <b>0</b> - Page Load Wait: (Sync) - ICar.support.Utils.waitForPageLoad(Utils.java:109)</small> </font> </div>
<div class="test-event"> <font color="maroon"> <small> &emsp; &emsp;--- 05 May 00:46:26 401 - Element is displayed:: [[ChromeDriver: chrome on WINDOWS (2cf28825ea7a8a419a5b05b8e5d35d84)] -> xpath: //a[contains(text(),'Back to Courses')]]</small> </font> </div>
<div class="test-event"> <font color="maroon"> <small> &emsp; &emsp;--- 05 May 00:46:33 430 - Catched spinner load exception due to javascript error: {"status":32,"value":"An invalid or illegal selector was specified"}
  (Session info: chrome=124.0.6367.92)
Build info: version: '4.6.0', revision: '79f1c02ae20'
System info: os.name: 'Windows 10', os.arch: 'amd64', os.version: '10.0', java.version: '17.0.7'
Driver info: org.openqa.selenium.chrome.ChromeDriver
Command: [2cf28825ea7a8a419a5b05b8e5d35d84, findElement {using=css selector, value=div[class='slds-spinner slds-spinner_brand slds-spinner_small']>div:nth-child(2)r}]
Capabilities {acceptInsecureCerts: false, browserName: chrome, browserVersion: 124.0.6367.92, chrome: {chromedriverVersion: 124.0.6367.91 (51df0e5e17a8..., userDataDir: C:\Users\PRATHA~1.KUM\AppDa...}, fedcm:accounts: true, goog:chromeOptions: {debuggerAddress: localhost:49451}, networkConnectionEnabled: false, pageLoadStrategy: normal, platformName: WINDOWS, proxy: Proxy(), se:cdp: ws://localhost:49451/devtoo..., se:cdpVersion: 124.0.6367.92, setWindowRect: true, strictFileInteractability: false, timeouts: {implicit: 0, pageLoad: 300000, script: 30000}, unhandledPromptBehavior: dismiss and notify, webauthn:extension:credBlob: true, webauthn:extension:largeBlob: true, webauthn:extension:minPinLength: true, webauthn:extension:prf: true, webauthn:virtualAuthenticators: true}
Session ID: 2cf28825ea7a8a419a5b05b8e5d35d84</small> </font> </div>
<div class="test-event"> <font color="maroon"> <small> &emsp; &emsp;--- 05 May 00:46:33 430 - <b>0</b> - Spinner Load Wait: (Sync) - ICar.support.WaitUtils.waitForSpinner(WaitUtils.java:225)</small> </font> </div>
<div class="test-message">&emsp;Back To Courses is displayed in the page </div>
<div class="test-message">&emsp;Successfully verified Back To Course Link&emsp;<a href=".\ScreenShot\URL_TC001_2723931046066900.png" target="_blank" >[ScreenShot]</a></div>
<div class="test-event"> <font color="maroon"> <small> &emsp; &emsp;--- 05 May 00:46:33 722 - Catched spinner load exception due to javascript error: {"status":32,"value":"An invalid or illegal selector was specified"}
  (Session info: chrome=124.0.6367.92)
Build info: version: '4.6.0', revision: '79f1c02ae20'
System info: os.name: 'Windows 10', os.arch: 'amd64', os.version: '10.0', java.version: '17.0.7'
Driver info: org.openqa.selenium.chrome.ChromeDriver
Command: [2cf28825ea7a8a419a5b05b8e5d35d84, findElement {using=css selector, value=div[class='slds-spinner slds-spinner_brand slds-spinner_small']>div:nth-child(2)r}]
Capabilities {acceptInsecureCerts: false, browserName: chrome, browserVersion: 124.0.6367.92, chrome: {chromedriverVersion: 124.0.6367.91 (51df0e5e17a8..., userDataDir: C:\Users\PRATHA~1.KUM\AppDa...}, fedcm:accounts: true, goog:chromeOptions: {debuggerAddress: localhost:49451}, networkConnectionEnabled: false, pageLoadStrategy: normal, platformName: WINDOWS, proxy: Proxy(), se:cdp: ws://localhost:49451/devtoo..., se:cdpVersion: 124.0.6367.92, setWindowRect: true, strictFileInteractability: false, timeouts: {implicit: 0, pageLoad: 300000, script: 30000}, unhandledPromptBehavior: dismiss and notify, webauthn:extension:credBlob: true, webauthn:extension:largeBlob: true, webauthn:extension:minPinLength: true, webauthn:extension:prf: true, webauthn:virtualAuthenticators: true}
Session ID: 2cf28825ea7a8a419a5b05b8e5d35d84</small> </font> </div>
<div class="test-event"> <font color="maroon"> <small> &emsp; &emsp;--- 05 May 00:46:33 722 - <b>0</b> - Spinner Load Wait: (Sync) - ICar.support.WaitUtils.waitForSpinner(WaitUtils.java:225)</small> </font> </div>
<div class="test-event"> <font color="maroon"> <small> &emsp; &emsp;--- 05 May 00:46:33 789 - Page URL:: https://www.i-car.com/product/damage-analysis-of-unitized-structures-center</small> </font> </div>
<div class="test-event"> <font color="maroon"> <small> &emsp; &emsp;--- 05 May 00:46:33 789 - <b>0</b> - Page Load Wait: (Sync) - ICar.support.Utils.waitForPageLoad(Utils.java:109)</small> </font> </div>
<div class="test-event"> <font color="maroon"> <small> &emsp; &emsp;--- 05 May 00:46:43 852 - Element is displayed:: [[ChromeDriver: chrome on WINDOWS (2cf28825ea7a8a419a5b05b8e5d35d84)] -> xpath: //div[@class='productDetails slds-p-bottom_large']//div[contains(@class,'slds-p-bottom_medium')]]</small> </font> </div>
<div class="test-message">&emsp;Course Name : DamageAnalysisofUnitizedStructuresCenter is displayed in the URL page</div>
<div class="test-message">&emsp;Successfully verified the course name for relevant link&emsp;<a href=".\ScreenShot\URL_TC001_2723949476171700.png" target="_blank" >[ScreenShot]</a></div>
<div class="test-message">&emsp;
</div>
<div class="test-message">&emsp;181. URL is : https://www.i-car.com/product/group-13</div>
<div class="test-event"> <font color="maroon"> <small> &emsp; &emsp;--- 05 May 00:46:53 017 - Page URL:: https://www.i-car.com/product/group-13</small> </font> </div>
<div class="test-event"> <font color="maroon"> <small> &emsp; &emsp;--- 05 May 00:46:53 017 - <b>0</b> - Page Load Wait: (Sync) - ICar.support.Utils.waitForPageLoad(Utils.java:109)</small> </font> </div>
<div class="test-message">&emsp;Successfully navigated to the :  https://www.i-car.com/product/group-13   Page&emsp;<a href=".\ScreenShot\URL_TC001_2723950622072400.png" target="_blank" >[ScreenShot]</a></div>
<div class="test-event"> <font color="maroon"> <small> &emsp; &emsp;--- 05 May 00:46:53 316 - Page URL:: https://www.i-car.com/product/group-13</small> </font> </div>
<div class="test-event"> <font color="maroon"> <small> &emsp; &emsp;--- 05 May 00:46:53 317 - <b>0</b> - Page Load Wait: (Sync) - ICar.support.Utils.waitForPageLoad(Utils.java:109)</small> </font> </div>
<div class="test-event"> <font color="maroon"> <small> &emsp; &emsp;--- 05 May 00:46:53 326 - Catched spinner load exception due to javascript error: {"status":32,"value":"An invalid or illegal selector was specified"}
  (Session info: chrome=124.0.6367.92)
Build info: version: '4.6.0', revision: '79f1c02ae20'
System info: os.name: 'Windows 10', os.arch: 'amd64', os.version: '10.0', java.version: '17.0.7'
Driver info: org.openqa.selenium.chrome.ChromeDriver
Command: [2cf28825ea7a8a419a5b05b8e5d35d84, findElement {using=css selector, value=div[class='slds-spinner slds-spinner_brand slds-spinner_small']>div:nth-child(2)r}]
Capabilities {acceptInsecureCerts: false, browserName: chrome, browserVersion: 124.0.6367.92, chrome: {chromedriverVersion: 124.0.6367.91 (51df0e5e17a8..., userDataDir: C:\Users\PRATHA~1.KUM\AppDa...}, fedcm:accounts: true, goog:chromeOptions: {debuggerAddress: localhost:49451}, networkConnectionEnabled: false, pageLoadStrategy: normal, platformName: WINDOWS, proxy: Proxy(), se:cdp: ws://localhost:49451/devtoo..., se:cdpVersion: 124.0.6367.92, setWindowRect: true, strictFileInteractability: false, timeouts: {implicit: 0, pageLoad: 300000, script: 30000}, unhandledPromptBehavior: dismiss and notify, webauthn:extension:credBlob: true, webauthn:extension:largeBlob: true, webauthn:extension:minPinLength: true, webauthn:extension:prf: true, webauthn:virtualAuthenticators: true}
Session ID: 2cf28825ea7a8a419a5b05b8e5d35d84</small> </font> </div>
<div class="test-event"> <font color="maroon"> <small> &emsp; &emsp;--- 05 May 00:46:53 326 - <b>0</b> - Spinner Load Wait: (Sync) - ICar.support.WaitUtils.waitForSpinner(WaitUtils.java:225)</small> </font> </div>
<div class="test-event"> <font color="maroon"> <small> &emsp; &emsp;--- 05 May 00:47:03 444 - Page URL:: https://www.i-car.com/product/group-13</small> </font> </div>
<div class="test-event"> <font color="maroon"> <small> &emsp; &emsp;--- 05 May 00:47:03 444 - <b>0</b> - Page Load Wait: (Sync) - ICar.support.Utils.waitForPageLoad(Utils.java:109)</small> </font> </div>
<div class="test-event"> <font color="maroon"> <small> &emsp; &emsp;--- 05 May 00:47:03 461 - Element is displayed:: [[ChromeDriver: chrome on WINDOWS (2cf28825ea7a8a419a5b05b8e5d35d84)] -> xpath: //a[contains(text(),'Back to Courses')]]</small> </font> </div>
<div class="test-event"> <font color="maroon"> <small> &emsp; &emsp;--- 05 May 00:47:10 498 - Catched spinner load exception due to javascript error: {"status":32,"value":"An invalid or illegal selector was specified"}
  (Session info: chrome=124.0.6367.92)
Build info: version: '4.6.0', revision: '79f1c02ae20'
System info: os.name: 'Windows 10', os.arch: 'amd64', os.version: '10.0', java.version: '17.0.7'
Driver info: org.openqa.selenium.chrome.ChromeDriver
Command: [2cf28825ea7a8a419a5b05b8e5d35d84, findElement {using=css selector, value=div[class='slds-spinner slds-spinner_brand slds-spinner_small']>div:nth-child(2)r}]
Capabilities {acceptInsecureCerts: false, browserName: chrome, browserVersion: 124.0.6367.92, chrome: {chromedriverVersion: 124.0.6367.91 (51df0e5e17a8..., userDataDir: C:\Users\PRATHA~1.KUM\AppDa...}, fedcm:accounts: true, goog:chromeOptions: {debuggerAddress: localhost:49451}, networkConnectionEnabled: false, pageLoadStrategy: normal, platformName: WINDOWS, proxy: Proxy(), se:cdp: ws://localhost:49451/devtoo..., se:cdpVersion: 124.0.6367.92, setWindowRect: true, strictFileInteractability: false, timeouts: {implicit: 0, pageLoad: 300000, script: 30000}, unhandledPromptBehavior: dismiss and notify, webauthn:extension:credBlob: true, webauthn:extension:largeBlob: true, webauthn:extension:minPinLength: true, webauthn:extension:prf: true, webauthn:virtualAuthenticators: true}
Session ID: 2cf28825ea7a8a419a5b05b8e5d35d84</small> </font> </div>
<div class="test-event"> <font color="maroon"> <small> &emsp; &emsp;--- 05 May 00:47:10 498 - <b>0</b> - Spinner Load Wait: (Sync) - ICar.support.WaitUtils.waitForSpinner(WaitUtils.java:225)</small> </font> </div>
<div class="test-message">&emsp;Back To Courses is displayed in the page </div>
<div class="test-message">&emsp;Successfully verified Back To Course Link&emsp;<a href=".\ScreenShot\URL_TC001_2723968112960600.png" target="_blank" >[ScreenShot]</a></div>
<div class="test-event"> <font color="maroon"> <small> &emsp; &emsp;--- 05 May 00:47:10 749 - Catched spinner load exception due to javascript error: {"status":32,"value":"An invalid or illegal selector was specified"}
  (Session info: chrome=124.0.6367.92)
Build info: version: '4.6.0', revision: '79f1c02ae20'
System info: os.name: 'Windows 10', os.arch: 'amd64', os.version: '10.0', java.version: '17.0.7'
Driver info: org.openqa.selenium.chrome.ChromeDriver
Command: [2cf28825ea7a8a419a5b05b8e5d35d84, findElement {using=css selector, value=div[class='slds-spinner slds-spinner_brand slds-spinner_small']>div:nth-child(2)r}]
Capabilities {acceptInsecureCerts: false, browserName: chrome, browserVersion: 124.0.6367.92, chrome: {chromedriverVersion: 124.0.6367.91 (51df0e5e17a8..., userDataDir: C:\Users\PRATHA~1.KUM\AppDa...}, fedcm:accounts: true, goog:chromeOptions: {debuggerAddress: localhost:49451}, networkConnectionEnabled: false, pageLoadStrategy: normal, platformName: WINDOWS, proxy: Proxy(), se:cdp: ws://localhost:49451/devtoo..., se:cdpVersion: 124.0.6367.92, setWindowRect: true, strictFileInteractability: false, timeouts: {implicit: 0, pageLoad: 300000, script: 30000}, unhandledPromptBehavior: dismiss and notify, webauthn:extension:credBlob: true, webauthn:extension:largeBlob: true, webauthn:extension:minPinLength: true, webauthn:extension:prf: true, webauthn:virtualAuthenticators: true}
Session ID: 2cf28825ea7a8a419a5b05b8e5d35d84</small> </font> </div>
<div class="test-event"> <font color="maroon"> <small> &emsp; &emsp;--- 05 May 00:47:10 749 - <b>0</b> - Spinner Load Wait: (Sync) - ICar.support.WaitUtils.waitForSpinner(WaitUtils.java:225)</small> </font> </div>
<div class="test-event"> <font color="maroon"> <small> &emsp; &emsp;--- 05 May 00:47:10 847 - Page URL:: https://www.i-car.com/product/group-13</small> </font> </div>
<div class="test-event"> <font color="maroon"> <small> &emsp; &emsp;--- 05 May 00:47:10 847 - <b>0</b> - Page Load Wait: (Sync) - ICar.support.Utils.waitForPageLoad(Utils.java:109)</small> </font> </div>
<div class="test-event"> <font color="maroon"> <small> &emsp; &emsp;--- 05 May 00:47:20 894 - Element is displayed:: [[ChromeDriver: chrome on WINDOWS (2cf28825ea7a8a419a5b05b8e5d35d84)] -> xpath: //div[@class='productDetails slds-p-bottom_large']//div[contains(@class,'slds-p-bottom_medium')]]</small> </font> </div>
<div class="test-message">&emsp;Course Name : Group13 is displayed in the URL page</div>
<div class="test-message">&emsp;Successfully verified the course name for relevant link&emsp;<a href=".\ScreenShot\URL_TC001_2723986519939000.png" target="_blank" >[ScreenShot]</a></div>
<div class="test-message">&emsp;
</div>
<div class="test-message">&emsp;182. URL is : https://www.i-car.com/product/air-conditioning-system-troubleshooting</div>
<div class="test-event"> <font color="maroon"> <small> &emsp; &emsp;--- 05 May 00:47:30 377 - Page URL:: https://www.i-car.com/product/air-conditioning-system-troubleshooting</small> </font> </div>
<div class="test-event"> <font color="maroon"> <small> &emsp; &emsp;--- 05 May 00:47:30 377 - <b>0</b> - Page Load Wait: (Sync) - ICar.support.Utils.waitForPageLoad(Utils.java:109)</small> </font> </div>
<div class="test-message">&emsp;Successfully navigated to the :  https://www.i-car.com/product/air-conditioning-system-troubleshooting   Page&emsp;<a href=".\ScreenShot\URL_TC001_2723987982233800.png" target="_blank" >[ScreenShot]</a></div>
<div class="test-event"> <font color="maroon"> <small> &emsp; &emsp;--- 05 May 00:47:30 660 - Page URL:: https://www.i-car.com/product/air-conditioning-system-troubleshooting</small> </font> </div>
<div class="test-event"> <font color="maroon"> <small> &emsp; &emsp;--- 05 May 00:47:30 661 - <b>0</b> - Page Load Wait: (Sync) - ICar.support.Utils.waitForPageLoad(Utils.java:109)</small> </font> </div>
<div class="test-event"> <font color="maroon"> <small> &emsp; &emsp;--- 05 May 00:47:30 669 - Catched spinner load exception due to javascript error: {"status":32,"value":"An invalid or illegal selector was specified"}
  (Session info: chrome=124.0.6367.92)
Build info: version: '4.6.0', revision: '79f1c02ae20'
System info: os.name: 'Windows 10', os.arch: 'amd64', os.version: '10.0', java.version: '17.0.7'
Driver info: org.openqa.selenium.chrome.ChromeDriver
Command: [2cf28825ea7a8a419a5b05b8e5d35d84, findElement {using=css selector, value=div[class='slds-spinner slds-spinner_brand slds-spinner_small']>div:nth-child(2)r}]
Capabilities {acceptInsecureCerts: false, browserName: chrome, browserVersion: 124.0.6367.92, chrome: {chromedriverVersion: 124.0.6367.91 (51df0e5e17a8..., userDataDir: C:\Users\PRATHA~1.KUM\AppDa...}, fedcm:accounts: true, goog:chromeOptions: {debuggerAddress: localhost:49451}, networkConnectionEnabled: false, pageLoadStrategy: normal, platformName: WINDOWS, proxy: Proxy(), se:cdp: ws://localhost:49451/devtoo..., se:cdpVersion: 124.0.6367.92, setWindowRect: true, strictFileInteractability: false, timeouts: {implicit: 0, pageLoad: 300000, script: 30000}, unhandledPromptBehavior: dismiss and notify, webauthn:extension:credBlob: true, webauthn:extension:largeBlob: true, webauthn:extension:minPinLength: true, webauthn:extension:prf: true, webauthn:virtualAuthenticators: true}
Session ID: 2cf28825ea7a8a419a5b05b8e5d35d84</small> </font> </div>
<div class="test-event"> <font color="maroon"> <small> &emsp; &emsp;--- 05 May 00:47:30 669 - <b>0</b> - Spinner Load Wait: (Sync) - ICar.support.WaitUtils.waitForSpinner(WaitUtils.java:225)</small> </font> </div>
<div class="test-event"> <font color="maroon"> <small> &emsp; &emsp;--- 05 May 00:47:40 775 - Page URL:: https://www.i-car.com/product/air-conditioning-system-troubleshooting</small> </font> </div>
<div class="test-event"> <font color="maroon"> <small> &emsp; &emsp;--- 05 May 00:47:40 775 - <b>0</b> - Page Load Wait: (Sync) - ICar.support.Utils.waitForPageLoad(Utils.java:109)</small> </font> </div>
<div class="test-event"> <font color="maroon"> <small> &emsp; &emsp;--- 05 May 00:47:40 793 - Element is displayed:: [[ChromeDriver: chrome on WINDOWS (2cf28825ea7a8a419a5b05b8e5d35d84)] -> xpath: //a[contains(text(),'Back to Courses')]]</small> </font> </div>
<div class="test-event"> <font color="maroon"> <small> &emsp; &emsp;--- 05 May 00:47:47 814 - Catched spinner load exception due to javascript error: {"status":32,"value":"An invalid or illegal selector was specified"}
  (Session info: chrome=124.0.6367.92)
Build info: version: '4.6.0', revision: '79f1c02ae20'
System info: os.name: 'Windows 10', os.arch: 'amd64', os.version: '10.0', java.version: '17.0.7'
Driver info: org.openqa.selenium.chrome.ChromeDriver
Command: [2cf28825ea7a8a419a5b05b8e5d35d84, findElement {using=css selector, value=div[class='slds-spinner slds-spinner_brand slds-spinner_small']>div:nth-child(2)r}]
Capabilities {acceptInsecureCerts: false, browserName: chrome, browserVersion: 124.0.6367.92, chrome: {chromedriverVersion: 124.0.6367.91 (51df0e5e17a8..., userDataDir: C:\Users\PRATHA~1.KUM\AppDa...}, fedcm:accounts: true, goog:chromeOptions: {debuggerAddress: localhost:49451}, networkConnectionEnabled: false, pageLoadStrategy: normal, platformName: WINDOWS, proxy: Proxy(), se:cdp: ws://localhost:49451/devtoo..., se:cdpVersion: 124.0.6367.92, setWindowRect: true, strictFileInteractability: false, timeouts: {implicit: 0, pageLoad: 300000, script: 30000}, unhandledPromptBehavior: dismiss and notify, webauthn:extension:credBlob: true, webauthn:extension:largeBlob: true, webauthn:extension:minPinLength: true, webauthn:extension:prf: true, webauthn:virtualAuthenticators: true}
Session ID: 2cf28825ea7a8a419a5b05b8e5d35d84</small> </font> </div>
<div class="test-event"> <font color="maroon"> <small> &emsp; &emsp;--- 05 May 00:47:47 814 - <b>0</b> - Spinner Load Wait: (Sync) - ICar.support.WaitUtils.waitForSpinner(WaitUtils.java:225)</small> </font> </div>
<div class="test-message">&emsp;Back To Courses is displayed in the page </div>
<div class="test-message">&emsp;Successfully verified Back To Course Link&emsp;<a href=".\ScreenShot\URL_TC001_2724005431053100.png" target="_blank" >[ScreenShot]</a></div>
<div class="test-event"> <font color="maroon"> <small> &emsp; &emsp;--- 05 May 00:47:48 057 - Catched spinner load exception due to javascript error: {"status":32,"value":"An invalid or illegal selector was specified"}
  (Session info: chrome=124.0.6367.92)
Build info: version: '4.6.0', revision: '79f1c02ae20'
System info: os.name: 'Windows 10', os.arch: 'amd64', os.version: '10.0', java.version: '17.0.7'
Driver info: org.openqa.selenium.chrome.ChromeDriver
Command: [2cf28825ea7a8a419a5b05b8e5d35d84, findElement {using=css selector, value=div[class='slds-spinner slds-spinner_brand slds-spinner_small']>div:nth-child(2)r}]
Capabilities {acceptInsecureCerts: false, browserName: chrome, browserVersion: 124.0.6367.92, chrome: {chromedriverVersion: 124.0.6367.91 (51df0e5e17a8..., userDataDir: C:\Users\PRATHA~1.KUM\AppDa...}, fedcm:accounts: true, goog:chromeOptions: {debuggerAddress: localhost:49451}, networkConnectionEnabled: false, pageLoadStrategy: normal, platformName: WINDOWS, proxy: Proxy(), se:cdp: ws://localhost:49451/devtoo..., se:cdpVersion: 124.0.6367.92, setWindowRect: true, strictFileInteractability: false, timeouts: {implicit: 0, pageLoad: 300000, script: 30000}, unhandledPromptBehavior: dismiss and notify, webauthn:extension:credBlob: true, webauthn:extension:largeBlob: true, webauthn:extension:minPinLength: true, webauthn:extension:prf: true, webauthn:virtualAuthenticators: true}
Session ID: 2cf28825ea7a8a419a5b05b8e5d35d84</small> </font> </div>
<div class="test-event"> <font color="maroon"> <small> &emsp; &emsp;--- 05 May 00:47:48 057 - <b>0</b> - Spinner Load Wait: (Sync) - ICar.support.WaitUtils.waitForSpinner(WaitUtils.java:225)</small> </font> </div>
<div class="test-event"> <font color="maroon"> <small> &emsp; &emsp;--- 05 May 00:47:48 149 - Page URL:: https://www.i-car.com/product/air-conditioning-system-troubleshooting</small> </font> </div>
<div class="test-event"> <font color="maroon"> <small> &emsp; &emsp;--- 05 May 00:47:48 149 - <b>0</b> - Page Load Wait: (Sync) - ICar.support.Utils.waitForPageLoad(Utils.java:109)</small> </font> </div>
<div class="test-event"> <font color="maroon"> <small> &emsp; &emsp;--- 05 May 00:47:58 201 - Element is displayed:: [[ChromeDriver: chrome on WINDOWS (2cf28825ea7a8a419a5b05b8e5d35d84)] -> xpath: //div[@class='productDetails slds-p-bottom_large']//div[contains(@class,'slds-p-bottom_medium')]]</small> </font> </div>
<div class="test-message">&emsp;Course Name : AirConditioningSystemTroubleshooting is displayed in the URL page</div>
<div class="test-message">&emsp;Successfully verified the course name for relevant link&emsp;<a href=".\ScreenShot\URL_TC001_2724023829246700.png" target="_blank" >[ScreenShot]</a></div>
<div class="test-message">&emsp;
</div>
<div class="test-message">&emsp;183. URL is : https://www.i-car.com/product/group-15</div>
<div class="test-event"> <font color="maroon"> <small> &emsp; &emsp;--- 05 May 00:48:07 689 - Page URL:: https://www.i-car.com/product/group-15</small> </font> </div>
<div class="test-event"> <font color="maroon"> <small> &emsp; &emsp;--- 05 May 00:48:07 689 - <b>0</b> - Page Load Wait: (Sync) - ICar.support.Utils.waitForPageLoad(Utils.java:109)</small> </font> </div>
<div class="test-message">&emsp;Successfully navigated to the :  https://www.i-car.com/product/group-15   Page&emsp;<a href=".\ScreenShot\URL_TC001_2724025294612000.png" target="_blank" >[ScreenShot]</a></div>
<div class="test-event"> <font color="maroon"> <small> &emsp; &emsp;--- 05 May 00:48:07 991 - Page URL:: https://www.i-car.com/product/group-15</small> </font> </div>
<div class="test-event"> <font color="maroon"> <small> &emsp; &emsp;--- 05 May 00:48:07 991 - <b>0</b> - Page Load Wait: (Sync) - ICar.support.Utils.waitForPageLoad(Utils.java:109)</small> </font> </div>
<div class="test-event"> <font color="maroon"> <small> &emsp; &emsp;--- 05 May 00:48:07 999 - Catched spinner load exception due to javascript error: {"status":32,"value":"An invalid or illegal selector was specified"}
  (Session info: chrome=124.0.6367.92)
Build info: version: '4.6.0', revision: '79f1c02ae20'
System info: os.name: 'Windows 10', os.arch: 'amd64', os.version: '10.0', java.version: '17.0.7'
Driver info: org.openqa.selenium.chrome.ChromeDriver
Command: [2cf28825ea7a8a419a5b05b8e5d35d84, findElement {using=css selector, value=div[class='slds-spinner slds-spinner_brand slds-spinner_small']>div:nth-child(2)r}]
Capabilities {acceptInsecureCerts: false, browserName: chrome, browserVersion: 124.0.6367.92, chrome: {chromedriverVersion: 124.0.6367.91 (51df0e5e17a8..., userDataDir: C:\Users\PRATHA~1.KUM\AppDa...}, fedcm:accounts: true, goog:chromeOptions: {debuggerAddress: localhost:49451}, networkConnectionEnabled: false, pageLoadStrategy: normal, platformName: WINDOWS, proxy: Proxy(), se:cdp: ws://localhost:49451/devtoo..., se:cdpVersion: 124.0.6367.92, setWindowRect: true, strictFileInteractability: false, timeouts: {implicit: 0, pageLoad: 300000, script: 30000}, unhandledPromptBehavior: dismiss and notify, webauthn:extension:credBlob: true, webauthn:extension:largeBlob: true, webauthn:extension:minPinLength: true, webauthn:extension:prf: true, webauthn:virtualAuthenticators: true}
Session ID: 2cf28825ea7a8a419a5b05b8e5d35d84</small> </font> </div>
<div class="test-event"> <font color="maroon"> <small> &emsp; &emsp;--- 05 May 00:48:07 999 - <b>0</b> - Spinner Load Wait: (Sync) - ICar.support.WaitUtils.waitForSpinner(WaitUtils.java:225)</small> </font> </div>
<div class="test-event"> <font color="maroon"> <small> &emsp; &emsp;--- 05 May 00:48:18 110 - Page URL:: https://www.i-car.com/product/group-15</small> </font> </div>
<div class="test-event"> <font color="maroon"> <small> &emsp; &emsp;--- 05 May 00:48:18 110 - <b>0</b> - Page Load Wait: (Sync) - ICar.support.Utils.waitForPageLoad(Utils.java:109)</small> </font> </div>
<div class="test-event"> <font color="maroon"> <small> &emsp; &emsp;--- 05 May 00:48:18 127 - Element is displayed:: [[ChromeDriver: chrome on WINDOWS (2cf28825ea7a8a419a5b05b8e5d35d84)] -> xpath: //a[contains(text(),'Back to Courses')]]</small> </font> </div>
<div class="test-event"> <font color="maroon"> <small> &emsp; &emsp;--- 05 May 00:48:25 166 - Catched spinner load exception due to javascript error: {"status":32,"value":"An invalid or illegal selector was specified"}
  (Session info: chrome=124.0.6367.92)
Build info: version: '4.6.0', revision: '79f1c02ae20'
System info: os.name: 'Windows 10', os.arch: 'amd64', os.version: '10.0', java.version: '17.0.7'
Driver info: org.openqa.selenium.chrome.ChromeDriver
Command: [2cf28825ea7a8a419a5b05b8e5d35d84, findElement {using=css selector, value=div[class='slds-spinner slds-spinner_brand slds-spinner_small']>div:nth-child(2)r}]
Capabilities {acceptInsecureCerts: false, browserName: chrome, browserVersion: 124.0.6367.92, chrome: {chromedriverVersion: 124.0.6367.91 (51df0e5e17a8..., userDataDir: C:\Users\PRATHA~1.KUM\AppDa...}, fedcm:accounts: true, goog:chromeOptions: {debuggerAddress: localhost:49451}, networkConnectionEnabled: false, pageLoadStrategy: normal, platformName: WINDOWS, proxy: Proxy(), se:cdp: ws://localhost:49451/devtoo..., se:cdpVersion: 124.0.6367.92, setWindowRect: true, strictFileInteractability: false, timeouts: {implicit: 0, pageLoad: 300000, script: 30000}, unhandledPromptBehavior: dismiss and notify, webauthn:extension:credBlob: true, webauthn:extension:largeBlob: true, webauthn:extension:minPinLength: true, webauthn:extension:prf: true, webauthn:virtualAuthenticators: true}
Session ID: 2cf28825ea7a8a419a5b05b8e5d35d84</small> </font> </div>
<div class="test-event"> <font color="maroon"> <small> &emsp; &emsp;--- 05 May 00:48:25 166 - <b>0</b> - Spinner Load Wait: (Sync) - ICar.support.WaitUtils.waitForSpinner(WaitUtils.java:225)</small> </font> </div>
<div class="test-message">&emsp;Back To Courses is displayed in the page </div>
<div class="test-message">&emsp;Successfully verified Back To Course Link&emsp;<a href=".\ScreenShot\URL_TC001_2724042799917000.png" target="_blank" >[ScreenShot]</a></div>
<div class="test-event"> <font color="maroon"> <small> &emsp; &emsp;--- 05 May 00:48:25 463 - Catched spinner load exception due to javascript error: {"status":32,"value":"An invalid or illegal selector was specified"}
  (Session info: chrome=124.0.6367.92)
Build info: version: '4.6.0', revision: '79f1c02ae20'
System info: os.name: 'Windows 10', os.arch: 'amd64', os.version: '10.0', java.version: '17.0.7'
Driver info: org.openqa.selenium.chrome.ChromeDriver
Command: [2cf28825ea7a8a419a5b05b8e5d35d84, findElement {using=css selector, value=div[class='slds-spinner slds-spinner_brand slds-spinner_small']>div:nth-child(2)r}]
Capabilities {acceptInsecureCerts: false, browserName: chrome, browserVersion: 124.0.6367.92, chrome: {chromedriverVersion: 124.0.6367.91 (51df0e5e17a8..., userDataDir: C:\Users\PRATHA~1.KUM\AppDa...}, fedcm:accounts: true, goog:chromeOptions: {debuggerAddress: localhost:49451}, networkConnectionEnabled: false, pageLoadStrategy: normal, platformName: WINDOWS, proxy: Proxy(), se:cdp: ws://localhost:49451/devtoo..., se:cdpVersion: 124.0.6367.92, setWindowRect: true, strictFileInteractability: false, timeouts: {implicit: 0, pageLoad: 300000, script: 30000}, unhandledPromptBehavior: dismiss and notify, webauthn:extension:credBlob: true, webauthn:extension:largeBlob: true, webauthn:extension:minPinLength: true, webauthn:extension:prf: true, webauthn:virtualAuthenticators: true}
Session ID: 2cf28825ea7a8a419a5b05b8e5d35d84</small> </font> </div>
<div class="test-event"> <font color="maroon"> <small> &emsp; &emsp;--- 05 May 00:48:25 463 - <b>0</b> - Spinner Load Wait: (Sync) - ICar.support.WaitUtils.waitForSpinner(WaitUtils.java:225)</small> </font> </div>
<div class="test-event"> <font color="maroon"> <small> &emsp; &emsp;--- 05 May 00:48:25 546 - Page URL:: https://www.i-car.com/product/group-15</small> </font> </div>
<div class="test-event"> <font color="maroon"> <small> &emsp; &emsp;--- 05 May 00:48:25 546 - <b>0</b> - Page Load Wait: (Sync) - ICar.support.Utils.waitForPageLoad(Utils.java:109)</small> </font> </div>
<div class="test-event"> <font color="maroon"> <small> &emsp; &emsp;--- 05 May 00:48:35 604 - Element is displayed:: [[ChromeDriver: chrome on WINDOWS (2cf28825ea7a8a419a5b05b8e5d35d84)] -> xpath: //div[@class='productDetails slds-p-bottom_large']//div[contains(@class,'slds-p-bottom_medium')]]</small> </font> </div>
<div class="test-message">&emsp;Course Name : Group15 is displayed in the URL page</div>
<div class="test-message">&emsp;Successfully verified the course name for relevant link&emsp;<a href=".\ScreenShot\URL_TC001_2724061234797400.png" target="_blank" >[ScreenShot]</a></div>
<div class="test-message">&emsp;
</div>
<div class="test-message">&emsp;184. URL is : https://www.i-car.com/product/introduction-to-rivet-bonding</div>
<div class="test-event"> <font color="maroon"> <small> &emsp; &emsp;--- 05 May 00:48:45 058 - Page URL:: https://www.i-car.com/product/introduction-to-rivet-bonding</small> </font> </div>
<div class="test-event"> <font color="maroon"> <small> &emsp; &emsp;--- 05 May 00:48:45 058 - <b>0</b> - Page Load Wait: (Sync) - ICar.support.Utils.waitForPageLoad(Utils.java:109)</small> </font> </div>
<div class="test-message">&emsp;Successfully navigated to the :  https://www.i-car.com/product/introduction-to-rivet-bonding   Page&emsp;<a href=".\ScreenShot\URL_TC001_2724062663386000.png" target="_blank" >[ScreenShot]</a></div>
<div class="test-event"> <font color="maroon"> <small> &emsp; &emsp;--- 05 May 00:48:45 295 - Page URL:: https://www.i-car.com/product/introduction-to-rivet-bonding</small> </font> </div>
<div class="test-event"> <font color="maroon"> <small> &emsp; &emsp;--- 05 May 00:48:45 295 - <b>0</b> - Page Load Wait: (Sync) - ICar.support.Utils.waitForPageLoad(Utils.java:109)</small> </font> </div>
<div class="test-event"> <font color="maroon"> <small> &emsp; &emsp;--- 05 May 00:48:45 303 - Catched spinner load exception due to javascript error: {"status":32,"value":"An invalid or illegal selector was specified"}
  (Session info: chrome=124.0.6367.92)
Build info: version: '4.6.0', revision: '79f1c02ae20'
System info: os.name: 'Windows 10', os.arch: 'amd64', os.version: '10.0', java.version: '17.0.7'
Driver info: org.openqa.selenium.chrome.ChromeDriver
Command: [2cf28825ea7a8a419a5b05b8e5d35d84, findElement {using=css selector, value=div[class='slds-spinner slds-spinner_brand slds-spinner_small']>div:nth-child(2)r}]
Capabilities {acceptInsecureCerts: false, browserName: chrome, browserVersion: 124.0.6367.92, chrome: {chromedriverVersion: 124.0.6367.91 (51df0e5e17a8..., userDataDir: C:\Users\PRATHA~1.KUM\AppDa...}, fedcm:accounts: true, goog:chromeOptions: {debuggerAddress: localhost:49451}, networkConnectionEnabled: false, pageLoadStrategy: normal, platformName: WINDOWS, proxy: Proxy(), se:cdp: ws://localhost:49451/devtoo..., se:cdpVersion: 124.0.6367.92, setWindowRect: true, strictFileInteractability: false, timeouts: {implicit: 0, pageLoad: 300000, script: 30000}, unhandledPromptBehavior: dismiss and notify, webauthn:extension:credBlob: true, webauthn:extension:largeBlob: true, webauthn:extension:minPinLength: true, webauthn:extension:prf: true, webauthn:virtualAuthenticators: true}
Session ID: 2cf28825ea7a8a419a5b05b8e5d35d84</small> </font> </div>
<div class="test-event"> <font color="maroon"> <small> &emsp; &emsp;--- 05 May 00:48:45 303 - <b>0</b> - Spinner Load Wait: (Sync) - ICar.support.WaitUtils.waitForSpinner(WaitUtils.java:225)</small> </font> </div>
<div class="test-event"> <font color="maroon"> <small> &emsp; &emsp;--- 05 May 00:48:55 403 - Page URL:: https://www.i-car.com/product/introduction-to-rivet-bonding</small> </font> </div>
<div class="test-event"> <font color="maroon"> <small> &emsp; &emsp;--- 05 May 00:48:55 403 - <b>0</b> - Page Load Wait: (Sync) - ICar.support.Utils.waitForPageLoad(Utils.java:109)</small> </font> </div>
<div class="test-event"> <font color="maroon"> <small> &emsp; &emsp;--- 05 May 00:48:55 421 - Element is displayed:: [[ChromeDriver: chrome on WINDOWS (2cf28825ea7a8a419a5b05b8e5d35d84)] -> xpath: //a[contains(text(),'Back to Courses')]]</small> </font> </div>
<div class="test-event"> <font color="maroon"> <small> &emsp; &emsp;--- 05 May 00:49:02 472 - Catched spinner load exception due to javascript error: {"status":32,"value":"An invalid or illegal selector was specified"}
  (Session info: chrome=124.0.6367.92)
Build info: version: '4.6.0', revision: '79f1c02ae20'
System info: os.name: 'Windows 10', os.arch: 'amd64', os.version: '10.0', java.version: '17.0.7'
Driver info: org.openqa.selenium.chrome.ChromeDriver
Command: [2cf28825ea7a8a419a5b05b8e5d35d84, findElement {using=css selector, value=div[class='slds-spinner slds-spinner_brand slds-spinner_small']>div:nth-child(2)r}]
Capabilities {acceptInsecureCerts: false, browserName: chrome, browserVersion: 124.0.6367.92, chrome: {chromedriverVersion: 124.0.6367.91 (51df0e5e17a8..., userDataDir: C:\Users\PRATHA~1.KUM\AppDa...}, fedcm:accounts: true, goog:chromeOptions: {debuggerAddress: localhost:49451}, networkConnectionEnabled: false, pageLoadStrategy: normal, platformName: WINDOWS, proxy: Proxy(), se:cdp: ws://localhost:49451/devtoo..., se:cdpVersion: 124.0.6367.92, setWindowRect: true, strictFileInteractability: false, timeouts: {implicit: 0, pageLoad: 300000, script: 30000}, unhandledPromptBehavior: dismiss and notify, webauthn:extension:credBlob: true, webauthn:extension:largeBlob: true, webauthn:extension:minPinLength: true, webauthn:extension:prf: true, webauthn:virtualAuthenticators: true}
Session ID: 2cf28825ea7a8a419a5b05b8e5d35d84</small> </font> </div>
<div class="test-event"> <font color="maroon"> <small> &emsp; &emsp;--- 05 May 00:49:02 472 - <b>0</b> - Spinner Load Wait: (Sync) - ICar.support.WaitUtils.waitForSpinner(WaitUtils.java:225)</small> </font> </div>
<div class="test-message">&emsp;Back To Courses is displayed in the page </div>
<div class="test-message">&emsp;Successfully verified Back To Course Link&emsp;<a href=".\ScreenShot\URL_TC001_2724080102366200.png" target="_blank" >[ScreenShot]</a></div>
<div class="test-event"> <font color="maroon"> <small> &emsp; &emsp;--- 05 May 00:49:02 782 - Catched spinner load exception due to javascript error: {"status":32,"value":"An invalid or illegal selector was specified"}
  (Session info: chrome=124.0.6367.92)
Build info: version: '4.6.0', revision: '79f1c02ae20'
System info: os.name: 'Windows 10', os.arch: 'amd64', os.version: '10.0', java.version: '17.0.7'
Driver info: org.openqa.selenium.chrome.ChromeDriver
Command: [2cf28825ea7a8a419a5b05b8e5d35d84, findElement {using=css selector, value=div[class='slds-spinner slds-spinner_brand slds-spinner_small']>div:nth-child(2)r}]
Capabilities {acceptInsecureCerts: false, browserName: chrome, browserVersion: 124.0.6367.92, chrome: {chromedriverVersion: 124.0.6367.91 (51df0e5e17a8..., userDataDir: C:\Users\PRATHA~1.KUM\AppDa...}, fedcm:accounts: true, goog:chromeOptions: {debuggerAddress: localhost:49451}, networkConnectionEnabled: false, pageLoadStrategy: normal, platformName: WINDOWS, proxy: Proxy(), se:cdp: ws://localhost:49451/devtoo..., se:cdpVersion: 124.0.6367.92, setWindowRect: true, strictFileInteractability: false, timeouts: {implicit: 0, pageLoad: 300000, script: 30000}, unhandledPromptBehavior: dismiss and notify, webauthn:extension:credBlob: true, webauthn:extension:largeBlob: true, webauthn:extension:minPinLength: true, webauthn:extension:prf: true, webauthn:virtualAuthenticators: true}
Session ID: 2cf28825ea7a8a419a5b05b8e5d35d84</small> </font> </div>
<div class="test-event"> <font color="maroon"> <small> &emsp; &emsp;--- 05 May 00:49:02 782 - <b>0</b> - Spinner Load Wait: (Sync) - ICar.support.WaitUtils.waitForSpinner(WaitUtils.java:225)</small> </font> </div>
<div class="test-event"> <font color="maroon"> <small> &emsp; &emsp;--- 05 May 00:49:02 843 - Page URL:: https://www.i-car.com/product/introduction-to-rivet-bonding</small> </font> </div>
<div class="test-event"> <font color="maroon"> <small> &emsp; &emsp;--- 05 May 00:49:02 843 - <b>0</b> - Page Load Wait: (Sync) - ICar.support.Utils.waitForPageLoad(Utils.java:109)</small> </font> </div>
<div class="test-event"> <font color="maroon"> <small> &emsp; &emsp;--- 05 May 00:49:12 901 - Element is displayed:: [[ChromeDriver: chrome on WINDOWS (2cf28825ea7a8a419a5b05b8e5d35d84)] -> xpath: //div[@class='productDetails slds-p-bottom_large']//div[contains(@class,'slds-p-bottom_medium')]]</small> </font> </div>
<div class="test-message">&emsp;Course Name : IntroductiontoRivetBonding is displayed in the URL page</div>
<div class="test-message">&emsp;Successfully verified the course name for relevant link&emsp;<a href=".\ScreenShot\URL_TC001_2724098531138000.png" target="_blank" >[ScreenShot]</a></div>
<div class="test-message">&emsp;
</div>
<div class="test-message">&emsp;185. URL is : https://www.i-car.com/product/writing-the-estimate</div>
<div class="test-event"> <font color="maroon"> <small> &emsp; &emsp;--- 05 May 00:49:26 636 - Page URL:: https://www.i-car.com/product/writing-the-estimate</small> </font> </div>
<div class="test-event"> <font color="maroon"> <small> &emsp; &emsp;--- 05 May 00:49:26 636 - <b>0</b> - Page Load Wait: (Sync) - ICar.support.Utils.waitForPageLoad(Utils.java:109)</small> </font> </div>
<div class="test-message">&emsp;Successfully navigated to the :  https://www.i-car.com/product/writing-the-estimate   Page&emsp;<a href=".\ScreenShot\URL_TC001_2724104241338600.png" target="_blank" >[ScreenShot]</a></div>
<div class="test-event"> <font color="maroon"> <small> &emsp; &emsp;--- 05 May 00:49:26 997 - Page URL:: https://www.i-car.com/product/writing-the-estimate</small> </font> </div>
<div class="test-event"> <font color="maroon"> <small> &emsp; &emsp;--- 05 May 00:49:26 998 - <b>0</b> - Page Load Wait: (Sync) - ICar.support.Utils.waitForPageLoad(Utils.java:109)</small> </font> </div>
<div class="test-event"> <font color="maroon"> <small> &emsp; &emsp;--- 05 May 00:49:27 008 - Catched spinner load exception due to javascript error: {"status":32,"value":"An invalid or illegal selector was specified"}
  (Session info: chrome=124.0.6367.92)
Build info: version: '4.6.0', revision: '79f1c02ae20'
System info: os.name: 'Windows 10', os.arch: 'amd64', os.version: '10.0', java.version: '17.0.7'
Driver info: org.openqa.selenium.chrome.ChromeDriver
Command: [2cf28825ea7a8a419a5b05b8e5d35d84, findElement {using=css selector, value=div[class='slds-spinner slds-spinner_brand slds-spinner_small']>div:nth-child(2)r}]
Capabilities {acceptInsecureCerts: false, browserName: chrome, browserVersion: 124.0.6367.92, chrome: {chromedriverVersion: 124.0.6367.91 (51df0e5e17a8..., userDataDir: C:\Users\PRATHA~1.KUM\AppDa...}, fedcm:accounts: true, goog:chromeOptions: {debuggerAddress: localhost:49451}, networkConnectionEnabled: false, pageLoadStrategy: normal, platformName: WINDOWS, proxy: Proxy(), se:cdp: ws://localhost:49451/devtoo..., se:cdpVersion: 124.0.6367.92, setWindowRect: true, strictFileInteractability: false, timeouts: {implicit: 0, pageLoad: 300000, script: 30000}, unhandledPromptBehavior: dismiss and notify, webauthn:extension:credBlob: true, webauthn:extension:largeBlob: true, webauthn:extension:minPinLength: true, webauthn:extension:prf: true, webauthn:virtualAuthenticators: true}
Session ID: 2cf28825ea7a8a419a5b05b8e5d35d84</small> </font> </div>
<div class="test-event"> <font color="maroon"> <small> &emsp; &emsp;--- 05 May 00:49:27 008 - <b>0</b> - Spinner Load Wait: (Sync) - ICar.support.WaitUtils.waitForSpinner(WaitUtils.java:225)</small> </font> </div>
<div class="test-event"> <font color="maroon"> <small> &emsp; &emsp;--- 05 May 00:49:37 098 - Page URL:: https://www.i-car.com/product/writing-the-estimate</small> </font> </div>
<div class="test-event"> <font color="maroon"> <small> &emsp; &emsp;--- 05 May 00:49:37 098 - <b>0</b> - Page Load Wait: (Sync) - ICar.support.Utils.waitForPageLoad(Utils.java:109)</small> </font> </div>
<div class="test-event"> <font color="maroon"> <small> &emsp; &emsp;--- 05 May 00:49:37 116 - Element is displayed:: [[ChromeDriver: chrome on WINDOWS (2cf28825ea7a8a419a5b05b8e5d35d84)] -> xpath: //a[contains(text(),'Back to Courses')]]</small> </font> </div>
<div class="test-event"> <font color="maroon"> <small> &emsp; &emsp;--- 05 May 00:49:44 141 - Catched spinner load exception due to javascript error: {"status":32,"value":"An invalid or illegal selector was specified"}
  (Session info: chrome=124.0.6367.92)
Build info: version: '4.6.0', revision: '79f1c02ae20'
System info: os.name: 'Windows 10', os.arch: 'amd64', os.version: '10.0', java.version: '17.0.7'
Driver info: org.openqa.selenium.chrome.ChromeDriver
Command: [2cf28825ea7a8a419a5b05b8e5d35d84, findElement {using=css selector, value=div[class='slds-spinner slds-spinner_brand slds-spinner_small']>div:nth-child(2)r}]
Capabilities {acceptInsecureCerts: false, browserName: chrome, browserVersion: 124.0.6367.92, chrome: {chromedriverVersion: 124.0.6367.91 (51df0e5e17a8..., userDataDir: C:\Users\PRATHA~1.KUM\AppDa...}, fedcm:accounts: true, goog:chromeOptions: {debuggerAddress: localhost:49451}, networkConnectionEnabled: false, pageLoadStrategy: normal, platformName: WINDOWS, proxy: Proxy(), se:cdp: ws://localhost:49451/devtoo..., se:cdpVersion: 124.0.6367.92, setWindowRect: true, strictFileInteractability: false, timeouts: {implicit: 0, pageLoad: 300000, script: 30000}, unhandledPromptBehavior: dismiss and notify, webauthn:extension:credBlob: true, webauthn:extension:largeBlob: true, webauthn:extension:minPinLength: true, webauthn:extension:prf: true, webauthn:virtualAuthenticators: true}
Session ID: 2cf28825ea7a8a419a5b05b8e5d35d84</small> </font> </div>
<div class="test-event"> <font color="maroon"> <small> &emsp; &emsp;--- 05 May 00:49:44 141 - <b>0</b> - Spinner Load Wait: (Sync) - ICar.support.WaitUtils.waitForSpinner(WaitUtils.java:225)</small> </font> </div>
<div class="test-message">&emsp;Back To Courses is displayed in the page </div>
<div class="test-message">&emsp;Successfully verified Back To Course Link&emsp;<a href=".\ScreenShot\URL_TC001_2724121758004500.png" target="_blank" >[ScreenShot]</a></div>
<div class="test-event"> <font color="maroon"> <small> &emsp; &emsp;--- 05 May 00:49:44 384 - Catched spinner load exception due to javascript error: {"status":32,"value":"An invalid or illegal selector was specified"}
  (Session info: chrome=124.0.6367.92)
Build info: version: '4.6.0', revision: '79f1c02ae20'
System info: os.name: 'Windows 10', os.arch: 'amd64', os.version: '10.0', java.version: '17.0.7'
Driver info: org.openqa.selenium.chrome.ChromeDriver
Command: [2cf28825ea7a8a419a5b05b8e5d35d84, findElement {using=css selector, value=div[class='slds-spinner slds-spinner_brand slds-spinner_small']>div:nth-child(2)r}]
Capabilities {acceptInsecureCerts: false, browserName: chrome, browserVersion: 124.0.6367.92, chrome: {chromedriverVersion: 124.0.6367.91 (51df0e5e17a8..., userDataDir: C:\Users\PRATHA~1.KUM\AppDa...}, fedcm:accounts: true, goog:chromeOptions: {debuggerAddress: localhost:49451}, networkConnectionEnabled: false, pageLoadStrategy: normal, platformName: WINDOWS, proxy: Proxy(), se:cdp: ws://localhost:49451/devtoo..., se:cdpVersion: 124.0.6367.92, setWindowRect: true, strictFileInteractability: false, timeouts: {implicit: 0, pageLoad: 300000, script: 30000}, unhandledPromptBehavior: dismiss and notify, webauthn:extension:credBlob: true, webauthn:extension:largeBlob: true, webauthn:extension:minPinLength: true, webauthn:extension:prf: true, webauthn:virtualAuthenticators: true}
Session ID: 2cf28825ea7a8a419a5b05b8e5d35d84</small> </font> </div>
<div class="test-event"> <font color="maroon"> <small> &emsp; &emsp;--- 05 May 00:49:44 384 - <b>0</b> - Spinner Load Wait: (Sync) - ICar.support.WaitUtils.waitForSpinner(WaitUtils.java:225)</small> </font> </div>
<div class="test-event"> <font color="maroon"> <small> &emsp; &emsp;--- 05 May 00:49:44 448 - Page URL:: https://www.i-car.com/product/writing-the-estimate</small> </font> </div>
<div class="test-event"> <font color="maroon"> <small> &emsp; &emsp;--- 05 May 00:49:44 448 - <b>0</b> - Page Load Wait: (Sync) - ICar.support.Utils.waitForPageLoad(Utils.java:109)</small> </font> </div>
<div class="test-event"> <font color="maroon"> <small> &emsp; &emsp;--- 05 May 00:49:54 518 - Element is displayed:: [[ChromeDriver: chrome on WINDOWS (2cf28825ea7a8a419a5b05b8e5d35d84)] -> xpath: //div[@class='productDetails slds-p-bottom_large']//div[contains(@class,'slds-p-bottom_medium')]]</small> </font> </div>
<div class="test-message">&emsp;Course Name : WritingtheEstimate is displayed in the URL page</div>
<div class="test-message">&emsp;Successfully verified the course name for relevant link&emsp;<a href=".\ScreenShot\URL_TC001_2724140148007200.png" target="_blank" >[ScreenShot]</a></div>
<div class="test-message">&emsp;
</div>
<div class="test-message">&emsp;186. URL is : https://www.i-car.com/product/pl3-mechanical-technician</div>
<div class="test-event"> <font color="maroon"> <small> &emsp; &emsp;--- 05 May 00:50:03 907 - Page URL:: https://www.i-car.com/product/pl3-mechanical-technician</small> </font> </div>
<div class="test-event"> <font color="maroon"> <small> &emsp; &emsp;--- 05 May 00:50:03 907 - <b>0</b> - Page Load Wait: (Sync) - ICar.support.Utils.waitForPageLoad(Utils.java:109)</small> </font> </div>
<div class="test-message">&emsp;Successfully navigated to the :  https://www.i-car.com/product/pl3-mechanical-technician   Page&emsp;<a href=".\ScreenShot\URL_TC001_2724141512626000.png" target="_blank" >[ScreenShot]</a></div>
<div class="test-event"> <font color="maroon"> <small> &emsp; &emsp;--- 05 May 00:50:04 170 - Page URL:: https://www.i-car.com/product/pl3-mechanical-technician</small> </font> </div>
<div class="test-event"> <font color="maroon"> <small> &emsp; &emsp;--- 05 May 00:50:04 170 - <b>0</b> - Page Load Wait: (Sync) - ICar.support.Utils.waitForPageLoad(Utils.java:109)</small> </font> </div>
<div class="test-event"> <font color="maroon"> <small> &emsp; &emsp;--- 05 May 00:50:04 180 - Catched spinner load exception due to javascript error: {"status":32,"value":"An invalid or illegal selector was specified"}
  (Session info: chrome=124.0.6367.92)
Build info: version: '4.6.0', revision: '79f1c02ae20'
System info: os.name: 'Windows 10', os.arch: 'amd64', os.version: '10.0', java.version: '17.0.7'
Driver info: org.openqa.selenium.chrome.ChromeDriver
Command: [2cf28825ea7a8a419a5b05b8e5d35d84, findElement {using=css selector, value=div[class='slds-spinner slds-spinner_brand slds-spinner_small']>div:nth-child(2)r}]
Capabilities {acceptInsecureCerts: false, browserName: chrome, browserVersion: 124.0.6367.92, chrome: {chromedriverVersion: 124.0.6367.91 (51df0e5e17a8..., userDataDir: C:\Users\PRATHA~1.KUM\AppDa...}, fedcm:accounts: true, goog:chromeOptions: {debuggerAddress: localhost:49451}, networkConnectionEnabled: false, pageLoadStrategy: normal, platformName: WINDOWS, proxy: Proxy(), se:cdp: ws://localhost:49451/devtoo..., se:cdpVersion: 124.0.6367.92, setWindowRect: true, strictFileInteractability: false, timeouts: {implicit: 0, pageLoad: 300000, script: 30000}, unhandledPromptBehavior: dismiss and notify, webauthn:extension:credBlob: true, webauthn:extension:largeBlob: true, webauthn:extension:minPinLength: true, webauthn:extension:prf: true, webauthn:virtualAuthenticators: true}
Session ID: 2cf28825ea7a8a419a5b05b8e5d35d84</small> </font> </div>
<div class="test-event"> <font color="maroon"> <small> &emsp; &emsp;--- 05 May 00:50:04 180 - <b>0</b> - Spinner Load Wait: (Sync) - ICar.support.WaitUtils.waitForSpinner(WaitUtils.java:225)</small> </font> </div>
<div class="test-event"> <font color="maroon"> <small> &emsp; &emsp;--- 05 May 00:50:14 310 - Page URL:: https://www.i-car.com/product/pl3-mechanical-technician</small> </font> </div>
<div class="test-event"> <font color="maroon"> <small> &emsp; &emsp;--- 05 May 00:50:14 310 - <b>0</b> - Page Load Wait: (Sync) - ICar.support.Utils.waitForPageLoad(Utils.java:109)</small> </font> </div>
<div class="test-event"> <font color="maroon"> <small> &emsp; &emsp;--- 05 May 00:50:14 328 - Element is displayed:: [[ChromeDriver: chrome on WINDOWS (2cf28825ea7a8a419a5b05b8e5d35d84)] -> xpath: //a[contains(text(),'Back to Courses')]]</small> </font> </div>
<div class="test-event"> <font color="maroon"> <small> &emsp; &emsp;--- 05 May 00:50:21 356 - Catched spinner load exception due to javascript error: {"status":32,"value":"An invalid or illegal selector was specified"}
  (Session info: chrome=124.0.6367.92)
Build info: version: '4.6.0', revision: '79f1c02ae20'
System info: os.name: 'Windows 10', os.arch: 'amd64', os.version: '10.0', java.version: '17.0.7'
Driver info: org.openqa.selenium.chrome.ChromeDriver
Command: [2cf28825ea7a8a419a5b05b8e5d35d84, findElement {using=css selector, value=div[class='slds-spinner slds-spinner_brand slds-spinner_small']>div:nth-child(2)r}]
Capabilities {acceptInsecureCerts: false, browserName: chrome, browserVersion: 124.0.6367.92, chrome: {chromedriverVersion: 124.0.6367.91 (51df0e5e17a8..., userDataDir: C:\Users\PRATHA~1.KUM\AppDa...}, fedcm:accounts: true, goog:chromeOptions: {debuggerAddress: localhost:49451}, networkConnectionEnabled: false, pageLoadStrategy: normal, platformName: WINDOWS, proxy: Proxy(), se:cdp: ws://localhost:49451/devtoo..., se:cdpVersion: 124.0.6367.92, setWindowRect: true, strictFileInteractability: false, timeouts: {implicit: 0, pageLoad: 300000, script: 30000}, unhandledPromptBehavior: dismiss and notify, webauthn:extension:credBlob: true, webauthn:extension:largeBlob: true, webauthn:extension:minPinLength: true, webauthn:extension:prf: true, webauthn:virtualAuthenticators: true}
Session ID: 2cf28825ea7a8a419a5b05b8e5d35d84</small> </font> </div>
<div class="test-event"> <font color="maroon"> <small> &emsp; &emsp;--- 05 May 00:50:21 356 - <b>0</b> - Spinner Load Wait: (Sync) - ICar.support.WaitUtils.waitForSpinner(WaitUtils.java:225)</small> </font> </div>
<div class="test-message">&emsp;Back To Courses is displayed in the page </div>
<div class="test-message">&emsp;Successfully verified Back To Course Link&emsp;<a href=".\ScreenShot\URL_TC001_2724158971524100.png" target="_blank" >[ScreenShot]</a></div>
<div class="test-event"> <font color="maroon"> <small> &emsp; &emsp;--- 05 May 00:50:21 588 - Catched spinner load exception due to javascript error: {"status":32,"value":"An invalid or illegal selector was specified"}
  (Session info: chrome=124.0.6367.92)
Build info: version: '4.6.0', revision: '79f1c02ae20'
System info: os.name: 'Windows 10', os.arch: 'amd64', os.version: '10.0', java.version: '17.0.7'
Driver info: org.openqa.selenium.chrome.ChromeDriver
Command: [2cf28825ea7a8a419a5b05b8e5d35d84, findElement {using=css selector, value=div[class='slds-spinner slds-spinner_brand slds-spinner_small']>div:nth-child(2)r}]
Capabilities {acceptInsecureCerts: false, browserName: chrome, browserVersion: 124.0.6367.92, chrome: {chromedriverVersion: 124.0.6367.91 (51df0e5e17a8..., userDataDir: C:\Users\PRATHA~1.KUM\AppDa...}, fedcm:accounts: true, goog:chromeOptions: {debuggerAddress: localhost:49451}, networkConnectionEnabled: false, pageLoadStrategy: normal, platformName: WINDOWS, proxy: Proxy(), se:cdp: ws://localhost:49451/devtoo..., se:cdpVersion: 124.0.6367.92, setWindowRect: true, strictFileInteractability: false, timeouts: {implicit: 0, pageLoad: 300000, script: 30000}, unhandledPromptBehavior: dismiss and notify, webauthn:extension:credBlob: true, webauthn:extension:largeBlob: true, webauthn:extension:minPinLength: true, webauthn:extension:prf: true, webauthn:virtualAuthenticators: true}
Session ID: 2cf28825ea7a8a419a5b05b8e5d35d84</small> </font> </div>
<div class="test-event"> <font color="maroon"> <small> &emsp; &emsp;--- 05 May 00:50:21 588 - <b>0</b> - Spinner Load Wait: (Sync) - ICar.support.WaitUtils.waitForSpinner(WaitUtils.java:225)</small> </font> </div>
<div class="test-event"> <font color="maroon"> <small> &emsp; &emsp;--- 05 May 00:50:21 667 - Page URL:: https://www.i-car.com/product/pl3-mechanical-technician</small> </font> </div>
<div class="test-event"> <font color="maroon"> <small> &emsp; &emsp;--- 05 May 00:50:21 667 - <b>0</b> - Page Load Wait: (Sync) - ICar.support.Utils.waitForPageLoad(Utils.java:109)</small> </font> </div>
<div class="test-event"> <font color="maroon"> <small> &emsp; &emsp;--- 05 May 00:50:31 717 - Element is displayed:: [[ChromeDriver: chrome on WINDOWS (2cf28825ea7a8a419a5b05b8e5d35d84)] -> xpath: //div[@class='productDetails slds-p-bottom_large']//div[contains(@class,'slds-p-bottom_medium')]]</small> </font> </div>
<div class="test-message">&emsp;Course Name : PL3MechanicalTechnician is displayed in the URL page</div>
<div class="test-message">&emsp;Successfully verified the course name for relevant link&emsp;<a href=".\ScreenShot\URL_TC001_2724177349939900.png" target="_blank" >[ScreenShot]</a></div>
<div class="test-message">&emsp;
</div>
<div class="test-message">&emsp;187. URL is : https://www.i-car.com/product/damage-analysis-of-driving-assist-systems</div>
<div class="test-event"> <font color="maroon"> <small> &emsp; &emsp;--- 05 May 00:50:41 218 - Page URL:: https://www.i-car.com/product/damage-analysis-of-driving-assist-systems</small> </font> </div>
<div class="test-event"> <font color="maroon"> <small> &emsp; &emsp;--- 05 May 00:50:41 218 - <b>0</b> - Page Load Wait: (Sync) - ICar.support.Utils.waitForPageLoad(Utils.java:109)</small> </font> </div>
<div class="test-message">&emsp;Successfully navigated to the :  https://www.i-car.com/product/damage-analysis-of-driving-assist-systems   Page&emsp;<a href=".\ScreenShot\URL_TC001_2724178824075100.png" target="_blank" >[ScreenShot]</a></div>
<div class="test-event"> <font color="maroon"> <small> &emsp; &emsp;--- 05 May 00:50:41 520 - Page URL:: https://www.i-car.com/product/damage-analysis-of-driving-assist-systems</small> </font> </div>
<div class="test-event"> <font color="maroon"> <small> &emsp; &emsp;--- 05 May 00:50:41 520 - <b>0</b> - Page Load Wait: (Sync) - ICar.support.Utils.waitForPageLoad(Utils.java:109)</small> </font> </div>
<div class="test-event"> <font color="maroon"> <small> &emsp; &emsp;--- 05 May 00:50:41 529 - Catched spinner load exception due to javascript error: {"status":32,"value":"An invalid or illegal selector was specified"}
  (Session info: chrome=124.0.6367.92)
Build info: version: '4.6.0', revision: '79f1c02ae20'
System info: os.name: 'Windows 10', os.arch: 'amd64', os.version: '10.0', java.version: '17.0.7'
Driver info: org.openqa.selenium.chrome.ChromeDriver
Command: [2cf28825ea7a8a419a5b05b8e5d35d84, findElement {using=css selector, value=div[class='slds-spinner slds-spinner_brand slds-spinner_small']>div:nth-child(2)r}]
Capabilities {acceptInsecureCerts: false, browserName: chrome, browserVersion: 124.0.6367.92, chrome: {chromedriverVersion: 124.0.6367.91 (51df0e5e17a8..., userDataDir: C:\Users\PRATHA~1.KUM\AppDa...}, fedcm:accounts: true, goog:chromeOptions: {debuggerAddress: localhost:49451}, networkConnectionEnabled: false, pageLoadStrategy: normal, platformName: WINDOWS, proxy: Proxy(), se:cdp: ws://localhost:49451/devtoo..., se:cdpVersion: 124.0.6367.92, setWindowRect: true, strictFileInteractability: false, timeouts: {implicit: 0, pageLoad: 300000, script: 30000}, unhandledPromptBehavior: dismiss and notify, webauthn:extension:credBlob: true, webauthn:extension:largeBlob: true, webauthn:extension:minPinLength: true, webauthn:extension:prf: true, webauthn:virtualAuthenticators: true}
Session ID: 2cf28825ea7a8a419a5b05b8e5d35d84</small> </font> </div>
<div class="test-event"> <font color="maroon"> <small> &emsp; &emsp;--- 05 May 00:50:41 529 - <b>0</b> - Spinner Load Wait: (Sync) - ICar.support.WaitUtils.waitForSpinner(WaitUtils.java:225)</small> </font> </div>
<div class="test-event"> <font color="maroon"> <small> &emsp; &emsp;--- 05 May 00:50:51 620 - Page URL:: https://www.i-car.com/product/damage-analysis-of-driving-assist-systems</small> </font> </div>
<div class="test-event"> <font color="maroon"> <small> &emsp; &emsp;--- 05 May 00:50:51 620 - <b>0</b> - Page Load Wait: (Sync) - ICar.support.Utils.waitForPageLoad(Utils.java:109)</small> </font> </div>
<div class="test-event"> <font color="maroon"> <small> &emsp; &emsp;--- 05 May 00:50:51 637 - Element is displayed:: [[ChromeDriver: chrome on WINDOWS (2cf28825ea7a8a419a5b05b8e5d35d84)] -> xpath: //a[contains(text(),'Back to Courses')]]</small> </font> </div>
<div class="test-event"> <font color="maroon"> <small> &emsp; &emsp;--- 05 May 00:50:58 677 - Catched spinner load exception due to javascript error: {"status":32,"value":"An invalid or illegal selector was specified"}
  (Session info: chrome=124.0.6367.92)
Build info: version: '4.6.0', revision: '79f1c02ae20'
System info: os.name: 'Windows 10', os.arch: 'amd64', os.version: '10.0', java.version: '17.0.7'
Driver info: org.openqa.selenium.chrome.ChromeDriver
Command: [2cf28825ea7a8a419a5b05b8e5d35d84, findElement {using=css selector, value=div[class='slds-spinner slds-spinner_brand slds-spinner_small']>div:nth-child(2)r}]
Capabilities {acceptInsecureCerts: false, browserName: chrome, browserVersion: 124.0.6367.92, chrome: {chromedriverVersion: 124.0.6367.91 (51df0e5e17a8..., userDataDir: C:\Users\PRATHA~1.KUM\AppDa...}, fedcm:accounts: true, goog:chromeOptions: {debuggerAddress: localhost:49451}, networkConnectionEnabled: false, pageLoadStrategy: normal, platformName: WINDOWS, proxy: Proxy(), se:cdp: ws://localhost:49451/devtoo..., se:cdpVersion: 124.0.6367.92, setWindowRect: true, strictFileInteractability: false, timeouts: {implicit: 0, pageLoad: 300000, script: 30000}, unhandledPromptBehavior: dismiss and notify, webauthn:extension:credBlob: true, webauthn:extension:largeBlob: true, webauthn:extension:minPinLength: true, webauthn:extension:prf: true, webauthn:virtualAuthenticators: true}
Session ID: 2cf28825ea7a8a419a5b05b8e5d35d84</small> </font> </div>
<div class="test-event"> <font color="maroon"> <small> &emsp; &emsp;--- 05 May 00:50:58 677 - <b>0</b> - Spinner Load Wait: (Sync) - ICar.support.WaitUtils.waitForSpinner(WaitUtils.java:225)</small> </font> </div>
<div class="test-message">&emsp;Back To Courses is displayed in the page </div>
<div class="test-message">&emsp;Successfully verified Back To Course Link&emsp;<a href=".\ScreenShot\URL_TC001_2724196308215000.png" target="_blank" >[ScreenShot]</a></div>
<div class="test-event"> <font color="maroon"> <small> &emsp; &emsp;--- 05 May 00:50:59 006 - Catched spinner load exception due to javascript error: {"status":32,"value":"An invalid or illegal selector was specified"}
  (Session info: chrome=124.0.6367.92)
Build info: version: '4.6.0', revision: '79f1c02ae20'
System info: os.name: 'Windows 10', os.arch: 'amd64', os.version: '10.0', java.version: '17.0.7'
Driver info: org.openqa.selenium.chrome.ChromeDriver
Command: [2cf28825ea7a8a419a5b05b8e5d35d84, findElement {using=css selector, value=div[class='slds-spinner slds-spinner_brand slds-spinner_small']>div:nth-child(2)r}]
Capabilities {acceptInsecureCerts: false, browserName: chrome, browserVersion: 124.0.6367.92, chrome: {chromedriverVersion: 124.0.6367.91 (51df0e5e17a8..., userDataDir: C:\Users\PRATHA~1.KUM\AppDa...}, fedcm:accounts: true, goog:chromeOptions: {debuggerAddress: localhost:49451}, networkConnectionEnabled: false, pageLoadStrategy: normal, platformName: WINDOWS, proxy: Proxy(), se:cdp: ws://localhost:49451/devtoo..., se:cdpVersion: 124.0.6367.92, setWindowRect: true, strictFileInteractability: false, timeouts: {implicit: 0, pageLoad: 300000, script: 30000}, unhandledPromptBehavior: dismiss and notify, webauthn:extension:credBlob: true, webauthn:extension:largeBlob: true, webauthn:extension:minPinLength: true, webauthn:extension:prf: true, webauthn:virtualAuthenticators: true}
Session ID: 2cf28825ea7a8a419a5b05b8e5d35d84</small> </font> </div>
<div class="test-event"> <font color="maroon"> <small> &emsp; &emsp;--- 05 May 00:50:59 006 - <b>0</b> - Spinner Load Wait: (Sync) - ICar.support.WaitUtils.waitForSpinner(WaitUtils.java:225)</small> </font> </div>
<div class="test-event"> <font color="maroon"> <small> &emsp; &emsp;--- 05 May 00:50:59 066 - Page URL:: https://www.i-car.com/product/damage-analysis-of-driving-assist-systems</small> </font> </div>
<div class="test-event"> <font color="maroon"> <small> &emsp; &emsp;--- 05 May 00:50:59 066 - <b>0</b> - Page Load Wait: (Sync) - ICar.support.Utils.waitForPageLoad(Utils.java:109)</small> </font> </div>
<div class="test-event"> <font color="maroon"> <small> &emsp; &emsp;--- 05 May 00:51:09 148 - Element is displayed:: [[ChromeDriver: chrome on WINDOWS (2cf28825ea7a8a419a5b05b8e5d35d84)] -> xpath: //div[@class='productDetails slds-p-bottom_large']//div[contains(@class,'slds-p-bottom_medium')]]</small> </font> </div>
<div class="test-message">&emsp;Course Name : DamageAnalysisofDrivingAssistSystems is displayed in the URL page</div>
<div class="test-message">&emsp;Successfully verified the course name for relevant link&emsp;<a href=".\ScreenShot\URL_TC001_2724214778879100.png" target="_blank" >[ScreenShot]</a></div>
<div class="test-message">&emsp;
</div>
<div class="test-message">&emsp;188. URL is : https://www.i-car.com/product/damage-analysis-of-convenience-systems</div>
<div class="test-event"> <font color="maroon"> <small> &emsp; &emsp;--- 05 May 00:51:18 397 - Page URL:: https://www.i-car.com/product/damage-analysis-of-convenience-systems</small> </font> </div>
<div class="test-event"> <font color="maroon"> <small> &emsp; &emsp;--- 05 May 00:51:18 397 - <b>0</b> - Page Load Wait: (Sync) - ICar.support.Utils.waitForPageLoad(Utils.java:109)</small> </font> </div>
<div class="test-message">&emsp;Successfully navigated to the :  https://www.i-car.com/product/damage-analysis-of-convenience-systems   Page&emsp;<a href=".\ScreenShot\URL_TC001_2724216001839900.png" target="_blank" >[ScreenShot]</a></div>
<div class="test-event"> <font color="maroon"> <small> &emsp; &emsp;--- 05 May 00:51:18 690 - Page URL:: https://www.i-car.com/product/damage-analysis-of-convenience-systems</small> </font> </div>
<div class="test-event"> <font color="maroon"> <small> &emsp; &emsp;--- 05 May 00:51:18 690 - <b>0</b> - Page Load Wait: (Sync) - ICar.support.Utils.waitForPageLoad(Utils.java:109)</small> </font> </div>
<div class="test-event"> <font color="maroon"> <small> &emsp; &emsp;--- 05 May 00:51:18 698 - Catched spinner load exception due to javascript error: {"status":32,"value":"An invalid or illegal selector was specified"}
  (Session info: chrome=124.0.6367.92)
Build info: version: '4.6.0', revision: '79f1c02ae20'
System info: os.name: 'Windows 10', os.arch: 'amd64', os.version: '10.0', java.version: '17.0.7'
Driver info: org.openqa.selenium.chrome.ChromeDriver
Command: [2cf28825ea7a8a419a5b05b8e5d35d84, findElement {using=css selector, value=div[class='slds-spinner slds-spinner_brand slds-spinner_small']>div:nth-child(2)r}]
Capabilities {acceptInsecureCerts: false, browserName: chrome, browserVersion: 124.0.6367.92, chrome: {chromedriverVersion: 124.0.6367.91 (51df0e5e17a8..., userDataDir: C:\Users\PRATHA~1.KUM\AppDa...}, fedcm:accounts: true, goog:chromeOptions: {debuggerAddress: localhost:49451}, networkConnectionEnabled: false, pageLoadStrategy: normal, platformName: WINDOWS, proxy: Proxy(), se:cdp: ws://localhost:49451/devtoo..., se:cdpVersion: 124.0.6367.92, setWindowRect: true, strictFileInteractability: false, timeouts: {implicit: 0, pageLoad: 300000, script: 30000}, unhandledPromptBehavior: dismiss and notify, webauthn:extension:credBlob: true, webauthn:extension:largeBlob: true, webauthn:extension:minPinLength: true, webauthn:extension:prf: true, webauthn:virtualAuthenticators: true}
Session ID: 2cf28825ea7a8a419a5b05b8e5d35d84</small> </font> </div>
<div class="test-event"> <font color="maroon"> <small> &emsp; &emsp;--- 05 May 00:51:18 698 - <b>0</b> - Spinner Load Wait: (Sync) - ICar.support.WaitUtils.waitForSpinner(WaitUtils.java:225)</small> </font> </div>
<div class="test-event"> <font color="maroon"> <small> &emsp; &emsp;--- 05 May 00:51:28 795 - Page URL:: https://www.i-car.com/product/damage-analysis-of-convenience-systems</small> </font> </div>
<div class="test-event"> <font color="maroon"> <small> &emsp; &emsp;--- 05 May 00:51:28 795 - <b>0</b> - Page Load Wait: (Sync) - ICar.support.Utils.waitForPageLoad(Utils.java:109)</small> </font> </div>
<div class="test-event"> <font color="maroon"> <small> &emsp; &emsp;--- 05 May 00:51:28 814 - Element is displayed:: [[ChromeDriver: chrome on WINDOWS (2cf28825ea7a8a419a5b05b8e5d35d84)] -> xpath: //a[contains(text(),'Back to Courses')]]</small> </font> </div>
<div class="test-event"> <font color="maroon"> <small> &emsp; &emsp;--- 05 May 00:51:35 839 - Catched spinner load exception due to javascript error: {"status":32,"value":"An invalid or illegal selector was specified"}
  (Session info: chrome=124.0.6367.92)
Build info: version: '4.6.0', revision: '79f1c02ae20'
System info: os.name: 'Windows 10', os.arch: 'amd64', os.version: '10.0', java.version: '17.0.7'
Driver info: org.openqa.selenium.chrome.ChromeDriver
Command: [2cf28825ea7a8a419a5b05b8e5d35d84, findElement {using=css selector, value=div[class='slds-spinner slds-spinner_brand slds-spinner_small']>div:nth-child(2)r}]
Capabilities {acceptInsecureCerts: false, browserName: chrome, browserVersion: 124.0.6367.92, chrome: {chromedriverVersion: 124.0.6367.91 (51df0e5e17a8..., userDataDir: C:\Users\PRATHA~1.KUM\AppDa...}, fedcm:accounts: true, goog:chromeOptions: {debuggerAddress: localhost:49451}, networkConnectionEnabled: false, pageLoadStrategy: normal, platformName: WINDOWS, proxy: Proxy(), se:cdp: ws://localhost:49451/devtoo..., se:cdpVersion: 124.0.6367.92, setWindowRect: true, strictFileInteractability: false, timeouts: {implicit: 0, pageLoad: 300000, script: 30000}, unhandledPromptBehavior: dismiss and notify, webauthn:extension:credBlob: true, webauthn:extension:largeBlob: true, webauthn:extension:minPinLength: true, webauthn:extension:prf: true, webauthn:virtualAuthenticators: true}
Session ID: 2cf28825ea7a8a419a5b05b8e5d35d84</small> </font> </div>
<div class="test-event"> <font color="maroon"> <small> &emsp; &emsp;--- 05 May 00:51:35 839 - <b>0</b> - Spinner Load Wait: (Sync) - ICar.support.WaitUtils.waitForSpinner(WaitUtils.java:225)</small> </font> </div>
<div class="test-message">&emsp;Back To Courses is displayed in the page </div>
<div class="test-message">&emsp;Successfully verified Back To Course Link&emsp;<a href=".\ScreenShot\URL_TC001_2724233455095700.png" target="_blank" >[ScreenShot]</a></div>
<div class="test-event"> <font color="maroon"> <small> &emsp; &emsp;--- 05 May 00:51:36 317 - Catched spinner load exception due to javascript error: {"status":32,"value":"An invalid or illegal selector was specified"}
  (Session info: chrome=124.0.6367.92)
Build info: version: '4.6.0', revision: '79f1c02ae20'
System info: os.name: 'Windows 10', os.arch: 'amd64', os.version: '10.0', java.version: '17.0.7'
Driver info: org.openqa.selenium.chrome.ChromeDriver
Command: [2cf28825ea7a8a419a5b05b8e5d35d84, findElement {using=css selector, value=div[class='slds-spinner slds-spinner_brand slds-spinner_small']>div:nth-child(2)r}]
Capabilities {acceptInsecureCerts: false, browserName: chrome, browserVersion: 124.0.6367.92, chrome: {chromedriverVersion: 124.0.6367.91 (51df0e5e17a8..., userDataDir: C:\Users\PRATHA~1.KUM\AppDa...}, fedcm:accounts: true, goog:chromeOptions: {debuggerAddress: localhost:49451}, networkConnectionEnabled: false, pageLoadStrategy: normal, platformName: WINDOWS, proxy: Proxy(), se:cdp: ws://localhost:49451/devtoo..., se:cdpVersion: 124.0.6367.92, setWindowRect: true, strictFileInteractability: false, timeouts: {implicit: 0, pageLoad: 300000, script: 30000}, unhandledPromptBehavior: dismiss and notify, webauthn:extension:credBlob: true, webauthn:extension:largeBlob: true, webauthn:extension:minPinLength: true, webauthn:extension:prf: true, webauthn:virtualAuthenticators: true}
Session ID: 2cf28825ea7a8a419a5b05b8e5d35d84</small> </font> </div>
<div class="test-event"> <font color="maroon"> <small> &emsp; &emsp;--- 05 May 00:51:36 317 - <b>0</b> - Spinner Load Wait: (Sync) - ICar.support.WaitUtils.waitForSpinner(WaitUtils.java:225)</small> </font> </div>
<div class="test-event"> <font color="maroon"> <small> &emsp; &emsp;--- 05 May 00:51:36 384 - Page URL:: https://www.i-car.com/product/damage-analysis-of-convenience-systems</small> </font> </div>
<div class="test-event"> <font color="maroon"> <small> &emsp; &emsp;--- 05 May 00:51:36 384 - <b>0</b> - Page Load Wait: (Sync) - ICar.support.Utils.waitForPageLoad(Utils.java:109)</small> </font> </div>
<div class="test-event"> <font color="maroon"> <small> &emsp; &emsp;--- 05 May 00:51:46 437 - Element is displayed:: [[ChromeDriver: chrome on WINDOWS (2cf28825ea7a8a419a5b05b8e5d35d84)] -> xpath: //div[@class='productDetails slds-p-bottom_large']//div[contains(@class,'slds-p-bottom_medium')]]</small> </font> </div>
<div class="test-message">&emsp;Course Name : DamageAnalysisofConvenienceSystems is displayed in the URL page</div>
<div class="test-message">&emsp;Successfully verified the course name for relevant link&emsp;<a href=".\ScreenShot\URL_TC001_2724252060435300.png" target="_blank" >[ScreenShot]</a></div>
<div class="test-message">&emsp;
</div>
<div class="test-message">&emsp;189. URL is : https://www.i-car.com/product/group-10</div>
<div class="test-event"> <font color="maroon"> <small> &emsp; &emsp;--- 05 May 00:51:55 898 - Page URL:: https://www.i-car.com/product/group-10</small> </font> </div>
<div class="test-event"> <font color="maroon"> <small> &emsp; &emsp;--- 05 May 00:51:55 898 - <b>0</b> - Page Load Wait: (Sync) - ICar.support.Utils.waitForPageLoad(Utils.java:109)</small> </font> </div>
<div class="test-message">&emsp;Successfully navigated to the :  https://www.i-car.com/product/group-10   Page&emsp;<a href=".\ScreenShot\URL_TC001_2724253503685200.png" target="_blank" >[ScreenShot]</a></div>
<div class="test-event"> <font color="maroon"> <small> &emsp; &emsp;--- 05 May 00:51:56 115 - Page URL:: https://www.i-car.com/product/group-10</small> </font> </div>
<div class="test-event"> <font color="maroon"> <small> &emsp; &emsp;--- 05 May 00:51:56 115 - <b>0</b> - Page Load Wait: (Sync) - ICar.support.Utils.waitForPageLoad(Utils.java:109)</small> </font> </div>
<div class="test-event"> <font color="maroon"> <small> &emsp; &emsp;--- 05 May 00:51:56 124 - Catched spinner load exception due to javascript error: {"status":32,"value":"An invalid or illegal selector was specified"}
  (Session info: chrome=124.0.6367.92)
Build info: version: '4.6.0', revision: '79f1c02ae20'
System info: os.name: 'Windows 10', os.arch: 'amd64', os.version: '10.0', java.version: '17.0.7'
Driver info: org.openqa.selenium.chrome.ChromeDriver
Command: [2cf28825ea7a8a419a5b05b8e5d35d84, findElement {using=css selector, value=div[class='slds-spinner slds-spinner_brand slds-spinner_small']>div:nth-child(2)r}]
Capabilities {acceptInsecureCerts: false, browserName: chrome, browserVersion: 124.0.6367.92, chrome: {chromedriverVersion: 124.0.6367.91 (51df0e5e17a8..., userDataDir: C:\Users\PRATHA~1.KUM\AppDa...}, fedcm:accounts: true, goog:chromeOptions: {debuggerAddress: localhost:49451}, networkConnectionEnabled: false, pageLoadStrategy: normal, platformName: WINDOWS, proxy: Proxy(), se:cdp: ws://localhost:49451/devtoo..., se:cdpVersion: 124.0.6367.92, setWindowRect: true, strictFileInteractability: false, timeouts: {implicit: 0, pageLoad: 300000, script: 30000}, unhandledPromptBehavior: dismiss and notify, webauthn:extension:credBlob: true, webauthn:extension:largeBlob: true, webauthn:extension:minPinLength: true, webauthn:extension:prf: true, webauthn:virtualAuthenticators: true}
Session ID: 2cf28825ea7a8a419a5b05b8e5d35d84</small> </font> </div>
<div class="test-event"> <font color="maroon"> <small> &emsp; &emsp;--- 05 May 00:51:56 124 - <b>0</b> - Spinner Load Wait: (Sync) - ICar.support.WaitUtils.waitForSpinner(WaitUtils.java:225)</small> </font> </div>
<div class="test-event"> <font color="maroon"> <small> &emsp; &emsp;--- 05 May 00:52:06 213 - Page URL:: https://www.i-car.com/product/group-10</small> </font> </div>
<div class="test-event"> <font color="maroon"> <small> &emsp; &emsp;--- 05 May 00:52:06 213 - <b>0</b> - Page Load Wait: (Sync) - ICar.support.Utils.waitForPageLoad(Utils.java:109)</small> </font> </div>
<div class="test-event"> <font color="maroon"> <small> &emsp; &emsp;--- 05 May 00:52:06 230 - Element is displayed:: [[ChromeDriver: chrome on WINDOWS (2cf28825ea7a8a419a5b05b8e5d35d84)] -> xpath: //a[contains(text(),'Back to Courses')]]</small> </font> </div>
<div class="test-event"> <font color="maroon"> <small> &emsp; &emsp;--- 05 May 00:52:13 257 - Catched spinner load exception due to javascript error: {"status":32,"value":"An invalid or illegal selector was specified"}
  (Session info: chrome=124.0.6367.92)
Build info: version: '4.6.0', revision: '79f1c02ae20'
System info: os.name: 'Windows 10', os.arch: 'amd64', os.version: '10.0', java.version: '17.0.7'
Driver info: org.openqa.selenium.chrome.ChromeDriver
Command: [2cf28825ea7a8a419a5b05b8e5d35d84, findElement {using=css selector, value=div[class='slds-spinner slds-spinner_brand slds-spinner_small']>div:nth-child(2)r}]
Capabilities {acceptInsecureCerts: false, browserName: chrome, browserVersion: 124.0.6367.92, chrome: {chromedriverVersion: 124.0.6367.91 (51df0e5e17a8..., userDataDir: C:\Users\PRATHA~1.KUM\AppDa...}, fedcm:accounts: true, goog:chromeOptions: {debuggerAddress: localhost:49451}, networkConnectionEnabled: false, pageLoadStrategy: normal, platformName: WINDOWS, proxy: Proxy(), se:cdp: ws://localhost:49451/devtoo..., se:cdpVersion: 124.0.6367.92, setWindowRect: true, strictFileInteractability: false, timeouts: {implicit: 0, pageLoad: 300000, script: 30000}, unhandledPromptBehavior: dismiss and notify, webauthn:extension:credBlob: true, webauthn:extension:largeBlob: true, webauthn:extension:minPinLength: true, webauthn:extension:prf: true, webauthn:virtualAuthenticators: true}
Session ID: 2cf28825ea7a8a419a5b05b8e5d35d84</small> </font> </div>
<div class="test-event"> <font color="maroon"> <small> &emsp; &emsp;--- 05 May 00:52:13 257 - <b>0</b> - Spinner Load Wait: (Sync) - ICar.support.WaitUtils.waitForSpinner(WaitUtils.java:225)</small> </font> </div>
<div class="test-message">&emsp;Back To Courses is displayed in the page </div>
<div class="test-message">&emsp;Successfully verified Back To Course Link&emsp;<a href=".\ScreenShot\URL_TC001_2724270873680700.png" target="_blank" >[ScreenShot]</a></div>
<div class="test-event"> <font color="maroon"> <small> &emsp; &emsp;--- 05 May 00:52:13 665 - Catched spinner load exception due to javascript error: {"status":32,"value":"An invalid or illegal selector was specified"}
  (Session info: chrome=124.0.6367.92)
Build info: version: '4.6.0', revision: '79f1c02ae20'
System info: os.name: 'Windows 10', os.arch: 'amd64', os.version: '10.0', java.version: '17.0.7'
Driver info: org.openqa.selenium.chrome.ChromeDriver
Command: [2cf28825ea7a8a419a5b05b8e5d35d84, findElement {using=css selector, value=div[class='slds-spinner slds-spinner_brand slds-spinner_small']>div:nth-child(2)r}]
Capabilities {acceptInsecureCerts: false, browserName: chrome, browserVersion: 124.0.6367.92, chrome: {chromedriverVersion: 124.0.6367.91 (51df0e5e17a8..., userDataDir: C:\Users\PRATHA~1.KUM\AppDa...}, fedcm:accounts: true, goog:chromeOptions: {debuggerAddress: localhost:49451}, networkConnectionEnabled: false, pageLoadStrategy: normal, platformName: WINDOWS, proxy: Proxy(), se:cdp: ws://localhost:49451/devtoo..., se:cdpVersion: 124.0.6367.92, setWindowRect: true, strictFileInteractability: false, timeouts: {implicit: 0, pageLoad: 300000, script: 30000}, unhandledPromptBehavior: dismiss and notify, webauthn:extension:credBlob: true, webauthn:extension:largeBlob: true, webauthn:extension:minPinLength: true, webauthn:extension:prf: true, webauthn:virtualAuthenticators: true}
Session ID: 2cf28825ea7a8a419a5b05b8e5d35d84</small> </font> </div>
<div class="test-event"> <font color="maroon"> <small> &emsp; &emsp;--- 05 May 00:52:13 665 - <b>0</b> - Spinner Load Wait: (Sync) - ICar.support.WaitUtils.waitForSpinner(WaitUtils.java:225)</small> </font> </div>
<div class="test-event"> <font color="maroon"> <small> &emsp; &emsp;--- 05 May 00:52:13 735 - Page URL:: https://www.i-car.com/product/group-10</small> </font> </div>
<div class="test-event"> <font color="maroon"> <small> &emsp; &emsp;--- 05 May 00:52:13 735 - <b>0</b> - Page Load Wait: (Sync) - ICar.support.Utils.waitForPageLoad(Utils.java:109)</small> </font> </div>
<div class="test-event"> <font color="maroon"> <small> &emsp; &emsp;--- 05 May 00:52:23 796 - Element is displayed:: [[ChromeDriver: chrome on WINDOWS (2cf28825ea7a8a419a5b05b8e5d35d84)] -> xpath: //div[@class='productDetails slds-p-bottom_large']//div[contains(@class,'slds-p-bottom_medium')]]</small> </font> </div>
<div class="test-message">&emsp;Course Name : Group10 is displayed in the URL page</div>
<div class="test-message">&emsp;Successfully verified the course name for relevant link&emsp;<a href=".\ScreenShot\URL_TC001_2724289422566900.png" target="_blank" >[ScreenShot]</a></div>
<div class="test-message">&emsp;
</div>
<div class="test-message">&emsp;190. URL is : https://www.i-car.com/product/developing-the-team-and-the-business</div>
<div class="test-event"> <font color="maroon"> <small> &emsp; &emsp;--- 05 May 00:52:33 264 - Page URL:: https://www.i-car.com/product/developing-the-team-and-the-business</small> </font> </div>
<div class="test-event"> <font color="maroon"> <small> &emsp; &emsp;--- 05 May 00:52:33 264 - <b>0</b> - Page Load Wait: (Sync) - ICar.support.Utils.waitForPageLoad(Utils.java:109)</small> </font> </div>
<div class="test-message">&emsp;Successfully navigated to the :  https://www.i-car.com/product/developing-the-team-and-the-business   Page&emsp;<a href=".\ScreenShot\URL_TC001_2724290869513400.png" target="_blank" >[ScreenShot]</a></div>
<div class="test-event"> <font color="maroon"> <small> &emsp; &emsp;--- 05 May 00:52:33 535 - Page URL:: https://www.i-car.com/product/developing-the-team-and-the-business</small> </font> </div>
<div class="test-event"> <font color="maroon"> <small> &emsp; &emsp;--- 05 May 00:52:33 535 - <b>0</b> - Page Load Wait: (Sync) - ICar.support.Utils.waitForPageLoad(Utils.java:109)</small> </font> </div>
<div class="test-event"> <font color="maroon"> <small> &emsp; &emsp;--- 05 May 00:52:33 542 - Catched spinner load exception due to javascript error: {"status":32,"value":"An invalid or illegal selector was specified"}
  (Session info: chrome=124.0.6367.92)
Build info: version: '4.6.0', revision: '79f1c02ae20'
System info: os.name: 'Windows 10', os.arch: 'amd64', os.version: '10.0', java.version: '17.0.7'
Driver info: org.openqa.selenium.chrome.ChromeDriver
Command: [2cf28825ea7a8a419a5b05b8e5d35d84, findElement {using=css selector, value=div[class='slds-spinner slds-spinner_brand slds-spinner_small']>div:nth-child(2)r}]
Capabilities {acceptInsecureCerts: false, browserName: chrome, browserVersion: 124.0.6367.92, chrome: {chromedriverVersion: 124.0.6367.91 (51df0e5e17a8..., userDataDir: C:\Users\PRATHA~1.KUM\AppDa...}, fedcm:accounts: true, goog:chromeOptions: {debuggerAddress: localhost:49451}, networkConnectionEnabled: false, pageLoadStrategy: normal, platformName: WINDOWS, proxy: Proxy(), se:cdp: ws://localhost:49451/devtoo..., se:cdpVersion: 124.0.6367.92, setWindowRect: true, strictFileInteractability: false, timeouts: {implicit: 0, pageLoad: 300000, script: 30000}, unhandledPromptBehavior: dismiss and notify, webauthn:extension:credBlob: true, webauthn:extension:largeBlob: true, webauthn:extension:minPinLength: true, webauthn:extension:prf: true, webauthn:virtualAuthenticators: true}
Session ID: 2cf28825ea7a8a419a5b05b8e5d35d84</small> </font> </div>
<div class="test-event"> <font color="maroon"> <small> &emsp; &emsp;--- 05 May 00:52:33 542 - <b>0</b> - Spinner Load Wait: (Sync) - ICar.support.WaitUtils.waitForSpinner(WaitUtils.java:225)</small> </font> </div>
<div class="test-event"> <font color="maroon"> <small> &emsp; &emsp;--- 05 May 00:52:43 654 - Page URL:: https://www.i-car.com/product/developing-the-team-and-the-business</small> </font> </div>
<div class="test-event"> <font color="maroon"> <small> &emsp; &emsp;--- 05 May 00:52:43 654 - <b>0</b> - Page Load Wait: (Sync) - ICar.support.Utils.waitForPageLoad(Utils.java:109)</small> </font> </div>
<div class="test-event"> <font color="maroon"> <small> &emsp; &emsp;--- 05 May 00:52:43 675 - Element is displayed:: [[ChromeDriver: chrome on WINDOWS (2cf28825ea7a8a419a5b05b8e5d35d84)] -> xpath: //a[contains(text(),'Back to Courses')]]</small> </font> </div>
<div class="test-event"> <font color="maroon"> <small> &emsp; &emsp;--- 05 May 00:52:50 708 - Catched spinner load exception due to javascript error: {"status":32,"value":"An invalid or illegal selector was specified"}
  (Session info: chrome=124.0.6367.92)
Build info: version: '4.6.0', revision: '79f1c02ae20'
System info: os.name: 'Windows 10', os.arch: 'amd64', os.version: '10.0', java.version: '17.0.7'
Driver info: org.openqa.selenium.chrome.ChromeDriver
Command: [2cf28825ea7a8a419a5b05b8e5d35d84, findElement {using=css selector, value=div[class='slds-spinner slds-spinner_brand slds-spinner_small']>div:nth-child(2)r}]
Capabilities {acceptInsecureCerts: false, browserName: chrome, browserVersion: 124.0.6367.92, chrome: {chromedriverVersion: 124.0.6367.91 (51df0e5e17a8..., userDataDir: C:\Users\PRATHA~1.KUM\AppDa...}, fedcm:accounts: true, goog:chromeOptions: {debuggerAddress: localhost:49451}, networkConnectionEnabled: false, pageLoadStrategy: normal, platformName: WINDOWS, proxy: Proxy(), se:cdp: ws://localhost:49451/devtoo..., se:cdpVersion: 124.0.6367.92, setWindowRect: true, strictFileInteractability: false, timeouts: {implicit: 0, pageLoad: 300000, script: 30000}, unhandledPromptBehavior: dismiss and notify, webauthn:extension:credBlob: true, webauthn:extension:largeBlob: true, webauthn:extension:minPinLength: true, webauthn:extension:prf: true, webauthn:virtualAuthenticators: true}
Session ID: 2cf28825ea7a8a419a5b05b8e5d35d84</small> </font> </div>
<div class="test-event"> <font color="maroon"> <small> &emsp; &emsp;--- 05 May 00:52:50 708 - <b>0</b> - Spinner Load Wait: (Sync) - ICar.support.WaitUtils.waitForSpinner(WaitUtils.java:225)</small> </font> </div>
<div class="test-message">&emsp;Back To Courses is displayed in the page </div>
<div class="test-message">&emsp;Successfully verified Back To Course Link&emsp;<a href=".\ScreenShot\URL_TC001_2724308325000400.png" target="_blank" >[ScreenShot]</a></div>
<div class="test-event"> <font color="maroon"> <small> &emsp; &emsp;--- 05 May 00:52:50 953 - Catched spinner load exception due to javascript error: {"status":32,"value":"An invalid or illegal selector was specified"}
  (Session info: chrome=124.0.6367.92)
Build info: version: '4.6.0', revision: '79f1c02ae20'
System info: os.name: 'Windows 10', os.arch: 'amd64', os.version: '10.0', java.version: '17.0.7'
Driver info: org.openqa.selenium.chrome.ChromeDriver
Command: [2cf28825ea7a8a419a5b05b8e5d35d84, findElement {using=css selector, value=div[class='slds-spinner slds-spinner_brand slds-spinner_small']>div:nth-child(2)r}]
Capabilities {acceptInsecureCerts: false, browserName: chrome, browserVersion: 124.0.6367.92, chrome: {chromedriverVersion: 124.0.6367.91 (51df0e5e17a8..., userDataDir: C:\Users\PRATHA~1.KUM\AppDa...}, fedcm:accounts: true, goog:chromeOptions: {debuggerAddress: localhost:49451}, networkConnectionEnabled: false, pageLoadStrategy: normal, platformName: WINDOWS, proxy: Proxy(), se:cdp: ws://localhost:49451/devtoo..., se:cdpVersion: 124.0.6367.92, setWindowRect: true, strictFileInteractability: false, timeouts: {implicit: 0, pageLoad: 300000, script: 30000}, unhandledPromptBehavior: dismiss and notify, webauthn:extension:credBlob: true, webauthn:extension:largeBlob: true, webauthn:extension:minPinLength: true, webauthn:extension:prf: true, webauthn:virtualAuthenticators: true}
Session ID: 2cf28825ea7a8a419a5b05b8e5d35d84</small> </font> </div>
<div class="test-event"> <font color="maroon"> <small> &emsp; &emsp;--- 05 May 00:52:50 953 - <b>0</b> - Spinner Load Wait: (Sync) - ICar.support.WaitUtils.waitForSpinner(WaitUtils.java:225)</small> </font> </div>
<div class="test-event"> <font color="maroon"> <small> &emsp; &emsp;--- 05 May 00:52:51 069 - Page URL:: https://www.i-car.com/product/developing-the-team-and-the-business</small> </font> </div>
<div class="test-event"> <font color="maroon"> <small> &emsp; &emsp;--- 05 May 00:52:51 069 - <b>0</b> - Page Load Wait: (Sync) - ICar.support.Utils.waitForPageLoad(Utils.java:109)</small> </font> </div>
<div class="test-event"> <font color="maroon"> <small> &emsp; &emsp;--- 05 May 00:53:01 123 - Element is displayed:: [[ChromeDriver: chrome on WINDOWS (2cf28825ea7a8a419a5b05b8e5d35d84)] -> xpath: //div[@class='productDetails slds-p-bottom_large']//div[contains(@class,'slds-p-bottom_medium')]]</small> </font> </div>
<div class="test-message">&emsp;Course Name : DevelopingtheTeamandtheBusiness is displayed in the URL page</div>
<div class="test-message">&emsp;Successfully verified the course name for relevant link&emsp;<a href=".\ScreenShot\URL_TC001_2724326755484500.png" target="_blank" >[ScreenShot]</a></div>
<div class="test-message">&emsp;
</div>
<div class="test-message">&emsp;191. URL is : https://www.i-car.com/product/quality-is-your-business</div>
<div class="test-event"> <font color="maroon"> <small> &emsp; &emsp;--- 05 May 00:53:17 368 - Page URL:: https://www.i-car.com/product/quality-is-your-business</small> </font> </div>
<div class="test-event"> <font color="maroon"> <small> &emsp; &emsp;--- 05 May 00:53:17 368 - <b>0</b> - Page Load Wait: (Sync) - ICar.support.Utils.waitForPageLoad(Utils.java:109)</small> </font> </div>
<div class="test-message">&emsp;Successfully navigated to the :  https://www.i-car.com/product/quality-is-your-business   Page&emsp;<a href=".\ScreenShot\URL_TC001_2724334973058900.png" target="_blank" >[ScreenShot]</a></div>
<div class="test-event"> <font color="maroon"> <small> &emsp; &emsp;--- 05 May 00:53:17 696 - Page URL:: https://www.i-car.com/product/quality-is-your-business</small> </font> </div>
<div class="test-event"> <font color="maroon"> <small> &emsp; &emsp;--- 05 May 00:53:17 696 - <b>0</b> - Page Load Wait: (Sync) - ICar.support.Utils.waitForPageLoad(Utils.java:109)</small> </font> </div>
<div class="test-event"> <font color="maroon"> <small> &emsp; &emsp;--- 05 May 00:53:17 706 - Catched spinner load exception due to javascript error: {"status":32,"value":"An invalid or illegal selector was specified"}
  (Session info: chrome=124.0.6367.92)
Build info: version: '4.6.0', revision: '79f1c02ae20'
System info: os.name: 'Windows 10', os.arch: 'amd64', os.version: '10.0', java.version: '17.0.7'
Driver info: org.openqa.selenium.chrome.ChromeDriver
Command: [2cf28825ea7a8a419a5b05b8e5d35d84, findElement {using=css selector, value=div[class='slds-spinner slds-spinner_brand slds-spinner_small']>div:nth-child(2)r}]
Capabilities {acceptInsecureCerts: false, browserName: chrome, browserVersion: 124.0.6367.92, chrome: {chromedriverVersion: 124.0.6367.91 (51df0e5e17a8..., userDataDir: C:\Users\PRATHA~1.KUM\AppDa...}, fedcm:accounts: true, goog:chromeOptions: {debuggerAddress: localhost:49451}, networkConnectionEnabled: false, pageLoadStrategy: normal, platformName: WINDOWS, proxy: Proxy(), se:cdp: ws://localhost:49451/devtoo..., se:cdpVersion: 124.0.6367.92, setWindowRect: true, strictFileInteractability: false, timeouts: {implicit: 0, pageLoad: 300000, script: 30000}, unhandledPromptBehavior: dismiss and notify, webauthn:extension:credBlob: true, webauthn:extension:largeBlob: true, webauthn:extension:minPinLength: true, webauthn:extension:prf: true, webauthn:virtualAuthenticators: true}
Session ID: 2cf28825ea7a8a419a5b05b8e5d35d84</small> </font> </div>
<div class="test-event"> <font color="maroon"> <small> &emsp; &emsp;--- 05 May 00:53:17 706 - <b>0</b> - Spinner Load Wait: (Sync) - ICar.support.WaitUtils.waitForSpinner(WaitUtils.java:225)</small> </font> </div>
<div class="test-event"> <font color="maroon"> <small> &emsp; &emsp;--- 05 May 00:53:27 793 - Page URL:: https://www.i-car.com/product/quality-is-your-business</small> </font> </div>
<div class="test-event"> <font color="maroon"> <small> &emsp; &emsp;--- 05 May 00:53:27 793 - <b>0</b> - Page Load Wait: (Sync) - ICar.support.Utils.waitForPageLoad(Utils.java:109)</small> </font> </div>
<div class="test-event"> <font color="maroon"> <small> &emsp; &emsp;--- 05 May 00:53:27 810 - Element is displayed:: [[ChromeDriver: chrome on WINDOWS (2cf28825ea7a8a419a5b05b8e5d35d84)] -> xpath: //a[contains(text(),'Back to Courses')]]</small> </font> </div>
<div class="test-event"> <font color="maroon"> <small> &emsp; &emsp;--- 05 May 00:53:34 848 - Catched spinner load exception due to javascript error: {"status":32,"value":"An invalid or illegal selector was specified"}
  (Session info: chrome=124.0.6367.92)
Build info: version: '4.6.0', revision: '79f1c02ae20'
System info: os.name: 'Windows 10', os.arch: 'amd64', os.version: '10.0', java.version: '17.0.7'
Driver info: org.openqa.selenium.chrome.ChromeDriver
Command: [2cf28825ea7a8a419a5b05b8e5d35d84, findElement {using=css selector, value=div[class='slds-spinner slds-spinner_brand slds-spinner_small']>div:nth-child(2)r}]
Capabilities {acceptInsecureCerts: false, browserName: chrome, browserVersion: 124.0.6367.92, chrome: {chromedriverVersion: 124.0.6367.91 (51df0e5e17a8..., userDataDir: C:\Users\PRATHA~1.KUM\AppDa...}, fedcm:accounts: true, goog:chromeOptions: {debuggerAddress: localhost:49451}, networkConnectionEnabled: false, pageLoadStrategy: normal, platformName: WINDOWS, proxy: Proxy(), se:cdp: ws://localhost:49451/devtoo..., se:cdpVersion: 124.0.6367.92, setWindowRect: true, strictFileInteractability: false, timeouts: {implicit: 0, pageLoad: 300000, script: 30000}, unhandledPromptBehavior: dismiss and notify, webauthn:extension:credBlob: true, webauthn:extension:largeBlob: true, webauthn:extension:minPinLength: true, webauthn:extension:prf: true, webauthn:virtualAuthenticators: true}
Session ID: 2cf28825ea7a8a419a5b05b8e5d35d84</small> </font> </div>
<div class="test-event"> <font color="maroon"> <small> &emsp; &emsp;--- 05 May 00:53:34 848 - <b>0</b> - Spinner Load Wait: (Sync) - ICar.support.WaitUtils.waitForSpinner(WaitUtils.java:225)</small> </font> </div>
<div class="test-message">&emsp;Back To Courses is displayed in the page </div>
<div class="test-message">&emsp;Successfully verified Back To Course Link&emsp;<a href=".\ScreenShot\URL_TC001_2724352464669000.png" target="_blank" >[ScreenShot]</a></div>
<div class="test-event"> <font color="maroon"> <small> &emsp; &emsp;--- 05 May 00:53:35 097 - Catched spinner load exception due to javascript error: {"status":32,"value":"An invalid or illegal selector was specified"}
  (Session info: chrome=124.0.6367.92)
Build info: version: '4.6.0', revision: '79f1c02ae20'
System info: os.name: 'Windows 10', os.arch: 'amd64', os.version: '10.0', java.version: '17.0.7'
Driver info: org.openqa.selenium.chrome.ChromeDriver
Command: [2cf28825ea7a8a419a5b05b8e5d35d84, findElement {using=css selector, value=div[class='slds-spinner slds-spinner_brand slds-spinner_small']>div:nth-child(2)r}]
Capabilities {acceptInsecureCerts: false, browserName: chrome, browserVersion: 124.0.6367.92, chrome: {chromedriverVersion: 124.0.6367.91 (51df0e5e17a8..., userDataDir: C:\Users\PRATHA~1.KUM\AppDa...}, fedcm:accounts: true, goog:chromeOptions: {debuggerAddress: localhost:49451}, networkConnectionEnabled: false, pageLoadStrategy: normal, platformName: WINDOWS, proxy: Proxy(), se:cdp: ws://localhost:49451/devtoo..., se:cdpVersion: 124.0.6367.92, setWindowRect: true, strictFileInteractability: false, timeouts: {implicit: 0, pageLoad: 300000, script: 30000}, unhandledPromptBehavior: dismiss and notify, webauthn:extension:credBlob: true, webauthn:extension:largeBlob: true, webauthn:extension:minPinLength: true, webauthn:extension:prf: true, webauthn:virtualAuthenticators: true}
Session ID: 2cf28825ea7a8a419a5b05b8e5d35d84</small> </font> </div>
<div class="test-event"> <font color="maroon"> <small> &emsp; &emsp;--- 05 May 00:53:35 097 - <b>0</b> - Spinner Load Wait: (Sync) - ICar.support.WaitUtils.waitForSpinner(WaitUtils.java:225)</small> </font> </div>
<div class="test-event"> <font color="maroon"> <small> &emsp; &emsp;--- 05 May 00:53:35 158 - Page URL:: https://www.i-car.com/product/quality-is-your-business</small> </font> </div>
<div class="test-event"> <font color="maroon"> <small> &emsp; &emsp;--- 05 May 00:53:35 158 - <b>0</b> - Page Load Wait: (Sync) - ICar.support.Utils.waitForPageLoad(Utils.java:109)</small> </font> </div>
<div class="test-event"> <font color="maroon"> <small> &emsp; &emsp;--- 05 May 00:53:45 211 - Element is displayed:: [[ChromeDriver: chrome on WINDOWS (2cf28825ea7a8a419a5b05b8e5d35d84)] -> xpath: //div[@class='productDetails slds-p-bottom_large']//div[contains(@class,'slds-p-bottom_medium')]]</small> </font> </div>
<div class="test-message">&emsp;Course Name : QualityIsYourBusiness is displayed in the URL page</div>
<div class="test-message">&emsp;Successfully verified the course name for relevant link&emsp;<a href=".\ScreenShot\URL_TC001_2724370838129900.png" target="_blank" >[ScreenShot]</a></div>
<div class="test-message">&emsp;
</div>
<div class="test-message">&emsp;192. URL is : https://www.i-car.com/product/introduction-to-plastics-and-singlesided-repairs</div>
<div class="test-event"> <font color="maroon"> <small> &emsp; &emsp;--- 05 May 00:53:54 719 - Page URL:: https://www.i-car.com/product/introduction-to-plastics-and-singlesided-repairs</small> </font> </div>
<div class="test-event"> <font color="maroon"> <small> &emsp; &emsp;--- 05 May 00:53:54 719 - <b>0</b> - Page Load Wait: (Sync) - ICar.support.Utils.waitForPageLoad(Utils.java:109)</small> </font> </div>
<div class="test-message">&emsp;Successfully navigated to the :  https://www.i-car.com/product/introduction-to-plastics-and-singlesided-repairs   Page&emsp;<a href=".\ScreenShot\URL_TC001_2724372323502600.png" target="_blank" >[ScreenShot]</a></div>
<div class="test-event"> <font color="maroon"> <small> &emsp; &emsp;--- 05 May 00:53:55 004 - Page URL:: https://www.i-car.com/product/introduction-to-plastics-and-singlesided-repairs</small> </font> </div>
<div class="test-event"> <font color="maroon"> <small> &emsp; &emsp;--- 05 May 00:53:55 004 - <b>0</b> - Page Load Wait: (Sync) - ICar.support.Utils.waitForPageLoad(Utils.java:109)</small> </font> </div>
<div class="test-event"> <font color="maroon"> <small> &emsp; &emsp;--- 05 May 00:53:55 012 - Catched spinner load exception due to javascript error: {"status":32,"value":"An invalid or illegal selector was specified"}
  (Session info: chrome=124.0.6367.92)
Build info: version: '4.6.0', revision: '79f1c02ae20'
System info: os.name: 'Windows 10', os.arch: 'amd64', os.version: '10.0', java.version: '17.0.7'
Driver info: org.openqa.selenium.chrome.ChromeDriver
Command: [2cf28825ea7a8a419a5b05b8e5d35d84, findElement {using=css selector, value=div[class='slds-spinner slds-spinner_brand slds-spinner_small']>div:nth-child(2)r}]
Capabilities {acceptInsecureCerts: false, browserName: chrome, browserVersion: 124.0.6367.92, chrome: {chromedriverVersion: 124.0.6367.91 (51df0e5e17a8..., userDataDir: C:\Users\PRATHA~1.KUM\AppDa...}, fedcm:accounts: true, goog:chromeOptions: {debuggerAddress: localhost:49451}, networkConnectionEnabled: false, pageLoadStrategy: normal, platformName: WINDOWS, proxy: Proxy(), se:cdp: ws://localhost:49451/devtoo..., se:cdpVersion: 124.0.6367.92, setWindowRect: true, strictFileInteractability: false, timeouts: {implicit: 0, pageLoad: 300000, script: 30000}, unhandledPromptBehavior: dismiss and notify, webauthn:extension:credBlob: true, webauthn:extension:largeBlob: true, webauthn:extension:minPinLength: true, webauthn:extension:prf: true, webauthn:virtualAuthenticators: true}
Session ID: 2cf28825ea7a8a419a5b05b8e5d35d84</small> </font> </div>
<div class="test-event"> <font color="maroon"> <small> &emsp; &emsp;--- 05 May 00:53:55 012 - <b>0</b> - Spinner Load Wait: (Sync) - ICar.support.WaitUtils.waitForSpinner(WaitUtils.java:225)</small> </font> </div>
<div class="test-event"> <font color="maroon"> <small> &emsp; &emsp;--- 05 May 00:54:05 131 - Page URL:: https://www.i-car.com/product/introduction-to-plastics-and-singlesided-repairs</small> </font> </div>
<div class="test-event"> <font color="maroon"> <small> &emsp; &emsp;--- 05 May 00:54:05 131 - <b>0</b> - Page Load Wait: (Sync) - ICar.support.Utils.waitForPageLoad(Utils.java:109)</small> </font> </div>
<div class="test-event"> <font color="maroon"> <small> &emsp; &emsp;--- 05 May 00:54:05 155 - Element is displayed:: [[ChromeDriver: chrome on WINDOWS (2cf28825ea7a8a419a5b05b8e5d35d84)] -> xpath: //a[contains(text(),'Back to Courses')]]</small> </font> </div>
<div class="test-event"> <font color="maroon"> <small> &emsp; &emsp;--- 05 May 00:54:12 195 - Catched spinner load exception due to javascript error: {"status":32,"value":"An invalid or illegal selector was specified"}
  (Session info: chrome=124.0.6367.92)
Build info: version: '4.6.0', revision: '79f1c02ae20'
System info: os.name: 'Windows 10', os.arch: 'amd64', os.version: '10.0', java.version: '17.0.7'
Driver info: org.openqa.selenium.chrome.ChromeDriver
Command: [2cf28825ea7a8a419a5b05b8e5d35d84, findElement {using=css selector, value=div[class='slds-spinner slds-spinner_brand slds-spinner_small']>div:nth-child(2)r}]
Capabilities {acceptInsecureCerts: false, browserName: chrome, browserVersion: 124.0.6367.92, chrome: {chromedriverVersion: 124.0.6367.91 (51df0e5e17a8..., userDataDir: C:\Users\PRATHA~1.KUM\AppDa...}, fedcm:accounts: true, goog:chromeOptions: {debuggerAddress: localhost:49451}, networkConnectionEnabled: false, pageLoadStrategy: normal, platformName: WINDOWS, proxy: Proxy(), se:cdp: ws://localhost:49451/devtoo..., se:cdpVersion: 124.0.6367.92, setWindowRect: true, strictFileInteractability: false, timeouts: {implicit: 0, pageLoad: 300000, script: 30000}, unhandledPromptBehavior: dismiss and notify, webauthn:extension:credBlob: true, webauthn:extension:largeBlob: true, webauthn:extension:minPinLength: true, webauthn:extension:prf: true, webauthn:virtualAuthenticators: true}
Session ID: 2cf28825ea7a8a419a5b05b8e5d35d84</small> </font> </div>
<div class="test-event"> <font color="maroon"> <small> &emsp; &emsp;--- 05 May 00:54:12 195 - <b>0</b> - Spinner Load Wait: (Sync) - ICar.support.WaitUtils.waitForSpinner(WaitUtils.java:225)</small> </font> </div>
<div class="test-message">&emsp;Back To Courses is displayed in the page </div>
<div class="test-message">&emsp;Successfully verified Back To Course Link&emsp;<a href=".\ScreenShot\URL_TC001_2724389814246000.png" target="_blank" >[ScreenShot]</a></div>
<div class="test-event"> <font color="maroon"> <small> &emsp; &emsp;--- 05 May 00:54:12 512 - Catched spinner load exception due to javascript error: {"status":32,"value":"An invalid or illegal selector was specified"}
  (Session info: chrome=124.0.6367.92)
Build info: version: '4.6.0', revision: '79f1c02ae20'
System info: os.name: 'Windows 10', os.arch: 'amd64', os.version: '10.0', java.version: '17.0.7'
Driver info: org.openqa.selenium.chrome.ChromeDriver
Command: [2cf28825ea7a8a419a5b05b8e5d35d84, findElement {using=css selector, value=div[class='slds-spinner slds-spinner_brand slds-spinner_small']>div:nth-child(2)r}]
Capabilities {acceptInsecureCerts: false, browserName: chrome, browserVersion: 124.0.6367.92, chrome: {chromedriverVersion: 124.0.6367.91 (51df0e5e17a8..., userDataDir: C:\Users\PRATHA~1.KUM\AppDa...}, fedcm:accounts: true, goog:chromeOptions: {debuggerAddress: localhost:49451}, networkConnectionEnabled: false, pageLoadStrategy: normal, platformName: WINDOWS, proxy: Proxy(), se:cdp: ws://localhost:49451/devtoo..., se:cdpVersion: 124.0.6367.92, setWindowRect: true, strictFileInteractability: false, timeouts: {implicit: 0, pageLoad: 300000, script: 30000}, unhandledPromptBehavior: dismiss and notify, webauthn:extension:credBlob: true, webauthn:extension:largeBlob: true, webauthn:extension:minPinLength: true, webauthn:extension:prf: true, webauthn:virtualAuthenticators: true}
Session ID: 2cf28825ea7a8a419a5b05b8e5d35d84</small> </font> </div>
<div class="test-event"> <font color="maroon"> <small> &emsp; &emsp;--- 05 May 00:54:12 512 - <b>0</b> - Spinner Load Wait: (Sync) - ICar.support.WaitUtils.waitForSpinner(WaitUtils.java:225)</small> </font> </div>
<div class="test-event"> <font color="maroon"> <small> &emsp; &emsp;--- 05 May 00:54:12 579 - Page URL:: https://www.i-car.com/product/introduction-to-plastics-and-singlesided-repairs</small> </font> </div>
<div class="test-event"> <font color="maroon"> <small> &emsp; &emsp;--- 05 May 00:54:12 579 - <b>0</b> - Page Load Wait: (Sync) - ICar.support.Utils.waitForPageLoad(Utils.java:109)</small> </font> </div>
<div class="test-event"> <font color="maroon"> <small> &emsp; &emsp;--- 05 May 00:54:22 631 - Element is displayed:: [[ChromeDriver: chrome on WINDOWS (2cf28825ea7a8a419a5b05b8e5d35d84)] -> xpath: //div[@class='productDetails slds-p-bottom_large']//div[contains(@class,'slds-p-bottom_medium')]]</small> </font> </div>
<div class="test-message">&emsp;Course Name : IntroductiontoPlasticsandSingleSidedRepairs is displayed in the URL page</div>
<div class="test-message">&emsp;Successfully verified the course name for relevant link&emsp;<a href=".\ScreenShot\URL_TC001_2724408260291900.png" target="_blank" >[ScreenShot]</a></div>
<div class="test-message">&emsp;
</div>
<div class="test-message">&emsp;193. URL is : https://www.i-car.com/product/introduction-to-twosided-plastic-repair</div>
<div class="test-event"> <font color="maroon"> <small> &emsp; &emsp;--- 05 May 00:54:32 244 - Page URL:: https://www.i-car.com/product/introduction-to-twosided-plastic-repair</small> </font> </div>
<div class="test-event"> <font color="maroon"> <small> &emsp; &emsp;--- 05 May 00:54:32 244 - <b>0</b> - Page Load Wait: (Sync) - ICar.support.Utils.waitForPageLoad(Utils.java:109)</small> </font> </div>
<div class="test-message">&emsp;Successfully navigated to the :  https://www.i-car.com/product/introduction-to-twosided-plastic-repair   Page&emsp;<a href=".\ScreenShot\URL_TC001_2724409849307600.png" target="_blank" >[ScreenShot]</a></div>
<div class="test-event"> <font color="maroon"> <small> &emsp; &emsp;--- 05 May 00:54:32 554 - Page URL:: https://www.i-car.com/product/introduction-to-twosided-plastic-repair</small> </font> </div>
<div class="test-event"> <font color="maroon"> <small> &emsp; &emsp;--- 05 May 00:54:32 554 - <b>0</b> - Page Load Wait: (Sync) - ICar.support.Utils.waitForPageLoad(Utils.java:109)</small> </font> </div>
<div class="test-event"> <font color="maroon"> <small> &emsp; &emsp;--- 05 May 00:54:32 566 - Catched spinner load exception due to javascript error: {"status":32,"value":"An invalid or illegal selector was specified"}
  (Session info: chrome=124.0.6367.92)
Build info: version: '4.6.0', revision: '79f1c02ae20'
System info: os.name: 'Windows 10', os.arch: 'amd64', os.version: '10.0', java.version: '17.0.7'
Driver info: org.openqa.selenium.chrome.ChromeDriver
Command: [2cf28825ea7a8a419a5b05b8e5d35d84, findElement {using=css selector, value=div[class='slds-spinner slds-spinner_brand slds-spinner_small']>div:nth-child(2)r}]
Capabilities {acceptInsecureCerts: false, browserName: chrome, browserVersion: 124.0.6367.92, chrome: {chromedriverVersion: 124.0.6367.91 (51df0e5e17a8..., userDataDir: C:\Users\PRATHA~1.KUM\AppDa...}, fedcm:accounts: true, goog:chromeOptions: {debuggerAddress: localhost:49451}, networkConnectionEnabled: false, pageLoadStrategy: normal, platformName: WINDOWS, proxy: Proxy(), se:cdp: ws://localhost:49451/devtoo..., se:cdpVersion: 124.0.6367.92, setWindowRect: true, strictFileInteractability: false, timeouts: {implicit: 0, pageLoad: 300000, script: 30000}, unhandledPromptBehavior: dismiss and notify, webauthn:extension:credBlob: true, webauthn:extension:largeBlob: true, webauthn:extension:minPinLength: true, webauthn:extension:prf: true, webauthn:virtualAuthenticators: true}
Session ID: 2cf28825ea7a8a419a5b05b8e5d35d84</small> </font> </div>
<div class="test-event"> <font color="maroon"> <small> &emsp; &emsp;--- 05 May 00:54:32 566 - <b>0</b> - Spinner Load Wait: (Sync) - ICar.support.WaitUtils.waitForSpinner(WaitUtils.java:225)</small> </font> </div>
<div class="test-event"> <font color="maroon"> <small> &emsp; &emsp;--- 05 May 00:54:42 671 - Page URL:: https://www.i-car.com/product/introduction-to-twosided-plastic-repair</small> </font> </div>
<div class="test-event"> <font color="maroon"> <small> &emsp; &emsp;--- 05 May 00:54:42 671 - <b>0</b> - Page Load Wait: (Sync) - ICar.support.Utils.waitForPageLoad(Utils.java:109)</small> </font> </div>
<div class="test-event"> <font color="maroon"> <small> &emsp; &emsp;--- 05 May 00:54:42 689 - Element is displayed:: [[ChromeDriver: chrome on WINDOWS (2cf28825ea7a8a419a5b05b8e5d35d84)] -> xpath: //a[contains(text(),'Back to Courses')]]</small> </font> </div>
<div class="test-event"> <font color="maroon"> <small> &emsp; &emsp;--- 05 May 00:54:49 736 - Catched spinner load exception due to javascript error: {"status":32,"value":"An invalid or illegal selector was specified"}
  (Session info: chrome=124.0.6367.92)
Build info: version: '4.6.0', revision: '79f1c02ae20'
System info: os.name: 'Windows 10', os.arch: 'amd64', os.version: '10.0', java.version: '17.0.7'
Driver info: org.openqa.selenium.chrome.ChromeDriver
Command: [2cf28825ea7a8a419a5b05b8e5d35d84, findElement {using=css selector, value=div[class='slds-spinner slds-spinner_brand slds-spinner_small']>div:nth-child(2)r}]
Capabilities {acceptInsecureCerts: false, browserName: chrome, browserVersion: 124.0.6367.92, chrome: {chromedriverVersion: 124.0.6367.91 (51df0e5e17a8..., userDataDir: C:\Users\PRATHA~1.KUM\AppDa...}, fedcm:accounts: true, goog:chromeOptions: {debuggerAddress: localhost:49451}, networkConnectionEnabled: false, pageLoadStrategy: normal, platformName: WINDOWS, proxy: Proxy(), se:cdp: ws://localhost:49451/devtoo..., se:cdpVersion: 124.0.6367.92, setWindowRect: true, strictFileInteractability: false, timeouts: {implicit: 0, pageLoad: 300000, script: 30000}, unhandledPromptBehavior: dismiss and notify, webauthn:extension:credBlob: true, webauthn:extension:largeBlob: true, webauthn:extension:minPinLength: true, webauthn:extension:prf: true, webauthn:virtualAuthenticators: true}
Session ID: 2cf28825ea7a8a419a5b05b8e5d35d84</small> </font> </div>
<div class="test-event"> <font color="maroon"> <small> &emsp; &emsp;--- 05 May 00:54:49 736 - <b>0</b> - Spinner Load Wait: (Sync) - ICar.support.WaitUtils.waitForSpinner(WaitUtils.java:225)</small> </font> </div>
<div class="test-message">&emsp;Back To Courses is displayed in the page </div>
<div class="test-message">&emsp;Successfully verified Back To Course Link&emsp;<a href=".\ScreenShot\URL_TC001_2724427362185200.png" target="_blank" >[ScreenShot]</a></div>
<div class="test-event"> <font color="maroon"> <small> &emsp; &emsp;--- 05 May 00:54:50 001 - Catched spinner load exception due to javascript error: {"status":32,"value":"An invalid or illegal selector was specified"}
  (Session info: chrome=124.0.6367.92)
Build info: version: '4.6.0', revision: '79f1c02ae20'
System info: os.name: 'Windows 10', os.arch: 'amd64', os.version: '10.0', java.version: '17.0.7'
Driver info: org.openqa.selenium.chrome.ChromeDriver
Command: [2cf28825ea7a8a419a5b05b8e5d35d84, findElement {using=css selector, value=div[class='slds-spinner slds-spinner_brand slds-spinner_small']>div:nth-child(2)r}]
Capabilities {acceptInsecureCerts: false, browserName: chrome, browserVersion: 124.0.6367.92, chrome: {chromedriverVersion: 124.0.6367.91 (51df0e5e17a8..., userDataDir: C:\Users\PRATHA~1.KUM\AppDa...}, fedcm:accounts: true, goog:chromeOptions: {debuggerAddress: localhost:49451}, networkConnectionEnabled: false, pageLoadStrategy: normal, platformName: WINDOWS, proxy: Proxy(), se:cdp: ws://localhost:49451/devtoo..., se:cdpVersion: 124.0.6367.92, setWindowRect: true, strictFileInteractability: false, timeouts: {implicit: 0, pageLoad: 300000, script: 30000}, unhandledPromptBehavior: dismiss and notify, webauthn:extension:credBlob: true, webauthn:extension:largeBlob: true, webauthn:extension:minPinLength: true, webauthn:extension:prf: true, webauthn:virtualAuthenticators: true}
Session ID: 2cf28825ea7a8a419a5b05b8e5d35d84</small> </font> </div>
<div class="test-event"> <font color="maroon"> <small> &emsp; &emsp;--- 05 May 00:54:50 001 - <b>0</b> - Spinner Load Wait: (Sync) - ICar.support.WaitUtils.waitForSpinner(WaitUtils.java:225)</small> </font> </div>
<div class="test-event"> <font color="maroon"> <small> &emsp; &emsp;--- 05 May 00:54:50 060 - Page URL:: https://www.i-car.com/product/introduction-to-twosided-plastic-repair</small> </font> </div>
<div class="test-event"> <font color="maroon"> <small> &emsp; &emsp;--- 05 May 00:54:50 060 - <b>0</b> - Page Load Wait: (Sync) - ICar.support.Utils.waitForPageLoad(Utils.java:109)</small> </font> </div>
<div class="test-event"> <font color="maroon"> <small> &emsp; &emsp;--- 05 May 00:55:00 108 - Element is displayed:: [[ChromeDriver: chrome on WINDOWS (2cf28825ea7a8a419a5b05b8e5d35d84)] -> xpath: //div[@class='productDetails slds-p-bottom_large']//div[contains(@class,'slds-p-bottom_medium')]]</small> </font> </div>
<div class="test-message">&emsp;Course Name : IntroductiontoTwoSidedPlasticRepair is displayed in the URL page</div>
<div class="test-message">&emsp;Successfully verified the course name for relevant link&emsp;<a href=".\ScreenShot\URL_TC001_2724445741723400.png" target="_blank" >[ScreenShot]</a></div>
<div class="test-message">&emsp;
</div>
<div class="test-message">&emsp;194. URL is : https://www.i-car.com/product/suspension-system-overview</div>
<div class="test-event"> <font color="maroon"> <small> &emsp; &emsp;--- 05 May 00:55:09 646 - Page URL:: https://www.i-car.com/product/suspension-system-overview</small> </font> </div>
<div class="test-event"> <font color="maroon"> <small> &emsp; &emsp;--- 05 May 00:55:09 647 - <b>0</b> - Page Load Wait: (Sync) - ICar.support.Utils.waitForPageLoad(Utils.java:109)</small> </font> </div>
<div class="test-message">&emsp;Successfully navigated to the :  https://www.i-car.com/product/suspension-system-overview   Page&emsp;<a href=".\ScreenShot\URL_TC001_2724447252135000.png" target="_blank" >[ScreenShot]</a></div>
<div class="test-event"> <font color="maroon"> <small> &emsp; &emsp;--- 05 May 00:55:09 952 - Page URL:: https://www.i-car.com/product/suspension-system-overview</small> </font> </div>
<div class="test-event"> <font color="maroon"> <small> &emsp; &emsp;--- 05 May 00:55:09 952 - <b>0</b> - Page Load Wait: (Sync) - ICar.support.Utils.waitForPageLoad(Utils.java:109)</small> </font> </div>
<div class="test-event"> <font color="maroon"> <small> &emsp; &emsp;--- 05 May 00:55:09 961 - Catched spinner load exception due to javascript error: {"status":32,"value":"An invalid or illegal selector was specified"}
  (Session info: chrome=124.0.6367.92)
Build info: version: '4.6.0', revision: '79f1c02ae20'
System info: os.name: 'Windows 10', os.arch: 'amd64', os.version: '10.0', java.version: '17.0.7'
Driver info: org.openqa.selenium.chrome.ChromeDriver
Command: [2cf28825ea7a8a419a5b05b8e5d35d84, findElement {using=css selector, value=div[class='slds-spinner slds-spinner_brand slds-spinner_small']>div:nth-child(2)r}]
Capabilities {acceptInsecureCerts: false, browserName: chrome, browserVersion: 124.0.6367.92, chrome: {chromedriverVersion: 124.0.6367.91 (51df0e5e17a8..., userDataDir: C:\Users\PRATHA~1.KUM\AppDa...}, fedcm:accounts: true, goog:chromeOptions: {debuggerAddress: localhost:49451}, networkConnectionEnabled: false, pageLoadStrategy: normal, platformName: WINDOWS, proxy: Proxy(), se:cdp: ws://localhost:49451/devtoo..., se:cdpVersion: 124.0.6367.92, setWindowRect: true, strictFileInteractability: false, timeouts: {implicit: 0, pageLoad: 300000, script: 30000}, unhandledPromptBehavior: dismiss and notify, webauthn:extension:credBlob: true, webauthn:extension:largeBlob: true, webauthn:extension:minPinLength: true, webauthn:extension:prf: true, webauthn:virtualAuthenticators: true}
Session ID: 2cf28825ea7a8a419a5b05b8e5d35d84</small> </font> </div>
<div class="test-event"> <font color="maroon"> <small> &emsp; &emsp;--- 05 May 00:55:09 961 - <b>0</b> - Spinner Load Wait: (Sync) - ICar.support.WaitUtils.waitForSpinner(WaitUtils.java:225)</small> </font> </div>
<div class="test-event"> <font color="maroon"> <small> &emsp; &emsp;--- 05 May 00:55:20 050 - Page URL:: https://www.i-car.com/product/suspension-system-overview</small> </font> </div>
<div class="test-event"> <font color="maroon"> <small> &emsp; &emsp;--- 05 May 00:55:20 050 - <b>0</b> - Page Load Wait: (Sync) - ICar.support.Utils.waitForPageLoad(Utils.java:109)</small> </font> </div>
<div class="test-event"> <font color="maroon"> <small> &emsp; &emsp;--- 05 May 00:55:20 066 - Element is displayed:: [[ChromeDriver: chrome on WINDOWS (2cf28825ea7a8a419a5b05b8e5d35d84)] -> xpath: //a[contains(text(),'Back to Courses')]]</small> </font> </div>
<div class="test-event"> <font color="maroon"> <small> &emsp; &emsp;--- 05 May 00:55:27 113 - Catched spinner load exception due to javascript error: {"status":32,"value":"An invalid or illegal selector was specified"}
  (Session info: chrome=124.0.6367.92)
Build info: version: '4.6.0', revision: '79f1c02ae20'
System info: os.name: 'Windows 10', os.arch: 'amd64', os.version: '10.0', java.version: '17.0.7'
Driver info: org.openqa.selenium.chrome.ChromeDriver
Command: [2cf28825ea7a8a419a5b05b8e5d35d84, findElement {using=css selector, value=div[class='slds-spinner slds-spinner_brand slds-spinner_small']>div:nth-child(2)r}]
Capabilities {acceptInsecureCerts: false, browserName: chrome, browserVersion: 124.0.6367.92, chrome: {chromedriverVersion: 124.0.6367.91 (51df0e5e17a8..., userDataDir: C:\Users\PRATHA~1.KUM\AppDa...}, fedcm:accounts: true, goog:chromeOptions: {debuggerAddress: localhost:49451}, networkConnectionEnabled: false, pageLoadStrategy: normal, platformName: WINDOWS, proxy: Proxy(), se:cdp: ws://localhost:49451/devtoo..., se:cdpVersion: 124.0.6367.92, setWindowRect: true, strictFileInteractability: false, timeouts: {implicit: 0, pageLoad: 300000, script: 30000}, unhandledPromptBehavior: dismiss and notify, webauthn:extension:credBlob: true, webauthn:extension:largeBlob: true, webauthn:extension:minPinLength: true, webauthn:extension:prf: true, webauthn:virtualAuthenticators: true}
Session ID: 2cf28825ea7a8a419a5b05b8e5d35d84</small> </font> </div>
<div class="test-event"> <font color="maroon"> <small> &emsp; &emsp;--- 05 May 00:55:27 113 - <b>0</b> - Spinner Load Wait: (Sync) - ICar.support.WaitUtils.waitForSpinner(WaitUtils.java:225)</small> </font> </div>
<div class="test-message">&emsp;Back To Courses is displayed in the page </div>
<div class="test-message">&emsp;Successfully verified Back To Course Link&emsp;<a href=".\ScreenShot\URL_TC001_2724464742136500.png" target="_blank" >[ScreenShot]</a></div>
<div class="test-event"> <font color="maroon"> <small> &emsp; &emsp;--- 05 May 00:55:27 351 - Catched spinner load exception due to javascript error: {"status":32,"value":"An invalid or illegal selector was specified"}
  (Session info: chrome=124.0.6367.92)
Build info: version: '4.6.0', revision: '79f1c02ae20'
System info: os.name: 'Windows 10', os.arch: 'amd64', os.version: '10.0', java.version: '17.0.7'
Driver info: org.openqa.selenium.chrome.ChromeDriver
Command: [2cf28825ea7a8a419a5b05b8e5d35d84, findElement {using=css selector, value=div[class='slds-spinner slds-spinner_brand slds-spinner_small']>div:nth-child(2)r}]
Capabilities {acceptInsecureCerts: false, browserName: chrome, browserVersion: 124.0.6367.92, chrome: {chromedriverVersion: 124.0.6367.91 (51df0e5e17a8..., userDataDir: C:\Users\PRATHA~1.KUM\AppDa...}, fedcm:accounts: true, goog:chromeOptions: {debuggerAddress: localhost:49451}, networkConnectionEnabled: false, pageLoadStrategy: normal, platformName: WINDOWS, proxy: Proxy(), se:cdp: ws://localhost:49451/devtoo..., se:cdpVersion: 124.0.6367.92, setWindowRect: true, strictFileInteractability: false, timeouts: {implicit: 0, pageLoad: 300000, script: 30000}, unhandledPromptBehavior: dismiss and notify, webauthn:extension:credBlob: true, webauthn:extension:largeBlob: true, webauthn:extension:minPinLength: true, webauthn:extension:prf: true, webauthn:virtualAuthenticators: true}
Session ID: 2cf28825ea7a8a419a5b05b8e5d35d84</small> </font> </div>
<div class="test-event"> <font color="maroon"> <small> &emsp; &emsp;--- 05 May 00:55:27 351 - <b>0</b> - Spinner Load Wait: (Sync) - ICar.support.WaitUtils.waitForSpinner(WaitUtils.java:225)</small> </font> </div>
<div class="test-event"> <font color="maroon"> <small> &emsp; &emsp;--- 05 May 00:55:27 409 - Page URL:: https://www.i-car.com/product/suspension-system-overview</small> </font> </div>
<div class="test-event"> <font color="maroon"> <small> &emsp; &emsp;--- 05 May 00:55:27 409 - <b>0</b> - Page Load Wait: (Sync) - ICar.support.Utils.waitForPageLoad(Utils.java:109)</small> </font> </div>
<div class="test-event"> <font color="maroon"> <small> &emsp; &emsp;--- 05 May 00:55:37 474 - Element is displayed:: [[ChromeDriver: chrome on WINDOWS (2cf28825ea7a8a419a5b05b8e5d35d84)] -> xpath: //div[@class='productDetails slds-p-bottom_large']//div[contains(@class,'slds-p-bottom_medium')]]</small> </font> </div>
<div class="test-message">&emsp;Course Name : SuspensionSystemOverview is displayed in the URL page</div>
<div class="test-message">&emsp;Successfully verified the course name for relevant link&emsp;<a href=".\ScreenShot\URL_TC001_2724483096178000.png" target="_blank" >[ScreenShot]</a></div>
<div class="test-message">&emsp;
</div>
<div class="test-message">&emsp;195. URL is : https://www.i-car.com/product/implementing-a-learning-culture</div>
<div class="test-event"> <font color="maroon"> <small> &emsp; &emsp;--- 05 May 00:55:46 810 - Page URL:: https://www.i-car.com/product/implementing-a-learning-culture</small> </font> </div>
<div class="test-event"> <font color="maroon"> <small> &emsp; &emsp;--- 05 May 00:55:46 810 - <b>0</b> - Page Load Wait: (Sync) - ICar.support.Utils.waitForPageLoad(Utils.java:109)</small> </font> </div>
<div class="test-message">&emsp;Successfully navigated to the :  https://www.i-car.com/product/implementing-a-learning-culture   Page&emsp;<a href=".\ScreenShot\URL_TC001_2724484415498300.png" target="_blank" >[ScreenShot]</a></div>
<div class="test-event"> <font color="maroon"> <small> &emsp; &emsp;--- 05 May 00:55:47 586 - Page URL:: https://www.i-car.com/product/implementing-a-learning-culture</small> </font> </div>
<div class="test-event"> <font color="maroon"> <small> &emsp; &emsp;--- 05 May 00:55:47 587 - <b>0</b> - Page Load Wait: (Sync) - ICar.support.Utils.waitForPageLoad(Utils.java:109)</small> </font> </div>
<div class="test-event"> <font color="maroon"> <small> &emsp; &emsp;--- 05 May 00:55:47 596 - Catched spinner load exception due to javascript error: {"status":32,"value":"An invalid or illegal selector was specified"}
  (Session info: chrome=124.0.6367.92)
Build info: version: '4.6.0', revision: '79f1c02ae20'
System info: os.name: 'Windows 10', os.arch: 'amd64', os.version: '10.0', java.version: '17.0.7'
Driver info: org.openqa.selenium.chrome.ChromeDriver
Command: [2cf28825ea7a8a419a5b05b8e5d35d84, findElement {using=css selector, value=div[class='slds-spinner slds-spinner_brand slds-spinner_small']>div:nth-child(2)r}]
Capabilities {acceptInsecureCerts: false, browserName: chrome, browserVersion: 124.0.6367.92, chrome: {chromedriverVersion: 124.0.6367.91 (51df0e5e17a8..., userDataDir: C:\Users\PRATHA~1.KUM\AppDa...}, fedcm:accounts: true, goog:chromeOptions: {debuggerAddress: localhost:49451}, networkConnectionEnabled: false, pageLoadStrategy: normal, platformName: WINDOWS, proxy: Proxy(), se:cdp: ws://localhost:49451/devtoo..., se:cdpVersion: 124.0.6367.92, setWindowRect: true, strictFileInteractability: false, timeouts: {implicit: 0, pageLoad: 300000, script: 30000}, unhandledPromptBehavior: dismiss and notify, webauthn:extension:credBlob: true, webauthn:extension:largeBlob: true, webauthn:extension:minPinLength: true, webauthn:extension:prf: true, webauthn:virtualAuthenticators: true}
Session ID: 2cf28825ea7a8a419a5b05b8e5d35d84</small> </font> </div>
<div class="test-event"> <font color="maroon"> <small> &emsp; &emsp;--- 05 May 00:55:47 596 - <b>0</b> - Spinner Load Wait: (Sync) - ICar.support.WaitUtils.waitForSpinner(WaitUtils.java:225)</small> </font> </div>
<div class="test-event"> <font color="maroon"> <small> &emsp; &emsp;--- 05 May 00:55:57 677 - Page URL:: https://www.i-car.com/product/implementing-a-learning-culture</small> </font> </div>
<div class="test-event"> <font color="maroon"> <small> &emsp; &emsp;--- 05 May 00:55:57 678 - <b>0</b> - Page Load Wait: (Sync) - ICar.support.Utils.waitForPageLoad(Utils.java:109)</small> </font> </div>
<div class="test-event"> <font color="maroon"> <small> &emsp; &emsp;--- 05 May 00:55:57 696 - Element is displayed:: [[ChromeDriver: chrome on WINDOWS (2cf28825ea7a8a419a5b05b8e5d35d84)] -> xpath: //a[contains(text(),'Back to Courses')]]</small> </font> </div>
<div class="test-event"> <font color="maroon"> <small> &emsp; &emsp;--- 05 May 00:56:04 726 - Catched spinner load exception due to javascript error: {"status":32,"value":"An invalid or illegal selector was specified"}
  (Session info: chrome=124.0.6367.92)
Build info: version: '4.6.0', revision: '79f1c02ae20'
System info: os.name: 'Windows 10', os.arch: 'amd64', os.version: '10.0', java.version: '17.0.7'
Driver info: org.openqa.selenium.chrome.ChromeDriver
Command: [2cf28825ea7a8a419a5b05b8e5d35d84, findElement {using=css selector, value=div[class='slds-spinner slds-spinner_brand slds-spinner_small']>div:nth-child(2)r}]
Capabilities {acceptInsecureCerts: false, browserName: chrome, browserVersion: 124.0.6367.92, chrome: {chromedriverVersion: 124.0.6367.91 (51df0e5e17a8..., userDataDir: C:\Users\PRATHA~1.KUM\AppDa...}, fedcm:accounts: true, goog:chromeOptions: {debuggerAddress: localhost:49451}, networkConnectionEnabled: false, pageLoadStrategy: normal, platformName: WINDOWS, proxy: Proxy(), se:cdp: ws://localhost:49451/devtoo..., se:cdpVersion: 124.0.6367.92, setWindowRect: true, strictFileInteractability: false, timeouts: {implicit: 0, pageLoad: 300000, script: 30000}, unhandledPromptBehavior: dismiss and notify, webauthn:extension:credBlob: true, webauthn:extension:largeBlob: true, webauthn:extension:minPinLength: true, webauthn:extension:prf: true, webauthn:virtualAuthenticators: true}
Session ID: 2cf28825ea7a8a419a5b05b8e5d35d84</small> </font> </div>
<div class="test-event"> <font color="maroon"> <small> &emsp; &emsp;--- 05 May 00:56:04 726 - <b>0</b> - Spinner Load Wait: (Sync) - ICar.support.WaitUtils.waitForSpinner(WaitUtils.java:225)</small> </font> </div>
<div class="test-message">&emsp;Back To Courses is displayed in the page </div>
<div class="test-message">&emsp;Successfully verified Back To Course Link&emsp;<a href=".\ScreenShot\URL_TC001_2724502340678400.png" target="_blank" >[ScreenShot]</a></div>
<div class="test-event"> <font color="maroon"> <small> &emsp; &emsp;--- 05 May 00:56:04 966 - Catched spinner load exception due to javascript error: {"status":32,"value":"An invalid or illegal selector was specified"}
  (Session info: chrome=124.0.6367.92)
Build info: version: '4.6.0', revision: '79f1c02ae20'
System info: os.name: 'Windows 10', os.arch: 'amd64', os.version: '10.0', java.version: '17.0.7'
Driver info: org.openqa.selenium.chrome.ChromeDriver
Command: [2cf28825ea7a8a419a5b05b8e5d35d84, findElement {using=css selector, value=div[class='slds-spinner slds-spinner_brand slds-spinner_small']>div:nth-child(2)r}]
Capabilities {acceptInsecureCerts: false, browserName: chrome, browserVersion: 124.0.6367.92, chrome: {chromedriverVersion: 124.0.6367.91 (51df0e5e17a8..., userDataDir: C:\Users\PRATHA~1.KUM\AppDa...}, fedcm:accounts: true, goog:chromeOptions: {debuggerAddress: localhost:49451}, networkConnectionEnabled: false, pageLoadStrategy: normal, platformName: WINDOWS, proxy: Proxy(), se:cdp: ws://localhost:49451/devtoo..., se:cdpVersion: 124.0.6367.92, setWindowRect: true, strictFileInteractability: false, timeouts: {implicit: 0, pageLoad: 300000, script: 30000}, unhandledPromptBehavior: dismiss and notify, webauthn:extension:credBlob: true, webauthn:extension:largeBlob: true, webauthn:extension:minPinLength: true, webauthn:extension:prf: true, webauthn:virtualAuthenticators: true}
Session ID: 2cf28825ea7a8a419a5b05b8e5d35d84</small> </font> </div>
<div class="test-event"> <font color="maroon"> <small> &emsp; &emsp;--- 05 May 00:56:04 966 - <b>0</b> - Spinner Load Wait: (Sync) - ICar.support.WaitUtils.waitForSpinner(WaitUtils.java:225)</small> </font> </div>
<div class="test-event"> <font color="maroon"> <small> &emsp; &emsp;--- 05 May 00:56:05 034 - Page URL:: https://www.i-car.com/product/implementing-a-learning-culture</small> </font> </div>
<div class="test-event"> <font color="maroon"> <small> &emsp; &emsp;--- 05 May 00:56:05 034 - <b>0</b> - Page Load Wait: (Sync) - ICar.support.Utils.waitForPageLoad(Utils.java:109)</small> </font> </div>
<div class="test-event"> <font color="maroon"> <small> &emsp; &emsp;--- 05 May 00:56:15 120 - Element is displayed:: [[ChromeDriver: chrome on WINDOWS (2cf28825ea7a8a419a5b05b8e5d35d84)] -> xpath: //div[@class='productDetails slds-p-bottom_large']//div[contains(@class,'slds-p-bottom_medium')]]</small> </font> </div>
<div class="test-message">&emsp;Course Name : ImplementingaLearningCulture is displayed in the URL page</div>
<div class="test-message">&emsp;Successfully verified the course name for relevant link&emsp;<a href=".\ScreenShot\URL_TC001_2724520743456000.png" target="_blank" >[ScreenShot]</a></div>
<div class="test-message">&emsp;
</div>
<div class="test-message">&emsp;196. URL is : https://www.i-car.com/product/writing-a-repair-supplement</div>
<div class="test-event"> <font color="maroon"> <small> &emsp; &emsp;--- 05 May 00:56:24 407 - Page URL:: https://www.i-car.com/product/writing-a-repair-supplement</small> </font> </div>
<div class="test-event"> <font color="maroon"> <small> &emsp; &emsp;--- 05 May 00:56:24 407 - <b>0</b> - Page Load Wait: (Sync) - ICar.support.Utils.waitForPageLoad(Utils.java:109)</small> </font> </div>
<div class="test-message">&emsp;Successfully navigated to the :  https://www.i-car.com/product/writing-a-repair-supplement   Page&emsp;<a href=".\ScreenShot\URL_TC001_2724522011795000.png" target="_blank" >[ScreenShot]</a></div>
<div class="test-event"> <font color="maroon"> <small> &emsp; &emsp;--- 05 May 00:56:24 701 - Page URL:: https://www.i-car.com/product/writing-a-repair-supplement</small> </font> </div>
<div class="test-event"> <font color="maroon"> <small> &emsp; &emsp;--- 05 May 00:56:24 701 - <b>0</b> - Page Load Wait: (Sync) - ICar.support.Utils.waitForPageLoad(Utils.java:109)</small> </font> </div>
<div class="test-event"> <font color="maroon"> <small> &emsp; &emsp;--- 05 May 00:56:24 709 - Catched spinner load exception due to javascript error: {"status":32,"value":"An invalid or illegal selector was specified"}
  (Session info: chrome=124.0.6367.92)
Build info: version: '4.6.0', revision: '79f1c02ae20'
System info: os.name: 'Windows 10', os.arch: 'amd64', os.version: '10.0', java.version: '17.0.7'
Driver info: org.openqa.selenium.chrome.ChromeDriver
Command: [2cf28825ea7a8a419a5b05b8e5d35d84, findElement {using=css selector, value=div[class='slds-spinner slds-spinner_brand slds-spinner_small']>div:nth-child(2)r}]
Capabilities {acceptInsecureCerts: false, browserName: chrome, browserVersion: 124.0.6367.92, chrome: {chromedriverVersion: 124.0.6367.91 (51df0e5e17a8..., userDataDir: C:\Users\PRATHA~1.KUM\AppDa...}, fedcm:accounts: true, goog:chromeOptions: {debuggerAddress: localhost:49451}, networkConnectionEnabled: false, pageLoadStrategy: normal, platformName: WINDOWS, proxy: Proxy(), se:cdp: ws://localhost:49451/devtoo..., se:cdpVersion: 124.0.6367.92, setWindowRect: true, strictFileInteractability: false, timeouts: {implicit: 0, pageLoad: 300000, script: 30000}, unhandledPromptBehavior: dismiss and notify, webauthn:extension:credBlob: true, webauthn:extension:largeBlob: true, webauthn:extension:minPinLength: true, webauthn:extension:prf: true, webauthn:virtualAuthenticators: true}
Session ID: 2cf28825ea7a8a419a5b05b8e5d35d84</small> </font> </div>
<div class="test-event"> <font color="maroon"> <small> &emsp; &emsp;--- 05 May 00:56:24 709 - <b>0</b> - Spinner Load Wait: (Sync) - ICar.support.WaitUtils.waitForSpinner(WaitUtils.java:225)</small> </font> </div>
<div class="test-event"> <font color="maroon"> <small> &emsp; &emsp;--- 05 May 00:56:34 833 - Page URL:: https://www.i-car.com/product/writing-a-repair-supplement</small> </font> </div>
<div class="test-event"> <font color="maroon"> <small> &emsp; &emsp;--- 05 May 00:56:34 833 - <b>0</b> - Page Load Wait: (Sync) - ICar.support.Utils.waitForPageLoad(Utils.java:109)</small> </font> </div>
<div class="test-event"> <font color="maroon"> <small> &emsp; &emsp;--- 05 May 00:56:34 851 - Element is displayed:: [[ChromeDriver: chrome on WINDOWS (2cf28825ea7a8a419a5b05b8e5d35d84)] -> xpath: //a[contains(text(),'Back to Courses')]]</small> </font> </div>
<div class="test-event"> <font color="maroon"> <small> &emsp; &emsp;--- 05 May 00:56:41 895 - Catched spinner load exception due to javascript error: {"status":32,"value":"An invalid or illegal selector was specified"}
  (Session info: chrome=124.0.6367.92)
Build info: version: '4.6.0', revision: '79f1c02ae20'
System info: os.name: 'Windows 10', os.arch: 'amd64', os.version: '10.0', java.version: '17.0.7'
Driver info: org.openqa.selenium.chrome.ChromeDriver
Command: [2cf28825ea7a8a419a5b05b8e5d35d84, findElement {using=css selector, value=div[class='slds-spinner slds-spinner_brand slds-spinner_small']>div:nth-child(2)r}]
Capabilities {acceptInsecureCerts: false, browserName: chrome, browserVersion: 124.0.6367.92, chrome: {chromedriverVersion: 124.0.6367.91 (51df0e5e17a8..., userDataDir: C:\Users\PRATHA~1.KUM\AppDa...}, fedcm:accounts: true, goog:chromeOptions: {debuggerAddress: localhost:49451}, networkConnectionEnabled: false, pageLoadStrategy: normal, platformName: WINDOWS, proxy: Proxy(), se:cdp: ws://localhost:49451/devtoo..., se:cdpVersion: 124.0.6367.92, setWindowRect: true, strictFileInteractability: false, timeouts: {implicit: 0, pageLoad: 300000, script: 30000}, unhandledPromptBehavior: dismiss and notify, webauthn:extension:credBlob: true, webauthn:extension:largeBlob: true, webauthn:extension:minPinLength: true, webauthn:extension:prf: true, webauthn:virtualAuthenticators: true}
Session ID: 2cf28825ea7a8a419a5b05b8e5d35d84</small> </font> </div>
<div class="test-event"> <font color="maroon"> <small> &emsp; &emsp;--- 05 May 00:56:41 895 - <b>0</b> - Spinner Load Wait: (Sync) - ICar.support.WaitUtils.waitForSpinner(WaitUtils.java:225)</small> </font> </div>
<div class="test-message">&emsp;Back To Courses is displayed in the page </div>
<div class="test-message">&emsp;Successfully verified Back To Course Link&emsp;<a href=".\ScreenShot\URL_TC001_2724539510027400.png" target="_blank" >[ScreenShot]</a></div>
<div class="test-event"> <font color="maroon"> <small> &emsp; &emsp;--- 05 May 00:56:42 248 - Catched spinner load exception due to javascript error: {"status":32,"value":"An invalid or illegal selector was specified"}
  (Session info: chrome=124.0.6367.92)
Build info: version: '4.6.0', revision: '79f1c02ae20'
System info: os.name: 'Windows 10', os.arch: 'amd64', os.version: '10.0', java.version: '17.0.7'
Driver info: org.openqa.selenium.chrome.ChromeDriver
Command: [2cf28825ea7a8a419a5b05b8e5d35d84, findElement {using=css selector, value=div[class='slds-spinner slds-spinner_brand slds-spinner_small']>div:nth-child(2)r}]
Capabilities {acceptInsecureCerts: false, browserName: chrome, browserVersion: 124.0.6367.92, chrome: {chromedriverVersion: 124.0.6367.91 (51df0e5e17a8..., userDataDir: C:\Users\PRATHA~1.KUM\AppDa...}, fedcm:accounts: true, goog:chromeOptions: {debuggerAddress: localhost:49451}, networkConnectionEnabled: false, pageLoadStrategy: normal, platformName: WINDOWS, proxy: Proxy(), se:cdp: ws://localhost:49451/devtoo..., se:cdpVersion: 124.0.6367.92, setWindowRect: true, strictFileInteractability: false, timeouts: {implicit: 0, pageLoad: 300000, script: 30000}, unhandledPromptBehavior: dismiss and notify, webauthn:extension:credBlob: true, webauthn:extension:largeBlob: true, webauthn:extension:minPinLength: true, webauthn:extension:prf: true, webauthn:virtualAuthenticators: true}
Session ID: 2cf28825ea7a8a419a5b05b8e5d35d84</small> </font> </div>
<div class="test-event"> <font color="maroon"> <small> &emsp; &emsp;--- 05 May 00:56:42 248 - <b>0</b> - Spinner Load Wait: (Sync) - ICar.support.WaitUtils.waitForSpinner(WaitUtils.java:225)</small> </font> </div>
<div class="test-event"> <font color="maroon"> <small> &emsp; &emsp;--- 05 May 00:56:42 360 - Page URL:: https://www.i-car.com/product/writing-a-repair-supplement</small> </font> </div>
<div class="test-event"> <font color="maroon"> <small> &emsp; &emsp;--- 05 May 00:56:42 360 - <b>0</b> - Page Load Wait: (Sync) - ICar.support.Utils.waitForPageLoad(Utils.java:109)</small> </font> </div>
<div class="test-event"> <font color="maroon"> <small> &emsp; &emsp;--- 05 May 00:56:52 431 - Element is displayed:: [[ChromeDriver: chrome on WINDOWS (2cf28825ea7a8a419a5b05b8e5d35d84)] -> xpath: //div[@class='productDetails slds-p-bottom_large']//div[contains(@class,'slds-p-bottom_medium')]]</small> </font> </div>
<div class="test-message">&emsp;Course Name : WritingaRepairSupplement is displayed in the URL page</div>
<div class="test-message">&emsp;Successfully verified the course name for relevant link&emsp;<a href=".\ScreenShot\URL_TC001_2724558058127300.png" target="_blank" >[ScreenShot]</a></div>
<div class="test-message">&emsp;
</div>
<div class="test-message">&emsp;197. URL is : https://www.i-car.com/product/strengthening-your-inprocess-quality-controls</div>
<div class="test-event"> <font color="maroon"> <small> &emsp; &emsp;--- 05 May 00:57:01 703 - Page URL:: https://www.i-car.com/product/strengthening-your-inprocess-quality-controls</small> </font> </div>
<div class="test-event"> <font color="maroon"> <small> &emsp; &emsp;--- 05 May 00:57:01 703 - <b>0</b> - Page Load Wait: (Sync) - ICar.support.Utils.waitForPageLoad(Utils.java:109)</small> </font> </div>
<div class="test-message">&emsp;Successfully navigated to the :  https://www.i-car.com/product/strengthening-your-inprocess-quality-controls   Page&emsp;<a href=".\ScreenShot\URL_TC001_2724559308322400.png" target="_blank" >[ScreenShot]</a></div>
<div class="test-event"> <font color="maroon"> <small> &emsp; &emsp;--- 05 May 00:57:01 970 - Page URL:: https://www.i-car.com/product/strengthening-your-inprocess-quality-controls</small> </font> </div>
<div class="test-event"> <font color="maroon"> <small> &emsp; &emsp;--- 05 May 00:57:01 970 - <b>0</b> - Page Load Wait: (Sync) - ICar.support.Utils.waitForPageLoad(Utils.java:109)</small> </font> </div>
<div class="test-event"> <font color="maroon"> <small> &emsp; &emsp;--- 05 May 00:57:01 980 - Catched spinner load exception due to javascript error: {"status":32,"value":"An invalid or illegal selector was specified"}
  (Session info: chrome=124.0.6367.92)
Build info: version: '4.6.0', revision: '79f1c02ae20'
System info: os.name: 'Windows 10', os.arch: 'amd64', os.version: '10.0', java.version: '17.0.7'
Driver info: org.openqa.selenium.chrome.ChromeDriver
Command: [2cf28825ea7a8a419a5b05b8e5d35d84, findElement {using=css selector, value=div[class='slds-spinner slds-spinner_brand slds-spinner_small']>div:nth-child(2)r}]
Capabilities {acceptInsecureCerts: false, browserName: chrome, browserVersion: 124.0.6367.92, chrome: {chromedriverVersion: 124.0.6367.91 (51df0e5e17a8..., userDataDir: C:\Users\PRATHA~1.KUM\AppDa...}, fedcm:accounts: true, goog:chromeOptions: {debuggerAddress: localhost:49451}, networkConnectionEnabled: false, pageLoadStrategy: normal, platformName: WINDOWS, proxy: Proxy(), se:cdp: ws://localhost:49451/devtoo..., se:cdpVersion: 124.0.6367.92, setWindowRect: true, strictFileInteractability: false, timeouts: {implicit: 0, pageLoad: 300000, script: 30000}, unhandledPromptBehavior: dismiss and notify, webauthn:extension:credBlob: true, webauthn:extension:largeBlob: true, webauthn:extension:minPinLength: true, webauthn:extension:prf: true, webauthn:virtualAuthenticators: true}
Session ID: 2cf28825ea7a8a419a5b05b8e5d35d84</small> </font> </div>
<div class="test-event"> <font color="maroon"> <small> &emsp; &emsp;--- 05 May 00:57:01 980 - <b>0</b> - Spinner Load Wait: (Sync) - ICar.support.WaitUtils.waitForSpinner(WaitUtils.java:225)</small> </font> </div>
<div class="test-event"> <font color="maroon"> <small> &emsp; &emsp;--- 05 May 00:57:12 061 - Page URL:: https://www.i-car.com/product/strengthening-your-inprocess-quality-controls</small> </font> </div>
<div class="test-event"> <font color="maroon"> <small> &emsp; &emsp;--- 05 May 00:57:12 061 - <b>0</b> - Page Load Wait: (Sync) - ICar.support.Utils.waitForPageLoad(Utils.java:109)</small> </font> </div>
<div class="test-event"> <font color="maroon"> <small> &emsp; &emsp;--- 05 May 00:57:12 079 - Element is displayed:: [[ChromeDriver: chrome on WINDOWS (2cf28825ea7a8a419a5b05b8e5d35d84)] -> xpath: //a[contains(text(),'Back to Courses')]]</small> </font> </div>
<div class="test-event"> <font color="maroon"> <small> &emsp; &emsp;--- 05 May 00:57:19 096 - Catched spinner load exception due to javascript error: {"status":32,"value":"An invalid or illegal selector was specified"}
  (Session info: chrome=124.0.6367.92)
Build info: version: '4.6.0', revision: '79f1c02ae20'
System info: os.name: 'Windows 10', os.arch: 'amd64', os.version: '10.0', java.version: '17.0.7'
Driver info: org.openqa.selenium.chrome.ChromeDriver
Command: [2cf28825ea7a8a419a5b05b8e5d35d84, findElement {using=css selector, value=div[class='slds-spinner slds-spinner_brand slds-spinner_small']>div:nth-child(2)r}]
Capabilities {acceptInsecureCerts: false, browserName: chrome, browserVersion: 124.0.6367.92, chrome: {chromedriverVersion: 124.0.6367.91 (51df0e5e17a8..., userDataDir: C:\Users\PRATHA~1.KUM\AppDa...}, fedcm:accounts: true, goog:chromeOptions: {debuggerAddress: localhost:49451}, networkConnectionEnabled: false, pageLoadStrategy: normal, platformName: WINDOWS, proxy: Proxy(), se:cdp: ws://localhost:49451/devtoo..., se:cdpVersion: 124.0.6367.92, setWindowRect: true, strictFileInteractability: false, timeouts: {implicit: 0, pageLoad: 300000, script: 30000}, unhandledPromptBehavior: dismiss and notify, webauthn:extension:credBlob: true, webauthn:extension:largeBlob: true, webauthn:extension:minPinLength: true, webauthn:extension:prf: true, webauthn:virtualAuthenticators: true}
Session ID: 2cf28825ea7a8a419a5b05b8e5d35d84</small> </font> </div>
<div class="test-event"> <font color="maroon"> <small> &emsp; &emsp;--- 05 May 00:57:19 096 - <b>0</b> - Spinner Load Wait: (Sync) - ICar.support.WaitUtils.waitForSpinner(WaitUtils.java:225)</small> </font> </div>
<div class="test-message">&emsp;Back To Courses is displayed in the page </div>
<div class="test-message">&emsp;Successfully verified Back To Course Link&emsp;<a href=".\ScreenShot\URL_TC001_2724576710947400.png" target="_blank" >[ScreenShot]</a></div>
<div class="test-event"> <font color="maroon"> <small> &emsp; &emsp;--- 05 May 00:57:19 475 - Catched spinner load exception due to javascript error: {"status":32,"value":"An invalid or illegal selector was specified"}
  (Session info: chrome=124.0.6367.92)
Build info: version: '4.6.0', revision: '79f1c02ae20'
System info: os.name: 'Windows 10', os.arch: 'amd64', os.version: '10.0', java.version: '17.0.7'
Driver info: org.openqa.selenium.chrome.ChromeDriver
Command: [2cf28825ea7a8a419a5b05b8e5d35d84, findElement {using=css selector, value=div[class='slds-spinner slds-spinner_brand slds-spinner_small']>div:nth-child(2)r}]
Capabilities {acceptInsecureCerts: false, browserName: chrome, browserVersion: 124.0.6367.92, chrome: {chromedriverVersion: 124.0.6367.91 (51df0e5e17a8..., userDataDir: C:\Users\PRATHA~1.KUM\AppDa...}, fedcm:accounts: true, goog:chromeOptions: {debuggerAddress: localhost:49451}, networkConnectionEnabled: false, pageLoadStrategy: normal, platformName: WINDOWS, proxy: Proxy(), se:cdp: ws://localhost:49451/devtoo..., se:cdpVersion: 124.0.6367.92, setWindowRect: true, strictFileInteractability: false, timeouts: {implicit: 0, pageLoad: 300000, script: 30000}, unhandledPromptBehavior: dismiss and notify, webauthn:extension:credBlob: true, webauthn:extension:largeBlob: true, webauthn:extension:minPinLength: true, webauthn:extension:prf: true, webauthn:virtualAuthenticators: true}
Session ID: 2cf28825ea7a8a419a5b05b8e5d35d84</small> </font> </div>
<div class="test-event"> <font color="maroon"> <small> &emsp; &emsp;--- 05 May 00:57:19 475 - <b>0</b> - Spinner Load Wait: (Sync) - ICar.support.WaitUtils.waitForSpinner(WaitUtils.java:225)</small> </font> </div>
<div class="test-event"> <font color="maroon"> <small> &emsp; &emsp;--- 05 May 00:57:19 536 - Page URL:: https://www.i-car.com/product/strengthening-your-inprocess-quality-controls</small> </font> </div>
<div class="test-event"> <font color="maroon"> <small> &emsp; &emsp;--- 05 May 00:57:19 536 - <b>0</b> - Page Load Wait: (Sync) - ICar.support.Utils.waitForPageLoad(Utils.java:109)</small> </font> </div>
<div class="test-event"> <font color="maroon"> <small> &emsp; &emsp;--- 05 May 00:57:29 583 - Element is displayed:: [[ChromeDriver: chrome on WINDOWS (2cf28825ea7a8a419a5b05b8e5d35d84)] -> xpath: //div[@class='productDetails slds-p-bottom_large']//div[contains(@class,'slds-p-bottom_medium')]]</small> </font> </div>
<div class="test-message">&emsp;Course Name : StrengtheningYourInProcessQualityControls is displayed in the URL page</div>
<div class="test-message">&emsp;Successfully verified the course name for relevant link&emsp;<a href=".\ScreenShot\URL_TC001_2724595213027400.png" target="_blank" >[ScreenShot]</a></div>
<div class="test-message">&emsp;
</div>
<div class="test-message">&emsp;198. URL is : https://www.i-car.com/product/post-repair-process</div>
<div class="test-event"> <font color="maroon"> <small> &emsp; &emsp;--- 05 May 00:57:38 756 - Page URL:: https://www.i-car.com/product/post-repair-process</small> </font> </div>
<div class="test-event"> <font color="maroon"> <small> &emsp; &emsp;--- 05 May 00:57:38 756 - <b>0</b> - Page Load Wait: (Sync) - ICar.support.Utils.waitForPageLoad(Utils.java:109)</small> </font> </div>
<div class="test-message">&emsp;Successfully navigated to the :  https://www.i-car.com/product/post-repair-process   Page&emsp;<a href=".\ScreenShot\URL_TC001_2724596361267100.png" target="_blank" >[ScreenShot]</a></div>
<div class="test-event"> <font color="maroon"> <small> &emsp; &emsp;--- 05 May 00:57:39 042 - Page URL:: https://www.i-car.com/product/post-repair-process</small> </font> </div>
<div class="test-event"> <font color="maroon"> <small> &emsp; &emsp;--- 05 May 00:57:39 042 - <b>0</b> - Page Load Wait: (Sync) - ICar.support.Utils.waitForPageLoad(Utils.java:109)</small> </font> </div>
<div class="test-event"> <font color="maroon"> <small> &emsp; &emsp;--- 05 May 00:57:39 053 - Catched spinner load exception due to javascript error: {"status":32,"value":"An invalid or illegal selector was specified"}
  (Session info: chrome=124.0.6367.92)
Build info: version: '4.6.0', revision: '79f1c02ae20'
System info: os.name: 'Windows 10', os.arch: 'amd64', os.version: '10.0', java.version: '17.0.7'
Driver info: org.openqa.selenium.chrome.ChromeDriver
Command: [2cf28825ea7a8a419a5b05b8e5d35d84, findElement {using=css selector, value=div[class='slds-spinner slds-spinner_brand slds-spinner_small']>div:nth-child(2)r}]
Capabilities {acceptInsecureCerts: false, browserName: chrome, browserVersion: 124.0.6367.92, chrome: {chromedriverVersion: 124.0.6367.91 (51df0e5e17a8..., userDataDir: C:\Users\PRATHA~1.KUM\AppDa...}, fedcm:accounts: true, goog:chromeOptions: {debuggerAddress: localhost:49451}, networkConnectionEnabled: false, pageLoadStrategy: normal, platformName: WINDOWS, proxy: Proxy(), se:cdp: ws://localhost:49451/devtoo..., se:cdpVersion: 124.0.6367.92, setWindowRect: true, strictFileInteractability: false, timeouts: {implicit: 0, pageLoad: 300000, script: 30000}, unhandledPromptBehavior: dismiss and notify, webauthn:extension:credBlob: true, webauthn:extension:largeBlob: true, webauthn:extension:minPinLength: true, webauthn:extension:prf: true, webauthn:virtualAuthenticators: true}
Session ID: 2cf28825ea7a8a419a5b05b8e5d35d84</small> </font> </div>
<div class="test-event"> <font color="maroon"> <small> &emsp; &emsp;--- 05 May 00:57:39 053 - <b>0</b> - Spinner Load Wait: (Sync) - ICar.support.WaitUtils.waitForSpinner(WaitUtils.java:225)</small> </font> </div>
<div class="test-event"> <font color="maroon"> <small> &emsp; &emsp;--- 05 May 00:57:49 142 - Page URL:: https://www.i-car.com/product/post-repair-process</small> </font> </div>
<div class="test-event"> <font color="maroon"> <small> &emsp; &emsp;--- 05 May 00:57:49 142 - <b>0</b> - Page Load Wait: (Sync) - ICar.support.Utils.waitForPageLoad(Utils.java:109)</small> </font> </div>
<div class="test-event"> <font color="maroon"> <small> &emsp; &emsp;--- 05 May 00:57:49 159 - Element is displayed:: [[ChromeDriver: chrome on WINDOWS (2cf28825ea7a8a419a5b05b8e5d35d84)] -> xpath: //a[contains(text(),'Back to Courses')]]</small> </font> </div>
<div class="test-event"> <font color="maroon"> <small> &emsp; &emsp;--- 05 May 00:57:56 198 - Catched spinner load exception due to javascript error: {"status":32,"value":"An invalid or illegal selector was specified"}
  (Session info: chrome=124.0.6367.92)
Build info: version: '4.6.0', revision: '79f1c02ae20'
System info: os.name: 'Windows 10', os.arch: 'amd64', os.version: '10.0', java.version: '17.0.7'
Driver info: org.openqa.selenium.chrome.ChromeDriver
Command: [2cf28825ea7a8a419a5b05b8e5d35d84, findElement {using=css selector, value=div[class='slds-spinner slds-spinner_brand slds-spinner_small']>div:nth-child(2)r}]
Capabilities {acceptInsecureCerts: false, browserName: chrome, browserVersion: 124.0.6367.92, chrome: {chromedriverVersion: 124.0.6367.91 (51df0e5e17a8..., userDataDir: C:\Users\PRATHA~1.KUM\AppDa...}, fedcm:accounts: true, goog:chromeOptions: {debuggerAddress: localhost:49451}, networkConnectionEnabled: false, pageLoadStrategy: normal, platformName: WINDOWS, proxy: Proxy(), se:cdp: ws://localhost:49451/devtoo..., se:cdpVersion: 124.0.6367.92, setWindowRect: true, strictFileInteractability: false, timeouts: {implicit: 0, pageLoad: 300000, script: 30000}, unhandledPromptBehavior: dismiss and notify, webauthn:extension:credBlob: true, webauthn:extension:largeBlob: true, webauthn:extension:minPinLength: true, webauthn:extension:prf: true, webauthn:virtualAuthenticators: true}
Session ID: 2cf28825ea7a8a419a5b05b8e5d35d84</small> </font> </div>
<div class="test-event"> <font color="maroon"> <small> &emsp; &emsp;--- 05 May 00:57:56 198 - <b>0</b> - Spinner Load Wait: (Sync) - ICar.support.WaitUtils.waitForSpinner(WaitUtils.java:225)</small> </font> </div>
<div class="test-message">&emsp;Back To Courses is displayed in the page </div>
<div class="test-message">&emsp;Successfully verified Back To Course Link&emsp;<a href=".\ScreenShot\URL_TC001_2724613812613700.png" target="_blank" >[ScreenShot]</a></div>
<div class="test-event"> <font color="maroon"> <small> &emsp; &emsp;--- 05 May 00:57:56 812 - Catched spinner load exception due to javascript error: {"status":32,"value":"An invalid or illegal selector was specified"}
  (Session info: chrome=124.0.6367.92)
Build info: version: '4.6.0', revision: '79f1c02ae20'
System info: os.name: 'Windows 10', os.arch: 'amd64', os.version: '10.0', java.version: '17.0.7'
Driver info: org.openqa.selenium.chrome.ChromeDriver
Command: [2cf28825ea7a8a419a5b05b8e5d35d84, findElement {using=css selector, value=div[class='slds-spinner slds-spinner_brand slds-spinner_small']>div:nth-child(2)r}]
Capabilities {acceptInsecureCerts: false, browserName: chrome, browserVersion: 124.0.6367.92, chrome: {chromedriverVersion: 124.0.6367.91 (51df0e5e17a8..., userDataDir: C:\Users\PRATHA~1.KUM\AppDa...}, fedcm:accounts: true, goog:chromeOptions: {debuggerAddress: localhost:49451}, networkConnectionEnabled: false, pageLoadStrategy: normal, platformName: WINDOWS, proxy: Proxy(), se:cdp: ws://localhost:49451/devtoo..., se:cdpVersion: 124.0.6367.92, setWindowRect: true, strictFileInteractability: false, timeouts: {implicit: 0, pageLoad: 300000, script: 30000}, unhandledPromptBehavior: dismiss and notify, webauthn:extension:credBlob: true, webauthn:extension:largeBlob: true, webauthn:extension:minPinLength: true, webauthn:extension:prf: true, webauthn:virtualAuthenticators: true}
Session ID: 2cf28825ea7a8a419a5b05b8e5d35d84</small> </font> </div>
<div class="test-event"> <font color="maroon"> <small> &emsp; &emsp;--- 05 May 00:57:56 812 - <b>0</b> - Spinner Load Wait: (Sync) - ICar.support.WaitUtils.waitForSpinner(WaitUtils.java:225)</small> </font> </div>
<div class="test-event"> <font color="maroon"> <small> &emsp; &emsp;--- 05 May 00:57:56 875 - Page URL:: https://www.i-car.com/product/post-repair-process</small> </font> </div>
<div class="test-event"> <font color="maroon"> <small> &emsp; &emsp;--- 05 May 00:57:56 875 - <b>0</b> - Page Load Wait: (Sync) - ICar.support.Utils.waitForPageLoad(Utils.java:109)</small> </font> </div>
<div class="test-event"> <font color="maroon"> <small> &emsp; &emsp;--- 05 May 00:58:06 924 - Element is displayed:: [[ChromeDriver: chrome on WINDOWS (2cf28825ea7a8a419a5b05b8e5d35d84)] -> xpath: //div[@class='productDetails slds-p-bottom_large']//div[contains(@class,'slds-p-bottom_medium')]]</small> </font> </div>
<div class="test-message">&emsp;Course Name : PostRepairProcess is displayed in the URL page</div>
<div class="test-message">&emsp;Successfully verified the course name for relevant link&emsp;<a href=".\ScreenShot\URL_TC001_2724632558517200.png" target="_blank" >[ScreenShot]</a></div>
<div class="test-message">&emsp;
</div>
<div class="test-message">&emsp;199. URL is : https://www.i-car.com/product/damage-analysis-of-unitized-structures-rear</div>
<div class="test-event"> <font color="maroon"> <small> &emsp; &emsp;--- 05 May 00:58:20 828 - Page URL:: https://www.i-car.com/product/damage-analysis-of-unitized-structures-rear</small> </font> </div>
<div class="test-event"> <font color="maroon"> <small> &emsp; &emsp;--- 05 May 00:58:20 828 - <b>0</b> - Page Load Wait: (Sync) - ICar.support.Utils.waitForPageLoad(Utils.java:109)</small> </font> </div>
<div class="test-message">&emsp;Successfully navigated to the :  https://www.i-car.com/product/damage-analysis-of-unitized-structures-rear   Page&emsp;<a href=".\ScreenShot\URL_TC001_2724638433118900.png" target="_blank" >[ScreenShot]</a></div>
<div class="test-event"> <font color="maroon"> <small> &emsp; &emsp;--- 05 May 00:58:21 182 - Page URL:: https://www.i-car.com/product/damage-analysis-of-unitized-structures-rear</small> </font> </div>
<div class="test-event"> <font color="maroon"> <small> &emsp; &emsp;--- 05 May 00:58:21 182 - <b>0</b> - Page Load Wait: (Sync) - ICar.support.Utils.waitForPageLoad(Utils.java:109)</small> </font> </div>
<div class="test-event"> <font color="maroon"> <small> &emsp; &emsp;--- 05 May 00:58:21 191 - Catched spinner load exception due to javascript error: {"status":32,"value":"An invalid or illegal selector was specified"}
  (Session info: chrome=124.0.6367.92)
Build info: version: '4.6.0', revision: '79f1c02ae20'
System info: os.name: 'Windows 10', os.arch: 'amd64', os.version: '10.0', java.version: '17.0.7'
Driver info: org.openqa.selenium.chrome.ChromeDriver
Command: [2cf28825ea7a8a419a5b05b8e5d35d84, findElement {using=css selector, value=div[class='slds-spinner slds-spinner_brand slds-spinner_small']>div:nth-child(2)r}]
Capabilities {acceptInsecureCerts: false, browserName: chrome, browserVersion: 124.0.6367.92, chrome: {chromedriverVersion: 124.0.6367.91 (51df0e5e17a8..., userDataDir: C:\Users\PRATHA~1.KUM\AppDa...}, fedcm:accounts: true, goog:chromeOptions: {debuggerAddress: localhost:49451}, networkConnectionEnabled: false, pageLoadStrategy: normal, platformName: WINDOWS, proxy: Proxy(), se:cdp: ws://localhost:49451/devtoo..., se:cdpVersion: 124.0.6367.92, setWindowRect: true, strictFileInteractability: false, timeouts: {implicit: 0, pageLoad: 300000, script: 30000}, unhandledPromptBehavior: dismiss and notify, webauthn:extension:credBlob: true, webauthn:extension:largeBlob: true, webauthn:extension:minPinLength: true, webauthn:extension:prf: true, webauthn:virtualAuthenticators: true}
Session ID: 2cf28825ea7a8a419a5b05b8e5d35d84</small> </font> </div>
<div class="test-event"> <font color="maroon"> <small> &emsp; &emsp;--- 05 May 00:58:21 191 - <b>0</b> - Spinner Load Wait: (Sync) - ICar.support.WaitUtils.waitForSpinner(WaitUtils.java:225)</small> </font> </div>
<div class="test-event"> <font color="maroon"> <small> &emsp; &emsp;--- 05 May 00:58:31 268 - Page URL:: https://www.i-car.com/product/damage-analysis-of-unitized-structures-rear</small> </font> </div>
<div class="test-event"> <font color="maroon"> <small> &emsp; &emsp;--- 05 May 00:58:31 268 - <b>0</b> - Page Load Wait: (Sync) - ICar.support.Utils.waitForPageLoad(Utils.java:109)</small> </font> </div>
<div class="test-event"> <font color="maroon"> <small> &emsp; &emsp;--- 05 May 00:58:31 285 - Element is displayed:: [[ChromeDriver: chrome on WINDOWS (2cf28825ea7a8a419a5b05b8e5d35d84)] -> xpath: //a[contains(text(),'Back to Courses')]]</small> </font> </div>
<div class="test-event"> <font color="maroon"> <small> &emsp; &emsp;--- 05 May 00:58:38 317 - Catched spinner load exception due to javascript error: {"status":32,"value":"An invalid or illegal selector was specified"}
  (Session info: chrome=124.0.6367.92)
Build info: version: '4.6.0', revision: '79f1c02ae20'
System info: os.name: 'Windows 10', os.arch: 'amd64', os.version: '10.0', java.version: '17.0.7'
Driver info: org.openqa.selenium.chrome.ChromeDriver
Command: [2cf28825ea7a8a419a5b05b8e5d35d84, findElement {using=css selector, value=div[class='slds-spinner slds-spinner_brand slds-spinner_small']>div:nth-child(2)r}]
Capabilities {acceptInsecureCerts: false, browserName: chrome, browserVersion: 124.0.6367.92, chrome: {chromedriverVersion: 124.0.6367.91 (51df0e5e17a8..., userDataDir: C:\Users\PRATHA~1.KUM\AppDa...}, fedcm:accounts: true, goog:chromeOptions: {debuggerAddress: localhost:49451}, networkConnectionEnabled: false, pageLoadStrategy: normal, platformName: WINDOWS, proxy: Proxy(), se:cdp: ws://localhost:49451/devtoo..., se:cdpVersion: 124.0.6367.92, setWindowRect: true, strictFileInteractability: false, timeouts: {implicit: 0, pageLoad: 300000, script: 30000}, unhandledPromptBehavior: dismiss and notify, webauthn:extension:credBlob: true, webauthn:extension:largeBlob: true, webauthn:extension:minPinLength: true, webauthn:extension:prf: true, webauthn:virtualAuthenticators: true}
Session ID: 2cf28825ea7a8a419a5b05b8e5d35d84</small> </font> </div>
<div class="test-event"> <font color="maroon"> <small> &emsp; &emsp;--- 05 May 00:58:38 317 - <b>0</b> - Spinner Load Wait: (Sync) - ICar.support.WaitUtils.waitForSpinner(WaitUtils.java:225)</small> </font> </div>
<div class="test-message">&emsp;Back To Courses is displayed in the page </div>
<div class="test-message">&emsp;Successfully verified Back To Course Link&emsp;<a href=".\ScreenShot\URL_TC001_2724655931511100.png" target="_blank" >[ScreenShot]</a></div>
<div class="test-event"> <font color="maroon"> <small> &emsp; &emsp;--- 05 May 00:58:38 557 - Catched spinner load exception due to javascript error: {"status":32,"value":"An invalid or illegal selector was specified"}
  (Session info: chrome=124.0.6367.92)
Build info: version: '4.6.0', revision: '79f1c02ae20'
System info: os.name: 'Windows 10', os.arch: 'amd64', os.version: '10.0', java.version: '17.0.7'
Driver info: org.openqa.selenium.chrome.ChromeDriver
Command: [2cf28825ea7a8a419a5b05b8e5d35d84, findElement {using=css selector, value=div[class='slds-spinner slds-spinner_brand slds-spinner_small']>div:nth-child(2)r}]
Capabilities {acceptInsecureCerts: false, browserName: chrome, browserVersion: 124.0.6367.92, chrome: {chromedriverVersion: 124.0.6367.91 (51df0e5e17a8..., userDataDir: C:\Users\PRATHA~1.KUM\AppDa...}, fedcm:accounts: true, goog:chromeOptions: {debuggerAddress: localhost:49451}, networkConnectionEnabled: false, pageLoadStrategy: normal, platformName: WINDOWS, proxy: Proxy(), se:cdp: ws://localhost:49451/devtoo..., se:cdpVersion: 124.0.6367.92, setWindowRect: true, strictFileInteractability: false, timeouts: {implicit: 0, pageLoad: 300000, script: 30000}, unhandledPromptBehavior: dismiss and notify, webauthn:extension:credBlob: true, webauthn:extension:largeBlob: true, webauthn:extension:minPinLength: true, webauthn:extension:prf: true, webauthn:virtualAuthenticators: true}
Session ID: 2cf28825ea7a8a419a5b05b8e5d35d84</small> </font> </div>
<div class="test-event"> <font color="maroon"> <small> &emsp; &emsp;--- 05 May 00:58:38 558 - <b>0</b> - Spinner Load Wait: (Sync) - ICar.support.WaitUtils.waitForSpinner(WaitUtils.java:225)</small> </font> </div>
<div class="test-event"> <font color="maroon"> <small> &emsp; &emsp;--- 05 May 00:58:38 631 - Page URL:: https://www.i-car.com/product/damage-analysis-of-unitized-structures-rear</small> </font> </div>
<div class="test-event"> <font color="maroon"> <small> &emsp; &emsp;--- 05 May 00:58:38 631 - <b>0</b> - Page Load Wait: (Sync) - ICar.support.Utils.waitForPageLoad(Utils.java:109)</small> </font> </div>
<div class="test-event"> <font color="maroon"> <small> &emsp; &emsp;--- 05 May 00:58:48 676 - Element is displayed:: [[ChromeDriver: chrome on WINDOWS (2cf28825ea7a8a419a5b05b8e5d35d84)] -> xpath: //div[@class='productDetails slds-p-bottom_large']//div[contains(@class,'slds-p-bottom_medium')]]</small> </font> </div>
<div class="test-message">&emsp;Course Name : DamageAnalysisofUnitizedStructuresRear is displayed in the URL page</div>
<div class="test-message">&emsp;Successfully verified the course name for relevant link&emsp;<a href=".\ScreenShot\URL_TC001_2724674300595000.png" target="_blank" >[ScreenShot]</a></div>
<div class="test-message">&emsp;
</div>
<div class="test-message">&emsp;200. URL is : https://www.i-car.com/product/initialization-and-calibration-of-electronic-systems</div>
<div class="test-event"> <font color="maroon"> <small> &emsp; &emsp;--- 05 May 00:58:57 666 - Page URL:: https://www.i-car.com/product/initialization-and-calibration-of-electronic-systems</small> </font> </div>
<div class="test-event"> <font color="maroon"> <small> &emsp; &emsp;--- 05 May 00:58:57 667 - <b>0</b> - Page Load Wait: (Sync) - ICar.support.Utils.waitForPageLoad(Utils.java:109)</small> </font> </div>
<div class="test-message">&emsp;Successfully navigated to the :  https://www.i-car.com/product/initialization-and-calibration-of-electronic-systems   Page&emsp;<a href=".\ScreenShot\URL_TC001_2724675271683100.png" target="_blank" >[ScreenShot]</a></div>
<div class="test-event"> <font color="maroon"> <small> &emsp; &emsp;--- 05 May 00:58:57 955 - Page URL:: https://www.i-car.com/product/initialization-and-calibration-of-electronic-systems</small> </font> </div>
<div class="test-event"> <font color="maroon"> <small> &emsp; &emsp;--- 05 May 00:58:57 955 - <b>0</b> - Page Load Wait: (Sync) - ICar.support.Utils.waitForPageLoad(Utils.java:109)</small> </font> </div>
<div class="test-event"> <font color="maroon"> <small> &emsp; &emsp;--- 05 May 00:58:57 965 - Catched spinner load exception due to javascript error: {"status":32,"value":"An invalid or illegal selector was specified"}
  (Session info: chrome=124.0.6367.92)
Build info: version: '4.6.0', revision: '79f1c02ae20'
System info: os.name: 'Windows 10', os.arch: 'amd64', os.version: '10.0', java.version: '17.0.7'
Driver info: org.openqa.selenium.chrome.ChromeDriver
Command: [2cf28825ea7a8a419a5b05b8e5d35d84, findElement {using=css selector, value=div[class='slds-spinner slds-spinner_brand slds-spinner_small']>div:nth-child(2)r}]
Capabilities {acceptInsecureCerts: false, browserName: chrome, browserVersion: 124.0.6367.92, chrome: {chromedriverVersion: 124.0.6367.91 (51df0e5e17a8..., userDataDir: C:\Users\PRATHA~1.KUM\AppDa...}, fedcm:accounts: true, goog:chromeOptions: {debuggerAddress: localhost:49451}, networkConnectionEnabled: false, pageLoadStrategy: normal, platformName: WINDOWS, proxy: Proxy(), se:cdp: ws://localhost:49451/devtoo..., se:cdpVersion: 124.0.6367.92, setWindowRect: true, strictFileInteractability: false, timeouts: {implicit: 0, pageLoad: 300000, script: 30000}, unhandledPromptBehavior: dismiss and notify, webauthn:extension:credBlob: true, webauthn:extension:largeBlob: true, webauthn:extension:minPinLength: true, webauthn:extension:prf: true, webauthn:virtualAuthenticators: true}
Session ID: 2cf28825ea7a8a419a5b05b8e5d35d84</small> </font> </div>
<div class="test-event"> <font color="maroon"> <small> &emsp; &emsp;--- 05 May 00:58:57 965 - <b>0</b> - Spinner Load Wait: (Sync) - ICar.support.WaitUtils.waitForSpinner(WaitUtils.java:225)</small> </font> </div>
<div class="test-event"> <font color="maroon"> <small> &emsp; &emsp;--- 05 May 00:59:08 143 - Page URL:: https://www.i-car.com/product/initialization-and-calibration-of-electronic-systems</small> </font> </div>
<div class="test-event"> <font color="maroon"> <small> &emsp; &emsp;--- 05 May 00:59:08 143 - <b>0</b> - Page Load Wait: (Sync) - ICar.support.Utils.waitForPageLoad(Utils.java:109)</small> </font> </div>
<div class="test-event"> <font color="maroon"> <small> &emsp; &emsp;--- 05 May 00:59:08 160 - Element is displayed:: [[ChromeDriver: chrome on WINDOWS (2cf28825ea7a8a419a5b05b8e5d35d84)] -> xpath: //a[contains(text(),'Back to Courses')]]</small> </font> </div>
<div class="test-event"> <font color="maroon"> <small> &emsp; &emsp;--- 05 May 00:59:15 195 - Catched spinner load exception due to javascript error: {"status":32,"value":"An invalid or illegal selector was specified"}
  (Session info: chrome=124.0.6367.92)
Build info: version: '4.6.0', revision: '79f1c02ae20'
System info: os.name: 'Windows 10', os.arch: 'amd64', os.version: '10.0', java.version: '17.0.7'
Driver info: org.openqa.selenium.chrome.ChromeDriver
Command: [2cf28825ea7a8a419a5b05b8e5d35d84, findElement {using=css selector, value=div[class='slds-spinner slds-spinner_brand slds-spinner_small']>div:nth-child(2)r}]
Capabilities {acceptInsecureCerts: false, browserName: chrome, browserVersion: 124.0.6367.92, chrome: {chromedriverVersion: 124.0.6367.91 (51df0e5e17a8..., userDataDir: C:\Users\PRATHA~1.KUM\AppDa...}, fedcm:accounts: true, goog:chromeOptions: {debuggerAddress: localhost:49451}, networkConnectionEnabled: false, pageLoadStrategy: normal, platformName: WINDOWS, proxy: Proxy(), se:cdp: ws://localhost:49451/devtoo..., se:cdpVersion: 124.0.6367.92, setWindowRect: true, strictFileInteractability: false, timeouts: {implicit: 0, pageLoad: 300000, script: 30000}, unhandledPromptBehavior: dismiss and notify, webauthn:extension:credBlob: true, webauthn:extension:largeBlob: true, webauthn:extension:minPinLength: true, webauthn:extension:prf: true, webauthn:virtualAuthenticators: true}
Session ID: 2cf28825ea7a8a419a5b05b8e5d35d84</small> </font> </div>
<div class="test-event"> <font color="maroon"> <small> &emsp; &emsp;--- 05 May 00:59:15 195 - <b>0</b> - Spinner Load Wait: (Sync) - ICar.support.WaitUtils.waitForSpinner(WaitUtils.java:225)</small> </font> </div>
<div class="test-message">&emsp;Back To Courses is displayed in the page </div>
<div class="test-message">&emsp;Successfully verified Back To Course Link&emsp;<a href=".\ScreenShot\URL_TC001_2724692809418000.png" target="_blank" >[ScreenShot]</a></div>
<div class="test-event"> <font color="maroon"> <small> &emsp; &emsp;--- 05 May 00:59:15 459 - Catched spinner load exception due to javascript error: {"status":32,"value":"An invalid or illegal selector was specified"}
  (Session info: chrome=124.0.6367.92)
Build info: version: '4.6.0', revision: '79f1c02ae20'
System info: os.name: 'Windows 10', os.arch: 'amd64', os.version: '10.0', java.version: '17.0.7'
Driver info: org.openqa.selenium.chrome.ChromeDriver
Command: [2cf28825ea7a8a419a5b05b8e5d35d84, findElement {using=css selector, value=div[class='slds-spinner slds-spinner_brand slds-spinner_small']>div:nth-child(2)r}]
Capabilities {acceptInsecureCerts: false, browserName: chrome, browserVersion: 124.0.6367.92, chrome: {chromedriverVersion: 124.0.6367.91 (51df0e5e17a8..., userDataDir: C:\Users\PRATHA~1.KUM\AppDa...}, fedcm:accounts: true, goog:chromeOptions: {debuggerAddress: localhost:49451}, networkConnectionEnabled: false, pageLoadStrategy: normal, platformName: WINDOWS, proxy: Proxy(), se:cdp: ws://localhost:49451/devtoo..., se:cdpVersion: 124.0.6367.92, setWindowRect: true, strictFileInteractability: false, timeouts: {implicit: 0, pageLoad: 300000, script: 30000}, unhandledPromptBehavior: dismiss and notify, webauthn:extension:credBlob: true, webauthn:extension:largeBlob: true, webauthn:extension:minPinLength: true, webauthn:extension:prf: true, webauthn:virtualAuthenticators: true}
Session ID: 2cf28825ea7a8a419a5b05b8e5d35d84</small> </font> </div>
<div class="test-event"> <font color="maroon"> <small> &emsp; &emsp;--- 05 May 00:59:15 460 - <b>0</b> - Spinner Load Wait: (Sync) - ICar.support.WaitUtils.waitForSpinner(WaitUtils.java:225)</small> </font> </div>
<div class="test-event"> <font color="maroon"> <small> &emsp; &emsp;--- 05 May 00:59:15 580 - Page URL:: https://www.i-car.com/product/initialization-and-calibration-of-electronic-systems</small> </font> </div>
<div class="test-event"> <font color="maroon"> <small> &emsp; &emsp;--- 05 May 00:59:15 580 - <b>0</b> - Page Load Wait: (Sync) - ICar.support.Utils.waitForPageLoad(Utils.java:109)</small> </font> </div>
<div class="test-event"> <font color="maroon"> <small> &emsp; &emsp;--- 05 May 00:59:25 648 - Element is displayed:: [[ChromeDriver: chrome on WINDOWS (2cf28825ea7a8a419a5b05b8e5d35d84)] -> xpath: //div[@class='productDetails slds-p-bottom_large']//div[contains(@class,'slds-p-bottom_medium')]]</small> </font> </div>
<div class="test-message">&emsp;Course Name : InitializationandCalibrationofElectronicSystems is displayed in the URL page</div>
<div class="test-message">&emsp;Successfully verified the course name for relevant link&emsp;<a href=".\ScreenShot\URL_TC001_2724711269264500.png" target="_blank" >[ScreenShot]</a></div>
<div class="test-message">&emsp;
</div>
<div class="test-message">&emsp;201. URL is : https://www.i-car.com/product/vehicle-technology-and-trends-2017</div>
<div class="test-event"> <font color="maroon"> <small> &emsp; &emsp;--- 05 May 00:59:35 003 - Page URL:: https://www.i-car.com/product/vehicle-technology-and-trends-2017</small> </font> </div>
<div class="test-event"> <font color="maroon"> <small> &emsp; &emsp;--- 05 May 00:59:35 003 - <b>0</b> - Page Load Wait: (Sync) - ICar.support.Utils.waitForPageLoad(Utils.java:109)</small> </font> </div>
<div class="test-message">&emsp;Successfully navigated to the :  https://www.i-car.com/product/vehicle-technology-and-trends-2017   Page&emsp;<a href=".\ScreenShot\URL_TC001_2724712608014500.png" target="_blank" >[ScreenShot]</a></div>
<div class="test-event"> <font color="maroon"> <small> &emsp; &emsp;--- 05 May 00:59:35 246 - Page URL:: https://www.i-car.com/product/vehicle-technology-and-trends-2017</small> </font> </div>
<div class="test-event"> <font color="maroon"> <small> &emsp; &emsp;--- 05 May 00:59:35 246 - <b>0</b> - Page Load Wait: (Sync) - ICar.support.Utils.waitForPageLoad(Utils.java:109)</small> </font> </div>
<div class="test-event"> <font color="maroon"> <small> &emsp; &emsp;--- 05 May 00:59:35 257 - Catched spinner load exception due to javascript error: {"status":32,"value":"An invalid or illegal selector was specified"}
  (Session info: chrome=124.0.6367.92)
Build info: version: '4.6.0', revision: '79f1c02ae20'
System info: os.name: 'Windows 10', os.arch: 'amd64', os.version: '10.0', java.version: '17.0.7'
Driver info: org.openqa.selenium.chrome.ChromeDriver
Command: [2cf28825ea7a8a419a5b05b8e5d35d84, findElement {using=css selector, value=div[class='slds-spinner slds-spinner_brand slds-spinner_small']>div:nth-child(2)r}]
Capabilities {acceptInsecureCerts: false, browserName: chrome, browserVersion: 124.0.6367.92, chrome: {chromedriverVersion: 124.0.6367.91 (51df0e5e17a8..., userDataDir: C:\Users\PRATHA~1.KUM\AppDa...}, fedcm:accounts: true, goog:chromeOptions: {debuggerAddress: localhost:49451}, networkConnectionEnabled: false, pageLoadStrategy: normal, platformName: WINDOWS, proxy: Proxy(), se:cdp: ws://localhost:49451/devtoo..., se:cdpVersion: 124.0.6367.92, setWindowRect: true, strictFileInteractability: false, timeouts: {implicit: 0, pageLoad: 300000, script: 30000}, unhandledPromptBehavior: dismiss and notify, webauthn:extension:credBlob: true, webauthn:extension:largeBlob: true, webauthn:extension:minPinLength: true, webauthn:extension:prf: true, webauthn:virtualAuthenticators: true}
Session ID: 2cf28825ea7a8a419a5b05b8e5d35d84</small> </font> </div>
<div class="test-event"> <font color="maroon"> <small> &emsp; &emsp;--- 05 May 00:59:35 257 - <b>0</b> - Spinner Load Wait: (Sync) - ICar.support.WaitUtils.waitForSpinner(WaitUtils.java:225)</small> </font> </div>
<div class="test-event"> <font color="maroon"> <small> &emsp; &emsp;--- 05 May 00:59:45 335 - Page URL:: https://www.i-car.com/product/vehicle-technology-and-trends-2017</small> </font> </div>
<div class="test-event"> <font color="maroon"> <small> &emsp; &emsp;--- 05 May 00:59:45 335 - <b>0</b> - Page Load Wait: (Sync) - ICar.support.Utils.waitForPageLoad(Utils.java:109)</small> </font> </div>
<div class="test-event"> <font color="maroon"> <small> &emsp; &emsp;--- 05 May 00:59:45 350 - Element is displayed:: [[ChromeDriver: chrome on WINDOWS (2cf28825ea7a8a419a5b05b8e5d35d84)] -> xpath: //a[contains(text(),'Back to Courses')]]</small> </font> </div>
<div class="test-event"> <font color="maroon"> <small> &emsp; &emsp;--- 05 May 00:59:52 377 - Catched spinner load exception due to javascript error: {"status":32,"value":"An invalid or illegal selector was specified"}
  (Session info: chrome=124.0.6367.92)
Build info: version: '4.6.0', revision: '79f1c02ae20'
System info: os.name: 'Windows 10', os.arch: 'amd64', os.version: '10.0', java.version: '17.0.7'
Driver info: org.openqa.selenium.chrome.ChromeDriver
Command: [2cf28825ea7a8a419a5b05b8e5d35d84, findElement {using=css selector, value=div[class='slds-spinner slds-spinner_brand slds-spinner_small']>div:nth-child(2)r}]
Capabilities {acceptInsecureCerts: false, browserName: chrome, browserVersion: 124.0.6367.92, chrome: {chromedriverVersion: 124.0.6367.91 (51df0e5e17a8..., userDataDir: C:\Users\PRATHA~1.KUM\AppDa...}, fedcm:accounts: true, goog:chromeOptions: {debuggerAddress: localhost:49451}, networkConnectionEnabled: false, pageLoadStrategy: normal, platformName: WINDOWS, proxy: Proxy(), se:cdp: ws://localhost:49451/devtoo..., se:cdpVersion: 124.0.6367.92, setWindowRect: true, strictFileInteractability: false, timeouts: {implicit: 0, pageLoad: 300000, script: 30000}, unhandledPromptBehavior: dismiss and notify, webauthn:extension:credBlob: true, webauthn:extension:largeBlob: true, webauthn:extension:minPinLength: true, webauthn:extension:prf: true, webauthn:virtualAuthenticators: true}
Session ID: 2cf28825ea7a8a419a5b05b8e5d35d84</small> </font> </div>
<div class="test-event"> <font color="maroon"> <small> &emsp; &emsp;--- 05 May 00:59:52 377 - <b>0</b> - Spinner Load Wait: (Sync) - ICar.support.WaitUtils.waitForSpinner(WaitUtils.java:225)</small> </font> </div>
<div class="test-message">&emsp;Back To Courses is displayed in the page </div>
<div class="test-message">&emsp;Successfully verified Back To Course Link&emsp;<a href=".\ScreenShot\URL_TC001_2724729991757900.png" target="_blank" >[ScreenShot]</a></div>
<div class="test-event"> <font color="maroon"> <small> &emsp; &emsp;--- 05 May 00:59:52 667 - Catched spinner load exception due to javascript error: {"status":32,"value":"An invalid or illegal selector was specified"}
  (Session info: chrome=124.0.6367.92)
Build info: version: '4.6.0', revision: '79f1c02ae20'
System info: os.name: 'Windows 10', os.arch: 'amd64', os.version: '10.0', java.version: '17.0.7'
Driver info: org.openqa.selenium.chrome.ChromeDriver
Command: [2cf28825ea7a8a419a5b05b8e5d35d84, findElement {using=css selector, value=div[class='slds-spinner slds-spinner_brand slds-spinner_small']>div:nth-child(2)r}]
Capabilities {acceptInsecureCerts: false, browserName: chrome, browserVersion: 124.0.6367.92, chrome: {chromedriverVersion: 124.0.6367.91 (51df0e5e17a8..., userDataDir: C:\Users\PRATHA~1.KUM\AppDa...}, fedcm:accounts: true, goog:chromeOptions: {debuggerAddress: localhost:49451}, networkConnectionEnabled: false, pageLoadStrategy: normal, platformName: WINDOWS, proxy: Proxy(), se:cdp: ws://localhost:49451/devtoo..., se:cdpVersion: 124.0.6367.92, setWindowRect: true, strictFileInteractability: false, timeouts: {implicit: 0, pageLoad: 300000, script: 30000}, unhandledPromptBehavior: dismiss and notify, webauthn:extension:credBlob: true, webauthn:extension:largeBlob: true, webauthn:extension:minPinLength: true, webauthn:extension:prf: true, webauthn:virtualAuthenticators: true}
Session ID: 2cf28825ea7a8a419a5b05b8e5d35d84</small> </font> </div>
<div class="test-event"> <font color="maroon"> <small> &emsp; &emsp;--- 05 May 00:59:52 667 - <b>0</b> - Spinner Load Wait: (Sync) - ICar.support.WaitUtils.waitForSpinner(WaitUtils.java:225)</small> </font> </div>
<div class="test-event"> <font color="maroon"> <small> &emsp; &emsp;--- 05 May 00:59:52 728 - Page URL:: https://www.i-car.com/product/vehicle-technology-and-trends-2017</small> </font> </div>
<div class="test-event"> <font color="maroon"> <small> &emsp; &emsp;--- 05 May 00:59:52 728 - <b>0</b> - Page Load Wait: (Sync) - ICar.support.Utils.waitForPageLoad(Utils.java:109)</small> </font> </div>
<div class="test-event"> <font color="maroon"> <small> &emsp; &emsp;--- 05 May 01:00:02 789 - Element is displayed:: [[ChromeDriver: chrome on WINDOWS (2cf28825ea7a8a419a5b05b8e5d35d84)] -> xpath: //div[@class='productDetails slds-p-bottom_large']//div[contains(@class,'slds-p-bottom_medium')]]</small> </font> </div>
<div class="test-message">&emsp;Course Name : VehicleTechnologyandTrends2017 is displayed in the URL page</div>
<div class="test-message">&emsp;Successfully verified the course name for relevant link&emsp;<a href=".\ScreenShot\URL_TC001_2724748427157600.png" target="_blank" >[ScreenShot]</a></div>
<div class="test-message">&emsp;
</div>
<!--FAIL-->
<div class="test-result"><br><font color="red"><strong> Test Failed. Check the steps above in red color. </strong></font> </div>&emsp;
&emsp;<div class="test-title"> <strong><font size = "3" color = "#0000FF">---Test Execution Ends---</font> </strong> </div>&emsp;]]>
    </system-out>
  </testcase> <!-- URL_TC001 -->
  <system-out>
    <![CDATA[<div class="test-event"> <font color="maroon"> <small> &emsp; &emsp;--- 04 May 22:48:45 618 - TestCaseID:: URL_TC001</small> </font> </div>
<div class="test-event"> <font color="maroon"> <small> &emsp; &emsp;--- 04 May 22:48:47 838 - <b>2</b> - Driver::initialize::Get - ICar.support.WebDriverFactory.getDriver(WebDriverFactory.java:640)</small> </font> </div>
&emsp;<div class="test-title"> <strong><font size = "3" color = "#000080">Validation for URL links</font> </strong> </div>&emsp;<div><strong>Steps:</strong></div><!-- Report -->&emsp;
<div class="test-message">&emsp;1. URL is : https://www.i-car.com/product/air-conditioning-systems-operation-and-damage-analysis</div>
<div class="test-event"> <font color="maroon"> <small> &emsp; &emsp;--- 04 May 22:48:55 977 - Page URL:: https://www.i-car.com/product/air-conditioning-systems-operation-and-damage-analysis</small> </font> </div>
<div class="test-event"> <font color="maroon"> <small> &emsp; &emsp;--- 04 May 22:48:55 978 - <b>5</b> - Page Load Wait: (Sync) - ICar.support.Utils.waitForPageLoad(Utils.java:109)</small> </font> </div>
<div class="test-message">&emsp;Successfully navigated to the :  https://www.i-car.com/product/air-conditioning-systems-operation-and-damage-analysis   Page&emsp;<a href=".\ScreenShot\URL_TC001_2716873598211600.png" target="_blank" >[ScreenShot]</a></div>
<div class="test-event"> <font color="maroon"> <small> &emsp; &emsp;--- 04 May 22:48:56 319 - Page URL:: https://www.i-car.com/product/air-conditioning-systems-operation-and-damage-analysis</small> </font> </div>
<div class="test-event"> <font color="maroon"> <small> &emsp; &emsp;--- 04 May 22:48:56 319 - <b>0</b> - Page Load Wait: (Sync) - ICar.support.Utils.waitForPageLoad(Utils.java:109)</small> </font> </div>
<div class="test-event"> <font color="maroon"> <small> &emsp; &emsp;--- 04 May 22:48:56 351 - Catched spinner load exception due to javascript error: {"status":32,"value":"An invalid or illegal selector was specified"}
  (Session info: chrome=124.0.6367.92)
Build info: version: '4.6.0', revision: '79f1c02ae20'
System info: os.name: 'Windows 10', os.arch: 'amd64', os.version: '10.0', java.version: '17.0.7'
Driver info: org.openqa.selenium.chrome.ChromeDriver
Command: [2cf28825ea7a8a419a5b05b8e5d35d84, findElement {using=css selector, value=div[class='slds-spinner slds-spinner_brand slds-spinner_small']>div:nth-child(2)r}]
Capabilities {acceptInsecureCerts: false, browserName: chrome, browserVersion: 124.0.6367.92, chrome: {chromedriverVersion: 124.0.6367.91 (51df0e5e17a8..., userDataDir: C:\Users\PRATHA~1.KUM\AppDa...}, fedcm:accounts: true, goog:chromeOptions: {debuggerAddress: localhost:49451}, networkConnectionEnabled: false, pageLoadStrategy: normal, platformName: WINDOWS, proxy: Proxy(), se:cdp: ws://localhost:49451/devtoo..., se:cdpVersion: 124.0.6367.92, setWindowRect: true, strictFileInteractability: false, timeouts: {implicit: 0, pageLoad: 300000, script: 30000}, unhandledPromptBehavior: dismiss and notify, webauthn:extension:credBlob: true, webauthn:extension:largeBlob: true, webauthn:extension:minPinLength: true, webauthn:extension:prf: true, webauthn:virtualAuthenticators: true}
Session ID: 2cf28825ea7a8a419a5b05b8e5d35d84</small> </font> </div>
<div class="test-event"> <font color="maroon"> <small> &emsp; &emsp;--- 04 May 22:48:56 351 - <b>0</b> - Spinner Load Wait: (Sync) - ICar.support.WaitUtils.waitForSpinner(WaitUtils.java:225)</small> </font> </div>
<div class="test-event"> <font color="maroon"> <small> &emsp; &emsp;--- 04 May 22:49:06 486 - Page URL:: https://www.i-car.com/product/air-conditioning-systems-operation-and-damage-analysis</small> </font> </div>
<div class="test-event"> <font color="maroon"> <small> &emsp; &emsp;--- 04 May 22:49:06 487 - <b>0</b> - Page Load Wait: (Sync) - ICar.support.Utils.waitForPageLoad(Utils.java:109)</small> </font> </div>
<div class="test-event"> <font color="maroon"> <small> &emsp; &emsp;--- 04 May 22:49:06 524 - Element is displayed:: [[ChromeDriver: chrome on WINDOWS (2cf28825ea7a8a419a5b05b8e5d35d84)] -> xpath: //a[contains(text(),'Back to Courses')]]</small> </font> </div>
<div class="test-event"> <font color="maroon"> <small> &emsp; &emsp;--- 04 May 22:49:13 552 - Catched spinner load exception due to javascript error: {"status":32,"value":"An invalid or illegal selector was specified"}
  (Session info: chrome=124.0.6367.92)
Build info: version: '4.6.0', revision: '79f1c02ae20'
System info: os.name: 'Windows 10', os.arch: 'amd64', os.version: '10.0', java.version: '17.0.7'
Driver info: org.openqa.selenium.chrome.ChromeDriver
Command: [2cf28825ea7a8a419a5b05b8e5d35d84, findElement {using=css selector, value=div[class='slds-spinner slds-spinner_brand slds-spinner_small']>div:nth-child(2)r}]
Capabilities {acceptInsecureCerts: false, browserName: chrome, browserVersion: 124.0.6367.92, chrome: {chromedriverVersion: 124.0.6367.91 (51df0e5e17a8..., userDataDir: C:\Users\PRATHA~1.KUM\AppDa...}, fedcm:accounts: true, goog:chromeOptions: {debuggerAddress: localhost:49451}, networkConnectionEnabled: false, pageLoadStrategy: normal, platformName: WINDOWS, proxy: Proxy(), se:cdp: ws://localhost:49451/devtoo..., se:cdpVersion: 124.0.6367.92, setWindowRect: true, strictFileInteractability: false, timeouts: {implicit: 0, pageLoad: 300000, script: 30000}, unhandledPromptBehavior: dismiss and notify, webauthn:extension:credBlob: true, webauthn:extension:largeBlob: true, webauthn:extension:minPinLength: true, webauthn:extension:prf: true, webauthn:virtualAuthenticators: true}
Session ID: 2cf28825ea7a8a419a5b05b8e5d35d84</small> </font> </div>
<div class="test-event"> <font color="maroon"> <small> &emsp; &emsp;--- 04 May 22:49:13 552 - <b>0</b> - Spinner Load Wait: (Sync) - ICar.support.WaitUtils.waitForSpinner(WaitUtils.java:225)</small> </font> </div>
<div class="test-message">&emsp;Back To Courses is displayed in the page </div>
<div class="test-message">&emsp;Successfully verified Back To Course Link&emsp;<a href=".\ScreenShot\URL_TC001_2716891183869900.png" target="_blank" >[ScreenShot]</a></div>
<div class="test-event"> <font color="maroon"> <small> &emsp; &emsp;--- 04 May 22:49:13 848 - Catched spinner load exception due to javascript error: {"status":32,"value":"An invalid or illegal selector was specified"}
  (Session info: chrome=124.0.6367.92)
Build info: version: '4.6.0', revision: '79f1c02ae20'
System info: os.name: 'Windows 10', os.arch: 'amd64', os.version: '10.0', java.version: '17.0.7'
Driver info: org.openqa.selenium.chrome.ChromeDriver
Command: [2cf28825ea7a8a419a5b05b8e5d35d84, findElement {using=css selector, value=div[class='slds-spinner slds-spinner_brand slds-spinner_small']>div:nth-child(2)r}]
Capabilities {acceptInsecureCerts: false, browserName: chrome, browserVersion: 124.0.6367.92, chrome: {chromedriverVersion: 124.0.6367.91 (51df0e5e17a8..., userDataDir: C:\Users\PRATHA~1.KUM\AppDa...}, fedcm:accounts: true, goog:chromeOptions: {debuggerAddress: localhost:49451}, networkConnectionEnabled: false, pageLoadStrategy: normal, platformName: WINDOWS, proxy: Proxy(), se:cdp: ws://localhost:49451/devtoo..., se:cdpVersion: 124.0.6367.92, setWindowRect: true, strictFileInteractability: false, timeouts: {implicit: 0, pageLoad: 300000, script: 30000}, unhandledPromptBehavior: dismiss and notify, webauthn:extension:credBlob: true, webauthn:extension:largeBlob: true, webauthn:extension:minPinLength: true, webauthn:extension:prf: true, webauthn:virtualAuthenticators: true}
Session ID: 2cf28825ea7a8a419a5b05b8e5d35d84</small> </font> </div>
<div class="test-event"> <font color="maroon"> <small> &emsp; &emsp;--- 04 May 22:49:13 848 - <b>0</b> - Spinner Load Wait: (Sync) - ICar.support.WaitUtils.waitForSpinner(WaitUtils.java:225)</small> </font> </div>
<div class="test-event"> <font color="maroon"> <small> &emsp; &emsp;--- 04 May 22:49:13 936 - Page URL:: https://www.i-car.com/product/air-conditioning-systems-operation-and-damage-analysis</small> </font> </div>
<div class="test-event"> <font color="maroon"> <small> &emsp; &emsp;--- 04 May 22:49:13 937 - <b>0</b> - Page Load Wait: (Sync) - ICar.support.Utils.waitForPageLoad(Utils.java:109)</small> </font> </div>
<div class="test-event"> <font color="maroon"> <small> &emsp; &emsp;--- 04 May 22:49:24 003 - Element is displayed:: [[ChromeDriver: chrome on WINDOWS (2cf28825ea7a8a419a5b05b8e5d35d84)] -> xpath: //div[@class='productDetails slds-p-bottom_large']//div[contains(@class,'slds-p-bottom_medium')]]</small> </font> </div>
<div class="test-message">&emsp;Course Name : AirConditioningSystemsOperationandDamageAnalysis is displayed in the URL page</div>
<div class="test-message">&emsp;Successfully verified the course name for relevant link&emsp;<a href=".\ScreenShot\URL_TC001_2716909646222600.png" target="_blank" >[ScreenShot]</a></div>
<div class="test-message">&emsp;
</div>
<div class="test-message">&emsp;2. URL is : https://www.i-car.com/product/repair-efficiency-by-successful-damage-analysis</div>
<div class="test-event"> <font color="maroon"> <small> &emsp; &emsp;--- 04 May 22:49:33 193 - Page URL:: https://www.i-car.com/product/repair-efficiency-by-successful-damage-analysis</small> </font> </div>
<div class="test-event"> <font color="maroon"> <small> &emsp; &emsp;--- 04 May 22:49:33 193 - <b>0</b> - Page Load Wait: (Sync) - ICar.support.Utils.waitForPageLoad(Utils.java:109)</small> </font> </div>
<div class="test-message">&emsp;Successfully navigated to the :  https://www.i-car.com/product/repair-efficiency-by-successful-damage-analysis   Page&emsp;<a href=".\ScreenShot\URL_TC001_2716910806363100.png" target="_blank" >[ScreenShot]</a></div>
<div class="test-event"> <font color="maroon"> <small> &emsp; &emsp;--- 04 May 22:49:33 493 - Page URL:: https://www.i-car.com/product/repair-efficiency-by-successful-damage-analysis</small> </font> </div>
<div class="test-event"> <font color="maroon"> <small> &emsp; &emsp;--- 04 May 22:49:33 493 - <b>0</b> - Page Load Wait: (Sync) - ICar.support.Utils.waitForPageLoad(Utils.java:109)</small> </font> </div>
<div class="test-event"> <font color="maroon"> <small> &emsp; &emsp;--- 04 May 22:49:33 504 - Catched spinner load exception due to javascript error: {"status":32,"value":"An invalid or illegal selector was specified"}
  (Session info: chrome=124.0.6367.92)
Build info: version: '4.6.0', revision: '79f1c02ae20'
System info: os.name: 'Windows 10', os.arch: 'amd64', os.version: '10.0', java.version: '17.0.7'
Driver info: org.openqa.selenium.chrome.ChromeDriver
Command: [2cf28825ea7a8a419a5b05b8e5d35d84, findElement {using=css selector, value=div[class='slds-spinner slds-spinner_brand slds-spinner_small']>div:nth-child(2)r}]
Capabilities {acceptInsecureCerts: false, browserName: chrome, browserVersion: 124.0.6367.92, chrome: {chromedriverVersion: 124.0.6367.91 (51df0e5e17a8..., userDataDir: C:\Users\PRATHA~1.KUM\AppDa...}, fedcm:accounts: true, goog:chromeOptions: {debuggerAddress: localhost:49451}, networkConnectionEnabled: false, pageLoadStrategy: normal, platformName: WINDOWS, proxy: Proxy(), se:cdp: ws://localhost:49451/devtoo..., se:cdpVersion: 124.0.6367.92, setWindowRect: true, strictFileInteractability: false, timeouts: {implicit: 0, pageLoad: 300000, script: 30000}, unhandledPromptBehavior: dismiss and notify, webauthn:extension:credBlob: true, webauthn:extension:largeBlob: true, webauthn:extension:minPinLength: true, webauthn:extension:prf: true, webauthn:virtualAuthenticators: true}
Session ID: 2cf28825ea7a8a419a5b05b8e5d35d84</small> </font> </div>
<div class="test-event"> <font color="maroon"> <small> &emsp; &emsp;--- 04 May 22:49:33 504 - <b>0</b> - Spinner Load Wait: (Sync) - ICar.support.WaitUtils.waitForSpinner(WaitUtils.java:225)</small> </font> </div>
<div class="test-event"> <font color="maroon"> <small> &emsp; &emsp;--- 04 May 22:49:43 615 - Page URL:: https://www.i-car.com/product/repair-efficiency-by-successful-damage-analysis</small> </font> </div>
<div class="test-event"> <font color="maroon"> <small> &emsp; &emsp;--- 04 May 22:49:43 615 - <b>0</b> - Page Load Wait: (Sync) - ICar.support.Utils.waitForPageLoad(Utils.java:109)</small> </font> </div>
<div class="test-event"> <font color="maroon"> <small> &emsp; &emsp;--- 04 May 22:49:43 639 - Element is displayed:: [[ChromeDriver: chrome on WINDOWS (2cf28825ea7a8a419a5b05b8e5d35d84)] -> xpath: //a[contains(text(),'Back to Courses')]]</small> </font> </div>
<div class="test-event"> <font color="maroon"> <small> &emsp; &emsp;--- 04 May 22:49:50 695 - Catched spinner load exception due to javascript error: {"status":32,"value":"An invalid or illegal selector was specified"}
  (Session info: chrome=124.0.6367.92)
Build info: version: '4.6.0', revision: '79f1c02ae20'
System info: os.name: 'Windows 10', os.arch: 'amd64', os.version: '10.0', java.version: '17.0.7'
Driver info: org.openqa.selenium.chrome.ChromeDriver
Command: [2cf28825ea7a8a419a5b05b8e5d35d84, findElement {using=css selector, value=div[class='slds-spinner slds-spinner_brand slds-spinner_small']>div:nth-child(2)r}]
Capabilities {acceptInsecureCerts: false, browserName: chrome, browserVersion: 124.0.6367.92, chrome: {chromedriverVersion: 124.0.6367.91 (51df0e5e17a8..., userDataDir: C:\Users\PRATHA~1.KUM\AppDa...}, fedcm:accounts: true, goog:chromeOptions: {debuggerAddress: localhost:49451}, networkConnectionEnabled: false, pageLoadStrategy: normal, platformName: WINDOWS, proxy: Proxy(), se:cdp: ws://localhost:49451/devtoo..., se:cdpVersion: 124.0.6367.92, setWindowRect: true, strictFileInteractability: false, timeouts: {implicit: 0, pageLoad: 300000, script: 30000}, unhandledPromptBehavior: dismiss and notify, webauthn:extension:credBlob: true, webauthn:extension:largeBlob: true, webauthn:extension:minPinLength: true, webauthn:extension:prf: true, webauthn:virtualAuthenticators: true}
Session ID: 2cf28825ea7a8a419a5b05b8e5d35d84</small> </font> </div>
<div class="test-event"> <font color="maroon"> <small> &emsp; &emsp;--- 04 May 22:49:50 695 - <b>0</b> - Spinner Load Wait: (Sync) - ICar.support.WaitUtils.waitForSpinner(WaitUtils.java:225)</small> </font> </div>
<div class="test-message">&emsp;Back To Courses is displayed in the page </div>
<div class="test-message">&emsp;Successfully verified Back To Course Link&emsp;<a href=".\ScreenShot\URL_TC001_2716928328702300.png" target="_blank" >[ScreenShot]</a></div>
<div class="test-event"> <font color="maroon"> <small> &emsp; &emsp;--- 04 May 22:49:50 933 - Catched spinner load exception due to javascript error: {"status":32,"value":"An invalid or illegal selector was specified"}
  (Session info: chrome=124.0.6367.92)
Build info: version: '4.6.0', revision: '79f1c02ae20'
System info: os.name: 'Windows 10', os.arch: 'amd64', os.version: '10.0', java.version: '17.0.7'
Driver info: org.openqa.selenium.chrome.ChromeDriver
Command: [2cf28825ea7a8a419a5b05b8e5d35d84, findElement {using=css selector, value=div[class='slds-spinner slds-spinner_brand slds-spinner_small']>div:nth-child(2)r}]
Capabilities {acceptInsecureCerts: false, browserName: chrome, browserVersion: 124.0.6367.92, chrome: {chromedriverVersion: 124.0.6367.91 (51df0e5e17a8..., userDataDir: C:\Users\PRATHA~1.KUM\AppDa...}, fedcm:accounts: true, goog:chromeOptions: {debuggerAddress: localhost:49451}, networkConnectionEnabled: false, pageLoadStrategy: normal, platformName: WINDOWS, proxy: Proxy(), se:cdp: ws://localhost:49451/devtoo..., se:cdpVersion: 124.0.6367.92, setWindowRect: true, strictFileInteractability: false, timeouts: {implicit: 0, pageLoad: 300000, script: 30000}, unhandledPromptBehavior: dismiss and notify, webauthn:extension:credBlob: true, webauthn:extension:largeBlob: true, webauthn:extension:minPinLength: true, webauthn:extension:prf: true, webauthn:virtualAuthenticators: true}
Session ID: 2cf28825ea7a8a419a5b05b8e5d35d84</small> </font> </div>
<div class="test-event"> <font color="maroon"> <small> &emsp; &emsp;--- 04 May 22:49:50 934 - <b>0</b> - Spinner Load Wait: (Sync) - ICar.support.WaitUtils.waitForSpinner(WaitUtils.java:225)</small> </font> </div>
<div class="test-event"> <font color="maroon"> <small> &emsp; &emsp;--- 04 May 22:49:51 020 - Page URL:: https://www.i-car.com/product/repair-efficiency-by-successful-damage-analysis</small> </font> </div>
<div class="test-event"> <font color="maroon"> <small> &emsp; &emsp;--- 04 May 22:49:51 020 - <b>0</b> - Page Load Wait: (Sync) - ICar.support.Utils.waitForPageLoad(Utils.java:109)</small> </font> </div>
<div class="test-event"> <font color="maroon"> <small> &emsp; &emsp;--- 04 May 22:50:01 089 - Element is displayed:: [[ChromeDriver: chrome on WINDOWS (2cf28825ea7a8a419a5b05b8e5d35d84)] -> xpath: //div[@class='productDetails slds-p-bottom_large']//div[contains(@class,'slds-p-bottom_medium')]]</small> </font> </div>
<div class="test-message">&emsp;Course Name : RepairEfficiencybySuccessfulDamageAnalysis is displayed in the URL page</div>
<div class="test-message">&emsp;Successfully verified the course name for relevant link&emsp;<a href=".\ScreenShot\URL_TC001_2716946730343100.png" target="_blank" >[ScreenShot]</a></div>
<div class="test-message">&emsp;
</div>
<div class="test-message">&emsp;3. URL is : https://www.i-car.com/product/convenience-systems-operation-and-service</div>
<div class="test-event"> <font color="maroon"> <small> &emsp; &emsp;--- 04 May 22:50:10 604 - Page URL:: https://www.i-car.com/product/convenience-systems-operation-and-service</small> </font> </div>
<div class="test-event"> <font color="maroon"> <small> &emsp; &emsp;--- 04 May 22:50:10 604 - <b>0</b> - Page Load Wait: (Sync) - ICar.support.Utils.waitForPageLoad(Utils.java:109)</small> </font> </div>
<div class="test-message">&emsp;Successfully navigated to the :  https://www.i-car.com/product/convenience-systems-operation-and-service   Page&emsp;<a href=".\ScreenShot\URL_TC001_2716948218221100.png" target="_blank" >[ScreenShot]</a></div>
<div class="test-event"> <font color="maroon"> <small> &emsp; &emsp;--- 04 May 22:50:10 966 - Page URL:: https://www.i-car.com/product/convenience-systems-operation-and-service</small> </font> </div>
<div class="test-event"> <font color="maroon"> <small> &emsp; &emsp;--- 04 May 22:50:10 967 - <b>0</b> - Page Load Wait: (Sync) - ICar.support.Utils.waitForPageLoad(Utils.java:109)</small> </font> </div>
<div class="test-event"> <font color="maroon"> <small> &emsp; &emsp;--- 04 May 22:50:10 977 - Catched spinner load exception due to javascript error: {"status":32,"value":"An invalid or illegal selector was specified"}
  (Session info: chrome=124.0.6367.92)
Build info: version: '4.6.0', revision: '79f1c02ae20'
System info: os.name: 'Windows 10', os.arch: 'amd64', os.version: '10.0', java.version: '17.0.7'
Driver info: org.openqa.selenium.chrome.ChromeDriver
Command: [2cf28825ea7a8a419a5b05b8e5d35d84, findElement {using=css selector, value=div[class='slds-spinner slds-spinner_brand slds-spinner_small']>div:nth-child(2)r}]
Capabilities {acceptInsecureCerts: false, browserName: chrome, browserVersion: 124.0.6367.92, chrome: {chromedriverVersion: 124.0.6367.91 (51df0e5e17a8..., userDataDir: C:\Users\PRATHA~1.KUM\AppDa...}, fedcm:accounts: true, goog:chromeOptions: {debuggerAddress: localhost:49451}, networkConnectionEnabled: false, pageLoadStrategy: normal, platformName: WINDOWS, proxy: Proxy(), se:cdp: ws://localhost:49451/devtoo..., se:cdpVersion: 124.0.6367.92, setWindowRect: true, strictFileInteractability: false, timeouts: {implicit: 0, pageLoad: 300000, script: 30000}, unhandledPromptBehavior: dismiss and notify, webauthn:extension:credBlob: true, webauthn:extension:largeBlob: true, webauthn:extension:minPinLength: true, webauthn:extension:prf: true, webauthn:virtualAuthenticators: true}
Session ID: 2cf28825ea7a8a419a5b05b8e5d35d84</small> </font> </div>
<div class="test-event"> <font color="maroon"> <small> &emsp; &emsp;--- 04 May 22:50:10 978 - <b>0</b> - Spinner Load Wait: (Sync) - ICar.support.WaitUtils.waitForSpinner(WaitUtils.java:225)</small> </font> </div>
<div class="test-event"> <font color="maroon"> <small> &emsp; &emsp;--- 04 May 22:50:21 074 - Page URL:: https://www.i-car.com/product/convenience-systems-operation-and-service</small> </font> </div>
<div class="test-event"> <font color="maroon"> <small> &emsp; &emsp;--- 04 May 22:50:21 074 - <b>0</b> - Page Load Wait: (Sync) - ICar.support.Utils.waitForPageLoad(Utils.java:109)</small> </font> </div>
<div class="test-event"> <font color="maroon"> <small> &emsp; &emsp;--- 04 May 22:50:21 099 - Element is displayed:: [[ChromeDriver: chrome on WINDOWS (2cf28825ea7a8a419a5b05b8e5d35d84)] -> xpath: //a[contains(text(),'Back to Courses')]]</small> </font> </div>
<div class="test-event"> <font color="maroon"> <small> &emsp; &emsp;--- 04 May 22:50:28 141 - Catched spinner load exception due to javascript error: {"status":32,"value":"An invalid or illegal selector was specified"}
  (Session info: chrome=124.0.6367.92)
Build info: version: '4.6.0', revision: '79f1c02ae20'
System info: os.name: 'Windows 10', os.arch: 'amd64', os.version: '10.0', java.version: '17.0.7'
Driver info: org.openqa.selenium.chrome.ChromeDriver
Command: [2cf28825ea7a8a419a5b05b8e5d35d84, findElement {using=css selector, value=div[class='slds-spinner slds-spinner_brand slds-spinner_small']>div:nth-child(2)r}]
Capabilities {acceptInsecureCerts: false, browserName: chrome, browserVersion: 124.0.6367.92, chrome: {chromedriverVersion: 124.0.6367.91 (51df0e5e17a8..., userDataDir: C:\Users\PRATHA~1.KUM\AppDa...}, fedcm:accounts: true, goog:chromeOptions: {debuggerAddress: localhost:49451}, networkConnectionEnabled: false, pageLoadStrategy: normal, platformName: WINDOWS, proxy: Proxy(), se:cdp: ws://localhost:49451/devtoo..., se:cdpVersion: 124.0.6367.92, setWindowRect: true, strictFileInteractability: false, timeouts: {implicit: 0, pageLoad: 300000, script: 30000}, unhandledPromptBehavior: dismiss and notify, webauthn:extension:credBlob: true, webauthn:extension:largeBlob: true, webauthn:extension:minPinLength: true, webauthn:extension:prf: true, webauthn:virtualAuthenticators: true}
Session ID: 2cf28825ea7a8a419a5b05b8e5d35d84</small> </font> </div>
<div class="test-event"> <font color="maroon"> <small> &emsp; &emsp;--- 04 May 22:50:28 141 - <b>0</b> - Spinner Load Wait: (Sync) - ICar.support.WaitUtils.waitForSpinner(WaitUtils.java:225)</small> </font> </div>
<div class="test-message">&emsp;Back To Courses is displayed in the page </div>
<div class="test-message">&emsp;Successfully verified Back To Course Link&emsp;<a href=".\ScreenShot\URL_TC001_2716965767446100.png" target="_blank" >[ScreenShot]</a></div>
<div class="test-event"> <font color="maroon"> <small> &emsp; &emsp;--- 04 May 22:50:28 392 - Catched spinner load exception due to javascript error: {"status":32,"value":"An invalid or illegal selector was specified"}
  (Session info: chrome=124.0.6367.92)
Build info: version: '4.6.0', revision: '79f1c02ae20'
System info: os.name: 'Windows 10', os.arch: 'amd64', os.version: '10.0', java.version: '17.0.7'
Driver info: org.openqa.selenium.chrome.ChromeDriver
Command: [2cf28825ea7a8a419a5b05b8e5d35d84, findElement {using=css selector, value=div[class='slds-spinner slds-spinner_brand slds-spinner_small']>div:nth-child(2)r}]
Capabilities {acceptInsecureCerts: false, browserName: chrome, browserVersion: 124.0.6367.92, chrome: {chromedriverVersion: 124.0.6367.91 (51df0e5e17a8..., userDataDir: C:\Users\PRATHA~1.KUM\AppDa...}, fedcm:accounts: true, goog:chromeOptions: {debuggerAddress: localhost:49451}, networkConnectionEnabled: false, pageLoadStrategy: normal, platformName: WINDOWS, proxy: Proxy(), se:cdp: ws://localhost:49451/devtoo..., se:cdpVersion: 124.0.6367.92, setWindowRect: true, strictFileInteractability: false, timeouts: {implicit: 0, pageLoad: 300000, script: 30000}, unhandledPromptBehavior: dismiss and notify, webauthn:extension:credBlob: true, webauthn:extension:largeBlob: true, webauthn:extension:minPinLength: true, webauthn:extension:prf: true, webauthn:virtualAuthenticators: true}
Session ID: 2cf28825ea7a8a419a5b05b8e5d35d84</small> </font> </div>
<div class="test-event"> <font color="maroon"> <small> &emsp; &emsp;--- 04 May 22:50:28 392 - <b>0</b> - Spinner Load Wait: (Sync) - ICar.support.WaitUtils.waitForSpinner(WaitUtils.java:225)</small> </font> </div>
<div class="test-event"> <font color="maroon"> <small> &emsp; &emsp;--- 04 May 22:50:28 487 - Page URL:: https://www.i-car.com/product/convenience-systems-operation-and-service</small> </font> </div>
<div class="test-event"> <font color="maroon"> <small> &emsp; &emsp;--- 04 May 22:50:28 487 - <b>0</b> - Page Load Wait: (Sync) - ICar.support.Utils.waitForPageLoad(Utils.java:109)</small> </font> </div>
<div class="test-event"> <font color="maroon"> <small> &emsp; &emsp;--- 04 May 22:50:38 541 - Element is displayed:: [[ChromeDriver: chrome on WINDOWS (2cf28825ea7a8a419a5b05b8e5d35d84)] -> xpath: //div[@class='productDetails slds-p-bottom_large']//div[contains(@class,'slds-p-bottom_medium')]]</small> </font> </div>
<div class="test-message">&emsp;Course Name : ConvenienceSystemsOperationandService is displayed in the URL page</div>
<div class="test-message">&emsp;Successfully verified the course name for relevant link&emsp;<a href=".\ScreenShot\URL_TC001_2716984181371700.png" target="_blank" >[ScreenShot]</a></div>
<div class="test-message">&emsp;
</div>
<div class="test-message">&emsp;4. URL is : https://www.i-car.com/product/fullframe-measuring-anchoring-and-pulling</div>
<div class="test-event"> <font color="maroon"> <small> &emsp; &emsp;--- 04 May 22:50:47 751 - Page URL:: https://www.i-car.com/product/fullframe-measuring-anchoring-and-pulling</small> </font> </div>
<div class="test-event"> <font color="maroon"> <small> &emsp; &emsp;--- 04 May 22:50:47 752 - <b>0</b> - Page Load Wait: (Sync) - ICar.support.Utils.waitForPageLoad(Utils.java:109)</small> </font> </div>
<div class="test-message">&emsp;Successfully navigated to the :  https://www.i-car.com/product/fullframe-measuring-anchoring-and-pulling   Page&emsp;<a href=".\ScreenShot\URL_TC001_2716985365720200.png" target="_blank" >[ScreenShot]</a></div>
<div class="test-event"> <font color="maroon"> <small> &emsp; &emsp;--- 04 May 22:50:48 033 - Page URL:: https://www.i-car.com/product/fullframe-measuring-anchoring-and-pulling</small> </font> </div>
<div class="test-event"> <font color="maroon"> <small> &emsp; &emsp;--- 04 May 22:50:48 034 - <b>0</b> - Page Load Wait: (Sync) - ICar.support.Utils.waitForPageLoad(Utils.java:109)</small> </font> </div>
<div class="test-event"> <font color="maroon"> <small> &emsp; &emsp;--- 04 May 22:50:48 043 - Catched spinner load exception due to javascript error: {"status":32,"value":"An invalid or illegal selector was specified"}
  (Session info: chrome=124.0.6367.92)
Build info: version: '4.6.0', revision: '79f1c02ae20'
System info: os.name: 'Windows 10', os.arch: 'amd64', os.version: '10.0', java.version: '17.0.7'
Driver info: org.openqa.selenium.chrome.ChromeDriver
Command: [2cf28825ea7a8a419a5b05b8e5d35d84, findElement {using=css selector, value=div[class='slds-spinner slds-spinner_brand slds-spinner_small']>div:nth-child(2)r}]
Capabilities {acceptInsecureCerts: false, browserName: chrome, browserVersion: 124.0.6367.92, chrome: {chromedriverVersion: 124.0.6367.91 (51df0e5e17a8..., userDataDir: C:\Users\PRATHA~1.KUM\AppDa...}, fedcm:accounts: true, goog:chromeOptions: {debuggerAddress: localhost:49451}, networkConnectionEnabled: false, pageLoadStrategy: normal, platformName: WINDOWS, proxy: Proxy(), se:cdp: ws://localhost:49451/devtoo..., se:cdpVersion: 124.0.6367.92, setWindowRect: true, strictFileInteractability: false, timeouts: {implicit: 0, pageLoad: 300000, script: 30000}, unhandledPromptBehavior: dismiss and notify, webauthn:extension:credBlob: true, webauthn:extension:largeBlob: true, webauthn:extension:minPinLength: true, webauthn:extension:prf: true, webauthn:virtualAuthenticators: true}
Session ID: 2cf28825ea7a8a419a5b05b8e5d35d84</small> </font> </div>
<div class="test-event"> <font color="maroon"> <small> &emsp; &emsp;--- 04 May 22:50:48 043 - <b>0</b> - Spinner Load Wait: (Sync) - ICar.support.WaitUtils.waitForSpinner(WaitUtils.java:225)</small> </font> </div>
<div class="test-event"> <font color="maroon"> <small> &emsp; &emsp;--- 04 May 22:50:58 149 - Page URL:: https://www.i-car.com/product/fullframe-measuring-anchoring-and-pulling</small> </font> </div>
<div class="test-event"> <font color="maroon"> <small> &emsp; &emsp;--- 04 May 22:50:58 149 - <b>0</b> - Page Load Wait: (Sync) - ICar.support.Utils.waitForPageLoad(Utils.java:109)</small> </font> </div>
<div class="test-event"> <font color="maroon"> <small> &emsp; &emsp;--- 04 May 22:50:58 174 - Element is displayed:: [[ChromeDriver: chrome on WINDOWS (2cf28825ea7a8a419a5b05b8e5d35d84)] -> xpath: //a[contains(text(),'Back to Courses')]]</small> </font> </div>
<div class="test-event"> <font color="maroon"> <small> &emsp; &emsp;--- 04 May 22:51:05 207 - Catched spinner load exception due to javascript error: {"status":32,"value":"An invalid or illegal selector was specified"}
  (Session info: chrome=124.0.6367.92)
Build info: version: '4.6.0', revision: '79f1c02ae20'
System info: os.name: 'Windows 10', os.arch: 'amd64', os.version: '10.0', java.version: '17.0.7'
Driver info: org.openqa.selenium.chrome.ChromeDriver
Command: [2cf28825ea7a8a419a5b05b8e5d35d84, findElement {using=css selector, value=div[class='slds-spinner slds-spinner_brand slds-spinner_small']>div:nth-child(2)r}]
Capabilities {acceptInsecureCerts: false, browserName: chrome, browserVersion: 124.0.6367.92, chrome: {chromedriverVersion: 124.0.6367.91 (51df0e5e17a8..., userDataDir: C:\Users\PRATHA~1.KUM\AppDa...}, fedcm:accounts: true, goog:chromeOptions: {debuggerAddress: localhost:49451}, networkConnectionEnabled: false, pageLoadStrategy: normal, platformName: WINDOWS, proxy: Proxy(), se:cdp: ws://localhost:49451/devtoo..., se:cdpVersion: 124.0.6367.92, setWindowRect: true, strictFileInteractability: false, timeouts: {implicit: 0, pageLoad: 300000, script: 30000}, unhandledPromptBehavior: dismiss and notify, webauthn:extension:credBlob: true, webauthn:extension:largeBlob: true, webauthn:extension:minPinLength: true, webauthn:extension:prf: true, webauthn:virtualAuthenticators: true}
Session ID: 2cf28825ea7a8a419a5b05b8e5d35d84</small> </font> </div>
<div class="test-event"> <font color="maroon"> <small> &emsp; &emsp;--- 04 May 22:51:05 207 - <b>0</b> - Spinner Load Wait: (Sync) - ICar.support.WaitUtils.waitForSpinner(WaitUtils.java:225)</small> </font> </div>
<div class="test-message">&emsp;Back To Courses is displayed in the page </div>
<div class="test-message">&emsp;Successfully verified Back To Course Link&emsp;<a href=".\ScreenShot\URL_TC001_2717002833476100.png" target="_blank" >[ScreenShot]</a></div>
<div class="test-event"> <font color="maroon"> <small> &emsp; &emsp;--- 04 May 22:51:05 450 - Catched spinner load exception due to javascript error: {"status":32,"value":"An invalid or illegal selector was specified"}
  (Session info: chrome=124.0.6367.92)
Build info: version: '4.6.0', revision: '79f1c02ae20'
System info: os.name: 'Windows 10', os.arch: 'amd64', os.version: '10.0', java.version: '17.0.7'
Driver info: org.openqa.selenium.chrome.ChromeDriver
Command: [2cf28825ea7a8a419a5b05b8e5d35d84, findElement {using=css selector, value=div[class='slds-spinner slds-spinner_brand slds-spinner_small']>div:nth-child(2)r}]
Capabilities {acceptInsecureCerts: false, browserName: chrome, browserVersion: 124.0.6367.92, chrome: {chromedriverVersion: 124.0.6367.91 (51df0e5e17a8..., userDataDir: C:\Users\PRATHA~1.KUM\AppDa...}, fedcm:accounts: true, goog:chromeOptions: {debuggerAddress: localhost:49451}, networkConnectionEnabled: false, pageLoadStrategy: normal, platformName: WINDOWS, proxy: Proxy(), se:cdp: ws://localhost:49451/devtoo..., se:cdpVersion: 124.0.6367.92, setWindowRect: true, strictFileInteractability: false, timeouts: {implicit: 0, pageLoad: 300000, script: 30000}, unhandledPromptBehavior: dismiss and notify, webauthn:extension:credBlob: true, webauthn:extension:largeBlob: true, webauthn:extension:minPinLength: true, webauthn:extension:prf: true, webauthn:virtualAuthenticators: true}
Session ID: 2cf28825ea7a8a419a5b05b8e5d35d84</small> </font> </div>
<div class="test-event"> <font color="maroon"> <small> &emsp; &emsp;--- 04 May 22:51:05 450 - <b>0</b> - Spinner Load Wait: (Sync) - ICar.support.WaitUtils.waitForSpinner(WaitUtils.java:225)</small> </font> </div>
<div class="test-event"> <font color="maroon"> <small> &emsp; &emsp;--- 04 May 22:51:05 529 - Page URL:: https://www.i-car.com/product/fullframe-measuring-anchoring-and-pulling</small> </font> </div>
<div class="test-event"> <font color="maroon"> <small> &emsp; &emsp;--- 04 May 22:51:05 529 - <b>0</b> - Page Load Wait: (Sync) - ICar.support.Utils.waitForPageLoad(Utils.java:109)</small> </font> </div>
<div class="test-event"> <font color="maroon"> <small> &emsp; &emsp;--- 04 May 22:51:15 592 - Element is displayed:: [[ChromeDriver: chrome on WINDOWS (2cf28825ea7a8a419a5b05b8e5d35d84)] -> xpath: //div[@class='productDetails slds-p-bottom_large']//div[contains(@class,'slds-p-bottom_medium')]]</small> </font> </div>
<div class="test-message">&emsp;Course Name : FullFrameMeasuringAnchoringandPulling is displayed in the URL page</div>
<div class="test-message">&emsp;Successfully verified the course name for relevant link&emsp;<a href=".\ScreenShot\URL_TC001_2717021237642800.png" target="_blank" >[ScreenShot]</a></div>
<div class="test-message">&emsp;
</div>
<div class="test-message">&emsp;5. URL is : https://www.i-car.com/product/fca-2018-jeep-wrangler-jl</div>
<div class="test-event"> <font color="maroon"> <small> &emsp; &emsp;--- 04 May 22:51:25 185 - Page URL:: https://www.i-car.com/product/fca-2018-jeep-wrangler-jl</small> </font> </div>
<div class="test-event"> <font color="maroon"> <small> &emsp; &emsp;--- 04 May 22:51:25 185 - <b>0</b> - Page Load Wait: (Sync) - ICar.support.Utils.waitForPageLoad(Utils.java:109)</small> </font> </div>
<div class="test-message">&emsp;Successfully navigated to the :  https://www.i-car.com/product/fca-2018-jeep-wrangler-jl   Page&emsp;<a href=".\ScreenShot\URL_TC001_2717022798560800.png" target="_blank" >[ScreenShot]</a></div>
<div class="test-event"> <font color="maroon"> <small> &emsp; &emsp;--- 04 May 22:51:25 502 - Page URL:: https://www.i-car.com/product/fca-2018-jeep-wrangler-jl</small> </font> </div>
<div class="test-event"> <font color="maroon"> <small> &emsp; &emsp;--- 04 May 22:51:25 502 - <b>0</b> - Page Load Wait: (Sync) - ICar.support.Utils.waitForPageLoad(Utils.java:109)</small> </font> </div>
<div class="test-event"> <font color="maroon"> <small> &emsp; &emsp;--- 04 May 22:51:25 510 - Catched spinner load exception due to javascript error: {"status":32,"value":"An invalid or illegal selector was specified"}
  (Session info: chrome=124.0.6367.92)
Build info: version: '4.6.0', revision: '79f1c02ae20'
System info: os.name: 'Windows 10', os.arch: 'amd64', os.version: '10.0', java.version: '17.0.7'
Driver info: org.openqa.selenium.chrome.ChromeDriver
Command: [2cf28825ea7a8a419a5b05b8e5d35d84, findElement {using=css selector, value=div[class='slds-spinner slds-spinner_brand slds-spinner_small']>div:nth-child(2)r}]
Capabilities {acceptInsecureCerts: false, browserName: chrome, browserVersion: 124.0.6367.92, chrome: {chromedriverVersion: 124.0.6367.91 (51df0e5e17a8..., userDataDir: C:\Users\PRATHA~1.KUM\AppDa...}, fedcm:accounts: true, goog:chromeOptions: {debuggerAddress: localhost:49451}, networkConnectionEnabled: false, pageLoadStrategy: normal, platformName: WINDOWS, proxy: Proxy(), se:cdp: ws://localhost:49451/devtoo..., se:cdpVersion: 124.0.6367.92, setWindowRect: true, strictFileInteractability: false, timeouts: {implicit: 0, pageLoad: 300000, script: 30000}, unhandledPromptBehavior: dismiss and notify, webauthn:extension:credBlob: true, webauthn:extension:largeBlob: true, webauthn:extension:minPinLength: true, webauthn:extension:prf: true, webauthn:virtualAuthenticators: true}
Session ID: 2cf28825ea7a8a419a5b05b8e5d35d84</small> </font> </div>
<div class="test-event"> <font color="maroon"> <small> &emsp; &emsp;--- 04 May 22:51:25 510 - <b>0</b> - Spinner Load Wait: (Sync) - ICar.support.WaitUtils.waitForSpinner(WaitUtils.java:225)</small> </font> </div>
<div class="test-event"> <font color="maroon"> <small> &emsp; &emsp;--- 04 May 22:51:35 639 - Page URL:: https://www.i-car.com/product/fca-2018-jeep-wrangler-jl</small> </font> </div>
<div class="test-event"> <font color="maroon"> <small> &emsp; &emsp;--- 04 May 22:51:35 639 - <b>0</b> - Page Load Wait: (Sync) - ICar.support.Utils.waitForPageLoad(Utils.java:109)</small> </font> </div>
<div class="test-event"> <font color="maroon"> <small> &emsp; &emsp;--- 04 May 22:51:35 659 - Element is displayed:: [[ChromeDriver: chrome on WINDOWS (2cf28825ea7a8a419a5b05b8e5d35d84)] -> xpath: //a[contains(text(),'Back to Courses')]]</small> </font> </div>
<div class="test-event"> <font color="maroon"> <small> &emsp; &emsp;--- 04 May 22:51:42 717 - Catched spinner load exception due to javascript error: {"status":32,"value":"An invalid or illegal selector was specified"}
  (Session info: chrome=124.0.6367.92)
Build info: version: '4.6.0', revision: '79f1c02ae20'
System info: os.name: 'Windows 10', os.arch: 'amd64', os.version: '10.0', java.version: '17.0.7'
Driver info: org.openqa.selenium.chrome.ChromeDriver
Command: [2cf28825ea7a8a419a5b05b8e5d35d84, findElement {using=css selector, value=div[class='slds-spinner slds-spinner_brand slds-spinner_small']>div:nth-child(2)r}]
Capabilities {acceptInsecureCerts: false, browserName: chrome, browserVersion: 124.0.6367.92, chrome: {chromedriverVersion: 124.0.6367.91 (51df0e5e17a8..., userDataDir: C:\Users\PRATHA~1.KUM\AppDa...}, fedcm:accounts: true, goog:chromeOptions: {debuggerAddress: localhost:49451}, networkConnectionEnabled: false, pageLoadStrategy: normal, platformName: WINDOWS, proxy: Proxy(), se:cdp: ws://localhost:49451/devtoo..., se:cdpVersion: 124.0.6367.92, setWindowRect: true, strictFileInteractability: false, timeouts: {implicit: 0, pageLoad: 300000, script: 30000}, unhandledPromptBehavior: dismiss and notify, webauthn:extension:credBlob: true, webauthn:extension:largeBlob: true, webauthn:extension:minPinLength: true, webauthn:extension:prf: true, webauthn:virtualAuthenticators: true}
Session ID: 2cf28825ea7a8a419a5b05b8e5d35d84</small> </font> </div>
<div class="test-event"> <font color="maroon"> <small> &emsp; &emsp;--- 04 May 22:51:42 718 - <b>0</b> - Spinner Load Wait: (Sync) - ICar.support.WaitUtils.waitForSpinner(WaitUtils.java:225)</small> </font> </div>
<div class="test-message">&emsp;Back To Courses is displayed in the page </div>
<div class="test-message">&emsp;Successfully verified Back To Course Link&emsp;<a href=".\ScreenShot\URL_TC001_2717040348865000.png" target="_blank" >[ScreenShot]</a></div>
<div class="test-event"> <font color="maroon"> <small> &emsp; &emsp;--- 04 May 22:51:42 980 - Catched spinner load exception due to javascript error: {"status":32,"value":"An invalid or illegal selector was specified"}
  (Session info: chrome=124.0.6367.92)
Build info: version: '4.6.0', revision: '79f1c02ae20'
System info: os.name: 'Windows 10', os.arch: 'amd64', os.version: '10.0', java.version: '17.0.7'
Driver info: org.openqa.selenium.chrome.ChromeDriver
Command: [2cf28825ea7a8a419a5b05b8e5d35d84, findElement {using=css selector, value=div[class='slds-spinner slds-spinner_brand slds-spinner_small']>div:nth-child(2)r}]
Capabilities {acceptInsecureCerts: false, browserName: chrome, browserVersion: 124.0.6367.92, chrome: {chromedriverVersion: 124.0.6367.91 (51df0e5e17a8..., userDataDir: C:\Users\PRATHA~1.KUM\AppDa...}, fedcm:accounts: true, goog:chromeOptions: {debuggerAddress: localhost:49451}, networkConnectionEnabled: false, pageLoadStrategy: normal, platformName: WINDOWS, proxy: Proxy(), se:cdp: ws://localhost:49451/devtoo..., se:cdpVersion: 124.0.6367.92, setWindowRect: true, strictFileInteractability: false, timeouts: {implicit: 0, pageLoad: 300000, script: 30000}, unhandledPromptBehavior: dismiss and notify, webauthn:extension:credBlob: true, webauthn:extension:largeBlob: true, webauthn:extension:minPinLength: true, webauthn:extension:prf: true, webauthn:virtualAuthenticators: true}
Session ID: 2cf28825ea7a8a419a5b05b8e5d35d84</small> </font> </div>
<div class="test-event"> <font color="maroon"> <small> &emsp; &emsp;--- 04 May 22:51:42 980 - <b>0</b> - Spinner Load Wait: (Sync) - ICar.support.WaitUtils.waitForSpinner(WaitUtils.java:225)</small> </font> </div>
<div class="test-event"> <font color="maroon"> <small> &emsp; &emsp;--- 04 May 22:51:43 061 - Page URL:: https://www.i-car.com/product/fca-2018-jeep-wrangler-jl</small> </font> </div>
<div class="test-event"> <font color="maroon"> <small> &emsp; &emsp;--- 04 May 22:51:43 062 - <b>0</b> - Page Load Wait: (Sync) - ICar.support.Utils.waitForPageLoad(Utils.java:109)</small> </font> </div>
<div class="test-event"> <font color="maroon"> <small> &emsp; &emsp;--- 04 May 22:51:53 131 - Element is displayed:: [[ChromeDriver: chrome on WINDOWS (2cf28825ea7a8a419a5b05b8e5d35d84)] -> xpath: //div[@class='productDetails slds-p-bottom_large']//div[contains(@class,'slds-p-bottom_medium')]]</small> </font> </div>
<div class="test-message">&emsp;Course Name : FCA2018JeepWranglerJL is displayed in the URL page</div>
<div class="test-message">&emsp;Successfully verified the course name for relevant link&emsp;<a href=".\ScreenShot\URL_TC001_2717058773267300.png" target="_blank" >[ScreenShot]</a></div>
<div class="test-message">&emsp;
</div>
<div class="test-message">&emsp;6. URL is : https://www.i-car.com/product/gaining-access-for-repairs</div>
<div class="test-event"> <font color="maroon"> <small> &emsp; &emsp;--- 04 May 22:52:02 315 - Page URL:: https://www.i-car.com/product/gaining-access-for-repairs</small> </font> </div>
<div class="test-event"> <font color="maroon"> <small> &emsp; &emsp;--- 04 May 22:52:02 315 - <b>0</b> - Page Load Wait: (Sync) - ICar.support.Utils.waitForPageLoad(Utils.java:109)</small> </font> </div>
<div class="test-message">&emsp;Successfully navigated to the :  https://www.i-car.com/product/gaining-access-for-repairs   Page&emsp;<a href=".\ScreenShot\URL_TC001_2717059929191100.png" target="_blank" >[ScreenShot]</a></div>
<div class="test-event"> <font color="maroon"> <small> &emsp; &emsp;--- 04 May 22:52:02 583 - Page URL:: https://www.i-car.com/product/gaining-access-for-repairs</small> </font> </div>
<div class="test-event"> <font color="maroon"> <small> &emsp; &emsp;--- 04 May 22:52:02 584 - <b>0</b> - Page Load Wait: (Sync) - ICar.support.Utils.waitForPageLoad(Utils.java:109)</small> </font> </div>
<div class="test-event"> <font color="maroon"> <small> &emsp; &emsp;--- 04 May 22:52:02 592 - Catched spinner load exception due to javascript error: {"status":32,"value":"An invalid or illegal selector was specified"}
  (Session info: chrome=124.0.6367.92)
Build info: version: '4.6.0', revision: '79f1c02ae20'
System info: os.name: 'Windows 10', os.arch: 'amd64', os.version: '10.0', java.version: '17.0.7'
Driver info: org.openqa.selenium.chrome.ChromeDriver
Command: [2cf28825ea7a8a419a5b05b8e5d35d84, findElement {using=css selector, value=div[class='slds-spinner slds-spinner_brand slds-spinner_small']>div:nth-child(2)r}]
Capabilities {acceptInsecureCerts: false, browserName: chrome, browserVersion: 124.0.6367.92, chrome: {chromedriverVersion: 124.0.6367.91 (51df0e5e17a8..., userDataDir: C:\Users\PRATHA~1.KUM\AppDa...}, fedcm:accounts: true, goog:chromeOptions: {debuggerAddress: localhost:49451}, networkConnectionEnabled: false, pageLoadStrategy: normal, platformName: WINDOWS, proxy: Proxy(), se:cdp: ws://localhost:49451/devtoo..., se:cdpVersion: 124.0.6367.92, setWindowRect: true, strictFileInteractability: false, timeouts: {implicit: 0, pageLoad: 300000, script: 30000}, unhandledPromptBehavior: dismiss and notify, webauthn:extension:credBlob: true, webauthn:extension:largeBlob: true, webauthn:extension:minPinLength: true, webauthn:extension:prf: true, webauthn:virtualAuthenticators: true}
Session ID: 2cf28825ea7a8a419a5b05b8e5d35d84</small> </font> </div>
<div class="test-event"> <font color="maroon"> <small> &emsp; &emsp;--- 04 May 22:52:02 592 - <b>0</b> - Spinner Load Wait: (Sync) - ICar.support.WaitUtils.waitForSpinner(WaitUtils.java:225)</small> </font> </div>
<div class="test-event"> <font color="maroon"> <small> &emsp; &emsp;--- 04 May 22:52:12 694 - Page URL:: https://www.i-car.com/product/gaining-access-for-repairs</small> </font> </div>
<div class="test-event"> <font color="maroon"> <small> &emsp; &emsp;--- 04 May 22:52:12 694 - <b>0</b> - Page Load Wait: (Sync) - ICar.support.Utils.waitForPageLoad(Utils.java:109)</small> </font> </div>
<div class="test-event"> <font color="maroon"> <small> &emsp; &emsp;--- 04 May 22:52:12 715 - Element is displayed:: [[ChromeDriver: chrome on WINDOWS (2cf28825ea7a8a419a5b05b8e5d35d84)] -> xpath: //a[contains(text(),'Back to Courses')]]</small> </font> </div>
<div class="test-event"> <font color="maroon"> <small> &emsp; &emsp;--- 04 May 22:52:19 744 - Catched spinner load exception due to javascript error: {"status":32,"value":"An invalid or illegal selector was specified"}
  (Session info: chrome=124.0.6367.92)
Build info: version: '4.6.0', revision: '79f1c02ae20'
System info: os.name: 'Windows 10', os.arch: 'amd64', os.version: '10.0', java.version: '17.0.7'
Driver info: org.openqa.selenium.chrome.ChromeDriver
Command: [2cf28825ea7a8a419a5b05b8e5d35d84, findElement {using=css selector, value=div[class='slds-spinner slds-spinner_brand slds-spinner_small']>div:nth-child(2)r}]
Capabilities {acceptInsecureCerts: false, browserName: chrome, browserVersion: 124.0.6367.92, chrome: {chromedriverVersion: 124.0.6367.91 (51df0e5e17a8..., userDataDir: C:\Users\PRATHA~1.KUM\AppDa...}, fedcm:accounts: true, goog:chromeOptions: {debuggerAddress: localhost:49451}, networkConnectionEnabled: false, pageLoadStrategy: normal, platformName: WINDOWS, proxy: Proxy(), se:cdp: ws://localhost:49451/devtoo..., se:cdpVersion: 124.0.6367.92, setWindowRect: true, strictFileInteractability: false, timeouts: {implicit: 0, pageLoad: 300000, script: 30000}, unhandledPromptBehavior: dismiss and notify, webauthn:extension:credBlob: true, webauthn:extension:largeBlob: true, webauthn:extension:minPinLength: true, webauthn:extension:prf: true, webauthn:virtualAuthenticators: true}
Session ID: 2cf28825ea7a8a419a5b05b8e5d35d84</small> </font> </div>
<div class="test-event"> <font color="maroon"> <small> &emsp; &emsp;--- 04 May 22:52:19 744 - <b>0</b> - Spinner Load Wait: (Sync) - ICar.support.WaitUtils.waitForSpinner(WaitUtils.java:225)</small> </font> </div>
<div class="test-message">&emsp;Back To Courses is displayed in the page </div>
<div class="test-message">&emsp;Successfully verified Back To Course Link&emsp;<a href=".\ScreenShot\URL_TC001_2717077370446400.png" target="_blank" >[ScreenShot]</a></div>
<div class="test-event"> <font color="maroon"> <small> &emsp; &emsp;--- 04 May 22:52:19 971 - Catched spinner load exception due to javascript error: {"status":32,"value":"An invalid or illegal selector was specified"}
  (Session info: chrome=124.0.6367.92)
Build info: version: '4.6.0', revision: '79f1c02ae20'
System info: os.name: 'Windows 10', os.arch: 'amd64', os.version: '10.0', java.version: '17.0.7'
Driver info: org.openqa.selenium.chrome.ChromeDriver
Command: [2cf28825ea7a8a419a5b05b8e5d35d84, findElement {using=css selector, value=div[class='slds-spinner slds-spinner_brand slds-spinner_small']>div:nth-child(2)r}]
Capabilities {acceptInsecureCerts: false, browserName: chrome, browserVersion: 124.0.6367.92, chrome: {chromedriverVersion: 124.0.6367.91 (51df0e5e17a8..., userDataDir: C:\Users\PRATHA~1.KUM\AppDa...}, fedcm:accounts: true, goog:chromeOptions: {debuggerAddress: localhost:49451}, networkConnectionEnabled: false, pageLoadStrategy: normal, platformName: WINDOWS, proxy: Proxy(), se:cdp: ws://localhost:49451/devtoo..., se:cdpVersion: 124.0.6367.92, setWindowRect: true, strictFileInteractability: false, timeouts: {implicit: 0, pageLoad: 300000, script: 30000}, unhandledPromptBehavior: dismiss and notify, webauthn:extension:credBlob: true, webauthn:extension:largeBlob: true, webauthn:extension:minPinLength: true, webauthn:extension:prf: true, webauthn:virtualAuthenticators: true}
Session ID: 2cf28825ea7a8a419a5b05b8e5d35d84</small> </font> </div>
<div class="test-event"> <font color="maroon"> <small> &emsp; &emsp;--- 04 May 22:52:19 971 - <b>0</b> - Spinner Load Wait: (Sync) - ICar.support.WaitUtils.waitForSpinner(WaitUtils.java:225)</small> </font> </div>
<div class="test-event"> <font color="maroon"> <small> &emsp; &emsp;--- 04 May 22:52:20 056 - Page URL:: https://www.i-car.com/product/gaining-access-for-repairs</small> </font> </div>
<div class="test-event"> <font color="maroon"> <small> &emsp; &emsp;--- 04 May 22:52:20 056 - <b>0</b> - Page Load Wait: (Sync) - ICar.support.Utils.waitForPageLoad(Utils.java:109)</small> </font> </div>
<div class="test-event"> <font color="maroon"> <small> &emsp; &emsp;--- 04 May 22:52:30 118 - Element is displayed:: [[ChromeDriver: chrome on WINDOWS (2cf28825ea7a8a419a5b05b8e5d35d84)] -> xpath: //div[@class='productDetails slds-p-bottom_large']//div[contains(@class,'slds-p-bottom_medium')]]</small> </font> </div>
<div class="test-message">&emsp;Course Name : GainingAccessforRepairs is displayed in the URL page</div>
<div class="test-message">&emsp;Successfully verified the course name for relevant link&emsp;<a href=".\ScreenShot\URL_TC001_2717095763635800.png" target="_blank" >[ScreenShot]</a></div>
<div class="test-message">&emsp;
</div>
<div class="test-message">&emsp;7. URL is : https://www.i-car.com/product/bmw-collision-repair-overview</div>
<div class="test-event"> <font color="maroon"> <small> &emsp; &emsp;--- 04 May 22:52:39 475 - Page URL:: https://www.i-car.com/product/bmw-collision-repair-overview</small> </font> </div>
<div class="test-event"> <font color="maroon"> <small> &emsp; &emsp;--- 04 May 22:52:39 475 - <b>0</b> - Page Load Wait: (Sync) - ICar.support.Utils.waitForPageLoad(Utils.java:109)</small> </font> </div>
<div class="test-message">&emsp;Successfully navigated to the :  https://www.i-car.com/product/bmw-collision-repair-overview   Page&emsp;<a href=".\ScreenShot\URL_TC001_2717097089334100.png" target="_blank" >[ScreenShot]</a></div>
<div class="test-event"> <font color="maroon"> <small> &emsp; &emsp;--- 04 May 22:52:39 800 - Page URL:: https://www.i-car.com/product/bmw-collision-repair-overview</small> </font> </div>
<div class="test-event"> <font color="maroon"> <small> &emsp; &emsp;--- 04 May 22:52:39 800 - <b>0</b> - Page Load Wait: (Sync) - ICar.support.Utils.waitForPageLoad(Utils.java:109)</small> </font> </div>
<div class="test-event"> <font color="maroon"> <small> &emsp; &emsp;--- 04 May 22:52:39 810 - Catched spinner load exception due to javascript error: {"status":32,"value":"An invalid or illegal selector was specified"}
  (Session info: chrome=124.0.6367.92)
Build info: version: '4.6.0', revision: '79f1c02ae20'
System info: os.name: 'Windows 10', os.arch: 'amd64', os.version: '10.0', java.version: '17.0.7'
Driver info: org.openqa.selenium.chrome.ChromeDriver
Command: [2cf28825ea7a8a419a5b05b8e5d35d84, findElement {using=css selector, value=div[class='slds-spinner slds-spinner_brand slds-spinner_small']>div:nth-child(2)r}]
Capabilities {acceptInsecureCerts: false, browserName: chrome, browserVersion: 124.0.6367.92, chrome: {chromedriverVersion: 124.0.6367.91 (51df0e5e17a8..., userDataDir: C:\Users\PRATHA~1.KUM\AppDa...}, fedcm:accounts: true, goog:chromeOptions: {debuggerAddress: localhost:49451}, networkConnectionEnabled: false, pageLoadStrategy: normal, platformName: WINDOWS, proxy: Proxy(), se:cdp: ws://localhost:49451/devtoo..., se:cdpVersion: 124.0.6367.92, setWindowRect: true, strictFileInteractability: false, timeouts: {implicit: 0, pageLoad: 300000, script: 30000}, unhandledPromptBehavior: dismiss and notify, webauthn:extension:credBlob: true, webauthn:extension:largeBlob: true, webauthn:extension:minPinLength: true, webauthn:extension:prf: true, webauthn:virtualAuthenticators: true}
Session ID: 2cf28825ea7a8a419a5b05b8e5d35d84</small> </font> </div>
<div class="test-event"> <font color="maroon"> <small> &emsp; &emsp;--- 04 May 22:52:39 811 - <b>0</b> - Spinner Load Wait: (Sync) - ICar.support.WaitUtils.waitForSpinner(WaitUtils.java:225)</small> </font> </div>
<div class="test-event"> <font color="maroon"> <small> &emsp; &emsp;--- 04 May 22:52:49 930 - Page URL:: https://www.i-car.com/product/bmw-collision-repair-overview</small> </font> </div>
<div class="test-event"> <font color="maroon"> <small> &emsp; &emsp;--- 04 May 22:52:49 930 - <b>0</b> - Page Load Wait: (Sync) - ICar.support.Utils.waitForPageLoad(Utils.java:109)</small> </font> </div>
<div class="test-event"> <font color="maroon"> <small> &emsp; &emsp;--- 04 May 22:52:49 951 - Element is displayed:: [[ChromeDriver: chrome on WINDOWS (2cf28825ea7a8a419a5b05b8e5d35d84)] -> xpath: //a[contains(text(),'Back to Courses')]]</small> </font> </div>
<div class="test-event"> <font color="maroon"> <small> &emsp; &emsp;--- 04 May 22:52:56 989 - Catched spinner load exception due to javascript error: {"status":32,"value":"An invalid or illegal selector was specified"}
  (Session info: chrome=124.0.6367.92)
Build info: version: '4.6.0', revision: '79f1c02ae20'
System info: os.name: 'Windows 10', os.arch: 'amd64', os.version: '10.0', java.version: '17.0.7'
Driver info: org.openqa.selenium.chrome.ChromeDriver
Command: [2cf28825ea7a8a419a5b05b8e5d35d84, findElement {using=css selector, value=div[class='slds-spinner slds-spinner_brand slds-spinner_small']>div:nth-child(2)r}]
Capabilities {acceptInsecureCerts: false, browserName: chrome, browserVersion: 124.0.6367.92, chrome: {chromedriverVersion: 124.0.6367.91 (51df0e5e17a8..., userDataDir: C:\Users\PRATHA~1.KUM\AppDa...}, fedcm:accounts: true, goog:chromeOptions: {debuggerAddress: localhost:49451}, networkConnectionEnabled: false, pageLoadStrategy: normal, platformName: WINDOWS, proxy: Proxy(), se:cdp: ws://localhost:49451/devtoo..., se:cdpVersion: 124.0.6367.92, setWindowRect: true, strictFileInteractability: false, timeouts: {implicit: 0, pageLoad: 300000, script: 30000}, unhandledPromptBehavior: dismiss and notify, webauthn:extension:credBlob: true, webauthn:extension:largeBlob: true, webauthn:extension:minPinLength: true, webauthn:extension:prf: true, webauthn:virtualAuthenticators: true}
Session ID: 2cf28825ea7a8a419a5b05b8e5d35d84</small> </font> </div>
<div class="test-event"> <font color="maroon"> <small> &emsp; &emsp;--- 04 May 22:52:56 989 - <b>0</b> - Spinner Load Wait: (Sync) - ICar.support.WaitUtils.waitForSpinner(WaitUtils.java:225)</small> </font> </div>
<div class="test-message">&emsp;Back To Courses is displayed in the page </div>
<div class="test-message">&emsp;Successfully verified Back To Course Link&emsp;<a href=".\ScreenShot\URL_TC001_2717114614485100.png" target="_blank" >[ScreenShot]</a></div>
<div class="test-event"> <font color="maroon"> <small> &emsp; &emsp;--- 04 May 22:52:57 217 - Catched spinner load exception due to javascript error: {"status":32,"value":"An invalid or illegal selector was specified"}
  (Session info: chrome=124.0.6367.92)
Build info: version: '4.6.0', revision: '79f1c02ae20'
System info: os.name: 'Windows 10', os.arch: 'amd64', os.version: '10.0', java.version: '17.0.7'
Driver info: org.openqa.selenium.chrome.ChromeDriver
Command: [2cf28825ea7a8a419a5b05b8e5d35d84, findElement {using=css selector, value=div[class='slds-spinner slds-spinner_brand slds-spinner_small']>div:nth-child(2)r}]
Capabilities {acceptInsecureCerts: false, browserName: chrome, browserVersion: 124.0.6367.92, chrome: {chromedriverVersion: 124.0.6367.91 (51df0e5e17a8..., userDataDir: C:\Users\PRATHA~1.KUM\AppDa...}, fedcm:accounts: true, goog:chromeOptions: {debuggerAddress: localhost:49451}, networkConnectionEnabled: false, pageLoadStrategy: normal, platformName: WINDOWS, proxy: Proxy(), se:cdp: ws://localhost:49451/devtoo..., se:cdpVersion: 124.0.6367.92, setWindowRect: true, strictFileInteractability: false, timeouts: {implicit: 0, pageLoad: 300000, script: 30000}, unhandledPromptBehavior: dismiss and notify, webauthn:extension:credBlob: true, webauthn:extension:largeBlob: true, webauthn:extension:minPinLength: true, webauthn:extension:prf: true, webauthn:virtualAuthenticators: true}
Session ID: 2cf28825ea7a8a419a5b05b8e5d35d84</small> </font> </div>
<div class="test-event"> <font color="maroon"> <small> &emsp; &emsp;--- 04 May 22:52:57 217 - <b>0</b> - Spinner Load Wait: (Sync) - ICar.support.WaitUtils.waitForSpinner(WaitUtils.java:225)</small> </font> </div>
<div class="test-event"> <font color="maroon"> <small> &emsp; &emsp;--- 04 May 22:52:57 294 - Page URL:: https://www.i-car.com/product/bmw-collision-repair-overview</small> </font> </div>
<div class="test-event"> <font color="maroon"> <small> &emsp; &emsp;--- 04 May 22:52:57 294 - <b>0</b> - Page Load Wait: (Sync) - ICar.support.Utils.waitForPageLoad(Utils.java:109)</small> </font> </div>
<div class="test-event"> <font color="maroon"> <small> &emsp; &emsp;--- 04 May 22:53:07 351 - Element is displayed:: [[ChromeDriver: chrome on WINDOWS (2cf28825ea7a8a419a5b05b8e5d35d84)] -> xpath: //div[@class='productDetails slds-p-bottom_large']//div[contains(@class,'slds-p-bottom_medium')]]</small> </font> </div>
<div class="test-message">&emsp;Course Name : BMWCollisionRepairOverview is displayed in the URL page</div>
<div class="test-message">&emsp;Successfully verified the course name for relevant link&emsp;<a href=".\ScreenShot\URL_TC001_2717133000429500.png" target="_blank" >[ScreenShot]</a></div>
<div class="test-message">&emsp;
</div>
<div class="test-message">&emsp;8. URL is : https://www.i-car.com/product/vehicle-technology-and-trends-2018</div>
<div class="test-event"> <font color="maroon"> <small> &emsp; &emsp;--- 04 May 22:53:16 807 - Page URL:: https://www.i-car.com/product/vehicle-technology-and-trends-2018</small> </font> </div>
<div class="test-event"> <font color="maroon"> <small> &emsp; &emsp;--- 04 May 22:53:16 807 - <b>0</b> - Page Load Wait: (Sync) - ICar.support.Utils.waitForPageLoad(Utils.java:109)</small> </font> </div>
<div class="test-message">&emsp;Successfully navigated to the :  https://www.i-car.com/product/vehicle-technology-and-trends-2018   Page&emsp;<a href=".\ScreenShot\URL_TC001_2717134420369700.png" target="_blank" >[ScreenShot]</a></div>
<div class="test-event"> <font color="maroon"> <small> &emsp; &emsp;--- 04 May 22:53:17 091 - Page URL:: https://www.i-car.com/product/vehicle-technology-and-trends-2018</small> </font> </div>
<div class="test-event"> <font color="maroon"> <small> &emsp; &emsp;--- 04 May 22:53:17 092 - <b>0</b> - Page Load Wait: (Sync) - ICar.support.Utils.waitForPageLoad(Utils.java:109)</small> </font> </div>
<div class="test-event"> <font color="maroon"> <small> &emsp; &emsp;--- 04 May 22:53:17 099 - Catched spinner load exception due to javascript error: {"status":32,"value":"An invalid or illegal selector was specified"}
  (Session info: chrome=124.0.6367.92)
Build info: version: '4.6.0', revision: '79f1c02ae20'
System info: os.name: 'Windows 10', os.arch: 'amd64', os.version: '10.0', java.version: '17.0.7'
Driver info: org.openqa.selenium.chrome.ChromeDriver
Command: [2cf28825ea7a8a419a5b05b8e5d35d84, findElement {using=css selector, value=div[class='slds-spinner slds-spinner_brand slds-spinner_small']>div:nth-child(2)r}]
Capabilities {acceptInsecureCerts: false, browserName: chrome, browserVersion: 124.0.6367.92, chrome: {chromedriverVersion: 124.0.6367.91 (51df0e5e17a8..., userDataDir: C:\Users\PRATHA~1.KUM\AppDa...}, fedcm:accounts: true, goog:chromeOptions: {debuggerAddress: localhost:49451}, networkConnectionEnabled: false, pageLoadStrategy: normal, platformName: WINDOWS, proxy: Proxy(), se:cdp: ws://localhost:49451/devtoo..., se:cdpVersion: 124.0.6367.92, setWindowRect: true, strictFileInteractability: false, timeouts: {implicit: 0, pageLoad: 300000, script: 30000}, unhandledPromptBehavior: dismiss and notify, webauthn:extension:credBlob: true, webauthn:extension:largeBlob: true, webauthn:extension:minPinLength: true, webauthn:extension:prf: true, webauthn:virtualAuthenticators: true}
Session ID: 2cf28825ea7a8a419a5b05b8e5d35d84</small> </font> </div>
<div class="test-event"> <font color="maroon"> <small> &emsp; &emsp;--- 04 May 22:53:17 099 - <b>0</b> - Spinner Load Wait: (Sync) - ICar.support.WaitUtils.waitForSpinner(WaitUtils.java:225)</small> </font> </div>
<div class="test-event"> <font color="maroon"> <small> &emsp; &emsp;--- 04 May 22:53:27 193 - Page URL:: https://www.i-car.com/product/vehicle-technology-and-trends-2018</small> </font> </div>
<div class="test-event"> <font color="maroon"> <small> &emsp; &emsp;--- 04 May 22:53:27 193 - <b>0</b> - Page Load Wait: (Sync) - ICar.support.Utils.waitForPageLoad(Utils.java:109)</small> </font> </div>
<div class="test-event"> <font color="maroon"> <small> &emsp; &emsp;--- 04 May 22:53:27 214 - Element is displayed:: [[ChromeDriver: chrome on WINDOWS (2cf28825ea7a8a419a5b05b8e5d35d84)] -> xpath: //a[contains(text(),'Back to Courses')]]</small> </font> </div>
<div class="test-event"> <font color="maroon"> <small> &emsp; &emsp;--- 04 May 22:53:34 255 - Catched spinner load exception due to javascript error: {"status":32,"value":"An invalid or illegal selector was specified"}
  (Session info: chrome=124.0.6367.92)
Build info: version: '4.6.0', revision: '79f1c02ae20'
System info: os.name: 'Windows 10', os.arch: 'amd64', os.version: '10.0', java.version: '17.0.7'
Driver info: org.openqa.selenium.chrome.ChromeDriver
Command: [2cf28825ea7a8a419a5b05b8e5d35d84, findElement {using=css selector, value=div[class='slds-spinner slds-spinner_brand slds-spinner_small']>div:nth-child(2)r}]
Capabilities {acceptInsecureCerts: false, browserName: chrome, browserVersion: 124.0.6367.92, chrome: {chromedriverVersion: 124.0.6367.91 (51df0e5e17a8..., userDataDir: C:\Users\PRATHA~1.KUM\AppDa...}, fedcm:accounts: true, goog:chromeOptions: {debuggerAddress: localhost:49451}, networkConnectionEnabled: false, pageLoadStrategy: normal, platformName: WINDOWS, proxy: Proxy(), se:cdp: ws://localhost:49451/devtoo..., se:cdpVersion: 124.0.6367.92, setWindowRect: true, strictFileInteractability: false, timeouts: {implicit: 0, pageLoad: 300000, script: 30000}, unhandledPromptBehavior: dismiss and notify, webauthn:extension:credBlob: true, webauthn:extension:largeBlob: true, webauthn:extension:minPinLength: true, webauthn:extension:prf: true, webauthn:virtualAuthenticators: true}
Session ID: 2cf28825ea7a8a419a5b05b8e5d35d84</small> </font> </div>
<div class="test-event"> <font color="maroon"> <small> &emsp; &emsp;--- 04 May 22:53:34 255 - <b>0</b> - Spinner Load Wait: (Sync) - ICar.support.WaitUtils.waitForSpinner(WaitUtils.java:225)</small> </font> </div>
<div class="test-message">&emsp;Back To Courses is displayed in the page </div>
<div class="test-message">&emsp;Successfully verified Back To Course Link&emsp;<a href=".\ScreenShot\URL_TC001_2717151881347900.png" target="_blank" >[ScreenShot]</a></div>
<div class="test-event"> <font color="maroon"> <small> &emsp; &emsp;--- 04 May 22:53:34 506 - Catched spinner load exception due to javascript error: {"status":32,"value":"An invalid or illegal selector was specified"}
  (Session info: chrome=124.0.6367.92)
Build info: version: '4.6.0', revision: '79f1c02ae20'
System info: os.name: 'Windows 10', os.arch: 'amd64', os.version: '10.0', java.version: '17.0.7'
Driver info: org.openqa.selenium.chrome.ChromeDriver
Command: [2cf28825ea7a8a419a5b05b8e5d35d84, findElement {using=css selector, value=div[class='slds-spinner slds-spinner_brand slds-spinner_small']>div:nth-child(2)r}]
Capabilities {acceptInsecureCerts: false, browserName: chrome, browserVersion: 124.0.6367.92, chrome: {chromedriverVersion: 124.0.6367.91 (51df0e5e17a8..., userDataDir: C:\Users\PRATHA~1.KUM\AppDa...}, fedcm:accounts: true, goog:chromeOptions: {debuggerAddress: localhost:49451}, networkConnectionEnabled: false, pageLoadStrategy: normal, platformName: WINDOWS, proxy: Proxy(), se:cdp: ws://localhost:49451/devtoo..., se:cdpVersion: 124.0.6367.92, setWindowRect: true, strictFileInteractability: false, timeouts: {implicit: 0, pageLoad: 300000, script: 30000}, unhandledPromptBehavior: dismiss and notify, webauthn:extension:credBlob: true, webauthn:extension:largeBlob: true, webauthn:extension:minPinLength: true, webauthn:extension:prf: true, webauthn:virtualAuthenticators: true}
Session ID: 2cf28825ea7a8a419a5b05b8e5d35d84</small> </font> </div>
<div class="test-event"> <font color="maroon"> <small> &emsp; &emsp;--- 04 May 22:53:34 506 - <b>0</b> - Spinner Load Wait: (Sync) - ICar.support.WaitUtils.waitForSpinner(WaitUtils.java:225)</small> </font> </div>
<div class="test-event"> <font color="maroon"> <small> &emsp; &emsp;--- 04 May 22:53:34 586 - Page URL:: https://www.i-car.com/product/vehicle-technology-and-trends-2018</small> </font> </div>
<div class="test-event"> <font color="maroon"> <small> &emsp; &emsp;--- 04 May 22:53:34 586 - <b>0</b> - Page Load Wait: (Sync) - ICar.support.Utils.waitForPageLoad(Utils.java:109)</small> </font> </div>
<div class="test-event"> <font color="maroon"> <small> &emsp; &emsp;--- 04 May 22:53:44 644 - Element is displayed:: [[ChromeDriver: chrome on WINDOWS (2cf28825ea7a8a419a5b05b8e5d35d84)] -> xpath: //div[@class='productDetails slds-p-bottom_large']//div[contains(@class,'slds-p-bottom_medium')]]</small> </font> </div>
<div class="test-message">&emsp;Course Name : VehicleTechnologyandTrends2018 is displayed in the URL page</div>
<div class="test-message">&emsp;Successfully verified the course name for relevant link&emsp;<a href=".\ScreenShot\URL_TC001_2717170280729000.png" target="_blank" >[ScreenShot]</a></div>
<div class="test-message">&emsp;
</div>
<div class="test-message">&emsp;9. URL is : https://www.i-car.com/product/collision-repair-of-the-2020-general-motors-gm-corvette-c8</div>
<div class="test-event"> <font color="maroon"> <small> &emsp; &emsp;--- 04 May 22:53:53 985 - Page URL:: https://www.i-car.com/product/collision-repair-of-the-2020-general-motors-gm-corvette-c8</small> </font> </div>
<div class="test-event"> <font color="maroon"> <small> &emsp; &emsp;--- 04 May 22:53:53 986 - <b>0</b> - Page Load Wait: (Sync) - ICar.support.Utils.waitForPageLoad(Utils.java:109)</small> </font> </div>
<div class="test-message">&emsp;Successfully navigated to the :  https://www.i-car.com/product/collision-repair-of-the-2020-general-motors-gm-corvette-c8   Page&emsp;<a href=".\ScreenShot\URL_TC001_2717171599336900.png" target="_blank" >[ScreenShot]</a></div>
<div class="test-event"> <font color="maroon"> <small> &emsp; &emsp;--- 04 May 22:53:54 266 - Page URL:: https://www.i-car.com/product/collision-repair-of-the-2020-general-motors-gm-corvette-c8</small> </font> </div>
<div class="test-event"> <font color="maroon"> <small> &emsp; &emsp;--- 04 May 22:53:54 266 - <b>0</b> - Page Load Wait: (Sync) - ICar.support.Utils.waitForPageLoad(Utils.java:109)</small> </font> </div>
<div class="test-event"> <font color="maroon"> <small> &emsp; &emsp;--- 04 May 22:53:54 275 - Catched spinner load exception due to javascript error: {"status":32,"value":"An invalid or illegal selector was specified"}
  (Session info: chrome=124.0.6367.92)
Build info: version: '4.6.0', revision: '79f1c02ae20'
System info: os.name: 'Windows 10', os.arch: 'amd64', os.version: '10.0', java.version: '17.0.7'
Driver info: org.openqa.selenium.chrome.ChromeDriver
Command: [2cf28825ea7a8a419a5b05b8e5d35d84, findElement {using=css selector, value=div[class='slds-spinner slds-spinner_brand slds-spinner_small']>div:nth-child(2)r}]
Capabilities {acceptInsecureCerts: false, browserName: chrome, browserVersion: 124.0.6367.92, chrome: {chromedriverVersion: 124.0.6367.91 (51df0e5e17a8..., userDataDir: C:\Users\PRATHA~1.KUM\AppDa...}, fedcm:accounts: true, goog:chromeOptions: {debuggerAddress: localhost:49451}, networkConnectionEnabled: false, pageLoadStrategy: normal, platformName: WINDOWS, proxy: Proxy(), se:cdp: ws://localhost:49451/devtoo..., se:cdpVersion: 124.0.6367.92, setWindowRect: true, strictFileInteractability: false, timeouts: {implicit: 0, pageLoad: 300000, script: 30000}, unhandledPromptBehavior: dismiss and notify, webauthn:extension:credBlob: true, webauthn:extension:largeBlob: true, webauthn:extension:minPinLength: true, webauthn:extension:prf: true, webauthn:virtualAuthenticators: true}
Session ID: 2cf28825ea7a8a419a5b05b8e5d35d84</small> </font> </div>
<div class="test-event"> <font color="maroon"> <small> &emsp; &emsp;--- 04 May 22:53:54 275 - <b>0</b> - Spinner Load Wait: (Sync) - ICar.support.WaitUtils.waitForSpinner(WaitUtils.java:225)</small> </font> </div>
<div class="test-event"> <font color="maroon"> <small> &emsp; &emsp;--- 04 May 22:54:04 373 - Page URL:: https://www.i-car.com/product/collision-repair-of-the-2020-general-motors-gm-corvette-c8</small> </font> </div>
<div class="test-event"> <font color="maroon"> <small> &emsp; &emsp;--- 04 May 22:54:04 373 - <b>0</b> - Page Load Wait: (Sync) - ICar.support.Utils.waitForPageLoad(Utils.java:109)</small> </font> </div>
<div class="test-event"> <font color="maroon"> <small> &emsp; &emsp;--- 04 May 22:54:04 397 - Element is displayed:: [[ChromeDriver: chrome on WINDOWS (2cf28825ea7a8a419a5b05b8e5d35d84)] -> xpath: //a[contains(text(),'Back to Courses')]]</small> </font> </div>
<div class="test-event"> <font color="maroon"> <small> &emsp; &emsp;--- 04 May 22:54:11 425 - Catched spinner load exception due to javascript error: {"status":32,"value":"An invalid or illegal selector was specified"}
  (Session info: chrome=124.0.6367.92)
Build info: version: '4.6.0', revision: '79f1c02ae20'
System info: os.name: 'Windows 10', os.arch: 'amd64', os.version: '10.0', java.version: '17.0.7'
Driver info: org.openqa.selenium.chrome.ChromeDriver
Command: [2cf28825ea7a8a419a5b05b8e5d35d84, findElement {using=css selector, value=div[class='slds-spinner slds-spinner_brand slds-spinner_small']>div:nth-child(2)r}]
Capabilities {acceptInsecureCerts: false, browserName: chrome, browserVersion: 124.0.6367.92, chrome: {chromedriverVersion: 124.0.6367.91 (51df0e5e17a8..., userDataDir: C:\Users\PRATHA~1.KUM\AppDa...}, fedcm:accounts: true, goog:chromeOptions: {debuggerAddress: localhost:49451}, networkConnectionEnabled: false, pageLoadStrategy: normal, platformName: WINDOWS, proxy: Proxy(), se:cdp: ws://localhost:49451/devtoo..., se:cdpVersion: 124.0.6367.92, setWindowRect: true, strictFileInteractability: false, timeouts: {implicit: 0, pageLoad: 300000, script: 30000}, unhandledPromptBehavior: dismiss and notify, webauthn:extension:credBlob: true, webauthn:extension:largeBlob: true, webauthn:extension:minPinLength: true, webauthn:extension:prf: true, webauthn:virtualAuthenticators: true}
Session ID: 2cf28825ea7a8a419a5b05b8e5d35d84</small> </font> </div>
<div class="test-event"> <font color="maroon"> <small> &emsp; &emsp;--- 04 May 22:54:11 426 - <b>0</b> - Spinner Load Wait: (Sync) - ICar.support.WaitUtils.waitForSpinner(WaitUtils.java:225)</small> </font> </div>
<div class="test-message">&emsp;Back To Courses is displayed in the page </div>
<div class="test-message">&emsp;Successfully verified Back To Course Link&emsp;<a href=".\ScreenShot\URL_TC001_2717189050945400.png" target="_blank" >[ScreenShot]</a></div>
<div class="test-event"> <font color="maroon"> <small> &emsp; &emsp;--- 04 May 22:54:11 639 - Catched spinner load exception due to javascript error: {"status":32,"value":"An invalid or illegal selector was specified"}
  (Session info: chrome=124.0.6367.92)
Build info: version: '4.6.0', revision: '79f1c02ae20'
System info: os.name: 'Windows 10', os.arch: 'amd64', os.version: '10.0', java.version: '17.0.7'
Driver info: org.openqa.selenium.chrome.ChromeDriver
Command: [2cf28825ea7a8a419a5b05b8e5d35d84, findElement {using=css selector, value=div[class='slds-spinner slds-spinner_brand slds-spinner_small']>div:nth-child(2)r}]
Capabilities {acceptInsecureCerts: false, browserName: chrome, browserVersion: 124.0.6367.92, chrome: {chromedriverVersion: 124.0.6367.91 (51df0e5e17a8..., userDataDir: C:\Users\PRATHA~1.KUM\AppDa...}, fedcm:accounts: true, goog:chromeOptions: {debuggerAddress: localhost:49451}, networkConnectionEnabled: false, pageLoadStrategy: normal, platformName: WINDOWS, proxy: Proxy(), se:cdp: ws://localhost:49451/devtoo..., se:cdpVersion: 124.0.6367.92, setWindowRect: true, strictFileInteractability: false, timeouts: {implicit: 0, pageLoad: 300000, script: 30000}, unhandledPromptBehavior: dismiss and notify, webauthn:extension:credBlob: true, webauthn:extension:largeBlob: true, webauthn:extension:minPinLength: true, webauthn:extension:prf: true, webauthn:virtualAuthenticators: true}
Session ID: 2cf28825ea7a8a419a5b05b8e5d35d84</small> </font> </div>
<div class="test-event"> <font color="maroon"> <small> &emsp; &emsp;--- 04 May 22:54:11 639 - <b>0</b> - Spinner Load Wait: (Sync) - ICar.support.WaitUtils.waitForSpinner(WaitUtils.java:225)</small> </font> </div>
<div class="test-event"> <font color="maroon"> <small> &emsp; &emsp;--- 04 May 22:54:11 720 - Page URL:: https://www.i-car.com/product/collision-repair-of-the-2020-general-motors-gm-corvette-c8</small> </font> </div>
<div class="test-event"> <font color="maroon"> <small> &emsp; &emsp;--- 04 May 22:54:11 720 - <b>0</b> - Page Load Wait: (Sync) - ICar.support.Utils.waitForPageLoad(Utils.java:109)</small> </font> </div>
<div class="test-event"> <font color="maroon"> <small> &emsp; &emsp;--- 04 May 22:54:21 803 - Element is displayed:: [[ChromeDriver: chrome on WINDOWS (2cf28825ea7a8a419a5b05b8e5d35d84)] -> xpath: //div[@class='productDetails slds-p-bottom_large']//div[contains(@class,'slds-p-bottom_medium')]]</small> </font> </div>
<div class="test-message">&emsp;Course Name : CollisionRepairofthe2020GeneralMotorsGMCorvetteC8 is displayed in the URL page</div>
<div class="test-message">&emsp;Successfully verified the course name for relevant link&emsp;<a href=".\ScreenShot\URL_TC001_2717207449985500.png" target="_blank" >[ScreenShot]</a></div>
<div class="test-message">&emsp;
</div>
<div class="test-message">&emsp;10. URL is : https://www.i-car.com/product/fca-wagoneer-and-grand-wagoneer-ws</div>
<div class="test-event"> <font color="maroon"> <small> &emsp; &emsp;--- 04 May 22:54:31 714 - Page URL:: https://www.i-car.com/product/fca-wagoneer-and-grand-wagoneer-ws</small> </font> </div>
<div class="test-event"> <font color="maroon"> <small> &emsp; &emsp;--- 04 May 22:54:31 714 - <b>0</b> - Page Load Wait: (Sync) - ICar.support.Utils.waitForPageLoad(Utils.java:109)</small> </font> </div>
<div class="test-message">&emsp;Successfully navigated to the :  https://www.i-car.com/product/fca-wagoneer-and-grand-wagoneer-ws   Page&emsp;<a href=".\ScreenShot\URL_TC001_2717209327682500.png" target="_blank" >[ScreenShot]</a></div>
<div class="test-event"> <font color="maroon"> <small> &emsp; &emsp;--- 04 May 22:54:32 067 - Page URL:: https://www.i-car.com/product/fca-wagoneer-and-grand-wagoneer-ws</small> </font> </div>
<div class="test-event"> <font color="maroon"> <small> &emsp; &emsp;--- 04 May 22:54:32 067 - <b>0</b> - Page Load Wait: (Sync) - ICar.support.Utils.waitForPageLoad(Utils.java:109)</small> </font> </div>
<div class="test-event"> <font color="maroon"> <small> &emsp; &emsp;--- 04 May 22:54:32 085 - Catched spinner load exception due to javascript error: {"status":32,"value":"An invalid or illegal selector was specified"}
  (Session info: chrome=124.0.6367.92)
Build info: version: '4.6.0', revision: '79f1c02ae20'
System info: os.name: 'Windows 10', os.arch: 'amd64', os.version: '10.0', java.version: '17.0.7'
Driver info: org.openqa.selenium.chrome.ChromeDriver
Command: [2cf28825ea7a8a419a5b05b8e5d35d84, findElement {using=css selector, value=div[class='slds-spinner slds-spinner_brand slds-spinner_small']>div:nth-child(2)r}]
Capabilities {acceptInsecureCerts: false, browserName: chrome, browserVersion: 124.0.6367.92, chrome: {chromedriverVersion: 124.0.6367.91 (51df0e5e17a8..., userDataDir: C:\Users\PRATHA~1.KUM\AppDa...}, fedcm:accounts: true, goog:chromeOptions: {debuggerAddress: localhost:49451}, networkConnectionEnabled: false, pageLoadStrategy: normal, platformName: WINDOWS, proxy: Proxy(), se:cdp: ws://localhost:49451/devtoo..., se:cdpVersion: 124.0.6367.92, setWindowRect: true, strictFileInteractability: false, timeouts: {implicit: 0, pageLoad: 300000, script: 30000}, unhandledPromptBehavior: dismiss and notify, webauthn:extension:credBlob: true, webauthn:extension:largeBlob: true, webauthn:extension:minPinLength: true, webauthn:extension:prf: true, webauthn:virtualAuthenticators: true}
Session ID: 2cf28825ea7a8a419a5b05b8e5d35d84</small> </font> </div>
<div class="test-event"> <font color="maroon"> <small> &emsp; &emsp;--- 04 May 22:54:32 085 - <b>0</b> - Spinner Load Wait: (Sync) - ICar.support.WaitUtils.waitForSpinner(WaitUtils.java:225)</small> </font> </div>
<div class="test-event"> <font color="maroon"> <small> &emsp; &emsp;--- 04 May 22:54:42 180 - Page URL:: https://www.i-car.com/product/fca-wagoneer-and-grand-wagoneer-ws</small> </font> </div>
<div class="test-event"> <font color="maroon"> <small> &emsp; &emsp;--- 04 May 22:54:42 180 - <b>0</b> - Page Load Wait: (Sync) - ICar.support.Utils.waitForPageLoad(Utils.java:109)</small> </font> </div>
<div class="test-event"> <font color="maroon"> <small> &emsp; &emsp;--- 04 May 22:54:42 203 - Element is displayed:: [[ChromeDriver: chrome on WINDOWS (2cf28825ea7a8a419a5b05b8e5d35d84)] -> xpath: //a[contains(text(),'Back to Courses')]]</small> </font> </div>
<div class="test-event"> <font color="maroon"> <small> &emsp; &emsp;--- 04 May 22:54:49 251 - Catched spinner load exception due to javascript error: {"status":32,"value":"An invalid or illegal selector was specified"}
  (Session info: chrome=124.0.6367.92)
Build info: version: '4.6.0', revision: '79f1c02ae20'
System info: os.name: 'Windows 10', os.arch: 'amd64', os.version: '10.0', java.version: '17.0.7'
Driver info: org.openqa.selenium.chrome.ChromeDriver
Command: [2cf28825ea7a8a419a5b05b8e5d35d84, findElement {using=css selector, value=div[class='slds-spinner slds-spinner_brand slds-spinner_small']>div:nth-child(2)r}]
Capabilities {acceptInsecureCerts: false, browserName: chrome, browserVersion: 124.0.6367.92, chrome: {chromedriverVersion: 124.0.6367.91 (51df0e5e17a8..., userDataDir: C:\Users\PRATHA~1.KUM\AppDa...}, fedcm:accounts: true, goog:chromeOptions: {debuggerAddress: localhost:49451}, networkConnectionEnabled: false, pageLoadStrategy: normal, platformName: WINDOWS, proxy: Proxy(), se:cdp: ws://localhost:49451/devtoo..., se:cdpVersion: 124.0.6367.92, setWindowRect: true, strictFileInteractability: false, timeouts: {implicit: 0, pageLoad: 300000, script: 30000}, unhandledPromptBehavior: dismiss and notify, webauthn:extension:credBlob: true, webauthn:extension:largeBlob: true, webauthn:extension:minPinLength: true, webauthn:extension:prf: true, webauthn:virtualAuthenticators: true}
Session ID: 2cf28825ea7a8a419a5b05b8e5d35d84</small> </font> </div>
<div class="test-event"> <font color="maroon"> <small> &emsp; &emsp;--- 04 May 22:54:49 251 - <b>0</b> - Spinner Load Wait: (Sync) - ICar.support.WaitUtils.waitForSpinner(WaitUtils.java:225)</small> </font> </div>
<div class="test-message">&emsp;Back To Courses is displayed in the page </div>
<div class="test-message">&emsp;Successfully verified Back To Course Link&emsp;<a href=".\ScreenShot\URL_TC001_2717226886894400.png" target="_blank" >[ScreenShot]</a></div>
<div class="test-event"> <font color="maroon"> <small> &emsp; &emsp;--- 04 May 22:54:49 510 - Catched spinner load exception due to javascript error: {"status":32,"value":"An invalid or illegal selector was specified"}
  (Session info: chrome=124.0.6367.92)
Build info: version: '4.6.0', revision: '79f1c02ae20'
System info: os.name: 'Windows 10', os.arch: 'amd64', os.version: '10.0', java.version: '17.0.7'
Driver info: org.openqa.selenium.chrome.ChromeDriver
Command: [2cf28825ea7a8a419a5b05b8e5d35d84, findElement {using=css selector, value=div[class='slds-spinner slds-spinner_brand slds-spinner_small']>div:nth-child(2)r}]
Capabilities {acceptInsecureCerts: false, browserName: chrome, browserVersion: 124.0.6367.92, chrome: {chromedriverVersion: 124.0.6367.91 (51df0e5e17a8..., userDataDir: C:\Users\PRATHA~1.KUM\AppDa...}, fedcm:accounts: true, goog:chromeOptions: {debuggerAddress: localhost:49451}, networkConnectionEnabled: false, pageLoadStrategy: normal, platformName: WINDOWS, proxy: Proxy(), se:cdp: ws://localhost:49451/devtoo..., se:cdpVersion: 124.0.6367.92, setWindowRect: true, strictFileInteractability: false, timeouts: {implicit: 0, pageLoad: 300000, script: 30000}, unhandledPromptBehavior: dismiss and notify, webauthn:extension:credBlob: true, webauthn:extension:largeBlob: true, webauthn:extension:minPinLength: true, webauthn:extension:prf: true, webauthn:virtualAuthenticators: true}
Session ID: 2cf28825ea7a8a419a5b05b8e5d35d84</small> </font> </div>
<div class="test-event"> <font color="maroon"> <small> &emsp; &emsp;--- 04 May 22:54:49 510 - <b>0</b> - Spinner Load Wait: (Sync) - ICar.support.WaitUtils.waitForSpinner(WaitUtils.java:225)</small> </font> </div>
<div class="test-event"> <font color="maroon"> <small> &emsp; &emsp;--- 04 May 22:54:49 592 - Page URL:: https://www.i-car.com/product/fca-wagoneer-and-grand-wagoneer-ws</small> </font> </div>
<div class="test-event"> <font color="maroon"> <small> &emsp; &emsp;--- 04 May 22:54:49 592 - <b>0</b> - Page Load Wait: (Sync) - ICar.support.Utils.waitForPageLoad(Utils.java:109)</small> </font> </div>
<div class="test-event"> <font color="maroon"> <small> &emsp; &emsp;--- 04 May 22:54:59 643 - Element is displayed:: [[ChromeDriver: chrome on WINDOWS (2cf28825ea7a8a419a5b05b8e5d35d84)] -> xpath: //div[@class='productDetails slds-p-bottom_large']//div[contains(@class,'slds-p-bottom_medium')]]</small> </font> </div>
<div class="test-message">&emsp;Course Name : FCAWagoneerandGrandWagoneerWS is displayed in the URL page</div>
<div class="test-message">&emsp;Successfully verified the course name for relevant link&emsp;<a href=".\ScreenShot\URL_TC001_2717245290795400.png" target="_blank" >[ScreenShot]</a></div>
<div class="test-message">&emsp;
</div>
<div class="test-message">&emsp;11. URL is : https://www.i-car.com/product/workplace-safety</div>
<div class="test-event"> <font color="maroon"> <small> &emsp; &emsp;--- 04 May 22:55:08 923 - Page URL:: https://www.i-car.com/product/workplace-safety</small> </font> </div>
<div class="test-event"> <font color="maroon"> <small> &emsp; &emsp;--- 04 May 22:55:08 923 - <b>0</b> - Page Load Wait: (Sync) - ICar.support.Utils.waitForPageLoad(Utils.java:109)</small> </font> </div>
<div class="test-message">&emsp;Successfully navigated to the :  https://www.i-car.com/product/workplace-safety   Page&emsp;<a href=".\ScreenShot\URL_TC001_2717246537056300.png" target="_blank" >[ScreenShot]</a></div>
<div class="test-event"> <font color="maroon"> <small> &emsp; &emsp;--- 04 May 22:55:09 243 - Page URL:: https://www.i-car.com/product/workplace-safety</small> </font> </div>
<div class="test-event"> <font color="maroon"> <small> &emsp; &emsp;--- 04 May 22:55:09 243 - <b>0</b> - Page Load Wait: (Sync) - ICar.support.Utils.waitForPageLoad(Utils.java:109)</small> </font> </div>
<div class="test-event"> <font color="maroon"> <small> &emsp; &emsp;--- 04 May 22:55:09 252 - Catched spinner load exception due to javascript error: {"status":32,"value":"An invalid or illegal selector was specified"}
  (Session info: chrome=124.0.6367.92)
Build info: version: '4.6.0', revision: '79f1c02ae20'
System info: os.name: 'Windows 10', os.arch: 'amd64', os.version: '10.0', java.version: '17.0.7'
Driver info: org.openqa.selenium.chrome.ChromeDriver
Command: [2cf28825ea7a8a419a5b05b8e5d35d84, findElement {using=css selector, value=div[class='slds-spinner slds-spinner_brand slds-spinner_small']>div:nth-child(2)r}]
Capabilities {acceptInsecureCerts: false, browserName: chrome, browserVersion: 124.0.6367.92, chrome: {chromedriverVersion: 124.0.6367.91 (51df0e5e17a8..., userDataDir: C:\Users\PRATHA~1.KUM\AppDa...}, fedcm:accounts: true, goog:chromeOptions: {debuggerAddress: localhost:49451}, networkConnectionEnabled: false, pageLoadStrategy: normal, platformName: WINDOWS, proxy: Proxy(), se:cdp: ws://localhost:49451/devtoo..., se:cdpVersion: 124.0.6367.92, setWindowRect: true, strictFileInteractability: false, timeouts: {implicit: 0, pageLoad: 300000, script: 30000}, unhandledPromptBehavior: dismiss and notify, webauthn:extension:credBlob: true, webauthn:extension:largeBlob: true, webauthn:extension:minPinLength: true, webauthn:extension:prf: true, webauthn:virtualAuthenticators: true}
Session ID: 2cf28825ea7a8a419a5b05b8e5d35d84</small> </font> </div>
<div class="test-event"> <font color="maroon"> <small> &emsp; &emsp;--- 04 May 22:55:09 253 - <b>0</b> - Spinner Load Wait: (Sync) - ICar.support.WaitUtils.waitForSpinner(WaitUtils.java:225)</small> </font> </div>
<div class="test-event"> <font color="maroon"> <small> &emsp; &emsp;--- 04 May 22:55:19 362 - Page URL:: https://www.i-car.com/product/workplace-safety</small> </font> </div>
<div class="test-event"> <font color="maroon"> <small> &emsp; &emsp;--- 04 May 22:55:19 362 - <b>0</b> - Page Load Wait: (Sync) - ICar.support.Utils.waitForPageLoad(Utils.java:109)</small> </font> </div>
<div class="test-event"> <font color="maroon"> <small> &emsp; &emsp;--- 04 May 22:55:19 383 - Element is displayed:: [[ChromeDriver: chrome on WINDOWS (2cf28825ea7a8a419a5b05b8e5d35d84)] -> xpath: //a[contains(text(),'Back to Courses')]]</small> </font> </div>
<div class="test-event"> <font color="maroon"> <small> &emsp; &emsp;--- 04 May 22:55:26 408 - Catched spinner load exception due to javascript error: {"status":32,"value":"An invalid or illegal selector was specified"}
  (Session info: chrome=124.0.6367.92)
Build info: version: '4.6.0', revision: '79f1c02ae20'
System info: os.name: 'Windows 10', os.arch: 'amd64', os.version: '10.0', java.version: '17.0.7'
Driver info: org.openqa.selenium.chrome.ChromeDriver
Command: [2cf28825ea7a8a419a5b05b8e5d35d84, findElement {using=css selector, value=div[class='slds-spinner slds-spinner_brand slds-spinner_small']>div:nth-child(2)r}]
Capabilities {acceptInsecureCerts: false, browserName: chrome, browserVersion: 124.0.6367.92, chrome: {chromedriverVersion: 124.0.6367.91 (51df0e5e17a8..., userDataDir: C:\Users\PRATHA~1.KUM\AppDa...}, fedcm:accounts: true, goog:chromeOptions: {debuggerAddress: localhost:49451}, networkConnectionEnabled: false, pageLoadStrategy: normal, platformName: WINDOWS, proxy: Proxy(), se:cdp: ws://localhost:49451/devtoo..., se:cdpVersion: 124.0.6367.92, setWindowRect: true, strictFileInteractability: false, timeouts: {implicit: 0, pageLoad: 300000, script: 30000}, unhandledPromptBehavior: dismiss and notify, webauthn:extension:credBlob: true, webauthn:extension:largeBlob: true, webauthn:extension:minPinLength: true, webauthn:extension:prf: true, webauthn:virtualAuthenticators: true}
Session ID: 2cf28825ea7a8a419a5b05b8e5d35d84</small> </font> </div>
<div class="test-event"> <font color="maroon"> <small> &emsp; &emsp;--- 04 May 22:55:26 408 - <b>0</b> - Spinner Load Wait: (Sync) - ICar.support.WaitUtils.waitForSpinner(WaitUtils.java:225)</small> </font> </div>
<div class="test-message">&emsp;Back To Courses is displayed in the page </div>
<div class="test-message">&emsp;Successfully verified Back To Course Link&emsp;<a href=".\ScreenShot\URL_TC001_2717264033778600.png" target="_blank" >[ScreenShot]</a></div>
<div class="test-event"> <font color="maroon"> <small> &emsp; &emsp;--- 04 May 22:55:26 652 - Catched spinner load exception due to javascript error: {"status":32,"value":"An invalid or illegal selector was specified"}
  (Session info: chrome=124.0.6367.92)
Build info: version: '4.6.0', revision: '79f1c02ae20'
System info: os.name: 'Windows 10', os.arch: 'amd64', os.version: '10.0', java.version: '17.0.7'
Driver info: org.openqa.selenium.chrome.ChromeDriver
Command: [2cf28825ea7a8a419a5b05b8e5d35d84, findElement {using=css selector, value=div[class='slds-spinner slds-spinner_brand slds-spinner_small']>div:nth-child(2)r}]
Capabilities {acceptInsecureCerts: false, browserName: chrome, browserVersion: 124.0.6367.92, chrome: {chromedriverVersion: 124.0.6367.91 (51df0e5e17a8..., userDataDir: C:\Users\PRATHA~1.KUM\AppDa...}, fedcm:accounts: true, goog:chromeOptions: {debuggerAddress: localhost:49451}, networkConnectionEnabled: false, pageLoadStrategy: normal, platformName: WINDOWS, proxy: Proxy(), se:cdp: ws://localhost:49451/devtoo..., se:cdpVersion: 124.0.6367.92, setWindowRect: true, strictFileInteractability: false, timeouts: {implicit: 0, pageLoad: 300000, script: 30000}, unhandledPromptBehavior: dismiss and notify, webauthn:extension:credBlob: true, webauthn:extension:largeBlob: true, webauthn:extension:minPinLength: true, webauthn:extension:prf: true, webauthn:virtualAuthenticators: true}
Session ID: 2cf28825ea7a8a419a5b05b8e5d35d84</small> </font> </div>
<div class="test-event"> <font color="maroon"> <small> &emsp; &emsp;--- 04 May 22:55:26 652 - <b>0</b> - Spinner Load Wait: (Sync) - ICar.support.WaitUtils.waitForSpinner(WaitUtils.java:225)</small> </font> </div>
<div class="test-event"> <font color="maroon"> <small> &emsp; &emsp;--- 04 May 22:55:26 731 - Page URL:: https://www.i-car.com/product/workplace-safety</small> </font> </div>
<div class="test-event"> <font color="maroon"> <small> &emsp; &emsp;--- 04 May 22:55:26 731 - <b>0</b> - Page Load Wait: (Sync) - ICar.support.Utils.waitForPageLoad(Utils.java:109)</small> </font> </div>
<div class="test-event"> <font color="maroon"> <small> &emsp; &emsp;--- 04 May 22:55:36 785 - Element is displayed:: [[ChromeDriver: chrome on WINDOWS (2cf28825ea7a8a419a5b05b8e5d35d84)] -> xpath: //div[@class='productDetails slds-p-bottom_large']//div[contains(@class,'slds-p-bottom_medium')]]</small> </font> </div>
<div class="test-message">&emsp;Course Name : WorkplaceSafety is displayed in the URL page</div>
<div class="test-message">&emsp;Successfully verified the course name for relevant link&emsp;<a href=".\ScreenShot\URL_TC001_2717282430745100.png" target="_blank" >[ScreenShot]</a></div>
<div class="test-message">&emsp;
</div>
<div class="test-message">&emsp;12. URL is : https://www.i-car.com/product/basic-estimate-writing</div>
<div class="test-event"> <font color="maroon"> <small> &emsp; &emsp;--- 04 May 22:55:47 466 - Page URL:: https://www.i-car.com/product/basic-estimate-writing</small> </font> </div>
<div class="test-event"> <font color="maroon"> <small> &emsp; &emsp;--- 04 May 22:55:47 466 - <b>0</b> - Page Load Wait: (Sync) - ICar.support.Utils.waitForPageLoad(Utils.java:109)</small> </font> </div>
<div class="test-message">&emsp;Successfully navigated to the :  https://www.i-car.com/product/basic-estimate-writing   Page&emsp;<a href=".\ScreenShot\URL_TC001_2717285079750700.png" target="_blank" >[ScreenShot]</a></div>
<div class="test-event"> <font color="maroon"> <small> &emsp; &emsp;--- 04 May 22:55:47 777 - Page URL:: https://www.i-car.com/product/basic-estimate-writing</small> </font> </div>
<div class="test-event"> <font color="maroon"> <small> &emsp; &emsp;--- 04 May 22:55:47 777 - <b>0</b> - Page Load Wait: (Sync) - ICar.support.Utils.waitForPageLoad(Utils.java:109)</small> </font> </div>
<div class="test-event"> <font color="maroon"> <small> &emsp; &emsp;--- 04 May 22:55:47 786 - Catched spinner load exception due to javascript error: {"status":32,"value":"An invalid or illegal selector was specified"}
  (Session info: chrome=124.0.6367.92)
Build info: version: '4.6.0', revision: '79f1c02ae20'
System info: os.name: 'Windows 10', os.arch: 'amd64', os.version: '10.0', java.version: '17.0.7'
Driver info: org.openqa.selenium.chrome.ChromeDriver
Command: [2cf28825ea7a8a419a5b05b8e5d35d84, findElement {using=css selector, value=div[class='slds-spinner slds-spinner_brand slds-spinner_small']>div:nth-child(2)r}]
Capabilities {acceptInsecureCerts: false, browserName: chrome, browserVersion: 124.0.6367.92, chrome: {chromedriverVersion: 124.0.6367.91 (51df0e5e17a8..., userDataDir: C:\Users\PRATHA~1.KUM\AppDa...}, fedcm:accounts: true, goog:chromeOptions: {debuggerAddress: localhost:49451}, networkConnectionEnabled: false, pageLoadStrategy: normal, platformName: WINDOWS, proxy: Proxy(), se:cdp: ws://localhost:49451/devtoo..., se:cdpVersion: 124.0.6367.92, setWindowRect: true, strictFileInteractability: false, timeouts: {implicit: 0, pageLoad: 300000, script: 30000}, unhandledPromptBehavior: dismiss and notify, webauthn:extension:credBlob: true, webauthn:extension:largeBlob: true, webauthn:extension:minPinLength: true, webauthn:extension:prf: true, webauthn:virtualAuthenticators: true}
Session ID: 2cf28825ea7a8a419a5b05b8e5d35d84</small> </font> </div>
<div class="test-event"> <font color="maroon"> <small> &emsp; &emsp;--- 04 May 22:55:47 786 - <b>0</b> - Spinner Load Wait: (Sync) - ICar.support.WaitUtils.waitForSpinner(WaitUtils.java:225)</small> </font> </div>
<div class="test-event"> <font color="maroon"> <small> &emsp; &emsp;--- 04 May 22:55:57 899 - Page URL:: https://www.i-car.com/product/basic-estimate-writing</small> </font> </div>
<div class="test-event"> <font color="maroon"> <small> &emsp; &emsp;--- 04 May 22:55:57 899 - <b>0</b> - Page Load Wait: (Sync) - ICar.support.Utils.waitForPageLoad(Utils.java:109)</small> </font> </div>
<div class="test-event"> <font color="maroon"> <small> &emsp; &emsp;--- 04 May 22:55:57 919 - Element is displayed:: [[ChromeDriver: chrome on WINDOWS (2cf28825ea7a8a419a5b05b8e5d35d84)] -> xpath: //a[contains(text(),'Back to Courses')]]</small> </font> </div>
<div class="test-event"> <font color="maroon"> <small> &emsp; &emsp;--- 04 May 22:56:04 978 - Catched spinner load exception due to javascript error: {"status":32,"value":"An invalid or illegal selector was specified"}
  (Session info: chrome=124.0.6367.92)
Build info: version: '4.6.0', revision: '79f1c02ae20'
System info: os.name: 'Windows 10', os.arch: 'amd64', os.version: '10.0', java.version: '17.0.7'
Driver info: org.openqa.selenium.chrome.ChromeDriver
Command: [2cf28825ea7a8a419a5b05b8e5d35d84, findElement {using=css selector, value=div[class='slds-spinner slds-spinner_brand slds-spinner_small']>div:nth-child(2)r}]
Capabilities {acceptInsecureCerts: false, browserName: chrome, browserVersion: 124.0.6367.92, chrome: {chromedriverVersion: 124.0.6367.91 (51df0e5e17a8..., userDataDir: C:\Users\PRATHA~1.KUM\AppDa...}, fedcm:accounts: true, goog:chromeOptions: {debuggerAddress: localhost:49451}, networkConnectionEnabled: false, pageLoadStrategy: normal, platformName: WINDOWS, proxy: Proxy(), se:cdp: ws://localhost:49451/devtoo..., se:cdpVersion: 124.0.6367.92, setWindowRect: true, strictFileInteractability: false, timeouts: {implicit: 0, pageLoad: 300000, script: 30000}, unhandledPromptBehavior: dismiss and notify, webauthn:extension:credBlob: true, webauthn:extension:largeBlob: true, webauthn:extension:minPinLength: true, webauthn:extension:prf: true, webauthn:virtualAuthenticators: true}
Session ID: 2cf28825ea7a8a419a5b05b8e5d35d84</small> </font> </div>
<div class="test-event"> <font color="maroon"> <small> &emsp; &emsp;--- 04 May 22:56:04 979 - <b>0</b> - Spinner Load Wait: (Sync) - ICar.support.WaitUtils.waitForSpinner(WaitUtils.java:225)</small> </font> </div>
<div class="test-message">&emsp;Back To Courses is displayed in the page </div>
<div class="test-message">&emsp;Successfully verified Back To Course Link&emsp;<a href=".\ScreenShot\URL_TC001_2717302615752200.png" target="_blank" >[ScreenShot]</a></div>
<div class="test-event"> <font color="maroon"> <small> &emsp; &emsp;--- 04 May 22:56:05 234 - Catched spinner load exception due to javascript error: {"status":32,"value":"An invalid or illegal selector was specified"}
  (Session info: chrome=124.0.6367.92)
Build info: version: '4.6.0', revision: '79f1c02ae20'
System info: os.name: 'Windows 10', os.arch: 'amd64', os.version: '10.0', java.version: '17.0.7'
Driver info: org.openqa.selenium.chrome.ChromeDriver
Command: [2cf28825ea7a8a419a5b05b8e5d35d84, findElement {using=css selector, value=div[class='slds-spinner slds-spinner_brand slds-spinner_small']>div:nth-child(2)r}]
Capabilities {acceptInsecureCerts: false, browserName: chrome, browserVersion: 124.0.6367.92, chrome: {chromedriverVersion: 124.0.6367.91 (51df0e5e17a8..., userDataDir: C:\Users\PRATHA~1.KUM\AppDa...}, fedcm:accounts: true, goog:chromeOptions: {debuggerAddress: localhost:49451}, networkConnectionEnabled: false, pageLoadStrategy: normal, platformName: WINDOWS, proxy: Proxy(), se:cdp: ws://localhost:49451/devtoo..., se:cdpVersion: 124.0.6367.92, setWindowRect: true, strictFileInteractability: false, timeouts: {implicit: 0, pageLoad: 300000, script: 30000}, unhandledPromptBehavior: dismiss and notify, webauthn:extension:credBlob: true, webauthn:extension:largeBlob: true, webauthn:extension:minPinLength: true, webauthn:extension:prf: true, webauthn:virtualAuthenticators: true}
Session ID: 2cf28825ea7a8a419a5b05b8e5d35d84</small> </font> </div>
<div class="test-event"> <font color="maroon"> <small> &emsp; &emsp;--- 04 May 22:56:05 234 - <b>0</b> - Spinner Load Wait: (Sync) - ICar.support.WaitUtils.waitForSpinner(WaitUtils.java:225)</small> </font> </div>
<div class="test-event"> <font color="maroon"> <small> &emsp; &emsp;--- 04 May 22:56:05 308 - Page URL:: https://www.i-car.com/product/basic-estimate-writing</small> </font> </div>
<div class="test-event"> <font color="maroon"> <small> &emsp; &emsp;--- 04 May 22:56:05 308 - <b>0</b> - Page Load Wait: (Sync) - ICar.support.Utils.waitForPageLoad(Utils.java:109)</small> </font> </div>
<div class="test-event"> <font color="maroon"> <small> &emsp; &emsp;--- 04 May 22:56:15 362 - Element is displayed:: [[ChromeDriver: chrome on WINDOWS (2cf28825ea7a8a419a5b05b8e5d35d84)] -> xpath: //div[@class='productDetails slds-p-bottom_large']//div[contains(@class,'slds-p-bottom_medium')]]</small> </font> </div>
<div class="test-message">&emsp;Course Name : BasicEstimateWriting is displayed in the URL page</div>
<div class="test-message">&emsp;Successfully verified the course name for relevant link&emsp;<a href=".\ScreenShot\URL_TC001_2717320995873100.png" target="_blank" >[ScreenShot]</a></div>
<div class="test-message">&emsp;
</div>
<div class="test-message">&emsp;13. URL is : https://www.i-car.com/product/damage-analysis-of-fullframe-vehicles</div>
<div class="test-event"> <font color="maroon"> <small> &emsp; &emsp;--- 04 May 22:56:25 370 - Page URL:: https://www.i-car.com/product/damage-analysis-of-fullframe-vehicles</small> </font> </div>
<div class="test-event"> <font color="maroon"> <small> &emsp; &emsp;--- 04 May 22:56:25 370 - <b>0</b> - Page Load Wait: (Sync) - ICar.support.Utils.waitForPageLoad(Utils.java:109)</small> </font> </div>
<div class="test-message">&emsp;Successfully navigated to the :  https://www.i-car.com/product/damage-analysis-of-fullframe-vehicles   Page&emsp;<a href=".\ScreenShot\URL_TC001_2717322982699300.png" target="_blank" >[ScreenShot]</a></div>
<div class="test-event"> <font color="maroon"> <small> &emsp; &emsp;--- 04 May 22:56:25 634 - Page URL:: https://www.i-car.com/product/damage-analysis-of-fullframe-vehicles</small> </font> </div>
<div class="test-event"> <font color="maroon"> <small> &emsp; &emsp;--- 04 May 22:56:25 634 - <b>0</b> - Page Load Wait: (Sync) - ICar.support.Utils.waitForPageLoad(Utils.java:109)</small> </font> </div>
<div class="test-event"> <font color="maroon"> <small> &emsp; &emsp;--- 04 May 22:56:25 643 - Catched spinner load exception due to javascript error: {"status":32,"value":"An invalid or illegal selector was specified"}
  (Session info: chrome=124.0.6367.92)
Build info: version: '4.6.0', revision: '79f1c02ae20'
System info: os.name: 'Windows 10', os.arch: 'amd64', os.version: '10.0', java.version: '17.0.7'
Driver info: org.openqa.selenium.chrome.ChromeDriver
Command: [2cf28825ea7a8a419a5b05b8e5d35d84, findElement {using=css selector, value=div[class='slds-spinner slds-spinner_brand slds-spinner_small']>div:nth-child(2)r}]
Capabilities {acceptInsecureCerts: false, browserName: chrome, browserVersion: 124.0.6367.92, chrome: {chromedriverVersion: 124.0.6367.91 (51df0e5e17a8..., userDataDir: C:\Users\PRATHA~1.KUM\AppDa...}, fedcm:accounts: true, goog:chromeOptions: {debuggerAddress: localhost:49451}, networkConnectionEnabled: false, pageLoadStrategy: normal, platformName: WINDOWS, proxy: Proxy(), se:cdp: ws://localhost:49451/devtoo..., se:cdpVersion: 124.0.6367.92, setWindowRect: true, strictFileInteractability: false, timeouts: {implicit: 0, pageLoad: 300000, script: 30000}, unhandledPromptBehavior: dismiss and notify, webauthn:extension:credBlob: true, webauthn:extension:largeBlob: true, webauthn:extension:minPinLength: true, webauthn:extension:prf: true, webauthn:virtualAuthenticators: true}
Session ID: 2cf28825ea7a8a419a5b05b8e5d35d84</small> </font> </div>
<div class="test-event"> <font color="maroon"> <small> &emsp; &emsp;--- 04 May 22:56:25 643 - <b>0</b> - Spinner Load Wait: (Sync) - ICar.support.WaitUtils.waitForSpinner(WaitUtils.java:225)</small> </font> </div>
<div class="test-event"> <font color="maroon"> <small> &emsp; &emsp;--- 04 May 22:56:35 750 - Page URL:: https://www.i-car.com/product/damage-analysis-of-fullframe-vehicles</small> </font> </div>
<div class="test-event"> <font color="maroon"> <small> &emsp; &emsp;--- 04 May 22:56:35 750 - <b>0</b> - Page Load Wait: (Sync) - ICar.support.Utils.waitForPageLoad(Utils.java:109)</small> </font> </div>
<div class="test-event"> <font color="maroon"> <small> &emsp; &emsp;--- 04 May 22:56:35 770 - Element is displayed:: [[ChromeDriver: chrome on WINDOWS (2cf28825ea7a8a419a5b05b8e5d35d84)] -> xpath: //a[contains(text(),'Back to Courses')]]</small> </font> </div>
<div class="test-event"> <font color="maroon"> <small> &emsp; &emsp;--- 04 May 22:56:42 799 - Catched spinner load exception due to javascript error: {"status":32,"value":"An invalid or illegal selector was specified"}
  (Session info: chrome=124.0.6367.92)
Build info: version: '4.6.0', revision: '79f1c02ae20'
System info: os.name: 'Windows 10', os.arch: 'amd64', os.version: '10.0', java.version: '17.0.7'
Driver info: org.openqa.selenium.chrome.ChromeDriver
Command: [2cf28825ea7a8a419a5b05b8e5d35d84, findElement {using=css selector, value=div[class='slds-spinner slds-spinner_brand slds-spinner_small']>div:nth-child(2)r}]
Capabilities {acceptInsecureCerts: false, browserName: chrome, browserVersion: 124.0.6367.92, chrome: {chromedriverVersion: 124.0.6367.91 (51df0e5e17a8..., userDataDir: C:\Users\PRATHA~1.KUM\AppDa...}, fedcm:accounts: true, goog:chromeOptions: {debuggerAddress: localhost:49451}, networkConnectionEnabled: false, pageLoadStrategy: normal, platformName: WINDOWS, proxy: Proxy(), se:cdp: ws://localhost:49451/devtoo..., se:cdpVersion: 124.0.6367.92, setWindowRect: true, strictFileInteractability: false, timeouts: {implicit: 0, pageLoad: 300000, script: 30000}, unhandledPromptBehavior: dismiss and notify, webauthn:extension:credBlob: true, webauthn:extension:largeBlob: true, webauthn:extension:minPinLength: true, webauthn:extension:prf: true, webauthn:virtualAuthenticators: true}
Session ID: 2cf28825ea7a8a419a5b05b8e5d35d84</small> </font> </div>
<div class="test-event"> <font color="maroon"> <small> &emsp; &emsp;--- 04 May 22:56:42 799 - <b>0</b> - Spinner Load Wait: (Sync) - ICar.support.WaitUtils.waitForSpinner(WaitUtils.java:225)</small> </font> </div>
<div class="test-message">&emsp;Back To Courses is displayed in the page </div>
<div class="test-message">&emsp;Successfully verified Back To Course Link&emsp;<a href=".\ScreenShot\URL_TC001_2717340423818200.png" target="_blank" >[ScreenShot]</a></div>
<div class="test-event"> <font color="maroon"> <small> &emsp; &emsp;--- 04 May 22:56:43 038 - Catched spinner load exception due to javascript error: {"status":32,"value":"An invalid or illegal selector was specified"}
  (Session info: chrome=124.0.6367.92)
Build info: version: '4.6.0', revision: '79f1c02ae20'
System info: os.name: 'Windows 10', os.arch: 'amd64', os.version: '10.0', java.version: '17.0.7'
Driver info: org.openqa.selenium.chrome.ChromeDriver
Command: [2cf28825ea7a8a419a5b05b8e5d35d84, findElement {using=css selector, value=div[class='slds-spinner slds-spinner_brand slds-spinner_small']>div:nth-child(2)r}]
Capabilities {acceptInsecureCerts: false, browserName: chrome, browserVersion: 124.0.6367.92, chrome: {chromedriverVersion: 124.0.6367.91 (51df0e5e17a8..., userDataDir: C:\Users\PRATHA~1.KUM\AppDa...}, fedcm:accounts: true, goog:chromeOptions: {debuggerAddress: localhost:49451}, networkConnectionEnabled: false, pageLoadStrategy: normal, platformName: WINDOWS, proxy: Proxy(), se:cdp: ws://localhost:49451/devtoo..., se:cdpVersion: 124.0.6367.92, setWindowRect: true, strictFileInteractability: false, timeouts: {implicit: 0, pageLoad: 300000, script: 30000}, unhandledPromptBehavior: dismiss and notify, webauthn:extension:credBlob: true, webauthn:extension:largeBlob: true, webauthn:extension:minPinLength: true, webauthn:extension:prf: true, webauthn:virtualAuthenticators: true}
Session ID: 2cf28825ea7a8a419a5b05b8e5d35d84</small> </font> </div>
<div class="test-event"> <font color="maroon"> <small> &emsp; &emsp;--- 04 May 22:56:43 038 - <b>0</b> - Spinner Load Wait: (Sync) - ICar.support.WaitUtils.waitForSpinner(WaitUtils.java:225)</small> </font> </div>
<div class="test-event"> <font color="maroon"> <small> &emsp; &emsp;--- 04 May 22:56:43 119 - Page URL:: https://www.i-car.com/product/damage-analysis-of-fullframe-vehicles</small> </font> </div>
<div class="test-event"> <font color="maroon"> <small> &emsp; &emsp;--- 04 May 22:56:43 119 - <b>0</b> - Page Load Wait: (Sync) - ICar.support.Utils.waitForPageLoad(Utils.java:109)</small> </font> </div>
<div class="test-event"> <font color="maroon"> <small> &emsp; &emsp;--- 04 May 22:56:53 177 - Element is displayed:: [[ChromeDriver: chrome on WINDOWS (2cf28825ea7a8a419a5b05b8e5d35d84)] -> xpath: //div[@class='productDetails slds-p-bottom_large']//div[contains(@class,'slds-p-bottom_medium')]]</small> </font> </div>
<div class="test-message">&emsp;Course Name : DamageAnalysisofFullFrameVehicles is displayed in the URL page</div>
<div class="test-message">&emsp;Successfully verified the course name for relevant link&emsp;<a href=".\ScreenShot\URL_TC001_2717358816152100.png" target="_blank" >[ScreenShot]</a></div>
<div class="test-message">&emsp;
</div>
<div class="test-message">&emsp;14. URL is : https://www.i-car.com/product/drills-and-drill-bits</div>
<div class="test-event"> <font color="maroon"> <small> &emsp; &emsp;--- 04 May 22:57:02 548 - Page URL:: https://www.i-car.com/product/drills-and-drill-bits</small> </font> </div>
<div class="test-event"> <font color="maroon"> <small> &emsp; &emsp;--- 04 May 22:57:02 548 - <b>0</b> - Page Load Wait: (Sync) - ICar.support.Utils.waitForPageLoad(Utils.java:109)</small> </font> </div>
<div class="test-message">&emsp;Successfully navigated to the :  https://www.i-car.com/product/drills-and-drill-bits   Page&emsp;<a href=".\ScreenShot\URL_TC001_2717360162048100.png" target="_blank" >[ScreenShot]</a></div>
<div class="test-event"> <font color="maroon"> <small> &emsp; &emsp;--- 04 May 22:57:02 840 - Page URL:: https://www.i-car.com/product/drills-and-drill-bits</small> </font> </div>
<div class="test-event"> <font color="maroon"> <small> &emsp; &emsp;--- 04 May 22:57:02 841 - <b>0</b> - Page Load Wait: (Sync) - ICar.support.Utils.waitForPageLoad(Utils.java:109)</small> </font> </div>
<div class="test-event"> <font color="maroon"> <small> &emsp; &emsp;--- 04 May 22:57:02 849 - Catched spinner load exception due to javascript error: {"status":32,"value":"An invalid or illegal selector was specified"}
  (Session info: chrome=124.0.6367.92)
Build info: version: '4.6.0', revision: '79f1c02ae20'
System info: os.name: 'Windows 10', os.arch: 'amd64', os.version: '10.0', java.version: '17.0.7'
Driver info: org.openqa.selenium.chrome.ChromeDriver
Command: [2cf28825ea7a8a419a5b05b8e5d35d84, findElement {using=css selector, value=div[class='slds-spinner slds-spinner_brand slds-spinner_small']>div:nth-child(2)r}]
Capabilities {acceptInsecureCerts: false, browserName: chrome, browserVersion: 124.0.6367.92, chrome: {chromedriverVersion: 124.0.6367.91 (51df0e5e17a8..., userDataDir: C:\Users\PRATHA~1.KUM\AppDa...}, fedcm:accounts: true, goog:chromeOptions: {debuggerAddress: localhost:49451}, networkConnectionEnabled: false, pageLoadStrategy: normal, platformName: WINDOWS, proxy: Proxy(), se:cdp: ws://localhost:49451/devtoo..., se:cdpVersion: 124.0.6367.92, setWindowRect: true, strictFileInteractability: false, timeouts: {implicit: 0, pageLoad: 300000, script: 30000}, unhandledPromptBehavior: dismiss and notify, webauthn:extension:credBlob: true, webauthn:extension:largeBlob: true, webauthn:extension:minPinLength: true, webauthn:extension:prf: true, webauthn:virtualAuthenticators: true}
Session ID: 2cf28825ea7a8a419a5b05b8e5d35d84</small> </font> </div>
<div class="test-event"> <font color="maroon"> <small> &emsp; &emsp;--- 04 May 22:57:02 850 - <b>0</b> - Spinner Load Wait: (Sync) - ICar.support.WaitUtils.waitForSpinner(WaitUtils.java:225)</small> </font> </div>
<div class="test-event"> <font color="maroon"> <small> &emsp; &emsp;--- 04 May 22:57:12 947 - Page URL:: https://www.i-car.com/product/drills-and-drill-bits</small> </font> </div>
<div class="test-event"> <font color="maroon"> <small> &emsp; &emsp;--- 04 May 22:57:12 948 - <b>0</b> - Page Load Wait: (Sync) - ICar.support.Utils.waitForPageLoad(Utils.java:109)</small> </font> </div>
<div class="test-event"> <font color="maroon"> <small> &emsp; &emsp;--- 04 May 22:57:12 968 - Element is displayed:: [[ChromeDriver: chrome on WINDOWS (2cf28825ea7a8a419a5b05b8e5d35d84)] -> xpath: //a[contains(text(),'Back to Courses')]]</small> </font> </div>
<div class="test-event"> <font color="maroon"> <small> &emsp; &emsp;--- 04 May 22:57:19 998 - Catched spinner load exception due to javascript error: {"status":32,"value":"An invalid or illegal selector was specified"}
  (Session info: chrome=124.0.6367.92)
Build info: version: '4.6.0', revision: '79f1c02ae20'
System info: os.name: 'Windows 10', os.arch: 'amd64', os.version: '10.0', java.version: '17.0.7'
Driver info: org.openqa.selenium.chrome.ChromeDriver
Command: [2cf28825ea7a8a419a5b05b8e5d35d84, findElement {using=css selector, value=div[class='slds-spinner slds-spinner_brand slds-spinner_small']>div:nth-child(2)r}]
Capabilities {acceptInsecureCerts: false, browserName: chrome, browserVersion: 124.0.6367.92, chrome: {chromedriverVersion: 124.0.6367.91 (51df0e5e17a8..., userDataDir: C:\Users\PRATHA~1.KUM\AppDa...}, fedcm:accounts: true, goog:chromeOptions: {debuggerAddress: localhost:49451}, networkConnectionEnabled: false, pageLoadStrategy: normal, platformName: WINDOWS, proxy: Proxy(), se:cdp: ws://localhost:49451/devtoo..., se:cdpVersion: 124.0.6367.92, setWindowRect: true, strictFileInteractability: false, timeouts: {implicit: 0, pageLoad: 300000, script: 30000}, unhandledPromptBehavior: dismiss and notify, webauthn:extension:credBlob: true, webauthn:extension:largeBlob: true, webauthn:extension:minPinLength: true, webauthn:extension:prf: true, webauthn:virtualAuthenticators: true}
Session ID: 2cf28825ea7a8a419a5b05b8e5d35d84</small> </font> </div>
<div class="test-event"> <font color="maroon"> <small> &emsp; &emsp;--- 04 May 22:57:19 998 - <b>0</b> - Spinner Load Wait: (Sync) - ICar.support.WaitUtils.waitForSpinner(WaitUtils.java:225)</small> </font> </div>
<div class="test-message">&emsp;Back To Courses is displayed in the page </div>
<div class="test-message">&emsp;Successfully verified Back To Course Link&emsp;<a href=".\ScreenShot\URL_TC001_2717377622344800.png" target="_blank" >[ScreenShot]</a></div>
<div class="test-event"> <font color="maroon"> <small> &emsp; &emsp;--- 04 May 22:57:20 230 - Catched spinner load exception due to javascript error: {"status":32,"value":"An invalid or illegal selector was specified"}
  (Session info: chrome=124.0.6367.92)
Build info: version: '4.6.0', revision: '79f1c02ae20'
System info: os.name: 'Windows 10', os.arch: 'amd64', os.version: '10.0', java.version: '17.0.7'
Driver info: org.openqa.selenium.chrome.ChromeDriver
Command: [2cf28825ea7a8a419a5b05b8e5d35d84, findElement {using=css selector, value=div[class='slds-spinner slds-spinner_brand slds-spinner_small']>div:nth-child(2)r}]
Capabilities {acceptInsecureCerts: false, browserName: chrome, browserVersion: 124.0.6367.92, chrome: {chromedriverVersion: 124.0.6367.91 (51df0e5e17a8..., userDataDir: C:\Users\PRATHA~1.KUM\AppDa...}, fedcm:accounts: true, goog:chromeOptions: {debuggerAddress: localhost:49451}, networkConnectionEnabled: false, pageLoadStrategy: normal, platformName: WINDOWS, proxy: Proxy(), se:cdp: ws://localhost:49451/devtoo..., se:cdpVersion: 124.0.6367.92, setWindowRect: true, strictFileInteractability: false, timeouts: {implicit: 0, pageLoad: 300000, script: 30000}, unhandledPromptBehavior: dismiss and notify, webauthn:extension:credBlob: true, webauthn:extension:largeBlob: true, webauthn:extension:minPinLength: true, webauthn:extension:prf: true, webauthn:virtualAuthenticators: true}
Session ID: 2cf28825ea7a8a419a5b05b8e5d35d84</small> </font> </div>
<div class="test-event"> <font color="maroon"> <small> &emsp; &emsp;--- 04 May 22:57:20 230 - <b>0</b> - Spinner Load Wait: (Sync) - ICar.support.WaitUtils.waitForSpinner(WaitUtils.java:225)</small> </font> </div>
<div class="test-event"> <font color="maroon"> <small> &emsp; &emsp;--- 04 May 22:57:20 303 - Page URL:: https://www.i-car.com/product/drills-and-drill-bits</small> </font> </div>
<div class="test-event"> <font color="maroon"> <small> &emsp; &emsp;--- 04 May 22:57:20 304 - <b>0</b> - Page Load Wait: (Sync) - ICar.support.Utils.waitForPageLoad(Utils.java:109)</small> </font> </div>
<div class="test-event"> <font color="maroon"> <small> &emsp; &emsp;--- 04 May 22:57:30 380 - Element is displayed:: [[ChromeDriver: chrome on WINDOWS (2cf28825ea7a8a419a5b05b8e5d35d84)] -> xpath: //div[@class='productDetails slds-p-bottom_large']//div[contains(@class,'slds-p-bottom_medium')]]</small> </font> </div>
<div class="test-message">&emsp;Course Name : DrillsandDrillBits is displayed in the URL page</div>
<div class="test-message">&emsp;Successfully verified the course name for relevant link&emsp;<a href=".\ScreenShot\URL_TC001_2717396023958400.png" target="_blank" >[ScreenShot]</a></div>
<div class="test-message">&emsp;
</div>
<div class="test-message">&emsp;15. URL is : https://www.i-car.com/product/estimating-guide-fundamentals</div>
<div class="test-event"> <font color="maroon"> <small> &emsp; &emsp;--- 04 May 22:57:39 651 - Page URL:: https://www.i-car.com/product/estimating-guide-fundamentals</small> </font> </div>
<div class="test-event"> <font color="maroon"> <small> &emsp; &emsp;--- 04 May 22:57:39 651 - <b>0</b> - Page Load Wait: (Sync) - ICar.support.Utils.waitForPageLoad(Utils.java:109)</small> </font> </div>
<div class="test-message">&emsp;Successfully navigated to the :  https://www.i-car.com/product/estimating-guide-fundamentals   Page&emsp;<a href=".\ScreenShot\URL_TC001_2717397263632600.png" target="_blank" >[ScreenShot]</a></div>
<div class="test-event"> <font color="maroon"> <small> &emsp; &emsp;--- 04 May 22:57:39 905 - Page URL:: https://www.i-car.com/product/estimating-guide-fundamentals</small> </font> </div>
<div class="test-event"> <font color="maroon"> <small> &emsp; &emsp;--- 04 May 22:57:39 905 - <b>0</b> - Page Load Wait: (Sync) - ICar.support.Utils.waitForPageLoad(Utils.java:109)</small> </font> </div>
<div class="test-event"> <font color="maroon"> <small> &emsp; &emsp;--- 04 May 22:57:39 917 - Catched spinner load exception due to javascript error: {"status":32,"value":"An invalid or illegal selector was specified"}
  (Session info: chrome=124.0.6367.92)
Build info: version: '4.6.0', revision: '79f1c02ae20'
System info: os.name: 'Windows 10', os.arch: 'amd64', os.version: '10.0', java.version: '17.0.7'
Driver info: org.openqa.selenium.chrome.ChromeDriver
Command: [2cf28825ea7a8a419a5b05b8e5d35d84, findElement {using=css selector, value=div[class='slds-spinner slds-spinner_brand slds-spinner_small']>div:nth-child(2)r}]
Capabilities {acceptInsecureCerts: false, browserName: chrome, browserVersion: 124.0.6367.92, chrome: {chromedriverVersion: 124.0.6367.91 (51df0e5e17a8..., userDataDir: C:\Users\PRATHA~1.KUM\AppDa...}, fedcm:accounts: true, goog:chromeOptions: {debuggerAddress: localhost:49451}, networkConnectionEnabled: false, pageLoadStrategy: normal, platformName: WINDOWS, proxy: Proxy(), se:cdp: ws://localhost:49451/devtoo..., se:cdpVersion: 124.0.6367.92, setWindowRect: true, strictFileInteractability: false, timeouts: {implicit: 0, pageLoad: 300000, script: 30000}, unhandledPromptBehavior: dismiss and notify, webauthn:extension:credBlob: true, webauthn:extension:largeBlob: true, webauthn:extension:minPinLength: true, webauthn:extension:prf: true, webauthn:virtualAuthenticators: true}
Session ID: 2cf28825ea7a8a419a5b05b8e5d35d84</small> </font> </div>
<div class="test-event"> <font color="maroon"> <small> &emsp; &emsp;--- 04 May 22:57:39 917 - <b>0</b> - Spinner Load Wait: (Sync) - ICar.support.WaitUtils.waitForSpinner(WaitUtils.java:225)</small> </font> </div>
<div class="test-event"> <font color="maroon"> <small> &emsp; &emsp;--- 04 May 22:57:50 011 - Page URL:: https://www.i-car.com/product/estimating-guide-fundamentals</small> </font> </div>
<div class="test-event"> <font color="maroon"> <small> &emsp; &emsp;--- 04 May 22:57:50 011 - <b>0</b> - Page Load Wait: (Sync) - ICar.support.Utils.waitForPageLoad(Utils.java:109)</small> </font> </div>
<div class="test-event"> <font color="maroon"> <small> &emsp; &emsp;--- 04 May 22:57:50 032 - Element is displayed:: [[ChromeDriver: chrome on WINDOWS (2cf28825ea7a8a419a5b05b8e5d35d84)] -> xpath: //a[contains(text(),'Back to Courses')]]</small> </font> </div>
<div class="test-event"> <font color="maroon"> <small> &emsp; &emsp;--- 04 May 22:57:57 066 - Catched spinner load exception due to javascript error: {"status":32,"value":"An invalid or illegal selector was specified"}
  (Session info: chrome=124.0.6367.92)
Build info: version: '4.6.0', revision: '79f1c02ae20'
System info: os.name: 'Windows 10', os.arch: 'amd64', os.version: '10.0', java.version: '17.0.7'
Driver info: org.openqa.selenium.chrome.ChromeDriver
Command: [2cf28825ea7a8a419a5b05b8e5d35d84, findElement {using=css selector, value=div[class='slds-spinner slds-spinner_brand slds-spinner_small']>div:nth-child(2)r}]
Capabilities {acceptInsecureCerts: false, browserName: chrome, browserVersion: 124.0.6367.92, chrome: {chromedriverVersion: 124.0.6367.91 (51df0e5e17a8..., userDataDir: C:\Users\PRATHA~1.KUM\AppDa...}, fedcm:accounts: true, goog:chromeOptions: {debuggerAddress: localhost:49451}, networkConnectionEnabled: false, pageLoadStrategy: normal, platformName: WINDOWS, proxy: Proxy(), se:cdp: ws://localhost:49451/devtoo..., se:cdpVersion: 124.0.6367.92, setWindowRect: true, strictFileInteractability: false, timeouts: {implicit: 0, pageLoad: 300000, script: 30000}, unhandledPromptBehavior: dismiss and notify, webauthn:extension:credBlob: true, webauthn:extension:largeBlob: true, webauthn:extension:minPinLength: true, webauthn:extension:prf: true, webauthn:virtualAuthenticators: true}
Session ID: 2cf28825ea7a8a419a5b05b8e5d35d84</small> </font> </div>
<div class="test-event"> <font color="maroon"> <small> &emsp; &emsp;--- 04 May 22:57:57 067 - <b>0</b> - Spinner Load Wait: (Sync) - ICar.support.WaitUtils.waitForSpinner(WaitUtils.java:225)</small> </font> </div>
<div class="test-message">&emsp;Back To Courses is displayed in the page </div>
<div class="test-message">&emsp;Successfully verified Back To Course Link&emsp;<a href=".\ScreenShot\URL_TC001_2717414690973000.png" target="_blank" >[ScreenShot]</a></div>
<div class="test-event"> <font color="maroon"> <small> &emsp; &emsp;--- 04 May 22:57:57 284 - Catched spinner load exception due to javascript error: {"status":32,"value":"An invalid or illegal selector was specified"}
  (Session info: chrome=124.0.6367.92)
Build info: version: '4.6.0', revision: '79f1c02ae20'
System info: os.name: 'Windows 10', os.arch: 'amd64', os.version: '10.0', java.version: '17.0.7'
Driver info: org.openqa.selenium.chrome.ChromeDriver
Command: [2cf28825ea7a8a419a5b05b8e5d35d84, findElement {using=css selector, value=div[class='slds-spinner slds-spinner_brand slds-spinner_small']>div:nth-child(2)r}]
Capabilities {acceptInsecureCerts: false, browserName: chrome, browserVersion: 124.0.6367.92, chrome: {chromedriverVersion: 124.0.6367.91 (51df0e5e17a8..., userDataDir: C:\Users\PRATHA~1.KUM\AppDa...}, fedcm:accounts: true, goog:chromeOptions: {debuggerAddress: localhost:49451}, networkConnectionEnabled: false, pageLoadStrategy: normal, platformName: WINDOWS, proxy: Proxy(), se:cdp: ws://localhost:49451/devtoo..., se:cdpVersion: 124.0.6367.92, setWindowRect: true, strictFileInteractability: false, timeouts: {implicit: 0, pageLoad: 300000, script: 30000}, unhandledPromptBehavior: dismiss and notify, webauthn:extension:credBlob: true, webauthn:extension:largeBlob: true, webauthn:extension:minPinLength: true, webauthn:extension:prf: true, webauthn:virtualAuthenticators: true}
Session ID: 2cf28825ea7a8a419a5b05b8e5d35d84</small> </font> </div>
<div class="test-event"> <font color="maroon"> <small> &emsp; &emsp;--- 04 May 22:57:57 284 - <b>0</b> - Spinner Load Wait: (Sync) - ICar.support.WaitUtils.waitForSpinner(WaitUtils.java:225)</small> </font> </div>
<div class="test-event"> <font color="maroon"> <small> &emsp; &emsp;--- 04 May 22:57:57 356 - Page URL:: https://www.i-car.com/product/estimating-guide-fundamentals</small> </font> </div>
<div class="test-event"> <font color="maroon"> <small> &emsp; &emsp;--- 04 May 22:57:57 356 - <b>0</b> - Page Load Wait: (Sync) - ICar.support.Utils.waitForPageLoad(Utils.java:109)</small> </font> </div>
<div class="test-event"> <font color="maroon"> <small> &emsp; &emsp;--- 04 May 22:58:07 406 - Element is displayed:: [[ChromeDriver: chrome on WINDOWS (2cf28825ea7a8a419a5b05b8e5d35d84)] -> xpath: //div[@class='productDetails slds-p-bottom_large']//div[contains(@class,'slds-p-bottom_medium')]]</small> </font> </div>
<div class="test-message">&emsp;Course Name : EstimatingGuideFundamentals is displayed in the URL page</div>
<div class="test-message">&emsp;Successfully verified the course name for relevant link&emsp;<a href=".\ScreenShot\URL_TC001_2717433040205700.png" target="_blank" >[ScreenShot]</a></div>
<div class="test-message">&emsp;
</div>
<div class="test-message">&emsp;16. URL is : https://www.i-car.com/product/general-motors-gm-bev-basic-training-package</div>
<div class="test-event"> <font color="maroon"> <small> &emsp; &emsp;--- 04 May 22:58:18 837 - Page URL:: https://www.i-car.com/product/general-motors-gm-bev-basic-training-package</small> </font> </div>
<div class="test-event"> <font color="maroon"> <small> &emsp; &emsp;--- 04 May 22:58:18 837 - <b>0</b> - Page Load Wait: (Sync) - ICar.support.Utils.waitForPageLoad(Utils.java:109)</small> </font> </div>
<div class="test-message">&emsp;Successfully navigated to the :  https://www.i-car.com/product/general-motors-gm-bev-basic-training-package   Page&emsp;<a href=".\ScreenShot\URL_TC001_2717436449115000.png" target="_blank" >[ScreenShot]</a></div>
<div class="test-event"> <font color="maroon"> <small> &emsp; &emsp;--- 04 May 22:58:19 153 - Page URL:: https://www.i-car.com/product/general-motors-gm-bev-basic-training-package</small> </font> </div>
<div class="test-event"> <font color="maroon"> <small> &emsp; &emsp;--- 04 May 22:58:19 153 - <b>0</b> - Page Load Wait: (Sync) - ICar.support.Utils.waitForPageLoad(Utils.java:109)</small> </font> </div>
<div class="test-event"> <font color="maroon"> <small> &emsp; &emsp;--- 04 May 22:58:19 164 - Catched spinner load exception due to javascript error: {"status":32,"value":"An invalid or illegal selector was specified"}
  (Session info: chrome=124.0.6367.92)
Build info: version: '4.6.0', revision: '79f1c02ae20'
System info: os.name: 'Windows 10', os.arch: 'amd64', os.version: '10.0', java.version: '17.0.7'
Driver info: org.openqa.selenium.chrome.ChromeDriver
Command: [2cf28825ea7a8a419a5b05b8e5d35d84, findElement {using=css selector, value=div[class='slds-spinner slds-spinner_brand slds-spinner_small']>div:nth-child(2)r}]
Capabilities {acceptInsecureCerts: false, browserName: chrome, browserVersion: 124.0.6367.92, chrome: {chromedriverVersion: 124.0.6367.91 (51df0e5e17a8..., userDataDir: C:\Users\PRATHA~1.KUM\AppDa...}, fedcm:accounts: true, goog:chromeOptions: {debuggerAddress: localhost:49451}, networkConnectionEnabled: false, pageLoadStrategy: normal, platformName: WINDOWS, proxy: Proxy(), se:cdp: ws://localhost:49451/devtoo..., se:cdpVersion: 124.0.6367.92, setWindowRect: true, strictFileInteractability: false, timeouts: {implicit: 0, pageLoad: 300000, script: 30000}, unhandledPromptBehavior: dismiss and notify, webauthn:extension:credBlob: true, webauthn:extension:largeBlob: true, webauthn:extension:minPinLength: true, webauthn:extension:prf: true, webauthn:virtualAuthenticators: true}
Session ID: 2cf28825ea7a8a419a5b05b8e5d35d84</small> </font> </div>
<div class="test-event"> <font color="maroon"> <small> &emsp; &emsp;--- 04 May 22:58:19 164 - <b>0</b> - Spinner Load Wait: (Sync) - ICar.support.WaitUtils.waitForSpinner(WaitUtils.java:225)</small> </font> </div>
<div class="test-event"> <font color="maroon"> <small> &emsp; &emsp;--- 04 May 22:58:29 273 - Page URL:: https://www.i-car.com/product/general-motors-gm-bev-basic-training-package</small> </font> </div>
<div class="test-event"> <font color="maroon"> <small> &emsp; &emsp;--- 04 May 22:58:29 274 - <b>0</b> - Page Load Wait: (Sync) - ICar.support.Utils.waitForPageLoad(Utils.java:109)</small> </font> </div>
<div class="test-event"> <font color="maroon"> <small> &emsp; &emsp;--- 04 May 22:58:29 292 - Element is displayed:: [[ChromeDriver: chrome on WINDOWS (2cf28825ea7a8a419a5b05b8e5d35d84)] -> xpath: //a[contains(text(),'Back to Courses')]]</small> </font> </div>
<div class="test-event"> <font color="maroon"> <small> &emsp; &emsp;--- 04 May 22:58:36 310 - Catched spinner load exception due to javascript error: {"status":32,"value":"An invalid or illegal selector was specified"}
  (Session info: chrome=124.0.6367.92)
Build info: version: '4.6.0', revision: '79f1c02ae20'
System info: os.name: 'Windows 10', os.arch: 'amd64', os.version: '10.0', java.version: '17.0.7'
Driver info: org.openqa.selenium.chrome.ChromeDriver
Command: [2cf28825ea7a8a419a5b05b8e5d35d84, findElement {using=css selector, value=div[class='slds-spinner slds-spinner_brand slds-spinner_small']>div:nth-child(2)r}]
Capabilities {acceptInsecureCerts: false, browserName: chrome, browserVersion: 124.0.6367.92, chrome: {chromedriverVersion: 124.0.6367.91 (51df0e5e17a8..., userDataDir: C:\Users\PRATHA~1.KUM\AppDa...}, fedcm:accounts: true, goog:chromeOptions: {debuggerAddress: localhost:49451}, networkConnectionEnabled: false, pageLoadStrategy: normal, platformName: WINDOWS, proxy: Proxy(), se:cdp: ws://localhost:49451/devtoo..., se:cdpVersion: 124.0.6367.92, setWindowRect: true, strictFileInteractability: false, timeouts: {implicit: 0, pageLoad: 300000, script: 30000}, unhandledPromptBehavior: dismiss and notify, webauthn:extension:credBlob: true, webauthn:extension:largeBlob: true, webauthn:extension:minPinLength: true, webauthn:extension:prf: true, webauthn:virtualAuthenticators: true}
Session ID: 2cf28825ea7a8a419a5b05b8e5d35d84</small> </font> </div>
<div class="test-event"> <font color="maroon"> <small> &emsp; &emsp;--- 04 May 22:58:36 310 - <b>0</b> - Spinner Load Wait: (Sync) - ICar.support.WaitUtils.waitForSpinner(WaitUtils.java:225)</small> </font> </div>
<div class="test-message">&emsp;Back To Courses is displayed in the page </div>
<div class="test-message">&emsp;Successfully verified Back To Course Link&emsp;<a href=".\ScreenShot\URL_TC001_2717453934933300.png" target="_blank" >[ScreenShot]</a></div>
<div class="test-event"> <font color="maroon"> <small> &emsp; &emsp;--- 04 May 22:58:36 603 - Catched spinner load exception due to javascript error: {"status":32,"value":"An invalid or illegal selector was specified"}
  (Session info: chrome=124.0.6367.92)
Build info: version: '4.6.0', revision: '79f1c02ae20'
System info: os.name: 'Windows 10', os.arch: 'amd64', os.version: '10.0', java.version: '17.0.7'
Driver info: org.openqa.selenium.chrome.ChromeDriver
Command: [2cf28825ea7a8a419a5b05b8e5d35d84, findElement {using=css selector, value=div[class='slds-spinner slds-spinner_brand slds-spinner_small']>div:nth-child(2)r}]
Capabilities {acceptInsecureCerts: false, browserName: chrome, browserVersion: 124.0.6367.92, chrome: {chromedriverVersion: 124.0.6367.91 (51df0e5e17a8..., userDataDir: C:\Users\PRATHA~1.KUM\AppDa...}, fedcm:accounts: true, goog:chromeOptions: {debuggerAddress: localhost:49451}, networkConnectionEnabled: false, pageLoadStrategy: normal, platformName: WINDOWS, proxy: Proxy(), se:cdp: ws://localhost:49451/devtoo..., se:cdpVersion: 124.0.6367.92, setWindowRect: true, strictFileInteractability: false, timeouts: {implicit: 0, pageLoad: 300000, script: 30000}, unhandledPromptBehavior: dismiss and notify, webauthn:extension:credBlob: true, webauthn:extension:largeBlob: true, webauthn:extension:minPinLength: true, webauthn:extension:prf: true, webauthn:virtualAuthenticators: true}
Session ID: 2cf28825ea7a8a419a5b05b8e5d35d84</small> </font> </div>
<div class="test-event"> <font color="maroon"> <small> &emsp; &emsp;--- 04 May 22:58:36 603 - <b>0</b> - Spinner Load Wait: (Sync) - ICar.support.WaitUtils.waitForSpinner(WaitUtils.java:225)</small> </font> </div>
<div class="test-event"> <font color="maroon"> <small> &emsp; &emsp;--- 04 May 22:58:36 681 - Page URL:: https://www.i-car.com/product/general-motors-gm-bev-basic-training-package</small> </font> </div>
<div class="test-event"> <font color="maroon"> <small> &emsp; &emsp;--- 04 May 22:58:36 681 - <b>0</b> - Page Load Wait: (Sync) - ICar.support.Utils.waitForPageLoad(Utils.java:109)</small> </font> </div>
<div class="test-event"> <font color="maroon"> <small> &emsp; &emsp;--- 04 May 22:58:46 732 - Element is displayed:: [[ChromeDriver: chrome on WINDOWS (2cf28825ea7a8a419a5b05b8e5d35d84)] -> xpath: //div[@class='productDetails slds-p-bottom_large']//div[contains(@class,'slds-p-bottom_medium')]]</small> </font> </div>
<div class="test-message">&emsp;Course Name : GeneralMotorsGMBEVBasicTrainingPackage is displayed in the URL page</div>
<div class="test-message">&emsp;Successfully verified the course name for relevant link&emsp;<a href=".\ScreenShot\URL_TC001_2717472372386400.png" target="_blank" >[ScreenShot]</a></div>
<div class="test-message">&emsp;
</div>
<div class="test-message">&emsp;17. URL is : https://www.i-car.com/product/matching-the-repair-to-the-team</div>
<div class="test-event"> <font color="maroon"> <small> &emsp; &emsp;--- 04 May 22:58:55 993 - Page URL:: https://www.i-car.com/product/matching-the-repair-to-the-team</small> </font> </div>
<div class="test-event"> <font color="maroon"> <small> &emsp; &emsp;--- 04 May 22:58:55 994 - <b>0</b> - Page Load Wait: (Sync) - ICar.support.Utils.waitForPageLoad(Utils.java:109)</small> </font> </div>
<div class="test-message">&emsp;Successfully navigated to the :  https://www.i-car.com/product/matching-the-repair-to-the-team   Page&emsp;<a href=".\ScreenShot\URL_TC001_2717473606320200.png" target="_blank" >[ScreenShot]</a></div>
<div class="test-event"> <font color="maroon"> <small> &emsp; &emsp;--- 04 May 22:58:56 253 - Page URL:: https://www.i-car.com/product/matching-the-repair-to-the-team</small> </font> </div>
<div class="test-event"> <font color="maroon"> <small> &emsp; &emsp;--- 04 May 22:58:56 253 - <b>0</b> - Page Load Wait: (Sync) - ICar.support.Utils.waitForPageLoad(Utils.java:109)</small> </font> </div>
<div class="test-event"> <font color="maroon"> <small> &emsp; &emsp;--- 04 May 22:58:56 262 - Catched spinner load exception due to javascript error: {"status":32,"value":"An invalid or illegal selector was specified"}
  (Session info: chrome=124.0.6367.92)
Build info: version: '4.6.0', revision: '79f1c02ae20'
System info: os.name: 'Windows 10', os.arch: 'amd64', os.version: '10.0', java.version: '17.0.7'
Driver info: org.openqa.selenium.chrome.ChromeDriver
Command: [2cf28825ea7a8a419a5b05b8e5d35d84, findElement {using=css selector, value=div[class='slds-spinner slds-spinner_brand slds-spinner_small']>div:nth-child(2)r}]
Capabilities {acceptInsecureCerts: false, browserName: chrome, browserVersion: 124.0.6367.92, chrome: {chromedriverVersion: 124.0.6367.91 (51df0e5e17a8..., userDataDir: C:\Users\PRATHA~1.KUM\AppDa...}, fedcm:accounts: true, goog:chromeOptions: {debuggerAddress: localhost:49451}, networkConnectionEnabled: false, pageLoadStrategy: normal, platformName: WINDOWS, proxy: Proxy(), se:cdp: ws://localhost:49451/devtoo..., se:cdpVersion: 124.0.6367.92, setWindowRect: true, strictFileInteractability: false, timeouts: {implicit: 0, pageLoad: 300000, script: 30000}, unhandledPromptBehavior: dismiss and notify, webauthn:extension:credBlob: true, webauthn:extension:largeBlob: true, webauthn:extension:minPinLength: true, webauthn:extension:prf: true, webauthn:virtualAuthenticators: true}
Session ID: 2cf28825ea7a8a419a5b05b8e5d35d84</small> </font> </div>
<div class="test-event"> <font color="maroon"> <small> &emsp; &emsp;--- 04 May 22:58:56 262 - <b>0</b> - Spinner Load Wait: (Sync) - ICar.support.WaitUtils.waitForSpinner(WaitUtils.java:225)</small> </font> </div>
<div class="test-event"> <font color="maroon"> <small> &emsp; &emsp;--- 04 May 22:59:06 380 - Page URL:: https://www.i-car.com/product/matching-the-repair-to-the-team</small> </font> </div>
<div class="test-event"> <font color="maroon"> <small> &emsp; &emsp;--- 04 May 22:59:06 380 - <b>0</b> - Page Load Wait: (Sync) - ICar.support.Utils.waitForPageLoad(Utils.java:109)</small> </font> </div>
<div class="test-event"> <font color="maroon"> <small> &emsp; &emsp;--- 04 May 22:59:06 399 - Element is displayed:: [[ChromeDriver: chrome on WINDOWS (2cf28825ea7a8a419a5b05b8e5d35d84)] -> xpath: //a[contains(text(),'Back to Courses')]]</small> </font> </div>
<div class="test-event"> <font color="maroon"> <small> &emsp; &emsp;--- 04 May 22:59:13 432 - Catched spinner load exception due to javascript error: {"status":32,"value":"An invalid or illegal selector was specified"}
  (Session info: chrome=124.0.6367.92)
Build info: version: '4.6.0', revision: '79f1c02ae20'
System info: os.name: 'Windows 10', os.arch: 'amd64', os.version: '10.0', java.version: '17.0.7'
Driver info: org.openqa.selenium.chrome.ChromeDriver
Command: [2cf28825ea7a8a419a5b05b8e5d35d84, findElement {using=css selector, value=div[class='slds-spinner slds-spinner_brand slds-spinner_small']>div:nth-child(2)r}]
Capabilities {acceptInsecureCerts: false, browserName: chrome, browserVersion: 124.0.6367.92, chrome: {chromedriverVersion: 124.0.6367.91 (51df0e5e17a8..., userDataDir: C:\Users\PRATHA~1.KUM\AppDa...}, fedcm:accounts: true, goog:chromeOptions: {debuggerAddress: localhost:49451}, networkConnectionEnabled: false, pageLoadStrategy: normal, platformName: WINDOWS, proxy: Proxy(), se:cdp: ws://localhost:49451/devtoo..., se:cdpVersion: 124.0.6367.92, setWindowRect: true, strictFileInteractability: false, timeouts: {implicit: 0, pageLoad: 300000, script: 30000}, unhandledPromptBehavior: dismiss and notify, webauthn:extension:credBlob: true, webauthn:extension:largeBlob: true, webauthn:extension:minPinLength: true, webauthn:extension:prf: true, webauthn:virtualAuthenticators: true}
Session ID: 2cf28825ea7a8a419a5b05b8e5d35d84</small> </font> </div>
<div class="test-event"> <font color="maroon"> <small> &emsp; &emsp;--- 04 May 22:59:13 432 - <b>0</b> - Spinner Load Wait: (Sync) - ICar.support.WaitUtils.waitForSpinner(WaitUtils.java:225)</small> </font> </div>
<div class="test-message">&emsp;Back To Courses is displayed in the page </div>
<div class="test-message">&emsp;Successfully verified Back To Course Link&emsp;<a href=".\ScreenShot\URL_TC001_2717491056455500.png" target="_blank" >[ScreenShot]</a></div>
<div class="test-event"> <font color="maroon"> <small> &emsp; &emsp;--- 04 May 22:59:13 652 - Catched spinner load exception due to javascript error: {"status":32,"value":"An invalid or illegal selector was specified"}
  (Session info: chrome=124.0.6367.92)
Build info: version: '4.6.0', revision: '79f1c02ae20'
System info: os.name: 'Windows 10', os.arch: 'amd64', os.version: '10.0', java.version: '17.0.7'
Driver info: org.openqa.selenium.chrome.ChromeDriver
Command: [2cf28825ea7a8a419a5b05b8e5d35d84, findElement {using=css selector, value=div[class='slds-spinner slds-spinner_brand slds-spinner_small']>div:nth-child(2)r}]
Capabilities {acceptInsecureCerts: false, browserName: chrome, browserVersion: 124.0.6367.92, chrome: {chromedriverVersion: 124.0.6367.91 (51df0e5e17a8..., userDataDir: C:\Users\PRATHA~1.KUM\AppDa...}, fedcm:accounts: true, goog:chromeOptions: {debuggerAddress: localhost:49451}, networkConnectionEnabled: false, pageLoadStrategy: normal, platformName: WINDOWS, proxy: Proxy(), se:cdp: ws://localhost:49451/devtoo..., se:cdpVersion: 124.0.6367.92, setWindowRect: true, strictFileInteractability: false, timeouts: {implicit: 0, pageLoad: 300000, script: 30000}, unhandledPromptBehavior: dismiss and notify, webauthn:extension:credBlob: true, webauthn:extension:largeBlob: true, webauthn:extension:minPinLength: true, webauthn:extension:prf: true, webauthn:virtualAuthenticators: true}
Session ID: 2cf28825ea7a8a419a5b05b8e5d35d84</small> </font> </div>
<div class="test-event"> <font color="maroon"> <small> &emsp; &emsp;--- 04 May 22:59:13 652 - <b>0</b> - Spinner Load Wait: (Sync) - ICar.support.WaitUtils.waitForSpinner(WaitUtils.java:225)</small> </font> </div>
<div class="test-event"> <font color="maroon"> <small> &emsp; &emsp;--- 04 May 22:59:13 744 - Page URL:: https://www.i-car.com/product/matching-the-repair-to-the-team</small> </font> </div>
<div class="test-event"> <font color="maroon"> <small> &emsp; &emsp;--- 04 May 22:59:13 744 - <b>0</b> - Page Load Wait: (Sync) - ICar.support.Utils.waitForPageLoad(Utils.java:109)</small> </font> </div>
<div class="test-event"> <font color="maroon"> <small> &emsp; &emsp;--- 04 May 22:59:23 805 - Element is displayed:: [[ChromeDriver: chrome on WINDOWS (2cf28825ea7a8a419a5b05b8e5d35d84)] -> xpath: //div[@class='productDetails slds-p-bottom_large']//div[contains(@class,'slds-p-bottom_medium')]]</small> </font> </div>
<div class="test-message">&emsp;Course Name : MatchingtheRepairtotheTeam is displayed in the URL page</div>
<div class="test-message">&emsp;Successfully verified the course name for relevant link&emsp;<a href=".\ScreenShot\URL_TC001_2717509445767200.png" target="_blank" >[ScreenShot]</a></div>
<div class="test-message">&emsp;
</div>
<div class="test-message">&emsp;18. URL is : https://www.i-car.com/product/pl2-nonstructural-technician</div>
<div class="test-event"> <font color="maroon"> <small> &emsp; &emsp;--- 04 May 22:59:32 965 - Page URL:: https://www.i-car.com/product/pl2-nonstructural-technician</small> </font> </div>
<div class="test-event"> <font color="maroon"> <small> &emsp; &emsp;--- 04 May 22:59:32 965 - <b>0</b> - Page Load Wait: (Sync) - ICar.support.Utils.waitForPageLoad(Utils.java:109)</small> </font> </div>
<div class="test-message">&emsp;Successfully navigated to the :  https://www.i-car.com/product/pl2-nonstructural-technician   Page&emsp;<a href=".\ScreenShot\URL_TC001_2717510578252200.png" target="_blank" >[ScreenShot]</a></div>
<div class="test-event"> <font color="maroon"> <small> &emsp; &emsp;--- 04 May 22:59:33 257 - Page URL:: https://www.i-car.com/product/pl2-nonstructural-technician</small> </font> </div>
<div class="test-event"> <font color="maroon"> <small> &emsp; &emsp;--- 04 May 22:59:33 257 - <b>0</b> - Page Load Wait: (Sync) - ICar.support.Utils.waitForPageLoad(Utils.java:109)</small> </font> </div>
<div class="test-event"> <font color="maroon"> <small> &emsp; &emsp;--- 04 May 22:59:33 267 - Catched spinner load exception due to javascript error: {"status":32,"value":"An invalid or illegal selector was specified"}
  (Session info: chrome=124.0.6367.92)
Build info: version: '4.6.0', revision: '79f1c02ae20'
System info: os.name: 'Windows 10', os.arch: 'amd64', os.version: '10.0', java.version: '17.0.7'
Driver info: org.openqa.selenium.chrome.ChromeDriver
Command: [2cf28825ea7a8a419a5b05b8e5d35d84, findElement {using=css selector, value=div[class='slds-spinner slds-spinner_brand slds-spinner_small']>div:nth-child(2)r}]
Capabilities {acceptInsecureCerts: false, browserName: chrome, browserVersion: 124.0.6367.92, chrome: {chromedriverVersion: 124.0.6367.91 (51df0e5e17a8..., userDataDir: C:\Users\PRATHA~1.KUM\AppDa...}, fedcm:accounts: true, goog:chromeOptions: {debuggerAddress: localhost:49451}, networkConnectionEnabled: false, pageLoadStrategy: normal, platformName: WINDOWS, proxy: Proxy(), se:cdp: ws://localhost:49451/devtoo..., se:cdpVersion: 124.0.6367.92, setWindowRect: true, strictFileInteractability: false, timeouts: {implicit: 0, pageLoad: 300000, script: 30000}, unhandledPromptBehavior: dismiss and notify, webauthn:extension:credBlob: true, webauthn:extension:largeBlob: true, webauthn:extension:minPinLength: true, webauthn:extension:prf: true, webauthn:virtualAuthenticators: true}
Session ID: 2cf28825ea7a8a419a5b05b8e5d35d84</small> </font> </div>
<div class="test-event"> <font color="maroon"> <small> &emsp; &emsp;--- 04 May 22:59:33 268 - <b>0</b> - Spinner Load Wait: (Sync) - ICar.support.WaitUtils.waitForSpinner(WaitUtils.java:225)</small> </font> </div>
<div class="test-event"> <font color="maroon"> <small> &emsp; &emsp;--- 04 May 22:59:43 380 - Page URL:: https://www.i-car.com/product/pl2-nonstructural-technician</small> </font> </div>
<div class="test-event"> <font color="maroon"> <small> &emsp; &emsp;--- 04 May 22:59:43 381 - <b>0</b> - Page Load Wait: (Sync) - ICar.support.Utils.waitForPageLoad(Utils.java:109)</small> </font> </div>
<div class="test-event"> <font color="maroon"> <small> &emsp; &emsp;--- 04 May 22:59:43 400 - Element is displayed:: [[ChromeDriver: chrome on WINDOWS (2cf28825ea7a8a419a5b05b8e5d35d84)] -> xpath: //a[contains(text(),'Back to Courses')]]</small> </font> </div>
<div class="test-event"> <font color="maroon"> <small> &emsp; &emsp;--- 04 May 22:59:50 448 - Catched spinner load exception due to javascript error: {"status":32,"value":"An invalid or illegal selector was specified"}
  (Session info: chrome=124.0.6367.92)
Build info: version: '4.6.0', revision: '79f1c02ae20'
System info: os.name: 'Windows 10', os.arch: 'amd64', os.version: '10.0', java.version: '17.0.7'
Driver info: org.openqa.selenium.chrome.ChromeDriver
Command: [2cf28825ea7a8a419a5b05b8e5d35d84, findElement {using=css selector, value=div[class='slds-spinner slds-spinner_brand slds-spinner_small']>div:nth-child(2)r}]
Capabilities {acceptInsecureCerts: false, browserName: chrome, browserVersion: 124.0.6367.92, chrome: {chromedriverVersion: 124.0.6367.91 (51df0e5e17a8..., userDataDir: C:\Users\PRATHA~1.KUM\AppDa...}, fedcm:accounts: true, goog:chromeOptions: {debuggerAddress: localhost:49451}, networkConnectionEnabled: false, pageLoadStrategy: normal, platformName: WINDOWS, proxy: Proxy(), se:cdp: ws://localhost:49451/devtoo..., se:cdpVersion: 124.0.6367.92, setWindowRect: true, strictFileInteractability: false, timeouts: {implicit: 0, pageLoad: 300000, script: 30000}, unhandledPromptBehavior: dismiss and notify, webauthn:extension:credBlob: true, webauthn:extension:largeBlob: true, webauthn:extension:minPinLength: true, webauthn:extension:prf: true, webauthn:virtualAuthenticators: true}
Session ID: 2cf28825ea7a8a419a5b05b8e5d35d84</small> </font> </div>
<div class="test-event"> <font color="maroon"> <small> &emsp; &emsp;--- 04 May 22:59:50 448 - <b>0</b> - Spinner Load Wait: (Sync) - ICar.support.WaitUtils.waitForSpinner(WaitUtils.java:225)</small> </font> </div>
<div class="test-message">&emsp;Back To Courses is displayed in the page </div>
<div class="test-message">&emsp;Successfully verified Back To Course Link&emsp;<a href=".\ScreenShot\URL_TC001_2717528072877400.png" target="_blank" >[ScreenShot]</a></div>
<div class="test-event"> <font color="maroon"> <small> &emsp; &emsp;--- 04 May 22:59:50 675 - Catched spinner load exception due to javascript error: {"status":32,"value":"An invalid or illegal selector was specified"}
  (Session info: chrome=124.0.6367.92)
Build info: version: '4.6.0', revision: '79f1c02ae20'
System info: os.name: 'Windows 10', os.arch: 'amd64', os.version: '10.0', java.version: '17.0.7'
Driver info: org.openqa.selenium.chrome.ChromeDriver
Command: [2cf28825ea7a8a419a5b05b8e5d35d84, findElement {using=css selector, value=div[class='slds-spinner slds-spinner_brand slds-spinner_small']>div:nth-child(2)r}]
Capabilities {acceptInsecureCerts: false, browserName: chrome, browserVersion: 124.0.6367.92, chrome: {chromedriverVersion: 124.0.6367.91 (51df0e5e17a8..., userDataDir: C:\Users\PRATHA~1.KUM\AppDa...}, fedcm:accounts: true, goog:chromeOptions: {debuggerAddress: localhost:49451}, networkConnectionEnabled: false, pageLoadStrategy: normal, platformName: WINDOWS, proxy: Proxy(), se:cdp: ws://localhost:49451/devtoo..., se:cdpVersion: 124.0.6367.92, setWindowRect: true, strictFileInteractability: false, timeouts: {implicit: 0, pageLoad: 300000, script: 30000}, unhandledPromptBehavior: dismiss and notify, webauthn:extension:credBlob: true, webauthn:extension:largeBlob: true, webauthn:extension:minPinLength: true, webauthn:extension:prf: true, webauthn:virtualAuthenticators: true}
Session ID: 2cf28825ea7a8a419a5b05b8e5d35d84</small> </font> </div>
<div class="test-event"> <font color="maroon"> <small> &emsp; &emsp;--- 04 May 22:59:50 675 - <b>0</b> - Spinner Load Wait: (Sync) - ICar.support.WaitUtils.waitForSpinner(WaitUtils.java:225)</small> </font> </div>
<div class="test-event"> <font color="maroon"> <small> &emsp; &emsp;--- 04 May 22:59:50 766 - Page URL:: https://www.i-car.com/product/pl2-nonstructural-technician</small> </font> </div>
<div class="test-event"> <font color="maroon"> <small> &emsp; &emsp;--- 04 May 22:59:50 766 - <b>0</b> - Page Load Wait: (Sync) - ICar.support.Utils.waitForPageLoad(Utils.java:109)</small> </font> </div>
<div class="test-event"> <font color="maroon"> <small> &emsp; &emsp;--- 04 May 23:00:00 813 - Element is displayed:: [[ChromeDriver: chrome on WINDOWS (2cf28825ea7a8a419a5b05b8e5d35d84)] -> xpath: //div[@class='productDetails slds-p-bottom_large']//div[contains(@class,'slds-p-bottom_medium')]]</small> </font> </div>
<div class="test-message">&emsp;Course Name : PL2NonStructuralTechnician is displayed in the URL page</div>
<div class="test-message">&emsp;Successfully verified the course name for relevant link&emsp;<a href=".\ScreenShot\URL_TC001_2717546446169600.png" target="_blank" >[ScreenShot]</a></div>
<div class="test-message">&emsp;
</div>
<div class="test-message">&emsp;19. URL is : https://www.i-car.com/product/damage-analysis-of-brake-systems</div>
<div class="test-event"> <font color="maroon"> <small> &emsp; &emsp;--- 04 May 23:00:09 745 - Page URL:: https://www.i-car.com/product/damage-analysis-of-brake-systems</small> </font> </div>
<div class="test-event"> <font color="maroon"> <small> &emsp; &emsp;--- 04 May 23:00:09 745 - <b>0</b> - Page Load Wait: (Sync) - ICar.support.Utils.waitForPageLoad(Utils.java:109)</small> </font> </div>
<div class="test-message">&emsp;Successfully navigated to the :  https://www.i-car.com/product/damage-analysis-of-brake-systems   Page&emsp;<a href=".\ScreenShot\URL_TC001_2717547358103600.png" target="_blank" >[ScreenShot]</a></div>
<div class="test-event"> <font color="maroon"> <small> &emsp; &emsp;--- 04 May 23:00:10 026 - Page URL:: https://www.i-car.com/product/damage-analysis-of-brake-systems</small> </font> </div>
<div class="test-event"> <font color="maroon"> <small> &emsp; &emsp;--- 04 May 23:00:10 026 - <b>0</b> - Page Load Wait: (Sync) - ICar.support.Utils.waitForPageLoad(Utils.java:109)</small> </font> </div>
<div class="test-event"> <font color="maroon"> <small> &emsp; &emsp;--- 04 May 23:00:10 036 - Catched spinner load exception due to javascript error: {"status":32,"value":"An invalid or illegal selector was specified"}
  (Session info: chrome=124.0.6367.92)
Build info: version: '4.6.0', revision: '79f1c02ae20'
System info: os.name: 'Windows 10', os.arch: 'amd64', os.version: '10.0', java.version: '17.0.7'
Driver info: org.openqa.selenium.chrome.ChromeDriver
Command: [2cf28825ea7a8a419a5b05b8e5d35d84, findElement {using=css selector, value=div[class='slds-spinner slds-spinner_brand slds-spinner_small']>div:nth-child(2)r}]
Capabilities {acceptInsecureCerts: false, browserName: chrome, browserVersion: 124.0.6367.92, chrome: {chromedriverVersion: 124.0.6367.91 (51df0e5e17a8..., userDataDir: C:\Users\PRATHA~1.KUM\AppDa...}, fedcm:accounts: true, goog:chromeOptions: {debuggerAddress: localhost:49451}, networkConnectionEnabled: false, pageLoadStrategy: normal, platformName: WINDOWS, proxy: Proxy(), se:cdp: ws://localhost:49451/devtoo..., se:cdpVersion: 124.0.6367.92, setWindowRect: true, strictFileInteractability: false, timeouts: {implicit: 0, pageLoad: 300000, script: 30000}, unhandledPromptBehavior: dismiss and notify, webauthn:extension:credBlob: true, webauthn:extension:largeBlob: true, webauthn:extension:minPinLength: true, webauthn:extension:prf: true, webauthn:virtualAuthenticators: true}
Session ID: 2cf28825ea7a8a419a5b05b8e5d35d84</small> </font> </div>
<div class="test-event"> <font color="maroon"> <small> &emsp; &emsp;--- 04 May 23:00:10 036 - <b>0</b> - Spinner Load Wait: (Sync) - ICar.support.WaitUtils.waitForSpinner(WaitUtils.java:225)</small> </font> </div>
<div class="test-event"> <font color="maroon"> <small> &emsp; &emsp;--- 04 May 23:00:20 117 - Page URL:: https://www.i-car.com/product/damage-analysis-of-brake-systems</small> </font> </div>
<div class="test-event"> <font color="maroon"> <small> &emsp; &emsp;--- 04 May 23:00:20 117 - <b>0</b> - Page Load Wait: (Sync) - ICar.support.Utils.waitForPageLoad(Utils.java:109)</small> </font> </div>
<div class="test-event"> <font color="maroon"> <small> &emsp; &emsp;--- 04 May 23:00:20 136 - Element is displayed:: [[ChromeDriver: chrome on WINDOWS (2cf28825ea7a8a419a5b05b8e5d35d84)] -> xpath: //a[contains(text(),'Back to Courses')]]</small> </font> </div>
<div class="test-event"> <font color="maroon"> <small> &emsp; &emsp;--- 04 May 23:00:27 181 - Catched spinner load exception due to javascript error: {"status":32,"value":"An invalid or illegal selector was specified"}
  (Session info: chrome=124.0.6367.92)
Build info: version: '4.6.0', revision: '79f1c02ae20'
System info: os.name: 'Windows 10', os.arch: 'amd64', os.version: '10.0', java.version: '17.0.7'
Driver info: org.openqa.selenium.chrome.ChromeDriver
Command: [2cf28825ea7a8a419a5b05b8e5d35d84, findElement {using=css selector, value=div[class='slds-spinner slds-spinner_brand slds-spinner_small']>div:nth-child(2)r}]
Capabilities {acceptInsecureCerts: false, browserName: chrome, browserVersion: 124.0.6367.92, chrome: {chromedriverVersion: 124.0.6367.91 (51df0e5e17a8..., userDataDir: C:\Users\PRATHA~1.KUM\AppDa...}, fedcm:accounts: true, goog:chromeOptions: {debuggerAddress: localhost:49451}, networkConnectionEnabled: false, pageLoadStrategy: normal, platformName: WINDOWS, proxy: Proxy(), se:cdp: ws://localhost:49451/devtoo..., se:cdpVersion: 124.0.6367.92, setWindowRect: true, strictFileInteractability: false, timeouts: {implicit: 0, pageLoad: 300000, script: 30000}, unhandledPromptBehavior: dismiss and notify, webauthn:extension:credBlob: true, webauthn:extension:largeBlob: true, webauthn:extension:minPinLength: true, webauthn:extension:prf: true, webauthn:virtualAuthenticators: true}
Session ID: 2cf28825ea7a8a419a5b05b8e5d35d84</small> </font> </div>
<div class="test-event"> <font color="maroon"> <small> &emsp; &emsp;--- 04 May 23:00:27 181 - <b>0</b> - Spinner Load Wait: (Sync) - ICar.support.WaitUtils.waitForSpinner(WaitUtils.java:225)</small> </font> </div>
<div class="test-message">&emsp;Back To Courses is displayed in the page </div>
<div class="test-message">&emsp;Successfully verified Back To Course Link&emsp;<a href=".\ScreenShot\URL_TC001_2717564804748700.png" target="_blank" >[ScreenShot]</a></div>
<div class="test-event"> <font color="maroon"> <small> &emsp; &emsp;--- 04 May 23:00:27 437 - Catched spinner load exception due to javascript error: {"status":32,"value":"An invalid or illegal selector was specified"}
  (Session info: chrome=124.0.6367.92)
Build info: version: '4.6.0', revision: '79f1c02ae20'
System info: os.name: 'Windows 10', os.arch: 'amd64', os.version: '10.0', java.version: '17.0.7'
Driver info: org.openqa.selenium.chrome.ChromeDriver
Command: [2cf28825ea7a8a419a5b05b8e5d35d84, findElement {using=css selector, value=div[class='slds-spinner slds-spinner_brand slds-spinner_small']>div:nth-child(2)r}]
Capabilities {acceptInsecureCerts: false, browserName: chrome, browserVersion: 124.0.6367.92, chrome: {chromedriverVersion: 124.0.6367.91 (51df0e5e17a8..., userDataDir: C:\Users\PRATHA~1.KUM\AppDa...}, fedcm:accounts: true, goog:chromeOptions: {debuggerAddress: localhost:49451}, networkConnectionEnabled: false, pageLoadStrategy: normal, platformName: WINDOWS, proxy: Proxy(), se:cdp: ws://localhost:49451/devtoo..., se:cdpVersion: 124.0.6367.92, setWindowRect: true, strictFileInteractability: false, timeouts: {implicit: 0, pageLoad: 300000, script: 30000}, unhandledPromptBehavior: dismiss and notify, webauthn:extension:credBlob: true, webauthn:extension:largeBlob: true, webauthn:extension:minPinLength: true, webauthn:extension:prf: true, webauthn:virtualAuthenticators: true}
Session ID: 2cf28825ea7a8a419a5b05b8e5d35d84</small> </font> </div>
<div class="test-event"> <font color="maroon"> <small> &emsp; &emsp;--- 04 May 23:00:27 437 - <b>0</b> - Spinner Load Wait: (Sync) - ICar.support.WaitUtils.waitForSpinner(WaitUtils.java:225)</small> </font> </div>
<div class="test-event"> <font color="maroon"> <small> &emsp; &emsp;--- 04 May 23:00:27 506 - Page URL:: https://www.i-car.com/product/damage-analysis-of-brake-systems</small> </font> </div>
<div class="test-event"> <font color="maroon"> <small> &emsp; &emsp;--- 04 May 23:00:27 506 - <b>0</b> - Page Load Wait: (Sync) - ICar.support.Utils.waitForPageLoad(Utils.java:109)</small> </font> </div>
<div class="test-event"> <font color="maroon"> <small> &emsp; &emsp;--- 04 May 23:00:37 566 - Element is displayed:: [[ChromeDriver: chrome on WINDOWS (2cf28825ea7a8a419a5b05b8e5d35d84)] -> xpath: //div[@class='productDetails slds-p-bottom_large']//div[contains(@class,'slds-p-bottom_medium')]]</small> </font> </div>
<div class="test-message">&emsp;Course Name : DamageAnalysisofBrakeSystems is displayed in the URL page</div>
<div class="test-message">&emsp;Successfully verified the course name for relevant link&emsp;<a href=".\ScreenShot\URL_TC001_2717583205710200.png" target="_blank" >[ScreenShot]</a></div>
<div class="test-message">&emsp;
</div>
<div class="test-message">&emsp;20. URL is : https://www.i-car.com/product/workflow-essentials</div>
<div class="test-event"> <font color="maroon"> <small> &emsp; &emsp;--- 04 May 23:00:46 691 - Page URL:: https://www.i-car.com/product/workflow-essentials</small> </font> </div>
<div class="test-event"> <font color="maroon"> <small> &emsp; &emsp;--- 04 May 23:00:46 691 - <b>0</b> - Page Load Wait: (Sync) - ICar.support.Utils.waitForPageLoad(Utils.java:109)</small> </font> </div>
<div class="test-message">&emsp;Successfully navigated to the :  https://www.i-car.com/product/workflow-essentials   Page&emsp;<a href=".\ScreenShot\URL_TC001_2717584303250000.png" target="_blank" >[ScreenShot]</a></div>
<div class="test-event"> <font color="maroon"> <small> &emsp; &emsp;--- 04 May 23:00:46 986 - Page URL:: https://www.i-car.com/product/workflow-essentials</small> </font> </div>
<div class="test-event"> <font color="maroon"> <small> &emsp; &emsp;--- 04 May 23:00:46 986 - <b>0</b> - Page Load Wait: (Sync) - ICar.support.Utils.waitForPageLoad(Utils.java:109)</small> </font> </div>
<div class="test-event"> <font color="maroon"> <small> &emsp; &emsp;--- 04 May 23:00:46 995 - Catched spinner load exception due to javascript error: {"status":32,"value":"An invalid or illegal selector was specified"}
  (Session info: chrome=124.0.6367.92)
Build info: version: '4.6.0', revision: '79f1c02ae20'
System info: os.name: 'Windows 10', os.arch: 'amd64', os.version: '10.0', java.version: '17.0.7'
Driver info: org.openqa.selenium.chrome.ChromeDriver
Command: [2cf28825ea7a8a419a5b05b8e5d35d84, findElement {using=css selector, value=div[class='slds-spinner slds-spinner_brand slds-spinner_small']>div:nth-child(2)r}]
Capabilities {acceptInsecureCerts: false, browserName: chrome, browserVersion: 124.0.6367.92, chrome: {chromedriverVersion: 124.0.6367.91 (51df0e5e17a8..., userDataDir: C:\Users\PRATHA~1.KUM\AppDa...}, fedcm:accounts: true, goog:chromeOptions: {debuggerAddress: localhost:49451}, networkConnectionEnabled: false, pageLoadStrategy: normal, platformName: WINDOWS, proxy: Proxy(), se:cdp: ws://localhost:49451/devtoo..., se:cdpVersion: 124.0.6367.92, setWindowRect: true, strictFileInteractability: false, timeouts: {implicit: 0, pageLoad: 300000, script: 30000}, unhandledPromptBehavior: dismiss and notify, webauthn:extension:credBlob: true, webauthn:extension:largeBlob: true, webauthn:extension:minPinLength: true, webauthn:extension:prf: true, webauthn:virtualAuthenticators: true}
Session ID: 2cf28825ea7a8a419a5b05b8e5d35d84</small> </font> </div>
<div class="test-event"> <font color="maroon"> <small> &emsp; &emsp;--- 04 May 23:00:46 995 - <b>0</b> - Spinner Load Wait: (Sync) - ICar.support.WaitUtils.waitForSpinner(WaitUtils.java:225)</small> </font> </div>
<div class="test-event"> <font color="maroon"> <small> &emsp; &emsp;--- 04 May 23:00:57 086 - Page URL:: https://www.i-car.com/product/workflow-essentials</small> </font> </div>
<div class="test-event"> <font color="maroon"> <small> &emsp; &emsp;--- 04 May 23:00:57 086 - <b>0</b> - Page Load Wait: (Sync) - ICar.support.Utils.waitForPageLoad(Utils.java:109)</small> </font> </div>
<div class="test-event"> <font color="maroon"> <small> &emsp; &emsp;--- 04 May 23:00:57 105 - Element is displayed:: [[ChromeDriver: chrome on WINDOWS (2cf28825ea7a8a419a5b05b8e5d35d84)] -> xpath: //a[contains(text(),'Back to Courses')]]</small> </font> </div>
<div class="test-event"> <font color="maroon"> <small> &emsp; &emsp;--- 04 May 23:01:04 134 - Catched spinner load exception due to javascript error: {"status":32,"value":"An invalid or illegal selector was specified"}
  (Session info: chrome=124.0.6367.92)
Build info: version: '4.6.0', revision: '79f1c02ae20'
System info: os.name: 'Windows 10', os.arch: 'amd64', os.version: '10.0', java.version: '17.0.7'
Driver info: org.openqa.selenium.chrome.ChromeDriver
Command: [2cf28825ea7a8a419a5b05b8e5d35d84, findElement {using=css selector, value=div[class='slds-spinner slds-spinner_brand slds-spinner_small']>div:nth-child(2)r}]
Capabilities {acceptInsecureCerts: false, browserName: chrome, browserVersion: 124.0.6367.92, chrome: {chromedriverVersion: 124.0.6367.91 (51df0e5e17a8..., userDataDir: C:\Users\PRATHA~1.KUM\AppDa...}, fedcm:accounts: true, goog:chromeOptions: {debuggerAddress: localhost:49451}, networkConnectionEnabled: false, pageLoadStrategy: normal, platformName: WINDOWS, proxy: Proxy(), se:cdp: ws://localhost:49451/devtoo..., se:cdpVersion: 124.0.6367.92, setWindowRect: true, strictFileInteractability: false, timeouts: {implicit: 0, pageLoad: 300000, script: 30000}, unhandledPromptBehavior: dismiss and notify, webauthn:extension:credBlob: true, webauthn:extension:largeBlob: true, webauthn:extension:minPinLength: true, webauthn:extension:prf: true, webauthn:virtualAuthenticators: true}
Session ID: 2cf28825ea7a8a419a5b05b8e5d35d84</small> </font> </div>
<div class="test-event"> <font color="maroon"> <small> &emsp; &emsp;--- 04 May 23:01:04 134 - <b>0</b> - Spinner Load Wait: (Sync) - ICar.support.WaitUtils.waitForSpinner(WaitUtils.java:225)</small> </font> </div>
<div class="test-message">&emsp;Back To Courses is displayed in the page </div>
<div class="test-message">&emsp;Successfully verified Back To Course Link&emsp;<a href=".\ScreenShot\URL_TC001_2717601759739700.png" target="_blank" >[ScreenShot]</a></div>
<div class="test-event"> <font color="maroon"> <small> &emsp; &emsp;--- 04 May 23:01:04 413 - Catched spinner load exception due to javascript error: {"status":32,"value":"An invalid or illegal selector was specified"}
  (Session info: chrome=124.0.6367.92)
Build info: version: '4.6.0', revision: '79f1c02ae20'
System info: os.name: 'Windows 10', os.arch: 'amd64', os.version: '10.0', java.version: '17.0.7'
Driver info: org.openqa.selenium.chrome.ChromeDriver
Command: [2cf28825ea7a8a419a5b05b8e5d35d84, findElement {using=css selector, value=div[class='slds-spinner slds-spinner_brand slds-spinner_small']>div:nth-child(2)r}]
Capabilities {acceptInsecureCerts: false, browserName: chrome, browserVersion: 124.0.6367.92, chrome: {chromedriverVersion: 124.0.6367.91 (51df0e5e17a8..., userDataDir: C:\Users\PRATHA~1.KUM\AppDa...}, fedcm:accounts: true, goog:chromeOptions: {debuggerAddress: localhost:49451}, networkConnectionEnabled: false, pageLoadStrategy: normal, platformName: WINDOWS, proxy: Proxy(), se:cdp: ws://localhost:49451/devtoo..., se:cdpVersion: 124.0.6367.92, setWindowRect: true, strictFileInteractability: false, timeouts: {implicit: 0, pageLoad: 300000, script: 30000}, unhandledPromptBehavior: dismiss and notify, webauthn:extension:credBlob: true, webauthn:extension:largeBlob: true, webauthn:extension:minPinLength: true, webauthn:extension:prf: true, webauthn:virtualAuthenticators: true}
Session ID: 2cf28825ea7a8a419a5b05b8e5d35d84</small> </font> </div>
<div class="test-event"> <font color="maroon"> <small> &emsp; &emsp;--- 04 May 23:01:04 414 - <b>0</b> - Spinner Load Wait: (Sync) - ICar.support.WaitUtils.waitForSpinner(WaitUtils.java:225)</small> </font> </div>
<div class="test-event"> <font color="maroon"> <small> &emsp; &emsp;--- 04 May 23:01:04 484 - Page URL:: https://www.i-car.com/product/workflow-essentials</small> </font> </div>
<div class="test-event"> <font color="maroon"> <small> &emsp; &emsp;--- 04 May 23:01:04 484 - <b>0</b> - Page Load Wait: (Sync) - ICar.support.Utils.waitForPageLoad(Utils.java:109)</small> </font> </div>
<div class="test-event"> <font color="maroon"> <small> &emsp; &emsp;--- 04 May 23:01:14 536 - Element is displayed:: [[ChromeDriver: chrome on WINDOWS (2cf28825ea7a8a419a5b05b8e5d35d84)] -> xpath: //div[@class='productDetails slds-p-bottom_large']//div[contains(@class,'slds-p-bottom_medium')]]</small> </font> </div>
<div class="test-message">&emsp;Course Name : WorkflowEssentials is displayed in the URL page</div>
<div class="test-message">&emsp;Successfully verified the course name for relevant link&emsp;<a href=".\ScreenShot\URL_TC001_2717620179116000.png" target="_blank" >[ScreenShot]</a></div>
<div class="test-message">&emsp;
</div>
<div class="test-message">&emsp;21. URL is : https://www.i-car.com/product/pl3-nonstructural-technician</div>
<div class="test-event"> <font color="maroon"> <small> &emsp; &emsp;--- 04 May 23:01:23 730 - Page URL:: https://www.i-car.com/product/pl3-nonstructural-technician</small> </font> </div>
<div class="test-event"> <font color="maroon"> <small> &emsp; &emsp;--- 04 May 23:01:23 730 - <b>0</b> - Page Load Wait: (Sync) - ICar.support.Utils.waitForPageLoad(Utils.java:109)</small> </font> </div>
<div class="test-message">&emsp;Successfully navigated to the :  https://www.i-car.com/product/pl3-nonstructural-technician   Page&emsp;<a href=".\ScreenShot\URL_TC001_2717621342463800.png" target="_blank" >[ScreenShot]</a></div>
<div class="test-event"> <font color="maroon"> <small> &emsp; &emsp;--- 04 May 23:01:24 039 - Page URL:: https://www.i-car.com/product/pl3-nonstructural-technician</small> </font> </div>
<div class="test-event"> <font color="maroon"> <small> &emsp; &emsp;--- 04 May 23:01:24 039 - <b>0</b> - Page Load Wait: (Sync) - ICar.support.Utils.waitForPageLoad(Utils.java:109)</small> </font> </div>
<div class="test-event"> <font color="maroon"> <small> &emsp; &emsp;--- 04 May 23:01:24 049 - Catched spinner load exception due to javascript error: {"status":32,"value":"An invalid or illegal selector was specified"}
  (Session info: chrome=124.0.6367.92)
Build info: version: '4.6.0', revision: '79f1c02ae20'
System info: os.name: 'Windows 10', os.arch: 'amd64', os.version: '10.0', java.version: '17.0.7'
Driver info: org.openqa.selenium.chrome.ChromeDriver
Command: [2cf28825ea7a8a419a5b05b8e5d35d84, findElement {using=css selector, value=div[class='slds-spinner slds-spinner_brand slds-spinner_small']>div:nth-child(2)r}]
Capabilities {acceptInsecureCerts: false, browserName: chrome, browserVersion: 124.0.6367.92, chrome: {chromedriverVersion: 124.0.6367.91 (51df0e5e17a8..., userDataDir: C:\Users\PRATHA~1.KUM\AppDa...}, fedcm:accounts: true, goog:chromeOptions: {debuggerAddress: localhost:49451}, networkConnectionEnabled: false, pageLoadStrategy: normal, platformName: WINDOWS, proxy: Proxy(), se:cdp: ws://localhost:49451/devtoo..., se:cdpVersion: 124.0.6367.92, setWindowRect: true, strictFileInteractability: false, timeouts: {implicit: 0, pageLoad: 300000, script: 30000}, unhandledPromptBehavior: dismiss and notify, webauthn:extension:credBlob: true, webauthn:extension:largeBlob: true, webauthn:extension:minPinLength: true, webauthn:extension:prf: true, webauthn:virtualAuthenticators: true}
Session ID: 2cf28825ea7a8a419a5b05b8e5d35d84</small> </font> </div>
<div class="test-event"> <font color="maroon"> <small> &emsp; &emsp;--- 04 May 23:01:24 049 - <b>0</b> - Spinner Load Wait: (Sync) - ICar.support.WaitUtils.waitForSpinner(WaitUtils.java:225)</small> </font> </div>
<div class="test-event"> <font color="maroon"> <small> &emsp; &emsp;--- 04 May 23:01:34 134 - Page URL:: https://www.i-car.com/product/pl3-nonstructural-technician</small> </font> </div>
<div class="test-event"> <font color="maroon"> <small> &emsp; &emsp;--- 04 May 23:01:34 134 - <b>0</b> - Page Load Wait: (Sync) - ICar.support.Utils.waitForPageLoad(Utils.java:109)</small> </font> </div>
<div class="test-event"> <font color="maroon"> <small> &emsp; &emsp;--- 04 May 23:01:34 154 - Element is displayed:: [[ChromeDriver: chrome on WINDOWS (2cf28825ea7a8a419a5b05b8e5d35d84)] -> xpath: //a[contains(text(),'Back to Courses')]]</small> </font> </div>
<div class="test-event"> <font color="maroon"> <small> &emsp; &emsp;--- 04 May 23:01:41 200 - Catched spinner load exception due to javascript error: {"status":32,"value":"An invalid or illegal selector was specified"}
  (Session info: chrome=124.0.6367.92)
Build info: version: '4.6.0', revision: '79f1c02ae20'
System info: os.name: 'Windows 10', os.arch: 'amd64', os.version: '10.0', java.version: '17.0.7'
Driver info: org.openqa.selenium.chrome.ChromeDriver
Command: [2cf28825ea7a8a419a5b05b8e5d35d84, findElement {using=css selector, value=div[class='slds-spinner slds-spinner_brand slds-spinner_small']>div:nth-child(2)r}]
Capabilities {acceptInsecureCerts: false, browserName: chrome, browserVersion: 124.0.6367.92, chrome: {chromedriverVersion: 124.0.6367.91 (51df0e5e17a8..., userDataDir: C:\Users\PRATHA~1.KUM\AppDa...}, fedcm:accounts: true, goog:chromeOptions: {debuggerAddress: localhost:49451}, networkConnectionEnabled: false, pageLoadStrategy: normal, platformName: WINDOWS, proxy: Proxy(), se:cdp: ws://localhost:49451/devtoo..., se:cdpVersion: 124.0.6367.92, setWindowRect: true, strictFileInteractability: false, timeouts: {implicit: 0, pageLoad: 300000, script: 30000}, unhandledPromptBehavior: dismiss and notify, webauthn:extension:credBlob: true, webauthn:extension:largeBlob: true, webauthn:extension:minPinLength: true, webauthn:extension:prf: true, webauthn:virtualAuthenticators: true}
Session ID: 2cf28825ea7a8a419a5b05b8e5d35d84</small> </font> </div>
<div class="test-event"> <font color="maroon"> <small> &emsp; &emsp;--- 04 May 23:01:41 200 - <b>0</b> - Spinner Load Wait: (Sync) - ICar.support.WaitUtils.waitForSpinner(WaitUtils.java:225)</small> </font> </div>
<div class="test-message">&emsp;Back To Courses is displayed in the page </div>
<div class="test-message">&emsp;Successfully verified Back To Course Link&emsp;<a href=".\ScreenShot\URL_TC001_2717638833696200.png" target="_blank" >[ScreenShot]</a></div>
<div class="test-event"> <font color="maroon"> <small> &emsp; &emsp;--- 04 May 23:01:41 436 - Catched spinner load exception due to javascript error: {"status":32,"value":"An invalid or illegal selector was specified"}
  (Session info: chrome=124.0.6367.92)
Build info: version: '4.6.0', revision: '79f1c02ae20'
System info: os.name: 'Windows 10', os.arch: 'amd64', os.version: '10.0', java.version: '17.0.7'
Driver info: org.openqa.selenium.chrome.ChromeDriver
Command: [2cf28825ea7a8a419a5b05b8e5d35d84, findElement {using=css selector, value=div[class='slds-spinner slds-spinner_brand slds-spinner_small']>div:nth-child(2)r}]
Capabilities {acceptInsecureCerts: false, browserName: chrome, browserVersion: 124.0.6367.92, chrome: {chromedriverVersion: 124.0.6367.91 (51df0e5e17a8..., userDataDir: C:\Users\PRATHA~1.KUM\AppDa...}, fedcm:accounts: true, goog:chromeOptions: {debuggerAddress: localhost:49451}, networkConnectionEnabled: false, pageLoadStrategy: normal, platformName: WINDOWS, proxy: Proxy(), se:cdp: ws://localhost:49451/devtoo..., se:cdpVersion: 124.0.6367.92, setWindowRect: true, strictFileInteractability: false, timeouts: {implicit: 0, pageLoad: 300000, script: 30000}, unhandledPromptBehavior: dismiss and notify, webauthn:extension:credBlob: true, webauthn:extension:largeBlob: true, webauthn:extension:minPinLength: true, webauthn:extension:prf: true, webauthn:virtualAuthenticators: true}
Session ID: 2cf28825ea7a8a419a5b05b8e5d35d84</small> </font> </div>
<div class="test-event"> <font color="maroon"> <small> &emsp; &emsp;--- 04 May 23:01:41 436 - <b>0</b> - Spinner Load Wait: (Sync) - ICar.support.WaitUtils.waitForSpinner(WaitUtils.java:225)</small> </font> </div>
<div class="test-event"> <font color="maroon"> <small> &emsp; &emsp;--- 04 May 23:01:41 504 - Page URL:: https://www.i-car.com/product/pl3-nonstructural-technician</small> </font> </div>
<div class="test-event"> <font color="maroon"> <small> &emsp; &emsp;--- 04 May 23:01:41 504 - <b>0</b> - Page Load Wait: (Sync) - ICar.support.Utils.waitForPageLoad(Utils.java:109)</small> </font> </div>
<div class="test-event"> <font color="maroon"> <small> &emsp; &emsp;--- 04 May 23:01:51 572 - Element is displayed:: [[ChromeDriver: chrome on WINDOWS (2cf28825ea7a8a419a5b05b8e5d35d84)] -> xpath: //div[@class='productDetails slds-p-bottom_large']//div[contains(@class,'slds-p-bottom_medium')]]</small> </font> </div>
<div class="test-message">&emsp;Course Name : PL3NonStructuralTechnician is displayed in the URL page</div>
<div class="test-message">&emsp;Successfully verified the course name for relevant link&emsp;<a href=".\ScreenShot\URL_TC001_2717657213105800.png" target="_blank" >[ScreenShot]</a></div>
<div class="test-message">&emsp;
</div>
<div class="test-message">&emsp;22. URL is : https://www.i-car.com/product/pl2-estimator</div>
<div class="test-event"> <font color="maroon"> <small> &emsp; &emsp;--- 04 May 23:02:00 811 - Page URL:: https://www.i-car.com/product/pl2-estimator</small> </font> </div>
<div class="test-event"> <font color="maroon"> <small> &emsp; &emsp;--- 04 May 23:02:00 812 - <b>0</b> - Page Load Wait: (Sync) - ICar.support.Utils.waitForPageLoad(Utils.java:109)</small> </font> </div>
<div class="test-message">&emsp;Successfully navigated to the :  https://www.i-car.com/product/pl2-estimator   Page&emsp;<a href=".\ScreenShot\URL_TC001_2717658424871700.png" target="_blank" >[ScreenShot]</a></div>
<div class="test-event"> <font color="maroon"> <small> &emsp; &emsp;--- 04 May 23:02:01 102 - Page URL:: https://www.i-car.com/product/pl2-estimator</small> </font> </div>
<div class="test-event"> <font color="maroon"> <small> &emsp; &emsp;--- 04 May 23:02:01 102 - <b>0</b> - Page Load Wait: (Sync) - ICar.support.Utils.waitForPageLoad(Utils.java:109)</small> </font> </div>
<div class="test-event"> <font color="maroon"> <small> &emsp; &emsp;--- 04 May 23:02:01 112 - Catched spinner load exception due to javascript error: {"status":32,"value":"An invalid or illegal selector was specified"}
  (Session info: chrome=124.0.6367.92)
Build info: version: '4.6.0', revision: '79f1c02ae20'
System info: os.name: 'Windows 10', os.arch: 'amd64', os.version: '10.0', java.version: '17.0.7'
Driver info: org.openqa.selenium.chrome.ChromeDriver
Command: [2cf28825ea7a8a419a5b05b8e5d35d84, findElement {using=css selector, value=div[class='slds-spinner slds-spinner_brand slds-spinner_small']>div:nth-child(2)r}]
Capabilities {acceptInsecureCerts: false, browserName: chrome, browserVersion: 124.0.6367.92, chrome: {chromedriverVersion: 124.0.6367.91 (51df0e5e17a8..., userDataDir: C:\Users\PRATHA~1.KUM\AppDa...}, fedcm:accounts: true, goog:chromeOptions: {debuggerAddress: localhost:49451}, networkConnectionEnabled: false, pageLoadStrategy: normal, platformName: WINDOWS, proxy: Proxy(), se:cdp: ws://localhost:49451/devtoo..., se:cdpVersion: 124.0.6367.92, setWindowRect: true, strictFileInteractability: false, timeouts: {implicit: 0, pageLoad: 300000, script: 30000}, unhandledPromptBehavior: dismiss and notify, webauthn:extension:credBlob: true, webauthn:extension:largeBlob: true, webauthn:extension:minPinLength: true, webauthn:extension:prf: true, webauthn:virtualAuthenticators: true}
Session ID: 2cf28825ea7a8a419a5b05b8e5d35d84</small> </font> </div>
<div class="test-event"> <font color="maroon"> <small> &emsp; &emsp;--- 04 May 23:02:01 112 - <b>0</b> - Spinner Load Wait: (Sync) - ICar.support.WaitUtils.waitForSpinner(WaitUtils.java:225)</small> </font> </div>
<div class="test-event"> <font color="maroon"> <small> &emsp; &emsp;--- 04 May 23:02:11 213 - Page URL:: https://www.i-car.com/product/pl2-estimator</small> </font> </div>
<div class="test-event"> <font color="maroon"> <small> &emsp; &emsp;--- 04 May 23:02:11 213 - <b>0</b> - Page Load Wait: (Sync) - ICar.support.Utils.waitForPageLoad(Utils.java:109)</small> </font> </div>
<div class="test-event"> <font color="maroon"> <small> &emsp; &emsp;--- 04 May 23:02:11 230 - Element is displayed:: [[ChromeDriver: chrome on WINDOWS (2cf28825ea7a8a419a5b05b8e5d35d84)] -> xpath: //a[contains(text(),'Back to Courses')]]</small> </font> </div>
<div class="test-event"> <font color="maroon"> <small> &emsp; &emsp;--- 04 May 23:02:18 278 - Catched spinner load exception due to javascript error: {"status":32,"value":"An invalid or illegal selector was specified"}
  (Session info: chrome=124.0.6367.92)
Build info: version: '4.6.0', revision: '79f1c02ae20'
System info: os.name: 'Windows 10', os.arch: 'amd64', os.version: '10.0', java.version: '17.0.7'
Driver info: org.openqa.selenium.chrome.ChromeDriver
Command: [2cf28825ea7a8a419a5b05b8e5d35d84, findElement {using=css selector, value=div[class='slds-spinner slds-spinner_brand slds-spinner_small']>div:nth-child(2)r}]
Capabilities {acceptInsecureCerts: false, browserName: chrome, browserVersion: 124.0.6367.92, chrome: {chromedriverVersion: 124.0.6367.91 (51df0e5e17a8..., userDataDir: C:\Users\PRATHA~1.KUM\AppDa...}, fedcm:accounts: true, goog:chromeOptions: {debuggerAddress: localhost:49451}, networkConnectionEnabled: false, pageLoadStrategy: normal, platformName: WINDOWS, proxy: Proxy(), se:cdp: ws://localhost:49451/devtoo..., se:cdpVersion: 124.0.6367.92, setWindowRect: true, strictFileInteractability: false, timeouts: {implicit: 0, pageLoad: 300000, script: 30000}, unhandledPromptBehavior: dismiss and notify, webauthn:extension:credBlob: true, webauthn:extension:largeBlob: true, webauthn:extension:minPinLength: true, webauthn:extension:prf: true, webauthn:virtualAuthenticators: true}
Session ID: 2cf28825ea7a8a419a5b05b8e5d35d84</small> </font> </div>
<div class="test-event"> <font color="maroon"> <small> &emsp; &emsp;--- 04 May 23:02:18 278 - <b>0</b> - Spinner Load Wait: (Sync) - ICar.support.WaitUtils.waitForSpinner(WaitUtils.java:225)</small> </font> </div>
<div class="test-message">&emsp;Back To Courses is displayed in the page </div>
<div class="test-message">&emsp;Successfully verified Back To Course Link&emsp;<a href=".\ScreenShot\URL_TC001_2717675902069400.png" target="_blank" >[ScreenShot]</a></div>
<div class="test-event"> <font color="maroon"> <small> &emsp; &emsp;--- 04 May 23:02:18 497 - Catched spinner load exception due to javascript error: {"status":32,"value":"An invalid or illegal selector was specified"}
  (Session info: chrome=124.0.6367.92)
Build info: version: '4.6.0', revision: '79f1c02ae20'
System info: os.name: 'Windows 10', os.arch: 'amd64', os.version: '10.0', java.version: '17.0.7'
Driver info: org.openqa.selenium.chrome.ChromeDriver
Command: [2cf28825ea7a8a419a5b05b8e5d35d84, findElement {using=css selector, value=div[class='slds-spinner slds-spinner_brand slds-spinner_small']>div:nth-child(2)r}]
Capabilities {acceptInsecureCerts: false, browserName: chrome, browserVersion: 124.0.6367.92, chrome: {chromedriverVersion: 124.0.6367.91 (51df0e5e17a8..., userDataDir: C:\Users\PRATHA~1.KUM\AppDa...}, fedcm:accounts: true, goog:chromeOptions: {debuggerAddress: localhost:49451}, networkConnectionEnabled: false, pageLoadStrategy: normal, platformName: WINDOWS, proxy: Proxy(), se:cdp: ws://localhost:49451/devtoo..., se:cdpVersion: 124.0.6367.92, setWindowRect: true, strictFileInteractability: false, timeouts: {implicit: 0, pageLoad: 300000, script: 30000}, unhandledPromptBehavior: dismiss and notify, webauthn:extension:credBlob: true, webauthn:extension:largeBlob: true, webauthn:extension:minPinLength: true, webauthn:extension:prf: true, webauthn:virtualAuthenticators: true}
Session ID: 2cf28825ea7a8a419a5b05b8e5d35d84</small> </font> </div>
<div class="test-event"> <font color="maroon"> <small> &emsp; &emsp;--- 04 May 23:02:18 497 - <b>0</b> - Spinner Load Wait: (Sync) - ICar.support.WaitUtils.waitForSpinner(WaitUtils.java:225)</small> </font> </div>
<div class="test-event"> <font color="maroon"> <small> &emsp; &emsp;--- 04 May 23:02:18 596 - Page URL:: https://www.i-car.com/product/pl2-estimator</small> </font> </div>
<div class="test-event"> <font color="maroon"> <small> &emsp; &emsp;--- 04 May 23:02:18 596 - <b>0</b> - Page Load Wait: (Sync) - ICar.support.Utils.waitForPageLoad(Utils.java:109)</small> </font> </div>
<div class="test-event"> <font color="maroon"> <small> &emsp; &emsp;--- 04 May 23:02:28 643 - Element is displayed:: [[ChromeDriver: chrome on WINDOWS (2cf28825ea7a8a419a5b05b8e5d35d84)] -> xpath: //div[@class='productDetails slds-p-bottom_large']//div[contains(@class,'slds-p-bottom_medium')]]</small> </font> </div>
<div class="test-message">&emsp;Course Name : PL2Estimator is displayed in the URL page</div>
<div class="test-message">&emsp;Successfully verified the course name for relevant link&emsp;<a href=".\ScreenShot\URL_TC001_2717694288926700.png" target="_blank" >[ScreenShot]</a></div>
<div class="test-message">&emsp;
</div>
<div class="test-message">&emsp;23. URL is : https://www.i-car.com/product/introduction-to-mig-brazing</div>
<div class="test-event"> <font color="maroon"> <small> &emsp; &emsp;--- 04 May 23:02:37 651 - Page URL:: https://www.i-car.com/product/introduction-to-mig-brazing</small> </font> </div>
<div class="test-event"> <font color="maroon"> <small> &emsp; &emsp;--- 04 May 23:02:37 651 - <b>0</b> - Page Load Wait: (Sync) - ICar.support.Utils.waitForPageLoad(Utils.java:109)</small> </font> </div>
<div class="test-message">&emsp;Successfully navigated to the :  https://www.i-car.com/product/introduction-to-mig-brazing   Page&emsp;<a href=".\ScreenShot\URL_TC001_2717695263493800.png" target="_blank" >[ScreenShot]</a></div>
<div class="test-event"> <font color="maroon"> <small> &emsp; &emsp;--- 04 May 23:02:37 931 - Page URL:: https://www.i-car.com/product/introduction-to-mig-brazing</small> </font> </div>
<div class="test-event"> <font color="maroon"> <small> &emsp; &emsp;--- 04 May 23:02:37 931 - <b>0</b> - Page Load Wait: (Sync) - ICar.support.Utils.waitForPageLoad(Utils.java:109)</small> </font> </div>
<div class="test-event"> <font color="maroon"> <small> &emsp; &emsp;--- 04 May 23:02:37 939 - Catched spinner load exception due to javascript error: {"status":32,"value":"An invalid or illegal selector was specified"}
  (Session info: chrome=124.0.6367.92)
Build info: version: '4.6.0', revision: '79f1c02ae20'
System info: os.name: 'Windows 10', os.arch: 'amd64', os.version: '10.0', java.version: '17.0.7'
Driver info: org.openqa.selenium.chrome.ChromeDriver
Command: [2cf28825ea7a8a419a5b05b8e5d35d84, findElement {using=css selector, value=div[class='slds-spinner slds-spinner_brand slds-spinner_small']>div:nth-child(2)r}]
Capabilities {acceptInsecureCerts: false, browserName: chrome, browserVersion: 124.0.6367.92, chrome: {chromedriverVersion: 124.0.6367.91 (51df0e5e17a8..., userDataDir: C:\Users\PRATHA~1.KUM\AppDa...}, fedcm:accounts: true, goog:chromeOptions: {debuggerAddress: localhost:49451}, networkConnectionEnabled: false, pageLoadStrategy: normal, platformName: WINDOWS, proxy: Proxy(), se:cdp: ws://localhost:49451/devtoo..., se:cdpVersion: 124.0.6367.92, setWindowRect: true, strictFileInteractability: false, timeouts: {implicit: 0, pageLoad: 300000, script: 30000}, unhandledPromptBehavior: dismiss and notify, webauthn:extension:credBlob: true, webauthn:extension:largeBlob: true, webauthn:extension:minPinLength: true, webauthn:extension:prf: true, webauthn:virtualAuthenticators: true}
Session ID: 2cf28825ea7a8a419a5b05b8e5d35d84</small> </font> </div>
<div class="test-event"> <font color="maroon"> <small> &emsp; &emsp;--- 04 May 23:02:37 940 - <b>0</b> - Spinner Load Wait: (Sync) - ICar.support.WaitUtils.waitForSpinner(WaitUtils.java:225)</small> </font> </div>
<div class="test-event"> <font color="maroon"> <small> &emsp; &emsp;--- 04 May 23:02:48 052 - Page URL:: https://www.i-car.com/product/introduction-to-mig-brazing</small> </font> </div>
<div class="test-event"> <font color="maroon"> <small> &emsp; &emsp;--- 04 May 23:02:48 052 - <b>0</b> - Page Load Wait: (Sync) - ICar.support.Utils.waitForPageLoad(Utils.java:109)</small> </font> </div>
<div class="test-event"> <font color="maroon"> <small> &emsp; &emsp;--- 04 May 23:02:48 071 - Element is displayed:: [[ChromeDriver: chrome on WINDOWS (2cf28825ea7a8a419a5b05b8e5d35d84)] -> xpath: //a[contains(text(),'Back to Courses')]]</small> </font> </div>
<div class="test-event"> <font color="maroon"> <small> &emsp; &emsp;--- 04 May 23:02:55 114 - Catched spinner load exception due to javascript error: {"status":32,"value":"An invalid or illegal selector was specified"}
  (Session info: chrome=124.0.6367.92)
Build info: version: '4.6.0', revision: '79f1c02ae20'
System info: os.name: 'Windows 10', os.arch: 'amd64', os.version: '10.0', java.version: '17.0.7'
Driver info: org.openqa.selenium.chrome.ChromeDriver
Command: [2cf28825ea7a8a419a5b05b8e5d35d84, findElement {using=css selector, value=div[class='slds-spinner slds-spinner_brand slds-spinner_small']>div:nth-child(2)r}]
Capabilities {acceptInsecureCerts: false, browserName: chrome, browserVersion: 124.0.6367.92, chrome: {chromedriverVersion: 124.0.6367.91 (51df0e5e17a8..., userDataDir: C:\Users\PRATHA~1.KUM\AppDa...}, fedcm:accounts: true, goog:chromeOptions: {debuggerAddress: localhost:49451}, networkConnectionEnabled: false, pageLoadStrategy: normal, platformName: WINDOWS, proxy: Proxy(), se:cdp: ws://localhost:49451/devtoo..., se:cdpVersion: 124.0.6367.92, setWindowRect: true, strictFileInteractability: false, timeouts: {implicit: 0, pageLoad: 300000, script: 30000}, unhandledPromptBehavior: dismiss and notify, webauthn:extension:credBlob: true, webauthn:extension:largeBlob: true, webauthn:extension:minPinLength: true, webauthn:extension:prf: true, webauthn:virtualAuthenticators: true}
Session ID: 2cf28825ea7a8a419a5b05b8e5d35d84</small> </font> </div>
<div class="test-event"> <font color="maroon"> <small> &emsp; &emsp;--- 04 May 23:02:55 114 - <b>0</b> - Spinner Load Wait: (Sync) - ICar.support.WaitUtils.waitForSpinner(WaitUtils.java:225)</small> </font> </div>
<div class="test-message">&emsp;Back To Courses is displayed in the page </div>
<div class="test-message">&emsp;Successfully verified Back To Course Link&emsp;<a href=".\ScreenShot\URL_TC001_2717712737689300.png" target="_blank" >[ScreenShot]</a></div>
<div class="test-event"> <font color="maroon"> <small> &emsp; &emsp;--- 04 May 23:02:55 359 - Catched spinner load exception due to javascript error: {"status":32,"value":"An invalid or illegal selector was specified"}
  (Session info: chrome=124.0.6367.92)
Build info: version: '4.6.0', revision: '79f1c02ae20'
System info: os.name: 'Windows 10', os.arch: 'amd64', os.version: '10.0', java.version: '17.0.7'
Driver info: org.openqa.selenium.chrome.ChromeDriver
Command: [2cf28825ea7a8a419a5b05b8e5d35d84, findElement {using=css selector, value=div[class='slds-spinner slds-spinner_brand slds-spinner_small']>div:nth-child(2)r}]
Capabilities {acceptInsecureCerts: false, browserName: chrome, browserVersion: 124.0.6367.92, chrome: {chromedriverVersion: 124.0.6367.91 (51df0e5e17a8..., userDataDir: C:\Users\PRATHA~1.KUM\AppDa...}, fedcm:accounts: true, goog:chromeOptions: {debuggerAddress: localhost:49451}, networkConnectionEnabled: false, pageLoadStrategy: normal, platformName: WINDOWS, proxy: Proxy(), se:cdp: ws://localhost:49451/devtoo..., se:cdpVersion: 124.0.6367.92, setWindowRect: true, strictFileInteractability: false, timeouts: {implicit: 0, pageLoad: 300000, script: 30000}, unhandledPromptBehavior: dismiss and notify, webauthn:extension:credBlob: true, webauthn:extension:largeBlob: true, webauthn:extension:minPinLength: true, webauthn:extension:prf: true, webauthn:virtualAuthenticators: true}
Session ID: 2cf28825ea7a8a419a5b05b8e5d35d84</small> </font> </div>
<div class="test-event"> <font color="maroon"> <small> &emsp; &emsp;--- 04 May 23:02:55 359 - <b>0</b> - Spinner Load Wait: (Sync) - ICar.support.WaitUtils.waitForSpinner(WaitUtils.java:225)</small> </font> </div>
<div class="test-event"> <font color="maroon"> <small> &emsp; &emsp;--- 04 May 23:02:55 432 - Page URL:: https://www.i-car.com/product/introduction-to-mig-brazing</small> </font> </div>
<div class="test-event"> <font color="maroon"> <small> &emsp; &emsp;--- 04 May 23:02:55 432 - <b>0</b> - Page Load Wait: (Sync) - ICar.support.Utils.waitForPageLoad(Utils.java:109)</small> </font> </div>
<div class="test-event"> <font color="maroon"> <small> &emsp; &emsp;--- 04 May 23:03:05 484 - Element is displayed:: [[ChromeDriver: chrome on WINDOWS (2cf28825ea7a8a419a5b05b8e5d35d84)] -> xpath: //div[@class='productDetails slds-p-bottom_large']//div[contains(@class,'slds-p-bottom_medium')]]</small> </font> </div>
<div class="test-message">&emsp;Course Name : IntroductiontoMIGBrazing is displayed in the URL page</div>
<div class="test-message">&emsp;Successfully verified the course name for relevant link&emsp;<a href=".\ScreenShot\URL_TC001_2717731118969600.png" target="_blank" >[ScreenShot]</a></div>
<div class="test-message">&emsp;
</div>
<div class="test-message">&emsp;24. URL is : https://www.i-car.com/product/vehicle-technology-and-trends-2020</div>
<div class="test-event"> <font color="maroon"> <small> &emsp; &emsp;--- 04 May 23:03:14 793 - Page URL:: https://www.i-car.com/product/vehicle-technology-and-trends-2020</small> </font> </div>
<div class="test-event"> <font color="maroon"> <small> &emsp; &emsp;--- 04 May 23:03:14 794 - <b>0</b> - Page Load Wait: (Sync) - ICar.support.Utils.waitForPageLoad(Utils.java:109)</small> </font> </div>
<div class="test-message">&emsp;Successfully navigated to the :  https://www.i-car.com/product/vehicle-technology-and-trends-2020   Page&emsp;<a href=".\ScreenShot\URL_TC001_2717732407321500.png" target="_blank" >[ScreenShot]</a></div>
<div class="test-event"> <font color="maroon"> <small> &emsp; &emsp;--- 04 May 23:03:15 116 - Page URL:: https://www.i-car.com/product/vehicle-technology-and-trends-2020</small> </font> </div>
<div class="test-event"> <font color="maroon"> <small> &emsp; &emsp;--- 04 May 23:03:15 116 - <b>0</b> - Page Load Wait: (Sync) - ICar.support.Utils.waitForPageLoad(Utils.java:109)</small> </font> </div>
<div class="test-event"> <font color="maroon"> <small> &emsp; &emsp;--- 04 May 23:03:15 126 - Catched spinner load exception due to javascript error: {"status":32,"value":"An invalid or illegal selector was specified"}
  (Session info: chrome=124.0.6367.92)
Build info: version: '4.6.0', revision: '79f1c02ae20'
System info: os.name: 'Windows 10', os.arch: 'amd64', os.version: '10.0', java.version: '17.0.7'
Driver info: org.openqa.selenium.chrome.ChromeDriver
Command: [2cf28825ea7a8a419a5b05b8e5d35d84, findElement {using=css selector, value=div[class='slds-spinner slds-spinner_brand slds-spinner_small']>div:nth-child(2)r}]
Capabilities {acceptInsecureCerts: false, browserName: chrome, browserVersion: 124.0.6367.92, chrome: {chromedriverVersion: 124.0.6367.91 (51df0e5e17a8..., userDataDir: C:\Users\PRATHA~1.KUM\AppDa...}, fedcm:accounts: true, goog:chromeOptions: {debuggerAddress: localhost:49451}, networkConnectionEnabled: false, pageLoadStrategy: normal, platformName: WINDOWS, proxy: Proxy(), se:cdp: ws://localhost:49451/devtoo..., se:cdpVersion: 124.0.6367.92, setWindowRect: true, strictFileInteractability: false, timeouts: {implicit: 0, pageLoad: 300000, script: 30000}, unhandledPromptBehavior: dismiss and notify, webauthn:extension:credBlob: true, webauthn:extension:largeBlob: true, webauthn:extension:minPinLength: true, webauthn:extension:prf: true, webauthn:virtualAuthenticators: true}
Session ID: 2cf28825ea7a8a419a5b05b8e5d35d84</small> </font> </div>
<div class="test-event"> <font color="maroon"> <small> &emsp; &emsp;--- 04 May 23:03:15 126 - <b>0</b> - Spinner Load Wait: (Sync) - ICar.support.WaitUtils.waitForSpinner(WaitUtils.java:225)</small> </font> </div>
<div class="test-event"> <font color="maroon"> <small> &emsp; &emsp;--- 04 May 23:03:25 218 - Page URL:: https://www.i-car.com/product/vehicle-technology-and-trends-2020</small> </font> </div>
<div class="test-event"> <font color="maroon"> <small> &emsp; &emsp;--- 04 May 23:03:25 218 - <b>0</b> - Page Load Wait: (Sync) - ICar.support.Utils.waitForPageLoad(Utils.java:109)</small> </font> </div>
<div class="test-event"> <font color="maroon"> <small> &emsp; &emsp;--- 04 May 23:03:25 239 - Element is displayed:: [[ChromeDriver: chrome on WINDOWS (2cf28825ea7a8a419a5b05b8e5d35d84)] -> xpath: //a[contains(text(),'Back to Courses')]]</small> </font> </div>
<div class="test-event"> <font color="maroon"> <small> &emsp; &emsp;--- 04 May 23:03:32 277 - Catched spinner load exception due to javascript error: {"status":32,"value":"An invalid or illegal selector was specified"}
  (Session info: chrome=124.0.6367.92)
Build info: version: '4.6.0', revision: '79f1c02ae20'
System info: os.name: 'Windows 10', os.arch: 'amd64', os.version: '10.0', java.version: '17.0.7'
Driver info: org.openqa.selenium.chrome.ChromeDriver
Command: [2cf28825ea7a8a419a5b05b8e5d35d84, findElement {using=css selector, value=div[class='slds-spinner slds-spinner_brand slds-spinner_small']>div:nth-child(2)r}]
Capabilities {acceptInsecureCerts: false, browserName: chrome, browserVersion: 124.0.6367.92, chrome: {chromedriverVersion: 124.0.6367.91 (51df0e5e17a8..., userDataDir: C:\Users\PRATHA~1.KUM\AppDa...}, fedcm:accounts: true, goog:chromeOptions: {debuggerAddress: localhost:49451}, networkConnectionEnabled: false, pageLoadStrategy: normal, platformName: WINDOWS, proxy: Proxy(), se:cdp: ws://localhost:49451/devtoo..., se:cdpVersion: 124.0.6367.92, setWindowRect: true, strictFileInteractability: false, timeouts: {implicit: 0, pageLoad: 300000, script: 30000}, unhandledPromptBehavior: dismiss and notify, webauthn:extension:credBlob: true, webauthn:extension:largeBlob: true, webauthn:extension:minPinLength: true, webauthn:extension:prf: true, webauthn:virtualAuthenticators: true}
Session ID: 2cf28825ea7a8a419a5b05b8e5d35d84</small> </font> </div>
<div class="test-event"> <font color="maroon"> <small> &emsp; &emsp;--- 04 May 23:03:32 277 - <b>0</b> - Spinner Load Wait: (Sync) - ICar.support.WaitUtils.waitForSpinner(WaitUtils.java:225)</small> </font> </div>
<div class="test-message">&emsp;Back To Courses is displayed in the page </div>
<div class="test-message">&emsp;Successfully verified Back To Course Link&emsp;<a href=".\ScreenShot\URL_TC001_2717749902324100.png" target="_blank" >[ScreenShot]</a></div>
<div class="test-event"> <font color="maroon"> <small> &emsp; &emsp;--- 04 May 23:03:32 512 - Catched spinner load exception due to javascript error: {"status":32,"value":"An invalid or illegal selector was specified"}
  (Session info: chrome=124.0.6367.92)
Build info: version: '4.6.0', revision: '79f1c02ae20'
System info: os.name: 'Windows 10', os.arch: 'amd64', os.version: '10.0', java.version: '17.0.7'
Driver info: org.openqa.selenium.chrome.ChromeDriver
Command: [2cf28825ea7a8a419a5b05b8e5d35d84, findElement {using=css selector, value=div[class='slds-spinner slds-spinner_brand slds-spinner_small']>div:nth-child(2)r}]
Capabilities {acceptInsecureCerts: false, browserName: chrome, browserVersion: 124.0.6367.92, chrome: {chromedriverVersion: 124.0.6367.91 (51df0e5e17a8..., userDataDir: C:\Users\PRATHA~1.KUM\AppDa...}, fedcm:accounts: true, goog:chromeOptions: {debuggerAddress: localhost:49451}, networkConnectionEnabled: false, pageLoadStrategy: normal, platformName: WINDOWS, proxy: Proxy(), se:cdp: ws://localhost:49451/devtoo..., se:cdpVersion: 124.0.6367.92, setWindowRect: true, strictFileInteractability: false, timeouts: {implicit: 0, pageLoad: 300000, script: 30000}, unhandledPromptBehavior: dismiss and notify, webauthn:extension:credBlob: true, webauthn:extension:largeBlob: true, webauthn:extension:minPinLength: true, webauthn:extension:prf: true, webauthn:virtualAuthenticators: true}
Session ID: 2cf28825ea7a8a419a5b05b8e5d35d84</small> </font> </div>
<div class="test-event"> <font color="maroon"> <small> &emsp; &emsp;--- 04 May 23:03:32 512 - <b>0</b> - Spinner Load Wait: (Sync) - ICar.support.WaitUtils.waitForSpinner(WaitUtils.java:225)</small> </font> </div>
<div class="test-event"> <font color="maroon"> <small> &emsp; &emsp;--- 04 May 23:03:32 581 - Page URL:: https://www.i-car.com/product/vehicle-technology-and-trends-2020</small> </font> </div>
<div class="test-event"> <font color="maroon"> <small> &emsp; &emsp;--- 04 May 23:03:32 581 - <b>0</b> - Page Load Wait: (Sync) - ICar.support.Utils.waitForPageLoad(Utils.java:109)</small> </font> </div>
<div class="test-event"> <font color="maroon"> <small> &emsp; &emsp;--- 04 May 23:03:42 630 - Element is displayed:: [[ChromeDriver: chrome on WINDOWS (2cf28825ea7a8a419a5b05b8e5d35d84)] -> xpath: //div[@class='productDetails slds-p-bottom_large']//div[contains(@class,'slds-p-bottom_medium')]]</small> </font> </div>
<div class="test-message">&emsp;Course Name : VehicleTechnologyandTrends2020 is displayed in the URL page</div>
<div class="test-message">&emsp;Successfully verified the course name for relevant link&emsp;<a href=".\ScreenShot\URL_TC001_2717768268958800.png" target="_blank" >[ScreenShot]</a></div>
<div class="test-message">&emsp;
</div>
<div class="test-message">&emsp;25. URL is : https://www.i-car.com/product/ford-electric-vehicle-ev-course-package</div>
<div class="test-event"> <font color="maroon"> <small> &emsp; &emsp;--- 04 May 23:03:51 822 - Page URL:: https://www.i-car.com/product/ford-electric-vehicle-ev-course-package</small> </font> </div>
<div class="test-event"> <font color="maroon"> <small> &emsp; &emsp;--- 04 May 23:03:51 822 - <b>0</b> - Page Load Wait: (Sync) - ICar.support.Utils.waitForPageLoad(Utils.java:109)</small> </font> </div>
<div class="test-message">&emsp;Successfully navigated to the :  https://www.i-car.com/product/ford-electric-vehicle-ev-course-package   Page&emsp;<a href=".\ScreenShot\URL_TC001_2717769435404000.png" target="_blank" >[ScreenShot]</a></div>
<div class="test-event"> <font color="maroon"> <small> &emsp; &emsp;--- 04 May 23:03:52 073 - Page URL:: https://www.i-car.com/product/ford-electric-vehicle-ev-course-package</small> </font> </div>
<div class="test-event"> <font color="maroon"> <small> &emsp; &emsp;--- 04 May 23:03:52 073 - <b>0</b> - Page Load Wait: (Sync) - ICar.support.Utils.waitForPageLoad(Utils.java:109)</small> </font> </div>
<div class="test-event"> <font color="maroon"> <small> &emsp; &emsp;--- 04 May 23:03:52 085 - Catched spinner load exception due to javascript error: {"status":32,"value":"An invalid or illegal selector was specified"}
  (Session info: chrome=124.0.6367.92)
Build info: version: '4.6.0', revision: '79f1c02ae20'
System info: os.name: 'Windows 10', os.arch: 'amd64', os.version: '10.0', java.version: '17.0.7'
Driver info: org.openqa.selenium.chrome.ChromeDriver
Command: [2cf28825ea7a8a419a5b05b8e5d35d84, findElement {using=css selector, value=div[class='slds-spinner slds-spinner_brand slds-spinner_small']>div:nth-child(2)r}]
Capabilities {acceptInsecureCerts: false, browserName: chrome, browserVersion: 124.0.6367.92, chrome: {chromedriverVersion: 124.0.6367.91 (51df0e5e17a8..., userDataDir: C:\Users\PRATHA~1.KUM\AppDa...}, fedcm:accounts: true, goog:chromeOptions: {debuggerAddress: localhost:49451}, networkConnectionEnabled: false, pageLoadStrategy: normal, platformName: WINDOWS, proxy: Proxy(), se:cdp: ws://localhost:49451/devtoo..., se:cdpVersion: 124.0.6367.92, setWindowRect: true, strictFileInteractability: false, timeouts: {implicit: 0, pageLoad: 300000, script: 30000}, unhandledPromptBehavior: dismiss and notify, webauthn:extension:credBlob: true, webauthn:extension:largeBlob: true, webauthn:extension:minPinLength: true, webauthn:extension:prf: true, webauthn:virtualAuthenticators: true}
Session ID: 2cf28825ea7a8a419a5b05b8e5d35d84</small> </font> </div>
<div class="test-event"> <font color="maroon"> <small> &emsp; &emsp;--- 04 May 23:03:52 085 - <b>0</b> - Spinner Load Wait: (Sync) - ICar.support.WaitUtils.waitForSpinner(WaitUtils.java:225)</small> </font> </div>
<div class="test-event"> <font color="maroon"> <small> &emsp; &emsp;--- 04 May 23:04:02 195 - Page URL:: https://www.i-car.com/product/ford-electric-vehicle-ev-course-package</small> </font> </div>
<div class="test-event"> <font color="maroon"> <small> &emsp; &emsp;--- 04 May 23:04:02 195 - <b>0</b> - Page Load Wait: (Sync) - ICar.support.Utils.waitForPageLoad(Utils.java:109)</small> </font> </div>
<div class="test-event"> <font color="maroon"> <small> &emsp; &emsp;--- 04 May 23:04:02 213 - Element is displayed:: [[ChromeDriver: chrome on WINDOWS (2cf28825ea7a8a419a5b05b8e5d35d84)] -> xpath: //a[contains(text(),'Back to Courses')]]</small> </font> </div>
<div class="test-event"> <font color="maroon"> <small> &emsp; &emsp;--- 04 May 23:04:09 247 - Catched spinner load exception due to javascript error: {"status":32,"value":"An invalid or illegal selector was specified"}
  (Session info: chrome=124.0.6367.92)
Build info: version: '4.6.0', revision: '79f1c02ae20'
System info: os.name: 'Windows 10', os.arch: 'amd64', os.version: '10.0', java.version: '17.0.7'
Driver info: org.openqa.selenium.chrome.ChromeDriver
Command: [2cf28825ea7a8a419a5b05b8e5d35d84, findElement {using=css selector, value=div[class='slds-spinner slds-spinner_brand slds-spinner_small']>div:nth-child(2)r}]
Capabilities {acceptInsecureCerts: false, browserName: chrome, browserVersion: 124.0.6367.92, chrome: {chromedriverVersion: 124.0.6367.91 (51df0e5e17a8..., userDataDir: C:\Users\PRATHA~1.KUM\AppDa...}, fedcm:accounts: true, goog:chromeOptions: {debuggerAddress: localhost:49451}, networkConnectionEnabled: false, pageLoadStrategy: normal, platformName: WINDOWS, proxy: Proxy(), se:cdp: ws://localhost:49451/devtoo..., se:cdpVersion: 124.0.6367.92, setWindowRect: true, strictFileInteractability: false, timeouts: {implicit: 0, pageLoad: 300000, script: 30000}, unhandledPromptBehavior: dismiss and notify, webauthn:extension:credBlob: true, webauthn:extension:largeBlob: true, webauthn:extension:minPinLength: true, webauthn:extension:prf: true, webauthn:virtualAuthenticators: true}
Session ID: 2cf28825ea7a8a419a5b05b8e5d35d84</small> </font> </div>
<div class="test-event"> <font color="maroon"> <small> &emsp; &emsp;--- 04 May 23:04:09 247 - <b>0</b> - Spinner Load Wait: (Sync) - ICar.support.WaitUtils.waitForSpinner(WaitUtils.java:225)</small> </font> </div>
<div class="test-message">&emsp;Back To Courses is displayed in the page </div>
<div class="test-message">&emsp;Successfully verified Back To Course Link&emsp;<a href=".\ScreenShot\URL_TC001_2717786870733100.png" target="_blank" >[ScreenShot]</a></div>
<div class="test-event"> <font color="maroon"> <small> &emsp; &emsp;--- 04 May 23:04:09 444 - Catched spinner load exception due to javascript error: {"status":32,"value":"An invalid or illegal selector was specified"}
  (Session info: chrome=124.0.6367.92)
Build info: version: '4.6.0', revision: '79f1c02ae20'
System info: os.name: 'Windows 10', os.arch: 'amd64', os.version: '10.0', java.version: '17.0.7'
Driver info: org.openqa.selenium.chrome.ChromeDriver
Command: [2cf28825ea7a8a419a5b05b8e5d35d84, findElement {using=css selector, value=div[class='slds-spinner slds-spinner_brand slds-spinner_small']>div:nth-child(2)r}]
Capabilities {acceptInsecureCerts: false, browserName: chrome, browserVersion: 124.0.6367.92, chrome: {chromedriverVersion: 124.0.6367.91 (51df0e5e17a8..., userDataDir: C:\Users\PRATHA~1.KUM\AppDa...}, fedcm:accounts: true, goog:chromeOptions: {debuggerAddress: localhost:49451}, networkConnectionEnabled: false, pageLoadStrategy: normal, platformName: WINDOWS, proxy: Proxy(), se:cdp: ws://localhost:49451/devtoo..., se:cdpVersion: 124.0.6367.92, setWindowRect: true, strictFileInteractability: false, timeouts: {implicit: 0, pageLoad: 300000, script: 30000}, unhandledPromptBehavior: dismiss and notify, webauthn:extension:credBlob: true, webauthn:extension:largeBlob: true, webauthn:extension:minPinLength: true, webauthn:extension:prf: true, webauthn:virtualAuthenticators: true}
Session ID: 2cf28825ea7a8a419a5b05b8e5d35d84</small> </font> </div>
<div class="test-event"> <font color="maroon"> <small> &emsp; &emsp;--- 04 May 23:04:09 444 - <b>0</b> - Spinner Load Wait: (Sync) - ICar.support.WaitUtils.waitForSpinner(WaitUtils.java:225)</small> </font> </div>
<div class="test-event"> <font color="maroon"> <small> &emsp; &emsp;--- 04 May 23:04:09 525 - Page URL:: https://www.i-car.com/product/ford-electric-vehicle-ev-course-package</small> </font> </div>
<div class="test-event"> <font color="maroon"> <small> &emsp; &emsp;--- 04 May 23:04:09 525 - <b>0</b> - Page Load Wait: (Sync) - ICar.support.Utils.waitForPageLoad(Utils.java:109)</small> </font> </div>
<div class="test-event"> <font color="maroon"> <small> &emsp; &emsp;--- 04 May 23:04:19 585 - Element is displayed:: [[ChromeDriver: chrome on WINDOWS (2cf28825ea7a8a419a5b05b8e5d35d84)] -> xpath: //div[@class='productDetails slds-p-bottom_large']//div[contains(@class,'slds-p-bottom_medium')]]</small> </font> </div>
<div class="test-message">&emsp;Course Name : FordElectricVehicleEVCoursePackage is displayed in the URL page</div>
<div class="test-message">&emsp;Successfully verified the course name for relevant link&emsp;<a href=".\ScreenShot\URL_TC001_2717805218677000.png" target="_blank" >[ScreenShot]</a></div>
<div class="test-message">&emsp;
</div>
<div class="test-message">&emsp;26. URL is : https://www.i-car.com/product/understanding-volvo-collision-repair</div>
<div class="test-event"> <font color="maroon"> <small> &emsp; &emsp;--- 04 May 23:04:33 043 - Page URL:: https://www.i-car.com/product/understanding-volvo-collision-repair</small> </font> </div>
<div class="test-event"> <font color="maroon"> <small> &emsp; &emsp;--- 04 May 23:04:33 043 - <b>0</b> - Page Load Wait: (Sync) - ICar.support.Utils.waitForPageLoad(Utils.java:109)</small> </font> </div>
<div class="test-message">&emsp;Successfully navigated to the :  https://www.i-car.com/product/understanding-volvo-collision-repair   Page&emsp;<a href=".\ScreenShot\URL_TC001_2717810658849100.png" target="_blank" >[ScreenShot]</a></div>
<div class="test-event"> <font color="maroon"> <small> &emsp; &emsp;--- 04 May 23:04:33 325 - Page URL:: https://www.i-car.com/product/understanding-volvo-collision-repair</small> </font> </div>
<div class="test-event"> <font color="maroon"> <small> &emsp; &emsp;--- 04 May 23:04:33 325 - <b>0</b> - Page Load Wait: (Sync) - ICar.support.Utils.waitForPageLoad(Utils.java:109)</small> </font> </div>
<div class="test-event"> <font color="maroon"> <small> &emsp; &emsp;--- 04 May 23:04:33 333 - Catched spinner load exception due to javascript error: {"status":32,"value":"An invalid or illegal selector was specified"}
  (Session info: chrome=124.0.6367.92)
Build info: version: '4.6.0', revision: '79f1c02ae20'
System info: os.name: 'Windows 10', os.arch: 'amd64', os.version: '10.0', java.version: '17.0.7'
Driver info: org.openqa.selenium.chrome.ChromeDriver
Command: [2cf28825ea7a8a419a5b05b8e5d35d84, findElement {using=css selector, value=div[class='slds-spinner slds-spinner_brand slds-spinner_small']>div:nth-child(2)r}]
Capabilities {acceptInsecureCerts: false, browserName: chrome, browserVersion: 124.0.6367.92, chrome: {chromedriverVersion: 124.0.6367.91 (51df0e5e17a8..., userDataDir: C:\Users\PRATHA~1.KUM\AppDa...}, fedcm:accounts: true, goog:chromeOptions: {debuggerAddress: localhost:49451}, networkConnectionEnabled: false, pageLoadStrategy: normal, platformName: WINDOWS, proxy: Proxy(), se:cdp: ws://localhost:49451/devtoo..., se:cdpVersion: 124.0.6367.92, setWindowRect: true, strictFileInteractability: false, timeouts: {implicit: 0, pageLoad: 300000, script: 30000}, unhandledPromptBehavior: dismiss and notify, webauthn:extension:credBlob: true, webauthn:extension:largeBlob: true, webauthn:extension:minPinLength: true, webauthn:extension:prf: true, webauthn:virtualAuthenticators: true}
Session ID: 2cf28825ea7a8a419a5b05b8e5d35d84</small> </font> </div>
<div class="test-event"> <font color="maroon"> <small> &emsp; &emsp;--- 04 May 23:04:33 333 - <b>0</b> - Spinner Load Wait: (Sync) - ICar.support.WaitUtils.waitForSpinner(WaitUtils.java:225)</small> </font> </div>
<div class="test-event"> <font color="maroon"> <small> &emsp; &emsp;--- 04 May 23:04:43 409 - Page URL:: https://www.i-car.com/product/understanding-volvo-collision-repair</small> </font> </div>
<div class="test-event"> <font color="maroon"> <small> &emsp; &emsp;--- 04 May 23:04:43 409 - <b>0</b> - Page Load Wait: (Sync) - ICar.support.Utils.waitForPageLoad(Utils.java:109)</small> </font> </div>
<div class="test-event"> <font color="maroon"> <small> &emsp; &emsp;--- 04 May 23:04:43 428 - Element is displayed:: [[ChromeDriver: chrome on WINDOWS (2cf28825ea7a8a419a5b05b8e5d35d84)] -> xpath: //a[contains(text(),'Back to Courses')]]</small> </font> </div>
<div class="test-event"> <font color="maroon"> <small> &emsp; &emsp;--- 04 May 23:04:50 472 - Catched spinner load exception due to javascript error: {"status":32,"value":"An invalid or illegal selector was specified"}
  (Session info: chrome=124.0.6367.92)
Build info: version: '4.6.0', revision: '79f1c02ae20'
System info: os.name: 'Windows 10', os.arch: 'amd64', os.version: '10.0', java.version: '17.0.7'
Driver info: org.openqa.selenium.chrome.ChromeDriver
Command: [2cf28825ea7a8a419a5b05b8e5d35d84, findElement {using=css selector, value=div[class='slds-spinner slds-spinner_brand slds-spinner_small']>div:nth-child(2)r}]
Capabilities {acceptInsecureCerts: false, browserName: chrome, browserVersion: 124.0.6367.92, chrome: {chromedriverVersion: 124.0.6367.91 (51df0e5e17a8..., userDataDir: C:\Users\PRATHA~1.KUM\AppDa...}, fedcm:accounts: true, goog:chromeOptions: {debuggerAddress: localhost:49451}, networkConnectionEnabled: false, pageLoadStrategy: normal, platformName: WINDOWS, proxy: Proxy(), se:cdp: ws://localhost:49451/devtoo..., se:cdpVersion: 124.0.6367.92, setWindowRect: true, strictFileInteractability: false, timeouts: {implicit: 0, pageLoad: 300000, script: 30000}, unhandledPromptBehavior: dismiss and notify, webauthn:extension:credBlob: true, webauthn:extension:largeBlob: true, webauthn:extension:minPinLength: true, webauthn:extension:prf: true, webauthn:virtualAuthenticators: true}
Session ID: 2cf28825ea7a8a419a5b05b8e5d35d84</small> </font> </div>
<div class="test-event"> <font color="maroon"> <small> &emsp; &emsp;--- 04 May 23:04:50 472 - <b>0</b> - Spinner Load Wait: (Sync) - ICar.support.WaitUtils.waitForSpinner(WaitUtils.java:225)</small> </font> </div>
<div class="test-message">&emsp;Back To Courses is displayed in the page </div>
<div class="test-message">&emsp;Successfully verified Back To Course Link&emsp;<a href=".\ScreenShot\URL_TC001_2717828096923000.png" target="_blank" >[ScreenShot]</a></div>
<div class="test-event"> <font color="maroon"> <small> &emsp; &emsp;--- 04 May 23:04:50 714 - Catched spinner load exception due to javascript error: {"status":32,"value":"An invalid or illegal selector was specified"}
  (Session info: chrome=124.0.6367.92)
Build info: version: '4.6.0', revision: '79f1c02ae20'
System info: os.name: 'Windows 10', os.arch: 'amd64', os.version: '10.0', java.version: '17.0.7'
Driver info: org.openqa.selenium.chrome.ChromeDriver
Command: [2cf28825ea7a8a419a5b05b8e5d35d84, findElement {using=css selector, value=div[class='slds-spinner slds-spinner_brand slds-spinner_small']>div:nth-child(2)r}]
Capabilities {acceptInsecureCerts: false, browserName: chrome, browserVersion: 124.0.6367.92, chrome: {chromedriverVersion: 124.0.6367.91 (51df0e5e17a8..., userDataDir: C:\Users\PRATHA~1.KUM\AppDa...}, fedcm:accounts: true, goog:chromeOptions: {debuggerAddress: localhost:49451}, networkConnectionEnabled: false, pageLoadStrategy: normal, platformName: WINDOWS, proxy: Proxy(), se:cdp: ws://localhost:49451/devtoo..., se:cdpVersion: 124.0.6367.92, setWindowRect: true, strictFileInteractability: false, timeouts: {implicit: 0, pageLoad: 300000, script: 30000}, unhandledPromptBehavior: dismiss and notify, webauthn:extension:credBlob: true, webauthn:extension:largeBlob: true, webauthn:extension:minPinLength: true, webauthn:extension:prf: true, webauthn:virtualAuthenticators: true}
Session ID: 2cf28825ea7a8a419a5b05b8e5d35d84</small> </font> </div>
<div class="test-event"> <font color="maroon"> <small> &emsp; &emsp;--- 04 May 23:04:50 714 - <b>0</b> - Spinner Load Wait: (Sync) - ICar.support.WaitUtils.waitForSpinner(WaitUtils.java:225)</small> </font> </div>
<div class="test-event"> <font color="maroon"> <small> &emsp; &emsp;--- 04 May 23:04:50 777 - Page URL:: https://www.i-car.com/product/understanding-volvo-collision-repair</small> </font> </div>
<div class="test-event"> <font color="maroon"> <small> &emsp; &emsp;--- 04 May 23:04:50 777 - <b>0</b> - Page Load Wait: (Sync) - ICar.support.Utils.waitForPageLoad(Utils.java:109)</small> </font> </div>
<div class="test-event"> <font color="maroon"> <small> &emsp; &emsp;--- 04 May 23:05:00 842 - Element is displayed:: [[ChromeDriver: chrome on WINDOWS (2cf28825ea7a8a419a5b05b8e5d35d84)] -> xpath: //div[@class='productDetails slds-p-bottom_large']//div[contains(@class,'slds-p-bottom_medium')]]</small> </font> </div>
<div class="test-message">&emsp;Course Name : UnderstandingVolvoCollisionRepair is displayed in the URL page</div>
<div class="test-message">&emsp;Successfully verified the course name for relevant link&emsp;<a href=".\ScreenShot\URL_TC001_2717846483400100.png" target="_blank" >[ScreenShot]</a></div>
<div class="test-message">&emsp;
</div>
<div class="test-message">&emsp;27. URL is : https://www.i-car.com/product/honda-and-acura-highstrength-steel-repair</div>
<div class="test-event"> <font color="maroon"> <small> &emsp; &emsp;--- 04 May 23:05:12 257 - Page URL:: https://www.i-car.com/product/honda-and-acura-highstrength-steel-repair</small> </font> </div>
<div class="test-event"> <font color="maroon"> <small> &emsp; &emsp;--- 04 May 23:05:12 257 - <b>0</b> - Page Load Wait: (Sync) - ICar.support.Utils.waitForPageLoad(Utils.java:109)</small> </font> </div>
<div class="test-message">&emsp;Successfully navigated to the :  https://www.i-car.com/product/honda-and-acura-highstrength-steel-repair   Page&emsp;<a href=".\ScreenShot\URL_TC001_2717849871913700.png" target="_blank" >[ScreenShot]</a></div>
<div class="test-event"> <font color="maroon"> <small> &emsp; &emsp;--- 04 May 23:05:12 587 - Page URL:: https://www.i-car.com/product/honda-and-acura-highstrength-steel-repair</small> </font> </div>
<div class="test-event"> <font color="maroon"> <small> &emsp; &emsp;--- 04 May 23:05:12 587 - <b>0</b> - Page Load Wait: (Sync) - ICar.support.Utils.waitForPageLoad(Utils.java:109)</small> </font> </div>
<div class="test-event"> <font color="maroon"> <small> &emsp; &emsp;--- 04 May 23:05:12 596 - Catched spinner load exception due to javascript error: {"status":32,"value":"An invalid or illegal selector was specified"}
  (Session info: chrome=124.0.6367.92)
Build info: version: '4.6.0', revision: '79f1c02ae20'
System info: os.name: 'Windows 10', os.arch: 'amd64', os.version: '10.0', java.version: '17.0.7'
Driver info: org.openqa.selenium.chrome.ChromeDriver
Command: [2cf28825ea7a8a419a5b05b8e5d35d84, findElement {using=css selector, value=div[class='slds-spinner slds-spinner_brand slds-spinner_small']>div:nth-child(2)r}]
Capabilities {acceptInsecureCerts: false, browserName: chrome, browserVersion: 124.0.6367.92, chrome: {chromedriverVersion: 124.0.6367.91 (51df0e5e17a8..., userDataDir: C:\Users\PRATHA~1.KUM\AppDa...}, fedcm:accounts: true, goog:chromeOptions: {debuggerAddress: localhost:49451}, networkConnectionEnabled: false, pageLoadStrategy: normal, platformName: WINDOWS, proxy: Proxy(), se:cdp: ws://localhost:49451/devtoo..., se:cdpVersion: 124.0.6367.92, setWindowRect: true, strictFileInteractability: false, timeouts: {implicit: 0, pageLoad: 300000, script: 30000}, unhandledPromptBehavior: dismiss and notify, webauthn:extension:credBlob: true, webauthn:extension:largeBlob: true, webauthn:extension:minPinLength: true, webauthn:extension:prf: true, webauthn:virtualAuthenticators: true}
Session ID: 2cf28825ea7a8a419a5b05b8e5d35d84</small> </font> </div>
<div class="test-event"> <font color="maroon"> <small> &emsp; &emsp;--- 04 May 23:05:12 596 - <b>0</b> - Spinner Load Wait: (Sync) - ICar.support.WaitUtils.waitForSpinner(WaitUtils.java:225)</small> </font> </div>
<div class="test-event"> <font color="maroon"> <small> &emsp; &emsp;--- 04 May 23:05:22 681 - Page URL:: https://www.i-car.com/product/honda-and-acura-highstrength-steel-repair</small> </font> </div>
<div class="test-event"> <font color="maroon"> <small> &emsp; &emsp;--- 04 May 23:05:22 681 - <b>0</b> - Page Load Wait: (Sync) - ICar.support.Utils.waitForPageLoad(Utils.java:109)</small> </font> </div>
<div class="test-event"> <font color="maroon"> <small> &emsp; &emsp;--- 04 May 23:05:22 699 - Element is displayed:: [[ChromeDriver: chrome on WINDOWS (2cf28825ea7a8a419a5b05b8e5d35d84)] -> xpath: //a[contains(text(),'Back to Courses')]]</small> </font> </div>
<div class="test-event"> <font color="maroon"> <small> &emsp; &emsp;--- 04 May 23:05:29 723 - Catched spinner load exception due to javascript error: {"status":32,"value":"An invalid or illegal selector was specified"}
  (Session info: chrome=124.0.6367.92)
Build info: version: '4.6.0', revision: '79f1c02ae20'
System info: os.name: 'Windows 10', os.arch: 'amd64', os.version: '10.0', java.version: '17.0.7'
Driver info: org.openqa.selenium.chrome.ChromeDriver
Command: [2cf28825ea7a8a419a5b05b8e5d35d84, findElement {using=css selector, value=div[class='slds-spinner slds-spinner_brand slds-spinner_small']>div:nth-child(2)r}]
Capabilities {acceptInsecureCerts: false, browserName: chrome, browserVersion: 124.0.6367.92, chrome: {chromedriverVersion: 124.0.6367.91 (51df0e5e17a8..., userDataDir: C:\Users\PRATHA~1.KUM\AppDa...}, fedcm:accounts: true, goog:chromeOptions: {debuggerAddress: localhost:49451}, networkConnectionEnabled: false, pageLoadStrategy: normal, platformName: WINDOWS, proxy: Proxy(), se:cdp: ws://localhost:49451/devtoo..., se:cdpVersion: 124.0.6367.92, setWindowRect: true, strictFileInteractability: false, timeouts: {implicit: 0, pageLoad: 300000, script: 30000}, unhandledPromptBehavior: dismiss and notify, webauthn:extension:credBlob: true, webauthn:extension:largeBlob: true, webauthn:extension:minPinLength: true, webauthn:extension:prf: true, webauthn:virtualAuthenticators: true}
Session ID: 2cf28825ea7a8a419a5b05b8e5d35d84</small> </font> </div>
<div class="test-event"> <font color="maroon"> <small> &emsp; &emsp;--- 04 May 23:05:29 723 - <b>0</b> - Spinner Load Wait: (Sync) - ICar.support.WaitUtils.waitForSpinner(WaitUtils.java:225)</small> </font> </div>
<div class="test-message">&emsp;Back To Courses is displayed in the page </div>
<div class="test-message">&emsp;Successfully verified Back To Course Link&emsp;<a href=".\ScreenShot\URL_TC001_2717867348548600.png" target="_blank" >[ScreenShot]</a></div>
<div class="test-event"> <font color="maroon"> <small> &emsp; &emsp;--- 04 May 23:05:29 962 - Catched spinner load exception due to javascript error: {"status":32,"value":"An invalid or illegal selector was specified"}
  (Session info: chrome=124.0.6367.92)
Build info: version: '4.6.0', revision: '79f1c02ae20'
System info: os.name: 'Windows 10', os.arch: 'amd64', os.version: '10.0', java.version: '17.0.7'
Driver info: org.openqa.selenium.chrome.ChromeDriver
Command: [2cf28825ea7a8a419a5b05b8e5d35d84, findElement {using=css selector, value=div[class='slds-spinner slds-spinner_brand slds-spinner_small']>div:nth-child(2)r}]
Capabilities {acceptInsecureCerts: false, browserName: chrome, browserVersion: 124.0.6367.92, chrome: {chromedriverVersion: 124.0.6367.91 (51df0e5e17a8..., userDataDir: C:\Users\PRATHA~1.KUM\AppDa...}, fedcm:accounts: true, goog:chromeOptions: {debuggerAddress: localhost:49451}, networkConnectionEnabled: false, pageLoadStrategy: normal, platformName: WINDOWS, proxy: Proxy(), se:cdp: ws://localhost:49451/devtoo..., se:cdpVersion: 124.0.6367.92, setWindowRect: true, strictFileInteractability: false, timeouts: {implicit: 0, pageLoad: 300000, script: 30000}, unhandledPromptBehavior: dismiss and notify, webauthn:extension:credBlob: true, webauthn:extension:largeBlob: true, webauthn:extension:minPinLength: true, webauthn:extension:prf: true, webauthn:virtualAuthenticators: true}
Session ID: 2cf28825ea7a8a419a5b05b8e5d35d84</small> </font> </div>
<div class="test-event"> <font color="maroon"> <small> &emsp; &emsp;--- 04 May 23:05:29 962 - <b>0</b> - Spinner Load Wait: (Sync) - ICar.support.WaitUtils.waitForSpinner(WaitUtils.java:225)</small> </font> </div>
<div class="test-event"> <font color="maroon"> <small> &emsp; &emsp;--- 04 May 23:05:30 028 - Page URL:: https://www.i-car.com/product/honda-and-acura-highstrength-steel-repair</small> </font> </div>
<div class="test-event"> <font color="maroon"> <small> &emsp; &emsp;--- 04 May 23:05:30 028 - <b>0</b> - Page Load Wait: (Sync) - ICar.support.Utils.waitForPageLoad(Utils.java:109)</small> </font> </div>
<div class="test-event"> <font color="maroon"> <small> &emsp; &emsp;--- 04 May 23:05:40 081 - Element is displayed:: [[ChromeDriver: chrome on WINDOWS (2cf28825ea7a8a419a5b05b8e5d35d84)] -> xpath: //div[@class='productDetails slds-p-bottom_large']//div[contains(@class,'slds-p-bottom_medium')]]</small> </font> </div>
<div class="test-message">&emsp;Course Name : HondaandAcuraHighStrengthSteelRepair is displayed in the URL page</div>
<div class="test-message">&emsp;Successfully verified the course name for relevant link&emsp;<a href=".\ScreenShot\URL_TC001_2717885723878600.png" target="_blank" >[ScreenShot]</a></div>
<div class="test-message">&emsp;
</div>
<div class="test-message">&emsp;28. URL is : https://www.i-car.com/product/climate-control-overview-troubleshooting-and-service</div>
<div class="test-event"> <font color="maroon"> <small> &emsp; &emsp;--- 04 May 23:05:48 983 - Page URL:: https://www.i-car.com/product/climate-control-overview-troubleshooting-and-service</small> </font> </div>
<div class="test-event"> <font color="maroon"> <small> &emsp; &emsp;--- 04 May 23:05:48 983 - <b>0</b> - Page Load Wait: (Sync) - ICar.support.Utils.waitForPageLoad(Utils.java:109)</small> </font> </div>
<div class="test-message">&emsp;Successfully navigated to the :  https://www.i-car.com/product/climate-control-overview-troubleshooting-and-service   Page&emsp;<a href=".\ScreenShot\URL_TC001_2717886597553300.png" target="_blank" >[ScreenShot]</a></div>
<div class="test-event"> <font color="maroon"> <small> &emsp; &emsp;--- 04 May 23:05:49 278 - Page URL:: https://www.i-car.com/product/climate-control-overview-troubleshooting-and-service</small> </font> </div>
<div class="test-event"> <font color="maroon"> <small> &emsp; &emsp;--- 04 May 23:05:49 278 - <b>0</b> - Page Load Wait: (Sync) - ICar.support.Utils.waitForPageLoad(Utils.java:109)</small> </font> </div>
<div class="test-event"> <font color="maroon"> <small> &emsp; &emsp;--- 04 May 23:05:49 287 - Catched spinner load exception due to javascript error: {"status":32,"value":"An invalid or illegal selector was specified"}
  (Session info: chrome=124.0.6367.92)
Build info: version: '4.6.0', revision: '79f1c02ae20'
System info: os.name: 'Windows 10', os.arch: 'amd64', os.version: '10.0', java.version: '17.0.7'
Driver info: org.openqa.selenium.chrome.ChromeDriver
Command: [2cf28825ea7a8a419a5b05b8e5d35d84, findElement {using=css selector, value=div[class='slds-spinner slds-spinner_brand slds-spinner_small']>div:nth-child(2)r}]
Capabilities {acceptInsecureCerts: false, browserName: chrome, browserVersion: 124.0.6367.92, chrome: {chromedriverVersion: 124.0.6367.91 (51df0e5e17a8..., userDataDir: C:\Users\PRATHA~1.KUM\AppDa...}, fedcm:accounts: true, goog:chromeOptions: {debuggerAddress: localhost:49451}, networkConnectionEnabled: false, pageLoadStrategy: normal, platformName: WINDOWS, proxy: Proxy(), se:cdp: ws://localhost:49451/devtoo..., se:cdpVersion: 124.0.6367.92, setWindowRect: true, strictFileInteractability: false, timeouts: {implicit: 0, pageLoad: 300000, script: 30000}, unhandledPromptBehavior: dismiss and notify, webauthn:extension:credBlob: true, webauthn:extension:largeBlob: true, webauthn:extension:minPinLength: true, webauthn:extension:prf: true, webauthn:virtualAuthenticators: true}
Session ID: 2cf28825ea7a8a419a5b05b8e5d35d84</small> </font> </div>
<div class="test-event"> <font color="maroon"> <small> &emsp; &emsp;--- 04 May 23:05:49 287 - <b>0</b> - Spinner Load Wait: (Sync) - ICar.support.WaitUtils.waitForSpinner(WaitUtils.java:225)</small> </font> </div>
<div class="test-event"> <font color="maroon"> <small> &emsp; &emsp;--- 04 May 23:05:59 374 - Page URL:: https://www.i-car.com/product/climate-control-overview-troubleshooting-and-service</small> </font> </div>
<div class="test-event"> <font color="maroon"> <small> &emsp; &emsp;--- 04 May 23:05:59 374 - <b>0</b> - Page Load Wait: (Sync) - ICar.support.Utils.waitForPageLoad(Utils.java:109)</small> </font> </div>
<div class="test-event"> <font color="maroon"> <small> &emsp; &emsp;--- 04 May 23:05:59 393 - Element is displayed:: [[ChromeDriver: chrome on WINDOWS (2cf28825ea7a8a419a5b05b8e5d35d84)] -> xpath: //a[contains(text(),'Back to Courses')]]</small> </font> </div>
<div class="test-event"> <font color="maroon"> <small> &emsp; &emsp;--- 04 May 23:06:06 424 - Catched spinner load exception due to javascript error: {"status":32,"value":"An invalid or illegal selector was specified"}
  (Session info: chrome=124.0.6367.92)
Build info: version: '4.6.0', revision: '79f1c02ae20'
System info: os.name: 'Windows 10', os.arch: 'amd64', os.version: '10.0', java.version: '17.0.7'
Driver info: org.openqa.selenium.chrome.ChromeDriver
Command: [2cf28825ea7a8a419a5b05b8e5d35d84, findElement {using=css selector, value=div[class='slds-spinner slds-spinner_brand slds-spinner_small']>div:nth-child(2)r}]
Capabilities {acceptInsecureCerts: false, browserName: chrome, browserVersion: 124.0.6367.92, chrome: {chromedriverVersion: 124.0.6367.91 (51df0e5e17a8..., userDataDir: C:\Users\PRATHA~1.KUM\AppDa...}, fedcm:accounts: true, goog:chromeOptions: {debuggerAddress: localhost:49451}, networkConnectionEnabled: false, pageLoadStrategy: normal, platformName: WINDOWS, proxy: Proxy(), se:cdp: ws://localhost:49451/devtoo..., se:cdpVersion: 124.0.6367.92, setWindowRect: true, strictFileInteractability: false, timeouts: {implicit: 0, pageLoad: 300000, script: 30000}, unhandledPromptBehavior: dismiss and notify, webauthn:extension:credBlob: true, webauthn:extension:largeBlob: true, webauthn:extension:minPinLength: true, webauthn:extension:prf: true, webauthn:virtualAuthenticators: true}
Session ID: 2cf28825ea7a8a419a5b05b8e5d35d84</small> </font> </div>
<div class="test-event"> <font color="maroon"> <small> &emsp; &emsp;--- 04 May 23:06:06 424 - <b>0</b> - Spinner Load Wait: (Sync) - ICar.support.WaitUtils.waitForSpinner(WaitUtils.java:225)</small> </font> </div>
<div class="test-message">&emsp;Back To Courses is displayed in the page </div>
<div class="test-message">&emsp;Successfully verified Back To Course Link&emsp;<a href=".\ScreenShot\URL_TC001_2717904049013000.png" target="_blank" >[ScreenShot]</a></div>
<div class="test-event"> <font color="maroon"> <small> &emsp; &emsp;--- 04 May 23:06:06 987 - Catched spinner load exception due to javascript error: {"status":32,"value":"An invalid or illegal selector was specified"}
  (Session info: chrome=124.0.6367.92)
Build info: version: '4.6.0', revision: '79f1c02ae20'
System info: os.name: 'Windows 10', os.arch: 'amd64', os.version: '10.0', java.version: '17.0.7'
Driver info: org.openqa.selenium.chrome.ChromeDriver
Command: [2cf28825ea7a8a419a5b05b8e5d35d84, findElement {using=css selector, value=div[class='slds-spinner slds-spinner_brand slds-spinner_small']>div:nth-child(2)r}]
Capabilities {acceptInsecureCerts: false, browserName: chrome, browserVersion: 124.0.6367.92, chrome: {chromedriverVersion: 124.0.6367.91 (51df0e5e17a8..., userDataDir: C:\Users\PRATHA~1.KUM\AppDa...}, fedcm:accounts: true, goog:chromeOptions: {debuggerAddress: localhost:49451}, networkConnectionEnabled: false, pageLoadStrategy: normal, platformName: WINDOWS, proxy: Proxy(), se:cdp: ws://localhost:49451/devtoo..., se:cdpVersion: 124.0.6367.92, setWindowRect: true, strictFileInteractability: false, timeouts: {implicit: 0, pageLoad: 300000, script: 30000}, unhandledPromptBehavior: dismiss and notify, webauthn:extension:credBlob: true, webauthn:extension:largeBlob: true, webauthn:extension:minPinLength: true, webauthn:extension:prf: true, webauthn:virtualAuthenticators: true}
Session ID: 2cf28825ea7a8a419a5b05b8e5d35d84</small> </font> </div>
<div class="test-event"> <font color="maroon"> <small> &emsp; &emsp;--- 04 May 23:06:06 987 - <b>0</b> - Spinner Load Wait: (Sync) - ICar.support.WaitUtils.waitForSpinner(WaitUtils.java:225)</small> </font> </div>
<div class="test-event"> <font color="maroon"> <small> &emsp; &emsp;--- 04 May 23:06:07 055 - Page URL:: https://www.i-car.com/product/climate-control-overview-troubleshooting-and-service</small> </font> </div>
<div class="test-event"> <font color="maroon"> <small> &emsp; &emsp;--- 04 May 23:06:07 055 - <b>0</b> - Page Load Wait: (Sync) - ICar.support.Utils.waitForPageLoad(Utils.java:109)</small> </font> </div>
<div class="test-event"> <font color="maroon"> <small> &emsp; &emsp;--- 04 May 23:06:17 124 - Element is displayed:: [[ChromeDriver: chrome on WINDOWS (2cf28825ea7a8a419a5b05b8e5d35d84)] -> xpath: //div[@class='productDetails slds-p-bottom_large']//div[contains(@class,'slds-p-bottom_medium')]]</small> </font> </div>
<div class="test-message">&emsp;Course Name : ClimateControlOverviewTroubleshootingandService is displayed in the URL page</div>
<div class="test-message">&emsp;Successfully verified the course name for relevant link&emsp;<a href=".\ScreenShot\URL_TC001_2717922754396100.png" target="_blank" >[ScreenShot]</a></div>
<div class="test-message">&emsp;
</div>
<div class="test-message">&emsp;29. URL is : https://www.i-car.com/product/honda-and-acura-restraints-collision-repair</div>
<div class="test-event"> <font color="maroon"> <small> &emsp; &emsp;--- 04 May 23:06:26 246 - Page URL:: https://www.i-car.com/product/honda-and-acura-restraints-collision-repair</small> </font> </div>
<div class="test-event"> <font color="maroon"> <small> &emsp; &emsp;--- 04 May 23:06:26 246 - <b>0</b> - Page Load Wait: (Sync) - ICar.support.Utils.waitForPageLoad(Utils.java:109)</small> </font> </div>
<div class="test-message">&emsp;Successfully navigated to the :  https://www.i-car.com/product/honda-and-acura-restraints-collision-repair   Page&emsp;<a href=".\ScreenShot\URL_TC001_2717923861420900.png" target="_blank" >[ScreenShot]</a></div>
<div class="test-event"> <font color="maroon"> <small> &emsp; &emsp;--- 04 May 23:06:26 536 - Page URL:: https://www.i-car.com/product/honda-and-acura-restraints-collision-repair</small> </font> </div>
<div class="test-event"> <font color="maroon"> <small> &emsp; &emsp;--- 04 May 23:06:26 536 - <b>0</b> - Page Load Wait: (Sync) - ICar.support.Utils.waitForPageLoad(Utils.java:109)</small> </font> </div>
<div class="test-event"> <font color="maroon"> <small> &emsp; &emsp;--- 04 May 23:06:26 546 - Catched spinner load exception due to javascript error: {"status":32,"value":"An invalid or illegal selector was specified"}
  (Session info: chrome=124.0.6367.92)
Build info: version: '4.6.0', revision: '79f1c02ae20'
System info: os.name: 'Windows 10', os.arch: 'amd64', os.version: '10.0', java.version: '17.0.7'
Driver info: org.openqa.selenium.chrome.ChromeDriver
Command: [2cf28825ea7a8a419a5b05b8e5d35d84, findElement {using=css selector, value=div[class='slds-spinner slds-spinner_brand slds-spinner_small']>div:nth-child(2)r}]
Capabilities {acceptInsecureCerts: false, browserName: chrome, browserVersion: 124.0.6367.92, chrome: {chromedriverVersion: 124.0.6367.91 (51df0e5e17a8..., userDataDir: C:\Users\PRATHA~1.KUM\AppDa...}, fedcm:accounts: true, goog:chromeOptions: {debuggerAddress: localhost:49451}, networkConnectionEnabled: false, pageLoadStrategy: normal, platformName: WINDOWS, proxy: Proxy(), se:cdp: ws://localhost:49451/devtoo..., se:cdpVersion: 124.0.6367.92, setWindowRect: true, strictFileInteractability: false, timeouts: {implicit: 0, pageLoad: 300000, script: 30000}, unhandledPromptBehavior: dismiss and notify, webauthn:extension:credBlob: true, webauthn:extension:largeBlob: true, webauthn:extension:minPinLength: true, webauthn:extension:prf: true, webauthn:virtualAuthenticators: true}
Session ID: 2cf28825ea7a8a419a5b05b8e5d35d84</small> </font> </div>
<div class="test-event"> <font color="maroon"> <small> &emsp; &emsp;--- 04 May 23:06:26 546 - <b>0</b> - Spinner Load Wait: (Sync) - ICar.support.WaitUtils.waitForSpinner(WaitUtils.java:225)</small> </font> </div>
<div class="test-event"> <font color="maroon"> <small> &emsp; &emsp;--- 04 May 23:06:36 649 - Page URL:: https://www.i-car.com/product/honda-and-acura-restraints-collision-repair</small> </font> </div>
<div class="test-event"> <font color="maroon"> <small> &emsp; &emsp;--- 04 May 23:06:36 649 - <b>0</b> - Page Load Wait: (Sync) - ICar.support.Utils.waitForPageLoad(Utils.java:109)</small> </font> </div>
<div class="test-event"> <font color="maroon"> <small> &emsp; &emsp;--- 04 May 23:06:36 669 - Element is displayed:: [[ChromeDriver: chrome on WINDOWS (2cf28825ea7a8a419a5b05b8e5d35d84)] -> xpath: //a[contains(text(),'Back to Courses')]]</small> </font> </div>
<div class="test-event"> <font color="maroon"> <small> &emsp; &emsp;--- 04 May 23:06:43 713 - Catched spinner load exception due to javascript error: {"status":32,"value":"An invalid or illegal selector was specified"}
  (Session info: chrome=124.0.6367.92)
Build info: version: '4.6.0', revision: '79f1c02ae20'
System info: os.name: 'Windows 10', os.arch: 'amd64', os.version: '10.0', java.version: '17.0.7'
Driver info: org.openqa.selenium.chrome.ChromeDriver
Command: [2cf28825ea7a8a419a5b05b8e5d35d84, findElement {using=css selector, value=div[class='slds-spinner slds-spinner_brand slds-spinner_small']>div:nth-child(2)r}]
Capabilities {acceptInsecureCerts: false, browserName: chrome, browserVersion: 124.0.6367.92, chrome: {chromedriverVersion: 124.0.6367.91 (51df0e5e17a8..., userDataDir: C:\Users\PRATHA~1.KUM\AppDa...}, fedcm:accounts: true, goog:chromeOptions: {debuggerAddress: localhost:49451}, networkConnectionEnabled: false, pageLoadStrategy: normal, platformName: WINDOWS, proxy: Proxy(), se:cdp: ws://localhost:49451/devtoo..., se:cdpVersion: 124.0.6367.92, setWindowRect: true, strictFileInteractability: false, timeouts: {implicit: 0, pageLoad: 300000, script: 30000}, unhandledPromptBehavior: dismiss and notify, webauthn:extension:credBlob: true, webauthn:extension:largeBlob: true, webauthn:extension:minPinLength: true, webauthn:extension:prf: true, webauthn:virtualAuthenticators: true}
Session ID: 2cf28825ea7a8a419a5b05b8e5d35d84</small> </font> </div>
<div class="test-event"> <font color="maroon"> <small> &emsp; &emsp;--- 04 May 23:06:43 713 - <b>0</b> - Spinner Load Wait: (Sync) - ICar.support.WaitUtils.waitForSpinner(WaitUtils.java:225)</small> </font> </div>
<div class="test-message">&emsp;Back To Courses is displayed in the page </div>
<div class="test-message">&emsp;Successfully verified Back To Course Link&emsp;<a href=".\ScreenShot\URL_TC001_2717941350164400.png" target="_blank" >[ScreenShot]</a></div>
<div class="test-event"> <font color="maroon"> <small> &emsp; &emsp;--- 04 May 23:06:44 128 - Catched spinner load exception due to javascript error: {"status":32,"value":"An invalid or illegal selector was specified"}
  (Session info: chrome=124.0.6367.92)
Build info: version: '4.6.0', revision: '79f1c02ae20'
System info: os.name: 'Windows 10', os.arch: 'amd64', os.version: '10.0', java.version: '17.0.7'
Driver info: org.openqa.selenium.chrome.ChromeDriver
Command: [2cf28825ea7a8a419a5b05b8e5d35d84, findElement {using=css selector, value=div[class='slds-spinner slds-spinner_brand slds-spinner_small']>div:nth-child(2)r}]
Capabilities {acceptInsecureCerts: false, browserName: chrome, browserVersion: 124.0.6367.92, chrome: {chromedriverVersion: 124.0.6367.91 (51df0e5e17a8..., userDataDir: C:\Users\PRATHA~1.KUM\AppDa...}, fedcm:accounts: true, goog:chromeOptions: {debuggerAddress: localhost:49451}, networkConnectionEnabled: false, pageLoadStrategy: normal, platformName: WINDOWS, proxy: Proxy(), se:cdp: ws://localhost:49451/devtoo..., se:cdpVersion: 124.0.6367.92, setWindowRect: true, strictFileInteractability: false, timeouts: {implicit: 0, pageLoad: 300000, script: 30000}, unhandledPromptBehavior: dismiss and notify, webauthn:extension:credBlob: true, webauthn:extension:largeBlob: true, webauthn:extension:minPinLength: true, webauthn:extension:prf: true, webauthn:virtualAuthenticators: true}
Session ID: 2cf28825ea7a8a419a5b05b8e5d35d84</small> </font> </div>
<div class="test-event"> <font color="maroon"> <small> &emsp; &emsp;--- 04 May 23:06:44 128 - <b>0</b> - Spinner Load Wait: (Sync) - ICar.support.WaitUtils.waitForSpinner(WaitUtils.java:225)</small> </font> </div>
<div class="test-event"> <font color="maroon"> <small> &emsp; &emsp;--- 04 May 23:06:44 191 - Page URL:: https://www.i-car.com/product/honda-and-acura-restraints-collision-repair</small> </font> </div>
<div class="test-event"> <font color="maroon"> <small> &emsp; &emsp;--- 04 May 23:06:44 191 - <b>0</b> - Page Load Wait: (Sync) - ICar.support.Utils.waitForPageLoad(Utils.java:109)</small> </font> </div>
<div class="test-event"> <font color="maroon"> <small> &emsp; &emsp;--- 04 May 23:06:54 274 - Element is displayed:: [[ChromeDriver: chrome on WINDOWS (2cf28825ea7a8a419a5b05b8e5d35d84)] -> xpath: //div[@class='productDetails slds-p-bottom_large']//div[contains(@class,'slds-p-bottom_medium')]]</small> </font> </div>
<div class="test-message">&emsp;Course Name : HondaandAcuraRestraintsCollisionRepair is displayed in the URL page</div>
<div class="test-message">&emsp;Successfully verified the course name for relevant link&emsp;<a href=".\ScreenShot\URL_TC001_2717959908852000.png" target="_blank" >[ScreenShot]</a></div>
<div class="test-message">&emsp;
</div>
<div class="test-message">&emsp;30. URL is : https://www.i-car.com/product/windshields-and-advanced-driver-assist-systems-adas</div>
<div class="test-event"> <font color="maroon"> <small> &emsp; &emsp;--- 04 May 23:07:03 413 - Page URL:: https://www.i-car.com/product/windshields-and-advanced-driver-assist-systems-adas</small> </font> </div>
<div class="test-event"> <font color="maroon"> <small> &emsp; &emsp;--- 04 May 23:07:03 413 - <b>0</b> - Page Load Wait: (Sync) - ICar.support.Utils.waitForPageLoad(Utils.java:109)</small> </font> </div>
<div class="test-message">&emsp;Successfully navigated to the :  https://www.i-car.com/product/windshields-and-advanced-driver-assist-systems-adas   Page&emsp;<a href=".\ScreenShot\URL_TC001_2717961027844500.png" target="_blank" >[ScreenShot]</a></div>
<div class="test-event"> <font color="maroon"> <small> &emsp; &emsp;--- 04 May 23:07:03 668 - Page URL:: https://www.i-car.com/product/windshields-and-advanced-driver-assist-systems-adas</small> </font> </div>
<div class="test-event"> <font color="maroon"> <small> &emsp; &emsp;--- 04 May 23:07:03 668 - <b>0</b> - Page Load Wait: (Sync) - ICar.support.Utils.waitForPageLoad(Utils.java:109)</small> </font> </div>
<div class="test-event"> <font color="maroon"> <small> &emsp; &emsp;--- 04 May 23:07:03 676 - Catched spinner load exception due to javascript error: {"status":32,"value":"An invalid or illegal selector was specified"}
  (Session info: chrome=124.0.6367.92)
Build info: version: '4.6.0', revision: '79f1c02ae20'
System info: os.name: 'Windows 10', os.arch: 'amd64', os.version: '10.0', java.version: '17.0.7'
Driver info: org.openqa.selenium.chrome.ChromeDriver
Command: [2cf28825ea7a8a419a5b05b8e5d35d84, findElement {using=css selector, value=div[class='slds-spinner slds-spinner_brand slds-spinner_small']>div:nth-child(2)r}]
Capabilities {acceptInsecureCerts: false, browserName: chrome, browserVersion: 124.0.6367.92, chrome: {chromedriverVersion: 124.0.6367.91 (51df0e5e17a8..., userDataDir: C:\Users\PRATHA~1.KUM\AppDa...}, fedcm:accounts: true, goog:chromeOptions: {debuggerAddress: localhost:49451}, networkConnectionEnabled: false, pageLoadStrategy: normal, platformName: WINDOWS, proxy: Proxy(), se:cdp: ws://localhost:49451/devtoo..., se:cdpVersion: 124.0.6367.92, setWindowRect: true, strictFileInteractability: false, timeouts: {implicit: 0, pageLoad: 300000, script: 30000}, unhandledPromptBehavior: dismiss and notify, webauthn:extension:credBlob: true, webauthn:extension:largeBlob: true, webauthn:extension:minPinLength: true, webauthn:extension:prf: true, webauthn:virtualAuthenticators: true}
Session ID: 2cf28825ea7a8a419a5b05b8e5d35d84</small> </font> </div>
<div class="test-event"> <font color="maroon"> <small> &emsp; &emsp;--- 04 May 23:07:03 676 - <b>0</b> - Spinner Load Wait: (Sync) - ICar.support.WaitUtils.waitForSpinner(WaitUtils.java:225)</small> </font> </div>
<div class="test-event"> <font color="maroon"> <small> &emsp; &emsp;--- 04 May 23:07:13 753 - Page URL:: https://www.i-car.com/product/windshields-and-advanced-driver-assist-systems-adas</small> </font> </div>
<div class="test-event"> <font color="maroon"> <small> &emsp; &emsp;--- 04 May 23:07:13 753 - <b>0</b> - Page Load Wait: (Sync) - ICar.support.Utils.waitForPageLoad(Utils.java:109)</small> </font> </div>
<div class="test-event"> <font color="maroon"> <small> &emsp; &emsp;--- 04 May 23:07:13 770 - Element is displayed:: [[ChromeDriver: chrome on WINDOWS (2cf28825ea7a8a419a5b05b8e5d35d84)] -> xpath: //a[contains(text(),'Back to Courses')]]</small> </font> </div>
<div class="test-event"> <font color="maroon"> <small> &emsp; &emsp;--- 04 May 23:07:20 799 - Catched spinner load exception due to javascript error: {"status":32,"value":"An invalid or illegal selector was specified"}
  (Session info: chrome=124.0.6367.92)
Build info: version: '4.6.0', revision: '79f1c02ae20'
System info: os.name: 'Windows 10', os.arch: 'amd64', os.version: '10.0', java.version: '17.0.7'
Driver info: org.openqa.selenium.chrome.ChromeDriver
Command: [2cf28825ea7a8a419a5b05b8e5d35d84, findElement {using=css selector, value=div[class='slds-spinner slds-spinner_brand slds-spinner_small']>div:nth-child(2)r}]
Capabilities {acceptInsecureCerts: false, browserName: chrome, browserVersion: 124.0.6367.92, chrome: {chromedriverVersion: 124.0.6367.91 (51df0e5e17a8..., userDataDir: C:\Users\PRATHA~1.KUM\AppDa...}, fedcm:accounts: true, goog:chromeOptions: {debuggerAddress: localhost:49451}, networkConnectionEnabled: false, pageLoadStrategy: normal, platformName: WINDOWS, proxy: Proxy(), se:cdp: ws://localhost:49451/devtoo..., se:cdpVersion: 124.0.6367.92, setWindowRect: true, strictFileInteractability: false, timeouts: {implicit: 0, pageLoad: 300000, script: 30000}, unhandledPromptBehavior: dismiss and notify, webauthn:extension:credBlob: true, webauthn:extension:largeBlob: true, webauthn:extension:minPinLength: true, webauthn:extension:prf: true, webauthn:virtualAuthenticators: true}
Session ID: 2cf28825ea7a8a419a5b05b8e5d35d84</small> </font> </div>
<div class="test-event"> <font color="maroon"> <small> &emsp; &emsp;--- 04 May 23:07:20 799 - <b>0</b> - Spinner Load Wait: (Sync) - ICar.support.WaitUtils.waitForSpinner(WaitUtils.java:225)</small> </font> </div>
<div class="test-message">&emsp;Back To Courses is displayed in the page </div>
<div class="test-message">&emsp;Successfully verified Back To Course Link&emsp;<a href=".\ScreenShot\URL_TC001_2717978424368900.png" target="_blank" >[ScreenShot]</a></div>
<div class="test-event"> <font color="maroon"> <small> &emsp; &emsp;--- 04 May 23:07:21 078 - Catched spinner load exception due to javascript error: {"status":32,"value":"An invalid or illegal selector was specified"}
  (Session info: chrome=124.0.6367.92)
Build info: version: '4.6.0', revision: '79f1c02ae20'
System info: os.name: 'Windows 10', os.arch: 'amd64', os.version: '10.0', java.version: '17.0.7'
Driver info: org.openqa.selenium.chrome.ChromeDriver
Command: [2cf28825ea7a8a419a5b05b8e5d35d84, findElement {using=css selector, value=div[class='slds-spinner slds-spinner_brand slds-spinner_small']>div:nth-child(2)r}]
Capabilities {acceptInsecureCerts: false, browserName: chrome, browserVersion: 124.0.6367.92, chrome: {chromedriverVersion: 124.0.6367.91 (51df0e5e17a8..., userDataDir: C:\Users\PRATHA~1.KUM\AppDa...}, fedcm:accounts: true, goog:chromeOptions: {debuggerAddress: localhost:49451}, networkConnectionEnabled: false, pageLoadStrategy: normal, platformName: WINDOWS, proxy: Proxy(), se:cdp: ws://localhost:49451/devtoo..., se:cdpVersion: 124.0.6367.92, setWindowRect: true, strictFileInteractability: false, timeouts: {implicit: 0, pageLoad: 300000, script: 30000}, unhandledPromptBehavior: dismiss and notify, webauthn:extension:credBlob: true, webauthn:extension:largeBlob: true, webauthn:extension:minPinLength: true, webauthn:extension:prf: true, webauthn:virtualAuthenticators: true}
Session ID: 2cf28825ea7a8a419a5b05b8e5d35d84</small> </font> </div>
<div class="test-event"> <font color="maroon"> <small> &emsp; &emsp;--- 04 May 23:07:21 078 - <b>0</b> - Spinner Load Wait: (Sync) - ICar.support.WaitUtils.waitForSpinner(WaitUtils.java:225)</small> </font> </div>
<div class="test-event"> <font color="maroon"> <small> &emsp; &emsp;--- 04 May 23:07:21 141 - Page URL:: https://www.i-car.com/product/windshields-and-advanced-driver-assist-systems-adas</small> </font> </div>
<div class="test-event"> <font color="maroon"> <small> &emsp; &emsp;--- 04 May 23:07:21 141 - <b>0</b> - Page Load Wait: (Sync) - ICar.support.Utils.waitForPageLoad(Utils.java:109)</small> </font> </div>
<div class="test-event"> <font color="maroon"> <small> &emsp; &emsp;--- 04 May 23:07:31 194 - Element is displayed:: [[ChromeDriver: chrome on WINDOWS (2cf28825ea7a8a419a5b05b8e5d35d84)] -> xpath: //div[@class='productDetails slds-p-bottom_large']//div[contains(@class,'slds-p-bottom_medium')]]</small> </font> </div>
<div class="test-message">&emsp;Course Name : WindshieldsandAdvancedDriverAssistSystemsADAS is displayed in the URL page</div>
<div class="test-message">&emsp;Successfully verified the course name for relevant link&emsp;<a href=".\ScreenShot\URL_TC001_2717996842577600.png" target="_blank" >[ScreenShot]</a></div>
<div class="test-message">&emsp;
</div>
<div class="test-message">&emsp;31. URL is : https://www.i-car.com/product/honda-and-acura-electrical-collision-repair</div>
<div class="test-event"> <font color="maroon"> <small> &emsp; &emsp;--- 04 May 23:07:40 388 - Page URL:: https://www.i-car.com/product/honda-and-acura-electrical-collision-repair</small> </font> </div>
<div class="test-event"> <font color="maroon"> <small> &emsp; &emsp;--- 04 May 23:07:40 388 - <b>0</b> - Page Load Wait: (Sync) - ICar.support.Utils.waitForPageLoad(Utils.java:109)</small> </font> </div>
<div class="test-message">&emsp;Successfully navigated to the :  https://www.i-car.com/product/honda-and-acura-electrical-collision-repair   Page&emsp;<a href=".\ScreenShot\URL_TC001_2717998003328600.png" target="_blank" >[ScreenShot]</a></div>
<div class="test-event"> <font color="maroon"> <small> &emsp; &emsp;--- 04 May 23:07:40 678 - Page URL:: https://www.i-car.com/product/honda-and-acura-electrical-collision-repair</small> </font> </div>
<div class="test-event"> <font color="maroon"> <small> &emsp; &emsp;--- 04 May 23:07:40 678 - <b>0</b> - Page Load Wait: (Sync) - ICar.support.Utils.waitForPageLoad(Utils.java:109)</small> </font> </div>
<div class="test-event"> <font color="maroon"> <small> &emsp; &emsp;--- 04 May 23:07:40 685 - Catched spinner load exception due to javascript error: {"status":32,"value":"An invalid or illegal selector was specified"}
  (Session info: chrome=124.0.6367.92)
Build info: version: '4.6.0', revision: '79f1c02ae20'
System info: os.name: 'Windows 10', os.arch: 'amd64', os.version: '10.0', java.version: '17.0.7'
Driver info: org.openqa.selenium.chrome.ChromeDriver
Command: [2cf28825ea7a8a419a5b05b8e5d35d84, findElement {using=css selector, value=div[class='slds-spinner slds-spinner_brand slds-spinner_small']>div:nth-child(2)r}]
Capabilities {acceptInsecureCerts: false, browserName: chrome, browserVersion: 124.0.6367.92, chrome: {chromedriverVersion: 124.0.6367.91 (51df0e5e17a8..., userDataDir: C:\Users\PRATHA~1.KUM\AppDa...}, fedcm:accounts: true, goog:chromeOptions: {debuggerAddress: localhost:49451}, networkConnectionEnabled: false, pageLoadStrategy: normal, platformName: WINDOWS, proxy: Proxy(), se:cdp: ws://localhost:49451/devtoo..., se:cdpVersion: 124.0.6367.92, setWindowRect: true, strictFileInteractability: false, timeouts: {implicit: 0, pageLoad: 300000, script: 30000}, unhandledPromptBehavior: dismiss and notify, webauthn:extension:credBlob: true, webauthn:extension:largeBlob: true, webauthn:extension:minPinLength: true, webauthn:extension:prf: true, webauthn:virtualAuthenticators: true}
Session ID: 2cf28825ea7a8a419a5b05b8e5d35d84</small> </font> </div>
<div class="test-event"> <font color="maroon"> <small> &emsp; &emsp;--- 04 May 23:07:40 685 - <b>0</b> - Spinner Load Wait: (Sync) - ICar.support.WaitUtils.waitForSpinner(WaitUtils.java:225)</small> </font> </div>
<div class="test-event"> <font color="maroon"> <small> &emsp; &emsp;--- 04 May 23:07:50 766 - Page URL:: https://www.i-car.com/product/honda-and-acura-electrical-collision-repair</small> </font> </div>
<div class="test-event"> <font color="maroon"> <small> &emsp; &emsp;--- 04 May 23:07:50 766 - <b>0</b> - Page Load Wait: (Sync) - ICar.support.Utils.waitForPageLoad(Utils.java:109)</small> </font> </div>
<div class="test-event"> <font color="maroon"> <small> &emsp; &emsp;--- 04 May 23:07:50 784 - Element is displayed:: [[ChromeDriver: chrome on WINDOWS (2cf28825ea7a8a419a5b05b8e5d35d84)] -> xpath: //a[contains(text(),'Back to Courses')]]</small> </font> </div>
<div class="test-event"> <font color="maroon"> <small> &emsp; &emsp;--- 04 May 23:07:57 805 - Catched spinner load exception due to javascript error: {"status":32,"value":"An invalid or illegal selector was specified"}
  (Session info: chrome=124.0.6367.92)
Build info: version: '4.6.0', revision: '79f1c02ae20'
System info: os.name: 'Windows 10', os.arch: 'amd64', os.version: '10.0', java.version: '17.0.7'
Driver info: org.openqa.selenium.chrome.ChromeDriver
Command: [2cf28825ea7a8a419a5b05b8e5d35d84, findElement {using=css selector, value=div[class='slds-spinner slds-spinner_brand slds-spinner_small']>div:nth-child(2)r}]
Capabilities {acceptInsecureCerts: false, browserName: chrome, browserVersion: 124.0.6367.92, chrome: {chromedriverVersion: 124.0.6367.91 (51df0e5e17a8..., userDataDir: C:\Users\PRATHA~1.KUM\AppDa...}, fedcm:accounts: true, goog:chromeOptions: {debuggerAddress: localhost:49451}, networkConnectionEnabled: false, pageLoadStrategy: normal, platformName: WINDOWS, proxy: Proxy(), se:cdp: ws://localhost:49451/devtoo..., se:cdpVersion: 124.0.6367.92, setWindowRect: true, strictFileInteractability: false, timeouts: {implicit: 0, pageLoad: 300000, script: 30000}, unhandledPromptBehavior: dismiss and notify, webauthn:extension:credBlob: true, webauthn:extension:largeBlob: true, webauthn:extension:minPinLength: true, webauthn:extension:prf: true, webauthn:virtualAuthenticators: true}
Session ID: 2cf28825ea7a8a419a5b05b8e5d35d84</small> </font> </div>
<div class="test-event"> <font color="maroon"> <small> &emsp; &emsp;--- 04 May 23:07:57 805 - <b>0</b> - Spinner Load Wait: (Sync) - ICar.support.WaitUtils.waitForSpinner(WaitUtils.java:225)</small> </font> </div>
<div class="test-message">&emsp;Back To Courses is displayed in the page </div>
<div class="test-message">&emsp;Successfully verified Back To Course Link&emsp;<a href=".\ScreenShot\URL_TC001_2718015429700800.png" target="_blank" >[ScreenShot]</a></div>
<div class="test-event"> <font color="maroon"> <small> &emsp; &emsp;--- 04 May 23:07:58 134 - Catched spinner load exception due to javascript error: {"status":32,"value":"An invalid or illegal selector was specified"}
  (Session info: chrome=124.0.6367.92)
Build info: version: '4.6.0', revision: '79f1c02ae20'
System info: os.name: 'Windows 10', os.arch: 'amd64', os.version: '10.0', java.version: '17.0.7'
Driver info: org.openqa.selenium.chrome.ChromeDriver
Command: [2cf28825ea7a8a419a5b05b8e5d35d84, findElement {using=css selector, value=div[class='slds-spinner slds-spinner_brand slds-spinner_small']>div:nth-child(2)r}]
Capabilities {acceptInsecureCerts: false, browserName: chrome, browserVersion: 124.0.6367.92, chrome: {chromedriverVersion: 124.0.6367.91 (51df0e5e17a8..., userDataDir: C:\Users\PRATHA~1.KUM\AppDa...}, fedcm:accounts: true, goog:chromeOptions: {debuggerAddress: localhost:49451}, networkConnectionEnabled: false, pageLoadStrategy: normal, platformName: WINDOWS, proxy: Proxy(), se:cdp: ws://localhost:49451/devtoo..., se:cdpVersion: 124.0.6367.92, setWindowRect: true, strictFileInteractability: false, timeouts: {implicit: 0, pageLoad: 300000, script: 30000}, unhandledPromptBehavior: dismiss and notify, webauthn:extension:credBlob: true, webauthn:extension:largeBlob: true, webauthn:extension:minPinLength: true, webauthn:extension:prf: true, webauthn:virtualAuthenticators: true}
Session ID: 2cf28825ea7a8a419a5b05b8e5d35d84</small> </font> </div>
<div class="test-event"> <font color="maroon"> <small> &emsp; &emsp;--- 04 May 23:07:58 135 - <b>0</b> - Spinner Load Wait: (Sync) - ICar.support.WaitUtils.waitForSpinner(WaitUtils.java:225)</small> </font> </div>
<div class="test-event"> <font color="maroon"> <small> &emsp; &emsp;--- 04 May 23:07:58 199 - Page URL:: https://www.i-car.com/product/honda-and-acura-electrical-collision-repair</small> </font> </div>
<div class="test-event"> <font color="maroon"> <small> &emsp; &emsp;--- 04 May 23:07:58 199 - <b>0</b> - Page Load Wait: (Sync) - ICar.support.Utils.waitForPageLoad(Utils.java:109)</small> </font> </div>
<div class="test-event"> <font color="maroon"> <small> &emsp; &emsp;--- 04 May 23:08:08 258 - Element is displayed:: [[ChromeDriver: chrome on WINDOWS (2cf28825ea7a8a419a5b05b8e5d35d84)] -> xpath: //div[@class='productDetails slds-p-bottom_large']//div[contains(@class,'slds-p-bottom_medium')]]</small> </font> </div>
<div class="test-message">&emsp;Course Name : HondaandAcuraElectricalCollisionRepair is displayed in the URL page</div>
<div class="test-message">&emsp;Successfully verified the course name for relevant link&emsp;<a href=".\ScreenShot\URL_TC001_2718033889812000.png" target="_blank" >[ScreenShot]</a></div>
<div class="test-message">&emsp;
</div>
<div class="test-message">&emsp;32. URL is : https://www.i-car.com/product/portable-measuring-systems-for-damage-analysis</div>
<div class="test-event"> <font color="maroon"> <small> &emsp; &emsp;--- 04 May 23:08:17 702 - Page URL:: https://www.i-car.com/product/portable-measuring-systems-for-damage-analysis</small> </font> </div>
<div class="test-event"> <font color="maroon"> <small> &emsp; &emsp;--- 04 May 23:08:17 702 - <b>0</b> - Page Load Wait: (Sync) - ICar.support.Utils.waitForPageLoad(Utils.java:109)</small> </font> </div>
<div class="test-message">&emsp;Successfully navigated to the :  https://www.i-car.com/product/portable-measuring-systems-for-damage-analysis   Page&emsp;<a href=".\ScreenShot\URL_TC001_2718035317802200.png" target="_blank" >[ScreenShot]</a></div>
<div class="test-event"> <font color="maroon"> <small> &emsp; &emsp;--- 04 May 23:08:17 951 - Page URL:: https://www.i-car.com/product/portable-measuring-systems-for-damage-analysis</small> </font> </div>
<div class="test-event"> <font color="maroon"> <small> &emsp; &emsp;--- 04 May 23:08:17 951 - <b>0</b> - Page Load Wait: (Sync) - ICar.support.Utils.waitForPageLoad(Utils.java:109)</small> </font> </div>
<div class="test-event"> <font color="maroon"> <small> &emsp; &emsp;--- 04 May 23:08:17 958 - Catched spinner load exception due to javascript error: {"status":32,"value":"An invalid or illegal selector was specified"}
  (Session info: chrome=124.0.6367.92)
Build info: version: '4.6.0', revision: '79f1c02ae20'
System info: os.name: 'Windows 10', os.arch: 'amd64', os.version: '10.0', java.version: '17.0.7'
Driver info: org.openqa.selenium.chrome.ChromeDriver
Command: [2cf28825ea7a8a419a5b05b8e5d35d84, findElement {using=css selector, value=div[class='slds-spinner slds-spinner_brand slds-spinner_small']>div:nth-child(2)r}]
Capabilities {acceptInsecureCerts: false, browserName: chrome, browserVersion: 124.0.6367.92, chrome: {chromedriverVersion: 124.0.6367.91 (51df0e5e17a8..., userDataDir: C:\Users\PRATHA~1.KUM\AppDa...}, fedcm:accounts: true, goog:chromeOptions: {debuggerAddress: localhost:49451}, networkConnectionEnabled: false, pageLoadStrategy: normal, platformName: WINDOWS, proxy: Proxy(), se:cdp: ws://localhost:49451/devtoo..., se:cdpVersion: 124.0.6367.92, setWindowRect: true, strictFileInteractability: false, timeouts: {implicit: 0, pageLoad: 300000, script: 30000}, unhandledPromptBehavior: dismiss and notify, webauthn:extension:credBlob: true, webauthn:extension:largeBlob: true, webauthn:extension:minPinLength: true, webauthn:extension:prf: true, webauthn:virtualAuthenticators: true}
Session ID: 2cf28825ea7a8a419a5b05b8e5d35d84</small> </font> </div>
<div class="test-event"> <font color="maroon"> <small> &emsp; &emsp;--- 04 May 23:08:17 958 - <b>0</b> - Spinner Load Wait: (Sync) - ICar.support.WaitUtils.waitForSpinner(WaitUtils.java:225)</small> </font> </div>
<div class="test-event"> <font color="maroon"> <small> &emsp; &emsp;--- 04 May 23:08:28 039 - Page URL:: https://www.i-car.com/product/portable-measuring-systems-for-damage-analysis</small> </font> </div>
<div class="test-event"> <font color="maroon"> <small> &emsp; &emsp;--- 04 May 23:08:28 040 - <b>0</b> - Page Load Wait: (Sync) - ICar.support.Utils.waitForPageLoad(Utils.java:109)</small> </font> </div>
<div class="test-event"> <font color="maroon"> <small> &emsp; &emsp;--- 04 May 23:08:28 060 - Element is displayed:: [[ChromeDriver: chrome on WINDOWS (2cf28825ea7a8a419a5b05b8e5d35d84)] -> xpath: //a[contains(text(),'Back to Courses')]]</small> </font> </div>
<div class="test-event"> <font color="maroon"> <small> &emsp; &emsp;--- 04 May 23:08:35 088 - Catched spinner load exception due to javascript error: {"status":32,"value":"An invalid or illegal selector was specified"}
  (Session info: chrome=124.0.6367.92)
Build info: version: '4.6.0', revision: '79f1c02ae20'
System info: os.name: 'Windows 10', os.arch: 'amd64', os.version: '10.0', java.version: '17.0.7'
Driver info: org.openqa.selenium.chrome.ChromeDriver
Command: [2cf28825ea7a8a419a5b05b8e5d35d84, findElement {using=css selector, value=div[class='slds-spinner slds-spinner_brand slds-spinner_small']>div:nth-child(2)r}]
Capabilities {acceptInsecureCerts: false, browserName: chrome, browserVersion: 124.0.6367.92, chrome: {chromedriverVersion: 124.0.6367.91 (51df0e5e17a8..., userDataDir: C:\Users\PRATHA~1.KUM\AppDa...}, fedcm:accounts: true, goog:chromeOptions: {debuggerAddress: localhost:49451}, networkConnectionEnabled: false, pageLoadStrategy: normal, platformName: WINDOWS, proxy: Proxy(), se:cdp: ws://localhost:49451/devtoo..., se:cdpVersion: 124.0.6367.92, setWindowRect: true, strictFileInteractability: false, timeouts: {implicit: 0, pageLoad: 300000, script: 30000}, unhandledPromptBehavior: dismiss and notify, webauthn:extension:credBlob: true, webauthn:extension:largeBlob: true, webauthn:extension:minPinLength: true, webauthn:extension:prf: true, webauthn:virtualAuthenticators: true}
Session ID: 2cf28825ea7a8a419a5b05b8e5d35d84</small> </font> </div>
<div class="test-event"> <font color="maroon"> <small> &emsp; &emsp;--- 04 May 23:08:35 088 - <b>0</b> - Spinner Load Wait: (Sync) - ICar.support.WaitUtils.waitForSpinner(WaitUtils.java:225)</small> </font> </div>
<div class="test-message">&emsp;Back To Courses is displayed in the page </div>
<div class="test-message">&emsp;Successfully verified Back To Course Link&emsp;<a href=".\ScreenShot\URL_TC001_2718052713685100.png" target="_blank" >[ScreenShot]</a></div>
<div class="test-event"> <font color="maroon"> <small> &emsp; &emsp;--- 04 May 23:08:35 381 - Catched spinner load exception due to javascript error: {"status":32,"value":"An invalid or illegal selector was specified"}
  (Session info: chrome=124.0.6367.92)
Build info: version: '4.6.0', revision: '79f1c02ae20'
System info: os.name: 'Windows 10', os.arch: 'amd64', os.version: '10.0', java.version: '17.0.7'
Driver info: org.openqa.selenium.chrome.ChromeDriver
Command: [2cf28825ea7a8a419a5b05b8e5d35d84, findElement {using=css selector, value=div[class='slds-spinner slds-spinner_brand slds-spinner_small']>div:nth-child(2)r}]
Capabilities {acceptInsecureCerts: false, browserName: chrome, browserVersion: 124.0.6367.92, chrome: {chromedriverVersion: 124.0.6367.91 (51df0e5e17a8..., userDataDir: C:\Users\PRATHA~1.KUM\AppDa...}, fedcm:accounts: true, goog:chromeOptions: {debuggerAddress: localhost:49451}, networkConnectionEnabled: false, pageLoadStrategy: normal, platformName: WINDOWS, proxy: Proxy(), se:cdp: ws://localhost:49451/devtoo..., se:cdpVersion: 124.0.6367.92, setWindowRect: true, strictFileInteractability: false, timeouts: {implicit: 0, pageLoad: 300000, script: 30000}, unhandledPromptBehavior: dismiss and notify, webauthn:extension:credBlob: true, webauthn:extension:largeBlob: true, webauthn:extension:minPinLength: true, webauthn:extension:prf: true, webauthn:virtualAuthenticators: true}
Session ID: 2cf28825ea7a8a419a5b05b8e5d35d84</small> </font> </div>
<div class="test-event"> <font color="maroon"> <small> &emsp; &emsp;--- 04 May 23:08:35 381 - <b>0</b> - Spinner Load Wait: (Sync) - ICar.support.WaitUtils.waitForSpinner(WaitUtils.java:225)</small> </font> </div>
<div class="test-event"> <font color="maroon"> <small> &emsp; &emsp;--- 04 May 23:08:35 449 - Page URL:: https://www.i-car.com/product/portable-measuring-systems-for-damage-analysis</small> </font> </div>
<div class="test-event"> <font color="maroon"> <small> &emsp; &emsp;--- 04 May 23:08:35 449 - <b>0</b> - Page Load Wait: (Sync) - ICar.support.Utils.waitForPageLoad(Utils.java:109)</small> </font> </div>
<div class="test-event"> <font color="maroon"> <small> &emsp; &emsp;--- 04 May 23:08:45 498 - Element is displayed:: [[ChromeDriver: chrome on WINDOWS (2cf28825ea7a8a419a5b05b8e5d35d84)] -> xpath: //div[@class='productDetails slds-p-bottom_large']//div[contains(@class,'slds-p-bottom_medium')]]</small> </font> </div>
<div class="test-message">&emsp;Course Name : PortableMeasuringSystemsforDamageAnalysis is displayed in the URL page</div>
<div class="test-message">&emsp;Successfully verified the course name for relevant link&emsp;<a href=".\ScreenShot\URL_TC001_2718071133514100.png" target="_blank" >[ScreenShot]</a></div>
<div class="test-message">&emsp;
</div>
<div class="test-message">&emsp;33. URL is : https://www.i-car.com/product/honda-and-acura-ac-collision-repair</div>
<div class="test-event"> <font color="maroon"> <small> &emsp; &emsp;--- 04 May 23:08:54 334 - Page URL:: https://www.i-car.com/product/honda-and-acura-ac-collision-repair</small> </font> </div>
<div class="test-event"> <font color="maroon"> <small> &emsp; &emsp;--- 04 May 23:08:54 334 - <b>0</b> - Page Load Wait: (Sync) - ICar.support.Utils.waitForPageLoad(Utils.java:109)</small> </font> </div>
<div class="test-message">&emsp;Successfully navigated to the :  https://www.i-car.com/product/honda-and-acura-ac-collision-repair   Page&emsp;<a href=".\ScreenShot\URL_TC001_2718071948446200.png" target="_blank" >[ScreenShot]</a></div>
<div class="test-event"> <font color="maroon"> <small> &emsp; &emsp;--- 04 May 23:08:54 599 - Page URL:: https://www.i-car.com/product/honda-and-acura-ac-collision-repair</small> </font> </div>
<div class="test-event"> <font color="maroon"> <small> &emsp; &emsp;--- 04 May 23:08:54 599 - <b>0</b> - Page Load Wait: (Sync) - ICar.support.Utils.waitForPageLoad(Utils.java:109)</small> </font> </div>
<div class="test-event"> <font color="maroon"> <small> &emsp; &emsp;--- 04 May 23:08:54 609 - Catched spinner load exception due to javascript error: {"status":32,"value":"An invalid or illegal selector was specified"}
  (Session info: chrome=124.0.6367.92)
Build info: version: '4.6.0', revision: '79f1c02ae20'
System info: os.name: 'Windows 10', os.arch: 'amd64', os.version: '10.0', java.version: '17.0.7'
Driver info: org.openqa.selenium.chrome.ChromeDriver
Command: [2cf28825ea7a8a419a5b05b8e5d35d84, findElement {using=css selector, value=div[class='slds-spinner slds-spinner_brand slds-spinner_small']>div:nth-child(2)r}]
Capabilities {acceptInsecureCerts: false, browserName: chrome, browserVersion: 124.0.6367.92, chrome: {chromedriverVersion: 124.0.6367.91 (51df0e5e17a8..., userDataDir: C:\Users\PRATHA~1.KUM\AppDa...}, fedcm:accounts: true, goog:chromeOptions: {debuggerAddress: localhost:49451}, networkConnectionEnabled: false, pageLoadStrategy: normal, platformName: WINDOWS, proxy: Proxy(), se:cdp: ws://localhost:49451/devtoo..., se:cdpVersion: 124.0.6367.92, setWindowRect: true, strictFileInteractability: false, timeouts: {implicit: 0, pageLoad: 300000, script: 30000}, unhandledPromptBehavior: dismiss and notify, webauthn:extension:credBlob: true, webauthn:extension:largeBlob: true, webauthn:extension:minPinLength: true, webauthn:extension:prf: true, webauthn:virtualAuthenticators: true}
Session ID: 2cf28825ea7a8a419a5b05b8e5d35d84</small> </font> </div>
<div class="test-event"> <font color="maroon"> <small> &emsp; &emsp;--- 04 May 23:08:54 609 - <b>0</b> - Spinner Load Wait: (Sync) - ICar.support.WaitUtils.waitForSpinner(WaitUtils.java:225)</small> </font> </div>
<div class="test-event"> <font color="maroon"> <small> &emsp; &emsp;--- 04 May 23:09:04 692 - Page URL:: https://www.i-car.com/product/honda-and-acura-ac-collision-repair</small> </font> </div>
<div class="test-event"> <font color="maroon"> <small> &emsp; &emsp;--- 04 May 23:09:04 692 - <b>0</b> - Page Load Wait: (Sync) - ICar.support.Utils.waitForPageLoad(Utils.java:109)</small> </font> </div>
<div class="test-event"> <font color="maroon"> <small> &emsp; &emsp;--- 04 May 23:09:04 709 - Element is displayed:: [[ChromeDriver: chrome on WINDOWS (2cf28825ea7a8a419a5b05b8e5d35d84)] -> xpath: //a[contains(text(),'Back to Courses')]]</small> </font> </div>
<div class="test-event"> <font color="maroon"> <small> &emsp; &emsp;--- 04 May 23:09:11 745 - Catched spinner load exception due to javascript error: {"status":32,"value":"An invalid or illegal selector was specified"}
  (Session info: chrome=124.0.6367.92)
Build info: version: '4.6.0', revision: '79f1c02ae20'
System info: os.name: 'Windows 10', os.arch: 'amd64', os.version: '10.0', java.version: '17.0.7'
Driver info: org.openqa.selenium.chrome.ChromeDriver
Command: [2cf28825ea7a8a419a5b05b8e5d35d84, findElement {using=css selector, value=div[class='slds-spinner slds-spinner_brand slds-spinner_small']>div:nth-child(2)r}]
Capabilities {acceptInsecureCerts: false, browserName: chrome, browserVersion: 124.0.6367.92, chrome: {chromedriverVersion: 124.0.6367.91 (51df0e5e17a8..., userDataDir: C:\Users\PRATHA~1.KUM\AppDa...}, fedcm:accounts: true, goog:chromeOptions: {debuggerAddress: localhost:49451}, networkConnectionEnabled: false, pageLoadStrategy: normal, platformName: WINDOWS, proxy: Proxy(), se:cdp: ws://localhost:49451/devtoo..., se:cdpVersion: 124.0.6367.92, setWindowRect: true, strictFileInteractability: false, timeouts: {implicit: 0, pageLoad: 300000, script: 30000}, unhandledPromptBehavior: dismiss and notify, webauthn:extension:credBlob: true, webauthn:extension:largeBlob: true, webauthn:extension:minPinLength: true, webauthn:extension:prf: true, webauthn:virtualAuthenticators: true}
Session ID: 2cf28825ea7a8a419a5b05b8e5d35d84</small> </font> </div>
<div class="test-event"> <font color="maroon"> <small> &emsp; &emsp;--- 04 May 23:09:11 745 - <b>0</b> - Spinner Load Wait: (Sync) - ICar.support.WaitUtils.waitForSpinner(WaitUtils.java:225)</small> </font> </div>
<div class="test-message">&emsp;Back To Courses is displayed in the page </div>
<div class="test-message">&emsp;Successfully verified Back To Course Link&emsp;<a href=".\ScreenShot\URL_TC001_2718089369510900.png" target="_blank" >[ScreenShot]</a></div>
<div class="test-event"> <font color="maroon"> <small> &emsp; &emsp;--- 04 May 23:09:12 042 - Catched spinner load exception due to javascript error: {"status":32,"value":"An invalid or illegal selector was specified"}
  (Session info: chrome=124.0.6367.92)
Build info: version: '4.6.0', revision: '79f1c02ae20'
System info: os.name: 'Windows 10', os.arch: 'amd64', os.version: '10.0', java.version: '17.0.7'
Driver info: org.openqa.selenium.chrome.ChromeDriver
Command: [2cf28825ea7a8a419a5b05b8e5d35d84, findElement {using=css selector, value=div[class='slds-spinner slds-spinner_brand slds-spinner_small']>div:nth-child(2)r}]
Capabilities {acceptInsecureCerts: false, browserName: chrome, browserVersion: 124.0.6367.92, chrome: {chromedriverVersion: 124.0.6367.91 (51df0e5e17a8..., userDataDir: C:\Users\PRATHA~1.KUM\AppDa...}, fedcm:accounts: true, goog:chromeOptions: {debuggerAddress: localhost:49451}, networkConnectionEnabled: false, pageLoadStrategy: normal, platformName: WINDOWS, proxy: Proxy(), se:cdp: ws://localhost:49451/devtoo..., se:cdpVersion: 124.0.6367.92, setWindowRect: true, strictFileInteractability: false, timeouts: {implicit: 0, pageLoad: 300000, script: 30000}, unhandledPromptBehavior: dismiss and notify, webauthn:extension:credBlob: true, webauthn:extension:largeBlob: true, webauthn:extension:minPinLength: true, webauthn:extension:prf: true, webauthn:virtualAuthenticators: true}
Session ID: 2cf28825ea7a8a419a5b05b8e5d35d84</small> </font> </div>
<div class="test-event"> <font color="maroon"> <small> &emsp; &emsp;--- 04 May 23:09:12 042 - <b>0</b> - Spinner Load Wait: (Sync) - ICar.support.WaitUtils.waitForSpinner(WaitUtils.java:225)</small> </font> </div>
<div class="test-event"> <font color="maroon"> <small> &emsp; &emsp;--- 04 May 23:09:12 110 - Page URL:: https://www.i-car.com/product/honda-and-acura-ac-collision-repair</small> </font> </div>
<div class="test-event"> <font color="maroon"> <small> &emsp; &emsp;--- 04 May 23:09:12 110 - <b>0</b> - Page Load Wait: (Sync) - ICar.support.Utils.waitForPageLoad(Utils.java:109)</small> </font> </div>
<div class="test-event"> <font color="maroon"> <small> &emsp; &emsp;--- 04 May 23:09:22 156 - Element is displayed:: [[ChromeDriver: chrome on WINDOWS (2cf28825ea7a8a419a5b05b8e5d35d84)] -> xpath: //div[@class='productDetails slds-p-bottom_large']//div[contains(@class,'slds-p-bottom_medium')]]</small> </font> </div>
<div class="test-message">&emsp;Course Name : HondaandAcuraACCollisionRepair is displayed in the URL page</div>
<div class="test-message">&emsp;Successfully verified the course name for relevant link&emsp;<a href=".\ScreenShot\URL_TC001_2718107795197400.png" target="_blank" >[ScreenShot]</a></div>
<div class="test-message">&emsp;
</div>
<div class="test-message">&emsp;34. URL is : https://www.i-car.com/product/honda-and-acura-tpms-collision-repair</div>
<div class="test-event"> <font color="maroon"> <small> &emsp; &emsp;--- 04 May 23:09:31 246 - Page URL:: https://www.i-car.com/product/honda-and-acura-tpms-collision-repair</small> </font> </div>
<div class="test-event"> <font color="maroon"> <small> &emsp; &emsp;--- 04 May 23:09:31 246 - <b>0</b> - Page Load Wait: (Sync) - ICar.support.Utils.waitForPageLoad(Utils.java:109)</small> </font> </div>
<div class="test-message">&emsp;Successfully navigated to the :  https://www.i-car.com/product/honda-and-acura-tpms-collision-repair   Page&emsp;<a href=".\ScreenShot\URL_TC001_2718108860997700.png" target="_blank" >[ScreenShot]</a></div>
<div class="test-event"> <font color="maroon"> <small> &emsp; &emsp;--- 04 May 23:09:31 517 - Page URL:: https://www.i-car.com/product/honda-and-acura-tpms-collision-repair</small> </font> </div>
<div class="test-event"> <font color="maroon"> <small> &emsp; &emsp;--- 04 May 23:09:31 517 - <b>0</b> - Page Load Wait: (Sync) - ICar.support.Utils.waitForPageLoad(Utils.java:109)</small> </font> </div>
<div class="test-event"> <font color="maroon"> <small> &emsp; &emsp;--- 04 May 23:09:31 525 - Catched spinner load exception due to javascript error: {"status":32,"value":"An invalid or illegal selector was specified"}
  (Session info: chrome=124.0.6367.92)
Build info: version: '4.6.0', revision: '79f1c02ae20'
System info: os.name: 'Windows 10', os.arch: 'amd64', os.version: '10.0', java.version: '17.0.7'
Driver info: org.openqa.selenium.chrome.ChromeDriver
Command: [2cf28825ea7a8a419a5b05b8e5d35d84, findElement {using=css selector, value=div[class='slds-spinner slds-spinner_brand slds-spinner_small']>div:nth-child(2)r}]
Capabilities {acceptInsecureCerts: false, browserName: chrome, browserVersion: 124.0.6367.92, chrome: {chromedriverVersion: 124.0.6367.91 (51df0e5e17a8..., userDataDir: C:\Users\PRATHA~1.KUM\AppDa...}, fedcm:accounts: true, goog:chromeOptions: {debuggerAddress: localhost:49451}, networkConnectionEnabled: false, pageLoadStrategy: normal, platformName: WINDOWS, proxy: Proxy(), se:cdp: ws://localhost:49451/devtoo..., se:cdpVersion: 124.0.6367.92, setWindowRect: true, strictFileInteractability: false, timeouts: {implicit: 0, pageLoad: 300000, script: 30000}, unhandledPromptBehavior: dismiss and notify, webauthn:extension:credBlob: true, webauthn:extension:largeBlob: true, webauthn:extension:minPinLength: true, webauthn:extension:prf: true, webauthn:virtualAuthenticators: true}
Session ID: 2cf28825ea7a8a419a5b05b8e5d35d84</small> </font> </div>
<div class="test-event"> <font color="maroon"> <small> &emsp; &emsp;--- 04 May 23:09:31 525 - <b>0</b> - Spinner Load Wait: (Sync) - ICar.support.WaitUtils.waitForSpinner(WaitUtils.java:225)</small> </font> </div>
<div class="test-event"> <font color="maroon"> <small> &emsp; &emsp;--- 04 May 23:09:41 621 - Page URL:: https://www.i-car.com/product/honda-and-acura-tpms-collision-repair</small> </font> </div>
<div class="test-event"> <font color="maroon"> <small> &emsp; &emsp;--- 04 May 23:09:41 621 - <b>0</b> - Page Load Wait: (Sync) - ICar.support.Utils.waitForPageLoad(Utils.java:109)</small> </font> </div>
<div class="test-event"> <font color="maroon"> <small> &emsp; &emsp;--- 04 May 23:09:41 642 - Element is displayed:: [[ChromeDriver: chrome on WINDOWS (2cf28825ea7a8a419a5b05b8e5d35d84)] -> xpath: //a[contains(text(),'Back to Courses')]]</small> </font> </div>
<div class="test-event"> <font color="maroon"> <small> &emsp; &emsp;--- 04 May 23:09:48 668 - Catched spinner load exception due to javascript error: {"status":32,"value":"An invalid or illegal selector was specified"}
  (Session info: chrome=124.0.6367.92)
Build info: version: '4.6.0', revision: '79f1c02ae20'
System info: os.name: 'Windows 10', os.arch: 'amd64', os.version: '10.0', java.version: '17.0.7'
Driver info: org.openqa.selenium.chrome.ChromeDriver
Command: [2cf28825ea7a8a419a5b05b8e5d35d84, findElement {using=css selector, value=div[class='slds-spinner slds-spinner_brand slds-spinner_small']>div:nth-child(2)r}]
Capabilities {acceptInsecureCerts: false, browserName: chrome, browserVersion: 124.0.6367.92, chrome: {chromedriverVersion: 124.0.6367.91 (51df0e5e17a8..., userDataDir: C:\Users\PRATHA~1.KUM\AppDa...}, fedcm:accounts: true, goog:chromeOptions: {debuggerAddress: localhost:49451}, networkConnectionEnabled: false, pageLoadStrategy: normal, platformName: WINDOWS, proxy: Proxy(), se:cdp: ws://localhost:49451/devtoo..., se:cdpVersion: 124.0.6367.92, setWindowRect: true, strictFileInteractability: false, timeouts: {implicit: 0, pageLoad: 300000, script: 30000}, unhandledPromptBehavior: dismiss and notify, webauthn:extension:credBlob: true, webauthn:extension:largeBlob: true, webauthn:extension:minPinLength: true, webauthn:extension:prf: true, webauthn:virtualAuthenticators: true}
Session ID: 2cf28825ea7a8a419a5b05b8e5d35d84</small> </font> </div>
<div class="test-event"> <font color="maroon"> <small> &emsp; &emsp;--- 04 May 23:09:48 668 - <b>0</b> - Spinner Load Wait: (Sync) - ICar.support.WaitUtils.waitForSpinner(WaitUtils.java:225)</small> </font> </div>
<div class="test-message">&emsp;Back To Courses is displayed in the page </div>
<div class="test-message">&emsp;Successfully verified Back To Course Link&emsp;<a href=".\ScreenShot\URL_TC001_2718126293135200.png" target="_blank" >[ScreenShot]</a></div>
<div class="test-event"> <font color="maroon"> <small> &emsp; &emsp;--- 04 May 23:09:49 067 - Catched spinner load exception due to javascript error: {"status":32,"value":"An invalid or illegal selector was specified"}
  (Session info: chrome=124.0.6367.92)
Build info: version: '4.6.0', revision: '79f1c02ae20'
System info: os.name: 'Windows 10', os.arch: 'amd64', os.version: '10.0', java.version: '17.0.7'
Driver info: org.openqa.selenium.chrome.ChromeDriver
Command: [2cf28825ea7a8a419a5b05b8e5d35d84, findElement {using=css selector, value=div[class='slds-spinner slds-spinner_brand slds-spinner_small']>div:nth-child(2)r}]
Capabilities {acceptInsecureCerts: false, browserName: chrome, browserVersion: 124.0.6367.92, chrome: {chromedriverVersion: 124.0.6367.91 (51df0e5e17a8..., userDataDir: C:\Users\PRATHA~1.KUM\AppDa...}, fedcm:accounts: true, goog:chromeOptions: {debuggerAddress: localhost:49451}, networkConnectionEnabled: false, pageLoadStrategy: normal, platformName: WINDOWS, proxy: Proxy(), se:cdp: ws://localhost:49451/devtoo..., se:cdpVersion: 124.0.6367.92, setWindowRect: true, strictFileInteractability: false, timeouts: {implicit: 0, pageLoad: 300000, script: 30000}, unhandledPromptBehavior: dismiss and notify, webauthn:extension:credBlob: true, webauthn:extension:largeBlob: true, webauthn:extension:minPinLength: true, webauthn:extension:prf: true, webauthn:virtualAuthenticators: true}
Session ID: 2cf28825ea7a8a419a5b05b8e5d35d84</small> </font> </div>
<div class="test-event"> <font color="maroon"> <small> &emsp; &emsp;--- 04 May 23:09:49 068 - <b>0</b> - Spinner Load Wait: (Sync) - ICar.support.WaitUtils.waitForSpinner(WaitUtils.java:225)</small> </font> </div>
<div class="test-event"> <font color="maroon"> <small> &emsp; &emsp;--- 04 May 23:09:49 132 - Page URL:: https://www.i-car.com/product/honda-and-acura-tpms-collision-repair</small> </font> </div>
<div class="test-event"> <font color="maroon"> <small> &emsp; &emsp;--- 04 May 23:09:49 132 - <b>0</b> - Page Load Wait: (Sync) - ICar.support.Utils.waitForPageLoad(Utils.java:109)</small> </font> </div>
<div class="test-event"> <font color="maroon"> <small> &emsp; &emsp;--- 04 May 23:09:59 191 - Element is displayed:: [[ChromeDriver: chrome on WINDOWS (2cf28825ea7a8a419a5b05b8e5d35d84)] -> xpath: //div[@class='productDetails slds-p-bottom_large']//div[contains(@class,'slds-p-bottom_medium')]]</small> </font> </div>
<div class="test-message">&emsp;Course Name : HondaandAcuraTPMSCollisionRepair is displayed in the URL page</div>
<div class="test-message">&emsp;Successfully verified the course name for relevant link&emsp;<a href=".\ScreenShot\URL_TC001_2718144830986000.png" target="_blank" >[ScreenShot]</a></div>
<div class="test-message">&emsp;
</div>
<div class="test-message">&emsp;35. URL is : https://www.i-car.com/product/acura-nsx-construction-and-considerations</div>
<div class="test-event"> <font color="maroon"> <small> &emsp; &emsp;--- 04 May 23:10:09 485 - Page URL:: https://www.i-car.com/product/acura-nsx-construction-and-considerations</small> </font> </div>
<div class="test-event"> <font color="maroon"> <small> &emsp; &emsp;--- 04 May 23:10:09 485 - <b>0</b> - Page Load Wait: (Sync) - ICar.support.Utils.waitForPageLoad(Utils.java:109)</small> </font> </div>
<div class="test-message">&emsp;Successfully navigated to the :  https://www.i-car.com/product/acura-nsx-construction-and-considerations   Page&emsp;<a href=".\ScreenShot\URL_TC001_2718147098867400.png" target="_blank" >[ScreenShot]</a></div>
<div class="test-event"> <font color="maroon"> <small> &emsp; &emsp;--- 04 May 23:10:09 775 - Page URL:: https://www.i-car.com/product/acura-nsx-construction-and-considerations</small> </font> </div>
<div class="test-event"> <font color="maroon"> <small> &emsp; &emsp;--- 04 May 23:10:09 775 - <b>0</b> - Page Load Wait: (Sync) - ICar.support.Utils.waitForPageLoad(Utils.java:109)</small> </font> </div>
<div class="test-event"> <font color="maroon"> <small> &emsp; &emsp;--- 04 May 23:10:09 791 - Catched spinner load exception due to javascript error: {"status":32,"value":"An invalid or illegal selector was specified"}
  (Session info: chrome=124.0.6367.92)
Build info: version: '4.6.0', revision: '79f1c02ae20'
System info: os.name: 'Windows 10', os.arch: 'amd64', os.version: '10.0', java.version: '17.0.7'
Driver info: org.openqa.selenium.chrome.ChromeDriver
Command: [2cf28825ea7a8a419a5b05b8e5d35d84, findElement {using=css selector, value=div[class='slds-spinner slds-spinner_brand slds-spinner_small']>div:nth-child(2)r}]
Capabilities {acceptInsecureCerts: false, browserName: chrome, browserVersion: 124.0.6367.92, chrome: {chromedriverVersion: 124.0.6367.91 (51df0e5e17a8..., userDataDir: C:\Users\PRATHA~1.KUM\AppDa...}, fedcm:accounts: true, goog:chromeOptions: {debuggerAddress: localhost:49451}, networkConnectionEnabled: false, pageLoadStrategy: normal, platformName: WINDOWS, proxy: Proxy(), se:cdp: ws://localhost:49451/devtoo..., se:cdpVersion: 124.0.6367.92, setWindowRect: true, strictFileInteractability: false, timeouts: {implicit: 0, pageLoad: 300000, script: 30000}, unhandledPromptBehavior: dismiss and notify, webauthn:extension:credBlob: true, webauthn:extension:largeBlob: true, webauthn:extension:minPinLength: true, webauthn:extension:prf: true, webauthn:virtualAuthenticators: true}
Session ID: 2cf28825ea7a8a419a5b05b8e5d35d84</small> </font> </div>
<div class="test-event"> <font color="maroon"> <small> &emsp; &emsp;--- 04 May 23:10:09 791 - <b>0</b> - Spinner Load Wait: (Sync) - ICar.support.WaitUtils.waitForSpinner(WaitUtils.java:225)</small> </font> </div>
<div class="test-event"> <font color="maroon"> <small> &emsp; &emsp;--- 04 May 23:10:19 903 - Page URL:: https://www.i-car.com/product/acura-nsx-construction-and-considerations</small> </font> </div>
<div class="test-event"> <font color="maroon"> <small> &emsp; &emsp;--- 04 May 23:10:19 903 - <b>0</b> - Page Load Wait: (Sync) - ICar.support.Utils.waitForPageLoad(Utils.java:109)</small> </font> </div>
<div class="test-event"> <font color="maroon"> <small> &emsp; &emsp;--- 04 May 23:10:19 922 - Element is displayed:: [[ChromeDriver: chrome on WINDOWS (2cf28825ea7a8a419a5b05b8e5d35d84)] -> xpath: //a[contains(text(),'Back to Courses')]]</small> </font> </div>
<div class="test-event"> <font color="maroon"> <small> &emsp; &emsp;--- 04 May 23:10:26 954 - Catched spinner load exception due to javascript error: {"status":32,"value":"An invalid or illegal selector was specified"}
  (Session info: chrome=124.0.6367.92)
Build info: version: '4.6.0', revision: '79f1c02ae20'
System info: os.name: 'Windows 10', os.arch: 'amd64', os.version: '10.0', java.version: '17.0.7'
Driver info: org.openqa.selenium.chrome.ChromeDriver
Command: [2cf28825ea7a8a419a5b05b8e5d35d84, findElement {using=css selector, value=div[class='slds-spinner slds-spinner_brand slds-spinner_small']>div:nth-child(2)r}]
Capabilities {acceptInsecureCerts: false, browserName: chrome, browserVersion: 124.0.6367.92, chrome: {chromedriverVersion: 124.0.6367.91 (51df0e5e17a8..., userDataDir: C:\Users\PRATHA~1.KUM\AppDa...}, fedcm:accounts: true, goog:chromeOptions: {debuggerAddress: localhost:49451}, networkConnectionEnabled: false, pageLoadStrategy: normal, platformName: WINDOWS, proxy: Proxy(), se:cdp: ws://localhost:49451/devtoo..., se:cdpVersion: 124.0.6367.92, setWindowRect: true, strictFileInteractability: false, timeouts: {implicit: 0, pageLoad: 300000, script: 30000}, unhandledPromptBehavior: dismiss and notify, webauthn:extension:credBlob: true, webauthn:extension:largeBlob: true, webauthn:extension:minPinLength: true, webauthn:extension:prf: true, webauthn:virtualAuthenticators: true}
Session ID: 2cf28825ea7a8a419a5b05b8e5d35d84</small> </font> </div>
<div class="test-event"> <font color="maroon"> <small> &emsp; &emsp;--- 04 May 23:10:26 954 - <b>0</b> - Spinner Load Wait: (Sync) - ICar.support.WaitUtils.waitForSpinner(WaitUtils.java:225)</small> </font> </div>
<div class="test-message">&emsp;Back To Courses is displayed in the page </div>
<div class="test-message">&emsp;Successfully verified Back To Course Link&emsp;<a href=".\ScreenShot\URL_TC001_2718164578390800.png" target="_blank" >[ScreenShot]</a></div>
<div class="test-event"> <font color="maroon"> <small> &emsp; &emsp;--- 04 May 23:10:27 437 - Catched spinner load exception due to javascript error: {"status":32,"value":"An invalid or illegal selector was specified"}
  (Session info: chrome=124.0.6367.92)
Build info: version: '4.6.0', revision: '79f1c02ae20'
System info: os.name: 'Windows 10', os.arch: 'amd64', os.version: '10.0', java.version: '17.0.7'
Driver info: org.openqa.selenium.chrome.ChromeDriver
Command: [2cf28825ea7a8a419a5b05b8e5d35d84, findElement {using=css selector, value=div[class='slds-spinner slds-spinner_brand slds-spinner_small']>div:nth-child(2)r}]
Capabilities {acceptInsecureCerts: false, browserName: chrome, browserVersion: 124.0.6367.92, chrome: {chromedriverVersion: 124.0.6367.91 (51df0e5e17a8..., userDataDir: C:\Users\PRATHA~1.KUM\AppDa...}, fedcm:accounts: true, goog:chromeOptions: {debuggerAddress: localhost:49451}, networkConnectionEnabled: false, pageLoadStrategy: normal, platformName: WINDOWS, proxy: Proxy(), se:cdp: ws://localhost:49451/devtoo..., se:cdpVersion: 124.0.6367.92, setWindowRect: true, strictFileInteractability: false, timeouts: {implicit: 0, pageLoad: 300000, script: 30000}, unhandledPromptBehavior: dismiss and notify, webauthn:extension:credBlob: true, webauthn:extension:largeBlob: true, webauthn:extension:minPinLength: true, webauthn:extension:prf: true, webauthn:virtualAuthenticators: true}
Session ID: 2cf28825ea7a8a419a5b05b8e5d35d84</small> </font> </div>
<div class="test-event"> <font color="maroon"> <small> &emsp; &emsp;--- 04 May 23:10:27 437 - <b>0</b> - Spinner Load Wait: (Sync) - ICar.support.WaitUtils.waitForSpinner(WaitUtils.java:225)</small> </font> </div>
<div class="test-event"> <font color="maroon"> <small> &emsp; &emsp;--- 04 May 23:10:27 502 - Page URL:: https://www.i-car.com/product/acura-nsx-construction-and-considerations</small> </font> </div>
<div class="test-event"> <font color="maroon"> <small> &emsp; &emsp;--- 04 May 23:10:27 502 - <b>0</b> - Page Load Wait: (Sync) - ICar.support.Utils.waitForPageLoad(Utils.java:109)</small> </font> </div>
<div class="test-event"> <font color="maroon"> <small> &emsp; &emsp;--- 04 May 23:10:37 580 - Element is displayed:: [[ChromeDriver: chrome on WINDOWS (2cf28825ea7a8a419a5b05b8e5d35d84)] -> xpath: //div[@class='productDetails slds-p-bottom_large']//div[contains(@class,'slds-p-bottom_medium')]]</small> </font> </div>
<div class="test-message">&emsp;Course Name : AcuraNSXConstructionandConsiderations is displayed in the URL page</div>
<div class="test-message">&emsp;Successfully verified the course name for relevant link&emsp;<a href=".\ScreenShot\URL_TC001_2718183222340200.png" target="_blank" >[ScreenShot]</a></div>
<div class="test-message">&emsp;
</div>
<div class="test-message">&emsp;36. URL is : https://www.i-car.com/product/collision-repair-of-the-2019-chevrolet-silveradogmc-sierra</div>
<div class="test-event"> <font color="maroon"> <small> &emsp; &emsp;--- 04 May 23:10:46 790 - Page URL:: https://www.i-car.com/product/collision-repair-of-the-2019-chevrolet-silveradogmc-sierra</small> </font> </div>
<div class="test-event"> <font color="maroon"> <small> &emsp; &emsp;--- 04 May 23:10:46 790 - <b>0</b> - Page Load Wait: (Sync) - ICar.support.Utils.waitForPageLoad(Utils.java:109)</small> </font> </div>
<div class="test-message">&emsp;Successfully navigated to the :  https://www.i-car.com/product/collision-repair-of-the-2019-chevrolet-silveradogmc-sierra   Page&emsp;<a href=".\ScreenShot\URL_TC001_2718184404081400.png" target="_blank" >[ScreenShot]</a></div>
<div class="test-event"> <font color="maroon"> <small> &emsp; &emsp;--- 04 May 23:10:47 108 - Page URL:: https://www.i-car.com/product/collision-repair-of-the-2019-chevrolet-silveradogmc-sierra</small> </font> </div>
<div class="test-event"> <font color="maroon"> <small> &emsp; &emsp;--- 04 May 23:10:47 108 - <b>0</b> - Page Load Wait: (Sync) - ICar.support.Utils.waitForPageLoad(Utils.java:109)</small> </font> </div>
<div class="test-event"> <font color="maroon"> <small> &emsp; &emsp;--- 04 May 23:10:47 118 - Catched spinner load exception due to javascript error: {"status":32,"value":"An invalid or illegal selector was specified"}
  (Session info: chrome=124.0.6367.92)
Build info: version: '4.6.0', revision: '79f1c02ae20'
System info: os.name: 'Windows 10', os.arch: 'amd64', os.version: '10.0', java.version: '17.0.7'
Driver info: org.openqa.selenium.chrome.ChromeDriver
Command: [2cf28825ea7a8a419a5b05b8e5d35d84, findElement {using=css selector, value=div[class='slds-spinner slds-spinner_brand slds-spinner_small']>div:nth-child(2)r}]
Capabilities {acceptInsecureCerts: false, browserName: chrome, browserVersion: 124.0.6367.92, chrome: {chromedriverVersion: 124.0.6367.91 (51df0e5e17a8..., userDataDir: C:\Users\PRATHA~1.KUM\AppDa...}, fedcm:accounts: true, goog:chromeOptions: {debuggerAddress: localhost:49451}, networkConnectionEnabled: false, pageLoadStrategy: normal, platformName: WINDOWS, proxy: Proxy(), se:cdp: ws://localhost:49451/devtoo..., se:cdpVersion: 124.0.6367.92, setWindowRect: true, strictFileInteractability: false, timeouts: {implicit: 0, pageLoad: 300000, script: 30000}, unhandledPromptBehavior: dismiss and notify, webauthn:extension:credBlob: true, webauthn:extension:largeBlob: true, webauthn:extension:minPinLength: true, webauthn:extension:prf: true, webauthn:virtualAuthenticators: true}
Session ID: 2cf28825ea7a8a419a5b05b8e5d35d84</small> </font> </div>
<div class="test-event"> <font color="maroon"> <small> &emsp; &emsp;--- 04 May 23:10:47 118 - <b>0</b> - Spinner Load Wait: (Sync) - ICar.support.WaitUtils.waitForSpinner(WaitUtils.java:225)</small> </font> </div>
<div class="test-event"> <font color="maroon"> <small> &emsp; &emsp;--- 04 May 23:10:57 202 - Page URL:: https://www.i-car.com/product/collision-repair-of-the-2019-chevrolet-silveradogmc-sierra</small> </font> </div>
<div class="test-event"> <font color="maroon"> <small> &emsp; &emsp;--- 04 May 23:10:57 203 - <b>0</b> - Page Load Wait: (Sync) - ICar.support.Utils.waitForPageLoad(Utils.java:109)</small> </font> </div>
<div class="test-event"> <font color="maroon"> <small> &emsp; &emsp;--- 04 May 23:10:57 220 - Element is displayed:: [[ChromeDriver: chrome on WINDOWS (2cf28825ea7a8a419a5b05b8e5d35d84)] -> xpath: //a[contains(text(),'Back to Courses')]]</small> </font> </div>
<div class="test-event"> <font color="maroon"> <small> &emsp; &emsp;--- 04 May 23:11:04 252 - Catched spinner load exception due to javascript error: {"status":32,"value":"An invalid or illegal selector was specified"}
  (Session info: chrome=124.0.6367.92)
Build info: version: '4.6.0', revision: '79f1c02ae20'
System info: os.name: 'Windows 10', os.arch: 'amd64', os.version: '10.0', java.version: '17.0.7'
Driver info: org.openqa.selenium.chrome.ChromeDriver
Command: [2cf28825ea7a8a419a5b05b8e5d35d84, findElement {using=css selector, value=div[class='slds-spinner slds-spinner_brand slds-spinner_small']>div:nth-child(2)r}]
Capabilities {acceptInsecureCerts: false, browserName: chrome, browserVersion: 124.0.6367.92, chrome: {chromedriverVersion: 124.0.6367.91 (51df0e5e17a8..., userDataDir: C:\Users\PRATHA~1.KUM\AppDa...}, fedcm:accounts: true, goog:chromeOptions: {debuggerAddress: localhost:49451}, networkConnectionEnabled: false, pageLoadStrategy: normal, platformName: WINDOWS, proxy: Proxy(), se:cdp: ws://localhost:49451/devtoo..., se:cdpVersion: 124.0.6367.92, setWindowRect: true, strictFileInteractability: false, timeouts: {implicit: 0, pageLoad: 300000, script: 30000}, unhandledPromptBehavior: dismiss and notify, webauthn:extension:credBlob: true, webauthn:extension:largeBlob: true, webauthn:extension:minPinLength: true, webauthn:extension:prf: true, webauthn:virtualAuthenticators: true}
Session ID: 2cf28825ea7a8a419a5b05b8e5d35d84</small> </font> </div>
<div class="test-event"> <font color="maroon"> <small> &emsp; &emsp;--- 04 May 23:11:04 253 - <b>0</b> - Spinner Load Wait: (Sync) - ICar.support.WaitUtils.waitForSpinner(WaitUtils.java:225)</small> </font> </div>
<div class="test-message">&emsp;Back To Courses is displayed in the page </div>
<div class="test-message">&emsp;Successfully verified Back To Course Link&emsp;<a href=".\ScreenShot\URL_TC001_2718201877306000.png" target="_blank" >[ScreenShot]</a></div>
<div class="test-event"> <font color="maroon"> <small> &emsp; &emsp;--- 04 May 23:11:04 524 - Catched spinner load exception due to javascript error: {"status":32,"value":"An invalid or illegal selector was specified"}
  (Session info: chrome=124.0.6367.92)
Build info: version: '4.6.0', revision: '79f1c02ae20'
System info: os.name: 'Windows 10', os.arch: 'amd64', os.version: '10.0', java.version: '17.0.7'
Driver info: org.openqa.selenium.chrome.ChromeDriver
Command: [2cf28825ea7a8a419a5b05b8e5d35d84, findElement {using=css selector, value=div[class='slds-spinner slds-spinner_brand slds-spinner_small']>div:nth-child(2)r}]
Capabilities {acceptInsecureCerts: false, browserName: chrome, browserVersion: 124.0.6367.92, chrome: {chromedriverVersion: 124.0.6367.91 (51df0e5e17a8..., userDataDir: C:\Users\PRATHA~1.KUM\AppDa...}, fedcm:accounts: true, goog:chromeOptions: {debuggerAddress: localhost:49451}, networkConnectionEnabled: false, pageLoadStrategy: normal, platformName: WINDOWS, proxy: Proxy(), se:cdp: ws://localhost:49451/devtoo..., se:cdpVersion: 124.0.6367.92, setWindowRect: true, strictFileInteractability: false, timeouts: {implicit: 0, pageLoad: 300000, script: 30000}, unhandledPromptBehavior: dismiss and notify, webauthn:extension:credBlob: true, webauthn:extension:largeBlob: true, webauthn:extension:minPinLength: true, webauthn:extension:prf: true, webauthn:virtualAuthenticators: true}
Session ID: 2cf28825ea7a8a419a5b05b8e5d35d84</small> </font> </div>
<div class="test-event"> <font color="maroon"> <small> &emsp; &emsp;--- 04 May 23:11:04 524 - <b>0</b> - Spinner Load Wait: (Sync) - ICar.support.WaitUtils.waitForSpinner(WaitUtils.java:225)</small> </font> </div>
<div class="test-event"> <font color="maroon"> <small> &emsp; &emsp;--- 04 May 23:11:04 603 - Page URL:: https://www.i-car.com/product/collision-repair-of-the-2019-chevrolet-silveradogmc-sierra</small> </font> </div>
<div class="test-event"> <font color="maroon"> <small> &emsp; &emsp;--- 04 May 23:11:04 603 - <b>0</b> - Page Load Wait: (Sync) - ICar.support.Utils.waitForPageLoad(Utils.java:109)</small> </font> </div>
<div class="test-event"> <font color="maroon"> <small> &emsp; &emsp;--- 04 May 23:11:14 655 - Element is displayed:: [[ChromeDriver: chrome on WINDOWS (2cf28825ea7a8a419a5b05b8e5d35d84)] -> xpath: //div[@class='productDetails slds-p-bottom_large']//div[contains(@class,'slds-p-bottom_medium')]]</small> </font> </div>
<div class="test-message">&emsp;Course Name : CollisionRepairofthe2019ChevroletSilveradoGMCSierra is displayed in the URL page</div>
<div class="test-message">&emsp;Successfully verified the course name for relevant link&emsp;<a href=".\ScreenShot\URL_TC001_2718220291722300.png" target="_blank" >[ScreenShot]</a></div>
<div class="test-message">&emsp;
</div>
<div class="test-message">&emsp;37. URL is : https://www.i-car.com/product/safety-shield-technologies</div>
<div class="test-event"> <font color="maroon"> <small> &emsp; &emsp;--- 04 May 23:11:23 862 - Page URL:: https://www.i-car.com/product/safety-shield-technologies</small> </font> </div>
<div class="test-event"> <font color="maroon"> <small> &emsp; &emsp;--- 04 May 23:11:23 862 - <b>0</b> - Page Load Wait: (Sync) - ICar.support.Utils.waitForPageLoad(Utils.java:109)</small> </font> </div>
<div class="test-message">&emsp;Successfully navigated to the :  https://www.i-car.com/product/safety-shield-technologies   Page&emsp;<a href=".\ScreenShot\URL_TC001_2718221476514700.png" target="_blank" >[ScreenShot]</a></div>
<div class="test-event"> <font color="maroon"> <small> &emsp; &emsp;--- 04 May 23:11:24 148 - Page URL:: https://www.i-car.com/product/safety-shield-technologies</small> </font> </div>
<div class="test-event"> <font color="maroon"> <small> &emsp; &emsp;--- 04 May 23:11:24 148 - <b>0</b> - Page Load Wait: (Sync) - ICar.support.Utils.waitForPageLoad(Utils.java:109)</small> </font> </div>
<div class="test-event"> <font color="maroon"> <small> &emsp; &emsp;--- 04 May 23:11:24 157 - Catched spinner load exception due to javascript error: {"status":32,"value":"An invalid or illegal selector was specified"}
  (Session info: chrome=124.0.6367.92)
Build info: version: '4.6.0', revision: '79f1c02ae20'
System info: os.name: 'Windows 10', os.arch: 'amd64', os.version: '10.0', java.version: '17.0.7'
Driver info: org.openqa.selenium.chrome.ChromeDriver
Command: [2cf28825ea7a8a419a5b05b8e5d35d84, findElement {using=css selector, value=div[class='slds-spinner slds-spinner_brand slds-spinner_small']>div:nth-child(2)r}]
Capabilities {acceptInsecureCerts: false, browserName: chrome, browserVersion: 124.0.6367.92, chrome: {chromedriverVersion: 124.0.6367.91 (51df0e5e17a8..., userDataDir: C:\Users\PRATHA~1.KUM\AppDa...}, fedcm:accounts: true, goog:chromeOptions: {debuggerAddress: localhost:49451}, networkConnectionEnabled: false, pageLoadStrategy: normal, platformName: WINDOWS, proxy: Proxy(), se:cdp: ws://localhost:49451/devtoo..., se:cdpVersion: 124.0.6367.92, setWindowRect: true, strictFileInteractability: false, timeouts: {implicit: 0, pageLoad: 300000, script: 30000}, unhandledPromptBehavior: dismiss and notify, webauthn:extension:credBlob: true, webauthn:extension:largeBlob: true, webauthn:extension:minPinLength: true, webauthn:extension:prf: true, webauthn:virtualAuthenticators: true}
Session ID: 2cf28825ea7a8a419a5b05b8e5d35d84</small> </font> </div>
<div class="test-event"> <font color="maroon"> <small> &emsp; &emsp;--- 04 May 23:11:24 157 - <b>0</b> - Spinner Load Wait: (Sync) - ICar.support.WaitUtils.waitForSpinner(WaitUtils.java:225)</small> </font> </div>
<div class="test-event"> <font color="maroon"> <small> &emsp; &emsp;--- 04 May 23:11:34 251 - Page URL:: https://www.i-car.com/product/safety-shield-technologies</small> </font> </div>
<div class="test-event"> <font color="maroon"> <small> &emsp; &emsp;--- 04 May 23:11:34 251 - <b>0</b> - Page Load Wait: (Sync) - ICar.support.Utils.waitForPageLoad(Utils.java:109)</small> </font> </div>
<div class="test-event"> <font color="maroon"> <small> &emsp; &emsp;--- 04 May 23:11:34 272 - Element is displayed:: [[ChromeDriver: chrome on WINDOWS (2cf28825ea7a8a419a5b05b8e5d35d84)] -> xpath: //a[contains(text(),'Back to Courses')]]</small> </font> </div>
<div class="test-event"> <font color="maroon"> <small> &emsp; &emsp;--- 04 May 23:11:41 312 - Catched spinner load exception due to javascript error: {"status":32,"value":"An invalid or illegal selector was specified"}
  (Session info: chrome=124.0.6367.92)
Build info: version: '4.6.0', revision: '79f1c02ae20'
System info: os.name: 'Windows 10', os.arch: 'amd64', os.version: '10.0', java.version: '17.0.7'
Driver info: org.openqa.selenium.chrome.ChromeDriver
Command: [2cf28825ea7a8a419a5b05b8e5d35d84, findElement {using=css selector, value=div[class='slds-spinner slds-spinner_brand slds-spinner_small']>div:nth-child(2)r}]
Capabilities {acceptInsecureCerts: false, browserName: chrome, browserVersion: 124.0.6367.92, chrome: {chromedriverVersion: 124.0.6367.91 (51df0e5e17a8..., userDataDir: C:\Users\PRATHA~1.KUM\AppDa...}, fedcm:accounts: true, goog:chromeOptions: {debuggerAddress: localhost:49451}, networkConnectionEnabled: false, pageLoadStrategy: normal, platformName: WINDOWS, proxy: Proxy(), se:cdp: ws://localhost:49451/devtoo..., se:cdpVersion: 124.0.6367.92, setWindowRect: true, strictFileInteractability: false, timeouts: {implicit: 0, pageLoad: 300000, script: 30000}, unhandledPromptBehavior: dismiss and notify, webauthn:extension:credBlob: true, webauthn:extension:largeBlob: true, webauthn:extension:minPinLength: true, webauthn:extension:prf: true, webauthn:virtualAuthenticators: true}
Session ID: 2cf28825ea7a8a419a5b05b8e5d35d84</small> </font> </div>
<div class="test-event"> <font color="maroon"> <small> &emsp; &emsp;--- 04 May 23:11:41 312 - <b>0</b> - Spinner Load Wait: (Sync) - ICar.support.WaitUtils.waitForSpinner(WaitUtils.java:225)</small> </font> </div>
<div class="test-message">&emsp;Back To Courses is displayed in the page </div>
<div class="test-message">&emsp;Successfully verified Back To Course Link&emsp;<a href=".\ScreenShot\URL_TC001_2718238937545000.png" target="_blank" >[ScreenShot]</a></div>
<div class="test-event"> <font color="maroon"> <small> &emsp; &emsp;--- 04 May 23:11:41 551 - Catched spinner load exception due to javascript error: {"status":32,"value":"An invalid or illegal selector was specified"}
  (Session info: chrome=124.0.6367.92)
Build info: version: '4.6.0', revision: '79f1c02ae20'
System info: os.name: 'Windows 10', os.arch: 'amd64', os.version: '10.0', java.version: '17.0.7'
Driver info: org.openqa.selenium.chrome.ChromeDriver
Command: [2cf28825ea7a8a419a5b05b8e5d35d84, findElement {using=css selector, value=div[class='slds-spinner slds-spinner_brand slds-spinner_small']>div:nth-child(2)r}]
Capabilities {acceptInsecureCerts: false, browserName: chrome, browserVersion: 124.0.6367.92, chrome: {chromedriverVersion: 124.0.6367.91 (51df0e5e17a8..., userDataDir: C:\Users\PRATHA~1.KUM\AppDa...}, fedcm:accounts: true, goog:chromeOptions: {debuggerAddress: localhost:49451}, networkConnectionEnabled: false, pageLoadStrategy: normal, platformName: WINDOWS, proxy: Proxy(), se:cdp: ws://localhost:49451/devtoo..., se:cdpVersion: 124.0.6367.92, setWindowRect: true, strictFileInteractability: false, timeouts: {implicit: 0, pageLoad: 300000, script: 30000}, unhandledPromptBehavior: dismiss and notify, webauthn:extension:credBlob: true, webauthn:extension:largeBlob: true, webauthn:extension:minPinLength: true, webauthn:extension:prf: true, webauthn:virtualAuthenticators: true}
Session ID: 2cf28825ea7a8a419a5b05b8e5d35d84</small> </font> </div>
<div class="test-event"> <font color="maroon"> <small> &emsp; &emsp;--- 04 May 23:11:41 551 - <b>0</b> - Spinner Load Wait: (Sync) - ICar.support.WaitUtils.waitForSpinner(WaitUtils.java:225)</small> </font> </div>
<div class="test-event"> <font color="maroon"> <small> &emsp; &emsp;--- 04 May 23:11:41 620 - Page URL:: https://www.i-car.com/product/safety-shield-technologies</small> </font> </div>
<div class="test-event"> <font color="maroon"> <small> &emsp; &emsp;--- 04 May 23:11:41 620 - <b>0</b> - Page Load Wait: (Sync) - ICar.support.Utils.waitForPageLoad(Utils.java:109)</small> </font> </div>
<div class="test-event"> <font color="maroon"> <small> &emsp; &emsp;--- 04 May 23:11:51 664 - Element is displayed:: [[ChromeDriver: chrome on WINDOWS (2cf28825ea7a8a419a5b05b8e5d35d84)] -> xpath: //div[@class='productDetails slds-p-bottom_large']//div[contains(@class,'slds-p-bottom_medium')]]</small> </font> </div>
<div class="test-message">&emsp;Course Name : SafetyShieldTechnologies is displayed in the URL page</div>
<div class="test-message">&emsp;Successfully verified the course name for relevant link&emsp;<a href=".\ScreenShot\URL_TC001_2718257303237800.png" target="_blank" >[ScreenShot]</a></div>
<div class="test-message">&emsp;
</div>
<div class="test-message">&emsp;38. URL is : https://www.i-car.com/product/capturing-quality-photos</div>
<div class="test-event"> <font color="maroon"> <small> &emsp; &emsp;--- 04 May 23:12:00 582 - Page URL:: https://www.i-car.com/product/capturing-quality-photos</small> </font> </div>
<div class="test-event"> <font color="maroon"> <small> &emsp; &emsp;--- 04 May 23:12:00 583 - <b>0</b> - Page Load Wait: (Sync) - ICar.support.Utils.waitForPageLoad(Utils.java:109)</small> </font> </div>
<div class="test-message">&emsp;Successfully navigated to the :  https://www.i-car.com/product/capturing-quality-photos   Page&emsp;<a href=".\ScreenShot\URL_TC001_2718258197135400.png" target="_blank" >[ScreenShot]</a></div>
<div class="test-event"> <font color="maroon"> <small> &emsp; &emsp;--- 04 May 23:12:00 888 - Page URL:: https://www.i-car.com/product/capturing-quality-photos</small> </font> </div>
<div class="test-event"> <font color="maroon"> <small> &emsp; &emsp;--- 04 May 23:12:00 889 - <b>0</b> - Page Load Wait: (Sync) - ICar.support.Utils.waitForPageLoad(Utils.java:109)</small> </font> </div>
<div class="test-event"> <font color="maroon"> <small> &emsp; &emsp;--- 04 May 23:12:00 899 - Catched spinner load exception due to javascript error: {"status":32,"value":"An invalid or illegal selector was specified"}
  (Session info: chrome=124.0.6367.92)
Build info: version: '4.6.0', revision: '79f1c02ae20'
System info: os.name: 'Windows 10', os.arch: 'amd64', os.version: '10.0', java.version: '17.0.7'
Driver info: org.openqa.selenium.chrome.ChromeDriver
Command: [2cf28825ea7a8a419a5b05b8e5d35d84, findElement {using=css selector, value=div[class='slds-spinner slds-spinner_brand slds-spinner_small']>div:nth-child(2)r}]
Capabilities {acceptInsecureCerts: false, browserName: chrome, browserVersion: 124.0.6367.92, chrome: {chromedriverVersion: 124.0.6367.91 (51df0e5e17a8..., userDataDir: C:\Users\PRATHA~1.KUM\AppDa...}, fedcm:accounts: true, goog:chromeOptions: {debuggerAddress: localhost:49451}, networkConnectionEnabled: false, pageLoadStrategy: normal, platformName: WINDOWS, proxy: Proxy(), se:cdp: ws://localhost:49451/devtoo..., se:cdpVersion: 124.0.6367.92, setWindowRect: true, strictFileInteractability: false, timeouts: {implicit: 0, pageLoad: 300000, script: 30000}, unhandledPromptBehavior: dismiss and notify, webauthn:extension:credBlob: true, webauthn:extension:largeBlob: true, webauthn:extension:minPinLength: true, webauthn:extension:prf: true, webauthn:virtualAuthenticators: true}
Session ID: 2cf28825ea7a8a419a5b05b8e5d35d84</small> </font> </div>
<div class="test-event"> <font color="maroon"> <small> &emsp; &emsp;--- 04 May 23:12:00 899 - <b>0</b> - Spinner Load Wait: (Sync) - ICar.support.WaitUtils.waitForSpinner(WaitUtils.java:225)</small> </font> </div>
<div class="test-event"> <font color="maroon"> <small> &emsp; &emsp;--- 04 May 23:12:11 051 - Page URL:: https://www.i-car.com/product/capturing-quality-photos</small> </font> </div>
<div class="test-event"> <font color="maroon"> <small> &emsp; &emsp;--- 04 May 23:12:11 051 - <b>0</b> - Page Load Wait: (Sync) - ICar.support.Utils.waitForPageLoad(Utils.java:109)</small> </font> </div>
<div class="test-event"> <font color="maroon"> <small> &emsp; &emsp;--- 04 May 23:12:11 069 - Element is displayed:: [[ChromeDriver: chrome on WINDOWS (2cf28825ea7a8a419a5b05b8e5d35d84)] -> xpath: //a[contains(text(),'Back to Courses')]]</small> </font> </div>
<div class="test-event"> <font color="maroon"> <small> &emsp; &emsp;--- 04 May 23:12:18 117 - Catched spinner load exception due to javascript error: {"status":32,"value":"An invalid or illegal selector was specified"}
  (Session info: chrome=124.0.6367.92)
Build info: version: '4.6.0', revision: '79f1c02ae20'
System info: os.name: 'Windows 10', os.arch: 'amd64', os.version: '10.0', java.version: '17.0.7'
Driver info: org.openqa.selenium.chrome.ChromeDriver
Command: [2cf28825ea7a8a419a5b05b8e5d35d84, findElement {using=css selector, value=div[class='slds-spinner slds-spinner_brand slds-spinner_small']>div:nth-child(2)r}]
Capabilities {acceptInsecureCerts: false, browserName: chrome, browserVersion: 124.0.6367.92, chrome: {chromedriverVersion: 124.0.6367.91 (51df0e5e17a8..., userDataDir: C:\Users\PRATHA~1.KUM\AppDa...}, fedcm:accounts: true, goog:chromeOptions: {debuggerAddress: localhost:49451}, networkConnectionEnabled: false, pageLoadStrategy: normal, platformName: WINDOWS, proxy: Proxy(), se:cdp: ws://localhost:49451/devtoo..., se:cdpVersion: 124.0.6367.92, setWindowRect: true, strictFileInteractability: false, timeouts: {implicit: 0, pageLoad: 300000, script: 30000}, unhandledPromptBehavior: dismiss and notify, webauthn:extension:credBlob: true, webauthn:extension:largeBlob: true, webauthn:extension:minPinLength: true, webauthn:extension:prf: true, webauthn:virtualAuthenticators: true}
Session ID: 2cf28825ea7a8a419a5b05b8e5d35d84</small> </font> </div>
<div class="test-event"> <font color="maroon"> <small> &emsp; &emsp;--- 04 May 23:12:18 117 - <b>0</b> - Spinner Load Wait: (Sync) - ICar.support.WaitUtils.waitForSpinner(WaitUtils.java:225)</small> </font> </div>
<div class="test-message">&emsp;Back To Courses is displayed in the page </div>
<div class="test-message">&emsp;Successfully verified Back To Course Link&emsp;<a href=".\ScreenShot\URL_TC001_2718275741772500.png" target="_blank" >[ScreenShot]</a></div>
<div class="test-event"> <font color="maroon"> <small> &emsp; &emsp;--- 04 May 23:12:18 349 - Catched spinner load exception due to javascript error: {"status":32,"value":"An invalid or illegal selector was specified"}
  (Session info: chrome=124.0.6367.92)
Build info: version: '4.6.0', revision: '79f1c02ae20'
System info: os.name: 'Windows 10', os.arch: 'amd64', os.version: '10.0', java.version: '17.0.7'
Driver info: org.openqa.selenium.chrome.ChromeDriver
Command: [2cf28825ea7a8a419a5b05b8e5d35d84, findElement {using=css selector, value=div[class='slds-spinner slds-spinner_brand slds-spinner_small']>div:nth-child(2)r}]
Capabilities {acceptInsecureCerts: false, browserName: chrome, browserVersion: 124.0.6367.92, chrome: {chromedriverVersion: 124.0.6367.91 (51df0e5e17a8..., userDataDir: C:\Users\PRATHA~1.KUM\AppDa...}, fedcm:accounts: true, goog:chromeOptions: {debuggerAddress: localhost:49451}, networkConnectionEnabled: false, pageLoadStrategy: normal, platformName: WINDOWS, proxy: Proxy(), se:cdp: ws://localhost:49451/devtoo..., se:cdpVersion: 124.0.6367.92, setWindowRect: true, strictFileInteractability: false, timeouts: {implicit: 0, pageLoad: 300000, script: 30000}, unhandledPromptBehavior: dismiss and notify, webauthn:extension:credBlob: true, webauthn:extension:largeBlob: true, webauthn:extension:minPinLength: true, webauthn:extension:prf: true, webauthn:virtualAuthenticators: true}
Session ID: 2cf28825ea7a8a419a5b05b8e5d35d84</small> </font> </div>
<div class="test-event"> <font color="maroon"> <small> &emsp; &emsp;--- 04 May 23:12:18 349 - <b>0</b> - Spinner Load Wait: (Sync) - ICar.support.WaitUtils.waitForSpinner(WaitUtils.java:225)</small> </font> </div>
<div class="test-event"> <font color="maroon"> <small> &emsp; &emsp;--- 04 May 23:12:18 484 - Page URL:: https://www.i-car.com/product/capturing-quality-photos</small> </font> </div>
<div class="test-event"> <font color="maroon"> <small> &emsp; &emsp;--- 04 May 23:12:18 484 - <b>0</b> - Page Load Wait: (Sync) - ICar.support.Utils.waitForPageLoad(Utils.java:109)</small> </font> </div>
<div class="test-event"> <font color="maroon"> <small> &emsp; &emsp;--- 04 May 23:12:28 532 - Element is displayed:: [[ChromeDriver: chrome on WINDOWS (2cf28825ea7a8a419a5b05b8e5d35d84)] -> xpath: //div[@class='productDetails slds-p-bottom_large']//div[contains(@class,'slds-p-bottom_medium')]]</small> </font> </div>
<div class="test-message">&emsp;Course Name : CapturingQualityPhotos is displayed in the URL page</div>
<div class="test-message">&emsp;Successfully verified the course name for relevant link&emsp;<a href=".\ScreenShot\URL_TC001_2718294170125300.png" target="_blank" >[ScreenShot]</a></div>
<div class="test-message">&emsp;
</div>
<div class="test-message">&emsp;39. URL is : https://www.i-car.com/product/ford-2024-ranger-new-model-training</div>
<div class="test-event"> <font color="maroon"> <small> &emsp; &emsp;--- 04 May 23:12:37 712 - Page URL:: https://www.i-car.com/product/ford-2024-ranger-new-model-training</small> </font> </div>
<div class="test-event"> <font color="maroon"> <small> &emsp; &emsp;--- 04 May 23:12:37 712 - <b>0</b> - Page Load Wait: (Sync) - ICar.support.Utils.waitForPageLoad(Utils.java:109)</small> </font> </div>
<div class="test-message">&emsp;Successfully navigated to the :  https://www.i-car.com/product/ford-2024-ranger-new-model-training   Page&emsp;<a href=".\ScreenShot\URL_TC001_2718295326780100.png" target="_blank" >[ScreenShot]</a></div>
<div class="test-event"> <font color="maroon"> <small> &emsp; &emsp;--- 04 May 23:12:37 975 - Page URL:: https://www.i-car.com/product/ford-2024-ranger-new-model-training</small> </font> </div>
<div class="test-event"> <font color="maroon"> <small> &emsp; &emsp;--- 04 May 23:12:37 975 - <b>0</b> - Page Load Wait: (Sync) - ICar.support.Utils.waitForPageLoad(Utils.java:109)</small> </font> </div>
<div class="test-event"> <font color="maroon"> <small> &emsp; &emsp;--- 04 May 23:12:37 985 - Catched spinner load exception due to javascript error: {"status":32,"value":"An invalid or illegal selector was specified"}
  (Session info: chrome=124.0.6367.92)
Build info: version: '4.6.0', revision: '79f1c02ae20'
System info: os.name: 'Windows 10', os.arch: 'amd64', os.version: '10.0', java.version: '17.0.7'
Driver info: org.openqa.selenium.chrome.ChromeDriver
Command: [2cf28825ea7a8a419a5b05b8e5d35d84, findElement {using=css selector, value=div[class='slds-spinner slds-spinner_brand slds-spinner_small']>div:nth-child(2)r}]
Capabilities {acceptInsecureCerts: false, browserName: chrome, browserVersion: 124.0.6367.92, chrome: {chromedriverVersion: 124.0.6367.91 (51df0e5e17a8..., userDataDir: C:\Users\PRATHA~1.KUM\AppDa...}, fedcm:accounts: true, goog:chromeOptions: {debuggerAddress: localhost:49451}, networkConnectionEnabled: false, pageLoadStrategy: normal, platformName: WINDOWS, proxy: Proxy(), se:cdp: ws://localhost:49451/devtoo..., se:cdpVersion: 124.0.6367.92, setWindowRect: true, strictFileInteractability: false, timeouts: {implicit: 0, pageLoad: 300000, script: 30000}, unhandledPromptBehavior: dismiss and notify, webauthn:extension:credBlob: true, webauthn:extension:largeBlob: true, webauthn:extension:minPinLength: true, webauthn:extension:prf: true, webauthn:virtualAuthenticators: true}
Session ID: 2cf28825ea7a8a419a5b05b8e5d35d84</small> </font> </div>
<div class="test-event"> <font color="maroon"> <small> &emsp; &emsp;--- 04 May 23:12:37 985 - <b>0</b> - Spinner Load Wait: (Sync) - ICar.support.WaitUtils.waitForSpinner(WaitUtils.java:225)</small> </font> </div>
<div class="test-event"> <font color="maroon"> <small> &emsp; &emsp;--- 04 May 23:12:48 073 - Page URL:: https://www.i-car.com/product/ford-2024-ranger-new-model-training</small> </font> </div>
<div class="test-event"> <font color="maroon"> <small> &emsp; &emsp;--- 04 May 23:12:48 073 - <b>0</b> - Page Load Wait: (Sync) - ICar.support.Utils.waitForPageLoad(Utils.java:109)</small> </font> </div>
<div class="test-event"> <font color="maroon"> <small> &emsp; &emsp;--- 04 May 23:12:48 093 - Element is displayed:: [[ChromeDriver: chrome on WINDOWS (2cf28825ea7a8a419a5b05b8e5d35d84)] -> xpath: //a[contains(text(),'Back to Courses')]]</small> </font> </div>
<div class="test-event"> <font color="maroon"> <small> &emsp; &emsp;--- 04 May 23:12:55 132 - Catched spinner load exception due to javascript error: {"status":32,"value":"An invalid or illegal selector was specified"}
  (Session info: chrome=124.0.6367.92)
Build info: version: '4.6.0', revision: '79f1c02ae20'
System info: os.name: 'Windows 10', os.arch: 'amd64', os.version: '10.0', java.version: '17.0.7'
Driver info: org.openqa.selenium.chrome.ChromeDriver
Command: [2cf28825ea7a8a419a5b05b8e5d35d84, findElement {using=css selector, value=div[class='slds-spinner slds-spinner_brand slds-spinner_small']>div:nth-child(2)r}]
Capabilities {acceptInsecureCerts: false, browserName: chrome, browserVersion: 124.0.6367.92, chrome: {chromedriverVersion: 124.0.6367.91 (51df0e5e17a8..., userDataDir: C:\Users\PRATHA~1.KUM\AppDa...}, fedcm:accounts: true, goog:chromeOptions: {debuggerAddress: localhost:49451}, networkConnectionEnabled: false, pageLoadStrategy: normal, platformName: WINDOWS, proxy: Proxy(), se:cdp: ws://localhost:49451/devtoo..., se:cdpVersion: 124.0.6367.92, setWindowRect: true, strictFileInteractability: false, timeouts: {implicit: 0, pageLoad: 300000, script: 30000}, unhandledPromptBehavior: dismiss and notify, webauthn:extension:credBlob: true, webauthn:extension:largeBlob: true, webauthn:extension:minPinLength: true, webauthn:extension:prf: true, webauthn:virtualAuthenticators: true}
Session ID: 2cf28825ea7a8a419a5b05b8e5d35d84</small> </font> </div>
<div class="test-event"> <font color="maroon"> <small> &emsp; &emsp;--- 04 May 23:12:55 132 - <b>0</b> - Spinner Load Wait: (Sync) - ICar.support.WaitUtils.waitForSpinner(WaitUtils.java:225)</small> </font> </div>
<div class="test-message">&emsp;Back To Courses is displayed in the page </div>
<div class="test-message">&emsp;Successfully verified Back To Course Link&emsp;<a href=".\ScreenShot\URL_TC001_2718312759289500.png" target="_blank" >[ScreenShot]</a></div>
<div class="test-event"> <font color="maroon"> <small> &emsp; &emsp;--- 04 May 23:12:55 409 - Catched spinner load exception due to javascript error: {"status":32,"value":"An invalid or illegal selector was specified"}
  (Session info: chrome=124.0.6367.92)
Build info: version: '4.6.0', revision: '79f1c02ae20'
System info: os.name: 'Windows 10', os.arch: 'amd64', os.version: '10.0', java.version: '17.0.7'
Driver info: org.openqa.selenium.chrome.ChromeDriver
Command: [2cf28825ea7a8a419a5b05b8e5d35d84, findElement {using=css selector, value=div[class='slds-spinner slds-spinner_brand slds-spinner_small']>div:nth-child(2)r}]
Capabilities {acceptInsecureCerts: false, browserName: chrome, browserVersion: 124.0.6367.92, chrome: {chromedriverVersion: 124.0.6367.91 (51df0e5e17a8..., userDataDir: C:\Users\PRATHA~1.KUM\AppDa...}, fedcm:accounts: true, goog:chromeOptions: {debuggerAddress: localhost:49451}, networkConnectionEnabled: false, pageLoadStrategy: normal, platformName: WINDOWS, proxy: Proxy(), se:cdp: ws://localhost:49451/devtoo..., se:cdpVersion: 124.0.6367.92, setWindowRect: true, strictFileInteractability: false, timeouts: {implicit: 0, pageLoad: 300000, script: 30000}, unhandledPromptBehavior: dismiss and notify, webauthn:extension:credBlob: true, webauthn:extension:largeBlob: true, webauthn:extension:minPinLength: true, webauthn:extension:prf: true, webauthn:virtualAuthenticators: true}
Session ID: 2cf28825ea7a8a419a5b05b8e5d35d84</small> </font> </div>
<div class="test-event"> <font color="maroon"> <small> &emsp; &emsp;--- 04 May 23:12:55 409 - <b>0</b> - Spinner Load Wait: (Sync) - ICar.support.WaitUtils.waitForSpinner(WaitUtils.java:225)</small> </font> </div>
<div class="test-event"> <font color="maroon"> <small> &emsp; &emsp;--- 04 May 23:12:55 479 - Page URL:: https://www.i-car.com/product/ford-2024-ranger-new-model-training</small> </font> </div>
<div class="test-event"> <font color="maroon"> <small> &emsp; &emsp;--- 04 May 23:12:55 479 - <b>0</b> - Page Load Wait: (Sync) - ICar.support.Utils.waitForPageLoad(Utils.java:109)</small> </font> </div>
<div class="test-event"> <font color="maroon"> <small> &emsp; &emsp;--- 04 May 23:13:05 525 - Element is displayed:: [[ChromeDriver: chrome on WINDOWS (2cf28825ea7a8a419a5b05b8e5d35d84)] -> xpath: //div[@class='productDetails slds-p-bottom_large']//div[contains(@class,'slds-p-bottom_medium')]]</small> </font> </div>
<div class="test-message">&emsp;Course Name : Ford2024RangerNewModelTraining is displayed in the URL page</div>
<div class="test-message">&emsp;Successfully verified the course name for relevant link&emsp;<a href=".\ScreenShot\URL_TC001_2718331167063000.png" target="_blank" >[ScreenShot]</a></div>
<div class="test-message">&emsp;
</div>
<div class="test-message">&emsp;40. URL is : https://www.i-car.com/product/steering-and-suspension-diagnostics</div>
<div class="test-event"> <font color="maroon"> <small> &emsp; &emsp;--- 04 May 23:13:14 711 - Page URL:: https://www.i-car.com/product/steering-and-suspension-diagnostics</small> </font> </div>
<div class="test-event"> <font color="maroon"> <small> &emsp; &emsp;--- 04 May 23:13:14 711 - <b>0</b> - Page Load Wait: (Sync) - ICar.support.Utils.waitForPageLoad(Utils.java:109)</small> </font> </div>
<div class="test-message">&emsp;Successfully navigated to the :  https://www.i-car.com/product/steering-and-suspension-diagnostics   Page&emsp;<a href=".\ScreenShot\URL_TC001_2718332325032000.png" target="_blank" >[ScreenShot]</a></div>
<div class="test-event"> <font color="maroon"> <small> &emsp; &emsp;--- 04 May 23:13:15 005 - Page URL:: https://www.i-car.com/product/steering-and-suspension-diagnostics</small> </font> </div>
<div class="test-event"> <font color="maroon"> <small> &emsp; &emsp;--- 04 May 23:13:15 005 - <b>0</b> - Page Load Wait: (Sync) - ICar.support.Utils.waitForPageLoad(Utils.java:109)</small> </font> </div>
<div class="test-event"> <font color="maroon"> <small> &emsp; &emsp;--- 04 May 23:13:15 014 - Catched spinner load exception due to javascript error: {"status":32,"value":"An invalid or illegal selector was specified"}
  (Session info: chrome=124.0.6367.92)
Build info: version: '4.6.0', revision: '79f1c02ae20'
System info: os.name: 'Windows 10', os.arch: 'amd64', os.version: '10.0', java.version: '17.0.7'
Driver info: org.openqa.selenium.chrome.ChromeDriver
Command: [2cf28825ea7a8a419a5b05b8e5d35d84, findElement {using=css selector, value=div[class='slds-spinner slds-spinner_brand slds-spinner_small']>div:nth-child(2)r}]
Capabilities {acceptInsecureCerts: false, browserName: chrome, browserVersion: 124.0.6367.92, chrome: {chromedriverVersion: 124.0.6367.91 (51df0e5e17a8..., userDataDir: C:\Users\PRATHA~1.KUM\AppDa...}, fedcm:accounts: true, goog:chromeOptions: {debuggerAddress: localhost:49451}, networkConnectionEnabled: false, pageLoadStrategy: normal, platformName: WINDOWS, proxy: Proxy(), se:cdp: ws://localhost:49451/devtoo..., se:cdpVersion: 124.0.6367.92, setWindowRect: true, strictFileInteractability: false, timeouts: {implicit: 0, pageLoad: 300000, script: 30000}, unhandledPromptBehavior: dismiss and notify, webauthn:extension:credBlob: true, webauthn:extension:largeBlob: true, webauthn:extension:minPinLength: true, webauthn:extension:prf: true, webauthn:virtualAuthenticators: true}
Session ID: 2cf28825ea7a8a419a5b05b8e5d35d84</small> </font> </div>
<div class="test-event"> <font color="maroon"> <small> &emsp; &emsp;--- 04 May 23:13:15 014 - <b>0</b> - Spinner Load Wait: (Sync) - ICar.support.WaitUtils.waitForSpinner(WaitUtils.java:225)</small> </font> </div>
<div class="test-event"> <font color="maroon"> <small> &emsp; &emsp;--- 04 May 23:13:25 113 - Page URL:: https://www.i-car.com/product/steering-and-suspension-diagnostics</small> </font> </div>
<div class="test-event"> <font color="maroon"> <small> &emsp; &emsp;--- 04 May 23:13:25 113 - <b>0</b> - Page Load Wait: (Sync) - ICar.support.Utils.waitForPageLoad(Utils.java:109)</small> </font> </div>
<div class="test-event"> <font color="maroon"> <small> &emsp; &emsp;--- 04 May 23:13:25 132 - Element is displayed:: [[ChromeDriver: chrome on WINDOWS (2cf28825ea7a8a419a5b05b8e5d35d84)] -> xpath: //a[contains(text(),'Back to Courses')]]</small> </font> </div>
<div class="test-event"> <font color="maroon"> <small> &emsp; &emsp;--- 04 May 23:13:32 177 - Catched spinner load exception due to javascript error: {"status":32,"value":"An invalid or illegal selector was specified"}
  (Session info: chrome=124.0.6367.92)
Build info: version: '4.6.0', revision: '79f1c02ae20'
System info: os.name: 'Windows 10', os.arch: 'amd64', os.version: '10.0', java.version: '17.0.7'
Driver info: org.openqa.selenium.chrome.ChromeDriver
Command: [2cf28825ea7a8a419a5b05b8e5d35d84, findElement {using=css selector, value=div[class='slds-spinner slds-spinner_brand slds-spinner_small']>div:nth-child(2)r}]
Capabilities {acceptInsecureCerts: false, browserName: chrome, browserVersion: 124.0.6367.92, chrome: {chromedriverVersion: 124.0.6367.91 (51df0e5e17a8..., userDataDir: C:\Users\PRATHA~1.KUM\AppDa...}, fedcm:accounts: true, goog:chromeOptions: {debuggerAddress: localhost:49451}, networkConnectionEnabled: false, pageLoadStrategy: normal, platformName: WINDOWS, proxy: Proxy(), se:cdp: ws://localhost:49451/devtoo..., se:cdpVersion: 124.0.6367.92, setWindowRect: true, strictFileInteractability: false, timeouts: {implicit: 0, pageLoad: 300000, script: 30000}, unhandledPromptBehavior: dismiss and notify, webauthn:extension:credBlob: true, webauthn:extension:largeBlob: true, webauthn:extension:minPinLength: true, webauthn:extension:prf: true, webauthn:virtualAuthenticators: true}
Session ID: 2cf28825ea7a8a419a5b05b8e5d35d84</small> </font> </div>
<div class="test-event"> <font color="maroon"> <small> &emsp; &emsp;--- 04 May 23:13:32 177 - <b>0</b> - Spinner Load Wait: (Sync) - ICar.support.WaitUtils.waitForSpinner(WaitUtils.java:225)</small> </font> </div>
<div class="test-message">&emsp;Back To Courses is displayed in the page </div>
<div class="test-message">&emsp;Successfully verified Back To Course Link&emsp;<a href=".\ScreenShot\URL_TC001_2718349804624200.png" target="_blank" >[ScreenShot]</a></div>
<div class="test-event"> <font color="maroon"> <small> &emsp; &emsp;--- 04 May 23:13:32 425 - Catched spinner load exception due to javascript error: {"status":32,"value":"An invalid or illegal selector was specified"}
  (Session info: chrome=124.0.6367.92)
Build info: version: '4.6.0', revision: '79f1c02ae20'
System info: os.name: 'Windows 10', os.arch: 'amd64', os.version: '10.0', java.version: '17.0.7'
Driver info: org.openqa.selenium.chrome.ChromeDriver
Command: [2cf28825ea7a8a419a5b05b8e5d35d84, findElement {using=css selector, value=div[class='slds-spinner slds-spinner_brand slds-spinner_small']>div:nth-child(2)r}]
Capabilities {acceptInsecureCerts: false, browserName: chrome, browserVersion: 124.0.6367.92, chrome: {chromedriverVersion: 124.0.6367.91 (51df0e5e17a8..., userDataDir: C:\Users\PRATHA~1.KUM\AppDa...}, fedcm:accounts: true, goog:chromeOptions: {debuggerAddress: localhost:49451}, networkConnectionEnabled: false, pageLoadStrategy: normal, platformName: WINDOWS, proxy: Proxy(), se:cdp: ws://localhost:49451/devtoo..., se:cdpVersion: 124.0.6367.92, setWindowRect: true, strictFileInteractability: false, timeouts: {implicit: 0, pageLoad: 300000, script: 30000}, unhandledPromptBehavior: dismiss and notify, webauthn:extension:credBlob: true, webauthn:extension:largeBlob: true, webauthn:extension:minPinLength: true, webauthn:extension:prf: true, webauthn:virtualAuthenticators: true}
Session ID: 2cf28825ea7a8a419a5b05b8e5d35d84</small> </font> </div>
<div class="test-event"> <font color="maroon"> <small> &emsp; &emsp;--- 04 May 23:13:32 425 - <b>0</b> - Spinner Load Wait: (Sync) - ICar.support.WaitUtils.waitForSpinner(WaitUtils.java:225)</small> </font> </div>
<div class="test-event"> <font color="maroon"> <small> &emsp; &emsp;--- 04 May 23:13:32 511 - Page URL:: https://www.i-car.com/product/steering-and-suspension-diagnostics</small> </font> </div>
<div class="test-event"> <font color="maroon"> <small> &emsp; &emsp;--- 04 May 23:13:32 511 - <b>0</b> - Page Load Wait: (Sync) - ICar.support.Utils.waitForPageLoad(Utils.java:109)</small> </font> </div>
<div class="test-event"> <font color="maroon"> <small> &emsp; &emsp;--- 04 May 23:13:42 557 - Element is displayed:: [[ChromeDriver: chrome on WINDOWS (2cf28825ea7a8a419a5b05b8e5d35d84)] -> xpath: //div[@class='productDetails slds-p-bottom_large']//div[contains(@class,'slds-p-bottom_medium')]]</small> </font> </div>
<div class="test-message">&emsp;Course Name : SteeringandSuspensionDiagnostics is displayed in the URL page</div>
<div class="test-message">&emsp;Successfully verified the course name for relevant link&emsp;<a href=".\ScreenShot\URL_TC001_2718368193106400.png" target="_blank" >[ScreenShot]</a></div>
<div class="test-message">&emsp;
</div>
<div class="test-message">&emsp;41. URL is : https://www.i-car.com/product/basic-disassembly-and-damage-analysis-discovery</div>
<div class="test-event"> <font color="maroon"> <small> &emsp; &emsp;--- 04 May 23:13:51 754 - Page URL:: https://www.i-car.com/product/basic-disassembly-and-damage-analysis-discovery</small> </font> </div>
<div class="test-event"> <font color="maroon"> <small> &emsp; &emsp;--- 04 May 23:13:51 754 - <b>0</b> - Page Load Wait: (Sync) - ICar.support.Utils.waitForPageLoad(Utils.java:109)</small> </font> </div>
<div class="test-message">&emsp;Successfully navigated to the :  https://www.i-car.com/product/basic-disassembly-and-damage-analysis-discovery   Page&emsp;<a href=".\ScreenShot\URL_TC001_2718369368455000.png" target="_blank" >[ScreenShot]</a></div>
<div class="test-event"> <font color="maroon"> <small> &emsp; &emsp;--- 04 May 23:13:52 015 - Page URL:: https://www.i-car.com/product/basic-disassembly-and-damage-analysis-discovery</small> </font> </div>
<div class="test-event"> <font color="maroon"> <small> &emsp; &emsp;--- 04 May 23:13:52 015 - <b>0</b> - Page Load Wait: (Sync) - ICar.support.Utils.waitForPageLoad(Utils.java:109)</small> </font> </div>
<div class="test-event"> <font color="maroon"> <small> &emsp; &emsp;--- 04 May 23:13:52 024 - Catched spinner load exception due to javascript error: {"status":32,"value":"An invalid or illegal selector was specified"}
  (Session info: chrome=124.0.6367.92)
Build info: version: '4.6.0', revision: '79f1c02ae20'
System info: os.name: 'Windows 10', os.arch: 'amd64', os.version: '10.0', java.version: '17.0.7'
Driver info: org.openqa.selenium.chrome.ChromeDriver
Command: [2cf28825ea7a8a419a5b05b8e5d35d84, findElement {using=css selector, value=div[class='slds-spinner slds-spinner_brand slds-spinner_small']>div:nth-child(2)r}]
Capabilities {acceptInsecureCerts: false, browserName: chrome, browserVersion: 124.0.6367.92, chrome: {chromedriverVersion: 124.0.6367.91 (51df0e5e17a8..., userDataDir: C:\Users\PRATHA~1.KUM\AppDa...}, fedcm:accounts: true, goog:chromeOptions: {debuggerAddress: localhost:49451}, networkConnectionEnabled: false, pageLoadStrategy: normal, platformName: WINDOWS, proxy: Proxy(), se:cdp: ws://localhost:49451/devtoo..., se:cdpVersion: 124.0.6367.92, setWindowRect: true, strictFileInteractability: false, timeouts: {implicit: 0, pageLoad: 300000, script: 30000}, unhandledPromptBehavior: dismiss and notify, webauthn:extension:credBlob: true, webauthn:extension:largeBlob: true, webauthn:extension:minPinLength: true, webauthn:extension:prf: true, webauthn:virtualAuthenticators: true}
Session ID: 2cf28825ea7a8a419a5b05b8e5d35d84</small> </font> </div>
<div class="test-event"> <font color="maroon"> <small> &emsp; &emsp;--- 04 May 23:13:52 024 - <b>0</b> - Spinner Load Wait: (Sync) - ICar.support.WaitUtils.waitForSpinner(WaitUtils.java:225)</small> </font> </div>
<div class="test-message">&emsp;Error while verifying the URL page  : no such element: Unable to locate element: {"method":"xpath","selector":"//a[contains(text(),'Back to Courses')]"}
  (Session info: chrome=124.0.6367.92)
For documentation on this error, please visit: https://selenium.dev/exceptions/#no_such_element
Build info: version: '4.6.0', revision: '79f1c02ae20'
System info: os.name: 'Windows 10', os.arch: 'amd64', os.version: '10.0', java.version: '17.0.7'
Driver info: org.openqa.selenium.chrome.ChromeDriver
Command: [2cf28825ea7a8a419a5b05b8e5d35d84, findElement {using=xpath, value=//a[contains(text(),'Back to Courses')]}]
Capabilities {acceptInsecureCerts: false, browserName: chrome, browserVersion: 124.0.6367.92, chrome: {chromedriverVersion: 124.0.6367.91 (51df0e5e17a8..., userDataDir: C:\Users\PRATHA~1.KUM\AppDa...}, fedcm:accounts: true, goog:chromeOptions: {debuggerAddress: localhost:49451}, networkConnectionEnabled: false, pageLoadStrategy: normal, platformName: WINDOWS, proxy: Proxy(), se:cdp: ws://localhost:49451/devtoo..., se:cdpVersion: 124.0.6367.92, setWindowRect: true, strictFileInteractability: false, timeouts: {implicit: 0, pageLoad: 300000, script: 30000}, unhandledPromptBehavior: dismiss and notify, webauthn:extension:credBlob: true, webauthn:extension:largeBlob: true, webauthn:extension:minPinLength: true, webauthn:extension:prf: true, webauthn:virtualAuthenticators: true}
Session ID: 2cf28825ea7a8a419a5b05b8e5d35d84</div>
<div class="test-result"><font color="red">&emsp;Failed to verify Back To Course Link</font><a href=".\ScreenShot\URL_TC001_2718379654246400.png" target="_blank" >[ScreenShot]</a></div>
<!--FAILSOFT-->
<div class="test-event"> <font color="maroon"> <small> &emsp; &emsp;--- 04 May 23:14:02 209 - Catched spinner load exception due to javascript error: {"status":32,"value":"An invalid or illegal selector was specified"}
  (Session info: chrome=124.0.6367.92)
Build info: version: '4.6.0', revision: '79f1c02ae20'
System info: os.name: 'Windows 10', os.arch: 'amd64', os.version: '10.0', java.version: '17.0.7'
Driver info: org.openqa.selenium.chrome.ChromeDriver
Command: [2cf28825ea7a8a419a5b05b8e5d35d84, findElement {using=css selector, value=div[class='slds-spinner slds-spinner_brand slds-spinner_small']>div:nth-child(2)r}]
Capabilities {acceptInsecureCerts: false, browserName: chrome, browserVersion: 124.0.6367.92, chrome: {chromedriverVersion: 124.0.6367.91 (51df0e5e17a8..., userDataDir: C:\Users\PRATHA~1.KUM\AppDa...}, fedcm:accounts: true, goog:chromeOptions: {debuggerAddress: localhost:49451}, networkConnectionEnabled: false, pageLoadStrategy: normal, platformName: WINDOWS, proxy: Proxy(), se:cdp: ws://localhost:49451/devtoo..., se:cdpVersion: 124.0.6367.92, setWindowRect: true, strictFileInteractability: false, timeouts: {implicit: 0, pageLoad: 300000, script: 30000}, unhandledPromptBehavior: dismiss and notify, webauthn:extension:credBlob: true, webauthn:extension:largeBlob: true, webauthn:extension:minPinLength: true, webauthn:extension:prf: true, webauthn:virtualAuthenticators: true}
Session ID: 2cf28825ea7a8a419a5b05b8e5d35d84</small> </font> </div>
<div class="test-event"> <font color="maroon"> <small> &emsp; &emsp;--- 04 May 23:14:02 209 - <b>0</b> - Spinner Load Wait: (Sync) - ICar.support.WaitUtils.waitForSpinner(WaitUtils.java:225)</small> </font> </div>
<div class="test-event"> <font color="maroon"> <small> &emsp; &emsp;--- 04 May 23:14:02 271 - Page URL:: https://www.i-car.com/product/basic-disassembly-and-damage-analysis-discovery</small> </font> </div>
<div class="test-event"> <font color="maroon"> <small> &emsp; &emsp;--- 04 May 23:14:02 271 - <b>0</b> - Page Load Wait: (Sync) - ICar.support.Utils.waitForPageLoad(Utils.java:109)</small> </font> </div>
<div class="test-event"> <font color="maroon"> <small> &emsp; &emsp;--- 04 May 23:15:40 759 - Unable to find an element after 20 sec ==> Proxy element for: AjaxElementLocator 'By.xpath: //div[@class='productDetails slds-p-bottom_large']//div[contains(@class,'slds-p-bottom_medium')]'</small> </font> </div>
<div class="test-message">&emsp;Course Name : null is not displayed in the URL page</div>
<div class="test-message">&emsp;Error while verifying the 'Course Name' in the URL page : Timed out after 3 seconds. Unable to locate the element</div>
<div class="test-result"><font color="red">&emsp;Failed to verify the course name for relevant link</font><a href=".\ScreenShot\URL_TC001_2718481585937300.png" target="_blank" >[ScreenShot]</a></div>
<!--FAILSOFT-->
<div class="test-message">&emsp;
</div>
<div class="test-message">&emsp;42. URL is : https://www.i-car.com/product/chief-mi200t-spot-welder-setup-and-operation</div>
<div class="test-event"> <font color="maroon"> <small> &emsp; &emsp;--- 04 May 23:15:45 108 - Page URL:: https://www.i-car.com/product/chief-mi200t-spot-welder-setup-and-operation</small> </font> </div>
<div class="test-event"> <font color="maroon"> <small> &emsp; &emsp;--- 04 May 23:15:45 108 - <b>0</b> - Page Load Wait: (Sync) - ICar.support.Utils.waitForPageLoad(Utils.java:109)</small> </font> </div>
<div class="test-message">&emsp;Successfully navigated to the :  https://www.i-car.com/product/chief-mi200t-spot-welder-setup-and-operation   Page&emsp;<a href=".\ScreenShot\URL_TC001_2718482722358300.png" target="_blank" >[ScreenShot]</a></div>
<div class="test-event"> <font color="maroon"> <small> &emsp; &emsp;--- 04 May 23:15:45 408 - Page URL:: https://www.i-car.com/product/chief-mi200t-spot-welder-setup-and-operation</small> </font> </div>
<div class="test-event"> <font color="maroon"> <small> &emsp; &emsp;--- 04 May 23:15:45 408 - <b>0</b> - Page Load Wait: (Sync) - ICar.support.Utils.waitForPageLoad(Utils.java:109)</small> </font> </div>
<div class="test-event"> <font color="maroon"> <small> &emsp; &emsp;--- 04 May 23:15:45 418 - Catched spinner load exception due to javascript error: {"status":32,"value":"An invalid or illegal selector was specified"}
  (Session info: chrome=124.0.6367.92)
Build info: version: '4.6.0', revision: '79f1c02ae20'
System info: os.name: 'Windows 10', os.arch: 'amd64', os.version: '10.0', java.version: '17.0.7'
Driver info: org.openqa.selenium.chrome.ChromeDriver
Command: [2cf28825ea7a8a419a5b05b8e5d35d84, findElement {using=css selector, value=div[class='slds-spinner slds-spinner_brand slds-spinner_small']>div:nth-child(2)r}]
Capabilities {acceptInsecureCerts: false, browserName: chrome, browserVersion: 124.0.6367.92, chrome: {chromedriverVersion: 124.0.6367.91 (51df0e5e17a8..., userDataDir: C:\Users\PRATHA~1.KUM\AppDa...}, fedcm:accounts: true, goog:chromeOptions: {debuggerAddress: localhost:49451}, networkConnectionEnabled: false, pageLoadStrategy: normal, platformName: WINDOWS, proxy: Proxy(), se:cdp: ws://localhost:49451/devtoo..., se:cdpVersion: 124.0.6367.92, setWindowRect: true, strictFileInteractability: false, timeouts: {implicit: 0, pageLoad: 300000, script: 30000}, unhandledPromptBehavior: dismiss and notify, webauthn:extension:credBlob: true, webauthn:extension:largeBlob: true, webauthn:extension:minPinLength: true, webauthn:extension:prf: true, webauthn:virtualAuthenticators: true}
Session ID: 2cf28825ea7a8a419a5b05b8e5d35d84</small> </font> </div>
<div class="test-event"> <font color="maroon"> <small> &emsp; &emsp;--- 04 May 23:15:45 418 - <b>0</b> - Spinner Load Wait: (Sync) - ICar.support.WaitUtils.waitForSpinner(WaitUtils.java:225)</small> </font> </div>
<div class="test-event"> <font color="maroon"> <small> &emsp; &emsp;--- 04 May 23:15:55 499 - Page URL:: https://www.i-car.com/product/chief-mi200t-spot-welder-setup-and-operation</small> </font> </div>
<div class="test-event"> <font color="maroon"> <small> &emsp; &emsp;--- 04 May 23:15:55 499 - <b>0</b> - Page Load Wait: (Sync) - ICar.support.Utils.waitForPageLoad(Utils.java:109)</small> </font> </div>
<div class="test-event"> <font color="maroon"> <small> &emsp; &emsp;--- 04 May 23:15:55 525 - Element is displayed:: [[ChromeDriver: chrome on WINDOWS (2cf28825ea7a8a419a5b05b8e5d35d84)] -> xpath: //a[contains(text(),'Back to Courses')]]</small> </font> </div>
<div class="test-event"> <font color="maroon"> <small> &emsp; &emsp;--- 04 May 23:16:02 557 - Catched spinner load exception due to javascript error: {"status":32,"value":"An invalid or illegal selector was specified"}
  (Session info: chrome=124.0.6367.92)
Build info: version: '4.6.0', revision: '79f1c02ae20'
System info: os.name: 'Windows 10', os.arch: 'amd64', os.version: '10.0', java.version: '17.0.7'
Driver info: org.openqa.selenium.chrome.ChromeDriver
Command: [2cf28825ea7a8a419a5b05b8e5d35d84, findElement {using=css selector, value=div[class='slds-spinner slds-spinner_brand slds-spinner_small']>div:nth-child(2)r}]
Capabilities {acceptInsecureCerts: false, browserName: chrome, browserVersion: 124.0.6367.92, chrome: {chromedriverVersion: 124.0.6367.91 (51df0e5e17a8..., userDataDir: C:\Users\PRATHA~1.KUM\AppDa...}, fedcm:accounts: true, goog:chromeOptions: {debuggerAddress: localhost:49451}, networkConnectionEnabled: false, pageLoadStrategy: normal, platformName: WINDOWS, proxy: Proxy(), se:cdp: ws://localhost:49451/devtoo..., se:cdpVersion: 124.0.6367.92, setWindowRect: true, strictFileInteractability: false, timeouts: {implicit: 0, pageLoad: 300000, script: 30000}, unhandledPromptBehavior: dismiss and notify, webauthn:extension:credBlob: true, webauthn:extension:largeBlob: true, webauthn:extension:minPinLength: true, webauthn:extension:prf: true, webauthn:virtualAuthenticators: true}
Session ID: 2cf28825ea7a8a419a5b05b8e5d35d84</small> </font> </div>
<div class="test-event"> <font color="maroon"> <small> &emsp; &emsp;--- 04 May 23:16:02 557 - <b>0</b> - Spinner Load Wait: (Sync) - ICar.support.WaitUtils.waitForSpinner(WaitUtils.java:225)</small> </font> </div>
<div class="test-message">&emsp;Back To Courses is displayed in the page </div>
<div class="test-message">&emsp;Successfully verified Back To Course Link&emsp;<a href=".\ScreenShot\URL_TC001_2718500185018700.png" target="_blank" >[ScreenShot]</a></div>
<div class="test-event"> <font color="maroon"> <small> &emsp; &emsp;--- 04 May 23:16:02 807 - Catched spinner load exception due to javascript error: {"status":32,"value":"An invalid or illegal selector was specified"}
  (Session info: chrome=124.0.6367.92)
Build info: version: '4.6.0', revision: '79f1c02ae20'
System info: os.name: 'Windows 10', os.arch: 'amd64', os.version: '10.0', java.version: '17.0.7'
Driver info: org.openqa.selenium.chrome.ChromeDriver
Command: [2cf28825ea7a8a419a5b05b8e5d35d84, findElement {using=css selector, value=div[class='slds-spinner slds-spinner_brand slds-spinner_small']>div:nth-child(2)r}]
Capabilities {acceptInsecureCerts: false, browserName: chrome, browserVersion: 124.0.6367.92, chrome: {chromedriverVersion: 124.0.6367.91 (51df0e5e17a8..., userDataDir: C:\Users\PRATHA~1.KUM\AppDa...}, fedcm:accounts: true, goog:chromeOptions: {debuggerAddress: localhost:49451}, networkConnectionEnabled: false, pageLoadStrategy: normal, platformName: WINDOWS, proxy: Proxy(), se:cdp: ws://localhost:49451/devtoo..., se:cdpVersion: 124.0.6367.92, setWindowRect: true, strictFileInteractability: false, timeouts: {implicit: 0, pageLoad: 300000, script: 30000}, unhandledPromptBehavior: dismiss and notify, webauthn:extension:credBlob: true, webauthn:extension:largeBlob: true, webauthn:extension:minPinLength: true, webauthn:extension:prf: true, webauthn:virtualAuthenticators: true}
Session ID: 2cf28825ea7a8a419a5b05b8e5d35d84</small> </font> </div>
<div class="test-event"> <font color="maroon"> <small> &emsp; &emsp;--- 04 May 23:16:02 807 - <b>0</b> - Spinner Load Wait: (Sync) - ICar.support.WaitUtils.waitForSpinner(WaitUtils.java:225)</small> </font> </div>
<div class="test-event"> <font color="maroon"> <small> &emsp; &emsp;--- 04 May 23:16:02 872 - Page URL:: https://www.i-car.com/product/chief-mi200t-spot-welder-setup-and-operation</small> </font> </div>
<div class="test-event"> <font color="maroon"> <small> &emsp; &emsp;--- 04 May 23:16:02 872 - <b>0</b> - Page Load Wait: (Sync) - ICar.support.Utils.waitForPageLoad(Utils.java:109)</small> </font> </div>
<div class="test-event"> <font color="maroon"> <small> &emsp; &emsp;--- 04 May 23:16:12 924 - Element is displayed:: [[ChromeDriver: chrome on WINDOWS (2cf28825ea7a8a419a5b05b8e5d35d84)] -> xpath: //div[@class='productDetails slds-p-bottom_large']//div[contains(@class,'slds-p-bottom_medium')]]</small> </font> </div>
<div class="test-message">&emsp;Course Name : ChiefMI200TSpotWelderSetupandOperation is displayed in the URL page</div>
<div class="test-message">&emsp;Successfully verified the course name for relevant link&emsp;<a href=".\ScreenShot\URL_TC001_2718518566403700.png" target="_blank" >[ScreenShot]</a></div>
<div class="test-message">&emsp;
</div>
<div class="test-message">&emsp;43. URL is : https://www.i-car.com/product/training-and-certification-steel-sectioning</div>
<div class="test-event"> <font color="maroon"> <small> &emsp; &emsp;--- 04 May 23:16:21 870 - Page URL:: https://www.i-car.com/product/training-and-certification-steel-sectioning</small> </font> </div>
<div class="test-event"> <font color="maroon"> <small> &emsp; &emsp;--- 04 May 23:16:21 870 - <b>0</b> - Page Load Wait: (Sync) - ICar.support.Utils.waitForPageLoad(Utils.java:109)</small> </font> </div>
<div class="test-message">&emsp;Successfully navigated to the :  https://www.i-car.com/product/training-and-certification-steel-sectioning   Page&emsp;<a href=".\ScreenShot\URL_TC001_2718519484010700.png" target="_blank" >[ScreenShot]</a></div>
<div class="test-event"> <font color="maroon"> <small> &emsp; &emsp;--- 04 May 23:16:22 154 - Page URL:: https://www.i-car.com/product/training-and-certification-steel-sectioning</small> </font> </div>
<div class="test-event"> <font color="maroon"> <small> &emsp; &emsp;--- 04 May 23:16:22 155 - <b>0</b> - Page Load Wait: (Sync) - ICar.support.Utils.waitForPageLoad(Utils.java:109)</small> </font> </div>
<div class="test-event"> <font color="maroon"> <small> &emsp; &emsp;--- 04 May 23:16:22 163 - Catched spinner load exception due to javascript error: {"status":32,"value":"An invalid or illegal selector was specified"}
  (Session info: chrome=124.0.6367.92)
Build info: version: '4.6.0', revision: '79f1c02ae20'
System info: os.name: 'Windows 10', os.arch: 'amd64', os.version: '10.0', java.version: '17.0.7'
Driver info: org.openqa.selenium.chrome.ChromeDriver
Command: [2cf28825ea7a8a419a5b05b8e5d35d84, findElement {using=css selector, value=div[class='slds-spinner slds-spinner_brand slds-spinner_small']>div:nth-child(2)r}]
Capabilities {acceptInsecureCerts: false, browserName: chrome, browserVersion: 124.0.6367.92, chrome: {chromedriverVersion: 124.0.6367.91 (51df0e5e17a8..., userDataDir: C:\Users\PRATHA~1.KUM\AppDa...}, fedcm:accounts: true, goog:chromeOptions: {debuggerAddress: localhost:49451}, networkConnectionEnabled: false, pageLoadStrategy: normal, platformName: WINDOWS, proxy: Proxy(), se:cdp: ws://localhost:49451/devtoo..., se:cdpVersion: 124.0.6367.92, setWindowRect: true, strictFileInteractability: false, timeouts: {implicit: 0, pageLoad: 300000, script: 30000}, unhandledPromptBehavior: dismiss and notify, webauthn:extension:credBlob: true, webauthn:extension:largeBlob: true, webauthn:extension:minPinLength: true, webauthn:extension:prf: true, webauthn:virtualAuthenticators: true}
Session ID: 2cf28825ea7a8a419a5b05b8e5d35d84</small> </font> </div>
<div class="test-event"> <font color="maroon"> <small> &emsp; &emsp;--- 04 May 23:16:22 163 - <b>0</b> - Spinner Load Wait: (Sync) - ICar.support.WaitUtils.waitForSpinner(WaitUtils.java:225)</small> </font> </div>
<div class="test-event"> <font color="maroon"> <small> &emsp; &emsp;--- 04 May 23:16:32 246 - Page URL:: https://www.i-car.com/product/training-and-certification-steel-sectioning</small> </font> </div>
<div class="test-event"> <font color="maroon"> <small> &emsp; &emsp;--- 04 May 23:16:32 246 - <b>0</b> - Page Load Wait: (Sync) - ICar.support.Utils.waitForPageLoad(Utils.java:109)</small> </font> </div>
<div class="test-event"> <font color="maroon"> <small> &emsp; &emsp;--- 04 May 23:16:32 263 - Element is displayed:: [[ChromeDriver: chrome on WINDOWS (2cf28825ea7a8a419a5b05b8e5d35d84)] -> xpath: //a[contains(text(),'Back to Courses')]]</small> </font> </div>
<div class="test-event"> <font color="maroon"> <small> &emsp; &emsp;--- 04 May 23:16:39 302 - Catched spinner load exception due to javascript error: {"status":32,"value":"An invalid or illegal selector was specified"}
  (Session info: chrome=124.0.6367.92)
Build info: version: '4.6.0', revision: '79f1c02ae20'
System info: os.name: 'Windows 10', os.arch: 'amd64', os.version: '10.0', java.version: '17.0.7'
Driver info: org.openqa.selenium.chrome.ChromeDriver
Command: [2cf28825ea7a8a419a5b05b8e5d35d84, findElement {using=css selector, value=div[class='slds-spinner slds-spinner_brand slds-spinner_small']>div:nth-child(2)r}]
Capabilities {acceptInsecureCerts: false, browserName: chrome, browserVersion: 124.0.6367.92, chrome: {chromedriverVersion: 124.0.6367.91 (51df0e5e17a8..., userDataDir: C:\Users\PRATHA~1.KUM\AppDa...}, fedcm:accounts: true, goog:chromeOptions: {debuggerAddress: localhost:49451}, networkConnectionEnabled: false, pageLoadStrategy: normal, platformName: WINDOWS, proxy: Proxy(), se:cdp: ws://localhost:49451/devtoo..., se:cdpVersion: 124.0.6367.92, setWindowRect: true, strictFileInteractability: false, timeouts: {implicit: 0, pageLoad: 300000, script: 30000}, unhandledPromptBehavior: dismiss and notify, webauthn:extension:credBlob: true, webauthn:extension:largeBlob: true, webauthn:extension:minPinLength: true, webauthn:extension:prf: true, webauthn:virtualAuthenticators: true}
Session ID: 2cf28825ea7a8a419a5b05b8e5d35d84</small> </font> </div>
<div class="test-event"> <font color="maroon"> <small> &emsp; &emsp;--- 04 May 23:16:39 303 - <b>0</b> - Spinner Load Wait: (Sync) - ICar.support.WaitUtils.waitForSpinner(WaitUtils.java:225)</small> </font> </div>
<div class="test-message">&emsp;Back To Courses is displayed in the page </div>
<div class="test-message">&emsp;Successfully verified Back To Course Link&emsp;<a href=".\ScreenShot\URL_TC001_2718536931309800.png" target="_blank" >[ScreenShot]</a></div>
<div class="test-event"> <font color="maroon"> <small> &emsp; &emsp;--- 04 May 23:16:39 528 - Catched spinner load exception due to javascript error: {"status":32,"value":"An invalid or illegal selector was specified"}
  (Session info: chrome=124.0.6367.92)
Build info: version: '4.6.0', revision: '79f1c02ae20'
System info: os.name: 'Windows 10', os.arch: 'amd64', os.version: '10.0', java.version: '17.0.7'
Driver info: org.openqa.selenium.chrome.ChromeDriver
Command: [2cf28825ea7a8a419a5b05b8e5d35d84, findElement {using=css selector, value=div[class='slds-spinner slds-spinner_brand slds-spinner_small']>div:nth-child(2)r}]
Capabilities {acceptInsecureCerts: false, browserName: chrome, browserVersion: 124.0.6367.92, chrome: {chromedriverVersion: 124.0.6367.91 (51df0e5e17a8..., userDataDir: C:\Users\PRATHA~1.KUM\AppDa...}, fedcm:accounts: true, goog:chromeOptions: {debuggerAddress: localhost:49451}, networkConnectionEnabled: false, pageLoadStrategy: normal, platformName: WINDOWS, proxy: Proxy(), se:cdp: ws://localhost:49451/devtoo..., se:cdpVersion: 124.0.6367.92, setWindowRect: true, strictFileInteractability: false, timeouts: {implicit: 0, pageLoad: 300000, script: 30000}, unhandledPromptBehavior: dismiss and notify, webauthn:extension:credBlob: true, webauthn:extension:largeBlob: true, webauthn:extension:minPinLength: true, webauthn:extension:prf: true, webauthn:virtualAuthenticators: true}
Session ID: 2cf28825ea7a8a419a5b05b8e5d35d84</small> </font> </div>
<div class="test-event"> <font color="maroon"> <small> &emsp; &emsp;--- 04 May 23:16:39 528 - <b>0</b> - Spinner Load Wait: (Sync) - ICar.support.WaitUtils.waitForSpinner(WaitUtils.java:225)</small> </font> </div>
<div class="test-event"> <font color="maroon"> <small> &emsp; &emsp;--- 04 May 23:16:39 598 - Page URL:: https://www.i-car.com/product/training-and-certification-steel-sectioning</small> </font> </div>
<div class="test-event"> <font color="maroon"> <small> &emsp; &emsp;--- 04 May 23:16:39 598 - <b>0</b> - Page Load Wait: (Sync) - ICar.support.Utils.waitForPageLoad(Utils.java:109)</small> </font> </div>
<div class="test-event"> <font color="maroon"> <small> &emsp; &emsp;--- 04 May 23:16:49 653 - Element is displayed:: [[ChromeDriver: chrome on WINDOWS (2cf28825ea7a8a419a5b05b8e5d35d84)] -> xpath: //div[@class='productDetails slds-p-bottom_large']//div[contains(@class,'slds-p-bottom_medium')]]</small> </font> </div>
<div class="test-message">&emsp;Course Name : TrainingandCertificationSteelSectioning is displayed in the URL page</div>
<div class="test-message">&emsp;Successfully verified the course name for relevant link&emsp;<a href=".\ScreenShot\URL_TC001_2718555298477500.png" target="_blank" >[ScreenShot]</a></div>
<div class="test-message">&emsp;
</div>
<div class="test-message">&emsp;44. URL is : https://www.i-car.com/product/subaru-course-package</div>
<div class="test-event"> <font color="maroon"> <small> &emsp; &emsp;--- 04 May 23:16:59 538 - Page URL:: https://www.i-car.com/product/subaru-course-package</small> </font> </div>
<div class="test-event"> <font color="maroon"> <small> &emsp; &emsp;--- 04 May 23:16:59 538 - <b>0</b> - Page Load Wait: (Sync) - ICar.support.Utils.waitForPageLoad(Utils.java:109)</small> </font> </div>
<div class="test-message">&emsp;Successfully navigated to the :  https://www.i-car.com/product/subaru-course-package   Page&emsp;<a href=".\ScreenShot\URL_TC001_2718557151799500.png" target="_blank" >[ScreenShot]</a></div>
<div class="test-event"> <font color="maroon"> <small> &emsp; &emsp;--- 04 May 23:16:59 930 - Page URL:: https://www.i-car.com/product/subaru-course-package</small> </font> </div>
<div class="test-event"> <font color="maroon"> <small> &emsp; &emsp;--- 04 May 23:16:59 930 - <b>0</b> - Page Load Wait: (Sync) - ICar.support.Utils.waitForPageLoad(Utils.java:109)</small> </font> </div>
<div class="test-event"> <font color="maroon"> <small> &emsp; &emsp;--- 04 May 23:16:59 939 - Catched spinner load exception due to javascript error: {"status":32,"value":"An invalid or illegal selector was specified"}
  (Session info: chrome=124.0.6367.92)
Build info: version: '4.6.0', revision: '79f1c02ae20'
System info: os.name: 'Windows 10', os.arch: 'amd64', os.version: '10.0', java.version: '17.0.7'
Driver info: org.openqa.selenium.chrome.ChromeDriver
Command: [2cf28825ea7a8a419a5b05b8e5d35d84, findElement {using=css selector, value=div[class='slds-spinner slds-spinner_brand slds-spinner_small']>div:nth-child(2)r}]
Capabilities {acceptInsecureCerts: false, browserName: chrome, browserVersion: 124.0.6367.92, chrome: {chromedriverVersion: 124.0.6367.91 (51df0e5e17a8..., userDataDir: C:\Users\PRATHA~1.KUM\AppDa...}, fedcm:accounts: true, goog:chromeOptions: {debuggerAddress: localhost:49451}, networkConnectionEnabled: false, pageLoadStrategy: normal, platformName: WINDOWS, proxy: Proxy(), se:cdp: ws://localhost:49451/devtoo..., se:cdpVersion: 124.0.6367.92, setWindowRect: true, strictFileInteractability: false, timeouts: {implicit: 0, pageLoad: 300000, script: 30000}, unhandledPromptBehavior: dismiss and notify, webauthn:extension:credBlob: true, webauthn:extension:largeBlob: true, webauthn:extension:minPinLength: true, webauthn:extension:prf: true, webauthn:virtualAuthenticators: true}
Session ID: 2cf28825ea7a8a419a5b05b8e5d35d84</small> </font> </div>
<div class="test-event"> <font color="maroon"> <small> &emsp; &emsp;--- 04 May 23:16:59 939 - <b>0</b> - Spinner Load Wait: (Sync) - ICar.support.WaitUtils.waitForSpinner(WaitUtils.java:225)</small> </font> </div>
<div class="test-event"> <font color="maroon"> <small> &emsp; &emsp;--- 04 May 23:17:10 040 - Page URL:: https://www.i-car.com/product/subaru-course-package</small> </font> </div>
<div class="test-event"> <font color="maroon"> <small> &emsp; &emsp;--- 04 May 23:17:10 040 - <b>0</b> - Page Load Wait: (Sync) - ICar.support.Utils.waitForPageLoad(Utils.java:109)</small> </font> </div>
<div class="test-event"> <font color="maroon"> <small> &emsp; &emsp;--- 04 May 23:17:10 061 - Element is displayed:: [[ChromeDriver: chrome on WINDOWS (2cf28825ea7a8a419a5b05b8e5d35d84)] -> xpath: //a[contains(text(),'Back to Courses')]]</small> </font> </div>
<div class="test-event"> <font color="maroon"> <small> &emsp; &emsp;--- 04 May 23:17:17 091 - Catched spinner load exception due to javascript error: {"status":32,"value":"An invalid or illegal selector was specified"}
  (Session info: chrome=124.0.6367.92)
Build info: version: '4.6.0', revision: '79f1c02ae20'
System info: os.name: 'Windows 10', os.arch: 'amd64', os.version: '10.0', java.version: '17.0.7'
Driver info: org.openqa.selenium.chrome.ChromeDriver
Command: [2cf28825ea7a8a419a5b05b8e5d35d84, findElement {using=css selector, value=div[class='slds-spinner slds-spinner_brand slds-spinner_small']>div:nth-child(2)r}]
Capabilities {acceptInsecureCerts: false, browserName: chrome, browserVersion: 124.0.6367.92, chrome: {chromedriverVersion: 124.0.6367.91 (51df0e5e17a8..., userDataDir: C:\Users\PRATHA~1.KUM\AppDa...}, fedcm:accounts: true, goog:chromeOptions: {debuggerAddress: localhost:49451}, networkConnectionEnabled: false, pageLoadStrategy: normal, platformName: WINDOWS, proxy: Proxy(), se:cdp: ws://localhost:49451/devtoo..., se:cdpVersion: 124.0.6367.92, setWindowRect: true, strictFileInteractability: false, timeouts: {implicit: 0, pageLoad: 300000, script: 30000}, unhandledPromptBehavior: dismiss and notify, webauthn:extension:credBlob: true, webauthn:extension:largeBlob: true, webauthn:extension:minPinLength: true, webauthn:extension:prf: true, webauthn:virtualAuthenticators: true}
Session ID: 2cf28825ea7a8a419a5b05b8e5d35d84</small> </font> </div>
<div class="test-event"> <font color="maroon"> <small> &emsp; &emsp;--- 04 May 23:17:17 091 - <b>0</b> - Spinner Load Wait: (Sync) - ICar.support.WaitUtils.waitForSpinner(WaitUtils.java:225)</small> </font> </div>
<div class="test-message">&emsp;Back To Courses is displayed in the page </div>
<div class="test-message">&emsp;Successfully verified Back To Course Link&emsp;<a href=".\ScreenShot\URL_TC001_2718574721798800.png" target="_blank" >[ScreenShot]</a></div>
<div class="test-event"> <font color="maroon"> <small> &emsp; &emsp;--- 04 May 23:17:17 372 - Catched spinner load exception due to javascript error: {"status":32,"value":"An invalid or illegal selector was specified"}
  (Session info: chrome=124.0.6367.92)
Build info: version: '4.6.0', revision: '79f1c02ae20'
System info: os.name: 'Windows 10', os.arch: 'amd64', os.version: '10.0', java.version: '17.0.7'
Driver info: org.openqa.selenium.chrome.ChromeDriver
Command: [2cf28825ea7a8a419a5b05b8e5d35d84, findElement {using=css selector, value=div[class='slds-spinner slds-spinner_brand slds-spinner_small']>div:nth-child(2)r}]
Capabilities {acceptInsecureCerts: false, browserName: chrome, browserVersion: 124.0.6367.92, chrome: {chromedriverVersion: 124.0.6367.91 (51df0e5e17a8..., userDataDir: C:\Users\PRATHA~1.KUM\AppDa...}, fedcm:accounts: true, goog:chromeOptions: {debuggerAddress: localhost:49451}, networkConnectionEnabled: false, pageLoadStrategy: normal, platformName: WINDOWS, proxy: Proxy(), se:cdp: ws://localhost:49451/devtoo..., se:cdpVersion: 124.0.6367.92, setWindowRect: true, strictFileInteractability: false, timeouts: {implicit: 0, pageLoad: 300000, script: 30000}, unhandledPromptBehavior: dismiss and notify, webauthn:extension:credBlob: true, webauthn:extension:largeBlob: true, webauthn:extension:minPinLength: true, webauthn:extension:prf: true, webauthn:virtualAuthenticators: true}
Session ID: 2cf28825ea7a8a419a5b05b8e5d35d84</small> </font> </div>
<div class="test-event"> <font color="maroon"> <small> &emsp; &emsp;--- 04 May 23:17:17 372 - <b>0</b> - Spinner Load Wait: (Sync) - ICar.support.WaitUtils.waitForSpinner(WaitUtils.java:225)</small> </font> </div>
<div class="test-event"> <font color="maroon"> <small> &emsp; &emsp;--- 04 May 23:17:17 444 - Page URL:: https://www.i-car.com/product/subaru-course-package</small> </font> </div>
<div class="test-event"> <font color="maroon"> <small> &emsp; &emsp;--- 04 May 23:17:17 444 - <b>0</b> - Page Load Wait: (Sync) - ICar.support.Utils.waitForPageLoad(Utils.java:109)</small> </font> </div>
<div class="test-event"> <font color="maroon"> <small> &emsp; &emsp;--- 04 May 23:17:27 492 - Element is displayed:: [[ChromeDriver: chrome on WINDOWS (2cf28825ea7a8a419a5b05b8e5d35d84)] -> xpath: //div[@class='productDetails slds-p-bottom_large']//div[contains(@class,'slds-p-bottom_medium')]]</small> </font> </div>
<div class="test-message">&emsp;Course Name : SubaruCoursePackage is displayed in the URL page</div>
<div class="test-message">&emsp;Successfully verified the course name for relevant link&emsp;<a href=".\ScreenShot\URL_TC001_2718593125150100.png" target="_blank" >[ScreenShot]</a></div>
<div class="test-message">&emsp;
</div>
<div class="test-message">&emsp;45. URL is : https://www.i-car.com/product/volkswagen-structural-repairs</div>
<div class="test-event"> <font color="maroon"> <small> &emsp; &emsp;--- 04 May 23:17:36 668 - Page URL:: https://www.i-car.com/product/volkswagen-structural-repairs</small> </font> </div>
<div class="test-event"> <font color="maroon"> <small> &emsp; &emsp;--- 04 May 23:17:36 668 - <b>0</b> - Page Load Wait: (Sync) - ICar.support.Utils.waitForPageLoad(Utils.java:109)</small> </font> </div>
<div class="test-message">&emsp;Successfully navigated to the :  https://www.i-car.com/product/volkswagen-structural-repairs   Page&emsp;<a href=".\ScreenShot\URL_TC001_2718594281518400.png" target="_blank" >[ScreenShot]</a></div>
<div class="test-event"> <font color="maroon"> <small> &emsp; &emsp;--- 04 May 23:17:36 926 - Page URL:: https://www.i-car.com/product/volkswagen-structural-repairs</small> </font> </div>
<div class="test-event"> <font color="maroon"> <small> &emsp; &emsp;--- 04 May 23:17:36 926 - <b>0</b> - Page Load Wait: (Sync) - ICar.support.Utils.waitForPageLoad(Utils.java:109)</small> </font> </div>
<div class="test-event"> <font color="maroon"> <small> &emsp; &emsp;--- 04 May 23:17:36 935 - Catched spinner load exception due to javascript error: {"status":32,"value":"An invalid or illegal selector was specified"}
  (Session info: chrome=124.0.6367.92)
Build info: version: '4.6.0', revision: '79f1c02ae20'
System info: os.name: 'Windows 10', os.arch: 'amd64', os.version: '10.0', java.version: '17.0.7'
Driver info: org.openqa.selenium.chrome.ChromeDriver
Command: [2cf28825ea7a8a419a5b05b8e5d35d84, findElement {using=css selector, value=div[class='slds-spinner slds-spinner_brand slds-spinner_small']>div:nth-child(2)r}]
Capabilities {acceptInsecureCerts: false, browserName: chrome, browserVersion: 124.0.6367.92, chrome: {chromedriverVersion: 124.0.6367.91 (51df0e5e17a8..., userDataDir: C:\Users\PRATHA~1.KUM\AppDa...}, fedcm:accounts: true, goog:chromeOptions: {debuggerAddress: localhost:49451}, networkConnectionEnabled: false, pageLoadStrategy: normal, platformName: WINDOWS, proxy: Proxy(), se:cdp: ws://localhost:49451/devtoo..., se:cdpVersion: 124.0.6367.92, setWindowRect: true, strictFileInteractability: false, timeouts: {implicit: 0, pageLoad: 300000, script: 30000}, unhandledPromptBehavior: dismiss and notify, webauthn:extension:credBlob: true, webauthn:extension:largeBlob: true, webauthn:extension:minPinLength: true, webauthn:extension:prf: true, webauthn:virtualAuthenticators: true}
Session ID: 2cf28825ea7a8a419a5b05b8e5d35d84</small> </font> </div>
<div class="test-event"> <font color="maroon"> <small> &emsp; &emsp;--- 04 May 23:17:36 935 - <b>0</b> - Spinner Load Wait: (Sync) - ICar.support.WaitUtils.waitForSpinner(WaitUtils.java:225)</small> </font> </div>
<div class="test-message">&emsp;Error while verifying the URL page  : no such element: Unable to locate element: {"method":"xpath","selector":"//a[contains(text(),'Back to Courses')]"}
  (Session info: chrome=124.0.6367.92)
For documentation on this error, please visit: https://selenium.dev/exceptions/#no_such_element
Build info: version: '4.6.0', revision: '79f1c02ae20'
System info: os.name: 'Windows 10', os.arch: 'amd64', os.version: '10.0', java.version: '17.0.7'
Driver info: org.openqa.selenium.chrome.ChromeDriver
Command: [2cf28825ea7a8a419a5b05b8e5d35d84, findElement {using=xpath, value=//a[contains(text(),'Back to Courses')]}]
Capabilities {acceptInsecureCerts: false, browserName: chrome, browserVersion: 124.0.6367.92, chrome: {chromedriverVersion: 124.0.6367.91 (51df0e5e17a8..., userDataDir: C:\Users\PRATHA~1.KUM\AppDa...}, fedcm:accounts: true, goog:chromeOptions: {debuggerAddress: localhost:49451}, networkConnectionEnabled: false, pageLoadStrategy: normal, platformName: WINDOWS, proxy: Proxy(), se:cdp: ws://localhost:49451/devtoo..., se:cdpVersion: 124.0.6367.92, setWindowRect: true, strictFileInteractability: false, timeouts: {implicit: 0, pageLoad: 300000, script: 30000}, unhandledPromptBehavior: dismiss and notify, webauthn:extension:credBlob: true, webauthn:extension:largeBlob: true, webauthn:extension:minPinLength: true, webauthn:extension:prf: true, webauthn:virtualAuthenticators: true}
Session ID: 2cf28825ea7a8a419a5b05b8e5d35d84</div>
<div class="test-result"><font color="red">&emsp;Failed to verify Back To Course Link</font><a href=".\ScreenShot\URL_TC001_2718604572578600.png" target="_blank" >[ScreenShot]</a></div>
<!--FAILSOFT-->
<div class="test-event"> <font color="maroon"> <small> &emsp; &emsp;--- 04 May 23:17:47 125 - Catched spinner load exception due to javascript error: {"status":32,"value":"An invalid or illegal selector was specified"}
  (Session info: chrome=124.0.6367.92)
Build info: version: '4.6.0', revision: '79f1c02ae20'
System info: os.name: 'Windows 10', os.arch: 'amd64', os.version: '10.0', java.version: '17.0.7'
Driver info: org.openqa.selenium.chrome.ChromeDriver
Command: [2cf28825ea7a8a419a5b05b8e5d35d84, findElement {using=css selector, value=div[class='slds-spinner slds-spinner_brand slds-spinner_small']>div:nth-child(2)r}]
Capabilities {acceptInsecureCerts: false, browserName: chrome, browserVersion: 124.0.6367.92, chrome: {chromedriverVersion: 124.0.6367.91 (51df0e5e17a8..., userDataDir: C:\Users\PRATHA~1.KUM\AppDa...}, fedcm:accounts: true, goog:chromeOptions: {debuggerAddress: localhost:49451}, networkConnectionEnabled: false, pageLoadStrategy: normal, platformName: WINDOWS, proxy: Proxy(), se:cdp: ws://localhost:49451/devtoo..., se:cdpVersion: 124.0.6367.92, setWindowRect: true, strictFileInteractability: false, timeouts: {implicit: 0, pageLoad: 300000, script: 30000}, unhandledPromptBehavior: dismiss and notify, webauthn:extension:credBlob: true, webauthn:extension:largeBlob: true, webauthn:extension:minPinLength: true, webauthn:extension:prf: true, webauthn:virtualAuthenticators: true}
Session ID: 2cf28825ea7a8a419a5b05b8e5d35d84</small> </font> </div>
<div class="test-event"> <font color="maroon"> <small> &emsp; &emsp;--- 04 May 23:17:47 125 - <b>0</b> - Spinner Load Wait: (Sync) - ICar.support.WaitUtils.waitForSpinner(WaitUtils.java:225)</small> </font> </div>
<div class="test-event"> <font color="maroon"> <small> &emsp; &emsp;--- 04 May 23:17:47 196 - Page URL:: https://www.i-car.com/product/volkswagen-structural-repairs</small> </font> </div>
<div class="test-event"> <font color="maroon"> <small> &emsp; &emsp;--- 04 May 23:17:47 196 - <b>0</b> - Page Load Wait: (Sync) - ICar.support.Utils.waitForPageLoad(Utils.java:109)</small> </font> </div>
<div class="test-event"> <font color="maroon"> <small> &emsp; &emsp;--- 04 May 23:19:25 078 - Unable to find an element after 20 sec ==> Proxy element for: AjaxElementLocator 'By.xpath: //div[@class='productDetails slds-p-bottom_large']//div[contains(@class,'slds-p-bottom_medium')]'</small> </font> </div>
<div class="test-message">&emsp;Course Name : null is not displayed in the URL page</div>
<div class="test-message">&emsp;Error while verifying the 'Course Name' in the URL page : Timed out after 3 seconds. Unable to locate the element</div>
<div class="test-result"><font color="red">&emsp;Failed to verify the course name for relevant link</font><a href=".\ScreenShot\URL_TC001_2718705932918600.png" target="_blank" >[ScreenShot]</a></div>
<!--FAILSOFT-->
<div class="test-message">&emsp;
</div>
<div class="test-message">&emsp;46. URL is : https://www.i-car.com/product/safety-data-sheets-and-labels</div>
<div class="test-event"> <font color="maroon"> <small> &emsp; &emsp;--- 04 May 23:19:29 537 - Page URL:: https://www.i-car.com/product/safety-data-sheets-and-labels</small> </font> </div>
<div class="test-event"> <font color="maroon"> <small> &emsp; &emsp;--- 04 May 23:19:29 537 - <b>0</b> - Page Load Wait: (Sync) - ICar.support.Utils.waitForPageLoad(Utils.java:109)</small> </font> </div>
<div class="test-message">&emsp;Successfully navigated to the :  https://www.i-car.com/product/safety-data-sheets-and-labels   Page&emsp;<a href=".\ScreenShot\URL_TC001_2718707150164000.png" target="_blank" >[ScreenShot]</a></div>
<div class="test-event"> <font color="maroon"> <small> &emsp; &emsp;--- 04 May 23:19:29 777 - Page URL:: https://www.i-car.com/product/safety-data-sheets-and-labels</small> </font> </div>
<div class="test-event"> <font color="maroon"> <small> &emsp; &emsp;--- 04 May 23:19:29 777 - <b>0</b> - Page Load Wait: (Sync) - ICar.support.Utils.waitForPageLoad(Utils.java:109)</small> </font> </div>
<div class="test-event"> <font color="maroon"> <small> &emsp; &emsp;--- 04 May 23:19:29 789 - Catched spinner load exception due to javascript error: {"status":32,"value":"An invalid or illegal selector was specified"}
  (Session info: chrome=124.0.6367.92)
Build info: version: '4.6.0', revision: '79f1c02ae20'
System info: os.name: 'Windows 10', os.arch: 'amd64', os.version: '10.0', java.version: '17.0.7'
Driver info: org.openqa.selenium.chrome.ChromeDriver
Command: [2cf28825ea7a8a419a5b05b8e5d35d84, findElement {using=css selector, value=div[class='slds-spinner slds-spinner_brand slds-spinner_small']>div:nth-child(2)r}]
Capabilities {acceptInsecureCerts: false, browserName: chrome, browserVersion: 124.0.6367.92, chrome: {chromedriverVersion: 124.0.6367.91 (51df0e5e17a8..., userDataDir: C:\Users\PRATHA~1.KUM\AppDa...}, fedcm:accounts: true, goog:chromeOptions: {debuggerAddress: localhost:49451}, networkConnectionEnabled: false, pageLoadStrategy: normal, platformName: WINDOWS, proxy: Proxy(), se:cdp: ws://localhost:49451/devtoo..., se:cdpVersion: 124.0.6367.92, setWindowRect: true, strictFileInteractability: false, timeouts: {implicit: 0, pageLoad: 300000, script: 30000}, unhandledPromptBehavior: dismiss and notify, webauthn:extension:credBlob: true, webauthn:extension:largeBlob: true, webauthn:extension:minPinLength: true, webauthn:extension:prf: true, webauthn:virtualAuthenticators: true}
Session ID: 2cf28825ea7a8a419a5b05b8e5d35d84</small> </font> </div>
<div class="test-event"> <font color="maroon"> <small> &emsp; &emsp;--- 04 May 23:19:29 789 - <b>0</b> - Spinner Load Wait: (Sync) - ICar.support.WaitUtils.waitForSpinner(WaitUtils.java:225)</small> </font> </div>
<div class="test-event"> <font color="maroon"> <small> &emsp; &emsp;--- 04 May 23:19:39 892 - Page URL:: https://www.i-car.com/product/safety-data-sheets-and-labels</small> </font> </div>
<div class="test-event"> <font color="maroon"> <small> &emsp; &emsp;--- 04 May 23:19:39 892 - <b>0</b> - Page Load Wait: (Sync) - ICar.support.Utils.waitForPageLoad(Utils.java:109)</small> </font> </div>
<div class="test-event"> <font color="maroon"> <small> &emsp; &emsp;--- 04 May 23:19:39 914 - Element is displayed:: [[ChromeDriver: chrome on WINDOWS (2cf28825ea7a8a419a5b05b8e5d35d84)] -> xpath: //a[contains(text(),'Back to Courses')]]</small> </font> </div>
<div class="test-event"> <font color="maroon"> <small> &emsp; &emsp;--- 04 May 23:19:46 954 - Catched spinner load exception due to javascript error: {"status":32,"value":"An invalid or illegal selector was specified"}
  (Session info: chrome=124.0.6367.92)
Build info: version: '4.6.0', revision: '79f1c02ae20'
System info: os.name: 'Windows 10', os.arch: 'amd64', os.version: '10.0', java.version: '17.0.7'
Driver info: org.openqa.selenium.chrome.ChromeDriver
Command: [2cf28825ea7a8a419a5b05b8e5d35d84, findElement {using=css selector, value=div[class='slds-spinner slds-spinner_brand slds-spinner_small']>div:nth-child(2)r}]
Capabilities {acceptInsecureCerts: false, browserName: chrome, browserVersion: 124.0.6367.92, chrome: {chromedriverVersion: 124.0.6367.91 (51df0e5e17a8..., userDataDir: C:\Users\PRATHA~1.KUM\AppDa...}, fedcm:accounts: true, goog:chromeOptions: {debuggerAddress: localhost:49451}, networkConnectionEnabled: false, pageLoadStrategy: normal, platformName: WINDOWS, proxy: Proxy(), se:cdp: ws://localhost:49451/devtoo..., se:cdpVersion: 124.0.6367.92, setWindowRect: true, strictFileInteractability: false, timeouts: {implicit: 0, pageLoad: 300000, script: 30000}, unhandledPromptBehavior: dismiss and notify, webauthn:extension:credBlob: true, webauthn:extension:largeBlob: true, webauthn:extension:minPinLength: true, webauthn:extension:prf: true, webauthn:virtualAuthenticators: true}
Session ID: 2cf28825ea7a8a419a5b05b8e5d35d84</small> </font> </div>
<div class="test-event"> <font color="maroon"> <small> &emsp; &emsp;--- 04 May 23:19:46 954 - <b>0</b> - Spinner Load Wait: (Sync) - ICar.support.WaitUtils.waitForSpinner(WaitUtils.java:225)</small> </font> </div>
<div class="test-message">&emsp;Back To Courses is displayed in the page </div>
<div class="test-message">&emsp;Successfully verified Back To Course Link&emsp;<a href=".\ScreenShot\URL_TC001_2718724582314400.png" target="_blank" >[ScreenShot]</a></div>
<div class="test-event"> <font color="maroon"> <small> &emsp; &emsp;--- 04 May 23:19:47 201 - Catched spinner load exception due to javascript error: {"status":32,"value":"An invalid or illegal selector was specified"}
  (Session info: chrome=124.0.6367.92)
Build info: version: '4.6.0', revision: '79f1c02ae20'
System info: os.name: 'Windows 10', os.arch: 'amd64', os.version: '10.0', java.version: '17.0.7'
Driver info: org.openqa.selenium.chrome.ChromeDriver
Command: [2cf28825ea7a8a419a5b05b8e5d35d84, findElement {using=css selector, value=div[class='slds-spinner slds-spinner_brand slds-spinner_small']>div:nth-child(2)r}]
Capabilities {acceptInsecureCerts: false, browserName: chrome, browserVersion: 124.0.6367.92, chrome: {chromedriverVersion: 124.0.6367.91 (51df0e5e17a8..., userDataDir: C:\Users\PRATHA~1.KUM\AppDa...}, fedcm:accounts: true, goog:chromeOptions: {debuggerAddress: localhost:49451}, networkConnectionEnabled: false, pageLoadStrategy: normal, platformName: WINDOWS, proxy: Proxy(), se:cdp: ws://localhost:49451/devtoo..., se:cdpVersion: 124.0.6367.92, setWindowRect: true, strictFileInteractability: false, timeouts: {implicit: 0, pageLoad: 300000, script: 30000}, unhandledPromptBehavior: dismiss and notify, webauthn:extension:credBlob: true, webauthn:extension:largeBlob: true, webauthn:extension:minPinLength: true, webauthn:extension:prf: true, webauthn:virtualAuthenticators: true}
Session ID: 2cf28825ea7a8a419a5b05b8e5d35d84</small> </font> </div>
<div class="test-event"> <font color="maroon"> <small> &emsp; &emsp;--- 04 May 23:19:47 201 - <b>0</b> - Spinner Load Wait: (Sync) - ICar.support.WaitUtils.waitForSpinner(WaitUtils.java:225)</small> </font> </div>
<div class="test-event"> <font color="maroon"> <small> &emsp; &emsp;--- 04 May 23:19:47 266 - Page URL:: https://www.i-car.com/product/safety-data-sheets-and-labels</small> </font> </div>
<div class="test-event"> <font color="maroon"> <small> &emsp; &emsp;--- 04 May 23:19:47 266 - <b>0</b> - Page Load Wait: (Sync) - ICar.support.Utils.waitForPageLoad(Utils.java:109)</small> </font> </div>
<div class="test-event"> <font color="maroon"> <small> &emsp; &emsp;--- 04 May 23:19:57 314 - Element is displayed:: [[ChromeDriver: chrome on WINDOWS (2cf28825ea7a8a419a5b05b8e5d35d84)] -> xpath: //div[@class='productDetails slds-p-bottom_large']//div[contains(@class,'slds-p-bottom_medium')]]</small> </font> </div>
<div class="test-message">&emsp;Course Name : SafetyDataSheetsandLabels is displayed in the URL page</div>
<div class="test-message">&emsp;Successfully verified the course name for relevant link&emsp;<a href=".\ScreenShot\URL_TC001_2718742949604100.png" target="_blank" >[ScreenShot]</a></div>
<div class="test-message">&emsp;
</div>
<div class="test-message">&emsp;47. URL is : https://www.i-car.com/product/analyzing-damage-from-natural-causes</div>
<div class="test-event"> <font color="maroon"> <small> &emsp; &emsp;--- 04 May 23:20:06 259 - Page URL:: https://www.i-car.com/product/analyzing-damage-from-natural-causes</small> </font> </div>
<div class="test-event"> <font color="maroon"> <small> &emsp; &emsp;--- 04 May 23:20:06 259 - <b>0</b> - Page Load Wait: (Sync) - ICar.support.Utils.waitForPageLoad(Utils.java:109)</small> </font> </div>
<div class="test-message">&emsp;Successfully navigated to the :  https://www.i-car.com/product/analyzing-damage-from-natural-causes   Page&emsp;<a href=".\ScreenShot\URL_TC001_2718743872825200.png" target="_blank" >[ScreenShot]</a></div>
<div class="test-event"> <font color="maroon"> <small> &emsp; &emsp;--- 04 May 23:20:06 560 - Page URL:: https://www.i-car.com/product/analyzing-damage-from-natural-causes</small> </font> </div>
<div class="test-event"> <font color="maroon"> <small> &emsp; &emsp;--- 04 May 23:20:06 560 - <b>0</b> - Page Load Wait: (Sync) - ICar.support.Utils.waitForPageLoad(Utils.java:109)</small> </font> </div>
<div class="test-event"> <font color="maroon"> <small> &emsp; &emsp;--- 04 May 23:20:06 570 - Catched spinner load exception due to javascript error: {"status":32,"value":"An invalid or illegal selector was specified"}
  (Session info: chrome=124.0.6367.92)
Build info: version: '4.6.0', revision: '79f1c02ae20'
System info: os.name: 'Windows 10', os.arch: 'amd64', os.version: '10.0', java.version: '17.0.7'
Driver info: org.openqa.selenium.chrome.ChromeDriver
Command: [2cf28825ea7a8a419a5b05b8e5d35d84, findElement {using=css selector, value=div[class='slds-spinner slds-spinner_brand slds-spinner_small']>div:nth-child(2)r}]
Capabilities {acceptInsecureCerts: false, browserName: chrome, browserVersion: 124.0.6367.92, chrome: {chromedriverVersion: 124.0.6367.91 (51df0e5e17a8..., userDataDir: C:\Users\PRATHA~1.KUM\AppDa...}, fedcm:accounts: true, goog:chromeOptions: {debuggerAddress: localhost:49451}, networkConnectionEnabled: false, pageLoadStrategy: normal, platformName: WINDOWS, proxy: Proxy(), se:cdp: ws://localhost:49451/devtoo..., se:cdpVersion: 124.0.6367.92, setWindowRect: true, strictFileInteractability: false, timeouts: {implicit: 0, pageLoad: 300000, script: 30000}, unhandledPromptBehavior: dismiss and notify, webauthn:extension:credBlob: true, webauthn:extension:largeBlob: true, webauthn:extension:minPinLength: true, webauthn:extension:prf: true, webauthn:virtualAuthenticators: true}
Session ID: 2cf28825ea7a8a419a5b05b8e5d35d84</small> </font> </div>
<div class="test-event"> <font color="maroon"> <small> &emsp; &emsp;--- 04 May 23:20:06 570 - <b>0</b> - Spinner Load Wait: (Sync) - ICar.support.WaitUtils.waitForSpinner(WaitUtils.java:225)</small> </font> </div>
<div class="test-event"> <font color="maroon"> <small> &emsp; &emsp;--- 04 May 23:20:16 669 - Page URL:: https://www.i-car.com/product/analyzing-damage-from-natural-causes</small> </font> </div>
<div class="test-event"> <font color="maroon"> <small> &emsp; &emsp;--- 04 May 23:20:16 670 - <b>0</b> - Page Load Wait: (Sync) - ICar.support.Utils.waitForPageLoad(Utils.java:109)</small> </font> </div>
<div class="test-event"> <font color="maroon"> <small> &emsp; &emsp;--- 04 May 23:20:16 689 - Element is displayed:: [[ChromeDriver: chrome on WINDOWS (2cf28825ea7a8a419a5b05b8e5d35d84)] -> xpath: //a[contains(text(),'Back to Courses')]]</small> </font> </div>
<div class="test-event"> <font color="maroon"> <small> &emsp; &emsp;--- 04 May 23:20:23 748 - Catched spinner load exception due to javascript error: {"status":32,"value":"An invalid or illegal selector was specified"}
  (Session info: chrome=124.0.6367.92)
Build info: version: '4.6.0', revision: '79f1c02ae20'
System info: os.name: 'Windows 10', os.arch: 'amd64', os.version: '10.0', java.version: '17.0.7'
Driver info: org.openqa.selenium.chrome.ChromeDriver
Command: [2cf28825ea7a8a419a5b05b8e5d35d84, findElement {using=css selector, value=div[class='slds-spinner slds-spinner_brand slds-spinner_small']>div:nth-child(2)r}]
Capabilities {acceptInsecureCerts: false, browserName: chrome, browserVersion: 124.0.6367.92, chrome: {chromedriverVersion: 124.0.6367.91 (51df0e5e17a8..., userDataDir: C:\Users\PRATHA~1.KUM\AppDa...}, fedcm:accounts: true, goog:chromeOptions: {debuggerAddress: localhost:49451}, networkConnectionEnabled: false, pageLoadStrategy: normal, platformName: WINDOWS, proxy: Proxy(), se:cdp: ws://localhost:49451/devtoo..., se:cdpVersion: 124.0.6367.92, setWindowRect: true, strictFileInteractability: false, timeouts: {implicit: 0, pageLoad: 300000, script: 30000}, unhandledPromptBehavior: dismiss and notify, webauthn:extension:credBlob: true, webauthn:extension:largeBlob: true, webauthn:extension:minPinLength: true, webauthn:extension:prf: true, webauthn:virtualAuthenticators: true}
Session ID: 2cf28825ea7a8a419a5b05b8e5d35d84</small> </font> </div>
<div class="test-event"> <font color="maroon"> <small> &emsp; &emsp;--- 04 May 23:20:23 748 - <b>0</b> - Spinner Load Wait: (Sync) - ICar.support.WaitUtils.waitForSpinner(WaitUtils.java:225)</small> </font> </div>
<div class="test-message">&emsp;Back To Courses is displayed in the page </div>
<div class="test-message">&emsp;Successfully verified Back To Course Link&emsp;<a href=".\ScreenShot\URL_TC001_2718761380371300.png" target="_blank" >[ScreenShot]</a></div>
<div class="test-event"> <font color="maroon"> <small> &emsp; &emsp;--- 04 May 23:20:24 005 - Catched spinner load exception due to javascript error: {"status":32,"value":"An invalid or illegal selector was specified"}
  (Session info: chrome=124.0.6367.92)
Build info: version: '4.6.0', revision: '79f1c02ae20'
System info: os.name: 'Windows 10', os.arch: 'amd64', os.version: '10.0', java.version: '17.0.7'
Driver info: org.openqa.selenium.chrome.ChromeDriver
Command: [2cf28825ea7a8a419a5b05b8e5d35d84, findElement {using=css selector, value=div[class='slds-spinner slds-spinner_brand slds-spinner_small']>div:nth-child(2)r}]
Capabilities {acceptInsecureCerts: false, browserName: chrome, browserVersion: 124.0.6367.92, chrome: {chromedriverVersion: 124.0.6367.91 (51df0e5e17a8..., userDataDir: C:\Users\PRATHA~1.KUM\AppDa...}, fedcm:accounts: true, goog:chromeOptions: {debuggerAddress: localhost:49451}, networkConnectionEnabled: false, pageLoadStrategy: normal, platformName: WINDOWS, proxy: Proxy(), se:cdp: ws://localhost:49451/devtoo..., se:cdpVersion: 124.0.6367.92, setWindowRect: true, strictFileInteractability: false, timeouts: {implicit: 0, pageLoad: 300000, script: 30000}, unhandledPromptBehavior: dismiss and notify, webauthn:extension:credBlob: true, webauthn:extension:largeBlob: true, webauthn:extension:minPinLength: true, webauthn:extension:prf: true, webauthn:virtualAuthenticators: true}
Session ID: 2cf28825ea7a8a419a5b05b8e5d35d84</small> </font> </div>
<div class="test-event"> <font color="maroon"> <small> &emsp; &emsp;--- 04 May 23:20:24 005 - <b>0</b> - Spinner Load Wait: (Sync) - ICar.support.WaitUtils.waitForSpinner(WaitUtils.java:225)</small> </font> </div>
<div class="test-event"> <font color="maroon"> <small> &emsp; &emsp;--- 04 May 23:20:24 067 - Page URL:: https://www.i-car.com/product/analyzing-damage-from-natural-causes</small> </font> </div>
<div class="test-event"> <font color="maroon"> <small> &emsp; &emsp;--- 04 May 23:20:24 068 - <b>0</b> - Page Load Wait: (Sync) - ICar.support.Utils.waitForPageLoad(Utils.java:109)</small> </font> </div>
<div class="test-event"> <font color="maroon"> <small> &emsp; &emsp;--- 04 May 23:20:34 158 - Element is displayed:: [[ChromeDriver: chrome on WINDOWS (2cf28825ea7a8a419a5b05b8e5d35d84)] -> xpath: //div[@class='productDetails slds-p-bottom_large']//div[contains(@class,'slds-p-bottom_medium')]]</small> </font> </div>
<div class="test-message">&emsp;Course Name : AnalyzingDamagefromNaturalCauses is displayed in the URL page</div>
<div class="test-message">&emsp;Successfully verified the course name for relevant link&emsp;<a href=".\ScreenShot\URL_TC001_2718779802052200.png" target="_blank" >[ScreenShot]</a></div>
<div class="test-message">&emsp;
</div>
<div class="test-message">&emsp;48. URL is : https://www.i-car.com/product/damage-analysis-of-electronic-brake-systems</div>
<div class="test-event"> <font color="maroon"> <small> &emsp; &emsp;--- 04 May 23:20:43 422 - Page URL:: https://www.i-car.com/product/damage-analysis-of-electronic-brake-systems</small> </font> </div>
<div class="test-event"> <font color="maroon"> <small> &emsp; &emsp;--- 04 May 23:20:43 422 - <b>0</b> - Page Load Wait: (Sync) - ICar.support.Utils.waitForPageLoad(Utils.java:109)</small> </font> </div>
<div class="test-message">&emsp;Successfully navigated to the :  https://www.i-car.com/product/damage-analysis-of-electronic-brake-systems   Page&emsp;<a href=".\ScreenShot\URL_TC001_2718781035271200.png" target="_blank" >[ScreenShot]</a></div>
<div class="test-event"> <font color="maroon"> <small> &emsp; &emsp;--- 04 May 23:20:43 741 - Page URL:: https://www.i-car.com/product/damage-analysis-of-electronic-brake-systems</small> </font> </div>
<div class="test-event"> <font color="maroon"> <small> &emsp; &emsp;--- 04 May 23:20:43 741 - <b>0</b> - Page Load Wait: (Sync) - ICar.support.Utils.waitForPageLoad(Utils.java:109)</small> </font> </div>
<div class="test-event"> <font color="maroon"> <small> &emsp; &emsp;--- 04 May 23:20:43 750 - Catched spinner load exception due to javascript error: {"status":32,"value":"An invalid or illegal selector was specified"}
  (Session info: chrome=124.0.6367.92)
Build info: version: '4.6.0', revision: '79f1c02ae20'
System info: os.name: 'Windows 10', os.arch: 'amd64', os.version: '10.0', java.version: '17.0.7'
Driver info: org.openqa.selenium.chrome.ChromeDriver
Command: [2cf28825ea7a8a419a5b05b8e5d35d84, findElement {using=css selector, value=div[class='slds-spinner slds-spinner_brand slds-spinner_small']>div:nth-child(2)r}]
Capabilities {acceptInsecureCerts: false, browserName: chrome, browserVersion: 124.0.6367.92, chrome: {chromedriverVersion: 124.0.6367.91 (51df0e5e17a8..., userDataDir: C:\Users\PRATHA~1.KUM\AppDa...}, fedcm:accounts: true, goog:chromeOptions: {debuggerAddress: localhost:49451}, networkConnectionEnabled: false, pageLoadStrategy: normal, platformName: WINDOWS, proxy: Proxy(), se:cdp: ws://localhost:49451/devtoo..., se:cdpVersion: 124.0.6367.92, setWindowRect: true, strictFileInteractability: false, timeouts: {implicit: 0, pageLoad: 300000, script: 30000}, unhandledPromptBehavior: dismiss and notify, webauthn:extension:credBlob: true, webauthn:extension:largeBlob: true, webauthn:extension:minPinLength: true, webauthn:extension:prf: true, webauthn:virtualAuthenticators: true}
Session ID: 2cf28825ea7a8a419a5b05b8e5d35d84</small> </font> </div>
<div class="test-event"> <font color="maroon"> <small> &emsp; &emsp;--- 04 May 23:20:43 750 - <b>0</b> - Spinner Load Wait: (Sync) - ICar.support.WaitUtils.waitForSpinner(WaitUtils.java:225)</small> </font> </div>
<div class="test-event"> <font color="maroon"> <small> &emsp; &emsp;--- 04 May 23:20:53 826 - Page URL:: https://www.i-car.com/product/damage-analysis-of-electronic-brake-systems</small> </font> </div>
<div class="test-event"> <font color="maroon"> <small> &emsp; &emsp;--- 04 May 23:20:53 826 - <b>0</b> - Page Load Wait: (Sync) - ICar.support.Utils.waitForPageLoad(Utils.java:109)</small> </font> </div>
<div class="test-event"> <font color="maroon"> <small> &emsp; &emsp;--- 04 May 23:20:53 841 - Element is displayed:: [[ChromeDriver: chrome on WINDOWS (2cf28825ea7a8a419a5b05b8e5d35d84)] -> xpath: //a[contains(text(),'Back to Courses')]]</small> </font> </div>
<div class="test-event"> <font color="maroon"> <small> &emsp; &emsp;--- 04 May 23:21:00 867 - Catched spinner load exception due to javascript error: {"status":32,"value":"An invalid or illegal selector was specified"}
  (Session info: chrome=124.0.6367.92)
Build info: version: '4.6.0', revision: '79f1c02ae20'
System info: os.name: 'Windows 10', os.arch: 'amd64', os.version: '10.0', java.version: '17.0.7'
Driver info: org.openqa.selenium.chrome.ChromeDriver
Command: [2cf28825ea7a8a419a5b05b8e5d35d84, findElement {using=css selector, value=div[class='slds-spinner slds-spinner_brand slds-spinner_small']>div:nth-child(2)r}]
Capabilities {acceptInsecureCerts: false, browserName: chrome, browserVersion: 124.0.6367.92, chrome: {chromedriverVersion: 124.0.6367.91 (51df0e5e17a8..., userDataDir: C:\Users\PRATHA~1.KUM\AppDa...}, fedcm:accounts: true, goog:chromeOptions: {debuggerAddress: localhost:49451}, networkConnectionEnabled: false, pageLoadStrategy: normal, platformName: WINDOWS, proxy: Proxy(), se:cdp: ws://localhost:49451/devtoo..., se:cdpVersion: 124.0.6367.92, setWindowRect: true, strictFileInteractability: false, timeouts: {implicit: 0, pageLoad: 300000, script: 30000}, unhandledPromptBehavior: dismiss and notify, webauthn:extension:credBlob: true, webauthn:extension:largeBlob: true, webauthn:extension:minPinLength: true, webauthn:extension:prf: true, webauthn:virtualAuthenticators: true}
Session ID: 2cf28825ea7a8a419a5b05b8e5d35d84</small> </font> </div>
<div class="test-event"> <font color="maroon"> <small> &emsp; &emsp;--- 04 May 23:21:00 867 - <b>0</b> - Spinner Load Wait: (Sync) - ICar.support.WaitUtils.waitForSpinner(WaitUtils.java:225)</small> </font> </div>
<div class="test-message">&emsp;Back To Courses is displayed in the page </div>
<div class="test-message">&emsp;Successfully verified Back To Course Link&emsp;<a href=".\ScreenShot\URL_TC001_2718798491375400.png" target="_blank" >[ScreenShot]</a></div>
<div class="test-event"> <font color="maroon"> <small> &emsp; &emsp;--- 04 May 23:21:01 537 - Catched spinner load exception due to javascript error: {"status":32,"value":"An invalid or illegal selector was specified"}
  (Session info: chrome=124.0.6367.92)
Build info: version: '4.6.0', revision: '79f1c02ae20'
System info: os.name: 'Windows 10', os.arch: 'amd64', os.version: '10.0', java.version: '17.0.7'
Driver info: org.openqa.selenium.chrome.ChromeDriver
Command: [2cf28825ea7a8a419a5b05b8e5d35d84, findElement {using=css selector, value=div[class='slds-spinner slds-spinner_brand slds-spinner_small']>div:nth-child(2)r}]
Capabilities {acceptInsecureCerts: false, browserName: chrome, browserVersion: 124.0.6367.92, chrome: {chromedriverVersion: 124.0.6367.91 (51df0e5e17a8..., userDataDir: C:\Users\PRATHA~1.KUM\AppDa...}, fedcm:accounts: true, goog:chromeOptions: {debuggerAddress: localhost:49451}, networkConnectionEnabled: false, pageLoadStrategy: normal, platformName: WINDOWS, proxy: Proxy(), se:cdp: ws://localhost:49451/devtoo..., se:cdpVersion: 124.0.6367.92, setWindowRect: true, strictFileInteractability: false, timeouts: {implicit: 0, pageLoad: 300000, script: 30000}, unhandledPromptBehavior: dismiss and notify, webauthn:extension:credBlob: true, webauthn:extension:largeBlob: true, webauthn:extension:minPinLength: true, webauthn:extension:prf: true, webauthn:virtualAuthenticators: true}
Session ID: 2cf28825ea7a8a419a5b05b8e5d35d84</small> </font> </div>
<div class="test-event"> <font color="maroon"> <small> &emsp; &emsp;--- 04 May 23:21:01 537 - <b>0</b> - Spinner Load Wait: (Sync) - ICar.support.WaitUtils.waitForSpinner(WaitUtils.java:225)</small> </font> </div>
<div class="test-event"> <font color="maroon"> <small> &emsp; &emsp;--- 04 May 23:21:01 601 - Page URL:: https://www.i-car.com/product/damage-analysis-of-electronic-brake-systems</small> </font> </div>
<div class="test-event"> <font color="maroon"> <small> &emsp; &emsp;--- 04 May 23:21:01 601 - <b>0</b> - Page Load Wait: (Sync) - ICar.support.Utils.waitForPageLoad(Utils.java:109)</small> </font> </div>
<div class="test-event"> <font color="maroon"> <small> &emsp; &emsp;--- 04 May 23:21:11 659 - Element is displayed:: [[ChromeDriver: chrome on WINDOWS (2cf28825ea7a8a419a5b05b8e5d35d84)] -> xpath: //div[@class='productDetails slds-p-bottom_large']//div[contains(@class,'slds-p-bottom_medium')]]</small> </font> </div>
<div class="test-message">&emsp;Course Name : DamageAnalysisofElectronicBrakeSystems is displayed in the URL page</div>
<div class="test-message">&emsp;Successfully verified the course name for relevant link&emsp;<a href=".\ScreenShot\URL_TC001_2718817294624800.png" target="_blank" >[ScreenShot]</a></div>
<div class="test-message">&emsp;
</div>
<div class="test-message">&emsp;49. URL is : https://www.i-car.com/product/gys-autopulse-220m3-gma-welder-operation-and-tuning</div>
<div class="test-event"> <font color="maroon"> <small> &emsp; &emsp;--- 04 May 23:21:20 868 - Page URL:: https://www.i-car.com/product/gys-autopulse-220m3-gma-welder-operation-and-tuning</small> </font> </div>
<div class="test-event"> <font color="maroon"> <small> &emsp; &emsp;--- 04 May 23:21:20 868 - <b>0</b> - Page Load Wait: (Sync) - ICar.support.Utils.waitForPageLoad(Utils.java:109)</small> </font> </div>
<div class="test-message">&emsp;Successfully navigated to the :  https://www.i-car.com/product/gys-autopulse-220m3-gma-welder-operation-and-tuning   Page&emsp;<a href=".\ScreenShot\URL_TC001_2718818482080400.png" target="_blank" >[ScreenShot]</a></div>
<div class="test-event"> <font color="maroon"> <small> &emsp; &emsp;--- 04 May 23:21:21 167 - Page URL:: https://www.i-car.com/product/gys-autopulse-220m3-gma-welder-operation-and-tuning</small> </font> </div>
<div class="test-event"> <font color="maroon"> <small> &emsp; &emsp;--- 04 May 23:21:21 167 - <b>0</b> - Page Load Wait: (Sync) - ICar.support.Utils.waitForPageLoad(Utils.java:109)</small> </font> </div>
<div class="test-event"> <font color="maroon"> <small> &emsp; &emsp;--- 04 May 23:21:21 175 - Catched spinner load exception due to javascript error: {"status":32,"value":"An invalid or illegal selector was specified"}
  (Session info: chrome=124.0.6367.92)
Build info: version: '4.6.0', revision: '79f1c02ae20'
System info: os.name: 'Windows 10', os.arch: 'amd64', os.version: '10.0', java.version: '17.0.7'
Driver info: org.openqa.selenium.chrome.ChromeDriver
Command: [2cf28825ea7a8a419a5b05b8e5d35d84, findElement {using=css selector, value=div[class='slds-spinner slds-spinner_brand slds-spinner_small']>div:nth-child(2)r}]
Capabilities {acceptInsecureCerts: false, browserName: chrome, browserVersion: 124.0.6367.92, chrome: {chromedriverVersion: 124.0.6367.91 (51df0e5e17a8..., userDataDir: C:\Users\PRATHA~1.KUM\AppDa...}, fedcm:accounts: true, goog:chromeOptions: {debuggerAddress: localhost:49451}, networkConnectionEnabled: false, pageLoadStrategy: normal, platformName: WINDOWS, proxy: Proxy(), se:cdp: ws://localhost:49451/devtoo..., se:cdpVersion: 124.0.6367.92, setWindowRect: true, strictFileInteractability: false, timeouts: {implicit: 0, pageLoad: 300000, script: 30000}, unhandledPromptBehavior: dismiss and notify, webauthn:extension:credBlob: true, webauthn:extension:largeBlob: true, webauthn:extension:minPinLength: true, webauthn:extension:prf: true, webauthn:virtualAuthenticators: true}
Session ID: 2cf28825ea7a8a419a5b05b8e5d35d84</small> </font> </div>
<div class="test-event"> <font color="maroon"> <small> &emsp; &emsp;--- 04 May 23:21:21 175 - <b>0</b> - Spinner Load Wait: (Sync) - ICar.support.WaitUtils.waitForSpinner(WaitUtils.java:225)</small> </font> </div>
<div class="test-event"> <font color="maroon"> <small> &emsp; &emsp;--- 04 May 23:21:31 284 - Page URL:: https://www.i-car.com/product/gys-autopulse-220m3-gma-welder-operation-and-tuning</small> </font> </div>
<div class="test-event"> <font color="maroon"> <small> &emsp; &emsp;--- 04 May 23:21:31 284 - <b>0</b> - Page Load Wait: (Sync) - ICar.support.Utils.waitForPageLoad(Utils.java:109)</small> </font> </div>
<div class="test-event"> <font color="maroon"> <small> &emsp; &emsp;--- 04 May 23:21:31 302 - Element is displayed:: [[ChromeDriver: chrome on WINDOWS (2cf28825ea7a8a419a5b05b8e5d35d84)] -> xpath: //a[contains(text(),'Back to Courses')]]</small> </font> </div>
<div class="test-event"> <font color="maroon"> <small> &emsp; &emsp;--- 04 May 23:21:38 342 - Catched spinner load exception due to javascript error: {"status":32,"value":"An invalid or illegal selector was specified"}
  (Session info: chrome=124.0.6367.92)
Build info: version: '4.6.0', revision: '79f1c02ae20'
System info: os.name: 'Windows 10', os.arch: 'amd64', os.version: '10.0', java.version: '17.0.7'
Driver info: org.openqa.selenium.chrome.ChromeDriver
Command: [2cf28825ea7a8a419a5b05b8e5d35d84, findElement {using=css selector, value=div[class='slds-spinner slds-spinner_brand slds-spinner_small']>div:nth-child(2)r}]
Capabilities {acceptInsecureCerts: false, browserName: chrome, browserVersion: 124.0.6367.92, chrome: {chromedriverVersion: 124.0.6367.91 (51df0e5e17a8..., userDataDir: C:\Users\PRATHA~1.KUM\AppDa...}, fedcm:accounts: true, goog:chromeOptions: {debuggerAddress: localhost:49451}, networkConnectionEnabled: false, pageLoadStrategy: normal, platformName: WINDOWS, proxy: Proxy(), se:cdp: ws://localhost:49451/devtoo..., se:cdpVersion: 124.0.6367.92, setWindowRect: true, strictFileInteractability: false, timeouts: {implicit: 0, pageLoad: 300000, script: 30000}, unhandledPromptBehavior: dismiss and notify, webauthn:extension:credBlob: true, webauthn:extension:largeBlob: true, webauthn:extension:minPinLength: true, webauthn:extension:prf: true, webauthn:virtualAuthenticators: true}
Session ID: 2cf28825ea7a8a419a5b05b8e5d35d84</small> </font> </div>
<div class="test-event"> <font color="maroon"> <small> &emsp; &emsp;--- 04 May 23:21:38 342 - <b>0</b> - Spinner Load Wait: (Sync) - ICar.support.WaitUtils.waitForSpinner(WaitUtils.java:225)</small> </font> </div>
<div class="test-message">&emsp;Back To Courses is displayed in the page </div>
<div class="test-message">&emsp;Successfully verified Back To Course Link&emsp;<a href=".\ScreenShot\URL_TC001_2718835967497700.png" target="_blank" >[ScreenShot]</a></div>
<div class="test-event"> <font color="maroon"> <small> &emsp; &emsp;--- 04 May 23:21:38 594 - Catched spinner load exception due to javascript error: {"status":32,"value":"An invalid or illegal selector was specified"}
  (Session info: chrome=124.0.6367.92)
Build info: version: '4.6.0', revision: '79f1c02ae20'
System info: os.name: 'Windows 10', os.arch: 'amd64', os.version: '10.0', java.version: '17.0.7'
Driver info: org.openqa.selenium.chrome.ChromeDriver
Command: [2cf28825ea7a8a419a5b05b8e5d35d84, findElement {using=css selector, value=div[class='slds-spinner slds-spinner_brand slds-spinner_small']>div:nth-child(2)r}]
Capabilities {acceptInsecureCerts: false, browserName: chrome, browserVersion: 124.0.6367.92, chrome: {chromedriverVersion: 124.0.6367.91 (51df0e5e17a8..., userDataDir: C:\Users\PRATHA~1.KUM\AppDa...}, fedcm:accounts: true, goog:chromeOptions: {debuggerAddress: localhost:49451}, networkConnectionEnabled: false, pageLoadStrategy: normal, platformName: WINDOWS, proxy: Proxy(), se:cdp: ws://localhost:49451/devtoo..., se:cdpVersion: 124.0.6367.92, setWindowRect: true, strictFileInteractability: false, timeouts: {implicit: 0, pageLoad: 300000, script: 30000}, unhandledPromptBehavior: dismiss and notify, webauthn:extension:credBlob: true, webauthn:extension:largeBlob: true, webauthn:extension:minPinLength: true, webauthn:extension:prf: true, webauthn:virtualAuthenticators: true}
Session ID: 2cf28825ea7a8a419a5b05b8e5d35d84</small> </font> </div>
<div class="test-event"> <font color="maroon"> <small> &emsp; &emsp;--- 04 May 23:21:38 594 - <b>0</b> - Spinner Load Wait: (Sync) - ICar.support.WaitUtils.waitForSpinner(WaitUtils.java:225)</small> </font> </div>
<div class="test-event"> <font color="maroon"> <small> &emsp; &emsp;--- 04 May 23:21:38 659 - Page URL:: https://www.i-car.com/product/gys-autopulse-220m3-gma-welder-operation-and-tuning</small> </font> </div>
<div class="test-event"> <font color="maroon"> <small> &emsp; &emsp;--- 04 May 23:21:38 659 - <b>0</b> - Page Load Wait: (Sync) - ICar.support.Utils.waitForPageLoad(Utils.java:109)</small> </font> </div>
<div class="test-event"> <font color="maroon"> <small> &emsp; &emsp;--- 04 May 23:21:48 773 - Element is displayed:: [[ChromeDriver: chrome on WINDOWS (2cf28825ea7a8a419a5b05b8e5d35d84)] -> xpath: //div[@class='productDetails slds-p-bottom_large']//div[contains(@class,'slds-p-bottom_medium')]]</small> </font> </div>
<div class="test-message">&emsp;Course Name : GYSAutopulse220M3GMAWelderOperationandTuning is displayed in the URL page</div>
<div class="test-message">&emsp;Successfully verified the course name for relevant link&emsp;<a href=".\ScreenShot\URL_TC001_2718854410183500.png" target="_blank" >[ScreenShot]</a></div>
<div class="test-message">&emsp;
</div>
<div class="test-message">&emsp;50. URL is : https://www.i-car.com/product/pl2-mechanical-technician</div>
<div class="test-event"> <font color="maroon"> <small> &emsp; &emsp;--- 04 May 23:21:58 299 - Page URL:: https://www.i-car.com/product/pl2-mechanical-technician</small> </font> </div>
<div class="test-event"> <font color="maroon"> <small> &emsp; &emsp;--- 04 May 23:21:58 299 - <b>0</b> - Page Load Wait: (Sync) - ICar.support.Utils.waitForPageLoad(Utils.java:109)</small> </font> </div>
<div class="test-message">&emsp;Successfully navigated to the :  https://www.i-car.com/product/pl2-mechanical-technician   Page&emsp;<a href=".\ScreenShot\URL_TC001_2718855912473900.png" target="_blank" >[ScreenShot]</a></div>
<div class="test-event"> <font color="maroon"> <small> &emsp; &emsp;--- 04 May 23:21:58 552 - Page URL:: https://www.i-car.com/product/pl2-mechanical-technician</small> </font> </div>
<div class="test-event"> <font color="maroon"> <small> &emsp; &emsp;--- 04 May 23:21:58 552 - <b>0</b> - Page Load Wait: (Sync) - ICar.support.Utils.waitForPageLoad(Utils.java:109)</small> </font> </div>
<div class="test-event"> <font color="maroon"> <small> &emsp; &emsp;--- 04 May 23:21:58 558 - Catched spinner load exception due to javascript error: {"status":32,"value":"An invalid or illegal selector was specified"}
  (Session info: chrome=124.0.6367.92)
Build info: version: '4.6.0', revision: '79f1c02ae20'
System info: os.name: 'Windows 10', os.arch: 'amd64', os.version: '10.0', java.version: '17.0.7'
Driver info: org.openqa.selenium.chrome.ChromeDriver
Command: [2cf28825ea7a8a419a5b05b8e5d35d84, findElement {using=css selector, value=div[class='slds-spinner slds-spinner_brand slds-spinner_small']>div:nth-child(2)r}]
Capabilities {acceptInsecureCerts: false, browserName: chrome, browserVersion: 124.0.6367.92, chrome: {chromedriverVersion: 124.0.6367.91 (51df0e5e17a8..., userDataDir: C:\Users\PRATHA~1.KUM\AppDa...}, fedcm:accounts: true, goog:chromeOptions: {debuggerAddress: localhost:49451}, networkConnectionEnabled: false, pageLoadStrategy: normal, platformName: WINDOWS, proxy: Proxy(), se:cdp: ws://localhost:49451/devtoo..., se:cdpVersion: 124.0.6367.92, setWindowRect: true, strictFileInteractability: false, timeouts: {implicit: 0, pageLoad: 300000, script: 30000}, unhandledPromptBehavior: dismiss and notify, webauthn:extension:credBlob: true, webauthn:extension:largeBlob: true, webauthn:extension:minPinLength: true, webauthn:extension:prf: true, webauthn:virtualAuthenticators: true}
Session ID: 2cf28825ea7a8a419a5b05b8e5d35d84</small> </font> </div>
<div class="test-event"> <font color="maroon"> <small> &emsp; &emsp;--- 04 May 23:21:58 558 - <b>0</b> - Spinner Load Wait: (Sync) - ICar.support.WaitUtils.waitForSpinner(WaitUtils.java:225)</small> </font> </div>
<div class="test-event"> <font color="maroon"> <small> &emsp; &emsp;--- 04 May 23:22:08 683 - Page URL:: https://www.i-car.com/product/pl2-mechanical-technician</small> </font> </div>
<div class="test-event"> <font color="maroon"> <small> &emsp; &emsp;--- 04 May 23:22:08 684 - <b>0</b> - Page Load Wait: (Sync) - ICar.support.Utils.waitForPageLoad(Utils.java:109)</small> </font> </div>
<div class="test-event"> <font color="maroon"> <small> &emsp; &emsp;--- 04 May 23:22:08 700 - Element is displayed:: [[ChromeDriver: chrome on WINDOWS (2cf28825ea7a8a419a5b05b8e5d35d84)] -> xpath: //a[contains(text(),'Back to Courses')]]</small> </font> </div>
<div class="test-event"> <font color="maroon"> <small> &emsp; &emsp;--- 04 May 23:22:15 732 - Catched spinner load exception due to javascript error: {"status":32,"value":"An invalid or illegal selector was specified"}
  (Session info: chrome=124.0.6367.92)
Build info: version: '4.6.0', revision: '79f1c02ae20'
System info: os.name: 'Windows 10', os.arch: 'amd64', os.version: '10.0', java.version: '17.0.7'
Driver info: org.openqa.selenium.chrome.ChromeDriver
Command: [2cf28825ea7a8a419a5b05b8e5d35d84, findElement {using=css selector, value=div[class='slds-spinner slds-spinner_brand slds-spinner_small']>div:nth-child(2)r}]
Capabilities {acceptInsecureCerts: false, browserName: chrome, browserVersion: 124.0.6367.92, chrome: {chromedriverVersion: 124.0.6367.91 (51df0e5e17a8..., userDataDir: C:\Users\PRATHA~1.KUM\AppDa...}, fedcm:accounts: true, goog:chromeOptions: {debuggerAddress: localhost:49451}, networkConnectionEnabled: false, pageLoadStrategy: normal, platformName: WINDOWS, proxy: Proxy(), se:cdp: ws://localhost:49451/devtoo..., se:cdpVersion: 124.0.6367.92, setWindowRect: true, strictFileInteractability: false, timeouts: {implicit: 0, pageLoad: 300000, script: 30000}, unhandledPromptBehavior: dismiss and notify, webauthn:extension:credBlob: true, webauthn:extension:largeBlob: true, webauthn:extension:minPinLength: true, webauthn:extension:prf: true, webauthn:virtualAuthenticators: true}
Session ID: 2cf28825ea7a8a419a5b05b8e5d35d84</small> </font> </div>
<div class="test-event"> <font color="maroon"> <small> &emsp; &emsp;--- 04 May 23:22:15 732 - <b>0</b> - Spinner Load Wait: (Sync) - ICar.support.WaitUtils.waitForSpinner(WaitUtils.java:225)</small> </font> </div>
<div class="test-message">&emsp;Back To Courses is displayed in the page </div>
<div class="test-message">&emsp;Successfully verified Back To Course Link&emsp;<a href=".\ScreenShot\URL_TC001_2718873357996400.png" target="_blank" >[ScreenShot]</a></div>
<div class="test-event"> <font color="maroon"> <small> &emsp; &emsp;--- 04 May 23:22:15 998 - Catched spinner load exception due to javascript error: {"status":32,"value":"An invalid or illegal selector was specified"}
  (Session info: chrome=124.0.6367.92)
Build info: version: '4.6.0', revision: '79f1c02ae20'
System info: os.name: 'Windows 10', os.arch: 'amd64', os.version: '10.0', java.version: '17.0.7'
Driver info: org.openqa.selenium.chrome.ChromeDriver
Command: [2cf28825ea7a8a419a5b05b8e5d35d84, findElement {using=css selector, value=div[class='slds-spinner slds-spinner_brand slds-spinner_small']>div:nth-child(2)r}]
Capabilities {acceptInsecureCerts: false, browserName: chrome, browserVersion: 124.0.6367.92, chrome: {chromedriverVersion: 124.0.6367.91 (51df0e5e17a8..., userDataDir: C:\Users\PRATHA~1.KUM\AppDa...}, fedcm:accounts: true, goog:chromeOptions: {debuggerAddress: localhost:49451}, networkConnectionEnabled: false, pageLoadStrategy: normal, platformName: WINDOWS, proxy: Proxy(), se:cdp: ws://localhost:49451/devtoo..., se:cdpVersion: 124.0.6367.92, setWindowRect: true, strictFileInteractability: false, timeouts: {implicit: 0, pageLoad: 300000, script: 30000}, unhandledPromptBehavior: dismiss and notify, webauthn:extension:credBlob: true, webauthn:extension:largeBlob: true, webauthn:extension:minPinLength: true, webauthn:extension:prf: true, webauthn:virtualAuthenticators: true}
Session ID: 2cf28825ea7a8a419a5b05b8e5d35d84</small> </font> </div>
<div class="test-event"> <font color="maroon"> <small> &emsp; &emsp;--- 04 May 23:22:15 998 - <b>0</b> - Spinner Load Wait: (Sync) - ICar.support.WaitUtils.waitForSpinner(WaitUtils.java:225)</small> </font> </div>
<div class="test-event"> <font color="maroon"> <small> &emsp; &emsp;--- 04 May 23:22:16 094 - Page URL:: https://www.i-car.com/product/pl2-mechanical-technician</small> </font> </div>
<div class="test-event"> <font color="maroon"> <small> &emsp; &emsp;--- 04 May 23:22:16 094 - <b>0</b> - Page Load Wait: (Sync) - ICar.support.Utils.waitForPageLoad(Utils.java:109)</small> </font> </div>
<div class="test-event"> <font color="maroon"> <small> &emsp; &emsp;--- 04 May 23:22:26 145 - Element is displayed:: [[ChromeDriver: chrome on WINDOWS (2cf28825ea7a8a419a5b05b8e5d35d84)] -> xpath: //div[@class='productDetails slds-p-bottom_large']//div[contains(@class,'slds-p-bottom_medium')]]</small> </font> </div>
<div class="test-message">&emsp;Course Name : PL2MechanicalTechnician is displayed in the URL page</div>
<div class="test-message">&emsp;Successfully verified the course name for relevant link&emsp;<a href=".\ScreenShot\URL_TC001_2718891787878400.png" target="_blank" >[ScreenShot]</a></div>
<div class="test-message">&emsp;
</div>
<div class="test-message">&emsp;51. URL is : https://www.i-car.com/product/group-16</div>
<div class="test-event"> <font color="maroon"> <small> &emsp; &emsp;--- 04 May 23:22:35 559 - Page URL:: https://www.i-car.com/product/group-16</small> </font> </div>
<div class="test-event"> <font color="maroon"> <small> &emsp; &emsp;--- 04 May 23:22:35 559 - <b>0</b> - Page Load Wait: (Sync) - ICar.support.Utils.waitForPageLoad(Utils.java:109)</small> </font> </div>
<div class="test-message">&emsp;Successfully navigated to the :  https://www.i-car.com/product/group-16   Page&emsp;<a href=".\ScreenShot\URL_TC001_2718893173577700.png" target="_blank" >[ScreenShot]</a></div>
<div class="test-event"> <font color="maroon"> <small> &emsp; &emsp;--- 04 May 23:22:35 849 - Page URL:: https://www.i-car.com/product/group-16</small> </font> </div>
<div class="test-event"> <font color="maroon"> <small> &emsp; &emsp;--- 04 May 23:22:35 849 - <b>0</b> - Page Load Wait: (Sync) - ICar.support.Utils.waitForPageLoad(Utils.java:109)</small> </font> </div>
<div class="test-event"> <font color="maroon"> <small> &emsp; &emsp;--- 04 May 23:22:35 858 - Catched spinner load exception due to javascript error: {"status":32,"value":"An invalid or illegal selector was specified"}
  (Session info: chrome=124.0.6367.92)
Build info: version: '4.6.0', revision: '79f1c02ae20'
System info: os.name: 'Windows 10', os.arch: 'amd64', os.version: '10.0', java.version: '17.0.7'
Driver info: org.openqa.selenium.chrome.ChromeDriver
Command: [2cf28825ea7a8a419a5b05b8e5d35d84, findElement {using=css selector, value=div[class='slds-spinner slds-spinner_brand slds-spinner_small']>div:nth-child(2)r}]
Capabilities {acceptInsecureCerts: false, browserName: chrome, browserVersion: 124.0.6367.92, chrome: {chromedriverVersion: 124.0.6367.91 (51df0e5e17a8..., userDataDir: C:\Users\PRATHA~1.KUM\AppDa...}, fedcm:accounts: true, goog:chromeOptions: {debuggerAddress: localhost:49451}, networkConnectionEnabled: false, pageLoadStrategy: normal, platformName: WINDOWS, proxy: Proxy(), se:cdp: ws://localhost:49451/devtoo..., se:cdpVersion: 124.0.6367.92, setWindowRect: true, strictFileInteractability: false, timeouts: {implicit: 0, pageLoad: 300000, script: 30000}, unhandledPromptBehavior: dismiss and notify, webauthn:extension:credBlob: true, webauthn:extension:largeBlob: true, webauthn:extension:minPinLength: true, webauthn:extension:prf: true, webauthn:virtualAuthenticators: true}
Session ID: 2cf28825ea7a8a419a5b05b8e5d35d84</small> </font> </div>
<div class="test-event"> <font color="maroon"> <small> &emsp; &emsp;--- 04 May 23:22:35 858 - <b>0</b> - Spinner Load Wait: (Sync) - ICar.support.WaitUtils.waitForSpinner(WaitUtils.java:225)</small> </font> </div>
<div class="test-event"> <font color="maroon"> <small> &emsp; &emsp;--- 04 May 23:22:46 008 - Page URL:: https://www.i-car.com/product/group-16</small> </font> </div>
<div class="test-event"> <font color="maroon"> <small> &emsp; &emsp;--- 04 May 23:22:46 008 - <b>0</b> - Page Load Wait: (Sync) - ICar.support.Utils.waitForPageLoad(Utils.java:109)</small> </font> </div>
<div class="test-event"> <font color="maroon"> <small> &emsp; &emsp;--- 04 May 23:22:46 028 - Element is displayed:: [[ChromeDriver: chrome on WINDOWS (2cf28825ea7a8a419a5b05b8e5d35d84)] -> xpath: //a[contains(text(),'Back to Courses')]]</small> </font> </div>
<div class="test-event"> <font color="maroon"> <small> &emsp; &emsp;--- 04 May 23:22:53 072 - Catched spinner load exception due to javascript error: {"status":32,"value":"An invalid or illegal selector was specified"}
  (Session info: chrome=124.0.6367.92)
Build info: version: '4.6.0', revision: '79f1c02ae20'
System info: os.name: 'Windows 10', os.arch: 'amd64', os.version: '10.0', java.version: '17.0.7'
Driver info: org.openqa.selenium.chrome.ChromeDriver
Command: [2cf28825ea7a8a419a5b05b8e5d35d84, findElement {using=css selector, value=div[class='slds-spinner slds-spinner_brand slds-spinner_small']>div:nth-child(2)r}]
Capabilities {acceptInsecureCerts: false, browserName: chrome, browserVersion: 124.0.6367.92, chrome: {chromedriverVersion: 124.0.6367.91 (51df0e5e17a8..., userDataDir: C:\Users\PRATHA~1.KUM\AppDa...}, fedcm:accounts: true, goog:chromeOptions: {debuggerAddress: localhost:49451}, networkConnectionEnabled: false, pageLoadStrategy: normal, platformName: WINDOWS, proxy: Proxy(), se:cdp: ws://localhost:49451/devtoo..., se:cdpVersion: 124.0.6367.92, setWindowRect: true, strictFileInteractability: false, timeouts: {implicit: 0, pageLoad: 300000, script: 30000}, unhandledPromptBehavior: dismiss and notify, webauthn:extension:credBlob: true, webauthn:extension:largeBlob: true, webauthn:extension:minPinLength: true, webauthn:extension:prf: true, webauthn:virtualAuthenticators: true}
Session ID: 2cf28825ea7a8a419a5b05b8e5d35d84</small> </font> </div>
<div class="test-event"> <font color="maroon"> <small> &emsp; &emsp;--- 04 May 23:22:53 072 - <b>0</b> - Spinner Load Wait: (Sync) - ICar.support.WaitUtils.waitForSpinner(WaitUtils.java:225)</small> </font> </div>
<div class="test-message">&emsp;Back To Courses is displayed in the page </div>
<div class="test-message">&emsp;Successfully verified Back To Course Link&emsp;<a href=".\ScreenShot\URL_TC001_2718910695993800.png" target="_blank" >[ScreenShot]</a></div>
<div class="test-event"> <font color="maroon"> <small> &emsp; &emsp;--- 04 May 23:22:53 320 - Catched spinner load exception due to javascript error: {"status":32,"value":"An invalid or illegal selector was specified"}
  (Session info: chrome=124.0.6367.92)
Build info: version: '4.6.0', revision: '79f1c02ae20'
System info: os.name: 'Windows 10', os.arch: 'amd64', os.version: '10.0', java.version: '17.0.7'
Driver info: org.openqa.selenium.chrome.ChromeDriver
Command: [2cf28825ea7a8a419a5b05b8e5d35d84, findElement {using=css selector, value=div[class='slds-spinner slds-spinner_brand slds-spinner_small']>div:nth-child(2)r}]
Capabilities {acceptInsecureCerts: false, browserName: chrome, browserVersion: 124.0.6367.92, chrome: {chromedriverVersion: 124.0.6367.91 (51df0e5e17a8..., userDataDir: C:\Users\PRATHA~1.KUM\AppDa...}, fedcm:accounts: true, goog:chromeOptions: {debuggerAddress: localhost:49451}, networkConnectionEnabled: false, pageLoadStrategy: normal, platformName: WINDOWS, proxy: Proxy(), se:cdp: ws://localhost:49451/devtoo..., se:cdpVersion: 124.0.6367.92, setWindowRect: true, strictFileInteractability: false, timeouts: {implicit: 0, pageLoad: 300000, script: 30000}, unhandledPromptBehavior: dismiss and notify, webauthn:extension:credBlob: true, webauthn:extension:largeBlob: true, webauthn:extension:minPinLength: true, webauthn:extension:prf: true, webauthn:virtualAuthenticators: true}
Session ID: 2cf28825ea7a8a419a5b05b8e5d35d84</small> </font> </div>
<div class="test-event"> <font color="maroon"> <small> &emsp; &emsp;--- 04 May 23:22:53 320 - <b>0</b> - Spinner Load Wait: (Sync) - ICar.support.WaitUtils.waitForSpinner(WaitUtils.java:225)</small> </font> </div>
<div class="test-event"> <font color="maroon"> <small> &emsp; &emsp;--- 04 May 23:22:53 424 - Page URL:: https://www.i-car.com/product/group-16</small> </font> </div>
<div class="test-event"> <font color="maroon"> <small> &emsp; &emsp;--- 04 May 23:22:53 424 - <b>0</b> - Page Load Wait: (Sync) - ICar.support.Utils.waitForPageLoad(Utils.java:109)</small> </font> </div>
<div class="test-event"> <font color="maroon"> <small> &emsp; &emsp;--- 04 May 23:23:03 466 - Element is displayed:: [[ChromeDriver: chrome on WINDOWS (2cf28825ea7a8a419a5b05b8e5d35d84)] -> xpath: //div[@class='productDetails slds-p-bottom_large']//div[contains(@class,'slds-p-bottom_medium')]]</small> </font> </div>
<div class="test-message">&emsp;Course Name : Group16 is displayed in the URL page</div>
<div class="test-message">&emsp;Successfully verified the course name for relevant link&emsp;<a href=".\ScreenShot\URL_TC001_2718929098711800.png" target="_blank" >[ScreenShot]</a></div>
<div class="test-message">&emsp;
</div>
<div class="test-message">&emsp;52. URL is : https://www.i-car.com/product/brakes-system-overview</div>
<div class="test-event"> <font color="maroon"> <small> &emsp; &emsp;--- 04 May 23:23:12 659 - Page URL:: https://www.i-car.com/product/brakes-system-overview</small> </font> </div>
<div class="test-event"> <font color="maroon"> <small> &emsp; &emsp;--- 04 May 23:23:12 659 - <b>0</b> - Page Load Wait: (Sync) - ICar.support.Utils.waitForPageLoad(Utils.java:109)</small> </font> </div>
<div class="test-message">&emsp;Successfully navigated to the :  https://www.i-car.com/product/brakes-system-overview   Page&emsp;<a href=".\ScreenShot\URL_TC001_2718930274005700.png" target="_blank" >[ScreenShot]</a></div>
<div class="test-event"> <font color="maroon"> <small> &emsp; &emsp;--- 04 May 23:23:12 927 - Page URL:: https://www.i-car.com/product/brakes-system-overview</small> </font> </div>
<div class="test-event"> <font color="maroon"> <small> &emsp; &emsp;--- 04 May 23:23:12 927 - <b>0</b> - Page Load Wait: (Sync) - ICar.support.Utils.waitForPageLoad(Utils.java:109)</small> </font> </div>
<div class="test-event"> <font color="maroon"> <small> &emsp; &emsp;--- 04 May 23:23:12 936 - Catched spinner load exception due to javascript error: {"status":32,"value":"An invalid or illegal selector was specified"}
  (Session info: chrome=124.0.6367.92)
Build info: version: '4.6.0', revision: '79f1c02ae20'
System info: os.name: 'Windows 10', os.arch: 'amd64', os.version: '10.0', java.version: '17.0.7'
Driver info: org.openqa.selenium.chrome.ChromeDriver
Command: [2cf28825ea7a8a419a5b05b8e5d35d84, findElement {using=css selector, value=div[class='slds-spinner slds-spinner_brand slds-spinner_small']>div:nth-child(2)r}]
Capabilities {acceptInsecureCerts: false, browserName: chrome, browserVersion: 124.0.6367.92, chrome: {chromedriverVersion: 124.0.6367.91 (51df0e5e17a8..., userDataDir: C:\Users\PRATHA~1.KUM\AppDa...}, fedcm:accounts: true, goog:chromeOptions: {debuggerAddress: localhost:49451}, networkConnectionEnabled: false, pageLoadStrategy: normal, platformName: WINDOWS, proxy: Proxy(), se:cdp: ws://localhost:49451/devtoo..., se:cdpVersion: 124.0.6367.92, setWindowRect: true, strictFileInteractability: false, timeouts: {implicit: 0, pageLoad: 300000, script: 30000}, unhandledPromptBehavior: dismiss and notify, webauthn:extension:credBlob: true, webauthn:extension:largeBlob: true, webauthn:extension:minPinLength: true, webauthn:extension:prf: true, webauthn:virtualAuthenticators: true}
Session ID: 2cf28825ea7a8a419a5b05b8e5d35d84</small> </font> </div>
<div class="test-event"> <font color="maroon"> <small> &emsp; &emsp;--- 04 May 23:23:12 936 - <b>0</b> - Spinner Load Wait: (Sync) - ICar.support.WaitUtils.waitForSpinner(WaitUtils.java:225)</small> </font> </div>
<div class="test-event"> <font color="maroon"> <small> &emsp; &emsp;--- 04 May 23:23:23 012 - Page URL:: https://www.i-car.com/product/brakes-system-overview</small> </font> </div>
<div class="test-event"> <font color="maroon"> <small> &emsp; &emsp;--- 04 May 23:23:23 012 - <b>0</b> - Page Load Wait: (Sync) - ICar.support.Utils.waitForPageLoad(Utils.java:109)</small> </font> </div>
<div class="test-event"> <font color="maroon"> <small> &emsp; &emsp;--- 04 May 23:23:23 034 - Element is displayed:: [[ChromeDriver: chrome on WINDOWS (2cf28825ea7a8a419a5b05b8e5d35d84)] -> xpath: //a[contains(text(),'Back to Courses')]]</small> </font> </div>
<div class="test-event"> <font color="maroon"> <small> &emsp; &emsp;--- 04 May 23:23:30 085 - Catched spinner load exception due to javascript error: {"status":32,"value":"An invalid or illegal selector was specified"}
  (Session info: chrome=124.0.6367.92)
Build info: version: '4.6.0', revision: '79f1c02ae20'
System info: os.name: 'Windows 10', os.arch: 'amd64', os.version: '10.0', java.version: '17.0.7'
Driver info: org.openqa.selenium.chrome.ChromeDriver
Command: [2cf28825ea7a8a419a5b05b8e5d35d84, findElement {using=css selector, value=div[class='slds-spinner slds-spinner_brand slds-spinner_small']>div:nth-child(2)r}]
Capabilities {acceptInsecureCerts: false, browserName: chrome, browserVersion: 124.0.6367.92, chrome: {chromedriverVersion: 124.0.6367.91 (51df0e5e17a8..., userDataDir: C:\Users\PRATHA~1.KUM\AppDa...}, fedcm:accounts: true, goog:chromeOptions: {debuggerAddress: localhost:49451}, networkConnectionEnabled: false, pageLoadStrategy: normal, platformName: WINDOWS, proxy: Proxy(), se:cdp: ws://localhost:49451/devtoo..., se:cdpVersion: 124.0.6367.92, setWindowRect: true, strictFileInteractability: false, timeouts: {implicit: 0, pageLoad: 300000, script: 30000}, unhandledPromptBehavior: dismiss and notify, webauthn:extension:credBlob: true, webauthn:extension:largeBlob: true, webauthn:extension:minPinLength: true, webauthn:extension:prf: true, webauthn:virtualAuthenticators: true}
Session ID: 2cf28825ea7a8a419a5b05b8e5d35d84</small> </font> </div>
<div class="test-event"> <font color="maroon"> <small> &emsp; &emsp;--- 04 May 23:23:30 085 - <b>0</b> - Spinner Load Wait: (Sync) - ICar.support.WaitUtils.waitForSpinner(WaitUtils.java:225)</small> </font> </div>
<div class="test-message">&emsp;Back To Courses is displayed in the page </div>
<div class="test-message">&emsp;Successfully verified Back To Course Link&emsp;<a href=".\ScreenShot\URL_TC001_2718947712279300.png" target="_blank" >[ScreenShot]</a></div>
<div class="test-event"> <font color="maroon"> <small> &emsp; &emsp;--- 04 May 23:23:30 646 - Catched spinner load exception due to javascript error: {"status":32,"value":"An invalid or illegal selector was specified"}
  (Session info: chrome=124.0.6367.92)
Build info: version: '4.6.0', revision: '79f1c02ae20'
System info: os.name: 'Windows 10', os.arch: 'amd64', os.version: '10.0', java.version: '17.0.7'
Driver info: org.openqa.selenium.chrome.ChromeDriver
Command: [2cf28825ea7a8a419a5b05b8e5d35d84, findElement {using=css selector, value=div[class='slds-spinner slds-spinner_brand slds-spinner_small']>div:nth-child(2)r}]
Capabilities {acceptInsecureCerts: false, browserName: chrome, browserVersion: 124.0.6367.92, chrome: {chromedriverVersion: 124.0.6367.91 (51df0e5e17a8..., userDataDir: C:\Users\PRATHA~1.KUM\AppDa...}, fedcm:accounts: true, goog:chromeOptions: {debuggerAddress: localhost:49451}, networkConnectionEnabled: false, pageLoadStrategy: normal, platformName: WINDOWS, proxy: Proxy(), se:cdp: ws://localhost:49451/devtoo..., se:cdpVersion: 124.0.6367.92, setWindowRect: true, strictFileInteractability: false, timeouts: {implicit: 0, pageLoad: 300000, script: 30000}, unhandledPromptBehavior: dismiss and notify, webauthn:extension:credBlob: true, webauthn:extension:largeBlob: true, webauthn:extension:minPinLength: true, webauthn:extension:prf: true, webauthn:virtualAuthenticators: true}
Session ID: 2cf28825ea7a8a419a5b05b8e5d35d84</small> </font> </div>
<div class="test-event"> <font color="maroon"> <small> &emsp; &emsp;--- 04 May 23:23:30 646 - <b>0</b> - Spinner Load Wait: (Sync) - ICar.support.WaitUtils.waitForSpinner(WaitUtils.java:225)</small> </font> </div>
<div class="test-event"> <font color="maroon"> <small> &emsp; &emsp;--- 04 May 23:23:30 709 - Page URL:: https://www.i-car.com/product/brakes-system-overview</small> </font> </div>
<div class="test-event"> <font color="maroon"> <small> &emsp; &emsp;--- 04 May 23:23:30 709 - <b>0</b> - Page Load Wait: (Sync) - ICar.support.Utils.waitForPageLoad(Utils.java:109)</small> </font> </div>
<div class="test-event"> <font color="maroon"> <small> &emsp; &emsp;--- 04 May 23:23:40 763 - Element is displayed:: [[ChromeDriver: chrome on WINDOWS (2cf28825ea7a8a419a5b05b8e5d35d84)] -> xpath: //div[@class='productDetails slds-p-bottom_large']//div[contains(@class,'slds-p-bottom_medium')]]</small> </font> </div>
<div class="test-message">&emsp;Course Name : BrakesSystemOverview is displayed in the URL page</div>
<div class="test-message">&emsp;Successfully verified the course name for relevant link&emsp;<a href=".\ScreenShot\URL_TC001_2718966402676400.png" target="_blank" >[ScreenShot]</a></div>
<div class="test-message">&emsp;
</div>
<div class="test-message">&emsp;53. URL is : https://www.i-car.com/product/group-1</div>
<div class="test-event"> <font color="maroon"> <small> &emsp; &emsp;--- 04 May 23:23:50 057 - Page URL:: https://www.i-car.com/product/group-1</small> </font> </div>
<div class="test-event"> <font color="maroon"> <small> &emsp; &emsp;--- 04 May 23:23:50 057 - <b>0</b> - Page Load Wait: (Sync) - ICar.support.Utils.waitForPageLoad(Utils.java:109)</small> </font> </div>
<div class="test-message">&emsp;Successfully navigated to the :  https://www.i-car.com/product/group-1   Page&emsp;<a href=".\ScreenShot\URL_TC001_2718967671038000.png" target="_blank" >[ScreenShot]</a></div>
<div class="test-event"> <font color="maroon"> <small> &emsp; &emsp;--- 04 May 23:23:50 364 - Page URL:: https://www.i-car.com/product/group-1</small> </font> </div>
<div class="test-event"> <font color="maroon"> <small> &emsp; &emsp;--- 04 May 23:23:50 364 - <b>0</b> - Page Load Wait: (Sync) - ICar.support.Utils.waitForPageLoad(Utils.java:109)</small> </font> </div>
<div class="test-event"> <font color="maroon"> <small> &emsp; &emsp;--- 04 May 23:23:50 372 - Catched spinner load exception due to javascript error: {"status":32,"value":"An invalid or illegal selector was specified"}
  (Session info: chrome=124.0.6367.92)
Build info: version: '4.6.0', revision: '79f1c02ae20'
System info: os.name: 'Windows 10', os.arch: 'amd64', os.version: '10.0', java.version: '17.0.7'
Driver info: org.openqa.selenium.chrome.ChromeDriver
Command: [2cf28825ea7a8a419a5b05b8e5d35d84, findElement {using=css selector, value=div[class='slds-spinner slds-spinner_brand slds-spinner_small']>div:nth-child(2)r}]
Capabilities {acceptInsecureCerts: false, browserName: chrome, browserVersion: 124.0.6367.92, chrome: {chromedriverVersion: 124.0.6367.91 (51df0e5e17a8..., userDataDir: C:\Users\PRATHA~1.KUM\AppDa...}, fedcm:accounts: true, goog:chromeOptions: {debuggerAddress: localhost:49451}, networkConnectionEnabled: false, pageLoadStrategy: normal, platformName: WINDOWS, proxy: Proxy(), se:cdp: ws://localhost:49451/devtoo..., se:cdpVersion: 124.0.6367.92, setWindowRect: true, strictFileInteractability: false, timeouts: {implicit: 0, pageLoad: 300000, script: 30000}, unhandledPromptBehavior: dismiss and notify, webauthn:extension:credBlob: true, webauthn:extension:largeBlob: true, webauthn:extension:minPinLength: true, webauthn:extension:prf: true, webauthn:virtualAuthenticators: true}
Session ID: 2cf28825ea7a8a419a5b05b8e5d35d84</small> </font> </div>
<div class="test-event"> <font color="maroon"> <small> &emsp; &emsp;--- 04 May 23:23:50 372 - <b>0</b> - Spinner Load Wait: (Sync) - ICar.support.WaitUtils.waitForSpinner(WaitUtils.java:225)</small> </font> </div>
<div class="test-event"> <font color="maroon"> <small> &emsp; &emsp;--- 04 May 23:24:00 525 - Page URL:: https://www.i-car.com/product/group-1</small> </font> </div>
<div class="test-event"> <font color="maroon"> <small> &emsp; &emsp;--- 04 May 23:24:00 525 - <b>0</b> - Page Load Wait: (Sync) - ICar.support.Utils.waitForPageLoad(Utils.java:109)</small> </font> </div>
<div class="test-event"> <font color="maroon"> <small> &emsp; &emsp;--- 04 May 23:24:00 543 - Element is displayed:: [[ChromeDriver: chrome on WINDOWS (2cf28825ea7a8a419a5b05b8e5d35d84)] -> xpath: //a[contains(text(),'Back to Courses')]]</small> </font> </div>
<div class="test-event"> <font color="maroon"> <small> &emsp; &emsp;--- 04 May 23:24:07 581 - Catched spinner load exception due to javascript error: {"status":32,"value":"An invalid or illegal selector was specified"}
  (Session info: chrome=124.0.6367.92)
Build info: version: '4.6.0', revision: '79f1c02ae20'
System info: os.name: 'Windows 10', os.arch: 'amd64', os.version: '10.0', java.version: '17.0.7'
Driver info: org.openqa.selenium.chrome.ChromeDriver
Command: [2cf28825ea7a8a419a5b05b8e5d35d84, findElement {using=css selector, value=div[class='slds-spinner slds-spinner_brand slds-spinner_small']>div:nth-child(2)r}]
Capabilities {acceptInsecureCerts: false, browserName: chrome, browserVersion: 124.0.6367.92, chrome: {chromedriverVersion: 124.0.6367.91 (51df0e5e17a8..., userDataDir: C:\Users\PRATHA~1.KUM\AppDa...}, fedcm:accounts: true, goog:chromeOptions: {debuggerAddress: localhost:49451}, networkConnectionEnabled: false, pageLoadStrategy: normal, platformName: WINDOWS, proxy: Proxy(), se:cdp: ws://localhost:49451/devtoo..., se:cdpVersion: 124.0.6367.92, setWindowRect: true, strictFileInteractability: false, timeouts: {implicit: 0, pageLoad: 300000, script: 30000}, unhandledPromptBehavior: dismiss and notify, webauthn:extension:credBlob: true, webauthn:extension:largeBlob: true, webauthn:extension:minPinLength: true, webauthn:extension:prf: true, webauthn:virtualAuthenticators: true}
Session ID: 2cf28825ea7a8a419a5b05b8e5d35d84</small> </font> </div>
<div class="test-event"> <font color="maroon"> <small> &emsp; &emsp;--- 04 May 23:24:07 582 - <b>0</b> - Spinner Load Wait: (Sync) - ICar.support.WaitUtils.waitForSpinner(WaitUtils.java:225)</small> </font> </div>
<div class="test-message">&emsp;Back To Courses is displayed in the page </div>
<div class="test-message">&emsp;Successfully verified Back To Course Link&emsp;<a href=".\ScreenShot\URL_TC001_2718985206134000.png" target="_blank" >[ScreenShot]</a></div>
<div class="test-event"> <font color="maroon"> <small> &emsp; &emsp;--- 04 May 23:24:08 170 - Catched spinner load exception due to javascript error: {"status":32,"value":"An invalid or illegal selector was specified"}
  (Session info: chrome=124.0.6367.92)
Build info: version: '4.6.0', revision: '79f1c02ae20'
System info: os.name: 'Windows 10', os.arch: 'amd64', os.version: '10.0', java.version: '17.0.7'
Driver info: org.openqa.selenium.chrome.ChromeDriver
Command: [2cf28825ea7a8a419a5b05b8e5d35d84, findElement {using=css selector, value=div[class='slds-spinner slds-spinner_brand slds-spinner_small']>div:nth-child(2)r}]
Capabilities {acceptInsecureCerts: false, browserName: chrome, browserVersion: 124.0.6367.92, chrome: {chromedriverVersion: 124.0.6367.91 (51df0e5e17a8..., userDataDir: C:\Users\PRATHA~1.KUM\AppDa...}, fedcm:accounts: true, goog:chromeOptions: {debuggerAddress: localhost:49451}, networkConnectionEnabled: false, pageLoadStrategy: normal, platformName: WINDOWS, proxy: Proxy(), se:cdp: ws://localhost:49451/devtoo..., se:cdpVersion: 124.0.6367.92, setWindowRect: true, strictFileInteractability: false, timeouts: {implicit: 0, pageLoad: 300000, script: 30000}, unhandledPromptBehavior: dismiss and notify, webauthn:extension:credBlob: true, webauthn:extension:largeBlob: true, webauthn:extension:minPinLength: true, webauthn:extension:prf: true, webauthn:virtualAuthenticators: true}
Session ID: 2cf28825ea7a8a419a5b05b8e5d35d84</small> </font> </div>
<div class="test-event"> <font color="maroon"> <small> &emsp; &emsp;--- 04 May 23:24:08 170 - <b>0</b> - Spinner Load Wait: (Sync) - ICar.support.WaitUtils.waitForSpinner(WaitUtils.java:225)</small> </font> </div>
<div class="test-event"> <font color="maroon"> <small> &emsp; &emsp;--- 04 May 23:24:08 269 - Page URL:: https://www.i-car.com/product/group-1</small> </font> </div>
<div class="test-event"> <font color="maroon"> <small> &emsp; &emsp;--- 04 May 23:24:08 269 - <b>0</b> - Page Load Wait: (Sync) - ICar.support.Utils.waitForPageLoad(Utils.java:109)</small> </font> </div>
<div class="test-event"> <font color="maroon"> <small> &emsp; &emsp;--- 04 May 23:24:18 335 - Element is displayed:: [[ChromeDriver: chrome on WINDOWS (2cf28825ea7a8a419a5b05b8e5d35d84)] -> xpath: //div[@class='productDetails slds-p-bottom_large']//div[contains(@class,'slds-p-bottom_medium')]]</small> </font> </div>
<div class="test-message">&emsp;Course Name : Group01 is not displayed in the URL pageName from Excel :group1</div>
<div class="test-result"><font color="red">&emsp;Failed to verify the course name for relevant link</font><a href=".\ScreenShot\URL_TC001_2719003967733100.png" target="_blank" >[ScreenShot]</a></div>
<!--FAILSOFT-->
<div class="test-message">&emsp;
</div>
<div class="test-message">&emsp;54. URL is : https://www.i-car.com/product/learning-culture-overview</div>
<div class="test-event"> <font color="maroon"> <small> &emsp; &emsp;--- 04 May 23:24:27 714 - Page URL:: https://www.i-car.com/product/learning-culture-overview</small> </font> </div>
<div class="test-event"> <font color="maroon"> <small> &emsp; &emsp;--- 04 May 23:24:27 714 - <b>0</b> - Page Load Wait: (Sync) - ICar.support.Utils.waitForPageLoad(Utils.java:109)</small> </font> </div>
<div class="test-message">&emsp;Successfully navigated to the :  https://www.i-car.com/product/learning-culture-overview   Page&emsp;<a href=".\ScreenShot\URL_TC001_2719005327270300.png" target="_blank" >[ScreenShot]</a></div>
<div class="test-event"> <font color="maroon"> <small> &emsp; &emsp;--- 04 May 23:24:28 012 - Page URL:: https://www.i-car.com/product/learning-culture-overview</small> </font> </div>
<div class="test-event"> <font color="maroon"> <small> &emsp; &emsp;--- 04 May 23:24:28 012 - <b>0</b> - Page Load Wait: (Sync) - ICar.support.Utils.waitForPageLoad(Utils.java:109)</small> </font> </div>
<div class="test-event"> <font color="maroon"> <small> &emsp; &emsp;--- 04 May 23:24:28 022 - Catched spinner load exception due to javascript error: {"status":32,"value":"An invalid or illegal selector was specified"}
  (Session info: chrome=124.0.6367.92)
Build info: version: '4.6.0', revision: '79f1c02ae20'
System info: os.name: 'Windows 10', os.arch: 'amd64', os.version: '10.0', java.version: '17.0.7'
Driver info: org.openqa.selenium.chrome.ChromeDriver
Command: [2cf28825ea7a8a419a5b05b8e5d35d84, findElement {using=css selector, value=div[class='slds-spinner slds-spinner_brand slds-spinner_small']>div:nth-child(2)r}]
Capabilities {acceptInsecureCerts: false, browserName: chrome, browserVersion: 124.0.6367.92, chrome: {chromedriverVersion: 124.0.6367.91 (51df0e5e17a8..., userDataDir: C:\Users\PRATHA~1.KUM\AppDa...}, fedcm:accounts: true, goog:chromeOptions: {debuggerAddress: localhost:49451}, networkConnectionEnabled: false, pageLoadStrategy: normal, platformName: WINDOWS, proxy: Proxy(), se:cdp: ws://localhost:49451/devtoo..., se:cdpVersion: 124.0.6367.92, setWindowRect: true, strictFileInteractability: false, timeouts: {implicit: 0, pageLoad: 300000, script: 30000}, unhandledPromptBehavior: dismiss and notify, webauthn:extension:credBlob: true, webauthn:extension:largeBlob: true, webauthn:extension:minPinLength: true, webauthn:extension:prf: true, webauthn:virtualAuthenticators: true}
Session ID: 2cf28825ea7a8a419a5b05b8e5d35d84</small> </font> </div>
<div class="test-event"> <font color="maroon"> <small> &emsp; &emsp;--- 04 May 23:24:28 022 - <b>0</b> - Spinner Load Wait: (Sync) - ICar.support.WaitUtils.waitForSpinner(WaitUtils.java:225)</small> </font> </div>
<div class="test-event"> <font color="maroon"> <small> &emsp; &emsp;--- 04 May 23:24:38 129 - Page URL:: https://www.i-car.com/product/learning-culture-overview</small> </font> </div>
<div class="test-event"> <font color="maroon"> <small> &emsp; &emsp;--- 04 May 23:24:38 129 - <b>0</b> - Page Load Wait: (Sync) - ICar.support.Utils.waitForPageLoad(Utils.java:109)</small> </font> </div>
<div class="test-event"> <font color="maroon"> <small> &emsp; &emsp;--- 04 May 23:24:38 150 - Element is displayed:: [[ChromeDriver: chrome on WINDOWS (2cf28825ea7a8a419a5b05b8e5d35d84)] -> xpath: //a[contains(text(),'Back to Courses')]]</small> </font> </div>
<div class="test-event"> <font color="maroon"> <small> &emsp; &emsp;--- 04 May 23:24:45 193 - Catched spinner load exception due to javascript error: {"status":32,"value":"An invalid or illegal selector was specified"}
  (Session info: chrome=124.0.6367.92)
Build info: version: '4.6.0', revision: '79f1c02ae20'
System info: os.name: 'Windows 10', os.arch: 'amd64', os.version: '10.0', java.version: '17.0.7'
Driver info: org.openqa.selenium.chrome.ChromeDriver
Command: [2cf28825ea7a8a419a5b05b8e5d35d84, findElement {using=css selector, value=div[class='slds-spinner slds-spinner_brand slds-spinner_small']>div:nth-child(2)r}]
Capabilities {acceptInsecureCerts: false, browserName: chrome, browserVersion: 124.0.6367.92, chrome: {chromedriverVersion: 124.0.6367.91 (51df0e5e17a8..., userDataDir: C:\Users\PRATHA~1.KUM\AppDa...}, fedcm:accounts: true, goog:chromeOptions: {debuggerAddress: localhost:49451}, networkConnectionEnabled: false, pageLoadStrategy: normal, platformName: WINDOWS, proxy: Proxy(), se:cdp: ws://localhost:49451/devtoo..., se:cdpVersion: 124.0.6367.92, setWindowRect: true, strictFileInteractability: false, timeouts: {implicit: 0, pageLoad: 300000, script: 30000}, unhandledPromptBehavior: dismiss and notify, webauthn:extension:credBlob: true, webauthn:extension:largeBlob: true, webauthn:extension:minPinLength: true, webauthn:extension:prf: true, webauthn:virtualAuthenticators: true}
Session ID: 2cf28825ea7a8a419a5b05b8e5d35d84</small> </font> </div>
<div class="test-event"> <font color="maroon"> <small> &emsp; &emsp;--- 04 May 23:24:45 194 - <b>0</b> - Spinner Load Wait: (Sync) - ICar.support.WaitUtils.waitForSpinner(WaitUtils.java:225)</small> </font> </div>
<div class="test-message">&emsp;Back To Courses is displayed in the page </div>
<div class="test-message">&emsp;Successfully verified Back To Course Link&emsp;<a href=".\ScreenShot\URL_TC001_2719022830149600.png" target="_blank" >[ScreenShot]</a></div>
<div class="test-event"> <font color="maroon"> <small> &emsp; &emsp;--- 04 May 23:24:45 439 - Catched spinner load exception due to javascript error: {"status":32,"value":"An invalid or illegal selector was specified"}
  (Session info: chrome=124.0.6367.92)
Build info: version: '4.6.0', revision: '79f1c02ae20'
System info: os.name: 'Windows 10', os.arch: 'amd64', os.version: '10.0', java.version: '17.0.7'
Driver info: org.openqa.selenium.chrome.ChromeDriver
Command: [2cf28825ea7a8a419a5b05b8e5d35d84, findElement {using=css selector, value=div[class='slds-spinner slds-spinner_brand slds-spinner_small']>div:nth-child(2)r}]
Capabilities {acceptInsecureCerts: false, browserName: chrome, browserVersion: 124.0.6367.92, chrome: {chromedriverVersion: 124.0.6367.91 (51df0e5e17a8..., userDataDir: C:\Users\PRATHA~1.KUM\AppDa...}, fedcm:accounts: true, goog:chromeOptions: {debuggerAddress: localhost:49451}, networkConnectionEnabled: false, pageLoadStrategy: normal, platformName: WINDOWS, proxy: Proxy(), se:cdp: ws://localhost:49451/devtoo..., se:cdpVersion: 124.0.6367.92, setWindowRect: true, strictFileInteractability: false, timeouts: {implicit: 0, pageLoad: 300000, script: 30000}, unhandledPromptBehavior: dismiss and notify, webauthn:extension:credBlob: true, webauthn:extension:largeBlob: true, webauthn:extension:minPinLength: true, webauthn:extension:prf: true, webauthn:virtualAuthenticators: true}
Session ID: 2cf28825ea7a8a419a5b05b8e5d35d84</small> </font> </div>
<div class="test-event"> <font color="maroon"> <small> &emsp; &emsp;--- 04 May 23:24:45 439 - <b>0</b> - Spinner Load Wait: (Sync) - ICar.support.WaitUtils.waitForSpinner(WaitUtils.java:225)</small> </font> </div>
<div class="test-event"> <font color="maroon"> <small> &emsp; &emsp;--- 04 May 23:24:45 505 - Page URL:: https://www.i-car.com/product/learning-culture-overview</small> </font> </div>
<div class="test-event"> <font color="maroon"> <small> &emsp; &emsp;--- 04 May 23:24:45 505 - <b>0</b> - Page Load Wait: (Sync) - ICar.support.Utils.waitForPageLoad(Utils.java:109)</small> </font> </div>
<div class="test-event"> <font color="maroon"> <small> &emsp; &emsp;--- 04 May 23:24:55 559 - Element is displayed:: [[ChromeDriver: chrome on WINDOWS (2cf28825ea7a8a419a5b05b8e5d35d84)] -> xpath: //div[@class='productDetails slds-p-bottom_large']//div[contains(@class,'slds-p-bottom_medium')]]</small> </font> </div>
<div class="test-message">&emsp;Course Name : LearningCultureOverview is displayed in the URL page</div>
<div class="test-message">&emsp;Successfully verified the course name for relevant link&emsp;<a href=".\ScreenShot\URL_TC001_2719041191474200.png" target="_blank" >[ScreenShot]</a></div>
<div class="test-message">&emsp;
</div>
<div class="test-message">&emsp;55. URL is : https://www.i-car.com/product/improving-your-shops-cycle-time</div>
<div class="test-event"> <font color="maroon"> <small> &emsp; &emsp;--- 04 May 23:25:08 880 - Page URL:: https://www.i-car.com/product/improving-your-shops-cycle-time</small> </font> </div>
<div class="test-event"> <font color="maroon"> <small> &emsp; &emsp;--- 04 May 23:25:08 880 - <b>4</b> - Page Load Wait: (Sync) - ICar.support.Utils.waitForPageLoad(Utils.java:109)</small> </font> </div>
<div class="test-message">&emsp;Successfully navigated to the :  https://www.i-car.com/product/improving-your-shops-cycle-time   Page&emsp;<a href=".\ScreenShot\URL_TC001_2719046494153300.png" target="_blank" >[ScreenShot]</a></div>
<div class="test-event"> <font color="maroon"> <small> &emsp; &emsp;--- 04 May 23:25:09 154 - Page URL:: https://www.i-car.com/product/improving-your-shops-cycle-time</small> </font> </div>
<div class="test-event"> <font color="maroon"> <small> &emsp; &emsp;--- 04 May 23:25:09 155 - <b>0</b> - Page Load Wait: (Sync) - ICar.support.Utils.waitForPageLoad(Utils.java:109)</small> </font> </div>
<div class="test-event"> <font color="maroon"> <small> &emsp; &emsp;--- 04 May 23:25:09 164 - Catched spinner load exception due to javascript error: {"status":32,"value":"An invalid or illegal selector was specified"}
  (Session info: chrome=124.0.6367.92)
Build info: version: '4.6.0', revision: '79f1c02ae20'
System info: os.name: 'Windows 10', os.arch: 'amd64', os.version: '10.0', java.version: '17.0.7'
Driver info: org.openqa.selenium.chrome.ChromeDriver
Command: [2cf28825ea7a8a419a5b05b8e5d35d84, findElement {using=css selector, value=div[class='slds-spinner slds-spinner_brand slds-spinner_small']>div:nth-child(2)r}]
Capabilities {acceptInsecureCerts: false, browserName: chrome, browserVersion: 124.0.6367.92, chrome: {chromedriverVersion: 124.0.6367.91 (51df0e5e17a8..., userDataDir: C:\Users\PRATHA~1.KUM\AppDa...}, fedcm:accounts: true, goog:chromeOptions: {debuggerAddress: localhost:49451}, networkConnectionEnabled: false, pageLoadStrategy: normal, platformName: WINDOWS, proxy: Proxy(), se:cdp: ws://localhost:49451/devtoo..., se:cdpVersion: 124.0.6367.92, setWindowRect: true, strictFileInteractability: false, timeouts: {implicit: 0, pageLoad: 300000, script: 30000}, unhandledPromptBehavior: dismiss and notify, webauthn:extension:credBlob: true, webauthn:extension:largeBlob: true, webauthn:extension:minPinLength: true, webauthn:extension:prf: true, webauthn:virtualAuthenticators: true}
Session ID: 2cf28825ea7a8a419a5b05b8e5d35d84</small> </font> </div>
<div class="test-event"> <font color="maroon"> <small> &emsp; &emsp;--- 04 May 23:25:09 164 - <b>0</b> - Spinner Load Wait: (Sync) - ICar.support.WaitUtils.waitForSpinner(WaitUtils.java:225)</small> </font> </div>
<div class="test-event"> <font color="maroon"> <small> &emsp; &emsp;--- 04 May 23:25:19 247 - Page URL:: https://www.i-car.com/product/improving-your-shops-cycle-time</small> </font> </div>
<div class="test-event"> <font color="maroon"> <small> &emsp; &emsp;--- 04 May 23:25:19 247 - <b>0</b> - Page Load Wait: (Sync) - ICar.support.Utils.waitForPageLoad(Utils.java:109)</small> </font> </div>
<div class="test-event"> <font color="maroon"> <small> &emsp; &emsp;--- 04 May 23:25:19 265 - Element is displayed:: [[ChromeDriver: chrome on WINDOWS (2cf28825ea7a8a419a5b05b8e5d35d84)] -> xpath: //a[contains(text(),'Back to Courses')]]</small> </font> </div>
<div class="test-event"> <font color="maroon"> <small> &emsp; &emsp;--- 04 May 23:25:26 322 - Catched spinner load exception due to javascript error: {"status":32,"value":"An invalid or illegal selector was specified"}
  (Session info: chrome=124.0.6367.92)
Build info: version: '4.6.0', revision: '79f1c02ae20'
System info: os.name: 'Windows 10', os.arch: 'amd64', os.version: '10.0', java.version: '17.0.7'
Driver info: org.openqa.selenium.chrome.ChromeDriver
Command: [2cf28825ea7a8a419a5b05b8e5d35d84, findElement {using=css selector, value=div[class='slds-spinner slds-spinner_brand slds-spinner_small']>div:nth-child(2)r}]
Capabilities {acceptInsecureCerts: false, browserName: chrome, browserVersion: 124.0.6367.92, chrome: {chromedriverVersion: 124.0.6367.91 (51df0e5e17a8..., userDataDir: C:\Users\PRATHA~1.KUM\AppDa...}, fedcm:accounts: true, goog:chromeOptions: {debuggerAddress: localhost:49451}, networkConnectionEnabled: false, pageLoadStrategy: normal, platformName: WINDOWS, proxy: Proxy(), se:cdp: ws://localhost:49451/devtoo..., se:cdpVersion: 124.0.6367.92, setWindowRect: true, strictFileInteractability: false, timeouts: {implicit: 0, pageLoad: 300000, script: 30000}, unhandledPromptBehavior: dismiss and notify, webauthn:extension:credBlob: true, webauthn:extension:largeBlob: true, webauthn:extension:minPinLength: true, webauthn:extension:prf: true, webauthn:virtualAuthenticators: true}
Session ID: 2cf28825ea7a8a419a5b05b8e5d35d84</small> </font> </div>
<div class="test-event"> <font color="maroon"> <small> &emsp; &emsp;--- 04 May 23:25:26 322 - <b>0</b> - Spinner Load Wait: (Sync) - ICar.support.WaitUtils.waitForSpinner(WaitUtils.java:225)</small> </font> </div>
<div class="test-message">&emsp;Back To Courses is displayed in the page </div>
<div class="test-message">&emsp;Successfully verified Back To Course Link&emsp;<a href=".\ScreenShot\URL_TC001_2719063962838900.png" target="_blank" >[ScreenShot]</a></div>
<div class="test-event"> <font color="maroon"> <small> &emsp; &emsp;--- 04 May 23:25:26 573 - Catched spinner load exception due to javascript error: {"status":32,"value":"An invalid or illegal selector was specified"}
  (Session info: chrome=124.0.6367.92)
Build info: version: '4.6.0', revision: '79f1c02ae20'
System info: os.name: 'Windows 10', os.arch: 'amd64', os.version: '10.0', java.version: '17.0.7'
Driver info: org.openqa.selenium.chrome.ChromeDriver
Command: [2cf28825ea7a8a419a5b05b8e5d35d84, findElement {using=css selector, value=div[class='slds-spinner slds-spinner_brand slds-spinner_small']>div:nth-child(2)r}]
Capabilities {acceptInsecureCerts: false, browserName: chrome, browserVersion: 124.0.6367.92, chrome: {chromedriverVersion: 124.0.6367.91 (51df0e5e17a8..., userDataDir: C:\Users\PRATHA~1.KUM\AppDa...}, fedcm:accounts: true, goog:chromeOptions: {debuggerAddress: localhost:49451}, networkConnectionEnabled: false, pageLoadStrategy: normal, platformName: WINDOWS, proxy: Proxy(), se:cdp: ws://localhost:49451/devtoo..., se:cdpVersion: 124.0.6367.92, setWindowRect: true, strictFileInteractability: false, timeouts: {implicit: 0, pageLoad: 300000, script: 30000}, unhandledPromptBehavior: dismiss and notify, webauthn:extension:credBlob: true, webauthn:extension:largeBlob: true, webauthn:extension:minPinLength: true, webauthn:extension:prf: true, webauthn:virtualAuthenticators: true}
Session ID: 2cf28825ea7a8a419a5b05b8e5d35d84</small> </font> </div>
<div class="test-event"> <font color="maroon"> <small> &emsp; &emsp;--- 04 May 23:25:26 573 - <b>0</b> - Spinner Load Wait: (Sync) - ICar.support.WaitUtils.waitForSpinner(WaitUtils.java:225)</small> </font> </div>
<div class="test-event"> <font color="maroon"> <small> &emsp; &emsp;--- 04 May 23:25:26 649 - Page URL:: https://www.i-car.com/product/improving-your-shops-cycle-time</small> </font> </div>
<div class="test-event"> <font color="maroon"> <small> &emsp; &emsp;--- 04 May 23:25:26 649 - <b>0</b> - Page Load Wait: (Sync) - ICar.support.Utils.waitForPageLoad(Utils.java:109)</small> </font> </div>
<div class="test-event"> <font color="maroon"> <small> &emsp; &emsp;--- 04 May 23:25:36 705 - Element is displayed:: [[ChromeDriver: chrome on WINDOWS (2cf28825ea7a8a419a5b05b8e5d35d84)] -> xpath: //div[@class='productDetails slds-p-bottom_large']//div[contains(@class,'slds-p-bottom_medium')]]</small> </font> </div>
<div class="test-message">&emsp;Course Name : ImprovingYourShopsCycleTime is displayed in the URL page</div>
<div class="test-message">&emsp;Successfully verified the course name for relevant link&emsp;<a href=".\ScreenShot\URL_TC001_2719082338037600.png" target="_blank" >[ScreenShot]</a></div>
<div class="test-message">&emsp;
</div>
<div class="test-message">&emsp;56. URL is : https://www.i-car.com/product/fullframe-replacement</div>
<div class="test-event"> <font color="maroon"> <small> &emsp; &emsp;--- 04 May 23:25:45 992 - Page URL:: https://www.i-car.com/product/fullframe-replacement</small> </font> </div>
<div class="test-event"> <font color="maroon"> <small> &emsp; &emsp;--- 04 May 23:25:45 992 - <b>0</b> - Page Load Wait: (Sync) - ICar.support.Utils.waitForPageLoad(Utils.java:109)</small> </font> </div>
<div class="test-message">&emsp;Successfully navigated to the :  https://www.i-car.com/product/fullframe-replacement   Page&emsp;<a href=".\ScreenShot\URL_TC001_2719083605874600.png" target="_blank" >[ScreenShot]</a></div>
<div class="test-event"> <font color="maroon"> <small> &emsp; &emsp;--- 04 May 23:25:46 281 - Page URL:: https://www.i-car.com/product/fullframe-replacement</small> </font> </div>
<div class="test-event"> <font color="maroon"> <small> &emsp; &emsp;--- 04 May 23:25:46 281 - <b>0</b> - Page Load Wait: (Sync) - ICar.support.Utils.waitForPageLoad(Utils.java:109)</small> </font> </div>
<div class="test-event"> <font color="maroon"> <small> &emsp; &emsp;--- 04 May 23:25:46 289 - Catched spinner load exception due to javascript error: {"status":32,"value":"An invalid or illegal selector was specified"}
  (Session info: chrome=124.0.6367.92)
Build info: version: '4.6.0', revision: '79f1c02ae20'
System info: os.name: 'Windows 10', os.arch: 'amd64', os.version: '10.0', java.version: '17.0.7'
Driver info: org.openqa.selenium.chrome.ChromeDriver
Command: [2cf28825ea7a8a419a5b05b8e5d35d84, findElement {using=css selector, value=div[class='slds-spinner slds-spinner_brand slds-spinner_small']>div:nth-child(2)r}]
Capabilities {acceptInsecureCerts: false, browserName: chrome, browserVersion: 124.0.6367.92, chrome: {chromedriverVersion: 124.0.6367.91 (51df0e5e17a8..., userDataDir: C:\Users\PRATHA~1.KUM\AppDa...}, fedcm:accounts: true, goog:chromeOptions: {debuggerAddress: localhost:49451}, networkConnectionEnabled: false, pageLoadStrategy: normal, platformName: WINDOWS, proxy: Proxy(), se:cdp: ws://localhost:49451/devtoo..., se:cdpVersion: 124.0.6367.92, setWindowRect: true, strictFileInteractability: false, timeouts: {implicit: 0, pageLoad: 300000, script: 30000}, unhandledPromptBehavior: dismiss and notify, webauthn:extension:credBlob: true, webauthn:extension:largeBlob: true, webauthn:extension:minPinLength: true, webauthn:extension:prf: true, webauthn:virtualAuthenticators: true}
Session ID: 2cf28825ea7a8a419a5b05b8e5d35d84</small> </font> </div>
<div class="test-event"> <font color="maroon"> <small> &emsp; &emsp;--- 04 May 23:25:46 290 - <b>0</b> - Spinner Load Wait: (Sync) - ICar.support.WaitUtils.waitForSpinner(WaitUtils.java:225)</small> </font> </div>
<div class="test-message">&emsp;Error while verifying the URL page  : no such element: Unable to locate element: {"method":"xpath","selector":"//a[contains(text(),'Back to Courses')]"}
  (Session info: chrome=124.0.6367.92)
For documentation on this error, please visit: https://selenium.dev/exceptions/#no_such_element
Build info: version: '4.6.0', revision: '79f1c02ae20'
System info: os.name: 'Windows 10', os.arch: 'amd64', os.version: '10.0', java.version: '17.0.7'
Driver info: org.openqa.selenium.chrome.ChromeDriver
Command: [2cf28825ea7a8a419a5b05b8e5d35d84, findElement {using=xpath, value=//a[contains(text(),'Back to Courses')]}]
Capabilities {acceptInsecureCerts: false, browserName: chrome, browserVersion: 124.0.6367.92, chrome: {chromedriverVersion: 124.0.6367.91 (51df0e5e17a8..., userDataDir: C:\Users\PRATHA~1.KUM\AppDa...}, fedcm:accounts: true, goog:chromeOptions: {debuggerAddress: localhost:49451}, networkConnectionEnabled: false, pageLoadStrategy: normal, platformName: WINDOWS, proxy: Proxy(), se:cdp: ws://localhost:49451/devtoo..., se:cdpVersion: 124.0.6367.92, setWindowRect: true, strictFileInteractability: false, timeouts: {implicit: 0, pageLoad: 300000, script: 30000}, unhandledPromptBehavior: dismiss and notify, webauthn:extension:credBlob: true, webauthn:extension:largeBlob: true, webauthn:extension:minPinLength: true, webauthn:extension:prf: true, webauthn:virtualAuthenticators: true}
Session ID: 2cf28825ea7a8a419a5b05b8e5d35d84</div>
<div class="test-result"><font color="red">&emsp;Failed to verify Back To Course Link</font><a href=".\ScreenShot\URL_TC001_2719093923670400.png" target="_blank" >[ScreenShot]</a></div>
<!--FAILSOFT-->
<div class="test-event"> <font color="maroon"> <small> &emsp; &emsp;--- 04 May 23:25:56 495 - Catched spinner load exception due to javascript error: {"status":32,"value":"An invalid or illegal selector was specified"}
  (Session info: chrome=124.0.6367.92)
Build info: version: '4.6.0', revision: '79f1c02ae20'
System info: os.name: 'Windows 10', os.arch: 'amd64', os.version: '10.0', java.version: '17.0.7'
Driver info: org.openqa.selenium.chrome.ChromeDriver
Command: [2cf28825ea7a8a419a5b05b8e5d35d84, findElement {using=css selector, value=div[class='slds-spinner slds-spinner_brand slds-spinner_small']>div:nth-child(2)r}]
Capabilities {acceptInsecureCerts: false, browserName: chrome, browserVersion: 124.0.6367.92, chrome: {chromedriverVersion: 124.0.6367.91 (51df0e5e17a8..., userDataDir: C:\Users\PRATHA~1.KUM\AppDa...}, fedcm:accounts: true, goog:chromeOptions: {debuggerAddress: localhost:49451}, networkConnectionEnabled: false, pageLoadStrategy: normal, platformName: WINDOWS, proxy: Proxy(), se:cdp: ws://localhost:49451/devtoo..., se:cdpVersion: 124.0.6367.92, setWindowRect: true, strictFileInteractability: false, timeouts: {implicit: 0, pageLoad: 300000, script: 30000}, unhandledPromptBehavior: dismiss and notify, webauthn:extension:credBlob: true, webauthn:extension:largeBlob: true, webauthn:extension:minPinLength: true, webauthn:extension:prf: true, webauthn:virtualAuthenticators: true}
Session ID: 2cf28825ea7a8a419a5b05b8e5d35d84</small> </font> </div>
<div class="test-event"> <font color="maroon"> <small> &emsp; &emsp;--- 04 May 23:25:56 495 - <b>0</b> - Spinner Load Wait: (Sync) - ICar.support.WaitUtils.waitForSpinner(WaitUtils.java:225)</small> </font> </div>
<div class="test-event"> <font color="maroon"> <small> &emsp; &emsp;--- 04 May 23:25:56 556 - Page URL:: https://www.i-car.com/product/fullframe-replacement</small> </font> </div>
<div class="test-event"> <font color="maroon"> <small> &emsp; &emsp;--- 04 May 23:25:56 556 - <b>0</b> - Page Load Wait: (Sync) - ICar.support.Utils.waitForPageLoad(Utils.java:109)</small> </font> </div>
<div class="test-event"> <font color="maroon"> <small> &emsp; &emsp;--- 04 May 23:27:34 346 - Unable to find an element after 20 sec ==> Proxy element for: AjaxElementLocator 'By.xpath: //div[@class='productDetails slds-p-bottom_large']//div[contains(@class,'slds-p-bottom_medium')]'</small> </font> </div>
<div class="test-message">&emsp;Course Name : null is not displayed in the URL page</div>
<div class="test-message">&emsp;Error while verifying the 'Course Name' in the URL page : Timed out after 3 seconds. Unable to locate the element</div>
<div class="test-result"><font color="red">&emsp;Failed to verify the course name for relevant link</font><a href=".\ScreenShot\URL_TC001_2719195231078200.png" target="_blank" >[ScreenShot]</a></div>
<!--FAILSOFT-->
<div class="test-message">&emsp;
</div>
<div class="test-message">&emsp;57. URL is : https://www.i-car.com/product/speaking-the-kpi-language</div>
<div class="test-event"> <font color="maroon"> <small> &emsp; &emsp;--- 04 May 23:27:38 544 - Page URL:: https://www.i-car.com/product/speaking-the-kpi-language</small> </font> </div>
<div class="test-event"> <font color="maroon"> <small> &emsp; &emsp;--- 04 May 23:27:38 544 - <b>0</b> - Page Load Wait: (Sync) - ICar.support.Utils.waitForPageLoad(Utils.java:109)</small> </font> </div>
<div class="test-message">&emsp;Successfully navigated to the :  https://www.i-car.com/product/speaking-the-kpi-language   Page&emsp;<a href=".\ScreenShot\URL_TC001_2719196157047100.png" target="_blank" >[ScreenShot]</a></div>
<div class="test-event"> <font color="maroon"> <small> &emsp; &emsp;--- 04 May 23:27:38 795 - Page URL:: https://www.i-car.com/product/speaking-the-kpi-language</small> </font> </div>
<div class="test-event"> <font color="maroon"> <small> &emsp; &emsp;--- 04 May 23:27:38 795 - <b>0</b> - Page Load Wait: (Sync) - ICar.support.Utils.waitForPageLoad(Utils.java:109)</small> </font> </div>
<div class="test-event"> <font color="maroon"> <small> &emsp; &emsp;--- 04 May 23:27:38 810 - Catched spinner load exception due to javascript error: {"status":32,"value":"An invalid or illegal selector was specified"}
  (Session info: chrome=124.0.6367.92)
Build info: version: '4.6.0', revision: '79f1c02ae20'
System info: os.name: 'Windows 10', os.arch: 'amd64', os.version: '10.0', java.version: '17.0.7'
Driver info: org.openqa.selenium.chrome.ChromeDriver
Command: [2cf28825ea7a8a419a5b05b8e5d35d84, findElement {using=css selector, value=div[class='slds-spinner slds-spinner_brand slds-spinner_small']>div:nth-child(2)r}]
Capabilities {acceptInsecureCerts: false, browserName: chrome, browserVersion: 124.0.6367.92, chrome: {chromedriverVersion: 124.0.6367.91 (51df0e5e17a8..., userDataDir: C:\Users\PRATHA~1.KUM\AppDa...}, fedcm:accounts: true, goog:chromeOptions: {debuggerAddress: localhost:49451}, networkConnectionEnabled: false, pageLoadStrategy: normal, platformName: WINDOWS, proxy: Proxy(), se:cdp: ws://localhost:49451/devtoo..., se:cdpVersion: 124.0.6367.92, setWindowRect: true, strictFileInteractability: false, timeouts: {implicit: 0, pageLoad: 300000, script: 30000}, unhandledPromptBehavior: dismiss and notify, webauthn:extension:credBlob: true, webauthn:extension:largeBlob: true, webauthn:extension:minPinLength: true, webauthn:extension:prf: true, webauthn:virtualAuthenticators: true}
Session ID: 2cf28825ea7a8a419a5b05b8e5d35d84</small> </font> </div>
<div class="test-event"> <font color="maroon"> <small> &emsp; &emsp;--- 04 May 23:27:38 810 - <b>0</b> - Spinner Load Wait: (Sync) - ICar.support.WaitUtils.waitForSpinner(WaitUtils.java:225)</small> </font> </div>
<div class="test-event"> <font color="maroon"> <small> &emsp; &emsp;--- 04 May 23:27:48 894 - Page URL:: https://www.i-car.com/product/speaking-the-kpi-language</small> </font> </div>
<div class="test-event"> <font color="maroon"> <small> &emsp; &emsp;--- 04 May 23:27:48 894 - <b>0</b> - Page Load Wait: (Sync) - ICar.support.Utils.waitForPageLoad(Utils.java:109)</small> </font> </div>
<div class="test-event"> <font color="maroon"> <small> &emsp; &emsp;--- 04 May 23:27:48 917 - Element is displayed:: [[ChromeDriver: chrome on WINDOWS (2cf28825ea7a8a419a5b05b8e5d35d84)] -> xpath: //a[contains(text(),'Back to Courses')]]</small> </font> </div>
<div class="test-event"> <font color="maroon"> <small> &emsp; &emsp;--- 04 May 23:27:55 962 - Catched spinner load exception due to javascript error: {"status":32,"value":"An invalid or illegal selector was specified"}
  (Session info: chrome=124.0.6367.92)
Build info: version: '4.6.0', revision: '79f1c02ae20'
System info: os.name: 'Windows 10', os.arch: 'amd64', os.version: '10.0', java.version: '17.0.7'
Driver info: org.openqa.selenium.chrome.ChromeDriver
Command: [2cf28825ea7a8a419a5b05b8e5d35d84, findElement {using=css selector, value=div[class='slds-spinner slds-spinner_brand slds-spinner_small']>div:nth-child(2)r}]
Capabilities {acceptInsecureCerts: false, browserName: chrome, browserVersion: 124.0.6367.92, chrome: {chromedriverVersion: 124.0.6367.91 (51df0e5e17a8..., userDataDir: C:\Users\PRATHA~1.KUM\AppDa...}, fedcm:accounts: true, goog:chromeOptions: {debuggerAddress: localhost:49451}, networkConnectionEnabled: false, pageLoadStrategy: normal, platformName: WINDOWS, proxy: Proxy(), se:cdp: ws://localhost:49451/devtoo..., se:cdpVersion: 124.0.6367.92, setWindowRect: true, strictFileInteractability: false, timeouts: {implicit: 0, pageLoad: 300000, script: 30000}, unhandledPromptBehavior: dismiss and notify, webauthn:extension:credBlob: true, webauthn:extension:largeBlob: true, webauthn:extension:minPinLength: true, webauthn:extension:prf: true, webauthn:virtualAuthenticators: true}
Session ID: 2cf28825ea7a8a419a5b05b8e5d35d84</small> </font> </div>
<div class="test-event"> <font color="maroon"> <small> &emsp; &emsp;--- 04 May 23:27:55 962 - <b>0</b> - Spinner Load Wait: (Sync) - ICar.support.WaitUtils.waitForSpinner(WaitUtils.java:225)</small> </font> </div>
<div class="test-message">&emsp;Back To Courses is displayed in the page </div>
<div class="test-message">&emsp;Successfully verified Back To Course Link&emsp;<a href=".\ScreenShot\URL_TC001_2719213588334900.png" target="_blank" >[ScreenShot]</a></div>
<div class="test-event"> <font color="maroon"> <small> &emsp; &emsp;--- 04 May 23:27:56 217 - Catched spinner load exception due to javascript error: {"status":32,"value":"An invalid or illegal selector was specified"}
  (Session info: chrome=124.0.6367.92)
Build info: version: '4.6.0', revision: '79f1c02ae20'
System info: os.name: 'Windows 10', os.arch: 'amd64', os.version: '10.0', java.version: '17.0.7'
Driver info: org.openqa.selenium.chrome.ChromeDriver
Command: [2cf28825ea7a8a419a5b05b8e5d35d84, findElement {using=css selector, value=div[class='slds-spinner slds-spinner_brand slds-spinner_small']>div:nth-child(2)r}]
Capabilities {acceptInsecureCerts: false, browserName: chrome, browserVersion: 124.0.6367.92, chrome: {chromedriverVersion: 124.0.6367.91 (51df0e5e17a8..., userDataDir: C:\Users\PRATHA~1.KUM\AppDa...}, fedcm:accounts: true, goog:chromeOptions: {debuggerAddress: localhost:49451}, networkConnectionEnabled: false, pageLoadStrategy: normal, platformName: WINDOWS, proxy: Proxy(), se:cdp: ws://localhost:49451/devtoo..., se:cdpVersion: 124.0.6367.92, setWindowRect: true, strictFileInteractability: false, timeouts: {implicit: 0, pageLoad: 300000, script: 30000}, unhandledPromptBehavior: dismiss and notify, webauthn:extension:credBlob: true, webauthn:extension:largeBlob: true, webauthn:extension:minPinLength: true, webauthn:extension:prf: true, webauthn:virtualAuthenticators: true}
Session ID: 2cf28825ea7a8a419a5b05b8e5d35d84</small> </font> </div>
<div class="test-event"> <font color="maroon"> <small> &emsp; &emsp;--- 04 May 23:27:56 217 - <b>0</b> - Spinner Load Wait: (Sync) - ICar.support.WaitUtils.waitForSpinner(WaitUtils.java:225)</small> </font> </div>
<div class="test-event"> <font color="maroon"> <small> &emsp; &emsp;--- 04 May 23:27:56 283 - Page URL:: https://www.i-car.com/product/speaking-the-kpi-language</small> </font> </div>
<div class="test-event"> <font color="maroon"> <small> &emsp; &emsp;--- 04 May 23:27:56 283 - <b>0</b> - Page Load Wait: (Sync) - ICar.support.Utils.waitForPageLoad(Utils.java:109)</small> </font> </div>
<div class="test-event"> <font color="maroon"> <small> &emsp; &emsp;--- 04 May 23:28:06 352 - Element is displayed:: [[ChromeDriver: chrome on WINDOWS (2cf28825ea7a8a419a5b05b8e5d35d84)] -> xpath: //div[@class='productDetails slds-p-bottom_large']//div[contains(@class,'slds-p-bottom_medium')]]</small> </font> </div>
<div class="test-message">&emsp;Course Name : SpeakingtheKPILanguage is displayed in the URL page</div>
<div class="test-message">&emsp;Successfully verified the course name for relevant link&emsp;<a href=".\ScreenShot\URL_TC001_2719231993913300.png" target="_blank" >[ScreenShot]</a></div>
<div class="test-message">&emsp;
</div>
<div class="test-message">&emsp;58. URL is : https://www.i-car.com/product/building-effective-vendor-and-insurer-relationships</div>
<div class="test-event"> <font color="maroon"> <small> &emsp; &emsp;--- 04 May 23:28:15 572 - Page URL:: https://www.i-car.com/product/building-effective-vendor-and-insurer-relationships</small> </font> </div>
<div class="test-event"> <font color="maroon"> <small> &emsp; &emsp;--- 04 May 23:28:15 573 - <b>0</b> - Page Load Wait: (Sync) - ICar.support.Utils.waitForPageLoad(Utils.java:109)</small> </font> </div>
<div class="test-message">&emsp;Successfully navigated to the :  https://www.i-car.com/product/building-effective-vendor-and-insurer-relationships   Page&emsp;<a href=".\ScreenShot\URL_TC001_2719233187395700.png" target="_blank" >[ScreenShot]</a></div>
<div class="test-event"> <font color="maroon"> <small> &emsp; &emsp;--- 04 May 23:28:15 865 - Page URL:: https://www.i-car.com/product/building-effective-vendor-and-insurer-relationships</small> </font> </div>
<div class="test-event"> <font color="maroon"> <small> &emsp; &emsp;--- 04 May 23:28:15 865 - <b>0</b> - Page Load Wait: (Sync) - ICar.support.Utils.waitForPageLoad(Utils.java:109)</small> </font> </div>
<div class="test-event"> <font color="maroon"> <small> &emsp; &emsp;--- 04 May 23:28:15 874 - Catched spinner load exception due to javascript error: {"status":32,"value":"An invalid or illegal selector was specified"}
  (Session info: chrome=124.0.6367.92)
Build info: version: '4.6.0', revision: '79f1c02ae20'
System info: os.name: 'Windows 10', os.arch: 'amd64', os.version: '10.0', java.version: '17.0.7'
Driver info: org.openqa.selenium.chrome.ChromeDriver
Command: [2cf28825ea7a8a419a5b05b8e5d35d84, findElement {using=css selector, value=div[class='slds-spinner slds-spinner_brand slds-spinner_small']>div:nth-child(2)r}]
Capabilities {acceptInsecureCerts: false, browserName: chrome, browserVersion: 124.0.6367.92, chrome: {chromedriverVersion: 124.0.6367.91 (51df0e5e17a8..., userDataDir: C:\Users\PRATHA~1.KUM\AppDa...}, fedcm:accounts: true, goog:chromeOptions: {debuggerAddress: localhost:49451}, networkConnectionEnabled: false, pageLoadStrategy: normal, platformName: WINDOWS, proxy: Proxy(), se:cdp: ws://localhost:49451/devtoo..., se:cdpVersion: 124.0.6367.92, setWindowRect: true, strictFileInteractability: false, timeouts: {implicit: 0, pageLoad: 300000, script: 30000}, unhandledPromptBehavior: dismiss and notify, webauthn:extension:credBlob: true, webauthn:extension:largeBlob: true, webauthn:extension:minPinLength: true, webauthn:extension:prf: true, webauthn:virtualAuthenticators: true}
Session ID: 2cf28825ea7a8a419a5b05b8e5d35d84</small> </font> </div>
<div class="test-event"> <font color="maroon"> <small> &emsp; &emsp;--- 04 May 23:28:15 874 - <b>0</b> - Spinner Load Wait: (Sync) - ICar.support.WaitUtils.waitForSpinner(WaitUtils.java:225)</small> </font> </div>
<div class="test-event"> <font color="maroon"> <small> &emsp; &emsp;--- 04 May 23:28:25 966 - Page URL:: https://www.i-car.com/product/building-effective-vendor-and-insurer-relationships</small> </font> </div>
<div class="test-event"> <font color="maroon"> <small> &emsp; &emsp;--- 04 May 23:28:25 966 - <b>0</b> - Page Load Wait: (Sync) - ICar.support.Utils.waitForPageLoad(Utils.java:109)</small> </font> </div>
<div class="test-event"> <font color="maroon"> <small> &emsp; &emsp;--- 04 May 23:28:25 983 - Element is displayed:: [[ChromeDriver: chrome on WINDOWS (2cf28825ea7a8a419a5b05b8e5d35d84)] -> xpath: //a[contains(text(),'Back to Courses')]]</small> </font> </div>
<div class="test-event"> <font color="maroon"> <small> &emsp; &emsp;--- 04 May 23:28:33 018 - Catched spinner load exception due to javascript error: {"status":32,"value":"An invalid or illegal selector was specified"}
  (Session info: chrome=124.0.6367.92)
Build info: version: '4.6.0', revision: '79f1c02ae20'
System info: os.name: 'Windows 10', os.arch: 'amd64', os.version: '10.0', java.version: '17.0.7'
Driver info: org.openqa.selenium.chrome.ChromeDriver
Command: [2cf28825ea7a8a419a5b05b8e5d35d84, findElement {using=css selector, value=div[class='slds-spinner slds-spinner_brand slds-spinner_small']>div:nth-child(2)r}]
Capabilities {acceptInsecureCerts: false, browserName: chrome, browserVersion: 124.0.6367.92, chrome: {chromedriverVersion: 124.0.6367.91 (51df0e5e17a8..., userDataDir: C:\Users\PRATHA~1.KUM\AppDa...}, fedcm:accounts: true, goog:chromeOptions: {debuggerAddress: localhost:49451}, networkConnectionEnabled: false, pageLoadStrategy: normal, platformName: WINDOWS, proxy: Proxy(), se:cdp: ws://localhost:49451/devtoo..., se:cdpVersion: 124.0.6367.92, setWindowRect: true, strictFileInteractability: false, timeouts: {implicit: 0, pageLoad: 300000, script: 30000}, unhandledPromptBehavior: dismiss and notify, webauthn:extension:credBlob: true, webauthn:extension:largeBlob: true, webauthn:extension:minPinLength: true, webauthn:extension:prf: true, webauthn:virtualAuthenticators: true}
Session ID: 2cf28825ea7a8a419a5b05b8e5d35d84</small> </font> </div>
<div class="test-event"> <font color="maroon"> <small> &emsp; &emsp;--- 04 May 23:28:33 018 - <b>0</b> - Spinner Load Wait: (Sync) - ICar.support.WaitUtils.waitForSpinner(WaitUtils.java:225)</small> </font> </div>
<div class="test-message">&emsp;Back To Courses is displayed in the page </div>
<div class="test-message">&emsp;Successfully verified Back To Course Link&emsp;<a href=".\ScreenShot\URL_TC001_2719250653348900.png" target="_blank" >[ScreenShot]</a></div>
<div class="test-event"> <font color="maroon"> <small> &emsp; &emsp;--- 04 May 23:28:33 275 - Catched spinner load exception due to javascript error: {"status":32,"value":"An invalid or illegal selector was specified"}
  (Session info: chrome=124.0.6367.92)
Build info: version: '4.6.0', revision: '79f1c02ae20'
System info: os.name: 'Windows 10', os.arch: 'amd64', os.version: '10.0', java.version: '17.0.7'
Driver info: org.openqa.selenium.chrome.ChromeDriver
Command: [2cf28825ea7a8a419a5b05b8e5d35d84, findElement {using=css selector, value=div[class='slds-spinner slds-spinner_brand slds-spinner_small']>div:nth-child(2)r}]
Capabilities {acceptInsecureCerts: false, browserName: chrome, browserVersion: 124.0.6367.92, chrome: {chromedriverVersion: 124.0.6367.91 (51df0e5e17a8..., userDataDir: C:\Users\PRATHA~1.KUM\AppDa...}, fedcm:accounts: true, goog:chromeOptions: {debuggerAddress: localhost:49451}, networkConnectionEnabled: false, pageLoadStrategy: normal, platformName: WINDOWS, proxy: Proxy(), se:cdp: ws://localhost:49451/devtoo..., se:cdpVersion: 124.0.6367.92, setWindowRect: true, strictFileInteractability: false, timeouts: {implicit: 0, pageLoad: 300000, script: 30000}, unhandledPromptBehavior: dismiss and notify, webauthn:extension:credBlob: true, webauthn:extension:largeBlob: true, webauthn:extension:minPinLength: true, webauthn:extension:prf: true, webauthn:virtualAuthenticators: true}
Session ID: 2cf28825ea7a8a419a5b05b8e5d35d84</small> </font> </div>
<div class="test-event"> <font color="maroon"> <small> &emsp; &emsp;--- 04 May 23:28:33 275 - <b>0</b> - Spinner Load Wait: (Sync) - ICar.support.WaitUtils.waitForSpinner(WaitUtils.java:225)</small> </font> </div>
<div class="test-event"> <font color="maroon"> <small> &emsp; &emsp;--- 04 May 23:28:33 345 - Page URL:: https://www.i-car.com/product/building-effective-vendor-and-insurer-relationships</small> </font> </div>
<div class="test-event"> <font color="maroon"> <small> &emsp; &emsp;--- 04 May 23:28:33 345 - <b>0</b> - Page Load Wait: (Sync) - ICar.support.Utils.waitForPageLoad(Utils.java:109)</small> </font> </div>
<div class="test-event"> <font color="maroon"> <small> &emsp; &emsp;--- 04 May 23:28:43 399 - Element is displayed:: [[ChromeDriver: chrome on WINDOWS (2cf28825ea7a8a419a5b05b8e5d35d84)] -> xpath: //div[@class='productDetails slds-p-bottom_large']//div[contains(@class,'slds-p-bottom_medium')]]</small> </font> </div>
<div class="test-message">&emsp;Course Name : BuildingEffectiveVendorandInsurerRelationships is displayed in the URL page</div>
<div class="test-message">&emsp;Successfully verified the course name for relevant link&emsp;<a href=".\ScreenShot\URL_TC001_2719269042464600.png" target="_blank" >[ScreenShot]</a></div>
<div class="test-message">&emsp;
</div>
<div class="test-message">&emsp;59. URL is : https://www.i-car.com/product/circuit-measurements-with-a-digital-volt-ohm-meter-dvom</div>
<div class="test-event"> <font color="maroon"> <small> &emsp; &emsp;--- 04 May 23:28:52 762 - Page URL:: https://www.i-car.com/product/circuit-measurements-with-a-digital-volt-ohm-meter-dvom</small> </font> </div>
<div class="test-event"> <font color="maroon"> <small> &emsp; &emsp;--- 04 May 23:28:52 762 - <b>0</b> - Page Load Wait: (Sync) - ICar.support.Utils.waitForPageLoad(Utils.java:109)</small> </font> </div>
<div class="test-message">&emsp;Successfully navigated to the :  https://www.i-car.com/product/circuit-measurements-with-a-digital-volt-ohm-meter-dvom   Page&emsp;<a href=".\ScreenShot\URL_TC001_2719270375033900.png" target="_blank" >[ScreenShot]</a></div>
<div class="test-event"> <font color="maroon"> <small> &emsp; &emsp;--- 04 May 23:28:53 048 - Page URL:: https://www.i-car.com/product/circuit-measurements-with-a-digital-volt-ohm-meter-dvom</small> </font> </div>
<div class="test-event"> <font color="maroon"> <small> &emsp; &emsp;--- 04 May 23:28:53 048 - <b>0</b> - Page Load Wait: (Sync) - ICar.support.Utils.waitForPageLoad(Utils.java:109)</small> </font> </div>
<div class="test-event"> <font color="maroon"> <small> &emsp; &emsp;--- 04 May 23:28:53 056 - Catched spinner load exception due to javascript error: {"status":32,"value":"An invalid or illegal selector was specified"}
  (Session info: chrome=124.0.6367.92)
Build info: version: '4.6.0', revision: '79f1c02ae20'
System info: os.name: 'Windows 10', os.arch: 'amd64', os.version: '10.0', java.version: '17.0.7'
Driver info: org.openqa.selenium.chrome.ChromeDriver
Command: [2cf28825ea7a8a419a5b05b8e5d35d84, findElement {using=css selector, value=div[class='slds-spinner slds-spinner_brand slds-spinner_small']>div:nth-child(2)r}]
Capabilities {acceptInsecureCerts: false, browserName: chrome, browserVersion: 124.0.6367.92, chrome: {chromedriverVersion: 124.0.6367.91 (51df0e5e17a8..., userDataDir: C:\Users\PRATHA~1.KUM\AppDa...}, fedcm:accounts: true, goog:chromeOptions: {debuggerAddress: localhost:49451}, networkConnectionEnabled: false, pageLoadStrategy: normal, platformName: WINDOWS, proxy: Proxy(), se:cdp: ws://localhost:49451/devtoo..., se:cdpVersion: 124.0.6367.92, setWindowRect: true, strictFileInteractability: false, timeouts: {implicit: 0, pageLoad: 300000, script: 30000}, unhandledPromptBehavior: dismiss and notify, webauthn:extension:credBlob: true, webauthn:extension:largeBlob: true, webauthn:extension:minPinLength: true, webauthn:extension:prf: true, webauthn:virtualAuthenticators: true}
Session ID: 2cf28825ea7a8a419a5b05b8e5d35d84</small> </font> </div>
<div class="test-event"> <font color="maroon"> <small> &emsp; &emsp;--- 04 May 23:28:53 056 - <b>0</b> - Spinner Load Wait: (Sync) - ICar.support.WaitUtils.waitForSpinner(WaitUtils.java:225)</small> </font> </div>
<div class="test-event"> <font color="maroon"> <small> &emsp; &emsp;--- 04 May 23:29:03 149 - Page URL:: https://www.i-car.com/product/circuit-measurements-with-a-digital-volt-ohm-meter-dvom</small> </font> </div>
<div class="test-event"> <font color="maroon"> <small> &emsp; &emsp;--- 04 May 23:29:03 149 - <b>0</b> - Page Load Wait: (Sync) - ICar.support.Utils.waitForPageLoad(Utils.java:109)</small> </font> </div>
<div class="test-event"> <font color="maroon"> <small> &emsp; &emsp;--- 04 May 23:29:03 167 - Element is displayed:: [[ChromeDriver: chrome on WINDOWS (2cf28825ea7a8a419a5b05b8e5d35d84)] -> xpath: //a[contains(text(),'Back to Courses')]]</small> </font> </div>
<div class="test-event"> <font color="maroon"> <small> &emsp; &emsp;--- 04 May 23:29:10 192 - Catched spinner load exception due to javascript error: {"status":32,"value":"An invalid or illegal selector was specified"}
  (Session info: chrome=124.0.6367.92)
Build info: version: '4.6.0', revision: '79f1c02ae20'
System info: os.name: 'Windows 10', os.arch: 'amd64', os.version: '10.0', java.version: '17.0.7'
Driver info: org.openqa.selenium.chrome.ChromeDriver
Command: [2cf28825ea7a8a419a5b05b8e5d35d84, findElement {using=css selector, value=div[class='slds-spinner slds-spinner_brand slds-spinner_small']>div:nth-child(2)r}]
Capabilities {acceptInsecureCerts: false, browserName: chrome, browserVersion: 124.0.6367.92, chrome: {chromedriverVersion: 124.0.6367.91 (51df0e5e17a8..., userDataDir: C:\Users\PRATHA~1.KUM\AppDa...}, fedcm:accounts: true, goog:chromeOptions: {debuggerAddress: localhost:49451}, networkConnectionEnabled: false, pageLoadStrategy: normal, platformName: WINDOWS, proxy: Proxy(), se:cdp: ws://localhost:49451/devtoo..., se:cdpVersion: 124.0.6367.92, setWindowRect: true, strictFileInteractability: false, timeouts: {implicit: 0, pageLoad: 300000, script: 30000}, unhandledPromptBehavior: dismiss and notify, webauthn:extension:credBlob: true, webauthn:extension:largeBlob: true, webauthn:extension:minPinLength: true, webauthn:extension:prf: true, webauthn:virtualAuthenticators: true}
Session ID: 2cf28825ea7a8a419a5b05b8e5d35d84</small> </font> </div>
<div class="test-event"> <font color="maroon"> <small> &emsp; &emsp;--- 04 May 23:29:10 192 - <b>0</b> - Spinner Load Wait: (Sync) - ICar.support.WaitUtils.waitForSpinner(WaitUtils.java:225)</small> </font> </div>
<div class="test-message">&emsp;Back To Courses is displayed in the page </div>
<div class="test-message">&emsp;Successfully verified Back To Course Link&emsp;<a href=".\ScreenShot\URL_TC001_2719287815716900.png" target="_blank" >[ScreenShot]</a></div>
<div class="test-event"> <font color="maroon"> <small> &emsp; &emsp;--- 04 May 23:29:10 431 - Catched spinner load exception due to javascript error: {"status":32,"value":"An invalid or illegal selector was specified"}
  (Session info: chrome=124.0.6367.92)
Build info: version: '4.6.0', revision: '79f1c02ae20'
System info: os.name: 'Windows 10', os.arch: 'amd64', os.version: '10.0', java.version: '17.0.7'
Driver info: org.openqa.selenium.chrome.ChromeDriver
Command: [2cf28825ea7a8a419a5b05b8e5d35d84, findElement {using=css selector, value=div[class='slds-spinner slds-spinner_brand slds-spinner_small']>div:nth-child(2)r}]
Capabilities {acceptInsecureCerts: false, browserName: chrome, browserVersion: 124.0.6367.92, chrome: {chromedriverVersion: 124.0.6367.91 (51df0e5e17a8..., userDataDir: C:\Users\PRATHA~1.KUM\AppDa...}, fedcm:accounts: true, goog:chromeOptions: {debuggerAddress: localhost:49451}, networkConnectionEnabled: false, pageLoadStrategy: normal, platformName: WINDOWS, proxy: Proxy(), se:cdp: ws://localhost:49451/devtoo..., se:cdpVersion: 124.0.6367.92, setWindowRect: true, strictFileInteractability: false, timeouts: {implicit: 0, pageLoad: 300000, script: 30000}, unhandledPromptBehavior: dismiss and notify, webauthn:extension:credBlob: true, webauthn:extension:largeBlob: true, webauthn:extension:minPinLength: true, webauthn:extension:prf: true, webauthn:virtualAuthenticators: true}
Session ID: 2cf28825ea7a8a419a5b05b8e5d35d84</small> </font> </div>
<div class="test-event"> <font color="maroon"> <small> &emsp; &emsp;--- 04 May 23:29:10 431 - <b>0</b> - Spinner Load Wait: (Sync) - ICar.support.WaitUtils.waitForSpinner(WaitUtils.java:225)</small> </font> </div>
<div class="test-event"> <font color="maroon"> <small> &emsp; &emsp;--- 04 May 23:29:10 497 - Page URL:: https://www.i-car.com/product/circuit-measurements-with-a-digital-volt-ohm-meter-dvom</small> </font> </div>
<div class="test-event"> <font color="maroon"> <small> &emsp; &emsp;--- 04 May 23:29:10 497 - <b>0</b> - Page Load Wait: (Sync) - ICar.support.Utils.waitForPageLoad(Utils.java:109)</small> </font> </div>
<div class="test-event"> <font color="maroon"> <small> &emsp; &emsp;--- 04 May 23:29:20 544 - Element is displayed:: [[ChromeDriver: chrome on WINDOWS (2cf28825ea7a8a419a5b05b8e5d35d84)] -> xpath: //div[@class='productDetails slds-p-bottom_large']//div[contains(@class,'slds-p-bottom_medium')]]</small> </font> </div>
<div class="test-message">&emsp;Course Name : CircuitMeasurementswithaDigitalVoltOhmMeterDVOM is displayed in the URL page</div>
<div class="test-message">&emsp;Successfully verified the course name for relevant link&emsp;<a href=".\ScreenShot\URL_TC001_2719306192433200.png" target="_blank" >[ScreenShot]</a></div>
<div class="test-message">&emsp;
</div>
<div class="test-message">&emsp;60. URL is : https://www.i-car.com/product/understanding-volkswagen-collision-repair</div>
<div class="test-event"> <font color="maroon"> <small> &emsp; &emsp;--- 04 May 23:29:29 740 - Page URL:: https://www.i-car.com/product/understanding-volkswagen-collision-repair</small> </font> </div>
<div class="test-event"> <font color="maroon"> <small> &emsp; &emsp;--- 04 May 23:29:29 740 - <b>0</b> - Page Load Wait: (Sync) - ICar.support.Utils.waitForPageLoad(Utils.java:109)</small> </font> </div>
<div class="test-message">&emsp;Successfully navigated to the :  https://www.i-car.com/product/understanding-volkswagen-collision-repair   Page&emsp;<a href=".\ScreenShot\URL_TC001_2719307353329600.png" target="_blank" >[ScreenShot]</a></div>
<div class="test-event"> <font color="maroon"> <small> &emsp; &emsp;--- 04 May 23:29:30 031 - Page URL:: https://www.i-car.com/product/understanding-volkswagen-collision-repair</small> </font> </div>
<div class="test-event"> <font color="maroon"> <small> &emsp; &emsp;--- 04 May 23:29:30 031 - <b>0</b> - Page Load Wait: (Sync) - ICar.support.Utils.waitForPageLoad(Utils.java:109)</small> </font> </div>
<div class="test-event"> <font color="maroon"> <small> &emsp; &emsp;--- 04 May 23:29:30 040 - Catched spinner load exception due to javascript error: {"status":32,"value":"An invalid or illegal selector was specified"}
  (Session info: chrome=124.0.6367.92)
Build info: version: '4.6.0', revision: '79f1c02ae20'
System info: os.name: 'Windows 10', os.arch: 'amd64', os.version: '10.0', java.version: '17.0.7'
Driver info: org.openqa.selenium.chrome.ChromeDriver
Command: [2cf28825ea7a8a419a5b05b8e5d35d84, findElement {using=css selector, value=div[class='slds-spinner slds-spinner_brand slds-spinner_small']>div:nth-child(2)r}]
Capabilities {acceptInsecureCerts: false, browserName: chrome, browserVersion: 124.0.6367.92, chrome: {chromedriverVersion: 124.0.6367.91 (51df0e5e17a8..., userDataDir: C:\Users\PRATHA~1.KUM\AppDa...}, fedcm:accounts: true, goog:chromeOptions: {debuggerAddress: localhost:49451}, networkConnectionEnabled: false, pageLoadStrategy: normal, platformName: WINDOWS, proxy: Proxy(), se:cdp: ws://localhost:49451/devtoo..., se:cdpVersion: 124.0.6367.92, setWindowRect: true, strictFileInteractability: false, timeouts: {implicit: 0, pageLoad: 300000, script: 30000}, unhandledPromptBehavior: dismiss and notify, webauthn:extension:credBlob: true, webauthn:extension:largeBlob: true, webauthn:extension:minPinLength: true, webauthn:extension:prf: true, webauthn:virtualAuthenticators: true}
Session ID: 2cf28825ea7a8a419a5b05b8e5d35d84</small> </font> </div>
<div class="test-event"> <font color="maroon"> <small> &emsp; &emsp;--- 04 May 23:29:30 040 - <b>0</b> - Spinner Load Wait: (Sync) - ICar.support.WaitUtils.waitForSpinner(WaitUtils.java:225)</small> </font> </div>
<div class="test-event"> <font color="maroon"> <small> &emsp; &emsp;--- 04 May 23:29:40 130 - Page URL:: https://www.i-car.com/product/understanding-volkswagen-collision-repair</small> </font> </div>
<div class="test-event"> <font color="maroon"> <small> &emsp; &emsp;--- 04 May 23:29:40 130 - <b>0</b> - Page Load Wait: (Sync) - ICar.support.Utils.waitForPageLoad(Utils.java:109)</small> </font> </div>
<div class="test-event"> <font color="maroon"> <small> &emsp; &emsp;--- 04 May 23:29:40 149 - Element is displayed:: [[ChromeDriver: chrome on WINDOWS (2cf28825ea7a8a419a5b05b8e5d35d84)] -> xpath: //a[contains(text(),'Back to Courses')]]</small> </font> </div>
<div class="test-event"> <font color="maroon"> <small> &emsp; &emsp;--- 04 May 23:29:47 173 - Catched spinner load exception due to javascript error: {"status":32,"value":"An invalid or illegal selector was specified"}
  (Session info: chrome=124.0.6367.92)
Build info: version: '4.6.0', revision: '79f1c02ae20'
System info: os.name: 'Windows 10', os.arch: 'amd64', os.version: '10.0', java.version: '17.0.7'
Driver info: org.openqa.selenium.chrome.ChromeDriver
Command: [2cf28825ea7a8a419a5b05b8e5d35d84, findElement {using=css selector, value=div[class='slds-spinner slds-spinner_brand slds-spinner_small']>div:nth-child(2)r}]
Capabilities {acceptInsecureCerts: false, browserName: chrome, browserVersion: 124.0.6367.92, chrome: {chromedriverVersion: 124.0.6367.91 (51df0e5e17a8..., userDataDir: C:\Users\PRATHA~1.KUM\AppDa...}, fedcm:accounts: true, goog:chromeOptions: {debuggerAddress: localhost:49451}, networkConnectionEnabled: false, pageLoadStrategy: normal, platformName: WINDOWS, proxy: Proxy(), se:cdp: ws://localhost:49451/devtoo..., se:cdpVersion: 124.0.6367.92, setWindowRect: true, strictFileInteractability: false, timeouts: {implicit: 0, pageLoad: 300000, script: 30000}, unhandledPromptBehavior: dismiss and notify, webauthn:extension:credBlob: true, webauthn:extension:largeBlob: true, webauthn:extension:minPinLength: true, webauthn:extension:prf: true, webauthn:virtualAuthenticators: true}
Session ID: 2cf28825ea7a8a419a5b05b8e5d35d84</small> </font> </div>
<div class="test-event"> <font color="maroon"> <small> &emsp; &emsp;--- 04 May 23:29:47 173 - <b>0</b> - Spinner Load Wait: (Sync) - ICar.support.WaitUtils.waitForSpinner(WaitUtils.java:225)</small> </font> </div>
<div class="test-message">&emsp;Back To Courses is displayed in the page </div>
<div class="test-message">&emsp;Successfully verified Back To Course Link&emsp;<a href=".\ScreenShot\URL_TC001_2719324797990700.png" target="_blank" >[ScreenShot]</a></div>
<div class="test-event"> <font color="maroon"> <small> &emsp; &emsp;--- 04 May 23:29:47 432 - Catched spinner load exception due to javascript error: {"status":32,"value":"An invalid or illegal selector was specified"}
  (Session info: chrome=124.0.6367.92)
Build info: version: '4.6.0', revision: '79f1c02ae20'
System info: os.name: 'Windows 10', os.arch: 'amd64', os.version: '10.0', java.version: '17.0.7'
Driver info: org.openqa.selenium.chrome.ChromeDriver
Command: [2cf28825ea7a8a419a5b05b8e5d35d84, findElement {using=css selector, value=div[class='slds-spinner slds-spinner_brand slds-spinner_small']>div:nth-child(2)r}]
Capabilities {acceptInsecureCerts: false, browserName: chrome, browserVersion: 124.0.6367.92, chrome: {chromedriverVersion: 124.0.6367.91 (51df0e5e17a8..., userDataDir: C:\Users\PRATHA~1.KUM\AppDa...}, fedcm:accounts: true, goog:chromeOptions: {debuggerAddress: localhost:49451}, networkConnectionEnabled: false, pageLoadStrategy: normal, platformName: WINDOWS, proxy: Proxy(), se:cdp: ws://localhost:49451/devtoo..., se:cdpVersion: 124.0.6367.92, setWindowRect: true, strictFileInteractability: false, timeouts: {implicit: 0, pageLoad: 300000, script: 30000}, unhandledPromptBehavior: dismiss and notify, webauthn:extension:credBlob: true, webauthn:extension:largeBlob: true, webauthn:extension:minPinLength: true, webauthn:extension:prf: true, webauthn:virtualAuthenticators: true}
Session ID: 2cf28825ea7a8a419a5b05b8e5d35d84</small> </font> </div>
<div class="test-event"> <font color="maroon"> <small> &emsp; &emsp;--- 04 May 23:29:47 432 - <b>0</b> - Spinner Load Wait: (Sync) - ICar.support.WaitUtils.waitForSpinner(WaitUtils.java:225)</small> </font> </div>
<div class="test-event"> <font color="maroon"> <small> &emsp; &emsp;--- 04 May 23:29:47 503 - Page URL:: https://www.i-car.com/product/understanding-volkswagen-collision-repair</small> </font> </div>
<div class="test-event"> <font color="maroon"> <small> &emsp; &emsp;--- 04 May 23:29:47 503 - <b>0</b> - Page Load Wait: (Sync) - ICar.support.Utils.waitForPageLoad(Utils.java:109)</small> </font> </div>
<div class="test-event"> <font color="maroon"> <small> &emsp; &emsp;--- 04 May 23:29:57 552 - Element is displayed:: [[ChromeDriver: chrome on WINDOWS (2cf28825ea7a8a419a5b05b8e5d35d84)] -> xpath: //div[@class='productDetails slds-p-bottom_large']//div[contains(@class,'slds-p-bottom_medium')]]</small> </font> </div>
<div class="test-message">&emsp;Course Name : UnderstandingVolkswagenCollisionRepair is displayed in the URL page</div>
<div class="test-message">&emsp;Successfully verified the course name for relevant link&emsp;<a href=".\ScreenShot\URL_TC001_2719343195639500.png" target="_blank" >[ScreenShot]</a></div>
<div class="test-message">&emsp;
</div>
<div class="test-message">&emsp;61. URL is : https://www.i-car.com/product/basic-brake-system-operation-and-damage-analysis</div>
<div class="test-event"> <font color="maroon"> <small> &emsp; &emsp;--- 04 May 23:30:08 393 - Page URL:: https://www.i-car.com/product/basic-brake-system-operation-and-damage-analysis</small> </font> </div>
<div class="test-event"> <font color="maroon"> <small> &emsp; &emsp;--- 04 May 23:30:08 393 - <b>0</b> - Page Load Wait: (Sync) - ICar.support.Utils.waitForPageLoad(Utils.java:109)</small> </font> </div>
<div class="test-message">&emsp;Successfully navigated to the :  https://www.i-car.com/product/basic-brake-system-operation-and-damage-analysis   Page&emsp;<a href=".\ScreenShot\URL_TC001_2719346006823000.png" target="_blank" >[ScreenShot]</a></div>
<div class="test-event"> <font color="maroon"> <small> &emsp; &emsp;--- 04 May 23:30:08 693 - Page URL:: https://www.i-car.com/product/basic-brake-system-operation-and-damage-analysis</small> </font> </div>
<div class="test-event"> <font color="maroon"> <small> &emsp; &emsp;--- 04 May 23:30:08 693 - <b>0</b> - Page Load Wait: (Sync) - ICar.support.Utils.waitForPageLoad(Utils.java:109)</small> </font> </div>
<div class="test-event"> <font color="maroon"> <small> &emsp; &emsp;--- 04 May 23:30:08 708 - Catched spinner load exception due to javascript error: {"status":32,"value":"An invalid or illegal selector was specified"}
  (Session info: chrome=124.0.6367.92)
Build info: version: '4.6.0', revision: '79f1c02ae20'
System info: os.name: 'Windows 10', os.arch: 'amd64', os.version: '10.0', java.version: '17.0.7'
Driver info: org.openqa.selenium.chrome.ChromeDriver
Command: [2cf28825ea7a8a419a5b05b8e5d35d84, findElement {using=css selector, value=div[class='slds-spinner slds-spinner_brand slds-spinner_small']>div:nth-child(2)r}]
Capabilities {acceptInsecureCerts: false, browserName: chrome, browserVersion: 124.0.6367.92, chrome: {chromedriverVersion: 124.0.6367.91 (51df0e5e17a8..., userDataDir: C:\Users\PRATHA~1.KUM\AppDa...}, fedcm:accounts: true, goog:chromeOptions: {debuggerAddress: localhost:49451}, networkConnectionEnabled: false, pageLoadStrategy: normal, platformName: WINDOWS, proxy: Proxy(), se:cdp: ws://localhost:49451/devtoo..., se:cdpVersion: 124.0.6367.92, setWindowRect: true, strictFileInteractability: false, timeouts: {implicit: 0, pageLoad: 300000, script: 30000}, unhandledPromptBehavior: dismiss and notify, webauthn:extension:credBlob: true, webauthn:extension:largeBlob: true, webauthn:extension:minPinLength: true, webauthn:extension:prf: true, webauthn:virtualAuthenticators: true}
Session ID: 2cf28825ea7a8a419a5b05b8e5d35d84</small> </font> </div>
<div class="test-event"> <font color="maroon"> <small> &emsp; &emsp;--- 04 May 23:30:08 708 - <b>0</b> - Spinner Load Wait: (Sync) - ICar.support.WaitUtils.waitForSpinner(WaitUtils.java:225)</small> </font> </div>
<div class="test-event"> <font color="maroon"> <small> &emsp; &emsp;--- 04 May 23:30:18 794 - Page URL:: https://www.i-car.com/product/basic-brake-system-operation-and-damage-analysis</small> </font> </div>
<div class="test-event"> <font color="maroon"> <small> &emsp; &emsp;--- 04 May 23:30:18 794 - <b>0</b> - Page Load Wait: (Sync) - ICar.support.Utils.waitForPageLoad(Utils.java:109)</small> </font> </div>
<div class="test-event"> <font color="maroon"> <small> &emsp; &emsp;--- 04 May 23:30:18 815 - Element is displayed:: [[ChromeDriver: chrome on WINDOWS (2cf28825ea7a8a419a5b05b8e5d35d84)] -> xpath: //a[contains(text(),'Back to Courses')]]</small> </font> </div>
<div class="test-event"> <font color="maroon"> <small> &emsp; &emsp;--- 04 May 23:30:25 857 - Catched spinner load exception due to javascript error: {"status":32,"value":"An invalid or illegal selector was specified"}
  (Session info: chrome=124.0.6367.92)
Build info: version: '4.6.0', revision: '79f1c02ae20'
System info: os.name: 'Windows 10', os.arch: 'amd64', os.version: '10.0', java.version: '17.0.7'
Driver info: org.openqa.selenium.chrome.ChromeDriver
Command: [2cf28825ea7a8a419a5b05b8e5d35d84, findElement {using=css selector, value=div[class='slds-spinner slds-spinner_brand slds-spinner_small']>div:nth-child(2)r}]
Capabilities {acceptInsecureCerts: false, browserName: chrome, browserVersion: 124.0.6367.92, chrome: {chromedriverVersion: 124.0.6367.91 (51df0e5e17a8..., userDataDir: C:\Users\PRATHA~1.KUM\AppDa...}, fedcm:accounts: true, goog:chromeOptions: {debuggerAddress: localhost:49451}, networkConnectionEnabled: false, pageLoadStrategy: normal, platformName: WINDOWS, proxy: Proxy(), se:cdp: ws://localhost:49451/devtoo..., se:cdpVersion: 124.0.6367.92, setWindowRect: true, strictFileInteractability: false, timeouts: {implicit: 0, pageLoad: 300000, script: 30000}, unhandledPromptBehavior: dismiss and notify, webauthn:extension:credBlob: true, webauthn:extension:largeBlob: true, webauthn:extension:minPinLength: true, webauthn:extension:prf: true, webauthn:virtualAuthenticators: true}
Session ID: 2cf28825ea7a8a419a5b05b8e5d35d84</small> </font> </div>
<div class="test-event"> <font color="maroon"> <small> &emsp; &emsp;--- 04 May 23:30:25 857 - <b>0</b> - Spinner Load Wait: (Sync) - ICar.support.WaitUtils.waitForSpinner(WaitUtils.java:225)</small> </font> </div>
<div class="test-message">&emsp;Back To Courses is displayed in the page </div>
<div class="test-message">&emsp;Successfully verified Back To Course Link&emsp;<a href=".\ScreenShot\URL_TC001_2719363484954400.png" target="_blank" >[ScreenShot]</a></div>
<div class="test-event"> <font color="maroon"> <small> &emsp; &emsp;--- 04 May 23:30:26 110 - Catched spinner load exception due to javascript error: {"status":32,"value":"An invalid or illegal selector was specified"}
  (Session info: chrome=124.0.6367.92)
Build info: version: '4.6.0', revision: '79f1c02ae20'
System info: os.name: 'Windows 10', os.arch: 'amd64', os.version: '10.0', java.version: '17.0.7'
Driver info: org.openqa.selenium.chrome.ChromeDriver
Command: [2cf28825ea7a8a419a5b05b8e5d35d84, findElement {using=css selector, value=div[class='slds-spinner slds-spinner_brand slds-spinner_small']>div:nth-child(2)r}]
Capabilities {acceptInsecureCerts: false, browserName: chrome, browserVersion: 124.0.6367.92, chrome: {chromedriverVersion: 124.0.6367.91 (51df0e5e17a8..., userDataDir: C:\Users\PRATHA~1.KUM\AppDa...}, fedcm:accounts: true, goog:chromeOptions: {debuggerAddress: localhost:49451}, networkConnectionEnabled: false, pageLoadStrategy: normal, platformName: WINDOWS, proxy: Proxy(), se:cdp: ws://localhost:49451/devtoo..., se:cdpVersion: 124.0.6367.92, setWindowRect: true, strictFileInteractability: false, timeouts: {implicit: 0, pageLoad: 300000, script: 30000}, unhandledPromptBehavior: dismiss and notify, webauthn:extension:credBlob: true, webauthn:extension:largeBlob: true, webauthn:extension:minPinLength: true, webauthn:extension:prf: true, webauthn:virtualAuthenticators: true}
Session ID: 2cf28825ea7a8a419a5b05b8e5d35d84</small> </font> </div>
<div class="test-event"> <font color="maroon"> <small> &emsp; &emsp;--- 04 May 23:30:26 110 - <b>0</b> - Spinner Load Wait: (Sync) - ICar.support.WaitUtils.waitForSpinner(WaitUtils.java:225)</small> </font> </div>
<div class="test-event"> <font color="maroon"> <small> &emsp; &emsp;--- 04 May 23:30:26 177 - Page URL:: https://www.i-car.com/product/basic-brake-system-operation-and-damage-analysis</small> </font> </div>
<div class="test-event"> <font color="maroon"> <small> &emsp; &emsp;--- 04 May 23:30:26 177 - <b>0</b> - Page Load Wait: (Sync) - ICar.support.Utils.waitForPageLoad(Utils.java:109)</small> </font> </div>
<div class="test-event"> <font color="maroon"> <small> &emsp; &emsp;--- 04 May 23:30:36 224 - Element is displayed:: [[ChromeDriver: chrome on WINDOWS (2cf28825ea7a8a419a5b05b8e5d35d84)] -> xpath: //div[@class='productDetails slds-p-bottom_large']//div[contains(@class,'slds-p-bottom_medium')]]</small> </font> </div>
<div class="test-message">&emsp;Course Name : BasicBrakeSystemOperationandDamageAnalysis is displayed in the URL page</div>
<div class="test-message">&emsp;Successfully verified the course name for relevant link&emsp;<a href=".\ScreenShot\URL_TC001_2719381866857000.png" target="_blank" >[ScreenShot]</a></div>
<div class="test-message">&emsp;
</div>
<div class="test-message">&emsp;62. URL is : https://www.i-car.com/product/brake-system-electronics-operation-and-damage-analysis</div>
<div class="test-event"> <font color="maroon"> <small> &emsp; &emsp;--- 04 May 23:30:46 573 - Page URL:: https://www.i-car.com/product/brake-system-electronics-operation-and-damage-analysis</small> </font> </div>
<div class="test-event"> <font color="maroon"> <small> &emsp; &emsp;--- 04 May 23:30:46 573 - <b>0</b> - Page Load Wait: (Sync) - ICar.support.Utils.waitForPageLoad(Utils.java:109)</small> </font> </div>
<div class="test-message">&emsp;Successfully navigated to the :  https://www.i-car.com/product/brake-system-electronics-operation-and-damage-analysis   Page&emsp;<a href=".\ScreenShot\URL_TC001_2719384187123000.png" target="_blank" >[ScreenShot]</a></div>
<div class="test-event"> <font color="maroon"> <small> &emsp; &emsp;--- 04 May 23:30:46 857 - Page URL:: https://www.i-car.com/product/brake-system-electronics-operation-and-damage-analysis</small> </font> </div>
<div class="test-event"> <font color="maroon"> <small> &emsp; &emsp;--- 04 May 23:30:46 857 - <b>0</b> - Page Load Wait: (Sync) - ICar.support.Utils.waitForPageLoad(Utils.java:109)</small> </font> </div>
<div class="test-event"> <font color="maroon"> <small> &emsp; &emsp;--- 04 May 23:30:46 864 - Catched spinner load exception due to javascript error: {"status":32,"value":"An invalid or illegal selector was specified"}
  (Session info: chrome=124.0.6367.92)
Build info: version: '4.6.0', revision: '79f1c02ae20'
System info: os.name: 'Windows 10', os.arch: 'amd64', os.version: '10.0', java.version: '17.0.7'
Driver info: org.openqa.selenium.chrome.ChromeDriver
Command: [2cf28825ea7a8a419a5b05b8e5d35d84, findElement {using=css selector, value=div[class='slds-spinner slds-spinner_brand slds-spinner_small']>div:nth-child(2)r}]
Capabilities {acceptInsecureCerts: false, browserName: chrome, browserVersion: 124.0.6367.92, chrome: {chromedriverVersion: 124.0.6367.91 (51df0e5e17a8..., userDataDir: C:\Users\PRATHA~1.KUM\AppDa...}, fedcm:accounts: true, goog:chromeOptions: {debuggerAddress: localhost:49451}, networkConnectionEnabled: false, pageLoadStrategy: normal, platformName: WINDOWS, proxy: Proxy(), se:cdp: ws://localhost:49451/devtoo..., se:cdpVersion: 124.0.6367.92, setWindowRect: true, strictFileInteractability: false, timeouts: {implicit: 0, pageLoad: 300000, script: 30000}, unhandledPromptBehavior: dismiss and notify, webauthn:extension:credBlob: true, webauthn:extension:largeBlob: true, webauthn:extension:minPinLength: true, webauthn:extension:prf: true, webauthn:virtualAuthenticators: true}
Session ID: 2cf28825ea7a8a419a5b05b8e5d35d84</small> </font> </div>
<div class="test-event"> <font color="maroon"> <small> &emsp; &emsp;--- 04 May 23:30:46 864 - <b>0</b> - Spinner Load Wait: (Sync) - ICar.support.WaitUtils.waitForSpinner(WaitUtils.java:225)</small> </font> </div>
<div class="test-event"> <font color="maroon"> <small> &emsp; &emsp;--- 04 May 23:30:56 960 - Page URL:: https://www.i-car.com/product/brake-system-electronics-operation-and-damage-analysis</small> </font> </div>
<div class="test-event"> <font color="maroon"> <small> &emsp; &emsp;--- 04 May 23:30:56 961 - <b>0</b> - Page Load Wait: (Sync) - ICar.support.Utils.waitForPageLoad(Utils.java:109)</small> </font> </div>
<div class="test-event"> <font color="maroon"> <small> &emsp; &emsp;--- 04 May 23:30:56 978 - Element is displayed:: [[ChromeDriver: chrome on WINDOWS (2cf28825ea7a8a419a5b05b8e5d35d84)] -> xpath: //a[contains(text(),'Back to Courses')]]</small> </font> </div>
<div class="test-event"> <font color="maroon"> <small> &emsp; &emsp;--- 04 May 23:31:04 010 - Catched spinner load exception due to javascript error: {"status":32,"value":"An invalid or illegal selector was specified"}
  (Session info: chrome=124.0.6367.92)
Build info: version: '4.6.0', revision: '79f1c02ae20'
System info: os.name: 'Windows 10', os.arch: 'amd64', os.version: '10.0', java.version: '17.0.7'
Driver info: org.openqa.selenium.chrome.ChromeDriver
Command: [2cf28825ea7a8a419a5b05b8e5d35d84, findElement {using=css selector, value=div[class='slds-spinner slds-spinner_brand slds-spinner_small']>div:nth-child(2)r}]
Capabilities {acceptInsecureCerts: false, browserName: chrome, browserVersion: 124.0.6367.92, chrome: {chromedriverVersion: 124.0.6367.91 (51df0e5e17a8..., userDataDir: C:\Users\PRATHA~1.KUM\AppDa...}, fedcm:accounts: true, goog:chromeOptions: {debuggerAddress: localhost:49451}, networkConnectionEnabled: false, pageLoadStrategy: normal, platformName: WINDOWS, proxy: Proxy(), se:cdp: ws://localhost:49451/devtoo..., se:cdpVersion: 124.0.6367.92, setWindowRect: true, strictFileInteractability: false, timeouts: {implicit: 0, pageLoad: 300000, script: 30000}, unhandledPromptBehavior: dismiss and notify, webauthn:extension:credBlob: true, webauthn:extension:largeBlob: true, webauthn:extension:minPinLength: true, webauthn:extension:prf: true, webauthn:virtualAuthenticators: true}
Session ID: 2cf28825ea7a8a419a5b05b8e5d35d84</small> </font> </div>
<div class="test-event"> <font color="maroon"> <small> &emsp; &emsp;--- 04 May 23:31:04 010 - <b>0</b> - Spinner Load Wait: (Sync) - ICar.support.WaitUtils.waitForSpinner(WaitUtils.java:225)</small> </font> </div>
<div class="test-message">&emsp;Back To Courses is displayed in the page </div>
<div class="test-message">&emsp;Successfully verified Back To Course Link&emsp;<a href=".\ScreenShot\URL_TC001_2719401633840600.png" target="_blank" >[ScreenShot]</a></div>
<div class="test-event"> <font color="maroon"> <small> &emsp; &emsp;--- 04 May 23:31:04 250 - Catched spinner load exception due to javascript error: {"status":32,"value":"An invalid or illegal selector was specified"}
  (Session info: chrome=124.0.6367.92)
Build info: version: '4.6.0', revision: '79f1c02ae20'
System info: os.name: 'Windows 10', os.arch: 'amd64', os.version: '10.0', java.version: '17.0.7'
Driver info: org.openqa.selenium.chrome.ChromeDriver
Command: [2cf28825ea7a8a419a5b05b8e5d35d84, findElement {using=css selector, value=div[class='slds-spinner slds-spinner_brand slds-spinner_small']>div:nth-child(2)r}]
Capabilities {acceptInsecureCerts: false, browserName: chrome, browserVersion: 124.0.6367.92, chrome: {chromedriverVersion: 124.0.6367.91 (51df0e5e17a8..., userDataDir: C:\Users\PRATHA~1.KUM\AppDa...}, fedcm:accounts: true, goog:chromeOptions: {debuggerAddress: localhost:49451}, networkConnectionEnabled: false, pageLoadStrategy: normal, platformName: WINDOWS, proxy: Proxy(), se:cdp: ws://localhost:49451/devtoo..., se:cdpVersion: 124.0.6367.92, setWindowRect: true, strictFileInteractability: false, timeouts: {implicit: 0, pageLoad: 300000, script: 30000}, unhandledPromptBehavior: dismiss and notify, webauthn:extension:credBlob: true, webauthn:extension:largeBlob: true, webauthn:extension:minPinLength: true, webauthn:extension:prf: true, webauthn:virtualAuthenticators: true}
Session ID: 2cf28825ea7a8a419a5b05b8e5d35d84</small> </font> </div>
<div class="test-event"> <font color="maroon"> <small> &emsp; &emsp;--- 04 May 23:31:04 250 - <b>0</b> - Spinner Load Wait: (Sync) - ICar.support.WaitUtils.waitForSpinner(WaitUtils.java:225)</small> </font> </div>
<div class="test-event"> <font color="maroon"> <small> &emsp; &emsp;--- 04 May 23:31:04 317 - Page URL:: https://www.i-car.com/product/brake-system-electronics-operation-and-damage-analysis</small> </font> </div>
<div class="test-event"> <font color="maroon"> <small> &emsp; &emsp;--- 04 May 23:31:04 317 - <b>0</b> - Page Load Wait: (Sync) - ICar.support.Utils.waitForPageLoad(Utils.java:109)</small> </font> </div>
<div class="test-event"> <font color="maroon"> <small> &emsp; &emsp;--- 04 May 23:31:14 368 - Element is displayed:: [[ChromeDriver: chrome on WINDOWS (2cf28825ea7a8a419a5b05b8e5d35d84)] -> xpath: //div[@class='productDetails slds-p-bottom_large']//div[contains(@class,'slds-p-bottom_medium')]]</small> </font> </div>
<div class="test-message">&emsp;Course Name : BrakeSystemElectronicsOperationandDamageAnalysis is displayed in the URL page</div>
<div class="test-message">&emsp;Successfully verified the course name for relevant link&emsp;<a href=".\ScreenShot\URL_TC001_2719420001093400.png" target="_blank" >[ScreenShot]</a></div>
<div class="test-message">&emsp;
</div>
<div class="test-message">&emsp;63. URL is : https://www.i-car.com/product/control-module-programming-overview</div>
<div class="test-event"> <font color="maroon"> <small> &emsp; &emsp;--- 04 May 23:31:23 551 - Page URL:: https://www.i-car.com/product/control-module-programming-overview</small> </font> </div>
<div class="test-event"> <font color="maroon"> <small> &emsp; &emsp;--- 04 May 23:31:23 551 - <b>0</b> - Page Load Wait: (Sync) - ICar.support.Utils.waitForPageLoad(Utils.java:109)</small> </font> </div>
<div class="test-message">&emsp;Successfully navigated to the :  https://www.i-car.com/product/control-module-programming-overview   Page&emsp;<a href=".\ScreenShot\URL_TC001_2719421164672500.png" target="_blank" >[ScreenShot]</a></div>
<div class="test-event"> <font color="maroon"> <small> &emsp; &emsp;--- 04 May 23:31:23 859 - Page URL:: https://www.i-car.com/product/control-module-programming-overview</small> </font> </div>
<div class="test-event"> <font color="maroon"> <small> &emsp; &emsp;--- 04 May 23:31:23 859 - <b>0</b> - Page Load Wait: (Sync) - ICar.support.Utils.waitForPageLoad(Utils.java:109)</small> </font> </div>
<div class="test-event"> <font color="maroon"> <small> &emsp; &emsp;--- 04 May 23:31:23 867 - Catched spinner load exception due to javascript error: {"status":32,"value":"An invalid or illegal selector was specified"}
  (Session info: chrome=124.0.6367.92)
Build info: version: '4.6.0', revision: '79f1c02ae20'
System info: os.name: 'Windows 10', os.arch: 'amd64', os.version: '10.0', java.version: '17.0.7'
Driver info: org.openqa.selenium.chrome.ChromeDriver
Command: [2cf28825ea7a8a419a5b05b8e5d35d84, findElement {using=css selector, value=div[class='slds-spinner slds-spinner_brand slds-spinner_small']>div:nth-child(2)r}]
Capabilities {acceptInsecureCerts: false, browserName: chrome, browserVersion: 124.0.6367.92, chrome: {chromedriverVersion: 124.0.6367.91 (51df0e5e17a8..., userDataDir: C:\Users\PRATHA~1.KUM\AppDa...}, fedcm:accounts: true, goog:chromeOptions: {debuggerAddress: localhost:49451}, networkConnectionEnabled: false, pageLoadStrategy: normal, platformName: WINDOWS, proxy: Proxy(), se:cdp: ws://localhost:49451/devtoo..., se:cdpVersion: 124.0.6367.92, setWindowRect: true, strictFileInteractability: false, timeouts: {implicit: 0, pageLoad: 300000, script: 30000}, unhandledPromptBehavior: dismiss and notify, webauthn:extension:credBlob: true, webauthn:extension:largeBlob: true, webauthn:extension:minPinLength: true, webauthn:extension:prf: true, webauthn:virtualAuthenticators: true}
Session ID: 2cf28825ea7a8a419a5b05b8e5d35d84</small> </font> </div>
<div class="test-event"> <font color="maroon"> <small> &emsp; &emsp;--- 04 May 23:31:23 867 - <b>0</b> - Spinner Load Wait: (Sync) - ICar.support.WaitUtils.waitForSpinner(WaitUtils.java:225)</small> </font> </div>
<div class="test-event"> <font color="maroon"> <small> &emsp; &emsp;--- 04 May 23:31:33 967 - Page URL:: https://www.i-car.com/product/control-module-programming-overview</small> </font> </div>
<div class="test-event"> <font color="maroon"> <small> &emsp; &emsp;--- 04 May 23:31:33 967 - <b>0</b> - Page Load Wait: (Sync) - ICar.support.Utils.waitForPageLoad(Utils.java:109)</small> </font> </div>
<div class="test-event"> <font color="maroon"> <small> &emsp; &emsp;--- 04 May 23:31:33 986 - Element is displayed:: [[ChromeDriver: chrome on WINDOWS (2cf28825ea7a8a419a5b05b8e5d35d84)] -> xpath: //a[contains(text(),'Back to Courses')]]</small> </font> </div>
<div class="test-event"> <font color="maroon"> <small> &emsp; &emsp;--- 04 May 23:31:41 030 - Catched spinner load exception due to javascript error: {"status":32,"value":"An invalid or illegal selector was specified"}
  (Session info: chrome=124.0.6367.92)
Build info: version: '4.6.0', revision: '79f1c02ae20'
System info: os.name: 'Windows 10', os.arch: 'amd64', os.version: '10.0', java.version: '17.0.7'
Driver info: org.openqa.selenium.chrome.ChromeDriver
Command: [2cf28825ea7a8a419a5b05b8e5d35d84, findElement {using=css selector, value=div[class='slds-spinner slds-spinner_brand slds-spinner_small']>div:nth-child(2)r}]
Capabilities {acceptInsecureCerts: false, browserName: chrome, browserVersion: 124.0.6367.92, chrome: {chromedriverVersion: 124.0.6367.91 (51df0e5e17a8..., userDataDir: C:\Users\PRATHA~1.KUM\AppDa...}, fedcm:accounts: true, goog:chromeOptions: {debuggerAddress: localhost:49451}, networkConnectionEnabled: false, pageLoadStrategy: normal, platformName: WINDOWS, proxy: Proxy(), se:cdp: ws://localhost:49451/devtoo..., se:cdpVersion: 124.0.6367.92, setWindowRect: true, strictFileInteractability: false, timeouts: {implicit: 0, pageLoad: 300000, script: 30000}, unhandledPromptBehavior: dismiss and notify, webauthn:extension:credBlob: true, webauthn:extension:largeBlob: true, webauthn:extension:minPinLength: true, webauthn:extension:prf: true, webauthn:virtualAuthenticators: true}
Session ID: 2cf28825ea7a8a419a5b05b8e5d35d84</small> </font> </div>
<div class="test-event"> <font color="maroon"> <small> &emsp; &emsp;--- 04 May 23:31:41 030 - <b>0</b> - Spinner Load Wait: (Sync) - ICar.support.WaitUtils.waitForSpinner(WaitUtils.java:225)</small> </font> </div>
<div class="test-message">&emsp;Back To Courses is displayed in the page </div>
<div class="test-message">&emsp;Successfully verified Back To Course Link&emsp;<a href=".\ScreenShot\URL_TC001_2719438669372600.png" target="_blank" >[ScreenShot]</a></div>
<div class="test-event"> <font color="maroon"> <small> &emsp; &emsp;--- 04 May 23:31:41 287 - Catched spinner load exception due to javascript error: {"status":32,"value":"An invalid or illegal selector was specified"}
  (Session info: chrome=124.0.6367.92)
Build info: version: '4.6.0', revision: '79f1c02ae20'
System info: os.name: 'Windows 10', os.arch: 'amd64', os.version: '10.0', java.version: '17.0.7'
Driver info: org.openqa.selenium.chrome.ChromeDriver
Command: [2cf28825ea7a8a419a5b05b8e5d35d84, findElement {using=css selector, value=div[class='slds-spinner slds-spinner_brand slds-spinner_small']>div:nth-child(2)r}]
Capabilities {acceptInsecureCerts: false, browserName: chrome, browserVersion: 124.0.6367.92, chrome: {chromedriverVersion: 124.0.6367.91 (51df0e5e17a8..., userDataDir: C:\Users\PRATHA~1.KUM\AppDa...}, fedcm:accounts: true, goog:chromeOptions: {debuggerAddress: localhost:49451}, networkConnectionEnabled: false, pageLoadStrategy: normal, platformName: WINDOWS, proxy: Proxy(), se:cdp: ws://localhost:49451/devtoo..., se:cdpVersion: 124.0.6367.92, setWindowRect: true, strictFileInteractability: false, timeouts: {implicit: 0, pageLoad: 300000, script: 30000}, unhandledPromptBehavior: dismiss and notify, webauthn:extension:credBlob: true, webauthn:extension:largeBlob: true, webauthn:extension:minPinLength: true, webauthn:extension:prf: true, webauthn:virtualAuthenticators: true}
Session ID: 2cf28825ea7a8a419a5b05b8e5d35d84</small> </font> </div>
<div class="test-event"> <font color="maroon"> <small> &emsp; &emsp;--- 04 May 23:31:41 287 - <b>0</b> - Spinner Load Wait: (Sync) - ICar.support.WaitUtils.waitForSpinner(WaitUtils.java:225)</small> </font> </div>
<div class="test-event"> <font color="maroon"> <small> &emsp; &emsp;--- 04 May 23:31:41 368 - Page URL:: https://www.i-car.com/product/control-module-programming-overview</small> </font> </div>
<div class="test-event"> <font color="maroon"> <small> &emsp; &emsp;--- 04 May 23:31:41 368 - <b>0</b> - Page Load Wait: (Sync) - ICar.support.Utils.waitForPageLoad(Utils.java:109)</small> </font> </div>
<div class="test-event"> <font color="maroon"> <small> &emsp; &emsp;--- 04 May 23:31:51 423 - Element is displayed:: [[ChromeDriver: chrome on WINDOWS (2cf28825ea7a8a419a5b05b8e5d35d84)] -> xpath: //div[@class='productDetails slds-p-bottom_large']//div[contains(@class,'slds-p-bottom_medium')]]</small> </font> </div>
<div class="test-message">&emsp;Course Name : ControlModuleProgrammingOverview is displayed in the URL page</div>
<div class="test-message">&emsp;Successfully verified the course name for relevant link&emsp;<a href=".\ScreenShot\URL_TC001_2719457053643900.png" target="_blank" >[ScreenShot]</a></div>
<div class="test-message">&emsp;
</div>
<div class="test-message">&emsp;64. URL is : https://www.i-car.com/product/masking</div>
<div class="test-event"> <font color="maroon"> <small> &emsp; &emsp;--- 04 May 23:32:01 459 - Page URL:: https://www.i-car.com/product/masking</small> </font> </div>
<div class="test-event"> <font color="maroon"> <small> &emsp; &emsp;--- 04 May 23:32:01 459 - <b>0</b> - Page Load Wait: (Sync) - ICar.support.Utils.waitForPageLoad(Utils.java:109)</small> </font> </div>
<div class="test-message">&emsp;Successfully navigated to the :  https://www.i-car.com/product/masking   Page&emsp;<a href=".\ScreenShot\URL_TC001_2719459072790600.png" target="_blank" >[ScreenShot]</a></div>
<div class="test-event"> <font color="maroon"> <small> &emsp; &emsp;--- 04 May 23:32:01 750 - Page URL:: https://www.i-car.com/product/masking</small> </font> </div>
<div class="test-event"> <font color="maroon"> <small> &emsp; &emsp;--- 04 May 23:32:01 750 - <b>0</b> - Page Load Wait: (Sync) - ICar.support.Utils.waitForPageLoad(Utils.java:109)</small> </font> </div>
<div class="test-event"> <font color="maroon"> <small> &emsp; &emsp;--- 04 May 23:32:01 759 - Catched spinner load exception due to javascript error: {"status":32,"value":"An invalid or illegal selector was specified"}
  (Session info: chrome=124.0.6367.92)
Build info: version: '4.6.0', revision: '79f1c02ae20'
System info: os.name: 'Windows 10', os.arch: 'amd64', os.version: '10.0', java.version: '17.0.7'
Driver info: org.openqa.selenium.chrome.ChromeDriver
Command: [2cf28825ea7a8a419a5b05b8e5d35d84, findElement {using=css selector, value=div[class='slds-spinner slds-spinner_brand slds-spinner_small']>div:nth-child(2)r}]
Capabilities {acceptInsecureCerts: false, browserName: chrome, browserVersion: 124.0.6367.92, chrome: {chromedriverVersion: 124.0.6367.91 (51df0e5e17a8..., userDataDir: C:\Users\PRATHA~1.KUM\AppDa...}, fedcm:accounts: true, goog:chromeOptions: {debuggerAddress: localhost:49451}, networkConnectionEnabled: false, pageLoadStrategy: normal, platformName: WINDOWS, proxy: Proxy(), se:cdp: ws://localhost:49451/devtoo..., se:cdpVersion: 124.0.6367.92, setWindowRect: true, strictFileInteractability: false, timeouts: {implicit: 0, pageLoad: 300000, script: 30000}, unhandledPromptBehavior: dismiss and notify, webauthn:extension:credBlob: true, webauthn:extension:largeBlob: true, webauthn:extension:minPinLength: true, webauthn:extension:prf: true, webauthn:virtualAuthenticators: true}
Session ID: 2cf28825ea7a8a419a5b05b8e5d35d84</small> </font> </div>
<div class="test-event"> <font color="maroon"> <small> &emsp; &emsp;--- 04 May 23:32:01 759 - <b>0</b> - Spinner Load Wait: (Sync) - ICar.support.WaitUtils.waitForSpinner(WaitUtils.java:225)</small> </font> </div>
<div class="test-event"> <font color="maroon"> <small> &emsp; &emsp;--- 04 May 23:32:11 843 - Page URL:: https://www.i-car.com/product/masking</small> </font> </div>
<div class="test-event"> <font color="maroon"> <small> &emsp; &emsp;--- 04 May 23:32:11 843 - <b>0</b> - Page Load Wait: (Sync) - ICar.support.Utils.waitForPageLoad(Utils.java:109)</small> </font> </div>
<div class="test-event"> <font color="maroon"> <small> &emsp; &emsp;--- 04 May 23:32:11 861 - Element is displayed:: [[ChromeDriver: chrome on WINDOWS (2cf28825ea7a8a419a5b05b8e5d35d84)] -> xpath: //a[contains(text(),'Back to Courses')]]</small> </font> </div>
<div class="test-event"> <font color="maroon"> <small> &emsp; &emsp;--- 04 May 23:32:18 895 - Catched spinner load exception due to javascript error: {"status":32,"value":"An invalid or illegal selector was specified"}
  (Session info: chrome=124.0.6367.92)
Build info: version: '4.6.0', revision: '79f1c02ae20'
System info: os.name: 'Windows 10', os.arch: 'amd64', os.version: '10.0', java.version: '17.0.7'
Driver info: org.openqa.selenium.chrome.ChromeDriver
Command: [2cf28825ea7a8a419a5b05b8e5d35d84, findElement {using=css selector, value=div[class='slds-spinner slds-spinner_brand slds-spinner_small']>div:nth-child(2)r}]
Capabilities {acceptInsecureCerts: false, browserName: chrome, browserVersion: 124.0.6367.92, chrome: {chromedriverVersion: 124.0.6367.91 (51df0e5e17a8..., userDataDir: C:\Users\PRATHA~1.KUM\AppDa...}, fedcm:accounts: true, goog:chromeOptions: {debuggerAddress: localhost:49451}, networkConnectionEnabled: false, pageLoadStrategy: normal, platformName: WINDOWS, proxy: Proxy(), se:cdp: ws://localhost:49451/devtoo..., se:cdpVersion: 124.0.6367.92, setWindowRect: true, strictFileInteractability: false, timeouts: {implicit: 0, pageLoad: 300000, script: 30000}, unhandledPromptBehavior: dismiss and notify, webauthn:extension:credBlob: true, webauthn:extension:largeBlob: true, webauthn:extension:minPinLength: true, webauthn:extension:prf: true, webauthn:virtualAuthenticators: true}
Session ID: 2cf28825ea7a8a419a5b05b8e5d35d84</small> </font> </div>
<div class="test-event"> <font color="maroon"> <small> &emsp; &emsp;--- 04 May 23:32:18 895 - <b>0</b> - Spinner Load Wait: (Sync) - ICar.support.WaitUtils.waitForSpinner(WaitUtils.java:225)</small> </font> </div>
<div class="test-message">&emsp;Back To Courses is displayed in the page </div>
<div class="test-message">&emsp;Successfully verified Back To Course Link&emsp;<a href=".\ScreenShot\URL_TC001_2719476518972400.png" target="_blank" >[ScreenShot]</a></div>
<div class="test-event"> <font color="maroon"> <small> &emsp; &emsp;--- 04 May 23:32:19 064 - Catched spinner load exception due to javascript error: {"status":32,"value":"An invalid or illegal selector was specified"}
  (Session info: chrome=124.0.6367.92)
Build info: version: '4.6.0', revision: '79f1c02ae20'
System info: os.name: 'Windows 10', os.arch: 'amd64', os.version: '10.0', java.version: '17.0.7'
Driver info: org.openqa.selenium.chrome.ChromeDriver
Command: [2cf28825ea7a8a419a5b05b8e5d35d84, findElement {using=css selector, value=div[class='slds-spinner slds-spinner_brand slds-spinner_small']>div:nth-child(2)r}]
Capabilities {acceptInsecureCerts: false, browserName: chrome, browserVersion: 124.0.6367.92, chrome: {chromedriverVersion: 124.0.6367.91 (51df0e5e17a8..., userDataDir: C:\Users\PRATHA~1.KUM\AppDa...}, fedcm:accounts: true, goog:chromeOptions: {debuggerAddress: localhost:49451}, networkConnectionEnabled: false, pageLoadStrategy: normal, platformName: WINDOWS, proxy: Proxy(), se:cdp: ws://localhost:49451/devtoo..., se:cdpVersion: 124.0.6367.92, setWindowRect: true, strictFileInteractability: false, timeouts: {implicit: 0, pageLoad: 300000, script: 30000}, unhandledPromptBehavior: dismiss and notify, webauthn:extension:credBlob: true, webauthn:extension:largeBlob: true, webauthn:extension:minPinLength: true, webauthn:extension:prf: true, webauthn:virtualAuthenticators: true}
Session ID: 2cf28825ea7a8a419a5b05b8e5d35d84</small> </font> </div>
<div class="test-event"> <font color="maroon"> <small> &emsp; &emsp;--- 04 May 23:32:19 065 - <b>0</b> - Spinner Load Wait: (Sync) - ICar.support.WaitUtils.waitForSpinner(WaitUtils.java:225)</small> </font> </div>
<div class="test-event"> <font color="maroon"> <small> &emsp; &emsp;--- 04 May 23:32:19 130 - Page URL:: https://www.i-car.com/product/masking</small> </font> </div>
<div class="test-event"> <font color="maroon"> <small> &emsp; &emsp;--- 04 May 23:32:19 130 - <b>0</b> - Page Load Wait: (Sync) - ICar.support.Utils.waitForPageLoad(Utils.java:109)</small> </font> </div>
<div class="test-event"> <font color="maroon"> <small> &emsp; &emsp;--- 04 May 23:32:29 211 - Element is displayed:: [[ChromeDriver: chrome on WINDOWS (2cf28825ea7a8a419a5b05b8e5d35d84)] -> xpath: //div[@class='productDetails slds-p-bottom_large']//div[contains(@class,'slds-p-bottom_medium')]]</small> </font> </div>
<div class="test-message">&emsp;Course Name : Masking is displayed in the URL page</div>
<div class="test-message">&emsp;Successfully verified the course name for relevant link&emsp;<a href=".\ScreenShot\URL_TC001_2719494852786400.png" target="_blank" >[ScreenShot]</a></div>
<div class="test-message">&emsp;
</div>
<div class="test-message">&emsp;65. URL is : https://www.i-car.com/product/air-conditioning-system-service</div>
<div class="test-event"> <font color="maroon"> <small> &emsp; &emsp;--- 04 May 23:32:38 097 - Page URL:: https://www.i-car.com/product/air-conditioning-system-service</small> </font> </div>
<div class="test-event"> <font color="maroon"> <small> &emsp; &emsp;--- 04 May 23:32:38 098 - <b>0</b> - Page Load Wait: (Sync) - ICar.support.Utils.waitForPageLoad(Utils.java:109)</small> </font> </div>
<div class="test-message">&emsp;Successfully navigated to the :  https://www.i-car.com/product/air-conditioning-system-service   Page&emsp;<a href=".\ScreenShot\URL_TC001_2719495711085500.png" target="_blank" >[ScreenShot]</a></div>
<div class="test-event"> <font color="maroon"> <small> &emsp; &emsp;--- 04 May 23:32:38 329 - Page URL:: https://www.i-car.com/product/air-conditioning-system-service</small> </font> </div>
<div class="test-event"> <font color="maroon"> <small> &emsp; &emsp;--- 04 May 23:32:38 329 - <b>0</b> - Page Load Wait: (Sync) - ICar.support.Utils.waitForPageLoad(Utils.java:109)</small> </font> </div>
<div class="test-event"> <font color="maroon"> <small> &emsp; &emsp;--- 04 May 23:32:38 338 - Catched spinner load exception due to javascript error: {"status":32,"value":"An invalid or illegal selector was specified"}
  (Session info: chrome=124.0.6367.92)
Build info: version: '4.6.0', revision: '79f1c02ae20'
System info: os.name: 'Windows 10', os.arch: 'amd64', os.version: '10.0', java.version: '17.0.7'
Driver info: org.openqa.selenium.chrome.ChromeDriver
Command: [2cf28825ea7a8a419a5b05b8e5d35d84, findElement {using=css selector, value=div[class='slds-spinner slds-spinner_brand slds-spinner_small']>div:nth-child(2)r}]
Capabilities {acceptInsecureCerts: false, browserName: chrome, browserVersion: 124.0.6367.92, chrome: {chromedriverVersion: 124.0.6367.91 (51df0e5e17a8..., userDataDir: C:\Users\PRATHA~1.KUM\AppDa...}, fedcm:accounts: true, goog:chromeOptions: {debuggerAddress: localhost:49451}, networkConnectionEnabled: false, pageLoadStrategy: normal, platformName: WINDOWS, proxy: Proxy(), se:cdp: ws://localhost:49451/devtoo..., se:cdpVersion: 124.0.6367.92, setWindowRect: true, strictFileInteractability: false, timeouts: {implicit: 0, pageLoad: 300000, script: 30000}, unhandledPromptBehavior: dismiss and notify, webauthn:extension:credBlob: true, webauthn:extension:largeBlob: true, webauthn:extension:minPinLength: true, webauthn:extension:prf: true, webauthn:virtualAuthenticators: true}
Session ID: 2cf28825ea7a8a419a5b05b8e5d35d84</small> </font> </div>
<div class="test-event"> <font color="maroon"> <small> &emsp; &emsp;--- 04 May 23:32:38 338 - <b>0</b> - Spinner Load Wait: (Sync) - ICar.support.WaitUtils.waitForSpinner(WaitUtils.java:225)</small> </font> </div>
<div class="test-event"> <font color="maroon"> <small> &emsp; &emsp;--- 04 May 23:32:48 437 - Page URL:: https://www.i-car.com/product/air-conditioning-system-service</small> </font> </div>
<div class="test-event"> <font color="maroon"> <small> &emsp; &emsp;--- 04 May 23:32:48 438 - <b>0</b> - Page Load Wait: (Sync) - ICar.support.Utils.waitForPageLoad(Utils.java:109)</small> </font> </div>
<div class="test-event"> <font color="maroon"> <small> &emsp; &emsp;--- 04 May 23:32:48 456 - Element is displayed:: [[ChromeDriver: chrome on WINDOWS (2cf28825ea7a8a419a5b05b8e5d35d84)] -> xpath: //a[contains(text(),'Back to Courses')]]</small> </font> </div>
<div class="test-event"> <font color="maroon"> <small> &emsp; &emsp;--- 04 May 23:32:55 490 - Catched spinner load exception due to javascript error: {"status":32,"value":"An invalid or illegal selector was specified"}
  (Session info: chrome=124.0.6367.92)
Build info: version: '4.6.0', revision: '79f1c02ae20'
System info: os.name: 'Windows 10', os.arch: 'amd64', os.version: '10.0', java.version: '17.0.7'
Driver info: org.openqa.selenium.chrome.ChromeDriver
Command: [2cf28825ea7a8a419a5b05b8e5d35d84, findElement {using=css selector, value=div[class='slds-spinner slds-spinner_brand slds-spinner_small']>div:nth-child(2)r}]
Capabilities {acceptInsecureCerts: false, browserName: chrome, browserVersion: 124.0.6367.92, chrome: {chromedriverVersion: 124.0.6367.91 (51df0e5e17a8..., userDataDir: C:\Users\PRATHA~1.KUM\AppDa...}, fedcm:accounts: true, goog:chromeOptions: {debuggerAddress: localhost:49451}, networkConnectionEnabled: false, pageLoadStrategy: normal, platformName: WINDOWS, proxy: Proxy(), se:cdp: ws://localhost:49451/devtoo..., se:cdpVersion: 124.0.6367.92, setWindowRect: true, strictFileInteractability: false, timeouts: {implicit: 0, pageLoad: 300000, script: 30000}, unhandledPromptBehavior: dismiss and notify, webauthn:extension:credBlob: true, webauthn:extension:largeBlob: true, webauthn:extension:minPinLength: true, webauthn:extension:prf: true, webauthn:virtualAuthenticators: true}
Session ID: 2cf28825ea7a8a419a5b05b8e5d35d84</small> </font> </div>
<div class="test-event"> <font color="maroon"> <small> &emsp; &emsp;--- 04 May 23:32:55 491 - <b>0</b> - Spinner Load Wait: (Sync) - ICar.support.WaitUtils.waitForSpinner(WaitUtils.java:225)</small> </font> </div>
<div class="test-message">&emsp;Back To Courses is displayed in the page </div>
<div class="test-message">&emsp;Successfully verified Back To Course Link&emsp;<a href=".\ScreenShot\URL_TC001_2719513114591100.png" target="_blank" >[ScreenShot]</a></div>
<div class="test-event"> <font color="maroon"> <small> &emsp; &emsp;--- 04 May 23:32:55 725 - Catched spinner load exception due to javascript error: {"status":32,"value":"An invalid or illegal selector was specified"}
  (Session info: chrome=124.0.6367.92)
Build info: version: '4.6.0', revision: '79f1c02ae20'
System info: os.name: 'Windows 10', os.arch: 'amd64', os.version: '10.0', java.version: '17.0.7'
Driver info: org.openqa.selenium.chrome.ChromeDriver
Command: [2cf28825ea7a8a419a5b05b8e5d35d84, findElement {using=css selector, value=div[class='slds-spinner slds-spinner_brand slds-spinner_small']>div:nth-child(2)r}]
Capabilities {acceptInsecureCerts: false, browserName: chrome, browserVersion: 124.0.6367.92, chrome: {chromedriverVersion: 124.0.6367.91 (51df0e5e17a8..., userDataDir: C:\Users\PRATHA~1.KUM\AppDa...}, fedcm:accounts: true, goog:chromeOptions: {debuggerAddress: localhost:49451}, networkConnectionEnabled: false, pageLoadStrategy: normal, platformName: WINDOWS, proxy: Proxy(), se:cdp: ws://localhost:49451/devtoo..., se:cdpVersion: 124.0.6367.92, setWindowRect: true, strictFileInteractability: false, timeouts: {implicit: 0, pageLoad: 300000, script: 30000}, unhandledPromptBehavior: dismiss and notify, webauthn:extension:credBlob: true, webauthn:extension:largeBlob: true, webauthn:extension:minPinLength: true, webauthn:extension:prf: true, webauthn:virtualAuthenticators: true}
Session ID: 2cf28825ea7a8a419a5b05b8e5d35d84</small> </font> </div>
<div class="test-event"> <font color="maroon"> <small> &emsp; &emsp;--- 04 May 23:32:55 725 - <b>0</b> - Spinner Load Wait: (Sync) - ICar.support.WaitUtils.waitForSpinner(WaitUtils.java:225)</small> </font> </div>
<div class="test-event"> <font color="maroon"> <small> &emsp; &emsp;--- 04 May 23:32:55 791 - Page URL:: https://www.i-car.com/product/air-conditioning-system-service</small> </font> </div>
<div class="test-event"> <font color="maroon"> <small> &emsp; &emsp;--- 04 May 23:32:55 791 - <b>0</b> - Page Load Wait: (Sync) - ICar.support.Utils.waitForPageLoad(Utils.java:109)</small> </font> </div>
<div class="test-event"> <font color="maroon"> <small> &emsp; &emsp;--- 04 May 23:33:05 863 - Element is displayed:: [[ChromeDriver: chrome on WINDOWS (2cf28825ea7a8a419a5b05b8e5d35d84)] -> xpath: //div[@class='productDetails slds-p-bottom_large']//div[contains(@class,'slds-p-bottom_medium')]]</small> </font> </div>
<div class="test-message">&emsp;Course Name : AirConditioningSystemService is displayed in the URL page</div>
<div class="test-message">&emsp;Successfully verified the course name for relevant link&emsp;<a href=".\ScreenShot\URL_TC001_2719531502718000.png" target="_blank" >[ScreenShot]</a></div>
<div class="test-message">&emsp;
</div>
<div class="test-message">&emsp;66. URL is : https://www.i-car.com/product/steering-system-operation-damage-analysis-and-service</div>
<div class="test-event"> <font color="maroon"> <small> &emsp; &emsp;--- 04 May 23:33:14 836 - Page URL:: https://www.i-car.com/product/steering-system-operation-damage-analysis-and-service</small> </font> </div>
<div class="test-event"> <font color="maroon"> <small> &emsp; &emsp;--- 04 May 23:33:14 836 - <b>0</b> - Page Load Wait: (Sync) - ICar.support.Utils.waitForPageLoad(Utils.java:109)</small> </font> </div>
<div class="test-message">&emsp;Successfully navigated to the :  https://www.i-car.com/product/steering-system-operation-damage-analysis-and-service   Page&emsp;<a href=".\ScreenShot\URL_TC001_2719532448995900.png" target="_blank" >[ScreenShot]</a></div>
<div class="test-event"> <font color="maroon"> <small> &emsp; &emsp;--- 04 May 23:33:15 120 - Page URL:: https://www.i-car.com/product/steering-system-operation-damage-analysis-and-service</small> </font> </div>
<div class="test-event"> <font color="maroon"> <small> &emsp; &emsp;--- 04 May 23:33:15 120 - <b>0</b> - Page Load Wait: (Sync) - ICar.support.Utils.waitForPageLoad(Utils.java:109)</small> </font> </div>
<div class="test-event"> <font color="maroon"> <small> &emsp; &emsp;--- 04 May 23:33:15 127 - Catched spinner load exception due to javascript error: {"status":32,"value":"An invalid or illegal selector was specified"}
  (Session info: chrome=124.0.6367.92)
Build info: version: '4.6.0', revision: '79f1c02ae20'
System info: os.name: 'Windows 10', os.arch: 'amd64', os.version: '10.0', java.version: '17.0.7'
Driver info: org.openqa.selenium.chrome.ChromeDriver
Command: [2cf28825ea7a8a419a5b05b8e5d35d84, findElement {using=css selector, value=div[class='slds-spinner slds-spinner_brand slds-spinner_small']>div:nth-child(2)r}]
Capabilities {acceptInsecureCerts: false, browserName: chrome, browserVersion: 124.0.6367.92, chrome: {chromedriverVersion: 124.0.6367.91 (51df0e5e17a8..., userDataDir: C:\Users\PRATHA~1.KUM\AppDa...}, fedcm:accounts: true, goog:chromeOptions: {debuggerAddress: localhost:49451}, networkConnectionEnabled: false, pageLoadStrategy: normal, platformName: WINDOWS, proxy: Proxy(), se:cdp: ws://localhost:49451/devtoo..., se:cdpVersion: 124.0.6367.92, setWindowRect: true, strictFileInteractability: false, timeouts: {implicit: 0, pageLoad: 300000, script: 30000}, unhandledPromptBehavior: dismiss and notify, webauthn:extension:credBlob: true, webauthn:extension:largeBlob: true, webauthn:extension:minPinLength: true, webauthn:extension:prf: true, webauthn:virtualAuthenticators: true}
Session ID: 2cf28825ea7a8a419a5b05b8e5d35d84</small> </font> </div>
<div class="test-event"> <font color="maroon"> <small> &emsp; &emsp;--- 04 May 23:33:15 127 - <b>0</b> - Spinner Load Wait: (Sync) - ICar.support.WaitUtils.waitForSpinner(WaitUtils.java:225)</small> </font> </div>
<div class="test-event"> <font color="maroon"> <small> &emsp; &emsp;--- 04 May 23:33:25 203 - Page URL:: https://www.i-car.com/product/steering-system-operation-damage-analysis-and-service</small> </font> </div>
<div class="test-event"> <font color="maroon"> <small> &emsp; &emsp;--- 04 May 23:33:25 203 - <b>0</b> - Page Load Wait: (Sync) - ICar.support.Utils.waitForPageLoad(Utils.java:109)</small> </font> </div>
<div class="test-event"> <font color="maroon"> <small> &emsp; &emsp;--- 04 May 23:33:25 220 - Element is displayed:: [[ChromeDriver: chrome on WINDOWS (2cf28825ea7a8a419a5b05b8e5d35d84)] -> xpath: //a[contains(text(),'Back to Courses')]]</small> </font> </div>
<div class="test-event"> <font color="maroon"> <small> &emsp; &emsp;--- 04 May 23:33:32 258 - Catched spinner load exception due to javascript error: {"status":32,"value":"An invalid or illegal selector was specified"}
  (Session info: chrome=124.0.6367.92)
Build info: version: '4.6.0', revision: '79f1c02ae20'
System info: os.name: 'Windows 10', os.arch: 'amd64', os.version: '10.0', java.version: '17.0.7'
Driver info: org.openqa.selenium.chrome.ChromeDriver
Command: [2cf28825ea7a8a419a5b05b8e5d35d84, findElement {using=css selector, value=div[class='slds-spinner slds-spinner_brand slds-spinner_small']>div:nth-child(2)r}]
Capabilities {acceptInsecureCerts: false, browserName: chrome, browserVersion: 124.0.6367.92, chrome: {chromedriverVersion: 124.0.6367.91 (51df0e5e17a8..., userDataDir: C:\Users\PRATHA~1.KUM\AppDa...}, fedcm:accounts: true, goog:chromeOptions: {debuggerAddress: localhost:49451}, networkConnectionEnabled: false, pageLoadStrategy: normal, platformName: WINDOWS, proxy: Proxy(), se:cdp: ws://localhost:49451/devtoo..., se:cdpVersion: 124.0.6367.92, setWindowRect: true, strictFileInteractability: false, timeouts: {implicit: 0, pageLoad: 300000, script: 30000}, unhandledPromptBehavior: dismiss and notify, webauthn:extension:credBlob: true, webauthn:extension:largeBlob: true, webauthn:extension:minPinLength: true, webauthn:extension:prf: true, webauthn:virtualAuthenticators: true}
Session ID: 2cf28825ea7a8a419a5b05b8e5d35d84</small> </font> </div>
<div class="test-event"> <font color="maroon"> <small> &emsp; &emsp;--- 04 May 23:33:32 258 - <b>0</b> - Spinner Load Wait: (Sync) - ICar.support.WaitUtils.waitForSpinner(WaitUtils.java:225)</small> </font> </div>
<div class="test-message">&emsp;Back To Courses is displayed in the page </div>
<div class="test-message">&emsp;Successfully verified Back To Course Link&emsp;<a href=".\ScreenShot\URL_TC001_2719549883875900.png" target="_blank" >[ScreenShot]</a></div>
<div class="test-event"> <font color="maroon"> <small> &emsp; &emsp;--- 04 May 23:33:32 524 - Catched spinner load exception due to javascript error: {"status":32,"value":"An invalid or illegal selector was specified"}
  (Session info: chrome=124.0.6367.92)
Build info: version: '4.6.0', revision: '79f1c02ae20'
System info: os.name: 'Windows 10', os.arch: 'amd64', os.version: '10.0', java.version: '17.0.7'
Driver info: org.openqa.selenium.chrome.ChromeDriver
Command: [2cf28825ea7a8a419a5b05b8e5d35d84, findElement {using=css selector, value=div[class='slds-spinner slds-spinner_brand slds-spinner_small']>div:nth-child(2)r}]
Capabilities {acceptInsecureCerts: false, browserName: chrome, browserVersion: 124.0.6367.92, chrome: {chromedriverVersion: 124.0.6367.91 (51df0e5e17a8..., userDataDir: C:\Users\PRATHA~1.KUM\AppDa...}, fedcm:accounts: true, goog:chromeOptions: {debuggerAddress: localhost:49451}, networkConnectionEnabled: false, pageLoadStrategy: normal, platformName: WINDOWS, proxy: Proxy(), se:cdp: ws://localhost:49451/devtoo..., se:cdpVersion: 124.0.6367.92, setWindowRect: true, strictFileInteractability: false, timeouts: {implicit: 0, pageLoad: 300000, script: 30000}, unhandledPromptBehavior: dismiss and notify, webauthn:extension:credBlob: true, webauthn:extension:largeBlob: true, webauthn:extension:minPinLength: true, webauthn:extension:prf: true, webauthn:virtualAuthenticators: true}
Session ID: 2cf28825ea7a8a419a5b05b8e5d35d84</small> </font> </div>
<div class="test-event"> <font color="maroon"> <small> &emsp; &emsp;--- 04 May 23:33:32 524 - <b>0</b> - Spinner Load Wait: (Sync) - ICar.support.WaitUtils.waitForSpinner(WaitUtils.java:225)</small> </font> </div>
<div class="test-event"> <font color="maroon"> <small> &emsp; &emsp;--- 04 May 23:33:32 588 - Page URL:: https://www.i-car.com/product/steering-system-operation-damage-analysis-and-service</small> </font> </div>
<div class="test-event"> <font color="maroon"> <small> &emsp; &emsp;--- 04 May 23:33:32 588 - <b>0</b> - Page Load Wait: (Sync) - ICar.support.Utils.waitForPageLoad(Utils.java:109)</small> </font> </div>
<div class="test-event"> <font color="maroon"> <small> &emsp; &emsp;--- 04 May 23:33:42 664 - Element is displayed:: [[ChromeDriver: chrome on WINDOWS (2cf28825ea7a8a419a5b05b8e5d35d84)] -> xpath: //div[@class='productDetails slds-p-bottom_large']//div[contains(@class,'slds-p-bottom_medium')]]</small> </font> </div>
<div class="test-message">&emsp;Course Name : SteeringSystemOperationDamageAnalysisandService is displayed in the URL page</div>
<div class="test-message">&emsp;Successfully verified the course name for relevant link&emsp;<a href=".\ScreenShot\URL_TC001_2719568308875100.png" target="_blank" >[ScreenShot]</a></div>
<div class="test-message">&emsp;
</div>
<div class="test-message">&emsp;67. URL is : https://www.i-car.com/product/ford-2024-nautilus-new-model-training-overview</div>
<div class="test-event"> <font color="maroon"> <small> &emsp; &emsp;--- 04 May 23:33:52 129 - Page URL:: https://www.i-car.com/product/ford-2024-nautilus-new-model-training-overview</small> </font> </div>
<div class="test-event"> <font color="maroon"> <small> &emsp; &emsp;--- 04 May 23:33:52 129 - <b>0</b> - Page Load Wait: (Sync) - ICar.support.Utils.waitForPageLoad(Utils.java:109)</small> </font> </div>
<div class="test-message">&emsp;Successfully navigated to the :  https://www.i-car.com/product/ford-2024-nautilus-new-model-training-overview   Page&emsp;<a href=".\ScreenShot\URL_TC001_2719569741992600.png" target="_blank" >[ScreenShot]</a></div>
<div class="test-event"> <font color="maroon"> <small> &emsp; &emsp;--- 04 May 23:33:52 412 - Page URL:: https://www.i-car.com/product/ford-2024-nautilus-new-model-training-overview</small> </font> </div>
<div class="test-event"> <font color="maroon"> <small> &emsp; &emsp;--- 04 May 23:33:52 412 - <b>0</b> - Page Load Wait: (Sync) - ICar.support.Utils.waitForPageLoad(Utils.java:109)</small> </font> </div>
<div class="test-event"> <font color="maroon"> <small> &emsp; &emsp;--- 04 May 23:33:52 423 - Catched spinner load exception due to javascript error: {"status":32,"value":"An invalid or illegal selector was specified"}
  (Session info: chrome=124.0.6367.92)
Build info: version: '4.6.0', revision: '79f1c02ae20'
System info: os.name: 'Windows 10', os.arch: 'amd64', os.version: '10.0', java.version: '17.0.7'
Driver info: org.openqa.selenium.chrome.ChromeDriver
Command: [2cf28825ea7a8a419a5b05b8e5d35d84, findElement {using=css selector, value=div[class='slds-spinner slds-spinner_brand slds-spinner_small']>div:nth-child(2)r}]
Capabilities {acceptInsecureCerts: false, browserName: chrome, browserVersion: 124.0.6367.92, chrome: {chromedriverVersion: 124.0.6367.91 (51df0e5e17a8..., userDataDir: C:\Users\PRATHA~1.KUM\AppDa...}, fedcm:accounts: true, goog:chromeOptions: {debuggerAddress: localhost:49451}, networkConnectionEnabled: false, pageLoadStrategy: normal, platformName: WINDOWS, proxy: Proxy(), se:cdp: ws://localhost:49451/devtoo..., se:cdpVersion: 124.0.6367.92, setWindowRect: true, strictFileInteractability: false, timeouts: {implicit: 0, pageLoad: 300000, script: 30000}, unhandledPromptBehavior: dismiss and notify, webauthn:extension:credBlob: true, webauthn:extension:largeBlob: true, webauthn:extension:minPinLength: true, webauthn:extension:prf: true, webauthn:virtualAuthenticators: true}
Session ID: 2cf28825ea7a8a419a5b05b8e5d35d84</small> </font> </div>
<div class="test-event"> <font color="maroon"> <small> &emsp; &emsp;--- 04 May 23:33:52 423 - <b>0</b> - Spinner Load Wait: (Sync) - ICar.support.WaitUtils.waitForSpinner(WaitUtils.java:225)</small> </font> </div>
<div class="test-event"> <font color="maroon"> <small> &emsp; &emsp;--- 04 May 23:34:02 514 - Page URL:: https://www.i-car.com/product/ford-2024-nautilus-new-model-training-overview</small> </font> </div>
<div class="test-event"> <font color="maroon"> <small> &emsp; &emsp;--- 04 May 23:34:02 514 - <b>0</b> - Page Load Wait: (Sync) - ICar.support.Utils.waitForPageLoad(Utils.java:109)</small> </font> </div>
<div class="test-event"> <font color="maroon"> <small> &emsp; &emsp;--- 04 May 23:34:02 533 - Element is displayed:: [[ChromeDriver: chrome on WINDOWS (2cf28825ea7a8a419a5b05b8e5d35d84)] -> xpath: //a[contains(text(),'Back to Courses')]]</small> </font> </div>
<div class="test-event"> <font color="maroon"> <small> &emsp; &emsp;--- 04 May 23:34:09 578 - Catched spinner load exception due to javascript error: {"status":32,"value":"An invalid or illegal selector was specified"}
  (Session info: chrome=124.0.6367.92)
Build info: version: '4.6.0', revision: '79f1c02ae20'
System info: os.name: 'Windows 10', os.arch: 'amd64', os.version: '10.0', java.version: '17.0.7'
Driver info: org.openqa.selenium.chrome.ChromeDriver
Command: [2cf28825ea7a8a419a5b05b8e5d35d84, findElement {using=css selector, value=div[class='slds-spinner slds-spinner_brand slds-spinner_small']>div:nth-child(2)r}]
Capabilities {acceptInsecureCerts: false, browserName: chrome, browserVersion: 124.0.6367.92, chrome: {chromedriverVersion: 124.0.6367.91 (51df0e5e17a8..., userDataDir: C:\Users\PRATHA~1.KUM\AppDa...}, fedcm:accounts: true, goog:chromeOptions: {debuggerAddress: localhost:49451}, networkConnectionEnabled: false, pageLoadStrategy: normal, platformName: WINDOWS, proxy: Proxy(), se:cdp: ws://localhost:49451/devtoo..., se:cdpVersion: 124.0.6367.92, setWindowRect: true, strictFileInteractability: false, timeouts: {implicit: 0, pageLoad: 300000, script: 30000}, unhandledPromptBehavior: dismiss and notify, webauthn:extension:credBlob: true, webauthn:extension:largeBlob: true, webauthn:extension:minPinLength: true, webauthn:extension:prf: true, webauthn:virtualAuthenticators: true}
Session ID: 2cf28825ea7a8a419a5b05b8e5d35d84</small> </font> </div>
<div class="test-event"> <font color="maroon"> <small> &emsp; &emsp;--- 04 May 23:34:09 579 - <b>0</b> - Spinner Load Wait: (Sync) - ICar.support.WaitUtils.waitForSpinner(WaitUtils.java:225)</small> </font> </div>
<div class="test-message">&emsp;Back To Courses is displayed in the page </div>
<div class="test-message">&emsp;Successfully verified Back To Course Link&emsp;<a href=".\ScreenShot\URL_TC001_2719587214346200.png" target="_blank" >[ScreenShot]</a></div>
<div class="test-event"> <font color="maroon"> <small> &emsp; &emsp;--- 04 May 23:34:09 850 - Catched spinner load exception due to javascript error: {"status":32,"value":"An invalid or illegal selector was specified"}
  (Session info: chrome=124.0.6367.92)
Build info: version: '4.6.0', revision: '79f1c02ae20'
System info: os.name: 'Windows 10', os.arch: 'amd64', os.version: '10.0', java.version: '17.0.7'
Driver info: org.openqa.selenium.chrome.ChromeDriver
Command: [2cf28825ea7a8a419a5b05b8e5d35d84, findElement {using=css selector, value=div[class='slds-spinner slds-spinner_brand slds-spinner_small']>div:nth-child(2)r}]
Capabilities {acceptInsecureCerts: false, browserName: chrome, browserVersion: 124.0.6367.92, chrome: {chromedriverVersion: 124.0.6367.91 (51df0e5e17a8..., userDataDir: C:\Users\PRATHA~1.KUM\AppDa...}, fedcm:accounts: true, goog:chromeOptions: {debuggerAddress: localhost:49451}, networkConnectionEnabled: false, pageLoadStrategy: normal, platformName: WINDOWS, proxy: Proxy(), se:cdp: ws://localhost:49451/devtoo..., se:cdpVersion: 124.0.6367.92, setWindowRect: true, strictFileInteractability: false, timeouts: {implicit: 0, pageLoad: 300000, script: 30000}, unhandledPromptBehavior: dismiss and notify, webauthn:extension:credBlob: true, webauthn:extension:largeBlob: true, webauthn:extension:minPinLength: true, webauthn:extension:prf: true, webauthn:virtualAuthenticators: true}
Session ID: 2cf28825ea7a8a419a5b05b8e5d35d84</small> </font> </div>
<div class="test-event"> <font color="maroon"> <small> &emsp; &emsp;--- 04 May 23:34:09 850 - <b>0</b> - Spinner Load Wait: (Sync) - ICar.support.WaitUtils.waitForSpinner(WaitUtils.java:225)</small> </font> </div>
<div class="test-event"> <font color="maroon"> <small> &emsp; &emsp;--- 04 May 23:34:09 911 - Page URL:: https://www.i-car.com/product/ford-2024-nautilus-new-model-training-overview</small> </font> </div>
<div class="test-event"> <font color="maroon"> <small> &emsp; &emsp;--- 04 May 23:34:09 911 - <b>0</b> - Page Load Wait: (Sync) - ICar.support.Utils.waitForPageLoad(Utils.java:109)</small> </font> </div>
<div class="test-event"> <font color="maroon"> <small> &emsp; &emsp;--- 04 May 23:34:19 962 - Element is displayed:: [[ChromeDriver: chrome on WINDOWS (2cf28825ea7a8a419a5b05b8e5d35d84)] -> xpath: //div[@class='productDetails slds-p-bottom_large']//div[contains(@class,'slds-p-bottom_medium')]]</small> </font> </div>
<div class="test-message">&emsp;Course Name : Ford2024NautilusNewModelTrainingOverview is displayed in the URL page</div>
<div class="test-message">&emsp;Successfully verified the course name for relevant link&emsp;<a href=".\ScreenShot\URL_TC001_2719605600537700.png" target="_blank" >[ScreenShot]</a></div>
<div class="test-message">&emsp;
</div>
<div class="test-message">&emsp;68. URL is : https://www.i-car.com/product/damage-discovery-for-adas-sensor-mounting-locations</div>
<div class="test-event"> <font color="maroon"> <small> &emsp; &emsp;--- 04 May 23:34:28 855 - Page URL:: https://www.i-car.com/product/damage-discovery-for-adas-sensor-mounting-locations</small> </font> </div>
<div class="test-event"> <font color="maroon"> <small> &emsp; &emsp;--- 04 May 23:34:28 855 - <b>0</b> - Page Load Wait: (Sync) - ICar.support.Utils.waitForPageLoad(Utils.java:109)</small> </font> </div>
<div class="test-message">&emsp;Successfully navigated to the :  https://www.i-car.com/product/damage-discovery-for-adas-sensor-mounting-locations   Page&emsp;<a href=".\ScreenShot\URL_TC001_2719606467857700.png" target="_blank" >[ScreenShot]</a></div>
<div class="test-event"> <font color="maroon"> <small> &emsp; &emsp;--- 04 May 23:34:29 128 - Page URL:: https://www.i-car.com/product/damage-discovery-for-adas-sensor-mounting-locations</small> </font> </div>
<div class="test-event"> <font color="maroon"> <small> &emsp; &emsp;--- 04 May 23:34:29 128 - <b>0</b> - Page Load Wait: (Sync) - ICar.support.Utils.waitForPageLoad(Utils.java:109)</small> </font> </div>
<div class="test-event"> <font color="maroon"> <small> &emsp; &emsp;--- 04 May 23:34:29 137 - Catched spinner load exception due to javascript error: {"status":32,"value":"An invalid or illegal selector was specified"}
  (Session info: chrome=124.0.6367.92)
Build info: version: '4.6.0', revision: '79f1c02ae20'
System info: os.name: 'Windows 10', os.arch: 'amd64', os.version: '10.0', java.version: '17.0.7'
Driver info: org.openqa.selenium.chrome.ChromeDriver
Command: [2cf28825ea7a8a419a5b05b8e5d35d84, findElement {using=css selector, value=div[class='slds-spinner slds-spinner_brand slds-spinner_small']>div:nth-child(2)r}]
Capabilities {acceptInsecureCerts: false, browserName: chrome, browserVersion: 124.0.6367.92, chrome: {chromedriverVersion: 124.0.6367.91 (51df0e5e17a8..., userDataDir: C:\Users\PRATHA~1.KUM\AppDa...}, fedcm:accounts: true, goog:chromeOptions: {debuggerAddress: localhost:49451}, networkConnectionEnabled: false, pageLoadStrategy: normal, platformName: WINDOWS, proxy: Proxy(), se:cdp: ws://localhost:49451/devtoo..., se:cdpVersion: 124.0.6367.92, setWindowRect: true, strictFileInteractability: false, timeouts: {implicit: 0, pageLoad: 300000, script: 30000}, unhandledPromptBehavior: dismiss and notify, webauthn:extension:credBlob: true, webauthn:extension:largeBlob: true, webauthn:extension:minPinLength: true, webauthn:extension:prf: true, webauthn:virtualAuthenticators: true}
Session ID: 2cf28825ea7a8a419a5b05b8e5d35d84</small> </font> </div>
<div class="test-event"> <font color="maroon"> <small> &emsp; &emsp;--- 04 May 23:34:29 137 - <b>0</b> - Spinner Load Wait: (Sync) - ICar.support.WaitUtils.waitForSpinner(WaitUtils.java:225)</small> </font> </div>
<div class="test-event"> <font color="maroon"> <small> &emsp; &emsp;--- 04 May 23:34:39 220 - Page URL:: https://www.i-car.com/product/damage-discovery-for-adas-sensor-mounting-locations</small> </font> </div>
<div class="test-event"> <font color="maroon"> <small> &emsp; &emsp;--- 04 May 23:34:39 220 - <b>0</b> - Page Load Wait: (Sync) - ICar.support.Utils.waitForPageLoad(Utils.java:109)</small> </font> </div>
<div class="test-event"> <font color="maroon"> <small> &emsp; &emsp;--- 04 May 23:34:39 239 - Element is displayed:: [[ChromeDriver: chrome on WINDOWS (2cf28825ea7a8a419a5b05b8e5d35d84)] -> xpath: //a[contains(text(),'Back to Courses')]]</small> </font> </div>
<div class="test-event"> <font color="maroon"> <small> &emsp; &emsp;--- 04 May 23:34:46 289 - Catched spinner load exception due to javascript error: {"status":32,"value":"An invalid or illegal selector was specified"}
  (Session info: chrome=124.0.6367.92)
Build info: version: '4.6.0', revision: '79f1c02ae20'
System info: os.name: 'Windows 10', os.arch: 'amd64', os.version: '10.0', java.version: '17.0.7'
Driver info: org.openqa.selenium.chrome.ChromeDriver
Command: [2cf28825ea7a8a419a5b05b8e5d35d84, findElement {using=css selector, value=div[class='slds-spinner slds-spinner_brand slds-spinner_small']>div:nth-child(2)r}]
Capabilities {acceptInsecureCerts: false, browserName: chrome, browserVersion: 124.0.6367.92, chrome: {chromedriverVersion: 124.0.6367.91 (51df0e5e17a8..., userDataDir: C:\Users\PRATHA~1.KUM\AppDa...}, fedcm:accounts: true, goog:chromeOptions: {debuggerAddress: localhost:49451}, networkConnectionEnabled: false, pageLoadStrategy: normal, platformName: WINDOWS, proxy: Proxy(), se:cdp: ws://localhost:49451/devtoo..., se:cdpVersion: 124.0.6367.92, setWindowRect: true, strictFileInteractability: false, timeouts: {implicit: 0, pageLoad: 300000, script: 30000}, unhandledPromptBehavior: dismiss and notify, webauthn:extension:credBlob: true, webauthn:extension:largeBlob: true, webauthn:extension:minPinLength: true, webauthn:extension:prf: true, webauthn:virtualAuthenticators: true}
Session ID: 2cf28825ea7a8a419a5b05b8e5d35d84</small> </font> </div>
<div class="test-event"> <font color="maroon"> <small> &emsp; &emsp;--- 04 May 23:34:46 290 - <b>0</b> - Spinner Load Wait: (Sync) - ICar.support.WaitUtils.waitForSpinner(WaitUtils.java:225)</small> </font> </div>
<div class="test-message">&emsp;Back To Courses is displayed in the page </div>
<div class="test-message">&emsp;Successfully verified Back To Course Link&emsp;<a href=".\ScreenShot\URL_TC001_2719623916690600.png" target="_blank" >[ScreenShot]</a></div>
<div class="test-event"> <font color="maroon"> <small> &emsp; &emsp;--- 04 May 23:34:46 557 - Catched spinner load exception due to javascript error: {"status":32,"value":"An invalid or illegal selector was specified"}
  (Session info: chrome=124.0.6367.92)
Build info: version: '4.6.0', revision: '79f1c02ae20'
System info: os.name: 'Windows 10', os.arch: 'amd64', os.version: '10.0', java.version: '17.0.7'
Driver info: org.openqa.selenium.chrome.ChromeDriver
Command: [2cf28825ea7a8a419a5b05b8e5d35d84, findElement {using=css selector, value=div[class='slds-spinner slds-spinner_brand slds-spinner_small']>div:nth-child(2)r}]
Capabilities {acceptInsecureCerts: false, browserName: chrome, browserVersion: 124.0.6367.92, chrome: {chromedriverVersion: 124.0.6367.91 (51df0e5e17a8..., userDataDir: C:\Users\PRATHA~1.KUM\AppDa...}, fedcm:accounts: true, goog:chromeOptions: {debuggerAddress: localhost:49451}, networkConnectionEnabled: false, pageLoadStrategy: normal, platformName: WINDOWS, proxy: Proxy(), se:cdp: ws://localhost:49451/devtoo..., se:cdpVersion: 124.0.6367.92, setWindowRect: true, strictFileInteractability: false, timeouts: {implicit: 0, pageLoad: 300000, script: 30000}, unhandledPromptBehavior: dismiss and notify, webauthn:extension:credBlob: true, webauthn:extension:largeBlob: true, webauthn:extension:minPinLength: true, webauthn:extension:prf: true, webauthn:virtualAuthenticators: true}
Session ID: 2cf28825ea7a8a419a5b05b8e5d35d84</small> </font> </div>
<div class="test-event"> <font color="maroon"> <small> &emsp; &emsp;--- 04 May 23:34:46 557 - <b>0</b> - Spinner Load Wait: (Sync) - ICar.support.WaitUtils.waitForSpinner(WaitUtils.java:225)</small> </font> </div>
<div class="test-event"> <font color="maroon"> <small> &emsp; &emsp;--- 04 May 23:34:46 617 - Page URL:: https://www.i-car.com/product/damage-discovery-for-adas-sensor-mounting-locations</small> </font> </div>
<div class="test-event"> <font color="maroon"> <small> &emsp; &emsp;--- 04 May 23:34:46 617 - <b>0</b> - Page Load Wait: (Sync) - ICar.support.Utils.waitForPageLoad(Utils.java:109)</small> </font> </div>
<div class="test-event"> <font color="maroon"> <small> &emsp; &emsp;--- 04 May 23:34:56 685 - Element is displayed:: [[ChromeDriver: chrome on WINDOWS (2cf28825ea7a8a419a5b05b8e5d35d84)] -> xpath: //div[@class='productDetails slds-p-bottom_large']//div[contains(@class,'slds-p-bottom_medium')]]</small> </font> </div>
<div class="test-message">&emsp;Course Name : DamageDiscoveryforADASSensorMountingLocations is displayed in the URL page</div>
<div class="test-message">&emsp;Successfully verified the course name for relevant link&emsp;<a href=".\ScreenShot\URL_TC001_2719642320697900.png" target="_blank" >[ScreenShot]</a></div>
<div class="test-message">&emsp;
</div>
<div class="test-message">&emsp;69. URL is : https://www.i-car.com/product/gaining-access-for-repairs</div>
<div class="test-event"> <font color="maroon"> <small> &emsp; &emsp;--- 04 May 23:35:05 681 - Page URL:: https://www.i-car.com/product/gaining-access-for-repairs</small> </font> </div>
<div class="test-event"> <font color="maroon"> <small> &emsp; &emsp;--- 04 May 23:35:05 682 - <b>0</b> - Page Load Wait: (Sync) - ICar.support.Utils.waitForPageLoad(Utils.java:109)</small> </font> </div>
<div class="test-message">&emsp;Successfully navigated to the :  https://www.i-car.com/product/gaining-access-for-repairs   Page&emsp;<a href=".\ScreenShot\URL_TC001_2719643294515400.png" target="_blank" >[ScreenShot]</a></div>
<div class="test-event"> <font color="maroon"> <small> &emsp; &emsp;--- 04 May 23:35:05 962 - Page URL:: https://www.i-car.com/product/gaining-access-for-repairs</small> </font> </div>
<div class="test-event"> <font color="maroon"> <small> &emsp; &emsp;--- 04 May 23:35:05 962 - <b>0</b> - Page Load Wait: (Sync) - ICar.support.Utils.waitForPageLoad(Utils.java:109)</small> </font> </div>
<div class="test-event"> <font color="maroon"> <small> &emsp; &emsp;--- 04 May 23:35:05 969 - Catched spinner load exception due to javascript error: {"status":32,"value":"An invalid or illegal selector was specified"}
  (Session info: chrome=124.0.6367.92)
Build info: version: '4.6.0', revision: '79f1c02ae20'
System info: os.name: 'Windows 10', os.arch: 'amd64', os.version: '10.0', java.version: '17.0.7'
Driver info: org.openqa.selenium.chrome.ChromeDriver
Command: [2cf28825ea7a8a419a5b05b8e5d35d84, findElement {using=css selector, value=div[class='slds-spinner slds-spinner_brand slds-spinner_small']>div:nth-child(2)r}]
Capabilities {acceptInsecureCerts: false, browserName: chrome, browserVersion: 124.0.6367.92, chrome: {chromedriverVersion: 124.0.6367.91 (51df0e5e17a8..., userDataDir: C:\Users\PRATHA~1.KUM\AppDa...}, fedcm:accounts: true, goog:chromeOptions: {debuggerAddress: localhost:49451}, networkConnectionEnabled: false, pageLoadStrategy: normal, platformName: WINDOWS, proxy: Proxy(), se:cdp: ws://localhost:49451/devtoo..., se:cdpVersion: 124.0.6367.92, setWindowRect: true, strictFileInteractability: false, timeouts: {implicit: 0, pageLoad: 300000, script: 30000}, unhandledPromptBehavior: dismiss and notify, webauthn:extension:credBlob: true, webauthn:extension:largeBlob: true, webauthn:extension:minPinLength: true, webauthn:extension:prf: true, webauthn:virtualAuthenticators: true}
Session ID: 2cf28825ea7a8a419a5b05b8e5d35d84</small> </font> </div>
<div class="test-event"> <font color="maroon"> <small> &emsp; &emsp;--- 04 May 23:35:05 969 - <b>0</b> - Spinner Load Wait: (Sync) - ICar.support.WaitUtils.waitForSpinner(WaitUtils.java:225)</small> </font> </div>
<div class="test-event"> <font color="maroon"> <small> &emsp; &emsp;--- 04 May 23:35:16 091 - Page URL:: https://www.i-car.com/product/gaining-access-for-repairs</small> </font> </div>
<div class="test-event"> <font color="maroon"> <small> &emsp; &emsp;--- 04 May 23:35:16 091 - <b>0</b> - Page Load Wait: (Sync) - ICar.support.Utils.waitForPageLoad(Utils.java:109)</small> </font> </div>
<div class="test-event"> <font color="maroon"> <small> &emsp; &emsp;--- 04 May 23:35:16 110 - Element is displayed:: [[ChromeDriver: chrome on WINDOWS (2cf28825ea7a8a419a5b05b8e5d35d84)] -> xpath: //a[contains(text(),'Back to Courses')]]</small> </font> </div>
<div class="test-event"> <font color="maroon"> <small> &emsp; &emsp;--- 04 May 23:35:23 158 - Catched spinner load exception due to javascript error: {"status":32,"value":"An invalid or illegal selector was specified"}
  (Session info: chrome=124.0.6367.92)
Build info: version: '4.6.0', revision: '79f1c02ae20'
System info: os.name: 'Windows 10', os.arch: 'amd64', os.version: '10.0', java.version: '17.0.7'
Driver info: org.openqa.selenium.chrome.ChromeDriver
Command: [2cf28825ea7a8a419a5b05b8e5d35d84, findElement {using=css selector, value=div[class='slds-spinner slds-spinner_brand slds-spinner_small']>div:nth-child(2)r}]
Capabilities {acceptInsecureCerts: false, browserName: chrome, browserVersion: 124.0.6367.92, chrome: {chromedriverVersion: 124.0.6367.91 (51df0e5e17a8..., userDataDir: C:\Users\PRATHA~1.KUM\AppDa...}, fedcm:accounts: true, goog:chromeOptions: {debuggerAddress: localhost:49451}, networkConnectionEnabled: false, pageLoadStrategy: normal, platformName: WINDOWS, proxy: Proxy(), se:cdp: ws://localhost:49451/devtoo..., se:cdpVersion: 124.0.6367.92, setWindowRect: true, strictFileInteractability: false, timeouts: {implicit: 0, pageLoad: 300000, script: 30000}, unhandledPromptBehavior: dismiss and notify, webauthn:extension:credBlob: true, webauthn:extension:largeBlob: true, webauthn:extension:minPinLength: true, webauthn:extension:prf: true, webauthn:virtualAuthenticators: true}
Session ID: 2cf28825ea7a8a419a5b05b8e5d35d84</small> </font> </div>
<div class="test-event"> <font color="maroon"> <small> &emsp; &emsp;--- 04 May 23:35:23 158 - <b>0</b> - Spinner Load Wait: (Sync) - ICar.support.WaitUtils.waitForSpinner(WaitUtils.java:225)</small> </font> </div>
<div class="test-message">&emsp;Back To Courses is displayed in the page </div>
<div class="test-message">&emsp;Successfully verified Back To Course Link&emsp;<a href=".\ScreenShot\URL_TC001_2719660793584400.png" target="_blank" >[ScreenShot]</a></div>
<div class="test-event"> <font color="maroon"> <small> &emsp; &emsp;--- 04 May 23:35:23 442 - Catched spinner load exception due to javascript error: {"status":32,"value":"An invalid or illegal selector was specified"}
  (Session info: chrome=124.0.6367.92)
Build info: version: '4.6.0', revision: '79f1c02ae20'
System info: os.name: 'Windows 10', os.arch: 'amd64', os.version: '10.0', java.version: '17.0.7'
Driver info: org.openqa.selenium.chrome.ChromeDriver
Command: [2cf28825ea7a8a419a5b05b8e5d35d84, findElement {using=css selector, value=div[class='slds-spinner slds-spinner_brand slds-spinner_small']>div:nth-child(2)r}]
Capabilities {acceptInsecureCerts: false, browserName: chrome, browserVersion: 124.0.6367.92, chrome: {chromedriverVersion: 124.0.6367.91 (51df0e5e17a8..., userDataDir: C:\Users\PRATHA~1.KUM\AppDa...}, fedcm:accounts: true, goog:chromeOptions: {debuggerAddress: localhost:49451}, networkConnectionEnabled: false, pageLoadStrategy: normal, platformName: WINDOWS, proxy: Proxy(), se:cdp: ws://localhost:49451/devtoo..., se:cdpVersion: 124.0.6367.92, setWindowRect: true, strictFileInteractability: false, timeouts: {implicit: 0, pageLoad: 300000, script: 30000}, unhandledPromptBehavior: dismiss and notify, webauthn:extension:credBlob: true, webauthn:extension:largeBlob: true, webauthn:extension:minPinLength: true, webauthn:extension:prf: true, webauthn:virtualAuthenticators: true}
Session ID: 2cf28825ea7a8a419a5b05b8e5d35d84</small> </font> </div>
<div class="test-event"> <font color="maroon"> <small> &emsp; &emsp;--- 04 May 23:35:23 442 - <b>0</b> - Spinner Load Wait: (Sync) - ICar.support.WaitUtils.waitForSpinner(WaitUtils.java:225)</small> </font> </div>
<div class="test-event"> <font color="maroon"> <small> &emsp; &emsp;--- 04 May 23:35:23 516 - Page URL:: https://www.i-car.com/product/gaining-access-for-repairs</small> </font> </div>
<div class="test-event"> <font color="maroon"> <small> &emsp; &emsp;--- 04 May 23:35:23 516 - <b>0</b> - Page Load Wait: (Sync) - ICar.support.Utils.waitForPageLoad(Utils.java:109)</small> </font> </div>
<div class="test-event"> <font color="maroon"> <small> &emsp; &emsp;--- 04 May 23:35:33 575 - Element is displayed:: [[ChromeDriver: chrome on WINDOWS (2cf28825ea7a8a419a5b05b8e5d35d84)] -> xpath: //div[@class='productDetails slds-p-bottom_large']//div[contains(@class,'slds-p-bottom_medium')]]</small> </font> </div>
<div class="test-message">&emsp;Course Name : GainingAccessforRepairs is displayed in the URL page</div>
<div class="test-message">&emsp;Successfully verified the course name for relevant link&emsp;<a href=".\ScreenShot\URL_TC001_2719679208173400.png" target="_blank" >[ScreenShot]</a></div>
<div class="test-message">&emsp;
</div>
<div class="test-message">&emsp;70. URL is : https://www.i-car.com/product/restraint-systems-operation</div>
<div class="test-event"> <font color="maroon"> <small> &emsp; &emsp;--- 04 May 23:35:43 244 - Page URL:: https://www.i-car.com/product/restraint-systems-operation</small> </font> </div>
<div class="test-event"> <font color="maroon"> <small> &emsp; &emsp;--- 04 May 23:35:43 244 - <b>0</b> - Page Load Wait: (Sync) - ICar.support.Utils.waitForPageLoad(Utils.java:109)</small> </font> </div>
<div class="test-message">&emsp;Successfully navigated to the :  https://www.i-car.com/product/restraint-systems-operation   Page&emsp;<a href=".\ScreenShot\URL_TC001_2719680856673600.png" target="_blank" >[ScreenShot]</a></div>
<div class="test-event"> <font color="maroon"> <small> &emsp; &emsp;--- 04 May 23:35:43 539 - Page URL:: https://www.i-car.com/product/restraint-systems-operation</small> </font> </div>
<div class="test-event"> <font color="maroon"> <small> &emsp; &emsp;--- 04 May 23:35:43 539 - <b>0</b> - Page Load Wait: (Sync) - ICar.support.Utils.waitForPageLoad(Utils.java:109)</small> </font> </div>
<div class="test-event"> <font color="maroon"> <small> &emsp; &emsp;--- 04 May 23:35:43 547 - Catched spinner load exception due to javascript error: {"status":32,"value":"An invalid or illegal selector was specified"}
  (Session info: chrome=124.0.6367.92)
Build info: version: '4.6.0', revision: '79f1c02ae20'
System info: os.name: 'Windows 10', os.arch: 'amd64', os.version: '10.0', java.version: '17.0.7'
Driver info: org.openqa.selenium.chrome.ChromeDriver
Command: [2cf28825ea7a8a419a5b05b8e5d35d84, findElement {using=css selector, value=div[class='slds-spinner slds-spinner_brand slds-spinner_small']>div:nth-child(2)r}]
Capabilities {acceptInsecureCerts: false, browserName: chrome, browserVersion: 124.0.6367.92, chrome: {chromedriverVersion: 124.0.6367.91 (51df0e5e17a8..., userDataDir: C:\Users\PRATHA~1.KUM\AppDa...}, fedcm:accounts: true, goog:chromeOptions: {debuggerAddress: localhost:49451}, networkConnectionEnabled: false, pageLoadStrategy: normal, platformName: WINDOWS, proxy: Proxy(), se:cdp: ws://localhost:49451/devtoo..., se:cdpVersion: 124.0.6367.92, setWindowRect: true, strictFileInteractability: false, timeouts: {implicit: 0, pageLoad: 300000, script: 30000}, unhandledPromptBehavior: dismiss and notify, webauthn:extension:credBlob: true, webauthn:extension:largeBlob: true, webauthn:extension:minPinLength: true, webauthn:extension:prf: true, webauthn:virtualAuthenticators: true}
Session ID: 2cf28825ea7a8a419a5b05b8e5d35d84</small> </font> </div>
<div class="test-event"> <font color="maroon"> <small> &emsp; &emsp;--- 04 May 23:35:43 547 - <b>0</b> - Spinner Load Wait: (Sync) - ICar.support.WaitUtils.waitForSpinner(WaitUtils.java:225)</small> </font> </div>
<div class="test-event"> <font color="maroon"> <small> &emsp; &emsp;--- 04 May 23:35:53 620 - Page URL:: https://www.i-car.com/product/restraint-systems-operation</small> </font> </div>
<div class="test-event"> <font color="maroon"> <small> &emsp; &emsp;--- 04 May 23:35:53 620 - <b>0</b> - Page Load Wait: (Sync) - ICar.support.Utils.waitForPageLoad(Utils.java:109)</small> </font> </div>
<div class="test-event"> <font color="maroon"> <small> &emsp; &emsp;--- 04 May 23:35:53 638 - Element is displayed:: [[ChromeDriver: chrome on WINDOWS (2cf28825ea7a8a419a5b05b8e5d35d84)] -> xpath: //a[contains(text(),'Back to Courses')]]</small> </font> </div>
<div class="test-event"> <font color="maroon"> <small> &emsp; &emsp;--- 04 May 23:36:00 672 - Catched spinner load exception due to javascript error: {"status":32,"value":"An invalid or illegal selector was specified"}
  (Session info: chrome=124.0.6367.92)
Build info: version: '4.6.0', revision: '79f1c02ae20'
System info: os.name: 'Windows 10', os.arch: 'amd64', os.version: '10.0', java.version: '17.0.7'
Driver info: org.openqa.selenium.chrome.ChromeDriver
Command: [2cf28825ea7a8a419a5b05b8e5d35d84, findElement {using=css selector, value=div[class='slds-spinner slds-spinner_brand slds-spinner_small']>div:nth-child(2)r}]
Capabilities {acceptInsecureCerts: false, browserName: chrome, browserVersion: 124.0.6367.92, chrome: {chromedriverVersion: 124.0.6367.91 (51df0e5e17a8..., userDataDir: C:\Users\PRATHA~1.KUM\AppDa...}, fedcm:accounts: true, goog:chromeOptions: {debuggerAddress: localhost:49451}, networkConnectionEnabled: false, pageLoadStrategy: normal, platformName: WINDOWS, proxy: Proxy(), se:cdp: ws://localhost:49451/devtoo..., se:cdpVersion: 124.0.6367.92, setWindowRect: true, strictFileInteractability: false, timeouts: {implicit: 0, pageLoad: 300000, script: 30000}, unhandledPromptBehavior: dismiss and notify, webauthn:extension:credBlob: true, webauthn:extension:largeBlob: true, webauthn:extension:minPinLength: true, webauthn:extension:prf: true, webauthn:virtualAuthenticators: true}
Session ID: 2cf28825ea7a8a419a5b05b8e5d35d84</small> </font> </div>
<div class="test-event"> <font color="maroon"> <small> &emsp; &emsp;--- 04 May 23:36:00 672 - <b>0</b> - Spinner Load Wait: (Sync) - ICar.support.WaitUtils.waitForSpinner(WaitUtils.java:225)</small> </font> </div>
<div class="test-message">&emsp;Back To Courses is displayed in the page </div>
<div class="test-message">&emsp;Successfully verified Back To Course Link&emsp;<a href=".\ScreenShot\URL_TC001_2719698296431000.png" target="_blank" >[ScreenShot]</a></div>
<div class="test-event"> <font color="maroon"> <small> &emsp; &emsp;--- 04 May 23:36:00 949 - Catched spinner load exception due to javascript error: {"status":32,"value":"An invalid or illegal selector was specified"}
  (Session info: chrome=124.0.6367.92)
Build info: version: '4.6.0', revision: '79f1c02ae20'
System info: os.name: 'Windows 10', os.arch: 'amd64', os.version: '10.0', java.version: '17.0.7'
Driver info: org.openqa.selenium.chrome.ChromeDriver
Command: [2cf28825ea7a8a419a5b05b8e5d35d84, findElement {using=css selector, value=div[class='slds-spinner slds-spinner_brand slds-spinner_small']>div:nth-child(2)r}]
Capabilities {acceptInsecureCerts: false, browserName: chrome, browserVersion: 124.0.6367.92, chrome: {chromedriverVersion: 124.0.6367.91 (51df0e5e17a8..., userDataDir: C:\Users\PRATHA~1.KUM\AppDa...}, fedcm:accounts: true, goog:chromeOptions: {debuggerAddress: localhost:49451}, networkConnectionEnabled: false, pageLoadStrategy: normal, platformName: WINDOWS, proxy: Proxy(), se:cdp: ws://localhost:49451/devtoo..., se:cdpVersion: 124.0.6367.92, setWindowRect: true, strictFileInteractability: false, timeouts: {implicit: 0, pageLoad: 300000, script: 30000}, unhandledPromptBehavior: dismiss and notify, webauthn:extension:credBlob: true, webauthn:extension:largeBlob: true, webauthn:extension:minPinLength: true, webauthn:extension:prf: true, webauthn:virtualAuthenticators: true}
Session ID: 2cf28825ea7a8a419a5b05b8e5d35d84</small> </font> </div>
<div class="test-event"> <font color="maroon"> <small> &emsp; &emsp;--- 04 May 23:36:00 949 - <b>0</b> - Spinner Load Wait: (Sync) - ICar.support.WaitUtils.waitForSpinner(WaitUtils.java:225)</small> </font> </div>
<div class="test-event"> <font color="maroon"> <small> &emsp; &emsp;--- 04 May 23:36:01 006 - Page URL:: https://www.i-car.com/product/restraint-systems-operation</small> </font> </div>
<div class="test-event"> <font color="maroon"> <small> &emsp; &emsp;--- 04 May 23:36:01 006 - <b>0</b> - Page Load Wait: (Sync) - ICar.support.Utils.waitForPageLoad(Utils.java:109)</small> </font> </div>
<div class="test-event"> <font color="maroon"> <small> &emsp; &emsp;--- 04 May 23:36:11 099 - Element is displayed:: [[ChromeDriver: chrome on WINDOWS (2cf28825ea7a8a419a5b05b8e5d35d84)] -> xpath: //div[@class='productDetails slds-p-bottom_large']//div[contains(@class,'slds-p-bottom_medium')]]</small> </font> </div>
<div class="test-message">&emsp;Course Name : RestraintSystemsOperation is displayed in the URL page</div>
<div class="test-message">&emsp;Successfully verified the course name for relevant link&emsp;<a href=".\ScreenShot\URL_TC001_2719716739681100.png" target="_blank" >[ScreenShot]</a></div>
<div class="test-message">&emsp;
</div>
<div class="test-message">&emsp;71. URL is : https://www.i-car.com/product/damage-analysis-of-restraint-systems</div>
<div class="test-event"> <font color="maroon"> <small> &emsp; &emsp;--- 04 May 23:36:20 801 - Page URL:: https://www.i-car.com/product/damage-analysis-of-restraint-systems</small> </font> </div>
<div class="test-event"> <font color="maroon"> <small> &emsp; &emsp;--- 04 May 23:36:20 802 - <b>0</b> - Page Load Wait: (Sync) - ICar.support.Utils.waitForPageLoad(Utils.java:109)</small> </font> </div>
<div class="test-message">&emsp;Successfully navigated to the :  https://www.i-car.com/product/damage-analysis-of-restraint-systems   Page&emsp;<a href=".\ScreenShot\URL_TC001_2719718415137100.png" target="_blank" >[ScreenShot]</a></div>
<div class="test-event"> <font color="maroon"> <small> &emsp; &emsp;--- 04 May 23:36:21 083 - Page URL:: https://www.i-car.com/product/damage-analysis-of-restraint-systems</small> </font> </div>
<div class="test-event"> <font color="maroon"> <small> &emsp; &emsp;--- 04 May 23:36:21 083 - <b>0</b> - Page Load Wait: (Sync) - ICar.support.Utils.waitForPageLoad(Utils.java:109)</small> </font> </div>
<div class="test-event"> <font color="maroon"> <small> &emsp; &emsp;--- 04 May 23:36:21 093 - Catched spinner load exception due to javascript error: {"status":32,"value":"An invalid or illegal selector was specified"}
  (Session info: chrome=124.0.6367.92)
Build info: version: '4.6.0', revision: '79f1c02ae20'
System info: os.name: 'Windows 10', os.arch: 'amd64', os.version: '10.0', java.version: '17.0.7'
Driver info: org.openqa.selenium.chrome.ChromeDriver
Command: [2cf28825ea7a8a419a5b05b8e5d35d84, findElement {using=css selector, value=div[class='slds-spinner slds-spinner_brand slds-spinner_small']>div:nth-child(2)r}]
Capabilities {acceptInsecureCerts: false, browserName: chrome, browserVersion: 124.0.6367.92, chrome: {chromedriverVersion: 124.0.6367.91 (51df0e5e17a8..., userDataDir: C:\Users\PRATHA~1.KUM\AppDa...}, fedcm:accounts: true, goog:chromeOptions: {debuggerAddress: localhost:49451}, networkConnectionEnabled: false, pageLoadStrategy: normal, platformName: WINDOWS, proxy: Proxy(), se:cdp: ws://localhost:49451/devtoo..., se:cdpVersion: 124.0.6367.92, setWindowRect: true, strictFileInteractability: false, timeouts: {implicit: 0, pageLoad: 300000, script: 30000}, unhandledPromptBehavior: dismiss and notify, webauthn:extension:credBlob: true, webauthn:extension:largeBlob: true, webauthn:extension:minPinLength: true, webauthn:extension:prf: true, webauthn:virtualAuthenticators: true}
Session ID: 2cf28825ea7a8a419a5b05b8e5d35d84</small> </font> </div>
<div class="test-event"> <font color="maroon"> <small> &emsp; &emsp;--- 04 May 23:36:21 093 - <b>0</b> - Spinner Load Wait: (Sync) - ICar.support.WaitUtils.waitForSpinner(WaitUtils.java:225)</small> </font> </div>
<div class="test-event"> <font color="maroon"> <small> &emsp; &emsp;--- 04 May 23:36:31 170 - Page URL:: https://www.i-car.com/product/damage-analysis-of-restraint-systems</small> </font> </div>
<div class="test-event"> <font color="maroon"> <small> &emsp; &emsp;--- 04 May 23:36:31 170 - <b>0</b> - Page Load Wait: (Sync) - ICar.support.Utils.waitForPageLoad(Utils.java:109)</small> </font> </div>
<div class="test-event"> <font color="maroon"> <small> &emsp; &emsp;--- 04 May 23:36:31 186 - Element is displayed:: [[ChromeDriver: chrome on WINDOWS (2cf28825ea7a8a419a5b05b8e5d35d84)] -> xpath: //a[contains(text(),'Back to Courses')]]</small> </font> </div>
<div class="test-event"> <font color="maroon"> <small> &emsp; &emsp;--- 04 May 23:36:38 215 - Catched spinner load exception due to javascript error: {"status":32,"value":"An invalid or illegal selector was specified"}
  (Session info: chrome=124.0.6367.92)
Build info: version: '4.6.0', revision: '79f1c02ae20'
System info: os.name: 'Windows 10', os.arch: 'amd64', os.version: '10.0', java.version: '17.0.7'
Driver info: org.openqa.selenium.chrome.ChromeDriver
Command: [2cf28825ea7a8a419a5b05b8e5d35d84, findElement {using=css selector, value=div[class='slds-spinner slds-spinner_brand slds-spinner_small']>div:nth-child(2)r}]
Capabilities {acceptInsecureCerts: false, browserName: chrome, browserVersion: 124.0.6367.92, chrome: {chromedriverVersion: 124.0.6367.91 (51df0e5e17a8..., userDataDir: C:\Users\PRATHA~1.KUM\AppDa...}, fedcm:accounts: true, goog:chromeOptions: {debuggerAddress: localhost:49451}, networkConnectionEnabled: false, pageLoadStrategy: normal, platformName: WINDOWS, proxy: Proxy(), se:cdp: ws://localhost:49451/devtoo..., se:cdpVersion: 124.0.6367.92, setWindowRect: true, strictFileInteractability: false, timeouts: {implicit: 0, pageLoad: 300000, script: 30000}, unhandledPromptBehavior: dismiss and notify, webauthn:extension:credBlob: true, webauthn:extension:largeBlob: true, webauthn:extension:minPinLength: true, webauthn:extension:prf: true, webauthn:virtualAuthenticators: true}
Session ID: 2cf28825ea7a8a419a5b05b8e5d35d84</small> </font> </div>
<div class="test-event"> <font color="maroon"> <small> &emsp; &emsp;--- 04 May 23:36:38 215 - <b>0</b> - Spinner Load Wait: (Sync) - ICar.support.WaitUtils.waitForSpinner(WaitUtils.java:225)</small> </font> </div>
<div class="test-message">&emsp;Back To Courses is displayed in the page </div>
<div class="test-message">&emsp;Successfully verified Back To Course Link&emsp;<a href=".\ScreenShot\URL_TC001_2719735838990900.png" target="_blank" >[ScreenShot]</a></div>
<div class="test-event"> <font color="maroon"> <small> &emsp; &emsp;--- 04 May 23:36:38 441 - Catched spinner load exception due to javascript error: {"status":32,"value":"An invalid or illegal selector was specified"}
  (Session info: chrome=124.0.6367.92)
Build info: version: '4.6.0', revision: '79f1c02ae20'
System info: os.name: 'Windows 10', os.arch: 'amd64', os.version: '10.0', java.version: '17.0.7'
Driver info: org.openqa.selenium.chrome.ChromeDriver
Command: [2cf28825ea7a8a419a5b05b8e5d35d84, findElement {using=css selector, value=div[class='slds-spinner slds-spinner_brand slds-spinner_small']>div:nth-child(2)r}]
Capabilities {acceptInsecureCerts: false, browserName: chrome, browserVersion: 124.0.6367.92, chrome: {chromedriverVersion: 124.0.6367.91 (51df0e5e17a8..., userDataDir: C:\Users\PRATHA~1.KUM\AppDa...}, fedcm:accounts: true, goog:chromeOptions: {debuggerAddress: localhost:49451}, networkConnectionEnabled: false, pageLoadStrategy: normal, platformName: WINDOWS, proxy: Proxy(), se:cdp: ws://localhost:49451/devtoo..., se:cdpVersion: 124.0.6367.92, setWindowRect: true, strictFileInteractability: false, timeouts: {implicit: 0, pageLoad: 300000, script: 30000}, unhandledPromptBehavior: dismiss and notify, webauthn:extension:credBlob: true, webauthn:extension:largeBlob: true, webauthn:extension:minPinLength: true, webauthn:extension:prf: true, webauthn:virtualAuthenticators: true}
Session ID: 2cf28825ea7a8a419a5b05b8e5d35d84</small> </font> </div>
<div class="test-event"> <font color="maroon"> <small> &emsp; &emsp;--- 04 May 23:36:38 441 - <b>0</b> - Spinner Load Wait: (Sync) - ICar.support.WaitUtils.waitForSpinner(WaitUtils.java:225)</small> </font> </div>
<div class="test-event"> <font color="maroon"> <small> &emsp; &emsp;--- 04 May 23:36:38 501 - Page URL:: https://www.i-car.com/product/damage-analysis-of-restraint-systems</small> </font> </div>
<div class="test-event"> <font color="maroon"> <small> &emsp; &emsp;--- 04 May 23:36:38 502 - <b>0</b> - Page Load Wait: (Sync) - ICar.support.Utils.waitForPageLoad(Utils.java:109)</small> </font> </div>
<div class="test-event"> <font color="maroon"> <small> &emsp; &emsp;--- 04 May 23:36:48 559 - Element is displayed:: [[ChromeDriver: chrome on WINDOWS (2cf28825ea7a8a419a5b05b8e5d35d84)] -> xpath: //div[@class='productDetails slds-p-bottom_large']//div[contains(@class,'slds-p-bottom_medium')]]</small> </font> </div>
<div class="test-message">&emsp;Course Name : DamageAnalysisofRestraintSystems is displayed in the URL page</div>
<div class="test-message">&emsp;Successfully verified the course name for relevant link&emsp;<a href=".\ScreenShot\URL_TC001_2719754198321800.png" target="_blank" >[ScreenShot]</a></div>
<div class="test-message">&emsp;
</div>
<div class="test-message">&emsp;72. URL is : https://www.i-car.com/product/caroliner-cmi300-pulsetrio-gma-welder-operation-and-tuning</div>
<div class="test-event"> <font color="maroon"> <small> &emsp; &emsp;--- 04 May 23:36:57 626 - Page URL:: https://www.i-car.com/product/caroliner-cmi300-pulsetrio-gma-welder-operation-and-tuning</small> </font> </div>
<div class="test-event"> <font color="maroon"> <small> &emsp; &emsp;--- 04 May 23:36:57 626 - <b>0</b> - Page Load Wait: (Sync) - ICar.support.Utils.waitForPageLoad(Utils.java:109)</small> </font> </div>
<div class="test-message">&emsp;Successfully navigated to the :  https://www.i-car.com/product/caroliner-cmi300-pulsetrio-gma-welder-operation-and-tuning   Page&emsp;<a href=".\ScreenShot\URL_TC001_2719755240081400.png" target="_blank" >[ScreenShot]</a></div>
<div class="test-event"> <font color="maroon"> <small> &emsp; &emsp;--- 04 May 23:36:57 914 - Page URL:: https://www.i-car.com/product/caroliner-cmi300-pulsetrio-gma-welder-operation-and-tuning</small> </font> </div>
<div class="test-event"> <font color="maroon"> <small> &emsp; &emsp;--- 04 May 23:36:57 914 - <b>0</b> - Page Load Wait: (Sync) - ICar.support.Utils.waitForPageLoad(Utils.java:109)</small> </font> </div>
<div class="test-event"> <font color="maroon"> <small> &emsp; &emsp;--- 04 May 23:36:57 923 - Catched spinner load exception due to javascript error: {"status":32,"value":"An invalid or illegal selector was specified"}
  (Session info: chrome=124.0.6367.92)
Build info: version: '4.6.0', revision: '79f1c02ae20'
System info: os.name: 'Windows 10', os.arch: 'amd64', os.version: '10.0', java.version: '17.0.7'
Driver info: org.openqa.selenium.chrome.ChromeDriver
Command: [2cf28825ea7a8a419a5b05b8e5d35d84, findElement {using=css selector, value=div[class='slds-spinner slds-spinner_brand slds-spinner_small']>div:nth-child(2)r}]
Capabilities {acceptInsecureCerts: false, browserName: chrome, browserVersion: 124.0.6367.92, chrome: {chromedriverVersion: 124.0.6367.91 (51df0e5e17a8..., userDataDir: C:\Users\PRATHA~1.KUM\AppDa...}, fedcm:accounts: true, goog:chromeOptions: {debuggerAddress: localhost:49451}, networkConnectionEnabled: false, pageLoadStrategy: normal, platformName: WINDOWS, proxy: Proxy(), se:cdp: ws://localhost:49451/devtoo..., se:cdpVersion: 124.0.6367.92, setWindowRect: true, strictFileInteractability: false, timeouts: {implicit: 0, pageLoad: 300000, script: 30000}, unhandledPromptBehavior: dismiss and notify, webauthn:extension:credBlob: true, webauthn:extension:largeBlob: true, webauthn:extension:minPinLength: true, webauthn:extension:prf: true, webauthn:virtualAuthenticators: true}
Session ID: 2cf28825ea7a8a419a5b05b8e5d35d84</small> </font> </div>
<div class="test-event"> <font color="maroon"> <small> &emsp; &emsp;--- 04 May 23:36:57 923 - <b>0</b> - Spinner Load Wait: (Sync) - ICar.support.WaitUtils.waitForSpinner(WaitUtils.java:225)</small> </font> </div>
<div class="test-event"> <font color="maroon"> <small> &emsp; &emsp;--- 04 May 23:37:08 004 - Page URL:: https://www.i-car.com/product/caroliner-cmi300-pulsetrio-gma-welder-operation-and-tuning</small> </font> </div>
<div class="test-event"> <font color="maroon"> <small> &emsp; &emsp;--- 04 May 23:37:08 004 - <b>0</b> - Page Load Wait: (Sync) - ICar.support.Utils.waitForPageLoad(Utils.java:109)</small> </font> </div>
<div class="test-event"> <font color="maroon"> <small> &emsp; &emsp;--- 04 May 23:37:08 022 - Element is displayed:: [[ChromeDriver: chrome on WINDOWS (2cf28825ea7a8a419a5b05b8e5d35d84)] -> xpath: //a[contains(text(),'Back to Courses')]]</small> </font> </div>
<div class="test-event"> <font color="maroon"> <small> &emsp; &emsp;--- 04 May 23:37:15 056 - Catched spinner load exception due to javascript error: {"status":32,"value":"An invalid or illegal selector was specified"}
  (Session info: chrome=124.0.6367.92)
Build info: version: '4.6.0', revision: '79f1c02ae20'
System info: os.name: 'Windows 10', os.arch: 'amd64', os.version: '10.0', java.version: '17.0.7'
Driver info: org.openqa.selenium.chrome.ChromeDriver
Command: [2cf28825ea7a8a419a5b05b8e5d35d84, findElement {using=css selector, value=div[class='slds-spinner slds-spinner_brand slds-spinner_small']>div:nth-child(2)r}]
Capabilities {acceptInsecureCerts: false, browserName: chrome, browserVersion: 124.0.6367.92, chrome: {chromedriverVersion: 124.0.6367.91 (51df0e5e17a8..., userDataDir: C:\Users\PRATHA~1.KUM\AppDa...}, fedcm:accounts: true, goog:chromeOptions: {debuggerAddress: localhost:49451}, networkConnectionEnabled: false, pageLoadStrategy: normal, platformName: WINDOWS, proxy: Proxy(), se:cdp: ws://localhost:49451/devtoo..., se:cdpVersion: 124.0.6367.92, setWindowRect: true, strictFileInteractability: false, timeouts: {implicit: 0, pageLoad: 300000, script: 30000}, unhandledPromptBehavior: dismiss and notify, webauthn:extension:credBlob: true, webauthn:extension:largeBlob: true, webauthn:extension:minPinLength: true, webauthn:extension:prf: true, webauthn:virtualAuthenticators: true}
Session ID: 2cf28825ea7a8a419a5b05b8e5d35d84</small> </font> </div>
<div class="test-event"> <font color="maroon"> <small> &emsp; &emsp;--- 04 May 23:37:15 057 - <b>0</b> - Spinner Load Wait: (Sync) - ICar.support.WaitUtils.waitForSpinner(WaitUtils.java:225)</small> </font> </div>
<div class="test-message">&emsp;Back To Courses is displayed in the page </div>
<div class="test-message">&emsp;Successfully verified Back To Course Link&emsp;<a href=".\ScreenShot\URL_TC001_2719772682204400.png" target="_blank" >[ScreenShot]</a></div>
<div class="test-event"> <font color="maroon"> <small> &emsp; &emsp;--- 04 May 23:37:15 633 - Catched spinner load exception due to javascript error: {"status":32,"value":"An invalid or illegal selector was specified"}
  (Session info: chrome=124.0.6367.92)
Build info: version: '4.6.0', revision: '79f1c02ae20'
System info: os.name: 'Windows 10', os.arch: 'amd64', os.version: '10.0', java.version: '17.0.7'
Driver info: org.openqa.selenium.chrome.ChromeDriver
Command: [2cf28825ea7a8a419a5b05b8e5d35d84, findElement {using=css selector, value=div[class='slds-spinner slds-spinner_brand slds-spinner_small']>div:nth-child(2)r}]
Capabilities {acceptInsecureCerts: false, browserName: chrome, browserVersion: 124.0.6367.92, chrome: {chromedriverVersion: 124.0.6367.91 (51df0e5e17a8..., userDataDir: C:\Users\PRATHA~1.KUM\AppDa...}, fedcm:accounts: true, goog:chromeOptions: {debuggerAddress: localhost:49451}, networkConnectionEnabled: false, pageLoadStrategy: normal, platformName: WINDOWS, proxy: Proxy(), se:cdp: ws://localhost:49451/devtoo..., se:cdpVersion: 124.0.6367.92, setWindowRect: true, strictFileInteractability: false, timeouts: {implicit: 0, pageLoad: 300000, script: 30000}, unhandledPromptBehavior: dismiss and notify, webauthn:extension:credBlob: true, webauthn:extension:largeBlob: true, webauthn:extension:minPinLength: true, webauthn:extension:prf: true, webauthn:virtualAuthenticators: true}
Session ID: 2cf28825ea7a8a419a5b05b8e5d35d84</small> </font> </div>
<div class="test-event"> <font color="maroon"> <small> &emsp; &emsp;--- 04 May 23:37:15 633 - <b>0</b> - Spinner Load Wait: (Sync) - ICar.support.WaitUtils.waitForSpinner(WaitUtils.java:225)</small> </font> </div>
<div class="test-event"> <font color="maroon"> <small> &emsp; &emsp;--- 04 May 23:37:15 695 - Page URL:: https://www.i-car.com/product/caroliner-cmi300-pulsetrio-gma-welder-operation-and-tuning</small> </font> </div>
<div class="test-event"> <font color="maroon"> <small> &emsp; &emsp;--- 04 May 23:37:15 695 - <b>0</b> - Page Load Wait: (Sync) - ICar.support.Utils.waitForPageLoad(Utils.java:109)</small> </font> </div>
<div class="test-event"> <font color="maroon"> <small> &emsp; &emsp;--- 04 May 23:37:25 784 - Element is displayed:: [[ChromeDriver: chrome on WINDOWS (2cf28825ea7a8a419a5b05b8e5d35d84)] -> xpath: //div[@class='productDetails slds-p-bottom_large']//div[contains(@class,'slds-p-bottom_medium')]]</small> </font> </div>
<div class="test-message">&emsp;Course Name : CarOLinerCMI300PulseTrioGMAWelderOperationandTuning is displayed in the URL page</div>
<div class="test-message">&emsp;Successfully verified the course name for relevant link&emsp;<a href=".\ScreenShot\URL_TC001_2719791421226500.png" target="_blank" >[ScreenShot]</a></div>
<div class="test-message">&emsp;
</div>
<div class="test-message">&emsp;73. URL is : https://www.i-car.com/product/recertification-aluminum-gma-mig-welding</div>
<div class="test-event"> <font color="maroon"> <small> &emsp; &emsp;--- 04 May 23:37:34 680 - Page URL:: https://www.i-car.com/product/recertification-aluminum-gma-mig-welding</small> </font> </div>
<div class="test-event"> <font color="maroon"> <small> &emsp; &emsp;--- 04 May 23:37:34 681 - <b>0</b> - Page Load Wait: (Sync) - ICar.support.Utils.waitForPageLoad(Utils.java:109)</small> </font> </div>
<div class="test-message">&emsp;Successfully navigated to the :  https://www.i-car.com/product/recertification-aluminum-gma-mig-welding   Page&emsp;<a href=".\ScreenShot\URL_TC001_2719792295967800.png" target="_blank" >[ScreenShot]</a></div>
<div class="test-event"> <font color="maroon"> <small> &emsp; &emsp;--- 04 May 23:37:34 961 - Page URL:: https://www.i-car.com/product/recertification-aluminum-gma-mig-welding</small> </font> </div>
<div class="test-event"> <font color="maroon"> <small> &emsp; &emsp;--- 04 May 23:37:34 961 - <b>0</b> - Page Load Wait: (Sync) - ICar.support.Utils.waitForPageLoad(Utils.java:109)</small> </font> </div>
<div class="test-event"> <font color="maroon"> <small> &emsp; &emsp;--- 04 May 23:37:34 969 - Catched spinner load exception due to javascript error: {"status":32,"value":"An invalid or illegal selector was specified"}
  (Session info: chrome=124.0.6367.92)
Build info: version: '4.6.0', revision: '79f1c02ae20'
System info: os.name: 'Windows 10', os.arch: 'amd64', os.version: '10.0', java.version: '17.0.7'
Driver info: org.openqa.selenium.chrome.ChromeDriver
Command: [2cf28825ea7a8a419a5b05b8e5d35d84, findElement {using=css selector, value=div[class='slds-spinner slds-spinner_brand slds-spinner_small']>div:nth-child(2)r}]
Capabilities {acceptInsecureCerts: false, browserName: chrome, browserVersion: 124.0.6367.92, chrome: {chromedriverVersion: 124.0.6367.91 (51df0e5e17a8..., userDataDir: C:\Users\PRATHA~1.KUM\AppDa...}, fedcm:accounts: true, goog:chromeOptions: {debuggerAddress: localhost:49451}, networkConnectionEnabled: false, pageLoadStrategy: normal, platformName: WINDOWS, proxy: Proxy(), se:cdp: ws://localhost:49451/devtoo..., se:cdpVersion: 124.0.6367.92, setWindowRect: true, strictFileInteractability: false, timeouts: {implicit: 0, pageLoad: 300000, script: 30000}, unhandledPromptBehavior: dismiss and notify, webauthn:extension:credBlob: true, webauthn:extension:largeBlob: true, webauthn:extension:minPinLength: true, webauthn:extension:prf: true, webauthn:virtualAuthenticators: true}
Session ID: 2cf28825ea7a8a419a5b05b8e5d35d84</small> </font> </div>
<div class="test-event"> <font color="maroon"> <small> &emsp; &emsp;--- 04 May 23:37:34 970 - <b>0</b> - Spinner Load Wait: (Sync) - ICar.support.WaitUtils.waitForSpinner(WaitUtils.java:225)</small> </font> </div>
<div class="test-event"> <font color="maroon"> <small> &emsp; &emsp;--- 04 May 23:37:45 065 - Page URL:: https://www.i-car.com/product/recertification-aluminum-gma-mig-welding</small> </font> </div>
<div class="test-event"> <font color="maroon"> <small> &emsp; &emsp;--- 04 May 23:37:45 065 - <b>0</b> - Page Load Wait: (Sync) - ICar.support.Utils.waitForPageLoad(Utils.java:109)</small> </font> </div>
<div class="test-event"> <font color="maroon"> <small> &emsp; &emsp;--- 04 May 23:37:45 081 - Element is displayed:: [[ChromeDriver: chrome on WINDOWS (2cf28825ea7a8a419a5b05b8e5d35d84)] -> xpath: //a[contains(text(),'Back to Courses')]]</small> </font> </div>
<div class="test-event"> <font color="maroon"> <small> &emsp; &emsp;--- 04 May 23:37:52 113 - Catched spinner load exception due to javascript error: {"status":32,"value":"An invalid or illegal selector was specified"}
  (Session info: chrome=124.0.6367.92)
Build info: version: '4.6.0', revision: '79f1c02ae20'
System info: os.name: 'Windows 10', os.arch: 'amd64', os.version: '10.0', java.version: '17.0.7'
Driver info: org.openqa.selenium.chrome.ChromeDriver
Command: [2cf28825ea7a8a419a5b05b8e5d35d84, findElement {using=css selector, value=div[class='slds-spinner slds-spinner_brand slds-spinner_small']>div:nth-child(2)r}]
Capabilities {acceptInsecureCerts: false, browserName: chrome, browserVersion: 124.0.6367.92, chrome: {chromedriverVersion: 124.0.6367.91 (51df0e5e17a8..., userDataDir: C:\Users\PRATHA~1.KUM\AppDa...}, fedcm:accounts: true, goog:chromeOptions: {debuggerAddress: localhost:49451}, networkConnectionEnabled: false, pageLoadStrategy: normal, platformName: WINDOWS, proxy: Proxy(), se:cdp: ws://localhost:49451/devtoo..., se:cdpVersion: 124.0.6367.92, setWindowRect: true, strictFileInteractability: false, timeouts: {implicit: 0, pageLoad: 300000, script: 30000}, unhandledPromptBehavior: dismiss and notify, webauthn:extension:credBlob: true, webauthn:extension:largeBlob: true, webauthn:extension:minPinLength: true, webauthn:extension:prf: true, webauthn:virtualAuthenticators: true}
Session ID: 2cf28825ea7a8a419a5b05b8e5d35d84</small> </font> </div>
<div class="test-event"> <font color="maroon"> <small> &emsp; &emsp;--- 04 May 23:37:52 113 - <b>0</b> - Spinner Load Wait: (Sync) - ICar.support.WaitUtils.waitForSpinner(WaitUtils.java:225)</small> </font> </div>
<div class="test-message">&emsp;Back To Courses is displayed in the page </div>
<div class="test-message">&emsp;Successfully verified Back To Course Link&emsp;<a href=".\ScreenShot\URL_TC001_2719809738567500.png" target="_blank" >[ScreenShot]</a></div>
<div class="test-event"> <font color="maroon"> <small> &emsp; &emsp;--- 04 May 23:37:52 382 - Catched spinner load exception due to javascript error: {"status":32,"value":"An invalid or illegal selector was specified"}
  (Session info: chrome=124.0.6367.92)
Build info: version: '4.6.0', revision: '79f1c02ae20'
System info: os.name: 'Windows 10', os.arch: 'amd64', os.version: '10.0', java.version: '17.0.7'
Driver info: org.openqa.selenium.chrome.ChromeDriver
Command: [2cf28825ea7a8a419a5b05b8e5d35d84, findElement {using=css selector, value=div[class='slds-spinner slds-spinner_brand slds-spinner_small']>div:nth-child(2)r}]
Capabilities {acceptInsecureCerts: false, browserName: chrome, browserVersion: 124.0.6367.92, chrome: {chromedriverVersion: 124.0.6367.91 (51df0e5e17a8..., userDataDir: C:\Users\PRATHA~1.KUM\AppDa...}, fedcm:accounts: true, goog:chromeOptions: {debuggerAddress: localhost:49451}, networkConnectionEnabled: false, pageLoadStrategy: normal, platformName: WINDOWS, proxy: Proxy(), se:cdp: ws://localhost:49451/devtoo..., se:cdpVersion: 124.0.6367.92, setWindowRect: true, strictFileInteractability: false, timeouts: {implicit: 0, pageLoad: 300000, script: 30000}, unhandledPromptBehavior: dismiss and notify, webauthn:extension:credBlob: true, webauthn:extension:largeBlob: true, webauthn:extension:minPinLength: true, webauthn:extension:prf: true, webauthn:virtualAuthenticators: true}
Session ID: 2cf28825ea7a8a419a5b05b8e5d35d84</small> </font> </div>
<div class="test-event"> <font color="maroon"> <small> &emsp; &emsp;--- 04 May 23:37:52 382 - <b>0</b> - Spinner Load Wait: (Sync) - ICar.support.WaitUtils.waitForSpinner(WaitUtils.java:225)</small> </font> </div>
<div class="test-event"> <font color="maroon"> <small> &emsp; &emsp;--- 04 May 23:37:52 445 - Page URL:: https://www.i-car.com/product/recertification-aluminum-gma-mig-welding</small> </font> </div>
<div class="test-event"> <font color="maroon"> <small> &emsp; &emsp;--- 04 May 23:37:52 445 - <b>0</b> - Page Load Wait: (Sync) - ICar.support.Utils.waitForPageLoad(Utils.java:109)</small> </font> </div>
<div class="test-event"> <font color="maroon"> <small> &emsp; &emsp;--- 04 May 23:38:02 516 - Element is displayed:: [[ChromeDriver: chrome on WINDOWS (2cf28825ea7a8a419a5b05b8e5d35d84)] -> xpath: //div[@class='productDetails slds-p-bottom_large']//div[contains(@class,'slds-p-bottom_medium')]]</small> </font> </div>
<div class="test-message">&emsp;Course Name : RecertificationAluminumGMAMIGWelding is displayed in the URL page</div>
<div class="test-message">&emsp;Successfully verified the course name for relevant link&emsp;<a href=".\ScreenShot\URL_TC001_2719828158360800.png" target="_blank" >[ScreenShot]</a></div>
<div class="test-message">&emsp;
</div>
<div class="test-message">&emsp;74. URL is : https://www.i-car.com/product/basic-estimate-writing</div>
<div class="test-event"> <font color="maroon"> <small> &emsp; &emsp;--- 04 May 23:38:11 446 - Page URL:: https://www.i-car.com/product/basic-estimate-writing</small> </font> </div>
<div class="test-event"> <font color="maroon"> <small> &emsp; &emsp;--- 04 May 23:38:11 447 - <b>0</b> - Page Load Wait: (Sync) - ICar.support.Utils.waitForPageLoad(Utils.java:109)</small> </font> </div>
<div class="test-message">&emsp;Successfully navigated to the :  https://www.i-car.com/product/basic-estimate-writing   Page&emsp;<a href=".\ScreenShot\URL_TC001_2719829061684600.png" target="_blank" >[ScreenShot]</a></div>
<div class="test-event"> <font color="maroon"> <small> &emsp; &emsp;--- 04 May 23:38:11 708 - Page URL:: https://www.i-car.com/product/basic-estimate-writing</small> </font> </div>
<div class="test-event"> <font color="maroon"> <small> &emsp; &emsp;--- 04 May 23:38:11 708 - <b>0</b> - Page Load Wait: (Sync) - ICar.support.Utils.waitForPageLoad(Utils.java:109)</small> </font> </div>
<div class="test-event"> <font color="maroon"> <small> &emsp; &emsp;--- 04 May 23:38:11 717 - Catched spinner load exception due to javascript error: {"status":32,"value":"An invalid or illegal selector was specified"}
  (Session info: chrome=124.0.6367.92)
Build info: version: '4.6.0', revision: '79f1c02ae20'
System info: os.name: 'Windows 10', os.arch: 'amd64', os.version: '10.0', java.version: '17.0.7'
Driver info: org.openqa.selenium.chrome.ChromeDriver
Command: [2cf28825ea7a8a419a5b05b8e5d35d84, findElement {using=css selector, value=div[class='slds-spinner slds-spinner_brand slds-spinner_small']>div:nth-child(2)r}]
Capabilities {acceptInsecureCerts: false, browserName: chrome, browserVersion: 124.0.6367.92, chrome: {chromedriverVersion: 124.0.6367.91 (51df0e5e17a8..., userDataDir: C:\Users\PRATHA~1.KUM\AppDa...}, fedcm:accounts: true, goog:chromeOptions: {debuggerAddress: localhost:49451}, networkConnectionEnabled: false, pageLoadStrategy: normal, platformName: WINDOWS, proxy: Proxy(), se:cdp: ws://localhost:49451/devtoo..., se:cdpVersion: 124.0.6367.92, setWindowRect: true, strictFileInteractability: false, timeouts: {implicit: 0, pageLoad: 300000, script: 30000}, unhandledPromptBehavior: dismiss and notify, webauthn:extension:credBlob: true, webauthn:extension:largeBlob: true, webauthn:extension:minPinLength: true, webauthn:extension:prf: true, webauthn:virtualAuthenticators: true}
Session ID: 2cf28825ea7a8a419a5b05b8e5d35d84</small> </font> </div>
<div class="test-event"> <font color="maroon"> <small> &emsp; &emsp;--- 04 May 23:38:11 717 - <b>0</b> - Spinner Load Wait: (Sync) - ICar.support.WaitUtils.waitForSpinner(WaitUtils.java:225)</small> </font> </div>
<div class="test-event"> <font color="maroon"> <small> &emsp; &emsp;--- 04 May 23:38:21 790 - Page URL:: https://www.i-car.com/product/basic-estimate-writing</small> </font> </div>
<div class="test-event"> <font color="maroon"> <small> &emsp; &emsp;--- 04 May 23:38:21 790 - <b>0</b> - Page Load Wait: (Sync) - ICar.support.Utils.waitForPageLoad(Utils.java:109)</small> </font> </div>
<div class="test-event"> <font color="maroon"> <small> &emsp; &emsp;--- 04 May 23:38:21 807 - Element is displayed:: [[ChromeDriver: chrome on WINDOWS (2cf28825ea7a8a419a5b05b8e5d35d84)] -> xpath: //a[contains(text(),'Back to Courses')]]</small> </font> </div>
<div class="test-event"> <font color="maroon"> <small> &emsp; &emsp;--- 04 May 23:38:28 841 - Catched spinner load exception due to javascript error: {"status":32,"value":"An invalid or illegal selector was specified"}
  (Session info: chrome=124.0.6367.92)
Build info: version: '4.6.0', revision: '79f1c02ae20'
System info: os.name: 'Windows 10', os.arch: 'amd64', os.version: '10.0', java.version: '17.0.7'
Driver info: org.openqa.selenium.chrome.ChromeDriver
Command: [2cf28825ea7a8a419a5b05b8e5d35d84, findElement {using=css selector, value=div[class='slds-spinner slds-spinner_brand slds-spinner_small']>div:nth-child(2)r}]
Capabilities {acceptInsecureCerts: false, browserName: chrome, browserVersion: 124.0.6367.92, chrome: {chromedriverVersion: 124.0.6367.91 (51df0e5e17a8..., userDataDir: C:\Users\PRATHA~1.KUM\AppDa...}, fedcm:accounts: true, goog:chromeOptions: {debuggerAddress: localhost:49451}, networkConnectionEnabled: false, pageLoadStrategy: normal, platformName: WINDOWS, proxy: Proxy(), se:cdp: ws://localhost:49451/devtoo..., se:cdpVersion: 124.0.6367.92, setWindowRect: true, strictFileInteractability: false, timeouts: {implicit: 0, pageLoad: 300000, script: 30000}, unhandledPromptBehavior: dismiss and notify, webauthn:extension:credBlob: true, webauthn:extension:largeBlob: true, webauthn:extension:minPinLength: true, webauthn:extension:prf: true, webauthn:virtualAuthenticators: true}
Session ID: 2cf28825ea7a8a419a5b05b8e5d35d84</small> </font> </div>
<div class="test-event"> <font color="maroon"> <small> &emsp; &emsp;--- 04 May 23:38:28 841 - <b>0</b> - Spinner Load Wait: (Sync) - ICar.support.WaitUtils.waitForSpinner(WaitUtils.java:225)</small> </font> </div>
<div class="test-message">&emsp;Back To Courses is displayed in the page </div>
<div class="test-message">&emsp;Successfully verified Back To Course Link&emsp;<a href=".\ScreenShot\URL_TC001_2719846467559200.png" target="_blank" >[ScreenShot]</a></div>
<div class="test-event"> <font color="maroon"> <small> &emsp; &emsp;--- 04 May 23:38:29 336 - Catched spinner load exception due to javascript error: {"status":32,"value":"An invalid or illegal selector was specified"}
  (Session info: chrome=124.0.6367.92)
Build info: version: '4.6.0', revision: '79f1c02ae20'
System info: os.name: 'Windows 10', os.arch: 'amd64', os.version: '10.0', java.version: '17.0.7'
Driver info: org.openqa.selenium.chrome.ChromeDriver
Command: [2cf28825ea7a8a419a5b05b8e5d35d84, findElement {using=css selector, value=div[class='slds-spinner slds-spinner_brand slds-spinner_small']>div:nth-child(2)r}]
Capabilities {acceptInsecureCerts: false, browserName: chrome, browserVersion: 124.0.6367.92, chrome: {chromedriverVersion: 124.0.6367.91 (51df0e5e17a8..., userDataDir: C:\Users\PRATHA~1.KUM\AppDa...}, fedcm:accounts: true, goog:chromeOptions: {debuggerAddress: localhost:49451}, networkConnectionEnabled: false, pageLoadStrategy: normal, platformName: WINDOWS, proxy: Proxy(), se:cdp: ws://localhost:49451/devtoo..., se:cdpVersion: 124.0.6367.92, setWindowRect: true, strictFileInteractability: false, timeouts: {implicit: 0, pageLoad: 300000, script: 30000}, unhandledPromptBehavior: dismiss and notify, webauthn:extension:credBlob: true, webauthn:extension:largeBlob: true, webauthn:extension:minPinLength: true, webauthn:extension:prf: true, webauthn:virtualAuthenticators: true}
Session ID: 2cf28825ea7a8a419a5b05b8e5d35d84</small> </font> </div>
<div class="test-event"> <font color="maroon"> <small> &emsp; &emsp;--- 04 May 23:38:29 336 - <b>0</b> - Spinner Load Wait: (Sync) - ICar.support.WaitUtils.waitForSpinner(WaitUtils.java:225)</small> </font> </div>
<div class="test-event"> <font color="maroon"> <small> &emsp; &emsp;--- 04 May 23:38:29 404 - Page URL:: https://www.i-car.com/product/basic-estimate-writing</small> </font> </div>
<div class="test-event"> <font color="maroon"> <small> &emsp; &emsp;--- 04 May 23:38:29 404 - <b>0</b> - Page Load Wait: (Sync) - ICar.support.Utils.waitForPageLoad(Utils.java:109)</small> </font> </div>
<div class="test-event"> <font color="maroon"> <small> &emsp; &emsp;--- 04 May 23:38:39 445 - Element is displayed:: [[ChromeDriver: chrome on WINDOWS (2cf28825ea7a8a419a5b05b8e5d35d84)] -> xpath: //div[@class='productDetails slds-p-bottom_large']//div[contains(@class,'slds-p-bottom_medium')]]</small> </font> </div>
<div class="test-message">&emsp;Course Name : BasicEstimateWriting is displayed in the URL page</div>
<div class="test-message">&emsp;Successfully verified the course name for relevant link&emsp;<a href=".\ScreenShot\URL_TC001_2719865078740600.png" target="_blank" >[ScreenShot]</a></div>
<div class="test-message">&emsp;
</div>
<div class="test-message">&emsp;75. URL is : https://www.i-car.com/product/auto-physical-damage-appraiser-apda-administration</div>
<div class="test-event"> <font color="maroon"> <small> &emsp; &emsp;--- 04 May 23:38:48 317 - Page URL:: https://www.i-car.com/product/auto-physical-damage-appraiser-apda-administration</small> </font> </div>
<div class="test-event"> <font color="maroon"> <small> &emsp; &emsp;--- 04 May 23:38:48 317 - <b>0</b> - Page Load Wait: (Sync) - ICar.support.Utils.waitForPageLoad(Utils.java:109)</small> </font> </div>
<div class="test-message">&emsp;Successfully navigated to the :  https://www.i-car.com/product/auto-physical-damage-appraiser-apda-administration   Page&emsp;<a href=".\ScreenShot\URL_TC001_2719865933751400.png" target="_blank" >[ScreenShot]</a></div>
<div class="test-event"> <font color="maroon"> <small> &emsp; &emsp;--- 04 May 23:38:48 620 - Page URL:: https://www.i-car.com/product/auto-physical-damage-appraiser-apda-administration</small> </font> </div>
<div class="test-event"> <font color="maroon"> <small> &emsp; &emsp;--- 04 May 23:38:48 620 - <b>0</b> - Page Load Wait: (Sync) - ICar.support.Utils.waitForPageLoad(Utils.java:109)</small> </font> </div>
<div class="test-event"> <font color="maroon"> <small> &emsp; &emsp;--- 04 May 23:38:48 628 - Catched spinner load exception due to javascript error: {"status":32,"value":"An invalid or illegal selector was specified"}
  (Session info: chrome=124.0.6367.92)
Build info: version: '4.6.0', revision: '79f1c02ae20'
System info: os.name: 'Windows 10', os.arch: 'amd64', os.version: '10.0', java.version: '17.0.7'
Driver info: org.openqa.selenium.chrome.ChromeDriver
Command: [2cf28825ea7a8a419a5b05b8e5d35d84, findElement {using=css selector, value=div[class='slds-spinner slds-spinner_brand slds-spinner_small']>div:nth-child(2)r}]
Capabilities {acceptInsecureCerts: false, browserName: chrome, browserVersion: 124.0.6367.92, chrome: {chromedriverVersion: 124.0.6367.91 (51df0e5e17a8..., userDataDir: C:\Users\PRATHA~1.KUM\AppDa...}, fedcm:accounts: true, goog:chromeOptions: {debuggerAddress: localhost:49451}, networkConnectionEnabled: false, pageLoadStrategy: normal, platformName: WINDOWS, proxy: Proxy(), se:cdp: ws://localhost:49451/devtoo..., se:cdpVersion: 124.0.6367.92, setWindowRect: true, strictFileInteractability: false, timeouts: {implicit: 0, pageLoad: 300000, script: 30000}, unhandledPromptBehavior: dismiss and notify, webauthn:extension:credBlob: true, webauthn:extension:largeBlob: true, webauthn:extension:minPinLength: true, webauthn:extension:prf: true, webauthn:virtualAuthenticators: true}
Session ID: 2cf28825ea7a8a419a5b05b8e5d35d84</small> </font> </div>
<div class="test-event"> <font color="maroon"> <small> &emsp; &emsp;--- 04 May 23:38:48 628 - <b>0</b> - Spinner Load Wait: (Sync) - ICar.support.WaitUtils.waitForSpinner(WaitUtils.java:225)</small> </font> </div>
<div class="test-event"> <font color="maroon"> <small> &emsp; &emsp;--- 04 May 23:38:58 703 - Page URL:: https://www.i-car.com/product/auto-physical-damage-appraiser-apda-administration</small> </font> </div>
<div class="test-event"> <font color="maroon"> <small> &emsp; &emsp;--- 04 May 23:38:58 703 - <b>0</b> - Page Load Wait: (Sync) - ICar.support.Utils.waitForPageLoad(Utils.java:109)</small> </font> </div>
<div class="test-event"> <font color="maroon"> <small> &emsp; &emsp;--- 04 May 23:38:58 720 - Element is displayed:: [[ChromeDriver: chrome on WINDOWS (2cf28825ea7a8a419a5b05b8e5d35d84)] -> xpath: //a[contains(text(),'Back to Courses')]]</small> </font> </div>
<div class="test-event"> <font color="maroon"> <small> &emsp; &emsp;--- 04 May 23:39:05 752 - Catched spinner load exception due to javascript error: {"status":32,"value":"An invalid or illegal selector was specified"}
  (Session info: chrome=124.0.6367.92)
Build info: version: '4.6.0', revision: '79f1c02ae20'
System info: os.name: 'Windows 10', os.arch: 'amd64', os.version: '10.0', java.version: '17.0.7'
Driver info: org.openqa.selenium.chrome.ChromeDriver
Command: [2cf28825ea7a8a419a5b05b8e5d35d84, findElement {using=css selector, value=div[class='slds-spinner slds-spinner_brand slds-spinner_small']>div:nth-child(2)r}]
Capabilities {acceptInsecureCerts: false, browserName: chrome, browserVersion: 124.0.6367.92, chrome: {chromedriverVersion: 124.0.6367.91 (51df0e5e17a8..., userDataDir: C:\Users\PRATHA~1.KUM\AppDa...}, fedcm:accounts: true, goog:chromeOptions: {debuggerAddress: localhost:49451}, networkConnectionEnabled: false, pageLoadStrategy: normal, platformName: WINDOWS, proxy: Proxy(), se:cdp: ws://localhost:49451/devtoo..., se:cdpVersion: 124.0.6367.92, setWindowRect: true, strictFileInteractability: false, timeouts: {implicit: 0, pageLoad: 300000, script: 30000}, unhandledPromptBehavior: dismiss and notify, webauthn:extension:credBlob: true, webauthn:extension:largeBlob: true, webauthn:extension:minPinLength: true, webauthn:extension:prf: true, webauthn:virtualAuthenticators: true}
Session ID: 2cf28825ea7a8a419a5b05b8e5d35d84</small> </font> </div>
<div class="test-event"> <font color="maroon"> <small> &emsp; &emsp;--- 04 May 23:39:05 752 - <b>0</b> - Spinner Load Wait: (Sync) - ICar.support.WaitUtils.waitForSpinner(WaitUtils.java:225)</small> </font> </div>
<div class="test-message">&emsp;Back To Courses is displayed in the page </div>
<div class="test-message">&emsp;Successfully verified Back To Course Link&emsp;<a href=".\ScreenShot\URL_TC001_2719883378878900.png" target="_blank" >[ScreenShot]</a></div>
<div class="test-event"> <font color="maroon"> <small> &emsp; &emsp;--- 04 May 23:39:05 996 - Catched spinner load exception due to javascript error: {"status":32,"value":"An invalid or illegal selector was specified"}
  (Session info: chrome=124.0.6367.92)
Build info: version: '4.6.0', revision: '79f1c02ae20'
System info: os.name: 'Windows 10', os.arch: 'amd64', os.version: '10.0', java.version: '17.0.7'
Driver info: org.openqa.selenium.chrome.ChromeDriver
Command: [2cf28825ea7a8a419a5b05b8e5d35d84, findElement {using=css selector, value=div[class='slds-spinner slds-spinner_brand slds-spinner_small']>div:nth-child(2)r}]
Capabilities {acceptInsecureCerts: false, browserName: chrome, browserVersion: 124.0.6367.92, chrome: {chromedriverVersion: 124.0.6367.91 (51df0e5e17a8..., userDataDir: C:\Users\PRATHA~1.KUM\AppDa...}, fedcm:accounts: true, goog:chromeOptions: {debuggerAddress: localhost:49451}, networkConnectionEnabled: false, pageLoadStrategy: normal, platformName: WINDOWS, proxy: Proxy(), se:cdp: ws://localhost:49451/devtoo..., se:cdpVersion: 124.0.6367.92, setWindowRect: true, strictFileInteractability: false, timeouts: {implicit: 0, pageLoad: 300000, script: 30000}, unhandledPromptBehavior: dismiss and notify, webauthn:extension:credBlob: true, webauthn:extension:largeBlob: true, webauthn:extension:minPinLength: true, webauthn:extension:prf: true, webauthn:virtualAuthenticators: true}
Session ID: 2cf28825ea7a8a419a5b05b8e5d35d84</small> </font> </div>
<div class="test-event"> <font color="maroon"> <small> &emsp; &emsp;--- 04 May 23:39:05 996 - <b>0</b> - Spinner Load Wait: (Sync) - ICar.support.WaitUtils.waitForSpinner(WaitUtils.java:225)</small> </font> </div>
<div class="test-event"> <font color="maroon"> <small> &emsp; &emsp;--- 04 May 23:39:06 062 - Page URL:: https://www.i-car.com/product/auto-physical-damage-appraiser-apda-administration</small> </font> </div>
<div class="test-event"> <font color="maroon"> <small> &emsp; &emsp;--- 04 May 23:39:06 062 - <b>0</b> - Page Load Wait: (Sync) - ICar.support.Utils.waitForPageLoad(Utils.java:109)</small> </font> </div>
<div class="test-event"> <font color="maroon"> <small> &emsp; &emsp;--- 04 May 23:39:16 113 - Element is displayed:: [[ChromeDriver: chrome on WINDOWS (2cf28825ea7a8a419a5b05b8e5d35d84)] -> xpath: //div[@class='productDetails slds-p-bottom_large']//div[contains(@class,'slds-p-bottom_medium')]]</small> </font> </div>
<div class="test-message">&emsp;Course Name : AutoPhysicalDamageAppraiserAPDAAdministration is displayed in the URL page</div>
<div class="test-message">&emsp;Successfully verified the course name for relevant link&emsp;<a href=".\ScreenShot\URL_TC001_2719901752281800.png" target="_blank" >[ScreenShot]</a></div>
<div class="test-message">&emsp;
</div>
<div class="test-message">&emsp;76. URL is : https://www.i-car.com/product/training-and-certification-steel-gma-welding</div>
<div class="test-event"> <font color="maroon"> <small> &emsp; &emsp;--- 04 May 23:39:25 113 - Page URL:: https://www.i-car.com/product/training-and-certification-steel-gma-welding</small> </font> </div>
<div class="test-event"> <font color="maroon"> <small> &emsp; &emsp;--- 04 May 23:39:25 113 - <b>0</b> - Page Load Wait: (Sync) - ICar.support.Utils.waitForPageLoad(Utils.java:109)</small> </font> </div>
<div class="test-message">&emsp;Successfully navigated to the :  https://www.i-car.com/product/training-and-certification-steel-gma-welding   Page&emsp;<a href=".\ScreenShot\URL_TC001_2719902730004100.png" target="_blank" >[ScreenShot]</a></div>
<div class="test-event"> <font color="maroon"> <small> &emsp; &emsp;--- 04 May 23:39:25 416 - Page URL:: https://www.i-car.com/product/training-and-certification-steel-gma-welding</small> </font> </div>
<div class="test-event"> <font color="maroon"> <small> &emsp; &emsp;--- 04 May 23:39:25 417 - <b>0</b> - Page Load Wait: (Sync) - ICar.support.Utils.waitForPageLoad(Utils.java:109)</small> </font> </div>
<div class="test-event"> <font color="maroon"> <small> &emsp; &emsp;--- 04 May 23:39:25 424 - Catched spinner load exception due to javascript error: {"status":32,"value":"An invalid or illegal selector was specified"}
  (Session info: chrome=124.0.6367.92)
Build info: version: '4.6.0', revision: '79f1c02ae20'
System info: os.name: 'Windows 10', os.arch: 'amd64', os.version: '10.0', java.version: '17.0.7'
Driver info: org.openqa.selenium.chrome.ChromeDriver
Command: [2cf28825ea7a8a419a5b05b8e5d35d84, findElement {using=css selector, value=div[class='slds-spinner slds-spinner_brand slds-spinner_small']>div:nth-child(2)r}]
Capabilities {acceptInsecureCerts: false, browserName: chrome, browserVersion: 124.0.6367.92, chrome: {chromedriverVersion: 124.0.6367.91 (51df0e5e17a8..., userDataDir: C:\Users\PRATHA~1.KUM\AppDa...}, fedcm:accounts: true, goog:chromeOptions: {debuggerAddress: localhost:49451}, networkConnectionEnabled: false, pageLoadStrategy: normal, platformName: WINDOWS, proxy: Proxy(), se:cdp: ws://localhost:49451/devtoo..., se:cdpVersion: 124.0.6367.92, setWindowRect: true, strictFileInteractability: false, timeouts: {implicit: 0, pageLoad: 300000, script: 30000}, unhandledPromptBehavior: dismiss and notify, webauthn:extension:credBlob: true, webauthn:extension:largeBlob: true, webauthn:extension:minPinLength: true, webauthn:extension:prf: true, webauthn:virtualAuthenticators: true}
Session ID: 2cf28825ea7a8a419a5b05b8e5d35d84</small> </font> </div>
<div class="test-event"> <font color="maroon"> <small> &emsp; &emsp;--- 04 May 23:39:25 424 - <b>0</b> - Spinner Load Wait: (Sync) - ICar.support.WaitUtils.waitForSpinner(WaitUtils.java:225)</small> </font> </div>
<div class="test-event"> <font color="maroon"> <small> &emsp; &emsp;--- 04 May 23:39:35 506 - Page URL:: https://www.i-car.com/product/training-and-certification-steel-gma-welding</small> </font> </div>
<div class="test-event"> <font color="maroon"> <small> &emsp; &emsp;--- 04 May 23:39:35 506 - <b>0</b> - Page Load Wait: (Sync) - ICar.support.Utils.waitForPageLoad(Utils.java:109)</small> </font> </div>
<div class="test-event"> <font color="maroon"> <small> &emsp; &emsp;--- 04 May 23:39:35 524 - Element is displayed:: [[ChromeDriver: chrome on WINDOWS (2cf28825ea7a8a419a5b05b8e5d35d84)] -> xpath: //a[contains(text(),'Back to Courses')]]</small> </font> </div>
<div class="test-event"> <font color="maroon"> <small> &emsp; &emsp;--- 04 May 23:39:42 568 - Catched spinner load exception due to javascript error: {"status":32,"value":"An invalid or illegal selector was specified"}
  (Session info: chrome=124.0.6367.92)
Build info: version: '4.6.0', revision: '79f1c02ae20'
System info: os.name: 'Windows 10', os.arch: 'amd64', os.version: '10.0', java.version: '17.0.7'
Driver info: org.openqa.selenium.chrome.ChromeDriver
Command: [2cf28825ea7a8a419a5b05b8e5d35d84, findElement {using=css selector, value=div[class='slds-spinner slds-spinner_brand slds-spinner_small']>div:nth-child(2)r}]
Capabilities {acceptInsecureCerts: false, browserName: chrome, browserVersion: 124.0.6367.92, chrome: {chromedriverVersion: 124.0.6367.91 (51df0e5e17a8..., userDataDir: C:\Users\PRATHA~1.KUM\AppDa...}, fedcm:accounts: true, goog:chromeOptions: {debuggerAddress: localhost:49451}, networkConnectionEnabled: false, pageLoadStrategy: normal, platformName: WINDOWS, proxy: Proxy(), se:cdp: ws://localhost:49451/devtoo..., se:cdpVersion: 124.0.6367.92, setWindowRect: true, strictFileInteractability: false, timeouts: {implicit: 0, pageLoad: 300000, script: 30000}, unhandledPromptBehavior: dismiss and notify, webauthn:extension:credBlob: true, webauthn:extension:largeBlob: true, webauthn:extension:minPinLength: true, webauthn:extension:prf: true, webauthn:virtualAuthenticators: true}
Session ID: 2cf28825ea7a8a419a5b05b8e5d35d84</small> </font> </div>
<div class="test-event"> <font color="maroon"> <small> &emsp; &emsp;--- 04 May 23:39:42 568 - <b>0</b> - Spinner Load Wait: (Sync) - ICar.support.WaitUtils.waitForSpinner(WaitUtils.java:225)</small> </font> </div>
<div class="test-message">&emsp;Back To Courses is displayed in the page </div>
<div class="test-message">&emsp;Successfully verified Back To Course Link&emsp;<a href=".\ScreenShot\URL_TC001_2719920201263700.png" target="_blank" >[ScreenShot]</a></div>
<div class="test-event"> <font color="maroon"> <small> &emsp; &emsp;--- 04 May 23:39:42 830 - Catched spinner load exception due to javascript error: {"status":32,"value":"An invalid or illegal selector was specified"}
  (Session info: chrome=124.0.6367.92)
Build info: version: '4.6.0', revision: '79f1c02ae20'
System info: os.name: 'Windows 10', os.arch: 'amd64', os.version: '10.0', java.version: '17.0.7'
Driver info: org.openqa.selenium.chrome.ChromeDriver
Command: [2cf28825ea7a8a419a5b05b8e5d35d84, findElement {using=css selector, value=div[class='slds-spinner slds-spinner_brand slds-spinner_small']>div:nth-child(2)r}]
Capabilities {acceptInsecureCerts: false, browserName: chrome, browserVersion: 124.0.6367.92, chrome: {chromedriverVersion: 124.0.6367.91 (51df0e5e17a8..., userDataDir: C:\Users\PRATHA~1.KUM\AppDa...}, fedcm:accounts: true, goog:chromeOptions: {debuggerAddress: localhost:49451}, networkConnectionEnabled: false, pageLoadStrategy: normal, platformName: WINDOWS, proxy: Proxy(), se:cdp: ws://localhost:49451/devtoo..., se:cdpVersion: 124.0.6367.92, setWindowRect: true, strictFileInteractability: false, timeouts: {implicit: 0, pageLoad: 300000, script: 30000}, unhandledPromptBehavior: dismiss and notify, webauthn:extension:credBlob: true, webauthn:extension:largeBlob: true, webauthn:extension:minPinLength: true, webauthn:extension:prf: true, webauthn:virtualAuthenticators: true}
Session ID: 2cf28825ea7a8a419a5b05b8e5d35d84</small> </font> </div>
<div class="test-event"> <font color="maroon"> <small> &emsp; &emsp;--- 04 May 23:39:42 830 - <b>0</b> - Spinner Load Wait: (Sync) - ICar.support.WaitUtils.waitForSpinner(WaitUtils.java:225)</small> </font> </div>
<div class="test-event"> <font color="maroon"> <small> &emsp; &emsp;--- 04 May 23:39:42 895 - Page URL:: https://www.i-car.com/product/training-and-certification-steel-gma-welding</small> </font> </div>
<div class="test-event"> <font color="maroon"> <small> &emsp; &emsp;--- 04 May 23:39:42 895 - <b>0</b> - Page Load Wait: (Sync) - ICar.support.Utils.waitForPageLoad(Utils.java:109)</small> </font> </div>
<div class="test-event"> <font color="maroon"> <small> &emsp; &emsp;--- 04 May 23:39:52 953 - Element is displayed:: [[ChromeDriver: chrome on WINDOWS (2cf28825ea7a8a419a5b05b8e5d35d84)] -> xpath: //div[@class='productDetails slds-p-bottom_large']//div[contains(@class,'slds-p-bottom_medium')]]</small> </font> </div>
<div class="test-message">&emsp;Course Name : TrainingandCertificationSteelGMAWelding is displayed in the URL page</div>
<div class="test-message">&emsp;Successfully verified the course name for relevant link&emsp;<a href=".\ScreenShot\URL_TC001_2719938591449200.png" target="_blank" >[ScreenShot]</a></div>
<div class="test-message">&emsp;
</div>
<div class="test-message">&emsp;77. URL is : https://www.i-car.com/product/dust-extraction</div>
<div class="test-event"> <font color="maroon"> <small> &emsp; &emsp;--- 04 May 23:40:02 173 - Page URL:: https://www.i-car.com/product/dust-extraction</small> </font> </div>
<div class="test-event"> <font color="maroon"> <small> &emsp; &emsp;--- 04 May 23:40:02 173 - <b>0</b> - Page Load Wait: (Sync) - ICar.support.Utils.waitForPageLoad(Utils.java:109)</small> </font> </div>
<div class="test-message">&emsp;Successfully navigated to the :  https://www.i-car.com/product/dust-extraction   Page&emsp;<a href=".\ScreenShot\URL_TC001_2719939789751100.png" target="_blank" >[ScreenShot]</a></div>
<div class="test-event"> <font color="maroon"> <small> &emsp; &emsp;--- 04 May 23:40:02 470 - Page URL:: https://www.i-car.com/product/dust-extraction</small> </font> </div>
<div class="test-event"> <font color="maroon"> <small> &emsp; &emsp;--- 04 May 23:40:02 470 - <b>0</b> - Page Load Wait: (Sync) - ICar.support.Utils.waitForPageLoad(Utils.java:109)</small> </font> </div>
<div class="test-event"> <font color="maroon"> <small> &emsp; &emsp;--- 04 May 23:40:02 479 - Catched spinner load exception due to javascript error: {"status":32,"value":"An invalid or illegal selector was specified"}
  (Session info: chrome=124.0.6367.92)
Build info: version: '4.6.0', revision: '79f1c02ae20'
System info: os.name: 'Windows 10', os.arch: 'amd64', os.version: '10.0', java.version: '17.0.7'
Driver info: org.openqa.selenium.chrome.ChromeDriver
Command: [2cf28825ea7a8a419a5b05b8e5d35d84, findElement {using=css selector, value=div[class='slds-spinner slds-spinner_brand slds-spinner_small']>div:nth-child(2)r}]
Capabilities {acceptInsecureCerts: false, browserName: chrome, browserVersion: 124.0.6367.92, chrome: {chromedriverVersion: 124.0.6367.91 (51df0e5e17a8..., userDataDir: C:\Users\PRATHA~1.KUM\AppDa...}, fedcm:accounts: true, goog:chromeOptions: {debuggerAddress: localhost:49451}, networkConnectionEnabled: false, pageLoadStrategy: normal, platformName: WINDOWS, proxy: Proxy(), se:cdp: ws://localhost:49451/devtoo..., se:cdpVersion: 124.0.6367.92, setWindowRect: true, strictFileInteractability: false, timeouts: {implicit: 0, pageLoad: 300000, script: 30000}, unhandledPromptBehavior: dismiss and notify, webauthn:extension:credBlob: true, webauthn:extension:largeBlob: true, webauthn:extension:minPinLength: true, webauthn:extension:prf: true, webauthn:virtualAuthenticators: true}
Session ID: 2cf28825ea7a8a419a5b05b8e5d35d84</small> </font> </div>
<div class="test-event"> <font color="maroon"> <small> &emsp; &emsp;--- 04 May 23:40:02 479 - <b>0</b> - Spinner Load Wait: (Sync) - ICar.support.WaitUtils.waitForSpinner(WaitUtils.java:225)</small> </font> </div>
<div class="test-event"> <font color="maroon"> <small> &emsp; &emsp;--- 04 May 23:40:12 555 - Page URL:: https://www.i-car.com/product/dust-extraction</small> </font> </div>
<div class="test-event"> <font color="maroon"> <small> &emsp; &emsp;--- 04 May 23:40:12 555 - <b>0</b> - Page Load Wait: (Sync) - ICar.support.Utils.waitForPageLoad(Utils.java:109)</small> </font> </div>
<div class="test-event"> <font color="maroon"> <small> &emsp; &emsp;--- 04 May 23:40:12 573 - Element is displayed:: [[ChromeDriver: chrome on WINDOWS (2cf28825ea7a8a419a5b05b8e5d35d84)] -> xpath: //a[contains(text(),'Back to Courses')]]</small> </font> </div>
<div class="test-event"> <font color="maroon"> <small> &emsp; &emsp;--- 04 May 23:40:19 617 - Catched spinner load exception due to javascript error: {"status":32,"value":"An invalid or illegal selector was specified"}
  (Session info: chrome=124.0.6367.92)
Build info: version: '4.6.0', revision: '79f1c02ae20'
System info: os.name: 'Windows 10', os.arch: 'amd64', os.version: '10.0', java.version: '17.0.7'
Driver info: org.openqa.selenium.chrome.ChromeDriver
Command: [2cf28825ea7a8a419a5b05b8e5d35d84, findElement {using=css selector, value=div[class='slds-spinner slds-spinner_brand slds-spinner_small']>div:nth-child(2)r}]
Capabilities {acceptInsecureCerts: false, browserName: chrome, browserVersion: 124.0.6367.92, chrome: {chromedriverVersion: 124.0.6367.91 (51df0e5e17a8..., userDataDir: C:\Users\PRATHA~1.KUM\AppDa...}, fedcm:accounts: true, goog:chromeOptions: {debuggerAddress: localhost:49451}, networkConnectionEnabled: false, pageLoadStrategy: normal, platformName: WINDOWS, proxy: Proxy(), se:cdp: ws://localhost:49451/devtoo..., se:cdpVersion: 124.0.6367.92, setWindowRect: true, strictFileInteractability: false, timeouts: {implicit: 0, pageLoad: 300000, script: 30000}, unhandledPromptBehavior: dismiss and notify, webauthn:extension:credBlob: true, webauthn:extension:largeBlob: true, webauthn:extension:minPinLength: true, webauthn:extension:prf: true, webauthn:virtualAuthenticators: true}
Session ID: 2cf28825ea7a8a419a5b05b8e5d35d84</small> </font> </div>
<div class="test-event"> <font color="maroon"> <small> &emsp; &emsp;--- 04 May 23:40:19 617 - <b>0</b> - Spinner Load Wait: (Sync) - ICar.support.WaitUtils.waitForSpinner(WaitUtils.java:225)</small> </font> </div>
<div class="test-message">&emsp;Back To Courses is displayed in the page </div>
<div class="test-message">&emsp;Successfully verified Back To Course Link&emsp;<a href=".\ScreenShot\URL_TC001_2719957244546200.png" target="_blank" >[ScreenShot]</a></div>
<div class="test-event"> <font color="maroon"> <small> &emsp; &emsp;--- 04 May 23:40:19 858 - Catched spinner load exception due to javascript error: {"status":32,"value":"An invalid or illegal selector was specified"}
  (Session info: chrome=124.0.6367.92)
Build info: version: '4.6.0', revision: '79f1c02ae20'
System info: os.name: 'Windows 10', os.arch: 'amd64', os.version: '10.0', java.version: '17.0.7'
Driver info: org.openqa.selenium.chrome.ChromeDriver
Command: [2cf28825ea7a8a419a5b05b8e5d35d84, findElement {using=css selector, value=div[class='slds-spinner slds-spinner_brand slds-spinner_small']>div:nth-child(2)r}]
Capabilities {acceptInsecureCerts: false, browserName: chrome, browserVersion: 124.0.6367.92, chrome: {chromedriverVersion: 124.0.6367.91 (51df0e5e17a8..., userDataDir: C:\Users\PRATHA~1.KUM\AppDa...}, fedcm:accounts: true, goog:chromeOptions: {debuggerAddress: localhost:49451}, networkConnectionEnabled: false, pageLoadStrategy: normal, platformName: WINDOWS, proxy: Proxy(), se:cdp: ws://localhost:49451/devtoo..., se:cdpVersion: 124.0.6367.92, setWindowRect: true, strictFileInteractability: false, timeouts: {implicit: 0, pageLoad: 300000, script: 30000}, unhandledPromptBehavior: dismiss and notify, webauthn:extension:credBlob: true, webauthn:extension:largeBlob: true, webauthn:extension:minPinLength: true, webauthn:extension:prf: true, webauthn:virtualAuthenticators: true}
Session ID: 2cf28825ea7a8a419a5b05b8e5d35d84</small> </font> </div>
<div class="test-event"> <font color="maroon"> <small> &emsp; &emsp;--- 04 May 23:40:19 858 - <b>0</b> - Spinner Load Wait: (Sync) - ICar.support.WaitUtils.waitForSpinner(WaitUtils.java:225)</small> </font> </div>
<div class="test-event"> <font color="maroon"> <small> &emsp; &emsp;--- 04 May 23:40:19 932 - Page URL:: https://www.i-car.com/product/dust-extraction</small> </font> </div>
<div class="test-event"> <font color="maroon"> <small> &emsp; &emsp;--- 04 May 23:40:19 932 - <b>0</b> - Page Load Wait: (Sync) - ICar.support.Utils.waitForPageLoad(Utils.java:109)</small> </font> </div>
<div class="test-event"> <font color="maroon"> <small> &emsp; &emsp;--- 04 May 23:40:29 983 - Element is displayed:: [[ChromeDriver: chrome on WINDOWS (2cf28825ea7a8a419a5b05b8e5d35d84)] -> xpath: //div[@class='productDetails slds-p-bottom_large']//div[contains(@class,'slds-p-bottom_medium')]]</small> </font> </div>
<div class="test-message">&emsp;Course Name : DustExtraction is displayed in the URL page</div>
<div class="test-message">&emsp;Successfully verified the course name for relevant link&emsp;<a href=".\ScreenShot\URL_TC001_2719975621471900.png" target="_blank" >[ScreenShot]</a></div>
<div class="test-message">&emsp;
</div>
<div class="test-message">&emsp;78. URL is : https://www.i-car.com/product/restraint-system-diagnostics-and-service</div>
<div class="test-event"> <font color="maroon"> <small> &emsp; &emsp;--- 04 May 23:40:39 316 - Page URL:: https://www.i-car.com/product/restraint-system-diagnostics-and-service</small> </font> </div>
<div class="test-event"> <font color="maroon"> <small> &emsp; &emsp;--- 04 May 23:40:39 316 - <b>0</b> - Page Load Wait: (Sync) - ICar.support.Utils.waitForPageLoad(Utils.java:109)</small> </font> </div>
<div class="test-message">&emsp;Successfully navigated to the :  https://www.i-car.com/product/restraint-system-diagnostics-and-service   Page&emsp;<a href=".\ScreenShot\URL_TC001_2719976933160500.png" target="_blank" >[ScreenShot]</a></div>
<div class="test-event"> <font color="maroon"> <small> &emsp; &emsp;--- 04 May 23:40:39 622 - Page URL:: https://www.i-car.com/product/restraint-system-diagnostics-and-service</small> </font> </div>
<div class="test-event"> <font color="maroon"> <small> &emsp; &emsp;--- 04 May 23:40:39 622 - <b>0</b> - Page Load Wait: (Sync) - ICar.support.Utils.waitForPageLoad(Utils.java:109)</small> </font> </div>
<div class="test-event"> <font color="maroon"> <small> &emsp; &emsp;--- 04 May 23:40:39 631 - Catched spinner load exception due to javascript error: {"status":32,"value":"An invalid or illegal selector was specified"}
  (Session info: chrome=124.0.6367.92)
Build info: version: '4.6.0', revision: '79f1c02ae20'
System info: os.name: 'Windows 10', os.arch: 'amd64', os.version: '10.0', java.version: '17.0.7'
Driver info: org.openqa.selenium.chrome.ChromeDriver
Command: [2cf28825ea7a8a419a5b05b8e5d35d84, findElement {using=css selector, value=div[class='slds-spinner slds-spinner_brand slds-spinner_small']>div:nth-child(2)r}]
Capabilities {acceptInsecureCerts: false, browserName: chrome, browserVersion: 124.0.6367.92, chrome: {chromedriverVersion: 124.0.6367.91 (51df0e5e17a8..., userDataDir: C:\Users\PRATHA~1.KUM\AppDa...}, fedcm:accounts: true, goog:chromeOptions: {debuggerAddress: localhost:49451}, networkConnectionEnabled: false, pageLoadStrategy: normal, platformName: WINDOWS, proxy: Proxy(), se:cdp: ws://localhost:49451/devtoo..., se:cdpVersion: 124.0.6367.92, setWindowRect: true, strictFileInteractability: false, timeouts: {implicit: 0, pageLoad: 300000, script: 30000}, unhandledPromptBehavior: dismiss and notify, webauthn:extension:credBlob: true, webauthn:extension:largeBlob: true, webauthn:extension:minPinLength: true, webauthn:extension:prf: true, webauthn:virtualAuthenticators: true}
Session ID: 2cf28825ea7a8a419a5b05b8e5d35d84</small> </font> </div>
<div class="test-event"> <font color="maroon"> <small> &emsp; &emsp;--- 04 May 23:40:39 631 - <b>0</b> - Spinner Load Wait: (Sync) - ICar.support.WaitUtils.waitForSpinner(WaitUtils.java:225)</small> </font> </div>
<div class="test-event"> <font color="maroon"> <small> &emsp; &emsp;--- 04 May 23:40:49 737 - Page URL:: https://www.i-car.com/product/restraint-system-diagnostics-and-service</small> </font> </div>
<div class="test-event"> <font color="maroon"> <small> &emsp; &emsp;--- 04 May 23:40:49 737 - <b>0</b> - Page Load Wait: (Sync) - ICar.support.Utils.waitForPageLoad(Utils.java:109)</small> </font> </div>
<div class="test-event"> <font color="maroon"> <small> &emsp; &emsp;--- 04 May 23:40:49 754 - Element is displayed:: [[ChromeDriver: chrome on WINDOWS (2cf28825ea7a8a419a5b05b8e5d35d84)] -> xpath: //a[contains(text(),'Back to Courses')]]</small> </font> </div>
<div class="test-event"> <font color="maroon"> <small> &emsp; &emsp;--- 04 May 23:40:56 800 - Catched spinner load exception due to javascript error: {"status":32,"value":"An invalid or illegal selector was specified"}
  (Session info: chrome=124.0.6367.92)
Build info: version: '4.6.0', revision: '79f1c02ae20'
System info: os.name: 'Windows 10', os.arch: 'amd64', os.version: '10.0', java.version: '17.0.7'
Driver info: org.openqa.selenium.chrome.ChromeDriver
Command: [2cf28825ea7a8a419a5b05b8e5d35d84, findElement {using=css selector, value=div[class='slds-spinner slds-spinner_brand slds-spinner_small']>div:nth-child(2)r}]
Capabilities {acceptInsecureCerts: false, browserName: chrome, browserVersion: 124.0.6367.92, chrome: {chromedriverVersion: 124.0.6367.91 (51df0e5e17a8..., userDataDir: C:\Users\PRATHA~1.KUM\AppDa...}, fedcm:accounts: true, goog:chromeOptions: {debuggerAddress: localhost:49451}, networkConnectionEnabled: false, pageLoadStrategy: normal, platformName: WINDOWS, proxy: Proxy(), se:cdp: ws://localhost:49451/devtoo..., se:cdpVersion: 124.0.6367.92, setWindowRect: true, strictFileInteractability: false, timeouts: {implicit: 0, pageLoad: 300000, script: 30000}, unhandledPromptBehavior: dismiss and notify, webauthn:extension:credBlob: true, webauthn:extension:largeBlob: true, webauthn:extension:minPinLength: true, webauthn:extension:prf: true, webauthn:virtualAuthenticators: true}
Session ID: 2cf28825ea7a8a419a5b05b8e5d35d84</small> </font> </div>
<div class="test-event"> <font color="maroon"> <small> &emsp; &emsp;--- 04 May 23:40:56 800 - <b>0</b> - Spinner Load Wait: (Sync) - ICar.support.WaitUtils.waitForSpinner(WaitUtils.java:225)</small> </font> </div>
<div class="test-message">&emsp;Back To Courses is displayed in the page </div>
<div class="test-message">&emsp;Successfully verified Back To Course Link&emsp;<a href=".\ScreenShot\URL_TC001_2719994427546300.png" target="_blank" >[ScreenShot]</a></div>
<div class="test-event"> <font color="maroon"> <small> &emsp; &emsp;--- 04 May 23:40:57 018 - Catched spinner load exception due to javascript error: {"status":32,"value":"An invalid or illegal selector was specified"}
  (Session info: chrome=124.0.6367.92)
Build info: version: '4.6.0', revision: '79f1c02ae20'
System info: os.name: 'Windows 10', os.arch: 'amd64', os.version: '10.0', java.version: '17.0.7'
Driver info: org.openqa.selenium.chrome.ChromeDriver
Command: [2cf28825ea7a8a419a5b05b8e5d35d84, findElement {using=css selector, value=div[class='slds-spinner slds-spinner_brand slds-spinner_small']>div:nth-child(2)r}]
Capabilities {acceptInsecureCerts: false, browserName: chrome, browserVersion: 124.0.6367.92, chrome: {chromedriverVersion: 124.0.6367.91 (51df0e5e17a8..., userDataDir: C:\Users\PRATHA~1.KUM\AppDa...}, fedcm:accounts: true, goog:chromeOptions: {debuggerAddress: localhost:49451}, networkConnectionEnabled: false, pageLoadStrategy: normal, platformName: WINDOWS, proxy: Proxy(), se:cdp: ws://localhost:49451/devtoo..., se:cdpVersion: 124.0.6367.92, setWindowRect: true, strictFileInteractability: false, timeouts: {implicit: 0, pageLoad: 300000, script: 30000}, unhandledPromptBehavior: dismiss and notify, webauthn:extension:credBlob: true, webauthn:extension:largeBlob: true, webauthn:extension:minPinLength: true, webauthn:extension:prf: true, webauthn:virtualAuthenticators: true}
Session ID: 2cf28825ea7a8a419a5b05b8e5d35d84</small> </font> </div>
<div class="test-event"> <font color="maroon"> <small> &emsp; &emsp;--- 04 May 23:40:57 018 - <b>0</b> - Spinner Load Wait: (Sync) - ICar.support.WaitUtils.waitForSpinner(WaitUtils.java:225)</small> </font> </div>
<div class="test-event"> <font color="maroon"> <small> &emsp; &emsp;--- 04 May 23:40:57 081 - Page URL:: https://www.i-car.com/product/restraint-system-diagnostics-and-service</small> </font> </div>
<div class="test-event"> <font color="maroon"> <small> &emsp; &emsp;--- 04 May 23:40:57 082 - <b>0</b> - Page Load Wait: (Sync) - ICar.support.Utils.waitForPageLoad(Utils.java:109)</small> </font> </div>
<div class="test-event"> <font color="maroon"> <small> &emsp; &emsp;--- 04 May 23:41:07 141 - Element is displayed:: [[ChromeDriver: chrome on WINDOWS (2cf28825ea7a8a419a5b05b8e5d35d84)] -> xpath: //div[@class='productDetails slds-p-bottom_large']//div[contains(@class,'slds-p-bottom_medium')]]</small> </font> </div>
<div class="test-message">&emsp;Course Name : RestraintSystemDiagnosticsandService is displayed in the URL page</div>
<div class="test-message">&emsp;Successfully verified the course name for relevant link&emsp;<a href=".\ScreenShot\URL_TC001_2720012777403100.png" target="_blank" >[ScreenShot]</a></div>
<div class="test-message">&emsp;
</div>
<div class="test-message">&emsp;79. URL is : https://www.i-car.com/product/discover-safe-practices-around-electric-vehicles</div>
<div class="test-event"> <font color="maroon"> <small> &emsp; &emsp;--- 04 May 23:41:16 102 - Page URL:: https://www.i-car.com/product/discover-safe-practices-around-electric-vehicles</small> </font> </div>
<div class="test-event"> <font color="maroon"> <small> &emsp; &emsp;--- 04 May 23:41:16 104 - <b>0</b> - Page Load Wait: (Sync) - ICar.support.Utils.waitForPageLoad(Utils.java:109)</small> </font> </div>
<div class="test-message">&emsp;Successfully navigated to the :  https://www.i-car.com/product/discover-safe-practices-around-electric-vehicles   Page&emsp;<a href=".\ScreenShot\URL_TC001_2720013722479200.png" target="_blank" >[ScreenShot]</a></div>
<div class="test-event"> <font color="maroon"> <small> &emsp; &emsp;--- 04 May 23:41:16 366 - Page URL:: https://www.i-car.com/product/discover-safe-practices-around-electric-vehicles</small> </font> </div>
<div class="test-event"> <font color="maroon"> <small> &emsp; &emsp;--- 04 May 23:41:16 367 - <b>0</b> - Page Load Wait: (Sync) - ICar.support.Utils.waitForPageLoad(Utils.java:109)</small> </font> </div>
<div class="test-event"> <font color="maroon"> <small> &emsp; &emsp;--- 04 May 23:41:16 376 - Catched spinner load exception due to javascript error: {"status":32,"value":"An invalid or illegal selector was specified"}
  (Session info: chrome=124.0.6367.92)
Build info: version: '4.6.0', revision: '79f1c02ae20'
System info: os.name: 'Windows 10', os.arch: 'amd64', os.version: '10.0', java.version: '17.0.7'
Driver info: org.openqa.selenium.chrome.ChromeDriver
Command: [2cf28825ea7a8a419a5b05b8e5d35d84, findElement {using=css selector, value=div[class='slds-spinner slds-spinner_brand slds-spinner_small']>div:nth-child(2)r}]
Capabilities {acceptInsecureCerts: false, browserName: chrome, browserVersion: 124.0.6367.92, chrome: {chromedriverVersion: 124.0.6367.91 (51df0e5e17a8..., userDataDir: C:\Users\PRATHA~1.KUM\AppDa...}, fedcm:accounts: true, goog:chromeOptions: {debuggerAddress: localhost:49451}, networkConnectionEnabled: false, pageLoadStrategy: normal, platformName: WINDOWS, proxy: Proxy(), se:cdp: ws://localhost:49451/devtoo..., se:cdpVersion: 124.0.6367.92, setWindowRect: true, strictFileInteractability: false, timeouts: {implicit: 0, pageLoad: 300000, script: 30000}, unhandledPromptBehavior: dismiss and notify, webauthn:extension:credBlob: true, webauthn:extension:largeBlob: true, webauthn:extension:minPinLength: true, webauthn:extension:prf: true, webauthn:virtualAuthenticators: true}
Session ID: 2cf28825ea7a8a419a5b05b8e5d35d84</small> </font> </div>
<div class="test-event"> <font color="maroon"> <small> &emsp; &emsp;--- 04 May 23:41:16 376 - <b>0</b> - Spinner Load Wait: (Sync) - ICar.support.WaitUtils.waitForSpinner(WaitUtils.java:225)</small> </font> </div>
<div class="test-event"> <font color="maroon"> <small> &emsp; &emsp;--- 04 May 23:41:26 483 - Page URL:: https://www.i-car.com/product/discover-safe-practices-around-electric-vehicles</small> </font> </div>
<div class="test-event"> <font color="maroon"> <small> &emsp; &emsp;--- 04 May 23:41:26 483 - <b>0</b> - Page Load Wait: (Sync) - ICar.support.Utils.waitForPageLoad(Utils.java:109)</small> </font> </div>
<div class="test-event"> <font color="maroon"> <small> &emsp; &emsp;--- 04 May 23:41:26 501 - Element is displayed:: [[ChromeDriver: chrome on WINDOWS (2cf28825ea7a8a419a5b05b8e5d35d84)] -> xpath: //a[contains(text(),'Back to Courses')]]</small> </font> </div>
<div class="test-event"> <font color="maroon"> <small> &emsp; &emsp;--- 04 May 23:41:33 528 - Catched spinner load exception due to javascript error: {"status":32,"value":"An invalid or illegal selector was specified"}
  (Session info: chrome=124.0.6367.92)
Build info: version: '4.6.0', revision: '79f1c02ae20'
System info: os.name: 'Windows 10', os.arch: 'amd64', os.version: '10.0', java.version: '17.0.7'
Driver info: org.openqa.selenium.chrome.ChromeDriver
Command: [2cf28825ea7a8a419a5b05b8e5d35d84, findElement {using=css selector, value=div[class='slds-spinner slds-spinner_brand slds-spinner_small']>div:nth-child(2)r}]
Capabilities {acceptInsecureCerts: false, browserName: chrome, browserVersion: 124.0.6367.92, chrome: {chromedriverVersion: 124.0.6367.91 (51df0e5e17a8..., userDataDir: C:\Users\PRATHA~1.KUM\AppDa...}, fedcm:accounts: true, goog:chromeOptions: {debuggerAddress: localhost:49451}, networkConnectionEnabled: false, pageLoadStrategy: normal, platformName: WINDOWS, proxy: Proxy(), se:cdp: ws://localhost:49451/devtoo..., se:cdpVersion: 124.0.6367.92, setWindowRect: true, strictFileInteractability: false, timeouts: {implicit: 0, pageLoad: 300000, script: 30000}, unhandledPromptBehavior: dismiss and notify, webauthn:extension:credBlob: true, webauthn:extension:largeBlob: true, webauthn:extension:minPinLength: true, webauthn:extension:prf: true, webauthn:virtualAuthenticators: true}
Session ID: 2cf28825ea7a8a419a5b05b8e5d35d84</small> </font> </div>
<div class="test-event"> <font color="maroon"> <small> &emsp; &emsp;--- 04 May 23:41:33 528 - <b>0</b> - Spinner Load Wait: (Sync) - ICar.support.WaitUtils.waitForSpinner(WaitUtils.java:225)</small> </font> </div>
<div class="test-message">&emsp;Back To Courses is displayed in the page </div>
<div class="test-message">&emsp;Successfully verified Back To Course Link&emsp;<a href=".\ScreenShot\URL_TC001_2720031156242600.png" target="_blank" >[ScreenShot]</a></div>
<div class="test-event"> <font color="maroon"> <small> &emsp; &emsp;--- 04 May 23:41:33 782 - Catched spinner load exception due to javascript error: {"status":32,"value":"An invalid or illegal selector was specified"}
  (Session info: chrome=124.0.6367.92)
Build info: version: '4.6.0', revision: '79f1c02ae20'
System info: os.name: 'Windows 10', os.arch: 'amd64', os.version: '10.0', java.version: '17.0.7'
Driver info: org.openqa.selenium.chrome.ChromeDriver
Command: [2cf28825ea7a8a419a5b05b8e5d35d84, findElement {using=css selector, value=div[class='slds-spinner slds-spinner_brand slds-spinner_small']>div:nth-child(2)r}]
Capabilities {acceptInsecureCerts: false, browserName: chrome, browserVersion: 124.0.6367.92, chrome: {chromedriverVersion: 124.0.6367.91 (51df0e5e17a8..., userDataDir: C:\Users\PRATHA~1.KUM\AppDa...}, fedcm:accounts: true, goog:chromeOptions: {debuggerAddress: localhost:49451}, networkConnectionEnabled: false, pageLoadStrategy: normal, platformName: WINDOWS, proxy: Proxy(), se:cdp: ws://localhost:49451/devtoo..., se:cdpVersion: 124.0.6367.92, setWindowRect: true, strictFileInteractability: false, timeouts: {implicit: 0, pageLoad: 300000, script: 30000}, unhandledPromptBehavior: dismiss and notify, webauthn:extension:credBlob: true, webauthn:extension:largeBlob: true, webauthn:extension:minPinLength: true, webauthn:extension:prf: true, webauthn:virtualAuthenticators: true}
Session ID: 2cf28825ea7a8a419a5b05b8e5d35d84</small> </font> </div>
<div class="test-event"> <font color="maroon"> <small> &emsp; &emsp;--- 04 May 23:41:33 782 - <b>0</b> - Spinner Load Wait: (Sync) - ICar.support.WaitUtils.waitForSpinner(WaitUtils.java:225)</small> </font> </div>
<div class="test-event"> <font color="maroon"> <small> &emsp; &emsp;--- 04 May 23:41:33 851 - Page URL:: https://www.i-car.com/product/discover-safe-practices-around-electric-vehicles</small> </font> </div>
<div class="test-event"> <font color="maroon"> <small> &emsp; &emsp;--- 04 May 23:41:33 851 - <b>0</b> - Page Load Wait: (Sync) - ICar.support.Utils.waitForPageLoad(Utils.java:109)</small> </font> </div>
<div class="test-event"> <font color="maroon"> <small> &emsp; &emsp;--- 04 May 23:41:43 898 - Element is displayed:: [[ChromeDriver: chrome on WINDOWS (2cf28825ea7a8a419a5b05b8e5d35d84)] -> xpath: //div[@class='productDetails slds-p-bottom_large']//div[contains(@class,'slds-p-bottom_medium')]]</small> </font> </div>
<div class="test-message">&emsp;Course Name : DiscoverSafePracticesAroundElectricVehicles is displayed in the URL page</div>
<div class="test-message">&emsp;Successfully verified the course name for relevant link&emsp;<a href=".\ScreenShot\URL_TC001_2720049542431100.png" target="_blank" >[ScreenShot]</a></div>
<div class="test-message">&emsp;
</div>
<div class="test-message">&emsp;80. URL is : https://www.i-car.com/product/pl3-mechanical-technician-theory</div>
<div class="test-event"> <font color="maroon"> <small> &emsp; &emsp;--- 04 May 23:41:56 708 - Page URL:: https://www.i-car.com/product/pl3-mechanical-technician-theory</small> </font> </div>
<div class="test-event"> <font color="maroon"> <small> &emsp; &emsp;--- 04 May 23:41:56 708 - <b>0</b> - Page Load Wait: (Sync) - ICar.support.Utils.waitForPageLoad(Utils.java:109)</small> </font> </div>
<div class="test-message">&emsp;Successfully navigated to the :  https://www.i-car.com/product/pl3-mechanical-technician-theory   Page&emsp;<a href=".\ScreenShot\URL_TC001_2720054325009200.png" target="_blank" >[ScreenShot]</a></div>
<div class="test-event"> <font color="maroon"> <small> &emsp; &emsp;--- 04 May 23:41:57 009 - Page URL:: https://www.i-car.com/product/pl3-mechanical-technician-theory</small> </font> </div>
<div class="test-event"> <font color="maroon"> <small> &emsp; &emsp;--- 04 May 23:41:57 009 - <b>0</b> - Page Load Wait: (Sync) - ICar.support.Utils.waitForPageLoad(Utils.java:109)</small> </font> </div>
<div class="test-event"> <font color="maroon"> <small> &emsp; &emsp;--- 04 May 23:41:57 016 - Catched spinner load exception due to javascript error: {"status":32,"value":"An invalid or illegal selector was specified"}
  (Session info: chrome=124.0.6367.92)
Build info: version: '4.6.0', revision: '79f1c02ae20'
System info: os.name: 'Windows 10', os.arch: 'amd64', os.version: '10.0', java.version: '17.0.7'
Driver info: org.openqa.selenium.chrome.ChromeDriver
Command: [2cf28825ea7a8a419a5b05b8e5d35d84, findElement {using=css selector, value=div[class='slds-spinner slds-spinner_brand slds-spinner_small']>div:nth-child(2)r}]
Capabilities {acceptInsecureCerts: false, browserName: chrome, browserVersion: 124.0.6367.92, chrome: {chromedriverVersion: 124.0.6367.91 (51df0e5e17a8..., userDataDir: C:\Users\PRATHA~1.KUM\AppDa...}, fedcm:accounts: true, goog:chromeOptions: {debuggerAddress: localhost:49451}, networkConnectionEnabled: false, pageLoadStrategy: normal, platformName: WINDOWS, proxy: Proxy(), se:cdp: ws://localhost:49451/devtoo..., se:cdpVersion: 124.0.6367.92, setWindowRect: true, strictFileInteractability: false, timeouts: {implicit: 0, pageLoad: 300000, script: 30000}, unhandledPromptBehavior: dismiss and notify, webauthn:extension:credBlob: true, webauthn:extension:largeBlob: true, webauthn:extension:minPinLength: true, webauthn:extension:prf: true, webauthn:virtualAuthenticators: true}
Session ID: 2cf28825ea7a8a419a5b05b8e5d35d84</small> </font> </div>
<div class="test-event"> <font color="maroon"> <small> &emsp; &emsp;--- 04 May 23:41:57 016 - <b>0</b> - Spinner Load Wait: (Sync) - ICar.support.WaitUtils.waitForSpinner(WaitUtils.java:225)</small> </font> </div>
<div class="test-event"> <font color="maroon"> <small> &emsp; &emsp;--- 04 May 23:42:07 097 - Page URL:: https://www.i-car.com/product/pl3-mechanical-technician-theory</small> </font> </div>
<div class="test-event"> <font color="maroon"> <small> &emsp; &emsp;--- 04 May 23:42:07 097 - <b>0</b> - Page Load Wait: (Sync) - ICar.support.Utils.waitForPageLoad(Utils.java:109)</small> </font> </div>
<div class="test-event"> <font color="maroon"> <small> &emsp; &emsp;--- 04 May 23:42:07 114 - Element is displayed:: [[ChromeDriver: chrome on WINDOWS (2cf28825ea7a8a419a5b05b8e5d35d84)] -> xpath: //a[contains(text(),'Back to Courses')]]</small> </font> </div>
<div class="test-event"> <font color="maroon"> <small> &emsp; &emsp;--- 04 May 23:42:14 143 - Catched spinner load exception due to javascript error: {"status":32,"value":"An invalid or illegal selector was specified"}
  (Session info: chrome=124.0.6367.92)
Build info: version: '4.6.0', revision: '79f1c02ae20'
System info: os.name: 'Windows 10', os.arch: 'amd64', os.version: '10.0', java.version: '17.0.7'
Driver info: org.openqa.selenium.chrome.ChromeDriver
Command: [2cf28825ea7a8a419a5b05b8e5d35d84, findElement {using=css selector, value=div[class='slds-spinner slds-spinner_brand slds-spinner_small']>div:nth-child(2)r}]
Capabilities {acceptInsecureCerts: false, browserName: chrome, browserVersion: 124.0.6367.92, chrome: {chromedriverVersion: 124.0.6367.91 (51df0e5e17a8..., userDataDir: C:\Users\PRATHA~1.KUM\AppDa...}, fedcm:accounts: true, goog:chromeOptions: {debuggerAddress: localhost:49451}, networkConnectionEnabled: false, pageLoadStrategy: normal, platformName: WINDOWS, proxy: Proxy(), se:cdp: ws://localhost:49451/devtoo..., se:cdpVersion: 124.0.6367.92, setWindowRect: true, strictFileInteractability: false, timeouts: {implicit: 0, pageLoad: 300000, script: 30000}, unhandledPromptBehavior: dismiss and notify, webauthn:extension:credBlob: true, webauthn:extension:largeBlob: true, webauthn:extension:minPinLength: true, webauthn:extension:prf: true, webauthn:virtualAuthenticators: true}
Session ID: 2cf28825ea7a8a419a5b05b8e5d35d84</small> </font> </div>
<div class="test-event"> <font color="maroon"> <small> &emsp; &emsp;--- 04 May 23:42:14 143 - <b>0</b> - Spinner Load Wait: (Sync) - ICar.support.WaitUtils.waitForSpinner(WaitUtils.java:225)</small> </font> </div>
<div class="test-message">&emsp;Back To Courses is displayed in the page </div>
<div class="test-message">&emsp;Successfully verified Back To Course Link&emsp;<a href=".\ScreenShot\URL_TC001_2720071770717800.png" target="_blank" >[ScreenShot]</a></div>
<div class="test-event"> <font color="maroon"> <small> &emsp; &emsp;--- 04 May 23:42:14 423 - Catched spinner load exception due to javascript error: {"status":32,"value":"An invalid or illegal selector was specified"}
  (Session info: chrome=124.0.6367.92)
Build info: version: '4.6.0', revision: '79f1c02ae20'
System info: os.name: 'Windows 10', os.arch: 'amd64', os.version: '10.0', java.version: '17.0.7'
Driver info: org.openqa.selenium.chrome.ChromeDriver
Command: [2cf28825ea7a8a419a5b05b8e5d35d84, findElement {using=css selector, value=div[class='slds-spinner slds-spinner_brand slds-spinner_small']>div:nth-child(2)r}]
Capabilities {acceptInsecureCerts: false, browserName: chrome, browserVersion: 124.0.6367.92, chrome: {chromedriverVersion: 124.0.6367.91 (51df0e5e17a8..., userDataDir: C:\Users\PRATHA~1.KUM\AppDa...}, fedcm:accounts: true, goog:chromeOptions: {debuggerAddress: localhost:49451}, networkConnectionEnabled: false, pageLoadStrategy: normal, platformName: WINDOWS, proxy: Proxy(), se:cdp: ws://localhost:49451/devtoo..., se:cdpVersion: 124.0.6367.92, setWindowRect: true, strictFileInteractability: false, timeouts: {implicit: 0, pageLoad: 300000, script: 30000}, unhandledPromptBehavior: dismiss and notify, webauthn:extension:credBlob: true, webauthn:extension:largeBlob: true, webauthn:extension:minPinLength: true, webauthn:extension:prf: true, webauthn:virtualAuthenticators: true}
Session ID: 2cf28825ea7a8a419a5b05b8e5d35d84</small> </font> </div>
<div class="test-event"> <font color="maroon"> <small> &emsp; &emsp;--- 04 May 23:42:14 423 - <b>0</b> - Spinner Load Wait: (Sync) - ICar.support.WaitUtils.waitForSpinner(WaitUtils.java:225)</small> </font> </div>
<div class="test-event"> <font color="maroon"> <small> &emsp; &emsp;--- 04 May 23:42:14 489 - Page URL:: https://www.i-car.com/product/pl3-mechanical-technician-theory</small> </font> </div>
<div class="test-event"> <font color="maroon"> <small> &emsp; &emsp;--- 04 May 23:42:14 489 - <b>0</b> - Page Load Wait: (Sync) - ICar.support.Utils.waitForPageLoad(Utils.java:109)</small> </font> </div>
<div class="test-event"> <font color="maroon"> <small> &emsp; &emsp;--- 04 May 23:42:24 549 - Element is displayed:: [[ChromeDriver: chrome on WINDOWS (2cf28825ea7a8a419a5b05b8e5d35d84)] -> xpath: //div[@class='productDetails slds-p-bottom_large']//div[contains(@class,'slds-p-bottom_medium')]]</small> </font> </div>
<div class="test-message">&emsp;Course Name : PL3MechanicalTechnicianTheory is displayed in the URL page</div>
<div class="test-message">&emsp;Successfully verified the course name for relevant link&emsp;<a href=".\ScreenShot\URL_TC001_2720090189711400.png" target="_blank" >[ScreenShot]</a></div>
<div class="test-message">&emsp;
</div>
<div class="test-message">&emsp;81. URL is : https://www.i-car.com/product/schedule-the-repair</div>
<div class="test-event"> <font color="maroon"> <small> &emsp; &emsp;--- 04 May 23:42:49 320 - Page URL:: https://www.i-car.com/product/schedule-the-repair</small> </font> </div>
<div class="test-event"> <font color="maroon"> <small> &emsp; &emsp;--- 04 May 23:42:49 320 - <b>0</b> - Page Load Wait: (Sync) - ICar.support.Utils.waitForPageLoad(Utils.java:109)</small> </font> </div>
<div class="test-message">&emsp;Successfully navigated to the :  https://www.i-car.com/product/schedule-the-repair   Page&emsp;<a href=".\ScreenShot\URL_TC001_2720106937119700.png" target="_blank" >[ScreenShot]</a></div>
<div class="test-event"> <font color="maroon"> <small> &emsp; &emsp;--- 04 May 23:42:49 616 - Page URL:: https://www.i-car.com/product/schedule-the-repair</small> </font> </div>
<div class="test-event"> <font color="maroon"> <small> &emsp; &emsp;--- 04 May 23:42:49 616 - <b>0</b> - Page Load Wait: (Sync) - ICar.support.Utils.waitForPageLoad(Utils.java:109)</small> </font> </div>
<div class="test-event"> <font color="maroon"> <small> &emsp; &emsp;--- 04 May 23:42:49 623 - Catched spinner load exception due to javascript error: {"status":32,"value":"An invalid or illegal selector was specified"}
  (Session info: chrome=124.0.6367.92)
Build info: version: '4.6.0', revision: '79f1c02ae20'
System info: os.name: 'Windows 10', os.arch: 'amd64', os.version: '10.0', java.version: '17.0.7'
Driver info: org.openqa.selenium.chrome.ChromeDriver
Command: [2cf28825ea7a8a419a5b05b8e5d35d84, findElement {using=css selector, value=div[class='slds-spinner slds-spinner_brand slds-spinner_small']>div:nth-child(2)r}]
Capabilities {acceptInsecureCerts: false, browserName: chrome, browserVersion: 124.0.6367.92, chrome: {chromedriverVersion: 124.0.6367.91 (51df0e5e17a8..., userDataDir: C:\Users\PRATHA~1.KUM\AppDa...}, fedcm:accounts: true, goog:chromeOptions: {debuggerAddress: localhost:49451}, networkConnectionEnabled: false, pageLoadStrategy: normal, platformName: WINDOWS, proxy: Proxy(), se:cdp: ws://localhost:49451/devtoo..., se:cdpVersion: 124.0.6367.92, setWindowRect: true, strictFileInteractability: false, timeouts: {implicit: 0, pageLoad: 300000, script: 30000}, unhandledPromptBehavior: dismiss and notify, webauthn:extension:credBlob: true, webauthn:extension:largeBlob: true, webauthn:extension:minPinLength: true, webauthn:extension:prf: true, webauthn:virtualAuthenticators: true}
Session ID: 2cf28825ea7a8a419a5b05b8e5d35d84</small> </font> </div>
<div class="test-event"> <font color="maroon"> <small> &emsp; &emsp;--- 04 May 23:42:49 623 - <b>0</b> - Spinner Load Wait: (Sync) - ICar.support.WaitUtils.waitForSpinner(WaitUtils.java:225)</small> </font> </div>
<div class="test-event"> <font color="maroon"> <small> &emsp; &emsp;--- 04 May 23:42:59 720 - Page URL:: https://www.i-car.com/product/schedule-the-repair</small> </font> </div>
<div class="test-event"> <font color="maroon"> <small> &emsp; &emsp;--- 04 May 23:42:59 720 - <b>0</b> - Page Load Wait: (Sync) - ICar.support.Utils.waitForPageLoad(Utils.java:109)</small> </font> </div>
<div class="test-event"> <font color="maroon"> <small> &emsp; &emsp;--- 04 May 23:42:59 738 - Element is displayed:: [[ChromeDriver: chrome on WINDOWS (2cf28825ea7a8a419a5b05b8e5d35d84)] -> xpath: //a[contains(text(),'Back to Courses')]]</small> </font> </div>
<div class="test-event"> <font color="maroon"> <small> &emsp; &emsp;--- 04 May 23:43:06 772 - Catched spinner load exception due to javascript error: {"status":32,"value":"An invalid or illegal selector was specified"}
  (Session info: chrome=124.0.6367.92)
Build info: version: '4.6.0', revision: '79f1c02ae20'
System info: os.name: 'Windows 10', os.arch: 'amd64', os.version: '10.0', java.version: '17.0.7'
Driver info: org.openqa.selenium.chrome.ChromeDriver
Command: [2cf28825ea7a8a419a5b05b8e5d35d84, findElement {using=css selector, value=div[class='slds-spinner slds-spinner_brand slds-spinner_small']>div:nth-child(2)r}]
Capabilities {acceptInsecureCerts: false, browserName: chrome, browserVersion: 124.0.6367.92, chrome: {chromedriverVersion: 124.0.6367.91 (51df0e5e17a8..., userDataDir: C:\Users\PRATHA~1.KUM\AppDa...}, fedcm:accounts: true, goog:chromeOptions: {debuggerAddress: localhost:49451}, networkConnectionEnabled: false, pageLoadStrategy: normal, platformName: WINDOWS, proxy: Proxy(), se:cdp: ws://localhost:49451/devtoo..., se:cdpVersion: 124.0.6367.92, setWindowRect: true, strictFileInteractability: false, timeouts: {implicit: 0, pageLoad: 300000, script: 30000}, unhandledPromptBehavior: dismiss and notify, webauthn:extension:credBlob: true, webauthn:extension:largeBlob: true, webauthn:extension:minPinLength: true, webauthn:extension:prf: true, webauthn:virtualAuthenticators: true}
Session ID: 2cf28825ea7a8a419a5b05b8e5d35d84</small> </font> </div>
<div class="test-event"> <font color="maroon"> <small> &emsp; &emsp;--- 04 May 23:43:06 772 - <b>0</b> - Spinner Load Wait: (Sync) - ICar.support.WaitUtils.waitForSpinner(WaitUtils.java:225)</small> </font> </div>
<div class="test-message">&emsp;Back To Courses is displayed in the page </div>
<div class="test-message">&emsp;Successfully verified Back To Course Link&emsp;<a href=".\ScreenShot\URL_TC001_2720124399927600.png" target="_blank" >[ScreenShot]</a></div>
<div class="test-event"> <font color="maroon"> <small> &emsp; &emsp;--- 04 May 23:43:07 004 - Catched spinner load exception due to javascript error: {"status":32,"value":"An invalid or illegal selector was specified"}
  (Session info: chrome=124.0.6367.92)
Build info: version: '4.6.0', revision: '79f1c02ae20'
System info: os.name: 'Windows 10', os.arch: 'amd64', os.version: '10.0', java.version: '17.0.7'
Driver info: org.openqa.selenium.chrome.ChromeDriver
Command: [2cf28825ea7a8a419a5b05b8e5d35d84, findElement {using=css selector, value=div[class='slds-spinner slds-spinner_brand slds-spinner_small']>div:nth-child(2)r}]
Capabilities {acceptInsecureCerts: false, browserName: chrome, browserVersion: 124.0.6367.92, chrome: {chromedriverVersion: 124.0.6367.91 (51df0e5e17a8..., userDataDir: C:\Users\PRATHA~1.KUM\AppDa...}, fedcm:accounts: true, goog:chromeOptions: {debuggerAddress: localhost:49451}, networkConnectionEnabled: false, pageLoadStrategy: normal, platformName: WINDOWS, proxy: Proxy(), se:cdp: ws://localhost:49451/devtoo..., se:cdpVersion: 124.0.6367.92, setWindowRect: true, strictFileInteractability: false, timeouts: {implicit: 0, pageLoad: 300000, script: 30000}, unhandledPromptBehavior: dismiss and notify, webauthn:extension:credBlob: true, webauthn:extension:largeBlob: true, webauthn:extension:minPinLength: true, webauthn:extension:prf: true, webauthn:virtualAuthenticators: true}
Session ID: 2cf28825ea7a8a419a5b05b8e5d35d84</small> </font> </div>
<div class="test-event"> <font color="maroon"> <small> &emsp; &emsp;--- 04 May 23:43:07 004 - <b>0</b> - Spinner Load Wait: (Sync) - ICar.support.WaitUtils.waitForSpinner(WaitUtils.java:225)</small> </font> </div>
<div class="test-event"> <font color="maroon"> <small> &emsp; &emsp;--- 04 May 23:43:07 074 - Page URL:: https://www.i-car.com/product/schedule-the-repair</small> </font> </div>
<div class="test-event"> <font color="maroon"> <small> &emsp; &emsp;--- 04 May 23:43:07 074 - <b>0</b> - Page Load Wait: (Sync) - ICar.support.Utils.waitForPageLoad(Utils.java:109)</small> </font> </div>
<div class="test-event"> <font color="maroon"> <small> &emsp; &emsp;--- 04 May 23:43:17 168 - Element is displayed:: [[ChromeDriver: chrome on WINDOWS (2cf28825ea7a8a419a5b05b8e5d35d84)] -> xpath: //div[@class='productDetails slds-p-bottom_large']//div[contains(@class,'slds-p-bottom_medium')]]</small> </font> </div>
<div class="test-message">&emsp;Course Name : ScheduletheRepair is displayed in the URL page</div>
<div class="test-message">&emsp;Successfully verified the course name for relevant link&emsp;<a href=".\ScreenShot\URL_TC001_2720142806219400.png" target="_blank" >[ScreenShot]</a></div>
<div class="test-message">&emsp;
</div>
<div class="test-message">&emsp;82. URL is : https://www.i-car.com/product/vehicle-checkin-process</div>
<div class="test-event"> <font color="maroon"> <small> &emsp; &emsp;--- 04 May 23:43:26 644 - Page URL:: https://www.i-car.com/product/vehicle-checkin-process</small> </font> </div>
<div class="test-event"> <font color="maroon"> <small> &emsp; &emsp;--- 04 May 23:43:26 644 - <b>0</b> - Page Load Wait: (Sync) - ICar.support.Utils.waitForPageLoad(Utils.java:109)</small> </font> </div>
<div class="test-message">&emsp;Successfully navigated to the :  https://www.i-car.com/product/vehicle-checkin-process   Page&emsp;<a href=".\ScreenShot\URL_TC001_2720144261035000.png" target="_blank" >[ScreenShot]</a></div>
<div class="test-event"> <font color="maroon"> <small> &emsp; &emsp;--- 04 May 23:43:26 899 - Page URL:: https://www.i-car.com/product/vehicle-checkin-process</small> </font> </div>
<div class="test-event"> <font color="maroon"> <small> &emsp; &emsp;--- 04 May 23:43:26 899 - <b>0</b> - Page Load Wait: (Sync) - ICar.support.Utils.waitForPageLoad(Utils.java:109)</small> </font> </div>
<div class="test-event"> <font color="maroon"> <small> &emsp; &emsp;--- 04 May 23:43:26 907 - Catched spinner load exception due to javascript error: {"status":32,"value":"An invalid or illegal selector was specified"}
  (Session info: chrome=124.0.6367.92)
Build info: version: '4.6.0', revision: '79f1c02ae20'
System info: os.name: 'Windows 10', os.arch: 'amd64', os.version: '10.0', java.version: '17.0.7'
Driver info: org.openqa.selenium.chrome.ChromeDriver
Command: [2cf28825ea7a8a419a5b05b8e5d35d84, findElement {using=css selector, value=div[class='slds-spinner slds-spinner_brand slds-spinner_small']>div:nth-child(2)r}]
Capabilities {acceptInsecureCerts: false, browserName: chrome, browserVersion: 124.0.6367.92, chrome: {chromedriverVersion: 124.0.6367.91 (51df0e5e17a8..., userDataDir: C:\Users\PRATHA~1.KUM\AppDa...}, fedcm:accounts: true, goog:chromeOptions: {debuggerAddress: localhost:49451}, networkConnectionEnabled: false, pageLoadStrategy: normal, platformName: WINDOWS, proxy: Proxy(), se:cdp: ws://localhost:49451/devtoo..., se:cdpVersion: 124.0.6367.92, setWindowRect: true, strictFileInteractability: false, timeouts: {implicit: 0, pageLoad: 300000, script: 30000}, unhandledPromptBehavior: dismiss and notify, webauthn:extension:credBlob: true, webauthn:extension:largeBlob: true, webauthn:extension:minPinLength: true, webauthn:extension:prf: true, webauthn:virtualAuthenticators: true}
Session ID: 2cf28825ea7a8a419a5b05b8e5d35d84</small> </font> </div>
<div class="test-event"> <font color="maroon"> <small> &emsp; &emsp;--- 04 May 23:43:26 907 - <b>0</b> - Spinner Load Wait: (Sync) - ICar.support.WaitUtils.waitForSpinner(WaitUtils.java:225)</small> </font> </div>
<div class="test-event"> <font color="maroon"> <small> &emsp; &emsp;--- 04 May 23:43:36 984 - Page URL:: https://www.i-car.com/product/vehicle-checkin-process</small> </font> </div>
<div class="test-event"> <font color="maroon"> <small> &emsp; &emsp;--- 04 May 23:43:36 984 - <b>0</b> - Page Load Wait: (Sync) - ICar.support.Utils.waitForPageLoad(Utils.java:109)</small> </font> </div>
<div class="test-event"> <font color="maroon"> <small> &emsp; &emsp;--- 04 May 23:43:36 999 - Element is displayed:: [[ChromeDriver: chrome on WINDOWS (2cf28825ea7a8a419a5b05b8e5d35d84)] -> xpath: //a[contains(text(),'Back to Courses')]]</small> </font> </div>
<div class="test-event"> <font color="maroon"> <small> &emsp; &emsp;--- 04 May 23:43:44 034 - Catched spinner load exception due to javascript error: {"status":32,"value":"An invalid or illegal selector was specified"}
  (Session info: chrome=124.0.6367.92)
Build info: version: '4.6.0', revision: '79f1c02ae20'
System info: os.name: 'Windows 10', os.arch: 'amd64', os.version: '10.0', java.version: '17.0.7'
Driver info: org.openqa.selenium.chrome.ChromeDriver
Command: [2cf28825ea7a8a419a5b05b8e5d35d84, findElement {using=css selector, value=div[class='slds-spinner slds-spinner_brand slds-spinner_small']>div:nth-child(2)r}]
Capabilities {acceptInsecureCerts: false, browserName: chrome, browserVersion: 124.0.6367.92, chrome: {chromedriverVersion: 124.0.6367.91 (51df0e5e17a8..., userDataDir: C:\Users\PRATHA~1.KUM\AppDa...}, fedcm:accounts: true, goog:chromeOptions: {debuggerAddress: localhost:49451}, networkConnectionEnabled: false, pageLoadStrategy: normal, platformName: WINDOWS, proxy: Proxy(), se:cdp: ws://localhost:49451/devtoo..., se:cdpVersion: 124.0.6367.92, setWindowRect: true, strictFileInteractability: false, timeouts: {implicit: 0, pageLoad: 300000, script: 30000}, unhandledPromptBehavior: dismiss and notify, webauthn:extension:credBlob: true, webauthn:extension:largeBlob: true, webauthn:extension:minPinLength: true, webauthn:extension:prf: true, webauthn:virtualAuthenticators: true}
Session ID: 2cf28825ea7a8a419a5b05b8e5d35d84</small> </font> </div>
<div class="test-event"> <font color="maroon"> <small> &emsp; &emsp;--- 04 May 23:43:44 034 - <b>0</b> - Spinner Load Wait: (Sync) - ICar.support.WaitUtils.waitForSpinner(WaitUtils.java:225)</small> </font> </div>
<div class="test-message">&emsp;Back To Courses is displayed in the page </div>
<div class="test-message">&emsp;Successfully verified Back To Course Link&emsp;<a href=".\ScreenShot\URL_TC001_2720161662719100.png" target="_blank" >[ScreenShot]</a></div>
<div class="test-event"> <font color="maroon"> <small> &emsp; &emsp;--- 04 May 23:43:44 282 - Catched spinner load exception due to javascript error: {"status":32,"value":"An invalid or illegal selector was specified"}
  (Session info: chrome=124.0.6367.92)
Build info: version: '4.6.0', revision: '79f1c02ae20'
System info: os.name: 'Windows 10', os.arch: 'amd64', os.version: '10.0', java.version: '17.0.7'
Driver info: org.openqa.selenium.chrome.ChromeDriver
Command: [2cf28825ea7a8a419a5b05b8e5d35d84, findElement {using=css selector, value=div[class='slds-spinner slds-spinner_brand slds-spinner_small']>div:nth-child(2)r}]
Capabilities {acceptInsecureCerts: false, browserName: chrome, browserVersion: 124.0.6367.92, chrome: {chromedriverVersion: 124.0.6367.91 (51df0e5e17a8..., userDataDir: C:\Users\PRATHA~1.KUM\AppDa...}, fedcm:accounts: true, goog:chromeOptions: {debuggerAddress: localhost:49451}, networkConnectionEnabled: false, pageLoadStrategy: normal, platformName: WINDOWS, proxy: Proxy(), se:cdp: ws://localhost:49451/devtoo..., se:cdpVersion: 124.0.6367.92, setWindowRect: true, strictFileInteractability: false, timeouts: {implicit: 0, pageLoad: 300000, script: 30000}, unhandledPromptBehavior: dismiss and notify, webauthn:extension:credBlob: true, webauthn:extension:largeBlob: true, webauthn:extension:minPinLength: true, webauthn:extension:prf: true, webauthn:virtualAuthenticators: true}
Session ID: 2cf28825ea7a8a419a5b05b8e5d35d84</small> </font> </div>
<div class="test-event"> <font color="maroon"> <small> &emsp; &emsp;--- 04 May 23:43:44 282 - <b>0</b> - Spinner Load Wait: (Sync) - ICar.support.WaitUtils.waitForSpinner(WaitUtils.java:225)</small> </font> </div>
<div class="test-event"> <font color="maroon"> <small> &emsp; &emsp;--- 04 May 23:43:44 347 - Page URL:: https://www.i-car.com/product/vehicle-checkin-process</small> </font> </div>
<div class="test-event"> <font color="maroon"> <small> &emsp; &emsp;--- 04 May 23:43:44 347 - <b>0</b> - Page Load Wait: (Sync) - ICar.support.Utils.waitForPageLoad(Utils.java:109)</small> </font> </div>
<div class="test-event"> <font color="maroon"> <small> &emsp; &emsp;--- 04 May 23:43:54 410 - Element is displayed:: [[ChromeDriver: chrome on WINDOWS (2cf28825ea7a8a419a5b05b8e5d35d84)] -> xpath: //div[@class='productDetails slds-p-bottom_large']//div[contains(@class,'slds-p-bottom_medium')]]</small> </font> </div>
<div class="test-message">&emsp;Course Name : VehicleCheckInProcess is displayed in the URL page</div>
<div class="test-message">&emsp;Successfully verified the course name for relevant link&emsp;<a href=".\ScreenShot\URL_TC001_2720180060748500.png" target="_blank" >[ScreenShot]</a></div>
<div class="test-message">&emsp;
</div>
<div class="test-message">&emsp;83. URL is : https://www.i-car.com/product/pl3-estimator</div>
<div class="test-event"> <font color="maroon"> <small> &emsp; &emsp;--- 04 May 23:44:03 771 - Page URL:: https://www.i-car.com/product/pl3-estimator</small> </font> </div>
<div class="test-event"> <font color="maroon"> <small> &emsp; &emsp;--- 04 May 23:44:03 771 - <b>0</b> - Page Load Wait: (Sync) - ICar.support.Utils.waitForPageLoad(Utils.java:109)</small> </font> </div>
<div class="test-message">&emsp;Successfully navigated to the :  https://www.i-car.com/product/pl3-estimator   Page&emsp;<a href=".\ScreenShot\URL_TC001_2720181389591900.png" target="_blank" >[ScreenShot]</a></div>
<div class="test-event"> <font color="maroon"> <small> &emsp; &emsp;--- 04 May 23:44:04 039 - Page URL:: https://www.i-car.com/product/pl3-estimator</small> </font> </div>
<div class="test-event"> <font color="maroon"> <small> &emsp; &emsp;--- 04 May 23:44:04 039 - <b>0</b> - Page Load Wait: (Sync) - ICar.support.Utils.waitForPageLoad(Utils.java:109)</small> </font> </div>
<div class="test-event"> <font color="maroon"> <small> &emsp; &emsp;--- 04 May 23:44:04 047 - Catched spinner load exception due to javascript error: {"status":32,"value":"An invalid or illegal selector was specified"}
  (Session info: chrome=124.0.6367.92)
Build info: version: '4.6.0', revision: '79f1c02ae20'
System info: os.name: 'Windows 10', os.arch: 'amd64', os.version: '10.0', java.version: '17.0.7'
Driver info: org.openqa.selenium.chrome.ChromeDriver
Command: [2cf28825ea7a8a419a5b05b8e5d35d84, findElement {using=css selector, value=div[class='slds-spinner slds-spinner_brand slds-spinner_small']>div:nth-child(2)r}]
Capabilities {acceptInsecureCerts: false, browserName: chrome, browserVersion: 124.0.6367.92, chrome: {chromedriverVersion: 124.0.6367.91 (51df0e5e17a8..., userDataDir: C:\Users\PRATHA~1.KUM\AppDa...}, fedcm:accounts: true, goog:chromeOptions: {debuggerAddress: localhost:49451}, networkConnectionEnabled: false, pageLoadStrategy: normal, platformName: WINDOWS, proxy: Proxy(), se:cdp: ws://localhost:49451/devtoo..., se:cdpVersion: 124.0.6367.92, setWindowRect: true, strictFileInteractability: false, timeouts: {implicit: 0, pageLoad: 300000, script: 30000}, unhandledPromptBehavior: dismiss and notify, webauthn:extension:credBlob: true, webauthn:extension:largeBlob: true, webauthn:extension:minPinLength: true, webauthn:extension:prf: true, webauthn:virtualAuthenticators: true}
Session ID: 2cf28825ea7a8a419a5b05b8e5d35d84</small> </font> </div>
<div class="test-event"> <font color="maroon"> <small> &emsp; &emsp;--- 04 May 23:44:04 047 - <b>0</b> - Spinner Load Wait: (Sync) - ICar.support.WaitUtils.waitForSpinner(WaitUtils.java:225)</small> </font> </div>
<div class="test-event"> <font color="maroon"> <small> &emsp; &emsp;--- 04 May 23:44:14 146 - Page URL:: https://www.i-car.com/product/pl3-estimator</small> </font> </div>
<div class="test-event"> <font color="maroon"> <small> &emsp; &emsp;--- 04 May 23:44:14 147 - <b>0</b> - Page Load Wait: (Sync) - ICar.support.Utils.waitForPageLoad(Utils.java:109)</small> </font> </div>
<div class="test-event"> <font color="maroon"> <small> &emsp; &emsp;--- 04 May 23:44:14 162 - Element is displayed:: [[ChromeDriver: chrome on WINDOWS (2cf28825ea7a8a419a5b05b8e5d35d84)] -> xpath: //a[contains(text(),'Back to Courses')]]</small> </font> </div>
<div class="test-event"> <font color="maroon"> <small> &emsp; &emsp;--- 04 May 23:44:21 198 - Catched spinner load exception due to javascript error: {"status":32,"value":"An invalid or illegal selector was specified"}
  (Session info: chrome=124.0.6367.92)
Build info: version: '4.6.0', revision: '79f1c02ae20'
System info: os.name: 'Windows 10', os.arch: 'amd64', os.version: '10.0', java.version: '17.0.7'
Driver info: org.openqa.selenium.chrome.ChromeDriver
Command: [2cf28825ea7a8a419a5b05b8e5d35d84, findElement {using=css selector, value=div[class='slds-spinner slds-spinner_brand slds-spinner_small']>div:nth-child(2)r}]
Capabilities {acceptInsecureCerts: false, browserName: chrome, browserVersion: 124.0.6367.92, chrome: {chromedriverVersion: 124.0.6367.91 (51df0e5e17a8..., userDataDir: C:\Users\PRATHA~1.KUM\AppDa...}, fedcm:accounts: true, goog:chromeOptions: {debuggerAddress: localhost:49451}, networkConnectionEnabled: false, pageLoadStrategy: normal, platformName: WINDOWS, proxy: Proxy(), se:cdp: ws://localhost:49451/devtoo..., se:cdpVersion: 124.0.6367.92, setWindowRect: true, strictFileInteractability: false, timeouts: {implicit: 0, pageLoad: 300000, script: 30000}, unhandledPromptBehavior: dismiss and notify, webauthn:extension:credBlob: true, webauthn:extension:largeBlob: true, webauthn:extension:minPinLength: true, webauthn:extension:prf: true, webauthn:virtualAuthenticators: true}
Session ID: 2cf28825ea7a8a419a5b05b8e5d35d84</small> </font> </div>
<div class="test-event"> <font color="maroon"> <small> &emsp; &emsp;--- 04 May 23:44:21 198 - <b>0</b> - Spinner Load Wait: (Sync) - ICar.support.WaitUtils.waitForSpinner(WaitUtils.java:225)</small> </font> </div>
<div class="test-message">&emsp;Back To Courses is displayed in the page </div>
<div class="test-message">&emsp;Successfully verified Back To Course Link&emsp;<a href=".\ScreenShot\URL_TC001_2720198827771600.png" target="_blank" >[ScreenShot]</a></div>
<div class="test-event"> <font color="maroon"> <small> &emsp; &emsp;--- 04 May 23:44:21 435 - Catched spinner load exception due to javascript error: {"status":32,"value":"An invalid or illegal selector was specified"}
  (Session info: chrome=124.0.6367.92)
Build info: version: '4.6.0', revision: '79f1c02ae20'
System info: os.name: 'Windows 10', os.arch: 'amd64', os.version: '10.0', java.version: '17.0.7'
Driver info: org.openqa.selenium.chrome.ChromeDriver
Command: [2cf28825ea7a8a419a5b05b8e5d35d84, findElement {using=css selector, value=div[class='slds-spinner slds-spinner_brand slds-spinner_small']>div:nth-child(2)r}]
Capabilities {acceptInsecureCerts: false, browserName: chrome, browserVersion: 124.0.6367.92, chrome: {chromedriverVersion: 124.0.6367.91 (51df0e5e17a8..., userDataDir: C:\Users\PRATHA~1.KUM\AppDa...}, fedcm:accounts: true, goog:chromeOptions: {debuggerAddress: localhost:49451}, networkConnectionEnabled: false, pageLoadStrategy: normal, platformName: WINDOWS, proxy: Proxy(), se:cdp: ws://localhost:49451/devtoo..., se:cdpVersion: 124.0.6367.92, setWindowRect: true, strictFileInteractability: false, timeouts: {implicit: 0, pageLoad: 300000, script: 30000}, unhandledPromptBehavior: dismiss and notify, webauthn:extension:credBlob: true, webauthn:extension:largeBlob: true, webauthn:extension:minPinLength: true, webauthn:extension:prf: true, webauthn:virtualAuthenticators: true}
Session ID: 2cf28825ea7a8a419a5b05b8e5d35d84</small> </font> </div>
<div class="test-event"> <font color="maroon"> <small> &emsp; &emsp;--- 04 May 23:44:21 435 - <b>0</b> - Spinner Load Wait: (Sync) - ICar.support.WaitUtils.waitForSpinner(WaitUtils.java:225)</small> </font> </div>
<div class="test-event"> <font color="maroon"> <small> &emsp; &emsp;--- 04 May 23:44:21 511 - Page URL:: https://www.i-car.com/product/pl3-estimator</small> </font> </div>
<div class="test-event"> <font color="maroon"> <small> &emsp; &emsp;--- 04 May 23:44:21 511 - <b>0</b> - Page Load Wait: (Sync) - ICar.support.Utils.waitForPageLoad(Utils.java:109)</small> </font> </div>
<div class="test-event"> <font color="maroon"> <small> &emsp; &emsp;--- 04 May 23:44:31 573 - Element is displayed:: [[ChromeDriver: chrome on WINDOWS (2cf28825ea7a8a419a5b05b8e5d35d84)] -> xpath: //div[@class='productDetails slds-p-bottom_large']//div[contains(@class,'slds-p-bottom_medium')]]</small> </font> </div>
<div class="test-message">&emsp;Course Name : PL3Estimator is displayed in the URL page</div>
<div class="test-message">&emsp;Successfully verified the course name for relevant link&emsp;<a href=".\ScreenShot\URL_TC001_2720217210881700.png" target="_blank" >[ScreenShot]</a></div>
<div class="test-message">&emsp;
</div>
<div class="test-message">&emsp;84. URL is : https://www.i-car.com/product/pl2-electricaldiagnostics-technician-theory</div>
<div class="test-event"> <font color="maroon"> <small> &emsp; &emsp;--- 04 May 23:44:40 947 - Page URL:: https://www.i-car.com/product/pl2-electricaldiagnostics-technician-theory</small> </font> </div>
<div class="test-event"> <font color="maroon"> <small> &emsp; &emsp;--- 04 May 23:44:40 947 - <b>0</b> - Page Load Wait: (Sync) - ICar.support.Utils.waitForPageLoad(Utils.java:109)</small> </font> </div>
<div class="test-message">&emsp;Successfully navigated to the :  https://www.i-car.com/product/pl2-electricaldiagnostics-technician-theory   Page&emsp;<a href=".\ScreenShot\URL_TC001_2720218563958400.png" target="_blank" >[ScreenShot]</a></div>
<div class="test-event"> <font color="maroon"> <small> &emsp; &emsp;--- 04 May 23:44:41 196 - Page URL:: https://www.i-car.com/product/pl2-electricaldiagnostics-technician-theory</small> </font> </div>
<div class="test-event"> <font color="maroon"> <small> &emsp; &emsp;--- 04 May 23:44:41 196 - <b>0</b> - Page Load Wait: (Sync) - ICar.support.Utils.waitForPageLoad(Utils.java:109)</small> </font> </div>
<div class="test-event"> <font color="maroon"> <small> &emsp; &emsp;--- 04 May 23:44:41 205 - Catched spinner load exception due to javascript error: {"status":32,"value":"An invalid or illegal selector was specified"}
  (Session info: chrome=124.0.6367.92)
Build info: version: '4.6.0', revision: '79f1c02ae20'
System info: os.name: 'Windows 10', os.arch: 'amd64', os.version: '10.0', java.version: '17.0.7'
Driver info: org.openqa.selenium.chrome.ChromeDriver
Command: [2cf28825ea7a8a419a5b05b8e5d35d84, findElement {using=css selector, value=div[class='slds-spinner slds-spinner_brand slds-spinner_small']>div:nth-child(2)r}]
Capabilities {acceptInsecureCerts: false, browserName: chrome, browserVersion: 124.0.6367.92, chrome: {chromedriverVersion: 124.0.6367.91 (51df0e5e17a8..., userDataDir: C:\Users\PRATHA~1.KUM\AppDa...}, fedcm:accounts: true, goog:chromeOptions: {debuggerAddress: localhost:49451}, networkConnectionEnabled: false, pageLoadStrategy: normal, platformName: WINDOWS, proxy: Proxy(), se:cdp: ws://localhost:49451/devtoo..., se:cdpVersion: 124.0.6367.92, setWindowRect: true, strictFileInteractability: false, timeouts: {implicit: 0, pageLoad: 300000, script: 30000}, unhandledPromptBehavior: dismiss and notify, webauthn:extension:credBlob: true, webauthn:extension:largeBlob: true, webauthn:extension:minPinLength: true, webauthn:extension:prf: true, webauthn:virtualAuthenticators: true}
Session ID: 2cf28825ea7a8a419a5b05b8e5d35d84</small> </font> </div>
<div class="test-event"> <font color="maroon"> <small> &emsp; &emsp;--- 04 May 23:44:41 205 - <b>0</b> - Spinner Load Wait: (Sync) - ICar.support.WaitUtils.waitForSpinner(WaitUtils.java:225)</small> </font> </div>
<div class="test-event"> <font color="maroon"> <small> &emsp; &emsp;--- 04 May 23:44:51 301 - Page URL:: https://www.i-car.com/product/pl2-electricaldiagnostics-technician-theory</small> </font> </div>
<div class="test-event"> <font color="maroon"> <small> &emsp; &emsp;--- 04 May 23:44:51 301 - <b>0</b> - Page Load Wait: (Sync) - ICar.support.Utils.waitForPageLoad(Utils.java:109)</small> </font> </div>
<div class="test-event"> <font color="maroon"> <small> &emsp; &emsp;--- 04 May 23:44:51 318 - Element is displayed:: [[ChromeDriver: chrome on WINDOWS (2cf28825ea7a8a419a5b05b8e5d35d84)] -> xpath: //a[contains(text(),'Back to Courses')]]</small> </font> </div>
<div class="test-event"> <font color="maroon"> <small> &emsp; &emsp;--- 04 May 23:44:58 344 - Catched spinner load exception due to javascript error: {"status":32,"value":"An invalid or illegal selector was specified"}
  (Session info: chrome=124.0.6367.92)
Build info: version: '4.6.0', revision: '79f1c02ae20'
System info: os.name: 'Windows 10', os.arch: 'amd64', os.version: '10.0', java.version: '17.0.7'
Driver info: org.openqa.selenium.chrome.ChromeDriver
Command: [2cf28825ea7a8a419a5b05b8e5d35d84, findElement {using=css selector, value=div[class='slds-spinner slds-spinner_brand slds-spinner_small']>div:nth-child(2)r}]
Capabilities {acceptInsecureCerts: false, browserName: chrome, browserVersion: 124.0.6367.92, chrome: {chromedriverVersion: 124.0.6367.91 (51df0e5e17a8..., userDataDir: C:\Users\PRATHA~1.KUM\AppDa...}, fedcm:accounts: true, goog:chromeOptions: {debuggerAddress: localhost:49451}, networkConnectionEnabled: false, pageLoadStrategy: normal, platformName: WINDOWS, proxy: Proxy(), se:cdp: ws://localhost:49451/devtoo..., se:cdpVersion: 124.0.6367.92, setWindowRect: true, strictFileInteractability: false, timeouts: {implicit: 0, pageLoad: 300000, script: 30000}, unhandledPromptBehavior: dismiss and notify, webauthn:extension:credBlob: true, webauthn:extension:largeBlob: true, webauthn:extension:minPinLength: true, webauthn:extension:prf: true, webauthn:virtualAuthenticators: true}
Session ID: 2cf28825ea7a8a419a5b05b8e5d35d84</small> </font> </div>
<div class="test-event"> <font color="maroon"> <small> &emsp; &emsp;--- 04 May 23:44:58 344 - <b>0</b> - Spinner Load Wait: (Sync) - ICar.support.WaitUtils.waitForSpinner(WaitUtils.java:225)</small> </font> </div>
<div class="test-message">&emsp;Back To Courses is displayed in the page </div>
<div class="test-message">&emsp;Successfully verified Back To Course Link&emsp;<a href=".\ScreenShot\URL_TC001_2720235972232000.png" target="_blank" >[ScreenShot]</a></div>
<div class="test-event"> <font color="maroon"> <small> &emsp; &emsp;--- 04 May 23:44:58 739 - Catched spinner load exception due to javascript error: {"status":32,"value":"An invalid or illegal selector was specified"}
  (Session info: chrome=124.0.6367.92)
Build info: version: '4.6.0', revision: '79f1c02ae20'
System info: os.name: 'Windows 10', os.arch: 'amd64', os.version: '10.0', java.version: '17.0.7'
Driver info: org.openqa.selenium.chrome.ChromeDriver
Command: [2cf28825ea7a8a419a5b05b8e5d35d84, findElement {using=css selector, value=div[class='slds-spinner slds-spinner_brand slds-spinner_small']>div:nth-child(2)r}]
Capabilities {acceptInsecureCerts: false, browserName: chrome, browserVersion: 124.0.6367.92, chrome: {chromedriverVersion: 124.0.6367.91 (51df0e5e17a8..., userDataDir: C:\Users\PRATHA~1.KUM\AppDa...}, fedcm:accounts: true, goog:chromeOptions: {debuggerAddress: localhost:49451}, networkConnectionEnabled: false, pageLoadStrategy: normal, platformName: WINDOWS, proxy: Proxy(), se:cdp: ws://localhost:49451/devtoo..., se:cdpVersion: 124.0.6367.92, setWindowRect: true, strictFileInteractability: false, timeouts: {implicit: 0, pageLoad: 300000, script: 30000}, unhandledPromptBehavior: dismiss and notify, webauthn:extension:credBlob: true, webauthn:extension:largeBlob: true, webauthn:extension:minPinLength: true, webauthn:extension:prf: true, webauthn:virtualAuthenticators: true}
Session ID: 2cf28825ea7a8a419a5b05b8e5d35d84</small> </font> </div>
<div class="test-event"> <font color="maroon"> <small> &emsp; &emsp;--- 04 May 23:44:58 739 - <b>0</b> - Spinner Load Wait: (Sync) - ICar.support.WaitUtils.waitForSpinner(WaitUtils.java:225)</small> </font> </div>
<div class="test-event"> <font color="maroon"> <small> &emsp; &emsp;--- 04 May 23:44:58 819 - Page URL:: https://www.i-car.com/product/pl2-electricaldiagnostics-technician-theory</small> </font> </div>
<div class="test-event"> <font color="maroon"> <small> &emsp; &emsp;--- 04 May 23:44:58 819 - <b>0</b> - Page Load Wait: (Sync) - ICar.support.Utils.waitForPageLoad(Utils.java:109)</small> </font> </div>
<div class="test-event"> <font color="maroon"> <small> &emsp; &emsp;--- 04 May 23:45:08 875 - Element is displayed:: [[ChromeDriver: chrome on WINDOWS (2cf28825ea7a8a419a5b05b8e5d35d84)] -> xpath: //div[@class='productDetails slds-p-bottom_large']//div[contains(@class,'slds-p-bottom_medium')]]</small> </font> </div>
<div class="test-message">&emsp;Course Name : PL2ElectricalDiagnosticsTechnicianTheory is displayed in the URL page</div>
<div class="test-message">&emsp;Successfully verified the course name for relevant link&emsp;<a href=".\ScreenShot\URL_TC001_2720254509055600.png" target="_blank" >[ScreenShot]</a></div>
<div class="test-message">&emsp;
</div>
<div class="test-message">&emsp;85. URL is : https://www.i-car.com/product/problem-solving-for-workflow-changes</div>
<div class="test-event"> <font color="maroon"> <small> &emsp; &emsp;--- 04 May 23:45:17 774 - Page URL:: https://www.i-car.com/product/problem-solving-for-workflow-changes</small> </font> </div>
<div class="test-event"> <font color="maroon"> <small> &emsp; &emsp;--- 04 May 23:45:17 774 - <b>0</b> - Page Load Wait: (Sync) - ICar.support.Utils.waitForPageLoad(Utils.java:109)</small> </font> </div>
<div class="test-message">&emsp;Successfully navigated to the :  https://www.i-car.com/product/problem-solving-for-workflow-changes   Page&emsp;<a href=".\ScreenShot\URL_TC001_2720255391494300.png" target="_blank" >[ScreenShot]</a></div>
<div class="test-event"> <font color="maroon"> <small> &emsp; &emsp;--- 04 May 23:45:18 042 - Page URL:: https://www.i-car.com/product/problem-solving-for-workflow-changes</small> </font> </div>
<div class="test-event"> <font color="maroon"> <small> &emsp; &emsp;--- 04 May 23:45:18 042 - <b>0</b> - Page Load Wait: (Sync) - ICar.support.Utils.waitForPageLoad(Utils.java:109)</small> </font> </div>
<div class="test-event"> <font color="maroon"> <small> &emsp; &emsp;--- 04 May 23:45:18 051 - Catched spinner load exception due to javascript error: {"status":32,"value":"An invalid or illegal selector was specified"}
  (Session info: chrome=124.0.6367.92)
Build info: version: '4.6.0', revision: '79f1c02ae20'
System info: os.name: 'Windows 10', os.arch: 'amd64', os.version: '10.0', java.version: '17.0.7'
Driver info: org.openqa.selenium.chrome.ChromeDriver
Command: [2cf28825ea7a8a419a5b05b8e5d35d84, findElement {using=css selector, value=div[class='slds-spinner slds-spinner_brand slds-spinner_small']>div:nth-child(2)r}]
Capabilities {acceptInsecureCerts: false, browserName: chrome, browserVersion: 124.0.6367.92, chrome: {chromedriverVersion: 124.0.6367.91 (51df0e5e17a8..., userDataDir: C:\Users\PRATHA~1.KUM\AppDa...}, fedcm:accounts: true, goog:chromeOptions: {debuggerAddress: localhost:49451}, networkConnectionEnabled: false, pageLoadStrategy: normal, platformName: WINDOWS, proxy: Proxy(), se:cdp: ws://localhost:49451/devtoo..., se:cdpVersion: 124.0.6367.92, setWindowRect: true, strictFileInteractability: false, timeouts: {implicit: 0, pageLoad: 300000, script: 30000}, unhandledPromptBehavior: dismiss and notify, webauthn:extension:credBlob: true, webauthn:extension:largeBlob: true, webauthn:extension:minPinLength: true, webauthn:extension:prf: true, webauthn:virtualAuthenticators: true}
Session ID: 2cf28825ea7a8a419a5b05b8e5d35d84</small> </font> </div>
<div class="test-event"> <font color="maroon"> <small> &emsp; &emsp;--- 04 May 23:45:18 051 - <b>0</b> - Spinner Load Wait: (Sync) - ICar.support.WaitUtils.waitForSpinner(WaitUtils.java:225)</small> </font> </div>
<div class="test-event"> <font color="maroon"> <small> &emsp; &emsp;--- 04 May 23:45:28 154 - Page URL:: https://www.i-car.com/product/problem-solving-for-workflow-changes</small> </font> </div>
<div class="test-event"> <font color="maroon"> <small> &emsp; &emsp;--- 04 May 23:45:28 154 - <b>0</b> - Page Load Wait: (Sync) - ICar.support.Utils.waitForPageLoad(Utils.java:109)</small> </font> </div>
<div class="test-event"> <font color="maroon"> <small> &emsp; &emsp;--- 04 May 23:45:28 171 - Element is displayed:: [[ChromeDriver: chrome on WINDOWS (2cf28825ea7a8a419a5b05b8e5d35d84)] -> xpath: //a[contains(text(),'Back to Courses')]]</small> </font> </div>
<div class="test-event"> <font color="maroon"> <small> &emsp; &emsp;--- 04 May 23:45:35 201 - Catched spinner load exception due to javascript error: {"status":32,"value":"An invalid or illegal selector was specified"}
  (Session info: chrome=124.0.6367.92)
Build info: version: '4.6.0', revision: '79f1c02ae20'
System info: os.name: 'Windows 10', os.arch: 'amd64', os.version: '10.0', java.version: '17.0.7'
Driver info: org.openqa.selenium.chrome.ChromeDriver
Command: [2cf28825ea7a8a419a5b05b8e5d35d84, findElement {using=css selector, value=div[class='slds-spinner slds-spinner_brand slds-spinner_small']>div:nth-child(2)r}]
Capabilities {acceptInsecureCerts: false, browserName: chrome, browserVersion: 124.0.6367.92, chrome: {chromedriverVersion: 124.0.6367.91 (51df0e5e17a8..., userDataDir: C:\Users\PRATHA~1.KUM\AppDa...}, fedcm:accounts: true, goog:chromeOptions: {debuggerAddress: localhost:49451}, networkConnectionEnabled: false, pageLoadStrategy: normal, platformName: WINDOWS, proxy: Proxy(), se:cdp: ws://localhost:49451/devtoo..., se:cdpVersion: 124.0.6367.92, setWindowRect: true, strictFileInteractability: false, timeouts: {implicit: 0, pageLoad: 300000, script: 30000}, unhandledPromptBehavior: dismiss and notify, webauthn:extension:credBlob: true, webauthn:extension:largeBlob: true, webauthn:extension:minPinLength: true, webauthn:extension:prf: true, webauthn:virtualAuthenticators: true}
Session ID: 2cf28825ea7a8a419a5b05b8e5d35d84</small> </font> </div>
<div class="test-event"> <font color="maroon"> <small> &emsp; &emsp;--- 04 May 23:45:35 201 - <b>0</b> - Spinner Load Wait: (Sync) - ICar.support.WaitUtils.waitForSpinner(WaitUtils.java:225)</small> </font> </div>
<div class="test-message">&emsp;Back To Courses is displayed in the page </div>
<div class="test-message">&emsp;Successfully verified Back To Course Link&emsp;<a href=".\ScreenShot\URL_TC001_2720272828732400.png" target="_blank" >[ScreenShot]</a></div>
<div class="test-event"> <font color="maroon"> <small> &emsp; &emsp;--- 04 May 23:45:35 458 - Catched spinner load exception due to javascript error: {"status":32,"value":"An invalid or illegal selector was specified"}
  (Session info: chrome=124.0.6367.92)
Build info: version: '4.6.0', revision: '79f1c02ae20'
System info: os.name: 'Windows 10', os.arch: 'amd64', os.version: '10.0', java.version: '17.0.7'
Driver info: org.openqa.selenium.chrome.ChromeDriver
Command: [2cf28825ea7a8a419a5b05b8e5d35d84, findElement {using=css selector, value=div[class='slds-spinner slds-spinner_brand slds-spinner_small']>div:nth-child(2)r}]
Capabilities {acceptInsecureCerts: false, browserName: chrome, browserVersion: 124.0.6367.92, chrome: {chromedriverVersion: 124.0.6367.91 (51df0e5e17a8..., userDataDir: C:\Users\PRATHA~1.KUM\AppDa...}, fedcm:accounts: true, goog:chromeOptions: {debuggerAddress: localhost:49451}, networkConnectionEnabled: false, pageLoadStrategy: normal, platformName: WINDOWS, proxy: Proxy(), se:cdp: ws://localhost:49451/devtoo..., se:cdpVersion: 124.0.6367.92, setWindowRect: true, strictFileInteractability: false, timeouts: {implicit: 0, pageLoad: 300000, script: 30000}, unhandledPromptBehavior: dismiss and notify, webauthn:extension:credBlob: true, webauthn:extension:largeBlob: true, webauthn:extension:minPinLength: true, webauthn:extension:prf: true, webauthn:virtualAuthenticators: true}
Session ID: 2cf28825ea7a8a419a5b05b8e5d35d84</small> </font> </div>
<div class="test-event"> <font color="maroon"> <small> &emsp; &emsp;--- 04 May 23:45:35 458 - <b>0</b> - Spinner Load Wait: (Sync) - ICar.support.WaitUtils.waitForSpinner(WaitUtils.java:225)</small> </font> </div>
<div class="test-event"> <font color="maroon"> <small> &emsp; &emsp;--- 04 May 23:45:35 541 - Page URL:: https://www.i-car.com/product/problem-solving-for-workflow-changes</small> </font> </div>
<div class="test-event"> <font color="maroon"> <small> &emsp; &emsp;--- 04 May 23:45:35 541 - <b>0</b> - Page Load Wait: (Sync) - ICar.support.Utils.waitForPageLoad(Utils.java:109)</small> </font> </div>
<div class="test-event"> <font color="maroon"> <small> &emsp; &emsp;--- 04 May 23:45:45 586 - Element is displayed:: [[ChromeDriver: chrome on WINDOWS (2cf28825ea7a8a419a5b05b8e5d35d84)] -> xpath: //div[@class='productDetails slds-p-bottom_large']//div[contains(@class,'slds-p-bottom_medium')]]</small> </font> </div>
<div class="test-message">&emsp;Course Name : ProblemSolvingforWorkflowChanges is displayed in the URL page</div>
<div class="test-message">&emsp;Successfully verified the course name for relevant link&emsp;<a href=".\ScreenShot\URL_TC001_2720291218641500.png" target="_blank" >[ScreenShot]</a></div>
<div class="test-message">&emsp;
</div>
<div class="test-message">&emsp;86. URL is : https://www.i-car.com/product/inprocess-quality-control-checks</div>
<div class="test-event"> <font color="maroon"> <small> &emsp; &emsp;--- 04 May 23:45:54 751 - Page URL:: https://www.i-car.com/product/inprocess-quality-control-checks</small> </font> </div>
<div class="test-event"> <font color="maroon"> <small> &emsp; &emsp;--- 04 May 23:45:54 751 - <b>0</b> - Page Load Wait: (Sync) - ICar.support.Utils.waitForPageLoad(Utils.java:109)</small> </font> </div>
<div class="test-message">&emsp;Successfully navigated to the :  https://www.i-car.com/product/inprocess-quality-control-checks   Page&emsp;<a href=".\ScreenShot\URL_TC001_2720292369846300.png" target="_blank" >[ScreenShot]</a></div>
<div class="test-event"> <font color="maroon"> <small> &emsp; &emsp;--- 04 May 23:45:55 015 - Page URL:: https://www.i-car.com/product/inprocess-quality-control-checks</small> </font> </div>
<div class="test-event"> <font color="maroon"> <small> &emsp; &emsp;--- 04 May 23:45:55 016 - <b>0</b> - Page Load Wait: (Sync) - ICar.support.Utils.waitForPageLoad(Utils.java:109)</small> </font> </div>
<div class="test-event"> <font color="maroon"> <small> &emsp; &emsp;--- 04 May 23:45:55 025 - Catched spinner load exception due to javascript error: {"status":32,"value":"An invalid or illegal selector was specified"}
  (Session info: chrome=124.0.6367.92)
Build info: version: '4.6.0', revision: '79f1c02ae20'
System info: os.name: 'Windows 10', os.arch: 'amd64', os.version: '10.0', java.version: '17.0.7'
Driver info: org.openqa.selenium.chrome.ChromeDriver
Command: [2cf28825ea7a8a419a5b05b8e5d35d84, findElement {using=css selector, value=div[class='slds-spinner slds-spinner_brand slds-spinner_small']>div:nth-child(2)r}]
Capabilities {acceptInsecureCerts: false, browserName: chrome, browserVersion: 124.0.6367.92, chrome: {chromedriverVersion: 124.0.6367.91 (51df0e5e17a8..., userDataDir: C:\Users\PRATHA~1.KUM\AppDa...}, fedcm:accounts: true, goog:chromeOptions: {debuggerAddress: localhost:49451}, networkConnectionEnabled: false, pageLoadStrategy: normal, platformName: WINDOWS, proxy: Proxy(), se:cdp: ws://localhost:49451/devtoo..., se:cdpVersion: 124.0.6367.92, setWindowRect: true, strictFileInteractability: false, timeouts: {implicit: 0, pageLoad: 300000, script: 30000}, unhandledPromptBehavior: dismiss and notify, webauthn:extension:credBlob: true, webauthn:extension:largeBlob: true, webauthn:extension:minPinLength: true, webauthn:extension:prf: true, webauthn:virtualAuthenticators: true}
Session ID: 2cf28825ea7a8a419a5b05b8e5d35d84</small> </font> </div>
<div class="test-event"> <font color="maroon"> <small> &emsp; &emsp;--- 04 May 23:45:55 025 - <b>0</b> - Spinner Load Wait: (Sync) - ICar.support.WaitUtils.waitForSpinner(WaitUtils.java:225)</small> </font> </div>
<div class="test-event"> <font color="maroon"> <small> &emsp; &emsp;--- 04 May 23:46:05 106 - Page URL:: https://www.i-car.com/product/inprocess-quality-control-checks</small> </font> </div>
<div class="test-event"> <font color="maroon"> <small> &emsp; &emsp;--- 04 May 23:46:05 106 - <b>0</b> - Page Load Wait: (Sync) - ICar.support.Utils.waitForPageLoad(Utils.java:109)</small> </font> </div>
<div class="test-event"> <font color="maroon"> <small> &emsp; &emsp;--- 04 May 23:46:05 124 - Element is displayed:: [[ChromeDriver: chrome on WINDOWS (2cf28825ea7a8a419a5b05b8e5d35d84)] -> xpath: //a[contains(text(),'Back to Courses')]]</small> </font> </div>
<div class="test-event"> <font color="maroon"> <small> &emsp; &emsp;--- 04 May 23:46:12 150 - Catched spinner load exception due to javascript error: {"status":32,"value":"An invalid or illegal selector was specified"}
  (Session info: chrome=124.0.6367.92)
Build info: version: '4.6.0', revision: '79f1c02ae20'
System info: os.name: 'Windows 10', os.arch: 'amd64', os.version: '10.0', java.version: '17.0.7'
Driver info: org.openqa.selenium.chrome.ChromeDriver
Command: [2cf28825ea7a8a419a5b05b8e5d35d84, findElement {using=css selector, value=div[class='slds-spinner slds-spinner_brand slds-spinner_small']>div:nth-child(2)r}]
Capabilities {acceptInsecureCerts: false, browserName: chrome, browserVersion: 124.0.6367.92, chrome: {chromedriverVersion: 124.0.6367.91 (51df0e5e17a8..., userDataDir: C:\Users\PRATHA~1.KUM\AppDa...}, fedcm:accounts: true, goog:chromeOptions: {debuggerAddress: localhost:49451}, networkConnectionEnabled: false, pageLoadStrategy: normal, platformName: WINDOWS, proxy: Proxy(), se:cdp: ws://localhost:49451/devtoo..., se:cdpVersion: 124.0.6367.92, setWindowRect: true, strictFileInteractability: false, timeouts: {implicit: 0, pageLoad: 300000, script: 30000}, unhandledPromptBehavior: dismiss and notify, webauthn:extension:credBlob: true, webauthn:extension:largeBlob: true, webauthn:extension:minPinLength: true, webauthn:extension:prf: true, webauthn:virtualAuthenticators: true}
Session ID: 2cf28825ea7a8a419a5b05b8e5d35d84</small> </font> </div>
<div class="test-event"> <font color="maroon"> <small> &emsp; &emsp;--- 04 May 23:46:12 150 - <b>0</b> - Spinner Load Wait: (Sync) - ICar.support.WaitUtils.waitForSpinner(WaitUtils.java:225)</small> </font> </div>
<div class="test-message">&emsp;Back To Courses is displayed in the page </div>
<div class="test-message">&emsp;Successfully verified Back To Course Link&emsp;<a href=".\ScreenShot\URL_TC001_2720309778187700.png" target="_blank" >[ScreenShot]</a></div>
<div class="test-event"> <font color="maroon"> <small> &emsp; &emsp;--- 04 May 23:46:12 573 - Catched spinner load exception due to javascript error: {"status":32,"value":"An invalid or illegal selector was specified"}
  (Session info: chrome=124.0.6367.92)
Build info: version: '4.6.0', revision: '79f1c02ae20'
System info: os.name: 'Windows 10', os.arch: 'amd64', os.version: '10.0', java.version: '17.0.7'
Driver info: org.openqa.selenium.chrome.ChromeDriver
Command: [2cf28825ea7a8a419a5b05b8e5d35d84, findElement {using=css selector, value=div[class='slds-spinner slds-spinner_brand slds-spinner_small']>div:nth-child(2)r}]
Capabilities {acceptInsecureCerts: false, browserName: chrome, browserVersion: 124.0.6367.92, chrome: {chromedriverVersion: 124.0.6367.91 (51df0e5e17a8..., userDataDir: C:\Users\PRATHA~1.KUM\AppDa...}, fedcm:accounts: true, goog:chromeOptions: {debuggerAddress: localhost:49451}, networkConnectionEnabled: false, pageLoadStrategy: normal, platformName: WINDOWS, proxy: Proxy(), se:cdp: ws://localhost:49451/devtoo..., se:cdpVersion: 124.0.6367.92, setWindowRect: true, strictFileInteractability: false, timeouts: {implicit: 0, pageLoad: 300000, script: 30000}, unhandledPromptBehavior: dismiss and notify, webauthn:extension:credBlob: true, webauthn:extension:largeBlob: true, webauthn:extension:minPinLength: true, webauthn:extension:prf: true, webauthn:virtualAuthenticators: true}
Session ID: 2cf28825ea7a8a419a5b05b8e5d35d84</small> </font> </div>
<div class="test-event"> <font color="maroon"> <small> &emsp; &emsp;--- 04 May 23:46:12 573 - <b>0</b> - Spinner Load Wait: (Sync) - ICar.support.WaitUtils.waitForSpinner(WaitUtils.java:225)</small> </font> </div>
<div class="test-event"> <font color="maroon"> <small> &emsp; &emsp;--- 04 May 23:46:12 647 - Page URL:: https://www.i-car.com/product/inprocess-quality-control-checks</small> </font> </div>
<div class="test-event"> <font color="maroon"> <small> &emsp; &emsp;--- 04 May 23:46:12 647 - <b>0</b> - Page Load Wait: (Sync) - ICar.support.Utils.waitForPageLoad(Utils.java:109)</small> </font> </div>
<div class="test-event"> <font color="maroon"> <small> &emsp; &emsp;--- 04 May 23:46:22 689 - Element is displayed:: [[ChromeDriver: chrome on WINDOWS (2cf28825ea7a8a419a5b05b8e5d35d84)] -> xpath: //div[@class='productDetails slds-p-bottom_large']//div[contains(@class,'slds-p-bottom_medium')]]</small> </font> </div>
<div class="test-message">&emsp;Course Name : InProcessQualityControlChecks is displayed in the URL page</div>
<div class="test-message">&emsp;Successfully verified the course name for relevant link&emsp;<a href=".\ScreenShot\URL_TC001_2720328326565700.png" target="_blank" >[ScreenShot]</a></div>
<div class="test-message">&emsp;
</div>
<div class="test-message">&emsp;87. URL is : https://www.i-car.com/product/electronic-braking-and-stability-control-systems-overview</div>
<div class="test-event"> <font color="maroon"> <small> &emsp; &emsp;--- 04 May 23:46:31 569 - Page URL:: https://www.i-car.com/product/electronic-braking-and-stability-control-systems-overview</small> </font> </div>
<div class="test-event"> <font color="maroon"> <small> &emsp; &emsp;--- 04 May 23:46:31 569 - <b>0</b> - Page Load Wait: (Sync) - ICar.support.Utils.waitForPageLoad(Utils.java:109)</small> </font> </div>
<div class="test-message">&emsp;Successfully navigated to the :  https://www.i-car.com/product/electronic-braking-and-stability-control-systems-overview   Page&emsp;<a href=".\ScreenShot\URL_TC001_2720329186139500.png" target="_blank" >[ScreenShot]</a></div>
<div class="test-event"> <font color="maroon"> <small> &emsp; &emsp;--- 04 May 23:46:31 862 - Page URL:: https://www.i-car.com/product/electronic-braking-and-stability-control-systems-overview</small> </font> </div>
<div class="test-event"> <font color="maroon"> <small> &emsp; &emsp;--- 04 May 23:46:31 862 - <b>0</b> - Page Load Wait: (Sync) - ICar.support.Utils.waitForPageLoad(Utils.java:109)</small> </font> </div>
<div class="test-event"> <font color="maroon"> <small> &emsp; &emsp;--- 04 May 23:46:31 872 - Catched spinner load exception due to javascript error: {"status":32,"value":"An invalid or illegal selector was specified"}
  (Session info: chrome=124.0.6367.92)
Build info: version: '4.6.0', revision: '79f1c02ae20'
System info: os.name: 'Windows 10', os.arch: 'amd64', os.version: '10.0', java.version: '17.0.7'
Driver info: org.openqa.selenium.chrome.ChromeDriver
Command: [2cf28825ea7a8a419a5b05b8e5d35d84, findElement {using=css selector, value=div[class='slds-spinner slds-spinner_brand slds-spinner_small']>div:nth-child(2)r}]
Capabilities {acceptInsecureCerts: false, browserName: chrome, browserVersion: 124.0.6367.92, chrome: {chromedriverVersion: 124.0.6367.91 (51df0e5e17a8..., userDataDir: C:\Users\PRATHA~1.KUM\AppDa...}, fedcm:accounts: true, goog:chromeOptions: {debuggerAddress: localhost:49451}, networkConnectionEnabled: false, pageLoadStrategy: normal, platformName: WINDOWS, proxy: Proxy(), se:cdp: ws://localhost:49451/devtoo..., se:cdpVersion: 124.0.6367.92, setWindowRect: true, strictFileInteractability: false, timeouts: {implicit: 0, pageLoad: 300000, script: 30000}, unhandledPromptBehavior: dismiss and notify, webauthn:extension:credBlob: true, webauthn:extension:largeBlob: true, webauthn:extension:minPinLength: true, webauthn:extension:prf: true, webauthn:virtualAuthenticators: true}
Session ID: 2cf28825ea7a8a419a5b05b8e5d35d84</small> </font> </div>
<div class="test-event"> <font color="maroon"> <small> &emsp; &emsp;--- 04 May 23:46:31 872 - <b>0</b> - Spinner Load Wait: (Sync) - ICar.support.WaitUtils.waitForSpinner(WaitUtils.java:225)</small> </font> </div>
<div class="test-event"> <font color="maroon"> <small> &emsp; &emsp;--- 04 May 23:46:41 965 - Page URL:: https://www.i-car.com/product/electronic-braking-and-stability-control-systems-overview</small> </font> </div>
<div class="test-event"> <font color="maroon"> <small> &emsp; &emsp;--- 04 May 23:46:41 965 - <b>0</b> - Page Load Wait: (Sync) - ICar.support.Utils.waitForPageLoad(Utils.java:109)</small> </font> </div>
<div class="test-event"> <font color="maroon"> <small> &emsp; &emsp;--- 04 May 23:46:41 985 - Element is displayed:: [[ChromeDriver: chrome on WINDOWS (2cf28825ea7a8a419a5b05b8e5d35d84)] -> xpath: //a[contains(text(),'Back to Courses')]]</small> </font> </div>
<div class="test-event"> <font color="maroon"> <small> &emsp; &emsp;--- 04 May 23:46:49 015 - Catched spinner load exception due to javascript error: {"status":32,"value":"An invalid or illegal selector was specified"}
  (Session info: chrome=124.0.6367.92)
Build info: version: '4.6.0', revision: '79f1c02ae20'
System info: os.name: 'Windows 10', os.arch: 'amd64', os.version: '10.0', java.version: '17.0.7'
Driver info: org.openqa.selenium.chrome.ChromeDriver
Command: [2cf28825ea7a8a419a5b05b8e5d35d84, findElement {using=css selector, value=div[class='slds-spinner slds-spinner_brand slds-spinner_small']>div:nth-child(2)r}]
Capabilities {acceptInsecureCerts: false, browserName: chrome, browserVersion: 124.0.6367.92, chrome: {chromedriverVersion: 124.0.6367.91 (51df0e5e17a8..., userDataDir: C:\Users\PRATHA~1.KUM\AppDa...}, fedcm:accounts: true, goog:chromeOptions: {debuggerAddress: localhost:49451}, networkConnectionEnabled: false, pageLoadStrategy: normal, platformName: WINDOWS, proxy: Proxy(), se:cdp: ws://localhost:49451/devtoo..., se:cdpVersion: 124.0.6367.92, setWindowRect: true, strictFileInteractability: false, timeouts: {implicit: 0, pageLoad: 300000, script: 30000}, unhandledPromptBehavior: dismiss and notify, webauthn:extension:credBlob: true, webauthn:extension:largeBlob: true, webauthn:extension:minPinLength: true, webauthn:extension:prf: true, webauthn:virtualAuthenticators: true}
Session ID: 2cf28825ea7a8a419a5b05b8e5d35d84</small> </font> </div>
<div class="test-event"> <font color="maroon"> <small> &emsp; &emsp;--- 04 May 23:46:49 015 - <b>0</b> - Spinner Load Wait: (Sync) - ICar.support.WaitUtils.waitForSpinner(WaitUtils.java:225)</small> </font> </div>
<div class="test-message">&emsp;Back To Courses is displayed in the page </div>
<div class="test-message">&emsp;Successfully verified Back To Course Link&emsp;<a href=".\ScreenShot\URL_TC001_2720346643645700.png" target="_blank" >[ScreenShot]</a></div>
<div class="test-event"> <font color="maroon"> <small> &emsp; &emsp;--- 04 May 23:46:49 261 - Catched spinner load exception due to javascript error: {"status":32,"value":"An invalid or illegal selector was specified"}
  (Session info: chrome=124.0.6367.92)
Build info: version: '4.6.0', revision: '79f1c02ae20'
System info: os.name: 'Windows 10', os.arch: 'amd64', os.version: '10.0', java.version: '17.0.7'
Driver info: org.openqa.selenium.chrome.ChromeDriver
Command: [2cf28825ea7a8a419a5b05b8e5d35d84, findElement {using=css selector, value=div[class='slds-spinner slds-spinner_brand slds-spinner_small']>div:nth-child(2)r}]
Capabilities {acceptInsecureCerts: false, browserName: chrome, browserVersion: 124.0.6367.92, chrome: {chromedriverVersion: 124.0.6367.91 (51df0e5e17a8..., userDataDir: C:\Users\PRATHA~1.KUM\AppDa...}, fedcm:accounts: true, goog:chromeOptions: {debuggerAddress: localhost:49451}, networkConnectionEnabled: false, pageLoadStrategy: normal, platformName: WINDOWS, proxy: Proxy(), se:cdp: ws://localhost:49451/devtoo..., se:cdpVersion: 124.0.6367.92, setWindowRect: true, strictFileInteractability: false, timeouts: {implicit: 0, pageLoad: 300000, script: 30000}, unhandledPromptBehavior: dismiss and notify, webauthn:extension:credBlob: true, webauthn:extension:largeBlob: true, webauthn:extension:minPinLength: true, webauthn:extension:prf: true, webauthn:virtualAuthenticators: true}
Session ID: 2cf28825ea7a8a419a5b05b8e5d35d84</small> </font> </div>
<div class="test-event"> <font color="maroon"> <small> &emsp; &emsp;--- 04 May 23:46:49 261 - <b>0</b> - Spinner Load Wait: (Sync) - ICar.support.WaitUtils.waitForSpinner(WaitUtils.java:225)</small> </font> </div>
<div class="test-event"> <font color="maroon"> <small> &emsp; &emsp;--- 04 May 23:46:49 322 - Page URL:: https://www.i-car.com/product/electronic-braking-and-stability-control-systems-overview</small> </font> </div>
<div class="test-event"> <font color="maroon"> <small> &emsp; &emsp;--- 04 May 23:46:49 322 - <b>0</b> - Page Load Wait: (Sync) - ICar.support.Utils.waitForPageLoad(Utils.java:109)</small> </font> </div>
<div class="test-event"> <font color="maroon"> <small> &emsp; &emsp;--- 04 May 23:46:59 408 - Element is displayed:: [[ChromeDriver: chrome on WINDOWS (2cf28825ea7a8a419a5b05b8e5d35d84)] -> xpath: //div[@class='productDetails slds-p-bottom_large']//div[contains(@class,'slds-p-bottom_medium')]]</small> </font> </div>
<div class="test-message">&emsp;Course Name : ElectronicBrakingandStabilityControlSystemsOverview is displayed in the URL page</div>
<div class="test-message">&emsp;Successfully verified the course name for relevant link&emsp;<a href=".\ScreenShot\URL_TC001_2720365043919500.png" target="_blank" >[ScreenShot]</a></div>
<div class="test-message">&emsp;
</div>
<div class="test-message">&emsp;88. URL is : https://www.i-car.com/product/steering-system-overview</div>
<div class="test-event"> <font color="maroon"> <small> &emsp; &emsp;--- 04 May 23:47:08 355 - Page URL:: https://www.i-car.com/product/steering-system-overview</small> </font> </div>
<div class="test-event"> <font color="maroon"> <small> &emsp; &emsp;--- 04 May 23:47:08 355 - <b>0</b> - Page Load Wait: (Sync) - ICar.support.Utils.waitForPageLoad(Utils.java:109)</small> </font> </div>
<div class="test-message">&emsp;Successfully navigated to the :  https://www.i-car.com/product/steering-system-overview   Page&emsp;<a href=".\ScreenShot\URL_TC001_2720365971545000.png" target="_blank" >[ScreenShot]</a></div>
<div class="test-event"> <font color="maroon"> <small> &emsp; &emsp;--- 04 May 23:47:08 699 - Page URL:: https://www.i-car.com/product/steering-system-overview</small> </font> </div>
<div class="test-event"> <font color="maroon"> <small> &emsp; &emsp;--- 04 May 23:47:08 699 - <b>0</b> - Page Load Wait: (Sync) - ICar.support.Utils.waitForPageLoad(Utils.java:109)</small> </font> </div>
<div class="test-event"> <font color="maroon"> <small> &emsp; &emsp;--- 04 May 23:47:08 707 - Catched spinner load exception due to javascript error: {"status":32,"value":"An invalid or illegal selector was specified"}
  (Session info: chrome=124.0.6367.92)
Build info: version: '4.6.0', revision: '79f1c02ae20'
System info: os.name: 'Windows 10', os.arch: 'amd64', os.version: '10.0', java.version: '17.0.7'
Driver info: org.openqa.selenium.chrome.ChromeDriver
Command: [2cf28825ea7a8a419a5b05b8e5d35d84, findElement {using=css selector, value=div[class='slds-spinner slds-spinner_brand slds-spinner_small']>div:nth-child(2)r}]
Capabilities {acceptInsecureCerts: false, browserName: chrome, browserVersion: 124.0.6367.92, chrome: {chromedriverVersion: 124.0.6367.91 (51df0e5e17a8..., userDataDir: C:\Users\PRATHA~1.KUM\AppDa...}, fedcm:accounts: true, goog:chromeOptions: {debuggerAddress: localhost:49451}, networkConnectionEnabled: false, pageLoadStrategy: normal, platformName: WINDOWS, proxy: Proxy(), se:cdp: ws://localhost:49451/devtoo..., se:cdpVersion: 124.0.6367.92, setWindowRect: true, strictFileInteractability: false, timeouts: {implicit: 0, pageLoad: 300000, script: 30000}, unhandledPromptBehavior: dismiss and notify, webauthn:extension:credBlob: true, webauthn:extension:largeBlob: true, webauthn:extension:minPinLength: true, webauthn:extension:prf: true, webauthn:virtualAuthenticators: true}
Session ID: 2cf28825ea7a8a419a5b05b8e5d35d84</small> </font> </div>
<div class="test-event"> <font color="maroon"> <small> &emsp; &emsp;--- 04 May 23:47:08 707 - <b>0</b> - Spinner Load Wait: (Sync) - ICar.support.WaitUtils.waitForSpinner(WaitUtils.java:225)</small> </font> </div>
<div class="test-event"> <font color="maroon"> <small> &emsp; &emsp;--- 04 May 23:47:18 797 - Page URL:: https://www.i-car.com/product/steering-system-overview</small> </font> </div>
<div class="test-event"> <font color="maroon"> <small> &emsp; &emsp;--- 04 May 23:47:18 798 - <b>0</b> - Page Load Wait: (Sync) - ICar.support.Utils.waitForPageLoad(Utils.java:109)</small> </font> </div>
<div class="test-event"> <font color="maroon"> <small> &emsp; &emsp;--- 04 May 23:47:18 816 - Element is displayed:: [[ChromeDriver: chrome on WINDOWS (2cf28825ea7a8a419a5b05b8e5d35d84)] -> xpath: //a[contains(text(),'Back to Courses')]]</small> </font> </div>
<div class="test-event"> <font color="maroon"> <small> &emsp; &emsp;--- 04 May 23:47:25 848 - Catched spinner load exception due to javascript error: {"status":32,"value":"An invalid or illegal selector was specified"}
  (Session info: chrome=124.0.6367.92)
Build info: version: '4.6.0', revision: '79f1c02ae20'
System info: os.name: 'Windows 10', os.arch: 'amd64', os.version: '10.0', java.version: '17.0.7'
Driver info: org.openqa.selenium.chrome.ChromeDriver
Command: [2cf28825ea7a8a419a5b05b8e5d35d84, findElement {using=css selector, value=div[class='slds-spinner slds-spinner_brand slds-spinner_small']>div:nth-child(2)r}]
Capabilities {acceptInsecureCerts: false, browserName: chrome, browserVersion: 124.0.6367.92, chrome: {chromedriverVersion: 124.0.6367.91 (51df0e5e17a8..., userDataDir: C:\Users\PRATHA~1.KUM\AppDa...}, fedcm:accounts: true, goog:chromeOptions: {debuggerAddress: localhost:49451}, networkConnectionEnabled: false, pageLoadStrategy: normal, platformName: WINDOWS, proxy: Proxy(), se:cdp: ws://localhost:49451/devtoo..., se:cdpVersion: 124.0.6367.92, setWindowRect: true, strictFileInteractability: false, timeouts: {implicit: 0, pageLoad: 300000, script: 30000}, unhandledPromptBehavior: dismiss and notify, webauthn:extension:credBlob: true, webauthn:extension:largeBlob: true, webauthn:extension:minPinLength: true, webauthn:extension:prf: true, webauthn:virtualAuthenticators: true}
Session ID: 2cf28825ea7a8a419a5b05b8e5d35d84</small> </font> </div>
<div class="test-event"> <font color="maroon"> <small> &emsp; &emsp;--- 04 May 23:47:25 848 - <b>0</b> - Spinner Load Wait: (Sync) - ICar.support.WaitUtils.waitForSpinner(WaitUtils.java:225)</small> </font> </div>
<div class="test-message">&emsp;Back To Courses is displayed in the page </div>
<div class="test-message">&emsp;Successfully verified Back To Course Link&emsp;<a href=".\ScreenShot\URL_TC001_2720383475582100.png" target="_blank" >[ScreenShot]</a></div>
<div class="test-event"> <font color="maroon"> <small> &emsp; &emsp;--- 04 May 23:47:26 147 - Catched spinner load exception due to javascript error: {"status":32,"value":"An invalid or illegal selector was specified"}
  (Session info: chrome=124.0.6367.92)
Build info: version: '4.6.0', revision: '79f1c02ae20'
System info: os.name: 'Windows 10', os.arch: 'amd64', os.version: '10.0', java.version: '17.0.7'
Driver info: org.openqa.selenium.chrome.ChromeDriver
Command: [2cf28825ea7a8a419a5b05b8e5d35d84, findElement {using=css selector, value=div[class='slds-spinner slds-spinner_brand slds-spinner_small']>div:nth-child(2)r}]
Capabilities {acceptInsecureCerts: false, browserName: chrome, browserVersion: 124.0.6367.92, chrome: {chromedriverVersion: 124.0.6367.91 (51df0e5e17a8..., userDataDir: C:\Users\PRATHA~1.KUM\AppDa...}, fedcm:accounts: true, goog:chromeOptions: {debuggerAddress: localhost:49451}, networkConnectionEnabled: false, pageLoadStrategy: normal, platformName: WINDOWS, proxy: Proxy(), se:cdp: ws://localhost:49451/devtoo..., se:cdpVersion: 124.0.6367.92, setWindowRect: true, strictFileInteractability: false, timeouts: {implicit: 0, pageLoad: 300000, script: 30000}, unhandledPromptBehavior: dismiss and notify, webauthn:extension:credBlob: true, webauthn:extension:largeBlob: true, webauthn:extension:minPinLength: true, webauthn:extension:prf: true, webauthn:virtualAuthenticators: true}
Session ID: 2cf28825ea7a8a419a5b05b8e5d35d84</small> </font> </div>
<div class="test-event"> <font color="maroon"> <small> &emsp; &emsp;--- 04 May 23:47:26 148 - <b>0</b> - Spinner Load Wait: (Sync) - ICar.support.WaitUtils.waitForSpinner(WaitUtils.java:225)</small> </font> </div>
<div class="test-event"> <font color="maroon"> <small> &emsp; &emsp;--- 04 May 23:47:26 208 - Page URL:: https://www.i-car.com/product/steering-system-overview</small> </font> </div>
<div class="test-event"> <font color="maroon"> <small> &emsp; &emsp;--- 04 May 23:47:26 208 - <b>0</b> - Page Load Wait: (Sync) - ICar.support.Utils.waitForPageLoad(Utils.java:109)</small> </font> </div>
<div class="test-event"> <font color="maroon"> <small> &emsp; &emsp;--- 04 May 23:47:36 276 - Element is displayed:: [[ChromeDriver: chrome on WINDOWS (2cf28825ea7a8a419a5b05b8e5d35d84)] -> xpath: //div[@class='productDetails slds-p-bottom_large']//div[contains(@class,'slds-p-bottom_medium')]]</small> </font> </div>
<div class="test-message">&emsp;Course Name : SteeringSystemOverview is displayed in the URL page</div>
<div class="test-message">&emsp;Successfully verified the course name for relevant link&emsp;<a href=".\ScreenShot\URL_TC001_2720401917145300.png" target="_blank" >[ScreenShot]</a></div>
<div class="test-message">&emsp;
</div>
<div class="test-message">&emsp;89. URL is : https://www.i-car.com/product/refinishing-application-and-blending</div>
<div class="test-event"> <font color="maroon"> <small> &emsp; &emsp;--- 04 May 23:47:45 643 - Page URL:: https://www.i-car.com/product/refinishing-application-and-blending</small> </font> </div>
<div class="test-event"> <font color="maroon"> <small> &emsp; &emsp;--- 04 May 23:47:45 643 - <b>0</b> - Page Load Wait: (Sync) - ICar.support.Utils.waitForPageLoad(Utils.java:109)</small> </font> </div>
<div class="test-message">&emsp;Successfully navigated to the :  https://www.i-car.com/product/refinishing-application-and-blending   Page&emsp;<a href=".\ScreenShot\URL_TC001_2720403260042000.png" target="_blank" >[ScreenShot]</a></div>
<div class="test-event"> <font color="maroon"> <small> &emsp; &emsp;--- 04 May 23:47:45 929 - Page URL:: https://www.i-car.com/product/refinishing-application-and-blending</small> </font> </div>
<div class="test-event"> <font color="maroon"> <small> &emsp; &emsp;--- 04 May 23:47:45 929 - <b>0</b> - Page Load Wait: (Sync) - ICar.support.Utils.waitForPageLoad(Utils.java:109)</small> </font> </div>
<div class="test-event"> <font color="maroon"> <small> &emsp; &emsp;--- 04 May 23:47:45 940 - Catched spinner load exception due to javascript error: {"status":32,"value":"An invalid or illegal selector was specified"}
  (Session info: chrome=124.0.6367.92)
Build info: version: '4.6.0', revision: '79f1c02ae20'
System info: os.name: 'Windows 10', os.arch: 'amd64', os.version: '10.0', java.version: '17.0.7'
Driver info: org.openqa.selenium.chrome.ChromeDriver
Command: [2cf28825ea7a8a419a5b05b8e5d35d84, findElement {using=css selector, value=div[class='slds-spinner slds-spinner_brand slds-spinner_small']>div:nth-child(2)r}]
Capabilities {acceptInsecureCerts: false, browserName: chrome, browserVersion: 124.0.6367.92, chrome: {chromedriverVersion: 124.0.6367.91 (51df0e5e17a8..., userDataDir: C:\Users\PRATHA~1.KUM\AppDa...}, fedcm:accounts: true, goog:chromeOptions: {debuggerAddress: localhost:49451}, networkConnectionEnabled: false, pageLoadStrategy: normal, platformName: WINDOWS, proxy: Proxy(), se:cdp: ws://localhost:49451/devtoo..., se:cdpVersion: 124.0.6367.92, setWindowRect: true, strictFileInteractability: false, timeouts: {implicit: 0, pageLoad: 300000, script: 30000}, unhandledPromptBehavior: dismiss and notify, webauthn:extension:credBlob: true, webauthn:extension:largeBlob: true, webauthn:extension:minPinLength: true, webauthn:extension:prf: true, webauthn:virtualAuthenticators: true}
Session ID: 2cf28825ea7a8a419a5b05b8e5d35d84</small> </font> </div>
<div class="test-event"> <font color="maroon"> <small> &emsp; &emsp;--- 04 May 23:47:45 940 - <b>0</b> - Spinner Load Wait: (Sync) - ICar.support.WaitUtils.waitForSpinner(WaitUtils.java:225)</small> </font> </div>
<div class="test-event"> <font color="maroon"> <small> &emsp; &emsp;--- 04 May 23:47:56 024 - Page URL:: https://www.i-car.com/product/refinishing-application-and-blending</small> </font> </div>
<div class="test-event"> <font color="maroon"> <small> &emsp; &emsp;--- 04 May 23:47:56 024 - <b>0</b> - Page Load Wait: (Sync) - ICar.support.Utils.waitForPageLoad(Utils.java:109)</small> </font> </div>
<div class="test-event"> <font color="maroon"> <small> &emsp; &emsp;--- 04 May 23:47:56 044 - Element is displayed:: [[ChromeDriver: chrome on WINDOWS (2cf28825ea7a8a419a5b05b8e5d35d84)] -> xpath: //a[contains(text(),'Back to Courses')]]</small> </font> </div>
<div class="test-event"> <font color="maroon"> <small> &emsp; &emsp;--- 04 May 23:48:03 068 - Catched spinner load exception due to javascript error: {"status":32,"value":"An invalid or illegal selector was specified"}
  (Session info: chrome=124.0.6367.92)
Build info: version: '4.6.0', revision: '79f1c02ae20'
System info: os.name: 'Windows 10', os.arch: 'amd64', os.version: '10.0', java.version: '17.0.7'
Driver info: org.openqa.selenium.chrome.ChromeDriver
Command: [2cf28825ea7a8a419a5b05b8e5d35d84, findElement {using=css selector, value=div[class='slds-spinner slds-spinner_brand slds-spinner_small']>div:nth-child(2)r}]
Capabilities {acceptInsecureCerts: false, browserName: chrome, browserVersion: 124.0.6367.92, chrome: {chromedriverVersion: 124.0.6367.91 (51df0e5e17a8..., userDataDir: C:\Users\PRATHA~1.KUM\AppDa...}, fedcm:accounts: true, goog:chromeOptions: {debuggerAddress: localhost:49451}, networkConnectionEnabled: false, pageLoadStrategy: normal, platformName: WINDOWS, proxy: Proxy(), se:cdp: ws://localhost:49451/devtoo..., se:cdpVersion: 124.0.6367.92, setWindowRect: true, strictFileInteractability: false, timeouts: {implicit: 0, pageLoad: 300000, script: 30000}, unhandledPromptBehavior: dismiss and notify, webauthn:extension:credBlob: true, webauthn:extension:largeBlob: true, webauthn:extension:minPinLength: true, webauthn:extension:prf: true, webauthn:virtualAuthenticators: true}
Session ID: 2cf28825ea7a8a419a5b05b8e5d35d84</small> </font> </div>
<div class="test-event"> <font color="maroon"> <small> &emsp; &emsp;--- 04 May 23:48:03 068 - <b>0</b> - Spinner Load Wait: (Sync) - ICar.support.WaitUtils.waitForSpinner(WaitUtils.java:225)</small> </font> </div>
<div class="test-message">&emsp;Back To Courses is displayed in the page </div>
<div class="test-message">&emsp;Successfully verified Back To Course Link&emsp;<a href=".\ScreenShot\URL_TC001_2720420696591700.png" target="_blank" >[ScreenShot]</a></div>
<div class="test-event"> <font color="maroon"> <small> &emsp; &emsp;--- 04 May 23:48:03 310 - Catched spinner load exception due to javascript error: {"status":32,"value":"An invalid or illegal selector was specified"}
  (Session info: chrome=124.0.6367.92)
Build info: version: '4.6.0', revision: '79f1c02ae20'
System info: os.name: 'Windows 10', os.arch: 'amd64', os.version: '10.0', java.version: '17.0.7'
Driver info: org.openqa.selenium.chrome.ChromeDriver
Command: [2cf28825ea7a8a419a5b05b8e5d35d84, findElement {using=css selector, value=div[class='slds-spinner slds-spinner_brand slds-spinner_small']>div:nth-child(2)r}]
Capabilities {acceptInsecureCerts: false, browserName: chrome, browserVersion: 124.0.6367.92, chrome: {chromedriverVersion: 124.0.6367.91 (51df0e5e17a8..., userDataDir: C:\Users\PRATHA~1.KUM\AppDa...}, fedcm:accounts: true, goog:chromeOptions: {debuggerAddress: localhost:49451}, networkConnectionEnabled: false, pageLoadStrategy: normal, platformName: WINDOWS, proxy: Proxy(), se:cdp: ws://localhost:49451/devtoo..., se:cdpVersion: 124.0.6367.92, setWindowRect: true, strictFileInteractability: false, timeouts: {implicit: 0, pageLoad: 300000, script: 30000}, unhandledPromptBehavior: dismiss and notify, webauthn:extension:credBlob: true, webauthn:extension:largeBlob: true, webauthn:extension:minPinLength: true, webauthn:extension:prf: true, webauthn:virtualAuthenticators: true}
Session ID: 2cf28825ea7a8a419a5b05b8e5d35d84</small> </font> </div>
<div class="test-event"> <font color="maroon"> <small> &emsp; &emsp;--- 04 May 23:48:03 310 - <b>0</b> - Spinner Load Wait: (Sync) - ICar.support.WaitUtils.waitForSpinner(WaitUtils.java:225)</small> </font> </div>
<div class="test-event"> <font color="maroon"> <small> &emsp; &emsp;--- 04 May 23:48:03 376 - Page URL:: https://www.i-car.com/product/refinishing-application-and-blending</small> </font> </div>
<div class="test-event"> <font color="maroon"> <small> &emsp; &emsp;--- 04 May 23:48:03 376 - <b>0</b> - Page Load Wait: (Sync) - ICar.support.Utils.waitForPageLoad(Utils.java:109)</small> </font> </div>
<div class="test-event"> <font color="maroon"> <small> &emsp; &emsp;--- 04 May 23:48:13 443 - Element is displayed:: [[ChromeDriver: chrome on WINDOWS (2cf28825ea7a8a419a5b05b8e5d35d84)] -> xpath: //div[@class='productDetails slds-p-bottom_large']//div[contains(@class,'slds-p-bottom_medium')]]</small> </font> </div>
<div class="test-message">&emsp;Course Name : RefinishingApplicationandBlending is displayed in the URL page</div>
<div class="test-message">&emsp;Successfully verified the course name for relevant link&emsp;<a href=".\ScreenShot\URL_TC001_2720439088466300.png" target="_blank" >[ScreenShot]</a></div>
<div class="test-message">&emsp;
</div>
<div class="test-message">&emsp;90. URL is : https://www.i-car.com/product/basic-color-theory</div>
<div class="test-event"> <font color="maroon"> <small> &emsp; &emsp;--- 04 May 23:48:22 632 - Page URL:: https://www.i-car.com/product/basic-color-theory</small> </font> </div>
<div class="test-event"> <font color="maroon"> <small> &emsp; &emsp;--- 04 May 23:48:22 632 - <b>0</b> - Page Load Wait: (Sync) - ICar.support.Utils.waitForPageLoad(Utils.java:109)</small> </font> </div>
<div class="test-message">&emsp;Successfully navigated to the :  https://www.i-car.com/product/basic-color-theory   Page&emsp;<a href=".\ScreenShot\URL_TC001_2720440249768000.png" target="_blank" >[ScreenShot]</a></div>
<div class="test-event"> <font color="maroon"> <small> &emsp; &emsp;--- 04 May 23:48:22 912 - Page URL:: https://www.i-car.com/product/basic-color-theory</small> </font> </div>
<div class="test-event"> <font color="maroon"> <small> &emsp; &emsp;--- 04 May 23:48:22 912 - <b>0</b> - Page Load Wait: (Sync) - ICar.support.Utils.waitForPageLoad(Utils.java:109)</small> </font> </div>
<div class="test-event"> <font color="maroon"> <small> &emsp; &emsp;--- 04 May 23:48:22 921 - Catched spinner load exception due to javascript error: {"status":32,"value":"An invalid or illegal selector was specified"}
  (Session info: chrome=124.0.6367.92)
Build info: version: '4.6.0', revision: '79f1c02ae20'
System info: os.name: 'Windows 10', os.arch: 'amd64', os.version: '10.0', java.version: '17.0.7'
Driver info: org.openqa.selenium.chrome.ChromeDriver
Command: [2cf28825ea7a8a419a5b05b8e5d35d84, findElement {using=css selector, value=div[class='slds-spinner slds-spinner_brand slds-spinner_small']>div:nth-child(2)r}]
Capabilities {acceptInsecureCerts: false, browserName: chrome, browserVersion: 124.0.6367.92, chrome: {chromedriverVersion: 124.0.6367.91 (51df0e5e17a8..., userDataDir: C:\Users\PRATHA~1.KUM\AppDa...}, fedcm:accounts: true, goog:chromeOptions: {debuggerAddress: localhost:49451}, networkConnectionEnabled: false, pageLoadStrategy: normal, platformName: WINDOWS, proxy: Proxy(), se:cdp: ws://localhost:49451/devtoo..., se:cdpVersion: 124.0.6367.92, setWindowRect: true, strictFileInteractability: false, timeouts: {implicit: 0, pageLoad: 300000, script: 30000}, unhandledPromptBehavior: dismiss and notify, webauthn:extension:credBlob: true, webauthn:extension:largeBlob: true, webauthn:extension:minPinLength: true, webauthn:extension:prf: true, webauthn:virtualAuthenticators: true}
Session ID: 2cf28825ea7a8a419a5b05b8e5d35d84</small> </font> </div>
<div class="test-event"> <font color="maroon"> <small> &emsp; &emsp;--- 04 May 23:48:22 921 - <b>0</b> - Spinner Load Wait: (Sync) - ICar.support.WaitUtils.waitForSpinner(WaitUtils.java:225)</small> </font> </div>
<div class="test-event"> <font color="maroon"> <small> &emsp; &emsp;--- 04 May 23:48:33 005 - Page URL:: https://www.i-car.com/product/basic-color-theory</small> </font> </div>
<div class="test-event"> <font color="maroon"> <small> &emsp; &emsp;--- 04 May 23:48:33 005 - <b>0</b> - Page Load Wait: (Sync) - ICar.support.Utils.waitForPageLoad(Utils.java:109)</small> </font> </div>
<div class="test-event"> <font color="maroon"> <small> &emsp; &emsp;--- 04 May 23:48:33 023 - Element is displayed:: [[ChromeDriver: chrome on WINDOWS (2cf28825ea7a8a419a5b05b8e5d35d84)] -> xpath: //a[contains(text(),'Back to Courses')]]</small> </font> </div>
<div class="test-event"> <font color="maroon"> <small> &emsp; &emsp;--- 04 May 23:48:40 049 - Catched spinner load exception due to javascript error: {"status":32,"value":"An invalid or illegal selector was specified"}
  (Session info: chrome=124.0.6367.92)
Build info: version: '4.6.0', revision: '79f1c02ae20'
System info: os.name: 'Windows 10', os.arch: 'amd64', os.version: '10.0', java.version: '17.0.7'
Driver info: org.openqa.selenium.chrome.ChromeDriver
Command: [2cf28825ea7a8a419a5b05b8e5d35d84, findElement {using=css selector, value=div[class='slds-spinner slds-spinner_brand slds-spinner_small']>div:nth-child(2)r}]
Capabilities {acceptInsecureCerts: false, browserName: chrome, browserVersion: 124.0.6367.92, chrome: {chromedriverVersion: 124.0.6367.91 (51df0e5e17a8..., userDataDir: C:\Users\PRATHA~1.KUM\AppDa...}, fedcm:accounts: true, goog:chromeOptions: {debuggerAddress: localhost:49451}, networkConnectionEnabled: false, pageLoadStrategy: normal, platformName: WINDOWS, proxy: Proxy(), se:cdp: ws://localhost:49451/devtoo..., se:cdpVersion: 124.0.6367.92, setWindowRect: true, strictFileInteractability: false, timeouts: {implicit: 0, pageLoad: 300000, script: 30000}, unhandledPromptBehavior: dismiss and notify, webauthn:extension:credBlob: true, webauthn:extension:largeBlob: true, webauthn:extension:minPinLength: true, webauthn:extension:prf: true, webauthn:virtualAuthenticators: true}
Session ID: 2cf28825ea7a8a419a5b05b8e5d35d84</small> </font> </div>
<div class="test-event"> <font color="maroon"> <small> &emsp; &emsp;--- 04 May 23:48:40 049 - <b>0</b> - Spinner Load Wait: (Sync) - ICar.support.WaitUtils.waitForSpinner(WaitUtils.java:225)</small> </font> </div>
<div class="test-message">&emsp;Back To Courses is displayed in the page </div>
<div class="test-message">&emsp;Successfully verified Back To Course Link&emsp;<a href=".\ScreenShot\URL_TC001_2720457676754500.png" target="_blank" >[ScreenShot]</a></div>
<div class="test-event"> <font color="maroon"> <small> &emsp; &emsp;--- 04 May 23:48:40 286 - Catched spinner load exception due to javascript error: {"status":32,"value":"An invalid or illegal selector was specified"}
  (Session info: chrome=124.0.6367.92)
Build info: version: '4.6.0', revision: '79f1c02ae20'
System info: os.name: 'Windows 10', os.arch: 'amd64', os.version: '10.0', java.version: '17.0.7'
Driver info: org.openqa.selenium.chrome.ChromeDriver
Command: [2cf28825ea7a8a419a5b05b8e5d35d84, findElement {using=css selector, value=div[class='slds-spinner slds-spinner_brand slds-spinner_small']>div:nth-child(2)r}]
Capabilities {acceptInsecureCerts: false, browserName: chrome, browserVersion: 124.0.6367.92, chrome: {chromedriverVersion: 124.0.6367.91 (51df0e5e17a8..., userDataDir: C:\Users\PRATHA~1.KUM\AppDa...}, fedcm:accounts: true, goog:chromeOptions: {debuggerAddress: localhost:49451}, networkConnectionEnabled: false, pageLoadStrategy: normal, platformName: WINDOWS, proxy: Proxy(), se:cdp: ws://localhost:49451/devtoo..., se:cdpVersion: 124.0.6367.92, setWindowRect: true, strictFileInteractability: false, timeouts: {implicit: 0, pageLoad: 300000, script: 30000}, unhandledPromptBehavior: dismiss and notify, webauthn:extension:credBlob: true, webauthn:extension:largeBlob: true, webauthn:extension:minPinLength: true, webauthn:extension:prf: true, webauthn:virtualAuthenticators: true}
Session ID: 2cf28825ea7a8a419a5b05b8e5d35d84</small> </font> </div>
<div class="test-event"> <font color="maroon"> <small> &emsp; &emsp;--- 04 May 23:48:40 286 - <b>0</b> - Spinner Load Wait: (Sync) - ICar.support.WaitUtils.waitForSpinner(WaitUtils.java:225)</small> </font> </div>
<div class="test-event"> <font color="maroon"> <small> &emsp; &emsp;--- 04 May 23:48:40 348 - Page URL:: https://www.i-car.com/product/basic-color-theory</small> </font> </div>
<div class="test-event"> <font color="maroon"> <small> &emsp; &emsp;--- 04 May 23:48:40 348 - <b>0</b> - Page Load Wait: (Sync) - ICar.support.Utils.waitForPageLoad(Utils.java:109)</small> </font> </div>
<div class="test-event"> <font color="maroon"> <small> &emsp; &emsp;--- 04 May 23:48:50 408 - Element is displayed:: [[ChromeDriver: chrome on WINDOWS (2cf28825ea7a8a419a5b05b8e5d35d84)] -> xpath: //div[@class='productDetails slds-p-bottom_large']//div[contains(@class,'slds-p-bottom_medium')]]</small> </font> </div>
<div class="test-message">&emsp;Course Name : BasicColorTheory is displayed in the URL page</div>
<div class="test-message">&emsp;Successfully verified the course name for relevant link&emsp;<a href=".\ScreenShot\URL_TC001_2720476046408500.png" target="_blank" >[ScreenShot]</a></div>
<div class="test-message">&emsp;
</div>
<div class="test-message">&emsp;91. URL is : https://www.i-car.com/product/introduction-to-sanding-buffing-and-polishing</div>
<div class="test-event"> <font color="maroon"> <small> &emsp; &emsp;--- 04 May 23:48:59 872 - Page URL:: https://www.i-car.com/product/introduction-to-sanding-buffing-and-polishing</small> </font> </div>
<div class="test-event"> <font color="maroon"> <small> &emsp; &emsp;--- 04 May 23:48:59 872 - <b>0</b> - Page Load Wait: (Sync) - ICar.support.Utils.waitForPageLoad(Utils.java:109)</small> </font> </div>
<div class="test-message">&emsp;Successfully navigated to the :  https://www.i-car.com/product/introduction-to-sanding-buffing-and-polishing   Page&emsp;<a href=".\ScreenShot\URL_TC001_2720477489571300.png" target="_blank" >[ScreenShot]</a></div>
<div class="test-event"> <font color="maroon"> <small> &emsp; &emsp;--- 04 May 23:49:00 132 - Page URL:: https://www.i-car.com/product/introduction-to-sanding-buffing-and-polishing</small> </font> </div>
<div class="test-event"> <font color="maroon"> <small> &emsp; &emsp;--- 04 May 23:49:00 132 - <b>0</b> - Page Load Wait: (Sync) - ICar.support.Utils.waitForPageLoad(Utils.java:109)</small> </font> </div>
<div class="test-event"> <font color="maroon"> <small> &emsp; &emsp;--- 04 May 23:49:00 139 - Catched spinner load exception due to javascript error: {"status":32,"value":"An invalid or illegal selector was specified"}
  (Session info: chrome=124.0.6367.92)
Build info: version: '4.6.0', revision: '79f1c02ae20'
System info: os.name: 'Windows 10', os.arch: 'amd64', os.version: '10.0', java.version: '17.0.7'
Driver info: org.openqa.selenium.chrome.ChromeDriver
Command: [2cf28825ea7a8a419a5b05b8e5d35d84, findElement {using=css selector, value=div[class='slds-spinner slds-spinner_brand slds-spinner_small']>div:nth-child(2)r}]
Capabilities {acceptInsecureCerts: false, browserName: chrome, browserVersion: 124.0.6367.92, chrome: {chromedriverVersion: 124.0.6367.91 (51df0e5e17a8..., userDataDir: C:\Users\PRATHA~1.KUM\AppDa...}, fedcm:accounts: true, goog:chromeOptions: {debuggerAddress: localhost:49451}, networkConnectionEnabled: false, pageLoadStrategy: normal, platformName: WINDOWS, proxy: Proxy(), se:cdp: ws://localhost:49451/devtoo..., se:cdpVersion: 124.0.6367.92, setWindowRect: true, strictFileInteractability: false, timeouts: {implicit: 0, pageLoad: 300000, script: 30000}, unhandledPromptBehavior: dismiss and notify, webauthn:extension:credBlob: true, webauthn:extension:largeBlob: true, webauthn:extension:minPinLength: true, webauthn:extension:prf: true, webauthn:virtualAuthenticators: true}
Session ID: 2cf28825ea7a8a419a5b05b8e5d35d84</small> </font> </div>
<div class="test-event"> <font color="maroon"> <small> &emsp; &emsp;--- 04 May 23:49:00 139 - <b>0</b> - Spinner Load Wait: (Sync) - ICar.support.WaitUtils.waitForSpinner(WaitUtils.java:225)</small> </font> </div>
<div class="test-event"> <font color="maroon"> <small> &emsp; &emsp;--- 04 May 23:49:10 237 - Page URL:: https://www.i-car.com/product/introduction-to-sanding-buffing-and-polishing</small> </font> </div>
<div class="test-event"> <font color="maroon"> <small> &emsp; &emsp;--- 04 May 23:49:10 237 - <b>0</b> - Page Load Wait: (Sync) - ICar.support.Utils.waitForPageLoad(Utils.java:109)</small> </font> </div>
<div class="test-event"> <font color="maroon"> <small> &emsp; &emsp;--- 04 May 23:49:10 255 - Element is displayed:: [[ChromeDriver: chrome on WINDOWS (2cf28825ea7a8a419a5b05b8e5d35d84)] -> xpath: //a[contains(text(),'Back to Courses')]]</small> </font> </div>
<div class="test-event"> <font color="maroon"> <small> &emsp; &emsp;--- 04 May 23:49:17 278 - Catched spinner load exception due to javascript error: {"status":32,"value":"An invalid or illegal selector was specified"}
  (Session info: chrome=124.0.6367.92)
Build info: version: '4.6.0', revision: '79f1c02ae20'
System info: os.name: 'Windows 10', os.arch: 'amd64', os.version: '10.0', java.version: '17.0.7'
Driver info: org.openqa.selenium.chrome.ChromeDriver
Command: [2cf28825ea7a8a419a5b05b8e5d35d84, findElement {using=css selector, value=div[class='slds-spinner slds-spinner_brand slds-spinner_small']>div:nth-child(2)r}]
Capabilities {acceptInsecureCerts: false, browserName: chrome, browserVersion: 124.0.6367.92, chrome: {chromedriverVersion: 124.0.6367.91 (51df0e5e17a8..., userDataDir: C:\Users\PRATHA~1.KUM\AppDa...}, fedcm:accounts: true, goog:chromeOptions: {debuggerAddress: localhost:49451}, networkConnectionEnabled: false, pageLoadStrategy: normal, platformName: WINDOWS, proxy: Proxy(), se:cdp: ws://localhost:49451/devtoo..., se:cdpVersion: 124.0.6367.92, setWindowRect: true, strictFileInteractability: false, timeouts: {implicit: 0, pageLoad: 300000, script: 30000}, unhandledPromptBehavior: dismiss and notify, webauthn:extension:credBlob: true, webauthn:extension:largeBlob: true, webauthn:extension:minPinLength: true, webauthn:extension:prf: true, webauthn:virtualAuthenticators: true}
Session ID: 2cf28825ea7a8a419a5b05b8e5d35d84</small> </font> </div>
<div class="test-event"> <font color="maroon"> <small> &emsp; &emsp;--- 04 May 23:49:17 278 - <b>0</b> - Spinner Load Wait: (Sync) - ICar.support.WaitUtils.waitForSpinner(WaitUtils.java:225)</small> </font> </div>
<div class="test-message">&emsp;Back To Courses is displayed in the page </div>
<div class="test-message">&emsp;Successfully verified Back To Course Link&emsp;<a href=".\ScreenShot\URL_TC001_2720494905168200.png" target="_blank" >[ScreenShot]</a></div>
<div class="test-event"> <font color="maroon"> <small> &emsp; &emsp;--- 04 May 23:49:17 535 - Catched spinner load exception due to javascript error: {"status":32,"value":"An invalid or illegal selector was specified"}
  (Session info: chrome=124.0.6367.92)
Build info: version: '4.6.0', revision: '79f1c02ae20'
System info: os.name: 'Windows 10', os.arch: 'amd64', os.version: '10.0', java.version: '17.0.7'
Driver info: org.openqa.selenium.chrome.ChromeDriver
Command: [2cf28825ea7a8a419a5b05b8e5d35d84, findElement {using=css selector, value=div[class='slds-spinner slds-spinner_brand slds-spinner_small']>div:nth-child(2)r}]
Capabilities {acceptInsecureCerts: false, browserName: chrome, browserVersion: 124.0.6367.92, chrome: {chromedriverVersion: 124.0.6367.91 (51df0e5e17a8..., userDataDir: C:\Users\PRATHA~1.KUM\AppDa...}, fedcm:accounts: true, goog:chromeOptions: {debuggerAddress: localhost:49451}, networkConnectionEnabled: false, pageLoadStrategy: normal, platformName: WINDOWS, proxy: Proxy(), se:cdp: ws://localhost:49451/devtoo..., se:cdpVersion: 124.0.6367.92, setWindowRect: true, strictFileInteractability: false, timeouts: {implicit: 0, pageLoad: 300000, script: 30000}, unhandledPromptBehavior: dismiss and notify, webauthn:extension:credBlob: true, webauthn:extension:largeBlob: true, webauthn:extension:minPinLength: true, webauthn:extension:prf: true, webauthn:virtualAuthenticators: true}
Session ID: 2cf28825ea7a8a419a5b05b8e5d35d84</small> </font> </div>
<div class="test-event"> <font color="maroon"> <small> &emsp; &emsp;--- 04 May 23:49:17 535 - <b>0</b> - Spinner Load Wait: (Sync) - ICar.support.WaitUtils.waitForSpinner(WaitUtils.java:225)</small> </font> </div>
<div class="test-event"> <font color="maroon"> <small> &emsp; &emsp;--- 04 May 23:49:17 596 - Page URL:: https://www.i-car.com/product/introduction-to-sanding-buffing-and-polishing</small> </font> </div>
<div class="test-event"> <font color="maroon"> <small> &emsp; &emsp;--- 04 May 23:49:17 596 - <b>0</b> - Page Load Wait: (Sync) - ICar.support.Utils.waitForPageLoad(Utils.java:109)</small> </font> </div>
<div class="test-event"> <font color="maroon"> <small> &emsp; &emsp;--- 04 May 23:49:27 650 - Element is displayed:: [[ChromeDriver: chrome on WINDOWS (2cf28825ea7a8a419a5b05b8e5d35d84)] -> xpath: //div[@class='productDetails slds-p-bottom_large']//div[contains(@class,'slds-p-bottom_medium')]]</small> </font> </div>
<div class="test-message">&emsp;Course Name : IntroductiontoSandingBuffingandPolishing is displayed in the URL page</div>
<div class="test-message">&emsp;Successfully verified the course name for relevant link&emsp;<a href=".\ScreenShot\URL_TC001_2720513290902100.png" target="_blank" >[ScreenShot]</a></div>
<div class="test-message">&emsp;
</div>
<div class="test-message">&emsp;92. URL is : https://www.i-car.com/product/masking</div>
<div class="test-event"> <font color="maroon"> <small> &emsp; &emsp;--- 04 May 23:49:37 378 - Page URL:: https://www.i-car.com/product/masking</small> </font> </div>
<div class="test-event"> <font color="maroon"> <small> &emsp; &emsp;--- 04 May 23:49:37 379 - <b>0</b> - Page Load Wait: (Sync) - ICar.support.Utils.waitForPageLoad(Utils.java:109)</small> </font> </div>
<div class="test-message">&emsp;Successfully navigated to the :  https://www.i-car.com/product/masking   Page&emsp;<a href=".\ScreenShot\URL_TC001_2720514995681300.png" target="_blank" >[ScreenShot]</a></div>
<div class="test-event"> <font color="maroon"> <small> &emsp; &emsp;--- 04 May 23:49:37 665 - Page URL:: https://www.i-car.com/product/masking</small> </font> </div>
<div class="test-event"> <font color="maroon"> <small> &emsp; &emsp;--- 04 May 23:49:37 665 - <b>0</b> - Page Load Wait: (Sync) - ICar.support.Utils.waitForPageLoad(Utils.java:109)</small> </font> </div>
<div class="test-event"> <font color="maroon"> <small> &emsp; &emsp;--- 04 May 23:49:37 672 - Catched spinner load exception due to javascript error: {"status":32,"value":"An invalid or illegal selector was specified"}
  (Session info: chrome=124.0.6367.92)
Build info: version: '4.6.0', revision: '79f1c02ae20'
System info: os.name: 'Windows 10', os.arch: 'amd64', os.version: '10.0', java.version: '17.0.7'
Driver info: org.openqa.selenium.chrome.ChromeDriver
Command: [2cf28825ea7a8a419a5b05b8e5d35d84, findElement {using=css selector, value=div[class='slds-spinner slds-spinner_brand slds-spinner_small']>div:nth-child(2)r}]
Capabilities {acceptInsecureCerts: false, browserName: chrome, browserVersion: 124.0.6367.92, chrome: {chromedriverVersion: 124.0.6367.91 (51df0e5e17a8..., userDataDir: C:\Users\PRATHA~1.KUM\AppDa...}, fedcm:accounts: true, goog:chromeOptions: {debuggerAddress: localhost:49451}, networkConnectionEnabled: false, pageLoadStrategy: normal, platformName: WINDOWS, proxy: Proxy(), se:cdp: ws://localhost:49451/devtoo..., se:cdpVersion: 124.0.6367.92, setWindowRect: true, strictFileInteractability: false, timeouts: {implicit: 0, pageLoad: 300000, script: 30000}, unhandledPromptBehavior: dismiss and notify, webauthn:extension:credBlob: true, webauthn:extension:largeBlob: true, webauthn:extension:minPinLength: true, webauthn:extension:prf: true, webauthn:virtualAuthenticators: true}
Session ID: 2cf28825ea7a8a419a5b05b8e5d35d84</small> </font> </div>
<div class="test-event"> <font color="maroon"> <small> &emsp; &emsp;--- 04 May 23:49:37 672 - <b>0</b> - Spinner Load Wait: (Sync) - ICar.support.WaitUtils.waitForSpinner(WaitUtils.java:225)</small> </font> </div>
<div class="test-event"> <font color="maroon"> <small> &emsp; &emsp;--- 04 May 23:49:47 758 - Page URL:: https://www.i-car.com/product/masking</small> </font> </div>
<div class="test-event"> <font color="maroon"> <small> &emsp; &emsp;--- 04 May 23:49:47 758 - <b>0</b> - Page Load Wait: (Sync) - ICar.support.Utils.waitForPageLoad(Utils.java:109)</small> </font> </div>
<div class="test-event"> <font color="maroon"> <small> &emsp; &emsp;--- 04 May 23:49:47 779 - Element is displayed:: [[ChromeDriver: chrome on WINDOWS (2cf28825ea7a8a419a5b05b8e5d35d84)] -> xpath: //a[contains(text(),'Back to Courses')]]</small> </font> </div>
<div class="test-event"> <font color="maroon"> <small> &emsp; &emsp;--- 04 May 23:49:54 821 - Catched spinner load exception due to javascript error: {"status":32,"value":"An invalid or illegal selector was specified"}
  (Session info: chrome=124.0.6367.92)
Build info: version: '4.6.0', revision: '79f1c02ae20'
System info: os.name: 'Windows 10', os.arch: 'amd64', os.version: '10.0', java.version: '17.0.7'
Driver info: org.openqa.selenium.chrome.ChromeDriver
Command: [2cf28825ea7a8a419a5b05b8e5d35d84, findElement {using=css selector, value=div[class='slds-spinner slds-spinner_brand slds-spinner_small']>div:nth-child(2)r}]
Capabilities {acceptInsecureCerts: false, browserName: chrome, browserVersion: 124.0.6367.92, chrome: {chromedriverVersion: 124.0.6367.91 (51df0e5e17a8..., userDataDir: C:\Users\PRATHA~1.KUM\AppDa...}, fedcm:accounts: true, goog:chromeOptions: {debuggerAddress: localhost:49451}, networkConnectionEnabled: false, pageLoadStrategy: normal, platformName: WINDOWS, proxy: Proxy(), se:cdp: ws://localhost:49451/devtoo..., se:cdpVersion: 124.0.6367.92, setWindowRect: true, strictFileInteractability: false, timeouts: {implicit: 0, pageLoad: 300000, script: 30000}, unhandledPromptBehavior: dismiss and notify, webauthn:extension:credBlob: true, webauthn:extension:largeBlob: true, webauthn:extension:minPinLength: true, webauthn:extension:prf: true, webauthn:virtualAuthenticators: true}
Session ID: 2cf28825ea7a8a419a5b05b8e5d35d84</small> </font> </div>
<div class="test-event"> <font color="maroon"> <small> &emsp; &emsp;--- 04 May 23:49:54 821 - <b>0</b> - Spinner Load Wait: (Sync) - ICar.support.WaitUtils.waitForSpinner(WaitUtils.java:225)</small> </font> </div>
<div class="test-message">&emsp;Back To Courses is displayed in the page </div>
<div class="test-message">&emsp;Successfully verified Back To Course Link&emsp;<a href=".\ScreenShot\URL_TC001_2720532460606000.png" target="_blank" >[ScreenShot]</a></div>
<div class="test-event"> <font color="maroon"> <small> &emsp; &emsp;--- 04 May 23:49:55 131 - Catched spinner load exception due to javascript error: {"status":32,"value":"An invalid or illegal selector was specified"}
  (Session info: chrome=124.0.6367.92)
Build info: version: '4.6.0', revision: '79f1c02ae20'
System info: os.name: 'Windows 10', os.arch: 'amd64', os.version: '10.0', java.version: '17.0.7'
Driver info: org.openqa.selenium.chrome.ChromeDriver
Command: [2cf28825ea7a8a419a5b05b8e5d35d84, findElement {using=css selector, value=div[class='slds-spinner slds-spinner_brand slds-spinner_small']>div:nth-child(2)r}]
Capabilities {acceptInsecureCerts: false, browserName: chrome, browserVersion: 124.0.6367.92, chrome: {chromedriverVersion: 124.0.6367.91 (51df0e5e17a8..., userDataDir: C:\Users\PRATHA~1.KUM\AppDa...}, fedcm:accounts: true, goog:chromeOptions: {debuggerAddress: localhost:49451}, networkConnectionEnabled: false, pageLoadStrategy: normal, platformName: WINDOWS, proxy: Proxy(), se:cdp: ws://localhost:49451/devtoo..., se:cdpVersion: 124.0.6367.92, setWindowRect: true, strictFileInteractability: false, timeouts: {implicit: 0, pageLoad: 300000, script: 30000}, unhandledPromptBehavior: dismiss and notify, webauthn:extension:credBlob: true, webauthn:extension:largeBlob: true, webauthn:extension:minPinLength: true, webauthn:extension:prf: true, webauthn:virtualAuthenticators: true}
Session ID: 2cf28825ea7a8a419a5b05b8e5d35d84</small> </font> </div>
<div class="test-event"> <font color="maroon"> <small> &emsp; &emsp;--- 04 May 23:49:55 132 - <b>0</b> - Spinner Load Wait: (Sync) - ICar.support.WaitUtils.waitForSpinner(WaitUtils.java:225)</small> </font> </div>
<div class="test-event"> <font color="maroon"> <small> &emsp; &emsp;--- 04 May 23:49:55 201 - Page URL:: https://www.i-car.com/product/masking</small> </font> </div>
<div class="test-event"> <font color="maroon"> <small> &emsp; &emsp;--- 04 May 23:49:55 201 - <b>0</b> - Page Load Wait: (Sync) - ICar.support.Utils.waitForPageLoad(Utils.java:109)</small> </font> </div>
<div class="test-event"> <font color="maroon"> <small> &emsp; &emsp;--- 04 May 23:50:05 249 - Element is displayed:: [[ChromeDriver: chrome on WINDOWS (2cf28825ea7a8a419a5b05b8e5d35d84)] -> xpath: //div[@class='productDetails slds-p-bottom_large']//div[contains(@class,'slds-p-bottom_medium')]]</small> </font> </div>
<div class="test-message">&emsp;Course Name : Masking is displayed in the URL page</div>
<div class="test-message">&emsp;Successfully verified the course name for relevant link&emsp;<a href=".\ScreenShot\URL_TC001_2720550886566400.png" target="_blank" >[ScreenShot]</a></div>
<div class="test-message">&emsp;
</div>
<div class="test-message">&emsp;93. URL is : https://www.i-car.com/product/refinish-planning</div>
<div class="test-event"> <font color="maroon"> <small> &emsp; &emsp;--- 04 May 23:50:14 337 - Page URL:: https://www.i-car.com/product/refinish-planning</small> </font> </div>
<div class="test-event"> <font color="maroon"> <small> &emsp; &emsp;--- 04 May 23:50:14 337 - <b>0</b> - Page Load Wait: (Sync) - ICar.support.Utils.waitForPageLoad(Utils.java:109)</small> </font> </div>
<div class="test-message">&emsp;Successfully navigated to the :  https://www.i-car.com/product/refinish-planning   Page&emsp;<a href=".\ScreenShot\URL_TC001_2720551953817900.png" target="_blank" >[ScreenShot]</a></div>
<div class="test-event"> <font color="maroon"> <small> &emsp; &emsp;--- 04 May 23:50:14 599 - Page URL:: https://www.i-car.com/product/refinish-planning</small> </font> </div>
<div class="test-event"> <font color="maroon"> <small> &emsp; &emsp;--- 04 May 23:50:14 599 - <b>0</b> - Page Load Wait: (Sync) - ICar.support.Utils.waitForPageLoad(Utils.java:109)</small> </font> </div>
<div class="test-event"> <font color="maroon"> <small> &emsp; &emsp;--- 04 May 23:50:14 608 - Catched spinner load exception due to javascript error: {"status":32,"value":"An invalid or illegal selector was specified"}
  (Session info: chrome=124.0.6367.92)
Build info: version: '4.6.0', revision: '79f1c02ae20'
System info: os.name: 'Windows 10', os.arch: 'amd64', os.version: '10.0', java.version: '17.0.7'
Driver info: org.openqa.selenium.chrome.ChromeDriver
Command: [2cf28825ea7a8a419a5b05b8e5d35d84, findElement {using=css selector, value=div[class='slds-spinner slds-spinner_brand slds-spinner_small']>div:nth-child(2)r}]
Capabilities {acceptInsecureCerts: false, browserName: chrome, browserVersion: 124.0.6367.92, chrome: {chromedriverVersion: 124.0.6367.91 (51df0e5e17a8..., userDataDir: C:\Users\PRATHA~1.KUM\AppDa...}, fedcm:accounts: true, goog:chromeOptions: {debuggerAddress: localhost:49451}, networkConnectionEnabled: false, pageLoadStrategy: normal, platformName: WINDOWS, proxy: Proxy(), se:cdp: ws://localhost:49451/devtoo..., se:cdpVersion: 124.0.6367.92, setWindowRect: true, strictFileInteractability: false, timeouts: {implicit: 0, pageLoad: 300000, script: 30000}, unhandledPromptBehavior: dismiss and notify, webauthn:extension:credBlob: true, webauthn:extension:largeBlob: true, webauthn:extension:minPinLength: true, webauthn:extension:prf: true, webauthn:virtualAuthenticators: true}
Session ID: 2cf28825ea7a8a419a5b05b8e5d35d84</small> </font> </div>
<div class="test-event"> <font color="maroon"> <small> &emsp; &emsp;--- 04 May 23:50:14 608 - <b>0</b> - Spinner Load Wait: (Sync) - ICar.support.WaitUtils.waitForSpinner(WaitUtils.java:225)</small> </font> </div>
<div class="test-event"> <font color="maroon"> <small> &emsp; &emsp;--- 04 May 23:50:24 738 - Page URL:: https://www.i-car.com/product/refinish-planning</small> </font> </div>
<div class="test-event"> <font color="maroon"> <small> &emsp; &emsp;--- 04 May 23:50:24 738 - <b>0</b> - Page Load Wait: (Sync) - ICar.support.Utils.waitForPageLoad(Utils.java:109)</small> </font> </div>
<div class="test-event"> <font color="maroon"> <small> &emsp; &emsp;--- 04 May 23:50:24 756 - Element is displayed:: [[ChromeDriver: chrome on WINDOWS (2cf28825ea7a8a419a5b05b8e5d35d84)] -> xpath: //a[contains(text(),'Back to Courses')]]</small> </font> </div>
<div class="test-event"> <font color="maroon"> <small> &emsp; &emsp;--- 04 May 23:50:31 801 - Catched spinner load exception due to javascript error: {"status":32,"value":"An invalid or illegal selector was specified"}
  (Session info: chrome=124.0.6367.92)
Build info: version: '4.6.0', revision: '79f1c02ae20'
System info: os.name: 'Windows 10', os.arch: 'amd64', os.version: '10.0', java.version: '17.0.7'
Driver info: org.openqa.selenium.chrome.ChromeDriver
Command: [2cf28825ea7a8a419a5b05b8e5d35d84, findElement {using=css selector, value=div[class='slds-spinner slds-spinner_brand slds-spinner_small']>div:nth-child(2)r}]
Capabilities {acceptInsecureCerts: false, browserName: chrome, browserVersion: 124.0.6367.92, chrome: {chromedriverVersion: 124.0.6367.91 (51df0e5e17a8..., userDataDir: C:\Users\PRATHA~1.KUM\AppDa...}, fedcm:accounts: true, goog:chromeOptions: {debuggerAddress: localhost:49451}, networkConnectionEnabled: false, pageLoadStrategy: normal, platformName: WINDOWS, proxy: Proxy(), se:cdp: ws://localhost:49451/devtoo..., se:cdpVersion: 124.0.6367.92, setWindowRect: true, strictFileInteractability: false, timeouts: {implicit: 0, pageLoad: 300000, script: 30000}, unhandledPromptBehavior: dismiss and notify, webauthn:extension:credBlob: true, webauthn:extension:largeBlob: true, webauthn:extension:minPinLength: true, webauthn:extension:prf: true, webauthn:virtualAuthenticators: true}
Session ID: 2cf28825ea7a8a419a5b05b8e5d35d84</small> </font> </div>
<div class="test-event"> <font color="maroon"> <small> &emsp; &emsp;--- 04 May 23:50:31 802 - <b>0</b> - Spinner Load Wait: (Sync) - ICar.support.WaitUtils.waitForSpinner(WaitUtils.java:225)</small> </font> </div>
<div class="test-message">&emsp;Back To Courses is displayed in the page </div>
<div class="test-message">&emsp;Successfully verified Back To Course Link&emsp;<a href=".\ScreenShot\URL_TC001_2720569444349700.png" target="_blank" >[ScreenShot]</a></div>
<div class="test-event"> <font color="maroon"> <small> &emsp; &emsp;--- 04 May 23:50:32 171 - Catched spinner load exception due to javascript error: {"status":32,"value":"An invalid or illegal selector was specified"}
  (Session info: chrome=124.0.6367.92)
Build info: version: '4.6.0', revision: '79f1c02ae20'
System info: os.name: 'Windows 10', os.arch: 'amd64', os.version: '10.0', java.version: '17.0.7'
Driver info: org.openqa.selenium.chrome.ChromeDriver
Command: [2cf28825ea7a8a419a5b05b8e5d35d84, findElement {using=css selector, value=div[class='slds-spinner slds-spinner_brand slds-spinner_small']>div:nth-child(2)r}]
Capabilities {acceptInsecureCerts: false, browserName: chrome, browserVersion: 124.0.6367.92, chrome: {chromedriverVersion: 124.0.6367.91 (51df0e5e17a8..., userDataDir: C:\Users\PRATHA~1.KUM\AppDa...}, fedcm:accounts: true, goog:chromeOptions: {debuggerAddress: localhost:49451}, networkConnectionEnabled: false, pageLoadStrategy: normal, platformName: WINDOWS, proxy: Proxy(), se:cdp: ws://localhost:49451/devtoo..., se:cdpVersion: 124.0.6367.92, setWindowRect: true, strictFileInteractability: false, timeouts: {implicit: 0, pageLoad: 300000, script: 30000}, unhandledPromptBehavior: dismiss and notify, webauthn:extension:credBlob: true, webauthn:extension:largeBlob: true, webauthn:extension:minPinLength: true, webauthn:extension:prf: true, webauthn:virtualAuthenticators: true}
Session ID: 2cf28825ea7a8a419a5b05b8e5d35d84</small> </font> </div>
<div class="test-event"> <font color="maroon"> <small> &emsp; &emsp;--- 04 May 23:50:32 171 - <b>0</b> - Spinner Load Wait: (Sync) - ICar.support.WaitUtils.waitForSpinner(WaitUtils.java:225)</small> </font> </div>
<div class="test-event"> <font color="maroon"> <small> &emsp; &emsp;--- 04 May 23:50:32 309 - Page URL:: https://www.i-car.com/product/refinish-planning</small> </font> </div>
<div class="test-event"> <font color="maroon"> <small> &emsp; &emsp;--- 04 May 23:50:32 309 - <b>0</b> - Page Load Wait: (Sync) - ICar.support.Utils.waitForPageLoad(Utils.java:109)</small> </font> </div>
<div class="test-event"> <font color="maroon"> <small> &emsp; &emsp;--- 04 May 23:50:42 384 - Element is displayed:: [[ChromeDriver: chrome on WINDOWS (2cf28825ea7a8a419a5b05b8e5d35d84)] -> xpath: //div[@class='productDetails slds-p-bottom_large']//div[contains(@class,'slds-p-bottom_medium')]]</small> </font> </div>
<div class="test-message">&emsp;Course Name : RefinishPlanning is displayed in the URL page</div>
<div class="test-message">&emsp;Successfully verified the course name for relevant link&emsp;<a href=".\ScreenShot\URL_TC001_2720588029068600.png" target="_blank" >[ScreenShot]</a></div>
<div class="test-message">&emsp;
</div>
<div class="test-message">&emsp;94. URL is : https://www.i-car.com/product/spray-guns</div>
<div class="test-event"> <font color="maroon"> <small> &emsp; &emsp;--- 04 May 23:50:51 595 - Page URL:: https://www.i-car.com/product/spray-guns</small> </font> </div>
<div class="test-event"> <font color="maroon"> <small> &emsp; &emsp;--- 04 May 23:50:51 595 - <b>0</b> - Page Load Wait: (Sync) - ICar.support.Utils.waitForPageLoad(Utils.java:109)</small> </font> </div>
<div class="test-message">&emsp;Successfully navigated to the :  https://www.i-car.com/product/spray-guns   Page&emsp;<a href=".\ScreenShot\URL_TC001_2720589211883500.png" target="_blank" >[ScreenShot]</a></div>
<div class="test-event"> <font color="maroon"> <small> &emsp; &emsp;--- 04 May 23:50:51 873 - Page URL:: https://www.i-car.com/product/spray-guns</small> </font> </div>
<div class="test-event"> <font color="maroon"> <small> &emsp; &emsp;--- 04 May 23:50:51 873 - <b>0</b> - Page Load Wait: (Sync) - ICar.support.Utils.waitForPageLoad(Utils.java:109)</small> </font> </div>
<div class="test-event"> <font color="maroon"> <small> &emsp; &emsp;--- 04 May 23:50:51 881 - Catched spinner load exception due to javascript error: {"status":32,"value":"An invalid or illegal selector was specified"}
  (Session info: chrome=124.0.6367.92)
Build info: version: '4.6.0', revision: '79f1c02ae20'
System info: os.name: 'Windows 10', os.arch: 'amd64', os.version: '10.0', java.version: '17.0.7'
Driver info: org.openqa.selenium.chrome.ChromeDriver
Command: [2cf28825ea7a8a419a5b05b8e5d35d84, findElement {using=css selector, value=div[class='slds-spinner slds-spinner_brand slds-spinner_small']>div:nth-child(2)r}]
Capabilities {acceptInsecureCerts: false, browserName: chrome, browserVersion: 124.0.6367.92, chrome: {chromedriverVersion: 124.0.6367.91 (51df0e5e17a8..., userDataDir: C:\Users\PRATHA~1.KUM\AppDa...}, fedcm:accounts: true, goog:chromeOptions: {debuggerAddress: localhost:49451}, networkConnectionEnabled: false, pageLoadStrategy: normal, platformName: WINDOWS, proxy: Proxy(), se:cdp: ws://localhost:49451/devtoo..., se:cdpVersion: 124.0.6367.92, setWindowRect: true, strictFileInteractability: false, timeouts: {implicit: 0, pageLoad: 300000, script: 30000}, unhandledPromptBehavior: dismiss and notify, webauthn:extension:credBlob: true, webauthn:extension:largeBlob: true, webauthn:extension:minPinLength: true, webauthn:extension:prf: true, webauthn:virtualAuthenticators: true}
Session ID: 2cf28825ea7a8a419a5b05b8e5d35d84</small> </font> </div>
<div class="test-event"> <font color="maroon"> <small> &emsp; &emsp;--- 04 May 23:50:51 881 - <b>0</b> - Spinner Load Wait: (Sync) - ICar.support.WaitUtils.waitForSpinner(WaitUtils.java:225)</small> </font> </div>
<div class="test-event"> <font color="maroon"> <small> &emsp; &emsp;--- 04 May 23:51:01 975 - Page URL:: https://www.i-car.com/product/spray-guns</small> </font> </div>
<div class="test-event"> <font color="maroon"> <small> &emsp; &emsp;--- 04 May 23:51:01 975 - <b>0</b> - Page Load Wait: (Sync) - ICar.support.Utils.waitForPageLoad(Utils.java:109)</small> </font> </div>
<div class="test-event"> <font color="maroon"> <small> &emsp; &emsp;--- 04 May 23:51:01 992 - Element is displayed:: [[ChromeDriver: chrome on WINDOWS (2cf28825ea7a8a419a5b05b8e5d35d84)] -> xpath: //a[contains(text(),'Back to Courses')]]</small> </font> </div>
<div class="test-event"> <font color="maroon"> <small> &emsp; &emsp;--- 04 May 23:51:09 023 - Catched spinner load exception due to javascript error: {"status":32,"value":"An invalid or illegal selector was specified"}
  (Session info: chrome=124.0.6367.92)
Build info: version: '4.6.0', revision: '79f1c02ae20'
System info: os.name: 'Windows 10', os.arch: 'amd64', os.version: '10.0', java.version: '17.0.7'
Driver info: org.openqa.selenium.chrome.ChromeDriver
Command: [2cf28825ea7a8a419a5b05b8e5d35d84, findElement {using=css selector, value=div[class='slds-spinner slds-spinner_brand slds-spinner_small']>div:nth-child(2)r}]
Capabilities {acceptInsecureCerts: false, browserName: chrome, browserVersion: 124.0.6367.92, chrome: {chromedriverVersion: 124.0.6367.91 (51df0e5e17a8..., userDataDir: C:\Users\PRATHA~1.KUM\AppDa...}, fedcm:accounts: true, goog:chromeOptions: {debuggerAddress: localhost:49451}, networkConnectionEnabled: false, pageLoadStrategy: normal, platformName: WINDOWS, proxy: Proxy(), se:cdp: ws://localhost:49451/devtoo..., se:cdpVersion: 124.0.6367.92, setWindowRect: true, strictFileInteractability: false, timeouts: {implicit: 0, pageLoad: 300000, script: 30000}, unhandledPromptBehavior: dismiss and notify, webauthn:extension:credBlob: true, webauthn:extension:largeBlob: true, webauthn:extension:minPinLength: true, webauthn:extension:prf: true, webauthn:virtualAuthenticators: true}
Session ID: 2cf28825ea7a8a419a5b05b8e5d35d84</small> </font> </div>
<div class="test-event"> <font color="maroon"> <small> &emsp; &emsp;--- 04 May 23:51:09 023 - <b>0</b> - Spinner Load Wait: (Sync) - ICar.support.WaitUtils.waitForSpinner(WaitUtils.java:225)</small> </font> </div>
<div class="test-message">&emsp;Back To Courses is displayed in the page </div>
<div class="test-message">&emsp;Successfully verified Back To Course Link&emsp;<a href=".\ScreenShot\URL_TC001_2720606650572000.png" target="_blank" >[ScreenShot]</a></div>
<div class="test-event"> <font color="maroon"> <small> &emsp; &emsp;--- 04 May 23:51:09 409 - Catched spinner load exception due to javascript error: {"status":32,"value":"An invalid or illegal selector was specified"}
  (Session info: chrome=124.0.6367.92)
Build info: version: '4.6.0', revision: '79f1c02ae20'
System info: os.name: 'Windows 10', os.arch: 'amd64', os.version: '10.0', java.version: '17.0.7'
Driver info: org.openqa.selenium.chrome.ChromeDriver
Command: [2cf28825ea7a8a419a5b05b8e5d35d84, findElement {using=css selector, value=div[class='slds-spinner slds-spinner_brand slds-spinner_small']>div:nth-child(2)r}]
Capabilities {acceptInsecureCerts: false, browserName: chrome, browserVersion: 124.0.6367.92, chrome: {chromedriverVersion: 124.0.6367.91 (51df0e5e17a8..., userDataDir: C:\Users\PRATHA~1.KUM\AppDa...}, fedcm:accounts: true, goog:chromeOptions: {debuggerAddress: localhost:49451}, networkConnectionEnabled: false, pageLoadStrategy: normal, platformName: WINDOWS, proxy: Proxy(), se:cdp: ws://localhost:49451/devtoo..., se:cdpVersion: 124.0.6367.92, setWindowRect: true, strictFileInteractability: false, timeouts: {implicit: 0, pageLoad: 300000, script: 30000}, unhandledPromptBehavior: dismiss and notify, webauthn:extension:credBlob: true, webauthn:extension:largeBlob: true, webauthn:extension:minPinLength: true, webauthn:extension:prf: true, webauthn:virtualAuthenticators: true}
Session ID: 2cf28825ea7a8a419a5b05b8e5d35d84</small> </font> </div>
<div class="test-event"> <font color="maroon"> <small> &emsp; &emsp;--- 04 May 23:51:09 409 - <b>0</b> - Spinner Load Wait: (Sync) - ICar.support.WaitUtils.waitForSpinner(WaitUtils.java:225)</small> </font> </div>
<div class="test-event"> <font color="maroon"> <small> &emsp; &emsp;--- 04 May 23:51:09 474 - Page URL:: https://www.i-car.com/product/spray-guns</small> </font> </div>
<div class="test-event"> <font color="maroon"> <small> &emsp; &emsp;--- 04 May 23:51:09 475 - <b>0</b> - Page Load Wait: (Sync) - ICar.support.Utils.waitForPageLoad(Utils.java:109)</small> </font> </div>
<div class="test-event"> <font color="maroon"> <small> &emsp; &emsp;--- 04 May 23:51:19 539 - Element is displayed:: [[ChromeDriver: chrome on WINDOWS (2cf28825ea7a8a419a5b05b8e5d35d84)] -> xpath: //div[@class='productDetails slds-p-bottom_large']//div[contains(@class,'slds-p-bottom_medium')]]</small> </font> </div>
<div class="test-message">&emsp;Course Name : SprayGuns is displayed in the URL page</div>
<div class="test-message">&emsp;Successfully verified the course name for relevant link&emsp;<a href=".\ScreenShot\URL_TC001_2720625186909000.png" target="_blank" >[ScreenShot]</a></div>
<div class="test-message">&emsp;
</div>
<div class="test-message">&emsp;95. URL is : https://www.i-car.com/product/introduction-to-squeezetype-resistance-spot-welding</div>
<div class="test-event"> <font color="maroon"> <small> &emsp; &emsp;--- 04 May 23:51:29 592 - Page URL:: https://www.i-car.com/product/introduction-to-squeezetype-resistance-spot-welding</small> </font> </div>
<div class="test-event"> <font color="maroon"> <small> &emsp; &emsp;--- 04 May 23:51:29 592 - <b>0</b> - Page Load Wait: (Sync) - ICar.support.Utils.waitForPageLoad(Utils.java:109)</small> </font> </div>
<div class="test-message">&emsp;Successfully navigated to the :  https://www.i-car.com/product/introduction-to-squeezetype-resistance-spot-welding   Page&emsp;<a href=".\ScreenShot\URL_TC001_2720627208526300.png" target="_blank" >[ScreenShot]</a></div>
<div class="test-event"> <font color="maroon"> <small> &emsp; &emsp;--- 04 May 23:51:29 903 - Page URL:: https://www.i-car.com/product/introduction-to-squeezetype-resistance-spot-welding</small> </font> </div>
<div class="test-event"> <font color="maroon"> <small> &emsp; &emsp;--- 04 May 23:51:29 904 - <b>0</b> - Page Load Wait: (Sync) - ICar.support.Utils.waitForPageLoad(Utils.java:109)</small> </font> </div>
<div class="test-event"> <font color="maroon"> <small> &emsp; &emsp;--- 04 May 23:51:29 913 - Catched spinner load exception due to javascript error: {"status":32,"value":"An invalid or illegal selector was specified"}
  (Session info: chrome=124.0.6367.92)
Build info: version: '4.6.0', revision: '79f1c02ae20'
System info: os.name: 'Windows 10', os.arch: 'amd64', os.version: '10.0', java.version: '17.0.7'
Driver info: org.openqa.selenium.chrome.ChromeDriver
Command: [2cf28825ea7a8a419a5b05b8e5d35d84, findElement {using=css selector, value=div[class='slds-spinner slds-spinner_brand slds-spinner_small']>div:nth-child(2)r}]
Capabilities {acceptInsecureCerts: false, browserName: chrome, browserVersion: 124.0.6367.92, chrome: {chromedriverVersion: 124.0.6367.91 (51df0e5e17a8..., userDataDir: C:\Users\PRATHA~1.KUM\AppDa...}, fedcm:accounts: true, goog:chromeOptions: {debuggerAddress: localhost:49451}, networkConnectionEnabled: false, pageLoadStrategy: normal, platformName: WINDOWS, proxy: Proxy(), se:cdp: ws://localhost:49451/devtoo..., se:cdpVersion: 124.0.6367.92, setWindowRect: true, strictFileInteractability: false, timeouts: {implicit: 0, pageLoad: 300000, script: 30000}, unhandledPromptBehavior: dismiss and notify, webauthn:extension:credBlob: true, webauthn:extension:largeBlob: true, webauthn:extension:minPinLength: true, webauthn:extension:prf: true, webauthn:virtualAuthenticators: true}
Session ID: 2cf28825ea7a8a419a5b05b8e5d35d84</small> </font> </div>
<div class="test-event"> <font color="maroon"> <small> &emsp; &emsp;--- 04 May 23:51:29 913 - <b>0</b> - Spinner Load Wait: (Sync) - ICar.support.WaitUtils.waitForSpinner(WaitUtils.java:225)</small> </font> </div>
<div class="test-event"> <font color="maroon"> <small> &emsp; &emsp;--- 04 May 23:51:39 998 - Page URL:: https://www.i-car.com/product/introduction-to-squeezetype-resistance-spot-welding</small> </font> </div>
<div class="test-event"> <font color="maroon"> <small> &emsp; &emsp;--- 04 May 23:51:39 998 - <b>0</b> - Page Load Wait: (Sync) - ICar.support.Utils.waitForPageLoad(Utils.java:109)</small> </font> </div>
<div class="test-event"> <font color="maroon"> <small> &emsp; &emsp;--- 04 May 23:51:40 019 - Element is displayed:: [[ChromeDriver: chrome on WINDOWS (2cf28825ea7a8a419a5b05b8e5d35d84)] -> xpath: //a[contains(text(),'Back to Courses')]]</small> </font> </div>
<div class="test-event"> <font color="maroon"> <small> &emsp; &emsp;--- 04 May 23:51:47 056 - Catched spinner load exception due to javascript error: {"status":32,"value":"An invalid or illegal selector was specified"}
  (Session info: chrome=124.0.6367.92)
Build info: version: '4.6.0', revision: '79f1c02ae20'
System info: os.name: 'Windows 10', os.arch: 'amd64', os.version: '10.0', java.version: '17.0.7'
Driver info: org.openqa.selenium.chrome.ChromeDriver
Command: [2cf28825ea7a8a419a5b05b8e5d35d84, findElement {using=css selector, value=div[class='slds-spinner slds-spinner_brand slds-spinner_small']>div:nth-child(2)r}]
Capabilities {acceptInsecureCerts: false, browserName: chrome, browserVersion: 124.0.6367.92, chrome: {chromedriverVersion: 124.0.6367.91 (51df0e5e17a8..., userDataDir: C:\Users\PRATHA~1.KUM\AppDa...}, fedcm:accounts: true, goog:chromeOptions: {debuggerAddress: localhost:49451}, networkConnectionEnabled: false, pageLoadStrategy: normal, platformName: WINDOWS, proxy: Proxy(), se:cdp: ws://localhost:49451/devtoo..., se:cdpVersion: 124.0.6367.92, setWindowRect: true, strictFileInteractability: false, timeouts: {implicit: 0, pageLoad: 300000, script: 30000}, unhandledPromptBehavior: dismiss and notify, webauthn:extension:credBlob: true, webauthn:extension:largeBlob: true, webauthn:extension:minPinLength: true, webauthn:extension:prf: true, webauthn:virtualAuthenticators: true}
Session ID: 2cf28825ea7a8a419a5b05b8e5d35d84</small> </font> </div>
<div class="test-event"> <font color="maroon"> <small> &emsp; &emsp;--- 04 May 23:51:47 056 - <b>0</b> - Spinner Load Wait: (Sync) - ICar.support.WaitUtils.waitForSpinner(WaitUtils.java:225)</small> </font> </div>
<div class="test-message">&emsp;Back To Courses is displayed in the page </div>
<div class="test-message">&emsp;Successfully verified Back To Course Link&emsp;<a href=".\ScreenShot\URL_TC001_2720644685898000.png" target="_blank" >[ScreenShot]</a></div>
<div class="test-event"> <font color="maroon"> <small> &emsp; &emsp;--- 04 May 23:51:47 375 - Catched spinner load exception due to javascript error: {"status":32,"value":"An invalid or illegal selector was specified"}
  (Session info: chrome=124.0.6367.92)
Build info: version: '4.6.0', revision: '79f1c02ae20'
System info: os.name: 'Windows 10', os.arch: 'amd64', os.version: '10.0', java.version: '17.0.7'
Driver info: org.openqa.selenium.chrome.ChromeDriver
Command: [2cf28825ea7a8a419a5b05b8e5d35d84, findElement {using=css selector, value=div[class='slds-spinner slds-spinner_brand slds-spinner_small']>div:nth-child(2)r}]
Capabilities {acceptInsecureCerts: false, browserName: chrome, browserVersion: 124.0.6367.92, chrome: {chromedriverVersion: 124.0.6367.91 (51df0e5e17a8..., userDataDir: C:\Users\PRATHA~1.KUM\AppDa...}, fedcm:accounts: true, goog:chromeOptions: {debuggerAddress: localhost:49451}, networkConnectionEnabled: false, pageLoadStrategy: normal, platformName: WINDOWS, proxy: Proxy(), se:cdp: ws://localhost:49451/devtoo..., se:cdpVersion: 124.0.6367.92, setWindowRect: true, strictFileInteractability: false, timeouts: {implicit: 0, pageLoad: 300000, script: 30000}, unhandledPromptBehavior: dismiss and notify, webauthn:extension:credBlob: true, webauthn:extension:largeBlob: true, webauthn:extension:minPinLength: true, webauthn:extension:prf: true, webauthn:virtualAuthenticators: true}
Session ID: 2cf28825ea7a8a419a5b05b8e5d35d84</small> </font> </div>
<div class="test-event"> <font color="maroon"> <small> &emsp; &emsp;--- 04 May 23:51:47 375 - <b>0</b> - Spinner Load Wait: (Sync) - ICar.support.WaitUtils.waitForSpinner(WaitUtils.java:225)</small> </font> </div>
<div class="test-event"> <font color="maroon"> <small> &emsp; &emsp;--- 04 May 23:51:47 442 - Page URL:: https://www.i-car.com/product/introduction-to-squeezetype-resistance-spot-welding</small> </font> </div>
<div class="test-event"> <font color="maroon"> <small> &emsp; &emsp;--- 04 May 23:51:47 442 - <b>0</b> - Page Load Wait: (Sync) - ICar.support.Utils.waitForPageLoad(Utils.java:109)</small> </font> </div>
<div class="test-event"> <font color="maroon"> <small> &emsp; &emsp;--- 04 May 23:51:57 482 - Element is displayed:: [[ChromeDriver: chrome on WINDOWS (2cf28825ea7a8a419a5b05b8e5d35d84)] -> xpath: //div[@class='productDetails slds-p-bottom_large']//div[contains(@class,'slds-p-bottom_medium')]]</small> </font> </div>
<div class="test-message">&emsp;Course Name : IntroductiontoSqueezeTypeResistanceSpotWelding is displayed in the URL page</div>
<div class="test-message">&emsp;Successfully verified the course name for relevant link&emsp;<a href=".\ScreenShot\URL_TC001_2720663119350500.png" target="_blank" >[ScreenShot]</a></div>
<div class="test-message">&emsp;
</div>
<div class="test-message">&emsp;96. URL is : https://www.i-car.com/product/priming-and-blocking-repaired-areas</div>
<div class="test-event"> <font color="maroon"> <small> &emsp; &emsp;--- 04 May 23:52:08 542 - Page URL:: https://www.i-car.com/product/priming-and-blocking-repaired-areas</small> </font> </div>
<div class="test-event"> <font color="maroon"> <small> &emsp; &emsp;--- 04 May 23:52:08 542 - <b>0</b> - Page Load Wait: (Sync) - ICar.support.Utils.waitForPageLoad(Utils.java:109)</small> </font> </div>
<div class="test-message">&emsp;Successfully navigated to the :  https://www.i-car.com/product/priming-and-blocking-repaired-areas   Page&emsp;<a href=".\ScreenShot\URL_TC001_2720666159077900.png" target="_blank" >[ScreenShot]</a></div>
<div class="test-event"> <font color="maroon"> <small> &emsp; &emsp;--- 04 May 23:52:08 834 - Page URL:: https://www.i-car.com/product/priming-and-blocking-repaired-areas</small> </font> </div>
<div class="test-event"> <font color="maroon"> <small> &emsp; &emsp;--- 04 May 23:52:08 834 - <b>0</b> - Page Load Wait: (Sync) - ICar.support.Utils.waitForPageLoad(Utils.java:109)</small> </font> </div>
<div class="test-event"> <font color="maroon"> <small> &emsp; &emsp;--- 04 May 23:52:08 843 - Catched spinner load exception due to javascript error: {"status":32,"value":"An invalid or illegal selector was specified"}
  (Session info: chrome=124.0.6367.92)
Build info: version: '4.6.0', revision: '79f1c02ae20'
System info: os.name: 'Windows 10', os.arch: 'amd64', os.version: '10.0', java.version: '17.0.7'
Driver info: org.openqa.selenium.chrome.ChromeDriver
Command: [2cf28825ea7a8a419a5b05b8e5d35d84, findElement {using=css selector, value=div[class='slds-spinner slds-spinner_brand slds-spinner_small']>div:nth-child(2)r}]
Capabilities {acceptInsecureCerts: false, browserName: chrome, browserVersion: 124.0.6367.92, chrome: {chromedriverVersion: 124.0.6367.91 (51df0e5e17a8..., userDataDir: C:\Users\PRATHA~1.KUM\AppDa...}, fedcm:accounts: true, goog:chromeOptions: {debuggerAddress: localhost:49451}, networkConnectionEnabled: false, pageLoadStrategy: normal, platformName: WINDOWS, proxy: Proxy(), se:cdp: ws://localhost:49451/devtoo..., se:cdpVersion: 124.0.6367.92, setWindowRect: true, strictFileInteractability: false, timeouts: {implicit: 0, pageLoad: 300000, script: 30000}, unhandledPromptBehavior: dismiss and notify, webauthn:extension:credBlob: true, webauthn:extension:largeBlob: true, webauthn:extension:minPinLength: true, webauthn:extension:prf: true, webauthn:virtualAuthenticators: true}
Session ID: 2cf28825ea7a8a419a5b05b8e5d35d84</small> </font> </div>
<div class="test-event"> <font color="maroon"> <small> &emsp; &emsp;--- 04 May 23:52:08 843 - <b>0</b> - Spinner Load Wait: (Sync) - ICar.support.WaitUtils.waitForSpinner(WaitUtils.java:225)</small> </font> </div>
<div class="test-event"> <font color="maroon"> <small> &emsp; &emsp;--- 04 May 23:52:18 926 - Page URL:: https://www.i-car.com/product/priming-and-blocking-repaired-areas</small> </font> </div>
<div class="test-event"> <font color="maroon"> <small> &emsp; &emsp;--- 04 May 23:52:18 926 - <b>0</b> - Page Load Wait: (Sync) - ICar.support.Utils.waitForPageLoad(Utils.java:109)</small> </font> </div>
<div class="test-event"> <font color="maroon"> <small> &emsp; &emsp;--- 04 May 23:52:18 942 - Element is displayed:: [[ChromeDriver: chrome on WINDOWS (2cf28825ea7a8a419a5b05b8e5d35d84)] -> xpath: //a[contains(text(),'Back to Courses')]]</small> </font> </div>
<div class="test-event"> <font color="maroon"> <small> &emsp; &emsp;--- 04 May 23:52:25 978 - Catched spinner load exception due to javascript error: {"status":32,"value":"An invalid or illegal selector was specified"}
  (Session info: chrome=124.0.6367.92)
Build info: version: '4.6.0', revision: '79f1c02ae20'
System info: os.name: 'Windows 10', os.arch: 'amd64', os.version: '10.0', java.version: '17.0.7'
Driver info: org.openqa.selenium.chrome.ChromeDriver
Command: [2cf28825ea7a8a419a5b05b8e5d35d84, findElement {using=css selector, value=div[class='slds-spinner slds-spinner_brand slds-spinner_small']>div:nth-child(2)r}]
Capabilities {acceptInsecureCerts: false, browserName: chrome, browserVersion: 124.0.6367.92, chrome: {chromedriverVersion: 124.0.6367.91 (51df0e5e17a8..., userDataDir: C:\Users\PRATHA~1.KUM\AppDa...}, fedcm:accounts: true, goog:chromeOptions: {debuggerAddress: localhost:49451}, networkConnectionEnabled: false, pageLoadStrategy: normal, platformName: WINDOWS, proxy: Proxy(), se:cdp: ws://localhost:49451/devtoo..., se:cdpVersion: 124.0.6367.92, setWindowRect: true, strictFileInteractability: false, timeouts: {implicit: 0, pageLoad: 300000, script: 30000}, unhandledPromptBehavior: dismiss and notify, webauthn:extension:credBlob: true, webauthn:extension:largeBlob: true, webauthn:extension:minPinLength: true, webauthn:extension:prf: true, webauthn:virtualAuthenticators: true}
Session ID: 2cf28825ea7a8a419a5b05b8e5d35d84</small> </font> </div>
<div class="test-event"> <font color="maroon"> <small> &emsp; &emsp;--- 04 May 23:52:25 978 - <b>0</b> - Spinner Load Wait: (Sync) - ICar.support.WaitUtils.waitForSpinner(WaitUtils.java:225)</small> </font> </div>
<div class="test-message">&emsp;Back To Courses is displayed in the page </div>
<div class="test-message">&emsp;Successfully verified Back To Course Link&emsp;<a href=".\ScreenShot\URL_TC001_2720683606611900.png" target="_blank" >[ScreenShot]</a></div>
<div class="test-event"> <font color="maroon"> <small> &emsp; &emsp;--- 04 May 23:52:26 477 - Catched spinner load exception due to javascript error: {"status":32,"value":"An invalid or illegal selector was specified"}
  (Session info: chrome=124.0.6367.92)
Build info: version: '4.6.0', revision: '79f1c02ae20'
System info: os.name: 'Windows 10', os.arch: 'amd64', os.version: '10.0', java.version: '17.0.7'
Driver info: org.openqa.selenium.chrome.ChromeDriver
Command: [2cf28825ea7a8a419a5b05b8e5d35d84, findElement {using=css selector, value=div[class='slds-spinner slds-spinner_brand slds-spinner_small']>div:nth-child(2)r}]
Capabilities {acceptInsecureCerts: false, browserName: chrome, browserVersion: 124.0.6367.92, chrome: {chromedriverVersion: 124.0.6367.91 (51df0e5e17a8..., userDataDir: C:\Users\PRATHA~1.KUM\AppDa...}, fedcm:accounts: true, goog:chromeOptions: {debuggerAddress: localhost:49451}, networkConnectionEnabled: false, pageLoadStrategy: normal, platformName: WINDOWS, proxy: Proxy(), se:cdp: ws://localhost:49451/devtoo..., se:cdpVersion: 124.0.6367.92, setWindowRect: true, strictFileInteractability: false, timeouts: {implicit: 0, pageLoad: 300000, script: 30000}, unhandledPromptBehavior: dismiss and notify, webauthn:extension:credBlob: true, webauthn:extension:largeBlob: true, webauthn:extension:minPinLength: true, webauthn:extension:prf: true, webauthn:virtualAuthenticators: true}
Session ID: 2cf28825ea7a8a419a5b05b8e5d35d84</small> </font> </div>
<div class="test-event"> <font color="maroon"> <small> &emsp; &emsp;--- 04 May 23:52:26 477 - <b>0</b> - Spinner Load Wait: (Sync) - ICar.support.WaitUtils.waitForSpinner(WaitUtils.java:225)</small> </font> </div>
<div class="test-event"> <font color="maroon"> <small> &emsp; &emsp;--- 04 May 23:52:26 551 - Page URL:: https://www.i-car.com/product/priming-and-blocking-repaired-areas</small> </font> </div>
<div class="test-event"> <font color="maroon"> <small> &emsp; &emsp;--- 04 May 23:52:26 552 - <b>0</b> - Page Load Wait: (Sync) - ICar.support.Utils.waitForPageLoad(Utils.java:109)</small> </font> </div>
<div class="test-event"> <font color="maroon"> <small> &emsp; &emsp;--- 04 May 23:52:36 651 - Element is displayed:: [[ChromeDriver: chrome on WINDOWS (2cf28825ea7a8a419a5b05b8e5d35d84)] -> xpath: //div[@class='productDetails slds-p-bottom_large']//div[contains(@class,'slds-p-bottom_medium')]]</small> </font> </div>
<div class="test-message">&emsp;Course Name : PrimingandBlockingRepairedAreas is displayed in the URL page</div>
<div class="test-message">&emsp;Successfully verified the course name for relevant link&emsp;<a href=".\ScreenShot\URL_TC001_2720702292399000.png" target="_blank" >[ScreenShot]</a></div>
<div class="test-message">&emsp;
</div>
<div class="test-message">&emsp;97. URL is : https://www.i-car.com/product/stationary-glass-removal-and-installation</div>
<div class="test-event"> <font color="maroon"> <small> &emsp; &emsp;--- 04 May 23:52:45 987 - Page URL:: https://www.i-car.com/product/stationary-glass-removal-and-installation</small> </font> </div>
<div class="test-event"> <font color="maroon"> <small> &emsp; &emsp;--- 04 May 23:52:45 988 - <b>0</b> - Page Load Wait: (Sync) - ICar.support.Utils.waitForPageLoad(Utils.java:109)</small> </font> </div>
<div class="test-message">&emsp;Successfully navigated to the :  https://www.i-car.com/product/stationary-glass-removal-and-installation   Page&emsp;<a href=".\ScreenShot\URL_TC001_2720703604019000.png" target="_blank" >[ScreenShot]</a></div>
<div class="test-event"> <font color="maroon"> <small> &emsp; &emsp;--- 04 May 23:52:46 296 - Page URL:: https://www.i-car.com/product/stationary-glass-removal-and-installation</small> </font> </div>
<div class="test-event"> <font color="maroon"> <small> &emsp; &emsp;--- 04 May 23:52:46 296 - <b>0</b> - Page Load Wait: (Sync) - ICar.support.Utils.waitForPageLoad(Utils.java:109)</small> </font> </div>
<div class="test-event"> <font color="maroon"> <small> &emsp; &emsp;--- 04 May 23:52:46 304 - Catched spinner load exception due to javascript error: {"status":32,"value":"An invalid or illegal selector was specified"}
  (Session info: chrome=124.0.6367.92)
Build info: version: '4.6.0', revision: '79f1c02ae20'
System info: os.name: 'Windows 10', os.arch: 'amd64', os.version: '10.0', java.version: '17.0.7'
Driver info: org.openqa.selenium.chrome.ChromeDriver
Command: [2cf28825ea7a8a419a5b05b8e5d35d84, findElement {using=css selector, value=div[class='slds-spinner slds-spinner_brand slds-spinner_small']>div:nth-child(2)r}]
Capabilities {acceptInsecureCerts: false, browserName: chrome, browserVersion: 124.0.6367.92, chrome: {chromedriverVersion: 124.0.6367.91 (51df0e5e17a8..., userDataDir: C:\Users\PRATHA~1.KUM\AppDa...}, fedcm:accounts: true, goog:chromeOptions: {debuggerAddress: localhost:49451}, networkConnectionEnabled: false, pageLoadStrategy: normal, platformName: WINDOWS, proxy: Proxy(), se:cdp: ws://localhost:49451/devtoo..., se:cdpVersion: 124.0.6367.92, setWindowRect: true, strictFileInteractability: false, timeouts: {implicit: 0, pageLoad: 300000, script: 30000}, unhandledPromptBehavior: dismiss and notify, webauthn:extension:credBlob: true, webauthn:extension:largeBlob: true, webauthn:extension:minPinLength: true, webauthn:extension:prf: true, webauthn:virtualAuthenticators: true}
Session ID: 2cf28825ea7a8a419a5b05b8e5d35d84</small> </font> </div>
<div class="test-event"> <font color="maroon"> <small> &emsp; &emsp;--- 04 May 23:52:46 304 - <b>0</b> - Spinner Load Wait: (Sync) - ICar.support.WaitUtils.waitForSpinner(WaitUtils.java:225)</small> </font> </div>
<div class="test-event"> <font color="maroon"> <small> &emsp; &emsp;--- 04 May 23:52:56 379 - Page URL:: https://www.i-car.com/product/stationary-glass-removal-and-installation</small> </font> </div>
<div class="test-event"> <font color="maroon"> <small> &emsp; &emsp;--- 04 May 23:52:56 379 - <b>0</b> - Page Load Wait: (Sync) - ICar.support.Utils.waitForPageLoad(Utils.java:109)</small> </font> </div>
<div class="test-event"> <font color="maroon"> <small> &emsp; &emsp;--- 04 May 23:52:56 398 - Element is displayed:: [[ChromeDriver: chrome on WINDOWS (2cf28825ea7a8a419a5b05b8e5d35d84)] -> xpath: //a[contains(text(),'Back to Courses')]]</small> </font> </div>
<div class="test-event"> <font color="maroon"> <small> &emsp; &emsp;--- 04 May 23:53:03 430 - Catched spinner load exception due to javascript error: {"status":32,"value":"An invalid or illegal selector was specified"}
  (Session info: chrome=124.0.6367.92)
Build info: version: '4.6.0', revision: '79f1c02ae20'
System info: os.name: 'Windows 10', os.arch: 'amd64', os.version: '10.0', java.version: '17.0.7'
Driver info: org.openqa.selenium.chrome.ChromeDriver
Command: [2cf28825ea7a8a419a5b05b8e5d35d84, findElement {using=css selector, value=div[class='slds-spinner slds-spinner_brand slds-spinner_small']>div:nth-child(2)r}]
Capabilities {acceptInsecureCerts: false, browserName: chrome, browserVersion: 124.0.6367.92, chrome: {chromedriverVersion: 124.0.6367.91 (51df0e5e17a8..., userDataDir: C:\Users\PRATHA~1.KUM\AppDa...}, fedcm:accounts: true, goog:chromeOptions: {debuggerAddress: localhost:49451}, networkConnectionEnabled: false, pageLoadStrategy: normal, platformName: WINDOWS, proxy: Proxy(), se:cdp: ws://localhost:49451/devtoo..., se:cdpVersion: 124.0.6367.92, setWindowRect: true, strictFileInteractability: false, timeouts: {implicit: 0, pageLoad: 300000, script: 30000}, unhandledPromptBehavior: dismiss and notify, webauthn:extension:credBlob: true, webauthn:extension:largeBlob: true, webauthn:extension:minPinLength: true, webauthn:extension:prf: true, webauthn:virtualAuthenticators: true}
Session ID: 2cf28825ea7a8a419a5b05b8e5d35d84</small> </font> </div>
<div class="test-event"> <font color="maroon"> <small> &emsp; &emsp;--- 04 May 23:53:03 430 - <b>0</b> - Spinner Load Wait: (Sync) - ICar.support.WaitUtils.waitForSpinner(WaitUtils.java:225)</small> </font> </div>
<div class="test-message">&emsp;Back To Courses is displayed in the page </div>
<div class="test-message">&emsp;Successfully verified Back To Course Link&emsp;<a href=".\ScreenShot\URL_TC001_2720721057471900.png" target="_blank" >[ScreenShot]</a></div>
<div class="test-event"> <font color="maroon"> <small> &emsp; &emsp;--- 04 May 23:53:03 674 - Catched spinner load exception due to javascript error: {"status":32,"value":"An invalid or illegal selector was specified"}
  (Session info: chrome=124.0.6367.92)
Build info: version: '4.6.0', revision: '79f1c02ae20'
System info: os.name: 'Windows 10', os.arch: 'amd64', os.version: '10.0', java.version: '17.0.7'
Driver info: org.openqa.selenium.chrome.ChromeDriver
Command: [2cf28825ea7a8a419a5b05b8e5d35d84, findElement {using=css selector, value=div[class='slds-spinner slds-spinner_brand slds-spinner_small']>div:nth-child(2)r}]
Capabilities {acceptInsecureCerts: false, browserName: chrome, browserVersion: 124.0.6367.92, chrome: {chromedriverVersion: 124.0.6367.91 (51df0e5e17a8..., userDataDir: C:\Users\PRATHA~1.KUM\AppDa...}, fedcm:accounts: true, goog:chromeOptions: {debuggerAddress: localhost:49451}, networkConnectionEnabled: false, pageLoadStrategy: normal, platformName: WINDOWS, proxy: Proxy(), se:cdp: ws://localhost:49451/devtoo..., se:cdpVersion: 124.0.6367.92, setWindowRect: true, strictFileInteractability: false, timeouts: {implicit: 0, pageLoad: 300000, script: 30000}, unhandledPromptBehavior: dismiss and notify, webauthn:extension:credBlob: true, webauthn:extension:largeBlob: true, webauthn:extension:minPinLength: true, webauthn:extension:prf: true, webauthn:virtualAuthenticators: true}
Session ID: 2cf28825ea7a8a419a5b05b8e5d35d84</small> </font> </div>
<div class="test-event"> <font color="maroon"> <small> &emsp; &emsp;--- 04 May 23:53:03 674 - <b>0</b> - Spinner Load Wait: (Sync) - ICar.support.WaitUtils.waitForSpinner(WaitUtils.java:225)</small> </font> </div>
<div class="test-event"> <font color="maroon"> <small> &emsp; &emsp;--- 04 May 23:53:03 745 - Page URL:: https://www.i-car.com/product/stationary-glass-removal-and-installation</small> </font> </div>
<div class="test-event"> <font color="maroon"> <small> &emsp; &emsp;--- 04 May 23:53:03 745 - <b>0</b> - Page Load Wait: (Sync) - ICar.support.Utils.waitForPageLoad(Utils.java:109)</small> </font> </div>
<div class="test-event"> <font color="maroon"> <small> &emsp; &emsp;--- 04 May 23:53:13 787 - Element is displayed:: [[ChromeDriver: chrome on WINDOWS (2cf28825ea7a8a419a5b05b8e5d35d84)] -> xpath: //div[@class='productDetails slds-p-bottom_large']//div[contains(@class,'slds-p-bottom_medium')]]</small> </font> </div>
<div class="test-message">&emsp;Course Name : StationaryGlassRemovalandInstallation is displayed in the URL page</div>
<div class="test-message">&emsp;Successfully verified the course name for relevant link&emsp;<a href=".\ScreenShot\URL_TC001_2720739425848200.png" target="_blank" >[ScreenShot]</a></div>
<div class="test-message">&emsp;
</div>
<div class="test-message">&emsp;98. URL is : https://www.i-car.com/product/aluminum-gma-welding-theory</div>
<div class="test-event"> <font color="maroon"> <small> &emsp; &emsp;--- 04 May 23:53:22 974 - Page URL:: https://www.i-car.com/product/aluminum-gma-welding-theory</small> </font> </div>
<div class="test-event"> <font color="maroon"> <small> &emsp; &emsp;--- 04 May 23:53:22 975 - <b>0</b> - Page Load Wait: (Sync) - ICar.support.Utils.waitForPageLoad(Utils.java:109)</small> </font> </div>
<div class="test-message">&emsp;Successfully navigated to the :  https://www.i-car.com/product/aluminum-gma-welding-theory   Page&emsp;<a href=".\ScreenShot\URL_TC001_2720740591082800.png" target="_blank" >[ScreenShot]</a></div>
<div class="test-event"> <font color="maroon"> <small> &emsp; &emsp;--- 04 May 23:53:23 275 - Page URL:: https://www.i-car.com/product/aluminum-gma-welding-theory</small> </font> </div>
<div class="test-event"> <font color="maroon"> <small> &emsp; &emsp;--- 04 May 23:53:23 276 - <b>0</b> - Page Load Wait: (Sync) - ICar.support.Utils.waitForPageLoad(Utils.java:109)</small> </font> </div>
<div class="test-event"> <font color="maroon"> <small> &emsp; &emsp;--- 04 May 23:53:23 285 - Catched spinner load exception due to javascript error: {"status":32,"value":"An invalid or illegal selector was specified"}
  (Session info: chrome=124.0.6367.92)
Build info: version: '4.6.0', revision: '79f1c02ae20'
System info: os.name: 'Windows 10', os.arch: 'amd64', os.version: '10.0', java.version: '17.0.7'
Driver info: org.openqa.selenium.chrome.ChromeDriver
Command: [2cf28825ea7a8a419a5b05b8e5d35d84, findElement {using=css selector, value=div[class='slds-spinner slds-spinner_brand slds-spinner_small']>div:nth-child(2)r}]
Capabilities {acceptInsecureCerts: false, browserName: chrome, browserVersion: 124.0.6367.92, chrome: {chromedriverVersion: 124.0.6367.91 (51df0e5e17a8..., userDataDir: C:\Users\PRATHA~1.KUM\AppDa...}, fedcm:accounts: true, goog:chromeOptions: {debuggerAddress: localhost:49451}, networkConnectionEnabled: false, pageLoadStrategy: normal, platformName: WINDOWS, proxy: Proxy(), se:cdp: ws://localhost:49451/devtoo..., se:cdpVersion: 124.0.6367.92, setWindowRect: true, strictFileInteractability: false, timeouts: {implicit: 0, pageLoad: 300000, script: 30000}, unhandledPromptBehavior: dismiss and notify, webauthn:extension:credBlob: true, webauthn:extension:largeBlob: true, webauthn:extension:minPinLength: true, webauthn:extension:prf: true, webauthn:virtualAuthenticators: true}
Session ID: 2cf28825ea7a8a419a5b05b8e5d35d84</small> </font> </div>
<div class="test-event"> <font color="maroon"> <small> &emsp; &emsp;--- 04 May 23:53:23 285 - <b>0</b> - Spinner Load Wait: (Sync) - ICar.support.WaitUtils.waitForSpinner(WaitUtils.java:225)</small> </font> </div>
<div class="test-event"> <font color="maroon"> <small> &emsp; &emsp;--- 04 May 23:53:33 389 - Page URL:: https://www.i-car.com/product/aluminum-gma-welding-theory</small> </font> </div>
<div class="test-event"> <font color="maroon"> <small> &emsp; &emsp;--- 04 May 23:53:33 389 - <b>0</b> - Page Load Wait: (Sync) - ICar.support.Utils.waitForPageLoad(Utils.java:109)</small> </font> </div>
<div class="test-event"> <font color="maroon"> <small> &emsp; &emsp;--- 04 May 23:53:33 409 - Element is displayed:: [[ChromeDriver: chrome on WINDOWS (2cf28825ea7a8a419a5b05b8e5d35d84)] -> xpath: //a[contains(text(),'Back to Courses')]]</small> </font> </div>
<div class="test-event"> <font color="maroon"> <small> &emsp; &emsp;--- 04 May 23:53:40 462 - Catched spinner load exception due to javascript error: {"status":32,"value":"An invalid or illegal selector was specified"}
  (Session info: chrome=124.0.6367.92)
Build info: version: '4.6.0', revision: '79f1c02ae20'
System info: os.name: 'Windows 10', os.arch: 'amd64', os.version: '10.0', java.version: '17.0.7'
Driver info: org.openqa.selenium.chrome.ChromeDriver
Command: [2cf28825ea7a8a419a5b05b8e5d35d84, findElement {using=css selector, value=div[class='slds-spinner slds-spinner_brand slds-spinner_small']>div:nth-child(2)r}]
Capabilities {acceptInsecureCerts: false, browserName: chrome, browserVersion: 124.0.6367.92, chrome: {chromedriverVersion: 124.0.6367.91 (51df0e5e17a8..., userDataDir: C:\Users\PRATHA~1.KUM\AppDa...}, fedcm:accounts: true, goog:chromeOptions: {debuggerAddress: localhost:49451}, networkConnectionEnabled: false, pageLoadStrategy: normal, platformName: WINDOWS, proxy: Proxy(), se:cdp: ws://localhost:49451/devtoo..., se:cdpVersion: 124.0.6367.92, setWindowRect: true, strictFileInteractability: false, timeouts: {implicit: 0, pageLoad: 300000, script: 30000}, unhandledPromptBehavior: dismiss and notify, webauthn:extension:credBlob: true, webauthn:extension:largeBlob: true, webauthn:extension:minPinLength: true, webauthn:extension:prf: true, webauthn:virtualAuthenticators: true}
Session ID: 2cf28825ea7a8a419a5b05b8e5d35d84</small> </font> </div>
<div class="test-event"> <font color="maroon"> <small> &emsp; &emsp;--- 04 May 23:53:40 462 - <b>0</b> - Spinner Load Wait: (Sync) - ICar.support.WaitUtils.waitForSpinner(WaitUtils.java:225)</small> </font> </div>
<div class="test-message">&emsp;Back To Courses is displayed in the page </div>
<div class="test-message">&emsp;Successfully verified Back To Course Link&emsp;<a href=".\ScreenShot\URL_TC001_2720758101831100.png" target="_blank" >[ScreenShot]</a></div>
<div class="test-event"> <font color="maroon"> <small> &emsp; &emsp;--- 04 May 23:53:41 202 - Catched spinner load exception due to javascript error: {"status":32,"value":"An invalid or illegal selector was specified"}
  (Session info: chrome=124.0.6367.92)
Build info: version: '4.6.0', revision: '79f1c02ae20'
System info: os.name: 'Windows 10', os.arch: 'amd64', os.version: '10.0', java.version: '17.0.7'
Driver info: org.openqa.selenium.chrome.ChromeDriver
Command: [2cf28825ea7a8a419a5b05b8e5d35d84, findElement {using=css selector, value=div[class='slds-spinner slds-spinner_brand slds-spinner_small']>div:nth-child(2)r}]
Capabilities {acceptInsecureCerts: false, browserName: chrome, browserVersion: 124.0.6367.92, chrome: {chromedriverVersion: 124.0.6367.91 (51df0e5e17a8..., userDataDir: C:\Users\PRATHA~1.KUM\AppDa...}, fedcm:accounts: true, goog:chromeOptions: {debuggerAddress: localhost:49451}, networkConnectionEnabled: false, pageLoadStrategy: normal, platformName: WINDOWS, proxy: Proxy(), se:cdp: ws://localhost:49451/devtoo..., se:cdpVersion: 124.0.6367.92, setWindowRect: true, strictFileInteractability: false, timeouts: {implicit: 0, pageLoad: 300000, script: 30000}, unhandledPromptBehavior: dismiss and notify, webauthn:extension:credBlob: true, webauthn:extension:largeBlob: true, webauthn:extension:minPinLength: true, webauthn:extension:prf: true, webauthn:virtualAuthenticators: true}
Session ID: 2cf28825ea7a8a419a5b05b8e5d35d84</small> </font> </div>
<div class="test-event"> <font color="maroon"> <small> &emsp; &emsp;--- 04 May 23:53:41 202 - <b>0</b> - Spinner Load Wait: (Sync) - ICar.support.WaitUtils.waitForSpinner(WaitUtils.java:225)</small> </font> </div>
<div class="test-event"> <font color="maroon"> <small> &emsp; &emsp;--- 04 May 23:53:41 268 - Page URL:: https://www.i-car.com/product/aluminum-gma-welding-theory</small> </font> </div>
<div class="test-event"> <font color="maroon"> <small> &emsp; &emsp;--- 04 May 23:53:41 268 - <b>0</b> - Page Load Wait: (Sync) - ICar.support.Utils.waitForPageLoad(Utils.java:109)</small> </font> </div>
<div class="test-event"> <font color="maroon"> <small> &emsp; &emsp;--- 04 May 23:53:51 331 - Element is displayed:: [[ChromeDriver: chrome on WINDOWS (2cf28825ea7a8a419a5b05b8e5d35d84)] -> xpath: //div[@class='productDetails slds-p-bottom_large']//div[contains(@class,'slds-p-bottom_medium')]]</small> </font> </div>
<div class="test-message">&emsp;Course Name : AluminumGMAWeldingTheory is displayed in the URL page</div>
<div class="test-message">&emsp;Successfully verified the course name for relevant link&emsp;<a href=".\ScreenShot\URL_TC001_2720776973565500.png" target="_blank" >[ScreenShot]</a></div>
<div class="test-message">&emsp;
</div>
<div class="test-message">&emsp;99. URL is : https://www.i-car.com/product/autel-maxisys-diagnostic-tablet-and-calibration-kit</div>
<div class="test-event"> <font color="maroon"> <small> &emsp; &emsp;--- 04 May 23:54:00 596 - Page URL:: https://www.i-car.com/product/autel-maxisys-diagnostic-tablet-and-calibration-kit</small> </font> </div>
<div class="test-event"> <font color="maroon"> <small> &emsp; &emsp;--- 04 May 23:54:00 597 - <b>0</b> - Page Load Wait: (Sync) - ICar.support.Utils.waitForPageLoad(Utils.java:109)</small> </font> </div>
<div class="test-message">&emsp;Successfully navigated to the :  https://www.i-car.com/product/autel-maxisys-diagnostic-tablet-and-calibration-kit   Page&emsp;<a href=".\ScreenShot\URL_TC001_2720778212610600.png" target="_blank" >[ScreenShot]</a></div>
<div class="test-event"> <font color="maroon"> <small> &emsp; &emsp;--- 04 May 23:54:00 850 - Page URL:: https://www.i-car.com/product/autel-maxisys-diagnostic-tablet-and-calibration-kit</small> </font> </div>
<div class="test-event"> <font color="maroon"> <small> &emsp; &emsp;--- 04 May 23:54:00 850 - <b>0</b> - Page Load Wait: (Sync) - ICar.support.Utils.waitForPageLoad(Utils.java:109)</small> </font> </div>
<div class="test-event"> <font color="maroon"> <small> &emsp; &emsp;--- 04 May 23:54:00 858 - Catched spinner load exception due to javascript error: {"status":32,"value":"An invalid or illegal selector was specified"}
  (Session info: chrome=124.0.6367.92)
Build info: version: '4.6.0', revision: '79f1c02ae20'
System info: os.name: 'Windows 10', os.arch: 'amd64', os.version: '10.0', java.version: '17.0.7'
Driver info: org.openqa.selenium.chrome.ChromeDriver
Command: [2cf28825ea7a8a419a5b05b8e5d35d84, findElement {using=css selector, value=div[class='slds-spinner slds-spinner_brand slds-spinner_small']>div:nth-child(2)r}]
Capabilities {acceptInsecureCerts: false, browserName: chrome, browserVersion: 124.0.6367.92, chrome: {chromedriverVersion: 124.0.6367.91 (51df0e5e17a8..., userDataDir: C:\Users\PRATHA~1.KUM\AppDa...}, fedcm:accounts: true, goog:chromeOptions: {debuggerAddress: localhost:49451}, networkConnectionEnabled: false, pageLoadStrategy: normal, platformName: WINDOWS, proxy: Proxy(), se:cdp: ws://localhost:49451/devtoo..., se:cdpVersion: 124.0.6367.92, setWindowRect: true, strictFileInteractability: false, timeouts: {implicit: 0, pageLoad: 300000, script: 30000}, unhandledPromptBehavior: dismiss and notify, webauthn:extension:credBlob: true, webauthn:extension:largeBlob: true, webauthn:extension:minPinLength: true, webauthn:extension:prf: true, webauthn:virtualAuthenticators: true}
Session ID: 2cf28825ea7a8a419a5b05b8e5d35d84</small> </font> </div>
<div class="test-event"> <font color="maroon"> <small> &emsp; &emsp;--- 04 May 23:54:00 858 - <b>0</b> - Spinner Load Wait: (Sync) - ICar.support.WaitUtils.waitForSpinner(WaitUtils.java:225)</small> </font> </div>
<div class="test-event"> <font color="maroon"> <small> &emsp; &emsp;--- 04 May 23:54:10 938 - Page URL:: https://www.i-car.com/product/autel-maxisys-diagnostic-tablet-and-calibration-kit</small> </font> </div>
<div class="test-event"> <font color="maroon"> <small> &emsp; &emsp;--- 04 May 23:54:10 938 - <b>0</b> - Page Load Wait: (Sync) - ICar.support.Utils.waitForPageLoad(Utils.java:109)</small> </font> </div>
<div class="test-event"> <font color="maroon"> <small> &emsp; &emsp;--- 04 May 23:54:10 957 - Element is displayed:: [[ChromeDriver: chrome on WINDOWS (2cf28825ea7a8a419a5b05b8e5d35d84)] -> xpath: //a[contains(text(),'Back to Courses')]]</small> </font> </div>
<div class="test-event"> <font color="maroon"> <small> &emsp; &emsp;--- 04 May 23:54:17 995 - Catched spinner load exception due to javascript error: {"status":32,"value":"An invalid or illegal selector was specified"}
  (Session info: chrome=124.0.6367.92)
Build info: version: '4.6.0', revision: '79f1c02ae20'
System info: os.name: 'Windows 10', os.arch: 'amd64', os.version: '10.0', java.version: '17.0.7'
Driver info: org.openqa.selenium.chrome.ChromeDriver
Command: [2cf28825ea7a8a419a5b05b8e5d35d84, findElement {using=css selector, value=div[class='slds-spinner slds-spinner_brand slds-spinner_small']>div:nth-child(2)r}]
Capabilities {acceptInsecureCerts: false, browserName: chrome, browserVersion: 124.0.6367.92, chrome: {chromedriverVersion: 124.0.6367.91 (51df0e5e17a8..., userDataDir: C:\Users\PRATHA~1.KUM\AppDa...}, fedcm:accounts: true, goog:chromeOptions: {debuggerAddress: localhost:49451}, networkConnectionEnabled: false, pageLoadStrategy: normal, platformName: WINDOWS, proxy: Proxy(), se:cdp: ws://localhost:49451/devtoo..., se:cdpVersion: 124.0.6367.92, setWindowRect: true, strictFileInteractability: false, timeouts: {implicit: 0, pageLoad: 300000, script: 30000}, unhandledPromptBehavior: dismiss and notify, webauthn:extension:credBlob: true, webauthn:extension:largeBlob: true, webauthn:extension:minPinLength: true, webauthn:extension:prf: true, webauthn:virtualAuthenticators: true}
Session ID: 2cf28825ea7a8a419a5b05b8e5d35d84</small> </font> </div>
<div class="test-event"> <font color="maroon"> <small> &emsp; &emsp;--- 04 May 23:54:17 995 - <b>0</b> - Spinner Load Wait: (Sync) - ICar.support.WaitUtils.waitForSpinner(WaitUtils.java:225)</small> </font> </div>
<div class="test-message">&emsp;Back To Courses is displayed in the page </div>
<div class="test-message">&emsp;Successfully verified Back To Course Link&emsp;<a href=".\ScreenShot\URL_TC001_2720795623371400.png" target="_blank" >[ScreenShot]</a></div>
<div class="test-event"> <font color="maroon"> <small> &emsp; &emsp;--- 04 May 23:54:18 278 - Catched spinner load exception due to javascript error: {"status":32,"value":"An invalid or illegal selector was specified"}
  (Session info: chrome=124.0.6367.92)
Build info: version: '4.6.0', revision: '79f1c02ae20'
System info: os.name: 'Windows 10', os.arch: 'amd64', os.version: '10.0', java.version: '17.0.7'
Driver info: org.openqa.selenium.chrome.ChromeDriver
Command: [2cf28825ea7a8a419a5b05b8e5d35d84, findElement {using=css selector, value=div[class='slds-spinner slds-spinner_brand slds-spinner_small']>div:nth-child(2)r}]
Capabilities {acceptInsecureCerts: false, browserName: chrome, browserVersion: 124.0.6367.92, chrome: {chromedriverVersion: 124.0.6367.91 (51df0e5e17a8..., userDataDir: C:\Users\PRATHA~1.KUM\AppDa...}, fedcm:accounts: true, goog:chromeOptions: {debuggerAddress: localhost:49451}, networkConnectionEnabled: false, pageLoadStrategy: normal, platformName: WINDOWS, proxy: Proxy(), se:cdp: ws://localhost:49451/devtoo..., se:cdpVersion: 124.0.6367.92, setWindowRect: true, strictFileInteractability: false, timeouts: {implicit: 0, pageLoad: 300000, script: 30000}, unhandledPromptBehavior: dismiss and notify, webauthn:extension:credBlob: true, webauthn:extension:largeBlob: true, webauthn:extension:minPinLength: true, webauthn:extension:prf: true, webauthn:virtualAuthenticators: true}
Session ID: 2cf28825ea7a8a419a5b05b8e5d35d84</small> </font> </div>
<div class="test-event"> <font color="maroon"> <small> &emsp; &emsp;--- 04 May 23:54:18 278 - <b>0</b> - Spinner Load Wait: (Sync) - ICar.support.WaitUtils.waitForSpinner(WaitUtils.java:225)</small> </font> </div>
<div class="test-event"> <font color="maroon"> <small> &emsp; &emsp;--- 04 May 23:54:18 350 - Page URL:: https://www.i-car.com/product/autel-maxisys-diagnostic-tablet-and-calibration-kit</small> </font> </div>
<div class="test-event"> <font color="maroon"> <small> &emsp; &emsp;--- 04 May 23:54:18 351 - <b>0</b> - Page Load Wait: (Sync) - ICar.support.Utils.waitForPageLoad(Utils.java:109)</small> </font> </div>
<div class="test-event"> <font color="maroon"> <small> &emsp; &emsp;--- 04 May 23:54:28 421 - Element is displayed:: [[ChromeDriver: chrome on WINDOWS (2cf28825ea7a8a419a5b05b8e5d35d84)] -> xpath: //div[@class='productDetails slds-p-bottom_large']//div[contains(@class,'slds-p-bottom_medium')]]</small> </font> </div>
<div class="test-message">&emsp;Course Name : AUTELMaxiSysDiagnosticTabletandCalibrationKit is displayed in the URL page</div>
<div class="test-message">&emsp;Successfully verified the course name for relevant link&emsp;<a href=".\ScreenShot\URL_TC001_2720814057811500.png" target="_blank" >[ScreenShot]</a></div>
<div class="test-message">&emsp;
</div>
<div class="test-message">&emsp;100. URL is : https://www.i-car.com/product/steel-panel-repair-2</div>
<div class="test-event"> <font color="maroon"> <small> &emsp; &emsp;--- 04 May 23:54:42 018 - Page URL:: https://www.i-car.com/product/steel-panel-repair-2</small> </font> </div>
<div class="test-event"> <font color="maroon"> <small> &emsp; &emsp;--- 04 May 23:54:42 018 - <b>2</b> - Page Load Wait: (Sync) - ICar.support.Utils.waitForPageLoad(Utils.java:109)</small> </font> </div>
<div class="test-message">&emsp;Successfully navigated to the :  https://www.i-car.com/product/steel-panel-repair-2   Page&emsp;<a href=".\ScreenShot\URL_TC001_2720819634900900.png" target="_blank" >[ScreenShot]</a></div>
<div class="test-event"> <font color="maroon"> <small> &emsp; &emsp;--- 04 May 23:54:42 360 - Page URL:: https://www.i-car.com/product/steel-panel-repair-2</small> </font> </div>
<div class="test-event"> <font color="maroon"> <small> &emsp; &emsp;--- 04 May 23:54:42 360 - <b>0</b> - Page Load Wait: (Sync) - ICar.support.Utils.waitForPageLoad(Utils.java:109)</small> </font> </div>
<div class="test-event"> <font color="maroon"> <small> &emsp; &emsp;--- 04 May 23:54:42 368 - Catched spinner load exception due to javascript error: {"status":32,"value":"An invalid or illegal selector was specified"}
  (Session info: chrome=124.0.6367.92)
Build info: version: '4.6.0', revision: '79f1c02ae20'
System info: os.name: 'Windows 10', os.arch: 'amd64', os.version: '10.0', java.version: '17.0.7'
Driver info: org.openqa.selenium.chrome.ChromeDriver
Command: [2cf28825ea7a8a419a5b05b8e5d35d84, findElement {using=css selector, value=div[class='slds-spinner slds-spinner_brand slds-spinner_small']>div:nth-child(2)r}]
Capabilities {acceptInsecureCerts: false, browserName: chrome, browserVersion: 124.0.6367.92, chrome: {chromedriverVersion: 124.0.6367.91 (51df0e5e17a8..., userDataDir: C:\Users\PRATHA~1.KUM\AppDa...}, fedcm:accounts: true, goog:chromeOptions: {debuggerAddress: localhost:49451}, networkConnectionEnabled: false, pageLoadStrategy: normal, platformName: WINDOWS, proxy: Proxy(), se:cdp: ws://localhost:49451/devtoo..., se:cdpVersion: 124.0.6367.92, setWindowRect: true, strictFileInteractability: false, timeouts: {implicit: 0, pageLoad: 300000, script: 30000}, unhandledPromptBehavior: dismiss and notify, webauthn:extension:credBlob: true, webauthn:extension:largeBlob: true, webauthn:extension:minPinLength: true, webauthn:extension:prf: true, webauthn:virtualAuthenticators: true}
Session ID: 2cf28825ea7a8a419a5b05b8e5d35d84</small> </font> </div>
<div class="test-event"> <font color="maroon"> <small> &emsp; &emsp;--- 04 May 23:54:42 368 - <b>0</b> - Spinner Load Wait: (Sync) - ICar.support.WaitUtils.waitForSpinner(WaitUtils.java:225)</small> </font> </div>
<div class="test-event"> <font color="maroon"> <small> &emsp; &emsp;--- 04 May 23:54:52 458 - Page URL:: https://www.i-car.com/product/steel-panel-repair-2</small> </font> </div>
<div class="test-event"> <font color="maroon"> <small> &emsp; &emsp;--- 04 May 23:54:52 458 - <b>0</b> - Page Load Wait: (Sync) - ICar.support.Utils.waitForPageLoad(Utils.java:109)</small> </font> </div>
<div class="test-event"> <font color="maroon"> <small> &emsp; &emsp;--- 04 May 23:54:52 480 - Element is displayed:: [[ChromeDriver: chrome on WINDOWS (2cf28825ea7a8a419a5b05b8e5d35d84)] -> xpath: //a[contains(text(),'Back to Courses')]]</small> </font> </div>
<div class="test-event"> <font color="maroon"> <small> &emsp; &emsp;--- 04 May 23:54:59 602 - Catched spinner load exception due to javascript error: {"status":32,"value":"An invalid or illegal selector was specified"}
  (Session info: chrome=124.0.6367.92)
Build info: version: '4.6.0', revision: '79f1c02ae20'
System info: os.name: 'Windows 10', os.arch: 'amd64', os.version: '10.0', java.version: '17.0.7'
Driver info: org.openqa.selenium.chrome.ChromeDriver
Command: [2cf28825ea7a8a419a5b05b8e5d35d84, findElement {using=css selector, value=div[class='slds-spinner slds-spinner_brand slds-spinner_small']>div:nth-child(2)r}]
Capabilities {acceptInsecureCerts: false, browserName: chrome, browserVersion: 124.0.6367.92, chrome: {chromedriverVersion: 124.0.6367.91 (51df0e5e17a8..., userDataDir: C:\Users\PRATHA~1.KUM\AppDa...}, fedcm:accounts: true, goog:chromeOptions: {debuggerAddress: localhost:49451}, networkConnectionEnabled: false, pageLoadStrategy: normal, platformName: WINDOWS, proxy: Proxy(), se:cdp: ws://localhost:49451/devtoo..., se:cdpVersion: 124.0.6367.92, setWindowRect: true, strictFileInteractability: false, timeouts: {implicit: 0, pageLoad: 300000, script: 30000}, unhandledPromptBehavior: dismiss and notify, webauthn:extension:credBlob: true, webauthn:extension:largeBlob: true, webauthn:extension:minPinLength: true, webauthn:extension:prf: true, webauthn:virtualAuthenticators: true}
Session ID: 2cf28825ea7a8a419a5b05b8e5d35d84</small> </font> </div>
<div class="test-event"> <font color="maroon"> <small> &emsp; &emsp;--- 04 May 23:54:59 602 - <b>0</b> - Spinner Load Wait: (Sync) - ICar.support.WaitUtils.waitForSpinner(WaitUtils.java:225)</small> </font> </div>
<div class="test-message">&emsp;Back To Courses is displayed in the page </div>
<div class="test-message">&emsp;Successfully verified Back To Course Link&emsp;<a href=".\ScreenShot\URL_TC001_2720837242225600.png" target="_blank" >[ScreenShot]</a></div>
<div class="test-event"> <font color="maroon"> <small> &emsp; &emsp;--- 04 May 23:55:02 751 - Catched spinner load exception due to javascript error: {"status":32,"value":"An invalid or illegal selector was specified"}
  (Session info: chrome=124.0.6367.92)
Build info: version: '4.6.0', revision: '79f1c02ae20'
System info: os.name: 'Windows 10', os.arch: 'amd64', os.version: '10.0', java.version: '17.0.7'
Driver info: org.openqa.selenium.chrome.ChromeDriver
Command: [2cf28825ea7a8a419a5b05b8e5d35d84, findElement {using=css selector, value=div[class='slds-spinner slds-spinner_brand slds-spinner_small']>div:nth-child(2)r}]
Capabilities {acceptInsecureCerts: false, browserName: chrome, browserVersion: 124.0.6367.92, chrome: {chromedriverVersion: 124.0.6367.91 (51df0e5e17a8..., userDataDir: C:\Users\PRATHA~1.KUM\AppDa...}, fedcm:accounts: true, goog:chromeOptions: {debuggerAddress: localhost:49451}, networkConnectionEnabled: false, pageLoadStrategy: normal, platformName: WINDOWS, proxy: Proxy(), se:cdp: ws://localhost:49451/devtoo..., se:cdpVersion: 124.0.6367.92, setWindowRect: true, strictFileInteractability: false, timeouts: {implicit: 0, pageLoad: 300000, script: 30000}, unhandledPromptBehavior: dismiss and notify, webauthn:extension:credBlob: true, webauthn:extension:largeBlob: true, webauthn:extension:minPinLength: true, webauthn:extension:prf: true, webauthn:virtualAuthenticators: true}
Session ID: 2cf28825ea7a8a419a5b05b8e5d35d84</small> </font> </div>
<div class="test-event"> <font color="maroon"> <small> &emsp; &emsp;--- 04 May 23:55:02 751 - <b>0</b> - Spinner Load Wait: (Sync) - ICar.support.WaitUtils.waitForSpinner(WaitUtils.java:225)</small> </font> </div>
<div class="test-event"> <font color="maroon"> <small> &emsp; &emsp;--- 04 May 23:55:05 944 - Page URL:: https://www.i-car.com/product/steel-panel-repair-2</small> </font> </div>
<div class="test-event"> <font color="maroon"> <small> &emsp; &emsp;--- 04 May 23:55:05 944 - <b>3</b> - Page Load Wait: (Sync) - ICar.support.Utils.waitForPageLoad(Utils.java:109)</small> </font> </div>
<div class="test-event"> <font color="maroon"> <small> &emsp; &emsp;--- 04 May 23:55:15 992 - Element is displayed:: [[ChromeDriver: chrome on WINDOWS (2cf28825ea7a8a419a5b05b8e5d35d84)] -> xpath: //div[@class='productDetails slds-p-bottom_large']//div[contains(@class,'slds-p-bottom_medium')]]</small> </font> </div>
<div class="test-message">&emsp;Course Name : SteelPanelRepair2 is displayed in the URL page</div>
<div class="test-message">&emsp;Successfully verified the course name for relevant link&emsp;<a href=".\ScreenShot\URL_TC001_2720861629168400.png" target="_blank" >[ScreenShot]</a></div>
<div class="test-message">&emsp;
</div>
<div class="test-message">&emsp;101. URL is : https://www.i-car.com/product/electronic-measuring-system</div>
<div class="test-event"> <font color="maroon"> <small> &emsp; &emsp;--- 04 May 23:55:25 500 - Page URL:: https://www.i-car.com/product/electronic-measuring-system</small> </font> </div>
<div class="test-event"> <font color="maroon"> <small> &emsp; &emsp;--- 04 May 23:55:25 500 - <b>0</b> - Page Load Wait: (Sync) - ICar.support.Utils.waitForPageLoad(Utils.java:109)</small> </font> </div>
<div class="test-message">&emsp;Successfully navigated to the :  https://www.i-car.com/product/electronic-measuring-system   Page&emsp;<a href=".\ScreenShot\URL_TC001_2720863116184300.png" target="_blank" >[ScreenShot]</a></div>
<div class="test-event"> <font color="maroon"> <small> &emsp; &emsp;--- 04 May 23:55:25 799 - Page URL:: https://www.i-car.com/product/electronic-measuring-system</small> </font> </div>
<div class="test-event"> <font color="maroon"> <small> &emsp; &emsp;--- 04 May 23:55:25 799 - <b>0</b> - Page Load Wait: (Sync) - ICar.support.Utils.waitForPageLoad(Utils.java:109)</small> </font> </div>
<div class="test-event"> <font color="maroon"> <small> &emsp; &emsp;--- 04 May 23:55:25 806 - Catched spinner load exception due to javascript error: {"status":32,"value":"An invalid or illegal selector was specified"}
  (Session info: chrome=124.0.6367.92)
Build info: version: '4.6.0', revision: '79f1c02ae20'
System info: os.name: 'Windows 10', os.arch: 'amd64', os.version: '10.0', java.version: '17.0.7'
Driver info: org.openqa.selenium.chrome.ChromeDriver
Command: [2cf28825ea7a8a419a5b05b8e5d35d84, findElement {using=css selector, value=div[class='slds-spinner slds-spinner_brand slds-spinner_small']>div:nth-child(2)r}]
Capabilities {acceptInsecureCerts: false, browserName: chrome, browserVersion: 124.0.6367.92, chrome: {chromedriverVersion: 124.0.6367.91 (51df0e5e17a8..., userDataDir: C:\Users\PRATHA~1.KUM\AppDa...}, fedcm:accounts: true, goog:chromeOptions: {debuggerAddress: localhost:49451}, networkConnectionEnabled: false, pageLoadStrategy: normal, platformName: WINDOWS, proxy: Proxy(), se:cdp: ws://localhost:49451/devtoo..., se:cdpVersion: 124.0.6367.92, setWindowRect: true, strictFileInteractability: false, timeouts: {implicit: 0, pageLoad: 300000, script: 30000}, unhandledPromptBehavior: dismiss and notify, webauthn:extension:credBlob: true, webauthn:extension:largeBlob: true, webauthn:extension:minPinLength: true, webauthn:extension:prf: true, webauthn:virtualAuthenticators: true}
Session ID: 2cf28825ea7a8a419a5b05b8e5d35d84</small> </font> </div>
<div class="test-event"> <font color="maroon"> <small> &emsp; &emsp;--- 04 May 23:55:25 806 - <b>0</b> - Spinner Load Wait: (Sync) - ICar.support.WaitUtils.waitForSpinner(WaitUtils.java:225)</small> </font> </div>
<div class="test-event"> <font color="maroon"> <small> &emsp; &emsp;--- 04 May 23:55:35 884 - Page URL:: https://www.i-car.com/product/electronic-measuring-system</small> </font> </div>
<div class="test-event"> <font color="maroon"> <small> &emsp; &emsp;--- 04 May 23:55:35 884 - <b>0</b> - Page Load Wait: (Sync) - ICar.support.Utils.waitForPageLoad(Utils.java:109)</small> </font> </div>
<div class="test-event"> <font color="maroon"> <small> &emsp; &emsp;--- 04 May 23:55:35 902 - Element is displayed:: [[ChromeDriver: chrome on WINDOWS (2cf28825ea7a8a419a5b05b8e5d35d84)] -> xpath: //a[contains(text(),'Back to Courses')]]</small> </font> </div>
<div class="test-event"> <font color="maroon"> <small> &emsp; &emsp;--- 04 May 23:55:42 940 - Catched spinner load exception due to javascript error: {"status":32,"value":"An invalid or illegal selector was specified"}
  (Session info: chrome=124.0.6367.92)
Build info: version: '4.6.0', revision: '79f1c02ae20'
System info: os.name: 'Windows 10', os.arch: 'amd64', os.version: '10.0', java.version: '17.0.7'
Driver info: org.openqa.selenium.chrome.ChromeDriver
Command: [2cf28825ea7a8a419a5b05b8e5d35d84, findElement {using=css selector, value=div[class='slds-spinner slds-spinner_brand slds-spinner_small']>div:nth-child(2)r}]
Capabilities {acceptInsecureCerts: false, browserName: chrome, browserVersion: 124.0.6367.92, chrome: {chromedriverVersion: 124.0.6367.91 (51df0e5e17a8..., userDataDir: C:\Users\PRATHA~1.KUM\AppDa...}, fedcm:accounts: true, goog:chromeOptions: {debuggerAddress: localhost:49451}, networkConnectionEnabled: false, pageLoadStrategy: normal, platformName: WINDOWS, proxy: Proxy(), se:cdp: ws://localhost:49451/devtoo..., se:cdpVersion: 124.0.6367.92, setWindowRect: true, strictFileInteractability: false, timeouts: {implicit: 0, pageLoad: 300000, script: 30000}, unhandledPromptBehavior: dismiss and notify, webauthn:extension:credBlob: true, webauthn:extension:largeBlob: true, webauthn:extension:minPinLength: true, webauthn:extension:prf: true, webauthn:virtualAuthenticators: true}
Session ID: 2cf28825ea7a8a419a5b05b8e5d35d84</small> </font> </div>
<div class="test-event"> <font color="maroon"> <small> &emsp; &emsp;--- 04 May 23:55:42 940 - <b>0</b> - Spinner Load Wait: (Sync) - ICar.support.WaitUtils.waitForSpinner(WaitUtils.java:225)</small> </font> </div>
<div class="test-message">&emsp;Back To Courses is displayed in the page </div>
<div class="test-message">&emsp;Successfully verified Back To Course Link&emsp;<a href=".\ScreenShot\URL_TC001_2720880566597700.png" target="_blank" >[ScreenShot]</a></div>
<div class="test-event"> <font color="maroon"> <small> &emsp; &emsp;--- 04 May 23:55:43 173 - Catched spinner load exception due to javascript error: {"status":32,"value":"An invalid or illegal selector was specified"}
  (Session info: chrome=124.0.6367.92)
Build info: version: '4.6.0', revision: '79f1c02ae20'
System info: os.name: 'Windows 10', os.arch: 'amd64', os.version: '10.0', java.version: '17.0.7'
Driver info: org.openqa.selenium.chrome.ChromeDriver
Command: [2cf28825ea7a8a419a5b05b8e5d35d84, findElement {using=css selector, value=div[class='slds-spinner slds-spinner_brand slds-spinner_small']>div:nth-child(2)r}]
Capabilities {acceptInsecureCerts: false, browserName: chrome, browserVersion: 124.0.6367.92, chrome: {chromedriverVersion: 124.0.6367.91 (51df0e5e17a8..., userDataDir: C:\Users\PRATHA~1.KUM\AppDa...}, fedcm:accounts: true, goog:chromeOptions: {debuggerAddress: localhost:49451}, networkConnectionEnabled: false, pageLoadStrategy: normal, platformName: WINDOWS, proxy: Proxy(), se:cdp: ws://localhost:49451/devtoo..., se:cdpVersion: 124.0.6367.92, setWindowRect: true, strictFileInteractability: false, timeouts: {implicit: 0, pageLoad: 300000, script: 30000}, unhandledPromptBehavior: dismiss and notify, webauthn:extension:credBlob: true, webauthn:extension:largeBlob: true, webauthn:extension:minPinLength: true, webauthn:extension:prf: true, webauthn:virtualAuthenticators: true}
Session ID: 2cf28825ea7a8a419a5b05b8e5d35d84</small> </font> </div>
<div class="test-event"> <font color="maroon"> <small> &emsp; &emsp;--- 04 May 23:55:43 173 - <b>0</b> - Spinner Load Wait: (Sync) - ICar.support.WaitUtils.waitForSpinner(WaitUtils.java:225)</small> </font> </div>
<div class="test-event"> <font color="maroon"> <small> &emsp; &emsp;--- 04 May 23:55:43 235 - Page URL:: https://www.i-car.com/product/electronic-measuring-system</small> </font> </div>
<div class="test-event"> <font color="maroon"> <small> &emsp; &emsp;--- 04 May 23:55:43 235 - <b>0</b> - Page Load Wait: (Sync) - ICar.support.Utils.waitForPageLoad(Utils.java:109)</small> </font> </div>
<div class="test-event"> <font color="maroon"> <small> &emsp; &emsp;--- 04 May 23:55:53 299 - Element is displayed:: [[ChromeDriver: chrome on WINDOWS (2cf28825ea7a8a419a5b05b8e5d35d84)] -> xpath: //div[@class='productDetails slds-p-bottom_large']//div[contains(@class,'slds-p-bottom_medium')]]</small> </font> </div>
<div class="test-message">&emsp;Course Name : ElectronicMeasuringSystem is displayed in the URL page</div>
<div class="test-message">&emsp;Successfully verified the course name for relevant link&emsp;<a href=".\ScreenShot\URL_TC001_2720898942525600.png" target="_blank" >[ScreenShot]</a></div>
<div class="test-message">&emsp;
</div>
<div class="test-message">&emsp;102. URL is : https://www.i-car.com/product/incorporating-adas-in-your-business</div>
<div class="test-event"> <font color="maroon"> <small> &emsp; &emsp;--- 04 May 23:56:02 985 - Page URL:: https://www.i-car.com/product/incorporating-adas-in-your-business</small> </font> </div>
<div class="test-event"> <font color="maroon"> <small> &emsp; &emsp;--- 04 May 23:56:02 985 - <b>0</b> - Page Load Wait: (Sync) - ICar.support.Utils.waitForPageLoad(Utils.java:109)</small> </font> </div>
<div class="test-message">&emsp;Successfully navigated to the :  https://www.i-car.com/product/incorporating-adas-in-your-business   Page&emsp;<a href=".\ScreenShot\URL_TC001_2720900602232600.png" target="_blank" >[ScreenShot]</a></div>
<div class="test-event"> <font color="maroon"> <small> &emsp; &emsp;--- 04 May 23:56:03 274 - Page URL:: https://www.i-car.com/product/incorporating-adas-in-your-business</small> </font> </div>
<div class="test-event"> <font color="maroon"> <small> &emsp; &emsp;--- 04 May 23:56:03 274 - <b>0</b> - Page Load Wait: (Sync) - ICar.support.Utils.waitForPageLoad(Utils.java:109)</small> </font> </div>
<div class="test-event"> <font color="maroon"> <small> &emsp; &emsp;--- 04 May 23:56:03 283 - Catched spinner load exception due to javascript error: {"status":32,"value":"An invalid or illegal selector was specified"}
  (Session info: chrome=124.0.6367.92)
Build info: version: '4.6.0', revision: '79f1c02ae20'
System info: os.name: 'Windows 10', os.arch: 'amd64', os.version: '10.0', java.version: '17.0.7'
Driver info: org.openqa.selenium.chrome.ChromeDriver
Command: [2cf28825ea7a8a419a5b05b8e5d35d84, findElement {using=css selector, value=div[class='slds-spinner slds-spinner_brand slds-spinner_small']>div:nth-child(2)r}]
Capabilities {acceptInsecureCerts: false, browserName: chrome, browserVersion: 124.0.6367.92, chrome: {chromedriverVersion: 124.0.6367.91 (51df0e5e17a8..., userDataDir: C:\Users\PRATHA~1.KUM\AppDa...}, fedcm:accounts: true, goog:chromeOptions: {debuggerAddress: localhost:49451}, networkConnectionEnabled: false, pageLoadStrategy: normal, platformName: WINDOWS, proxy: Proxy(), se:cdp: ws://localhost:49451/devtoo..., se:cdpVersion: 124.0.6367.92, setWindowRect: true, strictFileInteractability: false, timeouts: {implicit: 0, pageLoad: 300000, script: 30000}, unhandledPromptBehavior: dismiss and notify, webauthn:extension:credBlob: true, webauthn:extension:largeBlob: true, webauthn:extension:minPinLength: true, webauthn:extension:prf: true, webauthn:virtualAuthenticators: true}
Session ID: 2cf28825ea7a8a419a5b05b8e5d35d84</small> </font> </div>
<div class="test-event"> <font color="maroon"> <small> &emsp; &emsp;--- 04 May 23:56:03 283 - <b>0</b> - Spinner Load Wait: (Sync) - ICar.support.WaitUtils.waitForSpinner(WaitUtils.java:225)</small> </font> </div>
<div class="test-event"> <font color="maroon"> <small> &emsp; &emsp;--- 04 May 23:56:13 372 - Page URL:: https://www.i-car.com/product/incorporating-adas-in-your-business</small> </font> </div>
<div class="test-event"> <font color="maroon"> <small> &emsp; &emsp;--- 04 May 23:56:13 372 - <b>0</b> - Page Load Wait: (Sync) - ICar.support.Utils.waitForPageLoad(Utils.java:109)</small> </font> </div>
<div class="test-event"> <font color="maroon"> <small> &emsp; &emsp;--- 04 May 23:56:13 392 - Element is displayed:: [[ChromeDriver: chrome on WINDOWS (2cf28825ea7a8a419a5b05b8e5d35d84)] -> xpath: //a[contains(text(),'Back to Courses')]]</small> </font> </div>
<div class="test-event"> <font color="maroon"> <small> &emsp; &emsp;--- 04 May 23:56:20 433 - Catched spinner load exception due to javascript error: {"status":32,"value":"An invalid or illegal selector was specified"}
  (Session info: chrome=124.0.6367.92)
Build info: version: '4.6.0', revision: '79f1c02ae20'
System info: os.name: 'Windows 10', os.arch: 'amd64', os.version: '10.0', java.version: '17.0.7'
Driver info: org.openqa.selenium.chrome.ChromeDriver
Command: [2cf28825ea7a8a419a5b05b8e5d35d84, findElement {using=css selector, value=div[class='slds-spinner slds-spinner_brand slds-spinner_small']>div:nth-child(2)r}]
Capabilities {acceptInsecureCerts: false, browserName: chrome, browserVersion: 124.0.6367.92, chrome: {chromedriverVersion: 124.0.6367.91 (51df0e5e17a8..., userDataDir: C:\Users\PRATHA~1.KUM\AppDa...}, fedcm:accounts: true, goog:chromeOptions: {debuggerAddress: localhost:49451}, networkConnectionEnabled: false, pageLoadStrategy: normal, platformName: WINDOWS, proxy: Proxy(), se:cdp: ws://localhost:49451/devtoo..., se:cdpVersion: 124.0.6367.92, setWindowRect: true, strictFileInteractability: false, timeouts: {implicit: 0, pageLoad: 300000, script: 30000}, unhandledPromptBehavior: dismiss and notify, webauthn:extension:credBlob: true, webauthn:extension:largeBlob: true, webauthn:extension:minPinLength: true, webauthn:extension:prf: true, webauthn:virtualAuthenticators: true}
Session ID: 2cf28825ea7a8a419a5b05b8e5d35d84</small> </font> </div>
<div class="test-event"> <font color="maroon"> <small> &emsp; &emsp;--- 04 May 23:56:20 433 - <b>0</b> - Spinner Load Wait: (Sync) - ICar.support.WaitUtils.waitForSpinner(WaitUtils.java:225)</small> </font> </div>
<div class="test-message">&emsp;Back To Courses is displayed in the page </div>
<div class="test-message">&emsp;Successfully verified Back To Course Link&emsp;<a href=".\ScreenShot\URL_TC001_2720918060605200.png" target="_blank" >[ScreenShot]</a></div>
<div class="test-event"> <font color="maroon"> <small> &emsp; &emsp;--- 04 May 23:56:20 673 - Catched spinner load exception due to javascript error: {"status":32,"value":"An invalid or illegal selector was specified"}
  (Session info: chrome=124.0.6367.92)
Build info: version: '4.6.0', revision: '79f1c02ae20'
System info: os.name: 'Windows 10', os.arch: 'amd64', os.version: '10.0', java.version: '17.0.7'
Driver info: org.openqa.selenium.chrome.ChromeDriver
Command: [2cf28825ea7a8a419a5b05b8e5d35d84, findElement {using=css selector, value=div[class='slds-spinner slds-spinner_brand slds-spinner_small']>div:nth-child(2)r}]
Capabilities {acceptInsecureCerts: false, browserName: chrome, browserVersion: 124.0.6367.92, chrome: {chromedriverVersion: 124.0.6367.91 (51df0e5e17a8..., userDataDir: C:\Users\PRATHA~1.KUM\AppDa...}, fedcm:accounts: true, goog:chromeOptions: {debuggerAddress: localhost:49451}, networkConnectionEnabled: false, pageLoadStrategy: normal, platformName: WINDOWS, proxy: Proxy(), se:cdp: ws://localhost:49451/devtoo..., se:cdpVersion: 124.0.6367.92, setWindowRect: true, strictFileInteractability: false, timeouts: {implicit: 0, pageLoad: 300000, script: 30000}, unhandledPromptBehavior: dismiss and notify, webauthn:extension:credBlob: true, webauthn:extension:largeBlob: true, webauthn:extension:minPinLength: true, webauthn:extension:prf: true, webauthn:virtualAuthenticators: true}
Session ID: 2cf28825ea7a8a419a5b05b8e5d35d84</small> </font> </div>
<div class="test-event"> <font color="maroon"> <small> &emsp; &emsp;--- 04 May 23:56:20 673 - <b>0</b> - Spinner Load Wait: (Sync) - ICar.support.WaitUtils.waitForSpinner(WaitUtils.java:225)</small> </font> </div>
<div class="test-event"> <font color="maroon"> <small> &emsp; &emsp;--- 04 May 23:56:20 738 - Page URL:: https://www.i-car.com/product/incorporating-adas-in-your-business</small> </font> </div>
<div class="test-event"> <font color="maroon"> <small> &emsp; &emsp;--- 04 May 23:56:20 738 - <b>0</b> - Page Load Wait: (Sync) - ICar.support.Utils.waitForPageLoad(Utils.java:109)</small> </font> </div>
<div class="test-event"> <font color="maroon"> <small> &emsp; &emsp;--- 04 May 23:56:30 783 - Element is displayed:: [[ChromeDriver: chrome on WINDOWS (2cf28825ea7a8a419a5b05b8e5d35d84)] -> xpath: //div[@class='productDetails slds-p-bottom_large']//div[contains(@class,'slds-p-bottom_medium')]]</small> </font> </div>
<div class="test-message">&emsp;Course Name : IncorporatingADASinYourBusiness is displayed in the URL page</div>
<div class="test-message">&emsp;Successfully verified the course name for relevant link&emsp;<a href=".\ScreenShot\URL_TC001_2720936426517800.png" target="_blank" >[ScreenShot]</a></div>
<div class="test-message">&emsp;
</div>
<div class="test-message">&emsp;103. URL is : https://www.i-car.com/product/unibody-measuring-anchoring-and-pulling</div>
<div class="test-event"> <font color="maroon"> <small> &emsp; &emsp;--- 04 May 23:56:40 184 - Page URL:: https://www.i-car.com/product/unibody-measuring-anchoring-and-pulling</small> </font> </div>
<div class="test-event"> <font color="maroon"> <small> &emsp; &emsp;--- 04 May 23:56:40 184 - <b>0</b> - Page Load Wait: (Sync) - ICar.support.Utils.waitForPageLoad(Utils.java:109)</small> </font> </div>
<div class="test-message">&emsp;Successfully navigated to the :  https://www.i-car.com/product/unibody-measuring-anchoring-and-pulling   Page&emsp;<a href=".\ScreenShot\URL_TC001_2720937800641100.png" target="_blank" >[ScreenShot]</a></div>
<div class="test-event"> <font color="maroon"> <small> &emsp; &emsp;--- 04 May 23:56:40 514 - Page URL:: https://www.i-car.com/product/unibody-measuring-anchoring-and-pulling</small> </font> </div>
<div class="test-event"> <font color="maroon"> <small> &emsp; &emsp;--- 04 May 23:56:40 514 - <b>0</b> - Page Load Wait: (Sync) - ICar.support.Utils.waitForPageLoad(Utils.java:109)</small> </font> </div>
<div class="test-event"> <font color="maroon"> <small> &emsp; &emsp;--- 04 May 23:56:40 523 - Catched spinner load exception due to javascript error: {"status":32,"value":"An invalid or illegal selector was specified"}
  (Session info: chrome=124.0.6367.92)
Build info: version: '4.6.0', revision: '79f1c02ae20'
System info: os.name: 'Windows 10', os.arch: 'amd64', os.version: '10.0', java.version: '17.0.7'
Driver info: org.openqa.selenium.chrome.ChromeDriver
Command: [2cf28825ea7a8a419a5b05b8e5d35d84, findElement {using=css selector, value=div[class='slds-spinner slds-spinner_brand slds-spinner_small']>div:nth-child(2)r}]
Capabilities {acceptInsecureCerts: false, browserName: chrome, browserVersion: 124.0.6367.92, chrome: {chromedriverVersion: 124.0.6367.91 (51df0e5e17a8..., userDataDir: C:\Users\PRATHA~1.KUM\AppDa...}, fedcm:accounts: true, goog:chromeOptions: {debuggerAddress: localhost:49451}, networkConnectionEnabled: false, pageLoadStrategy: normal, platformName: WINDOWS, proxy: Proxy(), se:cdp: ws://localhost:49451/devtoo..., se:cdpVersion: 124.0.6367.92, setWindowRect: true, strictFileInteractability: false, timeouts: {implicit: 0, pageLoad: 300000, script: 30000}, unhandledPromptBehavior: dismiss and notify, webauthn:extension:credBlob: true, webauthn:extension:largeBlob: true, webauthn:extension:minPinLength: true, webauthn:extension:prf: true, webauthn:virtualAuthenticators: true}
Session ID: 2cf28825ea7a8a419a5b05b8e5d35d84</small> </font> </div>
<div class="test-event"> <font color="maroon"> <small> &emsp; &emsp;--- 04 May 23:56:40 523 - <b>0</b> - Spinner Load Wait: (Sync) - ICar.support.WaitUtils.waitForSpinner(WaitUtils.java:225)</small> </font> </div>
<div class="test-event"> <font color="maroon"> <small> &emsp; &emsp;--- 04 May 23:56:50 617 - Page URL:: https://www.i-car.com/product/unibody-measuring-anchoring-and-pulling</small> </font> </div>
<div class="test-event"> <font color="maroon"> <small> &emsp; &emsp;--- 04 May 23:56:50 617 - <b>0</b> - Page Load Wait: (Sync) - ICar.support.Utils.waitForPageLoad(Utils.java:109)</small> </font> </div>
<div class="test-event"> <font color="maroon"> <small> &emsp; &emsp;--- 04 May 23:56:50 635 - Element is displayed:: [[ChromeDriver: chrome on WINDOWS (2cf28825ea7a8a419a5b05b8e5d35d84)] -> xpath: //a[contains(text(),'Back to Courses')]]</small> </font> </div>
<div class="test-event"> <font color="maroon"> <small> &emsp; &emsp;--- 04 May 23:56:57 669 - Catched spinner load exception due to javascript error: {"status":32,"value":"An invalid or illegal selector was specified"}
  (Session info: chrome=124.0.6367.92)
Build info: version: '4.6.0', revision: '79f1c02ae20'
System info: os.name: 'Windows 10', os.arch: 'amd64', os.version: '10.0', java.version: '17.0.7'
Driver info: org.openqa.selenium.chrome.ChromeDriver
Command: [2cf28825ea7a8a419a5b05b8e5d35d84, findElement {using=css selector, value=div[class='slds-spinner slds-spinner_brand slds-spinner_small']>div:nth-child(2)r}]
Capabilities {acceptInsecureCerts: false, browserName: chrome, browserVersion: 124.0.6367.92, chrome: {chromedriverVersion: 124.0.6367.91 (51df0e5e17a8..., userDataDir: C:\Users\PRATHA~1.KUM\AppDa...}, fedcm:accounts: true, goog:chromeOptions: {debuggerAddress: localhost:49451}, networkConnectionEnabled: false, pageLoadStrategy: normal, platformName: WINDOWS, proxy: Proxy(), se:cdp: ws://localhost:49451/devtoo..., se:cdpVersion: 124.0.6367.92, setWindowRect: true, strictFileInteractability: false, timeouts: {implicit: 0, pageLoad: 300000, script: 30000}, unhandledPromptBehavior: dismiss and notify, webauthn:extension:credBlob: true, webauthn:extension:largeBlob: true, webauthn:extension:minPinLength: true, webauthn:extension:prf: true, webauthn:virtualAuthenticators: true}
Session ID: 2cf28825ea7a8a419a5b05b8e5d35d84</small> </font> </div>
<div class="test-event"> <font color="maroon"> <small> &emsp; &emsp;--- 04 May 23:56:57 669 - <b>0</b> - Spinner Load Wait: (Sync) - ICar.support.WaitUtils.waitForSpinner(WaitUtils.java:225)</small> </font> </div>
<div class="test-message">&emsp;Back To Courses is displayed in the page </div>
<div class="test-message">&emsp;Successfully verified Back To Course Link&emsp;<a href=".\ScreenShot\URL_TC001_2720955295761400.png" target="_blank" >[ScreenShot]</a></div>
<div class="test-event"> <font color="maroon"> <small> &emsp; &emsp;--- 04 May 23:56:57 907 - Catched spinner load exception due to javascript error: {"status":32,"value":"An invalid or illegal selector was specified"}
  (Session info: chrome=124.0.6367.92)
Build info: version: '4.6.0', revision: '79f1c02ae20'
System info: os.name: 'Windows 10', os.arch: 'amd64', os.version: '10.0', java.version: '17.0.7'
Driver info: org.openqa.selenium.chrome.ChromeDriver
Command: [2cf28825ea7a8a419a5b05b8e5d35d84, findElement {using=css selector, value=div[class='slds-spinner slds-spinner_brand slds-spinner_small']>div:nth-child(2)r}]
Capabilities {acceptInsecureCerts: false, browserName: chrome, browserVersion: 124.0.6367.92, chrome: {chromedriverVersion: 124.0.6367.91 (51df0e5e17a8..., userDataDir: C:\Users\PRATHA~1.KUM\AppDa...}, fedcm:accounts: true, goog:chromeOptions: {debuggerAddress: localhost:49451}, networkConnectionEnabled: false, pageLoadStrategy: normal, platformName: WINDOWS, proxy: Proxy(), se:cdp: ws://localhost:49451/devtoo..., se:cdpVersion: 124.0.6367.92, setWindowRect: true, strictFileInteractability: false, timeouts: {implicit: 0, pageLoad: 300000, script: 30000}, unhandledPromptBehavior: dismiss and notify, webauthn:extension:credBlob: true, webauthn:extension:largeBlob: true, webauthn:extension:minPinLength: true, webauthn:extension:prf: true, webauthn:virtualAuthenticators: true}
Session ID: 2cf28825ea7a8a419a5b05b8e5d35d84</small> </font> </div>
<div class="test-event"> <font color="maroon"> <small> &emsp; &emsp;--- 04 May 23:56:57 907 - <b>0</b> - Spinner Load Wait: (Sync) - ICar.support.WaitUtils.waitForSpinner(WaitUtils.java:225)</small> </font> </div>
<div class="test-event"> <font color="maroon"> <small> &emsp; &emsp;--- 04 May 23:56:57 968 - Page URL:: https://www.i-car.com/product/unibody-measuring-anchoring-and-pulling</small> </font> </div>
<div class="test-event"> <font color="maroon"> <small> &emsp; &emsp;--- 04 May 23:56:57 968 - <b>0</b> - Page Load Wait: (Sync) - ICar.support.Utils.waitForPageLoad(Utils.java:109)</small> </font> </div>
<div class="test-event"> <font color="maroon"> <small> &emsp; &emsp;--- 04 May 23:57:08 028 - Element is displayed:: [[ChromeDriver: chrome on WINDOWS (2cf28825ea7a8a419a5b05b8e5d35d84)] -> xpath: //div[@class='productDetails slds-p-bottom_large']//div[contains(@class,'slds-p-bottom_medium')]]</small> </font> </div>
<div class="test-message">&emsp;Course Name : UnibodyMeasuringAnchoringandPulling is displayed in the URL page</div>
<div class="test-message">&emsp;Successfully verified the course name for relevant link&emsp;<a href=".\ScreenShot\URL_TC001_2720973665558500.png" target="_blank" >[ScreenShot]</a></div>
<div class="test-message">&emsp;
</div>
<div class="test-message">&emsp;104. URL is : https://www.i-car.com/product/ford-2022-bronco-raptor-new-model-training</div>
<div class="test-event"> <font color="maroon"> <small> &emsp; &emsp;--- 04 May 23:57:17 515 - Page URL:: https://www.i-car.com/product/ford-2022-bronco-raptor-new-model-training</small> </font> </div>
<div class="test-event"> <font color="maroon"> <small> &emsp; &emsp;--- 04 May 23:57:17 515 - <b>0</b> - Page Load Wait: (Sync) - ICar.support.Utils.waitForPageLoad(Utils.java:109)</small> </font> </div>
<div class="test-message">&emsp;Successfully navigated to the :  https://www.i-car.com/product/ford-2022-bronco-raptor-new-model-training   Page&emsp;<a href=".\ScreenShot\URL_TC001_2720975131670600.png" target="_blank" >[ScreenShot]</a></div>
<div class="test-event"> <font color="maroon"> <small> &emsp; &emsp;--- 04 May 23:57:17 830 - Page URL:: https://www.i-car.com/product/ford-2022-bronco-raptor-new-model-training</small> </font> </div>
<div class="test-event"> <font color="maroon"> <small> &emsp; &emsp;--- 04 May 23:57:17 830 - <b>0</b> - Page Load Wait: (Sync) - ICar.support.Utils.waitForPageLoad(Utils.java:109)</small> </font> </div>
<div class="test-event"> <font color="maroon"> <small> &emsp; &emsp;--- 04 May 23:57:17 838 - Catched spinner load exception due to javascript error: {"status":32,"value":"An invalid or illegal selector was specified"}
  (Session info: chrome=124.0.6367.92)
Build info: version: '4.6.0', revision: '79f1c02ae20'
System info: os.name: 'Windows 10', os.arch: 'amd64', os.version: '10.0', java.version: '17.0.7'
Driver info: org.openqa.selenium.chrome.ChromeDriver
Command: [2cf28825ea7a8a419a5b05b8e5d35d84, findElement {using=css selector, value=div[class='slds-spinner slds-spinner_brand slds-spinner_small']>div:nth-child(2)r}]
Capabilities {acceptInsecureCerts: false, browserName: chrome, browserVersion: 124.0.6367.92, chrome: {chromedriverVersion: 124.0.6367.91 (51df0e5e17a8..., userDataDir: C:\Users\PRATHA~1.KUM\AppDa...}, fedcm:accounts: true, goog:chromeOptions: {debuggerAddress: localhost:49451}, networkConnectionEnabled: false, pageLoadStrategy: normal, platformName: WINDOWS, proxy: Proxy(), se:cdp: ws://localhost:49451/devtoo..., se:cdpVersion: 124.0.6367.92, setWindowRect: true, strictFileInteractability: false, timeouts: {implicit: 0, pageLoad: 300000, script: 30000}, unhandledPromptBehavior: dismiss and notify, webauthn:extension:credBlob: true, webauthn:extension:largeBlob: true, webauthn:extension:minPinLength: true, webauthn:extension:prf: true, webauthn:virtualAuthenticators: true}
Session ID: 2cf28825ea7a8a419a5b05b8e5d35d84</small> </font> </div>
<div class="test-event"> <font color="maroon"> <small> &emsp; &emsp;--- 04 May 23:57:17 838 - <b>0</b> - Spinner Load Wait: (Sync) - ICar.support.WaitUtils.waitForSpinner(WaitUtils.java:225)</small> </font> </div>
<div class="test-event"> <font color="maroon"> <small> &emsp; &emsp;--- 04 May 23:57:27 920 - Page URL:: https://www.i-car.com/product/ford-2022-bronco-raptor-new-model-training</small> </font> </div>
<div class="test-event"> <font color="maroon"> <small> &emsp; &emsp;--- 04 May 23:57:27 920 - <b>0</b> - Page Load Wait: (Sync) - ICar.support.Utils.waitForPageLoad(Utils.java:109)</small> </font> </div>
<div class="test-event"> <font color="maroon"> <small> &emsp; &emsp;--- 04 May 23:57:27 939 - Element is displayed:: [[ChromeDriver: chrome on WINDOWS (2cf28825ea7a8a419a5b05b8e5d35d84)] -> xpath: //a[contains(text(),'Back to Courses')]]</small> </font> </div>
<div class="test-event"> <font color="maroon"> <small> &emsp; &emsp;--- 04 May 23:57:34 961 - Catched spinner load exception due to javascript error: {"status":32,"value":"An invalid or illegal selector was specified"}
  (Session info: chrome=124.0.6367.92)
Build info: version: '4.6.0', revision: '79f1c02ae20'
System info: os.name: 'Windows 10', os.arch: 'amd64', os.version: '10.0', java.version: '17.0.7'
Driver info: org.openqa.selenium.chrome.ChromeDriver
Command: [2cf28825ea7a8a419a5b05b8e5d35d84, findElement {using=css selector, value=div[class='slds-spinner slds-spinner_brand slds-spinner_small']>div:nth-child(2)r}]
Capabilities {acceptInsecureCerts: false, browserName: chrome, browserVersion: 124.0.6367.92, chrome: {chromedriverVersion: 124.0.6367.91 (51df0e5e17a8..., userDataDir: C:\Users\PRATHA~1.KUM\AppDa...}, fedcm:accounts: true, goog:chromeOptions: {debuggerAddress: localhost:49451}, networkConnectionEnabled: false, pageLoadStrategy: normal, platformName: WINDOWS, proxy: Proxy(), se:cdp: ws://localhost:49451/devtoo..., se:cdpVersion: 124.0.6367.92, setWindowRect: true, strictFileInteractability: false, timeouts: {implicit: 0, pageLoad: 300000, script: 30000}, unhandledPromptBehavior: dismiss and notify, webauthn:extension:credBlob: true, webauthn:extension:largeBlob: true, webauthn:extension:minPinLength: true, webauthn:extension:prf: true, webauthn:virtualAuthenticators: true}
Session ID: 2cf28825ea7a8a419a5b05b8e5d35d84</small> </font> </div>
<div class="test-event"> <font color="maroon"> <small> &emsp; &emsp;--- 04 May 23:57:34 961 - <b>0</b> - Spinner Load Wait: (Sync) - ICar.support.WaitUtils.waitForSpinner(WaitUtils.java:225)</small> </font> </div>
<div class="test-message">&emsp;Back To Courses is displayed in the page </div>
<div class="test-message">&emsp;Successfully verified Back To Course Link&emsp;<a href=".\ScreenShot\URL_TC001_2720992588502800.png" target="_blank" >[ScreenShot]</a></div>
<div class="test-event"> <font color="maroon"> <small> &emsp; &emsp;--- 04 May 23:57:35 198 - Catched spinner load exception due to javascript error: {"status":32,"value":"An invalid or illegal selector was specified"}
  (Session info: chrome=124.0.6367.92)
Build info: version: '4.6.0', revision: '79f1c02ae20'
System info: os.name: 'Windows 10', os.arch: 'amd64', os.version: '10.0', java.version: '17.0.7'
Driver info: org.openqa.selenium.chrome.ChromeDriver
Command: [2cf28825ea7a8a419a5b05b8e5d35d84, findElement {using=css selector, value=div[class='slds-spinner slds-spinner_brand slds-spinner_small']>div:nth-child(2)r}]
Capabilities {acceptInsecureCerts: false, browserName: chrome, browserVersion: 124.0.6367.92, chrome: {chromedriverVersion: 124.0.6367.91 (51df0e5e17a8..., userDataDir: C:\Users\PRATHA~1.KUM\AppDa...}, fedcm:accounts: true, goog:chromeOptions: {debuggerAddress: localhost:49451}, networkConnectionEnabled: false, pageLoadStrategy: normal, platformName: WINDOWS, proxy: Proxy(), se:cdp: ws://localhost:49451/devtoo..., se:cdpVersion: 124.0.6367.92, setWindowRect: true, strictFileInteractability: false, timeouts: {implicit: 0, pageLoad: 300000, script: 30000}, unhandledPromptBehavior: dismiss and notify, webauthn:extension:credBlob: true, webauthn:extension:largeBlob: true, webauthn:extension:minPinLength: true, webauthn:extension:prf: true, webauthn:virtualAuthenticators: true}
Session ID: 2cf28825ea7a8a419a5b05b8e5d35d84</small> </font> </div>
<div class="test-event"> <font color="maroon"> <small> &emsp; &emsp;--- 04 May 23:57:35 199 - <b>0</b> - Spinner Load Wait: (Sync) - ICar.support.WaitUtils.waitForSpinner(WaitUtils.java:225)</small> </font> </div>
<div class="test-event"> <font color="maroon"> <small> &emsp; &emsp;--- 04 May 23:57:35 271 - Page URL:: https://www.i-car.com/product/ford-2022-bronco-raptor-new-model-training</small> </font> </div>
<div class="test-event"> <font color="maroon"> <small> &emsp; &emsp;--- 04 May 23:57:35 271 - <b>0</b> - Page Load Wait: (Sync) - ICar.support.Utils.waitForPageLoad(Utils.java:109)</small> </font> </div>
<div class="test-event"> <font color="maroon"> <small> &emsp; &emsp;--- 04 May 23:57:45 327 - Element is displayed:: [[ChromeDriver: chrome on WINDOWS (2cf28825ea7a8a419a5b05b8e5d35d84)] -> xpath: //div[@class='productDetails slds-p-bottom_large']//div[contains(@class,'slds-p-bottom_medium')]]</small> </font> </div>
<div class="test-message">&emsp;Course Name : Ford2022BroncoRaptorNewModelTraining is displayed in the URL page</div>
<div class="test-message">&emsp;Successfully verified the course name for relevant link&emsp;<a href=".\ScreenShot\URL_TC001_2721010975906200.png" target="_blank" >[ScreenShot]</a></div>
<div class="test-message">&emsp;
</div>
<div class="test-message">&emsp;105. URL is : https://www.i-car.com/product/fixture-systems</div>
<div class="test-event"> <font color="maroon"> <small> &emsp; &emsp;--- 04 May 23:57:55 438 - Page URL:: https://www.i-car.com/product/fixture-systems</small> </font> </div>
<div class="test-event"> <font color="maroon"> <small> &emsp; &emsp;--- 04 May 23:57:55 438 - <b>0</b> - Page Load Wait: (Sync) - ICar.support.Utils.waitForPageLoad(Utils.java:109)</small> </font> </div>
<div class="test-message">&emsp;Successfully navigated to the :  https://www.i-car.com/product/fixture-systems   Page&emsp;<a href=".\ScreenShot\URL_TC001_2721013055009400.png" target="_blank" >[ScreenShot]</a></div>
<div class="test-event"> <font color="maroon"> <small> &emsp; &emsp;--- 04 May 23:57:55 750 - Page URL:: https://www.i-car.com/product/fixture-systems</small> </font> </div>
<div class="test-event"> <font color="maroon"> <small> &emsp; &emsp;--- 04 May 23:57:55 750 - <b>0</b> - Page Load Wait: (Sync) - ICar.support.Utils.waitForPageLoad(Utils.java:109)</small> </font> </div>
<div class="test-event"> <font color="maroon"> <small> &emsp; &emsp;--- 04 May 23:57:55 758 - Catched spinner load exception due to javascript error: {"status":32,"value":"An invalid or illegal selector was specified"}
  (Session info: chrome=124.0.6367.92)
Build info: version: '4.6.0', revision: '79f1c02ae20'
System info: os.name: 'Windows 10', os.arch: 'amd64', os.version: '10.0', java.version: '17.0.7'
Driver info: org.openqa.selenium.chrome.ChromeDriver
Command: [2cf28825ea7a8a419a5b05b8e5d35d84, findElement {using=css selector, value=div[class='slds-spinner slds-spinner_brand slds-spinner_small']>div:nth-child(2)r}]
Capabilities {acceptInsecureCerts: false, browserName: chrome, browserVersion: 124.0.6367.92, chrome: {chromedriverVersion: 124.0.6367.91 (51df0e5e17a8..., userDataDir: C:\Users\PRATHA~1.KUM\AppDa...}, fedcm:accounts: true, goog:chromeOptions: {debuggerAddress: localhost:49451}, networkConnectionEnabled: false, pageLoadStrategy: normal, platformName: WINDOWS, proxy: Proxy(), se:cdp: ws://localhost:49451/devtoo..., se:cdpVersion: 124.0.6367.92, setWindowRect: true, strictFileInteractability: false, timeouts: {implicit: 0, pageLoad: 300000, script: 30000}, unhandledPromptBehavior: dismiss and notify, webauthn:extension:credBlob: true, webauthn:extension:largeBlob: true, webauthn:extension:minPinLength: true, webauthn:extension:prf: true, webauthn:virtualAuthenticators: true}
Session ID: 2cf28825ea7a8a419a5b05b8e5d35d84</small> </font> </div>
<div class="test-event"> <font color="maroon"> <small> &emsp; &emsp;--- 04 May 23:57:55 758 - <b>0</b> - Spinner Load Wait: (Sync) - ICar.support.WaitUtils.waitForSpinner(WaitUtils.java:225)</small> </font> </div>
<div class="test-event"> <font color="maroon"> <small> &emsp; &emsp;--- 04 May 23:58:05 842 - Page URL:: https://www.i-car.com/product/fixture-systems</small> </font> </div>
<div class="test-event"> <font color="maroon"> <small> &emsp; &emsp;--- 04 May 23:58:05 842 - <b>0</b> - Page Load Wait: (Sync) - ICar.support.Utils.waitForPageLoad(Utils.java:109)</small> </font> </div>
<div class="test-event"> <font color="maroon"> <small> &emsp; &emsp;--- 04 May 23:58:05 860 - Element is displayed:: [[ChromeDriver: chrome on WINDOWS (2cf28825ea7a8a419a5b05b8e5d35d84)] -> xpath: //a[contains(text(),'Back to Courses')]]</small> </font> </div>
<div class="test-event"> <font color="maroon"> <small> &emsp; &emsp;--- 04 May 23:58:12 901 - Catched spinner load exception due to javascript error: {"status":32,"value":"An invalid or illegal selector was specified"}
  (Session info: chrome=124.0.6367.92)
Build info: version: '4.6.0', revision: '79f1c02ae20'
System info: os.name: 'Windows 10', os.arch: 'amd64', os.version: '10.0', java.version: '17.0.7'
Driver info: org.openqa.selenium.chrome.ChromeDriver
Command: [2cf28825ea7a8a419a5b05b8e5d35d84, findElement {using=css selector, value=div[class='slds-spinner slds-spinner_brand slds-spinner_small']>div:nth-child(2)r}]
Capabilities {acceptInsecureCerts: false, browserName: chrome, browserVersion: 124.0.6367.92, chrome: {chromedriverVersion: 124.0.6367.91 (51df0e5e17a8..., userDataDir: C:\Users\PRATHA~1.KUM\AppDa...}, fedcm:accounts: true, goog:chromeOptions: {debuggerAddress: localhost:49451}, networkConnectionEnabled: false, pageLoadStrategy: normal, platformName: WINDOWS, proxy: Proxy(), se:cdp: ws://localhost:49451/devtoo..., se:cdpVersion: 124.0.6367.92, setWindowRect: true, strictFileInteractability: false, timeouts: {implicit: 0, pageLoad: 300000, script: 30000}, unhandledPromptBehavior: dismiss and notify, webauthn:extension:credBlob: true, webauthn:extension:largeBlob: true, webauthn:extension:minPinLength: true, webauthn:extension:prf: true, webauthn:virtualAuthenticators: true}
Session ID: 2cf28825ea7a8a419a5b05b8e5d35d84</small> </font> </div>
<div class="test-event"> <font color="maroon"> <small> &emsp; &emsp;--- 04 May 23:58:12 901 - <b>0</b> - Spinner Load Wait: (Sync) - ICar.support.WaitUtils.waitForSpinner(WaitUtils.java:225)</small> </font> </div>
<div class="test-message">&emsp;Back To Courses is displayed in the page </div>
<div class="test-message">&emsp;Successfully verified Back To Course Link&emsp;<a href=".\ScreenShot\URL_TC001_2721030528833400.png" target="_blank" >[ScreenShot]</a></div>
<div class="test-event"> <font color="maroon"> <small> &emsp; &emsp;--- 04 May 23:58:13 147 - Catched spinner load exception due to javascript error: {"status":32,"value":"An invalid or illegal selector was specified"}
  (Session info: chrome=124.0.6367.92)
Build info: version: '4.6.0', revision: '79f1c02ae20'
System info: os.name: 'Windows 10', os.arch: 'amd64', os.version: '10.0', java.version: '17.0.7'
Driver info: org.openqa.selenium.chrome.ChromeDriver
Command: [2cf28825ea7a8a419a5b05b8e5d35d84, findElement {using=css selector, value=div[class='slds-spinner slds-spinner_brand slds-spinner_small']>div:nth-child(2)r}]
Capabilities {acceptInsecureCerts: false, browserName: chrome, browserVersion: 124.0.6367.92, chrome: {chromedriverVersion: 124.0.6367.91 (51df0e5e17a8..., userDataDir: C:\Users\PRATHA~1.KUM\AppDa...}, fedcm:accounts: true, goog:chromeOptions: {debuggerAddress: localhost:49451}, networkConnectionEnabled: false, pageLoadStrategy: normal, platformName: WINDOWS, proxy: Proxy(), se:cdp: ws://localhost:49451/devtoo..., se:cdpVersion: 124.0.6367.92, setWindowRect: true, strictFileInteractability: false, timeouts: {implicit: 0, pageLoad: 300000, script: 30000}, unhandledPromptBehavior: dismiss and notify, webauthn:extension:credBlob: true, webauthn:extension:largeBlob: true, webauthn:extension:minPinLength: true, webauthn:extension:prf: true, webauthn:virtualAuthenticators: true}
Session ID: 2cf28825ea7a8a419a5b05b8e5d35d84</small> </font> </div>
<div class="test-event"> <font color="maroon"> <small> &emsp; &emsp;--- 04 May 23:58:13 147 - <b>0</b> - Spinner Load Wait: (Sync) - ICar.support.WaitUtils.waitForSpinner(WaitUtils.java:225)</small> </font> </div>
<div class="test-event"> <font color="maroon"> <small> &emsp; &emsp;--- 04 May 23:58:13 215 - Page URL:: https://www.i-car.com/product/fixture-systems</small> </font> </div>
<div class="test-event"> <font color="maroon"> <small> &emsp; &emsp;--- 04 May 23:58:13 215 - <b>0</b> - Page Load Wait: (Sync) - ICar.support.Utils.waitForPageLoad(Utils.java:109)</small> </font> </div>
<div class="test-event"> <font color="maroon"> <small> &emsp; &emsp;--- 04 May 23:58:23 269 - Element is displayed:: [[ChromeDriver: chrome on WINDOWS (2cf28825ea7a8a419a5b05b8e5d35d84)] -> xpath: //div[@class='productDetails slds-p-bottom_large']//div[contains(@class,'slds-p-bottom_medium')]]</small> </font> </div>
<div class="test-message">&emsp;Course Name : FixtureSystems is displayed in the URL page</div>
<div class="test-message">&emsp;Successfully verified the course name for relevant link&emsp;<a href=".\ScreenShot\URL_TC001_2721048914623100.png" target="_blank" >[ScreenShot]</a></div>
<div class="test-message">&emsp;
</div>
<div class="test-message">&emsp;106. URL is : https://www.i-car.com/product/floor-jacks-stands-lifts</div>
<div class="test-event"> <font color="maroon"> <small> &emsp; &emsp;--- 04 May 23:58:32 640 - Page URL:: https://www.i-car.com/product/floor-jacks-stands-lifts</small> </font> </div>
<div class="test-event"> <font color="maroon"> <small> &emsp; &emsp;--- 04 May 23:58:32 640 - <b>0</b> - Page Load Wait: (Sync) - ICar.support.Utils.waitForPageLoad(Utils.java:109)</small> </font> </div>
<div class="test-message">&emsp;Successfully navigated to the :  https://www.i-car.com/product/floor-jacks-stands-lifts   Page&emsp;<a href=".\ScreenShot\URL_TC001_2721050257720300.png" target="_blank" >[ScreenShot]</a></div>
<div class="test-event"> <font color="maroon"> <small> &emsp; &emsp;--- 04 May 23:58:32 893 - Page URL:: https://www.i-car.com/product/floor-jacks-stands-lifts</small> </font> </div>
<div class="test-event"> <font color="maroon"> <small> &emsp; &emsp;--- 04 May 23:58:32 893 - <b>0</b> - Page Load Wait: (Sync) - ICar.support.Utils.waitForPageLoad(Utils.java:109)</small> </font> </div>
<div class="test-event"> <font color="maroon"> <small> &emsp; &emsp;--- 04 May 23:58:32 902 - Catched spinner load exception due to javascript error: {"status":32,"value":"An invalid or illegal selector was specified"}
  (Session info: chrome=124.0.6367.92)
Build info: version: '4.6.0', revision: '79f1c02ae20'
System info: os.name: 'Windows 10', os.arch: 'amd64', os.version: '10.0', java.version: '17.0.7'
Driver info: org.openqa.selenium.chrome.ChromeDriver
Command: [2cf28825ea7a8a419a5b05b8e5d35d84, findElement {using=css selector, value=div[class='slds-spinner slds-spinner_brand slds-spinner_small']>div:nth-child(2)r}]
Capabilities {acceptInsecureCerts: false, browserName: chrome, browserVersion: 124.0.6367.92, chrome: {chromedriverVersion: 124.0.6367.91 (51df0e5e17a8..., userDataDir: C:\Users\PRATHA~1.KUM\AppDa...}, fedcm:accounts: true, goog:chromeOptions: {debuggerAddress: localhost:49451}, networkConnectionEnabled: false, pageLoadStrategy: normal, platformName: WINDOWS, proxy: Proxy(), se:cdp: ws://localhost:49451/devtoo..., se:cdpVersion: 124.0.6367.92, setWindowRect: true, strictFileInteractability: false, timeouts: {implicit: 0, pageLoad: 300000, script: 30000}, unhandledPromptBehavior: dismiss and notify, webauthn:extension:credBlob: true, webauthn:extension:largeBlob: true, webauthn:extension:minPinLength: true, webauthn:extension:prf: true, webauthn:virtualAuthenticators: true}
Session ID: 2cf28825ea7a8a419a5b05b8e5d35d84</small> </font> </div>
<div class="test-event"> <font color="maroon"> <small> &emsp; &emsp;--- 04 May 23:58:32 902 - <b>0</b> - Spinner Load Wait: (Sync) - ICar.support.WaitUtils.waitForSpinner(WaitUtils.java:225)</small> </font> </div>
<div class="test-event"> <font color="maroon"> <small> &emsp; &emsp;--- 04 May 23:58:42 988 - Page URL:: https://www.i-car.com/product/floor-jacks-stands-lifts</small> </font> </div>
<div class="test-event"> <font color="maroon"> <small> &emsp; &emsp;--- 04 May 23:58:42 988 - <b>0</b> - Page Load Wait: (Sync) - ICar.support.Utils.waitForPageLoad(Utils.java:109)</small> </font> </div>
<div class="test-event"> <font color="maroon"> <small> &emsp; &emsp;--- 04 May 23:58:43 006 - Element is displayed:: [[ChromeDriver: chrome on WINDOWS (2cf28825ea7a8a419a5b05b8e5d35d84)] -> xpath: //a[contains(text(),'Back to Courses')]]</small> </font> </div>
<div class="test-event"> <font color="maroon"> <small> &emsp; &emsp;--- 04 May 23:58:50 030 - Catched spinner load exception due to javascript error: {"status":32,"value":"An invalid or illegal selector was specified"}
  (Session info: chrome=124.0.6367.92)
Build info: version: '4.6.0', revision: '79f1c02ae20'
System info: os.name: 'Windows 10', os.arch: 'amd64', os.version: '10.0', java.version: '17.0.7'
Driver info: org.openqa.selenium.chrome.ChromeDriver
Command: [2cf28825ea7a8a419a5b05b8e5d35d84, findElement {using=css selector, value=div[class='slds-spinner slds-spinner_brand slds-spinner_small']>div:nth-child(2)r}]
Capabilities {acceptInsecureCerts: false, browserName: chrome, browserVersion: 124.0.6367.92, chrome: {chromedriverVersion: 124.0.6367.91 (51df0e5e17a8..., userDataDir: C:\Users\PRATHA~1.KUM\AppDa...}, fedcm:accounts: true, goog:chromeOptions: {debuggerAddress: localhost:49451}, networkConnectionEnabled: false, pageLoadStrategy: normal, platformName: WINDOWS, proxy: Proxy(), se:cdp: ws://localhost:49451/devtoo..., se:cdpVersion: 124.0.6367.92, setWindowRect: true, strictFileInteractability: false, timeouts: {implicit: 0, pageLoad: 300000, script: 30000}, unhandledPromptBehavior: dismiss and notify, webauthn:extension:credBlob: true, webauthn:extension:largeBlob: true, webauthn:extension:minPinLength: true, webauthn:extension:prf: true, webauthn:virtualAuthenticators: true}
Session ID: 2cf28825ea7a8a419a5b05b8e5d35d84</small> </font> </div>
<div class="test-event"> <font color="maroon"> <small> &emsp; &emsp;--- 04 May 23:58:50 030 - <b>0</b> - Spinner Load Wait: (Sync) - ICar.support.WaitUtils.waitForSpinner(WaitUtils.java:225)</small> </font> </div>
<div class="test-message">&emsp;Back To Courses is displayed in the page </div>
<div class="test-message">&emsp;Successfully verified Back To Course Link&emsp;<a href=".\ScreenShot\URL_TC001_2721067657515900.png" target="_blank" >[ScreenShot]</a></div>
<div class="test-event"> <font color="maroon"> <small> &emsp; &emsp;--- 04 May 23:58:50 304 - Catched spinner load exception due to javascript error: {"status":32,"value":"An invalid or illegal selector was specified"}
  (Session info: chrome=124.0.6367.92)
Build info: version: '4.6.0', revision: '79f1c02ae20'
System info: os.name: 'Windows 10', os.arch: 'amd64', os.version: '10.0', java.version: '17.0.7'
Driver info: org.openqa.selenium.chrome.ChromeDriver
Command: [2cf28825ea7a8a419a5b05b8e5d35d84, findElement {using=css selector, value=div[class='slds-spinner slds-spinner_brand slds-spinner_small']>div:nth-child(2)r}]
Capabilities {acceptInsecureCerts: false, browserName: chrome, browserVersion: 124.0.6367.92, chrome: {chromedriverVersion: 124.0.6367.91 (51df0e5e17a8..., userDataDir: C:\Users\PRATHA~1.KUM\AppDa...}, fedcm:accounts: true, goog:chromeOptions: {debuggerAddress: localhost:49451}, networkConnectionEnabled: false, pageLoadStrategy: normal, platformName: WINDOWS, proxy: Proxy(), se:cdp: ws://localhost:49451/devtoo..., se:cdpVersion: 124.0.6367.92, setWindowRect: true, strictFileInteractability: false, timeouts: {implicit: 0, pageLoad: 300000, script: 30000}, unhandledPromptBehavior: dismiss and notify, webauthn:extension:credBlob: true, webauthn:extension:largeBlob: true, webauthn:extension:minPinLength: true, webauthn:extension:prf: true, webauthn:virtualAuthenticators: true}
Session ID: 2cf28825ea7a8a419a5b05b8e5d35d84</small> </font> </div>
<div class="test-event"> <font color="maroon"> <small> &emsp; &emsp;--- 04 May 23:58:50 304 - <b>0</b> - Spinner Load Wait: (Sync) - ICar.support.WaitUtils.waitForSpinner(WaitUtils.java:225)</small> </font> </div>
<div class="test-event"> <font color="maroon"> <small> &emsp; &emsp;--- 04 May 23:58:50 365 - Page URL:: https://www.i-car.com/product/floor-jacks-stands-lifts</small> </font> </div>
<div class="test-event"> <font color="maroon"> <small> &emsp; &emsp;--- 04 May 23:58:50 365 - <b>0</b> - Page Load Wait: (Sync) - ICar.support.Utils.waitForPageLoad(Utils.java:109)</small> </font> </div>
<div class="test-event"> <font color="maroon"> <small> &emsp; &emsp;--- 04 May 23:59:00 450 - Element is displayed:: [[ChromeDriver: chrome on WINDOWS (2cf28825ea7a8a419a5b05b8e5d35d84)] -> xpath: //div[@class='productDetails slds-p-bottom_large']//div[contains(@class,'slds-p-bottom_medium')]]</small> </font> </div>
<div class="test-message">&emsp;Course Name : FloorJacksStandsLifts is displayed in the URL page</div>
<div class="test-message">&emsp;Successfully verified the course name for relevant link&emsp;<a href=".\ScreenShot\URL_TC001_2721086094277600.png" target="_blank" >[ScreenShot]</a></div>
<div class="test-message">&emsp;
</div>
<div class="test-message">&emsp;107. URL is : https://www.i-car.com/product/frame-equipment-mounting</div>
<div class="test-event"> <font color="maroon"> <small> &emsp; &emsp;--- 04 May 23:59:09 947 - Page URL:: https://www.i-car.com/product/frame-equipment-mounting</small> </font> </div>
<div class="test-event"> <font color="maroon"> <small> &emsp; &emsp;--- 04 May 23:59:09 947 - <b>0</b> - Page Load Wait: (Sync) - ICar.support.Utils.waitForPageLoad(Utils.java:109)</small> </font> </div>
<div class="test-message">&emsp;Successfully navigated to the :  https://www.i-car.com/product/frame-equipment-mounting   Page&emsp;<a href=".\ScreenShot\URL_TC001_2721087565491200.png" target="_blank" >[ScreenShot]</a></div>
<div class="test-event"> <font color="maroon"> <small> &emsp; &emsp;--- 04 May 23:59:10 227 - Page URL:: https://www.i-car.com/product/frame-equipment-mounting</small> </font> </div>
<div class="test-event"> <font color="maroon"> <small> &emsp; &emsp;--- 04 May 23:59:10 227 - <b>0</b> - Page Load Wait: (Sync) - ICar.support.Utils.waitForPageLoad(Utils.java:109)</small> </font> </div>
<div class="test-event"> <font color="maroon"> <small> &emsp; &emsp;--- 04 May 23:59:10 236 - Catched spinner load exception due to javascript error: {"status":32,"value":"An invalid or illegal selector was specified"}
  (Session info: chrome=124.0.6367.92)
Build info: version: '4.6.0', revision: '79f1c02ae20'
System info: os.name: 'Windows 10', os.arch: 'amd64', os.version: '10.0', java.version: '17.0.7'
Driver info: org.openqa.selenium.chrome.ChromeDriver
Command: [2cf28825ea7a8a419a5b05b8e5d35d84, findElement {using=css selector, value=div[class='slds-spinner slds-spinner_brand slds-spinner_small']>div:nth-child(2)r}]
Capabilities {acceptInsecureCerts: false, browserName: chrome, browserVersion: 124.0.6367.92, chrome: {chromedriverVersion: 124.0.6367.91 (51df0e5e17a8..., userDataDir: C:\Users\PRATHA~1.KUM\AppDa...}, fedcm:accounts: true, goog:chromeOptions: {debuggerAddress: localhost:49451}, networkConnectionEnabled: false, pageLoadStrategy: normal, platformName: WINDOWS, proxy: Proxy(), se:cdp: ws://localhost:49451/devtoo..., se:cdpVersion: 124.0.6367.92, setWindowRect: true, strictFileInteractability: false, timeouts: {implicit: 0, pageLoad: 300000, script: 30000}, unhandledPromptBehavior: dismiss and notify, webauthn:extension:credBlob: true, webauthn:extension:largeBlob: true, webauthn:extension:minPinLength: true, webauthn:extension:prf: true, webauthn:virtualAuthenticators: true}
Session ID: 2cf28825ea7a8a419a5b05b8e5d35d84</small> </font> </div>
<div class="test-event"> <font color="maroon"> <small> &emsp; &emsp;--- 04 May 23:59:10 236 - <b>0</b> - Spinner Load Wait: (Sync) - ICar.support.WaitUtils.waitForSpinner(WaitUtils.java:225)</small> </font> </div>
<div class="test-event"> <font color="maroon"> <small> &emsp; &emsp;--- 04 May 23:59:20 313 - Page URL:: https://www.i-car.com/product/frame-equipment-mounting</small> </font> </div>
<div class="test-event"> <font color="maroon"> <small> &emsp; &emsp;--- 04 May 23:59:20 313 - <b>0</b> - Page Load Wait: (Sync) - ICar.support.Utils.waitForPageLoad(Utils.java:109)</small> </font> </div>
<div class="test-event"> <font color="maroon"> <small> &emsp; &emsp;--- 04 May 23:59:20 331 - Element is displayed:: [[ChromeDriver: chrome on WINDOWS (2cf28825ea7a8a419a5b05b8e5d35d84)] -> xpath: //a[contains(text(),'Back to Courses')]]</small> </font> </div>
<div class="test-event"> <font color="maroon"> <small> &emsp; &emsp;--- 04 May 23:59:27 377 - Catched spinner load exception due to javascript error: {"status":32,"value":"An invalid or illegal selector was specified"}
  (Session info: chrome=124.0.6367.92)
Build info: version: '4.6.0', revision: '79f1c02ae20'
System info: os.name: 'Windows 10', os.arch: 'amd64', os.version: '10.0', java.version: '17.0.7'
Driver info: org.openqa.selenium.chrome.ChromeDriver
Command: [2cf28825ea7a8a419a5b05b8e5d35d84, findElement {using=css selector, value=div[class='slds-spinner slds-spinner_brand slds-spinner_small']>div:nth-child(2)r}]
Capabilities {acceptInsecureCerts: false, browserName: chrome, browserVersion: 124.0.6367.92, chrome: {chromedriverVersion: 124.0.6367.91 (51df0e5e17a8..., userDataDir: C:\Users\PRATHA~1.KUM\AppDa...}, fedcm:accounts: true, goog:chromeOptions: {debuggerAddress: localhost:49451}, networkConnectionEnabled: false, pageLoadStrategy: normal, platformName: WINDOWS, proxy: Proxy(), se:cdp: ws://localhost:49451/devtoo..., se:cdpVersion: 124.0.6367.92, setWindowRect: true, strictFileInteractability: false, timeouts: {implicit: 0, pageLoad: 300000, script: 30000}, unhandledPromptBehavior: dismiss and notify, webauthn:extension:credBlob: true, webauthn:extension:largeBlob: true, webauthn:extension:minPinLength: true, webauthn:extension:prf: true, webauthn:virtualAuthenticators: true}
Session ID: 2cf28825ea7a8a419a5b05b8e5d35d84</small> </font> </div>
<div class="test-event"> <font color="maroon"> <small> &emsp; &emsp;--- 04 May 23:59:27 377 - <b>0</b> - Spinner Load Wait: (Sync) - ICar.support.WaitUtils.waitForSpinner(WaitUtils.java:225)</small> </font> </div>
<div class="test-message">&emsp;Back To Courses is displayed in the page </div>
<div class="test-message">&emsp;Successfully verified Back To Course Link&emsp;<a href=".\ScreenShot\URL_TC001_2721105021991800.png" target="_blank" >[ScreenShot]</a></div>
<div class="test-event"> <font color="maroon"> <small> &emsp; &emsp;--- 04 May 23:59:27 667 - Catched spinner load exception due to javascript error: {"status":32,"value":"An invalid or illegal selector was specified"}
  (Session info: chrome=124.0.6367.92)
Build info: version: '4.6.0', revision: '79f1c02ae20'
System info: os.name: 'Windows 10', os.arch: 'amd64', os.version: '10.0', java.version: '17.0.7'
Driver info: org.openqa.selenium.chrome.ChromeDriver
Command: [2cf28825ea7a8a419a5b05b8e5d35d84, findElement {using=css selector, value=div[class='slds-spinner slds-spinner_brand slds-spinner_small']>div:nth-child(2)r}]
Capabilities {acceptInsecureCerts: false, browserName: chrome, browserVersion: 124.0.6367.92, chrome: {chromedriverVersion: 124.0.6367.91 (51df0e5e17a8..., userDataDir: C:\Users\PRATHA~1.KUM\AppDa...}, fedcm:accounts: true, goog:chromeOptions: {debuggerAddress: localhost:49451}, networkConnectionEnabled: false, pageLoadStrategy: normal, platformName: WINDOWS, proxy: Proxy(), se:cdp: ws://localhost:49451/devtoo..., se:cdpVersion: 124.0.6367.92, setWindowRect: true, strictFileInteractability: false, timeouts: {implicit: 0, pageLoad: 300000, script: 30000}, unhandledPromptBehavior: dismiss and notify, webauthn:extension:credBlob: true, webauthn:extension:largeBlob: true, webauthn:extension:minPinLength: true, webauthn:extension:prf: true, webauthn:virtualAuthenticators: true}
Session ID: 2cf28825ea7a8a419a5b05b8e5d35d84</small> </font> </div>
<div class="test-event"> <font color="maroon"> <small> &emsp; &emsp;--- 04 May 23:59:27 667 - <b>0</b> - Spinner Load Wait: (Sync) - ICar.support.WaitUtils.waitForSpinner(WaitUtils.java:225)</small> </font> </div>
<div class="test-event"> <font color="maroon"> <small> &emsp; &emsp;--- 04 May 23:59:27 728 - Page URL:: https://www.i-car.com/product/frame-equipment-mounting</small> </font> </div>
<div class="test-event"> <font color="maroon"> <small> &emsp; &emsp;--- 04 May 23:59:27 728 - <b>0</b> - Page Load Wait: (Sync) - ICar.support.Utils.waitForPageLoad(Utils.java:109)</small> </font> </div>
<div class="test-event"> <font color="maroon"> <small> &emsp; &emsp;--- 04 May 23:59:37 772 - Element is displayed:: [[ChromeDriver: chrome on WINDOWS (2cf28825ea7a8a419a5b05b8e5d35d84)] -> xpath: //div[@class='productDetails slds-p-bottom_large']//div[contains(@class,'slds-p-bottom_medium')]]</small> </font> </div>
<div class="test-message">&emsp;Course Name : FrameEquipmentMounting is displayed in the URL page</div>
<div class="test-message">&emsp;Successfully verified the course name for relevant link&emsp;<a href=".\ScreenShot\URL_TC001_2721123408808900.png" target="_blank" >[ScreenShot]</a></div>
<div class="test-message">&emsp;
</div>
<div class="test-message">&emsp;108. URL is : https://www.i-car.com/product/grinders-and-cutoff-wheels</div>
<div class="test-event"> <font color="maroon"> <small> &emsp; &emsp;--- 04 May 23:59:47 261 - Page URL:: https://www.i-car.com/product/grinders-and-cutoff-wheels</small> </font> </div>
<div class="test-event"> <font color="maroon"> <small> &emsp; &emsp;--- 04 May 23:59:47 262 - <b>0</b> - Page Load Wait: (Sync) - ICar.support.Utils.waitForPageLoad(Utils.java:109)</small> </font> </div>
<div class="test-message">&emsp;Successfully navigated to the :  https://www.i-car.com/product/grinders-and-cutoff-wheels   Page&emsp;<a href=".\ScreenShot\URL_TC001_2721124878820700.png" target="_blank" >[ScreenShot]</a></div>
<div class="test-event"> <font color="maroon"> <small> &emsp; &emsp;--- 04 May 23:59:47 535 - Page URL:: https://www.i-car.com/product/grinders-and-cutoff-wheels</small> </font> </div>
<div class="test-event"> <font color="maroon"> <small> &emsp; &emsp;--- 04 May 23:59:47 535 - <b>0</b> - Page Load Wait: (Sync) - ICar.support.Utils.waitForPageLoad(Utils.java:109)</small> </font> </div>
<div class="test-event"> <font color="maroon"> <small> &emsp; &emsp;--- 04 May 23:59:47 545 - Catched spinner load exception due to javascript error: {"status":32,"value":"An invalid or illegal selector was specified"}
  (Session info: chrome=124.0.6367.92)
Build info: version: '4.6.0', revision: '79f1c02ae20'
System info: os.name: 'Windows 10', os.arch: 'amd64', os.version: '10.0', java.version: '17.0.7'
Driver info: org.openqa.selenium.chrome.ChromeDriver
Command: [2cf28825ea7a8a419a5b05b8e5d35d84, findElement {using=css selector, value=div[class='slds-spinner slds-spinner_brand slds-spinner_small']>div:nth-child(2)r}]
Capabilities {acceptInsecureCerts: false, browserName: chrome, browserVersion: 124.0.6367.92, chrome: {chromedriverVersion: 124.0.6367.91 (51df0e5e17a8..., userDataDir: C:\Users\PRATHA~1.KUM\AppDa...}, fedcm:accounts: true, goog:chromeOptions: {debuggerAddress: localhost:49451}, networkConnectionEnabled: false, pageLoadStrategy: normal, platformName: WINDOWS, proxy: Proxy(), se:cdp: ws://localhost:49451/devtoo..., se:cdpVersion: 124.0.6367.92, setWindowRect: true, strictFileInteractability: false, timeouts: {implicit: 0, pageLoad: 300000, script: 30000}, unhandledPromptBehavior: dismiss and notify, webauthn:extension:credBlob: true, webauthn:extension:largeBlob: true, webauthn:extension:minPinLength: true, webauthn:extension:prf: true, webauthn:virtualAuthenticators: true}
Session ID: 2cf28825ea7a8a419a5b05b8e5d35d84</small> </font> </div>
<div class="test-event"> <font color="maroon"> <small> &emsp; &emsp;--- 04 May 23:59:47 545 - <b>0</b> - Spinner Load Wait: (Sync) - ICar.support.WaitUtils.waitForSpinner(WaitUtils.java:225)</small> </font> </div>
<div class="test-event"> <font color="maroon"> <small> &emsp; &emsp;--- 04 May 23:59:57 638 - Page URL:: https://www.i-car.com/product/grinders-and-cutoff-wheels</small> </font> </div>
<div class="test-event"> <font color="maroon"> <small> &emsp; &emsp;--- 04 May 23:59:57 638 - <b>0</b> - Page Load Wait: (Sync) - ICar.support.Utils.waitForPageLoad(Utils.java:109)</small> </font> </div>
<div class="test-event"> <font color="maroon"> <small> &emsp; &emsp;--- 04 May 23:59:57 654 - Element is displayed:: [[ChromeDriver: chrome on WINDOWS (2cf28825ea7a8a419a5b05b8e5d35d84)] -> xpath: //a[contains(text(),'Back to Courses')]]</small> </font> </div>
<div class="test-event"> <font color="maroon"> <small> &emsp; &emsp;--- 05 May 00:00:04 694 - Catched spinner load exception due to javascript error: {"status":32,"value":"An invalid or illegal selector was specified"}
  (Session info: chrome=124.0.6367.92)
Build info: version: '4.6.0', revision: '79f1c02ae20'
System info: os.name: 'Windows 10', os.arch: 'amd64', os.version: '10.0', java.version: '17.0.7'
Driver info: org.openqa.selenium.chrome.ChromeDriver
Command: [2cf28825ea7a8a419a5b05b8e5d35d84, findElement {using=css selector, value=div[class='slds-spinner slds-spinner_brand slds-spinner_small']>div:nth-child(2)r}]
Capabilities {acceptInsecureCerts: false, browserName: chrome, browserVersion: 124.0.6367.92, chrome: {chromedriverVersion: 124.0.6367.91 (51df0e5e17a8..., userDataDir: C:\Users\PRATHA~1.KUM\AppDa...}, fedcm:accounts: true, goog:chromeOptions: {debuggerAddress: localhost:49451}, networkConnectionEnabled: false, pageLoadStrategy: normal, platformName: WINDOWS, proxy: Proxy(), se:cdp: ws://localhost:49451/devtoo..., se:cdpVersion: 124.0.6367.92, setWindowRect: true, strictFileInteractability: false, timeouts: {implicit: 0, pageLoad: 300000, script: 30000}, unhandledPromptBehavior: dismiss and notify, webauthn:extension:credBlob: true, webauthn:extension:largeBlob: true, webauthn:extension:minPinLength: true, webauthn:extension:prf: true, webauthn:virtualAuthenticators: true}
Session ID: 2cf28825ea7a8a419a5b05b8e5d35d84</small> </font> </div>
<div class="test-event"> <font color="maroon"> <small> &emsp; &emsp;--- 05 May 00:00:04 694 - <b>0</b> - Spinner Load Wait: (Sync) - ICar.support.WaitUtils.waitForSpinner(WaitUtils.java:225)</small> </font> </div>
<div class="test-message">&emsp;Back To Courses is displayed in the page </div>
<div class="test-message">&emsp;Successfully verified Back To Course Link&emsp;<a href=".\ScreenShot\URL_TC001_2721142320324000.png" target="_blank" >[ScreenShot]</a></div>
<div class="test-event"> <font color="maroon"> <small> &emsp; &emsp;--- 05 May 00:00:04 967 - Catched spinner load exception due to javascript error: {"status":32,"value":"An invalid or illegal selector was specified"}
  (Session info: chrome=124.0.6367.92)
Build info: version: '4.6.0', revision: '79f1c02ae20'
System info: os.name: 'Windows 10', os.arch: 'amd64', os.version: '10.0', java.version: '17.0.7'
Driver info: org.openqa.selenium.chrome.ChromeDriver
Command: [2cf28825ea7a8a419a5b05b8e5d35d84, findElement {using=css selector, value=div[class='slds-spinner slds-spinner_brand slds-spinner_small']>div:nth-child(2)r}]
Capabilities {acceptInsecureCerts: false, browserName: chrome, browserVersion: 124.0.6367.92, chrome: {chromedriverVersion: 124.0.6367.91 (51df0e5e17a8..., userDataDir: C:\Users\PRATHA~1.KUM\AppDa...}, fedcm:accounts: true, goog:chromeOptions: {debuggerAddress: localhost:49451}, networkConnectionEnabled: false, pageLoadStrategy: normal, platformName: WINDOWS, proxy: Proxy(), se:cdp: ws://localhost:49451/devtoo..., se:cdpVersion: 124.0.6367.92, setWindowRect: true, strictFileInteractability: false, timeouts: {implicit: 0, pageLoad: 300000, script: 30000}, unhandledPromptBehavior: dismiss and notify, webauthn:extension:credBlob: true, webauthn:extension:largeBlob: true, webauthn:extension:minPinLength: true, webauthn:extension:prf: true, webauthn:virtualAuthenticators: true}
Session ID: 2cf28825ea7a8a419a5b05b8e5d35d84</small> </font> </div>
<div class="test-event"> <font color="maroon"> <small> &emsp; &emsp;--- 05 May 00:00:04 967 - <b>0</b> - Spinner Load Wait: (Sync) - ICar.support.WaitUtils.waitForSpinner(WaitUtils.java:225)</small> </font> </div>
<div class="test-event"> <font color="maroon"> <small> &emsp; &emsp;--- 05 May 00:00:05 029 - Page URL:: https://www.i-car.com/product/grinders-and-cutoff-wheels</small> </font> </div>
<div class="test-event"> <font color="maroon"> <small> &emsp; &emsp;--- 05 May 00:00:05 029 - <b>0</b> - Page Load Wait: (Sync) - ICar.support.Utils.waitForPageLoad(Utils.java:109)</small> </font> </div>
<div class="test-event"> <font color="maroon"> <small> &emsp; &emsp;--- 05 May 00:00:15 092 - Element is displayed:: [[ChromeDriver: chrome on WINDOWS (2cf28825ea7a8a419a5b05b8e5d35d84)] -> xpath: //div[@class='productDetails slds-p-bottom_large']//div[contains(@class,'slds-p-bottom_medium')]]</small> </font> </div>
<div class="test-message">&emsp;Course Name : GrindersandCutoffWheels is displayed in the URL page</div>
<div class="test-message">&emsp;Successfully verified the course name for relevant link&emsp;<a href=".\ScreenShot\URL_TC001_2721160735326600.png" target="_blank" >[ScreenShot]</a></div>
<div class="test-message">&emsp;
</div>
<div class="test-message">&emsp;109. URL is : https://www.i-car.com/product/sectioning-scenarios</div>
<div class="test-event"> <font color="maroon"> <small> &emsp; &emsp;--- 05 May 00:00:24 485 - Page URL:: https://www.i-car.com/product/sectioning-scenarios</small> </font> </div>
<div class="test-event"> <font color="maroon"> <small> &emsp; &emsp;--- 05 May 00:00:24 486 - <b>0</b> - Page Load Wait: (Sync) - ICar.support.Utils.waitForPageLoad(Utils.java:109)</small> </font> </div>
<div class="test-message">&emsp;Successfully navigated to the :  https://www.i-car.com/product/sectioning-scenarios   Page&emsp;<a href=".\ScreenShot\URL_TC001_2721162103306600.png" target="_blank" >[ScreenShot]</a></div>
<div class="test-event"> <font color="maroon"> <small> &emsp; &emsp;--- 05 May 00:00:24 761 - Page URL:: https://www.i-car.com/product/sectioning-scenarios</small> </font> </div>
<div class="test-event"> <font color="maroon"> <small> &emsp; &emsp;--- 05 May 00:00:24 761 - <b>0</b> - Page Load Wait: (Sync) - ICar.support.Utils.waitForPageLoad(Utils.java:109)</small> </font> </div>
<div class="test-event"> <font color="maroon"> <small> &emsp; &emsp;--- 05 May 00:00:24 769 - Catched spinner load exception due to javascript error: {"status":32,"value":"An invalid or illegal selector was specified"}
  (Session info: chrome=124.0.6367.92)
Build info: version: '4.6.0', revision: '79f1c02ae20'
System info: os.name: 'Windows 10', os.arch: 'amd64', os.version: '10.0', java.version: '17.0.7'
Driver info: org.openqa.selenium.chrome.ChromeDriver
Command: [2cf28825ea7a8a419a5b05b8e5d35d84, findElement {using=css selector, value=div[class='slds-spinner slds-spinner_brand slds-spinner_small']>div:nth-child(2)r}]
Capabilities {acceptInsecureCerts: false, browserName: chrome, browserVersion: 124.0.6367.92, chrome: {chromedriverVersion: 124.0.6367.91 (51df0e5e17a8..., userDataDir: C:\Users\PRATHA~1.KUM\AppDa...}, fedcm:accounts: true, goog:chromeOptions: {debuggerAddress: localhost:49451}, networkConnectionEnabled: false, pageLoadStrategy: normal, platformName: WINDOWS, proxy: Proxy(), se:cdp: ws://localhost:49451/devtoo..., se:cdpVersion: 124.0.6367.92, setWindowRect: true, strictFileInteractability: false, timeouts: {implicit: 0, pageLoad: 300000, script: 30000}, unhandledPromptBehavior: dismiss and notify, webauthn:extension:credBlob: true, webauthn:extension:largeBlob: true, webauthn:extension:minPinLength: true, webauthn:extension:prf: true, webauthn:virtualAuthenticators: true}
Session ID: 2cf28825ea7a8a419a5b05b8e5d35d84</small> </font> </div>
<div class="test-event"> <font color="maroon"> <small> &emsp; &emsp;--- 05 May 00:00:24 769 - <b>0</b> - Spinner Load Wait: (Sync) - ICar.support.WaitUtils.waitForSpinner(WaitUtils.java:225)</small> </font> </div>
<div class="test-event"> <font color="maroon"> <small> &emsp; &emsp;--- 05 May 00:00:34 937 - Page URL:: https://www.i-car.com/product/sectioning-scenarios</small> </font> </div>
<div class="test-event"> <font color="maroon"> <small> &emsp; &emsp;--- 05 May 00:00:34 937 - <b>0</b> - Page Load Wait: (Sync) - ICar.support.Utils.waitForPageLoad(Utils.java:109)</small> </font> </div>
<div class="test-event"> <font color="maroon"> <small> &emsp; &emsp;--- 05 May 00:00:34 955 - Element is displayed:: [[ChromeDriver: chrome on WINDOWS (2cf28825ea7a8a419a5b05b8e5d35d84)] -> xpath: //a[contains(text(),'Back to Courses')]]</small> </font> </div>
<div class="test-event"> <font color="maroon"> <small> &emsp; &emsp;--- 05 May 00:00:41 993 - Catched spinner load exception due to javascript error: {"status":32,"value":"An invalid or illegal selector was specified"}
  (Session info: chrome=124.0.6367.92)
Build info: version: '4.6.0', revision: '79f1c02ae20'
System info: os.name: 'Windows 10', os.arch: 'amd64', os.version: '10.0', java.version: '17.0.7'
Driver info: org.openqa.selenium.chrome.ChromeDriver
Command: [2cf28825ea7a8a419a5b05b8e5d35d84, findElement {using=css selector, value=div[class='slds-spinner slds-spinner_brand slds-spinner_small']>div:nth-child(2)r}]
Capabilities {acceptInsecureCerts: false, browserName: chrome, browserVersion: 124.0.6367.92, chrome: {chromedriverVersion: 124.0.6367.91 (51df0e5e17a8..., userDataDir: C:\Users\PRATHA~1.KUM\AppDa...}, fedcm:accounts: true, goog:chromeOptions: {debuggerAddress: localhost:49451}, networkConnectionEnabled: false, pageLoadStrategy: normal, platformName: WINDOWS, proxy: Proxy(), se:cdp: ws://localhost:49451/devtoo..., se:cdpVersion: 124.0.6367.92, setWindowRect: true, strictFileInteractability: false, timeouts: {implicit: 0, pageLoad: 300000, script: 30000}, unhandledPromptBehavior: dismiss and notify, webauthn:extension:credBlob: true, webauthn:extension:largeBlob: true, webauthn:extension:minPinLength: true, webauthn:extension:prf: true, webauthn:virtualAuthenticators: true}
Session ID: 2cf28825ea7a8a419a5b05b8e5d35d84</small> </font> </div>
<div class="test-event"> <font color="maroon"> <small> &emsp; &emsp;--- 05 May 00:00:41 993 - <b>0</b> - Spinner Load Wait: (Sync) - ICar.support.WaitUtils.waitForSpinner(WaitUtils.java:225)</small> </font> </div>
<div class="test-message">&emsp;Back To Courses is displayed in the page </div>
<div class="test-message">&emsp;Successfully verified Back To Course Link&emsp;<a href=".\ScreenShot\URL_TC001_2721179626672000.png" target="_blank" >[ScreenShot]</a></div>
<div class="test-event"> <font color="maroon"> <small> &emsp; &emsp;--- 05 May 00:00:42 256 - Catched spinner load exception due to javascript error: {"status":32,"value":"An invalid or illegal selector was specified"}
  (Session info: chrome=124.0.6367.92)
Build info: version: '4.6.0', revision: '79f1c02ae20'
System info: os.name: 'Windows 10', os.arch: 'amd64', os.version: '10.0', java.version: '17.0.7'
Driver info: org.openqa.selenium.chrome.ChromeDriver
Command: [2cf28825ea7a8a419a5b05b8e5d35d84, findElement {using=css selector, value=div[class='slds-spinner slds-spinner_brand slds-spinner_small']>div:nth-child(2)r}]
Capabilities {acceptInsecureCerts: false, browserName: chrome, browserVersion: 124.0.6367.92, chrome: {chromedriverVersion: 124.0.6367.91 (51df0e5e17a8..., userDataDir: C:\Users\PRATHA~1.KUM\AppDa...}, fedcm:accounts: true, goog:chromeOptions: {debuggerAddress: localhost:49451}, networkConnectionEnabled: false, pageLoadStrategy: normal, platformName: WINDOWS, proxy: Proxy(), se:cdp: ws://localhost:49451/devtoo..., se:cdpVersion: 124.0.6367.92, setWindowRect: true, strictFileInteractability: false, timeouts: {implicit: 0, pageLoad: 300000, script: 30000}, unhandledPromptBehavior: dismiss and notify, webauthn:extension:credBlob: true, webauthn:extension:largeBlob: true, webauthn:extension:minPinLength: true, webauthn:extension:prf: true, webauthn:virtualAuthenticators: true}
Session ID: 2cf28825ea7a8a419a5b05b8e5d35d84</small> </font> </div>
<div class="test-event"> <font color="maroon"> <small> &emsp; &emsp;--- 05 May 00:00:42 256 - <b>0</b> - Spinner Load Wait: (Sync) - ICar.support.WaitUtils.waitForSpinner(WaitUtils.java:225)</small> </font> </div>
<div class="test-event"> <font color="maroon"> <small> &emsp; &emsp;--- 05 May 00:00:42 367 - Page URL:: https://www.i-car.com/product/sectioning-scenarios</small> </font> </div>
<div class="test-event"> <font color="maroon"> <small> &emsp; &emsp;--- 05 May 00:00:42 367 - <b>0</b> - Page Load Wait: (Sync) - ICar.support.Utils.waitForPageLoad(Utils.java:109)</small> </font> </div>
<div class="test-event"> <font color="maroon"> <small> &emsp; &emsp;--- 05 May 00:00:52 417 - Element is displayed:: [[ChromeDriver: chrome on WINDOWS (2cf28825ea7a8a419a5b05b8e5d35d84)] -> xpath: //div[@class='productDetails slds-p-bottom_large']//div[contains(@class,'slds-p-bottom_medium')]]</small> </font> </div>
<div class="test-message">&emsp;Course Name : SectioningScenarios is displayed in the URL page</div>
<div class="test-message">&emsp;Successfully verified the course name for relevant link&emsp;<a href=".\ScreenShot\URL_TC001_2721198061845200.png" target="_blank" >[ScreenShot]</a></div>
<div class="test-message">&emsp;
</div>
<div class="test-message">&emsp;110. URL is : https://www.i-car.com/product/fca-driver-assistance-systems-for-chrysler-dodge-jeep-ram-alfa-romeo-and-fi</div>
<div class="test-event"> <font color="maroon"> <small> &emsp; &emsp;--- 05 May 00:01:01 924 - Page URL:: https://www.i-car.com/product/fca-driver-assistance-systems-for-chrysler-dodge-jeep-ram-alfa-romeo-and-fi</small> </font> </div>
<div class="test-event"> <font color="maroon"> <small> &emsp; &emsp;--- 05 May 00:01:01 924 - <b>0</b> - Page Load Wait: (Sync) - ICar.support.Utils.waitForPageLoad(Utils.java:109)</small> </font> </div>
<div class="test-message">&emsp;Successfully navigated to the :  https://www.i-car.com/product/fca-driver-assistance-systems-for-chrysler-dodge-jeep-ram-alfa-romeo-and-fi   Page&emsp;<a href=".\ScreenShot\URL_TC001_2721199541842100.png" target="_blank" >[ScreenShot]</a></div>
<div class="test-event"> <font color="maroon"> <small> &emsp; &emsp;--- 05 May 00:01:02 195 - Page URL:: https://www.i-car.com/product/fca-driver-assistance-systems-for-chrysler-dodge-jeep-ram-alfa-romeo-and-fi</small> </font> </div>
<div class="test-event"> <font color="maroon"> <small> &emsp; &emsp;--- 05 May 00:01:02 195 - <b>0</b> - Page Load Wait: (Sync) - ICar.support.Utils.waitForPageLoad(Utils.java:109)</small> </font> </div>
<div class="test-event"> <font color="maroon"> <small> &emsp; &emsp;--- 05 May 00:01:02 204 - Catched spinner load exception due to javascript error: {"status":32,"value":"An invalid or illegal selector was specified"}
  (Session info: chrome=124.0.6367.92)
Build info: version: '4.6.0', revision: '79f1c02ae20'
System info: os.name: 'Windows 10', os.arch: 'amd64', os.version: '10.0', java.version: '17.0.7'
Driver info: org.openqa.selenium.chrome.ChromeDriver
Command: [2cf28825ea7a8a419a5b05b8e5d35d84, findElement {using=css selector, value=div[class='slds-spinner slds-spinner_brand slds-spinner_small']>div:nth-child(2)r}]
Capabilities {acceptInsecureCerts: false, browserName: chrome, browserVersion: 124.0.6367.92, chrome: {chromedriverVersion: 124.0.6367.91 (51df0e5e17a8..., userDataDir: C:\Users\PRATHA~1.KUM\AppDa...}, fedcm:accounts: true, goog:chromeOptions: {debuggerAddress: localhost:49451}, networkConnectionEnabled: false, pageLoadStrategy: normal, platformName: WINDOWS, proxy: Proxy(), se:cdp: ws://localhost:49451/devtoo..., se:cdpVersion: 124.0.6367.92, setWindowRect: true, strictFileInteractability: false, timeouts: {implicit: 0, pageLoad: 300000, script: 30000}, unhandledPromptBehavior: dismiss and notify, webauthn:extension:credBlob: true, webauthn:extension:largeBlob: true, webauthn:extension:minPinLength: true, webauthn:extension:prf: true, webauthn:virtualAuthenticators: true}
Session ID: 2cf28825ea7a8a419a5b05b8e5d35d84</small> </font> </div>
<div class="test-event"> <font color="maroon"> <small> &emsp; &emsp;--- 05 May 00:01:02 205 - <b>0</b> - Spinner Load Wait: (Sync) - ICar.support.WaitUtils.waitForSpinner(WaitUtils.java:225)</small> </font> </div>
<div class="test-event"> <font color="maroon"> <small> &emsp; &emsp;--- 05 May 00:01:12 296 - Page URL:: https://www.i-car.com/product/fca-driver-assistance-systems-for-chrysler-dodge-jeep-ram-alfa-romeo-and-fi</small> </font> </div>
<div class="test-event"> <font color="maroon"> <small> &emsp; &emsp;--- 05 May 00:01:12 296 - <b>0</b> - Page Load Wait: (Sync) - ICar.support.Utils.waitForPageLoad(Utils.java:109)</small> </font> </div>
<div class="test-event"> <font color="maroon"> <small> &emsp; &emsp;--- 05 May 00:01:12 313 - Element is displayed:: [[ChromeDriver: chrome on WINDOWS (2cf28825ea7a8a419a5b05b8e5d35d84)] -> xpath: //a[contains(text(),'Back to Courses')]]</small> </font> </div>
<div class="test-event"> <font color="maroon"> <small> &emsp; &emsp;--- 05 May 00:01:19 338 - Catched spinner load exception due to javascript error: {"status":32,"value":"An invalid or illegal selector was specified"}
  (Session info: chrome=124.0.6367.92)
Build info: version: '4.6.0', revision: '79f1c02ae20'
System info: os.name: 'Windows 10', os.arch: 'amd64', os.version: '10.0', java.version: '17.0.7'
Driver info: org.openqa.selenium.chrome.ChromeDriver
Command: [2cf28825ea7a8a419a5b05b8e5d35d84, findElement {using=css selector, value=div[class='slds-spinner slds-spinner_brand slds-spinner_small']>div:nth-child(2)r}]
Capabilities {acceptInsecureCerts: false, browserName: chrome, browserVersion: 124.0.6367.92, chrome: {chromedriverVersion: 124.0.6367.91 (51df0e5e17a8..., userDataDir: C:\Users\PRATHA~1.KUM\AppDa...}, fedcm:accounts: true, goog:chromeOptions: {debuggerAddress: localhost:49451}, networkConnectionEnabled: false, pageLoadStrategy: normal, platformName: WINDOWS, proxy: Proxy(), se:cdp: ws://localhost:49451/devtoo..., se:cdpVersion: 124.0.6367.92, setWindowRect: true, strictFileInteractability: false, timeouts: {implicit: 0, pageLoad: 300000, script: 30000}, unhandledPromptBehavior: dismiss and notify, webauthn:extension:credBlob: true, webauthn:extension:largeBlob: true, webauthn:extension:minPinLength: true, webauthn:extension:prf: true, webauthn:virtualAuthenticators: true}
Session ID: 2cf28825ea7a8a419a5b05b8e5d35d84</small> </font> </div>
<div class="test-event"> <font color="maroon"> <small> &emsp; &emsp;--- 05 May 00:01:19 338 - <b>0</b> - Spinner Load Wait: (Sync) - ICar.support.WaitUtils.waitForSpinner(WaitUtils.java:225)</small> </font> </div>
<div class="test-message">&emsp;Back To Courses is displayed in the page </div>
<div class="test-message">&emsp;Successfully verified Back To Course Link&emsp;<a href=".\ScreenShot\URL_TC001_2721216965063300.png" target="_blank" >[ScreenShot]</a></div>
<div class="test-event"> <font color="maroon"> <small> &emsp; &emsp;--- 05 May 00:01:19 569 - Catched spinner load exception due to javascript error: {"status":32,"value":"An invalid or illegal selector was specified"}
  (Session info: chrome=124.0.6367.92)
Build info: version: '4.6.0', revision: '79f1c02ae20'
System info: os.name: 'Windows 10', os.arch: 'amd64', os.version: '10.0', java.version: '17.0.7'
Driver info: org.openqa.selenium.chrome.ChromeDriver
Command: [2cf28825ea7a8a419a5b05b8e5d35d84, findElement {using=css selector, value=div[class='slds-spinner slds-spinner_brand slds-spinner_small']>div:nth-child(2)r}]
Capabilities {acceptInsecureCerts: false, browserName: chrome, browserVersion: 124.0.6367.92, chrome: {chromedriverVersion: 124.0.6367.91 (51df0e5e17a8..., userDataDir: C:\Users\PRATHA~1.KUM\AppDa...}, fedcm:accounts: true, goog:chromeOptions: {debuggerAddress: localhost:49451}, networkConnectionEnabled: false, pageLoadStrategy: normal, platformName: WINDOWS, proxy: Proxy(), se:cdp: ws://localhost:49451/devtoo..., se:cdpVersion: 124.0.6367.92, setWindowRect: true, strictFileInteractability: false, timeouts: {implicit: 0, pageLoad: 300000, script: 30000}, unhandledPromptBehavior: dismiss and notify, webauthn:extension:credBlob: true, webauthn:extension:largeBlob: true, webauthn:extension:minPinLength: true, webauthn:extension:prf: true, webauthn:virtualAuthenticators: true}
Session ID: 2cf28825ea7a8a419a5b05b8e5d35d84</small> </font> </div>
<div class="test-event"> <font color="maroon"> <small> &emsp; &emsp;--- 05 May 00:01:19 570 - <b>0</b> - Spinner Load Wait: (Sync) - ICar.support.WaitUtils.waitForSpinner(WaitUtils.java:225)</small> </font> </div>
<div class="test-event"> <font color="maroon"> <small> &emsp; &emsp;--- 05 May 00:01:19 635 - Page URL:: https://www.i-car.com/product/fca-driver-assistance-systems-for-chrysler-dodge-jeep-ram-alfa-romeo-and-fi</small> </font> </div>
<div class="test-event"> <font color="maroon"> <small> &emsp; &emsp;--- 05 May 00:01:19 635 - <b>0</b> - Page Load Wait: (Sync) - ICar.support.Utils.waitForPageLoad(Utils.java:109)</small> </font> </div>
<div class="test-event"> <font color="maroon"> <small> &emsp; &emsp;--- 05 May 00:01:29 677 - Element is displayed:: [[ChromeDriver: chrome on WINDOWS (2cf28825ea7a8a419a5b05b8e5d35d84)] -> xpath: //div[@class='productDetails slds-p-bottom_large']//div[contains(@class,'slds-p-bottom_medium')]]</small> </font> </div>
<div class="test-message">&emsp;Course Name : FCADriverAssistanceSystemsforChryslerDodgeJeepRAMAlfaRomeoandFI is displayed in the URL page</div>
<div class="test-message">&emsp;Successfully verified the course name for relevant link&emsp;<a href=".\ScreenShot\URL_TC001_2721235321213000.png" target="_blank" >[ScreenShot]</a></div>
<div class="test-message">&emsp;
</div>
<div class="test-message">&emsp;111. URL is : https://www.i-car.com/product/masking-machines</div>
<div class="test-event"> <font color="maroon"> <small> &emsp; &emsp;--- 05 May 00:01:39 195 - Page URL:: https://www.i-car.com/product/masking-machines</small> </font> </div>
<div class="test-event"> <font color="maroon"> <small> &emsp; &emsp;--- 05 May 00:01:39 195 - <b>0</b> - Page Load Wait: (Sync) - ICar.support.Utils.waitForPageLoad(Utils.java:109)</small> </font> </div>
<div class="test-message">&emsp;Successfully navigated to the :  https://www.i-car.com/product/masking-machines   Page&emsp;<a href=".\ScreenShot\URL_TC001_2721236811176300.png" target="_blank" >[ScreenShot]</a></div>
<div class="test-event"> <font color="maroon"> <small> &emsp; &emsp;--- 05 May 00:01:39 488 - Page URL:: https://www.i-car.com/product/masking-machines</small> </font> </div>
<div class="test-event"> <font color="maroon"> <small> &emsp; &emsp;--- 05 May 00:01:39 488 - <b>0</b> - Page Load Wait: (Sync) - ICar.support.Utils.waitForPageLoad(Utils.java:109)</small> </font> </div>
<div class="test-event"> <font color="maroon"> <small> &emsp; &emsp;--- 05 May 00:01:39 496 - Catched spinner load exception due to javascript error: {"status":32,"value":"An invalid or illegal selector was specified"}
  (Session info: chrome=124.0.6367.92)
Build info: version: '4.6.0', revision: '79f1c02ae20'
System info: os.name: 'Windows 10', os.arch: 'amd64', os.version: '10.0', java.version: '17.0.7'
Driver info: org.openqa.selenium.chrome.ChromeDriver
Command: [2cf28825ea7a8a419a5b05b8e5d35d84, findElement {using=css selector, value=div[class='slds-spinner slds-spinner_brand slds-spinner_small']>div:nth-child(2)r}]
Capabilities {acceptInsecureCerts: false, browserName: chrome, browserVersion: 124.0.6367.92, chrome: {chromedriverVersion: 124.0.6367.91 (51df0e5e17a8..., userDataDir: C:\Users\PRATHA~1.KUM\AppDa...}, fedcm:accounts: true, goog:chromeOptions: {debuggerAddress: localhost:49451}, networkConnectionEnabled: false, pageLoadStrategy: normal, platformName: WINDOWS, proxy: Proxy(), se:cdp: ws://localhost:49451/devtoo..., se:cdpVersion: 124.0.6367.92, setWindowRect: true, strictFileInteractability: false, timeouts: {implicit: 0, pageLoad: 300000, script: 30000}, unhandledPromptBehavior: dismiss and notify, webauthn:extension:credBlob: true, webauthn:extension:largeBlob: true, webauthn:extension:minPinLength: true, webauthn:extension:prf: true, webauthn:virtualAuthenticators: true}
Session ID: 2cf28825ea7a8a419a5b05b8e5d35d84</small> </font> </div>
<div class="test-event"> <font color="maroon"> <small> &emsp; &emsp;--- 05 May 00:01:39 496 - <b>0</b> - Spinner Load Wait: (Sync) - ICar.support.WaitUtils.waitForSpinner(WaitUtils.java:225)</small> </font> </div>
<div class="test-event"> <font color="maroon"> <small> &emsp; &emsp;--- 05 May 00:01:49 583 - Page URL:: https://www.i-car.com/product/masking-machines</small> </font> </div>
<div class="test-event"> <font color="maroon"> <small> &emsp; &emsp;--- 05 May 00:01:49 583 - <b>0</b> - Page Load Wait: (Sync) - ICar.support.Utils.waitForPageLoad(Utils.java:109)</small> </font> </div>
<div class="test-event"> <font color="maroon"> <small> &emsp; &emsp;--- 05 May 00:01:49 601 - Element is displayed:: [[ChromeDriver: chrome on WINDOWS (2cf28825ea7a8a419a5b05b8e5d35d84)] -> xpath: //a[contains(text(),'Back to Courses')]]</small> </font> </div>
<div class="test-event"> <font color="maroon"> <small> &emsp; &emsp;--- 05 May 00:01:56 648 - Catched spinner load exception due to javascript error: {"status":32,"value":"An invalid or illegal selector was specified"}
  (Session info: chrome=124.0.6367.92)
Build info: version: '4.6.0', revision: '79f1c02ae20'
System info: os.name: 'Windows 10', os.arch: 'amd64', os.version: '10.0', java.version: '17.0.7'
Driver info: org.openqa.selenium.chrome.ChromeDriver
Command: [2cf28825ea7a8a419a5b05b8e5d35d84, findElement {using=css selector, value=div[class='slds-spinner slds-spinner_brand slds-spinner_small']>div:nth-child(2)r}]
Capabilities {acceptInsecureCerts: false, browserName: chrome, browserVersion: 124.0.6367.92, chrome: {chromedriverVersion: 124.0.6367.91 (51df0e5e17a8..., userDataDir: C:\Users\PRATHA~1.KUM\AppDa...}, fedcm:accounts: true, goog:chromeOptions: {debuggerAddress: localhost:49451}, networkConnectionEnabled: false, pageLoadStrategy: normal, platformName: WINDOWS, proxy: Proxy(), se:cdp: ws://localhost:49451/devtoo..., se:cdpVersion: 124.0.6367.92, setWindowRect: true, strictFileInteractability: false, timeouts: {implicit: 0, pageLoad: 300000, script: 30000}, unhandledPromptBehavior: dismiss and notify, webauthn:extension:credBlob: true, webauthn:extension:largeBlob: true, webauthn:extension:minPinLength: true, webauthn:extension:prf: true, webauthn:virtualAuthenticators: true}
Session ID: 2cf28825ea7a8a419a5b05b8e5d35d84</small> </font> </div>
<div class="test-event"> <font color="maroon"> <small> &emsp; &emsp;--- 05 May 00:01:56 648 - <b>0</b> - Spinner Load Wait: (Sync) - ICar.support.WaitUtils.waitForSpinner(WaitUtils.java:225)</small> </font> </div>
<div class="test-message">&emsp;Back To Courses is displayed in the page </div>
<div class="test-message">&emsp;Successfully verified Back To Course Link&emsp;<a href=".\ScreenShot\URL_TC001_2721254283805000.png" target="_blank" >[ScreenShot]</a></div>
<div class="test-event"> <font color="maroon"> <small> &emsp; &emsp;--- 05 May 00:01:56 934 - Catched spinner load exception due to javascript error: {"status":32,"value":"An invalid or illegal selector was specified"}
  (Session info: chrome=124.0.6367.92)
Build info: version: '4.6.0', revision: '79f1c02ae20'
System info: os.name: 'Windows 10', os.arch: 'amd64', os.version: '10.0', java.version: '17.0.7'
Driver info: org.openqa.selenium.chrome.ChromeDriver
Command: [2cf28825ea7a8a419a5b05b8e5d35d84, findElement {using=css selector, value=div[class='slds-spinner slds-spinner_brand slds-spinner_small']>div:nth-child(2)r}]
Capabilities {acceptInsecureCerts: false, browserName: chrome, browserVersion: 124.0.6367.92, chrome: {chromedriverVersion: 124.0.6367.91 (51df0e5e17a8..., userDataDir: C:\Users\PRATHA~1.KUM\AppDa...}, fedcm:accounts: true, goog:chromeOptions: {debuggerAddress: localhost:49451}, networkConnectionEnabled: false, pageLoadStrategy: normal, platformName: WINDOWS, proxy: Proxy(), se:cdp: ws://localhost:49451/devtoo..., se:cdpVersion: 124.0.6367.92, setWindowRect: true, strictFileInteractability: false, timeouts: {implicit: 0, pageLoad: 300000, script: 30000}, unhandledPromptBehavior: dismiss and notify, webauthn:extension:credBlob: true, webauthn:extension:largeBlob: true, webauthn:extension:minPinLength: true, webauthn:extension:prf: true, webauthn:virtualAuthenticators: true}
Session ID: 2cf28825ea7a8a419a5b05b8e5d35d84</small> </font> </div>
<div class="test-event"> <font color="maroon"> <small> &emsp; &emsp;--- 05 May 00:01:56 934 - <b>0</b> - Spinner Load Wait: (Sync) - ICar.support.WaitUtils.waitForSpinner(WaitUtils.java:225)</small> </font> </div>
<div class="test-event"> <font color="maroon"> <small> &emsp; &emsp;--- 05 May 00:01:56 994 - Page URL:: https://www.i-car.com/product/masking-machines</small> </font> </div>
<div class="test-event"> <font color="maroon"> <small> &emsp; &emsp;--- 05 May 00:01:56 994 - <b>0</b> - Page Load Wait: (Sync) - ICar.support.Utils.waitForPageLoad(Utils.java:109)</small> </font> </div>
<div class="test-event"> <font color="maroon"> <small> &emsp; &emsp;--- 05 May 00:02:07 036 - Element is displayed:: [[ChromeDriver: chrome on WINDOWS (2cf28825ea7a8a419a5b05b8e5d35d84)] -> xpath: //div[@class='productDetails slds-p-bottom_large']//div[contains(@class,'slds-p-bottom_medium')]]</small> </font> </div>
<div class="test-message">&emsp;Course Name : MaskingMachines is displayed in the URL page</div>
<div class="test-message">&emsp;Successfully verified the course name for relevant link&emsp;<a href=".\ScreenShot\URL_TC001_2721272679978600.png" target="_blank" >[ScreenShot]</a></div>
<div class="test-message">&emsp;
</div>
<div class="test-message">&emsp;112. URL is : https://www.i-car.com/product/fca-witech-ecu-flashing</div>
<div class="test-event"> <font color="maroon"> <small> &emsp; &emsp;--- 05 May 00:02:16 266 - Page URL:: https://www.i-car.com/product/fca-witech-ecu-flashing</small> </font> </div>
<div class="test-event"> <font color="maroon"> <small> &emsp; &emsp;--- 05 May 00:02:16 266 - <b>0</b> - Page Load Wait: (Sync) - ICar.support.Utils.waitForPageLoad(Utils.java:109)</small> </font> </div>
<div class="test-message">&emsp;Successfully navigated to the :  https://www.i-car.com/product/fca-witech-ecu-flashing   Page&emsp;<a href=".\ScreenShot\URL_TC001_2721273882744400.png" target="_blank" >[ScreenShot]</a></div>
<div class="test-event"> <font color="maroon"> <small> &emsp; &emsp;--- 05 May 00:02:16 537 - Page URL:: https://www.i-car.com/product/fca-witech-ecu-flashing</small> </font> </div>
<div class="test-event"> <font color="maroon"> <small> &emsp; &emsp;--- 05 May 00:02:16 537 - <b>0</b> - Page Load Wait: (Sync) - ICar.support.Utils.waitForPageLoad(Utils.java:109)</small> </font> </div>
<div class="test-event"> <font color="maroon"> <small> &emsp; &emsp;--- 05 May 00:02:16 546 - Catched spinner load exception due to javascript error: {"status":32,"value":"An invalid or illegal selector was specified"}
  (Session info: chrome=124.0.6367.92)
Build info: version: '4.6.0', revision: '79f1c02ae20'
System info: os.name: 'Windows 10', os.arch: 'amd64', os.version: '10.0', java.version: '17.0.7'
Driver info: org.openqa.selenium.chrome.ChromeDriver
Command: [2cf28825ea7a8a419a5b05b8e5d35d84, findElement {using=css selector, value=div[class='slds-spinner slds-spinner_brand slds-spinner_small']>div:nth-child(2)r}]
Capabilities {acceptInsecureCerts: false, browserName: chrome, browserVersion: 124.0.6367.92, chrome: {chromedriverVersion: 124.0.6367.91 (51df0e5e17a8..., userDataDir: C:\Users\PRATHA~1.KUM\AppDa...}, fedcm:accounts: true, goog:chromeOptions: {debuggerAddress: localhost:49451}, networkConnectionEnabled: false, pageLoadStrategy: normal, platformName: WINDOWS, proxy: Proxy(), se:cdp: ws://localhost:49451/devtoo..., se:cdpVersion: 124.0.6367.92, setWindowRect: true, strictFileInteractability: false, timeouts: {implicit: 0, pageLoad: 300000, script: 30000}, unhandledPromptBehavior: dismiss and notify, webauthn:extension:credBlob: true, webauthn:extension:largeBlob: true, webauthn:extension:minPinLength: true, webauthn:extension:prf: true, webauthn:virtualAuthenticators: true}
Session ID: 2cf28825ea7a8a419a5b05b8e5d35d84</small> </font> </div>
<div class="test-event"> <font color="maroon"> <small> &emsp; &emsp;--- 05 May 00:02:16 546 - <b>0</b> - Spinner Load Wait: (Sync) - ICar.support.WaitUtils.waitForSpinner(WaitUtils.java:225)</small> </font> </div>
<div class="test-event"> <font color="maroon"> <small> &emsp; &emsp;--- 05 May 00:02:26 632 - Page URL:: https://www.i-car.com/product/fca-witech-ecu-flashing</small> </font> </div>
<div class="test-event"> <font color="maroon"> <small> &emsp; &emsp;--- 05 May 00:02:26 632 - <b>0</b> - Page Load Wait: (Sync) - ICar.support.Utils.waitForPageLoad(Utils.java:109)</small> </font> </div>
<div class="test-event"> <font color="maroon"> <small> &emsp; &emsp;--- 05 May 00:02:26 652 - Element is displayed:: [[ChromeDriver: chrome on WINDOWS (2cf28825ea7a8a419a5b05b8e5d35d84)] -> xpath: //a[contains(text(),'Back to Courses')]]</small> </font> </div>
<div class="test-event"> <font color="maroon"> <small> &emsp; &emsp;--- 05 May 00:02:33 679 - Catched spinner load exception due to javascript error: {"status":32,"value":"An invalid or illegal selector was specified"}
  (Session info: chrome=124.0.6367.92)
Build info: version: '4.6.0', revision: '79f1c02ae20'
System info: os.name: 'Windows 10', os.arch: 'amd64', os.version: '10.0', java.version: '17.0.7'
Driver info: org.openqa.selenium.chrome.ChromeDriver
Command: [2cf28825ea7a8a419a5b05b8e5d35d84, findElement {using=css selector, value=div[class='slds-spinner slds-spinner_brand slds-spinner_small']>div:nth-child(2)r}]
Capabilities {acceptInsecureCerts: false, browserName: chrome, browserVersion: 124.0.6367.92, chrome: {chromedriverVersion: 124.0.6367.91 (51df0e5e17a8..., userDataDir: C:\Users\PRATHA~1.KUM\AppDa...}, fedcm:accounts: true, goog:chromeOptions: {debuggerAddress: localhost:49451}, networkConnectionEnabled: false, pageLoadStrategy: normal, platformName: WINDOWS, proxy: Proxy(), se:cdp: ws://localhost:49451/devtoo..., se:cdpVersion: 124.0.6367.92, setWindowRect: true, strictFileInteractability: false, timeouts: {implicit: 0, pageLoad: 300000, script: 30000}, unhandledPromptBehavior: dismiss and notify, webauthn:extension:credBlob: true, webauthn:extension:largeBlob: true, webauthn:extension:minPinLength: true, webauthn:extension:prf: true, webauthn:virtualAuthenticators: true}
Session ID: 2cf28825ea7a8a419a5b05b8e5d35d84</small> </font> </div>
<div class="test-event"> <font color="maroon"> <small> &emsp; &emsp;--- 05 May 00:02:33 679 - <b>0</b> - Spinner Load Wait: (Sync) - ICar.support.WaitUtils.waitForSpinner(WaitUtils.java:225)</small> </font> </div>
<div class="test-message">&emsp;Back To Courses is displayed in the page </div>
<div class="test-message">&emsp;Successfully verified Back To Course Link&emsp;<a href=".\ScreenShot\URL_TC001_2721291306055900.png" target="_blank" >[ScreenShot]</a></div>
<div class="test-event"> <font color="maroon"> <small> &emsp; &emsp;--- 05 May 00:02:34 118 - Catched spinner load exception due to javascript error: {"status":32,"value":"An invalid or illegal selector was specified"}
  (Session info: chrome=124.0.6367.92)
Build info: version: '4.6.0', revision: '79f1c02ae20'
System info: os.name: 'Windows 10', os.arch: 'amd64', os.version: '10.0', java.version: '17.0.7'
Driver info: org.openqa.selenium.chrome.ChromeDriver
Command: [2cf28825ea7a8a419a5b05b8e5d35d84, findElement {using=css selector, value=div[class='slds-spinner slds-spinner_brand slds-spinner_small']>div:nth-child(2)r}]
Capabilities {acceptInsecureCerts: false, browserName: chrome, browserVersion: 124.0.6367.92, chrome: {chromedriverVersion: 124.0.6367.91 (51df0e5e17a8..., userDataDir: C:\Users\PRATHA~1.KUM\AppDa...}, fedcm:accounts: true, goog:chromeOptions: {debuggerAddress: localhost:49451}, networkConnectionEnabled: false, pageLoadStrategy: normal, platformName: WINDOWS, proxy: Proxy(), se:cdp: ws://localhost:49451/devtoo..., se:cdpVersion: 124.0.6367.92, setWindowRect: true, strictFileInteractability: false, timeouts: {implicit: 0, pageLoad: 300000, script: 30000}, unhandledPromptBehavior: dismiss and notify, webauthn:extension:credBlob: true, webauthn:extension:largeBlob: true, webauthn:extension:minPinLength: true, webauthn:extension:prf: true, webauthn:virtualAuthenticators: true}
Session ID: 2cf28825ea7a8a419a5b05b8e5d35d84</small> </font> </div>
<div class="test-event"> <font color="maroon"> <small> &emsp; &emsp;--- 05 May 00:02:34 118 - <b>0</b> - Spinner Load Wait: (Sync) - ICar.support.WaitUtils.waitForSpinner(WaitUtils.java:225)</small> </font> </div>
<div class="test-event"> <font color="maroon"> <small> &emsp; &emsp;--- 05 May 00:02:34 178 - Page URL:: https://www.i-car.com/product/fca-witech-ecu-flashing</small> </font> </div>
<div class="test-event"> <font color="maroon"> <small> &emsp; &emsp;--- 05 May 00:02:34 178 - <b>0</b> - Page Load Wait: (Sync) - ICar.support.Utils.waitForPageLoad(Utils.java:109)</small> </font> </div>
<div class="test-event"> <font color="maroon"> <small> &emsp; &emsp;--- 05 May 00:02:44 221 - Element is displayed:: [[ChromeDriver: chrome on WINDOWS (2cf28825ea7a8a419a5b05b8e5d35d84)] -> xpath: //div[@class='productDetails slds-p-bottom_large']//div[contains(@class,'slds-p-bottom_medium')]]</small> </font> </div>
<div class="test-message">&emsp;Course Name : FCAwiTECHECUFlashing is displayed in the URL page</div>
<div class="test-message">&emsp;Successfully verified the course name for relevant link&emsp;<a href=".\ScreenShot\URL_TC001_2721309861089300.png" target="_blank" >[ScreenShot]</a></div>
<div class="test-message">&emsp;
</div>
<div class="test-message">&emsp;113. URL is : https://www.i-car.com/product/fullframeunitized-structure-pulling-strategy-and-planning</div>
<div class="test-event"> <font color="maroon"> <small> &emsp; &emsp;--- 05 May 00:02:53 633 - Page URL:: https://www.i-car.com/product/fullframeunitized-structure-pulling-strategy-and-planning</small> </font> </div>
<div class="test-event"> <font color="maroon"> <small> &emsp; &emsp;--- 05 May 00:02:53 633 - <b>0</b> - Page Load Wait: (Sync) - ICar.support.Utils.waitForPageLoad(Utils.java:109)</small> </font> </div>
<div class="test-message">&emsp;Successfully navigated to the :  https://www.i-car.com/product/fullframeunitized-structure-pulling-strategy-and-planning   Page&emsp;<a href=".\ScreenShot\URL_TC001_2721311249798100.png" target="_blank" >[ScreenShot]</a></div>
<div class="test-event"> <font color="maroon"> <small> &emsp; &emsp;--- 05 May 00:02:53 899 - Page URL:: https://www.i-car.com/product/fullframeunitized-structure-pulling-strategy-and-planning</small> </font> </div>
<div class="test-event"> <font color="maroon"> <small> &emsp; &emsp;--- 05 May 00:02:53 899 - <b>0</b> - Page Load Wait: (Sync) - ICar.support.Utils.waitForPageLoad(Utils.java:109)</small> </font> </div>
<div class="test-event"> <font color="maroon"> <small> &emsp; &emsp;--- 05 May 00:02:53 910 - Catched spinner load exception due to javascript error: {"status":32,"value":"An invalid or illegal selector was specified"}
  (Session info: chrome=124.0.6367.92)
Build info: version: '4.6.0', revision: '79f1c02ae20'
System info: os.name: 'Windows 10', os.arch: 'amd64', os.version: '10.0', java.version: '17.0.7'
Driver info: org.openqa.selenium.chrome.ChromeDriver
Command: [2cf28825ea7a8a419a5b05b8e5d35d84, findElement {using=css selector, value=div[class='slds-spinner slds-spinner_brand slds-spinner_small']>div:nth-child(2)r}]
Capabilities {acceptInsecureCerts: false, browserName: chrome, browserVersion: 124.0.6367.92, chrome: {chromedriverVersion: 124.0.6367.91 (51df0e5e17a8..., userDataDir: C:\Users\PRATHA~1.KUM\AppDa...}, fedcm:accounts: true, goog:chromeOptions: {debuggerAddress: localhost:49451}, networkConnectionEnabled: false, pageLoadStrategy: normal, platformName: WINDOWS, proxy: Proxy(), se:cdp: ws://localhost:49451/devtoo..., se:cdpVersion: 124.0.6367.92, setWindowRect: true, strictFileInteractability: false, timeouts: {implicit: 0, pageLoad: 300000, script: 30000}, unhandledPromptBehavior: dismiss and notify, webauthn:extension:credBlob: true, webauthn:extension:largeBlob: true, webauthn:extension:minPinLength: true, webauthn:extension:prf: true, webauthn:virtualAuthenticators: true}
Session ID: 2cf28825ea7a8a419a5b05b8e5d35d84</small> </font> </div>
<div class="test-event"> <font color="maroon"> <small> &emsp; &emsp;--- 05 May 00:02:53 910 - <b>0</b> - Spinner Load Wait: (Sync) - ICar.support.WaitUtils.waitForSpinner(WaitUtils.java:225)</small> </font> </div>
<div class="test-message">&emsp;Error while verifying the URL page  : no such element: Unable to locate element: {"method":"xpath","selector":"//a[contains(text(),'Back to Courses')]"}
  (Session info: chrome=124.0.6367.92)
For documentation on this error, please visit: https://selenium.dev/exceptions/#no_such_element
Build info: version: '4.6.0', revision: '79f1c02ae20'
System info: os.name: 'Windows 10', os.arch: 'amd64', os.version: '10.0', java.version: '17.0.7'
Driver info: org.openqa.selenium.chrome.ChromeDriver
Command: [2cf28825ea7a8a419a5b05b8e5d35d84, findElement {using=xpath, value=//a[contains(text(),'Back to Courses')]}]
Capabilities {acceptInsecureCerts: false, browserName: chrome, browserVersion: 124.0.6367.92, chrome: {chromedriverVersion: 124.0.6367.91 (51df0e5e17a8..., userDataDir: C:\Users\PRATHA~1.KUM\AppDa...}, fedcm:accounts: true, goog:chromeOptions: {debuggerAddress: localhost:49451}, networkConnectionEnabled: false, pageLoadStrategy: normal, platformName: WINDOWS, proxy: Proxy(), se:cdp: ws://localhost:49451/devtoo..., se:cdpVersion: 124.0.6367.92, setWindowRect: true, strictFileInteractability: false, timeouts: {implicit: 0, pageLoad: 300000, script: 30000}, unhandledPromptBehavior: dismiss and notify, webauthn:extension:credBlob: true, webauthn:extension:largeBlob: true, webauthn:extension:minPinLength: true, webauthn:extension:prf: true, webauthn:virtualAuthenticators: true}
Session ID: 2cf28825ea7a8a419a5b05b8e5d35d84</div>
<div class="test-result"><font color="red">&emsp;Failed to verify Back To Course Link</font><a href=".\ScreenShot\URL_TC001_2721321564136600.png" target="_blank" >[ScreenShot]</a></div>
<!--FAILSOFT-->
<div class="test-event"> <font color="maroon"> <small> &emsp; &emsp;--- 05 May 00:03:04 160 - Catched spinner load exception due to javascript error: {"status":32,"value":"An invalid or illegal selector was specified"}
  (Session info: chrome=124.0.6367.92)
Build info: version: '4.6.0', revision: '79f1c02ae20'
System info: os.name: 'Windows 10', os.arch: 'amd64', os.version: '10.0', java.version: '17.0.7'
Driver info: org.openqa.selenium.chrome.ChromeDriver
Command: [2cf28825ea7a8a419a5b05b8e5d35d84, findElement {using=css selector, value=div[class='slds-spinner slds-spinner_brand slds-spinner_small']>div:nth-child(2)r}]
Capabilities {acceptInsecureCerts: false, browserName: chrome, browserVersion: 124.0.6367.92, chrome: {chromedriverVersion: 124.0.6367.91 (51df0e5e17a8..., userDataDir: C:\Users\PRATHA~1.KUM\AppDa...}, fedcm:accounts: true, goog:chromeOptions: {debuggerAddress: localhost:49451}, networkConnectionEnabled: false, pageLoadStrategy: normal, platformName: WINDOWS, proxy: Proxy(), se:cdp: ws://localhost:49451/devtoo..., se:cdpVersion: 124.0.6367.92, setWindowRect: true, strictFileInteractability: false, timeouts: {implicit: 0, pageLoad: 300000, script: 30000}, unhandledPromptBehavior: dismiss and notify, webauthn:extension:credBlob: true, webauthn:extension:largeBlob: true, webauthn:extension:minPinLength: true, webauthn:extension:prf: true, webauthn:virtualAuthenticators: true}
Session ID: 2cf28825ea7a8a419a5b05b8e5d35d84</small> </font> </div>
<div class="test-event"> <font color="maroon"> <small> &emsp; &emsp;--- 05 May 00:03:04 160 - <b>0</b> - Spinner Load Wait: (Sync) - ICar.support.WaitUtils.waitForSpinner(WaitUtils.java:225)</small> </font> </div>
<div class="test-event"> <font color="maroon"> <small> &emsp; &emsp;--- 05 May 00:03:04 218 - Page URL:: https://www.i-car.com/product/fullframeunitized-structure-pulling-strategy-and-planning</small> </font> </div>
<div class="test-event"> <font color="maroon"> <small> &emsp; &emsp;--- 05 May 00:03:04 218 - <b>0</b> - Page Load Wait: (Sync) - ICar.support.Utils.waitForPageLoad(Utils.java:109)</small> </font> </div>
<div class="test-event"> <font color="maroon"> <small> &emsp; &emsp;--- 05 May 00:04:42 540 - Unable to find an element after 20 sec ==> Proxy element for: AjaxElementLocator 'By.xpath: //div[@class='productDetails slds-p-bottom_large']//div[contains(@class,'slds-p-bottom_medium')]'</small> </font> </div>
<div class="test-message">&emsp;Course Name : null is not displayed in the URL page</div>
<div class="test-message">&emsp;Error while verifying the 'Course Name' in the URL page : Timed out after 3 seconds. Unable to locate the element</div>
<div class="test-result"><font color="red">&emsp;Failed to verify the course name for relevant link</font><a href=".\ScreenShot\URL_TC001_2721423403524800.png" target="_blank" >[ScreenShot]</a></div>
<!--FAILSOFT-->
<div class="test-message">&emsp;
</div>
<div class="test-message">&emsp;114. URL is : https://www.i-car.com/product/fca-witech-scan-tool-fundamentals</div>
<div class="test-event"> <font color="maroon"> <small> &emsp; &emsp;--- 05 May 00:04:46 951 - Page URL:: https://www.i-car.com/product/fca-witech-scan-tool-fundamentals</small> </font> </div>
<div class="test-event"> <font color="maroon"> <small> &emsp; &emsp;--- 05 May 00:04:46 951 - <b>0</b> - Page Load Wait: (Sync) - ICar.support.Utils.waitForPageLoad(Utils.java:109)</small> </font> </div>
<div class="test-message">&emsp;Successfully navigated to the :  https://www.i-car.com/product/fca-witech-scan-tool-fundamentals   Page&emsp;<a href=".\ScreenShot\URL_TC001_2721424567829000.png" target="_blank" >[ScreenShot]</a></div>
<div class="test-event"> <font color="maroon"> <small> &emsp; &emsp;--- 05 May 00:04:47 258 - Page URL:: https://www.i-car.com/product/fca-witech-scan-tool-fundamentals</small> </font> </div>
<div class="test-event"> <font color="maroon"> <small> &emsp; &emsp;--- 05 May 00:04:47 258 - <b>0</b> - Page Load Wait: (Sync) - ICar.support.Utils.waitForPageLoad(Utils.java:109)</small> </font> </div>
<div class="test-event"> <font color="maroon"> <small> &emsp; &emsp;--- 05 May 00:04:47 267 - Catched spinner load exception due to javascript error: {"status":32,"value":"An invalid or illegal selector was specified"}
  (Session info: chrome=124.0.6367.92)
Build info: version: '4.6.0', revision: '79f1c02ae20'
System info: os.name: 'Windows 10', os.arch: 'amd64', os.version: '10.0', java.version: '17.0.7'
Driver info: org.openqa.selenium.chrome.ChromeDriver
Command: [2cf28825ea7a8a419a5b05b8e5d35d84, findElement {using=css selector, value=div[class='slds-spinner slds-spinner_brand slds-spinner_small']>div:nth-child(2)r}]
Capabilities {acceptInsecureCerts: false, browserName: chrome, browserVersion: 124.0.6367.92, chrome: {chromedriverVersion: 124.0.6367.91 (51df0e5e17a8..., userDataDir: C:\Users\PRATHA~1.KUM\AppDa...}, fedcm:accounts: true, goog:chromeOptions: {debuggerAddress: localhost:49451}, networkConnectionEnabled: false, pageLoadStrategy: normal, platformName: WINDOWS, proxy: Proxy(), se:cdp: ws://localhost:49451/devtoo..., se:cdpVersion: 124.0.6367.92, setWindowRect: true, strictFileInteractability: false, timeouts: {implicit: 0, pageLoad: 300000, script: 30000}, unhandledPromptBehavior: dismiss and notify, webauthn:extension:credBlob: true, webauthn:extension:largeBlob: true, webauthn:extension:minPinLength: true, webauthn:extension:prf: true, webauthn:virtualAuthenticators: true}
Session ID: 2cf28825ea7a8a419a5b05b8e5d35d84</small> </font> </div>
<div class="test-event"> <font color="maroon"> <small> &emsp; &emsp;--- 05 May 00:04:47 267 - <b>0</b> - Spinner Load Wait: (Sync) - ICar.support.WaitUtils.waitForSpinner(WaitUtils.java:225)</small> </font> </div>
<div class="test-event"> <font color="maroon"> <small> &emsp; &emsp;--- 05 May 00:04:57 362 - Page URL:: https://www.i-car.com/product/fca-witech-scan-tool-fundamentals</small> </font> </div>
<div class="test-event"> <font color="maroon"> <small> &emsp; &emsp;--- 05 May 00:04:57 362 - <b>0</b> - Page Load Wait: (Sync) - ICar.support.Utils.waitForPageLoad(Utils.java:109)</small> </font> </div>
<div class="test-event"> <font color="maroon"> <small> &emsp; &emsp;--- 05 May 00:04:57 386 - Element is displayed:: [[ChromeDriver: chrome on WINDOWS (2cf28825ea7a8a419a5b05b8e5d35d84)] -> xpath: //a[contains(text(),'Back to Courses')]]</small> </font> </div>
<div class="test-event"> <font color="maroon"> <small> &emsp; &emsp;--- 05 May 00:05:04 414 - Catched spinner load exception due to javascript error: {"status":32,"value":"An invalid or illegal selector was specified"}
  (Session info: chrome=124.0.6367.92)
Build info: version: '4.6.0', revision: '79f1c02ae20'
System info: os.name: 'Windows 10', os.arch: 'amd64', os.version: '10.0', java.version: '17.0.7'
Driver info: org.openqa.selenium.chrome.ChromeDriver
Command: [2cf28825ea7a8a419a5b05b8e5d35d84, findElement {using=css selector, value=div[class='slds-spinner slds-spinner_brand slds-spinner_small']>div:nth-child(2)r}]
Capabilities {acceptInsecureCerts: false, browserName: chrome, browserVersion: 124.0.6367.92, chrome: {chromedriverVersion: 124.0.6367.91 (51df0e5e17a8..., userDataDir: C:\Users\PRATHA~1.KUM\AppDa...}, fedcm:accounts: true, goog:chromeOptions: {debuggerAddress: localhost:49451}, networkConnectionEnabled: false, pageLoadStrategy: normal, platformName: WINDOWS, proxy: Proxy(), se:cdp: ws://localhost:49451/devtoo..., se:cdpVersion: 124.0.6367.92, setWindowRect: true, strictFileInteractability: false, timeouts: {implicit: 0, pageLoad: 300000, script: 30000}, unhandledPromptBehavior: dismiss and notify, webauthn:extension:credBlob: true, webauthn:extension:largeBlob: true, webauthn:extension:minPinLength: true, webauthn:extension:prf: true, webauthn:virtualAuthenticators: true}
Session ID: 2cf28825ea7a8a419a5b05b8e5d35d84</small> </font> </div>
<div class="test-event"> <font color="maroon"> <small> &emsp; &emsp;--- 05 May 00:05:04 414 - <b>0</b> - Spinner Load Wait: (Sync) - ICar.support.WaitUtils.waitForSpinner(WaitUtils.java:225)</small> </font> </div>
<div class="test-message">&emsp;Back To Courses is displayed in the page </div>
<div class="test-message">&emsp;Successfully verified Back To Course Link&emsp;<a href=".\ScreenShot\URL_TC001_2721442045725100.png" target="_blank" >[ScreenShot]</a></div>
<div class="test-event"> <font color="maroon"> <small> &emsp; &emsp;--- 05 May 00:05:04 649 - Catched spinner load exception due to javascript error: {"status":32,"value":"An invalid or illegal selector was specified"}
  (Session info: chrome=124.0.6367.92)
Build info: version: '4.6.0', revision: '79f1c02ae20'
System info: os.name: 'Windows 10', os.arch: 'amd64', os.version: '10.0', java.version: '17.0.7'
Driver info: org.openqa.selenium.chrome.ChromeDriver
Command: [2cf28825ea7a8a419a5b05b8e5d35d84, findElement {using=css selector, value=div[class='slds-spinner slds-spinner_brand slds-spinner_small']>div:nth-child(2)r}]
Capabilities {acceptInsecureCerts: false, browserName: chrome, browserVersion: 124.0.6367.92, chrome: {chromedriverVersion: 124.0.6367.91 (51df0e5e17a8..., userDataDir: C:\Users\PRATHA~1.KUM\AppDa...}, fedcm:accounts: true, goog:chromeOptions: {debuggerAddress: localhost:49451}, networkConnectionEnabled: false, pageLoadStrategy: normal, platformName: WINDOWS, proxy: Proxy(), se:cdp: ws://localhost:49451/devtoo..., se:cdpVersion: 124.0.6367.92, setWindowRect: true, strictFileInteractability: false, timeouts: {implicit: 0, pageLoad: 300000, script: 30000}, unhandledPromptBehavior: dismiss and notify, webauthn:extension:credBlob: true, webauthn:extension:largeBlob: true, webauthn:extension:minPinLength: true, webauthn:extension:prf: true, webauthn:virtualAuthenticators: true}
Session ID: 2cf28825ea7a8a419a5b05b8e5d35d84</small> </font> </div>
<div class="test-event"> <font color="maroon"> <small> &emsp; &emsp;--- 05 May 00:05:04 649 - <b>0</b> - Spinner Load Wait: (Sync) - ICar.support.WaitUtils.waitForSpinner(WaitUtils.java:225)</small> </font> </div>
<div class="test-event"> <font color="maroon"> <small> &emsp; &emsp;--- 05 May 00:05:04 709 - Page URL:: https://www.i-car.com/product/fca-witech-scan-tool-fundamentals</small> </font> </div>
<div class="test-event"> <font color="maroon"> <small> &emsp; &emsp;--- 05 May 00:05:04 709 - <b>0</b> - Page Load Wait: (Sync) - ICar.support.Utils.waitForPageLoad(Utils.java:109)</small> </font> </div>
<div class="test-event"> <font color="maroon"> <small> &emsp; &emsp;--- 05 May 00:05:14 778 - Element is displayed:: [[ChromeDriver: chrome on WINDOWS (2cf28825ea7a8a419a5b05b8e5d35d84)] -> xpath: //div[@class='productDetails slds-p-bottom_large']//div[contains(@class,'slds-p-bottom_medium')]]</small> </font> </div>
<div class="test-message">&emsp;Course Name : FCAwiTECHScanToolFundamentals is displayed in the URL page</div>
<div class="test-message">&emsp;Successfully verified the course name for relevant link&emsp;<a href=".\ScreenShot\URL_TC001_2721460416557500.png" target="_blank" >[ScreenShot]</a></div>
<div class="test-message">&emsp;
</div>
<div class="test-message">&emsp;115. URL is : https://www.i-car.com/product/hybrid-vehicle-identification-and-damage-analysis</div>
<div class="test-event"> <font color="maroon"> <small> &emsp; &emsp;--- 05 May 00:05:23 930 - Page URL:: https://www.i-car.com/product/hybrid-vehicle-identification-and-damage-analysis</small> </font> </div>
<div class="test-event"> <font color="maroon"> <small> &emsp; &emsp;--- 05 May 00:05:23 930 - <b>0</b> - Page Load Wait: (Sync) - ICar.support.Utils.waitForPageLoad(Utils.java:109)</small> </font> </div>
<div class="test-message">&emsp;Successfully navigated to the :  https://www.i-car.com/product/hybrid-vehicle-identification-and-damage-analysis   Page&emsp;<a href=".\ScreenShot\URL_TC001_2721461546005300.png" target="_blank" >[ScreenShot]</a></div>
<div class="test-event"> <font color="maroon"> <small> &emsp; &emsp;--- 05 May 00:05:24 237 - Page URL:: https://www.i-car.com/product/hybrid-vehicle-identification-and-damage-analysis</small> </font> </div>
<div class="test-event"> <font color="maroon"> <small> &emsp; &emsp;--- 05 May 00:05:24 237 - <b>0</b> - Page Load Wait: (Sync) - ICar.support.Utils.waitForPageLoad(Utils.java:109)</small> </font> </div>
<div class="test-event"> <font color="maroon"> <small> &emsp; &emsp;--- 05 May 00:05:24 245 - Catched spinner load exception due to javascript error: {"status":32,"value":"An invalid or illegal selector was specified"}
  (Session info: chrome=124.0.6367.92)
Build info: version: '4.6.0', revision: '79f1c02ae20'
System info: os.name: 'Windows 10', os.arch: 'amd64', os.version: '10.0', java.version: '17.0.7'
Driver info: org.openqa.selenium.chrome.ChromeDriver
Command: [2cf28825ea7a8a419a5b05b8e5d35d84, findElement {using=css selector, value=div[class='slds-spinner slds-spinner_brand slds-spinner_small']>div:nth-child(2)r}]
Capabilities {acceptInsecureCerts: false, browserName: chrome, browserVersion: 124.0.6367.92, chrome: {chromedriverVersion: 124.0.6367.91 (51df0e5e17a8..., userDataDir: C:\Users\PRATHA~1.KUM\AppDa...}, fedcm:accounts: true, goog:chromeOptions: {debuggerAddress: localhost:49451}, networkConnectionEnabled: false, pageLoadStrategy: normal, platformName: WINDOWS, proxy: Proxy(), se:cdp: ws://localhost:49451/devtoo..., se:cdpVersion: 124.0.6367.92, setWindowRect: true, strictFileInteractability: false, timeouts: {implicit: 0, pageLoad: 300000, script: 30000}, unhandledPromptBehavior: dismiss and notify, webauthn:extension:credBlob: true, webauthn:extension:largeBlob: true, webauthn:extension:minPinLength: true, webauthn:extension:prf: true, webauthn:virtualAuthenticators: true}
Session ID: 2cf28825ea7a8a419a5b05b8e5d35d84</small> </font> </div>
<div class="test-event"> <font color="maroon"> <small> &emsp; &emsp;--- 05 May 00:05:24 245 - <b>0</b> - Spinner Load Wait: (Sync) - ICar.support.WaitUtils.waitForSpinner(WaitUtils.java:225)</small> </font> </div>
<div class="test-event"> <font color="maroon"> <small> &emsp; &emsp;--- 05 May 00:05:34 330 - Page URL:: https://www.i-car.com/product/hybrid-vehicle-identification-and-damage-analysis</small> </font> </div>
<div class="test-event"> <font color="maroon"> <small> &emsp; &emsp;--- 05 May 00:05:34 330 - <b>0</b> - Page Load Wait: (Sync) - ICar.support.Utils.waitForPageLoad(Utils.java:109)</small> </font> </div>
<div class="test-event"> <font color="maroon"> <small> &emsp; &emsp;--- 05 May 00:05:34 347 - Element is displayed:: [[ChromeDriver: chrome on WINDOWS (2cf28825ea7a8a419a5b05b8e5d35d84)] -> xpath: //a[contains(text(),'Back to Courses')]]</small> </font> </div>
<div class="test-event"> <font color="maroon"> <small> &emsp; &emsp;--- 05 May 00:05:41 379 - Catched spinner load exception due to javascript error: {"status":32,"value":"An invalid or illegal selector was specified"}
  (Session info: chrome=124.0.6367.92)
Build info: version: '4.6.0', revision: '79f1c02ae20'
System info: os.name: 'Windows 10', os.arch: 'amd64', os.version: '10.0', java.version: '17.0.7'
Driver info: org.openqa.selenium.chrome.ChromeDriver
Command: [2cf28825ea7a8a419a5b05b8e5d35d84, findElement {using=css selector, value=div[class='slds-spinner slds-spinner_brand slds-spinner_small']>div:nth-child(2)r}]
Capabilities {acceptInsecureCerts: false, browserName: chrome, browserVersion: 124.0.6367.92, chrome: {chromedriverVersion: 124.0.6367.91 (51df0e5e17a8..., userDataDir: C:\Users\PRATHA~1.KUM\AppDa...}, fedcm:accounts: true, goog:chromeOptions: {debuggerAddress: localhost:49451}, networkConnectionEnabled: false, pageLoadStrategy: normal, platformName: WINDOWS, proxy: Proxy(), se:cdp: ws://localhost:49451/devtoo..., se:cdpVersion: 124.0.6367.92, setWindowRect: true, strictFileInteractability: false, timeouts: {implicit: 0, pageLoad: 300000, script: 30000}, unhandledPromptBehavior: dismiss and notify, webauthn:extension:credBlob: true, webauthn:extension:largeBlob: true, webauthn:extension:minPinLength: true, webauthn:extension:prf: true, webauthn:virtualAuthenticators: true}
Session ID: 2cf28825ea7a8a419a5b05b8e5d35d84</small> </font> </div>
<div class="test-event"> <font color="maroon"> <small> &emsp; &emsp;--- 05 May 00:05:41 379 - <b>0</b> - Spinner Load Wait: (Sync) - ICar.support.WaitUtils.waitForSpinner(WaitUtils.java:225)</small> </font> </div>
<div class="test-message">&emsp;Back To Courses is displayed in the page </div>
<div class="test-message">&emsp;Successfully verified Back To Course Link&emsp;<a href=".\ScreenShot\URL_TC001_2721479005939400.png" target="_blank" >[ScreenShot]</a></div>
<div class="test-event"> <font color="maroon"> <small> &emsp; &emsp;--- 05 May 00:05:41 627 - Catched spinner load exception due to javascript error: {"status":32,"value":"An invalid or illegal selector was specified"}
  (Session info: chrome=124.0.6367.92)
Build info: version: '4.6.0', revision: '79f1c02ae20'
System info: os.name: 'Windows 10', os.arch: 'amd64', os.version: '10.0', java.version: '17.0.7'
Driver info: org.openqa.selenium.chrome.ChromeDriver
Command: [2cf28825ea7a8a419a5b05b8e5d35d84, findElement {using=css selector, value=div[class='slds-spinner slds-spinner_brand slds-spinner_small']>div:nth-child(2)r}]
Capabilities {acceptInsecureCerts: false, browserName: chrome, browserVersion: 124.0.6367.92, chrome: {chromedriverVersion: 124.0.6367.91 (51df0e5e17a8..., userDataDir: C:\Users\PRATHA~1.KUM\AppDa...}, fedcm:accounts: true, goog:chromeOptions: {debuggerAddress: localhost:49451}, networkConnectionEnabled: false, pageLoadStrategy: normal, platformName: WINDOWS, proxy: Proxy(), se:cdp: ws://localhost:49451/devtoo..., se:cdpVersion: 124.0.6367.92, setWindowRect: true, strictFileInteractability: false, timeouts: {implicit: 0, pageLoad: 300000, script: 30000}, unhandledPromptBehavior: dismiss and notify, webauthn:extension:credBlob: true, webauthn:extension:largeBlob: true, webauthn:extension:minPinLength: true, webauthn:extension:prf: true, webauthn:virtualAuthenticators: true}
Session ID: 2cf28825ea7a8a419a5b05b8e5d35d84</small> </font> </div>
<div class="test-event"> <font color="maroon"> <small> &emsp; &emsp;--- 05 May 00:05:41 627 - <b>0</b> - Spinner Load Wait: (Sync) - ICar.support.WaitUtils.waitForSpinner(WaitUtils.java:225)</small> </font> </div>
<div class="test-event"> <font color="maroon"> <small> &emsp; &emsp;--- 05 May 00:05:41 687 - Page URL:: https://www.i-car.com/product/hybrid-vehicle-identification-and-damage-analysis</small> </font> </div>
<div class="test-event"> <font color="maroon"> <small> &emsp; &emsp;--- 05 May 00:05:41 687 - <b>0</b> - Page Load Wait: (Sync) - ICar.support.Utils.waitForPageLoad(Utils.java:109)</small> </font> </div>
<div class="test-event"> <font color="maroon"> <small> &emsp; &emsp;--- 05 May 00:05:51 748 - Element is displayed:: [[ChromeDriver: chrome on WINDOWS (2cf28825ea7a8a419a5b05b8e5d35d84)] -> xpath: //div[@class='productDetails slds-p-bottom_large']//div[contains(@class,'slds-p-bottom_medium')]]</small> </font> </div>
<div class="test-message">&emsp;Course Name : HybridVehicleIdentificationandDamageAnalysis is displayed in the URL page</div>
<div class="test-message">&emsp;Successfully verified the course name for relevant link&emsp;<a href=".\ScreenShot\URL_TC001_2721497390159500.png" target="_blank" >[ScreenShot]</a></div>
<div class="test-message">&emsp;
</div>
<div class="test-message">&emsp;116. URL is : https://www.i-car.com/product/one-and-two-part-applicators</div>
<div class="test-event"> <font color="maroon"> <small> &emsp; &emsp;--- 05 May 00:06:01 141 - Page URL:: https://www.i-car.com/product/one-and-two-part-applicators</small> </font> </div>
<div class="test-event"> <font color="maroon"> <small> &emsp; &emsp;--- 05 May 00:06:01 141 - <b>0</b> - Page Load Wait: (Sync) - ICar.support.Utils.waitForPageLoad(Utils.java:109)</small> </font> </div>
<div class="test-message">&emsp;Successfully navigated to the :  https://www.i-car.com/product/one-and-two-part-applicators   Page&emsp;<a href=".\ScreenShot\URL_TC001_2721498756586600.png" target="_blank" >[ScreenShot]</a></div>
<div class="test-event"> <font color="maroon"> <small> &emsp; &emsp;--- 05 May 00:06:01 439 - Page URL:: https://www.i-car.com/product/one-and-two-part-applicators</small> </font> </div>
<div class="test-event"> <font color="maroon"> <small> &emsp; &emsp;--- 05 May 00:06:01 439 - <b>0</b> - Page Load Wait: (Sync) - ICar.support.Utils.waitForPageLoad(Utils.java:109)</small> </font> </div>
<div class="test-event"> <font color="maroon"> <small> &emsp; &emsp;--- 05 May 00:06:01 449 - Catched spinner load exception due to javascript error: {"status":32,"value":"An invalid or illegal selector was specified"}
  (Session info: chrome=124.0.6367.92)
Build info: version: '4.6.0', revision: '79f1c02ae20'
System info: os.name: 'Windows 10', os.arch: 'amd64', os.version: '10.0', java.version: '17.0.7'
Driver info: org.openqa.selenium.chrome.ChromeDriver
Command: [2cf28825ea7a8a419a5b05b8e5d35d84, findElement {using=css selector, value=div[class='slds-spinner slds-spinner_brand slds-spinner_small']>div:nth-child(2)r}]
Capabilities {acceptInsecureCerts: false, browserName: chrome, browserVersion: 124.0.6367.92, chrome: {chromedriverVersion: 124.0.6367.91 (51df0e5e17a8..., userDataDir: C:\Users\PRATHA~1.KUM\AppDa...}, fedcm:accounts: true, goog:chromeOptions: {debuggerAddress: localhost:49451}, networkConnectionEnabled: false, pageLoadStrategy: normal, platformName: WINDOWS, proxy: Proxy(), se:cdp: ws://localhost:49451/devtoo..., se:cdpVersion: 124.0.6367.92, setWindowRect: true, strictFileInteractability: false, timeouts: {implicit: 0, pageLoad: 300000, script: 30000}, unhandledPromptBehavior: dismiss and notify, webauthn:extension:credBlob: true, webauthn:extension:largeBlob: true, webauthn:extension:minPinLength: true, webauthn:extension:prf: true, webauthn:virtualAuthenticators: true}
Session ID: 2cf28825ea7a8a419a5b05b8e5d35d84</small> </font> </div>
<div class="test-event"> <font color="maroon"> <small> &emsp; &emsp;--- 05 May 00:06:01 449 - <b>0</b> - Spinner Load Wait: (Sync) - ICar.support.WaitUtils.waitForSpinner(WaitUtils.java:225)</small> </font> </div>
<div class="test-event"> <font color="maroon"> <small> &emsp; &emsp;--- 05 May 00:06:11 530 - Page URL:: https://www.i-car.com/product/one-and-two-part-applicators</small> </font> </div>
<div class="test-event"> <font color="maroon"> <small> &emsp; &emsp;--- 05 May 00:06:11 530 - <b>0</b> - Page Load Wait: (Sync) - ICar.support.Utils.waitForPageLoad(Utils.java:109)</small> </font> </div>
<div class="test-event"> <font color="maroon"> <small> &emsp; &emsp;--- 05 May 00:06:11 548 - Element is displayed:: [[ChromeDriver: chrome on WINDOWS (2cf28825ea7a8a419a5b05b8e5d35d84)] -> xpath: //a[contains(text(),'Back to Courses')]]</small> </font> </div>
<div class="test-event"> <font color="maroon"> <small> &emsp; &emsp;--- 05 May 00:06:18 582 - Catched spinner load exception due to javascript error: {"status":32,"value":"An invalid or illegal selector was specified"}
  (Session info: chrome=124.0.6367.92)
Build info: version: '4.6.0', revision: '79f1c02ae20'
System info: os.name: 'Windows 10', os.arch: 'amd64', os.version: '10.0', java.version: '17.0.7'
Driver info: org.openqa.selenium.chrome.ChromeDriver
Command: [2cf28825ea7a8a419a5b05b8e5d35d84, findElement {using=css selector, value=div[class='slds-spinner slds-spinner_brand slds-spinner_small']>div:nth-child(2)r}]
Capabilities {acceptInsecureCerts: false, browserName: chrome, browserVersion: 124.0.6367.92, chrome: {chromedriverVersion: 124.0.6367.91 (51df0e5e17a8..., userDataDir: C:\Users\PRATHA~1.KUM\AppDa...}, fedcm:accounts: true, goog:chromeOptions: {debuggerAddress: localhost:49451}, networkConnectionEnabled: false, pageLoadStrategy: normal, platformName: WINDOWS, proxy: Proxy(), se:cdp: ws://localhost:49451/devtoo..., se:cdpVersion: 124.0.6367.92, setWindowRect: true, strictFileInteractability: false, timeouts: {implicit: 0, pageLoad: 300000, script: 30000}, unhandledPromptBehavior: dismiss and notify, webauthn:extension:credBlob: true, webauthn:extension:largeBlob: true, webauthn:extension:minPinLength: true, webauthn:extension:prf: true, webauthn:virtualAuthenticators: true}
Session ID: 2cf28825ea7a8a419a5b05b8e5d35d84</small> </font> </div>
<div class="test-event"> <font color="maroon"> <small> &emsp; &emsp;--- 05 May 00:06:18 582 - <b>0</b> - Spinner Load Wait: (Sync) - ICar.support.WaitUtils.waitForSpinner(WaitUtils.java:225)</small> </font> </div>
<div class="test-message">&emsp;Back To Courses is displayed in the page </div>
<div class="test-message">&emsp;Successfully verified Back To Course Link&emsp;<a href=".\ScreenShot\URL_TC001_2721516208666200.png" target="_blank" >[ScreenShot]</a></div>
<div class="test-event"> <font color="maroon"> <small> &emsp; &emsp;--- 05 May 00:06:18 860 - Catched spinner load exception due to javascript error: {"status":32,"value":"An invalid or illegal selector was specified"}
  (Session info: chrome=124.0.6367.92)
Build info: version: '4.6.0', revision: '79f1c02ae20'
System info: os.name: 'Windows 10', os.arch: 'amd64', os.version: '10.0', java.version: '17.0.7'
Driver info: org.openqa.selenium.chrome.ChromeDriver
Command: [2cf28825ea7a8a419a5b05b8e5d35d84, findElement {using=css selector, value=div[class='slds-spinner slds-spinner_brand slds-spinner_small']>div:nth-child(2)r}]
Capabilities {acceptInsecureCerts: false, browserName: chrome, browserVersion: 124.0.6367.92, chrome: {chromedriverVersion: 124.0.6367.91 (51df0e5e17a8..., userDataDir: C:\Users\PRATHA~1.KUM\AppDa...}, fedcm:accounts: true, goog:chromeOptions: {debuggerAddress: localhost:49451}, networkConnectionEnabled: false, pageLoadStrategy: normal, platformName: WINDOWS, proxy: Proxy(), se:cdp: ws://localhost:49451/devtoo..., se:cdpVersion: 124.0.6367.92, setWindowRect: true, strictFileInteractability: false, timeouts: {implicit: 0, pageLoad: 300000, script: 30000}, unhandledPromptBehavior: dismiss and notify, webauthn:extension:credBlob: true, webauthn:extension:largeBlob: true, webauthn:extension:minPinLength: true, webauthn:extension:prf: true, webauthn:virtualAuthenticators: true}
Session ID: 2cf28825ea7a8a419a5b05b8e5d35d84</small> </font> </div>
<div class="test-event"> <font color="maroon"> <small> &emsp; &emsp;--- 05 May 00:06:18 860 - <b>0</b> - Spinner Load Wait: (Sync) - ICar.support.WaitUtils.waitForSpinner(WaitUtils.java:225)</small> </font> </div>
<div class="test-event"> <font color="maroon"> <small> &emsp; &emsp;--- 05 May 00:06:18 932 - Page URL:: https://www.i-car.com/product/one-and-two-part-applicators</small> </font> </div>
<div class="test-event"> <font color="maroon"> <small> &emsp; &emsp;--- 05 May 00:06:18 932 - <b>0</b> - Page Load Wait: (Sync) - ICar.support.Utils.waitForPageLoad(Utils.java:109)</small> </font> </div>
<div class="test-event"> <font color="maroon"> <small> &emsp; &emsp;--- 05 May 00:06:28 988 - Element is displayed:: [[ChromeDriver: chrome on WINDOWS (2cf28825ea7a8a419a5b05b8e5d35d84)] -> xpath: //div[@class='productDetails slds-p-bottom_large']//div[contains(@class,'slds-p-bottom_medium')]]</small> </font> </div>
<div class="test-message">&emsp;Course Name : OneandTwoPartApplicators is displayed in the URL page</div>
<div class="test-message">&emsp;Successfully verified the course name for relevant link&emsp;<a href=".\ScreenShot\URL_TC001_2721534629009800.png" target="_blank" >[ScreenShot]</a></div>
<div class="test-message">&emsp;
</div>
<div class="test-message">&emsp;117. URL is : https://www.i-car.com/product/ford-collision-repair-overview</div>
<div class="test-event"> <font color="maroon"> <small> &emsp; &emsp;--- 05 May 00:06:38 527 - Page URL:: https://www.i-car.com/product/ford-collision-repair-overview</small> </font> </div>
<div class="test-event"> <font color="maroon"> <small> &emsp; &emsp;--- 05 May 00:06:38 527 - <b>0</b> - Page Load Wait: (Sync) - ICar.support.Utils.waitForPageLoad(Utils.java:109)</small> </font> </div>
<div class="test-message">&emsp;Successfully navigated to the :  https://www.i-car.com/product/ford-collision-repair-overview   Page&emsp;<a href=".\ScreenShot\URL_TC001_2721536142441900.png" target="_blank" >[ScreenShot]</a></div>
<div class="test-event"> <font color="maroon"> <small> &emsp; &emsp;--- 05 May 00:06:38 811 - Page URL:: https://www.i-car.com/product/ford-collision-repair-overview</small> </font> </div>
<div class="test-event"> <font color="maroon"> <small> &emsp; &emsp;--- 05 May 00:06:38 811 - <b>0</b> - Page Load Wait: (Sync) - ICar.support.Utils.waitForPageLoad(Utils.java:109)</small> </font> </div>
<div class="test-event"> <font color="maroon"> <small> &emsp; &emsp;--- 05 May 00:06:38 820 - Catched spinner load exception due to javascript error: {"status":32,"value":"An invalid or illegal selector was specified"}
  (Session info: chrome=124.0.6367.92)
Build info: version: '4.6.0', revision: '79f1c02ae20'
System info: os.name: 'Windows 10', os.arch: 'amd64', os.version: '10.0', java.version: '17.0.7'
Driver info: org.openqa.selenium.chrome.ChromeDriver
Command: [2cf28825ea7a8a419a5b05b8e5d35d84, findElement {using=css selector, value=div[class='slds-spinner slds-spinner_brand slds-spinner_small']>div:nth-child(2)r}]
Capabilities {acceptInsecureCerts: false, browserName: chrome, browserVersion: 124.0.6367.92, chrome: {chromedriverVersion: 124.0.6367.91 (51df0e5e17a8..., userDataDir: C:\Users\PRATHA~1.KUM\AppDa...}, fedcm:accounts: true, goog:chromeOptions: {debuggerAddress: localhost:49451}, networkConnectionEnabled: false, pageLoadStrategy: normal, platformName: WINDOWS, proxy: Proxy(), se:cdp: ws://localhost:49451/devtoo..., se:cdpVersion: 124.0.6367.92, setWindowRect: true, strictFileInteractability: false, timeouts: {implicit: 0, pageLoad: 300000, script: 30000}, unhandledPromptBehavior: dismiss and notify, webauthn:extension:credBlob: true, webauthn:extension:largeBlob: true, webauthn:extension:minPinLength: true, webauthn:extension:prf: true, webauthn:virtualAuthenticators: true}
Session ID: 2cf28825ea7a8a419a5b05b8e5d35d84</small> </font> </div>
<div class="test-event"> <font color="maroon"> <small> &emsp; &emsp;--- 05 May 00:06:38 820 - <b>0</b> - Spinner Load Wait: (Sync) - ICar.support.WaitUtils.waitForSpinner(WaitUtils.java:225)</small> </font> </div>
<div class="test-event"> <font color="maroon"> <small> &emsp; &emsp;--- 05 May 00:06:48 902 - Page URL:: https://www.i-car.com/product/ford-collision-repair-overview</small> </font> </div>
<div class="test-event"> <font color="maroon"> <small> &emsp; &emsp;--- 05 May 00:06:48 902 - <b>0</b> - Page Load Wait: (Sync) - ICar.support.Utils.waitForPageLoad(Utils.java:109)</small> </font> </div>
<div class="test-event"> <font color="maroon"> <small> &emsp; &emsp;--- 05 May 00:06:48 919 - Element is displayed:: [[ChromeDriver: chrome on WINDOWS (2cf28825ea7a8a419a5b05b8e5d35d84)] -> xpath: //a[contains(text(),'Back to Courses')]]</small> </font> </div>
<div class="test-event"> <font color="maroon"> <small> &emsp; &emsp;--- 05 May 00:06:55 979 - Catched spinner load exception due to javascript error: {"status":32,"value":"An invalid or illegal selector was specified"}
  (Session info: chrome=124.0.6367.92)
Build info: version: '4.6.0', revision: '79f1c02ae20'
System info: os.name: 'Windows 10', os.arch: 'amd64', os.version: '10.0', java.version: '17.0.7'
Driver info: org.openqa.selenium.chrome.ChromeDriver
Command: [2cf28825ea7a8a419a5b05b8e5d35d84, findElement {using=css selector, value=div[class='slds-spinner slds-spinner_brand slds-spinner_small']>div:nth-child(2)r}]
Capabilities {acceptInsecureCerts: false, browserName: chrome, browserVersion: 124.0.6367.92, chrome: {chromedriverVersion: 124.0.6367.91 (51df0e5e17a8..., userDataDir: C:\Users\PRATHA~1.KUM\AppDa...}, fedcm:accounts: true, goog:chromeOptions: {debuggerAddress: localhost:49451}, networkConnectionEnabled: false, pageLoadStrategy: normal, platformName: WINDOWS, proxy: Proxy(), se:cdp: ws://localhost:49451/devtoo..., se:cdpVersion: 124.0.6367.92, setWindowRect: true, strictFileInteractability: false, timeouts: {implicit: 0, pageLoad: 300000, script: 30000}, unhandledPromptBehavior: dismiss and notify, webauthn:extension:credBlob: true, webauthn:extension:largeBlob: true, webauthn:extension:minPinLength: true, webauthn:extension:prf: true, webauthn:virtualAuthenticators: true}
Session ID: 2cf28825ea7a8a419a5b05b8e5d35d84</small> </font> </div>
<div class="test-event"> <font color="maroon"> <small> &emsp; &emsp;--- 05 May 00:06:55 979 - <b>0</b> - Spinner Load Wait: (Sync) - ICar.support.WaitUtils.waitForSpinner(WaitUtils.java:225)</small> </font> </div>
<div class="test-message">&emsp;Back To Courses is displayed in the page </div>
<div class="test-message">&emsp;Successfully verified Back To Course Link&emsp;<a href=".\ScreenShot\URL_TC001_2721553610327600.png" target="_blank" >[ScreenShot]</a></div>
<div class="test-event"> <font color="maroon"> <small> &emsp; &emsp;--- 05 May 00:06:56 207 - Catched spinner load exception due to javascript error: {"status":32,"value":"An invalid or illegal selector was specified"}
  (Session info: chrome=124.0.6367.92)
Build info: version: '4.6.0', revision: '79f1c02ae20'
System info: os.name: 'Windows 10', os.arch: 'amd64', os.version: '10.0', java.version: '17.0.7'
Driver info: org.openqa.selenium.chrome.ChromeDriver
Command: [2cf28825ea7a8a419a5b05b8e5d35d84, findElement {using=css selector, value=div[class='slds-spinner slds-spinner_brand slds-spinner_small']>div:nth-child(2)r}]
Capabilities {acceptInsecureCerts: false, browserName: chrome, browserVersion: 124.0.6367.92, chrome: {chromedriverVersion: 124.0.6367.91 (51df0e5e17a8..., userDataDir: C:\Users\PRATHA~1.KUM\AppDa...}, fedcm:accounts: true, goog:chromeOptions: {debuggerAddress: localhost:49451}, networkConnectionEnabled: false, pageLoadStrategy: normal, platformName: WINDOWS, proxy: Proxy(), se:cdp: ws://localhost:49451/devtoo..., se:cdpVersion: 124.0.6367.92, setWindowRect: true, strictFileInteractability: false, timeouts: {implicit: 0, pageLoad: 300000, script: 30000}, unhandledPromptBehavior: dismiss and notify, webauthn:extension:credBlob: true, webauthn:extension:largeBlob: true, webauthn:extension:minPinLength: true, webauthn:extension:prf: true, webauthn:virtualAuthenticators: true}
Session ID: 2cf28825ea7a8a419a5b05b8e5d35d84</small> </font> </div>
<div class="test-event"> <font color="maroon"> <small> &emsp; &emsp;--- 05 May 00:06:56 207 - <b>0</b> - Spinner Load Wait: (Sync) - ICar.support.WaitUtils.waitForSpinner(WaitUtils.java:225)</small> </font> </div>
<div class="test-event"> <font color="maroon"> <small> &emsp; &emsp;--- 05 May 00:06:56 269 - Page URL:: https://www.i-car.com/product/ford-collision-repair-overview</small> </font> </div>
<div class="test-event"> <font color="maroon"> <small> &emsp; &emsp;--- 05 May 00:06:56 269 - <b>0</b> - Page Load Wait: (Sync) - ICar.support.Utils.waitForPageLoad(Utils.java:109)</small> </font> </div>
<div class="test-event"> <font color="maroon"> <small> &emsp; &emsp;--- 05 May 00:07:06 325 - Element is displayed:: [[ChromeDriver: chrome on WINDOWS (2cf28825ea7a8a419a5b05b8e5d35d84)] -> xpath: //div[@class='productDetails slds-p-bottom_large']//div[contains(@class,'slds-p-bottom_medium')]]</small> </font> </div>
<div class="test-message">&emsp;Course Name : FordCollisionRepairOverview is displayed in the URL page</div>
<div class="test-message">&emsp;Successfully verified the course name for relevant link&emsp;<a href=".\ScreenShot\URL_TC001_2721571971976700.png" target="_blank" >[ScreenShot]</a></div>
<div class="test-message">&emsp;
</div>
<div class="test-message">&emsp;118. URL is : https://www.i-car.com/product/gyspot-evolution-pti-spot-welder-setup-and-operation</div>
<div class="test-event"> <font color="maroon"> <small> &emsp; &emsp;--- 05 May 00:07:15 765 - Page URL:: https://www.i-car.com/product/gyspot-evolution-pti-spot-welder-setup-and-operation</small> </font> </div>
<div class="test-event"> <font color="maroon"> <small> &emsp; &emsp;--- 05 May 00:07:15 765 - <b>0</b> - Page Load Wait: (Sync) - ICar.support.Utils.waitForPageLoad(Utils.java:109)</small> </font> </div>
<div class="test-message">&emsp;Successfully navigated to the :  https://www.i-car.com/product/gyspot-evolution-pti-spot-welder-setup-and-operation   Page&emsp;<a href=".\ScreenShot\URL_TC001_2721573380898700.png" target="_blank" >[ScreenShot]</a></div>
<div class="test-event"> <font color="maroon"> <small> &emsp; &emsp;--- 05 May 00:07:16 032 - Page URL:: https://www.i-car.com/product/gyspot-evolution-pti-spot-welder-setup-and-operation</small> </font> </div>
<div class="test-event"> <font color="maroon"> <small> &emsp; &emsp;--- 05 May 00:07:16 032 - <b>0</b> - Page Load Wait: (Sync) - ICar.support.Utils.waitForPageLoad(Utils.java:109)</small> </font> </div>
<div class="test-event"> <font color="maroon"> <small> &emsp; &emsp;--- 05 May 00:07:16 041 - Catched spinner load exception due to javascript error: {"status":32,"value":"An invalid or illegal selector was specified"}
  (Session info: chrome=124.0.6367.92)
Build info: version: '4.6.0', revision: '79f1c02ae20'
System info: os.name: 'Windows 10', os.arch: 'amd64', os.version: '10.0', java.version: '17.0.7'
Driver info: org.openqa.selenium.chrome.ChromeDriver
Command: [2cf28825ea7a8a419a5b05b8e5d35d84, findElement {using=css selector, value=div[class='slds-spinner slds-spinner_brand slds-spinner_small']>div:nth-child(2)r}]
Capabilities {acceptInsecureCerts: false, browserName: chrome, browserVersion: 124.0.6367.92, chrome: {chromedriverVersion: 124.0.6367.91 (51df0e5e17a8..., userDataDir: C:\Users\PRATHA~1.KUM\AppDa...}, fedcm:accounts: true, goog:chromeOptions: {debuggerAddress: localhost:49451}, networkConnectionEnabled: false, pageLoadStrategy: normal, platformName: WINDOWS, proxy: Proxy(), se:cdp: ws://localhost:49451/devtoo..., se:cdpVersion: 124.0.6367.92, setWindowRect: true, strictFileInteractability: false, timeouts: {implicit: 0, pageLoad: 300000, script: 30000}, unhandledPromptBehavior: dismiss and notify, webauthn:extension:credBlob: true, webauthn:extension:largeBlob: true, webauthn:extension:minPinLength: true, webauthn:extension:prf: true, webauthn:virtualAuthenticators: true}
Session ID: 2cf28825ea7a8a419a5b05b8e5d35d84</small> </font> </div>
<div class="test-event"> <font color="maroon"> <small> &emsp; &emsp;--- 05 May 00:07:16 041 - <b>0</b> - Spinner Load Wait: (Sync) - ICar.support.WaitUtils.waitForSpinner(WaitUtils.java:225)</small> </font> </div>
<div class="test-event"> <font color="maroon"> <small> &emsp; &emsp;--- 05 May 00:07:26 160 - Page URL:: https://www.i-car.com/product/gyspot-evolution-pti-spot-welder-setup-and-operation</small> </font> </div>
<div class="test-event"> <font color="maroon"> <small> &emsp; &emsp;--- 05 May 00:07:26 160 - <b>0</b> - Page Load Wait: (Sync) - ICar.support.Utils.waitForPageLoad(Utils.java:109)</small> </font> </div>
<div class="test-event"> <font color="maroon"> <small> &emsp; &emsp;--- 05 May 00:07:26 178 - Element is displayed:: [[ChromeDriver: chrome on WINDOWS (2cf28825ea7a8a419a5b05b8e5d35d84)] -> xpath: //a[contains(text(),'Back to Courses')]]</small> </font> </div>
<div class="test-event"> <font color="maroon"> <small> &emsp; &emsp;--- 05 May 00:07:33 208 - Catched spinner load exception due to javascript error: {"status":32,"value":"An invalid or illegal selector was specified"}
  (Session info: chrome=124.0.6367.92)
Build info: version: '4.6.0', revision: '79f1c02ae20'
System info: os.name: 'Windows 10', os.arch: 'amd64', os.version: '10.0', java.version: '17.0.7'
Driver info: org.openqa.selenium.chrome.ChromeDriver
Command: [2cf28825ea7a8a419a5b05b8e5d35d84, findElement {using=css selector, value=div[class='slds-spinner slds-spinner_brand slds-spinner_small']>div:nth-child(2)r}]
Capabilities {acceptInsecureCerts: false, browserName: chrome, browserVersion: 124.0.6367.92, chrome: {chromedriverVersion: 124.0.6367.91 (51df0e5e17a8..., userDataDir: C:\Users\PRATHA~1.KUM\AppDa...}, fedcm:accounts: true, goog:chromeOptions: {debuggerAddress: localhost:49451}, networkConnectionEnabled: false, pageLoadStrategy: normal, platformName: WINDOWS, proxy: Proxy(), se:cdp: ws://localhost:49451/devtoo..., se:cdpVersion: 124.0.6367.92, setWindowRect: true, strictFileInteractability: false, timeouts: {implicit: 0, pageLoad: 300000, script: 30000}, unhandledPromptBehavior: dismiss and notify, webauthn:extension:credBlob: true, webauthn:extension:largeBlob: true, webauthn:extension:minPinLength: true, webauthn:extension:prf: true, webauthn:virtualAuthenticators: true}
Session ID: 2cf28825ea7a8a419a5b05b8e5d35d84</small> </font> </div>
<div class="test-event"> <font color="maroon"> <small> &emsp; &emsp;--- 05 May 00:07:33 208 - <b>0</b> - Spinner Load Wait: (Sync) - ICar.support.WaitUtils.waitForSpinner(WaitUtils.java:225)</small> </font> </div>
<div class="test-message">&emsp;Back To Courses is displayed in the page </div>
<div class="test-message">&emsp;Successfully verified Back To Course Link&emsp;<a href=".\ScreenShot\URL_TC001_2721590834087700.png" target="_blank" >[ScreenShot]</a></div>
<div class="test-event"> <font color="maroon"> <small> &emsp; &emsp;--- 05 May 00:07:33 487 - Catched spinner load exception due to javascript error: {"status":32,"value":"An invalid or illegal selector was specified"}
  (Session info: chrome=124.0.6367.92)
Build info: version: '4.6.0', revision: '79f1c02ae20'
System info: os.name: 'Windows 10', os.arch: 'amd64', os.version: '10.0', java.version: '17.0.7'
Driver info: org.openqa.selenium.chrome.ChromeDriver
Command: [2cf28825ea7a8a419a5b05b8e5d35d84, findElement {using=css selector, value=div[class='slds-spinner slds-spinner_brand slds-spinner_small']>div:nth-child(2)r}]
Capabilities {acceptInsecureCerts: false, browserName: chrome, browserVersion: 124.0.6367.92, chrome: {chromedriverVersion: 124.0.6367.91 (51df0e5e17a8..., userDataDir: C:\Users\PRATHA~1.KUM\AppDa...}, fedcm:accounts: true, goog:chromeOptions: {debuggerAddress: localhost:49451}, networkConnectionEnabled: false, pageLoadStrategy: normal, platformName: WINDOWS, proxy: Proxy(), se:cdp: ws://localhost:49451/devtoo..., se:cdpVersion: 124.0.6367.92, setWindowRect: true, strictFileInteractability: false, timeouts: {implicit: 0, pageLoad: 300000, script: 30000}, unhandledPromptBehavior: dismiss and notify, webauthn:extension:credBlob: true, webauthn:extension:largeBlob: true, webauthn:extension:minPinLength: true, webauthn:extension:prf: true, webauthn:virtualAuthenticators: true}
Session ID: 2cf28825ea7a8a419a5b05b8e5d35d84</small> </font> </div>
<div class="test-event"> <font color="maroon"> <small> &emsp; &emsp;--- 05 May 00:07:33 487 - <b>0</b> - Spinner Load Wait: (Sync) - ICar.support.WaitUtils.waitForSpinner(WaitUtils.java:225)</small> </font> </div>
<div class="test-event"> <font color="maroon"> <small> &emsp; &emsp;--- 05 May 00:07:33 548 - Page URL:: https://www.i-car.com/product/gyspot-evolution-pti-spot-welder-setup-and-operation</small> </font> </div>
<div class="test-event"> <font color="maroon"> <small> &emsp; &emsp;--- 05 May 00:07:33 548 - <b>0</b> - Page Load Wait: (Sync) - ICar.support.Utils.waitForPageLoad(Utils.java:109)</small> </font> </div>
<div class="test-event"> <font color="maroon"> <small> &emsp; &emsp;--- 05 May 00:07:43 641 - Element is displayed:: [[ChromeDriver: chrome on WINDOWS (2cf28825ea7a8a419a5b05b8e5d35d84)] -> xpath: //div[@class='productDetails slds-p-bottom_large']//div[contains(@class,'slds-p-bottom_medium')]]</small> </font> </div>
<div class="test-message">&emsp;Course Name : GYSPOTEvolutionPTISpotWelderSetupandOperation is displayed in the URL page</div>
<div class="test-message">&emsp;Successfully verified the course name for relevant link&emsp;<a href=".\ScreenShot\URL_TC001_2721609283547800.png" target="_blank" >[ScreenShot]</a></div>
<div class="test-message">&emsp;
</div>
<div class="test-message">&emsp;119. URL is : https://www.i-car.com/product/honda-and-acura-blind-spot-information-and-crosstraffic-monitor</div>
<div class="test-event"> <font color="maroon"> <small> &emsp; &emsp;--- 05 May 00:07:52 887 - Page URL:: https://www.i-car.com/product/honda-and-acura-blind-spot-information-and-crosstraffic-monitor</small> </font> </div>
<div class="test-event"> <font color="maroon"> <small> &emsp; &emsp;--- 05 May 00:07:52 887 - <b>0</b> - Page Load Wait: (Sync) - ICar.support.Utils.waitForPageLoad(Utils.java:109)</small> </font> </div>
<div class="test-message">&emsp;Successfully navigated to the :  https://www.i-car.com/product/honda-and-acura-blind-spot-information-and-crosstraffic-monitor   Page&emsp;<a href=".\ScreenShot\URL_TC001_2721610502643400.png" target="_blank" >[ScreenShot]</a></div>
<div class="test-event"> <font color="maroon"> <small> &emsp; &emsp;--- 05 May 00:07:53 188 - Page URL:: https://www.i-car.com/product/honda-and-acura-blind-spot-information-and-crosstraffic-monitor</small> </font> </div>
<div class="test-event"> <font color="maroon"> <small> &emsp; &emsp;--- 05 May 00:07:53 188 - <b>0</b> - Page Load Wait: (Sync) - ICar.support.Utils.waitForPageLoad(Utils.java:109)</small> </font> </div>
<div class="test-event"> <font color="maroon"> <small> &emsp; &emsp;--- 05 May 00:07:53 196 - Catched spinner load exception due to javascript error: {"status":32,"value":"An invalid or illegal selector was specified"}
  (Session info: chrome=124.0.6367.92)
Build info: version: '4.6.0', revision: '79f1c02ae20'
System info: os.name: 'Windows 10', os.arch: 'amd64', os.version: '10.0', java.version: '17.0.7'
Driver info: org.openqa.selenium.chrome.ChromeDriver
Command: [2cf28825ea7a8a419a5b05b8e5d35d84, findElement {using=css selector, value=div[class='slds-spinner slds-spinner_brand slds-spinner_small']>div:nth-child(2)r}]
Capabilities {acceptInsecureCerts: false, browserName: chrome, browserVersion: 124.0.6367.92, chrome: {chromedriverVersion: 124.0.6367.91 (51df0e5e17a8..., userDataDir: C:\Users\PRATHA~1.KUM\AppDa...}, fedcm:accounts: true, goog:chromeOptions: {debuggerAddress: localhost:49451}, networkConnectionEnabled: false, pageLoadStrategy: normal, platformName: WINDOWS, proxy: Proxy(), se:cdp: ws://localhost:49451/devtoo..., se:cdpVersion: 124.0.6367.92, setWindowRect: true, strictFileInteractability: false, timeouts: {implicit: 0, pageLoad: 300000, script: 30000}, unhandledPromptBehavior: dismiss and notify, webauthn:extension:credBlob: true, webauthn:extension:largeBlob: true, webauthn:extension:minPinLength: true, webauthn:extension:prf: true, webauthn:virtualAuthenticators: true}
Session ID: 2cf28825ea7a8a419a5b05b8e5d35d84</small> </font> </div>
<div class="test-event"> <font color="maroon"> <small> &emsp; &emsp;--- 05 May 00:07:53 197 - <b>0</b> - Spinner Load Wait: (Sync) - ICar.support.WaitUtils.waitForSpinner(WaitUtils.java:225)</small> </font> </div>
<div class="test-event"> <font color="maroon"> <small> &emsp; &emsp;--- 05 May 00:08:03 289 - Page URL:: https://www.i-car.com/product/honda-and-acura-blind-spot-information-and-crosstraffic-monitor</small> </font> </div>
<div class="test-event"> <font color="maroon"> <small> &emsp; &emsp;--- 05 May 00:08:03 289 - <b>0</b> - Page Load Wait: (Sync) - ICar.support.Utils.waitForPageLoad(Utils.java:109)</small> </font> </div>
<div class="test-event"> <font color="maroon"> <small> &emsp; &emsp;--- 05 May 00:08:03 304 - Element is displayed:: [[ChromeDriver: chrome on WINDOWS (2cf28825ea7a8a419a5b05b8e5d35d84)] -> xpath: //a[contains(text(),'Back to Courses')]]</small> </font> </div>
<div class="test-event"> <font color="maroon"> <small> &emsp; &emsp;--- 05 May 00:08:10 324 - Catched spinner load exception due to javascript error: {"status":32,"value":"An invalid or illegal selector was specified"}
  (Session info: chrome=124.0.6367.92)
Build info: version: '4.6.0', revision: '79f1c02ae20'
System info: os.name: 'Windows 10', os.arch: 'amd64', os.version: '10.0', java.version: '17.0.7'
Driver info: org.openqa.selenium.chrome.ChromeDriver
Command: [2cf28825ea7a8a419a5b05b8e5d35d84, findElement {using=css selector, value=div[class='slds-spinner slds-spinner_brand slds-spinner_small']>div:nth-child(2)r}]
Capabilities {acceptInsecureCerts: false, browserName: chrome, browserVersion: 124.0.6367.92, chrome: {chromedriverVersion: 124.0.6367.91 (51df0e5e17a8..., userDataDir: C:\Users\PRATHA~1.KUM\AppDa...}, fedcm:accounts: true, goog:chromeOptions: {debuggerAddress: localhost:49451}, networkConnectionEnabled: false, pageLoadStrategy: normal, platformName: WINDOWS, proxy: Proxy(), se:cdp: ws://localhost:49451/devtoo..., se:cdpVersion: 124.0.6367.92, setWindowRect: true, strictFileInteractability: false, timeouts: {implicit: 0, pageLoad: 300000, script: 30000}, unhandledPromptBehavior: dismiss and notify, webauthn:extension:credBlob: true, webauthn:extension:largeBlob: true, webauthn:extension:minPinLength: true, webauthn:extension:prf: true, webauthn:virtualAuthenticators: true}
Session ID: 2cf28825ea7a8a419a5b05b8e5d35d84</small> </font> </div>
<div class="test-event"> <font color="maroon"> <small> &emsp; &emsp;--- 05 May 00:08:10 324 - <b>0</b> - Spinner Load Wait: (Sync) - ICar.support.WaitUtils.waitForSpinner(WaitUtils.java:225)</small> </font> </div>
<div class="test-message">&emsp;Back To Courses is displayed in the page </div>
<div class="test-message">&emsp;Successfully verified Back To Course Link&emsp;<a href=".\ScreenShot\URL_TC001_2721627950255600.png" target="_blank" >[ScreenShot]</a></div>
<div class="test-event"> <font color="maroon"> <small> &emsp; &emsp;--- 05 May 00:08:10 559 - Catched spinner load exception due to javascript error: {"status":32,"value":"An invalid or illegal selector was specified"}
  (Session info: chrome=124.0.6367.92)
Build info: version: '4.6.0', revision: '79f1c02ae20'
System info: os.name: 'Windows 10', os.arch: 'amd64', os.version: '10.0', java.version: '17.0.7'
Driver info: org.openqa.selenium.chrome.ChromeDriver
Command: [2cf28825ea7a8a419a5b05b8e5d35d84, findElement {using=css selector, value=div[class='slds-spinner slds-spinner_brand slds-spinner_small']>div:nth-child(2)r}]
Capabilities {acceptInsecureCerts: false, browserName: chrome, browserVersion: 124.0.6367.92, chrome: {chromedriverVersion: 124.0.6367.91 (51df0e5e17a8..., userDataDir: C:\Users\PRATHA~1.KUM\AppDa...}, fedcm:accounts: true, goog:chromeOptions: {debuggerAddress: localhost:49451}, networkConnectionEnabled: false, pageLoadStrategy: normal, platformName: WINDOWS, proxy: Proxy(), se:cdp: ws://localhost:49451/devtoo..., se:cdpVersion: 124.0.6367.92, setWindowRect: true, strictFileInteractability: false, timeouts: {implicit: 0, pageLoad: 300000, script: 30000}, unhandledPromptBehavior: dismiss and notify, webauthn:extension:credBlob: true, webauthn:extension:largeBlob: true, webauthn:extension:minPinLength: true, webauthn:extension:prf: true, webauthn:virtualAuthenticators: true}
Session ID: 2cf28825ea7a8a419a5b05b8e5d35d84</small> </font> </div>
<div class="test-event"> <font color="maroon"> <small> &emsp; &emsp;--- 05 May 00:08:10 559 - <b>0</b> - Spinner Load Wait: (Sync) - ICar.support.WaitUtils.waitForSpinner(WaitUtils.java:225)</small> </font> </div>
<div class="test-event"> <font color="maroon"> <small> &emsp; &emsp;--- 05 May 00:08:10 619 - Page URL:: https://www.i-car.com/product/honda-and-acura-blind-spot-information-and-crosstraffic-monitor</small> </font> </div>
<div class="test-event"> <font color="maroon"> <small> &emsp; &emsp;--- 05 May 00:08:10 619 - <b>0</b> - Page Load Wait: (Sync) - ICar.support.Utils.waitForPageLoad(Utils.java:109)</small> </font> </div>
<div class="test-event"> <font color="maroon"> <small> &emsp; &emsp;--- 05 May 00:08:20 673 - Element is displayed:: [[ChromeDriver: chrome on WINDOWS (2cf28825ea7a8a419a5b05b8e5d35d84)] -> xpath: //div[@class='productDetails slds-p-bottom_large']//div[contains(@class,'slds-p-bottom_medium')]]</small> </font> </div>
<div class="test-message">&emsp;Course Name : HondaandAcuraBlindSpotInformationandCrossTrafficMonitor is displayed in the URL page</div>
<div class="test-message">&emsp;Successfully verified the course name for relevant link&emsp;<a href=".\ScreenShot\URL_TC001_2721646306826300.png" target="_blank" >[ScreenShot]</a></div>
<div class="test-message">&emsp;
</div>
<div class="test-message">&emsp;120. URL is : https://www.i-car.com/product/honda-lanewatch</div>
<div class="test-event"> <font color="maroon"> <small> &emsp; &emsp;--- 05 May 00:08:30 098 - Page URL:: https://www.i-car.com/product/honda-lanewatch</small> </font> </div>
<div class="test-event"> <font color="maroon"> <small> &emsp; &emsp;--- 05 May 00:08:30 098 - <b>0</b> - Page Load Wait: (Sync) - ICar.support.Utils.waitForPageLoad(Utils.java:109)</small> </font> </div>
<div class="test-message">&emsp;Successfully navigated to the :  https://www.i-car.com/product/honda-lanewatch   Page&emsp;<a href=".\ScreenShot\URL_TC001_2721647714220600.png" target="_blank" >[ScreenShot]</a></div>
<div class="test-event"> <font color="maroon"> <small> &emsp; &emsp;--- 05 May 00:08:30 370 - Page URL:: https://www.i-car.com/product/honda-lanewatch</small> </font> </div>
<div class="test-event"> <font color="maroon"> <small> &emsp; &emsp;--- 05 May 00:08:30 370 - <b>0</b> - Page Load Wait: (Sync) - ICar.support.Utils.waitForPageLoad(Utils.java:109)</small> </font> </div>
<div class="test-event"> <font color="maroon"> <small> &emsp; &emsp;--- 05 May 00:08:30 381 - Catched spinner load exception due to javascript error: {"status":32,"value":"An invalid or illegal selector was specified"}
  (Session info: chrome=124.0.6367.92)
Build info: version: '4.6.0', revision: '79f1c02ae20'
System info: os.name: 'Windows 10', os.arch: 'amd64', os.version: '10.0', java.version: '17.0.7'
Driver info: org.openqa.selenium.chrome.ChromeDriver
Command: [2cf28825ea7a8a419a5b05b8e5d35d84, findElement {using=css selector, value=div[class='slds-spinner slds-spinner_brand slds-spinner_small']>div:nth-child(2)r}]
Capabilities {acceptInsecureCerts: false, browserName: chrome, browserVersion: 124.0.6367.92, chrome: {chromedriverVersion: 124.0.6367.91 (51df0e5e17a8..., userDataDir: C:\Users\PRATHA~1.KUM\AppDa...}, fedcm:accounts: true, goog:chromeOptions: {debuggerAddress: localhost:49451}, networkConnectionEnabled: false, pageLoadStrategy: normal, platformName: WINDOWS, proxy: Proxy(), se:cdp: ws://localhost:49451/devtoo..., se:cdpVersion: 124.0.6367.92, setWindowRect: true, strictFileInteractability: false, timeouts: {implicit: 0, pageLoad: 300000, script: 30000}, unhandledPromptBehavior: dismiss and notify, webauthn:extension:credBlob: true, webauthn:extension:largeBlob: true, webauthn:extension:minPinLength: true, webauthn:extension:prf: true, webauthn:virtualAuthenticators: true}
Session ID: 2cf28825ea7a8a419a5b05b8e5d35d84</small> </font> </div>
<div class="test-event"> <font color="maroon"> <small> &emsp; &emsp;--- 05 May 00:08:30 381 - <b>0</b> - Spinner Load Wait: (Sync) - ICar.support.WaitUtils.waitForSpinner(WaitUtils.java:225)</small> </font> </div>
<div class="test-event"> <font color="maroon"> <small> &emsp; &emsp;--- 05 May 00:08:40 469 - Page URL:: https://www.i-car.com/product/honda-lanewatch</small> </font> </div>
<div class="test-event"> <font color="maroon"> <small> &emsp; &emsp;--- 05 May 00:08:40 469 - <b>0</b> - Page Load Wait: (Sync) - ICar.support.Utils.waitForPageLoad(Utils.java:109)</small> </font> </div>
<div class="test-event"> <font color="maroon"> <small> &emsp; &emsp;--- 05 May 00:08:40 488 - Element is displayed:: [[ChromeDriver: chrome on WINDOWS (2cf28825ea7a8a419a5b05b8e5d35d84)] -> xpath: //a[contains(text(),'Back to Courses')]]</small> </font> </div>
<div class="test-event"> <font color="maroon"> <small> &emsp; &emsp;--- 05 May 00:08:47 522 - Catched spinner load exception due to javascript error: {"status":32,"value":"An invalid or illegal selector was specified"}
  (Session info: chrome=124.0.6367.92)
Build info: version: '4.6.0', revision: '79f1c02ae20'
System info: os.name: 'Windows 10', os.arch: 'amd64', os.version: '10.0', java.version: '17.0.7'
Driver info: org.openqa.selenium.chrome.ChromeDriver
Command: [2cf28825ea7a8a419a5b05b8e5d35d84, findElement {using=css selector, value=div[class='slds-spinner slds-spinner_brand slds-spinner_small']>div:nth-child(2)r}]
Capabilities {acceptInsecureCerts: false, browserName: chrome, browserVersion: 124.0.6367.92, chrome: {chromedriverVersion: 124.0.6367.91 (51df0e5e17a8..., userDataDir: C:\Users\PRATHA~1.KUM\AppDa...}, fedcm:accounts: true, goog:chromeOptions: {debuggerAddress: localhost:49451}, networkConnectionEnabled: false, pageLoadStrategy: normal, platformName: WINDOWS, proxy: Proxy(), se:cdp: ws://localhost:49451/devtoo..., se:cdpVersion: 124.0.6367.92, setWindowRect: true, strictFileInteractability: false, timeouts: {implicit: 0, pageLoad: 300000, script: 30000}, unhandledPromptBehavior: dismiss and notify, webauthn:extension:credBlob: true, webauthn:extension:largeBlob: true, webauthn:extension:minPinLength: true, webauthn:extension:prf: true, webauthn:virtualAuthenticators: true}
Session ID: 2cf28825ea7a8a419a5b05b8e5d35d84</small> </font> </div>
<div class="test-event"> <font color="maroon"> <small> &emsp; &emsp;--- 05 May 00:08:47 522 - <b>0</b> - Spinner Load Wait: (Sync) - ICar.support.WaitUtils.waitForSpinner(WaitUtils.java:225)</small> </font> </div>
<div class="test-message">&emsp;Back To Courses is displayed in the page </div>
<div class="test-message">&emsp;Successfully verified Back To Course Link&emsp;<a href=".\ScreenShot\URL_TC001_2721665154735300.png" target="_blank" >[ScreenShot]</a></div>
<div class="test-event"> <font color="maroon"> <small> &emsp; &emsp;--- 05 May 00:08:47 860 - Catched spinner load exception due to javascript error: {"status":32,"value":"An invalid or illegal selector was specified"}
  (Session info: chrome=124.0.6367.92)
Build info: version: '4.6.0', revision: '79f1c02ae20'
System info: os.name: 'Windows 10', os.arch: 'amd64', os.version: '10.0', java.version: '17.0.7'
Driver info: org.openqa.selenium.chrome.ChromeDriver
Command: [2cf28825ea7a8a419a5b05b8e5d35d84, findElement {using=css selector, value=div[class='slds-spinner slds-spinner_brand slds-spinner_small']>div:nth-child(2)r}]
Capabilities {acceptInsecureCerts: false, browserName: chrome, browserVersion: 124.0.6367.92, chrome: {chromedriverVersion: 124.0.6367.91 (51df0e5e17a8..., userDataDir: C:\Users\PRATHA~1.KUM\AppDa...}, fedcm:accounts: true, goog:chromeOptions: {debuggerAddress: localhost:49451}, networkConnectionEnabled: false, pageLoadStrategy: normal, platformName: WINDOWS, proxy: Proxy(), se:cdp: ws://localhost:49451/devtoo..., se:cdpVersion: 124.0.6367.92, setWindowRect: true, strictFileInteractability: false, timeouts: {implicit: 0, pageLoad: 300000, script: 30000}, unhandledPromptBehavior: dismiss and notify, webauthn:extension:credBlob: true, webauthn:extension:largeBlob: true, webauthn:extension:minPinLength: true, webauthn:extension:prf: true, webauthn:virtualAuthenticators: true}
Session ID: 2cf28825ea7a8a419a5b05b8e5d35d84</small> </font> </div>
<div class="test-event"> <font color="maroon"> <small> &emsp; &emsp;--- 05 May 00:08:47 860 - <b>0</b> - Spinner Load Wait: (Sync) - ICar.support.WaitUtils.waitForSpinner(WaitUtils.java:225)</small> </font> </div>
<div class="test-event"> <font color="maroon"> <small> &emsp; &emsp;--- 05 May 00:08:47 923 - Page URL:: https://www.i-car.com/product/honda-lanewatch</small> </font> </div>
<div class="test-event"> <font color="maroon"> <small> &emsp; &emsp;--- 05 May 00:08:47 923 - <b>0</b> - Page Load Wait: (Sync) - ICar.support.Utils.waitForPageLoad(Utils.java:109)</small> </font> </div>
<div class="test-event"> <font color="maroon"> <small> &emsp; &emsp;--- 05 May 00:08:57 973 - Element is displayed:: [[ChromeDriver: chrome on WINDOWS (2cf28825ea7a8a419a5b05b8e5d35d84)] -> xpath: //div[@class='productDetails slds-p-bottom_large']//div[contains(@class,'slds-p-bottom_medium')]]</small> </font> </div>
<div class="test-message">&emsp;Course Name : HondaLaneWatch is displayed in the URL page</div>
<div class="test-message">&emsp;Successfully verified the course name for relevant link&emsp;<a href=".\ScreenShot\URL_TC001_2721683603821600.png" target="_blank" >[ScreenShot]</a></div>
<div class="test-message">&emsp;
</div>
<div class="test-message">&emsp;121. URL is : https://www.i-car.com/product/pointtopoint-measuring-tools</div>
<div class="test-event"> <font color="maroon"> <small> &emsp; &emsp;--- 05 May 00:09:07 379 - Page URL:: https://www.i-car.com/product/pointtopoint-measuring-tools</small> </font> </div>
<div class="test-event"> <font color="maroon"> <small> &emsp; &emsp;--- 05 May 00:09:07 379 - <b>0</b> - Page Load Wait: (Sync) - ICar.support.Utils.waitForPageLoad(Utils.java:109)</small> </font> </div>
<div class="test-message">&emsp;Successfully navigated to the :  https://www.i-car.com/product/pointtopoint-measuring-tools   Page&emsp;<a href=".\ScreenShot\URL_TC001_2721684994867600.png" target="_blank" >[ScreenShot]</a></div>
<div class="test-event"> <font color="maroon"> <small> &emsp; &emsp;--- 05 May 00:09:07 658 - Page URL:: https://www.i-car.com/product/pointtopoint-measuring-tools</small> </font> </div>
<div class="test-event"> <font color="maroon"> <small> &emsp; &emsp;--- 05 May 00:09:07 658 - <b>0</b> - Page Load Wait: (Sync) - ICar.support.Utils.waitForPageLoad(Utils.java:109)</small> </font> </div>
<div class="test-event"> <font color="maroon"> <small> &emsp; &emsp;--- 05 May 00:09:07 668 - Catched spinner load exception due to javascript error: {"status":32,"value":"An invalid or illegal selector was specified"}
  (Session info: chrome=124.0.6367.92)
Build info: version: '4.6.0', revision: '79f1c02ae20'
System info: os.name: 'Windows 10', os.arch: 'amd64', os.version: '10.0', java.version: '17.0.7'
Driver info: org.openqa.selenium.chrome.ChromeDriver
Command: [2cf28825ea7a8a419a5b05b8e5d35d84, findElement {using=css selector, value=div[class='slds-spinner slds-spinner_brand slds-spinner_small']>div:nth-child(2)r}]
Capabilities {acceptInsecureCerts: false, browserName: chrome, browserVersion: 124.0.6367.92, chrome: {chromedriverVersion: 124.0.6367.91 (51df0e5e17a8..., userDataDir: C:\Users\PRATHA~1.KUM\AppDa...}, fedcm:accounts: true, goog:chromeOptions: {debuggerAddress: localhost:49451}, networkConnectionEnabled: false, pageLoadStrategy: normal, platformName: WINDOWS, proxy: Proxy(), se:cdp: ws://localhost:49451/devtoo..., se:cdpVersion: 124.0.6367.92, setWindowRect: true, strictFileInteractability: false, timeouts: {implicit: 0, pageLoad: 300000, script: 30000}, unhandledPromptBehavior: dismiss and notify, webauthn:extension:credBlob: true, webauthn:extension:largeBlob: true, webauthn:extension:minPinLength: true, webauthn:extension:prf: true, webauthn:virtualAuthenticators: true}
Session ID: 2cf28825ea7a8a419a5b05b8e5d35d84</small> </font> </div>
<div class="test-event"> <font color="maroon"> <small> &emsp; &emsp;--- 05 May 00:09:07 668 - <b>0</b> - Spinner Load Wait: (Sync) - ICar.support.WaitUtils.waitForSpinner(WaitUtils.java:225)</small> </font> </div>
<div class="test-event"> <font color="maroon"> <small> &emsp; &emsp;--- 05 May 00:09:17 757 - Page URL:: https://www.i-car.com/product/pointtopoint-measuring-tools</small> </font> </div>
<div class="test-event"> <font color="maroon"> <small> &emsp; &emsp;--- 05 May 00:09:17 757 - <b>0</b> - Page Load Wait: (Sync) - ICar.support.Utils.waitForPageLoad(Utils.java:109)</small> </font> </div>
<div class="test-event"> <font color="maroon"> <small> &emsp; &emsp;--- 05 May 00:09:17 776 - Element is displayed:: [[ChromeDriver: chrome on WINDOWS (2cf28825ea7a8a419a5b05b8e5d35d84)] -> xpath: //a[contains(text(),'Back to Courses')]]</small> </font> </div>
<div class="test-event"> <font color="maroon"> <small> &emsp; &emsp;--- 05 May 00:09:24 807 - Catched spinner load exception due to javascript error: {"status":32,"value":"An invalid or illegal selector was specified"}
  (Session info: chrome=124.0.6367.92)
Build info: version: '4.6.0', revision: '79f1c02ae20'
System info: os.name: 'Windows 10', os.arch: 'amd64', os.version: '10.0', java.version: '17.0.7'
Driver info: org.openqa.selenium.chrome.ChromeDriver
Command: [2cf28825ea7a8a419a5b05b8e5d35d84, findElement {using=css selector, value=div[class='slds-spinner slds-spinner_brand slds-spinner_small']>div:nth-child(2)r}]
Capabilities {acceptInsecureCerts: false, browserName: chrome, browserVersion: 124.0.6367.92, chrome: {chromedriverVersion: 124.0.6367.91 (51df0e5e17a8..., userDataDir: C:\Users\PRATHA~1.KUM\AppDa...}, fedcm:accounts: true, goog:chromeOptions: {debuggerAddress: localhost:49451}, networkConnectionEnabled: false, pageLoadStrategy: normal, platformName: WINDOWS, proxy: Proxy(), se:cdp: ws://localhost:49451/devtoo..., se:cdpVersion: 124.0.6367.92, setWindowRect: true, strictFileInteractability: false, timeouts: {implicit: 0, pageLoad: 300000, script: 30000}, unhandledPromptBehavior: dismiss and notify, webauthn:extension:credBlob: true, webauthn:extension:largeBlob: true, webauthn:extension:minPinLength: true, webauthn:extension:prf: true, webauthn:virtualAuthenticators: true}
Session ID: 2cf28825ea7a8a419a5b05b8e5d35d84</small> </font> </div>
<div class="test-event"> <font color="maroon"> <small> &emsp; &emsp;--- 05 May 00:09:24 807 - <b>0</b> - Spinner Load Wait: (Sync) - ICar.support.WaitUtils.waitForSpinner(WaitUtils.java:225)</small> </font> </div>
<div class="test-message">&emsp;Back To Courses is displayed in the page </div>
<div class="test-message">&emsp;Successfully verified Back To Course Link&emsp;<a href=".\ScreenShot\URL_TC001_2721702433348300.png" target="_blank" >[ScreenShot]</a></div>
<div class="test-event"> <font color="maroon"> <small> &emsp; &emsp;--- 05 May 00:09:25 103 - Catched spinner load exception due to javascript error: {"status":32,"value":"An invalid or illegal selector was specified"}
  (Session info: chrome=124.0.6367.92)
Build info: version: '4.6.0', revision: '79f1c02ae20'
System info: os.name: 'Windows 10', os.arch: 'amd64', os.version: '10.0', java.version: '17.0.7'
Driver info: org.openqa.selenium.chrome.ChromeDriver
Command: [2cf28825ea7a8a419a5b05b8e5d35d84, findElement {using=css selector, value=div[class='slds-spinner slds-spinner_brand slds-spinner_small']>div:nth-child(2)r}]
Capabilities {acceptInsecureCerts: false, browserName: chrome, browserVersion: 124.0.6367.92, chrome: {chromedriverVersion: 124.0.6367.91 (51df0e5e17a8..., userDataDir: C:\Users\PRATHA~1.KUM\AppDa...}, fedcm:accounts: true, goog:chromeOptions: {debuggerAddress: localhost:49451}, networkConnectionEnabled: false, pageLoadStrategy: normal, platformName: WINDOWS, proxy: Proxy(), se:cdp: ws://localhost:49451/devtoo..., se:cdpVersion: 124.0.6367.92, setWindowRect: true, strictFileInteractability: false, timeouts: {implicit: 0, pageLoad: 300000, script: 30000}, unhandledPromptBehavior: dismiss and notify, webauthn:extension:credBlob: true, webauthn:extension:largeBlob: true, webauthn:extension:minPinLength: true, webauthn:extension:prf: true, webauthn:virtualAuthenticators: true}
Session ID: 2cf28825ea7a8a419a5b05b8e5d35d84</small> </font> </div>
<div class="test-event"> <font color="maroon"> <small> &emsp; &emsp;--- 05 May 00:09:25 103 - <b>0</b> - Spinner Load Wait: (Sync) - ICar.support.WaitUtils.waitForSpinner(WaitUtils.java:225)</small> </font> </div>
<div class="test-event"> <font color="maroon"> <small> &emsp; &emsp;--- 05 May 00:09:25 171 - Page URL:: https://www.i-car.com/product/pointtopoint-measuring-tools</small> </font> </div>
<div class="test-event"> <font color="maroon"> <small> &emsp; &emsp;--- 05 May 00:09:25 171 - <b>0</b> - Page Load Wait: (Sync) - ICar.support.Utils.waitForPageLoad(Utils.java:109)</small> </font> </div>
<div class="test-event"> <font color="maroon"> <small> &emsp; &emsp;--- 05 May 00:09:35 236 - Element is displayed:: [[ChromeDriver: chrome on WINDOWS (2cf28825ea7a8a419a5b05b8e5d35d84)] -> xpath: //div[@class='productDetails slds-p-bottom_large']//div[contains(@class,'slds-p-bottom_medium')]]</small> </font> </div>
<div class="test-message">&emsp;Course Name : PointToPointMeasuringTools is displayed in the URL page</div>
<div class="test-message">&emsp;Successfully verified the course name for relevant link&emsp;<a href=".\ScreenShot\URL_TC001_2721720868239800.png" target="_blank" >[ScreenShot]</a></div>
<div class="test-message">&emsp;
</div>
<div class="test-message">&emsp;122. URL is : https://www.i-car.com/product/air-hammers-and-attachments</div>
<div class="test-event"> <font color="maroon"> <small> &emsp; &emsp;--- 05 May 00:09:44 726 - Page URL:: https://www.i-car.com/product/air-hammers-and-attachments</small> </font> </div>
<div class="test-event"> <font color="maroon"> <small> &emsp; &emsp;--- 05 May 00:09:44 727 - <b>0</b> - Page Load Wait: (Sync) - ICar.support.Utils.waitForPageLoad(Utils.java:109)</small> </font> </div>
<div class="test-message">&emsp;Successfully navigated to the :  https://www.i-car.com/product/air-hammers-and-attachments   Page&emsp;<a href=".\ScreenShot\URL_TC001_2721722342045900.png" target="_blank" >[ScreenShot]</a></div>
<div class="test-event"> <font color="maroon"> <small> &emsp; &emsp;--- 05 May 00:09:45 011 - Page URL:: https://www.i-car.com/product/air-hammers-and-attachments</small> </font> </div>
<div class="test-event"> <font color="maroon"> <small> &emsp; &emsp;--- 05 May 00:09:45 011 - <b>0</b> - Page Load Wait: (Sync) - ICar.support.Utils.waitForPageLoad(Utils.java:109)</small> </font> </div>
<div class="test-event"> <font color="maroon"> <small> &emsp; &emsp;--- 05 May 00:09:45 019 - Catched spinner load exception due to javascript error: {"status":32,"value":"An invalid or illegal selector was specified"}
  (Session info: chrome=124.0.6367.92)
Build info: version: '4.6.0', revision: '79f1c02ae20'
System info: os.name: 'Windows 10', os.arch: 'amd64', os.version: '10.0', java.version: '17.0.7'
Driver info: org.openqa.selenium.chrome.ChromeDriver
Command: [2cf28825ea7a8a419a5b05b8e5d35d84, findElement {using=css selector, value=div[class='slds-spinner slds-spinner_brand slds-spinner_small']>div:nth-child(2)r}]
Capabilities {acceptInsecureCerts: false, browserName: chrome, browserVersion: 124.0.6367.92, chrome: {chromedriverVersion: 124.0.6367.91 (51df0e5e17a8..., userDataDir: C:\Users\PRATHA~1.KUM\AppDa...}, fedcm:accounts: true, goog:chromeOptions: {debuggerAddress: localhost:49451}, networkConnectionEnabled: false, pageLoadStrategy: normal, platformName: WINDOWS, proxy: Proxy(), se:cdp: ws://localhost:49451/devtoo..., se:cdpVersion: 124.0.6367.92, setWindowRect: true, strictFileInteractability: false, timeouts: {implicit: 0, pageLoad: 300000, script: 30000}, unhandledPromptBehavior: dismiss and notify, webauthn:extension:credBlob: true, webauthn:extension:largeBlob: true, webauthn:extension:minPinLength: true, webauthn:extension:prf: true, webauthn:virtualAuthenticators: true}
Session ID: 2cf28825ea7a8a419a5b05b8e5d35d84</small> </font> </div>
<div class="test-event"> <font color="maroon"> <small> &emsp; &emsp;--- 05 May 00:09:45 019 - <b>0</b> - Spinner Load Wait: (Sync) - ICar.support.WaitUtils.waitForSpinner(WaitUtils.java:225)</small> </font> </div>
<div class="test-event"> <font color="maroon"> <small> &emsp; &emsp;--- 05 May 00:09:55 092 - Page URL:: https://www.i-car.com/product/air-hammers-and-attachments</small> </font> </div>
<div class="test-event"> <font color="maroon"> <small> &emsp; &emsp;--- 05 May 00:09:55 092 - <b>0</b> - Page Load Wait: (Sync) - ICar.support.Utils.waitForPageLoad(Utils.java:109)</small> </font> </div>
<div class="test-event"> <font color="maroon"> <small> &emsp; &emsp;--- 05 May 00:09:55 110 - Element is displayed:: [[ChromeDriver: chrome on WINDOWS (2cf28825ea7a8a419a5b05b8e5d35d84)] -> xpath: //a[contains(text(),'Back to Courses')]]</small> </font> </div>
<div class="test-event"> <font color="maroon"> <small> &emsp; &emsp;--- 05 May 00:10:02 147 - Catched spinner load exception due to javascript error: {"status":32,"value":"An invalid or illegal selector was specified"}
  (Session info: chrome=124.0.6367.92)
Build info: version: '4.6.0', revision: '79f1c02ae20'
System info: os.name: 'Windows 10', os.arch: 'amd64', os.version: '10.0', java.version: '17.0.7'
Driver info: org.openqa.selenium.chrome.ChromeDriver
Command: [2cf28825ea7a8a419a5b05b8e5d35d84, findElement {using=css selector, value=div[class='slds-spinner slds-spinner_brand slds-spinner_small']>div:nth-child(2)r}]
Capabilities {acceptInsecureCerts: false, browserName: chrome, browserVersion: 124.0.6367.92, chrome: {chromedriverVersion: 124.0.6367.91 (51df0e5e17a8..., userDataDir: C:\Users\PRATHA~1.KUM\AppDa...}, fedcm:accounts: true, goog:chromeOptions: {debuggerAddress: localhost:49451}, networkConnectionEnabled: false, pageLoadStrategy: normal, platformName: WINDOWS, proxy: Proxy(), se:cdp: ws://localhost:49451/devtoo..., se:cdpVersion: 124.0.6367.92, setWindowRect: true, strictFileInteractability: false, timeouts: {implicit: 0, pageLoad: 300000, script: 30000}, unhandledPromptBehavior: dismiss and notify, webauthn:extension:credBlob: true, webauthn:extension:largeBlob: true, webauthn:extension:minPinLength: true, webauthn:extension:prf: true, webauthn:virtualAuthenticators: true}
Session ID: 2cf28825ea7a8a419a5b05b8e5d35d84</small> </font> </div>
<div class="test-event"> <font color="maroon"> <small> &emsp; &emsp;--- 05 May 00:10:02 147 - <b>0</b> - Spinner Load Wait: (Sync) - ICar.support.WaitUtils.waitForSpinner(WaitUtils.java:225)</small> </font> </div>
<div class="test-message">&emsp;Back To Courses is displayed in the page </div>
<div class="test-message">&emsp;Successfully verified Back To Course Link&emsp;<a href=".\ScreenShot\URL_TC001_2721739772864100.png" target="_blank" >[ScreenShot]</a></div>
<div class="test-event"> <font color="maroon"> <small> &emsp; &emsp;--- 05 May 00:10:02 534 - Catched spinner load exception due to javascript error: {"status":32,"value":"An invalid or illegal selector was specified"}
  (Session info: chrome=124.0.6367.92)
Build info: version: '4.6.0', revision: '79f1c02ae20'
System info: os.name: 'Windows 10', os.arch: 'amd64', os.version: '10.0', java.version: '17.0.7'
Driver info: org.openqa.selenium.chrome.ChromeDriver
Command: [2cf28825ea7a8a419a5b05b8e5d35d84, findElement {using=css selector, value=div[class='slds-spinner slds-spinner_brand slds-spinner_small']>div:nth-child(2)r}]
Capabilities {acceptInsecureCerts: false, browserName: chrome, browserVersion: 124.0.6367.92, chrome: {chromedriverVersion: 124.0.6367.91 (51df0e5e17a8..., userDataDir: C:\Users\PRATHA~1.KUM\AppDa...}, fedcm:accounts: true, goog:chromeOptions: {debuggerAddress: localhost:49451}, networkConnectionEnabled: false, pageLoadStrategy: normal, platformName: WINDOWS, proxy: Proxy(), se:cdp: ws://localhost:49451/devtoo..., se:cdpVersion: 124.0.6367.92, setWindowRect: true, strictFileInteractability: false, timeouts: {implicit: 0, pageLoad: 300000, script: 30000}, unhandledPromptBehavior: dismiss and notify, webauthn:extension:credBlob: true, webauthn:extension:largeBlob: true, webauthn:extension:minPinLength: true, webauthn:extension:prf: true, webauthn:virtualAuthenticators: true}
Session ID: 2cf28825ea7a8a419a5b05b8e5d35d84</small> </font> </div>
<div class="test-event"> <font color="maroon"> <small> &emsp; &emsp;--- 05 May 00:10:02 534 - <b>0</b> - Spinner Load Wait: (Sync) - ICar.support.WaitUtils.waitForSpinner(WaitUtils.java:225)</small> </font> </div>
<div class="test-event"> <font color="maroon"> <small> &emsp; &emsp;--- 05 May 00:10:02 599 - Page URL:: https://www.i-car.com/product/air-hammers-and-attachments</small> </font> </div>
<div class="test-event"> <font color="maroon"> <small> &emsp; &emsp;--- 05 May 00:10:02 600 - <b>0</b> - Page Load Wait: (Sync) - ICar.support.Utils.waitForPageLoad(Utils.java:109)</small> </font> </div>
<div class="test-event"> <font color="maroon"> <small> &emsp; &emsp;--- 05 May 00:10:12 649 - Element is displayed:: [[ChromeDriver: chrome on WINDOWS (2cf28825ea7a8a419a5b05b8e5d35d84)] -> xpath: //div[@class='productDetails slds-p-bottom_large']//div[contains(@class,'slds-p-bottom_medium')]]</small> </font> </div>
<div class="test-message">&emsp;Course Name : AirHammersandAttachments is displayed in the URL page</div>
<div class="test-message">&emsp;Successfully verified the course name for relevant link&emsp;<a href=".\ScreenShot\URL_TC001_2721758287263600.png" target="_blank" >[ScreenShot]</a></div>
<div class="test-message">&emsp;
</div>
<div class="test-message">&emsp;123. URL is : https://www.i-car.com/product/pl2-adas-technician</div>
<div class="test-event"> <font color="maroon"> <small> &emsp; &emsp;--- 05 May 00:10:22 111 - Page URL:: https://www.i-car.com/product/pl2-adas-technician</small> </font> </div>
<div class="test-event"> <font color="maroon"> <small> &emsp; &emsp;--- 05 May 00:10:22 111 - <b>0</b> - Page Load Wait: (Sync) - ICar.support.Utils.waitForPageLoad(Utils.java:109)</small> </font> </div>
<div class="test-message">&emsp;Successfully navigated to the :  https://www.i-car.com/product/pl2-adas-technician   Page&emsp;<a href=".\ScreenShot\URL_TC001_2721759725491700.png" target="_blank" >[ScreenShot]</a></div>
<div class="test-event"> <font color="maroon"> <small> &emsp; &emsp;--- 05 May 00:10:22 348 - Page URL:: https://www.i-car.com/product/pl2-adas-technician</small> </font> </div>
<div class="test-event"> <font color="maroon"> <small> &emsp; &emsp;--- 05 May 00:10:22 348 - <b>0</b> - Page Load Wait: (Sync) - ICar.support.Utils.waitForPageLoad(Utils.java:109)</small> </font> </div>
<div class="test-event"> <font color="maroon"> <small> &emsp; &emsp;--- 05 May 00:10:22 357 - Catched spinner load exception due to javascript error: {"status":32,"value":"An invalid or illegal selector was specified"}
  (Session info: chrome=124.0.6367.92)
Build info: version: '4.6.0', revision: '79f1c02ae20'
System info: os.name: 'Windows 10', os.arch: 'amd64', os.version: '10.0', java.version: '17.0.7'
Driver info: org.openqa.selenium.chrome.ChromeDriver
Command: [2cf28825ea7a8a419a5b05b8e5d35d84, findElement {using=css selector, value=div[class='slds-spinner slds-spinner_brand slds-spinner_small']>div:nth-child(2)r}]
Capabilities {acceptInsecureCerts: false, browserName: chrome, browserVersion: 124.0.6367.92, chrome: {chromedriverVersion: 124.0.6367.91 (51df0e5e17a8..., userDataDir: C:\Users\PRATHA~1.KUM\AppDa...}, fedcm:accounts: true, goog:chromeOptions: {debuggerAddress: localhost:49451}, networkConnectionEnabled: false, pageLoadStrategy: normal, platformName: WINDOWS, proxy: Proxy(), se:cdp: ws://localhost:49451/devtoo..., se:cdpVersion: 124.0.6367.92, setWindowRect: true, strictFileInteractability: false, timeouts: {implicit: 0, pageLoad: 300000, script: 30000}, unhandledPromptBehavior: dismiss and notify, webauthn:extension:credBlob: true, webauthn:extension:largeBlob: true, webauthn:extension:minPinLength: true, webauthn:extension:prf: true, webauthn:virtualAuthenticators: true}
Session ID: 2cf28825ea7a8a419a5b05b8e5d35d84</small> </font> </div>
<div class="test-event"> <font color="maroon"> <small> &emsp; &emsp;--- 05 May 00:10:22 357 - <b>0</b> - Spinner Load Wait: (Sync) - ICar.support.WaitUtils.waitForSpinner(WaitUtils.java:225)</small> </font> </div>
<div class="test-event"> <font color="maroon"> <small> &emsp; &emsp;--- 05 May 00:10:32 451 - Page URL:: https://www.i-car.com/product/pl2-adas-technician</small> </font> </div>
<div class="test-event"> <font color="maroon"> <small> &emsp; &emsp;--- 05 May 00:10:32 451 - <b>0</b> - Page Load Wait: (Sync) - ICar.support.Utils.waitForPageLoad(Utils.java:109)</small> </font> </div>
<div class="test-event"> <font color="maroon"> <small> &emsp; &emsp;--- 05 May 00:10:32 469 - Element is displayed:: [[ChromeDriver: chrome on WINDOWS (2cf28825ea7a8a419a5b05b8e5d35d84)] -> xpath: //a[contains(text(),'Back to Courses')]]</small> </font> </div>
<div class="test-event"> <font color="maroon"> <small> &emsp; &emsp;--- 05 May 00:10:39 489 - Catched spinner load exception due to javascript error: {"status":32,"value":"An invalid or illegal selector was specified"}
  (Session info: chrome=124.0.6367.92)
Build info: version: '4.6.0', revision: '79f1c02ae20'
System info: os.name: 'Windows 10', os.arch: 'amd64', os.version: '10.0', java.version: '17.0.7'
Driver info: org.openqa.selenium.chrome.ChromeDriver
Command: [2cf28825ea7a8a419a5b05b8e5d35d84, findElement {using=css selector, value=div[class='slds-spinner slds-spinner_brand slds-spinner_small']>div:nth-child(2)r}]
Capabilities {acceptInsecureCerts: false, browserName: chrome, browserVersion: 124.0.6367.92, chrome: {chromedriverVersion: 124.0.6367.91 (51df0e5e17a8..., userDataDir: C:\Users\PRATHA~1.KUM\AppDa...}, fedcm:accounts: true, goog:chromeOptions: {debuggerAddress: localhost:49451}, networkConnectionEnabled: false, pageLoadStrategy: normal, platformName: WINDOWS, proxy: Proxy(), se:cdp: ws://localhost:49451/devtoo..., se:cdpVersion: 124.0.6367.92, setWindowRect: true, strictFileInteractability: false, timeouts: {implicit: 0, pageLoad: 300000, script: 30000}, unhandledPromptBehavior: dismiss and notify, webauthn:extension:credBlob: true, webauthn:extension:largeBlob: true, webauthn:extension:minPinLength: true, webauthn:extension:prf: true, webauthn:virtualAuthenticators: true}
Session ID: 2cf28825ea7a8a419a5b05b8e5d35d84</small> </font> </div>
<div class="test-event"> <font color="maroon"> <small> &emsp; &emsp;--- 05 May 00:10:39 489 - <b>0</b> - Spinner Load Wait: (Sync) - ICar.support.WaitUtils.waitForSpinner(WaitUtils.java:225)</small> </font> </div>
<div class="test-message">&emsp;Back To Courses is displayed in the page </div>
<div class="test-message">&emsp;Successfully verified Back To Course Link&emsp;<a href=".\ScreenShot\URL_TC001_2721777114157600.png" target="_blank" >[ScreenShot]</a></div>
<div class="test-event"> <font color="maroon"> <small> &emsp; &emsp;--- 05 May 00:10:39 719 - Catched spinner load exception due to javascript error: {"status":32,"value":"An invalid or illegal selector was specified"}
  (Session info: chrome=124.0.6367.92)
Build info: version: '4.6.0', revision: '79f1c02ae20'
System info: os.name: 'Windows 10', os.arch: 'amd64', os.version: '10.0', java.version: '17.0.7'
Driver info: org.openqa.selenium.chrome.ChromeDriver
Command: [2cf28825ea7a8a419a5b05b8e5d35d84, findElement {using=css selector, value=div[class='slds-spinner slds-spinner_brand slds-spinner_small']>div:nth-child(2)r}]
Capabilities {acceptInsecureCerts: false, browserName: chrome, browserVersion: 124.0.6367.92, chrome: {chromedriverVersion: 124.0.6367.91 (51df0e5e17a8..., userDataDir: C:\Users\PRATHA~1.KUM\AppDa...}, fedcm:accounts: true, goog:chromeOptions: {debuggerAddress: localhost:49451}, networkConnectionEnabled: false, pageLoadStrategy: normal, platformName: WINDOWS, proxy: Proxy(), se:cdp: ws://localhost:49451/devtoo..., se:cdpVersion: 124.0.6367.92, setWindowRect: true, strictFileInteractability: false, timeouts: {implicit: 0, pageLoad: 300000, script: 30000}, unhandledPromptBehavior: dismiss and notify, webauthn:extension:credBlob: true, webauthn:extension:largeBlob: true, webauthn:extension:minPinLength: true, webauthn:extension:prf: true, webauthn:virtualAuthenticators: true}
Session ID: 2cf28825ea7a8a419a5b05b8e5d35d84</small> </font> </div>
<div class="test-event"> <font color="maroon"> <small> &emsp; &emsp;--- 05 May 00:10:39 720 - <b>0</b> - Spinner Load Wait: (Sync) - ICar.support.WaitUtils.waitForSpinner(WaitUtils.java:225)</small> </font> </div>
<div class="test-event"> <font color="maroon"> <small> &emsp; &emsp;--- 05 May 00:10:39 800 - Page URL:: https://www.i-car.com/product/pl2-adas-technician</small> </font> </div>
<div class="test-event"> <font color="maroon"> <small> &emsp; &emsp;--- 05 May 00:10:39 800 - <b>0</b> - Page Load Wait: (Sync) - ICar.support.Utils.waitForPageLoad(Utils.java:109)</small> </font> </div>
<div class="test-event"> <font color="maroon"> <small> &emsp; &emsp;--- 05 May 00:10:49 854 - Element is displayed:: [[ChromeDriver: chrome on WINDOWS (2cf28825ea7a8a419a5b05b8e5d35d84)] -> xpath: //div[@class='productDetails slds-p-bottom_large']//div[contains(@class,'slds-p-bottom_medium')]]</small> </font> </div>
<div class="test-message">&emsp;Course Name : PL2ADASTechnician is displayed in the URL page</div>
<div class="test-message">&emsp;Successfully verified the course name for relevant link&emsp;<a href=".\ScreenShot\URL_TC001_2721795487442400.png" target="_blank" >[ScreenShot]</a></div>
<div class="test-message">&emsp;
</div>
<div class="test-message">&emsp;124. URL is : https://www.i-car.com/product/sanding-blocks-and-nib-removal-tools</div>
<div class="test-event"> <font color="maroon"> <small> &emsp; &emsp;--- 05 May 00:10:59 396 - Page URL:: https://www.i-car.com/product/sanding-blocks-and-nib-removal-tools</small> </font> </div>
<div class="test-event"> <font color="maroon"> <small> &emsp; &emsp;--- 05 May 00:10:59 396 - <b>0</b> - Page Load Wait: (Sync) - ICar.support.Utils.waitForPageLoad(Utils.java:109)</small> </font> </div>
<div class="test-message">&emsp;Successfully navigated to the :  https://www.i-car.com/product/sanding-blocks-and-nib-removal-tools   Page&emsp;<a href=".\ScreenShot\URL_TC001_2721797010133100.png" target="_blank" >[ScreenShot]</a></div>
<div class="test-event"> <font color="maroon"> <small> &emsp; &emsp;--- 05 May 00:10:59 696 - Page URL:: https://www.i-car.com/product/sanding-blocks-and-nib-removal-tools</small> </font> </div>
<div class="test-event"> <font color="maroon"> <small> &emsp; &emsp;--- 05 May 00:10:59 696 - <b>0</b> - Page Load Wait: (Sync) - ICar.support.Utils.waitForPageLoad(Utils.java:109)</small> </font> </div>
<div class="test-event"> <font color="maroon"> <small> &emsp; &emsp;--- 05 May 00:10:59 705 - Catched spinner load exception due to javascript error: {"status":32,"value":"An invalid or illegal selector was specified"}
  (Session info: chrome=124.0.6367.92)
Build info: version: '4.6.0', revision: '79f1c02ae20'
System info: os.name: 'Windows 10', os.arch: 'amd64', os.version: '10.0', java.version: '17.0.7'
Driver info: org.openqa.selenium.chrome.ChromeDriver
Command: [2cf28825ea7a8a419a5b05b8e5d35d84, findElement {using=css selector, value=div[class='slds-spinner slds-spinner_brand slds-spinner_small']>div:nth-child(2)r}]
Capabilities {acceptInsecureCerts: false, browserName: chrome, browserVersion: 124.0.6367.92, chrome: {chromedriverVersion: 124.0.6367.91 (51df0e5e17a8..., userDataDir: C:\Users\PRATHA~1.KUM\AppDa...}, fedcm:accounts: true, goog:chromeOptions: {debuggerAddress: localhost:49451}, networkConnectionEnabled: false, pageLoadStrategy: normal, platformName: WINDOWS, proxy: Proxy(), se:cdp: ws://localhost:49451/devtoo..., se:cdpVersion: 124.0.6367.92, setWindowRect: true, strictFileInteractability: false, timeouts: {implicit: 0, pageLoad: 300000, script: 30000}, unhandledPromptBehavior: dismiss and notify, webauthn:extension:credBlob: true, webauthn:extension:largeBlob: true, webauthn:extension:minPinLength: true, webauthn:extension:prf: true, webauthn:virtualAuthenticators: true}
Session ID: 2cf28825ea7a8a419a5b05b8e5d35d84</small> </font> </div>
<div class="test-event"> <font color="maroon"> <small> &emsp; &emsp;--- 05 May 00:10:59 705 - <b>0</b> - Spinner Load Wait: (Sync) - ICar.support.WaitUtils.waitForSpinner(WaitUtils.java:225)</small> </font> </div>
<div class="test-event"> <font color="maroon"> <small> &emsp; &emsp;--- 05 May 00:11:09 816 - Page URL:: https://www.i-car.com/product/sanding-blocks-and-nib-removal-tools</small> </font> </div>
<div class="test-event"> <font color="maroon"> <small> &emsp; &emsp;--- 05 May 00:11:09 816 - <b>0</b> - Page Load Wait: (Sync) - ICar.support.Utils.waitForPageLoad(Utils.java:109)</small> </font> </div>
<div class="test-event"> <font color="maroon"> <small> &emsp; &emsp;--- 05 May 00:11:09 834 - Element is displayed:: [[ChromeDriver: chrome on WINDOWS (2cf28825ea7a8a419a5b05b8e5d35d84)] -> xpath: //a[contains(text(),'Back to Courses')]]</small> </font> </div>
<div class="test-event"> <font color="maroon"> <small> &emsp; &emsp;--- 05 May 00:11:16 865 - Catched spinner load exception due to javascript error: {"status":32,"value":"An invalid or illegal selector was specified"}
  (Session info: chrome=124.0.6367.92)
Build info: version: '4.6.0', revision: '79f1c02ae20'
System info: os.name: 'Windows 10', os.arch: 'amd64', os.version: '10.0', java.version: '17.0.7'
Driver info: org.openqa.selenium.chrome.ChromeDriver
Command: [2cf28825ea7a8a419a5b05b8e5d35d84, findElement {using=css selector, value=div[class='slds-spinner slds-spinner_brand slds-spinner_small']>div:nth-child(2)r}]
Capabilities {acceptInsecureCerts: false, browserName: chrome, browserVersion: 124.0.6367.92, chrome: {chromedriverVersion: 124.0.6367.91 (51df0e5e17a8..., userDataDir: C:\Users\PRATHA~1.KUM\AppDa...}, fedcm:accounts: true, goog:chromeOptions: {debuggerAddress: localhost:49451}, networkConnectionEnabled: false, pageLoadStrategy: normal, platformName: WINDOWS, proxy: Proxy(), se:cdp: ws://localhost:49451/devtoo..., se:cdpVersion: 124.0.6367.92, setWindowRect: true, strictFileInteractability: false, timeouts: {implicit: 0, pageLoad: 300000, script: 30000}, unhandledPromptBehavior: dismiss and notify, webauthn:extension:credBlob: true, webauthn:extension:largeBlob: true, webauthn:extension:minPinLength: true, webauthn:extension:prf: true, webauthn:virtualAuthenticators: true}
Session ID: 2cf28825ea7a8a419a5b05b8e5d35d84</small> </font> </div>
<div class="test-event"> <font color="maroon"> <small> &emsp; &emsp;--- 05 May 00:11:16 865 - <b>0</b> - Spinner Load Wait: (Sync) - ICar.support.WaitUtils.waitForSpinner(WaitUtils.java:225)</small> </font> </div>
<div class="test-message">&emsp;Back To Courses is displayed in the page </div>
<div class="test-message">&emsp;Successfully verified Back To Course Link&emsp;<a href=".\ScreenShot\URL_TC001_2721814489279300.png" target="_blank" >[ScreenShot]</a></div>
<div class="test-event"> <font color="maroon"> <small> &emsp; &emsp;--- 05 May 00:11:17 111 - Catched spinner load exception due to javascript error: {"status":32,"value":"An invalid or illegal selector was specified"}
  (Session info: chrome=124.0.6367.92)
Build info: version: '4.6.0', revision: '79f1c02ae20'
System info: os.name: 'Windows 10', os.arch: 'amd64', os.version: '10.0', java.version: '17.0.7'
Driver info: org.openqa.selenium.chrome.ChromeDriver
Command: [2cf28825ea7a8a419a5b05b8e5d35d84, findElement {using=css selector, value=div[class='slds-spinner slds-spinner_brand slds-spinner_small']>div:nth-child(2)r}]
Capabilities {acceptInsecureCerts: false, browserName: chrome, browserVersion: 124.0.6367.92, chrome: {chromedriverVersion: 124.0.6367.91 (51df0e5e17a8..., userDataDir: C:\Users\PRATHA~1.KUM\AppDa...}, fedcm:accounts: true, goog:chromeOptions: {debuggerAddress: localhost:49451}, networkConnectionEnabled: false, pageLoadStrategy: normal, platformName: WINDOWS, proxy: Proxy(), se:cdp: ws://localhost:49451/devtoo..., se:cdpVersion: 124.0.6367.92, setWindowRect: true, strictFileInteractability: false, timeouts: {implicit: 0, pageLoad: 300000, script: 30000}, unhandledPromptBehavior: dismiss and notify, webauthn:extension:credBlob: true, webauthn:extension:largeBlob: true, webauthn:extension:minPinLength: true, webauthn:extension:prf: true, webauthn:virtualAuthenticators: true}
Session ID: 2cf28825ea7a8a419a5b05b8e5d35d84</small> </font> </div>
<div class="test-event"> <font color="maroon"> <small> &emsp; &emsp;--- 05 May 00:11:17 111 - <b>0</b> - Spinner Load Wait: (Sync) - ICar.support.WaitUtils.waitForSpinner(WaitUtils.java:225)</small> </font> </div>
<div class="test-event"> <font color="maroon"> <small> &emsp; &emsp;--- 05 May 00:11:17 176 - Page URL:: https://www.i-car.com/product/sanding-blocks-and-nib-removal-tools</small> </font> </div>
<div class="test-event"> <font color="maroon"> <small> &emsp; &emsp;--- 05 May 00:11:17 177 - <b>0</b> - Page Load Wait: (Sync) - ICar.support.Utils.waitForPageLoad(Utils.java:109)</small> </font> </div>
<div class="test-event"> <font color="maroon"> <small> &emsp; &emsp;--- 05 May 00:11:27 218 - Element is displayed:: [[ChromeDriver: chrome on WINDOWS (2cf28825ea7a8a419a5b05b8e5d35d84)] -> xpath: //div[@class='productDetails slds-p-bottom_large']//div[contains(@class,'slds-p-bottom_medium')]]</small> </font> </div>
<div class="test-message">&emsp;Course Name : SandingBlocksandNibRemovalTools is displayed in the URL page</div>
<div class="test-message">&emsp;Successfully verified the course name for relevant link&emsp;<a href=".\ScreenShot\URL_TC001_2721832854481400.png" target="_blank" >[ScreenShot]</a></div>
<div class="test-message">&emsp;
</div>
<div class="test-message">&emsp;125. URL is : https://www.i-car.com/product/ford-explorer-2021-electromechanical-repairs</div>
<div class="test-event"> <font color="maroon"> <small> &emsp; &emsp;--- 05 May 00:11:36 664 - Page URL:: https://www.i-car.com/product/ford-explorer-2021-electromechanical-repairs</small> </font> </div>
<div class="test-event"> <font color="maroon"> <small> &emsp; &emsp;--- 05 May 00:11:36 664 - <b>0</b> - Page Load Wait: (Sync) - ICar.support.Utils.waitForPageLoad(Utils.java:109)</small> </font> </div>
<div class="test-message">&emsp;Successfully navigated to the :  https://www.i-car.com/product/ford-explorer-2021-electromechanical-repairs   Page&emsp;<a href=".\ScreenShot\URL_TC001_2721834277528000.png" target="_blank" >[ScreenShot]</a></div>
<div class="test-event"> <font color="maroon"> <small> &emsp; &emsp;--- 05 May 00:11:36 909 - Page URL:: https://www.i-car.com/product/ford-explorer-2021-electromechanical-repairs</small> </font> </div>
<div class="test-event"> <font color="maroon"> <small> &emsp; &emsp;--- 05 May 00:11:36 909 - <b>0</b> - Page Load Wait: (Sync) - ICar.support.Utils.waitForPageLoad(Utils.java:109)</small> </font> </div>
<div class="test-event"> <font color="maroon"> <small> &emsp; &emsp;--- 05 May 00:11:36 918 - Catched spinner load exception due to javascript error: {"status":32,"value":"An invalid or illegal selector was specified"}
  (Session info: chrome=124.0.6367.92)
Build info: version: '4.6.0', revision: '79f1c02ae20'
System info: os.name: 'Windows 10', os.arch: 'amd64', os.version: '10.0', java.version: '17.0.7'
Driver info: org.openqa.selenium.chrome.ChromeDriver
Command: [2cf28825ea7a8a419a5b05b8e5d35d84, findElement {using=css selector, value=div[class='slds-spinner slds-spinner_brand slds-spinner_small']>div:nth-child(2)r}]
Capabilities {acceptInsecureCerts: false, browserName: chrome, browserVersion: 124.0.6367.92, chrome: {chromedriverVersion: 124.0.6367.91 (51df0e5e17a8..., userDataDir: C:\Users\PRATHA~1.KUM\AppDa...}, fedcm:accounts: true, goog:chromeOptions: {debuggerAddress: localhost:49451}, networkConnectionEnabled: false, pageLoadStrategy: normal, platformName: WINDOWS, proxy: Proxy(), se:cdp: ws://localhost:49451/devtoo..., se:cdpVersion: 124.0.6367.92, setWindowRect: true, strictFileInteractability: false, timeouts: {implicit: 0, pageLoad: 300000, script: 30000}, unhandledPromptBehavior: dismiss and notify, webauthn:extension:credBlob: true, webauthn:extension:largeBlob: true, webauthn:extension:minPinLength: true, webauthn:extension:prf: true, webauthn:virtualAuthenticators: true}
Session ID: 2cf28825ea7a8a419a5b05b8e5d35d84</small> </font> </div>
<div class="test-event"> <font color="maroon"> <small> &emsp; &emsp;--- 05 May 00:11:36 918 - <b>0</b> - Spinner Load Wait: (Sync) - ICar.support.WaitUtils.waitForSpinner(WaitUtils.java:225)</small> </font> </div>
<div class="test-event"> <font color="maroon"> <small> &emsp; &emsp;--- 05 May 00:11:47 002 - Page URL:: https://www.i-car.com/product/ford-explorer-2021-electromechanical-repairs</small> </font> </div>
<div class="test-event"> <font color="maroon"> <small> &emsp; &emsp;--- 05 May 00:11:47 002 - <b>0</b> - Page Load Wait: (Sync) - ICar.support.Utils.waitForPageLoad(Utils.java:109)</small> </font> </div>
<div class="test-event"> <font color="maroon"> <small> &emsp; &emsp;--- 05 May 00:11:47 020 - Element is displayed:: [[ChromeDriver: chrome on WINDOWS (2cf28825ea7a8a419a5b05b8e5d35d84)] -> xpath: //a[contains(text(),'Back to Courses')]]</small> </font> </div>
<div class="test-event"> <font color="maroon"> <small> &emsp; &emsp;--- 05 May 00:11:54 052 - Catched spinner load exception due to javascript error: {"status":32,"value":"An invalid or illegal selector was specified"}
  (Session info: chrome=124.0.6367.92)
Build info: version: '4.6.0', revision: '79f1c02ae20'
System info: os.name: 'Windows 10', os.arch: 'amd64', os.version: '10.0', java.version: '17.0.7'
Driver info: org.openqa.selenium.chrome.ChromeDriver
Command: [2cf28825ea7a8a419a5b05b8e5d35d84, findElement {using=css selector, value=div[class='slds-spinner slds-spinner_brand slds-spinner_small']>div:nth-child(2)r}]
Capabilities {acceptInsecureCerts: false, browserName: chrome, browserVersion: 124.0.6367.92, chrome: {chromedriverVersion: 124.0.6367.91 (51df0e5e17a8..., userDataDir: C:\Users\PRATHA~1.KUM\AppDa...}, fedcm:accounts: true, goog:chromeOptions: {debuggerAddress: localhost:49451}, networkConnectionEnabled: false, pageLoadStrategy: normal, platformName: WINDOWS, proxy: Proxy(), se:cdp: ws://localhost:49451/devtoo..., se:cdpVersion: 124.0.6367.92, setWindowRect: true, strictFileInteractability: false, timeouts: {implicit: 0, pageLoad: 300000, script: 30000}, unhandledPromptBehavior: dismiss and notify, webauthn:extension:credBlob: true, webauthn:extension:largeBlob: true, webauthn:extension:minPinLength: true, webauthn:extension:prf: true, webauthn:virtualAuthenticators: true}
Session ID: 2cf28825ea7a8a419a5b05b8e5d35d84</small> </font> </div>
<div class="test-event"> <font color="maroon"> <small> &emsp; &emsp;--- 05 May 00:11:54 052 - <b>0</b> - Spinner Load Wait: (Sync) - ICar.support.WaitUtils.waitForSpinner(WaitUtils.java:225)</small> </font> </div>
<div class="test-message">&emsp;Back To Courses is displayed in the page </div>
<div class="test-message">&emsp;Successfully verified Back To Course Link&emsp;<a href=".\ScreenShot\URL_TC001_2721851675018900.png" target="_blank" >[ScreenShot]</a></div>
<div class="test-event"> <font color="maroon"> <small> &emsp; &emsp;--- 05 May 00:11:54 295 - Catched spinner load exception due to javascript error: {"status":32,"value":"An invalid or illegal selector was specified"}
  (Session info: chrome=124.0.6367.92)
Build info: version: '4.6.0', revision: '79f1c02ae20'
System info: os.name: 'Windows 10', os.arch: 'amd64', os.version: '10.0', java.version: '17.0.7'
Driver info: org.openqa.selenium.chrome.ChromeDriver
Command: [2cf28825ea7a8a419a5b05b8e5d35d84, findElement {using=css selector, value=div[class='slds-spinner slds-spinner_brand slds-spinner_small']>div:nth-child(2)r}]
Capabilities {acceptInsecureCerts: false, browserName: chrome, browserVersion: 124.0.6367.92, chrome: {chromedriverVersion: 124.0.6367.91 (51df0e5e17a8..., userDataDir: C:\Users\PRATHA~1.KUM\AppDa...}, fedcm:accounts: true, goog:chromeOptions: {debuggerAddress: localhost:49451}, networkConnectionEnabled: false, pageLoadStrategy: normal, platformName: WINDOWS, proxy: Proxy(), se:cdp: ws://localhost:49451/devtoo..., se:cdpVersion: 124.0.6367.92, setWindowRect: true, strictFileInteractability: false, timeouts: {implicit: 0, pageLoad: 300000, script: 30000}, unhandledPromptBehavior: dismiss and notify, webauthn:extension:credBlob: true, webauthn:extension:largeBlob: true, webauthn:extension:minPinLength: true, webauthn:extension:prf: true, webauthn:virtualAuthenticators: true}
Session ID: 2cf28825ea7a8a419a5b05b8e5d35d84</small> </font> </div>
<div class="test-event"> <font color="maroon"> <small> &emsp; &emsp;--- 05 May 00:11:54 295 - <b>0</b> - Spinner Load Wait: (Sync) - ICar.support.WaitUtils.waitForSpinner(WaitUtils.java:225)</small> </font> </div>
<div class="test-event"> <font color="maroon"> <small> &emsp; &emsp;--- 05 May 00:11:54 361 - Page URL:: https://www.i-car.com/product/ford-explorer-2021-electromechanical-repairs</small> </font> </div>
<div class="test-event"> <font color="maroon"> <small> &emsp; &emsp;--- 05 May 00:11:54 361 - <b>0</b> - Page Load Wait: (Sync) - ICar.support.Utils.waitForPageLoad(Utils.java:109)</small> </font> </div>
<div class="test-event"> <font color="maroon"> <small> &emsp; &emsp;--- 05 May 00:12:04 416 - Element is displayed:: [[ChromeDriver: chrome on WINDOWS (2cf28825ea7a8a419a5b05b8e5d35d84)] -> xpath: //div[@class='productDetails slds-p-bottom_large']//div[contains(@class,'slds-p-bottom_medium')]]</small> </font> </div>
<div class="test-message">&emsp;Course Name : FordExplorer2021ElectromechanicalRepairs is displayed in the URL page</div>
<div class="test-message">&emsp;Successfully verified the course name for relevant link&emsp;<a href=".\ScreenShot\URL_TC001_2721870054811600.png" target="_blank" >[ScreenShot]</a></div>
<div class="test-message">&emsp;
</div>
<div class="test-message">&emsp;126. URL is : https://www.i-car.com/product/body-hammers-dollies-spoons-picks-and-files</div>
<div class="test-event"> <font color="maroon"> <small> &emsp; &emsp;--- 05 May 00:12:13 847 - Page URL:: https://www.i-car.com/product/body-hammers-dollies-spoons-picks-and-files</small> </font> </div>
<div class="test-event"> <font color="maroon"> <small> &emsp; &emsp;--- 05 May 00:12:13 847 - <b>0</b> - Page Load Wait: (Sync) - ICar.support.Utils.waitForPageLoad(Utils.java:109)</small> </font> </div>
<div class="test-message">&emsp;Successfully navigated to the :  https://www.i-car.com/product/body-hammers-dollies-spoons-picks-and-files   Page&emsp;<a href=".\ScreenShot\URL_TC001_2721871459302700.png" target="_blank" >[ScreenShot]</a></div>
<div class="test-event"> <font color="maroon"> <small> &emsp; &emsp;--- 05 May 00:12:14 143 - Page URL:: https://www.i-car.com/product/body-hammers-dollies-spoons-picks-and-files</small> </font> </div>
<div class="test-event"> <font color="maroon"> <small> &emsp; &emsp;--- 05 May 00:12:14 143 - <b>0</b> - Page Load Wait: (Sync) - ICar.support.Utils.waitForPageLoad(Utils.java:109)</small> </font> </div>
<div class="test-event"> <font color="maroon"> <small> &emsp; &emsp;--- 05 May 00:12:14 150 - Catched spinner load exception due to javascript error: {"status":32,"value":"An invalid or illegal selector was specified"}
  (Session info: chrome=124.0.6367.92)
Build info: version: '4.6.0', revision: '79f1c02ae20'
System info: os.name: 'Windows 10', os.arch: 'amd64', os.version: '10.0', java.version: '17.0.7'
Driver info: org.openqa.selenium.chrome.ChromeDriver
Command: [2cf28825ea7a8a419a5b05b8e5d35d84, findElement {using=css selector, value=div[class='slds-spinner slds-spinner_brand slds-spinner_small']>div:nth-child(2)r}]
Capabilities {acceptInsecureCerts: false, browserName: chrome, browserVersion: 124.0.6367.92, chrome: {chromedriverVersion: 124.0.6367.91 (51df0e5e17a8..., userDataDir: C:\Users\PRATHA~1.KUM\AppDa...}, fedcm:accounts: true, goog:chromeOptions: {debuggerAddress: localhost:49451}, networkConnectionEnabled: false, pageLoadStrategy: normal, platformName: WINDOWS, proxy: Proxy(), se:cdp: ws://localhost:49451/devtoo..., se:cdpVersion: 124.0.6367.92, setWindowRect: true, strictFileInteractability: false, timeouts: {implicit: 0, pageLoad: 300000, script: 30000}, unhandledPromptBehavior: dismiss and notify, webauthn:extension:credBlob: true, webauthn:extension:largeBlob: true, webauthn:extension:minPinLength: true, webauthn:extension:prf: true, webauthn:virtualAuthenticators: true}
Session ID: 2cf28825ea7a8a419a5b05b8e5d35d84</small> </font> </div>
<div class="test-event"> <font color="maroon"> <small> &emsp; &emsp;--- 05 May 00:12:14 150 - <b>0</b> - Spinner Load Wait: (Sync) - ICar.support.WaitUtils.waitForSpinner(WaitUtils.java:225)</small> </font> </div>
<div class="test-event"> <font color="maroon"> <small> &emsp; &emsp;--- 05 May 00:12:24 259 - Page URL:: https://www.i-car.com/product/body-hammers-dollies-spoons-picks-and-files</small> </font> </div>
<div class="test-event"> <font color="maroon"> <small> &emsp; &emsp;--- 05 May 00:12:24 259 - <b>0</b> - Page Load Wait: (Sync) - ICar.support.Utils.waitForPageLoad(Utils.java:109)</small> </font> </div>
<div class="test-event"> <font color="maroon"> <small> &emsp; &emsp;--- 05 May 00:12:24 276 - Element is displayed:: [[ChromeDriver: chrome on WINDOWS (2cf28825ea7a8a419a5b05b8e5d35d84)] -> xpath: //a[contains(text(),'Back to Courses')]]</small> </font> </div>
<div class="test-event"> <font color="maroon"> <small> &emsp; &emsp;--- 05 May 00:12:31 304 - Catched spinner load exception due to javascript error: {"status":32,"value":"An invalid or illegal selector was specified"}
  (Session info: chrome=124.0.6367.92)
Build info: version: '4.6.0', revision: '79f1c02ae20'
System info: os.name: 'Windows 10', os.arch: 'amd64', os.version: '10.0', java.version: '17.0.7'
Driver info: org.openqa.selenium.chrome.ChromeDriver
Command: [2cf28825ea7a8a419a5b05b8e5d35d84, findElement {using=css selector, value=div[class='slds-spinner slds-spinner_brand slds-spinner_small']>div:nth-child(2)r}]
Capabilities {acceptInsecureCerts: false, browserName: chrome, browserVersion: 124.0.6367.92, chrome: {chromedriverVersion: 124.0.6367.91 (51df0e5e17a8..., userDataDir: C:\Users\PRATHA~1.KUM\AppDa...}, fedcm:accounts: true, goog:chromeOptions: {debuggerAddress: localhost:49451}, networkConnectionEnabled: false, pageLoadStrategy: normal, platformName: WINDOWS, proxy: Proxy(), se:cdp: ws://localhost:49451/devtoo..., se:cdpVersion: 124.0.6367.92, setWindowRect: true, strictFileInteractability: false, timeouts: {implicit: 0, pageLoad: 300000, script: 30000}, unhandledPromptBehavior: dismiss and notify, webauthn:extension:credBlob: true, webauthn:extension:largeBlob: true, webauthn:extension:minPinLength: true, webauthn:extension:prf: true, webauthn:virtualAuthenticators: true}
Session ID: 2cf28825ea7a8a419a5b05b8e5d35d84</small> </font> </div>
<div class="test-event"> <font color="maroon"> <small> &emsp; &emsp;--- 05 May 00:12:31 304 - <b>0</b> - Spinner Load Wait: (Sync) - ICar.support.WaitUtils.waitForSpinner(WaitUtils.java:225)</small> </font> </div>
<div class="test-message">&emsp;Back To Courses is displayed in the page </div>
<div class="test-message">&emsp;Successfully verified Back To Course Link&emsp;<a href=".\ScreenShot\URL_TC001_2721888925586500.png" target="_blank" >[ScreenShot]</a></div>
<div class="test-event"> <font color="maroon"> <small> &emsp; &emsp;--- 05 May 00:12:31 551 - Catched spinner load exception due to javascript error: {"status":32,"value":"An invalid or illegal selector was specified"}
  (Session info: chrome=124.0.6367.92)
Build info: version: '4.6.0', revision: '79f1c02ae20'
System info: os.name: 'Windows 10', os.arch: 'amd64', os.version: '10.0', java.version: '17.0.7'
Driver info: org.openqa.selenium.chrome.ChromeDriver
Command: [2cf28825ea7a8a419a5b05b8e5d35d84, findElement {using=css selector, value=div[class='slds-spinner slds-spinner_brand slds-spinner_small']>div:nth-child(2)r}]
Capabilities {acceptInsecureCerts: false, browserName: chrome, browserVersion: 124.0.6367.92, chrome: {chromedriverVersion: 124.0.6367.91 (51df0e5e17a8..., userDataDir: C:\Users\PRATHA~1.KUM\AppDa...}, fedcm:accounts: true, goog:chromeOptions: {debuggerAddress: localhost:49451}, networkConnectionEnabled: false, pageLoadStrategy: normal, platformName: WINDOWS, proxy: Proxy(), se:cdp: ws://localhost:49451/devtoo..., se:cdpVersion: 124.0.6367.92, setWindowRect: true, strictFileInteractability: false, timeouts: {implicit: 0, pageLoad: 300000, script: 30000}, unhandledPromptBehavior: dismiss and notify, webauthn:extension:credBlob: true, webauthn:extension:largeBlob: true, webauthn:extension:minPinLength: true, webauthn:extension:prf: true, webauthn:virtualAuthenticators: true}
Session ID: 2cf28825ea7a8a419a5b05b8e5d35d84</small> </font> </div>
<div class="test-event"> <font color="maroon"> <small> &emsp; &emsp;--- 05 May 00:12:31 551 - <b>0</b> - Spinner Load Wait: (Sync) - ICar.support.WaitUtils.waitForSpinner(WaitUtils.java:225)</small> </font> </div>
<div class="test-event"> <font color="maroon"> <small> &emsp; &emsp;--- 05 May 00:12:31 615 - Page URL:: https://www.i-car.com/product/body-hammers-dollies-spoons-picks-and-files</small> </font> </div>
<div class="test-event"> <font color="maroon"> <small> &emsp; &emsp;--- 05 May 00:12:31 615 - <b>0</b> - Page Load Wait: (Sync) - ICar.support.Utils.waitForPageLoad(Utils.java:109)</small> </font> </div>
<div class="test-event"> <font color="maroon"> <small> &emsp; &emsp;--- 05 May 00:12:41 662 - Element is displayed:: [[ChromeDriver: chrome on WINDOWS (2cf28825ea7a8a419a5b05b8e5d35d84)] -> xpath: //div[@class='productDetails slds-p-bottom_large']//div[contains(@class,'slds-p-bottom_medium')]]</small> </font> </div>
<div class="test-message">&emsp;Course Name : BodyHammersDolliesSpoonsPicksandFiles is displayed in the URL page</div>
<div class="test-message">&emsp;Successfully verified the course name for relevant link&emsp;<a href=".\ScreenShot\URL_TC001_2721907303748700.png" target="_blank" >[ScreenShot]</a></div>
<div class="test-message">&emsp;
</div>
<div class="test-message">&emsp;127. URL is : https://www.i-car.com/product/sanding-blocks-for-cosmetic-straightening</div>
<div class="test-event"> <font color="maroon"> <small> &emsp; &emsp;--- 05 May 00:12:51 149 - Page URL:: https://www.i-car.com/product/sanding-blocks-for-cosmetic-straightening</small> </font> </div>
<div class="test-event"> <font color="maroon"> <small> &emsp; &emsp;--- 05 May 00:12:51 150 - <b>0</b> - Page Load Wait: (Sync) - ICar.support.Utils.waitForPageLoad(Utils.java:109)</small> </font> </div>
<div class="test-message">&emsp;Successfully navigated to the :  https://www.i-car.com/product/sanding-blocks-for-cosmetic-straightening   Page&emsp;<a href=".\ScreenShot\URL_TC001_2721908760898600.png" target="_blank" >[ScreenShot]</a></div>
<div class="test-event"> <font color="maroon"> <small> &emsp; &emsp;--- 05 May 00:12:51 399 - Page URL:: https://www.i-car.com/product/sanding-blocks-for-cosmetic-straightening</small> </font> </div>
<div class="test-event"> <font color="maroon"> <small> &emsp; &emsp;--- 05 May 00:12:51 399 - <b>0</b> - Page Load Wait: (Sync) - ICar.support.Utils.waitForPageLoad(Utils.java:109)</small> </font> </div>
<div class="test-event"> <font color="maroon"> <small> &emsp; &emsp;--- 05 May 00:12:51 407 - Catched spinner load exception due to javascript error: {"status":32,"value":"An invalid or illegal selector was specified"}
  (Session info: chrome=124.0.6367.92)
Build info: version: '4.6.0', revision: '79f1c02ae20'
System info: os.name: 'Windows 10', os.arch: 'amd64', os.version: '10.0', java.version: '17.0.7'
Driver info: org.openqa.selenium.chrome.ChromeDriver
Command: [2cf28825ea7a8a419a5b05b8e5d35d84, findElement {using=css selector, value=div[class='slds-spinner slds-spinner_brand slds-spinner_small']>div:nth-child(2)r}]
Capabilities {acceptInsecureCerts: false, browserName: chrome, browserVersion: 124.0.6367.92, chrome: {chromedriverVersion: 124.0.6367.91 (51df0e5e17a8..., userDataDir: C:\Users\PRATHA~1.KUM\AppDa...}, fedcm:accounts: true, goog:chromeOptions: {debuggerAddress: localhost:49451}, networkConnectionEnabled: false, pageLoadStrategy: normal, platformName: WINDOWS, proxy: Proxy(), se:cdp: ws://localhost:49451/devtoo..., se:cdpVersion: 124.0.6367.92, setWindowRect: true, strictFileInteractability: false, timeouts: {implicit: 0, pageLoad: 300000, script: 30000}, unhandledPromptBehavior: dismiss and notify, webauthn:extension:credBlob: true, webauthn:extension:largeBlob: true, webauthn:extension:minPinLength: true, webauthn:extension:prf: true, webauthn:virtualAuthenticators: true}
Session ID: 2cf28825ea7a8a419a5b05b8e5d35d84</small> </font> </div>
<div class="test-event"> <font color="maroon"> <small> &emsp; &emsp;--- 05 May 00:12:51 408 - <b>0</b> - Spinner Load Wait: (Sync) - ICar.support.WaitUtils.waitForSpinner(WaitUtils.java:225)</small> </font> </div>
<div class="test-event"> <font color="maroon"> <small> &emsp; &emsp;--- 05 May 00:13:01 488 - Page URL:: https://www.i-car.com/product/sanding-blocks-for-cosmetic-straightening</small> </font> </div>
<div class="test-event"> <font color="maroon"> <small> &emsp; &emsp;--- 05 May 00:13:01 488 - <b>0</b> - Page Load Wait: (Sync) - ICar.support.Utils.waitForPageLoad(Utils.java:109)</small> </font> </div>
<div class="test-event"> <font color="maroon"> <small> &emsp; &emsp;--- 05 May 00:13:01 504 - Element is displayed:: [[ChromeDriver: chrome on WINDOWS (2cf28825ea7a8a419a5b05b8e5d35d84)] -> xpath: //a[contains(text(),'Back to Courses')]]</small> </font> </div>
<div class="test-event"> <font color="maroon"> <small> &emsp; &emsp;--- 05 May 00:13:08 553 - Catched spinner load exception due to javascript error: {"status":32,"value":"An invalid or illegal selector was specified"}
  (Session info: chrome=124.0.6367.92)
Build info: version: '4.6.0', revision: '79f1c02ae20'
System info: os.name: 'Windows 10', os.arch: 'amd64', os.version: '10.0', java.version: '17.0.7'
Driver info: org.openqa.selenium.chrome.ChromeDriver
Command: [2cf28825ea7a8a419a5b05b8e5d35d84, findElement {using=css selector, value=div[class='slds-spinner slds-spinner_brand slds-spinner_small']>div:nth-child(2)r}]
Capabilities {acceptInsecureCerts: false, browserName: chrome, browserVersion: 124.0.6367.92, chrome: {chromedriverVersion: 124.0.6367.91 (51df0e5e17a8..., userDataDir: C:\Users\PRATHA~1.KUM\AppDa...}, fedcm:accounts: true, goog:chromeOptions: {debuggerAddress: localhost:49451}, networkConnectionEnabled: false, pageLoadStrategy: normal, platformName: WINDOWS, proxy: Proxy(), se:cdp: ws://localhost:49451/devtoo..., se:cdpVersion: 124.0.6367.92, setWindowRect: true, strictFileInteractability: false, timeouts: {implicit: 0, pageLoad: 300000, script: 30000}, unhandledPromptBehavior: dismiss and notify, webauthn:extension:credBlob: true, webauthn:extension:largeBlob: true, webauthn:extension:minPinLength: true, webauthn:extension:prf: true, webauthn:virtualAuthenticators: true}
Session ID: 2cf28825ea7a8a419a5b05b8e5d35d84</small> </font> </div>
<div class="test-event"> <font color="maroon"> <small> &emsp; &emsp;--- 05 May 00:13:08 553 - <b>0</b> - Spinner Load Wait: (Sync) - ICar.support.WaitUtils.waitForSpinner(WaitUtils.java:225)</small> </font> </div>
<div class="test-message">&emsp;Back To Courses is displayed in the page </div>
<div class="test-message">&emsp;Successfully verified Back To Course Link&emsp;<a href=".\ScreenShot\URL_TC001_2721926193722700.png" target="_blank" >[ScreenShot]</a></div>
<div class="test-event"> <font color="maroon"> <small> &emsp; &emsp;--- 05 May 00:13:08 831 - Catched spinner load exception due to javascript error: {"status":32,"value":"An invalid or illegal selector was specified"}
  (Session info: chrome=124.0.6367.92)
Build info: version: '4.6.0', revision: '79f1c02ae20'
System info: os.name: 'Windows 10', os.arch: 'amd64', os.version: '10.0', java.version: '17.0.7'
Driver info: org.openqa.selenium.chrome.ChromeDriver
Command: [2cf28825ea7a8a419a5b05b8e5d35d84, findElement {using=css selector, value=div[class='slds-spinner slds-spinner_brand slds-spinner_small']>div:nth-child(2)r}]
Capabilities {acceptInsecureCerts: false, browserName: chrome, browserVersion: 124.0.6367.92, chrome: {chromedriverVersion: 124.0.6367.91 (51df0e5e17a8..., userDataDir: C:\Users\PRATHA~1.KUM\AppDa...}, fedcm:accounts: true, goog:chromeOptions: {debuggerAddress: localhost:49451}, networkConnectionEnabled: false, pageLoadStrategy: normal, platformName: WINDOWS, proxy: Proxy(), se:cdp: ws://localhost:49451/devtoo..., se:cdpVersion: 124.0.6367.92, setWindowRect: true, strictFileInteractability: false, timeouts: {implicit: 0, pageLoad: 300000, script: 30000}, unhandledPromptBehavior: dismiss and notify, webauthn:extension:credBlob: true, webauthn:extension:largeBlob: true, webauthn:extension:minPinLength: true, webauthn:extension:prf: true, webauthn:virtualAuthenticators: true}
Session ID: 2cf28825ea7a8a419a5b05b8e5d35d84</small> </font> </div>
<div class="test-event"> <font color="maroon"> <small> &emsp; &emsp;--- 05 May 00:13:08 831 - <b>0</b> - Spinner Load Wait: (Sync) - ICar.support.WaitUtils.waitForSpinner(WaitUtils.java:225)</small> </font> </div>
<div class="test-event"> <font color="maroon"> <small> &emsp; &emsp;--- 05 May 00:13:08 893 - Page URL:: https://www.i-car.com/product/sanding-blocks-for-cosmetic-straightening</small> </font> </div>
<div class="test-event"> <font color="maroon"> <small> &emsp; &emsp;--- 05 May 00:13:08 893 - <b>0</b> - Page Load Wait: (Sync) - ICar.support.Utils.waitForPageLoad(Utils.java:109)</small> </font> </div>
<div class="test-event"> <font color="maroon"> <small> &emsp; &emsp;--- 05 May 00:13:18 936 - Element is displayed:: [[ChromeDriver: chrome on WINDOWS (2cf28825ea7a8a419a5b05b8e5d35d84)] -> xpath: //div[@class='productDetails slds-p-bottom_large']//div[contains(@class,'slds-p-bottom_medium')]]</small> </font> </div>
<div class="test-message">&emsp;Course Name : SandingBlocksforCosmeticStraightening is displayed in the URL page</div>
<div class="test-message">&emsp;Successfully verified the course name for relevant link&emsp;<a href=".\ScreenShot\URL_TC001_2721944573068500.png" target="_blank" >[ScreenShot]</a></div>
<div class="test-message">&emsp;
</div>
<div class="test-message">&emsp;128. URL is : https://www.i-car.com/product/static-adas-calibration-3day-handson-skills-development</div>
<div class="test-event"> <font color="maroon"> <small> &emsp; &emsp;--- 05 May 00:13:28 339 - Page URL:: https://www.i-car.com/product/static-adas-calibration-3day-handson-skills-development</small> </font> </div>
<div class="test-event"> <font color="maroon"> <small> &emsp; &emsp;--- 05 May 00:13:28 339 - <b>0</b> - Page Load Wait: (Sync) - ICar.support.Utils.waitForPageLoad(Utils.java:109)</small> </font> </div>
<div class="test-message">&emsp;Successfully navigated to the :  https://www.i-car.com/product/static-adas-calibration-3day-handson-skills-development   Page&emsp;<a href=".\ScreenShot\URL_TC001_2721945948588900.png" target="_blank" >[ScreenShot]</a></div>
<div class="test-event"> <font color="maroon"> <small> &emsp; &emsp;--- 05 May 00:13:28 586 - Page URL:: https://www.i-car.com/product/static-adas-calibration-3day-handson-skills-development</small> </font> </div>
<div class="test-event"> <font color="maroon"> <small> &emsp; &emsp;--- 05 May 00:13:28 586 - <b>0</b> - Page Load Wait: (Sync) - ICar.support.Utils.waitForPageLoad(Utils.java:109)</small> </font> </div>
<div class="test-event"> <font color="maroon"> <small> &emsp; &emsp;--- 05 May 00:13:28 594 - Catched spinner load exception due to javascript error: {"status":32,"value":"An invalid or illegal selector was specified"}
  (Session info: chrome=124.0.6367.92)
Build info: version: '4.6.0', revision: '79f1c02ae20'
System info: os.name: 'Windows 10', os.arch: 'amd64', os.version: '10.0', java.version: '17.0.7'
Driver info: org.openqa.selenium.chrome.ChromeDriver
Command: [2cf28825ea7a8a419a5b05b8e5d35d84, findElement {using=css selector, value=div[class='slds-spinner slds-spinner_brand slds-spinner_small']>div:nth-child(2)r}]
Capabilities {acceptInsecureCerts: false, browserName: chrome, browserVersion: 124.0.6367.92, chrome: {chromedriverVersion: 124.0.6367.91 (51df0e5e17a8..., userDataDir: C:\Users\PRATHA~1.KUM\AppDa...}, fedcm:accounts: true, goog:chromeOptions: {debuggerAddress: localhost:49451}, networkConnectionEnabled: false, pageLoadStrategy: normal, platformName: WINDOWS, proxy: Proxy(), se:cdp: ws://localhost:49451/devtoo..., se:cdpVersion: 124.0.6367.92, setWindowRect: true, strictFileInteractability: false, timeouts: {implicit: 0, pageLoad: 300000, script: 30000}, unhandledPromptBehavior: dismiss and notify, webauthn:extension:credBlob: true, webauthn:extension:largeBlob: true, webauthn:extension:minPinLength: true, webauthn:extension:prf: true, webauthn:virtualAuthenticators: true}
Session ID: 2cf28825ea7a8a419a5b05b8e5d35d84</small> </font> </div>
<div class="test-event"> <font color="maroon"> <small> &emsp; &emsp;--- 05 May 00:13:28 594 - <b>0</b> - Spinner Load Wait: (Sync) - ICar.support.WaitUtils.waitForSpinner(WaitUtils.java:225)</small> </font> </div>
<div class="test-event"> <font color="maroon"> <small> &emsp; &emsp;--- 05 May 00:13:38 677 - Page URL:: https://www.i-car.com/product/static-adas-calibration-3day-handson-skills-development</small> </font> </div>
<div class="test-event"> <font color="maroon"> <small> &emsp; &emsp;--- 05 May 00:13:38 677 - <b>0</b> - Page Load Wait: (Sync) - ICar.support.Utils.waitForPageLoad(Utils.java:109)</small> </font> </div>
<div class="test-event"> <font color="maroon"> <small> &emsp; &emsp;--- 05 May 00:13:38 693 - Element is displayed:: [[ChromeDriver: chrome on WINDOWS (2cf28825ea7a8a419a5b05b8e5d35d84)] -> xpath: //a[contains(text(),'Back to Courses')]]</small> </font> </div>
<div class="test-event"> <font color="maroon"> <small> &emsp; &emsp;--- 05 May 00:13:45 727 - Catched spinner load exception due to javascript error: {"status":32,"value":"An invalid or illegal selector was specified"}
  (Session info: chrome=124.0.6367.92)
Build info: version: '4.6.0', revision: '79f1c02ae20'
System info: os.name: 'Windows 10', os.arch: 'amd64', os.version: '10.0', java.version: '17.0.7'
Driver info: org.openqa.selenium.chrome.ChromeDriver
Command: [2cf28825ea7a8a419a5b05b8e5d35d84, findElement {using=css selector, value=div[class='slds-spinner slds-spinner_brand slds-spinner_small']>div:nth-child(2)r}]
Capabilities {acceptInsecureCerts: false, browserName: chrome, browserVersion: 124.0.6367.92, chrome: {chromedriverVersion: 124.0.6367.91 (51df0e5e17a8..., userDataDir: C:\Users\PRATHA~1.KUM\AppDa...}, fedcm:accounts: true, goog:chromeOptions: {debuggerAddress: localhost:49451}, networkConnectionEnabled: false, pageLoadStrategy: normal, platformName: WINDOWS, proxy: Proxy(), se:cdp: ws://localhost:49451/devtoo..., se:cdpVersion: 124.0.6367.92, setWindowRect: true, strictFileInteractability: false, timeouts: {implicit: 0, pageLoad: 300000, script: 30000}, unhandledPromptBehavior: dismiss and notify, webauthn:extension:credBlob: true, webauthn:extension:largeBlob: true, webauthn:extension:minPinLength: true, webauthn:extension:prf: true, webauthn:virtualAuthenticators: true}
Session ID: 2cf28825ea7a8a419a5b05b8e5d35d84</small> </font> </div>
<div class="test-event"> <font color="maroon"> <small> &emsp; &emsp;--- 05 May 00:13:45 727 - <b>0</b> - Spinner Load Wait: (Sync) - ICar.support.WaitUtils.waitForSpinner(WaitUtils.java:225)</small> </font> </div>
<div class="test-message">&emsp;Back To Courses is displayed in the page </div>
<div class="test-message">&emsp;Successfully verified Back To Course Link&emsp;<a href=".\ScreenShot\URL_TC001_2721963346091900.png" target="_blank" >[ScreenShot]</a></div>
<div class="test-event"> <font color="maroon"> <small> &emsp; &emsp;--- 05 May 00:13:45 976 - Catched spinner load exception due to javascript error: {"status":32,"value":"An invalid or illegal selector was specified"}
  (Session info: chrome=124.0.6367.92)
Build info: version: '4.6.0', revision: '79f1c02ae20'
System info: os.name: 'Windows 10', os.arch: 'amd64', os.version: '10.0', java.version: '17.0.7'
Driver info: org.openqa.selenium.chrome.ChromeDriver
Command: [2cf28825ea7a8a419a5b05b8e5d35d84, findElement {using=css selector, value=div[class='slds-spinner slds-spinner_brand slds-spinner_small']>div:nth-child(2)r}]
Capabilities {acceptInsecureCerts: false, browserName: chrome, browserVersion: 124.0.6367.92, chrome: {chromedriverVersion: 124.0.6367.91 (51df0e5e17a8..., userDataDir: C:\Users\PRATHA~1.KUM\AppDa...}, fedcm:accounts: true, goog:chromeOptions: {debuggerAddress: localhost:49451}, networkConnectionEnabled: false, pageLoadStrategy: normal, platformName: WINDOWS, proxy: Proxy(), se:cdp: ws://localhost:49451/devtoo..., se:cdpVersion: 124.0.6367.92, setWindowRect: true, strictFileInteractability: false, timeouts: {implicit: 0, pageLoad: 300000, script: 30000}, unhandledPromptBehavior: dismiss and notify, webauthn:extension:credBlob: true, webauthn:extension:largeBlob: true, webauthn:extension:minPinLength: true, webauthn:extension:prf: true, webauthn:virtualAuthenticators: true}
Session ID: 2cf28825ea7a8a419a5b05b8e5d35d84</small> </font> </div>
<div class="test-event"> <font color="maroon"> <small> &emsp; &emsp;--- 05 May 00:13:45 976 - <b>0</b> - Spinner Load Wait: (Sync) - ICar.support.WaitUtils.waitForSpinner(WaitUtils.java:225)</small> </font> </div>
<div class="test-event"> <font color="maroon"> <small> &emsp; &emsp;--- 05 May 00:13:46 043 - Page URL:: https://www.i-car.com/product/static-adas-calibration-3day-handson-skills-development</small> </font> </div>
<div class="test-event"> <font color="maroon"> <small> &emsp; &emsp;--- 05 May 00:13:46 043 - <b>0</b> - Page Load Wait: (Sync) - ICar.support.Utils.waitForPageLoad(Utils.java:109)</small> </font> </div>
<div class="test-event"> <font color="maroon"> <small> &emsp; &emsp;--- 05 May 00:13:56 091 - Element is displayed:: [[ChromeDriver: chrome on WINDOWS (2cf28825ea7a8a419a5b05b8e5d35d84)] -> xpath: //div[@class='productDetails slds-p-bottom_large']//div[contains(@class,'slds-p-bottom_medium')]]</small> </font> </div>
<div class="test-message">&emsp;Course Name : StaticADASCalibration3DayHandsOnSkillsDevelopment is displayed in the URL page</div>
<div class="test-message">&emsp;Successfully verified the course name for relevant link&emsp;<a href=".\ScreenShot\URL_TC001_2721981729697500.png" target="_blank" >[ScreenShot]</a></div>
<div class="test-message">&emsp;
</div>
<div class="test-message">&emsp;129. URL is : https://www.i-car.com/product/solvent-recyclers</div>
<div class="test-event"> <font color="maroon"> <small> &emsp; &emsp;--- 05 May 00:14:05 436 - Page URL:: https://www.i-car.com/product/solvent-recyclers</small> </font> </div>
<div class="test-event"> <font color="maroon"> <small> &emsp; &emsp;--- 05 May 00:14:05 436 - <b>0</b> - Page Load Wait: (Sync) - ICar.support.Utils.waitForPageLoad(Utils.java:109)</small> </font> </div>
<div class="test-message">&emsp;Successfully navigated to the :  https://www.i-car.com/product/solvent-recyclers   Page&emsp;<a href=".\ScreenShot\URL_TC001_2721983044260900.png" target="_blank" >[ScreenShot]</a></div>
<div class="test-event"> <font color="maroon"> <small> &emsp; &emsp;--- 05 May 00:14:05 732 - Page URL:: https://www.i-car.com/product/solvent-recyclers</small> </font> </div>
<div class="test-event"> <font color="maroon"> <small> &emsp; &emsp;--- 05 May 00:14:05 732 - <b>0</b> - Page Load Wait: (Sync) - ICar.support.Utils.waitForPageLoad(Utils.java:109)</small> </font> </div>
<div class="test-event"> <font color="maroon"> <small> &emsp; &emsp;--- 05 May 00:14:05 740 - Catched spinner load exception due to javascript error: {"status":32,"value":"An invalid or illegal selector was specified"}
  (Session info: chrome=124.0.6367.92)
Build info: version: '4.6.0', revision: '79f1c02ae20'
System info: os.name: 'Windows 10', os.arch: 'amd64', os.version: '10.0', java.version: '17.0.7'
Driver info: org.openqa.selenium.chrome.ChromeDriver
Command: [2cf28825ea7a8a419a5b05b8e5d35d84, findElement {using=css selector, value=div[class='slds-spinner slds-spinner_brand slds-spinner_small']>div:nth-child(2)r}]
Capabilities {acceptInsecureCerts: false, browserName: chrome, browserVersion: 124.0.6367.92, chrome: {chromedriverVersion: 124.0.6367.91 (51df0e5e17a8..., userDataDir: C:\Users\PRATHA~1.KUM\AppDa...}, fedcm:accounts: true, goog:chromeOptions: {debuggerAddress: localhost:49451}, networkConnectionEnabled: false, pageLoadStrategy: normal, platformName: WINDOWS, proxy: Proxy(), se:cdp: ws://localhost:49451/devtoo..., se:cdpVersion: 124.0.6367.92, setWindowRect: true, strictFileInteractability: false, timeouts: {implicit: 0, pageLoad: 300000, script: 30000}, unhandledPromptBehavior: dismiss and notify, webauthn:extension:credBlob: true, webauthn:extension:largeBlob: true, webauthn:extension:minPinLength: true, webauthn:extension:prf: true, webauthn:virtualAuthenticators: true}
Session ID: 2cf28825ea7a8a419a5b05b8e5d35d84</small> </font> </div>
<div class="test-event"> <font color="maroon"> <small> &emsp; &emsp;--- 05 May 00:14:05 740 - <b>0</b> - Spinner Load Wait: (Sync) - ICar.support.WaitUtils.waitForSpinner(WaitUtils.java:225)</small> </font> </div>
<div class="test-event"> <font color="maroon"> <small> &emsp; &emsp;--- 05 May 00:14:15 822 - Page URL:: https://www.i-car.com/product/solvent-recyclers</small> </font> </div>
<div class="test-event"> <font color="maroon"> <small> &emsp; &emsp;--- 05 May 00:14:15 822 - <b>0</b> - Page Load Wait: (Sync) - ICar.support.Utils.waitForPageLoad(Utils.java:109)</small> </font> </div>
<div class="test-event"> <font color="maroon"> <small> &emsp; &emsp;--- 05 May 00:14:15 837 - Element is displayed:: [[ChromeDriver: chrome on WINDOWS (2cf28825ea7a8a419a5b05b8e5d35d84)] -> xpath: //a[contains(text(),'Back to Courses')]]</small> </font> </div>
<div class="test-event"> <font color="maroon"> <small> &emsp; &emsp;--- 05 May 00:14:22 868 - Catched spinner load exception due to javascript error: {"status":32,"value":"An invalid or illegal selector was specified"}
  (Session info: chrome=124.0.6367.92)
Build info: version: '4.6.0', revision: '79f1c02ae20'
System info: os.name: 'Windows 10', os.arch: 'amd64', os.version: '10.0', java.version: '17.0.7'
Driver info: org.openqa.selenium.chrome.ChromeDriver
Command: [2cf28825ea7a8a419a5b05b8e5d35d84, findElement {using=css selector, value=div[class='slds-spinner slds-spinner_brand slds-spinner_small']>div:nth-child(2)r}]
Capabilities {acceptInsecureCerts: false, browserName: chrome, browserVersion: 124.0.6367.92, chrome: {chromedriverVersion: 124.0.6367.91 (51df0e5e17a8..., userDataDir: C:\Users\PRATHA~1.KUM\AppDa...}, fedcm:accounts: true, goog:chromeOptions: {debuggerAddress: localhost:49451}, networkConnectionEnabled: false, pageLoadStrategy: normal, platformName: WINDOWS, proxy: Proxy(), se:cdp: ws://localhost:49451/devtoo..., se:cdpVersion: 124.0.6367.92, setWindowRect: true, strictFileInteractability: false, timeouts: {implicit: 0, pageLoad: 300000, script: 30000}, unhandledPromptBehavior: dismiss and notify, webauthn:extension:credBlob: true, webauthn:extension:largeBlob: true, webauthn:extension:minPinLength: true, webauthn:extension:prf: true, webauthn:virtualAuthenticators: true}
Session ID: 2cf28825ea7a8a419a5b05b8e5d35d84</small> </font> </div>
<div class="test-event"> <font color="maroon"> <small> &emsp; &emsp;--- 05 May 00:14:22 868 - <b>0</b> - Spinner Load Wait: (Sync) - ICar.support.WaitUtils.waitForSpinner(WaitUtils.java:225)</small> </font> </div>
<div class="test-message">&emsp;Back To Courses is displayed in the page </div>
<div class="test-message">&emsp;Successfully verified Back To Course Link&emsp;<a href=".\ScreenShot\URL_TC001_2722000485973600.png" target="_blank" >[ScreenShot]</a></div>
<div class="test-event"> <font color="maroon"> <small> &emsp; &emsp;--- 05 May 00:14:23 392 - Catched spinner load exception due to javascript error: {"status":32,"value":"An invalid or illegal selector was specified"}
  (Session info: chrome=124.0.6367.92)
Build info: version: '4.6.0', revision: '79f1c02ae20'
System info: os.name: 'Windows 10', os.arch: 'amd64', os.version: '10.0', java.version: '17.0.7'
Driver info: org.openqa.selenium.chrome.ChromeDriver
Command: [2cf28825ea7a8a419a5b05b8e5d35d84, findElement {using=css selector, value=div[class='slds-spinner slds-spinner_brand slds-spinner_small']>div:nth-child(2)r}]
Capabilities {acceptInsecureCerts: false, browserName: chrome, browserVersion: 124.0.6367.92, chrome: {chromedriverVersion: 124.0.6367.91 (51df0e5e17a8..., userDataDir: C:\Users\PRATHA~1.KUM\AppDa...}, fedcm:accounts: true, goog:chromeOptions: {debuggerAddress: localhost:49451}, networkConnectionEnabled: false, pageLoadStrategy: normal, platformName: WINDOWS, proxy: Proxy(), se:cdp: ws://localhost:49451/devtoo..., se:cdpVersion: 124.0.6367.92, setWindowRect: true, strictFileInteractability: false, timeouts: {implicit: 0, pageLoad: 300000, script: 30000}, unhandledPromptBehavior: dismiss and notify, webauthn:extension:credBlob: true, webauthn:extension:largeBlob: true, webauthn:extension:minPinLength: true, webauthn:extension:prf: true, webauthn:virtualAuthenticators: true}
Session ID: 2cf28825ea7a8a419a5b05b8e5d35d84</small> </font> </div>
<div class="test-event"> <font color="maroon"> <small> &emsp; &emsp;--- 05 May 00:14:23 392 - <b>0</b> - Spinner Load Wait: (Sync) - ICar.support.WaitUtils.waitForSpinner(WaitUtils.java:225)</small> </font> </div>
<div class="test-event"> <font color="maroon"> <small> &emsp; &emsp;--- 05 May 00:14:23 455 - Page URL:: https://www.i-car.com/product/solvent-recyclers</small> </font> </div>
<div class="test-event"> <font color="maroon"> <small> &emsp; &emsp;--- 05 May 00:14:23 455 - <b>0</b> - Page Load Wait: (Sync) - ICar.support.Utils.waitForPageLoad(Utils.java:109)</small> </font> </div>
<div class="test-event"> <font color="maroon"> <small> &emsp; &emsp;--- 05 May 00:14:33 500 - Element is displayed:: [[ChromeDriver: chrome on WINDOWS (2cf28825ea7a8a419a5b05b8e5d35d84)] -> xpath: //div[@class='productDetails slds-p-bottom_large']//div[contains(@class,'slds-p-bottom_medium')]]</small> </font> </div>
<div class="test-message">&emsp;Course Name : SolventRecyclers is displayed in the URL page</div>
<div class="test-message">&emsp;Successfully verified the course name for relevant link&emsp;<a href=".\ScreenShot\URL_TC001_2722019140666700.png" target="_blank" >[ScreenShot]</a></div>
<div class="test-message">&emsp;
</div>
<div class="test-message">&emsp;130. URL is : https://www.i-car.com/product/spraybooths</div>
<div class="test-event"> <font color="maroon"> <small> &emsp; &emsp;--- 05 May 00:14:42 908 - Page URL:: https://www.i-car.com/product/spraybooths</small> </font> </div>
<div class="test-event"> <font color="maroon"> <small> &emsp; &emsp;--- 05 May 00:14:42 909 - <b>0</b> - Page Load Wait: (Sync) - ICar.support.Utils.waitForPageLoad(Utils.java:109)</small> </font> </div>
<div class="test-message">&emsp;Successfully navigated to the :  https://www.i-car.com/product/spraybooths   Page&emsp;<a href=".\ScreenShot\URL_TC001_2722020516853300.png" target="_blank" >[ScreenShot]</a></div>
<div class="test-event"> <font color="maroon"> <small> &emsp; &emsp;--- 05 May 00:14:43 170 - Page URL:: https://www.i-car.com/product/spraybooths</small> </font> </div>
<div class="test-event"> <font color="maroon"> <small> &emsp; &emsp;--- 05 May 00:14:43 170 - <b>0</b> - Page Load Wait: (Sync) - ICar.support.Utils.waitForPageLoad(Utils.java:109)</small> </font> </div>
<div class="test-event"> <font color="maroon"> <small> &emsp; &emsp;--- 05 May 00:14:43 178 - Catched spinner load exception due to javascript error: {"status":32,"value":"An invalid or illegal selector was specified"}
  (Session info: chrome=124.0.6367.92)
Build info: version: '4.6.0', revision: '79f1c02ae20'
System info: os.name: 'Windows 10', os.arch: 'amd64', os.version: '10.0', java.version: '17.0.7'
Driver info: org.openqa.selenium.chrome.ChromeDriver
Command: [2cf28825ea7a8a419a5b05b8e5d35d84, findElement {using=css selector, value=div[class='slds-spinner slds-spinner_brand slds-spinner_small']>div:nth-child(2)r}]
Capabilities {acceptInsecureCerts: false, browserName: chrome, browserVersion: 124.0.6367.92, chrome: {chromedriverVersion: 124.0.6367.91 (51df0e5e17a8..., userDataDir: C:\Users\PRATHA~1.KUM\AppDa...}, fedcm:accounts: true, goog:chromeOptions: {debuggerAddress: localhost:49451}, networkConnectionEnabled: false, pageLoadStrategy: normal, platformName: WINDOWS, proxy: Proxy(), se:cdp: ws://localhost:49451/devtoo..., se:cdpVersion: 124.0.6367.92, setWindowRect: true, strictFileInteractability: false, timeouts: {implicit: 0, pageLoad: 300000, script: 30000}, unhandledPromptBehavior: dismiss and notify, webauthn:extension:credBlob: true, webauthn:extension:largeBlob: true, webauthn:extension:minPinLength: true, webauthn:extension:prf: true, webauthn:virtualAuthenticators: true}
Session ID: 2cf28825ea7a8a419a5b05b8e5d35d84</small> </font> </div>
<div class="test-event"> <font color="maroon"> <small> &emsp; &emsp;--- 05 May 00:14:43 178 - <b>0</b> - Spinner Load Wait: (Sync) - ICar.support.WaitUtils.waitForSpinner(WaitUtils.java:225)</small> </font> </div>
<div class="test-event"> <font color="maroon"> <small> &emsp; &emsp;--- 05 May 00:14:53 266 - Page URL:: https://www.i-car.com/product/spraybooths</small> </font> </div>
<div class="test-event"> <font color="maroon"> <small> &emsp; &emsp;--- 05 May 00:14:53 266 - <b>0</b> - Page Load Wait: (Sync) - ICar.support.Utils.waitForPageLoad(Utils.java:109)</small> </font> </div>
<div class="test-event"> <font color="maroon"> <small> &emsp; &emsp;--- 05 May 00:14:53 284 - Element is displayed:: [[ChromeDriver: chrome on WINDOWS (2cf28825ea7a8a419a5b05b8e5d35d84)] -> xpath: //a[contains(text(),'Back to Courses')]]</small> </font> </div>
<div class="test-event"> <font color="maroon"> <small> &emsp; &emsp;--- 05 May 00:15:00 310 - Catched spinner load exception due to javascript error: {"status":32,"value":"An invalid or illegal selector was specified"}
  (Session info: chrome=124.0.6367.92)
Build info: version: '4.6.0', revision: '79f1c02ae20'
System info: os.name: 'Windows 10', os.arch: 'amd64', os.version: '10.0', java.version: '17.0.7'
Driver info: org.openqa.selenium.chrome.ChromeDriver
Command: [2cf28825ea7a8a419a5b05b8e5d35d84, findElement {using=css selector, value=div[class='slds-spinner slds-spinner_brand slds-spinner_small']>div:nth-child(2)r}]
Capabilities {acceptInsecureCerts: false, browserName: chrome, browserVersion: 124.0.6367.92, chrome: {chromedriverVersion: 124.0.6367.91 (51df0e5e17a8..., userDataDir: C:\Users\PRATHA~1.KUM\AppDa...}, fedcm:accounts: true, goog:chromeOptions: {debuggerAddress: localhost:49451}, networkConnectionEnabled: false, pageLoadStrategy: normal, platformName: WINDOWS, proxy: Proxy(), se:cdp: ws://localhost:49451/devtoo..., se:cdpVersion: 124.0.6367.92, setWindowRect: true, strictFileInteractability: false, timeouts: {implicit: 0, pageLoad: 300000, script: 30000}, unhandledPromptBehavior: dismiss and notify, webauthn:extension:credBlob: true, webauthn:extension:largeBlob: true, webauthn:extension:minPinLength: true, webauthn:extension:prf: true, webauthn:virtualAuthenticators: true}
Session ID: 2cf28825ea7a8a419a5b05b8e5d35d84</small> </font> </div>
<div class="test-event"> <font color="maroon"> <small> &emsp; &emsp;--- 05 May 00:15:00 310 - <b>0</b> - Spinner Load Wait: (Sync) - ICar.support.WaitUtils.waitForSpinner(WaitUtils.java:225)</small> </font> </div>
<div class="test-message">&emsp;Back To Courses is displayed in the page </div>
<div class="test-message">&emsp;Successfully verified Back To Course Link&emsp;<a href=".\ScreenShot\URL_TC001_2722037929245900.png" target="_blank" >[ScreenShot]</a></div>
<div class="test-event"> <font color="maroon"> <small> &emsp; &emsp;--- 05 May 00:15:00 679 - Catched spinner load exception due to javascript error: {"status":32,"value":"An invalid or illegal selector was specified"}
  (Session info: chrome=124.0.6367.92)
Build info: version: '4.6.0', revision: '79f1c02ae20'
System info: os.name: 'Windows 10', os.arch: 'amd64', os.version: '10.0', java.version: '17.0.7'
Driver info: org.openqa.selenium.chrome.ChromeDriver
Command: [2cf28825ea7a8a419a5b05b8e5d35d84, findElement {using=css selector, value=div[class='slds-spinner slds-spinner_brand slds-spinner_small']>div:nth-child(2)r}]
Capabilities {acceptInsecureCerts: false, browserName: chrome, browserVersion: 124.0.6367.92, chrome: {chromedriverVersion: 124.0.6367.91 (51df0e5e17a8..., userDataDir: C:\Users\PRATHA~1.KUM\AppDa...}, fedcm:accounts: true, goog:chromeOptions: {debuggerAddress: localhost:49451}, networkConnectionEnabled: false, pageLoadStrategy: normal, platformName: WINDOWS, proxy: Proxy(), se:cdp: ws://localhost:49451/devtoo..., se:cdpVersion: 124.0.6367.92, setWindowRect: true, strictFileInteractability: false, timeouts: {implicit: 0, pageLoad: 300000, script: 30000}, unhandledPromptBehavior: dismiss and notify, webauthn:extension:credBlob: true, webauthn:extension:largeBlob: true, webauthn:extension:minPinLength: true, webauthn:extension:prf: true, webauthn:virtualAuthenticators: true}
Session ID: 2cf28825ea7a8a419a5b05b8e5d35d84</small> </font> </div>
<div class="test-event"> <font color="maroon"> <small> &emsp; &emsp;--- 05 May 00:15:00 679 - <b>0</b> - Spinner Load Wait: (Sync) - ICar.support.WaitUtils.waitForSpinner(WaitUtils.java:225)</small> </font> </div>
<div class="test-event"> <font color="maroon"> <small> &emsp; &emsp;--- 05 May 00:15:00 740 - Page URL:: https://www.i-car.com/product/spraybooths</small> </font> </div>
<div class="test-event"> <font color="maroon"> <small> &emsp; &emsp;--- 05 May 00:15:00 740 - <b>0</b> - Page Load Wait: (Sync) - ICar.support.Utils.waitForPageLoad(Utils.java:109)</small> </font> </div>
<div class="test-event"> <font color="maroon"> <small> &emsp; &emsp;--- 05 May 00:15:10 794 - Element is displayed:: [[ChromeDriver: chrome on WINDOWS (2cf28825ea7a8a419a5b05b8e5d35d84)] -> xpath: //div[@class='productDetails slds-p-bottom_large']//div[contains(@class,'slds-p-bottom_medium')]]</small> </font> </div>
<div class="test-message">&emsp;Course Name : Spraybooths is displayed in the URL page</div>
<div class="test-message">&emsp;Successfully verified the course name for relevant link&emsp;<a href=".\ScreenShot\URL_TC001_2722056430883800.png" target="_blank" >[ScreenShot]</a></div>
<div class="test-message">&emsp;
</div>
<div class="test-message">&emsp;131. URL is : https://www.i-car.com/product/temperature-monitoring-tools</div>
<div class="test-event"> <font color="maroon"> <small> &emsp; &emsp;--- 05 May 00:15:20 171 - Page URL:: https://www.i-car.com/product/temperature-monitoring-tools</small> </font> </div>
<div class="test-event"> <font color="maroon"> <small> &emsp; &emsp;--- 05 May 00:15:20 171 - <b>0</b> - Page Load Wait: (Sync) - ICar.support.Utils.waitForPageLoad(Utils.java:109)</small> </font> </div>
<div class="test-message">&emsp;Successfully navigated to the :  https://www.i-car.com/product/temperature-monitoring-tools   Page&emsp;<a href=".\ScreenShot\URL_TC001_2722057778684300.png" target="_blank" >[ScreenShot]</a></div>
<div class="test-event"> <font color="maroon"> <small> &emsp; &emsp;--- 05 May 00:15:20 465 - Page URL:: https://www.i-car.com/product/temperature-monitoring-tools</small> </font> </div>
<div class="test-event"> <font color="maroon"> <small> &emsp; &emsp;--- 05 May 00:15:20 465 - <b>0</b> - Page Load Wait: (Sync) - ICar.support.Utils.waitForPageLoad(Utils.java:109)</small> </font> </div>
<div class="test-event"> <font color="maroon"> <small> &emsp; &emsp;--- 05 May 00:15:20 474 - Catched spinner load exception due to javascript error: {"status":32,"value":"An invalid or illegal selector was specified"}
  (Session info: chrome=124.0.6367.92)
Build info: version: '4.6.0', revision: '79f1c02ae20'
System info: os.name: 'Windows 10', os.arch: 'amd64', os.version: '10.0', java.version: '17.0.7'
Driver info: org.openqa.selenium.chrome.ChromeDriver
Command: [2cf28825ea7a8a419a5b05b8e5d35d84, findElement {using=css selector, value=div[class='slds-spinner slds-spinner_brand slds-spinner_small']>div:nth-child(2)r}]
Capabilities {acceptInsecureCerts: false, browserName: chrome, browserVersion: 124.0.6367.92, chrome: {chromedriverVersion: 124.0.6367.91 (51df0e5e17a8..., userDataDir: C:\Users\PRATHA~1.KUM\AppDa...}, fedcm:accounts: true, goog:chromeOptions: {debuggerAddress: localhost:49451}, networkConnectionEnabled: false, pageLoadStrategy: normal, platformName: WINDOWS, proxy: Proxy(), se:cdp: ws://localhost:49451/devtoo..., se:cdpVersion: 124.0.6367.92, setWindowRect: true, strictFileInteractability: false, timeouts: {implicit: 0, pageLoad: 300000, script: 30000}, unhandledPromptBehavior: dismiss and notify, webauthn:extension:credBlob: true, webauthn:extension:largeBlob: true, webauthn:extension:minPinLength: true, webauthn:extension:prf: true, webauthn:virtualAuthenticators: true}
Session ID: 2cf28825ea7a8a419a5b05b8e5d35d84</small> </font> </div>
<div class="test-event"> <font color="maroon"> <small> &emsp; &emsp;--- 05 May 00:15:20 474 - <b>0</b> - Spinner Load Wait: (Sync) - ICar.support.WaitUtils.waitForSpinner(WaitUtils.java:225)</small> </font> </div>
<div class="test-event"> <font color="maroon"> <small> &emsp; &emsp;--- 05 May 00:15:30 559 - Page URL:: https://www.i-car.com/product/temperature-monitoring-tools</small> </font> </div>
<div class="test-event"> <font color="maroon"> <small> &emsp; &emsp;--- 05 May 00:15:30 559 - <b>0</b> - Page Load Wait: (Sync) - ICar.support.Utils.waitForPageLoad(Utils.java:109)</small> </font> </div>
<div class="test-event"> <font color="maroon"> <small> &emsp; &emsp;--- 05 May 00:15:30 579 - Element is displayed:: [[ChromeDriver: chrome on WINDOWS (2cf28825ea7a8a419a5b05b8e5d35d84)] -> xpath: //a[contains(text(),'Back to Courses')]]</small> </font> </div>
<div class="test-event"> <font color="maroon"> <small> &emsp; &emsp;--- 05 May 00:15:37 623 - Catched spinner load exception due to javascript error: {"status":32,"value":"An invalid or illegal selector was specified"}
  (Session info: chrome=124.0.6367.92)
Build info: version: '4.6.0', revision: '79f1c02ae20'
System info: os.name: 'Windows 10', os.arch: 'amd64', os.version: '10.0', java.version: '17.0.7'
Driver info: org.openqa.selenium.chrome.ChromeDriver
Command: [2cf28825ea7a8a419a5b05b8e5d35d84, findElement {using=css selector, value=div[class='slds-spinner slds-spinner_brand slds-spinner_small']>div:nth-child(2)r}]
Capabilities {acceptInsecureCerts: false, browserName: chrome, browserVersion: 124.0.6367.92, chrome: {chromedriverVersion: 124.0.6367.91 (51df0e5e17a8..., userDataDir: C:\Users\PRATHA~1.KUM\AppDa...}, fedcm:accounts: true, goog:chromeOptions: {debuggerAddress: localhost:49451}, networkConnectionEnabled: false, pageLoadStrategy: normal, platformName: WINDOWS, proxy: Proxy(), se:cdp: ws://localhost:49451/devtoo..., se:cdpVersion: 124.0.6367.92, setWindowRect: true, strictFileInteractability: false, timeouts: {implicit: 0, pageLoad: 300000, script: 30000}, unhandledPromptBehavior: dismiss and notify, webauthn:extension:credBlob: true, webauthn:extension:largeBlob: true, webauthn:extension:minPinLength: true, webauthn:extension:prf: true, webauthn:virtualAuthenticators: true}
Session ID: 2cf28825ea7a8a419a5b05b8e5d35d84</small> </font> </div>
<div class="test-event"> <font color="maroon"> <small> &emsp; &emsp;--- 05 May 00:15:37 623 - <b>0</b> - Spinner Load Wait: (Sync) - ICar.support.WaitUtils.waitForSpinner(WaitUtils.java:225)</small> </font> </div>
<div class="test-message">&emsp;Back To Courses is displayed in the page </div>
<div class="test-message">&emsp;Successfully verified Back To Course Link&emsp;<a href=".\ScreenShot\URL_TC001_2722075241855900.png" target="_blank" >[ScreenShot]</a></div>
<div class="test-event"> <font color="maroon"> <small> &emsp; &emsp;--- 05 May 00:15:38 071 - Catched spinner load exception due to javascript error: {"status":32,"value":"An invalid or illegal selector was specified"}
  (Session info: chrome=124.0.6367.92)
Build info: version: '4.6.0', revision: '79f1c02ae20'
System info: os.name: 'Windows 10', os.arch: 'amd64', os.version: '10.0', java.version: '17.0.7'
Driver info: org.openqa.selenium.chrome.ChromeDriver
Command: [2cf28825ea7a8a419a5b05b8e5d35d84, findElement {using=css selector, value=div[class='slds-spinner slds-spinner_brand slds-spinner_small']>div:nth-child(2)r}]
Capabilities {acceptInsecureCerts: false, browserName: chrome, browserVersion: 124.0.6367.92, chrome: {chromedriverVersion: 124.0.6367.91 (51df0e5e17a8..., userDataDir: C:\Users\PRATHA~1.KUM\AppDa...}, fedcm:accounts: true, goog:chromeOptions: {debuggerAddress: localhost:49451}, networkConnectionEnabled: false, pageLoadStrategy: normal, platformName: WINDOWS, proxy: Proxy(), se:cdp: ws://localhost:49451/devtoo..., se:cdpVersion: 124.0.6367.92, setWindowRect: true, strictFileInteractability: false, timeouts: {implicit: 0, pageLoad: 300000, script: 30000}, unhandledPromptBehavior: dismiss and notify, webauthn:extension:credBlob: true, webauthn:extension:largeBlob: true, webauthn:extension:minPinLength: true, webauthn:extension:prf: true, webauthn:virtualAuthenticators: true}
Session ID: 2cf28825ea7a8a419a5b05b8e5d35d84</small> </font> </div>
<div class="test-event"> <font color="maroon"> <small> &emsp; &emsp;--- 05 May 00:15:38 071 - <b>0</b> - Spinner Load Wait: (Sync) - ICar.support.WaitUtils.waitForSpinner(WaitUtils.java:225)</small> </font> </div>
<div class="test-event"> <font color="maroon"> <small> &emsp; &emsp;--- 05 May 00:15:38 133 - Page URL:: https://www.i-car.com/product/temperature-monitoring-tools</small> </font> </div>
<div class="test-event"> <font color="maroon"> <small> &emsp; &emsp;--- 05 May 00:15:38 133 - <b>0</b> - Page Load Wait: (Sync) - ICar.support.Utils.waitForPageLoad(Utils.java:109)</small> </font> </div>
<div class="test-event"> <font color="maroon"> <small> &emsp; &emsp;--- 05 May 00:15:48 207 - Element is displayed:: [[ChromeDriver: chrome on WINDOWS (2cf28825ea7a8a419a5b05b8e5d35d84)] -> xpath: //div[@class='productDetails slds-p-bottom_large']//div[contains(@class,'slds-p-bottom_medium')]]</small> </font> </div>
<div class="test-message">&emsp;Course Name : TemperatureMonitoringTools is displayed in the URL page</div>
<div class="test-message">&emsp;Successfully verified the course name for relevant link&emsp;<a href=".\ScreenShot\URL_TC001_2722093846228900.png" target="_blank" >[ScreenShot]</a></div>
<div class="test-message">&emsp;
</div>
<div class="test-message">&emsp;132. URL is : https://www.i-car.com/product/processing-vehicle-salvage</div>
<div class="test-event"> <font color="maroon"> <small> &emsp; &emsp;--- 05 May 00:15:57 634 - Page URL:: https://www.i-car.com/product/processing-vehicle-salvage</small> </font> </div>
<div class="test-event"> <font color="maroon"> <small> &emsp; &emsp;--- 05 May 00:15:57 634 - <b>0</b> - Page Load Wait: (Sync) - ICar.support.Utils.waitForPageLoad(Utils.java:109)</small> </font> </div>
<div class="test-message">&emsp;Successfully navigated to the :  https://www.i-car.com/product/processing-vehicle-salvage   Page&emsp;<a href=".\ScreenShot\URL_TC001_2722095240969000.png" target="_blank" >[ScreenShot]</a></div>
<div class="test-event"> <font color="maroon"> <small> &emsp; &emsp;--- 05 May 00:15:57 925 - Page URL:: https://www.i-car.com/product/processing-vehicle-salvage</small> </font> </div>
<div class="test-event"> <font color="maroon"> <small> &emsp; &emsp;--- 05 May 00:15:57 926 - <b>0</b> - Page Load Wait: (Sync) - ICar.support.Utils.waitForPageLoad(Utils.java:109)</small> </font> </div>
<div class="test-event"> <font color="maroon"> <small> &emsp; &emsp;--- 05 May 00:15:57 934 - Catched spinner load exception due to javascript error: {"status":32,"value":"An invalid or illegal selector was specified"}
  (Session info: chrome=124.0.6367.92)
Build info: version: '4.6.0', revision: '79f1c02ae20'
System info: os.name: 'Windows 10', os.arch: 'amd64', os.version: '10.0', java.version: '17.0.7'
Driver info: org.openqa.selenium.chrome.ChromeDriver
Command: [2cf28825ea7a8a419a5b05b8e5d35d84, findElement {using=css selector, value=div[class='slds-spinner slds-spinner_brand slds-spinner_small']>div:nth-child(2)r}]
Capabilities {acceptInsecureCerts: false, browserName: chrome, browserVersion: 124.0.6367.92, chrome: {chromedriverVersion: 124.0.6367.91 (51df0e5e17a8..., userDataDir: C:\Users\PRATHA~1.KUM\AppDa...}, fedcm:accounts: true, goog:chromeOptions: {debuggerAddress: localhost:49451}, networkConnectionEnabled: false, pageLoadStrategy: normal, platformName: WINDOWS, proxy: Proxy(), se:cdp: ws://localhost:49451/devtoo..., se:cdpVersion: 124.0.6367.92, setWindowRect: true, strictFileInteractability: false, timeouts: {implicit: 0, pageLoad: 300000, script: 30000}, unhandledPromptBehavior: dismiss and notify, webauthn:extension:credBlob: true, webauthn:extension:largeBlob: true, webauthn:extension:minPinLength: true, webauthn:extension:prf: true, webauthn:virtualAuthenticators: true}
Session ID: 2cf28825ea7a8a419a5b05b8e5d35d84</small> </font> </div>
<div class="test-event"> <font color="maroon"> <small> &emsp; &emsp;--- 05 May 00:15:57 934 - <b>0</b> - Spinner Load Wait: (Sync) - ICar.support.WaitUtils.waitForSpinner(WaitUtils.java:225)</small> </font> </div>
<div class="test-event"> <font color="maroon"> <small> &emsp; &emsp;--- 05 May 00:16:08 025 - Page URL:: https://www.i-car.com/product/processing-vehicle-salvage</small> </font> </div>
<div class="test-event"> <font color="maroon"> <small> &emsp; &emsp;--- 05 May 00:16:08 026 - <b>0</b> - Page Load Wait: (Sync) - ICar.support.Utils.waitForPageLoad(Utils.java:109)</small> </font> </div>
<div class="test-event"> <font color="maroon"> <small> &emsp; &emsp;--- 05 May 00:16:08 043 - Element is displayed:: [[ChromeDriver: chrome on WINDOWS (2cf28825ea7a8a419a5b05b8e5d35d84)] -> xpath: //a[contains(text(),'Back to Courses')]]</small> </font> </div>
<div class="test-event"> <font color="maroon"> <small> &emsp; &emsp;--- 05 May 00:16:15 078 - Catched spinner load exception due to javascript error: {"status":32,"value":"An invalid or illegal selector was specified"}
  (Session info: chrome=124.0.6367.92)
Build info: version: '4.6.0', revision: '79f1c02ae20'
System info: os.name: 'Windows 10', os.arch: 'amd64', os.version: '10.0', java.version: '17.0.7'
Driver info: org.openqa.selenium.chrome.ChromeDriver
Command: [2cf28825ea7a8a419a5b05b8e5d35d84, findElement {using=css selector, value=div[class='slds-spinner slds-spinner_brand slds-spinner_small']>div:nth-child(2)r}]
Capabilities {acceptInsecureCerts: false, browserName: chrome, browserVersion: 124.0.6367.92, chrome: {chromedriverVersion: 124.0.6367.91 (51df0e5e17a8..., userDataDir: C:\Users\PRATHA~1.KUM\AppDa...}, fedcm:accounts: true, goog:chromeOptions: {debuggerAddress: localhost:49451}, networkConnectionEnabled: false, pageLoadStrategy: normal, platformName: WINDOWS, proxy: Proxy(), se:cdp: ws://localhost:49451/devtoo..., se:cdpVersion: 124.0.6367.92, setWindowRect: true, strictFileInteractability: false, timeouts: {implicit: 0, pageLoad: 300000, script: 30000}, unhandledPromptBehavior: dismiss and notify, webauthn:extension:credBlob: true, webauthn:extension:largeBlob: true, webauthn:extension:minPinLength: true, webauthn:extension:prf: true, webauthn:virtualAuthenticators: true}
Session ID: 2cf28825ea7a8a419a5b05b8e5d35d84</small> </font> </div>
<div class="test-event"> <font color="maroon"> <small> &emsp; &emsp;--- 05 May 00:16:15 078 - <b>0</b> - Spinner Load Wait: (Sync) - ICar.support.WaitUtils.waitForSpinner(WaitUtils.java:225)</small> </font> </div>
<div class="test-message">&emsp;Back To Courses is displayed in the page </div>
<div class="test-message">&emsp;Successfully verified Back To Course Link&emsp;<a href=".\ScreenShot\URL_TC001_2722112700221700.png" target="_blank" >[ScreenShot]</a></div>
<div class="test-event"> <font color="maroon"> <small> &emsp; &emsp;--- 05 May 00:16:15 345 - Catched spinner load exception due to javascript error: {"status":32,"value":"An invalid or illegal selector was specified"}
  (Session info: chrome=124.0.6367.92)
Build info: version: '4.6.0', revision: '79f1c02ae20'
System info: os.name: 'Windows 10', os.arch: 'amd64', os.version: '10.0', java.version: '17.0.7'
Driver info: org.openqa.selenium.chrome.ChromeDriver
Command: [2cf28825ea7a8a419a5b05b8e5d35d84, findElement {using=css selector, value=div[class='slds-spinner slds-spinner_brand slds-spinner_small']>div:nth-child(2)r}]
Capabilities {acceptInsecureCerts: false, browserName: chrome, browserVersion: 124.0.6367.92, chrome: {chromedriverVersion: 124.0.6367.91 (51df0e5e17a8..., userDataDir: C:\Users\PRATHA~1.KUM\AppDa...}, fedcm:accounts: true, goog:chromeOptions: {debuggerAddress: localhost:49451}, networkConnectionEnabled: false, pageLoadStrategy: normal, platformName: WINDOWS, proxy: Proxy(), se:cdp: ws://localhost:49451/devtoo..., se:cdpVersion: 124.0.6367.92, setWindowRect: true, strictFileInteractability: false, timeouts: {implicit: 0, pageLoad: 300000, script: 30000}, unhandledPromptBehavior: dismiss and notify, webauthn:extension:credBlob: true, webauthn:extension:largeBlob: true, webauthn:extension:minPinLength: true, webauthn:extension:prf: true, webauthn:virtualAuthenticators: true}
Session ID: 2cf28825ea7a8a419a5b05b8e5d35d84</small> </font> </div>
<div class="test-event"> <font color="maroon"> <small> &emsp; &emsp;--- 05 May 00:16:15 345 - <b>0</b> - Spinner Load Wait: (Sync) - ICar.support.WaitUtils.waitForSpinner(WaitUtils.java:225)</small> </font> </div>
<div class="test-event"> <font color="maroon"> <small> &emsp; &emsp;--- 05 May 00:16:15 409 - Page URL:: https://www.i-car.com/product/processing-vehicle-salvage</small> </font> </div>
<div class="test-event"> <font color="maroon"> <small> &emsp; &emsp;--- 05 May 00:16:15 410 - <b>0</b> - Page Load Wait: (Sync) - ICar.support.Utils.waitForPageLoad(Utils.java:109)</small> </font> </div>
<div class="test-event"> <font color="maroon"> <small> &emsp; &emsp;--- 05 May 00:16:25 467 - Element is displayed:: [[ChromeDriver: chrome on WINDOWS (2cf28825ea7a8a419a5b05b8e5d35d84)] -> xpath: //div[@class='productDetails slds-p-bottom_large']//div[contains(@class,'slds-p-bottom_medium')]]</small> </font> </div>
<div class="test-message">&emsp;Course Name : TotalLossandSalvageProcess is not displayed in the URL pageName from Excel :processingvehiclesalvage</div>
<div class="test-result"><font color="red">&emsp;Failed to verify the course name for relevant link</font><a href=".\ScreenShot\URL_TC001_2722131090676600.png" target="_blank" >[ScreenShot]</a></div>
<!--FAILSOFT-->
<div class="test-message">&emsp;
</div>
<div class="test-message">&emsp;133. URL is : https://www.i-car.com/product/understanding-high-voltage-safety</div>
<div class="test-event"> <font color="maroon"> <small> &emsp; &emsp;--- 05 May 00:16:34 845 - Page URL:: https://www.i-car.com/product/understanding-high-voltage-safety</small> </font> </div>
<div class="test-event"> <font color="maroon"> <small> &emsp; &emsp;--- 05 May 00:16:34 845 - <b>0</b> - Page Load Wait: (Sync) - ICar.support.Utils.waitForPageLoad(Utils.java:109)</small> </font> </div>
<div class="test-message">&emsp;Successfully navigated to the :  https://www.i-car.com/product/understanding-high-voltage-safety   Page&emsp;<a href=".\ScreenShot\URL_TC001_2722132452911400.png" target="_blank" >[ScreenShot]</a></div>
<div class="test-event"> <font color="maroon"> <small> &emsp; &emsp;--- 05 May 00:16:35 128 - Page URL:: https://www.i-car.com/product/understanding-high-voltage-safety</small> </font> </div>
<div class="test-event"> <font color="maroon"> <small> &emsp; &emsp;--- 05 May 00:16:35 128 - <b>0</b> - Page Load Wait: (Sync) - ICar.support.Utils.waitForPageLoad(Utils.java:109)</small> </font> </div>
<div class="test-event"> <font color="maroon"> <small> &emsp; &emsp;--- 05 May 00:16:35 136 - Catched spinner load exception due to javascript error: {"status":32,"value":"An invalid or illegal selector was specified"}
  (Session info: chrome=124.0.6367.92)
Build info: version: '4.6.0', revision: '79f1c02ae20'
System info: os.name: 'Windows 10', os.arch: 'amd64', os.version: '10.0', java.version: '17.0.7'
Driver info: org.openqa.selenium.chrome.ChromeDriver
Command: [2cf28825ea7a8a419a5b05b8e5d35d84, findElement {using=css selector, value=div[class='slds-spinner slds-spinner_brand slds-spinner_small']>div:nth-child(2)r}]
Capabilities {acceptInsecureCerts: false, browserName: chrome, browserVersion: 124.0.6367.92, chrome: {chromedriverVersion: 124.0.6367.91 (51df0e5e17a8..., userDataDir: C:\Users\PRATHA~1.KUM\AppDa...}, fedcm:accounts: true, goog:chromeOptions: {debuggerAddress: localhost:49451}, networkConnectionEnabled: false, pageLoadStrategy: normal, platformName: WINDOWS, proxy: Proxy(), se:cdp: ws://localhost:49451/devtoo..., se:cdpVersion: 124.0.6367.92, setWindowRect: true, strictFileInteractability: false, timeouts: {implicit: 0, pageLoad: 300000, script: 30000}, unhandledPromptBehavior: dismiss and notify, webauthn:extension:credBlob: true, webauthn:extension:largeBlob: true, webauthn:extension:minPinLength: true, webauthn:extension:prf: true, webauthn:virtualAuthenticators: true}
Session ID: 2cf28825ea7a8a419a5b05b8e5d35d84</small> </font> </div>
<div class="test-event"> <font color="maroon"> <small> &emsp; &emsp;--- 05 May 00:16:35 136 - <b>0</b> - Spinner Load Wait: (Sync) - ICar.support.WaitUtils.waitForSpinner(WaitUtils.java:225)</small> </font> </div>
<div class="test-event"> <font color="maroon"> <small> &emsp; &emsp;--- 05 May 00:16:45 251 - Page URL:: https://www.i-car.com/product/understanding-high-voltage-safety</small> </font> </div>
<div class="test-event"> <font color="maroon"> <small> &emsp; &emsp;--- 05 May 00:16:45 251 - <b>0</b> - Page Load Wait: (Sync) - ICar.support.Utils.waitForPageLoad(Utils.java:109)</small> </font> </div>
<div class="test-event"> <font color="maroon"> <small> &emsp; &emsp;--- 05 May 00:16:45 268 - Element is displayed:: [[ChromeDriver: chrome on WINDOWS (2cf28825ea7a8a419a5b05b8e5d35d84)] -> xpath: //a[contains(text(),'Back to Courses')]]</small> </font> </div>
<div class="test-event"> <font color="maroon"> <small> &emsp; &emsp;--- 05 May 00:16:52 312 - Catched spinner load exception due to javascript error: {"status":32,"value":"An invalid or illegal selector was specified"}
  (Session info: chrome=124.0.6367.92)
Build info: version: '4.6.0', revision: '79f1c02ae20'
System info: os.name: 'Windows 10', os.arch: 'amd64', os.version: '10.0', java.version: '17.0.7'
Driver info: org.openqa.selenium.chrome.ChromeDriver
Command: [2cf28825ea7a8a419a5b05b8e5d35d84, findElement {using=css selector, value=div[class='slds-spinner slds-spinner_brand slds-spinner_small']>div:nth-child(2)r}]
Capabilities {acceptInsecureCerts: false, browserName: chrome, browserVersion: 124.0.6367.92, chrome: {chromedriverVersion: 124.0.6367.91 (51df0e5e17a8..., userDataDir: C:\Users\PRATHA~1.KUM\AppDa...}, fedcm:accounts: true, goog:chromeOptions: {debuggerAddress: localhost:49451}, networkConnectionEnabled: false, pageLoadStrategy: normal, platformName: WINDOWS, proxy: Proxy(), se:cdp: ws://localhost:49451/devtoo..., se:cdpVersion: 124.0.6367.92, setWindowRect: true, strictFileInteractability: false, timeouts: {implicit: 0, pageLoad: 300000, script: 30000}, unhandledPromptBehavior: dismiss and notify, webauthn:extension:credBlob: true, webauthn:extension:largeBlob: true, webauthn:extension:minPinLength: true, webauthn:extension:prf: true, webauthn:virtualAuthenticators: true}
Session ID: 2cf28825ea7a8a419a5b05b8e5d35d84</small> </font> </div>
<div class="test-event"> <font color="maroon"> <small> &emsp; &emsp;--- 05 May 00:16:52 312 - <b>0</b> - Spinner Load Wait: (Sync) - ICar.support.WaitUtils.waitForSpinner(WaitUtils.java:225)</small> </font> </div>
<div class="test-message">&emsp;Back To Courses is displayed in the page </div>
<div class="test-message">&emsp;Successfully verified Back To Course Link&emsp;<a href=".\ScreenShot\URL_TC001_2722149929902300.png" target="_blank" >[ScreenShot]</a></div>
<div class="test-event"> <font color="maroon"> <small> &emsp; &emsp;--- 05 May 00:16:52 556 - Catched spinner load exception due to javascript error: {"status":32,"value":"An invalid or illegal selector was specified"}
  (Session info: chrome=124.0.6367.92)
Build info: version: '4.6.0', revision: '79f1c02ae20'
System info: os.name: 'Windows 10', os.arch: 'amd64', os.version: '10.0', java.version: '17.0.7'
Driver info: org.openqa.selenium.chrome.ChromeDriver
Command: [2cf28825ea7a8a419a5b05b8e5d35d84, findElement {using=css selector, value=div[class='slds-spinner slds-spinner_brand slds-spinner_small']>div:nth-child(2)r}]
Capabilities {acceptInsecureCerts: false, browserName: chrome, browserVersion: 124.0.6367.92, chrome: {chromedriverVersion: 124.0.6367.91 (51df0e5e17a8..., userDataDir: C:\Users\PRATHA~1.KUM\AppDa...}, fedcm:accounts: true, goog:chromeOptions: {debuggerAddress: localhost:49451}, networkConnectionEnabled: false, pageLoadStrategy: normal, platformName: WINDOWS, proxy: Proxy(), se:cdp: ws://localhost:49451/devtoo..., se:cdpVersion: 124.0.6367.92, setWindowRect: true, strictFileInteractability: false, timeouts: {implicit: 0, pageLoad: 300000, script: 30000}, unhandledPromptBehavior: dismiss and notify, webauthn:extension:credBlob: true, webauthn:extension:largeBlob: true, webauthn:extension:minPinLength: true, webauthn:extension:prf: true, webauthn:virtualAuthenticators: true}
Session ID: 2cf28825ea7a8a419a5b05b8e5d35d84</small> </font> </div>
<div class="test-event"> <font color="maroon"> <small> &emsp; &emsp;--- 05 May 00:16:52 556 - <b>0</b> - Spinner Load Wait: (Sync) - ICar.support.WaitUtils.waitForSpinner(WaitUtils.java:225)</small> </font> </div>
<div class="test-event"> <font color="maroon"> <small> &emsp; &emsp;--- 05 May 00:16:52 617 - Page URL:: https://www.i-car.com/product/understanding-high-voltage-safety</small> </font> </div>
<div class="test-event"> <font color="maroon"> <small> &emsp; &emsp;--- 05 May 00:16:52 617 - <b>0</b> - Page Load Wait: (Sync) - ICar.support.Utils.waitForPageLoad(Utils.java:109)</small> </font> </div>
<div class="test-event"> <font color="maroon"> <small> &emsp; &emsp;--- 05 May 00:17:02 661 - Element is displayed:: [[ChromeDriver: chrome on WINDOWS (2cf28825ea7a8a419a5b05b8e5d35d84)] -> xpath: //div[@class='productDetails slds-p-bottom_large']//div[contains(@class,'slds-p-bottom_medium')]]</small> </font> </div>
<div class="test-message">&emsp;Course Name : UnderstandingHighVoltageSafety is displayed in the URL page</div>
<div class="test-message">&emsp;Successfully verified the course name for relevant link&emsp;<a href=".\ScreenShot\URL_TC001_2722168290315500.png" target="_blank" >[ScreenShot]</a></div>
<div class="test-message">&emsp;
</div>
<div class="test-message">&emsp;134. URL is : https://www.i-car.com/product/nissan-rogue-2021-electromechanical-repairs</div>
<div class="test-event"> <font color="maroon"> <small> &emsp; &emsp;--- 05 May 00:17:12 125 - Page URL:: https://www.i-car.com/product/nissan-rogue-2021-electromechanical-repairs</small> </font> </div>
<div class="test-event"> <font color="maroon"> <small> &emsp; &emsp;--- 05 May 00:17:12 125 - <b>0</b> - Page Load Wait: (Sync) - ICar.support.Utils.waitForPageLoad(Utils.java:109)</small> </font> </div>
<div class="test-message">&emsp;Successfully navigated to the :  https://www.i-car.com/product/nissan-rogue-2021-electromechanical-repairs   Page&emsp;<a href=".\ScreenShot\URL_TC001_2722169731650800.png" target="_blank" >[ScreenShot]</a></div>
<div class="test-event"> <font color="maroon"> <small> &emsp; &emsp;--- 05 May 00:17:12 402 - Page URL:: https://www.i-car.com/product/nissan-rogue-2021-electromechanical-repairs</small> </font> </div>
<div class="test-event"> <font color="maroon"> <small> &emsp; &emsp;--- 05 May 00:17:12 402 - <b>0</b> - Page Load Wait: (Sync) - ICar.support.Utils.waitForPageLoad(Utils.java:109)</small> </font> </div>
<div class="test-event"> <font color="maroon"> <small> &emsp; &emsp;--- 05 May 00:17:12 410 - Catched spinner load exception due to javascript error: {"status":32,"value":"An invalid or illegal selector was specified"}
  (Session info: chrome=124.0.6367.92)
Build info: version: '4.6.0', revision: '79f1c02ae20'
System info: os.name: 'Windows 10', os.arch: 'amd64', os.version: '10.0', java.version: '17.0.7'
Driver info: org.openqa.selenium.chrome.ChromeDriver
Command: [2cf28825ea7a8a419a5b05b8e5d35d84, findElement {using=css selector, value=div[class='slds-spinner slds-spinner_brand slds-spinner_small']>div:nth-child(2)r}]
Capabilities {acceptInsecureCerts: false, browserName: chrome, browserVersion: 124.0.6367.92, chrome: {chromedriverVersion: 124.0.6367.91 (51df0e5e17a8..., userDataDir: C:\Users\PRATHA~1.KUM\AppDa...}, fedcm:accounts: true, goog:chromeOptions: {debuggerAddress: localhost:49451}, networkConnectionEnabled: false, pageLoadStrategy: normal, platformName: WINDOWS, proxy: Proxy(), se:cdp: ws://localhost:49451/devtoo..., se:cdpVersion: 124.0.6367.92, setWindowRect: true, strictFileInteractability: false, timeouts: {implicit: 0, pageLoad: 300000, script: 30000}, unhandledPromptBehavior: dismiss and notify, webauthn:extension:credBlob: true, webauthn:extension:largeBlob: true, webauthn:extension:minPinLength: true, webauthn:extension:prf: true, webauthn:virtualAuthenticators: true}
Session ID: 2cf28825ea7a8a419a5b05b8e5d35d84</small> </font> </div>
<div class="test-event"> <font color="maroon"> <small> &emsp; &emsp;--- 05 May 00:17:12 410 - <b>0</b> - Spinner Load Wait: (Sync) - ICar.support.WaitUtils.waitForSpinner(WaitUtils.java:225)</small> </font> </div>
<div class="test-event"> <font color="maroon"> <small> &emsp; &emsp;--- 05 May 00:17:22 479 - Page URL:: https://www.i-car.com/product/nissan-rogue-2021-electromechanical-repairs</small> </font> </div>
<div class="test-event"> <font color="maroon"> <small> &emsp; &emsp;--- 05 May 00:17:22 479 - <b>0</b> - Page Load Wait: (Sync) - ICar.support.Utils.waitForPageLoad(Utils.java:109)</small> </font> </div>
<div class="test-event"> <font color="maroon"> <small> &emsp; &emsp;--- 05 May 00:17:22 497 - Element is displayed:: [[ChromeDriver: chrome on WINDOWS (2cf28825ea7a8a419a5b05b8e5d35d84)] -> xpath: //a[contains(text(),'Back to Courses')]]</small> </font> </div>
<div class="test-event"> <font color="maroon"> <small> &emsp; &emsp;--- 05 May 00:17:29 522 - Catched spinner load exception due to javascript error: {"status":32,"value":"An invalid or illegal selector was specified"}
  (Session info: chrome=124.0.6367.92)
Build info: version: '4.6.0', revision: '79f1c02ae20'
System info: os.name: 'Windows 10', os.arch: 'amd64', os.version: '10.0', java.version: '17.0.7'
Driver info: org.openqa.selenium.chrome.ChromeDriver
Command: [2cf28825ea7a8a419a5b05b8e5d35d84, findElement {using=css selector, value=div[class='slds-spinner slds-spinner_brand slds-spinner_small']>div:nth-child(2)r}]
Capabilities {acceptInsecureCerts: false, browserName: chrome, browserVersion: 124.0.6367.92, chrome: {chromedriverVersion: 124.0.6367.91 (51df0e5e17a8..., userDataDir: C:\Users\PRATHA~1.KUM\AppDa...}, fedcm:accounts: true, goog:chromeOptions: {debuggerAddress: localhost:49451}, networkConnectionEnabled: false, pageLoadStrategy: normal, platformName: WINDOWS, proxy: Proxy(), se:cdp: ws://localhost:49451/devtoo..., se:cdpVersion: 124.0.6367.92, setWindowRect: true, strictFileInteractability: false, timeouts: {implicit: 0, pageLoad: 300000, script: 30000}, unhandledPromptBehavior: dismiss and notify, webauthn:extension:credBlob: true, webauthn:extension:largeBlob: true, webauthn:extension:minPinLength: true, webauthn:extension:prf: true, webauthn:virtualAuthenticators: true}
Session ID: 2cf28825ea7a8a419a5b05b8e5d35d84</small> </font> </div>
<div class="test-event"> <font color="maroon"> <small> &emsp; &emsp;--- 05 May 00:17:29 522 - <b>0</b> - Spinner Load Wait: (Sync) - ICar.support.WaitUtils.waitForSpinner(WaitUtils.java:225)</small> </font> </div>
<div class="test-message">&emsp;Back To Courses is displayed in the page </div>
<div class="test-message">&emsp;Successfully verified Back To Course Link&emsp;<a href=".\ScreenShot\URL_TC001_2722187138601800.png" target="_blank" >[ScreenShot]</a></div>
<div class="test-event"> <font color="maroon"> <small> &emsp; &emsp;--- 05 May 00:17:29 817 - Catched spinner load exception due to javascript error: {"status":32,"value":"An invalid or illegal selector was specified"}
  (Session info: chrome=124.0.6367.92)
Build info: version: '4.6.0', revision: '79f1c02ae20'
System info: os.name: 'Windows 10', os.arch: 'amd64', os.version: '10.0', java.version: '17.0.7'
Driver info: org.openqa.selenium.chrome.ChromeDriver
Command: [2cf28825ea7a8a419a5b05b8e5d35d84, findElement {using=css selector, value=div[class='slds-spinner slds-spinner_brand slds-spinner_small']>div:nth-child(2)r}]
Capabilities {acceptInsecureCerts: false, browserName: chrome, browserVersion: 124.0.6367.92, chrome: {chromedriverVersion: 124.0.6367.91 (51df0e5e17a8..., userDataDir: C:\Users\PRATHA~1.KUM\AppDa...}, fedcm:accounts: true, goog:chromeOptions: {debuggerAddress: localhost:49451}, networkConnectionEnabled: false, pageLoadStrategy: normal, platformName: WINDOWS, proxy: Proxy(), se:cdp: ws://localhost:49451/devtoo..., se:cdpVersion: 124.0.6367.92, setWindowRect: true, strictFileInteractability: false, timeouts: {implicit: 0, pageLoad: 300000, script: 30000}, unhandledPromptBehavior: dismiss and notify, webauthn:extension:credBlob: true, webauthn:extension:largeBlob: true, webauthn:extension:minPinLength: true, webauthn:extension:prf: true, webauthn:virtualAuthenticators: true}
Session ID: 2cf28825ea7a8a419a5b05b8e5d35d84</small> </font> </div>
<div class="test-event"> <font color="maroon"> <small> &emsp; &emsp;--- 05 May 00:17:29 822 - <b>0</b> - Spinner Load Wait: (Sync) - ICar.support.WaitUtils.waitForSpinner(WaitUtils.java:225)</small> </font> </div>
<div class="test-event"> <font color="maroon"> <small> &emsp; &emsp;--- 05 May 00:17:29 886 - Page URL:: https://www.i-car.com/product/nissan-rogue-2021-electromechanical-repairs</small> </font> </div>
<div class="test-event"> <font color="maroon"> <small> &emsp; &emsp;--- 05 May 00:17:29 887 - <b>0</b> - Page Load Wait: (Sync) - ICar.support.Utils.waitForPageLoad(Utils.java:109)</small> </font> </div>
<div class="test-event"> <font color="maroon"> <small> &emsp; &emsp;--- 05 May 00:17:39 928 - Element is displayed:: [[ChromeDriver: chrome on WINDOWS (2cf28825ea7a8a419a5b05b8e5d35d84)] -> xpath: //div[@class='productDetails slds-p-bottom_large']//div[contains(@class,'slds-p-bottom_medium')]]</small> </font> </div>
<div class="test-message">&emsp;Course Name : NissanRogue2021ElectromechanicalRepairs is displayed in the URL page</div>
<div class="test-message">&emsp;Successfully verified the course name for relevant link&emsp;<a href=".\ScreenShot\URL_TC001_2722205558258100.png" target="_blank" >[ScreenShot]</a></div>
<div class="test-message">&emsp;
</div>
<div class="test-message">&emsp;135. URL is : https://www.i-car.com/product/pl1-mechanical-technician-theory</div>
<div class="test-event"> <font color="maroon"> <small> &emsp; &emsp;--- 05 May 00:17:49 498 - Page URL:: https://www.i-car.com/product/pl1-mechanical-technician-theory</small> </font> </div>
<div class="test-event"> <font color="maroon"> <small> &emsp; &emsp;--- 05 May 00:17:49 498 - <b>0</b> - Page Load Wait: (Sync) - ICar.support.Utils.waitForPageLoad(Utils.java:109)</small> </font> </div>
<div class="test-message">&emsp;Successfully navigated to the :  https://www.i-car.com/product/pl1-mechanical-technician-theory   Page&emsp;<a href=".\ScreenShot\URL_TC001_2722207106897200.png" target="_blank" >[ScreenShot]</a></div>
<div class="test-event"> <font color="maroon"> <small> &emsp; &emsp;--- 05 May 00:17:49 802 - Page URL:: https://www.i-car.com/product/pl1-mechanical-technician-theory</small> </font> </div>
<div class="test-event"> <font color="maroon"> <small> &emsp; &emsp;--- 05 May 00:17:49 802 - <b>0</b> - Page Load Wait: (Sync) - ICar.support.Utils.waitForPageLoad(Utils.java:109)</small> </font> </div>
<div class="test-event"> <font color="maroon"> <small> &emsp; &emsp;--- 05 May 00:17:49 810 - Catched spinner load exception due to javascript error: {"status":32,"value":"An invalid or illegal selector was specified"}
  (Session info: chrome=124.0.6367.92)
Build info: version: '4.6.0', revision: '79f1c02ae20'
System info: os.name: 'Windows 10', os.arch: 'amd64', os.version: '10.0', java.version: '17.0.7'
Driver info: org.openqa.selenium.chrome.ChromeDriver
Command: [2cf28825ea7a8a419a5b05b8e5d35d84, findElement {using=css selector, value=div[class='slds-spinner slds-spinner_brand slds-spinner_small']>div:nth-child(2)r}]
Capabilities {acceptInsecureCerts: false, browserName: chrome, browserVersion: 124.0.6367.92, chrome: {chromedriverVersion: 124.0.6367.91 (51df0e5e17a8..., userDataDir: C:\Users\PRATHA~1.KUM\AppDa...}, fedcm:accounts: true, goog:chromeOptions: {debuggerAddress: localhost:49451}, networkConnectionEnabled: false, pageLoadStrategy: normal, platformName: WINDOWS, proxy: Proxy(), se:cdp: ws://localhost:49451/devtoo..., se:cdpVersion: 124.0.6367.92, setWindowRect: true, strictFileInteractability: false, timeouts: {implicit: 0, pageLoad: 300000, script: 30000}, unhandledPromptBehavior: dismiss and notify, webauthn:extension:credBlob: true, webauthn:extension:largeBlob: true, webauthn:extension:minPinLength: true, webauthn:extension:prf: true, webauthn:virtualAuthenticators: true}
Session ID: 2cf28825ea7a8a419a5b05b8e5d35d84</small> </font> </div>
<div class="test-event"> <font color="maroon"> <small> &emsp; &emsp;--- 05 May 00:17:49 810 - <b>0</b> - Spinner Load Wait: (Sync) - ICar.support.WaitUtils.waitForSpinner(WaitUtils.java:225)</small> </font> </div>
<div class="test-event"> <font color="maroon"> <small> &emsp; &emsp;--- 05 May 00:17:59 899 - Page URL:: https://www.i-car.com/product/pl1-mechanical-technician-theory</small> </font> </div>
<div class="test-event"> <font color="maroon"> <small> &emsp; &emsp;--- 05 May 00:17:59 899 - <b>0</b> - Page Load Wait: (Sync) - ICar.support.Utils.waitForPageLoad(Utils.java:109)</small> </font> </div>
<div class="test-event"> <font color="maroon"> <small> &emsp; &emsp;--- 05 May 00:17:59 917 - Element is displayed:: [[ChromeDriver: chrome on WINDOWS (2cf28825ea7a8a419a5b05b8e5d35d84)] -> xpath: //a[contains(text(),'Back to Courses')]]</small> </font> </div>
<div class="test-event"> <font color="maroon"> <small> &emsp; &emsp;--- 05 May 00:18:06 956 - Catched spinner load exception due to javascript error: {"status":32,"value":"An invalid or illegal selector was specified"}
  (Session info: chrome=124.0.6367.92)
Build info: version: '4.6.0', revision: '79f1c02ae20'
System info: os.name: 'Windows 10', os.arch: 'amd64', os.version: '10.0', java.version: '17.0.7'
Driver info: org.openqa.selenium.chrome.ChromeDriver
Command: [2cf28825ea7a8a419a5b05b8e5d35d84, findElement {using=css selector, value=div[class='slds-spinner slds-spinner_brand slds-spinner_small']>div:nth-child(2)r}]
Capabilities {acceptInsecureCerts: false, browserName: chrome, browserVersion: 124.0.6367.92, chrome: {chromedriverVersion: 124.0.6367.91 (51df0e5e17a8..., userDataDir: C:\Users\PRATHA~1.KUM\AppDa...}, fedcm:accounts: true, goog:chromeOptions: {debuggerAddress: localhost:49451}, networkConnectionEnabled: false, pageLoadStrategy: normal, platformName: WINDOWS, proxy: Proxy(), se:cdp: ws://localhost:49451/devtoo..., se:cdpVersion: 124.0.6367.92, setWindowRect: true, strictFileInteractability: false, timeouts: {implicit: 0, pageLoad: 300000, script: 30000}, unhandledPromptBehavior: dismiss and notify, webauthn:extension:credBlob: true, webauthn:extension:largeBlob: true, webauthn:extension:minPinLength: true, webauthn:extension:prf: true, webauthn:virtualAuthenticators: true}
Session ID: 2cf28825ea7a8a419a5b05b8e5d35d84</small> </font> </div>
<div class="test-event"> <font color="maroon"> <small> &emsp; &emsp;--- 05 May 00:18:06 956 - <b>0</b> - Spinner Load Wait: (Sync) - ICar.support.WaitUtils.waitForSpinner(WaitUtils.java:225)</small> </font> </div>
<div class="test-message">&emsp;Back To Courses is displayed in the page </div>
<div class="test-message">&emsp;Successfully verified Back To Course Link&emsp;<a href=".\ScreenShot\URL_TC001_2722224573780500.png" target="_blank" >[ScreenShot]</a></div>
<div class="test-event"> <font color="maroon"> <small> &emsp; &emsp;--- 05 May 00:18:07 196 - Catched spinner load exception due to javascript error: {"status":32,"value":"An invalid or illegal selector was specified"}
  (Session info: chrome=124.0.6367.92)
Build info: version: '4.6.0', revision: '79f1c02ae20'
System info: os.name: 'Windows 10', os.arch: 'amd64', os.version: '10.0', java.version: '17.0.7'
Driver info: org.openqa.selenium.chrome.ChromeDriver
Command: [2cf28825ea7a8a419a5b05b8e5d35d84, findElement {using=css selector, value=div[class='slds-spinner slds-spinner_brand slds-spinner_small']>div:nth-child(2)r}]
Capabilities {acceptInsecureCerts: false, browserName: chrome, browserVersion: 124.0.6367.92, chrome: {chromedriverVersion: 124.0.6367.91 (51df0e5e17a8..., userDataDir: C:\Users\PRATHA~1.KUM\AppDa...}, fedcm:accounts: true, goog:chromeOptions: {debuggerAddress: localhost:49451}, networkConnectionEnabled: false, pageLoadStrategy: normal, platformName: WINDOWS, proxy: Proxy(), se:cdp: ws://localhost:49451/devtoo..., se:cdpVersion: 124.0.6367.92, setWindowRect: true, strictFileInteractability: false, timeouts: {implicit: 0, pageLoad: 300000, script: 30000}, unhandledPromptBehavior: dismiss and notify, webauthn:extension:credBlob: true, webauthn:extension:largeBlob: true, webauthn:extension:minPinLength: true, webauthn:extension:prf: true, webauthn:virtualAuthenticators: true}
Session ID: 2cf28825ea7a8a419a5b05b8e5d35d84</small> </font> </div>
<div class="test-event"> <font color="maroon"> <small> &emsp; &emsp;--- 05 May 00:18:07 196 - <b>0</b> - Spinner Load Wait: (Sync) - ICar.support.WaitUtils.waitForSpinner(WaitUtils.java:225)</small> </font> </div>
<div class="test-event"> <font color="maroon"> <small> &emsp; &emsp;--- 05 May 00:18:07 269 - Page URL:: https://www.i-car.com/product/pl1-mechanical-technician-theory</small> </font> </div>
<div class="test-event"> <font color="maroon"> <small> &emsp; &emsp;--- 05 May 00:18:07 269 - <b>0</b> - Page Load Wait: (Sync) - ICar.support.Utils.waitForPageLoad(Utils.java:109)</small> </font> </div>
<div class="test-event"> <font color="maroon"> <small> &emsp; &emsp;--- 05 May 00:18:17 319 - Element is displayed:: [[ChromeDriver: chrome on WINDOWS (2cf28825ea7a8a419a5b05b8e5d35d84)] -> xpath: //div[@class='productDetails slds-p-bottom_large']//div[contains(@class,'slds-p-bottom_medium')]]</small> </font> </div>
<div class="test-message">&emsp;Course Name : PL1MechanicalTechnicianTheory is displayed in the URL page</div>
<div class="test-message">&emsp;Successfully verified the course name for relevant link&emsp;<a href=".\ScreenShot\URL_TC001_2722242947192000.png" target="_blank" >[ScreenShot]</a></div>
<div class="test-message">&emsp;
</div>
<div class="test-message">&emsp;136. URL is : https://www.i-car.com/product/ford-diagnosing-adas-related-concerns</div>
<div class="test-event"> <font color="maroon"> <small> &emsp; &emsp;--- 05 May 00:18:26 785 - Page URL:: https://www.i-car.com/product/ford-diagnosing-adas-related-concerns</small> </font> </div>
<div class="test-event"> <font color="maroon"> <small> &emsp; &emsp;--- 05 May 00:18:26 785 - <b>0</b> - Page Load Wait: (Sync) - ICar.support.Utils.waitForPageLoad(Utils.java:109)</small> </font> </div>
<div class="test-message">&emsp;Successfully navigated to the :  https://www.i-car.com/product/ford-diagnosing-adas-related-concerns   Page&emsp;<a href=".\ScreenShot\URL_TC001_2722244391992300.png" target="_blank" >[ScreenShot]</a></div>
<div class="test-event"> <font color="maroon"> <small> &emsp; &emsp;--- 05 May 00:18:27 041 - Page URL:: https://www.i-car.com/product/ford-diagnosing-adas-related-concerns</small> </font> </div>
<div class="test-event"> <font color="maroon"> <small> &emsp; &emsp;--- 05 May 00:18:27 042 - <b>0</b> - Page Load Wait: (Sync) - ICar.support.Utils.waitForPageLoad(Utils.java:109)</small> </font> </div>
<div class="test-event"> <font color="maroon"> <small> &emsp; &emsp;--- 05 May 00:18:27 048 - Catched spinner load exception due to javascript error: {"status":32,"value":"An invalid or illegal selector was specified"}
  (Session info: chrome=124.0.6367.92)
Build info: version: '4.6.0', revision: '79f1c02ae20'
System info: os.name: 'Windows 10', os.arch: 'amd64', os.version: '10.0', java.version: '17.0.7'
Driver info: org.openqa.selenium.chrome.ChromeDriver
Command: [2cf28825ea7a8a419a5b05b8e5d35d84, findElement {using=css selector, value=div[class='slds-spinner slds-spinner_brand slds-spinner_small']>div:nth-child(2)r}]
Capabilities {acceptInsecureCerts: false, browserName: chrome, browserVersion: 124.0.6367.92, chrome: {chromedriverVersion: 124.0.6367.91 (51df0e5e17a8..., userDataDir: C:\Users\PRATHA~1.KUM\AppDa...}, fedcm:accounts: true, goog:chromeOptions: {debuggerAddress: localhost:49451}, networkConnectionEnabled: false, pageLoadStrategy: normal, platformName: WINDOWS, proxy: Proxy(), se:cdp: ws://localhost:49451/devtoo..., se:cdpVersion: 124.0.6367.92, setWindowRect: true, strictFileInteractability: false, timeouts: {implicit: 0, pageLoad: 300000, script: 30000}, unhandledPromptBehavior: dismiss and notify, webauthn:extension:credBlob: true, webauthn:extension:largeBlob: true, webauthn:extension:minPinLength: true, webauthn:extension:prf: true, webauthn:virtualAuthenticators: true}
Session ID: 2cf28825ea7a8a419a5b05b8e5d35d84</small> </font> </div>
<div class="test-event"> <font color="maroon"> <small> &emsp; &emsp;--- 05 May 00:18:27 048 - <b>0</b> - Spinner Load Wait: (Sync) - ICar.support.WaitUtils.waitForSpinner(WaitUtils.java:225)</small> </font> </div>
<div class="test-event"> <font color="maroon"> <small> &emsp; &emsp;--- 05 May 00:18:37 131 - Page URL:: https://www.i-car.com/product/ford-diagnosing-adas-related-concerns</small> </font> </div>
<div class="test-event"> <font color="maroon"> <small> &emsp; &emsp;--- 05 May 00:18:37 131 - <b>0</b> - Page Load Wait: (Sync) - ICar.support.Utils.waitForPageLoad(Utils.java:109)</small> </font> </div>
<div class="test-event"> <font color="maroon"> <small> &emsp; &emsp;--- 05 May 00:18:37 150 - Element is displayed:: [[ChromeDriver: chrome on WINDOWS (2cf28825ea7a8a419a5b05b8e5d35d84)] -> xpath: //a[contains(text(),'Back to Courses')]]</small> </font> </div>
<div class="test-event"> <font color="maroon"> <small> &emsp; &emsp;--- 05 May 00:18:44 180 - Catched spinner load exception due to javascript error: {"status":32,"value":"An invalid or illegal selector was specified"}
  (Session info: chrome=124.0.6367.92)
Build info: version: '4.6.0', revision: '79f1c02ae20'
System info: os.name: 'Windows 10', os.arch: 'amd64', os.version: '10.0', java.version: '17.0.7'
Driver info: org.openqa.selenium.chrome.ChromeDriver
Command: [2cf28825ea7a8a419a5b05b8e5d35d84, findElement {using=css selector, value=div[class='slds-spinner slds-spinner_brand slds-spinner_small']>div:nth-child(2)r}]
Capabilities {acceptInsecureCerts: false, browserName: chrome, browserVersion: 124.0.6367.92, chrome: {chromedriverVersion: 124.0.6367.91 (51df0e5e17a8..., userDataDir: C:\Users\PRATHA~1.KUM\AppDa...}, fedcm:accounts: true, goog:chromeOptions: {debuggerAddress: localhost:49451}, networkConnectionEnabled: false, pageLoadStrategy: normal, platformName: WINDOWS, proxy: Proxy(), se:cdp: ws://localhost:49451/devtoo..., se:cdpVersion: 124.0.6367.92, setWindowRect: true, strictFileInteractability: false, timeouts: {implicit: 0, pageLoad: 300000, script: 30000}, unhandledPromptBehavior: dismiss and notify, webauthn:extension:credBlob: true, webauthn:extension:largeBlob: true, webauthn:extension:minPinLength: true, webauthn:extension:prf: true, webauthn:virtualAuthenticators: true}
Session ID: 2cf28825ea7a8a419a5b05b8e5d35d84</small> </font> </div>
<div class="test-event"> <font color="maroon"> <small> &emsp; &emsp;--- 05 May 00:18:44 180 - <b>0</b> - Spinner Load Wait: (Sync) - ICar.support.WaitUtils.waitForSpinner(WaitUtils.java:225)</small> </font> </div>
<div class="test-message">&emsp;Back To Courses is displayed in the page </div>
<div class="test-message">&emsp;Successfully verified Back To Course Link&emsp;<a href=".\ScreenShot\URL_TC001_2722261797750500.png" target="_blank" >[ScreenShot]</a></div>
<div class="test-event"> <font color="maroon"> <small> &emsp; &emsp;--- 05 May 00:18:44 423 - Catched spinner load exception due to javascript error: {"status":32,"value":"An invalid or illegal selector was specified"}
  (Session info: chrome=124.0.6367.92)
Build info: version: '4.6.0', revision: '79f1c02ae20'
System info: os.name: 'Windows 10', os.arch: 'amd64', os.version: '10.0', java.version: '17.0.7'
Driver info: org.openqa.selenium.chrome.ChromeDriver
Command: [2cf28825ea7a8a419a5b05b8e5d35d84, findElement {using=css selector, value=div[class='slds-spinner slds-spinner_brand slds-spinner_small']>div:nth-child(2)r}]
Capabilities {acceptInsecureCerts: false, browserName: chrome, browserVersion: 124.0.6367.92, chrome: {chromedriverVersion: 124.0.6367.91 (51df0e5e17a8..., userDataDir: C:\Users\PRATHA~1.KUM\AppDa...}, fedcm:accounts: true, goog:chromeOptions: {debuggerAddress: localhost:49451}, networkConnectionEnabled: false, pageLoadStrategy: normal, platformName: WINDOWS, proxy: Proxy(), se:cdp: ws://localhost:49451/devtoo..., se:cdpVersion: 124.0.6367.92, setWindowRect: true, strictFileInteractability: false, timeouts: {implicit: 0, pageLoad: 300000, script: 30000}, unhandledPromptBehavior: dismiss and notify, webauthn:extension:credBlob: true, webauthn:extension:largeBlob: true, webauthn:extension:minPinLength: true, webauthn:extension:prf: true, webauthn:virtualAuthenticators: true}
Session ID: 2cf28825ea7a8a419a5b05b8e5d35d84</small> </font> </div>
<div class="test-event"> <font color="maroon"> <small> &emsp; &emsp;--- 05 May 00:18:44 423 - <b>0</b> - Spinner Load Wait: (Sync) - ICar.support.WaitUtils.waitForSpinner(WaitUtils.java:225)</small> </font> </div>
<div class="test-event"> <font color="maroon"> <small> &emsp; &emsp;--- 05 May 00:18:44 490 - Page URL:: https://www.i-car.com/product/ford-diagnosing-adas-related-concerns</small> </font> </div>
<div class="test-event"> <font color="maroon"> <small> &emsp; &emsp;--- 05 May 00:18:44 490 - <b>0</b> - Page Load Wait: (Sync) - ICar.support.Utils.waitForPageLoad(Utils.java:109)</small> </font> </div>
<div class="test-event"> <font color="maroon"> <small> &emsp; &emsp;--- 05 May 00:18:54 539 - Element is displayed:: [[ChromeDriver: chrome on WINDOWS (2cf28825ea7a8a419a5b05b8e5d35d84)] -> xpath: //div[@class='productDetails slds-p-bottom_large']//div[contains(@class,'slds-p-bottom_medium')]]</small> </font> </div>
<div class="test-message">&emsp;Course Name : FordDiagnosingADASRelatedConcerns is displayed in the URL page</div>
<div class="test-message">&emsp;Successfully verified the course name for relevant link&emsp;<a href=".\ScreenShot\URL_TC001_2722280174588800.png" target="_blank" >[ScreenShot]</a></div>
<div class="test-message">&emsp;
</div>
<div class="test-message">&emsp;137. URL is : https://www.i-car.com/product/understanding-the-estimate-and-identifying-additional-damage/</div>
<div class="test-event"> <font color="maroon"> <small> &emsp; &emsp;--- 05 May 00:19:04 250 - Page URL:: https://www.i-car.com/product/understanding-the-estimate-and-identifying-additional-damage</small> </font> </div>
<div class="test-event"> <font color="maroon"> <small> &emsp; &emsp;--- 05 May 00:19:04 251 - <b>0</b> - Page Load Wait: (Sync) - ICar.support.Utils.waitForPageLoad(Utils.java:109)</small> </font> </div>
<div class="test-message">&emsp;Successfully navigated to the :  https://www.i-car.com/product/understanding-the-estimate-and-identifying-additional-damage/   Page&emsp;<a href=".\ScreenShot\URL_TC001_2722281858093500.png" target="_blank" >[ScreenShot]</a></div>
<div class="test-event"> <font color="maroon"> <small> &emsp; &emsp;--- 05 May 00:19:04 506 - Page URL:: https://www.i-car.com/product/understanding-the-estimate-and-identifying-additional-damage</small> </font> </div>
<div class="test-event"> <font color="maroon"> <small> &emsp; &emsp;--- 05 May 00:19:04 506 - <b>0</b> - Page Load Wait: (Sync) - ICar.support.Utils.waitForPageLoad(Utils.java:109)</small> </font> </div>
<div class="test-event"> <font color="maroon"> <small> &emsp; &emsp;--- 05 May 00:19:04 514 - Catched spinner load exception due to javascript error: {"status":32,"value":"An invalid or illegal selector was specified"}
  (Session info: chrome=124.0.6367.92)
Build info: version: '4.6.0', revision: '79f1c02ae20'
System info: os.name: 'Windows 10', os.arch: 'amd64', os.version: '10.0', java.version: '17.0.7'
Driver info: org.openqa.selenium.chrome.ChromeDriver
Command: [2cf28825ea7a8a419a5b05b8e5d35d84, findElement {using=css selector, value=div[class='slds-spinner slds-spinner_brand slds-spinner_small']>div:nth-child(2)r}]
Capabilities {acceptInsecureCerts: false, browserName: chrome, browserVersion: 124.0.6367.92, chrome: {chromedriverVersion: 124.0.6367.91 (51df0e5e17a8..., userDataDir: C:\Users\PRATHA~1.KUM\AppDa...}, fedcm:accounts: true, goog:chromeOptions: {debuggerAddress: localhost:49451}, networkConnectionEnabled: false, pageLoadStrategy: normal, platformName: WINDOWS, proxy: Proxy(), se:cdp: ws://localhost:49451/devtoo..., se:cdpVersion: 124.0.6367.92, setWindowRect: true, strictFileInteractability: false, timeouts: {implicit: 0, pageLoad: 300000, script: 30000}, unhandledPromptBehavior: dismiss and notify, webauthn:extension:credBlob: true, webauthn:extension:largeBlob: true, webauthn:extension:minPinLength: true, webauthn:extension:prf: true, webauthn:virtualAuthenticators: true}
Session ID: 2cf28825ea7a8a419a5b05b8e5d35d84</small> </font> </div>
<div class="test-event"> <font color="maroon"> <small> &emsp; &emsp;--- 05 May 00:19:04 514 - <b>0</b> - Spinner Load Wait: (Sync) - ICar.support.WaitUtils.waitForSpinner(WaitUtils.java:225)</small> </font> </div>
<div class="test-event"> <font color="maroon"> <small> &emsp; &emsp;--- 05 May 00:19:14 589 - Page URL:: https://www.i-car.com/product/understanding-the-estimate-and-identifying-additional-damage</small> </font> </div>
<div class="test-event"> <font color="maroon"> <small> &emsp; &emsp;--- 05 May 00:19:14 589 - <b>0</b> - Page Load Wait: (Sync) - ICar.support.Utils.waitForPageLoad(Utils.java:109)</small> </font> </div>
<div class="test-event"> <font color="maroon"> <small> &emsp; &emsp;--- 05 May 00:19:14 607 - Element is displayed:: [[ChromeDriver: chrome on WINDOWS (2cf28825ea7a8a419a5b05b8e5d35d84)] -> xpath: //a[contains(text(),'Back to Courses')]]</small> </font> </div>
<div class="test-event"> <font color="maroon"> <small> &emsp; &emsp;--- 05 May 00:19:21 637 - Catched spinner load exception due to javascript error: {"status":32,"value":"An invalid or illegal selector was specified"}
  (Session info: chrome=124.0.6367.92)
Build info: version: '4.6.0', revision: '79f1c02ae20'
System info: os.name: 'Windows 10', os.arch: 'amd64', os.version: '10.0', java.version: '17.0.7'
Driver info: org.openqa.selenium.chrome.ChromeDriver
Command: [2cf28825ea7a8a419a5b05b8e5d35d84, findElement {using=css selector, value=div[class='slds-spinner slds-spinner_brand slds-spinner_small']>div:nth-child(2)r}]
Capabilities {acceptInsecureCerts: false, browserName: chrome, browserVersion: 124.0.6367.92, chrome: {chromedriverVersion: 124.0.6367.91 (51df0e5e17a8..., userDataDir: C:\Users\PRATHA~1.KUM\AppDa...}, fedcm:accounts: true, goog:chromeOptions: {debuggerAddress: localhost:49451}, networkConnectionEnabled: false, pageLoadStrategy: normal, platformName: WINDOWS, proxy: Proxy(), se:cdp: ws://localhost:49451/devtoo..., se:cdpVersion: 124.0.6367.92, setWindowRect: true, strictFileInteractability: false, timeouts: {implicit: 0, pageLoad: 300000, script: 30000}, unhandledPromptBehavior: dismiss and notify, webauthn:extension:credBlob: true, webauthn:extension:largeBlob: true, webauthn:extension:minPinLength: true, webauthn:extension:prf: true, webauthn:virtualAuthenticators: true}
Session ID: 2cf28825ea7a8a419a5b05b8e5d35d84</small> </font> </div>
<div class="test-event"> <font color="maroon"> <small> &emsp; &emsp;--- 05 May 00:19:21 637 - <b>0</b> - Spinner Load Wait: (Sync) - ICar.support.WaitUtils.waitForSpinner(WaitUtils.java:225)</small> </font> </div>
<div class="test-message">&emsp;Back To Courses is displayed in the page </div>
<div class="test-message">&emsp;Successfully verified Back To Course Link&emsp;<a href=".\ScreenShot\URL_TC001_2722299254904800.png" target="_blank" >[ScreenShot]</a></div>
<div class="test-event"> <font color="maroon"> <small> &emsp; &emsp;--- 05 May 00:19:21 901 - Catched spinner load exception due to javascript error: {"status":32,"value":"An invalid or illegal selector was specified"}
  (Session info: chrome=124.0.6367.92)
Build info: version: '4.6.0', revision: '79f1c02ae20'
System info: os.name: 'Windows 10', os.arch: 'amd64', os.version: '10.0', java.version: '17.0.7'
Driver info: org.openqa.selenium.chrome.ChromeDriver
Command: [2cf28825ea7a8a419a5b05b8e5d35d84, findElement {using=css selector, value=div[class='slds-spinner slds-spinner_brand slds-spinner_small']>div:nth-child(2)r}]
Capabilities {acceptInsecureCerts: false, browserName: chrome, browserVersion: 124.0.6367.92, chrome: {chromedriverVersion: 124.0.6367.91 (51df0e5e17a8..., userDataDir: C:\Users\PRATHA~1.KUM\AppDa...}, fedcm:accounts: true, goog:chromeOptions: {debuggerAddress: localhost:49451}, networkConnectionEnabled: false, pageLoadStrategy: normal, platformName: WINDOWS, proxy: Proxy(), se:cdp: ws://localhost:49451/devtoo..., se:cdpVersion: 124.0.6367.92, setWindowRect: true, strictFileInteractability: false, timeouts: {implicit: 0, pageLoad: 300000, script: 30000}, unhandledPromptBehavior: dismiss and notify, webauthn:extension:credBlob: true, webauthn:extension:largeBlob: true, webauthn:extension:minPinLength: true, webauthn:extension:prf: true, webauthn:virtualAuthenticators: true}
Session ID: 2cf28825ea7a8a419a5b05b8e5d35d84</small> </font> </div>
<div class="test-event"> <font color="maroon"> <small> &emsp; &emsp;--- 05 May 00:19:21 901 - <b>0</b> - Spinner Load Wait: (Sync) - ICar.support.WaitUtils.waitForSpinner(WaitUtils.java:225)</small> </font> </div>
<div class="test-event"> <font color="maroon"> <small> &emsp; &emsp;--- 05 May 00:19:21 963 - Page URL:: https://www.i-car.com/product/understanding-the-estimate-and-identifying-additional-damage</small> </font> </div>
<div class="test-event"> <font color="maroon"> <small> &emsp; &emsp;--- 05 May 00:19:21 963 - <b>0</b> - Page Load Wait: (Sync) - ICar.support.Utils.waitForPageLoad(Utils.java:109)</small> </font> </div>
<div class="test-event"> <font color="maroon"> <small> &emsp; &emsp;--- 05 May 00:19:32 003 - Element is displayed:: [[ChromeDriver: chrome on WINDOWS (2cf28825ea7a8a419a5b05b8e5d35d84)] -> xpath: //div[@class='productDetails slds-p-bottom_large']//div[contains(@class,'slds-p-bottom_medium')]]</small> </font> </div>
<div class="test-message">&emsp;Course Name : UnderstandingtheEstimateandIdentifyingAdditionalDamage is displayed in the URL page</div>
<div class="test-message">&emsp;Successfully verified the course name for relevant link&emsp;<a href=".\ScreenShot\URL_TC001_2722317640197900.png" target="_blank" >[ScreenShot]</a></div>
<div class="test-message">&emsp;
</div>
<div class="test-message">&emsp;138. URL is : https://www.i-car.com/product/seam-sealer</div>
<div class="test-event"> <font color="maroon"> <small> &emsp; &emsp;--- 05 May 00:19:41 671 - Page URL:: https://www.i-car.com/product/seam-sealer</small> </font> </div>
<div class="test-event"> <font color="maroon"> <small> &emsp; &emsp;--- 05 May 00:19:41 671 - <b>0</b> - Page Load Wait: (Sync) - ICar.support.Utils.waitForPageLoad(Utils.java:109)</small> </font> </div>
<div class="test-message">&emsp;Successfully navigated to the :  https://www.i-car.com/product/seam-sealer   Page&emsp;<a href=".\ScreenShot\URL_TC001_2722319278363500.png" target="_blank" >[ScreenShot]</a></div>
<div class="test-event"> <font color="maroon"> <small> &emsp; &emsp;--- 05 May 00:19:41 957 - Page URL:: https://www.i-car.com/product/seam-sealer</small> </font> </div>
<div class="test-event"> <font color="maroon"> <small> &emsp; &emsp;--- 05 May 00:19:41 957 - <b>0</b> - Page Load Wait: (Sync) - ICar.support.Utils.waitForPageLoad(Utils.java:109)</small> </font> </div>
<div class="test-event"> <font color="maroon"> <small> &emsp; &emsp;--- 05 May 00:19:41 966 - Catched spinner load exception due to javascript error: {"status":32,"value":"An invalid or illegal selector was specified"}
  (Session info: chrome=124.0.6367.92)
Build info: version: '4.6.0', revision: '79f1c02ae20'
System info: os.name: 'Windows 10', os.arch: 'amd64', os.version: '10.0', java.version: '17.0.7'
Driver info: org.openqa.selenium.chrome.ChromeDriver
Command: [2cf28825ea7a8a419a5b05b8e5d35d84, findElement {using=css selector, value=div[class='slds-spinner slds-spinner_brand slds-spinner_small']>div:nth-child(2)r}]
Capabilities {acceptInsecureCerts: false, browserName: chrome, browserVersion: 124.0.6367.92, chrome: {chromedriverVersion: 124.0.6367.91 (51df0e5e17a8..., userDataDir: C:\Users\PRATHA~1.KUM\AppDa...}, fedcm:accounts: true, goog:chromeOptions: {debuggerAddress: localhost:49451}, networkConnectionEnabled: false, pageLoadStrategy: normal, platformName: WINDOWS, proxy: Proxy(), se:cdp: ws://localhost:49451/devtoo..., se:cdpVersion: 124.0.6367.92, setWindowRect: true, strictFileInteractability: false, timeouts: {implicit: 0, pageLoad: 300000, script: 30000}, unhandledPromptBehavior: dismiss and notify, webauthn:extension:credBlob: true, webauthn:extension:largeBlob: true, webauthn:extension:minPinLength: true, webauthn:extension:prf: true, webauthn:virtualAuthenticators: true}
Session ID: 2cf28825ea7a8a419a5b05b8e5d35d84</small> </font> </div>
<div class="test-event"> <font color="maroon"> <small> &emsp; &emsp;--- 05 May 00:19:41 966 - <b>0</b> - Spinner Load Wait: (Sync) - ICar.support.WaitUtils.waitForSpinner(WaitUtils.java:225)</small> </font> </div>
<div class="test-event"> <font color="maroon"> <small> &emsp; &emsp;--- 05 May 00:19:52 048 - Page URL:: https://www.i-car.com/product/seam-sealer</small> </font> </div>
<div class="test-event"> <font color="maroon"> <small> &emsp; &emsp;--- 05 May 00:19:52 048 - <b>0</b> - Page Load Wait: (Sync) - ICar.support.Utils.waitForPageLoad(Utils.java:109)</small> </font> </div>
<div class="test-event"> <font color="maroon"> <small> &emsp; &emsp;--- 05 May 00:19:52 066 - Element is displayed:: [[ChromeDriver: chrome on WINDOWS (2cf28825ea7a8a419a5b05b8e5d35d84)] -> xpath: //a[contains(text(),'Back to Courses')]]</small> </font> </div>
<div class="test-event"> <font color="maroon"> <small> &emsp; &emsp;--- 05 May 00:19:59 110 - Catched spinner load exception due to javascript error: {"status":32,"value":"An invalid or illegal selector was specified"}
  (Session info: chrome=124.0.6367.92)
Build info: version: '4.6.0', revision: '79f1c02ae20'
System info: os.name: 'Windows 10', os.arch: 'amd64', os.version: '10.0', java.version: '17.0.7'
Driver info: org.openqa.selenium.chrome.ChromeDriver
Command: [2cf28825ea7a8a419a5b05b8e5d35d84, findElement {using=css selector, value=div[class='slds-spinner slds-spinner_brand slds-spinner_small']>div:nth-child(2)r}]
Capabilities {acceptInsecureCerts: false, browserName: chrome, browserVersion: 124.0.6367.92, chrome: {chromedriverVersion: 124.0.6367.91 (51df0e5e17a8..., userDataDir: C:\Users\PRATHA~1.KUM\AppDa...}, fedcm:accounts: true, goog:chromeOptions: {debuggerAddress: localhost:49451}, networkConnectionEnabled: false, pageLoadStrategy: normal, platformName: WINDOWS, proxy: Proxy(), se:cdp: ws://localhost:49451/devtoo..., se:cdpVersion: 124.0.6367.92, setWindowRect: true, strictFileInteractability: false, timeouts: {implicit: 0, pageLoad: 300000, script: 30000}, unhandledPromptBehavior: dismiss and notify, webauthn:extension:credBlob: true, webauthn:extension:largeBlob: true, webauthn:extension:minPinLength: true, webauthn:extension:prf: true, webauthn:virtualAuthenticators: true}
Session ID: 2cf28825ea7a8a419a5b05b8e5d35d84</small> </font> </div>
<div class="test-event"> <font color="maroon"> <small> &emsp; &emsp;--- 05 May 00:19:59 110 - <b>0</b> - Spinner Load Wait: (Sync) - ICar.support.WaitUtils.waitForSpinner(WaitUtils.java:225)</small> </font> </div>
<div class="test-message">&emsp;Back To Courses is displayed in the page </div>
<div class="test-message">&emsp;Successfully verified Back To Course Link&emsp;<a href=".\ScreenShot\URL_TC001_2722336742761300.png" target="_blank" >[ScreenShot]</a></div>
<div class="test-event"> <font color="maroon"> <small> &emsp; &emsp;--- 05 May 00:19:59 391 - Catched spinner load exception due to javascript error: {"status":32,"value":"An invalid or illegal selector was specified"}
  (Session info: chrome=124.0.6367.92)
Build info: version: '4.6.0', revision: '79f1c02ae20'
System info: os.name: 'Windows 10', os.arch: 'amd64', os.version: '10.0', java.version: '17.0.7'
Driver info: org.openqa.selenium.chrome.ChromeDriver
Command: [2cf28825ea7a8a419a5b05b8e5d35d84, findElement {using=css selector, value=div[class='slds-spinner slds-spinner_brand slds-spinner_small']>div:nth-child(2)r}]
Capabilities {acceptInsecureCerts: false, browserName: chrome, browserVersion: 124.0.6367.92, chrome: {chromedriverVersion: 124.0.6367.91 (51df0e5e17a8..., userDataDir: C:\Users\PRATHA~1.KUM\AppDa...}, fedcm:accounts: true, goog:chromeOptions: {debuggerAddress: localhost:49451}, networkConnectionEnabled: false, pageLoadStrategy: normal, platformName: WINDOWS, proxy: Proxy(), se:cdp: ws://localhost:49451/devtoo..., se:cdpVersion: 124.0.6367.92, setWindowRect: true, strictFileInteractability: false, timeouts: {implicit: 0, pageLoad: 300000, script: 30000}, unhandledPromptBehavior: dismiss and notify, webauthn:extension:credBlob: true, webauthn:extension:largeBlob: true, webauthn:extension:minPinLength: true, webauthn:extension:prf: true, webauthn:virtualAuthenticators: true}
Session ID: 2cf28825ea7a8a419a5b05b8e5d35d84</small> </font> </div>
<div class="test-event"> <font color="maroon"> <small> &emsp; &emsp;--- 05 May 00:19:59 391 - <b>0</b> - Spinner Load Wait: (Sync) - ICar.support.WaitUtils.waitForSpinner(WaitUtils.java:225)</small> </font> </div>
<div class="test-event"> <font color="maroon"> <small> &emsp; &emsp;--- 05 May 00:19:59 459 - Page URL:: https://www.i-car.com/product/seam-sealer</small> </font> </div>
<div class="test-event"> <font color="maroon"> <small> &emsp; &emsp;--- 05 May 00:19:59 459 - <b>0</b> - Page Load Wait: (Sync) - ICar.support.Utils.waitForPageLoad(Utils.java:109)</small> </font> </div>
<div class="test-event"> <font color="maroon"> <small> &emsp; &emsp;--- 05 May 00:20:09 502 - Element is displayed:: [[ChromeDriver: chrome on WINDOWS (2cf28825ea7a8a419a5b05b8e5d35d84)] -> xpath: //div[@class='productDetails slds-p-bottom_large']//div[contains(@class,'slds-p-bottom_medium')]]</small> </font> </div>
<div class="test-message">&emsp;Course Name : SeamSealer is displayed in the URL page</div>
<div class="test-message">&emsp;Successfully verified the course name for relevant link&emsp;<a href=".\ScreenShot\URL_TC001_2722355129963600.png" target="_blank" >[ScreenShot]</a></div>
<div class="test-message">&emsp;
</div>
<div class="test-message">&emsp;139. URL is : https://www.i-car.com/product/intro-series-insurance</div>
<div class="test-event"> <font color="maroon"> <small> &emsp; &emsp;--- 05 May 00:20:18 905 - Page URL:: https://www.i-car.com/product/intro-series-insurance</small> </font> </div>
<div class="test-event"> <font color="maroon"> <small> &emsp; &emsp;--- 05 May 00:20:18 906 - <b>0</b> - Page Load Wait: (Sync) - ICar.support.Utils.waitForPageLoad(Utils.java:109)</small> </font> </div>
<div class="test-message">&emsp;Successfully navigated to the :  https://www.i-car.com/product/intro-series-insurance   Page&emsp;<a href=".\ScreenShot\URL_TC001_2722356513240300.png" target="_blank" >[ScreenShot]</a></div>
<div class="test-event"> <font color="maroon"> <small> &emsp; &emsp;--- 05 May 00:20:19 168 - Page URL:: https://www.i-car.com/product/intro-series-insurance</small> </font> </div>
<div class="test-event"> <font color="maroon"> <small> &emsp; &emsp;--- 05 May 00:20:19 168 - <b>0</b> - Page Load Wait: (Sync) - ICar.support.Utils.waitForPageLoad(Utils.java:109)</small> </font> </div>
<div class="test-event"> <font color="maroon"> <small> &emsp; &emsp;--- 05 May 00:20:19 175 - Catched spinner load exception due to javascript error: {"status":32,"value":"An invalid or illegal selector was specified"}
  (Session info: chrome=124.0.6367.92)
Build info: version: '4.6.0', revision: '79f1c02ae20'
System info: os.name: 'Windows 10', os.arch: 'amd64', os.version: '10.0', java.version: '17.0.7'
Driver info: org.openqa.selenium.chrome.ChromeDriver
Command: [2cf28825ea7a8a419a5b05b8e5d35d84, findElement {using=css selector, value=div[class='slds-spinner slds-spinner_brand slds-spinner_small']>div:nth-child(2)r}]
Capabilities {acceptInsecureCerts: false, browserName: chrome, browserVersion: 124.0.6367.92, chrome: {chromedriverVersion: 124.0.6367.91 (51df0e5e17a8..., userDataDir: C:\Users\PRATHA~1.KUM\AppDa...}, fedcm:accounts: true, goog:chromeOptions: {debuggerAddress: localhost:49451}, networkConnectionEnabled: false, pageLoadStrategy: normal, platformName: WINDOWS, proxy: Proxy(), se:cdp: ws://localhost:49451/devtoo..., se:cdpVersion: 124.0.6367.92, setWindowRect: true, strictFileInteractability: false, timeouts: {implicit: 0, pageLoad: 300000, script: 30000}, unhandledPromptBehavior: dismiss and notify, webauthn:extension:credBlob: true, webauthn:extension:largeBlob: true, webauthn:extension:minPinLength: true, webauthn:extension:prf: true, webauthn:virtualAuthenticators: true}
Session ID: 2cf28825ea7a8a419a5b05b8e5d35d84</small> </font> </div>
<div class="test-event"> <font color="maroon"> <small> &emsp; &emsp;--- 05 May 00:20:19 176 - <b>0</b> - Spinner Load Wait: (Sync) - ICar.support.WaitUtils.waitForSpinner(WaitUtils.java:225)</small> </font> </div>
<div class="test-event"> <font color="maroon"> <small> &emsp; &emsp;--- 05 May 00:20:29 279 - Page URL:: https://www.i-car.com/product/intro-series-insurance</small> </font> </div>
<div class="test-event"> <font color="maroon"> <small> &emsp; &emsp;--- 05 May 00:20:29 279 - <b>0</b> - Page Load Wait: (Sync) - ICar.support.Utils.waitForPageLoad(Utils.java:109)</small> </font> </div>
<div class="test-event"> <font color="maroon"> <small> &emsp; &emsp;--- 05 May 00:20:29 296 - Element is displayed:: [[ChromeDriver: chrome on WINDOWS (2cf28825ea7a8a419a5b05b8e5d35d84)] -> xpath: //a[contains(text(),'Back to Courses')]]</small> </font> </div>
<div class="test-event"> <font color="maroon"> <small> &emsp; &emsp;--- 05 May 00:20:36 315 - Catched spinner load exception due to javascript error: {"status":32,"value":"An invalid or illegal selector was specified"}
  (Session info: chrome=124.0.6367.92)
Build info: version: '4.6.0', revision: '79f1c02ae20'
System info: os.name: 'Windows 10', os.arch: 'amd64', os.version: '10.0', java.version: '17.0.7'
Driver info: org.openqa.selenium.chrome.ChromeDriver
Command: [2cf28825ea7a8a419a5b05b8e5d35d84, findElement {using=css selector, value=div[class='slds-spinner slds-spinner_brand slds-spinner_small']>div:nth-child(2)r}]
Capabilities {acceptInsecureCerts: false, browserName: chrome, browserVersion: 124.0.6367.92, chrome: {chromedriverVersion: 124.0.6367.91 (51df0e5e17a8..., userDataDir: C:\Users\PRATHA~1.KUM\AppDa...}, fedcm:accounts: true, goog:chromeOptions: {debuggerAddress: localhost:49451}, networkConnectionEnabled: false, pageLoadStrategy: normal, platformName: WINDOWS, proxy: Proxy(), se:cdp: ws://localhost:49451/devtoo..., se:cdpVersion: 124.0.6367.92, setWindowRect: true, strictFileInteractability: false, timeouts: {implicit: 0, pageLoad: 300000, script: 30000}, unhandledPromptBehavior: dismiss and notify, webauthn:extension:credBlob: true, webauthn:extension:largeBlob: true, webauthn:extension:minPinLength: true, webauthn:extension:prf: true, webauthn:virtualAuthenticators: true}
Session ID: 2cf28825ea7a8a419a5b05b8e5d35d84</small> </font> </div>
<div class="test-event"> <font color="maroon"> <small> &emsp; &emsp;--- 05 May 00:20:36 315 - <b>0</b> - Spinner Load Wait: (Sync) - ICar.support.WaitUtils.waitForSpinner(WaitUtils.java:225)</small> </font> </div>
<div class="test-message">&emsp;Back To Courses is displayed in the page </div>
<div class="test-message">&emsp;Successfully verified Back To Course Link&emsp;<a href=".\ScreenShot\URL_TC001_2722373932066200.png" target="_blank" >[ScreenShot]</a></div>
<div class="test-event"> <font color="maroon"> <small> &emsp; &emsp;--- 05 May 00:20:36 530 - Catched spinner load exception due to javascript error: {"status":32,"value":"An invalid or illegal selector was specified"}
  (Session info: chrome=124.0.6367.92)
Build info: version: '4.6.0', revision: '79f1c02ae20'
System info: os.name: 'Windows 10', os.arch: 'amd64', os.version: '10.0', java.version: '17.0.7'
Driver info: org.openqa.selenium.chrome.ChromeDriver
Command: [2cf28825ea7a8a419a5b05b8e5d35d84, findElement {using=css selector, value=div[class='slds-spinner slds-spinner_brand slds-spinner_small']>div:nth-child(2)r}]
Capabilities {acceptInsecureCerts: false, browserName: chrome, browserVersion: 124.0.6367.92, chrome: {chromedriverVersion: 124.0.6367.91 (51df0e5e17a8..., userDataDir: C:\Users\PRATHA~1.KUM\AppDa...}, fedcm:accounts: true, goog:chromeOptions: {debuggerAddress: localhost:49451}, networkConnectionEnabled: false, pageLoadStrategy: normal, platformName: WINDOWS, proxy: Proxy(), se:cdp: ws://localhost:49451/devtoo..., se:cdpVersion: 124.0.6367.92, setWindowRect: true, strictFileInteractability: false, timeouts: {implicit: 0, pageLoad: 300000, script: 30000}, unhandledPromptBehavior: dismiss and notify, webauthn:extension:credBlob: true, webauthn:extension:largeBlob: true, webauthn:extension:minPinLength: true, webauthn:extension:prf: true, webauthn:virtualAuthenticators: true}
Session ID: 2cf28825ea7a8a419a5b05b8e5d35d84</small> </font> </div>
<div class="test-event"> <font color="maroon"> <small> &emsp; &emsp;--- 05 May 00:20:36 530 - <b>0</b> - Spinner Load Wait: (Sync) - ICar.support.WaitUtils.waitForSpinner(WaitUtils.java:225)</small> </font> </div>
<div class="test-event"> <font color="maroon"> <small> &emsp; &emsp;--- 05 May 00:20:36 603 - Page URL:: https://www.i-car.com/product/intro-series-insurance</small> </font> </div>
<div class="test-event"> <font color="maroon"> <small> &emsp; &emsp;--- 05 May 00:20:36 603 - <b>0</b> - Page Load Wait: (Sync) - ICar.support.Utils.waitForPageLoad(Utils.java:109)</small> </font> </div>
<div class="test-event"> <font color="maroon"> <small> &emsp; &emsp;--- 05 May 00:20:46 660 - Element is displayed:: [[ChromeDriver: chrome on WINDOWS (2cf28825ea7a8a419a5b05b8e5d35d84)] -> xpath: //div[@class='productDetails slds-p-bottom_large']//div[contains(@class,'slds-p-bottom_medium')]]</small> </font> </div>
<div class="test-message">&emsp;Course Name : IntroSeriesInsurance is displayed in the URL page</div>
<div class="test-message">&emsp;Successfully verified the course name for relevant link&emsp;<a href=".\ScreenShot\URL_TC001_2722392284321600.png" target="_blank" >[ScreenShot]</a></div>
<div class="test-message">&emsp;
</div>
<div class="test-message">&emsp;140. URL is : https://www.i-car.com/product/group-2</div>
<div class="test-event"> <font color="maroon"> <small> &emsp; &emsp;--- 05 May 00:20:55 831 - Page URL:: https://www.i-car.com/product/group-2</small> </font> </div>
<div class="test-event"> <font color="maroon"> <small> &emsp; &emsp;--- 05 May 00:20:55 831 - <b>0</b> - Page Load Wait: (Sync) - ICar.support.Utils.waitForPageLoad(Utils.java:109)</small> </font> </div>
<div class="test-message">&emsp;Successfully navigated to the :  https://www.i-car.com/product/group-2   Page&emsp;<a href=".\ScreenShot\URL_TC001_2722393439114500.png" target="_blank" >[ScreenShot]</a></div>
<div class="test-event"> <font color="maroon"> <small> &emsp; &emsp;--- 05 May 00:20:56 112 - Page URL:: https://www.i-car.com/product/group-2</small> </font> </div>
<div class="test-event"> <font color="maroon"> <small> &emsp; &emsp;--- 05 May 00:20:56 112 - <b>0</b> - Page Load Wait: (Sync) - ICar.support.Utils.waitForPageLoad(Utils.java:109)</small> </font> </div>
<div class="test-event"> <font color="maroon"> <small> &emsp; &emsp;--- 05 May 00:20:56 121 - Catched spinner load exception due to javascript error: {"status":32,"value":"An invalid or illegal selector was specified"}
  (Session info: chrome=124.0.6367.92)
Build info: version: '4.6.0', revision: '79f1c02ae20'
System info: os.name: 'Windows 10', os.arch: 'amd64', os.version: '10.0', java.version: '17.0.7'
Driver info: org.openqa.selenium.chrome.ChromeDriver
Command: [2cf28825ea7a8a419a5b05b8e5d35d84, findElement {using=css selector, value=div[class='slds-spinner slds-spinner_brand slds-spinner_small']>div:nth-child(2)r}]
Capabilities {acceptInsecureCerts: false, browserName: chrome, browserVersion: 124.0.6367.92, chrome: {chromedriverVersion: 124.0.6367.91 (51df0e5e17a8..., userDataDir: C:\Users\PRATHA~1.KUM\AppDa...}, fedcm:accounts: true, goog:chromeOptions: {debuggerAddress: localhost:49451}, networkConnectionEnabled: false, pageLoadStrategy: normal, platformName: WINDOWS, proxy: Proxy(), se:cdp: ws://localhost:49451/devtoo..., se:cdpVersion: 124.0.6367.92, setWindowRect: true, strictFileInteractability: false, timeouts: {implicit: 0, pageLoad: 300000, script: 30000}, unhandledPromptBehavior: dismiss and notify, webauthn:extension:credBlob: true, webauthn:extension:largeBlob: true, webauthn:extension:minPinLength: true, webauthn:extension:prf: true, webauthn:virtualAuthenticators: true}
Session ID: 2cf28825ea7a8a419a5b05b8e5d35d84</small> </font> </div>
<div class="test-event"> <font color="maroon"> <small> &emsp; &emsp;--- 05 May 00:20:56 121 - <b>0</b> - Spinner Load Wait: (Sync) - ICar.support.WaitUtils.waitForSpinner(WaitUtils.java:225)</small> </font> </div>
<div class="test-event"> <font color="maroon"> <small> &emsp; &emsp;--- 05 May 00:21:06 233 - Page URL:: https://www.i-car.com/product/group-2</small> </font> </div>
<div class="test-event"> <font color="maroon"> <small> &emsp; &emsp;--- 05 May 00:21:06 233 - <b>0</b> - Page Load Wait: (Sync) - ICar.support.Utils.waitForPageLoad(Utils.java:109)</small> </font> </div>
<div class="test-event"> <font color="maroon"> <small> &emsp; &emsp;--- 05 May 00:21:06 252 - Element is displayed:: [[ChromeDriver: chrome on WINDOWS (2cf28825ea7a8a419a5b05b8e5d35d84)] -> xpath: //a[contains(text(),'Back to Courses')]]</small> </font> </div>
<div class="test-event"> <font color="maroon"> <small> &emsp; &emsp;--- 05 May 00:21:13 300 - Catched spinner load exception due to javascript error: {"status":32,"value":"An invalid or illegal selector was specified"}
  (Session info: chrome=124.0.6367.92)
Build info: version: '4.6.0', revision: '79f1c02ae20'
System info: os.name: 'Windows 10', os.arch: 'amd64', os.version: '10.0', java.version: '17.0.7'
Driver info: org.openqa.selenium.chrome.ChromeDriver
Command: [2cf28825ea7a8a419a5b05b8e5d35d84, findElement {using=css selector, value=div[class='slds-spinner slds-spinner_brand slds-spinner_small']>div:nth-child(2)r}]
Capabilities {acceptInsecureCerts: false, browserName: chrome, browserVersion: 124.0.6367.92, chrome: {chromedriverVersion: 124.0.6367.91 (51df0e5e17a8..., userDataDir: C:\Users\PRATHA~1.KUM\AppDa...}, fedcm:accounts: true, goog:chromeOptions: {debuggerAddress: localhost:49451}, networkConnectionEnabled: false, pageLoadStrategy: normal, platformName: WINDOWS, proxy: Proxy(), se:cdp: ws://localhost:49451/devtoo..., se:cdpVersion: 124.0.6367.92, setWindowRect: true, strictFileInteractability: false, timeouts: {implicit: 0, pageLoad: 300000, script: 30000}, unhandledPromptBehavior: dismiss and notify, webauthn:extension:credBlob: true, webauthn:extension:largeBlob: true, webauthn:extension:minPinLength: true, webauthn:extension:prf: true, webauthn:virtualAuthenticators: true}
Session ID: 2cf28825ea7a8a419a5b05b8e5d35d84</small> </font> </div>
<div class="test-event"> <font color="maroon"> <small> &emsp; &emsp;--- 05 May 00:21:13 300 - <b>0</b> - Spinner Load Wait: (Sync) - ICar.support.WaitUtils.waitForSpinner(WaitUtils.java:225)</small> </font> </div>
<div class="test-message">&emsp;Back To Courses is displayed in the page </div>
<div class="test-message">&emsp;Successfully verified Back To Course Link&emsp;<a href=".\ScreenShot\URL_TC001_2722410916727600.png" target="_blank" >[ScreenShot]</a></div>
<div class="test-event"> <font color="maroon"> <small> &emsp; &emsp;--- 05 May 00:21:13 558 - Catched spinner load exception due to javascript error: {"status":32,"value":"An invalid or illegal selector was specified"}
  (Session info: chrome=124.0.6367.92)
Build info: version: '4.6.0', revision: '79f1c02ae20'
System info: os.name: 'Windows 10', os.arch: 'amd64', os.version: '10.0', java.version: '17.0.7'
Driver info: org.openqa.selenium.chrome.ChromeDriver
Command: [2cf28825ea7a8a419a5b05b8e5d35d84, findElement {using=css selector, value=div[class='slds-spinner slds-spinner_brand slds-spinner_small']>div:nth-child(2)r}]
Capabilities {acceptInsecureCerts: false, browserName: chrome, browserVersion: 124.0.6367.92, chrome: {chromedriverVersion: 124.0.6367.91 (51df0e5e17a8..., userDataDir: C:\Users\PRATHA~1.KUM\AppDa...}, fedcm:accounts: true, goog:chromeOptions: {debuggerAddress: localhost:49451}, networkConnectionEnabled: false, pageLoadStrategy: normal, platformName: WINDOWS, proxy: Proxy(), se:cdp: ws://localhost:49451/devtoo..., se:cdpVersion: 124.0.6367.92, setWindowRect: true, strictFileInteractability: false, timeouts: {implicit: 0, pageLoad: 300000, script: 30000}, unhandledPromptBehavior: dismiss and notify, webauthn:extension:credBlob: true, webauthn:extension:largeBlob: true, webauthn:extension:minPinLength: true, webauthn:extension:prf: true, webauthn:virtualAuthenticators: true}
Session ID: 2cf28825ea7a8a419a5b05b8e5d35d84</small> </font> </div>
<div class="test-event"> <font color="maroon"> <small> &emsp; &emsp;--- 05 May 00:21:13 558 - <b>0</b> - Spinner Load Wait: (Sync) - ICar.support.WaitUtils.waitForSpinner(WaitUtils.java:225)</small> </font> </div>
<div class="test-event"> <font color="maroon"> <small> &emsp; &emsp;--- 05 May 00:21:13 642 - Page URL:: https://www.i-car.com/product/group-2</small> </font> </div>
<div class="test-event"> <font color="maroon"> <small> &emsp; &emsp;--- 05 May 00:21:13 642 - <b>0</b> - Page Load Wait: (Sync) - ICar.support.Utils.waitForPageLoad(Utils.java:109)</small> </font> </div>
<div class="test-event"> <font color="maroon"> <small> &emsp; &emsp;--- 05 May 00:21:23 690 - Element is displayed:: [[ChromeDriver: chrome on WINDOWS (2cf28825ea7a8a419a5b05b8e5d35d84)] -> xpath: //div[@class='productDetails slds-p-bottom_large']//div[contains(@class,'slds-p-bottom_medium')]]</small> </font> </div>
<div class="test-message">&emsp;Course Name : Group02 is not displayed in the URL pageName from Excel :group2</div>
<div class="test-result"><font color="red">&emsp;Failed to verify the course name for relevant link</font><a href=".\ScreenShot\URL_TC001_2722429316826200.png" target="_blank" >[ScreenShot]</a></div>
<!--FAILSOFT-->
<div class="test-message">&emsp;
</div>
<div class="test-message">&emsp;141. URL is : https://www.i-car.com/product/ford-adas-2day-handson-skills-development-prerequisites</div>
<div class="test-event"> <font color="maroon"> <small> &emsp; &emsp;--- 05 May 00:21:39 774 - Page URL:: https://www.i-car.com/product/ford-adas-2day-handson-skills-development-prerequisites</small> </font> </div>
<div class="test-event"> <font color="maroon"> <small> &emsp; &emsp;--- 05 May 00:21:39 774 - <b>0</b> - Page Load Wait: (Sync) - ICar.support.Utils.waitForPageLoad(Utils.java:109)</small> </font> </div>
<div class="test-message">&emsp;Successfully navigated to the :  https://www.i-car.com/product/ford-adas-2day-handson-skills-development-prerequisites   Page&emsp;<a href=".\ScreenShot\URL_TC001_2722437380689800.png" target="_blank" >[ScreenShot]</a></div>
<div class="test-event"> <font color="maroon"> <small> &emsp; &emsp;--- 05 May 00:21:40 088 - Page URL:: https://www.i-car.com/product/ford-adas-2day-handson-skills-development-prerequisites</small> </font> </div>
<div class="test-event"> <font color="maroon"> <small> &emsp; &emsp;--- 05 May 00:21:40 088 - <b>0</b> - Page Load Wait: (Sync) - ICar.support.Utils.waitForPageLoad(Utils.java:109)</small> </font> </div>
<div class="test-event"> <font color="maroon"> <small> &emsp; &emsp;--- 05 May 00:21:40 097 - Catched spinner load exception due to javascript error: {"status":32,"value":"An invalid or illegal selector was specified"}
  (Session info: chrome=124.0.6367.92)
Build info: version: '4.6.0', revision: '79f1c02ae20'
System info: os.name: 'Windows 10', os.arch: 'amd64', os.version: '10.0', java.version: '17.0.7'
Driver info: org.openqa.selenium.chrome.ChromeDriver
Command: [2cf28825ea7a8a419a5b05b8e5d35d84, findElement {using=css selector, value=div[class='slds-spinner slds-spinner_brand slds-spinner_small']>div:nth-child(2)r}]
Capabilities {acceptInsecureCerts: false, browserName: chrome, browserVersion: 124.0.6367.92, chrome: {chromedriverVersion: 124.0.6367.91 (51df0e5e17a8..., userDataDir: C:\Users\PRATHA~1.KUM\AppDa...}, fedcm:accounts: true, goog:chromeOptions: {debuggerAddress: localhost:49451}, networkConnectionEnabled: false, pageLoadStrategy: normal, platformName: WINDOWS, proxy: Proxy(), se:cdp: ws://localhost:49451/devtoo..., se:cdpVersion: 124.0.6367.92, setWindowRect: true, strictFileInteractability: false, timeouts: {implicit: 0, pageLoad: 300000, script: 30000}, unhandledPromptBehavior: dismiss and notify, webauthn:extension:credBlob: true, webauthn:extension:largeBlob: true, webauthn:extension:minPinLength: true, webauthn:extension:prf: true, webauthn:virtualAuthenticators: true}
Session ID: 2cf28825ea7a8a419a5b05b8e5d35d84</small> </font> </div>
<div class="test-event"> <font color="maroon"> <small> &emsp; &emsp;--- 05 May 00:21:40 097 - <b>0</b> - Spinner Load Wait: (Sync) - ICar.support.WaitUtils.waitForSpinner(WaitUtils.java:225)</small> </font> </div>
<div class="test-event"> <font color="maroon"> <small> &emsp; &emsp;--- 05 May 00:21:50 188 - Page URL:: https://www.i-car.com/product/ford-adas-2day-handson-skills-development-prerequisites</small> </font> </div>
<div class="test-event"> <font color="maroon"> <small> &emsp; &emsp;--- 05 May 00:21:50 188 - <b>0</b> - Page Load Wait: (Sync) - ICar.support.Utils.waitForPageLoad(Utils.java:109)</small> </font> </div>
<div class="test-event"> <font color="maroon"> <small> &emsp; &emsp;--- 05 May 00:21:50 207 - Element is displayed:: [[ChromeDriver: chrome on WINDOWS (2cf28825ea7a8a419a5b05b8e5d35d84)] -> xpath: //a[contains(text(),'Back to Courses')]]</small> </font> </div>
<div class="test-event"> <font color="maroon"> <small> &emsp; &emsp;--- 05 May 00:21:57 237 - Catched spinner load exception due to javascript error: {"status":32,"value":"An invalid or illegal selector was specified"}
  (Session info: chrome=124.0.6367.92)
Build info: version: '4.6.0', revision: '79f1c02ae20'
System info: os.name: 'Windows 10', os.arch: 'amd64', os.version: '10.0', java.version: '17.0.7'
Driver info: org.openqa.selenium.chrome.ChromeDriver
Command: [2cf28825ea7a8a419a5b05b8e5d35d84, findElement {using=css selector, value=div[class='slds-spinner slds-spinner_brand slds-spinner_small']>div:nth-child(2)r}]
Capabilities {acceptInsecureCerts: false, browserName: chrome, browserVersion: 124.0.6367.92, chrome: {chromedriverVersion: 124.0.6367.91 (51df0e5e17a8..., userDataDir: C:\Users\PRATHA~1.KUM\AppDa...}, fedcm:accounts: true, goog:chromeOptions: {debuggerAddress: localhost:49451}, networkConnectionEnabled: false, pageLoadStrategy: normal, platformName: WINDOWS, proxy: Proxy(), se:cdp: ws://localhost:49451/devtoo..., se:cdpVersion: 124.0.6367.92, setWindowRect: true, strictFileInteractability: false, timeouts: {implicit: 0, pageLoad: 300000, script: 30000}, unhandledPromptBehavior: dismiss and notify, webauthn:extension:credBlob: true, webauthn:extension:largeBlob: true, webauthn:extension:minPinLength: true, webauthn:extension:prf: true, webauthn:virtualAuthenticators: true}
Session ID: 2cf28825ea7a8a419a5b05b8e5d35d84</small> </font> </div>
<div class="test-event"> <font color="maroon"> <small> &emsp; &emsp;--- 05 May 00:21:57 237 - <b>0</b> - Spinner Load Wait: (Sync) - ICar.support.WaitUtils.waitForSpinner(WaitUtils.java:225)</small> </font> </div>
<div class="test-message">&emsp;Back To Courses is displayed in the page </div>
<div class="test-message">&emsp;Successfully verified Back To Course Link&emsp;<a href=".\ScreenShot\URL_TC001_2722454855603200.png" target="_blank" >[ScreenShot]</a></div>
<div class="test-event"> <font color="maroon"> <small> &emsp; &emsp;--- 05 May 00:21:57 480 - Catched spinner load exception due to javascript error: {"status":32,"value":"An invalid or illegal selector was specified"}
  (Session info: chrome=124.0.6367.92)
Build info: version: '4.6.0', revision: '79f1c02ae20'
System info: os.name: 'Windows 10', os.arch: 'amd64', os.version: '10.0', java.version: '17.0.7'
Driver info: org.openqa.selenium.chrome.ChromeDriver
Command: [2cf28825ea7a8a419a5b05b8e5d35d84, findElement {using=css selector, value=div[class='slds-spinner slds-spinner_brand slds-spinner_small']>div:nth-child(2)r}]
Capabilities {acceptInsecureCerts: false, browserName: chrome, browserVersion: 124.0.6367.92, chrome: {chromedriverVersion: 124.0.6367.91 (51df0e5e17a8..., userDataDir: C:\Users\PRATHA~1.KUM\AppDa...}, fedcm:accounts: true, goog:chromeOptions: {debuggerAddress: localhost:49451}, networkConnectionEnabled: false, pageLoadStrategy: normal, platformName: WINDOWS, proxy: Proxy(), se:cdp: ws://localhost:49451/devtoo..., se:cdpVersion: 124.0.6367.92, setWindowRect: true, strictFileInteractability: false, timeouts: {implicit: 0, pageLoad: 300000, script: 30000}, unhandledPromptBehavior: dismiss and notify, webauthn:extension:credBlob: true, webauthn:extension:largeBlob: true, webauthn:extension:minPinLength: true, webauthn:extension:prf: true, webauthn:virtualAuthenticators: true}
Session ID: 2cf28825ea7a8a419a5b05b8e5d35d84</small> </font> </div>
<div class="test-event"> <font color="maroon"> <small> &emsp; &emsp;--- 05 May 00:21:57 481 - <b>0</b> - Spinner Load Wait: (Sync) - ICar.support.WaitUtils.waitForSpinner(WaitUtils.java:225)</small> </font> </div>
<div class="test-event"> <font color="maroon"> <small> &emsp; &emsp;--- 05 May 00:21:57 570 - Page URL:: https://www.i-car.com/product/ford-adas-2day-handson-skills-development-prerequisites</small> </font> </div>
<div class="test-event"> <font color="maroon"> <small> &emsp; &emsp;--- 05 May 00:21:57 570 - <b>0</b> - Page Load Wait: (Sync) - ICar.support.Utils.waitForPageLoad(Utils.java:109)</small> </font> </div>
<div class="test-event"> <font color="maroon"> <small> &emsp; &emsp;--- 05 May 00:22:07 628 - Element is displayed:: [[ChromeDriver: chrome on WINDOWS (2cf28825ea7a8a419a5b05b8e5d35d84)] -> xpath: //div[@class='productDetails slds-p-bottom_large']//div[contains(@class,'slds-p-bottom_medium')]]</small> </font> </div>
<div class="test-message">&emsp;Course Name : FordADAS2DayHandsOnSkillsDevelopmentPrerequisites is displayed in the URL page</div>
<div class="test-message">&emsp;Successfully verified the course name for relevant link&emsp;<a href=".\ScreenShot\URL_TC001_2722473253358300.png" target="_blank" >[ScreenShot]</a></div>
<div class="test-message">&emsp;
</div>
<div class="test-message">&emsp;142. URL is : https://www.i-car.com/product/developing-new-talent</div>
<div class="test-event"> <font color="maroon"> <small> &emsp; &emsp;--- 05 May 00:22:17 118 - Page URL:: https://www.i-car.com/product/developing-new-talent</small> </font> </div>
<div class="test-event"> <font color="maroon"> <small> &emsp; &emsp;--- 05 May 00:22:17 119 - <b>0</b> - Page Load Wait: (Sync) - ICar.support.Utils.waitForPageLoad(Utils.java:109)</small> </font> </div>
<div class="test-message">&emsp;Successfully navigated to the :  https://www.i-car.com/product/developing-new-talent   Page&emsp;<a href=".\ScreenShot\URL_TC001_2722474725910200.png" target="_blank" >[ScreenShot]</a></div>
<div class="test-event"> <font color="maroon"> <small> &emsp; &emsp;--- 05 May 00:22:17 408 - Page URL:: https://www.i-car.com/product/developing-new-talent</small> </font> </div>
<div class="test-event"> <font color="maroon"> <small> &emsp; &emsp;--- 05 May 00:22:17 408 - <b>0</b> - Page Load Wait: (Sync) - ICar.support.Utils.waitForPageLoad(Utils.java:109)</small> </font> </div>
<div class="test-event"> <font color="maroon"> <small> &emsp; &emsp;--- 05 May 00:22:17 417 - Catched spinner load exception due to javascript error: {"status":32,"value":"An invalid or illegal selector was specified"}
  (Session info: chrome=124.0.6367.92)
Build info: version: '4.6.0', revision: '79f1c02ae20'
System info: os.name: 'Windows 10', os.arch: 'amd64', os.version: '10.0', java.version: '17.0.7'
Driver info: org.openqa.selenium.chrome.ChromeDriver
Command: [2cf28825ea7a8a419a5b05b8e5d35d84, findElement {using=css selector, value=div[class='slds-spinner slds-spinner_brand slds-spinner_small']>div:nth-child(2)r}]
Capabilities {acceptInsecureCerts: false, browserName: chrome, browserVersion: 124.0.6367.92, chrome: {chromedriverVersion: 124.0.6367.91 (51df0e5e17a8..., userDataDir: C:\Users\PRATHA~1.KUM\AppDa...}, fedcm:accounts: true, goog:chromeOptions: {debuggerAddress: localhost:49451}, networkConnectionEnabled: false, pageLoadStrategy: normal, platformName: WINDOWS, proxy: Proxy(), se:cdp: ws://localhost:49451/devtoo..., se:cdpVersion: 124.0.6367.92, setWindowRect: true, strictFileInteractability: false, timeouts: {implicit: 0, pageLoad: 300000, script: 30000}, unhandledPromptBehavior: dismiss and notify, webauthn:extension:credBlob: true, webauthn:extension:largeBlob: true, webauthn:extension:minPinLength: true, webauthn:extension:prf: true, webauthn:virtualAuthenticators: true}
Session ID: 2cf28825ea7a8a419a5b05b8e5d35d84</small> </font> </div>
<div class="test-event"> <font color="maroon"> <small> &emsp; &emsp;--- 05 May 00:22:17 417 - <b>0</b> - Spinner Load Wait: (Sync) - ICar.support.WaitUtils.waitForSpinner(WaitUtils.java:225)</small> </font> </div>
<div class="test-event"> <font color="maroon"> <small> &emsp; &emsp;--- 05 May 00:22:27 529 - Page URL:: https://www.i-car.com/product/developing-new-talent</small> </font> </div>
<div class="test-event"> <font color="maroon"> <small> &emsp; &emsp;--- 05 May 00:22:27 529 - <b>0</b> - Page Load Wait: (Sync) - ICar.support.Utils.waitForPageLoad(Utils.java:109)</small> </font> </div>
<div class="test-event"> <font color="maroon"> <small> &emsp; &emsp;--- 05 May 00:22:27 545 - Element is displayed:: [[ChromeDriver: chrome on WINDOWS (2cf28825ea7a8a419a5b05b8e5d35d84)] -> xpath: //a[contains(text(),'Back to Courses')]]</small> </font> </div>
<div class="test-event"> <font color="maroon"> <small> &emsp; &emsp;--- 05 May 00:22:34 576 - Catched spinner load exception due to javascript error: {"status":32,"value":"An invalid or illegal selector was specified"}
  (Session info: chrome=124.0.6367.92)
Build info: version: '4.6.0', revision: '79f1c02ae20'
System info: os.name: 'Windows 10', os.arch: 'amd64', os.version: '10.0', java.version: '17.0.7'
Driver info: org.openqa.selenium.chrome.ChromeDriver
Command: [2cf28825ea7a8a419a5b05b8e5d35d84, findElement {using=css selector, value=div[class='slds-spinner slds-spinner_brand slds-spinner_small']>div:nth-child(2)r}]
Capabilities {acceptInsecureCerts: false, browserName: chrome, browserVersion: 124.0.6367.92, chrome: {chromedriverVersion: 124.0.6367.91 (51df0e5e17a8..., userDataDir: C:\Users\PRATHA~1.KUM\AppDa...}, fedcm:accounts: true, goog:chromeOptions: {debuggerAddress: localhost:49451}, networkConnectionEnabled: false, pageLoadStrategy: normal, platformName: WINDOWS, proxy: Proxy(), se:cdp: ws://localhost:49451/devtoo..., se:cdpVersion: 124.0.6367.92, setWindowRect: true, strictFileInteractability: false, timeouts: {implicit: 0, pageLoad: 300000, script: 30000}, unhandledPromptBehavior: dismiss and notify, webauthn:extension:credBlob: true, webauthn:extension:largeBlob: true, webauthn:extension:minPinLength: true, webauthn:extension:prf: true, webauthn:virtualAuthenticators: true}
Session ID: 2cf28825ea7a8a419a5b05b8e5d35d84</small> </font> </div>
<div class="test-event"> <font color="maroon"> <small> &emsp; &emsp;--- 05 May 00:22:34 576 - <b>0</b> - Spinner Load Wait: (Sync) - ICar.support.WaitUtils.waitForSpinner(WaitUtils.java:225)</small> </font> </div>
<div class="test-message">&emsp;Back To Courses is displayed in the page </div>
<div class="test-message">&emsp;Successfully verified Back To Course Link&emsp;<a href=".\ScreenShot\URL_TC001_2722492195093600.png" target="_blank" >[ScreenShot]</a></div>
<div class="test-event"> <font color="maroon"> <small> &emsp; &emsp;--- 05 May 00:22:34 831 - Catched spinner load exception due to javascript error: {"status":32,"value":"An invalid or illegal selector was specified"}
  (Session info: chrome=124.0.6367.92)
Build info: version: '4.6.0', revision: '79f1c02ae20'
System info: os.name: 'Windows 10', os.arch: 'amd64', os.version: '10.0', java.version: '17.0.7'
Driver info: org.openqa.selenium.chrome.ChromeDriver
Command: [2cf28825ea7a8a419a5b05b8e5d35d84, findElement {using=css selector, value=div[class='slds-spinner slds-spinner_brand slds-spinner_small']>div:nth-child(2)r}]
Capabilities {acceptInsecureCerts: false, browserName: chrome, browserVersion: 124.0.6367.92, chrome: {chromedriverVersion: 124.0.6367.91 (51df0e5e17a8..., userDataDir: C:\Users\PRATHA~1.KUM\AppDa...}, fedcm:accounts: true, goog:chromeOptions: {debuggerAddress: localhost:49451}, networkConnectionEnabled: false, pageLoadStrategy: normal, platformName: WINDOWS, proxy: Proxy(), se:cdp: ws://localhost:49451/devtoo..., se:cdpVersion: 124.0.6367.92, setWindowRect: true, strictFileInteractability: false, timeouts: {implicit: 0, pageLoad: 300000, script: 30000}, unhandledPromptBehavior: dismiss and notify, webauthn:extension:credBlob: true, webauthn:extension:largeBlob: true, webauthn:extension:minPinLength: true, webauthn:extension:prf: true, webauthn:virtualAuthenticators: true}
Session ID: 2cf28825ea7a8a419a5b05b8e5d35d84</small> </font> </div>
<div class="test-event"> <font color="maroon"> <small> &emsp; &emsp;--- 05 May 00:22:34 831 - <b>0</b> - Spinner Load Wait: (Sync) - ICar.support.WaitUtils.waitForSpinner(WaitUtils.java:225)</small> </font> </div>
<div class="test-event"> <font color="maroon"> <small> &emsp; &emsp;--- 05 May 00:22:34 908 - Page URL:: https://www.i-car.com/product/developing-new-talent</small> </font> </div>
<div class="test-event"> <font color="maroon"> <small> &emsp; &emsp;--- 05 May 00:22:34 908 - <b>0</b> - Page Load Wait: (Sync) - ICar.support.Utils.waitForPageLoad(Utils.java:109)</small> </font> </div>
<div class="test-event"> <font color="maroon"> <small> &emsp; &emsp;--- 05 May 00:22:44 956 - Element is displayed:: [[ChromeDriver: chrome on WINDOWS (2cf28825ea7a8a419a5b05b8e5d35d84)] -> xpath: //div[@class='productDetails slds-p-bottom_large']//div[contains(@class,'slds-p-bottom_medium')]]</small> </font> </div>
<div class="test-message">&emsp;Course Name : DevelopingNewTalent is displayed in the URL page</div>
<div class="test-message">&emsp;Successfully verified the course name for relevant link&emsp;<a href=".\ScreenShot\URL_TC001_2722510579852000.png" target="_blank" >[ScreenShot]</a></div>
<div class="test-message">&emsp;
</div>
<div class="test-message">&emsp;143. URL is : https://www.i-car.com/product/requirements-and-considerations-for-achieving-an-accurate-advanced-driver-assis</div>
<div class="test-event"> <font color="maroon"> <small> &emsp; &emsp;--- 05 May 00:22:54 402 - Page URL:: https://www.i-car.com/product/requirements-and-considerations-for-achieving-an-accurate-advanced-driver-assis</small> </font> </div>
<div class="test-event"> <font color="maroon"> <small> &emsp; &emsp;--- 05 May 00:22:54 402 - <b>0</b> - Page Load Wait: (Sync) - ICar.support.Utils.waitForPageLoad(Utils.java:109)</small> </font> </div>
<div class="test-message">&emsp;Successfully navigated to the :  https://www.i-car.com/product/requirements-and-considerations-for-achieving-an-accurate-advanced-driver-assis   Page&emsp;<a href=".\ScreenShot\URL_TC001_2722512009597300.png" target="_blank" >[ScreenShot]</a></div>
<div class="test-event"> <font color="maroon"> <small> &emsp; &emsp;--- 05 May 00:22:54 681 - Page URL:: https://www.i-car.com/product/requirements-and-considerations-for-achieving-an-accurate-advanced-driver-assis</small> </font> </div>
<div class="test-event"> <font color="maroon"> <small> &emsp; &emsp;--- 05 May 00:22:54 681 - <b>0</b> - Page Load Wait: (Sync) - ICar.support.Utils.waitForPageLoad(Utils.java:109)</small> </font> </div>
<div class="test-event"> <font color="maroon"> <small> &emsp; &emsp;--- 05 May 00:22:54 689 - Catched spinner load exception due to javascript error: {"status":32,"value":"An invalid or illegal selector was specified"}
  (Session info: chrome=124.0.6367.92)
Build info: version: '4.6.0', revision: '79f1c02ae20'
System info: os.name: 'Windows 10', os.arch: 'amd64', os.version: '10.0', java.version: '17.0.7'
Driver info: org.openqa.selenium.chrome.ChromeDriver
Command: [2cf28825ea7a8a419a5b05b8e5d35d84, findElement {using=css selector, value=div[class='slds-spinner slds-spinner_brand slds-spinner_small']>div:nth-child(2)r}]
Capabilities {acceptInsecureCerts: false, browserName: chrome, browserVersion: 124.0.6367.92, chrome: {chromedriverVersion: 124.0.6367.91 (51df0e5e17a8..., userDataDir: C:\Users\PRATHA~1.KUM\AppDa...}, fedcm:accounts: true, goog:chromeOptions: {debuggerAddress: localhost:49451}, networkConnectionEnabled: false, pageLoadStrategy: normal, platformName: WINDOWS, proxy: Proxy(), se:cdp: ws://localhost:49451/devtoo..., se:cdpVersion: 124.0.6367.92, setWindowRect: true, strictFileInteractability: false, timeouts: {implicit: 0, pageLoad: 300000, script: 30000}, unhandledPromptBehavior: dismiss and notify, webauthn:extension:credBlob: true, webauthn:extension:largeBlob: true, webauthn:extension:minPinLength: true, webauthn:extension:prf: true, webauthn:virtualAuthenticators: true}
Session ID: 2cf28825ea7a8a419a5b05b8e5d35d84</small> </font> </div>
<div class="test-event"> <font color="maroon"> <small> &emsp; &emsp;--- 05 May 00:22:54 689 - <b>0</b> - Spinner Load Wait: (Sync) - ICar.support.WaitUtils.waitForSpinner(WaitUtils.java:225)</small> </font> </div>
<div class="test-event"> <font color="maroon"> <small> &emsp; &emsp;--- 05 May 00:23:04 785 - Page URL:: https://www.i-car.com/product/requirements-and-considerations-for-achieving-an-accurate-advanced-driver-assis</small> </font> </div>
<div class="test-event"> <font color="maroon"> <small> &emsp; &emsp;--- 05 May 00:23:04 785 - <b>0</b> - Page Load Wait: (Sync) - ICar.support.Utils.waitForPageLoad(Utils.java:109)</small> </font> </div>
<div class="test-event"> <font color="maroon"> <small> &emsp; &emsp;--- 05 May 00:23:04 803 - Element is displayed:: [[ChromeDriver: chrome on WINDOWS (2cf28825ea7a8a419a5b05b8e5d35d84)] -> xpath: //a[contains(text(),'Back to Courses')]]</small> </font> </div>
<div class="test-event"> <font color="maroon"> <small> &emsp; &emsp;--- 05 May 00:23:11 847 - Catched spinner load exception due to javascript error: {"status":32,"value":"An invalid or illegal selector was specified"}
  (Session info: chrome=124.0.6367.92)
Build info: version: '4.6.0', revision: '79f1c02ae20'
System info: os.name: 'Windows 10', os.arch: 'amd64', os.version: '10.0', java.version: '17.0.7'
Driver info: org.openqa.selenium.chrome.ChromeDriver
Command: [2cf28825ea7a8a419a5b05b8e5d35d84, findElement {using=css selector, value=div[class='slds-spinner slds-spinner_brand slds-spinner_small']>div:nth-child(2)r}]
Capabilities {acceptInsecureCerts: false, browserName: chrome, browserVersion: 124.0.6367.92, chrome: {chromedriverVersion: 124.0.6367.91 (51df0e5e17a8..., userDataDir: C:\Users\PRATHA~1.KUM\AppDa...}, fedcm:accounts: true, goog:chromeOptions: {debuggerAddress: localhost:49451}, networkConnectionEnabled: false, pageLoadStrategy: normal, platformName: WINDOWS, proxy: Proxy(), se:cdp: ws://localhost:49451/devtoo..., se:cdpVersion: 124.0.6367.92, setWindowRect: true, strictFileInteractability: false, timeouts: {implicit: 0, pageLoad: 300000, script: 30000}, unhandledPromptBehavior: dismiss and notify, webauthn:extension:credBlob: true, webauthn:extension:largeBlob: true, webauthn:extension:minPinLength: true, webauthn:extension:prf: true, webauthn:virtualAuthenticators: true}
Session ID: 2cf28825ea7a8a419a5b05b8e5d35d84</small> </font> </div>
<div class="test-event"> <font color="maroon"> <small> &emsp; &emsp;--- 05 May 00:23:11 847 - <b>0</b> - Spinner Load Wait: (Sync) - ICar.support.WaitUtils.waitForSpinner(WaitUtils.java:225)</small> </font> </div>
<div class="test-message">&emsp;Back To Courses is displayed in the page </div>
<div class="test-message">&emsp;Successfully verified Back To Course Link&emsp;<a href=".\ScreenShot\URL_TC001_2722529464580500.png" target="_blank" >[ScreenShot]</a></div>
<div class="test-event"> <font color="maroon"> <small> &emsp; &emsp;--- 05 May 00:23:12 119 - Catched spinner load exception due to javascript error: {"status":32,"value":"An invalid or illegal selector was specified"}
  (Session info: chrome=124.0.6367.92)
Build info: version: '4.6.0', revision: '79f1c02ae20'
System info: os.name: 'Windows 10', os.arch: 'amd64', os.version: '10.0', java.version: '17.0.7'
Driver info: org.openqa.selenium.chrome.ChromeDriver
Command: [2cf28825ea7a8a419a5b05b8e5d35d84, findElement {using=css selector, value=div[class='slds-spinner slds-spinner_brand slds-spinner_small']>div:nth-child(2)r}]
Capabilities {acceptInsecureCerts: false, browserName: chrome, browserVersion: 124.0.6367.92, chrome: {chromedriverVersion: 124.0.6367.91 (51df0e5e17a8..., userDataDir: C:\Users\PRATHA~1.KUM\AppDa...}, fedcm:accounts: true, goog:chromeOptions: {debuggerAddress: localhost:49451}, networkConnectionEnabled: false, pageLoadStrategy: normal, platformName: WINDOWS, proxy: Proxy(), se:cdp: ws://localhost:49451/devtoo..., se:cdpVersion: 124.0.6367.92, setWindowRect: true, strictFileInteractability: false, timeouts: {implicit: 0, pageLoad: 300000, script: 30000}, unhandledPromptBehavior: dismiss and notify, webauthn:extension:credBlob: true, webauthn:extension:largeBlob: true, webauthn:extension:minPinLength: true, webauthn:extension:prf: true, webauthn:virtualAuthenticators: true}
Session ID: 2cf28825ea7a8a419a5b05b8e5d35d84</small> </font> </div>
<div class="test-event"> <font color="maroon"> <small> &emsp; &emsp;--- 05 May 00:23:12 119 - <b>0</b> - Spinner Load Wait: (Sync) - ICar.support.WaitUtils.waitForSpinner(WaitUtils.java:225)</small> </font> </div>
<div class="test-event"> <font color="maroon"> <small> &emsp; &emsp;--- 05 May 00:23:12 190 - Page URL:: https://www.i-car.com/product/requirements-and-considerations-for-achieving-an-accurate-advanced-driver-assis</small> </font> </div>
<div class="test-event"> <font color="maroon"> <small> &emsp; &emsp;--- 05 May 00:23:12 190 - <b>0</b> - Page Load Wait: (Sync) - ICar.support.Utils.waitForPageLoad(Utils.java:109)</small> </font> </div>
<div class="test-event"> <font color="maroon"> <small> &emsp; &emsp;--- 05 May 00:23:22 232 - Element is displayed:: [[ChromeDriver: chrome on WINDOWS (2cf28825ea7a8a419a5b05b8e5d35d84)] -> xpath: //div[@class='productDetails slds-p-bottom_large']//div[contains(@class,'slds-p-bottom_medium')]]</small> </font> </div>
<div class="test-message">&emsp;Course Name : RequirementsandConsiderationsforAchievinganAccurateAdvancedDriverAssistanceSystemADASCalibration is not displayed in the URL pageName from Excel :requirementsandconsiderationsforachievinganaccurateadvanceddriverassis</div>
<div class="test-result"><font color="red">&emsp;Failed to verify the course name for relevant link</font><a href=".\ScreenShot\URL_TC001_2722547854990000.png" target="_blank" >[ScreenShot]</a></div>
<!--FAILSOFT-->
<div class="test-message">&emsp;
</div>
<div class="test-message">&emsp;144. URL is : https://www.i-car.com/product/pl1-refinish-technician</div>
<div class="test-event"> <font color="maroon"> <small> &emsp; &emsp;--- 05 May 00:23:31 620 - Page URL:: https://www.i-car.com/product/pl1-refinish-technician</small> </font> </div>
<div class="test-event"> <font color="maroon"> <small> &emsp; &emsp;--- 05 May 00:23:31 620 - <b>0</b> - Page Load Wait: (Sync) - ICar.support.Utils.waitForPageLoad(Utils.java:109)</small> </font> </div>
<div class="test-message">&emsp;Successfully navigated to the :  https://www.i-car.com/product/pl1-refinish-technician   Page&emsp;<a href=".\ScreenShot\URL_TC001_2722549227027600.png" target="_blank" >[ScreenShot]</a></div>
<div class="test-event"> <font color="maroon"> <small> &emsp; &emsp;--- 05 May 00:23:31 901 - Page URL:: https://www.i-car.com/product/pl1-refinish-technician</small> </font> </div>
<div class="test-event"> <font color="maroon"> <small> &emsp; &emsp;--- 05 May 00:23:31 901 - <b>0</b> - Page Load Wait: (Sync) - ICar.support.Utils.waitForPageLoad(Utils.java:109)</small> </font> </div>
<div class="test-event"> <font color="maroon"> <small> &emsp; &emsp;--- 05 May 00:23:31 910 - Catched spinner load exception due to javascript error: {"status":32,"value":"An invalid or illegal selector was specified"}
  (Session info: chrome=124.0.6367.92)
Build info: version: '4.6.0', revision: '79f1c02ae20'
System info: os.name: 'Windows 10', os.arch: 'amd64', os.version: '10.0', java.version: '17.0.7'
Driver info: org.openqa.selenium.chrome.ChromeDriver
Command: [2cf28825ea7a8a419a5b05b8e5d35d84, findElement {using=css selector, value=div[class='slds-spinner slds-spinner_brand slds-spinner_small']>div:nth-child(2)r}]
Capabilities {acceptInsecureCerts: false, browserName: chrome, browserVersion: 124.0.6367.92, chrome: {chromedriverVersion: 124.0.6367.91 (51df0e5e17a8..., userDataDir: C:\Users\PRATHA~1.KUM\AppDa...}, fedcm:accounts: true, goog:chromeOptions: {debuggerAddress: localhost:49451}, networkConnectionEnabled: false, pageLoadStrategy: normal, platformName: WINDOWS, proxy: Proxy(), se:cdp: ws://localhost:49451/devtoo..., se:cdpVersion: 124.0.6367.92, setWindowRect: true, strictFileInteractability: false, timeouts: {implicit: 0, pageLoad: 300000, script: 30000}, unhandledPromptBehavior: dismiss and notify, webauthn:extension:credBlob: true, webauthn:extension:largeBlob: true, webauthn:extension:minPinLength: true, webauthn:extension:prf: true, webauthn:virtualAuthenticators: true}
Session ID: 2cf28825ea7a8a419a5b05b8e5d35d84</small> </font> </div>
<div class="test-event"> <font color="maroon"> <small> &emsp; &emsp;--- 05 May 00:23:31 910 - <b>0</b> - Spinner Load Wait: (Sync) - ICar.support.WaitUtils.waitForSpinner(WaitUtils.java:225)</small> </font> </div>
<div class="test-event"> <font color="maroon"> <small> &emsp; &emsp;--- 05 May 00:23:42 017 - Page URL:: https://www.i-car.com/product/pl1-refinish-technician</small> </font> </div>
<div class="test-event"> <font color="maroon"> <small> &emsp; &emsp;--- 05 May 00:23:42 017 - <b>0</b> - Page Load Wait: (Sync) - ICar.support.Utils.waitForPageLoad(Utils.java:109)</small> </font> </div>
<div class="test-event"> <font color="maroon"> <small> &emsp; &emsp;--- 05 May 00:23:42 037 - Element is displayed:: [[ChromeDriver: chrome on WINDOWS (2cf28825ea7a8a419a5b05b8e5d35d84)] -> xpath: //a[contains(text(),'Back to Courses')]]</small> </font> </div>
<div class="test-event"> <font color="maroon"> <small> &emsp; &emsp;--- 05 May 00:23:49 080 - Catched spinner load exception due to javascript error: {"status":32,"value":"An invalid or illegal selector was specified"}
  (Session info: chrome=124.0.6367.92)
Build info: version: '4.6.0', revision: '79f1c02ae20'
System info: os.name: 'Windows 10', os.arch: 'amd64', os.version: '10.0', java.version: '17.0.7'
Driver info: org.openqa.selenium.chrome.ChromeDriver
Command: [2cf28825ea7a8a419a5b05b8e5d35d84, findElement {using=css selector, value=div[class='slds-spinner slds-spinner_brand slds-spinner_small']>div:nth-child(2)r}]
Capabilities {acceptInsecureCerts: false, browserName: chrome, browserVersion: 124.0.6367.92, chrome: {chromedriverVersion: 124.0.6367.91 (51df0e5e17a8..., userDataDir: C:\Users\PRATHA~1.KUM\AppDa...}, fedcm:accounts: true, goog:chromeOptions: {debuggerAddress: localhost:49451}, networkConnectionEnabled: false, pageLoadStrategy: normal, platformName: WINDOWS, proxy: Proxy(), se:cdp: ws://localhost:49451/devtoo..., se:cdpVersion: 124.0.6367.92, setWindowRect: true, strictFileInteractability: false, timeouts: {implicit: 0, pageLoad: 300000, script: 30000}, unhandledPromptBehavior: dismiss and notify, webauthn:extension:credBlob: true, webauthn:extension:largeBlob: true, webauthn:extension:minPinLength: true, webauthn:extension:prf: true, webauthn:virtualAuthenticators: true}
Session ID: 2cf28825ea7a8a419a5b05b8e5d35d84</small> </font> </div>
<div class="test-event"> <font color="maroon"> <small> &emsp; &emsp;--- 05 May 00:23:49 080 - <b>0</b> - Spinner Load Wait: (Sync) - ICar.support.WaitUtils.waitForSpinner(WaitUtils.java:225)</small> </font> </div>
<div class="test-message">&emsp;Back To Courses is displayed in the page </div>
<div class="test-message">&emsp;Successfully verified Back To Course Link&emsp;<a href=".\ScreenShot\URL_TC001_2722566701153600.png" target="_blank" >[ScreenShot]</a></div>
<div class="test-event"> <font color="maroon"> <small> &emsp; &emsp;--- 05 May 00:23:49 352 - Catched spinner load exception due to javascript error: {"status":32,"value":"An invalid or illegal selector was specified"}
  (Session info: chrome=124.0.6367.92)
Build info: version: '4.6.0', revision: '79f1c02ae20'
System info: os.name: 'Windows 10', os.arch: 'amd64', os.version: '10.0', java.version: '17.0.7'
Driver info: org.openqa.selenium.chrome.ChromeDriver
Command: [2cf28825ea7a8a419a5b05b8e5d35d84, findElement {using=css selector, value=div[class='slds-spinner slds-spinner_brand slds-spinner_small']>div:nth-child(2)r}]
Capabilities {acceptInsecureCerts: false, browserName: chrome, browserVersion: 124.0.6367.92, chrome: {chromedriverVersion: 124.0.6367.91 (51df0e5e17a8..., userDataDir: C:\Users\PRATHA~1.KUM\AppDa...}, fedcm:accounts: true, goog:chromeOptions: {debuggerAddress: localhost:49451}, networkConnectionEnabled: false, pageLoadStrategy: normal, platformName: WINDOWS, proxy: Proxy(), se:cdp: ws://localhost:49451/devtoo..., se:cdpVersion: 124.0.6367.92, setWindowRect: true, strictFileInteractability: false, timeouts: {implicit: 0, pageLoad: 300000, script: 30000}, unhandledPromptBehavior: dismiss and notify, webauthn:extension:credBlob: true, webauthn:extension:largeBlob: true, webauthn:extension:minPinLength: true, webauthn:extension:prf: true, webauthn:virtualAuthenticators: true}
Session ID: 2cf28825ea7a8a419a5b05b8e5d35d84</small> </font> </div>
<div class="test-event"> <font color="maroon"> <small> &emsp; &emsp;--- 05 May 00:23:49 352 - <b>0</b> - Spinner Load Wait: (Sync) - ICar.support.WaitUtils.waitForSpinner(WaitUtils.java:225)</small> </font> </div>
<div class="test-event"> <font color="maroon"> <small> &emsp; &emsp;--- 05 May 00:23:49 431 - Page URL:: https://www.i-car.com/product/pl1-refinish-technician</small> </font> </div>
<div class="test-event"> <font color="maroon"> <small> &emsp; &emsp;--- 05 May 00:23:49 431 - <b>0</b> - Page Load Wait: (Sync) - ICar.support.Utils.waitForPageLoad(Utils.java:109)</small> </font> </div>
<div class="test-event"> <font color="maroon"> <small> &emsp; &emsp;--- 05 May 00:23:59 483 - Element is displayed:: [[ChromeDriver: chrome on WINDOWS (2cf28825ea7a8a419a5b05b8e5d35d84)] -> xpath: //div[@class='productDetails slds-p-bottom_large']//div[contains(@class,'slds-p-bottom_medium')]]</small> </font> </div>
<div class="test-message">&emsp;Course Name : PL1RefinishTechnician is displayed in the URL page</div>
<div class="test-message">&emsp;Successfully verified the course name for relevant link&emsp;<a href=".\ScreenShot\URL_TC001_2722585105061300.png" target="_blank" >[ScreenShot]</a></div>
<div class="test-message">&emsp;
</div>
<div class="test-message">&emsp;145. URL is : https://www.i-car.com/product/aluminum-vehicle-overview</div>
<div class="test-event"> <font color="maroon"> <small> &emsp; &emsp;--- 05 May 00:24:08 956 - Page URL:: https://www.i-car.com/product/aluminum-vehicle-overview</small> </font> </div>
<div class="test-event"> <font color="maroon"> <small> &emsp; &emsp;--- 05 May 00:24:08 956 - <b>0</b> - Page Load Wait: (Sync) - ICar.support.Utils.waitForPageLoad(Utils.java:109)</small> </font> </div>
<div class="test-message">&emsp;Successfully navigated to the :  https://www.i-car.com/product/aluminum-vehicle-overview   Page&emsp;<a href=".\ScreenShot\URL_TC001_2722586562501600.png" target="_blank" >[ScreenShot]</a></div>
<div class="test-event"> <font color="maroon"> <small> &emsp; &emsp;--- 05 May 00:24:09 257 - Page URL:: https://www.i-car.com/product/aluminum-vehicle-overview</small> </font> </div>
<div class="test-event"> <font color="maroon"> <small> &emsp; &emsp;--- 05 May 00:24:09 257 - <b>0</b> - Page Load Wait: (Sync) - ICar.support.Utils.waitForPageLoad(Utils.java:109)</small> </font> </div>
<div class="test-event"> <font color="maroon"> <small> &emsp; &emsp;--- 05 May 00:24:09 265 - Catched spinner load exception due to javascript error: {"status":32,"value":"An invalid or illegal selector was specified"}
  (Session info: chrome=124.0.6367.92)
Build info: version: '4.6.0', revision: '79f1c02ae20'
System info: os.name: 'Windows 10', os.arch: 'amd64', os.version: '10.0', java.version: '17.0.7'
Driver info: org.openqa.selenium.chrome.ChromeDriver
Command: [2cf28825ea7a8a419a5b05b8e5d35d84, findElement {using=css selector, value=div[class='slds-spinner slds-spinner_brand slds-spinner_small']>div:nth-child(2)r}]
Capabilities {acceptInsecureCerts: false, browserName: chrome, browserVersion: 124.0.6367.92, chrome: {chromedriverVersion: 124.0.6367.91 (51df0e5e17a8..., userDataDir: C:\Users\PRATHA~1.KUM\AppDa...}, fedcm:accounts: true, goog:chromeOptions: {debuggerAddress: localhost:49451}, networkConnectionEnabled: false, pageLoadStrategy: normal, platformName: WINDOWS, proxy: Proxy(), se:cdp: ws://localhost:49451/devtoo..., se:cdpVersion: 124.0.6367.92, setWindowRect: true, strictFileInteractability: false, timeouts: {implicit: 0, pageLoad: 300000, script: 30000}, unhandledPromptBehavior: dismiss and notify, webauthn:extension:credBlob: true, webauthn:extension:largeBlob: true, webauthn:extension:minPinLength: true, webauthn:extension:prf: true, webauthn:virtualAuthenticators: true}
Session ID: 2cf28825ea7a8a419a5b05b8e5d35d84</small> </font> </div>
<div class="test-event"> <font color="maroon"> <small> &emsp; &emsp;--- 05 May 00:24:09 265 - <b>0</b> - Spinner Load Wait: (Sync) - ICar.support.WaitUtils.waitForSpinner(WaitUtils.java:225)</small> </font> </div>
<div class="test-event"> <font color="maroon"> <small> &emsp; &emsp;--- 05 May 00:24:19 363 - Page URL:: https://www.i-car.com/product/aluminum-vehicle-overview</small> </font> </div>
<div class="test-event"> <font color="maroon"> <small> &emsp; &emsp;--- 05 May 00:24:19 363 - <b>0</b> - Page Load Wait: (Sync) - ICar.support.Utils.waitForPageLoad(Utils.java:109)</small> </font> </div>
<div class="test-event"> <font color="maroon"> <small> &emsp; &emsp;--- 05 May 00:24:19 382 - Element is displayed:: [[ChromeDriver: chrome on WINDOWS (2cf28825ea7a8a419a5b05b8e5d35d84)] -> xpath: //a[contains(text(),'Back to Courses')]]</small> </font> </div>
<div class="test-event"> <font color="maroon"> <small> &emsp; &emsp;--- 05 May 00:24:26 415 - Catched spinner load exception due to javascript error: {"status":32,"value":"An invalid or illegal selector was specified"}
  (Session info: chrome=124.0.6367.92)
Build info: version: '4.6.0', revision: '79f1c02ae20'
System info: os.name: 'Windows 10', os.arch: 'amd64', os.version: '10.0', java.version: '17.0.7'
Driver info: org.openqa.selenium.chrome.ChromeDriver
Command: [2cf28825ea7a8a419a5b05b8e5d35d84, findElement {using=css selector, value=div[class='slds-spinner slds-spinner_brand slds-spinner_small']>div:nth-child(2)r}]
Capabilities {acceptInsecureCerts: false, browserName: chrome, browserVersion: 124.0.6367.92, chrome: {chromedriverVersion: 124.0.6367.91 (51df0e5e17a8..., userDataDir: C:\Users\PRATHA~1.KUM\AppDa...}, fedcm:accounts: true, goog:chromeOptions: {debuggerAddress: localhost:49451}, networkConnectionEnabled: false, pageLoadStrategy: normal, platformName: WINDOWS, proxy: Proxy(), se:cdp: ws://localhost:49451/devtoo..., se:cdpVersion: 124.0.6367.92, setWindowRect: true, strictFileInteractability: false, timeouts: {implicit: 0, pageLoad: 300000, script: 30000}, unhandledPromptBehavior: dismiss and notify, webauthn:extension:credBlob: true, webauthn:extension:largeBlob: true, webauthn:extension:minPinLength: true, webauthn:extension:prf: true, webauthn:virtualAuthenticators: true}
Session ID: 2cf28825ea7a8a419a5b05b8e5d35d84</small> </font> </div>
<div class="test-event"> <font color="maroon"> <small> &emsp; &emsp;--- 05 May 00:24:26 415 - <b>0</b> - Spinner Load Wait: (Sync) - ICar.support.WaitUtils.waitForSpinner(WaitUtils.java:225)</small> </font> </div>
<div class="test-message">&emsp;Back To Courses is displayed in the page </div>
<div class="test-message">&emsp;Successfully verified Back To Course Link&emsp;<a href=".\ScreenShot\URL_TC001_2722604031746100.png" target="_blank" >[ScreenShot]</a></div>
<div class="test-event"> <font color="maroon"> <small> &emsp; &emsp;--- 05 May 00:24:26 670 - Catched spinner load exception due to javascript error: {"status":32,"value":"An invalid or illegal selector was specified"}
  (Session info: chrome=124.0.6367.92)
Build info: version: '4.6.0', revision: '79f1c02ae20'
System info: os.name: 'Windows 10', os.arch: 'amd64', os.version: '10.0', java.version: '17.0.7'
Driver info: org.openqa.selenium.chrome.ChromeDriver
Command: [2cf28825ea7a8a419a5b05b8e5d35d84, findElement {using=css selector, value=div[class='slds-spinner slds-spinner_brand slds-spinner_small']>div:nth-child(2)r}]
Capabilities {acceptInsecureCerts: false, browserName: chrome, browserVersion: 124.0.6367.92, chrome: {chromedriverVersion: 124.0.6367.91 (51df0e5e17a8..., userDataDir: C:\Users\PRATHA~1.KUM\AppDa...}, fedcm:accounts: true, goog:chromeOptions: {debuggerAddress: localhost:49451}, networkConnectionEnabled: false, pageLoadStrategy: normal, platformName: WINDOWS, proxy: Proxy(), se:cdp: ws://localhost:49451/devtoo..., se:cdpVersion: 124.0.6367.92, setWindowRect: true, strictFileInteractability: false, timeouts: {implicit: 0, pageLoad: 300000, script: 30000}, unhandledPromptBehavior: dismiss and notify, webauthn:extension:credBlob: true, webauthn:extension:largeBlob: true, webauthn:extension:minPinLength: true, webauthn:extension:prf: true, webauthn:virtualAuthenticators: true}
Session ID: 2cf28825ea7a8a419a5b05b8e5d35d84</small> </font> </div>
<div class="test-event"> <font color="maroon"> <small> &emsp; &emsp;--- 05 May 00:24:26 670 - <b>0</b> - Spinner Load Wait: (Sync) - ICar.support.WaitUtils.waitForSpinner(WaitUtils.java:225)</small> </font> </div>
<div class="test-event"> <font color="maroon"> <small> &emsp; &emsp;--- 05 May 00:24:26 738 - Page URL:: https://www.i-car.com/product/aluminum-vehicle-overview</small> </font> </div>
<div class="test-event"> <font color="maroon"> <small> &emsp; &emsp;--- 05 May 00:24:26 738 - <b>0</b> - Page Load Wait: (Sync) - ICar.support.Utils.waitForPageLoad(Utils.java:109)</small> </font> </div>
<div class="test-event"> <font color="maroon"> <small> &emsp; &emsp;--- 05 May 00:24:36 777 - Element is displayed:: [[ChromeDriver: chrome on WINDOWS (2cf28825ea7a8a419a5b05b8e5d35d84)] -> xpath: //div[@class='productDetails slds-p-bottom_large']//div[contains(@class,'slds-p-bottom_medium')]]</small> </font> </div>
<div class="test-message">&emsp;Course Name : AluminumVehicleOverview is displayed in the URL page</div>
<div class="test-message">&emsp;Successfully verified the course name for relevant link&emsp;<a href=".\ScreenShot\URL_TC001_2722622406321100.png" target="_blank" >[ScreenShot]</a></div>
<div class="test-message">&emsp;
</div>
<div class="test-message">&emsp;146. URL is : https://www.i-car.com/product/electrical-troubleshooting-fundamentals</div>
<div class="test-event"> <font color="maroon"> <small> &emsp; &emsp;--- 05 May 00:24:45 963 - Page URL:: https://www.i-car.com/product/electrical-troubleshooting-fundamentals</small> </font> </div>
<div class="test-event"> <font color="maroon"> <small> &emsp; &emsp;--- 05 May 00:24:45 963 - <b>0</b> - Page Load Wait: (Sync) - ICar.support.Utils.waitForPageLoad(Utils.java:109)</small> </font> </div>
<div class="test-message">&emsp;Successfully navigated to the :  https://www.i-car.com/product/electrical-troubleshooting-fundamentals   Page&emsp;<a href=".\ScreenShot\URL_TC001_2722623569793900.png" target="_blank" >[ScreenShot]</a></div>
<div class="test-event"> <font color="maroon"> <small> &emsp; &emsp;--- 05 May 00:24:46 246 - Page URL:: https://www.i-car.com/product/electrical-troubleshooting-fundamentals</small> </font> </div>
<div class="test-event"> <font color="maroon"> <small> &emsp; &emsp;--- 05 May 00:24:46 246 - <b>0</b> - Page Load Wait: (Sync) - ICar.support.Utils.waitForPageLoad(Utils.java:109)</small> </font> </div>
<div class="test-event"> <font color="maroon"> <small> &emsp; &emsp;--- 05 May 00:24:46 254 - Catched spinner load exception due to javascript error: {"status":32,"value":"An invalid or illegal selector was specified"}
  (Session info: chrome=124.0.6367.92)
Build info: version: '4.6.0', revision: '79f1c02ae20'
System info: os.name: 'Windows 10', os.arch: 'amd64', os.version: '10.0', java.version: '17.0.7'
Driver info: org.openqa.selenium.chrome.ChromeDriver
Command: [2cf28825ea7a8a419a5b05b8e5d35d84, findElement {using=css selector, value=div[class='slds-spinner slds-spinner_brand slds-spinner_small']>div:nth-child(2)r}]
Capabilities {acceptInsecureCerts: false, browserName: chrome, browserVersion: 124.0.6367.92, chrome: {chromedriverVersion: 124.0.6367.91 (51df0e5e17a8..., userDataDir: C:\Users\PRATHA~1.KUM\AppDa...}, fedcm:accounts: true, goog:chromeOptions: {debuggerAddress: localhost:49451}, networkConnectionEnabled: false, pageLoadStrategy: normal, platformName: WINDOWS, proxy: Proxy(), se:cdp: ws://localhost:49451/devtoo..., se:cdpVersion: 124.0.6367.92, setWindowRect: true, strictFileInteractability: false, timeouts: {implicit: 0, pageLoad: 300000, script: 30000}, unhandledPromptBehavior: dismiss and notify, webauthn:extension:credBlob: true, webauthn:extension:largeBlob: true, webauthn:extension:minPinLength: true, webauthn:extension:prf: true, webauthn:virtualAuthenticators: true}
Session ID: 2cf28825ea7a8a419a5b05b8e5d35d84</small> </font> </div>
<div class="test-event"> <font color="maroon"> <small> &emsp; &emsp;--- 05 May 00:24:46 254 - <b>0</b> - Spinner Load Wait: (Sync) - ICar.support.WaitUtils.waitForSpinner(WaitUtils.java:225)</small> </font> </div>
<div class="test-event"> <font color="maroon"> <small> &emsp; &emsp;--- 05 May 00:24:56 327 - Page URL:: https://www.i-car.com/product/electrical-troubleshooting-fundamentals</small> </font> </div>
<div class="test-event"> <font color="maroon"> <small> &emsp; &emsp;--- 05 May 00:24:56 327 - <b>0</b> - Page Load Wait: (Sync) - ICar.support.Utils.waitForPageLoad(Utils.java:109)</small> </font> </div>
<div class="test-event"> <font color="maroon"> <small> &emsp; &emsp;--- 05 May 00:24:56 345 - Element is displayed:: [[ChromeDriver: chrome on WINDOWS (2cf28825ea7a8a419a5b05b8e5d35d84)] -> xpath: //a[contains(text(),'Back to Courses')]]</small> </font> </div>
<div class="test-event"> <font color="maroon"> <small> &emsp; &emsp;--- 05 May 00:25:03 390 - Catched spinner load exception due to javascript error: {"status":32,"value":"An invalid or illegal selector was specified"}
  (Session info: chrome=124.0.6367.92)
Build info: version: '4.6.0', revision: '79f1c02ae20'
System info: os.name: 'Windows 10', os.arch: 'amd64', os.version: '10.0', java.version: '17.0.7'
Driver info: org.openqa.selenium.chrome.ChromeDriver
Command: [2cf28825ea7a8a419a5b05b8e5d35d84, findElement {using=css selector, value=div[class='slds-spinner slds-spinner_brand slds-spinner_small']>div:nth-child(2)r}]
Capabilities {acceptInsecureCerts: false, browserName: chrome, browserVersion: 124.0.6367.92, chrome: {chromedriverVersion: 124.0.6367.91 (51df0e5e17a8..., userDataDir: C:\Users\PRATHA~1.KUM\AppDa...}, fedcm:accounts: true, goog:chromeOptions: {debuggerAddress: localhost:49451}, networkConnectionEnabled: false, pageLoadStrategy: normal, platformName: WINDOWS, proxy: Proxy(), se:cdp: ws://localhost:49451/devtoo..., se:cdpVersion: 124.0.6367.92, setWindowRect: true, strictFileInteractability: false, timeouts: {implicit: 0, pageLoad: 300000, script: 30000}, unhandledPromptBehavior: dismiss and notify, webauthn:extension:credBlob: true, webauthn:extension:largeBlob: true, webauthn:extension:minPinLength: true, webauthn:extension:prf: true, webauthn:virtualAuthenticators: true}
Session ID: 2cf28825ea7a8a419a5b05b8e5d35d84</small> </font> </div>
<div class="test-event"> <font color="maroon"> <small> &emsp; &emsp;--- 05 May 00:25:03 390 - <b>0</b> - Spinner Load Wait: (Sync) - ICar.support.WaitUtils.waitForSpinner(WaitUtils.java:225)</small> </font> </div>
<div class="test-message">&emsp;Back To Courses is displayed in the page </div>
<div class="test-message">&emsp;Successfully verified Back To Course Link&emsp;<a href=".\ScreenShot\URL_TC001_2722641014026100.png" target="_blank" >[ScreenShot]</a></div>
<div class="test-event"> <font color="maroon"> <small> &emsp; &emsp;--- 05 May 00:25:03 646 - Catched spinner load exception due to javascript error: {"status":32,"value":"An invalid or illegal selector was specified"}
  (Session info: chrome=124.0.6367.92)
Build info: version: '4.6.0', revision: '79f1c02ae20'
System info: os.name: 'Windows 10', os.arch: 'amd64', os.version: '10.0', java.version: '17.0.7'
Driver info: org.openqa.selenium.chrome.ChromeDriver
Command: [2cf28825ea7a8a419a5b05b8e5d35d84, findElement {using=css selector, value=div[class='slds-spinner slds-spinner_brand slds-spinner_small']>div:nth-child(2)r}]
Capabilities {acceptInsecureCerts: false, browserName: chrome, browserVersion: 124.0.6367.92, chrome: {chromedriverVersion: 124.0.6367.91 (51df0e5e17a8..., userDataDir: C:\Users\PRATHA~1.KUM\AppDa...}, fedcm:accounts: true, goog:chromeOptions: {debuggerAddress: localhost:49451}, networkConnectionEnabled: false, pageLoadStrategy: normal, platformName: WINDOWS, proxy: Proxy(), se:cdp: ws://localhost:49451/devtoo..., se:cdpVersion: 124.0.6367.92, setWindowRect: true, strictFileInteractability: false, timeouts: {implicit: 0, pageLoad: 300000, script: 30000}, unhandledPromptBehavior: dismiss and notify, webauthn:extension:credBlob: true, webauthn:extension:largeBlob: true, webauthn:extension:minPinLength: true, webauthn:extension:prf: true, webauthn:virtualAuthenticators: true}
Session ID: 2cf28825ea7a8a419a5b05b8e5d35d84</small> </font> </div>
<div class="test-event"> <font color="maroon"> <small> &emsp; &emsp;--- 05 May 00:25:03 646 - <b>0</b> - Spinner Load Wait: (Sync) - ICar.support.WaitUtils.waitForSpinner(WaitUtils.java:225)</small> </font> </div>
<div class="test-event"> <font color="maroon"> <small> &emsp; &emsp;--- 05 May 00:25:03 709 - Page URL:: https://www.i-car.com/product/electrical-troubleshooting-fundamentals</small> </font> </div>
<div class="test-event"> <font color="maroon"> <small> &emsp; &emsp;--- 05 May 00:25:03 709 - <b>0</b> - Page Load Wait: (Sync) - ICar.support.Utils.waitForPageLoad(Utils.java:109)</small> </font> </div>
<div class="test-event"> <font color="maroon"> <small> &emsp; &emsp;--- 05 May 00:25:13 804 - Element is displayed:: [[ChromeDriver: chrome on WINDOWS (2cf28825ea7a8a419a5b05b8e5d35d84)] -> xpath: //div[@class='productDetails slds-p-bottom_large']//div[contains(@class,'slds-p-bottom_medium')]]</small> </font> </div>
<div class="test-message">&emsp;Course Name : ElectricalTroubleshootingFundamentals is displayed in the URL page</div>
<div class="test-message">&emsp;Successfully verified the course name for relevant link&emsp;<a href=".\ScreenShot\URL_TC001_2722659443200400.png" target="_blank" >[ScreenShot]</a></div>
<div class="test-message">&emsp;
</div>
<div class="test-message">&emsp;147. URL is : https://www.i-car.com/product/camera-calibration-inspection-and-initialization-requirements</div>
<div class="test-event"> <font color="maroon"> <small> &emsp; &emsp;--- 05 May 00:25:23 358 - Page URL:: https://www.i-car.com/product/camera-calibration-inspection-and-initialization-requirements</small> </font> </div>
<div class="test-event"> <font color="maroon"> <small> &emsp; &emsp;--- 05 May 00:25:23 358 - <b>0</b> - Page Load Wait: (Sync) - ICar.support.Utils.waitForPageLoad(Utils.java:109)</small> </font> </div>
<div class="test-message">&emsp;Successfully navigated to the :  https://www.i-car.com/product/camera-calibration-inspection-and-initialization-requirements   Page&emsp;<a href=".\ScreenShot\URL_TC001_2722660964674000.png" target="_blank" >[ScreenShot]</a></div>
<div class="test-event"> <font color="maroon"> <small> &emsp; &emsp;--- 05 May 00:25:23 638 - Page URL:: https://www.i-car.com/product/camera-calibration-inspection-and-initialization-requirements</small> </font> </div>
<div class="test-event"> <font color="maroon"> <small> &emsp; &emsp;--- 05 May 00:25:23 638 - <b>0</b> - Page Load Wait: (Sync) - ICar.support.Utils.waitForPageLoad(Utils.java:109)</small> </font> </div>
<div class="test-event"> <font color="maroon"> <small> &emsp; &emsp;--- 05 May 00:25:23 648 - Catched spinner load exception due to javascript error: {"status":32,"value":"An invalid or illegal selector was specified"}
  (Session info: chrome=124.0.6367.92)
Build info: version: '4.6.0', revision: '79f1c02ae20'
System info: os.name: 'Windows 10', os.arch: 'amd64', os.version: '10.0', java.version: '17.0.7'
Driver info: org.openqa.selenium.chrome.ChromeDriver
Command: [2cf28825ea7a8a419a5b05b8e5d35d84, findElement {using=css selector, value=div[class='slds-spinner slds-spinner_brand slds-spinner_small']>div:nth-child(2)r}]
Capabilities {acceptInsecureCerts: false, browserName: chrome, browserVersion: 124.0.6367.92, chrome: {chromedriverVersion: 124.0.6367.91 (51df0e5e17a8..., userDataDir: C:\Users\PRATHA~1.KUM\AppDa...}, fedcm:accounts: true, goog:chromeOptions: {debuggerAddress: localhost:49451}, networkConnectionEnabled: false, pageLoadStrategy: normal, platformName: WINDOWS, proxy: Proxy(), se:cdp: ws://localhost:49451/devtoo..., se:cdpVersion: 124.0.6367.92, setWindowRect: true, strictFileInteractability: false, timeouts: {implicit: 0, pageLoad: 300000, script: 30000}, unhandledPromptBehavior: dismiss and notify, webauthn:extension:credBlob: true, webauthn:extension:largeBlob: true, webauthn:extension:minPinLength: true, webauthn:extension:prf: true, webauthn:virtualAuthenticators: true}
Session ID: 2cf28825ea7a8a419a5b05b8e5d35d84</small> </font> </div>
<div class="test-event"> <font color="maroon"> <small> &emsp; &emsp;--- 05 May 00:25:23 648 - <b>0</b> - Spinner Load Wait: (Sync) - ICar.support.WaitUtils.waitForSpinner(WaitUtils.java:225)</small> </font> </div>
<div class="test-event"> <font color="maroon"> <small> &emsp; &emsp;--- 05 May 00:25:33 729 - Page URL:: https://www.i-car.com/product/camera-calibration-inspection-and-initialization-requirements</small> </font> </div>
<div class="test-event"> <font color="maroon"> <small> &emsp; &emsp;--- 05 May 00:25:33 729 - <b>0</b> - Page Load Wait: (Sync) - ICar.support.Utils.waitForPageLoad(Utils.java:109)</small> </font> </div>
<div class="test-event"> <font color="maroon"> <small> &emsp; &emsp;--- 05 May 00:25:33 747 - Element is displayed:: [[ChromeDriver: chrome on WINDOWS (2cf28825ea7a8a419a5b05b8e5d35d84)] -> xpath: //a[contains(text(),'Back to Courses')]]</small> </font> </div>
<div class="test-event"> <font color="maroon"> <small> &emsp; &emsp;--- 05 May 00:25:40 790 - Catched spinner load exception due to javascript error: {"status":32,"value":"An invalid or illegal selector was specified"}
  (Session info: chrome=124.0.6367.92)
Build info: version: '4.6.0', revision: '79f1c02ae20'
System info: os.name: 'Windows 10', os.arch: 'amd64', os.version: '10.0', java.version: '17.0.7'
Driver info: org.openqa.selenium.chrome.ChromeDriver
Command: [2cf28825ea7a8a419a5b05b8e5d35d84, findElement {using=css selector, value=div[class='slds-spinner slds-spinner_brand slds-spinner_small']>div:nth-child(2)r}]
Capabilities {acceptInsecureCerts: false, browserName: chrome, browserVersion: 124.0.6367.92, chrome: {chromedriverVersion: 124.0.6367.91 (51df0e5e17a8..., userDataDir: C:\Users\PRATHA~1.KUM\AppDa...}, fedcm:accounts: true, goog:chromeOptions: {debuggerAddress: localhost:49451}, networkConnectionEnabled: false, pageLoadStrategy: normal, platformName: WINDOWS, proxy: Proxy(), se:cdp: ws://localhost:49451/devtoo..., se:cdpVersion: 124.0.6367.92, setWindowRect: true, strictFileInteractability: false, timeouts: {implicit: 0, pageLoad: 300000, script: 30000}, unhandledPromptBehavior: dismiss and notify, webauthn:extension:credBlob: true, webauthn:extension:largeBlob: true, webauthn:extension:minPinLength: true, webauthn:extension:prf: true, webauthn:virtualAuthenticators: true}
Session ID: 2cf28825ea7a8a419a5b05b8e5d35d84</small> </font> </div>
<div class="test-event"> <font color="maroon"> <small> &emsp; &emsp;--- 05 May 00:25:40 790 - <b>0</b> - Spinner Load Wait: (Sync) - ICar.support.WaitUtils.waitForSpinner(WaitUtils.java:225)</small> </font> </div>
<div class="test-message">&emsp;Back To Courses is displayed in the page </div>
<div class="test-message">&emsp;Successfully verified Back To Course Link&emsp;<a href=".\ScreenShot\URL_TC001_2722678414401500.png" target="_blank" >[ScreenShot]</a></div>
<div class="test-event"> <font color="maroon"> <small> &emsp; &emsp;--- 05 May 00:25:41 056 - Catched spinner load exception due to javascript error: {"status":32,"value":"An invalid or illegal selector was specified"}
  (Session info: chrome=124.0.6367.92)
Build info: version: '4.6.0', revision: '79f1c02ae20'
System info: os.name: 'Windows 10', os.arch: 'amd64', os.version: '10.0', java.version: '17.0.7'
Driver info: org.openqa.selenium.chrome.ChromeDriver
Command: [2cf28825ea7a8a419a5b05b8e5d35d84, findElement {using=css selector, value=div[class='slds-spinner slds-spinner_brand slds-spinner_small']>div:nth-child(2)r}]
Capabilities {acceptInsecureCerts: false, browserName: chrome, browserVersion: 124.0.6367.92, chrome: {chromedriverVersion: 124.0.6367.91 (51df0e5e17a8..., userDataDir: C:\Users\PRATHA~1.KUM\AppDa...}, fedcm:accounts: true, goog:chromeOptions: {debuggerAddress: localhost:49451}, networkConnectionEnabled: false, pageLoadStrategy: normal, platformName: WINDOWS, proxy: Proxy(), se:cdp: ws://localhost:49451/devtoo..., se:cdpVersion: 124.0.6367.92, setWindowRect: true, strictFileInteractability: false, timeouts: {implicit: 0, pageLoad: 300000, script: 30000}, unhandledPromptBehavior: dismiss and notify, webauthn:extension:credBlob: true, webauthn:extension:largeBlob: true, webauthn:extension:minPinLength: true, webauthn:extension:prf: true, webauthn:virtualAuthenticators: true}
Session ID: 2cf28825ea7a8a419a5b05b8e5d35d84</small> </font> </div>
<div class="test-event"> <font color="maroon"> <small> &emsp; &emsp;--- 05 May 00:25:41 056 - <b>0</b> - Spinner Load Wait: (Sync) - ICar.support.WaitUtils.waitForSpinner(WaitUtils.java:225)</small> </font> </div>
<div class="test-event"> <font color="maroon"> <small> &emsp; &emsp;--- 05 May 00:25:41 126 - Page URL:: https://www.i-car.com/product/camera-calibration-inspection-and-initialization-requirements</small> </font> </div>
<div class="test-event"> <font color="maroon"> <small> &emsp; &emsp;--- 05 May 00:25:41 126 - <b>0</b> - Page Load Wait: (Sync) - ICar.support.Utils.waitForPageLoad(Utils.java:109)</small> </font> </div>
<div class="test-event"> <font color="maroon"> <small> &emsp; &emsp;--- 05 May 00:25:51 175 - Element is displayed:: [[ChromeDriver: chrome on WINDOWS (2cf28825ea7a8a419a5b05b8e5d35d84)] -> xpath: //div[@class='productDetails slds-p-bottom_large']//div[contains(@class,'slds-p-bottom_medium')]]</small> </font> </div>
<div class="test-message">&emsp;Course Name : CameraCalibrationInspectionandInitializationRequirements is displayed in the URL page</div>
<div class="test-message">&emsp;Successfully verified the course name for relevant link&emsp;<a href=".\ScreenShot\URL_TC001_2722696800688300.png" target="_blank" >[ScreenShot]</a></div>
<div class="test-message">&emsp;
</div>
<div class="test-message">&emsp;148. URL is : https://www.i-car.com/product/damage-analysis-of-pickup-trucks</div>
<div class="test-event"> <font color="maroon"> <small> &emsp; &emsp;--- 05 May 00:26:00 593 - Page URL:: https://www.i-car.com/product/damage-analysis-of-pickup-trucks</small> </font> </div>
<div class="test-event"> <font color="maroon"> <small> &emsp; &emsp;--- 05 May 00:26:00 593 - <b>0</b> - Page Load Wait: (Sync) - ICar.support.Utils.waitForPageLoad(Utils.java:109)</small> </font> </div>
<div class="test-message">&emsp;Successfully navigated to the :  https://www.i-car.com/product/damage-analysis-of-pickup-trucks   Page&emsp;<a href=".\ScreenShot\URL_TC001_2722698199904200.png" target="_blank" >[ScreenShot]</a></div>
<div class="test-event"> <font color="maroon"> <small> &emsp; &emsp;--- 05 May 00:26:00 905 - Page URL:: https://www.i-car.com/product/damage-analysis-of-pickup-trucks</small> </font> </div>
<div class="test-event"> <font color="maroon"> <small> &emsp; &emsp;--- 05 May 00:26:00 905 - <b>0</b> - Page Load Wait: (Sync) - ICar.support.Utils.waitForPageLoad(Utils.java:109)</small> </font> </div>
<div class="test-event"> <font color="maroon"> <small> &emsp; &emsp;--- 05 May 00:26:00 912 - Catched spinner load exception due to javascript error: {"status":32,"value":"An invalid or illegal selector was specified"}
  (Session info: chrome=124.0.6367.92)
Build info: version: '4.6.0', revision: '79f1c02ae20'
System info: os.name: 'Windows 10', os.arch: 'amd64', os.version: '10.0', java.version: '17.0.7'
Driver info: org.openqa.selenium.chrome.ChromeDriver
Command: [2cf28825ea7a8a419a5b05b8e5d35d84, findElement {using=css selector, value=div[class='slds-spinner slds-spinner_brand slds-spinner_small']>div:nth-child(2)r}]
Capabilities {acceptInsecureCerts: false, browserName: chrome, browserVersion: 124.0.6367.92, chrome: {chromedriverVersion: 124.0.6367.91 (51df0e5e17a8..., userDataDir: C:\Users\PRATHA~1.KUM\AppDa...}, fedcm:accounts: true, goog:chromeOptions: {debuggerAddress: localhost:49451}, networkConnectionEnabled: false, pageLoadStrategy: normal, platformName: WINDOWS, proxy: Proxy(), se:cdp: ws://localhost:49451/devtoo..., se:cdpVersion: 124.0.6367.92, setWindowRect: true, strictFileInteractability: false, timeouts: {implicit: 0, pageLoad: 300000, script: 30000}, unhandledPromptBehavior: dismiss and notify, webauthn:extension:credBlob: true, webauthn:extension:largeBlob: true, webauthn:extension:minPinLength: true, webauthn:extension:prf: true, webauthn:virtualAuthenticators: true}
Session ID: 2cf28825ea7a8a419a5b05b8e5d35d84</small> </font> </div>
<div class="test-event"> <font color="maroon"> <small> &emsp; &emsp;--- 05 May 00:26:00 912 - <b>0</b> - Spinner Load Wait: (Sync) - ICar.support.WaitUtils.waitForSpinner(WaitUtils.java:225)</small> </font> </div>
<div class="test-event"> <font color="maroon"> <small> &emsp; &emsp;--- 05 May 00:26:10 990 - Page URL:: https://www.i-car.com/product/damage-analysis-of-pickup-trucks</small> </font> </div>
<div class="test-event"> <font color="maroon"> <small> &emsp; &emsp;--- 05 May 00:26:10 990 - <b>0</b> - Page Load Wait: (Sync) - ICar.support.Utils.waitForPageLoad(Utils.java:109)</small> </font> </div>
<div class="test-event"> <font color="maroon"> <small> &emsp; &emsp;--- 05 May 00:26:11 008 - Element is displayed:: [[ChromeDriver: chrome on WINDOWS (2cf28825ea7a8a419a5b05b8e5d35d84)] -> xpath: //a[contains(text(),'Back to Courses')]]</small> </font> </div>
<div class="test-event"> <font color="maroon"> <small> &emsp; &emsp;--- 05 May 00:26:18 053 - Catched spinner load exception due to javascript error: {"status":32,"value":"An invalid or illegal selector was specified"}
  (Session info: chrome=124.0.6367.92)
Build info: version: '4.6.0', revision: '79f1c02ae20'
System info: os.name: 'Windows 10', os.arch: 'amd64', os.version: '10.0', java.version: '17.0.7'
Driver info: org.openqa.selenium.chrome.ChromeDriver
Command: [2cf28825ea7a8a419a5b05b8e5d35d84, findElement {using=css selector, value=div[class='slds-spinner slds-spinner_brand slds-spinner_small']>div:nth-child(2)r}]
Capabilities {acceptInsecureCerts: false, browserName: chrome, browserVersion: 124.0.6367.92, chrome: {chromedriverVersion: 124.0.6367.91 (51df0e5e17a8..., userDataDir: C:\Users\PRATHA~1.KUM\AppDa...}, fedcm:accounts: true, goog:chromeOptions: {debuggerAddress: localhost:49451}, networkConnectionEnabled: false, pageLoadStrategy: normal, platformName: WINDOWS, proxy: Proxy(), se:cdp: ws://localhost:49451/devtoo..., se:cdpVersion: 124.0.6367.92, setWindowRect: true, strictFileInteractability: false, timeouts: {implicit: 0, pageLoad: 300000, script: 30000}, unhandledPromptBehavior: dismiss and notify, webauthn:extension:credBlob: true, webauthn:extension:largeBlob: true, webauthn:extension:minPinLength: true, webauthn:extension:prf: true, webauthn:virtualAuthenticators: true}
Session ID: 2cf28825ea7a8a419a5b05b8e5d35d84</small> </font> </div>
<div class="test-event"> <font color="maroon"> <small> &emsp; &emsp;--- 05 May 00:26:18 053 - <b>0</b> - Spinner Load Wait: (Sync) - ICar.support.WaitUtils.waitForSpinner(WaitUtils.java:225)</small> </font> </div>
<div class="test-message">&emsp;Back To Courses is displayed in the page </div>
<div class="test-message">&emsp;Successfully verified Back To Course Link&emsp;<a href=".\ScreenShot\URL_TC001_2722715686251600.png" target="_blank" >[ScreenShot]</a></div>
<div class="test-event"> <font color="maroon"> <small> &emsp; &emsp;--- 05 May 00:26:18 328 - Catched spinner load exception due to javascript error: {"status":32,"value":"An invalid or illegal selector was specified"}
  (Session info: chrome=124.0.6367.92)
Build info: version: '4.6.0', revision: '79f1c02ae20'
System info: os.name: 'Windows 10', os.arch: 'amd64', os.version: '10.0', java.version: '17.0.7'
Driver info: org.openqa.selenium.chrome.ChromeDriver
Command: [2cf28825ea7a8a419a5b05b8e5d35d84, findElement {using=css selector, value=div[class='slds-spinner slds-spinner_brand slds-spinner_small']>div:nth-child(2)r}]
Capabilities {acceptInsecureCerts: false, browserName: chrome, browserVersion: 124.0.6367.92, chrome: {chromedriverVersion: 124.0.6367.91 (51df0e5e17a8..., userDataDir: C:\Users\PRATHA~1.KUM\AppDa...}, fedcm:accounts: true, goog:chromeOptions: {debuggerAddress: localhost:49451}, networkConnectionEnabled: false, pageLoadStrategy: normal, platformName: WINDOWS, proxy: Proxy(), se:cdp: ws://localhost:49451/devtoo..., se:cdpVersion: 124.0.6367.92, setWindowRect: true, strictFileInteractability: false, timeouts: {implicit: 0, pageLoad: 300000, script: 30000}, unhandledPromptBehavior: dismiss and notify, webauthn:extension:credBlob: true, webauthn:extension:largeBlob: true, webauthn:extension:minPinLength: true, webauthn:extension:prf: true, webauthn:virtualAuthenticators: true}
Session ID: 2cf28825ea7a8a419a5b05b8e5d35d84</small> </font> </div>
<div class="test-event"> <font color="maroon"> <small> &emsp; &emsp;--- 05 May 00:26:18 328 - <b>0</b> - Spinner Load Wait: (Sync) - ICar.support.WaitUtils.waitForSpinner(WaitUtils.java:225)</small> </font> </div>
<div class="test-event"> <font color="maroon"> <small> &emsp; &emsp;--- 05 May 00:26:18 460 - Page URL:: https://www.i-car.com/product/damage-analysis-of-pickup-trucks</small> </font> </div>
<div class="test-event"> <font color="maroon"> <small> &emsp; &emsp;--- 05 May 00:26:18 460 - <b>0</b> - Page Load Wait: (Sync) - ICar.support.Utils.waitForPageLoad(Utils.java:109)</small> </font> </div>
<div class="test-event"> <font color="maroon"> <small> &emsp; &emsp;--- 05 May 00:26:28 520 - Element is displayed:: [[ChromeDriver: chrome on WINDOWS (2cf28825ea7a8a419a5b05b8e5d35d84)] -> xpath: //div[@class='productDetails slds-p-bottom_large']//div[contains(@class,'slds-p-bottom_medium')]]</small> </font> </div>
<div class="test-message">&emsp;Course Name : DamageAnalysisofPickupTrucks is displayed in the URL page</div>
<div class="test-message">&emsp;Successfully verified the course name for relevant link&emsp;<a href=".\ScreenShot\URL_TC001_2722734146318600.png" target="_blank" >[ScreenShot]</a></div>
<div class="test-message">&emsp;
</div>
<div class="test-message">&emsp;149. URL is : https://www.i-car.com/product/post-repair-advanced-driver-assistance-systems-adas-testing</div>
<div class="test-event"> <font color="maroon"> <small> &emsp; &emsp;--- 05 May 00:26:42 729 - Page URL:: https://www.i-car.com/product/post-repair-advanced-driver-assistance-systems-adas-testing</small> </font> </div>
<div class="test-event"> <font color="maroon"> <small> &emsp; &emsp;--- 05 May 00:26:42 729 - <b>0</b> - Page Load Wait: (Sync) - ICar.support.Utils.waitForPageLoad(Utils.java:109)</small> </font> </div>
<div class="test-message">&emsp;Successfully navigated to the :  https://www.i-car.com/product/post-repair-advanced-driver-assistance-systems-adas-testing   Page&emsp;<a href=".\ScreenShot\URL_TC001_2722740335793600.png" target="_blank" >[ScreenShot]</a></div>
<div class="test-event"> <font color="maroon"> <small> &emsp; &emsp;--- 05 May 00:26:43 068 - Page URL:: https://www.i-car.com/product/post-repair-advanced-driver-assistance-systems-adas-testing</small> </font> </div>
<div class="test-event"> <font color="maroon"> <small> &emsp; &emsp;--- 05 May 00:26:43 068 - <b>0</b> - Page Load Wait: (Sync) - ICar.support.Utils.waitForPageLoad(Utils.java:109)</small> </font> </div>
<div class="test-event"> <font color="maroon"> <small> &emsp; &emsp;--- 05 May 00:26:43 082 - Catched spinner load exception due to javascript error: {"status":32,"value":"An invalid or illegal selector was specified"}
  (Session info: chrome=124.0.6367.92)
Build info: version: '4.6.0', revision: '79f1c02ae20'
System info: os.name: 'Windows 10', os.arch: 'amd64', os.version: '10.0', java.version: '17.0.7'
Driver info: org.openqa.selenium.chrome.ChromeDriver
Command: [2cf28825ea7a8a419a5b05b8e5d35d84, findElement {using=css selector, value=div[class='slds-spinner slds-spinner_brand slds-spinner_small']>div:nth-child(2)r}]
Capabilities {acceptInsecureCerts: false, browserName: chrome, browserVersion: 124.0.6367.92, chrome: {chromedriverVersion: 124.0.6367.91 (51df0e5e17a8..., userDataDir: C:\Users\PRATHA~1.KUM\AppDa...}, fedcm:accounts: true, goog:chromeOptions: {debuggerAddress: localhost:49451}, networkConnectionEnabled: false, pageLoadStrategy: normal, platformName: WINDOWS, proxy: Proxy(), se:cdp: ws://localhost:49451/devtoo..., se:cdpVersion: 124.0.6367.92, setWindowRect: true, strictFileInteractability: false, timeouts: {implicit: 0, pageLoad: 300000, script: 30000}, unhandledPromptBehavior: dismiss and notify, webauthn:extension:credBlob: true, webauthn:extension:largeBlob: true, webauthn:extension:minPinLength: true, webauthn:extension:prf: true, webauthn:virtualAuthenticators: true}
Session ID: 2cf28825ea7a8a419a5b05b8e5d35d84</small> </font> </div>
<div class="test-event"> <font color="maroon"> <small> &emsp; &emsp;--- 05 May 00:26:43 082 - <b>0</b> - Spinner Load Wait: (Sync) - ICar.support.WaitUtils.waitForSpinner(WaitUtils.java:225)</small> </font> </div>
<div class="test-event"> <font color="maroon"> <small> &emsp; &emsp;--- 05 May 00:26:53 162 - Page URL:: https://www.i-car.com/product/post-repair-advanced-driver-assistance-systems-adas-testing</small> </font> </div>
<div class="test-event"> <font color="maroon"> <small> &emsp; &emsp;--- 05 May 00:26:53 162 - <b>0</b> - Page Load Wait: (Sync) - ICar.support.Utils.waitForPageLoad(Utils.java:109)</small> </font> </div>
<div class="test-event"> <font color="maroon"> <small> &emsp; &emsp;--- 05 May 00:26:53 177 - Element is displayed:: [[ChromeDriver: chrome on WINDOWS (2cf28825ea7a8a419a5b05b8e5d35d84)] -> xpath: //a[contains(text(),'Back to Courses')]]</small> </font> </div>
<div class="test-event"> <font color="maroon"> <small> &emsp; &emsp;--- 05 May 00:27:00 194 - Catched spinner load exception due to javascript error: {"status":32,"value":"An invalid or illegal selector was specified"}
  (Session info: chrome=124.0.6367.92)
Build info: version: '4.6.0', revision: '79f1c02ae20'
System info: os.name: 'Windows 10', os.arch: 'amd64', os.version: '10.0', java.version: '17.0.7'
Driver info: org.openqa.selenium.chrome.ChromeDriver
Command: [2cf28825ea7a8a419a5b05b8e5d35d84, findElement {using=css selector, value=div[class='slds-spinner slds-spinner_brand slds-spinner_small']>div:nth-child(2)r}]
Capabilities {acceptInsecureCerts: false, browserName: chrome, browserVersion: 124.0.6367.92, chrome: {chromedriverVersion: 124.0.6367.91 (51df0e5e17a8..., userDataDir: C:\Users\PRATHA~1.KUM\AppDa...}, fedcm:accounts: true, goog:chromeOptions: {debuggerAddress: localhost:49451}, networkConnectionEnabled: false, pageLoadStrategy: normal, platformName: WINDOWS, proxy: Proxy(), se:cdp: ws://localhost:49451/devtoo..., se:cdpVersion: 124.0.6367.92, setWindowRect: true, strictFileInteractability: false, timeouts: {implicit: 0, pageLoad: 300000, script: 30000}, unhandledPromptBehavior: dismiss and notify, webauthn:extension:credBlob: true, webauthn:extension:largeBlob: true, webauthn:extension:minPinLength: true, webauthn:extension:prf: true, webauthn:virtualAuthenticators: true}
Session ID: 2cf28825ea7a8a419a5b05b8e5d35d84</small> </font> </div>
<div class="test-event"> <font color="maroon"> <small> &emsp; &emsp;--- 05 May 00:27:00 194 - <b>0</b> - Spinner Load Wait: (Sync) - ICar.support.WaitUtils.waitForSpinner(WaitUtils.java:225)</small> </font> </div>
<div class="test-message">&emsp;Back To Courses is displayed in the page </div>
<div class="test-message">&emsp;Successfully verified Back To Course Link&emsp;<a href=".\ScreenShot\URL_TC001_2722757811425400.png" target="_blank" >[ScreenShot]</a></div>
<div class="test-event"> <font color="maroon"> <small> &emsp; &emsp;--- 05 May 00:27:00 492 - Catched spinner load exception due to javascript error: {"status":32,"value":"An invalid or illegal selector was specified"}
  (Session info: chrome=124.0.6367.92)
Build info: version: '4.6.0', revision: '79f1c02ae20'
System info: os.name: 'Windows 10', os.arch: 'amd64', os.version: '10.0', java.version: '17.0.7'
Driver info: org.openqa.selenium.chrome.ChromeDriver
Command: [2cf28825ea7a8a419a5b05b8e5d35d84, findElement {using=css selector, value=div[class='slds-spinner slds-spinner_brand slds-spinner_small']>div:nth-child(2)r}]
Capabilities {acceptInsecureCerts: false, browserName: chrome, browserVersion: 124.0.6367.92, chrome: {chromedriverVersion: 124.0.6367.91 (51df0e5e17a8..., userDataDir: C:\Users\PRATHA~1.KUM\AppDa...}, fedcm:accounts: true, goog:chromeOptions: {debuggerAddress: localhost:49451}, networkConnectionEnabled: false, pageLoadStrategy: normal, platformName: WINDOWS, proxy: Proxy(), se:cdp: ws://localhost:49451/devtoo..., se:cdpVersion: 124.0.6367.92, setWindowRect: true, strictFileInteractability: false, timeouts: {implicit: 0, pageLoad: 300000, script: 30000}, unhandledPromptBehavior: dismiss and notify, webauthn:extension:credBlob: true, webauthn:extension:largeBlob: true, webauthn:extension:minPinLength: true, webauthn:extension:prf: true, webauthn:virtualAuthenticators: true}
Session ID: 2cf28825ea7a8a419a5b05b8e5d35d84</small> </font> </div>
<div class="test-event"> <font color="maroon"> <small> &emsp; &emsp;--- 05 May 00:27:00 492 - <b>0</b> - Spinner Load Wait: (Sync) - ICar.support.WaitUtils.waitForSpinner(WaitUtils.java:225)</small> </font> </div>
<div class="test-event"> <font color="maroon"> <small> &emsp; &emsp;--- 05 May 00:27:00 553 - Page URL:: https://www.i-car.com/product/post-repair-advanced-driver-assistance-systems-adas-testing</small> </font> </div>
<div class="test-event"> <font color="maroon"> <small> &emsp; &emsp;--- 05 May 00:27:00 553 - <b>0</b> - Page Load Wait: (Sync) - ICar.support.Utils.waitForPageLoad(Utils.java:109)</small> </font> </div>
<div class="test-event"> <font color="maroon"> <small> &emsp; &emsp;--- 05 May 00:27:10 620 - Element is displayed:: [[ChromeDriver: chrome on WINDOWS (2cf28825ea7a8a419a5b05b8e5d35d84)] -> xpath: //div[@class='productDetails slds-p-bottom_large']//div[contains(@class,'slds-p-bottom_medium')]]</small> </font> </div>
<div class="test-message">&emsp;Course Name : PostRepairAdvancedDriverAssistanceSystemsADASTesting is displayed in the URL page</div>
<div class="test-message">&emsp;Successfully verified the course name for relevant link&emsp;<a href=".\ScreenShot\URL_TC001_2722776252151900.png" target="_blank" >[ScreenShot]</a></div>
<div class="test-message">&emsp;
</div>
<div class="test-message">&emsp;150. URL is : https://www.i-car.com/product/honda-and-acura-adaptive-cruise-control-acc</div>
<div class="test-event"> <font color="maroon"> <small> &emsp; &emsp;--- 05 May 00:27:23 109 - Page URL:: https://www.i-car.com/product/honda-and-acura-adaptive-cruise-control-acc</small> </font> </div>
<div class="test-event"> <font color="maroon"> <small> &emsp; &emsp;--- 05 May 00:27:23 109 - <b>0</b> - Page Load Wait: (Sync) - ICar.support.Utils.waitForPageLoad(Utils.java:109)</small> </font> </div>
<div class="test-message">&emsp;Successfully navigated to the :  https://www.i-car.com/product/honda-and-acura-adaptive-cruise-control-acc   Page&emsp;<a href=".\ScreenShot\URL_TC001_2722780715138100.png" target="_blank" >[ScreenShot]</a></div>
<div class="test-event"> <font color="maroon"> <small> &emsp; &emsp;--- 05 May 00:27:23 393 - Page URL:: https://www.i-car.com/product/honda-and-acura-adaptive-cruise-control-acc</small> </font> </div>
<div class="test-event"> <font color="maroon"> <small> &emsp; &emsp;--- 05 May 00:27:23 393 - <b>0</b> - Page Load Wait: (Sync) - ICar.support.Utils.waitForPageLoad(Utils.java:109)</small> </font> </div>
<div class="test-event"> <font color="maroon"> <small> &emsp; &emsp;--- 05 May 00:27:23 402 - Catched spinner load exception due to javascript error: {"status":32,"value":"An invalid or illegal selector was specified"}
  (Session info: chrome=124.0.6367.92)
Build info: version: '4.6.0', revision: '79f1c02ae20'
System info: os.name: 'Windows 10', os.arch: 'amd64', os.version: '10.0', java.version: '17.0.7'
Driver info: org.openqa.selenium.chrome.ChromeDriver
Command: [2cf28825ea7a8a419a5b05b8e5d35d84, findElement {using=css selector, value=div[class='slds-spinner slds-spinner_brand slds-spinner_small']>div:nth-child(2)r}]
Capabilities {acceptInsecureCerts: false, browserName: chrome, browserVersion: 124.0.6367.92, chrome: {chromedriverVersion: 124.0.6367.91 (51df0e5e17a8..., userDataDir: C:\Users\PRATHA~1.KUM\AppDa...}, fedcm:accounts: true, goog:chromeOptions: {debuggerAddress: localhost:49451}, networkConnectionEnabled: false, pageLoadStrategy: normal, platformName: WINDOWS, proxy: Proxy(), se:cdp: ws://localhost:49451/devtoo..., se:cdpVersion: 124.0.6367.92, setWindowRect: true, strictFileInteractability: false, timeouts: {implicit: 0, pageLoad: 300000, script: 30000}, unhandledPromptBehavior: dismiss and notify, webauthn:extension:credBlob: true, webauthn:extension:largeBlob: true, webauthn:extension:minPinLength: true, webauthn:extension:prf: true, webauthn:virtualAuthenticators: true}
Session ID: 2cf28825ea7a8a419a5b05b8e5d35d84</small> </font> </div>
<div class="test-event"> <font color="maroon"> <small> &emsp; &emsp;--- 05 May 00:27:23 402 - <b>0</b> - Spinner Load Wait: (Sync) - ICar.support.WaitUtils.waitForSpinner(WaitUtils.java:225)</small> </font> </div>
<div class="test-event"> <font color="maroon"> <small> &emsp; &emsp;--- 05 May 00:27:33 477 - Page URL:: https://www.i-car.com/product/honda-and-acura-adaptive-cruise-control-acc</small> </font> </div>
<div class="test-event"> <font color="maroon"> <small> &emsp; &emsp;--- 05 May 00:27:33 477 - <b>0</b> - Page Load Wait: (Sync) - ICar.support.Utils.waitForPageLoad(Utils.java:109)</small> </font> </div>
<div class="test-event"> <font color="maroon"> <small> &emsp; &emsp;--- 05 May 00:27:33 492 - Element is displayed:: [[ChromeDriver: chrome on WINDOWS (2cf28825ea7a8a419a5b05b8e5d35d84)] -> xpath: //a[contains(text(),'Back to Courses')]]</small> </font> </div>
<div class="test-event"> <font color="maroon"> <small> &emsp; &emsp;--- 05 May 00:27:40 516 - Catched spinner load exception due to javascript error: {"status":32,"value":"An invalid or illegal selector was specified"}
  (Session info: chrome=124.0.6367.92)
Build info: version: '4.6.0', revision: '79f1c02ae20'
System info: os.name: 'Windows 10', os.arch: 'amd64', os.version: '10.0', java.version: '17.0.7'
Driver info: org.openqa.selenium.chrome.ChromeDriver
Command: [2cf28825ea7a8a419a5b05b8e5d35d84, findElement {using=css selector, value=div[class='slds-spinner slds-spinner_brand slds-spinner_small']>div:nth-child(2)r}]
Capabilities {acceptInsecureCerts: false, browserName: chrome, browserVersion: 124.0.6367.92, chrome: {chromedriverVersion: 124.0.6367.91 (51df0e5e17a8..., userDataDir: C:\Users\PRATHA~1.KUM\AppDa...}, fedcm:accounts: true, goog:chromeOptions: {debuggerAddress: localhost:49451}, networkConnectionEnabled: false, pageLoadStrategy: normal, platformName: WINDOWS, proxy: Proxy(), se:cdp: ws://localhost:49451/devtoo..., se:cdpVersion: 124.0.6367.92, setWindowRect: true, strictFileInteractability: false, timeouts: {implicit: 0, pageLoad: 300000, script: 30000}, unhandledPromptBehavior: dismiss and notify, webauthn:extension:credBlob: true, webauthn:extension:largeBlob: true, webauthn:extension:minPinLength: true, webauthn:extension:prf: true, webauthn:virtualAuthenticators: true}
Session ID: 2cf28825ea7a8a419a5b05b8e5d35d84</small> </font> </div>
<div class="test-event"> <font color="maroon"> <small> &emsp; &emsp;--- 05 May 00:27:40 516 - <b>0</b> - Spinner Load Wait: (Sync) - ICar.support.WaitUtils.waitForSpinner(WaitUtils.java:225)</small> </font> </div>
<div class="test-message">&emsp;Back To Courses is displayed in the page </div>
<div class="test-message">&emsp;Successfully verified Back To Course Link&emsp;<a href=".\ScreenShot\URL_TC001_2722798130689100.png" target="_blank" >[ScreenShot]</a></div>
<div class="test-event"> <font color="maroon"> <small> &emsp; &emsp;--- 05 May 00:27:40 762 - Catched spinner load exception due to javascript error: {"status":32,"value":"An invalid or illegal selector was specified"}
  (Session info: chrome=124.0.6367.92)
Build info: version: '4.6.0', revision: '79f1c02ae20'
System info: os.name: 'Windows 10', os.arch: 'amd64', os.version: '10.0', java.version: '17.0.7'
Driver info: org.openqa.selenium.chrome.ChromeDriver
Command: [2cf28825ea7a8a419a5b05b8e5d35d84, findElement {using=css selector, value=div[class='slds-spinner slds-spinner_brand slds-spinner_small']>div:nth-child(2)r}]
Capabilities {acceptInsecureCerts: false, browserName: chrome, browserVersion: 124.0.6367.92, chrome: {chromedriverVersion: 124.0.6367.91 (51df0e5e17a8..., userDataDir: C:\Users\PRATHA~1.KUM\AppDa...}, fedcm:accounts: true, goog:chromeOptions: {debuggerAddress: localhost:49451}, networkConnectionEnabled: false, pageLoadStrategy: normal, platformName: WINDOWS, proxy: Proxy(), se:cdp: ws://localhost:49451/devtoo..., se:cdpVersion: 124.0.6367.92, setWindowRect: true, strictFileInteractability: false, timeouts: {implicit: 0, pageLoad: 300000, script: 30000}, unhandledPromptBehavior: dismiss and notify, webauthn:extension:credBlob: true, webauthn:extension:largeBlob: true, webauthn:extension:minPinLength: true, webauthn:extension:prf: true, webauthn:virtualAuthenticators: true}
Session ID: 2cf28825ea7a8a419a5b05b8e5d35d84</small> </font> </div>
<div class="test-event"> <font color="maroon"> <small> &emsp; &emsp;--- 05 May 00:27:40 763 - <b>0</b> - Spinner Load Wait: (Sync) - ICar.support.WaitUtils.waitForSpinner(WaitUtils.java:225)</small> </font> </div>
<div class="test-event"> <font color="maroon"> <small> &emsp; &emsp;--- 05 May 00:27:40 830 - Page URL:: https://www.i-car.com/product/honda-and-acura-adaptive-cruise-control-acc</small> </font> </div>
<div class="test-event"> <font color="maroon"> <small> &emsp; &emsp;--- 05 May 00:27:40 830 - <b>0</b> - Page Load Wait: (Sync) - ICar.support.Utils.waitForPageLoad(Utils.java:109)</small> </font> </div>
<div class="test-event"> <font color="maroon"> <small> &emsp; &emsp;--- 05 May 00:27:50 885 - Element is displayed:: [[ChromeDriver: chrome on WINDOWS (2cf28825ea7a8a419a5b05b8e5d35d84)] -> xpath: //div[@class='productDetails slds-p-bottom_large']//div[contains(@class,'slds-p-bottom_medium')]]</small> </font> </div>
<div class="test-message">&emsp;Course Name : HondaandAcuraAdaptiveCruiseControlACC is displayed in the URL page</div>
<div class="test-message">&emsp;Successfully verified the course name for relevant link&emsp;<a href=".\ScreenShot\URL_TC001_2722816509032600.png" target="_blank" >[ScreenShot]</a></div>
<div class="test-message">&emsp;
</div>
<div class="test-message">&emsp;151. URL is : https://www.i-car.com/product/plasma-arc-cutters</div>
<div class="test-event"> <font color="maroon"> <small> &emsp; &emsp;--- 05 May 00:28:05 088 - Page URL:: https://www.i-car.com/product/plasma-arc-cutters</small> </font> </div>
<div class="test-event"> <font color="maroon"> <small> &emsp; &emsp;--- 05 May 00:28:05 088 - <b>0</b> - Page Load Wait: (Sync) - ICar.support.Utils.waitForPageLoad(Utils.java:109)</small> </font> </div>
<div class="test-message">&emsp;Successfully navigated to the :  https://www.i-car.com/product/plasma-arc-cutters   Page&emsp;<a href=".\ScreenShot\URL_TC001_2722822695179600.png" target="_blank" >[ScreenShot]</a></div>
<div class="test-event"> <font color="maroon"> <small> &emsp; &emsp;--- 05 May 00:28:05 384 - Page URL:: https://www.i-car.com/product/plasma-arc-cutters</small> </font> </div>
<div class="test-event"> <font color="maroon"> <small> &emsp; &emsp;--- 05 May 00:28:05 384 - <b>0</b> - Page Load Wait: (Sync) - ICar.support.Utils.waitForPageLoad(Utils.java:109)</small> </font> </div>
<div class="test-event"> <font color="maroon"> <small> &emsp; &emsp;--- 05 May 00:28:05 392 - Catched spinner load exception due to javascript error: {"status":32,"value":"An invalid or illegal selector was specified"}
  (Session info: chrome=124.0.6367.92)
Build info: version: '4.6.0', revision: '79f1c02ae20'
System info: os.name: 'Windows 10', os.arch: 'amd64', os.version: '10.0', java.version: '17.0.7'
Driver info: org.openqa.selenium.chrome.ChromeDriver
Command: [2cf28825ea7a8a419a5b05b8e5d35d84, findElement {using=css selector, value=div[class='slds-spinner slds-spinner_brand slds-spinner_small']>div:nth-child(2)r}]
Capabilities {acceptInsecureCerts: false, browserName: chrome, browserVersion: 124.0.6367.92, chrome: {chromedriverVersion: 124.0.6367.91 (51df0e5e17a8..., userDataDir: C:\Users\PRATHA~1.KUM\AppDa...}, fedcm:accounts: true, goog:chromeOptions: {debuggerAddress: localhost:49451}, networkConnectionEnabled: false, pageLoadStrategy: normal, platformName: WINDOWS, proxy: Proxy(), se:cdp: ws://localhost:49451/devtoo..., se:cdpVersion: 124.0.6367.92, setWindowRect: true, strictFileInteractability: false, timeouts: {implicit: 0, pageLoad: 300000, script: 30000}, unhandledPromptBehavior: dismiss and notify, webauthn:extension:credBlob: true, webauthn:extension:largeBlob: true, webauthn:extension:minPinLength: true, webauthn:extension:prf: true, webauthn:virtualAuthenticators: true}
Session ID: 2cf28825ea7a8a419a5b05b8e5d35d84</small> </font> </div>
<div class="test-event"> <font color="maroon"> <small> &emsp; &emsp;--- 05 May 00:28:05 392 - <b>0</b> - Spinner Load Wait: (Sync) - ICar.support.WaitUtils.waitForSpinner(WaitUtils.java:225)</small> </font> </div>
<div class="test-event"> <font color="maroon"> <small> &emsp; &emsp;--- 05 May 00:28:15 470 - Page URL:: https://www.i-car.com/product/plasma-arc-cutters</small> </font> </div>
<div class="test-event"> <font color="maroon"> <small> &emsp; &emsp;--- 05 May 00:28:15 470 - <b>0</b> - Page Load Wait: (Sync) - ICar.support.Utils.waitForPageLoad(Utils.java:109)</small> </font> </div>
<div class="test-event"> <font color="maroon"> <small> &emsp; &emsp;--- 05 May 00:28:15 486 - Element is displayed:: [[ChromeDriver: chrome on WINDOWS (2cf28825ea7a8a419a5b05b8e5d35d84)] -> xpath: //a[contains(text(),'Back to Courses')]]</small> </font> </div>
<div class="test-event"> <font color="maroon"> <small> &emsp; &emsp;--- 05 May 00:28:22 528 - Catched spinner load exception due to javascript error: {"status":32,"value":"An invalid or illegal selector was specified"}
  (Session info: chrome=124.0.6367.92)
Build info: version: '4.6.0', revision: '79f1c02ae20'
System info: os.name: 'Windows 10', os.arch: 'amd64', os.version: '10.0', java.version: '17.0.7'
Driver info: org.openqa.selenium.chrome.ChromeDriver
Command: [2cf28825ea7a8a419a5b05b8e5d35d84, findElement {using=css selector, value=div[class='slds-spinner slds-spinner_brand slds-spinner_small']>div:nth-child(2)r}]
Capabilities {acceptInsecureCerts: false, browserName: chrome, browserVersion: 124.0.6367.92, chrome: {chromedriverVersion: 124.0.6367.91 (51df0e5e17a8..., userDataDir: C:\Users\PRATHA~1.KUM\AppDa...}, fedcm:accounts: true, goog:chromeOptions: {debuggerAddress: localhost:49451}, networkConnectionEnabled: false, pageLoadStrategy: normal, platformName: WINDOWS, proxy: Proxy(), se:cdp: ws://localhost:49451/devtoo..., se:cdpVersion: 124.0.6367.92, setWindowRect: true, strictFileInteractability: false, timeouts: {implicit: 0, pageLoad: 300000, script: 30000}, unhandledPromptBehavior: dismiss and notify, webauthn:extension:credBlob: true, webauthn:extension:largeBlob: true, webauthn:extension:minPinLength: true, webauthn:extension:prf: true, webauthn:virtualAuthenticators: true}
Session ID: 2cf28825ea7a8a419a5b05b8e5d35d84</small> </font> </div>
<div class="test-event"> <font color="maroon"> <small> &emsp; &emsp;--- 05 May 00:28:22 528 - <b>0</b> - Spinner Load Wait: (Sync) - ICar.support.WaitUtils.waitForSpinner(WaitUtils.java:225)</small> </font> </div>
<div class="test-message">&emsp;Back To Courses is displayed in the page </div>
<div class="test-message">&emsp;Successfully verified Back To Course Link&emsp;<a href=".\ScreenShot\URL_TC001_2722840145872300.png" target="_blank" >[ScreenShot]</a></div>
<div class="test-event"> <font color="maroon"> <small> &emsp; &emsp;--- 05 May 00:28:22 777 - Catched spinner load exception due to javascript error: {"status":32,"value":"An invalid or illegal selector was specified"}
  (Session info: chrome=124.0.6367.92)
Build info: version: '4.6.0', revision: '79f1c02ae20'
System info: os.name: 'Windows 10', os.arch: 'amd64', os.version: '10.0', java.version: '17.0.7'
Driver info: org.openqa.selenium.chrome.ChromeDriver
Command: [2cf28825ea7a8a419a5b05b8e5d35d84, findElement {using=css selector, value=div[class='slds-spinner slds-spinner_brand slds-spinner_small']>div:nth-child(2)r}]
Capabilities {acceptInsecureCerts: false, browserName: chrome, browserVersion: 124.0.6367.92, chrome: {chromedriverVersion: 124.0.6367.91 (51df0e5e17a8..., userDataDir: C:\Users\PRATHA~1.KUM\AppDa...}, fedcm:accounts: true, goog:chromeOptions: {debuggerAddress: localhost:49451}, networkConnectionEnabled: false, pageLoadStrategy: normal, platformName: WINDOWS, proxy: Proxy(), se:cdp: ws://localhost:49451/devtoo..., se:cdpVersion: 124.0.6367.92, setWindowRect: true, strictFileInteractability: false, timeouts: {implicit: 0, pageLoad: 300000, script: 30000}, unhandledPromptBehavior: dismiss and notify, webauthn:extension:credBlob: true, webauthn:extension:largeBlob: true, webauthn:extension:minPinLength: true, webauthn:extension:prf: true, webauthn:virtualAuthenticators: true}
Session ID: 2cf28825ea7a8a419a5b05b8e5d35d84</small> </font> </div>
<div class="test-event"> <font color="maroon"> <small> &emsp; &emsp;--- 05 May 00:28:22 777 - <b>0</b> - Spinner Load Wait: (Sync) - ICar.support.WaitUtils.waitForSpinner(WaitUtils.java:225)</small> </font> </div>
<div class="test-event"> <font color="maroon"> <small> &emsp; &emsp;--- 05 May 00:28:22 847 - Page URL:: https://www.i-car.com/product/plasma-arc-cutters</small> </font> </div>
<div class="test-event"> <font color="maroon"> <small> &emsp; &emsp;--- 05 May 00:28:22 847 - <b>0</b> - Page Load Wait: (Sync) - ICar.support.Utils.waitForPageLoad(Utils.java:109)</small> </font> </div>
<div class="test-event"> <font color="maroon"> <small> &emsp; &emsp;--- 05 May 00:28:32 903 - Element is displayed:: [[ChromeDriver: chrome on WINDOWS (2cf28825ea7a8a419a5b05b8e5d35d84)] -> xpath: //div[@class='productDetails slds-p-bottom_large']//div[contains(@class,'slds-p-bottom_medium')]]</small> </font> </div>
<div class="test-message">&emsp;Course Name : PlasmaArcCutters is displayed in the URL page</div>
<div class="test-message">&emsp;Successfully verified the course name for relevant link&emsp;<a href=".\ScreenShot\URL_TC001_2722858535263000.png" target="_blank" >[ScreenShot]</a></div>
<div class="test-message">&emsp;
</div>
<div class="test-message">&emsp;152. URL is : https://www.i-car.com/product/kia-lane-keep-assist-system</div>
<div class="test-event"> <font color="maroon"> <small> &emsp; &emsp;--- 05 May 00:28:42 178 - Page URL:: https://www.i-car.com/product/kia-lane-keep-assist-system</small> </font> </div>
<div class="test-event"> <font color="maroon"> <small> &emsp; &emsp;--- 05 May 00:28:42 179 - <b>0</b> - Page Load Wait: (Sync) - ICar.support.Utils.waitForPageLoad(Utils.java:109)</small> </font> </div>
<div class="test-message">&emsp;Successfully navigated to the :  https://www.i-car.com/product/kia-lane-keep-assist-system   Page&emsp;<a href=".\ScreenShot\URL_TC001_2722859784294100.png" target="_blank" >[ScreenShot]</a></div>
<div class="test-event"> <font color="maroon"> <small> &emsp; &emsp;--- 05 May 00:28:42 519 - Page URL:: https://www.i-car.com/product/kia-lane-keep-assist-system</small> </font> </div>
<div class="test-event"> <font color="maroon"> <small> &emsp; &emsp;--- 05 May 00:28:42 519 - <b>0</b> - Page Load Wait: (Sync) - ICar.support.Utils.waitForPageLoad(Utils.java:109)</small> </font> </div>
<div class="test-event"> <font color="maroon"> <small> &emsp; &emsp;--- 05 May 00:28:42 527 - Catched spinner load exception due to javascript error: {"status":32,"value":"An invalid or illegal selector was specified"}
  (Session info: chrome=124.0.6367.92)
Build info: version: '4.6.0', revision: '79f1c02ae20'
System info: os.name: 'Windows 10', os.arch: 'amd64', os.version: '10.0', java.version: '17.0.7'
Driver info: org.openqa.selenium.chrome.ChromeDriver
Command: [2cf28825ea7a8a419a5b05b8e5d35d84, findElement {using=css selector, value=div[class='slds-spinner slds-spinner_brand slds-spinner_small']>div:nth-child(2)r}]
Capabilities {acceptInsecureCerts: false, browserName: chrome, browserVersion: 124.0.6367.92, chrome: {chromedriverVersion: 124.0.6367.91 (51df0e5e17a8..., userDataDir: C:\Users\PRATHA~1.KUM\AppDa...}, fedcm:accounts: true, goog:chromeOptions: {debuggerAddress: localhost:49451}, networkConnectionEnabled: false, pageLoadStrategy: normal, platformName: WINDOWS, proxy: Proxy(), se:cdp: ws://localhost:49451/devtoo..., se:cdpVersion: 124.0.6367.92, setWindowRect: true, strictFileInteractability: false, timeouts: {implicit: 0, pageLoad: 300000, script: 30000}, unhandledPromptBehavior: dismiss and notify, webauthn:extension:credBlob: true, webauthn:extension:largeBlob: true, webauthn:extension:minPinLength: true, webauthn:extension:prf: true, webauthn:virtualAuthenticators: true}
Session ID: 2cf28825ea7a8a419a5b05b8e5d35d84</small> </font> </div>
<div class="test-event"> <font color="maroon"> <small> &emsp; &emsp;--- 05 May 00:28:42 528 - <b>0</b> - Spinner Load Wait: (Sync) - ICar.support.WaitUtils.waitForSpinner(WaitUtils.java:225)</small> </font> </div>
<div class="test-event"> <font color="maroon"> <small> &emsp; &emsp;--- 05 May 00:28:52 617 - Page URL:: https://www.i-car.com/product/kia-lane-keep-assist-system</small> </font> </div>
<div class="test-event"> <font color="maroon"> <small> &emsp; &emsp;--- 05 May 00:28:52 617 - <b>0</b> - Page Load Wait: (Sync) - ICar.support.Utils.waitForPageLoad(Utils.java:109)</small> </font> </div>
<div class="test-event"> <font color="maroon"> <small> &emsp; &emsp;--- 05 May 00:28:52 634 - Element is displayed:: [[ChromeDriver: chrome on WINDOWS (2cf28825ea7a8a419a5b05b8e5d35d84)] -> xpath: //a[contains(text(),'Back to Courses')]]</small> </font> </div>
<div class="test-event"> <font color="maroon"> <small> &emsp; &emsp;--- 05 May 00:28:59 661 - Catched spinner load exception due to javascript error: {"status":32,"value":"An invalid or illegal selector was specified"}
  (Session info: chrome=124.0.6367.92)
Build info: version: '4.6.0', revision: '79f1c02ae20'
System info: os.name: 'Windows 10', os.arch: 'amd64', os.version: '10.0', java.version: '17.0.7'
Driver info: org.openqa.selenium.chrome.ChromeDriver
Command: [2cf28825ea7a8a419a5b05b8e5d35d84, findElement {using=css selector, value=div[class='slds-spinner slds-spinner_brand slds-spinner_small']>div:nth-child(2)r}]
Capabilities {acceptInsecureCerts: false, browserName: chrome, browserVersion: 124.0.6367.92, chrome: {chromedriverVersion: 124.0.6367.91 (51df0e5e17a8..., userDataDir: C:\Users\PRATHA~1.KUM\AppDa...}, fedcm:accounts: true, goog:chromeOptions: {debuggerAddress: localhost:49451}, networkConnectionEnabled: false, pageLoadStrategy: normal, platformName: WINDOWS, proxy: Proxy(), se:cdp: ws://localhost:49451/devtoo..., se:cdpVersion: 124.0.6367.92, setWindowRect: true, strictFileInteractability: false, timeouts: {implicit: 0, pageLoad: 300000, script: 30000}, unhandledPromptBehavior: dismiss and notify, webauthn:extension:credBlob: true, webauthn:extension:largeBlob: true, webauthn:extension:minPinLength: true, webauthn:extension:prf: true, webauthn:virtualAuthenticators: true}
Session ID: 2cf28825ea7a8a419a5b05b8e5d35d84</small> </font> </div>
<div class="test-event"> <font color="maroon"> <small> &emsp; &emsp;--- 05 May 00:28:59 662 - <b>0</b> - Spinner Load Wait: (Sync) - ICar.support.WaitUtils.waitForSpinner(WaitUtils.java:225)</small> </font> </div>
<div class="test-message">&emsp;Back To Courses is displayed in the page </div>
<div class="test-message">&emsp;Successfully verified Back To Course Link&emsp;<a href=".\ScreenShot\URL_TC001_2722877278261100.png" target="_blank" >[ScreenShot]</a></div>
<div class="test-event"> <font color="maroon"> <small> &emsp; &emsp;--- 05 May 00:29:00 067 - Catched spinner load exception due to javascript error: {"status":32,"value":"An invalid or illegal selector was specified"}
  (Session info: chrome=124.0.6367.92)
Build info: version: '4.6.0', revision: '79f1c02ae20'
System info: os.name: 'Windows 10', os.arch: 'amd64', os.version: '10.0', java.version: '17.0.7'
Driver info: org.openqa.selenium.chrome.ChromeDriver
Command: [2cf28825ea7a8a419a5b05b8e5d35d84, findElement {using=css selector, value=div[class='slds-spinner slds-spinner_brand slds-spinner_small']>div:nth-child(2)r}]
Capabilities {acceptInsecureCerts: false, browserName: chrome, browserVersion: 124.0.6367.92, chrome: {chromedriverVersion: 124.0.6367.91 (51df0e5e17a8..., userDataDir: C:\Users\PRATHA~1.KUM\AppDa...}, fedcm:accounts: true, goog:chromeOptions: {debuggerAddress: localhost:49451}, networkConnectionEnabled: false, pageLoadStrategy: normal, platformName: WINDOWS, proxy: Proxy(), se:cdp: ws://localhost:49451/devtoo..., se:cdpVersion: 124.0.6367.92, setWindowRect: true, strictFileInteractability: false, timeouts: {implicit: 0, pageLoad: 300000, script: 30000}, unhandledPromptBehavior: dismiss and notify, webauthn:extension:credBlob: true, webauthn:extension:largeBlob: true, webauthn:extension:minPinLength: true, webauthn:extension:prf: true, webauthn:virtualAuthenticators: true}
Session ID: 2cf28825ea7a8a419a5b05b8e5d35d84</small> </font> </div>
<div class="test-event"> <font color="maroon"> <small> &emsp; &emsp;--- 05 May 00:29:00 067 - <b>0</b> - Spinner Load Wait: (Sync) - ICar.support.WaitUtils.waitForSpinner(WaitUtils.java:225)</small> </font> </div>
<div class="test-event"> <font color="maroon"> <small> &emsp; &emsp;--- 05 May 00:29:00 138 - Page URL:: https://www.i-car.com/product/kia-lane-keep-assist-system</small> </font> </div>
<div class="test-event"> <font color="maroon"> <small> &emsp; &emsp;--- 05 May 00:29:00 138 - <b>0</b> - Page Load Wait: (Sync) - ICar.support.Utils.waitForPageLoad(Utils.java:109)</small> </font> </div>
<div class="test-event"> <font color="maroon"> <small> &emsp; &emsp;--- 05 May 00:29:10 231 - Element is displayed:: [[ChromeDriver: chrome on WINDOWS (2cf28825ea7a8a419a5b05b8e5d35d84)] -> xpath: //div[@class='productDetails slds-p-bottom_large']//div[contains(@class,'slds-p-bottom_medium')]]</small> </font> </div>
<div class="test-message">&emsp;Course Name : KiaLaneKeepAssistSystem is displayed in the URL page</div>
<div class="test-message">&emsp;Successfully verified the course name for relevant link&emsp;<a href=".\ScreenShot\URL_TC001_2722895850843200.png" target="_blank" >[ScreenShot]</a></div>
<div class="test-message">&emsp;
</div>
<div class="test-message">&emsp;153. URL is : https://www.i-car.com/product/working-safely-around-hazardous-materials</div>
<div class="test-event"> <font color="maroon"> <small> &emsp; &emsp;--- 05 May 00:29:20 191 - Page URL:: https://www.i-car.com/product/working-safely-around-hazardous-materials</small> </font> </div>
<div class="test-event"> <font color="maroon"> <small> &emsp; &emsp;--- 05 May 00:29:20 191 - <b>0</b> - Page Load Wait: (Sync) - ICar.support.Utils.waitForPageLoad(Utils.java:109)</small> </font> </div>
<div class="test-message">&emsp;Successfully navigated to the :  https://www.i-car.com/product/working-safely-around-hazardous-materials   Page&emsp;<a href=".\ScreenShot\URL_TC001_2722897796781900.png" target="_blank" >[ScreenShot]</a></div>
<div class="test-event"> <font color="maroon"> <small> &emsp; &emsp;--- 05 May 00:29:20 469 - Page URL:: https://www.i-car.com/product/working-safely-around-hazardous-materials</small> </font> </div>
<div class="test-event"> <font color="maroon"> <small> &emsp; &emsp;--- 05 May 00:29:20 469 - <b>0</b> - Page Load Wait: (Sync) - ICar.support.Utils.waitForPageLoad(Utils.java:109)</small> </font> </div>
<div class="test-event"> <font color="maroon"> <small> &emsp; &emsp;--- 05 May 00:29:20 478 - Catched spinner load exception due to javascript error: {"status":32,"value":"An invalid or illegal selector was specified"}
  (Session info: chrome=124.0.6367.92)
Build info: version: '4.6.0', revision: '79f1c02ae20'
System info: os.name: 'Windows 10', os.arch: 'amd64', os.version: '10.0', java.version: '17.0.7'
Driver info: org.openqa.selenium.chrome.ChromeDriver
Command: [2cf28825ea7a8a419a5b05b8e5d35d84, findElement {using=css selector, value=div[class='slds-spinner slds-spinner_brand slds-spinner_small']>div:nth-child(2)r}]
Capabilities {acceptInsecureCerts: false, browserName: chrome, browserVersion: 124.0.6367.92, chrome: {chromedriverVersion: 124.0.6367.91 (51df0e5e17a8..., userDataDir: C:\Users\PRATHA~1.KUM\AppDa...}, fedcm:accounts: true, goog:chromeOptions: {debuggerAddress: localhost:49451}, networkConnectionEnabled: false, pageLoadStrategy: normal, platformName: WINDOWS, proxy: Proxy(), se:cdp: ws://localhost:49451/devtoo..., se:cdpVersion: 124.0.6367.92, setWindowRect: true, strictFileInteractability: false, timeouts: {implicit: 0, pageLoad: 300000, script: 30000}, unhandledPromptBehavior: dismiss and notify, webauthn:extension:credBlob: true, webauthn:extension:largeBlob: true, webauthn:extension:minPinLength: true, webauthn:extension:prf: true, webauthn:virtualAuthenticators: true}
Session ID: 2cf28825ea7a8a419a5b05b8e5d35d84</small> </font> </div>
<div class="test-event"> <font color="maroon"> <small> &emsp; &emsp;--- 05 May 00:29:20 478 - <b>0</b> - Spinner Load Wait: (Sync) - ICar.support.WaitUtils.waitForSpinner(WaitUtils.java:225)</small> </font> </div>
<div class="test-event"> <font color="maroon"> <small> &emsp; &emsp;--- 05 May 00:29:30 563 - Page URL:: https://www.i-car.com/product/working-safely-around-hazardous-materials</small> </font> </div>
<div class="test-event"> <font color="maroon"> <small> &emsp; &emsp;--- 05 May 00:29:30 563 - <b>0</b> - Page Load Wait: (Sync) - ICar.support.Utils.waitForPageLoad(Utils.java:109)</small> </font> </div>
<div class="test-event"> <font color="maroon"> <small> &emsp; &emsp;--- 05 May 00:29:30 579 - Element is displayed:: [[ChromeDriver: chrome on WINDOWS (2cf28825ea7a8a419a5b05b8e5d35d84)] -> xpath: //a[contains(text(),'Back to Courses')]]</small> </font> </div>
<div class="test-event"> <font color="maroon"> <small> &emsp; &emsp;--- 05 May 00:29:37 618 - Catched spinner load exception due to javascript error: {"status":32,"value":"An invalid or illegal selector was specified"}
  (Session info: chrome=124.0.6367.92)
Build info: version: '4.6.0', revision: '79f1c02ae20'
System info: os.name: 'Windows 10', os.arch: 'amd64', os.version: '10.0', java.version: '17.0.7'
Driver info: org.openqa.selenium.chrome.ChromeDriver
Command: [2cf28825ea7a8a419a5b05b8e5d35d84, findElement {using=css selector, value=div[class='slds-spinner slds-spinner_brand slds-spinner_small']>div:nth-child(2)r}]
Capabilities {acceptInsecureCerts: false, browserName: chrome, browserVersion: 124.0.6367.92, chrome: {chromedriverVersion: 124.0.6367.91 (51df0e5e17a8..., userDataDir: C:\Users\PRATHA~1.KUM\AppDa...}, fedcm:accounts: true, goog:chromeOptions: {debuggerAddress: localhost:49451}, networkConnectionEnabled: false, pageLoadStrategy: normal, platformName: WINDOWS, proxy: Proxy(), se:cdp: ws://localhost:49451/devtoo..., se:cdpVersion: 124.0.6367.92, setWindowRect: true, strictFileInteractability: false, timeouts: {implicit: 0, pageLoad: 300000, script: 30000}, unhandledPromptBehavior: dismiss and notify, webauthn:extension:credBlob: true, webauthn:extension:largeBlob: true, webauthn:extension:minPinLength: true, webauthn:extension:prf: true, webauthn:virtualAuthenticators: true}
Session ID: 2cf28825ea7a8a419a5b05b8e5d35d84</small> </font> </div>
<div class="test-event"> <font color="maroon"> <small> &emsp; &emsp;--- 05 May 00:29:37 618 - <b>0</b> - Spinner Load Wait: (Sync) - ICar.support.WaitUtils.waitForSpinner(WaitUtils.java:225)</small> </font> </div>
<div class="test-message">&emsp;Back To Courses is displayed in the page </div>
<div class="test-message">&emsp;Successfully verified Back To Course Link&emsp;<a href=".\ScreenShot\URL_TC001_2722915238025500.png" target="_blank" >[ScreenShot]</a></div>
<div class="test-event"> <font color="maroon"> <small> &emsp; &emsp;--- 05 May 00:29:37 893 - Catched spinner load exception due to javascript error: {"status":32,"value":"An invalid or illegal selector was specified"}
  (Session info: chrome=124.0.6367.92)
Build info: version: '4.6.0', revision: '79f1c02ae20'
System info: os.name: 'Windows 10', os.arch: 'amd64', os.version: '10.0', java.version: '17.0.7'
Driver info: org.openqa.selenium.chrome.ChromeDriver
Command: [2cf28825ea7a8a419a5b05b8e5d35d84, findElement {using=css selector, value=div[class='slds-spinner slds-spinner_brand slds-spinner_small']>div:nth-child(2)r}]
Capabilities {acceptInsecureCerts: false, browserName: chrome, browserVersion: 124.0.6367.92, chrome: {chromedriverVersion: 124.0.6367.91 (51df0e5e17a8..., userDataDir: C:\Users\PRATHA~1.KUM\AppDa...}, fedcm:accounts: true, goog:chromeOptions: {debuggerAddress: localhost:49451}, networkConnectionEnabled: false, pageLoadStrategy: normal, platformName: WINDOWS, proxy: Proxy(), se:cdp: ws://localhost:49451/devtoo..., se:cdpVersion: 124.0.6367.92, setWindowRect: true, strictFileInteractability: false, timeouts: {implicit: 0, pageLoad: 300000, script: 30000}, unhandledPromptBehavior: dismiss and notify, webauthn:extension:credBlob: true, webauthn:extension:largeBlob: true, webauthn:extension:minPinLength: true, webauthn:extension:prf: true, webauthn:virtualAuthenticators: true}
Session ID: 2cf28825ea7a8a419a5b05b8e5d35d84</small> </font> </div>
<div class="test-event"> <font color="maroon"> <small> &emsp; &emsp;--- 05 May 00:29:37 893 - <b>0</b> - Spinner Load Wait: (Sync) - ICar.support.WaitUtils.waitForSpinner(WaitUtils.java:225)</small> </font> </div>
<div class="test-event"> <font color="maroon"> <small> &emsp; &emsp;--- 05 May 00:29:37 952 - Page URL:: https://www.i-car.com/product/working-safely-around-hazardous-materials</small> </font> </div>
<div class="test-event"> <font color="maroon"> <small> &emsp; &emsp;--- 05 May 00:29:37 952 - <b>0</b> - Page Load Wait: (Sync) - ICar.support.Utils.waitForPageLoad(Utils.java:109)</small> </font> </div>
<div class="test-event"> <font color="maroon"> <small> &emsp; &emsp;--- 05 May 00:29:48 003 - Element is displayed:: [[ChromeDriver: chrome on WINDOWS (2cf28825ea7a8a419a5b05b8e5d35d84)] -> xpath: //div[@class='productDetails slds-p-bottom_large']//div[contains(@class,'slds-p-bottom_medium')]]</small> </font> </div>
<div class="test-message">&emsp;Course Name : WorkingSafelyAroundHazardousMaterials is displayed in the URL page</div>
<div class="test-message">&emsp;Successfully verified the course name for relevant link&emsp;<a href=".\ScreenShot\URL_TC001_2722933629481400.png" target="_blank" >[ScreenShot]</a></div>
<div class="test-message">&emsp;
</div>
<div class="test-message">&emsp;154. URL is : https://www.i-car.com/product/portable-colormatching-lights</div>
<div class="test-event"> <font color="maroon"> <small> &emsp; &emsp;--- 05 May 00:29:57 374 - Page URL:: https://www.i-car.com/product/portable-colormatching-lights</small> </font> </div>
<div class="test-event"> <font color="maroon"> <small> &emsp; &emsp;--- 05 May 00:29:57 375 - <b>0</b> - Page Load Wait: (Sync) - ICar.support.Utils.waitForPageLoad(Utils.java:109)</small> </font> </div>
<div class="test-message">&emsp;Successfully navigated to the :  https://www.i-car.com/product/portable-colormatching-lights   Page&emsp;<a href=".\ScreenShot\URL_TC001_2722934981316000.png" target="_blank" >[ScreenShot]</a></div>
<div class="test-event"> <font color="maroon"> <small> &emsp; &emsp;--- 05 May 00:29:57 665 - Page URL:: https://www.i-car.com/product/portable-colormatching-lights</small> </font> </div>
<div class="test-event"> <font color="maroon"> <small> &emsp; &emsp;--- 05 May 00:29:57 665 - <b>0</b> - Page Load Wait: (Sync) - ICar.support.Utils.waitForPageLoad(Utils.java:109)</small> </font> </div>
<div class="test-event"> <font color="maroon"> <small> &emsp; &emsp;--- 05 May 00:29:57 671 - Catched spinner load exception due to javascript error: {"status":32,"value":"An invalid or illegal selector was specified"}
  (Session info: chrome=124.0.6367.92)
Build info: version: '4.6.0', revision: '79f1c02ae20'
System info: os.name: 'Windows 10', os.arch: 'amd64', os.version: '10.0', java.version: '17.0.7'
Driver info: org.openqa.selenium.chrome.ChromeDriver
Command: [2cf28825ea7a8a419a5b05b8e5d35d84, findElement {using=css selector, value=div[class='slds-spinner slds-spinner_brand slds-spinner_small']>div:nth-child(2)r}]
Capabilities {acceptInsecureCerts: false, browserName: chrome, browserVersion: 124.0.6367.92, chrome: {chromedriverVersion: 124.0.6367.91 (51df0e5e17a8..., userDataDir: C:\Users\PRATHA~1.KUM\AppDa...}, fedcm:accounts: true, goog:chromeOptions: {debuggerAddress: localhost:49451}, networkConnectionEnabled: false, pageLoadStrategy: normal, platformName: WINDOWS, proxy: Proxy(), se:cdp: ws://localhost:49451/devtoo..., se:cdpVersion: 124.0.6367.92, setWindowRect: true, strictFileInteractability: false, timeouts: {implicit: 0, pageLoad: 300000, script: 30000}, unhandledPromptBehavior: dismiss and notify, webauthn:extension:credBlob: true, webauthn:extension:largeBlob: true, webauthn:extension:minPinLength: true, webauthn:extension:prf: true, webauthn:virtualAuthenticators: true}
Session ID: 2cf28825ea7a8a419a5b05b8e5d35d84</small> </font> </div>
<div class="test-event"> <font color="maroon"> <small> &emsp; &emsp;--- 05 May 00:29:57 671 - <b>0</b> - Spinner Load Wait: (Sync) - ICar.support.WaitUtils.waitForSpinner(WaitUtils.java:225)</small> </font> </div>
<div class="test-event"> <font color="maroon"> <small> &emsp; &emsp;--- 05 May 00:30:07 751 - Page URL:: https://www.i-car.com/product/portable-colormatching-lights</small> </font> </div>
<div class="test-event"> <font color="maroon"> <small> &emsp; &emsp;--- 05 May 00:30:07 751 - <b>0</b> - Page Load Wait: (Sync) - ICar.support.Utils.waitForPageLoad(Utils.java:109)</small> </font> </div>
<div class="test-event"> <font color="maroon"> <small> &emsp; &emsp;--- 05 May 00:30:07 767 - Element is displayed:: [[ChromeDriver: chrome on WINDOWS (2cf28825ea7a8a419a5b05b8e5d35d84)] -> xpath: //a[contains(text(),'Back to Courses')]]</small> </font> </div>
<div class="test-event"> <font color="maroon"> <small> &emsp; &emsp;--- 05 May 00:30:14 806 - Catched spinner load exception due to javascript error: {"status":32,"value":"An invalid or illegal selector was specified"}
  (Session info: chrome=124.0.6367.92)
Build info: version: '4.6.0', revision: '79f1c02ae20'
System info: os.name: 'Windows 10', os.arch: 'amd64', os.version: '10.0', java.version: '17.0.7'
Driver info: org.openqa.selenium.chrome.ChromeDriver
Command: [2cf28825ea7a8a419a5b05b8e5d35d84, findElement {using=css selector, value=div[class='slds-spinner slds-spinner_brand slds-spinner_small']>div:nth-child(2)r}]
Capabilities {acceptInsecureCerts: false, browserName: chrome, browserVersion: 124.0.6367.92, chrome: {chromedriverVersion: 124.0.6367.91 (51df0e5e17a8..., userDataDir: C:\Users\PRATHA~1.KUM\AppDa...}, fedcm:accounts: true, goog:chromeOptions: {debuggerAddress: localhost:49451}, networkConnectionEnabled: false, pageLoadStrategy: normal, platformName: WINDOWS, proxy: Proxy(), se:cdp: ws://localhost:49451/devtoo..., se:cdpVersion: 124.0.6367.92, setWindowRect: true, strictFileInteractability: false, timeouts: {implicit: 0, pageLoad: 300000, script: 30000}, unhandledPromptBehavior: dismiss and notify, webauthn:extension:credBlob: true, webauthn:extension:largeBlob: true, webauthn:extension:minPinLength: true, webauthn:extension:prf: true, webauthn:virtualAuthenticators: true}
Session ID: 2cf28825ea7a8a419a5b05b8e5d35d84</small> </font> </div>
<div class="test-event"> <font color="maroon"> <small> &emsp; &emsp;--- 05 May 00:30:14 806 - <b>0</b> - Spinner Load Wait: (Sync) - ICar.support.WaitUtils.waitForSpinner(WaitUtils.java:225)</small> </font> </div>
<div class="test-message">&emsp;Back To Courses is displayed in the page </div>
<div class="test-message">&emsp;Successfully verified Back To Course Link&emsp;<a href=".\ScreenShot\URL_TC001_2722952422498500.png" target="_blank" >[ScreenShot]</a></div>
<div class="test-event"> <font color="maroon"> <small> &emsp; &emsp;--- 05 May 00:30:15 065 - Catched spinner load exception due to javascript error: {"status":32,"value":"An invalid or illegal selector was specified"}
  (Session info: chrome=124.0.6367.92)
Build info: version: '4.6.0', revision: '79f1c02ae20'
System info: os.name: 'Windows 10', os.arch: 'amd64', os.version: '10.0', java.version: '17.0.7'
Driver info: org.openqa.selenium.chrome.ChromeDriver
Command: [2cf28825ea7a8a419a5b05b8e5d35d84, findElement {using=css selector, value=div[class='slds-spinner slds-spinner_brand slds-spinner_small']>div:nth-child(2)r}]
Capabilities {acceptInsecureCerts: false, browserName: chrome, browserVersion: 124.0.6367.92, chrome: {chromedriverVersion: 124.0.6367.91 (51df0e5e17a8..., userDataDir: C:\Users\PRATHA~1.KUM\AppDa...}, fedcm:accounts: true, goog:chromeOptions: {debuggerAddress: localhost:49451}, networkConnectionEnabled: false, pageLoadStrategy: normal, platformName: WINDOWS, proxy: Proxy(), se:cdp: ws://localhost:49451/devtoo..., se:cdpVersion: 124.0.6367.92, setWindowRect: true, strictFileInteractability: false, timeouts: {implicit: 0, pageLoad: 300000, script: 30000}, unhandledPromptBehavior: dismiss and notify, webauthn:extension:credBlob: true, webauthn:extension:largeBlob: true, webauthn:extension:minPinLength: true, webauthn:extension:prf: true, webauthn:virtualAuthenticators: true}
Session ID: 2cf28825ea7a8a419a5b05b8e5d35d84</small> </font> </div>
<div class="test-event"> <font color="maroon"> <small> &emsp; &emsp;--- 05 May 00:30:15 065 - <b>0</b> - Spinner Load Wait: (Sync) - ICar.support.WaitUtils.waitForSpinner(WaitUtils.java:225)</small> </font> </div>
<div class="test-event"> <font color="maroon"> <small> &emsp; &emsp;--- 05 May 00:30:15 129 - Page URL:: https://www.i-car.com/product/portable-colormatching-lights</small> </font> </div>
<div class="test-event"> <font color="maroon"> <small> &emsp; &emsp;--- 05 May 00:30:15 129 - <b>0</b> - Page Load Wait: (Sync) - ICar.support.Utils.waitForPageLoad(Utils.java:109)</small> </font> </div>
<div class="test-event"> <font color="maroon"> <small> &emsp; &emsp;--- 05 May 00:30:25 177 - Element is displayed:: [[ChromeDriver: chrome on WINDOWS (2cf28825ea7a8a419a5b05b8e5d35d84)] -> xpath: //div[@class='productDetails slds-p-bottom_large']//div[contains(@class,'slds-p-bottom_medium')]]</small> </font> </div>
<div class="test-message">&emsp;Course Name : PortableColorMatchingLights is displayed in the URL page</div>
<div class="test-message">&emsp;Successfully verified the course name for relevant link&emsp;<a href=".\ScreenShot\URL_TC001_2722970813938700.png" target="_blank" >[ScreenShot]</a></div>
<div class="test-message">&emsp;
</div>
<div class="test-message">&emsp;155. URL is : https://www.i-car.com/product/random-orbital-sanders</div>
<div class="test-event"> <font color="maroon"> <small> &emsp; &emsp;--- 05 May 00:30:34 385 - Page URL:: https://www.i-car.com/product/random-orbital-sanders</small> </font> </div>
<div class="test-event"> <font color="maroon"> <small> &emsp; &emsp;--- 05 May 00:30:34 386 - <b>0</b> - Page Load Wait: (Sync) - ICar.support.Utils.waitForPageLoad(Utils.java:109)</small> </font> </div>
<div class="test-message">&emsp;Successfully navigated to the :  https://www.i-car.com/product/random-orbital-sanders   Page&emsp;<a href=".\ScreenShot\URL_TC001_2722971993124500.png" target="_blank" >[ScreenShot]</a></div>
<div class="test-event"> <font color="maroon"> <small> &emsp; &emsp;--- 05 May 00:30:34 656 - Page URL:: https://www.i-car.com/product/random-orbital-sanders</small> </font> </div>
<div class="test-event"> <font color="maroon"> <small> &emsp; &emsp;--- 05 May 00:30:34 656 - <b>0</b> - Page Load Wait: (Sync) - ICar.support.Utils.waitForPageLoad(Utils.java:109)</small> </font> </div>
<div class="test-event"> <font color="maroon"> <small> &emsp; &emsp;--- 05 May 00:30:34 665 - Catched spinner load exception due to javascript error: {"status":32,"value":"An invalid or illegal selector was specified"}
  (Session info: chrome=124.0.6367.92)
Build info: version: '4.6.0', revision: '79f1c02ae20'
System info: os.name: 'Windows 10', os.arch: 'amd64', os.version: '10.0', java.version: '17.0.7'
Driver info: org.openqa.selenium.chrome.ChromeDriver
Command: [2cf28825ea7a8a419a5b05b8e5d35d84, findElement {using=css selector, value=div[class='slds-spinner slds-spinner_brand slds-spinner_small']>div:nth-child(2)r}]
Capabilities {acceptInsecureCerts: false, browserName: chrome, browserVersion: 124.0.6367.92, chrome: {chromedriverVersion: 124.0.6367.91 (51df0e5e17a8..., userDataDir: C:\Users\PRATHA~1.KUM\AppDa...}, fedcm:accounts: true, goog:chromeOptions: {debuggerAddress: localhost:49451}, networkConnectionEnabled: false, pageLoadStrategy: normal, platformName: WINDOWS, proxy: Proxy(), se:cdp: ws://localhost:49451/devtoo..., se:cdpVersion: 124.0.6367.92, setWindowRect: true, strictFileInteractability: false, timeouts: {implicit: 0, pageLoad: 300000, script: 30000}, unhandledPromptBehavior: dismiss and notify, webauthn:extension:credBlob: true, webauthn:extension:largeBlob: true, webauthn:extension:minPinLength: true, webauthn:extension:prf: true, webauthn:virtualAuthenticators: true}
Session ID: 2cf28825ea7a8a419a5b05b8e5d35d84</small> </font> </div>
<div class="test-event"> <font color="maroon"> <small> &emsp; &emsp;--- 05 May 00:30:34 665 - <b>0</b> - Spinner Load Wait: (Sync) - ICar.support.WaitUtils.waitForSpinner(WaitUtils.java:225)</small> </font> </div>
<div class="test-event"> <font color="maroon"> <small> &emsp; &emsp;--- 05 May 00:30:44 746 - Page URL:: https://www.i-car.com/product/random-orbital-sanders</small> </font> </div>
<div class="test-event"> <font color="maroon"> <small> &emsp; &emsp;--- 05 May 00:30:44 746 - <b>0</b> - Page Load Wait: (Sync) - ICar.support.Utils.waitForPageLoad(Utils.java:109)</small> </font> </div>
<div class="test-event"> <font color="maroon"> <small> &emsp; &emsp;--- 05 May 00:30:44 765 - Element is displayed:: [[ChromeDriver: chrome on WINDOWS (2cf28825ea7a8a419a5b05b8e5d35d84)] -> xpath: //a[contains(text(),'Back to Courses')]]</small> </font> </div>
<div class="test-event"> <font color="maroon"> <small> &emsp; &emsp;--- 05 May 00:30:51 803 - Catched spinner load exception due to javascript error: {"status":32,"value":"An invalid or illegal selector was specified"}
  (Session info: chrome=124.0.6367.92)
Build info: version: '4.6.0', revision: '79f1c02ae20'
System info: os.name: 'Windows 10', os.arch: 'amd64', os.version: '10.0', java.version: '17.0.7'
Driver info: org.openqa.selenium.chrome.ChromeDriver
Command: [2cf28825ea7a8a419a5b05b8e5d35d84, findElement {using=css selector, value=div[class='slds-spinner slds-spinner_brand slds-spinner_small']>div:nth-child(2)r}]
Capabilities {acceptInsecureCerts: false, browserName: chrome, browserVersion: 124.0.6367.92, chrome: {chromedriverVersion: 124.0.6367.91 (51df0e5e17a8..., userDataDir: C:\Users\PRATHA~1.KUM\AppDa...}, fedcm:accounts: true, goog:chromeOptions: {debuggerAddress: localhost:49451}, networkConnectionEnabled: false, pageLoadStrategy: normal, platformName: WINDOWS, proxy: Proxy(), se:cdp: ws://localhost:49451/devtoo..., se:cdpVersion: 124.0.6367.92, setWindowRect: true, strictFileInteractability: false, timeouts: {implicit: 0, pageLoad: 300000, script: 30000}, unhandledPromptBehavior: dismiss and notify, webauthn:extension:credBlob: true, webauthn:extension:largeBlob: true, webauthn:extension:minPinLength: true, webauthn:extension:prf: true, webauthn:virtualAuthenticators: true}
Session ID: 2cf28825ea7a8a419a5b05b8e5d35d84</small> </font> </div>
<div class="test-event"> <font color="maroon"> <small> &emsp; &emsp;--- 05 May 00:30:51 803 - <b>0</b> - Spinner Load Wait: (Sync) - ICar.support.WaitUtils.waitForSpinner(WaitUtils.java:225)</small> </font> </div>
<div class="test-message">&emsp;Back To Courses is displayed in the page </div>
<div class="test-message">&emsp;Successfully verified Back To Course Link&emsp;<a href=".\ScreenShot\URL_TC001_2722989420435300.png" target="_blank" >[ScreenShot]</a></div>
<div class="test-event"> <font color="maroon"> <small> &emsp; &emsp;--- 05 May 00:30:52 050 - Catched spinner load exception due to javascript error: {"status":32,"value":"An invalid or illegal selector was specified"}
  (Session info: chrome=124.0.6367.92)
Build info: version: '4.6.0', revision: '79f1c02ae20'
System info: os.name: 'Windows 10', os.arch: 'amd64', os.version: '10.0', java.version: '17.0.7'
Driver info: org.openqa.selenium.chrome.ChromeDriver
Command: [2cf28825ea7a8a419a5b05b8e5d35d84, findElement {using=css selector, value=div[class='slds-spinner slds-spinner_brand slds-spinner_small']>div:nth-child(2)r}]
Capabilities {acceptInsecureCerts: false, browserName: chrome, browserVersion: 124.0.6367.92, chrome: {chromedriverVersion: 124.0.6367.91 (51df0e5e17a8..., userDataDir: C:\Users\PRATHA~1.KUM\AppDa...}, fedcm:accounts: true, goog:chromeOptions: {debuggerAddress: localhost:49451}, networkConnectionEnabled: false, pageLoadStrategy: normal, platformName: WINDOWS, proxy: Proxy(), se:cdp: ws://localhost:49451/devtoo..., se:cdpVersion: 124.0.6367.92, setWindowRect: true, strictFileInteractability: false, timeouts: {implicit: 0, pageLoad: 300000, script: 30000}, unhandledPromptBehavior: dismiss and notify, webauthn:extension:credBlob: true, webauthn:extension:largeBlob: true, webauthn:extension:minPinLength: true, webauthn:extension:prf: true, webauthn:virtualAuthenticators: true}
Session ID: 2cf28825ea7a8a419a5b05b8e5d35d84</small> </font> </div>
<div class="test-event"> <font color="maroon"> <small> &emsp; &emsp;--- 05 May 00:30:52 050 - <b>0</b> - Spinner Load Wait: (Sync) - ICar.support.WaitUtils.waitForSpinner(WaitUtils.java:225)</small> </font> </div>
<div class="test-event"> <font color="maroon"> <small> &emsp; &emsp;--- 05 May 00:30:52 112 - Page URL:: https://www.i-car.com/product/random-orbital-sanders</small> </font> </div>
<div class="test-event"> <font color="maroon"> <small> &emsp; &emsp;--- 05 May 00:30:52 112 - <b>0</b> - Page Load Wait: (Sync) - ICar.support.Utils.waitForPageLoad(Utils.java:109)</small> </font> </div>
<div class="test-event"> <font color="maroon"> <small> &emsp; &emsp;--- 05 May 00:31:02 153 - Element is displayed:: [[ChromeDriver: chrome on WINDOWS (2cf28825ea7a8a419a5b05b8e5d35d84)] -> xpath: //div[@class='productDetails slds-p-bottom_large']//div[contains(@class,'slds-p-bottom_medium')]]</small> </font> </div>
<div class="test-message">&emsp;Course Name : RandomOrbitalSanders is displayed in the URL page</div>
<div class="test-message">&emsp;Successfully verified the course name for relevant link&emsp;<a href=".\ScreenShot\URL_TC001_2723007779051800.png" target="_blank" >[ScreenShot]</a></div>
<div class="test-message">&emsp;
</div>
<div class="test-message">&emsp;156. URL is : https://www.i-car.com/product/ford-adas-repair-calibration</div>
<div class="test-event"> <font color="maroon"> <small> &emsp; &emsp;--- 05 May 00:31:11 553 - Page URL:: https://www.i-car.com/product/ford-adas-repair-calibration</small> </font> </div>
<div class="test-event"> <font color="maroon"> <small> &emsp; &emsp;--- 05 May 00:31:11 553 - <b>0</b> - Page Load Wait: (Sync) - ICar.support.Utils.waitForPageLoad(Utils.java:109)</small> </font> </div>
<div class="test-message">&emsp;Successfully navigated to the :  https://www.i-car.com/product/ford-adas-repair-calibration   Page&emsp;<a href=".\ScreenShot\URL_TC001_2723009158807900.png" target="_blank" >[ScreenShot]</a></div>
<div class="test-event"> <font color="maroon"> <small> &emsp; &emsp;--- 05 May 00:31:11 832 - Page URL:: https://www.i-car.com/product/ford-adas-repair-calibration</small> </font> </div>
<div class="test-event"> <font color="maroon"> <small> &emsp; &emsp;--- 05 May 00:31:11 832 - <b>0</b> - Page Load Wait: (Sync) - ICar.support.Utils.waitForPageLoad(Utils.java:109)</small> </font> </div>
<div class="test-event"> <font color="maroon"> <small> &emsp; &emsp;--- 05 May 00:31:11 842 - Catched spinner load exception due to javascript error: {"status":32,"value":"An invalid or illegal selector was specified"}
  (Session info: chrome=124.0.6367.92)
Build info: version: '4.6.0', revision: '79f1c02ae20'
System info: os.name: 'Windows 10', os.arch: 'amd64', os.version: '10.0', java.version: '17.0.7'
Driver info: org.openqa.selenium.chrome.ChromeDriver
Command: [2cf28825ea7a8a419a5b05b8e5d35d84, findElement {using=css selector, value=div[class='slds-spinner slds-spinner_brand slds-spinner_small']>div:nth-child(2)r}]
Capabilities {acceptInsecureCerts: false, browserName: chrome, browserVersion: 124.0.6367.92, chrome: {chromedriverVersion: 124.0.6367.91 (51df0e5e17a8..., userDataDir: C:\Users\PRATHA~1.KUM\AppDa...}, fedcm:accounts: true, goog:chromeOptions: {debuggerAddress: localhost:49451}, networkConnectionEnabled: false, pageLoadStrategy: normal, platformName: WINDOWS, proxy: Proxy(), se:cdp: ws://localhost:49451/devtoo..., se:cdpVersion: 124.0.6367.92, setWindowRect: true, strictFileInteractability: false, timeouts: {implicit: 0, pageLoad: 300000, script: 30000}, unhandledPromptBehavior: dismiss and notify, webauthn:extension:credBlob: true, webauthn:extension:largeBlob: true, webauthn:extension:minPinLength: true, webauthn:extension:prf: true, webauthn:virtualAuthenticators: true}
Session ID: 2cf28825ea7a8a419a5b05b8e5d35d84</small> </font> </div>
<div class="test-event"> <font color="maroon"> <small> &emsp; &emsp;--- 05 May 00:31:11 842 - <b>0</b> - Spinner Load Wait: (Sync) - ICar.support.WaitUtils.waitForSpinner(WaitUtils.java:225)</small> </font> </div>
<div class="test-event"> <font color="maroon"> <small> &emsp; &emsp;--- 05 May 00:31:21 933 - Page URL:: https://www.i-car.com/product/ford-adas-repair-calibration</small> </font> </div>
<div class="test-event"> <font color="maroon"> <small> &emsp; &emsp;--- 05 May 00:31:21 933 - <b>0</b> - Page Load Wait: (Sync) - ICar.support.Utils.waitForPageLoad(Utils.java:109)</small> </font> </div>
<div class="test-event"> <font color="maroon"> <small> &emsp; &emsp;--- 05 May 00:31:21 949 - Element is displayed:: [[ChromeDriver: chrome on WINDOWS (2cf28825ea7a8a419a5b05b8e5d35d84)] -> xpath: //a[contains(text(),'Back to Courses')]]</small> </font> </div>
<div class="test-event"> <font color="maroon"> <small> &emsp; &emsp;--- 05 May 00:31:28 986 - Catched spinner load exception due to javascript error: {"status":32,"value":"An invalid or illegal selector was specified"}
  (Session info: chrome=124.0.6367.92)
Build info: version: '4.6.0', revision: '79f1c02ae20'
System info: os.name: 'Windows 10', os.arch: 'amd64', os.version: '10.0', java.version: '17.0.7'
Driver info: org.openqa.selenium.chrome.ChromeDriver
Command: [2cf28825ea7a8a419a5b05b8e5d35d84, findElement {using=css selector, value=div[class='slds-spinner slds-spinner_brand slds-spinner_small']>div:nth-child(2)r}]
Capabilities {acceptInsecureCerts: false, browserName: chrome, browserVersion: 124.0.6367.92, chrome: {chromedriverVersion: 124.0.6367.91 (51df0e5e17a8..., userDataDir: C:\Users\PRATHA~1.KUM\AppDa...}, fedcm:accounts: true, goog:chromeOptions: {debuggerAddress: localhost:49451}, networkConnectionEnabled: false, pageLoadStrategy: normal, platformName: WINDOWS, proxy: Proxy(), se:cdp: ws://localhost:49451/devtoo..., se:cdpVersion: 124.0.6367.92, setWindowRect: true, strictFileInteractability: false, timeouts: {implicit: 0, pageLoad: 300000, script: 30000}, unhandledPromptBehavior: dismiss and notify, webauthn:extension:credBlob: true, webauthn:extension:largeBlob: true, webauthn:extension:minPinLength: true, webauthn:extension:prf: true, webauthn:virtualAuthenticators: true}
Session ID: 2cf28825ea7a8a419a5b05b8e5d35d84</small> </font> </div>
<div class="test-event"> <font color="maroon"> <small> &emsp; &emsp;--- 05 May 00:31:28 986 - <b>0</b> - Spinner Load Wait: (Sync) - ICar.support.WaitUtils.waitForSpinner(WaitUtils.java:225)</small> </font> </div>
<div class="test-message">&emsp;Back To Courses is displayed in the page </div>
<div class="test-message">&emsp;Successfully verified Back To Course Link&emsp;<a href=".\ScreenShot\URL_TC001_2723026602982500.png" target="_blank" >[ScreenShot]</a></div>
<div class="test-event"> <font color="maroon"> <small> &emsp; &emsp;--- 05 May 00:31:29 220 - Catched spinner load exception due to javascript error: {"status":32,"value":"An invalid or illegal selector was specified"}
  (Session info: chrome=124.0.6367.92)
Build info: version: '4.6.0', revision: '79f1c02ae20'
System info: os.name: 'Windows 10', os.arch: 'amd64', os.version: '10.0', java.version: '17.0.7'
Driver info: org.openqa.selenium.chrome.ChromeDriver
Command: [2cf28825ea7a8a419a5b05b8e5d35d84, findElement {using=css selector, value=div[class='slds-spinner slds-spinner_brand slds-spinner_small']>div:nth-child(2)r}]
Capabilities {acceptInsecureCerts: false, browserName: chrome, browserVersion: 124.0.6367.92, chrome: {chromedriverVersion: 124.0.6367.91 (51df0e5e17a8..., userDataDir: C:\Users\PRATHA~1.KUM\AppDa...}, fedcm:accounts: true, goog:chromeOptions: {debuggerAddress: localhost:49451}, networkConnectionEnabled: false, pageLoadStrategy: normal, platformName: WINDOWS, proxy: Proxy(), se:cdp: ws://localhost:49451/devtoo..., se:cdpVersion: 124.0.6367.92, setWindowRect: true, strictFileInteractability: false, timeouts: {implicit: 0, pageLoad: 300000, script: 30000}, unhandledPromptBehavior: dismiss and notify, webauthn:extension:credBlob: true, webauthn:extension:largeBlob: true, webauthn:extension:minPinLength: true, webauthn:extension:prf: true, webauthn:virtualAuthenticators: true}
Session ID: 2cf28825ea7a8a419a5b05b8e5d35d84</small> </font> </div>
<div class="test-event"> <font color="maroon"> <small> &emsp; &emsp;--- 05 May 00:31:29 220 - <b>0</b> - Spinner Load Wait: (Sync) - ICar.support.WaitUtils.waitForSpinner(WaitUtils.java:225)</small> </font> </div>
<div class="test-event"> <font color="maroon"> <small> &emsp; &emsp;--- 05 May 00:31:29 280 - Page URL:: https://www.i-car.com/product/ford-adas-repair-calibration</small> </font> </div>
<div class="test-event"> <font color="maroon"> <small> &emsp; &emsp;--- 05 May 00:31:29 280 - <b>0</b> - Page Load Wait: (Sync) - ICar.support.Utils.waitForPageLoad(Utils.java:109)</small> </font> </div>
<div class="test-event"> <font color="maroon"> <small> &emsp; &emsp;--- 05 May 00:31:39 322 - Element is displayed:: [[ChromeDriver: chrome on WINDOWS (2cf28825ea7a8a419a5b05b8e5d35d84)] -> xpath: //div[@class='productDetails slds-p-bottom_large']//div[contains(@class,'slds-p-bottom_medium')]]</small> </font> </div>
<div class="test-message">&emsp;Course Name : FordADASRepairCalibration is displayed in the URL page</div>
<div class="test-message">&emsp;Successfully verified the course name for relevant link&emsp;<a href=".\ScreenShot\URL_TC001_2723044957885400.png" target="_blank" >[ScreenShot]</a></div>
<div class="test-message">&emsp;
</div>
<div class="test-message">&emsp;157. URL is : https://www.i-car.com/product/group-14</div>
<div class="test-event"> <font color="maroon"> <small> &emsp; &emsp;--- 05 May 00:31:48 733 - Page URL:: https://www.i-car.com/product/group-14</small> </font> </div>
<div class="test-event"> <font color="maroon"> <small> &emsp; &emsp;--- 05 May 00:31:48 734 - <b>0</b> - Page Load Wait: (Sync) - ICar.support.Utils.waitForPageLoad(Utils.java:109)</small> </font> </div>
<div class="test-message">&emsp;Successfully navigated to the :  https://www.i-car.com/product/group-14   Page&emsp;<a href=".\ScreenShot\URL_TC001_2723046339902700.png" target="_blank" >[ScreenShot]</a></div>
<div class="test-event"> <font color="maroon"> <small> &emsp; &emsp;--- 05 May 00:31:49 012 - Page URL:: https://www.i-car.com/product/group-14</small> </font> </div>
<div class="test-event"> <font color="maroon"> <small> &emsp; &emsp;--- 05 May 00:31:49 012 - <b>0</b> - Page Load Wait: (Sync) - ICar.support.Utils.waitForPageLoad(Utils.java:109)</small> </font> </div>
<div class="test-event"> <font color="maroon"> <small> &emsp; &emsp;--- 05 May 00:31:49 020 - Catched spinner load exception due to javascript error: {"status":32,"value":"An invalid or illegal selector was specified"}
  (Session info: chrome=124.0.6367.92)
Build info: version: '4.6.0', revision: '79f1c02ae20'
System info: os.name: 'Windows 10', os.arch: 'amd64', os.version: '10.0', java.version: '17.0.7'
Driver info: org.openqa.selenium.chrome.ChromeDriver
Command: [2cf28825ea7a8a419a5b05b8e5d35d84, findElement {using=css selector, value=div[class='slds-spinner slds-spinner_brand slds-spinner_small']>div:nth-child(2)r}]
Capabilities {acceptInsecureCerts: false, browserName: chrome, browserVersion: 124.0.6367.92, chrome: {chromedriverVersion: 124.0.6367.91 (51df0e5e17a8..., userDataDir: C:\Users\PRATHA~1.KUM\AppDa...}, fedcm:accounts: true, goog:chromeOptions: {debuggerAddress: localhost:49451}, networkConnectionEnabled: false, pageLoadStrategy: normal, platformName: WINDOWS, proxy: Proxy(), se:cdp: ws://localhost:49451/devtoo..., se:cdpVersion: 124.0.6367.92, setWindowRect: true, strictFileInteractability: false, timeouts: {implicit: 0, pageLoad: 300000, script: 30000}, unhandledPromptBehavior: dismiss and notify, webauthn:extension:credBlob: true, webauthn:extension:largeBlob: true, webauthn:extension:minPinLength: true, webauthn:extension:prf: true, webauthn:virtualAuthenticators: true}
Session ID: 2cf28825ea7a8a419a5b05b8e5d35d84</small> </font> </div>
<div class="test-event"> <font color="maroon"> <small> &emsp; &emsp;--- 05 May 00:31:49 021 - <b>0</b> - Spinner Load Wait: (Sync) - ICar.support.WaitUtils.waitForSpinner(WaitUtils.java:225)</small> </font> </div>
<div class="test-event"> <font color="maroon"> <small> &emsp; &emsp;--- 05 May 00:31:59 137 - Page URL:: https://www.i-car.com/product/group-14</small> </font> </div>
<div class="test-event"> <font color="maroon"> <small> &emsp; &emsp;--- 05 May 00:31:59 137 - <b>0</b> - Page Load Wait: (Sync) - ICar.support.Utils.waitForPageLoad(Utils.java:109)</small> </font> </div>
<div class="test-event"> <font color="maroon"> <small> &emsp; &emsp;--- 05 May 00:31:59 155 - Element is displayed:: [[ChromeDriver: chrome on WINDOWS (2cf28825ea7a8a419a5b05b8e5d35d84)] -> xpath: //a[contains(text(),'Back to Courses')]]</small> </font> </div>
<div class="test-event"> <font color="maroon"> <small> &emsp; &emsp;--- 05 May 00:32:06 195 - Catched spinner load exception due to javascript error: {"status":32,"value":"An invalid or illegal selector was specified"}
  (Session info: chrome=124.0.6367.92)
Build info: version: '4.6.0', revision: '79f1c02ae20'
System info: os.name: 'Windows 10', os.arch: 'amd64', os.version: '10.0', java.version: '17.0.7'
Driver info: org.openqa.selenium.chrome.ChromeDriver
Command: [2cf28825ea7a8a419a5b05b8e5d35d84, findElement {using=css selector, value=div[class='slds-spinner slds-spinner_brand slds-spinner_small']>div:nth-child(2)r}]
Capabilities {acceptInsecureCerts: false, browserName: chrome, browserVersion: 124.0.6367.92, chrome: {chromedriverVersion: 124.0.6367.91 (51df0e5e17a8..., userDataDir: C:\Users\PRATHA~1.KUM\AppDa...}, fedcm:accounts: true, goog:chromeOptions: {debuggerAddress: localhost:49451}, networkConnectionEnabled: false, pageLoadStrategy: normal, platformName: WINDOWS, proxy: Proxy(), se:cdp: ws://localhost:49451/devtoo..., se:cdpVersion: 124.0.6367.92, setWindowRect: true, strictFileInteractability: false, timeouts: {implicit: 0, pageLoad: 300000, script: 30000}, unhandledPromptBehavior: dismiss and notify, webauthn:extension:credBlob: true, webauthn:extension:largeBlob: true, webauthn:extension:minPinLength: true, webauthn:extension:prf: true, webauthn:virtualAuthenticators: true}
Session ID: 2cf28825ea7a8a419a5b05b8e5d35d84</small> </font> </div>
<div class="test-event"> <font color="maroon"> <small> &emsp; &emsp;--- 05 May 00:32:06 195 - <b>0</b> - Spinner Load Wait: (Sync) - ICar.support.WaitUtils.waitForSpinner(WaitUtils.java:225)</small> </font> </div>
<div class="test-message">&emsp;Back To Courses is displayed in the page </div>
<div class="test-message">&emsp;Successfully verified Back To Course Link&emsp;<a href=".\ScreenShot\URL_TC001_2723063815390700.png" target="_blank" >[ScreenShot]</a></div>
<div class="test-event"> <font color="maroon"> <small> &emsp; &emsp;--- 05 May 00:32:06 443 - Catched spinner load exception due to javascript error: {"status":32,"value":"An invalid or illegal selector was specified"}
  (Session info: chrome=124.0.6367.92)
Build info: version: '4.6.0', revision: '79f1c02ae20'
System info: os.name: 'Windows 10', os.arch: 'amd64', os.version: '10.0', java.version: '17.0.7'
Driver info: org.openqa.selenium.chrome.ChromeDriver
Command: [2cf28825ea7a8a419a5b05b8e5d35d84, findElement {using=css selector, value=div[class='slds-spinner slds-spinner_brand slds-spinner_small']>div:nth-child(2)r}]
Capabilities {acceptInsecureCerts: false, browserName: chrome, browserVersion: 124.0.6367.92, chrome: {chromedriverVersion: 124.0.6367.91 (51df0e5e17a8..., userDataDir: C:\Users\PRATHA~1.KUM\AppDa...}, fedcm:accounts: true, goog:chromeOptions: {debuggerAddress: localhost:49451}, networkConnectionEnabled: false, pageLoadStrategy: normal, platformName: WINDOWS, proxy: Proxy(), se:cdp: ws://localhost:49451/devtoo..., se:cdpVersion: 124.0.6367.92, setWindowRect: true, strictFileInteractability: false, timeouts: {implicit: 0, pageLoad: 300000, script: 30000}, unhandledPromptBehavior: dismiss and notify, webauthn:extension:credBlob: true, webauthn:extension:largeBlob: true, webauthn:extension:minPinLength: true, webauthn:extension:prf: true, webauthn:virtualAuthenticators: true}
Session ID: 2cf28825ea7a8a419a5b05b8e5d35d84</small> </font> </div>
<div class="test-event"> <font color="maroon"> <small> &emsp; &emsp;--- 05 May 00:32:06 443 - <b>0</b> - Spinner Load Wait: (Sync) - ICar.support.WaitUtils.waitForSpinner(WaitUtils.java:225)</small> </font> </div>
<div class="test-event"> <font color="maroon"> <small> &emsp; &emsp;--- 05 May 00:32:06 531 - Page URL:: https://www.i-car.com/product/group-14</small> </font> </div>
<div class="test-event"> <font color="maroon"> <small> &emsp; &emsp;--- 05 May 00:32:06 531 - <b>0</b> - Page Load Wait: (Sync) - ICar.support.Utils.waitForPageLoad(Utils.java:109)</small> </font> </div>
<div class="test-event"> <font color="maroon"> <small> &emsp; &emsp;--- 05 May 00:32:16 576 - Element is displayed:: [[ChromeDriver: chrome on WINDOWS (2cf28825ea7a8a419a5b05b8e5d35d84)] -> xpath: //div[@class='productDetails slds-p-bottom_large']//div[contains(@class,'slds-p-bottom_medium')]]</small> </font> </div>
<div class="test-message">&emsp;Course Name : Group14 is displayed in the URL page</div>
<div class="test-message">&emsp;Successfully verified the course name for relevant link&emsp;<a href=".\ScreenShot\URL_TC001_2723082204158400.png" target="_blank" >[ScreenShot]</a></div>
<div class="test-message">&emsp;
</div>
<div class="test-message">&emsp;158. URL is : https://www.i-car.com/product/recertification-steel-gma-welding</div>
<div class="test-event"> <font color="maroon"> <small> &emsp; &emsp;--- 05 May 00:32:25 943 - Page URL:: https://www.i-car.com/product/recertification-steel-gma-welding</small> </font> </div>
<div class="test-event"> <font color="maroon"> <small> &emsp; &emsp;--- 05 May 00:32:25 943 - <b>0</b> - Page Load Wait: (Sync) - ICar.support.Utils.waitForPageLoad(Utils.java:109)</small> </font> </div>
<div class="test-message">&emsp;Successfully navigated to the :  https://www.i-car.com/product/recertification-steel-gma-welding   Page&emsp;<a href=".\ScreenShot\URL_TC001_2723083549841200.png" target="_blank" >[ScreenShot]</a></div>
<div class="test-event"> <font color="maroon"> <small> &emsp; &emsp;--- 05 May 00:32:26 194 - Page URL:: https://www.i-car.com/product/recertification-steel-gma-welding</small> </font> </div>
<div class="test-event"> <font color="maroon"> <small> &emsp; &emsp;--- 05 May 00:32:26 194 - <b>0</b> - Page Load Wait: (Sync) - ICar.support.Utils.waitForPageLoad(Utils.java:109)</small> </font> </div>
<div class="test-event"> <font color="maroon"> <small> &emsp; &emsp;--- 05 May 00:32:26 203 - Catched spinner load exception due to javascript error: {"status":32,"value":"An invalid or illegal selector was specified"}
  (Session info: chrome=124.0.6367.92)
Build info: version: '4.6.0', revision: '79f1c02ae20'
System info: os.name: 'Windows 10', os.arch: 'amd64', os.version: '10.0', java.version: '17.0.7'
Driver info: org.openqa.selenium.chrome.ChromeDriver
Command: [2cf28825ea7a8a419a5b05b8e5d35d84, findElement {using=css selector, value=div[class='slds-spinner slds-spinner_brand slds-spinner_small']>div:nth-child(2)r}]
Capabilities {acceptInsecureCerts: false, browserName: chrome, browserVersion: 124.0.6367.92, chrome: {chromedriverVersion: 124.0.6367.91 (51df0e5e17a8..., userDataDir: C:\Users\PRATHA~1.KUM\AppDa...}, fedcm:accounts: true, goog:chromeOptions: {debuggerAddress: localhost:49451}, networkConnectionEnabled: false, pageLoadStrategy: normal, platformName: WINDOWS, proxy: Proxy(), se:cdp: ws://localhost:49451/devtoo..., se:cdpVersion: 124.0.6367.92, setWindowRect: true, strictFileInteractability: false, timeouts: {implicit: 0, pageLoad: 300000, script: 30000}, unhandledPromptBehavior: dismiss and notify, webauthn:extension:credBlob: true, webauthn:extension:largeBlob: true, webauthn:extension:minPinLength: true, webauthn:extension:prf: true, webauthn:virtualAuthenticators: true}
Session ID: 2cf28825ea7a8a419a5b05b8e5d35d84</small> </font> </div>
<div class="test-event"> <font color="maroon"> <small> &emsp; &emsp;--- 05 May 00:32:26 203 - <b>0</b> - Spinner Load Wait: (Sync) - ICar.support.WaitUtils.waitForSpinner(WaitUtils.java:225)</small> </font> </div>
<div class="test-event"> <font color="maroon"> <small> &emsp; &emsp;--- 05 May 00:32:36 306 - Page URL:: https://www.i-car.com/product/recertification-steel-gma-welding</small> </font> </div>
<div class="test-event"> <font color="maroon"> <small> &emsp; &emsp;--- 05 May 00:32:36 306 - <b>0</b> - Page Load Wait: (Sync) - ICar.support.Utils.waitForPageLoad(Utils.java:109)</small> </font> </div>
<div class="test-event"> <font color="maroon"> <small> &emsp; &emsp;--- 05 May 00:32:36 324 - Element is displayed:: [[ChromeDriver: chrome on WINDOWS (2cf28825ea7a8a419a5b05b8e5d35d84)] -> xpath: //a[contains(text(),'Back to Courses')]]</small> </font> </div>
<div class="test-event"> <font color="maroon"> <small> &emsp; &emsp;--- 05 May 00:32:43 365 - Catched spinner load exception due to javascript error: {"status":32,"value":"An invalid or illegal selector was specified"}
  (Session info: chrome=124.0.6367.92)
Build info: version: '4.6.0', revision: '79f1c02ae20'
System info: os.name: 'Windows 10', os.arch: 'amd64', os.version: '10.0', java.version: '17.0.7'
Driver info: org.openqa.selenium.chrome.ChromeDriver
Command: [2cf28825ea7a8a419a5b05b8e5d35d84, findElement {using=css selector, value=div[class='slds-spinner slds-spinner_brand slds-spinner_small']>div:nth-child(2)r}]
Capabilities {acceptInsecureCerts: false, browserName: chrome, browserVersion: 124.0.6367.92, chrome: {chromedriverVersion: 124.0.6367.91 (51df0e5e17a8..., userDataDir: C:\Users\PRATHA~1.KUM\AppDa...}, fedcm:accounts: true, goog:chromeOptions: {debuggerAddress: localhost:49451}, networkConnectionEnabled: false, pageLoadStrategy: normal, platformName: WINDOWS, proxy: Proxy(), se:cdp: ws://localhost:49451/devtoo..., se:cdpVersion: 124.0.6367.92, setWindowRect: true, strictFileInteractability: false, timeouts: {implicit: 0, pageLoad: 300000, script: 30000}, unhandledPromptBehavior: dismiss and notify, webauthn:extension:credBlob: true, webauthn:extension:largeBlob: true, webauthn:extension:minPinLength: true, webauthn:extension:prf: true, webauthn:virtualAuthenticators: true}
Session ID: 2cf28825ea7a8a419a5b05b8e5d35d84</small> </font> </div>
<div class="test-event"> <font color="maroon"> <small> &emsp; &emsp;--- 05 May 00:32:43 365 - <b>0</b> - Spinner Load Wait: (Sync) - ICar.support.WaitUtils.waitForSpinner(WaitUtils.java:225)</small> </font> </div>
<div class="test-message">&emsp;Back To Courses is displayed in the page </div>
<div class="test-message">&emsp;Successfully verified Back To Course Link&emsp;<a href=".\ScreenShot\URL_TC001_2723100997104100.png" target="_blank" >[ScreenShot]</a></div>
<div class="test-event"> <font color="maroon"> <small> &emsp; &emsp;--- 05 May 00:32:43 640 - Catched spinner load exception due to javascript error: {"status":32,"value":"An invalid or illegal selector was specified"}
  (Session info: chrome=124.0.6367.92)
Build info: version: '4.6.0', revision: '79f1c02ae20'
System info: os.name: 'Windows 10', os.arch: 'amd64', os.version: '10.0', java.version: '17.0.7'
Driver info: org.openqa.selenium.chrome.ChromeDriver
Command: [2cf28825ea7a8a419a5b05b8e5d35d84, findElement {using=css selector, value=div[class='slds-spinner slds-spinner_brand slds-spinner_small']>div:nth-child(2)r}]
Capabilities {acceptInsecureCerts: false, browserName: chrome, browserVersion: 124.0.6367.92, chrome: {chromedriverVersion: 124.0.6367.91 (51df0e5e17a8..., userDataDir: C:\Users\PRATHA~1.KUM\AppDa...}, fedcm:accounts: true, goog:chromeOptions: {debuggerAddress: localhost:49451}, networkConnectionEnabled: false, pageLoadStrategy: normal, platformName: WINDOWS, proxy: Proxy(), se:cdp: ws://localhost:49451/devtoo..., se:cdpVersion: 124.0.6367.92, setWindowRect: true, strictFileInteractability: false, timeouts: {implicit: 0, pageLoad: 300000, script: 30000}, unhandledPromptBehavior: dismiss and notify, webauthn:extension:credBlob: true, webauthn:extension:largeBlob: true, webauthn:extension:minPinLength: true, webauthn:extension:prf: true, webauthn:virtualAuthenticators: true}
Session ID: 2cf28825ea7a8a419a5b05b8e5d35d84</small> </font> </div>
<div class="test-event"> <font color="maroon"> <small> &emsp; &emsp;--- 05 May 00:32:43 640 - <b>0</b> - Spinner Load Wait: (Sync) - ICar.support.WaitUtils.waitForSpinner(WaitUtils.java:225)</small> </font> </div>
<div class="test-event"> <font color="maroon"> <small> &emsp; &emsp;--- 05 May 00:32:43 703 - Page URL:: https://www.i-car.com/product/recertification-steel-gma-welding</small> </font> </div>
<div class="test-event"> <font color="maroon"> <small> &emsp; &emsp;--- 05 May 00:32:43 703 - <b>0</b> - Page Load Wait: (Sync) - ICar.support.Utils.waitForPageLoad(Utils.java:109)</small> </font> </div>
<div class="test-event"> <font color="maroon"> <small> &emsp; &emsp;--- 05 May 00:32:53 756 - Element is displayed:: [[ChromeDriver: chrome on WINDOWS (2cf28825ea7a8a419a5b05b8e5d35d84)] -> xpath: //div[@class='productDetails slds-p-bottom_large']//div[contains(@class,'slds-p-bottom_medium')]]</small> </font> </div>
<div class="test-message">&emsp;Course Name : RecertificationSteelGMAWelding is displayed in the URL page</div>
<div class="test-message">&emsp;Successfully verified the course name for relevant link&emsp;<a href=".\ScreenShot\URL_TC001_2723119382035000.png" target="_blank" >[ScreenShot]</a></div>
<div class="test-message">&emsp;
</div>
<div class="test-message">&emsp;159. URL is : https://www.i-car.com/product/analyzing-flood-damage</div>
<div class="test-event"> <font color="maroon"> <small> &emsp; &emsp;--- 05 May 00:33:02 941 - Page URL:: https://www.i-car.com/product/analyzing-flood-damage</small> </font> </div>
<div class="test-event"> <font color="maroon"> <small> &emsp; &emsp;--- 05 May 00:33:02 941 - <b>0</b> - Page Load Wait: (Sync) - ICar.support.Utils.waitForPageLoad(Utils.java:109)</small> </font> </div>
<div class="test-message">&emsp;Successfully navigated to the :  https://www.i-car.com/product/analyzing-flood-damage   Page&emsp;<a href=".\ScreenShot\URL_TC001_2723120547727400.png" target="_blank" >[ScreenShot]</a></div>
<div class="test-event"> <font color="maroon"> <small> &emsp; &emsp;--- 05 May 00:33:03 228 - Page URL:: https://www.i-car.com/product/analyzing-flood-damage</small> </font> </div>
<div class="test-event"> <font color="maroon"> <small> &emsp; &emsp;--- 05 May 00:33:03 228 - <b>0</b> - Page Load Wait: (Sync) - ICar.support.Utils.waitForPageLoad(Utils.java:109)</small> </font> </div>
<div class="test-event"> <font color="maroon"> <small> &emsp; &emsp;--- 05 May 00:33:03 237 - Catched spinner load exception due to javascript error: {"status":32,"value":"An invalid or illegal selector was specified"}
  (Session info: chrome=124.0.6367.92)
Build info: version: '4.6.0', revision: '79f1c02ae20'
System info: os.name: 'Windows 10', os.arch: 'amd64', os.version: '10.0', java.version: '17.0.7'
Driver info: org.openqa.selenium.chrome.ChromeDriver
Command: [2cf28825ea7a8a419a5b05b8e5d35d84, findElement {using=css selector, value=div[class='slds-spinner slds-spinner_brand slds-spinner_small']>div:nth-child(2)r}]
Capabilities {acceptInsecureCerts: false, browserName: chrome, browserVersion: 124.0.6367.92, chrome: {chromedriverVersion: 124.0.6367.91 (51df0e5e17a8..., userDataDir: C:\Users\PRATHA~1.KUM\AppDa...}, fedcm:accounts: true, goog:chromeOptions: {debuggerAddress: localhost:49451}, networkConnectionEnabled: false, pageLoadStrategy: normal, platformName: WINDOWS, proxy: Proxy(), se:cdp: ws://localhost:49451/devtoo..., se:cdpVersion: 124.0.6367.92, setWindowRect: true, strictFileInteractability: false, timeouts: {implicit: 0, pageLoad: 300000, script: 30000}, unhandledPromptBehavior: dismiss and notify, webauthn:extension:credBlob: true, webauthn:extension:largeBlob: true, webauthn:extension:minPinLength: true, webauthn:extension:prf: true, webauthn:virtualAuthenticators: true}
Session ID: 2cf28825ea7a8a419a5b05b8e5d35d84</small> </font> </div>
<div class="test-event"> <font color="maroon"> <small> &emsp; &emsp;--- 05 May 00:33:03 237 - <b>0</b> - Spinner Load Wait: (Sync) - ICar.support.WaitUtils.waitForSpinner(WaitUtils.java:225)</small> </font> </div>
<div class="test-event"> <font color="maroon"> <small> &emsp; &emsp;--- 05 May 00:33:13 324 - Page URL:: https://www.i-car.com/product/analyzing-flood-damage</small> </font> </div>
<div class="test-event"> <font color="maroon"> <small> &emsp; &emsp;--- 05 May 00:33:13 324 - <b>0</b> - Page Load Wait: (Sync) - ICar.support.Utils.waitForPageLoad(Utils.java:109)</small> </font> </div>
<div class="test-event"> <font color="maroon"> <small> &emsp; &emsp;--- 05 May 00:33:13 342 - Element is displayed:: [[ChromeDriver: chrome on WINDOWS (2cf28825ea7a8a419a5b05b8e5d35d84)] -> xpath: //a[contains(text(),'Back to Courses')]]</small> </font> </div>
<div class="test-event"> <font color="maroon"> <small> &emsp; &emsp;--- 05 May 00:33:20 383 - Catched spinner load exception due to javascript error: {"status":32,"value":"An invalid or illegal selector was specified"}
  (Session info: chrome=124.0.6367.92)
Build info: version: '4.6.0', revision: '79f1c02ae20'
System info: os.name: 'Windows 10', os.arch: 'amd64', os.version: '10.0', java.version: '17.0.7'
Driver info: org.openqa.selenium.chrome.ChromeDriver
Command: [2cf28825ea7a8a419a5b05b8e5d35d84, findElement {using=css selector, value=div[class='slds-spinner slds-spinner_brand slds-spinner_small']>div:nth-child(2)r}]
Capabilities {acceptInsecureCerts: false, browserName: chrome, browserVersion: 124.0.6367.92, chrome: {chromedriverVersion: 124.0.6367.91 (51df0e5e17a8..., userDataDir: C:\Users\PRATHA~1.KUM\AppDa...}, fedcm:accounts: true, goog:chromeOptions: {debuggerAddress: localhost:49451}, networkConnectionEnabled: false, pageLoadStrategy: normal, platformName: WINDOWS, proxy: Proxy(), se:cdp: ws://localhost:49451/devtoo..., se:cdpVersion: 124.0.6367.92, setWindowRect: true, strictFileInteractability: false, timeouts: {implicit: 0, pageLoad: 300000, script: 30000}, unhandledPromptBehavior: dismiss and notify, webauthn:extension:credBlob: true, webauthn:extension:largeBlob: true, webauthn:extension:minPinLength: true, webauthn:extension:prf: true, webauthn:virtualAuthenticators: true}
Session ID: 2cf28825ea7a8a419a5b05b8e5d35d84</small> </font> </div>
<div class="test-event"> <font color="maroon"> <small> &emsp; &emsp;--- 05 May 00:33:20 383 - <b>0</b> - Spinner Load Wait: (Sync) - ICar.support.WaitUtils.waitForSpinner(WaitUtils.java:225)</small> </font> </div>
<div class="test-message">&emsp;Back To Courses is displayed in the page </div>
<div class="test-message">&emsp;Successfully verified Back To Course Link&emsp;<a href=".\ScreenShot\URL_TC001_2723138001510000.png" target="_blank" >[ScreenShot]</a></div>
<div class="test-event"> <font color="maroon"> <small> &emsp; &emsp;--- 05 May 00:33:20 753 - Catched spinner load exception due to javascript error: {"status":32,"value":"An invalid or illegal selector was specified"}
  (Session info: chrome=124.0.6367.92)
Build info: version: '4.6.0', revision: '79f1c02ae20'
System info: os.name: 'Windows 10', os.arch: 'amd64', os.version: '10.0', java.version: '17.0.7'
Driver info: org.openqa.selenium.chrome.ChromeDriver
Command: [2cf28825ea7a8a419a5b05b8e5d35d84, findElement {using=css selector, value=div[class='slds-spinner slds-spinner_brand slds-spinner_small']>div:nth-child(2)r}]
Capabilities {acceptInsecureCerts: false, browserName: chrome, browserVersion: 124.0.6367.92, chrome: {chromedriverVersion: 124.0.6367.91 (51df0e5e17a8..., userDataDir: C:\Users\PRATHA~1.KUM\AppDa...}, fedcm:accounts: true, goog:chromeOptions: {debuggerAddress: localhost:49451}, networkConnectionEnabled: false, pageLoadStrategy: normal, platformName: WINDOWS, proxy: Proxy(), se:cdp: ws://localhost:49451/devtoo..., se:cdpVersion: 124.0.6367.92, setWindowRect: true, strictFileInteractability: false, timeouts: {implicit: 0, pageLoad: 300000, script: 30000}, unhandledPromptBehavior: dismiss and notify, webauthn:extension:credBlob: true, webauthn:extension:largeBlob: true, webauthn:extension:minPinLength: true, webauthn:extension:prf: true, webauthn:virtualAuthenticators: true}
Session ID: 2cf28825ea7a8a419a5b05b8e5d35d84</small> </font> </div>
<div class="test-event"> <font color="maroon"> <small> &emsp; &emsp;--- 05 May 00:33:20 753 - <b>0</b> - Spinner Load Wait: (Sync) - ICar.support.WaitUtils.waitForSpinner(WaitUtils.java:225)</small> </font> </div>
<div class="test-event"> <font color="maroon"> <small> &emsp; &emsp;--- 05 May 00:33:20 856 - Page URL:: https://www.i-car.com/product/analyzing-flood-damage</small> </font> </div>
<div class="test-event"> <font color="maroon"> <small> &emsp; &emsp;--- 05 May 00:33:20 857 - <b>0</b> - Page Load Wait: (Sync) - ICar.support.Utils.waitForPageLoad(Utils.java:109)</small> </font> </div>
<div class="test-event"> <font color="maroon"> <small> &emsp; &emsp;--- 05 May 00:33:30 913 - Element is displayed:: [[ChromeDriver: chrome on WINDOWS (2cf28825ea7a8a419a5b05b8e5d35d84)] -> xpath: //div[@class='productDetails slds-p-bottom_large']//div[contains(@class,'slds-p-bottom_medium')]]</small> </font> </div>
<div class="test-message">&emsp;Course Name : AnalyzingFloodDamage is displayed in the URL page</div>
<div class="test-message">&emsp;Successfully verified the course name for relevant link&emsp;<a href=".\ScreenShot\URL_TC001_2723156545103300.png" target="_blank" >[ScreenShot]</a></div>
<div class="test-message">&emsp;
</div>
<div class="test-message">&emsp;160. URL is : https://www.i-car.com/product/ford-2021-mache-and-new-model-training-overview</div>
<div class="test-event"> <font color="maroon"> <small> &emsp; &emsp;--- 05 May 00:33:42 675 - Page URL:: https://www.i-car.com/product/ford-2021-mache-and-new-model-training-overview</small> </font> </div>
<div class="test-event"> <font color="maroon"> <small> &emsp; &emsp;--- 05 May 00:33:42 675 - <b>0</b> - Page Load Wait: (Sync) - ICar.support.Utils.waitForPageLoad(Utils.java:109)</small> </font> </div>
<div class="test-message">&emsp;Successfully navigated to the :  https://www.i-car.com/product/ford-2021-mache-and-new-model-training-overview   Page&emsp;<a href=".\ScreenShot\URL_TC001_2723160281736700.png" target="_blank" >[ScreenShot]</a></div>
<div class="test-event"> <font color="maroon"> <small> &emsp; &emsp;--- 05 May 00:33:43 003 - Page URL:: https://www.i-car.com/product/ford-2021-mache-and-new-model-training-overview</small> </font> </div>
<div class="test-event"> <font color="maroon"> <small> &emsp; &emsp;--- 05 May 00:33:43 003 - <b>0</b> - Page Load Wait: (Sync) - ICar.support.Utils.waitForPageLoad(Utils.java:109)</small> </font> </div>
<div class="test-event"> <font color="maroon"> <small> &emsp; &emsp;--- 05 May 00:33:43 011 - Catched spinner load exception due to javascript error: {"status":32,"value":"An invalid or illegal selector was specified"}
  (Session info: chrome=124.0.6367.92)
Build info: version: '4.6.0', revision: '79f1c02ae20'
System info: os.name: 'Windows 10', os.arch: 'amd64', os.version: '10.0', java.version: '17.0.7'
Driver info: org.openqa.selenium.chrome.ChromeDriver
Command: [2cf28825ea7a8a419a5b05b8e5d35d84, findElement {using=css selector, value=div[class='slds-spinner slds-spinner_brand slds-spinner_small']>div:nth-child(2)r}]
Capabilities {acceptInsecureCerts: false, browserName: chrome, browserVersion: 124.0.6367.92, chrome: {chromedriverVersion: 124.0.6367.91 (51df0e5e17a8..., userDataDir: C:\Users\PRATHA~1.KUM\AppDa...}, fedcm:accounts: true, goog:chromeOptions: {debuggerAddress: localhost:49451}, networkConnectionEnabled: false, pageLoadStrategy: normal, platformName: WINDOWS, proxy: Proxy(), se:cdp: ws://localhost:49451/devtoo..., se:cdpVersion: 124.0.6367.92, setWindowRect: true, strictFileInteractability: false, timeouts: {implicit: 0, pageLoad: 300000, script: 30000}, unhandledPromptBehavior: dismiss and notify, webauthn:extension:credBlob: true, webauthn:extension:largeBlob: true, webauthn:extension:minPinLength: true, webauthn:extension:prf: true, webauthn:virtualAuthenticators: true}
Session ID: 2cf28825ea7a8a419a5b05b8e5d35d84</small> </font> </div>
<div class="test-event"> <font color="maroon"> <small> &emsp; &emsp;--- 05 May 00:33:43 011 - <b>0</b> - Spinner Load Wait: (Sync) - ICar.support.WaitUtils.waitForSpinner(WaitUtils.java:225)</small> </font> </div>
<div class="test-event"> <font color="maroon"> <small> &emsp; &emsp;--- 05 May 00:33:53 084 - Page URL:: https://www.i-car.com/product/ford-2021-mache-and-new-model-training-overview</small> </font> </div>
<div class="test-event"> <font color="maroon"> <small> &emsp; &emsp;--- 05 May 00:33:53 084 - <b>0</b> - Page Load Wait: (Sync) - ICar.support.Utils.waitForPageLoad(Utils.java:109)</small> </font> </div>
<div class="test-event"> <font color="maroon"> <small> &emsp; &emsp;--- 05 May 00:33:53 102 - Element is displayed:: [[ChromeDriver: chrome on WINDOWS (2cf28825ea7a8a419a5b05b8e5d35d84)] -> xpath: //a[contains(text(),'Back to Courses')]]</small> </font> </div>
<div class="test-event"> <font color="maroon"> <small> &emsp; &emsp;--- 05 May 00:34:00 154 - Catched spinner load exception due to javascript error: {"status":32,"value":"An invalid or illegal selector was specified"}
  (Session info: chrome=124.0.6367.92)
Build info: version: '4.6.0', revision: '79f1c02ae20'
System info: os.name: 'Windows 10', os.arch: 'amd64', os.version: '10.0', java.version: '17.0.7'
Driver info: org.openqa.selenium.chrome.ChromeDriver
Command: [2cf28825ea7a8a419a5b05b8e5d35d84, findElement {using=css selector, value=div[class='slds-spinner slds-spinner_brand slds-spinner_small']>div:nth-child(2)r}]
Capabilities {acceptInsecureCerts: false, browserName: chrome, browserVersion: 124.0.6367.92, chrome: {chromedriverVersion: 124.0.6367.91 (51df0e5e17a8..., userDataDir: C:\Users\PRATHA~1.KUM\AppDa...}, fedcm:accounts: true, goog:chromeOptions: {debuggerAddress: localhost:49451}, networkConnectionEnabled: false, pageLoadStrategy: normal, platformName: WINDOWS, proxy: Proxy(), se:cdp: ws://localhost:49451/devtoo..., se:cdpVersion: 124.0.6367.92, setWindowRect: true, strictFileInteractability: false, timeouts: {implicit: 0, pageLoad: 300000, script: 30000}, unhandledPromptBehavior: dismiss and notify, webauthn:extension:credBlob: true, webauthn:extension:largeBlob: true, webauthn:extension:minPinLength: true, webauthn:extension:prf: true, webauthn:virtualAuthenticators: true}
Session ID: 2cf28825ea7a8a419a5b05b8e5d35d84</small> </font> </div>
<div class="test-event"> <font color="maroon"> <small> &emsp; &emsp;--- 05 May 00:34:00 154 - <b>0</b> - Spinner Load Wait: (Sync) - ICar.support.WaitUtils.waitForSpinner(WaitUtils.java:225)</small> </font> </div>
<div class="test-message">&emsp;Back To Courses is displayed in the page </div>
<div class="test-message">&emsp;Successfully verified Back To Course Link&emsp;<a href=".\ScreenShot\URL_TC001_2723177770207500.png" target="_blank" >[ScreenShot]</a></div>
<div class="test-event"> <font color="maroon"> <small> &emsp; &emsp;--- 05 May 00:34:00 453 - Catched spinner load exception due to javascript error: {"status":32,"value":"An invalid or illegal selector was specified"}
  (Session info: chrome=124.0.6367.92)
Build info: version: '4.6.0', revision: '79f1c02ae20'
System info: os.name: 'Windows 10', os.arch: 'amd64', os.version: '10.0', java.version: '17.0.7'
Driver info: org.openqa.selenium.chrome.ChromeDriver
Command: [2cf28825ea7a8a419a5b05b8e5d35d84, findElement {using=css selector, value=div[class='slds-spinner slds-spinner_brand slds-spinner_small']>div:nth-child(2)r}]
Capabilities {acceptInsecureCerts: false, browserName: chrome, browserVersion: 124.0.6367.92, chrome: {chromedriverVersion: 124.0.6367.91 (51df0e5e17a8..., userDataDir: C:\Users\PRATHA~1.KUM\AppDa...}, fedcm:accounts: true, goog:chromeOptions: {debuggerAddress: localhost:49451}, networkConnectionEnabled: false, pageLoadStrategy: normal, platformName: WINDOWS, proxy: Proxy(), se:cdp: ws://localhost:49451/devtoo..., se:cdpVersion: 124.0.6367.92, setWindowRect: true, strictFileInteractability: false, timeouts: {implicit: 0, pageLoad: 300000, script: 30000}, unhandledPromptBehavior: dismiss and notify, webauthn:extension:credBlob: true, webauthn:extension:largeBlob: true, webauthn:extension:minPinLength: true, webauthn:extension:prf: true, webauthn:virtualAuthenticators: true}
Session ID: 2cf28825ea7a8a419a5b05b8e5d35d84</small> </font> </div>
<div class="test-event"> <font color="maroon"> <small> &emsp; &emsp;--- 05 May 00:34:00 453 - <b>0</b> - Spinner Load Wait: (Sync) - ICar.support.WaitUtils.waitForSpinner(WaitUtils.java:225)</small> </font> </div>
<div class="test-event"> <font color="maroon"> <small> &emsp; &emsp;--- 05 May 00:34:00 512 - Page URL:: https://www.i-car.com/product/ford-2021-mache-and-new-model-training-overview</small> </font> </div>
<div class="test-event"> <font color="maroon"> <small> &emsp; &emsp;--- 05 May 00:34:00 512 - <b>0</b> - Page Load Wait: (Sync) - ICar.support.Utils.waitForPageLoad(Utils.java:109)</small> </font> </div>
<div class="test-event"> <font color="maroon"> <small> &emsp; &emsp;--- 05 May 00:34:10 565 - Element is displayed:: [[ChromeDriver: chrome on WINDOWS (2cf28825ea7a8a419a5b05b8e5d35d84)] -> xpath: //div[@class='productDetails slds-p-bottom_large']//div[contains(@class,'slds-p-bottom_medium')]]</small> </font> </div>
<div class="test-message">&emsp;Course Name : Ford2021MachEandNewModelTrainingOverview is displayed in the URL page</div>
<div class="test-message">&emsp;Successfully verified the course name for relevant link&emsp;<a href=".\ScreenShot\URL_TC001_2723196190933100.png" target="_blank" >[ScreenShot]</a></div>
<div class="test-message">&emsp;
</div>
<div class="test-message">&emsp;161. URL is : https://www.i-car.com/product/damage-analysis-of-lighting-and-vision-assist</div>
<div class="test-event"> <font color="maroon"> <small> &emsp; &emsp;--- 05 May 00:34:19 997 - Page URL:: https://www.i-car.com/product/damage-analysis-of-lighting-and-vision-assist</small> </font> </div>
<div class="test-event"> <font color="maroon"> <small> &emsp; &emsp;--- 05 May 00:34:19 997 - <b>0</b> - Page Load Wait: (Sync) - ICar.support.Utils.waitForPageLoad(Utils.java:109)</small> </font> </div>
<div class="test-message">&emsp;Successfully navigated to the :  https://www.i-car.com/product/damage-analysis-of-lighting-and-vision-assist   Page&emsp;<a href=".\ScreenShot\URL_TC001_2723197602320000.png" target="_blank" >[ScreenShot]</a></div>
<div class="test-event"> <font color="maroon"> <small> &emsp; &emsp;--- 05 May 00:34:20 447 - Page URL:: https://www.i-car.com/product/damage-analysis-of-lighting-and-vision-assist</small> </font> </div>
<div class="test-event"> <font color="maroon"> <small> &emsp; &emsp;--- 05 May 00:34:20 447 - <b>0</b> - Page Load Wait: (Sync) - ICar.support.Utils.waitForPageLoad(Utils.java:109)</small> </font> </div>
<div class="test-event"> <font color="maroon"> <small> &emsp; &emsp;--- 05 May 00:34:20 569 - Catched spinner load exception due to javascript error: {"status":32,"value":"An invalid or illegal selector was specified"}
  (Session info: chrome=124.0.6367.92)
Build info: version: '4.6.0', revision: '79f1c02ae20'
System info: os.name: 'Windows 10', os.arch: 'amd64', os.version: '10.0', java.version: '17.0.7'
Driver info: org.openqa.selenium.chrome.ChromeDriver
Command: [2cf28825ea7a8a419a5b05b8e5d35d84, findElement {using=css selector, value=div[class='slds-spinner slds-spinner_brand slds-spinner_small']>div:nth-child(2)r}]
Capabilities {acceptInsecureCerts: false, browserName: chrome, browserVersion: 124.0.6367.92, chrome: {chromedriverVersion: 124.0.6367.91 (51df0e5e17a8..., userDataDir: C:\Users\PRATHA~1.KUM\AppDa...}, fedcm:accounts: true, goog:chromeOptions: {debuggerAddress: localhost:49451}, networkConnectionEnabled: false, pageLoadStrategy: normal, platformName: WINDOWS, proxy: Proxy(), se:cdp: ws://localhost:49451/devtoo..., se:cdpVersion: 124.0.6367.92, setWindowRect: true, strictFileInteractability: false, timeouts: {implicit: 0, pageLoad: 300000, script: 30000}, unhandledPromptBehavior: dismiss and notify, webauthn:extension:credBlob: true, webauthn:extension:largeBlob: true, webauthn:extension:minPinLength: true, webauthn:extension:prf: true, webauthn:virtualAuthenticators: true}
Session ID: 2cf28825ea7a8a419a5b05b8e5d35d84</small> </font> </div>
<div class="test-event"> <font color="maroon"> <small> &emsp; &emsp;--- 05 May 00:34:20 569 - <b>0</b> - Spinner Load Wait: (Sync) - ICar.support.WaitUtils.waitForSpinner(WaitUtils.java:225)</small> </font> </div>
<div class="test-event"> <font color="maroon"> <small> &emsp; &emsp;--- 05 May 00:34:30 695 - Page URL:: https://www.i-car.com/product/damage-analysis-of-lighting-and-vision-assist</small> </font> </div>
<div class="test-event"> <font color="maroon"> <small> &emsp; &emsp;--- 05 May 00:34:30 695 - <b>0</b> - Page Load Wait: (Sync) - ICar.support.Utils.waitForPageLoad(Utils.java:109)</small> </font> </div>
<div class="test-event"> <font color="maroon"> <small> &emsp; &emsp;--- 05 May 00:34:30 713 - Element is displayed:: [[ChromeDriver: chrome on WINDOWS (2cf28825ea7a8a419a5b05b8e5d35d84)] -> xpath: //a[contains(text(),'Back to Courses')]]</small> </font> </div>
<div class="test-event"> <font color="maroon"> <small> &emsp; &emsp;--- 05 May 00:34:37 765 - Catched spinner load exception due to javascript error: {"status":32,"value":"An invalid or illegal selector was specified"}
  (Session info: chrome=124.0.6367.92)
Build info: version: '4.6.0', revision: '79f1c02ae20'
System info: os.name: 'Windows 10', os.arch: 'amd64', os.version: '10.0', java.version: '17.0.7'
Driver info: org.openqa.selenium.chrome.ChromeDriver
Command: [2cf28825ea7a8a419a5b05b8e5d35d84, findElement {using=css selector, value=div[class='slds-spinner slds-spinner_brand slds-spinner_small']>div:nth-child(2)r}]
Capabilities {acceptInsecureCerts: false, browserName: chrome, browserVersion: 124.0.6367.92, chrome: {chromedriverVersion: 124.0.6367.91 (51df0e5e17a8..., userDataDir: C:\Users\PRATHA~1.KUM\AppDa...}, fedcm:accounts: true, goog:chromeOptions: {debuggerAddress: localhost:49451}, networkConnectionEnabled: false, pageLoadStrategy: normal, platformName: WINDOWS, proxy: Proxy(), se:cdp: ws://localhost:49451/devtoo..., se:cdpVersion: 124.0.6367.92, setWindowRect: true, strictFileInteractability: false, timeouts: {implicit: 0, pageLoad: 300000, script: 30000}, unhandledPromptBehavior: dismiss and notify, webauthn:extension:credBlob: true, webauthn:extension:largeBlob: true, webauthn:extension:minPinLength: true, webauthn:extension:prf: true, webauthn:virtualAuthenticators: true}
Session ID: 2cf28825ea7a8a419a5b05b8e5d35d84</small> </font> </div>
<div class="test-event"> <font color="maroon"> <small> &emsp; &emsp;--- 05 May 00:34:37 765 - <b>0</b> - Spinner Load Wait: (Sync) - ICar.support.WaitUtils.waitForSpinner(WaitUtils.java:225)</small> </font> </div>
<div class="test-message">&emsp;Back To Courses is displayed in the page </div>
<div class="test-message">&emsp;Successfully verified Back To Course Link&emsp;<a href=".\ScreenShot\URL_TC001_2723215390791800.png" target="_blank" >[ScreenShot]</a></div>
<div class="test-event"> <font color="maroon"> <small> &emsp; &emsp;--- 05 May 00:34:38 047 - Catched spinner load exception due to javascript error: {"status":32,"value":"An invalid or illegal selector was specified"}
  (Session info: chrome=124.0.6367.92)
Build info: version: '4.6.0', revision: '79f1c02ae20'
System info: os.name: 'Windows 10', os.arch: 'amd64', os.version: '10.0', java.version: '17.0.7'
Driver info: org.openqa.selenium.chrome.ChromeDriver
Command: [2cf28825ea7a8a419a5b05b8e5d35d84, findElement {using=css selector, value=div[class='slds-spinner slds-spinner_brand slds-spinner_small']>div:nth-child(2)r}]
Capabilities {acceptInsecureCerts: false, browserName: chrome, browserVersion: 124.0.6367.92, chrome: {chromedriverVersion: 124.0.6367.91 (51df0e5e17a8..., userDataDir: C:\Users\PRATHA~1.KUM\AppDa...}, fedcm:accounts: true, goog:chromeOptions: {debuggerAddress: localhost:49451}, networkConnectionEnabled: false, pageLoadStrategy: normal, platformName: WINDOWS, proxy: Proxy(), se:cdp: ws://localhost:49451/devtoo..., se:cdpVersion: 124.0.6367.92, setWindowRect: true, strictFileInteractability: false, timeouts: {implicit: 0, pageLoad: 300000, script: 30000}, unhandledPromptBehavior: dismiss and notify, webauthn:extension:credBlob: true, webauthn:extension:largeBlob: true, webauthn:extension:minPinLength: true, webauthn:extension:prf: true, webauthn:virtualAuthenticators: true}
Session ID: 2cf28825ea7a8a419a5b05b8e5d35d84</small> </font> </div>
<div class="test-event"> <font color="maroon"> <small> &emsp; &emsp;--- 05 May 00:34:38 047 - <b>0</b> - Spinner Load Wait: (Sync) - ICar.support.WaitUtils.waitForSpinner(WaitUtils.java:225)</small> </font> </div>
<div class="test-event"> <font color="maroon"> <small> &emsp; &emsp;--- 05 May 00:34:38 108 - Page URL:: https://www.i-car.com/product/damage-analysis-of-lighting-and-vision-assist</small> </font> </div>
<div class="test-event"> <font color="maroon"> <small> &emsp; &emsp;--- 05 May 00:34:38 109 - <b>0</b> - Page Load Wait: (Sync) - ICar.support.Utils.waitForPageLoad(Utils.java:109)</small> </font> </div>
<div class="test-event"> <font color="maroon"> <small> &emsp; &emsp;--- 05 May 00:34:48 164 - Element is displayed:: [[ChromeDriver: chrome on WINDOWS (2cf28825ea7a8a419a5b05b8e5d35d84)] -> xpath: //div[@class='productDetails slds-p-bottom_large']//div[contains(@class,'slds-p-bottom_medium')]]</small> </font> </div>
<div class="test-message">&emsp;Course Name : DamageAnalysisofLightingandVisionAssist is displayed in the URL page</div>
<div class="test-message">&emsp;Successfully verified the course name for relevant link&emsp;<a href=".\ScreenShot\URL_TC001_2723233788767600.png" target="_blank" >[ScreenShot]</a></div>
<div class="test-message">&emsp;
</div>
<div class="test-message">&emsp;162. URL is : https://www.i-car.com/product/honda-hrv-2022-electromechanical-repairs</div>
<div class="test-event"> <font color="maroon"> <small> &emsp; &emsp;--- 05 May 00:34:57 721 - Page URL:: https://www.i-car.com/product/honda-hrv-2022-electromechanical-repairs</small> </font> </div>
<div class="test-event"> <font color="maroon"> <small> &emsp; &emsp;--- 05 May 00:34:57 722 - <b>0</b> - Page Load Wait: (Sync) - ICar.support.Utils.waitForPageLoad(Utils.java:109)</small> </font> </div>
<div class="test-message">&emsp;Successfully navigated to the :  https://www.i-car.com/product/honda-hrv-2022-electromechanical-repairs   Page&emsp;<a href=".\ScreenShot\URL_TC001_2723235326768800.png" target="_blank" >[ScreenShot]</a></div>
<div class="test-event"> <font color="maroon"> <small> &emsp; &emsp;--- 05 May 00:34:58 102 - Page URL:: https://www.i-car.com/product/honda-hrv-2022-electromechanical-repairs</small> </font> </div>
<div class="test-event"> <font color="maroon"> <small> &emsp; &emsp;--- 05 May 00:34:58 102 - <b>0</b> - Page Load Wait: (Sync) - ICar.support.Utils.waitForPageLoad(Utils.java:109)</small> </font> </div>
<div class="test-event"> <font color="maroon"> <small> &emsp; &emsp;--- 05 May 00:34:58 111 - Catched spinner load exception due to javascript error: {"status":32,"value":"An invalid or illegal selector was specified"}
  (Session info: chrome=124.0.6367.92)
Build info: version: '4.6.0', revision: '79f1c02ae20'
System info: os.name: 'Windows 10', os.arch: 'amd64', os.version: '10.0', java.version: '17.0.7'
Driver info: org.openqa.selenium.chrome.ChromeDriver
Command: [2cf28825ea7a8a419a5b05b8e5d35d84, findElement {using=css selector, value=div[class='slds-spinner slds-spinner_brand slds-spinner_small']>div:nth-child(2)r}]
Capabilities {acceptInsecureCerts: false, browserName: chrome, browserVersion: 124.0.6367.92, chrome: {chromedriverVersion: 124.0.6367.91 (51df0e5e17a8..., userDataDir: C:\Users\PRATHA~1.KUM\AppDa...}, fedcm:accounts: true, goog:chromeOptions: {debuggerAddress: localhost:49451}, networkConnectionEnabled: false, pageLoadStrategy: normal, platformName: WINDOWS, proxy: Proxy(), se:cdp: ws://localhost:49451/devtoo..., se:cdpVersion: 124.0.6367.92, setWindowRect: true, strictFileInteractability: false, timeouts: {implicit: 0, pageLoad: 300000, script: 30000}, unhandledPromptBehavior: dismiss and notify, webauthn:extension:credBlob: true, webauthn:extension:largeBlob: true, webauthn:extension:minPinLength: true, webauthn:extension:prf: true, webauthn:virtualAuthenticators: true}
Session ID: 2cf28825ea7a8a419a5b05b8e5d35d84</small> </font> </div>
<div class="test-event"> <font color="maroon"> <small> &emsp; &emsp;--- 05 May 00:34:58 111 - <b>0</b> - Spinner Load Wait: (Sync) - ICar.support.WaitUtils.waitForSpinner(WaitUtils.java:225)</small> </font> </div>
<div class="test-event"> <font color="maroon"> <small> &emsp; &emsp;--- 05 May 00:35:08 186 - Page URL:: https://www.i-car.com/product/honda-hrv-2022-electromechanical-repairs</small> </font> </div>
<div class="test-event"> <font color="maroon"> <small> &emsp; &emsp;--- 05 May 00:35:08 186 - <b>0</b> - Page Load Wait: (Sync) - ICar.support.Utils.waitForPageLoad(Utils.java:109)</small> </font> </div>
<div class="test-event"> <font color="maroon"> <small> &emsp; &emsp;--- 05 May 00:35:08 202 - Element is displayed:: [[ChromeDriver: chrome on WINDOWS (2cf28825ea7a8a419a5b05b8e5d35d84)] -> xpath: //a[contains(text(),'Back to Courses')]]</small> </font> </div>
<div class="test-event"> <font color="maroon"> <small> &emsp; &emsp;--- 05 May 00:35:15 230 - Catched spinner load exception due to javascript error: {"status":32,"value":"An invalid or illegal selector was specified"}
  (Session info: chrome=124.0.6367.92)
Build info: version: '4.6.0', revision: '79f1c02ae20'
System info: os.name: 'Windows 10', os.arch: 'amd64', os.version: '10.0', java.version: '17.0.7'
Driver info: org.openqa.selenium.chrome.ChromeDriver
Command: [2cf28825ea7a8a419a5b05b8e5d35d84, findElement {using=css selector, value=div[class='slds-spinner slds-spinner_brand slds-spinner_small']>div:nth-child(2)r}]
Capabilities {acceptInsecureCerts: false, browserName: chrome, browserVersion: 124.0.6367.92, chrome: {chromedriverVersion: 124.0.6367.91 (51df0e5e17a8..., userDataDir: C:\Users\PRATHA~1.KUM\AppDa...}, fedcm:accounts: true, goog:chromeOptions: {debuggerAddress: localhost:49451}, networkConnectionEnabled: false, pageLoadStrategy: normal, platformName: WINDOWS, proxy: Proxy(), se:cdp: ws://localhost:49451/devtoo..., se:cdpVersion: 124.0.6367.92, setWindowRect: true, strictFileInteractability: false, timeouts: {implicit: 0, pageLoad: 300000, script: 30000}, unhandledPromptBehavior: dismiss and notify, webauthn:extension:credBlob: true, webauthn:extension:largeBlob: true, webauthn:extension:minPinLength: true, webauthn:extension:prf: true, webauthn:virtualAuthenticators: true}
Session ID: 2cf28825ea7a8a419a5b05b8e5d35d84</small> </font> </div>
<div class="test-event"> <font color="maroon"> <small> &emsp; &emsp;--- 05 May 00:35:15 230 - <b>0</b> - Spinner Load Wait: (Sync) - ICar.support.WaitUtils.waitForSpinner(WaitUtils.java:225)</small> </font> </div>
<div class="test-message">&emsp;Back To Courses is displayed in the page </div>
<div class="test-message">&emsp;Successfully verified Back To Course Link&emsp;<a href=".\ScreenShot\URL_TC001_2723252847097000.png" target="_blank" >[ScreenShot]</a></div>
<div class="test-event"> <font color="maroon"> <small> &emsp; &emsp;--- 05 May 00:35:15 472 - Catched spinner load exception due to javascript error: {"status":32,"value":"An invalid or illegal selector was specified"}
  (Session info: chrome=124.0.6367.92)
Build info: version: '4.6.0', revision: '79f1c02ae20'
System info: os.name: 'Windows 10', os.arch: 'amd64', os.version: '10.0', java.version: '17.0.7'
Driver info: org.openqa.selenium.chrome.ChromeDriver
Command: [2cf28825ea7a8a419a5b05b8e5d35d84, findElement {using=css selector, value=div[class='slds-spinner slds-spinner_brand slds-spinner_small']>div:nth-child(2)r}]
Capabilities {acceptInsecureCerts: false, browserName: chrome, browserVersion: 124.0.6367.92, chrome: {chromedriverVersion: 124.0.6367.91 (51df0e5e17a8..., userDataDir: C:\Users\PRATHA~1.KUM\AppDa...}, fedcm:accounts: true, goog:chromeOptions: {debuggerAddress: localhost:49451}, networkConnectionEnabled: false, pageLoadStrategy: normal, platformName: WINDOWS, proxy: Proxy(), se:cdp: ws://localhost:49451/devtoo..., se:cdpVersion: 124.0.6367.92, setWindowRect: true, strictFileInteractability: false, timeouts: {implicit: 0, pageLoad: 300000, script: 30000}, unhandledPromptBehavior: dismiss and notify, webauthn:extension:credBlob: true, webauthn:extension:largeBlob: true, webauthn:extension:minPinLength: true, webauthn:extension:prf: true, webauthn:virtualAuthenticators: true}
Session ID: 2cf28825ea7a8a419a5b05b8e5d35d84</small> </font> </div>
<div class="test-event"> <font color="maroon"> <small> &emsp; &emsp;--- 05 May 00:35:15 472 - <b>0</b> - Spinner Load Wait: (Sync) - ICar.support.WaitUtils.waitForSpinner(WaitUtils.java:225)</small> </font> </div>
<div class="test-event"> <font color="maroon"> <small> &emsp; &emsp;--- 05 May 00:35:15 536 - Page URL:: https://www.i-car.com/product/honda-hrv-2022-electromechanical-repairs</small> </font> </div>
<div class="test-event"> <font color="maroon"> <small> &emsp; &emsp;--- 05 May 00:35:15 536 - <b>0</b> - Page Load Wait: (Sync) - ICar.support.Utils.waitForPageLoad(Utils.java:109)</small> </font> </div>
<div class="test-event"> <font color="maroon"> <small> &emsp; &emsp;--- 05 May 00:35:25 590 - Element is displayed:: [[ChromeDriver: chrome on WINDOWS (2cf28825ea7a8a419a5b05b8e5d35d84)] -> xpath: //div[@class='productDetails slds-p-bottom_large']//div[contains(@class,'slds-p-bottom_medium')]]</small> </font> </div>
<div class="test-message">&emsp;Course Name : HondaHRV2022ElectromechanicalRepairs is displayed in the URL page</div>
<div class="test-message">&emsp;Successfully verified the course name for relevant link&emsp;<a href=".\ScreenShot\URL_TC001_2723271219490200.png" target="_blank" >[ScreenShot]</a></div>
<div class="test-message">&emsp;
</div>
<div class="test-message">&emsp;163. URL is : https://www.i-car.com/product/quality-control-for-the-apda</div>
<div class="test-event"> <font color="maroon"> <small> &emsp; &emsp;--- 05 May 00:35:34 719 - Page URL:: https://www.i-car.com/product/quality-control-for-the-apda</small> </font> </div>
<div class="test-event"> <font color="maroon"> <small> &emsp; &emsp;--- 05 May 00:35:34 719 - <b>0</b> - Page Load Wait: (Sync) - ICar.support.Utils.waitForPageLoad(Utils.java:109)</small> </font> </div>
<div class="test-message">&emsp;Successfully navigated to the :  https://www.i-car.com/product/quality-control-for-the-apda   Page&emsp;<a href=".\ScreenShot\URL_TC001_2723272324789800.png" target="_blank" >[ScreenShot]</a></div>
<div class="test-event"> <font color="maroon"> <small> &emsp; &emsp;--- 05 May 00:35:35 011 - Page URL:: https://www.i-car.com/product/quality-control-for-the-apda</small> </font> </div>
<div class="test-event"> <font color="maroon"> <small> &emsp; &emsp;--- 05 May 00:35:35 011 - <b>0</b> - Page Load Wait: (Sync) - ICar.support.Utils.waitForPageLoad(Utils.java:109)</small> </font> </div>
<div class="test-event"> <font color="maroon"> <small> &emsp; &emsp;--- 05 May 00:35:35 019 - Catched spinner load exception due to javascript error: {"status":32,"value":"An invalid or illegal selector was specified"}
  (Session info: chrome=124.0.6367.92)
Build info: version: '4.6.0', revision: '79f1c02ae20'
System info: os.name: 'Windows 10', os.arch: 'amd64', os.version: '10.0', java.version: '17.0.7'
Driver info: org.openqa.selenium.chrome.ChromeDriver
Command: [2cf28825ea7a8a419a5b05b8e5d35d84, findElement {using=css selector, value=div[class='slds-spinner slds-spinner_brand slds-spinner_small']>div:nth-child(2)r}]
Capabilities {acceptInsecureCerts: false, browserName: chrome, browserVersion: 124.0.6367.92, chrome: {chromedriverVersion: 124.0.6367.91 (51df0e5e17a8..., userDataDir: C:\Users\PRATHA~1.KUM\AppDa...}, fedcm:accounts: true, goog:chromeOptions: {debuggerAddress: localhost:49451}, networkConnectionEnabled: false, pageLoadStrategy: normal, platformName: WINDOWS, proxy: Proxy(), se:cdp: ws://localhost:49451/devtoo..., se:cdpVersion: 124.0.6367.92, setWindowRect: true, strictFileInteractability: false, timeouts: {implicit: 0, pageLoad: 300000, script: 30000}, unhandledPromptBehavior: dismiss and notify, webauthn:extension:credBlob: true, webauthn:extension:largeBlob: true, webauthn:extension:minPinLength: true, webauthn:extension:prf: true, webauthn:virtualAuthenticators: true}
Session ID: 2cf28825ea7a8a419a5b05b8e5d35d84</small> </font> </div>
<div class="test-event"> <font color="maroon"> <small> &emsp; &emsp;--- 05 May 00:35:35 019 - <b>0</b> - Spinner Load Wait: (Sync) - ICar.support.WaitUtils.waitForSpinner(WaitUtils.java:225)</small> </font> </div>
<div class="test-event"> <font color="maroon"> <small> &emsp; &emsp;--- 05 May 00:35:45 147 - Page URL:: https://www.i-car.com/product/quality-control-for-the-apda</small> </font> </div>
<div class="test-event"> <font color="maroon"> <small> &emsp; &emsp;--- 05 May 00:35:45 147 - <b>0</b> - Page Load Wait: (Sync) - ICar.support.Utils.waitForPageLoad(Utils.java:109)</small> </font> </div>
<div class="test-event"> <font color="maroon"> <small> &emsp; &emsp;--- 05 May 00:35:45 164 - Element is displayed:: [[ChromeDriver: chrome on WINDOWS (2cf28825ea7a8a419a5b05b8e5d35d84)] -> xpath: //a[contains(text(),'Back to Courses')]]</small> </font> </div>
<div class="test-event"> <font color="maroon"> <small> &emsp; &emsp;--- 05 May 00:35:52 201 - Catched spinner load exception due to javascript error: {"status":32,"value":"An invalid or illegal selector was specified"}
  (Session info: chrome=124.0.6367.92)
Build info: version: '4.6.0', revision: '79f1c02ae20'
System info: os.name: 'Windows 10', os.arch: 'amd64', os.version: '10.0', java.version: '17.0.7'
Driver info: org.openqa.selenium.chrome.ChromeDriver
Command: [2cf28825ea7a8a419a5b05b8e5d35d84, findElement {using=css selector, value=div[class='slds-spinner slds-spinner_brand slds-spinner_small']>div:nth-child(2)r}]
Capabilities {acceptInsecureCerts: false, browserName: chrome, browserVersion: 124.0.6367.92, chrome: {chromedriverVersion: 124.0.6367.91 (51df0e5e17a8..., userDataDir: C:\Users\PRATHA~1.KUM\AppDa...}, fedcm:accounts: true, goog:chromeOptions: {debuggerAddress: localhost:49451}, networkConnectionEnabled: false, pageLoadStrategy: normal, platformName: WINDOWS, proxy: Proxy(), se:cdp: ws://localhost:49451/devtoo..., se:cdpVersion: 124.0.6367.92, setWindowRect: true, strictFileInteractability: false, timeouts: {implicit: 0, pageLoad: 300000, script: 30000}, unhandledPromptBehavior: dismiss and notify, webauthn:extension:credBlob: true, webauthn:extension:largeBlob: true, webauthn:extension:minPinLength: true, webauthn:extension:prf: true, webauthn:virtualAuthenticators: true}
Session ID: 2cf28825ea7a8a419a5b05b8e5d35d84</small> </font> </div>
<div class="test-event"> <font color="maroon"> <small> &emsp; &emsp;--- 05 May 00:35:52 201 - <b>0</b> - Spinner Load Wait: (Sync) - ICar.support.WaitUtils.waitForSpinner(WaitUtils.java:225)</small> </font> </div>
<div class="test-message">&emsp;Back To Courses is displayed in the page </div>
<div class="test-message">&emsp;Successfully verified Back To Course Link&emsp;<a href=".\ScreenShot\URL_TC001_2723289817496600.png" target="_blank" >[ScreenShot]</a></div>
<div class="test-event"> <font color="maroon"> <small> &emsp; &emsp;--- 05 May 00:35:52 456 - Catched spinner load exception due to javascript error: {"status":32,"value":"An invalid or illegal selector was specified"}
  (Session info: chrome=124.0.6367.92)
Build info: version: '4.6.0', revision: '79f1c02ae20'
System info: os.name: 'Windows 10', os.arch: 'amd64', os.version: '10.0', java.version: '17.0.7'
Driver info: org.openqa.selenium.chrome.ChromeDriver
Command: [2cf28825ea7a8a419a5b05b8e5d35d84, findElement {using=css selector, value=div[class='slds-spinner slds-spinner_brand slds-spinner_small']>div:nth-child(2)r}]
Capabilities {acceptInsecureCerts: false, browserName: chrome, browserVersion: 124.0.6367.92, chrome: {chromedriverVersion: 124.0.6367.91 (51df0e5e17a8..., userDataDir: C:\Users\PRATHA~1.KUM\AppDa...}, fedcm:accounts: true, goog:chromeOptions: {debuggerAddress: localhost:49451}, networkConnectionEnabled: false, pageLoadStrategy: normal, platformName: WINDOWS, proxy: Proxy(), se:cdp: ws://localhost:49451/devtoo..., se:cdpVersion: 124.0.6367.92, setWindowRect: true, strictFileInteractability: false, timeouts: {implicit: 0, pageLoad: 300000, script: 30000}, unhandledPromptBehavior: dismiss and notify, webauthn:extension:credBlob: true, webauthn:extension:largeBlob: true, webauthn:extension:minPinLength: true, webauthn:extension:prf: true, webauthn:virtualAuthenticators: true}
Session ID: 2cf28825ea7a8a419a5b05b8e5d35d84</small> </font> </div>
<div class="test-event"> <font color="maroon"> <small> &emsp; &emsp;--- 05 May 00:35:52 457 - <b>0</b> - Spinner Load Wait: (Sync) - ICar.support.WaitUtils.waitForSpinner(WaitUtils.java:225)</small> </font> </div>
<div class="test-event"> <font color="maroon"> <small> &emsp; &emsp;--- 05 May 00:35:52 573 - Page URL:: https://www.i-car.com/product/quality-control-for-the-apda</small> </font> </div>
<div class="test-event"> <font color="maroon"> <small> &emsp; &emsp;--- 05 May 00:35:52 573 - <b>0</b> - Page Load Wait: (Sync) - ICar.support.Utils.waitForPageLoad(Utils.java:109)</small> </font> </div>
<div class="test-event"> <font color="maroon"> <small> &emsp; &emsp;--- 05 May 00:36:02 613 - Element is displayed:: [[ChromeDriver: chrome on WINDOWS (2cf28825ea7a8a419a5b05b8e5d35d84)] -> xpath: //div[@class='productDetails slds-p-bottom_large']//div[contains(@class,'slds-p-bottom_medium')]]</small> </font> </div>
<div class="test-message">&emsp;Course Name : QualityControlfortheAPDA is displayed in the URL page</div>
<div class="test-message">&emsp;Successfully verified the course name for relevant link&emsp;<a href=".\ScreenShot\URL_TC001_2723308243642000.png" target="_blank" >[ScreenShot]</a></div>
<div class="test-message">&emsp;
</div>
<div class="test-message">&emsp;164. URL is : https://www.i-car.com/product/ford-service-information-navigation-for-collision-repair</div>
<div class="test-event"> <font color="maroon"> <small> &emsp; &emsp;--- 05 May 00:36:11 751 - Page URL:: https://www.i-car.com/product/ford-service-information-navigation-for-collision-repair</small> </font> </div>
<div class="test-event"> <font color="maroon"> <small> &emsp; &emsp;--- 05 May 00:36:11 751 - <b>0</b> - Page Load Wait: (Sync) - ICar.support.Utils.waitForPageLoad(Utils.java:109)</small> </font> </div>
<div class="test-message">&emsp;Successfully navigated to the :  https://www.i-car.com/product/ford-service-information-navigation-for-collision-repair   Page&emsp;<a href=".\ScreenShot\URL_TC001_2723309356788500.png" target="_blank" >[ScreenShot]</a></div>
<div class="test-event"> <font color="maroon"> <small> &emsp; &emsp;--- 05 May 00:36:12 023 - Page URL:: https://www.i-car.com/product/ford-service-information-navigation-for-collision-repair</small> </font> </div>
<div class="test-event"> <font color="maroon"> <small> &emsp; &emsp;--- 05 May 00:36:12 023 - <b>0</b> - Page Load Wait: (Sync) - ICar.support.Utils.waitForPageLoad(Utils.java:109)</small> </font> </div>
<div class="test-event"> <font color="maroon"> <small> &emsp; &emsp;--- 05 May 00:36:12 032 - Catched spinner load exception due to javascript error: {"status":32,"value":"An invalid or illegal selector was specified"}
  (Session info: chrome=124.0.6367.92)
Build info: version: '4.6.0', revision: '79f1c02ae20'
System info: os.name: 'Windows 10', os.arch: 'amd64', os.version: '10.0', java.version: '17.0.7'
Driver info: org.openqa.selenium.chrome.ChromeDriver
Command: [2cf28825ea7a8a419a5b05b8e5d35d84, findElement {using=css selector, value=div[class='slds-spinner slds-spinner_brand slds-spinner_small']>div:nth-child(2)r}]
Capabilities {acceptInsecureCerts: false, browserName: chrome, browserVersion: 124.0.6367.92, chrome: {chromedriverVersion: 124.0.6367.91 (51df0e5e17a8..., userDataDir: C:\Users\PRATHA~1.KUM\AppDa...}, fedcm:accounts: true, goog:chromeOptions: {debuggerAddress: localhost:49451}, networkConnectionEnabled: false, pageLoadStrategy: normal, platformName: WINDOWS, proxy: Proxy(), se:cdp: ws://localhost:49451/devtoo..., se:cdpVersion: 124.0.6367.92, setWindowRect: true, strictFileInteractability: false, timeouts: {implicit: 0, pageLoad: 300000, script: 30000}, unhandledPromptBehavior: dismiss and notify, webauthn:extension:credBlob: true, webauthn:extension:largeBlob: true, webauthn:extension:minPinLength: true, webauthn:extension:prf: true, webauthn:virtualAuthenticators: true}
Session ID: 2cf28825ea7a8a419a5b05b8e5d35d84</small> </font> </div>
<div class="test-event"> <font color="maroon"> <small> &emsp; &emsp;--- 05 May 00:36:12 032 - <b>0</b> - Spinner Load Wait: (Sync) - ICar.support.WaitUtils.waitForSpinner(WaitUtils.java:225)</small> </font> </div>
<div class="test-event"> <font color="maroon"> <small> &emsp; &emsp;--- 05 May 00:36:22 112 - Page URL:: https://www.i-car.com/product/ford-service-information-navigation-for-collision-repair</small> </font> </div>
<div class="test-event"> <font color="maroon"> <small> &emsp; &emsp;--- 05 May 00:36:22 112 - <b>0</b> - Page Load Wait: (Sync) - ICar.support.Utils.waitForPageLoad(Utils.java:109)</small> </font> </div>
<div class="test-event"> <font color="maroon"> <small> &emsp; &emsp;--- 05 May 00:36:22 130 - Element is displayed:: [[ChromeDriver: chrome on WINDOWS (2cf28825ea7a8a419a5b05b8e5d35d84)] -> xpath: //a[contains(text(),'Back to Courses')]]</small> </font> </div>
<div class="test-event"> <font color="maroon"> <small> &emsp; &emsp;--- 05 May 00:36:29 149 - Catched spinner load exception due to javascript error: {"status":32,"value":"An invalid or illegal selector was specified"}
  (Session info: chrome=124.0.6367.92)
Build info: version: '4.6.0', revision: '79f1c02ae20'
System info: os.name: 'Windows 10', os.arch: 'amd64', os.version: '10.0', java.version: '17.0.7'
Driver info: org.openqa.selenium.chrome.ChromeDriver
Command: [2cf28825ea7a8a419a5b05b8e5d35d84, findElement {using=css selector, value=div[class='slds-spinner slds-spinner_brand slds-spinner_small']>div:nth-child(2)r}]
Capabilities {acceptInsecureCerts: false, browserName: chrome, browserVersion: 124.0.6367.92, chrome: {chromedriverVersion: 124.0.6367.91 (51df0e5e17a8..., userDataDir: C:\Users\PRATHA~1.KUM\AppDa...}, fedcm:accounts: true, goog:chromeOptions: {debuggerAddress: localhost:49451}, networkConnectionEnabled: false, pageLoadStrategy: normal, platformName: WINDOWS, proxy: Proxy(), se:cdp: ws://localhost:49451/devtoo..., se:cdpVersion: 124.0.6367.92, setWindowRect: true, strictFileInteractability: false, timeouts: {implicit: 0, pageLoad: 300000, script: 30000}, unhandledPromptBehavior: dismiss and notify, webauthn:extension:credBlob: true, webauthn:extension:largeBlob: true, webauthn:extension:minPinLength: true, webauthn:extension:prf: true, webauthn:virtualAuthenticators: true}
Session ID: 2cf28825ea7a8a419a5b05b8e5d35d84</small> </font> </div>
<div class="test-event"> <font color="maroon"> <small> &emsp; &emsp;--- 05 May 00:36:29 150 - <b>0</b> - Spinner Load Wait: (Sync) - ICar.support.WaitUtils.waitForSpinner(WaitUtils.java:225)</small> </font> </div>
<div class="test-message">&emsp;Back To Courses is displayed in the page </div>
<div class="test-message">&emsp;Successfully verified Back To Course Link&emsp;<a href=".\ScreenShot\URL_TC001_2723326765529500.png" target="_blank" >[ScreenShot]</a></div>
<div class="test-event"> <font color="maroon"> <small> &emsp; &emsp;--- 05 May 00:36:29 840 - Catched spinner load exception due to javascript error: {"status":32,"value":"An invalid or illegal selector was specified"}
  (Session info: chrome=124.0.6367.92)
Build info: version: '4.6.0', revision: '79f1c02ae20'
System info: os.name: 'Windows 10', os.arch: 'amd64', os.version: '10.0', java.version: '17.0.7'
Driver info: org.openqa.selenium.chrome.ChromeDriver
Command: [2cf28825ea7a8a419a5b05b8e5d35d84, findElement {using=css selector, value=div[class='slds-spinner slds-spinner_brand slds-spinner_small']>div:nth-child(2)r}]
Capabilities {acceptInsecureCerts: false, browserName: chrome, browserVersion: 124.0.6367.92, chrome: {chromedriverVersion: 124.0.6367.91 (51df0e5e17a8..., userDataDir: C:\Users\PRATHA~1.KUM\AppDa...}, fedcm:accounts: true, goog:chromeOptions: {debuggerAddress: localhost:49451}, networkConnectionEnabled: false, pageLoadStrategy: normal, platformName: WINDOWS, proxy: Proxy(), se:cdp: ws://localhost:49451/devtoo..., se:cdpVersion: 124.0.6367.92, setWindowRect: true, strictFileInteractability: false, timeouts: {implicit: 0, pageLoad: 300000, script: 30000}, unhandledPromptBehavior: dismiss and notify, webauthn:extension:credBlob: true, webauthn:extension:largeBlob: true, webauthn:extension:minPinLength: true, webauthn:extension:prf: true, webauthn:virtualAuthenticators: true}
Session ID: 2cf28825ea7a8a419a5b05b8e5d35d84</small> </font> </div>
<div class="test-event"> <font color="maroon"> <small> &emsp; &emsp;--- 05 May 00:36:29 840 - <b>0</b> - Spinner Load Wait: (Sync) - ICar.support.WaitUtils.waitForSpinner(WaitUtils.java:225)</small> </font> </div>
<div class="test-event"> <font color="maroon"> <small> &emsp; &emsp;--- 05 May 00:36:29 901 - Page URL:: https://www.i-car.com/product/ford-service-information-navigation-for-collision-repair</small> </font> </div>
<div class="test-event"> <font color="maroon"> <small> &emsp; &emsp;--- 05 May 00:36:29 901 - <b>0</b> - Page Load Wait: (Sync) - ICar.support.Utils.waitForPageLoad(Utils.java:109)</small> </font> </div>
<div class="test-event"> <font color="maroon"> <small> &emsp; &emsp;--- 05 May 00:36:39 943 - Element is displayed:: [[ChromeDriver: chrome on WINDOWS (2cf28825ea7a8a419a5b05b8e5d35d84)] -> xpath: //div[@class='productDetails slds-p-bottom_large']//div[contains(@class,'slds-p-bottom_medium')]]</small> </font> </div>
<div class="test-message">&emsp;Course Name : FordServiceInformationNavigationforCollisionRepair is displayed in the URL page</div>
<div class="test-message">&emsp;Successfully verified the course name for relevant link&emsp;<a href=".\ScreenShot\URL_TC001_2723345579308200.png" target="_blank" >[ScreenShot]</a></div>
<div class="test-message">&emsp;
</div>
<div class="test-message">&emsp;165. URL is : https://www.i-car.com/product/pl1-nonstructural-technician</div>
<div class="test-event"> <font color="maroon"> <small> &emsp; &emsp;--- 05 May 00:36:49 346 - Page URL:: https://www.i-car.com/product/pl1-nonstructural-technician</small> </font> </div>
<div class="test-event"> <font color="maroon"> <small> &emsp; &emsp;--- 05 May 00:36:49 347 - <b>0</b> - Page Load Wait: (Sync) - ICar.support.Utils.waitForPageLoad(Utils.java:109)</small> </font> </div>
<div class="test-message">&emsp;Successfully navigated to the :  https://www.i-car.com/product/pl1-nonstructural-technician   Page&emsp;<a href=".\ScreenShot\URL_TC001_2723346951961900.png" target="_blank" >[ScreenShot]</a></div>
<div class="test-event"> <font color="maroon"> <small> &emsp; &emsp;--- 05 May 00:36:49 622 - Page URL:: https://www.i-car.com/product/pl1-nonstructural-technician</small> </font> </div>
<div class="test-event"> <font color="maroon"> <small> &emsp; &emsp;--- 05 May 00:36:49 622 - <b>0</b> - Page Load Wait: (Sync) - ICar.support.Utils.waitForPageLoad(Utils.java:109)</small> </font> </div>
<div class="test-event"> <font color="maroon"> <small> &emsp; &emsp;--- 05 May 00:36:49 629 - Catched spinner load exception due to javascript error: {"status":32,"value":"An invalid or illegal selector was specified"}
  (Session info: chrome=124.0.6367.92)
Build info: version: '4.6.0', revision: '79f1c02ae20'
System info: os.name: 'Windows 10', os.arch: 'amd64', os.version: '10.0', java.version: '17.0.7'
Driver info: org.openqa.selenium.chrome.ChromeDriver
Command: [2cf28825ea7a8a419a5b05b8e5d35d84, findElement {using=css selector, value=div[class='slds-spinner slds-spinner_brand slds-spinner_small']>div:nth-child(2)r}]
Capabilities {acceptInsecureCerts: false, browserName: chrome, browserVersion: 124.0.6367.92, chrome: {chromedriverVersion: 124.0.6367.91 (51df0e5e17a8..., userDataDir: C:\Users\PRATHA~1.KUM\AppDa...}, fedcm:accounts: true, goog:chromeOptions: {debuggerAddress: localhost:49451}, networkConnectionEnabled: false, pageLoadStrategy: normal, platformName: WINDOWS, proxy: Proxy(), se:cdp: ws://localhost:49451/devtoo..., se:cdpVersion: 124.0.6367.92, setWindowRect: true, strictFileInteractability: false, timeouts: {implicit: 0, pageLoad: 300000, script: 30000}, unhandledPromptBehavior: dismiss and notify, webauthn:extension:credBlob: true, webauthn:extension:largeBlob: true, webauthn:extension:minPinLength: true, webauthn:extension:prf: true, webauthn:virtualAuthenticators: true}
Session ID: 2cf28825ea7a8a419a5b05b8e5d35d84</small> </font> </div>
<div class="test-event"> <font color="maroon"> <small> &emsp; &emsp;--- 05 May 00:36:49 629 - <b>0</b> - Spinner Load Wait: (Sync) - ICar.support.WaitUtils.waitForSpinner(WaitUtils.java:225)</small> </font> </div>
<div class="test-event"> <font color="maroon"> <small> &emsp; &emsp;--- 05 May 00:36:59 742 - Page URL:: https://www.i-car.com/product/pl1-nonstructural-technician</small> </font> </div>
<div class="test-event"> <font color="maroon"> <small> &emsp; &emsp;--- 05 May 00:36:59 742 - <b>0</b> - Page Load Wait: (Sync) - ICar.support.Utils.waitForPageLoad(Utils.java:109)</small> </font> </div>
<div class="test-event"> <font color="maroon"> <small> &emsp; &emsp;--- 05 May 00:36:59 760 - Element is displayed:: [[ChromeDriver: chrome on WINDOWS (2cf28825ea7a8a419a5b05b8e5d35d84)] -> xpath: //a[contains(text(),'Back to Courses')]]</small> </font> </div>
<div class="test-event"> <font color="maroon"> <small> &emsp; &emsp;--- 05 May 00:37:06 802 - Catched spinner load exception due to javascript error: {"status":32,"value":"An invalid or illegal selector was specified"}
  (Session info: chrome=124.0.6367.92)
Build info: version: '4.6.0', revision: '79f1c02ae20'
System info: os.name: 'Windows 10', os.arch: 'amd64', os.version: '10.0', java.version: '17.0.7'
Driver info: org.openqa.selenium.chrome.ChromeDriver
Command: [2cf28825ea7a8a419a5b05b8e5d35d84, findElement {using=css selector, value=div[class='slds-spinner slds-spinner_brand slds-spinner_small']>div:nth-child(2)r}]
Capabilities {acceptInsecureCerts: false, browserName: chrome, browserVersion: 124.0.6367.92, chrome: {chromedriverVersion: 124.0.6367.91 (51df0e5e17a8..., userDataDir: C:\Users\PRATHA~1.KUM\AppDa...}, fedcm:accounts: true, goog:chromeOptions: {debuggerAddress: localhost:49451}, networkConnectionEnabled: false, pageLoadStrategy: normal, platformName: WINDOWS, proxy: Proxy(), se:cdp: ws://localhost:49451/devtoo..., se:cdpVersion: 124.0.6367.92, setWindowRect: true, strictFileInteractability: false, timeouts: {implicit: 0, pageLoad: 300000, script: 30000}, unhandledPromptBehavior: dismiss and notify, webauthn:extension:credBlob: true, webauthn:extension:largeBlob: true, webauthn:extension:minPinLength: true, webauthn:extension:prf: true, webauthn:virtualAuthenticators: true}
Session ID: 2cf28825ea7a8a419a5b05b8e5d35d84</small> </font> </div>
<div class="test-event"> <font color="maroon"> <small> &emsp; &emsp;--- 05 May 00:37:06 802 - <b>0</b> - Spinner Load Wait: (Sync) - ICar.support.WaitUtils.waitForSpinner(WaitUtils.java:225)</small> </font> </div>
<div class="test-message">&emsp;Back To Courses is displayed in the page </div>
<div class="test-message">&emsp;Successfully verified Back To Course Link&emsp;<a href=".\ScreenShot\URL_TC001_2723364416477200.png" target="_blank" >[ScreenShot]</a></div>
<div class="test-event"> <font color="maroon"> <small> &emsp; &emsp;--- 05 May 00:37:07 201 - Catched spinner load exception due to javascript error: {"status":32,"value":"An invalid or illegal selector was specified"}
  (Session info: chrome=124.0.6367.92)
Build info: version: '4.6.0', revision: '79f1c02ae20'
System info: os.name: 'Windows 10', os.arch: 'amd64', os.version: '10.0', java.version: '17.0.7'
Driver info: org.openqa.selenium.chrome.ChromeDriver
Command: [2cf28825ea7a8a419a5b05b8e5d35d84, findElement {using=css selector, value=div[class='slds-spinner slds-spinner_brand slds-spinner_small']>div:nth-child(2)r}]
Capabilities {acceptInsecureCerts: false, browserName: chrome, browserVersion: 124.0.6367.92, chrome: {chromedriverVersion: 124.0.6367.91 (51df0e5e17a8..., userDataDir: C:\Users\PRATHA~1.KUM\AppDa...}, fedcm:accounts: true, goog:chromeOptions: {debuggerAddress: localhost:49451}, networkConnectionEnabled: false, pageLoadStrategy: normal, platformName: WINDOWS, proxy: Proxy(), se:cdp: ws://localhost:49451/devtoo..., se:cdpVersion: 124.0.6367.92, setWindowRect: true, strictFileInteractability: false, timeouts: {implicit: 0, pageLoad: 300000, script: 30000}, unhandledPromptBehavior: dismiss and notify, webauthn:extension:credBlob: true, webauthn:extension:largeBlob: true, webauthn:extension:minPinLength: true, webauthn:extension:prf: true, webauthn:virtualAuthenticators: true}
Session ID: 2cf28825ea7a8a419a5b05b8e5d35d84</small> </font> </div>
<div class="test-event"> <font color="maroon"> <small> &emsp; &emsp;--- 05 May 00:37:07 201 - <b>0</b> - Spinner Load Wait: (Sync) - ICar.support.WaitUtils.waitForSpinner(WaitUtils.java:225)</small> </font> </div>
<div class="test-event"> <font color="maroon"> <small> &emsp; &emsp;--- 05 May 00:37:07 294 - Page URL:: https://www.i-car.com/product/pl1-nonstructural-technician</small> </font> </div>
<div class="test-event"> <font color="maroon"> <small> &emsp; &emsp;--- 05 May 00:37:07 294 - <b>0</b> - Page Load Wait: (Sync) - ICar.support.Utils.waitForPageLoad(Utils.java:109)</small> </font> </div>
<div class="test-event"> <font color="maroon"> <small> &emsp; &emsp;--- 05 May 00:37:17 348 - Element is displayed:: [[ChromeDriver: chrome on WINDOWS (2cf28825ea7a8a419a5b05b8e5d35d84)] -> xpath: //div[@class='productDetails slds-p-bottom_large']//div[contains(@class,'slds-p-bottom_medium')]]</small> </font> </div>
<div class="test-message">&emsp;Course Name : PL1NonStructuralTechnician is displayed in the URL page</div>
<div class="test-message">&emsp;Successfully verified the course name for relevant link&emsp;<a href=".\ScreenShot\URL_TC001_2723382973979000.png" target="_blank" >[ScreenShot]</a></div>
<div class="test-message">&emsp;
</div>
<div class="test-message">&emsp;166. URL is : https://www.i-car.com/product/calibration-requirements-for-blind-spot-and-parking-assist-systems</div>
<div class="test-event"> <font color="maroon"> <small> &emsp; &emsp;--- 05 May 00:37:26 876 - Page URL:: https://www.i-car.com/product/calibration-requirements-for-blind-spot-and-parking-assist-systems</small> </font> </div>
<div class="test-event"> <font color="maroon"> <small> &emsp; &emsp;--- 05 May 00:37:26 876 - <b>0</b> - Page Load Wait: (Sync) - ICar.support.Utils.waitForPageLoad(Utils.java:109)</small> </font> </div>
<div class="test-message">&emsp;Successfully navigated to the :  https://www.i-car.com/product/calibration-requirements-for-blind-spot-and-parking-assist-systems   Page&emsp;<a href=".\ScreenShot\URL_TC001_2723384480961800.png" target="_blank" >[ScreenShot]</a></div>
<div class="test-event"> <font color="maroon"> <small> &emsp; &emsp;--- 05 May 00:37:27 131 - Page URL:: https://www.i-car.com/product/calibration-requirements-for-blind-spot-and-parking-assist-systems</small> </font> </div>
<div class="test-event"> <font color="maroon"> <small> &emsp; &emsp;--- 05 May 00:37:27 131 - <b>0</b> - Page Load Wait: (Sync) - ICar.support.Utils.waitForPageLoad(Utils.java:109)</small> </font> </div>
<div class="test-event"> <font color="maroon"> <small> &emsp; &emsp;--- 05 May 00:37:27 139 - Catched spinner load exception due to javascript error: {"status":32,"value":"An invalid or illegal selector was specified"}
  (Session info: chrome=124.0.6367.92)
Build info: version: '4.6.0', revision: '79f1c02ae20'
System info: os.name: 'Windows 10', os.arch: 'amd64', os.version: '10.0', java.version: '17.0.7'
Driver info: org.openqa.selenium.chrome.ChromeDriver
Command: [2cf28825ea7a8a419a5b05b8e5d35d84, findElement {using=css selector, value=div[class='slds-spinner slds-spinner_brand slds-spinner_small']>div:nth-child(2)r}]
Capabilities {acceptInsecureCerts: false, browserName: chrome, browserVersion: 124.0.6367.92, chrome: {chromedriverVersion: 124.0.6367.91 (51df0e5e17a8..., userDataDir: C:\Users\PRATHA~1.KUM\AppDa...}, fedcm:accounts: true, goog:chromeOptions: {debuggerAddress: localhost:49451}, networkConnectionEnabled: false, pageLoadStrategy: normal, platformName: WINDOWS, proxy: Proxy(), se:cdp: ws://localhost:49451/devtoo..., se:cdpVersion: 124.0.6367.92, setWindowRect: true, strictFileInteractability: false, timeouts: {implicit: 0, pageLoad: 300000, script: 30000}, unhandledPromptBehavior: dismiss and notify, webauthn:extension:credBlob: true, webauthn:extension:largeBlob: true, webauthn:extension:minPinLength: true, webauthn:extension:prf: true, webauthn:virtualAuthenticators: true}
Session ID: 2cf28825ea7a8a419a5b05b8e5d35d84</small> </font> </div>
<div class="test-event"> <font color="maroon"> <small> &emsp; &emsp;--- 05 May 00:37:27 139 - <b>0</b> - Spinner Load Wait: (Sync) - ICar.support.WaitUtils.waitForSpinner(WaitUtils.java:225)</small> </font> </div>
<div class="test-event"> <font color="maroon"> <small> &emsp; &emsp;--- 05 May 00:37:37 212 - Page URL:: https://www.i-car.com/product/calibration-requirements-for-blind-spot-and-parking-assist-systems</small> </font> </div>
<div class="test-event"> <font color="maroon"> <small> &emsp; &emsp;--- 05 May 00:37:37 212 - <b>0</b> - Page Load Wait: (Sync) - ICar.support.Utils.waitForPageLoad(Utils.java:109)</small> </font> </div>
<div class="test-event"> <font color="maroon"> <small> &emsp; &emsp;--- 05 May 00:37:37 228 - Element is displayed:: [[ChromeDriver: chrome on WINDOWS (2cf28825ea7a8a419a5b05b8e5d35d84)] -> xpath: //a[contains(text(),'Back to Courses')]]</small> </font> </div>
<div class="test-event"> <font color="maroon"> <small> &emsp; &emsp;--- 05 May 00:37:44 290 - Catched spinner load exception due to javascript error: {"status":32,"value":"An invalid or illegal selector was specified"}
  (Session info: chrome=124.0.6367.92)
Build info: version: '4.6.0', revision: '79f1c02ae20'
System info: os.name: 'Windows 10', os.arch: 'amd64', os.version: '10.0', java.version: '17.0.7'
Driver info: org.openqa.selenium.chrome.ChromeDriver
Command: [2cf28825ea7a8a419a5b05b8e5d35d84, findElement {using=css selector, value=div[class='slds-spinner slds-spinner_brand slds-spinner_small']>div:nth-child(2)r}]
Capabilities {acceptInsecureCerts: false, browserName: chrome, browserVersion: 124.0.6367.92, chrome: {chromedriverVersion: 124.0.6367.91 (51df0e5e17a8..., userDataDir: C:\Users\PRATHA~1.KUM\AppDa...}, fedcm:accounts: true, goog:chromeOptions: {debuggerAddress: localhost:49451}, networkConnectionEnabled: false, pageLoadStrategy: normal, platformName: WINDOWS, proxy: Proxy(), se:cdp: ws://localhost:49451/devtoo..., se:cdpVersion: 124.0.6367.92, setWindowRect: true, strictFileInteractability: false, timeouts: {implicit: 0, pageLoad: 300000, script: 30000}, unhandledPromptBehavior: dismiss and notify, webauthn:extension:credBlob: true, webauthn:extension:largeBlob: true, webauthn:extension:minPinLength: true, webauthn:extension:prf: true, webauthn:virtualAuthenticators: true}
Session ID: 2cf28825ea7a8a419a5b05b8e5d35d84</small> </font> </div>
<div class="test-event"> <font color="maroon"> <small> &emsp; &emsp;--- 05 May 00:37:44 290 - <b>0</b> - Spinner Load Wait: (Sync) - ICar.support.WaitUtils.waitForSpinner(WaitUtils.java:225)</small> </font> </div>
<div class="test-message">&emsp;Back To Courses is displayed in the page </div>
<div class="test-message">&emsp;Successfully verified Back To Course Link&emsp;<a href=".\ScreenShot\URL_TC001_2723401909018600.png" target="_blank" >[ScreenShot]</a></div>
<div class="test-event"> <font color="maroon"> <small> &emsp; &emsp;--- 05 May 00:37:44 673 - Catched spinner load exception due to javascript error: {"status":32,"value":"An invalid or illegal selector was specified"}
  (Session info: chrome=124.0.6367.92)
Build info: version: '4.6.0', revision: '79f1c02ae20'
System info: os.name: 'Windows 10', os.arch: 'amd64', os.version: '10.0', java.version: '17.0.7'
Driver info: org.openqa.selenium.chrome.ChromeDriver
Command: [2cf28825ea7a8a419a5b05b8e5d35d84, findElement {using=css selector, value=div[class='slds-spinner slds-spinner_brand slds-spinner_small']>div:nth-child(2)r}]
Capabilities {acceptInsecureCerts: false, browserName: chrome, browserVersion: 124.0.6367.92, chrome: {chromedriverVersion: 124.0.6367.91 (51df0e5e17a8..., userDataDir: C:\Users\PRATHA~1.KUM\AppDa...}, fedcm:accounts: true, goog:chromeOptions: {debuggerAddress: localhost:49451}, networkConnectionEnabled: false, pageLoadStrategy: normal, platformName: WINDOWS, proxy: Proxy(), se:cdp: ws://localhost:49451/devtoo..., se:cdpVersion: 124.0.6367.92, setWindowRect: true, strictFileInteractability: false, timeouts: {implicit: 0, pageLoad: 300000, script: 30000}, unhandledPromptBehavior: dismiss and notify, webauthn:extension:credBlob: true, webauthn:extension:largeBlob: true, webauthn:extension:minPinLength: true, webauthn:extension:prf: true, webauthn:virtualAuthenticators: true}
Session ID: 2cf28825ea7a8a419a5b05b8e5d35d84</small> </font> </div>
<div class="test-event"> <font color="maroon"> <small> &emsp; &emsp;--- 05 May 00:37:44 673 - <b>0</b> - Spinner Load Wait: (Sync) - ICar.support.WaitUtils.waitForSpinner(WaitUtils.java:225)</small> </font> </div>
<div class="test-event"> <font color="maroon"> <small> &emsp; &emsp;--- 05 May 00:37:44 741 - Page URL:: https://www.i-car.com/product/calibration-requirements-for-blind-spot-and-parking-assist-systems</small> </font> </div>
<div class="test-event"> <font color="maroon"> <small> &emsp; &emsp;--- 05 May 00:37:44 741 - <b>0</b> - Page Load Wait: (Sync) - ICar.support.Utils.waitForPageLoad(Utils.java:109)</small> </font> </div>
<div class="test-event"> <font color="maroon"> <small> &emsp; &emsp;--- 05 May 00:37:54 795 - Element is displayed:: [[ChromeDriver: chrome on WINDOWS (2cf28825ea7a8a419a5b05b8e5d35d84)] -> xpath: //div[@class='productDetails slds-p-bottom_large']//div[contains(@class,'slds-p-bottom_medium')]]</small> </font> </div>
<div class="test-message">&emsp;Course Name : CalibrationRequirementsforBlindSpotandParkingAssistSystems is displayed in the URL page</div>
<div class="test-message">&emsp;Successfully verified the course name for relevant link&emsp;<a href=".\ScreenShot\URL_TC001_2723420431915800.png" target="_blank" >[ScreenShot]</a></div>
<div class="test-message">&emsp;
</div>
<div class="test-message">&emsp;167. URL is : https://www.i-car.com/product/general-motors-gm-company-collision-repair-overview</div>
<div class="test-event"> <font color="maroon"> <small> &emsp; &emsp;--- 05 May 00:38:04 198 - Page URL:: https://www.i-car.com/product/general-motors-gm-company-collision-repair-overview</small> </font> </div>
<div class="test-event"> <font color="maroon"> <small> &emsp; &emsp;--- 05 May 00:38:04 198 - <b>0</b> - Page Load Wait: (Sync) - ICar.support.Utils.waitForPageLoad(Utils.java:109)</small> </font> </div>
<div class="test-message">&emsp;Successfully navigated to the :  https://www.i-car.com/product/general-motors-gm-company-collision-repair-overview   Page&emsp;<a href=".\ScreenShot\URL_TC001_2723421803196700.png" target="_blank" >[ScreenShot]</a></div>
<div class="test-event"> <font color="maroon"> <small> &emsp; &emsp;--- 05 May 00:38:04 494 - Page URL:: https://www.i-car.com/product/general-motors-gm-company-collision-repair-overview</small> </font> </div>
<div class="test-event"> <font color="maroon"> <small> &emsp; &emsp;--- 05 May 00:38:04 494 - <b>0</b> - Page Load Wait: (Sync) - ICar.support.Utils.waitForPageLoad(Utils.java:109)</small> </font> </div>
<div class="test-event"> <font color="maroon"> <small> &emsp; &emsp;--- 05 May 00:38:04 503 - Catched spinner load exception due to javascript error: {"status":32,"value":"An invalid or illegal selector was specified"}
  (Session info: chrome=124.0.6367.92)
Build info: version: '4.6.0', revision: '79f1c02ae20'
System info: os.name: 'Windows 10', os.arch: 'amd64', os.version: '10.0', java.version: '17.0.7'
Driver info: org.openqa.selenium.chrome.ChromeDriver
Command: [2cf28825ea7a8a419a5b05b8e5d35d84, findElement {using=css selector, value=div[class='slds-spinner slds-spinner_brand slds-spinner_small']>div:nth-child(2)r}]
Capabilities {acceptInsecureCerts: false, browserName: chrome, browserVersion: 124.0.6367.92, chrome: {chromedriverVersion: 124.0.6367.91 (51df0e5e17a8..., userDataDir: C:\Users\PRATHA~1.KUM\AppDa...}, fedcm:accounts: true, goog:chromeOptions: {debuggerAddress: localhost:49451}, networkConnectionEnabled: false, pageLoadStrategy: normal, platformName: WINDOWS, proxy: Proxy(), se:cdp: ws://localhost:49451/devtoo..., se:cdpVersion: 124.0.6367.92, setWindowRect: true, strictFileInteractability: false, timeouts: {implicit: 0, pageLoad: 300000, script: 30000}, unhandledPromptBehavior: dismiss and notify, webauthn:extension:credBlob: true, webauthn:extension:largeBlob: true, webauthn:extension:minPinLength: true, webauthn:extension:prf: true, webauthn:virtualAuthenticators: true}
Session ID: 2cf28825ea7a8a419a5b05b8e5d35d84</small> </font> </div>
<div class="test-event"> <font color="maroon"> <small> &emsp; &emsp;--- 05 May 00:38:04 503 - <b>0</b> - Spinner Load Wait: (Sync) - ICar.support.WaitUtils.waitForSpinner(WaitUtils.java:225)</small> </font> </div>
<div class="test-event"> <font color="maroon"> <small> &emsp; &emsp;--- 05 May 00:38:14 573 - Page URL:: https://www.i-car.com/product/general-motors-gm-company-collision-repair-overview</small> </font> </div>
<div class="test-event"> <font color="maroon"> <small> &emsp; &emsp;--- 05 May 00:38:14 573 - <b>0</b> - Page Load Wait: (Sync) - ICar.support.Utils.waitForPageLoad(Utils.java:109)</small> </font> </div>
<div class="test-event"> <font color="maroon"> <small> &emsp; &emsp;--- 05 May 00:38:14 590 - Element is displayed:: [[ChromeDriver: chrome on WINDOWS (2cf28825ea7a8a419a5b05b8e5d35d84)] -> xpath: //a[contains(text(),'Back to Courses')]]</small> </font> </div>
<div class="test-event"> <font color="maroon"> <small> &emsp; &emsp;--- 05 May 00:38:21 624 - Catched spinner load exception due to javascript error: {"status":32,"value":"An invalid or illegal selector was specified"}
  (Session info: chrome=124.0.6367.92)
Build info: version: '4.6.0', revision: '79f1c02ae20'
System info: os.name: 'Windows 10', os.arch: 'amd64', os.version: '10.0', java.version: '17.0.7'
Driver info: org.openqa.selenium.chrome.ChromeDriver
Command: [2cf28825ea7a8a419a5b05b8e5d35d84, findElement {using=css selector, value=div[class='slds-spinner slds-spinner_brand slds-spinner_small']>div:nth-child(2)r}]
Capabilities {acceptInsecureCerts: false, browserName: chrome, browserVersion: 124.0.6367.92, chrome: {chromedriverVersion: 124.0.6367.91 (51df0e5e17a8..., userDataDir: C:\Users\PRATHA~1.KUM\AppDa...}, fedcm:accounts: true, goog:chromeOptions: {debuggerAddress: localhost:49451}, networkConnectionEnabled: false, pageLoadStrategy: normal, platformName: WINDOWS, proxy: Proxy(), se:cdp: ws://localhost:49451/devtoo..., se:cdpVersion: 124.0.6367.92, setWindowRect: true, strictFileInteractability: false, timeouts: {implicit: 0, pageLoad: 300000, script: 30000}, unhandledPromptBehavior: dismiss and notify, webauthn:extension:credBlob: true, webauthn:extension:largeBlob: true, webauthn:extension:minPinLength: true, webauthn:extension:prf: true, webauthn:virtualAuthenticators: true}
Session ID: 2cf28825ea7a8a419a5b05b8e5d35d84</small> </font> </div>
<div class="test-event"> <font color="maroon"> <small> &emsp; &emsp;--- 05 May 00:38:21 624 - <b>0</b> - Spinner Load Wait: (Sync) - ICar.support.WaitUtils.waitForSpinner(WaitUtils.java:225)</small> </font> </div>
<div class="test-message">&emsp;Back To Courses is displayed in the page </div>
<div class="test-message">&emsp;Successfully verified Back To Course Link&emsp;<a href=".\ScreenShot\URL_TC001_2723439239650800.png" target="_blank" >[ScreenShot]</a></div>
<div class="test-event"> <font color="maroon"> <small> &emsp; &emsp;--- 05 May 00:38:22 092 - Catched spinner load exception due to javascript error: {"status":32,"value":"An invalid or illegal selector was specified"}
  (Session info: chrome=124.0.6367.92)
Build info: version: '4.6.0', revision: '79f1c02ae20'
System info: os.name: 'Windows 10', os.arch: 'amd64', os.version: '10.0', java.version: '17.0.7'
Driver info: org.openqa.selenium.chrome.ChromeDriver
Command: [2cf28825ea7a8a419a5b05b8e5d35d84, findElement {using=css selector, value=div[class='slds-spinner slds-spinner_brand slds-spinner_small']>div:nth-child(2)r}]
Capabilities {acceptInsecureCerts: false, browserName: chrome, browserVersion: 124.0.6367.92, chrome: {chromedriverVersion: 124.0.6367.91 (51df0e5e17a8..., userDataDir: C:\Users\PRATHA~1.KUM\AppDa...}, fedcm:accounts: true, goog:chromeOptions: {debuggerAddress: localhost:49451}, networkConnectionEnabled: false, pageLoadStrategy: normal, platformName: WINDOWS, proxy: Proxy(), se:cdp: ws://localhost:49451/devtoo..., se:cdpVersion: 124.0.6367.92, setWindowRect: true, strictFileInteractability: false, timeouts: {implicit: 0, pageLoad: 300000, script: 30000}, unhandledPromptBehavior: dismiss and notify, webauthn:extension:credBlob: true, webauthn:extension:largeBlob: true, webauthn:extension:minPinLength: true, webauthn:extension:prf: true, webauthn:virtualAuthenticators: true}
Session ID: 2cf28825ea7a8a419a5b05b8e5d35d84</small> </font> </div>
<div class="test-event"> <font color="maroon"> <small> &emsp; &emsp;--- 05 May 00:38:22 092 - <b>0</b> - Spinner Load Wait: (Sync) - ICar.support.WaitUtils.waitForSpinner(WaitUtils.java:225)</small> </font> </div>
<div class="test-event"> <font color="maroon"> <small> &emsp; &emsp;--- 05 May 00:38:22 152 - Page URL:: https://www.i-car.com/product/general-motors-gm-company-collision-repair-overview</small> </font> </div>
<div class="test-event"> <font color="maroon"> <small> &emsp; &emsp;--- 05 May 00:38:22 152 - <b>0</b> - Page Load Wait: (Sync) - ICar.support.Utils.waitForPageLoad(Utils.java:109)</small> </font> </div>
<div class="test-event"> <font color="maroon"> <small> &emsp; &emsp;--- 05 May 00:38:32 196 - Element is displayed:: [[ChromeDriver: chrome on WINDOWS (2cf28825ea7a8a419a5b05b8e5d35d84)] -> xpath: //div[@class='productDetails slds-p-bottom_large']//div[contains(@class,'slds-p-bottom_medium')]]</small> </font> </div>
<div class="test-message">&emsp;Course Name : GeneralMotorsGMCompanyCollisionRepairOverview is displayed in the URL page</div>
<div class="test-message">&emsp;Successfully verified the course name for relevant link&emsp;<a href=".\ScreenShot\URL_TC001_2723457826514900.png" target="_blank" >[ScreenShot]</a></div>
<div class="test-message">&emsp;
</div>
<div class="test-message">&emsp;168. URL is : https://www.i-car.com/product/understanding-vehicle-communication-networks</div>
<div class="test-event"> <font color="maroon"> <small> &emsp; &emsp;--- 05 May 00:38:41 422 - Page URL:: https://www.i-car.com/product/understanding-vehicle-communication-networks</small> </font> </div>
<div class="test-event"> <font color="maroon"> <small> &emsp; &emsp;--- 05 May 00:38:41 423 - <b>0</b> - Page Load Wait: (Sync) - ICar.support.Utils.waitForPageLoad(Utils.java:109)</small> </font> </div>
<div class="test-message">&emsp;Successfully navigated to the :  https://www.i-car.com/product/understanding-vehicle-communication-networks   Page&emsp;<a href=".\ScreenShot\URL_TC001_2723459027890200.png" target="_blank" >[ScreenShot]</a></div>
<div class="test-event"> <font color="maroon"> <small> &emsp; &emsp;--- 05 May 00:38:41 709 - Page URL:: https://www.i-car.com/product/understanding-vehicle-communication-networks</small> </font> </div>
<div class="test-event"> <font color="maroon"> <small> &emsp; &emsp;--- 05 May 00:38:41 710 - <b>0</b> - Page Load Wait: (Sync) - ICar.support.Utils.waitForPageLoad(Utils.java:109)</small> </font> </div>
<div class="test-event"> <font color="maroon"> <small> &emsp; &emsp;--- 05 May 00:38:41 719 - Catched spinner load exception due to javascript error: {"status":32,"value":"An invalid or illegal selector was specified"}
  (Session info: chrome=124.0.6367.92)
Build info: version: '4.6.0', revision: '79f1c02ae20'
System info: os.name: 'Windows 10', os.arch: 'amd64', os.version: '10.0', java.version: '17.0.7'
Driver info: org.openqa.selenium.chrome.ChromeDriver
Command: [2cf28825ea7a8a419a5b05b8e5d35d84, findElement {using=css selector, value=div[class='slds-spinner slds-spinner_brand slds-spinner_small']>div:nth-child(2)r}]
Capabilities {acceptInsecureCerts: false, browserName: chrome, browserVersion: 124.0.6367.92, chrome: {chromedriverVersion: 124.0.6367.91 (51df0e5e17a8..., userDataDir: C:\Users\PRATHA~1.KUM\AppDa...}, fedcm:accounts: true, goog:chromeOptions: {debuggerAddress: localhost:49451}, networkConnectionEnabled: false, pageLoadStrategy: normal, platformName: WINDOWS, proxy: Proxy(), se:cdp: ws://localhost:49451/devtoo..., se:cdpVersion: 124.0.6367.92, setWindowRect: true, strictFileInteractability: false, timeouts: {implicit: 0, pageLoad: 300000, script: 30000}, unhandledPromptBehavior: dismiss and notify, webauthn:extension:credBlob: true, webauthn:extension:largeBlob: true, webauthn:extension:minPinLength: true, webauthn:extension:prf: true, webauthn:virtualAuthenticators: true}
Session ID: 2cf28825ea7a8a419a5b05b8e5d35d84</small> </font> </div>
<div class="test-event"> <font color="maroon"> <small> &emsp; &emsp;--- 05 May 00:38:41 719 - <b>0</b> - Spinner Load Wait: (Sync) - ICar.support.WaitUtils.waitForSpinner(WaitUtils.java:225)</small> </font> </div>
<div class="test-event"> <font color="maroon"> <small> &emsp; &emsp;--- 05 May 00:38:51 798 - Page URL:: https://www.i-car.com/product/understanding-vehicle-communication-networks</small> </font> </div>
<div class="test-event"> <font color="maroon"> <small> &emsp; &emsp;--- 05 May 00:38:51 798 - <b>0</b> - Page Load Wait: (Sync) - ICar.support.Utils.waitForPageLoad(Utils.java:109)</small> </font> </div>
<div class="test-event"> <font color="maroon"> <small> &emsp; &emsp;--- 05 May 00:38:51 816 - Element is displayed:: [[ChromeDriver: chrome on WINDOWS (2cf28825ea7a8a419a5b05b8e5d35d84)] -> xpath: //a[contains(text(),'Back to Courses')]]</small> </font> </div>
<div class="test-event"> <font color="maroon"> <small> &emsp; &emsp;--- 05 May 00:38:58 839 - Catched spinner load exception due to javascript error: {"status":32,"value":"An invalid or illegal selector was specified"}
  (Session info: chrome=124.0.6367.92)
Build info: version: '4.6.0', revision: '79f1c02ae20'
System info: os.name: 'Windows 10', os.arch: 'amd64', os.version: '10.0', java.version: '17.0.7'
Driver info: org.openqa.selenium.chrome.ChromeDriver
Command: [2cf28825ea7a8a419a5b05b8e5d35d84, findElement {using=css selector, value=div[class='slds-spinner slds-spinner_brand slds-spinner_small']>div:nth-child(2)r}]
Capabilities {acceptInsecureCerts: false, browserName: chrome, browserVersion: 124.0.6367.92, chrome: {chromedriverVersion: 124.0.6367.91 (51df0e5e17a8..., userDataDir: C:\Users\PRATHA~1.KUM\AppDa...}, fedcm:accounts: true, goog:chromeOptions: {debuggerAddress: localhost:49451}, networkConnectionEnabled: false, pageLoadStrategy: normal, platformName: WINDOWS, proxy: Proxy(), se:cdp: ws://localhost:49451/devtoo..., se:cdpVersion: 124.0.6367.92, setWindowRect: true, strictFileInteractability: false, timeouts: {implicit: 0, pageLoad: 300000, script: 30000}, unhandledPromptBehavior: dismiss and notify, webauthn:extension:credBlob: true, webauthn:extension:largeBlob: true, webauthn:extension:minPinLength: true, webauthn:extension:prf: true, webauthn:virtualAuthenticators: true}
Session ID: 2cf28825ea7a8a419a5b05b8e5d35d84</small> </font> </div>
<div class="test-event"> <font color="maroon"> <small> &emsp; &emsp;--- 05 May 00:38:58 840 - <b>0</b> - Spinner Load Wait: (Sync) - ICar.support.WaitUtils.waitForSpinner(WaitUtils.java:225)</small> </font> </div>
<div class="test-message">&emsp;Back To Courses is displayed in the page </div>
<div class="test-message">&emsp;Successfully verified Back To Course Link&emsp;<a href=".\ScreenShot\URL_TC001_2723476454075900.png" target="_blank" >[ScreenShot]</a></div>
<div class="test-event"> <font color="maroon"> <small> &emsp; &emsp;--- 05 May 00:38:59 090 - Catched spinner load exception due to javascript error: {"status":32,"value":"An invalid or illegal selector was specified"}
  (Session info: chrome=124.0.6367.92)
Build info: version: '4.6.0', revision: '79f1c02ae20'
System info: os.name: 'Windows 10', os.arch: 'amd64', os.version: '10.0', java.version: '17.0.7'
Driver info: org.openqa.selenium.chrome.ChromeDriver
Command: [2cf28825ea7a8a419a5b05b8e5d35d84, findElement {using=css selector, value=div[class='slds-spinner slds-spinner_brand slds-spinner_small']>div:nth-child(2)r}]
Capabilities {acceptInsecureCerts: false, browserName: chrome, browserVersion: 124.0.6367.92, chrome: {chromedriverVersion: 124.0.6367.91 (51df0e5e17a8..., userDataDir: C:\Users\PRATHA~1.KUM\AppDa...}, fedcm:accounts: true, goog:chromeOptions: {debuggerAddress: localhost:49451}, networkConnectionEnabled: false, pageLoadStrategy: normal, platformName: WINDOWS, proxy: Proxy(), se:cdp: ws://localhost:49451/devtoo..., se:cdpVersion: 124.0.6367.92, setWindowRect: true, strictFileInteractability: false, timeouts: {implicit: 0, pageLoad: 300000, script: 30000}, unhandledPromptBehavior: dismiss and notify, webauthn:extension:credBlob: true, webauthn:extension:largeBlob: true, webauthn:extension:minPinLength: true, webauthn:extension:prf: true, webauthn:virtualAuthenticators: true}
Session ID: 2cf28825ea7a8a419a5b05b8e5d35d84</small> </font> </div>
<div class="test-event"> <font color="maroon"> <small> &emsp; &emsp;--- 05 May 00:38:59 090 - <b>0</b> - Spinner Load Wait: (Sync) - ICar.support.WaitUtils.waitForSpinner(WaitUtils.java:225)</small> </font> </div>
<div class="test-event"> <font color="maroon"> <small> &emsp; &emsp;--- 05 May 00:38:59 157 - Page URL:: https://www.i-car.com/product/understanding-vehicle-communication-networks</small> </font> </div>
<div class="test-event"> <font color="maroon"> <small> &emsp; &emsp;--- 05 May 00:38:59 157 - <b>0</b> - Page Load Wait: (Sync) - ICar.support.Utils.waitForPageLoad(Utils.java:109)</small> </font> </div>
<div class="test-event"> <font color="maroon"> <small> &emsp; &emsp;--- 05 May 00:39:09 204 - Element is displayed:: [[ChromeDriver: chrome on WINDOWS (2cf28825ea7a8a419a5b05b8e5d35d84)] -> xpath: //div[@class='productDetails slds-p-bottom_large']//div[contains(@class,'slds-p-bottom_medium')]]</small> </font> </div>
<div class="test-message">&emsp;Course Name : UnderstandingVehicleCommunicationNetworks is displayed in the URL page</div>
<div class="test-message">&emsp;Successfully verified the course name for relevant link&emsp;<a href=".\ScreenShot\URL_TC001_2723494836657800.png" target="_blank" >[ScreenShot]</a></div>
<div class="test-message">&emsp;
</div>
<div class="test-message">&emsp;169. URL is : https://www.i-car.com/product/powertrain-and-driveline-system-troubleshooting-and-service</div>
<div class="test-event"> <font color="maroon"> <small> &emsp; &emsp;--- 05 May 00:39:18 613 - Page URL:: https://www.i-car.com/product/powertrain-and-driveline-system-troubleshooting-and-service</small> </font> </div>
<div class="test-event"> <font color="maroon"> <small> &emsp; &emsp;--- 05 May 00:39:18 614 - <b>0</b> - Page Load Wait: (Sync) - ICar.support.Utils.waitForPageLoad(Utils.java:109)</small> </font> </div>
<div class="test-message">&emsp;Successfully navigated to the :  https://www.i-car.com/product/powertrain-and-driveline-system-troubleshooting-and-service   Page&emsp;<a href=".\ScreenShot\URL_TC001_2723496219616000.png" target="_blank" >[ScreenShot]</a></div>
<div class="test-event"> <font color="maroon"> <small> &emsp; &emsp;--- 05 May 00:39:18 872 - Page URL:: https://www.i-car.com/product/powertrain-and-driveline-system-troubleshooting-and-service</small> </font> </div>
<div class="test-event"> <font color="maroon"> <small> &emsp; &emsp;--- 05 May 00:39:18 872 - <b>0</b> - Page Load Wait: (Sync) - ICar.support.Utils.waitForPageLoad(Utils.java:109)</small> </font> </div>
<div class="test-event"> <font color="maroon"> <small> &emsp; &emsp;--- 05 May 00:39:18 881 - Catched spinner load exception due to javascript error: {"status":32,"value":"An invalid or illegal selector was specified"}
  (Session info: chrome=124.0.6367.92)
Build info: version: '4.6.0', revision: '79f1c02ae20'
System info: os.name: 'Windows 10', os.arch: 'amd64', os.version: '10.0', java.version: '17.0.7'
Driver info: org.openqa.selenium.chrome.ChromeDriver
Command: [2cf28825ea7a8a419a5b05b8e5d35d84, findElement {using=css selector, value=div[class='slds-spinner slds-spinner_brand slds-spinner_small']>div:nth-child(2)r}]
Capabilities {acceptInsecureCerts: false, browserName: chrome, browserVersion: 124.0.6367.92, chrome: {chromedriverVersion: 124.0.6367.91 (51df0e5e17a8..., userDataDir: C:\Users\PRATHA~1.KUM\AppDa...}, fedcm:accounts: true, goog:chromeOptions: {debuggerAddress: localhost:49451}, networkConnectionEnabled: false, pageLoadStrategy: normal, platformName: WINDOWS, proxy: Proxy(), se:cdp: ws://localhost:49451/devtoo..., se:cdpVersion: 124.0.6367.92, setWindowRect: true, strictFileInteractability: false, timeouts: {implicit: 0, pageLoad: 300000, script: 30000}, unhandledPromptBehavior: dismiss and notify, webauthn:extension:credBlob: true, webauthn:extension:largeBlob: true, webauthn:extension:minPinLength: true, webauthn:extension:prf: true, webauthn:virtualAuthenticators: true}
Session ID: 2cf28825ea7a8a419a5b05b8e5d35d84</small> </font> </div>
<div class="test-event"> <font color="maroon"> <small> &emsp; &emsp;--- 05 May 00:39:18 881 - <b>0</b> - Spinner Load Wait: (Sync) - ICar.support.WaitUtils.waitForSpinner(WaitUtils.java:225)</small> </font> </div>
<div class="test-event"> <font color="maroon"> <small> &emsp; &emsp;--- 05 May 00:39:28 962 - Page URL:: https://www.i-car.com/product/powertrain-and-driveline-system-troubleshooting-and-service</small> </font> </div>
<div class="test-event"> <font color="maroon"> <small> &emsp; &emsp;--- 05 May 00:39:28 962 - <b>0</b> - Page Load Wait: (Sync) - ICar.support.Utils.waitForPageLoad(Utils.java:109)</small> </font> </div>
<div class="test-event"> <font color="maroon"> <small> &emsp; &emsp;--- 05 May 00:39:28 979 - Element is displayed:: [[ChromeDriver: chrome on WINDOWS (2cf28825ea7a8a419a5b05b8e5d35d84)] -> xpath: //a[contains(text(),'Back to Courses')]]</small> </font> </div>
<div class="test-event"> <font color="maroon"> <small> &emsp; &emsp;--- 05 May 00:39:35 996 - Catched spinner load exception due to javascript error: {"status":32,"value":"An invalid or illegal selector was specified"}
  (Session info: chrome=124.0.6367.92)
Build info: version: '4.6.0', revision: '79f1c02ae20'
System info: os.name: 'Windows 10', os.arch: 'amd64', os.version: '10.0', java.version: '17.0.7'
Driver info: org.openqa.selenium.chrome.ChromeDriver
Command: [2cf28825ea7a8a419a5b05b8e5d35d84, findElement {using=css selector, value=div[class='slds-spinner slds-spinner_brand slds-spinner_small']>div:nth-child(2)r}]
Capabilities {acceptInsecureCerts: false, browserName: chrome, browserVersion: 124.0.6367.92, chrome: {chromedriverVersion: 124.0.6367.91 (51df0e5e17a8..., userDataDir: C:\Users\PRATHA~1.KUM\AppDa...}, fedcm:accounts: true, goog:chromeOptions: {debuggerAddress: localhost:49451}, networkConnectionEnabled: false, pageLoadStrategy: normal, platformName: WINDOWS, proxy: Proxy(), se:cdp: ws://localhost:49451/devtoo..., se:cdpVersion: 124.0.6367.92, setWindowRect: true, strictFileInteractability: false, timeouts: {implicit: 0, pageLoad: 300000, script: 30000}, unhandledPromptBehavior: dismiss and notify, webauthn:extension:credBlob: true, webauthn:extension:largeBlob: true, webauthn:extension:minPinLength: true, webauthn:extension:prf: true, webauthn:virtualAuthenticators: true}
Session ID: 2cf28825ea7a8a419a5b05b8e5d35d84</small> </font> </div>
<div class="test-event"> <font color="maroon"> <small> &emsp; &emsp;--- 05 May 00:39:35 997 - <b>0</b> - Spinner Load Wait: (Sync) - ICar.support.WaitUtils.waitForSpinner(WaitUtils.java:225)</small> </font> </div>
<div class="test-message">&emsp;Back To Courses is displayed in the page </div>
<div class="test-message">&emsp;Successfully verified Back To Course Link&emsp;<a href=".\ScreenShot\URL_TC001_2723513611738200.png" target="_blank" >[ScreenShot]</a></div>
<div class="test-event"> <font color="maroon"> <small> &emsp; &emsp;--- 05 May 00:39:36 261 - Catched spinner load exception due to javascript error: {"status":32,"value":"An invalid or illegal selector was specified"}
  (Session info: chrome=124.0.6367.92)
Build info: version: '4.6.0', revision: '79f1c02ae20'
System info: os.name: 'Windows 10', os.arch: 'amd64', os.version: '10.0', java.version: '17.0.7'
Driver info: org.openqa.selenium.chrome.ChromeDriver
Command: [2cf28825ea7a8a419a5b05b8e5d35d84, findElement {using=css selector, value=div[class='slds-spinner slds-spinner_brand slds-spinner_small']>div:nth-child(2)r}]
Capabilities {acceptInsecureCerts: false, browserName: chrome, browserVersion: 124.0.6367.92, chrome: {chromedriverVersion: 124.0.6367.91 (51df0e5e17a8..., userDataDir: C:\Users\PRATHA~1.KUM\AppDa...}, fedcm:accounts: true, goog:chromeOptions: {debuggerAddress: localhost:49451}, networkConnectionEnabled: false, pageLoadStrategy: normal, platformName: WINDOWS, proxy: Proxy(), se:cdp: ws://localhost:49451/devtoo..., se:cdpVersion: 124.0.6367.92, setWindowRect: true, strictFileInteractability: false, timeouts: {implicit: 0, pageLoad: 300000, script: 30000}, unhandledPromptBehavior: dismiss and notify, webauthn:extension:credBlob: true, webauthn:extension:largeBlob: true, webauthn:extension:minPinLength: true, webauthn:extension:prf: true, webauthn:virtualAuthenticators: true}
Session ID: 2cf28825ea7a8a419a5b05b8e5d35d84</small> </font> </div>
<div class="test-event"> <font color="maroon"> <small> &emsp; &emsp;--- 05 May 00:39:36 261 - <b>0</b> - Spinner Load Wait: (Sync) - ICar.support.WaitUtils.waitForSpinner(WaitUtils.java:225)</small> </font> </div>
<div class="test-event"> <font color="maroon"> <small> &emsp; &emsp;--- 05 May 00:39:36 320 - Page URL:: https://www.i-car.com/product/powertrain-and-driveline-system-troubleshooting-and-service</small> </font> </div>
<div class="test-event"> <font color="maroon"> <small> &emsp; &emsp;--- 05 May 00:39:36 320 - <b>0</b> - Page Load Wait: (Sync) - ICar.support.Utils.waitForPageLoad(Utils.java:109)</small> </font> </div>
<div class="test-event"> <font color="maroon"> <small> &emsp; &emsp;--- 05 May 00:39:46 364 - Element is displayed:: [[ChromeDriver: chrome on WINDOWS (2cf28825ea7a8a419a5b05b8e5d35d84)] -> xpath: //div[@class='productDetails slds-p-bottom_large']//div[contains(@class,'slds-p-bottom_medium')]]</small> </font> </div>
<div class="test-message">&emsp;Course Name : PowertrainandDrivelineSystemTroubleshootingandService is displayed in the URL page</div>
<div class="test-message">&emsp;Successfully verified the course name for relevant link&emsp;<a href=".\ScreenShot\URL_TC001_2723531990706400.png" target="_blank" >[ScreenShot]</a></div>
<div class="test-message">&emsp;
</div>
<div class="test-message">&emsp;170. URL is : https://www.i-car.com/product/hunter-engineering-inspection-equipment</div>
<div class="test-event"> <font color="maroon"> <small> &emsp; &emsp;--- 05 May 00:39:55 574 - Page URL:: https://www.i-car.com/product/hunter-engineering-inspection-equipment</small> </font> </div>
<div class="test-event"> <font color="maroon"> <small> &emsp; &emsp;--- 05 May 00:39:55 575 - <b>0</b> - Page Load Wait: (Sync) - ICar.support.Utils.waitForPageLoad(Utils.java:109)</small> </font> </div>
<div class="test-message">&emsp;Successfully navigated to the :  https://www.i-car.com/product/hunter-engineering-inspection-equipment   Page&emsp;<a href=".\ScreenShot\URL_TC001_2723533179283200.png" target="_blank" >[ScreenShot]</a></div>
<div class="test-event"> <font color="maroon"> <small> &emsp; &emsp;--- 05 May 00:39:55 881 - Page URL:: https://www.i-car.com/product/hunter-engineering-inspection-equipment</small> </font> </div>
<div class="test-event"> <font color="maroon"> <small> &emsp; &emsp;--- 05 May 00:39:55 881 - <b>0</b> - Page Load Wait: (Sync) - ICar.support.Utils.waitForPageLoad(Utils.java:109)</small> </font> </div>
<div class="test-event"> <font color="maroon"> <small> &emsp; &emsp;--- 05 May 00:39:55 891 - Catched spinner load exception due to javascript error: {"status":32,"value":"An invalid or illegal selector was specified"}
  (Session info: chrome=124.0.6367.92)
Build info: version: '4.6.0', revision: '79f1c02ae20'
System info: os.name: 'Windows 10', os.arch: 'amd64', os.version: '10.0', java.version: '17.0.7'
Driver info: org.openqa.selenium.chrome.ChromeDriver
Command: [2cf28825ea7a8a419a5b05b8e5d35d84, findElement {using=css selector, value=div[class='slds-spinner slds-spinner_brand slds-spinner_small']>div:nth-child(2)r}]
Capabilities {acceptInsecureCerts: false, browserName: chrome, browserVersion: 124.0.6367.92, chrome: {chromedriverVersion: 124.0.6367.91 (51df0e5e17a8..., userDataDir: C:\Users\PRATHA~1.KUM\AppDa...}, fedcm:accounts: true, goog:chromeOptions: {debuggerAddress: localhost:49451}, networkConnectionEnabled: false, pageLoadStrategy: normal, platformName: WINDOWS, proxy: Proxy(), se:cdp: ws://localhost:49451/devtoo..., se:cdpVersion: 124.0.6367.92, setWindowRect: true, strictFileInteractability: false, timeouts: {implicit: 0, pageLoad: 300000, script: 30000}, unhandledPromptBehavior: dismiss and notify, webauthn:extension:credBlob: true, webauthn:extension:largeBlob: true, webauthn:extension:minPinLength: true, webauthn:extension:prf: true, webauthn:virtualAuthenticators: true}
Session ID: 2cf28825ea7a8a419a5b05b8e5d35d84</small> </font> </div>
<div class="test-event"> <font color="maroon"> <small> &emsp; &emsp;--- 05 May 00:39:55 891 - <b>0</b> - Spinner Load Wait: (Sync) - ICar.support.WaitUtils.waitForSpinner(WaitUtils.java:225)</small> </font> </div>
<div class="test-event"> <font color="maroon"> <small> &emsp; &emsp;--- 05 May 00:40:05 972 - Page URL:: https://www.i-car.com/product/hunter-engineering-inspection-equipment</small> </font> </div>
<div class="test-event"> <font color="maroon"> <small> &emsp; &emsp;--- 05 May 00:40:05 972 - <b>0</b> - Page Load Wait: (Sync) - ICar.support.Utils.waitForPageLoad(Utils.java:109)</small> </font> </div>
<div class="test-event"> <font color="maroon"> <small> &emsp; &emsp;--- 05 May 00:40:05 988 - Element is displayed:: [[ChromeDriver: chrome on WINDOWS (2cf28825ea7a8a419a5b05b8e5d35d84)] -> xpath: //a[contains(text(),'Back to Courses')]]</small> </font> </div>
<div class="test-event"> <font color="maroon"> <small> &emsp; &emsp;--- 05 May 00:40:13 012 - Catched spinner load exception due to javascript error: {"status":32,"value":"An invalid or illegal selector was specified"}
  (Session info: chrome=124.0.6367.92)
Build info: version: '4.6.0', revision: '79f1c02ae20'
System info: os.name: 'Windows 10', os.arch: 'amd64', os.version: '10.0', java.version: '17.0.7'
Driver info: org.openqa.selenium.chrome.ChromeDriver
Command: [2cf28825ea7a8a419a5b05b8e5d35d84, findElement {using=css selector, value=div[class='slds-spinner slds-spinner_brand slds-spinner_small']>div:nth-child(2)r}]
Capabilities {acceptInsecureCerts: false, browserName: chrome, browserVersion: 124.0.6367.92, chrome: {chromedriverVersion: 124.0.6367.91 (51df0e5e17a8..., userDataDir: C:\Users\PRATHA~1.KUM\AppDa...}, fedcm:accounts: true, goog:chromeOptions: {debuggerAddress: localhost:49451}, networkConnectionEnabled: false, pageLoadStrategy: normal, platformName: WINDOWS, proxy: Proxy(), se:cdp: ws://localhost:49451/devtoo..., se:cdpVersion: 124.0.6367.92, setWindowRect: true, strictFileInteractability: false, timeouts: {implicit: 0, pageLoad: 300000, script: 30000}, unhandledPromptBehavior: dismiss and notify, webauthn:extension:credBlob: true, webauthn:extension:largeBlob: true, webauthn:extension:minPinLength: true, webauthn:extension:prf: true, webauthn:virtualAuthenticators: true}
Session ID: 2cf28825ea7a8a419a5b05b8e5d35d84</small> </font> </div>
<div class="test-event"> <font color="maroon"> <small> &emsp; &emsp;--- 05 May 00:40:13 012 - <b>0</b> - Spinner Load Wait: (Sync) - ICar.support.WaitUtils.waitForSpinner(WaitUtils.java:225)</small> </font> </div>
<div class="test-message">&emsp;Back To Courses is displayed in the page </div>
<div class="test-message">&emsp;Successfully verified Back To Course Link&emsp;<a href=".\ScreenShot\URL_TC001_2723550626618100.png" target="_blank" >[ScreenShot]</a></div>
<div class="test-event"> <font color="maroon"> <small> &emsp; &emsp;--- 05 May 00:40:13 253 - Catched spinner load exception due to javascript error: {"status":32,"value":"An invalid or illegal selector was specified"}
  (Session info: chrome=124.0.6367.92)
Build info: version: '4.6.0', revision: '79f1c02ae20'
System info: os.name: 'Windows 10', os.arch: 'amd64', os.version: '10.0', java.version: '17.0.7'
Driver info: org.openqa.selenium.chrome.ChromeDriver
Command: [2cf28825ea7a8a419a5b05b8e5d35d84, findElement {using=css selector, value=div[class='slds-spinner slds-spinner_brand slds-spinner_small']>div:nth-child(2)r}]
Capabilities {acceptInsecureCerts: false, browserName: chrome, browserVersion: 124.0.6367.92, chrome: {chromedriverVersion: 124.0.6367.91 (51df0e5e17a8..., userDataDir: C:\Users\PRATHA~1.KUM\AppDa...}, fedcm:accounts: true, goog:chromeOptions: {debuggerAddress: localhost:49451}, networkConnectionEnabled: false, pageLoadStrategy: normal, platformName: WINDOWS, proxy: Proxy(), se:cdp: ws://localhost:49451/devtoo..., se:cdpVersion: 124.0.6367.92, setWindowRect: true, strictFileInteractability: false, timeouts: {implicit: 0, pageLoad: 300000, script: 30000}, unhandledPromptBehavior: dismiss and notify, webauthn:extension:credBlob: true, webauthn:extension:largeBlob: true, webauthn:extension:minPinLength: true, webauthn:extension:prf: true, webauthn:virtualAuthenticators: true}
Session ID: 2cf28825ea7a8a419a5b05b8e5d35d84</small> </font> </div>
<div class="test-event"> <font color="maroon"> <small> &emsp; &emsp;--- 05 May 00:40:13 253 - <b>0</b> - Spinner Load Wait: (Sync) - ICar.support.WaitUtils.waitForSpinner(WaitUtils.java:225)</small> </font> </div>
<div class="test-event"> <font color="maroon"> <small> &emsp; &emsp;--- 05 May 00:40:13 314 - Page URL:: https://www.i-car.com/product/hunter-engineering-inspection-equipment</small> </font> </div>
<div class="test-event"> <font color="maroon"> <small> &emsp; &emsp;--- 05 May 00:40:13 315 - <b>0</b> - Page Load Wait: (Sync) - ICar.support.Utils.waitForPageLoad(Utils.java:109)</small> </font> </div>
<div class="test-event"> <font color="maroon"> <small> &emsp; &emsp;--- 05 May 00:40:23 367 - Element is displayed:: [[ChromeDriver: chrome on WINDOWS (2cf28825ea7a8a419a5b05b8e5d35d84)] -> xpath: //div[@class='productDetails slds-p-bottom_large']//div[contains(@class,'slds-p-bottom_medium')]]</small> </font> </div>
<div class="test-message">&emsp;Course Name : HunterEngineeringInspectionEquipment is displayed in the URL page</div>
<div class="test-message">&emsp;Successfully verified the course name for relevant link&emsp;<a href=".\ScreenShot\URL_TC001_2723569004658200.png" target="_blank" >[ScreenShot]</a></div>
<div class="test-message">&emsp;
</div>
<div class="test-message">&emsp;171. URL is : https://www.i-car.com/product/collision-repair-of-the-2021-general-motors-gm-fullframe-sport-utility-vehic</div>
<div class="test-event"> <font color="maroon"> <small> &emsp; &emsp;--- 05 May 00:40:33 374 - Page URL:: https://www.i-car.com/product/collision-repair-of-the-2021-general-motors-gm-fullframe-sport-utility-vehic</small> </font> </div>
<div class="test-event"> <font color="maroon"> <small> &emsp; &emsp;--- 05 May 00:40:33 374 - <b>0</b> - Page Load Wait: (Sync) - ICar.support.Utils.waitForPageLoad(Utils.java:109)</small> </font> </div>
<div class="test-message">&emsp;Successfully navigated to the :  https://www.i-car.com/product/collision-repair-of-the-2021-general-motors-gm-fullframe-sport-utility-vehic   Page&emsp;<a href=".\ScreenShot\URL_TC001_2723570979409000.png" target="_blank" >[ScreenShot]</a></div>
<div class="test-event"> <font color="maroon"> <small> &emsp; &emsp;--- 05 May 00:40:33 723 - Page URL:: https://www.i-car.com/product/collision-repair-of-the-2021-general-motors-gm-fullframe-sport-utility-vehic</small> </font> </div>
<div class="test-event"> <font color="maroon"> <small> &emsp; &emsp;--- 05 May 00:40:33 723 - <b>0</b> - Page Load Wait: (Sync) - ICar.support.Utils.waitForPageLoad(Utils.java:109)</small> </font> </div>
<div class="test-event"> <font color="maroon"> <small> &emsp; &emsp;--- 05 May 00:40:33 732 - Catched spinner load exception due to javascript error: {"status":32,"value":"An invalid or illegal selector was specified"}
  (Session info: chrome=124.0.6367.92)
Build info: version: '4.6.0', revision: '79f1c02ae20'
System info: os.name: 'Windows 10', os.arch: 'amd64', os.version: '10.0', java.version: '17.0.7'
Driver info: org.openqa.selenium.chrome.ChromeDriver
Command: [2cf28825ea7a8a419a5b05b8e5d35d84, findElement {using=css selector, value=div[class='slds-spinner slds-spinner_brand slds-spinner_small']>div:nth-child(2)r}]
Capabilities {acceptInsecureCerts: false, browserName: chrome, browserVersion: 124.0.6367.92, chrome: {chromedriverVersion: 124.0.6367.91 (51df0e5e17a8..., userDataDir: C:\Users\PRATHA~1.KUM\AppDa...}, fedcm:accounts: true, goog:chromeOptions: {debuggerAddress: localhost:49451}, networkConnectionEnabled: false, pageLoadStrategy: normal, platformName: WINDOWS, proxy: Proxy(), se:cdp: ws://localhost:49451/devtoo..., se:cdpVersion: 124.0.6367.92, setWindowRect: true, strictFileInteractability: false, timeouts: {implicit: 0, pageLoad: 300000, script: 30000}, unhandledPromptBehavior: dismiss and notify, webauthn:extension:credBlob: true, webauthn:extension:largeBlob: true, webauthn:extension:minPinLength: true, webauthn:extension:prf: true, webauthn:virtualAuthenticators: true}
Session ID: 2cf28825ea7a8a419a5b05b8e5d35d84</small> </font> </div>
<div class="test-event"> <font color="maroon"> <small> &emsp; &emsp;--- 05 May 00:40:33 732 - <b>0</b> - Spinner Load Wait: (Sync) - ICar.support.WaitUtils.waitForSpinner(WaitUtils.java:225)</small> </font> </div>
<div class="test-event"> <font color="maroon"> <small> &emsp; &emsp;--- 05 May 00:40:43 805 - Page URL:: https://www.i-car.com/product/collision-repair-of-the-2021-general-motors-gm-fullframe-sport-utility-vehic</small> </font> </div>
<div class="test-event"> <font color="maroon"> <small> &emsp; &emsp;--- 05 May 00:40:43 805 - <b>0</b> - Page Load Wait: (Sync) - ICar.support.Utils.waitForPageLoad(Utils.java:109)</small> </font> </div>
<div class="test-event"> <font color="maroon"> <small> &emsp; &emsp;--- 05 May 00:40:43 822 - Element is displayed:: [[ChromeDriver: chrome on WINDOWS (2cf28825ea7a8a419a5b05b8e5d35d84)] -> xpath: //a[contains(text(),'Back to Courses')]]</small> </font> </div>
<div class="test-event"> <font color="maroon"> <small> &emsp; &emsp;--- 05 May 00:40:50 863 - Catched spinner load exception due to javascript error: {"status":32,"value":"An invalid or illegal selector was specified"}
  (Session info: chrome=124.0.6367.92)
Build info: version: '4.6.0', revision: '79f1c02ae20'
System info: os.name: 'Windows 10', os.arch: 'amd64', os.version: '10.0', java.version: '17.0.7'
Driver info: org.openqa.selenium.chrome.ChromeDriver
Command: [2cf28825ea7a8a419a5b05b8e5d35d84, findElement {using=css selector, value=div[class='slds-spinner slds-spinner_brand slds-spinner_small']>div:nth-child(2)r}]
Capabilities {acceptInsecureCerts: false, browserName: chrome, browserVersion: 124.0.6367.92, chrome: {chromedriverVersion: 124.0.6367.91 (51df0e5e17a8..., userDataDir: C:\Users\PRATHA~1.KUM\AppDa...}, fedcm:accounts: true, goog:chromeOptions: {debuggerAddress: localhost:49451}, networkConnectionEnabled: false, pageLoadStrategy: normal, platformName: WINDOWS, proxy: Proxy(), se:cdp: ws://localhost:49451/devtoo..., se:cdpVersion: 124.0.6367.92, setWindowRect: true, strictFileInteractability: false, timeouts: {implicit: 0, pageLoad: 300000, script: 30000}, unhandledPromptBehavior: dismiss and notify, webauthn:extension:credBlob: true, webauthn:extension:largeBlob: true, webauthn:extension:minPinLength: true, webauthn:extension:prf: true, webauthn:virtualAuthenticators: true}
Session ID: 2cf28825ea7a8a419a5b05b8e5d35d84</small> </font> </div>
<div class="test-event"> <font color="maroon"> <small> &emsp; &emsp;--- 05 May 00:40:50 863 - <b>0</b> - Spinner Load Wait: (Sync) - ICar.support.WaitUtils.waitForSpinner(WaitUtils.java:225)</small> </font> </div>
<div class="test-message">&emsp;Back To Courses is displayed in the page </div>
<div class="test-message">&emsp;Successfully verified Back To Course Link&emsp;<a href=".\ScreenShot\URL_TC001_2723588479206000.png" target="_blank" >[ScreenShot]</a></div>
<div class="test-event"> <font color="maroon"> <small> &emsp; &emsp;--- 05 May 00:40:51 141 - Catched spinner load exception due to javascript error: {"status":32,"value":"An invalid or illegal selector was specified"}
  (Session info: chrome=124.0.6367.92)
Build info: version: '4.6.0', revision: '79f1c02ae20'
System info: os.name: 'Windows 10', os.arch: 'amd64', os.version: '10.0', java.version: '17.0.7'
Driver info: org.openqa.selenium.chrome.ChromeDriver
Command: [2cf28825ea7a8a419a5b05b8e5d35d84, findElement {using=css selector, value=div[class='slds-spinner slds-spinner_brand slds-spinner_small']>div:nth-child(2)r}]
Capabilities {acceptInsecureCerts: false, browserName: chrome, browserVersion: 124.0.6367.92, chrome: {chromedriverVersion: 124.0.6367.91 (51df0e5e17a8..., userDataDir: C:\Users\PRATHA~1.KUM\AppDa...}, fedcm:accounts: true, goog:chromeOptions: {debuggerAddress: localhost:49451}, networkConnectionEnabled: false, pageLoadStrategy: normal, platformName: WINDOWS, proxy: Proxy(), se:cdp: ws://localhost:49451/devtoo..., se:cdpVersion: 124.0.6367.92, setWindowRect: true, strictFileInteractability: false, timeouts: {implicit: 0, pageLoad: 300000, script: 30000}, unhandledPromptBehavior: dismiss and notify, webauthn:extension:credBlob: true, webauthn:extension:largeBlob: true, webauthn:extension:minPinLength: true, webauthn:extension:prf: true, webauthn:virtualAuthenticators: true}
Session ID: 2cf28825ea7a8a419a5b05b8e5d35d84</small> </font> </div>
<div class="test-event"> <font color="maroon"> <small> &emsp; &emsp;--- 05 May 00:40:51 141 - <b>0</b> - Spinner Load Wait: (Sync) - ICar.support.WaitUtils.waitForSpinner(WaitUtils.java:225)</small> </font> </div>
<div class="test-event"> <font color="maroon"> <small> &emsp; &emsp;--- 05 May 00:40:51 211 - Page URL:: https://www.i-car.com/product/collision-repair-of-the-2021-general-motors-gm-fullframe-sport-utility-vehic</small> </font> </div>
<div class="test-event"> <font color="maroon"> <small> &emsp; &emsp;--- 05 May 00:40:51 211 - <b>0</b> - Page Load Wait: (Sync) - ICar.support.Utils.waitForPageLoad(Utils.java:109)</small> </font> </div>
<div class="test-event"> <font color="maroon"> <small> &emsp; &emsp;--- 05 May 00:41:01 253 - Element is displayed:: [[ChromeDriver: chrome on WINDOWS (2cf28825ea7a8a419a5b05b8e5d35d84)] -> xpath: //div[@class='productDetails slds-p-bottom_large']//div[contains(@class,'slds-p-bottom_medium')]]</small> </font> </div>
<div class="test-message">&emsp;Course Name : CollisionRepairofthe2021GeneralMotorsGMFullFrameSportUtilityVehic is displayed in the URL page</div>
<div class="test-message">&emsp;Successfully verified the course name for relevant link&emsp;<a href=".\ScreenShot\URL_TC001_2723606873009600.png" target="_blank" >[ScreenShot]</a></div>
<div class="test-message">&emsp;
</div>
<div class="test-message">&emsp;172. URL is : https://www.i-car.com/product/fca-diagnostic-data-recording-with-witech-flight-recording</div>
<div class="test-event"> <font color="maroon"> <small> &emsp; &emsp;--- 05 May 00:41:10 834 - Page URL:: https://www.i-car.com/product/fca-diagnostic-data-recording-with-witech-flight-recording</small> </font> </div>
<div class="test-event"> <font color="maroon"> <small> &emsp; &emsp;--- 05 May 00:41:10 834 - <b>0</b> - Page Load Wait: (Sync) - ICar.support.Utils.waitForPageLoad(Utils.java:109)</small> </font> </div>
<div class="test-message">&emsp;Successfully navigated to the :  https://www.i-car.com/product/fca-diagnostic-data-recording-with-witech-flight-recording   Page&emsp;<a href=".\ScreenShot\URL_TC001_2723608439205300.png" target="_blank" >[ScreenShot]</a></div>
<div class="test-event"> <font color="maroon"> <small> &emsp; &emsp;--- 05 May 00:41:11 137 - Page URL:: https://www.i-car.com/product/fca-diagnostic-data-recording-with-witech-flight-recording</small> </font> </div>
<div class="test-event"> <font color="maroon"> <small> &emsp; &emsp;--- 05 May 00:41:11 137 - <b>0</b> - Page Load Wait: (Sync) - ICar.support.Utils.waitForPageLoad(Utils.java:109)</small> </font> </div>
<div class="test-event"> <font color="maroon"> <small> &emsp; &emsp;--- 05 May 00:41:11 146 - Catched spinner load exception due to javascript error: {"status":32,"value":"An invalid or illegal selector was specified"}
  (Session info: chrome=124.0.6367.92)
Build info: version: '4.6.0', revision: '79f1c02ae20'
System info: os.name: 'Windows 10', os.arch: 'amd64', os.version: '10.0', java.version: '17.0.7'
Driver info: org.openqa.selenium.chrome.ChromeDriver
Command: [2cf28825ea7a8a419a5b05b8e5d35d84, findElement {using=css selector, value=div[class='slds-spinner slds-spinner_brand slds-spinner_small']>div:nth-child(2)r}]
Capabilities {acceptInsecureCerts: false, browserName: chrome, browserVersion: 124.0.6367.92, chrome: {chromedriverVersion: 124.0.6367.91 (51df0e5e17a8..., userDataDir: C:\Users\PRATHA~1.KUM\AppDa...}, fedcm:accounts: true, goog:chromeOptions: {debuggerAddress: localhost:49451}, networkConnectionEnabled: false, pageLoadStrategy: normal, platformName: WINDOWS, proxy: Proxy(), se:cdp: ws://localhost:49451/devtoo..., se:cdpVersion: 124.0.6367.92, setWindowRect: true, strictFileInteractability: false, timeouts: {implicit: 0, pageLoad: 300000, script: 30000}, unhandledPromptBehavior: dismiss and notify, webauthn:extension:credBlob: true, webauthn:extension:largeBlob: true, webauthn:extension:minPinLength: true, webauthn:extension:prf: true, webauthn:virtualAuthenticators: true}
Session ID: 2cf28825ea7a8a419a5b05b8e5d35d84</small> </font> </div>
<div class="test-event"> <font color="maroon"> <small> &emsp; &emsp;--- 05 May 00:41:11 146 - <b>0</b> - Spinner Load Wait: (Sync) - ICar.support.WaitUtils.waitForSpinner(WaitUtils.java:225)</small> </font> </div>
<div class="test-event"> <font color="maroon"> <small> &emsp; &emsp;--- 05 May 00:41:21 229 - Page URL:: https://www.i-car.com/product/fca-diagnostic-data-recording-with-witech-flight-recording</small> </font> </div>
<div class="test-event"> <font color="maroon"> <small> &emsp; &emsp;--- 05 May 00:41:21 229 - <b>0</b> - Page Load Wait: (Sync) - ICar.support.Utils.waitForPageLoad(Utils.java:109)</small> </font> </div>
<div class="test-event"> <font color="maroon"> <small> &emsp; &emsp;--- 05 May 00:41:21 247 - Element is displayed:: [[ChromeDriver: chrome on WINDOWS (2cf28825ea7a8a419a5b05b8e5d35d84)] -> xpath: //a[contains(text(),'Back to Courses')]]</small> </font> </div>
<div class="test-event"> <font color="maroon"> <small> &emsp; &emsp;--- 05 May 00:41:28 287 - Catched spinner load exception due to javascript error: {"status":32,"value":"An invalid or illegal selector was specified"}
  (Session info: chrome=124.0.6367.92)
Build info: version: '4.6.0', revision: '79f1c02ae20'
System info: os.name: 'Windows 10', os.arch: 'amd64', os.version: '10.0', java.version: '17.0.7'
Driver info: org.openqa.selenium.chrome.ChromeDriver
Command: [2cf28825ea7a8a419a5b05b8e5d35d84, findElement {using=css selector, value=div[class='slds-spinner slds-spinner_brand slds-spinner_small']>div:nth-child(2)r}]
Capabilities {acceptInsecureCerts: false, browserName: chrome, browserVersion: 124.0.6367.92, chrome: {chromedriverVersion: 124.0.6367.91 (51df0e5e17a8..., userDataDir: C:\Users\PRATHA~1.KUM\AppDa...}, fedcm:accounts: true, goog:chromeOptions: {debuggerAddress: localhost:49451}, networkConnectionEnabled: false, pageLoadStrategy: normal, platformName: WINDOWS, proxy: Proxy(), se:cdp: ws://localhost:49451/devtoo..., se:cdpVersion: 124.0.6367.92, setWindowRect: true, strictFileInteractability: false, timeouts: {implicit: 0, pageLoad: 300000, script: 30000}, unhandledPromptBehavior: dismiss and notify, webauthn:extension:credBlob: true, webauthn:extension:largeBlob: true, webauthn:extension:minPinLength: true, webauthn:extension:prf: true, webauthn:virtualAuthenticators: true}
Session ID: 2cf28825ea7a8a419a5b05b8e5d35d84</small> </font> </div>
<div class="test-event"> <font color="maroon"> <small> &emsp; &emsp;--- 05 May 00:41:28 287 - <b>0</b> - Spinner Load Wait: (Sync) - ICar.support.WaitUtils.waitForSpinner(WaitUtils.java:225)</small> </font> </div>
<div class="test-message">&emsp;Back To Courses is displayed in the page </div>
<div class="test-message">&emsp;Successfully verified Back To Course Link&emsp;<a href=".\ScreenShot\URL_TC001_2723625902670300.png" target="_blank" >[ScreenShot]</a></div>
<div class="test-event"> <font color="maroon"> <small> &emsp; &emsp;--- 05 May 00:41:28 534 - Catched spinner load exception due to javascript error: {"status":32,"value":"An invalid or illegal selector was specified"}
  (Session info: chrome=124.0.6367.92)
Build info: version: '4.6.0', revision: '79f1c02ae20'
System info: os.name: 'Windows 10', os.arch: 'amd64', os.version: '10.0', java.version: '17.0.7'
Driver info: org.openqa.selenium.chrome.ChromeDriver
Command: [2cf28825ea7a8a419a5b05b8e5d35d84, findElement {using=css selector, value=div[class='slds-spinner slds-spinner_brand slds-spinner_small']>div:nth-child(2)r}]
Capabilities {acceptInsecureCerts: false, browserName: chrome, browserVersion: 124.0.6367.92, chrome: {chromedriverVersion: 124.0.6367.91 (51df0e5e17a8..., userDataDir: C:\Users\PRATHA~1.KUM\AppDa...}, fedcm:accounts: true, goog:chromeOptions: {debuggerAddress: localhost:49451}, networkConnectionEnabled: false, pageLoadStrategy: normal, platformName: WINDOWS, proxy: Proxy(), se:cdp: ws://localhost:49451/devtoo..., se:cdpVersion: 124.0.6367.92, setWindowRect: true, strictFileInteractability: false, timeouts: {implicit: 0, pageLoad: 300000, script: 30000}, unhandledPromptBehavior: dismiss and notify, webauthn:extension:credBlob: true, webauthn:extension:largeBlob: true, webauthn:extension:minPinLength: true, webauthn:extension:prf: true, webauthn:virtualAuthenticators: true}
Session ID: 2cf28825ea7a8a419a5b05b8e5d35d84</small> </font> </div>
<div class="test-event"> <font color="maroon"> <small> &emsp; &emsp;--- 05 May 00:41:28 534 - <b>0</b> - Spinner Load Wait: (Sync) - ICar.support.WaitUtils.waitForSpinner(WaitUtils.java:225)</small> </font> </div>
<div class="test-event"> <font color="maroon"> <small> &emsp; &emsp;--- 05 May 00:41:28 595 - Page URL:: https://www.i-car.com/product/fca-diagnostic-data-recording-with-witech-flight-recording</small> </font> </div>
<div class="test-event"> <font color="maroon"> <small> &emsp; &emsp;--- 05 May 00:41:28 595 - <b>0</b> - Page Load Wait: (Sync) - ICar.support.Utils.waitForPageLoad(Utils.java:109)</small> </font> </div>
<div class="test-event"> <font color="maroon"> <small> &emsp; &emsp;--- 05 May 00:41:38 640 - Element is displayed:: [[ChromeDriver: chrome on WINDOWS (2cf28825ea7a8a419a5b05b8e5d35d84)] -> xpath: //div[@class='productDetails slds-p-bottom_large']//div[contains(@class,'slds-p-bottom_medium')]]</small> </font> </div>
<div class="test-message">&emsp;Course Name : FCADiagnosticDataRecordingwithwiTECHFlightRecording is displayed in the URL page</div>
<div class="test-message">&emsp;Successfully verified the course name for relevant link&emsp;<a href=".\ScreenShot\URL_TC001_2723644273975700.png" target="_blank" >[ScreenShot]</a></div>
<div class="test-message">&emsp;
</div>
<div class="test-message">&emsp;173. URL is : https://www.i-car.com/product/acura-nsx-damage-analysis</div>
<div class="test-event"> <font color="maroon"> <small> &emsp; &emsp;--- 05 May 00:41:47 817 - Page URL:: https://www.i-car.com/product/acura-nsx-damage-analysis</small> </font> </div>
<div class="test-event"> <font color="maroon"> <small> &emsp; &emsp;--- 05 May 00:41:47 817 - <b>0</b> - Page Load Wait: (Sync) - ICar.support.Utils.waitForPageLoad(Utils.java:109)</small> </font> </div>
<div class="test-message">&emsp;Successfully navigated to the :  https://www.i-car.com/product/acura-nsx-damage-analysis   Page&emsp;<a href=".\ScreenShot\URL_TC001_2723645421719600.png" target="_blank" >[ScreenShot]</a></div>
<div class="test-event"> <font color="maroon"> <small> &emsp; &emsp;--- 05 May 00:41:48 074 - Page URL:: https://www.i-car.com/product/acura-nsx-damage-analysis</small> </font> </div>
<div class="test-event"> <font color="maroon"> <small> &emsp; &emsp;--- 05 May 00:41:48 074 - <b>0</b> - Page Load Wait: (Sync) - ICar.support.Utils.waitForPageLoad(Utils.java:109)</small> </font> </div>
<div class="test-event"> <font color="maroon"> <small> &emsp; &emsp;--- 05 May 00:41:48 083 - Catched spinner load exception due to javascript error: {"status":32,"value":"An invalid or illegal selector was specified"}
  (Session info: chrome=124.0.6367.92)
Build info: version: '4.6.0', revision: '79f1c02ae20'
System info: os.name: 'Windows 10', os.arch: 'amd64', os.version: '10.0', java.version: '17.0.7'
Driver info: org.openqa.selenium.chrome.ChromeDriver
Command: [2cf28825ea7a8a419a5b05b8e5d35d84, findElement {using=css selector, value=div[class='slds-spinner slds-spinner_brand slds-spinner_small']>div:nth-child(2)r}]
Capabilities {acceptInsecureCerts: false, browserName: chrome, browserVersion: 124.0.6367.92, chrome: {chromedriverVersion: 124.0.6367.91 (51df0e5e17a8..., userDataDir: C:\Users\PRATHA~1.KUM\AppDa...}, fedcm:accounts: true, goog:chromeOptions: {debuggerAddress: localhost:49451}, networkConnectionEnabled: false, pageLoadStrategy: normal, platformName: WINDOWS, proxy: Proxy(), se:cdp: ws://localhost:49451/devtoo..., se:cdpVersion: 124.0.6367.92, setWindowRect: true, strictFileInteractability: false, timeouts: {implicit: 0, pageLoad: 300000, script: 30000}, unhandledPromptBehavior: dismiss and notify, webauthn:extension:credBlob: true, webauthn:extension:largeBlob: true, webauthn:extension:minPinLength: true, webauthn:extension:prf: true, webauthn:virtualAuthenticators: true}
Session ID: 2cf28825ea7a8a419a5b05b8e5d35d84</small> </font> </div>
<div class="test-event"> <font color="maroon"> <small> &emsp; &emsp;--- 05 May 00:41:48 083 - <b>0</b> - Spinner Load Wait: (Sync) - ICar.support.WaitUtils.waitForSpinner(WaitUtils.java:225)</small> </font> </div>
<div class="test-event"> <font color="maroon"> <small> &emsp; &emsp;--- 05 May 00:41:58 157 - Page URL:: https://www.i-car.com/product/acura-nsx-damage-analysis</small> </font> </div>
<div class="test-event"> <font color="maroon"> <small> &emsp; &emsp;--- 05 May 00:41:58 157 - <b>0</b> - Page Load Wait: (Sync) - ICar.support.Utils.waitForPageLoad(Utils.java:109)</small> </font> </div>
<div class="test-event"> <font color="maroon"> <small> &emsp; &emsp;--- 05 May 00:41:58 172 - Element is displayed:: [[ChromeDriver: chrome on WINDOWS (2cf28825ea7a8a419a5b05b8e5d35d84)] -> xpath: //a[contains(text(),'Back to Courses')]]</small> </font> </div>
<div class="test-event"> <font color="maroon"> <small> &emsp; &emsp;--- 05 May 00:42:05 202 - Catched spinner load exception due to javascript error: {"status":32,"value":"An invalid or illegal selector was specified"}
  (Session info: chrome=124.0.6367.92)
Build info: version: '4.6.0', revision: '79f1c02ae20'
System info: os.name: 'Windows 10', os.arch: 'amd64', os.version: '10.0', java.version: '17.0.7'
Driver info: org.openqa.selenium.chrome.ChromeDriver
Command: [2cf28825ea7a8a419a5b05b8e5d35d84, findElement {using=css selector, value=div[class='slds-spinner slds-spinner_brand slds-spinner_small']>div:nth-child(2)r}]
Capabilities {acceptInsecureCerts: false, browserName: chrome, browserVersion: 124.0.6367.92, chrome: {chromedriverVersion: 124.0.6367.91 (51df0e5e17a8..., userDataDir: C:\Users\PRATHA~1.KUM\AppDa...}, fedcm:accounts: true, goog:chromeOptions: {debuggerAddress: localhost:49451}, networkConnectionEnabled: false, pageLoadStrategy: normal, platformName: WINDOWS, proxy: Proxy(), se:cdp: ws://localhost:49451/devtoo..., se:cdpVersion: 124.0.6367.92, setWindowRect: true, strictFileInteractability: false, timeouts: {implicit: 0, pageLoad: 300000, script: 30000}, unhandledPromptBehavior: dismiss and notify, webauthn:extension:credBlob: true, webauthn:extension:largeBlob: true, webauthn:extension:minPinLength: true, webauthn:extension:prf: true, webauthn:virtualAuthenticators: true}
Session ID: 2cf28825ea7a8a419a5b05b8e5d35d84</small> </font> </div>
<div class="test-event"> <font color="maroon"> <small> &emsp; &emsp;--- 05 May 00:42:05 202 - <b>0</b> - Spinner Load Wait: (Sync) - ICar.support.WaitUtils.waitForSpinner(WaitUtils.java:225)</small> </font> </div>
<div class="test-message">&emsp;Back To Courses is displayed in the page </div>
<div class="test-message">&emsp;Successfully verified Back To Course Link&emsp;<a href=".\ScreenShot\URL_TC001_2723662816113900.png" target="_blank" >[ScreenShot]</a></div>
<div class="test-event"> <font color="maroon"> <small> &emsp; &emsp;--- 05 May 00:42:05 438 - Catched spinner load exception due to javascript error: {"status":32,"value":"An invalid or illegal selector was specified"}
  (Session info: chrome=124.0.6367.92)
Build info: version: '4.6.0', revision: '79f1c02ae20'
System info: os.name: 'Windows 10', os.arch: 'amd64', os.version: '10.0', java.version: '17.0.7'
Driver info: org.openqa.selenium.chrome.ChromeDriver
Command: [2cf28825ea7a8a419a5b05b8e5d35d84, findElement {using=css selector, value=div[class='slds-spinner slds-spinner_brand slds-spinner_small']>div:nth-child(2)r}]
Capabilities {acceptInsecureCerts: false, browserName: chrome, browserVersion: 124.0.6367.92, chrome: {chromedriverVersion: 124.0.6367.91 (51df0e5e17a8..., userDataDir: C:\Users\PRATHA~1.KUM\AppDa...}, fedcm:accounts: true, goog:chromeOptions: {debuggerAddress: localhost:49451}, networkConnectionEnabled: false, pageLoadStrategy: normal, platformName: WINDOWS, proxy: Proxy(), se:cdp: ws://localhost:49451/devtoo..., se:cdpVersion: 124.0.6367.92, setWindowRect: true, strictFileInteractability: false, timeouts: {implicit: 0, pageLoad: 300000, script: 30000}, unhandledPromptBehavior: dismiss and notify, webauthn:extension:credBlob: true, webauthn:extension:largeBlob: true, webauthn:extension:minPinLength: true, webauthn:extension:prf: true, webauthn:virtualAuthenticators: true}
Session ID: 2cf28825ea7a8a419a5b05b8e5d35d84</small> </font> </div>
<div class="test-event"> <font color="maroon"> <small> &emsp; &emsp;--- 05 May 00:42:05 438 - <b>0</b> - Spinner Load Wait: (Sync) - ICar.support.WaitUtils.waitForSpinner(WaitUtils.java:225)</small> </font> </div>
<div class="test-event"> <font color="maroon"> <small> &emsp; &emsp;--- 05 May 00:42:05 502 - Page URL:: https://www.i-car.com/product/acura-nsx-damage-analysis</small> </font> </div>
<div class="test-event"> <font color="maroon"> <small> &emsp; &emsp;--- 05 May 00:42:05 502 - <b>0</b> - Page Load Wait: (Sync) - ICar.support.Utils.waitForPageLoad(Utils.java:109)</small> </font> </div>
<div class="test-event"> <font color="maroon"> <small> &emsp; &emsp;--- 05 May 00:42:15 558 - Element is displayed:: [[ChromeDriver: chrome on WINDOWS (2cf28825ea7a8a419a5b05b8e5d35d84)] -> xpath: //div[@class='productDetails slds-p-bottom_large']//div[contains(@class,'slds-p-bottom_medium')]]</small> </font> </div>
<div class="test-message">&emsp;Course Name : AcuraNSXDamageAnalysis is displayed in the URL page</div>
<div class="test-message">&emsp;Successfully verified the course name for relevant link&emsp;<a href=".\ScreenShot\URL_TC001_2723681189961100.png" target="_blank" >[ScreenShot]</a></div>
<div class="test-message">&emsp;
</div>
<div class="test-message">&emsp;174. URL is : https://www.i-car.com/product/vehicle-construction-material-types</div>
<div class="test-event"> <font color="maroon"> <small> &emsp; &emsp;--- 05 May 00:42:25 213 - Page URL:: https://www.i-car.com/product/vehicle-construction-material-types</small> </font> </div>
<div class="test-event"> <font color="maroon"> <small> &emsp; &emsp;--- 05 May 00:42:25 213 - <b>0</b> - Page Load Wait: (Sync) - ICar.support.Utils.waitForPageLoad(Utils.java:109)</small> </font> </div>
<div class="test-message">&emsp;Successfully navigated to the :  https://www.i-car.com/product/vehicle-construction-material-types   Page&emsp;<a href=".\ScreenShot\URL_TC001_2723682819174200.png" target="_blank" >[ScreenShot]</a></div>
<div class="test-event"> <font color="maroon"> <small> &emsp; &emsp;--- 05 May 00:42:25 501 - Page URL:: https://www.i-car.com/product/vehicle-construction-material-types</small> </font> </div>
<div class="test-event"> <font color="maroon"> <small> &emsp; &emsp;--- 05 May 00:42:25 501 - <b>0</b> - Page Load Wait: (Sync) - ICar.support.Utils.waitForPageLoad(Utils.java:109)</small> </font> </div>
<div class="test-event"> <font color="maroon"> <small> &emsp; &emsp;--- 05 May 00:42:25 509 - Catched spinner load exception due to javascript error: {"status":32,"value":"An invalid or illegal selector was specified"}
  (Session info: chrome=124.0.6367.92)
Build info: version: '4.6.0', revision: '79f1c02ae20'
System info: os.name: 'Windows 10', os.arch: 'amd64', os.version: '10.0', java.version: '17.0.7'
Driver info: org.openqa.selenium.chrome.ChromeDriver
Command: [2cf28825ea7a8a419a5b05b8e5d35d84, findElement {using=css selector, value=div[class='slds-spinner slds-spinner_brand slds-spinner_small']>div:nth-child(2)r}]
Capabilities {acceptInsecureCerts: false, browserName: chrome, browserVersion: 124.0.6367.92, chrome: {chromedriverVersion: 124.0.6367.91 (51df0e5e17a8..., userDataDir: C:\Users\PRATHA~1.KUM\AppDa...}, fedcm:accounts: true, goog:chromeOptions: {debuggerAddress: localhost:49451}, networkConnectionEnabled: false, pageLoadStrategy: normal, platformName: WINDOWS, proxy: Proxy(), se:cdp: ws://localhost:49451/devtoo..., se:cdpVersion: 124.0.6367.92, setWindowRect: true, strictFileInteractability: false, timeouts: {implicit: 0, pageLoad: 300000, script: 30000}, unhandledPromptBehavior: dismiss and notify, webauthn:extension:credBlob: true, webauthn:extension:largeBlob: true, webauthn:extension:minPinLength: true, webauthn:extension:prf: true, webauthn:virtualAuthenticators: true}
Session ID: 2cf28825ea7a8a419a5b05b8e5d35d84</small> </font> </div>
<div class="test-event"> <font color="maroon"> <small> &emsp; &emsp;--- 05 May 00:42:25 509 - <b>0</b> - Spinner Load Wait: (Sync) - ICar.support.WaitUtils.waitForSpinner(WaitUtils.java:225)</small> </font> </div>
<div class="test-event"> <font color="maroon"> <small> &emsp; &emsp;--- 05 May 00:42:35 582 - Page URL:: https://www.i-car.com/product/vehicle-construction-material-types</small> </font> </div>
<div class="test-event"> <font color="maroon"> <small> &emsp; &emsp;--- 05 May 00:42:35 582 - <b>0</b> - Page Load Wait: (Sync) - ICar.support.Utils.waitForPageLoad(Utils.java:109)</small> </font> </div>
<div class="test-event"> <font color="maroon"> <small> &emsp; &emsp;--- 05 May 00:42:35 598 - Element is displayed:: [[ChromeDriver: chrome on WINDOWS (2cf28825ea7a8a419a5b05b8e5d35d84)] -> xpath: //a[contains(text(),'Back to Courses')]]</small> </font> </div>
<div class="test-event"> <font color="maroon"> <small> &emsp; &emsp;--- 05 May 00:42:42 628 - Catched spinner load exception due to javascript error: {"status":32,"value":"An invalid or illegal selector was specified"}
  (Session info: chrome=124.0.6367.92)
Build info: version: '4.6.0', revision: '79f1c02ae20'
System info: os.name: 'Windows 10', os.arch: 'amd64', os.version: '10.0', java.version: '17.0.7'
Driver info: org.openqa.selenium.chrome.ChromeDriver
Command: [2cf28825ea7a8a419a5b05b8e5d35d84, findElement {using=css selector, value=div[class='slds-spinner slds-spinner_brand slds-spinner_small']>div:nth-child(2)r}]
Capabilities {acceptInsecureCerts: false, browserName: chrome, browserVersion: 124.0.6367.92, chrome: {chromedriverVersion: 124.0.6367.91 (51df0e5e17a8..., userDataDir: C:\Users\PRATHA~1.KUM\AppDa...}, fedcm:accounts: true, goog:chromeOptions: {debuggerAddress: localhost:49451}, networkConnectionEnabled: false, pageLoadStrategy: normal, platformName: WINDOWS, proxy: Proxy(), se:cdp: ws://localhost:49451/devtoo..., se:cdpVersion: 124.0.6367.92, setWindowRect: true, strictFileInteractability: false, timeouts: {implicit: 0, pageLoad: 300000, script: 30000}, unhandledPromptBehavior: dismiss and notify, webauthn:extension:credBlob: true, webauthn:extension:largeBlob: true, webauthn:extension:minPinLength: true, webauthn:extension:prf: true, webauthn:virtualAuthenticators: true}
Session ID: 2cf28825ea7a8a419a5b05b8e5d35d84</small> </font> </div>
<div class="test-event"> <font color="maroon"> <small> &emsp; &emsp;--- 05 May 00:42:42 628 - <b>0</b> - Spinner Load Wait: (Sync) - ICar.support.WaitUtils.waitForSpinner(WaitUtils.java:225)</small> </font> </div>
<div class="test-message">&emsp;Back To Courses is displayed in the page </div>
<div class="test-message">&emsp;Successfully verified Back To Course Link&emsp;<a href=".\ScreenShot\URL_TC001_2723700241334700.png" target="_blank" >[ScreenShot]</a></div>
<div class="test-event"> <font color="maroon"> <small> &emsp; &emsp;--- 05 May 00:42:42 894 - Catched spinner load exception due to javascript error: {"status":32,"value":"An invalid or illegal selector was specified"}
  (Session info: chrome=124.0.6367.92)
Build info: version: '4.6.0', revision: '79f1c02ae20'
System info: os.name: 'Windows 10', os.arch: 'amd64', os.version: '10.0', java.version: '17.0.7'
Driver info: org.openqa.selenium.chrome.ChromeDriver
Command: [2cf28825ea7a8a419a5b05b8e5d35d84, findElement {using=css selector, value=div[class='slds-spinner slds-spinner_brand slds-spinner_small']>div:nth-child(2)r}]
Capabilities {acceptInsecureCerts: false, browserName: chrome, browserVersion: 124.0.6367.92, chrome: {chromedriverVersion: 124.0.6367.91 (51df0e5e17a8..., userDataDir: C:\Users\PRATHA~1.KUM\AppDa...}, fedcm:accounts: true, goog:chromeOptions: {debuggerAddress: localhost:49451}, networkConnectionEnabled: false, pageLoadStrategy: normal, platformName: WINDOWS, proxy: Proxy(), se:cdp: ws://localhost:49451/devtoo..., se:cdpVersion: 124.0.6367.92, setWindowRect: true, strictFileInteractability: false, timeouts: {implicit: 0, pageLoad: 300000, script: 30000}, unhandledPromptBehavior: dismiss and notify, webauthn:extension:credBlob: true, webauthn:extension:largeBlob: true, webauthn:extension:minPinLength: true, webauthn:extension:prf: true, webauthn:virtualAuthenticators: true}
Session ID: 2cf28825ea7a8a419a5b05b8e5d35d84</small> </font> </div>
<div class="test-event"> <font color="maroon"> <small> &emsp; &emsp;--- 05 May 00:42:42 895 - <b>0</b> - Spinner Load Wait: (Sync) - ICar.support.WaitUtils.waitForSpinner(WaitUtils.java:225)</small> </font> </div>
<div class="test-event"> <font color="maroon"> <small> &emsp; &emsp;--- 05 May 00:42:42 961 - Page URL:: https://www.i-car.com/product/vehicle-construction-material-types</small> </font> </div>
<div class="test-event"> <font color="maroon"> <small> &emsp; &emsp;--- 05 May 00:42:42 961 - <b>0</b> - Page Load Wait: (Sync) - ICar.support.Utils.waitForPageLoad(Utils.java:109)</small> </font> </div>
<div class="test-event"> <font color="maroon"> <small> &emsp; &emsp;--- 05 May 00:42:53 029 - Element is displayed:: [[ChromeDriver: chrome on WINDOWS (2cf28825ea7a8a419a5b05b8e5d35d84)] -> xpath: //div[@class='productDetails slds-p-bottom_large']//div[contains(@class,'slds-p-bottom_medium')]]</small> </font> </div>
<div class="test-message">&emsp;Course Name : VehicleConstructionMaterialTypes is displayed in the URL page</div>
<div class="test-message">&emsp;Successfully verified the course name for relevant link&emsp;<a href=".\ScreenShot\URL_TC001_2723718659205600.png" target="_blank" >[ScreenShot]</a></div>
<div class="test-message">&emsp;
</div>
<div class="test-message">&emsp;175. URL is : https://www.i-car.com/product/ford-2024-mustang-new-model-training</div>
<div class="test-event"> <font color="maroon"> <small> &emsp; &emsp;--- 05 May 00:43:03 027 - Page URL:: https://www.i-car.com/product/ford-2024-mustang-new-model-training</small> </font> </div>
<div class="test-event"> <font color="maroon"> <small> &emsp; &emsp;--- 05 May 00:43:03 027 - <b>0</b> - Page Load Wait: (Sync) - ICar.support.Utils.waitForPageLoad(Utils.java:109)</small> </font> </div>
<div class="test-message">&emsp;Successfully navigated to the :  https://www.i-car.com/product/ford-2024-mustang-new-model-training   Page&emsp;<a href=".\ScreenShot\URL_TC001_2723720631762100.png" target="_blank" >[ScreenShot]</a></div>
<div class="test-event"> <font color="maroon"> <small> &emsp; &emsp;--- 05 May 00:43:03 306 - Page URL:: https://www.i-car.com/product/ford-2024-mustang-new-model-training</small> </font> </div>
<div class="test-event"> <font color="maroon"> <small> &emsp; &emsp;--- 05 May 00:43:03 307 - <b>0</b> - Page Load Wait: (Sync) - ICar.support.Utils.waitForPageLoad(Utils.java:109)</small> </font> </div>
<div class="test-event"> <font color="maroon"> <small> &emsp; &emsp;--- 05 May 00:43:03 313 - Catched spinner load exception due to javascript error: {"status":32,"value":"An invalid or illegal selector was specified"}
  (Session info: chrome=124.0.6367.92)
Build info: version: '4.6.0', revision: '79f1c02ae20'
System info: os.name: 'Windows 10', os.arch: 'amd64', os.version: '10.0', java.version: '17.0.7'
Driver info: org.openqa.selenium.chrome.ChromeDriver
Command: [2cf28825ea7a8a419a5b05b8e5d35d84, findElement {using=css selector, value=div[class='slds-spinner slds-spinner_brand slds-spinner_small']>div:nth-child(2)r}]
Capabilities {acceptInsecureCerts: false, browserName: chrome, browserVersion: 124.0.6367.92, chrome: {chromedriverVersion: 124.0.6367.91 (51df0e5e17a8..., userDataDir: C:\Users\PRATHA~1.KUM\AppDa...}, fedcm:accounts: true, goog:chromeOptions: {debuggerAddress: localhost:49451}, networkConnectionEnabled: false, pageLoadStrategy: normal, platformName: WINDOWS, proxy: Proxy(), se:cdp: ws://localhost:49451/devtoo..., se:cdpVersion: 124.0.6367.92, setWindowRect: true, strictFileInteractability: false, timeouts: {implicit: 0, pageLoad: 300000, script: 30000}, unhandledPromptBehavior: dismiss and notify, webauthn:extension:credBlob: true, webauthn:extension:largeBlob: true, webauthn:extension:minPinLength: true, webauthn:extension:prf: true, webauthn:virtualAuthenticators: true}
Session ID: 2cf28825ea7a8a419a5b05b8e5d35d84</small> </font> </div>
<div class="test-event"> <font color="maroon"> <small> &emsp; &emsp;--- 05 May 00:43:03 313 - <b>0</b> - Spinner Load Wait: (Sync) - ICar.support.WaitUtils.waitForSpinner(WaitUtils.java:225)</small> </font> </div>
<div class="test-event"> <font color="maroon"> <small> &emsp; &emsp;--- 05 May 00:43:13 458 - Page URL:: https://www.i-car.com/product/ford-2024-mustang-new-model-training</small> </font> </div>
<div class="test-event"> <font color="maroon"> <small> &emsp; &emsp;--- 05 May 00:43:13 458 - <b>0</b> - Page Load Wait: (Sync) - ICar.support.Utils.waitForPageLoad(Utils.java:109)</small> </font> </div>
<div class="test-event"> <font color="maroon"> <small> &emsp; &emsp;--- 05 May 00:43:13 475 - Element is displayed:: [[ChromeDriver: chrome on WINDOWS (2cf28825ea7a8a419a5b05b8e5d35d84)] -> xpath: //a[contains(text(),'Back to Courses')]]</small> </font> </div>
<div class="test-event"> <font color="maroon"> <small> &emsp; &emsp;--- 05 May 00:43:20 511 - Catched spinner load exception due to javascript error: {"status":32,"value":"An invalid or illegal selector was specified"}
  (Session info: chrome=124.0.6367.92)
Build info: version: '4.6.0', revision: '79f1c02ae20'
System info: os.name: 'Windows 10', os.arch: 'amd64', os.version: '10.0', java.version: '17.0.7'
Driver info: org.openqa.selenium.chrome.ChromeDriver
Command: [2cf28825ea7a8a419a5b05b8e5d35d84, findElement {using=css selector, value=div[class='slds-spinner slds-spinner_brand slds-spinner_small']>div:nth-child(2)r}]
Capabilities {acceptInsecureCerts: false, browserName: chrome, browserVersion: 124.0.6367.92, chrome: {chromedriverVersion: 124.0.6367.91 (51df0e5e17a8..., userDataDir: C:\Users\PRATHA~1.KUM\AppDa...}, fedcm:accounts: true, goog:chromeOptions: {debuggerAddress: localhost:49451}, networkConnectionEnabled: false, pageLoadStrategy: normal, platformName: WINDOWS, proxy: Proxy(), se:cdp: ws://localhost:49451/devtoo..., se:cdpVersion: 124.0.6367.92, setWindowRect: true, strictFileInteractability: false, timeouts: {implicit: 0, pageLoad: 300000, script: 30000}, unhandledPromptBehavior: dismiss and notify, webauthn:extension:credBlob: true, webauthn:extension:largeBlob: true, webauthn:extension:minPinLength: true, webauthn:extension:prf: true, webauthn:virtualAuthenticators: true}
Session ID: 2cf28825ea7a8a419a5b05b8e5d35d84</small> </font> </div>
<div class="test-event"> <font color="maroon"> <small> &emsp; &emsp;--- 05 May 00:43:20 511 - <b>0</b> - Spinner Load Wait: (Sync) - ICar.support.WaitUtils.waitForSpinner(WaitUtils.java:225)</small> </font> </div>
<div class="test-message">&emsp;Back To Courses is displayed in the page </div>
<div class="test-message">&emsp;Successfully verified Back To Course Link&emsp;<a href=".\ScreenShot\URL_TC001_2723738126336800.png" target="_blank" >[ScreenShot]</a></div>
<div class="test-event"> <font color="maroon"> <small> &emsp; &emsp;--- 05 May 00:43:20 784 - Catched spinner load exception due to javascript error: {"status":32,"value":"An invalid or illegal selector was specified"}
  (Session info: chrome=124.0.6367.92)
Build info: version: '4.6.0', revision: '79f1c02ae20'
System info: os.name: 'Windows 10', os.arch: 'amd64', os.version: '10.0', java.version: '17.0.7'
Driver info: org.openqa.selenium.chrome.ChromeDriver
Command: [2cf28825ea7a8a419a5b05b8e5d35d84, findElement {using=css selector, value=div[class='slds-spinner slds-spinner_brand slds-spinner_small']>div:nth-child(2)r}]
Capabilities {acceptInsecureCerts: false, browserName: chrome, browserVersion: 124.0.6367.92, chrome: {chromedriverVersion: 124.0.6367.91 (51df0e5e17a8..., userDataDir: C:\Users\PRATHA~1.KUM\AppDa...}, fedcm:accounts: true, goog:chromeOptions: {debuggerAddress: localhost:49451}, networkConnectionEnabled: false, pageLoadStrategy: normal, platformName: WINDOWS, proxy: Proxy(), se:cdp: ws://localhost:49451/devtoo..., se:cdpVersion: 124.0.6367.92, setWindowRect: true, strictFileInteractability: false, timeouts: {implicit: 0, pageLoad: 300000, script: 30000}, unhandledPromptBehavior: dismiss and notify, webauthn:extension:credBlob: true, webauthn:extension:largeBlob: true, webauthn:extension:minPinLength: true, webauthn:extension:prf: true, webauthn:virtualAuthenticators: true}
Session ID: 2cf28825ea7a8a419a5b05b8e5d35d84</small> </font> </div>
<div class="test-event"> <font color="maroon"> <small> &emsp; &emsp;--- 05 May 00:43:20 784 - <b>0</b> - Spinner Load Wait: (Sync) - ICar.support.WaitUtils.waitForSpinner(WaitUtils.java:225)</small> </font> </div>
<div class="test-event"> <font color="maroon"> <small> &emsp; &emsp;--- 05 May 00:43:20 845 - Page URL:: https://www.i-car.com/product/ford-2024-mustang-new-model-training</small> </font> </div>
<div class="test-event"> <font color="maroon"> <small> &emsp; &emsp;--- 05 May 00:43:20 845 - <b>0</b> - Page Load Wait: (Sync) - ICar.support.Utils.waitForPageLoad(Utils.java:109)</small> </font> </div>
<div class="test-event"> <font color="maroon"> <small> &emsp; &emsp;--- 05 May 00:43:30 894 - Element is displayed:: [[ChromeDriver: chrome on WINDOWS (2cf28825ea7a8a419a5b05b8e5d35d84)] -> xpath: //div[@class='productDetails slds-p-bottom_large']//div[contains(@class,'slds-p-bottom_medium')]]</small> </font> </div>
<div class="test-message">&emsp;Course Name : Ford2024MustangNewModelTraining is displayed in the URL page</div>
<div class="test-message">&emsp;Successfully verified the course name for relevant link&emsp;<a href=".\ScreenShot\URL_TC001_2723756520510400.png" target="_blank" >[ScreenShot]</a></div>
<div class="test-message">&emsp;
</div>
<div class="test-message">&emsp;176. URL is : https://www.i-car.com/product/honda-and-acura-adas-sensing</div>
<div class="test-event"> <font color="maroon"> <small> &emsp; &emsp;--- 05 May 00:43:40 211 - Page URL:: https://www.i-car.com/product/honda-and-acura-adas-sensing</small> </font> </div>
<div class="test-event"> <font color="maroon"> <small> &emsp; &emsp;--- 05 May 00:43:40 211 - <b>0</b> - Page Load Wait: (Sync) - ICar.support.Utils.waitForPageLoad(Utils.java:109)</small> </font> </div>
<div class="test-message">&emsp;Successfully navigated to the :  https://www.i-car.com/product/honda-and-acura-adas-sensing   Page&emsp;<a href=".\ScreenShot\URL_TC001_2723757816146800.png" target="_blank" >[ScreenShot]</a></div>
<div class="test-event"> <font color="maroon"> <small> &emsp; &emsp;--- 05 May 00:43:40 455 - Page URL:: https://www.i-car.com/product/honda-and-acura-adas-sensing</small> </font> </div>
<div class="test-event"> <font color="maroon"> <small> &emsp; &emsp;--- 05 May 00:43:40 455 - <b>0</b> - Page Load Wait: (Sync) - ICar.support.Utils.waitForPageLoad(Utils.java:109)</small> </font> </div>
<div class="test-event"> <font color="maroon"> <small> &emsp; &emsp;--- 05 May 00:43:40 462 - Catched spinner load exception due to javascript error: {"status":32,"value":"An invalid or illegal selector was specified"}
  (Session info: chrome=124.0.6367.92)
Build info: version: '4.6.0', revision: '79f1c02ae20'
System info: os.name: 'Windows 10', os.arch: 'amd64', os.version: '10.0', java.version: '17.0.7'
Driver info: org.openqa.selenium.chrome.ChromeDriver
Command: [2cf28825ea7a8a419a5b05b8e5d35d84, findElement {using=css selector, value=div[class='slds-spinner slds-spinner_brand slds-spinner_small']>div:nth-child(2)r}]
Capabilities {acceptInsecureCerts: false, browserName: chrome, browserVersion: 124.0.6367.92, chrome: {chromedriverVersion: 124.0.6367.91 (51df0e5e17a8..., userDataDir: C:\Users\PRATHA~1.KUM\AppDa...}, fedcm:accounts: true, goog:chromeOptions: {debuggerAddress: localhost:49451}, networkConnectionEnabled: false, pageLoadStrategy: normal, platformName: WINDOWS, proxy: Proxy(), se:cdp: ws://localhost:49451/devtoo..., se:cdpVersion: 124.0.6367.92, setWindowRect: true, strictFileInteractability: false, timeouts: {implicit: 0, pageLoad: 300000, script: 30000}, unhandledPromptBehavior: dismiss and notify, webauthn:extension:credBlob: true, webauthn:extension:largeBlob: true, webauthn:extension:minPinLength: true, webauthn:extension:prf: true, webauthn:virtualAuthenticators: true}
Session ID: 2cf28825ea7a8a419a5b05b8e5d35d84</small> </font> </div>
<div class="test-event"> <font color="maroon"> <small> &emsp; &emsp;--- 05 May 00:43:40 462 - <b>0</b> - Spinner Load Wait: (Sync) - ICar.support.WaitUtils.waitForSpinner(WaitUtils.java:225)</small> </font> </div>
<div class="test-event"> <font color="maroon"> <small> &emsp; &emsp;--- 05 May 00:43:50 578 - Page URL:: https://www.i-car.com/product/honda-and-acura-adas-sensing</small> </font> </div>
<div class="test-event"> <font color="maroon"> <small> &emsp; &emsp;--- 05 May 00:43:50 578 - <b>0</b> - Page Load Wait: (Sync) - ICar.support.Utils.waitForPageLoad(Utils.java:109)</small> </font> </div>
<div class="test-event"> <font color="maroon"> <small> &emsp; &emsp;--- 05 May 00:43:50 596 - Element is displayed:: [[ChromeDriver: chrome on WINDOWS (2cf28825ea7a8a419a5b05b8e5d35d84)] -> xpath: //a[contains(text(),'Back to Courses')]]</small> </font> </div>
<div class="test-event"> <font color="maroon"> <small> &emsp; &emsp;--- 05 May 00:43:57 625 - Catched spinner load exception due to javascript error: {"status":32,"value":"An invalid or illegal selector was specified"}
  (Session info: chrome=124.0.6367.92)
Build info: version: '4.6.0', revision: '79f1c02ae20'
System info: os.name: 'Windows 10', os.arch: 'amd64', os.version: '10.0', java.version: '17.0.7'
Driver info: org.openqa.selenium.chrome.ChromeDriver
Command: [2cf28825ea7a8a419a5b05b8e5d35d84, findElement {using=css selector, value=div[class='slds-spinner slds-spinner_brand slds-spinner_small']>div:nth-child(2)r}]
Capabilities {acceptInsecureCerts: false, browserName: chrome, browserVersion: 124.0.6367.92, chrome: {chromedriverVersion: 124.0.6367.91 (51df0e5e17a8..., userDataDir: C:\Users\PRATHA~1.KUM\AppDa...}, fedcm:accounts: true, goog:chromeOptions: {debuggerAddress: localhost:49451}, networkConnectionEnabled: false, pageLoadStrategy: normal, platformName: WINDOWS, proxy: Proxy(), se:cdp: ws://localhost:49451/devtoo..., se:cdpVersion: 124.0.6367.92, setWindowRect: true, strictFileInteractability: false, timeouts: {implicit: 0, pageLoad: 300000, script: 30000}, unhandledPromptBehavior: dismiss and notify, webauthn:extension:credBlob: true, webauthn:extension:largeBlob: true, webauthn:extension:minPinLength: true, webauthn:extension:prf: true, webauthn:virtualAuthenticators: true}
Session ID: 2cf28825ea7a8a419a5b05b8e5d35d84</small> </font> </div>
<div class="test-event"> <font color="maroon"> <small> &emsp; &emsp;--- 05 May 00:43:57 625 - <b>0</b> - Spinner Load Wait: (Sync) - ICar.support.WaitUtils.waitForSpinner(WaitUtils.java:225)</small> </font> </div>
<div class="test-message">&emsp;Back To Courses is displayed in the page </div>
<div class="test-message">&emsp;Successfully verified Back To Course Link&emsp;<a href=".\ScreenShot\URL_TC001_2723775239267500.png" target="_blank" >[ScreenShot]</a></div>
<div class="test-event"> <font color="maroon"> <small> &emsp; &emsp;--- 05 May 00:43:57 870 - Catched spinner load exception due to javascript error: {"status":32,"value":"An invalid or illegal selector was specified"}
  (Session info: chrome=124.0.6367.92)
Build info: version: '4.6.0', revision: '79f1c02ae20'
System info: os.name: 'Windows 10', os.arch: 'amd64', os.version: '10.0', java.version: '17.0.7'
Driver info: org.openqa.selenium.chrome.ChromeDriver
Command: [2cf28825ea7a8a419a5b05b8e5d35d84, findElement {using=css selector, value=div[class='slds-spinner slds-spinner_brand slds-spinner_small']>div:nth-child(2)r}]
Capabilities {acceptInsecureCerts: false, browserName: chrome, browserVersion: 124.0.6367.92, chrome: {chromedriverVersion: 124.0.6367.91 (51df0e5e17a8..., userDataDir: C:\Users\PRATHA~1.KUM\AppDa...}, fedcm:accounts: true, goog:chromeOptions: {debuggerAddress: localhost:49451}, networkConnectionEnabled: false, pageLoadStrategy: normal, platformName: WINDOWS, proxy: Proxy(), se:cdp: ws://localhost:49451/devtoo..., se:cdpVersion: 124.0.6367.92, setWindowRect: true, strictFileInteractability: false, timeouts: {implicit: 0, pageLoad: 300000, script: 30000}, unhandledPromptBehavior: dismiss and notify, webauthn:extension:credBlob: true, webauthn:extension:largeBlob: true, webauthn:extension:minPinLength: true, webauthn:extension:prf: true, webauthn:virtualAuthenticators: true}
Session ID: 2cf28825ea7a8a419a5b05b8e5d35d84</small> </font> </div>
<div class="test-event"> <font color="maroon"> <small> &emsp; &emsp;--- 05 May 00:43:57 870 - <b>0</b> - Spinner Load Wait: (Sync) - ICar.support.WaitUtils.waitForSpinner(WaitUtils.java:225)</small> </font> </div>
<div class="test-event"> <font color="maroon"> <small> &emsp; &emsp;--- 05 May 00:43:57 932 - Page URL:: https://www.i-car.com/product/honda-and-acura-adas-sensing</small> </font> </div>
<div class="test-event"> <font color="maroon"> <small> &emsp; &emsp;--- 05 May 00:43:57 932 - <b>0</b> - Page Load Wait: (Sync) - ICar.support.Utils.waitForPageLoad(Utils.java:109)</small> </font> </div>
<div class="test-event"> <font color="maroon"> <small> &emsp; &emsp;--- 05 May 00:44:07 986 - Element is displayed:: [[ChromeDriver: chrome on WINDOWS (2cf28825ea7a8a419a5b05b8e5d35d84)] -> xpath: //div[@class='productDetails slds-p-bottom_large']//div[contains(@class,'slds-p-bottom_medium')]]</small> </font> </div>
<div class="test-message">&emsp;Course Name : HondaandAcuraADASSensing is displayed in the URL page</div>
<div class="test-message">&emsp;Successfully verified the course name for relevant link&emsp;<a href=".\ScreenShot\URL_TC001_2723793609858100.png" target="_blank" >[ScreenShot]</a></div>
<div class="test-message">&emsp;
</div>
<div class="test-message">&emsp;177. URL is : https://www.i-car.com/product/toyota-collision-repair-overview</div>
<div class="test-event"> <font color="maroon"> <small> &emsp; &emsp;--- 05 May 00:44:17 299 - Page URL:: https://www.i-car.com/product/toyota-collision-repair-overview</small> </font> </div>
<div class="test-event"> <font color="maroon"> <small> &emsp; &emsp;--- 05 May 00:44:17 299 - <b>0</b> - Page Load Wait: (Sync) - ICar.support.Utils.waitForPageLoad(Utils.java:109)</small> </font> </div>
<div class="test-message">&emsp;Successfully navigated to the :  https://www.i-car.com/product/toyota-collision-repair-overview   Page&emsp;<a href=".\ScreenShot\URL_TC001_2723794904130000.png" target="_blank" >[ScreenShot]</a></div>
<div class="test-event"> <font color="maroon"> <small> &emsp; &emsp;--- 05 May 00:44:17 552 - Page URL:: https://www.i-car.com/product/toyota-collision-repair-overview</small> </font> </div>
<div class="test-event"> <font color="maroon"> <small> &emsp; &emsp;--- 05 May 00:44:17 552 - <b>0</b> - Page Load Wait: (Sync) - ICar.support.Utils.waitForPageLoad(Utils.java:109)</small> </font> </div>
<div class="test-event"> <font color="maroon"> <small> &emsp; &emsp;--- 05 May 00:44:17 559 - Catched spinner load exception due to javascript error: {"status":32,"value":"An invalid or illegal selector was specified"}
  (Session info: chrome=124.0.6367.92)
Build info: version: '4.6.0', revision: '79f1c02ae20'
System info: os.name: 'Windows 10', os.arch: 'amd64', os.version: '10.0', java.version: '17.0.7'
Driver info: org.openqa.selenium.chrome.ChromeDriver
Command: [2cf28825ea7a8a419a5b05b8e5d35d84, findElement {using=css selector, value=div[class='slds-spinner slds-spinner_brand slds-spinner_small']>div:nth-child(2)r}]
Capabilities {acceptInsecureCerts: false, browserName: chrome, browserVersion: 124.0.6367.92, chrome: {chromedriverVersion: 124.0.6367.91 (51df0e5e17a8..., userDataDir: C:\Users\PRATHA~1.KUM\AppDa...}, fedcm:accounts: true, goog:chromeOptions: {debuggerAddress: localhost:49451}, networkConnectionEnabled: false, pageLoadStrategy: normal, platformName: WINDOWS, proxy: Proxy(), se:cdp: ws://localhost:49451/devtoo..., se:cdpVersion: 124.0.6367.92, setWindowRect: true, strictFileInteractability: false, timeouts: {implicit: 0, pageLoad: 300000, script: 30000}, unhandledPromptBehavior: dismiss and notify, webauthn:extension:credBlob: true, webauthn:extension:largeBlob: true, webauthn:extension:minPinLength: true, webauthn:extension:prf: true, webauthn:virtualAuthenticators: true}
Session ID: 2cf28825ea7a8a419a5b05b8e5d35d84</small> </font> </div>
<div class="test-event"> <font color="maroon"> <small> &emsp; &emsp;--- 05 May 00:44:17 559 - <b>0</b> - Spinner Load Wait: (Sync) - ICar.support.WaitUtils.waitForSpinner(WaitUtils.java:225)</small> </font> </div>
<div class="test-event"> <font color="maroon"> <small> &emsp; &emsp;--- 05 May 00:44:27 635 - Page URL:: https://www.i-car.com/product/toyota-collision-repair-overview</small> </font> </div>
<div class="test-event"> <font color="maroon"> <small> &emsp; &emsp;--- 05 May 00:44:27 635 - <b>0</b> - Page Load Wait: (Sync) - ICar.support.Utils.waitForPageLoad(Utils.java:109)</small> </font> </div>
<div class="test-event"> <font color="maroon"> <small> &emsp; &emsp;--- 05 May 00:44:27 652 - Element is displayed:: [[ChromeDriver: chrome on WINDOWS (2cf28825ea7a8a419a5b05b8e5d35d84)] -> xpath: //a[contains(text(),'Back to Courses')]]</small> </font> </div>
<div class="test-event"> <font color="maroon"> <small> &emsp; &emsp;--- 05 May 00:44:34 703 - Catched spinner load exception due to javascript error: {"status":32,"value":"An invalid or illegal selector was specified"}
  (Session info: chrome=124.0.6367.92)
Build info: version: '4.6.0', revision: '79f1c02ae20'
System info: os.name: 'Windows 10', os.arch: 'amd64', os.version: '10.0', java.version: '17.0.7'
Driver info: org.openqa.selenium.chrome.ChromeDriver
Command: [2cf28825ea7a8a419a5b05b8e5d35d84, findElement {using=css selector, value=div[class='slds-spinner slds-spinner_brand slds-spinner_small']>div:nth-child(2)r}]
Capabilities {acceptInsecureCerts: false, browserName: chrome, browserVersion: 124.0.6367.92, chrome: {chromedriverVersion: 124.0.6367.91 (51df0e5e17a8..., userDataDir: C:\Users\PRATHA~1.KUM\AppDa...}, fedcm:accounts: true, goog:chromeOptions: {debuggerAddress: localhost:49451}, networkConnectionEnabled: false, pageLoadStrategy: normal, platformName: WINDOWS, proxy: Proxy(), se:cdp: ws://localhost:49451/devtoo..., se:cdpVersion: 124.0.6367.92, setWindowRect: true, strictFileInteractability: false, timeouts: {implicit: 0, pageLoad: 300000, script: 30000}, unhandledPromptBehavior: dismiss and notify, webauthn:extension:credBlob: true, webauthn:extension:largeBlob: true, webauthn:extension:minPinLength: true, webauthn:extension:prf: true, webauthn:virtualAuthenticators: true}
Session ID: 2cf28825ea7a8a419a5b05b8e5d35d84</small> </font> </div>
<div class="test-event"> <font color="maroon"> <small> &emsp; &emsp;--- 05 May 00:44:34 704 - <b>0</b> - Spinner Load Wait: (Sync) - ICar.support.WaitUtils.waitForSpinner(WaitUtils.java:225)</small> </font> </div>
<div class="test-message">&emsp;Back To Courses is displayed in the page </div>
<div class="test-message">&emsp;Successfully verified Back To Course Link&emsp;<a href=".\ScreenShot\URL_TC001_2723812331219600.png" target="_blank" >[ScreenShot]</a></div>
<div class="test-event"> <font color="maroon"> <small> &emsp; &emsp;--- 05 May 00:44:34 951 - Catched spinner load exception due to javascript error: {"status":32,"value":"An invalid or illegal selector was specified"}
  (Session info: chrome=124.0.6367.92)
Build info: version: '4.6.0', revision: '79f1c02ae20'
System info: os.name: 'Windows 10', os.arch: 'amd64', os.version: '10.0', java.version: '17.0.7'
Driver info: org.openqa.selenium.chrome.ChromeDriver
Command: [2cf28825ea7a8a419a5b05b8e5d35d84, findElement {using=css selector, value=div[class='slds-spinner slds-spinner_brand slds-spinner_small']>div:nth-child(2)r}]
Capabilities {acceptInsecureCerts: false, browserName: chrome, browserVersion: 124.0.6367.92, chrome: {chromedriverVersion: 124.0.6367.91 (51df0e5e17a8..., userDataDir: C:\Users\PRATHA~1.KUM\AppDa...}, fedcm:accounts: true, goog:chromeOptions: {debuggerAddress: localhost:49451}, networkConnectionEnabled: false, pageLoadStrategy: normal, platformName: WINDOWS, proxy: Proxy(), se:cdp: ws://localhost:49451/devtoo..., se:cdpVersion: 124.0.6367.92, setWindowRect: true, strictFileInteractability: false, timeouts: {implicit: 0, pageLoad: 300000, script: 30000}, unhandledPromptBehavior: dismiss and notify, webauthn:extension:credBlob: true, webauthn:extension:largeBlob: true, webauthn:extension:minPinLength: true, webauthn:extension:prf: true, webauthn:virtualAuthenticators: true}
Session ID: 2cf28825ea7a8a419a5b05b8e5d35d84</small> </font> </div>
<div class="test-event"> <font color="maroon"> <small> &emsp; &emsp;--- 05 May 00:44:34 951 - <b>0</b> - Spinner Load Wait: (Sync) - ICar.support.WaitUtils.waitForSpinner(WaitUtils.java:225)</small> </font> </div>
<div class="test-event"> <font color="maroon"> <small> &emsp; &emsp;--- 05 May 00:44:35 012 - Page URL:: https://www.i-car.com/product/toyota-collision-repair-overview</small> </font> </div>
<div class="test-event"> <font color="maroon"> <small> &emsp; &emsp;--- 05 May 00:44:35 012 - <b>0</b> - Page Load Wait: (Sync) - ICar.support.Utils.waitForPageLoad(Utils.java:109)</small> </font> </div>
<div class="test-event"> <font color="maroon"> <small> &emsp; &emsp;--- 05 May 00:44:45 088 - Element is displayed:: [[ChromeDriver: chrome on WINDOWS (2cf28825ea7a8a419a5b05b8e5d35d84)] -> xpath: //div[@class='productDetails slds-p-bottom_large']//div[contains(@class,'slds-p-bottom_medium')]]</small> </font> </div>
<div class="test-message">&emsp;Course Name : ToyotaCollisionRepairOverview is displayed in the URL page</div>
<div class="test-message">&emsp;Successfully verified the course name for relevant link&emsp;<a href=".\ScreenShot\URL_TC001_2723830724274000.png" target="_blank" >[ScreenShot]</a></div>
<div class="test-message">&emsp;
</div>
<div class="test-message">&emsp;178. URL is : https://www.i-car.com/product/air-movement-equipment</div>
<div class="test-event"> <font color="maroon"> <small> &emsp; &emsp;--- 05 May 00:44:54 755 - Page URL:: https://www.i-car.com/product/air-movement-equipment</small> </font> </div>
<div class="test-event"> <font color="maroon"> <small> &emsp; &emsp;--- 05 May 00:44:54 755 - <b>0</b> - Page Load Wait: (Sync) - ICar.support.Utils.waitForPageLoad(Utils.java:109)</small> </font> </div>
<div class="test-message">&emsp;Successfully navigated to the :  https://www.i-car.com/product/air-movement-equipment   Page&emsp;<a href=".\ScreenShot\URL_TC001_2723832360813400.png" target="_blank" >[ScreenShot]</a></div>
<div class="test-event"> <font color="maroon"> <small> &emsp; &emsp;--- 05 May 00:44:55 035 - Page URL:: https://www.i-car.com/product/air-movement-equipment</small> </font> </div>
<div class="test-event"> <font color="maroon"> <small> &emsp; &emsp;--- 05 May 00:44:55 035 - <b>0</b> - Page Load Wait: (Sync) - ICar.support.Utils.waitForPageLoad(Utils.java:109)</small> </font> </div>
<div class="test-event"> <font color="maroon"> <small> &emsp; &emsp;--- 05 May 00:44:55 042 - Catched spinner load exception due to javascript error: {"status":32,"value":"An invalid or illegal selector was specified"}
  (Session info: chrome=124.0.6367.92)
Build info: version: '4.6.0', revision: '79f1c02ae20'
System info: os.name: 'Windows 10', os.arch: 'amd64', os.version: '10.0', java.version: '17.0.7'
Driver info: org.openqa.selenium.chrome.ChromeDriver
Command: [2cf28825ea7a8a419a5b05b8e5d35d84, findElement {using=css selector, value=div[class='slds-spinner slds-spinner_brand slds-spinner_small']>div:nth-child(2)r}]
Capabilities {acceptInsecureCerts: false, browserName: chrome, browserVersion: 124.0.6367.92, chrome: {chromedriverVersion: 124.0.6367.91 (51df0e5e17a8..., userDataDir: C:\Users\PRATHA~1.KUM\AppDa...}, fedcm:accounts: true, goog:chromeOptions: {debuggerAddress: localhost:49451}, networkConnectionEnabled: false, pageLoadStrategy: normal, platformName: WINDOWS, proxy: Proxy(), se:cdp: ws://localhost:49451/devtoo..., se:cdpVersion: 124.0.6367.92, setWindowRect: true, strictFileInteractability: false, timeouts: {implicit: 0, pageLoad: 300000, script: 30000}, unhandledPromptBehavior: dismiss and notify, webauthn:extension:credBlob: true, webauthn:extension:largeBlob: true, webauthn:extension:minPinLength: true, webauthn:extension:prf: true, webauthn:virtualAuthenticators: true}
Session ID: 2cf28825ea7a8a419a5b05b8e5d35d84</small> </font> </div>
<div class="test-event"> <font color="maroon"> <small> &emsp; &emsp;--- 05 May 00:44:55 042 - <b>0</b> - Spinner Load Wait: (Sync) - ICar.support.WaitUtils.waitForSpinner(WaitUtils.java:225)</small> </font> </div>
<div class="test-event"> <font color="maroon"> <small> &emsp; &emsp;--- 05 May 00:45:05 125 - Page URL:: https://www.i-car.com/product/air-movement-equipment</small> </font> </div>
<div class="test-event"> <font color="maroon"> <small> &emsp; &emsp;--- 05 May 00:45:05 125 - <b>0</b> - Page Load Wait: (Sync) - ICar.support.Utils.waitForPageLoad(Utils.java:109)</small> </font> </div>
<div class="test-event"> <font color="maroon"> <small> &emsp; &emsp;--- 05 May 00:45:05 143 - Element is displayed:: [[ChromeDriver: chrome on WINDOWS (2cf28825ea7a8a419a5b05b8e5d35d84)] -> xpath: //a[contains(text(),'Back to Courses')]]</small> </font> </div>
<div class="test-event"> <font color="maroon"> <small> &emsp; &emsp;--- 05 May 00:45:12 166 - Catched spinner load exception due to javascript error: {"status":32,"value":"An invalid or illegal selector was specified"}
  (Session info: chrome=124.0.6367.92)
Build info: version: '4.6.0', revision: '79f1c02ae20'
System info: os.name: 'Windows 10', os.arch: 'amd64', os.version: '10.0', java.version: '17.0.7'
Driver info: org.openqa.selenium.chrome.ChromeDriver
Command: [2cf28825ea7a8a419a5b05b8e5d35d84, findElement {using=css selector, value=div[class='slds-spinner slds-spinner_brand slds-spinner_small']>div:nth-child(2)r}]
Capabilities {acceptInsecureCerts: false, browserName: chrome, browserVersion: 124.0.6367.92, chrome: {chromedriverVersion: 124.0.6367.91 (51df0e5e17a8..., userDataDir: C:\Users\PRATHA~1.KUM\AppDa...}, fedcm:accounts: true, goog:chromeOptions: {debuggerAddress: localhost:49451}, networkConnectionEnabled: false, pageLoadStrategy: normal, platformName: WINDOWS, proxy: Proxy(), se:cdp: ws://localhost:49451/devtoo..., se:cdpVersion: 124.0.6367.92, setWindowRect: true, strictFileInteractability: false, timeouts: {implicit: 0, pageLoad: 300000, script: 30000}, unhandledPromptBehavior: dismiss and notify, webauthn:extension:credBlob: true, webauthn:extension:largeBlob: true, webauthn:extension:minPinLength: true, webauthn:extension:prf: true, webauthn:virtualAuthenticators: true}
Session ID: 2cf28825ea7a8a419a5b05b8e5d35d84</small> </font> </div>
<div class="test-event"> <font color="maroon"> <small> &emsp; &emsp;--- 05 May 00:45:12 166 - <b>0</b> - Spinner Load Wait: (Sync) - ICar.support.WaitUtils.waitForSpinner(WaitUtils.java:225)</small> </font> </div>
<div class="test-message">&emsp;Back To Courses is displayed in the page </div>
<div class="test-message">&emsp;Successfully verified Back To Course Link&emsp;<a href=".\ScreenShot\URL_TC001_2723849781813900.png" target="_blank" >[ScreenShot]</a></div>
<div class="test-event"> <font color="maroon"> <small> &emsp; &emsp;--- 05 May 00:45:12 436 - Catched spinner load exception due to javascript error: {"status":32,"value":"An invalid or illegal selector was specified"}
  (Session info: chrome=124.0.6367.92)
Build info: version: '4.6.0', revision: '79f1c02ae20'
System info: os.name: 'Windows 10', os.arch: 'amd64', os.version: '10.0', java.version: '17.0.7'
Driver info: org.openqa.selenium.chrome.ChromeDriver
Command: [2cf28825ea7a8a419a5b05b8e5d35d84, findElement {using=css selector, value=div[class='slds-spinner slds-spinner_brand slds-spinner_small']>div:nth-child(2)r}]
Capabilities {acceptInsecureCerts: false, browserName: chrome, browserVersion: 124.0.6367.92, chrome: {chromedriverVersion: 124.0.6367.91 (51df0e5e17a8..., userDataDir: C:\Users\PRATHA~1.KUM\AppDa...}, fedcm:accounts: true, goog:chromeOptions: {debuggerAddress: localhost:49451}, networkConnectionEnabled: false, pageLoadStrategy: normal, platformName: WINDOWS, proxy: Proxy(), se:cdp: ws://localhost:49451/devtoo..., se:cdpVersion: 124.0.6367.92, setWindowRect: true, strictFileInteractability: false, timeouts: {implicit: 0, pageLoad: 300000, script: 30000}, unhandledPromptBehavior: dismiss and notify, webauthn:extension:credBlob: true, webauthn:extension:largeBlob: true, webauthn:extension:minPinLength: true, webauthn:extension:prf: true, webauthn:virtualAuthenticators: true}
Session ID: 2cf28825ea7a8a419a5b05b8e5d35d84</small> </font> </div>
<div class="test-event"> <font color="maroon"> <small> &emsp; &emsp;--- 05 May 00:45:12 437 - <b>0</b> - Spinner Load Wait: (Sync) - ICar.support.WaitUtils.waitForSpinner(WaitUtils.java:225)</small> </font> </div>
<div class="test-event"> <font color="maroon"> <small> &emsp; &emsp;--- 05 May 00:45:12 511 - Page URL:: https://www.i-car.com/product/air-movement-equipment</small> </font> </div>
<div class="test-event"> <font color="maroon"> <small> &emsp; &emsp;--- 05 May 00:45:12 511 - <b>0</b> - Page Load Wait: (Sync) - ICar.support.Utils.waitForPageLoad(Utils.java:109)</small> </font> </div>
<div class="test-event"> <font color="maroon"> <small> &emsp; &emsp;--- 05 May 00:45:22 555 - Element is displayed:: [[ChromeDriver: chrome on WINDOWS (2cf28825ea7a8a419a5b05b8e5d35d84)] -> xpath: //div[@class='productDetails slds-p-bottom_large']//div[contains(@class,'slds-p-bottom_medium')]]</small> </font> </div>
<div class="test-message">&emsp;Course Name : AirMovementEquipment is displayed in the URL page</div>
<div class="test-message">&emsp;Successfully verified the course name for relevant link&emsp;<a href=".\ScreenShot\URL_TC001_2723868179802400.png" target="_blank" >[ScreenShot]</a></div>
<div class="test-message">&emsp;
</div>
<div class="test-message">&emsp;179. URL is : https://www.i-car.com/product/ford-advanced-driver-assistance-systems-adas-101</div>
<div class="test-event"> <font color="maroon"> <small> &emsp; &emsp;--- 05 May 00:45:38 710 - Page URL:: https://www.i-car.com/product/ford-advanced-driver-assistance-systems-adas-101</small> </font> </div>
<div class="test-event"> <font color="maroon"> <small> &emsp; &emsp;--- 05 May 00:45:38 710 - <b>0</b> - Page Load Wait: (Sync) - ICar.support.Utils.waitForPageLoad(Utils.java:109)</small> </font> </div>
<div class="test-message">&emsp;Successfully navigated to the :  https://www.i-car.com/product/ford-advanced-driver-assistance-systems-adas-101   Page&emsp;<a href=".\ScreenShot\URL_TC001_2723876315861500.png" target="_blank" >[ScreenShot]</a></div>
<div class="test-event"> <font color="maroon"> <small> &emsp; &emsp;--- 05 May 00:45:38 978 - Page URL:: https://www.i-car.com/product/ford-advanced-driver-assistance-systems-adas-101</small> </font> </div>
<div class="test-event"> <font color="maroon"> <small> &emsp; &emsp;--- 05 May 00:45:38 978 - <b>0</b> - Page Load Wait: (Sync) - ICar.support.Utils.waitForPageLoad(Utils.java:109)</small> </font> </div>
<div class="test-event"> <font color="maroon"> <small> &emsp; &emsp;--- 05 May 00:45:38 985 - Catched spinner load exception due to javascript error: {"status":32,"value":"An invalid or illegal selector was specified"}
  (Session info: chrome=124.0.6367.92)
Build info: version: '4.6.0', revision: '79f1c02ae20'
System info: os.name: 'Windows 10', os.arch: 'amd64', os.version: '10.0', java.version: '17.0.7'
Driver info: org.openqa.selenium.chrome.ChromeDriver
Command: [2cf28825ea7a8a419a5b05b8e5d35d84, findElement {using=css selector, value=div[class='slds-spinner slds-spinner_brand slds-spinner_small']>div:nth-child(2)r}]
Capabilities {acceptInsecureCerts: false, browserName: chrome, browserVersion: 124.0.6367.92, chrome: {chromedriverVersion: 124.0.6367.91 (51df0e5e17a8..., userDataDir: C:\Users\PRATHA~1.KUM\AppDa...}, fedcm:accounts: true, goog:chromeOptions: {debuggerAddress: localhost:49451}, networkConnectionEnabled: false, pageLoadStrategy: normal, platformName: WINDOWS, proxy: Proxy(), se:cdp: ws://localhost:49451/devtoo..., se:cdpVersion: 124.0.6367.92, setWindowRect: true, strictFileInteractability: false, timeouts: {implicit: 0, pageLoad: 300000, script: 30000}, unhandledPromptBehavior: dismiss and notify, webauthn:extension:credBlob: true, webauthn:extension:largeBlob: true, webauthn:extension:minPinLength: true, webauthn:extension:prf: true, webauthn:virtualAuthenticators: true}
Session ID: 2cf28825ea7a8a419a5b05b8e5d35d84</small> </font> </div>
<div class="test-event"> <font color="maroon"> <small> &emsp; &emsp;--- 05 May 00:45:38 986 - <b>0</b> - Spinner Load Wait: (Sync) - ICar.support.WaitUtils.waitForSpinner(WaitUtils.java:225)</small> </font> </div>
<div class="test-event"> <font color="maroon"> <small> &emsp; &emsp;--- 05 May 00:45:49 056 - Page URL:: https://www.i-car.com/product/ford-advanced-driver-assistance-systems-adas-101</small> </font> </div>
<div class="test-event"> <font color="maroon"> <small> &emsp; &emsp;--- 05 May 00:45:49 056 - <b>0</b> - Page Load Wait: (Sync) - ICar.support.Utils.waitForPageLoad(Utils.java:109)</small> </font> </div>
<div class="test-event"> <font color="maroon"> <small> &emsp; &emsp;--- 05 May 00:45:49 075 - Element is displayed:: [[ChromeDriver: chrome on WINDOWS (2cf28825ea7a8a419a5b05b8e5d35d84)] -> xpath: //a[contains(text(),'Back to Courses')]]</small> </font> </div>
<div class="test-event"> <font color="maroon"> <small> &emsp; &emsp;--- 05 May 00:45:56 115 - Catched spinner load exception due to javascript error: {"status":32,"value":"An invalid or illegal selector was specified"}
  (Session info: chrome=124.0.6367.92)
Build info: version: '4.6.0', revision: '79f1c02ae20'
System info: os.name: 'Windows 10', os.arch: 'amd64', os.version: '10.0', java.version: '17.0.7'
Driver info: org.openqa.selenium.chrome.ChromeDriver
Command: [2cf28825ea7a8a419a5b05b8e5d35d84, findElement {using=css selector, value=div[class='slds-spinner slds-spinner_brand slds-spinner_small']>div:nth-child(2)r}]
Capabilities {acceptInsecureCerts: false, browserName: chrome, browserVersion: 124.0.6367.92, chrome: {chromedriverVersion: 124.0.6367.91 (51df0e5e17a8..., userDataDir: C:\Users\PRATHA~1.KUM\AppDa...}, fedcm:accounts: true, goog:chromeOptions: {debuggerAddress: localhost:49451}, networkConnectionEnabled: false, pageLoadStrategy: normal, platformName: WINDOWS, proxy: Proxy(), se:cdp: ws://localhost:49451/devtoo..., se:cdpVersion: 124.0.6367.92, setWindowRect: true, strictFileInteractability: false, timeouts: {implicit: 0, pageLoad: 300000, script: 30000}, unhandledPromptBehavior: dismiss and notify, webauthn:extension:credBlob: true, webauthn:extension:largeBlob: true, webauthn:extension:minPinLength: true, webauthn:extension:prf: true, webauthn:virtualAuthenticators: true}
Session ID: 2cf28825ea7a8a419a5b05b8e5d35d84</small> </font> </div>
<div class="test-event"> <font color="maroon"> <small> &emsp; &emsp;--- 05 May 00:45:56 115 - <b>0</b> - Spinner Load Wait: (Sync) - ICar.support.WaitUtils.waitForSpinner(WaitUtils.java:225)</small> </font> </div>
<div class="test-message">&emsp;Back To Courses is displayed in the page </div>
<div class="test-message">&emsp;Successfully verified Back To Course Link&emsp;<a href=".\ScreenShot\URL_TC001_2723893733100800.png" target="_blank" >[ScreenShot]</a></div>
<div class="test-event"> <font color="maroon"> <small> &emsp; &emsp;--- 05 May 00:45:56 425 - Catched spinner load exception due to javascript error: {"status":32,"value":"An invalid or illegal selector was specified"}
  (Session info: chrome=124.0.6367.92)
Build info: version: '4.6.0', revision: '79f1c02ae20'
System info: os.name: 'Windows 10', os.arch: 'amd64', os.version: '10.0', java.version: '17.0.7'
Driver info: org.openqa.selenium.chrome.ChromeDriver
Command: [2cf28825ea7a8a419a5b05b8e5d35d84, findElement {using=css selector, value=div[class='slds-spinner slds-spinner_brand slds-spinner_small']>div:nth-child(2)r}]
Capabilities {acceptInsecureCerts: false, browserName: chrome, browserVersion: 124.0.6367.92, chrome: {chromedriverVersion: 124.0.6367.91 (51df0e5e17a8..., userDataDir: C:\Users\PRATHA~1.KUM\AppDa...}, fedcm:accounts: true, goog:chromeOptions: {debuggerAddress: localhost:49451}, networkConnectionEnabled: false, pageLoadStrategy: normal, platformName: WINDOWS, proxy: Proxy(), se:cdp: ws://localhost:49451/devtoo..., se:cdpVersion: 124.0.6367.92, setWindowRect: true, strictFileInteractability: false, timeouts: {implicit: 0, pageLoad: 300000, script: 30000}, unhandledPromptBehavior: dismiss and notify, webauthn:extension:credBlob: true, webauthn:extension:largeBlob: true, webauthn:extension:minPinLength: true, webauthn:extension:prf: true, webauthn:virtualAuthenticators: true}
Session ID: 2cf28825ea7a8a419a5b05b8e5d35d84</small> </font> </div>
<div class="test-event"> <font color="maroon"> <small> &emsp; &emsp;--- 05 May 00:45:56 425 - <b>0</b> - Spinner Load Wait: (Sync) - ICar.support.WaitUtils.waitForSpinner(WaitUtils.java:225)</small> </font> </div>
<div class="test-event"> <font color="maroon"> <small> &emsp; &emsp;--- 05 May 00:45:56 486 - Page URL:: https://www.i-car.com/product/ford-advanced-driver-assistance-systems-adas-101</small> </font> </div>
<div class="test-event"> <font color="maroon"> <small> &emsp; &emsp;--- 05 May 00:45:56 486 - <b>0</b> - Page Load Wait: (Sync) - ICar.support.Utils.waitForPageLoad(Utils.java:109)</small> </font> </div>
<div class="test-event"> <font color="maroon"> <small> &emsp; &emsp;--- 05 May 00:46:06 559 - Element is displayed:: [[ChromeDriver: chrome on WINDOWS (2cf28825ea7a8a419a5b05b8e5d35d84)] -> xpath: //div[@class='productDetails slds-p-bottom_large']//div[contains(@class,'slds-p-bottom_medium')]]</small> </font> </div>
<div class="test-message">&emsp;Course Name : FordAdvancedDriverAssistanceSystemsADAS101 is displayed in the URL page</div>
<div class="test-message">&emsp;Successfully verified the course name for relevant link&emsp;<a href=".\ScreenShot\URL_TC001_2723912193151600.png" target="_blank" >[ScreenShot]</a></div>
<div class="test-message">&emsp;
</div>
<div class="test-message">&emsp;180. URL is : https://www.i-car.com/product/damage-analysis-of-unitized-structures-center</div>
<div class="test-event"> <font color="maroon"> <small> &emsp; &emsp;--- 05 May 00:46:16 019 - Page URL:: https://www.i-car.com/product/damage-analysis-of-unitized-structures-center</small> </font> </div>
<div class="test-event"> <font color="maroon"> <small> &emsp; &emsp;--- 05 May 00:46:16 020 - <b>0</b> - Page Load Wait: (Sync) - ICar.support.Utils.waitForPageLoad(Utils.java:109)</small> </font> </div>
<div class="test-message">&emsp;Successfully navigated to the :  https://www.i-car.com/product/damage-analysis-of-unitized-structures-center   Page&emsp;<a href=".\ScreenShot\URL_TC001_2723913624709200.png" target="_blank" >[ScreenShot]</a></div>
<div class="test-event"> <font color="maroon"> <small> &emsp; &emsp;--- 05 May 00:46:16 296 - Page URL:: https://www.i-car.com/product/damage-analysis-of-unitized-structures-center</small> </font> </div>
<div class="test-event"> <font color="maroon"> <small> &emsp; &emsp;--- 05 May 00:46:16 296 - <b>0</b> - Page Load Wait: (Sync) - ICar.support.Utils.waitForPageLoad(Utils.java:109)</small> </font> </div>
<div class="test-event"> <font color="maroon"> <small> &emsp; &emsp;--- 05 May 00:46:16 305 - Catched spinner load exception due to javascript error: {"status":32,"value":"An invalid or illegal selector was specified"}
  (Session info: chrome=124.0.6367.92)
Build info: version: '4.6.0', revision: '79f1c02ae20'
System info: os.name: 'Windows 10', os.arch: 'amd64', os.version: '10.0', java.version: '17.0.7'
Driver info: org.openqa.selenium.chrome.ChromeDriver
Command: [2cf28825ea7a8a419a5b05b8e5d35d84, findElement {using=css selector, value=div[class='slds-spinner slds-spinner_brand slds-spinner_small']>div:nth-child(2)r}]
Capabilities {acceptInsecureCerts: false, browserName: chrome, browserVersion: 124.0.6367.92, chrome: {chromedriverVersion: 124.0.6367.91 (51df0e5e17a8..., userDataDir: C:\Users\PRATHA~1.KUM\AppDa...}, fedcm:accounts: true, goog:chromeOptions: {debuggerAddress: localhost:49451}, networkConnectionEnabled: false, pageLoadStrategy: normal, platformName: WINDOWS, proxy: Proxy(), se:cdp: ws://localhost:49451/devtoo..., se:cdpVersion: 124.0.6367.92, setWindowRect: true, strictFileInteractability: false, timeouts: {implicit: 0, pageLoad: 300000, script: 30000}, unhandledPromptBehavior: dismiss and notify, webauthn:extension:credBlob: true, webauthn:extension:largeBlob: true, webauthn:extension:minPinLength: true, webauthn:extension:prf: true, webauthn:virtualAuthenticators: true}
Session ID: 2cf28825ea7a8a419a5b05b8e5d35d84</small> </font> </div>
<div class="test-event"> <font color="maroon"> <small> &emsp; &emsp;--- 05 May 00:46:16 305 - <b>0</b> - Spinner Load Wait: (Sync) - ICar.support.WaitUtils.waitForSpinner(WaitUtils.java:225)</small> </font> </div>
<div class="test-event"> <font color="maroon"> <small> &emsp; &emsp;--- 05 May 00:46:26 382 - Page URL:: https://www.i-car.com/product/damage-analysis-of-unitized-structures-center</small> </font> </div>
<div class="test-event"> <font color="maroon"> <small> &emsp; &emsp;--- 05 May 00:46:26 382 - <b>0</b> - Page Load Wait: (Sync) - ICar.support.Utils.waitForPageLoad(Utils.java:109)</small> </font> </div>
<div class="test-event"> <font color="maroon"> <small> &emsp; &emsp;--- 05 May 00:46:26 401 - Element is displayed:: [[ChromeDriver: chrome on WINDOWS (2cf28825ea7a8a419a5b05b8e5d35d84)] -> xpath: //a[contains(text(),'Back to Courses')]]</small> </font> </div>
<div class="test-event"> <font color="maroon"> <small> &emsp; &emsp;--- 05 May 00:46:33 430 - Catched spinner load exception due to javascript error: {"status":32,"value":"An invalid or illegal selector was specified"}
  (Session info: chrome=124.0.6367.92)
Build info: version: '4.6.0', revision: '79f1c02ae20'
System info: os.name: 'Windows 10', os.arch: 'amd64', os.version: '10.0', java.version: '17.0.7'
Driver info: org.openqa.selenium.chrome.ChromeDriver
Command: [2cf28825ea7a8a419a5b05b8e5d35d84, findElement {using=css selector, value=div[class='slds-spinner slds-spinner_brand slds-spinner_small']>div:nth-child(2)r}]
Capabilities {acceptInsecureCerts: false, browserName: chrome, browserVersion: 124.0.6367.92, chrome: {chromedriverVersion: 124.0.6367.91 (51df0e5e17a8..., userDataDir: C:\Users\PRATHA~1.KUM\AppDa...}, fedcm:accounts: true, goog:chromeOptions: {debuggerAddress: localhost:49451}, networkConnectionEnabled: false, pageLoadStrategy: normal, platformName: WINDOWS, proxy: Proxy(), se:cdp: ws://localhost:49451/devtoo..., se:cdpVersion: 124.0.6367.92, setWindowRect: true, strictFileInteractability: false, timeouts: {implicit: 0, pageLoad: 300000, script: 30000}, unhandledPromptBehavior: dismiss and notify, webauthn:extension:credBlob: true, webauthn:extension:largeBlob: true, webauthn:extension:minPinLength: true, webauthn:extension:prf: true, webauthn:virtualAuthenticators: true}
Session ID: 2cf28825ea7a8a419a5b05b8e5d35d84</small> </font> </div>
<div class="test-event"> <font color="maroon"> <small> &emsp; &emsp;--- 05 May 00:46:33 430 - <b>0</b> - Spinner Load Wait: (Sync) - ICar.support.WaitUtils.waitForSpinner(WaitUtils.java:225)</small> </font> </div>
<div class="test-message">&emsp;Back To Courses is displayed in the page </div>
<div class="test-message">&emsp;Successfully verified Back To Course Link&emsp;<a href=".\ScreenShot\URL_TC001_2723931046066900.png" target="_blank" >[ScreenShot]</a></div>
<div class="test-event"> <font color="maroon"> <small> &emsp; &emsp;--- 05 May 00:46:33 722 - Catched spinner load exception due to javascript error: {"status":32,"value":"An invalid or illegal selector was specified"}
  (Session info: chrome=124.0.6367.92)
Build info: version: '4.6.0', revision: '79f1c02ae20'
System info: os.name: 'Windows 10', os.arch: 'amd64', os.version: '10.0', java.version: '17.0.7'
Driver info: org.openqa.selenium.chrome.ChromeDriver
Command: [2cf28825ea7a8a419a5b05b8e5d35d84, findElement {using=css selector, value=div[class='slds-spinner slds-spinner_brand slds-spinner_small']>div:nth-child(2)r}]
Capabilities {acceptInsecureCerts: false, browserName: chrome, browserVersion: 124.0.6367.92, chrome: {chromedriverVersion: 124.0.6367.91 (51df0e5e17a8..., userDataDir: C:\Users\PRATHA~1.KUM\AppDa...}, fedcm:accounts: true, goog:chromeOptions: {debuggerAddress: localhost:49451}, networkConnectionEnabled: false, pageLoadStrategy: normal, platformName: WINDOWS, proxy: Proxy(), se:cdp: ws://localhost:49451/devtoo..., se:cdpVersion: 124.0.6367.92, setWindowRect: true, strictFileInteractability: false, timeouts: {implicit: 0, pageLoad: 300000, script: 30000}, unhandledPromptBehavior: dismiss and notify, webauthn:extension:credBlob: true, webauthn:extension:largeBlob: true, webauthn:extension:minPinLength: true, webauthn:extension:prf: true, webauthn:virtualAuthenticators: true}
Session ID: 2cf28825ea7a8a419a5b05b8e5d35d84</small> </font> </div>
<div class="test-event"> <font color="maroon"> <small> &emsp; &emsp;--- 05 May 00:46:33 722 - <b>0</b> - Spinner Load Wait: (Sync) - ICar.support.WaitUtils.waitForSpinner(WaitUtils.java:225)</small> </font> </div>
<div class="test-event"> <font color="maroon"> <small> &emsp; &emsp;--- 05 May 00:46:33 789 - Page URL:: https://www.i-car.com/product/damage-analysis-of-unitized-structures-center</small> </font> </div>
<div class="test-event"> <font color="maroon"> <small> &emsp; &emsp;--- 05 May 00:46:33 789 - <b>0</b> - Page Load Wait: (Sync) - ICar.support.Utils.waitForPageLoad(Utils.java:109)</small> </font> </div>
<div class="test-event"> <font color="maroon"> <small> &emsp; &emsp;--- 05 May 00:46:43 852 - Element is displayed:: [[ChromeDriver: chrome on WINDOWS (2cf28825ea7a8a419a5b05b8e5d35d84)] -> xpath: //div[@class='productDetails slds-p-bottom_large']//div[contains(@class,'slds-p-bottom_medium')]]</small> </font> </div>
<div class="test-message">&emsp;Course Name : DamageAnalysisofUnitizedStructuresCenter is displayed in the URL page</div>
<div class="test-message">&emsp;Successfully verified the course name for relevant link&emsp;<a href=".\ScreenShot\URL_TC001_2723949476171700.png" target="_blank" >[ScreenShot]</a></div>
<div class="test-message">&emsp;
</div>
<div class="test-message">&emsp;181. URL is : https://www.i-car.com/product/group-13</div>
<div class="test-event"> <font color="maroon"> <small> &emsp; &emsp;--- 05 May 00:46:53 017 - Page URL:: https://www.i-car.com/product/group-13</small> </font> </div>
<div class="test-event"> <font color="maroon"> <small> &emsp; &emsp;--- 05 May 00:46:53 017 - <b>0</b> - Page Load Wait: (Sync) - ICar.support.Utils.waitForPageLoad(Utils.java:109)</small> </font> </div>
<div class="test-message">&emsp;Successfully navigated to the :  https://www.i-car.com/product/group-13   Page&emsp;<a href=".\ScreenShot\URL_TC001_2723950622072400.png" target="_blank" >[ScreenShot]</a></div>
<div class="test-event"> <font color="maroon"> <small> &emsp; &emsp;--- 05 May 00:46:53 316 - Page URL:: https://www.i-car.com/product/group-13</small> </font> </div>
<div class="test-event"> <font color="maroon"> <small> &emsp; &emsp;--- 05 May 00:46:53 317 - <b>0</b> - Page Load Wait: (Sync) - ICar.support.Utils.waitForPageLoad(Utils.java:109)</small> </font> </div>
<div class="test-event"> <font color="maroon"> <small> &emsp; &emsp;--- 05 May 00:46:53 326 - Catched spinner load exception due to javascript error: {"status":32,"value":"An invalid or illegal selector was specified"}
  (Session info: chrome=124.0.6367.92)
Build info: version: '4.6.0', revision: '79f1c02ae20'
System info: os.name: 'Windows 10', os.arch: 'amd64', os.version: '10.0', java.version: '17.0.7'
Driver info: org.openqa.selenium.chrome.ChromeDriver
Command: [2cf28825ea7a8a419a5b05b8e5d35d84, findElement {using=css selector, value=div[class='slds-spinner slds-spinner_brand slds-spinner_small']>div:nth-child(2)r}]
Capabilities {acceptInsecureCerts: false, browserName: chrome, browserVersion: 124.0.6367.92, chrome: {chromedriverVersion: 124.0.6367.91 (51df0e5e17a8..., userDataDir: C:\Users\PRATHA~1.KUM\AppDa...}, fedcm:accounts: true, goog:chromeOptions: {debuggerAddress: localhost:49451}, networkConnectionEnabled: false, pageLoadStrategy: normal, platformName: WINDOWS, proxy: Proxy(), se:cdp: ws://localhost:49451/devtoo..., se:cdpVersion: 124.0.6367.92, setWindowRect: true, strictFileInteractability: false, timeouts: {implicit: 0, pageLoad: 300000, script: 30000}, unhandledPromptBehavior: dismiss and notify, webauthn:extension:credBlob: true, webauthn:extension:largeBlob: true, webauthn:extension:minPinLength: true, webauthn:extension:prf: true, webauthn:virtualAuthenticators: true}
Session ID: 2cf28825ea7a8a419a5b05b8e5d35d84</small> </font> </div>
<div class="test-event"> <font color="maroon"> <small> &emsp; &emsp;--- 05 May 00:46:53 326 - <b>0</b> - Spinner Load Wait: (Sync) - ICar.support.WaitUtils.waitForSpinner(WaitUtils.java:225)</small> </font> </div>
<div class="test-event"> <font color="maroon"> <small> &emsp; &emsp;--- 05 May 00:47:03 444 - Page URL:: https://www.i-car.com/product/group-13</small> </font> </div>
<div class="test-event"> <font color="maroon"> <small> &emsp; &emsp;--- 05 May 00:47:03 444 - <b>0</b> - Page Load Wait: (Sync) - ICar.support.Utils.waitForPageLoad(Utils.java:109)</small> </font> </div>
<div class="test-event"> <font color="maroon"> <small> &emsp; &emsp;--- 05 May 00:47:03 461 - Element is displayed:: [[ChromeDriver: chrome on WINDOWS (2cf28825ea7a8a419a5b05b8e5d35d84)] -> xpath: //a[contains(text(),'Back to Courses')]]</small> </font> </div>
<div class="test-event"> <font color="maroon"> <small> &emsp; &emsp;--- 05 May 00:47:10 498 - Catched spinner load exception due to javascript error: {"status":32,"value":"An invalid or illegal selector was specified"}
  (Session info: chrome=124.0.6367.92)
Build info: version: '4.6.0', revision: '79f1c02ae20'
System info: os.name: 'Windows 10', os.arch: 'amd64', os.version: '10.0', java.version: '17.0.7'
Driver info: org.openqa.selenium.chrome.ChromeDriver
Command: [2cf28825ea7a8a419a5b05b8e5d35d84, findElement {using=css selector, value=div[class='slds-spinner slds-spinner_brand slds-spinner_small']>div:nth-child(2)r}]
Capabilities {acceptInsecureCerts: false, browserName: chrome, browserVersion: 124.0.6367.92, chrome: {chromedriverVersion: 124.0.6367.91 (51df0e5e17a8..., userDataDir: C:\Users\PRATHA~1.KUM\AppDa...}, fedcm:accounts: true, goog:chromeOptions: {debuggerAddress: localhost:49451}, networkConnectionEnabled: false, pageLoadStrategy: normal, platformName: WINDOWS, proxy: Proxy(), se:cdp: ws://localhost:49451/devtoo..., se:cdpVersion: 124.0.6367.92, setWindowRect: true, strictFileInteractability: false, timeouts: {implicit: 0, pageLoad: 300000, script: 30000}, unhandledPromptBehavior: dismiss and notify, webauthn:extension:credBlob: true, webauthn:extension:largeBlob: true, webauthn:extension:minPinLength: true, webauthn:extension:prf: true, webauthn:virtualAuthenticators: true}
Session ID: 2cf28825ea7a8a419a5b05b8e5d35d84</small> </font> </div>
<div class="test-event"> <font color="maroon"> <small> &emsp; &emsp;--- 05 May 00:47:10 498 - <b>0</b> - Spinner Load Wait: (Sync) - ICar.support.WaitUtils.waitForSpinner(WaitUtils.java:225)</small> </font> </div>
<div class="test-message">&emsp;Back To Courses is displayed in the page </div>
<div class="test-message">&emsp;Successfully verified Back To Course Link&emsp;<a href=".\ScreenShot\URL_TC001_2723968112960600.png" target="_blank" >[ScreenShot]</a></div>
<div class="test-event"> <font color="maroon"> <small> &emsp; &emsp;--- 05 May 00:47:10 749 - Catched spinner load exception due to javascript error: {"status":32,"value":"An invalid or illegal selector was specified"}
  (Session info: chrome=124.0.6367.92)
Build info: version: '4.6.0', revision: '79f1c02ae20'
System info: os.name: 'Windows 10', os.arch: 'amd64', os.version: '10.0', java.version: '17.0.7'
Driver info: org.openqa.selenium.chrome.ChromeDriver
Command: [2cf28825ea7a8a419a5b05b8e5d35d84, findElement {using=css selector, value=div[class='slds-spinner slds-spinner_brand slds-spinner_small']>div:nth-child(2)r}]
Capabilities {acceptInsecureCerts: false, browserName: chrome, browserVersion: 124.0.6367.92, chrome: {chromedriverVersion: 124.0.6367.91 (51df0e5e17a8..., userDataDir: C:\Users\PRATHA~1.KUM\AppDa...}, fedcm:accounts: true, goog:chromeOptions: {debuggerAddress: localhost:49451}, networkConnectionEnabled: false, pageLoadStrategy: normal, platformName: WINDOWS, proxy: Proxy(), se:cdp: ws://localhost:49451/devtoo..., se:cdpVersion: 124.0.6367.92, setWindowRect: true, strictFileInteractability: false, timeouts: {implicit: 0, pageLoad: 300000, script: 30000}, unhandledPromptBehavior: dismiss and notify, webauthn:extension:credBlob: true, webauthn:extension:largeBlob: true, webauthn:extension:minPinLength: true, webauthn:extension:prf: true, webauthn:virtualAuthenticators: true}
Session ID: 2cf28825ea7a8a419a5b05b8e5d35d84</small> </font> </div>
<div class="test-event"> <font color="maroon"> <small> &emsp; &emsp;--- 05 May 00:47:10 749 - <b>0</b> - Spinner Load Wait: (Sync) - ICar.support.WaitUtils.waitForSpinner(WaitUtils.java:225)</small> </font> </div>
<div class="test-event"> <font color="maroon"> <small> &emsp; &emsp;--- 05 May 00:47:10 847 - Page URL:: https://www.i-car.com/product/group-13</small> </font> </div>
<div class="test-event"> <font color="maroon"> <small> &emsp; &emsp;--- 05 May 00:47:10 847 - <b>0</b> - Page Load Wait: (Sync) - ICar.support.Utils.waitForPageLoad(Utils.java:109)</small> </font> </div>
<div class="test-event"> <font color="maroon"> <small> &emsp; &emsp;--- 05 May 00:47:20 894 - Element is displayed:: [[ChromeDriver: chrome on WINDOWS (2cf28825ea7a8a419a5b05b8e5d35d84)] -> xpath: //div[@class='productDetails slds-p-bottom_large']//div[contains(@class,'slds-p-bottom_medium')]]</small> </font> </div>
<div class="test-message">&emsp;Course Name : Group13 is displayed in the URL page</div>
<div class="test-message">&emsp;Successfully verified the course name for relevant link&emsp;<a href=".\ScreenShot\URL_TC001_2723986519939000.png" target="_blank" >[ScreenShot]</a></div>
<div class="test-message">&emsp;
</div>
<div class="test-message">&emsp;182. URL is : https://www.i-car.com/product/air-conditioning-system-troubleshooting</div>
<div class="test-event"> <font color="maroon"> <small> &emsp; &emsp;--- 05 May 00:47:30 377 - Page URL:: https://www.i-car.com/product/air-conditioning-system-troubleshooting</small> </font> </div>
<div class="test-event"> <font color="maroon"> <small> &emsp; &emsp;--- 05 May 00:47:30 377 - <b>0</b> - Page Load Wait: (Sync) - ICar.support.Utils.waitForPageLoad(Utils.java:109)</small> </font> </div>
<div class="test-message">&emsp;Successfully navigated to the :  https://www.i-car.com/product/air-conditioning-system-troubleshooting   Page&emsp;<a href=".\ScreenShot\URL_TC001_2723987982233800.png" target="_blank" >[ScreenShot]</a></div>
<div class="test-event"> <font color="maroon"> <small> &emsp; &emsp;--- 05 May 00:47:30 660 - Page URL:: https://www.i-car.com/product/air-conditioning-system-troubleshooting</small> </font> </div>
<div class="test-event"> <font color="maroon"> <small> &emsp; &emsp;--- 05 May 00:47:30 661 - <b>0</b> - Page Load Wait: (Sync) - ICar.support.Utils.waitForPageLoad(Utils.java:109)</small> </font> </div>
<div class="test-event"> <font color="maroon"> <small> &emsp; &emsp;--- 05 May 00:47:30 669 - Catched spinner load exception due to javascript error: {"status":32,"value":"An invalid or illegal selector was specified"}
  (Session info: chrome=124.0.6367.92)
Build info: version: '4.6.0', revision: '79f1c02ae20'
System info: os.name: 'Windows 10', os.arch: 'amd64', os.version: '10.0', java.version: '17.0.7'
Driver info: org.openqa.selenium.chrome.ChromeDriver
Command: [2cf28825ea7a8a419a5b05b8e5d35d84, findElement {using=css selector, value=div[class='slds-spinner slds-spinner_brand slds-spinner_small']>div:nth-child(2)r}]
Capabilities {acceptInsecureCerts: false, browserName: chrome, browserVersion: 124.0.6367.92, chrome: {chromedriverVersion: 124.0.6367.91 (51df0e5e17a8..., userDataDir: C:\Users\PRATHA~1.KUM\AppDa...}, fedcm:accounts: true, goog:chromeOptions: {debuggerAddress: localhost:49451}, networkConnectionEnabled: false, pageLoadStrategy: normal, platformName: WINDOWS, proxy: Proxy(), se:cdp: ws://localhost:49451/devtoo..., se:cdpVersion: 124.0.6367.92, setWindowRect: true, strictFileInteractability: false, timeouts: {implicit: 0, pageLoad: 300000, script: 30000}, unhandledPromptBehavior: dismiss and notify, webauthn:extension:credBlob: true, webauthn:extension:largeBlob: true, webauthn:extension:minPinLength: true, webauthn:extension:prf: true, webauthn:virtualAuthenticators: true}
Session ID: 2cf28825ea7a8a419a5b05b8e5d35d84</small> </font> </div>
<div class="test-event"> <font color="maroon"> <small> &emsp; &emsp;--- 05 May 00:47:30 669 - <b>0</b> - Spinner Load Wait: (Sync) - ICar.support.WaitUtils.waitForSpinner(WaitUtils.java:225)</small> </font> </div>
<div class="test-event"> <font color="maroon"> <small> &emsp; &emsp;--- 05 May 00:47:40 775 - Page URL:: https://www.i-car.com/product/air-conditioning-system-troubleshooting</small> </font> </div>
<div class="test-event"> <font color="maroon"> <small> &emsp; &emsp;--- 05 May 00:47:40 775 - <b>0</b> - Page Load Wait: (Sync) - ICar.support.Utils.waitForPageLoad(Utils.java:109)</small> </font> </div>
<div class="test-event"> <font color="maroon"> <small> &emsp; &emsp;--- 05 May 00:47:40 793 - Element is displayed:: [[ChromeDriver: chrome on WINDOWS (2cf28825ea7a8a419a5b05b8e5d35d84)] -> xpath: //a[contains(text(),'Back to Courses')]]</small> </font> </div>
<div class="test-event"> <font color="maroon"> <small> &emsp; &emsp;--- 05 May 00:47:47 814 - Catched spinner load exception due to javascript error: {"status":32,"value":"An invalid or illegal selector was specified"}
  (Session info: chrome=124.0.6367.92)
Build info: version: '4.6.0', revision: '79f1c02ae20'
System info: os.name: 'Windows 10', os.arch: 'amd64', os.version: '10.0', java.version: '17.0.7'
Driver info: org.openqa.selenium.chrome.ChromeDriver
Command: [2cf28825ea7a8a419a5b05b8e5d35d84, findElement {using=css selector, value=div[class='slds-spinner slds-spinner_brand slds-spinner_small']>div:nth-child(2)r}]
Capabilities {acceptInsecureCerts: false, browserName: chrome, browserVersion: 124.0.6367.92, chrome: {chromedriverVersion: 124.0.6367.91 (51df0e5e17a8..., userDataDir: C:\Users\PRATHA~1.KUM\AppDa...}, fedcm:accounts: true, goog:chromeOptions: {debuggerAddress: localhost:49451}, networkConnectionEnabled: false, pageLoadStrategy: normal, platformName: WINDOWS, proxy: Proxy(), se:cdp: ws://localhost:49451/devtoo..., se:cdpVersion: 124.0.6367.92, setWindowRect: true, strictFileInteractability: false, timeouts: {implicit: 0, pageLoad: 300000, script: 30000}, unhandledPromptBehavior: dismiss and notify, webauthn:extension:credBlob: true, webauthn:extension:largeBlob: true, webauthn:extension:minPinLength: true, webauthn:extension:prf: true, webauthn:virtualAuthenticators: true}
Session ID: 2cf28825ea7a8a419a5b05b8e5d35d84</small> </font> </div>
<div class="test-event"> <font color="maroon"> <small> &emsp; &emsp;--- 05 May 00:47:47 814 - <b>0</b> - Spinner Load Wait: (Sync) - ICar.support.WaitUtils.waitForSpinner(WaitUtils.java:225)</small> </font> </div>
<div class="test-message">&emsp;Back To Courses is displayed in the page </div>
<div class="test-message">&emsp;Successfully verified Back To Course Link&emsp;<a href=".\ScreenShot\URL_TC001_2724005431053100.png" target="_blank" >[ScreenShot]</a></div>
<div class="test-event"> <font color="maroon"> <small> &emsp; &emsp;--- 05 May 00:47:48 057 - Catched spinner load exception due to javascript error: {"status":32,"value":"An invalid or illegal selector was specified"}
  (Session info: chrome=124.0.6367.92)
Build info: version: '4.6.0', revision: '79f1c02ae20'
System info: os.name: 'Windows 10', os.arch: 'amd64', os.version: '10.0', java.version: '17.0.7'
Driver info: org.openqa.selenium.chrome.ChromeDriver
Command: [2cf28825ea7a8a419a5b05b8e5d35d84, findElement {using=css selector, value=div[class='slds-spinner slds-spinner_brand slds-spinner_small']>div:nth-child(2)r}]
Capabilities {acceptInsecureCerts: false, browserName: chrome, browserVersion: 124.0.6367.92, chrome: {chromedriverVersion: 124.0.6367.91 (51df0e5e17a8..., userDataDir: C:\Users\PRATHA~1.KUM\AppDa...}, fedcm:accounts: true, goog:chromeOptions: {debuggerAddress: localhost:49451}, networkConnectionEnabled: false, pageLoadStrategy: normal, platformName: WINDOWS, proxy: Proxy(), se:cdp: ws://localhost:49451/devtoo..., se:cdpVersion: 124.0.6367.92, setWindowRect: true, strictFileInteractability: false, timeouts: {implicit: 0, pageLoad: 300000, script: 30000}, unhandledPromptBehavior: dismiss and notify, webauthn:extension:credBlob: true, webauthn:extension:largeBlob: true, webauthn:extension:minPinLength: true, webauthn:extension:prf: true, webauthn:virtualAuthenticators: true}
Session ID: 2cf28825ea7a8a419a5b05b8e5d35d84</small> </font> </div>
<div class="test-event"> <font color="maroon"> <small> &emsp; &emsp;--- 05 May 00:47:48 057 - <b>0</b> - Spinner Load Wait: (Sync) - ICar.support.WaitUtils.waitForSpinner(WaitUtils.java:225)</small> </font> </div>
<div class="test-event"> <font color="maroon"> <small> &emsp; &emsp;--- 05 May 00:47:48 149 - Page URL:: https://www.i-car.com/product/air-conditioning-system-troubleshooting</small> </font> </div>
<div class="test-event"> <font color="maroon"> <small> &emsp; &emsp;--- 05 May 00:47:48 149 - <b>0</b> - Page Load Wait: (Sync) - ICar.support.Utils.waitForPageLoad(Utils.java:109)</small> </font> </div>
<div class="test-event"> <font color="maroon"> <small> &emsp; &emsp;--- 05 May 00:47:58 201 - Element is displayed:: [[ChromeDriver: chrome on WINDOWS (2cf28825ea7a8a419a5b05b8e5d35d84)] -> xpath: //div[@class='productDetails slds-p-bottom_large']//div[contains(@class,'slds-p-bottom_medium')]]</small> </font> </div>
<div class="test-message">&emsp;Course Name : AirConditioningSystemTroubleshooting is displayed in the URL page</div>
<div class="test-message">&emsp;Successfully verified the course name for relevant link&emsp;<a href=".\ScreenShot\URL_TC001_2724023829246700.png" target="_blank" >[ScreenShot]</a></div>
<div class="test-message">&emsp;
</div>
<div class="test-message">&emsp;183. URL is : https://www.i-car.com/product/group-15</div>
<div class="test-event"> <font color="maroon"> <small> &emsp; &emsp;--- 05 May 00:48:07 689 - Page URL:: https://www.i-car.com/product/group-15</small> </font> </div>
<div class="test-event"> <font color="maroon"> <small> &emsp; &emsp;--- 05 May 00:48:07 689 - <b>0</b> - Page Load Wait: (Sync) - ICar.support.Utils.waitForPageLoad(Utils.java:109)</small> </font> </div>
<div class="test-message">&emsp;Successfully navigated to the :  https://www.i-car.com/product/group-15   Page&emsp;<a href=".\ScreenShot\URL_TC001_2724025294612000.png" target="_blank" >[ScreenShot]</a></div>
<div class="test-event"> <font color="maroon"> <small> &emsp; &emsp;--- 05 May 00:48:07 991 - Page URL:: https://www.i-car.com/product/group-15</small> </font> </div>
<div class="test-event"> <font color="maroon"> <small> &emsp; &emsp;--- 05 May 00:48:07 991 - <b>0</b> - Page Load Wait: (Sync) - ICar.support.Utils.waitForPageLoad(Utils.java:109)</small> </font> </div>
<div class="test-event"> <font color="maroon"> <small> &emsp; &emsp;--- 05 May 00:48:07 999 - Catched spinner load exception due to javascript error: {"status":32,"value":"An invalid or illegal selector was specified"}
  (Session info: chrome=124.0.6367.92)
Build info: version: '4.6.0', revision: '79f1c02ae20'
System info: os.name: 'Windows 10', os.arch: 'amd64', os.version: '10.0', java.version: '17.0.7'
Driver info: org.openqa.selenium.chrome.ChromeDriver
Command: [2cf28825ea7a8a419a5b05b8e5d35d84, findElement {using=css selector, value=div[class='slds-spinner slds-spinner_brand slds-spinner_small']>div:nth-child(2)r}]
Capabilities {acceptInsecureCerts: false, browserName: chrome, browserVersion: 124.0.6367.92, chrome: {chromedriverVersion: 124.0.6367.91 (51df0e5e17a8..., userDataDir: C:\Users\PRATHA~1.KUM\AppDa...}, fedcm:accounts: true, goog:chromeOptions: {debuggerAddress: localhost:49451}, networkConnectionEnabled: false, pageLoadStrategy: normal, platformName: WINDOWS, proxy: Proxy(), se:cdp: ws://localhost:49451/devtoo..., se:cdpVersion: 124.0.6367.92, setWindowRect: true, strictFileInteractability: false, timeouts: {implicit: 0, pageLoad: 300000, script: 30000}, unhandledPromptBehavior: dismiss and notify, webauthn:extension:credBlob: true, webauthn:extension:largeBlob: true, webauthn:extension:minPinLength: true, webauthn:extension:prf: true, webauthn:virtualAuthenticators: true}
Session ID: 2cf28825ea7a8a419a5b05b8e5d35d84</small> </font> </div>
<div class="test-event"> <font color="maroon"> <small> &emsp; &emsp;--- 05 May 00:48:07 999 - <b>0</b> - Spinner Load Wait: (Sync) - ICar.support.WaitUtils.waitForSpinner(WaitUtils.java:225)</small> </font> </div>
<div class="test-event"> <font color="maroon"> <small> &emsp; &emsp;--- 05 May 00:48:18 110 - Page URL:: https://www.i-car.com/product/group-15</small> </font> </div>
<div class="test-event"> <font color="maroon"> <small> &emsp; &emsp;--- 05 May 00:48:18 110 - <b>0</b> - Page Load Wait: (Sync) - ICar.support.Utils.waitForPageLoad(Utils.java:109)</small> </font> </div>
<div class="test-event"> <font color="maroon"> <small> &emsp; &emsp;--- 05 May 00:48:18 127 - Element is displayed:: [[ChromeDriver: chrome on WINDOWS (2cf28825ea7a8a419a5b05b8e5d35d84)] -> xpath: //a[contains(text(),'Back to Courses')]]</small> </font> </div>
<div class="test-event"> <font color="maroon"> <small> &emsp; &emsp;--- 05 May 00:48:25 166 - Catched spinner load exception due to javascript error: {"status":32,"value":"An invalid or illegal selector was specified"}
  (Session info: chrome=124.0.6367.92)
Build info: version: '4.6.0', revision: '79f1c02ae20'
System info: os.name: 'Windows 10', os.arch: 'amd64', os.version: '10.0', java.version: '17.0.7'
Driver info: org.openqa.selenium.chrome.ChromeDriver
Command: [2cf28825ea7a8a419a5b05b8e5d35d84, findElement {using=css selector, value=div[class='slds-spinner slds-spinner_brand slds-spinner_small']>div:nth-child(2)r}]
Capabilities {acceptInsecureCerts: false, browserName: chrome, browserVersion: 124.0.6367.92, chrome: {chromedriverVersion: 124.0.6367.91 (51df0e5e17a8..., userDataDir: C:\Users\PRATHA~1.KUM\AppDa...}, fedcm:accounts: true, goog:chromeOptions: {debuggerAddress: localhost:49451}, networkConnectionEnabled: false, pageLoadStrategy: normal, platformName: WINDOWS, proxy: Proxy(), se:cdp: ws://localhost:49451/devtoo..., se:cdpVersion: 124.0.6367.92, setWindowRect: true, strictFileInteractability: false, timeouts: {implicit: 0, pageLoad: 300000, script: 30000}, unhandledPromptBehavior: dismiss and notify, webauthn:extension:credBlob: true, webauthn:extension:largeBlob: true, webauthn:extension:minPinLength: true, webauthn:extension:prf: true, webauthn:virtualAuthenticators: true}
Session ID: 2cf28825ea7a8a419a5b05b8e5d35d84</small> </font> </div>
<div class="test-event"> <font color="maroon"> <small> &emsp; &emsp;--- 05 May 00:48:25 166 - <b>0</b> - Spinner Load Wait: (Sync) - ICar.support.WaitUtils.waitForSpinner(WaitUtils.java:225)</small> </font> </div>
<div class="test-message">&emsp;Back To Courses is displayed in the page </div>
<div class="test-message">&emsp;Successfully verified Back To Course Link&emsp;<a href=".\ScreenShot\URL_TC001_2724042799917000.png" target="_blank" >[ScreenShot]</a></div>
<div class="test-event"> <font color="maroon"> <small> &emsp; &emsp;--- 05 May 00:48:25 463 - Catched spinner load exception due to javascript error: {"status":32,"value":"An invalid or illegal selector was specified"}
  (Session info: chrome=124.0.6367.92)
Build info: version: '4.6.0', revision: '79f1c02ae20'
System info: os.name: 'Windows 10', os.arch: 'amd64', os.version: '10.0', java.version: '17.0.7'
Driver info: org.openqa.selenium.chrome.ChromeDriver
Command: [2cf28825ea7a8a419a5b05b8e5d35d84, findElement {using=css selector, value=div[class='slds-spinner slds-spinner_brand slds-spinner_small']>div:nth-child(2)r}]
Capabilities {acceptInsecureCerts: false, browserName: chrome, browserVersion: 124.0.6367.92, chrome: {chromedriverVersion: 124.0.6367.91 (51df0e5e17a8..., userDataDir: C:\Users\PRATHA~1.KUM\AppDa...}, fedcm:accounts: true, goog:chromeOptions: {debuggerAddress: localhost:49451}, networkConnectionEnabled: false, pageLoadStrategy: normal, platformName: WINDOWS, proxy: Proxy(), se:cdp: ws://localhost:49451/devtoo..., se:cdpVersion: 124.0.6367.92, setWindowRect: true, strictFileInteractability: false, timeouts: {implicit: 0, pageLoad: 300000, script: 30000}, unhandledPromptBehavior: dismiss and notify, webauthn:extension:credBlob: true, webauthn:extension:largeBlob: true, webauthn:extension:minPinLength: true, webauthn:extension:prf: true, webauthn:virtualAuthenticators: true}
Session ID: 2cf28825ea7a8a419a5b05b8e5d35d84</small> </font> </div>
<div class="test-event"> <font color="maroon"> <small> &emsp; &emsp;--- 05 May 00:48:25 463 - <b>0</b> - Spinner Load Wait: (Sync) - ICar.support.WaitUtils.waitForSpinner(WaitUtils.java:225)</small> </font> </div>
<div class="test-event"> <font color="maroon"> <small> &emsp; &emsp;--- 05 May 00:48:25 546 - Page URL:: https://www.i-car.com/product/group-15</small> </font> </div>
<div class="test-event"> <font color="maroon"> <small> &emsp; &emsp;--- 05 May 00:48:25 546 - <b>0</b> - Page Load Wait: (Sync) - ICar.support.Utils.waitForPageLoad(Utils.java:109)</small> </font> </div>
<div class="test-event"> <font color="maroon"> <small> &emsp; &emsp;--- 05 May 00:48:35 604 - Element is displayed:: [[ChromeDriver: chrome on WINDOWS (2cf28825ea7a8a419a5b05b8e5d35d84)] -> xpath: //div[@class='productDetails slds-p-bottom_large']//div[contains(@class,'slds-p-bottom_medium')]]</small> </font> </div>
<div class="test-message">&emsp;Course Name : Group15 is displayed in the URL page</div>
<div class="test-message">&emsp;Successfully verified the course name for relevant link&emsp;<a href=".\ScreenShot\URL_TC001_2724061234797400.png" target="_blank" >[ScreenShot]</a></div>
<div class="test-message">&emsp;
</div>
<div class="test-message">&emsp;184. URL is : https://www.i-car.com/product/introduction-to-rivet-bonding</div>
<div class="test-event"> <font color="maroon"> <small> &emsp; &emsp;--- 05 May 00:48:45 058 - Page URL:: https://www.i-car.com/product/introduction-to-rivet-bonding</small> </font> </div>
<div class="test-event"> <font color="maroon"> <small> &emsp; &emsp;--- 05 May 00:48:45 058 - <b>0</b> - Page Load Wait: (Sync) - ICar.support.Utils.waitForPageLoad(Utils.java:109)</small> </font> </div>
<div class="test-message">&emsp;Successfully navigated to the :  https://www.i-car.com/product/introduction-to-rivet-bonding   Page&emsp;<a href=".\ScreenShot\URL_TC001_2724062663386000.png" target="_blank" >[ScreenShot]</a></div>
<div class="test-event"> <font color="maroon"> <small> &emsp; &emsp;--- 05 May 00:48:45 295 - Page URL:: https://www.i-car.com/product/introduction-to-rivet-bonding</small> </font> </div>
<div class="test-event"> <font color="maroon"> <small> &emsp; &emsp;--- 05 May 00:48:45 295 - <b>0</b> - Page Load Wait: (Sync) - ICar.support.Utils.waitForPageLoad(Utils.java:109)</small> </font> </div>
<div class="test-event"> <font color="maroon"> <small> &emsp; &emsp;--- 05 May 00:48:45 303 - Catched spinner load exception due to javascript error: {"status":32,"value":"An invalid or illegal selector was specified"}
  (Session info: chrome=124.0.6367.92)
Build info: version: '4.6.0', revision: '79f1c02ae20'
System info: os.name: 'Windows 10', os.arch: 'amd64', os.version: '10.0', java.version: '17.0.7'
Driver info: org.openqa.selenium.chrome.ChromeDriver
Command: [2cf28825ea7a8a419a5b05b8e5d35d84, findElement {using=css selector, value=div[class='slds-spinner slds-spinner_brand slds-spinner_small']>div:nth-child(2)r}]
Capabilities {acceptInsecureCerts: false, browserName: chrome, browserVersion: 124.0.6367.92, chrome: {chromedriverVersion: 124.0.6367.91 (51df0e5e17a8..., userDataDir: C:\Users\PRATHA~1.KUM\AppDa...}, fedcm:accounts: true, goog:chromeOptions: {debuggerAddress: localhost:49451}, networkConnectionEnabled: false, pageLoadStrategy: normal, platformName: WINDOWS, proxy: Proxy(), se:cdp: ws://localhost:49451/devtoo..., se:cdpVersion: 124.0.6367.92, setWindowRect: true, strictFileInteractability: false, timeouts: {implicit: 0, pageLoad: 300000, script: 30000}, unhandledPromptBehavior: dismiss and notify, webauthn:extension:credBlob: true, webauthn:extension:largeBlob: true, webauthn:extension:minPinLength: true, webauthn:extension:prf: true, webauthn:virtualAuthenticators: true}
Session ID: 2cf28825ea7a8a419a5b05b8e5d35d84</small> </font> </div>
<div class="test-event"> <font color="maroon"> <small> &emsp; &emsp;--- 05 May 00:48:45 303 - <b>0</b> - Spinner Load Wait: (Sync) - ICar.support.WaitUtils.waitForSpinner(WaitUtils.java:225)</small> </font> </div>
<div class="test-event"> <font color="maroon"> <small> &emsp; &emsp;--- 05 May 00:48:55 403 - Page URL:: https://www.i-car.com/product/introduction-to-rivet-bonding</small> </font> </div>
<div class="test-event"> <font color="maroon"> <small> &emsp; &emsp;--- 05 May 00:48:55 403 - <b>0</b> - Page Load Wait: (Sync) - ICar.support.Utils.waitForPageLoad(Utils.java:109)</small> </font> </div>
<div class="test-event"> <font color="maroon"> <small> &emsp; &emsp;--- 05 May 00:48:55 421 - Element is displayed:: [[ChromeDriver: chrome on WINDOWS (2cf28825ea7a8a419a5b05b8e5d35d84)] -> xpath: //a[contains(text(),'Back to Courses')]]</small> </font> </div>
<div class="test-event"> <font color="maroon"> <small> &emsp; &emsp;--- 05 May 00:49:02 472 - Catched spinner load exception due to javascript error: {"status":32,"value":"An invalid or illegal selector was specified"}
  (Session info: chrome=124.0.6367.92)
Build info: version: '4.6.0', revision: '79f1c02ae20'
System info: os.name: 'Windows 10', os.arch: 'amd64', os.version: '10.0', java.version: '17.0.7'
Driver info: org.openqa.selenium.chrome.ChromeDriver
Command: [2cf28825ea7a8a419a5b05b8e5d35d84, findElement {using=css selector, value=div[class='slds-spinner slds-spinner_brand slds-spinner_small']>div:nth-child(2)r}]
Capabilities {acceptInsecureCerts: false, browserName: chrome, browserVersion: 124.0.6367.92, chrome: {chromedriverVersion: 124.0.6367.91 (51df0e5e17a8..., userDataDir: C:\Users\PRATHA~1.KUM\AppDa...}, fedcm:accounts: true, goog:chromeOptions: {debuggerAddress: localhost:49451}, networkConnectionEnabled: false, pageLoadStrategy: normal, platformName: WINDOWS, proxy: Proxy(), se:cdp: ws://localhost:49451/devtoo..., se:cdpVersion: 124.0.6367.92, setWindowRect: true, strictFileInteractability: false, timeouts: {implicit: 0, pageLoad: 300000, script: 30000}, unhandledPromptBehavior: dismiss and notify, webauthn:extension:credBlob: true, webauthn:extension:largeBlob: true, webauthn:extension:minPinLength: true, webauthn:extension:prf: true, webauthn:virtualAuthenticators: true}
Session ID: 2cf28825ea7a8a419a5b05b8e5d35d84</small> </font> </div>
<div class="test-event"> <font color="maroon"> <small> &emsp; &emsp;--- 05 May 00:49:02 472 - <b>0</b> - Spinner Load Wait: (Sync) - ICar.support.WaitUtils.waitForSpinner(WaitUtils.java:225)</small> </font> </div>
<div class="test-message">&emsp;Back To Courses is displayed in the page </div>
<div class="test-message">&emsp;Successfully verified Back To Course Link&emsp;<a href=".\ScreenShot\URL_TC001_2724080102366200.png" target="_blank" >[ScreenShot]</a></div>
<div class="test-event"> <font color="maroon"> <small> &emsp; &emsp;--- 05 May 00:49:02 782 - Catched spinner load exception due to javascript error: {"status":32,"value":"An invalid or illegal selector was specified"}
  (Session info: chrome=124.0.6367.92)
Build info: version: '4.6.0', revision: '79f1c02ae20'
System info: os.name: 'Windows 10', os.arch: 'amd64', os.version: '10.0', java.version: '17.0.7'
Driver info: org.openqa.selenium.chrome.ChromeDriver
Command: [2cf28825ea7a8a419a5b05b8e5d35d84, findElement {using=css selector, value=div[class='slds-spinner slds-spinner_brand slds-spinner_small']>div:nth-child(2)r}]
Capabilities {acceptInsecureCerts: false, browserName: chrome, browserVersion: 124.0.6367.92, chrome: {chromedriverVersion: 124.0.6367.91 (51df0e5e17a8..., userDataDir: C:\Users\PRATHA~1.KUM\AppDa...}, fedcm:accounts: true, goog:chromeOptions: {debuggerAddress: localhost:49451}, networkConnectionEnabled: false, pageLoadStrategy: normal, platformName: WINDOWS, proxy: Proxy(), se:cdp: ws://localhost:49451/devtoo..., se:cdpVersion: 124.0.6367.92, setWindowRect: true, strictFileInteractability: false, timeouts: {implicit: 0, pageLoad: 300000, script: 30000}, unhandledPromptBehavior: dismiss and notify, webauthn:extension:credBlob: true, webauthn:extension:largeBlob: true, webauthn:extension:minPinLength: true, webauthn:extension:prf: true, webauthn:virtualAuthenticators: true}
Session ID: 2cf28825ea7a8a419a5b05b8e5d35d84</small> </font> </div>
<div class="test-event"> <font color="maroon"> <small> &emsp; &emsp;--- 05 May 00:49:02 782 - <b>0</b> - Spinner Load Wait: (Sync) - ICar.support.WaitUtils.waitForSpinner(WaitUtils.java:225)</small> </font> </div>
<div class="test-event"> <font color="maroon"> <small> &emsp; &emsp;--- 05 May 00:49:02 843 - Page URL:: https://www.i-car.com/product/introduction-to-rivet-bonding</small> </font> </div>
<div class="test-event"> <font color="maroon"> <small> &emsp; &emsp;--- 05 May 00:49:02 843 - <b>0</b> - Page Load Wait: (Sync) - ICar.support.Utils.waitForPageLoad(Utils.java:109)</small> </font> </div>
<div class="test-event"> <font color="maroon"> <small> &emsp; &emsp;--- 05 May 00:49:12 901 - Element is displayed:: [[ChromeDriver: chrome on WINDOWS (2cf28825ea7a8a419a5b05b8e5d35d84)] -> xpath: //div[@class='productDetails slds-p-bottom_large']//div[contains(@class,'slds-p-bottom_medium')]]</small> </font> </div>
<div class="test-message">&emsp;Course Name : IntroductiontoRivetBonding is displayed in the URL page</div>
<div class="test-message">&emsp;Successfully verified the course name for relevant link&emsp;<a href=".\ScreenShot\URL_TC001_2724098531138000.png" target="_blank" >[ScreenShot]</a></div>
<div class="test-message">&emsp;
</div>
<div class="test-message">&emsp;185. URL is : https://www.i-car.com/product/writing-the-estimate</div>
<div class="test-event"> <font color="maroon"> <small> &emsp; &emsp;--- 05 May 00:49:26 636 - Page URL:: https://www.i-car.com/product/writing-the-estimate</small> </font> </div>
<div class="test-event"> <font color="maroon"> <small> &emsp; &emsp;--- 05 May 00:49:26 636 - <b>0</b> - Page Load Wait: (Sync) - ICar.support.Utils.waitForPageLoad(Utils.java:109)</small> </font> </div>
<div class="test-message">&emsp;Successfully navigated to the :  https://www.i-car.com/product/writing-the-estimate   Page&emsp;<a href=".\ScreenShot\URL_TC001_2724104241338600.png" target="_blank" >[ScreenShot]</a></div>
<div class="test-event"> <font color="maroon"> <small> &emsp; &emsp;--- 05 May 00:49:26 997 - Page URL:: https://www.i-car.com/product/writing-the-estimate</small> </font> </div>
<div class="test-event"> <font color="maroon"> <small> &emsp; &emsp;--- 05 May 00:49:26 998 - <b>0</b> - Page Load Wait: (Sync) - ICar.support.Utils.waitForPageLoad(Utils.java:109)</small> </font> </div>
<div class="test-event"> <font color="maroon"> <small> &emsp; &emsp;--- 05 May 00:49:27 008 - Catched spinner load exception due to javascript error: {"status":32,"value":"An invalid or illegal selector was specified"}
  (Session info: chrome=124.0.6367.92)
Build info: version: '4.6.0', revision: '79f1c02ae20'
System info: os.name: 'Windows 10', os.arch: 'amd64', os.version: '10.0', java.version: '17.0.7'
Driver info: org.openqa.selenium.chrome.ChromeDriver
Command: [2cf28825ea7a8a419a5b05b8e5d35d84, findElement {using=css selector, value=div[class='slds-spinner slds-spinner_brand slds-spinner_small']>div:nth-child(2)r}]
Capabilities {acceptInsecureCerts: false, browserName: chrome, browserVersion: 124.0.6367.92, chrome: {chromedriverVersion: 124.0.6367.91 (51df0e5e17a8..., userDataDir: C:\Users\PRATHA~1.KUM\AppDa...}, fedcm:accounts: true, goog:chromeOptions: {debuggerAddress: localhost:49451}, networkConnectionEnabled: false, pageLoadStrategy: normal, platformName: WINDOWS, proxy: Proxy(), se:cdp: ws://localhost:49451/devtoo..., se:cdpVersion: 124.0.6367.92, setWindowRect: true, strictFileInteractability: false, timeouts: {implicit: 0, pageLoad: 300000, script: 30000}, unhandledPromptBehavior: dismiss and notify, webauthn:extension:credBlob: true, webauthn:extension:largeBlob: true, webauthn:extension:minPinLength: true, webauthn:extension:prf: true, webauthn:virtualAuthenticators: true}
Session ID: 2cf28825ea7a8a419a5b05b8e5d35d84</small> </font> </div>
<div class="test-event"> <font color="maroon"> <small> &emsp; &emsp;--- 05 May 00:49:27 008 - <b>0</b> - Spinner Load Wait: (Sync) - ICar.support.WaitUtils.waitForSpinner(WaitUtils.java:225)</small> </font> </div>
<div class="test-event"> <font color="maroon"> <small> &emsp; &emsp;--- 05 May 00:49:37 098 - Page URL:: https://www.i-car.com/product/writing-the-estimate</small> </font> </div>
<div class="test-event"> <font color="maroon"> <small> &emsp; &emsp;--- 05 May 00:49:37 098 - <b>0</b> - Page Load Wait: (Sync) - ICar.support.Utils.waitForPageLoad(Utils.java:109)</small> </font> </div>
<div class="test-event"> <font color="maroon"> <small> &emsp; &emsp;--- 05 May 00:49:37 116 - Element is displayed:: [[ChromeDriver: chrome on WINDOWS (2cf28825ea7a8a419a5b05b8e5d35d84)] -> xpath: //a[contains(text(),'Back to Courses')]]</small> </font> </div>
<div class="test-event"> <font color="maroon"> <small> &emsp; &emsp;--- 05 May 00:49:44 141 - Catched spinner load exception due to javascript error: {"status":32,"value":"An invalid or illegal selector was specified"}
  (Session info: chrome=124.0.6367.92)
Build info: version: '4.6.0', revision: '79f1c02ae20'
System info: os.name: 'Windows 10', os.arch: 'amd64', os.version: '10.0', java.version: '17.0.7'
Driver info: org.openqa.selenium.chrome.ChromeDriver
Command: [2cf28825ea7a8a419a5b05b8e5d35d84, findElement {using=css selector, value=div[class='slds-spinner slds-spinner_brand slds-spinner_small']>div:nth-child(2)r}]
Capabilities {acceptInsecureCerts: false, browserName: chrome, browserVersion: 124.0.6367.92, chrome: {chromedriverVersion: 124.0.6367.91 (51df0e5e17a8..., userDataDir: C:\Users\PRATHA~1.KUM\AppDa...}, fedcm:accounts: true, goog:chromeOptions: {debuggerAddress: localhost:49451}, networkConnectionEnabled: false, pageLoadStrategy: normal, platformName: WINDOWS, proxy: Proxy(), se:cdp: ws://localhost:49451/devtoo..., se:cdpVersion: 124.0.6367.92, setWindowRect: true, strictFileInteractability: false, timeouts: {implicit: 0, pageLoad: 300000, script: 30000}, unhandledPromptBehavior: dismiss and notify, webauthn:extension:credBlob: true, webauthn:extension:largeBlob: true, webauthn:extension:minPinLength: true, webauthn:extension:prf: true, webauthn:virtualAuthenticators: true}
Session ID: 2cf28825ea7a8a419a5b05b8e5d35d84</small> </font> </div>
<div class="test-event"> <font color="maroon"> <small> &emsp; &emsp;--- 05 May 00:49:44 141 - <b>0</b> - Spinner Load Wait: (Sync) - ICar.support.WaitUtils.waitForSpinner(WaitUtils.java:225)</small> </font> </div>
<div class="test-message">&emsp;Back To Courses is displayed in the page </div>
<div class="test-message">&emsp;Successfully verified Back To Course Link&emsp;<a href=".\ScreenShot\URL_TC001_2724121758004500.png" target="_blank" >[ScreenShot]</a></div>
<div class="test-event"> <font color="maroon"> <small> &emsp; &emsp;--- 05 May 00:49:44 384 - Catched spinner load exception due to javascript error: {"status":32,"value":"An invalid or illegal selector was specified"}
  (Session info: chrome=124.0.6367.92)
Build info: version: '4.6.0', revision: '79f1c02ae20'
System info: os.name: 'Windows 10', os.arch: 'amd64', os.version: '10.0', java.version: '17.0.7'
Driver info: org.openqa.selenium.chrome.ChromeDriver
Command: [2cf28825ea7a8a419a5b05b8e5d35d84, findElement {using=css selector, value=div[class='slds-spinner slds-spinner_brand slds-spinner_small']>div:nth-child(2)r}]
Capabilities {acceptInsecureCerts: false, browserName: chrome, browserVersion: 124.0.6367.92, chrome: {chromedriverVersion: 124.0.6367.91 (51df0e5e17a8..., userDataDir: C:\Users\PRATHA~1.KUM\AppDa...}, fedcm:accounts: true, goog:chromeOptions: {debuggerAddress: localhost:49451}, networkConnectionEnabled: false, pageLoadStrategy: normal, platformName: WINDOWS, proxy: Proxy(), se:cdp: ws://localhost:49451/devtoo..., se:cdpVersion: 124.0.6367.92, setWindowRect: true, strictFileInteractability: false, timeouts: {implicit: 0, pageLoad: 300000, script: 30000}, unhandledPromptBehavior: dismiss and notify, webauthn:extension:credBlob: true, webauthn:extension:largeBlob: true, webauthn:extension:minPinLength: true, webauthn:extension:prf: true, webauthn:virtualAuthenticators: true}
Session ID: 2cf28825ea7a8a419a5b05b8e5d35d84</small> </font> </div>
<div class="test-event"> <font color="maroon"> <small> &emsp; &emsp;--- 05 May 00:49:44 384 - <b>0</b> - Spinner Load Wait: (Sync) - ICar.support.WaitUtils.waitForSpinner(WaitUtils.java:225)</small> </font> </div>
<div class="test-event"> <font color="maroon"> <small> &emsp; &emsp;--- 05 May 00:49:44 448 - Page URL:: https://www.i-car.com/product/writing-the-estimate</small> </font> </div>
<div class="test-event"> <font color="maroon"> <small> &emsp; &emsp;--- 05 May 00:49:44 448 - <b>0</b> - Page Load Wait: (Sync) - ICar.support.Utils.waitForPageLoad(Utils.java:109)</small> </font> </div>
<div class="test-event"> <font color="maroon"> <small> &emsp; &emsp;--- 05 May 00:49:54 518 - Element is displayed:: [[ChromeDriver: chrome on WINDOWS (2cf28825ea7a8a419a5b05b8e5d35d84)] -> xpath: //div[@class='productDetails slds-p-bottom_large']//div[contains(@class,'slds-p-bottom_medium')]]</small> </font> </div>
<div class="test-message">&emsp;Course Name : WritingtheEstimate is displayed in the URL page</div>
<div class="test-message">&emsp;Successfully verified the course name for relevant link&emsp;<a href=".\ScreenShot\URL_TC001_2724140148007200.png" target="_blank" >[ScreenShot]</a></div>
<div class="test-message">&emsp;
</div>
<div class="test-message">&emsp;186. URL is : https://www.i-car.com/product/pl3-mechanical-technician</div>
<div class="test-event"> <font color="maroon"> <small> &emsp; &emsp;--- 05 May 00:50:03 907 - Page URL:: https://www.i-car.com/product/pl3-mechanical-technician</small> </font> </div>
<div class="test-event"> <font color="maroon"> <small> &emsp; &emsp;--- 05 May 00:50:03 907 - <b>0</b> - Page Load Wait: (Sync) - ICar.support.Utils.waitForPageLoad(Utils.java:109)</small> </font> </div>
<div class="test-message">&emsp;Successfully navigated to the :  https://www.i-car.com/product/pl3-mechanical-technician   Page&emsp;<a href=".\ScreenShot\URL_TC001_2724141512626000.png" target="_blank" >[ScreenShot]</a></div>
<div class="test-event"> <font color="maroon"> <small> &emsp; &emsp;--- 05 May 00:50:04 170 - Page URL:: https://www.i-car.com/product/pl3-mechanical-technician</small> </font> </div>
<div class="test-event"> <font color="maroon"> <small> &emsp; &emsp;--- 05 May 00:50:04 170 - <b>0</b> - Page Load Wait: (Sync) - ICar.support.Utils.waitForPageLoad(Utils.java:109)</small> </font> </div>
<div class="test-event"> <font color="maroon"> <small> &emsp; &emsp;--- 05 May 00:50:04 180 - Catched spinner load exception due to javascript error: {"status":32,"value":"An invalid or illegal selector was specified"}
  (Session info: chrome=124.0.6367.92)
Build info: version: '4.6.0', revision: '79f1c02ae20'
System info: os.name: 'Windows 10', os.arch: 'amd64', os.version: '10.0', java.version: '17.0.7'
Driver info: org.openqa.selenium.chrome.ChromeDriver
Command: [2cf28825ea7a8a419a5b05b8e5d35d84, findElement {using=css selector, value=div[class='slds-spinner slds-spinner_brand slds-spinner_small']>div:nth-child(2)r}]
Capabilities {acceptInsecureCerts: false, browserName: chrome, browserVersion: 124.0.6367.92, chrome: {chromedriverVersion: 124.0.6367.91 (51df0e5e17a8..., userDataDir: C:\Users\PRATHA~1.KUM\AppDa...}, fedcm:accounts: true, goog:chromeOptions: {debuggerAddress: localhost:49451}, networkConnectionEnabled: false, pageLoadStrategy: normal, platformName: WINDOWS, proxy: Proxy(), se:cdp: ws://localhost:49451/devtoo..., se:cdpVersion: 124.0.6367.92, setWindowRect: true, strictFileInteractability: false, timeouts: {implicit: 0, pageLoad: 300000, script: 30000}, unhandledPromptBehavior: dismiss and notify, webauthn:extension:credBlob: true, webauthn:extension:largeBlob: true, webauthn:extension:minPinLength: true, webauthn:extension:prf: true, webauthn:virtualAuthenticators: true}
Session ID: 2cf28825ea7a8a419a5b05b8e5d35d84</small> </font> </div>
<div class="test-event"> <font color="maroon"> <small> &emsp; &emsp;--- 05 May 00:50:04 180 - <b>0</b> - Spinner Load Wait: (Sync) - ICar.support.WaitUtils.waitForSpinner(WaitUtils.java:225)</small> </font> </div>
<div class="test-event"> <font color="maroon"> <small> &emsp; &emsp;--- 05 May 00:50:14 310 - Page URL:: https://www.i-car.com/product/pl3-mechanical-technician</small> </font> </div>
<div class="test-event"> <font color="maroon"> <small> &emsp; &emsp;--- 05 May 00:50:14 310 - <b>0</b> - Page Load Wait: (Sync) - ICar.support.Utils.waitForPageLoad(Utils.java:109)</small> </font> </div>
<div class="test-event"> <font color="maroon"> <small> &emsp; &emsp;--- 05 May 00:50:14 328 - Element is displayed:: [[ChromeDriver: chrome on WINDOWS (2cf28825ea7a8a419a5b05b8e5d35d84)] -> xpath: //a[contains(text(),'Back to Courses')]]</small> </font> </div>
<div class="test-event"> <font color="maroon"> <small> &emsp; &emsp;--- 05 May 00:50:21 356 - Catched spinner load exception due to javascript error: {"status":32,"value":"An invalid or illegal selector was specified"}
  (Session info: chrome=124.0.6367.92)
Build info: version: '4.6.0', revision: '79f1c02ae20'
System info: os.name: 'Windows 10', os.arch: 'amd64', os.version: '10.0', java.version: '17.0.7'
Driver info: org.openqa.selenium.chrome.ChromeDriver
Command: [2cf28825ea7a8a419a5b05b8e5d35d84, findElement {using=css selector, value=div[class='slds-spinner slds-spinner_brand slds-spinner_small']>div:nth-child(2)r}]
Capabilities {acceptInsecureCerts: false, browserName: chrome, browserVersion: 124.0.6367.92, chrome: {chromedriverVersion: 124.0.6367.91 (51df0e5e17a8..., userDataDir: C:\Users\PRATHA~1.KUM\AppDa...}, fedcm:accounts: true, goog:chromeOptions: {debuggerAddress: localhost:49451}, networkConnectionEnabled: false, pageLoadStrategy: normal, platformName: WINDOWS, proxy: Proxy(), se:cdp: ws://localhost:49451/devtoo..., se:cdpVersion: 124.0.6367.92, setWindowRect: true, strictFileInteractability: false, timeouts: {implicit: 0, pageLoad: 300000, script: 30000}, unhandledPromptBehavior: dismiss and notify, webauthn:extension:credBlob: true, webauthn:extension:largeBlob: true, webauthn:extension:minPinLength: true, webauthn:extension:prf: true, webauthn:virtualAuthenticators: true}
Session ID: 2cf28825ea7a8a419a5b05b8e5d35d84</small> </font> </div>
<div class="test-event"> <font color="maroon"> <small> &emsp; &emsp;--- 05 May 00:50:21 356 - <b>0</b> - Spinner Load Wait: (Sync) - ICar.support.WaitUtils.waitForSpinner(WaitUtils.java:225)</small> </font> </div>
<div class="test-message">&emsp;Back To Courses is displayed in the page </div>
<div class="test-message">&emsp;Successfully verified Back To Course Link&emsp;<a href=".\ScreenShot\URL_TC001_2724158971524100.png" target="_blank" >[ScreenShot]</a></div>
<div class="test-event"> <font color="maroon"> <small> &emsp; &emsp;--- 05 May 00:50:21 588 - Catched spinner load exception due to javascript error: {"status":32,"value":"An invalid or illegal selector was specified"}
  (Session info: chrome=124.0.6367.92)
Build info: version: '4.6.0', revision: '79f1c02ae20'
System info: os.name: 'Windows 10', os.arch: 'amd64', os.version: '10.0', java.version: '17.0.7'
Driver info: org.openqa.selenium.chrome.ChromeDriver
Command: [2cf28825ea7a8a419a5b05b8e5d35d84, findElement {using=css selector, value=div[class='slds-spinner slds-spinner_brand slds-spinner_small']>div:nth-child(2)r}]
Capabilities {acceptInsecureCerts: false, browserName: chrome, browserVersion: 124.0.6367.92, chrome: {chromedriverVersion: 124.0.6367.91 (51df0e5e17a8..., userDataDir: C:\Users\PRATHA~1.KUM\AppDa...}, fedcm:accounts: true, goog:chromeOptions: {debuggerAddress: localhost:49451}, networkConnectionEnabled: false, pageLoadStrategy: normal, platformName: WINDOWS, proxy: Proxy(), se:cdp: ws://localhost:49451/devtoo..., se:cdpVersion: 124.0.6367.92, setWindowRect: true, strictFileInteractability: false, timeouts: {implicit: 0, pageLoad: 300000, script: 30000}, unhandledPromptBehavior: dismiss and notify, webauthn:extension:credBlob: true, webauthn:extension:largeBlob: true, webauthn:extension:minPinLength: true, webauthn:extension:prf: true, webauthn:virtualAuthenticators: true}
Session ID: 2cf28825ea7a8a419a5b05b8e5d35d84</small> </font> </div>
<div class="test-event"> <font color="maroon"> <small> &emsp; &emsp;--- 05 May 00:50:21 588 - <b>0</b> - Spinner Load Wait: (Sync) - ICar.support.WaitUtils.waitForSpinner(WaitUtils.java:225)</small> </font> </div>
<div class="test-event"> <font color="maroon"> <small> &emsp; &emsp;--- 05 May 00:50:21 667 - Page URL:: https://www.i-car.com/product/pl3-mechanical-technician</small> </font> </div>
<div class="test-event"> <font color="maroon"> <small> &emsp; &emsp;--- 05 May 00:50:21 667 - <b>0</b> - Page Load Wait: (Sync) - ICar.support.Utils.waitForPageLoad(Utils.java:109)</small> </font> </div>
<div class="test-event"> <font color="maroon"> <small> &emsp; &emsp;--- 05 May 00:50:31 717 - Element is displayed:: [[ChromeDriver: chrome on WINDOWS (2cf28825ea7a8a419a5b05b8e5d35d84)] -> xpath: //div[@class='productDetails slds-p-bottom_large']//div[contains(@class,'slds-p-bottom_medium')]]</small> </font> </div>
<div class="test-message">&emsp;Course Name : PL3MechanicalTechnician is displayed in the URL page</div>
<div class="test-message">&emsp;Successfully verified the course name for relevant link&emsp;<a href=".\ScreenShot\URL_TC001_2724177349939900.png" target="_blank" >[ScreenShot]</a></div>
<div class="test-message">&emsp;
</div>
<div class="test-message">&emsp;187. URL is : https://www.i-car.com/product/damage-analysis-of-driving-assist-systems</div>
<div class="test-event"> <font color="maroon"> <small> &emsp; &emsp;--- 05 May 00:50:41 218 - Page URL:: https://www.i-car.com/product/damage-analysis-of-driving-assist-systems</small> </font> </div>
<div class="test-event"> <font color="maroon"> <small> &emsp; &emsp;--- 05 May 00:50:41 218 - <b>0</b> - Page Load Wait: (Sync) - ICar.support.Utils.waitForPageLoad(Utils.java:109)</small> </font> </div>
<div class="test-message">&emsp;Successfully navigated to the :  https://www.i-car.com/product/damage-analysis-of-driving-assist-systems   Page&emsp;<a href=".\ScreenShot\URL_TC001_2724178824075100.png" target="_blank" >[ScreenShot]</a></div>
<div class="test-event"> <font color="maroon"> <small> &emsp; &emsp;--- 05 May 00:50:41 520 - Page URL:: https://www.i-car.com/product/damage-analysis-of-driving-assist-systems</small> </font> </div>
<div class="test-event"> <font color="maroon"> <small> &emsp; &emsp;--- 05 May 00:50:41 520 - <b>0</b> - Page Load Wait: (Sync) - ICar.support.Utils.waitForPageLoad(Utils.java:109)</small> </font> </div>
<div class="test-event"> <font color="maroon"> <small> &emsp; &emsp;--- 05 May 00:50:41 529 - Catched spinner load exception due to javascript error: {"status":32,"value":"An invalid or illegal selector was specified"}
  (Session info: chrome=124.0.6367.92)
Build info: version: '4.6.0', revision: '79f1c02ae20'
System info: os.name: 'Windows 10', os.arch: 'amd64', os.version: '10.0', java.version: '17.0.7'
Driver info: org.openqa.selenium.chrome.ChromeDriver
Command: [2cf28825ea7a8a419a5b05b8e5d35d84, findElement {using=css selector, value=div[class='slds-spinner slds-spinner_brand slds-spinner_small']>div:nth-child(2)r}]
Capabilities {acceptInsecureCerts: false, browserName: chrome, browserVersion: 124.0.6367.92, chrome: {chromedriverVersion: 124.0.6367.91 (51df0e5e17a8..., userDataDir: C:\Users\PRATHA~1.KUM\AppDa...}, fedcm:accounts: true, goog:chromeOptions: {debuggerAddress: localhost:49451}, networkConnectionEnabled: false, pageLoadStrategy: normal, platformName: WINDOWS, proxy: Proxy(), se:cdp: ws://localhost:49451/devtoo..., se:cdpVersion: 124.0.6367.92, setWindowRect: true, strictFileInteractability: false, timeouts: {implicit: 0, pageLoad: 300000, script: 30000}, unhandledPromptBehavior: dismiss and notify, webauthn:extension:credBlob: true, webauthn:extension:largeBlob: true, webauthn:extension:minPinLength: true, webauthn:extension:prf: true, webauthn:virtualAuthenticators: true}
Session ID: 2cf28825ea7a8a419a5b05b8e5d35d84</small> </font> </div>
<div class="test-event"> <font color="maroon"> <small> &emsp; &emsp;--- 05 May 00:50:41 529 - <b>0</b> - Spinner Load Wait: (Sync) - ICar.support.WaitUtils.waitForSpinner(WaitUtils.java:225)</small> </font> </div>
<div class="test-event"> <font color="maroon"> <small> &emsp; &emsp;--- 05 May 00:50:51 620 - Page URL:: https://www.i-car.com/product/damage-analysis-of-driving-assist-systems</small> </font> </div>
<div class="test-event"> <font color="maroon"> <small> &emsp; &emsp;--- 05 May 00:50:51 620 - <b>0</b> - Page Load Wait: (Sync) - ICar.support.Utils.waitForPageLoad(Utils.java:109)</small> </font> </div>
<div class="test-event"> <font color="maroon"> <small> &emsp; &emsp;--- 05 May 00:50:51 637 - Element is displayed:: [[ChromeDriver: chrome on WINDOWS (2cf28825ea7a8a419a5b05b8e5d35d84)] -> xpath: //a[contains(text(),'Back to Courses')]]</small> </font> </div>
<div class="test-event"> <font color="maroon"> <small> &emsp; &emsp;--- 05 May 00:50:58 677 - Catched spinner load exception due to javascript error: {"status":32,"value":"An invalid or illegal selector was specified"}
  (Session info: chrome=124.0.6367.92)
Build info: version: '4.6.0', revision: '79f1c02ae20'
System info: os.name: 'Windows 10', os.arch: 'amd64', os.version: '10.0', java.version: '17.0.7'
Driver info: org.openqa.selenium.chrome.ChromeDriver
Command: [2cf28825ea7a8a419a5b05b8e5d35d84, findElement {using=css selector, value=div[class='slds-spinner slds-spinner_brand slds-spinner_small']>div:nth-child(2)r}]
Capabilities {acceptInsecureCerts: false, browserName: chrome, browserVersion: 124.0.6367.92, chrome: {chromedriverVersion: 124.0.6367.91 (51df0e5e17a8..., userDataDir: C:\Users\PRATHA~1.KUM\AppDa...}, fedcm:accounts: true, goog:chromeOptions: {debuggerAddress: localhost:49451}, networkConnectionEnabled: false, pageLoadStrategy: normal, platformName: WINDOWS, proxy: Proxy(), se:cdp: ws://localhost:49451/devtoo..., se:cdpVersion: 124.0.6367.92, setWindowRect: true, strictFileInteractability: false, timeouts: {implicit: 0, pageLoad: 300000, script: 30000}, unhandledPromptBehavior: dismiss and notify, webauthn:extension:credBlob: true, webauthn:extension:largeBlob: true, webauthn:extension:minPinLength: true, webauthn:extension:prf: true, webauthn:virtualAuthenticators: true}
Session ID: 2cf28825ea7a8a419a5b05b8e5d35d84</small> </font> </div>
<div class="test-event"> <font color="maroon"> <small> &emsp; &emsp;--- 05 May 00:50:58 677 - <b>0</b> - Spinner Load Wait: (Sync) - ICar.support.WaitUtils.waitForSpinner(WaitUtils.java:225)</small> </font> </div>
<div class="test-message">&emsp;Back To Courses is displayed in the page </div>
<div class="test-message">&emsp;Successfully verified Back To Course Link&emsp;<a href=".\ScreenShot\URL_TC001_2724196308215000.png" target="_blank" >[ScreenShot]</a></div>
<div class="test-event"> <font color="maroon"> <small> &emsp; &emsp;--- 05 May 00:50:59 006 - Catched spinner load exception due to javascript error: {"status":32,"value":"An invalid or illegal selector was specified"}
  (Session info: chrome=124.0.6367.92)
Build info: version: '4.6.0', revision: '79f1c02ae20'
System info: os.name: 'Windows 10', os.arch: 'amd64', os.version: '10.0', java.version: '17.0.7'
Driver info: org.openqa.selenium.chrome.ChromeDriver
Command: [2cf28825ea7a8a419a5b05b8e5d35d84, findElement {using=css selector, value=div[class='slds-spinner slds-spinner_brand slds-spinner_small']>div:nth-child(2)r}]
Capabilities {acceptInsecureCerts: false, browserName: chrome, browserVersion: 124.0.6367.92, chrome: {chromedriverVersion: 124.0.6367.91 (51df0e5e17a8..., userDataDir: C:\Users\PRATHA~1.KUM\AppDa...}, fedcm:accounts: true, goog:chromeOptions: {debuggerAddress: localhost:49451}, networkConnectionEnabled: false, pageLoadStrategy: normal, platformName: WINDOWS, proxy: Proxy(), se:cdp: ws://localhost:49451/devtoo..., se:cdpVersion: 124.0.6367.92, setWindowRect: true, strictFileInteractability: false, timeouts: {implicit: 0, pageLoad: 300000, script: 30000}, unhandledPromptBehavior: dismiss and notify, webauthn:extension:credBlob: true, webauthn:extension:largeBlob: true, webauthn:extension:minPinLength: true, webauthn:extension:prf: true, webauthn:virtualAuthenticators: true}
Session ID: 2cf28825ea7a8a419a5b05b8e5d35d84</small> </font> </div>
<div class="test-event"> <font color="maroon"> <small> &emsp; &emsp;--- 05 May 00:50:59 006 - <b>0</b> - Spinner Load Wait: (Sync) - ICar.support.WaitUtils.waitForSpinner(WaitUtils.java:225)</small> </font> </div>
<div class="test-event"> <font color="maroon"> <small> &emsp; &emsp;--- 05 May 00:50:59 066 - Page URL:: https://www.i-car.com/product/damage-analysis-of-driving-assist-systems</small> </font> </div>
<div class="test-event"> <font color="maroon"> <small> &emsp; &emsp;--- 05 May 00:50:59 066 - <b>0</b> - Page Load Wait: (Sync) - ICar.support.Utils.waitForPageLoad(Utils.java:109)</small> </font> </div>
<div class="test-event"> <font color="maroon"> <small> &emsp; &emsp;--- 05 May 00:51:09 148 - Element is displayed:: [[ChromeDriver: chrome on WINDOWS (2cf28825ea7a8a419a5b05b8e5d35d84)] -> xpath: //div[@class='productDetails slds-p-bottom_large']//div[contains(@class,'slds-p-bottom_medium')]]</small> </font> </div>
<div class="test-message">&emsp;Course Name : DamageAnalysisofDrivingAssistSystems is displayed in the URL page</div>
<div class="test-message">&emsp;Successfully verified the course name for relevant link&emsp;<a href=".\ScreenShot\URL_TC001_2724214778879100.png" target="_blank" >[ScreenShot]</a></div>
<div class="test-message">&emsp;
</div>
<div class="test-message">&emsp;188. URL is : https://www.i-car.com/product/damage-analysis-of-convenience-systems</div>
<div class="test-event"> <font color="maroon"> <small> &emsp; &emsp;--- 05 May 00:51:18 397 - Page URL:: https://www.i-car.com/product/damage-analysis-of-convenience-systems</small> </font> </div>
<div class="test-event"> <font color="maroon"> <small> &emsp; &emsp;--- 05 May 00:51:18 397 - <b>0</b> - Page Load Wait: (Sync) - ICar.support.Utils.waitForPageLoad(Utils.java:109)</small> </font> </div>
<div class="test-message">&emsp;Successfully navigated to the :  https://www.i-car.com/product/damage-analysis-of-convenience-systems   Page&emsp;<a href=".\ScreenShot\URL_TC001_2724216001839900.png" target="_blank" >[ScreenShot]</a></div>
<div class="test-event"> <font color="maroon"> <small> &emsp; &emsp;--- 05 May 00:51:18 690 - Page URL:: https://www.i-car.com/product/damage-analysis-of-convenience-systems</small> </font> </div>
<div class="test-event"> <font color="maroon"> <small> &emsp; &emsp;--- 05 May 00:51:18 690 - <b>0</b> - Page Load Wait: (Sync) - ICar.support.Utils.waitForPageLoad(Utils.java:109)</small> </font> </div>
<div class="test-event"> <font color="maroon"> <small> &emsp; &emsp;--- 05 May 00:51:18 698 - Catched spinner load exception due to javascript error: {"status":32,"value":"An invalid or illegal selector was specified"}
  (Session info: chrome=124.0.6367.92)
Build info: version: '4.6.0', revision: '79f1c02ae20'
System info: os.name: 'Windows 10', os.arch: 'amd64', os.version: '10.0', java.version: '17.0.7'
Driver info: org.openqa.selenium.chrome.ChromeDriver
Command: [2cf28825ea7a8a419a5b05b8e5d35d84, findElement {using=css selector, value=div[class='slds-spinner slds-spinner_brand slds-spinner_small']>div:nth-child(2)r}]
Capabilities {acceptInsecureCerts: false, browserName: chrome, browserVersion: 124.0.6367.92, chrome: {chromedriverVersion: 124.0.6367.91 (51df0e5e17a8..., userDataDir: C:\Users\PRATHA~1.KUM\AppDa...}, fedcm:accounts: true, goog:chromeOptions: {debuggerAddress: localhost:49451}, networkConnectionEnabled: false, pageLoadStrategy: normal, platformName: WINDOWS, proxy: Proxy(), se:cdp: ws://localhost:49451/devtoo..., se:cdpVersion: 124.0.6367.92, setWindowRect: true, strictFileInteractability: false, timeouts: {implicit: 0, pageLoad: 300000, script: 30000}, unhandledPromptBehavior: dismiss and notify, webauthn:extension:credBlob: true, webauthn:extension:largeBlob: true, webauthn:extension:minPinLength: true, webauthn:extension:prf: true, webauthn:virtualAuthenticators: true}
Session ID: 2cf28825ea7a8a419a5b05b8e5d35d84</small> </font> </div>
<div class="test-event"> <font color="maroon"> <small> &emsp; &emsp;--- 05 May 00:51:18 698 - <b>0</b> - Spinner Load Wait: (Sync) - ICar.support.WaitUtils.waitForSpinner(WaitUtils.java:225)</small> </font> </div>
<div class="test-event"> <font color="maroon"> <small> &emsp; &emsp;--- 05 May 00:51:28 795 - Page URL:: https://www.i-car.com/product/damage-analysis-of-convenience-systems</small> </font> </div>
<div class="test-event"> <font color="maroon"> <small> &emsp; &emsp;--- 05 May 00:51:28 795 - <b>0</b> - Page Load Wait: (Sync) - ICar.support.Utils.waitForPageLoad(Utils.java:109)</small> </font> </div>
<div class="test-event"> <font color="maroon"> <small> &emsp; &emsp;--- 05 May 00:51:28 814 - Element is displayed:: [[ChromeDriver: chrome on WINDOWS (2cf28825ea7a8a419a5b05b8e5d35d84)] -> xpath: //a[contains(text(),'Back to Courses')]]</small> </font> </div>
<div class="test-event"> <font color="maroon"> <small> &emsp; &emsp;--- 05 May 00:51:35 839 - Catched spinner load exception due to javascript error: {"status":32,"value":"An invalid or illegal selector was specified"}
  (Session info: chrome=124.0.6367.92)
Build info: version: '4.6.0', revision: '79f1c02ae20'
System info: os.name: 'Windows 10', os.arch: 'amd64', os.version: '10.0', java.version: '17.0.7'
Driver info: org.openqa.selenium.chrome.ChromeDriver
Command: [2cf28825ea7a8a419a5b05b8e5d35d84, findElement {using=css selector, value=div[class='slds-spinner slds-spinner_brand slds-spinner_small']>div:nth-child(2)r}]
Capabilities {acceptInsecureCerts: false, browserName: chrome, browserVersion: 124.0.6367.92, chrome: {chromedriverVersion: 124.0.6367.91 (51df0e5e17a8..., userDataDir: C:\Users\PRATHA~1.KUM\AppDa...}, fedcm:accounts: true, goog:chromeOptions: {debuggerAddress: localhost:49451}, networkConnectionEnabled: false, pageLoadStrategy: normal, platformName: WINDOWS, proxy: Proxy(), se:cdp: ws://localhost:49451/devtoo..., se:cdpVersion: 124.0.6367.92, setWindowRect: true, strictFileInteractability: false, timeouts: {implicit: 0, pageLoad: 300000, script: 30000}, unhandledPromptBehavior: dismiss and notify, webauthn:extension:credBlob: true, webauthn:extension:largeBlob: true, webauthn:extension:minPinLength: true, webauthn:extension:prf: true, webauthn:virtualAuthenticators: true}
Session ID: 2cf28825ea7a8a419a5b05b8e5d35d84</small> </font> </div>
<div class="test-event"> <font color="maroon"> <small> &emsp; &emsp;--- 05 May 00:51:35 839 - <b>0</b> - Spinner Load Wait: (Sync) - ICar.support.WaitUtils.waitForSpinner(WaitUtils.java:225)</small> </font> </div>
<div class="test-message">&emsp;Back To Courses is displayed in the page </div>
<div class="test-message">&emsp;Successfully verified Back To Course Link&emsp;<a href=".\ScreenShot\URL_TC001_2724233455095700.png" target="_blank" >[ScreenShot]</a></div>
<div class="test-event"> <font color="maroon"> <small> &emsp; &emsp;--- 05 May 00:51:36 317 - Catched spinner load exception due to javascript error: {"status":32,"value":"An invalid or illegal selector was specified"}
  (Session info: chrome=124.0.6367.92)
Build info: version: '4.6.0', revision: '79f1c02ae20'
System info: os.name: 'Windows 10', os.arch: 'amd64', os.version: '10.0', java.version: '17.0.7'
Driver info: org.openqa.selenium.chrome.ChromeDriver
Command: [2cf28825ea7a8a419a5b05b8e5d35d84, findElement {using=css selector, value=div[class='slds-spinner slds-spinner_brand slds-spinner_small']>div:nth-child(2)r}]
Capabilities {acceptInsecureCerts: false, browserName: chrome, browserVersion: 124.0.6367.92, chrome: {chromedriverVersion: 124.0.6367.91 (51df0e5e17a8..., userDataDir: C:\Users\PRATHA~1.KUM\AppDa...}, fedcm:accounts: true, goog:chromeOptions: {debuggerAddress: localhost:49451}, networkConnectionEnabled: false, pageLoadStrategy: normal, platformName: WINDOWS, proxy: Proxy(), se:cdp: ws://localhost:49451/devtoo..., se:cdpVersion: 124.0.6367.92, setWindowRect: true, strictFileInteractability: false, timeouts: {implicit: 0, pageLoad: 300000, script: 30000}, unhandledPromptBehavior: dismiss and notify, webauthn:extension:credBlob: true, webauthn:extension:largeBlob: true, webauthn:extension:minPinLength: true, webauthn:extension:prf: true, webauthn:virtualAuthenticators: true}
Session ID: 2cf28825ea7a8a419a5b05b8e5d35d84</small> </font> </div>
<div class="test-event"> <font color="maroon"> <small> &emsp; &emsp;--- 05 May 00:51:36 317 - <b>0</b> - Spinner Load Wait: (Sync) - ICar.support.WaitUtils.waitForSpinner(WaitUtils.java:225)</small> </font> </div>
<div class="test-event"> <font color="maroon"> <small> &emsp; &emsp;--- 05 May 00:51:36 384 - Page URL:: https://www.i-car.com/product/damage-analysis-of-convenience-systems</small> </font> </div>
<div class="test-event"> <font color="maroon"> <small> &emsp; &emsp;--- 05 May 00:51:36 384 - <b>0</b> - Page Load Wait: (Sync) - ICar.support.Utils.waitForPageLoad(Utils.java:109)</small> </font> </div>
<div class="test-event"> <font color="maroon"> <small> &emsp; &emsp;--- 05 May 00:51:46 437 - Element is displayed:: [[ChromeDriver: chrome on WINDOWS (2cf28825ea7a8a419a5b05b8e5d35d84)] -> xpath: //div[@class='productDetails slds-p-bottom_large']//div[contains(@class,'slds-p-bottom_medium')]]</small> </font> </div>
<div class="test-message">&emsp;Course Name : DamageAnalysisofConvenienceSystems is displayed in the URL page</div>
<div class="test-message">&emsp;Successfully verified the course name for relevant link&emsp;<a href=".\ScreenShot\URL_TC001_2724252060435300.png" target="_blank" >[ScreenShot]</a></div>
<div class="test-message">&emsp;
</div>
<div class="test-message">&emsp;189. URL is : https://www.i-car.com/product/group-10</div>
<div class="test-event"> <font color="maroon"> <small> &emsp; &emsp;--- 05 May 00:51:55 898 - Page URL:: https://www.i-car.com/product/group-10</small> </font> </div>
<div class="test-event"> <font color="maroon"> <small> &emsp; &emsp;--- 05 May 00:51:55 898 - <b>0</b> - Page Load Wait: (Sync) - ICar.support.Utils.waitForPageLoad(Utils.java:109)</small> </font> </div>
<div class="test-message">&emsp;Successfully navigated to the :  https://www.i-car.com/product/group-10   Page&emsp;<a href=".\ScreenShot\URL_TC001_2724253503685200.png" target="_blank" >[ScreenShot]</a></div>
<div class="test-event"> <font color="maroon"> <small> &emsp; &emsp;--- 05 May 00:51:56 115 - Page URL:: https://www.i-car.com/product/group-10</small> </font> </div>
<div class="test-event"> <font color="maroon"> <small> &emsp; &emsp;--- 05 May 00:51:56 115 - <b>0</b> - Page Load Wait: (Sync) - ICar.support.Utils.waitForPageLoad(Utils.java:109)</small> </font> </div>
<div class="test-event"> <font color="maroon"> <small> &emsp; &emsp;--- 05 May 00:51:56 124 - Catched spinner load exception due to javascript error: {"status":32,"value":"An invalid or illegal selector was specified"}
  (Session info: chrome=124.0.6367.92)
Build info: version: '4.6.0', revision: '79f1c02ae20'
System info: os.name: 'Windows 10', os.arch: 'amd64', os.version: '10.0', java.version: '17.0.7'
Driver info: org.openqa.selenium.chrome.ChromeDriver
Command: [2cf28825ea7a8a419a5b05b8e5d35d84, findElement {using=css selector, value=div[class='slds-spinner slds-spinner_brand slds-spinner_small']>div:nth-child(2)r}]
Capabilities {acceptInsecureCerts: false, browserName: chrome, browserVersion: 124.0.6367.92, chrome: {chromedriverVersion: 124.0.6367.91 (51df0e5e17a8..., userDataDir: C:\Users\PRATHA~1.KUM\AppDa...}, fedcm:accounts: true, goog:chromeOptions: {debuggerAddress: localhost:49451}, networkConnectionEnabled: false, pageLoadStrategy: normal, platformName: WINDOWS, proxy: Proxy(), se:cdp: ws://localhost:49451/devtoo..., se:cdpVersion: 124.0.6367.92, setWindowRect: true, strictFileInteractability: false, timeouts: {implicit: 0, pageLoad: 300000, script: 30000}, unhandledPromptBehavior: dismiss and notify, webauthn:extension:credBlob: true, webauthn:extension:largeBlob: true, webauthn:extension:minPinLength: true, webauthn:extension:prf: true, webauthn:virtualAuthenticators: true}
Session ID: 2cf28825ea7a8a419a5b05b8e5d35d84</small> </font> </div>
<div class="test-event"> <font color="maroon"> <small> &emsp; &emsp;--- 05 May 00:51:56 124 - <b>0</b> - Spinner Load Wait: (Sync) - ICar.support.WaitUtils.waitForSpinner(WaitUtils.java:225)</small> </font> </div>
<div class="test-event"> <font color="maroon"> <small> &emsp; &emsp;--- 05 May 00:52:06 213 - Page URL:: https://www.i-car.com/product/group-10</small> </font> </div>
<div class="test-event"> <font color="maroon"> <small> &emsp; &emsp;--- 05 May 00:52:06 213 - <b>0</b> - Page Load Wait: (Sync) - ICar.support.Utils.waitForPageLoad(Utils.java:109)</small> </font> </div>
<div class="test-event"> <font color="maroon"> <small> &emsp; &emsp;--- 05 May 00:52:06 230 - Element is displayed:: [[ChromeDriver: chrome on WINDOWS (2cf28825ea7a8a419a5b05b8e5d35d84)] -> xpath: //a[contains(text(),'Back to Courses')]]</small> </font> </div>
<div class="test-event"> <font color="maroon"> <small> &emsp; &emsp;--- 05 May 00:52:13 257 - Catched spinner load exception due to javascript error: {"status":32,"value":"An invalid or illegal selector was specified"}
  (Session info: chrome=124.0.6367.92)
Build info: version: '4.6.0', revision: '79f1c02ae20'
System info: os.name: 'Windows 10', os.arch: 'amd64', os.version: '10.0', java.version: '17.0.7'
Driver info: org.openqa.selenium.chrome.ChromeDriver
Command: [2cf28825ea7a8a419a5b05b8e5d35d84, findElement {using=css selector, value=div[class='slds-spinner slds-spinner_brand slds-spinner_small']>div:nth-child(2)r}]
Capabilities {acceptInsecureCerts: false, browserName: chrome, browserVersion: 124.0.6367.92, chrome: {chromedriverVersion: 124.0.6367.91 (51df0e5e17a8..., userDataDir: C:\Users\PRATHA~1.KUM\AppDa...}, fedcm:accounts: true, goog:chromeOptions: {debuggerAddress: localhost:49451}, networkConnectionEnabled: false, pageLoadStrategy: normal, platformName: WINDOWS, proxy: Proxy(), se:cdp: ws://localhost:49451/devtoo..., se:cdpVersion: 124.0.6367.92, setWindowRect: true, strictFileInteractability: false, timeouts: {implicit: 0, pageLoad: 300000, script: 30000}, unhandledPromptBehavior: dismiss and notify, webauthn:extension:credBlob: true, webauthn:extension:largeBlob: true, webauthn:extension:minPinLength: true, webauthn:extension:prf: true, webauthn:virtualAuthenticators: true}
Session ID: 2cf28825ea7a8a419a5b05b8e5d35d84</small> </font> </div>
<div class="test-event"> <font color="maroon"> <small> &emsp; &emsp;--- 05 May 00:52:13 257 - <b>0</b> - Spinner Load Wait: (Sync) - ICar.support.WaitUtils.waitForSpinner(WaitUtils.java:225)</small> </font> </div>
<div class="test-message">&emsp;Back To Courses is displayed in the page </div>
<div class="test-message">&emsp;Successfully verified Back To Course Link&emsp;<a href=".\ScreenShot\URL_TC001_2724270873680700.png" target="_blank" >[ScreenShot]</a></div>
<div class="test-event"> <font color="maroon"> <small> &emsp; &emsp;--- 05 May 00:52:13 665 - Catched spinner load exception due to javascript error: {"status":32,"value":"An invalid or illegal selector was specified"}
  (Session info: chrome=124.0.6367.92)
Build info: version: '4.6.0', revision: '79f1c02ae20'
System info: os.name: 'Windows 10', os.arch: 'amd64', os.version: '10.0', java.version: '17.0.7'
Driver info: org.openqa.selenium.chrome.ChromeDriver
Command: [2cf28825ea7a8a419a5b05b8e5d35d84, findElement {using=css selector, value=div[class='slds-spinner slds-spinner_brand slds-spinner_small']>div:nth-child(2)r}]
Capabilities {acceptInsecureCerts: false, browserName: chrome, browserVersion: 124.0.6367.92, chrome: {chromedriverVersion: 124.0.6367.91 (51df0e5e17a8..., userDataDir: C:\Users\PRATHA~1.KUM\AppDa...}, fedcm:accounts: true, goog:chromeOptions: {debuggerAddress: localhost:49451}, networkConnectionEnabled: false, pageLoadStrategy: normal, platformName: WINDOWS, proxy: Proxy(), se:cdp: ws://localhost:49451/devtoo..., se:cdpVersion: 124.0.6367.92, setWindowRect: true, strictFileInteractability: false, timeouts: {implicit: 0, pageLoad: 300000, script: 30000}, unhandledPromptBehavior: dismiss and notify, webauthn:extension:credBlob: true, webauthn:extension:largeBlob: true, webauthn:extension:minPinLength: true, webauthn:extension:prf: true, webauthn:virtualAuthenticators: true}
Session ID: 2cf28825ea7a8a419a5b05b8e5d35d84</small> </font> </div>
<div class="test-event"> <font color="maroon"> <small> &emsp; &emsp;--- 05 May 00:52:13 665 - <b>0</b> - Spinner Load Wait: (Sync) - ICar.support.WaitUtils.waitForSpinner(WaitUtils.java:225)</small> </font> </div>
<div class="test-event"> <font color="maroon"> <small> &emsp; &emsp;--- 05 May 00:52:13 735 - Page URL:: https://www.i-car.com/product/group-10</small> </font> </div>
<div class="test-event"> <font color="maroon"> <small> &emsp; &emsp;--- 05 May 00:52:13 735 - <b>0</b> - Page Load Wait: (Sync) - ICar.support.Utils.waitForPageLoad(Utils.java:109)</small> </font> </div>
<div class="test-event"> <font color="maroon"> <small> &emsp; &emsp;--- 05 May 00:52:23 796 - Element is displayed:: [[ChromeDriver: chrome on WINDOWS (2cf28825ea7a8a419a5b05b8e5d35d84)] -> xpath: //div[@class='productDetails slds-p-bottom_large']//div[contains(@class,'slds-p-bottom_medium')]]</small> </font> </div>
<div class="test-message">&emsp;Course Name : Group10 is displayed in the URL page</div>
<div class="test-message">&emsp;Successfully verified the course name for relevant link&emsp;<a href=".\ScreenShot\URL_TC001_2724289422566900.png" target="_blank" >[ScreenShot]</a></div>
<div class="test-message">&emsp;
</div>
<div class="test-message">&emsp;190. URL is : https://www.i-car.com/product/developing-the-team-and-the-business</div>
<div class="test-event"> <font color="maroon"> <small> &emsp; &emsp;--- 05 May 00:52:33 264 - Page URL:: https://www.i-car.com/product/developing-the-team-and-the-business</small> </font> </div>
<div class="test-event"> <font color="maroon"> <small> &emsp; &emsp;--- 05 May 00:52:33 264 - <b>0</b> - Page Load Wait: (Sync) - ICar.support.Utils.waitForPageLoad(Utils.java:109)</small> </font> </div>
<div class="test-message">&emsp;Successfully navigated to the :  https://www.i-car.com/product/developing-the-team-and-the-business   Page&emsp;<a href=".\ScreenShot\URL_TC001_2724290869513400.png" target="_blank" >[ScreenShot]</a></div>
<div class="test-event"> <font color="maroon"> <small> &emsp; &emsp;--- 05 May 00:52:33 535 - Page URL:: https://www.i-car.com/product/developing-the-team-and-the-business</small> </font> </div>
<div class="test-event"> <font color="maroon"> <small> &emsp; &emsp;--- 05 May 00:52:33 535 - <b>0</b> - Page Load Wait: (Sync) - ICar.support.Utils.waitForPageLoad(Utils.java:109)</small> </font> </div>
<div class="test-event"> <font color="maroon"> <small> &emsp; &emsp;--- 05 May 00:52:33 542 - Catched spinner load exception due to javascript error: {"status":32,"value":"An invalid or illegal selector was specified"}
  (Session info: chrome=124.0.6367.92)
Build info: version: '4.6.0', revision: '79f1c02ae20'
System info: os.name: 'Windows 10', os.arch: 'amd64', os.version: '10.0', java.version: '17.0.7'
Driver info: org.openqa.selenium.chrome.ChromeDriver
Command: [2cf28825ea7a8a419a5b05b8e5d35d84, findElement {using=css selector, value=div[class='slds-spinner slds-spinner_brand slds-spinner_small']>div:nth-child(2)r}]
Capabilities {acceptInsecureCerts: false, browserName: chrome, browserVersion: 124.0.6367.92, chrome: {chromedriverVersion: 124.0.6367.91 (51df0e5e17a8..., userDataDir: C:\Users\PRATHA~1.KUM\AppDa...}, fedcm:accounts: true, goog:chromeOptions: {debuggerAddress: localhost:49451}, networkConnectionEnabled: false, pageLoadStrategy: normal, platformName: WINDOWS, proxy: Proxy(), se:cdp: ws://localhost:49451/devtoo..., se:cdpVersion: 124.0.6367.92, setWindowRect: true, strictFileInteractability: false, timeouts: {implicit: 0, pageLoad: 300000, script: 30000}, unhandledPromptBehavior: dismiss and notify, webauthn:extension:credBlob: true, webauthn:extension:largeBlob: true, webauthn:extension:minPinLength: true, webauthn:extension:prf: true, webauthn:virtualAuthenticators: true}
Session ID: 2cf28825ea7a8a419a5b05b8e5d35d84</small> </font> </div>
<div class="test-event"> <font color="maroon"> <small> &emsp; &emsp;--- 05 May 00:52:33 542 - <b>0</b> - Spinner Load Wait: (Sync) - ICar.support.WaitUtils.waitForSpinner(WaitUtils.java:225)</small> </font> </div>
<div class="test-event"> <font color="maroon"> <small> &emsp; &emsp;--- 05 May 00:52:43 654 - Page URL:: https://www.i-car.com/product/developing-the-team-and-the-business</small> </font> </div>
<div class="test-event"> <font color="maroon"> <small> &emsp; &emsp;--- 05 May 00:52:43 654 - <b>0</b> - Page Load Wait: (Sync) - ICar.support.Utils.waitForPageLoad(Utils.java:109)</small> </font> </div>
<div class="test-event"> <font color="maroon"> <small> &emsp; &emsp;--- 05 May 00:52:43 675 - Element is displayed:: [[ChromeDriver: chrome on WINDOWS (2cf28825ea7a8a419a5b05b8e5d35d84)] -> xpath: //a[contains(text(),'Back to Courses')]]</small> </font> </div>
<div class="test-event"> <font color="maroon"> <small> &emsp; &emsp;--- 05 May 00:52:50 708 - Catched spinner load exception due to javascript error: {"status":32,"value":"An invalid or illegal selector was specified"}
  (Session info: chrome=124.0.6367.92)
Build info: version: '4.6.0', revision: '79f1c02ae20'
System info: os.name: 'Windows 10', os.arch: 'amd64', os.version: '10.0', java.version: '17.0.7'
Driver info: org.openqa.selenium.chrome.ChromeDriver
Command: [2cf28825ea7a8a419a5b05b8e5d35d84, findElement {using=css selector, value=div[class='slds-spinner slds-spinner_brand slds-spinner_small']>div:nth-child(2)r}]
Capabilities {acceptInsecureCerts: false, browserName: chrome, browserVersion: 124.0.6367.92, chrome: {chromedriverVersion: 124.0.6367.91 (51df0e5e17a8..., userDataDir: C:\Users\PRATHA~1.KUM\AppDa...}, fedcm:accounts: true, goog:chromeOptions: {debuggerAddress: localhost:49451}, networkConnectionEnabled: false, pageLoadStrategy: normal, platformName: WINDOWS, proxy: Proxy(), se:cdp: ws://localhost:49451/devtoo..., se:cdpVersion: 124.0.6367.92, setWindowRect: true, strictFileInteractability: false, timeouts: {implicit: 0, pageLoad: 300000, script: 30000}, unhandledPromptBehavior: dismiss and notify, webauthn:extension:credBlob: true, webauthn:extension:largeBlob: true, webauthn:extension:minPinLength: true, webauthn:extension:prf: true, webauthn:virtualAuthenticators: true}
Session ID: 2cf28825ea7a8a419a5b05b8e5d35d84</small> </font> </div>
<div class="test-event"> <font color="maroon"> <small> &emsp; &emsp;--- 05 May 00:52:50 708 - <b>0</b> - Spinner Load Wait: (Sync) - ICar.support.WaitUtils.waitForSpinner(WaitUtils.java:225)</small> </font> </div>
<div class="test-message">&emsp;Back To Courses is displayed in the page </div>
<div class="test-message">&emsp;Successfully verified Back To Course Link&emsp;<a href=".\ScreenShot\URL_TC001_2724308325000400.png" target="_blank" >[ScreenShot]</a></div>
<div class="test-event"> <font color="maroon"> <small> &emsp; &emsp;--- 05 May 00:52:50 953 - Catched spinner load exception due to javascript error: {"status":32,"value":"An invalid or illegal selector was specified"}
  (Session info: chrome=124.0.6367.92)
Build info: version: '4.6.0', revision: '79f1c02ae20'
System info: os.name: 'Windows 10', os.arch: 'amd64', os.version: '10.0', java.version: '17.0.7'
Driver info: org.openqa.selenium.chrome.ChromeDriver
Command: [2cf28825ea7a8a419a5b05b8e5d35d84, findElement {using=css selector, value=div[class='slds-spinner slds-spinner_brand slds-spinner_small']>div:nth-child(2)r}]
Capabilities {acceptInsecureCerts: false, browserName: chrome, browserVersion: 124.0.6367.92, chrome: {chromedriverVersion: 124.0.6367.91 (51df0e5e17a8..., userDataDir: C:\Users\PRATHA~1.KUM\AppDa...}, fedcm:accounts: true, goog:chromeOptions: {debuggerAddress: localhost:49451}, networkConnectionEnabled: false, pageLoadStrategy: normal, platformName: WINDOWS, proxy: Proxy(), se:cdp: ws://localhost:49451/devtoo..., se:cdpVersion: 124.0.6367.92, setWindowRect: true, strictFileInteractability: false, timeouts: {implicit: 0, pageLoad: 300000, script: 30000}, unhandledPromptBehavior: dismiss and notify, webauthn:extension:credBlob: true, webauthn:extension:largeBlob: true, webauthn:extension:minPinLength: true, webauthn:extension:prf: true, webauthn:virtualAuthenticators: true}
Session ID: 2cf28825ea7a8a419a5b05b8e5d35d84</small> </font> </div>
<div class="test-event"> <font color="maroon"> <small> &emsp; &emsp;--- 05 May 00:52:50 953 - <b>0</b> - Spinner Load Wait: (Sync) - ICar.support.WaitUtils.waitForSpinner(WaitUtils.java:225)</small> </font> </div>
<div class="test-event"> <font color="maroon"> <small> &emsp; &emsp;--- 05 May 00:52:51 069 - Page URL:: https://www.i-car.com/product/developing-the-team-and-the-business</small> </font> </div>
<div class="test-event"> <font color="maroon"> <small> &emsp; &emsp;--- 05 May 00:52:51 069 - <b>0</b> - Page Load Wait: (Sync) - ICar.support.Utils.waitForPageLoad(Utils.java:109)</small> </font> </div>
<div class="test-event"> <font color="maroon"> <small> &emsp; &emsp;--- 05 May 00:53:01 123 - Element is displayed:: [[ChromeDriver: chrome on WINDOWS (2cf28825ea7a8a419a5b05b8e5d35d84)] -> xpath: //div[@class='productDetails slds-p-bottom_large']//div[contains(@class,'slds-p-bottom_medium')]]</small> </font> </div>
<div class="test-message">&emsp;Course Name : DevelopingtheTeamandtheBusiness is displayed in the URL page</div>
<div class="test-message">&emsp;Successfully verified the course name for relevant link&emsp;<a href=".\ScreenShot\URL_TC001_2724326755484500.png" target="_blank" >[ScreenShot]</a></div>
<div class="test-message">&emsp;
</div>
<div class="test-message">&emsp;191. URL is : https://www.i-car.com/product/quality-is-your-business</div>
<div class="test-event"> <font color="maroon"> <small> &emsp; &emsp;--- 05 May 00:53:17 368 - Page URL:: https://www.i-car.com/product/quality-is-your-business</small> </font> </div>
<div class="test-event"> <font color="maroon"> <small> &emsp; &emsp;--- 05 May 00:53:17 368 - <b>0</b> - Page Load Wait: (Sync) - ICar.support.Utils.waitForPageLoad(Utils.java:109)</small> </font> </div>
<div class="test-message">&emsp;Successfully navigated to the :  https://www.i-car.com/product/quality-is-your-business   Page&emsp;<a href=".\ScreenShot\URL_TC001_2724334973058900.png" target="_blank" >[ScreenShot]</a></div>
<div class="test-event"> <font color="maroon"> <small> &emsp; &emsp;--- 05 May 00:53:17 696 - Page URL:: https://www.i-car.com/product/quality-is-your-business</small> </font> </div>
<div class="test-event"> <font color="maroon"> <small> &emsp; &emsp;--- 05 May 00:53:17 696 - <b>0</b> - Page Load Wait: (Sync) - ICar.support.Utils.waitForPageLoad(Utils.java:109)</small> </font> </div>
<div class="test-event"> <font color="maroon"> <small> &emsp; &emsp;--- 05 May 00:53:17 706 - Catched spinner load exception due to javascript error: {"status":32,"value":"An invalid or illegal selector was specified"}
  (Session info: chrome=124.0.6367.92)
Build info: version: '4.6.0', revision: '79f1c02ae20'
System info: os.name: 'Windows 10', os.arch: 'amd64', os.version: '10.0', java.version: '17.0.7'
Driver info: org.openqa.selenium.chrome.ChromeDriver
Command: [2cf28825ea7a8a419a5b05b8e5d35d84, findElement {using=css selector, value=div[class='slds-spinner slds-spinner_brand slds-spinner_small']>div:nth-child(2)r}]
Capabilities {acceptInsecureCerts: false, browserName: chrome, browserVersion: 124.0.6367.92, chrome: {chromedriverVersion: 124.0.6367.91 (51df0e5e17a8..., userDataDir: C:\Users\PRATHA~1.KUM\AppDa...}, fedcm:accounts: true, goog:chromeOptions: {debuggerAddress: localhost:49451}, networkConnectionEnabled: false, pageLoadStrategy: normal, platformName: WINDOWS, proxy: Proxy(), se:cdp: ws://localhost:49451/devtoo..., se:cdpVersion: 124.0.6367.92, setWindowRect: true, strictFileInteractability: false, timeouts: {implicit: 0, pageLoad: 300000, script: 30000}, unhandledPromptBehavior: dismiss and notify, webauthn:extension:credBlob: true, webauthn:extension:largeBlob: true, webauthn:extension:minPinLength: true, webauthn:extension:prf: true, webauthn:virtualAuthenticators: true}
Session ID: 2cf28825ea7a8a419a5b05b8e5d35d84</small> </font> </div>
<div class="test-event"> <font color="maroon"> <small> &emsp; &emsp;--- 05 May 00:53:17 706 - <b>0</b> - Spinner Load Wait: (Sync) - ICar.support.WaitUtils.waitForSpinner(WaitUtils.java:225)</small> </font> </div>
<div class="test-event"> <font color="maroon"> <small> &emsp; &emsp;--- 05 May 00:53:27 793 - Page URL:: https://www.i-car.com/product/quality-is-your-business</small> </font> </div>
<div class="test-event"> <font color="maroon"> <small> &emsp; &emsp;--- 05 May 00:53:27 793 - <b>0</b> - Page Load Wait: (Sync) - ICar.support.Utils.waitForPageLoad(Utils.java:109)</small> </font> </div>
<div class="test-event"> <font color="maroon"> <small> &emsp; &emsp;--- 05 May 00:53:27 810 - Element is displayed:: [[ChromeDriver: chrome on WINDOWS (2cf28825ea7a8a419a5b05b8e5d35d84)] -> xpath: //a[contains(text(),'Back to Courses')]]</small> </font> </div>
<div class="test-event"> <font color="maroon"> <small> &emsp; &emsp;--- 05 May 00:53:34 848 - Catched spinner load exception due to javascript error: {"status":32,"value":"An invalid or illegal selector was specified"}
  (Session info: chrome=124.0.6367.92)
Build info: version: '4.6.0', revision: '79f1c02ae20'
System info: os.name: 'Windows 10', os.arch: 'amd64', os.version: '10.0', java.version: '17.0.7'
Driver info: org.openqa.selenium.chrome.ChromeDriver
Command: [2cf28825ea7a8a419a5b05b8e5d35d84, findElement {using=css selector, value=div[class='slds-spinner slds-spinner_brand slds-spinner_small']>div:nth-child(2)r}]
Capabilities {acceptInsecureCerts: false, browserName: chrome, browserVersion: 124.0.6367.92, chrome: {chromedriverVersion: 124.0.6367.91 (51df0e5e17a8..., userDataDir: C:\Users\PRATHA~1.KUM\AppDa...}, fedcm:accounts: true, goog:chromeOptions: {debuggerAddress: localhost:49451}, networkConnectionEnabled: false, pageLoadStrategy: normal, platformName: WINDOWS, proxy: Proxy(), se:cdp: ws://localhost:49451/devtoo..., se:cdpVersion: 124.0.6367.92, setWindowRect: true, strictFileInteractability: false, timeouts: {implicit: 0, pageLoad: 300000, script: 30000}, unhandledPromptBehavior: dismiss and notify, webauthn:extension:credBlob: true, webauthn:extension:largeBlob: true, webauthn:extension:minPinLength: true, webauthn:extension:prf: true, webauthn:virtualAuthenticators: true}
Session ID: 2cf28825ea7a8a419a5b05b8e5d35d84</small> </font> </div>
<div class="test-event"> <font color="maroon"> <small> &emsp; &emsp;--- 05 May 00:53:34 848 - <b>0</b> - Spinner Load Wait: (Sync) - ICar.support.WaitUtils.waitForSpinner(WaitUtils.java:225)</small> </font> </div>
<div class="test-message">&emsp;Back To Courses is displayed in the page </div>
<div class="test-message">&emsp;Successfully verified Back To Course Link&emsp;<a href=".\ScreenShot\URL_TC001_2724352464669000.png" target="_blank" >[ScreenShot]</a></div>
<div class="test-event"> <font color="maroon"> <small> &emsp; &emsp;--- 05 May 00:53:35 097 - Catched spinner load exception due to javascript error: {"status":32,"value":"An invalid or illegal selector was specified"}
  (Session info: chrome=124.0.6367.92)
Build info: version: '4.6.0', revision: '79f1c02ae20'
System info: os.name: 'Windows 10', os.arch: 'amd64', os.version: '10.0', java.version: '17.0.7'
Driver info: org.openqa.selenium.chrome.ChromeDriver
Command: [2cf28825ea7a8a419a5b05b8e5d35d84, findElement {using=css selector, value=div[class='slds-spinner slds-spinner_brand slds-spinner_small']>div:nth-child(2)r}]
Capabilities {acceptInsecureCerts: false, browserName: chrome, browserVersion: 124.0.6367.92, chrome: {chromedriverVersion: 124.0.6367.91 (51df0e5e17a8..., userDataDir: C:\Users\PRATHA~1.KUM\AppDa...}, fedcm:accounts: true, goog:chromeOptions: {debuggerAddress: localhost:49451}, networkConnectionEnabled: false, pageLoadStrategy: normal, platformName: WINDOWS, proxy: Proxy(), se:cdp: ws://localhost:49451/devtoo..., se:cdpVersion: 124.0.6367.92, setWindowRect: true, strictFileInteractability: false, timeouts: {implicit: 0, pageLoad: 300000, script: 30000}, unhandledPromptBehavior: dismiss and notify, webauthn:extension:credBlob: true, webauthn:extension:largeBlob: true, webauthn:extension:minPinLength: true, webauthn:extension:prf: true, webauthn:virtualAuthenticators: true}
Session ID: 2cf28825ea7a8a419a5b05b8e5d35d84</small> </font> </div>
<div class="test-event"> <font color="maroon"> <small> &emsp; &emsp;--- 05 May 00:53:35 097 - <b>0</b> - Spinner Load Wait: (Sync) - ICar.support.WaitUtils.waitForSpinner(WaitUtils.java:225)</small> </font> </div>
<div class="test-event"> <font color="maroon"> <small> &emsp; &emsp;--- 05 May 00:53:35 158 - Page URL:: https://www.i-car.com/product/quality-is-your-business</small> </font> </div>
<div class="test-event"> <font color="maroon"> <small> &emsp; &emsp;--- 05 May 00:53:35 158 - <b>0</b> - Page Load Wait: (Sync) - ICar.support.Utils.waitForPageLoad(Utils.java:109)</small> </font> </div>
<div class="test-event"> <font color="maroon"> <small> &emsp; &emsp;--- 05 May 00:53:45 211 - Element is displayed:: [[ChromeDriver: chrome on WINDOWS (2cf28825ea7a8a419a5b05b8e5d35d84)] -> xpath: //div[@class='productDetails slds-p-bottom_large']//div[contains(@class,'slds-p-bottom_medium')]]</small> </font> </div>
<div class="test-message">&emsp;Course Name : QualityIsYourBusiness is displayed in the URL page</div>
<div class="test-message">&emsp;Successfully verified the course name for relevant link&emsp;<a href=".\ScreenShot\URL_TC001_2724370838129900.png" target="_blank" >[ScreenShot]</a></div>
<div class="test-message">&emsp;
</div>
<div class="test-message">&emsp;192. URL is : https://www.i-car.com/product/introduction-to-plastics-and-singlesided-repairs</div>
<div class="test-event"> <font color="maroon"> <small> &emsp; &emsp;--- 05 May 00:53:54 719 - Page URL:: https://www.i-car.com/product/introduction-to-plastics-and-singlesided-repairs</small> </font> </div>
<div class="test-event"> <font color="maroon"> <small> &emsp; &emsp;--- 05 May 00:53:54 719 - <b>0</b> - Page Load Wait: (Sync) - ICar.support.Utils.waitForPageLoad(Utils.java:109)</small> </font> </div>
<div class="test-message">&emsp;Successfully navigated to the :  https://www.i-car.com/product/introduction-to-plastics-and-singlesided-repairs   Page&emsp;<a href=".\ScreenShot\URL_TC001_2724372323502600.png" target="_blank" >[ScreenShot]</a></div>
<div class="test-event"> <font color="maroon"> <small> &emsp; &emsp;--- 05 May 00:53:55 004 - Page URL:: https://www.i-car.com/product/introduction-to-plastics-and-singlesided-repairs</small> </font> </div>
<div class="test-event"> <font color="maroon"> <small> &emsp; &emsp;--- 05 May 00:53:55 004 - <b>0</b> - Page Load Wait: (Sync) - ICar.support.Utils.waitForPageLoad(Utils.java:109)</small> </font> </div>
<div class="test-event"> <font color="maroon"> <small> &emsp; &emsp;--- 05 May 00:53:55 012 - Catched spinner load exception due to javascript error: {"status":32,"value":"An invalid or illegal selector was specified"}
  (Session info: chrome=124.0.6367.92)
Build info: version: '4.6.0', revision: '79f1c02ae20'
System info: os.name: 'Windows 10', os.arch: 'amd64', os.version: '10.0', java.version: '17.0.7'
Driver info: org.openqa.selenium.chrome.ChromeDriver
Command: [2cf28825ea7a8a419a5b05b8e5d35d84, findElement {using=css selector, value=div[class='slds-spinner slds-spinner_brand slds-spinner_small']>div:nth-child(2)r}]
Capabilities {acceptInsecureCerts: false, browserName: chrome, browserVersion: 124.0.6367.92, chrome: {chromedriverVersion: 124.0.6367.91 (51df0e5e17a8..., userDataDir: C:\Users\PRATHA~1.KUM\AppDa...}, fedcm:accounts: true, goog:chromeOptions: {debuggerAddress: localhost:49451}, networkConnectionEnabled: false, pageLoadStrategy: normal, platformName: WINDOWS, proxy: Proxy(), se:cdp: ws://localhost:49451/devtoo..., se:cdpVersion: 124.0.6367.92, setWindowRect: true, strictFileInteractability: false, timeouts: {implicit: 0, pageLoad: 300000, script: 30000}, unhandledPromptBehavior: dismiss and notify, webauthn:extension:credBlob: true, webauthn:extension:largeBlob: true, webauthn:extension:minPinLength: true, webauthn:extension:prf: true, webauthn:virtualAuthenticators: true}
Session ID: 2cf28825ea7a8a419a5b05b8e5d35d84</small> </font> </div>
<div class="test-event"> <font color="maroon"> <small> &emsp; &emsp;--- 05 May 00:53:55 012 - <b>0</b> - Spinner Load Wait: (Sync) - ICar.support.WaitUtils.waitForSpinner(WaitUtils.java:225)</small> </font> </div>
<div class="test-event"> <font color="maroon"> <small> &emsp; &emsp;--- 05 May 00:54:05 131 - Page URL:: https://www.i-car.com/product/introduction-to-plastics-and-singlesided-repairs</small> </font> </div>
<div class="test-event"> <font color="maroon"> <small> &emsp; &emsp;--- 05 May 00:54:05 131 - <b>0</b> - Page Load Wait: (Sync) - ICar.support.Utils.waitForPageLoad(Utils.java:109)</small> </font> </div>
<div class="test-event"> <font color="maroon"> <small> &emsp; &emsp;--- 05 May 00:54:05 155 - Element is displayed:: [[ChromeDriver: chrome on WINDOWS (2cf28825ea7a8a419a5b05b8e5d35d84)] -> xpath: //a[contains(text(),'Back to Courses')]]</small> </font> </div>
<div class="test-event"> <font color="maroon"> <small> &emsp; &emsp;--- 05 May 00:54:12 195 - Catched spinner load exception due to javascript error: {"status":32,"value":"An invalid or illegal selector was specified"}
  (Session info: chrome=124.0.6367.92)
Build info: version: '4.6.0', revision: '79f1c02ae20'
System info: os.name: 'Windows 10', os.arch: 'amd64', os.version: '10.0', java.version: '17.0.7'
Driver info: org.openqa.selenium.chrome.ChromeDriver
Command: [2cf28825ea7a8a419a5b05b8e5d35d84, findElement {using=css selector, value=div[class='slds-spinner slds-spinner_brand slds-spinner_small']>div:nth-child(2)r}]
Capabilities {acceptInsecureCerts: false, browserName: chrome, browserVersion: 124.0.6367.92, chrome: {chromedriverVersion: 124.0.6367.91 (51df0e5e17a8..., userDataDir: C:\Users\PRATHA~1.KUM\AppDa...}, fedcm:accounts: true, goog:chromeOptions: {debuggerAddress: localhost:49451}, networkConnectionEnabled: false, pageLoadStrategy: normal, platformName: WINDOWS, proxy: Proxy(), se:cdp: ws://localhost:49451/devtoo..., se:cdpVersion: 124.0.6367.92, setWindowRect: true, strictFileInteractability: false, timeouts: {implicit: 0, pageLoad: 300000, script: 30000}, unhandledPromptBehavior: dismiss and notify, webauthn:extension:credBlob: true, webauthn:extension:largeBlob: true, webauthn:extension:minPinLength: true, webauthn:extension:prf: true, webauthn:virtualAuthenticators: true}
Session ID: 2cf28825ea7a8a419a5b05b8e5d35d84</small> </font> </div>
<div class="test-event"> <font color="maroon"> <small> &emsp; &emsp;--- 05 May 00:54:12 195 - <b>0</b> - Spinner Load Wait: (Sync) - ICar.support.WaitUtils.waitForSpinner(WaitUtils.java:225)</small> </font> </div>
<div class="test-message">&emsp;Back To Courses is displayed in the page </div>
<div class="test-message">&emsp;Successfully verified Back To Course Link&emsp;<a href=".\ScreenShot\URL_TC001_2724389814246000.png" target="_blank" >[ScreenShot]</a></div>
<div class="test-event"> <font color="maroon"> <small> &emsp; &emsp;--- 05 May 00:54:12 512 - Catched spinner load exception due to javascript error: {"status":32,"value":"An invalid or illegal selector was specified"}
  (Session info: chrome=124.0.6367.92)
Build info: version: '4.6.0', revision: '79f1c02ae20'
System info: os.name: 'Windows 10', os.arch: 'amd64', os.version: '10.0', java.version: '17.0.7'
Driver info: org.openqa.selenium.chrome.ChromeDriver
Command: [2cf28825ea7a8a419a5b05b8e5d35d84, findElement {using=css selector, value=div[class='slds-spinner slds-spinner_brand slds-spinner_small']>div:nth-child(2)r}]
Capabilities {acceptInsecureCerts: false, browserName: chrome, browserVersion: 124.0.6367.92, chrome: {chromedriverVersion: 124.0.6367.91 (51df0e5e17a8..., userDataDir: C:\Users\PRATHA~1.KUM\AppDa...}, fedcm:accounts: true, goog:chromeOptions: {debuggerAddress: localhost:49451}, networkConnectionEnabled: false, pageLoadStrategy: normal, platformName: WINDOWS, proxy: Proxy(), se:cdp: ws://localhost:49451/devtoo..., se:cdpVersion: 124.0.6367.92, setWindowRect: true, strictFileInteractability: false, timeouts: {implicit: 0, pageLoad: 300000, script: 30000}, unhandledPromptBehavior: dismiss and notify, webauthn:extension:credBlob: true, webauthn:extension:largeBlob: true, webauthn:extension:minPinLength: true, webauthn:extension:prf: true, webauthn:virtualAuthenticators: true}
Session ID: 2cf28825ea7a8a419a5b05b8e5d35d84</small> </font> </div>
<div class="test-event"> <font color="maroon"> <small> &emsp; &emsp;--- 05 May 00:54:12 512 - <b>0</b> - Spinner Load Wait: (Sync) - ICar.support.WaitUtils.waitForSpinner(WaitUtils.java:225)</small> </font> </div>
<div class="test-event"> <font color="maroon"> <small> &emsp; &emsp;--- 05 May 00:54:12 579 - Page URL:: https://www.i-car.com/product/introduction-to-plastics-and-singlesided-repairs</small> </font> </div>
<div class="test-event"> <font color="maroon"> <small> &emsp; &emsp;--- 05 May 00:54:12 579 - <b>0</b> - Page Load Wait: (Sync) - ICar.support.Utils.waitForPageLoad(Utils.java:109)</small> </font> </div>
<div class="test-event"> <font color="maroon"> <small> &emsp; &emsp;--- 05 May 00:54:22 631 - Element is displayed:: [[ChromeDriver: chrome on WINDOWS (2cf28825ea7a8a419a5b05b8e5d35d84)] -> xpath: //div[@class='productDetails slds-p-bottom_large']//div[contains(@class,'slds-p-bottom_medium')]]</small> </font> </div>
<div class="test-message">&emsp;Course Name : IntroductiontoPlasticsandSingleSidedRepairs is displayed in the URL page</div>
<div class="test-message">&emsp;Successfully verified the course name for relevant link&emsp;<a href=".\ScreenShot\URL_TC001_2724408260291900.png" target="_blank" >[ScreenShot]</a></div>
<div class="test-message">&emsp;
</div>
<div class="test-message">&emsp;193. URL is : https://www.i-car.com/product/introduction-to-twosided-plastic-repair</div>
<div class="test-event"> <font color="maroon"> <small> &emsp; &emsp;--- 05 May 00:54:32 244 - Page URL:: https://www.i-car.com/product/introduction-to-twosided-plastic-repair</small> </font> </div>
<div class="test-event"> <font color="maroon"> <small> &emsp; &emsp;--- 05 May 00:54:32 244 - <b>0</b> - Page Load Wait: (Sync) - ICar.support.Utils.waitForPageLoad(Utils.java:109)</small> </font> </div>
<div class="test-message">&emsp;Successfully navigated to the :  https://www.i-car.com/product/introduction-to-twosided-plastic-repair   Page&emsp;<a href=".\ScreenShot\URL_TC001_2724409849307600.png" target="_blank" >[ScreenShot]</a></div>
<div class="test-event"> <font color="maroon"> <small> &emsp; &emsp;--- 05 May 00:54:32 554 - Page URL:: https://www.i-car.com/product/introduction-to-twosided-plastic-repair</small> </font> </div>
<div class="test-event"> <font color="maroon"> <small> &emsp; &emsp;--- 05 May 00:54:32 554 - <b>0</b> - Page Load Wait: (Sync) - ICar.support.Utils.waitForPageLoad(Utils.java:109)</small> </font> </div>
<div class="test-event"> <font color="maroon"> <small> &emsp; &emsp;--- 05 May 00:54:32 566 - Catched spinner load exception due to javascript error: {"status":32,"value":"An invalid or illegal selector was specified"}
  (Session info: chrome=124.0.6367.92)
Build info: version: '4.6.0', revision: '79f1c02ae20'
System info: os.name: 'Windows 10', os.arch: 'amd64', os.version: '10.0', java.version: '17.0.7'
Driver info: org.openqa.selenium.chrome.ChromeDriver
Command: [2cf28825ea7a8a419a5b05b8e5d35d84, findElement {using=css selector, value=div[class='slds-spinner slds-spinner_brand slds-spinner_small']>div:nth-child(2)r}]
Capabilities {acceptInsecureCerts: false, browserName: chrome, browserVersion: 124.0.6367.92, chrome: {chromedriverVersion: 124.0.6367.91 (51df0e5e17a8..., userDataDir: C:\Users\PRATHA~1.KUM\AppDa...}, fedcm:accounts: true, goog:chromeOptions: {debuggerAddress: localhost:49451}, networkConnectionEnabled: false, pageLoadStrategy: normal, platformName: WINDOWS, proxy: Proxy(), se:cdp: ws://localhost:49451/devtoo..., se:cdpVersion: 124.0.6367.92, setWindowRect: true, strictFileInteractability: false, timeouts: {implicit: 0, pageLoad: 300000, script: 30000}, unhandledPromptBehavior: dismiss and notify, webauthn:extension:credBlob: true, webauthn:extension:largeBlob: true, webauthn:extension:minPinLength: true, webauthn:extension:prf: true, webauthn:virtualAuthenticators: true}
Session ID: 2cf28825ea7a8a419a5b05b8e5d35d84</small> </font> </div>
<div class="test-event"> <font color="maroon"> <small> &emsp; &emsp;--- 05 May 00:54:32 566 - <b>0</b> - Spinner Load Wait: (Sync) - ICar.support.WaitUtils.waitForSpinner(WaitUtils.java:225)</small> </font> </div>
<div class="test-event"> <font color="maroon"> <small> &emsp; &emsp;--- 05 May 00:54:42 671 - Page URL:: https://www.i-car.com/product/introduction-to-twosided-plastic-repair</small> </font> </div>
<div class="test-event"> <font color="maroon"> <small> &emsp; &emsp;--- 05 May 00:54:42 671 - <b>0</b> - Page Load Wait: (Sync) - ICar.support.Utils.waitForPageLoad(Utils.java:109)</small> </font> </div>
<div class="test-event"> <font color="maroon"> <small> &emsp; &emsp;--- 05 May 00:54:42 689 - Element is displayed:: [[ChromeDriver: chrome on WINDOWS (2cf28825ea7a8a419a5b05b8e5d35d84)] -> xpath: //a[contains(text(),'Back to Courses')]]</small> </font> </div>
<div class="test-event"> <font color="maroon"> <small> &emsp; &emsp;--- 05 May 00:54:49 736 - Catched spinner load exception due to javascript error: {"status":32,"value":"An invalid or illegal selector was specified"}
  (Session info: chrome=124.0.6367.92)
Build info: version: '4.6.0', revision: '79f1c02ae20'
System info: os.name: 'Windows 10', os.arch: 'amd64', os.version: '10.0', java.version: '17.0.7'
Driver info: org.openqa.selenium.chrome.ChromeDriver
Command: [2cf28825ea7a8a419a5b05b8e5d35d84, findElement {using=css selector, value=div[class='slds-spinner slds-spinner_brand slds-spinner_small']>div:nth-child(2)r}]
Capabilities {acceptInsecureCerts: false, browserName: chrome, browserVersion: 124.0.6367.92, chrome: {chromedriverVersion: 124.0.6367.91 (51df0e5e17a8..., userDataDir: C:\Users\PRATHA~1.KUM\AppDa...}, fedcm:accounts: true, goog:chromeOptions: {debuggerAddress: localhost:49451}, networkConnectionEnabled: false, pageLoadStrategy: normal, platformName: WINDOWS, proxy: Proxy(), se:cdp: ws://localhost:49451/devtoo..., se:cdpVersion: 124.0.6367.92, setWindowRect: true, strictFileInteractability: false, timeouts: {implicit: 0, pageLoad: 300000, script: 30000}, unhandledPromptBehavior: dismiss and notify, webauthn:extension:credBlob: true, webauthn:extension:largeBlob: true, webauthn:extension:minPinLength: true, webauthn:extension:prf: true, webauthn:virtualAuthenticators: true}
Session ID: 2cf28825ea7a8a419a5b05b8e5d35d84</small> </font> </div>
<div class="test-event"> <font color="maroon"> <small> &emsp; &emsp;--- 05 May 00:54:49 736 - <b>0</b> - Spinner Load Wait: (Sync) - ICar.support.WaitUtils.waitForSpinner(WaitUtils.java:225)</small> </font> </div>
<div class="test-message">&emsp;Back To Courses is displayed in the page </div>
<div class="test-message">&emsp;Successfully verified Back To Course Link&emsp;<a href=".\ScreenShot\URL_TC001_2724427362185200.png" target="_blank" >[ScreenShot]</a></div>
<div class="test-event"> <font color="maroon"> <small> &emsp; &emsp;--- 05 May 00:54:50 001 - Catched spinner load exception due to javascript error: {"status":32,"value":"An invalid or illegal selector was specified"}
  (Session info: chrome=124.0.6367.92)
Build info: version: '4.6.0', revision: '79f1c02ae20'
System info: os.name: 'Windows 10', os.arch: 'amd64', os.version: '10.0', java.version: '17.0.7'
Driver info: org.openqa.selenium.chrome.ChromeDriver
Command: [2cf28825ea7a8a419a5b05b8e5d35d84, findElement {using=css selector, value=div[class='slds-spinner slds-spinner_brand slds-spinner_small']>div:nth-child(2)r}]
Capabilities {acceptInsecureCerts: false, browserName: chrome, browserVersion: 124.0.6367.92, chrome: {chromedriverVersion: 124.0.6367.91 (51df0e5e17a8..., userDataDir: C:\Users\PRATHA~1.KUM\AppDa...}, fedcm:accounts: true, goog:chromeOptions: {debuggerAddress: localhost:49451}, networkConnectionEnabled: false, pageLoadStrategy: normal, platformName: WINDOWS, proxy: Proxy(), se:cdp: ws://localhost:49451/devtoo..., se:cdpVersion: 124.0.6367.92, setWindowRect: true, strictFileInteractability: false, timeouts: {implicit: 0, pageLoad: 300000, script: 30000}, unhandledPromptBehavior: dismiss and notify, webauthn:extension:credBlob: true, webauthn:extension:largeBlob: true, webauthn:extension:minPinLength: true, webauthn:extension:prf: true, webauthn:virtualAuthenticators: true}
Session ID: 2cf28825ea7a8a419a5b05b8e5d35d84</small> </font> </div>
<div class="test-event"> <font color="maroon"> <small> &emsp; &emsp;--- 05 May 00:54:50 001 - <b>0</b> - Spinner Load Wait: (Sync) - ICar.support.WaitUtils.waitForSpinner(WaitUtils.java:225)</small> </font> </div>
<div class="test-event"> <font color="maroon"> <small> &emsp; &emsp;--- 05 May 00:54:50 060 - Page URL:: https://www.i-car.com/product/introduction-to-twosided-plastic-repair</small> </font> </div>
<div class="test-event"> <font color="maroon"> <small> &emsp; &emsp;--- 05 May 00:54:50 060 - <b>0</b> - Page Load Wait: (Sync) - ICar.support.Utils.waitForPageLoad(Utils.java:109)</small> </font> </div>
<div class="test-event"> <font color="maroon"> <small> &emsp; &emsp;--- 05 May 00:55:00 108 - Element is displayed:: [[ChromeDriver: chrome on WINDOWS (2cf28825ea7a8a419a5b05b8e5d35d84)] -> xpath: //div[@class='productDetails slds-p-bottom_large']//div[contains(@class,'slds-p-bottom_medium')]]</small> </font> </div>
<div class="test-message">&emsp;Course Name : IntroductiontoTwoSidedPlasticRepair is displayed in the URL page</div>
<div class="test-message">&emsp;Successfully verified the course name for relevant link&emsp;<a href=".\ScreenShot\URL_TC001_2724445741723400.png" target="_blank" >[ScreenShot]</a></div>
<div class="test-message">&emsp;
</div>
<div class="test-message">&emsp;194. URL is : https://www.i-car.com/product/suspension-system-overview</div>
<div class="test-event"> <font color="maroon"> <small> &emsp; &emsp;--- 05 May 00:55:09 646 - Page URL:: https://www.i-car.com/product/suspension-system-overview</small> </font> </div>
<div class="test-event"> <font color="maroon"> <small> &emsp; &emsp;--- 05 May 00:55:09 647 - <b>0</b> - Page Load Wait: (Sync) - ICar.support.Utils.waitForPageLoad(Utils.java:109)</small> </font> </div>
<div class="test-message">&emsp;Successfully navigated to the :  https://www.i-car.com/product/suspension-system-overview   Page&emsp;<a href=".\ScreenShot\URL_TC001_2724447252135000.png" target="_blank" >[ScreenShot]</a></div>
<div class="test-event"> <font color="maroon"> <small> &emsp; &emsp;--- 05 May 00:55:09 952 - Page URL:: https://www.i-car.com/product/suspension-system-overview</small> </font> </div>
<div class="test-event"> <font color="maroon"> <small> &emsp; &emsp;--- 05 May 00:55:09 952 - <b>0</b> - Page Load Wait: (Sync) - ICar.support.Utils.waitForPageLoad(Utils.java:109)</small> </font> </div>
<div class="test-event"> <font color="maroon"> <small> &emsp; &emsp;--- 05 May 00:55:09 961 - Catched spinner load exception due to javascript error: {"status":32,"value":"An invalid or illegal selector was specified"}
  (Session info: chrome=124.0.6367.92)
Build info: version: '4.6.0', revision: '79f1c02ae20'
System info: os.name: 'Windows 10', os.arch: 'amd64', os.version: '10.0', java.version: '17.0.7'
Driver info: org.openqa.selenium.chrome.ChromeDriver
Command: [2cf28825ea7a8a419a5b05b8e5d35d84, findElement {using=css selector, value=div[class='slds-spinner slds-spinner_brand slds-spinner_small']>div:nth-child(2)r}]
Capabilities {acceptInsecureCerts: false, browserName: chrome, browserVersion: 124.0.6367.92, chrome: {chromedriverVersion: 124.0.6367.91 (51df0e5e17a8..., userDataDir: C:\Users\PRATHA~1.KUM\AppDa...}, fedcm:accounts: true, goog:chromeOptions: {debuggerAddress: localhost:49451}, networkConnectionEnabled: false, pageLoadStrategy: normal, platformName: WINDOWS, proxy: Proxy(), se:cdp: ws://localhost:49451/devtoo..., se:cdpVersion: 124.0.6367.92, setWindowRect: true, strictFileInteractability: false, timeouts: {implicit: 0, pageLoad: 300000, script: 30000}, unhandledPromptBehavior: dismiss and notify, webauthn:extension:credBlob: true, webauthn:extension:largeBlob: true, webauthn:extension:minPinLength: true, webauthn:extension:prf: true, webauthn:virtualAuthenticators: true}
Session ID: 2cf28825ea7a8a419a5b05b8e5d35d84</small> </font> </div>
<div class="test-event"> <font color="maroon"> <small> &emsp; &emsp;--- 05 May 00:55:09 961 - <b>0</b> - Spinner Load Wait: (Sync) - ICar.support.WaitUtils.waitForSpinner(WaitUtils.java:225)</small> </font> </div>
<div class="test-event"> <font color="maroon"> <small> &emsp; &emsp;--- 05 May 00:55:20 050 - Page URL:: https://www.i-car.com/product/suspension-system-overview</small> </font> </div>
<div class="test-event"> <font color="maroon"> <small> &emsp; &emsp;--- 05 May 00:55:20 050 - <b>0</b> - Page Load Wait: (Sync) - ICar.support.Utils.waitForPageLoad(Utils.java:109)</small> </font> </div>
<div class="test-event"> <font color="maroon"> <small> &emsp; &emsp;--- 05 May 00:55:20 066 - Element is displayed:: [[ChromeDriver: chrome on WINDOWS (2cf28825ea7a8a419a5b05b8e5d35d84)] -> xpath: //a[contains(text(),'Back to Courses')]]</small> </font> </div>
<div class="test-event"> <font color="maroon"> <small> &emsp; &emsp;--- 05 May 00:55:27 113 - Catched spinner load exception due to javascript error: {"status":32,"value":"An invalid or illegal selector was specified"}
  (Session info: chrome=124.0.6367.92)
Build info: version: '4.6.0', revision: '79f1c02ae20'
System info: os.name: 'Windows 10', os.arch: 'amd64', os.version: '10.0', java.version: '17.0.7'
Driver info: org.openqa.selenium.chrome.ChromeDriver
Command: [2cf28825ea7a8a419a5b05b8e5d35d84, findElement {using=css selector, value=div[class='slds-spinner slds-spinner_brand slds-spinner_small']>div:nth-child(2)r}]
Capabilities {acceptInsecureCerts: false, browserName: chrome, browserVersion: 124.0.6367.92, chrome: {chromedriverVersion: 124.0.6367.91 (51df0e5e17a8..., userDataDir: C:\Users\PRATHA~1.KUM\AppDa...}, fedcm:accounts: true, goog:chromeOptions: {debuggerAddress: localhost:49451}, networkConnectionEnabled: false, pageLoadStrategy: normal, platformName: WINDOWS, proxy: Proxy(), se:cdp: ws://localhost:49451/devtoo..., se:cdpVersion: 124.0.6367.92, setWindowRect: true, strictFileInteractability: false, timeouts: {implicit: 0, pageLoad: 300000, script: 30000}, unhandledPromptBehavior: dismiss and notify, webauthn:extension:credBlob: true, webauthn:extension:largeBlob: true, webauthn:extension:minPinLength: true, webauthn:extension:prf: true, webauthn:virtualAuthenticators: true}
Session ID: 2cf28825ea7a8a419a5b05b8e5d35d84</small> </font> </div>
<div class="test-event"> <font color="maroon"> <small> &emsp; &emsp;--- 05 May 00:55:27 113 - <b>0</b> - Spinner Load Wait: (Sync) - ICar.support.WaitUtils.waitForSpinner(WaitUtils.java:225)</small> </font> </div>
<div class="test-message">&emsp;Back To Courses is displayed in the page </div>
<div class="test-message">&emsp;Successfully verified Back To Course Link&emsp;<a href=".\ScreenShot\URL_TC001_2724464742136500.png" target="_blank" >[ScreenShot]</a></div>
<div class="test-event"> <font color="maroon"> <small> &emsp; &emsp;--- 05 May 00:55:27 351 - Catched spinner load exception due to javascript error: {"status":32,"value":"An invalid or illegal selector was specified"}
  (Session info: chrome=124.0.6367.92)
Build info: version: '4.6.0', revision: '79f1c02ae20'
System info: os.name: 'Windows 10', os.arch: 'amd64', os.version: '10.0', java.version: '17.0.7'
Driver info: org.openqa.selenium.chrome.ChromeDriver
Command: [2cf28825ea7a8a419a5b05b8e5d35d84, findElement {using=css selector, value=div[class='slds-spinner slds-spinner_brand slds-spinner_small']>div:nth-child(2)r}]
Capabilities {acceptInsecureCerts: false, browserName: chrome, browserVersion: 124.0.6367.92, chrome: {chromedriverVersion: 124.0.6367.91 (51df0e5e17a8..., userDataDir: C:\Users\PRATHA~1.KUM\AppDa...}, fedcm:accounts: true, goog:chromeOptions: {debuggerAddress: localhost:49451}, networkConnectionEnabled: false, pageLoadStrategy: normal, platformName: WINDOWS, proxy: Proxy(), se:cdp: ws://localhost:49451/devtoo..., se:cdpVersion: 124.0.6367.92, setWindowRect: true, strictFileInteractability: false, timeouts: {implicit: 0, pageLoad: 300000, script: 30000}, unhandledPromptBehavior: dismiss and notify, webauthn:extension:credBlob: true, webauthn:extension:largeBlob: true, webauthn:extension:minPinLength: true, webauthn:extension:prf: true, webauthn:virtualAuthenticators: true}
Session ID: 2cf28825ea7a8a419a5b05b8e5d35d84</small> </font> </div>
<div class="test-event"> <font color="maroon"> <small> &emsp; &emsp;--- 05 May 00:55:27 351 - <b>0</b> - Spinner Load Wait: (Sync) - ICar.support.WaitUtils.waitForSpinner(WaitUtils.java:225)</small> </font> </div>
<div class="test-event"> <font color="maroon"> <small> &emsp; &emsp;--- 05 May 00:55:27 409 - Page URL:: https://www.i-car.com/product/suspension-system-overview</small> </font> </div>
<div class="test-event"> <font color="maroon"> <small> &emsp; &emsp;--- 05 May 00:55:27 409 - <b>0</b> - Page Load Wait: (Sync) - ICar.support.Utils.waitForPageLoad(Utils.java:109)</small> </font> </div>
<div class="test-event"> <font color="maroon"> <small> &emsp; &emsp;--- 05 May 00:55:37 474 - Element is displayed:: [[ChromeDriver: chrome on WINDOWS (2cf28825ea7a8a419a5b05b8e5d35d84)] -> xpath: //div[@class='productDetails slds-p-bottom_large']//div[contains(@class,'slds-p-bottom_medium')]]</small> </font> </div>
<div class="test-message">&emsp;Course Name : SuspensionSystemOverview is displayed in the URL page</div>
<div class="test-message">&emsp;Successfully verified the course name for relevant link&emsp;<a href=".\ScreenShot\URL_TC001_2724483096178000.png" target="_blank" >[ScreenShot]</a></div>
<div class="test-message">&emsp;
</div>
<div class="test-message">&emsp;195. URL is : https://www.i-car.com/product/implementing-a-learning-culture</div>
<div class="test-event"> <font color="maroon"> <small> &emsp; &emsp;--- 05 May 00:55:46 810 - Page URL:: https://www.i-car.com/product/implementing-a-learning-culture</small> </font> </div>
<div class="test-event"> <font color="maroon"> <small> &emsp; &emsp;--- 05 May 00:55:46 810 - <b>0</b> - Page Load Wait: (Sync) - ICar.support.Utils.waitForPageLoad(Utils.java:109)</small> </font> </div>
<div class="test-message">&emsp;Successfully navigated to the :  https://www.i-car.com/product/implementing-a-learning-culture   Page&emsp;<a href=".\ScreenShot\URL_TC001_2724484415498300.png" target="_blank" >[ScreenShot]</a></div>
<div class="test-event"> <font color="maroon"> <small> &emsp; &emsp;--- 05 May 00:55:47 586 - Page URL:: https://www.i-car.com/product/implementing-a-learning-culture</small> </font> </div>
<div class="test-event"> <font color="maroon"> <small> &emsp; &emsp;--- 05 May 00:55:47 587 - <b>0</b> - Page Load Wait: (Sync) - ICar.support.Utils.waitForPageLoad(Utils.java:109)</small> </font> </div>
<div class="test-event"> <font color="maroon"> <small> &emsp; &emsp;--- 05 May 00:55:47 596 - Catched spinner load exception due to javascript error: {"status":32,"value":"An invalid or illegal selector was specified"}
  (Session info: chrome=124.0.6367.92)
Build info: version: '4.6.0', revision: '79f1c02ae20'
System info: os.name: 'Windows 10', os.arch: 'amd64', os.version: '10.0', java.version: '17.0.7'
Driver info: org.openqa.selenium.chrome.ChromeDriver
Command: [2cf28825ea7a8a419a5b05b8e5d35d84, findElement {using=css selector, value=div[class='slds-spinner slds-spinner_brand slds-spinner_small']>div:nth-child(2)r}]
Capabilities {acceptInsecureCerts: false, browserName: chrome, browserVersion: 124.0.6367.92, chrome: {chromedriverVersion: 124.0.6367.91 (51df0e5e17a8..., userDataDir: C:\Users\PRATHA~1.KUM\AppDa...}, fedcm:accounts: true, goog:chromeOptions: {debuggerAddress: localhost:49451}, networkConnectionEnabled: false, pageLoadStrategy: normal, platformName: WINDOWS, proxy: Proxy(), se:cdp: ws://localhost:49451/devtoo..., se:cdpVersion: 124.0.6367.92, setWindowRect: true, strictFileInteractability: false, timeouts: {implicit: 0, pageLoad: 300000, script: 30000}, unhandledPromptBehavior: dismiss and notify, webauthn:extension:credBlob: true, webauthn:extension:largeBlob: true, webauthn:extension:minPinLength: true, webauthn:extension:prf: true, webauthn:virtualAuthenticators: true}
Session ID: 2cf28825ea7a8a419a5b05b8e5d35d84</small> </font> </div>
<div class="test-event"> <font color="maroon"> <small> &emsp; &emsp;--- 05 May 00:55:47 596 - <b>0</b> - Spinner Load Wait: (Sync) - ICar.support.WaitUtils.waitForSpinner(WaitUtils.java:225)</small> </font> </div>
<div class="test-event"> <font color="maroon"> <small> &emsp; &emsp;--- 05 May 00:55:57 677 - Page URL:: https://www.i-car.com/product/implementing-a-learning-culture</small> </font> </div>
<div class="test-event"> <font color="maroon"> <small> &emsp; &emsp;--- 05 May 00:55:57 678 - <b>0</b> - Page Load Wait: (Sync) - ICar.support.Utils.waitForPageLoad(Utils.java:109)</small> </font> </div>
<div class="test-event"> <font color="maroon"> <small> &emsp; &emsp;--- 05 May 00:55:57 696 - Element is displayed:: [[ChromeDriver: chrome on WINDOWS (2cf28825ea7a8a419a5b05b8e5d35d84)] -> xpath: //a[contains(text(),'Back to Courses')]]</small> </font> </div>
<div class="test-event"> <font color="maroon"> <small> &emsp; &emsp;--- 05 May 00:56:04 726 - Catched spinner load exception due to javascript error: {"status":32,"value":"An invalid or illegal selector was specified"}
  (Session info: chrome=124.0.6367.92)
Build info: version: '4.6.0', revision: '79f1c02ae20'
System info: os.name: 'Windows 10', os.arch: 'amd64', os.version: '10.0', java.version: '17.0.7'
Driver info: org.openqa.selenium.chrome.ChromeDriver
Command: [2cf28825ea7a8a419a5b05b8e5d35d84, findElement {using=css selector, value=div[class='slds-spinner slds-spinner_brand slds-spinner_small']>div:nth-child(2)r}]
Capabilities {acceptInsecureCerts: false, browserName: chrome, browserVersion: 124.0.6367.92, chrome: {chromedriverVersion: 124.0.6367.91 (51df0e5e17a8..., userDataDir: C:\Users\PRATHA~1.KUM\AppDa...}, fedcm:accounts: true, goog:chromeOptions: {debuggerAddress: localhost:49451}, networkConnectionEnabled: false, pageLoadStrategy: normal, platformName: WINDOWS, proxy: Proxy(), se:cdp: ws://localhost:49451/devtoo..., se:cdpVersion: 124.0.6367.92, setWindowRect: true, strictFileInteractability: false, timeouts: {implicit: 0, pageLoad: 300000, script: 30000}, unhandledPromptBehavior: dismiss and notify, webauthn:extension:credBlob: true, webauthn:extension:largeBlob: true, webauthn:extension:minPinLength: true, webauthn:extension:prf: true, webauthn:virtualAuthenticators: true}
Session ID: 2cf28825ea7a8a419a5b05b8e5d35d84</small> </font> </div>
<div class="test-event"> <font color="maroon"> <small> &emsp; &emsp;--- 05 May 00:56:04 726 - <b>0</b> - Spinner Load Wait: (Sync) - ICar.support.WaitUtils.waitForSpinner(WaitUtils.java:225)</small> </font> </div>
<div class="test-message">&emsp;Back To Courses is displayed in the page </div>
<div class="test-message">&emsp;Successfully verified Back To Course Link&emsp;<a href=".\ScreenShot\URL_TC001_2724502340678400.png" target="_blank" >[ScreenShot]</a></div>
<div class="test-event"> <font color="maroon"> <small> &emsp; &emsp;--- 05 May 00:56:04 966 - Catched spinner load exception due to javascript error: {"status":32,"value":"An invalid or illegal selector was specified"}
  (Session info: chrome=124.0.6367.92)
Build info: version: '4.6.0', revision: '79f1c02ae20'
System info: os.name: 'Windows 10', os.arch: 'amd64', os.version: '10.0', java.version: '17.0.7'
Driver info: org.openqa.selenium.chrome.ChromeDriver
Command: [2cf28825ea7a8a419a5b05b8e5d35d84, findElement {using=css selector, value=div[class='slds-spinner slds-spinner_brand slds-spinner_small']>div:nth-child(2)r}]
Capabilities {acceptInsecureCerts: false, browserName: chrome, browserVersion: 124.0.6367.92, chrome: {chromedriverVersion: 124.0.6367.91 (51df0e5e17a8..., userDataDir: C:\Users\PRATHA~1.KUM\AppDa...}, fedcm:accounts: true, goog:chromeOptions: {debuggerAddress: localhost:49451}, networkConnectionEnabled: false, pageLoadStrategy: normal, platformName: WINDOWS, proxy: Proxy(), se:cdp: ws://localhost:49451/devtoo..., se:cdpVersion: 124.0.6367.92, setWindowRect: true, strictFileInteractability: false, timeouts: {implicit: 0, pageLoad: 300000, script: 30000}, unhandledPromptBehavior: dismiss and notify, webauthn:extension:credBlob: true, webauthn:extension:largeBlob: true, webauthn:extension:minPinLength: true, webauthn:extension:prf: true, webauthn:virtualAuthenticators: true}
Session ID: 2cf28825ea7a8a419a5b05b8e5d35d84</small> </font> </div>
<div class="test-event"> <font color="maroon"> <small> &emsp; &emsp;--- 05 May 00:56:04 966 - <b>0</b> - Spinner Load Wait: (Sync) - ICar.support.WaitUtils.waitForSpinner(WaitUtils.java:225)</small> </font> </div>
<div class="test-event"> <font color="maroon"> <small> &emsp; &emsp;--- 05 May 00:56:05 034 - Page URL:: https://www.i-car.com/product/implementing-a-learning-culture</small> </font> </div>
<div class="test-event"> <font color="maroon"> <small> &emsp; &emsp;--- 05 May 00:56:05 034 - <b>0</b> - Page Load Wait: (Sync) - ICar.support.Utils.waitForPageLoad(Utils.java:109)</small> </font> </div>
<div class="test-event"> <font color="maroon"> <small> &emsp; &emsp;--- 05 May 00:56:15 120 - Element is displayed:: [[ChromeDriver: chrome on WINDOWS (2cf28825ea7a8a419a5b05b8e5d35d84)] -> xpath: //div[@class='productDetails slds-p-bottom_large']//div[contains(@class,'slds-p-bottom_medium')]]</small> </font> </div>
<div class="test-message">&emsp;Course Name : ImplementingaLearningCulture is displayed in the URL page</div>
<div class="test-message">&emsp;Successfully verified the course name for relevant link&emsp;<a href=".\ScreenShot\URL_TC001_2724520743456000.png" target="_blank" >[ScreenShot]</a></div>
<div class="test-message">&emsp;
</div>
<div class="test-message">&emsp;196. URL is : https://www.i-car.com/product/writing-a-repair-supplement</div>
<div class="test-event"> <font color="maroon"> <small> &emsp; &emsp;--- 05 May 00:56:24 407 - Page URL:: https://www.i-car.com/product/writing-a-repair-supplement</small> </font> </div>
<div class="test-event"> <font color="maroon"> <small> &emsp; &emsp;--- 05 May 00:56:24 407 - <b>0</b> - Page Load Wait: (Sync) - ICar.support.Utils.waitForPageLoad(Utils.java:109)</small> </font> </div>
<div class="test-message">&emsp;Successfully navigated to the :  https://www.i-car.com/product/writing-a-repair-supplement   Page&emsp;<a href=".\ScreenShot\URL_TC001_2724522011795000.png" target="_blank" >[ScreenShot]</a></div>
<div class="test-event"> <font color="maroon"> <small> &emsp; &emsp;--- 05 May 00:56:24 701 - Page URL:: https://www.i-car.com/product/writing-a-repair-supplement</small> </font> </div>
<div class="test-event"> <font color="maroon"> <small> &emsp; &emsp;--- 05 May 00:56:24 701 - <b>0</b> - Page Load Wait: (Sync) - ICar.support.Utils.waitForPageLoad(Utils.java:109)</small> </font> </div>
<div class="test-event"> <font color="maroon"> <small> &emsp; &emsp;--- 05 May 00:56:24 709 - Catched spinner load exception due to javascript error: {"status":32,"value":"An invalid or illegal selector was specified"}
  (Session info: chrome=124.0.6367.92)
Build info: version: '4.6.0', revision: '79f1c02ae20'
System info: os.name: 'Windows 10', os.arch: 'amd64', os.version: '10.0', java.version: '17.0.7'
Driver info: org.openqa.selenium.chrome.ChromeDriver
Command: [2cf28825ea7a8a419a5b05b8e5d35d84, findElement {using=css selector, value=div[class='slds-spinner slds-spinner_brand slds-spinner_small']>div:nth-child(2)r}]
Capabilities {acceptInsecureCerts: false, browserName: chrome, browserVersion: 124.0.6367.92, chrome: {chromedriverVersion: 124.0.6367.91 (51df0e5e17a8..., userDataDir: C:\Users\PRATHA~1.KUM\AppDa...}, fedcm:accounts: true, goog:chromeOptions: {debuggerAddress: localhost:49451}, networkConnectionEnabled: false, pageLoadStrategy: normal, platformName: WINDOWS, proxy: Proxy(), se:cdp: ws://localhost:49451/devtoo..., se:cdpVersion: 124.0.6367.92, setWindowRect: true, strictFileInteractability: false, timeouts: {implicit: 0, pageLoad: 300000, script: 30000}, unhandledPromptBehavior: dismiss and notify, webauthn:extension:credBlob: true, webauthn:extension:largeBlob: true, webauthn:extension:minPinLength: true, webauthn:extension:prf: true, webauthn:virtualAuthenticators: true}
Session ID: 2cf28825ea7a8a419a5b05b8e5d35d84</small> </font> </div>
<div class="test-event"> <font color="maroon"> <small> &emsp; &emsp;--- 05 May 00:56:24 709 - <b>0</b> - Spinner Load Wait: (Sync) - ICar.support.WaitUtils.waitForSpinner(WaitUtils.java:225)</small> </font> </div>
<div class="test-event"> <font color="maroon"> <small> &emsp; &emsp;--- 05 May 00:56:34 833 - Page URL:: https://www.i-car.com/product/writing-a-repair-supplement</small> </font> </div>
<div class="test-event"> <font color="maroon"> <small> &emsp; &emsp;--- 05 May 00:56:34 833 - <b>0</b> - Page Load Wait: (Sync) - ICar.support.Utils.waitForPageLoad(Utils.java:109)</small> </font> </div>
<div class="test-event"> <font color="maroon"> <small> &emsp; &emsp;--- 05 May 00:56:34 851 - Element is displayed:: [[ChromeDriver: chrome on WINDOWS (2cf28825ea7a8a419a5b05b8e5d35d84)] -> xpath: //a[contains(text(),'Back to Courses')]]</small> </font> </div>
<div class="test-event"> <font color="maroon"> <small> &emsp; &emsp;--- 05 May 00:56:41 895 - Catched spinner load exception due to javascript error: {"status":32,"value":"An invalid or illegal selector was specified"}
  (Session info: chrome=124.0.6367.92)
Build info: version: '4.6.0', revision: '79f1c02ae20'
System info: os.name: 'Windows 10', os.arch: 'amd64', os.version: '10.0', java.version: '17.0.7'
Driver info: org.openqa.selenium.chrome.ChromeDriver
Command: [2cf28825ea7a8a419a5b05b8e5d35d84, findElement {using=css selector, value=div[class='slds-spinner slds-spinner_brand slds-spinner_small']>div:nth-child(2)r}]
Capabilities {acceptInsecureCerts: false, browserName: chrome, browserVersion: 124.0.6367.92, chrome: {chromedriverVersion: 124.0.6367.91 (51df0e5e17a8..., userDataDir: C:\Users\PRATHA~1.KUM\AppDa...}, fedcm:accounts: true, goog:chromeOptions: {debuggerAddress: localhost:49451}, networkConnectionEnabled: false, pageLoadStrategy: normal, platformName: WINDOWS, proxy: Proxy(), se:cdp: ws://localhost:49451/devtoo..., se:cdpVersion: 124.0.6367.92, setWindowRect: true, strictFileInteractability: false, timeouts: {implicit: 0, pageLoad: 300000, script: 30000}, unhandledPromptBehavior: dismiss and notify, webauthn:extension:credBlob: true, webauthn:extension:largeBlob: true, webauthn:extension:minPinLength: true, webauthn:extension:prf: true, webauthn:virtualAuthenticators: true}
Session ID: 2cf28825ea7a8a419a5b05b8e5d35d84</small> </font> </div>
<div class="test-event"> <font color="maroon"> <small> &emsp; &emsp;--- 05 May 00:56:41 895 - <b>0</b> - Spinner Load Wait: (Sync) - ICar.support.WaitUtils.waitForSpinner(WaitUtils.java:225)</small> </font> </div>
<div class="test-message">&emsp;Back To Courses is displayed in the page </div>
<div class="test-message">&emsp;Successfully verified Back To Course Link&emsp;<a href=".\ScreenShot\URL_TC001_2724539510027400.png" target="_blank" >[ScreenShot]</a></div>
<div class="test-event"> <font color="maroon"> <small> &emsp; &emsp;--- 05 May 00:56:42 248 - Catched spinner load exception due to javascript error: {"status":32,"value":"An invalid or illegal selector was specified"}
  (Session info: chrome=124.0.6367.92)
Build info: version: '4.6.0', revision: '79f1c02ae20'
System info: os.name: 'Windows 10', os.arch: 'amd64', os.version: '10.0', java.version: '17.0.7'
Driver info: org.openqa.selenium.chrome.ChromeDriver
Command: [2cf28825ea7a8a419a5b05b8e5d35d84, findElement {using=css selector, value=div[class='slds-spinner slds-spinner_brand slds-spinner_small']>div:nth-child(2)r}]
Capabilities {acceptInsecureCerts: false, browserName: chrome, browserVersion: 124.0.6367.92, chrome: {chromedriverVersion: 124.0.6367.91 (51df0e5e17a8..., userDataDir: C:\Users\PRATHA~1.KUM\AppDa...}, fedcm:accounts: true, goog:chromeOptions: {debuggerAddress: localhost:49451}, networkConnectionEnabled: false, pageLoadStrategy: normal, platformName: WINDOWS, proxy: Proxy(), se:cdp: ws://localhost:49451/devtoo..., se:cdpVersion: 124.0.6367.92, setWindowRect: true, strictFileInteractability: false, timeouts: {implicit: 0, pageLoad: 300000, script: 30000}, unhandledPromptBehavior: dismiss and notify, webauthn:extension:credBlob: true, webauthn:extension:largeBlob: true, webauthn:extension:minPinLength: true, webauthn:extension:prf: true, webauthn:virtualAuthenticators: true}
Session ID: 2cf28825ea7a8a419a5b05b8e5d35d84</small> </font> </div>
<div class="test-event"> <font color="maroon"> <small> &emsp; &emsp;--- 05 May 00:56:42 248 - <b>0</b> - Spinner Load Wait: (Sync) - ICar.support.WaitUtils.waitForSpinner(WaitUtils.java:225)</small> </font> </div>
<div class="test-event"> <font color="maroon"> <small> &emsp; &emsp;--- 05 May 00:56:42 360 - Page URL:: https://www.i-car.com/product/writing-a-repair-supplement</small> </font> </div>
<div class="test-event"> <font color="maroon"> <small> &emsp; &emsp;--- 05 May 00:56:42 360 - <b>0</b> - Page Load Wait: (Sync) - ICar.support.Utils.waitForPageLoad(Utils.java:109)</small> </font> </div>
<div class="test-event"> <font color="maroon"> <small> &emsp; &emsp;--- 05 May 00:56:52 431 - Element is displayed:: [[ChromeDriver: chrome on WINDOWS (2cf28825ea7a8a419a5b05b8e5d35d84)] -> xpath: //div[@class='productDetails slds-p-bottom_large']//div[contains(@class,'slds-p-bottom_medium')]]</small> </font> </div>
<div class="test-message">&emsp;Course Name : WritingaRepairSupplement is displayed in the URL page</div>
<div class="test-message">&emsp;Successfully verified the course name for relevant link&emsp;<a href=".\ScreenShot\URL_TC001_2724558058127300.png" target="_blank" >[ScreenShot]</a></div>
<div class="test-message">&emsp;
</div>
<div class="test-message">&emsp;197. URL is : https://www.i-car.com/product/strengthening-your-inprocess-quality-controls</div>
<div class="test-event"> <font color="maroon"> <small> &emsp; &emsp;--- 05 May 00:57:01 703 - Page URL:: https://www.i-car.com/product/strengthening-your-inprocess-quality-controls</small> </font> </div>
<div class="test-event"> <font color="maroon"> <small> &emsp; &emsp;--- 05 May 00:57:01 703 - <b>0</b> - Page Load Wait: (Sync) - ICar.support.Utils.waitForPageLoad(Utils.java:109)</small> </font> </div>
<div class="test-message">&emsp;Successfully navigated to the :  https://www.i-car.com/product/strengthening-your-inprocess-quality-controls   Page&emsp;<a href=".\ScreenShot\URL_TC001_2724559308322400.png" target="_blank" >[ScreenShot]</a></div>
<div class="test-event"> <font color="maroon"> <small> &emsp; &emsp;--- 05 May 00:57:01 970 - Page URL:: https://www.i-car.com/product/strengthening-your-inprocess-quality-controls</small> </font> </div>
<div class="test-event"> <font color="maroon"> <small> &emsp; &emsp;--- 05 May 00:57:01 970 - <b>0</b> - Page Load Wait: (Sync) - ICar.support.Utils.waitForPageLoad(Utils.java:109)</small> </font> </div>
<div class="test-event"> <font color="maroon"> <small> &emsp; &emsp;--- 05 May 00:57:01 980 - Catched spinner load exception due to javascript error: {"status":32,"value":"An invalid or illegal selector was specified"}
  (Session info: chrome=124.0.6367.92)
Build info: version: '4.6.0', revision: '79f1c02ae20'
System info: os.name: 'Windows 10', os.arch: 'amd64', os.version: '10.0', java.version: '17.0.7'
Driver info: org.openqa.selenium.chrome.ChromeDriver
Command: [2cf28825ea7a8a419a5b05b8e5d35d84, findElement {using=css selector, value=div[class='slds-spinner slds-spinner_brand slds-spinner_small']>div:nth-child(2)r}]
Capabilities {acceptInsecureCerts: false, browserName: chrome, browserVersion: 124.0.6367.92, chrome: {chromedriverVersion: 124.0.6367.91 (51df0e5e17a8..., userDataDir: C:\Users\PRATHA~1.KUM\AppDa...}, fedcm:accounts: true, goog:chromeOptions: {debuggerAddress: localhost:49451}, networkConnectionEnabled: false, pageLoadStrategy: normal, platformName: WINDOWS, proxy: Proxy(), se:cdp: ws://localhost:49451/devtoo..., se:cdpVersion: 124.0.6367.92, setWindowRect: true, strictFileInteractability: false, timeouts: {implicit: 0, pageLoad: 300000, script: 30000}, unhandledPromptBehavior: dismiss and notify, webauthn:extension:credBlob: true, webauthn:extension:largeBlob: true, webauthn:extension:minPinLength: true, webauthn:extension:prf: true, webauthn:virtualAuthenticators: true}
Session ID: 2cf28825ea7a8a419a5b05b8e5d35d84</small> </font> </div>
<div class="test-event"> <font color="maroon"> <small> &emsp; &emsp;--- 05 May 00:57:01 980 - <b>0</b> - Spinner Load Wait: (Sync) - ICar.support.WaitUtils.waitForSpinner(WaitUtils.java:225)</small> </font> </div>
<div class="test-event"> <font color="maroon"> <small> &emsp; &emsp;--- 05 May 00:57:12 061 - Page URL:: https://www.i-car.com/product/strengthening-your-inprocess-quality-controls</small> </font> </div>
<div class="test-event"> <font color="maroon"> <small> &emsp; &emsp;--- 05 May 00:57:12 061 - <b>0</b> - Page Load Wait: (Sync) - ICar.support.Utils.waitForPageLoad(Utils.java:109)</small> </font> </div>
<div class="test-event"> <font color="maroon"> <small> &emsp; &emsp;--- 05 May 00:57:12 079 - Element is displayed:: [[ChromeDriver: chrome on WINDOWS (2cf28825ea7a8a419a5b05b8e5d35d84)] -> xpath: //a[contains(text(),'Back to Courses')]]</small> </font> </div>
<div class="test-event"> <font color="maroon"> <small> &emsp; &emsp;--- 05 May 00:57:19 096 - Catched spinner load exception due to javascript error: {"status":32,"value":"An invalid or illegal selector was specified"}
  (Session info: chrome=124.0.6367.92)
Build info: version: '4.6.0', revision: '79f1c02ae20'
System info: os.name: 'Windows 10', os.arch: 'amd64', os.version: '10.0', java.version: '17.0.7'
Driver info: org.openqa.selenium.chrome.ChromeDriver
Command: [2cf28825ea7a8a419a5b05b8e5d35d84, findElement {using=css selector, value=div[class='slds-spinner slds-spinner_brand slds-spinner_small']>div:nth-child(2)r}]
Capabilities {acceptInsecureCerts: false, browserName: chrome, browserVersion: 124.0.6367.92, chrome: {chromedriverVersion: 124.0.6367.91 (51df0e5e17a8..., userDataDir: C:\Users\PRATHA~1.KUM\AppDa...}, fedcm:accounts: true, goog:chromeOptions: {debuggerAddress: localhost:49451}, networkConnectionEnabled: false, pageLoadStrategy: normal, platformName: WINDOWS, proxy: Proxy(), se:cdp: ws://localhost:49451/devtoo..., se:cdpVersion: 124.0.6367.92, setWindowRect: true, strictFileInteractability: false, timeouts: {implicit: 0, pageLoad: 300000, script: 30000}, unhandledPromptBehavior: dismiss and notify, webauthn:extension:credBlob: true, webauthn:extension:largeBlob: true, webauthn:extension:minPinLength: true, webauthn:extension:prf: true, webauthn:virtualAuthenticators: true}
Session ID: 2cf28825ea7a8a419a5b05b8e5d35d84</small> </font> </div>
<div class="test-event"> <font color="maroon"> <small> &emsp; &emsp;--- 05 May 00:57:19 096 - <b>0</b> - Spinner Load Wait: (Sync) - ICar.support.WaitUtils.waitForSpinner(WaitUtils.java:225)</small> </font> </div>
<div class="test-message">&emsp;Back To Courses is displayed in the page </div>
<div class="test-message">&emsp;Successfully verified Back To Course Link&emsp;<a href=".\ScreenShot\URL_TC001_2724576710947400.png" target="_blank" >[ScreenShot]</a></div>
<div class="test-event"> <font color="maroon"> <small> &emsp; &emsp;--- 05 May 00:57:19 475 - Catched spinner load exception due to javascript error: {"status":32,"value":"An invalid or illegal selector was specified"}
  (Session info: chrome=124.0.6367.92)
Build info: version: '4.6.0', revision: '79f1c02ae20'
System info: os.name: 'Windows 10', os.arch: 'amd64', os.version: '10.0', java.version: '17.0.7'
Driver info: org.openqa.selenium.chrome.ChromeDriver
Command: [2cf28825ea7a8a419a5b05b8e5d35d84, findElement {using=css selector, value=div[class='slds-spinner slds-spinner_brand slds-spinner_small']>div:nth-child(2)r}]
Capabilities {acceptInsecureCerts: false, browserName: chrome, browserVersion: 124.0.6367.92, chrome: {chromedriverVersion: 124.0.6367.91 (51df0e5e17a8..., userDataDir: C:\Users\PRATHA~1.KUM\AppDa...}, fedcm:accounts: true, goog:chromeOptions: {debuggerAddress: localhost:49451}, networkConnectionEnabled: false, pageLoadStrategy: normal, platformName: WINDOWS, proxy: Proxy(), se:cdp: ws://localhost:49451/devtoo..., se:cdpVersion: 124.0.6367.92, setWindowRect: true, strictFileInteractability: false, timeouts: {implicit: 0, pageLoad: 300000, script: 30000}, unhandledPromptBehavior: dismiss and notify, webauthn:extension:credBlob: true, webauthn:extension:largeBlob: true, webauthn:extension:minPinLength: true, webauthn:extension:prf: true, webauthn:virtualAuthenticators: true}
Session ID: 2cf28825ea7a8a419a5b05b8e5d35d84</small> </font> </div>
<div class="test-event"> <font color="maroon"> <small> &emsp; &emsp;--- 05 May 00:57:19 475 - <b>0</b> - Spinner Load Wait: (Sync) - ICar.support.WaitUtils.waitForSpinner(WaitUtils.java:225)</small> </font> </div>
<div class="test-event"> <font color="maroon"> <small> &emsp; &emsp;--- 05 May 00:57:19 536 - Page URL:: https://www.i-car.com/product/strengthening-your-inprocess-quality-controls</small> </font> </div>
<div class="test-event"> <font color="maroon"> <small> &emsp; &emsp;--- 05 May 00:57:19 536 - <b>0</b> - Page Load Wait: (Sync) - ICar.support.Utils.waitForPageLoad(Utils.java:109)</small> </font> </div>
<div class="test-event"> <font color="maroon"> <small> &emsp; &emsp;--- 05 May 00:57:29 583 - Element is displayed:: [[ChromeDriver: chrome on WINDOWS (2cf28825ea7a8a419a5b05b8e5d35d84)] -> xpath: //div[@class='productDetails slds-p-bottom_large']//div[contains(@class,'slds-p-bottom_medium')]]</small> </font> </div>
<div class="test-message">&emsp;Course Name : StrengtheningYourInProcessQualityControls is displayed in the URL page</div>
<div class="test-message">&emsp;Successfully verified the course name for relevant link&emsp;<a href=".\ScreenShot\URL_TC001_2724595213027400.png" target="_blank" >[ScreenShot]</a></div>
<div class="test-message">&emsp;
</div>
<div class="test-message">&emsp;198. URL is : https://www.i-car.com/product/post-repair-process</div>
<div class="test-event"> <font color="maroon"> <small> &emsp; &emsp;--- 05 May 00:57:38 756 - Page URL:: https://www.i-car.com/product/post-repair-process</small> </font> </div>
<div class="test-event"> <font color="maroon"> <small> &emsp; &emsp;--- 05 May 00:57:38 756 - <b>0</b> - Page Load Wait: (Sync) - ICar.support.Utils.waitForPageLoad(Utils.java:109)</small> </font> </div>
<div class="test-message">&emsp;Successfully navigated to the :  https://www.i-car.com/product/post-repair-process   Page&emsp;<a href=".\ScreenShot\URL_TC001_2724596361267100.png" target="_blank" >[ScreenShot]</a></div>
<div class="test-event"> <font color="maroon"> <small> &emsp; &emsp;--- 05 May 00:57:39 042 - Page URL:: https://www.i-car.com/product/post-repair-process</small> </font> </div>
<div class="test-event"> <font color="maroon"> <small> &emsp; &emsp;--- 05 May 00:57:39 042 - <b>0</b> - Page Load Wait: (Sync) - ICar.support.Utils.waitForPageLoad(Utils.java:109)</small> </font> </div>
<div class="test-event"> <font color="maroon"> <small> &emsp; &emsp;--- 05 May 00:57:39 053 - Catched spinner load exception due to javascript error: {"status":32,"value":"An invalid or illegal selector was specified"}
  (Session info: chrome=124.0.6367.92)
Build info: version: '4.6.0', revision: '79f1c02ae20'
System info: os.name: 'Windows 10', os.arch: 'amd64', os.version: '10.0', java.version: '17.0.7'
Driver info: org.openqa.selenium.chrome.ChromeDriver
Command: [2cf28825ea7a8a419a5b05b8e5d35d84, findElement {using=css selector, value=div[class='slds-spinner slds-spinner_brand slds-spinner_small']>div:nth-child(2)r}]
Capabilities {acceptInsecureCerts: false, browserName: chrome, browserVersion: 124.0.6367.92, chrome: {chromedriverVersion: 124.0.6367.91 (51df0e5e17a8..., userDataDir: C:\Users\PRATHA~1.KUM\AppDa...}, fedcm:accounts: true, goog:chromeOptions: {debuggerAddress: localhost:49451}, networkConnectionEnabled: false, pageLoadStrategy: normal, platformName: WINDOWS, proxy: Proxy(), se:cdp: ws://localhost:49451/devtoo..., se:cdpVersion: 124.0.6367.92, setWindowRect: true, strictFileInteractability: false, timeouts: {implicit: 0, pageLoad: 300000, script: 30000}, unhandledPromptBehavior: dismiss and notify, webauthn:extension:credBlob: true, webauthn:extension:largeBlob: true, webauthn:extension:minPinLength: true, webauthn:extension:prf: true, webauthn:virtualAuthenticators: true}
Session ID: 2cf28825ea7a8a419a5b05b8e5d35d84</small> </font> </div>
<div class="test-event"> <font color="maroon"> <small> &emsp; &emsp;--- 05 May 00:57:39 053 - <b>0</b> - Spinner Load Wait: (Sync) - ICar.support.WaitUtils.waitForSpinner(WaitUtils.java:225)</small> </font> </div>
<div class="test-event"> <font color="maroon"> <small> &emsp; &emsp;--- 05 May 00:57:49 142 - Page URL:: https://www.i-car.com/product/post-repair-process</small> </font> </div>
<div class="test-event"> <font color="maroon"> <small> &emsp; &emsp;--- 05 May 00:57:49 142 - <b>0</b> - Page Load Wait: (Sync) - ICar.support.Utils.waitForPageLoad(Utils.java:109)</small> </font> </div>
<div class="test-event"> <font color="maroon"> <small> &emsp; &emsp;--- 05 May 00:57:49 159 - Element is displayed:: [[ChromeDriver: chrome on WINDOWS (2cf28825ea7a8a419a5b05b8e5d35d84)] -> xpath: //a[contains(text(),'Back to Courses')]]</small> </font> </div>
<div class="test-event"> <font color="maroon"> <small> &emsp; &emsp;--- 05 May 00:57:56 198 - Catched spinner load exception due to javascript error: {"status":32,"value":"An invalid or illegal selector was specified"}
  (Session info: chrome=124.0.6367.92)
Build info: version: '4.6.0', revision: '79f1c02ae20'
System info: os.name: 'Windows 10', os.arch: 'amd64', os.version: '10.0', java.version: '17.0.7'
Driver info: org.openqa.selenium.chrome.ChromeDriver
Command: [2cf28825ea7a8a419a5b05b8e5d35d84, findElement {using=css selector, value=div[class='slds-spinner slds-spinner_brand slds-spinner_small']>div:nth-child(2)r}]
Capabilities {acceptInsecureCerts: false, browserName: chrome, browserVersion: 124.0.6367.92, chrome: {chromedriverVersion: 124.0.6367.91 (51df0e5e17a8..., userDataDir: C:\Users\PRATHA~1.KUM\AppDa...}, fedcm:accounts: true, goog:chromeOptions: {debuggerAddress: localhost:49451}, networkConnectionEnabled: false, pageLoadStrategy: normal, platformName: WINDOWS, proxy: Proxy(), se:cdp: ws://localhost:49451/devtoo..., se:cdpVersion: 124.0.6367.92, setWindowRect: true, strictFileInteractability: false, timeouts: {implicit: 0, pageLoad: 300000, script: 30000}, unhandledPromptBehavior: dismiss and notify, webauthn:extension:credBlob: true, webauthn:extension:largeBlob: true, webauthn:extension:minPinLength: true, webauthn:extension:prf: true, webauthn:virtualAuthenticators: true}
Session ID: 2cf28825ea7a8a419a5b05b8e5d35d84</small> </font> </div>
<div class="test-event"> <font color="maroon"> <small> &emsp; &emsp;--- 05 May 00:57:56 198 - <b>0</b> - Spinner Load Wait: (Sync) - ICar.support.WaitUtils.waitForSpinner(WaitUtils.java:225)</small> </font> </div>
<div class="test-message">&emsp;Back To Courses is displayed in the page </div>
<div class="test-message">&emsp;Successfully verified Back To Course Link&emsp;<a href=".\ScreenShot\URL_TC001_2724613812613700.png" target="_blank" >[ScreenShot]</a></div>
<div class="test-event"> <font color="maroon"> <small> &emsp; &emsp;--- 05 May 00:57:56 812 - Catched spinner load exception due to javascript error: {"status":32,"value":"An invalid or illegal selector was specified"}
  (Session info: chrome=124.0.6367.92)
Build info: version: '4.6.0', revision: '79f1c02ae20'
System info: os.name: 'Windows 10', os.arch: 'amd64', os.version: '10.0', java.version: '17.0.7'
Driver info: org.openqa.selenium.chrome.ChromeDriver
Command: [2cf28825ea7a8a419a5b05b8e5d35d84, findElement {using=css selector, value=div[class='slds-spinner slds-spinner_brand slds-spinner_small']>div:nth-child(2)r}]
Capabilities {acceptInsecureCerts: false, browserName: chrome, browserVersion: 124.0.6367.92, chrome: {chromedriverVersion: 124.0.6367.91 (51df0e5e17a8..., userDataDir: C:\Users\PRATHA~1.KUM\AppDa...}, fedcm:accounts: true, goog:chromeOptions: {debuggerAddress: localhost:49451}, networkConnectionEnabled: false, pageLoadStrategy: normal, platformName: WINDOWS, proxy: Proxy(), se:cdp: ws://localhost:49451/devtoo..., se:cdpVersion: 124.0.6367.92, setWindowRect: true, strictFileInteractability: false, timeouts: {implicit: 0, pageLoad: 300000, script: 30000}, unhandledPromptBehavior: dismiss and notify, webauthn:extension:credBlob: true, webauthn:extension:largeBlob: true, webauthn:extension:minPinLength: true, webauthn:extension:prf: true, webauthn:virtualAuthenticators: true}
Session ID: 2cf28825ea7a8a419a5b05b8e5d35d84</small> </font> </div>
<div class="test-event"> <font color="maroon"> <small> &emsp; &emsp;--- 05 May 00:57:56 812 - <b>0</b> - Spinner Load Wait: (Sync) - ICar.support.WaitUtils.waitForSpinner(WaitUtils.java:225)</small> </font> </div>
<div class="test-event"> <font color="maroon"> <small> &emsp; &emsp;--- 05 May 00:57:56 875 - Page URL:: https://www.i-car.com/product/post-repair-process</small> </font> </div>
<div class="test-event"> <font color="maroon"> <small> &emsp; &emsp;--- 05 May 00:57:56 875 - <b>0</b> - Page Load Wait: (Sync) - ICar.support.Utils.waitForPageLoad(Utils.java:109)</small> </font> </div>
<div class="test-event"> <font color="maroon"> <small> &emsp; &emsp;--- 05 May 00:58:06 924 - Element is displayed:: [[ChromeDriver: chrome on WINDOWS (2cf28825ea7a8a419a5b05b8e5d35d84)] -> xpath: //div[@class='productDetails slds-p-bottom_large']//div[contains(@class,'slds-p-bottom_medium')]]</small> </font> </div>
<div class="test-message">&emsp;Course Name : PostRepairProcess is displayed in the URL page</div>
<div class="test-message">&emsp;Successfully verified the course name for relevant link&emsp;<a href=".\ScreenShot\URL_TC001_2724632558517200.png" target="_blank" >[ScreenShot]</a></div>
<div class="test-message">&emsp;
</div>
<div class="test-message">&emsp;199. URL is : https://www.i-car.com/product/damage-analysis-of-unitized-structures-rear</div>
<div class="test-event"> <font color="maroon"> <small> &emsp; &emsp;--- 05 May 00:58:20 828 - Page URL:: https://www.i-car.com/product/damage-analysis-of-unitized-structures-rear</small> </font> </div>
<div class="test-event"> <font color="maroon"> <small> &emsp; &emsp;--- 05 May 00:58:20 828 - <b>0</b> - Page Load Wait: (Sync) - ICar.support.Utils.waitForPageLoad(Utils.java:109)</small> </font> </div>
<div class="test-message">&emsp;Successfully navigated to the :  https://www.i-car.com/product/damage-analysis-of-unitized-structures-rear   Page&emsp;<a href=".\ScreenShot\URL_TC001_2724638433118900.png" target="_blank" >[ScreenShot]</a></div>
<div class="test-event"> <font color="maroon"> <small> &emsp; &emsp;--- 05 May 00:58:21 182 - Page URL:: https://www.i-car.com/product/damage-analysis-of-unitized-structures-rear</small> </font> </div>
<div class="test-event"> <font color="maroon"> <small> &emsp; &emsp;--- 05 May 00:58:21 182 - <b>0</b> - Page Load Wait: (Sync) - ICar.support.Utils.waitForPageLoad(Utils.java:109)</small> </font> </div>
<div class="test-event"> <font color="maroon"> <small> &emsp; &emsp;--- 05 May 00:58:21 191 - Catched spinner load exception due to javascript error: {"status":32,"value":"An invalid or illegal selector was specified"}
  (Session info: chrome=124.0.6367.92)
Build info: version: '4.6.0', revision: '79f1c02ae20'
System info: os.name: 'Windows 10', os.arch: 'amd64', os.version: '10.0', java.version: '17.0.7'
Driver info: org.openqa.selenium.chrome.ChromeDriver
Command: [2cf28825ea7a8a419a5b05b8e5d35d84, findElement {using=css selector, value=div[class='slds-spinner slds-spinner_brand slds-spinner_small']>div:nth-child(2)r}]
Capabilities {acceptInsecureCerts: false, browserName: chrome, browserVersion: 124.0.6367.92, chrome: {chromedriverVersion: 124.0.6367.91 (51df0e5e17a8..., userDataDir: C:\Users\PRATHA~1.KUM\AppDa...}, fedcm:accounts: true, goog:chromeOptions: {debuggerAddress: localhost:49451}, networkConnectionEnabled: false, pageLoadStrategy: normal, platformName: WINDOWS, proxy: Proxy(), se:cdp: ws://localhost:49451/devtoo..., se:cdpVersion: 124.0.6367.92, setWindowRect: true, strictFileInteractability: false, timeouts: {implicit: 0, pageLoad: 300000, script: 30000}, unhandledPromptBehavior: dismiss and notify, webauthn:extension:credBlob: true, webauthn:extension:largeBlob: true, webauthn:extension:minPinLength: true, webauthn:extension:prf: true, webauthn:virtualAuthenticators: true}
Session ID: 2cf28825ea7a8a419a5b05b8e5d35d84</small> </font> </div>
<div class="test-event"> <font color="maroon"> <small> &emsp; &emsp;--- 05 May 00:58:21 191 - <b>0</b> - Spinner Load Wait: (Sync) - ICar.support.WaitUtils.waitForSpinner(WaitUtils.java:225)</small> </font> </div>
<div class="test-event"> <font color="maroon"> <small> &emsp; &emsp;--- 05 May 00:58:31 268 - Page URL:: https://www.i-car.com/product/damage-analysis-of-unitized-structures-rear</small> </font> </div>
<div class="test-event"> <font color="maroon"> <small> &emsp; &emsp;--- 05 May 00:58:31 268 - <b>0</b> - Page Load Wait: (Sync) - ICar.support.Utils.waitForPageLoad(Utils.java:109)</small> </font> </div>
<div class="test-event"> <font color="maroon"> <small> &emsp; &emsp;--- 05 May 00:58:31 285 - Element is displayed:: [[ChromeDriver: chrome on WINDOWS (2cf28825ea7a8a419a5b05b8e5d35d84)] -> xpath: //a[contains(text(),'Back to Courses')]]</small> </font> </div>
<div class="test-event"> <font color="maroon"> <small> &emsp; &emsp;--- 05 May 00:58:38 317 - Catched spinner load exception due to javascript error: {"status":32,"value":"An invalid or illegal selector was specified"}
  (Session info: chrome=124.0.6367.92)
Build info: version: '4.6.0', revision: '79f1c02ae20'
System info: os.name: 'Windows 10', os.arch: 'amd64', os.version: '10.0', java.version: '17.0.7'
Driver info: org.openqa.selenium.chrome.ChromeDriver
Command: [2cf28825ea7a8a419a5b05b8e5d35d84, findElement {using=css selector, value=div[class='slds-spinner slds-spinner_brand slds-spinner_small']>div:nth-child(2)r}]
Capabilities {acceptInsecureCerts: false, browserName: chrome, browserVersion: 124.0.6367.92, chrome: {chromedriverVersion: 124.0.6367.91 (51df0e5e17a8..., userDataDir: C:\Users\PRATHA~1.KUM\AppDa...}, fedcm:accounts: true, goog:chromeOptions: {debuggerAddress: localhost:49451}, networkConnectionEnabled: false, pageLoadStrategy: normal, platformName: WINDOWS, proxy: Proxy(), se:cdp: ws://localhost:49451/devtoo..., se:cdpVersion: 124.0.6367.92, setWindowRect: true, strictFileInteractability: false, timeouts: {implicit: 0, pageLoad: 300000, script: 30000}, unhandledPromptBehavior: dismiss and notify, webauthn:extension:credBlob: true, webauthn:extension:largeBlob: true, webauthn:extension:minPinLength: true, webauthn:extension:prf: true, webauthn:virtualAuthenticators: true}
Session ID: 2cf28825ea7a8a419a5b05b8e5d35d84</small> </font> </div>
<div class="test-event"> <font color="maroon"> <small> &emsp; &emsp;--- 05 May 00:58:38 317 - <b>0</b> - Spinner Load Wait: (Sync) - ICar.support.WaitUtils.waitForSpinner(WaitUtils.java:225)</small> </font> </div>
<div class="test-message">&emsp;Back To Courses is displayed in the page </div>
<div class="test-message">&emsp;Successfully verified Back To Course Link&emsp;<a href=".\ScreenShot\URL_TC001_2724655931511100.png" target="_blank" >[ScreenShot]</a></div>
<div class="test-event"> <font color="maroon"> <small> &emsp; &emsp;--- 05 May 00:58:38 557 - Catched spinner load exception due to javascript error: {"status":32,"value":"An invalid or illegal selector was specified"}
  (Session info: chrome=124.0.6367.92)
Build info: version: '4.6.0', revision: '79f1c02ae20'
System info: os.name: 'Windows 10', os.arch: 'amd64', os.version: '10.0', java.version: '17.0.7'
Driver info: org.openqa.selenium.chrome.ChromeDriver
Command: [2cf28825ea7a8a419a5b05b8e5d35d84, findElement {using=css selector, value=div[class='slds-spinner slds-spinner_brand slds-spinner_small']>div:nth-child(2)r}]
Capabilities {acceptInsecureCerts: false, browserName: chrome, browserVersion: 124.0.6367.92, chrome: {chromedriverVersion: 124.0.6367.91 (51df0e5e17a8..., userDataDir: C:\Users\PRATHA~1.KUM\AppDa...}, fedcm:accounts: true, goog:chromeOptions: {debuggerAddress: localhost:49451}, networkConnectionEnabled: false, pageLoadStrategy: normal, platformName: WINDOWS, proxy: Proxy(), se:cdp: ws://localhost:49451/devtoo..., se:cdpVersion: 124.0.6367.92, setWindowRect: true, strictFileInteractability: false, timeouts: {implicit: 0, pageLoad: 300000, script: 30000}, unhandledPromptBehavior: dismiss and notify, webauthn:extension:credBlob: true, webauthn:extension:largeBlob: true, webauthn:extension:minPinLength: true, webauthn:extension:prf: true, webauthn:virtualAuthenticators: true}
Session ID: 2cf28825ea7a8a419a5b05b8e5d35d84</small> </font> </div>
<div class="test-event"> <font color="maroon"> <small> &emsp; &emsp;--- 05 May 00:58:38 558 - <b>0</b> - Spinner Load Wait: (Sync) - ICar.support.WaitUtils.waitForSpinner(WaitUtils.java:225)</small> </font> </div>
<div class="test-event"> <font color="maroon"> <small> &emsp; &emsp;--- 05 May 00:58:38 631 - Page URL:: https://www.i-car.com/product/damage-analysis-of-unitized-structures-rear</small> </font> </div>
<div class="test-event"> <font color="maroon"> <small> &emsp; &emsp;--- 05 May 00:58:38 631 - <b>0</b> - Page Load Wait: (Sync) - ICar.support.Utils.waitForPageLoad(Utils.java:109)</small> </font> </div>
<div class="test-event"> <font color="maroon"> <small> &emsp; &emsp;--- 05 May 00:58:48 676 - Element is displayed:: [[ChromeDriver: chrome on WINDOWS (2cf28825ea7a8a419a5b05b8e5d35d84)] -> xpath: //div[@class='productDetails slds-p-bottom_large']//div[contains(@class,'slds-p-bottom_medium')]]</small> </font> </div>
<div class="test-message">&emsp;Course Name : DamageAnalysisofUnitizedStructuresRear is displayed in the URL page</div>
<div class="test-message">&emsp;Successfully verified the course name for relevant link&emsp;<a href=".\ScreenShot\URL_TC001_2724674300595000.png" target="_blank" >[ScreenShot]</a></div>
<div class="test-message">&emsp;
</div>
<div class="test-message">&emsp;200. URL is : https://www.i-car.com/product/initialization-and-calibration-of-electronic-systems</div>
<div class="test-event"> <font color="maroon"> <small> &emsp; &emsp;--- 05 May 00:58:57 666 - Page URL:: https://www.i-car.com/product/initialization-and-calibration-of-electronic-systems</small> </font> </div>
<div class="test-event"> <font color="maroon"> <small> &emsp; &emsp;--- 05 May 00:58:57 667 - <b>0</b> - Page Load Wait: (Sync) - ICar.support.Utils.waitForPageLoad(Utils.java:109)</small> </font> </div>
<div class="test-message">&emsp;Successfully navigated to the :  https://www.i-car.com/product/initialization-and-calibration-of-electronic-systems   Page&emsp;<a href=".\ScreenShot\URL_TC001_2724675271683100.png" target="_blank" >[ScreenShot]</a></div>
<div class="test-event"> <font color="maroon"> <small> &emsp; &emsp;--- 05 May 00:58:57 955 - Page URL:: https://www.i-car.com/product/initialization-and-calibration-of-electronic-systems</small> </font> </div>
<div class="test-event"> <font color="maroon"> <small> &emsp; &emsp;--- 05 May 00:58:57 955 - <b>0</b> - Page Load Wait: (Sync) - ICar.support.Utils.waitForPageLoad(Utils.java:109)</small> </font> </div>
<div class="test-event"> <font color="maroon"> <small> &emsp; &emsp;--- 05 May 00:58:57 965 - Catched spinner load exception due to javascript error: {"status":32,"value":"An invalid or illegal selector was specified"}
  (Session info: chrome=124.0.6367.92)
Build info: version: '4.6.0', revision: '79f1c02ae20'
System info: os.name: 'Windows 10', os.arch: 'amd64', os.version: '10.0', java.version: '17.0.7'
Driver info: org.openqa.selenium.chrome.ChromeDriver
Command: [2cf28825ea7a8a419a5b05b8e5d35d84, findElement {using=css selector, value=div[class='slds-spinner slds-spinner_brand slds-spinner_small']>div:nth-child(2)r}]
Capabilities {acceptInsecureCerts: false, browserName: chrome, browserVersion: 124.0.6367.92, chrome: {chromedriverVersion: 124.0.6367.91 (51df0e5e17a8..., userDataDir: C:\Users\PRATHA~1.KUM\AppDa...}, fedcm:accounts: true, goog:chromeOptions: {debuggerAddress: localhost:49451}, networkConnectionEnabled: false, pageLoadStrategy: normal, platformName: WINDOWS, proxy: Proxy(), se:cdp: ws://localhost:49451/devtoo..., se:cdpVersion: 124.0.6367.92, setWindowRect: true, strictFileInteractability: false, timeouts: {implicit: 0, pageLoad: 300000, script: 30000}, unhandledPromptBehavior: dismiss and notify, webauthn:extension:credBlob: true, webauthn:extension:largeBlob: true, webauthn:extension:minPinLength: true, webauthn:extension:prf: true, webauthn:virtualAuthenticators: true}
Session ID: 2cf28825ea7a8a419a5b05b8e5d35d84</small> </font> </div>
<div class="test-event"> <font color="maroon"> <small> &emsp; &emsp;--- 05 May 00:58:57 965 - <b>0</b> - Spinner Load Wait: (Sync) - ICar.support.WaitUtils.waitForSpinner(WaitUtils.java:225)</small> </font> </div>
<div class="test-event"> <font color="maroon"> <small> &emsp; &emsp;--- 05 May 00:59:08 143 - Page URL:: https://www.i-car.com/product/initialization-and-calibration-of-electronic-systems</small> </font> </div>
<div class="test-event"> <font color="maroon"> <small> &emsp; &emsp;--- 05 May 00:59:08 143 - <b>0</b> - Page Load Wait: (Sync) - ICar.support.Utils.waitForPageLoad(Utils.java:109)</small> </font> </div>
<div class="test-event"> <font color="maroon"> <small> &emsp; &emsp;--- 05 May 00:59:08 160 - Element is displayed:: [[ChromeDriver: chrome on WINDOWS (2cf28825ea7a8a419a5b05b8e5d35d84)] -> xpath: //a[contains(text(),'Back to Courses')]]</small> </font> </div>
<div class="test-event"> <font color="maroon"> <small> &emsp; &emsp;--- 05 May 00:59:15 195 - Catched spinner load exception due to javascript error: {"status":32,"value":"An invalid or illegal selector was specified"}
  (Session info: chrome=124.0.6367.92)
Build info: version: '4.6.0', revision: '79f1c02ae20'
System info: os.name: 'Windows 10', os.arch: 'amd64', os.version: '10.0', java.version: '17.0.7'
Driver info: org.openqa.selenium.chrome.ChromeDriver
Command: [2cf28825ea7a8a419a5b05b8e5d35d84, findElement {using=css selector, value=div[class='slds-spinner slds-spinner_brand slds-spinner_small']>div:nth-child(2)r}]
Capabilities {acceptInsecureCerts: false, browserName: chrome, browserVersion: 124.0.6367.92, chrome: {chromedriverVersion: 124.0.6367.91 (51df0e5e17a8..., userDataDir: C:\Users\PRATHA~1.KUM\AppDa...}, fedcm:accounts: true, goog:chromeOptions: {debuggerAddress: localhost:49451}, networkConnectionEnabled: false, pageLoadStrategy: normal, platformName: WINDOWS, proxy: Proxy(), se:cdp: ws://localhost:49451/devtoo..., se:cdpVersion: 124.0.6367.92, setWindowRect: true, strictFileInteractability: false, timeouts: {implicit: 0, pageLoad: 300000, script: 30000}, unhandledPromptBehavior: dismiss and notify, webauthn:extension:credBlob: true, webauthn:extension:largeBlob: true, webauthn:extension:minPinLength: true, webauthn:extension:prf: true, webauthn:virtualAuthenticators: true}
Session ID: 2cf28825ea7a8a419a5b05b8e5d35d84</small> </font> </div>
<div class="test-event"> <font color="maroon"> <small> &emsp; &emsp;--- 05 May 00:59:15 195 - <b>0</b> - Spinner Load Wait: (Sync) - ICar.support.WaitUtils.waitForSpinner(WaitUtils.java:225)</small> </font> </div>
<div class="test-message">&emsp;Back To Courses is displayed in the page </div>
<div class="test-message">&emsp;Successfully verified Back To Course Link&emsp;<a href=".\ScreenShot\URL_TC001_2724692809418000.png" target="_blank" >[ScreenShot]</a></div>
<div class="test-event"> <font color="maroon"> <small> &emsp; &emsp;--- 05 May 00:59:15 459 - Catched spinner load exception due to javascript error: {"status":32,"value":"An invalid or illegal selector was specified"}
  (Session info: chrome=124.0.6367.92)
Build info: version: '4.6.0', revision: '79f1c02ae20'
System info: os.name: 'Windows 10', os.arch: 'amd64', os.version: '10.0', java.version: '17.0.7'
Driver info: org.openqa.selenium.chrome.ChromeDriver
Command: [2cf28825ea7a8a419a5b05b8e5d35d84, findElement {using=css selector, value=div[class='slds-spinner slds-spinner_brand slds-spinner_small']>div:nth-child(2)r}]
Capabilities {acceptInsecureCerts: false, browserName: chrome, browserVersion: 124.0.6367.92, chrome: {chromedriverVersion: 124.0.6367.91 (51df0e5e17a8..., userDataDir: C:\Users\PRATHA~1.KUM\AppDa...}, fedcm:accounts: true, goog:chromeOptions: {debuggerAddress: localhost:49451}, networkConnectionEnabled: false, pageLoadStrategy: normal, platformName: WINDOWS, proxy: Proxy(), se:cdp: ws://localhost:49451/devtoo..., se:cdpVersion: 124.0.6367.92, setWindowRect: true, strictFileInteractability: false, timeouts: {implicit: 0, pageLoad: 300000, script: 30000}, unhandledPromptBehavior: dismiss and notify, webauthn:extension:credBlob: true, webauthn:extension:largeBlob: true, webauthn:extension:minPinLength: true, webauthn:extension:prf: true, webauthn:virtualAuthenticators: true}
Session ID: 2cf28825ea7a8a419a5b05b8e5d35d84</small> </font> </div>
<div class="test-event"> <font color="maroon"> <small> &emsp; &emsp;--- 05 May 00:59:15 460 - <b>0</b> - Spinner Load Wait: (Sync) - ICar.support.WaitUtils.waitForSpinner(WaitUtils.java:225)</small> </font> </div>
<div class="test-event"> <font color="maroon"> <small> &emsp; &emsp;--- 05 May 00:59:15 580 - Page URL:: https://www.i-car.com/product/initialization-and-calibration-of-electronic-systems</small> </font> </div>
<div class="test-event"> <font color="maroon"> <small> &emsp; &emsp;--- 05 May 00:59:15 580 - <b>0</b> - Page Load Wait: (Sync) - ICar.support.Utils.waitForPageLoad(Utils.java:109)</small> </font> </div>
<div class="test-event"> <font color="maroon"> <small> &emsp; &emsp;--- 05 May 00:59:25 648 - Element is displayed:: [[ChromeDriver: chrome on WINDOWS (2cf28825ea7a8a419a5b05b8e5d35d84)] -> xpath: //div[@class='productDetails slds-p-bottom_large']//div[contains(@class,'slds-p-bottom_medium')]]</small> </font> </div>
<div class="test-message">&emsp;Course Name : InitializationandCalibrationofElectronicSystems is displayed in the URL page</div>
<div class="test-message">&emsp;Successfully verified the course name for relevant link&emsp;<a href=".\ScreenShot\URL_TC001_2724711269264500.png" target="_blank" >[ScreenShot]</a></div>
<div class="test-message">&emsp;
</div>
<div class="test-message">&emsp;201. URL is : https://www.i-car.com/product/vehicle-technology-and-trends-2017</div>
<div class="test-event"> <font color="maroon"> <small> &emsp; &emsp;--- 05 May 00:59:35 003 - Page URL:: https://www.i-car.com/product/vehicle-technology-and-trends-2017</small> </font> </div>
<div class="test-event"> <font color="maroon"> <small> &emsp; &emsp;--- 05 May 00:59:35 003 - <b>0</b> - Page Load Wait: (Sync) - ICar.support.Utils.waitForPageLoad(Utils.java:109)</small> </font> </div>
<div class="test-message">&emsp;Successfully navigated to the :  https://www.i-car.com/product/vehicle-technology-and-trends-2017   Page&emsp;<a href=".\ScreenShot\URL_TC001_2724712608014500.png" target="_blank" >[ScreenShot]</a></div>
<div class="test-event"> <font color="maroon"> <small> &emsp; &emsp;--- 05 May 00:59:35 246 - Page URL:: https://www.i-car.com/product/vehicle-technology-and-trends-2017</small> </font> </div>
<div class="test-event"> <font color="maroon"> <small> &emsp; &emsp;--- 05 May 00:59:35 246 - <b>0</b> - Page Load Wait: (Sync) - ICar.support.Utils.waitForPageLoad(Utils.java:109)</small> </font> </div>
<div class="test-event"> <font color="maroon"> <small> &emsp; &emsp;--- 05 May 00:59:35 257 - Catched spinner load exception due to javascript error: {"status":32,"value":"An invalid or illegal selector was specified"}
  (Session info: chrome=124.0.6367.92)
Build info: version: '4.6.0', revision: '79f1c02ae20'
System info: os.name: 'Windows 10', os.arch: 'amd64', os.version: '10.0', java.version: '17.0.7'
Driver info: org.openqa.selenium.chrome.ChromeDriver
Command: [2cf28825ea7a8a419a5b05b8e5d35d84, findElement {using=css selector, value=div[class='slds-spinner slds-spinner_brand slds-spinner_small']>div:nth-child(2)r}]
Capabilities {acceptInsecureCerts: false, browserName: chrome, browserVersion: 124.0.6367.92, chrome: {chromedriverVersion: 124.0.6367.91 (51df0e5e17a8..., userDataDir: C:\Users\PRATHA~1.KUM\AppDa...}, fedcm:accounts: true, goog:chromeOptions: {debuggerAddress: localhost:49451}, networkConnectionEnabled: false, pageLoadStrategy: normal, platformName: WINDOWS, proxy: Proxy(), se:cdp: ws://localhost:49451/devtoo..., se:cdpVersion: 124.0.6367.92, setWindowRect: true, strictFileInteractability: false, timeouts: {implicit: 0, pageLoad: 300000, script: 30000}, unhandledPromptBehavior: dismiss and notify, webauthn:extension:credBlob: true, webauthn:extension:largeBlob: true, webauthn:extension:minPinLength: true, webauthn:extension:prf: true, webauthn:virtualAuthenticators: true}
Session ID: 2cf28825ea7a8a419a5b05b8e5d35d84</small> </font> </div>
<div class="test-event"> <font color="maroon"> <small> &emsp; &emsp;--- 05 May 00:59:35 257 - <b>0</b> - Spinner Load Wait: (Sync) - ICar.support.WaitUtils.waitForSpinner(WaitUtils.java:225)</small> </font> </div>
<div class="test-event"> <font color="maroon"> <small> &emsp; &emsp;--- 05 May 00:59:45 335 - Page URL:: https://www.i-car.com/product/vehicle-technology-and-trends-2017</small> </font> </div>
<div class="test-event"> <font color="maroon"> <small> &emsp; &emsp;--- 05 May 00:59:45 335 - <b>0</b> - Page Load Wait: (Sync) - ICar.support.Utils.waitForPageLoad(Utils.java:109)</small> </font> </div>
<div class="test-event"> <font color="maroon"> <small> &emsp; &emsp;--- 05 May 00:59:45 350 - Element is displayed:: [[ChromeDriver: chrome on WINDOWS (2cf28825ea7a8a419a5b05b8e5d35d84)] -> xpath: //a[contains(text(),'Back to Courses')]]</small> </font> </div>
<div class="test-event"> <font color="maroon"> <small> &emsp; &emsp;--- 05 May 00:59:52 377 - Catched spinner load exception due to javascript error: {"status":32,"value":"An invalid or illegal selector was specified"}
  (Session info: chrome=124.0.6367.92)
Build info: version: '4.6.0', revision: '79f1c02ae20'
System info: os.name: 'Windows 10', os.arch: 'amd64', os.version: '10.0', java.version: '17.0.7'
Driver info: org.openqa.selenium.chrome.ChromeDriver
Command: [2cf28825ea7a8a419a5b05b8e5d35d84, findElement {using=css selector, value=div[class='slds-spinner slds-spinner_brand slds-spinner_small']>div:nth-child(2)r}]
Capabilities {acceptInsecureCerts: false, browserName: chrome, browserVersion: 124.0.6367.92, chrome: {chromedriverVersion: 124.0.6367.91 (51df0e5e17a8..., userDataDir: C:\Users\PRATHA~1.KUM\AppDa...}, fedcm:accounts: true, goog:chromeOptions: {debuggerAddress: localhost:49451}, networkConnectionEnabled: false, pageLoadStrategy: normal, platformName: WINDOWS, proxy: Proxy(), se:cdp: ws://localhost:49451/devtoo..., se:cdpVersion: 124.0.6367.92, setWindowRect: true, strictFileInteractability: false, timeouts: {implicit: 0, pageLoad: 300000, script: 30000}, unhandledPromptBehavior: dismiss and notify, webauthn:extension:credBlob: true, webauthn:extension:largeBlob: true, webauthn:extension:minPinLength: true, webauthn:extension:prf: true, webauthn:virtualAuthenticators: true}
Session ID: 2cf28825ea7a8a419a5b05b8e5d35d84</small> </font> </div>
<div class="test-event"> <font color="maroon"> <small> &emsp; &emsp;--- 05 May 00:59:52 377 - <b>0</b> - Spinner Load Wait: (Sync) - ICar.support.WaitUtils.waitForSpinner(WaitUtils.java:225)</small> </font> </div>
<div class="test-message">&emsp;Back To Courses is displayed in the page </div>
<div class="test-message">&emsp;Successfully verified Back To Course Link&emsp;<a href=".\ScreenShot\URL_TC001_2724729991757900.png" target="_blank" >[ScreenShot]</a></div>
<div class="test-event"> <font color="maroon"> <small> &emsp; &emsp;--- 05 May 00:59:52 667 - Catched spinner load exception due to javascript error: {"status":32,"value":"An invalid or illegal selector was specified"}
  (Session info: chrome=124.0.6367.92)
Build info: version: '4.6.0', revision: '79f1c02ae20'
System info: os.name: 'Windows 10', os.arch: 'amd64', os.version: '10.0', java.version: '17.0.7'
Driver info: org.openqa.selenium.chrome.ChromeDriver
Command: [2cf28825ea7a8a419a5b05b8e5d35d84, findElement {using=css selector, value=div[class='slds-spinner slds-spinner_brand slds-spinner_small']>div:nth-child(2)r}]
Capabilities {acceptInsecureCerts: false, browserName: chrome, browserVersion: 124.0.6367.92, chrome: {chromedriverVersion: 124.0.6367.91 (51df0e5e17a8..., userDataDir: C:\Users\PRATHA~1.KUM\AppDa...}, fedcm:accounts: true, goog:chromeOptions: {debuggerAddress: localhost:49451}, networkConnectionEnabled: false, pageLoadStrategy: normal, platformName: WINDOWS, proxy: Proxy(), se:cdp: ws://localhost:49451/devtoo..., se:cdpVersion: 124.0.6367.92, setWindowRect: true, strictFileInteractability: false, timeouts: {implicit: 0, pageLoad: 300000, script: 30000}, unhandledPromptBehavior: dismiss and notify, webauthn:extension:credBlob: true, webauthn:extension:largeBlob: true, webauthn:extension:minPinLength: true, webauthn:extension:prf: true, webauthn:virtualAuthenticators: true}
Session ID: 2cf28825ea7a8a419a5b05b8e5d35d84</small> </font> </div>
<div class="test-event"> <font color="maroon"> <small> &emsp; &emsp;--- 05 May 00:59:52 667 - <b>0</b> - Spinner Load Wait: (Sync) - ICar.support.WaitUtils.waitForSpinner(WaitUtils.java:225)</small> </font> </div>
<div class="test-event"> <font color="maroon"> <small> &emsp; &emsp;--- 05 May 00:59:52 728 - Page URL:: https://www.i-car.com/product/vehicle-technology-and-trends-2017</small> </font> </div>
<div class="test-event"> <font color="maroon"> <small> &emsp; &emsp;--- 05 May 00:59:52 728 - <b>0</b> - Page Load Wait: (Sync) - ICar.support.Utils.waitForPageLoad(Utils.java:109)</small> </font> </div>
<div class="test-event"> <font color="maroon"> <small> &emsp; &emsp;--- 05 May 01:00:02 789 - Element is displayed:: [[ChromeDriver: chrome on WINDOWS (2cf28825ea7a8a419a5b05b8e5d35d84)] -> xpath: //div[@class='productDetails slds-p-bottom_large']//div[contains(@class,'slds-p-bottom_medium')]]</small> </font> </div>
<div class="test-message">&emsp;Course Name : VehicleTechnologyandTrends2017 is displayed in the URL page</div>
<div class="test-message">&emsp;Successfully verified the course name for relevant link&emsp;<a href=".\ScreenShot\URL_TC001_2724748427157600.png" target="_blank" >[ScreenShot]</a></div>
<div class="test-message">&emsp;
</div>
<!--FAIL-->
<div class="test-result"><br><font color="red"><strong> Test Failed. Check the steps above in red color. </strong></font> </div>&emsp;
&emsp;<div class="test-title"> <strong><font size = "3" color = "#0000FF">---Test Execution Ends---</font> </strong> </div>&emsp;]]>
  </system-out>
</testsuite> <!-- URLTestScripts.URL -->
