<?xml version="1.0" encoding="UTF-8"?>
<!-- Generated by org.testng.reporters.JUnitReportReporter -->
<testsuite hostname="aspire1763" failures="0" tests="1" name="CreditProcess.InvalidCreditRequest" time="615.194" errors="1" timestamp="2024-08-06T17:19:00 IST" skipped="0">
  <testcase classname="CreditProcess.InvalidCreditRequest" name="ICRVirtual_TC39" time="615.194">
    <error message="element click intercepted: Element &lt;span class=&quot;slds-truncate slds-m-right--xx-small&quot; lwc-bbqdsgjtbq=&quot;&quot; title=&quot;...&quot;&gt;Job Allocations&lt;/span&gt; is not clickable at point (150, 522). Other element would receive the click: &lt;span class=&quot;itemTitle slds-truncate&quot; data-aura-rendered-by=&quot;997:0&quot;&gt;...&lt;/span&gt;
  (Session info: chrome=127.0.6533.72)
Build info: version: &#039;4.6.0&#039;, revision: &#039;79f1c02ae20&#039;
System info: os.name: &#039;Windows 10&#039;, os.arch: &#039;amd64&#039;, os.version: &#039;10.0&#039;, java.version: &#039;17.0.10&#039;
Driver info: org.openqa.selenium.chrome.ChromeDriver
Command: [3dfbb6f639230650c430ff02fad98246, clickElement {id=f.236ABA5738DD20B650C26E0D032F1C17.d.1ADF328C68E54F92EDFE86A87C0B99C3.e.1427}]
Capabilities {acceptInsecureCerts: false, browserName: chrome, browserVersion: 127.0.6533.72, chrome: {chromedriverVersion: 126.0.6478.61 (8dc092df54ce..., userDataDir: C:\Users\PRATHA~1.KUM\AppDa...}, fedcm:accounts: true, goog:chromeOptions: {debuggerAddress: localhost:55315}, networkConnectionEnabled: false, pageLoadStrategy: normal, platformName: WINDOWS, proxy: Proxy(), se:cdp: ws://localhost:55315/devtoo..., se:cdpVersion: 127.0.6533.72, setWindowRect: true, strictFileInteractability: false, timeouts: {implicit: 0, pageLoad: 300000, script: 30000}, unhandledPromptBehavior: dismiss and notify, webauthn:extension:credBlob: true, webauthn:extension:largeBlob: true, webauthn:extension:minPinLength: true, webauthn:extension:prf: true, webauthn:virtualAuthenticators: true}
Element: [[ChromeDriver: chrome on WINDOWS (3dfbb6f639230650c430ff02fad98246)] -&gt; xpath: //h2/a/span[@title=&#039;Job Allocations&#039;]]
Session ID: 3dfbb6f639230650c430ff02fad98246" type="org.openqa.selenium.ElementClickInterceptedException">
      <![CDATA[org.openqa.selenium.ElementClickInterceptedException: element click intercepted: Element <span class="slds-truncate slds-m-right--xx-small" lwc-bbqdsgjtbq="" title="...">Job Allocations</span> is not clickable at point (150, 522). Other element would receive the click: <span class="itemTitle slds-truncate" data-aura-rendered-by="997:0">...</span>
  (Session info: chrome=127.0.6533.72)
Build info: version: '4.6.0', revision: '79f1c02ae20'
System info: os.name: 'Windows 10', os.arch: 'amd64', os.version: '10.0', java.version: '17.0.10'
Driver info: org.openqa.selenium.chrome.ChromeDriver
Command: [3dfbb6f639230650c430ff02fad98246, clickElement {id=f.236ABA5738DD20B650C26E0D032F1C17.d.1ADF328C68E54F92EDFE86A87C0B99C3.e.1427}]
Capabilities {acceptInsecureCerts: false, browserName: chrome, browserVersion: 127.0.6533.72, chrome: {chromedriverVersion: 126.0.6478.61 (8dc092df54ce..., userDataDir: C:\Users\PRATHA~1.KUM\AppDa...}, fedcm:accounts: true, goog:chromeOptions: {debuggerAddress: localhost:55315}, networkConnectionEnabled: false, pageLoadStrategy: normal, platformName: WINDOWS, proxy: Proxy(), se:cdp: ws://localhost:55315/devtoo..., se:cdpVersion: 127.0.6533.72, setWindowRect: true, strictFileInteractability: false, timeouts: {implicit: 0, pageLoad: 300000, script: 30000}, unhandledPromptBehavior: dismiss and notify, webauthn:extension:credBlob: true, webauthn:extension:largeBlob: true, webauthn:extension:minPinLength: true, webauthn:extension:prf: true, webauthn:virtualAuthenticators: true}
Element: [[ChromeDriver: chrome on WINDOWS (3dfbb6f639230650c430ff02fad98246)] -> xpath: //h2/a/span[@title='Job Allocations']]
Session ID: 3dfbb6f639230650c430ff02fad98246
at java.base/jdk.internal.reflect.NativeConstructorAccessorImpl.newInstance0(Native Method)
at java.base/jdk.internal.reflect.NativeConstructorAccessorImpl.newInstance(NativeConstructorAccessorImpl.java:77)
at java.base/jdk.internal.reflect.DelegatingConstructorAccessorImpl.newInstance(DelegatingConstructorAccessorImpl.java:45)
at java.base/java.lang.reflect.Constructor.newInstanceWithCaller(Constructor.java:499)
at java.base/java.lang.reflect.Constructor.newInstance(Constructor.java:480)
at org.openqa.selenium.remote.codec.w3c.W3CHttpResponseCodec.createException(W3CHttpResponseCodec.java:200)
at org.openqa.selenium.remote.codec.w3c.W3CHttpResponseCodec.decode(W3CHttpResponseCodec.java:133)
at org.openqa.selenium.remote.codec.w3c.W3CHttpResponseCodec.decode(W3CHttpResponseCodec.java:53)
at org.openqa.selenium.remote.HttpCommandExecutor.execute(HttpCommandExecutor.java:193)
at org.openqa.selenium.remote.service.DriverCommandExecutor.invokeExecute(DriverCommandExecutor.java:183)
at org.openqa.selenium.remote.service.DriverCommandExecutor.execute(DriverCommandExecutor.java:158)
at org.openqa.selenium.remote.RemoteWebDriver.execute(RemoteWebDriver.java:543)
at org.openqa.selenium.remote.RemoteWebElement.execute(RemoteWebElement.java:257)
at org.openqa.selenium.remote.RemoteWebElement.click(RemoteWebElement.java:78)
at ICar.Pages.SalesForcePages.clickJobAllocations(SalesForcePages.java:11764)
at CreditProcess.InvalidCreditRequest.ICRVirtual_TC39(InvalidCreditRequest.java:163)
at java.base/jdk.internal.reflect.NativeMethodAccessorImpl.invoke0(Native Method)
at java.base/jdk.internal.reflect.NativeMethodAccessorImpl.invoke(NativeMethodAccessorImpl.java:77)
at java.base/jdk.internal.reflect.DelegatingMethodAccessorImpl.invoke(DelegatingMethodAccessorImpl.java:43)
at java.base/java.lang.reflect.Method.invoke(Method.java:568)
at org.testng.internal.invokers.MethodInvocationHelper.invokeMethod(MethodInvocationHelper.java:139)
at org.testng.internal.invokers.TestInvoker.invokeMethod(TestInvoker.java:664)
at org.testng.internal.invokers.TestInvoker.invokeTestMethod(TestInvoker.java:227)
at org.testng.internal.invokers.TestMethodWithDataProviderMethodWorker.call(TestMethodWithDataProviderMethodWorker.java:80)
at org.testng.internal.invokers.TestMethodWithDataProviderMethodWorker.call(TestMethodWithDataProviderMethodWorker.java:17)
at java.base/java.util.concurrent.FutureTask.run(FutureTask.java:264)
at java.base/java.util.concurrent.Executors$RunnableAdapter.call(Executors.java:539)
at java.base/java.util.concurrent.FutureTask.run(FutureTask.java:264)
at java.base/java.util.concurrent.ThreadPoolExecutor.runWorker(ThreadPoolExecutor.java:1136)
at java.base/java.util.concurrent.ThreadPoolExecutor$Worker.run(ThreadPoolExecutor.java:635)
at java.base/java.lang.Thread.run(Thread.java:840)
]]>
    </error>
    <system-out>
      <![CDATA[<div class="test-event"> <font color="maroon"> <small> &emsp; &emsp;--- 06 Aug 17:08:41 274 - TestCaseID:: ICRVirtual_TC39</small> </font> </div>
<div class="test-event"> <font color="maroon"> <small> &emsp; &emsp;--- 06 Aug 17:08:44 506 - <b>3</b> - Driver::initialize::Get - ICar.support.WebDriverFactory.getDriver(WebDriverFactory.java:640)</small> </font> </div>
<div class="test-event"> <font color="maroon"> <small> &emsp; &emsp;--- 06 Aug 17:09:02 476 - Page URL:: data:,</small> </font> </div>
<div class="test-event"> <font color="maroon"> <small> &emsp; &emsp;--- 06 Aug 17:09:02 477 - <b>5</b> - Page Load Wait: (Sync) - ICar.support.Utils.waitForPageLoad(Utils.java:109)</small> </font> </div>
&emsp;<div class="test-title"> <strong><font size = "3" color = "#000080">Live-Student is No Show and use before date is today or passed</font> </strong> </div>&emsp;<div><strong>Steps:</strong></div><!-- Report -->&emsp;
<div class="test-event"> <font color="maroon"> <small> &emsp; &emsp;--- 06 Aug 17:09:10 937 - Page URL:: https://i-car--staging.sandbox.my.salesforce.com/</small> </font> </div>
<div class="test-event"> <font color="maroon"> <small> &emsp; &emsp;--- 06 Aug 17:09:10 937 - <b>5</b> - Page Load Wait: (Sync) - ICar.support.Utils.waitForPageLoad(Utils.java:109)</small> </font> </div>
<div class="test-message">&emsp;Successfully navigated to 'Login' Page&emsp;<a href=".\ScreenShot\ICRVirtual_TC39_722196526220900.png" target="_blank" >[ScreenShot]</a></div>
<div class="test-message">&emsp;1. Login page is launched.</div>
<div class="test-event"> <font color="maroon"> <small> &emsp; &emsp;--- 06 Aug 17:09:11 238 - Element is displayed:: [[ChromeDriver: chrome on WINDOWS (3dfbb6f639230650c430ff02fad98246)] -> id: username]</small> </font> </div>
<div class="test-event"> <font color="maroon"> <small> &emsp; &emsp;--- 06 Aug 17:09:11 325 - Element is displayed:: [[ChromeDriver: chrome on WINDOWS (3dfbb6f639230650c430ff02fad98246)] -> id: username]</small> </font> </div>
<div class="test-event"> <font color="maroon"> <small> &emsp; &emsp;--- 06 Aug 17:09:11 611 - Element is displayed:: [[ChromeDriver: chrome on WINDOWS (3dfbb6f639230650c430ff02fad98246)] -> id: password]</small> </font> </div>
<div class="test-event"> <font color="maroon"> <small> &emsp; &emsp;--- 06 Aug 17:09:11 813 - Element is displayed:: [[ChromeDriver: chrome on WINDOWS (3dfbb6f639230650c430ff02fad98246)] -> id: Login]</small> </font> </div>
<div class="test-event"> <font color="maroon"> <small> &emsp; &emsp;--- 06 Aug 17:09:44 317 - Catched spinner load exception due to Expected condition failed: waiting for ICar.support.WaitUtils$4@666cf05d (tried for 13 second(s) with 500 milliseconds interval)</small> </font> </div>
<div class="test-event"> <font color="maroon"> <small> &emsp; &emsp;--- 06 Aug 17:09:44 318 - <b>13</b> - Spinner Load Wait: (Sync) - ICar.support.WaitUtils.waitForSpinner(WaitUtils.java:225)</small> </font> </div>
<div class="test-event"> <font color="maroon"> <small> &emsp; &emsp;--- 06 Aug 17:10:02 131 - Catched spinner load exception due to Expected condition failed: waiting for ICar.support.WaitUtils$4@666cf05d (tried for 6 second(s) with 500 milliseconds interval)</small> </font> </div>
<div class="test-event"> <font color="maroon"> <small> &emsp; &emsp;--- 06 Aug 17:10:02 131 - <b>6</b> - Spinner Load Wait: (Sync) - ICar.support.WaitUtils.waitForSpinner(WaitUtils.java:225)</small> </font> </div>
<div class="test-event"> <font color="maroon"> <small> &emsp; &emsp;--- 06 Aug 17:10:02 229 - Element is displayed:: [[ChromeDriver: chrome on WINDOWS (3dfbb6f639230650c430ff02fad98246)] -> css selector: button[class*='search-button']]</small> </font> </div>
<div class="test-message">&emsp;2. Navigate to 'SalesForce Page'</div>
<div class="test-message">&emsp;Successfully navigated to 'Login' Page&emsp;<a href=".\ScreenShot\ICRVirtual_TC39_722247812116000.png" target="_blank" >[ScreenShot]</a></div>
<div class="test-message">&emsp;3. Enter the user credentials as : icaradminautomation1@i-car.com.staging</div>
<div class="test-event"> <font color="maroon"> <small> &emsp; &emsp;--- 06 Aug 17:10:08 112 - Page URL:: https://i-car--staging.sandbox.lightning.force.com/lightning/r/ccrz__e_invoice__c/a0mvc000000pswjyae/view?ws=%2flightning%2fr%2fsked__job__c%2fa2mvc000000bvknyae%2fview</small> </font> </div>
<div class="test-event"> <font color="maroon"> <small> &emsp; &emsp;--- 06 Aug 17:10:08 112 - <b>5</b> - Page Load Wait: (Sync) - ICar.support.Utils.waitForPageLoad(Utils.java:109)</small> </font> </div>
<div class="test-event"> <font color="maroon"> <small> &emsp; &emsp;--- 06 Aug 17:10:18 690 - Page URL:: https://i-car--staging.sandbox.lightning.force.com/lightning/r/ccrz__e_invoice__c/a0mvc000000pswjyae/view?ws=%2flightning%2fr%2fsked__job__c%2fa2mvc000000bvknyae%2fview</small> </font> </div>
<div class="test-event"> <font color="maroon"> <small> &emsp; &emsp;--- 06 Aug 17:10:18 691 - <b>5</b> - Page Load Wait: (Sync) - ICar.support.Utils.waitForPageLoad(Utils.java:109)</small> </font> </div>
<div class="test-event"> <font color="maroon"> <small> &emsp; &emsp;--- 06 Aug 17:10:39 915 - Catched spinner load exception due to Expected condition failed: waiting for ICar.support.WaitUtils$4@666cf05d (tried for 5 second(s) with 500 milliseconds interval)</small> </font> </div>
<div class="test-event"> <font color="maroon"> <small> &emsp; &emsp;--- 06 Aug 17:10:39 916 - <b>5</b> - Spinner Load Wait: (Sync) - ICar.support.WaitUtils.waitForSpinner(WaitUtils.java:225)</small> </font> </div>
<div class="test-event"> <font color="maroon"> <small> &emsp; &emsp;--- 06 Aug 17:10:45 277 - Page URL:: https://i-car--staging.sandbox.lightning.force.com/lightning/o/account/list?filtername=__recent</small> </font> </div>
<div class="test-event"> <font color="maroon"> <small> &emsp; &emsp;--- 06 Aug 17:10:45 277 - <b>5</b> - Page Load Wait: (Sync) - ICar.support.Utils.waitForPageLoad(Utils.java:109)</small> </font> </div>
<div class="test-event"> <font color="maroon"> <small> &emsp; &emsp;--- 06 Aug 17:10:45 430 - Element is displayed:: [[ChromeDriver: chrome on WINDOWS (3dfbb6f639230650c430ff02fad98246)] -> xpath: //div[contains(@class,'appLauncher ')]//button]</small> </font> </div>
<div class="test-event"> <font color="maroon"> <small> &emsp; &emsp;--- 06 Aug 17:10:45 491 - Element is displayed:: [[ChromeDriver: chrome on WINDOWS (3dfbb6f639230650c430ff02fad98246)] -> xpath: //div[contains(@class,'appLauncher ')]//button]</small> </font> </div>
<div class="test-event"> <font color="maroon"> <small> &emsp; &emsp;--- 06 Aug 17:10:47 320 - Element is displayed:: [[ChromeDriver: chrome on WINDOWS (3dfbb6f639230650c430ff02fad98246)] -> xpath: //input[@placeholder='Search apps and items...']]</small> </font> </div>
<div class="test-event"> <font color="maroon"> <small> &emsp; &emsp;--- 06 Aug 17:10:47 449 - Element is displayed:: [[ChromeDriver: chrome on WINDOWS (3dfbb6f639230650c430ff02fad98246)] -> xpath: //input[@placeholder='Search apps and items...']]</small> </font> </div>
<div class="test-event"> <font color="maroon"> <small> &emsp; &emsp;--- 06 Aug 17:10:50 774 - Element is displayed:: [[ChromeDriver: chrome on WINDOWS (3dfbb6f639230650c430ff02fad98246)] -> xpath: //lightning-formatted-rich-text/span/p/b[text()='Session Scheduling Console']]</small> </font> </div>
<div class="test-event"> <font color="maroon"> <small> &emsp; &emsp;--- 06 Aug 17:10:53 824 - Element is displayed:: [[ChromeDriver: chrome on WINDOWS (3dfbb6f639230650c430ff02fad98246)] -> xpath: //lightning-formatted-rich-text/span/p/b[text()='Session Scheduling Console']]</small> </font> </div>
<div class="test-event"> <font color="maroon"> <small> &emsp; &emsp;--- 06 Aug 17:10:59 187 - Page URL:: https://i-car--staging.sandbox.lightning.force.com/lightning/n/session_scheduling_console</small> </font> </div>
<div class="test-event"> <font color="maroon"> <small> &emsp; &emsp;--- 06 Aug 17:10:59 188 - <b>5</b> - Page Load Wait: (Sync) - ICar.support.Utils.waitForPageLoad(Utils.java:109)</small> </font> </div>
<div class="test-event"> <font color="maroon"> <small> &emsp; &emsp;--- 06 Aug 17:11:09 682 - Catched spinner load exception due to Expected condition failed: waiting for ICar.support.WaitUtils$4@666cf05d (tried for 10 second(s) with 500 milliseconds interval)</small> </font> </div>
<div class="test-event"> <font color="maroon"> <small> &emsp; &emsp;--- 06 Aug 17:11:09 682 - <b>10</b> - Spinner Load Wait: (Sync) - ICar.support.WaitUtils.waitForSpinner(WaitUtils.java:225)</small> </font> </div>
<div class="test-event"> <font color="maroon"> <small> &emsp; &emsp;--- 06 Aug 17:11:14 920 - Page URL:: https://i-car--staging.sandbox.lightning.force.com/lightning/n/session_scheduling_console</small> </font> </div>
<div class="test-event"> <font color="maroon"> <small> &emsp; &emsp;--- 06 Aug 17:11:14 920 - <b>5</b> - Page Load Wait: (Sync) - ICar.support.Utils.waitForPageLoad(Utils.java:109)</small> </font> </div>
<div class="test-event"> <font color="maroon"> <small> &emsp; &emsp;--- 06 Aug 17:11:35 314 - Catched spinner load exception due to Expected condition failed: waiting for ICar.support.WaitUtils$4@666cf05d (tried for 20 second(s) with 500 milliseconds interval)</small> </font> </div>
<div class="test-event"> <font color="maroon"> <small> &emsp; &emsp;--- 06 Aug 17:11:35 314 - <b>20</b> - Spinner Load Wait: (Sync) - ICar.support.WaitUtils.waitForSpinner(WaitUtils.java:225)</small> </font> </div>
<div class="test-message">&emsp;Total no of frames 1</div>
<div class="test-event"> <font color="maroon"> <small> &emsp; &emsp;--- 06 Aug 17:11:35 436 - Element is displayed:: [[ChromeDriver: chrome on WINDOWS (3dfbb6f639230650c430ff02fad98246)] -> css selector: button[ng-click='$ctrl.addNewSession($event)']]</small> </font> </div>
<div class="test-event"> <font color="maroon"> <small> &emsp; &emsp;--- 06 Aug 17:11:35 507 - Element is displayed:: [[ChromeDriver: chrome on WINDOWS (3dfbb6f639230650c430ff02fad98246)] -> css selector: button[ng-click='$ctrl.addNewSession($event)']]</small> </font> </div>
<div class="test-event"> <font color="maroon"> <small> &emsp; &emsp;--- 06 Aug 17:11:35 838 - Element is displayed:: [[ChromeDriver: chrome on WINDOWS (3dfbb6f639230650c430ff02fad98246)] -> xpath: //select[@name='courseType']]</small> </font> </div>
<div class="test-event"> <font color="maroon"> <small> &emsp; &emsp;--- 06 Aug 17:11:35 949 - Element is displayed:: [[ChromeDriver: chrome on WINDOWS (3dfbb6f639230650c430ff02fad98246)] -> xpath: //select[@name='courseType']]</small> </font> </div>
<div class="test-event"> <font color="maroon"> <small> &emsp; &emsp;--- 06 Aug 17:11:53 343 - Element is displayed:: [[ChromeDriver: chrome on WINDOWS (3dfbb6f639230650c430ff02fad98246)] -> xpath: //label[text()=' Course ']/following-sibling::div/div/input | //label[text()=' Course ']/following-sibling::div//input]</small> </font> </div>
<div class="test-message">&emsp;Entered the course name Air Conditioning System Troubleshooting&emsp;<a href=".\ScreenShot\ICRVirtual_TC39_722359084186000.png" target="_blank" >[ScreenShot]</a></div>
<div class="test-event"> <font color="maroon"> <small> &emsp; &emsp;--- 06 Aug 17:12:03 969 - Element is displayed:: [[ChromeDriver: chrome on WINDOWS (3dfbb6f639230650c430ff02fad98246)] -> xpath: (//div[@class='slds-lookup__menu ng-scope'])//ul[@role='listbox']/li[@ng-repeat='item in searchResults']//span/div/div]</small> </font> </div>
<div class="test-event"> <font color="maroon"> <small> &emsp; &emsp;--- 06 Aug 17:12:09 199 - Element is displayed:: [[ChromeDriver: chrome on WINDOWS (3dfbb6f639230650c430ff02fad98246)] -> css selector: button[ng-click='$ctrl.addJobDay()']]</small> </font> </div>
<div class="test-event"> <font color="maroon"> <small> &emsp; &emsp;--- 06 Aug 17:12:09 268 - Element is displayed:: [[ChromeDriver: chrome on WINDOWS (3dfbb6f639230650c430ff02fad98246)] -> css selector: button[ng-click='$ctrl.addJobDay()']]</small> </font> </div>
<div class="test-event"> <font color="maroon"> <small> &emsp; &emsp;--- 06 Aug 17:12:24 838 - Catched spinner load exception due to Expected condition failed: waiting for ICar.support.WaitUtils$4@666cf05d (tried for 10 second(s) with 500 milliseconds interval)</small> </font> </div>
<div class="test-event"> <font color="maroon"> <small> &emsp; &emsp;--- 06 Aug 17:12:24 838 - <b>10</b> - Spinner Load Wait: (Sync) - ICar.support.WaitUtils.waitForSpinner(WaitUtils.java:225)</small> </font> </div>
<div class="test-event"> <font color="maroon"> <small> &emsp; &emsp;--- 06 Aug 17:12:24 871 - Element is displayed:: [[ChromeDriver: chrome on WINDOWS (3dfbb6f639230650c430ff02fad98246)] -> css selector: div[class*='schedule-box_container']]</small> </font> </div>
<div class="test-message">&emsp;Date entered for sheduling session : 08/13/2024&emsp;<a href=".\ScreenShot\ICRVirtual_TC39_722394714108100.png" target="_blank" >[ScreenShot]</a></div>
<div class="test-event"> <font color="maroon"> <small> &emsp; &emsp;--- 06 Aug 17:12:40 489 - Catched spinner load exception due to Expected condition failed: waiting for ICar.support.WaitUtils$4@666cf05d (tried for 10 second(s) with 500 milliseconds interval)</small> </font> </div>
<div class="test-event"> <font color="maroon"> <small> &emsp; &emsp;--- 06 Aug 17:12:40 489 - <b>10</b> - Spinner Load Wait: (Sync) - ICar.support.WaitUtils.waitForSpinner(WaitUtils.java:225)</small> </font> </div>
<div class="test-event"> <font color="maroon"> <small> &emsp; &emsp;--- 06 Aug 17:12:40 585 - Element is displayed:: [[ChromeDriver: chrome on WINDOWS (3dfbb6f639230650c430ff02fad98246)] -> xpath: //div[@model='job.startTime']//input[contains(@name,'startTime_')]]</small> </font> </div>
<div class="test-event"> <font color="maroon"> <small> &emsp; &emsp;--- 06 Aug 17:12:43 631 - Element is displayed:: [[ChromeDriver: chrome on WINDOWS (3dfbb6f639230650c430ff02fad98246)] -> css selector: div[class*='schedule-box_container']]</small> </font> </div>
<div class="test-event"> <font color="maroon"> <small> &emsp; &emsp;--- 06 Aug 17:12:52 377 - Element is displayed:: [[ChromeDriver: chrome on WINDOWS (3dfbb6f639230650c430ff02fad98246)] -> xpath: (//div[@class='ui-timepicker-wrapper ui-timepicker-positioned-top'])[1] /ul/li]</small> </font> </div>
<div class="test-message">&emsp;Start time entered for sheduling the session is : 08:30 AM&emsp;<a href=".\ScreenShot\ICRVirtual_TC39_722426531512100.png" target="_blank" >[ScreenShot]</a></div>
<div class="test-event"> <font color="maroon"> <small> &emsp; &emsp;--- 06 Aug 17:13:05 253 - Element is displayed:: [[ChromeDriver: chrome on WINDOWS (3dfbb6f639230650c430ff02fad98246)] -> xpath: //button[text()='Save & Allocate Instructor(s)'] | //button[text()=' Save & Allocate Instructor(s) ']]</small> </font> </div>
<div class="test-event"> <font color="maroon"> <small> &emsp; &emsp;--- 06 Aug 17:13:12 791 - Catched spinner load exception due to Expected condition failed: waiting for ICar.support.WaitUtils$4@666cf05d (tried for 7 second(s) with 500 milliseconds interval)</small> </font> </div>
<div class="test-event"> <font color="maroon"> <small> &emsp; &emsp;--- 06 Aug 17:13:12 791 - <b>7</b> - Spinner Load Wait: (Sync) - ICar.support.WaitUtils.waitForSpinner(WaitUtils.java:225)</small> </font> </div>
<div class="test-event"> <font color="maroon"> <small> &emsp; &emsp;--- 06 Aug 17:13:28 019 - Page URL:: https://i-car--staging.sandbox.lightning.force.com/lightning/n/session_scheduling_console</small> </font> </div>
<div class="test-event"> <font color="maroon"> <small> &emsp; &emsp;--- 06 Aug 17:13:28 019 - <b>5</b> - Page Load Wait: (Sync) - ICar.support.Utils.waitForPageLoad(Utils.java:109)</small> </font> </div>
<div class="test-event"> <font color="maroon"> <small> &emsp; &emsp;--- 06 Aug 17:13:48 309 - Catched spinner load exception due to Expected condition failed: waiting for ICar.support.WaitUtils$4@666cf05d (tried for 20 second(s) with 500 milliseconds interval)</small> </font> </div>
<div class="test-event"> <font color="maroon"> <small> &emsp; &emsp;--- 06 Aug 17:13:48 310 - <b>20</b> - Spinner Load Wait: (Sync) - ICar.support.WaitUtils.waitForSpinner(WaitUtils.java:225)</small> </font> </div>
<div class="test-event"> <font color="maroon"> <small> &emsp; &emsp;--- 06 Aug 17:13:53 623 - Page URL:: https://i-car--staging.sandbox.lightning.force.com/lightning/n/session_scheduling_console</small> </font> </div>
<div class="test-event"> <font color="maroon"> <small> &emsp; &emsp;--- 06 Aug 17:13:53 624 - <b>5</b> - Page Load Wait: (Sync) - ICar.support.Utils.waitForPageLoad(Utils.java:109)</small> </font> </div>
<div class="test-event"> <font color="maroon"> <small> &emsp; &emsp;--- 06 Aug 17:14:16 339 - Element is displayed:: [[ChromeDriver: chrome on WINDOWS (3dfbb6f639230650c430ff02fad98246)] -> xpath: //button[text()='Save & Dispatch']]</small> </font> </div>
<div class="test-event"> <font color="maroon"> <small> &emsp; &emsp;--- 06 Aug 17:14:24 612 - Page URL:: https://i-car--staging.sandbox.lightning.force.com/lightning/n/session_scheduling_console</small> </font> </div>
<div class="test-event"> <font color="maroon"> <small> &emsp; &emsp;--- 06 Aug 17:14:24 612 - <b>5</b> - Page Load Wait: (Sync) - ICar.support.Utils.waitForPageLoad(Utils.java:109)</small> </font> </div>
<div class="test-event"> <font color="maroon"> <small> &emsp; &emsp;--- 06 Aug 17:14:35 033 - Catched spinner load exception due to Expected condition failed: waiting for ICar.support.WaitUtils$4@666cf05d (tried for 10 second(s) with 500 milliseconds interval)</small> </font> </div>
<div class="test-event"> <font color="maroon"> <small> &emsp; &emsp;--- 06 Aug 17:14:35 033 - <b>10</b> - Spinner Load Wait: (Sync) - ICar.support.WaitUtils.waitForSpinner(WaitUtils.java:225)</small> </font> </div>
<div class="test-message">&emsp;8. created job id:-JOB-97292</div>
<div class="test-event"> <font color="maroon"> <small> &emsp; &emsp;--- 06 Aug 17:14:51 347 - Page URL:: https://i-car--staging.sandbox.lightning.force.com/lightning/n/session_scheduling_console</small> </font> </div>
<div class="test-event"> <font color="maroon"> <small> &emsp; &emsp;--- 06 Aug 17:14:51 347 - <b>5</b> - Page Load Wait: (Sync) - ICar.support.Utils.waitForPageLoad(Utils.java:109)</small> </font> </div>
<div class="test-event"> <font color="maroon"> <small> &emsp; &emsp;--- 06 Aug 17:15:01 536 - Page URL:: https://i-car--staging.sandbox.lightning.force.com/lightning/n/session_scheduling_console</small> </font> </div>
<div class="test-event"> <font color="maroon"> <small> &emsp; &emsp;--- 06 Aug 17:15:01 536 - <b>5</b> - Page Load Wait: (Sync) - ICar.support.Utils.waitForPageLoad(Utils.java:109)</small> </font> </div>
<div class="test-message">&emsp;Close the tab</div>
<div class="test-event"> <font color="maroon"> <small> &emsp; &emsp;--- 06 Aug 17:15:24 147 - Page URL:: https://i-car--staging.sandbox.lightning.force.com/lightning/n/session_scheduling_console</small> </font> </div>
<div class="test-event"> <font color="maroon"> <small> &emsp; &emsp;--- 06 Aug 17:15:24 147 - <b>5</b> - Page Load Wait: (Sync) - ICar.support.Utils.waitForPageLoad(Utils.java:109)</small> </font> </div>
<div class="test-event"> <font color="maroon"> <small> &emsp; &emsp;--- 06 Aug 17:15:24 200 - Element is displayed:: [[ChromeDriver: chrome on WINDOWS (3dfbb6f639230650c430ff02fad98246)] -> css selector: button[class*='search-button']]</small> </font> </div>
<div class="test-event"> <font color="maroon"> <small> &emsp; &emsp;--- 06 Aug 17:15:26 408 - Catched spinner load exception due to Expected condition failed: waiting for ICar.support.WaitUtils$4@666cf05d (tried for 2 second(s) with 500 milliseconds interval)</small> </font> </div>
<div class="test-event"> <font color="maroon"> <small> &emsp; &emsp;--- 06 Aug 17:15:26 408 - <b>2</b> - Spinner Load Wait: (Sync) - ICar.support.WaitUtils.waitForSpinner(WaitUtils.java:225)</small> </font> </div>
<div class="test-event"> <font color="maroon"> <small> &emsp; &emsp;--- 06 Aug 17:15:29 481 - Element is displayed:: [[ChromeDriver: chrome on WINDOWS (3dfbb6f639230650c430ff02fad98246)] -> css selector: button[class*='search-button']]</small> </font> </div>
<div class="test-event"> <font color="maroon"> <small> &emsp; &emsp;--- 06 Aug 17:15:34 914 - Page URL:: https://i-car--staging.sandbox.lightning.force.com/lightning/n/session_scheduling_console</small> </font> </div>
<div class="test-event"> <font color="maroon"> <small> &emsp; &emsp;--- 06 Aug 17:15:34 914 - <b>5</b> - Page Load Wait: (Sync) - ICar.support.Utils.waitForPageLoad(Utils.java:109)</small> </font> </div>
<div class="test-event"> <font color="maroon"> <small> &emsp; &emsp;--- 06 Aug 17:15:54 839 - Catched spinner load exception due to Expected condition failed: waiting for ICar.support.WaitUtils$4@666cf05d (tried for 10 second(s) with 500 milliseconds interval)</small> </font> </div>
<div class="test-event"> <font color="maroon"> <small> &emsp; &emsp;--- 06 Aug 17:15:54 839 - <b>10</b> - Spinner Load Wait: (Sync) - ICar.support.WaitUtils.waitForSpinner(WaitUtils.java:225)</small> </font> </div>
<div class="test-event"> <font color="maroon"> <small> &emsp; &emsp;--- 06 Aug 17:16:00 247 - Page URL:: https://i-car--staging.sandbox.lightning.force.com/one/one.app#eyjjb21wb25lbnrezwyioijmb3jjzvnlyxjjadpzzwfyy2hqywdlrgvza3rvccisimf0dhjpynv0zxmionsidgvybsi6ikppqi05nzi5miisinnjb3bltwfwijp7inr5cguioijut1bfukvtvuxuuyisim5hbwvzcgfjzsi6iiisimxhymvsijoivg9wifjlc3vsdhmilcjsywjlbfbsdxjhbci6ilrvccbszxn1bhrziiwicmvzdwx0c0ntcci6imzvcmnlu2vhcmnoonbyzwrpy3rlzfjlc3vsdhmifswiy29udgv4dci6eyjgsuxurvjtijp7fswic2vhcmnou291cmnlijoiqvntsvnuqu5ux0rjquxpryisimrpc2fibgvjbnrlbnrrdwvyesi6zmfsc2usimrpc2fibgvtcgvsbenvcnjly3rpb24iomzhbhnllcjzzwfyy2heawfsb2dtzxnzaw9uswqioijlmwq1ytmzmy0xnjrhlwm0m2itotuyzi1hotjmnji1ymrjndqilcjkzwj1z0luzm8ionsiyxbwtmftzsi6ikldyxjfu2vydmljzv9db25zb2xliiwiyxbwvhlwzsi6iknvbnnvbguilcjhchboyw1lc3bhy2uioijjiiwibg9jyxrpb24ioijvbmu6ywxvagfqywdliiwic29iamvjdfr5cguioijtzxnzaw9ux1njagvkdwxpbmdfq29uc29szsj9fswiz3jvdxbjzci6ikrfrkfvtfqifswic3rhdguiont9fq%3d%3d</small> </font> </div>
<div class="test-event"> <font color="maroon"> <small> &emsp; &emsp;--- 06 Aug 17:16:00 248 - <b>5</b> - Page Load Wait: (Sync) - ICar.support.Utils.waitForPageLoad(Utils.java:109)</small> </font> </div>
<div class="test-event"> <font color="maroon"> <small> &emsp; &emsp;--- 06 Aug 17:16:11 664 - Catched spinner load exception due to Expected condition failed: waiting for ICar.support.WaitUtils$4@666cf05d (tried for 11 second(s) with 500 milliseconds interval)</small> </font> </div>
<div class="test-event"> <font color="maroon"> <small> &emsp; &emsp;--- 06 Aug 17:16:11 664 - <b>11</b> - Spinner Load Wait: (Sync) - ICar.support.WaitUtils.waitForSpinner(WaitUtils.java:225)</small> </font> </div>
<div class="test-event"> <font color="maroon"> <small> &emsp; &emsp;--- 06 Aug 17:16:17 101 - Page URL:: https://i-car--staging.sandbox.lightning.force.com/one/one.app#eyjjb21wb25lbnrezwyioijmb3jjzvnlyxjjadpzzwfyy2hqywdlrgvza3rvccisimf0dhjpynv0zxmionsidgvybsi6ikppqi05nzi5miisinnjb3bltwfwijp7inr5cguioijut1bfukvtvuxuuyisim5hbwvzcgfjzsi6iiisimxhymvsijoivg9wifjlc3vsdhmilcjsywjlbfbsdxjhbci6ilrvccbszxn1bhrziiwicmvzdwx0c0ntcci6imzvcmnlu2vhcmnoonbyzwrpy3rlzfjlc3vsdhmifswiy29udgv4dci6eyjgsuxurvjtijp7fswic2vhcmnou291cmnlijoiqvntsvnuqu5ux0rjquxpryisimrpc2fibgvjbnrlbnrrdwvyesi6zmfsc2usimrpc2fibgvtcgvsbenvcnjly3rpb24iomzhbhnllcjzzwfyy2heawfsb2dtzxnzaw9uswqioijlmwq1ytmzmy0xnjrhlwm0m2itotuyzi1hotjmnji1ymrjndqilcjkzwj1z0luzm8ionsiyxbwtmftzsi6ikldyxjfu2vydmljzv9db25zb2xliiwiyxbwvhlwzsi6iknvbnnvbguilcjhchboyw1lc3bhy2uioijjiiwibg9jyxrpb24ioijvbmu6ywxvagfqywdliiwic29iamvjdfr5cguioijtzxnzaw9ux1njagvkdwxpbmdfq29uc29szsj9fswiz3jvdxbjzci6ikrfrkfvtfqifswic3rhdguiont9fq%3d%3d</small> </font> </div>
<div class="test-event"> <font color="maroon"> <small> &emsp; &emsp;--- 06 Aug 17:16:17 102 - <b>5</b> - Page Load Wait: (Sync) - ICar.support.Utils.waitForPageLoad(Utils.java:109)</small> </font> </div>
<div class="test-event"> <font color="maroon"> <small> &emsp; &emsp;--- 06 Aug 17:16:17 175 - Element is displayed:: [[ChromeDriver: chrome on WINDOWS (3dfbb6f639230650c430ff02fad98246)] -> xpath: //a[@title='Top Results']//span[text()='Top Results']]</small> </font> </div>
<div class="test-event"> <font color="maroon"> <small> &emsp; &emsp;--- 06 Aug 17:16:22 612 - Page URL:: https://i-car--staging.sandbox.lightning.force.com/one/one.app#eyjjb21wb25lbnrezwyioijmb3jjzvnlyxjjadpzzwfyy2hqywdlrgvza3rvccisimf0dhjpynv0zxmionsidgvybsi6ikppqi05nzi5miisinnjb3bltwfwijp7inr5cguioijut1bfukvtvuxuuyisim5hbwvzcgfjzsi6iiisimxhymvsijoivg9wifjlc3vsdhmilcjsywjlbfbsdxjhbci6ilrvccbszxn1bhrziiwicmvzdwx0c0ntcci6imzvcmnlu2vhcmnoonbyzwrpy3rlzfjlc3vsdhmifswiy29udgv4dci6eyjgsuxurvjtijp7fswic2vhcmnou291cmnlijoiqvntsvnuqu5ux0rjquxpryisimrpc2fibgvjbnrlbnrrdwvyesi6zmfsc2usimrpc2fibgvtcgvsbenvcnjly3rpb24iomzhbhnllcjzzwfyy2heawfsb2dtzxnzaw9uswqioijlmwq1ytmzmy0xnjrhlwm0m2itotuyzi1hotjmnji1ymrjndqilcjkzwj1z0luzm8ionsiyxbwtmftzsi6ikldyxjfu2vydmljzv9db25zb2xliiwiyxbwvhlwzsi6iknvbnnvbguilcjhchboyw1lc3bhy2uioijjiiwibg9jyxrpb24ioijvbmu6ywxvagfqywdliiwic29iamvjdfr5cguioijtzxnzaw9ux1njagvkdwxpbmdfq29uc29szsj9fswiz3jvdxbjzci6ikrfrkfvtfqifswic3rhdguiont9fq%3d%3d</small> </font> </div>
<div class="test-event"> <font color="maroon"> <small> &emsp; &emsp;--- 06 Aug 17:16:22 612 - <b>5</b> - Page Load Wait: (Sync) - ICar.support.Utils.waitForPageLoad(Utils.java:109)</small> </font> </div>
<div class="test-event"> <font color="maroon"> <small> &emsp; &emsp;--- 06 Aug 17:16:27 843 - Catched spinner load exception due to Expected condition failed: waiting for ICar.support.WaitUtils$4@666cf05d (tried for 5 second(s) with 500 milliseconds interval)</small> </font> </div>
<div class="test-event"> <font color="maroon"> <small> &emsp; &emsp;--- 06 Aug 17:16:27 843 - <b>5</b> - Spinner Load Wait: (Sync) - ICar.support.WaitUtils.waitForSpinner(WaitUtils.java:225)</small> </font> </div>
<div class="test-event"> <font color="maroon"> <small> &emsp; &emsp;--- 06 Aug 17:16:33 262 - Page URL:: https://i-car--staging.sandbox.lightning.force.com/one/one.app#eyjjb21wb25lbnrezwyioijmb3jjzvnlyxjjadpzzwfyy2hqywdlrgvza3rvccisimf0dhjpynv0zxmionsidgvybsi6ikppqi05nzi5miisinnjb3bltwfwijp7inr5cguioijut1bfukvtvuxuuyisim5hbwvzcgfjzsi6iiisimxhymvsijoivg9wifjlc3vsdhmilcjsywjlbfbsdxjhbci6ilrvccbszxn1bhrziiwicmvzdwx0c0ntcci6imzvcmnlu2vhcmnoonbyzwrpy3rlzfjlc3vsdhmifswiy29udgv4dci6eyjgsuxurvjtijp7fswic2vhcmnou291cmnlijoiqvntsvnuqu5ux0rjquxpryisimrpc2fibgvjbnrlbnrrdwvyesi6zmfsc2usimrpc2fibgvtcgvsbenvcnjly3rpb24iomzhbhnllcjzzwfyy2heawfsb2dtzxnzaw9uswqioijlmwq1ytmzmy0xnjrhlwm0m2itotuyzi1hotjmnji1ymrjndqilcjkzwj1z0luzm8ionsiyxbwtmftzsi6ikldyxjfu2vydmljzv9db25zb2xliiwiyxbwvhlwzsi6iknvbnnvbguilcjhchboyw1lc3bhy2uioijjiiwibg9jyxrpb24ioijvbmu6ywxvagfqywdliiwic29iamvjdfr5cguioijtzxnzaw9ux1njagvkdwxpbmdfq29uc29szsj9fswiz3jvdxbjzci6ikrfrkfvtfqifswic3rhdguiont9fq%3d%3d</small> </font> </div>
<div class="test-event"> <font color="maroon"> <small> &emsp; &emsp;--- 06 Aug 17:16:33 262 - <b>5</b> - Page Load Wait: (Sync) - ICar.support.Utils.waitForPageLoad(Utils.java:109)</small> </font> </div>
<div class="test-event"> <font color="maroon"> <small> &emsp; &emsp;--- 06 Aug 17:16:38 656 - Page URL:: https://i-car--staging.sandbox.lightning.force.com/one/one.app#eyjjb21wb25lbnrezwyioijmb3jjzvnlyxjjadpzzwfyy2hqywdlrgvza3rvccisimf0dhjpynv0zxmionsidgvybsi6ikppqi05nzi5miisinnjb3bltwfwijp7inr5cguioijut1bfukvtvuxuuyisim5hbwvzcgfjzsi6iiisimxhymvsijoivg9wifjlc3vsdhmilcjsywjlbfbsdxjhbci6ilrvccbszxn1bhrziiwicmvzdwx0c0ntcci6imzvcmnlu2vhcmnoonbyzwrpy3rlzfjlc3vsdhmifswiy29udgv4dci6eyjgsuxurvjtijp7fswic2vhcmnou291cmnlijoiqvntsvnuqu5ux0rjquxpryisimrpc2fibgvjbnrlbnrrdwvyesi6zmfsc2usimrpc2fibgvtcgvsbenvcnjly3rpb24iomzhbhnllcjzzwfyy2heawfsb2dtzxnzaw9uswqioijlmwq1ytmzmy0xnjrhlwm0m2itotuyzi1hotjmnji1ymrjndqilcjkzwj1z0luzm8ionsiyxbwtmftzsi6ikldyxjfu2vydmljzv9db25zb2xliiwiyxbwvhlwzsi6iknvbnnvbguilcjhchboyw1lc3bhy2uioijjiiwibg9jyxrpb24ioijvbmu6ywxvagfqywdliiwic29iamvjdfr5cguioijtzxnzaw9ux1njagvkdwxpbmdfq29uc29szsj9fswiz3jvdxbjzci6ikrfrkfvtfqifswic3rhdguiont9fq%3d%3d</small> </font> </div>
<div class="test-event"> <font color="maroon"> <small> &emsp; &emsp;--- 06 Aug 17:16:38 656 - <b>5</b> - Page Load Wait: (Sync) - ICar.support.Utils.waitForPageLoad(Utils.java:109)</small> </font> </div>
<div class="test-message">&emsp;Searched job idJOB-97292</div>
<div class="test-event"> <font color="maroon"> <small> &emsp; &emsp;--- 06 Aug 17:16:44 076 - Page URL:: https://i-car--staging.sandbox.lightning.force.com/one/one.app#eyjjb21wb25lbnrezwyioijmb3jjzvnlyxjjadpzzwfyy2hqywdlrgvza3rvccisimf0dhjpynv0zxmionsidgvybsi6ikppqi05nzi5miisinnjb3bltwfwijp7inr5cguioijut1bfukvtvuxuuyisim5hbwvzcgfjzsi6iiisimxhymvsijoivg9wifjlc3vsdhmilcjsywjlbfbsdxjhbci6ilrvccbszxn1bhrziiwicmvzdwx0c0ntcci6imzvcmnlu2vhcmnoonbyzwrpy3rlzfjlc3vsdhmifswiy29udgv4dci6eyjgsuxurvjtijp7fswic2vhcmnou291cmnlijoiqvntsvnuqu5ux0rjquxpryisimrpc2fibgvjbnrlbnrrdwvyesi6zmfsc2usimrpc2fibgvtcgvsbenvcnjly3rpb24iomzhbhnllcjzzwfyy2heawfsb2dtzxnzaw9uswqioijlmwq1ytmzmy0xnjrhlwm0m2itotuyzi1hotjmnji1ymrjndqilcjkzwj1z0luzm8ionsiyxbwtmftzsi6ikldyxjfu2vydmljzv9db25zb2xliiwiyxbwvhlwzsi6iknvbnnvbguilcjhchboyw1lc3bhy2uioijjiiwibg9jyxrpb24ioijvbmu6ywxvagfqywdliiwic29iamvjdfr5cguioijtzxnzaw9ux1njagvkdwxpbmdfq29uc29szsj9fswiz3jvdxbjzci6ikrfrkfvtfqifswic3rhdguiont9fq%3d%3d</small> </font> </div>
<div class="test-event"> <font color="maroon"> <small> &emsp; &emsp;--- 06 Aug 17:16:44 076 - <b>5</b> - Page Load Wait: (Sync) - ICar.support.Utils.waitForPageLoad(Utils.java:109)</small> </font> </div>
<div class="test-event"> <font color="maroon"> <small> &emsp; &emsp;--- 06 Aug 17:16:54 208 - Element is displayed:: [[ChromeDriver: chrome on WINDOWS (3dfbb6f639230650c430ff02fad98246)] -> xpath: //div[contains(@id,'brandBand_')]/div/div/div[2]//table/tbody/tr/th/span/a|//span[@class='slds-grid slds-grid_align-spread']/div/lightning-primitive-custom-cell/force-lookup/div/a]</small> </font> </div>
<div class="test-message">&emsp;Clicked job id</div>
<div class="test-event"> <font color="maroon"> <small> &emsp; &emsp;--- 06 Aug 17:16:59 950 - Page URL:: https://i-car--staging.sandbox.lightning.force.com/lightning/r/sked__job__c/a2mvc000000bvutyau/view</small> </font> </div>
<div class="test-event"> <font color="maroon"> <small> &emsp; &emsp;--- 06 Aug 17:16:59 950 - <b>5</b> - Page Load Wait: (Sync) - ICar.support.Utils.waitForPageLoad(Utils.java:109)</small> </font> </div>
<div class="test-event"> <font color="maroon"> <small> &emsp; &emsp;--- 06 Aug 17:17:15 207 - Catched spinner load exception due to Expected condition failed: waiting for ICar.support.WaitUtils$4@666cf05d (tried for 15 second(s) with 500 milliseconds interval)</small> </font> </div>
<div class="test-event"> <font color="maroon"> <small> &emsp; &emsp;--- 06 Aug 17:17:15 207 - <b>15</b> - Spinner Load Wait: (Sync) - ICar.support.WaitUtils.waitForSpinner(WaitUtils.java:225)</small> </font> </div>
<div class="test-event"> <font color="maroon"> <small> &emsp; &emsp;--- 06 Aug 17:17:20 638 - Page URL:: https://i-car--staging.sandbox.lightning.force.com/lightning/r/sked__job__c/a2mvc000000bvutyau/view</small> </font> </div>
<div class="test-event"> <font color="maroon"> <small> &emsp; &emsp;--- 06 Aug 17:17:20 639 - <b>5</b> - Page Load Wait: (Sync) - ICar.support.Utils.waitForPageLoad(Utils.java:109)</small> </font> </div>
<div class="test-event"> <font color="maroon"> <small> &emsp; &emsp;--- 06 Aug 17:17:20 736 - Element is displayed:: [[ChromeDriver: chrome on WINDOWS (3dfbb6f639230650c430ff02fad98246)] -> xpath: //span[text()='Start']/ancestor::div[contains(@class,'test-id__field-label-container')]//following::div[1]//span//slot//lightning-formatted-text]</small> </font> </div>
<div class="test-message">&emsp;Start Date from the job:8/12/2024 8:00 AM&emsp;<a href=".\ScreenShot\ICRVirtual_TC39_722690465593300.png" target="_blank" >[ScreenShot]</a></div>
<div class="test-message">&emsp;Finish Date from the job:8/12/2024 9:00 AM&emsp;<a href=".\ScreenShot\ICRVirtual_TC39_722690787011000.png" target="_blank" >[ScreenShot]</a></div>
<div class="test-event"> <font color="maroon"> <small> &emsp; &emsp;--- 06 Aug 17:17:30 840 - Page URL:: https://i-car--staging.sandbox.lightning.force.com/lightning/r/sked__job__c/a2mvc000000bvutyau/view</small> </font> </div>
<div class="test-event"> <font color="maroon"> <small> &emsp; &emsp;--- 06 Aug 17:17:30 841 - <b>5</b> - Page Load Wait: (Sync) - ICar.support.Utils.waitForPageLoad(Utils.java:109)</small> </font> </div>
<div class="test-event"> <font color="maroon"> <small> &emsp; &emsp;--- 06 Aug 17:17:46 170 - Catched spinner load exception due to Expected condition failed: waiting for ICar.support.WaitUtils$4@666cf05d (tried for 15 second(s) with 500 milliseconds interval)</small> </font> </div>
<div class="test-event"> <font color="maroon"> <small> &emsp; &emsp;--- 06 Aug 17:17:46 170 - <b>15</b> - Spinner Load Wait: (Sync) - ICar.support.WaitUtils.waitForSpinner(WaitUtils.java:225)</small> </font> </div>
<div class="test-event"> <font color="maroon"> <small> &emsp; &emsp;--- 06 Aug 17:17:51 665 - Page URL:: https://i-car--staging.sandbox.lightning.force.com/lightning/r/sked__job__c/a2mvc000000bvutyau/view</small> </font> </div>
<div class="test-event"> <font color="maroon"> <small> &emsp; &emsp;--- 06 Aug 17:17:51 666 - <b>5</b> - Page Load Wait: (Sync) - ICar.support.Utils.waitForPageLoad(Utils.java:109)</small> </font> </div>
<div class="test-event"> <font color="maroon"> <small> &emsp; &emsp;--- 06 Aug 17:17:53 801 - Element is displayed:: [[ChromeDriver: chrome on WINDOWS (3dfbb6f639230650c430ff02fad98246)] -> xpath: //a[text()='Related']]</small> </font> </div>
<div class="test-event"> <font color="maroon"> <small> &emsp; &emsp;--- 06 Aug 17:17:53 856 - Element is displayed:: [[ChromeDriver: chrome on WINDOWS (3dfbb6f639230650c430ff02fad98246)] -> xpath: //a[text()='Related']]</small> </font> </div>
<div class="test-event"> <font color="maroon"> <small> &emsp; &emsp;--- 06 Aug 17:18:04 055 - Catched spinner load exception due to Expected condition failed: waiting for ICar.support.WaitUtils$4@666cf05d (tried for 10 second(s) with 500 milliseconds interval)</small> </font> </div>
<div class="test-event"> <font color="maroon"> <small> &emsp; &emsp;--- 06 Aug 17:18:04 055 - <b>10</b> - Spinner Load Wait: (Sync) - ICar.support.WaitUtils.waitForSpinner(WaitUtils.java:225)</small> </font> </div>
<div class="test-message">&emsp;Clicked on job id related tab</div>
<div class="test-event"> <font color="maroon"> <small> &emsp; &emsp;--- 06 Aug 17:18:09 854 - Page URL:: https://i-car--staging.sandbox.lightning.force.com/lightning/r/sked__job__c/a2mvc000000bvutyau/view</small> </font> </div>
<div class="test-event"> <font color="maroon"> <small> &emsp; &emsp;--- 06 Aug 17:18:09 855 - <b>5</b> - Page Load Wait: (Sync) - ICar.support.Utils.waitForPageLoad(Utils.java:109)</small> </font> </div>
<div class="test-event"> <font color="maroon"> <small> &emsp; &emsp;--- 06 Aug 17:18:30 255 - Catched spinner load exception due to Expected condition failed: waiting for ICar.support.WaitUtils$4@666cf05d (tried for 20 second(s) with 500 milliseconds interval)</small> </font> </div>
<div class="test-event"> <font color="maroon"> <small> &emsp; &emsp;--- 06 Aug 17:18:30 255 - <b>20</b> - Spinner Load Wait: (Sync) - ICar.support.WaitUtils.waitForSpinner(WaitUtils.java:225)</small> </font> </div>
<div class="test-event"> <font color="maroon"> <small> &emsp; &emsp;--- 06 Aug 17:18:36 006 - Page URL:: https://i-car--staging.sandbox.lightning.force.com/lightning/r/sked__job__c/a2mvc000000bvutyau/view</small> </font> </div>
<div class="test-event"> <font color="maroon"> <small> &emsp; &emsp;--- 06 Aug 17:18:36 006 - <b>5</b> - Page Load Wait: (Sync) - ICar.support.Utils.waitForPageLoad(Utils.java:109)</small> </font> </div>
<div class="test-event"> <font color="maroon"> <small> &emsp; &emsp;--- 06 Aug 17:18:56 301 - Catched spinner load exception due to Expected condition failed: waiting for ICar.support.WaitUtils$4@666cf05d (tried for 20 second(s) with 500 milliseconds interval)</small> </font> </div>
<div class="test-event"> <font color="maroon"> <small> &emsp; &emsp;--- 06 Aug 17:18:56 301 - <b>20</b> - Spinner Load Wait: (Sync) - ICar.support.WaitUtils.waitForSpinner(WaitUtils.java:225)</small> </font> </div>
<!--FAIL-->
<div class="test-result"><br><font color="red"><strong> element click intercepted: Element <span class="slds-truncate slds-m-right--xx-small" lwc-bbqdsgjtbq="" title="...">Job Allocations</span> is not clickable at point (150, 522). Other element would receive the click: <span class="itemTitle slds-truncate" data-aura-rendered-by="997:0">...</span> </strong></font> <a href=".\ScreenShot\ICRVirtual_TC39_722785031559400.png" target="_blank" >[ScreenShot]</a></div>&emsp;
&emsp;<div class="test-title"> <strong><font size = "3" color = "#0000FF">---Test Execution Ends---</font> </strong> </div>&emsp;]]>
    </system-out>
  </testcase> <!-- ICRVirtual_TC39 -->
  <system-out>
    <![CDATA[<div class="test-event"> <font color="maroon"> <small> &emsp; &emsp;--- 06 Aug 17:08:41 274 - TestCaseID:: ICRVirtual_TC39</small> </font> </div>
<div class="test-event"> <font color="maroon"> <small> &emsp; &emsp;--- 06 Aug 17:08:44 506 - <b>3</b> - Driver::initialize::Get - ICar.support.WebDriverFactory.getDriver(WebDriverFactory.java:640)</small> </font> </div>
<div class="test-event"> <font color="maroon"> <small> &emsp; &emsp;--- 06 Aug 17:09:02 476 - Page URL:: data:,</small> </font> </div>
<div class="test-event"> <font color="maroon"> <small> &emsp; &emsp;--- 06 Aug 17:09:02 477 - <b>5</b> - Page Load Wait: (Sync) - ICar.support.Utils.waitForPageLoad(Utils.java:109)</small> </font> </div>
&emsp;<div class="test-title"> <strong><font size = "3" color = "#000080">Live-Student is No Show and use before date is today or passed</font> </strong> </div>&emsp;<div><strong>Steps:</strong></div><!-- Report -->&emsp;
<div class="test-event"> <font color="maroon"> <small> &emsp; &emsp;--- 06 Aug 17:09:10 937 - Page URL:: https://i-car--staging.sandbox.my.salesforce.com/</small> </font> </div>
<div class="test-event"> <font color="maroon"> <small> &emsp; &emsp;--- 06 Aug 17:09:10 937 - <b>5</b> - Page Load Wait: (Sync) - ICar.support.Utils.waitForPageLoad(Utils.java:109)</small> </font> </div>
<div class="test-message">&emsp;Successfully navigated to 'Login' Page&emsp;<a href=".\ScreenShot\ICRVirtual_TC39_722196526220900.png" target="_blank" >[ScreenShot]</a></div>
<div class="test-message">&emsp;1. Login page is launched.</div>
<div class="test-event"> <font color="maroon"> <small> &emsp; &emsp;--- 06 Aug 17:09:11 238 - Element is displayed:: [[ChromeDriver: chrome on WINDOWS (3dfbb6f639230650c430ff02fad98246)] -> id: username]</small> </font> </div>
<div class="test-event"> <font color="maroon"> <small> &emsp; &emsp;--- 06 Aug 17:09:11 325 - Element is displayed:: [[ChromeDriver: chrome on WINDOWS (3dfbb6f639230650c430ff02fad98246)] -> id: username]</small> </font> </div>
<div class="test-event"> <font color="maroon"> <small> &emsp; &emsp;--- 06 Aug 17:09:11 611 - Element is displayed:: [[ChromeDriver: chrome on WINDOWS (3dfbb6f639230650c430ff02fad98246)] -> id: password]</small> </font> </div>
<div class="test-event"> <font color="maroon"> <small> &emsp; &emsp;--- 06 Aug 17:09:11 813 - Element is displayed:: [[ChromeDriver: chrome on WINDOWS (3dfbb6f639230650c430ff02fad98246)] -> id: Login]</small> </font> </div>
<div class="test-event"> <font color="maroon"> <small> &emsp; &emsp;--- 06 Aug 17:09:44 317 - Catched spinner load exception due to Expected condition failed: waiting for ICar.support.WaitUtils$4@666cf05d (tried for 13 second(s) with 500 milliseconds interval)</small> </font> </div>
<div class="test-event"> <font color="maroon"> <small> &emsp; &emsp;--- 06 Aug 17:09:44 318 - <b>13</b> - Spinner Load Wait: (Sync) - ICar.support.WaitUtils.waitForSpinner(WaitUtils.java:225)</small> </font> </div>
<div class="test-event"> <font color="maroon"> <small> &emsp; &emsp;--- 06 Aug 17:10:02 131 - Catched spinner load exception due to Expected condition failed: waiting for ICar.support.WaitUtils$4@666cf05d (tried for 6 second(s) with 500 milliseconds interval)</small> </font> </div>
<div class="test-event"> <font color="maroon"> <small> &emsp; &emsp;--- 06 Aug 17:10:02 131 - <b>6</b> - Spinner Load Wait: (Sync) - ICar.support.WaitUtils.waitForSpinner(WaitUtils.java:225)</small> </font> </div>
<div class="test-event"> <font color="maroon"> <small> &emsp; &emsp;--- 06 Aug 17:10:02 229 - Element is displayed:: [[ChromeDriver: chrome on WINDOWS (3dfbb6f639230650c430ff02fad98246)] -> css selector: button[class*='search-button']]</small> </font> </div>
<div class="test-message">&emsp;2. Navigate to 'SalesForce Page'</div>
<div class="test-message">&emsp;Successfully navigated to 'Login' Page&emsp;<a href=".\ScreenShot\ICRVirtual_TC39_722247812116000.png" target="_blank" >[ScreenShot]</a></div>
<div class="test-message">&emsp;3. Enter the user credentials as : icaradminautomation1@i-car.com.staging</div>
<div class="test-event"> <font color="maroon"> <small> &emsp; &emsp;--- 06 Aug 17:10:08 112 - Page URL:: https://i-car--staging.sandbox.lightning.force.com/lightning/r/ccrz__e_invoice__c/a0mvc000000pswjyae/view?ws=%2flightning%2fr%2fsked__job__c%2fa2mvc000000bvknyae%2fview</small> </font> </div>
<div class="test-event"> <font color="maroon"> <small> &emsp; &emsp;--- 06 Aug 17:10:08 112 - <b>5</b> - Page Load Wait: (Sync) - ICar.support.Utils.waitForPageLoad(Utils.java:109)</small> </font> </div>
<div class="test-event"> <font color="maroon"> <small> &emsp; &emsp;--- 06 Aug 17:10:18 690 - Page URL:: https://i-car--staging.sandbox.lightning.force.com/lightning/r/ccrz__e_invoice__c/a0mvc000000pswjyae/view?ws=%2flightning%2fr%2fsked__job__c%2fa2mvc000000bvknyae%2fview</small> </font> </div>
<div class="test-event"> <font color="maroon"> <small> &emsp; &emsp;--- 06 Aug 17:10:18 691 - <b>5</b> - Page Load Wait: (Sync) - ICar.support.Utils.waitForPageLoad(Utils.java:109)</small> </font> </div>
<div class="test-event"> <font color="maroon"> <small> &emsp; &emsp;--- 06 Aug 17:10:39 915 - Catched spinner load exception due to Expected condition failed: waiting for ICar.support.WaitUtils$4@666cf05d (tried for 5 second(s) with 500 milliseconds interval)</small> </font> </div>
<div class="test-event"> <font color="maroon"> <small> &emsp; &emsp;--- 06 Aug 17:10:39 916 - <b>5</b> - Spinner Load Wait: (Sync) - ICar.support.WaitUtils.waitForSpinner(WaitUtils.java:225)</small> </font> </div>
<div class="test-event"> <font color="maroon"> <small> &emsp; &emsp;--- 06 Aug 17:10:45 277 - Page URL:: https://i-car--staging.sandbox.lightning.force.com/lightning/o/account/list?filtername=__recent</small> </font> </div>
<div class="test-event"> <font color="maroon"> <small> &emsp; &emsp;--- 06 Aug 17:10:45 277 - <b>5</b> - Page Load Wait: (Sync) - ICar.support.Utils.waitForPageLoad(Utils.java:109)</small> </font> </div>
<div class="test-event"> <font color="maroon"> <small> &emsp; &emsp;--- 06 Aug 17:10:45 430 - Element is displayed:: [[ChromeDriver: chrome on WINDOWS (3dfbb6f639230650c430ff02fad98246)] -> xpath: //div[contains(@class,'appLauncher ')]//button]</small> </font> </div>
<div class="test-event"> <font color="maroon"> <small> &emsp; &emsp;--- 06 Aug 17:10:45 491 - Element is displayed:: [[ChromeDriver: chrome on WINDOWS (3dfbb6f639230650c430ff02fad98246)] -> xpath: //div[contains(@class,'appLauncher ')]//button]</small> </font> </div>
<div class="test-event"> <font color="maroon"> <small> &emsp; &emsp;--- 06 Aug 17:10:47 320 - Element is displayed:: [[ChromeDriver: chrome on WINDOWS (3dfbb6f639230650c430ff02fad98246)] -> xpath: //input[@placeholder='Search apps and items...']]</small> </font> </div>
<div class="test-event"> <font color="maroon"> <small> &emsp; &emsp;--- 06 Aug 17:10:47 449 - Element is displayed:: [[ChromeDriver: chrome on WINDOWS (3dfbb6f639230650c430ff02fad98246)] -> xpath: //input[@placeholder='Search apps and items...']]</small> </font> </div>
<div class="test-event"> <font color="maroon"> <small> &emsp; &emsp;--- 06 Aug 17:10:50 774 - Element is displayed:: [[ChromeDriver: chrome on WINDOWS (3dfbb6f639230650c430ff02fad98246)] -> xpath: //lightning-formatted-rich-text/span/p/b[text()='Session Scheduling Console']]</small> </font> </div>
<div class="test-event"> <font color="maroon"> <small> &emsp; &emsp;--- 06 Aug 17:10:53 824 - Element is displayed:: [[ChromeDriver: chrome on WINDOWS (3dfbb6f639230650c430ff02fad98246)] -> xpath: //lightning-formatted-rich-text/span/p/b[text()='Session Scheduling Console']]</small> </font> </div>
<div class="test-event"> <font color="maroon"> <small> &emsp; &emsp;--- 06 Aug 17:10:59 187 - Page URL:: https://i-car--staging.sandbox.lightning.force.com/lightning/n/session_scheduling_console</small> </font> </div>
<div class="test-event"> <font color="maroon"> <small> &emsp; &emsp;--- 06 Aug 17:10:59 188 - <b>5</b> - Page Load Wait: (Sync) - ICar.support.Utils.waitForPageLoad(Utils.java:109)</small> </font> </div>
<div class="test-event"> <font color="maroon"> <small> &emsp; &emsp;--- 06 Aug 17:11:09 682 - Catched spinner load exception due to Expected condition failed: waiting for ICar.support.WaitUtils$4@666cf05d (tried for 10 second(s) with 500 milliseconds interval)</small> </font> </div>
<div class="test-event"> <font color="maroon"> <small> &emsp; &emsp;--- 06 Aug 17:11:09 682 - <b>10</b> - Spinner Load Wait: (Sync) - ICar.support.WaitUtils.waitForSpinner(WaitUtils.java:225)</small> </font> </div>
<div class="test-event"> <font color="maroon"> <small> &emsp; &emsp;--- 06 Aug 17:11:14 920 - Page URL:: https://i-car--staging.sandbox.lightning.force.com/lightning/n/session_scheduling_console</small> </font> </div>
<div class="test-event"> <font color="maroon"> <small> &emsp; &emsp;--- 06 Aug 17:11:14 920 - <b>5</b> - Page Load Wait: (Sync) - ICar.support.Utils.waitForPageLoad(Utils.java:109)</small> </font> </div>
<div class="test-event"> <font color="maroon"> <small> &emsp; &emsp;--- 06 Aug 17:11:35 314 - Catched spinner load exception due to Expected condition failed: waiting for ICar.support.WaitUtils$4@666cf05d (tried for 20 second(s) with 500 milliseconds interval)</small> </font> </div>
<div class="test-event"> <font color="maroon"> <small> &emsp; &emsp;--- 06 Aug 17:11:35 314 - <b>20</b> - Spinner Load Wait: (Sync) - ICar.support.WaitUtils.waitForSpinner(WaitUtils.java:225)</small> </font> </div>
<div class="test-message">&emsp;Total no of frames 1</div>
<div class="test-event"> <font color="maroon"> <small> &emsp; &emsp;--- 06 Aug 17:11:35 436 - Element is displayed:: [[ChromeDriver: chrome on WINDOWS (3dfbb6f639230650c430ff02fad98246)] -> css selector: button[ng-click='$ctrl.addNewSession($event)']]</small> </font> </div>
<div class="test-event"> <font color="maroon"> <small> &emsp; &emsp;--- 06 Aug 17:11:35 507 - Element is displayed:: [[ChromeDriver: chrome on WINDOWS (3dfbb6f639230650c430ff02fad98246)] -> css selector: button[ng-click='$ctrl.addNewSession($event)']]</small> </font> </div>
<div class="test-event"> <font color="maroon"> <small> &emsp; &emsp;--- 06 Aug 17:11:35 838 - Element is displayed:: [[ChromeDriver: chrome on WINDOWS (3dfbb6f639230650c430ff02fad98246)] -> xpath: //select[@name='courseType']]</small> </font> </div>
<div class="test-event"> <font color="maroon"> <small> &emsp; &emsp;--- 06 Aug 17:11:35 949 - Element is displayed:: [[ChromeDriver: chrome on WINDOWS (3dfbb6f639230650c430ff02fad98246)] -> xpath: //select[@name='courseType']]</small> </font> </div>
<div class="test-event"> <font color="maroon"> <small> &emsp; &emsp;--- 06 Aug 17:11:53 343 - Element is displayed:: [[ChromeDriver: chrome on WINDOWS (3dfbb6f639230650c430ff02fad98246)] -> xpath: //label[text()=' Course ']/following-sibling::div/div/input | //label[text()=' Course ']/following-sibling::div//input]</small> </font> </div>
<div class="test-message">&emsp;Entered the course name Air Conditioning System Troubleshooting&emsp;<a href=".\ScreenShot\ICRVirtual_TC39_722359084186000.png" target="_blank" >[ScreenShot]</a></div>
<div class="test-event"> <font color="maroon"> <small> &emsp; &emsp;--- 06 Aug 17:12:03 969 - Element is displayed:: [[ChromeDriver: chrome on WINDOWS (3dfbb6f639230650c430ff02fad98246)] -> xpath: (//div[@class='slds-lookup__menu ng-scope'])//ul[@role='listbox']/li[@ng-repeat='item in searchResults']//span/div/div]</small> </font> </div>
<div class="test-event"> <font color="maroon"> <small> &emsp; &emsp;--- 06 Aug 17:12:09 199 - Element is displayed:: [[ChromeDriver: chrome on WINDOWS (3dfbb6f639230650c430ff02fad98246)] -> css selector: button[ng-click='$ctrl.addJobDay()']]</small> </font> </div>
<div class="test-event"> <font color="maroon"> <small> &emsp; &emsp;--- 06 Aug 17:12:09 268 - Element is displayed:: [[ChromeDriver: chrome on WINDOWS (3dfbb6f639230650c430ff02fad98246)] -> css selector: button[ng-click='$ctrl.addJobDay()']]</small> </font> </div>
<div class="test-event"> <font color="maroon"> <small> &emsp; &emsp;--- 06 Aug 17:12:24 838 - Catched spinner load exception due to Expected condition failed: waiting for ICar.support.WaitUtils$4@666cf05d (tried for 10 second(s) with 500 milliseconds interval)</small> </font> </div>
<div class="test-event"> <font color="maroon"> <small> &emsp; &emsp;--- 06 Aug 17:12:24 838 - <b>10</b> - Spinner Load Wait: (Sync) - ICar.support.WaitUtils.waitForSpinner(WaitUtils.java:225)</small> </font> </div>
<div class="test-event"> <font color="maroon"> <small> &emsp; &emsp;--- 06 Aug 17:12:24 871 - Element is displayed:: [[ChromeDriver: chrome on WINDOWS (3dfbb6f639230650c430ff02fad98246)] -> css selector: div[class*='schedule-box_container']]</small> </font> </div>
<div class="test-message">&emsp;Date entered for sheduling session : 08/13/2024&emsp;<a href=".\ScreenShot\ICRVirtual_TC39_722394714108100.png" target="_blank" >[ScreenShot]</a></div>
<div class="test-event"> <font color="maroon"> <small> &emsp; &emsp;--- 06 Aug 17:12:40 489 - Catched spinner load exception due to Expected condition failed: waiting for ICar.support.WaitUtils$4@666cf05d (tried for 10 second(s) with 500 milliseconds interval)</small> </font> </div>
<div class="test-event"> <font color="maroon"> <small> &emsp; &emsp;--- 06 Aug 17:12:40 489 - <b>10</b> - Spinner Load Wait: (Sync) - ICar.support.WaitUtils.waitForSpinner(WaitUtils.java:225)</small> </font> </div>
<div class="test-event"> <font color="maroon"> <small> &emsp; &emsp;--- 06 Aug 17:12:40 585 - Element is displayed:: [[ChromeDriver: chrome on WINDOWS (3dfbb6f639230650c430ff02fad98246)] -> xpath: //div[@model='job.startTime']//input[contains(@name,'startTime_')]]</small> </font> </div>
<div class="test-event"> <font color="maroon"> <small> &emsp; &emsp;--- 06 Aug 17:12:43 631 - Element is displayed:: [[ChromeDriver: chrome on WINDOWS (3dfbb6f639230650c430ff02fad98246)] -> css selector: div[class*='schedule-box_container']]</small> </font> </div>
<div class="test-event"> <font color="maroon"> <small> &emsp; &emsp;--- 06 Aug 17:12:52 377 - Element is displayed:: [[ChromeDriver: chrome on WINDOWS (3dfbb6f639230650c430ff02fad98246)] -> xpath: (//div[@class='ui-timepicker-wrapper ui-timepicker-positioned-top'])[1] /ul/li]</small> </font> </div>
<div class="test-message">&emsp;Start time entered for sheduling the session is : 08:30 AM&emsp;<a href=".\ScreenShot\ICRVirtual_TC39_722426531512100.png" target="_blank" >[ScreenShot]</a></div>
<div class="test-event"> <font color="maroon"> <small> &emsp; &emsp;--- 06 Aug 17:13:05 253 - Element is displayed:: [[ChromeDriver: chrome on WINDOWS (3dfbb6f639230650c430ff02fad98246)] -> xpath: //button[text()='Save & Allocate Instructor(s)'] | //button[text()=' Save & Allocate Instructor(s) ']]</small> </font> </div>
<div class="test-event"> <font color="maroon"> <small> &emsp; &emsp;--- 06 Aug 17:13:12 791 - Catched spinner load exception due to Expected condition failed: waiting for ICar.support.WaitUtils$4@666cf05d (tried for 7 second(s) with 500 milliseconds interval)</small> </font> </div>
<div class="test-event"> <font color="maroon"> <small> &emsp; &emsp;--- 06 Aug 17:13:12 791 - <b>7</b> - Spinner Load Wait: (Sync) - ICar.support.WaitUtils.waitForSpinner(WaitUtils.java:225)</small> </font> </div>
<div class="test-event"> <font color="maroon"> <small> &emsp; &emsp;--- 06 Aug 17:13:28 019 - Page URL:: https://i-car--staging.sandbox.lightning.force.com/lightning/n/session_scheduling_console</small> </font> </div>
<div class="test-event"> <font color="maroon"> <small> &emsp; &emsp;--- 06 Aug 17:13:28 019 - <b>5</b> - Page Load Wait: (Sync) - ICar.support.Utils.waitForPageLoad(Utils.java:109)</small> </font> </div>
<div class="test-event"> <font color="maroon"> <small> &emsp; &emsp;--- 06 Aug 17:13:48 309 - Catched spinner load exception due to Expected condition failed: waiting for ICar.support.WaitUtils$4@666cf05d (tried for 20 second(s) with 500 milliseconds interval)</small> </font> </div>
<div class="test-event"> <font color="maroon"> <small> &emsp; &emsp;--- 06 Aug 17:13:48 310 - <b>20</b> - Spinner Load Wait: (Sync) - ICar.support.WaitUtils.waitForSpinner(WaitUtils.java:225)</small> </font> </div>
<div class="test-event"> <font color="maroon"> <small> &emsp; &emsp;--- 06 Aug 17:13:53 623 - Page URL:: https://i-car--staging.sandbox.lightning.force.com/lightning/n/session_scheduling_console</small> </font> </div>
<div class="test-event"> <font color="maroon"> <small> &emsp; &emsp;--- 06 Aug 17:13:53 624 - <b>5</b> - Page Load Wait: (Sync) - ICar.support.Utils.waitForPageLoad(Utils.java:109)</small> </font> </div>
<div class="test-event"> <font color="maroon"> <small> &emsp; &emsp;--- 06 Aug 17:14:16 339 - Element is displayed:: [[ChromeDriver: chrome on WINDOWS (3dfbb6f639230650c430ff02fad98246)] -> xpath: //button[text()='Save & Dispatch']]</small> </font> </div>
<div class="test-event"> <font color="maroon"> <small> &emsp; &emsp;--- 06 Aug 17:14:24 612 - Page URL:: https://i-car--staging.sandbox.lightning.force.com/lightning/n/session_scheduling_console</small> </font> </div>
<div class="test-event"> <font color="maroon"> <small> &emsp; &emsp;--- 06 Aug 17:14:24 612 - <b>5</b> - Page Load Wait: (Sync) - ICar.support.Utils.waitForPageLoad(Utils.java:109)</small> </font> </div>
<div class="test-event"> <font color="maroon"> <small> &emsp; &emsp;--- 06 Aug 17:14:35 033 - Catched spinner load exception due to Expected condition failed: waiting for ICar.support.WaitUtils$4@666cf05d (tried for 10 second(s) with 500 milliseconds interval)</small> </font> </div>
<div class="test-event"> <font color="maroon"> <small> &emsp; &emsp;--- 06 Aug 17:14:35 033 - <b>10</b> - Spinner Load Wait: (Sync) - ICar.support.WaitUtils.waitForSpinner(WaitUtils.java:225)</small> </font> </div>
<div class="test-message">&emsp;8. created job id:-JOB-97292</div>
<div class="test-event"> <font color="maroon"> <small> &emsp; &emsp;--- 06 Aug 17:14:51 347 - Page URL:: https://i-car--staging.sandbox.lightning.force.com/lightning/n/session_scheduling_console</small> </font> </div>
<div class="test-event"> <font color="maroon"> <small> &emsp; &emsp;--- 06 Aug 17:14:51 347 - <b>5</b> - Page Load Wait: (Sync) - ICar.support.Utils.waitForPageLoad(Utils.java:109)</small> </font> </div>
<div class="test-event"> <font color="maroon"> <small> &emsp; &emsp;--- 06 Aug 17:15:01 536 - Page URL:: https://i-car--staging.sandbox.lightning.force.com/lightning/n/session_scheduling_console</small> </font> </div>
<div class="test-event"> <font color="maroon"> <small> &emsp; &emsp;--- 06 Aug 17:15:01 536 - <b>5</b> - Page Load Wait: (Sync) - ICar.support.Utils.waitForPageLoad(Utils.java:109)</small> </font> </div>
<div class="test-message">&emsp;Close the tab</div>
<div class="test-event"> <font color="maroon"> <small> &emsp; &emsp;--- 06 Aug 17:15:24 147 - Page URL:: https://i-car--staging.sandbox.lightning.force.com/lightning/n/session_scheduling_console</small> </font> </div>
<div class="test-event"> <font color="maroon"> <small> &emsp; &emsp;--- 06 Aug 17:15:24 147 - <b>5</b> - Page Load Wait: (Sync) - ICar.support.Utils.waitForPageLoad(Utils.java:109)</small> </font> </div>
<div class="test-event"> <font color="maroon"> <small> &emsp; &emsp;--- 06 Aug 17:15:24 200 - Element is displayed:: [[ChromeDriver: chrome on WINDOWS (3dfbb6f639230650c430ff02fad98246)] -> css selector: button[class*='search-button']]</small> </font> </div>
<div class="test-event"> <font color="maroon"> <small> &emsp; &emsp;--- 06 Aug 17:15:26 408 - Catched spinner load exception due to Expected condition failed: waiting for ICar.support.WaitUtils$4@666cf05d (tried for 2 second(s) with 500 milliseconds interval)</small> </font> </div>
<div class="test-event"> <font color="maroon"> <small> &emsp; &emsp;--- 06 Aug 17:15:26 408 - <b>2</b> - Spinner Load Wait: (Sync) - ICar.support.WaitUtils.waitForSpinner(WaitUtils.java:225)</small> </font> </div>
<div class="test-event"> <font color="maroon"> <small> &emsp; &emsp;--- 06 Aug 17:15:29 481 - Element is displayed:: [[ChromeDriver: chrome on WINDOWS (3dfbb6f639230650c430ff02fad98246)] -> css selector: button[class*='search-button']]</small> </font> </div>
<div class="test-event"> <font color="maroon"> <small> &emsp; &emsp;--- 06 Aug 17:15:34 914 - Page URL:: https://i-car--staging.sandbox.lightning.force.com/lightning/n/session_scheduling_console</small> </font> </div>
<div class="test-event"> <font color="maroon"> <small> &emsp; &emsp;--- 06 Aug 17:15:34 914 - <b>5</b> - Page Load Wait: (Sync) - ICar.support.Utils.waitForPageLoad(Utils.java:109)</small> </font> </div>
<div class="test-event"> <font color="maroon"> <small> &emsp; &emsp;--- 06 Aug 17:15:54 839 - Catched spinner load exception due to Expected condition failed: waiting for ICar.support.WaitUtils$4@666cf05d (tried for 10 second(s) with 500 milliseconds interval)</small> </font> </div>
<div class="test-event"> <font color="maroon"> <small> &emsp; &emsp;--- 06 Aug 17:15:54 839 - <b>10</b> - Spinner Load Wait: (Sync) - ICar.support.WaitUtils.waitForSpinner(WaitUtils.java:225)</small> </font> </div>
<div class="test-event"> <font color="maroon"> <small> &emsp; &emsp;--- 06 Aug 17:16:00 247 - Page URL:: https://i-car--staging.sandbox.lightning.force.com/one/one.app#eyjjb21wb25lbnrezwyioijmb3jjzvnlyxjjadpzzwfyy2hqywdlrgvza3rvccisimf0dhjpynv0zxmionsidgvybsi6ikppqi05nzi5miisinnjb3bltwfwijp7inr5cguioijut1bfukvtvuxuuyisim5hbwvzcgfjzsi6iiisimxhymvsijoivg9wifjlc3vsdhmilcjsywjlbfbsdxjhbci6ilrvccbszxn1bhrziiwicmvzdwx0c0ntcci6imzvcmnlu2vhcmnoonbyzwrpy3rlzfjlc3vsdhmifswiy29udgv4dci6eyjgsuxurvjtijp7fswic2vhcmnou291cmnlijoiqvntsvnuqu5ux0rjquxpryisimrpc2fibgvjbnrlbnrrdwvyesi6zmfsc2usimrpc2fibgvtcgvsbenvcnjly3rpb24iomzhbhnllcjzzwfyy2heawfsb2dtzxnzaw9uswqioijlmwq1ytmzmy0xnjrhlwm0m2itotuyzi1hotjmnji1ymrjndqilcjkzwj1z0luzm8ionsiyxbwtmftzsi6ikldyxjfu2vydmljzv9db25zb2xliiwiyxbwvhlwzsi6iknvbnnvbguilcjhchboyw1lc3bhy2uioijjiiwibg9jyxrpb24ioijvbmu6ywxvagfqywdliiwic29iamvjdfr5cguioijtzxnzaw9ux1njagvkdwxpbmdfq29uc29szsj9fswiz3jvdxbjzci6ikrfrkfvtfqifswic3rhdguiont9fq%3d%3d</small> </font> </div>
<div class="test-event"> <font color="maroon"> <small> &emsp; &emsp;--- 06 Aug 17:16:00 248 - <b>5</b> - Page Load Wait: (Sync) - ICar.support.Utils.waitForPageLoad(Utils.java:109)</small> </font> </div>
<div class="test-event"> <font color="maroon"> <small> &emsp; &emsp;--- 06 Aug 17:16:11 664 - Catched spinner load exception due to Expected condition failed: waiting for ICar.support.WaitUtils$4@666cf05d (tried for 11 second(s) with 500 milliseconds interval)</small> </font> </div>
<div class="test-event"> <font color="maroon"> <small> &emsp; &emsp;--- 06 Aug 17:16:11 664 - <b>11</b> - Spinner Load Wait: (Sync) - ICar.support.WaitUtils.waitForSpinner(WaitUtils.java:225)</small> </font> </div>
<div class="test-event"> <font color="maroon"> <small> &emsp; &emsp;--- 06 Aug 17:16:17 101 - Page URL:: https://i-car--staging.sandbox.lightning.force.com/one/one.app#eyjjb21wb25lbnrezwyioijmb3jjzvnlyxjjadpzzwfyy2hqywdlrgvza3rvccisimf0dhjpynv0zxmionsidgvybsi6ikppqi05nzi5miisinnjb3bltwfwijp7inr5cguioijut1bfukvtvuxuuyisim5hbwvzcgfjzsi6iiisimxhymvsijoivg9wifjlc3vsdhmilcjsywjlbfbsdxjhbci6ilrvccbszxn1bhrziiwicmvzdwx0c0ntcci6imzvcmnlu2vhcmnoonbyzwrpy3rlzfjlc3vsdhmifswiy29udgv4dci6eyjgsuxurvjtijp7fswic2vhcmnou291cmnlijoiqvntsvnuqu5ux0rjquxpryisimrpc2fibgvjbnrlbnrrdwvyesi6zmfsc2usimrpc2fibgvtcgvsbenvcnjly3rpb24iomzhbhnllcjzzwfyy2heawfsb2dtzxnzaw9uswqioijlmwq1ytmzmy0xnjrhlwm0m2itotuyzi1hotjmnji1ymrjndqilcjkzwj1z0luzm8ionsiyxbwtmftzsi6ikldyxjfu2vydmljzv9db25zb2xliiwiyxbwvhlwzsi6iknvbnnvbguilcjhchboyw1lc3bhy2uioijjiiwibg9jyxrpb24ioijvbmu6ywxvagfqywdliiwic29iamvjdfr5cguioijtzxnzaw9ux1njagvkdwxpbmdfq29uc29szsj9fswiz3jvdxbjzci6ikrfrkfvtfqifswic3rhdguiont9fq%3d%3d</small> </font> </div>
<div class="test-event"> <font color="maroon"> <small> &emsp; &emsp;--- 06 Aug 17:16:17 102 - <b>5</b> - Page Load Wait: (Sync) - ICar.support.Utils.waitForPageLoad(Utils.java:109)</small> </font> </div>
<div class="test-event"> <font color="maroon"> <small> &emsp; &emsp;--- 06 Aug 17:16:17 175 - Element is displayed:: [[ChromeDriver: chrome on WINDOWS (3dfbb6f639230650c430ff02fad98246)] -> xpath: //a[@title='Top Results']//span[text()='Top Results']]</small> </font> </div>
<div class="test-event"> <font color="maroon"> <small> &emsp; &emsp;--- 06 Aug 17:16:22 612 - Page URL:: https://i-car--staging.sandbox.lightning.force.com/one/one.app#eyjjb21wb25lbnrezwyioijmb3jjzvnlyxjjadpzzwfyy2hqywdlrgvza3rvccisimf0dhjpynv0zxmionsidgvybsi6ikppqi05nzi5miisinnjb3bltwfwijp7inr5cguioijut1bfukvtvuxuuyisim5hbwvzcgfjzsi6iiisimxhymvsijoivg9wifjlc3vsdhmilcjsywjlbfbsdxjhbci6ilrvccbszxn1bhrziiwicmvzdwx0c0ntcci6imzvcmnlu2vhcmnoonbyzwrpy3rlzfjlc3vsdhmifswiy29udgv4dci6eyjgsuxurvjtijp7fswic2vhcmnou291cmnlijoiqvntsvnuqu5ux0rjquxpryisimrpc2fibgvjbnrlbnrrdwvyesi6zmfsc2usimrpc2fibgvtcgvsbenvcnjly3rpb24iomzhbhnllcjzzwfyy2heawfsb2dtzxnzaw9uswqioijlmwq1ytmzmy0xnjrhlwm0m2itotuyzi1hotjmnji1ymrjndqilcjkzwj1z0luzm8ionsiyxbwtmftzsi6ikldyxjfu2vydmljzv9db25zb2xliiwiyxbwvhlwzsi6iknvbnnvbguilcjhchboyw1lc3bhy2uioijjiiwibg9jyxrpb24ioijvbmu6ywxvagfqywdliiwic29iamvjdfr5cguioijtzxnzaw9ux1njagvkdwxpbmdfq29uc29szsj9fswiz3jvdxbjzci6ikrfrkfvtfqifswic3rhdguiont9fq%3d%3d</small> </font> </div>
<div class="test-event"> <font color="maroon"> <small> &emsp; &emsp;--- 06 Aug 17:16:22 612 - <b>5</b> - Page Load Wait: (Sync) - ICar.support.Utils.waitForPageLoad(Utils.java:109)</small> </font> </div>
<div class="test-event"> <font color="maroon"> <small> &emsp; &emsp;--- 06 Aug 17:16:27 843 - Catched spinner load exception due to Expected condition failed: waiting for ICar.support.WaitUtils$4@666cf05d (tried for 5 second(s) with 500 milliseconds interval)</small> </font> </div>
<div class="test-event"> <font color="maroon"> <small> &emsp; &emsp;--- 06 Aug 17:16:27 843 - <b>5</b> - Spinner Load Wait: (Sync) - ICar.support.WaitUtils.waitForSpinner(WaitUtils.java:225)</small> </font> </div>
<div class="test-event"> <font color="maroon"> <small> &emsp; &emsp;--- 06 Aug 17:16:33 262 - Page URL:: https://i-car--staging.sandbox.lightning.force.com/one/one.app#eyjjb21wb25lbnrezwyioijmb3jjzvnlyxjjadpzzwfyy2hqywdlrgvza3rvccisimf0dhjpynv0zxmionsidgvybsi6ikppqi05nzi5miisinnjb3bltwfwijp7inr5cguioijut1bfukvtvuxuuyisim5hbwvzcgfjzsi6iiisimxhymvsijoivg9wifjlc3vsdhmilcjsywjlbfbsdxjhbci6ilrvccbszxn1bhrziiwicmvzdwx0c0ntcci6imzvcmnlu2vhcmnoonbyzwrpy3rlzfjlc3vsdhmifswiy29udgv4dci6eyjgsuxurvjtijp7fswic2vhcmnou291cmnlijoiqvntsvnuqu5ux0rjquxpryisimrpc2fibgvjbnrlbnrrdwvyesi6zmfsc2usimrpc2fibgvtcgvsbenvcnjly3rpb24iomzhbhnllcjzzwfyy2heawfsb2dtzxnzaw9uswqioijlmwq1ytmzmy0xnjrhlwm0m2itotuyzi1hotjmnji1ymrjndqilcjkzwj1z0luzm8ionsiyxbwtmftzsi6ikldyxjfu2vydmljzv9db25zb2xliiwiyxbwvhlwzsi6iknvbnnvbguilcjhchboyw1lc3bhy2uioijjiiwibg9jyxrpb24ioijvbmu6ywxvagfqywdliiwic29iamvjdfr5cguioijtzxnzaw9ux1njagvkdwxpbmdfq29uc29szsj9fswiz3jvdxbjzci6ikrfrkfvtfqifswic3rhdguiont9fq%3d%3d</small> </font> </div>
<div class="test-event"> <font color="maroon"> <small> &emsp; &emsp;--- 06 Aug 17:16:33 262 - <b>5</b> - Page Load Wait: (Sync) - ICar.support.Utils.waitForPageLoad(Utils.java:109)</small> </font> </div>
<div class="test-event"> <font color="maroon"> <small> &emsp; &emsp;--- 06 Aug 17:16:38 656 - Page URL:: https://i-car--staging.sandbox.lightning.force.com/one/one.app#eyjjb21wb25lbnrezwyioijmb3jjzvnlyxjjadpzzwfyy2hqywdlrgvza3rvccisimf0dhjpynv0zxmionsidgvybsi6ikppqi05nzi5miisinnjb3bltwfwijp7inr5cguioijut1bfukvtvuxuuyisim5hbwvzcgfjzsi6iiisimxhymvsijoivg9wifjlc3vsdhmilcjsywjlbfbsdxjhbci6ilrvccbszxn1bhrziiwicmvzdwx0c0ntcci6imzvcmnlu2vhcmnoonbyzwrpy3rlzfjlc3vsdhmifswiy29udgv4dci6eyjgsuxurvjtijp7fswic2vhcmnou291cmnlijoiqvntsvnuqu5ux0rjquxpryisimrpc2fibgvjbnrlbnrrdwvyesi6zmfsc2usimrpc2fibgvtcgvsbenvcnjly3rpb24iomzhbhnllcjzzwfyy2heawfsb2dtzxnzaw9uswqioijlmwq1ytmzmy0xnjrhlwm0m2itotuyzi1hotjmnji1ymrjndqilcjkzwj1z0luzm8ionsiyxbwtmftzsi6ikldyxjfu2vydmljzv9db25zb2xliiwiyxbwvhlwzsi6iknvbnnvbguilcjhchboyw1lc3bhy2uioijjiiwibg9jyxrpb24ioijvbmu6ywxvagfqywdliiwic29iamvjdfr5cguioijtzxnzaw9ux1njagvkdwxpbmdfq29uc29szsj9fswiz3jvdxbjzci6ikrfrkfvtfqifswic3rhdguiont9fq%3d%3d</small> </font> </div>
<div class="test-event"> <font color="maroon"> <small> &emsp; &emsp;--- 06 Aug 17:16:38 656 - <b>5</b> - Page Load Wait: (Sync) - ICar.support.Utils.waitForPageLoad(Utils.java:109)</small> </font> </div>
<div class="test-message">&emsp;Searched job idJOB-97292</div>
<div class="test-event"> <font color="maroon"> <small> &emsp; &emsp;--- 06 Aug 17:16:44 076 - Page URL:: https://i-car--staging.sandbox.lightning.force.com/one/one.app#eyjjb21wb25lbnrezwyioijmb3jjzvnlyxjjadpzzwfyy2hqywdlrgvza3rvccisimf0dhjpynv0zxmionsidgvybsi6ikppqi05nzi5miisinnjb3bltwfwijp7inr5cguioijut1bfukvtvuxuuyisim5hbwvzcgfjzsi6iiisimxhymvsijoivg9wifjlc3vsdhmilcjsywjlbfbsdxjhbci6ilrvccbszxn1bhrziiwicmvzdwx0c0ntcci6imzvcmnlu2vhcmnoonbyzwrpy3rlzfjlc3vsdhmifswiy29udgv4dci6eyjgsuxurvjtijp7fswic2vhcmnou291cmnlijoiqvntsvnuqu5ux0rjquxpryisimrpc2fibgvjbnrlbnrrdwvyesi6zmfsc2usimrpc2fibgvtcgvsbenvcnjly3rpb24iomzhbhnllcjzzwfyy2heawfsb2dtzxnzaw9uswqioijlmwq1ytmzmy0xnjrhlwm0m2itotuyzi1hotjmnji1ymrjndqilcjkzwj1z0luzm8ionsiyxbwtmftzsi6ikldyxjfu2vydmljzv9db25zb2xliiwiyxbwvhlwzsi6iknvbnnvbguilcjhchboyw1lc3bhy2uioijjiiwibg9jyxrpb24ioijvbmu6ywxvagfqywdliiwic29iamvjdfr5cguioijtzxnzaw9ux1njagvkdwxpbmdfq29uc29szsj9fswiz3jvdxbjzci6ikrfrkfvtfqifswic3rhdguiont9fq%3d%3d</small> </font> </div>
<div class="test-event"> <font color="maroon"> <small> &emsp; &emsp;--- 06 Aug 17:16:44 076 - <b>5</b> - Page Load Wait: (Sync) - ICar.support.Utils.waitForPageLoad(Utils.java:109)</small> </font> </div>
<div class="test-event"> <font color="maroon"> <small> &emsp; &emsp;--- 06 Aug 17:16:54 208 - Element is displayed:: [[ChromeDriver: chrome on WINDOWS (3dfbb6f639230650c430ff02fad98246)] -> xpath: //div[contains(@id,'brandBand_')]/div/div/div[2]//table/tbody/tr/th/span/a|//span[@class='slds-grid slds-grid_align-spread']/div/lightning-primitive-custom-cell/force-lookup/div/a]</small> </font> </div>
<div class="test-message">&emsp;Clicked job id</div>
<div class="test-event"> <font color="maroon"> <small> &emsp; &emsp;--- 06 Aug 17:16:59 950 - Page URL:: https://i-car--staging.sandbox.lightning.force.com/lightning/r/sked__job__c/a2mvc000000bvutyau/view</small> </font> </div>
<div class="test-event"> <font color="maroon"> <small> &emsp; &emsp;--- 06 Aug 17:16:59 950 - <b>5</b> - Page Load Wait: (Sync) - ICar.support.Utils.waitForPageLoad(Utils.java:109)</small> </font> </div>
<div class="test-event"> <font color="maroon"> <small> &emsp; &emsp;--- 06 Aug 17:17:15 207 - Catched spinner load exception due to Expected condition failed: waiting for ICar.support.WaitUtils$4@666cf05d (tried for 15 second(s) with 500 milliseconds interval)</small> </font> </div>
<div class="test-event"> <font color="maroon"> <small> &emsp; &emsp;--- 06 Aug 17:17:15 207 - <b>15</b> - Spinner Load Wait: (Sync) - ICar.support.WaitUtils.waitForSpinner(WaitUtils.java:225)</small> </font> </div>
<div class="test-event"> <font color="maroon"> <small> &emsp; &emsp;--- 06 Aug 17:17:20 638 - Page URL:: https://i-car--staging.sandbox.lightning.force.com/lightning/r/sked__job__c/a2mvc000000bvutyau/view</small> </font> </div>
<div class="test-event"> <font color="maroon"> <small> &emsp; &emsp;--- 06 Aug 17:17:20 639 - <b>5</b> - Page Load Wait: (Sync) - ICar.support.Utils.waitForPageLoad(Utils.java:109)</small> </font> </div>
<div class="test-event"> <font color="maroon"> <small> &emsp; &emsp;--- 06 Aug 17:17:20 736 - Element is displayed:: [[ChromeDriver: chrome on WINDOWS (3dfbb6f639230650c430ff02fad98246)] -> xpath: //span[text()='Start']/ancestor::div[contains(@class,'test-id__field-label-container')]//following::div[1]//span//slot//lightning-formatted-text]</small> </font> </div>
<div class="test-message">&emsp;Start Date from the job:8/12/2024 8:00 AM&emsp;<a href=".\ScreenShot\ICRVirtual_TC39_722690465593300.png" target="_blank" >[ScreenShot]</a></div>
<div class="test-message">&emsp;Finish Date from the job:8/12/2024 9:00 AM&emsp;<a href=".\ScreenShot\ICRVirtual_TC39_722690787011000.png" target="_blank" >[ScreenShot]</a></div>
<div class="test-event"> <font color="maroon"> <small> &emsp; &emsp;--- 06 Aug 17:17:30 840 - Page URL:: https://i-car--staging.sandbox.lightning.force.com/lightning/r/sked__job__c/a2mvc000000bvutyau/view</small> </font> </div>
<div class="test-event"> <font color="maroon"> <small> &emsp; &emsp;--- 06 Aug 17:17:30 841 - <b>5</b> - Page Load Wait: (Sync) - ICar.support.Utils.waitForPageLoad(Utils.java:109)</small> </font> </div>
<div class="test-event"> <font color="maroon"> <small> &emsp; &emsp;--- 06 Aug 17:17:46 170 - Catched spinner load exception due to Expected condition failed: waiting for ICar.support.WaitUtils$4@666cf05d (tried for 15 second(s) with 500 milliseconds interval)</small> </font> </div>
<div class="test-event"> <font color="maroon"> <small> &emsp; &emsp;--- 06 Aug 17:17:46 170 - <b>15</b> - Spinner Load Wait: (Sync) - ICar.support.WaitUtils.waitForSpinner(WaitUtils.java:225)</small> </font> </div>
<div class="test-event"> <font color="maroon"> <small> &emsp; &emsp;--- 06 Aug 17:17:51 665 - Page URL:: https://i-car--staging.sandbox.lightning.force.com/lightning/r/sked__job__c/a2mvc000000bvutyau/view</small> </font> </div>
<div class="test-event"> <font color="maroon"> <small> &emsp; &emsp;--- 06 Aug 17:17:51 666 - <b>5</b> - Page Load Wait: (Sync) - ICar.support.Utils.waitForPageLoad(Utils.java:109)</small> </font> </div>
<div class="test-event"> <font color="maroon"> <small> &emsp; &emsp;--- 06 Aug 17:17:53 801 - Element is displayed:: [[ChromeDriver: chrome on WINDOWS (3dfbb6f639230650c430ff02fad98246)] -> xpath: //a[text()='Related']]</small> </font> </div>
<div class="test-event"> <font color="maroon"> <small> &emsp; &emsp;--- 06 Aug 17:17:53 856 - Element is displayed:: [[ChromeDriver: chrome on WINDOWS (3dfbb6f639230650c430ff02fad98246)] -> xpath: //a[text()='Related']]</small> </font> </div>
<div class="test-event"> <font color="maroon"> <small> &emsp; &emsp;--- 06 Aug 17:18:04 055 - Catched spinner load exception due to Expected condition failed: waiting for ICar.support.WaitUtils$4@666cf05d (tried for 10 second(s) with 500 milliseconds interval)</small> </font> </div>
<div class="test-event"> <font color="maroon"> <small> &emsp; &emsp;--- 06 Aug 17:18:04 055 - <b>10</b> - Spinner Load Wait: (Sync) - ICar.support.WaitUtils.waitForSpinner(WaitUtils.java:225)</small> </font> </div>
<div class="test-message">&emsp;Clicked on job id related tab</div>
<div class="test-event"> <font color="maroon"> <small> &emsp; &emsp;--- 06 Aug 17:18:09 854 - Page URL:: https://i-car--staging.sandbox.lightning.force.com/lightning/r/sked__job__c/a2mvc000000bvutyau/view</small> </font> </div>
<div class="test-event"> <font color="maroon"> <small> &emsp; &emsp;--- 06 Aug 17:18:09 855 - <b>5</b> - Page Load Wait: (Sync) - ICar.support.Utils.waitForPageLoad(Utils.java:109)</small> </font> </div>
<div class="test-event"> <font color="maroon"> <small> &emsp; &emsp;--- 06 Aug 17:18:30 255 - Catched spinner load exception due to Expected condition failed: waiting for ICar.support.WaitUtils$4@666cf05d (tried for 20 second(s) with 500 milliseconds interval)</small> </font> </div>
<div class="test-event"> <font color="maroon"> <small> &emsp; &emsp;--- 06 Aug 17:18:30 255 - <b>20</b> - Spinner Load Wait: (Sync) - ICar.support.WaitUtils.waitForSpinner(WaitUtils.java:225)</small> </font> </div>
<div class="test-event"> <font color="maroon"> <small> &emsp; &emsp;--- 06 Aug 17:18:36 006 - Page URL:: https://i-car--staging.sandbox.lightning.force.com/lightning/r/sked__job__c/a2mvc000000bvutyau/view</small> </font> </div>
<div class="test-event"> <font color="maroon"> <small> &emsp; &emsp;--- 06 Aug 17:18:36 006 - <b>5</b> - Page Load Wait: (Sync) - ICar.support.Utils.waitForPageLoad(Utils.java:109)</small> </font> </div>
<div class="test-event"> <font color="maroon"> <small> &emsp; &emsp;--- 06 Aug 17:18:56 301 - Catched spinner load exception due to Expected condition failed: waiting for ICar.support.WaitUtils$4@666cf05d (tried for 20 second(s) with 500 milliseconds interval)</small> </font> </div>
<div class="test-event"> <font color="maroon"> <small> &emsp; &emsp;--- 06 Aug 17:18:56 301 - <b>20</b> - Spinner Load Wait: (Sync) - ICar.support.WaitUtils.waitForSpinner(WaitUtils.java:225)</small> </font> </div>
<!--FAIL-->
<div class="test-result"><br><font color="red"><strong> element click intercepted: Element <span class="slds-truncate slds-m-right--xx-small" lwc-bbqdsgjtbq="" title="...">Job Allocations</span> is not clickable at point (150, 522). Other element would receive the click: <span class="itemTitle slds-truncate" data-aura-rendered-by="997:0">...</span> </strong></font> <a href=".\ScreenShot\ICRVirtual_TC39_722785031559400.png" target="_blank" >[ScreenShot]</a></div>&emsp;
&emsp;<div class="test-title"> <strong><font size = "3" color = "#0000FF">---Test Execution Ends---</font> </strong> </div>&emsp;]]>
  </system-out>
</testsuite> <!-- CreditProcess.InvalidCreditRequest -->
