<?xml version="1.0" encoding="UTF-8"?>
<!-- Generated by org.testng.reporters.JUnitReportReporter -->
<testsuite hostname="aspire1763" failures="0" tests="1" name="CreditProcess.RefundRequestTest" time="4292.944" errors="0" timestamp="2024-08-06T13:31:18 IST" skipped="0">
  <testcase classname="CreditProcess.RefundRequestTest" name="ICar_VR_TC32" time="4292.944">
    <system-out>
      <![CDATA[<div class="test-event"> <font color="maroon"> <small> &emsp; &emsp;--- 06 Aug 12:19:40 585 - TestCaseID:: ICar_VR_TC32</small> </font> </div>
<div class="test-event"> <font color="maroon"> <small> &emsp; &emsp;--- 06 Aug 12:19:44 491 - <b>4</b> - Driver::initialize::Get - ICar.support.WebDriverFactory.getDriver(WebDriverFactory.java:640)</small> </font> </div>
<div class="test-event"> <font color="maroon"> <small> &emsp; &emsp;--- 06 Aug 12:19:57 341 - Page URL:: data:,</small> </font> </div>
<div class="test-event"> <font color="maroon"> <small> &emsp; &emsp;--- 06 Aug 12:19:57 342 - <b>0</b> - Page Load Wait: (Sync) - ICar.support.Utils.waitForPageLoad(Utils.java:109)</small> </font> </div>
<div class="test-event"> <font color="maroon"> <small> &emsp; &emsp;--- 06 Aug 12:19:57 579 - Page URL:: data:,</small> </font> </div>
<div class="test-event"> <font color="maroon"> <small> &emsp; &emsp;--- 06 Aug 12:19:57 579 - <b>0</b> - Page Load Wait: (Sync) - ICar.support.Utils.waitForPageLoad(Utils.java:109)</small> </font> </div>
&emsp;<div class="test-title"> <strong><font size = "3" color = "#000080">Reactive Event - Event cancelled atleast 5 business days prior to scheduled date</font> </strong> </div>&emsp;<div><strong>Steps:</strong></div><!-- Report -->&emsp;
<div class="test-event"> <font color="maroon"> <small> &emsp; &emsp;--- 06 Aug 12:20:02 926 - Element is displayed:: [[ChromeDriver: chrome on WINDOWS (bc08538aa04ca0fc5d583beb57eceede)] -> xpath: //input[@class='slds-input searchInputCls']]</small> </font> </div>
<div class="test-event"> <font color="maroon"> <small> &emsp; &emsp;--- 06 Aug 12:20:03 004 - Element is displayed:: [[ChromeDriver: chrome on WINDOWS (bc08538aa04ca0fc5d583beb57eceede)] -> xpath: //input[@class='slds-input searchInputCls']]</small> </font> </div>
<div class="test-message">&emsp;Successfully navigated to 'Home' Page&emsp;<a href=".\ScreenShot\ICar_VR_TC32_704848661648900.png" target="_blank" >[ScreenShot]</a></div>
<div class="test-message">&emsp;1. Home page is launched.</div>
<div class="test-event"> <font color="maroon"> <small> &emsp; &emsp;--- 06 Aug 12:20:03 675 - Page URL:: https://www.icarstage.com/</small> </font> </div>
<div class="test-event"> <font color="maroon"> <small> &emsp; &emsp;--- 06 Aug 12:20:03 675 - <b>0</b> - Page Load Wait: (Sync) - ICar.support.Utils.waitForPageLoad(Utils.java:109)</small> </font> </div>
<div class="test-event"> <font color="maroon"> <small> &emsp; &emsp;--- 06 Aug 12:20:03 733 - Element is displayed:: [[ChromeDriver: chrome on WINDOWS (bc08538aa04ca0fc5d583beb57eceede)] -> xpath: //a/img[@alt='Login Image']]</small> </font> </div>
<div class="test-event"> <font color="maroon"> <small> &emsp; &emsp;--- 06 Aug 12:20:03 803 - Element is displayed:: [[ChromeDriver: chrome on WINDOWS (bc08538aa04ca0fc5d583beb57eceede)] -> xpath: //a/img[@alt='Login Image']]</small> </font> </div>
<div class="test-event"> <font color="maroon"> <small> &emsp; &emsp;--- 06 Aug 12:20:22 250 - Catched spinner load exception due to Expected condition failed: waiting for ICar.support.WaitUtils$4@4ccdc1df (tried for 15 second(s) with 500 milliseconds interval)</small> </font> </div>
<div class="test-event"> <font color="maroon"> <small> &emsp; &emsp;--- 06 Aug 12:20:22 250 - <b>15</b> - Spinner Load Wait: (Sync) - ICar.support.WaitUtils.waitForSpinner(WaitUtils.java:225)</small> </font> </div>
<div class="test-message">&emsp;2. Navigate to 'Login Page'</div>
<div class="test-message">&emsp;Successfully navigated to 'Login' Page&emsp;<a href=".\ScreenShot\ICar_VR_TC32_704867905886700.png" target="_blank" >[ScreenShot]</a></div>
<div class="test-event"> <font color="maroon"> <small> &emsp; &emsp;--- 06 Aug 12:20:22 480 - Element is displayed:: [[ChromeDriver: chrome on WINDOWS (bc08538aa04ca0fc5d583beb57eceede)] -> id: username]</small> </font> </div>
<div class="test-event"> <font color="maroon"> <small> &emsp; &emsp;--- 06 Aug 12:20:22 557 - Element is displayed:: [[ChromeDriver: chrome on WINDOWS (bc08538aa04ca0fc5d583beb57eceede)] -> id: username]</small> </font> </div>
<div class="test-event"> <font color="maroon"> <small> &emsp; &emsp;--- 06 Aug 12:20:22 809 - Element is displayed:: [[ChromeDriver: chrome on WINDOWS (bc08538aa04ca0fc5d583beb57eceede)] -> id: password]</small> </font> </div>
<div class="test-event"> <font color="maroon"> <small> &emsp; &emsp;--- 06 Aug 12:20:23 026 - Element is displayed:: [[ChromeDriver: chrome on WINDOWS (bc08538aa04ca0fc5d583beb57eceede)] -> id: btn-login]</small> </font> </div>
<div class="test-event"> <font color="maroon"> <small> &emsp; &emsp;--- 06 Aug 12:20:36 305 - Catched spinner load exception due to Expected condition failed: waiting for ICar.support.WaitUtils$4@4ccdc1df (tried for 13 second(s) with 500 milliseconds interval)</small> </font> </div>
<div class="test-event"> <font color="maroon"> <small> &emsp; &emsp;--- 06 Aug 12:20:36 305 - <b>13</b> - Spinner Load Wait: (Sync) - ICar.support.WaitUtils.waitForSpinner(WaitUtils.java:225)</small> </font> </div>
<div class="test-event"> <font color="maroon"> <small> &emsp; &emsp;--- 06 Aug 12:20:57 577 - Catched spinner load exception due to Expected condition failed: waiting for ICar.support.WaitUtils$4@4ccdc1df (tried for 10 second(s) with 500 milliseconds interval)</small> </font> </div>
<div class="test-event"> <font color="maroon"> <small> &emsp; &emsp;--- 06 Aug 12:20:57 577 - <b>10</b> - Spinner Load Wait: (Sync) - ICar.support.WaitUtils.waitForSpinner(WaitUtils.java:225)</small> </font> </div>
<div class="test-event"> <font color="maroon"> <small> &emsp; &emsp;--- 06 Aug 12:20:57 664 - Element is displayed:: [[ChromeDriver: chrome on WINDOWS (bc08538aa04ca0fc5d583beb57eceede)] -> xpath: //button[@value='Launch myLearning']]</small> </font> </div>
<div class="test-message">&emsp;3. Enter the user credentials as : hslennox</div>
<div class="test-message">&emsp;Successfully navigated to 'User Home' Page&emsp;<a href=".\ScreenShot\ICar_VR_TC32_704903314380400.png" target="_blank" >[ScreenShot]</a></div>
<div class="test-message">&emsp;4.Make a request for course</div>
<div class="test-event"> <font color="maroon"> <small> &emsp; &emsp;--- 06 Aug 12:20:58 580 - Page URL:: https://www.icarstage.com/</small> </font> </div>
<div class="test-event"> <font color="maroon"> <small> &emsp; &emsp;--- 06 Aug 12:20:58 580 - <b>0</b> - Page Load Wait: (Sync) - ICar.support.Utils.waitForPageLoad(Utils.java:109)</small> </font> </div>
<div class="test-event"> <font color="maroon"> <small> &emsp; &emsp;--- 06 Aug 12:21:09 046 - Catched spinner load exception due to Expected condition failed: waiting for ICar.support.WaitUtils$4@4ccdc1df (tried for 10 second(s) with 500 milliseconds interval)</small> </font> </div>
<div class="test-event"> <font color="maroon"> <small> &emsp; &emsp;--- 06 Aug 12:21:09 046 - <b>10</b> - Spinner Load Wait: (Sync) - ICar.support.WaitUtils.waitForSpinner(WaitUtils.java:225)</small> </font> </div>
<div class="test-event"> <font color="maroon"> <small> &emsp; &emsp;--- 06 Aug 12:21:23 097 - Catched spinner load exception due to Expected condition failed: waiting for ICar.support.WaitUtils$4@4ccdc1df (tried for 14 second(s) with 500 milliseconds interval)</small> </font> </div>
<div class="test-event"> <font color="maroon"> <small> &emsp; &emsp;--- 06 Aug 12:21:23 098 - <b>14</b> - Spinner Load Wait: (Sync) - ICar.support.WaitUtils.waitForSpinner(WaitUtils.java:225)</small> </font> </div>
<div class="test-event"> <font color="maroon"> <small> &emsp; &emsp;--- 06 Aug 12:21:25 200 - Element is displayed:: [[ChromeDriver: chrome on WINDOWS (bc08538aa04ca0fc5d583beb57eceede)] -> xpath: //input[@class='slds-input searchInputCls']]</small> </font> </div>
<div class="test-event"> <font color="maroon"> <small> &emsp; &emsp;--- 06 Aug 12:21:25 449 - Element is displayed:: [[ChromeDriver: chrome on WINDOWS (bc08538aa04ca0fc5d583beb57eceede)] -> xpath: //button[@title='Remove selected option']]</small> </font> </div>
<div class="test-event"> <font color="maroon"> <small> &emsp; &emsp;--- 06 Aug 12:21:27 375 - Page URL:: https://www.icarstage.com/custom-search-results?searchtext=mig%20brazing%20hands-on%20skills%20development#gsc.tab=0&gsc.q=mig%20brazing%20hands-on%20skills%20development&gsc.page=1</small> </font> </div>
<div class="test-event"> <font color="maroon"> <small> &emsp; &emsp;--- 06 Aug 12:21:27 375 - <b>0</b> - Page Load Wait: (Sync) - ICar.support.Utils.waitForPageLoad(Utils.java:109)</small> </font> </div>
<div class="test-event"> <font color="maroon"> <small> &emsp; &emsp;--- 06 Aug 12:21:37 811 - Catched spinner load exception due to Expected condition failed: waiting for ICar.support.WaitUtils$4@4ccdc1df (tried for 10 second(s) with 500 milliseconds interval)</small> </font> </div>
<div class="test-event"> <font color="maroon"> <small> &emsp; &emsp;--- 06 Aug 12:21:37 811 - <b>10</b> - Spinner Load Wait: (Sync) - ICar.support.WaitUtils.waitForSpinner(WaitUtils.java:225)</small> </font> </div>
<div class="test-event"> <font color="maroon"> <small> &emsp; &emsp;--- 06 Aug 12:21:37 871 - Element is displayed:: [[ChromeDriver: chrome on WINDOWS (bc08538aa04ca0fc5d583beb57eceede)] -> xpath: //table//tbody//td[1]//div//a]</small> </font> </div>
<div class="test-event"> <font color="maroon"> <small> &emsp; &emsp;--- 06 Aug 12:21:39 986 - Element is displayed:: [[ChromeDriver: chrome on WINDOWS (bc08538aa04ca0fc5d583beb57eceede)] -> xpath: //table//tbody//td[1]//div//a]</small> </font> </div>
<div class="test-event"> <font color="maroon"> <small> &emsp; &emsp;--- 06 Aug 12:21:47 331 - Element is displayed:: [[ChromeDriver: chrome on WINDOWS (bc08538aa04ca0fc5d583beb57eceede)] -> xpath: //h2[contains(text(),'Request')]]</small> </font> </div>
<div class="test-event"> <font color="maroon"> <small> &emsp; &emsp;--- 06 Aug 12:21:47 409 - Element is displayed:: [[ChromeDriver: chrome on WINDOWS (bc08538aa04ca0fc5d583beb57eceede)] -> xpath: //h2[contains(text(),'Request')]]</small> </font> </div>
<div class="test-event"> <font color="maroon"> <small> &emsp; &emsp;--- 06 Aug 12:21:47 477 - Element is displayed:: [[ChromeDriver: chrome on WINDOWS (bc08538aa04ca0fc5d583beb57eceede)] -> xpath: //h2[contains(text(),'Request')]]</small> </font> </div>
<div class="test-event"> <font color="maroon"> <small> &emsp; &emsp;--- 06 Aug 12:21:47 607 - Element is displayed:: [[ChromeDriver: chrome on WINDOWS (bc08538aa04ca0fc5d583beb57eceede)] -> xpath: //button[@name='shop']]</small> </font> </div>
<div class="test-event"> <font color="maroon"> <small> &emsp; &emsp;--- 06 Aug 12:21:49 729 - Element is displayed:: [[ChromeDriver: chrome on WINDOWS (bc08538aa04ca0fc5d583beb57eceede)] -> xpath: //button[@name='shop']]</small> </font> </div>
<div class="test-event"> <font color="maroon"> <small> &emsp; &emsp;--- 06 Aug 12:21:49 802 - Element is displayed:: [[ChromeDriver: chrome on WINDOWS (bc08538aa04ca0fc5d583beb57eceede)] -> xpath: //span[@title='Lennox Auto Body']]</small> </font> </div>
<div class="test-message">&emsp;Lennox Auto Body is selected in EventLocation drop down</div>
<div class="test-event"> <font color="maroon"> <small> &emsp; &emsp;--- 06 Aug 12:21:49 883 - Element is displayed:: [[ChromeDriver: chrome on WINDOWS (bc08538aa04ca0fc5d583beb57eceede)] -> xpath: //button[@name='eventType']]</small> </font> </div>
<div class="test-event"> <font color="maroon"> <small> &emsp; &emsp;--- 06 Aug 12:21:51 989 - Element is displayed:: [[ChromeDriver: chrome on WINDOWS (bc08538aa04ca0fc5d583beb57eceede)] -> xpath: //button[@name='eventType']]</small> </font> </div>
<div class="test-event"> <font color="maroon"> <small> &emsp; &emsp;--- 06 Aug 12:21:52 059 - Element is displayed:: [[ChromeDriver: chrome on WINDOWS (bc08538aa04ca0fc5d583beb57eceede)] -> xpath: //span[@title='Next Month']]</small> </font> </div>
<div class="test-message">&emsp;Next Month is selected in period drop down</div>
<div class="test-event"> <font color="maroon"> <small> &emsp; &emsp;--- 06 Aug 12:21:56 244 - Element is displayed:: [[ChromeDriver: chrome on WINDOWS (bc08538aa04ca0fc5d583beb57eceede)] -> xpath: (//input[@data-id='contactInfo'])[2]]</small> </font> </div>
<div class="test-event"> <font color="maroon"> <small> &emsp; &emsp;--- 06 Aug 12:21:56 568 - Element is displayed:: [[ChromeDriver: chrome on WINDOWS (bc08538aa04ca0fc5d583beb57eceede)] -> xpath: //button[@name='paymentType']]</small> </font> </div>
<div class="test-event"> <font color="maroon"> <small> &emsp; &emsp;--- 06 Aug 12:21:56 627 - Element is displayed:: [[ChromeDriver: chrome on WINDOWS (bc08538aa04ca0fc5d583beb57eceede)] -> xpath: //button[@name='paymentType']]</small> </font> </div>
<div class="test-event"> <font color="maroon"> <small> &emsp; &emsp;--- 06 Aug 12:22:00 898 - Element is displayed:: [[ChromeDriver: chrome on WINDOWS (bc08538aa04ca0fc5d583beb57eceede)] -> xpath: //button[@name='paymentType']//span//following::span[@class='slds-truncate']]</small> </font> </div>
<div class="test-message">&emsp;Credit card payment option already exist in payment selection drop down</div>
<div class="test-event"> <font color="maroon"> <small> &emsp; &emsp;--- 06 Aug 12:22:16 135 - Element is displayed:: [[ChromeDriver: chrome on WINDOWS (bc08538aa04ca0fc5d583beb57eceede)] -> xpath: //a[text()='Equip']]</small> </font> </div>
<div class="test-event"> <font color="maroon"> <small> &emsp; &emsp;--- 06 Aug 12:22:16 199 - Element is displayed:: [[ChromeDriver: chrome on WINDOWS (bc08538aa04ca0fc5d583beb57eceede)] -> xpath: //a[text()='Equip']]</small> </font> </div>
<div class="test-event"> <font color="maroon"> <small> &emsp; &emsp;--- 06 Aug 12:22:26 407 - Element is displayed:: [[ChromeDriver: chrome on WINDOWS (bc08538aa04ca0fc5d583beb57eceede)] -> xpath: //a[contains(@name,'Release_and_Waiver')]]</small> </font> </div>
<div class="test-event"> <font color="maroon"> <small> &emsp; &emsp;--- 06 Aug 12:22:26 470 - Element is displayed:: [[ChromeDriver: chrome on WINDOWS (bc08538aa04ca0fc5d583beb57eceede)] -> xpath: //a[contains(@name,'Release_and_Waiver')]]</small> </font> </div>
<div class="test-message">&emsp;Sucessfully verified link&emsp;<a href=".\ScreenShot\ICar_VR_TC32_704995583579300.png" target="_blank" >[ScreenShot]</a></div>
<div class="test-event"> <font color="maroon"> <small> &emsp; &emsp;--- 06 Aug 12:22:32 267 - Element is displayed:: [[ChromeDriver: chrome on WINDOWS (bc08538aa04ca0fc5d583beb57eceede)] -> xpath: //a[contains(@name,'Event_Policy')]]</small> </font> </div>
<div class="test-event"> <font color="maroon"> <small> &emsp; &emsp;--- 06 Aug 12:22:32 325 - Element is displayed:: [[ChromeDriver: chrome on WINDOWS (bc08538aa04ca0fc5d583beb57eceede)] -> xpath: //a[contains(@name,'Event_Policy')]]</small> </font> </div>
<div class="test-message">&emsp;Sucessfully verified link&emsp;<a href=".\ScreenShot\ICar_VR_TC32_705003916982100.png" target="_blank" >[ScreenShot]</a></div>
<div class="test-event"> <font color="maroon"> <small> &emsp; &emsp;--- 06 Aug 12:22:48 525 - Unable to find a element after 6 sec ==> Proxy element for: AjaxElementLocator 'By.cssSelector: a[name*='_COVID_19_Policies']'</small> </font> </div>
<div class="test-event"> <font color="maroon"> <small> &emsp; &emsp;--- 06 Aug 12:23:02 104 - Unable to find a element after 10 sec ==> Proxy element for: AjaxElementLocator 'By.cssSelector: a[name*='_COVID_19_Policies']'</small> </font> </div>
<div class="test-event"> <font color="maroon"> <small> &emsp; &emsp;--- 06 Aug 12:23:04 200 - Element is displayed:: [[ChromeDriver: chrome on WINDOWS (bc08538aa04ca0fc5d583beb57eceede)] -> xpath: (//span[@class='slds-checkbox_faux'])[2]]</small> </font> </div>
<div class="test-event"> <font color="maroon"> <small> &emsp; &emsp;--- 06 Aug 12:23:04 350 - Page URL:: https://www.icarstage.com/product/mig-brazing-handson-skills-development/01tdi000007tevfia2</small> </font> </div>
<div class="test-event"> <font color="maroon"> <small> &emsp; &emsp;--- 06 Aug 12:23:04 350 - <b>0</b> - Page Load Wait: (Sync) - ICar.support.Utils.waitForPageLoad(Utils.java:109)</small> </font> </div>
<div class="test-event"> <font color="maroon"> <small> &emsp; &emsp;--- 06 Aug 12:23:14 716 - Catched spinner load exception due to Expected condition failed: waiting for ICar.support.WaitUtils$4@4ccdc1df (tried for 10 second(s) with 500 milliseconds interval)</small> </font> </div>
<div class="test-event"> <font color="maroon"> <small> &emsp; &emsp;--- 06 Aug 12:23:14 716 - <b>10</b> - Spinner Load Wait: (Sync) - ICar.support.WaitUtils.waitForSpinner(WaitUtils.java:225)</small> </font> </div>
<div class="test-event"> <font color="maroon"> <small> &emsp; &emsp;--- 06 Aug 12:23:16 809 - Element is displayed:: [[ChromeDriver: chrome on WINDOWS (bc08538aa04ca0fc5d583beb57eceede)] -> xpath: (//span[@class='slds-checkbox_faux'])[3]]</small> </font> </div>
<div class="test-event"> <font color="maroon"> <small> &emsp; &emsp;--- 06 Aug 12:23:16 877 - Element is displayed:: [[ChromeDriver: chrome on WINDOWS (bc08538aa04ca0fc5d583beb57eceede)] -> xpath: (//span[@class='slds-checkbox_faux'])[3]]</small> </font> </div>
<div class="test-event"> <font color="maroon"> <small> &emsp; &emsp;--- 06 Aug 12:23:16 977 - Element is displayed:: [[ChromeDriver: chrome on WINDOWS (bc08538aa04ca0fc5d583beb57eceede)] -> xpath: //div[@class='slds-align_absolute-center slds-p-top_small']//button]</small> </font> </div>
<div class="test-event"> <font color="maroon"> <small> &emsp; &emsp;--- 06 Aug 12:23:17 047 - Element is displayed:: [[ChromeDriver: chrome on WINDOWS (bc08538aa04ca0fc5d583beb57eceede)] -> xpath: //div[@class='slds-align_absolute-center slds-p-top_small']//button]</small> </font> </div>
<div class="test-event"> <font color="maroon"> <small> &emsp; &emsp;--- 06 Aug 12:23:27 508 - Catched spinner load exception due to Expected condition failed: waiting for ICar.support.WaitUtils$4@4ccdc1df (tried for 10 second(s) with 500 milliseconds interval)</small> </font> </div>
<div class="test-event"> <font color="maroon"> <small> &emsp; &emsp;--- 06 Aug 12:23:27 508 - <b>10</b> - Spinner Load Wait: (Sync) - ICar.support.WaitUtils.waitForSpinner(WaitUtils.java:225)</small> </font> </div>
<div class="test-event"> <font color="maroon"> <small> &emsp; &emsp;--- 06 Aug 12:23:27 652 - Page URL:: https://www.icarstage.com/product/mig-brazing-handson-skills-development/01tdi000007tevfia2</small> </font> </div>
<div class="test-event"> <font color="maroon"> <small> &emsp; &emsp;--- 06 Aug 12:23:27 653 - <b>0</b> - Page Load Wait: (Sync) - ICar.support.Utils.waitForPageLoad(Utils.java:109)</small> </font> </div>
<div class="test-event"> <font color="maroon"> <small> &emsp; &emsp;--- 06 Aug 12:23:29 958 - Element is displayed:: [[ChromeDriver: chrome on WINDOWS (bc08538aa04ca0fc5d583beb57eceede)] -> xpath: //button[text()='Add Selected Students']]</small> </font> </div>
<div class="test-event"> <font color="maroon"> <small> &emsp; &emsp;--- 06 Aug 12:23:39 611 - Unable to find a element after 6 sec ==> Proxy element for: AjaxElementLocator 'By.xpath: //button[text()='Ok']'</small> </font> </div>
<div class="test-event"> <font color="maroon"> <small> &emsp; &emsp;--- 06 Aug 12:23:53 136 - Unable to find a element after 10 sec ==> Proxy element for: AjaxElementLocator 'By.xpath: //button[text()='Ok']'</small> </font> </div>
<div class="test-event"> <font color="maroon"> <small> &emsp; &emsp;--- 06 Aug 12:23:53 202 - Element is displayed:: [[ChromeDriver: chrome on WINDOWS (bc08538aa04ca0fc5d583beb57eceede)] -> xpath: //button[text()='Make Request']]</small> </font> </div>
<div class="test-event"> <font color="maroon"> <small> &emsp; &emsp;--- 06 Aug 12:23:55 292 - Element is displayed:: [[ChromeDriver: chrome on WINDOWS (bc08538aa04ca0fc5d583beb57eceede)] -> xpath: //button[text()='Make Request']]</small> </font> </div>
<div class="test-event"> <font color="maroon"> <small> &emsp; &emsp;--- 06 Aug 12:24:25 718 - Catched spinner load exception due to Expected condition failed: waiting for ICar.support.WaitUtils$4@4ccdc1df (tried for 30 second(s) with 500 milliseconds interval)</small> </font> </div>
<div class="test-event"> <font color="maroon"> <small> &emsp; &emsp;--- 06 Aug 12:24:25 718 - <b>30</b> - Spinner Load Wait: (Sync) - ICar.support.WaitUtils.waitForSpinner(WaitUtils.java:225)</small> </font> </div>
<div class="test-message">&emsp;Successfully Requested the MIG Brazing Hands-On Skills Development course&emsp;<a href=".\ScreenShot\ICar_VR_TC32_705111367907000.png" target="_blank" >[ScreenShot]</a></div>
<div class="test-message">&emsp;5.Navigat to 'Hands on, Welding assessment and private events' page</div>
<div class="test-event"> <font color="maroon"> <small> &emsp; &emsp;--- 06 Aug 12:24:26 308 - Page URL:: https://my.icarstage.com/s/manage-in-shop-events</small> </font> </div>
<div class="test-event"> <font color="maroon"> <small> &emsp; &emsp;--- 06 Aug 12:24:26 308 - <b>0</b> - Page Load Wait: (Sync) - ICar.support.Utils.waitForPageLoad(Utils.java:109)</small> </font> </div>
<div class="test-event"> <font color="maroon"> <small> &emsp; &emsp;--- 06 Aug 12:24:26 384 - Element is displayed:: [[ChromeDriver: chrome on WINDOWS (bc08538aa04ca0fc5d583beb57eceede)] -> xpath: //button[@value='Launch myLearning']]</small> </font> </div>
<div class="test-event"> <font color="maroon"> <small> &emsp; &emsp;--- 06 Aug 12:24:26 516 - Page URL:: https://my.icarstage.com/s/manage-in-shop-events</small> </font> </div>
<div class="test-event"> <font color="maroon"> <small> &emsp; &emsp;--- 06 Aug 12:24:26 516 - <b>0</b> - Page Load Wait: (Sync) - ICar.support.Utils.waitForPageLoad(Utils.java:109)</small> </font> </div>
<div class="test-event"> <font color="maroon"> <small> &emsp; &emsp;--- 06 Aug 12:24:51 974 - Catched spinner load exception due to Expected condition failed: waiting for ICar.support.WaitUtils$4@4ccdc1df (tried for 25 second(s) with 500 milliseconds interval)</small> </font> </div>
<div class="test-event"> <font color="maroon"> <small> &emsp; &emsp;--- 06 Aug 12:24:51 974 - <b>25</b> - Spinner Load Wait: (Sync) - ICar.support.WaitUtils.waitForSpinner(WaitUtils.java:225)</small> </font> </div>
<div class="test-event"> <font color="maroon"> <small> &emsp; &emsp;--- 06 Aug 12:24:52 029 - Element is displayed:: [[ChromeDriver: chrome on WINDOWS (bc08538aa04ca0fc5d583beb57eceede)] -> xpath: //a[text()='Manage In-Shop Events']]</small> </font> </div>
<div class="test-event"> <font color="maroon"> <small> &emsp; &emsp;--- 06 Aug 12:24:54 134 - Element is displayed:: [[ChromeDriver: chrome on WINDOWS (bc08538aa04ca0fc5d583beb57eceede)] -> xpath: //a[text()='Manage In-Shop Events']]</small> </font> </div>
<div class="test-event"> <font color="maroon"> <small> &emsp; &emsp;--- 06 Aug 12:25:20 415 - Catched spinner load exception due to Expected condition failed: waiting for ICar.support.WaitUtils$4@4ccdc1df (tried for 20 second(s) with 500 milliseconds interval)</small> </font> </div>
<div class="test-event"> <font color="maroon"> <small> &emsp; &emsp;--- 06 Aug 12:25:20 415 - <b>20</b> - Spinner Load Wait: (Sync) - ICar.support.WaitUtils.waitForSpinner(WaitUtils.java:225)</small> </font> </div>
<div class="test-event"> <font color="maroon"> <small> &emsp; &emsp;--- 06 Aug 12:25:20 625 - Page URL:: https://my.icarstage.com/s/manage-in-shop-events</small> </font> </div>
<div class="test-event"> <font color="maroon"> <small> &emsp; &emsp;--- 06 Aug 12:25:20 625 - <b>0</b> - Page Load Wait: (Sync) - ICar.support.Utils.waitForPageLoad(Utils.java:109)</small> </font> </div>
<div class="test-event"> <font color="maroon"> <small> &emsp; &emsp;--- 06 Aug 12:25:20 670 - Element is displayed:: [[ChromeDriver: chrome on WINDOWS (bc08538aa04ca0fc5d583beb57eceede)] -> xpath: //div[@class='slds-select_container']//select]</small> </font> </div>
<div class="test-message">&emsp;Successfully navigated to 'Hands on, Welding assessment and private events' page&emsp;<a href=".\ScreenShot\ICar_VR_TC32_705166319743200.png" target="_blank" >[ScreenShot]</a></div>
<div class="test-message">&emsp;6.Verify the request should be in 'In Scheduling'</div>
<div class="test-event"> <font color="maroon"> <small> &emsp; &emsp;--- 06 Aug 12:25:23 287 - Element is displayed:: [[ChromeDriver: chrome on WINDOWS (bc08538aa04ca0fc5d583beb57eceede)] -> xpath: //div[@class='slds-select_container']//select]</small> </font> </div>
<div class="test-event"> <font color="maroon"> <small> &emsp; &emsp;--- 06 Aug 12:25:23 327 - Element is displayed:: [[ChromeDriver: chrome on WINDOWS (bc08538aa04ca0fc5d583beb57eceede)] -> xpath: //div[@class='slds-select_container']//select]</small> </font> </div>
<div class="test-message">&emsp;In Schedulingvalue is selected in Request status drop down</div>
<div class="test-event"> <font color="maroon"> <small> &emsp; &emsp;--- 06 Aug 12:25:26 605 - Catched spinner load exception due to Expected condition failed: waiting for ICar.support.WaitUtils$4@4ccdc1df (tried for 3 second(s) with 500 milliseconds interval)</small> </font> </div>
<div class="test-event"> <font color="maroon"> <small> &emsp; &emsp;--- 06 Aug 12:25:26 606 - <b>3</b> - Spinner Load Wait: (Sync) - ICar.support.WaitUtils.waitForSpinner(WaitUtils.java:225)</small> </font> </div>
<div class="test-event"> <font color="maroon"> <small> &emsp; &emsp;--- 06 Aug 12:25:26 662 - Element is displayed:: [[ChromeDriver: chrome on WINDOWS (bc08538aa04ca0fc5d583beb57eceede)] -> xpath: //div[@class='slds-select_container']//select]</small> </font> </div>
<div class="test-event"> <font color="maroon"> <small> &emsp; &emsp;--- 06 Aug 12:25:26 704 - Element is displayed:: [[ChromeDriver: chrome on WINDOWS (bc08538aa04ca0fc5d583beb57eceede)] -> xpath: //div[@class='slds-select_container']//select]</small> </font> </div>
<div class="test-message">&emsp;Lennox Auto Bodyvalue is selected in Location drop down</div>
<div class="test-event"> <font color="maroon"> <small> &emsp; &emsp;--- 06 Aug 12:25:29 873 - Catched spinner load exception due to Expected condition failed: waiting for ICar.support.WaitUtils$4@4ccdc1df (tried for 3 second(s) with 500 milliseconds interval)</small> </font> </div>
<div class="test-event"> <font color="maroon"> <small> &emsp; &emsp;--- 06 Aug 12:25:29 873 - <b>3</b> - Spinner Load Wait: (Sync) - ICar.support.WaitUtils.waitForSpinner(WaitUtils.java:225)</small> </font> </div>
<div class="test-event"> <font color="maroon"> <small> &emsp; &emsp;--- 06 Aug 12:25:29 911 - Element is displayed:: [[ChromeDriver: chrome on WINDOWS (bc08538aa04ca0fc5d583beb57eceede)] -> xpath: //div[@class='slds-select_container']//select]</small> </font> </div>
<div class="test-event"> <font color="maroon"> <small> &emsp; &emsp;--- 06 Aug 12:25:29 950 - Element is displayed:: [[ChromeDriver: chrome on WINDOWS (bc08538aa04ca0fc5d583beb57eceede)] -> xpath: //div[@class='slds-select_container']//select]</small> </font> </div>
<div class="test-message">&emsp;Hands-Onvalue is selected in Type drop down</div>
<div class="test-event"> <font color="maroon"> <small> &emsp; &emsp;--- 06 Aug 12:25:40 440 - Catched spinner load exception due to Expected condition failed: waiting for ICar.support.WaitUtils$4@4ccdc1df (tried for 10 second(s) with 500 milliseconds interval)</small> </font> </div>
<div class="test-event"> <font color="maroon"> <small> &emsp; &emsp;--- 06 Aug 12:25:40 440 - <b>10</b> - Spinner Load Wait: (Sync) - ICar.support.WaitUtils.waitForSpinner(WaitUtils.java:225)</small> </font> </div>
<div class="test-message">&emsp;Successfully displayed table results as per the given Request status:In Scheduling Location:Lennox Auto Body Type:Hands-On&emsp;<a href=".\ScreenShot\ICar_VR_TC32_705186200093700.png" target="_blank" >[ScreenShot]</a></div>
<div class="test-event"> <font color="maroon"> <small> &emsp; &emsp;--- 06 Aug 12:25:43 714 - Page URL:: https://i-car--staging.sandbox.my.salesforce.com/</small> </font> </div>
<div class="test-event"> <font color="maroon"> <small> &emsp; &emsp;--- 06 Aug 12:25:43 714 - <b>0</b> - Page Load Wait: (Sync) - ICar.support.Utils.waitForPageLoad(Utils.java:109)</small> </font> </div>
<div class="test-message">&emsp;Successfully navigated to 'Login' Page&emsp;<a href=".\ScreenShot\ICar_VR_TC32_705189364668100.png" target="_blank" >[ScreenShot]</a></div>
<div class="test-message">&emsp;1. Login page is launched.</div>
<div class="test-event"> <font color="maroon"> <small> &emsp; &emsp;--- 06 Aug 12:25:44 014 - Element is displayed:: [[ChromeDriver: chrome on WINDOWS (bc08538aa04ca0fc5d583beb57eceede)] -> id: username]</small> </font> </div>
<div class="test-event"> <font color="maroon"> <small> &emsp; &emsp;--- 06 Aug 12:25:44 094 - Element is displayed:: [[ChromeDriver: chrome on WINDOWS (bc08538aa04ca0fc5d583beb57eceede)] -> id: username]</small> </font> </div>
<div class="test-event"> <font color="maroon"> <small> &emsp; &emsp;--- 06 Aug 12:25:44 504 - Element is displayed:: [[ChromeDriver: chrome on WINDOWS (bc08538aa04ca0fc5d583beb57eceede)] -> id: password]</small> </font> </div>
<div class="test-event"> <font color="maroon"> <small> &emsp; &emsp;--- 06 Aug 12:25:44 736 - Element is displayed:: [[ChromeDriver: chrome on WINDOWS (bc08538aa04ca0fc5d583beb57eceede)] -> id: Login]</small> </font> </div>
<div class="test-event"> <font color="maroon"> <small> &emsp; &emsp;--- 06 Aug 12:26:19 822 - Catched spinner load exception due to Expected condition failed: waiting for ICar.support.WaitUtils$4@4ccdc1df (tried for 13 second(s) with 500 milliseconds interval)</small> </font> </div>
<div class="test-event"> <font color="maroon"> <small> &emsp; &emsp;--- 06 Aug 12:26:19 822 - <b>13</b> - Spinner Load Wait: (Sync) - ICar.support.WaitUtils.waitForSpinner(WaitUtils.java:225)</small> </font> </div>
<div class="test-event"> <font color="maroon"> <small> &emsp; &emsp;--- 06 Aug 12:26:36 698 - Catched spinner load exception due to Expected condition failed: waiting for ICar.support.WaitUtils$4@4ccdc1df (tried for 6 second(s) with 500 milliseconds interval)</small> </font> </div>
<div class="test-event"> <font color="maroon"> <small> &emsp; &emsp;--- 06 Aug 12:26:36 698 - <b>6</b> - Spinner Load Wait: (Sync) - ICar.support.WaitUtils.waitForSpinner(WaitUtils.java:225)</small> </font> </div>
<div class="test-event"> <font color="maroon"> <small> &emsp; &emsp;--- 06 Aug 12:26:36 785 - Element is displayed:: [[ChromeDriver: chrome on WINDOWS (bc08538aa04ca0fc5d583beb57eceede)] -> css selector: button[class*='search-button']]</small> </font> </div>
<div class="test-message">&emsp;2. Navigate to 'SalesForce Page'</div>
<div class="test-event"> <font color="maroon"> <small> &emsp; &emsp;--- 06 Aug 12:26:37 200 - Page URL:: https://i-car--staging.sandbox.lightning.force.com/lightning/o/account/list?filtername=00b1i000007mf4quaa</small> </font> </div>
<div class="test-event"> <font color="maroon"> <small> &emsp; &emsp;--- 06 Aug 12:26:37 200 - <b>0</b> - Page Load Wait: (Sync) - ICar.support.Utils.waitForPageLoad(Utils.java:109)</small> </font> </div>
<div class="test-event"> <font color="maroon"> <small> &emsp; &emsp;--- 06 Aug 12:26:42 684 - Page URL:: https://i-car--staging.sandbox.lightning.force.com/lightning/o/account/list?filtername=00b1i000007mf4quaa</small> </font> </div>
<div class="test-event"> <font color="maroon"> <small> &emsp; &emsp;--- 06 Aug 12:26:42 684 - <b>0</b> - Page Load Wait: (Sync) - ICar.support.Utils.waitForPageLoad(Utils.java:109)</small> </font> </div>
<div class="test-message">&emsp;Close the tab</div>
<div class="test-event"> <font color="maroon"> <small> &emsp; &emsp;--- 06 Aug 12:27:05 622 - Catched spinner load exception due to Expected condition failed: waiting for ICar.support.WaitUtils$4@4ccdc1df (tried for 5 second(s) with 500 milliseconds interval)</small> </font> </div>
<div class="test-event"> <font color="maroon"> <small> &emsp; &emsp;--- 06 Aug 12:27:05 622 - <b>5</b> - Spinner Load Wait: (Sync) - ICar.support.WaitUtils.waitForSpinner(WaitUtils.java:225)</small> </font> </div>
<div class="test-event"> <font color="maroon"> <small> &emsp; &emsp;--- 06 Aug 12:27:06 021 - Page URL:: https://i-car--staging.sandbox.lightning.force.com/lightning/o/account/list?filtername=00b1i000007mf4quaa</small> </font> </div>
<div class="test-event"> <font color="maroon"> <small> &emsp; &emsp;--- 06 Aug 12:27:06 021 - <b>0</b> - Page Load Wait: (Sync) - ICar.support.Utils.waitForPageLoad(Utils.java:109)</small> </font> </div>
<div class="test-event"> <font color="maroon"> <small> &emsp; &emsp;--- 06 Aug 12:27:06 091 - Element is displayed:: [[ChromeDriver: chrome on WINDOWS (bc08538aa04ca0fc5d583beb57eceede)] -> xpath: //div[contains(@class,'appLauncher ')]//button]</small> </font> </div>
<div class="test-event"> <font color="maroon"> <small> &emsp; &emsp;--- 06 Aug 12:27:06 159 - Element is displayed:: [[ChromeDriver: chrome on WINDOWS (bc08538aa04ca0fc5d583beb57eceede)] -> xpath: //div[contains(@class,'appLauncher ')]//button]</small> </font> </div>
<div class="test-event"> <font color="maroon"> <small> &emsp; &emsp;--- 06 Aug 12:27:08 596 - Element is displayed:: [[ChromeDriver: chrome on WINDOWS (bc08538aa04ca0fc5d583beb57eceede)] -> xpath: //input[@placeholder='Search apps and items...']]</small> </font> </div>
<div class="test-event"> <font color="maroon"> <small> &emsp; &emsp;--- 06 Aug 12:27:08 669 - Element is displayed:: [[ChromeDriver: chrome on WINDOWS (bc08538aa04ca0fc5d583beb57eceede)] -> xpath: //input[@placeholder='Search apps and items...']]</small> </font> </div>
<div class="test-event"> <font color="maroon"> <small> &emsp; &emsp;--- 06 Aug 12:27:12 046 - Element is displayed:: [[ChromeDriver: chrome on WINDOWS (bc08538aa04ca0fc5d583beb57eceede)] -> xpath: //lightning-formatted-rich-text/span/p/b[text()='Session Scheduling Console']]</small> </font> </div>
<div class="test-event"> <font color="maroon"> <small> &emsp; &emsp;--- 06 Aug 12:27:15 087 - Element is displayed:: [[ChromeDriver: chrome on WINDOWS (bc08538aa04ca0fc5d583beb57eceede)] -> xpath: //lightning-formatted-rich-text/span/p/b[text()='Session Scheduling Console']]</small> </font> </div>
<div class="test-event"> <font color="maroon"> <small> &emsp; &emsp;--- 06 Aug 12:27:15 810 - Page URL:: https://i-car--staging.sandbox.lightning.force.com/lightning/o/account/list?filtername=00b1i000007mf4quaa</small> </font> </div>
<div class="test-event"> <font color="maroon"> <small> &emsp; &emsp;--- 06 Aug 12:27:15 810 - <b>0</b> - Page Load Wait: (Sync) - ICar.support.Utils.waitForPageLoad(Utils.java:109)</small> </font> </div>
<div class="test-event"> <font color="maroon"> <small> &emsp; &emsp;--- 06 Aug 12:27:26 103 - Page URL:: https://i-car--staging.sandbox.lightning.force.com/lightning/n/session_scheduling_console</small> </font> </div>
<div class="test-event"> <font color="maroon"> <small> &emsp; &emsp;--- 06 Aug 12:27:26 103 - <b>0</b> - Page Load Wait: (Sync) - ICar.support.Utils.waitForPageLoad(Utils.java:109)</small> </font> </div>
<div class="test-event"> <font color="maroon"> <small> &emsp; &emsp;--- 06 Aug 12:27:50 106 - Catched spinner load exception due to Expected condition failed: waiting for ICar.support.WaitUtils$4@4ccdc1df (tried for 24 second(s) with 500 milliseconds interval)</small> </font> </div>
<div class="test-event"> <font color="maroon"> <small> &emsp; &emsp;--- 06 Aug 12:27:50 106 - <b>24</b> - Spinner Load Wait: (Sync) - ICar.support.WaitUtils.waitForSpinner(WaitUtils.java:225)</small> </font> </div>
<div class="test-event"> <font color="maroon"> <small> &emsp; &emsp;--- 06 Aug 12:27:50 312 - Page URL:: https://i-car--staging.sandbox.lightning.force.com/lightning/n/session_scheduling_console</small> </font> </div>
<div class="test-event"> <font color="maroon"> <small> &emsp; &emsp;--- 06 Aug 12:27:50 312 - <b>0</b> - Page Load Wait: (Sync) - ICar.support.Utils.waitForPageLoad(Utils.java:109)</small> </font> </div>
<div class="test-event"> <font color="maroon"> <small> &emsp; &emsp;--- 06 Aug 12:28:10 507 - Catched spinner load exception due to Expected condition failed: waiting for ICar.support.WaitUtils$4@4ccdc1df (tried for 20 second(s) with 500 milliseconds interval)</small> </font> </div>
<div class="test-event"> <font color="maroon"> <small> &emsp; &emsp;--- 06 Aug 12:28:10 507 - <b>20</b> - Spinner Load Wait: (Sync) - ICar.support.WaitUtils.waitForSpinner(WaitUtils.java:225)</small> </font> </div>
<div class="test-message">&emsp;Total no of frames 1</div>
<div class="test-event"> <font color="maroon"> <small> &emsp; &emsp;--- 06 Aug 12:28:10 657 - Element is displayed:: [[ChromeDriver: chrome on WINDOWS (bc08538aa04ca0fc5d583beb57eceede)] -> xpath: //span[@class='slds-checkbox_faux']]</small> </font> </div>
<div class="test-event"> <font color="maroon"> <small> &emsp; &emsp;--- 06 Aug 12:28:14 777 - Element is displayed:: [[ChromeDriver: chrome on WINDOWS (bc08538aa04ca0fc5d583beb57eceede)] -> xpath: //span[@class='slds-checkbox_faux']]</small> </font> </div>
<div class="test-event"> <font color="maroon"> <small> &emsp; &emsp;--- 06 Aug 12:28:16 882 - Element is displayed:: [[ChromeDriver: chrome on WINDOWS (bc08538aa04ca0fc5d583beb57eceede)] -> xpath: //div[text()='Queued']]</small> </font> </div>
<div class="test-event"> <font color="maroon"> <small> &emsp; &emsp;--- 06 Aug 12:28:19 973 - Element is displayed:: [[ChromeDriver: chrome on WINDOWS (bc08538aa04ca0fc5d583beb57eceede)] -> xpath: (//input[@type='text'])[4]]</small> </font> </div>
<div class="test-event"> <font color="maroon"> <small> &emsp; &emsp;--- 06 Aug 12:28:20 029 - Element is displayed:: [[ChromeDriver: chrome on WINDOWS (bc08538aa04ca0fc5d583beb57eceede)] -> xpath: (//input[@type='text'])[4]]</small> </font> </div>
<div class="test-event"> <font color="maroon"> <small> &emsp; &emsp;--- 06 Aug 12:28:20 097 - Element is displayed:: [[ChromeDriver: chrome on WINDOWS (bc08538aa04ca0fc5d583beb57eceede)] -> xpath: (//input[@type='text'])[4]]</small> </font> </div>
<div class="test-event"> <font color="maroon"> <small> &emsp; &emsp;--- 06 Aug 12:28:23 447 - Page URL:: https://i-car--staging.sandbox.lightning.force.com/lightning/n/session_scheduling_console</small> </font> </div>
<div class="test-event"> <font color="maroon"> <small> &emsp; &emsp;--- 06 Aug 12:28:23 447 - <b>0</b> - Page Load Wait: (Sync) - ICar.support.Utils.waitForPageLoad(Utils.java:109)</small> </font> </div>
<div class="test-event"> <font color="maroon"> <small> &emsp; &emsp;--- 06 Aug 12:28:23 690 - Page URL:: https://i-car--staging.sandbox.lightning.force.com/lightning/n/session_scheduling_console</small> </font> </div>
<div class="test-event"> <font color="maroon"> <small> &emsp; &emsp;--- 06 Aug 12:28:23 690 - <b>0</b> - Page Load Wait: (Sync) - ICar.support.Utils.waitForPageLoad(Utils.java:109)</small> </font> </div>
<div class="test-event"> <font color="maroon"> <small> &emsp; &emsp;--- 06 Aug 12:28:36 195 - Catched spinner load exception due to Expected condition failed: waiting for ICar.support.WaitUtils$4@4ccdc1df (tried for 12 second(s) with 500 milliseconds interval)</small> </font> </div>
<div class="test-event"> <font color="maroon"> <small> &emsp; &emsp;--- 06 Aug 12:28:36 195 - <b>12</b> - Spinner Load Wait: (Sync) - ICar.support.WaitUtils.waitForSpinner(WaitUtils.java:225)</small> </font> </div>
<div class="test-event"> <font color="maroon"> <small> &emsp; &emsp;--- 06 Aug 12:28:56 487 - Catched spinner load exception due to Expected condition failed: waiting for ICar.support.WaitUtils$4@4ccdc1df (tried for 20 second(s) with 500 milliseconds interval)</small> </font> </div>
<div class="test-event"> <font color="maroon"> <small> &emsp; &emsp;--- 06 Aug 12:28:56 488 - <b>20</b> - Spinner Load Wait: (Sync) - ICar.support.WaitUtils.waitForSpinner(WaitUtils.java:225)</small> </font> </div>
<div class="test-message">&emsp;Total no of frames 1</div>
<div class="test-message">&emsp;Job numberJOB-97281</div>
<div class="test-event"> <font color="maroon"> <small> &emsp; &emsp;--- 06 Aug 12:29:11 123 - Catched spinner load exception due to Expected condition failed: waiting for ICar.support.WaitUtils$4@4ccdc1df (tried for 12 second(s) with 500 milliseconds interval)</small> </font> </div>
<div class="test-event"> <font color="maroon"> <small> &emsp; &emsp;--- 06 Aug 12:29:11 123 - <b>12</b> - Spinner Load Wait: (Sync) - ICar.support.WaitUtils.waitForSpinner(WaitUtils.java:225)</small> </font> </div>
<div class="test-event"> <font color="maroon"> <small> &emsp; &emsp;--- 06 Aug 12:29:11 183 - Element is displayed:: [[ChromeDriver: chrome on WINDOWS (bc08538aa04ca0fc5d583beb57eceede)] -> xpath: //div[@class='slds-scrollable_y slds-p-horizontal_small slds-grow ng-scope']//table//tbody//tr//td[@class='col-action']//button]</small> </font> </div>
<div class="test-event"> <font color="maroon"> <small> &emsp; &emsp;--- 06 Aug 12:29:11 276 - Element is displayed:: [[ChromeDriver: chrome on WINDOWS (bc08538aa04ca0fc5d583beb57eceede)] -> xpath: (//li[@class='slds-dropdown__item']//a//span[@class='slds-truncate'])[2]]</small> </font> </div>
<div class="test-event"> <font color="maroon"> <small> &emsp; &emsp;--- 06 Aug 12:29:31 917 - Catched spinner load exception due to Expected condition failed: waiting for ICar.support.WaitUtils$4@4ccdc1df (tried for 10 second(s) with 500 milliseconds interval)</small> </font> </div>
<div class="test-event"> <font color="maroon"> <small> &emsp; &emsp;--- 06 Aug 12:29:31 917 - <b>10</b> - Spinner Load Wait: (Sync) - ICar.support.WaitUtils.waitForSpinner(WaitUtils.java:225)</small> </font> </div>
<div class="test-event"> <font color="maroon"> <small> &emsp; &emsp;--- 06 Aug 12:29:31 953 - Element is displayed:: [[ChromeDriver: chrome on WINDOWS (bc08538aa04ca0fc5d583beb57eceede)] -> css selector: div[class*='schedule-box_container']]</small> </font> </div>
<div class="test-event"> <font color="maroon"> <small> &emsp; &emsp;--- 06 Aug 12:29:46 605 - Catched spinner load exception due to Expected condition failed: waiting for ICar.support.WaitUtils$4@4ccdc1df (tried for 10 second(s) with 500 milliseconds interval)</small> </font> </div>
<div class="test-event"> <font color="maroon"> <small> &emsp; &emsp;--- 06 Aug 12:29:46 605 - <b>10</b> - Spinner Load Wait: (Sync) - ICar.support.WaitUtils.waitForSpinner(WaitUtils.java:225)</small> </font> </div>
<div class="test-event"> <font color="maroon"> <small> &emsp; &emsp;--- 06 Aug 12:29:46 688 - Element is displayed:: [[ChromeDriver: chrome on WINDOWS (bc08538aa04ca0fc5d583beb57eceede)] -> xpath: //div[@model='job.startTime']//input[contains(@name,'startTime_')]]</small> </font> </div>
<div class="test-event"> <font color="maroon"> <small> &emsp; &emsp;--- 06 Aug 12:29:49 777 - Element is displayed:: [[ChromeDriver: chrome on WINDOWS (bc08538aa04ca0fc5d583beb57eceede)] -> css selector: div[class*='schedule-box_container']]</small> </font> </div>
<div class="test-event"> <font color="maroon"> <small> &emsp; &emsp;--- 06 Aug 12:29:57 593 - Element is displayed:: [[ChromeDriver: chrome on WINDOWS (bc08538aa04ca0fc5d583beb57eceede)] -> xpath: (//div[@class='ui-timepicker-wrapper ui-timepicker-positioned-top'])[1] /ul/li]</small> </font> </div>
<div class="test-message">&emsp;Start time entered for sheduling the session is : 03:30 AM&emsp;<a href=".\ScreenShot\ICar_VR_TC32_705451960866700.png" target="_blank" >[ScreenShot]</a></div>
<div class="test-event"> <font color="maroon"> <small> &emsp; &emsp;--- 06 Aug 12:30:06 599 - Element is displayed:: [[ChromeDriver: chrome on WINDOWS (bc08538aa04ca0fc5d583beb57eceede)] -> css selector: div[label='Session Owner'] button]</small> </font> </div>
<div class="test-event"> <font color="maroon"> <small> &emsp; &emsp;--- 06 Aug 12:30:08 112 - Element is displayed:: [[ChromeDriver: chrome on WINDOWS (bc08538aa04ca0fc5d583beb57eceede)] -> xpath: //div[@ref='undefined']//ul//li//span/div]</small> </font> </div>
<div class="test-event"> <font color="maroon"> <small> &emsp; &emsp;--- 06 Aug 12:30:08 150 - Element is displayed:: [[ChromeDriver: chrome on WINDOWS (bc08538aa04ca0fc5d583beb57eceede)] -> xpath: //div[@ref='undefined']//ul//li//span/div]</small> </font> </div>
<div class="test-message">&emsp;Session owner name is entered </div>
<div class="test-event"> <font color="maroon"> <small> &emsp; &emsp;--- 06 Aug 12:30:13 468 - Element is displayed:: [[ChromeDriver: chrome on WINDOWS (bc08538aa04ca0fc5d583beb57eceede)] -> xpath: //button[text()='Save & Allocate Instructor(s)'] | //button[text()=' Save & Allocate Instructor(s) ']]</small> </font> </div>
<div class="test-event"> <font color="maroon"> <small> &emsp; &emsp;--- 06 Aug 12:30:20 813 - Catched spinner load exception due to Expected condition failed: waiting for ICar.support.WaitUtils$4@4ccdc1df (tried for 7 second(s) with 500 milliseconds interval)</small> </font> </div>
<div class="test-event"> <font color="maroon"> <small> &emsp; &emsp;--- 06 Aug 12:30:20 813 - <b>7</b> - Spinner Load Wait: (Sync) - ICar.support.WaitUtils.waitForSpinner(WaitUtils.java:225)</small> </font> </div>
<div class="test-event"> <font color="maroon"> <small> &emsp; &emsp;--- 06 Aug 12:30:21 121 - Page URL:: https://i-car--staging.sandbox.lightning.force.com/lightning/n/session_scheduling_console</small> </font> </div>
<div class="test-event"> <font color="maroon"> <small> &emsp; &emsp;--- 06 Aug 12:30:21 122 - <b>0</b> - Page Load Wait: (Sync) - ICar.support.Utils.waitForPageLoad(Utils.java:109)</small> </font> </div>
<div class="test-event"> <font color="maroon"> <small> &emsp; &emsp;--- 06 Aug 12:30:41 492 - Catched spinner load exception due to Expected condition failed: waiting for ICar.support.WaitUtils$4@4ccdc1df (tried for 20 second(s) with 500 milliseconds interval)</small> </font> </div>
<div class="test-event"> <font color="maroon"> <small> &emsp; &emsp;--- 06 Aug 12:30:41 492 - <b>20</b> - Spinner Load Wait: (Sync) - ICar.support.WaitUtils.waitForSpinner(WaitUtils.java:225)</small> </font> </div>
<div class="test-event"> <font color="maroon"> <small> &emsp; &emsp;--- 06 Aug 12:30:41 838 - Page URL:: https://i-car--staging.sandbox.lightning.force.com/lightning/n/session_scheduling_console</small> </font> </div>
<div class="test-event"> <font color="maroon"> <small> &emsp; &emsp;--- 06 Aug 12:30:41 839 - <b>0</b> - Page Load Wait: (Sync) - ICar.support.Utils.waitForPageLoad(Utils.java:109)</small> </font> </div>
<div class="test-event"> <font color="maroon"> <small> &emsp; &emsp;--- 06 Aug 12:32:31 386 - Element is displayed:: [[ChromeDriver: chrome on WINDOWS (bc08538aa04ca0fc5d583beb57eceede)] -> xpath: //button[@class='slds-button slds-button_icon button-icon_blue slds-button_icon-border-filled slds-button_icon-x-small'] | //button[@class='slds-button slds-button_icon slds-button_icon-border-filled slds-button_icon-x-small button-icon_blue']]</small> </font> </div>
<div class="test-message">&emsp;Created Jobs are assigned with instructor/Assessor IcAR Automation Instructor 0</div>
<div class="test-event"> <font color="maroon"> <small> &emsp; &emsp;--- 06 Aug 12:32:31 590 - Element is displayed:: [[ChromeDriver: chrome on WINDOWS (bc08538aa04ca0fc5d583beb57eceede)] -> xpath: //button[text()='No (assign anyway)']]</small> </font> </div>
<div class="test-event"> <font color="maroon"> <small> &emsp; &emsp;--- 06 Aug 12:32:31 659 - Element is displayed:: [[ChromeDriver: chrome on WINDOWS (bc08538aa04ca0fc5d583beb57eceede)] -> xpath: //button[text()='No (assign anyway)']]</small> </font> </div>
<div class="test-event"> <font color="maroon"> <small> &emsp; &emsp;--- 06 Aug 12:32:35 062 - Element is displayed:: [[ChromeDriver: chrome on WINDOWS (bc08538aa04ca0fc5d583beb57eceede)] -> xpath: //button[text()='Save & Dispatch']]</small> </font> </div>
<div class="test-message">&emsp;Assigned assessor for scheduled job </div>
<div class="test-event"> <font color="maroon"> <small> &emsp; &emsp;--- 06 Aug 12:32:38 391 - Page URL:: https://i-car--staging.sandbox.lightning.force.com/lightning/n/session_scheduling_console</small> </font> </div>
<div class="test-event"> <font color="maroon"> <small> &emsp; &emsp;--- 06 Aug 12:32:38 391 - <b>0</b> - Page Load Wait: (Sync) - ICar.support.Utils.waitForPageLoad(Utils.java:109)</small> </font> </div>
<div class="test-event"> <font color="maroon"> <small> &emsp; &emsp;--- 06 Aug 12:32:43 624 - Page URL:: https://i-car--staging.sandbox.lightning.force.com/lightning/n/session_scheduling_console</small> </font> </div>
<div class="test-event"> <font color="maroon"> <small> &emsp; &emsp;--- 06 Aug 12:32:43 624 - <b>0</b> - Page Load Wait: (Sync) - ICar.support.Utils.waitForPageLoad(Utils.java:109)</small> </font> </div>
<div class="test-message">&emsp;Close the tab</div>
<div class="test-event"> <font color="maroon"> <small> &emsp; &emsp;--- 06 Aug 12:32:53 941 - Catched spinner load exception due to Expected condition failed: waiting for ICar.support.WaitUtils$4@4ccdc1df (tried for 5 second(s) with 500 milliseconds interval)</small> </font> </div>
<div class="test-event"> <font color="maroon"> <small> &emsp; &emsp;--- 06 Aug 12:32:53 942 - <b>5</b> - Spinner Load Wait: (Sync) - ICar.support.WaitUtils.waitForSpinner(WaitUtils.java:225)</small> </font> </div>
<div class="test-event"> <font color="maroon"> <small> &emsp; &emsp;--- 06 Aug 12:32:54 190 - Page URL:: https://i-car--staging.sandbox.lightning.force.com/lightning/n/session_scheduling_console</small> </font> </div>
<div class="test-event"> <font color="maroon"> <small> &emsp; &emsp;--- 06 Aug 12:32:54 190 - <b>0</b> - Page Load Wait: (Sync) - ICar.support.Utils.waitForPageLoad(Utils.java:109)</small> </font> </div>
<div class="test-event"> <font color="maroon"> <small> &emsp; &emsp;--- 06 Aug 12:32:54 266 - Element is displayed:: [[ChromeDriver: chrome on WINDOWS (bc08538aa04ca0fc5d583beb57eceede)] -> xpath: //div[contains(@class,'appLauncher ')]//button]</small> </font> </div>
<div class="test-event"> <font color="maroon"> <small> &emsp; &emsp;--- 06 Aug 12:32:54 334 - Element is displayed:: [[ChromeDriver: chrome on WINDOWS (bc08538aa04ca0fc5d583beb57eceede)] -> xpath: //div[contains(@class,'appLauncher ')]//button]</small> </font> </div>
<div class="test-event"> <font color="maroon"> <small> &emsp; &emsp;--- 06 Aug 12:32:54 521 - Element is displayed:: [[ChromeDriver: chrome on WINDOWS (bc08538aa04ca0fc5d583beb57eceede)] -> xpath: //input[@placeholder='Search apps and items...']]</small> </font> </div>
<div class="test-event"> <font color="maroon"> <small> &emsp; &emsp;--- 06 Aug 12:32:54 588 - Element is displayed:: [[ChromeDriver: chrome on WINDOWS (bc08538aa04ca0fc5d583beb57eceede)] -> xpath: //input[@placeholder='Search apps and items...']]</small> </font> </div>
<div class="test-event"> <font color="maroon"> <small> &emsp; &emsp;--- 06 Aug 12:32:57 689 - Element is displayed:: [[ChromeDriver: chrome on WINDOWS (bc08538aa04ca0fc5d583beb57eceede)] -> xpath: //lightning-formatted-rich-text/span/p/b[text()='Session Scheduling Console']]</small> </font> </div>
<div class="test-event"> <font color="maroon"> <small> &emsp; &emsp;--- 06 Aug 12:33:00 730 - Element is displayed:: [[ChromeDriver: chrome on WINDOWS (bc08538aa04ca0fc5d583beb57eceede)] -> xpath: //lightning-formatted-rich-text/span/p/b[text()='Session Scheduling Console']]</small> </font> </div>
<div class="test-event"> <font color="maroon"> <small> &emsp; &emsp;--- 06 Aug 12:33:01 023 - Page URL:: https://i-car--staging.sandbox.lightning.force.com/lightning/n/session_scheduling_console</small> </font> </div>
<div class="test-event"> <font color="maroon"> <small> &emsp; &emsp;--- 06 Aug 12:33:01 023 - <b>0</b> - Page Load Wait: (Sync) - ICar.support.Utils.waitForPageLoad(Utils.java:109)</small> </font> </div>
<div class="test-event"> <font color="maroon"> <small> &emsp; &emsp;--- 06 Aug 12:33:01 240 - Page URL:: https://i-car--staging.sandbox.lightning.force.com/lightning/n/session_scheduling_console</small> </font> </div>
<div class="test-event"> <font color="maroon"> <small> &emsp; &emsp;--- 06 Aug 12:33:01 240 - <b>0</b> - Page Load Wait: (Sync) - ICar.support.Utils.waitForPageLoad(Utils.java:109)</small> </font> </div>
<div class="test-event"> <font color="maroon"> <small> &emsp; &emsp;--- 06 Aug 12:33:06 426 - Catched spinner load exception due to Expected condition failed: waiting for ICar.support.WaitUtils$4@4ccdc1df (tried for 5 second(s) with 500 milliseconds interval)</small> </font> </div>
<div class="test-event"> <font color="maroon"> <small> &emsp; &emsp;--- 06 Aug 12:33:06 426 - <b>5</b> - Spinner Load Wait: (Sync) - ICar.support.WaitUtils.waitForSpinner(WaitUtils.java:225)</small> </font> </div>
<div class="test-event"> <font color="maroon"> <small> &emsp; &emsp;--- 06 Aug 12:33:08 564 - Element is displayed:: [[ChromeDriver: chrome on WINDOWS (bc08538aa04ca0fc5d583beb57eceede)] -> xpath: (//input[@type='text'])[4]]</small> </font> </div>
<div class="test-event"> <font color="maroon"> <small> &emsp; &emsp;--- 06 Aug 12:33:08 628 - Element is displayed:: [[ChromeDriver: chrome on WINDOWS (bc08538aa04ca0fc5d583beb57eceede)] -> xpath: (//input[@type='text'])[4]]</small> </font> </div>
<div class="test-event"> <font color="maroon"> <small> &emsp; &emsp;--- 06 Aug 12:33:08 698 - Element is displayed:: [[ChromeDriver: chrome on WINDOWS (bc08538aa04ca0fc5d583beb57eceede)] -> xpath: (//input[@type='text'])[4]]</small> </font> </div>
<div class="test-event"> <font color="maroon"> <small> &emsp; &emsp;--- 06 Aug 12:33:12 033 - Page URL:: https://i-car--staging.sandbox.lightning.force.com/lightning/n/session_scheduling_console</small> </font> </div>
<div class="test-event"> <font color="maroon"> <small> &emsp; &emsp;--- 06 Aug 12:33:12 033 - <b>0</b> - Page Load Wait: (Sync) - ICar.support.Utils.waitForPageLoad(Utils.java:109)</small> </font> </div>
<div class="test-event"> <font color="maroon"> <small> &emsp; &emsp;--- 06 Aug 12:33:32 361 - Catched spinner load exception due to Expected condition failed: waiting for ICar.support.WaitUtils$4@4ccdc1df (tried for 20 second(s) with 500 milliseconds interval)</small> </font> </div>
<div class="test-event"> <font color="maroon"> <small> &emsp; &emsp;--- 06 Aug 12:33:32 362 - <b>20</b> - Spinner Load Wait: (Sync) - ICar.support.WaitUtils.waitForSpinner(WaitUtils.java:225)</small> </font> </div>
<div class="test-message">&emsp;Total no of frames 1</div>
<div class="test-event"> <font color="maroon"> <small> &emsp; &emsp;--- 06 Aug 12:33:32 539 - Element is displayed:: [[ChromeDriver: chrome on WINDOWS (bc08538aa04ca0fc5d583beb57eceede)] -> xpath: //span[@class='slds-checkbox_faux']]</small> </font> </div>
<div class="test-event"> <font color="maroon"> <small> &emsp; &emsp;--- 06 Aug 12:33:36 660 - Element is displayed:: [[ChromeDriver: chrome on WINDOWS (bc08538aa04ca0fc5d583beb57eceede)] -> xpath: //span[@class='slds-checkbox_faux']]</small> </font> </div>
<div class="test-event"> <font color="maroon"> <small> &emsp; &emsp;--- 06 Aug 12:33:38 729 - Element is displayed:: [[ChromeDriver: chrome on WINDOWS (bc08538aa04ca0fc5d583beb57eceede)] -> xpath: //div[text()='Dispatched']]</small> </font> </div>
<div class="test-event"> <font color="maroon"> <small> &emsp; &emsp;--- 06 Aug 12:33:51 968 - Page URL:: https://i-car--staging.sandbox.lightning.force.com/lightning/n/session_scheduling_console</small> </font> </div>
<div class="test-event"> <font color="maroon"> <small> &emsp; &emsp;--- 06 Aug 12:33:51 968 - <b>0</b> - Page Load Wait: (Sync) - ICar.support.Utils.waitForPageLoad(Utils.java:109)</small> </font> </div>
<div class="test-event"> <font color="maroon"> <small> &emsp; &emsp;--- 06 Aug 12:33:52 203 - Page URL:: https://i-car--staging.sandbox.lightning.force.com/lightning/n/session_scheduling_console</small> </font> </div>
<div class="test-event"> <font color="maroon"> <small> &emsp; &emsp;--- 06 Aug 12:33:52 203 - <b>0</b> - Page Load Wait: (Sync) - ICar.support.Utils.waitForPageLoad(Utils.java:109)</small> </font> </div>
<div class="test-event"> <font color="maroon"> <small> &emsp; &emsp;--- 06 Aug 12:34:15 537 - Catched spinner load exception due to Expected condition failed: waiting for ICar.support.WaitUtils$4@4ccdc1df (tried for 20 second(s) with 500 milliseconds interval)</small> </font> </div>
<div class="test-event"> <font color="maroon"> <small> &emsp; &emsp;--- 06 Aug 12:34:15 537 - <b>20</b> - Spinner Load Wait: (Sync) - ICar.support.WaitUtils.waitForSpinner(WaitUtils.java:225)</small> </font> </div>
<div class="test-message">&emsp;Total no of frames 1</div>
<div class="test-message">&emsp;fetched job list:[JOB-97281]</div>
<div class="test-event"> <font color="maroon"> <small> &emsp; &emsp;--- 06 Aug 12:34:34 094 - Element is displayed:: [[ChromeDriver: chrome on WINDOWS (bc08538aa04ca0fc5d583beb57eceede)] -> css selector: button[class*='search-button']]</small> </font> </div>
<div class="test-event"> <font color="maroon"> <small> &emsp; &emsp;--- 06 Aug 12:34:36 219 - Catched spinner load exception due to Expected condition failed: waiting for ICar.support.WaitUtils$4@4ccdc1df (tried for 2 second(s) with 500 milliseconds interval)</small> </font> </div>
<div class="test-event"> <font color="maroon"> <small> &emsp; &emsp;--- 06 Aug 12:34:36 219 - <b>2</b> - Spinner Load Wait: (Sync) - ICar.support.WaitUtils.waitForSpinner(WaitUtils.java:225)</small> </font> </div>
<div class="test-event"> <font color="maroon"> <small> &emsp; &emsp;--- 06 Aug 12:34:39 302 - Element is displayed:: [[ChromeDriver: chrome on WINDOWS (bc08538aa04ca0fc5d583beb57eceede)] -> css selector: button[class*='search-button']]</small> </font> </div>
<div class="test-event"> <font color="maroon"> <small> &emsp; &emsp;--- 06 Aug 12:34:39 706 - Page URL:: https://i-car--staging.sandbox.lightning.force.com/lightning/n/session_scheduling_console</small> </font> </div>
<div class="test-event"> <font color="maroon"> <small> &emsp; &emsp;--- 06 Aug 12:34:39 707 - <b>0</b> - Page Load Wait: (Sync) - ICar.support.Utils.waitForPageLoad(Utils.java:109)</small> </font> </div>
<div class="test-event"> <font color="maroon"> <small> &emsp; &emsp;--- 06 Aug 12:35:00 195 - Catched spinner load exception due to Expected condition failed: waiting for ICar.support.WaitUtils$4@4ccdc1df (tried for 4 second(s) with 500 milliseconds interval)</small> </font> </div>
<div class="test-event"> <font color="maroon"> <small> &emsp; &emsp;--- 06 Aug 12:35:00 195 - <b>4</b> - Spinner Load Wait: (Sync) - ICar.support.WaitUtils.waitForSpinner(WaitUtils.java:225)</small> </font> </div>
<div class="test-message">&emsp;Searched job idJOB-97281</div>
<div class="test-event"> <font color="maroon"> <small> &emsp; &emsp;--- 06 Aug 12:35:00 497 - Page URL:: https://i-car--staging.sandbox.lightning.force.com/lightning/r/sked__job__c/a2mvc000000butlyam/view</small> </font> </div>
<div class="test-event"> <font color="maroon"> <small> &emsp; &emsp;--- 06 Aug 12:35:00 497 - <b>0</b> - Page Load Wait: (Sync) - ICar.support.Utils.waitForPageLoad(Utils.java:109)</small> </font> </div>
<div class="test-event"> <font color="maroon"> <small> &emsp; &emsp;--- 06 Aug 12:35:23 700 - Unable to find a element after 9 sec ==> Proxy element for: AjaxElementLocator 'By.xpath: //div[contains(@id,'brandBand_')]/div/div/div[2]//table/tbody/tr/th/span/a|//span[@class='slds-grid slds-grid_align-spread']/div/lightning-primitive-custom-cell/force-lookup/div/a'</small> </font> </div>
<div class="test-message">&emsp;10.Clicked job id</div>
<div class="test-event"> <font color="maroon"> <small> &emsp; &emsp;--- 06 Aug 12:35:23 974 - Page URL:: https://i-car--staging.sandbox.lightning.force.com/lightning/r/sked__job__c/a2mvc000000butlyam/view</small> </font> </div>
<div class="test-event"> <font color="maroon"> <small> &emsp; &emsp;--- 06 Aug 12:35:23 974 - <b>0</b> - Page Load Wait: (Sync) - ICar.support.Utils.waitForPageLoad(Utils.java:109)</small> </font> </div>
<div class="test-event"> <font color="maroon"> <small> &emsp; &emsp;--- 06 Aug 12:35:39 143 - Catched spinner load exception due to Expected condition failed: waiting for ICar.support.WaitUtils$4@4ccdc1df (tried for 15 second(s) with 500 milliseconds interval)</small> </font> </div>
<div class="test-event"> <font color="maroon"> <small> &emsp; &emsp;--- 06 Aug 12:35:39 144 - <b>15</b> - Spinner Load Wait: (Sync) - ICar.support.WaitUtils.waitForSpinner(WaitUtils.java:225)</small> </font> </div>
<div class="test-event"> <font color="maroon"> <small> &emsp; &emsp;--- 06 Aug 12:35:39 384 - Page URL:: https://i-car--staging.sandbox.lightning.force.com/lightning/r/sked__job__c/a2mvc000000butlyam/view</small> </font> </div>
<div class="test-event"> <font color="maroon"> <small> &emsp; &emsp;--- 06 Aug 12:35:39 384 - <b>0</b> - Page Load Wait: (Sync) - ICar.support.Utils.waitForPageLoad(Utils.java:109)</small> </font> </div>
<div class="test-event"> <font color="maroon"> <small> &emsp; &emsp;--- 06 Aug 12:35:41 497 - Element is displayed:: [[ChromeDriver: chrome on WINDOWS (bc08538aa04ca0fc5d583beb57eceede)] -> xpath: //a[text()='Related']]</small> </font> </div>
<div class="test-event"> <font color="maroon"> <small> &emsp; &emsp;--- 06 Aug 12:35:41 546 - Element is displayed:: [[ChromeDriver: chrome on WINDOWS (bc08538aa04ca0fc5d583beb57eceede)] -> xpath: //a[text()='Related']]</small> </font> </div>
<div class="test-event"> <font color="maroon"> <small> &emsp; &emsp;--- 06 Aug 12:35:51 702 - Catched spinner load exception due to Expected condition failed: waiting for ICar.support.WaitUtils$4@4ccdc1df (tried for 10 second(s) with 500 milliseconds interval)</small> </font> </div>
<div class="test-event"> <font color="maroon"> <small> &emsp; &emsp;--- 06 Aug 12:35:51 703 - <b>10</b> - Spinner Load Wait: (Sync) - ICar.support.WaitUtils.waitForSpinner(WaitUtils.java:225)</small> </font> </div>
<div class="test-message">&emsp;11.Clicked on job id related tab</div>
<div class="test-event"> <font color="maroon"> <small> &emsp; &emsp;--- 06 Aug 12:35:52 335 - Page URL:: https://i-car--staging.sandbox.lightning.force.com/lightning/r/sked__job__c/a2mvc000000butlyam/view</small> </font> </div>
<div class="test-event"> <font color="maroon"> <small> &emsp; &emsp;--- 06 Aug 12:35:52 336 - <b>0</b> - Page Load Wait: (Sync) - ICar.support.Utils.waitForPageLoad(Utils.java:109)</small> </font> </div>
<div class="test-event"> <font color="maroon"> <small> &emsp; &emsp;--- 06 Aug 12:36:12 610 - Catched spinner load exception due to Expected condition failed: waiting for ICar.support.WaitUtils$4@4ccdc1df (tried for 20 second(s) with 500 milliseconds interval)</small> </font> </div>
<div class="test-event"> <font color="maroon"> <small> &emsp; &emsp;--- 06 Aug 12:36:12 611 - <b>20</b> - Spinner Load Wait: (Sync) - ICar.support.WaitUtils.waitForSpinner(WaitUtils.java:225)</small> </font> </div>
<div class="test-event"> <font color="maroon"> <small> &emsp; &emsp;--- 06 Aug 12:36:13 194 - Page URL:: https://i-car--staging.sandbox.lightning.force.com/lightning/r/sked__job__c/a2mvc000000butlyam/view</small> </font> </div>
<div class="test-event"> <font color="maroon"> <small> &emsp; &emsp;--- 06 Aug 12:36:13 194 - <b>0</b> - Page Load Wait: (Sync) - ICar.support.Utils.waitForPageLoad(Utils.java:109)</small> </font> </div>
<div class="test-event"> <font color="maroon"> <small> &emsp; &emsp;--- 06 Aug 12:36:33 456 - Catched spinner load exception due to Expected condition failed: waiting for ICar.support.WaitUtils$4@4ccdc1df (tried for 20 second(s) with 500 milliseconds interval)</small> </font> </div>
<div class="test-event"> <font color="maroon"> <small> &emsp; &emsp;--- 06 Aug 12:36:33 456 - <b>20</b> - Spinner Load Wait: (Sync) - ICar.support.WaitUtils.waitForSpinner(WaitUtils.java:225)</small> </font> </div>
<div class="test-event"> <font color="maroon"> <small> &emsp; &emsp;--- 06 Aug 12:36:35 542 - Element is displayed:: [[ChromeDriver: chrome on WINDOWS (bc08538aa04ca0fc5d583beb57eceede)] -> xpath: //h2/a/span[@title='Job Allocations']]</small> </font> </div>
<div class="test-event"> <font color="maroon"> <small> &emsp; &emsp;--- 06 Aug 12:36:36 489 - Page URL:: https://i-car--staging.sandbox.lightning.force.com/lightning/r/sked__job__c/a2mvc000000butlyam/related/sked__job_allocations__r/view?ws=%2flightning%2fr%2fsked__job__c%2fa2mvc000000butlyam%2fview</small> </font> </div>
<div class="test-event"> <font color="maroon"> <small> &emsp; &emsp;--- 06 Aug 12:36:36 489 - <b>0</b> - Page Load Wait: (Sync) - ICar.support.Utils.waitForPageLoad(Utils.java:109)</small> </font> </div>
<div class="test-event"> <font color="maroon"> <small> &emsp; &emsp;--- 06 Aug 12:36:54 652 - Catched spinner load exception due to Expected condition failed: waiting for ICar.support.WaitUtils$4@4ccdc1df (tried for 18 second(s) with 500 milliseconds interval)</small> </font> </div>
<div class="test-event"> <font color="maroon"> <small> &emsp; &emsp;--- 06 Aug 12:36:54 652 - <b>18</b> - Spinner Load Wait: (Sync) - ICar.support.WaitUtils.waitForSpinner(WaitUtils.java:225)</small> </font> </div>
<div class="test-event"> <font color="maroon"> <small> &emsp; &emsp;--- 06 Aug 12:36:55 222 - Page URL:: https://i-car--staging.sandbox.lightning.force.com/lightning/r/sked__job__c/a2mvc000000butlyam/related/sked__job_allocations__r/view?ws=%2flightning%2fr%2fsked__job__c%2fa2mvc000000butlyam%2fview</small> </font> </div>
<div class="test-event"> <font color="maroon"> <small> &emsp; &emsp;--- 06 Aug 12:36:55 222 - <b>0</b> - Page Load Wait: (Sync) - ICar.support.Utils.waitForPageLoad(Utils.java:109)</small> </font> </div>
<div class="test-event"> <font color="maroon"> <small> &emsp; &emsp;--- 06 Aug 12:36:57 299 - Element is displayed:: [[ChromeDriver: chrome on WINDOWS (bc08538aa04ca0fc5d583beb57eceede)] -> xpath: //h1[contains(text(),'Job Allocations')]//following::div[@class="slds-col slds-no-space display-wrapper"]//table//tbody//tr//td[10]//span//div//lightning-primitive-custom-cell//lst-list-view-row-level-action//lightning-button-menu//button]</small> </font> </div>
<div class="test-event"> <font color="maroon"> <small> &emsp; &emsp;--- 06 Aug 12:36:58 036 - Page URL:: https://i-car--staging.sandbox.lightning.force.com/lightning/r/sked__job__c/a2mvc000000butlyam/related/sked__job_allocations__r/view?ws=%2flightning%2fr%2fsked__job__c%2fa2mvc000000butlyam%2fview</small> </font> </div>
<div class="test-event"> <font color="maroon"> <small> &emsp; &emsp;--- 06 Aug 12:36:58 036 - <b>0</b> - Page Load Wait: (Sync) - ICar.support.Utils.waitForPageLoad(Utils.java:109)</small> </font> </div>
<div class="test-event"> <font color="maroon"> <small> &emsp; &emsp;--- 06 Aug 12:37:02 200 - Catched spinner load exception due to Expected condition failed: waiting for ICar.support.WaitUtils$4@4ccdc1df (tried for 4 second(s) with 500 milliseconds interval)</small> </font> </div>
<div class="test-event"> <font color="maroon"> <small> &emsp; &emsp;--- 06 Aug 12:37:02 200 - <b>4</b> - Spinner Load Wait: (Sync) - ICar.support.WaitUtils.waitForSpinner(WaitUtils.java:225)</small> </font> </div>
<div class="test-event"> <font color="maroon"> <small> &emsp; &emsp;--- 06 Aug 12:37:02 757 - Page URL:: https://i-car--staging.sandbox.lightning.force.com/lightning/r/sked__job__c/a2mvc000000butlyam/related/sked__job_allocations__r/view?ws=%2flightning%2fr%2fsked__job__c%2fa2mvc000000butlyam%2fview</small> </font> </div>
<div class="test-event"> <font color="maroon"> <small> &emsp; &emsp;--- 06 Aug 12:37:02 757 - <b>0</b> - Page Load Wait: (Sync) - ICar.support.Utils.waitForPageLoad(Utils.java:109)</small> </font> </div>
<div class="test-event"> <font color="maroon"> <small> &emsp; &emsp;--- 06 Aug 12:37:02 809 - Element is displayed:: [[ChromeDriver: chrome on WINDOWS (bc08538aa04ca0fc5d583beb57eceede)] -> xpath: //li[@class='uiMenuItem']/a/div[@title='Edit']]</small> </font> </div>
<div class="test-event"> <font color="maroon"> <small> &emsp; &emsp;--- 06 Aug 12:37:02 881 - Element is displayed:: [[ChromeDriver: chrome on WINDOWS (bc08538aa04ca0fc5d583beb57eceede)] -> xpath: //li[@class='uiMenuItem']/a/div[@title='Edit']]</small> </font> </div>
<div class="test-event"> <font color="maroon"> <small> &emsp; &emsp;--- 06 Aug 12:37:03 865 - Page URL:: https://i-car--staging.sandbox.lightning.force.com/lightning/r/sked__job__c/a2mvc000000butlyam/related/sked__job_allocations__r/view?ws=%2flightning%2fr%2fsked__job__c%2fa2mvc000000butlyam%2fview</small> </font> </div>
<div class="test-event"> <font color="maroon"> <small> &emsp; &emsp;--- 06 Aug 12:37:03 868 - <b>0</b> - Page Load Wait: (Sync) - ICar.support.Utils.waitForPageLoad(Utils.java:109)</small> </font> </div>
<div class="test-event"> <font color="maroon"> <small> &emsp; &emsp;--- 06 Aug 12:37:22 319 - Catched spinner load exception due to Expected condition failed: waiting for ICar.support.WaitUtils$4@4ccdc1df (tried for 18 second(s) with 500 milliseconds interval)</small> </font> </div>
<div class="test-event"> <font color="maroon"> <small> &emsp; &emsp;--- 06 Aug 12:37:22 319 - <b>18</b> - Spinner Load Wait: (Sync) - ICar.support.WaitUtils.waitForSpinner(WaitUtils.java:225)</small> </font> </div>
<div class="test-message">&emsp;12.Clicked on Job allocation</div>
<div class="test-message">&emsp;13.Changed job status to confirmed</div>
<div class="test-event"> <font color="maroon"> <small> &emsp; &emsp;--- 06 Aug 12:37:22 954 - Page URL:: https://i-car--staging.sandbox.lightning.force.com/lightning/r/sked__job__c/a2mvc000000butlyam/related/sked__job_allocations__r/view?ws=%2flightning%2fr%2fsked__job__c%2fa2mvc000000butlyam%2fview</small> </font> </div>
<div class="test-event"> <font color="maroon"> <small> &emsp; &emsp;--- 06 Aug 12:37:22 954 - <b>0</b> - Page Load Wait: (Sync) - ICar.support.Utils.waitForPageLoad(Utils.java:109)</small> </font> </div>
<div class="test-event"> <font color="maroon"> <small> &emsp; &emsp;--- 06 Aug 12:37:41 162 - Catched spinner load exception due to Expected condition failed: waiting for ICar.support.WaitUtils$4@4ccdc1df (tried for 18 second(s) with 500 milliseconds interval)</small> </font> </div>
<div class="test-event"> <font color="maroon"> <small> &emsp; &emsp;--- 06 Aug 12:37:41 162 - <b>18</b> - Spinner Load Wait: (Sync) - ICar.support.WaitUtils.waitForSpinner(WaitUtils.java:225)</small> </font> </div>
<div class="test-event"> <font color="maroon"> <small> &emsp; &emsp;--- 06 Aug 12:37:41 754 - Page URL:: https://i-car--staging.sandbox.lightning.force.com/lightning/r/sked__job__c/a2mvc000000butlyam/related/sked__job_allocations__r/view?ws=%2flightning%2fr%2fsked__job__c%2fa2mvc000000butlyam%2fview</small> </font> </div>
<div class="test-event"> <font color="maroon"> <small> &emsp; &emsp;--- 06 Aug 12:37:41 755 - <b>0</b> - Page Load Wait: (Sync) - ICar.support.Utils.waitForPageLoad(Utils.java:109)</small> </font> </div>
<div class="test-event"> <font color="maroon"> <small> &emsp; &emsp;--- 06 Aug 12:37:50 892 - Element is displayed:: [[ChromeDriver: chrome on WINDOWS (bc08538aa04ca0fc5d583beb57eceede)] -> xpath: (//input[@class='slds-input slds-combobox__input'])[8] | //label[text()='Status']//following-sibling::div/lightning-base-combobox/div/div/div/button]</small> </font> </div>
<div class="test-event"> <font color="maroon"> <small> &emsp; &emsp;--- 06 Aug 12:37:56 071 - Element is displayed:: [[ChromeDriver: chrome on WINDOWS (bc08538aa04ca0fc5d583beb57eceede)] -> xpath: //span[text()='Confirmed']]</small> </font> </div>
<div class="test-event"> <font color="maroon"> <small> &emsp; &emsp;--- 06 Aug 12:38:08 290 - Element is displayed:: [[ChromeDriver: chrome on WINDOWS (bc08538aa04ca0fc5d583beb57eceede)] -> xpath: //button[text()='Save']]</small> </font> </div>
<div class="test-event"> <font color="maroon"> <small> &emsp; &emsp;--- 06 Aug 12:38:09 120 - Page URL:: https://i-car--staging.sandbox.lightning.force.com/lightning/r/sked__job__c/a2mvc000000butlyam/related/sked__job_allocations__r/view?ws=%2flightning%2fr%2fsked__job__c%2fa2mvc000000butlyam%2fview</small> </font> </div>
<div class="test-event"> <font color="maroon"> <small> &emsp; &emsp;--- 06 Aug 12:38:09 120 - <b>0</b> - Page Load Wait: (Sync) - ICar.support.Utils.waitForPageLoad(Utils.java:109)</small> </font> </div>
<div class="test-event"> <font color="maroon"> <small> &emsp; &emsp;--- 06 Aug 12:38:29 377 - Catched spinner load exception due to Expected condition failed: waiting for ICar.support.WaitUtils$4@4ccdc1df (tried for 20 second(s) with 500 milliseconds interval)</small> </font> </div>
<div class="test-event"> <font color="maroon"> <small> &emsp; &emsp;--- 06 Aug 12:38:29 377 - <b>20</b> - Spinner Load Wait: (Sync) - ICar.support.WaitUtils.waitForSpinner(WaitUtils.java:225)</small> </font> </div>
<div class="test-event"> <font color="maroon"> <small> &emsp; &emsp;--- 06 Aug 12:39:14 486 - Unable to find an element after 10 sec ==> Proxy element for: AjaxElementLocator 'By.xpath: //button[text()='Save']'</small> </font> </div>
<div class="test-message">&emsp;Job status changed to confirmed from dispatched</div>
<div class="test-event"> <font color="maroon"> <small> &emsp; &emsp;--- 06 Aug 12:39:16 565 - Element is displayed:: [[ChromeDriver: chrome on WINDOWS (bc08538aa04ca0fc5d583beb57eceede)] -> xpath: //input[@class='slds-input searchInputCls']]</small> </font> </div>
<div class="test-event"> <font color="maroon"> <small> &emsp; &emsp;--- 06 Aug 12:39:16 644 - Element is displayed:: [[ChromeDriver: chrome on WINDOWS (bc08538aa04ca0fc5d583beb57eceede)] -> xpath: //input[@class='slds-input searchInputCls']]</small> </font> </div>
<div class="test-message">&emsp;Successfully navigated to 'Home' Page&emsp;<a href=".\ScreenShot\ICar_VR_TC32_706002293058200.png" target="_blank" >[ScreenShot]</a></div>
<div class="test-message">&emsp;1. Home page is launched.</div>
<div class="test-event"> <font color="maroon"> <small> &emsp; &emsp;--- 06 Aug 12:39:17 033 - Page URL:: https://www.icarstage.com/</small> </font> </div>
<div class="test-event"> <font color="maroon"> <small> &emsp; &emsp;--- 06 Aug 12:39:17 033 - <b>0</b> - Page Load Wait: (Sync) - ICar.support.Utils.waitForPageLoad(Utils.java:109)</small> </font> </div>
<div class="test-event"> <font color="maroon"> <small> &emsp; &emsp;--- 06 Aug 12:39:17 097 - Element is displayed:: [[ChromeDriver: chrome on WINDOWS (bc08538aa04ca0fc5d583beb57eceede)] -> xpath: //button[@value='Launch myLearning']]</small> </font> </div>
<div class="test-event"> <font color="maroon"> <small> &emsp; &emsp;--- 06 Aug 12:39:17 260 - Page URL:: https://www.icarstage.com/</small> </font> </div>
<div class="test-event"> <font color="maroon"> <small> &emsp; &emsp;--- 06 Aug 12:39:17 260 - <b>0</b> - Page Load Wait: (Sync) - ICar.support.Utils.waitForPageLoad(Utils.java:109)</small> </font> </div>
<div class="test-event"> <font color="maroon"> <small> &emsp; &emsp;--- 06 Aug 12:39:42 395 - Catched spinner load exception due to Expected condition failed: waiting for ICar.support.WaitUtils$4@4ccdc1df (tried for 25 second(s) with 500 milliseconds interval)</small> </font> </div>
<div class="test-event"> <font color="maroon"> <small> &emsp; &emsp;--- 06 Aug 12:39:42 396 - <b>25</b> - Spinner Load Wait: (Sync) - ICar.support.WaitUtils.waitForSpinner(WaitUtils.java:225)</small> </font> </div>
<div class="test-event"> <font color="maroon"> <small> &emsp; &emsp;--- 06 Aug 12:39:42 448 - Element is displayed:: [[ChromeDriver: chrome on WINDOWS (bc08538aa04ca0fc5d583beb57eceede)] -> xpath: //a[text()='Manage In-Shop Events']]</small> </font> </div>
<div class="test-event"> <font color="maroon"> <small> &emsp; &emsp;--- 06 Aug 12:39:44 540 - Element is displayed:: [[ChromeDriver: chrome on WINDOWS (bc08538aa04ca0fc5d583beb57eceede)] -> xpath: //a[text()='Manage In-Shop Events']]</small> </font> </div>
<div class="test-event"> <font color="maroon"> <small> &emsp; &emsp;--- 06 Aug 12:40:11 203 - Catched spinner load exception due to Expected condition failed: waiting for ICar.support.WaitUtils$4@4ccdc1df (tried for 20 second(s) with 500 milliseconds interval)</small> </font> </div>
<div class="test-event"> <font color="maroon"> <small> &emsp; &emsp;--- 06 Aug 12:40:11 203 - <b>20</b> - Spinner Load Wait: (Sync) - ICar.support.WaitUtils.waitForSpinner(WaitUtils.java:225)</small> </font> </div>
<div class="test-event"> <font color="maroon"> <small> &emsp; &emsp;--- 06 Aug 12:40:11 383 - Page URL:: https://my.icarstage.com/s/manage-in-shop-events</small> </font> </div>
<div class="test-event"> <font color="maroon"> <small> &emsp; &emsp;--- 06 Aug 12:40:11 383 - <b>0</b> - Page Load Wait: (Sync) - ICar.support.Utils.waitForPageLoad(Utils.java:109)</small> </font> </div>
<div class="test-event"> <font color="maroon"> <small> &emsp; &emsp;--- 06 Aug 12:40:11 428 - Element is displayed:: [[ChromeDriver: chrome on WINDOWS (bc08538aa04ca0fc5d583beb57eceede)] -> xpath: //div[@class='slds-select_container']//select]</small> </font> </div>
<div class="test-message">&emsp;Successfully navigated to 'Hands on, Welding assessment and private events' page&emsp;<a href=".\ScreenShot\ICar_VR_TC32_706057076473400.png" target="_blank" >[ScreenShot]</a></div>
<div class="test-message">&emsp;19.Verify the request should be in 'Scheduled'</div>
<div class="test-event"> <font color="maroon"> <small> &emsp; &emsp;--- 06 Aug 12:40:13 692 - Element is displayed:: [[ChromeDriver: chrome on WINDOWS (bc08538aa04ca0fc5d583beb57eceede)] -> xpath: //div[@class='slds-select_container']//select]</small> </font> </div>
<div class="test-event"> <font color="maroon"> <small> &emsp; &emsp;--- 06 Aug 12:40:13 733 - Element is displayed:: [[ChromeDriver: chrome on WINDOWS (bc08538aa04ca0fc5d583beb57eceede)] -> xpath: //div[@class='slds-select_container']//select]</small> </font> </div>
<div class="test-message">&emsp;Scheduledvalue is selected in Request status drop down</div>
<div class="test-event"> <font color="maroon"> <small> &emsp; &emsp;--- 06 Aug 12:40:16 967 - Catched spinner load exception due to Expected condition failed: waiting for ICar.support.WaitUtils$4@4ccdc1df (tried for 3 second(s) with 500 milliseconds interval)</small> </font> </div>
<div class="test-event"> <font color="maroon"> <small> &emsp; &emsp;--- 06 Aug 12:40:16 967 - <b>3</b> - Spinner Load Wait: (Sync) - ICar.support.WaitUtils.waitForSpinner(WaitUtils.java:225)</small> </font> </div>
<div class="test-event"> <font color="maroon"> <small> &emsp; &emsp;--- 06 Aug 12:40:17 010 - Element is displayed:: [[ChromeDriver: chrome on WINDOWS (bc08538aa04ca0fc5d583beb57eceede)] -> xpath: //div[@class='slds-select_container']//select]</small> </font> </div>
<div class="test-event"> <font color="maroon"> <small> &emsp; &emsp;--- 06 Aug 12:40:17 053 - Element is displayed:: [[ChromeDriver: chrome on WINDOWS (bc08538aa04ca0fc5d583beb57eceede)] -> xpath: //div[@class='slds-select_container']//select]</small> </font> </div>
<div class="test-message">&emsp;Lennox Auto Bodyvalue is selected in Location drop down</div>
<div class="test-event"> <font color="maroon"> <small> &emsp; &emsp;--- 06 Aug 12:40:20 261 - Catched spinner load exception due to Expected condition failed: waiting for ICar.support.WaitUtils$4@4ccdc1df (tried for 3 second(s) with 500 milliseconds interval)</small> </font> </div>
<div class="test-event"> <font color="maroon"> <small> &emsp; &emsp;--- 06 Aug 12:40:20 261 - <b>3</b> - Spinner Load Wait: (Sync) - ICar.support.WaitUtils.waitForSpinner(WaitUtils.java:225)</small> </font> </div>
<div class="test-event"> <font color="maroon"> <small> &emsp; &emsp;--- 06 Aug 12:40:20 311 - Element is displayed:: [[ChromeDriver: chrome on WINDOWS (bc08538aa04ca0fc5d583beb57eceede)] -> xpath: //div[@class='slds-select_container']//select]</small> </font> </div>
<div class="test-event"> <font color="maroon"> <small> &emsp; &emsp;--- 06 Aug 12:40:20 354 - Element is displayed:: [[ChromeDriver: chrome on WINDOWS (bc08538aa04ca0fc5d583beb57eceede)] -> xpath: //div[@class='slds-select_container']//select]</small> </font> </div>
<div class="test-message">&emsp;Hands-Onvalue is selected in Type drop down</div>
<div class="test-event"> <font color="maroon"> <small> &emsp; &emsp;--- 06 Aug 12:40:30 771 - Catched spinner load exception due to Expected condition failed: waiting for ICar.support.WaitUtils$4@4ccdc1df (tried for 10 second(s) with 500 milliseconds interval)</small> </font> </div>
<div class="test-event"> <font color="maroon"> <small> &emsp; &emsp;--- 06 Aug 12:40:30 771 - <b>10</b> - Spinner Load Wait: (Sync) - ICar.support.WaitUtils.waitForSpinner(WaitUtils.java:225)</small> </font> </div>
<div class="test-message">&emsp;Successfully displayed table results as per the given Request status:Scheduled Location:Lennox Auto Body Type:Hands-On&emsp;<a href=".\ScreenShot\ICar_VR_TC32_706076519633300.png" target="_blank" >[ScreenShot]</a></div>
<div class="test-event"> <font color="maroon"> <small> &emsp; &emsp;--- 06 Aug 12:40:34 251 - Page URL:: https://i-car--staging.sandbox.lightning.force.com/one/one.app</small> </font> </div>
<div class="test-event"> <font color="maroon"> <small> &emsp; &emsp;--- 06 Aug 12:40:34 252 - <b>0</b> - Page Load Wait: (Sync) - ICar.support.Utils.waitForPageLoad(Utils.java:109)</small> </font> </div>
<div class="test-message">&emsp;Successfully navigated to 'Login' Page&emsp;<a href=".\ScreenShot\ICar_VR_TC32_706079900706000.png" target="_blank" >[ScreenShot]</a></div>
<div class="test-message">&emsp;1. Login page is launched.</div>
<div class="test-message">&emsp;2. Navigate to 'SalesForce Page'</div>
<div class="test-event"> <font color="maroon"> <small> &emsp; &emsp;--- 06 Aug 12:40:34 764 - Page URL:: https://i-car--staging.sandbox.lightning.force.com/lightning</small> </font> </div>
<div class="test-event"> <font color="maroon"> <small> &emsp; &emsp;--- 06 Aug 12:40:34 765 - <b>0</b> - Page Load Wait: (Sync) - ICar.support.Utils.waitForPageLoad(Utils.java:109)</small> </font> </div>
<div class="test-event"> <font color="maroon"> <small> &emsp; &emsp;--- 06 Aug 12:40:34 816 - Page URL:: https://i-car--staging.sandbox.lightning.force.com/lightning</small> </font> </div>
<div class="test-event"> <font color="maroon"> <small> &emsp; &emsp;--- 06 Aug 12:40:34 816 - <b>0</b> - Page Load Wait: (Sync) - ICar.support.Utils.waitForPageLoad(Utils.java:109)</small> </font> </div>
<div class="test-event"> <font color="maroon"> <small> &emsp; &emsp;--- 06 Aug 12:40:40 461 - Page URL:: https://i-car--staging.sandbox.lightning.force.com/lightning/r/sked__job__c/a2mvc000000butlyam/related/sked__job_allocations__r/view?ws=%2flightning%2fr%2fsked__job__c%2fa2mvc000000butlyam%2fview</small> </font> </div>
<div class="test-event"> <font color="maroon"> <small> &emsp; &emsp;--- 06 Aug 12:40:40 461 - <b>0</b> - Page Load Wait: (Sync) - ICar.support.Utils.waitForPageLoad(Utils.java:109)</small> </font> </div>
<div class="test-message">&emsp;Execute the SQL: WS.run();</div>
<div class="test-event"> <font color="maroon"> <small> &emsp; &emsp;--- 06 Aug 12:40:51 091 - Page URL:: https://i-car--staging.sandbox.lightning.force.com/lightning/o/account/list?filtername=00b1i000007mf4quaa</small> </font> </div>
<div class="test-event"> <font color="maroon"> <small> &emsp; &emsp;--- 06 Aug 12:40:51 091 - <b>0</b> - Page Load Wait: (Sync) - ICar.support.Utils.waitForPageLoad(Utils.java:109)</small> </font> </div>
<div class="test-event"> <font color="maroon"> <small> &emsp; &emsp;--- 06 Aug 12:40:51 531 - Page URL:: https://i-car--staging.sandbox.lightning.force.com/lightning/o/account/list?filtername=00b1i000007mf4quaa</small> </font> </div>
<div class="test-event"> <font color="maroon"> <small> &emsp; &emsp;--- 06 Aug 12:40:51 531 - <b>0</b> - Page Load Wait: (Sync) - ICar.support.Utils.waitForPageLoad(Utils.java:109)</small> </font> </div>
<div class="test-event"> <font color="maroon"> <small> &emsp; &emsp;--- 06 Aug 12:40:51 603 - Element is displayed:: [[ChromeDriver: chrome on WINDOWS (bc08538aa04ca0fc5d583beb57eceede)] -> xpath: //ul[@class='slds-global-actions']//div[@class='setupGear']]</small> </font> </div>
<div class="test-event"> <font color="maroon"> <small> &emsp; &emsp;--- 06 Aug 12:40:53 707 - Element is displayed:: [[ChromeDriver: chrome on WINDOWS (bc08538aa04ca0fc5d583beb57eceede)] -> xpath: //ul[@class='slds-global-actions']//div[@class='setupGear']]</small> </font> </div>
<div class="test-event"> <font color="maroon"> <small> &emsp; &emsp;--- 06 Aug 12:41:18 810 - Element is displayed:: [[ChromeDriver: chrome on WINDOWS (bc08538aa04ca0fc5d583beb57eceede)] -> xpath: //span[text()='Debug']/parent::button]</small> </font> </div>
<div class="test-event"> <font color="maroon"> <small> &emsp; &emsp;--- 06 Aug 12:41:18 911 - Element is displayed:: [[ChromeDriver: chrome on WINDOWS (bc08538aa04ca0fc5d583beb57eceede)] -> xpath: //div[text()='Open Execute Anonymous Window']]</small> </font> </div>
<div class="test-event"> <font color="maroon"> <small> &emsp; &emsp;--- 06 Aug 12:41:35 490 - Element is displayed:: [[ChromeDriver: chrome on WINDOWS (bc08538aa04ca0fc5d583beb57eceede)] -> xpath: //span[text()='Execute']]</small> </font> </div>
<div class="test-message">&emsp;Clicked on execute button</div>
<div class="test-message">&emsp;Execute the SQL: DoceboSync.run();</div>
<div class="test-event"> <font color="maroon"> <small> &emsp; &emsp;--- 06 Aug 12:43:42 089 - Page URL:: https://i-car--staging.sandbox.lightning.force.com/lightning/o/account/list?filtername=00b1i000007mf4quaa</small> </font> </div>
<div class="test-event"> <font color="maroon"> <small> &emsp; &emsp;--- 06 Aug 12:43:42 089 - <b>0</b> - Page Load Wait: (Sync) - ICar.support.Utils.waitForPageLoad(Utils.java:109)</small> </font> </div>
<div class="test-event"> <font color="maroon"> <small> &emsp; &emsp;--- 06 Aug 12:43:42 466 - Page URL:: https://i-car--staging.sandbox.lightning.force.com/lightning/o/account/list?filtername=00b1i000007mf4quaa</small> </font> </div>
<div class="test-event"> <font color="maroon"> <small> &emsp; &emsp;--- 06 Aug 12:43:42 467 - <b>0</b> - Page Load Wait: (Sync) - ICar.support.Utils.waitForPageLoad(Utils.java:109)</small> </font> </div>
<div class="test-event"> <font color="maroon"> <small> &emsp; &emsp;--- 06 Aug 12:43:42 516 - Element is displayed:: [[ChromeDriver: chrome on WINDOWS (bc08538aa04ca0fc5d583beb57eceede)] -> xpath: //ul[@class='slds-global-actions']//div[@class='setupGear']]</small> </font> </div>
<div class="test-event"> <font color="maroon"> <small> &emsp; &emsp;--- 06 Aug 12:43:44 633 - Element is displayed:: [[ChromeDriver: chrome on WINDOWS (bc08538aa04ca0fc5d583beb57eceede)] -> xpath: //ul[@class='slds-global-actions']//div[@class='setupGear']]</small> </font> </div>
<div class="test-event"> <font color="maroon"> <small> &emsp; &emsp;--- 06 Aug 12:44:07 171 - Element is displayed:: [[ChromeDriver: chrome on WINDOWS (bc08538aa04ca0fc5d583beb57eceede)] -> xpath: //span[text()='Debug']/parent::button]</small> </font> </div>
<div class="test-event"> <font color="maroon"> <small> &emsp; &emsp;--- 06 Aug 12:44:07 280 - Element is displayed:: [[ChromeDriver: chrome on WINDOWS (bc08538aa04ca0fc5d583beb57eceede)] -> xpath: //div[text()='Open Execute Anonymous Window']]</small> </font> </div>
<div class="test-event"> <font color="maroon"> <small> &emsp; &emsp;--- 06 Aug 12:44:23 583 - Element is displayed:: [[ChromeDriver: chrome on WINDOWS (bc08538aa04ca0fc5d583beb57eceede)] -> xpath: //span[text()='Execute']]</small> </font> </div>
<div class="test-message">&emsp;Clicked on execute button</div>
<div class="test-event"> <font color="maroon"> <small> &emsp; &emsp;--- 06 Aug 12:46:24 183 - Page URL:: https://i-car--staging.sandbox.lightning.force.com/lightning/o/account/list?filtername=00b1i000007mf4quaa</small> </font> </div>
<div class="test-event"> <font color="maroon"> <small> &emsp; &emsp;--- 06 Aug 12:46:24 183 - <b>0</b> - Page Load Wait: (Sync) - ICar.support.Utils.waitForPageLoad(Utils.java:109)</small> </font> </div>
<div class="test-event"> <font color="maroon"> <small> &emsp; &emsp;--- 06 Aug 12:46:29 611 - Page URL:: https://i-car--staging.sandbox.lightning.force.com/lightning/o/account/list?filtername=00b1i000007mf4quaa</small> </font> </div>
<div class="test-event"> <font color="maroon"> <small> &emsp; &emsp;--- 06 Aug 12:46:29 611 - <b>0</b> - Page Load Wait: (Sync) - ICar.support.Utils.waitForPageLoad(Utils.java:109)</small> </font> </div>
<div class="test-message">&emsp;Close the tab</div>
<div class="test-event"> <font color="maroon"> <small> &emsp; &emsp;--- 06 Aug 12:46:44 374 - Element is displayed:: [[ChromeDriver: chrome on WINDOWS (bc08538aa04ca0fc5d583beb57eceede)] -> css selector: button[class*='search-button']]</small> </font> </div>
<div class="test-event"> <font color="maroon"> <small> &emsp; &emsp;--- 06 Aug 12:46:46 498 - Catched spinner load exception due to Expected condition failed: waiting for ICar.support.WaitUtils$4@4ccdc1df (tried for 2 second(s) with 500 milliseconds interval)</small> </font> </div>
<div class="test-event"> <font color="maroon"> <small> &emsp; &emsp;--- 06 Aug 12:46:46 498 - <b>2</b> - Spinner Load Wait: (Sync) - ICar.support.WaitUtils.waitForSpinner(WaitUtils.java:225)</small> </font> </div>
<div class="test-event"> <font color="maroon"> <small> &emsp; &emsp;--- 06 Aug 12:46:49 664 - Element is displayed:: [[ChromeDriver: chrome on WINDOWS (bc08538aa04ca0fc5d583beb57eceede)] -> css selector: button[class*='search-button']]</small> </font> </div>
<div class="test-event"> <font color="maroon"> <small> &emsp; &emsp;--- 06 Aug 12:46:50 490 - Page URL:: https://i-car--staging.sandbox.lightning.force.com/lightning/o/account/list?filtername=00b1i000007mf4quaa</small> </font> </div>
<div class="test-event"> <font color="maroon"> <small> &emsp; &emsp;--- 06 Aug 12:46:50 490 - <b>0</b> - Page Load Wait: (Sync) - ICar.support.Utils.waitForPageLoad(Utils.java:109)</small> </font> </div>
<div class="test-event"> <font color="maroon"> <small> &emsp; &emsp;--- 06 Aug 12:47:11 294 - Catched spinner load exception due to Expected condition failed: waiting for ICar.support.WaitUtils$4@4ccdc1df (tried for 4 second(s) with 500 milliseconds interval)</small> </font> </div>
<div class="test-event"> <font color="maroon"> <small> &emsp; &emsp;--- 06 Aug 12:47:11 294 - <b>4</b> - Spinner Load Wait: (Sync) - ICar.support.WaitUtils.waitForSpinner(WaitUtils.java:225)</small> </font> </div>
<div class="test-event"> <font color="maroon"> <small> &emsp; &emsp;--- 06 Aug 12:47:11 735 - Page URL:: https://i-car--staging.sandbox.lightning.force.com/lightning/r/sked__job__c/a2mvc000000butlyam/view</small> </font> </div>
<div class="test-event"> <font color="maroon"> <small> &emsp; &emsp;--- 06 Aug 12:47:11 735 - <b>0</b> - Page Load Wait: (Sync) - ICar.support.Utils.waitForPageLoad(Utils.java:109)</small> </font> </div>
<div class="test-event"> <font color="maroon"> <small> &emsp; &emsp;--- 06 Aug 12:47:26 791 - Catched spinner load exception due to Expected condition failed: waiting for ICar.support.WaitUtils$4@4ccdc1df (tried for 15 second(s) with 500 milliseconds interval)</small> </font> </div>
<div class="test-event"> <font color="maroon"> <small> &emsp; &emsp;--- 06 Aug 12:47:26 791 - <b>15</b> - Spinner Load Wait: (Sync) - ICar.support.WaitUtils.waitForSpinner(WaitUtils.java:225)</small> </font> </div>
<div class="test-event"> <font color="maroon"> <small> &emsp; &emsp;--- 06 Aug 12:47:27 197 - Page URL:: https://i-car--staging.sandbox.lightning.force.com/lightning/r/sked__job__c/a2mvc000000butlyam/view</small> </font> </div>
<div class="test-event"> <font color="maroon"> <small> &emsp; &emsp;--- 06 Aug 12:47:27 197 - <b>0</b> - Page Load Wait: (Sync) - ICar.support.Utils.waitForPageLoad(Utils.java:109)</small> </font> </div>
<div class="test-event"> <font color="maroon"> <small> &emsp; &emsp;--- 06 Aug 12:48:53 659 - Unable to find an element after 20 sec ==> Proxy element for: AjaxElementLocator 'By.xpath: //a[@data-target-selection-name='relatedListsTabTab']'</small> </font> </div>
<div class="test-event"> <font color="maroon"> <small> &emsp; &emsp;--- 06 Aug 12:48:58 853 - Element is displayed:: [[ChromeDriver: chrome on WINDOWS (bc08538aa04ca0fc5d583beb57eceede)] -> xpath: //a[@id='relatedListsTab__item']]</small> </font> </div>
<div class="test-event"> <font color="maroon"> <small> &emsp; &emsp;--- 06 Aug 12:48:59 603 - Page URL:: https://i-car--staging.sandbox.lightning.force.com/lightning/r/sked__job__c/a2mvc000000butlyam/view</small> </font> </div>
<div class="test-event"> <font color="maroon"> <small> &emsp; &emsp;--- 06 Aug 12:48:59 603 - <b>0</b> - Page Load Wait: (Sync) - ICar.support.Utils.waitForPageLoad(Utils.java:109)</small> </font> </div>
<div class="test-event"> <font color="maroon"> <small> &emsp; &emsp;--- 06 Aug 12:49:05 087 - Catched spinner load exception due to Expected condition failed: waiting for ICar.support.WaitUtils$4@4ccdc1df (tried for 5 second(s) with 500 milliseconds interval)</small> </font> </div>
<div class="test-event"> <font color="maroon"> <small> &emsp; &emsp;--- 06 Aug 12:49:05 087 - <b>5</b> - Spinner Load Wait: (Sync) - ICar.support.WaitUtils.waitForSpinner(WaitUtils.java:225)</small> </font> </div>
<div class="test-event"> <font color="maroon"> <small> &emsp; &emsp;--- 06 Aug 12:49:23 378 - Catched spinner load exception due to Expected condition failed: waiting for ICar.support.WaitUtils$4@4ccdc1df (tried for 18 second(s) with 500 milliseconds interval)</small> </font> </div>
<div class="test-event"> <font color="maroon"> <small> &emsp; &emsp;--- 06 Aug 12:49:23 378 - <b>18</b> - Spinner Load Wait: (Sync) - ICar.support.WaitUtils.waitForSpinner(WaitUtils.java:225)</small> </font> </div>
<div class="test-event"> <font color="maroon"> <small> &emsp; &emsp;--- 06 Aug 12:49:24 138 - Page URL:: https://i-car--staging.sandbox.lightning.force.com/lightning/r/sked__job__c/a2mvc000000butlyam/view</small> </font> </div>
<div class="test-event"> <font color="maroon"> <small> &emsp; &emsp;--- 06 Aug 12:49:24 138 - <b>0</b> - Page Load Wait: (Sync) - ICar.support.Utils.waitForPageLoad(Utils.java:109)</small> </font> </div>
<div class="test-event"> <font color="maroon"> <small> &emsp; &emsp;--- 06 Aug 12:49:57 366 - Catched spinner load exception due to Expected condition failed: waiting for ICar.support.WaitUtils$4@4ccdc1df (tried for 15 second(s) with 500 milliseconds interval)</small> </font> </div>
<div class="test-event"> <font color="maroon"> <small> &emsp; &emsp;--- 06 Aug 12:49:57 366 - <b>15</b> - Spinner Load Wait: (Sync) - ICar.support.WaitUtils.waitForSpinner(WaitUtils.java:225)</small> </font> </div>
<div class="test-event"> <font color="maroon"> <small> &emsp; &emsp;--- 06 Aug 12:49:59 370 - Page URL:: https://i-car--staging.sandbox.lightning.force.com/lightning/r/sked__job__c/a2mvc000000butlyam/view</small> </font> </div>
<div class="test-event"> <font color="maroon"> <small> &emsp; &emsp;--- 06 Aug 12:49:59 370 - <b>0</b> - Page Load Wait: (Sync) - ICar.support.Utils.waitForPageLoad(Utils.java:109)</small> </font> </div>
<div class="test-event"> <font color="maroon"> <small> &emsp; &emsp;--- 06 Aug 12:50:09 825 - Catched spinner load exception due to Expected condition failed: waiting for ICar.support.WaitUtils$4@4ccdc1df (tried for 10 second(s) with 500 milliseconds interval)</small> </font> </div>
<div class="test-event"> <font color="maroon"> <small> &emsp; &emsp;--- 06 Aug 12:50:09 825 - <b>10</b> - Spinner Load Wait: (Sync) - ICar.support.WaitUtils.waitForSpinner(WaitUtils.java:225)</small> </font> </div>
<div class="test-event"> <font color="maroon"> <small> &emsp; &emsp;--- 06 Aug 12:50:10 637 - Page URL:: https://i-car--staging.sandbox.lightning.force.com/lightning/r/sked__job__c/a2mvc000000butlyam/view</small> </font> </div>
<div class="test-event"> <font color="maroon"> <small> &emsp; &emsp;--- 06 Aug 12:50:10 637 - <b>0</b> - Page Load Wait: (Sync) - ICar.support.Utils.waitForPageLoad(Utils.java:109)</small> </font> </div>
<div class="test-event"> <font color="maroon"> <small> &emsp; &emsp;--- 06 Aug 12:50:13 514 - Page URL:: https://i-car--staging.sandbox.lightning.force.com/lightning/r/sked__job__c/a2mvc000000butlyam/view</small> </font> </div>
<div class="test-event"> <font color="maroon"> <small> &emsp; &emsp;--- 06 Aug 12:50:13 514 - <b>0</b> - Page Load Wait: (Sync) - ICar.support.Utils.waitForPageLoad(Utils.java:109)</small> </font> </div>
<div class="test-event"> <font color="maroon"> <small> &emsp; &emsp;--- 06 Aug 12:50:17 808 - Catched spinner load exception due to Expected condition failed: waiting for ICar.support.WaitUtils$4@4ccdc1df (tried for 2 second(s) with 500 milliseconds interval)</small> </font> </div>
<div class="test-event"> <font color="maroon"> <small> &emsp; &emsp;--- 06 Aug 12:50:17 808 - <b>2</b> - Spinner Load Wait: (Sync) - ICar.support.WaitUtils.waitForSpinner(WaitUtils.java:225)</small> </font> </div>
<div class="test-event"> <font color="maroon"> <small> &emsp; &emsp;--- 06 Aug 12:50:18 702 - Page URL:: https://i-car--staging.sandbox.lightning.force.com/lightning/r/sked__job__c/a2mvc000000butlyam/view</small> </font> </div>
<div class="test-event"> <font color="maroon"> <small> &emsp; &emsp;--- 06 Aug 12:50:18 702 - <b>0</b> - Page Load Wait: (Sync) - ICar.support.Utils.waitForPageLoad(Utils.java:109)</small> </font> </div>
<div class="test-event"> <font color="maroon"> <small> &emsp; &emsp;--- 06 Aug 12:50:19 812 - Catched spinner load exception due to Expected condition failed: waiting for ICar.support.WaitUtils$4@4ccdc1df (tried for 1 second(s) with 500 milliseconds interval)</small> </font> </div>
<div class="test-event"> <font color="maroon"> <small> &emsp; &emsp;--- 06 Aug 12:50:19 812 - <b>1</b> - Spinner Load Wait: (Sync) - ICar.support.WaitUtils.waitForSpinner(WaitUtils.java:225)</small> </font> </div>
<div class="test-event"> <font color="maroon"> <small> &emsp; &emsp;--- 06 Aug 12:50:20 738 - Page URL:: https://i-car--staging.sandbox.lightning.force.com/lightning/r/sked__job__c/a2mvc000000butlyam/view</small> </font> </div>
<div class="test-event"> <font color="maroon"> <small> &emsp; &emsp;--- 06 Aug 12:50:20 738 - <b>0</b> - Page Load Wait: (Sync) - ICar.support.Utils.waitForPageLoad(Utils.java:109)</small> </font> </div>
<div class="test-event"> <font color="maroon"> <small> &emsp; &emsp;--- 06 Aug 12:50:25 003 - Catched spinner load exception due to Expected condition failed: waiting for ICar.support.WaitUtils$4@4ccdc1df (tried for 2 second(s) with 500 milliseconds interval)</small> </font> </div>
<div class="test-event"> <font color="maroon"> <small> &emsp; &emsp;--- 06 Aug 12:50:25 003 - <b>2</b> - Spinner Load Wait: (Sync) - ICar.support.WaitUtils.waitForSpinner(WaitUtils.java:225)</small> </font> </div>
<div class="test-event"> <font color="maroon"> <small> &emsp; &emsp;--- 06 Aug 12:50:26 008 - Page URL:: https://i-car--staging.sandbox.lightning.force.com/lightning/r/sked__job__c/a2mvc000000butlyam/view</small> </font> </div>
<div class="test-event"> <font color="maroon"> <small> &emsp; &emsp;--- 06 Aug 12:50:26 009 - <b>1</b> - Page Load Wait: (Sync) - ICar.support.Utils.waitForPageLoad(Utils.java:109)</small> </font> </div>
<div class="test-event"> <font color="maroon"> <small> &emsp; &emsp;--- 06 Aug 12:50:27 112 - Catched spinner load exception due to Expected condition failed: waiting for ICar.support.WaitUtils$4@4ccdc1df (tried for 1 second(s) with 500 milliseconds interval)</small> </font> </div>
<div class="test-event"> <font color="maroon"> <small> &emsp; &emsp;--- 06 Aug 12:50:27 112 - <b>1</b> - Spinner Load Wait: (Sync) - ICar.support.WaitUtils.waitForSpinner(WaitUtils.java:225)</small> </font> </div>
<div class="test-event"> <font color="maroon"> <small> &emsp; &emsp;--- 06 Aug 12:50:28 061 - Page URL:: https://i-car--staging.sandbox.lightning.force.com/lightning/r/sked__job__c/a2mvc000000butlyam/view</small> </font> </div>
<div class="test-event"> <font color="maroon"> <small> &emsp; &emsp;--- 06 Aug 12:50:28 062 - <b>0</b> - Page Load Wait: (Sync) - ICar.support.Utils.waitForPageLoad(Utils.java:109)</small> </font> </div>
<div class="test-event"> <font color="maroon"> <small> &emsp; &emsp;--- 06 Aug 12:50:32 370 - Catched spinner load exception due to Expected condition failed: waiting for ICar.support.WaitUtils$4@4ccdc1df (tried for 2 second(s) with 500 milliseconds interval)</small> </font> </div>
<div class="test-event"> <font color="maroon"> <small> &emsp; &emsp;--- 06 Aug 12:50:32 370 - <b>2</b> - Spinner Load Wait: (Sync) - ICar.support.WaitUtils.waitForSpinner(WaitUtils.java:225)</small> </font> </div>
<div class="test-event"> <font color="maroon"> <small> &emsp; &emsp;--- 06 Aug 12:50:33 104 - Page URL:: https://i-car--staging.sandbox.lightning.force.com/lightning/r/sked__job__c/a2mvc000000butlyam/view</small> </font> </div>
<div class="test-event"> <font color="maroon"> <small> &emsp; &emsp;--- 06 Aug 12:50:33 104 - <b>0</b> - Page Load Wait: (Sync) - ICar.support.Utils.waitForPageLoad(Utils.java:109)</small> </font> </div>
<div class="test-event"> <font color="maroon"> <small> &emsp; &emsp;--- 06 Aug 12:50:34 193 - Catched spinner load exception due to Expected condition failed: waiting for ICar.support.WaitUtils$4@4ccdc1df (tried for 1 second(s) with 500 milliseconds interval)</small> </font> </div>
<div class="test-event"> <font color="maroon"> <small> &emsp; &emsp;--- 06 Aug 12:50:34 193 - <b>1</b> - Spinner Load Wait: (Sync) - ICar.support.WaitUtils.waitForSpinner(WaitUtils.java:225)</small> </font> </div>
<div class="test-event"> <font color="maroon"> <small> &emsp; &emsp;--- 06 Aug 12:50:34 898 - Page URL:: https://i-car--staging.sandbox.lightning.force.com/lightning/r/sked__job__c/a2mvc000000butlyam/view</small> </font> </div>
<div class="test-event"> <font color="maroon"> <small> &emsp; &emsp;--- 06 Aug 12:50:34 898 - <b>0</b> - Page Load Wait: (Sync) - ICar.support.Utils.waitForPageLoad(Utils.java:109)</small> </font> </div>
<div class="test-event"> <font color="maroon"> <small> &emsp; &emsp;--- 06 Aug 12:50:39 141 - Catched spinner load exception due to Expected condition failed: waiting for ICar.support.WaitUtils$4@4ccdc1df (tried for 2 second(s) with 500 milliseconds interval)</small> </font> </div>
<div class="test-event"> <font color="maroon"> <small> &emsp; &emsp;--- 06 Aug 12:50:39 141 - <b>2</b> - Spinner Load Wait: (Sync) - ICar.support.WaitUtils.waitForSpinner(WaitUtils.java:225)</small> </font> </div>
<div class="test-event"> <font color="maroon"> <small> &emsp; &emsp;--- 06 Aug 12:50:39 839 - Page URL:: https://i-car--staging.sandbox.lightning.force.com/lightning/r/sked__job__c/a2mvc000000butlyam/view</small> </font> </div>
<div class="test-event"> <font color="maroon"> <small> &emsp; &emsp;--- 06 Aug 12:50:39 839 - <b>0</b> - Page Load Wait: (Sync) - ICar.support.Utils.waitForPageLoad(Utils.java:109)</small> </font> </div>
<div class="test-event"> <font color="maroon"> <small> &emsp; &emsp;--- 06 Aug 12:50:40 927 - Catched spinner load exception due to Expected condition failed: waiting for ICar.support.WaitUtils$4@4ccdc1df (tried for 1 second(s) with 500 milliseconds interval)</small> </font> </div>
<div class="test-event"> <font color="maroon"> <small> &emsp; &emsp;--- 06 Aug 12:50:40 927 - <b>1</b> - Spinner Load Wait: (Sync) - ICar.support.WaitUtils.waitForSpinner(WaitUtils.java:225)</small> </font> </div>
<div class="test-event"> <font color="maroon"> <small> &emsp; &emsp;--- 06 Aug 12:50:41 651 - Page URL:: https://i-car--staging.sandbox.lightning.force.com/lightning/r/sked__job__c/a2mvc000000butlyam/view</small> </font> </div>
<div class="test-event"> <font color="maroon"> <small> &emsp; &emsp;--- 06 Aug 12:50:41 651 - <b>0</b> - Page Load Wait: (Sync) - ICar.support.Utils.waitForPageLoad(Utils.java:109)</small> </font> </div>
<div class="test-event"> <font color="maroon"> <small> &emsp; &emsp;--- 06 Aug 12:50:45 841 - Catched spinner load exception due to Expected condition failed: waiting for ICar.support.WaitUtils$4@4ccdc1df (tried for 2 second(s) with 500 milliseconds interval)</small> </font> </div>
<div class="test-event"> <font color="maroon"> <small> &emsp; &emsp;--- 06 Aug 12:50:45 841 - <b>2</b> - Spinner Load Wait: (Sync) - ICar.support.WaitUtils.waitForSpinner(WaitUtils.java:225)</small> </font> </div>
<div class="test-event"> <font color="maroon"> <small> &emsp; &emsp;--- 06 Aug 12:50:46 538 - Page URL:: https://i-car--staging.sandbox.lightning.force.com/lightning/r/sked__job__c/a2mvc000000butlyam/view</small> </font> </div>
<div class="test-event"> <font color="maroon"> <small> &emsp; &emsp;--- 06 Aug 12:50:46 538 - <b>0</b> - Page Load Wait: (Sync) - ICar.support.Utils.waitForPageLoad(Utils.java:109)</small> </font> </div>
<div class="test-event"> <font color="maroon"> <small> &emsp; &emsp;--- 06 Aug 12:50:47 620 - Catched spinner load exception due to Expected condition failed: waiting for ICar.support.WaitUtils$4@4ccdc1df (tried for 1 second(s) with 500 milliseconds interval)</small> </font> </div>
<div class="test-event"> <font color="maroon"> <small> &emsp; &emsp;--- 06 Aug 12:50:47 620 - <b>1</b> - Spinner Load Wait: (Sync) - ICar.support.WaitUtils.waitForSpinner(WaitUtils.java:225)</small> </font> </div>
<div class="test-event"> <font color="maroon"> <small> &emsp; &emsp;--- 06 Aug 12:50:48 316 - Page URL:: https://i-car--staging.sandbox.lightning.force.com/lightning/r/sked__job__c/a2mvc000000butlyam/view</small> </font> </div>
<div class="test-event"> <font color="maroon"> <small> &emsp; &emsp;--- 06 Aug 12:50:48 316 - <b>0</b> - Page Load Wait: (Sync) - ICar.support.Utils.waitForPageLoad(Utils.java:109)</small> </font> </div>
<div class="test-event"> <font color="maroon"> <small> &emsp; &emsp;--- 06 Aug 12:50:52 488 - Catched spinner load exception due to Expected condition failed: waiting for ICar.support.WaitUtils$4@4ccdc1df (tried for 2 second(s) with 500 milliseconds interval)</small> </font> </div>
<div class="test-event"> <font color="maroon"> <small> &emsp; &emsp;--- 06 Aug 12:50:52 488 - <b>2</b> - Spinner Load Wait: (Sync) - ICar.support.WaitUtils.waitForSpinner(WaitUtils.java:225)</small> </font> </div>
<div class="test-event"> <font color="maroon"> <small> &emsp; &emsp;--- 06 Aug 12:50:53 187 - Page URL:: https://i-car--staging.sandbox.lightning.force.com/lightning/r/sked__job__c/a2mvc000000butlyam/view</small> </font> </div>
<div class="test-event"> <font color="maroon"> <small> &emsp; &emsp;--- 06 Aug 12:50:53 187 - <b>0</b> - Page Load Wait: (Sync) - ICar.support.Utils.waitForPageLoad(Utils.java:109)</small> </font> </div>
<div class="test-event"> <font color="maroon"> <small> &emsp; &emsp;--- 06 Aug 12:50:54 301 - Catched spinner load exception due to Expected condition failed: waiting for ICar.support.WaitUtils$4@4ccdc1df (tried for 1 second(s) with 500 milliseconds interval)</small> </font> </div>
<div class="test-event"> <font color="maroon"> <small> &emsp; &emsp;--- 06 Aug 12:50:54 301 - <b>1</b> - Spinner Load Wait: (Sync) - ICar.support.WaitUtils.waitForSpinner(WaitUtils.java:225)</small> </font> </div>
<div class="test-event"> <font color="maroon"> <small> &emsp; &emsp;--- 06 Aug 12:50:55 030 - Page URL:: https://i-car--staging.sandbox.lightning.force.com/lightning/r/sked__job__c/a2mvc000000butlyam/view</small> </font> </div>
<div class="test-event"> <font color="maroon"> <small> &emsp; &emsp;--- 06 Aug 12:50:55 030 - <b>0</b> - Page Load Wait: (Sync) - ICar.support.Utils.waitForPageLoad(Utils.java:109)</small> </font> </div>
<div class="test-event"> <font color="maroon"> <small> &emsp; &emsp;--- 06 Aug 12:50:59 213 - Catched spinner load exception due to Expected condition failed: waiting for ICar.support.WaitUtils$4@4ccdc1df (tried for 2 second(s) with 500 milliseconds interval)</small> </font> </div>
<div class="test-event"> <font color="maroon"> <small> &emsp; &emsp;--- 06 Aug 12:50:59 213 - <b>2</b> - Spinner Load Wait: (Sync) - ICar.support.WaitUtils.waitForSpinner(WaitUtils.java:225)</small> </font> </div>
<div class="test-event"> <font color="maroon"> <small> &emsp; &emsp;--- 06 Aug 12:50:59 937 - Page URL:: https://i-car--staging.sandbox.lightning.force.com/lightning/r/sked__job__c/a2mvc000000butlyam/view</small> </font> </div>
<div class="test-event"> <font color="maroon"> <small> &emsp; &emsp;--- 06 Aug 12:50:59 937 - <b>0</b> - Page Load Wait: (Sync) - ICar.support.Utils.waitForPageLoad(Utils.java:109)</small> </font> </div>
<div class="test-event"> <font color="maroon"> <small> &emsp; &emsp;--- 06 Aug 12:51:01 015 - Catched spinner load exception due to Expected condition failed: waiting for ICar.support.WaitUtils$4@4ccdc1df (tried for 1 second(s) with 500 milliseconds interval)</small> </font> </div>
<div class="test-event"> <font color="maroon"> <small> &emsp; &emsp;--- 06 Aug 12:51:01 015 - <b>1</b> - Spinner Load Wait: (Sync) - ICar.support.WaitUtils.waitForSpinner(WaitUtils.java:225)</small> </font> </div>
<div class="test-event"> <font color="maroon"> <small> &emsp; &emsp;--- 06 Aug 12:51:01 732 - Page URL:: https://i-car--staging.sandbox.lightning.force.com/lightning/r/sked__job__c/a2mvc000000butlyam/view</small> </font> </div>
<div class="test-event"> <font color="maroon"> <small> &emsp; &emsp;--- 06 Aug 12:51:01 732 - <b>0</b> - Page Load Wait: (Sync) - ICar.support.Utils.waitForPageLoad(Utils.java:109)</small> </font> </div>
<div class="test-event"> <font color="maroon"> <small> &emsp; &emsp;--- 06 Aug 12:51:05 901 - Catched spinner load exception due to Expected condition failed: waiting for ICar.support.WaitUtils$4@4ccdc1df (tried for 2 second(s) with 500 milliseconds interval)</small> </font> </div>
<div class="test-event"> <font color="maroon"> <small> &emsp; &emsp;--- 06 Aug 12:51:05 901 - <b>2</b> - Spinner Load Wait: (Sync) - ICar.support.WaitUtils.waitForSpinner(WaitUtils.java:225)</small> </font> </div>
<div class="test-event"> <font color="maroon"> <small> &emsp; &emsp;--- 06 Aug 12:51:06 606 - Page URL:: https://i-car--staging.sandbox.lightning.force.com/lightning/r/sked__job__c/a2mvc000000butlyam/view</small> </font> </div>
<div class="test-event"> <font color="maroon"> <small> &emsp; &emsp;--- 06 Aug 12:51:06 606 - <b>0</b> - Page Load Wait: (Sync) - ICar.support.Utils.waitForPageLoad(Utils.java:109)</small> </font> </div>
<div class="test-event"> <font color="maroon"> <small> &emsp; &emsp;--- 06 Aug 12:51:07 709 - Catched spinner load exception due to Expected condition failed: waiting for ICar.support.WaitUtils$4@4ccdc1df (tried for 1 second(s) with 500 milliseconds interval)</small> </font> </div>
<div class="test-event"> <font color="maroon"> <small> &emsp; &emsp;--- 06 Aug 12:51:07 709 - <b>1</b> - Spinner Load Wait: (Sync) - ICar.support.WaitUtils.waitForSpinner(WaitUtils.java:225)</small> </font> </div>
<div class="test-event"> <font color="maroon"> <small> &emsp; &emsp;--- 06 Aug 12:51:08 410 - Page URL:: https://i-car--staging.sandbox.lightning.force.com/lightning/r/sked__job__c/a2mvc000000butlyam/view</small> </font> </div>
<div class="test-event"> <font color="maroon"> <small> &emsp; &emsp;--- 06 Aug 12:51:08 410 - <b>0</b> - Page Load Wait: (Sync) - ICar.support.Utils.waitForPageLoad(Utils.java:109)</small> </font> </div>
<div class="test-event"> <font color="maroon"> <small> &emsp; &emsp;--- 06 Aug 12:51:12 586 - Catched spinner load exception due to Expected condition failed: waiting for ICar.support.WaitUtils$4@4ccdc1df (tried for 2 second(s) with 500 milliseconds interval)</small> </font> </div>
<div class="test-event"> <font color="maroon"> <small> &emsp; &emsp;--- 06 Aug 12:51:12 586 - <b>2</b> - Spinner Load Wait: (Sync) - ICar.support.WaitUtils.waitForSpinner(WaitUtils.java:225)</small> </font> </div>
<div class="test-event"> <font color="maroon"> <small> &emsp; &emsp;--- 06 Aug 12:51:13 298 - Page URL:: https://i-car--staging.sandbox.lightning.force.com/lightning/r/sked__job__c/a2mvc000000butlyam/view</small> </font> </div>
<div class="test-event"> <font color="maroon"> <small> &emsp; &emsp;--- 06 Aug 12:51:13 298 - <b>0</b> - Page Load Wait: (Sync) - ICar.support.Utils.waitForPageLoad(Utils.java:109)</small> </font> </div>
<div class="test-event"> <font color="maroon"> <small> &emsp; &emsp;--- 06 Aug 12:51:14 396 - Catched spinner load exception due to Expected condition failed: waiting for ICar.support.WaitUtils$4@4ccdc1df (tried for 1 second(s) with 500 milliseconds interval)</small> </font> </div>
<div class="test-event"> <font color="maroon"> <small> &emsp; &emsp;--- 06 Aug 12:51:14 396 - <b>1</b> - Spinner Load Wait: (Sync) - ICar.support.WaitUtils.waitForSpinner(WaitUtils.java:225)</small> </font> </div>
<div class="test-event"> <font color="maroon"> <small> &emsp; &emsp;--- 06 Aug 12:51:15 094 - Page URL:: https://i-car--staging.sandbox.lightning.force.com/lightning/r/sked__job__c/a2mvc000000butlyam/view</small> </font> </div>
<div class="test-event"> <font color="maroon"> <small> &emsp; &emsp;--- 06 Aug 12:51:15 094 - <b>0</b> - Page Load Wait: (Sync) - ICar.support.Utils.waitForPageLoad(Utils.java:109)</small> </font> </div>
<div class="test-event"> <font color="maroon"> <small> &emsp; &emsp;--- 06 Aug 12:51:19 292 - Catched spinner load exception due to Expected condition failed: waiting for ICar.support.WaitUtils$4@4ccdc1df (tried for 2 second(s) with 500 milliseconds interval)</small> </font> </div>
<div class="test-event"> <font color="maroon"> <small> &emsp; &emsp;--- 06 Aug 12:51:19 292 - <b>2</b> - Spinner Load Wait: (Sync) - ICar.support.WaitUtils.waitForSpinner(WaitUtils.java:225)</small> </font> </div>
<div class="test-event"> <font color="maroon"> <small> &emsp; &emsp;--- 06 Aug 12:51:20 001 - Page URL:: https://i-car--staging.sandbox.lightning.force.com/lightning/r/sked__job__c/a2mvc000000butlyam/view</small> </font> </div>
<div class="test-event"> <font color="maroon"> <small> &emsp; &emsp;--- 06 Aug 12:51:20 001 - <b>0</b> - Page Load Wait: (Sync) - ICar.support.Utils.waitForPageLoad(Utils.java:109)</small> </font> </div>
<div class="test-event"> <font color="maroon"> <small> &emsp; &emsp;--- 06 Aug 12:51:21 090 - Catched spinner load exception due to Expected condition failed: waiting for ICar.support.WaitUtils$4@4ccdc1df (tried for 1 second(s) with 500 milliseconds interval)</small> </font> </div>
<div class="test-event"> <font color="maroon"> <small> &emsp; &emsp;--- 06 Aug 12:51:21 090 - <b>1</b> - Spinner Load Wait: (Sync) - ICar.support.WaitUtils.waitForSpinner(WaitUtils.java:225)</small> </font> </div>
<div class="test-event"> <font color="maroon"> <small> &emsp; &emsp;--- 06 Aug 12:51:21 783 - Page URL:: https://i-car--staging.sandbox.lightning.force.com/lightning/r/sked__job__c/a2mvc000000butlyam/view</small> </font> </div>
<div class="test-event"> <font color="maroon"> <small> &emsp; &emsp;--- 06 Aug 12:51:21 783 - <b>0</b> - Page Load Wait: (Sync) - ICar.support.Utils.waitForPageLoad(Utils.java:109)</small> </font> </div>
<div class="test-event"> <font color="maroon"> <small> &emsp; &emsp;--- 06 Aug 12:51:25 963 - Catched spinner load exception due to Expected condition failed: waiting for ICar.support.WaitUtils$4@4ccdc1df (tried for 2 second(s) with 500 milliseconds interval)</small> </font> </div>
<div class="test-event"> <font color="maroon"> <small> &emsp; &emsp;--- 06 Aug 12:51:25 963 - <b>2</b> - Spinner Load Wait: (Sync) - ICar.support.WaitUtils.waitForSpinner(WaitUtils.java:225)</small> </font> </div>
<div class="test-event"> <font color="maroon"> <small> &emsp; &emsp;--- 06 Aug 12:51:26 675 - Page URL:: https://i-car--staging.sandbox.lightning.force.com/lightning/r/sked__job__c/a2mvc000000butlyam/view</small> </font> </div>
<div class="test-event"> <font color="maroon"> <small> &emsp; &emsp;--- 06 Aug 12:51:26 675 - <b>0</b> - Page Load Wait: (Sync) - ICar.support.Utils.waitForPageLoad(Utils.java:109)</small> </font> </div>
<div class="test-event"> <font color="maroon"> <small> &emsp; &emsp;--- 06 Aug 12:51:27 768 - Catched spinner load exception due to Expected condition failed: waiting for ICar.support.WaitUtils$4@4ccdc1df (tried for 1 second(s) with 500 milliseconds interval)</small> </font> </div>
<div class="test-event"> <font color="maroon"> <small> &emsp; &emsp;--- 06 Aug 12:51:27 768 - <b>1</b> - Spinner Load Wait: (Sync) - ICar.support.WaitUtils.waitForSpinner(WaitUtils.java:225)</small> </font> </div>
<div class="test-event"> <font color="maroon"> <small> &emsp; &emsp;--- 06 Aug 12:51:28 490 - Page URL:: https://i-car--staging.sandbox.lightning.force.com/lightning/r/sked__job__c/a2mvc000000butlyam/view</small> </font> </div>
<div class="test-event"> <font color="maroon"> <small> &emsp; &emsp;--- 06 Aug 12:51:28 490 - <b>0</b> - Page Load Wait: (Sync) - ICar.support.Utils.waitForPageLoad(Utils.java:109)</small> </font> </div>
<div class="test-event"> <font color="maroon"> <small> &emsp; &emsp;--- 06 Aug 12:51:32 674 - Catched spinner load exception due to Expected condition failed: waiting for ICar.support.WaitUtils$4@4ccdc1df (tried for 2 second(s) with 500 milliseconds interval)</small> </font> </div>
<div class="test-event"> <font color="maroon"> <small> &emsp; &emsp;--- 06 Aug 12:51:32 674 - <b>2</b> - Spinner Load Wait: (Sync) - ICar.support.WaitUtils.waitForSpinner(WaitUtils.java:225)</small> </font> </div>
<div class="test-event"> <font color="maroon"> <small> &emsp; &emsp;--- 06 Aug 12:51:33 507 - Page URL:: https://i-car--staging.sandbox.lightning.force.com/lightning/r/sked__job__c/a2mvc000000butlyam/view</small> </font> </div>
<div class="test-event"> <font color="maroon"> <small> &emsp; &emsp;--- 06 Aug 12:51:33 507 - <b>0</b> - Page Load Wait: (Sync) - ICar.support.Utils.waitForPageLoad(Utils.java:109)</small> </font> </div>
<div class="test-event"> <font color="maroon"> <small> &emsp; &emsp;--- 06 Aug 12:51:34 654 - Catched spinner load exception due to Expected condition failed: waiting for ICar.support.WaitUtils$4@4ccdc1df (tried for 1 second(s) with 500 milliseconds interval)</small> </font> </div>
<div class="test-event"> <font color="maroon"> <small> &emsp; &emsp;--- 06 Aug 12:51:34 654 - <b>1</b> - Spinner Load Wait: (Sync) - ICar.support.WaitUtils.waitForSpinner(WaitUtils.java:225)</small> </font> </div>
<div class="test-event"> <font color="maroon"> <small> &emsp; &emsp;--- 06 Aug 12:51:35 413 - Page URL:: https://i-car--staging.sandbox.lightning.force.com/lightning/r/sked__job__c/a2mvc000000butlyam/view</small> </font> </div>
<div class="test-event"> <font color="maroon"> <small> &emsp; &emsp;--- 06 Aug 12:51:35 413 - <b>0</b> - Page Load Wait: (Sync) - ICar.support.Utils.waitForPageLoad(Utils.java:109)</small> </font> </div>
<div class="test-event"> <font color="maroon"> <small> &emsp; &emsp;--- 06 Aug 12:51:39 608 - Catched spinner load exception due to Expected condition failed: waiting for ICar.support.WaitUtils$4@4ccdc1df (tried for 2 second(s) with 500 milliseconds interval)</small> </font> </div>
<div class="test-event"> <font color="maroon"> <small> &emsp; &emsp;--- 06 Aug 12:51:39 608 - <b>2</b> - Spinner Load Wait: (Sync) - ICar.support.WaitUtils.waitForSpinner(WaitUtils.java:225)</small> </font> </div>
<div class="test-event"> <font color="maroon"> <small> &emsp; &emsp;--- 06 Aug 12:51:40 367 - Page URL:: https://i-car--staging.sandbox.lightning.force.com/lightning/r/sked__job__c/a2mvc000000butlyam/view</small> </font> </div>
<div class="test-event"> <font color="maroon"> <small> &emsp; &emsp;--- 06 Aug 12:51:40 367 - <b>0</b> - Page Load Wait: (Sync) - ICar.support.Utils.waitForPageLoad(Utils.java:109)</small> </font> </div>
<div class="test-event"> <font color="maroon"> <small> &emsp; &emsp;--- 06 Aug 12:51:48 849 - Catched spinner load exception due to Expected condition failed: waiting for ICar.support.WaitUtils$4@4ccdc1df (tried for 8 second(s) with 500 milliseconds interval)</small> </font> </div>
<div class="test-event"> <font color="maroon"> <small> &emsp; &emsp;--- 06 Aug 12:51:48 849 - <b>8</b> - Spinner Load Wait: (Sync) - ICar.support.WaitUtils.waitForSpinner(WaitUtils.java:225)</small> </font> </div>
<div class="test-event"> <font color="maroon"> <small> &emsp; &emsp;--- 06 Aug 12:51:49 540 - Page URL:: https://i-car--staging.sandbox.lightning.force.com/lightning/r/sked__job__c/a2mvc000000butlyam/view</small> </font> </div>
<div class="test-event"> <font color="maroon"> <small> &emsp; &emsp;--- 06 Aug 12:51:49 540 - <b>0</b> - Page Load Wait: (Sync) - ICar.support.Utils.waitForPageLoad(Utils.java:109)</small> </font> </div>
<div class="test-event"> <font color="maroon"> <small> &emsp; &emsp;--- 06 Aug 12:51:49 602 - Element is displayed:: [[ChromeDriver: chrome on WINDOWS (bc08538aa04ca0fc5d583beb57eceede)] -> xpath: //h2[@class='slds-card__header-title']/a/span[1]]</small> </font> </div>
<div class="test-event"> <font color="maroon"> <small> &emsp; &emsp;--- 06 Aug 12:51:51 303 - Page URL:: https://i-car--staging.sandbox.lightning.force.com/lightning/r/sked__job__c/a2mvc000000butlyam/related/cc_order_items5__r/view?ws=%2flightning%2fr%2fsked__job__c%2fa2mvc000000butlyam%2fview</small> </font> </div>
<div class="test-event"> <font color="maroon"> <small> &emsp; &emsp;--- 06 Aug 12:51:51 303 - <b>1</b> - Page Load Wait: (Sync) - ICar.support.Utils.waitForPageLoad(Utils.java:109)</small> </font> </div>
<div class="test-event"> <font color="maroon"> <small> &emsp; &emsp;--- 06 Aug 12:52:01 362 - Catched spinner load exception due to Expected condition failed: waiting for ICar.support.WaitUtils$4@4ccdc1df (tried for 10 second(s) with 500 milliseconds interval)</small> </font> </div>
<div class="test-event"> <font color="maroon"> <small> &emsp; &emsp;--- 06 Aug 12:52:01 362 - <b>10</b> - Spinner Load Wait: (Sync) - ICar.support.WaitUtils.waitForSpinner(WaitUtils.java:225)</small> </font> </div>
<div class="test-event"> <font color="maroon"> <small> &emsp; &emsp;--- 06 Aug 12:52:02 646 - Page URL:: https://i-car--staging.sandbox.lightning.force.com/lightning/r/sked__job__c/a2mvc000000butlyam/related/cc_order_items5__r/view?ws=%2flightning%2fr%2fsked__job__c%2fa2mvc000000butlyam%2fview</small> </font> </div>
<div class="test-event"> <font color="maroon"> <small> &emsp; &emsp;--- 06 Aug 12:52:02 646 - <b>1</b> - Page Load Wait: (Sync) - ICar.support.Utils.waitForPageLoad(Utils.java:109)</small> </font> </div>
<div class="test-event"> <font color="maroon"> <small> &emsp; &emsp;--- 06 Aug 12:52:03 904 - Page URL:: https://i-car--staging.sandbox.lightning.force.com/lightning/r/sked__job__c/a2mvc000000butlyam/related/cc_order_items5__r/view?ws=%2flightning%2fr%2fsked__job__c%2fa2mvc000000butlyam%2fview</small> </font> </div>
<div class="test-event"> <font color="maroon"> <small> &emsp; &emsp;--- 06 Aug 12:52:03 904 - <b>1</b> - Page Load Wait: (Sync) - ICar.support.Utils.waitForPageLoad(Utils.java:109)</small> </font> </div>
<div class="test-event"> <font color="maroon"> <small> &emsp; &emsp;--- 06 Aug 12:52:03 972 - Element is displayed:: [[ChromeDriver: chrome on WINDOWS (bc08538aa04ca0fc5d583beb57eceede)] -> xpath: //div[contains(@id,'brandBand_')]/div/div/div/div[2]/div/div[1]/div[2]/div[2]/div[1]/div/div/table/tbody/tr/th/span/a]</small> </font> </div>
<div class="test-event"> <font color="maroon"> <small> &emsp; &emsp;--- 06 Aug 12:52:27 334 - Catched spinner load exception due to Expected condition failed: waiting for ICar.support.WaitUtils$4@4ccdc1df (tried for 20 second(s) with 500 milliseconds interval)</small> </font> </div>
<div class="test-event"> <font color="maroon"> <small> &emsp; &emsp;--- 06 Aug 12:52:27 334 - <b>20</b> - Spinner Load Wait: (Sync) - ICar.support.WaitUtils.waitForSpinner(WaitUtils.java:225)</small> </font> </div>
<div class="test-message">&emsp;Order Id : 00882783</div>
<div class="test-event"> <font color="maroon"> <small> &emsp; &emsp;--- 06 Aug 12:52:28 832 - Page URL:: https://i-car--staging.sandbox.lightning.force.com/lightning/r/orderitem/802vc00000841u4yaa/view?ws=%2flightning%2fr%2fsked__job__c%2fa2mvc000000butlyam%2fview</small> </font> </div>
<div class="test-event"> <font color="maroon"> <small> &emsp; &emsp;--- 06 Aug 12:52:28 832 - <b>1</b> - Page Load Wait: (Sync) - ICar.support.Utils.waitForPageLoad(Utils.java:109)</small> </font> </div>
<div class="test-event"> <font color="maroon"> <small> &emsp; &emsp;--- 06 Aug 12:52:35 660 - Page URL:: https://i-car--staging.sandbox.lightning.force.com/lightning/r/orderitem/802vc00000841u4yaa/view?ws=%2flightning%2fr%2fsked__job__c%2fa2mvc000000butlyam%2fview</small> </font> </div>
<div class="test-event"> <font color="maroon"> <small> &emsp; &emsp;--- 06 Aug 12:52:35 660 - <b>1</b> - Page Load Wait: (Sync) - ICar.support.Utils.waitForPageLoad(Utils.java:109)</small> </font> </div>
<div class="test-message">&emsp;Close the tab</div>
<div class="test-event"> <font color="maroon"> <small> &emsp; &emsp;--- 06 Aug 12:52:41 198 - Page URL:: https://i-car--staging.sandbox.lightning.force.com/lightning/o/account/list?filtername=00b1i000007mf4quaa</small> </font> </div>
<div class="test-event"> <font color="maroon"> <small> &emsp; &emsp;--- 06 Aug 12:52:41 198 - <b>0</b> - Page Load Wait: (Sync) - ICar.support.Utils.waitForPageLoad(Utils.java:109)</small> </font> </div>
<div class="test-event"> <font color="maroon"> <small> &emsp; &emsp;--- 06 Aug 12:52:46 693 - Page URL:: https://i-car--staging.sandbox.lightning.force.com/lightning/o/account/list?filtername=00b1i000007mf4quaa</small> </font> </div>
<div class="test-event"> <font color="maroon"> <small> &emsp; &emsp;--- 06 Aug 12:52:46 693 - <b>0</b> - Page Load Wait: (Sync) - ICar.support.Utils.waitForPageLoad(Utils.java:109)</small> </font> </div>
<div class="test-message">&emsp;Close the tab</div>
<div class="test-event"> <font color="maroon"> <small> &emsp; &emsp;--- 06 Aug 12:52:52 421 - Page URL:: https://i-car--staging.sandbox.lightning.force.com/lightning/o/account/list?filtername=00b1i000007mf4quaa</small> </font> </div>
<div class="test-event"> <font color="maroon"> <small> &emsp; &emsp;--- 06 Aug 12:52:52 421 - <b>0</b> - Page Load Wait: (Sync) - ICar.support.Utils.waitForPageLoad(Utils.java:109)</small> </font> </div>
<div class="test-event"> <font color="maroon"> <small> &emsp; &emsp;--- 06 Aug 12:52:52 481 - Element is displayed:: [[ChromeDriver: chrome on WINDOWS (bc08538aa04ca0fc5d583beb57eceede)] -> css selector: button[class*='search-button']]</small> </font> </div>
<div class="test-event"> <font color="maroon"> <small> &emsp; &emsp;--- 06 Aug 12:52:54 567 - Catched spinner load exception due to Expected condition failed: waiting for ICar.support.WaitUtils$4@4ccdc1df (tried for 2 second(s) with 500 milliseconds interval)</small> </font> </div>
<div class="test-event"> <font color="maroon"> <small> &emsp; &emsp;--- 06 Aug 12:52:54 567 - <b>2</b> - Spinner Load Wait: (Sync) - ICar.support.WaitUtils.waitForSpinner(WaitUtils.java:225)</small> </font> </div>
<div class="test-event"> <font color="maroon"> <small> &emsp; &emsp;--- 06 Aug 12:52:57 644 - Element is displayed:: [[ChromeDriver: chrome on WINDOWS (bc08538aa04ca0fc5d583beb57eceede)] -> css selector: button[class*='search-button']]</small> </font> </div>
<div class="test-event"> <font color="maroon"> <small> &emsp; &emsp;--- 06 Aug 12:52:58 223 - Page URL:: https://i-car--staging.sandbox.lightning.force.com/lightning/o/account/list?filtername=00b1i000007mf4quaa</small> </font> </div>
<div class="test-event"> <font color="maroon"> <small> &emsp; &emsp;--- 06 Aug 12:52:58 223 - <b>0</b> - Page Load Wait: (Sync) - ICar.support.Utils.waitForPageLoad(Utils.java:109)</small> </font> </div>
<div class="test-event"> <font color="maroon"> <small> &emsp; &emsp;--- 06 Aug 12:53:17 725 - Catched spinner load exception due to Expected condition failed: waiting for ICar.support.WaitUtils$4@4ccdc1df (tried for 10 second(s) with 500 milliseconds interval)</small> </font> </div>
<div class="test-event"> <font color="maroon"> <small> &emsp; &emsp;--- 06 Aug 12:53:17 725 - <b>10</b> - Spinner Load Wait: (Sync) - ICar.support.WaitUtils.waitForSpinner(WaitUtils.java:225)</small> </font> </div>
<div class="test-event"> <font color="maroon"> <small> &emsp; &emsp;--- 06 Aug 12:53:18 101 - Page URL:: https://i-car--staging.sandbox.lightning.force.com/one/one.app#eyjjb21wb25lbnrezwyioijmb3jjzvnlyxjjadpzzwfyy2hqywdlrgvza3rvccisimf0dhjpynv0zxmionsidgvybsi6ikppqi05nzi4msisinnjb3bltwfwijp7inr5cguioijut1bfukvtvuxuuyisim5hbwvzcgfjzsi6iiisimxhymvsijoivg9wifjlc3vsdhmilcjsywjlbfbsdxjhbci6ilrvccbszxn1bhrziiwicmvzdwx0c0ntcci6imzvcmnlu2vhcmnoonbyzwrpy3rlzfjlc3vsdhmifswiy29udgv4dci6eyjgsuxurvjtijp7fswic2vhcmnou291cmnlijoiqvntsvnuqu5ux0rjquxpryisimrpc2fibgvjbnrlbnrrdwvyesi6zmfsc2usimrpc2fibgvtcgvsbenvcnjly3rpb24iomzhbhnllcjzzwfyy2heawfsb2dtzxnzaw9uswqioiizzjjiowu2zc0xyzu5lwy2zdatndy2zc1hnwe5nzc0mtq3ytkilcjkzwj1z0luzm8ionsiyxbwtmftzsi6ikldyxjfu2vydmljzv9db25zb2xliiwiyxbwvhlwzsi6iknvbnnvbguilcjhchboyw1lc3bhy2uioijjiiwibg9jyxrpb24ioijmb3jjztpvymply3rib21lrgvza3rvccisinnvymply3ruexblijoiqwnjb3vudcj9fswiz3jvdxbjzci6ikrfrkfvtfqifswic3rhdguiont9fq%3d%3d</small> </font> </div>
<div class="test-event"> <font color="maroon"> <small> &emsp; &emsp;--- 06 Aug 12:53:18 101 - <b>0</b> - Page Load Wait: (Sync) - ICar.support.Utils.waitForPageLoad(Utils.java:109)</small> </font> </div>
<div class="test-event"> <font color="maroon"> <small> &emsp; &emsp;--- 06 Aug 12:53:29 558 - Catched spinner load exception due to Expected condition failed: waiting for ICar.support.WaitUtils$4@4ccdc1df (tried for 11 second(s) with 500 milliseconds interval)</small> </font> </div>
<div class="test-event"> <font color="maroon"> <small> &emsp; &emsp;--- 06 Aug 12:53:29 558 - <b>11</b> - Spinner Load Wait: (Sync) - ICar.support.WaitUtils.waitForSpinner(WaitUtils.java:225)</small> </font> </div>
<div class="test-event"> <font color="maroon"> <small> &emsp; &emsp;--- 06 Aug 12:53:29 956 - Page URL:: https://i-car--staging.sandbox.lightning.force.com/one/one.app#eyjjb21wb25lbnrezwyioijmb3jjzvnlyxjjadpzzwfyy2hqywdlrgvza3rvccisimf0dhjpynv0zxmionsidgvybsi6ikppqi05nzi4msisinnjb3bltwfwijp7inr5cguioijut1bfukvtvuxuuyisim5hbwvzcgfjzsi6iiisimxhymvsijoivg9wifjlc3vsdhmilcjsywjlbfbsdxjhbci6ilrvccbszxn1bhrziiwicmvzdwx0c0ntcci6imzvcmnlu2vhcmnoonbyzwrpy3rlzfjlc3vsdhmifswiy29udgv4dci6eyjgsuxurvjtijp7fswic2vhcmnou291cmnlijoiqvntsvnuqu5ux0rjquxpryisimrpc2fibgvjbnrlbnrrdwvyesi6zmfsc2usimrpc2fibgvtcgvsbenvcnjly3rpb24iomzhbhnllcjzzwfyy2heawfsb2dtzxnzaw9uswqioiizzjjiowu2zc0xyzu5lwy2zdatndy2zc1hnwe5nzc0mtq3ytkilcjkzwj1z0luzm8ionsiyxbwtmftzsi6ikldyxjfu2vydmljzv9db25zb2xliiwiyxbwvhlwzsi6iknvbnnvbguilcjhchboyw1lc3bhy2uioijjiiwibg9jyxrpb24ioijmb3jjztpvymply3rib21lrgvza3rvccisinnvymply3ruexblijoiqwnjb3vudcj9fswiz3jvdxbjzci6ikrfrkfvtfqifswic3rhdguiont9fq%3d%3d</small> </font> </div>
<div class="test-event"> <font color="maroon"> <small> &emsp; &emsp;--- 06 Aug 12:53:29 956 - <b>0</b> - Page Load Wait: (Sync) - ICar.support.Utils.waitForPageLoad(Utils.java:109)</small> </font> </div>
<div class="test-event"> <font color="maroon"> <small> &emsp; &emsp;--- 06 Aug 12:53:30 021 - Element is displayed:: [[ChromeDriver: chrome on WINDOWS (bc08538aa04ca0fc5d583beb57eceede)] -> xpath: //a[@title='Top Results']//span[text()='Top Results']]</small> </font> </div>
<div class="test-event"> <font color="maroon"> <small> &emsp; &emsp;--- 06 Aug 12:53:30 499 - Page URL:: https://i-car--staging.sandbox.lightning.force.com/one/one.app#eyjjb21wb25lbnrezwyioijmb3jjzvnlyxjjadpzzwfyy2hqywdlrgvza3rvccisimf0dhjpynv0zxmionsidgvybsi6ikppqi05nzi4msisinnjb3bltwfwijp7inr5cguioijut1bfukvtvuxuuyisim5hbwvzcgfjzsi6iiisimxhymvsijoivg9wifjlc3vsdhmilcjsywjlbfbsdxjhbci6ilrvccbszxn1bhrziiwicmvzdwx0c0ntcci6imzvcmnlu2vhcmnoonbyzwrpy3rlzfjlc3vsdhmifswiy29udgv4dci6eyjgsuxurvjtijp7fswic2vhcmnou291cmnlijoiqvntsvnuqu5ux0rjquxpryisimrpc2fibgvjbnrlbnrrdwvyesi6zmfsc2usimrpc2fibgvtcgvsbenvcnjly3rpb24iomzhbhnllcjzzwfyy2heawfsb2dtzxnzaw9uswqioiizzjjiowu2zc0xyzu5lwy2zdatndy2zc1hnwe5nzc0mtq3ytkilcjkzwj1z0luzm8ionsiyxbwtmftzsi6ikldyxjfu2vydmljzv9db25zb2xliiwiyxbwvhlwzsi6iknvbnnvbguilcjhchboyw1lc3bhy2uioijjiiwibg9jyxrpb24ioijmb3jjztpvymply3rib21lrgvza3rvccisinnvymply3ruexblijoiqwnjb3vudcj9fswiz3jvdxbjzci6ikrfrkfvtfqifswic3rhdguiont9fq%3d%3d</small> </font> </div>
<div class="test-event"> <font color="maroon"> <small> &emsp; &emsp;--- 06 Aug 12:53:30 500 - <b>0</b> - Page Load Wait: (Sync) - ICar.support.Utils.waitForPageLoad(Utils.java:109)</small> </font> </div>
<div class="test-event"> <font color="maroon"> <small> &emsp; &emsp;--- 06 Aug 12:53:35 768 - Catched spinner load exception due to Expected condition failed: waiting for ICar.support.WaitUtils$4@4ccdc1df (tried for 5 second(s) with 500 milliseconds interval)</small> </font> </div>
<div class="test-event"> <font color="maroon"> <small> &emsp; &emsp;--- 06 Aug 12:53:35 768 - <b>5</b> - Spinner Load Wait: (Sync) - ICar.support.WaitUtils.waitForSpinner(WaitUtils.java:225)</small> </font> </div>
<div class="test-event"> <font color="maroon"> <small> &emsp; &emsp;--- 06 Aug 12:53:36 122 - Page URL:: https://i-car--staging.sandbox.lightning.force.com/one/one.app#eyjjb21wb25lbnrezwyioijmb3jjzvnlyxjjadpzzwfyy2hqywdlrgvza3rvccisimf0dhjpynv0zxmionsidgvybsi6ikppqi05nzi4msisinnjb3bltwfwijp7inr5cguioijut1bfukvtvuxuuyisim5hbwvzcgfjzsi6iiisimxhymvsijoivg9wifjlc3vsdhmilcjsywjlbfbsdxjhbci6ilrvccbszxn1bhrziiwicmvzdwx0c0ntcci6imzvcmnlu2vhcmnoonbyzwrpy3rlzfjlc3vsdhmifswiy29udgv4dci6eyjgsuxurvjtijp7fswic2vhcmnou291cmnlijoiqvntsvnuqu5ux0rjquxpryisimrpc2fibgvjbnrlbnrrdwvyesi6zmfsc2usimrpc2fibgvtcgvsbenvcnjly3rpb24iomzhbhnllcjzzwfyy2heawfsb2dtzxnzaw9uswqioiizzjjiowu2zc0xyzu5lwy2zdatndy2zc1hnwe5nzc0mtq3ytkilcjkzwj1z0luzm8ionsiyxbwtmftzsi6ikldyxjfu2vydmljzv9db25zb2xliiwiyxbwvhlwzsi6iknvbnnvbguilcjhchboyw1lc3bhy2uioijjiiwibg9jyxrpb24ioijmb3jjztpvymply3rib21lrgvza3rvccisinnvymply3ruexblijoiqwnjb3vudcj9fswiz3jvdxbjzci6ikrfrkfvtfqifswic3rhdguiont9fq%3d%3d</small> </font> </div>
<div class="test-event"> <font color="maroon"> <small> &emsp; &emsp;--- 06 Aug 12:53:36 122 - <b>0</b> - Page Load Wait: (Sync) - ICar.support.Utils.waitForPageLoad(Utils.java:109)</small> </font> </div>
<div class="test-event"> <font color="maroon"> <small> &emsp; &emsp;--- 06 Aug 12:53:36 546 - Page URL:: https://i-car--staging.sandbox.lightning.force.com/one/one.app#eyjjb21wb25lbnrezwyioijmb3jjzvnlyxjjadpzzwfyy2hqywdlrgvza3rvccisimf0dhjpynv0zxmionsidgvybsi6ikppqi05nzi4msisinnjb3bltwfwijp7inr5cguioijut1bfukvtvuxuuyisim5hbwvzcgfjzsi6iiisimxhymvsijoivg9wifjlc3vsdhmilcjsywjlbfbsdxjhbci6ilrvccbszxn1bhrziiwicmvzdwx0c0ntcci6imzvcmnlu2vhcmnoonbyzwrpy3rlzfjlc3vsdhmifswiy29udgv4dci6eyjgsuxurvjtijp7fswic2vhcmnou291cmnlijoiqvntsvnuqu5ux0rjquxpryisimrpc2fibgvjbnrlbnrrdwvyesi6zmfsc2usimrpc2fibgvtcgvsbenvcnjly3rpb24iomzhbhnllcjzzwfyy2heawfsb2dtzxnzaw9uswqioiizzjjiowu2zc0xyzu5lwy2zdatndy2zc1hnwe5nzc0mtq3ytkilcjkzwj1z0luzm8ionsiyxbwtmftzsi6ikldyxjfu2vydmljzv9db25zb2xliiwiyxbwvhlwzsi6iknvbnnvbguilcjhchboyw1lc3bhy2uioijjiiwibg9jyxrpb24ioijmb3jjztpvymply3rib21lrgvza3rvccisinnvymply3ruexblijoiqwnjb3vudcj9fswiz3jvdxbjzci6ikrfrkfvtfqifswic3rhdguiont9fq%3d%3d</small> </font> </div>
<div class="test-event"> <font color="maroon"> <small> &emsp; &emsp;--- 06 Aug 12:53:36 546 - <b>0</b> - Page Load Wait: (Sync) - ICar.support.Utils.waitForPageLoad(Utils.java:109)</small> </font> </div>
<div class="test-message">&emsp;Searched job idJOB-97281</div>
<div class="test-event"> <font color="maroon"> <small> &emsp; &emsp;--- 06 Aug 12:53:36 890 - Page URL:: https://i-car--staging.sandbox.lightning.force.com/one/one.app#eyjjb21wb25lbnrezwyioijmb3jjzvnlyxjjadpzzwfyy2hqywdlrgvza3rvccisimf0dhjpynv0zxmionsidgvybsi6ikppqi05nzi4msisinnjb3bltwfwijp7inr5cguioijut1bfukvtvuxuuyisim5hbwvzcgfjzsi6iiisimxhymvsijoivg9wifjlc3vsdhmilcjsywjlbfbsdxjhbci6ilrvccbszxn1bhrziiwicmvzdwx0c0ntcci6imzvcmnlu2vhcmnoonbyzwrpy3rlzfjlc3vsdhmifswiy29udgv4dci6eyjgsuxurvjtijp7fswic2vhcmnou291cmnlijoiqvntsvnuqu5ux0rjquxpryisimrpc2fibgvjbnrlbnrrdwvyesi6zmfsc2usimrpc2fibgvtcgvsbenvcnjly3rpb24iomzhbhnllcjzzwfyy2heawfsb2dtzxnzaw9uswqioiizzjjiowu2zc0xyzu5lwy2zdatndy2zc1hnwe5nzc0mtq3ytkilcjkzwj1z0luzm8ionsiyxbwtmftzsi6ikldyxjfu2vydmljzv9db25zb2xliiwiyxbwvhlwzsi6iknvbnnvbguilcjhchboyw1lc3bhy2uioijjiiwibg9jyxrpb24ioijmb3jjztpvymply3rib21lrgvza3rvccisinnvymply3ruexblijoiqwnjb3vudcj9fswiz3jvdxbjzci6ikrfrkfvtfqifswic3rhdguiont9fq%3d%3d</small> </font> </div>
<div class="test-event"> <font color="maroon"> <small> &emsp; &emsp;--- 06 Aug 12:53:36 890 - <b>0</b> - Page Load Wait: (Sync) - ICar.support.Utils.waitForPageLoad(Utils.java:109)</small> </font> </div>
<div class="test-event"> <font color="maroon"> <small> &emsp; &emsp;--- 06 Aug 12:53:47 080 - Element is displayed:: [[ChromeDriver: chrome on WINDOWS (bc08538aa04ca0fc5d583beb57eceede)] -> xpath: //div[contains(@id,'brandBand_')]/div/div/div[2]//table/tbody/tr/th/span/a|//span[@class='slds-grid slds-grid_align-spread']/div/lightning-primitive-custom-cell/force-lookup/div/a]</small> </font> </div>
<div class="test-message">&emsp;Clicked job id</div>
<div class="test-event"> <font color="maroon"> <small> &emsp; &emsp;--- 06 Aug 12:53:57 850 - Catched spinner load exception due to Expected condition failed: waiting for ICar.support.WaitUtils$4@4ccdc1df (tried for 10 second(s) with 500 milliseconds interval)</small> </font> </div>
<div class="test-event"> <font color="maroon"> <small> &emsp; &emsp;--- 06 Aug 12:53:57 850 - <b>10</b> - Spinner Load Wait: (Sync) - ICar.support.WaitUtils.waitForSpinner(WaitUtils.java:225)</small> </font> </div>
<div class="test-event"> <font color="maroon"> <small> &emsp; &emsp;--- 06 Aug 12:53:58 304 - Page URL:: https://i-car--staging.sandbox.lightning.force.com/lightning/r/sked__job__c/a2mvc000000butlyam/view</small> </font> </div>
<div class="test-event"> <font color="maroon"> <small> &emsp; &emsp;--- 06 Aug 12:53:58 304 - <b>0</b> - Page Load Wait: (Sync) - ICar.support.Utils.waitForPageLoad(Utils.java:109)</small> </font> </div>
<div class="test-event"> <font color="maroon"> <small> &emsp; &emsp;--- 06 Aug 12:54:00 810 - Page URL:: https://i-car--staging.sandbox.lightning.force.com/lightning/r/sked__job__c/a2mvc000000butlyam/view</small> </font> </div>
<div class="test-event"> <font color="maroon"> <small> &emsp; &emsp;--- 06 Aug 12:54:00 810 - <b>0</b> - Page Load Wait: (Sync) - ICar.support.Utils.waitForPageLoad(Utils.java:109)</small> </font> </div>
<div class="test-event"> <font color="maroon"> <small> &emsp; &emsp;--- 06 Aug 12:54:00 888 - Element is displayed:: [[ChromeDriver: chrome on WINDOWS (bc08538aa04ca0fc5d583beb57eceede)] -> xpath: //button[@title='Edit Cancelled By I-CAR']]</small> </font> </div>
<div class="test-event"> <font color="maroon"> <small> &emsp; &emsp;--- 06 Aug 12:54:01 924 - Page URL:: https://i-car--staging.sandbox.lightning.force.com/lightning/r/sked__job__c/a2mvc000000butlyam/view</small> </font> </div>
<div class="test-event"> <font color="maroon"> <small> &emsp; &emsp;--- 06 Aug 12:54:01 924 - <b>0</b> - Page Load Wait: (Sync) - ICar.support.Utils.waitForPageLoad(Utils.java:109)</small> </font> </div>
<div class="test-event"> <font color="maroon"> <small> &emsp; &emsp;--- 06 Aug 12:54:04 418 - Page URL:: https://i-car--staging.sandbox.lightning.force.com/lightning/r/sked__job__c/a2mvc000000butlyam/view</small> </font> </div>
<div class="test-event"> <font color="maroon"> <small> &emsp; &emsp;--- 06 Aug 12:54:04 418 - <b>0</b> - Page Load Wait: (Sync) - ICar.support.Utils.waitForPageLoad(Utils.java:109)</small> </font> </div>
<div class="test-event"> <font color="maroon"> <small> &emsp; &emsp;--- 06 Aug 12:54:04 498 - Element is displayed:: [[ChromeDriver: chrome on WINDOWS (bc08538aa04ca0fc5d583beb57eceede)] -> xpath: //label[text()='Job Status']/following-sibling::div//button]</small> </font> </div>
<div class="test-event"> <font color="maroon"> <small> &emsp; &emsp;--- 06 Aug 12:54:10 605 - Element is displayed:: [[ChromeDriver: chrome on WINDOWS (bc08538aa04ca0fc5d583beb57eceede)] -> xpath: //span[text()='Cancelled']]</small> </font> </div>
<div class="test-event"> <font color="maroon"> <small> &emsp; &emsp;--- 06 Aug 12:54:19 214 - Page URL:: https://i-car--staging.sandbox.lightning.force.com/lightning/r/sked__job__c/a2mvc000000butlyam/view</small> </font> </div>
<div class="test-event"> <font color="maroon"> <small> &emsp; &emsp;--- 06 Aug 12:54:19 215 - <b>0</b> - Page Load Wait: (Sync) - ICar.support.Utils.waitForPageLoad(Utils.java:109)</small> </font> </div>
<div class="test-event"> <font color="maroon"> <small> &emsp; &emsp;--- 06 Aug 12:54:19 446 - Element is displayed:: [[ChromeDriver: chrome on WINDOWS (bc08538aa04ca0fc5d583beb57eceede)] -> xpath: //label[text()='Cancelled By I-CAR']/following-sibling::div//button]</small> </font> </div>
<div class="test-event"> <font color="maroon"> <small> &emsp; &emsp;--- 06 Aug 12:54:25 565 - Element is displayed:: [[ChromeDriver: chrome on WINDOWS (bc08538aa04ca0fc5d583beb57eceede)] -> xpath: //span[text()='No']]</small> </font> </div>
<div class="test-event"> <font color="maroon"> <small> &emsp; &emsp;--- 06 Aug 12:54:29 864 - Catched spinner load exception due to Expected condition failed: waiting for ICar.support.WaitUtils$4@4ccdc1df (tried for 4 second(s) with 500 milliseconds interval)</small> </font> </div>
<div class="test-event"> <font color="maroon"> <small> &emsp; &emsp;--- 06 Aug 12:54:29 864 - <b>4</b> - Spinner Load Wait: (Sync) - ICar.support.WaitUtils.waitForSpinner(WaitUtils.java:225)</small> </font> </div>
<div class="test-event"> <font color="maroon"> <small> &emsp; &emsp;--- 06 Aug 12:54:29 952 - Element is displayed:: [[ChromeDriver: chrome on WINDOWS (bc08538aa04ca0fc5d583beb57eceede)] -> xpath: //button[text()='Save']]</small> </font> </div>
<div class="test-event"> <font color="maroon"> <small> &emsp; &emsp;--- 06 Aug 12:54:34 283 - Catched spinner load exception due to Expected condition failed: waiting for ICar.support.WaitUtils$4@4ccdc1df (tried for 4 second(s) with 500 milliseconds interval)</small> </font> </div>
<div class="test-event"> <font color="maroon"> <small> &emsp; &emsp;--- 06 Aug 12:54:34 283 - <b>4</b> - Spinner Load Wait: (Sync) - ICar.support.WaitUtils.waitForSpinner(WaitUtils.java:225)</small> </font> </div>
<div class="test-event"> <font color="maroon"> <small> &emsp; &emsp;--- 06 Aug 12:54:34 821 - Page URL:: https://i-car--staging.sandbox.lightning.force.com/lightning/r/sked__job__c/a2mvc000000butlyam/view</small> </font> </div>
<div class="test-event"> <font color="maroon"> <small> &emsp; &emsp;--- 06 Aug 12:54:34 821 - <b>0</b> - Page Load Wait: (Sync) - ICar.support.Utils.waitForPageLoad(Utils.java:109)</small> </font> </div>
<div class="test-event"> <font color="maroon"> <small> &emsp; &emsp;--- 06 Aug 12:54:35 256 - Page URL:: https://i-car--staging.sandbox.lightning.force.com/lightning/r/sked__job__c/a2mvc000000butlyam/view</small> </font> </div>
<div class="test-event"> <font color="maroon"> <small> &emsp; &emsp;--- 06 Aug 12:54:35 256 - <b>0</b> - Page Load Wait: (Sync) - ICar.support.Utils.waitForPageLoad(Utils.java:109)</small> </font> </div>
<div class="test-event"> <font color="maroon"> <small> &emsp; &emsp;--- 06 Aug 12:54:41 261 - Page URL:: https://i-car--staging.sandbox.lightning.force.com/lightning/r/sked__job__c/a2mvc000000butlyam/view</small> </font> </div>
<div class="test-event"> <font color="maroon"> <small> &emsp; &emsp;--- 06 Aug 12:54:41 261 - <b>0</b> - Page Load Wait: (Sync) - ICar.support.Utils.waitForPageLoad(Utils.java:109)</small> </font> </div>
<div class="test-event"> <font color="maroon"> <small> &emsp; &emsp;--- 06 Aug 12:54:46 509 - Page URL:: https://i-car--staging.sandbox.lightning.force.com/lightning/r/sked__job__c/a2mvc000000butlyam/view</small> </font> </div>
<div class="test-event"> <font color="maroon"> <small> &emsp; &emsp;--- 06 Aug 12:54:46 509 - <b>1</b> - Page Load Wait: (Sync) - ICar.support.Utils.waitForPageLoad(Utils.java:109)</small> </font> </div>
<div class="test-event"> <font color="maroon"> <small> &emsp; &emsp;--- 06 Aug 12:54:52 989 - Page URL:: https://i-car--staging.sandbox.lightning.force.com/lightning/o/account/list?filtername=00b1i000007mf4quaa</small> </font> </div>
<div class="test-event"> <font color="maroon"> <small> &emsp; &emsp;--- 06 Aug 12:54:52 990 - <b>1</b> - Page Load Wait: (Sync) - ICar.support.Utils.waitForPageLoad(Utils.java:109)</small> </font> </div>
<div class="test-message">&emsp;Close the tab</div>
<div class="test-event"> <font color="maroon"> <small> &emsp; &emsp;--- 06 Aug 12:54:59 374 - Page URL:: https://i-car--staging.sandbox.lightning.force.com/lightning/o/account/list?filtername=00b1i000007mf4quaa</small> </font> </div>
<div class="test-event"> <font color="maroon"> <small> &emsp; &emsp;--- 06 Aug 12:54:59 374 - <b>1</b> - Page Load Wait: (Sync) - ICar.support.Utils.waitForPageLoad(Utils.java:109)</small> </font> </div>
<div class="test-event"> <font color="maroon"> <small> &emsp; &emsp;--- 06 Aug 12:54:59 435 - Element is displayed:: [[ChromeDriver: chrome on WINDOWS (bc08538aa04ca0fc5d583beb57eceede)] -> css selector: button[class*='search-button']]</small> </font> </div>
<div class="test-event"> <font color="maroon"> <small> &emsp; &emsp;--- 06 Aug 12:55:01 517 - Catched spinner load exception due to Expected condition failed: waiting for ICar.support.WaitUtils$4@4ccdc1df (tried for 2 second(s) with 500 milliseconds interval)</small> </font> </div>
<div class="test-event"> <font color="maroon"> <small> &emsp; &emsp;--- 06 Aug 12:55:01 517 - <b>2</b> - Spinner Load Wait: (Sync) - ICar.support.WaitUtils.waitForSpinner(WaitUtils.java:225)</small> </font> </div>
<div class="test-event"> <font color="maroon"> <small> &emsp; &emsp;--- 06 Aug 12:55:04 589 - Element is displayed:: [[ChromeDriver: chrome on WINDOWS (bc08538aa04ca0fc5d583beb57eceede)] -> css selector: button[class*='search-button']]</small> </font> </div>
<div class="test-event"> <font color="maroon"> <small> &emsp; &emsp;--- 06 Aug 12:55:06 358 - Page URL:: https://i-car--staging.sandbox.lightning.force.com/lightning/o/account/list?filtername=00b1i000007mf4quaa</small> </font> </div>
<div class="test-event"> <font color="maroon"> <small> &emsp; &emsp;--- 06 Aug 12:55:06 359 - <b>1</b> - Page Load Wait: (Sync) - ICar.support.Utils.waitForPageLoad(Utils.java:109)</small> </font> </div>
<div class="test-event"> <font color="maroon"> <small> &emsp; &emsp;--- 06 Aug 12:55:25 874 - Catched spinner load exception due to Expected condition failed: waiting for ICar.support.WaitUtils$4@4ccdc1df (tried for 10 second(s) with 500 milliseconds interval)</small> </font> </div>
<div class="test-event"> <font color="maroon"> <small> &emsp; &emsp;--- 06 Aug 12:55:25 875 - <b>10</b> - Spinner Load Wait: (Sync) - ICar.support.WaitUtils.waitForSpinner(WaitUtils.java:225)</small> </font> </div>
<div class="test-event"> <font color="maroon"> <small> &emsp; &emsp;--- 06 Aug 12:55:26 766 - Page URL:: https://i-car--staging.sandbox.lightning.force.com/one/one.app#eyjjb21wb25lbnrezwyioijmb3jjzvnlyxjjadpzzwfyy2hqywdlrgvza3rvccisimf0dhjpynv0zxmionsidgvybsi6ijawodgynzgziiwic2nvcgvnyxaionsidhlwzsi6ilrpuf9srvnvtfrtiiwibmftzxnwywnlijoiiiwibgfizwwioijub3agumvzdwx0cyisimxhymvsugx1cmfsijoivg9wifjlc3vsdhmilcjyzxn1bhrzq21wijoizm9yy2vtzwfyy2g6chjlzgljdgvkumvzdwx0cyj9lcjjb250zxh0ijp7ikzjtfrfulmiont9lcjzzwfyy2htb3vyy2uioijbu1nju1rbtlrfrelbte9hiiwizglzywjszuludgvudff1zxj5ijpmywxzzswizglzywjszvnwzwxsq29ycmvjdglvbii6zmfsc2usinnlyxjjaerpywxvz1nlc3npb25jzci6imi2zdq3ytg5ltm0zjqtogu3zi1hzmzmlte5zgi1zdq1mwrmysisimrlynvnsw5mbyi6eyjhchboyw1lijoisunhcl9tzxj2awnlx0nvbnnvbguilcjhchbuexblijoiq29uc29szsisimfwce5hbwvzcgfjzsi6immilcjsb2nhdglvbii6imzvcmnlom9iamvjdehvbwvezxnrdg9wiiwic29iamvjdfr5cguioijby2nvdw50in19lcjncm91celkijoirevgqvvmvcj9lcjzdgf0zsi6e319</small> </font> </div>
<div class="test-event"> <font color="maroon"> <small> &emsp; &emsp;--- 06 Aug 12:55:26 767 - <b>0</b> - Page Load Wait: (Sync) - ICar.support.Utils.waitForPageLoad(Utils.java:109)</small> </font> </div>
<div class="test-event"> <font color="maroon"> <small> &emsp; &emsp;--- 06 Aug 12:55:38 217 - Catched spinner load exception due to Expected condition failed: waiting for ICar.support.WaitUtils$4@4ccdc1df (tried for 11 second(s) with 500 milliseconds interval)</small> </font> </div>
<div class="test-event"> <font color="maroon"> <small> &emsp; &emsp;--- 06 Aug 12:55:38 218 - <b>11</b> - Spinner Load Wait: (Sync) - ICar.support.WaitUtils.waitForSpinner(WaitUtils.java:225)</small> </font> </div>
<div class="test-event"> <font color="maroon"> <small> &emsp; &emsp;--- 06 Aug 12:55:39 007 - Page URL:: https://i-car--staging.sandbox.lightning.force.com/one/one.app#eyjjb21wb25lbnrezwyioijmb3jjzvnlyxjjadpzzwfyy2hqywdlrgvza3rvccisimf0dhjpynv0zxmionsidgvybsi6ijawodgynzgziiwic2nvcgvnyxaionsidhlwzsi6ilrpuf9srvnvtfrtiiwibmftzxnwywnlijoiiiwibgfizwwioijub3agumvzdwx0cyisimxhymvsugx1cmfsijoivg9wifjlc3vsdhmilcjyzxn1bhrzq21wijoizm9yy2vtzwfyy2g6chjlzgljdgvkumvzdwx0cyj9lcjjb250zxh0ijp7ikzjtfrfulmiont9lcjzzwfyy2htb3vyy2uioijbu1nju1rbtlrfrelbte9hiiwizglzywjszuludgvudff1zxj5ijpmywxzzswizglzywjszvnwzwxsq29ycmvjdglvbii6zmfsc2usinnlyxjjaerpywxvz1nlc3npb25jzci6imi2zdq3ytg5ltm0zjqtogu3zi1hzmzmlte5zgi1zdq1mwrmysisimrlynvnsw5mbyi6eyjhchboyw1lijoisunhcl9tzxj2awnlx0nvbnnvbguilcjhchbuexblijoiq29uc29szsisimfwce5hbwvzcgfjzsi6immilcjsb2nhdglvbii6imzvcmnlom9iamvjdehvbwvezxnrdg9wiiwic29iamvjdfr5cguioijby2nvdw50in19lcjncm91celkijoirevgqvvmvcj9lcjzdgf0zsi6e319</small> </font> </div>
<div class="test-event"> <font color="maroon"> <small> &emsp; &emsp;--- 06 Aug 12:55:39 007 - <b>0</b> - Page Load Wait: (Sync) - ICar.support.Utils.waitForPageLoad(Utils.java:109)</small> </font> </div>
<div class="test-event"> <font color="maroon"> <small> &emsp; &emsp;--- 06 Aug 12:55:39 068 - Element is displayed:: [[ChromeDriver: chrome on WINDOWS (bc08538aa04ca0fc5d583beb57eceede)] -> xpath: //a[@title='Top Results']//span[text()='Top Results']]</small> </font> </div>
<div class="test-event"> <font color="maroon"> <small> &emsp; &emsp;--- 06 Aug 12:55:39 938 - Page URL:: https://i-car--staging.sandbox.lightning.force.com/one/one.app#eyjjb21wb25lbnrezwyioijmb3jjzvnlyxjjadpzzwfyy2hqywdlrgvza3rvccisimf0dhjpynv0zxmionsidgvybsi6ijawodgynzgziiwic2nvcgvnyxaionsidhlwzsi6ilrpuf9srvnvtfrtiiwibmftzxnwywnlijoiiiwibgfizwwioijub3agumvzdwx0cyisimxhymvsugx1cmfsijoivg9wifjlc3vsdhmilcjyzxn1bhrzq21wijoizm9yy2vtzwfyy2g6chjlzgljdgvkumvzdwx0cyj9lcjjb250zxh0ijp7ikzjtfrfulmiont9lcjzzwfyy2htb3vyy2uioijbu1nju1rbtlrfrelbte9hiiwizglzywjszuludgvudff1zxj5ijpmywxzzswizglzywjszvnwzwxsq29ycmvjdglvbii6zmfsc2usinnlyxjjaerpywxvz1nlc3npb25jzci6imi2zdq3ytg5ltm0zjqtogu3zi1hzmzmlte5zgi1zdq1mwrmysisimrlynvnsw5mbyi6eyjhchboyw1lijoisunhcl9tzxj2awnlx0nvbnnvbguilcjhchbuexblijoiq29uc29szsisimfwce5hbwvzcgfjzsi6immilcjsb2nhdglvbii6imzvcmnlom9iamvjdehvbwvezxnrdg9wiiwic29iamvjdfr5cguioijby2nvdw50in19lcjncm91celkijoirevgqvvmvcj9lcjzdgf0zsi6e319</small> </font> </div>
<div class="test-event"> <font color="maroon"> <small> &emsp; &emsp;--- 06 Aug 12:55:39 938 - <b>0</b> - Page Load Wait: (Sync) - ICar.support.Utils.waitForPageLoad(Utils.java:109)</small> </font> </div>
<div class="test-event"> <font color="maroon"> <small> &emsp; &emsp;--- 06 Aug 12:55:45 145 - Catched spinner load exception due to Expected condition failed: waiting for ICar.support.WaitUtils$4@4ccdc1df (tried for 5 second(s) with 500 milliseconds interval)</small> </font> </div>
<div class="test-event"> <font color="maroon"> <small> &emsp; &emsp;--- 06 Aug 12:55:45 145 - <b>5</b> - Spinner Load Wait: (Sync) - ICar.support.WaitUtils.waitForSpinner(WaitUtils.java:225)</small> </font> </div>
<div class="test-event"> <font color="maroon"> <small> &emsp; &emsp;--- 06 Aug 12:55:45 920 - Page URL:: https://i-car--staging.sandbox.lightning.force.com/one/one.app#eyjjb21wb25lbnrezwyioijmb3jjzvnlyxjjadpzzwfyy2hqywdlrgvza3rvccisimf0dhjpynv0zxmionsidgvybsi6ijawodgynzgziiwic2nvcgvnyxaionsidhlwzsi6ilrpuf9srvnvtfrtiiwibmftzxnwywnlijoiiiwibgfizwwioijub3agumvzdwx0cyisimxhymvsugx1cmfsijoivg9wifjlc3vsdhmilcjyzxn1bhrzq21wijoizm9yy2vtzwfyy2g6chjlzgljdgvkumvzdwx0cyj9lcjjb250zxh0ijp7ikzjtfrfulmiont9lcjzzwfyy2htb3vyy2uioijbu1nju1rbtlrfrelbte9hiiwizglzywjszuludgvudff1zxj5ijpmywxzzswizglzywjszvnwzwxsq29ycmvjdglvbii6zmfsc2usinnlyxjjaerpywxvz1nlc3npb25jzci6imi2zdq3ytg5ltm0zjqtogu3zi1hzmzmlte5zgi1zdq1mwrmysisimrlynvnsw5mbyi6eyjhchboyw1lijoisunhcl9tzxj2awnlx0nvbnnvbguilcjhchbuexblijoiq29uc29szsisimfwce5hbwvzcgfjzsi6immilcjsb2nhdglvbii6imzvcmnlom9iamvjdehvbwvezxnrdg9wiiwic29iamvjdfr5cguioijby2nvdw50in19lcjncm91celkijoirevgqvvmvcj9lcjzdgf0zsi6e319</small> </font> </div>
<div class="test-event"> <font color="maroon"> <small> &emsp; &emsp;--- 06 Aug 12:55:45 920 - <b>0</b> - Page Load Wait: (Sync) - ICar.support.Utils.waitForPageLoad(Utils.java:109)</small> </font> </div>
<div class="test-event"> <font color="maroon"> <small> &emsp; &emsp;--- 06 Aug 12:55:46 661 - Page URL:: https://i-car--staging.sandbox.lightning.force.com/one/one.app#eyjjb21wb25lbnrezwyioijmb3jjzvnlyxjjadpzzwfyy2hqywdlrgvza3rvccisimf0dhjpynv0zxmionsidgvybsi6ijawodgynzgziiwic2nvcgvnyxaionsidhlwzsi6ilrpuf9srvnvtfrtiiwibmftzxnwywnlijoiiiwibgfizwwioijub3agumvzdwx0cyisimxhymvsugx1cmfsijoivg9wifjlc3vsdhmilcjyzxn1bhrzq21wijoizm9yy2vtzwfyy2g6chjlzgljdgvkumvzdwx0cyj9lcjjb250zxh0ijp7ikzjtfrfulmiont9lcjzzwfyy2htb3vyy2uioijbu1nju1rbtlrfrelbte9hiiwizglzywjszuludgvudff1zxj5ijpmywxzzswizglzywjszvnwzwxsq29ycmvjdglvbii6zmfsc2usinnlyxjjaerpywxvz1nlc3npb25jzci6imi2zdq3ytg5ltm0zjqtogu3zi1hzmzmlte5zgi1zdq1mwrmysisimrlynvnsw5mbyi6eyjhchboyw1lijoisunhcl9tzxj2awnlx0nvbnnvbguilcjhchbuexblijoiq29uc29szsisimfwce5hbwvzcgfjzsi6immilcjsb2nhdglvbii6imzvcmnlom9iamvjdehvbwvezxnrdg9wiiwic29iamvjdfr5cguioijby2nvdw50in19lcjncm91celkijoirevgqvvmvcj9lcjzdgf0zsi6e319</small> </font> </div>
<div class="test-event"> <font color="maroon"> <small> &emsp; &emsp;--- 06 Aug 12:55:46 661 - <b>0</b> - Page Load Wait: (Sync) - ICar.support.Utils.waitForPageLoad(Utils.java:109)</small> </font> </div>
<div class="test-event"> <font color="maroon"> <small> &emsp; &emsp;--- 06 Aug 12:55:57 030 - Catched spinner load exception due to Expected condition failed: waiting for ICar.support.WaitUtils$4@4ccdc1df (tried for 10 second(s) with 500 milliseconds interval)</small> </font> </div>
<div class="test-event"> <font color="maroon"> <small> &emsp; &emsp;--- 06 Aug 12:55:57 031 - <b>10</b> - Spinner Load Wait: (Sync) - ICar.support.WaitUtils.waitForSpinner(WaitUtils.java:225)</small> </font> </div>
<div class="test-event"> <font color="maroon"> <small> &emsp; &emsp;--- 06 Aug 12:56:02 096 - Element is displayed:: [[ChromeDriver: chrome on WINDOWS (bc08538aa04ca0fc5d583beb57eceede)] -> xpath: //div/table/tbody/tr/th/span/a[@title='00882783']]</small> </font> </div>
<div class="test-event"> <font color="maroon"> <small> &emsp; &emsp;--- 06 Aug 12:56:08 003 - Page URL:: https://i-car--staging.sandbox.lightning.force.com/lightning/r/order/801vc00000nrcruyas/view</small> </font> </div>
<div class="test-event"> <font color="maroon"> <small> &emsp; &emsp;--- 06 Aug 12:56:08 004 - <b>0</b> - Page Load Wait: (Sync) - ICar.support.Utils.waitForPageLoad(Utils.java:109)</small> </font> </div>
<div class="test-event"> <font color="maroon"> <small> &emsp; &emsp;--- 06 Aug 12:56:23 027 - Catched spinner load exception due to Expected condition failed: waiting for ICar.support.WaitUtils$4@4ccdc1df (tried for 15 second(s) with 500 milliseconds interval)</small> </font> </div>
<div class="test-event"> <font color="maroon"> <small> &emsp; &emsp;--- 06 Aug 12:56:23 028 - <b>15</b> - Spinner Load Wait: (Sync) - ICar.support.WaitUtils.waitForSpinner(WaitUtils.java:225)</small> </font> </div>
<div class="test-event"> <font color="maroon"> <small> &emsp; &emsp;--- 06 Aug 12:56:23 744 - Page URL:: https://i-car--staging.sandbox.lightning.force.com/lightning/r/order/801vc00000nrcruyas/view</small> </font> </div>
<div class="test-event"> <font color="maroon"> <small> &emsp; &emsp;--- 06 Aug 12:56:23 744 - <b>0</b> - Page Load Wait: (Sync) - ICar.support.Utils.waitForPageLoad(Utils.java:109)</small> </font> </div>
<div class="test-event"> <font color="maroon"> <small> &emsp; &emsp;--- 06 Aug 12:56:25 943 - Element is displayed:: [[ChromeDriver: chrome on WINDOWS (bc08538aa04ca0fc5d583beb57eceede)] -> xpath: //*[@id='detailTab__item']]</small> </font> </div>
<div class="test-event"> <font color="maroon"> <small> &emsp; &emsp;--- 06 Aug 12:56:26 793 - Page URL:: https://i-car--staging.sandbox.lightning.force.com/lightning/r/order/801vc00000nrcruyas/view</small> </font> </div>
<div class="test-event"> <font color="maroon"> <small> &emsp; &emsp;--- 06 Aug 12:56:26 793 - <b>0</b> - Page Load Wait: (Sync) - ICar.support.Utils.waitForPageLoad(Utils.java:109)</small> </font> </div>
<div class="test-event"> <font color="maroon"> <small> &emsp; &emsp;--- 06 Aug 12:56:41 925 - Catched spinner load exception due to Expected condition failed: waiting for ICar.support.WaitUtils$4@4ccdc1df (tried for 15 second(s) with 500 milliseconds interval)</small> </font> </div>
<div class="test-event"> <font color="maroon"> <small> &emsp; &emsp;--- 06 Aug 12:56:41 925 - <b>15</b> - Spinner Load Wait: (Sync) - ICar.support.WaitUtils.waitForSpinner(WaitUtils.java:225)</small> </font> </div>
<div class="test-event"> <font color="maroon"> <small> &emsp; &emsp;--- 06 Aug 12:56:42 688 - Page URL:: https://i-car--staging.sandbox.lightning.force.com/lightning/r/order/801vc00000nrcruyas/view</small> </font> </div>
<div class="test-event"> <font color="maroon"> <small> &emsp; &emsp;--- 06 Aug 12:56:42 688 - <b>0</b> - Page Load Wait: (Sync) - ICar.support.Utils.waitForPageLoad(Utils.java:109)</small> </font> </div>
<div class="test-event"> <font color="maroon"> <small> &emsp; &emsp;--- 06 Aug 12:56:42 747 - Page URL:: https://i-car--staging.sandbox.lightning.force.com/lightning/r/order/801vc00000nrcruyas/view</small> </font> </div>
<div class="test-event"> <font color="maroon"> <small> &emsp; &emsp;--- 06 Aug 12:56:42 747 - Page Load Wait </small> </font> </div>
<div class="test-event"> <font color="maroon"> <small> &emsp; &emsp;--- 06 Aug 12:57:03 037 - Catched spinner load exception due to Expected condition failed: waiting for ICar.support.WaitUtils$4@4ccdc1df (tried for 20 second(s) with 500 milliseconds interval)</small> </font> </div>
<div class="test-event"> <font color="maroon"> <small> &emsp; &emsp;--- 06 Aug 12:57:03 037 - <b>20</b> - Spinner Load Wait: (Sync) - ICar.support.WaitUtils.waitForSpinner(WaitUtils.java:225)</small> </font> </div>
<div class="test-event"> <font color="maroon"> <small> &emsp; &emsp;--- 06 Aug 12:57:03 150 - Element is displayed:: [[ChromeDriver: chrome on WINDOWS (bc08538aa04ca0fc5d583beb57eceede)] -> xpath: //button[@title='Edit Order Date']]</small> </font> </div>
<div class="test-event"> <font color="maroon"> <small> &emsp; &emsp;--- 06 Aug 12:57:43 834 - Element is displayed:: [[ChromeDriver: chrome on WINDOWS (bc08538aa04ca0fc5d583beb57eceede)] -> xpath: //button[@name='SaveEdit']]</small> </font> </div>
<div class="test-event"> <font color="maroon"> <small> &emsp; &emsp;--- 06 Aug 12:57:44 083 - Element is displayed:: [[ChromeDriver: chrome on WINDOWS (bc08538aa04ca0fc5d583beb57eceede)] -> xpath: //button[@name='SaveEdit']]</small> </font> </div>
<div class="test-message">&emsp;18. select 'CC Oder' </div>
<div class="test-event"> <font color="maroon"> <small> &emsp; &emsp;--- 06 Aug 12:58:05 105 - Page URL:: https://i-car--staging.sandbox.lightning.force.com/lightning/r/order/801vc00000nrcruyas/view</small> </font> </div>
<div class="test-event"> <font color="maroon"> <small> &emsp; &emsp;--- 06 Aug 12:58:05 105 - <b>0</b> - Page Load Wait: (Sync) - ICar.support.Utils.waitForPageLoad(Utils.java:109)</small> </font> </div>
<div class="test-event"> <font color="maroon"> <small> &emsp; &emsp;--- 06 Aug 12:58:20 113 - Catched spinner load exception due to Expected condition failed: waiting for ICar.support.WaitUtils$4@4ccdc1df (tried for 15 second(s) with 500 milliseconds interval)</small> </font> </div>
<div class="test-event"> <font color="maroon"> <small> &emsp; &emsp;--- 06 Aug 12:58:20 113 - <b>15</b> - Spinner Load Wait: (Sync) - ICar.support.WaitUtils.waitForSpinner(WaitUtils.java:225)</small> </font> </div>
<div class="test-event"> <font color="maroon"> <small> &emsp; &emsp;--- 06 Aug 12:58:20 816 - Page URL:: https://i-car--staging.sandbox.lightning.force.com/lightning/r/order/801vc00000nrcruyas/view</small> </font> </div>
<div class="test-event"> <font color="maroon"> <small> &emsp; &emsp;--- 06 Aug 12:58:20 816 - <b>0</b> - Page Load Wait: (Sync) - ICar.support.Utils.waitForPageLoad(Utils.java:109)</small> </font> </div>
<div class="test-event"> <font color="maroon"> <small> &emsp; &emsp;--- 06 Aug 12:59:47 784 - Unable to find an element after 20 sec ==> Proxy element for: AjaxElementLocator 'By.xpath: //a[@data-target-selection-name='relatedListsTabTab']'</small> </font> </div>
<div class="test-event"> <font color="maroon"> <small> &emsp; &emsp;--- 06 Aug 12:59:53 027 - Element is displayed:: [[ChromeDriver: chrome on WINDOWS (bc08538aa04ca0fc5d583beb57eceede)] -> xpath: //a[@id='relatedListsTab__item']]</small> </font> </div>
<div class="test-event"> <font color="maroon"> <small> &emsp; &emsp;--- 06 Aug 12:59:53 989 - Page URL:: https://i-car--staging.sandbox.lightning.force.com/lightning/r/order/801vc00000nrcruyas/view</small> </font> </div>
<div class="test-event"> <font color="maroon"> <small> &emsp; &emsp;--- 06 Aug 12:59:53 989 - <b>0</b> - Page Load Wait: (Sync) - ICar.support.Utils.waitForPageLoad(Utils.java:109)</small> </font> </div>
<div class="test-event"> <font color="maroon"> <small> &emsp; &emsp;--- 06 Aug 13:00:09 096 - Catched spinner load exception due to Expected condition failed: waiting for ICar.support.WaitUtils$4@4ccdc1df (tried for 15 second(s) with 500 milliseconds interval)</small> </font> </div>
<div class="test-event"> <font color="maroon"> <small> &emsp; &emsp;--- 06 Aug 13:00:09 096 - <b>15</b> - Spinner Load Wait: (Sync) - ICar.support.WaitUtils.waitForSpinner(WaitUtils.java:225)</small> </font> </div>
<div class="test-event"> <font color="maroon"> <small> &emsp; &emsp;--- 06 Aug 13:00:10 027 - Page URL:: https://i-car--staging.sandbox.lightning.force.com/lightning/r/order/801vc00000nrcruyas/view</small> </font> </div>
<div class="test-event"> <font color="maroon"> <small> &emsp; &emsp;--- 06 Aug 13:00:10 027 - <b>0</b> - Page Load Wait: (Sync) - ICar.support.Utils.waitForPageLoad(Utils.java:109)</small> </font> </div>
<div class="test-event"> <font color="maroon"> <small> &emsp; &emsp;--- 06 Aug 13:00:18 395 - Catched spinner load exception due to Expected condition failed: waiting for ICar.support.WaitUtils$4@4ccdc1df (tried for 8 second(s) with 500 milliseconds interval)</small> </font> </div>
<div class="test-event"> <font color="maroon"> <small> &emsp; &emsp;--- 06 Aug 13:00:18 395 - <b>8</b> - Spinner Load Wait: (Sync) - ICar.support.WaitUtils.waitForSpinner(WaitUtils.java:225)</small> </font> </div>
<div class="test-event"> <font color="maroon"> <small> &emsp; &emsp;--- 06 Aug 13:00:19 509 - Page URL:: https://i-car--staging.sandbox.lightning.force.com/lightning/r/order/801vc00000nrcruyas/view</small> </font> </div>
<div class="test-event"> <font color="maroon"> <small> &emsp; &emsp;--- 06 Aug 13:00:19 509 - <b>1</b> - Page Load Wait: (Sync) - ICar.support.Utils.waitForPageLoad(Utils.java:109)</small> </font> </div>
<div class="test-event"> <font color="maroon"> <small> &emsp; &emsp;--- 06 Aug 13:00:27 904 - Catched spinner load exception due to Expected condition failed: waiting for ICar.support.WaitUtils$4@4ccdc1df (tried for 8 second(s) with 500 milliseconds interval)</small> </font> </div>
<div class="test-event"> <font color="maroon"> <small> &emsp; &emsp;--- 06 Aug 13:00:27 904 - <b>8</b> - Spinner Load Wait: (Sync) - ICar.support.WaitUtils.waitForSpinner(WaitUtils.java:225)</small> </font> </div>
<div class="test-event"> <font color="maroon"> <small> &emsp; &emsp;--- 06 Aug 13:00:28 707 - Page URL:: https://i-car--staging.sandbox.lightning.force.com/lightning/r/order/801vc00000nrcruyas/view</small> </font> </div>
<div class="test-event"> <font color="maroon"> <small> &emsp; &emsp;--- 06 Aug 13:00:28 707 - <b>0</b> - Page Load Wait: (Sync) - ICar.support.Utils.waitForPageLoad(Utils.java:109)</small> </font> </div>
<div class="test-event"> <font color="maroon"> <small> &emsp; &emsp;--- 06 Aug 13:00:31 617 - Page URL:: https://i-car--staging.sandbox.lightning.force.com/lightning/r/order/801vc00000nrcruyas/view</small> </font> </div>
<div class="test-event"> <font color="maroon"> <small> &emsp; &emsp;--- 06 Aug 13:00:31 618 - <b>0</b> - Page Load Wait: (Sync) - ICar.support.Utils.waitForPageLoad(Utils.java:109)</small> </font> </div>
<div class="test-event"> <font color="maroon"> <small> &emsp; &emsp;--- 06 Aug 13:00:34 576 - Page URL:: https://i-car--staging.sandbox.lightning.force.com/lightning/r/order/801vc00000nrcruyas/view</small> </font> </div>
<div class="test-event"> <font color="maroon"> <small> &emsp; &emsp;--- 06 Aug 13:00:34 576 - <b>0</b> - Page Load Wait: (Sync) - ICar.support.Utils.waitForPageLoad(Utils.java:109)</small> </font> </div>
<div class="test-event"> <font color="maroon"> <small> &emsp; &emsp;--- 06 Aug 13:00:49 675 - Catched spinner load exception due to Expected condition failed: waiting for ICar.support.WaitUtils$4@4ccdc1df (tried for 15 second(s) with 500 milliseconds interval)</small> </font> </div>
<div class="test-event"> <font color="maroon"> <small> &emsp; &emsp;--- 06 Aug 13:00:49 675 - <b>15</b> - Spinner Load Wait: (Sync) - ICar.support.WaitUtils.waitForSpinner(WaitUtils.java:225)</small> </font> </div>
<div class="test-event"> <font color="maroon"> <small> &emsp; &emsp;--- 06 Aug 13:00:50 586 - Page URL:: https://i-car--staging.sandbox.lightning.force.com/lightning/r/order/801vc00000nrcruyas/view</small> </font> </div>
<div class="test-event"> <font color="maroon"> <small> &emsp; &emsp;--- 06 Aug 13:00:50 586 - <b>0</b> - Page Load Wait: (Sync) - ICar.support.Utils.waitForPageLoad(Utils.java:109)</small> </font> </div>
<div class="test-event"> <font color="maroon"> <small> &emsp; &emsp;--- 06 Aug 13:00:50 651 - Element is displayed:: [[ChromeDriver: chrome on WINDOWS (bc08538aa04ca0fc5d583beb57eceede)] -> xpath: //h2[@class='slds-card__header-title']/a/span[1]]</small> </font> </div>
<div class="test-event"> <font color="maroon"> <small> &emsp; &emsp;--- 06 Aug 13:00:52 154 - Page URL:: https://i-car--staging.sandbox.lightning.force.com/lightning/r/order/801vc00000nrcruyas/related/orderitems/view?ws=%2flightning%2fr%2forder%2f801vc00000nrcruyas%2fview</small> </font> </div>
<div class="test-event"> <font color="maroon"> <small> &emsp; &emsp;--- 06 Aug 13:00:52 154 - <b>1</b> - Page Load Wait: (Sync) - ICar.support.Utils.waitForPageLoad(Utils.java:109)</small> </font> </div>
<div class="test-event"> <font color="maroon"> <small> &emsp; &emsp;--- 06 Aug 13:01:07 357 - Catched spinner load exception due to Expected condition failed: waiting for ICar.support.WaitUtils$4@4ccdc1df (tried for 15 second(s) with 500 milliseconds interval)</small> </font> </div>
<div class="test-event"> <font color="maroon"> <small> &emsp; &emsp;--- 06 Aug 13:01:07 357 - <b>15</b> - Spinner Load Wait: (Sync) - ICar.support.WaitUtils.waitForSpinner(WaitUtils.java:225)</small> </font> </div>
<div class="test-message">&emsp;19. select 'CC Oder Iteams' </div>
<div class="test-event"> <font color="maroon"> <small> &emsp; &emsp;--- 06 Aug 13:01:07 441 - Page URL:: https://i-car--staging.sandbox.lightning.force.com/lightning/r/order/801vc00000nrcruyas/related/orderitems/view?ws=%2flightning%2fr%2forder%2f801vc00000nrcruyas%2fview</small> </font> </div>
<div class="test-event"> <font color="maroon"> <small> &emsp; &emsp;--- 06 Aug 13:01:07 441 - Page Load Wait </small> </font> </div>
<div class="test-event"> <font color="maroon"> <small> &emsp; &emsp;--- 06 Aug 13:01:27 719 - Catched spinner load exception due to Expected condition failed: waiting for ICar.support.WaitUtils$4@4ccdc1df (tried for 20 second(s) with 500 milliseconds interval)</small> </font> </div>
<div class="test-event"> <font color="maroon"> <small> &emsp; &emsp;--- 06 Aug 13:01:27 719 - <b>20</b> - Spinner Load Wait: (Sync) - ICar.support.WaitUtils.waitForSpinner(WaitUtils.java:225)</small> </font> </div>
<div class="test-event"> <font color="maroon"> <small> &emsp; &emsp;--- 06 Aug 13:01:36 024 - Page URL:: https://i-car--staging.sandbox.lightning.force.com/lightning/r/order/801vc00000nrcruyas/related/orderitems/view?ws=%2flightning%2fr%2forder%2f801vc00000nrcruyas%2fview</small> </font> </div>
<div class="test-event"> <font color="maroon"> <small> &emsp; &emsp;--- 06 Aug 13:01:36 024 - Page Load Wait </small> </font> </div>
<div class="test-event"> <font color="maroon"> <small> &emsp; &emsp;--- 06 Aug 13:01:56 250 - Catched spinner load exception due to Expected condition failed: waiting for ICar.support.WaitUtils$4@4ccdc1df (tried for 20 second(s) with 500 milliseconds interval)</small> </font> </div>
<div class="test-event"> <font color="maroon"> <small> &emsp; &emsp;--- 06 Aug 13:01:56 250 - <b>20</b> - Spinner Load Wait: (Sync) - ICar.support.WaitUtils.waitForSpinner(WaitUtils.java:225)</small> </font> </div>
<div class="test-event"> <font color="maroon"> <small> &emsp; &emsp;--- 06 Aug 13:02:11 639 - Page URL:: https://i-car--staging.sandbox.lightning.force.com/lightning/r/order/801vc00000nrcruyas/related/orderitems/view?ws=%2flightning%2fr%2forder%2f801vc00000nrcruyas%2fview</small> </font> </div>
<div class="test-event"> <font color="maroon"> <small> &emsp; &emsp;--- 06 Aug 13:02:11 640 - <b>1</b> - Page Load Wait: (Sync) - ICar.support.Utils.waitForPageLoad(Utils.java:109)</small> </font> </div>
<div class="test-event"> <font color="maroon"> <small> &emsp; &emsp;--- 06 Aug 13:02:12 762 - Page URL:: https://i-car--staging.sandbox.lightning.force.com/lightning/r/order/801vc00000nrcruyas/related/orderitems/view?ws=%2flightning%2fr%2forder%2f801vc00000nrcruyas%2fview</small> </font> </div>
<div class="test-event"> <font color="maroon"> <small> &emsp; &emsp;--- 06 Aug 13:02:12 762 - <b>1</b> - Page Load Wait: (Sync) - ICar.support.Utils.waitForPageLoad(Utils.java:109)</small> </font> </div>
<div class="test-event"> <font color="maroon"> <small> &emsp; &emsp;--- 06 Aug 13:02:12 829 - Element is displayed:: [[ChromeDriver: chrome on WINDOWS (bc08538aa04ca0fc5d583beb57eceede)] -> xpath: //ul[@class='slds-global-actions']//div[@class='setupGear']]</small> </font> </div>
<div class="test-event"> <font color="maroon"> <small> &emsp; &emsp;--- 06 Aug 13:02:12 913 - Element is displayed:: [[ChromeDriver: chrome on WINDOWS (bc08538aa04ca0fc5d583beb57eceede)] -> xpath: //ul[@class='slds-global-actions']//div[@class='setupGear']]</small> </font> </div>
<div class="test-event"> <font color="maroon"> <small> &emsp; &emsp;--- 06 Aug 13:02:17 619 - Page URL:: https://i-car--staging.sandbox.lightning.force.com/lightning/r/order/801vc00000nrcruyas/related/orderitems/view?ws=%2flightning%2fr%2forder%2f801vc00000nrcruyas%2fview</small> </font> </div>
<div class="test-event"> <font color="maroon"> <small> &emsp; &emsp;--- 06 Aug 13:02:17 620 - <b>1</b> - Page Load Wait: (Sync) - ICar.support.Utils.waitForPageLoad(Utils.java:109)</small> </font> </div>
<div class="test-event"> <font color="maroon"> <small> &emsp; &emsp;--- 06 Aug 13:02:21 134 - Catched spinner load exception due to Expected condition failed: waiting for ICar.support.WaitUtils$4@4ccdc1df (tried for 3 second(s) with 500 milliseconds interval)</small> </font> </div>
<div class="test-event"> <font color="maroon"> <small> &emsp; &emsp;--- 06 Aug 13:02:21 134 - <b>3</b> - Spinner Load Wait: (Sync) - ICar.support.WaitUtils.waitForSpinner(WaitUtils.java:225)</small> </font> </div>
<div class="test-event"> <font color="maroon"> <small> &emsp; &emsp;--- 06 Aug 13:02:22 185 - Page URL:: https://i-car--staging.sandbox.lightning.force.com/lightning/r/order/801vc00000nrcruyas/related/orderitems/view?ws=%2flightning%2fr%2forder%2f801vc00000nrcruyas%2fview</small> </font> </div>
<div class="test-event"> <font color="maroon"> <small> &emsp; &emsp;--- 06 Aug 13:02:22 185 - <b>1</b> - Page Load Wait: (Sync) - ICar.support.Utils.waitForPageLoad(Utils.java:109)</small> </font> </div>
<div class="test-event"> <font color="maroon"> <small> &emsp; &emsp;--- 06 Aug 13:02:22 401 - Page URL:: https://i-car--staging.sandbox.lightning.force.com/lightning/setup/setuponehome/home</small> </font> </div>
<div class="test-event"> <font color="maroon"> <small> &emsp; &emsp;--- 06 Aug 13:02:22 401 - <b>0</b> - Page Load Wait: (Sync) - ICar.support.Utils.waitForPageLoad(Utils.java:109)</small> </font> </div>
<div class="test-event"> <font color="maroon"> <small> &emsp; &emsp;--- 06 Aug 13:02:28 177 - Page URL:: https://i-car--staging.sandbox.lightning.force.com/lightning/setup/setuponehome/home</small> </font> </div>
<div class="test-event"> <font color="maroon"> <small> &emsp; &emsp;--- 06 Aug 13:02:28 177 - <b>0</b> - Page Load Wait: (Sync) - ICar.support.Utils.waitForPageLoad(Utils.java:109)</small> </font> </div>
<div class="test-message">&emsp;Close the tab</div>
<div class="test-event"> <font color="maroon"> <small> &emsp; &emsp;--- 06 Aug 13:02:35 825 - Page URL:: https://i-car--staging.sandbox.lightning.force.com/lightning/setup/setuponehome/home</small> </font> </div>
<div class="test-event"> <font color="maroon"> <small> &emsp; &emsp;--- 06 Aug 13:02:35 825 - <b>0</b> - Page Load Wait: (Sync) - ICar.support.Utils.waitForPageLoad(Utils.java:109)</small> </font> </div>
<div class="test-event"> <font color="maroon"> <small> &emsp; &emsp;--- 06 Aug 13:02:49 042 - Unable to find an element after 2 sec ==> Proxy element for: AjaxElementLocator 'By.cssSelector: button[class*='search-button']'</small> </font> </div>
<div class="test-event"> <font color="maroon"> <small> &emsp; &emsp;--- 06 Aug 13:02:51 140 - Catched spinner load exception due to Expected condition failed: waiting for ICar.support.WaitUtils$4@4ccdc1df (tried for 2 second(s) with 500 milliseconds interval)</small> </font> </div>
<div class="test-event"> <font color="maroon"> <small> &emsp; &emsp;--- 06 Aug 13:02:51 140 - <b>2</b> - Spinner Load Wait: (Sync) - ICar.support.WaitUtils.waitForSpinner(WaitUtils.java:225)</small> </font> </div>
<div class="test-event"> <font color="maroon"> <small> &emsp; &emsp;--- 06 Aug 13:02:54 340 - Page URL:: https://i-car--staging.sandbox.lightning.force.com/lightning/setup/setuponehome/home</small> </font> </div>
<div class="test-event"> <font color="maroon"> <small> &emsp; &emsp;--- 06 Aug 13:02:54 340 - <b>0</b> - Page Load Wait: (Sync) - ICar.support.Utils.waitForPageLoad(Utils.java:109)</small> </font> </div>
<div class="test-event"> <font color="maroon"> <small> &emsp; &emsp;--- 06 Aug 13:02:57 430 - Element is displayed:: [[ChromeDriver: chrome on WINDOWS (bc08538aa04ca0fc5d583beb57eceede)] -> css selector: div[class*='uiInput--default'] input]</small> </font> </div>
<div class="test-event"> <font color="maroon"> <small> &emsp; &emsp;--- 06 Aug 13:03:14 251 - Catched spinner load exception due to Expected condition failed: waiting for ICar.support.WaitUtils$4@4ccdc1df (tried for 10 second(s) with 500 milliseconds interval)</small> </font> </div>
<div class="test-event"> <font color="maroon"> <small> &emsp; &emsp;--- 06 Aug 13:03:14 251 - <b>10</b> - Spinner Load Wait: (Sync) - ICar.support.WaitUtils.waitForSpinner(WaitUtils.java:225)</small> </font> </div>
<div class="test-event"> <font color="maroon"> <small> &emsp; &emsp;--- 06 Aug 13:03:14 485 - Page URL:: https://i-car--staging.sandbox.lightning.force.com/one/one.app#eyjjb21wb25lbnrezwyioijmb3jjzvnlyxjjadpzzwfyy2gilcjhdhryawj1dgvzijp7inrlcm0ioijkb2huiejlbmf2awrlcyisinnjb3bltwfwijp7imxhymvsugx1cmfsijoiu2v0dxailcjuyw1lc3bhy2uioijtzxr1ccisinr5cguioijut1bfukvtvuxuuyj9lcjjb250zxh0ijp7imrpc2fibgvtcgvsbenvcnjly3rpb24iomzhbhnllcjkaxnhymxlsw50zw50uxvlcnkiomzhbhnllcjzzwfyy2htb3vyy2uioijjtlbvvf9ervnlve9qin0simdyb3vwswqioijeruzbvuxuin0sinn0yxrlijp7fx0%3d</small> </font> </div>
<div class="test-event"> <font color="maroon"> <small> &emsp; &emsp;--- 06 Aug 13:03:14 485 - <b>0</b> - Page Load Wait: (Sync) - ICar.support.Utils.waitForPageLoad(Utils.java:109)</small> </font> </div>
<div class="test-event"> <font color="maroon"> <small> &emsp; &emsp;--- 06 Aug 13:03:25 990 - Catched spinner load exception due to Expected condition failed: waiting for ICar.support.WaitUtils$4@4ccdc1df (tried for 11 second(s) with 500 milliseconds interval)</small> </font> </div>
<div class="test-event"> <font color="maroon"> <small> &emsp; &emsp;--- 06 Aug 13:03:25 990 - <b>11</b> - Spinner Load Wait: (Sync) - ICar.support.WaitUtils.waitForSpinner(WaitUtils.java:225)</small> </font> </div>
<div class="test-event"> <font color="maroon"> <small> &emsp; &emsp;--- 06 Aug 13:03:26 186 - Page URL:: https://i-car--staging.sandbox.lightning.force.com/one/one.app#eyjjb21wb25lbnrezwyioijmb3jjzvnlyxjjadpzzwfyy2gilcjhdhryawj1dgvzijp7inrlcm0ioijkb2huiejlbmf2awrlcyisinnjb3bltwfwijp7imxhymvsugx1cmfsijoiu2v0dxailcjuyw1lc3bhy2uioijtzxr1ccisinr5cguioijut1bfukvtvuxuuyj9lcjjb250zxh0ijp7imrpc2fibgvtcgvsbenvcnjly3rpb24iomzhbhnllcjkaxnhymxlsw50zw50uxvlcnkiomzhbhnllcjzzwfyy2htb3vyy2uioijjtlbvvf9ervnlve9qin0simdyb3vwswqioijeruzbvuxuin0sinn0yxrlijp7fx0%3d</small> </font> </div>
<div class="test-event"> <font color="maroon"> <small> &emsp; &emsp;--- 06 Aug 13:03:26 186 - <b>0</b> - Page Load Wait: (Sync) - ICar.support.Utils.waitForPageLoad(Utils.java:109)</small> </font> </div>
<div class="test-event"> <font color="maroon"> <small> &emsp; &emsp;--- 06 Aug 13:03:26 233 - Element is displayed:: [[ChromeDriver: chrome on WINDOWS (bc08538aa04ca0fc5d583beb57eceede)] -> xpath: //a[@title='Top Results']//span[text()='Top Results']]</small> </font> </div>
<div class="test-event"> <font color="maroon"> <small> &emsp; &emsp;--- 06 Aug 13:03:26 513 - Page URL:: https://i-car--staging.sandbox.lightning.force.com/one/one.app#eyjjb21wb25lbnrezwyioijmb3jjzvnlyxjjadpzzwfyy2gilcjhdhryawj1dgvzijp7inrlcm0ioijkb2huiejlbmf2awrlcyisinnjb3bltwfwijp7imxhymvsugx1cmfsijoiu2v0dxailcjuyw1lc3bhy2uioijtzxr1ccisinr5cguioijut1bfukvtvuxuuyj9lcjjb250zxh0ijp7imrpc2fibgvtcgvsbenvcnjly3rpb24iomzhbhnllcjkaxnhymxlsw50zw50uxvlcnkiomzhbhnllcjzzwfyy2htb3vyy2uioijjtlbvvf9ervnlve9qin0simdyb3vwswqioijeruzbvuxuin0sinn0yxrlijp7fx0%3d</small> </font> </div>
<div class="test-event"> <font color="maroon"> <small> &emsp; &emsp;--- 06 Aug 13:03:26 513 - <b>0</b> - Page Load Wait: (Sync) - ICar.support.Utils.waitForPageLoad(Utils.java:109)</small> </font> </div>
<div class="test-event"> <font color="maroon"> <small> &emsp; &emsp;--- 06 Aug 13:03:31 791 - Catched spinner load exception due to Expected condition failed: waiting for ICar.support.WaitUtils$4@4ccdc1df (tried for 5 second(s) with 500 milliseconds interval)</small> </font> </div>
<div class="test-event"> <font color="maroon"> <small> &emsp; &emsp;--- 06 Aug 13:03:31 791 - <b>5</b> - Spinner Load Wait: (Sync) - ICar.support.WaitUtils.waitForSpinner(WaitUtils.java:225)</small> </font> </div>
<div class="test-event"> <font color="maroon"> <small> &emsp; &emsp;--- 06 Aug 13:03:31 996 - Page URL:: https://i-car--staging.sandbox.lightning.force.com/one/one.app#eyjjb21wb25lbnrezwyioijmb3jjzvnlyxjjadpzzwfyy2gilcjhdhryawj1dgvzijp7inrlcm0ioijkb2huiejlbmf2awrlcyisinnjb3bltwfwijp7imxhymvsugx1cmfsijoiu2v0dxailcjuyw1lc3bhy2uioijtzxr1ccisinr5cguioijut1bfukvtvuxuuyj9lcjjb250zxh0ijp7imrpc2fibgvtcgvsbenvcnjly3rpb24iomzhbhnllcjkaxnhymxlsw50zw50uxvlcnkiomzhbhnllcjzzwfyy2htb3vyy2uioijjtlbvvf9ervnlve9qin0simdyb3vwswqioijeruzbvuxuin0sinn0yxrlijp7fx0%3d</small> </font> </div>
<div class="test-event"> <font color="maroon"> <small> &emsp; &emsp;--- 06 Aug 13:03:31 996 - <b>0</b> - Page Load Wait: (Sync) - ICar.support.Utils.waitForPageLoad(Utils.java:109)</small> </font> </div>
<div class="test-event"> <font color="maroon"> <small> &emsp; &emsp;--- 06 Aug 13:03:32 182 - Page URL:: https://i-car--staging.sandbox.lightning.force.com/one/one.app#eyjjb21wb25lbnrezwyioijmb3jjzvnlyxjjadpzzwfyy2gilcjhdhryawj1dgvzijp7inrlcm0ioijkb2huiejlbmf2awrlcyisinnjb3bltwfwijp7imxhymvsugx1cmfsijoiu2v0dxailcjuyw1lc3bhy2uioijtzxr1ccisinr5cguioijut1bfukvtvuxuuyj9lcjjb250zxh0ijp7imrpc2fibgvtcgvsbenvcnjly3rpb24iomzhbhnllcjkaxnhymxlsw50zw50uxvlcnkiomzhbhnllcjzzwfyy2htb3vyy2uioijjtlbvvf9ervnlve9qin0simdyb3vwswqioijeruzbvuxuin0sinn0yxrlijp7fx0%3d</small> </font> </div>
<div class="test-event"> <font color="maroon"> <small> &emsp; &emsp;--- 06 Aug 13:03:32 182 - <b>0</b> - Page Load Wait: (Sync) - ICar.support.Utils.waitForPageLoad(Utils.java:109)</small> </font> </div>
<div class="test-event"> <font color="maroon"> <small> &emsp; &emsp;--- 06 Aug 13:03:32 453 - Page URL:: https://i-car--staging.sandbox.lightning.force.com/one/one.app#eyjjb21wb25lbnrezwyioijmb3jjzvnlyxjjadpzzwfyy2gilcjhdhryawj1dgvzijp7inrlcm0ioijkb2huiejlbmf2awrlcyisinnjb3bltwfwijp7imxhymvsugx1cmfsijoiu2v0dxailcjuyw1lc3bhy2uioijtzxr1ccisinr5cguioijut1bfukvtvuxuuyj9lcjjb250zxh0ijp7imrpc2fibgvtcgvsbenvcnjly3rpb24iomzhbhnllcjkaxnhymxlsw50zw50uxvlcnkiomzhbhnllcjzzwfyy2htb3vyy2uioijjtlbvvf9ervnlve9qin0simdyb3vwswqioijeruzbvuxuin0sinn0yxrlijp7fx0%3d</small> </font> </div>
<div class="test-event"> <font color="maroon"> <small> &emsp; &emsp;--- 06 Aug 13:03:32 453 - <b>0</b> - Page Load Wait: (Sync) - ICar.support.Utils.waitForPageLoad(Utils.java:109)</small> </font> </div>
<div class="test-event"> <font color="maroon"> <small> &emsp; &emsp;--- 06 Aug 13:03:57 887 - Catched spinner load exception due to Expected condition failed: waiting for ICar.support.WaitUtils$4@4ccdc1df (tried for 25 second(s) with 500 milliseconds interval)</small> </font> </div>
<div class="test-event"> <font color="maroon"> <small> &emsp; &emsp;--- 06 Aug 13:03:57 887 - <b>25</b> - Spinner Load Wait: (Sync) - ICar.support.WaitUtils.waitForSpinner(WaitUtils.java:225)</small> </font> </div>
<div class="test-event"> <font color="maroon"> <small> &emsp; &emsp;--- 06 Aug 13:03:58 077 - Page URL:: https://i-car--staging.sandbox.lightning.force.com/one/one.app#eyjjb21wb25lbnrezwyioijmb3jjzvnlyxjjadpzzwfyy2gilcjhdhryawj1dgvzijp7inrlcm0ioijkb2huiejlbmf2awrlcyisinnjb3bltwfwijp7imxhymvsugx1cmfsijoiu2v0dxailcjuyw1lc3bhy2uioijtzxr1ccisinr5cguioijut1bfukvtvuxuuyj9lcjjb250zxh0ijp7imrpc2fibgvtcgvsbenvcnjly3rpb24iomzhbhnllcjkaxnhymxlsw50zw50uxvlcnkiomzhbhnllcjzzwfyy2htb3vyy2uioijjtlbvvf9ervnlve9qin0simdyb3vwswqioijeruzbvuxuin0sinn0yxrlijp7fx0%3d</small> </font> </div>
<div class="test-event"> <font color="maroon"> <small> &emsp; &emsp;--- 06 Aug 13:03:58 077 - <b>0</b> - Page Load Wait: (Sync) - ICar.support.Utils.waitForPageLoad(Utils.java:109)</small> </font> </div>
<div class="test-event"> <font color="maroon"> <small> &emsp; &emsp;--- 06 Aug 13:03:58 111 - Element is displayed:: [[ChromeDriver: chrome on WINDOWS (bc08538aa04ca0fc5d583beb57eceede)] -> css selector: div.forceSearchResultsRegion  div.resultsMultiWrapper >div > div table tbody td a]</small> </font> </div>
<div class="test-event"> <font color="maroon"> <small> &emsp; &emsp;--- 06 Aug 13:03:58 179 - Element is displayed:: [[ChromeDriver: chrome on WINDOWS (bc08538aa04ca0fc5d583beb57eceede)] -> css selector: div.forceSearchResultsRegion  div.resultsMultiWrapper >div > div table tbody td a]</small> </font> </div>
<div class="test-event"> <font color="maroon"> <small> &emsp; &emsp;--- 06 Aug 13:03:58 490 - Page URL:: https://i-car--staging.sandbox.lightning.force.com/one/one.app#eyjjb21wb25lbnrezwyioijmb3jjzvnlyxjjadpzzwfyy2gilcjhdhryawj1dgvzijp7inrlcm0ioijkb2huiejlbmf2awrlcyisinnjb3bltwfwijp7imxhymvsugx1cmfsijoiu2v0dxailcjuyw1lc3bhy2uioijtzxr1ccisinr5cguioijut1bfukvtvuxuuyj9lcjjb250zxh0ijp7imrpc2fibgvtcgvsbenvcnjly3rpb24iomzhbhnllcjkaxnhymxlsw50zw50uxvlcnkiomzhbhnllcjzzwfyy2htb3vyy2uioijjtlbvvf9ervnlve9qin0simdyb3vwswqioijeruzbvuxuin0sinn0yxrlijp7fx0%3d</small> </font> </div>
<div class="test-event"> <font color="maroon"> <small> &emsp; &emsp;--- 06 Aug 13:03:58 490 - <b>0</b> - Page Load Wait: (Sync) - ICar.support.Utils.waitForPageLoad(Utils.java:109)</small> </font> </div>
<div class="test-event"> <font color="maroon"> <small> &emsp; &emsp;--- 06 Aug 13:04:18 758 - Catched spinner load exception due to Expected condition failed: waiting for ICar.support.WaitUtils$4@4ccdc1df (tried for 20 second(s) with 500 milliseconds interval)</small> </font> </div>
<div class="test-event"> <font color="maroon"> <small> &emsp; &emsp;--- 06 Aug 13:04:18 758 - <b>20</b> - Spinner Load Wait: (Sync) - ICar.support.WaitUtils.waitForSpinner(WaitUtils.java:225)</small> </font> </div>
<div class="test-event"> <font color="maroon"> <small> &emsp; &emsp;--- 06 Aug 13:04:18 888 - Page URL:: https://i-car--staging.sandbox.lightning.force.com/lightning/setup/manageusers/page?address=%2f0051i000002lzd7qak%3fnoredirect%3d1%26isuserentityoverride%3d1%26returl%3d%252fsetup%252fhome</small> </font> </div>
<div class="test-event"> <font color="maroon"> <small> &emsp; &emsp;--- 06 Aug 13:04:18 888 - <b>0</b> - Page Load Wait: (Sync) - ICar.support.Utils.waitForPageLoad(Utils.java:109)</small> </font> </div>
<div class="test-event"> <font color="maroon"> <small> &emsp; &emsp;--- 06 Aug 13:04:19 016 - Page URL:: https://i-car--staging.sandbox.lightning.force.com/lightning/setup/manageusers/page?address=%2f0051i000002lzd7qak%3fnoredirect%3d1%26isuserentityoverride%3d1%26returl%3d%252fsetup%252fhome</small> </font> </div>
<div class="test-event"> <font color="maroon"> <small> &emsp; &emsp;--- 06 Aug 13:04:19 016 - <b>0</b> - Page Load Wait: (Sync) - ICar.support.Utils.waitForPageLoad(Utils.java:109)</small> </font> </div>
<div class="test-event"> <font color="maroon"> <small> &emsp; &emsp;--- 06 Aug 13:04:23 127 - Element is displayed:: [[ChromeDriver: chrome on WINDOWS (bc08538aa04ca0fc5d583beb57eceede)] -> css selector: input[title='Login']]</small> </font> </div>
<div class="test-event"> <font color="maroon"> <small> &emsp; &emsp;--- 06 Aug 13:04:37 657 - Page URL:: https://i-car--staging.sandbox.lightning.force.com/lightning/r/orderitem/802vc0000083nmfyaq/view?ws=%2flightning%2fr%2forder%2f801vc00000nrdhcya0%2fview</small> </font> </div>
<div class="test-event"> <font color="maroon"> <small> &emsp; &emsp;--- 06 Aug 13:04:37 657 - <b>0</b> - Page Load Wait: (Sync) - ICar.support.Utils.waitForPageLoad(Utils.java:109)</small> </font> </div>
<div class="test-event"> <font color="maroon"> <small> &emsp; &emsp;--- 06 Aug 13:05:02 781 - Catched spinner load exception due to Expected condition failed: waiting for ICar.support.WaitUtils$4@4ccdc1df (tried for 25 second(s) with 500 milliseconds interval)</small> </font> </div>
<div class="test-event"> <font color="maroon"> <small> &emsp; &emsp;--- 06 Aug 13:05:02 781 - <b>25</b> - Spinner Load Wait: (Sync) - ICar.support.WaitUtils.waitForSpinner(WaitUtils.java:225)</small> </font> </div>
<div class="test-event"> <font color="maroon"> <small> &emsp; &emsp;--- 06 Aug 13:05:03 191 - Page URL:: https://i-car--staging.sandbox.lightning.force.com/lightning/r/orderitem/802vc0000083nmfyaq/view?ws=%2flightning%2fr%2forder%2f801vc00000nrdhcya0%2fview</small> </font> </div>
<div class="test-event"> <font color="maroon"> <small> &emsp; &emsp;--- 06 Aug 13:05:03 191 - <b>0</b> - Page Load Wait: (Sync) - ICar.support.Utils.waitForPageLoad(Utils.java:109)</small> </font> </div>
<div class="test-message">&emsp;Successfully login to:'John Benavides&emsp;<a href=".\ScreenShot\ICar_VR_TC32_707548877083100.png" target="_blank" >[ScreenShot]</a></div>
<div class="test-event"> <font color="maroon"> <small> &emsp; &emsp;--- 06 Aug 13:05:03 859 - Page URL:: https://i-car--staging.sandbox.lightning.force.com/lightning/r/orderitem/802vc0000083nmfyaq/view?ws=%2flightning%2fr%2forder%2f801vc00000nrdhcya0%2fview</small> </font> </div>
<div class="test-event"> <font color="maroon"> <small> &emsp; &emsp;--- 06 Aug 13:05:03 859 - <b>0</b> - Page Load Wait: (Sync) - ICar.support.Utils.waitForPageLoad(Utils.java:109)</small> </font> </div>
<div class="test-event"> <font color="maroon"> <small> &emsp; &emsp;--- 06 Aug 13:05:09 577 - Page URL:: https://i-car--staging.sandbox.lightning.force.com/lightning/r/orderitem/802vc0000083nmfyaq/view?ws=%2flightning%2fr%2forder%2f801vc00000nrdhcya0%2fview</small> </font> </div>
<div class="test-event"> <font color="maroon"> <small> &emsp; &emsp;--- 06 Aug 13:05:09 577 - <b>0</b> - Page Load Wait: (Sync) - ICar.support.Utils.waitForPageLoad(Utils.java:109)</small> </font> </div>
<div class="test-message">&emsp;Close the tab</div>
<div class="test-event"> <font color="maroon"> <small> &emsp; &emsp;--- 06 Aug 13:05:15 127 - Page URL:: https://i-car--staging.sandbox.lightning.force.com/lightning/o/refund_credit_request__c/list?filtername=__recent</small> </font> </div>
<div class="test-event"> <font color="maroon"> <small> &emsp; &emsp;--- 06 Aug 13:05:15 127 - <b>0</b> - Page Load Wait: (Sync) - ICar.support.Utils.waitForPageLoad(Utils.java:109)</small> </font> </div>
<div class="test-event"> <font color="maroon"> <small> &emsp; &emsp;--- 06 Aug 13:05:20 348 - Page URL:: https://i-car--staging.sandbox.lightning.force.com/lightning/o/refund_credit_request__c/list?filtername=__recent</small> </font> </div>
<div class="test-event"> <font color="maroon"> <small> &emsp; &emsp;--- 06 Aug 13:05:20 348 - <b>0</b> - Page Load Wait: (Sync) - ICar.support.Utils.waitForPageLoad(Utils.java:109)</small> </font> </div>
<div class="test-message">&emsp;Close the tab</div>
<div class="test-event"> <font color="maroon"> <small> &emsp; &emsp;--- 06 Aug 13:05:25 826 - Page URL:: https://i-car--staging.sandbox.lightning.force.com/lightning/o/refund_credit_request__c/list?filtername=__recent</small> </font> </div>
<div class="test-event"> <font color="maroon"> <small> &emsp; &emsp;--- 06 Aug 13:05:25 826 - <b>0</b> - Page Load Wait: (Sync) - ICar.support.Utils.waitForPageLoad(Utils.java:109)</small> </font> </div>
<div class="test-event"> <font color="maroon"> <small> &emsp; &emsp;--- 06 Aug 13:05:25 874 - Element is displayed:: [[ChromeDriver: chrome on WINDOWS (bc08538aa04ca0fc5d583beb57eceede)] -> css selector: button[class*='search-button']]</small> </font> </div>
<div class="test-event"> <font color="maroon"> <small> &emsp; &emsp;--- 06 Aug 13:05:27 974 - Catched spinner load exception due to Expected condition failed: waiting for ICar.support.WaitUtils$4@4ccdc1df (tried for 2 second(s) with 500 milliseconds interval)</small> </font> </div>
<div class="test-event"> <font color="maroon"> <small> &emsp; &emsp;--- 06 Aug 13:05:27 975 - <b>2</b> - Spinner Load Wait: (Sync) - ICar.support.WaitUtils.waitForSpinner(WaitUtils.java:225)</small> </font> </div>
<div class="test-event"> <font color="maroon"> <small> &emsp; &emsp;--- 06 Aug 13:05:31 053 - Element is displayed:: [[ChromeDriver: chrome on WINDOWS (bc08538aa04ca0fc5d583beb57eceede)] -> css selector: button[class*='search-button']]</small> </font> </div>
<div class="test-event"> <font color="maroon"> <small> &emsp; &emsp;--- 06 Aug 13:05:31 500 - Page URL:: https://i-car--staging.sandbox.lightning.force.com/lightning/o/refund_credit_request__c/list?filtername=__recent</small> </font> </div>
<div class="test-event"> <font color="maroon"> <small> &emsp; &emsp;--- 06 Aug 13:05:31 500 - <b>0</b> - Page Load Wait: (Sync) - ICar.support.Utils.waitForPageLoad(Utils.java:109)</small> </font> </div>
<div class="test-event"> <font color="maroon"> <small> &emsp; &emsp;--- 06 Aug 13:05:50 876 - Catched spinner load exception due to Expected condition failed: waiting for ICar.support.WaitUtils$4@4ccdc1df (tried for 10 second(s) with 500 milliseconds interval)</small> </font> </div>
<div class="test-event"> <font color="maroon"> <small> &emsp; &emsp;--- 06 Aug 13:05:50 876 - <b>10</b> - Spinner Load Wait: (Sync) - ICar.support.WaitUtils.waitForSpinner(WaitUtils.java:225)</small> </font> </div>
<div class="test-event"> <font color="maroon"> <small> &emsp; &emsp;--- 06 Aug 13:05:51 269 - Page URL:: https://i-car--staging.sandbox.lightning.force.com/one/one.app#eyjjb21wb25lbnrezwyioijmb3jjzvnlyxjjadpzzwfyy2hqywdlrgvza3rvccisimf0dhjpynv0zxmionsidgvybsi6ijawodgynzgziiwic2nvcgvnyxaionsidhlwzsi6ilrpuf9srvnvtfrtin0simnvbnrlehqionsirklmvevsuyi6e30sinnlyxjjafnvdxjjzsi6ikftu0ltvefovf9esufmt0cilcjkaxnhymxlsw50zw50uxvlcnkiomzhbhnllcjkaxnhymxlu3blbgxdb3jyzwn0aw9uijpmywxzzswic2vhcmnorglhbg9nu2vzc2lvbklkijoiogq2zmi3otmtodbkoc0wymfkltizowutyme4mtzjndvhmgfjiiwizgvidwdjbmzvijp7imfwce5hbwuioijjq2fyx1nlcnzpy2vfq29uc29szsisimfwcfr5cguioijdb25zb2xliiwiyxbwtmftzxnwywnlijoiyyisimxvy2f0aw9uijoizm9yy2u6b2jqzwn0sg9tzurlc2t0b3ailcjzb2jqzwn0vhlwzsi6iljlznvuzf9dcmvkaxrfumvxdwvzdf9fyyj9fswiz3jvdxbjzci6ikrfrkfvtfqifswic3rhdguiont9fq%3d%3d</small> </font> </div>
<div class="test-event"> <font color="maroon"> <small> &emsp; &emsp;--- 06 Aug 13:05:51 269 - <b>0</b> - Page Load Wait: (Sync) - ICar.support.Utils.waitForPageLoad(Utils.java:109)</small> </font> </div>
<div class="test-event"> <font color="maroon"> <small> &emsp; &emsp;--- 06 Aug 13:06:02 690 - Catched spinner load exception due to Expected condition failed: waiting for ICar.support.WaitUtils$4@4ccdc1df (tried for 11 second(s) with 500 milliseconds interval)</small> </font> </div>
<div class="test-event"> <font color="maroon"> <small> &emsp; &emsp;--- 06 Aug 13:06:02 691 - <b>11</b> - Spinner Load Wait: (Sync) - ICar.support.WaitUtils.waitForSpinner(WaitUtils.java:225)</small> </font> </div>
<div class="test-event"> <font color="maroon"> <small> &emsp; &emsp;--- 06 Aug 13:06:03 050 - Page URL:: https://i-car--staging.sandbox.lightning.force.com/one/one.app#eyjjb21wb25lbnrezwyioijmb3jjzvnlyxjjadpzzwfyy2hqywdlrgvza3rvccisimf0dhjpynv0zxmionsidgvybsi6ijawodgynzgziiwic2nvcgvnyxaionsidhlwzsi6ilrpuf9srvnvtfrtin0simnvbnrlehqionsirklmvevsuyi6e30sinnlyxjjafnvdxjjzsi6ikftu0ltvefovf9esufmt0cilcjkaxnhymxlsw50zw50uxvlcnkiomzhbhnllcjkaxnhymxlu3blbgxdb3jyzwn0aw9uijpmywxzzswic2vhcmnorglhbg9nu2vzc2lvbklkijoiogq2zmi3otmtodbkoc0wymfkltizowutyme4mtzjndvhmgfjiiwizgvidwdjbmzvijp7imfwce5hbwuioijjq2fyx1nlcnzpy2vfq29uc29szsisimfwcfr5cguioijdb25zb2xliiwiyxbwtmftzxnwywnlijoiyyisimxvy2f0aw9uijoizm9yy2u6b2jqzwn0sg9tzurlc2t0b3ailcjzb2jqzwn0vhlwzsi6iljlznvuzf9dcmvkaxrfumvxdwvzdf9fyyj9fswiz3jvdxbjzci6ikrfrkfvtfqifswic3rhdguiont9fq%3d%3d</small> </font> </div>
<div class="test-event"> <font color="maroon"> <small> &emsp; &emsp;--- 06 Aug 13:06:03 051 - <b>0</b> - Page Load Wait: (Sync) - ICar.support.Utils.waitForPageLoad(Utils.java:109)</small> </font> </div>
<div class="test-event"> <font color="maroon"> <small> &emsp; &emsp;--- 06 Aug 13:06:03 103 - Element is displayed:: [[ChromeDriver: chrome on WINDOWS (bc08538aa04ca0fc5d583beb57eceede)] -> xpath: //a[@title='Top Results']//span[text()='Top Results']]</small> </font> </div>
<div class="test-event"> <font color="maroon"> <small> &emsp; &emsp;--- 06 Aug 13:06:03 543 - Page URL:: https://i-car--staging.sandbox.lightning.force.com/one/one.app#eyjjb21wb25lbnrezwyioijmb3jjzvnlyxjjadpzzwfyy2hqywdlrgvza3rvccisimf0dhjpynv0zxmionsidgvybsi6ijawodgynzgziiwic2nvcgvnyxaionsidhlwzsi6ilrpuf9srvnvtfrtin0simnvbnrlehqionsirklmvevsuyi6e30sinnlyxjjafnvdxjjzsi6ikftu0ltvefovf9esufmt0cilcjkaxnhymxlsw50zw50uxvlcnkiomzhbhnllcjkaxnhymxlu3blbgxdb3jyzwn0aw9uijpmywxzzswic2vhcmnorglhbg9nu2vzc2lvbklkijoiogq2zmi3otmtodbkoc0wymfkltizowutyme4mtzjndvhmgfjiiwizgvidwdjbmzvijp7imfwce5hbwuioijjq2fyx1nlcnzpy2vfq29uc29szsisimfwcfr5cguioijdb25zb2xliiwiyxbwtmftzxnwywnlijoiyyisimxvy2f0aw9uijoizm9yy2u6b2jqzwn0sg9tzurlc2t0b3ailcjzb2jqzwn0vhlwzsi6iljlznvuzf9dcmvkaxrfumvxdwvzdf9fyyj9fswiz3jvdxbjzci6ikrfrkfvtfqifswic3rhdguiont9fq%3d%3d</small> </font> </div>
<div class="test-event"> <font color="maroon"> <small> &emsp; &emsp;--- 06 Aug 13:06:03 543 - <b>0</b> - Page Load Wait: (Sync) - ICar.support.Utils.waitForPageLoad(Utils.java:109)</small> </font> </div>
<div class="test-event"> <font color="maroon"> <small> &emsp; &emsp;--- 06 Aug 13:06:08 761 - Catched spinner load exception due to Expected condition failed: waiting for ICar.support.WaitUtils$4@4ccdc1df (tried for 5 second(s) with 500 milliseconds interval)</small> </font> </div>
<div class="test-event"> <font color="maroon"> <small> &emsp; &emsp;--- 06 Aug 13:06:08 761 - <b>5</b> - Spinner Load Wait: (Sync) - ICar.support.WaitUtils.waitForSpinner(WaitUtils.java:225)</small> </font> </div>
<div class="test-event"> <font color="maroon"> <small> &emsp; &emsp;--- 06 Aug 13:06:09 119 - Page URL:: https://i-car--staging.sandbox.lightning.force.com/one/one.app#eyjjb21wb25lbnrezwyioijmb3jjzvnlyxjjadpzzwfyy2hqywdlrgvza3rvccisimf0dhjpynv0zxmionsidgvybsi6ijawodgynzgziiwic2nvcgvnyxaionsidhlwzsi6ilrpuf9srvnvtfrtin0simnvbnrlehqionsirklmvevsuyi6e30sinnlyxjjafnvdxjjzsi6ikftu0ltvefovf9esufmt0cilcjkaxnhymxlsw50zw50uxvlcnkiomzhbhnllcjkaxnhymxlu3blbgxdb3jyzwn0aw9uijpmywxzzswic2vhcmnorglhbg9nu2vzc2lvbklkijoiogq2zmi3otmtodbkoc0wymfkltizowutyme4mtzjndvhmgfjiiwizgvidwdjbmzvijp7imfwce5hbwuioijjq2fyx1nlcnzpy2vfq29uc29szsisimfwcfr5cguioijdb25zb2xliiwiyxbwtmftzxnwywnlijoiyyisimxvy2f0aw9uijoizm9yy2u6b2jqzwn0sg9tzurlc2t0b3ailcjzb2jqzwn0vhlwzsi6iljlznvuzf9dcmvkaxrfumvxdwvzdf9fyyj9fswiz3jvdxbjzci6ikrfrkfvtfqifswic3rhdguiont9fq%3d%3d</small> </font> </div>
<div class="test-event"> <font color="maroon"> <small> &emsp; &emsp;--- 06 Aug 13:06:09 120 - <b>0</b> - Page Load Wait: (Sync) - ICar.support.Utils.waitForPageLoad(Utils.java:109)</small> </font> </div>
<div class="test-event"> <font color="maroon"> <small> &emsp; &emsp;--- 06 Aug 13:06:09 533 - Page URL:: https://i-car--staging.sandbox.lightning.force.com/one/one.app#eyjjb21wb25lbnrezwyioijmb3jjzvnlyxjjadpzzwfyy2hqywdlrgvza3rvccisimf0dhjpynv0zxmionsidgvybsi6ijawodgynzgziiwic2nvcgvnyxaionsidhlwzsi6ilrpuf9srvnvtfrtin0simnvbnrlehqionsirklmvevsuyi6e30sinnlyxjjafnvdxjjzsi6ikftu0ltvefovf9esufmt0cilcjkaxnhymxlsw50zw50uxvlcnkiomzhbhnllcjkaxnhymxlu3blbgxdb3jyzwn0aw9uijpmywxzzswic2vhcmnorglhbg9nu2vzc2lvbklkijoiogq2zmi3otmtodbkoc0wymfkltizowutyme4mtzjndvhmgfjiiwizgvidwdjbmzvijp7imfwce5hbwuioijjq2fyx1nlcnzpy2vfq29uc29szsisimfwcfr5cguioijdb25zb2xliiwiyxbwtmftzxnwywnlijoiyyisimxvy2f0aw9uijoizm9yy2u6b2jqzwn0sg9tzurlc2t0b3ailcjzb2jqzwn0vhlwzsi6iljlznvuzf9dcmvkaxrfumvxdwvzdf9fyyj9fswiz3jvdxbjzci6ikrfrkfvtfqifswic3rhdguiont9fq%3d%3d</small> </font> </div>
<div class="test-event"> <font color="maroon"> <small> &emsp; &emsp;--- 06 Aug 13:06:09 533 - <b>0</b> - Page Load Wait: (Sync) - ICar.support.Utils.waitForPageLoad(Utils.java:109)</small> </font> </div>
<div class="test-event"> <font color="maroon"> <small> &emsp; &emsp;--- 06 Aug 13:06:19 929 - Catched spinner load exception due to Expected condition failed: waiting for ICar.support.WaitUtils$4@4ccdc1df (tried for 10 second(s) with 500 milliseconds interval)</small> </font> </div>
<div class="test-event"> <font color="maroon"> <small> &emsp; &emsp;--- 06 Aug 13:06:19 929 - <b>10</b> - Spinner Load Wait: (Sync) - ICar.support.WaitUtils.waitForSpinner(WaitUtils.java:225)</small> </font> </div>
<div class="test-event"> <font color="maroon"> <small> &emsp; &emsp;--- 06 Aug 13:06:24 983 - Element is displayed:: [[ChromeDriver: chrome on WINDOWS (bc08538aa04ca0fc5d583beb57eceede)] -> xpath: //div/table/tbody/tr/th/span/a[@title='00882783']]</small> </font> </div>
<div class="test-event"> <font color="maroon"> <small> &emsp; &emsp;--- 06 Aug 13:06:30 560 - Page URL:: https://i-car--staging.sandbox.lightning.force.com/lightning/r/order/801vc00000nrcruyas/view</small> </font> </div>
<div class="test-event"> <font color="maroon"> <small> &emsp; &emsp;--- 06 Aug 13:06:30 560 - <b>0</b> - Page Load Wait: (Sync) - ICar.support.Utils.waitForPageLoad(Utils.java:109)</small> </font> </div>
<div class="test-event"> <font color="maroon"> <small> &emsp; &emsp;--- 06 Aug 13:06:45 750 - Catched spinner load exception due to Expected condition failed: waiting for ICar.support.WaitUtils$4@4ccdc1df (tried for 15 second(s) with 500 milliseconds interval)</small> </font> </div>
<div class="test-event"> <font color="maroon"> <small> &emsp; &emsp;--- 06 Aug 13:06:45 750 - <b>15</b> - Spinner Load Wait: (Sync) - ICar.support.WaitUtils.waitForSpinner(WaitUtils.java:225)</small> </font> </div>
<div class="test-event"> <font color="maroon"> <small> &emsp; &emsp;--- 06 Aug 13:06:46 123 - Page URL:: https://i-car--staging.sandbox.lightning.force.com/lightning/r/order/801vc00000nrcruyas/view</small> </font> </div>
<div class="test-event"> <font color="maroon"> <small> &emsp; &emsp;--- 06 Aug 13:06:46 123 - <b>0</b> - Page Load Wait: (Sync) - ICar.support.Utils.waitForPageLoad(Utils.java:109)</small> </font> </div>
<div class="test-event"> <font color="maroon"> <small> &emsp; &emsp;--- 06 Aug 13:08:13 185 - Unable to find an element after 20 sec ==> Proxy element for: AjaxElementLocator 'By.xpath: //a[@data-target-selection-name='relatedListsTabTab']'</small> </font> </div>
<div class="test-event"> <font color="maroon"> <small> &emsp; &emsp;--- 06 Aug 13:08:18 322 - Element is displayed:: [[ChromeDriver: chrome on WINDOWS (bc08538aa04ca0fc5d583beb57eceede)] -> xpath: //a[@id='relatedListsTab__item']]</small> </font> </div>
<div class="test-event"> <font color="maroon"> <small> &emsp; &emsp;--- 06 Aug 13:08:18 719 - Page URL:: https://i-car--staging.sandbox.lightning.force.com/lightning/r/order/801vc00000nrcruyas/view</small> </font> </div>
<div class="test-event"> <font color="maroon"> <small> &emsp; &emsp;--- 06 Aug 13:08:18 719 - <b>0</b> - Page Load Wait: (Sync) - ICar.support.Utils.waitForPageLoad(Utils.java:109)</small> </font> </div>
<div class="test-event"> <font color="maroon"> <small> &emsp; &emsp;--- 06 Aug 13:08:33 889 - Catched spinner load exception due to Expected condition failed: waiting for ICar.support.WaitUtils$4@4ccdc1df (tried for 15 second(s) with 500 milliseconds interval)</small> </font> </div>
<div class="test-event"> <font color="maroon"> <small> &emsp; &emsp;--- 06 Aug 13:08:33 889 - <b>15</b> - Spinner Load Wait: (Sync) - ICar.support.WaitUtils.waitForSpinner(WaitUtils.java:225)</small> </font> </div>
<div class="test-event"> <font color="maroon"> <small> &emsp; &emsp;--- 06 Aug 13:08:34 323 - Page URL:: https://i-car--staging.sandbox.lightning.force.com/lightning/r/order/801vc00000nrcruyas/view</small> </font> </div>
<div class="test-event"> <font color="maroon"> <small> &emsp; &emsp;--- 06 Aug 13:08:34 324 - <b>0</b> - Page Load Wait: (Sync) - ICar.support.Utils.waitForPageLoad(Utils.java:109)</small> </font> </div>
<div class="test-event"> <font color="maroon"> <small> &emsp; &emsp;--- 06 Aug 13:08:42 818 - Catched spinner load exception due to Expected condition failed: waiting for ICar.support.WaitUtils$4@4ccdc1df (tried for 8 second(s) with 500 milliseconds interval)</small> </font> </div>
<div class="test-event"> <font color="maroon"> <small> &emsp; &emsp;--- 06 Aug 13:08:42 818 - <b>8</b> - Spinner Load Wait: (Sync) - ICar.support.WaitUtils.waitForSpinner(WaitUtils.java:225)</small> </font> </div>
<div class="test-event"> <font color="maroon"> <small> &emsp; &emsp;--- 06 Aug 13:08:43 283 - Page URL:: https://i-car--staging.sandbox.lightning.force.com/lightning/r/order/801vc00000nrcruyas/view</small> </font> </div>
<div class="test-event"> <font color="maroon"> <small> &emsp; &emsp;--- 06 Aug 13:08:43 283 - <b>0</b> - Page Load Wait: (Sync) - ICar.support.Utils.waitForPageLoad(Utils.java:109)</small> </font> </div>
<div class="test-event"> <font color="maroon"> <small> &emsp; &emsp;--- 06 Aug 13:08:51 639 - Catched spinner load exception due to Expected condition failed: waiting for ICar.support.WaitUtils$4@4ccdc1df (tried for 8 second(s) with 500 milliseconds interval)</small> </font> </div>
<div class="test-event"> <font color="maroon"> <small> &emsp; &emsp;--- 06 Aug 13:08:51 639 - <b>8</b> - Spinner Load Wait: (Sync) - ICar.support.WaitUtils.waitForSpinner(WaitUtils.java:225)</small> </font> </div>
<div class="test-event"> <font color="maroon"> <small> &emsp; &emsp;--- 06 Aug 13:08:52 006 - Page URL:: https://i-car--staging.sandbox.lightning.force.com/lightning/r/order/801vc00000nrcruyas/view</small> </font> </div>
<div class="test-event"> <font color="maroon"> <small> &emsp; &emsp;--- 06 Aug 13:08:52 006 - <b>0</b> - Page Load Wait: (Sync) - ICar.support.Utils.waitForPageLoad(Utils.java:109)</small> </font> </div>
<div class="test-event"> <font color="maroon"> <small> &emsp; &emsp;--- 06 Aug 13:08:54 435 - Page URL:: https://i-car--staging.sandbox.lightning.force.com/lightning/r/order/801vc00000nrcruyas/view</small> </font> </div>
<div class="test-event"> <font color="maroon"> <small> &emsp; &emsp;--- 06 Aug 13:08:54 435 - <b>0</b> - Page Load Wait: (Sync) - ICar.support.Utils.waitForPageLoad(Utils.java:109)</small> </font> </div>
<div class="test-event"> <font color="maroon"> <small> &emsp; &emsp;--- 06 Aug 13:08:56 908 - Page URL:: https://i-car--staging.sandbox.lightning.force.com/lightning/r/order/801vc00000nrcruyas/view</small> </font> </div>
<div class="test-event"> <font color="maroon"> <small> &emsp; &emsp;--- 06 Aug 13:08:56 908 - <b>0</b> - Page Load Wait: (Sync) - ICar.support.Utils.waitForPageLoad(Utils.java:109)</small> </font> </div>
<div class="test-event"> <font color="maroon"> <small> &emsp; &emsp;--- 06 Aug 13:09:11 993 - Catched spinner load exception due to Expected condition failed: waiting for ICar.support.WaitUtils$4@4ccdc1df (tried for 15 second(s) with 500 milliseconds interval)</small> </font> </div>
<div class="test-event"> <font color="maroon"> <small> &emsp; &emsp;--- 06 Aug 13:09:11 993 - <b>15</b> - Spinner Load Wait: (Sync) - ICar.support.WaitUtils.waitForSpinner(WaitUtils.java:225)</small> </font> </div>
<div class="test-event"> <font color="maroon"> <small> &emsp; &emsp;--- 06 Aug 13:09:12 360 - Page URL:: https://i-car--staging.sandbox.lightning.force.com/lightning/r/order/801vc00000nrcruyas/view</small> </font> </div>
<div class="test-event"> <font color="maroon"> <small> &emsp; &emsp;--- 06 Aug 13:09:12 360 - <b>0</b> - Page Load Wait: (Sync) - ICar.support.Utils.waitForPageLoad(Utils.java:109)</small> </font> </div>
<div class="test-event"> <font color="maroon"> <small> &emsp; &emsp;--- 06 Aug 13:09:12 410 - Element is displayed:: [[ChromeDriver: chrome on WINDOWS (bc08538aa04ca0fc5d583beb57eceede)] -> xpath: //h2[@class='slds-card__header-title']/a/span[1]]</small> </font> </div>
<div class="test-event"> <font color="maroon"> <small> &emsp; &emsp;--- 06 Aug 13:09:13 288 - Page URL:: https://i-car--staging.sandbox.lightning.force.com/lightning/r/order/801vc00000nrcruyas/related/orderitems/view?ws=%2flightning%2fr%2forder%2f801vc00000nrcruyas%2fview</small> </font> </div>
<div class="test-event"> <font color="maroon"> <small> &emsp; &emsp;--- 06 Aug 13:09:13 289 - <b>0</b> - Page Load Wait: (Sync) - ICar.support.Utils.waitForPageLoad(Utils.java:109)</small> </font> </div>
<div class="test-event"> <font color="maroon"> <small> &emsp; &emsp;--- 06 Aug 13:09:28 643 - Catched spinner load exception due to Expected condition failed: waiting for ICar.support.WaitUtils$4@4ccdc1df (tried for 15 second(s) with 500 milliseconds interval)</small> </font> </div>
<div class="test-event"> <font color="maroon"> <small> &emsp; &emsp;--- 06 Aug 13:09:28 643 - <b>15</b> - Spinner Load Wait: (Sync) - ICar.support.WaitUtils.waitForSpinner(WaitUtils.java:225)</small> </font> </div>
<div class="test-message">&emsp;19. select 'CC Oder Iteams' </div>
<div class="test-event"> <font color="maroon"> <small> &emsp; &emsp;--- 06 Aug 13:09:34 247 - Page URL:: https://i-car--staging.sandbox.lightning.force.com/lightning/r/order/801vc00000nrcruyas/related/orderitems/view?ws=%2flightning%2fr%2forder%2f801vc00000nrcruyas%2fview</small> </font> </div>
<div class="test-event"> <font color="maroon"> <small> &emsp; &emsp;--- 06 Aug 13:09:34 247 - <b>0</b> - Page Load Wait: (Sync) - ICar.support.Utils.waitForPageLoad(Utils.java:109)</small> </font> </div>
<div class="test-event"> <font color="maroon"> <small> &emsp; &emsp;--- 06 Aug 13:09:34 287 - Element is displayed:: [[ChromeDriver: chrome on WINDOWS (bc08538aa04ca0fc5d583beb57eceede)] -> css selector: div.hasActiveSubtab > div >section.tabContent.active.oneConsoleTab div.active table tbody th a]</small> </font> </div>
<div class="test-message">&emsp;8.Click on the Credit/Refund Request </div>
<div class="test-event"> <font color="maroon"> <small> &emsp; &emsp;--- 06 Aug 13:09:35 182 - Page URL:: https://i-car--staging.sandbox.lightning.force.com/lightning/r/orderitem/802vc00000841u4yaa/view?ws=%2flightning%2fr%2forder%2f801vc00000nrcruyas%2fview</small> </font> </div>
<div class="test-event"> <font color="maroon"> <small> &emsp; &emsp;--- 06 Aug 13:09:35 182 - <b>0</b> - Page Load Wait: (Sync) - ICar.support.Utils.waitForPageLoad(Utils.java:109)</small> </font> </div>
<div class="test-event"> <font color="maroon"> <small> &emsp; &emsp;--- 06 Aug 13:09:38 004 - Element is displayed:: [[ChromeDriver: chrome on WINDOWS (bc08538aa04ca0fc5d583beb57eceede)] -> xpath: //lightning-button[@class='slds-button flow-button__NEXT']//button]</small> </font> </div>
<div class="test-event"> <font color="maroon"> <small> &emsp; &emsp;--- 06 Aug 13:09:42 249 - Element is displayed:: [[ChromeDriver: chrome on WINDOWS (bc08538aa04ca0fc5d583beb57eceede)] -> xpath: //div[@class='column region-sidebar-right']//span[contains(text(),'Request Date')]//following::input[1]]</small> </font> </div>
<div class="test-event"> <font color="maroon"> <small> &emsp; &emsp;--- 06 Aug 13:09:44 680 - Element is displayed:: [[ChromeDriver: chrome on WINDOWS (bc08538aa04ca0fc5d583beb57eceede)] -> xpath: //div[@class='column region-sidebar-right']//span[contains(text(),'Request Reason')]//following::select[1]]</small> </font> </div>
<div class="test-event"> <font color="maroon"> <small> &emsp; &emsp;--- 06 Aug 13:09:56 894 - Element is displayed:: [[ChromeDriver: chrome on WINDOWS (bc08538aa04ca0fc5d583beb57eceede)] -> xpath: //div[@class='column region-sidebar-right']//span[contains(text(),'Request Type')]//following::select[1]]</small> </font> </div>
<div class="test-event"> <font color="maroon"> <small> &emsp; &emsp;--- 06 Aug 13:10:11 198 - Element is displayed:: [[ChromeDriver: chrome on WINDOWS (bc08538aa04ca0fc5d583beb57eceede)] -> xpath: //button[text()='Save']]</small> </font> </div>
<div class="test-event"> <font color="maroon"> <small> &emsp; &emsp;--- 06 Aug 13:10:11 272 - Element is displayed:: [[ChromeDriver: chrome on WINDOWS (bc08538aa04ca0fc5d583beb57eceede)] -> xpath: //button[text()='Save']]</small> </font> </div>
<div class="test-event"> <font color="maroon"> <small> &emsp; &emsp;--- 06 Aug 13:10:16 404 - Element is displayed:: [[ChromeDriver: chrome on WINDOWS (bc08538aa04ca0fc5d583beb57eceede)] -> xpath: //lightning-button[@class='slds-button flow-button__FINISH']//button]</small> </font> </div>
<div class="test-event"> <font color="maroon"> <small> &emsp; &emsp;--- 06 Aug 13:10:16 479 - Element is displayed:: [[ChromeDriver: chrome on WINDOWS (bc08538aa04ca0fc5d583beb57eceede)] -> xpath: //lightning-button[@class='slds-button flow-button__FINISH']//button]</small> </font> </div>
<div class="test-event"> <font color="maroon"> <small> &emsp; &emsp;--- 06 Aug 13:10:22 274 - Page URL:: https://i-car--staging.sandbox.lightning.force.com/lightning/r/orderitem/802vc00000841u4yaa/view?ws=%2flightning%2fr%2forder%2f801vc00000nrcruyas%2fview</small> </font> </div>
<div class="test-event"> <font color="maroon"> <small> &emsp; &emsp;--- 06 Aug 13:10:22 274 - <b>0</b> - Page Load Wait: (Sync) - ICar.support.Utils.waitForPageLoad(Utils.java:109)</small> </font> </div>
<div class="test-event"> <font color="maroon"> <small> &emsp; &emsp;--- 06 Aug 13:10:37 403 - Catched spinner load exception due to Expected condition failed: waiting for ICar.support.WaitUtils$4@4ccdc1df (tried for 15 second(s) with 500 milliseconds interval)</small> </font> </div>
<div class="test-event"> <font color="maroon"> <small> &emsp; &emsp;--- 06 Aug 13:10:37 403 - <b>15</b> - Spinner Load Wait: (Sync) - ICar.support.WaitUtils.waitForSpinner(WaitUtils.java:225)</small> </font> </div>
<div class="test-event"> <font color="maroon"> <small> &emsp; &emsp;--- 06 Aug 13:10:38 158 - Page URL:: https://i-car--staging.sandbox.lightning.force.com/lightning/r/orderitem/802vc00000841u4yaa/view?ws=%2flightning%2fr%2forder%2f801vc00000nrcruyas%2fview</small> </font> </div>
<div class="test-event"> <font color="maroon"> <small> &emsp; &emsp;--- 06 Aug 13:10:38 159 - <b>0</b> - Page Load Wait: (Sync) - ICar.support.Utils.waitForPageLoad(Utils.java:109)</small> </font> </div>
<div class="test-event"> <font color="maroon"> <small> &emsp; &emsp;--- 06 Aug 13:10:38 222 - Element is displayed:: [[ChromeDriver: chrome on WINDOWS (bc08538aa04ca0fc5d583beb57eceede)] -> xpath: //a[@data-target-selection-name='relatedListsTabTab']]</small> </font> </div>
<div class="test-event"> <font color="maroon"> <small> &emsp; &emsp;--- 06 Aug 13:10:40 331 - Element is displayed:: [[ChromeDriver: chrome on WINDOWS (bc08538aa04ca0fc5d583beb57eceede)] -> xpath: //a[@data-target-selection-name='relatedListsTabTab']]</small> </font> </div>
<div class="test-event"> <font color="maroon"> <small> &emsp; &emsp;--- 06 Aug 13:10:41 099 - Page URL:: https://i-car--staging.sandbox.lightning.force.com/lightning/r/orderitem/802vc00000841u4yaa/view?ws=%2flightning%2fr%2forder%2f801vc00000nrcruyas%2fview</small> </font> </div>
<div class="test-event"> <font color="maroon"> <small> &emsp; &emsp;--- 06 Aug 13:10:41 100 - <b>0</b> - Page Load Wait: (Sync) - ICar.support.Utils.waitForPageLoad(Utils.java:109)</small> </font> </div>
<div class="test-event"> <font color="maroon"> <small> &emsp; &emsp;--- 06 Aug 13:10:56 220 - Catched spinner load exception due to Expected condition failed: waiting for ICar.support.WaitUtils$4@4ccdc1df (tried for 15 second(s) with 500 milliseconds interval)</small> </font> </div>
<div class="test-event"> <font color="maroon"> <small> &emsp; &emsp;--- 06 Aug 13:10:56 220 - <b>15</b> - Spinner Load Wait: (Sync) - ICar.support.WaitUtils.waitForSpinner(WaitUtils.java:225)</small> </font> </div>
<div class="test-event"> <font color="maroon"> <small> &emsp; &emsp;--- 06 Aug 13:10:57 175 - Page URL:: https://i-car--staging.sandbox.lightning.force.com/lightning/r/orderitem/802vc00000841u4yaa/view?ws=%2flightning%2fr%2forder%2f801vc00000nrcruyas%2fview</small> </font> </div>
<div class="test-event"> <font color="maroon"> <small> &emsp; &emsp;--- 06 Aug 13:10:57 175 - <b>0</b> - Page Load Wait: (Sync) - ICar.support.Utils.waitForPageLoad(Utils.java:109)</small> </font> </div>
<div class="test-event"> <font color="maroon"> <small> &emsp; &emsp;--- 06 Aug 13:11:05 541 - Catched spinner load exception due to Expected condition failed: waiting for ICar.support.WaitUtils$4@4ccdc1df (tried for 8 second(s) with 500 milliseconds interval)</small> </font> </div>
<div class="test-event"> <font color="maroon"> <small> &emsp; &emsp;--- 06 Aug 13:11:05 542 - <b>8</b> - Spinner Load Wait: (Sync) - ICar.support.WaitUtils.waitForSpinner(WaitUtils.java:225)</small> </font> </div>
<div class="test-event"> <font color="maroon"> <small> &emsp; &emsp;--- 06 Aug 13:11:06 308 - Page URL:: https://i-car--staging.sandbox.lightning.force.com/lightning/r/orderitem/802vc00000841u4yaa/view?ws=%2flightning%2fr%2forder%2f801vc00000nrcruyas%2fview</small> </font> </div>
<div class="test-event"> <font color="maroon"> <small> &emsp; &emsp;--- 06 Aug 13:11:06 308 - <b>0</b> - Page Load Wait: (Sync) - ICar.support.Utils.waitForPageLoad(Utils.java:109)</small> </font> </div>
<div class="test-event"> <font color="maroon"> <small> &emsp; &emsp;--- 06 Aug 13:11:14 622 - Catched spinner load exception due to Expected condition failed: waiting for ICar.support.WaitUtils$4@4ccdc1df (tried for 8 second(s) with 500 milliseconds interval)</small> </font> </div>
<div class="test-event"> <font color="maroon"> <small> &emsp; &emsp;--- 06 Aug 13:11:14 623 - <b>8</b> - Spinner Load Wait: (Sync) - ICar.support.WaitUtils.waitForSpinner(WaitUtils.java:225)</small> </font> </div>
<div class="test-event"> <font color="maroon"> <small> &emsp; &emsp;--- 06 Aug 13:11:15 323 - Page URL:: https://i-car--staging.sandbox.lightning.force.com/lightning/r/orderitem/802vc00000841u4yaa/view?ws=%2flightning%2fr%2forder%2f801vc00000nrcruyas%2fview</small> </font> </div>
<div class="test-event"> <font color="maroon"> <small> &emsp; &emsp;--- 06 Aug 13:11:15 323 - <b>0</b> - Page Load Wait: (Sync) - ICar.support.Utils.waitForPageLoad(Utils.java:109)</small> </font> </div>
<div class="test-event"> <font color="maroon"> <small> &emsp; &emsp;--- 06 Aug 13:11:18 066 - Page URL:: https://i-car--staging.sandbox.lightning.force.com/lightning/r/orderitem/802vc00000841u4yaa/view?ws=%2flightning%2fr%2forder%2f801vc00000nrcruyas%2fview</small> </font> </div>
<div class="test-event"> <font color="maroon"> <small> &emsp; &emsp;--- 06 Aug 13:11:18 066 - <b>0</b> - Page Load Wait: (Sync) - ICar.support.Utils.waitForPageLoad(Utils.java:109)</small> </font> </div>
<div class="test-event"> <font color="maroon"> <small> &emsp; &emsp;--- 06 Aug 13:11:18 765 - Page URL:: https://i-car--staging.sandbox.lightning.force.com/lightning/r/orderitem/802vc00000841u4yaa/view?ws=%2flightning%2fr%2forder%2f801vc00000nrcruyas%2fview</small> </font> </div>
<div class="test-event"> <font color="maroon"> <small> &emsp; &emsp;--- 06 Aug 13:11:18 765 - <b>0</b> - Page Load Wait: (Sync) - ICar.support.Utils.waitForPageLoad(Utils.java:109)</small> </font> </div>
<div class="test-event"> <font color="maroon"> <small> &emsp; &emsp;--- 06 Aug 13:11:21 873 - Catched spinner load exception due to Expected condition failed: waiting for ICar.support.WaitUtils$4@4ccdc1df (tried for 3 second(s) with 500 milliseconds interval)</small> </font> </div>
<div class="test-event"> <font color="maroon"> <small> &emsp; &emsp;--- 06 Aug 13:11:21 874 - <b>3</b> - Spinner Load Wait: (Sync) - ICar.support.WaitUtils.waitForSpinner(WaitUtils.java:225)</small> </font> </div>
<div class="test-event"> <font color="maroon"> <small> &emsp; &emsp;--- 06 Aug 13:11:22 720 - Page URL:: https://i-car--staging.sandbox.lightning.force.com/lightning/r/orderitem/802vc00000841u4yaa/view?ws=%2flightning%2fr%2forder%2f801vc00000nrcruyas%2fview</small> </font> </div>
<div class="test-event"> <font color="maroon"> <small> &emsp; &emsp;--- 06 Aug 13:11:22 720 - <b>0</b> - Page Load Wait: (Sync) - ICar.support.Utils.waitForPageLoad(Utils.java:109)</small> </font> </div>
<div class="test-event"> <font color="maroon"> <small> &emsp; &emsp;--- 06 Aug 13:11:25 738 - Page URL:: https://i-car--staging.sandbox.lightning.force.com/lightning/r/orderitem/802vc00000841u4yaa/view?ws=%2flightning%2fr%2forder%2f801vc00000nrcruyas%2fview</small> </font> </div>
<div class="test-event"> <font color="maroon"> <small> &emsp; &emsp;--- 06 Aug 13:11:25 738 - <b>0</b> - Page Load Wait: (Sync) - ICar.support.Utils.waitForPageLoad(Utils.java:109)</small> </font> </div>
<div class="test-event"> <font color="maroon"> <small> &emsp; &emsp;--- 06 Aug 13:11:26 500 - Page URL:: https://i-car--staging.sandbox.lightning.force.com/lightning/r/orderitem/802vc00000841u4yaa/view?ws=%2flightning%2fr%2forder%2f801vc00000nrcruyas%2fview</small> </font> </div>
<div class="test-event"> <font color="maroon"> <small> &emsp; &emsp;--- 06 Aug 13:11:26 500 - <b>0</b> - Page Load Wait: (Sync) - ICar.support.Utils.waitForPageLoad(Utils.java:109)</small> </font> </div>
<div class="test-event"> <font color="maroon"> <small> &emsp; &emsp;--- 06 Aug 13:11:29 636 - Catched spinner load exception due to Expected condition failed: waiting for ICar.support.WaitUtils$4@4ccdc1df (tried for 3 second(s) with 500 milliseconds interval)</small> </font> </div>
<div class="test-event"> <font color="maroon"> <small> &emsp; &emsp;--- 06 Aug 13:11:29 636 - <b>3</b> - Spinner Load Wait: (Sync) - ICar.support.WaitUtils.waitForSpinner(WaitUtils.java:225)</small> </font> </div>
<div class="test-event"> <font color="maroon"> <small> &emsp; &emsp;--- 06 Aug 13:11:30 372 - Page URL:: https://i-car--staging.sandbox.lightning.force.com/lightning/r/orderitem/802vc00000841u4yaa/view?ws=%2flightning%2fr%2forder%2f801vc00000nrcruyas%2fview</small> </font> </div>
<div class="test-event"> <font color="maroon"> <small> &emsp; &emsp;--- 06 Aug 13:11:30 373 - <b>0</b> - Page Load Wait: (Sync) - ICar.support.Utils.waitForPageLoad(Utils.java:109)</small> </font> </div>
<div class="test-event"> <font color="maroon"> <small> &emsp; &emsp;--- 06 Aug 13:11:33 207 - Page URL:: https://i-car--staging.sandbox.lightning.force.com/lightning/r/orderitem/802vc00000841u4yaa/view?ws=%2flightning%2fr%2forder%2f801vc00000nrcruyas%2fview</small> </font> </div>
<div class="test-event"> <font color="maroon"> <small> &emsp; &emsp;--- 06 Aug 13:11:33 207 - <b>0</b> - Page Load Wait: (Sync) - ICar.support.Utils.waitForPageLoad(Utils.java:109)</small> </font> </div>
<div class="test-event"> <font color="maroon"> <small> &emsp; &emsp;--- 06 Aug 13:11:34 099 - Page URL:: https://i-car--staging.sandbox.lightning.force.com/lightning/r/orderitem/802vc00000841u4yaa/view?ws=%2flightning%2fr%2forder%2f801vc00000nrcruyas%2fview</small> </font> </div>
<div class="test-event"> <font color="maroon"> <small> &emsp; &emsp;--- 06 Aug 13:11:34 099 - <b>0</b> - Page Load Wait: (Sync) - ICar.support.Utils.waitForPageLoad(Utils.java:109)</small> </font> </div>
<div class="test-event"> <font color="maroon"> <small> &emsp; &emsp;--- 06 Aug 13:11:37 316 - Catched spinner load exception due to Expected condition failed: waiting for ICar.support.WaitUtils$4@4ccdc1df (tried for 3 second(s) with 500 milliseconds interval)</small> </font> </div>
<div class="test-event"> <font color="maroon"> <small> &emsp; &emsp;--- 06 Aug 13:11:37 316 - <b>3</b> - Spinner Load Wait: (Sync) - ICar.support.WaitUtils.waitForSpinner(WaitUtils.java:225)</small> </font> </div>
<div class="test-event"> <font color="maroon"> <small> &emsp; &emsp;--- 06 Aug 13:11:38 128 - Page URL:: https://i-car--staging.sandbox.lightning.force.com/lightning/r/orderitem/802vc00000841u4yaa/view?ws=%2flightning%2fr%2forder%2f801vc00000nrcruyas%2fview</small> </font> </div>
<div class="test-event"> <font color="maroon"> <small> &emsp; &emsp;--- 06 Aug 13:11:38 128 - <b>0</b> - Page Load Wait: (Sync) - ICar.support.Utils.waitForPageLoad(Utils.java:109)</small> </font> </div>
<div class="test-event"> <font color="maroon"> <small> &emsp; &emsp;--- 06 Aug 13:11:40 966 - Page URL:: https://i-car--staging.sandbox.lightning.force.com/lightning/r/orderitem/802vc00000841u4yaa/view?ws=%2flightning%2fr%2forder%2f801vc00000nrcruyas%2fview</small> </font> </div>
<div class="test-event"> <font color="maroon"> <small> &emsp; &emsp;--- 06 Aug 13:11:40 966 - <b>0</b> - Page Load Wait: (Sync) - ICar.support.Utils.waitForPageLoad(Utils.java:109)</small> </font> </div>
<div class="test-event"> <font color="maroon"> <small> &emsp; &emsp;--- 06 Aug 13:11:41 780 - Page URL:: https://i-car--staging.sandbox.lightning.force.com/lightning/r/orderitem/802vc00000841u4yaa/view?ws=%2flightning%2fr%2forder%2f801vc00000nrcruyas%2fview</small> </font> </div>
<div class="test-event"> <font color="maroon"> <small> &emsp; &emsp;--- 06 Aug 13:11:41 780 - <b>0</b> - Page Load Wait: (Sync) - ICar.support.Utils.waitForPageLoad(Utils.java:109)</small> </font> </div>
<div class="test-event"> <font color="maroon"> <small> &emsp; &emsp;--- 06 Aug 13:11:44 938 - Catched spinner load exception due to Expected condition failed: waiting for ICar.support.WaitUtils$4@4ccdc1df (tried for 3 second(s) with 500 milliseconds interval)</small> </font> </div>
<div class="test-event"> <font color="maroon"> <small> &emsp; &emsp;--- 06 Aug 13:11:44 938 - <b>3</b> - Spinner Load Wait: (Sync) - ICar.support.WaitUtils.waitForSpinner(WaitUtils.java:225)</small> </font> </div>
<div class="test-event"> <font color="maroon"> <small> &emsp; &emsp;--- 06 Aug 13:11:45 717 - Page URL:: https://i-car--staging.sandbox.lightning.force.com/lightning/r/orderitem/802vc00000841u4yaa/view?ws=%2flightning%2fr%2forder%2f801vc00000nrcruyas%2fview</small> </font> </div>
<div class="test-event"> <font color="maroon"> <small> &emsp; &emsp;--- 06 Aug 13:11:45 717 - <b>0</b> - Page Load Wait: (Sync) - ICar.support.Utils.waitForPageLoad(Utils.java:109)</small> </font> </div>
<div class="test-event"> <font color="maroon"> <small> &emsp; &emsp;--- 06 Aug 13:11:48 845 - Page URL:: https://i-car--staging.sandbox.lightning.force.com/lightning/r/orderitem/802vc00000841u4yaa/view?ws=%2flightning%2fr%2forder%2f801vc00000nrcruyas%2fview</small> </font> </div>
<div class="test-event"> <font color="maroon"> <small> &emsp; &emsp;--- 06 Aug 13:11:48 846 - <b>1</b> - Page Load Wait: (Sync) - ICar.support.Utils.waitForPageLoad(Utils.java:109)</small> </font> </div>
<div class="test-event"> <font color="maroon"> <small> &emsp; &emsp;--- 06 Aug 13:11:49 738 - Page URL:: https://i-car--staging.sandbox.lightning.force.com/lightning/r/orderitem/802vc00000841u4yaa/view?ws=%2flightning%2fr%2forder%2f801vc00000nrcruyas%2fview</small> </font> </div>
<div class="test-event"> <font color="maroon"> <small> &emsp; &emsp;--- 06 Aug 13:11:49 738 - <b>0</b> - Page Load Wait: (Sync) - ICar.support.Utils.waitForPageLoad(Utils.java:109)</small> </font> </div>
<div class="test-event"> <font color="maroon"> <small> &emsp; &emsp;--- 06 Aug 13:11:52 895 - Catched spinner load exception due to Expected condition failed: waiting for ICar.support.WaitUtils$4@4ccdc1df (tried for 3 second(s) with 500 milliseconds interval)</small> </font> </div>
<div class="test-event"> <font color="maroon"> <small> &emsp; &emsp;--- 06 Aug 13:11:52 895 - <b>3</b> - Spinner Load Wait: (Sync) - ICar.support.WaitUtils.waitForSpinner(WaitUtils.java:225)</small> </font> </div>
<div class="test-event"> <font color="maroon"> <small> &emsp; &emsp;--- 06 Aug 13:11:53 658 - Page URL:: https://i-car--staging.sandbox.lightning.force.com/lightning/r/orderitem/802vc00000841u4yaa/view?ws=%2flightning%2fr%2forder%2f801vc00000nrcruyas%2fview</small> </font> </div>
<div class="test-event"> <font color="maroon"> <small> &emsp; &emsp;--- 06 Aug 13:11:53 658 - <b>0</b> - Page Load Wait: (Sync) - ICar.support.Utils.waitForPageLoad(Utils.java:109)</small> </font> </div>
<div class="test-event"> <font color="maroon"> <small> &emsp; &emsp;--- 06 Aug 13:11:56 381 - Page URL:: https://i-car--staging.sandbox.lightning.force.com/lightning/r/orderitem/802vc00000841u4yaa/view?ws=%2flightning%2fr%2forder%2f801vc00000nrcruyas%2fview</small> </font> </div>
<div class="test-event"> <font color="maroon"> <small> &emsp; &emsp;--- 06 Aug 13:11:56 381 - <b>0</b> - Page Load Wait: (Sync) - ICar.support.Utils.waitForPageLoad(Utils.java:109)</small> </font> </div>
<div class="test-event"> <font color="maroon"> <small> &emsp; &emsp;--- 06 Aug 13:11:57 179 - Page URL:: https://i-car--staging.sandbox.lightning.force.com/lightning/r/orderitem/802vc00000841u4yaa/view?ws=%2flightning%2fr%2forder%2f801vc00000nrcruyas%2fview</small> </font> </div>
<div class="test-event"> <font color="maroon"> <small> &emsp; &emsp;--- 06 Aug 13:11:57 179 - <b>0</b> - Page Load Wait: (Sync) - ICar.support.Utils.waitForPageLoad(Utils.java:109)</small> </font> </div>
<div class="test-event"> <font color="maroon"> <small> &emsp; &emsp;--- 06 Aug 13:12:00 388 - Catched spinner load exception due to Expected condition failed: waiting for ICar.support.WaitUtils$4@4ccdc1df (tried for 3 second(s) with 500 milliseconds interval)</small> </font> </div>
<div class="test-event"> <font color="maroon"> <small> &emsp; &emsp;--- 06 Aug 13:12:00 388 - <b>3</b> - Spinner Load Wait: (Sync) - ICar.support.WaitUtils.waitForSpinner(WaitUtils.java:225)</small> </font> </div>
<div class="test-event"> <font color="maroon"> <small> &emsp; &emsp;--- 06 Aug 13:12:01 067 - Page URL:: https://i-car--staging.sandbox.lightning.force.com/lightning/r/orderitem/802vc00000841u4yaa/view?ws=%2flightning%2fr%2forder%2f801vc00000nrcruyas%2fview</small> </font> </div>
<div class="test-event"> <font color="maroon"> <small> &emsp; &emsp;--- 06 Aug 13:12:01 068 - <b>0</b> - Page Load Wait: (Sync) - ICar.support.Utils.waitForPageLoad(Utils.java:109)</small> </font> </div>
<div class="test-event"> <font color="maroon"> <small> &emsp; &emsp;--- 06 Aug 13:12:03 769 - Page URL:: https://i-car--staging.sandbox.lightning.force.com/lightning/r/orderitem/802vc00000841u4yaa/view?ws=%2flightning%2fr%2forder%2f801vc00000nrcruyas%2fview</small> </font> </div>
<div class="test-event"> <font color="maroon"> <small> &emsp; &emsp;--- 06 Aug 13:12:03 769 - <b>0</b> - Page Load Wait: (Sync) - ICar.support.Utils.waitForPageLoad(Utils.java:109)</small> </font> </div>
<div class="test-event"> <font color="maroon"> <small> &emsp; &emsp;--- 06 Aug 13:12:04 494 - Page URL:: https://i-car--staging.sandbox.lightning.force.com/lightning/r/orderitem/802vc00000841u4yaa/view?ws=%2flightning%2fr%2forder%2f801vc00000nrcruyas%2fview</small> </font> </div>
<div class="test-event"> <font color="maroon"> <small> &emsp; &emsp;--- 06 Aug 13:12:04 494 - <b>0</b> - Page Load Wait: (Sync) - ICar.support.Utils.waitForPageLoad(Utils.java:109)</small> </font> </div>
<div class="test-event"> <font color="maroon"> <small> &emsp; &emsp;--- 06 Aug 13:12:07 725 - Catched spinner load exception due to Expected condition failed: waiting for ICar.support.WaitUtils$4@4ccdc1df (tried for 3 second(s) with 500 milliseconds interval)</small> </font> </div>
<div class="test-event"> <font color="maroon"> <small> &emsp; &emsp;--- 06 Aug 13:12:07 725 - <b>3</b> - Spinner Load Wait: (Sync) - ICar.support.WaitUtils.waitForSpinner(WaitUtils.java:225)</small> </font> </div>
<div class="test-event"> <font color="maroon"> <small> &emsp; &emsp;--- 06 Aug 13:12:08 430 - Page URL:: https://i-car--staging.sandbox.lightning.force.com/lightning/r/orderitem/802vc00000841u4yaa/view?ws=%2flightning%2fr%2forder%2f801vc00000nrcruyas%2fview</small> </font> </div>
<div class="test-event"> <font color="maroon"> <small> &emsp; &emsp;--- 06 Aug 13:12:08 430 - <b>0</b> - Page Load Wait: (Sync) - ICar.support.Utils.waitForPageLoad(Utils.java:109)</small> </font> </div>
<div class="test-event"> <font color="maroon"> <small> &emsp; &emsp;--- 06 Aug 13:12:11 246 - Page URL:: https://i-car--staging.sandbox.lightning.force.com/lightning/r/orderitem/802vc00000841u4yaa/view?ws=%2flightning%2fr%2forder%2f801vc00000nrcruyas%2fview</small> </font> </div>
<div class="test-event"> <font color="maroon"> <small> &emsp; &emsp;--- 06 Aug 13:12:11 246 - <b>0</b> - Page Load Wait: (Sync) - ICar.support.Utils.waitForPageLoad(Utils.java:109)</small> </font> </div>
<div class="test-event"> <font color="maroon"> <small> &emsp; &emsp;--- 06 Aug 13:12:11 980 - Page URL:: https://i-car--staging.sandbox.lightning.force.com/lightning/r/orderitem/802vc00000841u4yaa/view?ws=%2flightning%2fr%2forder%2f801vc00000nrcruyas%2fview</small> </font> </div>
<div class="test-event"> <font color="maroon"> <small> &emsp; &emsp;--- 06 Aug 13:12:11 980 - <b>0</b> - Page Load Wait: (Sync) - ICar.support.Utils.waitForPageLoad(Utils.java:109)</small> </font> </div>
<div class="test-event"> <font color="maroon"> <small> &emsp; &emsp;--- 06 Aug 13:12:15 097 - Catched spinner load exception due to Expected condition failed: waiting for ICar.support.WaitUtils$4@4ccdc1df (tried for 3 second(s) with 500 milliseconds interval)</small> </font> </div>
<div class="test-event"> <font color="maroon"> <small> &emsp; &emsp;--- 06 Aug 13:12:15 097 - <b>3</b> - Spinner Load Wait: (Sync) - ICar.support.WaitUtils.waitForSpinner(WaitUtils.java:225)</small> </font> </div>
<div class="test-event"> <font color="maroon"> <small> &emsp; &emsp;--- 06 Aug 13:12:15 766 - Page URL:: https://i-car--staging.sandbox.lightning.force.com/lightning/r/orderitem/802vc00000841u4yaa/view?ws=%2flightning%2fr%2forder%2f801vc00000nrcruyas%2fview</small> </font> </div>
<div class="test-event"> <font color="maroon"> <small> &emsp; &emsp;--- 06 Aug 13:12:15 766 - <b>0</b> - Page Load Wait: (Sync) - ICar.support.Utils.waitForPageLoad(Utils.java:109)</small> </font> </div>
<div class="test-event"> <font color="maroon"> <small> &emsp; &emsp;--- 06 Aug 13:12:18 653 - Page URL:: https://i-car--staging.sandbox.lightning.force.com/lightning/r/orderitem/802vc00000841u4yaa/view?ws=%2flightning%2fr%2forder%2f801vc00000nrcruyas%2fview</small> </font> </div>
<div class="test-event"> <font color="maroon"> <small> &emsp; &emsp;--- 06 Aug 13:12:18 653 - <b>0</b> - Page Load Wait: (Sync) - ICar.support.Utils.waitForPageLoad(Utils.java:109)</small> </font> </div>
<div class="test-event"> <font color="maroon"> <small> &emsp; &emsp;--- 06 Aug 13:12:19 437 - Page URL:: https://i-car--staging.sandbox.lightning.force.com/lightning/r/orderitem/802vc00000841u4yaa/view?ws=%2flightning%2fr%2forder%2f801vc00000nrcruyas%2fview</small> </font> </div>
<div class="test-event"> <font color="maroon"> <small> &emsp; &emsp;--- 06 Aug 13:12:19 437 - <b>0</b> - Page Load Wait: (Sync) - ICar.support.Utils.waitForPageLoad(Utils.java:109)</small> </font> </div>
<div class="test-event"> <font color="maroon"> <small> &emsp; &emsp;--- 06 Aug 13:12:22 562 - Catched spinner load exception due to Expected condition failed: waiting for ICar.support.WaitUtils$4@4ccdc1df (tried for 3 second(s) with 500 milliseconds interval)</small> </font> </div>
<div class="test-event"> <font color="maroon"> <small> &emsp; &emsp;--- 06 Aug 13:12:22 562 - <b>3</b> - Spinner Load Wait: (Sync) - ICar.support.WaitUtils.waitForSpinner(WaitUtils.java:225)</small> </font> </div>
<div class="test-event"> <font color="maroon"> <small> &emsp; &emsp;--- 06 Aug 13:12:23 228 - Page URL:: https://i-car--staging.sandbox.lightning.force.com/lightning/r/orderitem/802vc00000841u4yaa/view?ws=%2flightning%2fr%2forder%2f801vc00000nrcruyas%2fview</small> </font> </div>
<div class="test-event"> <font color="maroon"> <small> &emsp; &emsp;--- 06 Aug 13:12:23 229 - <b>0</b> - Page Load Wait: (Sync) - ICar.support.Utils.waitForPageLoad(Utils.java:109)</small> </font> </div>
<div class="test-event"> <font color="maroon"> <small> &emsp; &emsp;--- 06 Aug 13:12:26 036 - Page URL:: https://i-car--staging.sandbox.lightning.force.com/lightning/r/orderitem/802vc00000841u4yaa/view?ws=%2flightning%2fr%2forder%2f801vc00000nrcruyas%2fview</small> </font> </div>
<div class="test-event"> <font color="maroon"> <small> &emsp; &emsp;--- 06 Aug 13:12:26 036 - <b>0</b> - Page Load Wait: (Sync) - ICar.support.Utils.waitForPageLoad(Utils.java:109)</small> </font> </div>
<div class="test-event"> <font color="maroon"> <small> &emsp; &emsp;--- 06 Aug 13:12:28 930 - Page URL:: https://i-car--staging.sandbox.lightning.force.com/lightning/r/orderitem/802vc00000841u4yaa/view?ws=%2flightning%2fr%2forder%2f801vc00000nrcruyas%2fview</small> </font> </div>
<div class="test-event"> <font color="maroon"> <small> &emsp; &emsp;--- 06 Aug 13:12:28 930 - <b>0</b> - Page Load Wait: (Sync) - ICar.support.Utils.waitForPageLoad(Utils.java:109)</small> </font> </div>
<div class="test-event"> <font color="maroon"> <small> &emsp; &emsp;--- 06 Aug 13:12:43 981 - Catched spinner load exception due to Expected condition failed: waiting for ICar.support.WaitUtils$4@4ccdc1df (tried for 15 second(s) with 500 milliseconds interval)</small> </font> </div>
<div class="test-event"> <font color="maroon"> <small> &emsp; &emsp;--- 06 Aug 13:12:43 981 - <b>15</b> - Spinner Load Wait: (Sync) - ICar.support.WaitUtils.waitForSpinner(WaitUtils.java:225)</small> </font> </div>
<div class="test-event"> <font color="maroon"> <small> &emsp; &emsp;--- 06 Aug 13:12:44 681 - Page URL:: https://i-car--staging.sandbox.lightning.force.com/lightning/r/orderitem/802vc00000841u4yaa/view?ws=%2flightning%2fr%2forder%2f801vc00000nrcruyas%2fview</small> </font> </div>
<div class="test-event"> <font color="maroon"> <small> &emsp; &emsp;--- 06 Aug 13:12:44 681 - <b>0</b> - Page Load Wait: (Sync) - ICar.support.Utils.waitForPageLoad(Utils.java:109)</small> </font> </div>
<div class="test-event"> <font color="maroon"> <small> &emsp; &emsp;--- 06 Aug 13:12:44 747 - Element is displayed:: [[ChromeDriver: chrome on WINDOWS (bc08538aa04ca0fc5d583beb57eceede)] -> xpath: //h2[@class='slds-card__header-title']/a/span[1]]</small> </font> </div>
<div class="test-event"> <font color="maroon"> <small> &emsp; &emsp;--- 06 Aug 13:12:45 680 - Page URL:: https://i-car--staging.sandbox.lightning.force.com/lightning/r/orderitem/802vc00000841u4yaa/related/refund_credit_requests__r/view?ws=%2flightning%2fr%2forder%2f801vc00000nrcruyas%2fview</small> </font> </div>
<div class="test-event"> <font color="maroon"> <small> &emsp; &emsp;--- 06 Aug 13:12:45 680 - <b>0</b> - Page Load Wait: (Sync) - ICar.support.Utils.waitForPageLoad(Utils.java:109)</small> </font> </div>
<div class="test-event"> <font color="maroon"> <small> &emsp; &emsp;--- 06 Aug 13:13:00 905 - Catched spinner load exception due to Expected condition failed: waiting for ICar.support.WaitUtils$4@4ccdc1df (tried for 15 second(s) with 500 milliseconds interval)</small> </font> </div>
<div class="test-event"> <font color="maroon"> <small> &emsp; &emsp;--- 06 Aug 13:13:00 905 - <b>15</b> - Spinner Load Wait: (Sync) - ICar.support.WaitUtils.waitForSpinner(WaitUtils.java:225)</small> </font> </div>
<div class="test-message">&emsp;Successfully verified the refund/Credit record is created for the cc order&emsp;<a href=".\ScreenShot\ICar_VR_TC32_708026605627500.png" target="_blank" >[ScreenShot]</a></div>
<div class="test-event"> <font color="maroon"> <small> &emsp; &emsp;--- 06 Aug 13:13:01 822 - Page URL:: https://i-car--staging.sandbox.lightning.force.com/lightning/r/orderitem/802vc00000841u4yaa/related/refund_credit_requests__r/view?ws=%2flightning%2fr%2forder%2f801vc00000nrcruyas%2fview</small> </font> </div>
<div class="test-event"> <font color="maroon"> <small> &emsp; &emsp;--- 06 Aug 13:13:01 822 - <b>0</b> - Page Load Wait: (Sync) - ICar.support.Utils.waitForPageLoad(Utils.java:109)</small> </font> </div>
<div class="test-event"> <font color="maroon"> <small> &emsp; &emsp;--- 06 Aug 13:13:01 858 - Element is displayed:: [[ChromeDriver: chrome on WINDOWS (bc08538aa04ca0fc5d583beb57eceede)] -> xpath: //div[@class='oneWorkspace active hasFixedFooter hasActiveSubtab navexWorkspace']//section[@class='tabContent active oneConsoleTab']//div[@class='slds-grid listDisplays']//tbody/tr/th//a//slot//slot]</small> </font> </div>
<div class="test-event"> <font color="maroon"> <small> &emsp; &emsp;--- 06 Aug 13:13:06 939 - Element is displayed:: [[ChromeDriver: chrome on WINDOWS (bc08538aa04ca0fc5d583beb57eceede)] -> xpath: //div[@class='oneWorkspace active hasFixedFooter hasActiveSubtab navexWorkspace']//section[@class='tabContent active oneConsoleTab']//div[@class='slds-grid listDisplays']//tbody/tr/th//a//slot//slot]</small> </font> </div>
<div class="test-event"> <font color="maroon"> <small> &emsp; &emsp;--- 06 Aug 13:13:12 160 - Element is displayed:: [[ChromeDriver: chrome on WINDOWS (bc08538aa04ca0fc5d583beb57eceede)] -> css selector: div[data-message-id='loginAsSystemMessage'] a]</small> </font> </div>
<div class="test-event"> <font color="maroon"> <small> &emsp; &emsp;--- 06 Aug 13:13:14 244 - Element is displayed:: [[ChromeDriver: chrome on WINDOWS (bc08538aa04ca0fc5d583beb57eceede)] -> css selector: div[data-message-id='loginAsSystemMessage'] a]</small> </font> </div>
<div class="test-event"> <font color="maroon"> <small> &emsp; &emsp;--- 06 Aug 13:13:16 057 - Page URL:: https://i-car--staging.sandbox.my.salesforce.com/</small> </font> </div>
<div class="test-event"> <font color="maroon"> <small> &emsp; &emsp;--- 06 Aug 13:13:16 057 - <b>0</b> - Page Load Wait: (Sync) - ICar.support.Utils.waitForPageLoad(Utils.java:109)</small> </font> </div>
<div class="test-event"> <font color="maroon"> <small> &emsp; &emsp;--- 06 Aug 13:13:16 281 - Page URL:: https://i-car--staging.sandbox.my.salesforce.com/</small> </font> </div>
<div class="test-event"> <font color="maroon"> <small> &emsp; &emsp;--- 06 Aug 13:13:16 281 - <b>0</b> - Page Load Wait: (Sync) - ICar.support.Utils.waitForPageLoad(Utils.java:109)</small> </font> </div>
<div class="test-message">&emsp;Successfully navigated to 'Login' Page&emsp;<a href=".\ScreenShot\ICar_VR_TC32_708041927035000.png" target="_blank" >[ScreenShot]</a></div>
<div class="test-message">&emsp;Login page is launched.</div>
<div class="test-event"> <font color="maroon"> <small> &emsp; &emsp;--- 06 Aug 13:13:17 136 - Element is displayed:: [[ChromeDriver: chrome on WINDOWS (bc08538aa04ca0fc5d583beb57eceede)] -> id: username]</small> </font> </div>
<div class="test-event"> <font color="maroon"> <small> &emsp; &emsp;--- 06 Aug 13:13:17 190 - Element is displayed:: [[ChromeDriver: chrome on WINDOWS (bc08538aa04ca0fc5d583beb57eceede)] -> id: username]</small> </font> </div>
<div class="test-event"> <font color="maroon"> <small> &emsp; &emsp;--- 06 Aug 13:13:17 456 - Element is displayed:: [[ChromeDriver: chrome on WINDOWS (bc08538aa04ca0fc5d583beb57eceede)] -> id: password]</small> </font> </div>
<div class="test-event"> <font color="maroon"> <small> &emsp; &emsp;--- 06 Aug 13:13:17 640 - Element is displayed:: [[ChromeDriver: chrome on WINDOWS (bc08538aa04ca0fc5d583beb57eceede)] -> id: Login]</small> </font> </div>
<div class="test-event"> <font color="maroon"> <small> &emsp; &emsp;--- 06 Aug 13:13:32 767 - Catched spinner load exception due to Expected condition failed: waiting for ICar.support.WaitUtils$4@4ccdc1df (tried for 13 second(s) with 500 milliseconds interval)</small> </font> </div>
<div class="test-event"> <font color="maroon"> <small> &emsp; &emsp;--- 06 Aug 13:13:32 767 - <b>13</b> - Spinner Load Wait: (Sync) - ICar.support.WaitUtils.waitForSpinner(WaitUtils.java:225)</small> </font> </div>
<div class="test-event"> <font color="maroon"> <small> &emsp; &emsp;--- 06 Aug 13:13:49 708 - Catched spinner load exception due to Expected condition failed: waiting for ICar.support.WaitUtils$4@4ccdc1df (tried for 6 second(s) with 500 milliseconds interval)</small> </font> </div>
<div class="test-event"> <font color="maroon"> <small> &emsp; &emsp;--- 06 Aug 13:13:49 709 - <b>6</b> - Spinner Load Wait: (Sync) - ICar.support.WaitUtils.waitForSpinner(WaitUtils.java:225)</small> </font> </div>
<div class="test-event"> <font color="maroon"> <small> &emsp; &emsp;--- 06 Aug 13:13:49 786 - Element is displayed:: [[ChromeDriver: chrome on WINDOWS (bc08538aa04ca0fc5d583beb57eceede)] -> css selector: button[class*='search-button']]</small> </font> </div>
<div class="test-message">&emsp;Navigate to 'SalesForce Page'</div>
<div class="test-event"> <font color="maroon"> <small> &emsp; &emsp;--- 06 Aug 13:13:50 088 - Page URL:: https://i-car--staging.sandbox.lightning.force.com/lightning/r/order/801vc00000nrcruyas/related/orderitems/view?ws=%2flightning%2fr%2forder%2f801vc00000nrcruyas%2fview</small> </font> </div>
<div class="test-event"> <font color="maroon"> <small> &emsp; &emsp;--- 06 Aug 13:13:50 088 - <b>0</b> - Page Load Wait: (Sync) - ICar.support.Utils.waitForPageLoad(Utils.java:109)</small> </font> </div>
<div class="test-event"> <font color="maroon"> <small> &emsp; &emsp;--- 06 Aug 13:13:55 635 - Page URL:: https://i-car--staging.sandbox.lightning.force.com/lightning/r/order/801vc00000nrcruyas/related/orderitems/view?ws=%2flightning%2fr%2forder%2f801vc00000nrcruyas%2fview</small> </font> </div>
<div class="test-event"> <font color="maroon"> <small> &emsp; &emsp;--- 06 Aug 13:13:55 635 - <b>0</b> - Page Load Wait: (Sync) - ICar.support.Utils.waitForPageLoad(Utils.java:109)</small> </font> </div>
<div class="test-message">&emsp;Close the tab</div>
<div class="test-event"> <font color="maroon"> <small> &emsp; &emsp;--- 06 Aug 13:14:07 097 - Page URL:: https://i-car--staging.sandbox.lightning.force.com/lightning/o/account/list?filtername=00b1i000007mf4quaa</small> </font> </div>
<div class="test-event"> <font color="maroon"> <small> &emsp; &emsp;--- 06 Aug 13:14:07 097 - <b>0</b> - Page Load Wait: (Sync) - ICar.support.Utils.waitForPageLoad(Utils.java:109)</small> </font> </div>
<div class="test-event"> <font color="maroon"> <small> &emsp; &emsp;--- 06 Aug 13:14:07 600 - Page URL:: https://i-car--staging.sandbox.lightning.force.com/lightning/o/account/list?filtername=00b1i000007mf4quaa</small> </font> </div>
<div class="test-event"> <font color="maroon"> <small> &emsp; &emsp;--- 06 Aug 13:14:07 600 - <b>0</b> - Page Load Wait: (Sync) - ICar.support.Utils.waitForPageLoad(Utils.java:109)</small> </font> </div>
<div class="test-event"> <font color="maroon"> <small> &emsp; &emsp;--- 06 Aug 13:14:07 644 - Element is displayed:: [[ChromeDriver: chrome on WINDOWS (bc08538aa04ca0fc5d583beb57eceede)] -> xpath: //ul[@class='slds-global-actions']//div[@class='setupGear']]</small> </font> </div>
<div class="test-event"> <font color="maroon"> <small> &emsp; &emsp;--- 06 Aug 13:14:07 700 - Element is displayed:: [[ChromeDriver: chrome on WINDOWS (bc08538aa04ca0fc5d583beb57eceede)] -> xpath: //ul[@class='slds-global-actions']//div[@class='setupGear']]</small> </font> </div>
<div class="test-event"> <font color="maroon"> <small> &emsp; &emsp;--- 06 Aug 13:14:11 491 - Page URL:: https://i-car--staging.sandbox.lightning.force.com/lightning/o/account/list?filtername=00b1i000007mf4quaa</small> </font> </div>
<div class="test-event"> <font color="maroon"> <small> &emsp; &emsp;--- 06 Aug 13:14:11 491 - <b>0</b> - Page Load Wait: (Sync) - ICar.support.Utils.waitForPageLoad(Utils.java:109)</small> </font> </div>
<div class="test-event"> <font color="maroon"> <small> &emsp; &emsp;--- 06 Aug 13:14:14 991 - Catched spinner load exception due to Expected condition failed: waiting for ICar.support.WaitUtils$4@4ccdc1df (tried for 3 second(s) with 500 milliseconds interval)</small> </font> </div>
<div class="test-event"> <font color="maroon"> <small> &emsp; &emsp;--- 06 Aug 13:14:14 991 - <b>3</b> - Spinner Load Wait: (Sync) - ICar.support.WaitUtils.waitForSpinner(WaitUtils.java:225)</small> </font> </div>
<div class="test-event"> <font color="maroon"> <small> &emsp; &emsp;--- 06 Aug 13:14:15 872 - Page URL:: https://i-car--staging.sandbox.lightning.force.com/lightning/o/account/list?filtername=00b1i000007mf4quaa</small> </font> </div>
<div class="test-event"> <font color="maroon"> <small> &emsp; &emsp;--- 06 Aug 13:14:15 872 - <b>0</b> - Page Load Wait: (Sync) - ICar.support.Utils.waitForPageLoad(Utils.java:109)</small> </font> </div>
<div class="test-event"> <font color="maroon"> <small> &emsp; &emsp;--- 06 Aug 13:14:16 263 - Page URL:: https://i-car--staging.sandbox.lightning.force.com/lightning/setup/setuponehome/home</small> </font> </div>
<div class="test-event"> <font color="maroon"> <small> &emsp; &emsp;--- 06 Aug 13:14:16 263 - <b>0</b> - Page Load Wait: (Sync) - ICar.support.Utils.waitForPageLoad(Utils.java:109)</small> </font> </div>
<div class="test-event"> <font color="maroon"> <small> &emsp; &emsp;--- 06 Aug 13:14:21 466 - Page URL:: https://i-car--staging.sandbox.lightning.force.com/lightning/setup/setuponehome/home</small> </font> </div>
<div class="test-event"> <font color="maroon"> <small> &emsp; &emsp;--- 06 Aug 13:14:21 466 - <b>0</b> - Page Load Wait: (Sync) - ICar.support.Utils.waitForPageLoad(Utils.java:109)</small> </font> </div>
<div class="test-message">&emsp;Close the tab</div>
<div class="test-event"> <font color="maroon"> <small> &emsp; &emsp;--- 06 Aug 13:14:26 896 - Page URL:: https://i-car--staging.sandbox.lightning.force.com/lightning/setup/setuponehome/home</small> </font> </div>
<div class="test-event"> <font color="maroon"> <small> &emsp; &emsp;--- 06 Aug 13:14:26 896 - <b>0</b> - Page Load Wait: (Sync) - ICar.support.Utils.waitForPageLoad(Utils.java:109)</small> </font> </div>
<div class="test-event"> <font color="maroon"> <small> &emsp; &emsp;--- 06 Aug 13:14:38 529 - Unable to find an element after 2 sec ==> Proxy element for: AjaxElementLocator 'By.cssSelector: button[class*='search-button']'</small> </font> </div>
<div class="test-event"> <font color="maroon"> <small> &emsp; &emsp;--- 06 Aug 13:14:40 620 - Catched spinner load exception due to Expected condition failed: waiting for ICar.support.WaitUtils$4@4ccdc1df (tried for 2 second(s) with 500 milliseconds interval)</small> </font> </div>
<div class="test-event"> <font color="maroon"> <small> &emsp; &emsp;--- 06 Aug 13:14:40 620 - <b>2</b> - Spinner Load Wait: (Sync) - ICar.support.WaitUtils.waitForSpinner(WaitUtils.java:225)</small> </font> </div>
<div class="test-event"> <font color="maroon"> <small> &emsp; &emsp;--- 06 Aug 13:14:43 788 - Page URL:: https://i-car--staging.sandbox.lightning.force.com/lightning/setup/setuponehome/home</small> </font> </div>
<div class="test-event"> <font color="maroon"> <small> &emsp; &emsp;--- 06 Aug 13:14:43 788 - <b>0</b> - Page Load Wait: (Sync) - ICar.support.Utils.waitForPageLoad(Utils.java:109)</small> </font> </div>
<div class="test-event"> <font color="maroon"> <small> &emsp; &emsp;--- 06 Aug 13:14:46 861 - Element is displayed:: [[ChromeDriver: chrome on WINDOWS (bc08538aa04ca0fc5d583beb57eceede)] -> css selector: div[class*='uiInput--default'] input]</small> </font> </div>
<div class="test-event"> <font color="maroon"> <small> &emsp; &emsp;--- 06 Aug 13:15:03 739 - Catched spinner load exception due to Expected condition failed: waiting for ICar.support.WaitUtils$4@4ccdc1df (tried for 10 second(s) with 500 milliseconds interval)</small> </font> </div>
<div class="test-event"> <font color="maroon"> <small> &emsp; &emsp;--- 06 Aug 13:15:03 739 - <b>10</b> - Spinner Load Wait: (Sync) - ICar.support.WaitUtils.waitForSpinner(WaitUtils.java:225)</small> </font> </div>
<div class="test-event"> <font color="maroon"> <small> &emsp; &emsp;--- 06 Aug 13:15:03 951 - Page URL:: https://i-car--staging.sandbox.lightning.force.com/one/one.app#eyjjb21wb25lbnrezwyioijmb3jjzvnlyxjjadpzzwfyy2gilcjhdhryawj1dgvzijp7inrlcm0ioijqyxvsierhdmlziiwic2nvcgvnyxaionsibgfizwxqbhvyywwioijtzxr1ccisim5hbwvzcgfjzsi6ilnldhvwiiwidhlwzsi6ilrpuf9srvnvtfrtin0simnvbnrlehqionsizglzywjszvnwzwxsq29ycmvjdglvbii6zmfsc2usimrpc2fibgvjbnrlbnrrdwvyesi6zmfsc2usinnlyxjjafnvdxjjzsi6ikloufvux0rfu0tut1aifswiz3jvdxbjzci6ikrfrkfvtfqifswic3rhdguiont9fq%3d%3d</small> </font> </div>
<div class="test-event"> <font color="maroon"> <small> &emsp; &emsp;--- 06 Aug 13:15:03 951 - <b>0</b> - Page Load Wait: (Sync) - ICar.support.Utils.waitForPageLoad(Utils.java:109)</small> </font> </div>
<div class="test-event"> <font color="maroon"> <small> &emsp; &emsp;--- 06 Aug 13:15:15 387 - Catched spinner load exception due to Expected condition failed: waiting for ICar.support.WaitUtils$4@4ccdc1df (tried for 11 second(s) with 500 milliseconds interval)</small> </font> </div>
<div class="test-event"> <font color="maroon"> <small> &emsp; &emsp;--- 06 Aug 13:15:15 387 - <b>11</b> - Spinner Load Wait: (Sync) - ICar.support.WaitUtils.waitForSpinner(WaitUtils.java:225)</small> </font> </div>
<div class="test-event"> <font color="maroon"> <small> &emsp; &emsp;--- 06 Aug 13:15:15 586 - Page URL:: https://i-car--staging.sandbox.lightning.force.com/one/one.app#eyjjb21wb25lbnrezwyioijmb3jjzvnlyxjjadpzzwfyy2gilcjhdhryawj1dgvzijp7inrlcm0ioijqyxvsierhdmlziiwic2nvcgvnyxaionsibgfizwxqbhvyywwioijtzxr1ccisim5hbwvzcgfjzsi6ilnldhvwiiwidhlwzsi6ilrpuf9srvnvtfrtin0simnvbnrlehqionsizglzywjszvnwzwxsq29ycmvjdglvbii6zmfsc2usimrpc2fibgvjbnrlbnrrdwvyesi6zmfsc2usinnlyxjjafnvdxjjzsi6ikloufvux0rfu0tut1aifswiz3jvdxbjzci6ikrfrkfvtfqifswic3rhdguiont9fq%3d%3d</small> </font> </div>
<div class="test-event"> <font color="maroon"> <small> &emsp; &emsp;--- 06 Aug 13:15:15 586 - <b>0</b> - Page Load Wait: (Sync) - ICar.support.Utils.waitForPageLoad(Utils.java:109)</small> </font> </div>
<div class="test-event"> <font color="maroon"> <small> &emsp; &emsp;--- 06 Aug 13:15:15 638 - Element is displayed:: [[ChromeDriver: chrome on WINDOWS (bc08538aa04ca0fc5d583beb57eceede)] -> xpath: //a[@title='Top Results']//span[text()='Top Results']]</small> </font> </div>
<div class="test-event"> <font color="maroon"> <small> &emsp; &emsp;--- 06 Aug 13:15:15 896 - Page URL:: https://i-car--staging.sandbox.lightning.force.com/one/one.app#eyjjb21wb25lbnrezwyioijmb3jjzvnlyxjjadpzzwfyy2gilcjhdhryawj1dgvzijp7inrlcm0ioijqyxvsierhdmlziiwic2nvcgvnyxaionsibgfizwxqbhvyywwioijtzxr1ccisim5hbwvzcgfjzsi6ilnldhvwiiwidhlwzsi6ilrpuf9srvnvtfrtin0simnvbnrlehqionsizglzywjszvnwzwxsq29ycmvjdglvbii6zmfsc2usimrpc2fibgvjbnrlbnrrdwvyesi6zmfsc2usinnlyxjjafnvdxjjzsi6ikloufvux0rfu0tut1aifswiz3jvdxbjzci6ikrfrkfvtfqifswic3rhdguiont9fq%3d%3d</small> </font> </div>
<div class="test-event"> <font color="maroon"> <small> &emsp; &emsp;--- 06 Aug 13:15:15 896 - <b>0</b> - Page Load Wait: (Sync) - ICar.support.Utils.waitForPageLoad(Utils.java:109)</small> </font> </div>
<div class="test-event"> <font color="maroon"> <small> &emsp; &emsp;--- 06 Aug 13:15:21 135 - Catched spinner load exception due to Expected condition failed: waiting for ICar.support.WaitUtils$4@4ccdc1df (tried for 5 second(s) with 500 milliseconds interval)</small> </font> </div>
<div class="test-event"> <font color="maroon"> <small> &emsp; &emsp;--- 06 Aug 13:15:21 135 - <b>5</b> - Spinner Load Wait: (Sync) - ICar.support.WaitUtils.waitForSpinner(WaitUtils.java:225)</small> </font> </div>
<div class="test-event"> <font color="maroon"> <small> &emsp; &emsp;--- 06 Aug 13:15:21 354 - Page URL:: https://i-car--staging.sandbox.lightning.force.com/one/one.app#eyjjb21wb25lbnrezwyioijmb3jjzvnlyxjjadpzzwfyy2gilcjhdhryawj1dgvzijp7inrlcm0ioijqyxvsierhdmlziiwic2nvcgvnyxaionsibgfizwxqbhvyywwioijtzxr1ccisim5hbwvzcgfjzsi6ilnldhvwiiwidhlwzsi6ilrpuf9srvnvtfrtin0simnvbnrlehqionsizglzywjszvnwzwxsq29ycmvjdglvbii6zmfsc2usimrpc2fibgvjbnrlbnrrdwvyesi6zmfsc2usinnlyxjjafnvdxjjzsi6ikloufvux0rfu0tut1aifswiz3jvdxbjzci6ikrfrkfvtfqifswic3rhdguiont9fq%3d%3d</small> </font> </div>
<div class="test-event"> <font color="maroon"> <small> &emsp; &emsp;--- 06 Aug 13:15:21 354 - <b>0</b> - Page Load Wait: (Sync) - ICar.support.Utils.waitForPageLoad(Utils.java:109)</small> </font> </div>
<div class="test-event"> <font color="maroon"> <small> &emsp; &emsp;--- 06 Aug 13:15:21 567 - Page URL:: https://i-car--staging.sandbox.lightning.force.com/one/one.app#eyjjb21wb25lbnrezwyioijmb3jjzvnlyxjjadpzzwfyy2gilcjhdhryawj1dgvzijp7inrlcm0ioijqyxvsierhdmlziiwic2nvcgvnyxaionsibgfizwxqbhvyywwioijtzxr1ccisim5hbwvzcgfjzsi6ilnldhvwiiwidhlwzsi6ilrpuf9srvnvtfrtin0simnvbnrlehqionsizglzywjszvnwzwxsq29ycmvjdglvbii6zmfsc2usimrpc2fibgvjbnrlbnrrdwvyesi6zmfsc2usinnlyxjjafnvdxjjzsi6ikloufvux0rfu0tut1aifswiz3jvdxbjzci6ikrfrkfvtfqifswic3rhdguiont9fq%3d%3d</small> </font> </div>
<div class="test-event"> <font color="maroon"> <small> &emsp; &emsp;--- 06 Aug 13:15:21 567 - <b>0</b> - Page Load Wait: (Sync) - ICar.support.Utils.waitForPageLoad(Utils.java:109)</small> </font> </div>
<div class="test-event"> <font color="maroon"> <small> &emsp; &emsp;--- 06 Aug 13:15:21 776 - Page URL:: https://i-car--staging.sandbox.lightning.force.com/one/one.app#eyjjb21wb25lbnrezwyioijmb3jjzvnlyxjjadpzzwfyy2gilcjhdhryawj1dgvzijp7inrlcm0ioijqyxvsierhdmlziiwic2nvcgvnyxaionsibgfizwxqbhvyywwioijtzxr1ccisim5hbwvzcgfjzsi6ilnldhvwiiwidhlwzsi6ilrpuf9srvnvtfrtin0simnvbnrlehqionsizglzywjszvnwzwxsq29ycmvjdglvbii6zmfsc2usimrpc2fibgvjbnrlbnrrdwvyesi6zmfsc2usinnlyxjjafnvdxjjzsi6ikloufvux0rfu0tut1aifswiz3jvdxbjzci6ikrfrkfvtfqifswic3rhdguiont9fq%3d%3d</small> </font> </div>
<div class="test-event"> <font color="maroon"> <small> &emsp; &emsp;--- 06 Aug 13:15:21 776 - <b>0</b> - Page Load Wait: (Sync) - ICar.support.Utils.waitForPageLoad(Utils.java:109)</small> </font> </div>
<div class="test-event"> <font color="maroon"> <small> &emsp; &emsp;--- 06 Aug 13:15:47 261 - Catched spinner load exception due to Expected condition failed: waiting for ICar.support.WaitUtils$4@4ccdc1df (tried for 25 second(s) with 500 milliseconds interval)</small> </font> </div>
<div class="test-event"> <font color="maroon"> <small> &emsp; &emsp;--- 06 Aug 13:15:47 261 - <b>25</b> - Spinner Load Wait: (Sync) - ICar.support.WaitUtils.waitForSpinner(WaitUtils.java:225)</small> </font> </div>
<div class="test-event"> <font color="maroon"> <small> &emsp; &emsp;--- 06 Aug 13:15:47 470 - Page URL:: https://i-car--staging.sandbox.lightning.force.com/one/one.app#eyjjb21wb25lbnrezwyioijmb3jjzvnlyxjjadpzzwfyy2gilcjhdhryawj1dgvzijp7inrlcm0ioijqyxvsierhdmlziiwic2nvcgvnyxaionsibgfizwxqbhvyywwioijtzxr1ccisim5hbwvzcgfjzsi6ilnldhvwiiwidhlwzsi6ilrpuf9srvnvtfrtin0simnvbnrlehqionsizglzywjszvnwzwxsq29ycmvjdglvbii6zmfsc2usimrpc2fibgvjbnrlbnrrdwvyesi6zmfsc2usinnlyxjjafnvdxjjzsi6ikloufvux0rfu0tut1aifswiz3jvdxbjzci6ikrfrkfvtfqifswic3rhdguiont9fq%3d%3d</small> </font> </div>
<div class="test-event"> <font color="maroon"> <small> &emsp; &emsp;--- 06 Aug 13:15:47 471 - <b>0</b> - Page Load Wait: (Sync) - ICar.support.Utils.waitForPageLoad(Utils.java:109)</small> </font> </div>
<div class="test-event"> <font color="maroon"> <small> &emsp; &emsp;--- 06 Aug 13:15:47 502 - Element is displayed:: [[ChromeDriver: chrome on WINDOWS (bc08538aa04ca0fc5d583beb57eceede)] -> css selector: div.forceSearchResultsRegion  div.resultsMultiWrapper >div > div table tbody td a]</small> </font> </div>
<div class="test-event"> <font color="maroon"> <small> &emsp; &emsp;--- 06 Aug 13:15:47 580 - Element is displayed:: [[ChromeDriver: chrome on WINDOWS (bc08538aa04ca0fc5d583beb57eceede)] -> css selector: div.forceSearchResultsRegion  div.resultsMultiWrapper >div > div table tbody td a]</small> </font> </div>
<div class="test-event"> <font color="maroon"> <small> &emsp; &emsp;--- 06 Aug 13:15:48 001 - Page URL:: https://i-car--staging.sandbox.lightning.force.com/one/one.app#eyjjb21wb25lbnrezwyioijmb3jjzvnlyxjjadpzzwfyy2gilcjhdhryawj1dgvzijp7inrlcm0ioijqyxvsierhdmlziiwic2nvcgvnyxaionsibgfizwxqbhvyywwioijtzxr1ccisim5hbwvzcgfjzsi6ilnldhvwiiwidhlwzsi6ilrpuf9srvnvtfrtin0simnvbnrlehqionsizglzywjszvnwzwxsq29ycmvjdglvbii6zmfsc2usimrpc2fibgvjbnrlbnrrdwvyesi6zmfsc2usinnlyxjjafnvdxjjzsi6ikloufvux0rfu0tut1aifswiz3jvdxbjzci6ikrfrkfvtfqifswic3rhdguiont9fq%3d%3d</small> </font> </div>
<div class="test-event"> <font color="maroon"> <small> &emsp; &emsp;--- 06 Aug 13:15:48 001 - <b>0</b> - Page Load Wait: (Sync) - ICar.support.Utils.waitForPageLoad(Utils.java:109)</small> </font> </div>
<div class="test-event"> <font color="maroon"> <small> &emsp; &emsp;--- 06 Aug 13:16:08 018 - Catched spinner load exception due to Expected condition failed: waiting for ICar.support.WaitUtils$4@4ccdc1df (tried for 20 second(s) with 500 milliseconds interval)</small> </font> </div>
<div class="test-event"> <font color="maroon"> <small> &emsp; &emsp;--- 06 Aug 13:16:08 018 - <b>20</b> - Spinner Load Wait: (Sync) - ICar.support.WaitUtils.waitForSpinner(WaitUtils.java:225)</small> </font> </div>
<div class="test-event"> <font color="maroon"> <small> &emsp; &emsp;--- 06 Aug 13:16:08 166 - Page URL:: https://i-car--staging.sandbox.lightning.force.com/lightning/setup/manageusers/page?address=%2f0051i000001ojoyqam%3fnoredirect%3d1%26isuserentityoverride%3d1%26returl%3d%252fsetup%252fhome</small> </font> </div>
<div class="test-event"> <font color="maroon"> <small> &emsp; &emsp;--- 06 Aug 13:16:08 166 - <b>0</b> - Page Load Wait: (Sync) - ICar.support.Utils.waitForPageLoad(Utils.java:109)</small> </font> </div>
<div class="test-event"> <font color="maroon"> <small> &emsp; &emsp;--- 06 Aug 13:16:08 302 - Page URL:: https://i-car--staging.sandbox.lightning.force.com/lightning/setup/manageusers/page?address=%2f0051i000001ojoyqam%3fnoredirect%3d1%26isuserentityoverride%3d1%26returl%3d%252fsetup%252fhome</small> </font> </div>
<div class="test-event"> <font color="maroon"> <small> &emsp; &emsp;--- 06 Aug 13:16:08 302 - <b>0</b> - Page Load Wait: (Sync) - ICar.support.Utils.waitForPageLoad(Utils.java:109)</small> </font> </div>
<div class="test-event"> <font color="maroon"> <small> &emsp; &emsp;--- 06 Aug 13:16:12 579 - Element is displayed:: [[ChromeDriver: chrome on WINDOWS (bc08538aa04ca0fc5d583beb57eceede)] -> css selector: input[title='Login']]</small> </font> </div>
<div class="test-event"> <font color="maroon"> <small> &emsp; &emsp;--- 06 Aug 13:16:27 421 - Page URL:: https://i-car--staging.sandbox.lightning.force.com/lightning/r/refund_credit_request__c/a3jvc00000147lvyaq/view</small> </font> </div>
<div class="test-event"> <font color="maroon"> <small> &emsp; &emsp;--- 06 Aug 13:16:27 421 - <b>0</b> - Page Load Wait: (Sync) - ICar.support.Utils.waitForPageLoad(Utils.java:109)</small> </font> </div>
<div class="test-event"> <font color="maroon"> <small> &emsp; &emsp;--- 06 Aug 13:16:52 912 - Catched spinner load exception due to Expected condition failed: waiting for ICar.support.WaitUtils$4@4ccdc1df (tried for 25 second(s) with 500 milliseconds interval)</small> </font> </div>
<div class="test-event"> <font color="maroon"> <small> &emsp; &emsp;--- 06 Aug 13:16:52 912 - <b>25</b> - Spinner Load Wait: (Sync) - ICar.support.WaitUtils.waitForSpinner(WaitUtils.java:225)</small> </font> </div>
<div class="test-event"> <font color="maroon"> <small> &emsp; &emsp;--- 06 Aug 13:16:53 060 - Page URL:: https://i-car--staging.sandbox.lightning.force.com/lightning/r/refund_credit_request__c/a3jvc00000147lvyaq/view</small> </font> </div>
<div class="test-event"> <font color="maroon"> <small> &emsp; &emsp;--- 06 Aug 13:16:53 060 - <b>0</b> - Page Load Wait: (Sync) - ICar.support.Utils.waitForPageLoad(Utils.java:109)</small> </font> </div>
<div class="test-message">&emsp;Successfully login to:'Paul Davis&emsp;<a href=".\ScreenShot\ICar_VR_TC32_708258746101000.png" target="_blank" >[ScreenShot]</a></div>
<div class="test-event"> <font color="maroon"> <small> &emsp; &emsp;--- 06 Aug 13:16:53 464 - Page URL:: https://i-car--staging.sandbox.lightning.force.com/lightning/r/refund_credit_request__c/a3jvc00000147lvyaq/view</small> </font> </div>
<div class="test-event"> <font color="maroon"> <small> &emsp; &emsp;--- 06 Aug 13:16:53 464 - <b>0</b> - Page Load Wait: (Sync) - ICar.support.Utils.waitForPageLoad(Utils.java:109)</small> </font> </div>
<div class="test-event"> <font color="maroon"> <small> &emsp; &emsp;--- 06 Aug 13:16:58 854 - Page URL:: https://i-car--staging.sandbox.lightning.force.com/lightning/r/refund_credit_request__c/a3jvc00000147lvyaq/view</small> </font> </div>
<div class="test-event"> <font color="maroon"> <small> &emsp; &emsp;--- 06 Aug 13:16:58 854 - <b>0</b> - Page Load Wait: (Sync) - ICar.support.Utils.waitForPageLoad(Utils.java:109)</small> </font> </div>
<div class="test-message">&emsp;Close the tab</div>
<div class="test-event"> <font color="maroon"> <small> &emsp; &emsp;--- 06 Aug 13:17:04 445 - Page URL:: https://i-car--staging.sandbox.lightning.force.com/lightning/o/refund_credit_request__c/list?filtername=submitted_for_approval</small> </font> </div>
<div class="test-event"> <font color="maroon"> <small> &emsp; &emsp;--- 06 Aug 13:17:04 445 - <b>0</b> - Page Load Wait: (Sync) - ICar.support.Utils.waitForPageLoad(Utils.java:109)</small> </font> </div>
<div class="test-event"> <font color="maroon"> <small> &emsp; &emsp;--- 06 Aug 13:17:09 808 - Page URL:: https://i-car--staging.sandbox.lightning.force.com/lightning/o/refund_credit_request__c/list?filtername=submitted_for_approval</small> </font> </div>
<div class="test-event"> <font color="maroon"> <small> &emsp; &emsp;--- 06 Aug 13:17:09 808 - <b>0</b> - Page Load Wait: (Sync) - ICar.support.Utils.waitForPageLoad(Utils.java:109)</small> </font> </div>
<div class="test-message">&emsp;Close the tab</div>
<div class="test-event"> <font color="maroon"> <small> &emsp; &emsp;--- 06 Aug 13:17:15 491 - Page URL:: https://i-car--staging.sandbox.lightning.force.com/lightning/o/refund_credit_request__c/list?filtername=submitted_for_approval</small> </font> </div>
<div class="test-event"> <font color="maroon"> <small> &emsp; &emsp;--- 06 Aug 13:17:15 491 - <b>0</b> - Page Load Wait: (Sync) - ICar.support.Utils.waitForPageLoad(Utils.java:109)</small> </font> </div>
<div class="test-event"> <font color="maroon"> <small> &emsp; &emsp;--- 06 Aug 13:17:15 603 - Element is displayed:: [[ChromeDriver: chrome on WINDOWS (bc08538aa04ca0fc5d583beb57eceede)] -> css selector: button[class*='search-button']]</small> </font> </div>
<div class="test-event"> <font color="maroon"> <small> &emsp; &emsp;--- 06 Aug 13:17:17 676 - Catched spinner load exception due to Expected condition failed: waiting for ICar.support.WaitUtils$4@4ccdc1df (tried for 2 second(s) with 500 milliseconds interval)</small> </font> </div>
<div class="test-event"> <font color="maroon"> <small> &emsp; &emsp;--- 06 Aug 13:17:17 676 - <b>2</b> - Spinner Load Wait: (Sync) - ICar.support.WaitUtils.waitForSpinner(WaitUtils.java:225)</small> </font> </div>
<div class="test-event"> <font color="maroon"> <small> &emsp; &emsp;--- 06 Aug 13:17:20 753 - Element is displayed:: [[ChromeDriver: chrome on WINDOWS (bc08538aa04ca0fc5d583beb57eceede)] -> css selector: button[class*='search-button']]</small> </font> </div>
<div class="test-event"> <font color="maroon"> <small> &emsp; &emsp;--- 06 Aug 13:17:21 265 - Page URL:: https://i-car--staging.sandbox.lightning.force.com/lightning/o/refund_credit_request__c/list?filtername=submitted_for_approval</small> </font> </div>
<div class="test-event"> <font color="maroon"> <small> &emsp; &emsp;--- 06 Aug 13:17:21 265 - <b>0</b> - Page Load Wait: (Sync) - ICar.support.Utils.waitForPageLoad(Utils.java:109)</small> </font> </div>
<div class="test-event"> <font color="maroon"> <small> &emsp; &emsp;--- 06 Aug 13:17:40 997 - Catched spinner load exception due to Expected condition failed: waiting for ICar.support.WaitUtils$4@4ccdc1df (tried for 10 second(s) with 500 milliseconds interval)</small> </font> </div>
<div class="test-event"> <font color="maroon"> <small> &emsp; &emsp;--- 06 Aug 13:17:40 997 - <b>10</b> - Spinner Load Wait: (Sync) - ICar.support.WaitUtils.waitForSpinner(WaitUtils.java:225)</small> </font> </div>
<div class="test-event"> <font color="maroon"> <small> &emsp; &emsp;--- 06 Aug 13:17:41 638 - Page URL:: https://i-car--staging.sandbox.lightning.force.com/one/one.app#eyjjb21wb25lbnrezwyioijmb3jjzvnlyxjjadpzzwfyy2hqywdlrgvza3rvccisimf0dhjpynv0zxmionsidgvybsi6iljdlte0oduxosisinnjb3bltwfwijp7inr5cguioijut1bfukvtvuxuuyj9lcjjb250zxh0ijp7ikzjtfrfulmiont9lcjzzwfyy2htb3vyy2uioijbu1nju1rbtlrfrelbte9hiiwizglzywjszuludgvudff1zxj5ijpmywxzzswizglzywjszvnwzwxsq29ycmvjdglvbii6zmfsc2usinnlyxjjaerpywxvz1nlc3npb25jzci6imq5nze3nwm5ltyxzjitmdawyi0ym2u4ltkwmza1m2i0ymfhosisimrlynvnsw5mbyi6eyjhchboyw1lijoisunbul9by2nvdw50iiwiyxbwvhlwzsi6iknvbnnvbguilcjhchboyw1lc3bhy2uioijjiiwibg9jyxrpb24ioijmb3jjztpvymply3rib21lrgvza3rvccisinnvymply3ruexblijoiumvmdw5kx0nyzwrpdf9szxf1zxn0x19jin19lcjncm91celkijoirevgqvvmvcj9lcjzdgf0zsi6e319</small> </font> </div>
<div class="test-event"> <font color="maroon"> <small> &emsp; &emsp;--- 06 Aug 13:17:41 638 - <b>0</b> - Page Load Wait: (Sync) - ICar.support.Utils.waitForPageLoad(Utils.java:109)</small> </font> </div>
<div class="test-event"> <font color="maroon"> <small> &emsp; &emsp;--- 06 Aug 13:17:52 678 - Catched spinner load exception due to Expected condition failed: waiting for ICar.support.WaitUtils$4@4ccdc1df (tried for 11 second(s) with 500 milliseconds interval)</small> </font> </div>
<div class="test-event"> <font color="maroon"> <small> &emsp; &emsp;--- 06 Aug 13:17:52 678 - <b>11</b> - Spinner Load Wait: (Sync) - ICar.support.WaitUtils.waitForSpinner(WaitUtils.java:225)</small> </font> </div>
<div class="test-event"> <font color="maroon"> <small> &emsp; &emsp;--- 06 Aug 13:17:53 231 - Page URL:: https://i-car--staging.sandbox.lightning.force.com/one/one.app#eyjjb21wb25lbnrezwyioijmb3jjzvnlyxjjadpzzwfyy2hqywdlrgvza3rvccisimf0dhjpynv0zxmionsidgvybsi6iljdlte0oduxosisinnjb3bltwfwijp7inr5cguioijut1bfukvtvuxuuyj9lcjjb250zxh0ijp7ikzjtfrfulmiont9lcjzzwfyy2htb3vyy2uioijbu1nju1rbtlrfrelbte9hiiwizglzywjszuludgvudff1zxj5ijpmywxzzswizglzywjszvnwzwxsq29ycmvjdglvbii6zmfsc2usinnlyxjjaerpywxvz1nlc3npb25jzci6imq5nze3nwm5ltyxzjitmdawyi0ym2u4ltkwmza1m2i0ymfhosisimrlynvnsw5mbyi6eyjhchboyw1lijoisunbul9by2nvdw50iiwiyxbwvhlwzsi6iknvbnnvbguilcjhchboyw1lc3bhy2uioijjiiwibg9jyxrpb24ioijmb3jjztpvymply3rib21lrgvza3rvccisinnvymply3ruexblijoiumvmdw5kx0nyzwrpdf9szxf1zxn0x19jin19lcjncm91celkijoirevgqvvmvcj9lcjzdgf0zsi6e319</small> </font> </div>
<div class="test-event"> <font color="maroon"> <small> &emsp; &emsp;--- 06 Aug 13:17:53 231 - <b>0</b> - Page Load Wait: (Sync) - ICar.support.Utils.waitForPageLoad(Utils.java:109)</small> </font> </div>
<div class="test-event"> <font color="maroon"> <small> &emsp; &emsp;--- 06 Aug 13:17:53 284 - Element is displayed:: [[ChromeDriver: chrome on WINDOWS (bc08538aa04ca0fc5d583beb57eceede)] -> xpath: //a[@title='Top Results']//span[text()='Top Results']]</small> </font> </div>
<div class="test-event"> <font color="maroon"> <small> &emsp; &emsp;--- 06 Aug 13:17:53 881 - Page URL:: https://i-car--staging.sandbox.lightning.force.com/one/one.app#eyjjb21wb25lbnrezwyioijmb3jjzvnlyxjjadpzzwfyy2hqywdlrgvza3rvccisimf0dhjpynv0zxmionsidgvybsi6iljdlte0oduxosisinnjb3bltwfwijp7inr5cguioijut1bfukvtvuxuuyj9lcjjb250zxh0ijp7ikzjtfrfulmiont9lcjzzwfyy2htb3vyy2uioijbu1nju1rbtlrfrelbte9hiiwizglzywjszuludgvudff1zxj5ijpmywxzzswizglzywjszvnwzwxsq29ycmvjdglvbii6zmfsc2usinnlyxjjaerpywxvz1nlc3npb25jzci6imq5nze3nwm5ltyxzjitmdawyi0ym2u4ltkwmza1m2i0ymfhosisimrlynvnsw5mbyi6eyjhchboyw1lijoisunbul9by2nvdw50iiwiyxbwvhlwzsi6iknvbnnvbguilcjhchboyw1lc3bhy2uioijjiiwibg9jyxrpb24ioijmb3jjztpvymply3rib21lrgvza3rvccisinnvymply3ruexblijoiumvmdw5kx0nyzwrpdf9szxf1zxn0x19jin19lcjncm91celkijoirevgqvvmvcj9lcjzdgf0zsi6e319</small> </font> </div>
<div class="test-event"> <font color="maroon"> <small> &emsp; &emsp;--- 06 Aug 13:17:53 881 - <b>0</b> - Page Load Wait: (Sync) - ICar.support.Utils.waitForPageLoad(Utils.java:109)</small> </font> </div>
<div class="test-event"> <font color="maroon"> <small> &emsp; &emsp;--- 06 Aug 13:17:59 143 - Catched spinner load exception due to Expected condition failed: waiting for ICar.support.WaitUtils$4@4ccdc1df (tried for 5 second(s) with 500 milliseconds interval)</small> </font> </div>
<div class="test-event"> <font color="maroon"> <small> &emsp; &emsp;--- 06 Aug 13:17:59 143 - <b>5</b> - Spinner Load Wait: (Sync) - ICar.support.WaitUtils.waitForSpinner(WaitUtils.java:225)</small> </font> </div>
<div class="test-event"> <font color="maroon"> <small> &emsp; &emsp;--- 06 Aug 13:17:59 697 - Page URL:: https://i-car--staging.sandbox.lightning.force.com/one/one.app#eyjjb21wb25lbnrezwyioijmb3jjzvnlyxjjadpzzwfyy2hqywdlrgvza3rvccisimf0dhjpynv0zxmionsidgvybsi6iljdlte0oduxosisinnjb3bltwfwijp7inr5cguioijut1bfukvtvuxuuyj9lcjjb250zxh0ijp7ikzjtfrfulmiont9lcjzzwfyy2htb3vyy2uioijbu1nju1rbtlrfrelbte9hiiwizglzywjszuludgvudff1zxj5ijpmywxzzswizglzywjszvnwzwxsq29ycmvjdglvbii6zmfsc2usinnlyxjjaerpywxvz1nlc3npb25jzci6imq5nze3nwm5ltyxzjitmdawyi0ym2u4ltkwmza1m2i0ymfhosisimrlynvnsw5mbyi6eyjhchboyw1lijoisunbul9by2nvdw50iiwiyxbwvhlwzsi6iknvbnnvbguilcjhchboyw1lc3bhy2uioijjiiwibg9jyxrpb24ioijmb3jjztpvymply3rib21lrgvza3rvccisinnvymply3ruexblijoiumvmdw5kx0nyzwrpdf9szxf1zxn0x19jin19lcjncm91celkijoirevgqvvmvcj9lcjzdgf0zsi6e319</small> </font> </div>
<div class="test-event"> <font color="maroon"> <small> &emsp; &emsp;--- 06 Aug 13:17:59 698 - <b>0</b> - Page Load Wait: (Sync) - ICar.support.Utils.waitForPageLoad(Utils.java:109)</small> </font> </div>
<div class="test-event"> <font color="maroon"> <small> &emsp; &emsp;--- 06 Aug 13:18:00 258 - Page URL:: https://i-car--staging.sandbox.lightning.force.com/one/one.app#eyjjb21wb25lbnrezwyioijmb3jjzvnlyxjjadpzzwfyy2hqywdlrgvza3rvccisimf0dhjpynv0zxmionsidgvybsi6iljdlte0oduxosisinnjb3bltwfwijp7inr5cguioijut1bfukvtvuxuuyj9lcjjb250zxh0ijp7ikzjtfrfulmiont9lcjzzwfyy2htb3vyy2uioijbu1nju1rbtlrfrelbte9hiiwizglzywjszuludgvudff1zxj5ijpmywxzzswizglzywjszvnwzwxsq29ycmvjdglvbii6zmfsc2usinnlyxjjaerpywxvz1nlc3npb25jzci6imq5nze3nwm5ltyxzjitmdawyi0ym2u4ltkwmza1m2i0ymfhosisimrlynvnsw5mbyi6eyjhchboyw1lijoisunbul9by2nvdw50iiwiyxbwvhlwzsi6iknvbnnvbguilcjhchboyw1lc3bhy2uioijjiiwibg9jyxrpb24ioijmb3jjztpvymply3rib21lrgvza3rvccisinnvymply3ruexblijoiumvmdw5kx0nyzwrpdf9szxf1zxn0x19jin19lcjncm91celkijoirevgqvvmvcj9lcjzdgf0zsi6e319</small> </font> </div>
<div class="test-event"> <font color="maroon"> <small> &emsp; &emsp;--- 06 Aug 13:18:00 258 - <b>0</b> - Page Load Wait: (Sync) - ICar.support.Utils.waitForPageLoad(Utils.java:109)</small> </font> </div>
<div class="test-event"> <font color="maroon"> <small> &emsp; &emsp;--- 06 Aug 13:18:00 835 - Page URL:: https://i-car--staging.sandbox.lightning.force.com/one/one.app#eyjjb21wb25lbnrezwyioijmb3jjzvnlyxjjadpzzwfyy2hqywdlrgvza3rvccisimf0dhjpynv0zxmionsidgvybsi6iljdlte0oduxosisinnjb3bltwfwijp7inr5cguioijut1bfukvtvuxuuyj9lcjjb250zxh0ijp7ikzjtfrfulmiont9lcjzzwfyy2htb3vyy2uioijbu1nju1rbtlrfrelbte9hiiwizglzywjszuludgvudff1zxj5ijpmywxzzswizglzywjszvnwzwxsq29ycmvjdglvbii6zmfsc2usinnlyxjjaerpywxvz1nlc3npb25jzci6imq5nze3nwm5ltyxzjitmdawyi0ym2u4ltkwmza1m2i0ymfhosisimrlynvnsw5mbyi6eyjhchboyw1lijoisunbul9by2nvdw50iiwiyxbwvhlwzsi6iknvbnnvbguilcjhchboyw1lc3bhy2uioijjiiwibg9jyxrpb24ioijmb3jjztpvymply3rib21lrgvza3rvccisinnvymply3ruexblijoiumvmdw5kx0nyzwrpdf9szxf1zxn0x19jin19lcjncm91celkijoirevgqvvmvcj9lcjzdgf0zsi6e319</small> </font> </div>
<div class="test-event"> <font color="maroon"> <small> &emsp; &emsp;--- 06 Aug 13:18:00 835 - <b>0</b> - Page Load Wait: (Sync) - ICar.support.Utils.waitForPageLoad(Utils.java:109)</small> </font> </div>
<div class="test-event"> <font color="maroon"> <small> &emsp; &emsp;--- 06 Aug 13:18:11 277 - Catched spinner load exception due to Expected condition failed: waiting for ICar.support.WaitUtils$4@4ccdc1df (tried for 10 second(s) with 500 milliseconds interval)</small> </font> </div>
<div class="test-event"> <font color="maroon"> <small> &emsp; &emsp;--- 06 Aug 13:18:11 277 - <b>10</b> - Spinner Load Wait: (Sync) - ICar.support.WaitUtils.waitForSpinner(WaitUtils.java:225)</small> </font> </div>
<div class="test-event"> <font color="maroon"> <small> &emsp; &emsp;--- 06 Aug 13:18:11 307 - Element is displayed:: [[ChromeDriver: chrome on WINDOWS (bc08538aa04ca0fc5d583beb57eceede)] -> css selector: div.forceSearchResultsRegion  div.resultsMultiWrapper >div > div table tbody th a]</small> </font> </div>
<div class="test-event"> <font color="maroon"> <small> &emsp; &emsp;--- 06 Aug 13:18:11 378 - Element is displayed:: [[ChromeDriver: chrome on WINDOWS (bc08538aa04ca0fc5d583beb57eceede)] -> css selector: div.forceSearchResultsRegion  div.resultsMultiWrapper >div > div table tbody th a]</small> </font> </div>
<div class="test-event"> <font color="maroon"> <small> &emsp; &emsp;--- 06 Aug 13:18:12 323 - Page URL:: https://i-car--staging.sandbox.lightning.force.com/one/one.app#eyjjb21wb25lbnrezwyioijmb3jjzvnlyxjjadpzzwfyy2hqywdlrgvza3rvccisimf0dhjpynv0zxmionsidgvybsi6iljdlte0oduxosisinnjb3bltwfwijp7inr5cguioijut1bfukvtvuxuuyj9lcjjb250zxh0ijp7ikzjtfrfulmiont9lcjzzwfyy2htb3vyy2uioijbu1nju1rbtlrfrelbte9hiiwizglzywjszuludgvudff1zxj5ijpmywxzzswizglzywjszvnwzwxsq29ycmvjdglvbii6zmfsc2usinnlyxjjaerpywxvz1nlc3npb25jzci6imq5nze3nwm5ltyxzjitmdawyi0ym2u4ltkwmza1m2i0ymfhosisimrlynvnsw5mbyi6eyjhchboyw1lijoisunbul9by2nvdw50iiwiyxbwvhlwzsi6iknvbnnvbguilcjhchboyw1lc3bhy2uioijjiiwibg9jyxrpb24ioijmb3jjztpvymply3rib21lrgvza3rvccisinnvymply3ruexblijoiumvmdw5kx0nyzwrpdf9szxf1zxn0x19jin19lcjncm91celkijoirevgqvvmvcj9lcjzdgf0zsi6e319</small> </font> </div>
<div class="test-event"> <font color="maroon"> <small> &emsp; &emsp;--- 06 Aug 13:18:12 323 - <b>0</b> - Page Load Wait: (Sync) - ICar.support.Utils.waitForPageLoad(Utils.java:109)</small> </font> </div>
<div class="test-event"> <font color="maroon"> <small> &emsp; &emsp;--- 06 Aug 13:18:14 040 - Element is displayed:: [[ChromeDriver: chrome on WINDOWS (bc08538aa04ca0fc5d583beb57eceede)] -> xpath: //span[text()='Approval History']/ancestor::header/following-sibling::div//a]</small> </font> </div>
<div class="test-event"> <font color="maroon"> <small> &emsp; &emsp;--- 06 Aug 13:18:14 128 - Element is displayed:: [[ChromeDriver: chrome on WINDOWS (bc08538aa04ca0fc5d583beb57eceede)] -> xpath: //span[text()='Approval History']/ancestor::header/following-sibling::div//a]</small> </font> </div>
<div class="test-event"> <font color="maroon"> <small> &emsp; &emsp;--- 06 Aug 13:18:14 855 - Page URL:: https://i-car--staging.sandbox.lightning.force.com/lightning/r/refund_credit_request__c/a3jvc00000147ojyaa/view</small> </font> </div>
<div class="test-event"> <font color="maroon"> <small> &emsp; &emsp;--- 06 Aug 13:18:14 855 - <b>0</b> - Page Load Wait: (Sync) - ICar.support.Utils.waitForPageLoad(Utils.java:109)</small> </font> </div>
<div class="test-event"> <font color="maroon"> <small> &emsp; &emsp;--- 06 Aug 13:18:15 951 - Element is displayed:: [[ChromeDriver: chrome on WINDOWS (bc08538aa04ca0fc5d583beb57eceede)] -> xpath: //a[@title='Approve']]</small> </font> </div>
<div class="test-event"> <font color="maroon"> <small> &emsp; &emsp;--- 06 Aug 13:18:16 021 - Element is displayed:: [[ChromeDriver: chrome on WINDOWS (bc08538aa04ca0fc5d583beb57eceede)] -> xpath: //a[@title='Approve']]</small> </font> </div>
<div class="test-event"> <font color="maroon"> <small> &emsp; &emsp;--- 06 Aug 13:18:16 762 - Page URL:: https://i-car--staging.sandbox.lightning.force.com/lightning/r/refund_credit_request__c/a3jvc00000147ojyaa/view</small> </font> </div>
<div class="test-event"> <font color="maroon"> <small> &emsp; &emsp;--- 06 Aug 13:18:16 762 - <b>0</b> - Page Load Wait: (Sync) - ICar.support.Utils.waitForPageLoad(Utils.java:109)</small> </font> </div>
<div class="test-event"> <font color="maroon"> <small> &emsp; &emsp;--- 06 Aug 13:18:17 382 - Element is displayed:: [[ChromeDriver: chrome on WINDOWS (bc08538aa04ca0fc5d583beb57eceede)] -> xpath: //textarea]</small> </font> </div>
<div class="test-event"> <font color="maroon"> <small> &emsp; &emsp;--- 06 Aug 13:18:17 473 - Element is displayed:: [[ChromeDriver: chrome on WINDOWS (bc08538aa04ca0fc5d583beb57eceede)] -> xpath: //textarea]</small> </font> </div>
<div class="test-event"> <font color="maroon"> <small> &emsp; &emsp;--- 06 Aug 13:18:17 722 - Element is displayed:: [[ChromeDriver: chrome on WINDOWS (bc08538aa04ca0fc5d583beb57eceede)] -> xpath: //textarea]</small> </font> </div>
<div class="test-event"> <font color="maroon"> <small> &emsp; &emsp;--- 06 Aug 13:18:17 818 - Element is displayed:: [[ChromeDriver: chrome on WINDOWS (bc08538aa04ca0fc5d583beb57eceede)] -> xpath: //span[text()='Approve']/..]</small> </font> </div>
<div class="test-event"> <font color="maroon"> <small> &emsp; &emsp;--- 06 Aug 13:18:17 892 - Element is displayed:: [[ChromeDriver: chrome on WINDOWS (bc08538aa04ca0fc5d583beb57eceede)] -> xpath: //span[text()='Approve']/..]</small> </font> </div>
<div class="test-event"> <font color="maroon"> <small> &emsp; &emsp;--- 06 Aug 13:18:26 332 - Catched spinner load exception due to Expected condition failed: waiting for ICar.support.WaitUtils$4@4ccdc1df (tried for 8 second(s) with 500 milliseconds interval)</small> </font> </div>
<div class="test-event"> <font color="maroon"> <small> &emsp; &emsp;--- 06 Aug 13:18:26 333 - <b>8</b> - Spinner Load Wait: (Sync) - ICar.support.WaitUtils.waitForSpinner(WaitUtils.java:225)</small> </font> </div>
<div class="test-event"> <font color="maroon"> <small> &emsp; &emsp;--- 06 Aug 13:18:27 164 - Page URL:: https://i-car--staging.sandbox.lightning.force.com/lightning/r/refund_credit_request__c/a3jvc00000147ojyaa/view</small> </font> </div>
<div class="test-event"> <font color="maroon"> <small> &emsp; &emsp;--- 06 Aug 13:18:27 164 - <b>0</b> - Page Load Wait: (Sync) - ICar.support.Utils.waitForPageLoad(Utils.java:109)</small> </font> </div>
<div class="test-event"> <font color="maroon"> <small> &emsp; &emsp;--- 06 Aug 13:18:27 284 - Element is displayed:: [[ChromeDriver: chrome on WINDOWS (bc08538aa04ca0fc5d583beb57eceede)] -> xpath: //div[contains(@data-target-selection-name,'B2B_Order_Item__c')]//a]</small> </font> </div>
<div class="test-event"> <font color="maroon"> <small> &emsp; &emsp;--- 06 Aug 13:18:35 837 - Catched spinner load exception due to Expected condition failed: waiting for ICar.support.WaitUtils$4@4ccdc1df (tried for 8 second(s) with 500 milliseconds interval)</small> </font> </div>
<div class="test-event"> <font color="maroon"> <small> &emsp; &emsp;--- 06 Aug 13:18:35 837 - <b>8</b> - Spinner Load Wait: (Sync) - ICar.support.WaitUtils.waitForSpinner(WaitUtils.java:225)</small> </font> </div>
<div class="test-event"> <font color="maroon"> <small> &emsp; &emsp;--- 06 Aug 13:18:36 839 - Page URL:: https://i-car--staging.sandbox.lightning.force.com/lightning/r/orderitem/802vc00000841u4yaa/view?ws=%2flightning%2fr%2frefund_credit_request__c%2fa3jvc00000147ojyaa%2fview</small> </font> </div>
<div class="test-event"> <font color="maroon"> <small> &emsp; &emsp;--- 06 Aug 13:18:36 839 - <b>1</b> - Page Load Wait: (Sync) - ICar.support.Utils.waitForPageLoad(Utils.java:109)</small> </font> </div>
<div class="test-event"> <font color="maroon"> <small> &emsp; &emsp;--- 06 Aug 13:18:42 085 - Catched spinner load exception due to Expected condition failed: waiting for ICar.support.WaitUtils$4@4ccdc1df (tried for 5 second(s) with 500 milliseconds interval)</small> </font> </div>
<div class="test-event"> <font color="maroon"> <small> &emsp; &emsp;--- 06 Aug 13:18:42 085 - <b>5</b> - Spinner Load Wait: (Sync) - ICar.support.WaitUtils.waitForSpinner(WaitUtils.java:225)</small> </font> </div>
<div class="test-event"> <font color="maroon"> <small> &emsp; &emsp;--- 06 Aug 13:19:01 010 - Element is displayed:: [[ChromeDriver: chrome on WINDOWS (bc08538aa04ca0fc5d583beb57eceede)] -> xpath: //span[text()='Order Item Status']//following::div[1]//span//span]</small> </font> </div>
<div class="test-message">&emsp;SuccessFully verified order item status&emsp;<a href=".\ScreenShot\ICar_VR_TC32_708386675030700.png" target="_blank" >[ScreenShot]</a></div>
<div class="test-event"> <font color="maroon"> <small> &emsp; &emsp;--- 06 Aug 13:19:01 318 - Element is displayed:: [[ChromeDriver: chrome on WINDOWS (bc08538aa04ca0fc5d583beb57eceede)] -> css selector: div[data-message-id='loginAsSystemMessage'] a]</small> </font> </div>
<div class="test-event"> <font color="maroon"> <small> &emsp; &emsp;--- 06 Aug 13:19:03 443 - Element is displayed:: [[ChromeDriver: chrome on WINDOWS (bc08538aa04ca0fc5d583beb57eceede)] -> css selector: div[data-message-id='loginAsSystemMessage'] a]</small> </font> </div>
<div class="test-event"> <font color="maroon"> <small> &emsp; &emsp;--- 06 Aug 13:19:06 247 - Page URL:: https://i-car--staging.sandbox.my.salesforce.com/</small> </font> </div>
<div class="test-event"> <font color="maroon"> <small> &emsp; &emsp;--- 06 Aug 13:19:06 247 - <b>0</b> - Page Load Wait: (Sync) - ICar.support.Utils.waitForPageLoad(Utils.java:109)</small> </font> </div>
<div class="test-event"> <font color="maroon"> <small> &emsp; &emsp;--- 06 Aug 13:19:06 475 - Page URL:: https://i-car--staging.sandbox.my.salesforce.com/</small> </font> </div>
<div class="test-event"> <font color="maroon"> <small> &emsp; &emsp;--- 06 Aug 13:19:06 475 - <b>0</b> - Page Load Wait: (Sync) - ICar.support.Utils.waitForPageLoad(Utils.java:109)</small> </font> </div>
<div class="test-message">&emsp;Successfully navigated to 'Login' Page&emsp;<a href=".\ScreenShot\ICar_VR_TC32_708392121041900.png" target="_blank" >[ScreenShot]</a></div>
<div class="test-message">&emsp;Login page is launched.</div>
<div class="test-event"> <font color="maroon"> <small> &emsp; &emsp;--- 06 Aug 13:19:06 905 - Element is displayed:: [[ChromeDriver: chrome on WINDOWS (bc08538aa04ca0fc5d583beb57eceede)] -> id: username]</small> </font> </div>
<div class="test-event"> <font color="maroon"> <small> &emsp; &emsp;--- 06 Aug 13:19:06 964 - Element is displayed:: [[ChromeDriver: chrome on WINDOWS (bc08538aa04ca0fc5d583beb57eceede)] -> id: username]</small> </font> </div>
<div class="test-event"> <font color="maroon"> <small> &emsp; &emsp;--- 06 Aug 13:19:07 297 - Element is displayed:: [[ChromeDriver: chrome on WINDOWS (bc08538aa04ca0fc5d583beb57eceede)] -> id: password]</small> </font> </div>
<div class="test-event"> <font color="maroon"> <small> &emsp; &emsp;--- 06 Aug 13:19:07 498 - Element is displayed:: [[ChromeDriver: chrome on WINDOWS (bc08538aa04ca0fc5d583beb57eceede)] -> id: Login]</small> </font> </div>
<div class="test-event"> <font color="maroon"> <small> &emsp; &emsp;--- 06 Aug 13:19:25 213 - Catched spinner load exception due to Expected condition failed: waiting for ICar.support.WaitUtils$4@4ccdc1df (tried for 13 second(s) with 500 milliseconds interval)</small> </font> </div>
<div class="test-event"> <font color="maroon"> <small> &emsp; &emsp;--- 06 Aug 13:19:25 213 - <b>13</b> - Spinner Load Wait: (Sync) - ICar.support.WaitUtils.waitForSpinner(WaitUtils.java:225)</small> </font> </div>
<div class="test-event"> <font color="maroon"> <small> &emsp; &emsp;--- 06 Aug 13:19:42 084 - Catched spinner load exception due to Expected condition failed: waiting for ICar.support.WaitUtils$4@4ccdc1df (tried for 6 second(s) with 500 milliseconds interval)</small> </font> </div>
<div class="test-event"> <font color="maroon"> <small> &emsp; &emsp;--- 06 Aug 13:19:42 085 - <b>6</b> - Spinner Load Wait: (Sync) - ICar.support.WaitUtils.waitForSpinner(WaitUtils.java:225)</small> </font> </div>
<div class="test-event"> <font color="maroon"> <small> &emsp; &emsp;--- 06 Aug 13:19:42 147 - Element is displayed:: [[ChromeDriver: chrome on WINDOWS (bc08538aa04ca0fc5d583beb57eceede)] -> css selector: button[class*='search-button']]</small> </font> </div>
<div class="test-message">&emsp;Navigate to 'SalesForce Page'</div>
<div class="test-event"> <font color="maroon"> <small> &emsp; &emsp;--- 06 Aug 13:19:42 281 - Page URL:: https://i-car--staging.sandbox.lightning.force.com/lightning/page/home</small> </font> </div>
<div class="test-event"> <font color="maroon"> <small> &emsp; &emsp;--- 06 Aug 13:19:42 281 - <b>0</b> - Page Load Wait: (Sync) - ICar.support.Utils.waitForPageLoad(Utils.java:109)</small> </font> </div>
<div class="test-event"> <font color="maroon"> <small> &emsp; &emsp;--- 06 Aug 13:19:47 446 - Page URL:: https://i-car--staging.sandbox.lightning.force.com/lightning/page/home</small> </font> </div>
<div class="test-event"> <font color="maroon"> <small> &emsp; &emsp;--- 06 Aug 13:19:47 446 - <b>0</b> - Page Load Wait: (Sync) - ICar.support.Utils.waitForPageLoad(Utils.java:109)</small> </font> </div>
<div class="test-message">&emsp;Close the tab</div>
<div class="test-message">&emsp;Execute the SQL: WS.run();</div>
<div class="test-event"> <font color="maroon"> <small> &emsp; &emsp;--- 06 Aug 13:19:58 864 - Page URL:: https://i-car--staging.sandbox.lightning.force.com/lightning/page/home</small> </font> </div>
<div class="test-event"> <font color="maroon"> <small> &emsp; &emsp;--- 06 Aug 13:19:58 864 - <b>0</b> - Page Load Wait: (Sync) - ICar.support.Utils.waitForPageLoad(Utils.java:109)</small> </font> </div>
<div class="test-event"> <font color="maroon"> <small> &emsp; &emsp;--- 06 Aug 13:19:58 982 - Page URL:: https://i-car--staging.sandbox.lightning.force.com/lightning/page/home</small> </font> </div>
<div class="test-event"> <font color="maroon"> <small> &emsp; &emsp;--- 06 Aug 13:19:58 982 - <b>0</b> - Page Load Wait: (Sync) - ICar.support.Utils.waitForPageLoad(Utils.java:109)</small> </font> </div>
<div class="test-event"> <font color="maroon"> <small> &emsp; &emsp;--- 06 Aug 13:19:59 021 - Element is displayed:: [[ChromeDriver: chrome on WINDOWS (bc08538aa04ca0fc5d583beb57eceede)] -> xpath: //ul[@class='slds-global-actions']//div[@class='setupGear']]</small> </font> </div>
<div class="test-event"> <font color="maroon"> <small> &emsp; &emsp;--- 06 Aug 13:20:01 139 - Element is displayed:: [[ChromeDriver: chrome on WINDOWS (bc08538aa04ca0fc5d583beb57eceede)] -> xpath: //ul[@class='slds-global-actions']//div[@class='setupGear']]</small> </font> </div>
<div class="test-event"> <font color="maroon"> <small> &emsp; &emsp;--- 06 Aug 13:20:27 001 - Element is displayed:: [[ChromeDriver: chrome on WINDOWS (bc08538aa04ca0fc5d583beb57eceede)] -> xpath: //span[text()='Debug']/parent::button]</small> </font> </div>
<div class="test-event"> <font color="maroon"> <small> &emsp; &emsp;--- 06 Aug 13:20:27 108 - Element is displayed:: [[ChromeDriver: chrome on WINDOWS (bc08538aa04ca0fc5d583beb57eceede)] -> xpath: //div[text()='Open Execute Anonymous Window']]</small> </font> </div>
<div class="test-event"> <font color="maroon"> <small> &emsp; &emsp;--- 06 Aug 13:20:43 582 - Element is displayed:: [[ChromeDriver: chrome on WINDOWS (bc08538aa04ca0fc5d583beb57eceede)] -> xpath: //span[text()='Execute']]</small> </font> </div>
<div class="test-message">&emsp;Clicked on execute button</div>
<div class="test-message">&emsp;Execute the SQL: DoceboSync.run();</div>
<div class="test-event"> <font color="maroon"> <small> &emsp; &emsp;--- 06 Aug 13:22:50 114 - Page URL:: https://i-car--staging.sandbox.lightning.force.com/lightning/page/home</small> </font> </div>
<div class="test-event"> <font color="maroon"> <small> &emsp; &emsp;--- 06 Aug 13:22:50 114 - <b>0</b> - Page Load Wait: (Sync) - ICar.support.Utils.waitForPageLoad(Utils.java:109)</small> </font> </div>
<div class="test-event"> <font color="maroon"> <small> &emsp; &emsp;--- 06 Aug 13:22:50 227 - Page URL:: https://i-car--staging.sandbox.lightning.force.com/lightning/page/home</small> </font> </div>
<div class="test-event"> <font color="maroon"> <small> &emsp; &emsp;--- 06 Aug 13:22:50 227 - <b>0</b> - Page Load Wait: (Sync) - ICar.support.Utils.waitForPageLoad(Utils.java:109)</small> </font> </div>
<div class="test-event"> <font color="maroon"> <small> &emsp; &emsp;--- 06 Aug 13:22:50 264 - Element is displayed:: [[ChromeDriver: chrome on WINDOWS (bc08538aa04ca0fc5d583beb57eceede)] -> xpath: //ul[@class='slds-global-actions']//div[@class='setupGear']]</small> </font> </div>
<div class="test-event"> <font color="maroon"> <small> &emsp; &emsp;--- 06 Aug 13:22:52 355 - Element is displayed:: [[ChromeDriver: chrome on WINDOWS (bc08538aa04ca0fc5d583beb57eceede)] -> xpath: //ul[@class='slds-global-actions']//div[@class='setupGear']]</small> </font> </div>
<div class="test-event"> <font color="maroon"> <small> &emsp; &emsp;--- 06 Aug 13:23:15 172 - Element is displayed:: [[ChromeDriver: chrome on WINDOWS (bc08538aa04ca0fc5d583beb57eceede)] -> xpath: //span[text()='Debug']/parent::button]</small> </font> </div>
<div class="test-event"> <font color="maroon"> <small> &emsp; &emsp;--- 06 Aug 13:23:15 271 - Element is displayed:: [[ChromeDriver: chrome on WINDOWS (bc08538aa04ca0fc5d583beb57eceede)] -> xpath: //div[text()='Open Execute Anonymous Window']]</small> </font> </div>
<div class="test-event"> <font color="maroon"> <small> &emsp; &emsp;--- 06 Aug 13:23:31 613 - Element is displayed:: [[ChromeDriver: chrome on WINDOWS (bc08538aa04ca0fc5d583beb57eceede)] -> xpath: //span[text()='Execute']]</small> </font> </div>
<div class="test-message">&emsp;Clicked on execute button</div>
<div class="test-event"> <font color="maroon"> <small> &emsp; &emsp;--- 06 Aug 13:25:37 254 - Catched spinner load exception due to Expected condition failed: waiting for ICar.support.WaitUtils$4@4ccdc1df (tried for 5 second(s) with 500 milliseconds interval)</small> </font> </div>
<div class="test-event"> <font color="maroon"> <small> &emsp; &emsp;--- 06 Aug 13:25:37 254 - <b>5</b> - Spinner Load Wait: (Sync) - ICar.support.WaitUtils.waitForSpinner(WaitUtils.java:225)</small> </font> </div>
<div class="test-event"> <font color="maroon"> <small> &emsp; &emsp;--- 06 Aug 13:25:37 374 - Page URL:: https://i-car--staging.sandbox.lightning.force.com/lightning/page/home</small> </font> </div>
<div class="test-event"> <font color="maroon"> <small> &emsp; &emsp;--- 06 Aug 13:25:37 374 - <b>0</b> - Page Load Wait: (Sync) - ICar.support.Utils.waitForPageLoad(Utils.java:109)</small> </font> </div>
<div class="test-event"> <font color="maroon"> <small> &emsp; &emsp;--- 06 Aug 13:25:37 435 - Element is displayed:: [[ChromeDriver: chrome on WINDOWS (bc08538aa04ca0fc5d583beb57eceede)] -> xpath: //div[contains(@class,'appLauncher ')]//button]</small> </font> </div>
<div class="test-event"> <font color="maroon"> <small> &emsp; &emsp;--- 06 Aug 13:25:37 490 - Element is displayed:: [[ChromeDriver: chrome on WINDOWS (bc08538aa04ca0fc5d583beb57eceede)] -> xpath: //div[contains(@class,'appLauncher ')]//button]</small> </font> </div>
<div class="test-message">&emsp;Clicked on App launcher icon</div>
<div class="test-event"> <font color="maroon"> <small> &emsp; &emsp;--- 06 Aug 13:25:38 699 - Element is displayed:: [[ChromeDriver: chrome on WINDOWS (bc08538aa04ca0fc5d583beb57eceede)] -> xpath: //input[@placeholder='Search apps and items...']]</small> </font> </div>
<div class="test-event"> <font color="maroon"> <small> &emsp; &emsp;--- 06 Aug 13:25:38 789 - Element is displayed:: [[ChromeDriver: chrome on WINDOWS (bc08538aa04ca0fc5d583beb57eceede)] -> xpath: //input[@placeholder='Search apps and items...']]</small> </font> </div>
<div class="test-event"> <font color="maroon"> <small> &emsp; &emsp;--- 06 Aug 13:26:02 144 - Element is displayed:: [[ChromeDriver: chrome on WINDOWS (bc08538aa04ca0fc5d583beb57eceede)] -> xpath: //lightning-formatted-rich-text/span/p/b[text()='I-CAR Service Console']]</small> </font> </div>
<div class="test-event"> <font color="maroon"> <small> &emsp; &emsp;--- 06 Aug 13:26:05 190 - Element is displayed:: [[ChromeDriver: chrome on WINDOWS (bc08538aa04ca0fc5d583beb57eceede)] -> xpath: //lightning-formatted-rich-text/span/p/b[text()='I-CAR Service Console']]</small> </font> </div>
<div class="test-event"> <font color="maroon"> <small> &emsp; &emsp;--- 06 Aug 13:26:05 337 - Page URL:: https://i-car--staging.sandbox.lightning.force.com/lightning/page/home</small> </font> </div>
<div class="test-event"> <font color="maroon"> <small> &emsp; &emsp;--- 06 Aug 13:26:05 337 - <b>0</b> - Page Load Wait: (Sync) - ICar.support.Utils.waitForPageLoad(Utils.java:109)</small> </font> </div>
<div class="test-event"> <font color="maroon"> <small> &emsp; &emsp;--- 06 Aug 13:26:05 454 - Page URL:: https://i-car--staging.sandbox.lightning.force.com/lightning/page/home</small> </font> </div>
<div class="test-event"> <font color="maroon"> <small> &emsp; &emsp;--- 06 Aug 13:26:05 454 - <b>0</b> - Page Load Wait: (Sync) - ICar.support.Utils.waitForPageLoad(Utils.java:109)</small> </font> </div>
<div class="test-event"> <font color="maroon"> <small> &emsp; &emsp;--- 06 Aug 13:26:05 583 - Page URL:: https://i-car--staging.sandbox.lightning.force.com/lightning/page/home</small> </font> </div>
<div class="test-event"> <font color="maroon"> <small> &emsp; &emsp;--- 06 Aug 13:26:05 583 - <b>0</b> - Page Load Wait: (Sync) - ICar.support.Utils.waitForPageLoad(Utils.java:109)</small> </font> </div>
<div class="test-event"> <font color="maroon"> <small> &emsp; &emsp;--- 06 Aug 13:26:11 367 - Page URL:: https://i-car--staging.sandbox.lightning.force.com/lightning/o/account/list?filtername=00b1i000007mf4quaa</small> </font> </div>
<div class="test-event"> <font color="maroon"> <small> &emsp; &emsp;--- 06 Aug 13:26:11 368 - <b>0</b> - Page Load Wait: (Sync) - ICar.support.Utils.waitForPageLoad(Utils.java:109)</small> </font> </div>
<div class="test-message">&emsp;Close the tab</div>
<div class="test-event"> <font color="maroon"> <small> &emsp; &emsp;--- 06 Aug 13:26:16 996 - Page URL:: https://i-car--staging.sandbox.lightning.force.com/lightning/o/account/list?filtername=00b1i000007mf4quaa</small> </font> </div>
<div class="test-event"> <font color="maroon"> <small> &emsp; &emsp;--- 06 Aug 13:26:16 996 - <b>0</b> - Page Load Wait: (Sync) - ICar.support.Utils.waitForPageLoad(Utils.java:109)</small> </font> </div>
<div class="test-event"> <font color="maroon"> <small> &emsp; &emsp;--- 06 Aug 13:26:17 036 - Element is displayed:: [[ChromeDriver: chrome on WINDOWS (bc08538aa04ca0fc5d583beb57eceede)] -> css selector: button[class*='search-button']]</small> </font> </div>
<div class="test-event"> <font color="maroon"> <small> &emsp; &emsp;--- 06 Aug 13:26:19 147 - Catched spinner load exception due to Expected condition failed: waiting for ICar.support.WaitUtils$4@4ccdc1df (tried for 2 second(s) with 500 milliseconds interval)</small> </font> </div>
<div class="test-event"> <font color="maroon"> <small> &emsp; &emsp;--- 06 Aug 13:26:19 147 - <b>2</b> - Spinner Load Wait: (Sync) - ICar.support.WaitUtils.waitForSpinner(WaitUtils.java:225)</small> </font> </div>
<div class="test-event"> <font color="maroon"> <small> &emsp; &emsp;--- 06 Aug 13:26:22 243 - Element is displayed:: [[ChromeDriver: chrome on WINDOWS (bc08538aa04ca0fc5d583beb57eceede)] -> css selector: button[class*='search-button']]</small> </font> </div>
<div class="test-event"> <font color="maroon"> <small> &emsp; &emsp;--- 06 Aug 13:26:22 860 - Page URL:: https://i-car--staging.sandbox.lightning.force.com/lightning/o/account/list?filtername=00b1i000007mf4quaa</small> </font> </div>
<div class="test-event"> <font color="maroon"> <small> &emsp; &emsp;--- 06 Aug 13:26:22 860 - <b>0</b> - Page Load Wait: (Sync) - ICar.support.Utils.waitForPageLoad(Utils.java:109)</small> </font> </div>
<div class="test-event"> <font color="maroon"> <small> &emsp; &emsp;--- 06 Aug 13:26:42 254 - Catched spinner load exception due to Expected condition failed: waiting for ICar.support.WaitUtils$4@4ccdc1df (tried for 10 second(s) with 500 milliseconds interval)</small> </font> </div>
<div class="test-event"> <font color="maroon"> <small> &emsp; &emsp;--- 06 Aug 13:26:42 254 - <b>10</b> - Spinner Load Wait: (Sync) - ICar.support.WaitUtils.waitForSpinner(WaitUtils.java:225)</small> </font> </div>
<div class="test-event"> <font color="maroon"> <small> &emsp; &emsp;--- 06 Aug 13:26:42 898 - Page URL:: https://i-car--staging.sandbox.lightning.force.com/one/one.app#eyjjb21wb25lbnrezwyioijmb3jjzvnlyxjjadpzzwfyy2hqywdlrgvza3rvccisimf0dhjpynv0zxmionsidgvybsi6ijmxmjizmzeilcjzy29wzu1hcci6eyj0exblijoive9qx1jfu1vmvfmilcjuyw1lc3bhy2uioiiilcjsywjlbci6ilrvccbszxn1bhrziiwibgfizwxqbhvyywwioijub3agumvzdwx0cyisinjlc3vsdhndbxaioijmb3jjzvnlyxjjadpwcmvkawn0zwrszxn1bhrzin0simnvbnrlehqionsirklmvevsuyi6e30sinnlyxjjafnvdxjjzsi6ikftu0ltvefovf9esufmt0cilcjkaxnhymxlsw50zw50uxvlcnkiomzhbhnllcjkaxnhymxlu3blbgxdb3jyzwn0aw9uijpmywxzzswic2vhcmnorglhbg9nu2vzc2lvbklkijoinza2ytm1y2itmdk4yi1jzwnmltkxmgutmtrjota4zdfhmjzmiiwizgvidwdjbmzvijp7imfwce5hbwuioijjq2fyx1nlcnzpy2vfq29uc29szsisimfwcfr5cguioijdb25zb2xliiwiyxbwtmftzxnwywnlijoiyyisimxvy2f0aw9uijoizm9yy2u6b2jqzwn0sg9tzurlc2t0b3ailcjzb2jqzwn0vhlwzsi6ikfjy291bnqifx0simdyb3vwswqioijeruzbvuxuin0sinn0yxrlijp7fx0%3d</small> </font> </div>
<div class="test-event"> <font color="maroon"> <small> &emsp; &emsp;--- 06 Aug 13:26:42 898 - <b>0</b> - Page Load Wait: (Sync) - ICar.support.Utils.waitForPageLoad(Utils.java:109)</small> </font> </div>
<div class="test-event"> <font color="maroon"> <small> &emsp; &emsp;--- 06 Aug 13:26:53 972 - Catched spinner load exception due to Expected condition failed: waiting for ICar.support.WaitUtils$4@4ccdc1df (tried for 11 second(s) with 500 milliseconds interval)</small> </font> </div>
<div class="test-event"> <font color="maroon"> <small> &emsp; &emsp;--- 06 Aug 13:26:53 972 - <b>11</b> - Spinner Load Wait: (Sync) - ICar.support.WaitUtils.waitForSpinner(WaitUtils.java:225)</small> </font> </div>
<div class="test-event"> <font color="maroon"> <small> &emsp; &emsp;--- 06 Aug 13:26:54 624 - Page URL:: https://i-car--staging.sandbox.lightning.force.com/one/one.app#eyjjb21wb25lbnrezwyioijmb3jjzvnlyxjjadpzzwfyy2hqywdlrgvza3rvccisimf0dhjpynv0zxmionsidgvybsi6ijmxmjizmzeilcjzy29wzu1hcci6eyj0exblijoive9qx1jfu1vmvfmilcjuyw1lc3bhy2uioiiilcjsywjlbci6ilrvccbszxn1bhrziiwibgfizwxqbhvyywwioijub3agumvzdwx0cyisinjlc3vsdhndbxaioijmb3jjzvnlyxjjadpwcmvkawn0zwrszxn1bhrzin0simnvbnrlehqionsirklmvevsuyi6e30sinnlyxjjafnvdxjjzsi6ikftu0ltvefovf9esufmt0cilcjkaxnhymxlsw50zw50uxvlcnkiomzhbhnllcjkaxnhymxlu3blbgxdb3jyzwn0aw9uijpmywxzzswic2vhcmnorglhbg9nu2vzc2lvbklkijoinza2ytm1y2itmdk4yi1jzwnmltkxmgutmtrjota4zdfhmjzmiiwizgvidwdjbmzvijp7imfwce5hbwuioijjq2fyx1nlcnzpy2vfq29uc29szsisimfwcfr5cguioijdb25zb2xliiwiyxbwtmftzxnwywnlijoiyyisimxvy2f0aw9uijoizm9yy2u6b2jqzwn0sg9tzurlc2t0b3ailcjzb2jqzwn0vhlwzsi6ikfjy291bnqifx0simdyb3vwswqioijeruzbvuxuin0sinn0yxrlijp7fx0%3d</small> </font> </div>
<div class="test-event"> <font color="maroon"> <small> &emsp; &emsp;--- 06 Aug 13:26:54 624 - <b>0</b> - Page Load Wait: (Sync) - ICar.support.Utils.waitForPageLoad(Utils.java:109)</small> </font> </div>
<div class="test-event"> <font color="maroon"> <small> &emsp; &emsp;--- 06 Aug 13:26:54 675 - Element is displayed:: [[ChromeDriver: chrome on WINDOWS (bc08538aa04ca0fc5d583beb57eceede)] -> xpath: //a[@title='Top Results']//span[text()='Top Results']]</small> </font> </div>
<div class="test-event"> <font color="maroon"> <small> &emsp; &emsp;--- 06 Aug 13:26:55 295 - Page URL:: https://i-car--staging.sandbox.lightning.force.com/one/one.app#eyjjb21wb25lbnrezwyioijmb3jjzvnlyxjjadpzzwfyy2hqywdlrgvza3rvccisimf0dhjpynv0zxmionsidgvybsi6ijmxmjizmzeilcjzy29wzu1hcci6eyj0exblijoive9qx1jfu1vmvfmilcjuyw1lc3bhy2uioiiilcjsywjlbci6ilrvccbszxn1bhrziiwibgfizwxqbhvyywwioijub3agumvzdwx0cyisinjlc3vsdhndbxaioijmb3jjzvnlyxjjadpwcmvkawn0zwrszxn1bhrzin0simnvbnrlehqionsirklmvevsuyi6e30sinnlyxjjafnvdxjjzsi6ikftu0ltvefovf9esufmt0cilcjkaxnhymxlsw50zw50uxvlcnkiomzhbhnllcjkaxnhymxlu3blbgxdb3jyzwn0aw9uijpmywxzzswic2vhcmnorglhbg9nu2vzc2lvbklkijoinza2ytm1y2itmdk4yi1jzwnmltkxmgutmtrjota4zdfhmjzmiiwizgvidwdjbmzvijp7imfwce5hbwuioijjq2fyx1nlcnzpy2vfq29uc29szsisimfwcfr5cguioijdb25zb2xliiwiyxbwtmftzxnwywnlijoiyyisimxvy2f0aw9uijoizm9yy2u6b2jqzwn0sg9tzurlc2t0b3ailcjzb2jqzwn0vhlwzsi6ikfjy291bnqifx0simdyb3vwswqioijeruzbvuxuin0sinn0yxrlijp7fx0%3d</small> </font> </div>
<div class="test-event"> <font color="maroon"> <small> &emsp; &emsp;--- 06 Aug 13:26:55 295 - <b>0</b> - Page Load Wait: (Sync) - ICar.support.Utils.waitForPageLoad(Utils.java:109)</small> </font> </div>
<div class="test-event"> <font color="maroon"> <small> &emsp; &emsp;--- 06 Aug 13:27:00 386 - Catched spinner load exception due to Expected condition failed: waiting for ICar.support.WaitUtils$4@4ccdc1df (tried for 5 second(s) with 500 milliseconds interval)</small> </font> </div>
<div class="test-event"> <font color="maroon"> <small> &emsp; &emsp;--- 06 Aug 13:27:00 386 - <b>5</b> - Spinner Load Wait: (Sync) - ICar.support.WaitUtils.waitForSpinner(WaitUtils.java:225)</small> </font> </div>
<div class="test-event"> <font color="maroon"> <small> &emsp; &emsp;--- 06 Aug 13:27:00 971 - Page URL:: https://i-car--staging.sandbox.lightning.force.com/one/one.app#eyjjb21wb25lbnrezwyioijmb3jjzvnlyxjjadpzzwfyy2hqywdlrgvza3rvccisimf0dhjpynv0zxmionsidgvybsi6ijmxmjizmzeilcjzy29wzu1hcci6eyj0exblijoive9qx1jfu1vmvfmilcjuyw1lc3bhy2uioiiilcjsywjlbci6ilrvccbszxn1bhrziiwibgfizwxqbhvyywwioijub3agumvzdwx0cyisinjlc3vsdhndbxaioijmb3jjzvnlyxjjadpwcmvkawn0zwrszxn1bhrzin0simnvbnrlehqionsirklmvevsuyi6e30sinnlyxjjafnvdxjjzsi6ikftu0ltvefovf9esufmt0cilcjkaxnhymxlsw50zw50uxvlcnkiomzhbhnllcjkaxnhymxlu3blbgxdb3jyzwn0aw9uijpmywxzzswic2vhcmnorglhbg9nu2vzc2lvbklkijoinza2ytm1y2itmdk4yi1jzwnmltkxmgutmtrjota4zdfhmjzmiiwizgvidwdjbmzvijp7imfwce5hbwuioijjq2fyx1nlcnzpy2vfq29uc29szsisimfwcfr5cguioijdb25zb2xliiwiyxbwtmftzxnwywnlijoiyyisimxvy2f0aw9uijoizm9yy2u6b2jqzwn0sg9tzurlc2t0b3ailcjzb2jqzwn0vhlwzsi6ikfjy291bnqifx0simdyb3vwswqioijeruzbvuxuin0sinn0yxrlijp7fx0%3d</small> </font> </div>
<div class="test-event"> <font color="maroon"> <small> &emsp; &emsp;--- 06 Aug 13:27:00 971 - <b>0</b> - Page Load Wait: (Sync) - ICar.support.Utils.waitForPageLoad(Utils.java:109)</small> </font> </div>
<div class="test-event"> <font color="maroon"> <small> &emsp; &emsp;--- 06 Aug 13:27:01 577 - Page URL:: https://i-car--staging.sandbox.lightning.force.com/one/one.app#eyjjb21wb25lbnrezwyioijmb3jjzvnlyxjjadpzzwfyy2hqywdlrgvza3rvccisimf0dhjpynv0zxmionsidgvybsi6ijmxmjizmzeilcjzy29wzu1hcci6eyj0exblijoive9qx1jfu1vmvfmilcjuyw1lc3bhy2uioiiilcjsywjlbci6ilrvccbszxn1bhrziiwibgfizwxqbhvyywwioijub3agumvzdwx0cyisinjlc3vsdhndbxaioijmb3jjzvnlyxjjadpwcmvkawn0zwrszxn1bhrzin0simnvbnrlehqionsirklmvevsuyi6e30sinnlyxjjafnvdxjjzsi6ikftu0ltvefovf9esufmt0cilcjkaxnhymxlsw50zw50uxvlcnkiomzhbhnllcjkaxnhymxlu3blbgxdb3jyzwn0aw9uijpmywxzzswic2vhcmnorglhbg9nu2vzc2lvbklkijoinza2ytm1y2itmdk4yi1jzwnmltkxmgutmtrjota4zdfhmjzmiiwizgvidwdjbmzvijp7imfwce5hbwuioijjq2fyx1nlcnzpy2vfq29uc29szsisimfwcfr5cguioijdb25zb2xliiwiyxbwtmftzxnwywnlijoiyyisimxvy2f0aw9uijoizm9yy2u6b2jqzwn0sg9tzurlc2t0b3ailcjzb2jqzwn0vhlwzsi6ikfjy291bnqifx0simdyb3vwswqioijeruzbvuxuin0sinn0yxrlijp7fx0%3d</small> </font> </div>
<div class="test-event"> <font color="maroon"> <small> &emsp; &emsp;--- 06 Aug 13:27:01 577 - <b>0</b> - Page Load Wait: (Sync) - ICar.support.Utils.waitForPageLoad(Utils.java:109)</small> </font> </div>
<div class="test-event"> <font color="maroon"> <small> &emsp; &emsp;--- 06 Aug 13:27:02 279 - Page URL:: https://i-car--staging.sandbox.lightning.force.com/one/one.app#eyjjb21wb25lbnrezwyioijmb3jjzvnlyxjjadpzzwfyy2hqywdlrgvza3rvccisimf0dhjpynv0zxmionsidgvybsi6ijmxmjizmzeilcjzy29wzu1hcci6eyj0exblijoive9qx1jfu1vmvfmilcjuyw1lc3bhy2uioiiilcjsywjlbci6ilrvccbszxn1bhrziiwibgfizwxqbhvyywwioijub3agumvzdwx0cyisinjlc3vsdhndbxaioijmb3jjzvnlyxjjadpwcmvkawn0zwrszxn1bhrzin0simnvbnrlehqionsirklmvevsuyi6e30sinnlyxjjafnvdxjjzsi6ikftu0ltvefovf9esufmt0cilcjkaxnhymxlsw50zw50uxvlcnkiomzhbhnllcjkaxnhymxlu3blbgxdb3jyzwn0aw9uijpmywxzzswic2vhcmnorglhbg9nu2vzc2lvbklkijoinza2ytm1y2itmdk4yi1jzwnmltkxmgutmtrjota4zdfhmjzmiiwizgvidwdjbmzvijp7imfwce5hbwuioijjq2fyx1nlcnzpy2vfq29uc29szsisimfwcfr5cguioijdb25zb2xliiwiyxbwtmftzxnwywnlijoiyyisimxvy2f0aw9uijoizm9yy2u6b2jqzwn0sg9tzurlc2t0b3ailcjzb2jqzwn0vhlwzsi6ikfjy291bnqifx0simdyb3vwswqioijeruzbvuxuin0sinn0yxrlijp7fx0%3d</small> </font> </div>
<div class="test-event"> <font color="maroon"> <small> &emsp; &emsp;--- 06 Aug 13:27:02 279 - <b>0</b> - Page Load Wait: (Sync) - ICar.support.Utils.waitForPageLoad(Utils.java:109)</small> </font> </div>
<div class="test-event"> <font color="maroon"> <small> &emsp; &emsp;--- 06 Aug 13:27:10 596 - Catched spinner load exception due to Expected condition failed: waiting for ICar.support.WaitUtils$4@4ccdc1df (tried for 8 second(s) with 500 milliseconds interval)</small> </font> </div>
<div class="test-event"> <font color="maroon"> <small> &emsp; &emsp;--- 06 Aug 13:27:10 596 - <b>8</b> - Spinner Load Wait: (Sync) - ICar.support.WaitUtils.waitForSpinner(WaitUtils.java:225)</small> </font> </div>
<div class="test-event"> <font color="maroon"> <small> &emsp; &emsp;--- 06 Aug 13:27:11 166 - Page URL:: https://i-car--staging.sandbox.lightning.force.com/one/one.app#eyjjb21wb25lbnrezwyioijmb3jjzvnlyxjjadpzzwfyy2hqywdlrgvza3rvccisimf0dhjpynv0zxmionsidgvybsi6ijmxmjizmzeilcjzy29wzu1hcci6eyj0exblijoive9qx1jfu1vmvfmilcjuyw1lc3bhy2uioiiilcjsywjlbci6ilrvccbszxn1bhrziiwibgfizwxqbhvyywwioijub3agumvzdwx0cyisinjlc3vsdhndbxaioijmb3jjzvnlyxjjadpwcmvkawn0zwrszxn1bhrzin0simnvbnrlehqionsirklmvevsuyi6e30sinnlyxjjafnvdxjjzsi6ikftu0ltvefovf9esufmt0cilcjkaxnhymxlsw50zw50uxvlcnkiomzhbhnllcjkaxnhymxlu3blbgxdb3jyzwn0aw9uijpmywxzzswic2vhcmnorglhbg9nu2vzc2lvbklkijoinza2ytm1y2itmdk4yi1jzwnmltkxmgutmtrjota4zdfhmjzmiiwizgvidwdjbmzvijp7imfwce5hbwuioijjq2fyx1nlcnzpy2vfq29uc29szsisimfwcfr5cguioijdb25zb2xliiwiyxbwtmftzxnwywnlijoiyyisimxvy2f0aw9uijoizm9yy2u6b2jqzwn0sg9tzurlc2t0b3ailcjzb2jqzwn0vhlwzsi6ikfjy291bnqifx0simdyb3vwswqioijeruzbvuxuin0sinn0yxrlijp7fx0%3d</small> </font> </div>
<div class="test-event"> <font color="maroon"> <small> &emsp; &emsp;--- 06 Aug 13:27:11 166 - <b>0</b> - Page Load Wait: (Sync) - ICar.support.Utils.waitForPageLoad(Utils.java:109)</small> </font> </div>
<div class="test-event"> <font color="maroon"> <small> &emsp; &emsp;--- 06 Aug 13:27:13 265 - Element is displayed:: [[ChromeDriver: chrome on WINDOWS (bc08538aa04ca0fc5d583beb57eceede)] -> xpath: //div[contains(@class,'forceSearchResultsRegion')]//div[contains(@class,'resultsMultiWrapper')]/div/div[1]//following::h2//a]</small> </font> </div>
<div class="test-event"> <font color="maroon"> <small> &emsp; &emsp;--- 06 Aug 13:27:28 526 - Element is displayed:: [[ChromeDriver: chrome on WINDOWS (bc08538aa04ca0fc5d583beb57eceede)] -> xpath: //a[text()='Contacts']]</small> </font> </div>
<div class="test-event"> <font color="maroon"> <small> &emsp; &emsp;--- 06 Aug 13:27:44 675 - Element is displayed:: [[ChromeDriver: chrome on WINDOWS (bc08538aa04ca0fc5d583beb57eceede)] -> xpath: //div[text()='Contacts']//following :: table//tbody//td[5]//span//span]</small> </font> </div>
<div class="test-event"> <font color="maroon"> <small> &emsp; &emsp;--- 06 Aug 13:27:44 751 - Element is displayed:: [[ChromeDriver: chrome on WINDOWS (bc08538aa04ca0fc5d583beb57eceede)] -> xpath: //div[text()='Contacts']//following :: table//tbody//th//span /a]</small> </font> </div>
<div class="test-event"> <font color="maroon"> <small> &emsp; &emsp;--- 06 Aug 13:28:00 482 - Page URL:: https://i-car--staging.sandbox.lightning.force.com/lightning/r/contact/0038w00002iyumiqa1/view</small> </font> </div>
<div class="test-event"> <font color="maroon"> <small> &emsp; &emsp;--- 06 Aug 13:28:00 483 - <b>0</b> - Page Load Wait: (Sync) - ICar.support.Utils.waitForPageLoad(Utils.java:109)</small> </font> </div>
<div class="test-event"> <font color="maroon"> <small> &emsp; &emsp;--- 06 Aug 13:28:32 304 - Catched spinner load exception due to Expected condition failed: waiting for ICar.support.WaitUtils$4@4ccdc1df (tried for 5 second(s) with 500 milliseconds interval)</small> </font> </div>
<div class="test-event"> <font color="maroon"> <small> &emsp; &emsp;--- 06 Aug 13:28:32 304 - <b>5</b> - Spinner Load Wait: (Sync) - ICar.support.WaitUtils.waitForSpinner(WaitUtils.java:225)</small> </font> </div>
<div class="test-event"> <font color="maroon"> <small> &emsp; &emsp;--- 06 Aug 13:28:32 356 - Element is displayed:: [[ChromeDriver: chrome on WINDOWS (bc08538aa04ca0fc5d583beb57eceede)] -> xpath: //a[contains(text(),'Show All ')]]</small> </font> </div>
<div class="test-event"> <font color="maroon"> <small> &emsp; &emsp;--- 06 Aug 13:28:35 034 - Page URL:: https://i-car--staging.sandbox.lightning.force.com/lightning/r/contact/0038w00002iyumiqa1/view</small> </font> </div>
<div class="test-event"> <font color="maroon"> <small> &emsp; &emsp;--- 06 Aug 13:28:35 034 - <b>0</b> - Page Load Wait: (Sync) - ICar.support.Utils.waitForPageLoad(Utils.java:109)</small> </font> </div>
<div class="test-event"> <font color="maroon"> <small> &emsp; &emsp;--- 06 Aug 13:28:45 251 - Catched spinner load exception due to Expected condition failed: waiting for ICar.support.WaitUtils$4@4ccdc1df (tried for 10 second(s) with 500 milliseconds interval)</small> </font> </div>
<div class="test-event"> <font color="maroon"> <small> &emsp; &emsp;--- 06 Aug 13:28:45 251 - <b>10</b> - Spinner Load Wait: (Sync) - ICar.support.WaitUtils.waitForSpinner(WaitUtils.java:225)</small> </font> </div>
<div class="test-event"> <font color="maroon"> <small> &emsp; &emsp;--- 06 Aug 13:29:04 638 - Element is displayed:: [[ChromeDriver: chrome on WINDOWS (bc08538aa04ca0fc5d583beb57eceede)] -> xpath: //li[@class='rlql-relatedListQuickLink']//a]</small> </font> </div>
<div class="test-event"> <font color="maroon"> <small> &emsp; &emsp;--- 06 Aug 13:29:15 272 - Catched spinner load exception due to Expected condition failed: waiting for ICar.support.WaitUtils$4@4ccdc1df (tried for 10 second(s) with 500 milliseconds interval)</small> </font> </div>
<div class="test-event"> <font color="maroon"> <small> &emsp; &emsp;--- 06 Aug 13:29:15 272 - <b>10</b> - Spinner Load Wait: (Sync) - ICar.support.WaitUtils.waitForSpinner(WaitUtils.java:225)</small> </font> </div>
<div class="test-event"> <font color="maroon"> <small> &emsp; &emsp;--- 06 Aug 13:29:25 705 - Catched spinner load exception due to Expected condition failed: waiting for ICar.support.WaitUtils$4@4ccdc1df (tried for 10 second(s) with 500 milliseconds interval)</small> </font> </div>
<div class="test-event"> <font color="maroon"> <small> &emsp; &emsp;--- 06 Aug 13:29:25 705 - <b>10</b> - Spinner Load Wait: (Sync) - ICar.support.WaitUtils.waitForSpinner(WaitUtils.java:225)</small> </font> </div>
<div class="test-event"> <font color="maroon"> <small> &emsp; &emsp;--- 06 Aug 13:29:26 296 - Page URL:: https://i-car--staging.sandbox.lightning.force.com/lightning/r/contact/0038w00002iyumiqa1/related/enrollment_contact__r/view?ws=%2flightning%2fr%2fcontact%2f0038w00002iyumiqa1%2fview</small> </font> </div>
<div class="test-event"> <font color="maroon"> <small> &emsp; &emsp;--- 06 Aug 13:29:26 296 - <b>0</b> - Page Load Wait: (Sync) - ICar.support.Utils.waitForPageLoad(Utils.java:109)</small> </font> </div>
<div class="test-event"> <font color="maroon"> <small> &emsp; &emsp;--- 06 Aug 13:29:32 557 - Page URL:: https://i-car--staging.sandbox.lightning.force.com/lightning/r/contact/0038w00002iyumiqa1/related/enrollment_contact__r/view?ws=%2flightning%2fr%2fcontact%2f0038w00002iyumiqa1%2fview</small> </font> </div>
<div class="test-event"> <font color="maroon"> <small> &emsp; &emsp;--- 06 Aug 13:29:32 557 - <b>1</b> - Page Load Wait: (Sync) - ICar.support.Utils.waitForPageLoad(Utils.java:109)</small> </font> </div>
<div class="test-event"> <font color="maroon"> <small> &emsp; &emsp;--- 06 Aug 13:29:37 785 - Catched spinner load exception due to Expected condition failed: waiting for ICar.support.WaitUtils$4@4ccdc1df (tried for 5 second(s) with 500 milliseconds interval)</small> </font> </div>
<div class="test-event"> <font color="maroon"> <small> &emsp; &emsp;--- 06 Aug 13:29:37 786 - <b>5</b> - Spinner Load Wait: (Sync) - ICar.support.WaitUtils.waitForSpinner(WaitUtils.java:225)</small> </font> </div>
<div class="test-event"> <font color="maroon"> <small> &emsp; &emsp;--- 06 Aug 13:29:39 000 - Page URL:: https://i-car--staging.sandbox.lightning.force.com/lightning/r/contact/0038w00002iyumiqa1/related/enrollment_contact__r/view?ws=%2flightning%2fr%2fcontact%2f0038w00002iyumiqa1%2fview</small> </font> </div>
<div class="test-event"> <font color="maroon"> <small> &emsp; &emsp;--- 06 Aug 13:29:39 000 - <b>1</b> - Page Load Wait: (Sync) - ICar.support.Utils.waitForPageLoad(Utils.java:109)</small> </font> </div>
<div class="test-event"> <font color="maroon"> <small> &emsp; &emsp;--- 06 Aug 13:29:44 520 - Element is displayed:: [[ChromeDriver: chrome on WINDOWS (bc08538aa04ca0fc5d583beb57eceede)] -> xpath: //div[@class='slds-brand-band slds-brand-band_cover slds-brand-band_medium slds-template_default forceBrandBand']/div/div/lst-related-list-desktop/article/lst-related-list-view-manager/lst-common-list-internal/lst-list-view-manager-header/div/div[2]/div[3]//following::div[10]/table/tbody/tr/td[4]/lightning-primitive-cell-factory/span/div/lightning-primitive-custom-cell/formula-output-formula-html/lightning-formatted-rich-text/span]</small> </font> </div>
<div class="test-event"> <font color="maroon"> <small> &emsp; &emsp;--- 06 Aug 13:29:46 561 - Element is displayed:: [[ChromeDriver: chrome on WINDOWS (bc08538aa04ca0fc5d583beb57eceede)] -> xpath: //div[@class='slds-brand-band slds-brand-band_cover slds-brand-band_medium slds-template_default forceBrandBand']/div/div/lst-related-list-desktop/article/lst-related-list-view-manager/lst-common-list-internal/lst-list-view-manager-header/div/div[2]/div[3]//following::div[10]/table/tbody/tr/td[6]/lightning-primitive-cell-factory/span/div/lightning-primitive-custom-cell/lst-formatted-text]</small> </font> </div>
<div class="test-event"> <font color="maroon"> <small> &emsp; &emsp;--- 06 Aug 13:29:49 803 - Catched spinner load exception due to Expected condition failed: waiting for ICar.support.WaitUtils$4@4ccdc1df (tried for 3 second(s) with 500 milliseconds interval)</small> </font> </div>
<div class="test-event"> <font color="maroon"> <small> &emsp; &emsp;--- 06 Aug 13:29:49 803 - <b>3</b> - Spinner Load Wait: (Sync) - ICar.support.WaitUtils.waitForSpinner(WaitUtils.java:225)</small> </font> </div>
<div class="test-event"> <font color="maroon"> <small> &emsp; &emsp;--- 06 Aug 13:29:53 028 - Catched spinner load exception due to Expected condition failed: waiting for ICar.support.WaitUtils$4@4ccdc1df (tried for 3 second(s) with 500 milliseconds interval)</small> </font> </div>
<div class="test-event"> <font color="maroon"> <small> &emsp; &emsp;--- 06 Aug 13:29:53 028 - <b>3</b> - Spinner Load Wait: (Sync) - ICar.support.WaitUtils.waitForSpinner(WaitUtils.java:225)</small> </font> </div>
<div class="test-event"> <font color="maroon"> <small> &emsp; &emsp;--- 06 Aug 13:29:56 252 - Catched spinner load exception due to Expected condition failed: waiting for ICar.support.WaitUtils$4@4ccdc1df (tried for 3 second(s) with 500 milliseconds interval)</small> </font> </div>
<div class="test-event"> <font color="maroon"> <small> &emsp; &emsp;--- 06 Aug 13:29:56 252 - <b>3</b> - Spinner Load Wait: (Sync) - ICar.support.WaitUtils.waitForSpinner(WaitUtils.java:225)</small> </font> </div>
<div class="test-event"> <font color="maroon"> <small> &emsp; &emsp;--- 06 Aug 13:29:59 463 - Catched spinner load exception due to Expected condition failed: waiting for ICar.support.WaitUtils$4@4ccdc1df (tried for 3 second(s) with 500 milliseconds interval)</small> </font> </div>
<div class="test-event"> <font color="maroon"> <small> &emsp; &emsp;--- 06 Aug 13:29:59 463 - <b>3</b> - Spinner Load Wait: (Sync) - ICar.support.WaitUtils.waitForSpinner(WaitUtils.java:225)</small> </font> </div>
<div class="test-event"> <font color="maroon"> <small> &emsp; &emsp;--- 06 Aug 13:30:02 732 - Catched spinner load exception due to Expected condition failed: waiting for ICar.support.WaitUtils$4@4ccdc1df (tried for 3 second(s) with 500 milliseconds interval)</small> </font> </div>
<div class="test-event"> <font color="maroon"> <small> &emsp; &emsp;--- 06 Aug 13:30:02 732 - <b>3</b> - Spinner Load Wait: (Sync) - ICar.support.WaitUtils.waitForSpinner(WaitUtils.java:225)</small> </font> </div>
<div class="test-event"> <font color="maroon"> <small> &emsp; &emsp;--- 06 Aug 13:30:06 175 - Catched spinner load exception due to Expected condition failed: waiting for ICar.support.WaitUtils$4@4ccdc1df (tried for 3 second(s) with 500 milliseconds interval)</small> </font> </div>
<div class="test-event"> <font color="maroon"> <small> &emsp; &emsp;--- 06 Aug 13:30:06 175 - <b>3</b> - Spinner Load Wait: (Sync) - ICar.support.WaitUtils.waitForSpinner(WaitUtils.java:225)</small> </font> </div>
<div class="test-event"> <font color="maroon"> <small> &emsp; &emsp;--- 06 Aug 13:30:09 418 - Catched spinner load exception due to Expected condition failed: waiting for ICar.support.WaitUtils$4@4ccdc1df (tried for 3 second(s) with 500 milliseconds interval)</small> </font> </div>
<div class="test-event"> <font color="maroon"> <small> &emsp; &emsp;--- 06 Aug 13:30:09 418 - <b>3</b> - Spinner Load Wait: (Sync) - ICar.support.WaitUtils.waitForSpinner(WaitUtils.java:225)</small> </font> </div>
<div class="test-event"> <font color="maroon"> <small> &emsp; &emsp;--- 06 Aug 13:30:12 853 - Catched spinner load exception due to Expected condition failed: waiting for ICar.support.WaitUtils$4@4ccdc1df (tried for 3 second(s) with 500 milliseconds interval)</small> </font> </div>
<div class="test-event"> <font color="maroon"> <small> &emsp; &emsp;--- 06 Aug 13:30:12 853 - <b>3</b> - Spinner Load Wait: (Sync) - ICar.support.WaitUtils.waitForSpinner(WaitUtils.java:225)</small> </font> </div>
<div class="test-event"> <font color="maroon"> <small> &emsp; &emsp;--- 06 Aug 13:30:16 075 - Catched spinner load exception due to Expected condition failed: waiting for ICar.support.WaitUtils$4@4ccdc1df (tried for 3 second(s) with 500 milliseconds interval)</small> </font> </div>
<div class="test-event"> <font color="maroon"> <small> &emsp; &emsp;--- 06 Aug 13:30:16 075 - <b>3</b> - Spinner Load Wait: (Sync) - ICar.support.WaitUtils.waitForSpinner(WaitUtils.java:225)</small> </font> </div>
<div class="test-event"> <font color="maroon"> <small> &emsp; &emsp;--- 06 Aug 13:30:19 467 - Catched spinner load exception due to Expected condition failed: waiting for ICar.support.WaitUtils$4@4ccdc1df (tried for 3 second(s) with 500 milliseconds interval)</small> </font> </div>
<div class="test-event"> <font color="maroon"> <small> &emsp; &emsp;--- 06 Aug 13:30:19 467 - <b>3</b> - Spinner Load Wait: (Sync) - ICar.support.WaitUtils.waitForSpinner(WaitUtils.java:225)</small> </font> </div>
<div class="test-event"> <font color="maroon"> <small> &emsp; &emsp;--- 06 Aug 13:30:22 729 - Catched spinner load exception due to Expected condition failed: waiting for ICar.support.WaitUtils$4@4ccdc1df (tried for 3 second(s) with 500 milliseconds interval)</small> </font> </div>
<div class="test-event"> <font color="maroon"> <small> &emsp; &emsp;--- 06 Aug 13:30:22 729 - <b>3</b> - Spinner Load Wait: (Sync) - ICar.support.WaitUtils.waitForSpinner(WaitUtils.java:225)</small> </font> </div>
<div class="test-event"> <font color="maroon"> <small> &emsp; &emsp;--- 06 Aug 13:30:26 173 - Catched spinner load exception due to Expected condition failed: waiting for ICar.support.WaitUtils$4@4ccdc1df (tried for 3 second(s) with 500 milliseconds interval)</small> </font> </div>
<div class="test-event"> <font color="maroon"> <small> &emsp; &emsp;--- 06 Aug 13:30:26 173 - <b>3</b> - Spinner Load Wait: (Sync) - ICar.support.WaitUtils.waitForSpinner(WaitUtils.java:225)</small> </font> </div>
<div class="test-event"> <font color="maroon"> <small> &emsp; &emsp;--- 06 Aug 13:30:29 386 - Catched spinner load exception due to Expected condition failed: waiting for ICar.support.WaitUtils$4@4ccdc1df (tried for 3 second(s) with 500 milliseconds interval)</small> </font> </div>
<div class="test-event"> <font color="maroon"> <small> &emsp; &emsp;--- 06 Aug 13:30:29 386 - <b>3</b> - Spinner Load Wait: (Sync) - ICar.support.WaitUtils.waitForSpinner(WaitUtils.java:225)</small> </font> </div>
<div class="test-event"> <font color="maroon"> <small> &emsp; &emsp;--- 06 Aug 13:30:32 836 - Catched spinner load exception due to Expected condition failed: waiting for ICar.support.WaitUtils$4@4ccdc1df (tried for 3 second(s) with 500 milliseconds interval)</small> </font> </div>
<div class="test-event"> <font color="maroon"> <small> &emsp; &emsp;--- 06 Aug 13:30:32 837 - <b>3</b> - Spinner Load Wait: (Sync) - ICar.support.WaitUtils.waitForSpinner(WaitUtils.java:225)</small> </font> </div>
<div class="test-event"> <font color="maroon"> <small> &emsp; &emsp;--- 06 Aug 13:30:36 069 - Catched spinner load exception due to Expected condition failed: waiting for ICar.support.WaitUtils$4@4ccdc1df (tried for 3 second(s) with 500 milliseconds interval)</small> </font> </div>
<div class="test-event"> <font color="maroon"> <small> &emsp; &emsp;--- 06 Aug 13:30:36 069 - <b>3</b> - Spinner Load Wait: (Sync) - ICar.support.WaitUtils.waitForSpinner(WaitUtils.java:225)</small> </font> </div>
<div class="test-event"> <font color="maroon"> <small> &emsp; &emsp;--- 06 Aug 13:30:39 536 - Catched spinner load exception due to Expected condition failed: waiting for ICar.support.WaitUtils$4@4ccdc1df (tried for 3 second(s) with 500 milliseconds interval)</small> </font> </div>
<div class="test-event"> <font color="maroon"> <small> &emsp; &emsp;--- 06 Aug 13:30:39 536 - <b>3</b> - Spinner Load Wait: (Sync) - ICar.support.WaitUtils.waitForSpinner(WaitUtils.java:225)</small> </font> </div>
<div class="test-event"> <font color="maroon"> <small> &emsp; &emsp;--- 06 Aug 13:30:42 767 - Catched spinner load exception due to Expected condition failed: waiting for ICar.support.WaitUtils$4@4ccdc1df (tried for 3 second(s) with 500 milliseconds interval)</small> </font> </div>
<div class="test-event"> <font color="maroon"> <small> &emsp; &emsp;--- 06 Aug 13:30:42 767 - <b>3</b> - Spinner Load Wait: (Sync) - ICar.support.WaitUtils.waitForSpinner(WaitUtils.java:225)</small> </font> </div>
<div class="test-event"> <font color="maroon"> <small> &emsp; &emsp;--- 06 Aug 13:30:45 993 - Catched spinner load exception due to Expected condition failed: waiting for ICar.support.WaitUtils$4@4ccdc1df (tried for 3 second(s) with 500 milliseconds interval)</small> </font> </div>
<div class="test-event"> <font color="maroon"> <small> &emsp; &emsp;--- 06 Aug 13:30:45 993 - <b>3</b> - Spinner Load Wait: (Sync) - ICar.support.WaitUtils.waitForSpinner(WaitUtils.java:225)</small> </font> </div>
<div class="test-event"> <font color="maroon"> <small> &emsp; &emsp;--- 06 Aug 13:30:49 382 - Catched spinner load exception due to Expected condition failed: waiting for ICar.support.WaitUtils$4@4ccdc1df (tried for 3 second(s) with 500 milliseconds interval)</small> </font> </div>
<div class="test-event"> <font color="maroon"> <small> &emsp; &emsp;--- 06 Aug 13:30:49 382 - <b>3</b> - Spinner Load Wait: (Sync) - ICar.support.WaitUtils.waitForSpinner(WaitUtils.java:225)</small> </font> </div>
<div class="test-event"> <font color="maroon"> <small> &emsp; &emsp;--- 06 Aug 13:30:52 581 - Catched spinner load exception due to Expected condition failed: waiting for ICar.support.WaitUtils$4@4ccdc1df (tried for 3 second(s) with 500 milliseconds interval)</small> </font> </div>
<div class="test-event"> <font color="maroon"> <small> &emsp; &emsp;--- 06 Aug 13:30:52 581 - <b>3</b> - Spinner Load Wait: (Sync) - ICar.support.WaitUtils.waitForSpinner(WaitUtils.java:225)</small> </font> </div>
<div class="test-event"> <font color="maroon"> <small> &emsp; &emsp;--- 06 Aug 13:30:55 959 - Catched spinner load exception due to Expected condition failed: waiting for ICar.support.WaitUtils$4@4ccdc1df (tried for 3 second(s) with 500 milliseconds interval)</small> </font> </div>
<div class="test-event"> <font color="maroon"> <small> &emsp; &emsp;--- 06 Aug 13:30:55 959 - <b>3</b> - Spinner Load Wait: (Sync) - ICar.support.WaitUtils.waitForSpinner(WaitUtils.java:225)</small> </font> </div>
<div class="test-event"> <font color="maroon"> <small> &emsp; &emsp;--- 06 Aug 13:30:59 158 - Catched spinner load exception due to Expected condition failed: waiting for ICar.support.WaitUtils$4@4ccdc1df (tried for 3 second(s) with 500 milliseconds interval)</small> </font> </div>
<div class="test-event"> <font color="maroon"> <small> &emsp; &emsp;--- 06 Aug 13:30:59 158 - <b>3</b> - Spinner Load Wait: (Sync) - ICar.support.WaitUtils.waitForSpinner(WaitUtils.java:225)</small> </font> </div>
<div class="test-event"> <font color="maroon"> <small> &emsp; &emsp;--- 06 Aug 13:31:02 428 - Catched spinner load exception due to Expected condition failed: waiting for ICar.support.WaitUtils$4@4ccdc1df (tried for 3 second(s) with 500 milliseconds interval)</small> </font> </div>
<div class="test-event"> <font color="maroon"> <small> &emsp; &emsp;--- 06 Aug 13:31:02 428 - <b>3</b> - Spinner Load Wait: (Sync) - ICar.support.WaitUtils.waitForSpinner(WaitUtils.java:225)</small> </font> </div>
<div class="test-event"> <font color="maroon"> <small> &emsp; &emsp;--- 06 Aug 13:31:05 822 - Catched spinner load exception due to Expected condition failed: waiting for ICar.support.WaitUtils$4@4ccdc1df (tried for 3 second(s) with 500 milliseconds interval)</small> </font> </div>
<div class="test-event"> <font color="maroon"> <small> &emsp; &emsp;--- 06 Aug 13:31:05 822 - <b>3</b> - Spinner Load Wait: (Sync) - ICar.support.WaitUtils.waitForSpinner(WaitUtils.java:225)</small> </font> </div>
<div class="test-event"> <font color="maroon"> <small> &emsp; &emsp;--- 06 Aug 13:31:09 023 - Catched spinner load exception due to Expected condition failed: waiting for ICar.support.WaitUtils$4@4ccdc1df (tried for 3 second(s) with 500 milliseconds interval)</small> </font> </div>
<div class="test-event"> <font color="maroon"> <small> &emsp; &emsp;--- 06 Aug 13:31:09 023 - <b>3</b> - Spinner Load Wait: (Sync) - ICar.support.WaitUtils.waitForSpinner(WaitUtils.java:225)</small> </font> </div>
<div class="test-event"> <font color="maroon"> <small> &emsp; &emsp;--- 06 Aug 13:31:12 484 - Catched spinner load exception due to Expected condition failed: waiting for ICar.support.WaitUtils$4@4ccdc1df (tried for 3 second(s) with 500 milliseconds interval)</small> </font> </div>
<div class="test-event"> <font color="maroon"> <small> &emsp; &emsp;--- 06 Aug 13:31:12 484 - <b>3</b> - Spinner Load Wait: (Sync) - ICar.support.WaitUtils.waitForSpinner(WaitUtils.java:225)</small> </font> </div>
<div class="test-event"> <font color="maroon"> <small> &emsp; &emsp;--- 06 Aug 13:31:15 699 - Catched spinner load exception due to Expected condition failed: waiting for ICar.support.WaitUtils$4@4ccdc1df (tried for 3 second(s) with 500 milliseconds interval)</small> </font> </div>
<div class="test-event"> <font color="maroon"> <small> &emsp; &emsp;--- 06 Aug 13:31:15 700 - <b>3</b> - Spinner Load Wait: (Sync) - ICar.support.WaitUtils.waitForSpinner(WaitUtils.java:225)</small> </font> </div>
<div class="test-message">&emsp;Successfully verified the course status as 'UNENROLLED'&emsp;<a href=".\ScreenShot\ICar_VR_TC32_709121418708100.png" target="_blank" >[ScreenShot]</a></div>
<div class="test-result"><br><font color="green"><strong> Test Passed. </strong></font> </div>&emsp;
&emsp;<div class="test-title"> <strong><font size = "3" color = "#0000FF">---Test Execution Ends---</font> </strong> </div>&emsp;]]>
    </system-out>
  </testcase> <!-- ICar_VR_TC32 -->
  <system-out>
    <![CDATA[<div class="test-event"> <font color="maroon"> <small> &emsp; &emsp;--- 06 Aug 12:19:40 585 - TestCaseID:: ICar_VR_TC32</small> </font> </div>
<div class="test-event"> <font color="maroon"> <small> &emsp; &emsp;--- 06 Aug 12:19:44 491 - <b>4</b> - Driver::initialize::Get - ICar.support.WebDriverFactory.getDriver(WebDriverFactory.java:640)</small> </font> </div>
<div class="test-event"> <font color="maroon"> <small> &emsp; &emsp;--- 06 Aug 12:19:57 341 - Page URL:: data:,</small> </font> </div>
<div class="test-event"> <font color="maroon"> <small> &emsp; &emsp;--- 06 Aug 12:19:57 342 - <b>0</b> - Page Load Wait: (Sync) - ICar.support.Utils.waitForPageLoad(Utils.java:109)</small> </font> </div>
<div class="test-event"> <font color="maroon"> <small> &emsp; &emsp;--- 06 Aug 12:19:57 579 - Page URL:: data:,</small> </font> </div>
<div class="test-event"> <font color="maroon"> <small> &emsp; &emsp;--- 06 Aug 12:19:57 579 - <b>0</b> - Page Load Wait: (Sync) - ICar.support.Utils.waitForPageLoad(Utils.java:109)</small> </font> </div>
&emsp;<div class="test-title"> <strong><font size = "3" color = "#000080">Reactive Event - Event cancelled atleast 5 business days prior to scheduled date</font> </strong> </div>&emsp;<div><strong>Steps:</strong></div><!-- Report -->&emsp;
<div class="test-event"> <font color="maroon"> <small> &emsp; &emsp;--- 06 Aug 12:20:02 926 - Element is displayed:: [[ChromeDriver: chrome on WINDOWS (bc08538aa04ca0fc5d583beb57eceede)] -> xpath: //input[@class='slds-input searchInputCls']]</small> </font> </div>
<div class="test-event"> <font color="maroon"> <small> &emsp; &emsp;--- 06 Aug 12:20:03 004 - Element is displayed:: [[ChromeDriver: chrome on WINDOWS (bc08538aa04ca0fc5d583beb57eceede)] -> xpath: //input[@class='slds-input searchInputCls']]</small> </font> </div>
<div class="test-message">&emsp;Successfully navigated to 'Home' Page&emsp;<a href=".\ScreenShot\ICar_VR_TC32_704848661648900.png" target="_blank" >[ScreenShot]</a></div>
<div class="test-message">&emsp;1. Home page is launched.</div>
<div class="test-event"> <font color="maroon"> <small> &emsp; &emsp;--- 06 Aug 12:20:03 675 - Page URL:: https://www.icarstage.com/</small> </font> </div>
<div class="test-event"> <font color="maroon"> <small> &emsp; &emsp;--- 06 Aug 12:20:03 675 - <b>0</b> - Page Load Wait: (Sync) - ICar.support.Utils.waitForPageLoad(Utils.java:109)</small> </font> </div>
<div class="test-event"> <font color="maroon"> <small> &emsp; &emsp;--- 06 Aug 12:20:03 733 - Element is displayed:: [[ChromeDriver: chrome on WINDOWS (bc08538aa04ca0fc5d583beb57eceede)] -> xpath: //a/img[@alt='Login Image']]</small> </font> </div>
<div class="test-event"> <font color="maroon"> <small> &emsp; &emsp;--- 06 Aug 12:20:03 803 - Element is displayed:: [[ChromeDriver: chrome on WINDOWS (bc08538aa04ca0fc5d583beb57eceede)] -> xpath: //a/img[@alt='Login Image']]</small> </font> </div>
<div class="test-event"> <font color="maroon"> <small> &emsp; &emsp;--- 06 Aug 12:20:22 250 - Catched spinner load exception due to Expected condition failed: waiting for ICar.support.WaitUtils$4@4ccdc1df (tried for 15 second(s) with 500 milliseconds interval)</small> </font> </div>
<div class="test-event"> <font color="maroon"> <small> &emsp; &emsp;--- 06 Aug 12:20:22 250 - <b>15</b> - Spinner Load Wait: (Sync) - ICar.support.WaitUtils.waitForSpinner(WaitUtils.java:225)</small> </font> </div>
<div class="test-message">&emsp;2. Navigate to 'Login Page'</div>
<div class="test-message">&emsp;Successfully navigated to 'Login' Page&emsp;<a href=".\ScreenShot\ICar_VR_TC32_704867905886700.png" target="_blank" >[ScreenShot]</a></div>
<div class="test-event"> <font color="maroon"> <small> &emsp; &emsp;--- 06 Aug 12:20:22 480 - Element is displayed:: [[ChromeDriver: chrome on WINDOWS (bc08538aa04ca0fc5d583beb57eceede)] -> id: username]</small> </font> </div>
<div class="test-event"> <font color="maroon"> <small> &emsp; &emsp;--- 06 Aug 12:20:22 557 - Element is displayed:: [[ChromeDriver: chrome on WINDOWS (bc08538aa04ca0fc5d583beb57eceede)] -> id: username]</small> </font> </div>
<div class="test-event"> <font color="maroon"> <small> &emsp; &emsp;--- 06 Aug 12:20:22 809 - Element is displayed:: [[ChromeDriver: chrome on WINDOWS (bc08538aa04ca0fc5d583beb57eceede)] -> id: password]</small> </font> </div>
<div class="test-event"> <font color="maroon"> <small> &emsp; &emsp;--- 06 Aug 12:20:23 026 - Element is displayed:: [[ChromeDriver: chrome on WINDOWS (bc08538aa04ca0fc5d583beb57eceede)] -> id: btn-login]</small> </font> </div>
<div class="test-event"> <font color="maroon"> <small> &emsp; &emsp;--- 06 Aug 12:20:36 305 - Catched spinner load exception due to Expected condition failed: waiting for ICar.support.WaitUtils$4@4ccdc1df (tried for 13 second(s) with 500 milliseconds interval)</small> </font> </div>
<div class="test-event"> <font color="maroon"> <small> &emsp; &emsp;--- 06 Aug 12:20:36 305 - <b>13</b> - Spinner Load Wait: (Sync) - ICar.support.WaitUtils.waitForSpinner(WaitUtils.java:225)</small> </font> </div>
<div class="test-event"> <font color="maroon"> <small> &emsp; &emsp;--- 06 Aug 12:20:57 577 - Catched spinner load exception due to Expected condition failed: waiting for ICar.support.WaitUtils$4@4ccdc1df (tried for 10 second(s) with 500 milliseconds interval)</small> </font> </div>
<div class="test-event"> <font color="maroon"> <small> &emsp; &emsp;--- 06 Aug 12:20:57 577 - <b>10</b> - Spinner Load Wait: (Sync) - ICar.support.WaitUtils.waitForSpinner(WaitUtils.java:225)</small> </font> </div>
<div class="test-event"> <font color="maroon"> <small> &emsp; &emsp;--- 06 Aug 12:20:57 664 - Element is displayed:: [[ChromeDriver: chrome on WINDOWS (bc08538aa04ca0fc5d583beb57eceede)] -> xpath: //button[@value='Launch myLearning']]</small> </font> </div>
<div class="test-message">&emsp;3. Enter the user credentials as : hslennox</div>
<div class="test-message">&emsp;Successfully navigated to 'User Home' Page&emsp;<a href=".\ScreenShot\ICar_VR_TC32_704903314380400.png" target="_blank" >[ScreenShot]</a></div>
<div class="test-message">&emsp;4.Make a request for course</div>
<div class="test-event"> <font color="maroon"> <small> &emsp; &emsp;--- 06 Aug 12:20:58 580 - Page URL:: https://www.icarstage.com/</small> </font> </div>
<div class="test-event"> <font color="maroon"> <small> &emsp; &emsp;--- 06 Aug 12:20:58 580 - <b>0</b> - Page Load Wait: (Sync) - ICar.support.Utils.waitForPageLoad(Utils.java:109)</small> </font> </div>
<div class="test-event"> <font color="maroon"> <small> &emsp; &emsp;--- 06 Aug 12:21:09 046 - Catched spinner load exception due to Expected condition failed: waiting for ICar.support.WaitUtils$4@4ccdc1df (tried for 10 second(s) with 500 milliseconds interval)</small> </font> </div>
<div class="test-event"> <font color="maroon"> <small> &emsp; &emsp;--- 06 Aug 12:21:09 046 - <b>10</b> - Spinner Load Wait: (Sync) - ICar.support.WaitUtils.waitForSpinner(WaitUtils.java:225)</small> </font> </div>
<div class="test-event"> <font color="maroon"> <small> &emsp; &emsp;--- 06 Aug 12:21:23 097 - Catched spinner load exception due to Expected condition failed: waiting for ICar.support.WaitUtils$4@4ccdc1df (tried for 14 second(s) with 500 milliseconds interval)</small> </font> </div>
<div class="test-event"> <font color="maroon"> <small> &emsp; &emsp;--- 06 Aug 12:21:23 098 - <b>14</b> - Spinner Load Wait: (Sync) - ICar.support.WaitUtils.waitForSpinner(WaitUtils.java:225)</small> </font> </div>
<div class="test-event"> <font color="maroon"> <small> &emsp; &emsp;--- 06 Aug 12:21:25 200 - Element is displayed:: [[ChromeDriver: chrome on WINDOWS (bc08538aa04ca0fc5d583beb57eceede)] -> xpath: //input[@class='slds-input searchInputCls']]</small> </font> </div>
<div class="test-event"> <font color="maroon"> <small> &emsp; &emsp;--- 06 Aug 12:21:25 449 - Element is displayed:: [[ChromeDriver: chrome on WINDOWS (bc08538aa04ca0fc5d583beb57eceede)] -> xpath: //button[@title='Remove selected option']]</small> </font> </div>
<div class="test-event"> <font color="maroon"> <small> &emsp; &emsp;--- 06 Aug 12:21:27 375 - Page URL:: https://www.icarstage.com/custom-search-results?searchtext=mig%20brazing%20hands-on%20skills%20development#gsc.tab=0&gsc.q=mig%20brazing%20hands-on%20skills%20development&gsc.page=1</small> </font> </div>
<div class="test-event"> <font color="maroon"> <small> &emsp; &emsp;--- 06 Aug 12:21:27 375 - <b>0</b> - Page Load Wait: (Sync) - ICar.support.Utils.waitForPageLoad(Utils.java:109)</small> </font> </div>
<div class="test-event"> <font color="maroon"> <small> &emsp; &emsp;--- 06 Aug 12:21:37 811 - Catched spinner load exception due to Expected condition failed: waiting for ICar.support.WaitUtils$4@4ccdc1df (tried for 10 second(s) with 500 milliseconds interval)</small> </font> </div>
<div class="test-event"> <font color="maroon"> <small> &emsp; &emsp;--- 06 Aug 12:21:37 811 - <b>10</b> - Spinner Load Wait: (Sync) - ICar.support.WaitUtils.waitForSpinner(WaitUtils.java:225)</small> </font> </div>
<div class="test-event"> <font color="maroon"> <small> &emsp; &emsp;--- 06 Aug 12:21:37 871 - Element is displayed:: [[ChromeDriver: chrome on WINDOWS (bc08538aa04ca0fc5d583beb57eceede)] -> xpath: //table//tbody//td[1]//div//a]</small> </font> </div>
<div class="test-event"> <font color="maroon"> <small> &emsp; &emsp;--- 06 Aug 12:21:39 986 - Element is displayed:: [[ChromeDriver: chrome on WINDOWS (bc08538aa04ca0fc5d583beb57eceede)] -> xpath: //table//tbody//td[1]//div//a]</small> </font> </div>
<div class="test-event"> <font color="maroon"> <small> &emsp; &emsp;--- 06 Aug 12:21:47 331 - Element is displayed:: [[ChromeDriver: chrome on WINDOWS (bc08538aa04ca0fc5d583beb57eceede)] -> xpath: //h2[contains(text(),'Request')]]</small> </font> </div>
<div class="test-event"> <font color="maroon"> <small> &emsp; &emsp;--- 06 Aug 12:21:47 409 - Element is displayed:: [[ChromeDriver: chrome on WINDOWS (bc08538aa04ca0fc5d583beb57eceede)] -> xpath: //h2[contains(text(),'Request')]]</small> </font> </div>
<div class="test-event"> <font color="maroon"> <small> &emsp; &emsp;--- 06 Aug 12:21:47 477 - Element is displayed:: [[ChromeDriver: chrome on WINDOWS (bc08538aa04ca0fc5d583beb57eceede)] -> xpath: //h2[contains(text(),'Request')]]</small> </font> </div>
<div class="test-event"> <font color="maroon"> <small> &emsp; &emsp;--- 06 Aug 12:21:47 607 - Element is displayed:: [[ChromeDriver: chrome on WINDOWS (bc08538aa04ca0fc5d583beb57eceede)] -> xpath: //button[@name='shop']]</small> </font> </div>
<div class="test-event"> <font color="maroon"> <small> &emsp; &emsp;--- 06 Aug 12:21:49 729 - Element is displayed:: [[ChromeDriver: chrome on WINDOWS (bc08538aa04ca0fc5d583beb57eceede)] -> xpath: //button[@name='shop']]</small> </font> </div>
<div class="test-event"> <font color="maroon"> <small> &emsp; &emsp;--- 06 Aug 12:21:49 802 - Element is displayed:: [[ChromeDriver: chrome on WINDOWS (bc08538aa04ca0fc5d583beb57eceede)] -> xpath: //span[@title='Lennox Auto Body']]</small> </font> </div>
<div class="test-message">&emsp;Lennox Auto Body is selected in EventLocation drop down</div>
<div class="test-event"> <font color="maroon"> <small> &emsp; &emsp;--- 06 Aug 12:21:49 883 - Element is displayed:: [[ChromeDriver: chrome on WINDOWS (bc08538aa04ca0fc5d583beb57eceede)] -> xpath: //button[@name='eventType']]</small> </font> </div>
<div class="test-event"> <font color="maroon"> <small> &emsp; &emsp;--- 06 Aug 12:21:51 989 - Element is displayed:: [[ChromeDriver: chrome on WINDOWS (bc08538aa04ca0fc5d583beb57eceede)] -> xpath: //button[@name='eventType']]</small> </font> </div>
<div class="test-event"> <font color="maroon"> <small> &emsp; &emsp;--- 06 Aug 12:21:52 059 - Element is displayed:: [[ChromeDriver: chrome on WINDOWS (bc08538aa04ca0fc5d583beb57eceede)] -> xpath: //span[@title='Next Month']]</small> </font> </div>
<div class="test-message">&emsp;Next Month is selected in period drop down</div>
<div class="test-event"> <font color="maroon"> <small> &emsp; &emsp;--- 06 Aug 12:21:56 244 - Element is displayed:: [[ChromeDriver: chrome on WINDOWS (bc08538aa04ca0fc5d583beb57eceede)] -> xpath: (//input[@data-id='contactInfo'])[2]]</small> </font> </div>
<div class="test-event"> <font color="maroon"> <small> &emsp; &emsp;--- 06 Aug 12:21:56 568 - Element is displayed:: [[ChromeDriver: chrome on WINDOWS (bc08538aa04ca0fc5d583beb57eceede)] -> xpath: //button[@name='paymentType']]</small> </font> </div>
<div class="test-event"> <font color="maroon"> <small> &emsp; &emsp;--- 06 Aug 12:21:56 627 - Element is displayed:: [[ChromeDriver: chrome on WINDOWS (bc08538aa04ca0fc5d583beb57eceede)] -> xpath: //button[@name='paymentType']]</small> </font> </div>
<div class="test-event"> <font color="maroon"> <small> &emsp; &emsp;--- 06 Aug 12:22:00 898 - Element is displayed:: [[ChromeDriver: chrome on WINDOWS (bc08538aa04ca0fc5d583beb57eceede)] -> xpath: //button[@name='paymentType']//span//following::span[@class='slds-truncate']]</small> </font> </div>
<div class="test-message">&emsp;Credit card payment option already exist in payment selection drop down</div>
<div class="test-event"> <font color="maroon"> <small> &emsp; &emsp;--- 06 Aug 12:22:16 135 - Element is displayed:: [[ChromeDriver: chrome on WINDOWS (bc08538aa04ca0fc5d583beb57eceede)] -> xpath: //a[text()='Equip']]</small> </font> </div>
<div class="test-event"> <font color="maroon"> <small> &emsp; &emsp;--- 06 Aug 12:22:16 199 - Element is displayed:: [[ChromeDriver: chrome on WINDOWS (bc08538aa04ca0fc5d583beb57eceede)] -> xpath: //a[text()='Equip']]</small> </font> </div>
<div class="test-event"> <font color="maroon"> <small> &emsp; &emsp;--- 06 Aug 12:22:26 407 - Element is displayed:: [[ChromeDriver: chrome on WINDOWS (bc08538aa04ca0fc5d583beb57eceede)] -> xpath: //a[contains(@name,'Release_and_Waiver')]]</small> </font> </div>
<div class="test-event"> <font color="maroon"> <small> &emsp; &emsp;--- 06 Aug 12:22:26 470 - Element is displayed:: [[ChromeDriver: chrome on WINDOWS (bc08538aa04ca0fc5d583beb57eceede)] -> xpath: //a[contains(@name,'Release_and_Waiver')]]</small> </font> </div>
<div class="test-message">&emsp;Sucessfully verified link&emsp;<a href=".\ScreenShot\ICar_VR_TC32_704995583579300.png" target="_blank" >[ScreenShot]</a></div>
<div class="test-event"> <font color="maroon"> <small> &emsp; &emsp;--- 06 Aug 12:22:32 267 - Element is displayed:: [[ChromeDriver: chrome on WINDOWS (bc08538aa04ca0fc5d583beb57eceede)] -> xpath: //a[contains(@name,'Event_Policy')]]</small> </font> </div>
<div class="test-event"> <font color="maroon"> <small> &emsp; &emsp;--- 06 Aug 12:22:32 325 - Element is displayed:: [[ChromeDriver: chrome on WINDOWS (bc08538aa04ca0fc5d583beb57eceede)] -> xpath: //a[contains(@name,'Event_Policy')]]</small> </font> </div>
<div class="test-message">&emsp;Sucessfully verified link&emsp;<a href=".\ScreenShot\ICar_VR_TC32_705003916982100.png" target="_blank" >[ScreenShot]</a></div>
<div class="test-event"> <font color="maroon"> <small> &emsp; &emsp;--- 06 Aug 12:22:48 525 - Unable to find a element after 6 sec ==> Proxy element for: AjaxElementLocator 'By.cssSelector: a[name*='_COVID_19_Policies']'</small> </font> </div>
<div class="test-event"> <font color="maroon"> <small> &emsp; &emsp;--- 06 Aug 12:23:02 104 - Unable to find a element after 10 sec ==> Proxy element for: AjaxElementLocator 'By.cssSelector: a[name*='_COVID_19_Policies']'</small> </font> </div>
<div class="test-event"> <font color="maroon"> <small> &emsp; &emsp;--- 06 Aug 12:23:04 200 - Element is displayed:: [[ChromeDriver: chrome on WINDOWS (bc08538aa04ca0fc5d583beb57eceede)] -> xpath: (//span[@class='slds-checkbox_faux'])[2]]</small> </font> </div>
<div class="test-event"> <font color="maroon"> <small> &emsp; &emsp;--- 06 Aug 12:23:04 350 - Page URL:: https://www.icarstage.com/product/mig-brazing-handson-skills-development/01tdi000007tevfia2</small> </font> </div>
<div class="test-event"> <font color="maroon"> <small> &emsp; &emsp;--- 06 Aug 12:23:04 350 - <b>0</b> - Page Load Wait: (Sync) - ICar.support.Utils.waitForPageLoad(Utils.java:109)</small> </font> </div>
<div class="test-event"> <font color="maroon"> <small> &emsp; &emsp;--- 06 Aug 12:23:14 716 - Catched spinner load exception due to Expected condition failed: waiting for ICar.support.WaitUtils$4@4ccdc1df (tried for 10 second(s) with 500 milliseconds interval)</small> </font> </div>
<div class="test-event"> <font color="maroon"> <small> &emsp; &emsp;--- 06 Aug 12:23:14 716 - <b>10</b> - Spinner Load Wait: (Sync) - ICar.support.WaitUtils.waitForSpinner(WaitUtils.java:225)</small> </font> </div>
<div class="test-event"> <font color="maroon"> <small> &emsp; &emsp;--- 06 Aug 12:23:16 809 - Element is displayed:: [[ChromeDriver: chrome on WINDOWS (bc08538aa04ca0fc5d583beb57eceede)] -> xpath: (//span[@class='slds-checkbox_faux'])[3]]</small> </font> </div>
<div class="test-event"> <font color="maroon"> <small> &emsp; &emsp;--- 06 Aug 12:23:16 877 - Element is displayed:: [[ChromeDriver: chrome on WINDOWS (bc08538aa04ca0fc5d583beb57eceede)] -> xpath: (//span[@class='slds-checkbox_faux'])[3]]</small> </font> </div>
<div class="test-event"> <font color="maroon"> <small> &emsp; &emsp;--- 06 Aug 12:23:16 977 - Element is displayed:: [[ChromeDriver: chrome on WINDOWS (bc08538aa04ca0fc5d583beb57eceede)] -> xpath: //div[@class='slds-align_absolute-center slds-p-top_small']//button]</small> </font> </div>
<div class="test-event"> <font color="maroon"> <small> &emsp; &emsp;--- 06 Aug 12:23:17 047 - Element is displayed:: [[ChromeDriver: chrome on WINDOWS (bc08538aa04ca0fc5d583beb57eceede)] -> xpath: //div[@class='slds-align_absolute-center slds-p-top_small']//button]</small> </font> </div>
<div class="test-event"> <font color="maroon"> <small> &emsp; &emsp;--- 06 Aug 12:23:27 508 - Catched spinner load exception due to Expected condition failed: waiting for ICar.support.WaitUtils$4@4ccdc1df (tried for 10 second(s) with 500 milliseconds interval)</small> </font> </div>
<div class="test-event"> <font color="maroon"> <small> &emsp; &emsp;--- 06 Aug 12:23:27 508 - <b>10</b> - Spinner Load Wait: (Sync) - ICar.support.WaitUtils.waitForSpinner(WaitUtils.java:225)</small> </font> </div>
<div class="test-event"> <font color="maroon"> <small> &emsp; &emsp;--- 06 Aug 12:23:27 652 - Page URL:: https://www.icarstage.com/product/mig-brazing-handson-skills-development/01tdi000007tevfia2</small> </font> </div>
<div class="test-event"> <font color="maroon"> <small> &emsp; &emsp;--- 06 Aug 12:23:27 653 - <b>0</b> - Page Load Wait: (Sync) - ICar.support.Utils.waitForPageLoad(Utils.java:109)</small> </font> </div>
<div class="test-event"> <font color="maroon"> <small> &emsp; &emsp;--- 06 Aug 12:23:29 958 - Element is displayed:: [[ChromeDriver: chrome on WINDOWS (bc08538aa04ca0fc5d583beb57eceede)] -> xpath: //button[text()='Add Selected Students']]</small> </font> </div>
<div class="test-event"> <font color="maroon"> <small> &emsp; &emsp;--- 06 Aug 12:23:39 611 - Unable to find a element after 6 sec ==> Proxy element for: AjaxElementLocator 'By.xpath: //button[text()='Ok']'</small> </font> </div>
<div class="test-event"> <font color="maroon"> <small> &emsp; &emsp;--- 06 Aug 12:23:53 136 - Unable to find a element after 10 sec ==> Proxy element for: AjaxElementLocator 'By.xpath: //button[text()='Ok']'</small> </font> </div>
<div class="test-event"> <font color="maroon"> <small> &emsp; &emsp;--- 06 Aug 12:23:53 202 - Element is displayed:: [[ChromeDriver: chrome on WINDOWS (bc08538aa04ca0fc5d583beb57eceede)] -> xpath: //button[text()='Make Request']]</small> </font> </div>
<div class="test-event"> <font color="maroon"> <small> &emsp; &emsp;--- 06 Aug 12:23:55 292 - Element is displayed:: [[ChromeDriver: chrome on WINDOWS (bc08538aa04ca0fc5d583beb57eceede)] -> xpath: //button[text()='Make Request']]</small> </font> </div>
<div class="test-event"> <font color="maroon"> <small> &emsp; &emsp;--- 06 Aug 12:24:25 718 - Catched spinner load exception due to Expected condition failed: waiting for ICar.support.WaitUtils$4@4ccdc1df (tried for 30 second(s) with 500 milliseconds interval)</small> </font> </div>
<div class="test-event"> <font color="maroon"> <small> &emsp; &emsp;--- 06 Aug 12:24:25 718 - <b>30</b> - Spinner Load Wait: (Sync) - ICar.support.WaitUtils.waitForSpinner(WaitUtils.java:225)</small> </font> </div>
<div class="test-message">&emsp;Successfully Requested the MIG Brazing Hands-On Skills Development course&emsp;<a href=".\ScreenShot\ICar_VR_TC32_705111367907000.png" target="_blank" >[ScreenShot]</a></div>
<div class="test-message">&emsp;5.Navigat to 'Hands on, Welding assessment and private events' page</div>
<div class="test-event"> <font color="maroon"> <small> &emsp; &emsp;--- 06 Aug 12:24:26 308 - Page URL:: https://my.icarstage.com/s/manage-in-shop-events</small> </font> </div>
<div class="test-event"> <font color="maroon"> <small> &emsp; &emsp;--- 06 Aug 12:24:26 308 - <b>0</b> - Page Load Wait: (Sync) - ICar.support.Utils.waitForPageLoad(Utils.java:109)</small> </font> </div>
<div class="test-event"> <font color="maroon"> <small> &emsp; &emsp;--- 06 Aug 12:24:26 384 - Element is displayed:: [[ChromeDriver: chrome on WINDOWS (bc08538aa04ca0fc5d583beb57eceede)] -> xpath: //button[@value='Launch myLearning']]</small> </font> </div>
<div class="test-event"> <font color="maroon"> <small> &emsp; &emsp;--- 06 Aug 12:24:26 516 - Page URL:: https://my.icarstage.com/s/manage-in-shop-events</small> </font> </div>
<div class="test-event"> <font color="maroon"> <small> &emsp; &emsp;--- 06 Aug 12:24:26 516 - <b>0</b> - Page Load Wait: (Sync) - ICar.support.Utils.waitForPageLoad(Utils.java:109)</small> </font> </div>
<div class="test-event"> <font color="maroon"> <small> &emsp; &emsp;--- 06 Aug 12:24:51 974 - Catched spinner load exception due to Expected condition failed: waiting for ICar.support.WaitUtils$4@4ccdc1df (tried for 25 second(s) with 500 milliseconds interval)</small> </font> </div>
<div class="test-event"> <font color="maroon"> <small> &emsp; &emsp;--- 06 Aug 12:24:51 974 - <b>25</b> - Spinner Load Wait: (Sync) - ICar.support.WaitUtils.waitForSpinner(WaitUtils.java:225)</small> </font> </div>
<div class="test-event"> <font color="maroon"> <small> &emsp; &emsp;--- 06 Aug 12:24:52 029 - Element is displayed:: [[ChromeDriver: chrome on WINDOWS (bc08538aa04ca0fc5d583beb57eceede)] -> xpath: //a[text()='Manage In-Shop Events']]</small> </font> </div>
<div class="test-event"> <font color="maroon"> <small> &emsp; &emsp;--- 06 Aug 12:24:54 134 - Element is displayed:: [[ChromeDriver: chrome on WINDOWS (bc08538aa04ca0fc5d583beb57eceede)] -> xpath: //a[text()='Manage In-Shop Events']]</small> </font> </div>
<div class="test-event"> <font color="maroon"> <small> &emsp; &emsp;--- 06 Aug 12:25:20 415 - Catched spinner load exception due to Expected condition failed: waiting for ICar.support.WaitUtils$4@4ccdc1df (tried for 20 second(s) with 500 milliseconds interval)</small> </font> </div>
<div class="test-event"> <font color="maroon"> <small> &emsp; &emsp;--- 06 Aug 12:25:20 415 - <b>20</b> - Spinner Load Wait: (Sync) - ICar.support.WaitUtils.waitForSpinner(WaitUtils.java:225)</small> </font> </div>
<div class="test-event"> <font color="maroon"> <small> &emsp; &emsp;--- 06 Aug 12:25:20 625 - Page URL:: https://my.icarstage.com/s/manage-in-shop-events</small> </font> </div>
<div class="test-event"> <font color="maroon"> <small> &emsp; &emsp;--- 06 Aug 12:25:20 625 - <b>0</b> - Page Load Wait: (Sync) - ICar.support.Utils.waitForPageLoad(Utils.java:109)</small> </font> </div>
<div class="test-event"> <font color="maroon"> <small> &emsp; &emsp;--- 06 Aug 12:25:20 670 - Element is displayed:: [[ChromeDriver: chrome on WINDOWS (bc08538aa04ca0fc5d583beb57eceede)] -> xpath: //div[@class='slds-select_container']//select]</small> </font> </div>
<div class="test-message">&emsp;Successfully navigated to 'Hands on, Welding assessment and private events' page&emsp;<a href=".\ScreenShot\ICar_VR_TC32_705166319743200.png" target="_blank" >[ScreenShot]</a></div>
<div class="test-message">&emsp;6.Verify the request should be in 'In Scheduling'</div>
<div class="test-event"> <font color="maroon"> <small> &emsp; &emsp;--- 06 Aug 12:25:23 287 - Element is displayed:: [[ChromeDriver: chrome on WINDOWS (bc08538aa04ca0fc5d583beb57eceede)] -> xpath: //div[@class='slds-select_container']//select]</small> </font> </div>
<div class="test-event"> <font color="maroon"> <small> &emsp; &emsp;--- 06 Aug 12:25:23 327 - Element is displayed:: [[ChromeDriver: chrome on WINDOWS (bc08538aa04ca0fc5d583beb57eceede)] -> xpath: //div[@class='slds-select_container']//select]</small> </font> </div>
<div class="test-message">&emsp;In Schedulingvalue is selected in Request status drop down</div>
<div class="test-event"> <font color="maroon"> <small> &emsp; &emsp;--- 06 Aug 12:25:26 605 - Catched spinner load exception due to Expected condition failed: waiting for ICar.support.WaitUtils$4@4ccdc1df (tried for 3 second(s) with 500 milliseconds interval)</small> </font> </div>
<div class="test-event"> <font color="maroon"> <small> &emsp; &emsp;--- 06 Aug 12:25:26 606 - <b>3</b> - Spinner Load Wait: (Sync) - ICar.support.WaitUtils.waitForSpinner(WaitUtils.java:225)</small> </font> </div>
<div class="test-event"> <font color="maroon"> <small> &emsp; &emsp;--- 06 Aug 12:25:26 662 - Element is displayed:: [[ChromeDriver: chrome on WINDOWS (bc08538aa04ca0fc5d583beb57eceede)] -> xpath: //div[@class='slds-select_container']//select]</small> </font> </div>
<div class="test-event"> <font color="maroon"> <small> &emsp; &emsp;--- 06 Aug 12:25:26 704 - Element is displayed:: [[ChromeDriver: chrome on WINDOWS (bc08538aa04ca0fc5d583beb57eceede)] -> xpath: //div[@class='slds-select_container']//select]</small> </font> </div>
<div class="test-message">&emsp;Lennox Auto Bodyvalue is selected in Location drop down</div>
<div class="test-event"> <font color="maroon"> <small> &emsp; &emsp;--- 06 Aug 12:25:29 873 - Catched spinner load exception due to Expected condition failed: waiting for ICar.support.WaitUtils$4@4ccdc1df (tried for 3 second(s) with 500 milliseconds interval)</small> </font> </div>
<div class="test-event"> <font color="maroon"> <small> &emsp; &emsp;--- 06 Aug 12:25:29 873 - <b>3</b> - Spinner Load Wait: (Sync) - ICar.support.WaitUtils.waitForSpinner(WaitUtils.java:225)</small> </font> </div>
<div class="test-event"> <font color="maroon"> <small> &emsp; &emsp;--- 06 Aug 12:25:29 911 - Element is displayed:: [[ChromeDriver: chrome on WINDOWS (bc08538aa04ca0fc5d583beb57eceede)] -> xpath: //div[@class='slds-select_container']//select]</small> </font> </div>
<div class="test-event"> <font color="maroon"> <small> &emsp; &emsp;--- 06 Aug 12:25:29 950 - Element is displayed:: [[ChromeDriver: chrome on WINDOWS (bc08538aa04ca0fc5d583beb57eceede)] -> xpath: //div[@class='slds-select_container']//select]</small> </font> </div>
<div class="test-message">&emsp;Hands-Onvalue is selected in Type drop down</div>
<div class="test-event"> <font color="maroon"> <small> &emsp; &emsp;--- 06 Aug 12:25:40 440 - Catched spinner load exception due to Expected condition failed: waiting for ICar.support.WaitUtils$4@4ccdc1df (tried for 10 second(s) with 500 milliseconds interval)</small> </font> </div>
<div class="test-event"> <font color="maroon"> <small> &emsp; &emsp;--- 06 Aug 12:25:40 440 - <b>10</b> - Spinner Load Wait: (Sync) - ICar.support.WaitUtils.waitForSpinner(WaitUtils.java:225)</small> </font> </div>
<div class="test-message">&emsp;Successfully displayed table results as per the given Request status:In Scheduling Location:Lennox Auto Body Type:Hands-On&emsp;<a href=".\ScreenShot\ICar_VR_TC32_705186200093700.png" target="_blank" >[ScreenShot]</a></div>
<div class="test-event"> <font color="maroon"> <small> &emsp; &emsp;--- 06 Aug 12:25:43 714 - Page URL:: https://i-car--staging.sandbox.my.salesforce.com/</small> </font> </div>
<div class="test-event"> <font color="maroon"> <small> &emsp; &emsp;--- 06 Aug 12:25:43 714 - <b>0</b> - Page Load Wait: (Sync) - ICar.support.Utils.waitForPageLoad(Utils.java:109)</small> </font> </div>
<div class="test-message">&emsp;Successfully navigated to 'Login' Page&emsp;<a href=".\ScreenShot\ICar_VR_TC32_705189364668100.png" target="_blank" >[ScreenShot]</a></div>
<div class="test-message">&emsp;1. Login page is launched.</div>
<div class="test-event"> <font color="maroon"> <small> &emsp; &emsp;--- 06 Aug 12:25:44 014 - Element is displayed:: [[ChromeDriver: chrome on WINDOWS (bc08538aa04ca0fc5d583beb57eceede)] -> id: username]</small> </font> </div>
<div class="test-event"> <font color="maroon"> <small> &emsp; &emsp;--- 06 Aug 12:25:44 094 - Element is displayed:: [[ChromeDriver: chrome on WINDOWS (bc08538aa04ca0fc5d583beb57eceede)] -> id: username]</small> </font> </div>
<div class="test-event"> <font color="maroon"> <small> &emsp; &emsp;--- 06 Aug 12:25:44 504 - Element is displayed:: [[ChromeDriver: chrome on WINDOWS (bc08538aa04ca0fc5d583beb57eceede)] -> id: password]</small> </font> </div>
<div class="test-event"> <font color="maroon"> <small> &emsp; &emsp;--- 06 Aug 12:25:44 736 - Element is displayed:: [[ChromeDriver: chrome on WINDOWS (bc08538aa04ca0fc5d583beb57eceede)] -> id: Login]</small> </font> </div>
<div class="test-event"> <font color="maroon"> <small> &emsp; &emsp;--- 06 Aug 12:26:19 822 - Catched spinner load exception due to Expected condition failed: waiting for ICar.support.WaitUtils$4@4ccdc1df (tried for 13 second(s) with 500 milliseconds interval)</small> </font> </div>
<div class="test-event"> <font color="maroon"> <small> &emsp; &emsp;--- 06 Aug 12:26:19 822 - <b>13</b> - Spinner Load Wait: (Sync) - ICar.support.WaitUtils.waitForSpinner(WaitUtils.java:225)</small> </font> </div>
<div class="test-event"> <font color="maroon"> <small> &emsp; &emsp;--- 06 Aug 12:26:36 698 - Catched spinner load exception due to Expected condition failed: waiting for ICar.support.WaitUtils$4@4ccdc1df (tried for 6 second(s) with 500 milliseconds interval)</small> </font> </div>
<div class="test-event"> <font color="maroon"> <small> &emsp; &emsp;--- 06 Aug 12:26:36 698 - <b>6</b> - Spinner Load Wait: (Sync) - ICar.support.WaitUtils.waitForSpinner(WaitUtils.java:225)</small> </font> </div>
<div class="test-event"> <font color="maroon"> <small> &emsp; &emsp;--- 06 Aug 12:26:36 785 - Element is displayed:: [[ChromeDriver: chrome on WINDOWS (bc08538aa04ca0fc5d583beb57eceede)] -> css selector: button[class*='search-button']]</small> </font> </div>
<div class="test-message">&emsp;2. Navigate to 'SalesForce Page'</div>
<div class="test-event"> <font color="maroon"> <small> &emsp; &emsp;--- 06 Aug 12:26:37 200 - Page URL:: https://i-car--staging.sandbox.lightning.force.com/lightning/o/account/list?filtername=00b1i000007mf4quaa</small> </font> </div>
<div class="test-event"> <font color="maroon"> <small> &emsp; &emsp;--- 06 Aug 12:26:37 200 - <b>0</b> - Page Load Wait: (Sync) - ICar.support.Utils.waitForPageLoad(Utils.java:109)</small> </font> </div>
<div class="test-event"> <font color="maroon"> <small> &emsp; &emsp;--- 06 Aug 12:26:42 684 - Page URL:: https://i-car--staging.sandbox.lightning.force.com/lightning/o/account/list?filtername=00b1i000007mf4quaa</small> </font> </div>
<div class="test-event"> <font color="maroon"> <small> &emsp; &emsp;--- 06 Aug 12:26:42 684 - <b>0</b> - Page Load Wait: (Sync) - ICar.support.Utils.waitForPageLoad(Utils.java:109)</small> </font> </div>
<div class="test-message">&emsp;Close the tab</div>
<div class="test-event"> <font color="maroon"> <small> &emsp; &emsp;--- 06 Aug 12:27:05 622 - Catched spinner load exception due to Expected condition failed: waiting for ICar.support.WaitUtils$4@4ccdc1df (tried for 5 second(s) with 500 milliseconds interval)</small> </font> </div>
<div class="test-event"> <font color="maroon"> <small> &emsp; &emsp;--- 06 Aug 12:27:05 622 - <b>5</b> - Spinner Load Wait: (Sync) - ICar.support.WaitUtils.waitForSpinner(WaitUtils.java:225)</small> </font> </div>
<div class="test-event"> <font color="maroon"> <small> &emsp; &emsp;--- 06 Aug 12:27:06 021 - Page URL:: https://i-car--staging.sandbox.lightning.force.com/lightning/o/account/list?filtername=00b1i000007mf4quaa</small> </font> </div>
<div class="test-event"> <font color="maroon"> <small> &emsp; &emsp;--- 06 Aug 12:27:06 021 - <b>0</b> - Page Load Wait: (Sync) - ICar.support.Utils.waitForPageLoad(Utils.java:109)</small> </font> </div>
<div class="test-event"> <font color="maroon"> <small> &emsp; &emsp;--- 06 Aug 12:27:06 091 - Element is displayed:: [[ChromeDriver: chrome on WINDOWS (bc08538aa04ca0fc5d583beb57eceede)] -> xpath: //div[contains(@class,'appLauncher ')]//button]</small> </font> </div>
<div class="test-event"> <font color="maroon"> <small> &emsp; &emsp;--- 06 Aug 12:27:06 159 - Element is displayed:: [[ChromeDriver: chrome on WINDOWS (bc08538aa04ca0fc5d583beb57eceede)] -> xpath: //div[contains(@class,'appLauncher ')]//button]</small> </font> </div>
<div class="test-event"> <font color="maroon"> <small> &emsp; &emsp;--- 06 Aug 12:27:08 596 - Element is displayed:: [[ChromeDriver: chrome on WINDOWS (bc08538aa04ca0fc5d583beb57eceede)] -> xpath: //input[@placeholder='Search apps and items...']]</small> </font> </div>
<div class="test-event"> <font color="maroon"> <small> &emsp; &emsp;--- 06 Aug 12:27:08 669 - Element is displayed:: [[ChromeDriver: chrome on WINDOWS (bc08538aa04ca0fc5d583beb57eceede)] -> xpath: //input[@placeholder='Search apps and items...']]</small> </font> </div>
<div class="test-event"> <font color="maroon"> <small> &emsp; &emsp;--- 06 Aug 12:27:12 046 - Element is displayed:: [[ChromeDriver: chrome on WINDOWS (bc08538aa04ca0fc5d583beb57eceede)] -> xpath: //lightning-formatted-rich-text/span/p/b[text()='Session Scheduling Console']]</small> </font> </div>
<div class="test-event"> <font color="maroon"> <small> &emsp; &emsp;--- 06 Aug 12:27:15 087 - Element is displayed:: [[ChromeDriver: chrome on WINDOWS (bc08538aa04ca0fc5d583beb57eceede)] -> xpath: //lightning-formatted-rich-text/span/p/b[text()='Session Scheduling Console']]</small> </font> </div>
<div class="test-event"> <font color="maroon"> <small> &emsp; &emsp;--- 06 Aug 12:27:15 810 - Page URL:: https://i-car--staging.sandbox.lightning.force.com/lightning/o/account/list?filtername=00b1i000007mf4quaa</small> </font> </div>
<div class="test-event"> <font color="maroon"> <small> &emsp; &emsp;--- 06 Aug 12:27:15 810 - <b>0</b> - Page Load Wait: (Sync) - ICar.support.Utils.waitForPageLoad(Utils.java:109)</small> </font> </div>
<div class="test-event"> <font color="maroon"> <small> &emsp; &emsp;--- 06 Aug 12:27:26 103 - Page URL:: https://i-car--staging.sandbox.lightning.force.com/lightning/n/session_scheduling_console</small> </font> </div>
<div class="test-event"> <font color="maroon"> <small> &emsp; &emsp;--- 06 Aug 12:27:26 103 - <b>0</b> - Page Load Wait: (Sync) - ICar.support.Utils.waitForPageLoad(Utils.java:109)</small> </font> </div>
<div class="test-event"> <font color="maroon"> <small> &emsp; &emsp;--- 06 Aug 12:27:50 106 - Catched spinner load exception due to Expected condition failed: waiting for ICar.support.WaitUtils$4@4ccdc1df (tried for 24 second(s) with 500 milliseconds interval)</small> </font> </div>
<div class="test-event"> <font color="maroon"> <small> &emsp; &emsp;--- 06 Aug 12:27:50 106 - <b>24</b> - Spinner Load Wait: (Sync) - ICar.support.WaitUtils.waitForSpinner(WaitUtils.java:225)</small> </font> </div>
<div class="test-event"> <font color="maroon"> <small> &emsp; &emsp;--- 06 Aug 12:27:50 312 - Page URL:: https://i-car--staging.sandbox.lightning.force.com/lightning/n/session_scheduling_console</small> </font> </div>
<div class="test-event"> <font color="maroon"> <small> &emsp; &emsp;--- 06 Aug 12:27:50 312 - <b>0</b> - Page Load Wait: (Sync) - ICar.support.Utils.waitForPageLoad(Utils.java:109)</small> </font> </div>
<div class="test-event"> <font color="maroon"> <small> &emsp; &emsp;--- 06 Aug 12:28:10 507 - Catched spinner load exception due to Expected condition failed: waiting for ICar.support.WaitUtils$4@4ccdc1df (tried for 20 second(s) with 500 milliseconds interval)</small> </font> </div>
<div class="test-event"> <font color="maroon"> <small> &emsp; &emsp;--- 06 Aug 12:28:10 507 - <b>20</b> - Spinner Load Wait: (Sync) - ICar.support.WaitUtils.waitForSpinner(WaitUtils.java:225)</small> </font> </div>
<div class="test-message">&emsp;Total no of frames 1</div>
<div class="test-event"> <font color="maroon"> <small> &emsp; &emsp;--- 06 Aug 12:28:10 657 - Element is displayed:: [[ChromeDriver: chrome on WINDOWS (bc08538aa04ca0fc5d583beb57eceede)] -> xpath: //span[@class='slds-checkbox_faux']]</small> </font> </div>
<div class="test-event"> <font color="maroon"> <small> &emsp; &emsp;--- 06 Aug 12:28:14 777 - Element is displayed:: [[ChromeDriver: chrome on WINDOWS (bc08538aa04ca0fc5d583beb57eceede)] -> xpath: //span[@class='slds-checkbox_faux']]</small> </font> </div>
<div class="test-event"> <font color="maroon"> <small> &emsp; &emsp;--- 06 Aug 12:28:16 882 - Element is displayed:: [[ChromeDriver: chrome on WINDOWS (bc08538aa04ca0fc5d583beb57eceede)] -> xpath: //div[text()='Queued']]</small> </font> </div>
<div class="test-event"> <font color="maroon"> <small> &emsp; &emsp;--- 06 Aug 12:28:19 973 - Element is displayed:: [[ChromeDriver: chrome on WINDOWS (bc08538aa04ca0fc5d583beb57eceede)] -> xpath: (//input[@type='text'])[4]]</small> </font> </div>
<div class="test-event"> <font color="maroon"> <small> &emsp; &emsp;--- 06 Aug 12:28:20 029 - Element is displayed:: [[ChromeDriver: chrome on WINDOWS (bc08538aa04ca0fc5d583beb57eceede)] -> xpath: (//input[@type='text'])[4]]</small> </font> </div>
<div class="test-event"> <font color="maroon"> <small> &emsp; &emsp;--- 06 Aug 12:28:20 097 - Element is displayed:: [[ChromeDriver: chrome on WINDOWS (bc08538aa04ca0fc5d583beb57eceede)] -> xpath: (//input[@type='text'])[4]]</small> </font> </div>
<div class="test-event"> <font color="maroon"> <small> &emsp; &emsp;--- 06 Aug 12:28:23 447 - Page URL:: https://i-car--staging.sandbox.lightning.force.com/lightning/n/session_scheduling_console</small> </font> </div>
<div class="test-event"> <font color="maroon"> <small> &emsp; &emsp;--- 06 Aug 12:28:23 447 - <b>0</b> - Page Load Wait: (Sync) - ICar.support.Utils.waitForPageLoad(Utils.java:109)</small> </font> </div>
<div class="test-event"> <font color="maroon"> <small> &emsp; &emsp;--- 06 Aug 12:28:23 690 - Page URL:: https://i-car--staging.sandbox.lightning.force.com/lightning/n/session_scheduling_console</small> </font> </div>
<div class="test-event"> <font color="maroon"> <small> &emsp; &emsp;--- 06 Aug 12:28:23 690 - <b>0</b> - Page Load Wait: (Sync) - ICar.support.Utils.waitForPageLoad(Utils.java:109)</small> </font> </div>
<div class="test-event"> <font color="maroon"> <small> &emsp; &emsp;--- 06 Aug 12:28:36 195 - Catched spinner load exception due to Expected condition failed: waiting for ICar.support.WaitUtils$4@4ccdc1df (tried for 12 second(s) with 500 milliseconds interval)</small> </font> </div>
<div class="test-event"> <font color="maroon"> <small> &emsp; &emsp;--- 06 Aug 12:28:36 195 - <b>12</b> - Spinner Load Wait: (Sync) - ICar.support.WaitUtils.waitForSpinner(WaitUtils.java:225)</small> </font> </div>
<div class="test-event"> <font color="maroon"> <small> &emsp; &emsp;--- 06 Aug 12:28:56 487 - Catched spinner load exception due to Expected condition failed: waiting for ICar.support.WaitUtils$4@4ccdc1df (tried for 20 second(s) with 500 milliseconds interval)</small> </font> </div>
<div class="test-event"> <font color="maroon"> <small> &emsp; &emsp;--- 06 Aug 12:28:56 488 - <b>20</b> - Spinner Load Wait: (Sync) - ICar.support.WaitUtils.waitForSpinner(WaitUtils.java:225)</small> </font> </div>
<div class="test-message">&emsp;Total no of frames 1</div>
<div class="test-message">&emsp;Job numberJOB-97281</div>
<div class="test-event"> <font color="maroon"> <small> &emsp; &emsp;--- 06 Aug 12:29:11 123 - Catched spinner load exception due to Expected condition failed: waiting for ICar.support.WaitUtils$4@4ccdc1df (tried for 12 second(s) with 500 milliseconds interval)</small> </font> </div>
<div class="test-event"> <font color="maroon"> <small> &emsp; &emsp;--- 06 Aug 12:29:11 123 - <b>12</b> - Spinner Load Wait: (Sync) - ICar.support.WaitUtils.waitForSpinner(WaitUtils.java:225)</small> </font> </div>
<div class="test-event"> <font color="maroon"> <small> &emsp; &emsp;--- 06 Aug 12:29:11 183 - Element is displayed:: [[ChromeDriver: chrome on WINDOWS (bc08538aa04ca0fc5d583beb57eceede)] -> xpath: //div[@class='slds-scrollable_y slds-p-horizontal_small slds-grow ng-scope']//table//tbody//tr//td[@class='col-action']//button]</small> </font> </div>
<div class="test-event"> <font color="maroon"> <small> &emsp; &emsp;--- 06 Aug 12:29:11 276 - Element is displayed:: [[ChromeDriver: chrome on WINDOWS (bc08538aa04ca0fc5d583beb57eceede)] -> xpath: (//li[@class='slds-dropdown__item']//a//span[@class='slds-truncate'])[2]]</small> </font> </div>
<div class="test-event"> <font color="maroon"> <small> &emsp; &emsp;--- 06 Aug 12:29:31 917 - Catched spinner load exception due to Expected condition failed: waiting for ICar.support.WaitUtils$4@4ccdc1df (tried for 10 second(s) with 500 milliseconds interval)</small> </font> </div>
<div class="test-event"> <font color="maroon"> <small> &emsp; &emsp;--- 06 Aug 12:29:31 917 - <b>10</b> - Spinner Load Wait: (Sync) - ICar.support.WaitUtils.waitForSpinner(WaitUtils.java:225)</small> </font> </div>
<div class="test-event"> <font color="maroon"> <small> &emsp; &emsp;--- 06 Aug 12:29:31 953 - Element is displayed:: [[ChromeDriver: chrome on WINDOWS (bc08538aa04ca0fc5d583beb57eceede)] -> css selector: div[class*='schedule-box_container']]</small> </font> </div>
<div class="test-event"> <font color="maroon"> <small> &emsp; &emsp;--- 06 Aug 12:29:46 605 - Catched spinner load exception due to Expected condition failed: waiting for ICar.support.WaitUtils$4@4ccdc1df (tried for 10 second(s) with 500 milliseconds interval)</small> </font> </div>
<div class="test-event"> <font color="maroon"> <small> &emsp; &emsp;--- 06 Aug 12:29:46 605 - <b>10</b> - Spinner Load Wait: (Sync) - ICar.support.WaitUtils.waitForSpinner(WaitUtils.java:225)</small> </font> </div>
<div class="test-event"> <font color="maroon"> <small> &emsp; &emsp;--- 06 Aug 12:29:46 688 - Element is displayed:: [[ChromeDriver: chrome on WINDOWS (bc08538aa04ca0fc5d583beb57eceede)] -> xpath: //div[@model='job.startTime']//input[contains(@name,'startTime_')]]</small> </font> </div>
<div class="test-event"> <font color="maroon"> <small> &emsp; &emsp;--- 06 Aug 12:29:49 777 - Element is displayed:: [[ChromeDriver: chrome on WINDOWS (bc08538aa04ca0fc5d583beb57eceede)] -> css selector: div[class*='schedule-box_container']]</small> </font> </div>
<div class="test-event"> <font color="maroon"> <small> &emsp; &emsp;--- 06 Aug 12:29:57 593 - Element is displayed:: [[ChromeDriver: chrome on WINDOWS (bc08538aa04ca0fc5d583beb57eceede)] -> xpath: (//div[@class='ui-timepicker-wrapper ui-timepicker-positioned-top'])[1] /ul/li]</small> </font> </div>
<div class="test-message">&emsp;Start time entered for sheduling the session is : 03:30 AM&emsp;<a href=".\ScreenShot\ICar_VR_TC32_705451960866700.png" target="_blank" >[ScreenShot]</a></div>
<div class="test-event"> <font color="maroon"> <small> &emsp; &emsp;--- 06 Aug 12:30:06 599 - Element is displayed:: [[ChromeDriver: chrome on WINDOWS (bc08538aa04ca0fc5d583beb57eceede)] -> css selector: div[label='Session Owner'] button]</small> </font> </div>
<div class="test-event"> <font color="maroon"> <small> &emsp; &emsp;--- 06 Aug 12:30:08 112 - Element is displayed:: [[ChromeDriver: chrome on WINDOWS (bc08538aa04ca0fc5d583beb57eceede)] -> xpath: //div[@ref='undefined']//ul//li//span/div]</small> </font> </div>
<div class="test-event"> <font color="maroon"> <small> &emsp; &emsp;--- 06 Aug 12:30:08 150 - Element is displayed:: [[ChromeDriver: chrome on WINDOWS (bc08538aa04ca0fc5d583beb57eceede)] -> xpath: //div[@ref='undefined']//ul//li//span/div]</small> </font> </div>
<div class="test-message">&emsp;Session owner name is entered </div>
<div class="test-event"> <font color="maroon"> <small> &emsp; &emsp;--- 06 Aug 12:30:13 468 - Element is displayed:: [[ChromeDriver: chrome on WINDOWS (bc08538aa04ca0fc5d583beb57eceede)] -> xpath: //button[text()='Save & Allocate Instructor(s)'] | //button[text()=' Save & Allocate Instructor(s) ']]</small> </font> </div>
<div class="test-event"> <font color="maroon"> <small> &emsp; &emsp;--- 06 Aug 12:30:20 813 - Catched spinner load exception due to Expected condition failed: waiting for ICar.support.WaitUtils$4@4ccdc1df (tried for 7 second(s) with 500 milliseconds interval)</small> </font> </div>
<div class="test-event"> <font color="maroon"> <small> &emsp; &emsp;--- 06 Aug 12:30:20 813 - <b>7</b> - Spinner Load Wait: (Sync) - ICar.support.WaitUtils.waitForSpinner(WaitUtils.java:225)</small> </font> </div>
<div class="test-event"> <font color="maroon"> <small> &emsp; &emsp;--- 06 Aug 12:30:21 121 - Page URL:: https://i-car--staging.sandbox.lightning.force.com/lightning/n/session_scheduling_console</small> </font> </div>
<div class="test-event"> <font color="maroon"> <small> &emsp; &emsp;--- 06 Aug 12:30:21 122 - <b>0</b> - Page Load Wait: (Sync) - ICar.support.Utils.waitForPageLoad(Utils.java:109)</small> </font> </div>
<div class="test-event"> <font color="maroon"> <small> &emsp; &emsp;--- 06 Aug 12:30:41 492 - Catched spinner load exception due to Expected condition failed: waiting for ICar.support.WaitUtils$4@4ccdc1df (tried for 20 second(s) with 500 milliseconds interval)</small> </font> </div>
<div class="test-event"> <font color="maroon"> <small> &emsp; &emsp;--- 06 Aug 12:30:41 492 - <b>20</b> - Spinner Load Wait: (Sync) - ICar.support.WaitUtils.waitForSpinner(WaitUtils.java:225)</small> </font> </div>
<div class="test-event"> <font color="maroon"> <small> &emsp; &emsp;--- 06 Aug 12:30:41 838 - Page URL:: https://i-car--staging.sandbox.lightning.force.com/lightning/n/session_scheduling_console</small> </font> </div>
<div class="test-event"> <font color="maroon"> <small> &emsp; &emsp;--- 06 Aug 12:30:41 839 - <b>0</b> - Page Load Wait: (Sync) - ICar.support.Utils.waitForPageLoad(Utils.java:109)</small> </font> </div>
<div class="test-event"> <font color="maroon"> <small> &emsp; &emsp;--- 06 Aug 12:32:31 386 - Element is displayed:: [[ChromeDriver: chrome on WINDOWS (bc08538aa04ca0fc5d583beb57eceede)] -> xpath: //button[@class='slds-button slds-button_icon button-icon_blue slds-button_icon-border-filled slds-button_icon-x-small'] | //button[@class='slds-button slds-button_icon slds-button_icon-border-filled slds-button_icon-x-small button-icon_blue']]</small> </font> </div>
<div class="test-message">&emsp;Created Jobs are assigned with instructor/Assessor IcAR Automation Instructor 0</div>
<div class="test-event"> <font color="maroon"> <small> &emsp; &emsp;--- 06 Aug 12:32:31 590 - Element is displayed:: [[ChromeDriver: chrome on WINDOWS (bc08538aa04ca0fc5d583beb57eceede)] -> xpath: //button[text()='No (assign anyway)']]</small> </font> </div>
<div class="test-event"> <font color="maroon"> <small> &emsp; &emsp;--- 06 Aug 12:32:31 659 - Element is displayed:: [[ChromeDriver: chrome on WINDOWS (bc08538aa04ca0fc5d583beb57eceede)] -> xpath: //button[text()='No (assign anyway)']]</small> </font> </div>
<div class="test-event"> <font color="maroon"> <small> &emsp; &emsp;--- 06 Aug 12:32:35 062 - Element is displayed:: [[ChromeDriver: chrome on WINDOWS (bc08538aa04ca0fc5d583beb57eceede)] -> xpath: //button[text()='Save & Dispatch']]</small> </font> </div>
<div class="test-message">&emsp;Assigned assessor for scheduled job </div>
<div class="test-event"> <font color="maroon"> <small> &emsp; &emsp;--- 06 Aug 12:32:38 391 - Page URL:: https://i-car--staging.sandbox.lightning.force.com/lightning/n/session_scheduling_console</small> </font> </div>
<div class="test-event"> <font color="maroon"> <small> &emsp; &emsp;--- 06 Aug 12:32:38 391 - <b>0</b> - Page Load Wait: (Sync) - ICar.support.Utils.waitForPageLoad(Utils.java:109)</small> </font> </div>
<div class="test-event"> <font color="maroon"> <small> &emsp; &emsp;--- 06 Aug 12:32:43 624 - Page URL:: https://i-car--staging.sandbox.lightning.force.com/lightning/n/session_scheduling_console</small> </font> </div>
<div class="test-event"> <font color="maroon"> <small> &emsp; &emsp;--- 06 Aug 12:32:43 624 - <b>0</b> - Page Load Wait: (Sync) - ICar.support.Utils.waitForPageLoad(Utils.java:109)</small> </font> </div>
<div class="test-message">&emsp;Close the tab</div>
<div class="test-event"> <font color="maroon"> <small> &emsp; &emsp;--- 06 Aug 12:32:53 941 - Catched spinner load exception due to Expected condition failed: waiting for ICar.support.WaitUtils$4@4ccdc1df (tried for 5 second(s) with 500 milliseconds interval)</small> </font> </div>
<div class="test-event"> <font color="maroon"> <small> &emsp; &emsp;--- 06 Aug 12:32:53 942 - <b>5</b> - Spinner Load Wait: (Sync) - ICar.support.WaitUtils.waitForSpinner(WaitUtils.java:225)</small> </font> </div>
<div class="test-event"> <font color="maroon"> <small> &emsp; &emsp;--- 06 Aug 12:32:54 190 - Page URL:: https://i-car--staging.sandbox.lightning.force.com/lightning/n/session_scheduling_console</small> </font> </div>
<div class="test-event"> <font color="maroon"> <small> &emsp; &emsp;--- 06 Aug 12:32:54 190 - <b>0</b> - Page Load Wait: (Sync) - ICar.support.Utils.waitForPageLoad(Utils.java:109)</small> </font> </div>
<div class="test-event"> <font color="maroon"> <small> &emsp; &emsp;--- 06 Aug 12:32:54 266 - Element is displayed:: [[ChromeDriver: chrome on WINDOWS (bc08538aa04ca0fc5d583beb57eceede)] -> xpath: //div[contains(@class,'appLauncher ')]//button]</small> </font> </div>
<div class="test-event"> <font color="maroon"> <small> &emsp; &emsp;--- 06 Aug 12:32:54 334 - Element is displayed:: [[ChromeDriver: chrome on WINDOWS (bc08538aa04ca0fc5d583beb57eceede)] -> xpath: //div[contains(@class,'appLauncher ')]//button]</small> </font> </div>
<div class="test-event"> <font color="maroon"> <small> &emsp; &emsp;--- 06 Aug 12:32:54 521 - Element is displayed:: [[ChromeDriver: chrome on WINDOWS (bc08538aa04ca0fc5d583beb57eceede)] -> xpath: //input[@placeholder='Search apps and items...']]</small> </font> </div>
<div class="test-event"> <font color="maroon"> <small> &emsp; &emsp;--- 06 Aug 12:32:54 588 - Element is displayed:: [[ChromeDriver: chrome on WINDOWS (bc08538aa04ca0fc5d583beb57eceede)] -> xpath: //input[@placeholder='Search apps and items...']]</small> </font> </div>
<div class="test-event"> <font color="maroon"> <small> &emsp; &emsp;--- 06 Aug 12:32:57 689 - Element is displayed:: [[ChromeDriver: chrome on WINDOWS (bc08538aa04ca0fc5d583beb57eceede)] -> xpath: //lightning-formatted-rich-text/span/p/b[text()='Session Scheduling Console']]</small> </font> </div>
<div class="test-event"> <font color="maroon"> <small> &emsp; &emsp;--- 06 Aug 12:33:00 730 - Element is displayed:: [[ChromeDriver: chrome on WINDOWS (bc08538aa04ca0fc5d583beb57eceede)] -> xpath: //lightning-formatted-rich-text/span/p/b[text()='Session Scheduling Console']]</small> </font> </div>
<div class="test-event"> <font color="maroon"> <small> &emsp; &emsp;--- 06 Aug 12:33:01 023 - Page URL:: https://i-car--staging.sandbox.lightning.force.com/lightning/n/session_scheduling_console</small> </font> </div>
<div class="test-event"> <font color="maroon"> <small> &emsp; &emsp;--- 06 Aug 12:33:01 023 - <b>0</b> - Page Load Wait: (Sync) - ICar.support.Utils.waitForPageLoad(Utils.java:109)</small> </font> </div>
<div class="test-event"> <font color="maroon"> <small> &emsp; &emsp;--- 06 Aug 12:33:01 240 - Page URL:: https://i-car--staging.sandbox.lightning.force.com/lightning/n/session_scheduling_console</small> </font> </div>
<div class="test-event"> <font color="maroon"> <small> &emsp; &emsp;--- 06 Aug 12:33:01 240 - <b>0</b> - Page Load Wait: (Sync) - ICar.support.Utils.waitForPageLoad(Utils.java:109)</small> </font> </div>
<div class="test-event"> <font color="maroon"> <small> &emsp; &emsp;--- 06 Aug 12:33:06 426 - Catched spinner load exception due to Expected condition failed: waiting for ICar.support.WaitUtils$4@4ccdc1df (tried for 5 second(s) with 500 milliseconds interval)</small> </font> </div>
<div class="test-event"> <font color="maroon"> <small> &emsp; &emsp;--- 06 Aug 12:33:06 426 - <b>5</b> - Spinner Load Wait: (Sync) - ICar.support.WaitUtils.waitForSpinner(WaitUtils.java:225)</small> </font> </div>
<div class="test-event"> <font color="maroon"> <small> &emsp; &emsp;--- 06 Aug 12:33:08 564 - Element is displayed:: [[ChromeDriver: chrome on WINDOWS (bc08538aa04ca0fc5d583beb57eceede)] -> xpath: (//input[@type='text'])[4]]</small> </font> </div>
<div class="test-event"> <font color="maroon"> <small> &emsp; &emsp;--- 06 Aug 12:33:08 628 - Element is displayed:: [[ChromeDriver: chrome on WINDOWS (bc08538aa04ca0fc5d583beb57eceede)] -> xpath: (//input[@type='text'])[4]]</small> </font> </div>
<div class="test-event"> <font color="maroon"> <small> &emsp; &emsp;--- 06 Aug 12:33:08 698 - Element is displayed:: [[ChromeDriver: chrome on WINDOWS (bc08538aa04ca0fc5d583beb57eceede)] -> xpath: (//input[@type='text'])[4]]</small> </font> </div>
<div class="test-event"> <font color="maroon"> <small> &emsp; &emsp;--- 06 Aug 12:33:12 033 - Page URL:: https://i-car--staging.sandbox.lightning.force.com/lightning/n/session_scheduling_console</small> </font> </div>
<div class="test-event"> <font color="maroon"> <small> &emsp; &emsp;--- 06 Aug 12:33:12 033 - <b>0</b> - Page Load Wait: (Sync) - ICar.support.Utils.waitForPageLoad(Utils.java:109)</small> </font> </div>
<div class="test-event"> <font color="maroon"> <small> &emsp; &emsp;--- 06 Aug 12:33:32 361 - Catched spinner load exception due to Expected condition failed: waiting for ICar.support.WaitUtils$4@4ccdc1df (tried for 20 second(s) with 500 milliseconds interval)</small> </font> </div>
<div class="test-event"> <font color="maroon"> <small> &emsp; &emsp;--- 06 Aug 12:33:32 362 - <b>20</b> - Spinner Load Wait: (Sync) - ICar.support.WaitUtils.waitForSpinner(WaitUtils.java:225)</small> </font> </div>
<div class="test-message">&emsp;Total no of frames 1</div>
<div class="test-event"> <font color="maroon"> <small> &emsp; &emsp;--- 06 Aug 12:33:32 539 - Element is displayed:: [[ChromeDriver: chrome on WINDOWS (bc08538aa04ca0fc5d583beb57eceede)] -> xpath: //span[@class='slds-checkbox_faux']]</small> </font> </div>
<div class="test-event"> <font color="maroon"> <small> &emsp; &emsp;--- 06 Aug 12:33:36 660 - Element is displayed:: [[ChromeDriver: chrome on WINDOWS (bc08538aa04ca0fc5d583beb57eceede)] -> xpath: //span[@class='slds-checkbox_faux']]</small> </font> </div>
<div class="test-event"> <font color="maroon"> <small> &emsp; &emsp;--- 06 Aug 12:33:38 729 - Element is displayed:: [[ChromeDriver: chrome on WINDOWS (bc08538aa04ca0fc5d583beb57eceede)] -> xpath: //div[text()='Dispatched']]</small> </font> </div>
<div class="test-event"> <font color="maroon"> <small> &emsp; &emsp;--- 06 Aug 12:33:51 968 - Page URL:: https://i-car--staging.sandbox.lightning.force.com/lightning/n/session_scheduling_console</small> </font> </div>
<div class="test-event"> <font color="maroon"> <small> &emsp; &emsp;--- 06 Aug 12:33:51 968 - <b>0</b> - Page Load Wait: (Sync) - ICar.support.Utils.waitForPageLoad(Utils.java:109)</small> </font> </div>
<div class="test-event"> <font color="maroon"> <small> &emsp; &emsp;--- 06 Aug 12:33:52 203 - Page URL:: https://i-car--staging.sandbox.lightning.force.com/lightning/n/session_scheduling_console</small> </font> </div>
<div class="test-event"> <font color="maroon"> <small> &emsp; &emsp;--- 06 Aug 12:33:52 203 - <b>0</b> - Page Load Wait: (Sync) - ICar.support.Utils.waitForPageLoad(Utils.java:109)</small> </font> </div>
<div class="test-event"> <font color="maroon"> <small> &emsp; &emsp;--- 06 Aug 12:34:15 537 - Catched spinner load exception due to Expected condition failed: waiting for ICar.support.WaitUtils$4@4ccdc1df (tried for 20 second(s) with 500 milliseconds interval)</small> </font> </div>
<div class="test-event"> <font color="maroon"> <small> &emsp; &emsp;--- 06 Aug 12:34:15 537 - <b>20</b> - Spinner Load Wait: (Sync) - ICar.support.WaitUtils.waitForSpinner(WaitUtils.java:225)</small> </font> </div>
<div class="test-message">&emsp;Total no of frames 1</div>
<div class="test-message">&emsp;fetched job list:[JOB-97281]</div>
<div class="test-event"> <font color="maroon"> <small> &emsp; &emsp;--- 06 Aug 12:34:34 094 - Element is displayed:: [[ChromeDriver: chrome on WINDOWS (bc08538aa04ca0fc5d583beb57eceede)] -> css selector: button[class*='search-button']]</small> </font> </div>
<div class="test-event"> <font color="maroon"> <small> &emsp; &emsp;--- 06 Aug 12:34:36 219 - Catched spinner load exception due to Expected condition failed: waiting for ICar.support.WaitUtils$4@4ccdc1df (tried for 2 second(s) with 500 milliseconds interval)</small> </font> </div>
<div class="test-event"> <font color="maroon"> <small> &emsp; &emsp;--- 06 Aug 12:34:36 219 - <b>2</b> - Spinner Load Wait: (Sync) - ICar.support.WaitUtils.waitForSpinner(WaitUtils.java:225)</small> </font> </div>
<div class="test-event"> <font color="maroon"> <small> &emsp; &emsp;--- 06 Aug 12:34:39 302 - Element is displayed:: [[ChromeDriver: chrome on WINDOWS (bc08538aa04ca0fc5d583beb57eceede)] -> css selector: button[class*='search-button']]</small> </font> </div>
<div class="test-event"> <font color="maroon"> <small> &emsp; &emsp;--- 06 Aug 12:34:39 706 - Page URL:: https://i-car--staging.sandbox.lightning.force.com/lightning/n/session_scheduling_console</small> </font> </div>
<div class="test-event"> <font color="maroon"> <small> &emsp; &emsp;--- 06 Aug 12:34:39 707 - <b>0</b> - Page Load Wait: (Sync) - ICar.support.Utils.waitForPageLoad(Utils.java:109)</small> </font> </div>
<div class="test-event"> <font color="maroon"> <small> &emsp; &emsp;--- 06 Aug 12:35:00 195 - Catched spinner load exception due to Expected condition failed: waiting for ICar.support.WaitUtils$4@4ccdc1df (tried for 4 second(s) with 500 milliseconds interval)</small> </font> </div>
<div class="test-event"> <font color="maroon"> <small> &emsp; &emsp;--- 06 Aug 12:35:00 195 - <b>4</b> - Spinner Load Wait: (Sync) - ICar.support.WaitUtils.waitForSpinner(WaitUtils.java:225)</small> </font> </div>
<div class="test-message">&emsp;Searched job idJOB-97281</div>
<div class="test-event"> <font color="maroon"> <small> &emsp; &emsp;--- 06 Aug 12:35:00 497 - Page URL:: https://i-car--staging.sandbox.lightning.force.com/lightning/r/sked__job__c/a2mvc000000butlyam/view</small> </font> </div>
<div class="test-event"> <font color="maroon"> <small> &emsp; &emsp;--- 06 Aug 12:35:00 497 - <b>0</b> - Page Load Wait: (Sync) - ICar.support.Utils.waitForPageLoad(Utils.java:109)</small> </font> </div>
<div class="test-event"> <font color="maroon"> <small> &emsp; &emsp;--- 06 Aug 12:35:23 700 - Unable to find a element after 9 sec ==> Proxy element for: AjaxElementLocator 'By.xpath: //div[contains(@id,'brandBand_')]/div/div/div[2]//table/tbody/tr/th/span/a|//span[@class='slds-grid slds-grid_align-spread']/div/lightning-primitive-custom-cell/force-lookup/div/a'</small> </font> </div>
<div class="test-message">&emsp;10.Clicked job id</div>
<div class="test-event"> <font color="maroon"> <small> &emsp; &emsp;--- 06 Aug 12:35:23 974 - Page URL:: https://i-car--staging.sandbox.lightning.force.com/lightning/r/sked__job__c/a2mvc000000butlyam/view</small> </font> </div>
<div class="test-event"> <font color="maroon"> <small> &emsp; &emsp;--- 06 Aug 12:35:23 974 - <b>0</b> - Page Load Wait: (Sync) - ICar.support.Utils.waitForPageLoad(Utils.java:109)</small> </font> </div>
<div class="test-event"> <font color="maroon"> <small> &emsp; &emsp;--- 06 Aug 12:35:39 143 - Catched spinner load exception due to Expected condition failed: waiting for ICar.support.WaitUtils$4@4ccdc1df (tried for 15 second(s) with 500 milliseconds interval)</small> </font> </div>
<div class="test-event"> <font color="maroon"> <small> &emsp; &emsp;--- 06 Aug 12:35:39 144 - <b>15</b> - Spinner Load Wait: (Sync) - ICar.support.WaitUtils.waitForSpinner(WaitUtils.java:225)</small> </font> </div>
<div class="test-event"> <font color="maroon"> <small> &emsp; &emsp;--- 06 Aug 12:35:39 384 - Page URL:: https://i-car--staging.sandbox.lightning.force.com/lightning/r/sked__job__c/a2mvc000000butlyam/view</small> </font> </div>
<div class="test-event"> <font color="maroon"> <small> &emsp; &emsp;--- 06 Aug 12:35:39 384 - <b>0</b> - Page Load Wait: (Sync) - ICar.support.Utils.waitForPageLoad(Utils.java:109)</small> </font> </div>
<div class="test-event"> <font color="maroon"> <small> &emsp; &emsp;--- 06 Aug 12:35:41 497 - Element is displayed:: [[ChromeDriver: chrome on WINDOWS (bc08538aa04ca0fc5d583beb57eceede)] -> xpath: //a[text()='Related']]</small> </font> </div>
<div class="test-event"> <font color="maroon"> <small> &emsp; &emsp;--- 06 Aug 12:35:41 546 - Element is displayed:: [[ChromeDriver: chrome on WINDOWS (bc08538aa04ca0fc5d583beb57eceede)] -> xpath: //a[text()='Related']]</small> </font> </div>
<div class="test-event"> <font color="maroon"> <small> &emsp; &emsp;--- 06 Aug 12:35:51 702 - Catched spinner load exception due to Expected condition failed: waiting for ICar.support.WaitUtils$4@4ccdc1df (tried for 10 second(s) with 500 milliseconds interval)</small> </font> </div>
<div class="test-event"> <font color="maroon"> <small> &emsp; &emsp;--- 06 Aug 12:35:51 703 - <b>10</b> - Spinner Load Wait: (Sync) - ICar.support.WaitUtils.waitForSpinner(WaitUtils.java:225)</small> </font> </div>
<div class="test-message">&emsp;11.Clicked on job id related tab</div>
<div class="test-event"> <font color="maroon"> <small> &emsp; &emsp;--- 06 Aug 12:35:52 335 - Page URL:: https://i-car--staging.sandbox.lightning.force.com/lightning/r/sked__job__c/a2mvc000000butlyam/view</small> </font> </div>
<div class="test-event"> <font color="maroon"> <small> &emsp; &emsp;--- 06 Aug 12:35:52 336 - <b>0</b> - Page Load Wait: (Sync) - ICar.support.Utils.waitForPageLoad(Utils.java:109)</small> </font> </div>
<div class="test-event"> <font color="maroon"> <small> &emsp; &emsp;--- 06 Aug 12:36:12 610 - Catched spinner load exception due to Expected condition failed: waiting for ICar.support.WaitUtils$4@4ccdc1df (tried for 20 second(s) with 500 milliseconds interval)</small> </font> </div>
<div class="test-event"> <font color="maroon"> <small> &emsp; &emsp;--- 06 Aug 12:36:12 611 - <b>20</b> - Spinner Load Wait: (Sync) - ICar.support.WaitUtils.waitForSpinner(WaitUtils.java:225)</small> </font> </div>
<div class="test-event"> <font color="maroon"> <small> &emsp; &emsp;--- 06 Aug 12:36:13 194 - Page URL:: https://i-car--staging.sandbox.lightning.force.com/lightning/r/sked__job__c/a2mvc000000butlyam/view</small> </font> </div>
<div class="test-event"> <font color="maroon"> <small> &emsp; &emsp;--- 06 Aug 12:36:13 194 - <b>0</b> - Page Load Wait: (Sync) - ICar.support.Utils.waitForPageLoad(Utils.java:109)</small> </font> </div>
<div class="test-event"> <font color="maroon"> <small> &emsp; &emsp;--- 06 Aug 12:36:33 456 - Catched spinner load exception due to Expected condition failed: waiting for ICar.support.WaitUtils$4@4ccdc1df (tried for 20 second(s) with 500 milliseconds interval)</small> </font> </div>
<div class="test-event"> <font color="maroon"> <small> &emsp; &emsp;--- 06 Aug 12:36:33 456 - <b>20</b> - Spinner Load Wait: (Sync) - ICar.support.WaitUtils.waitForSpinner(WaitUtils.java:225)</small> </font> </div>
<div class="test-event"> <font color="maroon"> <small> &emsp; &emsp;--- 06 Aug 12:36:35 542 - Element is displayed:: [[ChromeDriver: chrome on WINDOWS (bc08538aa04ca0fc5d583beb57eceede)] -> xpath: //h2/a/span[@title='Job Allocations']]</small> </font> </div>
<div class="test-event"> <font color="maroon"> <small> &emsp; &emsp;--- 06 Aug 12:36:36 489 - Page URL:: https://i-car--staging.sandbox.lightning.force.com/lightning/r/sked__job__c/a2mvc000000butlyam/related/sked__job_allocations__r/view?ws=%2flightning%2fr%2fsked__job__c%2fa2mvc000000butlyam%2fview</small> </font> </div>
<div class="test-event"> <font color="maroon"> <small> &emsp; &emsp;--- 06 Aug 12:36:36 489 - <b>0</b> - Page Load Wait: (Sync) - ICar.support.Utils.waitForPageLoad(Utils.java:109)</small> </font> </div>
<div class="test-event"> <font color="maroon"> <small> &emsp; &emsp;--- 06 Aug 12:36:54 652 - Catched spinner load exception due to Expected condition failed: waiting for ICar.support.WaitUtils$4@4ccdc1df (tried for 18 second(s) with 500 milliseconds interval)</small> </font> </div>
<div class="test-event"> <font color="maroon"> <small> &emsp; &emsp;--- 06 Aug 12:36:54 652 - <b>18</b> - Spinner Load Wait: (Sync) - ICar.support.WaitUtils.waitForSpinner(WaitUtils.java:225)</small> </font> </div>
<div class="test-event"> <font color="maroon"> <small> &emsp; &emsp;--- 06 Aug 12:36:55 222 - Page URL:: https://i-car--staging.sandbox.lightning.force.com/lightning/r/sked__job__c/a2mvc000000butlyam/related/sked__job_allocations__r/view?ws=%2flightning%2fr%2fsked__job__c%2fa2mvc000000butlyam%2fview</small> </font> </div>
<div class="test-event"> <font color="maroon"> <small> &emsp; &emsp;--- 06 Aug 12:36:55 222 - <b>0</b> - Page Load Wait: (Sync) - ICar.support.Utils.waitForPageLoad(Utils.java:109)</small> </font> </div>
<div class="test-event"> <font color="maroon"> <small> &emsp; &emsp;--- 06 Aug 12:36:57 299 - Element is displayed:: [[ChromeDriver: chrome on WINDOWS (bc08538aa04ca0fc5d583beb57eceede)] -> xpath: //h1[contains(text(),'Job Allocations')]//following::div[@class="slds-col slds-no-space display-wrapper"]//table//tbody//tr//td[10]//span//div//lightning-primitive-custom-cell//lst-list-view-row-level-action//lightning-button-menu//button]</small> </font> </div>
<div class="test-event"> <font color="maroon"> <small> &emsp; &emsp;--- 06 Aug 12:36:58 036 - Page URL:: https://i-car--staging.sandbox.lightning.force.com/lightning/r/sked__job__c/a2mvc000000butlyam/related/sked__job_allocations__r/view?ws=%2flightning%2fr%2fsked__job__c%2fa2mvc000000butlyam%2fview</small> </font> </div>
<div class="test-event"> <font color="maroon"> <small> &emsp; &emsp;--- 06 Aug 12:36:58 036 - <b>0</b> - Page Load Wait: (Sync) - ICar.support.Utils.waitForPageLoad(Utils.java:109)</small> </font> </div>
<div class="test-event"> <font color="maroon"> <small> &emsp; &emsp;--- 06 Aug 12:37:02 200 - Catched spinner load exception due to Expected condition failed: waiting for ICar.support.WaitUtils$4@4ccdc1df (tried for 4 second(s) with 500 milliseconds interval)</small> </font> </div>
<div class="test-event"> <font color="maroon"> <small> &emsp; &emsp;--- 06 Aug 12:37:02 200 - <b>4</b> - Spinner Load Wait: (Sync) - ICar.support.WaitUtils.waitForSpinner(WaitUtils.java:225)</small> </font> </div>
<div class="test-event"> <font color="maroon"> <small> &emsp; &emsp;--- 06 Aug 12:37:02 757 - Page URL:: https://i-car--staging.sandbox.lightning.force.com/lightning/r/sked__job__c/a2mvc000000butlyam/related/sked__job_allocations__r/view?ws=%2flightning%2fr%2fsked__job__c%2fa2mvc000000butlyam%2fview</small> </font> </div>
<div class="test-event"> <font color="maroon"> <small> &emsp; &emsp;--- 06 Aug 12:37:02 757 - <b>0</b> - Page Load Wait: (Sync) - ICar.support.Utils.waitForPageLoad(Utils.java:109)</small> </font> </div>
<div class="test-event"> <font color="maroon"> <small> &emsp; &emsp;--- 06 Aug 12:37:02 809 - Element is displayed:: [[ChromeDriver: chrome on WINDOWS (bc08538aa04ca0fc5d583beb57eceede)] -> xpath: //li[@class='uiMenuItem']/a/div[@title='Edit']]</small> </font> </div>
<div class="test-event"> <font color="maroon"> <small> &emsp; &emsp;--- 06 Aug 12:37:02 881 - Element is displayed:: [[ChromeDriver: chrome on WINDOWS (bc08538aa04ca0fc5d583beb57eceede)] -> xpath: //li[@class='uiMenuItem']/a/div[@title='Edit']]</small> </font> </div>
<div class="test-event"> <font color="maroon"> <small> &emsp; &emsp;--- 06 Aug 12:37:03 865 - Page URL:: https://i-car--staging.sandbox.lightning.force.com/lightning/r/sked__job__c/a2mvc000000butlyam/related/sked__job_allocations__r/view?ws=%2flightning%2fr%2fsked__job__c%2fa2mvc000000butlyam%2fview</small> </font> </div>
<div class="test-event"> <font color="maroon"> <small> &emsp; &emsp;--- 06 Aug 12:37:03 868 - <b>0</b> - Page Load Wait: (Sync) - ICar.support.Utils.waitForPageLoad(Utils.java:109)</small> </font> </div>
<div class="test-event"> <font color="maroon"> <small> &emsp; &emsp;--- 06 Aug 12:37:22 319 - Catched spinner load exception due to Expected condition failed: waiting for ICar.support.WaitUtils$4@4ccdc1df (tried for 18 second(s) with 500 milliseconds interval)</small> </font> </div>
<div class="test-event"> <font color="maroon"> <small> &emsp; &emsp;--- 06 Aug 12:37:22 319 - <b>18</b> - Spinner Load Wait: (Sync) - ICar.support.WaitUtils.waitForSpinner(WaitUtils.java:225)</small> </font> </div>
<div class="test-message">&emsp;12.Clicked on Job allocation</div>
<div class="test-message">&emsp;13.Changed job status to confirmed</div>
<div class="test-event"> <font color="maroon"> <small> &emsp; &emsp;--- 06 Aug 12:37:22 954 - Page URL:: https://i-car--staging.sandbox.lightning.force.com/lightning/r/sked__job__c/a2mvc000000butlyam/related/sked__job_allocations__r/view?ws=%2flightning%2fr%2fsked__job__c%2fa2mvc000000butlyam%2fview</small> </font> </div>
<div class="test-event"> <font color="maroon"> <small> &emsp; &emsp;--- 06 Aug 12:37:22 954 - <b>0</b> - Page Load Wait: (Sync) - ICar.support.Utils.waitForPageLoad(Utils.java:109)</small> </font> </div>
<div class="test-event"> <font color="maroon"> <small> &emsp; &emsp;--- 06 Aug 12:37:41 162 - Catched spinner load exception due to Expected condition failed: waiting for ICar.support.WaitUtils$4@4ccdc1df (tried for 18 second(s) with 500 milliseconds interval)</small> </font> </div>
<div class="test-event"> <font color="maroon"> <small> &emsp; &emsp;--- 06 Aug 12:37:41 162 - <b>18</b> - Spinner Load Wait: (Sync) - ICar.support.WaitUtils.waitForSpinner(WaitUtils.java:225)</small> </font> </div>
<div class="test-event"> <font color="maroon"> <small> &emsp; &emsp;--- 06 Aug 12:37:41 754 - Page URL:: https://i-car--staging.sandbox.lightning.force.com/lightning/r/sked__job__c/a2mvc000000butlyam/related/sked__job_allocations__r/view?ws=%2flightning%2fr%2fsked__job__c%2fa2mvc000000butlyam%2fview</small> </font> </div>
<div class="test-event"> <font color="maroon"> <small> &emsp; &emsp;--- 06 Aug 12:37:41 755 - <b>0</b> - Page Load Wait: (Sync) - ICar.support.Utils.waitForPageLoad(Utils.java:109)</small> </font> </div>
<div class="test-event"> <font color="maroon"> <small> &emsp; &emsp;--- 06 Aug 12:37:50 892 - Element is displayed:: [[ChromeDriver: chrome on WINDOWS (bc08538aa04ca0fc5d583beb57eceede)] -> xpath: (//input[@class='slds-input slds-combobox__input'])[8] | //label[text()='Status']//following-sibling::div/lightning-base-combobox/div/div/div/button]</small> </font> </div>
<div class="test-event"> <font color="maroon"> <small> &emsp; &emsp;--- 06 Aug 12:37:56 071 - Element is displayed:: [[ChromeDriver: chrome on WINDOWS (bc08538aa04ca0fc5d583beb57eceede)] -> xpath: //span[text()='Confirmed']]</small> </font> </div>
<div class="test-event"> <font color="maroon"> <small> &emsp; &emsp;--- 06 Aug 12:38:08 290 - Element is displayed:: [[ChromeDriver: chrome on WINDOWS (bc08538aa04ca0fc5d583beb57eceede)] -> xpath: //button[text()='Save']]</small> </font> </div>
<div class="test-event"> <font color="maroon"> <small> &emsp; &emsp;--- 06 Aug 12:38:09 120 - Page URL:: https://i-car--staging.sandbox.lightning.force.com/lightning/r/sked__job__c/a2mvc000000butlyam/related/sked__job_allocations__r/view?ws=%2flightning%2fr%2fsked__job__c%2fa2mvc000000butlyam%2fview</small> </font> </div>
<div class="test-event"> <font color="maroon"> <small> &emsp; &emsp;--- 06 Aug 12:38:09 120 - <b>0</b> - Page Load Wait: (Sync) - ICar.support.Utils.waitForPageLoad(Utils.java:109)</small> </font> </div>
<div class="test-event"> <font color="maroon"> <small> &emsp; &emsp;--- 06 Aug 12:38:29 377 - Catched spinner load exception due to Expected condition failed: waiting for ICar.support.WaitUtils$4@4ccdc1df (tried for 20 second(s) with 500 milliseconds interval)</small> </font> </div>
<div class="test-event"> <font color="maroon"> <small> &emsp; &emsp;--- 06 Aug 12:38:29 377 - <b>20</b> - Spinner Load Wait: (Sync) - ICar.support.WaitUtils.waitForSpinner(WaitUtils.java:225)</small> </font> </div>
<div class="test-event"> <font color="maroon"> <small> &emsp; &emsp;--- 06 Aug 12:39:14 486 - Unable to find an element after 10 sec ==> Proxy element for: AjaxElementLocator 'By.xpath: //button[text()='Save']'</small> </font> </div>
<div class="test-message">&emsp;Job status changed to confirmed from dispatched</div>
<div class="test-event"> <font color="maroon"> <small> &emsp; &emsp;--- 06 Aug 12:39:16 565 - Element is displayed:: [[ChromeDriver: chrome on WINDOWS (bc08538aa04ca0fc5d583beb57eceede)] -> xpath: //input[@class='slds-input searchInputCls']]</small> </font> </div>
<div class="test-event"> <font color="maroon"> <small> &emsp; &emsp;--- 06 Aug 12:39:16 644 - Element is displayed:: [[ChromeDriver: chrome on WINDOWS (bc08538aa04ca0fc5d583beb57eceede)] -> xpath: //input[@class='slds-input searchInputCls']]</small> </font> </div>
<div class="test-message">&emsp;Successfully navigated to 'Home' Page&emsp;<a href=".\ScreenShot\ICar_VR_TC32_706002293058200.png" target="_blank" >[ScreenShot]</a></div>
<div class="test-message">&emsp;1. Home page is launched.</div>
<div class="test-event"> <font color="maroon"> <small> &emsp; &emsp;--- 06 Aug 12:39:17 033 - Page URL:: https://www.icarstage.com/</small> </font> </div>
<div class="test-event"> <font color="maroon"> <small> &emsp; &emsp;--- 06 Aug 12:39:17 033 - <b>0</b> - Page Load Wait: (Sync) - ICar.support.Utils.waitForPageLoad(Utils.java:109)</small> </font> </div>
<div class="test-event"> <font color="maroon"> <small> &emsp; &emsp;--- 06 Aug 12:39:17 097 - Element is displayed:: [[ChromeDriver: chrome on WINDOWS (bc08538aa04ca0fc5d583beb57eceede)] -> xpath: //button[@value='Launch myLearning']]</small> </font> </div>
<div class="test-event"> <font color="maroon"> <small> &emsp; &emsp;--- 06 Aug 12:39:17 260 - Page URL:: https://www.icarstage.com/</small> </font> </div>
<div class="test-event"> <font color="maroon"> <small> &emsp; &emsp;--- 06 Aug 12:39:17 260 - <b>0</b> - Page Load Wait: (Sync) - ICar.support.Utils.waitForPageLoad(Utils.java:109)</small> </font> </div>
<div class="test-event"> <font color="maroon"> <small> &emsp; &emsp;--- 06 Aug 12:39:42 395 - Catched spinner load exception due to Expected condition failed: waiting for ICar.support.WaitUtils$4@4ccdc1df (tried for 25 second(s) with 500 milliseconds interval)</small> </font> </div>
<div class="test-event"> <font color="maroon"> <small> &emsp; &emsp;--- 06 Aug 12:39:42 396 - <b>25</b> - Spinner Load Wait: (Sync) - ICar.support.WaitUtils.waitForSpinner(WaitUtils.java:225)</small> </font> </div>
<div class="test-event"> <font color="maroon"> <small> &emsp; &emsp;--- 06 Aug 12:39:42 448 - Element is displayed:: [[ChromeDriver: chrome on WINDOWS (bc08538aa04ca0fc5d583beb57eceede)] -> xpath: //a[text()='Manage In-Shop Events']]</small> </font> </div>
<div class="test-event"> <font color="maroon"> <small> &emsp; &emsp;--- 06 Aug 12:39:44 540 - Element is displayed:: [[ChromeDriver: chrome on WINDOWS (bc08538aa04ca0fc5d583beb57eceede)] -> xpath: //a[text()='Manage In-Shop Events']]</small> </font> </div>
<div class="test-event"> <font color="maroon"> <small> &emsp; &emsp;--- 06 Aug 12:40:11 203 - Catched spinner load exception due to Expected condition failed: waiting for ICar.support.WaitUtils$4@4ccdc1df (tried for 20 second(s) with 500 milliseconds interval)</small> </font> </div>
<div class="test-event"> <font color="maroon"> <small> &emsp; &emsp;--- 06 Aug 12:40:11 203 - <b>20</b> - Spinner Load Wait: (Sync) - ICar.support.WaitUtils.waitForSpinner(WaitUtils.java:225)</small> </font> </div>
<div class="test-event"> <font color="maroon"> <small> &emsp; &emsp;--- 06 Aug 12:40:11 383 - Page URL:: https://my.icarstage.com/s/manage-in-shop-events</small> </font> </div>
<div class="test-event"> <font color="maroon"> <small> &emsp; &emsp;--- 06 Aug 12:40:11 383 - <b>0</b> - Page Load Wait: (Sync) - ICar.support.Utils.waitForPageLoad(Utils.java:109)</small> </font> </div>
<div class="test-event"> <font color="maroon"> <small> &emsp; &emsp;--- 06 Aug 12:40:11 428 - Element is displayed:: [[ChromeDriver: chrome on WINDOWS (bc08538aa04ca0fc5d583beb57eceede)] -> xpath: //div[@class='slds-select_container']//select]</small> </font> </div>
<div class="test-message">&emsp;Successfully navigated to 'Hands on, Welding assessment and private events' page&emsp;<a href=".\ScreenShot\ICar_VR_TC32_706057076473400.png" target="_blank" >[ScreenShot]</a></div>
<div class="test-message">&emsp;19.Verify the request should be in 'Scheduled'</div>
<div class="test-event"> <font color="maroon"> <small> &emsp; &emsp;--- 06 Aug 12:40:13 692 - Element is displayed:: [[ChromeDriver: chrome on WINDOWS (bc08538aa04ca0fc5d583beb57eceede)] -> xpath: //div[@class='slds-select_container']//select]</small> </font> </div>
<div class="test-event"> <font color="maroon"> <small> &emsp; &emsp;--- 06 Aug 12:40:13 733 - Element is displayed:: [[ChromeDriver: chrome on WINDOWS (bc08538aa04ca0fc5d583beb57eceede)] -> xpath: //div[@class='slds-select_container']//select]</small> </font> </div>
<div class="test-message">&emsp;Scheduledvalue is selected in Request status drop down</div>
<div class="test-event"> <font color="maroon"> <small> &emsp; &emsp;--- 06 Aug 12:40:16 967 - Catched spinner load exception due to Expected condition failed: waiting for ICar.support.WaitUtils$4@4ccdc1df (tried for 3 second(s) with 500 milliseconds interval)</small> </font> </div>
<div class="test-event"> <font color="maroon"> <small> &emsp; &emsp;--- 06 Aug 12:40:16 967 - <b>3</b> - Spinner Load Wait: (Sync) - ICar.support.WaitUtils.waitForSpinner(WaitUtils.java:225)</small> </font> </div>
<div class="test-event"> <font color="maroon"> <small> &emsp; &emsp;--- 06 Aug 12:40:17 010 - Element is displayed:: [[ChromeDriver: chrome on WINDOWS (bc08538aa04ca0fc5d583beb57eceede)] -> xpath: //div[@class='slds-select_container']//select]</small> </font> </div>
<div class="test-event"> <font color="maroon"> <small> &emsp; &emsp;--- 06 Aug 12:40:17 053 - Element is displayed:: [[ChromeDriver: chrome on WINDOWS (bc08538aa04ca0fc5d583beb57eceede)] -> xpath: //div[@class='slds-select_container']//select]</small> </font> </div>
<div class="test-message">&emsp;Lennox Auto Bodyvalue is selected in Location drop down</div>
<div class="test-event"> <font color="maroon"> <small> &emsp; &emsp;--- 06 Aug 12:40:20 261 - Catched spinner load exception due to Expected condition failed: waiting for ICar.support.WaitUtils$4@4ccdc1df (tried for 3 second(s) with 500 milliseconds interval)</small> </font> </div>
<div class="test-event"> <font color="maroon"> <small> &emsp; &emsp;--- 06 Aug 12:40:20 261 - <b>3</b> - Spinner Load Wait: (Sync) - ICar.support.WaitUtils.waitForSpinner(WaitUtils.java:225)</small> </font> </div>
<div class="test-event"> <font color="maroon"> <small> &emsp; &emsp;--- 06 Aug 12:40:20 311 - Element is displayed:: [[ChromeDriver: chrome on WINDOWS (bc08538aa04ca0fc5d583beb57eceede)] -> xpath: //div[@class='slds-select_container']//select]</small> </font> </div>
<div class="test-event"> <font color="maroon"> <small> &emsp; &emsp;--- 06 Aug 12:40:20 354 - Element is displayed:: [[ChromeDriver: chrome on WINDOWS (bc08538aa04ca0fc5d583beb57eceede)] -> xpath: //div[@class='slds-select_container']//select]</small> </font> </div>
<div class="test-message">&emsp;Hands-Onvalue is selected in Type drop down</div>
<div class="test-event"> <font color="maroon"> <small> &emsp; &emsp;--- 06 Aug 12:40:30 771 - Catched spinner load exception due to Expected condition failed: waiting for ICar.support.WaitUtils$4@4ccdc1df (tried for 10 second(s) with 500 milliseconds interval)</small> </font> </div>
<div class="test-event"> <font color="maroon"> <small> &emsp; &emsp;--- 06 Aug 12:40:30 771 - <b>10</b> - Spinner Load Wait: (Sync) - ICar.support.WaitUtils.waitForSpinner(WaitUtils.java:225)</small> </font> </div>
<div class="test-message">&emsp;Successfully displayed table results as per the given Request status:Scheduled Location:Lennox Auto Body Type:Hands-On&emsp;<a href=".\ScreenShot\ICar_VR_TC32_706076519633300.png" target="_blank" >[ScreenShot]</a></div>
<div class="test-event"> <font color="maroon"> <small> &emsp; &emsp;--- 06 Aug 12:40:34 251 - Page URL:: https://i-car--staging.sandbox.lightning.force.com/one/one.app</small> </font> </div>
<div class="test-event"> <font color="maroon"> <small> &emsp; &emsp;--- 06 Aug 12:40:34 252 - <b>0</b> - Page Load Wait: (Sync) - ICar.support.Utils.waitForPageLoad(Utils.java:109)</small> </font> </div>
<div class="test-message">&emsp;Successfully navigated to 'Login' Page&emsp;<a href=".\ScreenShot\ICar_VR_TC32_706079900706000.png" target="_blank" >[ScreenShot]</a></div>
<div class="test-message">&emsp;1. Login page is launched.</div>
<div class="test-message">&emsp;2. Navigate to 'SalesForce Page'</div>
<div class="test-event"> <font color="maroon"> <small> &emsp; &emsp;--- 06 Aug 12:40:34 764 - Page URL:: https://i-car--staging.sandbox.lightning.force.com/lightning</small> </font> </div>
<div class="test-event"> <font color="maroon"> <small> &emsp; &emsp;--- 06 Aug 12:40:34 765 - <b>0</b> - Page Load Wait: (Sync) - ICar.support.Utils.waitForPageLoad(Utils.java:109)</small> </font> </div>
<div class="test-event"> <font color="maroon"> <small> &emsp; &emsp;--- 06 Aug 12:40:34 816 - Page URL:: https://i-car--staging.sandbox.lightning.force.com/lightning</small> </font> </div>
<div class="test-event"> <font color="maroon"> <small> &emsp; &emsp;--- 06 Aug 12:40:34 816 - <b>0</b> - Page Load Wait: (Sync) - ICar.support.Utils.waitForPageLoad(Utils.java:109)</small> </font> </div>
<div class="test-event"> <font color="maroon"> <small> &emsp; &emsp;--- 06 Aug 12:40:40 461 - Page URL:: https://i-car--staging.sandbox.lightning.force.com/lightning/r/sked__job__c/a2mvc000000butlyam/related/sked__job_allocations__r/view?ws=%2flightning%2fr%2fsked__job__c%2fa2mvc000000butlyam%2fview</small> </font> </div>
<div class="test-event"> <font color="maroon"> <small> &emsp; &emsp;--- 06 Aug 12:40:40 461 - <b>0</b> - Page Load Wait: (Sync) - ICar.support.Utils.waitForPageLoad(Utils.java:109)</small> </font> </div>
<div class="test-message">&emsp;Execute the SQL: WS.run();</div>
<div class="test-event"> <font color="maroon"> <small> &emsp; &emsp;--- 06 Aug 12:40:51 091 - Page URL:: https://i-car--staging.sandbox.lightning.force.com/lightning/o/account/list?filtername=00b1i000007mf4quaa</small> </font> </div>
<div class="test-event"> <font color="maroon"> <small> &emsp; &emsp;--- 06 Aug 12:40:51 091 - <b>0</b> - Page Load Wait: (Sync) - ICar.support.Utils.waitForPageLoad(Utils.java:109)</small> </font> </div>
<div class="test-event"> <font color="maroon"> <small> &emsp; &emsp;--- 06 Aug 12:40:51 531 - Page URL:: https://i-car--staging.sandbox.lightning.force.com/lightning/o/account/list?filtername=00b1i000007mf4quaa</small> </font> </div>
<div class="test-event"> <font color="maroon"> <small> &emsp; &emsp;--- 06 Aug 12:40:51 531 - <b>0</b> - Page Load Wait: (Sync) - ICar.support.Utils.waitForPageLoad(Utils.java:109)</small> </font> </div>
<div class="test-event"> <font color="maroon"> <small> &emsp; &emsp;--- 06 Aug 12:40:51 603 - Element is displayed:: [[ChromeDriver: chrome on WINDOWS (bc08538aa04ca0fc5d583beb57eceede)] -> xpath: //ul[@class='slds-global-actions']//div[@class='setupGear']]</small> </font> </div>
<div class="test-event"> <font color="maroon"> <small> &emsp; &emsp;--- 06 Aug 12:40:53 707 - Element is displayed:: [[ChromeDriver: chrome on WINDOWS (bc08538aa04ca0fc5d583beb57eceede)] -> xpath: //ul[@class='slds-global-actions']//div[@class='setupGear']]</small> </font> </div>
<div class="test-event"> <font color="maroon"> <small> &emsp; &emsp;--- 06 Aug 12:41:18 810 - Element is displayed:: [[ChromeDriver: chrome on WINDOWS (bc08538aa04ca0fc5d583beb57eceede)] -> xpath: //span[text()='Debug']/parent::button]</small> </font> </div>
<div class="test-event"> <font color="maroon"> <small> &emsp; &emsp;--- 06 Aug 12:41:18 911 - Element is displayed:: [[ChromeDriver: chrome on WINDOWS (bc08538aa04ca0fc5d583beb57eceede)] -> xpath: //div[text()='Open Execute Anonymous Window']]</small> </font> </div>
<div class="test-event"> <font color="maroon"> <small> &emsp; &emsp;--- 06 Aug 12:41:35 490 - Element is displayed:: [[ChromeDriver: chrome on WINDOWS (bc08538aa04ca0fc5d583beb57eceede)] -> xpath: //span[text()='Execute']]</small> </font> </div>
<div class="test-message">&emsp;Clicked on execute button</div>
<div class="test-message">&emsp;Execute the SQL: DoceboSync.run();</div>
<div class="test-event"> <font color="maroon"> <small> &emsp; &emsp;--- 06 Aug 12:43:42 089 - Page URL:: https://i-car--staging.sandbox.lightning.force.com/lightning/o/account/list?filtername=00b1i000007mf4quaa</small> </font> </div>
<div class="test-event"> <font color="maroon"> <small> &emsp; &emsp;--- 06 Aug 12:43:42 089 - <b>0</b> - Page Load Wait: (Sync) - ICar.support.Utils.waitForPageLoad(Utils.java:109)</small> </font> </div>
<div class="test-event"> <font color="maroon"> <small> &emsp; &emsp;--- 06 Aug 12:43:42 466 - Page URL:: https://i-car--staging.sandbox.lightning.force.com/lightning/o/account/list?filtername=00b1i000007mf4quaa</small> </font> </div>
<div class="test-event"> <font color="maroon"> <small> &emsp; &emsp;--- 06 Aug 12:43:42 467 - <b>0</b> - Page Load Wait: (Sync) - ICar.support.Utils.waitForPageLoad(Utils.java:109)</small> </font> </div>
<div class="test-event"> <font color="maroon"> <small> &emsp; &emsp;--- 06 Aug 12:43:42 516 - Element is displayed:: [[ChromeDriver: chrome on WINDOWS (bc08538aa04ca0fc5d583beb57eceede)] -> xpath: //ul[@class='slds-global-actions']//div[@class='setupGear']]</small> </font> </div>
<div class="test-event"> <font color="maroon"> <small> &emsp; &emsp;--- 06 Aug 12:43:44 633 - Element is displayed:: [[ChromeDriver: chrome on WINDOWS (bc08538aa04ca0fc5d583beb57eceede)] -> xpath: //ul[@class='slds-global-actions']//div[@class='setupGear']]</small> </font> </div>
<div class="test-event"> <font color="maroon"> <small> &emsp; &emsp;--- 06 Aug 12:44:07 171 - Element is displayed:: [[ChromeDriver: chrome on WINDOWS (bc08538aa04ca0fc5d583beb57eceede)] -> xpath: //span[text()='Debug']/parent::button]</small> </font> </div>
<div class="test-event"> <font color="maroon"> <small> &emsp; &emsp;--- 06 Aug 12:44:07 280 - Element is displayed:: [[ChromeDriver: chrome on WINDOWS (bc08538aa04ca0fc5d583beb57eceede)] -> xpath: //div[text()='Open Execute Anonymous Window']]</small> </font> </div>
<div class="test-event"> <font color="maroon"> <small> &emsp; &emsp;--- 06 Aug 12:44:23 583 - Element is displayed:: [[ChromeDriver: chrome on WINDOWS (bc08538aa04ca0fc5d583beb57eceede)] -> xpath: //span[text()='Execute']]</small> </font> </div>
<div class="test-message">&emsp;Clicked on execute button</div>
<div class="test-event"> <font color="maroon"> <small> &emsp; &emsp;--- 06 Aug 12:46:24 183 - Page URL:: https://i-car--staging.sandbox.lightning.force.com/lightning/o/account/list?filtername=00b1i000007mf4quaa</small> </font> </div>
<div class="test-event"> <font color="maroon"> <small> &emsp; &emsp;--- 06 Aug 12:46:24 183 - <b>0</b> - Page Load Wait: (Sync) - ICar.support.Utils.waitForPageLoad(Utils.java:109)</small> </font> </div>
<div class="test-event"> <font color="maroon"> <small> &emsp; &emsp;--- 06 Aug 12:46:29 611 - Page URL:: https://i-car--staging.sandbox.lightning.force.com/lightning/o/account/list?filtername=00b1i000007mf4quaa</small> </font> </div>
<div class="test-event"> <font color="maroon"> <small> &emsp; &emsp;--- 06 Aug 12:46:29 611 - <b>0</b> - Page Load Wait: (Sync) - ICar.support.Utils.waitForPageLoad(Utils.java:109)</small> </font> </div>
<div class="test-message">&emsp;Close the tab</div>
<div class="test-event"> <font color="maroon"> <small> &emsp; &emsp;--- 06 Aug 12:46:44 374 - Element is displayed:: [[ChromeDriver: chrome on WINDOWS (bc08538aa04ca0fc5d583beb57eceede)] -> css selector: button[class*='search-button']]</small> </font> </div>
<div class="test-event"> <font color="maroon"> <small> &emsp; &emsp;--- 06 Aug 12:46:46 498 - Catched spinner load exception due to Expected condition failed: waiting for ICar.support.WaitUtils$4@4ccdc1df (tried for 2 second(s) with 500 milliseconds interval)</small> </font> </div>
<div class="test-event"> <font color="maroon"> <small> &emsp; &emsp;--- 06 Aug 12:46:46 498 - <b>2</b> - Spinner Load Wait: (Sync) - ICar.support.WaitUtils.waitForSpinner(WaitUtils.java:225)</small> </font> </div>
<div class="test-event"> <font color="maroon"> <small> &emsp; &emsp;--- 06 Aug 12:46:49 664 - Element is displayed:: [[ChromeDriver: chrome on WINDOWS (bc08538aa04ca0fc5d583beb57eceede)] -> css selector: button[class*='search-button']]</small> </font> </div>
<div class="test-event"> <font color="maroon"> <small> &emsp; &emsp;--- 06 Aug 12:46:50 490 - Page URL:: https://i-car--staging.sandbox.lightning.force.com/lightning/o/account/list?filtername=00b1i000007mf4quaa</small> </font> </div>
<div class="test-event"> <font color="maroon"> <small> &emsp; &emsp;--- 06 Aug 12:46:50 490 - <b>0</b> - Page Load Wait: (Sync) - ICar.support.Utils.waitForPageLoad(Utils.java:109)</small> </font> </div>
<div class="test-event"> <font color="maroon"> <small> &emsp; &emsp;--- 06 Aug 12:47:11 294 - Catched spinner load exception due to Expected condition failed: waiting for ICar.support.WaitUtils$4@4ccdc1df (tried for 4 second(s) with 500 milliseconds interval)</small> </font> </div>
<div class="test-event"> <font color="maroon"> <small> &emsp; &emsp;--- 06 Aug 12:47:11 294 - <b>4</b> - Spinner Load Wait: (Sync) - ICar.support.WaitUtils.waitForSpinner(WaitUtils.java:225)</small> </font> </div>
<div class="test-event"> <font color="maroon"> <small> &emsp; &emsp;--- 06 Aug 12:47:11 735 - Page URL:: https://i-car--staging.sandbox.lightning.force.com/lightning/r/sked__job__c/a2mvc000000butlyam/view</small> </font> </div>
<div class="test-event"> <font color="maroon"> <small> &emsp; &emsp;--- 06 Aug 12:47:11 735 - <b>0</b> - Page Load Wait: (Sync) - ICar.support.Utils.waitForPageLoad(Utils.java:109)</small> </font> </div>
<div class="test-event"> <font color="maroon"> <small> &emsp; &emsp;--- 06 Aug 12:47:26 791 - Catched spinner load exception due to Expected condition failed: waiting for ICar.support.WaitUtils$4@4ccdc1df (tried for 15 second(s) with 500 milliseconds interval)</small> </font> </div>
<div class="test-event"> <font color="maroon"> <small> &emsp; &emsp;--- 06 Aug 12:47:26 791 - <b>15</b> - Spinner Load Wait: (Sync) - ICar.support.WaitUtils.waitForSpinner(WaitUtils.java:225)</small> </font> </div>
<div class="test-event"> <font color="maroon"> <small> &emsp; &emsp;--- 06 Aug 12:47:27 197 - Page URL:: https://i-car--staging.sandbox.lightning.force.com/lightning/r/sked__job__c/a2mvc000000butlyam/view</small> </font> </div>
<div class="test-event"> <font color="maroon"> <small> &emsp; &emsp;--- 06 Aug 12:47:27 197 - <b>0</b> - Page Load Wait: (Sync) - ICar.support.Utils.waitForPageLoad(Utils.java:109)</small> </font> </div>
<div class="test-event"> <font color="maroon"> <small> &emsp; &emsp;--- 06 Aug 12:48:53 659 - Unable to find an element after 20 sec ==> Proxy element for: AjaxElementLocator 'By.xpath: //a[@data-target-selection-name='relatedListsTabTab']'</small> </font> </div>
<div class="test-event"> <font color="maroon"> <small> &emsp; &emsp;--- 06 Aug 12:48:58 853 - Element is displayed:: [[ChromeDriver: chrome on WINDOWS (bc08538aa04ca0fc5d583beb57eceede)] -> xpath: //a[@id='relatedListsTab__item']]</small> </font> </div>
<div class="test-event"> <font color="maroon"> <small> &emsp; &emsp;--- 06 Aug 12:48:59 603 - Page URL:: https://i-car--staging.sandbox.lightning.force.com/lightning/r/sked__job__c/a2mvc000000butlyam/view</small> </font> </div>
<div class="test-event"> <font color="maroon"> <small> &emsp; &emsp;--- 06 Aug 12:48:59 603 - <b>0</b> - Page Load Wait: (Sync) - ICar.support.Utils.waitForPageLoad(Utils.java:109)</small> </font> </div>
<div class="test-event"> <font color="maroon"> <small> &emsp; &emsp;--- 06 Aug 12:49:05 087 - Catched spinner load exception due to Expected condition failed: waiting for ICar.support.WaitUtils$4@4ccdc1df (tried for 5 second(s) with 500 milliseconds interval)</small> </font> </div>
<div class="test-event"> <font color="maroon"> <small> &emsp; &emsp;--- 06 Aug 12:49:05 087 - <b>5</b> - Spinner Load Wait: (Sync) - ICar.support.WaitUtils.waitForSpinner(WaitUtils.java:225)</small> </font> </div>
<div class="test-event"> <font color="maroon"> <small> &emsp; &emsp;--- 06 Aug 12:49:23 378 - Catched spinner load exception due to Expected condition failed: waiting for ICar.support.WaitUtils$4@4ccdc1df (tried for 18 second(s) with 500 milliseconds interval)</small> </font> </div>
<div class="test-event"> <font color="maroon"> <small> &emsp; &emsp;--- 06 Aug 12:49:23 378 - <b>18</b> - Spinner Load Wait: (Sync) - ICar.support.WaitUtils.waitForSpinner(WaitUtils.java:225)</small> </font> </div>
<div class="test-event"> <font color="maroon"> <small> &emsp; &emsp;--- 06 Aug 12:49:24 138 - Page URL:: https://i-car--staging.sandbox.lightning.force.com/lightning/r/sked__job__c/a2mvc000000butlyam/view</small> </font> </div>
<div class="test-event"> <font color="maroon"> <small> &emsp; &emsp;--- 06 Aug 12:49:24 138 - <b>0</b> - Page Load Wait: (Sync) - ICar.support.Utils.waitForPageLoad(Utils.java:109)</small> </font> </div>
<div class="test-event"> <font color="maroon"> <small> &emsp; &emsp;--- 06 Aug 12:49:57 366 - Catched spinner load exception due to Expected condition failed: waiting for ICar.support.WaitUtils$4@4ccdc1df (tried for 15 second(s) with 500 milliseconds interval)</small> </font> </div>
<div class="test-event"> <font color="maroon"> <small> &emsp; &emsp;--- 06 Aug 12:49:57 366 - <b>15</b> - Spinner Load Wait: (Sync) - ICar.support.WaitUtils.waitForSpinner(WaitUtils.java:225)</small> </font> </div>
<div class="test-event"> <font color="maroon"> <small> &emsp; &emsp;--- 06 Aug 12:49:59 370 - Page URL:: https://i-car--staging.sandbox.lightning.force.com/lightning/r/sked__job__c/a2mvc000000butlyam/view</small> </font> </div>
<div class="test-event"> <font color="maroon"> <small> &emsp; &emsp;--- 06 Aug 12:49:59 370 - <b>0</b> - Page Load Wait: (Sync) - ICar.support.Utils.waitForPageLoad(Utils.java:109)</small> </font> </div>
<div class="test-event"> <font color="maroon"> <small> &emsp; &emsp;--- 06 Aug 12:50:09 825 - Catched spinner load exception due to Expected condition failed: waiting for ICar.support.WaitUtils$4@4ccdc1df (tried for 10 second(s) with 500 milliseconds interval)</small> </font> </div>
<div class="test-event"> <font color="maroon"> <small> &emsp; &emsp;--- 06 Aug 12:50:09 825 - <b>10</b> - Spinner Load Wait: (Sync) - ICar.support.WaitUtils.waitForSpinner(WaitUtils.java:225)</small> </font> </div>
<div class="test-event"> <font color="maroon"> <small> &emsp; &emsp;--- 06 Aug 12:50:10 637 - Page URL:: https://i-car--staging.sandbox.lightning.force.com/lightning/r/sked__job__c/a2mvc000000butlyam/view</small> </font> </div>
<div class="test-event"> <font color="maroon"> <small> &emsp; &emsp;--- 06 Aug 12:50:10 637 - <b>0</b> - Page Load Wait: (Sync) - ICar.support.Utils.waitForPageLoad(Utils.java:109)</small> </font> </div>
<div class="test-event"> <font color="maroon"> <small> &emsp; &emsp;--- 06 Aug 12:50:13 514 - Page URL:: https://i-car--staging.sandbox.lightning.force.com/lightning/r/sked__job__c/a2mvc000000butlyam/view</small> </font> </div>
<div class="test-event"> <font color="maroon"> <small> &emsp; &emsp;--- 06 Aug 12:50:13 514 - <b>0</b> - Page Load Wait: (Sync) - ICar.support.Utils.waitForPageLoad(Utils.java:109)</small> </font> </div>
<div class="test-event"> <font color="maroon"> <small> &emsp; &emsp;--- 06 Aug 12:50:17 808 - Catched spinner load exception due to Expected condition failed: waiting for ICar.support.WaitUtils$4@4ccdc1df (tried for 2 second(s) with 500 milliseconds interval)</small> </font> </div>
<div class="test-event"> <font color="maroon"> <small> &emsp; &emsp;--- 06 Aug 12:50:17 808 - <b>2</b> - Spinner Load Wait: (Sync) - ICar.support.WaitUtils.waitForSpinner(WaitUtils.java:225)</small> </font> </div>
<div class="test-event"> <font color="maroon"> <small> &emsp; &emsp;--- 06 Aug 12:50:18 702 - Page URL:: https://i-car--staging.sandbox.lightning.force.com/lightning/r/sked__job__c/a2mvc000000butlyam/view</small> </font> </div>
<div class="test-event"> <font color="maroon"> <small> &emsp; &emsp;--- 06 Aug 12:50:18 702 - <b>0</b> - Page Load Wait: (Sync) - ICar.support.Utils.waitForPageLoad(Utils.java:109)</small> </font> </div>
<div class="test-event"> <font color="maroon"> <small> &emsp; &emsp;--- 06 Aug 12:50:19 812 - Catched spinner load exception due to Expected condition failed: waiting for ICar.support.WaitUtils$4@4ccdc1df (tried for 1 second(s) with 500 milliseconds interval)</small> </font> </div>
<div class="test-event"> <font color="maroon"> <small> &emsp; &emsp;--- 06 Aug 12:50:19 812 - <b>1</b> - Spinner Load Wait: (Sync) - ICar.support.WaitUtils.waitForSpinner(WaitUtils.java:225)</small> </font> </div>
<div class="test-event"> <font color="maroon"> <small> &emsp; &emsp;--- 06 Aug 12:50:20 738 - Page URL:: https://i-car--staging.sandbox.lightning.force.com/lightning/r/sked__job__c/a2mvc000000butlyam/view</small> </font> </div>
<div class="test-event"> <font color="maroon"> <small> &emsp; &emsp;--- 06 Aug 12:50:20 738 - <b>0</b> - Page Load Wait: (Sync) - ICar.support.Utils.waitForPageLoad(Utils.java:109)</small> </font> </div>
<div class="test-event"> <font color="maroon"> <small> &emsp; &emsp;--- 06 Aug 12:50:25 003 - Catched spinner load exception due to Expected condition failed: waiting for ICar.support.WaitUtils$4@4ccdc1df (tried for 2 second(s) with 500 milliseconds interval)</small> </font> </div>
<div class="test-event"> <font color="maroon"> <small> &emsp; &emsp;--- 06 Aug 12:50:25 003 - <b>2</b> - Spinner Load Wait: (Sync) - ICar.support.WaitUtils.waitForSpinner(WaitUtils.java:225)</small> </font> </div>
<div class="test-event"> <font color="maroon"> <small> &emsp; &emsp;--- 06 Aug 12:50:26 008 - Page URL:: https://i-car--staging.sandbox.lightning.force.com/lightning/r/sked__job__c/a2mvc000000butlyam/view</small> </font> </div>
<div class="test-event"> <font color="maroon"> <small> &emsp; &emsp;--- 06 Aug 12:50:26 009 - <b>1</b> - Page Load Wait: (Sync) - ICar.support.Utils.waitForPageLoad(Utils.java:109)</small> </font> </div>
<div class="test-event"> <font color="maroon"> <small> &emsp; &emsp;--- 06 Aug 12:50:27 112 - Catched spinner load exception due to Expected condition failed: waiting for ICar.support.WaitUtils$4@4ccdc1df (tried for 1 second(s) with 500 milliseconds interval)</small> </font> </div>
<div class="test-event"> <font color="maroon"> <small> &emsp; &emsp;--- 06 Aug 12:50:27 112 - <b>1</b> - Spinner Load Wait: (Sync) - ICar.support.WaitUtils.waitForSpinner(WaitUtils.java:225)</small> </font> </div>
<div class="test-event"> <font color="maroon"> <small> &emsp; &emsp;--- 06 Aug 12:50:28 061 - Page URL:: https://i-car--staging.sandbox.lightning.force.com/lightning/r/sked__job__c/a2mvc000000butlyam/view</small> </font> </div>
<div class="test-event"> <font color="maroon"> <small> &emsp; &emsp;--- 06 Aug 12:50:28 062 - <b>0</b> - Page Load Wait: (Sync) - ICar.support.Utils.waitForPageLoad(Utils.java:109)</small> </font> </div>
<div class="test-event"> <font color="maroon"> <small> &emsp; &emsp;--- 06 Aug 12:50:32 370 - Catched spinner load exception due to Expected condition failed: waiting for ICar.support.WaitUtils$4@4ccdc1df (tried for 2 second(s) with 500 milliseconds interval)</small> </font> </div>
<div class="test-event"> <font color="maroon"> <small> &emsp; &emsp;--- 06 Aug 12:50:32 370 - <b>2</b> - Spinner Load Wait: (Sync) - ICar.support.WaitUtils.waitForSpinner(WaitUtils.java:225)</small> </font> </div>
<div class="test-event"> <font color="maroon"> <small> &emsp; &emsp;--- 06 Aug 12:50:33 104 - Page URL:: https://i-car--staging.sandbox.lightning.force.com/lightning/r/sked__job__c/a2mvc000000butlyam/view</small> </font> </div>
<div class="test-event"> <font color="maroon"> <small> &emsp; &emsp;--- 06 Aug 12:50:33 104 - <b>0</b> - Page Load Wait: (Sync) - ICar.support.Utils.waitForPageLoad(Utils.java:109)</small> </font> </div>
<div class="test-event"> <font color="maroon"> <small> &emsp; &emsp;--- 06 Aug 12:50:34 193 - Catched spinner load exception due to Expected condition failed: waiting for ICar.support.WaitUtils$4@4ccdc1df (tried for 1 second(s) with 500 milliseconds interval)</small> </font> </div>
<div class="test-event"> <font color="maroon"> <small> &emsp; &emsp;--- 06 Aug 12:50:34 193 - <b>1</b> - Spinner Load Wait: (Sync) - ICar.support.WaitUtils.waitForSpinner(WaitUtils.java:225)</small> </font> </div>
<div class="test-event"> <font color="maroon"> <small> &emsp; &emsp;--- 06 Aug 12:50:34 898 - Page URL:: https://i-car--staging.sandbox.lightning.force.com/lightning/r/sked__job__c/a2mvc000000butlyam/view</small> </font> </div>
<div class="test-event"> <font color="maroon"> <small> &emsp; &emsp;--- 06 Aug 12:50:34 898 - <b>0</b> - Page Load Wait: (Sync) - ICar.support.Utils.waitForPageLoad(Utils.java:109)</small> </font> </div>
<div class="test-event"> <font color="maroon"> <small> &emsp; &emsp;--- 06 Aug 12:50:39 141 - Catched spinner load exception due to Expected condition failed: waiting for ICar.support.WaitUtils$4@4ccdc1df (tried for 2 second(s) with 500 milliseconds interval)</small> </font> </div>
<div class="test-event"> <font color="maroon"> <small> &emsp; &emsp;--- 06 Aug 12:50:39 141 - <b>2</b> - Spinner Load Wait: (Sync) - ICar.support.WaitUtils.waitForSpinner(WaitUtils.java:225)</small> </font> </div>
<div class="test-event"> <font color="maroon"> <small> &emsp; &emsp;--- 06 Aug 12:50:39 839 - Page URL:: https://i-car--staging.sandbox.lightning.force.com/lightning/r/sked__job__c/a2mvc000000butlyam/view</small> </font> </div>
<div class="test-event"> <font color="maroon"> <small> &emsp; &emsp;--- 06 Aug 12:50:39 839 - <b>0</b> - Page Load Wait: (Sync) - ICar.support.Utils.waitForPageLoad(Utils.java:109)</small> </font> </div>
<div class="test-event"> <font color="maroon"> <small> &emsp; &emsp;--- 06 Aug 12:50:40 927 - Catched spinner load exception due to Expected condition failed: waiting for ICar.support.WaitUtils$4@4ccdc1df (tried for 1 second(s) with 500 milliseconds interval)</small> </font> </div>
<div class="test-event"> <font color="maroon"> <small> &emsp; &emsp;--- 06 Aug 12:50:40 927 - <b>1</b> - Spinner Load Wait: (Sync) - ICar.support.WaitUtils.waitForSpinner(WaitUtils.java:225)</small> </font> </div>
<div class="test-event"> <font color="maroon"> <small> &emsp; &emsp;--- 06 Aug 12:50:41 651 - Page URL:: https://i-car--staging.sandbox.lightning.force.com/lightning/r/sked__job__c/a2mvc000000butlyam/view</small> </font> </div>
<div class="test-event"> <font color="maroon"> <small> &emsp; &emsp;--- 06 Aug 12:50:41 651 - <b>0</b> - Page Load Wait: (Sync) - ICar.support.Utils.waitForPageLoad(Utils.java:109)</small> </font> </div>
<div class="test-event"> <font color="maroon"> <small> &emsp; &emsp;--- 06 Aug 12:50:45 841 - Catched spinner load exception due to Expected condition failed: waiting for ICar.support.WaitUtils$4@4ccdc1df (tried for 2 second(s) with 500 milliseconds interval)</small> </font> </div>
<div class="test-event"> <font color="maroon"> <small> &emsp; &emsp;--- 06 Aug 12:50:45 841 - <b>2</b> - Spinner Load Wait: (Sync) - ICar.support.WaitUtils.waitForSpinner(WaitUtils.java:225)</small> </font> </div>
<div class="test-event"> <font color="maroon"> <small> &emsp; &emsp;--- 06 Aug 12:50:46 538 - Page URL:: https://i-car--staging.sandbox.lightning.force.com/lightning/r/sked__job__c/a2mvc000000butlyam/view</small> </font> </div>
<div class="test-event"> <font color="maroon"> <small> &emsp; &emsp;--- 06 Aug 12:50:46 538 - <b>0</b> - Page Load Wait: (Sync) - ICar.support.Utils.waitForPageLoad(Utils.java:109)</small> </font> </div>
<div class="test-event"> <font color="maroon"> <small> &emsp; &emsp;--- 06 Aug 12:50:47 620 - Catched spinner load exception due to Expected condition failed: waiting for ICar.support.WaitUtils$4@4ccdc1df (tried for 1 second(s) with 500 milliseconds interval)</small> </font> </div>
<div class="test-event"> <font color="maroon"> <small> &emsp; &emsp;--- 06 Aug 12:50:47 620 - <b>1</b> - Spinner Load Wait: (Sync) - ICar.support.WaitUtils.waitForSpinner(WaitUtils.java:225)</small> </font> </div>
<div class="test-event"> <font color="maroon"> <small> &emsp; &emsp;--- 06 Aug 12:50:48 316 - Page URL:: https://i-car--staging.sandbox.lightning.force.com/lightning/r/sked__job__c/a2mvc000000butlyam/view</small> </font> </div>
<div class="test-event"> <font color="maroon"> <small> &emsp; &emsp;--- 06 Aug 12:50:48 316 - <b>0</b> - Page Load Wait: (Sync) - ICar.support.Utils.waitForPageLoad(Utils.java:109)</small> </font> </div>
<div class="test-event"> <font color="maroon"> <small> &emsp; &emsp;--- 06 Aug 12:50:52 488 - Catched spinner load exception due to Expected condition failed: waiting for ICar.support.WaitUtils$4@4ccdc1df (tried for 2 second(s) with 500 milliseconds interval)</small> </font> </div>
<div class="test-event"> <font color="maroon"> <small> &emsp; &emsp;--- 06 Aug 12:50:52 488 - <b>2</b> - Spinner Load Wait: (Sync) - ICar.support.WaitUtils.waitForSpinner(WaitUtils.java:225)</small> </font> </div>
<div class="test-event"> <font color="maroon"> <small> &emsp; &emsp;--- 06 Aug 12:50:53 187 - Page URL:: https://i-car--staging.sandbox.lightning.force.com/lightning/r/sked__job__c/a2mvc000000butlyam/view</small> </font> </div>
<div class="test-event"> <font color="maroon"> <small> &emsp; &emsp;--- 06 Aug 12:50:53 187 - <b>0</b> - Page Load Wait: (Sync) - ICar.support.Utils.waitForPageLoad(Utils.java:109)</small> </font> </div>
<div class="test-event"> <font color="maroon"> <small> &emsp; &emsp;--- 06 Aug 12:50:54 301 - Catched spinner load exception due to Expected condition failed: waiting for ICar.support.WaitUtils$4@4ccdc1df (tried for 1 second(s) with 500 milliseconds interval)</small> </font> </div>
<div class="test-event"> <font color="maroon"> <small> &emsp; &emsp;--- 06 Aug 12:50:54 301 - <b>1</b> - Spinner Load Wait: (Sync) - ICar.support.WaitUtils.waitForSpinner(WaitUtils.java:225)</small> </font> </div>
<div class="test-event"> <font color="maroon"> <small> &emsp; &emsp;--- 06 Aug 12:50:55 030 - Page URL:: https://i-car--staging.sandbox.lightning.force.com/lightning/r/sked__job__c/a2mvc000000butlyam/view</small> </font> </div>
<div class="test-event"> <font color="maroon"> <small> &emsp; &emsp;--- 06 Aug 12:50:55 030 - <b>0</b> - Page Load Wait: (Sync) - ICar.support.Utils.waitForPageLoad(Utils.java:109)</small> </font> </div>
<div class="test-event"> <font color="maroon"> <small> &emsp; &emsp;--- 06 Aug 12:50:59 213 - Catched spinner load exception due to Expected condition failed: waiting for ICar.support.WaitUtils$4@4ccdc1df (tried for 2 second(s) with 500 milliseconds interval)</small> </font> </div>
<div class="test-event"> <font color="maroon"> <small> &emsp; &emsp;--- 06 Aug 12:50:59 213 - <b>2</b> - Spinner Load Wait: (Sync) - ICar.support.WaitUtils.waitForSpinner(WaitUtils.java:225)</small> </font> </div>
<div class="test-event"> <font color="maroon"> <small> &emsp; &emsp;--- 06 Aug 12:50:59 937 - Page URL:: https://i-car--staging.sandbox.lightning.force.com/lightning/r/sked__job__c/a2mvc000000butlyam/view</small> </font> </div>
<div class="test-event"> <font color="maroon"> <small> &emsp; &emsp;--- 06 Aug 12:50:59 937 - <b>0</b> - Page Load Wait: (Sync) - ICar.support.Utils.waitForPageLoad(Utils.java:109)</small> </font> </div>
<div class="test-event"> <font color="maroon"> <small> &emsp; &emsp;--- 06 Aug 12:51:01 015 - Catched spinner load exception due to Expected condition failed: waiting for ICar.support.WaitUtils$4@4ccdc1df (tried for 1 second(s) with 500 milliseconds interval)</small> </font> </div>
<div class="test-event"> <font color="maroon"> <small> &emsp; &emsp;--- 06 Aug 12:51:01 015 - <b>1</b> - Spinner Load Wait: (Sync) - ICar.support.WaitUtils.waitForSpinner(WaitUtils.java:225)</small> </font> </div>
<div class="test-event"> <font color="maroon"> <small> &emsp; &emsp;--- 06 Aug 12:51:01 732 - Page URL:: https://i-car--staging.sandbox.lightning.force.com/lightning/r/sked__job__c/a2mvc000000butlyam/view</small> </font> </div>
<div class="test-event"> <font color="maroon"> <small> &emsp; &emsp;--- 06 Aug 12:51:01 732 - <b>0</b> - Page Load Wait: (Sync) - ICar.support.Utils.waitForPageLoad(Utils.java:109)</small> </font> </div>
<div class="test-event"> <font color="maroon"> <small> &emsp; &emsp;--- 06 Aug 12:51:05 901 - Catched spinner load exception due to Expected condition failed: waiting for ICar.support.WaitUtils$4@4ccdc1df (tried for 2 second(s) with 500 milliseconds interval)</small> </font> </div>
<div class="test-event"> <font color="maroon"> <small> &emsp; &emsp;--- 06 Aug 12:51:05 901 - <b>2</b> - Spinner Load Wait: (Sync) - ICar.support.WaitUtils.waitForSpinner(WaitUtils.java:225)</small> </font> </div>
<div class="test-event"> <font color="maroon"> <small> &emsp; &emsp;--- 06 Aug 12:51:06 606 - Page URL:: https://i-car--staging.sandbox.lightning.force.com/lightning/r/sked__job__c/a2mvc000000butlyam/view</small> </font> </div>
<div class="test-event"> <font color="maroon"> <small> &emsp; &emsp;--- 06 Aug 12:51:06 606 - <b>0</b> - Page Load Wait: (Sync) - ICar.support.Utils.waitForPageLoad(Utils.java:109)</small> </font> </div>
<div class="test-event"> <font color="maroon"> <small> &emsp; &emsp;--- 06 Aug 12:51:07 709 - Catched spinner load exception due to Expected condition failed: waiting for ICar.support.WaitUtils$4@4ccdc1df (tried for 1 second(s) with 500 milliseconds interval)</small> </font> </div>
<div class="test-event"> <font color="maroon"> <small> &emsp; &emsp;--- 06 Aug 12:51:07 709 - <b>1</b> - Spinner Load Wait: (Sync) - ICar.support.WaitUtils.waitForSpinner(WaitUtils.java:225)</small> </font> </div>
<div class="test-event"> <font color="maroon"> <small> &emsp; &emsp;--- 06 Aug 12:51:08 410 - Page URL:: https://i-car--staging.sandbox.lightning.force.com/lightning/r/sked__job__c/a2mvc000000butlyam/view</small> </font> </div>
<div class="test-event"> <font color="maroon"> <small> &emsp; &emsp;--- 06 Aug 12:51:08 410 - <b>0</b> - Page Load Wait: (Sync) - ICar.support.Utils.waitForPageLoad(Utils.java:109)</small> </font> </div>
<div class="test-event"> <font color="maroon"> <small> &emsp; &emsp;--- 06 Aug 12:51:12 586 - Catched spinner load exception due to Expected condition failed: waiting for ICar.support.WaitUtils$4@4ccdc1df (tried for 2 second(s) with 500 milliseconds interval)</small> </font> </div>
<div class="test-event"> <font color="maroon"> <small> &emsp; &emsp;--- 06 Aug 12:51:12 586 - <b>2</b> - Spinner Load Wait: (Sync) - ICar.support.WaitUtils.waitForSpinner(WaitUtils.java:225)</small> </font> </div>
<div class="test-event"> <font color="maroon"> <small> &emsp; &emsp;--- 06 Aug 12:51:13 298 - Page URL:: https://i-car--staging.sandbox.lightning.force.com/lightning/r/sked__job__c/a2mvc000000butlyam/view</small> </font> </div>
<div class="test-event"> <font color="maroon"> <small> &emsp; &emsp;--- 06 Aug 12:51:13 298 - <b>0</b> - Page Load Wait: (Sync) - ICar.support.Utils.waitForPageLoad(Utils.java:109)</small> </font> </div>
<div class="test-event"> <font color="maroon"> <small> &emsp; &emsp;--- 06 Aug 12:51:14 396 - Catched spinner load exception due to Expected condition failed: waiting for ICar.support.WaitUtils$4@4ccdc1df (tried for 1 second(s) with 500 milliseconds interval)</small> </font> </div>
<div class="test-event"> <font color="maroon"> <small> &emsp; &emsp;--- 06 Aug 12:51:14 396 - <b>1</b> - Spinner Load Wait: (Sync) - ICar.support.WaitUtils.waitForSpinner(WaitUtils.java:225)</small> </font> </div>
<div class="test-event"> <font color="maroon"> <small> &emsp; &emsp;--- 06 Aug 12:51:15 094 - Page URL:: https://i-car--staging.sandbox.lightning.force.com/lightning/r/sked__job__c/a2mvc000000butlyam/view</small> </font> </div>
<div class="test-event"> <font color="maroon"> <small> &emsp; &emsp;--- 06 Aug 12:51:15 094 - <b>0</b> - Page Load Wait: (Sync) - ICar.support.Utils.waitForPageLoad(Utils.java:109)</small> </font> </div>
<div class="test-event"> <font color="maroon"> <small> &emsp; &emsp;--- 06 Aug 12:51:19 292 - Catched spinner load exception due to Expected condition failed: waiting for ICar.support.WaitUtils$4@4ccdc1df (tried for 2 second(s) with 500 milliseconds interval)</small> </font> </div>
<div class="test-event"> <font color="maroon"> <small> &emsp; &emsp;--- 06 Aug 12:51:19 292 - <b>2</b> - Spinner Load Wait: (Sync) - ICar.support.WaitUtils.waitForSpinner(WaitUtils.java:225)</small> </font> </div>
<div class="test-event"> <font color="maroon"> <small> &emsp; &emsp;--- 06 Aug 12:51:20 001 - Page URL:: https://i-car--staging.sandbox.lightning.force.com/lightning/r/sked__job__c/a2mvc000000butlyam/view</small> </font> </div>
<div class="test-event"> <font color="maroon"> <small> &emsp; &emsp;--- 06 Aug 12:51:20 001 - <b>0</b> - Page Load Wait: (Sync) - ICar.support.Utils.waitForPageLoad(Utils.java:109)</small> </font> </div>
<div class="test-event"> <font color="maroon"> <small> &emsp; &emsp;--- 06 Aug 12:51:21 090 - Catched spinner load exception due to Expected condition failed: waiting for ICar.support.WaitUtils$4@4ccdc1df (tried for 1 second(s) with 500 milliseconds interval)</small> </font> </div>
<div class="test-event"> <font color="maroon"> <small> &emsp; &emsp;--- 06 Aug 12:51:21 090 - <b>1</b> - Spinner Load Wait: (Sync) - ICar.support.WaitUtils.waitForSpinner(WaitUtils.java:225)</small> </font> </div>
<div class="test-event"> <font color="maroon"> <small> &emsp; &emsp;--- 06 Aug 12:51:21 783 - Page URL:: https://i-car--staging.sandbox.lightning.force.com/lightning/r/sked__job__c/a2mvc000000butlyam/view</small> </font> </div>
<div class="test-event"> <font color="maroon"> <small> &emsp; &emsp;--- 06 Aug 12:51:21 783 - <b>0</b> - Page Load Wait: (Sync) - ICar.support.Utils.waitForPageLoad(Utils.java:109)</small> </font> </div>
<div class="test-event"> <font color="maroon"> <small> &emsp; &emsp;--- 06 Aug 12:51:25 963 - Catched spinner load exception due to Expected condition failed: waiting for ICar.support.WaitUtils$4@4ccdc1df (tried for 2 second(s) with 500 milliseconds interval)</small> </font> </div>
<div class="test-event"> <font color="maroon"> <small> &emsp; &emsp;--- 06 Aug 12:51:25 963 - <b>2</b> - Spinner Load Wait: (Sync) - ICar.support.WaitUtils.waitForSpinner(WaitUtils.java:225)</small> </font> </div>
<div class="test-event"> <font color="maroon"> <small> &emsp; &emsp;--- 06 Aug 12:51:26 675 - Page URL:: https://i-car--staging.sandbox.lightning.force.com/lightning/r/sked__job__c/a2mvc000000butlyam/view</small> </font> </div>
<div class="test-event"> <font color="maroon"> <small> &emsp; &emsp;--- 06 Aug 12:51:26 675 - <b>0</b> - Page Load Wait: (Sync) - ICar.support.Utils.waitForPageLoad(Utils.java:109)</small> </font> </div>
<div class="test-event"> <font color="maroon"> <small> &emsp; &emsp;--- 06 Aug 12:51:27 768 - Catched spinner load exception due to Expected condition failed: waiting for ICar.support.WaitUtils$4@4ccdc1df (tried for 1 second(s) with 500 milliseconds interval)</small> </font> </div>
<div class="test-event"> <font color="maroon"> <small> &emsp; &emsp;--- 06 Aug 12:51:27 768 - <b>1</b> - Spinner Load Wait: (Sync) - ICar.support.WaitUtils.waitForSpinner(WaitUtils.java:225)</small> </font> </div>
<div class="test-event"> <font color="maroon"> <small> &emsp; &emsp;--- 06 Aug 12:51:28 490 - Page URL:: https://i-car--staging.sandbox.lightning.force.com/lightning/r/sked__job__c/a2mvc000000butlyam/view</small> </font> </div>
<div class="test-event"> <font color="maroon"> <small> &emsp; &emsp;--- 06 Aug 12:51:28 490 - <b>0</b> - Page Load Wait: (Sync) - ICar.support.Utils.waitForPageLoad(Utils.java:109)</small> </font> </div>
<div class="test-event"> <font color="maroon"> <small> &emsp; &emsp;--- 06 Aug 12:51:32 674 - Catched spinner load exception due to Expected condition failed: waiting for ICar.support.WaitUtils$4@4ccdc1df (tried for 2 second(s) with 500 milliseconds interval)</small> </font> </div>
<div class="test-event"> <font color="maroon"> <small> &emsp; &emsp;--- 06 Aug 12:51:32 674 - <b>2</b> - Spinner Load Wait: (Sync) - ICar.support.WaitUtils.waitForSpinner(WaitUtils.java:225)</small> </font> </div>
<div class="test-event"> <font color="maroon"> <small> &emsp; &emsp;--- 06 Aug 12:51:33 507 - Page URL:: https://i-car--staging.sandbox.lightning.force.com/lightning/r/sked__job__c/a2mvc000000butlyam/view</small> </font> </div>
<div class="test-event"> <font color="maroon"> <small> &emsp; &emsp;--- 06 Aug 12:51:33 507 - <b>0</b> - Page Load Wait: (Sync) - ICar.support.Utils.waitForPageLoad(Utils.java:109)</small> </font> </div>
<div class="test-event"> <font color="maroon"> <small> &emsp; &emsp;--- 06 Aug 12:51:34 654 - Catched spinner load exception due to Expected condition failed: waiting for ICar.support.WaitUtils$4@4ccdc1df (tried for 1 second(s) with 500 milliseconds interval)</small> </font> </div>
<div class="test-event"> <font color="maroon"> <small> &emsp; &emsp;--- 06 Aug 12:51:34 654 - <b>1</b> - Spinner Load Wait: (Sync) - ICar.support.WaitUtils.waitForSpinner(WaitUtils.java:225)</small> </font> </div>
<div class="test-event"> <font color="maroon"> <small> &emsp; &emsp;--- 06 Aug 12:51:35 413 - Page URL:: https://i-car--staging.sandbox.lightning.force.com/lightning/r/sked__job__c/a2mvc000000butlyam/view</small> </font> </div>
<div class="test-event"> <font color="maroon"> <small> &emsp; &emsp;--- 06 Aug 12:51:35 413 - <b>0</b> - Page Load Wait: (Sync) - ICar.support.Utils.waitForPageLoad(Utils.java:109)</small> </font> </div>
<div class="test-event"> <font color="maroon"> <small> &emsp; &emsp;--- 06 Aug 12:51:39 608 - Catched spinner load exception due to Expected condition failed: waiting for ICar.support.WaitUtils$4@4ccdc1df (tried for 2 second(s) with 500 milliseconds interval)</small> </font> </div>
<div class="test-event"> <font color="maroon"> <small> &emsp; &emsp;--- 06 Aug 12:51:39 608 - <b>2</b> - Spinner Load Wait: (Sync) - ICar.support.WaitUtils.waitForSpinner(WaitUtils.java:225)</small> </font> </div>
<div class="test-event"> <font color="maroon"> <small> &emsp; &emsp;--- 06 Aug 12:51:40 367 - Page URL:: https://i-car--staging.sandbox.lightning.force.com/lightning/r/sked__job__c/a2mvc000000butlyam/view</small> </font> </div>
<div class="test-event"> <font color="maroon"> <small> &emsp; &emsp;--- 06 Aug 12:51:40 367 - <b>0</b> - Page Load Wait: (Sync) - ICar.support.Utils.waitForPageLoad(Utils.java:109)</small> </font> </div>
<div class="test-event"> <font color="maroon"> <small> &emsp; &emsp;--- 06 Aug 12:51:48 849 - Catched spinner load exception due to Expected condition failed: waiting for ICar.support.WaitUtils$4@4ccdc1df (tried for 8 second(s) with 500 milliseconds interval)</small> </font> </div>
<div class="test-event"> <font color="maroon"> <small> &emsp; &emsp;--- 06 Aug 12:51:48 849 - <b>8</b> - Spinner Load Wait: (Sync) - ICar.support.WaitUtils.waitForSpinner(WaitUtils.java:225)</small> </font> </div>
<div class="test-event"> <font color="maroon"> <small> &emsp; &emsp;--- 06 Aug 12:51:49 540 - Page URL:: https://i-car--staging.sandbox.lightning.force.com/lightning/r/sked__job__c/a2mvc000000butlyam/view</small> </font> </div>
<div class="test-event"> <font color="maroon"> <small> &emsp; &emsp;--- 06 Aug 12:51:49 540 - <b>0</b> - Page Load Wait: (Sync) - ICar.support.Utils.waitForPageLoad(Utils.java:109)</small> </font> </div>
<div class="test-event"> <font color="maroon"> <small> &emsp; &emsp;--- 06 Aug 12:51:49 602 - Element is displayed:: [[ChromeDriver: chrome on WINDOWS (bc08538aa04ca0fc5d583beb57eceede)] -> xpath: //h2[@class='slds-card__header-title']/a/span[1]]</small> </font> </div>
<div class="test-event"> <font color="maroon"> <small> &emsp; &emsp;--- 06 Aug 12:51:51 303 - Page URL:: https://i-car--staging.sandbox.lightning.force.com/lightning/r/sked__job__c/a2mvc000000butlyam/related/cc_order_items5__r/view?ws=%2flightning%2fr%2fsked__job__c%2fa2mvc000000butlyam%2fview</small> </font> </div>
<div class="test-event"> <font color="maroon"> <small> &emsp; &emsp;--- 06 Aug 12:51:51 303 - <b>1</b> - Page Load Wait: (Sync) - ICar.support.Utils.waitForPageLoad(Utils.java:109)</small> </font> </div>
<div class="test-event"> <font color="maroon"> <small> &emsp; &emsp;--- 06 Aug 12:52:01 362 - Catched spinner load exception due to Expected condition failed: waiting for ICar.support.WaitUtils$4@4ccdc1df (tried for 10 second(s) with 500 milliseconds interval)</small> </font> </div>
<div class="test-event"> <font color="maroon"> <small> &emsp; &emsp;--- 06 Aug 12:52:01 362 - <b>10</b> - Spinner Load Wait: (Sync) - ICar.support.WaitUtils.waitForSpinner(WaitUtils.java:225)</small> </font> </div>
<div class="test-event"> <font color="maroon"> <small> &emsp; &emsp;--- 06 Aug 12:52:02 646 - Page URL:: https://i-car--staging.sandbox.lightning.force.com/lightning/r/sked__job__c/a2mvc000000butlyam/related/cc_order_items5__r/view?ws=%2flightning%2fr%2fsked__job__c%2fa2mvc000000butlyam%2fview</small> </font> </div>
<div class="test-event"> <font color="maroon"> <small> &emsp; &emsp;--- 06 Aug 12:52:02 646 - <b>1</b> - Page Load Wait: (Sync) - ICar.support.Utils.waitForPageLoad(Utils.java:109)</small> </font> </div>
<div class="test-event"> <font color="maroon"> <small> &emsp; &emsp;--- 06 Aug 12:52:03 904 - Page URL:: https://i-car--staging.sandbox.lightning.force.com/lightning/r/sked__job__c/a2mvc000000butlyam/related/cc_order_items5__r/view?ws=%2flightning%2fr%2fsked__job__c%2fa2mvc000000butlyam%2fview</small> </font> </div>
<div class="test-event"> <font color="maroon"> <small> &emsp; &emsp;--- 06 Aug 12:52:03 904 - <b>1</b> - Page Load Wait: (Sync) - ICar.support.Utils.waitForPageLoad(Utils.java:109)</small> </font> </div>
<div class="test-event"> <font color="maroon"> <small> &emsp; &emsp;--- 06 Aug 12:52:03 972 - Element is displayed:: [[ChromeDriver: chrome on WINDOWS (bc08538aa04ca0fc5d583beb57eceede)] -> xpath: //div[contains(@id,'brandBand_')]/div/div/div/div[2]/div/div[1]/div[2]/div[2]/div[1]/div/div/table/tbody/tr/th/span/a]</small> </font> </div>
<div class="test-event"> <font color="maroon"> <small> &emsp; &emsp;--- 06 Aug 12:52:27 334 - Catched spinner load exception due to Expected condition failed: waiting for ICar.support.WaitUtils$4@4ccdc1df (tried for 20 second(s) with 500 milliseconds interval)</small> </font> </div>
<div class="test-event"> <font color="maroon"> <small> &emsp; &emsp;--- 06 Aug 12:52:27 334 - <b>20</b> - Spinner Load Wait: (Sync) - ICar.support.WaitUtils.waitForSpinner(WaitUtils.java:225)</small> </font> </div>
<div class="test-message">&emsp;Order Id : 00882783</div>
<div class="test-event"> <font color="maroon"> <small> &emsp; &emsp;--- 06 Aug 12:52:28 832 - Page URL:: https://i-car--staging.sandbox.lightning.force.com/lightning/r/orderitem/802vc00000841u4yaa/view?ws=%2flightning%2fr%2fsked__job__c%2fa2mvc000000butlyam%2fview</small> </font> </div>
<div class="test-event"> <font color="maroon"> <small> &emsp; &emsp;--- 06 Aug 12:52:28 832 - <b>1</b> - Page Load Wait: (Sync) - ICar.support.Utils.waitForPageLoad(Utils.java:109)</small> </font> </div>
<div class="test-event"> <font color="maroon"> <small> &emsp; &emsp;--- 06 Aug 12:52:35 660 - Page URL:: https://i-car--staging.sandbox.lightning.force.com/lightning/r/orderitem/802vc00000841u4yaa/view?ws=%2flightning%2fr%2fsked__job__c%2fa2mvc000000butlyam%2fview</small> </font> </div>
<div class="test-event"> <font color="maroon"> <small> &emsp; &emsp;--- 06 Aug 12:52:35 660 - <b>1</b> - Page Load Wait: (Sync) - ICar.support.Utils.waitForPageLoad(Utils.java:109)</small> </font> </div>
<div class="test-message">&emsp;Close the tab</div>
<div class="test-event"> <font color="maroon"> <small> &emsp; &emsp;--- 06 Aug 12:52:41 198 - Page URL:: https://i-car--staging.sandbox.lightning.force.com/lightning/o/account/list?filtername=00b1i000007mf4quaa</small> </font> </div>
<div class="test-event"> <font color="maroon"> <small> &emsp; &emsp;--- 06 Aug 12:52:41 198 - <b>0</b> - Page Load Wait: (Sync) - ICar.support.Utils.waitForPageLoad(Utils.java:109)</small> </font> </div>
<div class="test-event"> <font color="maroon"> <small> &emsp; &emsp;--- 06 Aug 12:52:46 693 - Page URL:: https://i-car--staging.sandbox.lightning.force.com/lightning/o/account/list?filtername=00b1i000007mf4quaa</small> </font> </div>
<div class="test-event"> <font color="maroon"> <small> &emsp; &emsp;--- 06 Aug 12:52:46 693 - <b>0</b> - Page Load Wait: (Sync) - ICar.support.Utils.waitForPageLoad(Utils.java:109)</small> </font> </div>
<div class="test-message">&emsp;Close the tab</div>
<div class="test-event"> <font color="maroon"> <small> &emsp; &emsp;--- 06 Aug 12:52:52 421 - Page URL:: https://i-car--staging.sandbox.lightning.force.com/lightning/o/account/list?filtername=00b1i000007mf4quaa</small> </font> </div>
<div class="test-event"> <font color="maroon"> <small> &emsp; &emsp;--- 06 Aug 12:52:52 421 - <b>0</b> - Page Load Wait: (Sync) - ICar.support.Utils.waitForPageLoad(Utils.java:109)</small> </font> </div>
<div class="test-event"> <font color="maroon"> <small> &emsp; &emsp;--- 06 Aug 12:52:52 481 - Element is displayed:: [[ChromeDriver: chrome on WINDOWS (bc08538aa04ca0fc5d583beb57eceede)] -> css selector: button[class*='search-button']]</small> </font> </div>
<div class="test-event"> <font color="maroon"> <small> &emsp; &emsp;--- 06 Aug 12:52:54 567 - Catched spinner load exception due to Expected condition failed: waiting for ICar.support.WaitUtils$4@4ccdc1df (tried for 2 second(s) with 500 milliseconds interval)</small> </font> </div>
<div class="test-event"> <font color="maroon"> <small> &emsp; &emsp;--- 06 Aug 12:52:54 567 - <b>2</b> - Spinner Load Wait: (Sync) - ICar.support.WaitUtils.waitForSpinner(WaitUtils.java:225)</small> </font> </div>
<div class="test-event"> <font color="maroon"> <small> &emsp; &emsp;--- 06 Aug 12:52:57 644 - Element is displayed:: [[ChromeDriver: chrome on WINDOWS (bc08538aa04ca0fc5d583beb57eceede)] -> css selector: button[class*='search-button']]</small> </font> </div>
<div class="test-event"> <font color="maroon"> <small> &emsp; &emsp;--- 06 Aug 12:52:58 223 - Page URL:: https://i-car--staging.sandbox.lightning.force.com/lightning/o/account/list?filtername=00b1i000007mf4quaa</small> </font> </div>
<div class="test-event"> <font color="maroon"> <small> &emsp; &emsp;--- 06 Aug 12:52:58 223 - <b>0</b> - Page Load Wait: (Sync) - ICar.support.Utils.waitForPageLoad(Utils.java:109)</small> </font> </div>
<div class="test-event"> <font color="maroon"> <small> &emsp; &emsp;--- 06 Aug 12:53:17 725 - Catched spinner load exception due to Expected condition failed: waiting for ICar.support.WaitUtils$4@4ccdc1df (tried for 10 second(s) with 500 milliseconds interval)</small> </font> </div>
<div class="test-event"> <font color="maroon"> <small> &emsp; &emsp;--- 06 Aug 12:53:17 725 - <b>10</b> - Spinner Load Wait: (Sync) - ICar.support.WaitUtils.waitForSpinner(WaitUtils.java:225)</small> </font> </div>
<div class="test-event"> <font color="maroon"> <small> &emsp; &emsp;--- 06 Aug 12:53:18 101 - Page URL:: https://i-car--staging.sandbox.lightning.force.com/one/one.app#eyjjb21wb25lbnrezwyioijmb3jjzvnlyxjjadpzzwfyy2hqywdlrgvza3rvccisimf0dhjpynv0zxmionsidgvybsi6ikppqi05nzi4msisinnjb3bltwfwijp7inr5cguioijut1bfukvtvuxuuyisim5hbwvzcgfjzsi6iiisimxhymvsijoivg9wifjlc3vsdhmilcjsywjlbfbsdxjhbci6ilrvccbszxn1bhrziiwicmvzdwx0c0ntcci6imzvcmnlu2vhcmnoonbyzwrpy3rlzfjlc3vsdhmifswiy29udgv4dci6eyjgsuxurvjtijp7fswic2vhcmnou291cmnlijoiqvntsvnuqu5ux0rjquxpryisimrpc2fibgvjbnrlbnrrdwvyesi6zmfsc2usimrpc2fibgvtcgvsbenvcnjly3rpb24iomzhbhnllcjzzwfyy2heawfsb2dtzxnzaw9uswqioiizzjjiowu2zc0xyzu5lwy2zdatndy2zc1hnwe5nzc0mtq3ytkilcjkzwj1z0luzm8ionsiyxbwtmftzsi6ikldyxjfu2vydmljzv9db25zb2xliiwiyxbwvhlwzsi6iknvbnnvbguilcjhchboyw1lc3bhy2uioijjiiwibg9jyxrpb24ioijmb3jjztpvymply3rib21lrgvza3rvccisinnvymply3ruexblijoiqwnjb3vudcj9fswiz3jvdxbjzci6ikrfrkfvtfqifswic3rhdguiont9fq%3d%3d</small> </font> </div>
<div class="test-event"> <font color="maroon"> <small> &emsp; &emsp;--- 06 Aug 12:53:18 101 - <b>0</b> - Page Load Wait: (Sync) - ICar.support.Utils.waitForPageLoad(Utils.java:109)</small> </font> </div>
<div class="test-event"> <font color="maroon"> <small> &emsp; &emsp;--- 06 Aug 12:53:29 558 - Catched spinner load exception due to Expected condition failed: waiting for ICar.support.WaitUtils$4@4ccdc1df (tried for 11 second(s) with 500 milliseconds interval)</small> </font> </div>
<div class="test-event"> <font color="maroon"> <small> &emsp; &emsp;--- 06 Aug 12:53:29 558 - <b>11</b> - Spinner Load Wait: (Sync) - ICar.support.WaitUtils.waitForSpinner(WaitUtils.java:225)</small> </font> </div>
<div class="test-event"> <font color="maroon"> <small> &emsp; &emsp;--- 06 Aug 12:53:29 956 - Page URL:: https://i-car--staging.sandbox.lightning.force.com/one/one.app#eyjjb21wb25lbnrezwyioijmb3jjzvnlyxjjadpzzwfyy2hqywdlrgvza3rvccisimf0dhjpynv0zxmionsidgvybsi6ikppqi05nzi4msisinnjb3bltwfwijp7inr5cguioijut1bfukvtvuxuuyisim5hbwvzcgfjzsi6iiisimxhymvsijoivg9wifjlc3vsdhmilcjsywjlbfbsdxjhbci6ilrvccbszxn1bhrziiwicmvzdwx0c0ntcci6imzvcmnlu2vhcmnoonbyzwrpy3rlzfjlc3vsdhmifswiy29udgv4dci6eyjgsuxurvjtijp7fswic2vhcmnou291cmnlijoiqvntsvnuqu5ux0rjquxpryisimrpc2fibgvjbnrlbnrrdwvyesi6zmfsc2usimrpc2fibgvtcgvsbenvcnjly3rpb24iomzhbhnllcjzzwfyy2heawfsb2dtzxnzaw9uswqioiizzjjiowu2zc0xyzu5lwy2zdatndy2zc1hnwe5nzc0mtq3ytkilcjkzwj1z0luzm8ionsiyxbwtmftzsi6ikldyxjfu2vydmljzv9db25zb2xliiwiyxbwvhlwzsi6iknvbnnvbguilcjhchboyw1lc3bhy2uioijjiiwibg9jyxrpb24ioijmb3jjztpvymply3rib21lrgvza3rvccisinnvymply3ruexblijoiqwnjb3vudcj9fswiz3jvdxbjzci6ikrfrkfvtfqifswic3rhdguiont9fq%3d%3d</small> </font> </div>
<div class="test-event"> <font color="maroon"> <small> &emsp; &emsp;--- 06 Aug 12:53:29 956 - <b>0</b> - Page Load Wait: (Sync) - ICar.support.Utils.waitForPageLoad(Utils.java:109)</small> </font> </div>
<div class="test-event"> <font color="maroon"> <small> &emsp; &emsp;--- 06 Aug 12:53:30 021 - Element is displayed:: [[ChromeDriver: chrome on WINDOWS (bc08538aa04ca0fc5d583beb57eceede)] -> xpath: //a[@title='Top Results']//span[text()='Top Results']]</small> </font> </div>
<div class="test-event"> <font color="maroon"> <small> &emsp; &emsp;--- 06 Aug 12:53:30 499 - Page URL:: https://i-car--staging.sandbox.lightning.force.com/one/one.app#eyjjb21wb25lbnrezwyioijmb3jjzvnlyxjjadpzzwfyy2hqywdlrgvza3rvccisimf0dhjpynv0zxmionsidgvybsi6ikppqi05nzi4msisinnjb3bltwfwijp7inr5cguioijut1bfukvtvuxuuyisim5hbwvzcgfjzsi6iiisimxhymvsijoivg9wifjlc3vsdhmilcjsywjlbfbsdxjhbci6ilrvccbszxn1bhrziiwicmvzdwx0c0ntcci6imzvcmnlu2vhcmnoonbyzwrpy3rlzfjlc3vsdhmifswiy29udgv4dci6eyjgsuxurvjtijp7fswic2vhcmnou291cmnlijoiqvntsvnuqu5ux0rjquxpryisimrpc2fibgvjbnrlbnrrdwvyesi6zmfsc2usimrpc2fibgvtcgvsbenvcnjly3rpb24iomzhbhnllcjzzwfyy2heawfsb2dtzxnzaw9uswqioiizzjjiowu2zc0xyzu5lwy2zdatndy2zc1hnwe5nzc0mtq3ytkilcjkzwj1z0luzm8ionsiyxbwtmftzsi6ikldyxjfu2vydmljzv9db25zb2xliiwiyxbwvhlwzsi6iknvbnnvbguilcjhchboyw1lc3bhy2uioijjiiwibg9jyxrpb24ioijmb3jjztpvymply3rib21lrgvza3rvccisinnvymply3ruexblijoiqwnjb3vudcj9fswiz3jvdxbjzci6ikrfrkfvtfqifswic3rhdguiont9fq%3d%3d</small> </font> </div>
<div class="test-event"> <font color="maroon"> <small> &emsp; &emsp;--- 06 Aug 12:53:30 500 - <b>0</b> - Page Load Wait: (Sync) - ICar.support.Utils.waitForPageLoad(Utils.java:109)</small> </font> </div>
<div class="test-event"> <font color="maroon"> <small> &emsp; &emsp;--- 06 Aug 12:53:35 768 - Catched spinner load exception due to Expected condition failed: waiting for ICar.support.WaitUtils$4@4ccdc1df (tried for 5 second(s) with 500 milliseconds interval)</small> </font> </div>
<div class="test-event"> <font color="maroon"> <small> &emsp; &emsp;--- 06 Aug 12:53:35 768 - <b>5</b> - Spinner Load Wait: (Sync) - ICar.support.WaitUtils.waitForSpinner(WaitUtils.java:225)</small> </font> </div>
<div class="test-event"> <font color="maroon"> <small> &emsp; &emsp;--- 06 Aug 12:53:36 122 - Page URL:: https://i-car--staging.sandbox.lightning.force.com/one/one.app#eyjjb21wb25lbnrezwyioijmb3jjzvnlyxjjadpzzwfyy2hqywdlrgvza3rvccisimf0dhjpynv0zxmionsidgvybsi6ikppqi05nzi4msisinnjb3bltwfwijp7inr5cguioijut1bfukvtvuxuuyisim5hbwvzcgfjzsi6iiisimxhymvsijoivg9wifjlc3vsdhmilcjsywjlbfbsdxjhbci6ilrvccbszxn1bhrziiwicmvzdwx0c0ntcci6imzvcmnlu2vhcmnoonbyzwrpy3rlzfjlc3vsdhmifswiy29udgv4dci6eyjgsuxurvjtijp7fswic2vhcmnou291cmnlijoiqvntsvnuqu5ux0rjquxpryisimrpc2fibgvjbnrlbnrrdwvyesi6zmfsc2usimrpc2fibgvtcgvsbenvcnjly3rpb24iomzhbhnllcjzzwfyy2heawfsb2dtzxnzaw9uswqioiizzjjiowu2zc0xyzu5lwy2zdatndy2zc1hnwe5nzc0mtq3ytkilcjkzwj1z0luzm8ionsiyxbwtmftzsi6ikldyxjfu2vydmljzv9db25zb2xliiwiyxbwvhlwzsi6iknvbnnvbguilcjhchboyw1lc3bhy2uioijjiiwibg9jyxrpb24ioijmb3jjztpvymply3rib21lrgvza3rvccisinnvymply3ruexblijoiqwnjb3vudcj9fswiz3jvdxbjzci6ikrfrkfvtfqifswic3rhdguiont9fq%3d%3d</small> </font> </div>
<div class="test-event"> <font color="maroon"> <small> &emsp; &emsp;--- 06 Aug 12:53:36 122 - <b>0</b> - Page Load Wait: (Sync) - ICar.support.Utils.waitForPageLoad(Utils.java:109)</small> </font> </div>
<div class="test-event"> <font color="maroon"> <small> &emsp; &emsp;--- 06 Aug 12:53:36 546 - Page URL:: https://i-car--staging.sandbox.lightning.force.com/one/one.app#eyjjb21wb25lbnrezwyioijmb3jjzvnlyxjjadpzzwfyy2hqywdlrgvza3rvccisimf0dhjpynv0zxmionsidgvybsi6ikppqi05nzi4msisinnjb3bltwfwijp7inr5cguioijut1bfukvtvuxuuyisim5hbwvzcgfjzsi6iiisimxhymvsijoivg9wifjlc3vsdhmilcjsywjlbfbsdxjhbci6ilrvccbszxn1bhrziiwicmvzdwx0c0ntcci6imzvcmnlu2vhcmnoonbyzwrpy3rlzfjlc3vsdhmifswiy29udgv4dci6eyjgsuxurvjtijp7fswic2vhcmnou291cmnlijoiqvntsvnuqu5ux0rjquxpryisimrpc2fibgvjbnrlbnrrdwvyesi6zmfsc2usimrpc2fibgvtcgvsbenvcnjly3rpb24iomzhbhnllcjzzwfyy2heawfsb2dtzxnzaw9uswqioiizzjjiowu2zc0xyzu5lwy2zdatndy2zc1hnwe5nzc0mtq3ytkilcjkzwj1z0luzm8ionsiyxbwtmftzsi6ikldyxjfu2vydmljzv9db25zb2xliiwiyxbwvhlwzsi6iknvbnnvbguilcjhchboyw1lc3bhy2uioijjiiwibg9jyxrpb24ioijmb3jjztpvymply3rib21lrgvza3rvccisinnvymply3ruexblijoiqwnjb3vudcj9fswiz3jvdxbjzci6ikrfrkfvtfqifswic3rhdguiont9fq%3d%3d</small> </font> </div>
<div class="test-event"> <font color="maroon"> <small> &emsp; &emsp;--- 06 Aug 12:53:36 546 - <b>0</b> - Page Load Wait: (Sync) - ICar.support.Utils.waitForPageLoad(Utils.java:109)</small> </font> </div>
<div class="test-message">&emsp;Searched job idJOB-97281</div>
<div class="test-event"> <font color="maroon"> <small> &emsp; &emsp;--- 06 Aug 12:53:36 890 - Page URL:: https://i-car--staging.sandbox.lightning.force.com/one/one.app#eyjjb21wb25lbnrezwyioijmb3jjzvnlyxjjadpzzwfyy2hqywdlrgvza3rvccisimf0dhjpynv0zxmionsidgvybsi6ikppqi05nzi4msisinnjb3bltwfwijp7inr5cguioijut1bfukvtvuxuuyisim5hbwvzcgfjzsi6iiisimxhymvsijoivg9wifjlc3vsdhmilcjsywjlbfbsdxjhbci6ilrvccbszxn1bhrziiwicmvzdwx0c0ntcci6imzvcmnlu2vhcmnoonbyzwrpy3rlzfjlc3vsdhmifswiy29udgv4dci6eyjgsuxurvjtijp7fswic2vhcmnou291cmnlijoiqvntsvnuqu5ux0rjquxpryisimrpc2fibgvjbnrlbnrrdwvyesi6zmfsc2usimrpc2fibgvtcgvsbenvcnjly3rpb24iomzhbhnllcjzzwfyy2heawfsb2dtzxnzaw9uswqioiizzjjiowu2zc0xyzu5lwy2zdatndy2zc1hnwe5nzc0mtq3ytkilcjkzwj1z0luzm8ionsiyxbwtmftzsi6ikldyxjfu2vydmljzv9db25zb2xliiwiyxbwvhlwzsi6iknvbnnvbguilcjhchboyw1lc3bhy2uioijjiiwibg9jyxrpb24ioijmb3jjztpvymply3rib21lrgvza3rvccisinnvymply3ruexblijoiqwnjb3vudcj9fswiz3jvdxbjzci6ikrfrkfvtfqifswic3rhdguiont9fq%3d%3d</small> </font> </div>
<div class="test-event"> <font color="maroon"> <small> &emsp; &emsp;--- 06 Aug 12:53:36 890 - <b>0</b> - Page Load Wait: (Sync) - ICar.support.Utils.waitForPageLoad(Utils.java:109)</small> </font> </div>
<div class="test-event"> <font color="maroon"> <small> &emsp; &emsp;--- 06 Aug 12:53:47 080 - Element is displayed:: [[ChromeDriver: chrome on WINDOWS (bc08538aa04ca0fc5d583beb57eceede)] -> xpath: //div[contains(@id,'brandBand_')]/div/div/div[2]//table/tbody/tr/th/span/a|//span[@class='slds-grid slds-grid_align-spread']/div/lightning-primitive-custom-cell/force-lookup/div/a]</small> </font> </div>
<div class="test-message">&emsp;Clicked job id</div>
<div class="test-event"> <font color="maroon"> <small> &emsp; &emsp;--- 06 Aug 12:53:57 850 - Catched spinner load exception due to Expected condition failed: waiting for ICar.support.WaitUtils$4@4ccdc1df (tried for 10 second(s) with 500 milliseconds interval)</small> </font> </div>
<div class="test-event"> <font color="maroon"> <small> &emsp; &emsp;--- 06 Aug 12:53:57 850 - <b>10</b> - Spinner Load Wait: (Sync) - ICar.support.WaitUtils.waitForSpinner(WaitUtils.java:225)</small> </font> </div>
<div class="test-event"> <font color="maroon"> <small> &emsp; &emsp;--- 06 Aug 12:53:58 304 - Page URL:: https://i-car--staging.sandbox.lightning.force.com/lightning/r/sked__job__c/a2mvc000000butlyam/view</small> </font> </div>
<div class="test-event"> <font color="maroon"> <small> &emsp; &emsp;--- 06 Aug 12:53:58 304 - <b>0</b> - Page Load Wait: (Sync) - ICar.support.Utils.waitForPageLoad(Utils.java:109)</small> </font> </div>
<div class="test-event"> <font color="maroon"> <small> &emsp; &emsp;--- 06 Aug 12:54:00 810 - Page URL:: https://i-car--staging.sandbox.lightning.force.com/lightning/r/sked__job__c/a2mvc000000butlyam/view</small> </font> </div>
<div class="test-event"> <font color="maroon"> <small> &emsp; &emsp;--- 06 Aug 12:54:00 810 - <b>0</b> - Page Load Wait: (Sync) - ICar.support.Utils.waitForPageLoad(Utils.java:109)</small> </font> </div>
<div class="test-event"> <font color="maroon"> <small> &emsp; &emsp;--- 06 Aug 12:54:00 888 - Element is displayed:: [[ChromeDriver: chrome on WINDOWS (bc08538aa04ca0fc5d583beb57eceede)] -> xpath: //button[@title='Edit Cancelled By I-CAR']]</small> </font> </div>
<div class="test-event"> <font color="maroon"> <small> &emsp; &emsp;--- 06 Aug 12:54:01 924 - Page URL:: https://i-car--staging.sandbox.lightning.force.com/lightning/r/sked__job__c/a2mvc000000butlyam/view</small> </font> </div>
<div class="test-event"> <font color="maroon"> <small> &emsp; &emsp;--- 06 Aug 12:54:01 924 - <b>0</b> - Page Load Wait: (Sync) - ICar.support.Utils.waitForPageLoad(Utils.java:109)</small> </font> </div>
<div class="test-event"> <font color="maroon"> <small> &emsp; &emsp;--- 06 Aug 12:54:04 418 - Page URL:: https://i-car--staging.sandbox.lightning.force.com/lightning/r/sked__job__c/a2mvc000000butlyam/view</small> </font> </div>
<div class="test-event"> <font color="maroon"> <small> &emsp; &emsp;--- 06 Aug 12:54:04 418 - <b>0</b> - Page Load Wait: (Sync) - ICar.support.Utils.waitForPageLoad(Utils.java:109)</small> </font> </div>
<div class="test-event"> <font color="maroon"> <small> &emsp; &emsp;--- 06 Aug 12:54:04 498 - Element is displayed:: [[ChromeDriver: chrome on WINDOWS (bc08538aa04ca0fc5d583beb57eceede)] -> xpath: //label[text()='Job Status']/following-sibling::div//button]</small> </font> </div>
<div class="test-event"> <font color="maroon"> <small> &emsp; &emsp;--- 06 Aug 12:54:10 605 - Element is displayed:: [[ChromeDriver: chrome on WINDOWS (bc08538aa04ca0fc5d583beb57eceede)] -> xpath: //span[text()='Cancelled']]</small> </font> </div>
<div class="test-event"> <font color="maroon"> <small> &emsp; &emsp;--- 06 Aug 12:54:19 214 - Page URL:: https://i-car--staging.sandbox.lightning.force.com/lightning/r/sked__job__c/a2mvc000000butlyam/view</small> </font> </div>
<div class="test-event"> <font color="maroon"> <small> &emsp; &emsp;--- 06 Aug 12:54:19 215 - <b>0</b> - Page Load Wait: (Sync) - ICar.support.Utils.waitForPageLoad(Utils.java:109)</small> </font> </div>
<div class="test-event"> <font color="maroon"> <small> &emsp; &emsp;--- 06 Aug 12:54:19 446 - Element is displayed:: [[ChromeDriver: chrome on WINDOWS (bc08538aa04ca0fc5d583beb57eceede)] -> xpath: //label[text()='Cancelled By I-CAR']/following-sibling::div//button]</small> </font> </div>
<div class="test-event"> <font color="maroon"> <small> &emsp; &emsp;--- 06 Aug 12:54:25 565 - Element is displayed:: [[ChromeDriver: chrome on WINDOWS (bc08538aa04ca0fc5d583beb57eceede)] -> xpath: //span[text()='No']]</small> </font> </div>
<div class="test-event"> <font color="maroon"> <small> &emsp; &emsp;--- 06 Aug 12:54:29 864 - Catched spinner load exception due to Expected condition failed: waiting for ICar.support.WaitUtils$4@4ccdc1df (tried for 4 second(s) with 500 milliseconds interval)</small> </font> </div>
<div class="test-event"> <font color="maroon"> <small> &emsp; &emsp;--- 06 Aug 12:54:29 864 - <b>4</b> - Spinner Load Wait: (Sync) - ICar.support.WaitUtils.waitForSpinner(WaitUtils.java:225)</small> </font> </div>
<div class="test-event"> <font color="maroon"> <small> &emsp; &emsp;--- 06 Aug 12:54:29 952 - Element is displayed:: [[ChromeDriver: chrome on WINDOWS (bc08538aa04ca0fc5d583beb57eceede)] -> xpath: //button[text()='Save']]</small> </font> </div>
<div class="test-event"> <font color="maroon"> <small> &emsp; &emsp;--- 06 Aug 12:54:34 283 - Catched spinner load exception due to Expected condition failed: waiting for ICar.support.WaitUtils$4@4ccdc1df (tried for 4 second(s) with 500 milliseconds interval)</small> </font> </div>
<div class="test-event"> <font color="maroon"> <small> &emsp; &emsp;--- 06 Aug 12:54:34 283 - <b>4</b> - Spinner Load Wait: (Sync) - ICar.support.WaitUtils.waitForSpinner(WaitUtils.java:225)</small> </font> </div>
<div class="test-event"> <font color="maroon"> <small> &emsp; &emsp;--- 06 Aug 12:54:34 821 - Page URL:: https://i-car--staging.sandbox.lightning.force.com/lightning/r/sked__job__c/a2mvc000000butlyam/view</small> </font> </div>
<div class="test-event"> <font color="maroon"> <small> &emsp; &emsp;--- 06 Aug 12:54:34 821 - <b>0</b> - Page Load Wait: (Sync) - ICar.support.Utils.waitForPageLoad(Utils.java:109)</small> </font> </div>
<div class="test-event"> <font color="maroon"> <small> &emsp; &emsp;--- 06 Aug 12:54:35 256 - Page URL:: https://i-car--staging.sandbox.lightning.force.com/lightning/r/sked__job__c/a2mvc000000butlyam/view</small> </font> </div>
<div class="test-event"> <font color="maroon"> <small> &emsp; &emsp;--- 06 Aug 12:54:35 256 - <b>0</b> - Page Load Wait: (Sync) - ICar.support.Utils.waitForPageLoad(Utils.java:109)</small> </font> </div>
<div class="test-event"> <font color="maroon"> <small> &emsp; &emsp;--- 06 Aug 12:54:41 261 - Page URL:: https://i-car--staging.sandbox.lightning.force.com/lightning/r/sked__job__c/a2mvc000000butlyam/view</small> </font> </div>
<div class="test-event"> <font color="maroon"> <small> &emsp; &emsp;--- 06 Aug 12:54:41 261 - <b>0</b> - Page Load Wait: (Sync) - ICar.support.Utils.waitForPageLoad(Utils.java:109)</small> </font> </div>
<div class="test-event"> <font color="maroon"> <small> &emsp; &emsp;--- 06 Aug 12:54:46 509 - Page URL:: https://i-car--staging.sandbox.lightning.force.com/lightning/r/sked__job__c/a2mvc000000butlyam/view</small> </font> </div>
<div class="test-event"> <font color="maroon"> <small> &emsp; &emsp;--- 06 Aug 12:54:46 509 - <b>1</b> - Page Load Wait: (Sync) - ICar.support.Utils.waitForPageLoad(Utils.java:109)</small> </font> </div>
<div class="test-event"> <font color="maroon"> <small> &emsp; &emsp;--- 06 Aug 12:54:52 989 - Page URL:: https://i-car--staging.sandbox.lightning.force.com/lightning/o/account/list?filtername=00b1i000007mf4quaa</small> </font> </div>
<div class="test-event"> <font color="maroon"> <small> &emsp; &emsp;--- 06 Aug 12:54:52 990 - <b>1</b> - Page Load Wait: (Sync) - ICar.support.Utils.waitForPageLoad(Utils.java:109)</small> </font> </div>
<div class="test-message">&emsp;Close the tab</div>
<div class="test-event"> <font color="maroon"> <small> &emsp; &emsp;--- 06 Aug 12:54:59 374 - Page URL:: https://i-car--staging.sandbox.lightning.force.com/lightning/o/account/list?filtername=00b1i000007mf4quaa</small> </font> </div>
<div class="test-event"> <font color="maroon"> <small> &emsp; &emsp;--- 06 Aug 12:54:59 374 - <b>1</b> - Page Load Wait: (Sync) - ICar.support.Utils.waitForPageLoad(Utils.java:109)</small> </font> </div>
<div class="test-event"> <font color="maroon"> <small> &emsp; &emsp;--- 06 Aug 12:54:59 435 - Element is displayed:: [[ChromeDriver: chrome on WINDOWS (bc08538aa04ca0fc5d583beb57eceede)] -> css selector: button[class*='search-button']]</small> </font> </div>
<div class="test-event"> <font color="maroon"> <small> &emsp; &emsp;--- 06 Aug 12:55:01 517 - Catched spinner load exception due to Expected condition failed: waiting for ICar.support.WaitUtils$4@4ccdc1df (tried for 2 second(s) with 500 milliseconds interval)</small> </font> </div>
<div class="test-event"> <font color="maroon"> <small> &emsp; &emsp;--- 06 Aug 12:55:01 517 - <b>2</b> - Spinner Load Wait: (Sync) - ICar.support.WaitUtils.waitForSpinner(WaitUtils.java:225)</small> </font> </div>
<div class="test-event"> <font color="maroon"> <small> &emsp; &emsp;--- 06 Aug 12:55:04 589 - Element is displayed:: [[ChromeDriver: chrome on WINDOWS (bc08538aa04ca0fc5d583beb57eceede)] -> css selector: button[class*='search-button']]</small> </font> </div>
<div class="test-event"> <font color="maroon"> <small> &emsp; &emsp;--- 06 Aug 12:55:06 358 - Page URL:: https://i-car--staging.sandbox.lightning.force.com/lightning/o/account/list?filtername=00b1i000007mf4quaa</small> </font> </div>
<div class="test-event"> <font color="maroon"> <small> &emsp; &emsp;--- 06 Aug 12:55:06 359 - <b>1</b> - Page Load Wait: (Sync) - ICar.support.Utils.waitForPageLoad(Utils.java:109)</small> </font> </div>
<div class="test-event"> <font color="maroon"> <small> &emsp; &emsp;--- 06 Aug 12:55:25 874 - Catched spinner load exception due to Expected condition failed: waiting for ICar.support.WaitUtils$4@4ccdc1df (tried for 10 second(s) with 500 milliseconds interval)</small> </font> </div>
<div class="test-event"> <font color="maroon"> <small> &emsp; &emsp;--- 06 Aug 12:55:25 875 - <b>10</b> - Spinner Load Wait: (Sync) - ICar.support.WaitUtils.waitForSpinner(WaitUtils.java:225)</small> </font> </div>
<div class="test-event"> <font color="maroon"> <small> &emsp; &emsp;--- 06 Aug 12:55:26 766 - Page URL:: https://i-car--staging.sandbox.lightning.force.com/one/one.app#eyjjb21wb25lbnrezwyioijmb3jjzvnlyxjjadpzzwfyy2hqywdlrgvza3rvccisimf0dhjpynv0zxmionsidgvybsi6ijawodgynzgziiwic2nvcgvnyxaionsidhlwzsi6ilrpuf9srvnvtfrtiiwibmftzxnwywnlijoiiiwibgfizwwioijub3agumvzdwx0cyisimxhymvsugx1cmfsijoivg9wifjlc3vsdhmilcjyzxn1bhrzq21wijoizm9yy2vtzwfyy2g6chjlzgljdgvkumvzdwx0cyj9lcjjb250zxh0ijp7ikzjtfrfulmiont9lcjzzwfyy2htb3vyy2uioijbu1nju1rbtlrfrelbte9hiiwizglzywjszuludgvudff1zxj5ijpmywxzzswizglzywjszvnwzwxsq29ycmvjdglvbii6zmfsc2usinnlyxjjaerpywxvz1nlc3npb25jzci6imi2zdq3ytg5ltm0zjqtogu3zi1hzmzmlte5zgi1zdq1mwrmysisimrlynvnsw5mbyi6eyjhchboyw1lijoisunhcl9tzxj2awnlx0nvbnnvbguilcjhchbuexblijoiq29uc29szsisimfwce5hbwvzcgfjzsi6immilcjsb2nhdglvbii6imzvcmnlom9iamvjdehvbwvezxnrdg9wiiwic29iamvjdfr5cguioijby2nvdw50in19lcjncm91celkijoirevgqvvmvcj9lcjzdgf0zsi6e319</small> </font> </div>
<div class="test-event"> <font color="maroon"> <small> &emsp; &emsp;--- 06 Aug 12:55:26 767 - <b>0</b> - Page Load Wait: (Sync) - ICar.support.Utils.waitForPageLoad(Utils.java:109)</small> </font> </div>
<div class="test-event"> <font color="maroon"> <small> &emsp; &emsp;--- 06 Aug 12:55:38 217 - Catched spinner load exception due to Expected condition failed: waiting for ICar.support.WaitUtils$4@4ccdc1df (tried for 11 second(s) with 500 milliseconds interval)</small> </font> </div>
<div class="test-event"> <font color="maroon"> <small> &emsp; &emsp;--- 06 Aug 12:55:38 218 - <b>11</b> - Spinner Load Wait: (Sync) - ICar.support.WaitUtils.waitForSpinner(WaitUtils.java:225)</small> </font> </div>
<div class="test-event"> <font color="maroon"> <small> &emsp; &emsp;--- 06 Aug 12:55:39 007 - Page URL:: https://i-car--staging.sandbox.lightning.force.com/one/one.app#eyjjb21wb25lbnrezwyioijmb3jjzvnlyxjjadpzzwfyy2hqywdlrgvza3rvccisimf0dhjpynv0zxmionsidgvybsi6ijawodgynzgziiwic2nvcgvnyxaionsidhlwzsi6ilrpuf9srvnvtfrtiiwibmftzxnwywnlijoiiiwibgfizwwioijub3agumvzdwx0cyisimxhymvsugx1cmfsijoivg9wifjlc3vsdhmilcjyzxn1bhrzq21wijoizm9yy2vtzwfyy2g6chjlzgljdgvkumvzdwx0cyj9lcjjb250zxh0ijp7ikzjtfrfulmiont9lcjzzwfyy2htb3vyy2uioijbu1nju1rbtlrfrelbte9hiiwizglzywjszuludgvudff1zxj5ijpmywxzzswizglzywjszvnwzwxsq29ycmvjdglvbii6zmfsc2usinnlyxjjaerpywxvz1nlc3npb25jzci6imi2zdq3ytg5ltm0zjqtogu3zi1hzmzmlte5zgi1zdq1mwrmysisimrlynvnsw5mbyi6eyjhchboyw1lijoisunhcl9tzxj2awnlx0nvbnnvbguilcjhchbuexblijoiq29uc29szsisimfwce5hbwvzcgfjzsi6immilcjsb2nhdglvbii6imzvcmnlom9iamvjdehvbwvezxnrdg9wiiwic29iamvjdfr5cguioijby2nvdw50in19lcjncm91celkijoirevgqvvmvcj9lcjzdgf0zsi6e319</small> </font> </div>
<div class="test-event"> <font color="maroon"> <small> &emsp; &emsp;--- 06 Aug 12:55:39 007 - <b>0</b> - Page Load Wait: (Sync) - ICar.support.Utils.waitForPageLoad(Utils.java:109)</small> </font> </div>
<div class="test-event"> <font color="maroon"> <small> &emsp; &emsp;--- 06 Aug 12:55:39 068 - Element is displayed:: [[ChromeDriver: chrome on WINDOWS (bc08538aa04ca0fc5d583beb57eceede)] -> xpath: //a[@title='Top Results']//span[text()='Top Results']]</small> </font> </div>
<div class="test-event"> <font color="maroon"> <small> &emsp; &emsp;--- 06 Aug 12:55:39 938 - Page URL:: https://i-car--staging.sandbox.lightning.force.com/one/one.app#eyjjb21wb25lbnrezwyioijmb3jjzvnlyxjjadpzzwfyy2hqywdlrgvza3rvccisimf0dhjpynv0zxmionsidgvybsi6ijawodgynzgziiwic2nvcgvnyxaionsidhlwzsi6ilrpuf9srvnvtfrtiiwibmftzxnwywnlijoiiiwibgfizwwioijub3agumvzdwx0cyisimxhymvsugx1cmfsijoivg9wifjlc3vsdhmilcjyzxn1bhrzq21wijoizm9yy2vtzwfyy2g6chjlzgljdgvkumvzdwx0cyj9lcjjb250zxh0ijp7ikzjtfrfulmiont9lcjzzwfyy2htb3vyy2uioijbu1nju1rbtlrfrelbte9hiiwizglzywjszuludgvudff1zxj5ijpmywxzzswizglzywjszvnwzwxsq29ycmvjdglvbii6zmfsc2usinnlyxjjaerpywxvz1nlc3npb25jzci6imi2zdq3ytg5ltm0zjqtogu3zi1hzmzmlte5zgi1zdq1mwrmysisimrlynvnsw5mbyi6eyjhchboyw1lijoisunhcl9tzxj2awnlx0nvbnnvbguilcjhchbuexblijoiq29uc29szsisimfwce5hbwvzcgfjzsi6immilcjsb2nhdglvbii6imzvcmnlom9iamvjdehvbwvezxnrdg9wiiwic29iamvjdfr5cguioijby2nvdw50in19lcjncm91celkijoirevgqvvmvcj9lcjzdgf0zsi6e319</small> </font> </div>
<div class="test-event"> <font color="maroon"> <small> &emsp; &emsp;--- 06 Aug 12:55:39 938 - <b>0</b> - Page Load Wait: (Sync) - ICar.support.Utils.waitForPageLoad(Utils.java:109)</small> </font> </div>
<div class="test-event"> <font color="maroon"> <small> &emsp; &emsp;--- 06 Aug 12:55:45 145 - Catched spinner load exception due to Expected condition failed: waiting for ICar.support.WaitUtils$4@4ccdc1df (tried for 5 second(s) with 500 milliseconds interval)</small> </font> </div>
<div class="test-event"> <font color="maroon"> <small> &emsp; &emsp;--- 06 Aug 12:55:45 145 - <b>5</b> - Spinner Load Wait: (Sync) - ICar.support.WaitUtils.waitForSpinner(WaitUtils.java:225)</small> </font> </div>
<div class="test-event"> <font color="maroon"> <small> &emsp; &emsp;--- 06 Aug 12:55:45 920 - Page URL:: https://i-car--staging.sandbox.lightning.force.com/one/one.app#eyjjb21wb25lbnrezwyioijmb3jjzvnlyxjjadpzzwfyy2hqywdlrgvza3rvccisimf0dhjpynv0zxmionsidgvybsi6ijawodgynzgziiwic2nvcgvnyxaionsidhlwzsi6ilrpuf9srvnvtfrtiiwibmftzxnwywnlijoiiiwibgfizwwioijub3agumvzdwx0cyisimxhymvsugx1cmfsijoivg9wifjlc3vsdhmilcjyzxn1bhrzq21wijoizm9yy2vtzwfyy2g6chjlzgljdgvkumvzdwx0cyj9lcjjb250zxh0ijp7ikzjtfrfulmiont9lcjzzwfyy2htb3vyy2uioijbu1nju1rbtlrfrelbte9hiiwizglzywjszuludgvudff1zxj5ijpmywxzzswizglzywjszvnwzwxsq29ycmvjdglvbii6zmfsc2usinnlyxjjaerpywxvz1nlc3npb25jzci6imi2zdq3ytg5ltm0zjqtogu3zi1hzmzmlte5zgi1zdq1mwrmysisimrlynvnsw5mbyi6eyjhchboyw1lijoisunhcl9tzxj2awnlx0nvbnnvbguilcjhchbuexblijoiq29uc29szsisimfwce5hbwvzcgfjzsi6immilcjsb2nhdglvbii6imzvcmnlom9iamvjdehvbwvezxnrdg9wiiwic29iamvjdfr5cguioijby2nvdw50in19lcjncm91celkijoirevgqvvmvcj9lcjzdgf0zsi6e319</small> </font> </div>
<div class="test-event"> <font color="maroon"> <small> &emsp; &emsp;--- 06 Aug 12:55:45 920 - <b>0</b> - Page Load Wait: (Sync) - ICar.support.Utils.waitForPageLoad(Utils.java:109)</small> </font> </div>
<div class="test-event"> <font color="maroon"> <small> &emsp; &emsp;--- 06 Aug 12:55:46 661 - Page URL:: https://i-car--staging.sandbox.lightning.force.com/one/one.app#eyjjb21wb25lbnrezwyioijmb3jjzvnlyxjjadpzzwfyy2hqywdlrgvza3rvccisimf0dhjpynv0zxmionsidgvybsi6ijawodgynzgziiwic2nvcgvnyxaionsidhlwzsi6ilrpuf9srvnvtfrtiiwibmftzxnwywnlijoiiiwibgfizwwioijub3agumvzdwx0cyisimxhymvsugx1cmfsijoivg9wifjlc3vsdhmilcjyzxn1bhrzq21wijoizm9yy2vtzwfyy2g6chjlzgljdgvkumvzdwx0cyj9lcjjb250zxh0ijp7ikzjtfrfulmiont9lcjzzwfyy2htb3vyy2uioijbu1nju1rbtlrfrelbte9hiiwizglzywjszuludgvudff1zxj5ijpmywxzzswizglzywjszvnwzwxsq29ycmvjdglvbii6zmfsc2usinnlyxjjaerpywxvz1nlc3npb25jzci6imi2zdq3ytg5ltm0zjqtogu3zi1hzmzmlte5zgi1zdq1mwrmysisimrlynvnsw5mbyi6eyjhchboyw1lijoisunhcl9tzxj2awnlx0nvbnnvbguilcjhchbuexblijoiq29uc29szsisimfwce5hbwvzcgfjzsi6immilcjsb2nhdglvbii6imzvcmnlom9iamvjdehvbwvezxnrdg9wiiwic29iamvjdfr5cguioijby2nvdw50in19lcjncm91celkijoirevgqvvmvcj9lcjzdgf0zsi6e319</small> </font> </div>
<div class="test-event"> <font color="maroon"> <small> &emsp; &emsp;--- 06 Aug 12:55:46 661 - <b>0</b> - Page Load Wait: (Sync) - ICar.support.Utils.waitForPageLoad(Utils.java:109)</small> </font> </div>
<div class="test-event"> <font color="maroon"> <small> &emsp; &emsp;--- 06 Aug 12:55:57 030 - Catched spinner load exception due to Expected condition failed: waiting for ICar.support.WaitUtils$4@4ccdc1df (tried for 10 second(s) with 500 milliseconds interval)</small> </font> </div>
<div class="test-event"> <font color="maroon"> <small> &emsp; &emsp;--- 06 Aug 12:55:57 031 - <b>10</b> - Spinner Load Wait: (Sync) - ICar.support.WaitUtils.waitForSpinner(WaitUtils.java:225)</small> </font> </div>
<div class="test-event"> <font color="maroon"> <small> &emsp; &emsp;--- 06 Aug 12:56:02 096 - Element is displayed:: [[ChromeDriver: chrome on WINDOWS (bc08538aa04ca0fc5d583beb57eceede)] -> xpath: //div/table/tbody/tr/th/span/a[@title='00882783']]</small> </font> </div>
<div class="test-event"> <font color="maroon"> <small> &emsp; &emsp;--- 06 Aug 12:56:08 003 - Page URL:: https://i-car--staging.sandbox.lightning.force.com/lightning/r/order/801vc00000nrcruyas/view</small> </font> </div>
<div class="test-event"> <font color="maroon"> <small> &emsp; &emsp;--- 06 Aug 12:56:08 004 - <b>0</b> - Page Load Wait: (Sync) - ICar.support.Utils.waitForPageLoad(Utils.java:109)</small> </font> </div>
<div class="test-event"> <font color="maroon"> <small> &emsp; &emsp;--- 06 Aug 12:56:23 027 - Catched spinner load exception due to Expected condition failed: waiting for ICar.support.WaitUtils$4@4ccdc1df (tried for 15 second(s) with 500 milliseconds interval)</small> </font> </div>
<div class="test-event"> <font color="maroon"> <small> &emsp; &emsp;--- 06 Aug 12:56:23 028 - <b>15</b> - Spinner Load Wait: (Sync) - ICar.support.WaitUtils.waitForSpinner(WaitUtils.java:225)</small> </font> </div>
<div class="test-event"> <font color="maroon"> <small> &emsp; &emsp;--- 06 Aug 12:56:23 744 - Page URL:: https://i-car--staging.sandbox.lightning.force.com/lightning/r/order/801vc00000nrcruyas/view</small> </font> </div>
<div class="test-event"> <font color="maroon"> <small> &emsp; &emsp;--- 06 Aug 12:56:23 744 - <b>0</b> - Page Load Wait: (Sync) - ICar.support.Utils.waitForPageLoad(Utils.java:109)</small> </font> </div>
<div class="test-event"> <font color="maroon"> <small> &emsp; &emsp;--- 06 Aug 12:56:25 943 - Element is displayed:: [[ChromeDriver: chrome on WINDOWS (bc08538aa04ca0fc5d583beb57eceede)] -> xpath: //*[@id='detailTab__item']]</small> </font> </div>
<div class="test-event"> <font color="maroon"> <small> &emsp; &emsp;--- 06 Aug 12:56:26 793 - Page URL:: https://i-car--staging.sandbox.lightning.force.com/lightning/r/order/801vc00000nrcruyas/view</small> </font> </div>
<div class="test-event"> <font color="maroon"> <small> &emsp; &emsp;--- 06 Aug 12:56:26 793 - <b>0</b> - Page Load Wait: (Sync) - ICar.support.Utils.waitForPageLoad(Utils.java:109)</small> </font> </div>
<div class="test-event"> <font color="maroon"> <small> &emsp; &emsp;--- 06 Aug 12:56:41 925 - Catched spinner load exception due to Expected condition failed: waiting for ICar.support.WaitUtils$4@4ccdc1df (tried for 15 second(s) with 500 milliseconds interval)</small> </font> </div>
<div class="test-event"> <font color="maroon"> <small> &emsp; &emsp;--- 06 Aug 12:56:41 925 - <b>15</b> - Spinner Load Wait: (Sync) - ICar.support.WaitUtils.waitForSpinner(WaitUtils.java:225)</small> </font> </div>
<div class="test-event"> <font color="maroon"> <small> &emsp; &emsp;--- 06 Aug 12:56:42 688 - Page URL:: https://i-car--staging.sandbox.lightning.force.com/lightning/r/order/801vc00000nrcruyas/view</small> </font> </div>
<div class="test-event"> <font color="maroon"> <small> &emsp; &emsp;--- 06 Aug 12:56:42 688 - <b>0</b> - Page Load Wait: (Sync) - ICar.support.Utils.waitForPageLoad(Utils.java:109)</small> </font> </div>
<div class="test-event"> <font color="maroon"> <small> &emsp; &emsp;--- 06 Aug 12:56:42 747 - Page URL:: https://i-car--staging.sandbox.lightning.force.com/lightning/r/order/801vc00000nrcruyas/view</small> </font> </div>
<div class="test-event"> <font color="maroon"> <small> &emsp; &emsp;--- 06 Aug 12:56:42 747 - Page Load Wait </small> </font> </div>
<div class="test-event"> <font color="maroon"> <small> &emsp; &emsp;--- 06 Aug 12:57:03 037 - Catched spinner load exception due to Expected condition failed: waiting for ICar.support.WaitUtils$4@4ccdc1df (tried for 20 second(s) with 500 milliseconds interval)</small> </font> </div>
<div class="test-event"> <font color="maroon"> <small> &emsp; &emsp;--- 06 Aug 12:57:03 037 - <b>20</b> - Spinner Load Wait: (Sync) - ICar.support.WaitUtils.waitForSpinner(WaitUtils.java:225)</small> </font> </div>
<div class="test-event"> <font color="maroon"> <small> &emsp; &emsp;--- 06 Aug 12:57:03 150 - Element is displayed:: [[ChromeDriver: chrome on WINDOWS (bc08538aa04ca0fc5d583beb57eceede)] -> xpath: //button[@title='Edit Order Date']]</small> </font> </div>
<div class="test-event"> <font color="maroon"> <small> &emsp; &emsp;--- 06 Aug 12:57:43 834 - Element is displayed:: [[ChromeDriver: chrome on WINDOWS (bc08538aa04ca0fc5d583beb57eceede)] -> xpath: //button[@name='SaveEdit']]</small> </font> </div>
<div class="test-event"> <font color="maroon"> <small> &emsp; &emsp;--- 06 Aug 12:57:44 083 - Element is displayed:: [[ChromeDriver: chrome on WINDOWS (bc08538aa04ca0fc5d583beb57eceede)] -> xpath: //button[@name='SaveEdit']]</small> </font> </div>
<div class="test-message">&emsp;18. select 'CC Oder' </div>
<div class="test-event"> <font color="maroon"> <small> &emsp; &emsp;--- 06 Aug 12:58:05 105 - Page URL:: https://i-car--staging.sandbox.lightning.force.com/lightning/r/order/801vc00000nrcruyas/view</small> </font> </div>
<div class="test-event"> <font color="maroon"> <small> &emsp; &emsp;--- 06 Aug 12:58:05 105 - <b>0</b> - Page Load Wait: (Sync) - ICar.support.Utils.waitForPageLoad(Utils.java:109)</small> </font> </div>
<div class="test-event"> <font color="maroon"> <small> &emsp; &emsp;--- 06 Aug 12:58:20 113 - Catched spinner load exception due to Expected condition failed: waiting for ICar.support.WaitUtils$4@4ccdc1df (tried for 15 second(s) with 500 milliseconds interval)</small> </font> </div>
<div class="test-event"> <font color="maroon"> <small> &emsp; &emsp;--- 06 Aug 12:58:20 113 - <b>15</b> - Spinner Load Wait: (Sync) - ICar.support.WaitUtils.waitForSpinner(WaitUtils.java:225)</small> </font> </div>
<div class="test-event"> <font color="maroon"> <small> &emsp; &emsp;--- 06 Aug 12:58:20 816 - Page URL:: https://i-car--staging.sandbox.lightning.force.com/lightning/r/order/801vc00000nrcruyas/view</small> </font> </div>
<div class="test-event"> <font color="maroon"> <small> &emsp; &emsp;--- 06 Aug 12:58:20 816 - <b>0</b> - Page Load Wait: (Sync) - ICar.support.Utils.waitForPageLoad(Utils.java:109)</small> </font> </div>
<div class="test-event"> <font color="maroon"> <small> &emsp; &emsp;--- 06 Aug 12:59:47 784 - Unable to find an element after 20 sec ==> Proxy element for: AjaxElementLocator 'By.xpath: //a[@data-target-selection-name='relatedListsTabTab']'</small> </font> </div>
<div class="test-event"> <font color="maroon"> <small> &emsp; &emsp;--- 06 Aug 12:59:53 027 - Element is displayed:: [[ChromeDriver: chrome on WINDOWS (bc08538aa04ca0fc5d583beb57eceede)] -> xpath: //a[@id='relatedListsTab__item']]</small> </font> </div>
<div class="test-event"> <font color="maroon"> <small> &emsp; &emsp;--- 06 Aug 12:59:53 989 - Page URL:: https://i-car--staging.sandbox.lightning.force.com/lightning/r/order/801vc00000nrcruyas/view</small> </font> </div>
<div class="test-event"> <font color="maroon"> <small> &emsp; &emsp;--- 06 Aug 12:59:53 989 - <b>0</b> - Page Load Wait: (Sync) - ICar.support.Utils.waitForPageLoad(Utils.java:109)</small> </font> </div>
<div class="test-event"> <font color="maroon"> <small> &emsp; &emsp;--- 06 Aug 13:00:09 096 - Catched spinner load exception due to Expected condition failed: waiting for ICar.support.WaitUtils$4@4ccdc1df (tried for 15 second(s) with 500 milliseconds interval)</small> </font> </div>
<div class="test-event"> <font color="maroon"> <small> &emsp; &emsp;--- 06 Aug 13:00:09 096 - <b>15</b> - Spinner Load Wait: (Sync) - ICar.support.WaitUtils.waitForSpinner(WaitUtils.java:225)</small> </font> </div>
<div class="test-event"> <font color="maroon"> <small> &emsp; &emsp;--- 06 Aug 13:00:10 027 - Page URL:: https://i-car--staging.sandbox.lightning.force.com/lightning/r/order/801vc00000nrcruyas/view</small> </font> </div>
<div class="test-event"> <font color="maroon"> <small> &emsp; &emsp;--- 06 Aug 13:00:10 027 - <b>0</b> - Page Load Wait: (Sync) - ICar.support.Utils.waitForPageLoad(Utils.java:109)</small> </font> </div>
<div class="test-event"> <font color="maroon"> <small> &emsp; &emsp;--- 06 Aug 13:00:18 395 - Catched spinner load exception due to Expected condition failed: waiting for ICar.support.WaitUtils$4@4ccdc1df (tried for 8 second(s) with 500 milliseconds interval)</small> </font> </div>
<div class="test-event"> <font color="maroon"> <small> &emsp; &emsp;--- 06 Aug 13:00:18 395 - <b>8</b> - Spinner Load Wait: (Sync) - ICar.support.WaitUtils.waitForSpinner(WaitUtils.java:225)</small> </font> </div>
<div class="test-event"> <font color="maroon"> <small> &emsp; &emsp;--- 06 Aug 13:00:19 509 - Page URL:: https://i-car--staging.sandbox.lightning.force.com/lightning/r/order/801vc00000nrcruyas/view</small> </font> </div>
<div class="test-event"> <font color="maroon"> <small> &emsp; &emsp;--- 06 Aug 13:00:19 509 - <b>1</b> - Page Load Wait: (Sync) - ICar.support.Utils.waitForPageLoad(Utils.java:109)</small> </font> </div>
<div class="test-event"> <font color="maroon"> <small> &emsp; &emsp;--- 06 Aug 13:00:27 904 - Catched spinner load exception due to Expected condition failed: waiting for ICar.support.WaitUtils$4@4ccdc1df (tried for 8 second(s) with 500 milliseconds interval)</small> </font> </div>
<div class="test-event"> <font color="maroon"> <small> &emsp; &emsp;--- 06 Aug 13:00:27 904 - <b>8</b> - Spinner Load Wait: (Sync) - ICar.support.WaitUtils.waitForSpinner(WaitUtils.java:225)</small> </font> </div>
<div class="test-event"> <font color="maroon"> <small> &emsp; &emsp;--- 06 Aug 13:00:28 707 - Page URL:: https://i-car--staging.sandbox.lightning.force.com/lightning/r/order/801vc00000nrcruyas/view</small> </font> </div>
<div class="test-event"> <font color="maroon"> <small> &emsp; &emsp;--- 06 Aug 13:00:28 707 - <b>0</b> - Page Load Wait: (Sync) - ICar.support.Utils.waitForPageLoad(Utils.java:109)</small> </font> </div>
<div class="test-event"> <font color="maroon"> <small> &emsp; &emsp;--- 06 Aug 13:00:31 617 - Page URL:: https://i-car--staging.sandbox.lightning.force.com/lightning/r/order/801vc00000nrcruyas/view</small> </font> </div>
<div class="test-event"> <font color="maroon"> <small> &emsp; &emsp;--- 06 Aug 13:00:31 618 - <b>0</b> - Page Load Wait: (Sync) - ICar.support.Utils.waitForPageLoad(Utils.java:109)</small> </font> </div>
<div class="test-event"> <font color="maroon"> <small> &emsp; &emsp;--- 06 Aug 13:00:34 576 - Page URL:: https://i-car--staging.sandbox.lightning.force.com/lightning/r/order/801vc00000nrcruyas/view</small> </font> </div>
<div class="test-event"> <font color="maroon"> <small> &emsp; &emsp;--- 06 Aug 13:00:34 576 - <b>0</b> - Page Load Wait: (Sync) - ICar.support.Utils.waitForPageLoad(Utils.java:109)</small> </font> </div>
<div class="test-event"> <font color="maroon"> <small> &emsp; &emsp;--- 06 Aug 13:00:49 675 - Catched spinner load exception due to Expected condition failed: waiting for ICar.support.WaitUtils$4@4ccdc1df (tried for 15 second(s) with 500 milliseconds interval)</small> </font> </div>
<div class="test-event"> <font color="maroon"> <small> &emsp; &emsp;--- 06 Aug 13:00:49 675 - <b>15</b> - Spinner Load Wait: (Sync) - ICar.support.WaitUtils.waitForSpinner(WaitUtils.java:225)</small> </font> </div>
<div class="test-event"> <font color="maroon"> <small> &emsp; &emsp;--- 06 Aug 13:00:50 586 - Page URL:: https://i-car--staging.sandbox.lightning.force.com/lightning/r/order/801vc00000nrcruyas/view</small> </font> </div>
<div class="test-event"> <font color="maroon"> <small> &emsp; &emsp;--- 06 Aug 13:00:50 586 - <b>0</b> - Page Load Wait: (Sync) - ICar.support.Utils.waitForPageLoad(Utils.java:109)</small> </font> </div>
<div class="test-event"> <font color="maroon"> <small> &emsp; &emsp;--- 06 Aug 13:00:50 651 - Element is displayed:: [[ChromeDriver: chrome on WINDOWS (bc08538aa04ca0fc5d583beb57eceede)] -> xpath: //h2[@class='slds-card__header-title']/a/span[1]]</small> </font> </div>
<div class="test-event"> <font color="maroon"> <small> &emsp; &emsp;--- 06 Aug 13:00:52 154 - Page URL:: https://i-car--staging.sandbox.lightning.force.com/lightning/r/order/801vc00000nrcruyas/related/orderitems/view?ws=%2flightning%2fr%2forder%2f801vc00000nrcruyas%2fview</small> </font> </div>
<div class="test-event"> <font color="maroon"> <small> &emsp; &emsp;--- 06 Aug 13:00:52 154 - <b>1</b> - Page Load Wait: (Sync) - ICar.support.Utils.waitForPageLoad(Utils.java:109)</small> </font> </div>
<div class="test-event"> <font color="maroon"> <small> &emsp; &emsp;--- 06 Aug 13:01:07 357 - Catched spinner load exception due to Expected condition failed: waiting for ICar.support.WaitUtils$4@4ccdc1df (tried for 15 second(s) with 500 milliseconds interval)</small> </font> </div>
<div class="test-event"> <font color="maroon"> <small> &emsp; &emsp;--- 06 Aug 13:01:07 357 - <b>15</b> - Spinner Load Wait: (Sync) - ICar.support.WaitUtils.waitForSpinner(WaitUtils.java:225)</small> </font> </div>
<div class="test-message">&emsp;19. select 'CC Oder Iteams' </div>
<div class="test-event"> <font color="maroon"> <small> &emsp; &emsp;--- 06 Aug 13:01:07 441 - Page URL:: https://i-car--staging.sandbox.lightning.force.com/lightning/r/order/801vc00000nrcruyas/related/orderitems/view?ws=%2flightning%2fr%2forder%2f801vc00000nrcruyas%2fview</small> </font> </div>
<div class="test-event"> <font color="maroon"> <small> &emsp; &emsp;--- 06 Aug 13:01:07 441 - Page Load Wait </small> </font> </div>
<div class="test-event"> <font color="maroon"> <small> &emsp; &emsp;--- 06 Aug 13:01:27 719 - Catched spinner load exception due to Expected condition failed: waiting for ICar.support.WaitUtils$4@4ccdc1df (tried for 20 second(s) with 500 milliseconds interval)</small> </font> </div>
<div class="test-event"> <font color="maroon"> <small> &emsp; &emsp;--- 06 Aug 13:01:27 719 - <b>20</b> - Spinner Load Wait: (Sync) - ICar.support.WaitUtils.waitForSpinner(WaitUtils.java:225)</small> </font> </div>
<div class="test-event"> <font color="maroon"> <small> &emsp; &emsp;--- 06 Aug 13:01:36 024 - Page URL:: https://i-car--staging.sandbox.lightning.force.com/lightning/r/order/801vc00000nrcruyas/related/orderitems/view?ws=%2flightning%2fr%2forder%2f801vc00000nrcruyas%2fview</small> </font> </div>
<div class="test-event"> <font color="maroon"> <small> &emsp; &emsp;--- 06 Aug 13:01:36 024 - Page Load Wait </small> </font> </div>
<div class="test-event"> <font color="maroon"> <small> &emsp; &emsp;--- 06 Aug 13:01:56 250 - Catched spinner load exception due to Expected condition failed: waiting for ICar.support.WaitUtils$4@4ccdc1df (tried for 20 second(s) with 500 milliseconds interval)</small> </font> </div>
<div class="test-event"> <font color="maroon"> <small> &emsp; &emsp;--- 06 Aug 13:01:56 250 - <b>20</b> - Spinner Load Wait: (Sync) - ICar.support.WaitUtils.waitForSpinner(WaitUtils.java:225)</small> </font> </div>
<div class="test-event"> <font color="maroon"> <small> &emsp; &emsp;--- 06 Aug 13:02:11 639 - Page URL:: https://i-car--staging.sandbox.lightning.force.com/lightning/r/order/801vc00000nrcruyas/related/orderitems/view?ws=%2flightning%2fr%2forder%2f801vc00000nrcruyas%2fview</small> </font> </div>
<div class="test-event"> <font color="maroon"> <small> &emsp; &emsp;--- 06 Aug 13:02:11 640 - <b>1</b> - Page Load Wait: (Sync) - ICar.support.Utils.waitForPageLoad(Utils.java:109)</small> </font> </div>
<div class="test-event"> <font color="maroon"> <small> &emsp; &emsp;--- 06 Aug 13:02:12 762 - Page URL:: https://i-car--staging.sandbox.lightning.force.com/lightning/r/order/801vc00000nrcruyas/related/orderitems/view?ws=%2flightning%2fr%2forder%2f801vc00000nrcruyas%2fview</small> </font> </div>
<div class="test-event"> <font color="maroon"> <small> &emsp; &emsp;--- 06 Aug 13:02:12 762 - <b>1</b> - Page Load Wait: (Sync) - ICar.support.Utils.waitForPageLoad(Utils.java:109)</small> </font> </div>
<div class="test-event"> <font color="maroon"> <small> &emsp; &emsp;--- 06 Aug 13:02:12 829 - Element is displayed:: [[ChromeDriver: chrome on WINDOWS (bc08538aa04ca0fc5d583beb57eceede)] -> xpath: //ul[@class='slds-global-actions']//div[@class='setupGear']]</small> </font> </div>
<div class="test-event"> <font color="maroon"> <small> &emsp; &emsp;--- 06 Aug 13:02:12 913 - Element is displayed:: [[ChromeDriver: chrome on WINDOWS (bc08538aa04ca0fc5d583beb57eceede)] -> xpath: //ul[@class='slds-global-actions']//div[@class='setupGear']]</small> </font> </div>
<div class="test-event"> <font color="maroon"> <small> &emsp; &emsp;--- 06 Aug 13:02:17 619 - Page URL:: https://i-car--staging.sandbox.lightning.force.com/lightning/r/order/801vc00000nrcruyas/related/orderitems/view?ws=%2flightning%2fr%2forder%2f801vc00000nrcruyas%2fview</small> </font> </div>
<div class="test-event"> <font color="maroon"> <small> &emsp; &emsp;--- 06 Aug 13:02:17 620 - <b>1</b> - Page Load Wait: (Sync) - ICar.support.Utils.waitForPageLoad(Utils.java:109)</small> </font> </div>
<div class="test-event"> <font color="maroon"> <small> &emsp; &emsp;--- 06 Aug 13:02:21 134 - Catched spinner load exception due to Expected condition failed: waiting for ICar.support.WaitUtils$4@4ccdc1df (tried for 3 second(s) with 500 milliseconds interval)</small> </font> </div>
<div class="test-event"> <font color="maroon"> <small> &emsp; &emsp;--- 06 Aug 13:02:21 134 - <b>3</b> - Spinner Load Wait: (Sync) - ICar.support.WaitUtils.waitForSpinner(WaitUtils.java:225)</small> </font> </div>
<div class="test-event"> <font color="maroon"> <small> &emsp; &emsp;--- 06 Aug 13:02:22 185 - Page URL:: https://i-car--staging.sandbox.lightning.force.com/lightning/r/order/801vc00000nrcruyas/related/orderitems/view?ws=%2flightning%2fr%2forder%2f801vc00000nrcruyas%2fview</small> </font> </div>
<div class="test-event"> <font color="maroon"> <small> &emsp; &emsp;--- 06 Aug 13:02:22 185 - <b>1</b> - Page Load Wait: (Sync) - ICar.support.Utils.waitForPageLoad(Utils.java:109)</small> </font> </div>
<div class="test-event"> <font color="maroon"> <small> &emsp; &emsp;--- 06 Aug 13:02:22 401 - Page URL:: https://i-car--staging.sandbox.lightning.force.com/lightning/setup/setuponehome/home</small> </font> </div>
<div class="test-event"> <font color="maroon"> <small> &emsp; &emsp;--- 06 Aug 13:02:22 401 - <b>0</b> - Page Load Wait: (Sync) - ICar.support.Utils.waitForPageLoad(Utils.java:109)</small> </font> </div>
<div class="test-event"> <font color="maroon"> <small> &emsp; &emsp;--- 06 Aug 13:02:28 177 - Page URL:: https://i-car--staging.sandbox.lightning.force.com/lightning/setup/setuponehome/home</small> </font> </div>
<div class="test-event"> <font color="maroon"> <small> &emsp; &emsp;--- 06 Aug 13:02:28 177 - <b>0</b> - Page Load Wait: (Sync) - ICar.support.Utils.waitForPageLoad(Utils.java:109)</small> </font> </div>
<div class="test-message">&emsp;Close the tab</div>
<div class="test-event"> <font color="maroon"> <small> &emsp; &emsp;--- 06 Aug 13:02:35 825 - Page URL:: https://i-car--staging.sandbox.lightning.force.com/lightning/setup/setuponehome/home</small> </font> </div>
<div class="test-event"> <font color="maroon"> <small> &emsp; &emsp;--- 06 Aug 13:02:35 825 - <b>0</b> - Page Load Wait: (Sync) - ICar.support.Utils.waitForPageLoad(Utils.java:109)</small> </font> </div>
<div class="test-event"> <font color="maroon"> <small> &emsp; &emsp;--- 06 Aug 13:02:49 042 - Unable to find an element after 2 sec ==> Proxy element for: AjaxElementLocator 'By.cssSelector: button[class*='search-button']'</small> </font> </div>
<div class="test-event"> <font color="maroon"> <small> &emsp; &emsp;--- 06 Aug 13:02:51 140 - Catched spinner load exception due to Expected condition failed: waiting for ICar.support.WaitUtils$4@4ccdc1df (tried for 2 second(s) with 500 milliseconds interval)</small> </font> </div>
<div class="test-event"> <font color="maroon"> <small> &emsp; &emsp;--- 06 Aug 13:02:51 140 - <b>2</b> - Spinner Load Wait: (Sync) - ICar.support.WaitUtils.waitForSpinner(WaitUtils.java:225)</small> </font> </div>
<div class="test-event"> <font color="maroon"> <small> &emsp; &emsp;--- 06 Aug 13:02:54 340 - Page URL:: https://i-car--staging.sandbox.lightning.force.com/lightning/setup/setuponehome/home</small> </font> </div>
<div class="test-event"> <font color="maroon"> <small> &emsp; &emsp;--- 06 Aug 13:02:54 340 - <b>0</b> - Page Load Wait: (Sync) - ICar.support.Utils.waitForPageLoad(Utils.java:109)</small> </font> </div>
<div class="test-event"> <font color="maroon"> <small> &emsp; &emsp;--- 06 Aug 13:02:57 430 - Element is displayed:: [[ChromeDriver: chrome on WINDOWS (bc08538aa04ca0fc5d583beb57eceede)] -> css selector: div[class*='uiInput--default'] input]</small> </font> </div>
<div class="test-event"> <font color="maroon"> <small> &emsp; &emsp;--- 06 Aug 13:03:14 251 - Catched spinner load exception due to Expected condition failed: waiting for ICar.support.WaitUtils$4@4ccdc1df (tried for 10 second(s) with 500 milliseconds interval)</small> </font> </div>
<div class="test-event"> <font color="maroon"> <small> &emsp; &emsp;--- 06 Aug 13:03:14 251 - <b>10</b> - Spinner Load Wait: (Sync) - ICar.support.WaitUtils.waitForSpinner(WaitUtils.java:225)</small> </font> </div>
<div class="test-event"> <font color="maroon"> <small> &emsp; &emsp;--- 06 Aug 13:03:14 485 - Page URL:: https://i-car--staging.sandbox.lightning.force.com/one/one.app#eyjjb21wb25lbnrezwyioijmb3jjzvnlyxjjadpzzwfyy2gilcjhdhryawj1dgvzijp7inrlcm0ioijkb2huiejlbmf2awrlcyisinnjb3bltwfwijp7imxhymvsugx1cmfsijoiu2v0dxailcjuyw1lc3bhy2uioijtzxr1ccisinr5cguioijut1bfukvtvuxuuyj9lcjjb250zxh0ijp7imrpc2fibgvtcgvsbenvcnjly3rpb24iomzhbhnllcjkaxnhymxlsw50zw50uxvlcnkiomzhbhnllcjzzwfyy2htb3vyy2uioijjtlbvvf9ervnlve9qin0simdyb3vwswqioijeruzbvuxuin0sinn0yxrlijp7fx0%3d</small> </font> </div>
<div class="test-event"> <font color="maroon"> <small> &emsp; &emsp;--- 06 Aug 13:03:14 485 - <b>0</b> - Page Load Wait: (Sync) - ICar.support.Utils.waitForPageLoad(Utils.java:109)</small> </font> </div>
<div class="test-event"> <font color="maroon"> <small> &emsp; &emsp;--- 06 Aug 13:03:25 990 - Catched spinner load exception due to Expected condition failed: waiting for ICar.support.WaitUtils$4@4ccdc1df (tried for 11 second(s) with 500 milliseconds interval)</small> </font> </div>
<div class="test-event"> <font color="maroon"> <small> &emsp; &emsp;--- 06 Aug 13:03:25 990 - <b>11</b> - Spinner Load Wait: (Sync) - ICar.support.WaitUtils.waitForSpinner(WaitUtils.java:225)</small> </font> </div>
<div class="test-event"> <font color="maroon"> <small> &emsp; &emsp;--- 06 Aug 13:03:26 186 - Page URL:: https://i-car--staging.sandbox.lightning.force.com/one/one.app#eyjjb21wb25lbnrezwyioijmb3jjzvnlyxjjadpzzwfyy2gilcjhdhryawj1dgvzijp7inrlcm0ioijkb2huiejlbmf2awrlcyisinnjb3bltwfwijp7imxhymvsugx1cmfsijoiu2v0dxailcjuyw1lc3bhy2uioijtzxr1ccisinr5cguioijut1bfukvtvuxuuyj9lcjjb250zxh0ijp7imrpc2fibgvtcgvsbenvcnjly3rpb24iomzhbhnllcjkaxnhymxlsw50zw50uxvlcnkiomzhbhnllcjzzwfyy2htb3vyy2uioijjtlbvvf9ervnlve9qin0simdyb3vwswqioijeruzbvuxuin0sinn0yxrlijp7fx0%3d</small> </font> </div>
<div class="test-event"> <font color="maroon"> <small> &emsp; &emsp;--- 06 Aug 13:03:26 186 - <b>0</b> - Page Load Wait: (Sync) - ICar.support.Utils.waitForPageLoad(Utils.java:109)</small> </font> </div>
<div class="test-event"> <font color="maroon"> <small> &emsp; &emsp;--- 06 Aug 13:03:26 233 - Element is displayed:: [[ChromeDriver: chrome on WINDOWS (bc08538aa04ca0fc5d583beb57eceede)] -> xpath: //a[@title='Top Results']//span[text()='Top Results']]</small> </font> </div>
<div class="test-event"> <font color="maroon"> <small> &emsp; &emsp;--- 06 Aug 13:03:26 513 - Page URL:: https://i-car--staging.sandbox.lightning.force.com/one/one.app#eyjjb21wb25lbnrezwyioijmb3jjzvnlyxjjadpzzwfyy2gilcjhdhryawj1dgvzijp7inrlcm0ioijkb2huiejlbmf2awrlcyisinnjb3bltwfwijp7imxhymvsugx1cmfsijoiu2v0dxailcjuyw1lc3bhy2uioijtzxr1ccisinr5cguioijut1bfukvtvuxuuyj9lcjjb250zxh0ijp7imrpc2fibgvtcgvsbenvcnjly3rpb24iomzhbhnllcjkaxnhymxlsw50zw50uxvlcnkiomzhbhnllcjzzwfyy2htb3vyy2uioijjtlbvvf9ervnlve9qin0simdyb3vwswqioijeruzbvuxuin0sinn0yxrlijp7fx0%3d</small> </font> </div>
<div class="test-event"> <font color="maroon"> <small> &emsp; &emsp;--- 06 Aug 13:03:26 513 - <b>0</b> - Page Load Wait: (Sync) - ICar.support.Utils.waitForPageLoad(Utils.java:109)</small> </font> </div>
<div class="test-event"> <font color="maroon"> <small> &emsp; &emsp;--- 06 Aug 13:03:31 791 - Catched spinner load exception due to Expected condition failed: waiting for ICar.support.WaitUtils$4@4ccdc1df (tried for 5 second(s) with 500 milliseconds interval)</small> </font> </div>
<div class="test-event"> <font color="maroon"> <small> &emsp; &emsp;--- 06 Aug 13:03:31 791 - <b>5</b> - Spinner Load Wait: (Sync) - ICar.support.WaitUtils.waitForSpinner(WaitUtils.java:225)</small> </font> </div>
<div class="test-event"> <font color="maroon"> <small> &emsp; &emsp;--- 06 Aug 13:03:31 996 - Page URL:: https://i-car--staging.sandbox.lightning.force.com/one/one.app#eyjjb21wb25lbnrezwyioijmb3jjzvnlyxjjadpzzwfyy2gilcjhdhryawj1dgvzijp7inrlcm0ioijkb2huiejlbmf2awrlcyisinnjb3bltwfwijp7imxhymvsugx1cmfsijoiu2v0dxailcjuyw1lc3bhy2uioijtzxr1ccisinr5cguioijut1bfukvtvuxuuyj9lcjjb250zxh0ijp7imrpc2fibgvtcgvsbenvcnjly3rpb24iomzhbhnllcjkaxnhymxlsw50zw50uxvlcnkiomzhbhnllcjzzwfyy2htb3vyy2uioijjtlbvvf9ervnlve9qin0simdyb3vwswqioijeruzbvuxuin0sinn0yxrlijp7fx0%3d</small> </font> </div>
<div class="test-event"> <font color="maroon"> <small> &emsp; &emsp;--- 06 Aug 13:03:31 996 - <b>0</b> - Page Load Wait: (Sync) - ICar.support.Utils.waitForPageLoad(Utils.java:109)</small> </font> </div>
<div class="test-event"> <font color="maroon"> <small> &emsp; &emsp;--- 06 Aug 13:03:32 182 - Page URL:: https://i-car--staging.sandbox.lightning.force.com/one/one.app#eyjjb21wb25lbnrezwyioijmb3jjzvnlyxjjadpzzwfyy2gilcjhdhryawj1dgvzijp7inrlcm0ioijkb2huiejlbmf2awrlcyisinnjb3bltwfwijp7imxhymvsugx1cmfsijoiu2v0dxailcjuyw1lc3bhy2uioijtzxr1ccisinr5cguioijut1bfukvtvuxuuyj9lcjjb250zxh0ijp7imrpc2fibgvtcgvsbenvcnjly3rpb24iomzhbhnllcjkaxnhymxlsw50zw50uxvlcnkiomzhbhnllcjzzwfyy2htb3vyy2uioijjtlbvvf9ervnlve9qin0simdyb3vwswqioijeruzbvuxuin0sinn0yxrlijp7fx0%3d</small> </font> </div>
<div class="test-event"> <font color="maroon"> <small> &emsp; &emsp;--- 06 Aug 13:03:32 182 - <b>0</b> - Page Load Wait: (Sync) - ICar.support.Utils.waitForPageLoad(Utils.java:109)</small> </font> </div>
<div class="test-event"> <font color="maroon"> <small> &emsp; &emsp;--- 06 Aug 13:03:32 453 - Page URL:: https://i-car--staging.sandbox.lightning.force.com/one/one.app#eyjjb21wb25lbnrezwyioijmb3jjzvnlyxjjadpzzwfyy2gilcjhdhryawj1dgvzijp7inrlcm0ioijkb2huiejlbmf2awrlcyisinnjb3bltwfwijp7imxhymvsugx1cmfsijoiu2v0dxailcjuyw1lc3bhy2uioijtzxr1ccisinr5cguioijut1bfukvtvuxuuyj9lcjjb250zxh0ijp7imrpc2fibgvtcgvsbenvcnjly3rpb24iomzhbhnllcjkaxnhymxlsw50zw50uxvlcnkiomzhbhnllcjzzwfyy2htb3vyy2uioijjtlbvvf9ervnlve9qin0simdyb3vwswqioijeruzbvuxuin0sinn0yxrlijp7fx0%3d</small> </font> </div>
<div class="test-event"> <font color="maroon"> <small> &emsp; &emsp;--- 06 Aug 13:03:32 453 - <b>0</b> - Page Load Wait: (Sync) - ICar.support.Utils.waitForPageLoad(Utils.java:109)</small> </font> </div>
<div class="test-event"> <font color="maroon"> <small> &emsp; &emsp;--- 06 Aug 13:03:57 887 - Catched spinner load exception due to Expected condition failed: waiting for ICar.support.WaitUtils$4@4ccdc1df (tried for 25 second(s) with 500 milliseconds interval)</small> </font> </div>
<div class="test-event"> <font color="maroon"> <small> &emsp; &emsp;--- 06 Aug 13:03:57 887 - <b>25</b> - Spinner Load Wait: (Sync) - ICar.support.WaitUtils.waitForSpinner(WaitUtils.java:225)</small> </font> </div>
<div class="test-event"> <font color="maroon"> <small> &emsp; &emsp;--- 06 Aug 13:03:58 077 - Page URL:: https://i-car--staging.sandbox.lightning.force.com/one/one.app#eyjjb21wb25lbnrezwyioijmb3jjzvnlyxjjadpzzwfyy2gilcjhdhryawj1dgvzijp7inrlcm0ioijkb2huiejlbmf2awrlcyisinnjb3bltwfwijp7imxhymvsugx1cmfsijoiu2v0dxailcjuyw1lc3bhy2uioijtzxr1ccisinr5cguioijut1bfukvtvuxuuyj9lcjjb250zxh0ijp7imrpc2fibgvtcgvsbenvcnjly3rpb24iomzhbhnllcjkaxnhymxlsw50zw50uxvlcnkiomzhbhnllcjzzwfyy2htb3vyy2uioijjtlbvvf9ervnlve9qin0simdyb3vwswqioijeruzbvuxuin0sinn0yxrlijp7fx0%3d</small> </font> </div>
<div class="test-event"> <font color="maroon"> <small> &emsp; &emsp;--- 06 Aug 13:03:58 077 - <b>0</b> - Page Load Wait: (Sync) - ICar.support.Utils.waitForPageLoad(Utils.java:109)</small> </font> </div>
<div class="test-event"> <font color="maroon"> <small> &emsp; &emsp;--- 06 Aug 13:03:58 111 - Element is displayed:: [[ChromeDriver: chrome on WINDOWS (bc08538aa04ca0fc5d583beb57eceede)] -> css selector: div.forceSearchResultsRegion  div.resultsMultiWrapper >div > div table tbody td a]</small> </font> </div>
<div class="test-event"> <font color="maroon"> <small> &emsp; &emsp;--- 06 Aug 13:03:58 179 - Element is displayed:: [[ChromeDriver: chrome on WINDOWS (bc08538aa04ca0fc5d583beb57eceede)] -> css selector: div.forceSearchResultsRegion  div.resultsMultiWrapper >div > div table tbody td a]</small> </font> </div>
<div class="test-event"> <font color="maroon"> <small> &emsp; &emsp;--- 06 Aug 13:03:58 490 - Page URL:: https://i-car--staging.sandbox.lightning.force.com/one/one.app#eyjjb21wb25lbnrezwyioijmb3jjzvnlyxjjadpzzwfyy2gilcjhdhryawj1dgvzijp7inrlcm0ioijkb2huiejlbmf2awrlcyisinnjb3bltwfwijp7imxhymvsugx1cmfsijoiu2v0dxailcjuyw1lc3bhy2uioijtzxr1ccisinr5cguioijut1bfukvtvuxuuyj9lcjjb250zxh0ijp7imrpc2fibgvtcgvsbenvcnjly3rpb24iomzhbhnllcjkaxnhymxlsw50zw50uxvlcnkiomzhbhnllcjzzwfyy2htb3vyy2uioijjtlbvvf9ervnlve9qin0simdyb3vwswqioijeruzbvuxuin0sinn0yxrlijp7fx0%3d</small> </font> </div>
<div class="test-event"> <font color="maroon"> <small> &emsp; &emsp;--- 06 Aug 13:03:58 490 - <b>0</b> - Page Load Wait: (Sync) - ICar.support.Utils.waitForPageLoad(Utils.java:109)</small> </font> </div>
<div class="test-event"> <font color="maroon"> <small> &emsp; &emsp;--- 06 Aug 13:04:18 758 - Catched spinner load exception due to Expected condition failed: waiting for ICar.support.WaitUtils$4@4ccdc1df (tried for 20 second(s) with 500 milliseconds interval)</small> </font> </div>
<div class="test-event"> <font color="maroon"> <small> &emsp; &emsp;--- 06 Aug 13:04:18 758 - <b>20</b> - Spinner Load Wait: (Sync) - ICar.support.WaitUtils.waitForSpinner(WaitUtils.java:225)</small> </font> </div>
<div class="test-event"> <font color="maroon"> <small> &emsp; &emsp;--- 06 Aug 13:04:18 888 - Page URL:: https://i-car--staging.sandbox.lightning.force.com/lightning/setup/manageusers/page?address=%2f0051i000002lzd7qak%3fnoredirect%3d1%26isuserentityoverride%3d1%26returl%3d%252fsetup%252fhome</small> </font> </div>
<div class="test-event"> <font color="maroon"> <small> &emsp; &emsp;--- 06 Aug 13:04:18 888 - <b>0</b> - Page Load Wait: (Sync) - ICar.support.Utils.waitForPageLoad(Utils.java:109)</small> </font> </div>
<div class="test-event"> <font color="maroon"> <small> &emsp; &emsp;--- 06 Aug 13:04:19 016 - Page URL:: https://i-car--staging.sandbox.lightning.force.com/lightning/setup/manageusers/page?address=%2f0051i000002lzd7qak%3fnoredirect%3d1%26isuserentityoverride%3d1%26returl%3d%252fsetup%252fhome</small> </font> </div>
<div class="test-event"> <font color="maroon"> <small> &emsp; &emsp;--- 06 Aug 13:04:19 016 - <b>0</b> - Page Load Wait: (Sync) - ICar.support.Utils.waitForPageLoad(Utils.java:109)</small> </font> </div>
<div class="test-event"> <font color="maroon"> <small> &emsp; &emsp;--- 06 Aug 13:04:23 127 - Element is displayed:: [[ChromeDriver: chrome on WINDOWS (bc08538aa04ca0fc5d583beb57eceede)] -> css selector: input[title='Login']]</small> </font> </div>
<div class="test-event"> <font color="maroon"> <small> &emsp; &emsp;--- 06 Aug 13:04:37 657 - Page URL:: https://i-car--staging.sandbox.lightning.force.com/lightning/r/orderitem/802vc0000083nmfyaq/view?ws=%2flightning%2fr%2forder%2f801vc00000nrdhcya0%2fview</small> </font> </div>
<div class="test-event"> <font color="maroon"> <small> &emsp; &emsp;--- 06 Aug 13:04:37 657 - <b>0</b> - Page Load Wait: (Sync) - ICar.support.Utils.waitForPageLoad(Utils.java:109)</small> </font> </div>
<div class="test-event"> <font color="maroon"> <small> &emsp; &emsp;--- 06 Aug 13:05:02 781 - Catched spinner load exception due to Expected condition failed: waiting for ICar.support.WaitUtils$4@4ccdc1df (tried for 25 second(s) with 500 milliseconds interval)</small> </font> </div>
<div class="test-event"> <font color="maroon"> <small> &emsp; &emsp;--- 06 Aug 13:05:02 781 - <b>25</b> - Spinner Load Wait: (Sync) - ICar.support.WaitUtils.waitForSpinner(WaitUtils.java:225)</small> </font> </div>
<div class="test-event"> <font color="maroon"> <small> &emsp; &emsp;--- 06 Aug 13:05:03 191 - Page URL:: https://i-car--staging.sandbox.lightning.force.com/lightning/r/orderitem/802vc0000083nmfyaq/view?ws=%2flightning%2fr%2forder%2f801vc00000nrdhcya0%2fview</small> </font> </div>
<div class="test-event"> <font color="maroon"> <small> &emsp; &emsp;--- 06 Aug 13:05:03 191 - <b>0</b> - Page Load Wait: (Sync) - ICar.support.Utils.waitForPageLoad(Utils.java:109)</small> </font> </div>
<div class="test-message">&emsp;Successfully login to:'John Benavides&emsp;<a href=".\ScreenShot\ICar_VR_TC32_707548877083100.png" target="_blank" >[ScreenShot]</a></div>
<div class="test-event"> <font color="maroon"> <small> &emsp; &emsp;--- 06 Aug 13:05:03 859 - Page URL:: https://i-car--staging.sandbox.lightning.force.com/lightning/r/orderitem/802vc0000083nmfyaq/view?ws=%2flightning%2fr%2forder%2f801vc00000nrdhcya0%2fview</small> </font> </div>
<div class="test-event"> <font color="maroon"> <small> &emsp; &emsp;--- 06 Aug 13:05:03 859 - <b>0</b> - Page Load Wait: (Sync) - ICar.support.Utils.waitForPageLoad(Utils.java:109)</small> </font> </div>
<div class="test-event"> <font color="maroon"> <small> &emsp; &emsp;--- 06 Aug 13:05:09 577 - Page URL:: https://i-car--staging.sandbox.lightning.force.com/lightning/r/orderitem/802vc0000083nmfyaq/view?ws=%2flightning%2fr%2forder%2f801vc00000nrdhcya0%2fview</small> </font> </div>
<div class="test-event"> <font color="maroon"> <small> &emsp; &emsp;--- 06 Aug 13:05:09 577 - <b>0</b> - Page Load Wait: (Sync) - ICar.support.Utils.waitForPageLoad(Utils.java:109)</small> </font> </div>
<div class="test-message">&emsp;Close the tab</div>
<div class="test-event"> <font color="maroon"> <small> &emsp; &emsp;--- 06 Aug 13:05:15 127 - Page URL:: https://i-car--staging.sandbox.lightning.force.com/lightning/o/refund_credit_request__c/list?filtername=__recent</small> </font> </div>
<div class="test-event"> <font color="maroon"> <small> &emsp; &emsp;--- 06 Aug 13:05:15 127 - <b>0</b> - Page Load Wait: (Sync) - ICar.support.Utils.waitForPageLoad(Utils.java:109)</small> </font> </div>
<div class="test-event"> <font color="maroon"> <small> &emsp; &emsp;--- 06 Aug 13:05:20 348 - Page URL:: https://i-car--staging.sandbox.lightning.force.com/lightning/o/refund_credit_request__c/list?filtername=__recent</small> </font> </div>
<div class="test-event"> <font color="maroon"> <small> &emsp; &emsp;--- 06 Aug 13:05:20 348 - <b>0</b> - Page Load Wait: (Sync) - ICar.support.Utils.waitForPageLoad(Utils.java:109)</small> </font> </div>
<div class="test-message">&emsp;Close the tab</div>
<div class="test-event"> <font color="maroon"> <small> &emsp; &emsp;--- 06 Aug 13:05:25 826 - Page URL:: https://i-car--staging.sandbox.lightning.force.com/lightning/o/refund_credit_request__c/list?filtername=__recent</small> </font> </div>
<div class="test-event"> <font color="maroon"> <small> &emsp; &emsp;--- 06 Aug 13:05:25 826 - <b>0</b> - Page Load Wait: (Sync) - ICar.support.Utils.waitForPageLoad(Utils.java:109)</small> </font> </div>
<div class="test-event"> <font color="maroon"> <small> &emsp; &emsp;--- 06 Aug 13:05:25 874 - Element is displayed:: [[ChromeDriver: chrome on WINDOWS (bc08538aa04ca0fc5d583beb57eceede)] -> css selector: button[class*='search-button']]</small> </font> </div>
<div class="test-event"> <font color="maroon"> <small> &emsp; &emsp;--- 06 Aug 13:05:27 974 - Catched spinner load exception due to Expected condition failed: waiting for ICar.support.WaitUtils$4@4ccdc1df (tried for 2 second(s) with 500 milliseconds interval)</small> </font> </div>
<div class="test-event"> <font color="maroon"> <small> &emsp; &emsp;--- 06 Aug 13:05:27 975 - <b>2</b> - Spinner Load Wait: (Sync) - ICar.support.WaitUtils.waitForSpinner(WaitUtils.java:225)</small> </font> </div>
<div class="test-event"> <font color="maroon"> <small> &emsp; &emsp;--- 06 Aug 13:05:31 053 - Element is displayed:: [[ChromeDriver: chrome on WINDOWS (bc08538aa04ca0fc5d583beb57eceede)] -> css selector: button[class*='search-button']]</small> </font> </div>
<div class="test-event"> <font color="maroon"> <small> &emsp; &emsp;--- 06 Aug 13:05:31 500 - Page URL:: https://i-car--staging.sandbox.lightning.force.com/lightning/o/refund_credit_request__c/list?filtername=__recent</small> </font> </div>
<div class="test-event"> <font color="maroon"> <small> &emsp; &emsp;--- 06 Aug 13:05:31 500 - <b>0</b> - Page Load Wait: (Sync) - ICar.support.Utils.waitForPageLoad(Utils.java:109)</small> </font> </div>
<div class="test-event"> <font color="maroon"> <small> &emsp; &emsp;--- 06 Aug 13:05:50 876 - Catched spinner load exception due to Expected condition failed: waiting for ICar.support.WaitUtils$4@4ccdc1df (tried for 10 second(s) with 500 milliseconds interval)</small> </font> </div>
<div class="test-event"> <font color="maroon"> <small> &emsp; &emsp;--- 06 Aug 13:05:50 876 - <b>10</b> - Spinner Load Wait: (Sync) - ICar.support.WaitUtils.waitForSpinner(WaitUtils.java:225)</small> </font> </div>
<div class="test-event"> <font color="maroon"> <small> &emsp; &emsp;--- 06 Aug 13:05:51 269 - Page URL:: https://i-car--staging.sandbox.lightning.force.com/one/one.app#eyjjb21wb25lbnrezwyioijmb3jjzvnlyxjjadpzzwfyy2hqywdlrgvza3rvccisimf0dhjpynv0zxmionsidgvybsi6ijawodgynzgziiwic2nvcgvnyxaionsidhlwzsi6ilrpuf9srvnvtfrtin0simnvbnrlehqionsirklmvevsuyi6e30sinnlyxjjafnvdxjjzsi6ikftu0ltvefovf9esufmt0cilcjkaxnhymxlsw50zw50uxvlcnkiomzhbhnllcjkaxnhymxlu3blbgxdb3jyzwn0aw9uijpmywxzzswic2vhcmnorglhbg9nu2vzc2lvbklkijoiogq2zmi3otmtodbkoc0wymfkltizowutyme4mtzjndvhmgfjiiwizgvidwdjbmzvijp7imfwce5hbwuioijjq2fyx1nlcnzpy2vfq29uc29szsisimfwcfr5cguioijdb25zb2xliiwiyxbwtmftzxnwywnlijoiyyisimxvy2f0aw9uijoizm9yy2u6b2jqzwn0sg9tzurlc2t0b3ailcjzb2jqzwn0vhlwzsi6iljlznvuzf9dcmvkaxrfumvxdwvzdf9fyyj9fswiz3jvdxbjzci6ikrfrkfvtfqifswic3rhdguiont9fq%3d%3d</small> </font> </div>
<div class="test-event"> <font color="maroon"> <small> &emsp; &emsp;--- 06 Aug 13:05:51 269 - <b>0</b> - Page Load Wait: (Sync) - ICar.support.Utils.waitForPageLoad(Utils.java:109)</small> </font> </div>
<div class="test-event"> <font color="maroon"> <small> &emsp; &emsp;--- 06 Aug 13:06:02 690 - Catched spinner load exception due to Expected condition failed: waiting for ICar.support.WaitUtils$4@4ccdc1df (tried for 11 second(s) with 500 milliseconds interval)</small> </font> </div>
<div class="test-event"> <font color="maroon"> <small> &emsp; &emsp;--- 06 Aug 13:06:02 691 - <b>11</b> - Spinner Load Wait: (Sync) - ICar.support.WaitUtils.waitForSpinner(WaitUtils.java:225)</small> </font> </div>
<div class="test-event"> <font color="maroon"> <small> &emsp; &emsp;--- 06 Aug 13:06:03 050 - Page URL:: https://i-car--staging.sandbox.lightning.force.com/one/one.app#eyjjb21wb25lbnrezwyioijmb3jjzvnlyxjjadpzzwfyy2hqywdlrgvza3rvccisimf0dhjpynv0zxmionsidgvybsi6ijawodgynzgziiwic2nvcgvnyxaionsidhlwzsi6ilrpuf9srvnvtfrtin0simnvbnrlehqionsirklmvevsuyi6e30sinnlyxjjafnvdxjjzsi6ikftu0ltvefovf9esufmt0cilcjkaxnhymxlsw50zw50uxvlcnkiomzhbhnllcjkaxnhymxlu3blbgxdb3jyzwn0aw9uijpmywxzzswic2vhcmnorglhbg9nu2vzc2lvbklkijoiogq2zmi3otmtodbkoc0wymfkltizowutyme4mtzjndvhmgfjiiwizgvidwdjbmzvijp7imfwce5hbwuioijjq2fyx1nlcnzpy2vfq29uc29szsisimfwcfr5cguioijdb25zb2xliiwiyxbwtmftzxnwywnlijoiyyisimxvy2f0aw9uijoizm9yy2u6b2jqzwn0sg9tzurlc2t0b3ailcjzb2jqzwn0vhlwzsi6iljlznvuzf9dcmvkaxrfumvxdwvzdf9fyyj9fswiz3jvdxbjzci6ikrfrkfvtfqifswic3rhdguiont9fq%3d%3d</small> </font> </div>
<div class="test-event"> <font color="maroon"> <small> &emsp; &emsp;--- 06 Aug 13:06:03 051 - <b>0</b> - Page Load Wait: (Sync) - ICar.support.Utils.waitForPageLoad(Utils.java:109)</small> </font> </div>
<div class="test-event"> <font color="maroon"> <small> &emsp; &emsp;--- 06 Aug 13:06:03 103 - Element is displayed:: [[ChromeDriver: chrome on WINDOWS (bc08538aa04ca0fc5d583beb57eceede)] -> xpath: //a[@title='Top Results']//span[text()='Top Results']]</small> </font> </div>
<div class="test-event"> <font color="maroon"> <small> &emsp; &emsp;--- 06 Aug 13:06:03 543 - Page URL:: https://i-car--staging.sandbox.lightning.force.com/one/one.app#eyjjb21wb25lbnrezwyioijmb3jjzvnlyxjjadpzzwfyy2hqywdlrgvza3rvccisimf0dhjpynv0zxmionsidgvybsi6ijawodgynzgziiwic2nvcgvnyxaionsidhlwzsi6ilrpuf9srvnvtfrtin0simnvbnrlehqionsirklmvevsuyi6e30sinnlyxjjafnvdxjjzsi6ikftu0ltvefovf9esufmt0cilcjkaxnhymxlsw50zw50uxvlcnkiomzhbhnllcjkaxnhymxlu3blbgxdb3jyzwn0aw9uijpmywxzzswic2vhcmnorglhbg9nu2vzc2lvbklkijoiogq2zmi3otmtodbkoc0wymfkltizowutyme4mtzjndvhmgfjiiwizgvidwdjbmzvijp7imfwce5hbwuioijjq2fyx1nlcnzpy2vfq29uc29szsisimfwcfr5cguioijdb25zb2xliiwiyxbwtmftzxnwywnlijoiyyisimxvy2f0aw9uijoizm9yy2u6b2jqzwn0sg9tzurlc2t0b3ailcjzb2jqzwn0vhlwzsi6iljlznvuzf9dcmvkaxrfumvxdwvzdf9fyyj9fswiz3jvdxbjzci6ikrfrkfvtfqifswic3rhdguiont9fq%3d%3d</small> </font> </div>
<div class="test-event"> <font color="maroon"> <small> &emsp; &emsp;--- 06 Aug 13:06:03 543 - <b>0</b> - Page Load Wait: (Sync) - ICar.support.Utils.waitForPageLoad(Utils.java:109)</small> </font> </div>
<div class="test-event"> <font color="maroon"> <small> &emsp; &emsp;--- 06 Aug 13:06:08 761 - Catched spinner load exception due to Expected condition failed: waiting for ICar.support.WaitUtils$4@4ccdc1df (tried for 5 second(s) with 500 milliseconds interval)</small> </font> </div>
<div class="test-event"> <font color="maroon"> <small> &emsp; &emsp;--- 06 Aug 13:06:08 761 - <b>5</b> - Spinner Load Wait: (Sync) - ICar.support.WaitUtils.waitForSpinner(WaitUtils.java:225)</small> </font> </div>
<div class="test-event"> <font color="maroon"> <small> &emsp; &emsp;--- 06 Aug 13:06:09 119 - Page URL:: https://i-car--staging.sandbox.lightning.force.com/one/one.app#eyjjb21wb25lbnrezwyioijmb3jjzvnlyxjjadpzzwfyy2hqywdlrgvza3rvccisimf0dhjpynv0zxmionsidgvybsi6ijawodgynzgziiwic2nvcgvnyxaionsidhlwzsi6ilrpuf9srvnvtfrtin0simnvbnrlehqionsirklmvevsuyi6e30sinnlyxjjafnvdxjjzsi6ikftu0ltvefovf9esufmt0cilcjkaxnhymxlsw50zw50uxvlcnkiomzhbhnllcjkaxnhymxlu3blbgxdb3jyzwn0aw9uijpmywxzzswic2vhcmnorglhbg9nu2vzc2lvbklkijoiogq2zmi3otmtodbkoc0wymfkltizowutyme4mtzjndvhmgfjiiwizgvidwdjbmzvijp7imfwce5hbwuioijjq2fyx1nlcnzpy2vfq29uc29szsisimfwcfr5cguioijdb25zb2xliiwiyxbwtmftzxnwywnlijoiyyisimxvy2f0aw9uijoizm9yy2u6b2jqzwn0sg9tzurlc2t0b3ailcjzb2jqzwn0vhlwzsi6iljlznvuzf9dcmvkaxrfumvxdwvzdf9fyyj9fswiz3jvdxbjzci6ikrfrkfvtfqifswic3rhdguiont9fq%3d%3d</small> </font> </div>
<div class="test-event"> <font color="maroon"> <small> &emsp; &emsp;--- 06 Aug 13:06:09 120 - <b>0</b> - Page Load Wait: (Sync) - ICar.support.Utils.waitForPageLoad(Utils.java:109)</small> </font> </div>
<div class="test-event"> <font color="maroon"> <small> &emsp; &emsp;--- 06 Aug 13:06:09 533 - Page URL:: https://i-car--staging.sandbox.lightning.force.com/one/one.app#eyjjb21wb25lbnrezwyioijmb3jjzvnlyxjjadpzzwfyy2hqywdlrgvza3rvccisimf0dhjpynv0zxmionsidgvybsi6ijawodgynzgziiwic2nvcgvnyxaionsidhlwzsi6ilrpuf9srvnvtfrtin0simnvbnrlehqionsirklmvevsuyi6e30sinnlyxjjafnvdxjjzsi6ikftu0ltvefovf9esufmt0cilcjkaxnhymxlsw50zw50uxvlcnkiomzhbhnllcjkaxnhymxlu3blbgxdb3jyzwn0aw9uijpmywxzzswic2vhcmnorglhbg9nu2vzc2lvbklkijoiogq2zmi3otmtodbkoc0wymfkltizowutyme4mtzjndvhmgfjiiwizgvidwdjbmzvijp7imfwce5hbwuioijjq2fyx1nlcnzpy2vfq29uc29szsisimfwcfr5cguioijdb25zb2xliiwiyxbwtmftzxnwywnlijoiyyisimxvy2f0aw9uijoizm9yy2u6b2jqzwn0sg9tzurlc2t0b3ailcjzb2jqzwn0vhlwzsi6iljlznvuzf9dcmvkaxrfumvxdwvzdf9fyyj9fswiz3jvdxbjzci6ikrfrkfvtfqifswic3rhdguiont9fq%3d%3d</small> </font> </div>
<div class="test-event"> <font color="maroon"> <small> &emsp; &emsp;--- 06 Aug 13:06:09 533 - <b>0</b> - Page Load Wait: (Sync) - ICar.support.Utils.waitForPageLoad(Utils.java:109)</small> </font> </div>
<div class="test-event"> <font color="maroon"> <small> &emsp; &emsp;--- 06 Aug 13:06:19 929 - Catched spinner load exception due to Expected condition failed: waiting for ICar.support.WaitUtils$4@4ccdc1df (tried for 10 second(s) with 500 milliseconds interval)</small> </font> </div>
<div class="test-event"> <font color="maroon"> <small> &emsp; &emsp;--- 06 Aug 13:06:19 929 - <b>10</b> - Spinner Load Wait: (Sync) - ICar.support.WaitUtils.waitForSpinner(WaitUtils.java:225)</small> </font> </div>
<div class="test-event"> <font color="maroon"> <small> &emsp; &emsp;--- 06 Aug 13:06:24 983 - Element is displayed:: [[ChromeDriver: chrome on WINDOWS (bc08538aa04ca0fc5d583beb57eceede)] -> xpath: //div/table/tbody/tr/th/span/a[@title='00882783']]</small> </font> </div>
<div class="test-event"> <font color="maroon"> <small> &emsp; &emsp;--- 06 Aug 13:06:30 560 - Page URL:: https://i-car--staging.sandbox.lightning.force.com/lightning/r/order/801vc00000nrcruyas/view</small> </font> </div>
<div class="test-event"> <font color="maroon"> <small> &emsp; &emsp;--- 06 Aug 13:06:30 560 - <b>0</b> - Page Load Wait: (Sync) - ICar.support.Utils.waitForPageLoad(Utils.java:109)</small> </font> </div>
<div class="test-event"> <font color="maroon"> <small> &emsp; &emsp;--- 06 Aug 13:06:45 750 - Catched spinner load exception due to Expected condition failed: waiting for ICar.support.WaitUtils$4@4ccdc1df (tried for 15 second(s) with 500 milliseconds interval)</small> </font> </div>
<div class="test-event"> <font color="maroon"> <small> &emsp; &emsp;--- 06 Aug 13:06:45 750 - <b>15</b> - Spinner Load Wait: (Sync) - ICar.support.WaitUtils.waitForSpinner(WaitUtils.java:225)</small> </font> </div>
<div class="test-event"> <font color="maroon"> <small> &emsp; &emsp;--- 06 Aug 13:06:46 123 - Page URL:: https://i-car--staging.sandbox.lightning.force.com/lightning/r/order/801vc00000nrcruyas/view</small> </font> </div>
<div class="test-event"> <font color="maroon"> <small> &emsp; &emsp;--- 06 Aug 13:06:46 123 - <b>0</b> - Page Load Wait: (Sync) - ICar.support.Utils.waitForPageLoad(Utils.java:109)</small> </font> </div>
<div class="test-event"> <font color="maroon"> <small> &emsp; &emsp;--- 06 Aug 13:08:13 185 - Unable to find an element after 20 sec ==> Proxy element for: AjaxElementLocator 'By.xpath: //a[@data-target-selection-name='relatedListsTabTab']'</small> </font> </div>
<div class="test-event"> <font color="maroon"> <small> &emsp; &emsp;--- 06 Aug 13:08:18 322 - Element is displayed:: [[ChromeDriver: chrome on WINDOWS (bc08538aa04ca0fc5d583beb57eceede)] -> xpath: //a[@id='relatedListsTab__item']]</small> </font> </div>
<div class="test-event"> <font color="maroon"> <small> &emsp; &emsp;--- 06 Aug 13:08:18 719 - Page URL:: https://i-car--staging.sandbox.lightning.force.com/lightning/r/order/801vc00000nrcruyas/view</small> </font> </div>
<div class="test-event"> <font color="maroon"> <small> &emsp; &emsp;--- 06 Aug 13:08:18 719 - <b>0</b> - Page Load Wait: (Sync) - ICar.support.Utils.waitForPageLoad(Utils.java:109)</small> </font> </div>
<div class="test-event"> <font color="maroon"> <small> &emsp; &emsp;--- 06 Aug 13:08:33 889 - Catched spinner load exception due to Expected condition failed: waiting for ICar.support.WaitUtils$4@4ccdc1df (tried for 15 second(s) with 500 milliseconds interval)</small> </font> </div>
<div class="test-event"> <font color="maroon"> <small> &emsp; &emsp;--- 06 Aug 13:08:33 889 - <b>15</b> - Spinner Load Wait: (Sync) - ICar.support.WaitUtils.waitForSpinner(WaitUtils.java:225)</small> </font> </div>
<div class="test-event"> <font color="maroon"> <small> &emsp; &emsp;--- 06 Aug 13:08:34 323 - Page URL:: https://i-car--staging.sandbox.lightning.force.com/lightning/r/order/801vc00000nrcruyas/view</small> </font> </div>
<div class="test-event"> <font color="maroon"> <small> &emsp; &emsp;--- 06 Aug 13:08:34 324 - <b>0</b> - Page Load Wait: (Sync) - ICar.support.Utils.waitForPageLoad(Utils.java:109)</small> </font> </div>
<div class="test-event"> <font color="maroon"> <small> &emsp; &emsp;--- 06 Aug 13:08:42 818 - Catched spinner load exception due to Expected condition failed: waiting for ICar.support.WaitUtils$4@4ccdc1df (tried for 8 second(s) with 500 milliseconds interval)</small> </font> </div>
<div class="test-event"> <font color="maroon"> <small> &emsp; &emsp;--- 06 Aug 13:08:42 818 - <b>8</b> - Spinner Load Wait: (Sync) - ICar.support.WaitUtils.waitForSpinner(WaitUtils.java:225)</small> </font> </div>
<div class="test-event"> <font color="maroon"> <small> &emsp; &emsp;--- 06 Aug 13:08:43 283 - Page URL:: https://i-car--staging.sandbox.lightning.force.com/lightning/r/order/801vc00000nrcruyas/view</small> </font> </div>
<div class="test-event"> <font color="maroon"> <small> &emsp; &emsp;--- 06 Aug 13:08:43 283 - <b>0</b> - Page Load Wait: (Sync) - ICar.support.Utils.waitForPageLoad(Utils.java:109)</small> </font> </div>
<div class="test-event"> <font color="maroon"> <small> &emsp; &emsp;--- 06 Aug 13:08:51 639 - Catched spinner load exception due to Expected condition failed: waiting for ICar.support.WaitUtils$4@4ccdc1df (tried for 8 second(s) with 500 milliseconds interval)</small> </font> </div>
<div class="test-event"> <font color="maroon"> <small> &emsp; &emsp;--- 06 Aug 13:08:51 639 - <b>8</b> - Spinner Load Wait: (Sync) - ICar.support.WaitUtils.waitForSpinner(WaitUtils.java:225)</small> </font> </div>
<div class="test-event"> <font color="maroon"> <small> &emsp; &emsp;--- 06 Aug 13:08:52 006 - Page URL:: https://i-car--staging.sandbox.lightning.force.com/lightning/r/order/801vc00000nrcruyas/view</small> </font> </div>
<div class="test-event"> <font color="maroon"> <small> &emsp; &emsp;--- 06 Aug 13:08:52 006 - <b>0</b> - Page Load Wait: (Sync) - ICar.support.Utils.waitForPageLoad(Utils.java:109)</small> </font> </div>
<div class="test-event"> <font color="maroon"> <small> &emsp; &emsp;--- 06 Aug 13:08:54 435 - Page URL:: https://i-car--staging.sandbox.lightning.force.com/lightning/r/order/801vc00000nrcruyas/view</small> </font> </div>
<div class="test-event"> <font color="maroon"> <small> &emsp; &emsp;--- 06 Aug 13:08:54 435 - <b>0</b> - Page Load Wait: (Sync) - ICar.support.Utils.waitForPageLoad(Utils.java:109)</small> </font> </div>
<div class="test-event"> <font color="maroon"> <small> &emsp; &emsp;--- 06 Aug 13:08:56 908 - Page URL:: https://i-car--staging.sandbox.lightning.force.com/lightning/r/order/801vc00000nrcruyas/view</small> </font> </div>
<div class="test-event"> <font color="maroon"> <small> &emsp; &emsp;--- 06 Aug 13:08:56 908 - <b>0</b> - Page Load Wait: (Sync) - ICar.support.Utils.waitForPageLoad(Utils.java:109)</small> </font> </div>
<div class="test-event"> <font color="maroon"> <small> &emsp; &emsp;--- 06 Aug 13:09:11 993 - Catched spinner load exception due to Expected condition failed: waiting for ICar.support.WaitUtils$4@4ccdc1df (tried for 15 second(s) with 500 milliseconds interval)</small> </font> </div>
<div class="test-event"> <font color="maroon"> <small> &emsp; &emsp;--- 06 Aug 13:09:11 993 - <b>15</b> - Spinner Load Wait: (Sync) - ICar.support.WaitUtils.waitForSpinner(WaitUtils.java:225)</small> </font> </div>
<div class="test-event"> <font color="maroon"> <small> &emsp; &emsp;--- 06 Aug 13:09:12 360 - Page URL:: https://i-car--staging.sandbox.lightning.force.com/lightning/r/order/801vc00000nrcruyas/view</small> </font> </div>
<div class="test-event"> <font color="maroon"> <small> &emsp; &emsp;--- 06 Aug 13:09:12 360 - <b>0</b> - Page Load Wait: (Sync) - ICar.support.Utils.waitForPageLoad(Utils.java:109)</small> </font> </div>
<div class="test-event"> <font color="maroon"> <small> &emsp; &emsp;--- 06 Aug 13:09:12 410 - Element is displayed:: [[ChromeDriver: chrome on WINDOWS (bc08538aa04ca0fc5d583beb57eceede)] -> xpath: //h2[@class='slds-card__header-title']/a/span[1]]</small> </font> </div>
<div class="test-event"> <font color="maroon"> <small> &emsp; &emsp;--- 06 Aug 13:09:13 288 - Page URL:: https://i-car--staging.sandbox.lightning.force.com/lightning/r/order/801vc00000nrcruyas/related/orderitems/view?ws=%2flightning%2fr%2forder%2f801vc00000nrcruyas%2fview</small> </font> </div>
<div class="test-event"> <font color="maroon"> <small> &emsp; &emsp;--- 06 Aug 13:09:13 289 - <b>0</b> - Page Load Wait: (Sync) - ICar.support.Utils.waitForPageLoad(Utils.java:109)</small> </font> </div>
<div class="test-event"> <font color="maroon"> <small> &emsp; &emsp;--- 06 Aug 13:09:28 643 - Catched spinner load exception due to Expected condition failed: waiting for ICar.support.WaitUtils$4@4ccdc1df (tried for 15 second(s) with 500 milliseconds interval)</small> </font> </div>
<div class="test-event"> <font color="maroon"> <small> &emsp; &emsp;--- 06 Aug 13:09:28 643 - <b>15</b> - Spinner Load Wait: (Sync) - ICar.support.WaitUtils.waitForSpinner(WaitUtils.java:225)</small> </font> </div>
<div class="test-message">&emsp;19. select 'CC Oder Iteams' </div>
<div class="test-event"> <font color="maroon"> <small> &emsp; &emsp;--- 06 Aug 13:09:34 247 - Page URL:: https://i-car--staging.sandbox.lightning.force.com/lightning/r/order/801vc00000nrcruyas/related/orderitems/view?ws=%2flightning%2fr%2forder%2f801vc00000nrcruyas%2fview</small> </font> </div>
<div class="test-event"> <font color="maroon"> <small> &emsp; &emsp;--- 06 Aug 13:09:34 247 - <b>0</b> - Page Load Wait: (Sync) - ICar.support.Utils.waitForPageLoad(Utils.java:109)</small> </font> </div>
<div class="test-event"> <font color="maroon"> <small> &emsp; &emsp;--- 06 Aug 13:09:34 287 - Element is displayed:: [[ChromeDriver: chrome on WINDOWS (bc08538aa04ca0fc5d583beb57eceede)] -> css selector: div.hasActiveSubtab > div >section.tabContent.active.oneConsoleTab div.active table tbody th a]</small> </font> </div>
<div class="test-message">&emsp;8.Click on the Credit/Refund Request </div>
<div class="test-event"> <font color="maroon"> <small> &emsp; &emsp;--- 06 Aug 13:09:35 182 - Page URL:: https://i-car--staging.sandbox.lightning.force.com/lightning/r/orderitem/802vc00000841u4yaa/view?ws=%2flightning%2fr%2forder%2f801vc00000nrcruyas%2fview</small> </font> </div>
<div class="test-event"> <font color="maroon"> <small> &emsp; &emsp;--- 06 Aug 13:09:35 182 - <b>0</b> - Page Load Wait: (Sync) - ICar.support.Utils.waitForPageLoad(Utils.java:109)</small> </font> </div>
<div class="test-event"> <font color="maroon"> <small> &emsp; &emsp;--- 06 Aug 13:09:38 004 - Element is displayed:: [[ChromeDriver: chrome on WINDOWS (bc08538aa04ca0fc5d583beb57eceede)] -> xpath: //lightning-button[@class='slds-button flow-button__NEXT']//button]</small> </font> </div>
<div class="test-event"> <font color="maroon"> <small> &emsp; &emsp;--- 06 Aug 13:09:42 249 - Element is displayed:: [[ChromeDriver: chrome on WINDOWS (bc08538aa04ca0fc5d583beb57eceede)] -> xpath: //div[@class='column region-sidebar-right']//span[contains(text(),'Request Date')]//following::input[1]]</small> </font> </div>
<div class="test-event"> <font color="maroon"> <small> &emsp; &emsp;--- 06 Aug 13:09:44 680 - Element is displayed:: [[ChromeDriver: chrome on WINDOWS (bc08538aa04ca0fc5d583beb57eceede)] -> xpath: //div[@class='column region-sidebar-right']//span[contains(text(),'Request Reason')]//following::select[1]]</small> </font> </div>
<div class="test-event"> <font color="maroon"> <small> &emsp; &emsp;--- 06 Aug 13:09:56 894 - Element is displayed:: [[ChromeDriver: chrome on WINDOWS (bc08538aa04ca0fc5d583beb57eceede)] -> xpath: //div[@class='column region-sidebar-right']//span[contains(text(),'Request Type')]//following::select[1]]</small> </font> </div>
<div class="test-event"> <font color="maroon"> <small> &emsp; &emsp;--- 06 Aug 13:10:11 198 - Element is displayed:: [[ChromeDriver: chrome on WINDOWS (bc08538aa04ca0fc5d583beb57eceede)] -> xpath: //button[text()='Save']]</small> </font> </div>
<div class="test-event"> <font color="maroon"> <small> &emsp; &emsp;--- 06 Aug 13:10:11 272 - Element is displayed:: [[ChromeDriver: chrome on WINDOWS (bc08538aa04ca0fc5d583beb57eceede)] -> xpath: //button[text()='Save']]</small> </font> </div>
<div class="test-event"> <font color="maroon"> <small> &emsp; &emsp;--- 06 Aug 13:10:16 404 - Element is displayed:: [[ChromeDriver: chrome on WINDOWS (bc08538aa04ca0fc5d583beb57eceede)] -> xpath: //lightning-button[@class='slds-button flow-button__FINISH']//button]</small> </font> </div>
<div class="test-event"> <font color="maroon"> <small> &emsp; &emsp;--- 06 Aug 13:10:16 479 - Element is displayed:: [[ChromeDriver: chrome on WINDOWS (bc08538aa04ca0fc5d583beb57eceede)] -> xpath: //lightning-button[@class='slds-button flow-button__FINISH']//button]</small> </font> </div>
<div class="test-event"> <font color="maroon"> <small> &emsp; &emsp;--- 06 Aug 13:10:22 274 - Page URL:: https://i-car--staging.sandbox.lightning.force.com/lightning/r/orderitem/802vc00000841u4yaa/view?ws=%2flightning%2fr%2forder%2f801vc00000nrcruyas%2fview</small> </font> </div>
<div class="test-event"> <font color="maroon"> <small> &emsp; &emsp;--- 06 Aug 13:10:22 274 - <b>0</b> - Page Load Wait: (Sync) - ICar.support.Utils.waitForPageLoad(Utils.java:109)</small> </font> </div>
<div class="test-event"> <font color="maroon"> <small> &emsp; &emsp;--- 06 Aug 13:10:37 403 - Catched spinner load exception due to Expected condition failed: waiting for ICar.support.WaitUtils$4@4ccdc1df (tried for 15 second(s) with 500 milliseconds interval)</small> </font> </div>
<div class="test-event"> <font color="maroon"> <small> &emsp; &emsp;--- 06 Aug 13:10:37 403 - <b>15</b> - Spinner Load Wait: (Sync) - ICar.support.WaitUtils.waitForSpinner(WaitUtils.java:225)</small> </font> </div>
<div class="test-event"> <font color="maroon"> <small> &emsp; &emsp;--- 06 Aug 13:10:38 158 - Page URL:: https://i-car--staging.sandbox.lightning.force.com/lightning/r/orderitem/802vc00000841u4yaa/view?ws=%2flightning%2fr%2forder%2f801vc00000nrcruyas%2fview</small> </font> </div>
<div class="test-event"> <font color="maroon"> <small> &emsp; &emsp;--- 06 Aug 13:10:38 159 - <b>0</b> - Page Load Wait: (Sync) - ICar.support.Utils.waitForPageLoad(Utils.java:109)</small> </font> </div>
<div class="test-event"> <font color="maroon"> <small> &emsp; &emsp;--- 06 Aug 13:10:38 222 - Element is displayed:: [[ChromeDriver: chrome on WINDOWS (bc08538aa04ca0fc5d583beb57eceede)] -> xpath: //a[@data-target-selection-name='relatedListsTabTab']]</small> </font> </div>
<div class="test-event"> <font color="maroon"> <small> &emsp; &emsp;--- 06 Aug 13:10:40 331 - Element is displayed:: [[ChromeDriver: chrome on WINDOWS (bc08538aa04ca0fc5d583beb57eceede)] -> xpath: //a[@data-target-selection-name='relatedListsTabTab']]</small> </font> </div>
<div class="test-event"> <font color="maroon"> <small> &emsp; &emsp;--- 06 Aug 13:10:41 099 - Page URL:: https://i-car--staging.sandbox.lightning.force.com/lightning/r/orderitem/802vc00000841u4yaa/view?ws=%2flightning%2fr%2forder%2f801vc00000nrcruyas%2fview</small> </font> </div>
<div class="test-event"> <font color="maroon"> <small> &emsp; &emsp;--- 06 Aug 13:10:41 100 - <b>0</b> - Page Load Wait: (Sync) - ICar.support.Utils.waitForPageLoad(Utils.java:109)</small> </font> </div>
<div class="test-event"> <font color="maroon"> <small> &emsp; &emsp;--- 06 Aug 13:10:56 220 - Catched spinner load exception due to Expected condition failed: waiting for ICar.support.WaitUtils$4@4ccdc1df (tried for 15 second(s) with 500 milliseconds interval)</small> </font> </div>
<div class="test-event"> <font color="maroon"> <small> &emsp; &emsp;--- 06 Aug 13:10:56 220 - <b>15</b> - Spinner Load Wait: (Sync) - ICar.support.WaitUtils.waitForSpinner(WaitUtils.java:225)</small> </font> </div>
<div class="test-event"> <font color="maroon"> <small> &emsp; &emsp;--- 06 Aug 13:10:57 175 - Page URL:: https://i-car--staging.sandbox.lightning.force.com/lightning/r/orderitem/802vc00000841u4yaa/view?ws=%2flightning%2fr%2forder%2f801vc00000nrcruyas%2fview</small> </font> </div>
<div class="test-event"> <font color="maroon"> <small> &emsp; &emsp;--- 06 Aug 13:10:57 175 - <b>0</b> - Page Load Wait: (Sync) - ICar.support.Utils.waitForPageLoad(Utils.java:109)</small> </font> </div>
<div class="test-event"> <font color="maroon"> <small> &emsp; &emsp;--- 06 Aug 13:11:05 541 - Catched spinner load exception due to Expected condition failed: waiting for ICar.support.WaitUtils$4@4ccdc1df (tried for 8 second(s) with 500 milliseconds interval)</small> </font> </div>
<div class="test-event"> <font color="maroon"> <small> &emsp; &emsp;--- 06 Aug 13:11:05 542 - <b>8</b> - Spinner Load Wait: (Sync) - ICar.support.WaitUtils.waitForSpinner(WaitUtils.java:225)</small> </font> </div>
<div class="test-event"> <font color="maroon"> <small> &emsp; &emsp;--- 06 Aug 13:11:06 308 - Page URL:: https://i-car--staging.sandbox.lightning.force.com/lightning/r/orderitem/802vc00000841u4yaa/view?ws=%2flightning%2fr%2forder%2f801vc00000nrcruyas%2fview</small> </font> </div>
<div class="test-event"> <font color="maroon"> <small> &emsp; &emsp;--- 06 Aug 13:11:06 308 - <b>0</b> - Page Load Wait: (Sync) - ICar.support.Utils.waitForPageLoad(Utils.java:109)</small> </font> </div>
<div class="test-event"> <font color="maroon"> <small> &emsp; &emsp;--- 06 Aug 13:11:14 622 - Catched spinner load exception due to Expected condition failed: waiting for ICar.support.WaitUtils$4@4ccdc1df (tried for 8 second(s) with 500 milliseconds interval)</small> </font> </div>
<div class="test-event"> <font color="maroon"> <small> &emsp; &emsp;--- 06 Aug 13:11:14 623 - <b>8</b> - Spinner Load Wait: (Sync) - ICar.support.WaitUtils.waitForSpinner(WaitUtils.java:225)</small> </font> </div>
<div class="test-event"> <font color="maroon"> <small> &emsp; &emsp;--- 06 Aug 13:11:15 323 - Page URL:: https://i-car--staging.sandbox.lightning.force.com/lightning/r/orderitem/802vc00000841u4yaa/view?ws=%2flightning%2fr%2forder%2f801vc00000nrcruyas%2fview</small> </font> </div>
<div class="test-event"> <font color="maroon"> <small> &emsp; &emsp;--- 06 Aug 13:11:15 323 - <b>0</b> - Page Load Wait: (Sync) - ICar.support.Utils.waitForPageLoad(Utils.java:109)</small> </font> </div>
<div class="test-event"> <font color="maroon"> <small> &emsp; &emsp;--- 06 Aug 13:11:18 066 - Page URL:: https://i-car--staging.sandbox.lightning.force.com/lightning/r/orderitem/802vc00000841u4yaa/view?ws=%2flightning%2fr%2forder%2f801vc00000nrcruyas%2fview</small> </font> </div>
<div class="test-event"> <font color="maroon"> <small> &emsp; &emsp;--- 06 Aug 13:11:18 066 - <b>0</b> - Page Load Wait: (Sync) - ICar.support.Utils.waitForPageLoad(Utils.java:109)</small> </font> </div>
<div class="test-event"> <font color="maroon"> <small> &emsp; &emsp;--- 06 Aug 13:11:18 765 - Page URL:: https://i-car--staging.sandbox.lightning.force.com/lightning/r/orderitem/802vc00000841u4yaa/view?ws=%2flightning%2fr%2forder%2f801vc00000nrcruyas%2fview</small> </font> </div>
<div class="test-event"> <font color="maroon"> <small> &emsp; &emsp;--- 06 Aug 13:11:18 765 - <b>0</b> - Page Load Wait: (Sync) - ICar.support.Utils.waitForPageLoad(Utils.java:109)</small> </font> </div>
<div class="test-event"> <font color="maroon"> <small> &emsp; &emsp;--- 06 Aug 13:11:21 873 - Catched spinner load exception due to Expected condition failed: waiting for ICar.support.WaitUtils$4@4ccdc1df (tried for 3 second(s) with 500 milliseconds interval)</small> </font> </div>
<div class="test-event"> <font color="maroon"> <small> &emsp; &emsp;--- 06 Aug 13:11:21 874 - <b>3</b> - Spinner Load Wait: (Sync) - ICar.support.WaitUtils.waitForSpinner(WaitUtils.java:225)</small> </font> </div>
<div class="test-event"> <font color="maroon"> <small> &emsp; &emsp;--- 06 Aug 13:11:22 720 - Page URL:: https://i-car--staging.sandbox.lightning.force.com/lightning/r/orderitem/802vc00000841u4yaa/view?ws=%2flightning%2fr%2forder%2f801vc00000nrcruyas%2fview</small> </font> </div>
<div class="test-event"> <font color="maroon"> <small> &emsp; &emsp;--- 06 Aug 13:11:22 720 - <b>0</b> - Page Load Wait: (Sync) - ICar.support.Utils.waitForPageLoad(Utils.java:109)</small> </font> </div>
<div class="test-event"> <font color="maroon"> <small> &emsp; &emsp;--- 06 Aug 13:11:25 738 - Page URL:: https://i-car--staging.sandbox.lightning.force.com/lightning/r/orderitem/802vc00000841u4yaa/view?ws=%2flightning%2fr%2forder%2f801vc00000nrcruyas%2fview</small> </font> </div>
<div class="test-event"> <font color="maroon"> <small> &emsp; &emsp;--- 06 Aug 13:11:25 738 - <b>0</b> - Page Load Wait: (Sync) - ICar.support.Utils.waitForPageLoad(Utils.java:109)</small> </font> </div>
<div class="test-event"> <font color="maroon"> <small> &emsp; &emsp;--- 06 Aug 13:11:26 500 - Page URL:: https://i-car--staging.sandbox.lightning.force.com/lightning/r/orderitem/802vc00000841u4yaa/view?ws=%2flightning%2fr%2forder%2f801vc00000nrcruyas%2fview</small> </font> </div>
<div class="test-event"> <font color="maroon"> <small> &emsp; &emsp;--- 06 Aug 13:11:26 500 - <b>0</b> - Page Load Wait: (Sync) - ICar.support.Utils.waitForPageLoad(Utils.java:109)</small> </font> </div>
<div class="test-event"> <font color="maroon"> <small> &emsp; &emsp;--- 06 Aug 13:11:29 636 - Catched spinner load exception due to Expected condition failed: waiting for ICar.support.WaitUtils$4@4ccdc1df (tried for 3 second(s) with 500 milliseconds interval)</small> </font> </div>
<div class="test-event"> <font color="maroon"> <small> &emsp; &emsp;--- 06 Aug 13:11:29 636 - <b>3</b> - Spinner Load Wait: (Sync) - ICar.support.WaitUtils.waitForSpinner(WaitUtils.java:225)</small> </font> </div>
<div class="test-event"> <font color="maroon"> <small> &emsp; &emsp;--- 06 Aug 13:11:30 372 - Page URL:: https://i-car--staging.sandbox.lightning.force.com/lightning/r/orderitem/802vc00000841u4yaa/view?ws=%2flightning%2fr%2forder%2f801vc00000nrcruyas%2fview</small> </font> </div>
<div class="test-event"> <font color="maroon"> <small> &emsp; &emsp;--- 06 Aug 13:11:30 373 - <b>0</b> - Page Load Wait: (Sync) - ICar.support.Utils.waitForPageLoad(Utils.java:109)</small> </font> </div>
<div class="test-event"> <font color="maroon"> <small> &emsp; &emsp;--- 06 Aug 13:11:33 207 - Page URL:: https://i-car--staging.sandbox.lightning.force.com/lightning/r/orderitem/802vc00000841u4yaa/view?ws=%2flightning%2fr%2forder%2f801vc00000nrcruyas%2fview</small> </font> </div>
<div class="test-event"> <font color="maroon"> <small> &emsp; &emsp;--- 06 Aug 13:11:33 207 - <b>0</b> - Page Load Wait: (Sync) - ICar.support.Utils.waitForPageLoad(Utils.java:109)</small> </font> </div>
<div class="test-event"> <font color="maroon"> <small> &emsp; &emsp;--- 06 Aug 13:11:34 099 - Page URL:: https://i-car--staging.sandbox.lightning.force.com/lightning/r/orderitem/802vc00000841u4yaa/view?ws=%2flightning%2fr%2forder%2f801vc00000nrcruyas%2fview</small> </font> </div>
<div class="test-event"> <font color="maroon"> <small> &emsp; &emsp;--- 06 Aug 13:11:34 099 - <b>0</b> - Page Load Wait: (Sync) - ICar.support.Utils.waitForPageLoad(Utils.java:109)</small> </font> </div>
<div class="test-event"> <font color="maroon"> <small> &emsp; &emsp;--- 06 Aug 13:11:37 316 - Catched spinner load exception due to Expected condition failed: waiting for ICar.support.WaitUtils$4@4ccdc1df (tried for 3 second(s) with 500 milliseconds interval)</small> </font> </div>
<div class="test-event"> <font color="maroon"> <small> &emsp; &emsp;--- 06 Aug 13:11:37 316 - <b>3</b> - Spinner Load Wait: (Sync) - ICar.support.WaitUtils.waitForSpinner(WaitUtils.java:225)</small> </font> </div>
<div class="test-event"> <font color="maroon"> <small> &emsp; &emsp;--- 06 Aug 13:11:38 128 - Page URL:: https://i-car--staging.sandbox.lightning.force.com/lightning/r/orderitem/802vc00000841u4yaa/view?ws=%2flightning%2fr%2forder%2f801vc00000nrcruyas%2fview</small> </font> </div>
<div class="test-event"> <font color="maroon"> <small> &emsp; &emsp;--- 06 Aug 13:11:38 128 - <b>0</b> - Page Load Wait: (Sync) - ICar.support.Utils.waitForPageLoad(Utils.java:109)</small> </font> </div>
<div class="test-event"> <font color="maroon"> <small> &emsp; &emsp;--- 06 Aug 13:11:40 966 - Page URL:: https://i-car--staging.sandbox.lightning.force.com/lightning/r/orderitem/802vc00000841u4yaa/view?ws=%2flightning%2fr%2forder%2f801vc00000nrcruyas%2fview</small> </font> </div>
<div class="test-event"> <font color="maroon"> <small> &emsp; &emsp;--- 06 Aug 13:11:40 966 - <b>0</b> - Page Load Wait: (Sync) - ICar.support.Utils.waitForPageLoad(Utils.java:109)</small> </font> </div>
<div class="test-event"> <font color="maroon"> <small> &emsp; &emsp;--- 06 Aug 13:11:41 780 - Page URL:: https://i-car--staging.sandbox.lightning.force.com/lightning/r/orderitem/802vc00000841u4yaa/view?ws=%2flightning%2fr%2forder%2f801vc00000nrcruyas%2fview</small> </font> </div>
<div class="test-event"> <font color="maroon"> <small> &emsp; &emsp;--- 06 Aug 13:11:41 780 - <b>0</b> - Page Load Wait: (Sync) - ICar.support.Utils.waitForPageLoad(Utils.java:109)</small> </font> </div>
<div class="test-event"> <font color="maroon"> <small> &emsp; &emsp;--- 06 Aug 13:11:44 938 - Catched spinner load exception due to Expected condition failed: waiting for ICar.support.WaitUtils$4@4ccdc1df (tried for 3 second(s) with 500 milliseconds interval)</small> </font> </div>
<div class="test-event"> <font color="maroon"> <small> &emsp; &emsp;--- 06 Aug 13:11:44 938 - <b>3</b> - Spinner Load Wait: (Sync) - ICar.support.WaitUtils.waitForSpinner(WaitUtils.java:225)</small> </font> </div>
<div class="test-event"> <font color="maroon"> <small> &emsp; &emsp;--- 06 Aug 13:11:45 717 - Page URL:: https://i-car--staging.sandbox.lightning.force.com/lightning/r/orderitem/802vc00000841u4yaa/view?ws=%2flightning%2fr%2forder%2f801vc00000nrcruyas%2fview</small> </font> </div>
<div class="test-event"> <font color="maroon"> <small> &emsp; &emsp;--- 06 Aug 13:11:45 717 - <b>0</b> - Page Load Wait: (Sync) - ICar.support.Utils.waitForPageLoad(Utils.java:109)</small> </font> </div>
<div class="test-event"> <font color="maroon"> <small> &emsp; &emsp;--- 06 Aug 13:11:48 845 - Page URL:: https://i-car--staging.sandbox.lightning.force.com/lightning/r/orderitem/802vc00000841u4yaa/view?ws=%2flightning%2fr%2forder%2f801vc00000nrcruyas%2fview</small> </font> </div>
<div class="test-event"> <font color="maroon"> <small> &emsp; &emsp;--- 06 Aug 13:11:48 846 - <b>1</b> - Page Load Wait: (Sync) - ICar.support.Utils.waitForPageLoad(Utils.java:109)</small> </font> </div>
<div class="test-event"> <font color="maroon"> <small> &emsp; &emsp;--- 06 Aug 13:11:49 738 - Page URL:: https://i-car--staging.sandbox.lightning.force.com/lightning/r/orderitem/802vc00000841u4yaa/view?ws=%2flightning%2fr%2forder%2f801vc00000nrcruyas%2fview</small> </font> </div>
<div class="test-event"> <font color="maroon"> <small> &emsp; &emsp;--- 06 Aug 13:11:49 738 - <b>0</b> - Page Load Wait: (Sync) - ICar.support.Utils.waitForPageLoad(Utils.java:109)</small> </font> </div>
<div class="test-event"> <font color="maroon"> <small> &emsp; &emsp;--- 06 Aug 13:11:52 895 - Catched spinner load exception due to Expected condition failed: waiting for ICar.support.WaitUtils$4@4ccdc1df (tried for 3 second(s) with 500 milliseconds interval)</small> </font> </div>
<div class="test-event"> <font color="maroon"> <small> &emsp; &emsp;--- 06 Aug 13:11:52 895 - <b>3</b> - Spinner Load Wait: (Sync) - ICar.support.WaitUtils.waitForSpinner(WaitUtils.java:225)</small> </font> </div>
<div class="test-event"> <font color="maroon"> <small> &emsp; &emsp;--- 06 Aug 13:11:53 658 - Page URL:: https://i-car--staging.sandbox.lightning.force.com/lightning/r/orderitem/802vc00000841u4yaa/view?ws=%2flightning%2fr%2forder%2f801vc00000nrcruyas%2fview</small> </font> </div>
<div class="test-event"> <font color="maroon"> <small> &emsp; &emsp;--- 06 Aug 13:11:53 658 - <b>0</b> - Page Load Wait: (Sync) - ICar.support.Utils.waitForPageLoad(Utils.java:109)</small> </font> </div>
<div class="test-event"> <font color="maroon"> <small> &emsp; &emsp;--- 06 Aug 13:11:56 381 - Page URL:: https://i-car--staging.sandbox.lightning.force.com/lightning/r/orderitem/802vc00000841u4yaa/view?ws=%2flightning%2fr%2forder%2f801vc00000nrcruyas%2fview</small> </font> </div>
<div class="test-event"> <font color="maroon"> <small> &emsp; &emsp;--- 06 Aug 13:11:56 381 - <b>0</b> - Page Load Wait: (Sync) - ICar.support.Utils.waitForPageLoad(Utils.java:109)</small> </font> </div>
<div class="test-event"> <font color="maroon"> <small> &emsp; &emsp;--- 06 Aug 13:11:57 179 - Page URL:: https://i-car--staging.sandbox.lightning.force.com/lightning/r/orderitem/802vc00000841u4yaa/view?ws=%2flightning%2fr%2forder%2f801vc00000nrcruyas%2fview</small> </font> </div>
<div class="test-event"> <font color="maroon"> <small> &emsp; &emsp;--- 06 Aug 13:11:57 179 - <b>0</b> - Page Load Wait: (Sync) - ICar.support.Utils.waitForPageLoad(Utils.java:109)</small> </font> </div>
<div class="test-event"> <font color="maroon"> <small> &emsp; &emsp;--- 06 Aug 13:12:00 388 - Catched spinner load exception due to Expected condition failed: waiting for ICar.support.WaitUtils$4@4ccdc1df (tried for 3 second(s) with 500 milliseconds interval)</small> </font> </div>
<div class="test-event"> <font color="maroon"> <small> &emsp; &emsp;--- 06 Aug 13:12:00 388 - <b>3</b> - Spinner Load Wait: (Sync) - ICar.support.WaitUtils.waitForSpinner(WaitUtils.java:225)</small> </font> </div>
<div class="test-event"> <font color="maroon"> <small> &emsp; &emsp;--- 06 Aug 13:12:01 067 - Page URL:: https://i-car--staging.sandbox.lightning.force.com/lightning/r/orderitem/802vc00000841u4yaa/view?ws=%2flightning%2fr%2forder%2f801vc00000nrcruyas%2fview</small> </font> </div>
<div class="test-event"> <font color="maroon"> <small> &emsp; &emsp;--- 06 Aug 13:12:01 068 - <b>0</b> - Page Load Wait: (Sync) - ICar.support.Utils.waitForPageLoad(Utils.java:109)</small> </font> </div>
<div class="test-event"> <font color="maroon"> <small> &emsp; &emsp;--- 06 Aug 13:12:03 769 - Page URL:: https://i-car--staging.sandbox.lightning.force.com/lightning/r/orderitem/802vc00000841u4yaa/view?ws=%2flightning%2fr%2forder%2f801vc00000nrcruyas%2fview</small> </font> </div>
<div class="test-event"> <font color="maroon"> <small> &emsp; &emsp;--- 06 Aug 13:12:03 769 - <b>0</b> - Page Load Wait: (Sync) - ICar.support.Utils.waitForPageLoad(Utils.java:109)</small> </font> </div>
<div class="test-event"> <font color="maroon"> <small> &emsp; &emsp;--- 06 Aug 13:12:04 494 - Page URL:: https://i-car--staging.sandbox.lightning.force.com/lightning/r/orderitem/802vc00000841u4yaa/view?ws=%2flightning%2fr%2forder%2f801vc00000nrcruyas%2fview</small> </font> </div>
<div class="test-event"> <font color="maroon"> <small> &emsp; &emsp;--- 06 Aug 13:12:04 494 - <b>0</b> - Page Load Wait: (Sync) - ICar.support.Utils.waitForPageLoad(Utils.java:109)</small> </font> </div>
<div class="test-event"> <font color="maroon"> <small> &emsp; &emsp;--- 06 Aug 13:12:07 725 - Catched spinner load exception due to Expected condition failed: waiting for ICar.support.WaitUtils$4@4ccdc1df (tried for 3 second(s) with 500 milliseconds interval)</small> </font> </div>
<div class="test-event"> <font color="maroon"> <small> &emsp; &emsp;--- 06 Aug 13:12:07 725 - <b>3</b> - Spinner Load Wait: (Sync) - ICar.support.WaitUtils.waitForSpinner(WaitUtils.java:225)</small> </font> </div>
<div class="test-event"> <font color="maroon"> <small> &emsp; &emsp;--- 06 Aug 13:12:08 430 - Page URL:: https://i-car--staging.sandbox.lightning.force.com/lightning/r/orderitem/802vc00000841u4yaa/view?ws=%2flightning%2fr%2forder%2f801vc00000nrcruyas%2fview</small> </font> </div>
<div class="test-event"> <font color="maroon"> <small> &emsp; &emsp;--- 06 Aug 13:12:08 430 - <b>0</b> - Page Load Wait: (Sync) - ICar.support.Utils.waitForPageLoad(Utils.java:109)</small> </font> </div>
<div class="test-event"> <font color="maroon"> <small> &emsp; &emsp;--- 06 Aug 13:12:11 246 - Page URL:: https://i-car--staging.sandbox.lightning.force.com/lightning/r/orderitem/802vc00000841u4yaa/view?ws=%2flightning%2fr%2forder%2f801vc00000nrcruyas%2fview</small> </font> </div>
<div class="test-event"> <font color="maroon"> <small> &emsp; &emsp;--- 06 Aug 13:12:11 246 - <b>0</b> - Page Load Wait: (Sync) - ICar.support.Utils.waitForPageLoad(Utils.java:109)</small> </font> </div>
<div class="test-event"> <font color="maroon"> <small> &emsp; &emsp;--- 06 Aug 13:12:11 980 - Page URL:: https://i-car--staging.sandbox.lightning.force.com/lightning/r/orderitem/802vc00000841u4yaa/view?ws=%2flightning%2fr%2forder%2f801vc00000nrcruyas%2fview</small> </font> </div>
<div class="test-event"> <font color="maroon"> <small> &emsp; &emsp;--- 06 Aug 13:12:11 980 - <b>0</b> - Page Load Wait: (Sync) - ICar.support.Utils.waitForPageLoad(Utils.java:109)</small> </font> </div>
<div class="test-event"> <font color="maroon"> <small> &emsp; &emsp;--- 06 Aug 13:12:15 097 - Catched spinner load exception due to Expected condition failed: waiting for ICar.support.WaitUtils$4@4ccdc1df (tried for 3 second(s) with 500 milliseconds interval)</small> </font> </div>
<div class="test-event"> <font color="maroon"> <small> &emsp; &emsp;--- 06 Aug 13:12:15 097 - <b>3</b> - Spinner Load Wait: (Sync) - ICar.support.WaitUtils.waitForSpinner(WaitUtils.java:225)</small> </font> </div>
<div class="test-event"> <font color="maroon"> <small> &emsp; &emsp;--- 06 Aug 13:12:15 766 - Page URL:: https://i-car--staging.sandbox.lightning.force.com/lightning/r/orderitem/802vc00000841u4yaa/view?ws=%2flightning%2fr%2forder%2f801vc00000nrcruyas%2fview</small> </font> </div>
<div class="test-event"> <font color="maroon"> <small> &emsp; &emsp;--- 06 Aug 13:12:15 766 - <b>0</b> - Page Load Wait: (Sync) - ICar.support.Utils.waitForPageLoad(Utils.java:109)</small> </font> </div>
<div class="test-event"> <font color="maroon"> <small> &emsp; &emsp;--- 06 Aug 13:12:18 653 - Page URL:: https://i-car--staging.sandbox.lightning.force.com/lightning/r/orderitem/802vc00000841u4yaa/view?ws=%2flightning%2fr%2forder%2f801vc00000nrcruyas%2fview</small> </font> </div>
<div class="test-event"> <font color="maroon"> <small> &emsp; &emsp;--- 06 Aug 13:12:18 653 - <b>0</b> - Page Load Wait: (Sync) - ICar.support.Utils.waitForPageLoad(Utils.java:109)</small> </font> </div>
<div class="test-event"> <font color="maroon"> <small> &emsp; &emsp;--- 06 Aug 13:12:19 437 - Page URL:: https://i-car--staging.sandbox.lightning.force.com/lightning/r/orderitem/802vc00000841u4yaa/view?ws=%2flightning%2fr%2forder%2f801vc00000nrcruyas%2fview</small> </font> </div>
<div class="test-event"> <font color="maroon"> <small> &emsp; &emsp;--- 06 Aug 13:12:19 437 - <b>0</b> - Page Load Wait: (Sync) - ICar.support.Utils.waitForPageLoad(Utils.java:109)</small> </font> </div>
<div class="test-event"> <font color="maroon"> <small> &emsp; &emsp;--- 06 Aug 13:12:22 562 - Catched spinner load exception due to Expected condition failed: waiting for ICar.support.WaitUtils$4@4ccdc1df (tried for 3 second(s) with 500 milliseconds interval)</small> </font> </div>
<div class="test-event"> <font color="maroon"> <small> &emsp; &emsp;--- 06 Aug 13:12:22 562 - <b>3</b> - Spinner Load Wait: (Sync) - ICar.support.WaitUtils.waitForSpinner(WaitUtils.java:225)</small> </font> </div>
<div class="test-event"> <font color="maroon"> <small> &emsp; &emsp;--- 06 Aug 13:12:23 228 - Page URL:: https://i-car--staging.sandbox.lightning.force.com/lightning/r/orderitem/802vc00000841u4yaa/view?ws=%2flightning%2fr%2forder%2f801vc00000nrcruyas%2fview</small> </font> </div>
<div class="test-event"> <font color="maroon"> <small> &emsp; &emsp;--- 06 Aug 13:12:23 229 - <b>0</b> - Page Load Wait: (Sync) - ICar.support.Utils.waitForPageLoad(Utils.java:109)</small> </font> </div>
<div class="test-event"> <font color="maroon"> <small> &emsp; &emsp;--- 06 Aug 13:12:26 036 - Page URL:: https://i-car--staging.sandbox.lightning.force.com/lightning/r/orderitem/802vc00000841u4yaa/view?ws=%2flightning%2fr%2forder%2f801vc00000nrcruyas%2fview</small> </font> </div>
<div class="test-event"> <font color="maroon"> <small> &emsp; &emsp;--- 06 Aug 13:12:26 036 - <b>0</b> - Page Load Wait: (Sync) - ICar.support.Utils.waitForPageLoad(Utils.java:109)</small> </font> </div>
<div class="test-event"> <font color="maroon"> <small> &emsp; &emsp;--- 06 Aug 13:12:28 930 - Page URL:: https://i-car--staging.sandbox.lightning.force.com/lightning/r/orderitem/802vc00000841u4yaa/view?ws=%2flightning%2fr%2forder%2f801vc00000nrcruyas%2fview</small> </font> </div>
<div class="test-event"> <font color="maroon"> <small> &emsp; &emsp;--- 06 Aug 13:12:28 930 - <b>0</b> - Page Load Wait: (Sync) - ICar.support.Utils.waitForPageLoad(Utils.java:109)</small> </font> </div>
<div class="test-event"> <font color="maroon"> <small> &emsp; &emsp;--- 06 Aug 13:12:43 981 - Catched spinner load exception due to Expected condition failed: waiting for ICar.support.WaitUtils$4@4ccdc1df (tried for 15 second(s) with 500 milliseconds interval)</small> </font> </div>
<div class="test-event"> <font color="maroon"> <small> &emsp; &emsp;--- 06 Aug 13:12:43 981 - <b>15</b> - Spinner Load Wait: (Sync) - ICar.support.WaitUtils.waitForSpinner(WaitUtils.java:225)</small> </font> </div>
<div class="test-event"> <font color="maroon"> <small> &emsp; &emsp;--- 06 Aug 13:12:44 681 - Page URL:: https://i-car--staging.sandbox.lightning.force.com/lightning/r/orderitem/802vc00000841u4yaa/view?ws=%2flightning%2fr%2forder%2f801vc00000nrcruyas%2fview</small> </font> </div>
<div class="test-event"> <font color="maroon"> <small> &emsp; &emsp;--- 06 Aug 13:12:44 681 - <b>0</b> - Page Load Wait: (Sync) - ICar.support.Utils.waitForPageLoad(Utils.java:109)</small> </font> </div>
<div class="test-event"> <font color="maroon"> <small> &emsp; &emsp;--- 06 Aug 13:12:44 747 - Element is displayed:: [[ChromeDriver: chrome on WINDOWS (bc08538aa04ca0fc5d583beb57eceede)] -> xpath: //h2[@class='slds-card__header-title']/a/span[1]]</small> </font> </div>
<div class="test-event"> <font color="maroon"> <small> &emsp; &emsp;--- 06 Aug 13:12:45 680 - Page URL:: https://i-car--staging.sandbox.lightning.force.com/lightning/r/orderitem/802vc00000841u4yaa/related/refund_credit_requests__r/view?ws=%2flightning%2fr%2forder%2f801vc00000nrcruyas%2fview</small> </font> </div>
<div class="test-event"> <font color="maroon"> <small> &emsp; &emsp;--- 06 Aug 13:12:45 680 - <b>0</b> - Page Load Wait: (Sync) - ICar.support.Utils.waitForPageLoad(Utils.java:109)</small> </font> </div>
<div class="test-event"> <font color="maroon"> <small> &emsp; &emsp;--- 06 Aug 13:13:00 905 - Catched spinner load exception due to Expected condition failed: waiting for ICar.support.WaitUtils$4@4ccdc1df (tried for 15 second(s) with 500 milliseconds interval)</small> </font> </div>
<div class="test-event"> <font color="maroon"> <small> &emsp; &emsp;--- 06 Aug 13:13:00 905 - <b>15</b> - Spinner Load Wait: (Sync) - ICar.support.WaitUtils.waitForSpinner(WaitUtils.java:225)</small> </font> </div>
<div class="test-message">&emsp;Successfully verified the refund/Credit record is created for the cc order&emsp;<a href=".\ScreenShot\ICar_VR_TC32_708026605627500.png" target="_blank" >[ScreenShot]</a></div>
<div class="test-event"> <font color="maroon"> <small> &emsp; &emsp;--- 06 Aug 13:13:01 822 - Page URL:: https://i-car--staging.sandbox.lightning.force.com/lightning/r/orderitem/802vc00000841u4yaa/related/refund_credit_requests__r/view?ws=%2flightning%2fr%2forder%2f801vc00000nrcruyas%2fview</small> </font> </div>
<div class="test-event"> <font color="maroon"> <small> &emsp; &emsp;--- 06 Aug 13:13:01 822 - <b>0</b> - Page Load Wait: (Sync) - ICar.support.Utils.waitForPageLoad(Utils.java:109)</small> </font> </div>
<div class="test-event"> <font color="maroon"> <small> &emsp; &emsp;--- 06 Aug 13:13:01 858 - Element is displayed:: [[ChromeDriver: chrome on WINDOWS (bc08538aa04ca0fc5d583beb57eceede)] -> xpath: //div[@class='oneWorkspace active hasFixedFooter hasActiveSubtab navexWorkspace']//section[@class='tabContent active oneConsoleTab']//div[@class='slds-grid listDisplays']//tbody/tr/th//a//slot//slot]</small> </font> </div>
<div class="test-event"> <font color="maroon"> <small> &emsp; &emsp;--- 06 Aug 13:13:06 939 - Element is displayed:: [[ChromeDriver: chrome on WINDOWS (bc08538aa04ca0fc5d583beb57eceede)] -> xpath: //div[@class='oneWorkspace active hasFixedFooter hasActiveSubtab navexWorkspace']//section[@class='tabContent active oneConsoleTab']//div[@class='slds-grid listDisplays']//tbody/tr/th//a//slot//slot]</small> </font> </div>
<div class="test-event"> <font color="maroon"> <small> &emsp; &emsp;--- 06 Aug 13:13:12 160 - Element is displayed:: [[ChromeDriver: chrome on WINDOWS (bc08538aa04ca0fc5d583beb57eceede)] -> css selector: div[data-message-id='loginAsSystemMessage'] a]</small> </font> </div>
<div class="test-event"> <font color="maroon"> <small> &emsp; &emsp;--- 06 Aug 13:13:14 244 - Element is displayed:: [[ChromeDriver: chrome on WINDOWS (bc08538aa04ca0fc5d583beb57eceede)] -> css selector: div[data-message-id='loginAsSystemMessage'] a]</small> </font> </div>
<div class="test-event"> <font color="maroon"> <small> &emsp; &emsp;--- 06 Aug 13:13:16 057 - Page URL:: https://i-car--staging.sandbox.my.salesforce.com/</small> </font> </div>
<div class="test-event"> <font color="maroon"> <small> &emsp; &emsp;--- 06 Aug 13:13:16 057 - <b>0</b> - Page Load Wait: (Sync) - ICar.support.Utils.waitForPageLoad(Utils.java:109)</small> </font> </div>
<div class="test-event"> <font color="maroon"> <small> &emsp; &emsp;--- 06 Aug 13:13:16 281 - Page URL:: https://i-car--staging.sandbox.my.salesforce.com/</small> </font> </div>
<div class="test-event"> <font color="maroon"> <small> &emsp; &emsp;--- 06 Aug 13:13:16 281 - <b>0</b> - Page Load Wait: (Sync) - ICar.support.Utils.waitForPageLoad(Utils.java:109)</small> </font> </div>
<div class="test-message">&emsp;Successfully navigated to 'Login' Page&emsp;<a href=".\ScreenShot\ICar_VR_TC32_708041927035000.png" target="_blank" >[ScreenShot]</a></div>
<div class="test-message">&emsp;Login page is launched.</div>
<div class="test-event"> <font color="maroon"> <small> &emsp; &emsp;--- 06 Aug 13:13:17 136 - Element is displayed:: [[ChromeDriver: chrome on WINDOWS (bc08538aa04ca0fc5d583beb57eceede)] -> id: username]</small> </font> </div>
<div class="test-event"> <font color="maroon"> <small> &emsp; &emsp;--- 06 Aug 13:13:17 190 - Element is displayed:: [[ChromeDriver: chrome on WINDOWS (bc08538aa04ca0fc5d583beb57eceede)] -> id: username]</small> </font> </div>
<div class="test-event"> <font color="maroon"> <small> &emsp; &emsp;--- 06 Aug 13:13:17 456 - Element is displayed:: [[ChromeDriver: chrome on WINDOWS (bc08538aa04ca0fc5d583beb57eceede)] -> id: password]</small> </font> </div>
<div class="test-event"> <font color="maroon"> <small> &emsp; &emsp;--- 06 Aug 13:13:17 640 - Element is displayed:: [[ChromeDriver: chrome on WINDOWS (bc08538aa04ca0fc5d583beb57eceede)] -> id: Login]</small> </font> </div>
<div class="test-event"> <font color="maroon"> <small> &emsp; &emsp;--- 06 Aug 13:13:32 767 - Catched spinner load exception due to Expected condition failed: waiting for ICar.support.WaitUtils$4@4ccdc1df (tried for 13 second(s) with 500 milliseconds interval)</small> </font> </div>
<div class="test-event"> <font color="maroon"> <small> &emsp; &emsp;--- 06 Aug 13:13:32 767 - <b>13</b> - Spinner Load Wait: (Sync) - ICar.support.WaitUtils.waitForSpinner(WaitUtils.java:225)</small> </font> </div>
<div class="test-event"> <font color="maroon"> <small> &emsp; &emsp;--- 06 Aug 13:13:49 708 - Catched spinner load exception due to Expected condition failed: waiting for ICar.support.WaitUtils$4@4ccdc1df (tried for 6 second(s) with 500 milliseconds interval)</small> </font> </div>
<div class="test-event"> <font color="maroon"> <small> &emsp; &emsp;--- 06 Aug 13:13:49 709 - <b>6</b> - Spinner Load Wait: (Sync) - ICar.support.WaitUtils.waitForSpinner(WaitUtils.java:225)</small> </font> </div>
<div class="test-event"> <font color="maroon"> <small> &emsp; &emsp;--- 06 Aug 13:13:49 786 - Element is displayed:: [[ChromeDriver: chrome on WINDOWS (bc08538aa04ca0fc5d583beb57eceede)] -> css selector: button[class*='search-button']]</small> </font> </div>
<div class="test-message">&emsp;Navigate to 'SalesForce Page'</div>
<div class="test-event"> <font color="maroon"> <small> &emsp; &emsp;--- 06 Aug 13:13:50 088 - Page URL:: https://i-car--staging.sandbox.lightning.force.com/lightning/r/order/801vc00000nrcruyas/related/orderitems/view?ws=%2flightning%2fr%2forder%2f801vc00000nrcruyas%2fview</small> </font> </div>
<div class="test-event"> <font color="maroon"> <small> &emsp; &emsp;--- 06 Aug 13:13:50 088 - <b>0</b> - Page Load Wait: (Sync) - ICar.support.Utils.waitForPageLoad(Utils.java:109)</small> </font> </div>
<div class="test-event"> <font color="maroon"> <small> &emsp; &emsp;--- 06 Aug 13:13:55 635 - Page URL:: https://i-car--staging.sandbox.lightning.force.com/lightning/r/order/801vc00000nrcruyas/related/orderitems/view?ws=%2flightning%2fr%2forder%2f801vc00000nrcruyas%2fview</small> </font> </div>
<div class="test-event"> <font color="maroon"> <small> &emsp; &emsp;--- 06 Aug 13:13:55 635 - <b>0</b> - Page Load Wait: (Sync) - ICar.support.Utils.waitForPageLoad(Utils.java:109)</small> </font> </div>
<div class="test-message">&emsp;Close the tab</div>
<div class="test-event"> <font color="maroon"> <small> &emsp; &emsp;--- 06 Aug 13:14:07 097 - Page URL:: https://i-car--staging.sandbox.lightning.force.com/lightning/o/account/list?filtername=00b1i000007mf4quaa</small> </font> </div>
<div class="test-event"> <font color="maroon"> <small> &emsp; &emsp;--- 06 Aug 13:14:07 097 - <b>0</b> - Page Load Wait: (Sync) - ICar.support.Utils.waitForPageLoad(Utils.java:109)</small> </font> </div>
<div class="test-event"> <font color="maroon"> <small> &emsp; &emsp;--- 06 Aug 13:14:07 600 - Page URL:: https://i-car--staging.sandbox.lightning.force.com/lightning/o/account/list?filtername=00b1i000007mf4quaa</small> </font> </div>
<div class="test-event"> <font color="maroon"> <small> &emsp; &emsp;--- 06 Aug 13:14:07 600 - <b>0</b> - Page Load Wait: (Sync) - ICar.support.Utils.waitForPageLoad(Utils.java:109)</small> </font> </div>
<div class="test-event"> <font color="maroon"> <small> &emsp; &emsp;--- 06 Aug 13:14:07 644 - Element is displayed:: [[ChromeDriver: chrome on WINDOWS (bc08538aa04ca0fc5d583beb57eceede)] -> xpath: //ul[@class='slds-global-actions']//div[@class='setupGear']]</small> </font> </div>
<div class="test-event"> <font color="maroon"> <small> &emsp; &emsp;--- 06 Aug 13:14:07 700 - Element is displayed:: [[ChromeDriver: chrome on WINDOWS (bc08538aa04ca0fc5d583beb57eceede)] -> xpath: //ul[@class='slds-global-actions']//div[@class='setupGear']]</small> </font> </div>
<div class="test-event"> <font color="maroon"> <small> &emsp; &emsp;--- 06 Aug 13:14:11 491 - Page URL:: https://i-car--staging.sandbox.lightning.force.com/lightning/o/account/list?filtername=00b1i000007mf4quaa</small> </font> </div>
<div class="test-event"> <font color="maroon"> <small> &emsp; &emsp;--- 06 Aug 13:14:11 491 - <b>0</b> - Page Load Wait: (Sync) - ICar.support.Utils.waitForPageLoad(Utils.java:109)</small> </font> </div>
<div class="test-event"> <font color="maroon"> <small> &emsp; &emsp;--- 06 Aug 13:14:14 991 - Catched spinner load exception due to Expected condition failed: waiting for ICar.support.WaitUtils$4@4ccdc1df (tried for 3 second(s) with 500 milliseconds interval)</small> </font> </div>
<div class="test-event"> <font color="maroon"> <small> &emsp; &emsp;--- 06 Aug 13:14:14 991 - <b>3</b> - Spinner Load Wait: (Sync) - ICar.support.WaitUtils.waitForSpinner(WaitUtils.java:225)</small> </font> </div>
<div class="test-event"> <font color="maroon"> <small> &emsp; &emsp;--- 06 Aug 13:14:15 872 - Page URL:: https://i-car--staging.sandbox.lightning.force.com/lightning/o/account/list?filtername=00b1i000007mf4quaa</small> </font> </div>
<div class="test-event"> <font color="maroon"> <small> &emsp; &emsp;--- 06 Aug 13:14:15 872 - <b>0</b> - Page Load Wait: (Sync) - ICar.support.Utils.waitForPageLoad(Utils.java:109)</small> </font> </div>
<div class="test-event"> <font color="maroon"> <small> &emsp; &emsp;--- 06 Aug 13:14:16 263 - Page URL:: https://i-car--staging.sandbox.lightning.force.com/lightning/setup/setuponehome/home</small> </font> </div>
<div class="test-event"> <font color="maroon"> <small> &emsp; &emsp;--- 06 Aug 13:14:16 263 - <b>0</b> - Page Load Wait: (Sync) - ICar.support.Utils.waitForPageLoad(Utils.java:109)</small> </font> </div>
<div class="test-event"> <font color="maroon"> <small> &emsp; &emsp;--- 06 Aug 13:14:21 466 - Page URL:: https://i-car--staging.sandbox.lightning.force.com/lightning/setup/setuponehome/home</small> </font> </div>
<div class="test-event"> <font color="maroon"> <small> &emsp; &emsp;--- 06 Aug 13:14:21 466 - <b>0</b> - Page Load Wait: (Sync) - ICar.support.Utils.waitForPageLoad(Utils.java:109)</small> </font> </div>
<div class="test-message">&emsp;Close the tab</div>
<div class="test-event"> <font color="maroon"> <small> &emsp; &emsp;--- 06 Aug 13:14:26 896 - Page URL:: https://i-car--staging.sandbox.lightning.force.com/lightning/setup/setuponehome/home</small> </font> </div>
<div class="test-event"> <font color="maroon"> <small> &emsp; &emsp;--- 06 Aug 13:14:26 896 - <b>0</b> - Page Load Wait: (Sync) - ICar.support.Utils.waitForPageLoad(Utils.java:109)</small> </font> </div>
<div class="test-event"> <font color="maroon"> <small> &emsp; &emsp;--- 06 Aug 13:14:38 529 - Unable to find an element after 2 sec ==> Proxy element for: AjaxElementLocator 'By.cssSelector: button[class*='search-button']'</small> </font> </div>
<div class="test-event"> <font color="maroon"> <small> &emsp; &emsp;--- 06 Aug 13:14:40 620 - Catched spinner load exception due to Expected condition failed: waiting for ICar.support.WaitUtils$4@4ccdc1df (tried for 2 second(s) with 500 milliseconds interval)</small> </font> </div>
<div class="test-event"> <font color="maroon"> <small> &emsp; &emsp;--- 06 Aug 13:14:40 620 - <b>2</b> - Spinner Load Wait: (Sync) - ICar.support.WaitUtils.waitForSpinner(WaitUtils.java:225)</small> </font> </div>
<div class="test-event"> <font color="maroon"> <small> &emsp; &emsp;--- 06 Aug 13:14:43 788 - Page URL:: https://i-car--staging.sandbox.lightning.force.com/lightning/setup/setuponehome/home</small> </font> </div>
<div class="test-event"> <font color="maroon"> <small> &emsp; &emsp;--- 06 Aug 13:14:43 788 - <b>0</b> - Page Load Wait: (Sync) - ICar.support.Utils.waitForPageLoad(Utils.java:109)</small> </font> </div>
<div class="test-event"> <font color="maroon"> <small> &emsp; &emsp;--- 06 Aug 13:14:46 861 - Element is displayed:: [[ChromeDriver: chrome on WINDOWS (bc08538aa04ca0fc5d583beb57eceede)] -> css selector: div[class*='uiInput--default'] input]</small> </font> </div>
<div class="test-event"> <font color="maroon"> <small> &emsp; &emsp;--- 06 Aug 13:15:03 739 - Catched spinner load exception due to Expected condition failed: waiting for ICar.support.WaitUtils$4@4ccdc1df (tried for 10 second(s) with 500 milliseconds interval)</small> </font> </div>
<div class="test-event"> <font color="maroon"> <small> &emsp; &emsp;--- 06 Aug 13:15:03 739 - <b>10</b> - Spinner Load Wait: (Sync) - ICar.support.WaitUtils.waitForSpinner(WaitUtils.java:225)</small> </font> </div>
<div class="test-event"> <font color="maroon"> <small> &emsp; &emsp;--- 06 Aug 13:15:03 951 - Page URL:: https://i-car--staging.sandbox.lightning.force.com/one/one.app#eyjjb21wb25lbnrezwyioijmb3jjzvnlyxjjadpzzwfyy2gilcjhdhryawj1dgvzijp7inrlcm0ioijqyxvsierhdmlziiwic2nvcgvnyxaionsibgfizwxqbhvyywwioijtzxr1ccisim5hbwvzcgfjzsi6ilnldhvwiiwidhlwzsi6ilrpuf9srvnvtfrtin0simnvbnrlehqionsizglzywjszvnwzwxsq29ycmvjdglvbii6zmfsc2usimrpc2fibgvjbnrlbnrrdwvyesi6zmfsc2usinnlyxjjafnvdxjjzsi6ikloufvux0rfu0tut1aifswiz3jvdxbjzci6ikrfrkfvtfqifswic3rhdguiont9fq%3d%3d</small> </font> </div>
<div class="test-event"> <font color="maroon"> <small> &emsp; &emsp;--- 06 Aug 13:15:03 951 - <b>0</b> - Page Load Wait: (Sync) - ICar.support.Utils.waitForPageLoad(Utils.java:109)</small> </font> </div>
<div class="test-event"> <font color="maroon"> <small> &emsp; &emsp;--- 06 Aug 13:15:15 387 - Catched spinner load exception due to Expected condition failed: waiting for ICar.support.WaitUtils$4@4ccdc1df (tried for 11 second(s) with 500 milliseconds interval)</small> </font> </div>
<div class="test-event"> <font color="maroon"> <small> &emsp; &emsp;--- 06 Aug 13:15:15 387 - <b>11</b> - Spinner Load Wait: (Sync) - ICar.support.WaitUtils.waitForSpinner(WaitUtils.java:225)</small> </font> </div>
<div class="test-event"> <font color="maroon"> <small> &emsp; &emsp;--- 06 Aug 13:15:15 586 - Page URL:: https://i-car--staging.sandbox.lightning.force.com/one/one.app#eyjjb21wb25lbnrezwyioijmb3jjzvnlyxjjadpzzwfyy2gilcjhdhryawj1dgvzijp7inrlcm0ioijqyxvsierhdmlziiwic2nvcgvnyxaionsibgfizwxqbhvyywwioijtzxr1ccisim5hbwvzcgfjzsi6ilnldhvwiiwidhlwzsi6ilrpuf9srvnvtfrtin0simnvbnrlehqionsizglzywjszvnwzwxsq29ycmvjdglvbii6zmfsc2usimrpc2fibgvjbnrlbnrrdwvyesi6zmfsc2usinnlyxjjafnvdxjjzsi6ikloufvux0rfu0tut1aifswiz3jvdxbjzci6ikrfrkfvtfqifswic3rhdguiont9fq%3d%3d</small> </font> </div>
<div class="test-event"> <font color="maroon"> <small> &emsp; &emsp;--- 06 Aug 13:15:15 586 - <b>0</b> - Page Load Wait: (Sync) - ICar.support.Utils.waitForPageLoad(Utils.java:109)</small> </font> </div>
<div class="test-event"> <font color="maroon"> <small> &emsp; &emsp;--- 06 Aug 13:15:15 638 - Element is displayed:: [[ChromeDriver: chrome on WINDOWS (bc08538aa04ca0fc5d583beb57eceede)] -> xpath: //a[@title='Top Results']//span[text()='Top Results']]</small> </font> </div>
<div class="test-event"> <font color="maroon"> <small> &emsp; &emsp;--- 06 Aug 13:15:15 896 - Page URL:: https://i-car--staging.sandbox.lightning.force.com/one/one.app#eyjjb21wb25lbnrezwyioijmb3jjzvnlyxjjadpzzwfyy2gilcjhdhryawj1dgvzijp7inrlcm0ioijqyxvsierhdmlziiwic2nvcgvnyxaionsibgfizwxqbhvyywwioijtzxr1ccisim5hbwvzcgfjzsi6ilnldhvwiiwidhlwzsi6ilrpuf9srvnvtfrtin0simnvbnrlehqionsizglzywjszvnwzwxsq29ycmvjdglvbii6zmfsc2usimrpc2fibgvjbnrlbnrrdwvyesi6zmfsc2usinnlyxjjafnvdxjjzsi6ikloufvux0rfu0tut1aifswiz3jvdxbjzci6ikrfrkfvtfqifswic3rhdguiont9fq%3d%3d</small> </font> </div>
<div class="test-event"> <font color="maroon"> <small> &emsp; &emsp;--- 06 Aug 13:15:15 896 - <b>0</b> - Page Load Wait: (Sync) - ICar.support.Utils.waitForPageLoad(Utils.java:109)</small> </font> </div>
<div class="test-event"> <font color="maroon"> <small> &emsp; &emsp;--- 06 Aug 13:15:21 135 - Catched spinner load exception due to Expected condition failed: waiting for ICar.support.WaitUtils$4@4ccdc1df (tried for 5 second(s) with 500 milliseconds interval)</small> </font> </div>
<div class="test-event"> <font color="maroon"> <small> &emsp; &emsp;--- 06 Aug 13:15:21 135 - <b>5</b> - Spinner Load Wait: (Sync) - ICar.support.WaitUtils.waitForSpinner(WaitUtils.java:225)</small> </font> </div>
<div class="test-event"> <font color="maroon"> <small> &emsp; &emsp;--- 06 Aug 13:15:21 354 - Page URL:: https://i-car--staging.sandbox.lightning.force.com/one/one.app#eyjjb21wb25lbnrezwyioijmb3jjzvnlyxjjadpzzwfyy2gilcjhdhryawj1dgvzijp7inrlcm0ioijqyxvsierhdmlziiwic2nvcgvnyxaionsibgfizwxqbhvyywwioijtzxr1ccisim5hbwvzcgfjzsi6ilnldhvwiiwidhlwzsi6ilrpuf9srvnvtfrtin0simnvbnrlehqionsizglzywjszvnwzwxsq29ycmvjdglvbii6zmfsc2usimrpc2fibgvjbnrlbnrrdwvyesi6zmfsc2usinnlyxjjafnvdxjjzsi6ikloufvux0rfu0tut1aifswiz3jvdxbjzci6ikrfrkfvtfqifswic3rhdguiont9fq%3d%3d</small> </font> </div>
<div class="test-event"> <font color="maroon"> <small> &emsp; &emsp;--- 06 Aug 13:15:21 354 - <b>0</b> - Page Load Wait: (Sync) - ICar.support.Utils.waitForPageLoad(Utils.java:109)</small> </font> </div>
<div class="test-event"> <font color="maroon"> <small> &emsp; &emsp;--- 06 Aug 13:15:21 567 - Page URL:: https://i-car--staging.sandbox.lightning.force.com/one/one.app#eyjjb21wb25lbnrezwyioijmb3jjzvnlyxjjadpzzwfyy2gilcjhdhryawj1dgvzijp7inrlcm0ioijqyxvsierhdmlziiwic2nvcgvnyxaionsibgfizwxqbhvyywwioijtzxr1ccisim5hbwvzcgfjzsi6ilnldhvwiiwidhlwzsi6ilrpuf9srvnvtfrtin0simnvbnrlehqionsizglzywjszvnwzwxsq29ycmvjdglvbii6zmfsc2usimrpc2fibgvjbnrlbnrrdwvyesi6zmfsc2usinnlyxjjafnvdxjjzsi6ikloufvux0rfu0tut1aifswiz3jvdxbjzci6ikrfrkfvtfqifswic3rhdguiont9fq%3d%3d</small> </font> </div>
<div class="test-event"> <font color="maroon"> <small> &emsp; &emsp;--- 06 Aug 13:15:21 567 - <b>0</b> - Page Load Wait: (Sync) - ICar.support.Utils.waitForPageLoad(Utils.java:109)</small> </font> </div>
<div class="test-event"> <font color="maroon"> <small> &emsp; &emsp;--- 06 Aug 13:15:21 776 - Page URL:: https://i-car--staging.sandbox.lightning.force.com/one/one.app#eyjjb21wb25lbnrezwyioijmb3jjzvnlyxjjadpzzwfyy2gilcjhdhryawj1dgvzijp7inrlcm0ioijqyxvsierhdmlziiwic2nvcgvnyxaionsibgfizwxqbhvyywwioijtzxr1ccisim5hbwvzcgfjzsi6ilnldhvwiiwidhlwzsi6ilrpuf9srvnvtfrtin0simnvbnrlehqionsizglzywjszvnwzwxsq29ycmvjdglvbii6zmfsc2usimrpc2fibgvjbnrlbnrrdwvyesi6zmfsc2usinnlyxjjafnvdxjjzsi6ikloufvux0rfu0tut1aifswiz3jvdxbjzci6ikrfrkfvtfqifswic3rhdguiont9fq%3d%3d</small> </font> </div>
<div class="test-event"> <font color="maroon"> <small> &emsp; &emsp;--- 06 Aug 13:15:21 776 - <b>0</b> - Page Load Wait: (Sync) - ICar.support.Utils.waitForPageLoad(Utils.java:109)</small> </font> </div>
<div class="test-event"> <font color="maroon"> <small> &emsp; &emsp;--- 06 Aug 13:15:47 261 - Catched spinner load exception due to Expected condition failed: waiting for ICar.support.WaitUtils$4@4ccdc1df (tried for 25 second(s) with 500 milliseconds interval)</small> </font> </div>
<div class="test-event"> <font color="maroon"> <small> &emsp; &emsp;--- 06 Aug 13:15:47 261 - <b>25</b> - Spinner Load Wait: (Sync) - ICar.support.WaitUtils.waitForSpinner(WaitUtils.java:225)</small> </font> </div>
<div class="test-event"> <font color="maroon"> <small> &emsp; &emsp;--- 06 Aug 13:15:47 470 - Page URL:: https://i-car--staging.sandbox.lightning.force.com/one/one.app#eyjjb21wb25lbnrezwyioijmb3jjzvnlyxjjadpzzwfyy2gilcjhdhryawj1dgvzijp7inrlcm0ioijqyxvsierhdmlziiwic2nvcgvnyxaionsibgfizwxqbhvyywwioijtzxr1ccisim5hbwvzcgfjzsi6ilnldhvwiiwidhlwzsi6ilrpuf9srvnvtfrtin0simnvbnrlehqionsizglzywjszvnwzwxsq29ycmvjdglvbii6zmfsc2usimrpc2fibgvjbnrlbnrrdwvyesi6zmfsc2usinnlyxjjafnvdxjjzsi6ikloufvux0rfu0tut1aifswiz3jvdxbjzci6ikrfrkfvtfqifswic3rhdguiont9fq%3d%3d</small> </font> </div>
<div class="test-event"> <font color="maroon"> <small> &emsp; &emsp;--- 06 Aug 13:15:47 471 - <b>0</b> - Page Load Wait: (Sync) - ICar.support.Utils.waitForPageLoad(Utils.java:109)</small> </font> </div>
<div class="test-event"> <font color="maroon"> <small> &emsp; &emsp;--- 06 Aug 13:15:47 502 - Element is displayed:: [[ChromeDriver: chrome on WINDOWS (bc08538aa04ca0fc5d583beb57eceede)] -> css selector: div.forceSearchResultsRegion  div.resultsMultiWrapper >div > div table tbody td a]</small> </font> </div>
<div class="test-event"> <font color="maroon"> <small> &emsp; &emsp;--- 06 Aug 13:15:47 580 - Element is displayed:: [[ChromeDriver: chrome on WINDOWS (bc08538aa04ca0fc5d583beb57eceede)] -> css selector: div.forceSearchResultsRegion  div.resultsMultiWrapper >div > div table tbody td a]</small> </font> </div>
<div class="test-event"> <font color="maroon"> <small> &emsp; &emsp;--- 06 Aug 13:15:48 001 - Page URL:: https://i-car--staging.sandbox.lightning.force.com/one/one.app#eyjjb21wb25lbnrezwyioijmb3jjzvnlyxjjadpzzwfyy2gilcjhdhryawj1dgvzijp7inrlcm0ioijqyxvsierhdmlziiwic2nvcgvnyxaionsibgfizwxqbhvyywwioijtzxr1ccisim5hbwvzcgfjzsi6ilnldhvwiiwidhlwzsi6ilrpuf9srvnvtfrtin0simnvbnrlehqionsizglzywjszvnwzwxsq29ycmvjdglvbii6zmfsc2usimrpc2fibgvjbnrlbnrrdwvyesi6zmfsc2usinnlyxjjafnvdxjjzsi6ikloufvux0rfu0tut1aifswiz3jvdxbjzci6ikrfrkfvtfqifswic3rhdguiont9fq%3d%3d</small> </font> </div>
<div class="test-event"> <font color="maroon"> <small> &emsp; &emsp;--- 06 Aug 13:15:48 001 - <b>0</b> - Page Load Wait: (Sync) - ICar.support.Utils.waitForPageLoad(Utils.java:109)</small> </font> </div>
<div class="test-event"> <font color="maroon"> <small> &emsp; &emsp;--- 06 Aug 13:16:08 018 - Catched spinner load exception due to Expected condition failed: waiting for ICar.support.WaitUtils$4@4ccdc1df (tried for 20 second(s) with 500 milliseconds interval)</small> </font> </div>
<div class="test-event"> <font color="maroon"> <small> &emsp; &emsp;--- 06 Aug 13:16:08 018 - <b>20</b> - Spinner Load Wait: (Sync) - ICar.support.WaitUtils.waitForSpinner(WaitUtils.java:225)</small> </font> </div>
<div class="test-event"> <font color="maroon"> <small> &emsp; &emsp;--- 06 Aug 13:16:08 166 - Page URL:: https://i-car--staging.sandbox.lightning.force.com/lightning/setup/manageusers/page?address=%2f0051i000001ojoyqam%3fnoredirect%3d1%26isuserentityoverride%3d1%26returl%3d%252fsetup%252fhome</small> </font> </div>
<div class="test-event"> <font color="maroon"> <small> &emsp; &emsp;--- 06 Aug 13:16:08 166 - <b>0</b> - Page Load Wait: (Sync) - ICar.support.Utils.waitForPageLoad(Utils.java:109)</small> </font> </div>
<div class="test-event"> <font color="maroon"> <small> &emsp; &emsp;--- 06 Aug 13:16:08 302 - Page URL:: https://i-car--staging.sandbox.lightning.force.com/lightning/setup/manageusers/page?address=%2f0051i000001ojoyqam%3fnoredirect%3d1%26isuserentityoverride%3d1%26returl%3d%252fsetup%252fhome</small> </font> </div>
<div class="test-event"> <font color="maroon"> <small> &emsp; &emsp;--- 06 Aug 13:16:08 302 - <b>0</b> - Page Load Wait: (Sync) - ICar.support.Utils.waitForPageLoad(Utils.java:109)</small> </font> </div>
<div class="test-event"> <font color="maroon"> <small> &emsp; &emsp;--- 06 Aug 13:16:12 579 - Element is displayed:: [[ChromeDriver: chrome on WINDOWS (bc08538aa04ca0fc5d583beb57eceede)] -> css selector: input[title='Login']]</small> </font> </div>
<div class="test-event"> <font color="maroon"> <small> &emsp; &emsp;--- 06 Aug 13:16:27 421 - Page URL:: https://i-car--staging.sandbox.lightning.force.com/lightning/r/refund_credit_request__c/a3jvc00000147lvyaq/view</small> </font> </div>
<div class="test-event"> <font color="maroon"> <small> &emsp; &emsp;--- 06 Aug 13:16:27 421 - <b>0</b> - Page Load Wait: (Sync) - ICar.support.Utils.waitForPageLoad(Utils.java:109)</small> </font> </div>
<div class="test-event"> <font color="maroon"> <small> &emsp; &emsp;--- 06 Aug 13:16:52 912 - Catched spinner load exception due to Expected condition failed: waiting for ICar.support.WaitUtils$4@4ccdc1df (tried for 25 second(s) with 500 milliseconds interval)</small> </font> </div>
<div class="test-event"> <font color="maroon"> <small> &emsp; &emsp;--- 06 Aug 13:16:52 912 - <b>25</b> - Spinner Load Wait: (Sync) - ICar.support.WaitUtils.waitForSpinner(WaitUtils.java:225)</small> </font> </div>
<div class="test-event"> <font color="maroon"> <small> &emsp; &emsp;--- 06 Aug 13:16:53 060 - Page URL:: https://i-car--staging.sandbox.lightning.force.com/lightning/r/refund_credit_request__c/a3jvc00000147lvyaq/view</small> </font> </div>
<div class="test-event"> <font color="maroon"> <small> &emsp; &emsp;--- 06 Aug 13:16:53 060 - <b>0</b> - Page Load Wait: (Sync) - ICar.support.Utils.waitForPageLoad(Utils.java:109)</small> </font> </div>
<div class="test-message">&emsp;Successfully login to:'Paul Davis&emsp;<a href=".\ScreenShot\ICar_VR_TC32_708258746101000.png" target="_blank" >[ScreenShot]</a></div>
<div class="test-event"> <font color="maroon"> <small> &emsp; &emsp;--- 06 Aug 13:16:53 464 - Page URL:: https://i-car--staging.sandbox.lightning.force.com/lightning/r/refund_credit_request__c/a3jvc00000147lvyaq/view</small> </font> </div>
<div class="test-event"> <font color="maroon"> <small> &emsp; &emsp;--- 06 Aug 13:16:53 464 - <b>0</b> - Page Load Wait: (Sync) - ICar.support.Utils.waitForPageLoad(Utils.java:109)</small> </font> </div>
<div class="test-event"> <font color="maroon"> <small> &emsp; &emsp;--- 06 Aug 13:16:58 854 - Page URL:: https://i-car--staging.sandbox.lightning.force.com/lightning/r/refund_credit_request__c/a3jvc00000147lvyaq/view</small> </font> </div>
<div class="test-event"> <font color="maroon"> <small> &emsp; &emsp;--- 06 Aug 13:16:58 854 - <b>0</b> - Page Load Wait: (Sync) - ICar.support.Utils.waitForPageLoad(Utils.java:109)</small> </font> </div>
<div class="test-message">&emsp;Close the tab</div>
<div class="test-event"> <font color="maroon"> <small> &emsp; &emsp;--- 06 Aug 13:17:04 445 - Page URL:: https://i-car--staging.sandbox.lightning.force.com/lightning/o/refund_credit_request__c/list?filtername=submitted_for_approval</small> </font> </div>
<div class="test-event"> <font color="maroon"> <small> &emsp; &emsp;--- 06 Aug 13:17:04 445 - <b>0</b> - Page Load Wait: (Sync) - ICar.support.Utils.waitForPageLoad(Utils.java:109)</small> </font> </div>
<div class="test-event"> <font color="maroon"> <small> &emsp; &emsp;--- 06 Aug 13:17:09 808 - Page URL:: https://i-car--staging.sandbox.lightning.force.com/lightning/o/refund_credit_request__c/list?filtername=submitted_for_approval</small> </font> </div>
<div class="test-event"> <font color="maroon"> <small> &emsp; &emsp;--- 06 Aug 13:17:09 808 - <b>0</b> - Page Load Wait: (Sync) - ICar.support.Utils.waitForPageLoad(Utils.java:109)</small> </font> </div>
<div class="test-message">&emsp;Close the tab</div>
<div class="test-event"> <font color="maroon"> <small> &emsp; &emsp;--- 06 Aug 13:17:15 491 - Page URL:: https://i-car--staging.sandbox.lightning.force.com/lightning/o/refund_credit_request__c/list?filtername=submitted_for_approval</small> </font> </div>
<div class="test-event"> <font color="maroon"> <small> &emsp; &emsp;--- 06 Aug 13:17:15 491 - <b>0</b> - Page Load Wait: (Sync) - ICar.support.Utils.waitForPageLoad(Utils.java:109)</small> </font> </div>
<div class="test-event"> <font color="maroon"> <small> &emsp; &emsp;--- 06 Aug 13:17:15 603 - Element is displayed:: [[ChromeDriver: chrome on WINDOWS (bc08538aa04ca0fc5d583beb57eceede)] -> css selector: button[class*='search-button']]</small> </font> </div>
<div class="test-event"> <font color="maroon"> <small> &emsp; &emsp;--- 06 Aug 13:17:17 676 - Catched spinner load exception due to Expected condition failed: waiting for ICar.support.WaitUtils$4@4ccdc1df (tried for 2 second(s) with 500 milliseconds interval)</small> </font> </div>
<div class="test-event"> <font color="maroon"> <small> &emsp; &emsp;--- 06 Aug 13:17:17 676 - <b>2</b> - Spinner Load Wait: (Sync) - ICar.support.WaitUtils.waitForSpinner(WaitUtils.java:225)</small> </font> </div>
<div class="test-event"> <font color="maroon"> <small> &emsp; &emsp;--- 06 Aug 13:17:20 753 - Element is displayed:: [[ChromeDriver: chrome on WINDOWS (bc08538aa04ca0fc5d583beb57eceede)] -> css selector: button[class*='search-button']]</small> </font> </div>
<div class="test-event"> <font color="maroon"> <small> &emsp; &emsp;--- 06 Aug 13:17:21 265 - Page URL:: https://i-car--staging.sandbox.lightning.force.com/lightning/o/refund_credit_request__c/list?filtername=submitted_for_approval</small> </font> </div>
<div class="test-event"> <font color="maroon"> <small> &emsp; &emsp;--- 06 Aug 13:17:21 265 - <b>0</b> - Page Load Wait: (Sync) - ICar.support.Utils.waitForPageLoad(Utils.java:109)</small> </font> </div>
<div class="test-event"> <font color="maroon"> <small> &emsp; &emsp;--- 06 Aug 13:17:40 997 - Catched spinner load exception due to Expected condition failed: waiting for ICar.support.WaitUtils$4@4ccdc1df (tried for 10 second(s) with 500 milliseconds interval)</small> </font> </div>
<div class="test-event"> <font color="maroon"> <small> &emsp; &emsp;--- 06 Aug 13:17:40 997 - <b>10</b> - Spinner Load Wait: (Sync) - ICar.support.WaitUtils.waitForSpinner(WaitUtils.java:225)</small> </font> </div>
<div class="test-event"> <font color="maroon"> <small> &emsp; &emsp;--- 06 Aug 13:17:41 638 - Page URL:: https://i-car--staging.sandbox.lightning.force.com/one/one.app#eyjjb21wb25lbnrezwyioijmb3jjzvnlyxjjadpzzwfyy2hqywdlrgvza3rvccisimf0dhjpynv0zxmionsidgvybsi6iljdlte0oduxosisinnjb3bltwfwijp7inr5cguioijut1bfukvtvuxuuyj9lcjjb250zxh0ijp7ikzjtfrfulmiont9lcjzzwfyy2htb3vyy2uioijbu1nju1rbtlrfrelbte9hiiwizglzywjszuludgvudff1zxj5ijpmywxzzswizglzywjszvnwzwxsq29ycmvjdglvbii6zmfsc2usinnlyxjjaerpywxvz1nlc3npb25jzci6imq5nze3nwm5ltyxzjitmdawyi0ym2u4ltkwmza1m2i0ymfhosisimrlynvnsw5mbyi6eyjhchboyw1lijoisunbul9by2nvdw50iiwiyxbwvhlwzsi6iknvbnnvbguilcjhchboyw1lc3bhy2uioijjiiwibg9jyxrpb24ioijmb3jjztpvymply3rib21lrgvza3rvccisinnvymply3ruexblijoiumvmdw5kx0nyzwrpdf9szxf1zxn0x19jin19lcjncm91celkijoirevgqvvmvcj9lcjzdgf0zsi6e319</small> </font> </div>
<div class="test-event"> <font color="maroon"> <small> &emsp; &emsp;--- 06 Aug 13:17:41 638 - <b>0</b> - Page Load Wait: (Sync) - ICar.support.Utils.waitForPageLoad(Utils.java:109)</small> </font> </div>
<div class="test-event"> <font color="maroon"> <small> &emsp; &emsp;--- 06 Aug 13:17:52 678 - Catched spinner load exception due to Expected condition failed: waiting for ICar.support.WaitUtils$4@4ccdc1df (tried for 11 second(s) with 500 milliseconds interval)</small> </font> </div>
<div class="test-event"> <font color="maroon"> <small> &emsp; &emsp;--- 06 Aug 13:17:52 678 - <b>11</b> - Spinner Load Wait: (Sync) - ICar.support.WaitUtils.waitForSpinner(WaitUtils.java:225)</small> </font> </div>
<div class="test-event"> <font color="maroon"> <small> &emsp; &emsp;--- 06 Aug 13:17:53 231 - Page URL:: https://i-car--staging.sandbox.lightning.force.com/one/one.app#eyjjb21wb25lbnrezwyioijmb3jjzvnlyxjjadpzzwfyy2hqywdlrgvza3rvccisimf0dhjpynv0zxmionsidgvybsi6iljdlte0oduxosisinnjb3bltwfwijp7inr5cguioijut1bfukvtvuxuuyj9lcjjb250zxh0ijp7ikzjtfrfulmiont9lcjzzwfyy2htb3vyy2uioijbu1nju1rbtlrfrelbte9hiiwizglzywjszuludgvudff1zxj5ijpmywxzzswizglzywjszvnwzwxsq29ycmvjdglvbii6zmfsc2usinnlyxjjaerpywxvz1nlc3npb25jzci6imq5nze3nwm5ltyxzjitmdawyi0ym2u4ltkwmza1m2i0ymfhosisimrlynvnsw5mbyi6eyjhchboyw1lijoisunbul9by2nvdw50iiwiyxbwvhlwzsi6iknvbnnvbguilcjhchboyw1lc3bhy2uioijjiiwibg9jyxrpb24ioijmb3jjztpvymply3rib21lrgvza3rvccisinnvymply3ruexblijoiumvmdw5kx0nyzwrpdf9szxf1zxn0x19jin19lcjncm91celkijoirevgqvvmvcj9lcjzdgf0zsi6e319</small> </font> </div>
<div class="test-event"> <font color="maroon"> <small> &emsp; &emsp;--- 06 Aug 13:17:53 231 - <b>0</b> - Page Load Wait: (Sync) - ICar.support.Utils.waitForPageLoad(Utils.java:109)</small> </font> </div>
<div class="test-event"> <font color="maroon"> <small> &emsp; &emsp;--- 06 Aug 13:17:53 284 - Element is displayed:: [[ChromeDriver: chrome on WINDOWS (bc08538aa04ca0fc5d583beb57eceede)] -> xpath: //a[@title='Top Results']//span[text()='Top Results']]</small> </font> </div>
<div class="test-event"> <font color="maroon"> <small> &emsp; &emsp;--- 06 Aug 13:17:53 881 - Page URL:: https://i-car--staging.sandbox.lightning.force.com/one/one.app#eyjjb21wb25lbnrezwyioijmb3jjzvnlyxjjadpzzwfyy2hqywdlrgvza3rvccisimf0dhjpynv0zxmionsidgvybsi6iljdlte0oduxosisinnjb3bltwfwijp7inr5cguioijut1bfukvtvuxuuyj9lcjjb250zxh0ijp7ikzjtfrfulmiont9lcjzzwfyy2htb3vyy2uioijbu1nju1rbtlrfrelbte9hiiwizglzywjszuludgvudff1zxj5ijpmywxzzswizglzywjszvnwzwxsq29ycmvjdglvbii6zmfsc2usinnlyxjjaerpywxvz1nlc3npb25jzci6imq5nze3nwm5ltyxzjitmdawyi0ym2u4ltkwmza1m2i0ymfhosisimrlynvnsw5mbyi6eyjhchboyw1lijoisunbul9by2nvdw50iiwiyxbwvhlwzsi6iknvbnnvbguilcjhchboyw1lc3bhy2uioijjiiwibg9jyxrpb24ioijmb3jjztpvymply3rib21lrgvza3rvccisinnvymply3ruexblijoiumvmdw5kx0nyzwrpdf9szxf1zxn0x19jin19lcjncm91celkijoirevgqvvmvcj9lcjzdgf0zsi6e319</small> </font> </div>
<div class="test-event"> <font color="maroon"> <small> &emsp; &emsp;--- 06 Aug 13:17:53 881 - <b>0</b> - Page Load Wait: (Sync) - ICar.support.Utils.waitForPageLoad(Utils.java:109)</small> </font> </div>
<div class="test-event"> <font color="maroon"> <small> &emsp; &emsp;--- 06 Aug 13:17:59 143 - Catched spinner load exception due to Expected condition failed: waiting for ICar.support.WaitUtils$4@4ccdc1df (tried for 5 second(s) with 500 milliseconds interval)</small> </font> </div>
<div class="test-event"> <font color="maroon"> <small> &emsp; &emsp;--- 06 Aug 13:17:59 143 - <b>5</b> - Spinner Load Wait: (Sync) - ICar.support.WaitUtils.waitForSpinner(WaitUtils.java:225)</small> </font> </div>
<div class="test-event"> <font color="maroon"> <small> &emsp; &emsp;--- 06 Aug 13:17:59 697 - Page URL:: https://i-car--staging.sandbox.lightning.force.com/one/one.app#eyjjb21wb25lbnrezwyioijmb3jjzvnlyxjjadpzzwfyy2hqywdlrgvza3rvccisimf0dhjpynv0zxmionsidgvybsi6iljdlte0oduxosisinnjb3bltwfwijp7inr5cguioijut1bfukvtvuxuuyj9lcjjb250zxh0ijp7ikzjtfrfulmiont9lcjzzwfyy2htb3vyy2uioijbu1nju1rbtlrfrelbte9hiiwizglzywjszuludgvudff1zxj5ijpmywxzzswizglzywjszvnwzwxsq29ycmvjdglvbii6zmfsc2usinnlyxjjaerpywxvz1nlc3npb25jzci6imq5nze3nwm5ltyxzjitmdawyi0ym2u4ltkwmza1m2i0ymfhosisimrlynvnsw5mbyi6eyjhchboyw1lijoisunbul9by2nvdw50iiwiyxbwvhlwzsi6iknvbnnvbguilcjhchboyw1lc3bhy2uioijjiiwibg9jyxrpb24ioijmb3jjztpvymply3rib21lrgvza3rvccisinnvymply3ruexblijoiumvmdw5kx0nyzwrpdf9szxf1zxn0x19jin19lcjncm91celkijoirevgqvvmvcj9lcjzdgf0zsi6e319</small> </font> </div>
<div class="test-event"> <font color="maroon"> <small> &emsp; &emsp;--- 06 Aug 13:17:59 698 - <b>0</b> - Page Load Wait: (Sync) - ICar.support.Utils.waitForPageLoad(Utils.java:109)</small> </font> </div>
<div class="test-event"> <font color="maroon"> <small> &emsp; &emsp;--- 06 Aug 13:18:00 258 - Page URL:: https://i-car--staging.sandbox.lightning.force.com/one/one.app#eyjjb21wb25lbnrezwyioijmb3jjzvnlyxjjadpzzwfyy2hqywdlrgvza3rvccisimf0dhjpynv0zxmionsidgvybsi6iljdlte0oduxosisinnjb3bltwfwijp7inr5cguioijut1bfukvtvuxuuyj9lcjjb250zxh0ijp7ikzjtfrfulmiont9lcjzzwfyy2htb3vyy2uioijbu1nju1rbtlrfrelbte9hiiwizglzywjszuludgvudff1zxj5ijpmywxzzswizglzywjszvnwzwxsq29ycmvjdglvbii6zmfsc2usinnlyxjjaerpywxvz1nlc3npb25jzci6imq5nze3nwm5ltyxzjitmdawyi0ym2u4ltkwmza1m2i0ymfhosisimrlynvnsw5mbyi6eyjhchboyw1lijoisunbul9by2nvdw50iiwiyxbwvhlwzsi6iknvbnnvbguilcjhchboyw1lc3bhy2uioijjiiwibg9jyxrpb24ioijmb3jjztpvymply3rib21lrgvza3rvccisinnvymply3ruexblijoiumvmdw5kx0nyzwrpdf9szxf1zxn0x19jin19lcjncm91celkijoirevgqvvmvcj9lcjzdgf0zsi6e319</small> </font> </div>
<div class="test-event"> <font color="maroon"> <small> &emsp; &emsp;--- 06 Aug 13:18:00 258 - <b>0</b> - Page Load Wait: (Sync) - ICar.support.Utils.waitForPageLoad(Utils.java:109)</small> </font> </div>
<div class="test-event"> <font color="maroon"> <small> &emsp; &emsp;--- 06 Aug 13:18:00 835 - Page URL:: https://i-car--staging.sandbox.lightning.force.com/one/one.app#eyjjb21wb25lbnrezwyioijmb3jjzvnlyxjjadpzzwfyy2hqywdlrgvza3rvccisimf0dhjpynv0zxmionsidgvybsi6iljdlte0oduxosisinnjb3bltwfwijp7inr5cguioijut1bfukvtvuxuuyj9lcjjb250zxh0ijp7ikzjtfrfulmiont9lcjzzwfyy2htb3vyy2uioijbu1nju1rbtlrfrelbte9hiiwizglzywjszuludgvudff1zxj5ijpmywxzzswizglzywjszvnwzwxsq29ycmvjdglvbii6zmfsc2usinnlyxjjaerpywxvz1nlc3npb25jzci6imq5nze3nwm5ltyxzjitmdawyi0ym2u4ltkwmza1m2i0ymfhosisimrlynvnsw5mbyi6eyjhchboyw1lijoisunbul9by2nvdw50iiwiyxbwvhlwzsi6iknvbnnvbguilcjhchboyw1lc3bhy2uioijjiiwibg9jyxrpb24ioijmb3jjztpvymply3rib21lrgvza3rvccisinnvymply3ruexblijoiumvmdw5kx0nyzwrpdf9szxf1zxn0x19jin19lcjncm91celkijoirevgqvvmvcj9lcjzdgf0zsi6e319</small> </font> </div>
<div class="test-event"> <font color="maroon"> <small> &emsp; &emsp;--- 06 Aug 13:18:00 835 - <b>0</b> - Page Load Wait: (Sync) - ICar.support.Utils.waitForPageLoad(Utils.java:109)</small> </font> </div>
<div class="test-event"> <font color="maroon"> <small> &emsp; &emsp;--- 06 Aug 13:18:11 277 - Catched spinner load exception due to Expected condition failed: waiting for ICar.support.WaitUtils$4@4ccdc1df (tried for 10 second(s) with 500 milliseconds interval)</small> </font> </div>
<div class="test-event"> <font color="maroon"> <small> &emsp; &emsp;--- 06 Aug 13:18:11 277 - <b>10</b> - Spinner Load Wait: (Sync) - ICar.support.WaitUtils.waitForSpinner(WaitUtils.java:225)</small> </font> </div>
<div class="test-event"> <font color="maroon"> <small> &emsp; &emsp;--- 06 Aug 13:18:11 307 - Element is displayed:: [[ChromeDriver: chrome on WINDOWS (bc08538aa04ca0fc5d583beb57eceede)] -> css selector: div.forceSearchResultsRegion  div.resultsMultiWrapper >div > div table tbody th a]</small> </font> </div>
<div class="test-event"> <font color="maroon"> <small> &emsp; &emsp;--- 06 Aug 13:18:11 378 - Element is displayed:: [[ChromeDriver: chrome on WINDOWS (bc08538aa04ca0fc5d583beb57eceede)] -> css selector: div.forceSearchResultsRegion  div.resultsMultiWrapper >div > div table tbody th a]</small> </font> </div>
<div class="test-event"> <font color="maroon"> <small> &emsp; &emsp;--- 06 Aug 13:18:12 323 - Page URL:: https://i-car--staging.sandbox.lightning.force.com/one/one.app#eyjjb21wb25lbnrezwyioijmb3jjzvnlyxjjadpzzwfyy2hqywdlrgvza3rvccisimf0dhjpynv0zxmionsidgvybsi6iljdlte0oduxosisinnjb3bltwfwijp7inr5cguioijut1bfukvtvuxuuyj9lcjjb250zxh0ijp7ikzjtfrfulmiont9lcjzzwfyy2htb3vyy2uioijbu1nju1rbtlrfrelbte9hiiwizglzywjszuludgvudff1zxj5ijpmywxzzswizglzywjszvnwzwxsq29ycmvjdglvbii6zmfsc2usinnlyxjjaerpywxvz1nlc3npb25jzci6imq5nze3nwm5ltyxzjitmdawyi0ym2u4ltkwmza1m2i0ymfhosisimrlynvnsw5mbyi6eyjhchboyw1lijoisunbul9by2nvdw50iiwiyxbwvhlwzsi6iknvbnnvbguilcjhchboyw1lc3bhy2uioijjiiwibg9jyxrpb24ioijmb3jjztpvymply3rib21lrgvza3rvccisinnvymply3ruexblijoiumvmdw5kx0nyzwrpdf9szxf1zxn0x19jin19lcjncm91celkijoirevgqvvmvcj9lcjzdgf0zsi6e319</small> </font> </div>
<div class="test-event"> <font color="maroon"> <small> &emsp; &emsp;--- 06 Aug 13:18:12 323 - <b>0</b> - Page Load Wait: (Sync) - ICar.support.Utils.waitForPageLoad(Utils.java:109)</small> </font> </div>
<div class="test-event"> <font color="maroon"> <small> &emsp; &emsp;--- 06 Aug 13:18:14 040 - Element is displayed:: [[ChromeDriver: chrome on WINDOWS (bc08538aa04ca0fc5d583beb57eceede)] -> xpath: //span[text()='Approval History']/ancestor::header/following-sibling::div//a]</small> </font> </div>
<div class="test-event"> <font color="maroon"> <small> &emsp; &emsp;--- 06 Aug 13:18:14 128 - Element is displayed:: [[ChromeDriver: chrome on WINDOWS (bc08538aa04ca0fc5d583beb57eceede)] -> xpath: //span[text()='Approval History']/ancestor::header/following-sibling::div//a]</small> </font> </div>
<div class="test-event"> <font color="maroon"> <small> &emsp; &emsp;--- 06 Aug 13:18:14 855 - Page URL:: https://i-car--staging.sandbox.lightning.force.com/lightning/r/refund_credit_request__c/a3jvc00000147ojyaa/view</small> </font> </div>
<div class="test-event"> <font color="maroon"> <small> &emsp; &emsp;--- 06 Aug 13:18:14 855 - <b>0</b> - Page Load Wait: (Sync) - ICar.support.Utils.waitForPageLoad(Utils.java:109)</small> </font> </div>
<div class="test-event"> <font color="maroon"> <small> &emsp; &emsp;--- 06 Aug 13:18:15 951 - Element is displayed:: [[ChromeDriver: chrome on WINDOWS (bc08538aa04ca0fc5d583beb57eceede)] -> xpath: //a[@title='Approve']]</small> </font> </div>
<div class="test-event"> <font color="maroon"> <small> &emsp; &emsp;--- 06 Aug 13:18:16 021 - Element is displayed:: [[ChromeDriver: chrome on WINDOWS (bc08538aa04ca0fc5d583beb57eceede)] -> xpath: //a[@title='Approve']]</small> </font> </div>
<div class="test-event"> <font color="maroon"> <small> &emsp; &emsp;--- 06 Aug 13:18:16 762 - Page URL:: https://i-car--staging.sandbox.lightning.force.com/lightning/r/refund_credit_request__c/a3jvc00000147ojyaa/view</small> </font> </div>
<div class="test-event"> <font color="maroon"> <small> &emsp; &emsp;--- 06 Aug 13:18:16 762 - <b>0</b> - Page Load Wait: (Sync) - ICar.support.Utils.waitForPageLoad(Utils.java:109)</small> </font> </div>
<div class="test-event"> <font color="maroon"> <small> &emsp; &emsp;--- 06 Aug 13:18:17 382 - Element is displayed:: [[ChromeDriver: chrome on WINDOWS (bc08538aa04ca0fc5d583beb57eceede)] -> xpath: //textarea]</small> </font> </div>
<div class="test-event"> <font color="maroon"> <small> &emsp; &emsp;--- 06 Aug 13:18:17 473 - Element is displayed:: [[ChromeDriver: chrome on WINDOWS (bc08538aa04ca0fc5d583beb57eceede)] -> xpath: //textarea]</small> </font> </div>
<div class="test-event"> <font color="maroon"> <small> &emsp; &emsp;--- 06 Aug 13:18:17 722 - Element is displayed:: [[ChromeDriver: chrome on WINDOWS (bc08538aa04ca0fc5d583beb57eceede)] -> xpath: //textarea]</small> </font> </div>
<div class="test-event"> <font color="maroon"> <small> &emsp; &emsp;--- 06 Aug 13:18:17 818 - Element is displayed:: [[ChromeDriver: chrome on WINDOWS (bc08538aa04ca0fc5d583beb57eceede)] -> xpath: //span[text()='Approve']/..]</small> </font> </div>
<div class="test-event"> <font color="maroon"> <small> &emsp; &emsp;--- 06 Aug 13:18:17 892 - Element is displayed:: [[ChromeDriver: chrome on WINDOWS (bc08538aa04ca0fc5d583beb57eceede)] -> xpath: //span[text()='Approve']/..]</small> </font> </div>
<div class="test-event"> <font color="maroon"> <small> &emsp; &emsp;--- 06 Aug 13:18:26 332 - Catched spinner load exception due to Expected condition failed: waiting for ICar.support.WaitUtils$4@4ccdc1df (tried for 8 second(s) with 500 milliseconds interval)</small> </font> </div>
<div class="test-event"> <font color="maroon"> <small> &emsp; &emsp;--- 06 Aug 13:18:26 333 - <b>8</b> - Spinner Load Wait: (Sync) - ICar.support.WaitUtils.waitForSpinner(WaitUtils.java:225)</small> </font> </div>
<div class="test-event"> <font color="maroon"> <small> &emsp; &emsp;--- 06 Aug 13:18:27 164 - Page URL:: https://i-car--staging.sandbox.lightning.force.com/lightning/r/refund_credit_request__c/a3jvc00000147ojyaa/view</small> </font> </div>
<div class="test-event"> <font color="maroon"> <small> &emsp; &emsp;--- 06 Aug 13:18:27 164 - <b>0</b> - Page Load Wait: (Sync) - ICar.support.Utils.waitForPageLoad(Utils.java:109)</small> </font> </div>
<div class="test-event"> <font color="maroon"> <small> &emsp; &emsp;--- 06 Aug 13:18:27 284 - Element is displayed:: [[ChromeDriver: chrome on WINDOWS (bc08538aa04ca0fc5d583beb57eceede)] -> xpath: //div[contains(@data-target-selection-name,'B2B_Order_Item__c')]//a]</small> </font> </div>
<div class="test-event"> <font color="maroon"> <small> &emsp; &emsp;--- 06 Aug 13:18:35 837 - Catched spinner load exception due to Expected condition failed: waiting for ICar.support.WaitUtils$4@4ccdc1df (tried for 8 second(s) with 500 milliseconds interval)</small> </font> </div>
<div class="test-event"> <font color="maroon"> <small> &emsp; &emsp;--- 06 Aug 13:18:35 837 - <b>8</b> - Spinner Load Wait: (Sync) - ICar.support.WaitUtils.waitForSpinner(WaitUtils.java:225)</small> </font> </div>
<div class="test-event"> <font color="maroon"> <small> &emsp; &emsp;--- 06 Aug 13:18:36 839 - Page URL:: https://i-car--staging.sandbox.lightning.force.com/lightning/r/orderitem/802vc00000841u4yaa/view?ws=%2flightning%2fr%2frefund_credit_request__c%2fa3jvc00000147ojyaa%2fview</small> </font> </div>
<div class="test-event"> <font color="maroon"> <small> &emsp; &emsp;--- 06 Aug 13:18:36 839 - <b>1</b> - Page Load Wait: (Sync) - ICar.support.Utils.waitForPageLoad(Utils.java:109)</small> </font> </div>
<div class="test-event"> <font color="maroon"> <small> &emsp; &emsp;--- 06 Aug 13:18:42 085 - Catched spinner load exception due to Expected condition failed: waiting for ICar.support.WaitUtils$4@4ccdc1df (tried for 5 second(s) with 500 milliseconds interval)</small> </font> </div>
<div class="test-event"> <font color="maroon"> <small> &emsp; &emsp;--- 06 Aug 13:18:42 085 - <b>5</b> - Spinner Load Wait: (Sync) - ICar.support.WaitUtils.waitForSpinner(WaitUtils.java:225)</small> </font> </div>
<div class="test-event"> <font color="maroon"> <small> &emsp; &emsp;--- 06 Aug 13:19:01 010 - Element is displayed:: [[ChromeDriver: chrome on WINDOWS (bc08538aa04ca0fc5d583beb57eceede)] -> xpath: //span[text()='Order Item Status']//following::div[1]//span//span]</small> </font> </div>
<div class="test-message">&emsp;SuccessFully verified order item status&emsp;<a href=".\ScreenShot\ICar_VR_TC32_708386675030700.png" target="_blank" >[ScreenShot]</a></div>
<div class="test-event"> <font color="maroon"> <small> &emsp; &emsp;--- 06 Aug 13:19:01 318 - Element is displayed:: [[ChromeDriver: chrome on WINDOWS (bc08538aa04ca0fc5d583beb57eceede)] -> css selector: div[data-message-id='loginAsSystemMessage'] a]</small> </font> </div>
<div class="test-event"> <font color="maroon"> <small> &emsp; &emsp;--- 06 Aug 13:19:03 443 - Element is displayed:: [[ChromeDriver: chrome on WINDOWS (bc08538aa04ca0fc5d583beb57eceede)] -> css selector: div[data-message-id='loginAsSystemMessage'] a]</small> </font> </div>
<div class="test-event"> <font color="maroon"> <small> &emsp; &emsp;--- 06 Aug 13:19:06 247 - Page URL:: https://i-car--staging.sandbox.my.salesforce.com/</small> </font> </div>
<div class="test-event"> <font color="maroon"> <small> &emsp; &emsp;--- 06 Aug 13:19:06 247 - <b>0</b> - Page Load Wait: (Sync) - ICar.support.Utils.waitForPageLoad(Utils.java:109)</small> </font> </div>
<div class="test-event"> <font color="maroon"> <small> &emsp; &emsp;--- 06 Aug 13:19:06 475 - Page URL:: https://i-car--staging.sandbox.my.salesforce.com/</small> </font> </div>
<div class="test-event"> <font color="maroon"> <small> &emsp; &emsp;--- 06 Aug 13:19:06 475 - <b>0</b> - Page Load Wait: (Sync) - ICar.support.Utils.waitForPageLoad(Utils.java:109)</small> </font> </div>
<div class="test-message">&emsp;Successfully navigated to 'Login' Page&emsp;<a href=".\ScreenShot\ICar_VR_TC32_708392121041900.png" target="_blank" >[ScreenShot]</a></div>
<div class="test-message">&emsp;Login page is launched.</div>
<div class="test-event"> <font color="maroon"> <small> &emsp; &emsp;--- 06 Aug 13:19:06 905 - Element is displayed:: [[ChromeDriver: chrome on WINDOWS (bc08538aa04ca0fc5d583beb57eceede)] -> id: username]</small> </font> </div>
<div class="test-event"> <font color="maroon"> <small> &emsp; &emsp;--- 06 Aug 13:19:06 964 - Element is displayed:: [[ChromeDriver: chrome on WINDOWS (bc08538aa04ca0fc5d583beb57eceede)] -> id: username]</small> </font> </div>
<div class="test-event"> <font color="maroon"> <small> &emsp; &emsp;--- 06 Aug 13:19:07 297 - Element is displayed:: [[ChromeDriver: chrome on WINDOWS (bc08538aa04ca0fc5d583beb57eceede)] -> id: password]</small> </font> </div>
<div class="test-event"> <font color="maroon"> <small> &emsp; &emsp;--- 06 Aug 13:19:07 498 - Element is displayed:: [[ChromeDriver: chrome on WINDOWS (bc08538aa04ca0fc5d583beb57eceede)] -> id: Login]</small> </font> </div>
<div class="test-event"> <font color="maroon"> <small> &emsp; &emsp;--- 06 Aug 13:19:25 213 - Catched spinner load exception due to Expected condition failed: waiting for ICar.support.WaitUtils$4@4ccdc1df (tried for 13 second(s) with 500 milliseconds interval)</small> </font> </div>
<div class="test-event"> <font color="maroon"> <small> &emsp; &emsp;--- 06 Aug 13:19:25 213 - <b>13</b> - Spinner Load Wait: (Sync) - ICar.support.WaitUtils.waitForSpinner(WaitUtils.java:225)</small> </font> </div>
<div class="test-event"> <font color="maroon"> <small> &emsp; &emsp;--- 06 Aug 13:19:42 084 - Catched spinner load exception due to Expected condition failed: waiting for ICar.support.WaitUtils$4@4ccdc1df (tried for 6 second(s) with 500 milliseconds interval)</small> </font> </div>
<div class="test-event"> <font color="maroon"> <small> &emsp; &emsp;--- 06 Aug 13:19:42 085 - <b>6</b> - Spinner Load Wait: (Sync) - ICar.support.WaitUtils.waitForSpinner(WaitUtils.java:225)</small> </font> </div>
<div class="test-event"> <font color="maroon"> <small> &emsp; &emsp;--- 06 Aug 13:19:42 147 - Element is displayed:: [[ChromeDriver: chrome on WINDOWS (bc08538aa04ca0fc5d583beb57eceede)] -> css selector: button[class*='search-button']]</small> </font> </div>
<div class="test-message">&emsp;Navigate to 'SalesForce Page'</div>
<div class="test-event"> <font color="maroon"> <small> &emsp; &emsp;--- 06 Aug 13:19:42 281 - Page URL:: https://i-car--staging.sandbox.lightning.force.com/lightning/page/home</small> </font> </div>
<div class="test-event"> <font color="maroon"> <small> &emsp; &emsp;--- 06 Aug 13:19:42 281 - <b>0</b> - Page Load Wait: (Sync) - ICar.support.Utils.waitForPageLoad(Utils.java:109)</small> </font> </div>
<div class="test-event"> <font color="maroon"> <small> &emsp; &emsp;--- 06 Aug 13:19:47 446 - Page URL:: https://i-car--staging.sandbox.lightning.force.com/lightning/page/home</small> </font> </div>
<div class="test-event"> <font color="maroon"> <small> &emsp; &emsp;--- 06 Aug 13:19:47 446 - <b>0</b> - Page Load Wait: (Sync) - ICar.support.Utils.waitForPageLoad(Utils.java:109)</small> </font> </div>
<div class="test-message">&emsp;Close the tab</div>
<div class="test-message">&emsp;Execute the SQL: WS.run();</div>
<div class="test-event"> <font color="maroon"> <small> &emsp; &emsp;--- 06 Aug 13:19:58 864 - Page URL:: https://i-car--staging.sandbox.lightning.force.com/lightning/page/home</small> </font> </div>
<div class="test-event"> <font color="maroon"> <small> &emsp; &emsp;--- 06 Aug 13:19:58 864 - <b>0</b> - Page Load Wait: (Sync) - ICar.support.Utils.waitForPageLoad(Utils.java:109)</small> </font> </div>
<div class="test-event"> <font color="maroon"> <small> &emsp; &emsp;--- 06 Aug 13:19:58 982 - Page URL:: https://i-car--staging.sandbox.lightning.force.com/lightning/page/home</small> </font> </div>
<div class="test-event"> <font color="maroon"> <small> &emsp; &emsp;--- 06 Aug 13:19:58 982 - <b>0</b> - Page Load Wait: (Sync) - ICar.support.Utils.waitForPageLoad(Utils.java:109)</small> </font> </div>
<div class="test-event"> <font color="maroon"> <small> &emsp; &emsp;--- 06 Aug 13:19:59 021 - Element is displayed:: [[ChromeDriver: chrome on WINDOWS (bc08538aa04ca0fc5d583beb57eceede)] -> xpath: //ul[@class='slds-global-actions']//div[@class='setupGear']]</small> </font> </div>
<div class="test-event"> <font color="maroon"> <small> &emsp; &emsp;--- 06 Aug 13:20:01 139 - Element is displayed:: [[ChromeDriver: chrome on WINDOWS (bc08538aa04ca0fc5d583beb57eceede)] -> xpath: //ul[@class='slds-global-actions']//div[@class='setupGear']]</small> </font> </div>
<div class="test-event"> <font color="maroon"> <small> &emsp; &emsp;--- 06 Aug 13:20:27 001 - Element is displayed:: [[ChromeDriver: chrome on WINDOWS (bc08538aa04ca0fc5d583beb57eceede)] -> xpath: //span[text()='Debug']/parent::button]</small> </font> </div>
<div class="test-event"> <font color="maroon"> <small> &emsp; &emsp;--- 06 Aug 13:20:27 108 - Element is displayed:: [[ChromeDriver: chrome on WINDOWS (bc08538aa04ca0fc5d583beb57eceede)] -> xpath: //div[text()='Open Execute Anonymous Window']]</small> </font> </div>
<div class="test-event"> <font color="maroon"> <small> &emsp; &emsp;--- 06 Aug 13:20:43 582 - Element is displayed:: [[ChromeDriver: chrome on WINDOWS (bc08538aa04ca0fc5d583beb57eceede)] -> xpath: //span[text()='Execute']]</small> </font> </div>
<div class="test-message">&emsp;Clicked on execute button</div>
<div class="test-message">&emsp;Execute the SQL: DoceboSync.run();</div>
<div class="test-event"> <font color="maroon"> <small> &emsp; &emsp;--- 06 Aug 13:22:50 114 - Page URL:: https://i-car--staging.sandbox.lightning.force.com/lightning/page/home</small> </font> </div>
<div class="test-event"> <font color="maroon"> <small> &emsp; &emsp;--- 06 Aug 13:22:50 114 - <b>0</b> - Page Load Wait: (Sync) - ICar.support.Utils.waitForPageLoad(Utils.java:109)</small> </font> </div>
<div class="test-event"> <font color="maroon"> <small> &emsp; &emsp;--- 06 Aug 13:22:50 227 - Page URL:: https://i-car--staging.sandbox.lightning.force.com/lightning/page/home</small> </font> </div>
<div class="test-event"> <font color="maroon"> <small> &emsp; &emsp;--- 06 Aug 13:22:50 227 - <b>0</b> - Page Load Wait: (Sync) - ICar.support.Utils.waitForPageLoad(Utils.java:109)</small> </font> </div>
<div class="test-event"> <font color="maroon"> <small> &emsp; &emsp;--- 06 Aug 13:22:50 264 - Element is displayed:: [[ChromeDriver: chrome on WINDOWS (bc08538aa04ca0fc5d583beb57eceede)] -> xpath: //ul[@class='slds-global-actions']//div[@class='setupGear']]</small> </font> </div>
<div class="test-event"> <font color="maroon"> <small> &emsp; &emsp;--- 06 Aug 13:22:52 355 - Element is displayed:: [[ChromeDriver: chrome on WINDOWS (bc08538aa04ca0fc5d583beb57eceede)] -> xpath: //ul[@class='slds-global-actions']//div[@class='setupGear']]</small> </font> </div>
<div class="test-event"> <font color="maroon"> <small> &emsp; &emsp;--- 06 Aug 13:23:15 172 - Element is displayed:: [[ChromeDriver: chrome on WINDOWS (bc08538aa04ca0fc5d583beb57eceede)] -> xpath: //span[text()='Debug']/parent::button]</small> </font> </div>
<div class="test-event"> <font color="maroon"> <small> &emsp; &emsp;--- 06 Aug 13:23:15 271 - Element is displayed:: [[ChromeDriver: chrome on WINDOWS (bc08538aa04ca0fc5d583beb57eceede)] -> xpath: //div[text()='Open Execute Anonymous Window']]</small> </font> </div>
<div class="test-event"> <font color="maroon"> <small> &emsp; &emsp;--- 06 Aug 13:23:31 613 - Element is displayed:: [[ChromeDriver: chrome on WINDOWS (bc08538aa04ca0fc5d583beb57eceede)] -> xpath: //span[text()='Execute']]</small> </font> </div>
<div class="test-message">&emsp;Clicked on execute button</div>
<div class="test-event"> <font color="maroon"> <small> &emsp; &emsp;--- 06 Aug 13:25:37 254 - Catched spinner load exception due to Expected condition failed: waiting for ICar.support.WaitUtils$4@4ccdc1df (tried for 5 second(s) with 500 milliseconds interval)</small> </font> </div>
<div class="test-event"> <font color="maroon"> <small> &emsp; &emsp;--- 06 Aug 13:25:37 254 - <b>5</b> - Spinner Load Wait: (Sync) - ICar.support.WaitUtils.waitForSpinner(WaitUtils.java:225)</small> </font> </div>
<div class="test-event"> <font color="maroon"> <small> &emsp; &emsp;--- 06 Aug 13:25:37 374 - Page URL:: https://i-car--staging.sandbox.lightning.force.com/lightning/page/home</small> </font> </div>
<div class="test-event"> <font color="maroon"> <small> &emsp; &emsp;--- 06 Aug 13:25:37 374 - <b>0</b> - Page Load Wait: (Sync) - ICar.support.Utils.waitForPageLoad(Utils.java:109)</small> </font> </div>
<div class="test-event"> <font color="maroon"> <small> &emsp; &emsp;--- 06 Aug 13:25:37 435 - Element is displayed:: [[ChromeDriver: chrome on WINDOWS (bc08538aa04ca0fc5d583beb57eceede)] -> xpath: //div[contains(@class,'appLauncher ')]//button]</small> </font> </div>
<div class="test-event"> <font color="maroon"> <small> &emsp; &emsp;--- 06 Aug 13:25:37 490 - Element is displayed:: [[ChromeDriver: chrome on WINDOWS (bc08538aa04ca0fc5d583beb57eceede)] -> xpath: //div[contains(@class,'appLauncher ')]//button]</small> </font> </div>
<div class="test-message">&emsp;Clicked on App launcher icon</div>
<div class="test-event"> <font color="maroon"> <small> &emsp; &emsp;--- 06 Aug 13:25:38 699 - Element is displayed:: [[ChromeDriver: chrome on WINDOWS (bc08538aa04ca0fc5d583beb57eceede)] -> xpath: //input[@placeholder='Search apps and items...']]</small> </font> </div>
<div class="test-event"> <font color="maroon"> <small> &emsp; &emsp;--- 06 Aug 13:25:38 789 - Element is displayed:: [[ChromeDriver: chrome on WINDOWS (bc08538aa04ca0fc5d583beb57eceede)] -> xpath: //input[@placeholder='Search apps and items...']]</small> </font> </div>
<div class="test-event"> <font color="maroon"> <small> &emsp; &emsp;--- 06 Aug 13:26:02 144 - Element is displayed:: [[ChromeDriver: chrome on WINDOWS (bc08538aa04ca0fc5d583beb57eceede)] -> xpath: //lightning-formatted-rich-text/span/p/b[text()='I-CAR Service Console']]</small> </font> </div>
<div class="test-event"> <font color="maroon"> <small> &emsp; &emsp;--- 06 Aug 13:26:05 190 - Element is displayed:: [[ChromeDriver: chrome on WINDOWS (bc08538aa04ca0fc5d583beb57eceede)] -> xpath: //lightning-formatted-rich-text/span/p/b[text()='I-CAR Service Console']]</small> </font> </div>
<div class="test-event"> <font color="maroon"> <small> &emsp; &emsp;--- 06 Aug 13:26:05 337 - Page URL:: https://i-car--staging.sandbox.lightning.force.com/lightning/page/home</small> </font> </div>
<div class="test-event"> <font color="maroon"> <small> &emsp; &emsp;--- 06 Aug 13:26:05 337 - <b>0</b> - Page Load Wait: (Sync) - ICar.support.Utils.waitForPageLoad(Utils.java:109)</small> </font> </div>
<div class="test-event"> <font color="maroon"> <small> &emsp; &emsp;--- 06 Aug 13:26:05 454 - Page URL:: https://i-car--staging.sandbox.lightning.force.com/lightning/page/home</small> </font> </div>
<div class="test-event"> <font color="maroon"> <small> &emsp; &emsp;--- 06 Aug 13:26:05 454 - <b>0</b> - Page Load Wait: (Sync) - ICar.support.Utils.waitForPageLoad(Utils.java:109)</small> </font> </div>
<div class="test-event"> <font color="maroon"> <small> &emsp; &emsp;--- 06 Aug 13:26:05 583 - Page URL:: https://i-car--staging.sandbox.lightning.force.com/lightning/page/home</small> </font> </div>
<div class="test-event"> <font color="maroon"> <small> &emsp; &emsp;--- 06 Aug 13:26:05 583 - <b>0</b> - Page Load Wait: (Sync) - ICar.support.Utils.waitForPageLoad(Utils.java:109)</small> </font> </div>
<div class="test-event"> <font color="maroon"> <small> &emsp; &emsp;--- 06 Aug 13:26:11 367 - Page URL:: https://i-car--staging.sandbox.lightning.force.com/lightning/o/account/list?filtername=00b1i000007mf4quaa</small> </font> </div>
<div class="test-event"> <font color="maroon"> <small> &emsp; &emsp;--- 06 Aug 13:26:11 368 - <b>0</b> - Page Load Wait: (Sync) - ICar.support.Utils.waitForPageLoad(Utils.java:109)</small> </font> </div>
<div class="test-message">&emsp;Close the tab</div>
<div class="test-event"> <font color="maroon"> <small> &emsp; &emsp;--- 06 Aug 13:26:16 996 - Page URL:: https://i-car--staging.sandbox.lightning.force.com/lightning/o/account/list?filtername=00b1i000007mf4quaa</small> </font> </div>
<div class="test-event"> <font color="maroon"> <small> &emsp; &emsp;--- 06 Aug 13:26:16 996 - <b>0</b> - Page Load Wait: (Sync) - ICar.support.Utils.waitForPageLoad(Utils.java:109)</small> </font> </div>
<div class="test-event"> <font color="maroon"> <small> &emsp; &emsp;--- 06 Aug 13:26:17 036 - Element is displayed:: [[ChromeDriver: chrome on WINDOWS (bc08538aa04ca0fc5d583beb57eceede)] -> css selector: button[class*='search-button']]</small> </font> </div>
<div class="test-event"> <font color="maroon"> <small> &emsp; &emsp;--- 06 Aug 13:26:19 147 - Catched spinner load exception due to Expected condition failed: waiting for ICar.support.WaitUtils$4@4ccdc1df (tried for 2 second(s) with 500 milliseconds interval)</small> </font> </div>
<div class="test-event"> <font color="maroon"> <small> &emsp; &emsp;--- 06 Aug 13:26:19 147 - <b>2</b> - Spinner Load Wait: (Sync) - ICar.support.WaitUtils.waitForSpinner(WaitUtils.java:225)</small> </font> </div>
<div class="test-event"> <font color="maroon"> <small> &emsp; &emsp;--- 06 Aug 13:26:22 243 - Element is displayed:: [[ChromeDriver: chrome on WINDOWS (bc08538aa04ca0fc5d583beb57eceede)] -> css selector: button[class*='search-button']]</small> </font> </div>
<div class="test-event"> <font color="maroon"> <small> &emsp; &emsp;--- 06 Aug 13:26:22 860 - Page URL:: https://i-car--staging.sandbox.lightning.force.com/lightning/o/account/list?filtername=00b1i000007mf4quaa</small> </font> </div>
<div class="test-event"> <font color="maroon"> <small> &emsp; &emsp;--- 06 Aug 13:26:22 860 - <b>0</b> - Page Load Wait: (Sync) - ICar.support.Utils.waitForPageLoad(Utils.java:109)</small> </font> </div>
<div class="test-event"> <font color="maroon"> <small> &emsp; &emsp;--- 06 Aug 13:26:42 254 - Catched spinner load exception due to Expected condition failed: waiting for ICar.support.WaitUtils$4@4ccdc1df (tried for 10 second(s) with 500 milliseconds interval)</small> </font> </div>
<div class="test-event"> <font color="maroon"> <small> &emsp; &emsp;--- 06 Aug 13:26:42 254 - <b>10</b> - Spinner Load Wait: (Sync) - ICar.support.WaitUtils.waitForSpinner(WaitUtils.java:225)</small> </font> </div>
<div class="test-event"> <font color="maroon"> <small> &emsp; &emsp;--- 06 Aug 13:26:42 898 - Page URL:: https://i-car--staging.sandbox.lightning.force.com/one/one.app#eyjjb21wb25lbnrezwyioijmb3jjzvnlyxjjadpzzwfyy2hqywdlrgvza3rvccisimf0dhjpynv0zxmionsidgvybsi6ijmxmjizmzeilcjzy29wzu1hcci6eyj0exblijoive9qx1jfu1vmvfmilcjuyw1lc3bhy2uioiiilcjsywjlbci6ilrvccbszxn1bhrziiwibgfizwxqbhvyywwioijub3agumvzdwx0cyisinjlc3vsdhndbxaioijmb3jjzvnlyxjjadpwcmvkawn0zwrszxn1bhrzin0simnvbnrlehqionsirklmvevsuyi6e30sinnlyxjjafnvdxjjzsi6ikftu0ltvefovf9esufmt0cilcjkaxnhymxlsw50zw50uxvlcnkiomzhbhnllcjkaxnhymxlu3blbgxdb3jyzwn0aw9uijpmywxzzswic2vhcmnorglhbg9nu2vzc2lvbklkijoinza2ytm1y2itmdk4yi1jzwnmltkxmgutmtrjota4zdfhmjzmiiwizgvidwdjbmzvijp7imfwce5hbwuioijjq2fyx1nlcnzpy2vfq29uc29szsisimfwcfr5cguioijdb25zb2xliiwiyxbwtmftzxnwywnlijoiyyisimxvy2f0aw9uijoizm9yy2u6b2jqzwn0sg9tzurlc2t0b3ailcjzb2jqzwn0vhlwzsi6ikfjy291bnqifx0simdyb3vwswqioijeruzbvuxuin0sinn0yxrlijp7fx0%3d</small> </font> </div>
<div class="test-event"> <font color="maroon"> <small> &emsp; &emsp;--- 06 Aug 13:26:42 898 - <b>0</b> - Page Load Wait: (Sync) - ICar.support.Utils.waitForPageLoad(Utils.java:109)</small> </font> </div>
<div class="test-event"> <font color="maroon"> <small> &emsp; &emsp;--- 06 Aug 13:26:53 972 - Catched spinner load exception due to Expected condition failed: waiting for ICar.support.WaitUtils$4@4ccdc1df (tried for 11 second(s) with 500 milliseconds interval)</small> </font> </div>
<div class="test-event"> <font color="maroon"> <small> &emsp; &emsp;--- 06 Aug 13:26:53 972 - <b>11</b> - Spinner Load Wait: (Sync) - ICar.support.WaitUtils.waitForSpinner(WaitUtils.java:225)</small> </font> </div>
<div class="test-event"> <font color="maroon"> <small> &emsp; &emsp;--- 06 Aug 13:26:54 624 - Page URL:: https://i-car--staging.sandbox.lightning.force.com/one/one.app#eyjjb21wb25lbnrezwyioijmb3jjzvnlyxjjadpzzwfyy2hqywdlrgvza3rvccisimf0dhjpynv0zxmionsidgvybsi6ijmxmjizmzeilcjzy29wzu1hcci6eyj0exblijoive9qx1jfu1vmvfmilcjuyw1lc3bhy2uioiiilcjsywjlbci6ilrvccbszxn1bhrziiwibgfizwxqbhvyywwioijub3agumvzdwx0cyisinjlc3vsdhndbxaioijmb3jjzvnlyxjjadpwcmvkawn0zwrszxn1bhrzin0simnvbnrlehqionsirklmvevsuyi6e30sinnlyxjjafnvdxjjzsi6ikftu0ltvefovf9esufmt0cilcjkaxnhymxlsw50zw50uxvlcnkiomzhbhnllcjkaxnhymxlu3blbgxdb3jyzwn0aw9uijpmywxzzswic2vhcmnorglhbg9nu2vzc2lvbklkijoinza2ytm1y2itmdk4yi1jzwnmltkxmgutmtrjota4zdfhmjzmiiwizgvidwdjbmzvijp7imfwce5hbwuioijjq2fyx1nlcnzpy2vfq29uc29szsisimfwcfr5cguioijdb25zb2xliiwiyxbwtmftzxnwywnlijoiyyisimxvy2f0aw9uijoizm9yy2u6b2jqzwn0sg9tzurlc2t0b3ailcjzb2jqzwn0vhlwzsi6ikfjy291bnqifx0simdyb3vwswqioijeruzbvuxuin0sinn0yxrlijp7fx0%3d</small> </font> </div>
<div class="test-event"> <font color="maroon"> <small> &emsp; &emsp;--- 06 Aug 13:26:54 624 - <b>0</b> - Page Load Wait: (Sync) - ICar.support.Utils.waitForPageLoad(Utils.java:109)</small> </font> </div>
<div class="test-event"> <font color="maroon"> <small> &emsp; &emsp;--- 06 Aug 13:26:54 675 - Element is displayed:: [[ChromeDriver: chrome on WINDOWS (bc08538aa04ca0fc5d583beb57eceede)] -> xpath: //a[@title='Top Results']//span[text()='Top Results']]</small> </font> </div>
<div class="test-event"> <font color="maroon"> <small> &emsp; &emsp;--- 06 Aug 13:26:55 295 - Page URL:: https://i-car--staging.sandbox.lightning.force.com/one/one.app#eyjjb21wb25lbnrezwyioijmb3jjzvnlyxjjadpzzwfyy2hqywdlrgvza3rvccisimf0dhjpynv0zxmionsidgvybsi6ijmxmjizmzeilcjzy29wzu1hcci6eyj0exblijoive9qx1jfu1vmvfmilcjuyw1lc3bhy2uioiiilcjsywjlbci6ilrvccbszxn1bhrziiwibgfizwxqbhvyywwioijub3agumvzdwx0cyisinjlc3vsdhndbxaioijmb3jjzvnlyxjjadpwcmvkawn0zwrszxn1bhrzin0simnvbnrlehqionsirklmvevsuyi6e30sinnlyxjjafnvdxjjzsi6ikftu0ltvefovf9esufmt0cilcjkaxnhymxlsw50zw50uxvlcnkiomzhbhnllcjkaxnhymxlu3blbgxdb3jyzwn0aw9uijpmywxzzswic2vhcmnorglhbg9nu2vzc2lvbklkijoinza2ytm1y2itmdk4yi1jzwnmltkxmgutmtrjota4zdfhmjzmiiwizgvidwdjbmzvijp7imfwce5hbwuioijjq2fyx1nlcnzpy2vfq29uc29szsisimfwcfr5cguioijdb25zb2xliiwiyxbwtmftzxnwywnlijoiyyisimxvy2f0aw9uijoizm9yy2u6b2jqzwn0sg9tzurlc2t0b3ailcjzb2jqzwn0vhlwzsi6ikfjy291bnqifx0simdyb3vwswqioijeruzbvuxuin0sinn0yxrlijp7fx0%3d</small> </font> </div>
<div class="test-event"> <font color="maroon"> <small> &emsp; &emsp;--- 06 Aug 13:26:55 295 - <b>0</b> - Page Load Wait: (Sync) - ICar.support.Utils.waitForPageLoad(Utils.java:109)</small> </font> </div>
<div class="test-event"> <font color="maroon"> <small> &emsp; &emsp;--- 06 Aug 13:27:00 386 - Catched spinner load exception due to Expected condition failed: waiting for ICar.support.WaitUtils$4@4ccdc1df (tried for 5 second(s) with 500 milliseconds interval)</small> </font> </div>
<div class="test-event"> <font color="maroon"> <small> &emsp; &emsp;--- 06 Aug 13:27:00 386 - <b>5</b> - Spinner Load Wait: (Sync) - ICar.support.WaitUtils.waitForSpinner(WaitUtils.java:225)</small> </font> </div>
<div class="test-event"> <font color="maroon"> <small> &emsp; &emsp;--- 06 Aug 13:27:00 971 - Page URL:: https://i-car--staging.sandbox.lightning.force.com/one/one.app#eyjjb21wb25lbnrezwyioijmb3jjzvnlyxjjadpzzwfyy2hqywdlrgvza3rvccisimf0dhjpynv0zxmionsidgvybsi6ijmxmjizmzeilcjzy29wzu1hcci6eyj0exblijoive9qx1jfu1vmvfmilcjuyw1lc3bhy2uioiiilcjsywjlbci6ilrvccbszxn1bhrziiwibgfizwxqbhvyywwioijub3agumvzdwx0cyisinjlc3vsdhndbxaioijmb3jjzvnlyxjjadpwcmvkawn0zwrszxn1bhrzin0simnvbnrlehqionsirklmvevsuyi6e30sinnlyxjjafnvdxjjzsi6ikftu0ltvefovf9esufmt0cilcjkaxnhymxlsw50zw50uxvlcnkiomzhbhnllcjkaxnhymxlu3blbgxdb3jyzwn0aw9uijpmywxzzswic2vhcmnorglhbg9nu2vzc2lvbklkijoinza2ytm1y2itmdk4yi1jzwnmltkxmgutmtrjota4zdfhmjzmiiwizgvidwdjbmzvijp7imfwce5hbwuioijjq2fyx1nlcnzpy2vfq29uc29szsisimfwcfr5cguioijdb25zb2xliiwiyxbwtmftzxnwywnlijoiyyisimxvy2f0aw9uijoizm9yy2u6b2jqzwn0sg9tzurlc2t0b3ailcjzb2jqzwn0vhlwzsi6ikfjy291bnqifx0simdyb3vwswqioijeruzbvuxuin0sinn0yxrlijp7fx0%3d</small> </font> </div>
<div class="test-event"> <font color="maroon"> <small> &emsp; &emsp;--- 06 Aug 13:27:00 971 - <b>0</b> - Page Load Wait: (Sync) - ICar.support.Utils.waitForPageLoad(Utils.java:109)</small> </font> </div>
<div class="test-event"> <font color="maroon"> <small> &emsp; &emsp;--- 06 Aug 13:27:01 577 - Page URL:: https://i-car--staging.sandbox.lightning.force.com/one/one.app#eyjjb21wb25lbnrezwyioijmb3jjzvnlyxjjadpzzwfyy2hqywdlrgvza3rvccisimf0dhjpynv0zxmionsidgvybsi6ijmxmjizmzeilcjzy29wzu1hcci6eyj0exblijoive9qx1jfu1vmvfmilcjuyw1lc3bhy2uioiiilcjsywjlbci6ilrvccbszxn1bhrziiwibgfizwxqbhvyywwioijub3agumvzdwx0cyisinjlc3vsdhndbxaioijmb3jjzvnlyxjjadpwcmvkawn0zwrszxn1bhrzin0simnvbnrlehqionsirklmvevsuyi6e30sinnlyxjjafnvdxjjzsi6ikftu0ltvefovf9esufmt0cilcjkaxnhymxlsw50zw50uxvlcnkiomzhbhnllcjkaxnhymxlu3blbgxdb3jyzwn0aw9uijpmywxzzswic2vhcmnorglhbg9nu2vzc2lvbklkijoinza2ytm1y2itmdk4yi1jzwnmltkxmgutmtrjota4zdfhmjzmiiwizgvidwdjbmzvijp7imfwce5hbwuioijjq2fyx1nlcnzpy2vfq29uc29szsisimfwcfr5cguioijdb25zb2xliiwiyxbwtmftzxnwywnlijoiyyisimxvy2f0aw9uijoizm9yy2u6b2jqzwn0sg9tzurlc2t0b3ailcjzb2jqzwn0vhlwzsi6ikfjy291bnqifx0simdyb3vwswqioijeruzbvuxuin0sinn0yxrlijp7fx0%3d</small> </font> </div>
<div class="test-event"> <font color="maroon"> <small> &emsp; &emsp;--- 06 Aug 13:27:01 577 - <b>0</b> - Page Load Wait: (Sync) - ICar.support.Utils.waitForPageLoad(Utils.java:109)</small> </font> </div>
<div class="test-event"> <font color="maroon"> <small> &emsp; &emsp;--- 06 Aug 13:27:02 279 - Page URL:: https://i-car--staging.sandbox.lightning.force.com/one/one.app#eyjjb21wb25lbnrezwyioijmb3jjzvnlyxjjadpzzwfyy2hqywdlrgvza3rvccisimf0dhjpynv0zxmionsidgvybsi6ijmxmjizmzeilcjzy29wzu1hcci6eyj0exblijoive9qx1jfu1vmvfmilcjuyw1lc3bhy2uioiiilcjsywjlbci6ilrvccbszxn1bhrziiwibgfizwxqbhvyywwioijub3agumvzdwx0cyisinjlc3vsdhndbxaioijmb3jjzvnlyxjjadpwcmvkawn0zwrszxn1bhrzin0simnvbnrlehqionsirklmvevsuyi6e30sinnlyxjjafnvdxjjzsi6ikftu0ltvefovf9esufmt0cilcjkaxnhymxlsw50zw50uxvlcnkiomzhbhnllcjkaxnhymxlu3blbgxdb3jyzwn0aw9uijpmywxzzswic2vhcmnorglhbg9nu2vzc2lvbklkijoinza2ytm1y2itmdk4yi1jzwnmltkxmgutmtrjota4zdfhmjzmiiwizgvidwdjbmzvijp7imfwce5hbwuioijjq2fyx1nlcnzpy2vfq29uc29szsisimfwcfr5cguioijdb25zb2xliiwiyxbwtmftzxnwywnlijoiyyisimxvy2f0aw9uijoizm9yy2u6b2jqzwn0sg9tzurlc2t0b3ailcjzb2jqzwn0vhlwzsi6ikfjy291bnqifx0simdyb3vwswqioijeruzbvuxuin0sinn0yxrlijp7fx0%3d</small> </font> </div>
<div class="test-event"> <font color="maroon"> <small> &emsp; &emsp;--- 06 Aug 13:27:02 279 - <b>0</b> - Page Load Wait: (Sync) - ICar.support.Utils.waitForPageLoad(Utils.java:109)</small> </font> </div>
<div class="test-event"> <font color="maroon"> <small> &emsp; &emsp;--- 06 Aug 13:27:10 596 - Catched spinner load exception due to Expected condition failed: waiting for ICar.support.WaitUtils$4@4ccdc1df (tried for 8 second(s) with 500 milliseconds interval)</small> </font> </div>
<div class="test-event"> <font color="maroon"> <small> &emsp; &emsp;--- 06 Aug 13:27:10 596 - <b>8</b> - Spinner Load Wait: (Sync) - ICar.support.WaitUtils.waitForSpinner(WaitUtils.java:225)</small> </font> </div>
<div class="test-event"> <font color="maroon"> <small> &emsp; &emsp;--- 06 Aug 13:27:11 166 - Page URL:: https://i-car--staging.sandbox.lightning.force.com/one/one.app#eyjjb21wb25lbnrezwyioijmb3jjzvnlyxjjadpzzwfyy2hqywdlrgvza3rvccisimf0dhjpynv0zxmionsidgvybsi6ijmxmjizmzeilcjzy29wzu1hcci6eyj0exblijoive9qx1jfu1vmvfmilcjuyw1lc3bhy2uioiiilcjsywjlbci6ilrvccbszxn1bhrziiwibgfizwxqbhvyywwioijub3agumvzdwx0cyisinjlc3vsdhndbxaioijmb3jjzvnlyxjjadpwcmvkawn0zwrszxn1bhrzin0simnvbnrlehqionsirklmvevsuyi6e30sinnlyxjjafnvdxjjzsi6ikftu0ltvefovf9esufmt0cilcjkaxnhymxlsw50zw50uxvlcnkiomzhbhnllcjkaxnhymxlu3blbgxdb3jyzwn0aw9uijpmywxzzswic2vhcmnorglhbg9nu2vzc2lvbklkijoinza2ytm1y2itmdk4yi1jzwnmltkxmgutmtrjota4zdfhmjzmiiwizgvidwdjbmzvijp7imfwce5hbwuioijjq2fyx1nlcnzpy2vfq29uc29szsisimfwcfr5cguioijdb25zb2xliiwiyxbwtmftzxnwywnlijoiyyisimxvy2f0aw9uijoizm9yy2u6b2jqzwn0sg9tzurlc2t0b3ailcjzb2jqzwn0vhlwzsi6ikfjy291bnqifx0simdyb3vwswqioijeruzbvuxuin0sinn0yxrlijp7fx0%3d</small> </font> </div>
<div class="test-event"> <font color="maroon"> <small> &emsp; &emsp;--- 06 Aug 13:27:11 166 - <b>0</b> - Page Load Wait: (Sync) - ICar.support.Utils.waitForPageLoad(Utils.java:109)</small> </font> </div>
<div class="test-event"> <font color="maroon"> <small> &emsp; &emsp;--- 06 Aug 13:27:13 265 - Element is displayed:: [[ChromeDriver: chrome on WINDOWS (bc08538aa04ca0fc5d583beb57eceede)] -> xpath: //div[contains(@class,'forceSearchResultsRegion')]//div[contains(@class,'resultsMultiWrapper')]/div/div[1]//following::h2//a]</small> </font> </div>
<div class="test-event"> <font color="maroon"> <small> &emsp; &emsp;--- 06 Aug 13:27:28 526 - Element is displayed:: [[ChromeDriver: chrome on WINDOWS (bc08538aa04ca0fc5d583beb57eceede)] -> xpath: //a[text()='Contacts']]</small> </font> </div>
<div class="test-event"> <font color="maroon"> <small> &emsp; &emsp;--- 06 Aug 13:27:44 675 - Element is displayed:: [[ChromeDriver: chrome on WINDOWS (bc08538aa04ca0fc5d583beb57eceede)] -> xpath: //div[text()='Contacts']//following :: table//tbody//td[5]//span//span]</small> </font> </div>
<div class="test-event"> <font color="maroon"> <small> &emsp; &emsp;--- 06 Aug 13:27:44 751 - Element is displayed:: [[ChromeDriver: chrome on WINDOWS (bc08538aa04ca0fc5d583beb57eceede)] -> xpath: //div[text()='Contacts']//following :: table//tbody//th//span /a]</small> </font> </div>
<div class="test-event"> <font color="maroon"> <small> &emsp; &emsp;--- 06 Aug 13:28:00 482 - Page URL:: https://i-car--staging.sandbox.lightning.force.com/lightning/r/contact/0038w00002iyumiqa1/view</small> </font> </div>
<div class="test-event"> <font color="maroon"> <small> &emsp; &emsp;--- 06 Aug 13:28:00 483 - <b>0</b> - Page Load Wait: (Sync) - ICar.support.Utils.waitForPageLoad(Utils.java:109)</small> </font> </div>
<div class="test-event"> <font color="maroon"> <small> &emsp; &emsp;--- 06 Aug 13:28:32 304 - Catched spinner load exception due to Expected condition failed: waiting for ICar.support.WaitUtils$4@4ccdc1df (tried for 5 second(s) with 500 milliseconds interval)</small> </font> </div>
<div class="test-event"> <font color="maroon"> <small> &emsp; &emsp;--- 06 Aug 13:28:32 304 - <b>5</b> - Spinner Load Wait: (Sync) - ICar.support.WaitUtils.waitForSpinner(WaitUtils.java:225)</small> </font> </div>
<div class="test-event"> <font color="maroon"> <small> &emsp; &emsp;--- 06 Aug 13:28:32 356 - Element is displayed:: [[ChromeDriver: chrome on WINDOWS (bc08538aa04ca0fc5d583beb57eceede)] -> xpath: //a[contains(text(),'Show All ')]]</small> </font> </div>
<div class="test-event"> <font color="maroon"> <small> &emsp; &emsp;--- 06 Aug 13:28:35 034 - Page URL:: https://i-car--staging.sandbox.lightning.force.com/lightning/r/contact/0038w00002iyumiqa1/view</small> </font> </div>
<div class="test-event"> <font color="maroon"> <small> &emsp; &emsp;--- 06 Aug 13:28:35 034 - <b>0</b> - Page Load Wait: (Sync) - ICar.support.Utils.waitForPageLoad(Utils.java:109)</small> </font> </div>
<div class="test-event"> <font color="maroon"> <small> &emsp; &emsp;--- 06 Aug 13:28:45 251 - Catched spinner load exception due to Expected condition failed: waiting for ICar.support.WaitUtils$4@4ccdc1df (tried for 10 second(s) with 500 milliseconds interval)</small> </font> </div>
<div class="test-event"> <font color="maroon"> <small> &emsp; &emsp;--- 06 Aug 13:28:45 251 - <b>10</b> - Spinner Load Wait: (Sync) - ICar.support.WaitUtils.waitForSpinner(WaitUtils.java:225)</small> </font> </div>
<div class="test-event"> <font color="maroon"> <small> &emsp; &emsp;--- 06 Aug 13:29:04 638 - Element is displayed:: [[ChromeDriver: chrome on WINDOWS (bc08538aa04ca0fc5d583beb57eceede)] -> xpath: //li[@class='rlql-relatedListQuickLink']//a]</small> </font> </div>
<div class="test-event"> <font color="maroon"> <small> &emsp; &emsp;--- 06 Aug 13:29:15 272 - Catched spinner load exception due to Expected condition failed: waiting for ICar.support.WaitUtils$4@4ccdc1df (tried for 10 second(s) with 500 milliseconds interval)</small> </font> </div>
<div class="test-event"> <font color="maroon"> <small> &emsp; &emsp;--- 06 Aug 13:29:15 272 - <b>10</b> - Spinner Load Wait: (Sync) - ICar.support.WaitUtils.waitForSpinner(WaitUtils.java:225)</small> </font> </div>
<div class="test-event"> <font color="maroon"> <small> &emsp; &emsp;--- 06 Aug 13:29:25 705 - Catched spinner load exception due to Expected condition failed: waiting for ICar.support.WaitUtils$4@4ccdc1df (tried for 10 second(s) with 500 milliseconds interval)</small> </font> </div>
<div class="test-event"> <font color="maroon"> <small> &emsp; &emsp;--- 06 Aug 13:29:25 705 - <b>10</b> - Spinner Load Wait: (Sync) - ICar.support.WaitUtils.waitForSpinner(WaitUtils.java:225)</small> </font> </div>
<div class="test-event"> <font color="maroon"> <small> &emsp; &emsp;--- 06 Aug 13:29:26 296 - Page URL:: https://i-car--staging.sandbox.lightning.force.com/lightning/r/contact/0038w00002iyumiqa1/related/enrollment_contact__r/view?ws=%2flightning%2fr%2fcontact%2f0038w00002iyumiqa1%2fview</small> </font> </div>
<div class="test-event"> <font color="maroon"> <small> &emsp; &emsp;--- 06 Aug 13:29:26 296 - <b>0</b> - Page Load Wait: (Sync) - ICar.support.Utils.waitForPageLoad(Utils.java:109)</small> </font> </div>
<div class="test-event"> <font color="maroon"> <small> &emsp; &emsp;--- 06 Aug 13:29:32 557 - Page URL:: https://i-car--staging.sandbox.lightning.force.com/lightning/r/contact/0038w00002iyumiqa1/related/enrollment_contact__r/view?ws=%2flightning%2fr%2fcontact%2f0038w00002iyumiqa1%2fview</small> </font> </div>
<div class="test-event"> <font color="maroon"> <small> &emsp; &emsp;--- 06 Aug 13:29:32 557 - <b>1</b> - Page Load Wait: (Sync) - ICar.support.Utils.waitForPageLoad(Utils.java:109)</small> </font> </div>
<div class="test-event"> <font color="maroon"> <small> &emsp; &emsp;--- 06 Aug 13:29:37 785 - Catched spinner load exception due to Expected condition failed: waiting for ICar.support.WaitUtils$4@4ccdc1df (tried for 5 second(s) with 500 milliseconds interval)</small> </font> </div>
<div class="test-event"> <font color="maroon"> <small> &emsp; &emsp;--- 06 Aug 13:29:37 786 - <b>5</b> - Spinner Load Wait: (Sync) - ICar.support.WaitUtils.waitForSpinner(WaitUtils.java:225)</small> </font> </div>
<div class="test-event"> <font color="maroon"> <small> &emsp; &emsp;--- 06 Aug 13:29:39 000 - Page URL:: https://i-car--staging.sandbox.lightning.force.com/lightning/r/contact/0038w00002iyumiqa1/related/enrollment_contact__r/view?ws=%2flightning%2fr%2fcontact%2f0038w00002iyumiqa1%2fview</small> </font> </div>
<div class="test-event"> <font color="maroon"> <small> &emsp; &emsp;--- 06 Aug 13:29:39 000 - <b>1</b> - Page Load Wait: (Sync) - ICar.support.Utils.waitForPageLoad(Utils.java:109)</small> </font> </div>
<div class="test-event"> <font color="maroon"> <small> &emsp; &emsp;--- 06 Aug 13:29:44 520 - Element is displayed:: [[ChromeDriver: chrome on WINDOWS (bc08538aa04ca0fc5d583beb57eceede)] -> xpath: //div[@class='slds-brand-band slds-brand-band_cover slds-brand-band_medium slds-template_default forceBrandBand']/div/div/lst-related-list-desktop/article/lst-related-list-view-manager/lst-common-list-internal/lst-list-view-manager-header/div/div[2]/div[3]//following::div[10]/table/tbody/tr/td[4]/lightning-primitive-cell-factory/span/div/lightning-primitive-custom-cell/formula-output-formula-html/lightning-formatted-rich-text/span]</small> </font> </div>
<div class="test-event"> <font color="maroon"> <small> &emsp; &emsp;--- 06 Aug 13:29:46 561 - Element is displayed:: [[ChromeDriver: chrome on WINDOWS (bc08538aa04ca0fc5d583beb57eceede)] -> xpath: //div[@class='slds-brand-band slds-brand-band_cover slds-brand-band_medium slds-template_default forceBrandBand']/div/div/lst-related-list-desktop/article/lst-related-list-view-manager/lst-common-list-internal/lst-list-view-manager-header/div/div[2]/div[3]//following::div[10]/table/tbody/tr/td[6]/lightning-primitive-cell-factory/span/div/lightning-primitive-custom-cell/lst-formatted-text]</small> </font> </div>
<div class="test-event"> <font color="maroon"> <small> &emsp; &emsp;--- 06 Aug 13:29:49 803 - Catched spinner load exception due to Expected condition failed: waiting for ICar.support.WaitUtils$4@4ccdc1df (tried for 3 second(s) with 500 milliseconds interval)</small> </font> </div>
<div class="test-event"> <font color="maroon"> <small> &emsp; &emsp;--- 06 Aug 13:29:49 803 - <b>3</b> - Spinner Load Wait: (Sync) - ICar.support.WaitUtils.waitForSpinner(WaitUtils.java:225)</small> </font> </div>
<div class="test-event"> <font color="maroon"> <small> &emsp; &emsp;--- 06 Aug 13:29:53 028 - Catched spinner load exception due to Expected condition failed: waiting for ICar.support.WaitUtils$4@4ccdc1df (tried for 3 second(s) with 500 milliseconds interval)</small> </font> </div>
<div class="test-event"> <font color="maroon"> <small> &emsp; &emsp;--- 06 Aug 13:29:53 028 - <b>3</b> - Spinner Load Wait: (Sync) - ICar.support.WaitUtils.waitForSpinner(WaitUtils.java:225)</small> </font> </div>
<div class="test-event"> <font color="maroon"> <small> &emsp; &emsp;--- 06 Aug 13:29:56 252 - Catched spinner load exception due to Expected condition failed: waiting for ICar.support.WaitUtils$4@4ccdc1df (tried for 3 second(s) with 500 milliseconds interval)</small> </font> </div>
<div class="test-event"> <font color="maroon"> <small> &emsp; &emsp;--- 06 Aug 13:29:56 252 - <b>3</b> - Spinner Load Wait: (Sync) - ICar.support.WaitUtils.waitForSpinner(WaitUtils.java:225)</small> </font> </div>
<div class="test-event"> <font color="maroon"> <small> &emsp; &emsp;--- 06 Aug 13:29:59 463 - Catched spinner load exception due to Expected condition failed: waiting for ICar.support.WaitUtils$4@4ccdc1df (tried for 3 second(s) with 500 milliseconds interval)</small> </font> </div>
<div class="test-event"> <font color="maroon"> <small> &emsp; &emsp;--- 06 Aug 13:29:59 463 - <b>3</b> - Spinner Load Wait: (Sync) - ICar.support.WaitUtils.waitForSpinner(WaitUtils.java:225)</small> </font> </div>
<div class="test-event"> <font color="maroon"> <small> &emsp; &emsp;--- 06 Aug 13:30:02 732 - Catched spinner load exception due to Expected condition failed: waiting for ICar.support.WaitUtils$4@4ccdc1df (tried for 3 second(s) with 500 milliseconds interval)</small> </font> </div>
<div class="test-event"> <font color="maroon"> <small> &emsp; &emsp;--- 06 Aug 13:30:02 732 - <b>3</b> - Spinner Load Wait: (Sync) - ICar.support.WaitUtils.waitForSpinner(WaitUtils.java:225)</small> </font> </div>
<div class="test-event"> <font color="maroon"> <small> &emsp; &emsp;--- 06 Aug 13:30:06 175 - Catched spinner load exception due to Expected condition failed: waiting for ICar.support.WaitUtils$4@4ccdc1df (tried for 3 second(s) with 500 milliseconds interval)</small> </font> </div>
<div class="test-event"> <font color="maroon"> <small> &emsp; &emsp;--- 06 Aug 13:30:06 175 - <b>3</b> - Spinner Load Wait: (Sync) - ICar.support.WaitUtils.waitForSpinner(WaitUtils.java:225)</small> </font> </div>
<div class="test-event"> <font color="maroon"> <small> &emsp; &emsp;--- 06 Aug 13:30:09 418 - Catched spinner load exception due to Expected condition failed: waiting for ICar.support.WaitUtils$4@4ccdc1df (tried for 3 second(s) with 500 milliseconds interval)</small> </font> </div>
<div class="test-event"> <font color="maroon"> <small> &emsp; &emsp;--- 06 Aug 13:30:09 418 - <b>3</b> - Spinner Load Wait: (Sync) - ICar.support.WaitUtils.waitForSpinner(WaitUtils.java:225)</small> </font> </div>
<div class="test-event"> <font color="maroon"> <small> &emsp; &emsp;--- 06 Aug 13:30:12 853 - Catched spinner load exception due to Expected condition failed: waiting for ICar.support.WaitUtils$4@4ccdc1df (tried for 3 second(s) with 500 milliseconds interval)</small> </font> </div>
<div class="test-event"> <font color="maroon"> <small> &emsp; &emsp;--- 06 Aug 13:30:12 853 - <b>3</b> - Spinner Load Wait: (Sync) - ICar.support.WaitUtils.waitForSpinner(WaitUtils.java:225)</small> </font> </div>
<div class="test-event"> <font color="maroon"> <small> &emsp; &emsp;--- 06 Aug 13:30:16 075 - Catched spinner load exception due to Expected condition failed: waiting for ICar.support.WaitUtils$4@4ccdc1df (tried for 3 second(s) with 500 milliseconds interval)</small> </font> </div>
<div class="test-event"> <font color="maroon"> <small> &emsp; &emsp;--- 06 Aug 13:30:16 075 - <b>3</b> - Spinner Load Wait: (Sync) - ICar.support.WaitUtils.waitForSpinner(WaitUtils.java:225)</small> </font> </div>
<div class="test-event"> <font color="maroon"> <small> &emsp; &emsp;--- 06 Aug 13:30:19 467 - Catched spinner load exception due to Expected condition failed: waiting for ICar.support.WaitUtils$4@4ccdc1df (tried for 3 second(s) with 500 milliseconds interval)</small> </font> </div>
<div class="test-event"> <font color="maroon"> <small> &emsp; &emsp;--- 06 Aug 13:30:19 467 - <b>3</b> - Spinner Load Wait: (Sync) - ICar.support.WaitUtils.waitForSpinner(WaitUtils.java:225)</small> </font> </div>
<div class="test-event"> <font color="maroon"> <small> &emsp; &emsp;--- 06 Aug 13:30:22 729 - Catched spinner load exception due to Expected condition failed: waiting for ICar.support.WaitUtils$4@4ccdc1df (tried for 3 second(s) with 500 milliseconds interval)</small> </font> </div>
<div class="test-event"> <font color="maroon"> <small> &emsp; &emsp;--- 06 Aug 13:30:22 729 - <b>3</b> - Spinner Load Wait: (Sync) - ICar.support.WaitUtils.waitForSpinner(WaitUtils.java:225)</small> </font> </div>
<div class="test-event"> <font color="maroon"> <small> &emsp; &emsp;--- 06 Aug 13:30:26 173 - Catched spinner load exception due to Expected condition failed: waiting for ICar.support.WaitUtils$4@4ccdc1df (tried for 3 second(s) with 500 milliseconds interval)</small> </font> </div>
<div class="test-event"> <font color="maroon"> <small> &emsp; &emsp;--- 06 Aug 13:30:26 173 - <b>3</b> - Spinner Load Wait: (Sync) - ICar.support.WaitUtils.waitForSpinner(WaitUtils.java:225)</small> </font> </div>
<div class="test-event"> <font color="maroon"> <small> &emsp; &emsp;--- 06 Aug 13:30:29 386 - Catched spinner load exception due to Expected condition failed: waiting for ICar.support.WaitUtils$4@4ccdc1df (tried for 3 second(s) with 500 milliseconds interval)</small> </font> </div>
<div class="test-event"> <font color="maroon"> <small> &emsp; &emsp;--- 06 Aug 13:30:29 386 - <b>3</b> - Spinner Load Wait: (Sync) - ICar.support.WaitUtils.waitForSpinner(WaitUtils.java:225)</small> </font> </div>
<div class="test-event"> <font color="maroon"> <small> &emsp; &emsp;--- 06 Aug 13:30:32 836 - Catched spinner load exception due to Expected condition failed: waiting for ICar.support.WaitUtils$4@4ccdc1df (tried for 3 second(s) with 500 milliseconds interval)</small> </font> </div>
<div class="test-event"> <font color="maroon"> <small> &emsp; &emsp;--- 06 Aug 13:30:32 837 - <b>3</b> - Spinner Load Wait: (Sync) - ICar.support.WaitUtils.waitForSpinner(WaitUtils.java:225)</small> </font> </div>
<div class="test-event"> <font color="maroon"> <small> &emsp; &emsp;--- 06 Aug 13:30:36 069 - Catched spinner load exception due to Expected condition failed: waiting for ICar.support.WaitUtils$4@4ccdc1df (tried for 3 second(s) with 500 milliseconds interval)</small> </font> </div>
<div class="test-event"> <font color="maroon"> <small> &emsp; &emsp;--- 06 Aug 13:30:36 069 - <b>3</b> - Spinner Load Wait: (Sync) - ICar.support.WaitUtils.waitForSpinner(WaitUtils.java:225)</small> </font> </div>
<div class="test-event"> <font color="maroon"> <small> &emsp; &emsp;--- 06 Aug 13:30:39 536 - Catched spinner load exception due to Expected condition failed: waiting for ICar.support.WaitUtils$4@4ccdc1df (tried for 3 second(s) with 500 milliseconds interval)</small> </font> </div>
<div class="test-event"> <font color="maroon"> <small> &emsp; &emsp;--- 06 Aug 13:30:39 536 - <b>3</b> - Spinner Load Wait: (Sync) - ICar.support.WaitUtils.waitForSpinner(WaitUtils.java:225)</small> </font> </div>
<div class="test-event"> <font color="maroon"> <small> &emsp; &emsp;--- 06 Aug 13:30:42 767 - Catched spinner load exception due to Expected condition failed: waiting for ICar.support.WaitUtils$4@4ccdc1df (tried for 3 second(s) with 500 milliseconds interval)</small> </font> </div>
<div class="test-event"> <font color="maroon"> <small> &emsp; &emsp;--- 06 Aug 13:30:42 767 - <b>3</b> - Spinner Load Wait: (Sync) - ICar.support.WaitUtils.waitForSpinner(WaitUtils.java:225)</small> </font> </div>
<div class="test-event"> <font color="maroon"> <small> &emsp; &emsp;--- 06 Aug 13:30:45 993 - Catched spinner load exception due to Expected condition failed: waiting for ICar.support.WaitUtils$4@4ccdc1df (tried for 3 second(s) with 500 milliseconds interval)</small> </font> </div>
<div class="test-event"> <font color="maroon"> <small> &emsp; &emsp;--- 06 Aug 13:30:45 993 - <b>3</b> - Spinner Load Wait: (Sync) - ICar.support.WaitUtils.waitForSpinner(WaitUtils.java:225)</small> </font> </div>
<div class="test-event"> <font color="maroon"> <small> &emsp; &emsp;--- 06 Aug 13:30:49 382 - Catched spinner load exception due to Expected condition failed: waiting for ICar.support.WaitUtils$4@4ccdc1df (tried for 3 second(s) with 500 milliseconds interval)</small> </font> </div>
<div class="test-event"> <font color="maroon"> <small> &emsp; &emsp;--- 06 Aug 13:30:49 382 - <b>3</b> - Spinner Load Wait: (Sync) - ICar.support.WaitUtils.waitForSpinner(WaitUtils.java:225)</small> </font> </div>
<div class="test-event"> <font color="maroon"> <small> &emsp; &emsp;--- 06 Aug 13:30:52 581 - Catched spinner load exception due to Expected condition failed: waiting for ICar.support.WaitUtils$4@4ccdc1df (tried for 3 second(s) with 500 milliseconds interval)</small> </font> </div>
<div class="test-event"> <font color="maroon"> <small> &emsp; &emsp;--- 06 Aug 13:30:52 581 - <b>3</b> - Spinner Load Wait: (Sync) - ICar.support.WaitUtils.waitForSpinner(WaitUtils.java:225)</small> </font> </div>
<div class="test-event"> <font color="maroon"> <small> &emsp; &emsp;--- 06 Aug 13:30:55 959 - Catched spinner load exception due to Expected condition failed: waiting for ICar.support.WaitUtils$4@4ccdc1df (tried for 3 second(s) with 500 milliseconds interval)</small> </font> </div>
<div class="test-event"> <font color="maroon"> <small> &emsp; &emsp;--- 06 Aug 13:30:55 959 - <b>3</b> - Spinner Load Wait: (Sync) - ICar.support.WaitUtils.waitForSpinner(WaitUtils.java:225)</small> </font> </div>
<div class="test-event"> <font color="maroon"> <small> &emsp; &emsp;--- 06 Aug 13:30:59 158 - Catched spinner load exception due to Expected condition failed: waiting for ICar.support.WaitUtils$4@4ccdc1df (tried for 3 second(s) with 500 milliseconds interval)</small> </font> </div>
<div class="test-event"> <font color="maroon"> <small> &emsp; &emsp;--- 06 Aug 13:30:59 158 - <b>3</b> - Spinner Load Wait: (Sync) - ICar.support.WaitUtils.waitForSpinner(WaitUtils.java:225)</small> </font> </div>
<div class="test-event"> <font color="maroon"> <small> &emsp; &emsp;--- 06 Aug 13:31:02 428 - Catched spinner load exception due to Expected condition failed: waiting for ICar.support.WaitUtils$4@4ccdc1df (tried for 3 second(s) with 500 milliseconds interval)</small> </font> </div>
<div class="test-event"> <font color="maroon"> <small> &emsp; &emsp;--- 06 Aug 13:31:02 428 - <b>3</b> - Spinner Load Wait: (Sync) - ICar.support.WaitUtils.waitForSpinner(WaitUtils.java:225)</small> </font> </div>
<div class="test-event"> <font color="maroon"> <small> &emsp; &emsp;--- 06 Aug 13:31:05 822 - Catched spinner load exception due to Expected condition failed: waiting for ICar.support.WaitUtils$4@4ccdc1df (tried for 3 second(s) with 500 milliseconds interval)</small> </font> </div>
<div class="test-event"> <font color="maroon"> <small> &emsp; &emsp;--- 06 Aug 13:31:05 822 - <b>3</b> - Spinner Load Wait: (Sync) - ICar.support.WaitUtils.waitForSpinner(WaitUtils.java:225)</small> </font> </div>
<div class="test-event"> <font color="maroon"> <small> &emsp; &emsp;--- 06 Aug 13:31:09 023 - Catched spinner load exception due to Expected condition failed: waiting for ICar.support.WaitUtils$4@4ccdc1df (tried for 3 second(s) with 500 milliseconds interval)</small> </font> </div>
<div class="test-event"> <font color="maroon"> <small> &emsp; &emsp;--- 06 Aug 13:31:09 023 - <b>3</b> - Spinner Load Wait: (Sync) - ICar.support.WaitUtils.waitForSpinner(WaitUtils.java:225)</small> </font> </div>
<div class="test-event"> <font color="maroon"> <small> &emsp; &emsp;--- 06 Aug 13:31:12 484 - Catched spinner load exception due to Expected condition failed: waiting for ICar.support.WaitUtils$4@4ccdc1df (tried for 3 second(s) with 500 milliseconds interval)</small> </font> </div>
<div class="test-event"> <font color="maroon"> <small> &emsp; &emsp;--- 06 Aug 13:31:12 484 - <b>3</b> - Spinner Load Wait: (Sync) - ICar.support.WaitUtils.waitForSpinner(WaitUtils.java:225)</small> </font> </div>
<div class="test-event"> <font color="maroon"> <small> &emsp; &emsp;--- 06 Aug 13:31:15 699 - Catched spinner load exception due to Expected condition failed: waiting for ICar.support.WaitUtils$4@4ccdc1df (tried for 3 second(s) with 500 milliseconds interval)</small> </font> </div>
<div class="test-event"> <font color="maroon"> <small> &emsp; &emsp;--- 06 Aug 13:31:15 700 - <b>3</b> - Spinner Load Wait: (Sync) - ICar.support.WaitUtils.waitForSpinner(WaitUtils.java:225)</small> </font> </div>
<div class="test-message">&emsp;Successfully verified the course status as 'UNENROLLED'&emsp;<a href=".\ScreenShot\ICar_VR_TC32_709121418708100.png" target="_blank" >[ScreenShot]</a></div>
<div class="test-result"><br><font color="green"><strong> Test Passed. </strong></font> </div>&emsp;
&emsp;<div class="test-title"> <strong><font size = "3" color = "#0000FF">---Test Execution Ends---</font> </strong> </div>&emsp;]]>
  </system-out>
</testsuite> <!-- CreditProcess.RefundRequestTest -->
